000 (061.000.000) 2020-12-21 22:54:06 Job submitted from host: <10.0.0.63:9618?PrivAddr=%3c10.0.0.63:9618%3fsock%3dschedd_6827_5527%3e&PrivNet=ryzen7-1700x&addrs=10.0.0.63-9618&alias=ryzen7-1700x&noUDP&sock=schedd_6827_5527>
...
040 (061.000.000) 2020-12-21 22:54:11 Started transferring input files
	Transferring to host: <10.0.0.62:9618?addrs=10.0.0.62-9618&alias=e5-2620&noUDP&sock=slot4_3111_bb18_30>
...
040 (061.000.000) 2020-12-21 22:54:13 Finished transferring input files
...
001 (061.000.000) 2020-12-21 22:54:14 Job executing on host: <10.0.0.62:9618?addrs=10.0.0.62-9618&alias=e5-2620&noUDP&sock=startd_3076_7568>
...
006 (061.000.000) 2020-12-21 22:54:22 Image size of job updated: 275648
	176  -  MemoryUsage of job (MB)
	179576  -  ResidentSetSize of job (KB)
...
006 (061.000.000) 2020-12-21 22:59:22 Image size of job updated: 328240
	225  -  MemoryUsage of job (MB)
	229624  -  ResidentSetSize of job (KB)
...
006 (061.000.000) 2020-12-21 23:02:12 Image size of job updated: 328424
	225  -  MemoryUsage of job (MB)
	229624  -  ResidentSetSize of job (KB)
...
040 (061.000.000) 2020-12-21 23:02:12 Started transferring output files
...
040 (061.000.000) 2020-12-21 23:02:13 Finished transferring output files
...
005 (061.000.000) 2020-12-21 23:02:13 Job terminated.
	(1) Normal termination (return value 0)
		Usr 0 00:07:57, Sys 0 00:00:00  -  Run Remote Usage
		Usr 0 00:00:00, Sys 0 00:00:00  -  Run Local Usage
		Usr 0 00:07:57, Sys 0 00:00:00  -  Total Remote Usage
		Usr 0 00:00:00, Sys 0 00:00:00  -  Total Local Usage
	3405884  -  Run Bytes Sent By Job
	4532560  -  Run Bytes Received By Job
	3405884  -  Total Bytes Sent By Job
	4532560  -  Total Bytes Received By Job
	Partitionable Resources :    Usage  Request Allocated 
	   Cpus                 :     1.00        1         1 
	   Disk (KB)            :  7767        4500   1939940 
	   Memory (MB)          :   225           5      4020 

	Job terminated of its own accord at 2020-12-22T04:02:37Z.
...
