#options: cpuid=1173503 frame-threads=1 no-wpp no-pmode no-pme psnr no-ssim log-level=2 bitdepth=8 input-csp=1 fps=25000/1000 input-res=768x432 interlace=0 total-frames=217 level-idc=0 high-tier=1 uhd-bd=0 ref=4 no-allow-non-conformance no-repeat-headers annexb no-aud no-hrd info hash=0 no-temporal-layers open-gop min-keyint=1 keyint=5000 bframes=15 b-adapt=2 b-pyramid bframe-bias=0 rc-lookahead=40 lookahead-slices=0 scenecut=40 no-intra-refresh ctu=64 min-cu-size=8 rect amp max-tu-size=32 tu-inter-depth=3 tu-intra-depth=3 limit-tu=4 rdoq-level=2 dynamic-rd=0.00 no-ssim-rd signhide no-tskip nr-intra=0 nr-inter=0 no-constrained-intra strong-intra-smoothing max-merge=4 limit-refs=1 limit-modes me=3 subme=4 merange=57 temporal-mvp weightp weightb no-analyze-src-pics deblock=0:0 sao no-sao-non-deblock rd=6 no-early-skip rskip no-fast-intra no-tskip-fast no-cu-lossless b-intra rdpenalty=0 psy-rd=0.00 psy-rdoq=0.00 no-rd-refine analysis-reuse-mode=0 no-lossless cbqpoffs=0 crqpoffs=0 rc=abr bitrate=2000 qcomp=0.60 qpstep=4 stats-write=1 stats-read=0 slow-firstpass ipratio=1.40 pbratio=1.30 aq-mode=1 aq-strength=0.00 cutree zone-count=0 no-strict-cbr qg-size=64 no-rc-grain qpmax=69 qpmin=0 no-const-vbv sar=0 overscan=0 videoformat=5 range=0 colorprim=2 transfer=2 colormatrix=2 chromaloc=0 display-window=0 max-cll=0,0 min-luma=0 max-luma=255 log2-max-poc-lsb=8 vui-timing-info vui-hrd-info slices=1 opt-qp-pps opt-ref-list-length-pps no-multi-pass-opt-rps scenecut-bias=0.05 no-opt-cu-delta-qp no-aq-motion no-hdr no-hdr-opt no-dhdr10-opt analysis-reuse-level=5 scale-factor=0 refine-intra=0 refine-inter=0 refine-mv=0 no-limit-sao ctu-info=0 max-tlayer=4
in:0 out:0 type:I q:21.41 q-aq:15.51 q-noVbv:21.41 q-Rceq:1.00 tex:399465 mv:33705 misc:1566 icu:1296.00 pcu:0.00 scu:0.00 tlayer:0 pbqpoffset:0.00 pbfactor:1.00 avgQpOffsetCutree:-5.80;
in:8 out:1 type:k q:20.32 q-aq:14.83 q-noVbv:20.32 q-Rceq:1.00 tex:442205 mv:34818 misc:2241 icu:884.00 pcu:397.50 scu:14.50 tlayer:0 pbqpoffset:0.00 pbfactor:1.00 avgQpOffsetCutree:-5.68;
in:4 out:2 type:B q:22.68 q-aq:19.77 q-noVbv:22.68 q-Rceq:1.00 tex:181036 mv:19781 misc:3127 icu:308.75 pcu:688.25 scu:299.00 tlayer:1 pbqpoffset:2.36 pbfactor:1.31 avgQpOffsetCutree:-2.70;
in:2 out:3 type:B q:24.21 q-aq:22.32 q-noVbv:24.21 q-Rceq:1.00 tex:40320 mv:11705 misc:3007 icu:4.00 pcu:516.75 scu:775.25 tlayer:2 pbqpoffset:3.90 pbfactor:1.57 avgQpOffsetCutree:-1.38;
in:1 out:4 type:b q:26.62 q-aq:27.00 q-noVbv:26.62 q-Rceq:1.00 tex:3632 mv:2969 misc:1167 icu:0.00 pcu:480.00 scu:816.00 tlayer:3 pbqpoffset:6.31 pbfactor:2.07 avgQpOffsetCutree:0.00;
in:3 out:5 type:b q:25.33 q-aq:25.04 q-noVbv:25.33 q-Rceq:1.00 tex:19743 mv:7726 misc:2099 icu:8.00 pcu:539.75 scu:748.25 tlayer:3 pbqpoffset:5.01 pbfactor:1.78 avgQpOffsetCutree:0.00;
in:6 out:6 type:B q:23.51 q-aq:21.29 q-noVbv:23.51 q-Rceq:1.00 tex:74661 mv:14806 misc:3013 icu:246.25 pcu:655.75 scu:394.00 tlayer:2 pbqpoffset:3.19 pbfactor:1.45 avgQpOffsetCutree:-2.12;
in:5 out:7 type:b q:25.52 q-aq:26.00 q-noVbv:25.52 q-Rceq:1.00 tex:13985 mv:5731 misc:1476 icu:0.00 pcu:510.00 scu:786.00 tlayer:3 pbqpoffset:5.21 pbfactor:1.82 avgQpOffsetCutree:0.00;
in:7 out:8 type:b q:25.48 q-aq:25.68 q-noVbv:25.48 q-Rceq:1.00 tex:11161 mv:5851 misc:1812 icu:13.00 pcu:617.25 scu:665.75 tlayer:3 pbqpoffset:5.16 pbfactor:1.81 avgQpOffsetCutree:0.00;
in:12 out:9 type:k q:22.75 q-aq:16.46 q-noVbv:22.75 q-Rceq:1.00 tex:277461 mv:26015 misc:2644 icu:577.25 pcu:641.00 scu:77.75 tlayer:0 pbqpoffset:0.00 pbfactor:1.00 avgQpOffsetCutree:-5.97;
in:10 out:10 type:B q:23.22 q-aq:21.51 q-noVbv:23.22 q-Rceq:1.00 tex:59161 mv:14028 misc:3331 icu:81.25 pcu:667.25 scu:547.50 tlayer:1 pbqpoffset:1.68 pbfactor:1.21 avgQpOffsetCutree:-1.90;
in:9 out:11 type:b q:23.74 q-aq:24.00 q-noVbv:23.74 q-Rceq:1.00 tex:35449 mv:7981 misc:1786 icu:1.00 pcu:563.25 scu:731.75 tlayer:2 pbqpoffset:2.81 pbfactor:1.38 avgQpOffsetCutree:0.00;
in:11 out:12 type:b q:24.96 q-aq:25.00 q-noVbv:24.96 q-Rceq:1.00 tex:15905 mv:6177 misc:1710 icu:0.00 pcu:508.00 scu:788.00 tlayer:2 pbqpoffset:2.81 pbfactor:1.38 avgQpOffsetCutree:0.00;
in:21 out:13 type:k q:23.78 q-aq:18.10 q-noVbv:23.78 q-Rceq:1.00 tex:322933 mv:36126 misc:2173 icu:896.50 pcu:395.25 scu:4.25 tlayer:0 pbqpoffset:0.00 pbfactor:1.00 avgQpOffsetCutree:-5.94;
in:17 out:14 type:B q:25.01 q-aq:20.79 q-noVbv:25.01 q-Rceq:1.00 tex:173575 mv:20788 misc:2877 icu:524.25 pcu:632.75 scu:139.00 tlayer:1 pbqpoffset:1.69 pbfactor:1.22 avgQpOffsetCutree:-4.00;
in:15 out:15 type:B q:25.05 q-aq:23.78 q-noVbv:25.05 q-Rceq:1.00 tex:89449 mv:16554 misc:2941 icu:74.50 pcu:826.50 scu:395.00 tlayer:2 pbqpoffset:1.96 pbfactor:1.25 avgQpOffsetCutree:-1.57;
in:14 out:16 type:B q:26.10 q-aq:25.15 q-noVbv:26.10 q-Rceq:1.00 tex:23858 mv:8870 misc:2768 icu:20.25 pcu:714.50 scu:561.25 tlayer:3 pbqpoffset:3.11 pbfactor:1.43 avgQpOffsetCutree:-1.29;
in:13 out:17 type:b q:27.56 q-aq:28.00 q-noVbv:27.56 q-Rceq:1.00 tex:7064 mv:4376 misc:1280 icu:8.00 pcu:519.25 scu:768.75 tlayer:4 pbqpoffset:4.69 pbfactor:1.72 avgQpOffsetCutree:0.00;
in:16 out:18 type:b q:27.21 q-aq:27.10 q-noVbv:27.21 q-Rceq:1.00 tex:14353 mv:4163 misc:1860 icu:1.25 pcu:416.00 scu:878.75 tlayer:3 pbqpoffset:4.00 pbfactor:1.59 avgQpOffsetCutree:0.00;
in:19 out:19 type:B q:26.26 q-aq:24.70 q-noVbv:26.26 q-Rceq:1.00 tex:44307 mv:11120 misc:2701 icu:64.50 pcu:661.50 scu:570.00 tlayer:2 pbqpoffset:2.71 pbfactor:1.37 avgQpOffsetCutree:-1.74;
in:18 out:20 type:b q:28.11 q-aq:28.00 q-noVbv:28.11 q-Rceq:1.00 tex:13958 mv:5428 misc:1478 icu:0.00 pcu:512.75 scu:783.25 tlayer:3 pbqpoffset:4.67 pbfactor:1.72 avgQpOffsetCutree:0.00;
in:20 out:21 type:b q:28.44 q-aq:28.82 q-noVbv:28.44 q-Rceq:1.00 tex:3275 mv:3120 misc:1181 icu:0.00 pcu:496.25 scu:799.75 tlayer:3 pbqpoffset:4.78 pbfactor:1.74 avgQpOffsetCutree:0.00;
in:29 out:22 type:k q:24.44 q-aq:18.67 q-noVbv:24.44 q-Rceq:1.00 tex:284293 mv:34243 misc:2608 icu:697.25 pcu:562.75 scu:36.00 tlayer:0 pbqpoffset:0.00 pbfactor:1.00 avgQpOffsetCutree:-5.91;
in:25 out:23 type:B q:26.06 q-aq:22.46 q-noVbv:26.06 q-Rceq:1.00 tex:96317 mv:17880 misc:3387 icu:122.50 pcu:890.25 scu:283.25 tlayer:1 pbqpoffset:1.95 pbfactor:1.25 avgQpOffsetCutree:-3.43;
in:23 out:24 type:B q:26.96 q-aq:25.51 q-noVbv:26.96 q-Rceq:1.00 tex:36460 mv:10940 misc:2744 icu:14.75 pcu:704.75 scu:576.50 tlayer:2 pbqpoffset:3.02 pbfactor:1.42 avgQpOffsetCutree:-1.56;
in:22 out:25 type:b q:28.59 q-aq:29.00 q-noVbv:28.59 q-Rceq:1.00 tex:4997 mv:3208 misc:1131 icu:0.00 pcu:538.00 scu:758.00 tlayer:3 pbqpoffset:4.73 pbfactor:1.73 avgQpOffsetCutree:0.00;
in:24 out:26 type:b q:28.58 q-aq:29.00 q-noVbv:28.58 q-Rceq:1.00 tex:2930 mv:3053 misc:985 icu:4.25 pcu:523.50 scu:768.25 tlayer:3 pbqpoffset:4.55 pbfactor:1.69 avgQpOffsetCutree:0.00;
in:27 out:27 type:B q:27.00 q-aq:25.03 q-noVbv:27.00 q-Rceq:1.00 tex:31854 mv:10667 misc:3063 icu:54.50 pcu:692.00 scu:549.50 tlayer:2 pbqpoffset:2.73 pbfactor:1.37 avgQpOffsetCutree:-1.96;
in:26 out:28 type:b q:28.73 q-aq:29.00 q-noVbv:28.73 q-Rceq:1.00 tex:3677 mv:3109 misc:966 icu:0.00 pcu:536.75 scu:759.25 tlayer:3 pbqpoffset:4.54 pbfactor:1.69 avgQpOffsetCutree:0.00;
in:28 out:29 type:b q:28.73 q-aq:29.00 q-noVbv:28.73 q-Rceq:1.00 tex:2530 mv:2638 misc:944 icu:0.00 pcu:520.25 scu:775.75 tlayer:3 pbqpoffset:4.37 pbfactor:1.66 avgQpOffsetCutree:0.00;
in:39 out:30 type:k q:24.36 q-aq:18.16 q-noVbv:24.36 q-Rceq:1.00 tex:334145 mv:36479 misc:2248 icu:874.75 pcu:417.25 scu:4.00 tlayer:0 pbqpoffset:0.00 pbfactor:1.00 avgQpOffsetCutree:-6.47;
in:34 out:31 type:B q:26.41 q-aq:22.15 q-noVbv:26.41 q-Rceq:1.00 tex:142424 mv:22230 misc:2938 icu:376.25 pcu:800.00 scu:119.75 tlayer:1 pbqpoffset:2.01 pbfactor:1.26 avgQpOffsetCutree:-4.01;
in:32 out:32 type:B q:27.35 q-aq:25.21 q-noVbv:27.35 q-Rceq:1.00 tex:71934 mv:12050 misc:3184 icu:37.00 pcu:657.25 scu:601.75 tlayer:2 pbqpoffset:2.94 pbfactor:1.40 avgQpOffsetCutree:-2.08;
in:31 out:33 type:B q:27.48 q-aq:27.08 q-noVbv:27.48 q-Rceq:1.00 tex:32016 mv:10428 misc:2932 icu:52.50 pcu:709.75 scu:533.75 tlayer:3 pbqpoffset:3.06 pbfactor:1.42 avgQpOffsetCutree:-0.77;
in:30 out:34 type:b q:30.16 q-aq:30.00 q-noVbv:30.16 q-Rceq:1.00 tex:2578 mv:2821 misc:929 icu:5.00 pcu:531.00 scu:760.00 tlayer:4 pbqpoffset:5.73 pbfactor:1.94 avgQpOffsetCutree:0.00;
in:33 out:35 type:b q:30.50 q-aq:31.00 q-noVbv:30.50 q-Rceq:1.00 tex:1462 mv:2526 misc:828 icu:0.00 pcu:491.75 scu:804.25 tlayer:3 pbqpoffset:6.09 pbfactor:2.02 avgQpOffsetCutree:0.00;
in:37 out:36 type:B q:27.61 q-aq:25.02 q-noVbv:27.61 q-Rceq:1.00 tex:33038 mv:11554 misc:2976 icu:17.00 pcu:715.75 scu:563.25 tlayer:2 pbqpoffset:3.23 pbfactor:1.45 avgQpOffsetCutree:-2.14;
in:36 out:37 type:B q:28.12 q-aq:27.50 q-noVbv:28.12 q-Rceq:1.00 tex:13338 mv:7225 misc:1925 icu:1.00 pcu:594.25 scu:700.75 tlayer:3 pbqpoffset:3.73 pbfactor:1.54 avgQpOffsetCutree:-0.73;
in:35 out:38 type:b q:30.20 q-aq:30.15 q-noVbv:30.20 q-Rceq:1.00 tex:2454 mv:2838 misc:876 icu:8.00 pcu:546.00 scu:742.00 tlayer:4 pbqpoffset:5.81 pbfactor:1.96 avgQpOffsetCutree:0.00;
in:38 out:39 type:b q:30.11 q-aq:30.00 q-noVbv:30.11 q-Rceq:1.00 tex:1907 mv:2453 misc:808 icu:0.00 pcu:459.25 scu:836.75 tlayer:3 pbqpoffset:5.74 pbfactor:1.94 avgQpOffsetCutree:0.00;
in:48 out:40 type:k q:24.49 q-aq:18.06 q-noVbv:24.49 q-Rceq:1.00 tex:373118 mv:40620 misc:1622 icu:979.50 pcu:315.25 scu:1.25 tlayer:0 pbqpoffset:0.00 pbfactor:1.00 avgQpOffsetCutree:-6.67;
in:44 out:41 type:B q:26.51 q-aq:22.21 q-noVbv:26.51 q-Rceq:1.00 tex:143893 mv:21929 misc:3058 icu:311.25 pcu:781.25 scu:203.50 tlayer:1 pbqpoffset:2.08 pbfactor:1.27 avgQpOffsetCutree:-4.05;
in:42 out:42 type:B q:27.65 q-aq:24.90 q-noVbv:27.65 q-Rceq:1.00 tex:48267 mv:12281 misc:2804 icu:31.50 pcu:724.75 scu:539.75 tlayer:2 pbqpoffset:3.25 pbfactor:1.46 avgQpOffsetCutree:-2.46;
in:41 out:43 type:B q:28.22 q-aq:27.07 q-noVbv:28.22 q-Rceq:1.00 tex:13425 mv:8528 misc:2575 icu:13.00 pcu:655.25 scu:627.75 tlayer:3 pbqpoffset:3.83 pbfactor:1.56 avgQpOffsetCutree:-1.36;
in:40 out:44 type:b q:30.28 q-aq:30.16 q-noVbv:30.28 q-Rceq:1.00 tex:2132 mv:2792 misc:964 icu:0.00 pcu:422.00 scu:874.00 tlayer:4 pbqpoffset:5.91 pbfactor:1.98 avgQpOffsetCutree:0.00;
in:43 out:45 type:b q:30.14 q-aq:30.00 q-noVbv:30.14 q-Rceq:1.00 tex:1578 mv:2478 misc:936 icu:0.00 pcu:428.25 scu:867.75 tlayer:3 pbqpoffset:5.72 pbfactor:1.94 avgQpOffsetCutree:0.00;
in:46 out:46 type:B q:27.50 q-aq:25.36 q-noVbv:27.50 q-Rceq:1.00 tex:44779 mv:11323 misc:3618 icu:62.25 pcu:821.50 scu:412.25 tlayer:2 pbqpoffset:3.04 pbfactor:1.42 avgQpOffsetCutree:-2.03;
in:45 out:47 type:b q:29.94 q-aq:30.00 q-noVbv:29.94 q-Rceq:1.00 tex:2104 mv:2971 misc:1069 icu:8.00 pcu:583.50 scu:704.50 tlayer:3 pbqpoffset:5.49 pbfactor:1.89 avgQpOffsetCutree:0.00;
in:47 out:48 type:b q:28.89 q-aq:29.00 q-noVbv:28.89 q-Rceq:1.00 tex:13629 mv:5041 misc:2154 icu:5.00 pcu:783.25 scu:507.75 tlayer:3 pbqpoffset:4.42 pbfactor:1.67 avgQpOffsetCutree:0.00;
in:57 out:49 type:k q:24.46 q-aq:17.57 q-noVbv:24.46 q-Rceq:1.00 tex:344174 mv:42513 misc:2625 icu:656.25 pcu:598.00 scu:41.75 tlayer:0 pbqpoffset:0.00 pbfactor:1.00 avgQpOffsetCutree:-6.94;
in:53 out:50 type:B q:26.76 q-aq:22.76 q-noVbv:26.76 q-Rceq:1.00 tex:104537 mv:19886 misc:3545 icu:101.50 pcu:873.75 scu:320.75 tlayer:1 pbqpoffset:2.29 pbfactor:1.30 avgQpOffsetCutree:-3.56;
in:51 out:51 type:B q:27.70 q-aq:25.46 q-noVbv:27.70 q-Rceq:1.00 tex:33316 mv:12233 misc:3259 icu:7.50 pcu:713.50 scu:575.00 tlayer:2 pbqpoffset:3.22 pbfactor:1.45 avgQpOffsetCutree:-1.90;
in:50 out:52 type:B q:28.32 q-aq:27.74 q-noVbv:28.32 q-Rceq:1.00 tex:9732 mv:7031 misc:2061 icu:4.00 pcu:569.25 scu:722.75 tlayer:3 pbqpoffset:3.83 pbfactor:1.56 avgQpOffsetCutree:-0.65;
in:49 out:53 type:b q:30.14 q-aq:30.00 q-noVbv:30.14 q-Rceq:1.00 tex:1713 mv:2729 misc:750 icu:0.00 pcu:530.50 scu:765.50 tlayer:4 pbqpoffset:5.66 pbfactor:1.92 avgQpOffsetCutree:0.00;
in:52 out:54 type:b q:29.46 q-aq:29.63 q-noVbv:29.46 q-Rceq:1.00 tex:1712 mv:2847 misc:1017 icu:0.00 pcu:551.25 scu:744.75 tlayer:3 pbqpoffset:4.98 pbfactor:1.78 avgQpOffsetCutree:0.00;
in:55 out:55 type:B q:27.66 q-aq:25.38 q-noVbv:27.66 q-Rceq:1.00 tex:32001 mv:11102 misc:3041 icu:14.25 pcu:669.75 scu:612.00 tlayer:2 pbqpoffset:3.19 pbfactor:1.45 avgQpOffsetCutree:-2.18;
in:54 out:56 type:b q:29.24 q-aq:29.03 q-noVbv:29.24 q-Rceq:1.00 tex:4979 mv:4055 misc:1230 icu:4.25 pcu:640.75 scu:651.00 tlayer:3 pbqpoffset:4.77 pbfactor:1.73 avgQpOffsetCutree:0.00;
in:56 out:57 type:b q:29.19 q-aq:29.02 q-noVbv:29.19 q-Rceq:1.00 tex:2662 mv:4159 misc:1403 icu:0.00 pcu:586.75 scu:709.25 tlayer:3 pbqpoffset:4.73 pbfactor:1.73 avgQpOffsetCutree:0.00;
in:61 out:58 type:k q:25.47 q-aq:18.95 q-noVbv:25.47 q-Rceq:1.00 tex:225906 mv:24906 misc:3428 icu:202.00 pcu:745.25 scu:348.75 tlayer:0 pbqpoffset:0.00 pbfactor:1.00 avgQpOffsetCutree:-5.87;
in:59 out:59 type:B q:26.75 q-aq:24.95 q-noVbv:26.75 q-Rceq:1.00 tex:28896 mv:11810 misc:2974 icu:2.50 pcu:638.50 scu:655.00 tlayer:1 pbqpoffset:1.78 pbfactor:1.23 avgQpOffsetCutree:-1.63;
in:58 out:60 type:b q:27.63 q-aq:28.00 q-noVbv:27.63 q-Rceq:1.00 tex:8228 mv:3991 misc:1421 icu:0.00 pcu:539.50 scu:756.50 tlayer:2 pbqpoffset:2.92 pbfactor:1.40 avgQpOffsetCutree:0.00;
in:60 out:61 type:b q:28.14 q-aq:28.04 q-noVbv:28.14 q-Rceq:1.00 tex:6563 mv:5197 misc:1584 icu:4.00 pcu:575.75 scu:716.25 tlayer:2 pbqpoffset:2.92 pbfactor:1.40 avgQpOffsetCutree:0.00;
in:69 out:62 type:k q:25.27 q-aq:18.53 q-noVbv:25.27 q-Rceq:1.00 tex:353194 mv:37603 misc:2643 icu:753.25 pcu:539.00 scu:3.75 tlayer:0 pbqpoffset:0.00 pbfactor:1.00 avgQpOffsetCutree:-7.02;
in:65 out:63 type:B q:27.21 q-aq:23.00 q-noVbv:27.21 q-Rceq:1.00 tex:124741 mv:21656 misc:3387 icu:175.25 pcu:889.50 scu:231.25 tlayer:1 pbqpoffset:1.85 pbfactor:1.24 avgQpOffsetCutree:-3.86;
in:63 out:64 type:B q:28.19 q-aq:27.63 q-noVbv:28.19 q-Rceq:1.00 tex:22365 mv:10571 misc:3192 icu:11.75 pcu:803.25 scu:481.00 tlayer:2 pbqpoffset:2.77 pbfactor:1.38 avgQpOffsetCutree:-0.90;
in:62 out:65 type:b q:30.35 q-aq:30.16 q-noVbv:30.35 q-Rceq:1.00 tex:3435 mv:3312 misc:1005 icu:9.00 pcu:594.50 scu:692.50 tlayer:3 pbqpoffset:4.90 pbfactor:1.76 avgQpOffsetCutree:0.00;
in:64 out:66 type:b q:28.97 q-aq:29.00 q-noVbv:28.97 q-Rceq:1.00 tex:9884 mv:4191 misc:2197 icu:0.50 pcu:467.25 scu:828.25 tlayer:3 pbqpoffset:3.57 pbfactor:1.51 avgQpOffsetCutree:0.00;
in:67 out:67 type:B q:28.32 q-aq:26.41 q-noVbv:28.32 q-Rceq:1.00 tex:26506 mv:11658 misc:2684 icu:1.25 pcu:777.75 scu:517.00 tlayer:2 pbqpoffset:3.00 pbfactor:1.41 avgQpOffsetCutree:-1.92;
in:66 out:68 type:b q:30.02 q-aq:30.00 q-noVbv:30.02 q-Rceq:1.00 tex:2241 mv:2968 misc:1007 icu:0.50 pcu:563.00 scu:732.50 tlayer:3 pbqpoffset:4.68 pbfactor:1.72 avgQpOffsetCutree:0.00;
in:68 out:69 type:b q:29.83 q-aq:30.00 q-noVbv:29.83 q-Rceq:1.00 tex:1347 mv:3449 misc:1020 icu:0.00 pcu:615.50 scu:680.50 tlayer:3 pbqpoffset:4.54 pbfactor:1.69 avgQpOffsetCutree:0.00;
in:80 out:70 type:k q:24.58 q-aq:17.95 q-noVbv:24.58 q-Rceq:1.00 tex:435906 mv:48072 misc:1750 icu:904.25 pcu:388.25 scu:3.50 tlayer:0 pbqpoffset:0.55 pbfactor:1.07 avgQpOffsetCutree:-7.20;
in:75 out:71 type:B q:27.18 q-aq:22.22 q-noVbv:27.18 q-Rceq:1.00 tex:170343 mv:26023 misc:3346 icu:103.00 pcu:918.25 scu:274.75 tlayer:1 pbqpoffset:2.29 pbfactor:1.30 avgQpOffsetCutree:-4.59;
in:72 out:72 type:B q:28.62 q-aq:25.78 q-noVbv:28.62 q-Rceq:1.00 tex:43886 mv:14808 misc:3458 icu:5.75 pcu:670.75 scu:619.50 tlayer:2 pbqpoffset:3.54 pbfactor:1.51 avgQpOffsetCutree:-2.28;
in:71 out:73 type:B q:29.12 q-aq:28.42 q-noVbv:29.12 q-Rceq:1.00 tex:9113 mv:7290 misc:1981 icu:0.50 pcu:701.25 scu:594.25 tlayer:3 pbqpoffset:3.98 pbfactor:1.58 avgQpOffsetCutree:-0.70;
in:70 out:74 type:b q:31.50 q-aq:31.96 q-noVbv:31.50 q-Rceq:1.00 tex:668 mv:2952 misc:764 icu:0.25 pcu:593.25 scu:702.50 tlayer:4 pbqpoffset:6.30 pbfactor:2.07 avgQpOffsetCutree:0.00;
in:74 out:75 type:B q:28.93 q-aq:27.82 q-noVbv:28.93 q-Rceq:1.00 tex:8876 mv:7604 misc:2360 icu:0.00 pcu:634.00 scu:662.00 tlayer:3 pbqpoffset:3.98 pbfactor:1.58 avgQpOffsetCutree:-1.35;
in:73 out:76 type:b q:31.17 q-aq:31.00 q-noVbv:31.17 q-Rceq:1.00 tex:1632 mv:2714 misc:814 icu:0.00 pcu:521.50 scu:774.50 tlayer:4 pbqpoffset:6.16 pbfactor:2.04 avgQpOffsetCutree:0.00;
in:78 out:77 type:B q:27.56 q-aq:24.53 q-noVbv:27.56 q-Rceq:1.00 tex:76015 mv:17172 misc:3925 icu:210.25 pcu:799.00 scu:286.75 tlayer:2 pbqpoffset:2.86 pbfactor:1.39 avgQpOffsetCutree:-2.76;
in:77 out:78 type:B q:28.74 q-aq:28.00 q-noVbv:28.74 q-Rceq:1.00 tex:12074 mv:7766 misc:2256 icu:1.75 pcu:600.25 scu:694.00 tlayer:3 pbqpoffset:3.98 pbfactor:1.58 avgQpOffsetCutree:-0.73;
in:76 out:79 type:b q:30.46 q-aq:30.75 q-noVbv:30.46 q-Rceq:1.00 tex:2086 mv:3121 misc:1025 icu:5.25 pcu:623.25 scu:667.50 tlayer:4 pbqpoffset:5.63 pbfactor:1.92 avgQpOffsetCutree:0.00;
in:79 out:80 type:b q:29.30 q-aq:29.13 q-noVbv:29.30 q-Rceq:1.00 tex:10432 mv:5816 misc:2392 icu:1.00 pcu:510.50 scu:784.50 tlayer:3 pbqpoffset:4.66 pbfactor:1.71 avgQpOffsetCutree:0.00;
in:89 out:81 type:k q:24.63 q-aq:18.30 q-noVbv:24.63 q-Rceq:1.00 tex:377434 mv:48529 misc:2933 icu:512.50 pcu:691.75 scu:91.75 tlayer:0 pbqpoffset:0.68 pbfactor:1.08 avgQpOffsetCutree:-6.78;
in:85 out:82 type:B q:26.95 q-aq:22.45 q-noVbv:26.95 q-Rceq:1.00 tex:106761 mv:24290 misc:3677 icu:59.00 pcu:885.50 scu:351.50 tlayer:1 pbqpoffset:2.34 pbfactor:1.31 avgQpOffsetCutree:-4.02;
in:83 out:83 type:B q:27.75 q-aq:25.02 q-noVbv:27.75 q-Rceq:1.00 tex:40581 mv:14184 misc:3331 icu:7.00 pcu:775.25 scu:513.75 tlayer:2 pbqpoffset:3.16 pbfactor:1.44 avgQpOffsetCutree:-2.18;
in:82 out:84 type:B q:28.48 q-aq:27.57 q-noVbv:28.48 q-Rceq:1.00 tex:9466 mv:8158 misc:2336 icu:0.00 pcu:706.50 scu:589.50 tlayer:3 pbqpoffset:3.89 pbfactor:1.57 avgQpOffsetCutree:-0.77;
in:81 out:85 type:b q:29.65 q-aq:30.00 q-noVbv:29.65 q-Rceq:1.00 tex:976 mv:3123 misc:837 icu:0.00 pcu:617.00 scu:679.00 tlayer:4 pbqpoffset:5.07 pbfactor:1.80 avgQpOffsetCutree:0.00;
in:84 out:86 type:b q:29.53 q-aq:30.00 q-noVbv:29.53 q-Rceq:1.00 tex:1974 mv:3315 misc:1007 icu:0.00 pcu:708.75 scu:587.25 tlayer:3 pbqpoffset:4.92 pbfactor:1.77 avgQpOffsetCutree:0.00;
in:87 out:87 type:B q:28.08 q-aq:25.90 q-noVbv:28.08 q-Rceq:1.00 tex:23570 mv:11620 misc:2922 icu:0.25 pcu:697.25 scu:598.50 tlayer:2 pbqpoffset:3.46 pbfactor:1.49 avgQpOffsetCutree:-1.92;
in:86 out:88 type:b q:29.53 q-aq:30.00 q-noVbv:29.53 q-Rceq:1.00 tex:1626 mv:3350 misc:960 icu:0.00 pcu:702.00 scu:594.00 tlayer:3 pbqpoffset:4.92 pbfactor:1.76 avgQpOffsetCutree:0.00;
in:88 out:89 type:b q:29.35 q-aq:29.11 q-noVbv:29.35 q-Rceq:1.00 tex:2477 mv:3935 misc:1228 icu:0.50 pcu:637.25 scu:658.25 tlayer:3 pbqpoffset:4.72 pbfactor:1.73 avgQpOffsetCutree:0.00;
in:93 out:90 type:k q:25.82 q-aq:19.73 q-noVbv:25.82 q-Rceq:1.00 tex:238405 mv:31137 misc:3698 icu:302.00 pcu:864.50 scu:129.50 tlayer:0 pbqpoffset:0.69 pbfactor:1.08 avgQpOffsetCutree:-6.15;
in:91 out:91 type:B q:27.09 q-aq:25.09 q-noVbv:27.09 q-Rceq:1.00 tex:35432 mv:14840 misc:3696 icu:8.25 pcu:797.25 scu:490.50 tlayer:1 pbqpoffset:1.86 pbfactor:1.24 avgQpOffsetCutree:-1.96;
in:90 out:92 type:b q:27.93 q-aq:28.00 q-noVbv:27.93 q-Rceq:1.00 tex:6004 mv:4966 misc:1598 icu:0.00 pcu:669.00 scu:627.00 tlayer:2 pbqpoffset:3.00 pbfactor:1.41 avgQpOffsetCutree:0.00;
in:92 out:93 type:b q:28.52 q-aq:29.00 q-noVbv:28.52 q-Rceq:1.00 tex:3348 mv:4381 misc:1415 icu:0.00 pcu:692.50 scu:603.50 tlayer:2 pbqpoffset:3.00 pbfactor:1.41 avgQpOffsetCutree:0.00;
in:101 out:94 type:k q:25.01 q-aq:18.62 q-noVbv:25.01 q-Rceq:1.00 tex:409562 mv:44775 misc:2775 icu:661.75 pcu:631.00 scu:3.25 tlayer:0 pbqpoffset:0.73 pbfactor:1.09 avgQpOffsetCutree:-7.25;
in:97 out:95 type:B q:27.69 q-aq:23.46 q-noVbv:27.69 q-Rceq:1.00 tex:134167 mv:26134 misc:3883 icu:57.50 pcu:991.25 scu:247.25 tlayer:1 pbqpoffset:2.28 pbfactor:1.30 avgQpOffsetCutree:-3.86;
in:95 out:96 type:B q:28.89 q-aq:28.14 q-noVbv:28.89 q-Rceq:1.00 tex:32564 mv:12238 misc:3294 icu:9.50 pcu:771.50 scu:515.00 tlayer:2 pbqpoffset:3.27 pbfactor:1.46 avgQpOffsetCutree:-0.98;
in:94 out:97 type:b q:31.43 q-aq:31.43 q-noVbv:31.43 q-Rceq:1.00 tex:2117 mv:3229 misc:1038 icu:0.25 pcu:677.25 scu:618.50 tlayer:3 pbqpoffset:5.71 pbfactor:1.93 avgQpOffsetCutree:0.00;
in:96 out:98 type:b q:29.82 q-aq:30.00 q-noVbv:29.82 q-Rceq:1.00 tex:3807 mv:3835 misc:1878 icu:1.50 pcu:617.00 scu:677.50 tlayer:3 pbqpoffset:4.30 pbfactor:1.64 avgQpOffsetCutree:0.00;
in:99 out:99 type:B q:29.06 q-aq:27.08 q-noVbv:29.06 q-Rceq:1.00 tex:16932 mv:12350 misc:2894 icu:11.25 pcu:757.25 scu:527.50 tlayer:2 pbqpoffset:3.84 pbfactor:1.56 avgQpOffsetCutree:-1.72;
in:98 out:100 type:b q:31.01 q-aq:31.00 q-noVbv:31.01 q-Rceq:1.00 tex:1128 mv:3123 misc:853 icu:0.00 pcu:649.75 scu:646.25 tlayer:3 pbqpoffset:5.69 pbfactor:1.93 avgQpOffsetCutree:0.00;
in:100 out:101 type:b q:30.73 q-aq:31.00 q-noVbv:30.73 q-Rceq:1.00 tex:1490 mv:3080 misc:894 icu:4.00 pcu:697.75 scu:594.25 tlayer:3 pbqpoffset:5.62 pbfactor:1.91 avgQpOffsetCutree:0.00;
in:106 out:102 type:k q:25.64 q-aq:18.96 q-noVbv:25.64 q-Rceq:1.00 tex:280133 mv:34937 misc:3738 icu:226.25 pcu:894.25 scu:175.50 tlayer:0 pbqpoffset:0.83 pbfactor:1.10 avgQpOffsetCutree:-6.80;
in:104 out:103 type:B q:27.44 q-aq:24.62 q-noVbv:27.44 q-Rceq:1.00 tex:38696 mv:17616 misc:3520 icu:8.00 pcu:807.00 scu:481.00 tlayer:1 pbqpoffset:2.05 pbfactor:1.27 avgQpOffsetCutree:-2.61;
in:103 out:104 type:B q:27.72 q-aq:27.16 q-noVbv:27.72 q-Rceq:1.00 tex:19696 mv:11042 misc:2294 icu:0.25 pcu:790.75 scu:505.00 tlayer:2 pbqpoffset:2.46 pbfactor:1.33 avgQpOffsetCutree:-0.81;
in:102 out:105 type:b q:28.42 q-aq:28.50 q-noVbv:28.42 q-Rceq:1.00 tex:7538 mv:5770 misc:1764 icu:0.00 pcu:755.00 scu:541.00 tlayer:3 pbqpoffset:3.28 pbfactor:1.46 avgQpOffsetCutree:0.00;
in:105 out:106 type:b q:28.75 q-aq:29.00 q-noVbv:28.75 q-Rceq:1.00 tex:4470 mv:5021 misc:1333 icu:0.00 pcu:727.25 scu:568.75 tlayer:2 pbqpoffset:3.24 pbfactor:1.45 avgQpOffsetCutree:0.00;
in:112 out:107 type:k q:26.20 q-aq:19.93 q-noVbv:26.20 q-Rceq:1.00 tex:415973 mv:45820 misc:2599 icu:758.00 pcu:533.75 scu:4.25 tlayer:0 pbqpoffset:0.70 pbfactor:1.08 avgQpOffsetCutree:-7.11;
in:109 out:108 type:B q:28.39 q-aq:24.34 q-noVbv:28.39 q-Rceq:1.00 tex:72899 mv:21318 misc:4463 icu:109.50 pcu:878.50 scu:308.00 tlayer:1 pbqpoffset:2.47 pbfactor:1.33 avgQpOffsetCutree:-3.69;
in:108 out:109 type:B q:29.71 q-aq:28.93 q-noVbv:29.71 q-Rceq:1.00 tex:6971 mv:7183 misc:1750 icu:1.50 pcu:776.50 scu:518.00 tlayer:2 pbqpoffset:3.88 pbfactor:1.57 avgQpOffsetCutree:-1.08;
in:107 out:110 type:b q:30.94 q-aq:31.00 q-noVbv:30.94 q-Rceq:1.00 tex:2788 mv:4283 misc:1097 icu:4.00 pcu:748.00 scu:544.00 tlayer:3 pbqpoffset:5.20 pbfactor:1.82 avgQpOffsetCutree:0.00;
in:111 out:111 type:B q:29.37 q-aq:28.76 q-noVbv:29.37 q-Rceq:1.00 tex:9349 mv:8935 misc:3140 icu:2.25 pcu:778.00 scu:515.75 tlayer:2 pbqpoffset:3.26 pbfactor:1.46 avgQpOffsetCutree:-0.87;
in:110 out:112 type:b q:31.77 q-aq:32.00 q-noVbv:31.77 q-Rceq:1.00 tex:1751 mv:3475 misc:806 icu:0.00 pcu:706.50 scu:589.50 tlayer:3 pbqpoffset:5.76 pbfactor:1.95 avgQpOffsetCutree:0.00;
in:117 out:113 type:k q:25.70 q-aq:18.69 q-noVbv:25.70 q-Rceq:1.00 tex:337089 mv:39569 misc:3854 icu:147.00 pcu:927.75 scu:221.25 tlayer:0 pbqpoffset:0.83 pbfactor:1.10 avgQpOffsetCutree:-6.99;
in:115 out:114 type:B q:28.04 q-aq:25.52 q-noVbv:28.04 q-Rceq:1.00 tex:27112 mv:16034 misc:3694 icu:0.75 pcu:785.75 scu:509.50 tlayer:1 pbqpoffset:2.14 pbfactor:1.28 avgQpOffsetCutree:-2.10;
in:114 out:115 type:B q:28.60 q-aq:27.96 q-noVbv:28.60 q-Rceq:1.00 tex:11804 mv:9191 misc:2269 icu:0.00 pcu:751.00 scu:545.00 tlayer:2 pbqpoffset:2.60 pbfactor:1.35 avgQpOffsetCutree:-0.91;
in:113 out:116 type:b q:29.46 q-aq:29.62 q-noVbv:29.46 q-Rceq:1.00 tex:3111 mv:3932 misc:1077 icu:0.00 pcu:792.50 scu:503.50 tlayer:3 pbqpoffset:3.36 pbfactor:1.47 avgQpOffsetCutree:0.00;
in:116 out:117 type:b q:29.06 q-aq:29.00 q-noVbv:29.06 q-Rceq:1.00 tex:4011 mv:4922 misc:1203 icu:0.50 pcu:828.50 scu:467.00 tlayer:2 pbqpoffset:3.26 pbfactor:1.46 avgQpOffsetCutree:0.00;
in:122 out:118 type:k q:25.85 q-aq:19.07 q-noVbv:25.85 q-Rceq:1.00 tex:278761 mv:36690 misc:3845 icu:260.50 pcu:916.00 scu:119.50 tlayer:0 pbqpoffset:0.83 pbfactor:1.10 avgQpOffsetCutree:-6.96;
in:120 out:119 type:B q:27.76 q-aq:25.24 q-noVbv:27.76 q-Rceq:1.00 tex:34325 mv:19113 misc:3882 icu:15.75 pcu:806.75 scu:473.50 tlayer:1 pbqpoffset:1.97 pbfactor:1.26 avgQpOffsetCutree:-2.22;
in:119 out:120 type:B q:28.27 q-aq:27.65 q-noVbv:28.27 q-Rceq:1.00 tex:10999 mv:10643 misc:2342 icu:0.50 pcu:831.75 scu:463.75 tlayer:2 pbqpoffset:2.51 pbfactor:1.34 avgQpOffsetCutree:-0.97;
in:118 out:121 type:b q:29.02 q-aq:29.00 q-noVbv:29.02 q-Rceq:1.00 tex:8593 mv:6605 misc:1698 icu:0.25 pcu:821.75 scu:474.00 tlayer:3 pbqpoffset:3.29 pbfactor:1.46 avgQpOffsetCutree:0.00;
in:121 out:122 type:b q:29.15 q-aq:29.01 q-noVbv:29.15 q-Rceq:1.00 tex:4447 mv:5333 misc:1444 icu:0.00 pcu:798.00 scu:498.00 tlayer:2 pbqpoffset:3.33 pbfactor:1.47 avgQpOffsetCutree:0.00;
in:128 out:123 type:k q:26.44 q-aq:19.98 q-noVbv:26.44 q-Rceq:1.00 tex:427629 mv:47743 misc:2492 icu:776.75 pcu:517.00 scu:2.25 tlayer:0 pbqpoffset:0.67 pbfactor:1.08 avgQpOffsetCutree:-7.35;
in:125 out:124 type:B q:28.65 q-aq:25.08 q-noVbv:28.65 q-Rceq:1.00 tex:71341 mv:21679 misc:4324 icu:63.75 pcu:951.75 scu:280.50 tlayer:1 pbqpoffset:2.51 pbfactor:1.34 avgQpOffsetCutree:-3.34;
in:124 out:125 type:B q:29.98 q-aq:29.55 q-noVbv:29.98 q-Rceq:1.00 tex:6457 mv:7823 misc:2040 icu:0.75 pcu:800.50 scu:494.75 tlayer:2 pbqpoffset:3.93 pbfactor:1.58 avgQpOffsetCutree:-0.88;
in:123 out:126 type:b q:31.61 q-aq:32.00 q-noVbv:31.61 q-Rceq:1.00 tex:2214 mv:3840 misc:882 icu:0.25 pcu:836.50 scu:459.25 tlayer:3 pbqpoffset:5.66 pbfactor:1.92 avgQpOffsetCutree:0.00;
in:127 out:127 type:B q:29.34 q-aq:28.86 q-noVbv:29.34 q-Rceq:1.00 tex:21172 mv:12417 misc:3651 icu:14.75 pcu:814.75 scu:466.50 tlayer:2 pbqpoffset:3.01 pbfactor:1.42 avgQpOffsetCutree:-0.94;
in:126 out:128 type:b q:31.70 q-aq:32.00 q-noVbv:31.70 q-Rceq:1.00 tex:2364 mv:3879 misc:901 icu:0.00 pcu:798.75 scu:497.25 tlayer:3 pbqpoffset:5.46 pbfactor:1.88 avgQpOffsetCutree:0.00;
in:134 out:129 type:k q:25.58 q-aq:18.42 q-noVbv:25.58 q-Rceq:1.00 tex:374568 mv:47960 misc:3728 icu:227.75 pcu:941.75 scu:126.50 tlayer:0 pbqpoffset:0.67 pbfactor:1.08 avgQpOffsetCutree:-7.25;
in:131 out:130 type:B q:28.14 q-aq:24.67 q-noVbv:28.14 q-Rceq:1.00 tex:46799 mv:20347 misc:3894 icu:3.25 pcu:863.75 scu:429.00 tlayer:1 pbqpoffset:2.14 pbfactor:1.28 avgQpOffsetCutree:-3.10;
in:130 out:131 type:B q:29.08 q-aq:28.55 q-noVbv:29.08 q-Rceq:1.00 tex:11882 mv:7971 misc:1963 icu:0.25 pcu:832.00 scu:463.75 tlayer:2 pbqpoffset:2.93 pbfactor:1.40 avgQpOffsetCutree:-0.91;
in:129 out:132 type:b q:30.01 q-aq:30.00 q-noVbv:30.01 q-Rceq:1.00 tex:2831 mv:4372 misc:1093 icu:0.00 pcu:878.25 scu:417.75 tlayer:3 pbqpoffset:3.72 pbfactor:1.54 avgQpOffsetCutree:0.00;
in:133 out:133 type:B q:28.72 q-aq:27.98 q-noVbv:28.72 q-Rceq:1.00 tex:7791 mv:10179 misc:2574 icu:0.75 pcu:900.50 scu:394.75 tlayer:2 pbqpoffset:3.00 pbfactor:1.41 avgQpOffsetCutree:-1.04;
in:132 out:134 type:b q:29.71 q-aq:30.00 q-noVbv:29.71 q-Rceq:1.00 tex:2762 mv:4910 misc:1112 icu:0.25 pcu:805.75 scu:490.00 tlayer:3 pbqpoffset:3.84 pbfactor:1.56 avgQpOffsetCutree:0.00;
in:139 out:135 type:k q:25.69 q-aq:18.75 q-noVbv:25.69 q-Rceq:1.00 tex:292064 mv:37845 misc:3939 icu:187.00 pcu:946.00 scu:163.00 tlayer:0 pbqpoffset:0.98 pbfactor:1.12 avgQpOffsetCutree:-7.04;
in:137 out:136 type:B q:27.59 q-aq:25.29 q-noVbv:27.59 q-Rceq:1.00 tex:32750 mv:20010 misc:3936 icu:3.75 pcu:895.50 scu:396.75 tlayer:1 pbqpoffset:1.95 pbfactor:1.25 avgQpOffsetCutree:-2.17;
in:136 out:137 type:B q:28.03 q-aq:27.52 q-noVbv:28.03 q-Rceq:1.00 tex:11097 mv:10504 misc:2503 icu:0.50 pcu:930.75 scu:364.75 tlayer:2 pbqpoffset:2.41 pbfactor:1.32 avgQpOffsetCutree:-0.93;
in:135 out:138 type:b q:28.64 q-aq:29.00 q-noVbv:28.64 q-Rceq:1.00 tex:6094 mv:5229 misc:1333 icu:0.00 pcu:914.25 scu:381.75 tlayer:3 pbqpoffset:3.04 pbfactor:1.42 avgQpOffsetCutree:0.00;
in:138 out:139 type:b q:28.69 q-aq:29.00 q-noVbv:28.69 q-Rceq:1.00 tex:5159 mv:5075 misc:1382 icu:0.25 pcu:815.25 scu:480.50 tlayer:2 pbqpoffset:3.02 pbfactor:1.42 avgQpOffsetCutree:0.00;
in:144 out:140 type:k q:27.83 q-aq:21.20 q-noVbv:27.83 q-Rceq:1.00 tex:406830 mv:43181 misc:2725 icu:661.00 pcu:624.25 scu:10.75 tlayer:0 pbqpoffset:0.81 pbfactor:1.10 avgQpOffsetCutree:-7.59;
in:142 out:141 type:B q:29.44 q-aq:26.54 q-noVbv:29.44 q-Rceq:1.00 tex:52281 mv:20568 misc:4351 icu:28.50 pcu:938.75 scu:328.75 tlayer:1 pbqpoffset:2.47 pbfactor:1.33 avgQpOffsetCutree:-2.72;
in:141 out:142 type:B q:30.46 q-aq:29.84 q-noVbv:30.46 q-Rceq:1.00 tex:7450 mv:7923 misc:2059 icu:0.50 pcu:879.00 scu:416.50 tlayer:2 pbqpoffset:3.91 pbfactor:1.57 avgQpOffsetCutree:-0.96;
in:140 out:143 type:b q:31.38 q-aq:31.13 q-noVbv:31.38 q-Rceq:1.00 tex:3921 mv:4390 misc:1089 icu:0.75 pcu:879.25 scu:416.00 tlayer:3 pbqpoffset:5.27 pbfactor:1.84 avgQpOffsetCutree:0.00;
in:143 out:144 type:b q:31.30 q-aq:31.12 q-noVbv:31.30 q-Rceq:1.00 tex:10169 mv:4882 misc:1813 icu:1.00 pcu:775.75 scu:519.25 tlayer:2 pbqpoffset:3.89 pbfactor:1.57 avgQpOffsetCutree:0.00;
in:152 out:145 type:k q:26.58 q-aq:19.33 q-noVbv:26.58 q-Rceq:1.00 tex:374292 mv:51863 misc:3837 icu:210.75 pcu:1036.00 scu:49.25 tlayer:0 pbqpoffset:0.99 pbfactor:1.12 avgQpOffsetCutree:-7.57;
in:148 out:146 type:B q:29.75 q-aq:25.35 q-noVbv:29.75 q-Rceq:1.00 tex:52200 mv:23917 misc:4235 icu:4.00 pcu:949.00 scu:343.00 tlayer:1 pbqpoffset:2.54 pbfactor:1.34 avgQpOffsetCutree:-3.69;
in:146 out:147 type:B q:30.77 q-aq:28.67 q-noVbv:30.77 q-Rceq:1.00 tex:10619 mv:9746 misc:2019 icu:0.25 pcu:948.00 scu:347.75 tlayer:2 pbqpoffset:3.25 pbfactor:1.46 avgQpOffsetCutree:-1.96;
in:145 out:148 type:b q:32.21 q-aq:32.00 q-noVbv:32.21 q-Rceq:1.00 tex:1162 mv:3274 misc:812 icu:0.00 pcu:790.50 scu:505.50 tlayer:3 pbqpoffset:4.54 pbfactor:1.69 avgQpOffsetCutree:0.00;
in:147 out:149 type:b q:31.98 q-aq:32.00 q-noVbv:31.98 q-Rceq:1.00 tex:842 mv:3349 misc:729 icu:0.00 pcu:805.75 scu:490.25 tlayer:3 pbqpoffset:4.62 pbfactor:1.70 avgQpOffsetCutree:0.00;
in:150 out:150 type:B q:30.04 q-aq:28.08 q-noVbv:30.04 q-Rceq:1.00 tex:13922 mv:12572 misc:2970 icu:2.25 pcu:910.50 scu:383.25 tlayer:2 pbqpoffset:3.15 pbfactor:1.44 avgQpOffsetCutree:-1.92;
in:149 out:151 type:b q:31.39 q-aq:31.07 q-noVbv:31.39 q-Rceq:1.00 tex:2049 mv:3917 misc:1018 icu:4.00 pcu:841.25 scu:450.75 tlayer:3 pbqpoffset:4.34 pbfactor:1.65 avgQpOffsetCutree:0.00;
in:151 out:152 type:b q:31.13 q-aq:31.00 q-noVbv:31.13 q-Rceq:1.00 tex:1382 mv:3637 misc:869 icu:0.00 pcu:839.25 scu:456.75 tlayer:3 pbqpoffset:4.39 pbfactor:1.66 avgQpOffsetCutree:0.00;
in:160 out:153 type:k q:27.18 q-aq:20.40 q-noVbv:27.18 q-Rceq:1.00 tex:451326 mv:51322 misc:2744 icu:754.00 pcu:534.50 scu:7.50 tlayer:0 pbqpoffset:0.84 pbfactor:1.10 avgQpOffsetCutree:-7.77;
in:156 out:154 type:B q:29.60 q-aq:24.90 q-noVbv:29.60 q-Rceq:1.00 tex:88091 mv:24066 misc:4843 icu:51.50 pcu:975.25 scu:269.25 tlayer:1 pbqpoffset:2.72 pbfactor:1.37 avgQpOffsetCutree:-4.18;
in:154 out:155 type:B q:30.79 q-aq:28.84 q-noVbv:30.79 q-Rceq:1.00 tex:11714 mv:10429 misc:2505 icu:1.25 pcu:896.00 scu:398.75 tlayer:2 pbqpoffset:4.06 pbfactor:1.60 avgQpOffsetCutree:-1.89;
in:153 out:156 type:b q:32.74 q-aq:33.00 q-noVbv:32.74 q-Rceq:1.00 tex:916 mv:3050 misc:746 icu:0.00 pcu:795.25 scu:500.75 tlayer:3 pbqpoffset:6.08 pbfactor:2.02 avgQpOffsetCutree:0.00;
in:155 out:157 type:b q:32.94 q-aq:33.00 q-noVbv:32.94 q-Rceq:1.00 tex:897 mv:2904 misc:711 icu:0.00 pcu:760.50 scu:535.50 tlayer:3 pbqpoffset:6.14 pbfactor:2.03 avgQpOffsetCutree:0.00;
in:158 out:158 type:B q:30.22 q-aq:27.77 q-noVbv:30.22 q-Rceq:1.00 tex:40971 mv:13623 misc:4406 icu:14.00 pcu:877.00 scu:405.00 tlayer:2 pbqpoffset:3.19 pbfactor:1.45 avgQpOffsetCutree:-2.34;
in:157 out:159 type:b q:32.59 q-aq:33.00 q-noVbv:32.59 q-Rceq:1.00 tex:953 mv:3149 misc:762 icu:4.00 pcu:845.00 scu:447.00 tlayer:3 pbqpoffset:5.63 pbfactor:1.92 avgQpOffsetCutree:0.00;
in:159 out:160 type:b q:31.49 q-aq:31.88 q-noVbv:31.49 q-Rceq:1.00 tex:2755 mv:3561 misc:1580 icu:4.25 pcu:741.25 scu:550.50 tlayer:3 pbqpoffset:4.39 pbfactor:1.66 avgQpOffsetCutree:0.00;
in:168 out:161 type:k q:27.06 q-aq:19.95 q-noVbv:27.06 q-Rceq:1.00 tex:367868 mv:52116 misc:4152 icu:176.75 pcu:1032.00 scu:87.25 tlayer:0 pbqpoffset:0.91 pbfactor:1.11 avgQpOffsetCutree:-7.77;
in:164 out:162 type:B q:30.10 q-aq:25.49 q-noVbv:30.10 q-Rceq:1.00 tex:55866 mv:22379 misc:4611 icu:7.00 pcu:937.00 scu:352.00 tlayer:1 pbqpoffset:2.98 pbfactor:1.41 avgQpOffsetCutree:-3.89;
in:162 out:163 type:B q:30.96 q-aq:29.05 q-noVbv:30.96 q-Rceq:1.00 tex:13108 mv:8676 misc:2080 icu:0.25 pcu:945.50 scu:350.25 tlayer:2 pbqpoffset:3.81 pbfactor:1.55 avgQpOffsetCutree:-1.87;
in:161 out:164 type:b q:32.30 q-aq:32.00 q-noVbv:32.30 q-Rceq:1.00 tex:797 mv:3005 misc:790 icu:0.00 pcu:798.00 scu:498.00 tlayer:3 pbqpoffset:5.13 pbfactor:1.81 avgQpOffsetCutree:0.00;
in:163 out:165 type:b q:32.46 q-aq:32.28 q-noVbv:32.46 q-Rceq:1.00 tex:623 mv:3118 misc:683 icu:0.00 pcu:868.75 scu:427.25 tlayer:3 pbqpoffset:5.33 pbfactor:1.85 avgQpOffsetCutree:0.00;
in:166 out:166 type:B q:30.80 q-aq:28.84 q-noVbv:30.80 q-Rceq:1.00 tex:11411 mv:9767 misc:2462 icu:0.00 pcu:925.75 scu:370.25 tlayer:2 pbqpoffset:3.71 pbfactor:1.54 avgQpOffsetCutree:-1.90;
in:165 out:167 type:b q:32.37 q-aq:32.00 q-noVbv:32.37 q-Rceq:1.00 tex:1268 mv:3021 misc:823 icu:0.00 pcu:828.00 scu:468.00 tlayer:3 pbqpoffset:5.27 pbfactor:1.84 avgQpOffsetCutree:0.00;
in:167 out:168 type:b q:32.33 q-aq:32.00 q-noVbv:32.33 q-Rceq:1.00 tex:1221 mv:3352 misc:827 icu:0.00 pcu:834.00 scu:462.00 tlayer:3 pbqpoffset:5.26 pbfactor:1.84 avgQpOffsetCutree:0.00;
in:176 out:169 type:k q:26.50 q-aq:20.40 q-noVbv:26.50 q-Rceq:1.00 tex:530079 mv:54709 misc:2700 icu:715.00 pcu:578.75 scu:2.25 tlayer:0 pbqpoffset:0.88 pbfactor:1.11 avgQpOffsetCutree:-7.57;
in:172 out:170 type:B q:30.02 q-aq:25.43 q-noVbv:30.02 q-Rceq:1.00 tex:96837 mv:24085 misc:5078 icu:89.00 pcu:974.00 scu:233.00 tlayer:1 pbqpoffset:3.24 pbfactor:1.45 avgQpOffsetCutree:-4.06;
in:170 out:171 type:B q:31.19 q-aq:29.35 q-noVbv:31.19 q-Rceq:1.00 tex:11381 mv:9753 misc:2554 icu:2.25 pcu:944.00 scu:349.75 tlayer:2 pbqpoffset:4.27 pbfactor:1.64 avgQpOffsetCutree:-1.86;
in:169 out:172 type:b q:34.04 q-aq:34.00 q-noVbv:34.04 q-Rceq:1.00 tex:877 mv:2843 misc:768 icu:0.00 pcu:773.00 scu:523.00 tlayer:3 pbqpoffset:7.05 pbfactor:2.26 avgQpOffsetCutree:0.00;
in:171 out:173 type:b q:33.72 q-aq:34.00 q-noVbv:33.72 q-Rceq:1.00 tex:611 mv:2866 misc:755 icu:0.00 pcu:800.50 scu:495.50 tlayer:3 pbqpoffset:6.87 pbfactor:2.21 avgQpOffsetCutree:0.00;
in:174 out:174 type:B q:30.37 q-aq:27.97 q-noVbv:30.37 q-Rceq:1.00 tex:51132 mv:14037 misc:4583 icu:86.00 pcu:855.75 scu:354.25 tlayer:2 pbqpoffset:3.73 pbfactor:1.54 avgQpOffsetCutree:-2.25;
in:173 out:175 type:b q:33.05 q-aq:33.00 q-noVbv:33.05 q-Rceq:1.00 tex:1518 mv:3286 misc:908 icu:0.00 pcu:823.50 scu:472.50 tlayer:3 pbqpoffset:6.34 pbfactor:2.08 avgQpOffsetCutree:0.00;
in:175 out:176 type:b q:31.69 q-aq:32.00 q-noVbv:31.69 q-Rceq:1.00 tex:4731 mv:3695 misc:1942 icu:1.25 pcu:671.00 scu:623.75 tlayer:3 pbqpoffset:5.12 pbfactor:1.81 avgQpOffsetCutree:0.00;
in:184 out:177 type:k q:26.58 q-aq:19.75 q-noVbv:26.58 q-Rceq:1.00 tex:456282 mv:47677 misc:4377 icu:238.75 pcu:1000.50 scu:56.75 tlayer:0 pbqpoffset:0.70 pbfactor:1.08 avgQpOffsetCutree:-8.02;
in:180 out:178 type:B q:29.51 q-aq:25.49 q-noVbv:29.51 q-Rceq:1.00 tex:89247 mv:23247 misc:5290 icu:21.00 pcu:1011.25 scu:263.75 tlayer:1 pbqpoffset:2.97 pbfactor:1.41 avgQpOffsetCutree:-3.65;
in:178 out:179 type:B q:30.55 q-aq:28.73 q-noVbv:30.55 q-Rceq:1.00 tex:16395 mv:12342 misc:4031 icu:0.25 pcu:944.50 scu:351.25 tlayer:2 pbqpoffset:4.03 pbfactor:1.59 avgQpOffsetCutree:-1.90;
in:177 out:180 type:b q:31.60 q-aq:32.00 q-noVbv:31.60 q-Rceq:1.00 tex:2117 mv:3363 misc:880 icu:0.25 pcu:917.00 scu:378.75 tlayer:3 pbqpoffset:5.09 pbfactor:1.80 avgQpOffsetCutree:0.00;
in:179 out:181 type:b q:31.32 q-aq:31.15 q-noVbv:31.32 q-Rceq:1.00 tex:3244 mv:4987 misc:1529 icu:0.00 pcu:802.25 scu:493.75 tlayer:3 pbqpoffset:4.79 pbfactor:1.74 avgQpOffsetCutree:0.00;
in:182 out:182 type:B q:30.10 q-aq:28.07 q-noVbv:30.10 q-Rceq:1.00 tex:23541 mv:14486 misc:3917 icu:1.25 pcu:886.50 scu:408.25 tlayer:2 pbqpoffset:3.54 pbfactor:1.51 avgQpOffsetCutree:-2.00;
in:181 out:183 type:b q:31.24 q-aq:31.11 q-noVbv:31.24 q-Rceq:1.00 tex:4515 mv:5421 misc:1520 icu:4.00 pcu:933.50 scu:358.50 tlayer:3 pbqpoffset:4.68 pbfactor:1.72 avgQpOffsetCutree:0.00;
in:183 out:184 type:b q:31.23 q-aq:31.12 q-noVbv:31.23 q-Rceq:1.00 tex:2042 mv:4998 misc:1320 icu:0.00 pcu:905.50 scu:390.50 tlayer:3 pbqpoffset:4.66 pbfactor:1.71 avgQpOffsetCutree:0.00;
in:192 out:185 type:k q:27.46 q-aq:21.66 q-noVbv:27.46 q-Rceq:1.00 tex:526771 mv:51695 misc:2654 icu:663.50 pcu:626.25 scu:6.25 tlayer:0 pbqpoffset:0.93 pbfactor:1.11 avgQpOffsetCutree:-7.68;
in:188 out:186 type:B q:30.54 q-aq:25.70 q-noVbv:30.54 q-Rceq:1.00 tex:105027 mv:23487 misc:5334 icu:30.75 pcu:980.75 scu:284.50 tlayer:1 pbqpoffset:3.52 pbfactor:1.50 avgQpOffsetCutree:-4.48;
in:186 out:187 type:B q:31.38 q-aq:29.57 q-noVbv:31.38 q-Rceq:1.00 tex:10963 mv:11543 misc:3030 icu:0.50 pcu:924.25 scu:371.25 tlayer:2 pbqpoffset:4.58 pbfactor:1.70 avgQpOffsetCutree:-1.86;
in:185 out:188 type:b q:33.67 q-aq:34.00 q-noVbv:33.67 q-Rceq:1.00 tex:1173 mv:3481 misc:914 icu:0.00 pcu:880.75 scu:415.25 tlayer:3 pbqpoffset:6.98 pbfactor:2.24 avgQpOffsetCutree:0.00;
in:187 out:189 type:b q:34.30 q-aq:34.00 q-noVbv:34.30 q-Rceq:1.00 tex:1096 mv:3361 misc:815 icu:0.00 pcu:791.50 scu:504.50 tlayer:3 pbqpoffset:7.39 pbfactor:2.35 avgQpOffsetCutree:0.00;
in:190 out:190 type:B q:31.82 q-aq:29.25 q-noVbv:31.82 q-Rceq:1.00 tex:10936 mv:7910 misc:3578 icu:5.00 pcu:847.00 scu:444.00 tlayer:2 pbqpoffset:4.58 pbfactor:1.70 avgQpOffsetCutree:-2.40;
in:189 out:191 type:b q:34.71 q-aq:35.00 q-noVbv:34.71 q-Rceq:1.00 tex:802 mv:2930 misc:716 icu:0.00 pcu:840.50 scu:455.50 tlayer:3 pbqpoffset:7.58 pbfactor:2.40 avgQpOffsetCutree:0.00;
in:191 out:192 type:b q:32.73 q-aq:33.00 q-noVbv:32.73 q-Rceq:1.00 tex:1755 mv:3157 misc:1408 icu:2.00 pcu:740.75 scu:553.25 tlayer:3 pbqpoffset:5.38 pbfactor:1.86 avgQpOffsetCutree:0.00;
in:204 out:193 type:k q:26.57 q-aq:20.68 q-noVbv:26.57 q-Rceq:1.00 tex:483124 mv:58017 misc:3651 icu:293.00 pcu:955.00 scu:48.00 tlayer:0 pbqpoffset:0.91 pbfactor:1.11 avgQpOffsetCutree:-7.29;
in:198 out:194 type:B q:30.20 q-aq:24.82 q-noVbv:30.20 q-Rceq:1.00 tex:141569 mv:32788 misc:5475 icu:5.75 pcu:1030.00 scu:260.25 tlayer:1 pbqpoffset:3.18 pbfactor:1.44 avgQpOffsetCutree:-4.99;
in:195 out:195 type:B q:31.15 q-aq:27.71 q-noVbv:31.15 q-Rceq:1.00 tex:34262 mv:19973 misc:4429 icu:2.25 pcu:940.00 scu:353.75 tlayer:2 pbqpoffset:3.91 pbfactor:1.57 avgQpOffsetCutree:-3.03;
in:194 out:196 type:B q:31.97 q-aq:30.96 q-noVbv:31.97 q-Rceq:1.00 tex:3292 mv:5804 misc:1296 icu:0.00 pcu:976.25 scu:319.75 tlayer:3 pbqpoffset:4.66 pbfactor:1.71 avgQpOffsetCutree:-1.05;
in:193 out:197 type:b q:32.86 q-aq:33.00 q-noVbv:32.86 q-Rceq:1.00 tex:2356 mv:3958 misc:958 icu:0.00 pcu:918.50 scu:377.50 tlayer:4 pbqpoffset:5.47 pbfactor:1.88 avgQpOffsetCutree:0.00;
in:197 out:198 type:B q:31.75 q-aq:30.87 q-noVbv:31.75 q-Rceq:1.00 tex:4724 mv:7233 misc:1715 icu:0.00 pcu:1026.00 scu:270.00 tlayer:3 pbqpoffset:4.66 pbfactor:1.71 avgQpOffsetCutree:-1.20;
in:196 out:199 type:b q:32.74 q-aq:33.00 q-noVbv:32.74 q-Rceq:1.00 tex:1922 mv:4276 misc:858 icu:0.00 pcu:969.25 scu:326.75 tlayer:4 pbqpoffset:5.57 pbfactor:1.90 avgQpOffsetCutree:0.00;
in:201 out:200 type:B q:30.68 q-aq:27.47 q-noVbv:30.68 q-Rceq:1.00 tex:36024 mv:20722 misc:4510 icu:2.50 pcu:999.25 scu:294.25 tlayer:2 pbqpoffset:3.89 pbfactor:1.57 avgQpOffsetCutree:-2.92;
in:200 out:201 type:B q:31.53 q-aq:30.89 q-noVbv:31.53 q-Rceq:1.00 tex:5369 mv:7033 misc:1742 icu:4.50 pcu:971.00 scu:320.50 tlayer:3 pbqpoffset:4.66 pbfactor:1.71 avgQpOffsetCutree:-1.14;
in:199 out:202 type:b q:32.74 q-aq:33.00 q-noVbv:32.74 q-Rceq:1.00 tex:1753 mv:3936 misc:863 icu:0.00 pcu:875.00 scu:421.00 tlayer:4 pbqpoffset:5.80 pbfactor:1.95 avgQpOffsetCutree:0.00;
in:203 out:203 type:B q:31.31 q-aq:30.71 q-noVbv:31.31 q-Rceq:1.00 tex:5437 mv:7652 misc:2111 icu:0.75 pcu:913.50 scu:381.75 tlayer:3 pbqpoffset:4.66 pbfactor:1.71 avgQpOffsetCutree:-1.04;
in:202 out:204 type:b q:32.72 q-aq:33.00 q-noVbv:32.72 q-Rceq:1.00 tex:1869 mv:4075 misc:912 icu:0.25 pcu:942.50 scu:353.25 tlayer:4 pbqpoffset:6.00 pbfactor:2.00 avgQpOffsetCutree:0.00;
in:216 out:205 type:k q:27.80 q-aq:24.02 q-noVbv:27.80 q-Rceq:1.00 tex:367306 mv:27207 misc:3271 icu:347.25 pcu:937.75 scu:11.00 tlayer:0 pbqpoffset:1.02 pbfactor:1.12 avgQpOffsetCutree:-5.44;
in:210 out:206 type:B q:29.82 q-aq:25.06 q-noVbv:29.82 q-Rceq:1.00 tex:201474 mv:15630 misc:5512 icu:43.25 pcu:980.00 scu:272.75 tlayer:1 pbqpoffset:2.63 pbfactor:1.36 avgQpOffsetCutree:-4.82;
in:207 out:207 type:B q:29.81 q-aq:28.18 q-noVbv:29.81 q-Rceq:1.00 tex:79236 mv:18025 misc:4947 icu:6.25 pcu:898.50 scu:391.25 tlayer:2 pbqpoffset:2.93 pbfactor:1.40 avgQpOffsetCutree:-1.98;
in:206 out:208 type:B q:31.23 q-aq:30.67 q-noVbv:31.23 q-Rceq:1.00 tex:8865 mv:7755 misc:2380 icu:0.00 pcu:858.00 scu:438.00 tlayer:3 pbqpoffset:4.46 pbfactor:1.67 avgQpOffsetCutree:-1.06;
in:205 out:209 type:b q:32.11 q-aq:32.03 q-noVbv:32.11 q-Rceq:1.00 tex:4995 mv:4331 misc:1298 icu:1.00 pcu:874.75 scu:420.25 tlayer:4 pbqpoffset:5.44 pbfactor:1.87 avgQpOffsetCutree:0.00;
in:209 out:210 type:B q:30.51 q-aq:29.11 q-noVbv:30.51 q-Rceq:1.00 tex:13713 mv:4769 misc:3142 icu:0.50 pcu:575.50 scu:720.00 tlayer:3 pbqpoffset:3.43 pbfactor:1.49 avgQpOffsetCutree:-1.69;
in:208 out:211 type:b q:30.75 q-aq:31.00 q-noVbv:30.75 q-Rceq:1.00 tex:34489 mv:6450 misc:2981 icu:1.25 pcu:750.25 scu:544.50 tlayer:4 pbqpoffset:3.77 pbfactor:1.55 avgQpOffsetCutree:0.00;
in:213 out:212 type:B q:31.33 q-aq:28.18 q-noVbv:31.33 q-Rceq:1.00 tex:5424 mv:7452 misc:2444 icu:0.00 pcu:844.50 scu:451.50 tlayer:2 pbqpoffset:3.84 pbfactor:1.56 avgQpOffsetCutree:-2.87;
in:212 out:213 type:B q:31.58 q-aq:31.05 q-noVbv:31.58 q-Rceq:1.00 tex:1302 mv:3566 misc:1132 icu:0.00 pcu:710.25 scu:585.75 tlayer:3 pbqpoffset:4.19 pbfactor:1.62 avgQpOffsetCutree:-1.01;
in:211 out:214 type:b q:31.92 q-aq:32.00 q-noVbv:31.92 q-Rceq:1.00 tex:1778 mv:3527 misc:1031 icu:0.00 pcu:819.75 scu:476.25 tlayer:4 pbqpoffset:4.63 pbfactor:1.71 avgQpOffsetCutree:0.00;
in:215 out:215 type:B q:32.02 q-aq:31.12 q-noVbv:32.02 q-Rceq:1.00 tex:534 mv:2431 misc:731 icu:0.00 pcu:684.75 scu:611.25 tlayer:3 pbqpoffset:4.33 pbfactor:1.65 avgQpOffsetCutree:-1.42;
in:214 out:216 type:b q:33.80 q-aq:34.00 q-noVbv:33.80 q-Rceq:1.00 tex:118 mv:1430 misc:588 icu:0.00 pcu:441.75 scu:854.25 tlayer:4 pbqpoffset:6.20 pbfactor:2.05 avgQpOffsetCutree:0.00;
