The system is: Linux - 3.10.0-1127.8.2.el7.x86_64 - x86_64
Compiling the C compiler identification source file "CMakeCCompilerId.c" succeeded.
Compiler: /bin/cc 
Build flags: 
Id flags: 

The output was:
0


Compilation of the C compiler identification source "CMakeCCompilerId.c" produced "a.out"

The C compiler identification is GNU, found in "/home/workspace/zhenyu/x265-iframe-adpatinitqp-amortize-slicetye-decide-bpframeqp-cutreebpstrength-multicore-purcutreelog/build/linux/CMakeFiles/2.8.12.2/CompilerIdC/a.out"

Compiling the CXX compiler identification source file "CMakeCXXCompilerId.cpp" succeeded.
Compiler: /bin/c++ 
Build flags: 
Id flags: 

The output was:
0


Compilation of the CXX compiler identification source "CMakeCXXCompilerId.cpp" produced "a.out"

The CXX compiler identification is GNU, found in "/home/workspace/zhenyu/x265-iframe-adpatinitqp-amortize-slicetye-decide-bpframeqp-cutreebpstrength-multicore-purcutreelog/build/linux/CMakeFiles/2.8.12.2/CompilerIdCXX/a.out"

Determining if the C compiler works passed with the following output:
Change Dir: /home/workspace/zhenyu/x265-iframe-adpatinitqp-amortize-slicetye-decide-bpframeqp-cutreebpstrength-multicore-purcutreelog/build/linux/CMakeFiles/CMakeTmp

Run Build Command:/bin/gmake "cmTryCompileExec3016177118/fast"
gmake: Warning: File `Makefile' has modification time 312 s in the future
/bin/gmake -f CMakeFiles/cmTryCompileExec3016177118.dir/build.make CMakeFiles/cmTryCompileExec3016177118.dir/build
gmake[1]: Entering directory `/home/workspace/zhenyu/x265-iframe-adpatinitqp-amortize-slicetye-decide-bpframeqp-cutreebpstrength-multicore-purcutreelog/build/linux/CMakeFiles/CMakeTmp'
gmake[1]: Warning: File `CMakeFiles/cmTryCompileExec3016177118.dir/flags.make' has modification time 312 s in the future
/usr/bin/cmake -E cmake_progress_report /home/workspace/zhenyu/x265-iframe-adpatinitqp-amortize-slicetye-decide-bpframeqp-cutreebpstrength-multicore-purcutreelog/build/linux/CMakeFiles/CMakeTmp/CMakeFiles 1
Building C object CMakeFiles/cmTryCompileExec3016177118.dir/testCCompiler.c.o
/bin/cc    -o CMakeFiles/cmTryCompileExec3016177118.dir/testCCompiler.c.o   -c /home/workspace/zhenyu/x265-iframe-adpatinitqp-amortize-slicetye-decide-bpframeqp-cutreebpstrength-multicore-purcutreelog/build/linux/CMakeFiles/CMakeTmp/testCCompiler.c
Linking C executable cmTryCompileExec3016177118
/usr/bin/cmake -E cmake_link_script CMakeFiles/cmTryCompileExec3016177118.dir/link.txt --verbose=1
/bin/cc       CMakeFiles/cmTryCompileExec3016177118.dir/testCCompiler.c.o  -o cmTryCompileExec3016177118 -rdynamic 
gmake[1]: warning:  Clock skew detected.  Your build may be incomplete.
gmake[1]: Leaving directory `/home/workspace/zhenyu/x265-iframe-adpatinitqp-amortize-slicetye-decide-bpframeqp-cutreebpstrength-multicore-purcutreelog/build/linux/CMakeFiles/CMakeTmp'
gmake: warning:  Clock skew detected.  Your build may be incomplete.


Detecting C compiler ABI info compiled with the following output:
Change Dir: /home/workspace/zhenyu/x265-iframe-adpatinitqp-amortize-slicetye-decide-bpframeqp-cutreebpstrength-multicore-purcutreelog/build/linux/CMakeFiles/CMakeTmp

Run Build Command:/bin/gmake "cmTryCompileExec2647356050/fast"
gmake: Warning: File `Makefile' has modification time 312 s in the future
/bin/gmake -f CMakeFiles/cmTryCompileExec2647356050.dir/build.make CMakeFiles/cmTryCompileExec2647356050.dir/build
gmake[1]: Entering directory `/home/workspace/zhenyu/x265-iframe-adpatinitqp-amortize-slicetye-decide-bpframeqp-cutreebpstrength-multicore-purcutreelog/build/linux/CMakeFiles/CMakeTmp'
gmake[1]: Warning: File `CMakeFiles/cmTryCompileExec2647356050.dir/flags.make' has modification time 312 s in the future
/usr/bin/cmake -E cmake_progress_report /home/workspace/zhenyu/x265-iframe-adpatinitqp-amortize-slicetye-decide-bpframeqp-cutreebpstrength-multicore-purcutreelog/build/linux/CMakeFiles/CMakeTmp/CMakeFiles 1
Building C object CMakeFiles/cmTryCompileExec2647356050.dir/CMakeCCompilerABI.c.o
/bin/cc    -o CMakeFiles/cmTryCompileExec2647356050.dir/CMakeCCompilerABI.c.o   -c /usr/share/cmake/Modules/CMakeCCompilerABI.c
Linking C executable cmTryCompileExec2647356050
/usr/bin/cmake -E cmake_link_script CMakeFiles/cmTryCompileExec2647356050.dir/link.txt --verbose=1
/bin/cc     -v CMakeFiles/cmTryCompileExec2647356050.dir/CMakeCCompilerABI.c.o  -o cmTryCompileExec2647356050 -rdynamic  
Using built-in specs.
COLLECT_GCC=/bin/cc
COLLECT_LTO_WRAPPER=/usr/libexec/gcc/x86_64-redhat-linux/4.8.5/lto-wrapper
Target: x86_64-redhat-linux
Configured with: ../configure --prefix=/usr --mandir=/usr/share/man --infodir=/usr/share/info --with-bugurl=http://bugzilla.redhat.com/bugzilla --enable-bootstrap --enable-shared --enable-threads=posix --enable-checking=release --with-system-zlib --enable-__cxa_atexit --disable-libunwind-exceptions --enable-gnu-unique-object --enable-linker-build-id --with-linker-hash-style=gnu --enable-languages=c,c++,objc,obj-c++,java,fortran,ada,go,lto --enable-plugin --enable-initfini-array --disable-libgcj --with-isl=/builddir/build/BUILD/gcc-4.8.5-20150702/obj-x86_64-redhat-linux/isl-install --with-cloog=/builddir/build/BUILD/gcc-4.8.5-20150702/obj-x86_64-redhat-linux/cloog-install --enable-gnu-indirect-function --with-tune=generic --with-arch_32=x86-64 --build=x86_64-redhat-linux
Thread model: posix
gcc version 4.8.5 20150623 (Red Hat 4.8.5-39) (GCC) 
COMPILER_PATH=/usr/libexec/gcc/x86_64-redhat-linux/4.8.5/:/usr/libexec/gcc/x86_64-redhat-linux/4.8.5/:/usr/libexec/gcc/x86_64-redhat-linux/:/usr/lib/gcc/x86_64-redhat-linux/4.8.5/:/usr/lib/gcc/x86_64-redhat-linux/
LIBRARY_PATH=/usr/lib/gcc/x86_64-redhat-linux/4.8.5/:/usr/lib/gcc/x86_64-redhat-linux/4.8.5/../../../../lib64/:/lib/../lib64/:/usr/lib/../lib64/:/usr/lib/gcc/x86_64-redhat-linux/4.8.5/../../../:/lib/:/usr/lib/
COLLECT_GCC_OPTIONS='-v' '-o' 'cmTryCompileExec2647356050' '-rdynamic' '-mtune=generic' '-march=x86-64'
 /usr/libexec/gcc/x86_64-redhat-linux/4.8.5/collect2 --build-id --no-add-needed --eh-frame-hdr --hash-style=gnu -m elf_x86_64 -export-dynamic -dynamic-linker /lib64/ld-linux-x86-64.so.2 -o cmTryCompileExec2647356050 /usr/lib/gcc/x86_64-redhat-linux/4.8.5/../../../../lib64/crt1.o /usr/lib/gcc/x86_64-redhat-linux/4.8.5/../../../../lib64/crti.o /usr/lib/gcc/x86_64-redhat-linux/4.8.5/crtbegin.o -L/usr/lib/gcc/x86_64-redhat-linux/4.8.5 -L/usr/lib/gcc/x86_64-redhat-linux/4.8.5/../../../../lib64 -L/lib/../lib64 -L/usr/lib/../lib64 -L/usr/lib/gcc/x86_64-redhat-linux/4.8.5/../../.. CMakeFiles/cmTryCompileExec2647356050.dir/CMakeCCompilerABI.c.o -lgcc --as-needed -lgcc_s --no-as-needed -lc -lgcc --as-needed -lgcc_s --no-as-needed /usr/lib/gcc/x86_64-redhat-linux/4.8.5/crtend.o /usr/lib/gcc/x86_64-redhat-linux/4.8.5/../../../../lib64/crtn.o
gmake[1]: warning:  Clock skew detected.  Your build may be incomplete.
gmake[1]: Leaving directory `/home/workspace/zhenyu/x265-iframe-adpatinitqp-amortize-slicetye-decide-bpframeqp-cutreebpstrength-multicore-purcutreelog/build/linux/CMakeFiles/CMakeTmp'
gmake: warning:  Clock skew detected.  Your build may be incomplete.


Parsed C implicit link information from above output:
  link line regex: [^( *|.*[/\])(ld|([^/\]+-)?ld|collect2)[^/\]*( |$)]
  ignore line: [Change Dir: /home/workspace/zhenyu/x265-iframe-adpatinitqp-amortize-slicetye-decide-bpframeqp-cutreebpstrength-multicore-purcutreelog/build/linux/CMakeFiles/CMakeTmp]
  ignore line: []
  ignore line: [Run Build Command:/bin/gmake "cmTryCompileExec2647356050/fast"]
  ignore line: [gmake: Warning: File `Makefile' has modification time 312 s in the future]
  ignore line: [/bin/gmake -f CMakeFiles/cmTryCompileExec2647356050.dir/build.make CMakeFiles/cmTryCompileExec2647356050.dir/build]
  ignore line: [gmake[1]: Entering directory `/home/workspace/zhenyu/x265-iframe-adpatinitqp-amortize-slicetye-decide-bpframeqp-cutreebpstrength-multicore-purcutreelog/build/linux/CMakeFiles/CMakeTmp']
  ignore line: [gmake[1]: Warning: File `CMakeFiles/cmTryCompileExec2647356050.dir/flags.make' has modification time 312 s in the future]
  ignore line: [/usr/bin/cmake -E cmake_progress_report /home/workspace/zhenyu/x265-iframe-adpatinitqp-amortize-slicetye-decide-bpframeqp-cutreebpstrength-multicore-purcutreelog/build/linux/CMakeFiles/CMakeTmp/CMakeFiles 1]
  ignore line: [Building C object CMakeFiles/cmTryCompileExec2647356050.dir/CMakeCCompilerABI.c.o]
  ignore line: [/bin/cc    -o CMakeFiles/cmTryCompileExec2647356050.dir/CMakeCCompilerABI.c.o   -c /usr/share/cmake/Modules/CMakeCCompilerABI.c]
  ignore line: [Linking C executable cmTryCompileExec2647356050]
  ignore line: [/usr/bin/cmake -E cmake_link_script CMakeFiles/cmTryCompileExec2647356050.dir/link.txt --verbose=1]
  ignore line: [/bin/cc     -v CMakeFiles/cmTryCompileExec2647356050.dir/CMakeCCompilerABI.c.o  -o cmTryCompileExec2647356050 -rdynamic  ]
  ignore line: [Using built-in specs.]
  ignore line: [COLLECT_GCC=/bin/cc]
  ignore line: [COLLECT_LTO_WRAPPER=/usr/libexec/gcc/x86_64-redhat-linux/4.8.5/lto-wrapper]
  ignore line: [Target: x86_64-redhat-linux]
  ignore line: [Configured with: ../configure --prefix=/usr --mandir=/usr/share/man --infodir=/usr/share/info --with-bugurl=http://bugzilla.redhat.com/bugzilla --enable-bootstrap --enable-shared --enable-threads=posix --enable-checking=release --with-system-zlib --enable-__cxa_atexit --disable-libunwind-exceptions --enable-gnu-unique-object --enable-linker-build-id --with-linker-hash-style=gnu --enable-languages=c,c++,objc,obj-c++,java,fortran,ada,go,lto --enable-plugin --enable-initfini-array --disable-libgcj --with-isl=/builddir/build/BUILD/gcc-4.8.5-20150702/obj-x86_64-redhat-linux/isl-install --with-cloog=/builddir/build/BUILD/gcc-4.8.5-20150702/obj-x86_64-redhat-linux/cloog-install --enable-gnu-indirect-function --with-tune=generic --with-arch_32=x86-64 --build=x86_64-redhat-linux]
  ignore line: [Thread model: posix]
  ignore line: [gcc version 4.8.5 20150623 (Red Hat 4.8.5-39) (GCC) ]
  ignore line: [COMPILER_PATH=/usr/libexec/gcc/x86_64-redhat-linux/4.8.5/:/usr/libexec/gcc/x86_64-redhat-linux/4.8.5/:/usr/libexec/gcc/x86_64-redhat-linux/:/usr/lib/gcc/x86_64-redhat-linux/4.8.5/:/usr/lib/gcc/x86_64-redhat-linux/]
  ignore line: [LIBRARY_PATH=/usr/lib/gcc/x86_64-redhat-linux/4.8.5/:/usr/lib/gcc/x86_64-redhat-linux/4.8.5/../../../../lib64/:/lib/../lib64/:/usr/lib/../lib64/:/usr/lib/gcc/x86_64-redhat-linux/4.8.5/../../../:/lib/:/usr/lib/]
  ignore line: [COLLECT_GCC_OPTIONS='-v' '-o' 'cmTryCompileExec2647356050' '-rdynamic' '-mtune=generic' '-march=x86-64']
  link line: [ /usr/libexec/gcc/x86_64-redhat-linux/4.8.5/collect2 --build-id --no-add-needed --eh-frame-hdr --hash-style=gnu -m elf_x86_64 -export-dynamic -dynamic-linker /lib64/ld-linux-x86-64.so.2 -o cmTryCompileExec2647356050 /usr/lib/gcc/x86_64-redhat-linux/4.8.5/../../../../lib64/crt1.o /usr/lib/gcc/x86_64-redhat-linux/4.8.5/../../../../lib64/crti.o /usr/lib/gcc/x86_64-redhat-linux/4.8.5/crtbegin.o -L/usr/lib/gcc/x86_64-redhat-linux/4.8.5 -L/usr/lib/gcc/x86_64-redhat-linux/4.8.5/../../../../lib64 -L/lib/../lib64 -L/usr/lib/../lib64 -L/usr/lib/gcc/x86_64-redhat-linux/4.8.5/../../.. CMakeFiles/cmTryCompileExec2647356050.dir/CMakeCCompilerABI.c.o -lgcc --as-needed -lgcc_s --no-as-needed -lc -lgcc --as-needed -lgcc_s --no-as-needed /usr/lib/gcc/x86_64-redhat-linux/4.8.5/crtend.o /usr/lib/gcc/x86_64-redhat-linux/4.8.5/../../../../lib64/crtn.o]
    arg [/usr/libexec/gcc/x86_64-redhat-linux/4.8.5/collect2] ==> ignore
    arg [--build-id] ==> ignore
    arg [--no-add-needed] ==> ignore
    arg [--eh-frame-hdr] ==> ignore
    arg [--hash-style=gnu] ==> ignore
    arg [-m] ==> ignore
    arg [elf_x86_64] ==> ignore
    arg [-export-dynamic] ==> ignore
    arg [-dynamic-linker] ==> ignore
    arg [/lib64/ld-linux-x86-64.so.2] ==> ignore
    arg [-o] ==> ignore
    arg [cmTryCompileExec2647356050] ==> ignore
    arg [/usr/lib/gcc/x86_64-redhat-linux/4.8.5/../../../../lib64/crt1.o] ==> ignore
    arg [/usr/lib/gcc/x86_64-redhat-linux/4.8.5/../../../../lib64/crti.o] ==> ignore
    arg [/usr/lib/gcc/x86_64-redhat-linux/4.8.5/crtbegin.o] ==> ignore
    arg [-L/usr/lib/gcc/x86_64-redhat-linux/4.8.5] ==> dir [/usr/lib/gcc/x86_64-redhat-linux/4.8.5]
    arg [-L/usr/lib/gcc/x86_64-redhat-linux/4.8.5/../../../../lib64] ==> dir [/usr/lib/gcc/x86_64-redhat-linux/4.8.5/../../../../lib64]
    arg [-L/lib/../lib64] ==> dir [/lib/../lib64]
    arg [-L/usr/lib/../lib64] ==> dir [/usr/lib/../lib64]
    arg [-L/usr/lib/gcc/x86_64-redhat-linux/4.8.5/../../..] ==> dir [/usr/lib/gcc/x86_64-redhat-linux/4.8.5/../../..]
    arg [CMakeFiles/cmTryCompileExec2647356050.dir/CMakeCCompilerABI.c.o] ==> ignore
    arg [-lgcc] ==> lib [gcc]
    arg [--as-needed] ==> ignore
    arg [-lgcc_s] ==> lib [gcc_s]
    arg [--no-as-needed] ==> ignore
    arg [-lc] ==> lib [c]
    arg [-lgcc] ==> lib [gcc]
    arg [--as-needed] ==> ignore
    arg [-lgcc_s] ==> lib [gcc_s]
    arg [--no-as-needed] ==> ignore
    arg [/usr/lib/gcc/x86_64-redhat-linux/4.8.5/crtend.o] ==> ignore
    arg [/usr/lib/gcc/x86_64-redhat-linux/4.8.5/../../../../lib64/crtn.o] ==> ignore
  remove lib [gcc]
  remove lib [gcc_s]
  remove lib [gcc]
  remove lib [gcc_s]
  collapse library dir [/usr/lib/gcc/x86_64-redhat-linux/4.8.5] ==> [/usr/lib/gcc/x86_64-redhat-linux/4.8.5]
  collapse library dir [/usr/lib/gcc/x86_64-redhat-linux/4.8.5/../../../../lib64] ==> [/usr/lib64]
  collapse library dir [/lib/../lib64] ==> [/lib64]
  collapse library dir [/usr/lib/../lib64] ==> [/usr/lib64]
  collapse library dir [/usr/lib/gcc/x86_64-redhat-linux/4.8.5/../../..] ==> [/usr/lib]
  implicit libs: [c]
  implicit dirs: [/usr/lib/gcc/x86_64-redhat-linux/4.8.5;/usr/lib64;/lib64;/usr/lib]
  implicit fwks: []


Determining if the CXX compiler works passed with the following output:
Change Dir: /home/workspace/zhenyu/x265-iframe-adpatinitqp-amortize-slicetye-decide-bpframeqp-cutreebpstrength-multicore-purcutreelog/build/linux/CMakeFiles/CMakeTmp

Run Build Command:/bin/gmake "cmTryCompileExec1817162465/fast"
gmake: Warning: File `Makefile' has modification time 312 s in the future
/bin/gmake -f CMakeFiles/cmTryCompileExec1817162465.dir/build.make CMakeFiles/cmTryCompileExec1817162465.dir/build
gmake[1]: Entering directory `/home/workspace/zhenyu/x265-iframe-adpatinitqp-amortize-slicetye-decide-bpframeqp-cutreebpstrength-multicore-purcutreelog/build/linux/CMakeFiles/CMakeTmp'
gmake[1]: Warning: File `CMakeFiles/cmTryCompileExec1817162465.dir/flags.make' has modification time 312 s in the future
/usr/bin/cmake -E cmake_progress_report /home/workspace/zhenyu/x265-iframe-adpatinitqp-amortize-slicetye-decide-bpframeqp-cutreebpstrength-multicore-purcutreelog/build/linux/CMakeFiles/CMakeTmp/CMakeFiles 1
Building CXX object CMakeFiles/cmTryCompileExec1817162465.dir/testCXXCompiler.cxx.o
/bin/c++     -o CMakeFiles/cmTryCompileExec1817162465.dir/testCXXCompiler.cxx.o -c /home/workspace/zhenyu/x265-iframe-adpatinitqp-amortize-slicetye-decide-bpframeqp-cutreebpstrength-multicore-purcutreelog/build/linux/CMakeFiles/CMakeTmp/testCXXCompiler.cxx
Linking CXX executable cmTryCompileExec1817162465
/usr/bin/cmake -E cmake_link_script CMakeFiles/cmTryCompileExec1817162465.dir/link.txt --verbose=1
/bin/c++        CMakeFiles/cmTryCompileExec1817162465.dir/testCXXCompiler.cxx.o  -o cmTryCompileExec1817162465 -rdynamic 
gmake[1]: warning:  Clock skew detected.  Your build may be incomplete.
gmake[1]: Leaving directory `/home/workspace/zhenyu/x265-iframe-adpatinitqp-amortize-slicetye-decide-bpframeqp-cutreebpstrength-multicore-purcutreelog/build/linux/CMakeFiles/CMakeTmp'
gmake: warning:  Clock skew detected.  Your build may be incomplete.


Detecting CXX compiler ABI info compiled with the following output:
Change Dir: /home/workspace/zhenyu/x265-iframe-adpatinitqp-amortize-slicetye-decide-bpframeqp-cutreebpstrength-multicore-purcutreelog/build/linux/CMakeFiles/CMakeTmp

Run Build Command:/bin/gmake "cmTryCompileExec564295583/fast"
gmake: Warning: File `Makefile' has modification time 313 s in the future
/bin/gmake -f CMakeFiles/cmTryCompileExec564295583.dir/build.make CMakeFiles/cmTryCompileExec564295583.dir/build
gmake[1]: Entering directory `/home/workspace/zhenyu/x265-iframe-adpatinitqp-amortize-slicetye-decide-bpframeqp-cutreebpstrength-multicore-purcutreelog/build/linux/CMakeFiles/CMakeTmp'
gmake[1]: Warning: File `CMakeFiles/cmTryCompileExec564295583.dir/flags.make' has modification time 313 s in the future
/usr/bin/cmake -E cmake_progress_report /home/workspace/zhenyu/x265-iframe-adpatinitqp-amortize-slicetye-decide-bpframeqp-cutreebpstrength-multicore-purcutreelog/build/linux/CMakeFiles/CMakeTmp/CMakeFiles 1
Building CXX object CMakeFiles/cmTryCompileExec564295583.dir/CMakeCXXCompilerABI.cpp.o
/bin/c++     -o CMakeFiles/cmTryCompileExec564295583.dir/CMakeCXXCompilerABI.cpp.o -c /usr/share/cmake/Modules/CMakeCXXCompilerABI.cpp
Linking CXX executable cmTryCompileExec564295583
/usr/bin/cmake -E cmake_link_script CMakeFiles/cmTryCompileExec564295583.dir/link.txt --verbose=1
/bin/c++      -v CMakeFiles/cmTryCompileExec564295583.dir/CMakeCXXCompilerABI.cpp.o  -o cmTryCompileExec564295583 -rdynamic  
Using built-in specs.
COLLECT_GCC=/bin/c++
COLLECT_LTO_WRAPPER=/usr/libexec/gcc/x86_64-redhat-linux/4.8.5/lto-wrapper
Target: x86_64-redhat-linux
Configured with: ../configure --prefix=/usr --mandir=/usr/share/man --infodir=/usr/share/info --with-bugurl=http://bugzilla.redhat.com/bugzilla --enable-bootstrap --enable-shared --enable-threads=posix --enable-checking=release --with-system-zlib --enable-__cxa_atexit --disable-libunwind-exceptions --enable-gnu-unique-object --enable-linker-build-id --with-linker-hash-style=gnu --enable-languages=c,c++,objc,obj-c++,java,fortran,ada,go,lto --enable-plugin --enable-initfini-array --disable-libgcj --with-isl=/builddir/build/BUILD/gcc-4.8.5-20150702/obj-x86_64-redhat-linux/isl-install --with-cloog=/builddir/build/BUILD/gcc-4.8.5-20150702/obj-x86_64-redhat-linux/cloog-install --enable-gnu-indirect-function --with-tune=generic --with-arch_32=x86-64 --build=x86_64-redhat-linux
Thread model: posix
gcc version 4.8.5 20150623 (Red Hat 4.8.5-39) (GCC) 
COMPILER_PATH=/usr/libexec/gcc/x86_64-redhat-linux/4.8.5/:/usr/libexec/gcc/x86_64-redhat-linux/4.8.5/:/usr/libexec/gcc/x86_64-redhat-linux/:/usr/lib/gcc/x86_64-redhat-linux/4.8.5/:/usr/lib/gcc/x86_64-redhat-linux/
LIBRARY_PATH=/usr/lib/gcc/x86_64-redhat-linux/4.8.5/:/usr/lib/gcc/x86_64-redhat-linux/4.8.5/../../../../lib64/:/lib/../lib64/:/usr/lib/../lib64/:/usr/lib/gcc/x86_64-redhat-linux/4.8.5/../../../:/lib/:/usr/lib/
COLLECT_GCC_OPTIONS='-v' '-o' 'cmTryCompileExec564295583' '-rdynamic' '-shared-libgcc' '-mtune=generic' '-march=x86-64'
 /usr/libexec/gcc/x86_64-redhat-linux/4.8.5/collect2 --build-id --no-add-needed --eh-frame-hdr --hash-style=gnu -m elf_x86_64 -export-dynamic -dynamic-linker /lib64/ld-linux-x86-64.so.2 -o cmTryCompileExec564295583 /usr/lib/gcc/x86_64-redhat-linux/4.8.5/../../../../lib64/crt1.o /usr/lib/gcc/x86_64-redhat-linux/4.8.5/../../../../lib64/crti.o /usr/lib/gcc/x86_64-redhat-linux/4.8.5/crtbegin.o -L/usr/lib/gcc/x86_64-redhat-linux/4.8.5 -L/usr/lib/gcc/x86_64-redhat-linux/4.8.5/../../../../lib64 -L/lib/../lib64 -L/usr/lib/../lib64 -L/usr/lib/gcc/x86_64-redhat-linux/4.8.5/../../.. CMakeFiles/cmTryCompileExec564295583.dir/CMakeCXXCompilerABI.cpp.o -lstdc++ -lm -lgcc_s -lgcc -lc -lgcc_s -lgcc /usr/lib/gcc/x86_64-redhat-linux/4.8.5/crtend.o /usr/lib/gcc/x86_64-redhat-linux/4.8.5/../../../../lib64/crtn.o
gmake[1]: warning:  Clock skew detected.  Your build may be incomplete.
gmake[1]: Leaving directory `/home/workspace/zhenyu/x265-iframe-adpatinitqp-amortize-slicetye-decide-bpframeqp-cutreebpstrength-multicore-purcutreelog/build/linux/CMakeFiles/CMakeTmp'
gmake: warning:  Clock skew detected.  Your build may be incomplete.


Parsed CXX implicit link information from above output:
  link line regex: [^( *|.*[/\])(ld|([^/\]+-)?ld|collect2)[^/\]*( |$)]
  ignore line: [Change Dir: /home/workspace/zhenyu/x265-iframe-adpatinitqp-amortize-slicetye-decide-bpframeqp-cutreebpstrength-multicore-purcutreelog/build/linux/CMakeFiles/CMakeTmp]
  ignore line: []
  ignore line: [Run Build Command:/bin/gmake "cmTryCompileExec564295583/fast"]
  ignore line: [gmake: Warning: File `Makefile' has modification time 313 s in the future]
  ignore line: [/bin/gmake -f CMakeFiles/cmTryCompileExec564295583.dir/build.make CMakeFiles/cmTryCompileExec564295583.dir/build]
  ignore line: [gmake[1]: Entering directory `/home/workspace/zhenyu/x265-iframe-adpatinitqp-amortize-slicetye-decide-bpframeqp-cutreebpstrength-multicore-purcutreelog/build/linux/CMakeFiles/CMakeTmp']
  ignore line: [gmake[1]: Warning: File `CMakeFiles/cmTryCompileExec564295583.dir/flags.make' has modification time 313 s in the future]
  ignore line: [/usr/bin/cmake -E cmake_progress_report /home/workspace/zhenyu/x265-iframe-adpatinitqp-amortize-slicetye-decide-bpframeqp-cutreebpstrength-multicore-purcutreelog/build/linux/CMakeFiles/CMakeTmp/CMakeFiles 1]
  ignore line: [Building CXX object CMakeFiles/cmTryCompileExec564295583.dir/CMakeCXXCompilerABI.cpp.o]
  ignore line: [/bin/c++     -o CMakeFiles/cmTryCompileExec564295583.dir/CMakeCXXCompilerABI.cpp.o -c /usr/share/cmake/Modules/CMakeCXXCompilerABI.cpp]
  ignore line: [Linking CXX executable cmTryCompileExec564295583]
  ignore line: [/usr/bin/cmake -E cmake_link_script CMakeFiles/cmTryCompileExec564295583.dir/link.txt --verbose=1]
  ignore line: [/bin/c++      -v CMakeFiles/cmTryCompileExec564295583.dir/CMakeCXXCompilerABI.cpp.o  -o cmTryCompileExec564295583 -rdynamic  ]
  ignore line: [Using built-in specs.]
  ignore line: [COLLECT_GCC=/bin/c++]
  ignore line: [COLLECT_LTO_WRAPPER=/usr/libexec/gcc/x86_64-redhat-linux/4.8.5/lto-wrapper]
  ignore line: [Target: x86_64-redhat-linux]
  ignore line: [Configured with: ../configure --prefix=/usr --mandir=/usr/share/man --infodir=/usr/share/info --with-bugurl=http://bugzilla.redhat.com/bugzilla --enable-bootstrap --enable-shared --enable-threads=posix --enable-checking=release --with-system-zlib --enable-__cxa_atexit --disable-libunwind-exceptions --enable-gnu-unique-object --enable-linker-build-id --with-linker-hash-style=gnu --enable-languages=c,c++,objc,obj-c++,java,fortran,ada,go,lto --enable-plugin --enable-initfini-array --disable-libgcj --with-isl=/builddir/build/BUILD/gcc-4.8.5-20150702/obj-x86_64-redhat-linux/isl-install --with-cloog=/builddir/build/BUILD/gcc-4.8.5-20150702/obj-x86_64-redhat-linux/cloog-install --enable-gnu-indirect-function --with-tune=generic --with-arch_32=x86-64 --build=x86_64-redhat-linux]
  ignore line: [Thread model: posix]
  ignore line: [gcc version 4.8.5 20150623 (Red Hat 4.8.5-39) (GCC) ]
  ignore line: [COMPILER_PATH=/usr/libexec/gcc/x86_64-redhat-linux/4.8.5/:/usr/libexec/gcc/x86_64-redhat-linux/4.8.5/:/usr/libexec/gcc/x86_64-redhat-linux/:/usr/lib/gcc/x86_64-redhat-linux/4.8.5/:/usr/lib/gcc/x86_64-redhat-linux/]
  ignore line: [LIBRARY_PATH=/usr/lib/gcc/x86_64-redhat-linux/4.8.5/:/usr/lib/gcc/x86_64-redhat-linux/4.8.5/../../../../lib64/:/lib/../lib64/:/usr/lib/../lib64/:/usr/lib/gcc/x86_64-redhat-linux/4.8.5/../../../:/lib/:/usr/lib/]
  ignore line: [COLLECT_GCC_OPTIONS='-v' '-o' 'cmTryCompileExec564295583' '-rdynamic' '-shared-libgcc' '-mtune=generic' '-march=x86-64']
  link line: [ /usr/libexec/gcc/x86_64-redhat-linux/4.8.5/collect2 --build-id --no-add-needed --eh-frame-hdr --hash-style=gnu -m elf_x86_64 -export-dynamic -dynamic-linker /lib64/ld-linux-x86-64.so.2 -o cmTryCompileExec564295583 /usr/lib/gcc/x86_64-redhat-linux/4.8.5/../../../../lib64/crt1.o /usr/lib/gcc/x86_64-redhat-linux/4.8.5/../../../../lib64/crti.o /usr/lib/gcc/x86_64-redhat-linux/4.8.5/crtbegin.o -L/usr/lib/gcc/x86_64-redhat-linux/4.8.5 -L/usr/lib/gcc/x86_64-redhat-linux/4.8.5/../../../../lib64 -L/lib/../lib64 -L/usr/lib/../lib64 -L/usr/lib/gcc/x86_64-redhat-linux/4.8.5/../../.. CMakeFiles/cmTryCompileExec564295583.dir/CMakeCXXCompilerABI.cpp.o -lstdc++ -lm -lgcc_s -lgcc -lc -lgcc_s -lgcc /usr/lib/gcc/x86_64-redhat-linux/4.8.5/crtend.o /usr/lib/gcc/x86_64-redhat-linux/4.8.5/../../../../lib64/crtn.o]
    arg [/usr/libexec/gcc/x86_64-redhat-linux/4.8.5/collect2] ==> ignore
    arg [--build-id] ==> ignore
    arg [--no-add-needed] ==> ignore
    arg [--eh-frame-hdr] ==> ignore
    arg [--hash-style=gnu] ==> ignore
    arg [-m] ==> ignore
    arg [elf_x86_64] ==> ignore
    arg [-export-dynamic] ==> ignore
    arg [-dynamic-linker] ==> ignore
    arg [/lib64/ld-linux-x86-64.so.2] ==> ignore
    arg [-o] ==> ignore
    arg [cmTryCompileExec564295583] ==> ignore
    arg [/usr/lib/gcc/x86_64-redhat-linux/4.8.5/../../../../lib64/crt1.o] ==> ignore
    arg [/usr/lib/gcc/x86_64-redhat-linux/4.8.5/../../../../lib64/crti.o] ==> ignore
    arg [/usr/lib/gcc/x86_64-redhat-linux/4.8.5/crtbegin.o] ==> ignore
    arg [-L/usr/lib/gcc/x86_64-redhat-linux/4.8.5] ==> dir [/usr/lib/gcc/x86_64-redhat-linux/4.8.5]
    arg [-L/usr/lib/gcc/x86_64-redhat-linux/4.8.5/../../../../lib64] ==> dir [/usr/lib/gcc/x86_64-redhat-linux/4.8.5/../../../../lib64]
    arg [-L/lib/../lib64] ==> dir [/lib/../lib64]
    arg [-L/usr/lib/../lib64] ==> dir [/usr/lib/../lib64]
    arg [-L/usr/lib/gcc/x86_64-redhat-linux/4.8.5/../../..] ==> dir [/usr/lib/gcc/x86_64-redhat-linux/4.8.5/../../..]
    arg [CMakeFiles/cmTryCompileExec564295583.dir/CMakeCXXCompilerABI.cpp.o] ==> ignore
    arg [-lstdc++] ==> lib [stdc++]
    arg [-lm] ==> lib [m]
    arg [-lgcc_s] ==> lib [gcc_s]
    arg [-lgcc] ==> lib [gcc]
    arg [-lc] ==> lib [c]
    arg [-lgcc_s] ==> lib [gcc_s]
    arg [-lgcc] ==> lib [gcc]
    arg [/usr/lib/gcc/x86_64-redhat-linux/4.8.5/crtend.o] ==> ignore
    arg [/usr/lib/gcc/x86_64-redhat-linux/4.8.5/../../../../lib64/crtn.o] ==> ignore
  remove lib [gcc_s]
  remove lib [gcc]
  remove lib [gcc_s]
  remove lib [gcc]
  collapse library dir [/usr/lib/gcc/x86_64-redhat-linux/4.8.5] ==> [/usr/lib/gcc/x86_64-redhat-linux/4.8.5]
  collapse library dir [/usr/lib/gcc/x86_64-redhat-linux/4.8.5/../../../../lib64] ==> [/usr/lib64]
  collapse library dir [/lib/../lib64] ==> [/lib64]
  collapse library dir [/usr/lib/../lib64] ==> [/usr/lib64]
  collapse library dir [/usr/lib/gcc/x86_64-redhat-linux/4.8.5/../../..] ==> [/usr/lib]
  implicit libs: [stdc++;m;c]
  implicit dirs: [/usr/lib/gcc/x86_64-redhat-linux/4.8.5;/usr/lib64;/lib64;/usr/lib]
  implicit fwks: []


Determining if files inttypes.h exist passed with the following output:
Change Dir: /home/workspace/zhenyu/x265-iframe-adpatinitqp-amortize-slicetye-decide-bpframeqp-cutreebpstrength-multicore-purcutreelog/build/linux/CMakeFiles/CMakeTmp

Run Build Command:/bin/gmake "cmTryCompileExec2389404412/fast"
gmake: Warning: File `Makefile' has modification time 312 s in the future
/bin/gmake -f CMakeFiles/cmTryCompileExec2389404412.dir/build.make CMakeFiles/cmTryCompileExec2389404412.dir/build
gmake[1]: Entering directory `/home/workspace/zhenyu/x265-iframe-adpatinitqp-amortize-slicetye-decide-bpframeqp-cutreebpstrength-multicore-purcutreelog/build/linux/CMakeFiles/CMakeTmp'
gmake[1]: Warning: File `CMakeFiles/cmTryCompileExec2389404412.dir/flags.make' has modification time 312 s in the future
/usr/bin/cmake -E cmake_progress_report /home/workspace/zhenyu/x265-iframe-adpatinitqp-amortize-slicetye-decide-bpframeqp-cutreebpstrength-multicore-purcutreelog/build/linux/CMakeFiles/CMakeTmp/CMakeFiles 1
Building C object CMakeFiles/cmTryCompileExec2389404412.dir/CheckIncludeFiles.c.o
/bin/cc    -o CMakeFiles/cmTryCompileExec2389404412.dir/CheckIncludeFiles.c.o   -c /home/workspace/zhenyu/x265-iframe-adpatinitqp-amortize-slicetye-decide-bpframeqp-cutreebpstrength-multicore-purcutreelog/build/linux/CMakeFiles/CMakeTmp/CheckIncludeFiles.c
Linking C executable cmTryCompileExec2389404412
/usr/bin/cmake -E cmake_link_script CMakeFiles/cmTryCompileExec2389404412.dir/link.txt --verbose=1
/bin/cc       CMakeFiles/cmTryCompileExec2389404412.dir/CheckIncludeFiles.c.o  -o cmTryCompileExec2389404412 -rdynamic 
gmake[1]: warning:  Clock skew detected.  Your build may be incomplete.
gmake[1]: Leaving directory `/home/workspace/zhenyu/x265-iframe-adpatinitqp-amortize-slicetye-decide-bpframeqp-cutreebpstrength-multicore-purcutreelog/build/linux/CMakeFiles/CMakeTmp'
gmake: warning:  Clock skew detected.  Your build may be incomplete.


Performing C++ SOURCE FILE Test CC_HAS_NO_STRICT_OVERFLOW succeded with the following output:
Change Dir: /home/workspace/zhenyu/x265-iframe-adpatinitqp-amortize-slicetye-decide-bpframeqp-cutreebpstrength-multicore-purcutreelog/build/linux/CMakeFiles/CMakeTmp

Run Build Command:/bin/gmake "cmTryCompileExec2737959871/fast"
gmake: Warning: File `Makefile' has modification time 312 s in the future
/bin/gmake -f CMakeFiles/cmTryCompileExec2737959871.dir/build.make CMakeFiles/cmTryCompileExec2737959871.dir/build
gmake[1]: Entering directory `/home/workspace/zhenyu/x265-iframe-adpatinitqp-amortize-slicetye-decide-bpframeqp-cutreebpstrength-multicore-purcutreelog/build/linux/CMakeFiles/CMakeTmp'
gmake[1]: Warning: File `CMakeFiles/cmTryCompileExec2737959871.dir/flags.make' has modification time 312 s in the future
/usr/bin/cmake -E cmake_progress_report /home/workspace/zhenyu/x265-iframe-adpatinitqp-amortize-slicetye-decide-bpframeqp-cutreebpstrength-multicore-purcutreelog/build/linux/CMakeFiles/CMakeTmp/CMakeFiles 1
Building CXX object CMakeFiles/cmTryCompileExec2737959871.dir/src.cxx.o
/bin/c++    -DCC_HAS_NO_STRICT_OVERFLOW   -Wno-strict-overflow -o CMakeFiles/cmTryCompileExec2737959871.dir/src.cxx.o -c /home/workspace/zhenyu/x265-iframe-adpatinitqp-amortize-slicetye-decide-bpframeqp-cutreebpstrength-multicore-purcutreelog/build/linux/CMakeFiles/CMakeTmp/src.cxx
Linking CXX executable cmTryCompileExec2737959871
/usr/bin/cmake -E cmake_link_script CMakeFiles/cmTryCompileExec2737959871.dir/link.txt --verbose=1
/bin/c++    -DCC_HAS_NO_STRICT_OVERFLOW    CMakeFiles/cmTryCompileExec2737959871.dir/src.cxx.o  -o cmTryCompileExec2737959871 -rdynamic 
gmake[1]: warning:  Clock skew detected.  Your build may be incomplete.
gmake[1]: Leaving directory `/home/workspace/zhenyu/x265-iframe-adpatinitqp-amortize-slicetye-decide-bpframeqp-cutreebpstrength-multicore-purcutreelog/build/linux/CMakeFiles/CMakeTmp'
gmake: warning:  Clock skew detected.  Your build may be incomplete.

Source file was:
int main() { return 0;}
Performing C++ SOURCE FILE Test CC_HAS_NO_NARROWING succeded with the following output:
Change Dir: /home/workspace/zhenyu/x265-iframe-adpatinitqp-amortize-slicetye-decide-bpframeqp-cutreebpstrength-multicore-purcutreelog/build/linux/CMakeFiles/CMakeTmp

Run Build Command:/bin/gmake "cmTryCompileExec1378636615/fast"
gmake: Warning: File `Makefile' has modification time 312 s in the future
/bin/gmake -f CMakeFiles/cmTryCompileExec1378636615.dir/build.make CMakeFiles/cmTryCompileExec1378636615.dir/build
gmake[1]: Entering directory `/home/workspace/zhenyu/x265-iframe-adpatinitqp-amortize-slicetye-decide-bpframeqp-cutreebpstrength-multicore-purcutreelog/build/linux/CMakeFiles/CMakeTmp'
gmake[1]: Warning: File `CMakeFiles/cmTryCompileExec1378636615.dir/flags.make' has modification time 312 s in the future
/usr/bin/cmake -E cmake_progress_report /home/workspace/zhenyu/x265-iframe-adpatinitqp-amortize-slicetye-decide-bpframeqp-cutreebpstrength-multicore-purcutreelog/build/linux/CMakeFiles/CMakeTmp/CMakeFiles 1
Building CXX object CMakeFiles/cmTryCompileExec1378636615.dir/src.cxx.o
/bin/c++    -DCC_HAS_NO_NARROWING   -Wno-narrowing -o CMakeFiles/cmTryCompileExec1378636615.dir/src.cxx.o -c /home/workspace/zhenyu/x265-iframe-adpatinitqp-amortize-slicetye-decide-bpframeqp-cutreebpstrength-multicore-purcutreelog/build/linux/CMakeFiles/CMakeTmp/src.cxx
Linking CXX executable cmTryCompileExec1378636615
/usr/bin/cmake -E cmake_link_script CMakeFiles/cmTryCompileExec1378636615.dir/link.txt --verbose=1
/bin/c++    -DCC_HAS_NO_NARROWING    CMakeFiles/cmTryCompileExec1378636615.dir/src.cxx.o  -o cmTryCompileExec1378636615 -rdynamic 
gmake[1]: warning:  Clock skew detected.  Your build may be incomplete.
gmake[1]: Leaving directory `/home/workspace/zhenyu/x265-iframe-adpatinitqp-amortize-slicetye-decide-bpframeqp-cutreebpstrength-multicore-purcutreelog/build/linux/CMakeFiles/CMakeTmp'
gmake: warning:  Clock skew detected.  Your build may be incomplete.

Source file was:
int main() { return 0;}
Performing C++ SOURCE FILE Test CC_HAS_NO_ARRAY_BOUNDS succeded with the following output:
Change Dir: /home/workspace/zhenyu/x265-iframe-adpatinitqp-amortize-slicetye-decide-bpframeqp-cutreebpstrength-multicore-purcutreelog/build/linux/CMakeFiles/CMakeTmp

Run Build Command:/bin/gmake "cmTryCompileExec3279177837/fast"
gmake: Warning: File `Makefile' has modification time 312 s in the future
/bin/gmake -f CMakeFiles/cmTryCompileExec3279177837.dir/build.make CMakeFiles/cmTryCompileExec3279177837.dir/build
gmake[1]: Entering directory `/home/workspace/zhenyu/x265-iframe-adpatinitqp-amortize-slicetye-decide-bpframeqp-cutreebpstrength-multicore-purcutreelog/build/linux/CMakeFiles/CMakeTmp'
gmake[1]: Warning: File `CMakeFiles/cmTryCompileExec3279177837.dir/flags.make' has modification time 312 s in the future
/usr/bin/cmake -E cmake_progress_report /home/workspace/zhenyu/x265-iframe-adpatinitqp-amortize-slicetye-decide-bpframeqp-cutreebpstrength-multicore-purcutreelog/build/linux/CMakeFiles/CMakeTmp/CMakeFiles 1
Building CXX object CMakeFiles/cmTryCompileExec3279177837.dir/src.cxx.o
/bin/c++    -DCC_HAS_NO_ARRAY_BOUNDS   -Wno-array-bounds -o CMakeFiles/cmTryCompileExec3279177837.dir/src.cxx.o -c /home/workspace/zhenyu/x265-iframe-adpatinitqp-amortize-slicetye-decide-bpframeqp-cutreebpstrength-multicore-purcutreelog/build/linux/CMakeFiles/CMakeTmp/src.cxx
Linking CXX executable cmTryCompileExec3279177837
/usr/bin/cmake -E cmake_link_script CMakeFiles/cmTryCompileExec3279177837.dir/link.txt --verbose=1
/bin/c++    -DCC_HAS_NO_ARRAY_BOUNDS    CMakeFiles/cmTryCompileExec3279177837.dir/src.cxx.o  -o cmTryCompileExec3279177837 -rdynamic 
gmake[1]: Leaving directory `/home/workspace/zhenyu/x265-iframe-adpatinitqp-amortize-slicetye-decide-bpframeqp-cutreebpstrength-multicore-purcutreelog/build/linux/CMakeFiles/CMakeTmp'
gmake[1]: warning:  Clock skew detected.  Your build may be incomplete.
gmake: warning:  Clock skew detected.  Your build may be incomplete.

Source file was:
int main() { return 0;}
Performing C++ SOURCE FILE Test CC_HAS_FAST_MATH succeded with the following output:
Change Dir: /home/workspace/zhenyu/x265-iframe-adpatinitqp-amortize-slicetye-decide-bpframeqp-cutreebpstrength-multicore-purcutreelog/build/linux/CMakeFiles/CMakeTmp

Run Build Command:/bin/gmake "cmTryCompileExec1740019553/fast"
gmake: Warning: File `Makefile' has modification time 313 s in the future
/bin/gmake -f CMakeFiles/cmTryCompileExec1740019553.dir/build.make CMakeFiles/cmTryCompileExec1740019553.dir/build
gmake[1]: Entering directory `/home/workspace/zhenyu/x265-iframe-adpatinitqp-amortize-slicetye-decide-bpframeqp-cutreebpstrength-multicore-purcutreelog/build/linux/CMakeFiles/CMakeTmp'
gmake[1]: Warning: File `CMakeFiles/cmTryCompileExec1740019553.dir/flags.make' has modification time 313 s in the future
/usr/bin/cmake -E cmake_progress_report /home/workspace/zhenyu/x265-iframe-adpatinitqp-amortize-slicetye-decide-bpframeqp-cutreebpstrength-multicore-purcutreelog/build/linux/CMakeFiles/CMakeTmp/CMakeFiles 1
Building CXX object CMakeFiles/cmTryCompileExec1740019553.dir/src.cxx.o
/bin/c++    -DCC_HAS_FAST_MATH   -ffast-math -o CMakeFiles/cmTryCompileExec1740019553.dir/src.cxx.o -c /home/workspace/zhenyu/x265-iframe-adpatinitqp-amortize-slicetye-decide-bpframeqp-cutreebpstrength-multicore-purcutreelog/build/linux/CMakeFiles/CMakeTmp/src.cxx
Linking CXX executable cmTryCompileExec1740019553
/usr/bin/cmake -E cmake_link_script CMakeFiles/cmTryCompileExec1740019553.dir/link.txt --verbose=1
/bin/c++    -DCC_HAS_FAST_MATH    CMakeFiles/cmTryCompileExec1740019553.dir/src.cxx.o  -o cmTryCompileExec1740019553 -rdynamic 
gmake[1]: warning:  Clock skew detected.  Your build may be incomplete.
gmake[1]: Leaving directory `/home/workspace/zhenyu/x265-iframe-adpatinitqp-amortize-slicetye-decide-bpframeqp-cutreebpstrength-multicore-purcutreelog/build/linux/CMakeFiles/CMakeTmp'
gmake: warning:  Clock skew detected.  Your build may be incomplete.

Source file was:
int main() { return 0;}
Performing C++ SOURCE FILE Test CC_HAS_STACK_REALIGN succeded with the following output:
Change Dir: /home/workspace/zhenyu/x265-iframe-adpatinitqp-amortize-slicetye-decide-bpframeqp-cutreebpstrength-multicore-purcutreelog/build/linux/CMakeFiles/CMakeTmp

Run Build Command:/bin/gmake "cmTryCompileExec2212614878/fast"
gmake: Warning: File `Makefile' has modification time 313 s in the future
/bin/gmake -f CMakeFiles/cmTryCompileExec2212614878.dir/build.make CMakeFiles/cmTryCompileExec2212614878.dir/build
gmake[1]: Entering directory `/home/workspace/zhenyu/x265-iframe-adpatinitqp-amortize-slicetye-decide-bpframeqp-cutreebpstrength-multicore-purcutreelog/build/linux/CMakeFiles/CMakeTmp'
gmake[1]: Warning: File `CMakeFiles/cmTryCompileExec2212614878.dir/flags.make' has modification time 313 s in the future
/usr/bin/cmake -E cmake_progress_report /home/workspace/zhenyu/x265-iframe-adpatinitqp-amortize-slicetye-decide-bpframeqp-cutreebpstrength-multicore-purcutreelog/build/linux/CMakeFiles/CMakeTmp/CMakeFiles 1
Building CXX object CMakeFiles/cmTryCompileExec2212614878.dir/src.cxx.o
/bin/c++    -DCC_HAS_STACK_REALIGN   -mstackrealign -o CMakeFiles/cmTryCompileExec2212614878.dir/src.cxx.o -c /home/workspace/zhenyu/x265-iframe-adpatinitqp-amortize-slicetye-decide-bpframeqp-cutreebpstrength-multicore-purcutreelog/build/linux/CMakeFiles/CMakeTmp/src.cxx
Linking CXX executable cmTryCompileExec2212614878
/usr/bin/cmake -E cmake_link_script CMakeFiles/cmTryCompileExec2212614878.dir/link.txt --verbose=1
/bin/c++    -DCC_HAS_STACK_REALIGN    CMakeFiles/cmTryCompileExec2212614878.dir/src.cxx.o  -o cmTryCompileExec2212614878 -rdynamic 
gmake[1]: warning:  Clock skew detected.  Your build may be incomplete.
gmake[1]: Leaving directory `/home/workspace/zhenyu/x265-iframe-adpatinitqp-amortize-slicetye-decide-bpframeqp-cutreebpstrength-multicore-purcutreelog/build/linux/CMakeFiles/CMakeTmp'
gmake: warning:  Clock skew detected.  Your build may be incomplete.

Source file was:
int main() { return 0;}
Performing C++ SOURCE FILE Test CC_HAS_FNO_EXCEPTIONS_FLAG succeded with the following output:
Change Dir: /home/workspace/zhenyu/x265-iframe-adpatinitqp-amortize-slicetye-decide-bpframeqp-cutreebpstrength-multicore-purcutreelog/build/linux/CMakeFiles/CMakeTmp

Run Build Command:/bin/gmake "cmTryCompileExec2698791800/fast"
gmake: Warning: File `Makefile' has modification time 312 s in the future
/bin/gmake -f CMakeFiles/cmTryCompileExec2698791800.dir/build.make CMakeFiles/cmTryCompileExec2698791800.dir/build
gmake[1]: Entering directory `/home/workspace/zhenyu/x265-iframe-adpatinitqp-amortize-slicetye-decide-bpframeqp-cutreebpstrength-multicore-purcutreelog/build/linux/CMakeFiles/CMakeTmp'
gmake[1]: Warning: File `CMakeFiles/cmTryCompileExec2698791800.dir/flags.make' has modification time 312 s in the future
/usr/bin/cmake -E cmake_progress_report /home/workspace/zhenyu/x265-iframe-adpatinitqp-amortize-slicetye-decide-bpframeqp-cutreebpstrength-multicore-purcutreelog/build/linux/CMakeFiles/CMakeTmp/CMakeFiles 1
Building CXX object CMakeFiles/cmTryCompileExec2698791800.dir/src.cxx.o
/bin/c++    -DCC_HAS_FNO_EXCEPTIONS_FLAG   -fno-exceptions -o CMakeFiles/cmTryCompileExec2698791800.dir/src.cxx.o -c /home/workspace/zhenyu/x265-iframe-adpatinitqp-amortize-slicetye-decide-bpframeqp-cutreebpstrength-multicore-purcutreelog/build/linux/CMakeFiles/CMakeTmp/src.cxx
Linking CXX executable cmTryCompileExec2698791800
/usr/bin/cmake -E cmake_link_script CMakeFiles/cmTryCompileExec2698791800.dir/link.txt --verbose=1
/bin/c++    -DCC_HAS_FNO_EXCEPTIONS_FLAG    CMakeFiles/cmTryCompileExec2698791800.dir/src.cxx.o  -o cmTryCompileExec2698791800 -rdynamic 
gmake[1]: warning:  Clock skew detected.  Your build may be incomplete.
gmake[1]: Leaving directory `/home/workspace/zhenyu/x265-iframe-adpatinitqp-amortize-slicetye-decide-bpframeqp-cutreebpstrength-multicore-purcutreelog/build/linux/CMakeFiles/CMakeTmp'
gmake: warning:  Clock skew detected.  Your build may be incomplete.

Source file was:
int main() { return 0;}
Determining if the strtok_r exist passed with the following output:
Change Dir: /home/workspace/zhenyu/x265-iframe-adpatinitqp-amortize-slicetye-decide-bpframeqp-cutreebpstrength-multicore-purcutreelog/build/linux/CMakeFiles/CMakeTmp

Run Build Command:/bin/gmake "cmTryCompileExec258261598/fast"
gmake: Warning: File `Makefile' has modification time 312 s in the future
/bin/gmake -f CMakeFiles/cmTryCompileExec258261598.dir/build.make CMakeFiles/cmTryCompileExec258261598.dir/build
gmake[1]: Entering directory `/home/workspace/zhenyu/x265-iframe-adpatinitqp-amortize-slicetye-decide-bpframeqp-cutreebpstrength-multicore-purcutreelog/build/linux/CMakeFiles/CMakeTmp'
gmake[1]: Warning: File `CMakeFiles/cmTryCompileExec258261598.dir/flags.make' has modification time 312 s in the future
/usr/bin/cmake -E cmake_progress_report /home/workspace/zhenyu/x265-iframe-adpatinitqp-amortize-slicetye-decide-bpframeqp-cutreebpstrength-multicore-purcutreelog/build/linux/CMakeFiles/CMakeTmp/CMakeFiles 1
Building C object CMakeFiles/cmTryCompileExec258261598.dir/CheckSymbolExists.c.o
/bin/cc    -o CMakeFiles/cmTryCompileExec258261598.dir/CheckSymbolExists.c.o   -c /home/workspace/zhenyu/x265-iframe-adpatinitqp-amortize-slicetye-decide-bpframeqp-cutreebpstrength-multicore-purcutreelog/build/linux/CMakeFiles/CMakeTmp/CheckSymbolExists.c
Linking C executable cmTryCompileExec258261598
/usr/bin/cmake -E cmake_link_script CMakeFiles/cmTryCompileExec258261598.dir/link.txt --verbose=1
/bin/cc       CMakeFiles/cmTryCompileExec258261598.dir/CheckSymbolExists.c.o  -o cmTryCompileExec258261598 -rdynamic 
gmake[1]: warning:  Clock skew detected.  Your build may be incomplete.
gmake[1]: Leaving directory `/home/workspace/zhenyu/x265-iframe-adpatinitqp-amortize-slicetye-decide-bpframeqp-cutreebpstrength-multicore-purcutreelog/build/linux/CMakeFiles/CMakeTmp'
gmake: warning:  Clock skew detected.  Your build may be incomplete.

File /home/workspace/zhenyu/x265-iframe-adpatinitqp-amortize-slicetye-decide-bpframeqp-cutreebpstrength-multicore-purcutreelog/build/linux/CMakeFiles/CMakeTmp/CheckSymbolExists.c:
/* */
#include <string.h>

int main(int argc, char** argv)
{
  (void)argv;
#ifndef strtok_r
  return ((int*)(&strtok_r))[argc];
#else
  (void)argc;
  return 0;
#endif
}

Determining if files getopt.h exist passed with the following output:
Change Dir: /home/workspace/zhenyu/x265-iframe-adpatinitqp-amortize-slicetye-decide-bpframeqp-cutreebpstrength-multicore-purcutreelog/build/linux/CMakeFiles/CMakeTmp

Run Build Command:/bin/gmake "cmTryCompileExec3298234541/fast"
gmake: Warning: File `Makefile' has modification time 312 s in the future
/bin/gmake -f CMakeFiles/cmTryCompileExec3298234541.dir/build.make CMakeFiles/cmTryCompileExec3298234541.dir/build
gmake[1]: Entering directory `/home/workspace/zhenyu/x265-iframe-adpatinitqp-amortize-slicetye-decide-bpframeqp-cutreebpstrength-multicore-purcutreelog/build/linux/CMakeFiles/CMakeTmp'
gmake[1]: Warning: File `CMakeFiles/cmTryCompileExec3298234541.dir/flags.make' has modification time 312 s in the future
/usr/bin/cmake -E cmake_progress_report /home/workspace/zhenyu/x265-iframe-adpatinitqp-amortize-slicetye-decide-bpframeqp-cutreebpstrength-multicore-purcutreelog/build/linux/CMakeFiles/CMakeTmp/CMakeFiles 1
Building C object CMakeFiles/cmTryCompileExec3298234541.dir/CheckIncludeFiles.c.o
/bin/cc    -o CMakeFiles/cmTryCompileExec3298234541.dir/CheckIncludeFiles.c.o   -c /home/workspace/zhenyu/x265-iframe-adpatinitqp-amortize-slicetye-decide-bpframeqp-cutreebpstrength-multicore-purcutreelog/build/linux/CMakeFiles/CMakeTmp/CheckIncludeFiles.c
Linking C executable cmTryCompileExec3298234541
/usr/bin/cmake -E cmake_link_script CMakeFiles/cmTryCompileExec3298234541.dir/link.txt --verbose=1
/bin/cc       CMakeFiles/cmTryCompileExec3298234541.dir/CheckIncludeFiles.c.o  -o cmTryCompileExec3298234541 -rdynamic 
gmake[1]: warning:  Clock skew detected.  Your build may be incomplete.
gmake[1]: Leaving directory `/home/workspace/zhenyu/x265-iframe-adpatinitqp-amortize-slicetye-decide-bpframeqp-cutreebpstrength-multicore-purcutreelog/build/linux/CMakeFiles/CMakeTmp'
gmake: warning:  Clock skew detected.  Your build may be incomplete.


