#options: cpuid=1173503 frame-threads=1 no-wpp no-pmode no-pme psnr no-ssim log-level=2 bitdepth=8 input-csp=1 fps=50000/1000 input-res=768x432 interlace=0 total-frames=500 level-idc=0 high-tier=1 uhd-bd=0 ref=4 no-allow-non-conformance no-repeat-headers annexb no-aud no-hrd info hash=0 no-temporal-layers open-gop min-keyint=1 keyint=5000 bframes=15 b-adapt=2 b-pyramid bframe-bias=0 rc-lookahead=40 lookahead-slices=0 scenecut=40 no-intra-refresh ctu=64 min-cu-size=8 rect amp max-tu-size=32 tu-inter-depth=3 tu-intra-depth=3 limit-tu=4 rdoq-level=2 dynamic-rd=0.00 no-ssim-rd signhide no-tskip nr-intra=0 nr-inter=0 no-constrained-intra strong-intra-smoothing max-merge=4 limit-refs=1 limit-modes me=3 subme=4 merange=57 temporal-mvp weightp weightb no-analyze-src-pics deblock=0:0 sao no-sao-non-deblock rd=6 no-early-skip rskip no-fast-intra no-tskip-fast no-cu-lossless b-intra rdpenalty=0 psy-rd=0.00 psy-rdoq=0.00 no-rd-refine analysis-reuse-mode=0 no-lossless cbqpoffs=0 crqpoffs=0 rc=abr bitrate=2000 qcomp=0.60 qpstep=4 stats-write=1 stats-read=0 slow-firstpass ipratio=1.40 pbratio=1.30 aq-mode=1 aq-strength=0.00 cutree zone-count=0 no-strict-cbr qg-size=64 no-rc-grain qpmax=69 qpmin=0 no-const-vbv sar=0 overscan=0 videoformat=5 range=0 colorprim=2 transfer=2 colormatrix=2 chromaloc=0 display-window=0 max-cll=0,0 min-luma=0 max-luma=255 log2-max-poc-lsb=8 vui-timing-info vui-hrd-info slices=1 opt-qp-pps opt-ref-list-length-pps no-multi-pass-opt-rps scenecut-bias=0.05 no-opt-cu-delta-qp no-aq-motion no-hdr no-hdr-opt no-dhdr10-opt analysis-reuse-level=5 scale-factor=0 refine-intra=0 refine-inter=0 refine-mv=0 no-limit-sao ctu-info=0 max-tlayer=4
in:0 out:0 type:I q:22.40 q-aq:18.56 q-noVbv:22.40 q-Rceq:1.32 tex:1052 mv:681 misc:419 icu:1296.00 pcu:0.00 scu:0.00 tlayer:0 pbqpoffset:0.00 pbfactor:1.00 avgQpOffsetCutree:-2.19;
in:1 out:1 type:k q:25.31 q-aq:25.00 q-noVbv:25.31 q-Rceq:1.32 tex:0 mv:7 misc:137 icu:0.00 pcu:0.00 scu:1296.00 tlayer:0 pbqpoffset:0.00 pbfactor:1.00 avgQpOffsetCutree:-1.18;
in:2 out:2 type:i q:33.81 q-aq:25.73 q-noVbv:33.81 q-Rceq:1.32 tex:269230 mv:54287 misc:2131 icu:1296.00 pcu:0.00 scu:0.00 tlayer:0 pbqpoffset:0.00 pbfactor:1.00 avgQpOffsetCutree:-7.98;
in:18 out:3 type:k q:32.73 q-aq:23.30 q-noVbv:32.73 q-Rceq:1.32 tex:333409 mv:36931 misc:3196 icu:665.75 pcu:625.75 scu:4.50 tlayer:0 pbqpoffset:0.00 pbfactor:1.00 avgQpOffsetCutree:-7.95;
in:10 out:4 type:B q:35.61 q-aq:28.28 q-noVbv:35.61 q-Rceq:1.32 tex:37734 mv:14521 misc:3857 icu:17.00 pcu:1009.75 scu:269.25 tlayer:1 pbqpoffset:2.89 pbfactor:1.40 avgQpOffsetCutree:-5.75;
in:6 out:5 type:B q:37.01 q-aq:32.84 q-noVbv:37.01 q-Rceq:1.32 tex:1383 mv:3272 misc:1185 icu:2.50 pcu:467.75 scu:825.75 tlayer:2 pbqpoffset:4.28 pbfactor:1.64 avgQpOffsetCutree:-3.53;
in:4 out:6 type:B q:37.19 q-aq:35.46 q-noVbv:37.19 q-Rceq:1.32 tex:257 mv:1751 misc:760 icu:0.50 pcu:216.25 scu:1079.25 tlayer:3 pbqpoffset:4.47 pbfactor:1.68 avgQpOffsetCutree:-1.79;
in:3 out:7 type:b q:40.15 q-aq:40.00 q-noVbv:40.15 q-Rceq:1.32 tex:2 mv:478 misc:336 icu:0.00 pcu:76.25 scu:1219.75 tlayer:4 pbqpoffset:7.43 pbfactor:2.36 avgQpOffsetCutree:0.00;
in:5 out:8 type:b q:40.16 q-aq:40.00 q-noVbv:40.16 q-Rceq:1.32 tex:3 mv:574 misc:375 icu:0.00 pcu:118.50 scu:1177.50 tlayer:4 pbqpoffset:7.43 pbfactor:2.36 avgQpOffsetCutree:0.00;
in:8 out:9 type:B q:37.19 q-aq:36.23 q-noVbv:37.19 q-Rceq:1.32 tex:423 mv:1730 misc:783 icu:0.25 pcu:263.25 scu:1032.50 tlayer:3 pbqpoffset:4.47 pbfactor:1.68 avgQpOffsetCutree:-1.54;
in:7 out:10 type:b q:40.16 q-aq:40.00 q-noVbv:40.16 q-Rceq:1.32 tex:3 mv:531 misc:378 icu:0.00 pcu:111.25 scu:1184.75 tlayer:4 pbqpoffset:7.43 pbfactor:2.36 avgQpOffsetCutree:0.00;
in:9 out:11 type:b q:40.16 q-aq:40.00 q-noVbv:40.16 q-Rceq:1.32 tex:1 mv:450 misc:365 icu:0.00 pcu:105.00 scu:1191.00 tlayer:4 pbqpoffset:7.43 pbfactor:2.36 avgQpOffsetCutree:0.00;
in:14 out:12 type:B q:35.76 q-aq:31.38 q-noVbv:35.76 q-Rceq:1.32 tex:4916 mv:5944 misc:1988 icu:3.50 pcu:833.75 scu:458.75 tlayer:2 pbqpoffset:3.03 pbfactor:1.42 avgQpOffsetCutree:-3.68;
in:12 out:13 type:B q:37.19 q-aq:35.82 q-noVbv:37.19 q-Rceq:1.32 tex:251 mv:1747 misc:818 icu:0.00 pcu:237.75 scu:1058.25 tlayer:3 pbqpoffset:4.47 pbfactor:1.68 avgQpOffsetCutree:-1.53;
in:11 out:14 type:b q:40.16 q-aq:40.00 q-noVbv:40.16 q-Rceq:1.32 tex:9 mv:478 misc:369 icu:0.00 pcu:93.00 scu:1203.00 tlayer:4 pbqpoffset:7.43 pbfactor:2.36 avgQpOffsetCutree:0.00;
in:13 out:15 type:b q:40.16 q-aq:40.00 q-noVbv:40.16 q-Rceq:1.32 tex:5 mv:483 misc:376 icu:0.00 pcu:102.25 scu:1193.75 tlayer:4 pbqpoffset:7.43 pbfactor:2.36 avgQpOffsetCutree:0.00;
in:16 out:16 type:B q:36.05 q-aq:35.07 q-noVbv:36.05 q-Rceq:1.32 tex:659 mv:2313 misc:1020 icu:0.75 pcu:444.25 scu:851.00 tlayer:3 pbqpoffset:3.32 pbfactor:1.47 avgQpOffsetCutree:-1.11;
in:15 out:17 type:b q:40.16 q-aq:40.00 q-noVbv:40.16 q-Rceq:1.32 tex:4 mv:643 misc:393 icu:0.00 pcu:130.00 scu:1166.00 tlayer:4 pbqpoffset:7.44 pbfactor:2.36 avgQpOffsetCutree:0.00;
in:17 out:18 type:b q:40.17 q-aq:40.00 q-noVbv:40.17 q-Rceq:1.32 tex:4 mv:655 misc:437 icu:0.00 pcu:129.25 scu:1166.75 tlayer:4 pbqpoffset:7.44 pbfactor:2.36 avgQpOffsetCutree:0.00;
in:34 out:19 type:k q:30.34 q-aq:22.39 q-noVbv:30.34 q-Rceq:1.32 tex:324713 mv:32240 misc:3455 icu:463.00 pcu:823.00 scu:10.00 tlayer:0 pbqpoffset:0.00 pbfactor:1.00 avgQpOffsetCutree:-7.96;
in:26 out:20 type:B q:32.28 q-aq:24.96 q-noVbv:32.28 q-Rceq:1.32 tex:89971 mv:20291 misc:4434 icu:26.75 pcu:1088.00 scu:181.25 tlayer:1 pbqpoffset:1.95 pbfactor:1.25 avgQpOffsetCutree:-5.70;
in:22 out:21 type:B q:33.23 q-aq:30.07 q-noVbv:33.23 q-Rceq:1.32 tex:8307 mv:6220 misc:1625 icu:2.25 pcu:802.25 scu:491.50 tlayer:2 pbqpoffset:2.89 pbfactor:1.40 avgQpOffsetCutree:-2.60;
in:20 out:22 type:B q:33.93 q-aq:32.14 q-noVbv:33.93 q-Rceq:1.32 tex:1355 mv:4246 misc:1207 icu:0.00 pcu:662.75 scu:633.25 tlayer:3 pbqpoffset:3.59 pbfactor:1.51 avgQpOffsetCutree:-1.88;
in:19 out:23 type:b q:36.90 q-aq:37.00 q-noVbv:36.90 q-Rceq:1.32 tex:422 mv:1134 misc:612 icu:0.00 pcu:224.50 scu:1071.50 tlayer:4 pbqpoffset:6.56 pbfactor:2.13 avgQpOffsetCutree:0.00;
in:21 out:24 type:b q:36.91 q-aq:37.00 q-noVbv:36.91 q-Rceq:1.32 tex:124 mv:1328 misc:612 icu:0.00 pcu:246.50 scu:1049.50 tlayer:4 pbqpoffset:6.57 pbfactor:2.14 avgQpOffsetCutree:0.00;
in:24 out:25 type:B q:33.93 q-aq:32.16 q-noVbv:33.93 q-Rceq:1.32 tex:1394 mv:3325 misc:1153 icu:0.50 pcu:527.75 scu:767.75 tlayer:3 pbqpoffset:3.59 pbfactor:1.51 avgQpOffsetCutree:-2.16;
in:23 out:26 type:b q:36.91 q-aq:37.00 q-noVbv:36.91 q-Rceq:1.32 tex:172 mv:1121 misc:619 icu:0.25 pcu:155.50 scu:1140.25 tlayer:4 pbqpoffset:6.57 pbfactor:2.14 avgQpOffsetCutree:0.00;
in:25 out:27 type:b q:36.90 q-aq:37.00 q-noVbv:36.90 q-Rceq:1.32 tex:190 mv:1335 misc:707 icu:0.00 pcu:278.25 scu:1017.75 tlayer:4 pbqpoffset:6.56 pbfactor:2.13 avgQpOffsetCutree:0.00;
in:30 out:28 type:B q:32.67 q-aq:28.69 q-noVbv:32.67 q-Rceq:1.32 tex:21149 mv:11164 misc:3895 icu:12.00 pcu:913.25 scu:370.75 tlayer:2 pbqpoffset:2.33 pbfactor:1.31 avgQpOffsetCutree:-3.34;
in:28 out:29 type:B q:33.93 q-aq:32.35 q-noVbv:33.93 q-Rceq:1.32 tex:1639 mv:3524 misc:1301 icu:0.50 pcu:600.00 scu:695.50 tlayer:3 pbqpoffset:3.59 pbfactor:1.51 avgQpOffsetCutree:-1.49;
in:27 out:30 type:b q:35.99 q-aq:36.00 q-noVbv:35.99 q-Rceq:1.32 tex:88 mv:1189 misc:611 icu:0.00 pcu:155.00 scu:1141.00 tlayer:4 pbqpoffset:5.65 pbfactor:1.92 avgQpOffsetCutree:0.00;
in:29 out:31 type:b q:36.90 q-aq:37.00 q-noVbv:36.90 q-Rceq:1.32 tex:285 mv:1609 misc:738 icu:0.25 pcu:317.00 scu:978.75 tlayer:4 pbqpoffset:6.56 pbfactor:2.13 avgQpOffsetCutree:0.00;
in:32 out:32 type:B q:32.20 q-aq:31.08 q-noVbv:32.20 q-Rceq:1.32 tex:4257 mv:2958 misc:1321 icu:1.50 pcu:265.50 scu:1029.00 tlayer:3 pbqpoffset:1.86 pbfactor:1.24 avgQpOffsetCutree:-1.24;
in:31 out:33 type:b q:35.25 q-aq:35.00 q-noVbv:35.25 q-Rceq:1.32 tex:278 mv:2473 misc:1025 icu:0.50 pcu:479.50 scu:816.00 tlayer:4 pbqpoffset:4.91 pbfactor:1.76 avgQpOffsetCutree:0.00;
in:33 out:34 type:b q:36.07 q-aq:36.00 q-noVbv:36.07 q-Rceq:1.32 tex:296 mv:1149 misc:643 icu:0.25 pcu:129.75 scu:1166.00 tlayer:4 pbqpoffset:5.73 pbfactor:1.94 avgQpOffsetCutree:0.00;
in:50 out:35 type:k q:29.35 q-aq:21.89 q-noVbv:29.35 q-Rceq:1.32 tex:339443 mv:32059 misc:3642 icu:417.25 pcu:865.50 scu:13.25 tlayer:0 pbqpoffset:0.00 pbfactor:1.00 avgQpOffsetCutree:-8.03;
in:42 out:36 type:B q:31.68 q-aq:25.18 q-noVbv:31.68 q-Rceq:1.32 tex:75563 mv:18450 misc:4571 icu:54.00 pcu:1000.50 scu:241.50 tlayer:1 pbqpoffset:1.83 pbfactor:1.24 avgQpOffsetCutree:-5.26;
in:38 out:37 type:B q:33.20 q-aq:28.80 q-noVbv:33.20 q-Rceq:1.32 tex:9857 mv:6885 misc:2122 icu:2.75 pcu:833.25 scu:460.00 tlayer:2 pbqpoffset:3.10 pbfactor:1.43 avgQpOffsetCutree:-3.75;
in:36 out:38 type:B q:33.91 q-aq:32.28 q-noVbv:33.91 q-Rceq:1.32 tex:1517 mv:2877 misc:1118 icu:1.25 pcu:400.25 scu:894.50 tlayer:3 pbqpoffset:3.70 pbfactor:1.53 avgQpOffsetCutree:-2.00;
in:35 out:39 type:b q:36.95 q-aq:37.00 q-noVbv:36.95 q-Rceq:1.32 tex:216 mv:889 misc:535 icu:0.00 pcu:111.50 scu:1184.50 tlayer:4 pbqpoffset:6.68 pbfactor:2.16 avgQpOffsetCutree:0.00;
in:37 out:40 type:b q:35.49 q-aq:35.38 q-noVbv:35.49 q-Rceq:1.32 tex:165 mv:1096 misc:603 icu:0.25 pcu:136.50 scu:1159.25 tlayer:4 pbqpoffset:5.34 pbfactor:1.85 avgQpOffsetCutree:0.00;
in:40 out:41 type:B q:33.66 q-aq:32.08 q-noVbv:33.66 q-Rceq:1.32 tex:1401 mv:3381 misc:1250 icu:1.00 pcu:603.25 scu:691.75 tlayer:3 pbqpoffset:3.70 pbfactor:1.53 avgQpOffsetCutree:-1.62;
in:39 out:42 type:b q:35.39 q-aq:35.00 q-noVbv:35.39 q-Rceq:1.32 tex:354 mv:1362 misc:716 icu:0.00 pcu:265.75 scu:1030.25 tlayer:4 pbqpoffset:5.36 pbfactor:1.86 avgQpOffsetCutree:0.00;
in:41 out:43 type:b q:34.98 q-aq:35.00 q-noVbv:34.98 q-Rceq:1.32 tex:192 mv:1707 misc:725 icu:0.00 pcu:403.75 scu:892.25 tlayer:4 pbqpoffset:5.08 pbfactor:1.80 avgQpOffsetCutree:0.00;
in:46 out:44 type:B q:31.71 q-aq:27.92 q-noVbv:31.71 q-Rceq:1.32 tex:18966 mv:11704 misc:3786 icu:19.00 pcu:934.75 scu:342.25 tlayer:2 pbqpoffset:2.11 pbfactor:1.28 avgQpOffsetCutree:-3.23;
in:44 out:45 type:B q:33.31 q-aq:32.00 q-noVbv:33.31 q-Rceq:1.32 tex:954 mv:3653 misc:1113 icu:0.75 pcu:638.50 scu:656.75 tlayer:3 pbqpoffset:3.59 pbfactor:1.51 avgQpOffsetCutree:-1.71;
in:43 out:46 type:b q:35.69 q-aq:36.00 q-noVbv:35.69 q-Rceq:1.32 tex:108 mv:1626 misc:746 icu:0.00 pcu:422.50 scu:873.50 tlayer:4 pbqpoffset:5.91 pbfactor:1.98 avgQpOffsetCutree:0.00;
in:45 out:47 type:b q:35.48 q-aq:35.00 q-noVbv:35.48 q-Rceq:1.32 tex:211 mv:2486 misc:799 icu:0.00 pcu:604.25 scu:691.75 tlayer:4 pbqpoffset:5.82 pbfactor:1.96 avgQpOffsetCutree:0.00;
in:48 out:48 type:B q:33.17 q-aq:32.40 q-noVbv:33.17 q-Rceq:1.32 tex:1766 mv:3039 misc:1419 icu:3.00 pcu:377.25 scu:915.75 tlayer:3 pbqpoffset:3.70 pbfactor:1.53 avgQpOffsetCutree:-1.25;
in:47 out:49 type:b q:34.11 q-aq:34.00 q-noVbv:34.11 q-Rceq:1.32 tex:494 mv:1893 misc:909 icu:1.50 pcu:478.50 scu:816.00 tlayer:4 pbqpoffset:4.58 pbfactor:1.70 avgQpOffsetCutree:0.00;
in:49 out:50 type:b q:36.09 q-aq:36.00 q-noVbv:36.09 q-Rceq:1.32 tex:116 mv:867 misc:529 icu:0.00 pcu:150.50 scu:1145.50 tlayer:4 pbqpoffset:6.68 pbfactor:2.16 avgQpOffsetCutree:0.00;
in:66 out:51 type:k q:28.78 q-aq:21.62 q-noVbv:28.78 q-Rceq:1.32 tex:328149 mv:31535 misc:3484 icu:397.50 pcu:890.00 scu:8.50 tlayer:0 pbqpoffset:1.47 pbfactor:1.18 avgQpOffsetCutree:-7.95;
in:58 out:52 type:B q:30.92 q-aq:24.23 q-noVbv:30.92 q-Rceq:1.32 tex:102763 mv:19656 misc:4757 icu:45.75 pcu:1094.00 scu:156.25 tlayer:1 pbqpoffset:1.86 pbfactor:1.24 avgQpOffsetCutree:-5.77;
in:54 out:53 type:B q:32.11 q-aq:28.34 q-noVbv:32.11 q-Rceq:1.32 tex:8064 mv:7020 misc:2140 icu:5.50 pcu:756.00 scu:534.50 tlayer:2 pbqpoffset:2.90 pbfactor:1.40 avgQpOffsetCutree:-3.18;
in:52 out:54 type:B q:33.00 q-aq:31.77 q-noVbv:33.00 q-Rceq:1.32 tex:1375 mv:3484 misc:1165 icu:2.25 pcu:563.75 scu:730.00 tlayer:3 pbqpoffset:3.72 pbfactor:1.54 avgQpOffsetCutree:-1.56;
in:51 out:55 type:b q:35.78 q-aq:36.00 q-noVbv:35.78 q-Rceq:1.32 tex:158 mv:1430 misc:724 icu:0.00 pcu:356.00 scu:940.00 tlayer:4 pbqpoffset:6.46 pbfactor:2.11 avgQpOffsetCutree:0.00;
in:53 out:56 type:b q:34.60 q-aq:35.00 q-noVbv:34.60 q-Rceq:1.32 tex:96 mv:2375 misc:825 icu:0.50 pcu:559.50 scu:736.00 tlayer:4 pbqpoffset:5.35 pbfactor:1.86 avgQpOffsetCutree:0.00;
in:56 out:57 type:B q:32.86 q-aq:31.74 q-noVbv:32.86 q-Rceq:1.32 tex:1282 mv:3672 misc:1270 icu:0.75 pcu:578.75 scu:716.50 tlayer:3 pbqpoffset:3.72 pbfactor:1.54 avgQpOffsetCutree:-1.44;
in:55 out:58 type:b q:35.36 q-aq:35.00 q-noVbv:35.36 q-Rceq:1.32 tex:87 mv:1820 misc:781 icu:0.50 pcu:367.00 scu:928.50 tlayer:4 pbqpoffset:6.19 pbfactor:2.04 avgQpOffsetCutree:0.00;
in:57 out:59 type:b q:35.81 q-aq:36.00 q-noVbv:35.81 q-Rceq:1.32 tex:129 mv:937 misc:582 icu:0.00 pcu:153.75 scu:1142.25 tlayer:4 pbqpoffset:6.71 pbfactor:2.17 avgQpOffsetCutree:0.00;
in:62 out:60 type:B q:30.86 q-aq:26.81 q-noVbv:30.86 q-Rceq:1.32 tex:31015 mv:13189 misc:4260 icu:23.00 pcu:927.50 scu:345.50 tlayer:2 pbqpoffset:1.94 pbfactor:1.25 avgQpOffsetCutree:-3.50;
in:60 out:61 type:B q:32.67 q-aq:30.61 q-noVbv:32.67 q-Rceq:1.32 tex:1888 mv:4967 misc:1369 icu:0.50 pcu:745.00 scu:550.50 tlayer:3 pbqpoffset:3.67 pbfactor:1.53 avgQpOffsetCutree:-1.93;
in:59 out:62 type:b q:33.66 q-aq:34.00 q-noVbv:33.66 q-Rceq:1.32 tex:162 mv:2615 misc:871 icu:0.00 pcu:570.50 scu:725.50 tlayer:4 pbqpoffset:4.63 pbfactor:1.71 avgQpOffsetCutree:0.00;
in:61 out:63 type:b q:34.72 q-aq:35.00 q-noVbv:34.72 q-Rceq:1.32 tex:46 mv:2205 misc:765 icu:0.00 pcu:569.75 scu:726.25 tlayer:4 pbqpoffset:5.77 pbfactor:1.95 avgQpOffsetCutree:0.00;
in:64 out:64 type:B q:31.41 q-aq:30.17 q-noVbv:31.41 q-Rceq:1.32 tex:5512 mv:4197 misc:1947 icu:2.75 pcu:467.25 scu:826.00 tlayer:3 pbqpoffset:2.56 pbfactor:1.34 avgQpOffsetCutree:-1.59;
in:63 out:65 type:b q:33.60 q-aq:34.00 q-noVbv:33.60 q-Rceq:1.32 tex:458 mv:1966 misc:888 icu:1.00 pcu:462.50 scu:832.50 tlayer:4 pbqpoffset:4.71 pbfactor:1.72 avgQpOffsetCutree:0.00;
in:65 out:66 type:b q:34.87 q-aq:35.00 q-noVbv:34.87 q-Rceq:1.32 tex:49 mv:1380 misc:683 icu:0.25 pcu:243.25 scu:1052.50 tlayer:4 pbqpoffset:6.05 pbfactor:2.01 avgQpOffsetCutree:0.00;
in:74 out:67 type:k q:30.24 q-aq:22.39 q-noVbv:30.24 q-Rceq:1.32 tex:151421 mv:21674 misc:4369 icu:92.25 pcu:1126.00 scu:77.75 tlayer:0 pbqpoffset:1.47 pbfactor:1.18 avgQpOffsetCutree:-7.67;
in:70 out:68 type:B q:31.20 q-aq:26.61 q-noVbv:31.20 q-Rceq:1.32 tex:20558 mv:10627 misc:2791 icu:11.50 pcu:910.75 scu:373.75 tlayer:1 pbqpoffset:1.69 pbfactor:1.22 avgQpOffsetCutree:-3.89;
in:68 out:69 type:B q:32.21 q-aq:30.66 q-noVbv:32.21 q-Rceq:1.32 tex:1699 mv:4696 misc:1245 icu:1.50 pcu:736.75 scu:557.75 tlayer:2 pbqpoffset:3.07 pbfactor:1.43 avgQpOffsetCutree:-1.84;
in:67 out:70 type:b q:33.08 q-aq:33.00 q-noVbv:33.08 q-Rceq:1.32 tex:370 mv:2469 misc:897 icu:0.00 pcu:430.25 scu:865.75 tlayer:3 pbqpoffset:4.12 pbfactor:1.61 avgQpOffsetCutree:0.00;
in:69 out:71 type:b q:32.55 q-aq:33.00 q-noVbv:32.55 q-Rceq:1.32 tex:714 mv:3101 misc:961 icu:1.00 pcu:664.00 scu:631.00 tlayer:3 pbqpoffset:3.23 pbfactor:1.45 avgQpOffsetCutree:0.00;
in:72 out:72 type:B q:33.14 q-aq:31.94 q-noVbv:33.14 q-Rceq:1.32 tex:1721 mv:4128 misc:1271 icu:0.75 pcu:684.25 scu:611.00 tlayer:2 pbqpoffset:3.27 pbfactor:1.46 avgQpOffsetCutree:-2.18;
in:71 out:73 type:b q:33.93 q-aq:34.00 q-noVbv:33.93 q-Rceq:1.32 tex:593 mv:1517 misc:746 icu:0.25 pcu:242.25 scu:1053.50 tlayer:3 pbqpoffset:4.25 pbfactor:1.63 avgQpOffsetCutree:0.00;
in:73 out:74 type:b q:32.93 q-aq:33.00 q-noVbv:32.93 q-Rceq:1.32 tex:475 mv:2768 misc:965 icu:0.25 pcu:516.50 scu:779.25 tlayer:3 pbqpoffset:2.88 pbfactor:1.39 avgQpOffsetCutree:0.00;
in:83 out:75 type:k q:30.09 q-aq:22.68 q-noVbv:30.09 q-Rceq:1.32 tex:262937 mv:27622 misc:3513 icu:386.50 pcu:901.50 scu:8.00 tlayer:0 pbqpoffset:1.47 pbfactor:1.18 avgQpOffsetCutree:-7.84;
in:79 out:76 type:B q:31.81 q-aq:29.05 q-noVbv:31.81 q-Rceq:1.32 tex:11628 mv:8261 misc:2863 icu:37.00 pcu:843.00 scu:416.00 tlayer:1 pbqpoffset:1.66 pbfactor:1.21 avgQpOffsetCutree:-2.43;
in:77 out:77 type:B q:32.93 q-aq:30.56 q-noVbv:32.93 q-Rceq:1.32 tex:1455 mv:4362 misc:1215 icu:3.50 pcu:611.50 scu:681.00 tlayer:2 pbqpoffset:2.74 pbfactor:1.37 avgQpOffsetCutree:-1.81;
in:76 out:78 type:B q:33.73 q-aq:33.62 q-noVbv:33.73 q-Rceq:1.32 tex:524 mv:2447 misc:813 icu:0.50 pcu:431.00 scu:864.50 tlayer:3 pbqpoffset:3.52 pbfactor:1.50 avgQpOffsetCutree:-1.10;
in:75 out:79 type:b q:36.05 q-aq:36.00 q-noVbv:36.05 q-Rceq:1.32 tex:208 mv:1506 misc:678 icu:0.50 pcu:278.25 scu:1017.25 tlayer:4 pbqpoffset:5.83 pbfactor:1.96 avgQpOffsetCutree:0.00;
in:78 out:80 type:b q:33.76 q-aq:34.00 q-noVbv:33.76 q-Rceq:1.32 tex:57 mv:1804 misc:675 icu:0.00 pcu:515.00 scu:781.00 tlayer:3 pbqpoffset:3.59 pbfactor:1.51 avgQpOffsetCutree:0.00;
in:81 out:81 type:B q:31.84 q-aq:29.15 q-noVbv:31.84 q-Rceq:1.32 tex:14924 mv:6490 misc:2754 icu:14.25 pcu:663.00 scu:618.75 tlayer:2 pbqpoffset:1.72 pbfactor:1.22 avgQpOffsetCutree:-2.42;
in:80 out:82 type:b q:35.85 q-aq:36.00 q-noVbv:35.85 q-Rceq:1.32 tex:411 mv:1096 misc:661 icu:0.25 pcu:95.00 scu:1200.75 tlayer:3 pbqpoffset:5.71 pbfactor:1.93 avgQpOffsetCutree:0.00;
in:82 out:83 type:b q:33.81 q-aq:34.00 q-noVbv:33.81 q-Rceq:1.32 tex:529 mv:1933 misc:826 icu:0.25 pcu:376.50 scu:919.25 tlayer:3 pbqpoffset:3.71 pbfactor:1.53 avgQpOffsetCutree:0.00;
in:95 out:84 type:k q:26.86 q-aq:19.10 q-noVbv:26.86 q-Rceq:1.32 tex:343153 mv:27672 misc:3159 icu:255.50 pcu:1030.50 scu:10.00 tlayer:0 pbqpoffset:0.59 pbfactor:1.07 avgQpOffsetCutree:-7.39;
in:89 out:85 type:B q:30.60 q-aq:25.13 q-noVbv:30.60 q-Rceq:1.32 tex:41932 mv:15769 misc:3859 icu:21.75 pcu:954.25 scu:320.00 tlayer:1 pbqpoffset:2.13 pbfactor:1.28 avgQpOffsetCutree:-4.46;
in:86 out:86 type:B q:32.44 q-aq:28.78 q-noVbv:32.44 q-Rceq:1.32 tex:7400 mv:6990 misc:2122 icu:8.50 pcu:791.00 scu:496.50 tlayer:2 pbqpoffset:3.16 pbfactor:1.44 avgQpOffsetCutree:-3.02;
in:85 out:87 type:B q:33.12 q-aq:32.75 q-noVbv:33.12 q-Rceq:1.32 tex:922 mv:2784 misc:1070 icu:0.25 pcu:446.25 scu:849.50 tlayer:3 pbqpoffset:3.57 pbfactor:1.51 avgQpOffsetCutree:-1.00;
in:84 out:88 type:b q:33.76 q-aq:34.00 q-noVbv:33.76 q-Rceq:1.32 tex:230 mv:1849 misc:801 icu:0.00 pcu:287.75 scu:1008.25 tlayer:4 pbqpoffset:3.94 pbfactor:1.58 avgQpOffsetCutree:0.00;
in:88 out:89 type:B q:32.32 q-aq:32.07 q-noVbv:32.32 q-Rceq:1.32 tex:904 mv:3419 misc:1157 icu:1.00 pcu:604.50 scu:690.50 tlayer:3 pbqpoffset:3.57 pbfactor:1.51 avgQpOffsetCutree:-1.04;
in:87 out:90 type:b q:34.39 q-aq:34.00 q-noVbv:34.39 q-Rceq:1.32 tex:577 mv:2165 misc:874 icu:0.00 pcu:352.25 scu:943.75 tlayer:4 pbqpoffset:5.38 pbfactor:1.86 avgQpOffsetCutree:0.00;
in:92 out:91 type:B q:30.51 q-aq:27.12 q-noVbv:30.51 q-Rceq:1.32 tex:10769 mv:8911 misc:2376 icu:4.00 pcu:864.50 scu:427.50 tlayer:2 pbqpoffset:2.84 pbfactor:1.39 avgQpOffsetCutree:-3.01;
in:91 out:92 type:B q:31.43 q-aq:31.50 q-noVbv:31.43 q-Rceq:1.32 tex:1577 mv:3782 misc:1137 icu:0.25 pcu:571.75 scu:724.00 tlayer:3 pbqpoffset:3.49 pbfactor:1.50 avgQpOffsetCutree:-0.78;
in:90 out:93 type:b q:32.59 q-aq:33.00 q-noVbv:32.59 q-Rceq:1.32 tex:743 mv:2715 misc:1006 icu:0.25 pcu:514.75 scu:781.00 tlayer:4 pbqpoffset:4.38 pbfactor:1.66 avgQpOffsetCutree:0.00;
in:94 out:94 type:B q:30.71 q-aq:30.41 q-noVbv:30.71 q-Rceq:1.32 tex:1799 mv:2805 misc:1148 icu:0.50 pcu:324.25 scu:971.25 tlayer:3 pbqpoffset:3.57 pbfactor:1.51 avgQpOffsetCutree:-1.08;
in:93 out:95 type:b q:32.14 q-aq:32.00 q-noVbv:32.14 q-Rceq:1.32 tex:1055 mv:2883 misc:1110 icu:0.75 pcu:443.50 scu:851.75 tlayer:4 pbqpoffset:4.74 pbfactor:1.73 avgQpOffsetCutree:0.00;
in:99 out:96 type:k q:30.25 q-aq:23.18 q-noVbv:30.25 q-Rceq:1.32 tex:248771 mv:22683 misc:3706 icu:246.50 pcu:1033.50 scu:16.00 tlayer:0 pbqpoffset:0.59 pbfactor:1.07 avgQpOffsetCutree:-7.96;
in:97 out:97 type:B q:30.44 q-aq:27.74 q-noVbv:30.44 q-Rceq:1.32 tex:13598 mv:6356 misc:2846 icu:3.25 pcu:574.75 scu:718.00 tlayer:1 pbqpoffset:1.88 pbfactor:1.24 avgQpOffsetCutree:-2.60;
in:96 out:98 type:b q:32.72 q-aq:33.00 q-noVbv:32.72 q-Rceq:1.32 tex:863 mv:1733 misc:1028 icu:0.50 pcu:136.50 scu:1159.00 tlayer:2 pbqpoffset:5.01 pbfactor:1.78 avgQpOffsetCutree:0.00;
in:98 out:99 type:b q:33.64 q-aq:34.00 q-noVbv:33.64 q-Rceq:1.32 tex:426 mv:2047 misc:855 icu:0.50 pcu:345.00 scu:950.50 tlayer:2 pbqpoffset:4.23 pbfactor:1.63 avgQpOffsetCutree:0.00;
in:115 out:100 type:k q:26.41 q-aq:18.88 q-noVbv:26.41 q-Rceq:1.32 tex:403937 mv:32633 misc:3070 icu:494.75 pcu:798.50 scu:2.75 tlayer:0 pbqpoffset:0.70 pbfactor:1.08 avgQpOffsetCutree:-7.95;
in:107 out:101 type:B q:30.13 q-aq:23.14 q-noVbv:30.13 q-Rceq:1.32 tex:126241 mv:20025 misc:4382 icu:43.00 pcu:1156.25 scu:96.75 tlayer:1 pbqpoffset:1.80 pbfactor:1.23 avgQpOffsetCutree:-5.69;
in:103 out:102 type:B q:32.25 q-aq:28.87 q-noVbv:32.25 q-Rceq:1.32 tex:10459 mv:6792 misc:1957 icu:8.00 pcu:782.50 scu:505.50 tlayer:2 pbqpoffset:2.96 pbfactor:1.41 avgQpOffsetCutree:-2.54;
in:101 out:103 type:B q:33.44 q-aq:31.84 q-noVbv:33.44 q-Rceq:1.32 tex:2035 mv:4095 misc:1190 icu:4.75 pcu:640.25 scu:651.00 tlayer:3 pbqpoffset:3.67 pbfactor:1.53 avgQpOffsetCutree:-1.87;
in:100 out:104 type:b q:36.25 q-aq:36.00 q-noVbv:36.25 q-Rceq:1.32 tex:202 mv:1554 misc:708 icu:0.25 pcu:242.75 scu:1053.00 tlayer:4 pbqpoffset:6.24 pbfactor:2.06 avgQpOffsetCutree:0.00;
in:102 out:105 type:b q:34.79 q-aq:35.00 q-noVbv:34.79 q-Rceq:1.32 tex:460 mv:1785 misc:795 icu:0.00 pcu:312.75 scu:983.25 tlayer:4 pbqpoffset:5.26 pbfactor:1.84 avgQpOffsetCutree:0.00;
in:105 out:106 type:B q:32.48 q-aq:30.71 q-noVbv:32.48 q-Rceq:1.32 tex:1922 mv:4422 misc:1504 icu:0.25 pcu:667.50 scu:628.25 tlayer:3 pbqpoffset:3.67 pbfactor:1.53 avgQpOffsetCutree:-2.06;
in:104 out:107 type:b q:34.97 q-aq:35.00 q-noVbv:34.97 q-Rceq:1.32 tex:343 mv:1521 misc:728 icu:0.50 pcu:307.00 scu:988.50 tlayer:4 pbqpoffset:5.92 pbfactor:1.98 avgQpOffsetCutree:0.00;
in:106 out:108 type:b q:34.78 q-aq:35.00 q-noVbv:34.78 q-Rceq:1.32 tex:274 mv:1649 misc:749 icu:0.00 pcu:305.00 scu:991.00 tlayer:4 pbqpoffset:6.21 pbfactor:2.05 avgQpOffsetCutree:0.00;
in:111 out:109 type:B q:29.93 q-aq:27.81 q-noVbv:29.93 q-Rceq:1.32 tex:13231 mv:6508 misc:2757 icu:26.25 pcu:751.00 scu:518.75 tlayer:2 pbqpoffset:2.56 pbfactor:1.34 avgQpOffsetCutree:-2.01;
in:109 out:110 type:B q:31.52 q-aq:30.03 q-noVbv:31.52 q-Rceq:1.32 tex:1778 mv:3036 misc:1034 icu:5.00 pcu:413.25 scu:877.75 tlayer:3 pbqpoffset:3.67 pbfactor:1.53 avgQpOffsetCutree:-1.83;
in:108 out:111 type:b q:34.75 q-aq:35.00 q-noVbv:34.75 q-Rceq:1.32 tex:214 mv:1156 misc:654 icu:0.00 pcu:195.00 scu:1101.00 tlayer:4 pbqpoffset:6.66 pbfactor:2.16 avgQpOffsetCutree:0.00;
in:110 out:112 type:b q:32.85 q-aq:33.00 q-noVbv:32.85 q-Rceq:1.32 tex:520 mv:2289 misc:847 icu:1.00 pcu:586.25 scu:708.75 tlayer:4 pbqpoffset:5.24 pbfactor:1.83 avgQpOffsetCutree:0.00;
in:113 out:113 type:B q:29.04 q-aq:26.25 q-noVbv:29.04 q-Rceq:1.32 tex:20772 mv:6932 misc:2664 icu:3.75 pcu:480.25 scu:812.00 tlayer:3 pbqpoffset:2.15 pbfactor:1.28 avgQpOffsetCutree:-2.49;
in:112 out:114 type:b q:30.07 q-aq:30.00 q-noVbv:30.07 q-Rceq:1.32 tex:5762 mv:3200 misc:1550 icu:1.75 pcu:426.00 scu:868.25 tlayer:4 pbqpoffset:2.94 pbfactor:1.40 avgQpOffsetCutree:0.00;
in:114 out:115 type:b q:31.80 q-aq:32.00 q-noVbv:31.80 q-Rceq:1.32 tex:1017 mv:2170 misc:861 icu:0.00 pcu:288.50 scu:1007.50 tlayer:4 pbqpoffset:5.15 pbfactor:1.81 avgQpOffsetCutree:0.00;
in:131 out:116 type:k q:26.74 q-aq:19.82 q-noVbv:26.74 q-Rceq:1.32 tex:372881 mv:33314 misc:3269 icu:470.50 pcu:821.00 scu:4.50 tlayer:0 pbqpoffset:0.56 pbfactor:1.07 avgQpOffsetCutree:-8.13;
in:123 out:117 type:B q:28.62 q-aq:22.60 q-noVbv:28.62 q-Rceq:1.32 tex:124495 mv:20868 misc:3805 icu:69.50 pcu:1167.50 scu:59.00 tlayer:1 pbqpoffset:2.04 pbfactor:1.27 avgQpOffsetCutree:-5.56;
in:119 out:118 type:B q:29.34 q-aq:24.91 q-noVbv:29.34 q-Rceq:1.32 tex:33494 mv:14593 misc:3905 icu:8.50 pcu:894.75 scu:392.75 tlayer:2 pbqpoffset:2.84 pbfactor:1.39 avgQpOffsetCutree:-3.90;
in:117 out:119 type:B q:30.24 q-aq:28.16 q-noVbv:30.24 q-Rceq:1.32 tex:5037 mv:5851 misc:1664 icu:0.75 pcu:763.00 scu:532.25 tlayer:3 pbqpoffset:3.79 pbfactor:1.55 avgQpOffsetCutree:-1.65;
in:116 out:120 type:b q:32.35 q-aq:32.34 q-noVbv:32.35 q-Rceq:1.32 tex:1139 mv:3204 misc:993 icu:0.00 pcu:651.25 scu:644.75 tlayer:4 pbqpoffset:5.92 pbfactor:1.98 avgQpOffsetCutree:0.00;
in:118 out:121 type:b q:33.25 q-aq:33.00 q-noVbv:33.25 q-Rceq:1.32 tex:535 mv:1727 misc:866 icu:0.00 pcu:283.00 scu:1013.00 tlayer:4 pbqpoffset:6.78 pbfactor:2.19 avgQpOffsetCutree:0.00;
in:121 out:122 type:B q:30.33 q-aq:28.68 q-noVbv:30.33 q-Rceq:1.32 tex:3622 mv:5393 misc:1777 icu:3.25 pcu:772.75 scu:520.00 tlayer:3 pbqpoffset:3.79 pbfactor:1.55 avgQpOffsetCutree:-1.53;
in:120 out:123 type:b q:31.45 q-aq:31.29 q-noVbv:31.45 q-Rceq:1.32 tex:813 mv:3152 misc:1011 icu:0.00 pcu:666.50 scu:629.50 tlayer:4 pbqpoffset:4.94 pbfactor:1.77 avgQpOffsetCutree:0.00;
in:122 out:124 type:b q:33.34 q-aq:33.00 q-noVbv:33.34 q-Rceq:1.32 tex:559 mv:1997 misc:804 icu:0.00 pcu:423.25 scu:872.75 tlayer:4 pbqpoffset:6.78 pbfactor:2.19 avgQpOffsetCutree:0.00;
in:127 out:125 type:B q:29.20 q-aq:26.20 q-noVbv:29.20 q-Rceq:1.32 tex:19676 mv:8862 misc:3686 icu:25.75 pcu:736.00 scu:534.25 tlayer:2 pbqpoffset:2.54 pbfactor:1.34 avgQpOffsetCutree:-2.83;
in:125 out:126 type:B q:30.41 q-aq:28.92 q-noVbv:30.41 q-Rceq:1.32 tex:1739 mv:4305 misc:1140 icu:2.00 pcu:734.25 scu:559.75 tlayer:3 pbqpoffset:3.79 pbfactor:1.55 avgQpOffsetCutree:-1.40;
in:124 out:127 type:b q:33.38 q-aq:33.00 q-noVbv:33.38 q-Rceq:1.32 tex:385 mv:2502 misc:913 icu:0.00 pcu:529.75 scu:766.25 tlayer:4 pbqpoffset:6.78 pbfactor:2.19 avgQpOffsetCutree:0.00;
in:126 out:128 type:b q:33.42 q-aq:33.00 q-noVbv:33.42 q-Rceq:1.32 tex:360 mv:1778 misc:742 icu:0.00 pcu:400.75 scu:895.25 tlayer:4 pbqpoffset:6.78 pbfactor:2.19 avgQpOffsetCutree:0.00;
in:129 out:129 type:B q:29.69 q-aq:27.62 q-noVbv:29.69 q-Rceq:1.32 tex:15091 mv:7927 misc:2670 icu:5.75 pcu:711.00 scu:579.25 tlayer:3 pbqpoffset:2.99 pbfactor:1.41 avgQpOffsetCutree:-2.03;
in:128 out:130 type:b q:30.26 q-aq:30.08 q-noVbv:30.26 q-Rceq:1.32 tex:5413 mv:3822 misc:1653 icu:1.75 pcu:566.00 scu:728.25 tlayer:4 pbqpoffset:3.58 pbfactor:1.51 avgQpOffsetCutree:0.00;
in:130 out:131 type:b q:33.50 q-aq:33.86 q-noVbv:33.50 q-Rceq:1.32 tex:375 mv:2245 misc:892 icu:0.25 pcu:448.25 scu:847.50 tlayer:4 pbqpoffset:6.78 pbfactor:2.19 avgQpOffsetCutree:0.00;
in:147 out:132 type:k q:27.12 q-aq:20.45 q-noVbv:27.12 q-Rceq:1.32 tex:383458 mv:36338 misc:3460 icu:490.50 pcu:798.75 scu:6.75 tlayer:0 pbqpoffset:0.72 pbfactor:1.09 avgQpOffsetCutree:-7.92;
in:139 out:133 type:B q:29.29 q-aq:23.29 q-noVbv:29.29 q-Rceq:1.32 tex:103867 mv:21342 misc:4967 icu:70.75 pcu:1006.00 scu:219.25 tlayer:1 pbqpoffset:2.37 pbfactor:1.31 avgQpOffsetCutree:-5.37;
in:135 out:134 type:B q:30.64 q-aq:26.21 q-noVbv:30.64 q-Rceq:1.32 tex:22764 mv:11257 misc:3115 icu:8.50 pcu:905.50 scu:382.00 tlayer:2 pbqpoffset:3.81 pbfactor:1.55 avgQpOffsetCutree:-3.78;
in:133 out:135 type:B q:30.72 q-aq:29.59 q-noVbv:30.72 q-Rceq:1.32 tex:5966 mv:5371 misc:1511 icu:1.50 pcu:785.00 scu:509.50 tlayer:3 pbqpoffset:3.94 pbfactor:1.58 avgQpOffsetCutree:-1.61;
in:132 out:136 type:b q:33.56 q-aq:34.00 q-noVbv:33.56 q-Rceq:1.32 tex:404 mv:2187 misc:921 icu:0.50 pcu:362.75 scu:932.75 tlayer:4 pbqpoffset:6.80 pbfactor:2.19 avgQpOffsetCutree:0.00;
in:134 out:137 type:b q:33.55 q-aq:34.00 q-noVbv:33.55 q-Rceq:1.32 tex:538 mv:1925 misc:849 icu:0.00 pcu:279.75 scu:1016.25 tlayer:4 pbqpoffset:6.74 pbfactor:2.18 avgQpOffsetCutree:0.00;
in:137 out:138 type:B q:30.82 q-aq:28.74 q-noVbv:30.82 q-Rceq:1.32 tex:5379 mv:6773 misc:1816 icu:2.25 pcu:798.50 scu:495.25 tlayer:3 pbqpoffset:3.94 pbfactor:1.58 avgQpOffsetCutree:-2.18;
in:136 out:139 type:b q:33.78 q-aq:34.00 q-noVbv:33.78 q-Rceq:1.32 tex:440 mv:2397 misc:899 icu:0.00 pcu:442.00 scu:854.00 tlayer:4 pbqpoffset:6.92 pbfactor:2.23 avgQpOffsetCutree:0.00;
in:138 out:140 type:b q:33.46 q-aq:33.15 q-noVbv:33.46 q-Rceq:1.32 tex:614 mv:3034 misc:1088 icu:0.00 pcu:587.50 scu:708.50 tlayer:4 pbqpoffset:6.55 pbfactor:2.13 avgQpOffsetCutree:0.00;
in:143 out:141 type:B q:30.11 q-aq:27.71 q-noVbv:30.11 q-Rceq:1.32 tex:17234 mv:10674 misc:3748 icu:30.00 pcu:791.50 scu:474.50 tlayer:2 pbqpoffset:3.09 pbfactor:1.43 avgQpOffsetCutree:-2.35;
in:141 out:142 type:B q:30.91 q-aq:29.59 q-noVbv:30.91 q-Rceq:1.32 tex:3251 mv:5454 misc:1487 icu:3.25 pcu:777.50 scu:515.25 tlayer:3 pbqpoffset:3.94 pbfactor:1.58 avgQpOffsetCutree:-1.73;
in:140 out:143 type:b q:33.88 q-aq:34.00 q-noVbv:33.88 q-Rceq:1.32 tex:539 mv:2400 misc:957 icu:0.25 pcu:535.25 scu:760.50 tlayer:4 pbqpoffset:6.92 pbfactor:2.23 avgQpOffsetCutree:0.00;
in:142 out:144 type:b q:33.92 q-aq:34.00 q-noVbv:33.92 q-Rceq:1.32 tex:294 mv:2604 misc:926 icu:0.75 pcu:520.25 scu:775.00 tlayer:4 pbqpoffset:6.92 pbfactor:2.23 avgQpOffsetCutree:0.00;
in:145 out:145 type:B q:31.01 q-aq:28.86 q-noVbv:31.01 q-Rceq:1.32 tex:9709 mv:5727 misc:1956 icu:5.25 pcu:581.25 scu:709.50 tlayer:3 pbqpoffset:3.94 pbfactor:1.58 avgQpOffsetCutree:-2.21;
in:144 out:146 type:b q:32.54 q-aq:33.00 q-noVbv:32.54 q-Rceq:1.32 tex:857 mv:2515 misc:1212 icu:0.75 pcu:342.00 scu:953.25 tlayer:4 pbqpoffset:5.49 pbfactor:1.89 avgQpOffsetCutree:0.00;
in:146 out:147 type:b q:34.02 q-aq:34.00 q-noVbv:34.02 q-Rceq:1.32 tex:365 mv:1862 misc:861 icu:0.50 pcu:259.50 scu:1036.00 tlayer:4 pbqpoffset:6.92 pbfactor:2.23 avgQpOffsetCutree:0.00;
in:155 out:148 type:k q:28.34 q-aq:20.69 q-noVbv:28.34 q-Rceq:1.32 tex:191449 mv:25794 misc:4189 icu:113.50 pcu:1119.50 scu:63.00 tlayer:0 pbqpoffset:0.57 pbfactor:1.07 avgQpOffsetCutree:-7.68;
in:151 out:149 type:B q:29.57 q-aq:25.48 q-noVbv:29.57 q-Rceq:1.32 tex:20121 mv:12198 misc:3113 icu:8.75 pcu:874.50 scu:412.75 tlayer:1 pbqpoffset:1.84 pbfactor:1.24 avgQpOffsetCutree:-3.62;
in:149 out:150 type:B q:30.14 q-aq:28.66 q-noVbv:30.14 q-Rceq:1.32 tex:5629 mv:6935 misc:1588 icu:2.50 pcu:904.00 scu:389.50 tlayer:2 pbqpoffset:2.71 pbfactor:1.37 avgQpOffsetCutree:-1.64;
in:148 out:151 type:b q:30.99 q-aq:31.00 q-noVbv:30.99 q-Rceq:1.32 tex:2483 mv:3077 misc:1112 icu:0.25 pcu:391.00 scu:904.75 tlayer:3 pbqpoffset:3.71 pbfactor:1.54 avgQpOffsetCutree:0.00;
in:150 out:152 type:b q:30.78 q-aq:31.00 q-noVbv:30.78 q-Rceq:1.32 tex:1634 mv:4260 misc:1186 icu:0.75 pcu:759.00 scu:536.25 tlayer:3 pbqpoffset:3.20 pbfactor:1.45 avgQpOffsetCutree:0.00;
in:153 out:153 type:B q:30.88 q-aq:28.94 q-noVbv:30.88 q-Rceq:1.32 tex:4145 mv:5192 misc:1567 icu:3.50 pcu:726.25 scu:566.25 tlayer:2 pbqpoffset:2.84 pbfactor:1.39 avgQpOffsetCutree:-2.22;
in:152 out:154 type:b q:31.81 q-aq:32.00 q-noVbv:31.81 q-Rceq:1.32 tex:1258 mv:3213 misc:1017 icu:1.00 pcu:585.50 scu:709.50 tlayer:3 pbqpoffset:3.92 pbfactor:1.57 avgQpOffsetCutree:0.00;
in:154 out:155 type:b q:31.59 q-aq:32.00 q-noVbv:31.59 q-Rceq:1.32 tex:950 mv:2194 misc:896 icu:0.00 pcu:408.00 scu:888.00 tlayer:3 pbqpoffset:3.40 pbfactor:1.48 avgQpOffsetCutree:0.00;
in:171 out:156 type:k q:27.25 q-aq:20.17 q-noVbv:27.25 q-Rceq:1.32 tex:351382 mv:30429 misc:3341 icu:483.75 pcu:809.50 scu:2.75 tlayer:0 pbqpoffset:0.67 pbfactor:1.08 avgQpOffsetCutree:-7.97;
in:163 out:157 type:B q:29.51 q-aq:23.61 q-noVbv:29.51 q-Rceq:1.32 tex:141800 mv:20872 misc:4552 icu:87.25 pcu:1082.50 scu:126.25 tlayer:1 pbqpoffset:1.72 pbfactor:1.22 avgQpOffsetCutree:-5.29;
in:159 out:158 type:B q:30.22 q-aq:27.65 q-noVbv:30.22 q-Rceq:1.32 tex:10650 mv:7098 misc:2780 icu:29.75 pcu:710.25 scu:556.00 tlayer:2 pbqpoffset:2.15 pbfactor:1.28 avgQpOffsetCutree:-2.35;
in:157 out:159 type:B q:31.79 q-aq:30.20 q-noVbv:31.79 q-Rceq:1.32 tex:1179 mv:3645 misc:1128 icu:1.50 pcu:557.25 scu:737.25 tlayer:3 pbqpoffset:3.58 pbfactor:1.51 avgQpOffsetCutree:-2.07;
in:156 out:160 type:b q:34.85 q-aq:35.00 q-noVbv:34.85 q-Rceq:1.32 tex:154 mv:1738 misc:700 icu:0.00 pcu:342.25 scu:953.75 tlayer:4 pbqpoffset:6.57 pbfactor:2.14 avgQpOffsetCutree:0.00;
in:158 out:161 type:b q:32.98 q-aq:33.00 q-noVbv:32.98 q-Rceq:1.32 tex:135 mv:1675 misc:686 icu:0.00 pcu:382.50 scu:913.50 tlayer:4 pbqpoffset:4.84 pbfactor:1.75 avgQpOffsetCutree:0.00;
in:161 out:162 type:B q:29.96 q-aq:27.41 q-noVbv:29.96 q-Rceq:1.32 tex:24765 mv:8844 misc:3863 icu:10.25 pcu:662.75 scu:623.00 tlayer:3 pbqpoffset:2.02 pbfactor:1.26 avgQpOffsetCutree:-2.37;
in:160 out:163 type:b q:33.92 q-aq:34.00 q-noVbv:33.92 q-Rceq:1.32 tex:531 mv:1504 misc:909 icu:0.00 pcu:171.75 scu:1124.25 tlayer:4 pbqpoffset:5.92 pbfactor:1.98 avgQpOffsetCutree:0.00;
in:162 out:164 type:b q:32.91 q-aq:33.00 q-noVbv:32.91 q-Rceq:1.32 tex:402 mv:1956 misc:866 icu:0.00 pcu:455.00 scu:841.00 tlayer:4 pbqpoffset:5.04 pbfactor:1.79 avgQpOffsetCutree:0.00;
in:167 out:165 type:B q:30.54 q-aq:25.75 q-noVbv:30.54 q-Rceq:1.32 tex:22003 mv:12690 misc:3539 icu:13.25 pcu:886.50 scu:396.25 tlayer:2 pbqpoffset:3.02 pbfactor:1.42 avgQpOffsetCutree:-3.95;
in:165 out:166 type:B q:31.21 q-aq:29.71 q-noVbv:31.21 q-Rceq:1.32 tex:2123 mv:4389 misc:1464 icu:5.25 pcu:653.25 scu:637.50 tlayer:3 pbqpoffset:3.56 pbfactor:1.51 avgQpOffsetCutree:-1.90;
in:164 out:167 type:b q:32.65 q-aq:33.00 q-noVbv:32.65 q-Rceq:1.32 tex:229 mv:1640 misc:731 icu:0.00 pcu:394.50 scu:901.50 tlayer:4 pbqpoffset:4.93 pbfactor:1.77 avgQpOffsetCutree:0.00;
in:166 out:168 type:b q:33.39 q-aq:33.00 q-noVbv:33.39 q-Rceq:1.32 tex:369 mv:1484 misc:699 icu:0.00 pcu:257.50 scu:1038.50 tlayer:4 pbqpoffset:5.81 pbfactor:1.96 avgQpOffsetCutree:0.00;
in:169 out:169 type:B q:30.97 q-aq:28.75 q-noVbv:30.97 q-Rceq:1.32 tex:3865 mv:5371 misc:1804 icu:2.00 pcu:727.75 scu:566.25 tlayer:3 pbqpoffset:3.58 pbfactor:1.51 avgQpOffsetCutree:-2.12;
in:168 out:170 type:b q:33.38 q-aq:33.00 q-noVbv:33.38 q-Rceq:1.32 tex:89 mv:1744 misc:831 icu:0.00 pcu:340.75 scu:955.25 tlayer:4 pbqpoffset:5.93 pbfactor:1.98 avgQpOffsetCutree:0.00;
in:170 out:171 type:b q:33.89 q-aq:34.00 q-noVbv:33.89 q-Rceq:1.32 tex:253 mv:1555 misc:736 icu:0.00 pcu:305.50 scu:990.50 tlayer:4 pbqpoffset:6.57 pbfactor:2.14 avgQpOffsetCutree:0.00;
in:187 out:172 type:k q:27.02 q-aq:19.75 q-noVbv:27.02 q-Rceq:1.32 tex:356564 mv:31062 misc:3374 icu:470.00 pcu:823.00 scu:3.00 tlayer:0 pbqpoffset:0.79 pbfactor:1.10 avgQpOffsetCutree:-8.15;
in:179 out:173 type:B q:29.02 q-aq:23.02 q-noVbv:29.02 q-Rceq:1.32 tex:146864 mv:18815 misc:3713 icu:44.75 pcu:1175.50 scu:75.75 tlayer:1 pbqpoffset:1.88 pbfactor:1.24 avgQpOffsetCutree:-5.48;
in:175 out:174 type:B q:29.48 q-aq:27.30 q-noVbv:29.48 q-Rceq:1.32 tex:25806 mv:12096 misc:3938 icu:12.50 pcu:931.00 scu:352.50 tlayer:2 pbqpoffset:2.29 pbfactor:1.30 avgQpOffsetCutree:-2.20;
in:173 out:175 type:B q:30.97 q-aq:29.27 q-noVbv:30.97 q-Rceq:1.32 tex:7197 mv:5477 misc:1894 icu:0.75 pcu:712.50 scu:582.75 tlayer:3 pbqpoffset:3.75 pbfactor:1.54 avgQpOffsetCutree:-1.75;
in:172 out:176 type:b q:32.95 q-aq:33.00 q-noVbv:32.95 q-Rceq:1.32 tex:260 mv:1633 misc:795 icu:0.00 pcu:237.00 scu:1059.00 tlayer:4 pbqpoffset:5.72 pbfactor:1.94 avgQpOffsetCutree:0.00;
in:174 out:177 type:b q:33.94 q-aq:34.00 q-noVbv:33.94 q-Rceq:1.32 tex:354 mv:1826 misc:756 icu:0.00 pcu:428.25 scu:867.75 tlayer:4 pbqpoffset:6.73 pbfactor:2.18 avgQpOffsetCutree:0.00;
in:177 out:178 type:B q:29.90 q-aq:27.49 q-noVbv:29.90 q-Rceq:1.32 tex:10204 mv:5186 misc:2370 icu:3.75 pcu:386.25 scu:906.00 tlayer:3 pbqpoffset:2.74 pbfactor:1.37 avgQpOffsetCutree:-2.34;
in:176 out:179 type:b q:30.51 q-aq:31.00 q-noVbv:30.51 q-Rceq:1.32 tex:2082 mv:1997 misc:1081 icu:0.75 pcu:199.50 scu:1095.75 tlayer:4 pbqpoffset:3.33 pbfactor:1.47 avgQpOffsetCutree:0.00;
in:178 out:180 type:b q:32.51 q-aq:33.00 q-noVbv:32.51 q-Rceq:1.32 tex:207 mv:1871 misc:794 icu:0.00 pcu:283.50 scu:1012.50 tlayer:4 pbqpoffset:5.36 pbfactor:1.86 avgQpOffsetCutree:0.00;
in:183 out:181 type:B q:30.27 q-aq:26.63 q-noVbv:30.27 q-Rceq:1.32 tex:18482 mv:9166 misc:2552 icu:4.75 pcu:851.75 scu:439.50 tlayer:2 pbqpoffset:3.19 pbfactor:1.45 avgQpOffsetCutree:-3.18;
in:181 out:182 type:B q:30.85 q-aq:28.97 q-noVbv:30.85 q-Rceq:1.32 tex:6999 mv:5518 misc:1707 icu:0.25 pcu:741.00 scu:554.75 tlayer:3 pbqpoffset:3.75 pbfactor:1.54 avgQpOffsetCutree:-2.02;
in:180 out:183 type:b q:32.97 q-aq:33.00 q-noVbv:32.97 q-Rceq:1.32 tex:478 mv:2106 misc:904 icu:0.00 pcu:367.25 scu:928.75 tlayer:4 pbqpoffset:5.86 pbfactor:1.97 avgQpOffsetCutree:0.00;
in:182 out:184 type:b q:33.83 q-aq:34.00 q-noVbv:33.83 q-Rceq:1.32 tex:265 mv:2253 misc:858 icu:0.00 pcu:467.50 scu:828.50 tlayer:4 pbqpoffset:6.74 pbfactor:2.18 avgQpOffsetCutree:0.00;
in:185 out:185 type:B q:30.80 q-aq:29.43 q-noVbv:30.80 q-Rceq:1.32 tex:2899 mv:3938 misc:1483 icu:0.50 pcu:534.50 scu:761.00 tlayer:3 pbqpoffset:3.75 pbfactor:1.54 avgQpOffsetCutree:-1.64;
in:184 out:186 type:b q:32.25 q-aq:32.00 q-noVbv:32.25 q-Rceq:1.32 tex:844 mv:2529 misc:971 icu:0.50 pcu:418.75 scu:876.75 tlayer:4 pbqpoffset:5.19 pbfactor:1.82 avgQpOffsetCutree:0.00;
in:186 out:187 type:b q:33.77 q-aq:34.00 q-noVbv:33.77 q-Rceq:1.32 tex:228 mv:1128 misc:612 icu:0.00 pcu:168.75 scu:1127.25 tlayer:4 pbqpoffset:6.73 pbfactor:2.18 avgQpOffsetCutree:0.00;
in:203 out:188 type:k q:27.59 q-aq:20.62 q-noVbv:27.59 q-Rceq:1.32 tex:322025 mv:30391 misc:3576 icu:457.50 pcu:832.00 scu:6.50 tlayer:0 pbqpoffset:0.94 pbfactor:1.11 avgQpOffsetCutree:-8.10;
in:195 out:189 type:B q:29.41 q-aq:23.43 q-noVbv:29.41 q-Rceq:1.32 tex:136094 mv:20392 misc:4194 icu:56.00 pcu:1140.00 scu:100.00 tlayer:1 pbqpoffset:2.10 pbfactor:1.27 avgQpOffsetCutree:-5.43;
in:191 out:190 type:B q:30.67 q-aq:29.12 q-noVbv:30.67 q-Rceq:1.32 tex:9234 mv:6057 misc:2421 icu:22.75 pcu:921.25 scu:352.00 tlayer:2 pbqpoffset:3.51 pbfactor:1.50 avgQpOffsetCutree:-1.87;
in:189 out:191 type:B q:30.88 q-aq:29.02 q-noVbv:30.88 q-Rceq:1.32 tex:1424 mv:3389 misc:1291 icu:0.50 pcu:616.25 scu:679.25 tlayer:3 pbqpoffset:3.79 pbfactor:1.55 avgQpOffsetCutree:-2.01;
in:188 out:192 type:b q:33.83 q-aq:34.00 q-noVbv:33.83 q-Rceq:1.32 tex:145 mv:1487 misc:664 icu:0.00 pcu:279.00 scu:1017.00 tlayer:4 pbqpoffset:6.78 pbfactor:2.19 avgQpOffsetCutree:0.00;
in:190 out:193 type:b q:33.90 q-aq:34.00 q-noVbv:33.90 q-Rceq:1.32 tex:165 mv:1699 misc:688 icu:1.25 pcu:349.00 scu:945.75 tlayer:4 pbqpoffset:6.77 pbfactor:2.19 avgQpOffsetCutree:0.00;
in:193 out:194 type:B q:30.39 q-aq:28.11 q-noVbv:30.39 q-Rceq:1.32 tex:13307 mv:6073 misc:2644 icu:5.50 pcu:438.75 scu:851.75 tlayer:3 pbqpoffset:3.15 pbfactor:1.44 avgQpOffsetCutree:-2.31;
in:192 out:195 type:b q:31.02 q-aq:31.00 q-noVbv:31.02 q-Rceq:1.32 tex:4235 mv:1936 misc:1237 icu:1.75 pcu:210.75 scu:1083.50 tlayer:4 pbqpoffset:3.82 pbfactor:1.55 avgQpOffsetCutree:0.00;
in:194 out:196 type:b q:33.55 q-aq:34.00 q-noVbv:33.55 q-Rceq:1.32 tex:354 mv:1525 misc:761 icu:0.00 pcu:277.50 scu:1018.50 tlayer:4 pbqpoffset:6.28 pbfactor:2.06 avgQpOffsetCutree:0.00;
in:199 out:197 type:B q:30.87 q-aq:26.43 q-noVbv:30.87 q-Rceq:1.32 tex:15928 mv:11896 misc:3200 icu:7.50 pcu:842.00 scu:446.50 tlayer:2 pbqpoffset:3.42 pbfactor:1.48 avgQpOffsetCutree:-3.75;
in:197 out:198 type:B q:31.17 q-aq:28.88 q-noVbv:31.17 q-Rceq:1.32 tex:3503 mv:6098 misc:1655 icu:2.75 pcu:821.75 scu:471.50 tlayer:3 pbqpoffset:3.79 pbfactor:1.55 avgQpOffsetCutree:-2.15;
in:196 out:199 type:b q:33.86 q-aq:34.00 q-noVbv:33.86 q-Rceq:1.32 tex:549 mv:1909 misc:886 icu:0.00 pcu:403.25 scu:892.75 tlayer:4 pbqpoffset:6.52 pbfactor:2.12 avgQpOffsetCutree:0.00;
in:198 out:200 type:b q:34.19 q-aq:34.00 q-noVbv:34.19 q-Rceq:1.32 tex:239 mv:2076 misc:877 icu:0.00 pcu:409.75 scu:886.25 tlayer:4 pbqpoffset:6.78 pbfactor:2.19 avgQpOffsetCutree:0.00;
in:201 out:201 type:B q:31.31 q-aq:29.95 q-noVbv:31.31 q-Rceq:1.32 tex:3025 mv:4832 misc:1359 icu:2.75 pcu:676.75 scu:616.50 tlayer:3 pbqpoffset:3.79 pbfactor:1.55 avgQpOffsetCutree:-1.60;
in:200 out:202 type:b q:34.13 q-aq:34.00 q-noVbv:34.13 q-Rceq:1.32 tex:399 mv:1673 misc:784 icu:0.00 pcu:237.75 scu:1058.25 tlayer:4 pbqpoffset:6.64 pbfactor:2.15 avgQpOffsetCutree:0.00;
in:202 out:203 type:b q:34.34 q-aq:34.00 q-noVbv:34.34 q-Rceq:1.32 tex:448 mv:2308 misc:876 icu:0.00 pcu:547.75 scu:748.25 tlayer:4 pbqpoffset:6.78 pbfactor:2.19 avgQpOffsetCutree:0.00;
in:212 out:204 type:k q:29.83 q-aq:22.56 q-noVbv:29.83 q-Rceq:1.32 tex:258000 mv:25352 misc:3600 icu:295.75 pcu:988.75 scu:11.50 tlayer:0 pbqpoffset:0.68 pbfactor:1.08 avgQpOffsetCutree:-8.09;
in:208 out:205 type:B q:30.91 q-aq:27.51 q-noVbv:30.91 q-Rceq:1.32 tex:36275 mv:9823 misc:3726 icu:24.50 pcu:925.25 scu:346.25 tlayer:1 pbqpoffset:2.07 pbfactor:1.27 avgQpOffsetCutree:-3.15;
in:206 out:206 type:B q:30.46 q-aq:27.33 q-noVbv:30.46 q-Rceq:1.32 tex:35868 mv:12777 misc:3899 icu:9.50 pcu:870.25 scu:416.25 tlayer:2 pbqpoffset:2.12 pbfactor:1.28 avgQpOffsetCutree:-2.83;
in:205 out:207 type:B q:30.89 q-aq:30.72 q-noVbv:30.89 q-Rceq:1.32 tex:2069 mv:4698 misc:1697 icu:1.00 pcu:765.50 scu:529.50 tlayer:3 pbqpoffset:2.80 pbfactor:1.38 avgQpOffsetCutree:-0.83;
in:204 out:208 type:b q:32.28 q-aq:32.00 q-noVbv:32.28 q-Rceq:1.32 tex:1173 mv:3010 misc:1049 icu:0.00 pcu:605.25 scu:690.75 tlayer:4 pbqpoffset:4.44 pbfactor:1.67 avgQpOffsetCutree:0.00;
in:207 out:209 type:b q:35.26 q-aq:35.00 q-noVbv:35.26 q-Rceq:1.32 tex:415 mv:1194 misc:807 icu:0.00 pcu:224.75 scu:1071.25 tlayer:3 pbqpoffset:6.67 pbfactor:2.16 avgQpOffsetCutree:0.00;
in:210 out:210 type:B q:33.09 q-aq:31.89 q-noVbv:33.09 q-Rceq:1.32 tex:1103 mv:3264 misc:1177 icu:0.25 pcu:566.75 scu:729.00 tlayer:2 pbqpoffset:3.76 pbfactor:1.54 avgQpOffsetCutree:-1.97;
in:209 out:211 type:b q:33.08 q-aq:33.00 q-noVbv:33.08 q-Rceq:1.32 tex:306 mv:2322 misc:844 icu:1.00 pcu:504.75 scu:790.25 tlayer:3 pbqpoffset:3.99 pbfactor:1.59 avgQpOffsetCutree:0.00;
in:211 out:212 type:b q:36.26 q-aq:36.00 q-noVbv:36.26 q-Rceq:1.32 tex:7 mv:1146 misc:567 icu:0.00 pcu:297.50 scu:998.50 tlayer:3 pbqpoffset:6.68 pbfactor:2.16 avgQpOffsetCutree:0.00;
in:228 out:213 type:k q:27.51 q-aq:19.92 q-noVbv:27.51 q-Rceq:1.32 tex:410679 mv:37258 misc:3063 icu:593.75 pcu:697.50 scu:4.75 tlayer:0 pbqpoffset:0.58 pbfactor:1.07 avgQpOffsetCutree:-8.20;
in:220 out:214 type:B q:30.97 q-aq:23.71 q-noVbv:30.97 q-Rceq:1.32 tex:86866 mv:18771 misc:4499 icu:65.25 pcu:994.25 scu:236.50 tlayer:1 pbqpoffset:2.30 pbfactor:1.30 avgQpOffsetCutree:-5.77;
in:216 out:215 type:B q:32.95 q-aq:29.43 q-noVbv:32.95 q-Rceq:1.32 tex:7463 mv:6994 misc:2055 icu:4.75 pcu:735.25 scu:556.00 tlayer:2 pbqpoffset:3.70 pbfactor:1.53 avgQpOffsetCutree:-3.21;
in:214 out:216 type:B q:33.24 q-aq:31.56 q-noVbv:33.24 q-Rceq:1.32 tex:1476 mv:3759 misc:1237 icu:1.50 pcu:657.75 scu:636.75 tlayer:3 pbqpoffset:3.70 pbfactor:1.53 avgQpOffsetCutree:-1.94;
in:213 out:217 type:b q:36.37 q-aq:36.00 q-noVbv:36.37 q-Rceq:1.32 tex:115 mv:830 misc:527 icu:0.00 pcu:183.75 scu:1112.25 tlayer:4 pbqpoffset:6.68 pbfactor:2.16 avgQpOffsetCutree:0.00;
in:215 out:218 type:b q:36.07 q-aq:36.00 q-noVbv:36.07 q-Rceq:1.32 tex:244 mv:1426 misc:690 icu:0.00 pcu:375.25 scu:920.75 tlayer:4 pbqpoffset:6.68 pbfactor:2.16 avgQpOffsetCutree:0.00;
in:218 out:219 type:B q:32.66 q-aq:30.77 q-noVbv:32.66 q-Rceq:1.32 tex:1572 mv:2960 misc:1148 icu:1.00 pcu:440.00 scu:855.00 tlayer:3 pbqpoffset:3.70 pbfactor:1.53 avgQpOffsetCutree:-2.04;
in:217 out:220 type:b q:35.78 q-aq:36.00 q-noVbv:35.78 q-Rceq:1.32 tex:66 mv:1212 misc:674 icu:0.00 pcu:231.50 scu:1064.50 tlayer:4 pbqpoffset:6.67 pbfactor:2.16 avgQpOffsetCutree:0.00;
in:219 out:221 type:b q:35.48 q-aq:35.20 q-noVbv:35.48 q-Rceq:1.32 tex:43 mv:1225 misc:660 icu:0.00 pcu:279.50 scu:1016.50 tlayer:4 pbqpoffset:6.67 pbfactor:2.16 avgQpOffsetCutree:0.00;
in:224 out:222 type:B q:30.75 q-aq:28.14 q-noVbv:30.75 q-Rceq:1.32 tex:34108 mv:8957 misc:3215 icu:9.00 pcu:674.00 scu:613.00 tlayer:2 pbqpoffset:2.66 pbfactor:1.36 avgQpOffsetCutree:-2.46;
in:222 out:223 type:B q:32.08 q-aq:29.27 q-noVbv:32.08 q-Rceq:1.32 tex:2613 mv:3035 misc:1704 icu:5.25 pcu:551.50 scu:739.25 tlayer:3 pbqpoffset:3.70 pbfactor:1.53 avgQpOffsetCutree:-2.35;
in:221 out:224 type:b q:35.20 q-aq:35.00 q-noVbv:35.20 q-Rceq:1.32 tex:273 mv:1412 misc:683 icu:1.00 pcu:308.50 scu:986.50 tlayer:4 pbqpoffset:6.67 pbfactor:2.16 avgQpOffsetCutree:0.00;
in:223 out:225 type:b q:34.91 q-aq:35.00 q-noVbv:34.91 q-Rceq:1.32 tex:144 mv:1170 misc:678 icu:0.75 pcu:311.75 scu:983.50 tlayer:4 pbqpoffset:6.67 pbfactor:2.16 avgQpOffsetCutree:0.00;
in:226 out:226 type:B q:31.50 q-aq:29.10 q-noVbv:31.50 q-Rceq:1.32 tex:3618 mv:5094 misc:1512 icu:1.25 pcu:758.00 scu:536.75 tlayer:3 pbqpoffset:3.70 pbfactor:1.53 avgQpOffsetCutree:-2.43;
in:225 out:227 type:b q:34.62 q-aq:35.00 q-noVbv:34.62 q-Rceq:1.32 tex:202 mv:1627 misc:731 icu:0.00 pcu:371.75 scu:924.25 tlayer:4 pbqpoffset:6.67 pbfactor:2.16 avgQpOffsetCutree:0.00;
in:227 out:228 type:b q:34.33 q-aq:34.00 q-noVbv:34.33 q-Rceq:1.32 tex:247 mv:1882 misc:831 icu:0.00 pcu:443.75 scu:852.25 tlayer:4 pbqpoffset:6.67 pbfactor:2.16 avgQpOffsetCutree:0.00;
in:240 out:229 type:k q:29.37 q-aq:22.59 q-noVbv:29.37 q-Rceq:1.32 tex:356083 mv:30542 misc:3223 icu:438.75 pcu:842.50 scu:14.75 tlayer:0 pbqpoffset:0.75 pbfactor:1.09 avgQpOffsetCutree:-7.76;
in:234 out:230 type:B q:30.85 q-aq:24.46 q-noVbv:30.85 q-Rceq:1.32 tex:71967 mv:19080 misc:5033 icu:40.50 pcu:927.75 scu:327.75 tlayer:1 pbqpoffset:2.41 pbfactor:1.32 avgQpOffsetCutree:-5.32;
in:231 out:231 type:B q:31.08 q-aq:27.66 q-noVbv:31.08 q-Rceq:1.32 tex:9242 mv:8383 misc:2351 icu:5.25 pcu:866.50 scu:424.25 tlayer:2 pbqpoffset:3.10 pbfactor:1.43 avgQpOffsetCutree:-3.03;
in:230 out:232 type:B q:31.58 q-aq:31.79 q-noVbv:31.58 q-Rceq:1.32 tex:1317 mv:3424 misc:1163 icu:0.00 pcu:571.00 scu:725.00 tlayer:3 pbqpoffset:3.76 pbfactor:1.54 avgQpOffsetCutree:-0.58;
in:229 out:233 type:b q:34.37 q-aq:34.00 q-noVbv:34.37 q-Rceq:1.32 tex:347 mv:2300 misc:833 icu:0.00 pcu:457.25 scu:838.75 tlayer:4 pbqpoffset:6.70 pbfactor:2.17 avgQpOffsetCutree:0.00;
in:233 out:234 type:B q:32.05 q-aq:32.00 q-noVbv:32.05 q-Rceq:1.32 tex:953 mv:3063 misc:1096 icu:0.00 pcu:598.00 scu:698.00 tlayer:3 pbqpoffset:3.76 pbfactor:1.54 avgQpOffsetCutree:-0.73;
in:232 out:235 type:b q:34.84 q-aq:35.00 q-noVbv:34.84 q-Rceq:1.32 tex:279 mv:2146 misc:815 icu:0.25 pcu:489.25 scu:806.50 tlayer:4 pbqpoffset:6.71 pbfactor:2.17 avgQpOffsetCutree:0.00;
in:237 out:236 type:B q:31.59 q-aq:27.66 q-noVbv:31.59 q-Rceq:1.32 tex:26834 mv:9376 misc:3822 icu:10.75 pcu:861.00 scu:424.25 tlayer:2 pbqpoffset:2.69 pbfactor:1.36 avgQpOffsetCutree:-3.39;
in:236 out:237 type:B q:32.51 q-aq:32.27 q-noVbv:32.51 q-Rceq:1.32 tex:855 mv:2597 misc:1060 icu:0.25 pcu:392.00 scu:903.75 tlayer:3 pbqpoffset:3.76 pbfactor:1.54 avgQpOffsetCutree:-0.94;
in:235 out:238 type:b q:34.80 q-aq:35.00 q-noVbv:34.80 q-Rceq:1.32 tex:301 mv:1378 misc:681 icu:0.00 pcu:222.25 scu:1073.75 tlayer:4 pbqpoffset:6.20 pbfactor:2.05 avgQpOffsetCutree:0.00;
in:239 out:239 type:B q:32.98 q-aq:32.67 q-noVbv:32.98 q-Rceq:1.32 tex:1439 mv:2962 misc:1431 icu:1.50 pcu:467.50 scu:827.00 tlayer:3 pbqpoffset:3.76 pbfactor:1.54 avgQpOffsetCutree:-0.93;
in:238 out:240 type:b q:35.02 q-aq:35.00 q-noVbv:35.02 q-Rceq:1.32 tex:310 mv:1433 misc:609 icu:0.00 pcu:276.25 scu:1019.75 tlayer:4 pbqpoffset:5.96 pbfactor:1.99 avgQpOffsetCutree:0.00;
in:256 out:241 type:k q:29.11 q-aq:21.71 q-noVbv:29.11 q-Rceq:1.32 tex:388692 mv:40515 misc:3137 icu:698.25 pcu:591.25 scu:6.50 tlayer:0 pbqpoffset:0.79 pbfactor:1.10 avgQpOffsetCutree:-7.92;
in:248 out:242 type:B q:31.38 q-aq:24.26 q-noVbv:31.38 q-Rceq:1.32 tex:120347 mv:20675 misc:4898 icu:44.75 pcu:1003.50 scu:247.75 tlayer:1 pbqpoffset:2.14 pbfactor:1.28 avgQpOffsetCutree:-5.68;
in:244 out:243 type:B q:33.07 q-aq:28.62 q-noVbv:33.07 q-Rceq:1.32 tex:7479 mv:6243 misc:2174 icu:2.75 pcu:656.25 scu:637.00 tlayer:2 pbqpoffset:3.77 pbfactor:1.55 avgQpOffsetCutree:-3.90;
in:242 out:244 type:B q:33.11 q-aq:30.97 q-noVbv:33.11 q-Rceq:1.32 tex:1500 mv:2978 misc:1202 icu:0.75 pcu:411.25 scu:884.00 tlayer:3 pbqpoffset:3.77 pbfactor:1.55 avgQpOffsetCutree:-2.32;
in:241 out:245 type:b q:36.11 q-aq:36.00 q-noVbv:36.11 q-Rceq:1.32 tex:250 mv:703 misc:511 icu:0.00 pcu:116.75 scu:1179.25 tlayer:4 pbqpoffset:6.75 pbfactor:2.18 avgQpOffsetCutree:0.00;
in:243 out:246 type:b q:35.03 q-aq:35.00 q-noVbv:35.03 q-Rceq:1.32 tex:397 mv:1086 misc:661 icu:0.25 pcu:198.75 scu:1097.00 tlayer:4 pbqpoffset:5.70 pbfactor:1.93 avgQpOffsetCutree:0.00;
in:246 out:247 type:B q:33.04 q-aq:31.06 q-noVbv:33.04 q-Rceq:1.32 tex:2366 mv:3376 misc:1410 icu:1.00 pcu:449.25 scu:845.75 tlayer:3 pbqpoffset:3.77 pbfactor:1.55 avgQpOffsetCutree:-1.96;
in:245 out:248 type:b q:35.05 q-aq:35.00 q-noVbv:35.05 q-Rceq:1.32 tex:254 mv:1230 misc:692 icu:0.00 pcu:158.75 scu:1137.25 tlayer:4 pbqpoffset:5.76 pbfactor:1.95 avgQpOffsetCutree:0.00;
in:247 out:249 type:b q:36.02 q-aq:36.00 q-noVbv:36.02 q-Rceq:1.32 tex:212 mv:1188 misc:624 icu:0.00 pcu:190.00 scu:1106.00 tlayer:4 pbqpoffset:6.76 pbfactor:2.18 avgQpOffsetCutree:0.00;
in:252 out:250 type:B q:31.56 q-aq:26.07 q-noVbv:31.56 q-Rceq:1.32 tex:41474 mv:12777 misc:4797 icu:19.50 pcu:1022.50 scu:254.00 tlayer:2 pbqpoffset:2.38 pbfactor:1.32 avgQpOffsetCutree:-4.39;
in:250 out:251 type:B q:32.98 q-aq:31.21 q-noVbv:32.98 q-Rceq:1.32 tex:1724 mv:3932 misc:1272 icu:0.50 pcu:719.75 scu:575.75 tlayer:3 pbqpoffset:3.77 pbfactor:1.55 avgQpOffsetCutree:-1.71;
in:249 out:252 type:b q:34.28 q-aq:34.00 q-noVbv:34.28 q-Rceq:1.32 tex:510 mv:2470 misc:892 icu:0.50 pcu:472.25 scu:823.25 tlayer:4 pbqpoffset:5.05 pbfactor:1.79 avgQpOffsetCutree:0.00;
in:251 out:253 type:b q:35.44 q-aq:35.00 q-noVbv:35.44 q-Rceq:1.32 tex:301 mv:1521 misc:674 icu:0.00 pcu:311.75 scu:984.25 tlayer:4 pbqpoffset:6.25 pbfactor:2.06 avgQpOffsetCutree:0.00;
in:254 out:254 type:B q:32.91 q-aq:29.86 q-noVbv:32.91 q-Rceq:1.32 tex:2106 mv:2839 misc:1511 icu:3.00 pcu:501.25 scu:791.75 tlayer:3 pbqpoffset:3.77 pbfactor:1.55 avgQpOffsetCutree:-2.49;
in:253 out:255 type:b q:35.91 q-aq:36.00 q-noVbv:35.91 q-Rceq:1.32 tex:186 mv:1136 misc:526 icu:0.00 pcu:298.00 scu:998.00 tlayer:4 pbqpoffset:6.76 pbfactor:2.18 avgQpOffsetCutree:0.00;
in:255 out:256 type:b q:34.56 q-aq:35.00 q-noVbv:34.56 q-Rceq:1.32 tex:71 mv:1351 misc:802 icu:0.00 pcu:443.00 scu:853.00 tlayer:4 pbqpoffset:5.44 pbfactor:1.87 avgQpOffsetCutree:0.00;
in:272 out:257 type:k q:29.68 q-aq:22.07 q-noVbv:29.68 q-Rceq:1.32 tex:399544 mv:31116 misc:3364 icu:434.50 pcu:850.50 scu:11.00 tlayer:0 pbqpoffset:0.76 pbfactor:1.09 avgQpOffsetCutree:-8.02;
in:264 out:258 type:B q:31.35 q-aq:23.97 q-noVbv:31.35 q-Rceq:1.32 tex:159887 mv:23174 misc:4715 icu:74.50 pcu:978.50 scu:243.00 tlayer:1 pbqpoffset:1.96 pbfactor:1.25 avgQpOffsetCutree:-6.03;
in:260 out:259 type:B q:32.28 q-aq:28.31 q-noVbv:32.28 q-Rceq:1.32 tex:11538 mv:7209 misc:2293 icu:7.50 pcu:765.00 scu:523.50 tlayer:2 pbqpoffset:3.03 pbfactor:1.42 avgQpOffsetCutree:-3.40;
in:258 out:260 type:B q:32.36 q-aq:30.07 q-noVbv:32.36 q-Rceq:1.32 tex:2502 mv:4407 misc:1443 icu:0.25 pcu:740.00 scu:555.75 tlayer:3 pbqpoffset:3.18 pbfactor:1.44 avgQpOffsetCutree:-2.23;
in:257 out:261 type:b q:33.61 q-aq:34.00 q-noVbv:33.61 q-Rceq:1.32 tex:309 mv:2416 misc:819 icu:0.00 pcu:539.50 scu:756.50 tlayer:4 pbqpoffset:4.46 pbfactor:1.67 avgQpOffsetCutree:0.00;
in:259 out:262 type:b q:35.94 q-aq:36.00 q-noVbv:35.94 q-Rceq:1.32 tex:168 mv:1359 misc:649 icu:0.00 pcu:351.75 scu:944.25 tlayer:4 pbqpoffset:6.73 pbfactor:2.18 avgQpOffsetCutree:0.00;
in:262 out:263 type:B q:33.06 q-aq:32.15 q-noVbv:33.06 q-Rceq:1.32 tex:1261 mv:3346 misc:1145 icu:7.25 pcu:643.50 scu:645.25 tlayer:3 pbqpoffset:3.74 pbfactor:1.54 avgQpOffsetCutree:-1.43;
in:261 out:264 type:b q:35.06 q-aq:35.00 q-noVbv:35.06 q-Rceq:1.32 tex:679 mv:740 misc:533 icu:0.25 pcu:163.50 scu:1132.25 tlayer:4 pbqpoffset:5.78 pbfactor:1.95 avgQpOffsetCutree:0.00;
in:263 out:265 type:b q:35.02 q-aq:35.00 q-noVbv:35.02 q-Rceq:1.32 tex:457 mv:1387 misc:700 icu:6.00 pcu:303.50 scu:986.50 tlayer:4 pbqpoffset:5.66 pbfactor:1.92 avgQpOffsetCutree:0.00;
in:268 out:266 type:B q:32.00 q-aq:27.11 q-noVbv:32.00 q-Rceq:1.32 tex:35257 mv:10020 misc:4163 icu:37.00 pcu:816.25 scu:442.75 tlayer:2 pbqpoffset:2.47 pbfactor:1.33 avgQpOffsetCutree:-4.02;
in:266 out:267 type:B q:33.20 q-aq:31.79 q-noVbv:33.20 q-Rceq:1.32 tex:2913 mv:3943 misc:1288 icu:8.00 pcu:726.00 scu:562.00 tlayer:3 pbqpoffset:3.74 pbfactor:1.54 avgQpOffsetCutree:-1.87;
in:265 out:268 type:b q:34.48 q-aq:34.19 q-noVbv:34.48 q-Rceq:1.32 tex:499 mv:1632 misc:813 icu:0.25 pcu:354.00 scu:941.75 tlayer:4 pbqpoffset:5.05 pbfactor:1.79 avgQpOffsetCutree:0.00;
in:267 out:269 type:b q:33.74 q-aq:34.00 q-noVbv:33.74 q-Rceq:1.32 tex:551 mv:2188 misc:845 icu:0.25 pcu:531.75 scu:764.00 tlayer:4 pbqpoffset:4.24 pbfactor:1.63 avgQpOffsetCutree:0.00;
in:270 out:270 type:B q:33.34 q-aq:30.86 q-noVbv:33.34 q-Rceq:1.32 tex:6371 mv:3562 misc:2123 icu:16.25 pcu:552.00 scu:727.75 tlayer:3 pbqpoffset:3.74 pbfactor:1.54 avgQpOffsetCutree:-2.35;
in:269 out:271 type:b q:34.42 q-aq:34.00 q-noVbv:34.42 q-Rceq:1.32 tex:366 mv:1479 misc:739 icu:0.00 pcu:296.25 scu:999.75 tlayer:4 pbqpoffset:4.85 pbfactor:1.75 avgQpOffsetCutree:0.00;
in:271 out:272 type:b q:36.36 q-aq:36.00 q-noVbv:36.36 q-Rceq:1.32 tex:172 mv:1762 misc:842 icu:1.00 pcu:482.25 scu:812.75 tlayer:4 pbqpoffset:6.72 pbfactor:2.17 avgQpOffsetCutree:0.00;
in:288 out:273 type:k q:29.69 q-aq:21.98 q-noVbv:29.69 q-Rceq:1.32 tex:398676 mv:41881 misc:3467 icu:706.50 pcu:581.50 scu:8.00 tlayer:0 pbqpoffset:0.70 pbfactor:1.08 avgQpOffsetCutree:-7.99;
in:280 out:274 type:B q:31.77 q-aq:23.88 q-noVbv:31.77 q-Rceq:1.32 tex:155547 mv:20659 misc:4722 icu:59.50 pcu:1035.25 scu:201.25 tlayer:1 pbqpoffset:2.09 pbfactor:1.27 avgQpOffsetCutree:-6.20;
in:276 out:275 type:B q:32.55 q-aq:28.20 q-noVbv:32.55 q-Rceq:1.32 tex:17490 mv:6758 misc:2680 icu:5.25 pcu:681.50 scu:609.25 tlayer:2 pbqpoffset:2.87 pbfactor:1.39 avgQpOffsetCutree:-3.63;
in:274 out:276 type:B q:32.78 q-aq:32.00 q-noVbv:32.78 q-Rceq:1.32 tex:1478 mv:2157 misc:1037 icu:0.00 pcu:279.00 scu:1017.00 tlayer:3 pbqpoffset:3.10 pbfactor:1.43 avgQpOffsetCutree:-1.03;
in:273 out:277 type:b q:36.34 q-aq:36.00 q-noVbv:36.34 q-Rceq:1.32 tex:134 mv:685 misc:469 icu:0.00 pcu:116.75 scu:1179.25 tlayer:4 pbqpoffset:6.67 pbfactor:2.16 avgQpOffsetCutree:0.00;
in:275 out:278 type:b q:35.90 q-aq:36.00 q-noVbv:35.90 q-Rceq:1.32 tex:66 mv:1025 misc:501 icu:0.00 pcu:363.00 scu:933.00 tlayer:4 pbqpoffset:6.22 pbfactor:2.05 avgQpOffsetCutree:0.00;
in:278 out:279 type:B q:32.83 q-aq:31.21 q-noVbv:32.83 q-Rceq:1.32 tex:2673 mv:3365 misc:1138 icu:0.00 pcu:703.00 scu:593.00 tlayer:3 pbqpoffset:3.15 pbfactor:1.44 avgQpOffsetCutree:-1.48;
in:277 out:280 type:b q:36.37 q-aq:36.00 q-noVbv:36.37 q-Rceq:1.32 tex:11 mv:1533 misc:632 icu:0.00 pcu:488.00 scu:808.00 tlayer:4 pbqpoffset:6.69 pbfactor:2.16 avgQpOffsetCutree:0.00;
in:279 out:281 type:b q:36.38 q-aq:36.00 q-noVbv:36.38 q-Rceq:1.32 tex:5 mv:1438 misc:525 icu:0.00 pcu:381.00 scu:915.00 tlayer:4 pbqpoffset:6.69 pbfactor:2.17 avgQpOffsetCutree:0.00;
in:284 out:282 type:B q:32.43 q-aq:25.88 q-noVbv:32.43 q-Rceq:1.32 tex:14664 mv:6645 misc:3603 icu:1.75 pcu:795.25 scu:499.00 tlayer:2 pbqpoffset:2.75 pbfactor:1.37 avgQpOffsetCutree:-5.14;
in:282 out:283 type:B q:33.38 q-aq:32.49 q-noVbv:33.38 q-Rceq:1.32 tex:467 mv:2145 misc:708 icu:0.00 pcu:634.25 scu:661.75 tlayer:3 pbqpoffset:3.69 pbfactor:1.53 avgQpOffsetCutree:-1.41;
in:281 out:284 type:b q:36.35 q-aq:36.00 q-noVbv:36.35 q-Rceq:1.32 tex:11 mv:1384 misc:597 icu:0.00 pcu:440.00 scu:856.00 tlayer:4 pbqpoffset:6.67 pbfactor:2.16 avgQpOffsetCutree:0.00;
in:283 out:285 type:b q:36.35 q-aq:36.00 q-noVbv:36.35 q-Rceq:1.32 tex:3 mv:541 misc:368 icu:0.00 pcu:168.00 scu:1128.00 tlayer:4 pbqpoffset:6.66 pbfactor:2.16 avgQpOffsetCutree:0.00;
in:286 out:286 type:B q:33.38 q-aq:30.36 q-noVbv:33.38 q-Rceq:1.32 tex:422 mv:1081 misc:961 icu:0.00 pcu:271.75 scu:1024.25 tlayer:3 pbqpoffset:3.69 pbfactor:1.53 avgQpOffsetCutree:-2.66;
in:285 out:287 type:b q:36.35 q-aq:36.00 q-noVbv:36.35 q-Rceq:1.32 tex:5 mv:497 misc:330 icu:0.00 pcu:145.00 scu:1151.00 tlayer:4 pbqpoffset:6.66 pbfactor:2.16 avgQpOffsetCutree:0.00;
in:287 out:288 type:b q:36.35 q-aq:36.00 q-noVbv:36.35 q-Rceq:1.32 tex:6 mv:339 misc:431 icu:0.00 pcu:198.00 scu:1098.00 tlayer:4 pbqpoffset:6.66 pbfactor:2.16 avgQpOffsetCutree:0.00;
in:304 out:289 type:k q:29.96 q-aq:22.02 q-noVbv:29.96 q-Rceq:1.32 tex:390620 mv:35484 misc:3256 icu:557.75 pcu:725.75 scu:12.50 tlayer:0 pbqpoffset:0.86 pbfactor:1.10 avgQpOffsetCutree:-8.16;
in:296 out:290 type:B q:31.62 q-aq:24.43 q-noVbv:31.62 q-Rceq:1.32 tex:174515 mv:23963 misc:4778 icu:57.75 pcu:1015.50 scu:222.75 tlayer:1 pbqpoffset:1.79 pbfactor:1.23 avgQpOffsetCutree:-5.98;
in:292 out:291 type:B q:32.56 q-aq:29.01 q-noVbv:32.56 q-Rceq:1.32 tex:14500 mv:7924 misc:2216 icu:9.00 pcu:877.75 scu:409.25 tlayer:2 pbqpoffset:2.80 pbfactor:1.38 avgQpOffsetCutree:-2.86;
in:290 out:292 type:B q:32.56 q-aq:30.93 q-noVbv:32.56 q-Rceq:1.32 tex:4952 mv:3511 misc:1393 icu:1.00 pcu:716.00 scu:579.00 tlayer:3 pbqpoffset:2.84 pbfactor:1.39 avgQpOffsetCutree:-1.67;
in:289 out:293 type:b q:34.97 q-aq:35.00 q-noVbv:34.97 q-Rceq:1.32 tex:7 mv:1148 misc:605 icu:0.00 pcu:346.00 scu:950.00 tlayer:4 pbqpoffset:5.26 pbfactor:1.84 avgQpOffsetCutree:0.00;
in:291 out:294 type:b q:33.65 q-aq:34.00 q-noVbv:33.65 q-Rceq:1.32 tex:70 mv:1816 misc:770 icu:0.00 pcu:534.75 scu:761.25 tlayer:4 pbqpoffset:3.91 pbfactor:1.57 avgQpOffsetCutree:0.00;
in:294 out:295 type:B q:33.45 q-aq:31.37 q-noVbv:33.45 q-Rceq:1.32 tex:2279 mv:3379 misc:1078 icu:0.00 pcu:777.50 scu:518.50 tlayer:3 pbqpoffset:3.65 pbfactor:1.53 avgQpOffsetCutree:-2.03;
in:293 out:296 type:b q:34.77 q-aq:35.00 q-noVbv:34.77 q-Rceq:1.32 tex:504 mv:1480 misc:680 icu:0.00 pcu:508.25 scu:787.75 tlayer:4 pbqpoffset:4.99 pbfactor:1.78 avgQpOffsetCutree:0.00;
in:295 out:297 type:b q:34.26 q-aq:34.00 q-noVbv:34.26 q-Rceq:1.32 tex:690 mv:1191 misc:615 icu:0.00 pcu:347.25 scu:948.75 tlayer:4 pbqpoffset:4.45 pbfactor:1.67 avgQpOffsetCutree:0.00;
in:300 out:298 type:B q:32.07 q-aq:26.38 q-noVbv:32.07 q-Rceq:1.32 tex:45889 mv:11890 misc:4269 icu:18.00 pcu:908.25 scu:369.75 tlayer:2 pbqpoffset:2.18 pbfactor:1.29 avgQpOffsetCutree:-4.45;
in:298 out:299 type:B q:33.29 q-aq:31.87 q-noVbv:33.29 q-Rceq:1.32 tex:2543 mv:3130 misc:991 icu:0.25 pcu:792.50 scu:503.25 tlayer:3 pbqpoffset:3.43 pbfactor:1.49 avgQpOffsetCutree:-1.60;
in:297 out:300 type:b q:36.50 q-aq:36.00 q-noVbv:36.50 q-Rceq:1.32 tex:4 mv:1063 misc:525 icu:0.00 pcu:315.00 scu:981.00 tlayer:4 pbqpoffset:6.65 pbfactor:2.16 avgQpOffsetCutree:0.00;
in:299 out:301 type:b q:35.97 q-aq:36.00 q-noVbv:35.97 q-Rceq:1.32 tex:173 mv:1438 misc:573 icu:0.00 pcu:487.00 scu:809.00 tlayer:4 pbqpoffset:6.10 pbfactor:2.02 avgQpOffsetCutree:0.00;
in:302 out:302 type:B q:33.58 q-aq:30.84 q-noVbv:33.58 q-Rceq:1.32 tex:1675 mv:1101 misc:1048 icu:1.00 pcu:335.75 scu:959.25 tlayer:3 pbqpoffset:3.65 pbfactor:1.53 avgQpOffsetCutree:-2.62;
in:301 out:303 type:b q:35.31 q-aq:35.00 q-noVbv:35.31 q-Rceq:1.32 tex:8 mv:349 misc:339 icu:0.00 pcu:194.00 scu:1102.00 tlayer:4 pbqpoffset:5.40 pbfactor:1.87 avgQpOffsetCutree:0.00;
in:303 out:304 type:b q:33.85 q-aq:34.00 q-noVbv:33.85 q-Rceq:1.32 tex:114 mv:667 misc:491 icu:1.00 pcu:316.00 scu:979.00 tlayer:4 pbqpoffset:3.90 pbfactor:1.57 avgQpOffsetCutree:0.00;
in:320 out:305 type:k q:30.25 q-aq:22.46 q-noVbv:30.25 q-Rceq:1.32 tex:372854 mv:33872 misc:3410 icu:423.75 pcu:854.50 scu:17.75 tlayer:0 pbqpoffset:0.66 pbfactor:1.08 avgQpOffsetCutree:-7.94;
in:312 out:306 type:B q:31.88 q-aq:25.08 q-noVbv:31.88 q-Rceq:1.32 tex:172352 mv:18300 misc:5012 icu:45.75 pcu:952.75 scu:297.50 tlayer:1 pbqpoffset:1.77 pbfactor:1.23 avgQpOffsetCutree:-5.60;
in:308 out:307 type:B q:33.63 q-aq:29.07 q-noVbv:33.63 q-Rceq:1.32 tex:13920 mv:4432 misc:2384 icu:19.00 pcu:622.75 scu:654.25 tlayer:2 pbqpoffset:3.60 pbfactor:1.52 avgQpOffsetCutree:-3.79;
in:306 out:308 type:B q:33.63 q-aq:33.01 q-noVbv:33.63 q-Rceq:1.32 tex:70 mv:1004 misc:590 icu:2.00 pcu:266.50 scu:1027.50 tlayer:3 pbqpoffset:3.64 pbfactor:1.52 avgQpOffsetCutree:-1.47;
in:305 out:309 type:b q:34.10 q-aq:34.00 q-noVbv:34.10 q-Rceq:1.32 tex:380 mv:348 misc:336 icu:5.00 pcu:91.75 scu:1199.25 tlayer:4 pbqpoffset:4.12 pbfactor:1.61 avgQpOffsetCutree:0.00;
in:307 out:310 type:b q:34.21 q-aq:34.00 q-noVbv:34.21 q-Rceq:1.32 tex:513 mv:419 misc:420 icu:2.00 pcu:97.25 scu:1196.75 tlayer:4 pbqpoffset:4.19 pbfactor:1.62 avgQpOffsetCutree:0.00;
in:310 out:311 type:B q:33.71 q-aq:32.34 q-noVbv:33.71 q-Rceq:1.32 tex:943 mv:2810 misc:959 icu:2.50 pcu:736.00 scu:557.50 tlayer:3 pbqpoffset:3.64 pbfactor:1.52 avgQpOffsetCutree:-1.68;
in:309 out:312 type:b q:33.78 q-aq:34.00 q-noVbv:33.78 q-Rceq:1.32 tex:578 mv:1792 misc:662 icu:0.00 pcu:472.00 scu:824.00 tlayer:4 pbqpoffset:3.73 pbfactor:1.54 avgQpOffsetCutree:0.00;
in:311 out:313 type:b q:33.87 q-aq:34.00 q-noVbv:33.87 q-Rceq:1.32 tex:689 mv:2084 misc:699 icu:0.00 pcu:695.25 scu:600.75 tlayer:4 pbqpoffset:3.78 pbfactor:1.55 avgQpOffsetCutree:0.00;
in:316 out:314 type:B q:31.95 q-aq:27.33 q-noVbv:31.95 q-Rceq:1.32 tex:62219 mv:13243 misc:4706 icu:28.00 pcu:813.75 scu:454.25 tlayer:2 pbqpoffset:1.77 pbfactor:1.23 avgQpOffsetCutree:-3.76;
in:314 out:315 type:B q:33.78 q-aq:32.01 q-noVbv:33.78 q-Rceq:1.32 tex:2078 mv:3717 misc:989 icu:0.00 pcu:916.75 scu:379.25 tlayer:3 pbqpoffset:3.64 pbfactor:1.52 avgQpOffsetCutree:-1.95;
in:313 out:316 type:b q:33.74 q-aq:34.00 q-noVbv:33.74 q-Rceq:1.32 tex:738 mv:1874 misc:708 icu:0.00 pcu:542.50 scu:753.50 tlayer:4 pbqpoffset:3.62 pbfactor:1.52 avgQpOffsetCutree:0.00;
in:315 out:317 type:b q:33.38 q-aq:33.00 q-noVbv:33.38 q-Rceq:1.32 tex:1008 mv:2751 misc:801 icu:0.00 pcu:769.25 scu:526.75 tlayer:4 pbqpoffset:3.22 pbfactor:1.45 avgQpOffsetCutree:0.00;
in:318 out:318 type:B q:32.18 q-aq:29.27 q-noVbv:32.18 q-Rceq:1.32 tex:19027 mv:8394 misc:3435 icu:4.50 pcu:778.25 scu:513.25 tlayer:3 pbqpoffset:1.97 pbfactor:1.25 avgQpOffsetCutree:-2.42;
in:317 out:319 type:b q:33.61 q-aq:34.00 q-noVbv:33.61 q-Rceq:1.32 tex:1404 mv:2793 misc:779 icu:0.00 pcu:793.50 scu:502.50 tlayer:4 pbqpoffset:3.42 pbfactor:1.48 avgQpOffsetCutree:0.00;
in:319 out:320 type:b q:33.14 q-aq:33.00 q-noVbv:33.14 q-Rceq:1.32 tex:317 mv:1143 misc:748 icu:0.00 pcu:309.00 scu:987.00 tlayer:4 pbqpoffset:2.91 pbfactor:1.40 avgQpOffsetCutree:0.00;
in:336 out:321 type:k q:30.16 q-aq:21.95 q-noVbv:30.16 q-Rceq:1.32 tex:358733 mv:34643 misc:3576 icu:524.75 pcu:756.75 scu:14.50 tlayer:0 pbqpoffset:0.74 pbfactor:1.09 avgQpOffsetCutree:-8.20;
in:328 out:322 type:B q:32.03 q-aq:24.36 q-noVbv:32.03 q-Rceq:1.32 tex:144581 mv:20419 misc:4936 icu:31.25 pcu:1023.50 scu:241.25 tlayer:1 pbqpoffset:1.82 pbfactor:1.23 avgQpOffsetCutree:-5.99;
in:324 out:323 type:B q:33.15 q-aq:28.68 q-noVbv:33.15 q-Rceq:1.32 tex:17106 mv:8947 misc:2747 icu:5.00 pcu:904.75 scu:386.25 tlayer:2 pbqpoffset:2.92 pbfactor:1.40 avgQpOffsetCutree:-3.68;
in:322 out:324 type:B q:33.41 q-aq:31.95 q-noVbv:33.41 q-Rceq:1.32 tex:1288 mv:2720 misc:960 icu:1.00 pcu:654.75 scu:640.25 tlayer:3 pbqpoffset:3.17 pbfactor:1.44 avgQpOffsetCutree:-1.75;
in:321 out:325 type:b q:34.51 q-aq:35.00 q-noVbv:34.51 q-Rceq:1.32 tex:203 mv:1953 misc:604 icu:0.00 pcu:595.25 scu:700.75 tlayer:4 pbqpoffset:4.27 pbfactor:1.64 avgQpOffsetCutree:0.00;
in:323 out:326 type:b q:34.31 q-aq:34.00 q-noVbv:34.31 q-Rceq:1.32 tex:157 mv:2143 misc:692 icu:0.00 pcu:657.25 scu:638.75 tlayer:4 pbqpoffset:4.08 pbfactor:1.60 avgQpOffsetCutree:0.00;
in:326 out:327 type:B q:33.43 q-aq:31.42 q-noVbv:33.43 q-Rceq:1.32 tex:2957 mv:3493 misc:1086 icu:0.00 pcu:892.50 scu:403.50 tlayer:3 pbqpoffset:3.21 pbfactor:1.45 avgQpOffsetCutree:-1.85;
in:325 out:328 type:b q:36.84 q-aq:37.00 q-noVbv:36.84 q-Rceq:1.32 tex:6 mv:793 misc:473 icu:0.00 pcu:198.00 scu:1098.00 tlayer:4 pbqpoffset:6.62 pbfactor:2.15 avgQpOffsetCutree:0.00;
in:327 out:329 type:b q:36.83 q-aq:37.00 q-noVbv:36.83 q-Rceq:1.32 tex:5 mv:513 misc:386 icu:0.00 pcu:156.00 scu:1140.00 tlayer:4 pbqpoffset:6.62 pbfactor:2.15 avgQpOffsetCutree:0.00;
in:332 out:330 type:B q:32.30 q-aq:26.73 q-noVbv:32.30 q-Rceq:1.32 tex:48576 mv:11820 misc:4540 icu:9.75 pcu:920.00 scu:366.25 tlayer:2 pbqpoffset:2.12 pbfactor:1.28 avgQpOffsetCutree:-4.43;
in:330 out:331 type:B q:33.82 q-aq:32.14 q-noVbv:33.82 q-Rceq:1.32 tex:2360 mv:3461 misc:1147 icu:0.00 pcu:858.50 scu:437.50 tlayer:3 pbqpoffset:3.62 pbfactor:1.52 avgQpOffsetCutree:-1.79;
in:329 out:332 type:b q:36.82 q-aq:37.00 q-noVbv:36.82 q-Rceq:1.32 tex:4 mv:860 misc:480 icu:0.00 pcu:277.00 scu:1019.00 tlayer:4 pbqpoffset:6.62 pbfactor:2.15 avgQpOffsetCutree:0.00;
in:331 out:333 type:b q:36.71 q-aq:37.00 q-noVbv:36.71 q-Rceq:1.32 tex:5 mv:1497 misc:594 icu:0.00 pcu:516.00 scu:780.00 tlayer:4 pbqpoffset:6.52 pbfactor:2.12 avgQpOffsetCutree:0.00;
in:334 out:334 type:B q:33.79 q-aq:31.32 q-noVbv:33.79 q-Rceq:1.32 tex:727 mv:2041 misc:1088 icu:0.00 pcu:690.50 scu:605.50 tlayer:3 pbqpoffset:3.62 pbfactor:1.52 avgQpOffsetCutree:-2.20;
in:333 out:335 type:b q:36.49 q-aq:36.00 q-noVbv:36.49 q-Rceq:1.32 tex:12 mv:1134 misc:518 icu:0.00 pcu:474.00 scu:822.00 tlayer:4 pbqpoffset:6.32 pbfactor:2.07 avgQpOffsetCutree:0.00;
in:335 out:336 type:b q:36.63 q-aq:37.00 q-noVbv:36.63 q-Rceq:1.32 tex:4 mv:856 misc:540 icu:0.00 pcu:305.00 scu:991.00 tlayer:4 pbqpoffset:6.47 pbfactor:2.11 avgQpOffsetCutree:0.00;
in:352 out:337 type:k q:30.17 q-aq:21.95 q-noVbv:30.17 q-Rceq:1.32 tex:380418 mv:26440 misc:3582 icu:237.75 pcu:1034.25 scu:24.00 tlayer:0 pbqpoffset:0.79 pbfactor:1.09 avgQpOffsetCutree:-8.08;
in:344 out:338 type:B q:31.88 q-aq:23.28 q-noVbv:31.88 q-Rceq:1.32 tex:142932 mv:14888 misc:5292 icu:7.75 pcu:859.75 scu:428.50 tlayer:1 pbqpoffset:1.72 pbfactor:1.22 avgQpOffsetCutree:-6.81;
in:340 out:339 type:B q:33.74 q-aq:29.39 q-noVbv:33.74 q-Rceq:1.32 tex:799 mv:2911 misc:1122 icu:0.00 pcu:760.75 scu:535.25 tlayer:2 pbqpoffset:3.57 pbfactor:1.51 avgQpOffsetCutree:-3.27;
in:338 out:340 type:B q:33.73 q-aq:34.00 q-noVbv:33.73 q-Rceq:1.32 tex:5 mv:808 misc:539 icu:0.00 pcu:238.00 scu:1058.00 tlayer:3 pbqpoffset:3.57 pbfactor:1.51 avgQpOffsetCutree:-2.04;
in:337 out:341 type:b q:36.41 q-aq:36.00 q-noVbv:36.41 q-Rceq:1.32 tex:5 mv:636 misc:479 icu:0.00 pcu:251.00 scu:1045.00 tlayer:4 pbqpoffset:6.25 pbfactor:2.06 avgQpOffsetCutree:0.00;
in:339 out:342 type:b q:36.41 q-aq:36.00 q-noVbv:36.41 q-Rceq:1.32 tex:0 mv:34 misc:206 icu:0.00 pcu:20.00 scu:1276.00 tlayer:4 pbqpoffset:6.25 pbfactor:2.06 avgQpOffsetCutree:0.00;
in:342 out:343 type:B q:33.74 q-aq:34.00 q-noVbv:33.74 q-Rceq:1.32 tex:7 mv:373 misc:356 icu:0.00 pcu:100.00 scu:1196.00 tlayer:3 pbqpoffset:3.57 pbfactor:1.51 avgQpOffsetCutree:-2.89;
in:341 out:344 type:b q:36.41 q-aq:36.00 q-noVbv:36.41 q-Rceq:1.32 tex:3 mv:143 misc:246 icu:0.00 pcu:41.00 scu:1255.00 tlayer:4 pbqpoffset:6.25 pbfactor:2.06 avgQpOffsetCutree:0.00;
in:343 out:345 type:b q:36.42 q-aq:36.00 q-noVbv:36.42 q-Rceq:1.32 tex:1 mv:117 misc:250 icu:0.00 pcu:50.00 scu:1246.00 tlayer:4 pbqpoffset:6.25 pbfactor:2.06 avgQpOffsetCutree:0.00;
in:348 out:346 type:B q:33.53 q-aq:28.36 q-noVbv:33.53 q-Rceq:1.32 tex:8719 mv:2991 misc:1618 icu:0.00 pcu:532.00 scu:764.00 tlayer:2 pbqpoffset:3.36 pbfactor:1.47 avgQpOffsetCutree:-4.19;
in:346 out:347 type:B q:33.74 q-aq:34.00 q-noVbv:33.74 q-Rceq:1.32 tex:6 mv:1492 misc:614 icu:0.00 pcu:549.25 scu:746.75 tlayer:3 pbqpoffset:3.57 pbfactor:1.51 avgQpOffsetCutree:-1.43;
in:345 out:348 type:b q:36.42 q-aq:36.00 q-noVbv:36.42 q-Rceq:1.32 tex:0 mv:211 misc:277 icu:0.00 pcu:60.00 scu:1236.00 tlayer:4 pbqpoffset:6.25 pbfactor:2.06 avgQpOffsetCutree:0.00;
in:347 out:349 type:b q:36.42 q-aq:36.00 q-noVbv:36.42 q-Rceq:1.32 tex:9 mv:841 misc:494 icu:0.00 pcu:281.00 scu:1015.00 tlayer:4 pbqpoffset:6.25 pbfactor:2.06 avgQpOffsetCutree:0.00;
in:350 out:350 type:B q:33.74 q-aq:31.43 q-noVbv:33.74 q-Rceq:1.32 tex:66 mv:1724 misc:682 icu:0.00 pcu:461.75 scu:834.25 tlayer:3 pbqpoffset:3.57 pbfactor:1.51 avgQpOffsetCutree:-2.05;
in:349 out:351 type:b q:36.42 q-aq:36.00 q-noVbv:36.42 q-Rceq:1.32 tex:1 mv:173 misc:274 icu:0.00 pcu:98.00 scu:1198.00 tlayer:4 pbqpoffset:6.25 pbfactor:2.06 avgQpOffsetCutree:0.00;
in:351 out:352 type:b q:36.52 q-aq:37.00 q-noVbv:36.52 q-Rceq:1.32 tex:5 mv:492 misc:415 icu:0.00 pcu:161.00 scu:1135.00 tlayer:4 pbqpoffset:6.35 pbfactor:2.08 avgQpOffsetCutree:0.00;
in:368 out:353 type:k q:30.20 q-aq:23.30 q-noVbv:30.20 q-Rceq:1.32 tex:352526 mv:54500 misc:2734 icu:994.25 pcu:296.50 scu:5.25 tlayer:0 pbqpoffset:0.75 pbfactor:1.09 avgQpOffsetCutree:-7.00;
in:360 out:354 type:B q:31.89 q-aq:24.62 q-noVbv:31.89 q-Rceq:1.32 tex:143609 mv:24793 misc:5126 icu:47.75 pcu:1016.75 scu:231.50 tlayer:1 pbqpoffset:1.71 pbfactor:1.22 avgQpOffsetCutree:-5.85;
in:356 out:355 type:B q:32.91 q-aq:29.00 q-noVbv:32.91 q-Rceq:1.32 tex:14156 mv:7776 misc:2148 icu:2.25 pcu:981.75 scu:312.00 tlayer:2 pbqpoffset:2.73 pbfactor:1.37 avgQpOffsetCutree:-3.16;
in:354 out:356 type:B q:33.75 q-aq:34.00 q-noVbv:33.75 q-Rceq:1.32 tex:9 mv:1304 misc:671 icu:0.00 pcu:379.75 scu:916.25 tlayer:3 pbqpoffset:3.57 pbfactor:1.51 avgQpOffsetCutree:-1.17;
in:353 out:357 type:b q:36.42 q-aq:36.00 q-noVbv:36.42 q-Rceq:1.32 tex:2 mv:145 misc:253 icu:0.00 pcu:40.00 scu:1256.00 tlayer:4 pbqpoffset:6.25 pbfactor:2.06 avgQpOffsetCutree:0.00;
in:355 out:358 type:b q:36.75 q-aq:37.00 q-noVbv:36.75 q-Rceq:1.32 tex:7 mv:920 misc:489 icu:0.00 pcu:447.00 scu:849.00 tlayer:4 pbqpoffset:6.57 pbfactor:2.14 avgQpOffsetCutree:0.00;
in:358 out:359 type:B q:33.76 q-aq:32.12 q-noVbv:33.76 q-Rceq:1.32 tex:1597 mv:3169 misc:866 icu:0.00 pcu:836.25 scu:459.75 tlayer:3 pbqpoffset:3.57 pbfactor:1.51 avgQpOffsetCutree:-1.73;
in:357 out:360 type:b q:36.75 q-aq:37.00 q-noVbv:36.75 q-Rceq:1.32 tex:3 mv:941 misc:480 icu:0.00 pcu:330.00 scu:966.00 tlayer:4 pbqpoffset:6.57 pbfactor:2.14 avgQpOffsetCutree:0.00;
in:359 out:361 type:b q:36.76 q-aq:37.00 q-noVbv:36.76 q-Rceq:1.32 tex:6 mv:1450 misc:576 icu:0.00 pcu:471.00 scu:825.00 tlayer:4 pbqpoffset:6.57 pbfactor:2.14 avgQpOffsetCutree:0.00;
in:364 out:362 type:B q:32.33 q-aq:27.22 q-noVbv:32.33 q-Rceq:1.32 tex:24270 mv:9080 misc:4018 icu:17.75 pcu:1030.75 scu:247.50 tlayer:2 pbqpoffset:2.14 pbfactor:1.28 avgQpOffsetCutree:-4.10;
in:362 out:363 type:B q:33.76 q-aq:31.64 q-noVbv:33.76 q-Rceq:1.32 tex:272 mv:4244 misc:852 icu:1.00 pcu:1017.75 scu:277.25 tlayer:3 pbqpoffset:3.57 pbfactor:1.51 avgQpOffsetCutree:-1.85;
in:361 out:364 type:b q:36.30 q-aq:36.00 q-noVbv:36.30 q-Rceq:1.32 tex:66 mv:1616 misc:590 icu:0.00 pcu:597.00 scu:699.00 tlayer:4 pbqpoffset:6.11 pbfactor:2.03 avgQpOffsetCutree:0.00;
in:363 out:365 type:b q:36.28 q-aq:36.00 q-noVbv:36.28 q-Rceq:1.32 tex:12 mv:1574 misc:550 icu:0.00 pcu:684.00 scu:612.00 tlayer:4 pbqpoffset:6.09 pbfactor:2.02 avgQpOffsetCutree:0.00;
in:366 out:366 type:B q:33.03 q-aq:30.49 q-noVbv:33.03 q-Rceq:1.32 tex:1627 mv:3973 misc:2168 icu:10.00 pcu:702.50 scu:583.50 tlayer:3 pbqpoffset:2.84 pbfactor:1.39 avgQpOffsetCutree:-2.21;
in:365 out:367 type:b q:36.77 q-aq:37.00 q-noVbv:36.77 q-Rceq:1.32 tex:41 mv:1844 misc:587 icu:0.00 pcu:665.00 scu:631.00 tlayer:4 pbqpoffset:6.57 pbfactor:2.14 avgQpOffsetCutree:0.00;
in:367 out:368 type:b q:33.17 q-aq:33.00 q-noVbv:33.17 q-Rceq:1.32 tex:98 mv:2323 misc:1251 icu:1.00 pcu:746.00 scu:549.00 tlayer:4 pbqpoffset:2.97 pbfactor:1.41 avgQpOffsetCutree:0.00;
in:384 out:369 type:k q:32.07 q-aq:25.71 q-noVbv:32.07 q-Rceq:1.32 tex:267204 mv:47713 misc:2299 icu:1224.00 pcu:70.00 scu:2.00 tlayer:0 pbqpoffset:0.72 pbfactor:1.09 avgQpOffsetCutree:-7.12;
in:376 out:370 type:B q:33.48 q-aq:26.42 q-noVbv:33.48 q-Rceq:1.32 tex:127611 mv:35656 misc:4565 icu:73.25 pcu:1091.50 scu:131.25 tlayer:1 pbqpoffset:2.35 pbfactor:1.31 avgQpOffsetCutree:-6.09;
in:372 out:371 type:B q:34.57 q-aq:30.41 q-noVbv:34.57 q-Rceq:1.32 tex:13915 mv:13997 misc:2680 icu:14.00 pcu:1025.25 scu:256.75 tlayer:2 pbqpoffset:3.90 pbfactor:1.57 avgQpOffsetCutree:-3.42;
in:370 out:372 type:B q:34.34 q-aq:32.94 q-noVbv:34.34 q-Rceq:1.32 tex:818 mv:4949 misc:1057 icu:0.00 pcu:966.00 scu:330.00 tlayer:3 pbqpoffset:3.90 pbfactor:1.57 avgQpOffsetCutree:-1.77;
in:369 out:373 type:b q:37.22 q-aq:37.00 q-noVbv:37.22 q-Rceq:1.32 tex:9 mv:1838 misc:577 icu:0.00 pcu:548.00 scu:748.00 tlayer:4 pbqpoffset:6.90 pbfactor:2.22 avgQpOffsetCutree:0.00;
in:371 out:374 type:b q:37.45 q-aq:37.00 q-noVbv:37.45 q-Rceq:1.32 tex:5 mv:1502 misc:589 icu:0.00 pcu:474.00 scu:822.00 tlayer:4 pbqpoffset:6.90 pbfactor:2.22 avgQpOffsetCutree:0.00;
in:374 out:375 type:B q:34.80 q-aq:33.45 q-noVbv:34.80 q-Rceq:1.32 tex:804 mv:4154 misc:978 icu:0.00 pcu:869.25 scu:426.75 tlayer:3 pbqpoffset:3.90 pbfactor:1.57 avgQpOffsetCutree:-1.65;
in:373 out:376 type:b q:37.69 q-aq:38.00 q-noVbv:37.69 q-Rceq:1.32 tex:7 mv:1480 misc:569 icu:0.00 pcu:479.00 scu:817.00 tlayer:4 pbqpoffset:6.90 pbfactor:2.22 avgQpOffsetCutree:0.00;
in:375 out:377 type:b q:37.92 q-aq:38.00 q-noVbv:37.92 q-Rceq:1.32 tex:4 mv:1335 misc:485 icu:0.00 pcu:384.00 scu:912.00 tlayer:4 pbqpoffset:6.90 pbfactor:2.22 avgQpOffsetCutree:0.00;
in:380 out:378 type:B q:35.18 q-aq:29.96 q-noVbv:35.18 q-Rceq:1.32 tex:12995 mv:13769 misc:3532 icu:24.75 pcu:1041.75 scu:229.50 tlayer:2 pbqpoffset:3.58 pbfactor:1.51 avgQpOffsetCutree:-4.20;
in:378 out:379 type:B q:35.27 q-aq:34.99 q-noVbv:35.27 q-Rceq:1.32 tex:109 mv:5276 misc:671 icu:2.00 pcu:1093.50 scu:200.50 tlayer:3 pbqpoffset:3.90 pbfactor:1.57 avgQpOffsetCutree:-1.77;
in:377 out:380 type:b q:38.15 q-aq:38.00 q-noVbv:38.15 q-Rceq:1.32 tex:4 mv:1805 misc:623 icu:0.00 pcu:583.00 scu:713.00 tlayer:4 pbqpoffset:6.90 pbfactor:2.22 avgQpOffsetCutree:0.00;
in:379 out:381 type:b q:38.39 q-aq:38.00 q-noVbv:38.39 q-Rceq:1.32 tex:22 mv:2132 misc:646 icu:0.00 pcu:648.00 scu:648.00 tlayer:4 pbqpoffset:6.90 pbfactor:2.22 avgQpOffsetCutree:0.00;
in:382 out:382 type:B q:35.74 q-aq:33.20 q-noVbv:35.74 q-Rceq:1.32 tex:1117 mv:6308 misc:1927 icu:26.25 pcu:935.25 scu:334.50 tlayer:3 pbqpoffset:3.90 pbfactor:1.57 avgQpOffsetCutree:-2.30;
in:381 out:383 type:b q:38.62 q-aq:39.00 q-noVbv:38.62 q-Rceq:1.32 tex:91 mv:2528 misc:661 icu:6.00 pcu:818.75 scu:471.25 tlayer:4 pbqpoffset:6.90 pbfactor:2.22 avgQpOffsetCutree:0.00;
in:383 out:384 type:b q:38.09 q-aq:38.00 q-noVbv:38.09 q-Rceq:1.32 tex:156 mv:3297 misc:883 icu:17.00 pcu:864.00 scu:415.00 tlayer:4 pbqpoffset:6.14 pbfactor:2.03 avgQpOffsetCutree:0.00;
in:392 out:385 type:k q:34.04 q-aq:26.31 q-noVbv:34.04 q-Rceq:1.32 tex:146814 mv:42114 misc:3840 icu:119.25 pcu:1076.00 scu:100.75 tlayer:0 pbqpoffset:0.62 pbfactor:1.07 avgQpOffsetCutree:-6.79;
in:388 out:386 type:B q:35.02 q-aq:30.57 q-noVbv:35.02 q-Rceq:1.32 tex:11151 mv:16017 misc:2936 icu:5.25 pcu:997.00 scu:293.75 tlayer:1 pbqpoffset:1.97 pbfactor:1.26 avgQpOffsetCutree:-3.67;
in:386 out:387 type:B q:35.24 q-aq:33.42 q-noVbv:35.24 q-Rceq:1.32 tex:903 mv:5667 misc:910 icu:0.25 pcu:1025.00 scu:270.75 tlayer:2 pbqpoffset:2.68 pbfactor:1.36 avgQpOffsetCutree:-1.86;
in:385 out:388 type:b q:36.56 q-aq:37.00 q-noVbv:36.56 q-Rceq:1.32 tex:128 mv:2317 misc:635 icu:1.00 pcu:714.50 scu:580.50 tlayer:3 pbqpoffset:4.25 pbfactor:1.63 avgQpOffsetCutree:0.00;
in:387 out:389 type:b q:37.16 q-aq:37.00 q-noVbv:37.16 q-Rceq:1.32 tex:7 mv:1937 misc:576 icu:0.00 pcu:699.25 scu:596.75 tlayer:3 pbqpoffset:4.35 pbfactor:1.65 avgQpOffsetCutree:0.00;
in:390 out:390 type:B q:36.34 q-aq:35.09 q-noVbv:36.34 q-Rceq:1.32 tex:304 mv:4197 misc:779 icu:0.00 pcu:848.50 scu:447.50 tlayer:2 pbqpoffset:2.80 pbfactor:1.38 avgQpOffsetCutree:-1.61;
in:389 out:391 type:b q:38.10 q-aq:38.00 q-noVbv:38.10 q-Rceq:1.32 tex:6 mv:1400 misc:482 icu:0.00 pcu:600.00 scu:696.00 tlayer:3 pbqpoffset:4.80 pbfactor:1.74 avgQpOffsetCutree:0.00;
in:391 out:392 type:b q:38.08 q-aq:38.00 q-noVbv:38.08 q-Rceq:1.32 tex:10 mv:1452 misc:546 icu:0.00 pcu:374.25 scu:921.75 tlayer:3 pbqpoffset:4.28 pbfactor:1.64 avgQpOffsetCutree:0.00;
in:400 out:393 type:k q:35.48 q-aq:28.35 q-noVbv:35.48 q-Rceq:1.32 tex:187076 mv:40850 misc:3050 icu:636.00 pcu:633.00 scu:27.00 tlayer:0 pbqpoffset:0.67 pbfactor:1.08 avgQpOffsetCutree:-6.85;
in:396 out:394 type:B q:36.83 q-aq:31.65 q-noVbv:36.83 q-Rceq:1.32 tex:10920 mv:17858 misc:3278 icu:4.50 pcu:1075.00 scu:216.50 tlayer:1 pbqpoffset:2.07 pbfactor:1.27 avgQpOffsetCutree:-4.16;
in:394 out:395 type:B q:37.98 q-aq:36.18 q-noVbv:37.98 q-Rceq:1.32 tex:236 mv:5203 misc:969 icu:0.25 pcu:946.00 scu:349.75 tlayer:2 pbqpoffset:3.58 pbfactor:1.51 avgQpOffsetCutree:-1.75;
in:393 out:396 type:b q:40.53 q-aq:41.00 q-noVbv:40.53 q-Rceq:1.32 tex:51 mv:854 misc:391 icu:0.00 pcu:205.00 scu:1091.00 tlayer:3 pbqpoffset:6.31 pbfactor:2.07 avgQpOffsetCutree:0.00;
in:395 out:397 type:b q:40.69 q-aq:41.00 q-noVbv:40.69 q-Rceq:1.32 tex:91 mv:693 misc:360 icu:0.00 pcu:144.00 scu:1152.00 tlayer:3 pbqpoffset:6.11 pbfactor:2.03 avgQpOffsetCutree:0.00;
in:398 out:398 type:B q:38.14 q-aq:36.03 q-noVbv:38.14 q-Rceq:1.32 tex:792 mv:5371 misc:1117 icu:1.50 pcu:1052.00 scu:242.50 tlayer:2 pbqpoffset:3.02 pbfactor:1.42 avgQpOffsetCutree:-2.14;
in:397 out:399 type:b q:41.52 q-aq:42.00 q-noVbv:41.52 q-Rceq:1.32 tex:5 mv:736 misc:347 icu:0.00 pcu:219.00 scu:1077.00 tlayer:3 pbqpoffset:6.58 pbfactor:2.14 avgQpOffsetCutree:0.00;
in:399 out:400 type:b q:40.59 q-aq:41.00 q-noVbv:40.59 q-Rceq:1.32 tex:4 mv:1683 misc:633 icu:0.00 pcu:706.00 scu:590.00 tlayer:3 pbqpoffset:5.29 pbfactor:1.84 avgQpOffsetCutree:0.00;
in:409 out:401 type:k q:33.02 q-aq:24.84 q-noVbv:33.02 q-Rceq:1.32 tex:175781 mv:46640 misc:3755 icu:249.25 pcu:996.00 scu:50.75 tlayer:0 pbqpoffset:0.57 pbfactor:1.07 avgQpOffsetCutree:-6.60;
in:405 out:402 type:B q:35.97 q-aq:31.30 q-noVbv:35.97 q-Rceq:1.32 tex:6777 mv:16764 misc:2787 icu:3.00 pcu:1019.50 scu:273.50 tlayer:1 pbqpoffset:1.86 pbfactor:1.24 avgQpOffsetCutree:-3.82;
in:403 out:403 type:B q:37.40 q-aq:35.68 q-noVbv:37.40 q-Rceq:1.32 tex:80 mv:6513 misc:919 icu:0.25 pcu:1042.50 scu:253.25 tlayer:2 pbqpoffset:2.74 pbfactor:1.37 avgQpOffsetCutree:-2.25;
in:402 out:404 type:B q:38.22 q-aq:38.00 q-noVbv:38.22 q-Rceq:1.32 tex:28 mv:3035 misc:673 icu:0.00 pcu:741.50 scu:554.50 tlayer:3 pbqpoffset:3.29 pbfactor:1.46 avgQpOffsetCutree:-1.01;
in:401 out:405 type:b q:39.70 q-aq:40.00 q-noVbv:39.70 q-Rceq:1.32 tex:2 mv:1124 misc:450 icu:0.00 pcu:224.00 scu:1072.00 tlayer:4 pbqpoffset:4.50 pbfactor:1.68 avgQpOffsetCutree:0.00;
in:404 out:406 type:b q:38.85 q-aq:39.00 q-noVbv:38.85 q-Rceq:1.32 tex:5 mv:1062 misc:453 icu:0.00 pcu:173.25 scu:1122.75 tlayer:3 pbqpoffset:4.47 pbfactor:1.68 avgQpOffsetCutree:0.00;
in:407 out:407 type:B q:36.16 q-aq:34.24 q-noVbv:36.16 q-Rceq:1.32 tex:1132 mv:6152 misc:1156 icu:1.75 pcu:1020.25 scu:274.00 tlayer:2 pbqpoffset:2.59 pbfactor:1.35 avgQpOffsetCutree:-1.94;
in:406 out:408 type:b q:38.26 q-aq:38.00 q-noVbv:38.26 q-Rceq:1.32 tex:44 mv:1455 misc:565 icu:0.00 pcu:459.00 scu:837.00 tlayer:3 pbqpoffset:4.41 pbfactor:1.67 avgQpOffsetCutree:0.00;
in:408 out:409 type:b q:37.99 q-aq:38.00 q-noVbv:37.99 q-Rceq:1.32 tex:29 mv:2430 misc:565 icu:0.00 pcu:982.50 scu:313.50 tlayer:3 pbqpoffset:4.70 pbfactor:1.72 avgQpOffsetCutree:0.00;
in:422 out:410 type:k q:31.88 q-aq:24.54 q-noVbv:31.88 q-Rceq:1.32 tex:224902 mv:41324 misc:2926 icu:670.25 pcu:617.75 scu:8.00 tlayer:0 pbqpoffset:0.57 pbfactor:1.07 avgQpOffsetCutree:-7.33;
in:416 out:411 type:B q:34.48 q-aq:29.38 q-noVbv:34.48 q-Rceq:1.32 tex:68339 mv:26733 misc:3960 icu:85.75 pcu:995.25 scu:215.00 tlayer:1 pbqpoffset:2.07 pbfactor:1.27 avgQpOffsetCutree:-4.23;
in:413 out:412 type:B q:35.25 q-aq:30.77 q-noVbv:35.25 q-Rceq:1.32 tex:18385 mv:19363 misc:3468 icu:22.75 pcu:1077.00 scu:196.25 tlayer:2 pbqpoffset:2.58 pbfactor:1.35 avgQpOffsetCutree:-3.66;
in:411 out:413 type:B q:36.49 q-aq:34.86 q-noVbv:36.49 q-Rceq:1.32 tex:909 mv:5799 misc:980 icu:1.00 pcu:996.50 scu:298.50 tlayer:3 pbqpoffset:3.64 pbfactor:1.52 avgQpOffsetCutree:-1.73;
in:410 out:414 type:b q:39.57 q-aq:40.00 q-noVbv:39.57 q-Rceq:1.32 tex:7 mv:1409 misc:536 icu:0.00 pcu:444.00 scu:852.00 tlayer:4 pbqpoffset:6.64 pbfactor:2.15 avgQpOffsetCutree:0.00;
in:412 out:415 type:b q:39.40 q-aq:39.00 q-noVbv:39.40 q-Rceq:1.32 tex:18 mv:1228 misc:530 icu:0.00 pcu:276.25 scu:1019.75 tlayer:4 pbqpoffset:6.64 pbfactor:2.15 avgQpOffsetCutree:0.00;
in:415 out:416 type:B q:36.13 q-aq:35.73 q-noVbv:36.13 q-Rceq:1.32 tex:480 mv:5074 misc:1070 icu:3.00 pcu:1067.00 scu:226.00 tlayer:3 pbqpoffset:3.64 pbfactor:1.52 avgQpOffsetCutree:-0.98;
in:414 out:417 type:b q:39.22 q-aq:39.00 q-noVbv:39.22 q-Rceq:1.32 tex:52 mv:1169 misc:523 icu:0.00 pcu:217.00 scu:1079.00 tlayer:4 pbqpoffset:6.64 pbfactor:2.15 avgQpOffsetCutree:0.00;
in:419 out:418 type:B q:35.78 q-aq:32.64 q-noVbv:35.78 q-Rceq:1.32 tex:617 mv:8988 misc:1267 icu:4.50 pcu:1089.50 scu:202.00 tlayer:2 pbqpoffset:3.64 pbfactor:1.52 avgQpOffsetCutree:-2.80;
in:418 out:419 type:B q:35.87 q-aq:36.00 q-noVbv:35.87 q-Rceq:1.32 tex:18 mv:3424 misc:742 icu:0.25 pcu:827.50 scu:468.25 tlayer:3 pbqpoffset:3.64 pbfactor:1.52 avgQpOffsetCutree:-0.85;
in:417 out:420 type:b q:38.96 q-aq:39.00 q-noVbv:38.96 q-Rceq:1.32 tex:4 mv:884 misc:432 icu:0.00 pcu:251.00 scu:1045.00 tlayer:4 pbqpoffset:6.64 pbfactor:2.15 avgQpOffsetCutree:0.00;
in:421 out:421 type:B q:35.61 q-aq:35.06 q-noVbv:35.61 q-Rceq:1.32 tex:162 mv:3900 misc:762 icu:0.25 pcu:876.25 scu:419.50 tlayer:3 pbqpoffset:3.64 pbfactor:1.52 avgQpOffsetCutree:-1.02;
in:420 out:422 type:b q:38.70 q-aq:39.00 q-noVbv:38.70 q-Rceq:1.32 tex:13 mv:1142 misc:493 icu:0.00 pcu:266.00 scu:1030.00 tlayer:4 pbqpoffset:6.64 pbfactor:2.15 avgQpOffsetCutree:0.00;
in:435 out:423 type:k q:31.25 q-aq:23.66 q-noVbv:31.25 q-Rceq:1.32 tex:240443 mv:40194 misc:2907 icu:612.75 pcu:676.00 scu:7.25 tlayer:0 pbqpoffset:0.90 pbfactor:1.11 avgQpOffsetCutree:-7.43;
in:429 out:424 type:B q:33.71 q-aq:28.38 q-noVbv:33.71 q-Rceq:1.32 tex:48943 mv:20689 misc:3792 icu:46.50 pcu:1092.50 scu:157.00 tlayer:1 pbqpoffset:2.17 pbfactor:1.28 avgQpOffsetCutree:-4.36;
in:426 out:425 type:B q:35.25 q-aq:31.63 q-noVbv:35.25 q-Rceq:1.32 tex:6424 mv:10647 misc:2097 icu:2.00 pcu:1043.25 scu:250.75 tlayer:2 pbqpoffset:3.56 pbfactor:1.51 avgQpOffsetCutree:-3.02;
in:424 out:426 type:B q:35.62 q-aq:34.41 q-noVbv:35.62 q-Rceq:1.32 tex:469 mv:4684 misc:887 icu:0.00 pcu:913.50 scu:382.50 tlayer:3 pbqpoffset:3.84 pbfactor:1.56 avgQpOffsetCutree:-1.65;
in:423 out:427 type:b q:38.67 q-aq:39.00 q-noVbv:38.67 q-Rceq:1.32 tex:5 mv:917 misc:478 icu:0.00 pcu:238.25 scu:1057.75 tlayer:4 pbqpoffset:6.84 pbfactor:2.20 avgQpOffsetCutree:0.00;
in:425 out:428 type:b q:38.57 q-aq:39.00 q-noVbv:38.57 q-Rceq:1.32 tex:9 mv:1185 misc:486 icu:0.00 pcu:495.25 scu:800.75 tlayer:4 pbqpoffset:6.84 pbfactor:2.20 avgQpOffsetCutree:0.00;
in:428 out:429 type:B q:35.43 q-aq:35.10 q-noVbv:35.43 q-Rceq:1.32 tex:77 mv:2825 misc:762 icu:0.00 pcu:669.00 scu:627.00 tlayer:3 pbqpoffset:3.84 pbfactor:1.56 avgQpOffsetCutree:-0.88;
in:427 out:430 type:b q:38.48 q-aq:38.00 q-noVbv:38.48 q-Rceq:1.32 tex:7 mv:1330 misc:527 icu:0.00 pcu:469.25 scu:826.75 tlayer:4 pbqpoffset:6.84 pbfactor:2.20 avgQpOffsetCutree:0.00;
in:432 out:431 type:B q:34.39 q-aq:31.95 q-noVbv:34.39 q-Rceq:1.32 tex:4100 mv:9586 misc:2026 icu:1.00 pcu:1055.50 scu:239.50 tlayer:2 pbqpoffset:2.99 pbfactor:1.41 avgQpOffsetCutree:-2.32;
in:431 out:432 type:B q:35.12 q-aq:34.97 q-noVbv:35.12 q-Rceq:1.32 tex:721 mv:4434 misc:1029 icu:1.00 pcu:1016.00 scu:279.00 tlayer:3 pbqpoffset:3.68 pbfactor:1.53 avgQpOffsetCutree:-0.93;
in:430 out:433 type:b q:38.33 q-aq:38.00 q-noVbv:38.33 q-Rceq:1.32 tex:66 mv:997 misc:489 icu:0.00 pcu:357.00 scu:939.00 tlayer:4 pbqpoffset:6.84 pbfactor:2.20 avgQpOffsetCutree:0.00;
in:434 out:434 type:B q:35.13 q-aq:35.00 q-noVbv:35.13 q-Rceq:1.32 tex:18 mv:2993 misc:781 icu:0.50 pcu:664.75 scu:630.75 tlayer:3 pbqpoffset:3.84 pbfactor:1.56 avgQpOffsetCutree:-0.92;
in:433 out:435 type:b q:38.18 q-aq:38.00 q-noVbv:38.18 q-Rceq:1.32 tex:12 mv:1114 misc:490 icu:0.00 pcu:445.50 scu:850.50 tlayer:4 pbqpoffset:6.84 pbfactor:2.20 avgQpOffsetCutree:0.00;
in:443 out:436 type:k q:31.85 q-aq:23.53 q-noVbv:31.85 q-Rceq:1.32 tex:161405 mv:31830 misc:3453 icu:213.75 pcu:1037.50 scu:44.75 tlayer:0 pbqpoffset:0.90 pbfactor:1.11 avgQpOffsetCutree:-7.17;
in:439 out:437 type:B q:33.28 q-aq:28.80 q-noVbv:33.28 q-Rceq:1.32 tex:12830 mv:13761 misc:3161 icu:4.75 pcu:1043.25 scu:248.00 tlayer:1 pbqpoffset:1.73 pbfactor:1.22 avgQpOffsetCutree:-3.63;
in:437 out:438 type:B q:34.12 q-aq:32.42 q-noVbv:34.12 q-Rceq:1.32 tex:253 mv:5127 misc:964 icu:0.50 pcu:985.50 scu:310.00 tlayer:2 pbqpoffset:2.72 pbfactor:1.37 avgQpOffsetCutree:-1.76;
in:436 out:439 type:b q:35.77 q-aq:36.00 q-noVbv:35.77 q-Rceq:1.32 tex:10 mv:2072 misc:638 icu:0.00 pcu:540.50 scu:755.50 tlayer:3 pbqpoffset:4.45 pbfactor:1.67 avgQpOffsetCutree:0.00;
in:438 out:440 type:b q:36.32 q-aq:36.00 q-noVbv:36.32 q-Rceq:1.32 tex:36 mv:1967 misc:629 icu:0.00 pcu:685.25 scu:610.75 tlayer:3 pbqpoffset:4.85 pbfactor:1.75 avgQpOffsetCutree:0.00;
in:441 out:441 type:B q:33.84 q-aq:32.06 q-noVbv:33.84 q-Rceq:1.32 tex:1029 mv:4941 misc:1430 icu:0.25 pcu:852.25 scu:443.50 tlayer:2 pbqpoffset:2.14 pbfactor:1.28 avgQpOffsetCutree:-1.87;
in:440 out:442 type:b q:35.60 q-aq:36.00 q-noVbv:35.60 q-Rceq:1.32 tex:14 mv:1341 misc:613 icu:0.00 pcu:395.50 scu:900.50 tlayer:3 pbqpoffset:3.97 pbfactor:1.58 avgQpOffsetCutree:0.00;
in:442 out:443 type:b q:35.66 q-aq:36.00 q-noVbv:35.66 q-Rceq:1.32 tex:38 mv:1503 misc:611 icu:0.00 pcu:507.50 scu:788.50 tlayer:3 pbqpoffset:3.89 pbfactor:1.57 avgQpOffsetCutree:0.00;
in:459 out:444 type:k q:29.31 q-aq:20.78 q-noVbv:29.31 q-Rceq:1.32 tex:276776 mv:39262 misc:3234 icu:601.75 pcu:688.00 scu:6.25 tlayer:0 pbqpoffset:0.58 pbfactor:1.07 avgQpOffsetCutree:-7.91;
in:451 out:445 type:B q:32.14 q-aq:25.46 q-noVbv:32.14 q-Rceq:1.32 tex:82119 mv:23460 misc:3925 icu:31.75 pcu:1093.50 scu:170.75 tlayer:1 pbqpoffset:1.56 pbfactor:1.20 avgQpOffsetCutree:-5.25;
in:447 out:446 type:B q:33.71 q-aq:31.10 q-noVbv:33.71 q-Rceq:1.32 tex:3054 mv:7871 misc:2259 icu:1.50 pcu:977.25 scu:317.25 tlayer:2 pbqpoffset:2.49 pbfactor:1.33 avgQpOffsetCutree:-2.23;
in:445 out:447 type:B q:34.96 q-aq:32.92 q-noVbv:34.96 q-Rceq:1.32 tex:126 mv:3668 misc:766 icu:0.25 pcu:832.00 scu:463.75 tlayer:3 pbqpoffset:3.42 pbfactor:1.48 avgQpOffsetCutree:-1.81;
in:444 out:448 type:b q:38.11 q-aq:38.00 q-noVbv:38.11 q-Rceq:1.32 tex:6 mv:934 misc:492 icu:0.00 pcu:428.00 scu:868.00 tlayer:4 pbqpoffset:6.42 pbfactor:2.10 avgQpOffsetCutree:0.00;
in:446 out:449 type:b q:37.80 q-aq:38.00 q-noVbv:37.80 q-Rceq:1.32 tex:4 mv:1264 misc:532 icu:0.00 pcu:450.00 scu:846.00 tlayer:4 pbqpoffset:6.42 pbfactor:2.10 avgQpOffsetCutree:0.00;
in:449 out:450 type:B q:33.49 q-aq:30.75 q-noVbv:33.49 q-Rceq:1.32 tex:1551 mv:5041 misc:1616 icu:0.00 pcu:859.75 scu:436.25 tlayer:3 pbqpoffset:2.59 pbfactor:1.35 avgQpOffsetCutree:-2.23;
in:448 out:451 type:b q:34.49 q-aq:34.12 q-noVbv:34.49 q-Rceq:1.32 tex:71 mv:2366 misc:771 icu:0.00 pcu:712.00 scu:584.00 tlayer:4 pbqpoffset:3.44 pbfactor:1.49 avgQpOffsetCutree:0.00;
in:450 out:452 type:b q:36.27 q-aq:36.00 q-noVbv:36.27 q-Rceq:1.32 tex:4 mv:772 misc:464 icu:0.00 pcu:229.00 scu:1067.00 tlayer:4 pbqpoffset:5.53 pbfactor:1.89 avgQpOffsetCutree:0.00;
in:455 out:453 type:B q:32.66 q-aq:28.33 q-noVbv:32.66 q-Rceq:1.32 tex:11756 mv:9268 misc:2408 icu:0.50 pcu:875.00 scu:420.50 tlayer:2 pbqpoffset:2.71 pbfactor:1.37 avgQpOffsetCutree:-3.55;
in:453 out:454 type:B q:33.68 q-aq:32.06 q-noVbv:33.68 q-Rceq:1.32 tex:303 mv:2754 misc:711 icu:0.00 pcu:694.75 scu:601.25 tlayer:3 pbqpoffset:3.42 pbfactor:1.48 avgQpOffsetCutree:-1.63;
in:452 out:455 type:b q:35.66 q-aq:36.00 q-noVbv:35.66 q-Rceq:1.32 tex:10 mv:1210 misc:548 icu:0.00 pcu:424.50 scu:871.50 tlayer:4 pbqpoffset:5.24 pbfactor:1.83 avgQpOffsetCutree:0.00;
in:454 out:456 type:b q:35.86 q-aq:36.00 q-noVbv:35.86 q-Rceq:1.32 tex:7 mv:1109 misc:484 icu:0.00 pcu:388.25 scu:907.75 tlayer:4 pbqpoffset:5.76 pbfactor:1.94 avgQpOffsetCutree:0.00;
in:457 out:457 type:B q:33.05 q-aq:31.69 q-noVbv:33.05 q-Rceq:1.32 tex:389 mv:3348 misc:839 icu:0.00 pcu:730.50 scu:565.50 tlayer:3 pbqpoffset:3.42 pbfactor:1.48 avgQpOffsetCutree:-1.66;
in:456 out:458 type:b q:35.39 q-aq:35.00 q-noVbv:35.39 q-Rceq:1.32 tex:11 mv:1394 misc:539 icu:0.00 pcu:483.00 scu:813.00 tlayer:4 pbqpoffset:5.61 pbfactor:1.91 avgQpOffsetCutree:0.00;
in:458 out:459 type:b q:34.75 q-aq:35.00 q-noVbv:34.75 q-Rceq:1.32 tex:7 mv:1051 misc:486 icu:0.00 pcu:325.00 scu:971.00 tlayer:4 pbqpoffset:5.28 pbfactor:1.84 avgQpOffsetCutree:0.00;
in:475 out:460 type:k q:28.41 q-aq:19.68 q-noVbv:28.41 q-Rceq:1.32 tex:282645 mv:33420 misc:3255 icu:533.25 pcu:759.50 scu:3.25 tlayer:0 pbqpoffset:0.64 pbfactor:1.08 avgQpOffsetCutree:-8.28;
in:467 out:461 type:B q:30.44 q-aq:23.78 q-noVbv:30.44 q-Rceq:1.32 tex:85502 mv:15806 misc:4636 icu:13.75 pcu:924.50 scu:357.75 tlayer:1 pbqpoffset:1.58 pbfactor:1.20 avgQpOffsetCutree:-5.41;
in:463 out:462 type:B q:30.66 q-aq:28.10 q-noVbv:30.66 q-Rceq:1.32 tex:27008 mv:12346 misc:3726 icu:15.75 pcu:961.75 scu:318.50 tlayer:2 pbqpoffset:1.58 pbfactor:1.20 avgQpOffsetCutree:-2.33;
in:461 out:463 type:B q:31.75 q-aq:30.22 q-noVbv:31.75 q-Rceq:1.32 tex:4043 mv:4666 misc:1371 icu:1.00 pcu:910.50 scu:384.50 tlayer:3 pbqpoffset:2.56 pbfactor:1.34 avgQpOffsetCutree:-1.69;
in:460 out:464 type:b q:33.28 q-aq:33.00 q-noVbv:33.28 q-Rceq:1.32 tex:84 mv:2071 misc:637 icu:0.00 pcu:647.25 scu:648.75 tlayer:4 pbqpoffset:4.03 pbfactor:1.59 avgQpOffsetCutree:0.00;
in:462 out:465 type:b q:33.91 q-aq:34.00 q-noVbv:33.91 q-Rceq:1.32 tex:5 mv:1550 misc:581 icu:0.00 pcu:562.00 scu:734.00 tlayer:4 pbqpoffset:4.77 pbfactor:1.74 avgQpOffsetCutree:0.00;
in:465 out:466 type:B q:30.82 q-aq:28.47 q-noVbv:30.82 q-Rceq:1.32 tex:7369 mv:5672 misc:2263 icu:0.00 pcu:876.75 scu:419.25 tlayer:3 pbqpoffset:1.85 pbfactor:1.24 avgQpOffsetCutree:-2.11;
in:464 out:467 type:b q:31.74 q-aq:32.00 q-noVbv:31.74 q-Rceq:1.32 tex:532 mv:2224 misc:860 icu:0.00 pcu:663.75 scu:632.25 tlayer:4 pbqpoffset:2.72 pbfactor:1.37 avgQpOffsetCutree:0.00;
in:466 out:468 type:b q:33.43 q-aq:33.00 q-noVbv:33.43 q-Rceq:1.32 tex:11 mv:1396 misc:537 icu:0.00 pcu:576.00 scu:720.00 tlayer:4 pbqpoffset:4.52 pbfactor:1.69 avgQpOffsetCutree:0.00;
in:471 out:469 type:B q:31.01 q-aq:26.96 q-noVbv:31.01 q-Rceq:1.32 tex:14249 mv:6323 misc:2076 icu:0.00 pcu:812.00 scu:484.00 tlayer:2 pbqpoffset:2.38 pbfactor:1.32 avgQpOffsetCutree:-3.29;
in:469 out:470 type:B q:31.26 q-aq:29.23 q-noVbv:31.26 q-Rceq:1.32 tex:2846 mv:2833 misc:865 icu:0.00 pcu:686.25 scu:609.75 tlayer:3 pbqpoffset:2.51 pbfactor:1.34 avgQpOffsetCutree:-1.87;
in:468 out:471 type:b q:35.25 q-aq:35.00 q-noVbv:35.25 q-Rceq:1.32 tex:10 mv:704 misc:446 icu:0.00 pcu:194.00 scu:1102.00 tlayer:4 pbqpoffset:6.44 pbfactor:2.11 avgQpOffsetCutree:0.00;
in:470 out:472 type:b q:33.45 q-aq:33.00 q-noVbv:33.45 q-Rceq:1.32 tex:8 mv:1541 misc:603 icu:0.00 pcu:482.00 scu:814.00 tlayer:4 pbqpoffset:4.76 pbfactor:1.73 avgQpOffsetCutree:0.00;
in:473 out:473 type:B q:31.58 q-aq:29.83 q-noVbv:31.58 q-Rceq:1.32 tex:1400 mv:2767 misc:873 icu:0.00 pcu:726.50 scu:569.50 tlayer:3 pbqpoffset:3.06 pbfactor:1.42 avgQpOffsetCutree:-1.91;
in:472 out:474 type:b q:35.01 q-aq:35.00 q-noVbv:35.01 q-Rceq:1.32 tex:7 mv:934 misc:515 icu:0.00 pcu:325.25 scu:970.75 tlayer:4 pbqpoffset:6.43 pbfactor:2.10 avgQpOffsetCutree:0.00;
in:474 out:475 type:b q:34.28 q-aq:34.00 q-noVbv:34.28 q-Rceq:1.32 tex:5 mv:1227 misc:600 icu:0.00 pcu:424.50 scu:871.50 tlayer:4 pbqpoffset:5.82 pbfactor:1.96 avgQpOffsetCutree:0.00;
in:491 out:476 type:k q:27.16 q-aq:18.74 q-noVbv:27.16 q-Rceq:1.32 tex:285319 mv:28174 misc:3491 icu:468.50 pcu:821.50 scu:6.00 tlayer:0 pbqpoffset:0.84 pbfactor:1.10 avgQpOffsetCutree:-7.47;
in:483 out:477 type:B q:29.19 q-aq:22.45 q-noVbv:29.19 q-Rceq:1.32 tex:116016 mv:16121 misc:4271 icu:10.50 pcu:1004.75 scu:280.75 tlayer:1 pbqpoffset:1.41 pbfactor:1.18 avgQpOffsetCutree:-5.37;
in:479 out:478 type:B q:29.70 q-aq:26.44 q-noVbv:29.70 q-Rceq:1.32 tex:26056 mv:9647 misc:3409 icu:2.25 pcu:770.50 scu:523.25 tlayer:2 pbqpoffset:1.60 pbfactor:1.20 avgQpOffsetCutree:-2.77;
in:477 out:479 type:B q:30.37 q-aq:28.76 q-noVbv:30.37 q-Rceq:1.32 tex:2057 mv:2552 misc:1079 icu:0.00 pcu:584.50 scu:711.50 tlayer:3 pbqpoffset:2.11 pbfactor:1.28 avgQpOffsetCutree:-1.68;
in:476 out:480 type:b q:32.45 q-aq:32.00 q-noVbv:32.45 q-Rceq:1.32 tex:261 mv:2220 misc:695 icu:0.00 pcu:550.75 scu:745.25 tlayer:4 pbqpoffset:4.12 pbfactor:1.61 avgQpOffsetCutree:0.00;
in:478 out:481 type:b q:34.31 q-aq:34.00 q-noVbv:34.31 q-Rceq:1.32 tex:8 mv:1519 misc:561 icu:0.00 pcu:541.50 scu:754.50 tlayer:4 pbqpoffset:6.13 pbfactor:2.03 avgQpOffsetCutree:0.00;
in:481 out:482 type:B q:30.13 q-aq:27.02 q-noVbv:30.13 q-Rceq:1.32 tex:11852 mv:3491 misc:1801 icu:0.25 pcu:598.25 scu:697.50 tlayer:3 pbqpoffset:2.18 pbfactor:1.29 avgQpOffsetCutree:-2.75;
in:480 out:483 type:b q:30.56 q-aq:31.00 q-noVbv:30.56 q-Rceq:1.32 tex:352 mv:1204 misc:940 icu:0.00 pcu:369.25 scu:926.75 tlayer:4 pbqpoffset:2.54 pbfactor:1.34 avgQpOffsetCutree:0.00;
in:482 out:484 type:b q:33.82 q-aq:34.00 q-noVbv:33.82 q-Rceq:1.32 tex:8 mv:813 misc:515 icu:0.00 pcu:282.00 scu:1014.00 tlayer:4 pbqpoffset:5.95 pbfactor:1.99 avgQpOffsetCutree:0.00;
in:487 out:485 type:B q:29.44 q-aq:24.90 q-noVbv:29.44 q-Rceq:1.32 tex:28384 mv:8390 misc:2642 icu:0.00 pcu:857.75 scu:438.25 tlayer:2 pbqpoffset:1.96 pbfactor:1.25 avgQpOffsetCutree:-3.75;
in:485 out:486 type:B q:29.41 q-aq:26.73 q-noVbv:29.41 q-Rceq:1.32 tex:9155 mv:5010 misc:1627 icu:0.00 pcu:750.50 scu:545.50 tlayer:3 pbqpoffset:1.78 pbfactor:1.23 avgQpOffsetCutree:-2.32;
in:484 out:487 type:b q:33.94 q-aq:34.00 q-noVbv:33.94 q-Rceq:1.32 tex:13 mv:1496 misc:547 icu:0.00 pcu:486.00 scu:810.00 tlayer:4 pbqpoffset:6.22 pbfactor:2.05 avgQpOffsetCutree:0.00;
in:486 out:488 type:b q:33.68 q-aq:34.00 q-noVbv:33.68 q-Rceq:1.32 tex:5 mv:1352 misc:563 icu:0.00 pcu:465.25 scu:830.75 tlayer:4 pbqpoffset:6.13 pbfactor:2.03 avgQpOffsetCutree:0.00;
in:489 out:489 type:B q:30.59 q-aq:28.95 q-noVbv:30.59 q-Rceq:1.32 tex:1335 mv:2383 misc:922 icu:0.00 pcu:568.25 scu:727.75 tlayer:3 pbqpoffset:3.27 pbfactor:1.46 avgQpOffsetCutree:-1.76;
in:488 out:490 type:b q:33.35 q-aq:33.00 q-noVbv:33.35 q-Rceq:1.32 tex:9 mv:1575 misc:568 icu:0.00 pcu:566.75 scu:729.25 tlayer:4 pbqpoffset:5.95 pbfactor:1.99 avgQpOffsetCutree:0.00;
in:490 out:491 type:b q:33.29 q-aq:33.00 q-noVbv:33.29 q-Rceq:1.32 tex:8 mv:1825 misc:631 icu:0.00 pcu:552.00 scu:744.00 tlayer:4 pbqpoffset:6.05 pbfactor:2.01 avgQpOffsetCutree:0.00;
in:499 out:492 type:k q:29.97 q-aq:25.50 q-noVbv:29.97 q-Rceq:1.32 tex:92990 mv:17198 misc:4220 icu:70.75 pcu:1046.50 scu:178.75 tlayer:0 pbqpoffset:0.84 pbfactor:1.10 avgQpOffsetCutree:-3.69;
in:495 out:493 type:B q:30.19 q-aq:26.71 q-noVbv:30.19 q-Rceq:1.32 tex:21919 mv:7905 misc:2704 icu:0.00 pcu:772.50 scu:523.50 tlayer:1 pbqpoffset:1.62 pbfactor:1.21 avgQpOffsetCutree:-2.83;
in:493 out:494 type:B q:31.04 q-aq:29.79 q-noVbv:31.04 q-Rceq:1.32 tex:877 mv:2540 misc:751 icu:0.00 pcu:793.75 scu:502.25 tlayer:2 pbqpoffset:3.18 pbfactor:1.44 avgQpOffsetCutree:-1.53;
in:492 out:495 type:b q:32.57 q-aq:33.00 q-noVbv:32.57 q-Rceq:1.32 tex:8 mv:1592 misc:600 icu:0.00 pcu:536.50 scu:759.50 tlayer:3 pbqpoffset:5.06 pbfactor:1.79 avgQpOffsetCutree:0.00;
in:494 out:496 type:b q:32.94 q-aq:33.00 q-noVbv:32.94 q-Rceq:1.32 tex:10 mv:926 misc:544 icu:0.00 pcu:375.00 scu:921.00 tlayer:3 pbqpoffset:4.72 pbfactor:1.72 avgQpOffsetCutree:0.00;
in:497 out:497 type:B q:31.57 q-aq:29.01 q-noVbv:31.57 q-Rceq:1.32 tex:5015 mv:3924 misc:1757 icu:0.00 pcu:741.75 scu:554.25 tlayer:2 pbqpoffset:2.30 pbfactor:1.30 avgQpOffsetCutree:-2.41;
in:496 out:498 type:b q:33.27 q-aq:33.00 q-noVbv:33.27 q-Rceq:1.32 tex:29 mv:1724 misc:679 icu:0.00 pcu:603.00 scu:693.00 tlayer:3 pbqpoffset:4.36 pbfactor:1.65 avgQpOffsetCutree:0.00;
in:498 out:499 type:b q:34.34 q-aq:34.00 q-noVbv:34.34 q-Rceq:1.32 tex:77 mv:1156 misc:575 icu:0.00 pcu:444.25 scu:851.75 tlayer:3 pbqpoffset:4.72 pbfactor:1.72 avgQpOffsetCutree:0.00;
