#options: cpuid=1050111 frame-threads=1 no-wpp no-pmode no-pme psnr no-ssim log-level=2 bitdepth=8 input-csp=1 fps=30000/1000 input-res=832x480 interlace=0 total-frames=300 level-idc=0 high-tier=1 uhd-bd=0 ref=4 no-allow-non-conformance no-repeat-headers annexb no-aud no-hrd info hash=0 no-temporal-layers open-gop min-keyint=1 keyint=5000 bframes=15 b-adapt=2 b-pyramid bframe-bias=0 rc-lookahead=40 lookahead-slices=0 scenecut=40 no-intra-refresh ctu=64 min-cu-size=8 rect amp max-tu-size=32 tu-inter-depth=3 tu-intra-depth=3 limit-tu=4 rdoq-level=2 dynamic-rd=0.00 no-ssim-rd signhide no-tskip nr-intra=0 nr-inter=0 no-constrained-intra strong-intra-smoothing max-merge=4 limit-refs=1 limit-modes me=3 subme=4 merange=57 temporal-mvp weightp weightb no-analyze-src-pics deblock=0:0 sao no-sao-non-deblock rd=6 no-early-skip rskip no-fast-intra no-tskip-fast no-cu-lossless b-intra rdpenalty=0 psy-rd=0.00 psy-rdoq=0.00 no-rd-refine analysis-reuse-mode=0 no-lossless cbqpoffs=0 crqpoffs=0 rc=abr bitrate=2000 qcomp=0.60 qpstep=4 stats-write=1 stats-read=0 slow-firstpass ipratio=1.40 pbratio=1.30 aq-mode=1 aq-strength=0.00 cutree zone-count=0 no-strict-cbr qg-size=64 no-rc-grain qpmax=69 qpmin=0 no-const-vbv sar=0 overscan=0 videoformat=5 range=0 colorprim=2 transfer=2 colormatrix=2 chromaloc=0 display-window=0 max-cll=0,0 min-luma=0 max-luma=255 log2-max-poc-lsb=8 vui-timing-info vui-hrd-info slices=1 opt-qp-pps opt-ref-list-length-pps no-multi-pass-opt-rps scenecut-bias=0.05 no-opt-cu-delta-qp no-aq-motion no-hdr no-hdr-opt no-dhdr10-opt analysis-reuse-level=5 scale-factor=0 refine-intra=0 refine-inter=0 refine-mv=0 no-limit-sao ctu-info=0 max-tlayer=4
in:0 out:0 type:I q:18.24 q-aq:15.37 q-noVbv:18.24 q-Rceq:1.08 tex:195937 mv:20609 misc:2526 icu:1560.00 pcu:0.00 scu:0.00 tlayer:0 pbqpoffset:0.00 pbfactor:1.00 avgQpOffsetCutree:-2.80;
in:16 out:1 type:k q:21.15 q-aq:17.78 q-noVbv:21.15 q-Rceq:1.08 tex:139247 mv:15013 misc:2036 icu:1342.25 pcu:206.25 scu:11.50 tlayer:0 pbqpoffset:0.00 pbfactor:1.00 avgQpOffsetCutree:-3.60;
in:8 out:2 type:B q:22.63 q-aq:19.58 q-noVbv:22.63 q-Rceq:1.08 tex:78214 mv:13119 misc:2203 icu:1079.75 pcu:405.75 scu:74.50 tlayer:1 pbqpoffset:1.48 pbfactor:1.19 avgQpOffsetCutree:-3.13;
in:4 out:3 type:B q:22.77 q-aq:20.52 q-noVbv:22.77 q-Rceq:1.08 tex:21427 mv:7184 misc:2029 icu:214.50 pcu:917.00 scu:428.50 tlayer:2 pbqpoffset:1.62 pbfactor:1.21 avgQpOffsetCutree:-2.28;
in:2 out:4 type:B q:23.87 q-aq:22.74 q-noVbv:23.87 q-Rceq:1.08 tex:5118 mv:3867 misc:1807 icu:22.75 pcu:658.75 scu:878.50 tlayer:3 pbqpoffset:2.72 pbfactor:1.37 avgQpOffsetCutree:-1.30;
in:1 out:5 type:b q:27.41 q-aq:27.00 q-noVbv:27.41 q-Rceq:1.08 tex:237 mv:918 misc:509 icu:0.00 pcu:179.75 scu:1380.25 tlayer:4 pbqpoffset:6.26 pbfactor:2.06 avgQpOffsetCutree:0.00;
in:3 out:6 type:b q:27.30 q-aq:27.00 q-noVbv:27.30 q-Rceq:1.08 tex:469 mv:1250 misc:585 icu:1.00 pcu:309.50 scu:1249.50 tlayer:4 pbqpoffset:6.15 pbfactor:2.04 avgQpOffsetCutree:0.00;
in:6 out:7 type:B q:24.25 q-aq:23.23 q-noVbv:24.25 q-Rceq:1.08 tex:4301 mv:4153 misc:1706 icu:18.50 pcu:486.50 scu:1055.00 tlayer:3 pbqpoffset:3.10 pbfactor:1.43 avgQpOffsetCutree:-1.35;
in:5 out:8 type:b q:27.41 q-aq:27.01 q-noVbv:27.41 q-Rceq:1.08 tex:516 mv:1444 misc:616 icu:0.25 pcu:252.25 scu:1307.50 tlayer:4 pbqpoffset:6.26 pbfactor:2.06 avgQpOffsetCutree:0.00;
in:7 out:9 type:b q:27.41 q-aq:27.00 q-noVbv:27.41 q-Rceq:1.08 tex:48 mv:673 misc:383 icu:0.00 pcu:181.75 scu:1378.25 tlayer:4 pbqpoffset:6.26 pbfactor:2.06 avgQpOffsetCutree:0.00;
in:12 out:10 type:B q:22.63 q-aq:20.35 q-noVbv:22.63 q-Rceq:1.08 tex:26332 mv:8867 misc:1921 icu:254.75 pcu:856.50 scu:448.75 tlayer:2 pbqpoffset:1.48 pbfactor:1.19 avgQpOffsetCutree:-2.35;
in:10 out:11 type:B q:23.91 q-aq:22.76 q-noVbv:23.91 q-Rceq:1.08 tex:4265 mv:4155 misc:1732 icu:16.25 pcu:643.00 scu:900.75 tlayer:3 pbqpoffset:2.76 pbfactor:1.38 avgQpOffsetCutree:-1.29;
in:9 out:12 type:b q:27.19 q-aq:27.00 q-noVbv:27.19 q-Rceq:1.08 tex:454 mv:1148 misc:510 icu:0.75 pcu:248.25 scu:1311.00 tlayer:4 pbqpoffset:6.04 pbfactor:2.01 avgQpOffsetCutree:0.00;
in:11 out:13 type:b q:27.19 q-aq:27.00 q-noVbv:27.19 q-Rceq:1.08 tex:543 mv:1323 misc:590 icu:0.50 pcu:237.25 scu:1322.25 tlayer:4 pbqpoffset:6.04 pbfactor:2.01 avgQpOffsetCutree:0.00;
in:14 out:14 type:B q:23.73 q-aq:22.59 q-noVbv:23.73 q-Rceq:1.08 tex:6581 mv:4746 misc:1801 icu:16.75 pcu:738.75 scu:804.50 tlayer:3 pbqpoffset:2.58 pbfactor:1.35 avgQpOffsetCutree:-1.38;
in:13 out:15 type:b q:26.77 q-aq:27.00 q-noVbv:26.77 q-Rceq:1.08 tex:509 mv:1452 misc:607 icu:0.00 pcu:206.75 scu:1353.25 tlayer:4 pbqpoffset:5.62 pbfactor:1.91 avgQpOffsetCutree:0.00;
in:15 out:16 type:b q:26.88 q-aq:27.00 q-noVbv:26.88 q-Rceq:1.08 tex:430 mv:966 misc:484 icu:0.25 pcu:174.25 scu:1385.50 tlayer:4 pbqpoffset:5.73 pbfactor:1.94 avgQpOffsetCutree:0.00;
in:29 out:17 type:k q:17.15 q-aq:13.25 q-noVbv:17.15 q-Rceq:1.08 tex:242111 mv:21321 misc:2400 icu:1434.25 pcu:125.75 scu:0.00 tlayer:0 pbqpoffset:0.00 pbfactor:1.00 avgQpOffsetCutree:-3.95;
in:23 out:18 type:B q:20.32 q-aq:17.26 q-noVbv:20.32 q-Rceq:1.08 tex:120677 mv:15023 misc:2292 icu:1175.25 pcu:375.50 scu:9.25 tlayer:1 pbqpoffset:1.33 pbfactor:1.17 avgQpOffsetCutree:-3.03;
in:20 out:19 type:B q:21.25 q-aq:19.11 q-noVbv:21.25 q-Rceq:1.08 tex:42235 mv:10018 misc:2579 icu:314.25 pcu:1008.75 scu:237.00 tlayer:2 pbqpoffset:1.33 pbfactor:1.17 avgQpOffsetCutree:-2.09;
in:18 out:20 type:B q:22.24 q-aq:21.15 q-noVbv:22.24 q-Rceq:1.08 tex:10488 mv:6379 misc:2261 icu:15.75 pcu:758.75 scu:785.50 tlayer:3 pbqpoffset:1.70 pbfactor:1.22 avgQpOffsetCutree:-1.33;
in:17 out:21 type:b q:25.11 q-aq:25.00 q-noVbv:25.11 q-Rceq:1.08 tex:881 mv:1257 misc:862 icu:4.00 pcu:460.75 scu:1095.25 tlayer:4 pbqpoffset:4.27 pbfactor:1.64 avgQpOffsetCutree:0.00;
in:19 out:22 type:b q:24.94 q-aq:25.00 q-noVbv:24.94 q-Rceq:1.08 tex:269 mv:1456 misc:611 icu:0.00 pcu:344.75 scu:1215.25 tlayer:4 pbqpoffset:4.72 pbfactor:1.72 avgQpOffsetCutree:0.00;
in:22 out:23 type:B q:21.56 q-aq:21.59 q-noVbv:21.56 q-Rceq:1.08 tex:14703 mv:6211 misc:2126 icu:15.00 pcu:1103.25 scu:441.75 tlayer:3 pbqpoffset:2.26 pbfactor:1.30 avgQpOffsetCutree:-0.77;
in:21 out:24 type:b q:24.34 q-aq:24.00 q-noVbv:24.34 q-Rceq:1.08 tex:1145 mv:1811 misc:644 icu:0.25 pcu:270.25 scu:1289.50 tlayer:4 pbqpoffset:4.73 pbfactor:1.73 avgQpOffsetCutree:0.00;
in:26 out:25 type:B q:19.40 q-aq:17.58 q-noVbv:19.40 q-Rceq:1.08 tex:56926 mv:10796 misc:3038 icu:198.25 pcu:1172.25 scu:189.50 tlayer:2 pbqpoffset:1.33 pbfactor:1.17 avgQpOffsetCutree:-1.93;
in:25 out:26 type:B q:20.86 q-aq:20.82 q-noVbv:20.86 q-Rceq:1.08 tex:14771 mv:5586 misc:2291 icu:22.50 pcu:1115.00 scu:422.50 tlayer:3 pbqpoffset:2.48 pbfactor:1.33 avgQpOffsetCutree:-0.73;
in:24 out:27 type:b q:21.79 q-aq:22.00 q-noVbv:21.79 q-Rceq:1.08 tex:24520 mv:6187 misc:2037 icu:14.00 pcu:1171.50 scu:374.50 tlayer:4 pbqpoffset:3.10 pbfactor:1.43 avgQpOffsetCutree:0.00;
in:28 out:28 type:B q:19.46 q-aq:19.60 q-noVbv:19.46 q-Rceq:1.08 tex:28343 mv:7839 misc:2466 icu:53.00 pcu:1137.00 scu:370.00 tlayer:3 pbqpoffset:2.00 pbfactor:1.26 avgQpOffsetCutree:-0.71;
in:27 out:29 type:b q:22.43 q-aq:22.09 q-noVbv:22.43 q-Rceq:1.08 tex:1006 mv:1946 misc:944 icu:0.00 pcu:382.00 scu:1178.00 tlayer:4 pbqpoffset:4.67 pbfactor:1.71 avgQpOffsetCutree:0.00;
in:43 out:30 type:k q:13.15 q-aq:9.09 q-noVbv:13.15 q-Rceq:1.08 tex:353367 mv:25452 misc:2877 icu:1376.00 pcu:183.25 scu:0.75 tlayer:0 pbqpoffset:0.00 pbfactor:1.00 avgQpOffsetCutree:-4.15;
in:36 out:31 type:B q:16.36 q-aq:13.60 q-noVbv:16.36 q-Rceq:1.08 tex:164669 mv:19875 misc:2984 icu:1210.75 pcu:330.00 scu:19.25 tlayer:1 pbqpoffset:1.21 pbfactor:1.15 avgQpOffsetCutree:-2.96;
in:33 out:32 type:B q:17.22 q-aq:14.92 q-noVbv:17.22 q-Rceq:1.08 tex:108516 mv:17158 misc:3430 icu:824.25 pcu:649.25 scu:86.50 tlayer:2 pbqpoffset:1.21 pbfactor:1.15 avgQpOffsetCutree:-2.28;
in:31 out:33 type:B q:18.00 q-aq:17.01 q-noVbv:18.00 q-Rceq:1.08 tex:47840 mv:11848 misc:3168 icu:131.25 pcu:1116.00 scu:312.75 tlayer:3 pbqpoffset:1.42 pbfactor:1.18 avgQpOffsetCutree:-1.35;
in:30 out:34 type:b q:20.32 q-aq:20.05 q-noVbv:20.32 q-Rceq:1.08 tex:12435 mv:5897 misc:1964 icu:7.75 pcu:740.25 scu:812.00 tlayer:4 pbqpoffset:3.46 pbfactor:1.49 avgQpOffsetCutree:0.00;
in:32 out:35 type:b q:18.69 q-aq:19.00 q-noVbv:18.69 q-Rceq:1.08 tex:41553 mv:9856 misc:2663 icu:46.50 pcu:1197.50 scu:316.00 tlayer:4 pbqpoffset:2.40 pbfactor:1.32 avgQpOffsetCutree:0.00;
in:35 out:36 type:B q:17.71 q-aq:17.75 q-noVbv:17.71 q-Rceq:1.08 tex:20882 mv:8405 misc:2553 icu:38.00 pcu:1122.00 scu:400.00 tlayer:3 pbqpoffset:2.28 pbfactor:1.30 avgQpOffsetCutree:-0.73;
in:34 out:37 type:b q:19.76 q-aq:20.00 q-noVbv:19.76 q-Rceq:1.08 tex:9491 mv:5257 misc:1772 icu:3.25 pcu:804.75 scu:752.00 tlayer:4 pbqpoffset:4.04 pbfactor:1.60 avgQpOffsetCutree:0.00;
in:40 out:38 type:B q:15.22 q-aq:13.36 q-noVbv:15.22 q-Rceq:1.08 tex:143407 mv:17083 misc:2846 icu:976.50 pcu:534.75 scu:48.75 tlayer:2 pbqpoffset:1.21 pbfactor:1.15 avgQpOffsetCutree:-2.05;
in:38 out:39 type:B q:16.48 q-aq:15.22 q-noVbv:16.48 q-Rceq:1.08 tex:19109 mv:8049 misc:3042 icu:79.75 pcu:755.00 scu:725.25 tlayer:3 pbqpoffset:1.90 pbfactor:1.25 avgQpOffsetCutree:-1.36;
in:37 out:40 type:b q:19.65 q-aq:20.00 q-noVbv:19.65 q-Rceq:1.08 tex:1055 mv:1639 misc:794 icu:1.25 pcu:315.00 scu:1243.75 tlayer:4 pbqpoffset:4.79 pbfactor:1.74 avgQpOffsetCutree:0.00;
in:39 out:41 type:b q:18.84 q-aq:19.00 q-noVbv:18.84 q-Rceq:1.08 tex:451 mv:1145 misc:860 icu:4.00 pcu:349.00 scu:1207.00 tlayer:4 pbqpoffset:4.55 pbfactor:1.69 avgQpOffsetCutree:0.00;
in:42 out:42 type:B q:15.93 q-aq:15.78 q-noVbv:15.93 q-Rceq:1.08 tex:26158 mv:10683 misc:2911 icu:43.00 pcu:1179.75 scu:337.25 tlayer:3 pbqpoffset:2.49 pbfactor:1.33 avgQpOffsetCutree:-0.80;
in:41 out:43 type:b q:18.31 q-aq:18.05 q-noVbv:18.31 q-Rceq:1.08 tex:3413 mv:2342 misc:1181 icu:2.00 pcu:374.50 scu:1183.50 tlayer:4 pbqpoffset:4.59 pbfactor:1.70 avgQpOffsetCutree:0.00;
in:59 out:44 type:k q:12.89 q-aq:9.14 q-noVbv:12.89 q-Rceq:1.08 tex:308158 mv:22960 misc:2938 icu:1313.00 pcu:246.50 scu:0.50 tlayer:0 pbqpoffset:0.00 pbfactor:1.00 avgQpOffsetCutree:-3.79;
in:51 out:45 type:B q:14.03 q-aq:10.53 q-noVbv:14.03 q-Rceq:1.08 tex:210706 mv:21034 misc:3100 icu:1270.50 pcu:275.25 scu:14.25 tlayer:1 pbqpoffset:1.02 pbfactor:1.12 avgQpOffsetCutree:-3.41;
in:47 out:46 type:B q:14.10 q-aq:11.40 q-noVbv:14.10 q-Rceq:1.08 tex:145954 mv:20658 misc:3276 icu:1070.00 pcu:426.25 scu:63.75 tlayer:2 pbqpoffset:1.02 pbfactor:1.12 avgQpOffsetCutree:-2.57;
in:45 out:47 type:B q:14.89 q-aq:13.77 q-noVbv:14.89 q-Rceq:1.08 tex:36244 mv:12328 misc:3628 icu:234.25 pcu:936.50 scu:389.25 tlayer:3 pbqpoffset:1.78 pbfactor:1.23 avgQpOffsetCutree:-1.34;
in:44 out:48 type:b q:16.49 q-aq:16.00 q-noVbv:16.49 q-Rceq:1.08 tex:24308 mv:9443 misc:2705 icu:45.75 pcu:1036.25 scu:478.00 tlayer:4 pbqpoffset:3.36 pbfactor:1.47 avgQpOffsetCutree:0.00;
in:46 out:49 type:b q:17.25 q-aq:17.00 q-noVbv:17.25 q-Rceq:1.08 tex:9565 mv:5732 misc:1871 icu:34.25 pcu:771.25 scu:754.50 tlayer:4 pbqpoffset:4.15 pbfactor:1.62 avgQpOffsetCutree:0.00;
in:49 out:50 type:B q:14.75 q-aq:13.77 q-noVbv:14.75 q-Rceq:1.08 tex:46610 mv:14188 misc:3802 icu:314.75 pcu:992.25 scu:253.00 tlayer:3 pbqpoffset:1.70 pbfactor:1.22 avgQpOffsetCutree:-1.26;
in:48 out:51 type:b q:16.21 q-aq:16.00 q-noVbv:16.21 q-Rceq:1.08 tex:32726 mv:9311 misc:3019 icu:84.50 pcu:1151.25 scu:324.25 tlayer:4 pbqpoffset:3.14 pbfactor:1.44 avgQpOffsetCutree:0.00;
in:50 out:52 type:b q:17.15 q-aq:17.00 q-noVbv:17.15 q-Rceq:1.08 tex:9252 mv:5315 misc:2145 icu:32.25 pcu:739.00 scu:788.75 tlayer:4 pbqpoffset:4.12 pbfactor:1.61 avgQpOffsetCutree:0.00;
in:55 out:53 type:B q:13.97 q-aq:11.39 q-noVbv:13.97 q-Rceq:1.08 tex:139425 mv:19062 misc:3481 icu:1069.25 pcu:387.25 scu:103.50 tlayer:2 pbqpoffset:1.02 pbfactor:1.12 avgQpOffsetCutree:-2.48;
in:53 out:54 type:B q:14.82 q-aq:13.94 q-noVbv:14.82 q-Rceq:1.08 tex:38742 mv:11206 misc:3924 icu:333.75 pcu:913.75 scu:312.50 tlayer:3 pbqpoffset:1.84 pbfactor:1.24 avgQpOffsetCutree:-1.21;
in:52 out:55 type:b q:16.45 q-aq:16.00 q-noVbv:16.45 q-Rceq:1.08 tex:24610 mv:8712 misc:2774 icu:99.50 pcu:1039.50 scu:421.00 tlayer:4 pbqpoffset:3.45 pbfactor:1.49 avgQpOffsetCutree:0.00;
in:54 out:56 type:b q:16.90 q-aq:17.00 q-noVbv:16.90 q-Rceq:1.08 tex:8675 mv:5890 misc:2363 icu:29.25 pcu:883.00 scu:647.75 tlayer:4 pbqpoffset:3.93 pbfactor:1.58 avgQpOffsetCutree:0.00;
in:57 out:57 type:B q:14.64 q-aq:13.49 q-noVbv:14.64 q-Rceq:1.08 tex:49670 mv:13997 misc:4093 icu:340.50 pcu:960.50 scu:259.00 tlayer:3 pbqpoffset:1.72 pbfactor:1.22 avgQpOffsetCutree:-1.36;
in:56 out:58 type:b q:16.02 q-aq:16.00 q-noVbv:16.02 q-Rceq:1.08 tex:32869 mv:9596 misc:3023 icu:131.00 pcu:1119.00 scu:310.00 tlayer:4 pbqpoffset:3.09 pbfactor:1.43 avgQpOffsetCutree:0.00;
in:58 out:59 type:b q:17.05 q-aq:17.00 q-noVbv:17.05 q-Rceq:1.08 tex:10951 mv:5735 misc:2322 icu:29.50 pcu:747.50 scu:783.00 tlayer:4 pbqpoffset:4.14 pbfactor:1.61 avgQpOffsetCutree:0.00;
in:69 out:60 type:k q:15.61 q-aq:12.25 q-noVbv:15.61 q-Rceq:1.08 tex:230827 mv:22640 misc:3013 icu:1457.75 pcu:102.25 scu:0.00 tlayer:0 pbqpoffset:0.34 pbfactor:1.04 avgQpOffsetCutree:-3.66;
in:64 out:61 type:B q:15.23 q-aq:13.03 q-noVbv:15.23 q-Rceq:1.08 tex:179639 mv:16279 misc:2634 icu:1281.25 pcu:271.75 scu:7.00 tlayer:1 pbqpoffset:0.98 pbfactor:1.12 avgQpOffsetCutree:-2.45;
in:62 out:62 type:B q:15.34 q-aq:13.88 q-noVbv:15.34 q-Rceq:1.08 tex:56700 mv:12313 misc:3491 icu:395.75 pcu:1083.25 scu:81.00 tlayer:2 pbqpoffset:1.64 pbfactor:1.21 avgQpOffsetCutree:-1.59;
in:61 out:63 type:B q:16.28 q-aq:16.26 q-noVbv:16.28 q-Rceq:1.08 tex:19300 mv:8264 misc:3468 icu:117.75 pcu:1134.00 scu:308.25 tlayer:3 pbqpoffset:2.85 pbfactor:1.39 avgQpOffsetCutree:-0.65;
in:60 out:64 type:b q:17.38 q-aq:17.00 q-noVbv:17.38 q-Rceq:1.08 tex:21637 mv:7764 misc:2639 icu:85.50 pcu:1063.25 scu:411.25 tlayer:4 pbqpoffset:4.22 pbfactor:1.63 avgQpOffsetCutree:0.00;
in:63 out:65 type:b q:19.29 q-aq:19.00 q-noVbv:19.29 q-Rceq:1.08 tex:785 mv:1428 misc:1315 icu:0.25 pcu:492.50 scu:1067.25 tlayer:3 pbqpoffset:5.31 pbfactor:1.85 avgQpOffsetCutree:0.00;
in:67 out:66 type:B q:16.63 q-aq:15.01 q-noVbv:16.63 q-Rceq:1.08 tex:54258 mv:13836 misc:3850 icu:350.00 pcu:1045.00 scu:165.00 tlayer:2 pbqpoffset:1.56 pbfactor:1.20 avgQpOffsetCutree:-1.69;
in:66 out:67 type:B q:17.22 q-aq:17.23 q-noVbv:17.22 q-Rceq:1.08 tex:22579 mv:9042 misc:2915 icu:97.00 pcu:1203.75 scu:259.25 tlayer:3 pbqpoffset:2.43 pbfactor:1.32 avgQpOffsetCutree:-0.69;
in:65 out:68 type:b q:19.42 q-aq:19.00 q-noVbv:19.42 q-Rceq:1.08 tex:1002 mv:1919 misc:1495 icu:5.00 pcu:597.50 scu:957.50 tlayer:4 pbqpoffset:4.90 pbfactor:1.76 avgQpOffsetCutree:0.00;
in:68 out:69 type:b q:19.26 q-aq:19.00 q-noVbv:19.26 q-Rceq:1.08 tex:15807 mv:5906 misc:2231 icu:20.00 pcu:994.25 scu:545.75 tlayer:3 pbqpoffset:3.92 pbfactor:1.57 avgQpOffsetCutree:0.00;
in:78 out:70 type:k q:15.60 q-aq:12.15 q-noVbv:15.60 q-Rceq:1.08 tex:205328 mv:19452 misc:2940 icu:1368.50 pcu:191.25 scu:0.25 tlayer:0 pbqpoffset:0.00 pbfactor:1.00 avgQpOffsetCutree:-3.62;
in:74 out:71 type:B q:16.70 q-aq:14.11 q-noVbv:16.70 q-Rceq:1.08 tex:100798 mv:14157 misc:3093 icu:977.25 pcu:534.75 scu:48.00 tlayer:1 pbqpoffset:1.09 pbfactor:1.13 avgQpOffsetCutree:-2.54;
in:72 out:72 type:B q:16.70 q-aq:15.50 q-noVbv:16.70 q-Rceq:1.08 tex:78229 mv:11977 misc:2962 icu:601.75 pcu:877.25 scu:81.00 tlayer:2 pbqpoffset:1.09 pbfactor:1.13 avgQpOffsetCutree:-1.50;
in:71 out:73 type:B q:17.94 q-aq:17.89 q-noVbv:17.94 q-Rceq:1.08 tex:15760 mv:5093 misc:2379 icu:11.75 pcu:1064.00 scu:484.25 tlayer:3 pbqpoffset:2.34 pbfactor:1.31 avgQpOffsetCutree:-0.73;
in:70 out:74 type:b q:20.09 q-aq:20.00 q-noVbv:20.09 q-Rceq:1.08 tex:5619 mv:4028 misc:1849 icu:12.00 pcu:643.25 scu:904.75 tlayer:4 pbqpoffset:4.49 pbfactor:1.68 avgQpOffsetCutree:0.00;
in:73 out:75 type:b q:20.46 q-aq:20.00 q-noVbv:20.46 q-Rceq:1.08 tex:689 mv:1506 misc:925 icu:4.25 pcu:327.75 scu:1228.00 tlayer:3 pbqpoffset:4.86 pbfactor:1.75 avgQpOffsetCutree:0.00;
in:76 out:76 type:B q:17.21 q-aq:16.23 q-noVbv:17.21 q-Rceq:1.08 tex:41405 mv:9583 misc:2572 icu:303.50 pcu:1051.25 scu:205.25 tlayer:2 pbqpoffset:1.61 pbfactor:1.20 avgQpOffsetCutree:-1.29;
in:75 out:77 type:b q:20.75 q-aq:21.00 q-noVbv:20.75 q-Rceq:1.08 tex:1268 mv:1506 misc:1106 icu:4.00 pcu:904.00 scu:652.00 tlayer:3 pbqpoffset:5.14 pbfactor:1.81 avgQpOffsetCutree:0.00;
in:77 out:78 type:b q:20.69 q-aq:21.00 q-noVbv:20.69 q-Rceq:1.08 tex:211 mv:721 misc:580 icu:4.00 pcu:288.00 scu:1268.00 tlayer:3 pbqpoffset:5.09 pbfactor:1.80 avgQpOffsetCutree:0.00;
in:86 out:79 type:k q:14.89 q-aq:11.67 q-noVbv:14.89 q-Rceq:1.08 tex:188110 mv:17260 misc:2862 icu:1294.25 pcu:254.75 scu:11.00 tlayer:0 pbqpoffset:0.19 pbfactor:1.02 avgQpOffsetCutree:-3.36;
in:82 out:80 type:B q:16.30 q-aq:13.76 q-noVbv:16.30 q-Rceq:1.08 tex:90812 mv:15941 misc:3375 icu:852.50 pcu:623.50 scu:84.00 tlayer:1 pbqpoffset:1.05 pbfactor:1.13 avgQpOffsetCutree:-2.44;
in:80 out:81 type:B q:16.47 q-aq:15.73 q-noVbv:16.47 q-Rceq:1.08 tex:59827 mv:10682 misc:2627 icu:439.25 pcu:979.00 scu:141.75 tlayer:2 pbqpoffset:1.05 pbfactor:1.13 avgQpOffsetCutree:-1.21;
in:79 out:82 type:b q:19.20 q-aq:19.00 q-noVbv:19.20 q-Rceq:1.08 tex:1479 mv:3122 misc:1439 icu:13.50 pcu:817.25 scu:729.25 tlayer:3 pbqpoffset:3.69 pbfactor:1.53 avgQpOffsetCutree:0.00;
in:81 out:83 type:b q:19.61 q-aq:19.97 q-noVbv:19.61 q-Rceq:1.08 tex:486 mv:1243 misc:863 icu:0.00 pcu:368.00 scu:1192.00 tlayer:3 pbqpoffset:4.27 pbfactor:1.64 avgQpOffsetCutree:0.00;
in:84 out:84 type:B q:16.19 q-aq:15.13 q-noVbv:16.19 q-Rceq:1.08 tex:48812 mv:11379 misc:3121 icu:353.75 pcu:975.50 scu:230.75 tlayer:2 pbqpoffset:1.12 pbfactor:1.14 avgQpOffsetCutree:-1.28;
in:83 out:85 type:b q:19.23 q-aq:19.00 q-noVbv:19.23 q-Rceq:1.08 tex:437 mv:1454 misc:949 icu:5.00 pcu:457.00 scu:1098.00 tlayer:3 pbqpoffset:4.07 pbfactor:1.60 avgQpOffsetCutree:0.00;
in:85 out:86 type:b q:18.93 q-aq:19.00 q-noVbv:18.93 q-Rceq:1.08 tex:1056 mv:2418 misc:1486 icu:10.00 pcu:454.75 scu:1095.25 tlayer:3 pbqpoffset:3.95 pbfactor:1.58 avgQpOffsetCutree:0.00;
in:94 out:87 type:k q:15.33 q-aq:12.15 q-noVbv:15.33 q-Rceq:1.08 tex:248664 mv:21860 misc:2348 icu:1461.25 pcu:98.75 scu:0.00 tlayer:0 pbqpoffset:0.19 pbfactor:1.02 avgQpOffsetCutree:-3.58;
in:90 out:88 type:B q:16.21 q-aq:14.03 q-noVbv:16.21 q-Rceq:1.08 tex:109421 mv:13937 misc:3010 icu:916.50 pcu:590.50 scu:53.00 tlayer:1 pbqpoffset:1.10 pbfactor:1.14 avgQpOffsetCutree:-2.33;
in:88 out:89 type:B q:16.43 q-aq:15.56 q-noVbv:16.43 q-Rceq:1.08 tex:73277 mv:11721 misc:2762 icu:386.75 pcu:1089.25 scu:84.00 tlayer:2 pbqpoffset:1.43 pbfactor:1.18 avgQpOffsetCutree:-1.27;
in:87 out:90 type:b q:19.77 q-aq:20.00 q-noVbv:19.77 q-Rceq:1.08 tex:1743 mv:2386 misc:1351 icu:12.00 pcu:885.50 scu:662.50 tlayer:3 pbqpoffset:4.82 pbfactor:1.75 avgQpOffsetCutree:0.00;
in:89 out:91 type:b q:20.51 q-aq:20.00 q-noVbv:20.51 q-Rceq:1.08 tex:686 mv:1461 misc:965 icu:0.00 pcu:445.25 scu:1114.75 tlayer:3 pbqpoffset:5.45 pbfactor:1.88 avgQpOffsetCutree:0.00;
in:92 out:92 type:B q:17.14 q-aq:16.34 q-noVbv:17.14 q-Rceq:1.08 tex:41676 mv:7625 misc:2483 icu:298.25 pcu:1012.25 scu:249.50 tlayer:2 pbqpoffset:1.92 pbfactor:1.25 avgQpOffsetCutree:-1.19;
in:91 out:93 type:b q:20.10 q-aq:20.00 q-noVbv:20.10 q-Rceq:1.08 tex:3033 mv:2393 misc:1582 icu:0.00 pcu:859.25 scu:700.75 tlayer:3 pbqpoffset:4.93 pbfactor:1.77 avgQpOffsetCutree:0.00;
in:93 out:94 type:b q:19.93 q-aq:20.00 q-noVbv:19.93 q-Rceq:1.08 tex:1449 mv:2702 misc:1377 icu:13.00 pcu:955.75 scu:591.25 tlayer:3 pbqpoffset:4.66 pbfactor:1.71 avgQpOffsetCutree:0.00;
in:102 out:95 type:k q:14.39 q-aq:10.67 q-noVbv:14.39 q-Rceq:1.08 tex:256109 mv:17138 misc:2689 icu:1321.25 pcu:238.75 scu:0.00 tlayer:0 pbqpoffset:0.08 pbfactor:1.01 avgQpOffsetCutree:-3.66;
in:98 out:96 type:B q:15.95 q-aq:13.59 q-noVbv:15.95 q-Rceq:1.08 tex:104568 mv:15983 misc:3073 icu:944.25 pcu:553.00 scu:62.75 tlayer:1 pbqpoffset:1.10 pbfactor:1.13 avgQpOffsetCutree:-2.37;
in:96 out:97 type:B q:16.19 q-aq:15.36 q-noVbv:16.19 q-Rceq:1.08 tex:70250 mv:12032 misc:2958 icu:497.00 pcu:949.25 scu:113.75 tlayer:2 pbqpoffset:1.10 pbfactor:1.13 avgQpOffsetCutree:-1.23;
in:95 out:98 type:b q:19.24 q-aq:19.00 q-noVbv:19.24 q-Rceq:1.08 tex:738 mv:1709 misc:1121 icu:4.00 pcu:503.75 scu:1052.25 tlayer:3 pbqpoffset:4.03 pbfactor:1.59 avgQpOffsetCutree:0.00;
in:97 out:99 type:b q:19.26 q-aq:19.00 q-noVbv:19.26 q-Rceq:1.08 tex:465 mv:1465 misc:774 icu:0.00 pcu:305.00 scu:1255.00 tlayer:3 pbqpoffset:4.28 pbfactor:1.64 avgQpOffsetCutree:0.00;
in:100 out:100 type:B q:15.86 q-aq:15.05 q-noVbv:15.86 q-Rceq:1.08 tex:45219 mv:10822 misc:2791 icu:342.75 pcu:953.50 scu:263.75 tlayer:2 pbqpoffset:1.23 pbfactor:1.15 avgQpOffsetCutree:-1.16;
in:99 out:101 type:b q:18.39 q-aq:18.00 q-noVbv:18.39 q-Rceq:1.08 tex:1982 mv:3857 misc:1673 icu:31.00 pcu:843.25 scu:685.75 tlayer:3 pbqpoffset:3.66 pbfactor:1.53 avgQpOffsetCutree:0.00;
in:101 out:102 type:b q:18.60 q-aq:18.86 q-noVbv:18.60 q-Rceq:1.08 tex:844 mv:1571 misc:945 icu:0.00 pcu:489.00 scu:1071.00 tlayer:3 pbqpoffset:4.10 pbfactor:1.61 avgQpOffsetCutree:0.00;
in:110 out:103 type:k q:14.49 q-aq:10.80 q-noVbv:14.49 q-Rceq:1.08 tex:225541 mv:18397 misc:2750 icu:1309.75 pcu:248.75 scu:1.50 tlayer:0 pbqpoffset:-0.12 pbfactor:0.99 avgQpOffsetCutree:-3.60;
in:106 out:104 type:B q:15.37 q-aq:13.29 q-noVbv:15.37 q-Rceq:1.08 tex:113120 mv:15842 misc:3150 icu:953.25 pcu:546.50 scu:60.25 tlayer:1 pbqpoffset:0.93 pbfactor:1.11 avgQpOffsetCutree:-2.19;
in:104 out:105 type:B q:15.34 q-aq:14.55 q-noVbv:15.34 q-Rceq:1.08 tex:83667 mv:14764 misc:2537 icu:559.25 pcu:927.25 scu:73.50 tlayer:2 pbqpoffset:0.93 pbfactor:1.11 avgQpOffsetCutree:-1.20;
in:103 out:106 type:b q:18.39 q-aq:18.00 q-noVbv:18.39 q-Rceq:1.08 tex:534 mv:1521 misc:961 icu:5.00 pcu:318.50 scu:1236.50 tlayer:3 pbqpoffset:3.99 pbfactor:1.59 avgQpOffsetCutree:0.00;
in:105 out:107 type:b q:18.16 q-aq:18.00 q-noVbv:18.16 q-Rceq:1.08 tex:1876 mv:2733 misc:1607 icu:3.00 pcu:546.25 scu:1010.75 tlayer:3 pbqpoffset:3.74 pbfactor:1.54 avgQpOffsetCutree:0.00;
in:108 out:108 type:B q:15.39 q-aq:14.57 q-noVbv:15.39 q-Rceq:1.08 tex:52205 mv:13008 misc:3003 icu:455.50 pcu:853.75 scu:250.75 tlayer:2 pbqpoffset:0.93 pbfactor:1.11 avgQpOffsetCutree:-1.19;
in:107 out:109 type:b q:17.75 q-aq:18.00 q-noVbv:17.75 q-Rceq:1.08 tex:1553 mv:1781 misc:1242 icu:4.25 pcu:387.75 scu:1168.00 tlayer:3 pbqpoffset:3.30 pbfactor:1.46 avgQpOffsetCutree:0.00;
in:109 out:110 type:b q:18.27 q-aq:18.00 q-noVbv:18.27 q-Rceq:1.08 tex:2339 mv:2923 misc:1698 icu:8.50 pcu:521.50 scu:1030.00 tlayer:3 pbqpoffset:3.79 pbfactor:1.55 avgQpOffsetCutree:0.00;
in:118 out:111 type:k q:14.15 q-aq:10.16 q-noVbv:14.15 q-Rceq:1.08 tex:226774 mv:18582 misc:2820 icu:1321.25 pcu:238.25 scu:0.50 tlayer:0 pbqpoffset:-0.12 pbfactor:0.99 avgQpOffsetCutree:-3.80;
in:114 out:112 type:B q:15.16 q-aq:12.67 q-noVbv:15.16 q-Rceq:1.08 tex:99098 mv:14267 misc:2947 icu:1020.00 pcu:470.25 scu:69.75 tlayer:1 pbqpoffset:0.84 pbfactor:1.10 avgQpOffsetCutree:-2.37;
in:112 out:113 type:B q:15.24 q-aq:14.35 q-noVbv:15.24 q-Rceq:1.08 tex:66204 mv:12002 misc:2882 icu:580.75 pcu:849.25 scu:130.00 tlayer:2 pbqpoffset:0.84 pbfactor:1.10 avgQpOffsetCutree:-1.18;
in:111 out:114 type:b q:17.81 q-aq:18.00 q-noVbv:17.81 q-Rceq:1.08 tex:601 mv:1337 misc:1150 icu:7.00 pcu:376.50 scu:1176.50 tlayer:3 pbqpoffset:3.36 pbfactor:1.47 avgQpOffsetCutree:0.00;
in:113 out:115 type:b q:17.87 q-aq:18.00 q-noVbv:17.87 q-Rceq:1.08 tex:465 mv:1350 misc:1033 icu:8.00 pcu:332.75 scu:1219.25 tlayer:3 pbqpoffset:3.51 pbfactor:1.50 avgQpOffsetCutree:0.00;
in:116 out:116 type:B q:15.16 q-aq:14.36 q-noVbv:15.16 q-Rceq:1.08 tex:43811 mv:9577 misc:2820 icu:433.75 pcu:704.50 scu:421.75 tlayer:2 pbqpoffset:0.93 pbfactor:1.11 avgQpOffsetCutree:-1.12;
in:115 out:117 type:b q:18.00 q-aq:18.00 q-noVbv:18.00 q-Rceq:1.08 tex:292 mv:1398 misc:766 icu:0.00 pcu:422.25 scu:1137.75 tlayer:3 pbqpoffset:3.72 pbfactor:1.54 avgQpOffsetCutree:0.00;
in:117 out:118 type:b q:17.23 q-aq:17.00 q-noVbv:17.23 q-Rceq:1.08 tex:2850 mv:3996 misc:1818 icu:37.25 pcu:966.25 scu:556.50 tlayer:3 pbqpoffset:3.04 pbfactor:1.42 avgQpOffsetCutree:0.00;
in:134 out:119 type:k q:13.06 q-aq:9.13 q-noVbv:13.06 q-Rceq:1.08 tex:320122 mv:21214 misc:2752 icu:1490.75 pcu:69.25 scu:0.00 tlayer:0 pbqpoffset:-0.15 pbfactor:0.98 avgQpOffsetCutree:-3.91;
in:126 out:120 type:B q:14.48 q-aq:11.48 q-noVbv:14.48 q-Rceq:1.08 tex:187195 mv:15893 misc:2784 icu:1322.50 pcu:231.75 scu:5.75 tlayer:1 pbqpoffset:0.88 pbfactor:1.11 avgQpOffsetCutree:-3.05;
in:122 out:121 type:B q:14.75 q-aq:12.58 q-noVbv:14.75 q-Rceq:1.08 tex:107633 mv:15165 misc:3242 icu:1050.75 pcu:427.00 scu:82.25 tlayer:2 pbqpoffset:0.88 pbfactor:1.11 avgQpOffsetCutree:-2.20;
in:120 out:122 type:B q:14.96 q-aq:14.16 q-noVbv:14.96 q-Rceq:1.08 tex:68067 mv:12734 misc:3391 icu:526.50 pcu:855.75 scu:177.75 tlayer:3 pbqpoffset:0.95 pbfactor:1.12 avgQpOffsetCutree:-1.19;
in:119 out:123 type:b q:18.51 q-aq:18.01 q-noVbv:18.51 q-Rceq:1.08 tex:1731 mv:2499 misc:1418 icu:6.25 pcu:532.00 scu:1021.75 tlayer:4 pbqpoffset:4.43 pbfactor:1.67 avgQpOffsetCutree:0.00;
in:121 out:124 type:b q:18.58 q-aq:18.82 q-noVbv:18.58 q-Rceq:1.08 tex:989 mv:1614 misc:1181 icu:0.00 pcu:365.00 scu:1195.00 tlayer:4 pbqpoffset:4.64 pbfactor:1.71 avgQpOffsetCutree:0.00;
in:124 out:125 type:B q:15.07 q-aq:14.22 q-noVbv:15.07 q-Rceq:1.08 tex:49472 mv:11167 misc:3265 icu:363.25 pcu:885.75 scu:311.00 tlayer:3 pbqpoffset:1.33 pbfactor:1.17 avgQpOffsetCutree:-1.21;
in:123 out:126 type:b q:18.22 q-aq:18.00 q-noVbv:18.22 q-Rceq:1.08 tex:907 mv:1048 misc:965 icu:5.00 pcu:224.25 scu:1330.75 tlayer:4 pbqpoffset:4.41 pbfactor:1.67 avgQpOffsetCutree:0.00;
in:125 out:127 type:b q:18.12 q-aq:18.00 q-noVbv:18.12 q-Rceq:1.08 tex:646 mv:1232 misc:898 icu:1.00 pcu:370.75 scu:1188.25 tlayer:4 pbqpoffset:4.44 pbfactor:1.67 avgQpOffsetCutree:0.00;
in:130 out:128 type:B q:14.21 q-aq:11.54 q-noVbv:14.21 q-Rceq:1.08 tex:137133 mv:17603 misc:2952 icu:1096.25 pcu:399.25 scu:64.50 tlayer:2 pbqpoffset:0.88 pbfactor:1.11 avgQpOffsetCutree:-2.48;
in:128 out:129 type:B q:14.34 q-aq:13.55 q-noVbv:14.34 q-Rceq:1.08 tex:86331 mv:13890 misc:3155 icu:690.25 pcu:778.75 scu:91.00 tlayer:3 pbqpoffset:0.88 pbfactor:1.11 avgQpOffsetCutree:-1.19;
in:127 out:130 type:b q:17.48 q-aq:17.00 q-noVbv:17.48 q-Rceq:1.08 tex:1106 mv:1478 misc:1048 icu:12.00 pcu:437.00 scu:1111.00 tlayer:4 pbqpoffset:3.94 pbfactor:1.58 avgQpOffsetCutree:0.00;
in:129 out:131 type:b q:17.60 q-aq:17.70 q-noVbv:17.60 q-Rceq:1.08 tex:3467 mv:2585 misc:1388 icu:6.00 pcu:1125.75 scu:428.25 tlayer:4 pbqpoffset:4.20 pbfactor:1.62 avgQpOffsetCutree:0.00;
in:132 out:132 type:B q:14.54 q-aq:13.57 q-noVbv:14.54 q-Rceq:1.08 tex:45592 mv:10977 misc:3111 icu:355.50 pcu:879.00 scu:325.50 tlayer:3 pbqpoffset:1.34 pbfactor:1.17 avgQpOffsetCutree:-1.24;
in:131 out:133 type:b q:17.84 q-aq:18.00 q-noVbv:17.84 q-Rceq:1.08 tex:248 mv:1237 misc:843 icu:1.00 pcu:465.50 scu:1093.50 tlayer:4 pbqpoffset:4.57 pbfactor:1.70 avgQpOffsetCutree:0.00;
in:133 out:134 type:b q:17.79 q-aq:18.00 q-noVbv:17.79 q-Rceq:1.08 tex:347 mv:1181 misc:928 icu:8.50 pcu:333.75 scu:1217.75 tlayer:4 pbqpoffset:4.66 pbfactor:1.71 avgQpOffsetCutree:0.00;
in:148 out:135 type:k q:13.84 q-aq:10.10 q-noVbv:13.84 q-Rceq:1.08 tex:232061 mv:19976 misc:2947 icu:1324.00 pcu:234.75 scu:1.25 tlayer:0 pbqpoffset:-0.04 pbfactor:1.00 avgQpOffsetCutree:-3.60;
in:141 out:136 type:B q:14.33 q-aq:11.36 q-noVbv:14.33 q-Rceq:1.08 tex:148256 mv:16142 misc:2722 icu:1297.75 pcu:228.75 scu:33.50 tlayer:1 pbqpoffset:0.88 pbfactor:1.11 avgQpOffsetCutree:-2.93;
in:138 out:137 type:B q:14.16 q-aq:12.06 q-noVbv:14.16 q-Rceq:1.08 tex:99907 mv:16610 misc:3371 icu:910.75 pcu:557.00 scu:92.25 tlayer:2 pbqpoffset:0.88 pbfactor:1.11 avgQpOffsetCutree:-2.03;
in:136 out:138 type:B q:14.05 q-aq:13.09 q-noVbv:14.05 q-Rceq:1.08 tex:76871 mv:12789 misc:3204 icu:612.50 pcu:802.00 scu:145.50 tlayer:3 pbqpoffset:0.88 pbfactor:1.11 avgQpOffsetCutree:-1.20;
in:135 out:139 type:b q:17.47 q-aq:17.00 q-noVbv:17.47 q-Rceq:1.08 tex:479 mv:1594 misc:991 icu:4.00 pcu:574.25 scu:981.75 tlayer:4 pbqpoffset:4.35 pbfactor:1.65 avgQpOffsetCutree:0.00;
in:137 out:140 type:b q:17.26 q-aq:17.00 q-noVbv:17.26 q-Rceq:1.08 tex:455 mv:1464 misc:937 icu:16.00 pcu:334.50 scu:1209.50 tlayer:4 pbqpoffset:4.03 pbfactor:1.59 avgQpOffsetCutree:0.00;
in:140 out:141 type:B q:14.90 q-aq:15.05 q-noVbv:14.90 q-Rceq:1.08 tex:33982 mv:10945 misc:2977 icu:146.00 pcu:1184.75 scu:229.25 tlayer:3 pbqpoffset:1.50 pbfactor:1.19 avgQpOffsetCutree:-0.55;
in:139 out:142 type:b q:16.67 q-aq:16.61 q-noVbv:16.67 q-Rceq:1.08 tex:3925 mv:5486 misc:2357 icu:39.50 pcu:978.50 scu:542.00 tlayer:4 pbqpoffset:3.33 pbfactor:1.47 avgQpOffsetCutree:0.00;
in:145 out:143 type:B q:14.55 q-aq:12.49 q-noVbv:14.55 q-Rceq:1.08 tex:103588 mv:17362 misc:3370 icu:975.50 pcu:482.25 scu:102.25 tlayer:2 pbqpoffset:0.88 pbfactor:1.11 avgQpOffsetCutree:-2.08;
in:143 out:144 type:B q:14.60 q-aq:13.81 q-noVbv:14.60 q-Rceq:1.08 tex:63529 mv:16226 misc:3877 icu:396.25 pcu:1014.50 scu:149.25 tlayer:3 pbqpoffset:1.04 pbfactor:1.13 avgQpOffsetCutree:-1.15;
in:142 out:145 type:b q:16.06 q-aq:16.00 q-noVbv:16.06 q-Rceq:1.08 tex:25960 mv:8017 misc:2807 icu:64.00 pcu:1351.25 scu:144.75 tlayer:4 pbqpoffset:2.55 pbfactor:1.34 avgQpOffsetCutree:0.00;
in:144 out:146 type:b q:15.63 q-aq:15.15 q-noVbv:15.63 q-Rceq:1.08 tex:45088 mv:13145 misc:3199 icu:116.00 pcu:1240.25 scu:203.75 tlayer:4 pbqpoffset:2.01 pbfactor:1.26 avgQpOffsetCutree:0.00;
in:147 out:147 type:B q:15.48 q-aq:15.32 q-noVbv:15.48 q-Rceq:1.08 tex:24055 mv:10332 misc:3005 icu:115.50 pcu:1114.50 scu:330.00 tlayer:3 pbqpoffset:1.69 pbfactor:1.22 avgQpOffsetCutree:-0.73;
in:146 out:148 type:b q:16.78 q-aq:16.94 q-noVbv:16.78 q-Rceq:1.08 tex:14012 mv:6438 misc:2230 icu:6.50 pcu:894.00 scu:659.50 tlayer:4 pbqpoffset:3.06 pbfactor:1.42 avgQpOffsetCutree:0.00;
in:156 out:149 type:k q:14.48 q-aq:11.28 q-noVbv:14.48 q-Rceq:1.08 tex:201759 mv:18062 misc:2803 icu:1329.75 pcu:227.00 scu:3.25 tlayer:0 pbqpoffset:-0.03 pbfactor:1.00 avgQpOffsetCutree:-3.25;
in:152 out:150 type:B q:14.97 q-aq:12.86 q-noVbv:14.97 q-Rceq:1.08 tex:115057 mv:16038 misc:3001 icu:1102.50 pcu:401.25 scu:56.25 tlayer:1 pbqpoffset:0.81 pbfactor:1.10 avgQpOffsetCutree:-2.15;
in:150 out:151 type:B q:15.15 q-aq:14.12 q-noVbv:15.15 q-Rceq:1.08 tex:20381 mv:7757 misc:2662 icu:124.00 pcu:934.25 scu:501.75 tlayer:2 pbqpoffset:1.15 pbfactor:1.14 avgQpOffsetCutree:-1.32;
in:149 out:152 type:b q:17.60 q-aq:17.24 q-noVbv:17.60 q-Rceq:1.08 tex:1944 mv:2107 misc:1253 icu:2.25 pcu:517.75 scu:1040.00 tlayer:3 pbqpoffset:3.68 pbfactor:1.53 avgQpOffsetCutree:0.00;
in:151 out:153 type:b q:17.75 q-aq:18.00 q-noVbv:17.75 q-Rceq:1.08 tex:319 mv:1021 misc:972 icu:0.25 pcu:405.75 scu:1154.00 tlayer:3 pbqpoffset:3.67 pbfactor:1.53 avgQpOffsetCutree:0.00;
in:154 out:154 type:B q:15.31 q-aq:14.26 q-noVbv:15.31 q-Rceq:1.08 tex:31711 mv:12015 misc:3810 icu:277.00 pcu:1030.50 scu:252.50 tlayer:2 pbqpoffset:0.99 pbfactor:1.12 avgQpOffsetCutree:-1.29;
in:153 out:155 type:b q:17.54 q-aq:17.10 q-noVbv:17.54 q-Rceq:1.08 tex:1483 mv:1904 misc:1325 icu:2.25 pcu:529.00 scu:1028.75 tlayer:3 pbqpoffset:3.30 pbfactor:1.46 avgQpOffsetCutree:0.00;
in:155 out:156 type:b q:17.83 q-aq:18.00 q-noVbv:17.83 q-Rceq:1.08 tex:1234 mv:1631 misc:1119 icu:0.25 pcu:418.50 scu:1141.25 tlayer:3 pbqpoffset:3.43 pbfactor:1.49 avgQpOffsetCutree:0.00;
in:164 out:157 type:k q:14.86 q-aq:11.63 q-noVbv:14.86 q-Rceq:1.08 tex:181329 mv:17497 misc:2670 icu:1509.75 pcu:50.00 scu:0.25 tlayer:0 pbqpoffset:-0.04 pbfactor:1.00 avgQpOffsetCutree:-3.35;
in:160 out:158 type:B q:15.56 q-aq:13.79 q-noVbv:15.56 q-Rceq:1.08 tex:150828 mv:17716 misc:2712 icu:1229.50 pcu:320.75 scu:9.75 tlayer:1 pbqpoffset:0.89 pbfactor:1.11 avgQpOffsetCutree:-2.10;
in:158 out:159 type:B q:16.24 q-aq:15.22 q-noVbv:16.24 q-Rceq:1.08 tex:27115 mv:8633 misc:3076 icu:135.00 pcu:1129.50 scu:295.50 tlayer:2 pbqpoffset:1.67 pbfactor:1.21 avgQpOffsetCutree:-1.28;
in:157 out:160 type:b q:18.87 q-aq:19.00 q-noVbv:18.87 q-Rceq:1.08 tex:1480 mv:1872 misc:1120 icu:0.25 pcu:402.50 scu:1157.25 tlayer:3 pbqpoffset:4.34 pbfactor:1.65 avgQpOffsetCutree:0.00;
in:159 out:161 type:b q:19.06 q-aq:19.00 q-noVbv:19.06 q-Rceq:1.08 tex:1349 mv:1413 misc:942 icu:2.25 pcu:404.75 scu:1153.00 tlayer:3 pbqpoffset:4.44 pbfactor:1.67 avgQpOffsetCutree:0.00;
in:162 out:162 type:B q:16.03 q-aq:15.37 q-noVbv:16.03 q-Rceq:1.08 tex:35457 mv:8072 misc:3031 icu:206.50 pcu:972.00 scu:381.50 tlayer:2 pbqpoffset:1.26 pbfactor:1.16 avgQpOffsetCutree:-1.14;
in:161 out:163 type:b q:18.24 q-aq:18.02 q-noVbv:18.24 q-Rceq:1.08 tex:2826 mv:2250 misc:1372 icu:0.00 pcu:464.00 scu:1096.00 tlayer:3 pbqpoffset:3.52 pbfactor:1.50 avgQpOffsetCutree:0.00;
in:163 out:164 type:b q:17.40 q-aq:17.03 q-noVbv:17.40 q-Rceq:1.08 tex:11475 mv:3486 misc:1783 icu:6.25 pcu:1435.25 scu:118.50 tlayer:3 pbqpoffset:2.58 pbfactor:1.35 avgQpOffsetCutree:0.00;
in:173 out:165 type:k q:14.03 q-aq:10.35 q-noVbv:14.03 q-Rceq:1.08 tex:194936 mv:17568 misc:2664 icu:1428.25 pcu:130.25 scu:1.50 tlayer:0 pbqpoffset:-0.02 pbfactor:1.00 avgQpOffsetCutree:-3.57;
in:169 out:166 type:B q:15.29 q-aq:12.92 q-noVbv:15.29 q-Rceq:1.08 tex:111803 mv:14430 misc:2783 icu:1193.25 pcu:322.50 scu:44.25 tlayer:1 pbqpoffset:0.90 pbfactor:1.11 avgQpOffsetCutree:-2.38;
in:167 out:167 type:B q:15.48 q-aq:13.84 q-noVbv:15.48 q-Rceq:1.08 tex:63287 mv:14989 misc:3348 icu:509.25 pcu:926.00 scu:124.75 tlayer:2 pbqpoffset:0.90 pbfactor:1.11 avgQpOffsetCutree:-1.68;
in:166 out:168 type:B q:16.05 q-aq:16.06 q-noVbv:16.05 q-Rceq:1.08 tex:25173 mv:9225 misc:2682 icu:84.00 pcu:1198.00 scu:278.00 tlayer:3 pbqpoffset:1.37 pbfactor:1.17 avgQpOffsetCutree:-0.69;
in:165 out:169 type:b q:17.81 q-aq:18.00 q-noVbv:17.81 q-Rceq:1.08 tex:1342 mv:2199 misc:1187 icu:0.50 pcu:455.50 scu:1104.00 tlayer:4 pbqpoffset:3.04 pbfactor:1.42 avgQpOffsetCutree:0.00;
in:168 out:170 type:b q:16.52 q-aq:16.03 q-noVbv:16.52 q-Rceq:1.08 tex:32637 mv:9823 misc:2876 icu:61.25 pcu:1248.50 scu:250.25 tlayer:3 pbqpoffset:2.03 pbfactor:1.26 avgQpOffsetCutree:0.00;
in:171 out:171 type:B q:15.28 q-aq:14.30 q-noVbv:15.28 q-Rceq:1.08 tex:41687 mv:11342 misc:3523 icu:300.25 pcu:969.75 scu:290.00 tlayer:2 pbqpoffset:1.06 pbfactor:1.13 avgQpOffsetCutree:-1.26;
in:170 out:172 type:b q:17.08 q-aq:17.00 q-noVbv:17.08 q-Rceq:1.08 tex:11646 mv:5974 misc:2428 icu:23.50 pcu:891.75 scu:644.75 tlayer:3 pbqpoffset:2.78 pbfactor:1.38 avgQpOffsetCutree:0.00;
in:172 out:173 type:b q:16.33 q-aq:16.00 q-noVbv:16.33 q-Rceq:1.08 tex:26825 mv:7890 misc:2309 icu:85.75 pcu:1105.00 scu:369.25 tlayer:3 pbqpoffset:2.20 pbfactor:1.29 avgQpOffsetCutree:0.00;
in:183 out:174 type:k q:14.91 q-aq:11.63 q-noVbv:14.91 q-Rceq:1.08 tex:174209 mv:16662 misc:2673 icu:1356.00 pcu:195.50 scu:8.50 tlayer:0 pbqpoffset:-0.30 pbfactor:0.97 avgQpOffsetCutree:-3.34;
in:178 out:175 type:B q:15.33 q-aq:12.90 q-noVbv:15.33 q-Rceq:1.08 tex:119799 mv:15817 misc:2688 icu:1173.25 pcu:353.75 scu:33.00 tlayer:1 pbqpoffset:0.86 pbfactor:1.11 avgQpOffsetCutree:-2.42;
in:176 out:176 type:B q:15.16 q-aq:14.10 q-noVbv:15.16 q-Rceq:1.08 tex:84995 mv:12992 misc:2493 icu:830.75 pcu:624.50 scu:104.75 tlayer:2 pbqpoffset:0.86 pbfactor:1.11 avgQpOffsetCutree:-1.40;
in:175 out:177 type:B q:15.91 q-aq:15.77 q-noVbv:15.91 q-Rceq:1.08 tex:21829 mv:8416 misc:2483 icu:48.50 pcu:1092.75 scu:418.75 tlayer:3 pbqpoffset:1.70 pbfactor:1.22 avgQpOffsetCutree:-0.73;
in:174 out:178 type:b q:17.16 q-aq:17.00 q-noVbv:17.16 q-Rceq:1.08 tex:11176 mv:5780 misc:2212 icu:9.25 pcu:843.00 scu:707.75 tlayer:4 pbqpoffset:3.04 pbfactor:1.42 avgQpOffsetCutree:0.00;
in:177 out:179 type:b q:17.22 q-aq:17.01 q-noVbv:17.22 q-Rceq:1.08 tex:5640 mv:2947 misc:1525 icu:1.00 pcu:378.00 scu:1181.00 tlayer:3 pbqpoffset:2.83 pbfactor:1.39 avgQpOffsetCutree:0.00;
in:181 out:180 type:B q:15.60 q-aq:14.18 q-noVbv:15.60 q-Rceq:1.08 tex:66109 mv:12924 misc:3303 icu:574.50 pcu:741.00 scu:244.50 tlayer:2 pbqpoffset:0.86 pbfactor:1.11 avgQpOffsetCutree:-1.64;
in:180 out:181 type:B q:15.79 q-aq:15.73 q-noVbv:15.79 q-Rceq:1.08 tex:43791 mv:10219 misc:2598 icu:238.25 pcu:1083.50 scu:238.25 tlayer:3 pbqpoffset:1.14 pbfactor:1.14 avgQpOffsetCutree:-0.70;
in:179 out:182 type:b q:17.69 q-aq:17.91 q-noVbv:17.69 q-Rceq:1.08 tex:7196 mv:4105 misc:2067 icu:3.00 pcu:978.00 scu:579.00 tlayer:4 pbqpoffset:3.13 pbfactor:1.44 avgQpOffsetCutree:0.00;
in:182 out:183 type:b q:17.28 q-aq:17.01 q-noVbv:17.28 q-Rceq:1.08 tex:13835 mv:5660 misc:2225 icu:3.25 pcu:899.00 scu:657.75 tlayer:3 pbqpoffset:2.45 pbfactor:1.33 avgQpOffsetCutree:0.00;
in:195 out:184 type:k q:15.15 q-aq:11.36 q-noVbv:15.15 q-Rceq:1.08 tex:214481 mv:19973 misc:2690 icu:1535.75 pcu:24.25 scu:0.00 tlayer:0 pbqpoffset:-0.26 pbfactor:0.97 avgQpOffsetCutree:-3.85;
in:189 out:185 type:B q:15.98 q-aq:13.29 q-noVbv:15.98 q-Rceq:1.08 tex:134048 mv:14739 misc:2821 icu:1208.25 pcu:328.50 scu:23.25 tlayer:1 pbqpoffset:0.94 pbfactor:1.12 avgQpOffsetCutree:-2.77;
in:186 out:186 type:B q:15.92 q-aq:14.08 q-noVbv:15.92 q-Rceq:1.08 tex:79882 mv:14285 misc:3585 icu:628.25 pcu:795.25 scu:136.50 tlayer:2 pbqpoffset:0.94 pbfactor:1.12 avgQpOffsetCutree:-1.90;
in:185 out:187 type:B q:16.82 q-aq:16.98 q-noVbv:16.82 q-Rceq:1.08 tex:23759 mv:5841 misc:2368 icu:56.25 pcu:1155.50 scu:348.25 tlayer:3 pbqpoffset:1.86 pbfactor:1.24 avgQpOffsetCutree:-0.62;
in:184 out:188 type:b q:17.18 q-aq:17.00 q-noVbv:17.18 q-Rceq:1.08 tex:34945 mv:7097 misc:2086 icu:89.75 pcu:1188.50 scu:281.75 tlayer:4 pbqpoffset:2.25 pbfactor:1.30 avgQpOffsetCutree:0.00;
in:188 out:189 type:B q:16.56 q-aq:16.59 q-noVbv:16.56 q-Rceq:1.08 tex:38107 mv:8341 misc:2728 icu:202.25 pcu:1059.75 scu:298.00 tlayer:3 pbqpoffset:1.55 pbfactor:1.20 avgQpOffsetCutree:-0.68;
in:187 out:190 type:b q:18.79 q-aq:19.00 q-noVbv:18.79 q-Rceq:1.08 tex:1915 mv:2581 misc:1696 icu:9.00 pcu:657.00 scu:894.00 tlayer:4 pbqpoffset:3.80 pbfactor:1.55 avgQpOffsetCutree:0.00;
in:192 out:191 type:B q:16.04 q-aq:14.69 q-noVbv:16.04 q-Rceq:1.08 tex:113533 mv:14395 misc:2664 icu:996.25 pcu:522.75 scu:41.00 tlayer:2 pbqpoffset:0.94 pbfactor:1.12 avgQpOffsetCutree:-1.73;
in:191 out:192 type:B q:16.85 q-aq:16.97 q-noVbv:16.85 q-Rceq:1.08 tex:24085 mv:7047 misc:2396 icu:61.25 pcu:1113.00 scu:385.75 tlayer:3 pbqpoffset:1.78 pbfactor:1.23 avgQpOffsetCutree:-0.61;
in:190 out:193 type:b q:17.70 q-aq:17.96 q-noVbv:17.70 q-Rceq:1.08 tex:15954 mv:6436 misc:2266 icu:27.25 pcu:1063.50 scu:469.25 tlayer:4 pbqpoffset:2.65 pbfactor:1.36 avgQpOffsetCutree:0.00;
in:194 out:194 type:B q:16.74 q-aq:16.60 q-noVbv:16.74 q-Rceq:1.08 tex:28958 mv:8694 misc:2852 icu:53.75 pcu:1210.75 scu:295.50 tlayer:3 pbqpoffset:1.60 pbfactor:1.20 avgQpOffsetCutree:-0.80;
in:193 out:195 type:b q:18.62 q-aq:18.92 q-noVbv:18.62 q-Rceq:1.08 tex:1496 mv:1867 misc:1189 icu:7.75 pcu:284.50 scu:1267.75 tlayer:4 pbqpoffset:3.51 pbfactor:1.50 avgQpOffsetCutree:0.00;
in:209 out:196 type:k q:14.78 q-aq:11.05 q-noVbv:14.78 q-Rceq:1.08 tex:206062 mv:22259 misc:3087 icu:1392.50 pcu:163.25 scu:4.25 tlayer:0 pbqpoffset:-0.26 pbfactor:0.97 avgQpOffsetCutree:-3.77;
in:202 out:197 type:B q:15.96 q-aq:13.17 q-noVbv:15.96 q-Rceq:1.08 tex:147751 mv:16763 misc:2894 icu:1275.00 pcu:257.00 scu:28.00 tlayer:1 pbqpoffset:0.99 pbfactor:1.12 avgQpOffsetCutree:-2.91;
in:199 out:198 type:B q:16.04 q-aq:13.98 q-noVbv:16.04 q-Rceq:1.08 tex:106940 mv:15668 misc:2936 icu:898.75 pcu:583.25 scu:78.00 tlayer:2 pbqpoffset:0.99 pbfactor:1.12 avgQpOffsetCutree:-2.13;
in:197 out:199 type:B q:16.43 q-aq:15.38 q-noVbv:16.43 q-Rceq:1.08 tex:43741 mv:10443 misc:3048 icu:186.50 pcu:1125.50 scu:248.00 tlayer:3 pbqpoffset:1.32 pbfactor:1.17 avgQpOffsetCutree:-1.30;
in:196 out:200 type:b q:17.57 q-aq:17.15 q-noVbv:17.57 q-Rceq:1.08 tex:29572 mv:8280 misc:2580 icu:73.50 pcu:1106.00 scu:380.50 tlayer:4 pbqpoffset:2.44 pbfactor:1.33 avgQpOffsetCutree:0.00;
in:198 out:201 type:b q:18.01 q-aq:18.00 q-noVbv:18.01 q-Rceq:1.08 tex:13824 mv:6575 misc:2201 icu:17.00 pcu:829.75 scu:713.25 tlayer:4 pbqpoffset:2.93 pbfactor:1.40 avgQpOffsetCutree:0.00;
in:201 out:202 type:B q:16.77 q-aq:16.65 q-noVbv:16.77 q-Rceq:1.08 tex:26600 mv:8229 misc:2699 icu:90.00 pcu:1020.75 scu:449.25 tlayer:3 pbqpoffset:1.78 pbfactor:1.23 avgQpOffsetCutree:-0.74;
in:200 out:203 type:b q:17.17 q-aq:17.01 q-noVbv:17.17 q-Rceq:1.08 tex:43020 mv:10301 misc:2647 icu:101.00 pcu:1182.00 scu:277.00 tlayer:4 pbqpoffset:2.15 pbfactor:1.28 avgQpOffsetCutree:0.00;
in:206 out:204 type:B q:15.85 q-aq:13.77 q-noVbv:15.85 q-Rceq:1.08 tex:98799 mv:16563 misc:3206 icu:781.00 pcu:676.50 scu:102.50 tlayer:2 pbqpoffset:0.99 pbfactor:1.12 avgQpOffsetCutree:-2.09;
in:204 out:205 type:B q:15.91 q-aq:15.33 q-noVbv:15.91 q-Rceq:1.08 tex:60297 mv:12592 misc:2871 icu:483.25 pcu:819.75 scu:257.00 tlayer:3 pbqpoffset:0.99 pbfactor:1.12 avgQpOffsetCutree:-1.15;
in:203 out:206 type:b q:18.07 q-aq:18.00 q-noVbv:18.07 q-Rceq:1.08 tex:4401 mv:3820 misc:1835 icu:20.75 pcu:841.25 scu:698.00 tlayer:4 pbqpoffset:3.13 pbfactor:1.43 avgQpOffsetCutree:0.00;
in:205 out:207 type:b q:17.59 q-aq:17.35 q-noVbv:17.59 q-Rceq:1.08 tex:7670 mv:4085 misc:1837 icu:23.25 pcu:1362.75 scu:174.00 tlayer:4 pbqpoffset:2.70 pbfactor:1.37 avgQpOffsetCutree:0.00;
in:208 out:208 type:B q:16.02 q-aq:16.14 q-noVbv:16.02 q-Rceq:1.08 tex:53403 mv:10091 misc:2514 icu:139.75 pcu:1241.25 scu:179.00 tlayer:3 pbqpoffset:1.22 pbfactor:1.15 avgQpOffsetCutree:-0.68;
in:207 out:209 type:b q:18.30 q-aq:18.01 q-noVbv:18.30 q-Rceq:1.08 tex:3350 mv:3845 misc:1709 icu:6.50 pcu:737.75 scu:815.75 tlayer:4 pbqpoffset:3.47 pbfactor:1.49 avgQpOffsetCutree:0.00;
in:223 out:210 type:k q:14.42 q-aq:10.63 q-noVbv:14.42 q-Rceq:1.08 tex:224984 mv:25094 misc:2858 icu:1500.00 pcu:60.00 scu:0.00 tlayer:0 pbqpoffset:-0.24 pbfactor:0.97 avgQpOffsetCutree:-3.84;
in:216 out:211 type:B q:15.60 q-aq:12.94 q-noVbv:15.60 q-Rceq:1.08 tex:151133 mv:13311 misc:2540 icu:1293.75 pcu:241.25 scu:25.00 tlayer:1 pbqpoffset:1.00 pbfactor:1.12 avgQpOffsetCutree:-2.84;
in:213 out:212 type:B q:15.68 q-aq:13.40 q-noVbv:15.68 q-Rceq:1.08 tex:85511 mv:15074 misc:3391 icu:821.00 pcu:598.75 scu:140.25 tlayer:2 pbqpoffset:1.00 pbfactor:1.12 avgQpOffsetCutree:-2.24;
in:211 out:213 type:B q:16.38 q-aq:15.41 q-noVbv:16.38 q-Rceq:1.08 tex:37443 mv:9705 misc:2732 icu:245.00 pcu:993.75 scu:321.25 tlayer:3 pbqpoffset:1.66 pbfactor:1.21 avgQpOffsetCutree:-1.29;
in:210 out:214 type:b q:18.37 q-aq:18.00 q-noVbv:18.37 q-Rceq:1.08 tex:11923 mv:5608 misc:1789 icu:5.00 pcu:818.50 scu:736.50 tlayer:4 pbqpoffset:3.62 pbfactor:1.52 avgQpOffsetCutree:0.00;
in:212 out:215 type:b q:17.74 q-aq:18.00 q-noVbv:17.74 q-Rceq:1.08 tex:21892 mv:7355 misc:2009 icu:71.50 pcu:1099.75 scu:388.75 tlayer:4 pbqpoffset:3.04 pbfactor:1.42 avgQpOffsetCutree:0.00;
in:215 out:216 type:B q:16.88 q-aq:16.73 q-noVbv:16.88 q-Rceq:1.08 tex:18889 mv:6581 misc:2474 icu:96.25 pcu:1036.00 scu:427.75 tlayer:3 pbqpoffset:2.26 pbfactor:1.30 avgQpOffsetCutree:-0.75;
in:214 out:217 type:b q:18.51 q-aq:18.03 q-noVbv:18.51 q-Rceq:1.08 tex:11189 mv:5389 misc:2190 icu:11.00 pcu:856.50 scu:692.50 tlayer:4 pbqpoffset:3.86 pbfactor:1.56 avgQpOffsetCutree:0.00;
in:220 out:218 type:B q:15.50 q-aq:13.28 q-noVbv:15.50 q-Rceq:1.08 tex:76521 mv:14431 misc:3800 icu:699.50 pcu:701.75 scu:158.75 tlayer:2 pbqpoffset:1.00 pbfactor:1.12 avgQpOffsetCutree:-2.21;
in:218 out:219 type:B q:16.31 q-aq:15.33 q-noVbv:16.31 q-Rceq:1.08 tex:17283 mv:7456 misc:3213 icu:85.25 pcu:893.00 scu:581.75 tlayer:3 pbqpoffset:1.76 pbfactor:1.23 avgQpOffsetCutree:-1.34;
in:217 out:220 type:b q:19.41 q-aq:19.00 q-noVbv:19.41 q-Rceq:1.08 tex:459 mv:1318 misc:911 icu:0.00 pcu:334.25 scu:1225.75 tlayer:4 pbqpoffset:4.84 pbfactor:1.75 avgQpOffsetCutree:0.00;
in:219 out:221 type:b q:19.15 q-aq:19.00 q-noVbv:19.15 q-Rceq:1.08 tex:408 mv:1202 misc:846 icu:8.25 pcu:283.00 scu:1268.75 tlayer:4 pbqpoffset:4.63 pbfactor:1.71 avgQpOffsetCutree:0.00;
in:222 out:222 type:B q:16.77 q-aq:16.68 q-noVbv:16.77 q-Rceq:1.08 tex:20800 mv:8135 misc:2897 icu:40.75 pcu:1107.00 scu:412.25 tlayer:3 pbqpoffset:2.32 pbfactor:1.31 avgQpOffsetCutree:-0.70;
in:221 out:223 type:b q:19.45 q-aq:19.00 q-noVbv:19.45 q-Rceq:1.08 tex:91 mv:1161 misc:916 icu:0.00 pcu:338.25 scu:1221.75 tlayer:4 pbqpoffset:4.99 pbfactor:1.78 avgQpOffsetCutree:0.00;
in:237 out:224 type:k q:13.63 q-aq:9.59 q-noVbv:13.63 q-Rceq:1.08 tex:227321 mv:22176 misc:2895 icu:1413.75 pcu:143.50 scu:2.75 tlayer:0 pbqpoffset:-0.34 pbfactor:0.96 avgQpOffsetCutree:-3.89;
in:230 out:225 type:B q:14.96 q-aq:11.74 q-noVbv:14.96 q-Rceq:1.08 tex:151336 mv:17826 misc:3246 icu:1278.00 pcu:246.50 scu:35.50 tlayer:1 pbqpoffset:0.94 pbfactor:1.11 avgQpOffsetCutree:-3.05;
in:227 out:226 type:B q:15.13 q-aq:12.66 q-noVbv:15.13 q-Rceq:1.08 tex:83772 mv:16631 misc:3429 icu:808.00 pcu:580.50 scu:171.50 tlayer:2 pbqpoffset:0.94 pbfactor:1.11 avgQpOffsetCutree:-2.34;
in:225 out:227 type:B q:15.41 q-aq:14.07 q-noVbv:15.41 q-Rceq:1.08 tex:51663 mv:14362 misc:3487 icu:283.75 pcu:1052.50 scu:223.75 tlayer:3 pbqpoffset:1.10 pbfactor:1.14 avgQpOffsetCutree:-1.47;
in:224 out:228 type:b q:16.43 q-aq:16.00 q-noVbv:16.43 q-Rceq:1.08 tex:40941 mv:9180 misc:2503 icu:92.25 pcu:1251.75 scu:216.00 tlayer:4 pbqpoffset:2.07 pbfactor:1.27 avgQpOffsetCutree:0.00;
in:226 out:229 type:b q:17.23 q-aq:17.00 q-noVbv:17.23 q-Rceq:1.08 tex:11910 mv:5797 misc:1957 icu:13.50 pcu:844.75 scu:701.75 tlayer:4 pbqpoffset:2.98 pbfactor:1.41 avgQpOffsetCutree:0.00;
in:229 out:230 type:B q:15.98 q-aq:15.91 q-noVbv:15.98 q-Rceq:1.08 tex:20813 mv:7954 misc:2801 icu:84.50 pcu:982.00 scu:493.50 tlayer:3 pbqpoffset:1.90 pbfactor:1.25 avgQpOffsetCutree:-0.70;
in:228 out:231 type:b q:16.61 q-aq:16.42 q-noVbv:16.61 q-Rceq:1.08 tex:26730 mv:8694 misc:2616 icu:103.00 pcu:1054.75 scu:402.25 tlayer:4 pbqpoffset:2.48 pbfactor:1.33 avgQpOffsetCutree:0.00;
in:234 out:232 type:B q:14.74 q-aq:12.65 q-noVbv:14.74 q-Rceq:1.08 tex:91436 mv:14879 misc:3077 icu:785.50 pcu:659.50 scu:115.00 tlayer:2 pbqpoffset:0.94 pbfactor:1.11 avgQpOffsetCutree:-2.14;
in:232 out:233 type:B q:14.85 q-aq:14.01 q-noVbv:14.85 q-Rceq:1.08 tex:76091 mv:13922 misc:3123 icu:554.00 pcu:851.75 scu:154.25 tlayer:3 pbqpoffset:0.94 pbfactor:1.11 avgQpOffsetCutree:-1.21;
in:231 out:234 type:b q:17.69 q-aq:17.95 q-noVbv:17.69 q-Rceq:1.08 tex:678 mv:1690 misc:1152 icu:1.00 pcu:404.25 scu:1154.75 tlayer:4 pbqpoffset:3.72 pbfactor:1.54 avgQpOffsetCutree:0.00;
in:233 out:235 type:b q:17.98 q-aq:18.00 q-noVbv:17.98 q-Rceq:1.08 tex:401 mv:1461 misc:946 icu:0.00 pcu:404.50 scu:1155.50 tlayer:4 pbqpoffset:4.12 pbfactor:1.61 avgQpOffsetCutree:0.00;
in:236 out:236 type:B q:15.36 q-aq:15.35 q-noVbv:15.36 q-Rceq:1.08 tex:34328 mv:9549 misc:2627 icu:142.50 pcu:1107.00 scu:310.50 tlayer:3 pbqpoffset:1.68 pbfactor:1.21 avgQpOffsetCutree:-0.74;
in:235 out:237 type:b q:17.97 q-aq:18.00 q-noVbv:17.97 q-Rceq:1.08 tex:1064 mv:1830 misc:1514 icu:21.00 pcu:455.00 scu:1084.00 tlayer:4 pbqpoffset:4.23 pbfactor:1.63 avgQpOffsetCutree:0.00;
in:246 out:238 type:k q:14.03 q-aq:10.39 q-noVbv:14.03 q-Rceq:1.08 tex:181429 mv:20740 misc:3199 icu:1360.25 pcu:180.25 scu:19.50 tlayer:0 pbqpoffset:-0.27 pbfactor:0.97 avgQpOffsetCutree:-3.50;
in:242 out:239 type:B q:14.67 q-aq:12.12 q-noVbv:14.67 q-Rceq:1.08 tex:113193 mv:16559 misc:3128 icu:1104.25 pcu:379.25 scu:76.50 tlayer:1 pbqpoffset:0.82 pbfactor:1.10 avgQpOffsetCutree:-2.45;
in:240 out:240 type:B q:14.58 q-aq:13.57 q-noVbv:14.58 q-Rceq:1.08 tex:92437 mv:12714 misc:2905 icu:734.00 pcu:715.00 scu:111.00 tlayer:2 pbqpoffset:0.82 pbfactor:1.10 avgQpOffsetCutree:-1.41;
in:239 out:241 type:B q:15.25 q-aq:15.44 q-noVbv:15.25 q-Rceq:1.08 tex:21001 mv:8353 misc:2950 icu:144.00 pcu:951.50 scu:464.50 tlayer:3 pbqpoffset:1.53 pbfactor:1.19 avgQpOffsetCutree:-0.56;
in:238 out:242 type:b q:16.26 q-aq:16.00 q-noVbv:16.26 q-Rceq:1.08 tex:12826 mv:6827 misc:2371 icu:26.75 pcu:934.50 scu:598.75 tlayer:4 pbqpoffset:2.58 pbfactor:1.35 avgQpOffsetCutree:0.00;
in:241 out:243 type:b q:16.93 q-aq:17.00 q-noVbv:16.93 q-Rceq:1.08 tex:1597 mv:2073 misc:1346 icu:14.25 pcu:440.25 scu:1105.50 tlayer:3 pbqpoffset:3.12 pbfactor:1.43 avgQpOffsetCutree:0.00;
in:244 out:244 type:B q:14.79 q-aq:13.81 q-noVbv:14.79 q-Rceq:1.08 tex:50159 mv:11518 misc:2947 icu:405.00 pcu:835.25 scu:319.75 tlayer:2 pbqpoffset:0.85 pbfactor:1.10 avgQpOffsetCutree:-1.26;
in:243 out:245 type:b q:17.20 q-aq:17.00 q-noVbv:17.20 q-Rceq:1.08 tex:931 mv:1681 misc:1092 icu:12.00 pcu:478.75 scu:1069.25 tlayer:3 pbqpoffset:3.30 pbfactor:1.46 avgQpOffsetCutree:0.00;
in:245 out:246 type:b q:17.64 q-aq:17.95 q-noVbv:17.64 q-Rceq:1.08 tex:339 mv:1444 misc:1017 icu:2.25 pcu:411.25 scu:1146.50 tlayer:3 pbqpoffset:3.65 pbfactor:1.52 avgQpOffsetCutree:0.00;
in:261 out:247 type:k q:13.34 q-aq:9.51 q-noVbv:13.34 q-Rceq:1.08 tex:222511 mv:23490 misc:2903 icu:1486.25 pcu:73.75 scu:0.00 tlayer:0 pbqpoffset:-0.14 pbfactor:0.98 avgQpOffsetCutree:-3.72;
in:254 out:248 type:B q:14.47 q-aq:11.62 q-noVbv:14.47 q-Rceq:1.08 tex:156486 mv:19268 misc:2982 icu:1362.25 pcu:181.25 scu:16.50 tlayer:1 pbqpoffset:0.80 pbfactor:1.10 avgQpOffsetCutree:-2.85;
in:250 out:249 type:B q:14.65 q-aq:12.38 q-noVbv:14.65 q-Rceq:1.08 tex:110983 mv:18141 misc:3164 icu:1080.50 pcu:433.50 scu:46.00 tlayer:2 pbqpoffset:0.80 pbfactor:1.10 avgQpOffsetCutree:-2.24;
in:248 out:250 type:B q:14.74 q-aq:13.90 q-noVbv:14.74 q-Rceq:1.08 tex:71268 mv:13770 misc:2882 icu:541.25 pcu:958.75 scu:60.00 tlayer:3 pbqpoffset:0.80 pbfactor:1.10 avgQpOffsetCutree:-1.17;
in:247 out:251 type:b q:17.45 q-aq:17.00 q-noVbv:17.45 q-Rceq:1.08 tex:1432 mv:1965 misc:1475 icu:0.00 pcu:440.00 scu:1120.00 tlayer:4 pbqpoffset:3.47 pbfactor:1.49 avgQpOffsetCutree:0.00;
in:249 out:252 type:b q:17.27 q-aq:17.00 q-noVbv:17.27 q-Rceq:1.08 tex:3440 mv:3204 misc:2156 icu:9.25 pcu:997.75 scu:553.00 tlayer:4 pbqpoffset:3.37 pbfactor:1.48 avgQpOffsetCutree:0.00;
in:252 out:253 type:B q:14.63 q-aq:13.88 q-noVbv:14.63 q-Rceq:1.08 tex:52175 mv:13717 misc:3244 icu:477.50 pcu:857.00 scu:225.50 tlayer:3 pbqpoffset:0.87 pbfactor:1.11 avgQpOffsetCutree:-1.13;
in:251 out:254 type:b q:16.91 q-aq:17.00 q-noVbv:16.91 q-Rceq:1.08 tex:1509 mv:2300 misc:1295 icu:0.25 pcu:465.50 scu:1094.25 tlayer:4 pbqpoffset:3.11 pbfactor:1.43 avgQpOffsetCutree:0.00;
in:253 out:255 type:b q:17.06 q-aq:17.00 q-noVbv:17.06 q-Rceq:1.08 tex:1262 mv:1517 misc:1261 icu:0.25 pcu:456.00 scu:1103.75 tlayer:4 pbqpoffset:3.35 pbfactor:1.47 avgQpOffsetCutree:0.00;
in:258 out:256 type:B q:14.28 q-aq:12.02 q-noVbv:14.28 q-Rceq:1.08 tex:103856 mv:20824 misc:3632 icu:917.25 pcu:554.50 scu:88.25 tlayer:2 pbqpoffset:0.80 pbfactor:1.10 avgQpOffsetCutree:-2.15;
in:256 out:257 type:B q:14.38 q-aq:13.63 q-noVbv:14.38 q-Rceq:1.08 tex:77441 mv:16723 misc:3276 icu:667.50 pcu:778.00 scu:114.50 tlayer:3 pbqpoffset:0.80 pbfactor:1.10 avgQpOffsetCutree:-1.12;
in:255 out:258 type:b q:17.14 q-aq:17.00 q-noVbv:17.14 q-Rceq:1.08 tex:1455 mv:1381 misc:940 icu:4.25 pcu:306.25 scu:1249.50 tlayer:4 pbqpoffset:3.52 pbfactor:1.50 avgQpOffsetCutree:0.00;
in:257 out:259 type:b q:17.15 q-aq:17.00 q-noVbv:17.15 q-Rceq:1.08 tex:831 mv:1691 misc:1142 icu:4.50 pcu:343.00 scu:1212.50 tlayer:4 pbqpoffset:3.63 pbfactor:1.52 avgQpOffsetCutree:0.00;
in:260 out:260 type:B q:14.79 q-aq:14.92 q-noVbv:14.79 q-Rceq:1.08 tex:30903 mv:10549 misc:2836 icu:99.00 pcu:1164.00 scu:297.00 tlayer:3 pbqpoffset:1.40 pbfactor:1.18 avgQpOffsetCutree:-0.63;
in:259 out:261 type:b q:17.08 q-aq:17.00 q-noVbv:17.08 q-Rceq:1.08 tex:643 mv:1575 misc:1110 icu:8.00 pcu:446.25 scu:1105.75 tlayer:4 pbqpoffset:3.64 pbfactor:1.52 avgQpOffsetCutree:0.00;
in:275 out:262 type:k q:13.74 q-aq:9.85 q-noVbv:13.74 q-Rceq:1.08 tex:201074 mv:21022 misc:2872 icu:1426.50 pcu:121.50 scu:12.00 tlayer:0 pbqpoffset:-0.13 pbfactor:0.98 avgQpOffsetCutree:-3.67;
in:268 out:263 type:B q:14.34 q-aq:11.54 q-noVbv:14.34 q-Rceq:1.08 tex:137457 mv:17714 misc:2925 icu:1286.25 pcu:238.75 scu:35.00 tlayer:1 pbqpoffset:0.80 pbfactor:1.10 avgQpOffsetCutree:-2.73;
in:265 out:264 type:B q:14.25 q-aq:12.17 q-noVbv:14.25 q-Rceq:1.08 tex:108820 mv:16098 misc:3114 icu:1142.25 pcu:319.50 scu:98.25 tlayer:2 pbqpoffset:0.80 pbfactor:1.10 avgQpOffsetCutree:-2.06;
in:263 out:265 type:B q:14.53 q-aq:13.38 q-noVbv:14.53 q-Rceq:1.08 tex:53194 mv:15035 misc:3683 icu:325.75 pcu:1041.50 scu:192.75 tlayer:3 pbqpoffset:1.13 pbfactor:1.14 avgQpOffsetCutree:-1.32;
in:262 out:266 type:b q:16.13 q-aq:16.00 q-noVbv:16.13 q-Rceq:1.08 tex:14317 mv:6422 misc:2317 icu:9.25 pcu:970.00 scu:580.75 tlayer:4 pbqpoffset:2.76 pbfactor:1.38 avgQpOffsetCutree:0.00;
in:264 out:267 type:b q:15.42 q-aq:15.03 q-noVbv:15.42 q-Rceq:1.08 tex:33863 mv:10740 misc:2653 icu:69.50 pcu:1275.75 scu:214.75 tlayer:4 pbqpoffset:1.99 pbfactor:1.26 avgQpOffsetCutree:0.00;
in:267 out:268 type:B q:15.06 q-aq:15.02 q-noVbv:15.06 q-Rceq:1.08 tex:21359 mv:9497 misc:2792 icu:89.75 pcu:1084.50 scu:385.75 tlayer:3 pbqpoffset:1.55 pbfactor:1.20 avgQpOffsetCutree:-0.66;
in:266 out:269 type:b q:15.83 q-aq:16.00 q-noVbv:15.83 q-Rceq:1.08 tex:11676 mv:6683 misc:1969 icu:4.25 pcu:936.50 scu:619.25 tlayer:4 pbqpoffset:2.34 pbfactor:1.31 avgQpOffsetCutree:0.00;
in:272 out:270 type:B q:14.45 q-aq:12.54 q-noVbv:14.45 q-Rceq:1.08 tex:110090 mv:12765 misc:2777 icu:1108.25 pcu:391.25 scu:60.50 tlayer:2 pbqpoffset:0.80 pbfactor:1.10 avgQpOffsetCutree:-1.93;
in:270 out:271 type:B q:14.64 q-aq:13.61 q-noVbv:14.64 q-Rceq:1.08 tex:33398 mv:8762 misc:3104 icu:366.50 pcu:859.25 scu:334.25 tlayer:3 pbqpoffset:1.05 pbfactor:1.13 avgQpOffsetCutree:-1.24;
in:269 out:272 type:b q:16.47 q-aq:16.10 q-noVbv:16.47 q-Rceq:1.08 tex:2628 mv:2336 misc:1436 icu:2.00 pcu:566.00 scu:992.00 tlayer:4 pbqpoffset:2.90 pbfactor:1.40 avgQpOffsetCutree:0.00;
in:271 out:273 type:b q:16.80 q-aq:17.00 q-noVbv:16.80 q-Rceq:1.08 tex:1940 mv:1983 misc:1165 icu:0.25 pcu:452.25 scu:1107.50 tlayer:4 pbqpoffset:3.18 pbfactor:1.44 avgQpOffsetCutree:0.00;
in:274 out:274 type:B q:14.93 q-aq:14.61 q-noVbv:14.93 q-Rceq:1.08 tex:33356 mv:11892 misc:3200 icu:166.25 pcu:1110.75 scu:283.00 tlayer:3 pbqpoffset:1.22 pbfactor:1.15 avgQpOffsetCutree:-0.80;
in:273 out:275 type:b q:17.14 q-aq:17.00 q-noVbv:17.14 q-Rceq:1.08 tex:4210 mv:3348 misc:2138 icu:3.00 pcu:677.75 scu:879.25 tlayer:4 pbqpoffset:3.45 pbfactor:1.49 avgQpOffsetCutree:0.00;
in:283 out:276 type:k q:14.08 q-aq:10.49 q-noVbv:14.08 q-Rceq:1.08 tex:193571 mv:22446 misc:2719 icu:1451.25 pcu:104.75 scu:4.00 tlayer:0 pbqpoffset:-0.13 pbfactor:0.98 avgQpOffsetCutree:-3.47;
in:279 out:277 type:B q:14.67 q-aq:12.18 q-noVbv:14.67 q-Rceq:1.08 tex:120824 mv:15985 misc:2967 icu:1101.00 pcu:376.00 scu:83.00 tlayer:1 pbqpoffset:0.76 pbfactor:1.09 avgQpOffsetCutree:-2.38;
in:277 out:278 type:B q:14.71 q-aq:13.77 q-noVbv:14.71 q-Rceq:1.08 tex:45035 mv:14287 misc:3566 icu:396.00 pcu:870.00 scu:294.00 tlayer:2 pbqpoffset:0.89 pbfactor:1.11 avgQpOffsetCutree:-1.25;
in:276 out:279 type:b q:15.79 q-aq:15.87 q-noVbv:15.79 q-Rceq:1.08 tex:23317 mv:8734 misc:2701 icu:36.25 pcu:1179.00 scu:344.75 tlayer:3 pbqpoffset:2.01 pbfactor:1.26 avgQpOffsetCutree:0.00;
in:278 out:280 type:b q:16.18 q-aq:16.00 q-noVbv:16.18 q-Rceq:1.08 tex:14921 mv:6357 misc:2250 icu:18.00 pcu:821.50 scu:720.50 tlayer:3 pbqpoffset:2.32 pbfactor:1.31 avgQpOffsetCutree:0.00;
in:281 out:281 type:B q:14.85 q-aq:14.05 q-noVbv:14.85 q-Rceq:1.08 tex:48710 mv:12910 misc:3764 icu:381.50 pcu:955.75 scu:222.75 tlayer:2 pbqpoffset:0.86 pbfactor:1.10 avgQpOffsetCutree:-1.18;
in:280 out:282 type:b q:15.85 q-aq:15.99 q-noVbv:15.85 q-Rceq:1.08 tex:32018 mv:9294 misc:2624 icu:81.75 pcu:1196.50 scu:281.75 tlayer:3 pbqpoffset:1.90 pbfactor:1.25 avgQpOffsetCutree:0.00;
in:282 out:283 type:b q:16.14 q-aq:16.02 q-noVbv:16.14 q-Rceq:1.08 tex:13667 mv:7422 misc:2359 icu:18.75 pcu:1008.25 scu:533.00 tlayer:3 pbqpoffset:2.10 pbfactor:1.28 avgQpOffsetCutree:0.00;
in:291 out:284 type:k q:14.38 q-aq:11.00 q-noVbv:14.38 q-Rceq:1.08 tex:186474 mv:23273 misc:2693 icu:1457.75 pcu:101.50 scu:0.75 tlayer:0 pbqpoffset:-0.20 pbfactor:0.98 avgQpOffsetCutree:-3.34;
in:287 out:285 type:B q:15.02 q-aq:12.84 q-noVbv:15.02 q-Rceq:1.08 tex:107290 mv:18209 misc:3277 icu:1079.75 pcu:395.00 scu:85.25 tlayer:1 pbqpoffset:0.79 pbfactor:1.10 avgQpOffsetCutree:-2.26;
in:285 out:286 type:B q:15.26 q-aq:14.10 q-noVbv:15.26 q-Rceq:1.08 tex:38098 mv:13742 misc:3880 icu:322.00 pcu:918.75 scu:319.25 tlayer:2 pbqpoffset:1.11 pbfactor:1.14 avgQpOffsetCutree:-1.33;
in:284 out:287 type:b q:16.53 q-aq:16.03 q-noVbv:16.53 q-Rceq:1.08 tex:20745 mv:8317 misc:2642 icu:55.75 pcu:1076.75 scu:427.50 tlayer:3 pbqpoffset:2.42 pbfactor:1.32 avgQpOffsetCutree:0.00;
in:286 out:288 type:b q:16.85 q-aq:17.00 q-noVbv:16.85 q-Rceq:1.08 tex:10681 mv:5543 misc:2320 icu:3.50 pcu:806.75 scu:749.75 tlayer:3 pbqpoffset:2.66 pbfactor:1.36 avgQpOffsetCutree:0.00;
in:289 out:289 type:B q:15.25 q-aq:14.10 q-noVbv:15.25 q-Rceq:1.08 tex:53479 mv:13105 misc:3776 icu:347.75 pcu:963.75 scu:248.50 tlayer:2 pbqpoffset:0.95 pbfactor:1.12 avgQpOffsetCutree:-1.33;
in:288 out:290 type:b q:16.19 q-aq:16.01 q-noVbv:16.19 q-Rceq:1.08 tex:38495 mv:11160 misc:3033 icu:135.25 pcu:1129.00 scu:295.75 tlayer:3 pbqpoffset:1.92 pbfactor:1.25 avgQpOffsetCutree:0.00;
in:290 out:291 type:b q:16.64 q-aq:16.38 q-noVbv:16.64 q-Rceq:1.08 tex:15836 mv:7615 misc:2565 icu:66.75 pcu:1115.00 scu:378.25 tlayer:3 pbqpoffset:2.30 pbfactor:1.30 avgQpOffsetCutree:0.00;
in:299 out:292 type:k q:14.91 q-aq:12.85 q-noVbv:14.91 q-Rceq:1.08 tex:130130 mv:14981 misc:2945 icu:1266.25 pcu:234.50 scu:59.25 tlayer:0 pbqpoffset:-0.20 pbfactor:0.98 avgQpOffsetCutree:-2.27;
in:295 out:293 type:B q:15.49 q-aq:12.95 q-noVbv:15.49 q-Rceq:1.08 tex:90953 mv:17227 misc:3276 icu:949.25 pcu:523.25 scu:87.50 tlayer:1 pbqpoffset:0.84 pbfactor:1.10 avgQpOffsetCutree:-2.32;
in:293 out:294 type:B q:15.59 q-aq:14.58 q-noVbv:15.59 q-Rceq:1.08 tex:37115 mv:10569 misc:3044 icu:379.00 pcu:886.25 scu:294.75 tlayer:2 pbqpoffset:1.08 pbfactor:1.13 avgQpOffsetCutree:-1.23;
in:292 out:295 type:b q:16.42 q-aq:16.01 q-noVbv:16.42 q-Rceq:1.08 tex:24946 mv:9842 misc:2868 icu:117.50 pcu:1117.75 scu:324.75 tlayer:3 pbqpoffset:1.98 pbfactor:1.26 avgQpOffsetCutree:0.00;
in:294 out:296 type:b q:17.32 q-aq:17.00 q-noVbv:17.32 q-Rceq:1.08 tex:10944 mv:5561 misc:2239 icu:11.50 pcu:851.00 scu:697.50 tlayer:3 pbqpoffset:2.75 pbfactor:1.37 avgQpOffsetCutree:0.00;
in:297 out:297 type:B q:15.99 q-aq:14.85 q-noVbv:15.99 q-Rceq:1.08 tex:35297 mv:12677 misc:3434 icu:215.75 pcu:1040.75 scu:303.50 tlayer:2 pbqpoffset:1.22 pbfactor:1.15 avgQpOffsetCutree:-1.35;
in:296 out:298 type:b q:16.76 q-aq:16.93 q-noVbv:16.76 q-Rceq:1.08 tex:23657 mv:8406 misc:2641 icu:66.50 pcu:1061.25 scu:432.25 tlayer:3 pbqpoffset:2.05 pbfactor:1.27 avgQpOffsetCutree:0.00;
in:298 out:299 type:b q:17.85 q-aq:18.00 q-noVbv:17.85 q-Rceq:1.08 tex:9599 mv:5716 misc:1565 icu:3.25 pcu:1090.25 scu:466.50 tlayer:3 pbqpoffset:3.01 pbfactor:1.42 avgQpOffsetCutree:0.00;
