000 (015.000.000) 2020-12-21 07:20:00 Job submitted from host: <10.0.0.63:9618?PrivAddr=%3c10.0.0.63:9618%3fsock%3dschedd_6827_5527%3e&PrivNet=ryzen7-1700x&addrs=10.0.0.63-9618&alias=ryzen7-1700x&noUDP&sock=schedd_6827_5527>
...
040 (015.000.000) 2020-12-21 07:20:13 Entered queue to transfer input files
	Transferring to host: <10.0.0.63:9618?PrivAddr=%3c10.0.0.63:9618%3fsock%3dslot14_6886_8f51_13%3e&PrivNet=ryzen7-1700x&addrs=10.0.0.63-9618&alias=ryzen7-1700x&noUDP&sock=slot14_6886_8f51_13>
...
040 (015.000.000) 2020-12-21 07:20:14 Started transferring input files
	Seconds spent in queue: 1
...
040 (015.000.000) 2020-12-21 07:20:15 Finished transferring input files
...
001 (015.000.000) 2020-12-21 07:20:15 Job executing on host: <10.0.0.63:9618?sock=startd_6827_5527>
...
006 (015.000.000) 2020-12-21 07:20:24 Image size of job updated: 300340
	204  -  MemoryUsage of job (MB)
	208884  -  ResidentSetSize of job (KB)
...
006 (015.000.000) 2020-12-21 07:21:41 Image size of job updated: 323452
	204  -  MemoryUsage of job (MB)
	208892  -  ResidentSetSize of job (KB)
...
040 (015.000.000) 2020-12-21 07:21:42 Started transferring output files
	Seconds spent in queue: 89
...
040 (015.000.000) 2020-12-21 07:21:42 Finished transferring output files
...
005 (015.000.000) 2020-12-21 07:21:42 Job terminated.
	(1) Normal termination (return value 0)
		Usr 0 00:01:24, Sys 0 00:00:00  -  Run Remote Usage
		Usr 0 00:00:00, Sys 0 00:00:00  -  Run Local Usage
		Usr 0 00:01:24, Sys 0 00:00:00  -  Total Remote Usage
		Usr 0 00:00:00, Sys 0 00:00:00  -  Total Local Usage
	638905  -  Run Bytes Sent By Job
	4532560  -  Run Bytes Received By Job
	638905  -  Total Bytes Sent By Job
	4532560  -  Total Bytes Received By Job
	Partitionable Resources :    Usage  Request Allocated 
	   Cpus                 :     1.00        1         1 
	   Disk (KB)            :  5065        4500   2904372 
	   Memory (MB)          :   204           5      2000 

	Job terminated of its own accord at 2020-12-21T12:21:41Z.
...
