#options: cpuid=1173503 frame-threads=1 no-wpp no-pmode no-pme psnr no-ssim log-level=2 bitdepth=8 input-csp=1 fps=50000/1000 input-res=768x432 interlace=0 total-frames=82 level-idc=0 high-tier=1 uhd-bd=0 ref=4 no-allow-non-conformance no-repeat-headers annexb no-aud no-hrd info hash=0 no-temporal-layers open-gop min-keyint=1 keyint=5000 bframes=15 b-adapt=2 b-pyramid bframe-bias=0 rc-lookahead=40 lookahead-slices=0 scenecut=40 no-intra-refresh ctu=64 min-cu-size=8 rect amp max-tu-size=32 tu-inter-depth=3 tu-intra-depth=3 limit-tu=4 rdoq-level=2 dynamic-rd=0.00 no-ssim-rd signhide no-tskip nr-intra=0 nr-inter=0 no-constrained-intra strong-intra-smoothing max-merge=4 limit-refs=1 limit-modes me=3 subme=4 merange=57 temporal-mvp weightp weightb no-analyze-src-pics deblock=0:0 sao no-sao-non-deblock rd=6 no-early-skip rskip no-fast-intra no-tskip-fast no-cu-lossless b-intra rdpenalty=0 psy-rd=0.00 psy-rdoq=0.00 no-rd-refine analysis-reuse-mode=0 no-lossless cbqpoffs=0 crqpoffs=0 rc=abr bitrate=2000 qcomp=0.60 qpstep=4 stats-write=1 stats-read=0 slow-firstpass ipratio=1.40 pbratio=1.30 aq-mode=1 aq-strength=0.00 cutree zone-count=0 no-strict-cbr qg-size=64 no-rc-grain qpmax=69 qpmin=0 no-const-vbv sar=0 overscan=0 videoformat=5 range=0 colorprim=2 transfer=2 colormatrix=2 chromaloc=0 display-window=0 max-cll=0,0 min-luma=0 max-luma=255 log2-max-poc-lsb=8 vui-timing-info vui-hrd-info slices=1 opt-qp-pps opt-ref-list-length-pps no-multi-pass-opt-rps scenecut-bias=0.05 no-opt-cu-delta-qp no-aq-motion no-hdr no-hdr-opt no-dhdr10-opt analysis-reuse-level=5 scale-factor=0 refine-intra=0 refine-inter=0 refine-mv=0 no-limit-sao ctu-info=0 max-tlayer=4
in:0 out:0 type:I q:22.40 q-aq:16.18 q-noVbv:22.40 q-Rceq:1.32 tex:1205 mv:740 misc:503 icu:1296.00 pcu:0.00 scu:0.00 tlayer:0 pbqpoffset:0.00 pbfactor:1.00 avgQpOffsetCutree:-2.70;
in:1 out:1 type:k q:25.31 q-aq:25.00 q-noVbv:25.31 q-Rceq:1.32 tex:0 mv:7 misc:137 icu:0.00 pcu:0.00 scu:1296.00 tlayer:0 pbqpoffset:0.00 pbfactor:1.00 avgQpOffsetCutree:-1.93;
in:2 out:2 type:i q:35.26 q-aq:29.43 q-noVbv:35.26 q-Rceq:1.32 tex:354819 mv:44196 misc:2009 icu:1296.00 pcu:0.00 scu:0.00 tlayer:0 pbqpoffset:0.00 pbfactor:1.00 avgQpOffsetCutree:-6.88;
in:18 out:3 type:k q:34.17 q-aq:26.86 q-noVbv:34.17 q-Rceq:1.32 tex:390561 mv:26799 misc:2560 icu:642.25 pcu:652.00 scu:1.75 tlayer:0 pbqpoffset:0.00 pbfactor:1.00 avgQpOffsetCutree:-7.14;
in:10 out:4 type:B q:37.44 q-aq:31.20 q-noVbv:37.44 q-Rceq:1.32 tex:126806 mv:20050 misc:3392 icu:82.50 pcu:929.25 scu:284.25 tlayer:1 pbqpoffset:3.27 pbfactor:1.46 avgQpOffsetCutree:-5.28;
in:6 out:5 type:B q:38.57 q-aq:34.64 q-noVbv:38.57 q-Rceq:1.32 tex:51769 mv:10347 misc:1876 icu:5.50 pcu:748.00 scu:542.50 tlayer:2 pbqpoffset:4.39 pbfactor:1.66 avgQpOffsetCutree:-3.49;
in:4 out:6 type:B q:39.31 q-aq:37.40 q-noVbv:39.31 q-Rceq:1.32 tex:7434 mv:3907 misc:1195 icu:0.75 pcu:529.75 scu:765.50 tlayer:3 pbqpoffset:5.13 pbfactor:1.81 avgQpOffsetCutree:-2.12;
in:3 out:7 type:b q:42.30 q-aq:42.00 q-noVbv:42.30 q-Rceq:1.32 tex:56 mv:433 misc:335 icu:0.50 pcu:164.25 scu:1131.25 tlayer:4 pbqpoffset:8.13 pbfactor:2.56 avgQpOffsetCutree:0.00;
in:5 out:8 type:b q:41.66 q-aq:42.00 q-noVbv:41.66 q-Rceq:1.32 tex:56 mv:434 misc:326 icu:0.00 pcu:176.00 scu:1120.00 tlayer:4 pbqpoffset:7.48 pbfactor:2.37 avgQpOffsetCutree:0.00;
in:8 out:9 type:B q:39.31 q-aq:37.99 q-noVbv:39.31 q-Rceq:1.32 tex:8061 mv:5113 misc:1426 icu:0.50 pcu:633.50 scu:662.00 tlayer:3 pbqpoffset:5.13 pbfactor:1.81 avgQpOffsetCutree:-1.19;
in:7 out:10 type:b q:42.30 q-aq:42.00 q-noVbv:42.30 q-Rceq:1.32 tex:66 mv:510 misc:312 icu:0.00 pcu:132.00 scu:1164.00 tlayer:4 pbqpoffset:8.13 pbfactor:2.56 avgQpOffsetCutree:0.00;
in:9 out:11 type:b q:42.30 q-aq:42.00 q-noVbv:42.30 q-Rceq:1.32 tex:7 mv:479 misc:346 icu:0.50 pcu:127.00 scu:1168.50 tlayer:4 pbqpoffset:8.13 pbfactor:2.56 avgQpOffsetCutree:0.00;
in:14 out:12 type:B q:37.91 q-aq:34.64 q-noVbv:37.91 q-Rceq:1.32 tex:64173 mv:11477 misc:2382 icu:10.25 pcu:895.50 scu:390.25 tlayer:2 pbqpoffset:3.74 pbfactor:1.54 avgQpOffsetCutree:-2.91;
in:12 out:13 type:B q:39.31 q-aq:37.50 q-noVbv:39.31 q-Rceq:1.32 tex:9609 mv:4224 misc:1383 icu:0.00 pcu:521.00 scu:775.00 tlayer:3 pbqpoffset:5.13 pbfactor:1.81 avgQpOffsetCutree:-1.63;
in:11 out:14 type:b q:42.30 q-aq:42.00 q-noVbv:42.30 q-Rceq:1.32 tex:97 mv:391 misc:328 icu:0.00 pcu:95.75 scu:1200.25 tlayer:4 pbqpoffset:8.13 pbfactor:2.56 avgQpOffsetCutree:0.00;
in:13 out:15 type:b q:42.30 q-aq:42.00 q-noVbv:42.30 q-Rceq:1.32 tex:0 mv:619 misc:365 icu:0.00 pcu:244.25 scu:1051.75 tlayer:4 pbqpoffset:8.13 pbfactor:2.56 avgQpOffsetCutree:0.00;
in:16 out:16 type:B q:39.28 q-aq:38.44 q-noVbv:39.28 q-Rceq:1.32 tex:8740 mv:3612 misc:1472 icu:0.50 pcu:496.00 scu:799.50 tlayer:3 pbqpoffset:5.11 pbfactor:1.80 avgQpOffsetCutree:-1.15;
in:15 out:17 type:b q:39.59 q-aq:40.00 q-noVbv:39.59 q-Rceq:1.32 tex:7 mv:1402 misc:527 icu:0.00 pcu:374.75 scu:921.25 tlayer:4 pbqpoffset:5.41 pbfactor:1.87 avgQpOffsetCutree:0.00;
in:17 out:18 type:b q:42.30 q-aq:42.00 q-noVbv:42.30 q-Rceq:1.32 tex:4 mv:436 misc:312 icu:0.00 pcu:134.00 scu:1162.00 tlayer:4 pbqpoffset:8.13 pbfactor:2.56 avgQpOffsetCutree:0.00;
in:34 out:19 type:k q:36.77 q-aq:31.21 q-noVbv:36.77 q-Rceq:1.32 tex:202108 mv:22895 misc:2733 icu:385.00 pcu:876.00 scu:35.00 tlayer:0 pbqpoffset:0.00 pbfactor:1.00 avgQpOffsetCutree:-7.04;
in:26 out:20 type:B q:39.21 q-aq:33.15 q-noVbv:39.21 q-Rceq:1.32 tex:68520 mv:19122 misc:3470 icu:48.50 pcu:931.00 scu:316.50 tlayer:1 pbqpoffset:2.45 pbfactor:1.33 avgQpOffsetCutree:-5.42;
in:22 out:21 type:B q:40.38 q-aq:36.81 q-noVbv:40.38 q-Rceq:1.32 tex:28790 mv:7435 misc:1759 icu:2.50 pcu:677.00 scu:616.50 tlayer:2 pbqpoffset:3.62 pbfactor:1.52 avgQpOffsetCutree:-3.22;
in:20 out:22 type:B q:41.08 q-aq:39.09 q-noVbv:41.08 q-Rceq:1.32 tex:1480 mv:1983 misc:793 icu:0.00 pcu:368.25 scu:927.75 tlayer:3 pbqpoffset:4.31 pbfactor:1.65 avgQpOffsetCutree:-1.76;
in:19 out:23 type:b q:44.07 q-aq:44.00 q-noVbv:44.07 q-Rceq:1.32 tex:64 mv:490 misc:326 icu:0.00 pcu:120.50 scu:1175.50 tlayer:4 pbqpoffset:7.31 pbfactor:2.33 avgQpOffsetCutree:0.00;
in:21 out:24 type:b q:44.08 q-aq:44.00 q-noVbv:44.08 q-Rceq:1.32 tex:2 mv:439 misc:303 icu:0.00 pcu:92.50 scu:1203.50 tlayer:4 pbqpoffset:7.31 pbfactor:2.33 avgQpOffsetCutree:0.00;
in:24 out:25 type:B q:41.08 q-aq:39.10 q-noVbv:41.08 q-Rceq:1.32 tex:1849 mv:2383 misc:912 icu:0.00 pcu:457.00 scu:839.00 tlayer:3 pbqpoffset:4.31 pbfactor:1.65 avgQpOffsetCutree:-1.71;
in:23 out:26 type:b q:44.07 q-aq:44.00 q-noVbv:44.07 q-Rceq:1.32 tex:69 mv:464 misc:315 icu:0.00 pcu:109.50 scu:1186.50 tlayer:4 pbqpoffset:7.31 pbfactor:2.33 avgQpOffsetCutree:0.00;
in:25 out:27 type:b q:44.07 q-aq:44.00 q-noVbv:44.07 q-Rceq:1.32 tex:62 mv:365 misc:309 icu:0.00 pcu:77.25 scu:1218.75 tlayer:4 pbqpoffset:7.31 pbfactor:2.33 avgQpOffsetCutree:0.00;
in:30 out:28 type:B q:40.25 q-aq:37.29 q-noVbv:40.25 q-Rceq:1.32 tex:30439 mv:8911 misc:2010 icu:6.75 pcu:794.75 scu:494.50 tlayer:2 pbqpoffset:3.48 pbfactor:1.50 avgQpOffsetCutree:-3.05;
in:28 out:29 type:B q:41.08 q-aq:39.71 q-noVbv:41.08 q-Rceq:1.32 tex:3955 mv:2150 misc:879 icu:0.25 pcu:349.00 scu:946.75 tlayer:3 pbqpoffset:4.31 pbfactor:1.65 avgQpOffsetCutree:-1.73;
in:27 out:30 type:b q:44.07 q-aq:44.00 q-noVbv:44.07 q-Rceq:1.32 tex:1 mv:91 misc:204 icu:0.00 pcu:8.00 scu:1288.00 tlayer:4 pbqpoffset:7.31 pbfactor:2.33 avgQpOffsetCutree:0.00;
in:29 out:31 type:b q:44.07 q-aq:44.00 q-noVbv:44.07 q-Rceq:1.32 tex:2 mv:245 misc:273 icu:0.00 pcu:62.00 scu:1234.00 tlayer:4 pbqpoffset:7.31 pbfactor:2.33 avgQpOffsetCutree:0.00;
in:32 out:32 type:B q:40.01 q-aq:39.34 q-noVbv:40.01 q-Rceq:1.32 tex:5542 mv:3427 misc:1287 icu:1.50 pcu:587.25 scu:707.25 tlayer:3 pbqpoffset:3.24 pbfactor:1.45 avgQpOffsetCutree:-1.22;
in:31 out:33 type:b q:43.35 q-aq:43.00 q-noVbv:43.35 q-Rceq:1.32 tex:5 mv:797 misc:478 icu:0.00 pcu:241.00 scu:1055.00 tlayer:4 pbqpoffset:6.58 pbfactor:2.14 avgQpOffsetCutree:0.00;
in:33 out:34 type:b q:43.48 q-aq:43.00 q-noVbv:43.48 q-Rceq:1.32 tex:3 mv:488 misc:333 icu:0.00 pcu:178.00 scu:1118.00 tlayer:4 pbqpoffset:6.71 pbfactor:2.17 avgQpOffsetCutree:0.00;
in:50 out:35 type:k q:35.46 q-aq:29.04 q-noVbv:35.46 q-Rceq:1.32 tex:304880 mv:27194 misc:2518 icu:480.25 pcu:805.25 scu:10.50 tlayer:0 pbqpoffset:0.00 pbfactor:1.00 avgQpOffsetCutree:-7.03;
in:42 out:36 type:B q:38.64 q-aq:32.51 q-noVbv:38.64 q-Rceq:1.32 tex:93952 mv:20259 misc:3805 icu:80.25 pcu:896.00 scu:319.75 tlayer:1 pbqpoffset:2.53 pbfactor:1.34 avgQpOffsetCutree:-5.28;
in:38 out:37 type:B q:40.28 q-aq:36.75 q-noVbv:40.28 q-Rceq:1.32 tex:32666 mv:7899 misc:1843 icu:2.75 pcu:729.75 scu:563.50 tlayer:2 pbqpoffset:3.84 pbfactor:1.56 avgQpOffsetCutree:-3.35;
in:36 out:38 type:B q:41.00 q-aq:39.36 q-noVbv:41.00 q-Rceq:1.32 tex:2124 mv:2229 misc:919 icu:0.50 pcu:412.50 scu:883.00 tlayer:3 pbqpoffset:4.40 pbfactor:1.66 avgQpOffsetCutree:-2.01;
in:35 out:39 type:b q:43.68 q-aq:44.00 q-noVbv:43.68 q-Rceq:1.32 tex:4 mv:313 misc:291 icu:0.00 pcu:50.50 scu:1245.50 tlayer:4 pbqpoffset:6.99 pbfactor:2.24 avgQpOffsetCutree:0.00;
in:37 out:40 type:b q:43.91 q-aq:44.00 q-noVbv:43.91 q-Rceq:1.32 tex:1 mv:577 misc:326 icu:0.00 pcu:178.25 scu:1117.75 tlayer:4 pbqpoffset:7.39 pbfactor:2.35 avgQpOffsetCutree:0.00;
in:40 out:41 type:B q:40.67 q-aq:38.76 q-noVbv:40.67 q-Rceq:1.32 tex:3985 mv:2537 misc:1102 icu:1.75 pcu:397.25 scu:897.00 tlayer:3 pbqpoffset:4.40 pbfactor:1.66 avgQpOffsetCutree:-1.86;
in:39 out:42 type:b q:43.75 q-aq:44.00 q-noVbv:43.75 q-Rceq:1.32 tex:1 mv:525 misc:338 icu:0.00 pcu:145.25 scu:1150.75 tlayer:4 pbqpoffset:7.39 pbfactor:2.35 avgQpOffsetCutree:0.00;
in:41 out:43 type:b q:43.59 q-aq:44.00 q-noVbv:43.59 q-Rceq:1.32 tex:0 mv:313 misc:279 icu:0.00 pcu:91.25 scu:1204.75 tlayer:4 pbqpoffset:7.39 pbfactor:2.35 avgQpOffsetCutree:0.00;
in:46 out:44 type:B q:38.84 q-aq:35.61 q-noVbv:38.84 q-Rceq:1.32 tex:54858 mv:10116 misc:2402 icu:6.75 pcu:873.25 scu:416.00 tlayer:2 pbqpoffset:3.06 pbfactor:1.42 avgQpOffsetCutree:-2.95;
in:44 out:45 type:B q:40.34 q-aq:38.92 q-noVbv:40.34 q-Rceq:1.32 tex:5830 mv:2733 misc:1093 icu:0.75 pcu:432.75 scu:862.50 tlayer:3 pbqpoffset:4.40 pbfactor:1.66 avgQpOffsetCutree:-1.49;
in:43 out:46 type:b q:43.42 q-aq:43.00 q-noVbv:43.42 q-Rceq:1.32 tex:1 mv:264 misc:287 icu:0.00 pcu:108.00 scu:1188.00 tlayer:4 pbqpoffset:7.39 pbfactor:2.35 avgQpOffsetCutree:0.00;
in:45 out:47 type:b q:43.26 q-aq:43.00 q-noVbv:43.26 q-Rceq:1.32 tex:3 mv:674 misc:395 icu:0.00 pcu:260.00 scu:1036.00 tlayer:4 pbqpoffset:7.39 pbfactor:2.35 avgQpOffsetCutree:0.00;
in:48 out:48 type:B q:39.34 q-aq:38.35 q-noVbv:39.34 q-Rceq:1.32 tex:11146 mv:3900 misc:1538 icu:0.75 pcu:598.50 scu:696.75 tlayer:3 pbqpoffset:3.72 pbfactor:1.54 avgQpOffsetCutree:-1.30;
in:47 out:49 type:b q:42.26 q-aq:42.00 q-noVbv:42.26 q-Rceq:1.32 tex:94 mv:802 misc:504 icu:0.00 pcu:254.00 scu:1042.00 tlayer:4 pbqpoffset:6.55 pbfactor:2.13 avgQpOffsetCutree:0.00;
in:49 out:50 type:b q:42.93 q-aq:43.00 q-noVbv:42.93 q-Rceq:1.32 tex:68 mv:447 misc:325 icu:0.00 pcu:221.00 scu:1075.00 tlayer:4 pbqpoffset:7.39 pbfactor:2.35 avgQpOffsetCutree:0.00;
in:66 out:51 type:k q:35.33 q-aq:29.61 q-noVbv:35.33 q-Rceq:1.32 tex:247624 mv:22435 misc:2373 icu:621.50 pcu:663.75 scu:10.75 tlayer:0 pbqpoffset:2.13 pbfactor:1.28 avgQpOffsetCutree:-6.62;
in:58 out:52 type:B q:37.84 q-aq:31.88 q-noVbv:37.84 q-Rceq:1.32 tex:101848 mv:18491 misc:3613 icu:87.00 pcu:954.00 scu:255.00 tlayer:1 pbqpoffset:2.45 pbfactor:1.33 avgQpOffsetCutree:-5.23;
in:54 out:53 type:B q:38.90 q-aq:35.27 q-noVbv:38.90 q-Rceq:1.32 tex:43417 mv:9318 misc:1841 icu:4.25 pcu:805.50 scu:486.25 tlayer:2 pbqpoffset:3.48 pbfactor:1.49 avgQpOffsetCutree:-3.28;
in:52 out:54 type:B q:39.75 q-aq:38.38 q-noVbv:39.75 q-Rceq:1.32 tex:6838 mv:4075 misc:1311 icu:0.50 pcu:582.75 scu:712.75 tlayer:3 pbqpoffset:4.31 pbfactor:1.65 avgQpOffsetCutree:-1.69;
in:51 out:55 type:b q:42.65 q-aq:43.00 q-noVbv:42.65 q-Rceq:1.32 tex:5 mv:418 misc:329 icu:0.00 pcu:189.00 scu:1107.00 tlayer:4 pbqpoffset:7.20 pbfactor:2.30 avgQpOffsetCutree:0.00;
in:53 out:56 type:b q:41.09 q-aq:41.00 q-noVbv:41.09 q-Rceq:1.32 tex:57 mv:828 misc:483 icu:0.00 pcu:201.50 scu:1094.50 tlayer:4 pbqpoffset:5.66 pbfactor:1.92 avgQpOffsetCutree:0.00;
in:56 out:57 type:B q:39.72 q-aq:38.06 q-noVbv:39.72 q-Rceq:1.32 tex:6726 mv:3484 misc:1398 icu:0.00 pcu:458.75 scu:837.25 tlayer:3 pbqpoffset:4.31 pbfactor:1.65 avgQpOffsetCutree:-1.74;
in:55 out:58 type:b q:41.26 q-aq:41.00 q-noVbv:41.26 q-Rceq:1.32 tex:65 mv:772 misc:451 icu:0.00 pcu:134.75 scu:1161.25 tlayer:4 pbqpoffset:5.85 pbfactor:1.97 avgQpOffsetCutree:0.00;
in:57 out:59 type:b q:41.89 q-aq:42.00 q-noVbv:41.89 q-Rceq:1.32 tex:125 mv:522 misc:377 icu:0.00 pcu:79.00 scu:1217.00 tlayer:4 pbqpoffset:6.49 pbfactor:2.12 avgQpOffsetCutree:0.00;
in:62 out:60 type:B q:38.34 q-aq:35.12 q-noVbv:38.34 q-Rceq:1.32 tex:47427 mv:9500 misc:2593 icu:8.25 pcu:883.25 scu:404.50 tlayer:2 pbqpoffset:2.98 pbfactor:1.41 avgQpOffsetCutree:-2.98;
in:60 out:61 type:B q:39.69 q-aq:38.53 q-noVbv:39.69 q-Rceq:1.32 tex:5733 mv:3474 misc:1201 icu:1.00 pcu:526.00 scu:769.00 tlayer:3 pbqpoffset:4.31 pbfactor:1.65 avgQpOffsetCutree:-1.71;
in:59 out:62 type:b q:42.25 q-aq:42.00 q-noVbv:42.25 q-Rceq:1.32 tex:111 mv:506 misc:335 icu:0.00 pcu:84.00 scu:1212.00 tlayer:4 pbqpoffset:6.86 pbfactor:2.21 avgQpOffsetCutree:0.00;
in:61 out:63 type:b q:41.93 q-aq:42.00 q-noVbv:41.93 q-Rceq:1.32 tex:181 mv:463 misc:316 icu:0.00 pcu:85.25 scu:1210.75 tlayer:4 pbqpoffset:6.56 pbfactor:2.13 avgQpOffsetCutree:0.00;
in:64 out:64 type:B q:39.20 q-aq:38.73 q-noVbv:39.20 q-Rceq:1.32 tex:5679 mv:2916 misc:1469 icu:2.25 pcu:496.00 scu:797.75 tlayer:3 pbqpoffset:3.86 pbfactor:1.56 avgQpOffsetCutree:-1.29;
in:63 out:65 type:b q:41.18 q-aq:41.00 q-noVbv:41.18 q-Rceq:1.32 tex:75 mv:1153 misc:588 icu:0.00 pcu:342.25 scu:953.75 tlayer:4 pbqpoffset:5.83 pbfactor:1.96 avgQpOffsetCutree:0.00;
in:65 out:66 type:b q:41.79 q-aq:42.00 q-noVbv:41.79 q-Rceq:1.32 tex:2 mv:650 misc:428 icu:0.00 pcu:190.25 scu:1105.75 tlayer:4 pbqpoffset:6.45 pbfactor:2.11 avgQpOffsetCutree:0.00;
in:81 out:67 type:k q:35.67 q-aq:33.34 q-noVbv:35.67 q-Rceq:1.32 tex:129448 mv:20128 misc:2864 icu:385.75 pcu:820.50 scu:89.75 tlayer:0 pbqpoffset:0.00 pbfactor:1.00 avgQpOffsetCutree:-3.18;
in:74 out:68 type:B q:37.81 q-aq:32.04 q-noVbv:37.81 q-Rceq:1.32 tex:96273 mv:17543 misc:3520 icu:67.25 pcu:971.00 scu:257.75 tlayer:1 pbqpoffset:2.30 pbfactor:1.30 avgQpOffsetCutree:-5.07;
in:70 out:69 type:B q:38.61 q-aq:34.75 q-noVbv:38.61 q-Rceq:1.32 tex:45899 mv:8671 misc:2310 icu:5.75 pcu:794.75 scu:495.50 tlayer:2 pbqpoffset:3.19 pbfactor:1.45 avgQpOffsetCutree:-3.47;
in:68 out:70 type:B q:39.25 q-aq:37.94 q-noVbv:39.25 q-Rceq:1.32 tex:9623 mv:3493 misc:1404 icu:0.25 pcu:464.00 scu:831.75 tlayer:3 pbqpoffset:3.88 pbfactor:1.57 avgQpOffsetCutree:-1.79;
in:67 out:71 type:b q:40.88 q-aq:41.00 q-noVbv:40.88 q-Rceq:1.32 tex:46 mv:750 misc:420 icu:0.00 pcu:189.50 scu:1106.50 tlayer:4 pbqpoffset:5.53 pbfactor:1.89 avgQpOffsetCutree:0.00;
in:69 out:72 type:b q:41.83 q-aq:42.00 q-noVbv:41.83 q-Rceq:1.32 tex:54 mv:380 misc:318 icu:0.00 pcu:135.25 scu:1160.75 tlayer:4 pbqpoffset:6.43 pbfactor:2.10 avgQpOffsetCutree:0.00;
in:72 out:73 type:B q:39.63 q-aq:38.10 q-noVbv:39.63 q-Rceq:1.32 tex:7076 mv:2955 misc:1193 icu:1.75 pcu:531.75 scu:762.50 tlayer:3 pbqpoffset:4.16 pbfactor:1.62 avgQpOffsetCutree:-1.77;
in:71 out:74 type:b q:42.60 q-aq:43.00 q-noVbv:42.60 q-Rceq:1.32 tex:3 mv:313 misc:300 icu:0.00 pcu:60.00 scu:1236.00 tlayer:4 pbqpoffset:7.16 pbfactor:2.29 avgQpOffsetCutree:0.00;
in:73 out:75 type:b q:41.29 q-aq:41.00 q-noVbv:41.29 q-Rceq:1.32 tex:1 mv:701 misc:402 icu:0.00 pcu:136.50 scu:1159.50 tlayer:4 pbqpoffset:5.80 pbfactor:1.95 avgQpOffsetCutree:0.00;
in:78 out:76 type:B q:38.42 q-aq:35.09 q-noVbv:38.42 q-Rceq:1.32 tex:38981 mv:8366 misc:2589 icu:5.25 pcu:881.75 scu:409.00 tlayer:2 pbqpoffset:2.82 pbfactor:1.38 avgQpOffsetCutree:-2.99;
in:76 out:77 type:B q:39.72 q-aq:38.01 q-noVbv:39.72 q-Rceq:1.32 tex:5411 mv:2704 misc:1029 icu:0.50 pcu:476.75 scu:818.75 tlayer:3 pbqpoffset:4.16 pbfactor:1.62 avgQpOffsetCutree:-1.91;
in:75 out:78 type:b q:42.69 q-aq:43.00 q-noVbv:42.69 q-Rceq:1.32 tex:0 mv:375 misc:321 icu:0.00 pcu:39.25 scu:1256.75 tlayer:4 pbqpoffset:7.16 pbfactor:2.29 avgQpOffsetCutree:0.00;
in:77 out:79 type:b q:42.74 q-aq:43.00 q-noVbv:42.74 q-Rceq:1.32 tex:1 mv:386 misc:317 icu:0.00 pcu:66.00 scu:1230.00 tlayer:4 pbqpoffset:7.16 pbfactor:2.29 avgQpOffsetCutree:0.00;
in:80 out:80 type:B q:39.47 q-aq:40.00 q-noVbv:39.47 q-Rceq:1.32 tex:103 mv:1100 misc:613 icu:0.25 pcu:290.50 scu:1005.25 tlayer:3 pbqpoffset:3.82 pbfactor:1.55 avgQpOffsetCutree:-0.17;
in:79 out:81 type:b q:42.78 q-aq:43.00 q-noVbv:42.78 q-Rceq:1.32 tex:4 mv:556 misc:448 icu:0.00 pcu:178.00 scu:1118.00 tlayer:4 pbqpoffset:7.16 pbfactor:2.29 avgQpOffsetCutree:0.00;
