#options: cpuid=1173503 frame-threads=1 no-wpp no-pmode no-pme psnr no-ssim log-level=2 bitdepth=8 input-csp=1 fps=25000/1000 input-res=768x432 interlace=0 total-frames=250 level-idc=0 high-tier=1 uhd-bd=0 ref=4 no-allow-non-conformance no-repeat-headers annexb no-aud no-hrd info hash=0 no-temporal-layers open-gop min-keyint=1 keyint=5000 bframes=15 b-adapt=2 b-pyramid bframe-bias=0 rc-lookahead=40 lookahead-slices=0 scenecut=40 no-intra-refresh ctu=64 min-cu-size=8 rect amp max-tu-size=32 tu-inter-depth=3 tu-intra-depth=3 limit-tu=4 rdoq-level=2 dynamic-rd=0.00 no-ssim-rd signhide no-tskip nr-intra=0 nr-inter=0 no-constrained-intra strong-intra-smoothing max-merge=4 limit-refs=1 limit-modes me=3 subme=4 merange=57 temporal-mvp weightp weightb no-analyze-src-pics deblock=0:0 sao no-sao-non-deblock rd=6 no-early-skip rskip no-fast-intra no-tskip-fast no-cu-lossless b-intra rdpenalty=0 psy-rd=0.00 psy-rdoq=0.00 no-rd-refine analysis-reuse-mode=0 no-lossless cbqpoffs=0 crqpoffs=0 rc=abr bitrate=2000 qcomp=0.60 qpstep=4 stats-write=1 stats-read=0 slow-firstpass ipratio=1.40 pbratio=1.30 aq-mode=1 aq-strength=0.00 cutree zone-count=0 no-strict-cbr qg-size=64 no-rc-grain qpmax=69 qpmin=0 no-const-vbv sar=0 overscan=0 videoformat=5 range=0 colorprim=2 transfer=2 colormatrix=2 chromaloc=0 display-window=0 max-cll=0,0 min-luma=0 max-luma=255 log2-max-poc-lsb=8 vui-timing-info vui-hrd-info slices=1 opt-qp-pps opt-ref-list-length-pps no-multi-pass-opt-rps scenecut-bias=0.05 no-opt-cu-delta-qp no-aq-motion no-hdr no-hdr-opt no-dhdr10-opt analysis-reuse-level=5 scale-factor=0 refine-intra=0 refine-inter=0 refine-mv=0 no-limit-sao ctu-info=0 max-tlayer=4
in:0 out:0 type:I q:19.55 q-aq:13.18 q-noVbv:19.55 q-Rceq:1.00 tex:221852 mv:29512 misc:2716 icu:1296.00 pcu:0.00 scu:0.00 tlayer:0 pbqpoffset:0.00 pbfactor:1.00 avgQpOffsetCutree:-5.56;
in:16 out:1 type:k q:18.46 q-aq:12.73 q-noVbv:18.46 q-Rceq:1.00 tex:230291 mv:32401 misc:2812 icu:1249.75 pcu:44.75 scu:1.50 tlayer:0 pbqpoffset:0.00 pbfactor:1.00 avgQpOffsetCutree:-5.73;
in:8 out:2 type:B q:20.19 q-aq:14.46 q-noVbv:20.19 q-Rceq:1.00 tex:165564 mv:28703 misc:3085 icu:761.50 pcu:385.25 scu:149.25 tlayer:1 pbqpoffset:1.74 pbfactor:1.22 avgQpOffsetCutree:-5.16;
in:4 out:3 type:B q:20.77 q-aq:17.36 q-noVbv:20.77 q-Rceq:1.00 tex:74311 mv:25458 misc:3087 icu:151.00 pcu:741.75 scu:403.25 tlayer:2 pbqpoffset:2.31 pbfactor:1.31 avgQpOffsetCutree:-3.15;
in:2 out:4 type:B q:22.06 q-aq:20.61 q-noVbv:22.06 q-Rceq:1.00 tex:20724 mv:16254 misc:2758 icu:26.00 pcu:677.00 scu:593.00 tlayer:3 pbqpoffset:3.60 pbfactor:1.52 avgQpOffsetCutree:-1.63;
in:1 out:5 type:b q:25.06 q-aq:25.00 q-noVbv:25.06 q-Rceq:1.00 tex:3639 mv:7523 misc:1742 icu:4.75 pcu:601.25 scu:690.00 tlayer:4 pbqpoffset:6.60 pbfactor:2.14 avgQpOffsetCutree:0.00;
in:3 out:6 type:b q:25.06 q-aq:25.00 q-noVbv:25.06 q-Rceq:1.00 tex:4355 mv:7325 misc:1664 icu:7.50 pcu:609.25 scu:679.25 tlayer:4 pbqpoffset:6.60 pbfactor:2.14 avgQpOffsetCutree:0.00;
in:6 out:7 type:B q:22.06 q-aq:20.45 q-noVbv:22.06 q-Rceq:1.00 tex:24137 mv:17186 misc:2909 icu:31.50 pcu:774.00 scu:490.50 tlayer:3 pbqpoffset:3.60 pbfactor:1.52 avgQpOffsetCutree:-1.70;
in:5 out:8 type:b q:25.06 q-aq:25.00 q-noVbv:25.06 q-Rceq:1.00 tex:3975 mv:6939 misc:1766 icu:7.75 pcu:588.25 scu:700.00 tlayer:4 pbqpoffset:6.60 pbfactor:2.14 avgQpOffsetCutree:0.00;
in:7 out:9 type:b q:25.06 q-aq:25.00 q-noVbv:25.06 q-Rceq:1.00 tex:3995 mv:8060 misc:1817 icu:5.50 pcu:551.75 scu:738.75 tlayer:4 pbqpoffset:6.60 pbfactor:2.14 avgQpOffsetCutree:0.00;
in:12 out:10 type:B q:20.59 q-aq:16.00 q-noVbv:20.59 q-Rceq:1.00 tex:105366 mv:23080 misc:3370 icu:295.75 pcu:631.50 scu:368.75 tlayer:2 pbqpoffset:2.13 pbfactor:1.28 avgQpOffsetCutree:-3.98;
in:10 out:11 type:B q:22.06 q-aq:20.67 q-noVbv:22.06 q-Rceq:1.00 tex:19840 mv:15070 misc:2658 icu:23.00 pcu:680.75 scu:592.25 tlayer:3 pbqpoffset:3.60 pbfactor:1.52 avgQpOffsetCutree:-1.64;
in:9 out:12 type:b q:25.06 q-aq:25.00 q-noVbv:25.06 q-Rceq:1.00 tex:3811 mv:6890 misc:1659 icu:5.75 pcu:556.25 scu:734.00 tlayer:4 pbqpoffset:6.60 pbfactor:2.14 avgQpOffsetCutree:0.00;
in:11 out:13 type:b q:25.06 q-aq:25.00 q-noVbv:25.06 q-Rceq:1.00 tex:3233 mv:5978 misc:1589 icu:1.75 pcu:564.00 scu:730.25 tlayer:4 pbqpoffset:6.60 pbfactor:2.14 avgQpOffsetCutree:0.00;
in:14 out:14 type:B q:22.06 q-aq:19.73 q-noVbv:22.06 q-Rceq:1.00 tex:25094 mv:9374 misc:2636 icu:50.75 pcu:580.50 scu:664.75 tlayer:3 pbqpoffset:3.60 pbfactor:1.52 avgQpOffsetCutree:-2.19;
in:13 out:15 type:b q:25.06 q-aq:25.00 q-noVbv:25.06 q-Rceq:1.00 tex:963 mv:3986 misc:1259 icu:3.00 pcu:425.25 scu:867.75 tlayer:4 pbqpoffset:6.60 pbfactor:2.14 avgQpOffsetCutree:0.00;
in:15 out:16 type:b q:25.06 q-aq:25.00 q-noVbv:25.06 q-Rceq:1.00 tex:3268 mv:3256 misc:1452 icu:9.75 pcu:280.25 scu:1006.00 tlayer:4 pbqpoffset:6.60 pbfactor:2.14 avgQpOffsetCutree:0.00;
in:32 out:17 type:k q:16.26 q-aq:11.20 q-noVbv:16.26 q-Rceq:1.00 tex:288402 mv:35111 misc:2839 icu:1269.00 pcu:27.00 scu:0.00 tlayer:0 pbqpoffset:0.00 pbfactor:1.00 avgQpOffsetCutree:-5.50;
in:24 out:18 type:B q:19.02 q-aq:14.47 q-noVbv:19.02 q-Rceq:1.00 tex:187972 mv:27499 misc:3137 icu:790.50 pcu:298.25 scu:207.25 tlayer:1 pbqpoffset:1.66 pbfactor:1.21 avgQpOffsetCutree:-4.73;
in:20 out:19 type:B q:20.04 q-aq:16.75 q-noVbv:20.04 q-Rceq:1.00 tex:81349 mv:25393 misc:3234 icu:300.75 pcu:673.00 scu:322.25 tlayer:2 pbqpoffset:2.13 pbfactor:1.28 avgQpOffsetCutree:-3.03;
in:18 out:20 type:B q:21.71 q-aq:20.19 q-noVbv:21.71 q-Rceq:1.00 tex:23225 mv:16147 misc:2964 icu:45.50 pcu:710.00 scu:540.50 tlayer:3 pbqpoffset:3.53 pbfactor:1.50 avgQpOffsetCutree:-1.67;
in:17 out:21 type:b q:24.85 q-aq:25.00 q-noVbv:24.85 q-Rceq:1.00 tex:3740 mv:7003 misc:1753 icu:7.00 pcu:588.75 scu:700.25 tlayer:4 pbqpoffset:6.53 pbfactor:2.13 avgQpOffsetCutree:0.00;
in:19 out:22 type:b q:24.57 q-aq:25.00 q-noVbv:24.57 q-Rceq:1.00 tex:4584 mv:7568 misc:1840 icu:23.75 pcu:610.75 scu:661.50 tlayer:4 pbqpoffset:6.53 pbfactor:2.13 avgQpOffsetCutree:0.00;
in:22 out:23 type:B q:20.82 q-aq:19.47 q-noVbv:20.82 q-Rceq:1.00 tex:35503 mv:17259 misc:2982 icu:206.50 pcu:616.50 scu:473.00 tlayer:3 pbqpoffset:3.19 pbfactor:1.45 avgQpOffsetCutree:-1.57;
in:21 out:24 type:b q:24.30 q-aq:24.04 q-noVbv:24.30 q-Rceq:1.00 tex:6085 mv:8378 misc:2049 icu:52.50 pcu:601.75 scu:641.75 tlayer:4 pbqpoffset:6.53 pbfactor:2.13 avgQpOffsetCutree:0.00;
in:23 out:25 type:b q:24.02 q-aq:24.02 q-noVbv:24.02 q-Rceq:1.00 tex:6940 mv:7881 misc:2051 icu:65.00 pcu:574.50 scu:656.50 tlayer:4 pbqpoffset:6.53 pbfactor:2.13 avgQpOffsetCutree:0.00;
in:28 out:26 type:B q:18.51 q-aq:14.74 q-noVbv:18.51 q-Rceq:1.00 tex:125199 mv:21415 misc:3178 icu:450.00 pcu:518.75 scu:327.25 tlayer:2 pbqpoffset:1.70 pbfactor:1.22 avgQpOffsetCutree:-3.69;
in:26 out:27 type:B q:20.61 q-aq:18.77 q-noVbv:20.61 q-Rceq:1.00 tex:27189 mv:13874 misc:2569 icu:225.50 pcu:515.00 scu:555.50 tlayer:3 pbqpoffset:3.53 pbfactor:1.50 avgQpOffsetCutree:-1.81;
in:25 out:28 type:b q:23.75 q-aq:24.00 q-noVbv:23.75 q-Rceq:1.00 tex:6488 mv:7243 misc:1789 icu:110.00 pcu:512.75 scu:673.25 tlayer:4 pbqpoffset:6.53 pbfactor:2.13 avgQpOffsetCutree:0.00;
in:27 out:29 type:b q:23.47 q-aq:23.26 q-noVbv:23.47 q-Rceq:1.00 tex:5028 mv:5457 misc:1651 icu:124.50 pcu:385.00 scu:786.50 tlayer:4 pbqpoffset:6.53 pbfactor:2.13 avgQpOffsetCutree:0.00;
in:30 out:30 type:B q:20.06 q-aq:18.20 q-noVbv:20.06 q-Rceq:1.00 tex:40994 mv:9213 misc:2593 icu:275.50 pcu:328.00 scu:692.50 tlayer:3 pbqpoffset:3.53 pbfactor:1.50 avgQpOffsetCutree:-2.02;
in:29 out:31 type:b q:23.19 q-aq:23.00 q-noVbv:23.19 q-Rceq:1.00 tex:4946 mv:4118 misc:1432 icu:107.00 pcu:276.25 scu:912.75 tlayer:4 pbqpoffset:6.53 pbfactor:2.13 avgQpOffsetCutree:0.00;
in:31 out:32 type:b q:22.92 q-aq:23.00 q-noVbv:22.92 q-Rceq:1.00 tex:10914 mv:3035 misc:1635 icu:119.75 pcu:181.75 scu:994.50 tlayer:4 pbqpoffset:6.53 pbfactor:2.13 avgQpOffsetCutree:0.00;
in:48 out:33 type:k q:13.17 q-aq:7.48 q-noVbv:13.17 q-Rceq:1.00 tex:378845 mv:38776 misc:2483 icu:1239.75 pcu:56.25 scu:0.00 tlayer:0 pbqpoffset:0.00 pbfactor:1.00 avgQpOffsetCutree:-6.05;
in:40 out:34 type:B q:16.31 q-aq:10.90 q-noVbv:16.31 q-Rceq:1.00 tex:250993 mv:36974 misc:3137 icu:779.00 pcu:285.75 scu:231.25 tlayer:1 pbqpoffset:1.60 pbfactor:1.20 avgQpOffsetCutree:-5.36;
in:36 out:35 type:B q:17.69 q-aq:14.50 q-noVbv:17.69 q-Rceq:1.00 tex:104839 mv:29904 misc:3369 icu:244.25 pcu:638.75 scu:413.00 tlayer:2 pbqpoffset:2.20 pbfactor:1.29 avgQpOffsetCutree:-3.09;
in:34 out:36 type:B q:19.21 q-aq:17.61 q-noVbv:19.21 q-Rceq:1.00 tex:37709 mv:18040 misc:2939 icu:131.50 pcu:676.75 scu:487.75 tlayer:3 pbqpoffset:3.34 pbfactor:1.47 avgQpOffsetCutree:-1.69;
in:33 out:37 type:b q:22.52 q-aq:22.81 q-noVbv:22.52 q-Rceq:1.00 tex:6399 mv:8089 misc:1960 icu:70.75 pcu:536.25 scu:689.00 tlayer:4 pbqpoffset:6.46 pbfactor:2.11 avgQpOffsetCutree:0.00;
in:35 out:38 type:b q:22.14 q-aq:22.01 q-noVbv:22.14 q-Rceq:1.00 tex:8256 mv:9112 misc:2184 icu:62.00 pcu:568.75 scu:665.25 tlayer:4 pbqpoffset:6.46 pbfactor:2.11 avgQpOffsetCutree:0.00;
in:38 out:39 type:B q:18.56 q-aq:16.79 q-noVbv:18.56 q-Rceq:1.00 tex:39650 mv:20303 misc:3223 icu:47.00 pcu:744.25 scu:504.75 tlayer:3 pbqpoffset:3.46 pbfactor:1.49 avgQpOffsetCutree:-1.79;
in:37 out:40 type:b q:21.75 q-aq:22.00 q-noVbv:21.75 q-Rceq:1.00 tex:5716 mv:8389 misc:1935 icu:9.25 pcu:582.00 scu:704.75 tlayer:4 pbqpoffset:6.46 pbfactor:2.11 avgQpOffsetCutree:0.00;
in:39 out:41 type:b q:21.36 q-aq:21.04 q-noVbv:21.36 q-Rceq:1.00 tex:5091 mv:9139 misc:2018 icu:11.25 pcu:593.25 scu:691.50 tlayer:4 pbqpoffset:6.46 pbfactor:2.11 avgQpOffsetCutree:0.00;
in:44 out:42 type:B q:15.85 q-aq:11.35 q-noVbv:15.85 q-Rceq:1.00 tex:178934 mv:29717 misc:3501 icu:345.75 pcu:569.00 scu:381.25 tlayer:2 pbqpoffset:1.91 pbfactor:1.25 avgQpOffsetCutree:-4.18;
in:42 out:43 type:B q:17.79 q-aq:16.15 q-noVbv:17.79 q-Rceq:1.00 tex:30355 mv:16614 misc:3023 icu:32.00 pcu:592.00 scu:672.00 tlayer:3 pbqpoffset:3.46 pbfactor:1.49 avgQpOffsetCutree:-1.73;
in:41 out:44 type:b q:20.98 q-aq:21.00 q-noVbv:20.98 q-Rceq:1.00 tex:4940 mv:8082 misc:1874 icu:5.00 pcu:584.50 scu:706.50 tlayer:4 pbqpoffset:6.46 pbfactor:2.11 avgQpOffsetCutree:0.00;
in:43 out:45 type:b q:20.59 q-aq:21.00 q-noVbv:20.59 q-Rceq:1.00 tex:3107 mv:6315 misc:1546 icu:3.25 pcu:524.75 scu:768.00 tlayer:4 pbqpoffset:6.46 pbfactor:2.11 avgQpOffsetCutree:0.00;
in:46 out:46 type:B q:17.01 q-aq:14.62 q-noVbv:17.01 q-Rceq:1.00 tex:47854 mv:10231 misc:3131 icu:49.75 pcu:458.25 scu:788.00 tlayer:3 pbqpoffset:3.46 pbfactor:1.49 avgQpOffsetCutree:-2.16;
in:45 out:47 type:b q:20.21 q-aq:20.00 q-noVbv:20.21 q-Rceq:1.00 tex:2811 mv:3977 misc:1220 icu:1.00 pcu:301.25 scu:993.75 tlayer:4 pbqpoffset:6.46 pbfactor:2.11 avgQpOffsetCutree:0.00;
in:47 out:48 type:b q:19.82 q-aq:20.00 q-noVbv:19.82 q-Rceq:1.00 tex:11848 mv:3353 misc:1775 icu:26.25 pcu:209.25 scu:1060.50 tlayer:4 pbqpoffset:6.46 pbfactor:2.11 avgQpOffsetCutree:0.00;
in:64 out:49 type:k q:13.32 q-aq:7.73 q-noVbv:13.32 q-Rceq:1.00 tex:380533 mv:40285 misc:2726 icu:1226.00 pcu:70.00 scu:0.00 tlayer:0 pbqpoffset:0.60 pbfactor:1.07 avgQpOffsetCutree:-5.98;
in:56 out:50 type:B q:14.72 q-aq:9.60 q-noVbv:14.72 q-Rceq:1.00 tex:271017 mv:37847 misc:3328 icu:704.00 pcu:346.75 scu:245.25 tlayer:1 pbqpoffset:1.48 pbfactor:1.19 avgQpOffsetCutree:-5.09;
in:52 out:51 type:B q:15.28 q-aq:11.81 q-noVbv:15.28 q-Rceq:1.00 tex:136810 mv:32934 misc:3592 icu:212.75 pcu:702.00 scu:381.25 tlayer:2 pbqpoffset:2.07 pbfactor:1.27 avgQpOffsetCutree:-3.25;
in:50 out:52 type:B q:16.53 q-aq:15.05 q-noVbv:16.53 q-Rceq:1.00 tex:50843 mv:20818 misc:3219 icu:43.75 pcu:729.00 scu:523.25 tlayer:3 pbqpoffset:3.34 pbfactor:1.47 avgQpOffsetCutree:-1.65;
in:49 out:53 type:b q:19.52 q-aq:19.53 q-noVbv:19.52 q-Rceq:1.00 tex:6543 mv:8006 misc:2027 icu:3.50 pcu:534.00 scu:758.50 tlayer:4 pbqpoffset:6.34 pbfactor:2.08 avgQpOffsetCutree:0.00;
in:51 out:54 type:b q:19.54 q-aq:19.71 q-noVbv:19.54 q-Rceq:1.00 tex:8207 mv:9157 misc:2156 icu:7.50 pcu:611.75 scu:676.75 tlayer:4 pbqpoffset:6.34 pbfactor:2.08 avgQpOffsetCutree:0.00;
in:54 out:55 type:B q:16.56 q-aq:14.93 q-noVbv:16.56 q-Rceq:1.00 tex:48420 mv:22668 misc:3368 icu:44.00 pcu:793.75 scu:458.25 tlayer:3 pbqpoffset:3.34 pbfactor:1.47 avgQpOffsetCutree:-1.75;
in:53 out:56 type:b q:19.55 q-aq:19.76 q-noVbv:19.55 q-Rceq:1.00 tex:8316 mv:9138 misc:2266 icu:7.25 pcu:563.25 scu:725.50 tlayer:4 pbqpoffset:6.34 pbfactor:2.08 avgQpOffsetCutree:0.00;
in:55 out:57 type:b q:19.57 q-aq:19.94 q-noVbv:19.57 q-Rceq:1.00 tex:6824 mv:8972 misc:2140 icu:5.25 pcu:595.25 scu:695.50 tlayer:4 pbqpoffset:6.34 pbfactor:2.08 avgQpOffsetCutree:0.00;
in:60 out:58 type:B q:14.99 q-aq:11.00 q-noVbv:14.99 q-Rceq:1.00 tex:193751 mv:31516 misc:3533 icu:423.25 pcu:554.25 scu:318.50 tlayer:2 pbqpoffset:1.71 pbfactor:1.22 avgQpOffsetCutree:-3.82;
in:58 out:59 type:B q:16.60 q-aq:14.75 q-noVbv:16.60 q-Rceq:1.00 tex:47498 mv:22050 misc:3284 icu:52.25 pcu:756.75 scu:487.00 tlayer:3 pbqpoffset:3.34 pbfactor:1.47 avgQpOffsetCutree:-1.83;
in:57 out:60 type:b q:19.59 q-aq:19.93 q-noVbv:19.59 q-Rceq:1.00 tex:6830 mv:8495 misc:2035 icu:12.00 pcu:655.50 scu:628.50 tlayer:4 pbqpoffset:6.34 pbfactor:2.08 avgQpOffsetCutree:0.00;
in:59 out:61 type:b q:19.61 q-aq:20.00 q-noVbv:19.61 q-Rceq:1.00 tex:6416 mv:8109 misc:2043 icu:8.75 pcu:620.25 scu:667.00 tlayer:4 pbqpoffset:6.34 pbfactor:2.08 avgQpOffsetCutree:0.00;
in:62 out:62 type:B q:16.64 q-aq:14.49 q-noVbv:16.64 q-Rceq:1.00 tex:57749 mv:14294 misc:3413 icu:86.50 pcu:662.50 scu:547.00 tlayer:3 pbqpoffset:3.34 pbfactor:1.47 avgQpOffsetCutree:-2.10;
in:61 out:63 type:b q:19.63 q-aq:20.00 q-noVbv:19.63 q-Rceq:1.00 tex:3010 mv:5534 misc:1680 icu:7.00 pcu:452.00 scu:837.00 tlayer:4 pbqpoffset:6.34 pbfactor:2.08 avgQpOffsetCutree:0.00;
in:63 out:64 type:b q:19.65 q-aq:20.00 q-noVbv:19.65 q-Rceq:1.00 tex:7546 mv:4153 misc:1909 icu:27.75 pcu:330.00 scu:938.25 tlayer:4 pbqpoffset:6.34 pbfactor:2.08 avgQpOffsetCutree:0.00;
in:80 out:65 type:k q:13.75 q-aq:8.03 q-noVbv:13.75 q-Rceq:1.00 tex:358737 mv:37274 misc:2877 icu:1191.25 pcu:102.25 scu:2.50 tlayer:0 pbqpoffset:0.53 pbfactor:1.06 avgQpOffsetCutree:-6.12;
in:72 out:66 type:B q:14.96 q-aq:10.23 q-noVbv:14.96 q-Rceq:1.00 tex:261191 mv:37097 misc:3160 icu:763.00 pcu:309.75 scu:223.25 tlayer:1 pbqpoffset:1.42 pbfactor:1.18 avgQpOffsetCutree:-4.89;
in:68 out:67 type:B q:15.26 q-aq:11.99 q-noVbv:15.26 q-Rceq:1.00 tex:142788 mv:33523 misc:3449 icu:291.00 pcu:681.25 scu:323.75 tlayer:2 pbqpoffset:1.83 pbfactor:1.24 avgQpOffsetCutree:-3.16;
in:66 out:68 type:B q:16.66 q-aq:15.07 q-noVbv:16.66 q-Rceq:1.00 tex:45535 mv:21369 misc:3344 icu:55.75 pcu:790.75 scu:449.50 tlayer:3 pbqpoffset:3.29 pbfactor:1.46 avgQpOffsetCutree:-1.64;
in:65 out:69 type:b q:19.63 q-aq:19.99 q-noVbv:19.63 q-Rceq:1.00 tex:5952 mv:7861 misc:1915 icu:8.50 pcu:603.50 scu:684.00 tlayer:4 pbqpoffset:6.29 pbfactor:2.07 avgQpOffsetCutree:0.00;
in:67 out:70 type:b q:19.69 q-aq:20.00 q-noVbv:19.69 q-Rceq:1.00 tex:8851 mv:10315 misc:2250 icu:24.75 pcu:669.00 scu:602.25 tlayer:4 pbqpoffset:6.29 pbfactor:2.07 avgQpOffsetCutree:0.00;
in:70 out:71 type:B q:16.47 q-aq:14.85 q-noVbv:16.47 q-Rceq:1.00 tex:62731 mv:23048 misc:3309 icu:153.75 pcu:730.50 scu:411.75 tlayer:3 pbqpoffset:2.99 pbfactor:1.41 avgQpOffsetCutree:-1.68;
in:69 out:72 type:b q:19.74 q-aq:20.00 q-noVbv:19.74 q-Rceq:1.00 tex:10141 mv:9648 misc:2019 icu:27.50 pcu:655.00 scu:613.50 tlayer:4 pbqpoffset:6.29 pbfactor:2.07 avgQpOffsetCutree:0.00;
in:71 out:73 type:b q:19.79 q-aq:20.00 q-noVbv:19.79 q-Rceq:1.00 tex:8856 mv:9901 misc:2131 icu:47.50 pcu:555.50 scu:693.00 tlayer:4 pbqpoffset:6.29 pbfactor:2.07 avgQpOffsetCutree:0.00;
in:76 out:74 type:B q:15.26 q-aq:11.36 q-noVbv:15.26 q-Rceq:1.00 tex:173398 mv:26485 misc:3485 icu:436.75 pcu:519.75 scu:339.50 tlayer:2 pbqpoffset:1.62 pbfactor:1.21 avgQpOffsetCutree:-3.79;
in:74 out:75 type:B q:16.87 q-aq:15.60 q-noVbv:16.87 q-Rceq:1.00 tex:43059 mv:17804 misc:2969 icu:137.75 pcu:580.50 scu:577.75 tlayer:3 pbqpoffset:3.29 pbfactor:1.46 avgQpOffsetCutree:-1.57;
in:73 out:76 type:b q:19.85 q-aq:20.02 q-noVbv:19.85 q-Rceq:1.00 tex:8322 mv:8678 misc:2056 icu:45.00 pcu:532.00 scu:719.00 tlayer:4 pbqpoffset:6.29 pbfactor:2.07 avgQpOffsetCutree:0.00;
in:75 out:77 type:b q:19.90 q-aq:20.00 q-noVbv:19.90 q-Rceq:1.00 tex:5766 mv:7121 misc:1753 icu:42.25 pcu:495.25 scu:758.50 tlayer:4 pbqpoffset:6.29 pbfactor:2.07 avgQpOffsetCutree:0.00;
in:78 out:78 type:B q:16.98 q-aq:15.04 q-noVbv:16.98 q-Rceq:1.00 tex:57698 mv:12183 misc:3135 icu:186.00 pcu:424.50 scu:685.50 tlayer:3 pbqpoffset:3.29 pbfactor:1.46 avgQpOffsetCutree:-2.10;
in:77 out:79 type:b q:19.96 q-aq:20.03 q-noVbv:19.96 q-Rceq:1.00 tex:6850 mv:5156 misc:1634 icu:72.25 pcu:391.75 scu:832.00 tlayer:4 pbqpoffset:6.29 pbfactor:2.07 avgQpOffsetCutree:0.00;
in:79 out:80 type:b q:20.01 q-aq:20.00 q-noVbv:20.01 q-Rceq:1.00 tex:11556 mv:3853 misc:1807 icu:82.25 pcu:251.00 scu:962.75 tlayer:4 pbqpoffset:6.29 pbfactor:2.07 avgQpOffsetCutree:0.00;
in:96 out:81 type:k q:13.66 q-aq:7.78 q-noVbv:13.66 q-Rceq:1.00 tex:368691 mv:37541 misc:2920 icu:1153.50 pcu:131.00 scu:11.50 tlayer:0 pbqpoffset:0.46 pbfactor:1.05 avgQpOffsetCutree:-6.26;
in:88 out:82 type:B q:15.12 q-aq:9.94 q-noVbv:15.12 q-Rceq:1.00 tex:272774 mv:34583 misc:3147 icu:759.00 pcu:267.75 scu:269.25 tlayer:1 pbqpoffset:1.42 pbfactor:1.18 avgQpOffsetCutree:-5.17;
in:84 out:83 type:B q:15.90 q-aq:12.48 q-noVbv:15.90 q-Rceq:1.00 tex:125922 mv:31859 misc:3539 icu:196.75 pcu:736.25 scu:363.00 tlayer:2 pbqpoffset:2.17 pbfactor:1.28 avgQpOffsetCutree:-3.32;
in:82 out:84 type:B q:17.02 q-aq:15.48 q-noVbv:17.02 q-Rceq:1.00 tex:43649 mv:20031 misc:3160 icu:55.50 pcu:704.75 scu:535.75 tlayer:3 pbqpoffset:3.28 pbfactor:1.46 avgQpOffsetCutree:-1.62;
in:81 out:85 type:b q:20.03 q-aq:20.00 q-noVbv:20.03 q-Rceq:1.00 tex:6308 mv:8004 misc:1888 icu:14.75 pcu:578.25 scu:703.00 tlayer:4 pbqpoffset:6.28 pbfactor:2.07 avgQpOffsetCutree:0.00;
in:83 out:86 type:b q:20.02 q-aq:20.01 q-noVbv:20.02 q-Rceq:1.00 tex:7933 mv:8752 misc:2115 icu:22.50 pcu:620.00 scu:653.50 tlayer:4 pbqpoffset:6.28 pbfactor:2.07 avgQpOffsetCutree:0.00;
in:86 out:87 type:B q:17.00 q-aq:15.65 q-noVbv:17.00 q-Rceq:1.00 tex:44819 mv:21882 misc:3067 icu:39.25 pcu:742.00 scu:514.75 tlayer:3 pbqpoffset:3.28 pbfactor:1.46 avgQpOffsetCutree:-1.66;
in:85 out:88 type:b q:20.00 q-aq:20.01 q-noVbv:20.00 q-Rceq:1.00 tex:6815 mv:9018 misc:2167 icu:3.25 pcu:591.75 scu:701.00 tlayer:4 pbqpoffset:6.28 pbfactor:2.07 avgQpOffsetCutree:0.00;
in:87 out:89 type:b q:19.99 q-aq:20.00 q-noVbv:19.99 q-Rceq:1.00 tex:6383 mv:9927 misc:2098 icu:7.75 pcu:627.75 scu:660.50 tlayer:4 pbqpoffset:6.28 pbfactor:2.07 avgQpOffsetCutree:0.00;
in:92 out:90 type:B q:15.45 q-aq:11.31 q-noVbv:15.45 q-Rceq:1.00 tex:187123 mv:29992 misc:3373 icu:371.75 pcu:607.75 scu:316.50 tlayer:2 pbqpoffset:1.76 pbfactor:1.23 avgQpOffsetCutree:-4.05;
in:90 out:91 type:B q:16.98 q-aq:15.47 q-noVbv:16.98 q-Rceq:1.00 tex:38977 mv:20623 misc:3096 icu:43.75 pcu:730.50 scu:521.75 tlayer:3 pbqpoffset:3.28 pbfactor:1.46 avgQpOffsetCutree:-1.69;
in:89 out:92 type:b q:19.98 q-aq:20.00 q-noVbv:19.98 q-Rceq:1.00 tex:5145 mv:8686 misc:2025 icu:14.00 pcu:612.50 scu:669.50 tlayer:4 pbqpoffset:6.28 pbfactor:2.07 avgQpOffsetCutree:0.00;
in:91 out:93 type:b q:19.97 q-aq:20.00 q-noVbv:19.97 q-Rceq:1.00 tex:4605 mv:7373 misc:1758 icu:4.00 pcu:592.25 scu:699.75 tlayer:4 pbqpoffset:6.28 pbfactor:2.07 avgQpOffsetCutree:0.00;
in:94 out:94 type:B q:16.95 q-aq:14.84 q-noVbv:16.95 q-Rceq:1.00 tex:52413 mv:12530 misc:3361 icu:58.75 pcu:593.00 scu:644.25 tlayer:3 pbqpoffset:3.28 pbfactor:1.46 avgQpOffsetCutree:-2.12;
in:93 out:95 type:b q:19.96 q-aq:20.00 q-noVbv:19.96 q-Rceq:1.00 tex:3007 mv:4721 misc:1392 icu:2.75 pcu:467.75 scu:825.50 tlayer:4 pbqpoffset:6.28 pbfactor:2.07 avgQpOffsetCutree:0.00;
in:95 out:96 type:b q:19.95 q-aq:20.00 q-noVbv:19.95 q-Rceq:1.00 tex:7509 mv:3661 misc:1638 icu:13.50 pcu:308.25 scu:974.25 tlayer:4 pbqpoffset:6.28 pbfactor:2.07 avgQpOffsetCutree:0.00;
in:112 out:97 type:k q:13.89 q-aq:7.87 q-noVbv:13.89 q-Rceq:1.00 tex:366736 mv:38132 misc:2740 icu:1198.00 pcu:97.25 scu:0.75 tlayer:0 pbqpoffset:0.68 pbfactor:1.08 avgQpOffsetCutree:-6.31;
in:104 out:98 type:B q:15.18 q-aq:9.88 q-noVbv:15.18 q-Rceq:1.00 tex:270313 mv:36303 misc:3208 icu:725.00 pcu:337.00 scu:234.00 tlayer:1 pbqpoffset:1.41 pbfactor:1.18 avgQpOffsetCutree:-5.14;
in:100 out:99 type:B q:16.16 q-aq:12.67 q-noVbv:16.16 q-Rceq:1.00 tex:119455 mv:31720 misc:3513 icu:202.00 pcu:732.00 scu:362.00 tlayer:2 pbqpoffset:2.44 pbfactor:1.33 avgQpOffsetCutree:-3.27;
in:98 out:100 type:B q:16.96 q-aq:15.27 q-noVbv:16.96 q-Rceq:1.00 tex:37698 mv:20696 misc:3318 icu:37.00 pcu:727.50 scu:531.50 tlayer:3 pbqpoffset:3.27 pbfactor:1.46 avgQpOffsetCutree:-1.64;
in:97 out:101 type:b q:19.95 q-aq:20.00 q-noVbv:19.95 q-Rceq:1.00 tex:4633 mv:8109 misc:1850 icu:3.25 pcu:604.75 scu:688.00 tlayer:4 pbqpoffset:6.27 pbfactor:2.06 avgQpOffsetCutree:0.00;
in:99 out:102 type:b q:19.97 q-aq:20.00 q-noVbv:19.97 q-Rceq:1.00 tex:5609 mv:9107 misc:2036 icu:10.25 pcu:703.75 scu:582.00 tlayer:4 pbqpoffset:6.27 pbfactor:2.06 avgQpOffsetCutree:0.00;
in:102 out:103 type:B q:17.02 q-aq:15.44 q-noVbv:17.02 q-Rceq:1.00 tex:41911 mv:21629 misc:3252 icu:39.75 pcu:794.25 scu:462.00 tlayer:3 pbqpoffset:3.27 pbfactor:1.46 avgQpOffsetCutree:-1.77;
in:101 out:104 type:b q:20.00 q-aq:20.00 q-noVbv:20.00 q-Rceq:1.00 tex:6264 mv:8975 misc:1889 icu:7.50 pcu:662.00 scu:626.50 tlayer:4 pbqpoffset:6.27 pbfactor:2.06 avgQpOffsetCutree:0.00;
in:103 out:105 type:b q:20.03 q-aq:20.00 q-noVbv:20.03 q-Rceq:1.00 tex:6545 mv:9504 misc:2063 icu:2.75 pcu:635.00 scu:658.25 tlayer:4 pbqpoffset:6.27 pbfactor:2.06 avgQpOffsetCutree:0.00;
in:108 out:106 type:B q:15.56 q-aq:11.51 q-noVbv:15.56 q-Rceq:1.00 tex:182993 mv:30928 misc:3455 icu:427.50 pcu:562.50 scu:306.00 tlayer:2 pbqpoffset:1.72 pbfactor:1.22 avgQpOffsetCutree:-3.92;
in:106 out:107 type:B q:17.08 q-aq:15.76 q-noVbv:17.08 q-Rceq:1.00 tex:41892 mv:21442 misc:3450 icu:63.00 pcu:756.50 scu:476.50 tlayer:3 pbqpoffset:3.27 pbfactor:1.46 avgQpOffsetCutree:-1.55;
in:105 out:108 type:b q:20.06 q-aq:20.00 q-noVbv:20.06 q-Rceq:1.00 tex:6896 mv:9070 misc:2050 icu:11.50 pcu:583.00 scu:701.50 tlayer:4 pbqpoffset:6.27 pbfactor:2.06 avgQpOffsetCutree:0.00;
in:107 out:109 type:b q:20.09 q-aq:20.00 q-noVbv:20.09 q-Rceq:1.00 tex:6565 mv:9431 misc:2020 icu:12.75 pcu:643.50 scu:639.75 tlayer:4 pbqpoffset:6.27 pbfactor:2.06 avgQpOffsetCutree:0.00;
in:110 out:110 type:B q:17.13 q-aq:14.93 q-noVbv:17.13 q-Rceq:1.00 tex:45793 mv:12186 misc:3125 icu:106.50 pcu:454.75 scu:734.75 tlayer:3 pbqpoffset:3.27 pbfactor:1.46 avgQpOffsetCutree:-2.18;
in:109 out:111 type:b q:20.12 q-aq:20.00 q-noVbv:20.12 q-Rceq:1.00 tex:3388 mv:5282 misc:1642 icu:7.25 pcu:414.50 scu:874.25 tlayer:4 pbqpoffset:6.27 pbfactor:2.06 avgQpOffsetCutree:0.00;
in:111 out:112 type:b q:20.15 q-aq:20.02 q-noVbv:20.15 q-Rceq:1.00 tex:10494 mv:3930 misc:1920 icu:28.50 pcu:315.25 scu:952.25 tlayer:4 pbqpoffset:6.27 pbfactor:2.06 avgQpOffsetCutree:0.00;
in:128 out:113 type:k q:14.01 q-aq:8.09 q-noVbv:14.01 q-Rceq:1.00 tex:362842 mv:39117 misc:2777 icu:1170.00 pcu:113.25 scu:12.75 tlayer:0 pbqpoffset:0.52 pbfactor:1.06 avgQpOffsetCutree:-6.32;
in:120 out:114 type:B q:15.37 q-aq:9.91 q-noVbv:15.37 q-Rceq:1.00 tex:252777 mv:34837 misc:3066 icu:634.50 pcu:404.50 scu:257.00 tlayer:1 pbqpoffset:1.42 pbfactor:1.18 avgQpOffsetCutree:-5.30;
in:116 out:115 type:B q:16.05 q-aq:12.48 q-noVbv:16.05 q-Rceq:1.00 tex:112272 mv:29583 misc:3209 icu:201.75 pcu:722.75 scu:371.50 tlayer:2 pbqpoffset:2.13 pbfactor:1.28 avgQpOffsetCutree:-3.28;
in:114 out:116 type:B q:17.19 q-aq:15.66 q-noVbv:17.19 q-Rceq:1.00 tex:38882 mv:19647 misc:3047 icu:46.50 pcu:669.00 scu:580.50 tlayer:3 pbqpoffset:3.28 pbfactor:1.46 avgQpOffsetCutree:-1.72;
in:113 out:117 type:b q:20.18 q-aq:20.00 q-noVbv:20.18 q-Rceq:1.00 tex:6906 mv:8588 misc:1986 icu:9.75 pcu:572.25 scu:714.00 tlayer:4 pbqpoffset:6.28 pbfactor:2.07 avgQpOffsetCutree:0.00;
in:115 out:118 type:b q:20.20 q-aq:20.03 q-noVbv:20.20 q-Rceq:1.00 tex:7326 mv:9249 misc:2153 icu:8.75 pcu:628.75 scu:658.50 tlayer:4 pbqpoffset:6.28 pbfactor:2.07 avgQpOffsetCutree:0.00;
in:118 out:119 type:B q:17.22 q-aq:15.87 q-noVbv:17.22 q-Rceq:1.00 tex:36196 mv:19375 misc:3029 icu:48.75 pcu:726.50 scu:520.75 tlayer:3 pbqpoffset:3.28 pbfactor:1.46 avgQpOffsetCutree:-1.58;
in:117 out:120 type:b q:20.21 q-aq:20.00 q-noVbv:20.21 q-Rceq:1.00 tex:7040 mv:8716 misc:1916 icu:11.50 pcu:546.75 scu:737.75 tlayer:4 pbqpoffset:6.28 pbfactor:2.07 avgQpOffsetCutree:0.00;
in:119 out:121 type:b q:20.23 q-aq:20.05 q-noVbv:20.23 q-Rceq:1.00 tex:6534 mv:8347 misc:1911 icu:8.00 pcu:577.50 scu:710.50 tlayer:4 pbqpoffset:6.28 pbfactor:2.07 avgQpOffsetCutree:0.00;
in:124 out:122 type:B q:15.82 q-aq:11.40 q-noVbv:15.82 q-Rceq:1.00 tex:161768 mv:28018 misc:3238 icu:333.25 pcu:587.00 scu:375.75 tlayer:2 pbqpoffset:1.84 pbfactor:1.24 avgQpOffsetCutree:-4.18;
in:122 out:123 type:B q:17.25 q-aq:15.60 q-noVbv:17.25 q-Rceq:1.00 tex:32193 mv:16592 misc:2783 icu:53.50 pcu:568.50 scu:674.00 tlayer:3 pbqpoffset:3.28 pbfactor:1.46 avgQpOffsetCutree:-1.84;
in:121 out:124 type:b q:20.24 q-aq:20.01 q-noVbv:20.24 q-Rceq:1.00 tex:6548 mv:7974 misc:1966 icu:16.25 pcu:613.25 scu:666.50 tlayer:4 pbqpoffset:6.28 pbfactor:2.07 avgQpOffsetCutree:0.00;
in:123 out:125 type:b q:20.26 q-aq:20.01 q-noVbv:20.26 q-Rceq:1.00 tex:3722 mv:6017 misc:1613 icu:6.75 pcu:475.75 scu:813.50 tlayer:4 pbqpoffset:6.28 pbfactor:2.07 avgQpOffsetCutree:0.00;
in:126 out:126 type:B q:17.28 q-aq:15.02 q-noVbv:17.28 q-Rceq:1.00 tex:34928 mv:9510 misc:2858 icu:62.00 pcu:380.00 scu:854.00 tlayer:3 pbqpoffset:3.28 pbfactor:1.46 avgQpOffsetCutree:-2.17;
in:125 out:127 type:b q:20.27 q-aq:20.00 q-noVbv:20.27 q-Rceq:1.00 tex:2526 mv:3362 misc:1216 icu:1.25 pcu:255.50 scu:1039.25 tlayer:4 pbqpoffset:6.28 pbfactor:2.07 avgQpOffsetCutree:0.00;
in:127 out:128 type:b q:20.28 q-aq:20.07 q-noVbv:20.28 q-Rceq:1.00 tex:7234 mv:3225 misc:1589 icu:21.00 pcu:216.00 scu:1059.00 tlayer:4 pbqpoffset:6.28 pbfactor:2.07 avgQpOffsetCutree:0.00;
in:144 out:129 type:k q:13.92 q-aq:8.01 q-noVbv:13.92 q-Rceq:1.00 tex:377490 mv:40142 misc:2824 icu:1168.25 pcu:123.25 scu:4.50 tlayer:0 pbqpoffset:0.53 pbfactor:1.06 avgQpOffsetCutree:-6.25;
in:136 out:130 type:B q:15.40 q-aq:9.99 q-noVbv:15.40 q-Rceq:1.00 tex:247397 mv:31513 misc:3274 icu:575.00 pcu:420.50 scu:300.50 tlayer:1 pbqpoffset:1.44 pbfactor:1.18 avgQpOffsetCutree:-5.27;
in:132 out:131 type:B q:16.38 q-aq:12.88 q-noVbv:16.38 q-Rceq:1.00 tex:103598 mv:26952 misc:3306 icu:171.00 pcu:643.00 scu:482.00 tlayer:2 pbqpoffset:2.39 pbfactor:1.32 avgQpOffsetCutree:-3.21;
in:130 out:132 type:B q:17.30 q-aq:15.88 q-noVbv:17.30 q-Rceq:1.00 tex:37230 mv:18351 misc:2907 icu:58.25 pcu:660.25 scu:577.50 tlayer:3 pbqpoffset:3.30 pbfactor:1.46 avgQpOffsetCutree:-1.61;
in:129 out:133 type:b q:20.30 q-aq:20.01 q-noVbv:20.30 q-Rceq:1.00 tex:5941 mv:7661 misc:1854 icu:6.00 pcu:525.25 scu:764.75 tlayer:4 pbqpoffset:6.30 pbfactor:2.07 avgQpOffsetCutree:0.00;
in:131 out:134 type:b q:20.29 q-aq:20.01 q-noVbv:20.29 q-Rceq:1.00 tex:6787 mv:8634 misc:1955 icu:9.50 pcu:565.50 scu:721.00 tlayer:4 pbqpoffset:6.30 pbfactor:2.07 avgQpOffsetCutree:0.00;
in:134 out:135 type:B q:17.28 q-aq:15.67 q-noVbv:17.28 q-Rceq:1.00 tex:38531 mv:18344 misc:3029 icu:55.25 pcu:705.50 scu:535.25 tlayer:3 pbqpoffset:3.30 pbfactor:1.46 avgQpOffsetCutree:-1.74;
in:133 out:136 type:b q:20.28 q-aq:20.00 q-noVbv:20.28 q-Rceq:1.00 tex:6789 mv:8362 misc:2001 icu:13.75 pcu:573.75 scu:708.50 tlayer:4 pbqpoffset:6.30 pbfactor:2.07 avgQpOffsetCutree:0.00;
in:135 out:137 type:b q:20.27 q-aq:20.02 q-noVbv:20.27 q-Rceq:1.00 tex:6639 mv:8200 misc:1889 icu:12.25 pcu:568.00 scu:715.75 tlayer:4 pbqpoffset:6.30 pbfactor:2.07 avgQpOffsetCutree:0.00;
in:140 out:138 type:B q:15.89 q-aq:11.40 q-noVbv:15.89 q-Rceq:1.00 tex:162499 mv:27536 misc:3469 icu:330.75 pcu:577.50 scu:387.75 tlayer:2 pbqpoffset:1.95 pbfactor:1.25 avgQpOffsetCutree:-4.15;
in:138 out:139 type:B q:17.25 q-aq:16.02 q-noVbv:17.25 q-Rceq:1.00 tex:34508 mv:16981 misc:2711 icu:47.00 pcu:709.00 scu:540.00 tlayer:3 pbqpoffset:3.30 pbfactor:1.46 avgQpOffsetCutree:-1.58;
in:137 out:140 type:b q:20.26 q-aq:20.03 q-noVbv:20.26 q-Rceq:1.00 tex:5697 mv:7730 misc:1805 icu:10.25 pcu:553.25 scu:732.50 tlayer:4 pbqpoffset:6.30 pbfactor:2.07 avgQpOffsetCutree:0.00;
in:139 out:141 type:b q:20.25 q-aq:20.01 q-noVbv:20.25 q-Rceq:1.00 tex:5477 mv:7711 misc:1828 icu:5.25 pcu:512.50 scu:778.25 tlayer:4 pbqpoffset:6.30 pbfactor:2.07 avgQpOffsetCutree:0.00;
in:142 out:142 type:B q:17.23 q-aq:15.01 q-noVbv:17.23 q-Rceq:1.00 tex:40564 mv:10500 misc:2888 icu:66.00 pcu:426.00 scu:804.00 tlayer:3 pbqpoffset:3.30 pbfactor:1.46 avgQpOffsetCutree:-2.17;
in:141 out:143 type:b q:20.24 q-aq:20.00 q-noVbv:20.24 q-Rceq:1.00 tex:2516 mv:4304 misc:1252 icu:0.50 pcu:352.75 scu:942.75 tlayer:4 pbqpoffset:6.30 pbfactor:2.07 avgQpOffsetCutree:0.00;
in:143 out:144 type:b q:20.22 q-aq:20.03 q-noVbv:20.22 q-Rceq:1.00 tex:6778 mv:2685 misc:1449 icu:17.00 pcu:185.50 scu:1093.50 tlayer:4 pbqpoffset:6.30 pbfactor:2.07 avgQpOffsetCutree:0.00;
in:160 out:145 type:k q:13.92 q-aq:7.92 q-noVbv:13.92 q-Rceq:1.00 tex:368842 mv:39224 misc:2838 icu:1169.75 pcu:112.50 scu:13.75 tlayer:0 pbqpoffset:0.39 pbfactor:1.05 avgQpOffsetCutree:-6.39;
in:152 out:146 type:B q:15.36 q-aq:9.65 q-noVbv:15.36 q-Rceq:1.00 tex:251341 mv:33778 misc:3353 icu:573.50 pcu:403.25 scu:319.25 tlayer:1 pbqpoffset:1.44 pbfactor:1.18 avgQpOffsetCutree:-5.44;
in:148 out:147 type:B q:16.07 q-aq:12.62 q-noVbv:16.07 q-Rceq:1.00 tex:114579 mv:28112 misc:3413 icu:214.50 pcu:647.25 scu:434.25 tlayer:2 pbqpoffset:2.15 pbfactor:1.28 avgQpOffsetCutree:-3.35;
in:146 out:148 type:B q:17.22 q-aq:15.81 q-noVbv:17.22 q-Rceq:1.00 tex:43540 mv:18700 misc:2920 icu:56.00 pcu:647.00 scu:593.00 tlayer:3 pbqpoffset:3.30 pbfactor:1.46 avgQpOffsetCutree:-1.72;
in:145 out:149 type:b q:20.22 q-aq:20.08 q-noVbv:20.22 q-Rceq:1.00 tex:8750 mv:8788 misc:2022 icu:12.25 pcu:557.00 scu:726.75 tlayer:4 pbqpoffset:6.30 pbfactor:2.07 avgQpOffsetCutree:0.00;
in:147 out:150 type:b q:20.22 q-aq:20.05 q-noVbv:20.22 q-Rceq:1.00 tex:8940 mv:8797 misc:2119 icu:17.75 pcu:555.25 scu:723.00 tlayer:4 pbqpoffset:6.30 pbfactor:2.07 avgQpOffsetCutree:0.00;
in:150 out:151 type:B q:17.22 q-aq:15.79 q-noVbv:17.22 q-Rceq:1.00 tex:41877 mv:18554 misc:3153 icu:65.50 pcu:613.25 scu:617.25 tlayer:3 pbqpoffset:3.30 pbfactor:1.46 avgQpOffsetCutree:-1.72;
in:149 out:152 type:b q:20.22 q-aq:20.04 q-noVbv:20.22 q-Rceq:1.00 tex:9000 mv:9340 misc:2100 icu:18.75 pcu:569.00 scu:708.25 tlayer:4 pbqpoffset:6.30 pbfactor:2.07 avgQpOffsetCutree:0.00;
in:151 out:153 type:b q:20.22 q-aq:20.01 q-noVbv:20.22 q-Rceq:1.00 tex:7208 mv:8721 misc:1991 icu:13.50 pcu:525.00 scu:757.50 tlayer:4 pbqpoffset:6.30 pbfactor:2.07 avgQpOffsetCutree:0.00;
in:156 out:154 type:B q:15.92 q-aq:11.68 q-noVbv:15.92 q-Rceq:1.00 tex:148884 mv:25109 misc:3255 icu:301.25 pcu:548.25 scu:446.50 tlayer:2 pbqpoffset:2.01 pbfactor:1.26 avgQpOffsetCutree:-4.23;
in:154 out:155 type:B q:17.22 q-aq:16.02 q-noVbv:17.22 q-Rceq:1.00 tex:28386 mv:14914 misc:2764 icu:42.75 pcu:524.75 scu:728.50 tlayer:3 pbqpoffset:3.30 pbfactor:1.46 avgQpOffsetCutree:-1.72;
in:153 out:156 type:b q:20.22 q-aq:20.02 q-noVbv:20.22 q-Rceq:1.00 tex:6946 mv:7881 misc:1981 icu:18.00 pcu:571.25 scu:706.75 tlayer:4 pbqpoffset:6.30 pbfactor:2.07 avgQpOffsetCutree:0.00;
in:155 out:157 type:b q:20.22 q-aq:20.01 q-noVbv:20.22 q-Rceq:1.00 tex:2986 mv:4806 misc:1408 icu:2.75 pcu:364.25 scu:929.00 tlayer:4 pbqpoffset:6.30 pbfactor:2.07 avgQpOffsetCutree:0.00;
in:158 out:158 type:B q:17.22 q-aq:15.34 q-noVbv:17.22 q-Rceq:1.00 tex:36653 mv:8953 misc:2722 icu:76.25 pcu:342.50 scu:877.25 tlayer:3 pbqpoffset:3.30 pbfactor:1.46 avgQpOffsetCutree:-2.05;
in:157 out:159 type:b q:20.19 q-aq:20.00 q-noVbv:20.19 q-Rceq:1.00 tex:1576 mv:3247 misc:1265 icu:1.00 pcu:274.00 scu:1021.00 tlayer:4 pbqpoffset:6.28 pbfactor:2.06 avgQpOffsetCutree:0.00;
in:159 out:160 type:b q:20.22 q-aq:20.01 q-noVbv:20.22 q-Rceq:1.00 tex:6559 mv:2435 misc:1462 icu:7.25 pcu:204.25 scu:1084.50 tlayer:4 pbqpoffset:6.30 pbfactor:2.07 avgQpOffsetCutree:0.00;
in:176 out:161 type:k q:13.92 q-aq:7.79 q-noVbv:13.92 q-Rceq:1.00 tex:372628 mv:38147 misc:2721 icu:1141.25 pcu:148.75 scu:6.00 tlayer:0 pbqpoffset:0.29 pbfactor:1.03 avgQpOffsetCutree:-6.44;
in:168 out:162 type:B q:15.33 q-aq:9.78 q-noVbv:15.33 q-Rceq:1.00 tex:242163 mv:30964 misc:3289 icu:548.25 pcu:384.25 scu:363.50 tlayer:1 pbqpoffset:1.41 pbfactor:1.18 avgQpOffsetCutree:-5.34;
in:164 out:163 type:B q:16.00 q-aq:12.49 q-noVbv:16.00 q-Rceq:1.00 tex:110251 mv:25677 misc:3160 icu:202.00 pcu:610.75 scu:483.25 tlayer:2 pbqpoffset:2.08 pbfactor:1.27 avgQpOffsetCutree:-3.35;
in:162 out:164 type:B q:17.19 q-aq:15.61 q-noVbv:17.19 q-Rceq:1.00 tex:40174 mv:16216 misc:2898 icu:40.50 pcu:655.25 scu:600.25 tlayer:3 pbqpoffset:3.27 pbfactor:1.46 avgQpOffsetCutree:-1.78;
in:161 out:165 type:b q:20.19 q-aq:20.00 q-noVbv:20.19 q-Rceq:1.00 tex:7095 mv:7781 misc:1876 icu:9.25 pcu:514.50 scu:772.25 tlayer:4 pbqpoffset:6.27 pbfactor:2.06 avgQpOffsetCutree:0.00;
in:163 out:166 type:b q:20.19 q-aq:20.00 q-noVbv:20.19 q-Rceq:1.00 tex:7806 mv:8282 misc:1920 icu:8.25 pcu:560.50 scu:727.25 tlayer:4 pbqpoffset:6.27 pbfactor:2.06 avgQpOffsetCutree:0.00;
in:166 out:167 type:B q:17.19 q-aq:15.81 q-noVbv:17.19 q-Rceq:1.00 tex:41117 mv:17827 misc:2824 icu:68.50 pcu:630.75 scu:596.75 tlayer:3 pbqpoffset:3.27 pbfactor:1.46 avgQpOffsetCutree:-1.68;
in:165 out:168 type:b q:20.19 q-aq:20.02 q-noVbv:20.19 q-Rceq:1.00 tex:8621 mv:8514 misc:1993 icu:20.00 pcu:592.50 scu:683.50 tlayer:4 pbqpoffset:6.27 pbfactor:2.06 avgQpOffsetCutree:0.00;
in:167 out:169 type:b q:20.19 q-aq:20.01 q-noVbv:20.19 q-Rceq:1.00 tex:7980 mv:7469 misc:1823 icu:5.50 pcu:555.00 scu:735.50 tlayer:4 pbqpoffset:6.27 pbfactor:2.06 avgQpOffsetCutree:0.00;
in:172 out:170 type:B q:15.77 q-aq:11.55 q-noVbv:15.77 q-Rceq:1.00 tex:153417 mv:24941 misc:3194 icu:292.00 pcu:526.00 scu:478.00 tlayer:2 pbqpoffset:1.85 pbfactor:1.24 avgQpOffsetCutree:-3.99;
in:170 out:171 type:B q:17.19 q-aq:15.57 q-noVbv:17.19 q-Rceq:1.00 tex:34934 mv:16523 misc:2791 icu:41.25 pcu:626.75 scu:628.00 tlayer:3 pbqpoffset:3.27 pbfactor:1.46 avgQpOffsetCutree:-1.73;
in:169 out:172 type:b q:20.19 q-aq:20.00 q-noVbv:20.19 q-Rceq:1.00 tex:6365 mv:7457 misc:1770 icu:13.50 pcu:535.50 scu:747.00 tlayer:4 pbqpoffset:6.27 pbfactor:2.06 avgQpOffsetCutree:0.00;
in:171 out:173 type:b q:20.19 q-aq:20.00 q-noVbv:20.19 q-Rceq:1.00 tex:4152 mv:6833 misc:1735 icu:6.50 pcu:548.00 scu:741.50 tlayer:4 pbqpoffset:6.27 pbfactor:2.06 avgQpOffsetCutree:0.00;
in:174 out:174 type:B q:17.19 q-aq:14.98 q-noVbv:17.19 q-Rceq:1.00 tex:38249 mv:9677 misc:2842 icu:51.75 pcu:425.00 scu:819.25 tlayer:3 pbqpoffset:3.27 pbfactor:1.46 avgQpOffsetCutree:-2.12;
in:173 out:175 type:b q:20.19 q-aq:20.02 q-noVbv:20.19 q-Rceq:1.00 tex:2611 mv:4081 misc:1260 icu:4.00 pcu:394.00 scu:898.00 tlayer:4 pbqpoffset:6.27 pbfactor:2.06 avgQpOffsetCutree:0.00;
in:175 out:176 type:b q:20.19 q-aq:20.00 q-noVbv:20.19 q-Rceq:1.00 tex:3518 mv:2473 misc:1297 icu:6.75 pcu:201.75 scu:1087.50 tlayer:4 pbqpoffset:6.27 pbfactor:2.06 avgQpOffsetCutree:0.00;
in:192 out:177 type:k q:13.91 q-aq:7.74 q-noVbv:13.91 q-Rceq:1.00 tex:392502 mv:42245 misc:2597 icu:1173.00 pcu:116.25 scu:6.75 tlayer:0 pbqpoffset:0.28 pbfactor:1.03 avgQpOffsetCutree:-6.61;
in:184 out:178 type:B q:15.29 q-aq:9.44 q-noVbv:15.29 q-Rceq:1.00 tex:260344 mv:34745 misc:3271 icu:512.25 pcu:494.25 scu:289.50 tlayer:1 pbqpoffset:1.38 pbfactor:1.17 avgQpOffsetCutree:-5.52;
in:180 out:179 type:B q:16.60 q-aq:12.83 q-noVbv:16.60 q-Rceq:1.00 tex:96050 mv:27021 misc:3537 icu:129.50 pcu:708.00 scu:458.50 tlayer:2 pbqpoffset:2.68 pbfactor:1.36 avgQpOffsetCutree:-3.50;
in:178 out:180 type:B q:17.16 q-aq:15.66 q-noVbv:17.16 q-Rceq:1.00 tex:34577 mv:17771 misc:3108 icu:29.75 pcu:652.50 scu:613.75 tlayer:3 pbqpoffset:3.24 pbfactor:1.45 avgQpOffsetCutree:-1.73;
in:177 out:181 type:b q:20.16 q-aq:20.00 q-noVbv:20.16 q-Rceq:1.00 tex:4966 mv:7440 misc:1826 icu:2.00 pcu:576.00 scu:718.00 tlayer:4 pbqpoffset:6.24 pbfactor:2.06 avgQpOffsetCutree:0.00;
in:179 out:182 type:b q:20.16 q-aq:20.00 q-noVbv:20.16 q-Rceq:1.00 tex:6007 mv:7937 misc:1880 icu:8.25 pcu:557.00 scu:730.75 tlayer:4 pbqpoffset:6.24 pbfactor:2.06 avgQpOffsetCutree:0.00;
in:182 out:183 type:B q:17.16 q-aq:15.48 q-noVbv:17.16 q-Rceq:1.00 tex:33517 mv:17517 misc:2982 icu:38.50 pcu:684.25 scu:573.25 tlayer:3 pbqpoffset:3.24 pbfactor:1.45 avgQpOffsetCutree:-1.64;
in:181 out:184 type:b q:20.16 q-aq:20.00 q-noVbv:20.16 q-Rceq:1.00 tex:4909 mv:7022 misc:1901 icu:6.50 pcu:553.75 scu:735.75 tlayer:4 pbqpoffset:6.24 pbfactor:2.06 avgQpOffsetCutree:0.00;
in:183 out:185 type:b q:20.16 q-aq:20.00 q-noVbv:20.16 q-Rceq:1.00 tex:4049 mv:7442 misc:1773 icu:3.50 pcu:597.25 scu:695.25 tlayer:4 pbqpoffset:6.24 pbfactor:2.06 avgQpOffsetCutree:0.00;
in:188 out:186 type:B q:15.91 q-aq:11.76 q-noVbv:15.91 q-Rceq:1.00 tex:150625 mv:26330 misc:3549 icu:299.00 pcu:598.25 scu:398.75 tlayer:2 pbqpoffset:2.00 pbfactor:1.26 avgQpOffsetCutree:-3.82;
in:186 out:187 type:B q:17.15 q-aq:15.40 q-noVbv:17.15 q-Rceq:1.00 tex:35085 mv:18789 misc:2950 icu:41.25 pcu:692.75 scu:562.00 tlayer:3 pbqpoffset:3.24 pbfactor:1.45 avgQpOffsetCutree:-1.81;
in:185 out:188 type:b q:20.16 q-aq:20.00 q-noVbv:20.16 q-Rceq:1.00 tex:4909 mv:7320 misc:1747 icu:3.75 pcu:535.50 scu:756.75 tlayer:4 pbqpoffset:6.24 pbfactor:2.06 avgQpOffsetCutree:0.00;
in:187 out:189 type:b q:20.15 q-aq:20.00 q-noVbv:20.15 q-Rceq:1.00 tex:4717 mv:7577 misc:1770 icu:3.50 pcu:554.00 scu:738.50 tlayer:4 pbqpoffset:6.24 pbfactor:2.06 avgQpOffsetCutree:0.00;
in:190 out:190 type:B q:17.15 q-aq:14.84 q-noVbv:17.15 q-Rceq:1.00 tex:57126 mv:15006 misc:3212 icu:96.25 pcu:638.75 scu:561.00 tlayer:3 pbqpoffset:3.24 pbfactor:1.45 avgQpOffsetCutree:-2.17;
in:189 out:191 type:b q:20.15 q-aq:20.00 q-noVbv:20.15 q-Rceq:1.00 tex:4166 mv:6845 misc:1749 icu:3.25 pcu:506.25 scu:786.50 tlayer:4 pbqpoffset:6.24 pbfactor:2.06 avgQpOffsetCutree:0.00;
in:191 out:192 type:b q:20.15 q-aq:20.00 q-noVbv:20.15 q-Rceq:1.00 tex:5974 mv:4002 misc:1792 icu:20.50 pcu:310.00 scu:965.50 tlayer:4 pbqpoffset:6.24 pbfactor:2.06 avgQpOffsetCutree:0.00;
in:208 out:193 type:k q:13.94 q-aq:7.75 q-noVbv:13.94 q-Rceq:1.00 tex:386426 mv:41805 misc:2569 icu:1167.75 pcu:125.50 scu:2.75 tlayer:0 pbqpoffset:0.28 pbfactor:1.03 avgQpOffsetCutree:-6.54;
in:200 out:194 type:B q:15.30 q-aq:9.55 q-noVbv:15.30 q-Rceq:1.00 tex:280256 mv:35074 misc:3366 icu:519.25 pcu:518.25 scu:258.50 tlayer:1 pbqpoffset:1.38 pbfactor:1.17 avgQpOffsetCutree:-5.46;
in:196 out:195 type:B q:16.42 q-aq:12.41 q-noVbv:16.42 q-Rceq:1.00 tex:103013 mv:29301 misc:3438 icu:147.50 pcu:751.75 scu:396.75 tlayer:2 pbqpoffset:2.51 pbfactor:1.34 avgQpOffsetCutree:-3.54;
in:194 out:196 type:B q:17.15 q-aq:15.52 q-noVbv:17.15 q-Rceq:1.00 tex:34949 mv:19960 misc:3011 icu:30.00 pcu:746.25 scu:519.75 tlayer:3 pbqpoffset:3.24 pbfactor:1.45 avgQpOffsetCutree:-1.79;
in:193 out:197 type:b q:20.15 q-aq:20.00 q-noVbv:20.15 q-Rceq:1.00 tex:4518 mv:7411 misc:1783 icu:3.50 pcu:508.25 scu:784.25 tlayer:4 pbqpoffset:6.24 pbfactor:2.06 avgQpOffsetCutree:0.00;
in:195 out:198 type:b q:20.15 q-aq:20.00 q-noVbv:20.15 q-Rceq:1.00 tex:6512 mv:8933 misc:1923 icu:4.50 pcu:617.75 scu:673.75 tlayer:4 pbqpoffset:6.24 pbfactor:2.06 avgQpOffsetCutree:0.00;
in:198 out:199 type:B q:17.16 q-aq:15.52 q-noVbv:17.16 q-Rceq:1.00 tex:32330 mv:18343 misc:2951 icu:39.75 pcu:675.50 scu:580.75 tlayer:3 pbqpoffset:3.24 pbfactor:1.45 avgQpOffsetCutree:-1.68;
in:197 out:200 type:b q:20.16 q-aq:20.00 q-noVbv:20.16 q-Rceq:1.00 tex:4445 mv:6523 misc:1808 icu:7.25 pcu:461.00 scu:827.75 tlayer:4 pbqpoffset:6.24 pbfactor:2.06 avgQpOffsetCutree:0.00;
in:199 out:201 type:b q:20.16 q-aq:20.00 q-noVbv:20.16 q-Rceq:1.00 tex:4369 mv:8609 misc:1830 icu:1.25 pcu:582.00 scu:712.75 tlayer:4 pbqpoffset:6.24 pbfactor:2.06 avgQpOffsetCutree:0.00;
in:204 out:202 type:B q:15.85 q-aq:11.09 q-noVbv:15.85 q-Rceq:1.00 tex:153964 mv:26347 misc:3505 icu:267.25 pcu:664.75 scu:364.00 tlayer:2 pbqpoffset:1.92 pbfactor:1.25 avgQpOffsetCutree:-4.29;
in:202 out:203 type:B q:17.17 q-aq:15.76 q-noVbv:17.17 q-Rceq:1.00 tex:29126 mv:16787 misc:2791 icu:40.25 pcu:656.75 scu:599.00 tlayer:3 pbqpoffset:3.24 pbfactor:1.45 avgQpOffsetCutree:-1.66;
in:201 out:204 type:b q:20.17 q-aq:20.03 q-noVbv:20.17 q-Rceq:1.00 tex:5393 mv:7175 misc:1896 icu:5.50 pcu:513.25 scu:777.25 tlayer:4 pbqpoffset:6.24 pbfactor:2.06 avgQpOffsetCutree:0.00;
in:203 out:205 type:b q:20.17 q-aq:20.00 q-noVbv:20.17 q-Rceq:1.00 tex:3701 mv:6683 misc:1728 icu:4.75 pcu:456.25 scu:835.00 tlayer:4 pbqpoffset:6.24 pbfactor:2.06 avgQpOffsetCutree:0.00;
in:206 out:206 type:B q:17.18 q-aq:15.20 q-noVbv:17.18 q-Rceq:1.00 tex:31037 mv:8812 misc:2487 icu:40.25 pcu:389.25 scu:866.50 tlayer:3 pbqpoffset:3.24 pbfactor:1.45 avgQpOffsetCutree:-2.14;
in:205 out:207 type:b q:20.17 q-aq:20.00 q-noVbv:20.17 q-Rceq:1.00 tex:1217 mv:3587 misc:1148 icu:3.25 pcu:272.50 scu:1020.25 tlayer:4 pbqpoffset:6.24 pbfactor:2.06 avgQpOffsetCutree:0.00;
in:207 out:208 type:b q:20.18 q-aq:20.00 q-noVbv:20.18 q-Rceq:1.00 tex:4043 mv:2192 misc:1245 icu:6.25 pcu:149.50 scu:1140.25 tlayer:4 pbqpoffset:6.24 pbfactor:2.06 avgQpOffsetCutree:0.00;
in:224 out:209 type:k q:13.95 q-aq:7.84 q-noVbv:13.95 q-Rceq:1.00 tex:392207 mv:40747 misc:2742 icu:1128.00 pcu:159.50 scu:8.50 tlayer:0 pbqpoffset:0.26 pbfactor:1.03 avgQpOffsetCutree:-6.52;
in:216 out:210 type:B q:15.34 q-aq:9.86 q-noVbv:15.34 q-Rceq:1.00 tex:275343 mv:35745 misc:3272 icu:572.50 pcu:485.50 scu:238.00 tlayer:1 pbqpoffset:1.40 pbfactor:1.18 avgQpOffsetCutree:-5.35;
in:212 out:211 type:B q:16.49 q-aq:12.83 q-noVbv:16.49 q-Rceq:1.00 tex:107976 mv:28134 misc:3258 icu:176.00 pcu:645.75 scu:474.25 tlayer:2 pbqpoffset:2.55 pbfactor:1.34 avgQpOffsetCutree:-3.37;
in:210 out:212 type:B q:17.20 q-aq:15.87 q-noVbv:17.20 q-Rceq:1.00 tex:33590 mv:17501 misc:2965 icu:35.25 pcu:661.75 scu:599.00 tlayer:3 pbqpoffset:3.26 pbfactor:1.46 avgQpOffsetCutree:-1.58;
in:209 out:213 type:b q:20.20 q-aq:20.00 q-noVbv:20.20 q-Rceq:1.00 tex:5487 mv:7265 misc:1928 icu:4.75 pcu:514.50 scu:776.75 tlayer:4 pbqpoffset:6.26 pbfactor:2.06 avgQpOffsetCutree:0.00;
in:211 out:214 type:b q:20.20 q-aq:20.00 q-noVbv:20.20 q-Rceq:1.00 tex:6855 mv:8133 misc:1988 icu:7.00 pcu:514.00 scu:775.00 tlayer:4 pbqpoffset:6.26 pbfactor:2.06 avgQpOffsetCutree:0.00;
in:214 out:215 type:B q:17.20 q-aq:15.67 q-noVbv:17.20 q-Rceq:1.00 tex:40419 mv:20833 misc:3316 icu:55.00 pcu:758.50 scu:482.50 tlayer:3 pbqpoffset:3.26 pbfactor:1.46 avgQpOffsetCutree:-1.72;
in:213 out:216 type:b q:20.20 q-aq:20.00 q-noVbv:20.20 q-Rceq:1.00 tex:5983 mv:8998 misc:2099 icu:15.25 pcu:595.00 scu:685.75 tlayer:4 pbqpoffset:6.26 pbfactor:2.06 avgQpOffsetCutree:0.00;
in:215 out:217 type:b q:20.21 q-aq:20.01 q-noVbv:20.21 q-Rceq:1.00 tex:6769 mv:9664 misc:2151 icu:2.75 pcu:615.00 scu:678.25 tlayer:4 pbqpoffset:6.26 pbfactor:2.06 avgQpOffsetCutree:0.00;
in:220 out:218 type:B q:16.00 q-aq:11.12 q-noVbv:16.00 q-Rceq:1.00 tex:163595 mv:28680 misc:3781 icu:258.50 pcu:696.50 scu:341.00 tlayer:2 pbqpoffset:2.06 pbfactor:1.27 avgQpOffsetCutree:-4.44;
in:218 out:219 type:B q:17.21 q-aq:15.79 q-noVbv:17.21 q-Rceq:1.00 tex:29941 mv:15559 misc:2836 icu:45.50 pcu:550.50 scu:700.00 tlayer:3 pbqpoffset:3.26 pbfactor:1.46 avgQpOffsetCutree:-1.72;
in:217 out:220 type:b q:20.21 q-aq:20.00 q-noVbv:20.21 q-Rceq:1.00 tex:7058 mv:8766 misc:2096 icu:16.25 pcu:645.25 scu:634.50 tlayer:4 pbqpoffset:6.26 pbfactor:2.06 avgQpOffsetCutree:0.00;
in:219 out:221 type:b q:20.21 q-aq:20.00 q-noVbv:20.21 q-Rceq:1.00 tex:3280 mv:5008 misc:1480 icu:9.25 pcu:352.25 scu:934.50 tlayer:4 pbqpoffset:6.26 pbfactor:2.06 avgQpOffsetCutree:0.00;
in:222 out:222 type:B q:17.21 q-aq:15.43 q-noVbv:17.21 q-Rceq:1.00 tex:31616 mv:7478 misc:2386 icu:82.25 pcu:267.00 scu:946.75 tlayer:3 pbqpoffset:3.26 pbfactor:1.46 avgQpOffsetCutree:-2.06;
in:221 out:223 type:b q:20.21 q-aq:20.14 q-noVbv:20.21 q-Rceq:1.00 tex:3607 mv:3213 misc:1044 icu:13.75 pcu:247.50 scu:1034.75 tlayer:4 pbqpoffset:6.26 pbfactor:2.06 avgQpOffsetCutree:0.00;
in:223 out:224 type:b q:20.21 q-aq:20.02 q-noVbv:20.21 q-Rceq:1.00 tex:6882 mv:2649 misc:1293 icu:11.50 pcu:163.25 scu:1121.25 tlayer:4 pbqpoffset:6.26 pbfactor:2.06 avgQpOffsetCutree:0.00;
in:240 out:225 type:k q:13.99 q-aq:8.87 q-noVbv:13.99 q-Rceq:1.00 tex:341133 mv:38924 misc:2615 icu:1163.25 pcu:122.25 scu:10.50 tlayer:0 pbqpoffset:0.31 pbfactor:1.04 avgQpOffsetCutree:-5.56;
in:232 out:226 type:B q:15.40 q-aq:9.84 q-noVbv:15.40 q-Rceq:1.00 tex:258509 mv:33513 misc:3298 icu:517.25 pcu:498.50 scu:280.25 tlayer:1 pbqpoffset:1.43 pbfactor:1.18 avgQpOffsetCutree:-5.42;
in:228 out:227 type:B q:16.11 q-aq:12.56 q-noVbv:16.11 q-Rceq:1.00 tex:111239 mv:27522 misc:3215 icu:165.00 pcu:716.00 scu:415.00 tlayer:2 pbqpoffset:2.15 pbfactor:1.28 avgQpOffsetCutree:-3.31;
in:226 out:228 type:B q:17.25 q-aq:15.60 q-noVbv:17.25 q-Rceq:1.00 tex:38801 mv:18716 misc:3067 icu:45.00 pcu:655.50 scu:595.50 tlayer:3 pbqpoffset:3.30 pbfactor:1.46 avgQpOffsetCutree:-1.81;
in:225 out:229 type:b q:20.25 q-aq:20.02 q-noVbv:20.25 q-Rceq:1.00 tex:5332 mv:8058 misc:1882 icu:6.00 pcu:564.00 scu:726.00 tlayer:4 pbqpoffset:6.30 pbfactor:2.07 avgQpOffsetCutree:0.00;
in:227 out:230 type:b q:20.26 q-aq:20.01 q-noVbv:20.26 q-Rceq:1.00 tex:7959 mv:8526 misc:1971 icu:10.50 pcu:485.75 scu:799.75 tlayer:4 pbqpoffset:6.30 pbfactor:2.07 avgQpOffsetCutree:0.00;
in:230 out:231 type:B q:17.26 q-aq:15.75 q-noVbv:17.26 q-Rceq:1.00 tex:41202 mv:19447 misc:3039 icu:53.50 pcu:670.75 scu:571.75 tlayer:3 pbqpoffset:3.30 pbfactor:1.46 avgQpOffsetCutree:-1.63;
in:229 out:232 type:b q:20.26 q-aq:20.01 q-noVbv:20.26 q-Rceq:1.00 tex:7518 mv:8904 misc:2098 icu:7.25 pcu:590.25 scu:698.50 tlayer:4 pbqpoffset:6.30 pbfactor:2.07 avgQpOffsetCutree:0.00;
in:231 out:233 type:b q:20.27 q-aq:20.01 q-noVbv:20.27 q-Rceq:1.00 tex:7546 mv:8644 misc:2050 icu:10.50 pcu:580.00 scu:705.50 tlayer:4 pbqpoffset:6.30 pbfactor:2.07 avgQpOffsetCutree:0.00;
in:236 out:234 type:B q:15.97 q-aq:11.51 q-noVbv:15.97 q-Rceq:1.00 tex:154075 mv:24305 misc:3308 icu:282.50 pcu:581.75 scu:431.75 tlayer:2 pbqpoffset:1.99 pbfactor:1.26 avgQpOffsetCutree:-4.13;
in:234 out:235 type:B q:17.27 q-aq:15.88 q-noVbv:17.27 q-Rceq:1.00 tex:30931 mv:16162 misc:2779 icu:41.25 pcu:592.50 scu:662.25 tlayer:3 pbqpoffset:3.30 pbfactor:1.46 avgQpOffsetCutree:-1.73;
in:233 out:236 type:b q:20.27 q-aq:20.01 q-noVbv:20.27 q-Rceq:1.00 tex:7143 mv:8093 misc:2060 icu:18.25 pcu:503.75 scu:774.00 tlayer:4 pbqpoffset:6.30 pbfactor:2.07 avgQpOffsetCutree:0.00;
in:235 out:237 type:b q:20.28 q-aq:20.00 q-noVbv:20.28 q-Rceq:1.00 tex:3568 mv:6126 misc:1530 icu:10.50 pcu:451.25 scu:834.25 tlayer:4 pbqpoffset:6.30 pbfactor:2.07 avgQpOffsetCutree:0.00;
in:238 out:238 type:B q:17.29 q-aq:14.85 q-noVbv:17.29 q-Rceq:1.00 tex:38415 mv:10041 misc:2952 icu:83.00 pcu:388.75 scu:824.25 tlayer:3 pbqpoffset:3.30 pbfactor:1.46 avgQpOffsetCutree:-2.15;
in:237 out:239 type:b q:20.28 q-aq:20.00 q-noVbv:20.28 q-Rceq:1.00 tex:2553 mv:4148 misc:1379 icu:6.25 pcu:382.25 scu:907.50 tlayer:4 pbqpoffset:6.30 pbfactor:2.07 avgQpOffsetCutree:0.00;
in:239 out:240 type:b q:20.29 q-aq:20.00 q-noVbv:20.29 q-Rceq:1.00 tex:5634 mv:2052 misc:1234 icu:25.25 pcu:129.25 scu:1141.50 tlayer:4 pbqpoffset:6.30 pbfactor:2.07 avgQpOffsetCutree:0.00;
in:249 out:241 type:k q:15.97 q-aq:13.12 q-noVbv:15.97 q-Rceq:1.00 tex:157921 mv:24867 misc:2980 icu:406.25 pcu:455.00 scu:434.75 tlayer:0 pbqpoffset:0.24 pbfactor:1.03 avgQpOffsetCutree:-2.97;
in:245 out:242 type:B q:16.41 q-aq:12.53 q-noVbv:16.41 q-Rceq:1.00 tex:83938 mv:18753 misc:2981 icu:194.25 pcu:412.50 scu:689.25 tlayer:1 pbqpoffset:1.32 pbfactor:1.16 avgQpOffsetCutree:-3.73;
in:243 out:243 type:B q:16.06 q-aq:14.62 q-noVbv:16.06 q-Rceq:1.00 tex:57897 mv:19645 misc:2954 icu:115.25 pcu:657.25 scu:523.50 tlayer:2 pbqpoffset:1.41 pbfactor:1.18 avgQpOffsetCutree:-1.84;
in:242 out:244 type:B q:16.82 q-aq:16.86 q-noVbv:16.82 q-Rceq:1.00 tex:24877 mv:14564 misc:2719 icu:52.50 pcu:553.00 scu:690.50 tlayer:3 pbqpoffset:2.38 pbfactor:1.32 avgQpOffsetCutree:-0.47;
in:241 out:245 type:b q:18.90 q-aq:19.00 q-noVbv:18.90 q-Rceq:1.00 tex:8831 mv:8727 misc:1970 icu:22.25 pcu:569.50 scu:704.25 tlayer:4 pbqpoffset:4.69 pbfactor:1.72 avgQpOffsetCutree:0.00;
in:244 out:246 type:b q:20.12 q-aq:20.06 q-noVbv:20.12 q-Rceq:1.00 tex:6341 mv:7639 misc:1924 icu:15.25 pcu:462.00 scu:818.75 tlayer:3 pbqpoffset:5.25 pbfactor:1.83 avgQpOffsetCutree:0.00;
in:247 out:247 type:B q:18.71 q-aq:17.35 q-noVbv:18.71 q-Rceq:1.00 tex:18498 mv:7756 misc:2034 icu:59.25 pcu:374.25 scu:862.50 tlayer:2 pbqpoffset:3.18 pbfactor:1.44 avgQpOffsetCutree:-1.86;
in:246 out:248 type:b q:21.49 q-aq:21.39 q-noVbv:21.49 q-Rceq:1.00 tex:4446 mv:4654 misc:1300 icu:22.50 pcu:331.00 scu:942.50 tlayer:3 pbqpoffset:6.18 pbfactor:2.04 avgQpOffsetCutree:0.00;
in:248 out:249 type:b q:21.93 q-aq:22.00 q-noVbv:21.93 q-Rceq:1.00 tex:3189 mv:2414 misc:917 icu:14.25 pcu:262.75 scu:1019.00 tlayer:3 pbqpoffset:6.18 pbfactor:2.04 avgQpOffsetCutree:0.00;
