#options: cpuid=1173503 frame-threads=1 no-wpp no-pmode no-pme psnr no-ssim log-level=2 bitdepth=8 input-csp=1 fps=50000/1000 input-res=768x432 interlace=0 total-frames=500 level-idc=0 high-tier=1 uhd-bd=0 ref=4 no-allow-non-conformance no-repeat-headers annexb no-aud no-hrd info hash=0 no-temporal-layers open-gop min-keyint=1 keyint=5000 bframes=15 b-adapt=2 b-pyramid bframe-bias=0 rc-lookahead=40 lookahead-slices=0 scenecut=40 no-intra-refresh ctu=64 min-cu-size=8 rect amp max-tu-size=32 tu-inter-depth=3 tu-intra-depth=3 limit-tu=4 rdoq-level=2 dynamic-rd=0.00 no-ssim-rd signhide no-tskip nr-intra=0 nr-inter=0 no-constrained-intra strong-intra-smoothing max-merge=4 limit-refs=1 limit-modes me=3 subme=4 merange=57 temporal-mvp weightp weightb no-analyze-src-pics deblock=0:0 sao no-sao-non-deblock rd=6 no-early-skip rskip no-fast-intra no-tskip-fast no-cu-lossless b-intra rdpenalty=0 psy-rd=0.00 psy-rdoq=0.00 no-rd-refine analysis-reuse-mode=0 no-lossless cbqpoffs=0 crqpoffs=0 rc=abr bitrate=2000 qcomp=0.60 qpstep=4 stats-write=1 stats-read=0 slow-firstpass ipratio=1.40 pbratio=1.30 aq-mode=1 aq-strength=0.00 cutree zone-count=0 no-strict-cbr qg-size=64 no-rc-grain qpmax=69 qpmin=0 no-const-vbv sar=0 overscan=0 videoformat=5 range=0 colorprim=2 transfer=2 colormatrix=2 chromaloc=0 display-window=0 max-cll=0,0 min-luma=0 max-luma=255 log2-max-poc-lsb=8 vui-timing-info vui-hrd-info slices=1 opt-qp-pps opt-ref-list-length-pps no-multi-pass-opt-rps scenecut-bias=0.05 no-opt-cu-delta-qp no-aq-motion no-hdr no-hdr-opt no-dhdr10-opt analysis-reuse-level=5 scale-factor=0 refine-intra=0 refine-inter=0 refine-mv=0 no-limit-sao ctu-info=0 max-tlayer=4
in:0 out:0 type:I q:22.40 q-aq:17.99 q-noVbv:22.40 q-Rceq:1.32 tex:1002 mv:697 misc:429 icu:1296.00 pcu:0.00 scu:0.00 tlayer:0 pbqpoffset:0.00 pbfactor:1.00 avgQpOffsetCutree:-2.25;
in:1 out:1 type:k q:25.31 q-aq:25.00 q-noVbv:25.31 q-Rceq:1.32 tex:0 mv:7 misc:137 icu:0.00 pcu:0.00 scu:1296.00 tlayer:0 pbqpoffset:0.00 pbfactor:1.00 avgQpOffsetCutree:-1.22;
in:2 out:2 type:i q:34.31 q-aq:25.04 q-noVbv:34.31 q-Rceq:1.32 tex:331274 mv:47858 misc:1796 icu:1296.00 pcu:0.00 scu:0.00 tlayer:0 pbqpoffset:0.00 pbfactor:1.00 avgQpOffsetCutree:-8.68;
in:18 out:3 type:k q:33.22 q-aq:23.54 q-noVbv:33.22 q-Rceq:1.32 tex:300408 mv:33834 misc:2310 icu:872.75 pcu:412.75 scu:10.50 tlayer:0 pbqpoffset:0.00 pbfactor:1.00 avgQpOffsetCutree:-8.13;
in:10 out:4 type:B q:37.62 q-aq:31.86 q-noVbv:37.62 q-Rceq:1.32 tex:214 mv:270 misc:356 icu:0.00 pcu:75.00 scu:1221.00 tlayer:1 pbqpoffset:4.40 pbfactor:1.66 avgQpOffsetCutree:-5.25;
in:6 out:5 type:B q:37.62 q-aq:38.00 q-noVbv:37.62 q-Rceq:1.32 tex:3 mv:133 misc:208 icu:0.00 pcu:72.00 scu:1224.00 tlayer:2 pbqpoffset:4.40 pbfactor:1.66 avgQpOffsetCutree:-4.02;
in:4 out:6 type:B q:37.62 q-aq:38.00 q-noVbv:37.62 q-Rceq:1.32 tex:4 mv:223 misc:261 icu:0.00 pcu:100.00 scu:1196.00 tlayer:3 pbqpoffset:4.40 pbfactor:1.66 avgQpOffsetCutree:-2.00;
in:3 out:7 type:b q:40.29 q-aq:40.00 q-noVbv:40.29 q-Rceq:1.32 tex:0 mv:21 misc:155 icu:0.00 pcu:16.00 scu:1280.00 tlayer:4 pbqpoffset:7.08 pbfactor:2.26 avgQpOffsetCutree:0.00;
in:5 out:8 type:b q:40.29 q-aq:40.00 q-noVbv:40.29 q-Rceq:1.32 tex:1 mv:57 misc:174 icu:0.00 pcu:80.00 scu:1216.00 tlayer:4 pbqpoffset:7.08 pbfactor:2.26 avgQpOffsetCutree:0.00;
in:8 out:9 type:B q:37.62 q-aq:38.00 q-noVbv:37.62 q-Rceq:1.32 tex:0 mv:9 misc:159 icu:0.00 pcu:0.00 scu:1296.00 tlayer:3 pbqpoffset:4.40 pbfactor:1.66 avgQpOffsetCutree:-1.97;
in:7 out:10 type:b q:40.29 q-aq:40.00 q-noVbv:40.29 q-Rceq:1.32 tex:0 mv:8 misc:160 icu:0.00 pcu:0.00 scu:1296.00 tlayer:4 pbqpoffset:7.08 pbfactor:2.26 avgQpOffsetCutree:0.00;
in:9 out:11 type:b q:40.29 q-aq:40.00 q-noVbv:40.29 q-Rceq:1.32 tex:0 mv:8 misc:168 icu:0.00 pcu:0.00 scu:1296.00 tlayer:4 pbqpoffset:7.08 pbfactor:2.26 avgQpOffsetCutree:0.00;
in:14 out:12 type:B q:37.62 q-aq:38.00 q-noVbv:37.62 q-Rceq:1.32 tex:1 mv:37 misc:170 icu:0.00 pcu:24.00 scu:1272.00 tlayer:2 pbqpoffset:4.40 pbfactor:1.66 avgQpOffsetCutree:-1.98;
in:12 out:13 type:B q:37.62 q-aq:38.00 q-noVbv:37.62 q-Rceq:1.32 tex:0 mv:9 misc:159 icu:0.00 pcu:0.00 scu:1296.00 tlayer:3 pbqpoffset:4.40 pbfactor:1.66 avgQpOffsetCutree:-1.97;
in:11 out:14 type:b q:40.29 q-aq:40.00 q-noVbv:40.29 q-Rceq:1.32 tex:0 mv:8 misc:160 icu:0.00 pcu:0.00 scu:1296.00 tlayer:4 pbqpoffset:7.08 pbfactor:2.26 avgQpOffsetCutree:0.00;
in:13 out:15 type:b q:40.29 q-aq:40.00 q-noVbv:40.29 q-Rceq:1.32 tex:0 mv:8 misc:168 icu:0.00 pcu:0.00 scu:1296.00 tlayer:4 pbqpoffset:7.08 pbfactor:2.26 avgQpOffsetCutree:0.00;
in:16 out:16 type:B q:37.62 q-aq:38.00 q-noVbv:37.62 q-Rceq:1.32 tex:2 mv:329 misc:293 icu:0.00 pcu:125.00 scu:1171.00 tlayer:3 pbqpoffset:4.40 pbfactor:1.66 avgQpOffsetCutree:-1.80;
in:15 out:17 type:b q:40.29 q-aq:40.00 q-noVbv:40.29 q-Rceq:1.32 tex:0 mv:12 misc:164 icu:0.00 pcu:16.00 scu:1280.00 tlayer:4 pbqpoffset:7.08 pbfactor:2.26 avgQpOffsetCutree:0.00;
in:17 out:18 type:b q:40.29 q-aq:40.00 q-noVbv:40.29 q-Rceq:1.32 tex:0 mv:61 misc:171 icu:0.00 pcu:20.00 scu:1276.00 tlayer:4 pbqpoffset:7.08 pbfactor:2.26 avgQpOffsetCutree:0.00;
in:34 out:19 type:k q:29.32 q-aq:21.51 q-noVbv:29.32 q-Rceq:1.32 tex:327399 mv:38466 misc:2535 icu:1109.25 pcu:186.25 scu:0.50 tlayer:0 pbqpoffset:0.00 pbfactor:1.00 avgQpOffsetCutree:-7.64;
in:26 out:20 type:B q:32.89 q-aq:24.38 q-noVbv:32.89 q-Rceq:1.32 tex:17438 mv:2924 misc:2454 icu:11.25 pcu:614.25 scu:670.50 tlayer:1 pbqpoffset:3.57 pbfactor:1.51 avgQpOffsetCutree:-6.20;
in:22 out:21 type:B q:32.89 q-aq:33.00 q-noVbv:32.89 q-Rceq:1.32 tex:11 mv:1004 misc:561 icu:0.00 pcu:304.00 scu:992.00 tlayer:2 pbqpoffset:3.57 pbfactor:1.51 avgQpOffsetCutree:-4.46;
in:20 out:22 type:B q:32.89 q-aq:33.00 q-noVbv:32.89 q-Rceq:1.32 tex:7 mv:454 misc:411 icu:1.00 pcu:170.00 scu:1125.00 tlayer:3 pbqpoffset:3.57 pbfactor:1.51 avgQpOffsetCutree:-2.03;
in:19 out:23 type:b q:35.57 q-aq:36.00 q-noVbv:35.57 q-Rceq:1.32 tex:6 mv:405 misc:389 icu:0.00 pcu:172.00 scu:1124.00 tlayer:4 pbqpoffset:6.25 pbfactor:2.06 avgQpOffsetCutree:0.00;
in:21 out:24 type:b q:35.57 q-aq:36.00 q-noVbv:35.57 q-Rceq:1.32 tex:3 mv:167 misc:230 icu:0.00 pcu:81.00 scu:1215.00 tlayer:4 pbqpoffset:6.25 pbfactor:2.06 avgQpOffsetCutree:0.00;
in:24 out:25 type:B q:32.89 q-aq:33.00 q-noVbv:32.89 q-Rceq:1.32 tex:5 mv:209 misc:234 icu:0.00 pcu:116.00 scu:1180.00 tlayer:3 pbqpoffset:3.57 pbfactor:1.51 avgQpOffsetCutree:-1.98;
in:23 out:26 type:b q:35.57 q-aq:36.00 q-noVbv:35.57 q-Rceq:1.32 tex:1 mv:89 misc:198 icu:0.00 pcu:84.00 scu:1212.00 tlayer:4 pbqpoffset:6.25 pbfactor:2.06 avgQpOffsetCutree:0.00;
in:25 out:27 type:b q:35.57 q-aq:36.00 q-noVbv:35.57 q-Rceq:1.32 tex:0 mv:28 misc:180 icu:0.00 pcu:16.00 scu:1280.00 tlayer:4 pbqpoffset:6.25 pbfactor:2.06 avgQpOffsetCutree:0.00;
in:30 out:28 type:B q:32.89 q-aq:33.00 q-noVbv:32.89 q-Rceq:1.32 tex:3 mv:314 misc:347 icu:0.00 pcu:57.00 scu:1239.00 tlayer:2 pbqpoffset:3.57 pbfactor:1.51 avgQpOffsetCutree:-1.81;
in:28 out:29 type:B q:32.89 q-aq:33.00 q-noVbv:32.89 q-Rceq:1.32 tex:1 mv:61 misc:194 icu:0.00 pcu:24.00 scu:1272.00 tlayer:3 pbqpoffset:3.57 pbfactor:1.51 avgQpOffsetCutree:-1.97;
in:27 out:30 type:b q:35.57 q-aq:36.00 q-noVbv:35.57 q-Rceq:1.32 tex:0 mv:5 misc:179 icu:0.00 pcu:0.00 scu:1296.00 tlayer:4 pbqpoffset:6.25 pbfactor:2.06 avgQpOffsetCutree:0.00;
in:29 out:31 type:b q:35.57 q-aq:36.00 q-noVbv:35.57 q-Rceq:1.32 tex:0 mv:54 misc:178 icu:0.00 pcu:32.00 scu:1264.00 tlayer:4 pbqpoffset:6.25 pbfactor:2.06 avgQpOffsetCutree:0.00;
in:32 out:32 type:B q:32.89 q-aq:32.32 q-noVbv:32.89 q-Rceq:1.32 tex:405 mv:1144 misc:611 icu:1.00 pcu:319.00 scu:976.00 tlayer:3 pbqpoffset:3.57 pbfactor:1.51 avgQpOffsetCutree:-0.89;
in:31 out:33 type:b q:35.57 q-aq:36.00 q-noVbv:35.57 q-Rceq:1.32 tex:367 mv:1370 misc:655 icu:0.00 pcu:478.00 scu:818.00 tlayer:4 pbqpoffset:6.25 pbfactor:2.06 avgQpOffsetCutree:0.00;
in:33 out:34 type:b q:35.57 q-aq:36.00 q-noVbv:35.57 q-Rceq:1.32 tex:3 mv:611 misc:378 icu:0.00 pcu:285.00 scu:1011.00 tlayer:4 pbqpoffset:6.25 pbfactor:2.06 avgQpOffsetCutree:0.00;
in:50 out:35 type:k q:26.91 q-aq:20.43 q-noVbv:26.91 q-Rceq:1.32 tex:325809 mv:37138 misc:2429 icu:1244.25 pcu:51.25 scu:0.50 tlayer:0 pbqpoffset:0.00 pbfactor:1.00 avgQpOffsetCutree:-7.02;
in:42 out:36 type:B q:31.09 q-aq:23.57 q-noVbv:31.09 q-Rceq:1.32 tex:122789 mv:13121 misc:3738 icu:30.25 pcu:867.50 scu:398.25 tlayer:1 pbqpoffset:2.98 pbfactor:1.41 avgQpOffsetCutree:-6.18;
in:38 out:37 type:B q:32.59 q-aq:28.99 q-noVbv:32.59 q-Rceq:1.32 tex:3496 mv:4699 misc:1405 icu:8.00 pcu:759.75 scu:528.25 tlayer:2 pbqpoffset:3.87 pbfactor:1.56 avgQpOffsetCutree:-3.17;
in:36 out:38 type:B q:32.89 q-aq:30.50 q-noVbv:32.89 q-Rceq:1.32 tex:6496 mv:4721 misc:1343 icu:6.00 pcu:835.00 scu:455.00 tlayer:3 pbqpoffset:3.87 pbfactor:1.56 avgQpOffsetCutree:-2.16;
in:35 out:39 type:b q:36.05 q-aq:36.00 q-noVbv:36.05 q-Rceq:1.32 tex:9 mv:1431 misc:552 icu:0.00 pcu:522.00 scu:774.00 tlayer:4 pbqpoffset:6.87 pbfactor:2.21 avgQpOffsetCutree:0.00;
in:37 out:40 type:b q:35.74 q-aq:36.00 q-noVbv:35.74 q-Rceq:1.32 tex:10 mv:1397 misc:529 icu:4.00 pcu:525.00 scu:767.00 tlayer:4 pbqpoffset:6.87 pbfactor:2.21 avgQpOffsetCutree:0.00;
in:40 out:41 type:B q:32.29 q-aq:30.06 q-noVbv:32.29 q-Rceq:1.32 tex:264 mv:1531 misc:677 icu:0.00 pcu:476.00 scu:820.00 tlayer:3 pbqpoffset:3.87 pbfactor:1.56 avgQpOffsetCutree:-2.33;
in:39 out:42 type:b q:35.12 q-aq:35.00 q-noVbv:35.12 q-Rceq:1.32 tex:5 mv:1066 misc:481 icu:0.00 pcu:402.00 scu:894.00 tlayer:4 pbqpoffset:6.55 pbfactor:2.13 avgQpOffsetCutree:0.00;
in:41 out:43 type:b q:34.82 q-aq:35.00 q-noVbv:34.82 q-Rceq:1.32 tex:3 mv:126 misc:215 icu:0.00 pcu:116.00 scu:1180.00 tlayer:4 pbqpoffset:6.55 pbfactor:2.13 avgQpOffsetCutree:0.00;
in:46 out:44 type:B q:31.39 q-aq:27.91 q-noVbv:31.39 q-Rceq:1.32 tex:4805 mv:3958 misc:2125 icu:18.50 pcu:450.75 scu:826.75 tlayer:2 pbqpoffset:3.87 pbfactor:1.56 avgQpOffsetCutree:-2.74;
in:44 out:45 type:B q:31.69 q-aq:32.00 q-noVbv:31.69 q-Rceq:1.32 tex:10 mv:958 misc:576 icu:0.00 pcu:260.00 scu:1036.00 tlayer:3 pbqpoffset:3.87 pbfactor:1.56 avgQpOffsetCutree:-0.98;
in:43 out:46 type:b q:34.52 q-aq:35.00 q-noVbv:34.52 q-Rceq:1.32 tex:0 mv:61 misc:203 icu:0.00 pcu:64.00 scu:1232.00 tlayer:4 pbqpoffset:6.55 pbfactor:2.13 avgQpOffsetCutree:0.00;
in:45 out:47 type:b q:34.21 q-aq:34.00 q-noVbv:34.21 q-Rceq:1.32 tex:7 mv:591 misc:426 icu:0.00 pcu:283.00 scu:1013.00 tlayer:4 pbqpoffset:6.55 pbfactor:2.13 avgQpOffsetCutree:0.00;
in:48 out:48 type:B q:30.80 q-aq:29.80 q-noVbv:30.80 q-Rceq:1.32 tex:12853 mv:5015 misc:2060 icu:16.75 pcu:734.00 scu:545.25 tlayer:3 pbqpoffset:3.58 pbfactor:1.51 avgQpOffsetCutree:-1.41;
in:47 out:49 type:b q:34.24 q-aq:34.00 q-noVbv:34.24 q-Rceq:1.32 tex:222 mv:1205 misc:701 icu:0.00 pcu:248.50 scu:1047.50 tlayer:4 pbqpoffset:6.87 pbfactor:2.21 avgQpOffsetCutree:0.00;
in:49 out:50 type:b q:33.93 q-aq:34.00 q-noVbv:33.93 q-Rceq:1.32 tex:77 mv:1708 misc:511 icu:0.00 pcu:554.00 scu:742.00 tlayer:4 pbqpoffset:6.87 pbfactor:2.21 avgQpOffsetCutree:0.00;
in:66 out:51 type:k q:27.54 q-aq:21.30 q-noVbv:27.54 q-Rceq:1.32 tex:335488 mv:31188 misc:2684 icu:1095.00 pcu:199.50 scu:1.50 tlayer:0 pbqpoffset:1.40 pbfactor:1.18 avgQpOffsetCutree:-7.19;
in:58 out:52 type:B q:29.45 q-aq:23.71 q-noVbv:29.45 q-Rceq:1.32 tex:232908 mv:14927 misc:3389 icu:124.00 pcu:1043.25 scu:128.75 tlayer:1 pbqpoffset:2.22 pbfactor:1.29 avgQpOffsetCutree:-5.93;
in:54 out:53 type:B q:30.39 q-aq:26.75 q-noVbv:30.39 q-Rceq:1.32 tex:59327 mv:13268 misc:3693 icu:24.00 pcu:838.00 scu:434.00 tlayer:2 pbqpoffset:3.32 pbfactor:1.47 avgQpOffsetCutree:-3.03;
in:52 out:54 type:B q:30.86 q-aq:28.36 q-noVbv:30.86 q-Rceq:1.32 tex:38283 mv:11542 misc:3911 icu:10.50 pcu:716.50 scu:569.00 tlayer:3 pbqpoffset:3.87 pbfactor:1.56 avgQpOffsetCutree:-2.23;
in:51 out:55 type:b q:34.03 q-aq:34.00 q-noVbv:34.03 q-Rceq:1.32 tex:175 mv:1363 misc:614 icu:3.00 pcu:465.00 scu:828.00 tlayer:4 pbqpoffset:7.08 pbfactor:2.27 avgQpOffsetCutree:0.00;
in:53 out:56 type:b q:34.11 q-aq:34.00 q-noVbv:34.11 q-Rceq:1.32 tex:314 mv:2612 misc:882 icu:0.00 pcu:683.00 scu:613.00 tlayer:4 pbqpoffset:7.08 pbfactor:2.27 avgQpOffsetCutree:0.00;
in:56 out:57 type:B q:31.23 q-aq:29.25 q-noVbv:31.23 q-Rceq:1.32 tex:783 mv:3236 misc:973 icu:2.00 pcu:725.25 scu:568.75 tlayer:3 pbqpoffset:4.08 pbfactor:1.60 avgQpOffsetCutree:-1.70;
in:55 out:58 type:b q:34.19 q-aq:34.00 q-noVbv:34.19 q-Rceq:1.32 tex:60 mv:1631 misc:573 icu:0.00 pcu:451.50 scu:844.50 tlayer:4 pbqpoffset:7.08 pbfactor:2.27 avgQpOffsetCutree:0.00;
in:57 out:59 type:b q:34.27 q-aq:34.00 q-noVbv:34.27 q-Rceq:1.32 tex:9 mv:1656 misc:511 icu:0.00 pcu:510.00 scu:786.00 tlayer:4 pbqpoffset:7.08 pbfactor:2.27 avgQpOffsetCutree:0.00;
in:62 out:60 type:B q:31.47 q-aq:27.55 q-noVbv:31.47 q-Rceq:1.32 tex:7077 mv:5628 misc:2431 icu:25.00 pcu:765.25 scu:505.75 tlayer:2 pbqpoffset:4.08 pbfactor:1.60 avgQpOffsetCutree:-3.34;
in:60 out:61 type:B q:31.39 q-aq:29.84 q-noVbv:31.39 q-Rceq:1.32 tex:604 mv:2662 misc:1062 icu:7.00 pcu:571.75 scu:717.25 tlayer:3 pbqpoffset:4.08 pbfactor:1.60 avgQpOffsetCutree:-1.97;
in:59 out:62 type:b q:34.35 q-aq:34.00 q-noVbv:34.35 q-Rceq:1.32 tex:62 mv:1401 misc:561 icu:0.00 pcu:509.00 scu:787.00 tlayer:4 pbqpoffset:7.08 pbfactor:2.27 avgQpOffsetCutree:0.00;
in:61 out:63 type:b q:34.11 q-aq:34.00 q-noVbv:34.11 q-Rceq:1.32 tex:98 mv:1102 misc:568 icu:2.00 pcu:351.00 scu:943.00 tlayer:4 pbqpoffset:6.76 pbfactor:2.18 avgQpOffsetCutree:0.00;
in:64 out:64 type:B q:31.55 q-aq:30.80 q-noVbv:31.55 q-Rceq:1.32 tex:11154 mv:4665 misc:1933 icu:29.75 pcu:631.25 scu:635.00 tlayer:3 pbqpoffset:4.08 pbfactor:1.60 avgQpOffsetCutree:-1.12;
in:63 out:65 type:b q:34.51 q-aq:35.00 q-noVbv:34.51 q-Rceq:1.32 tex:595 mv:2117 misc:872 icu:13.00 pcu:495.50 scu:787.50 tlayer:4 pbqpoffset:7.08 pbfactor:2.27 avgQpOffsetCutree:0.00;
in:65 out:66 type:b q:34.58 q-aq:35.00 q-noVbv:34.58 q-Rceq:1.32 tex:78 mv:1464 misc:514 icu:0.00 pcu:406.50 scu:889.50 tlayer:4 pbqpoffset:7.08 pbfactor:2.27 avgQpOffsetCutree:0.00;
in:82 out:67 type:k q:27.53 q-aq:21.60 q-noVbv:27.53 q-Rceq:1.32 tex:266585 mv:32652 misc:2363 icu:1245.50 pcu:50.50 scu:0.00 tlayer:0 pbqpoffset:0.57 pbfactor:1.07 avgQpOffsetCutree:-6.60;
in:74 out:68 type:B q:29.76 q-aq:23.54 q-noVbv:29.76 q-Rceq:1.32 tex:178893 mv:16996 misc:3927 icu:110.75 pcu:1047.00 scu:138.25 tlayer:1 pbqpoffset:2.23 pbfactor:1.29 avgQpOffsetCutree:-5.94;
in:70 out:69 type:B q:31.62 q-aq:27.41 q-noVbv:31.62 q-Rceq:1.32 tex:14582 mv:10229 misc:2949 icu:26.50 pcu:716.50 scu:553.00 tlayer:2 pbqpoffset:4.09 pbfactor:1.60 avgQpOffsetCutree:-3.47;
in:68 out:70 type:B q:31.63 q-aq:29.72 q-noVbv:31.63 q-Rceq:1.32 tex:6810 mv:5004 misc:2082 icu:7.75 pcu:647.00 scu:641.25 tlayer:3 pbqpoffset:4.09 pbfactor:1.60 avgQpOffsetCutree:-1.86;
in:67 out:71 type:b q:33.17 q-aq:33.00 q-noVbv:33.17 q-Rceq:1.32 tex:1761 mv:2013 misc:938 icu:1.00 pcu:388.75 scu:906.25 tlayer:4 pbqpoffset:5.63 pbfactor:1.92 avgQpOffsetCutree:0.00;
in:69 out:72 type:b q:34.63 q-aq:35.00 q-noVbv:34.63 q-Rceq:1.32 tex:37 mv:1451 misc:560 icu:0.00 pcu:418.75 scu:877.25 tlayer:4 pbqpoffset:7.09 pbfactor:2.27 avgQpOffsetCutree:0.00;
in:72 out:73 type:B q:31.63 q-aq:29.65 q-noVbv:31.63 q-Rceq:1.32 tex:428 mv:3430 misc:1006 icu:4.00 pcu:716.00 scu:576.00 tlayer:3 pbqpoffset:4.09 pbfactor:1.60 avgQpOffsetCutree:-2.00;
in:71 out:74 type:b q:34.63 q-aq:35.00 q-noVbv:34.63 q-Rceq:1.32 tex:17 mv:1120 misc:471 icu:3.00 pcu:410.25 scu:882.75 tlayer:4 pbqpoffset:7.09 pbfactor:2.27 avgQpOffsetCutree:0.00;
in:73 out:75 type:b q:34.63 q-aq:35.00 q-noVbv:34.63 q-Rceq:1.32 tex:12 mv:1361 misc:523 icu:2.00 pcu:671.00 scu:623.00 tlayer:4 pbqpoffset:7.09 pbfactor:2.27 avgQpOffsetCutree:0.00;
in:78 out:76 type:B q:31.20 q-aq:27.51 q-noVbv:31.20 q-Rceq:1.32 tex:15353 mv:8813 misc:3370 icu:44.75 pcu:622.25 scu:629.00 tlayer:2 pbqpoffset:3.67 pbfactor:1.53 avgQpOffsetCutree:-3.10;
in:76 out:77 type:B q:31.63 q-aq:30.67 q-noVbv:31.63 q-Rceq:1.32 tex:201 mv:3557 misc:1202 icu:6.00 pcu:596.75 scu:693.25 tlayer:3 pbqpoffset:4.09 pbfactor:1.60 avgQpOffsetCutree:-1.92;
in:75 out:78 type:b q:34.63 q-aq:35.00 q-noVbv:34.63 q-Rceq:1.32 tex:60 mv:935 misc:469 icu:0.00 pcu:335.00 scu:961.00 tlayer:4 pbqpoffset:7.09 pbfactor:2.27 avgQpOffsetCutree:0.00;
in:77 out:79 type:b q:34.63 q-aq:35.00 q-noVbv:34.63 q-Rceq:1.32 tex:5 mv:1345 misc:602 icu:0.00 pcu:449.00 scu:847.00 tlayer:4 pbqpoffset:7.09 pbfactor:2.27 avgQpOffsetCutree:0.00;
in:80 out:80 type:B q:31.31 q-aq:30.74 q-noVbv:31.31 q-Rceq:1.32 tex:10300 mv:3962 misc:2138 icu:63.75 pcu:634.75 scu:597.50 tlayer:3 pbqpoffset:3.78 pbfactor:1.55 avgQpOffsetCutree:-1.14;
in:79 out:81 type:b q:34.63 q-aq:35.00 q-noVbv:34.63 q-Rceq:1.32 tex:160 mv:1911 misc:993 icu:0.00 pcu:471.00 scu:825.00 tlayer:4 pbqpoffset:7.09 pbfactor:2.27 avgQpOffsetCutree:0.00;
in:81 out:82 type:b q:34.62 q-aq:35.00 q-noVbv:34.62 q-Rceq:1.32 tex:9 mv:980 misc:459 icu:0.00 pcu:282.00 scu:1014.00 tlayer:4 pbqpoffset:7.09 pbfactor:2.27 avgQpOffsetCutree:0.00;
in:98 out:83 type:k q:27.46 q-aq:21.18 q-noVbv:27.46 q-Rceq:1.32 tex:303971 mv:34769 misc:2444 icu:1159.25 pcu:136.75 scu:0.00 tlayer:0 pbqpoffset:0.87 pbfactor:1.11 avgQpOffsetCutree:-7.14;
in:90 out:84 type:B q:29.69 q-aq:24.01 q-noVbv:29.69 q-Rceq:1.32 tex:214786 mv:14958 misc:3304 icu:246.25 pcu:977.50 scu:72.25 tlayer:1 pbqpoffset:2.20 pbfactor:1.29 avgQpOffsetCutree:-5.87;
in:86 out:85 type:B q:30.84 q-aq:27.19 q-noVbv:30.84 q-Rceq:1.32 tex:53659 mv:10404 misc:3889 icu:56.00 pcu:816.25 scu:423.75 tlayer:2 pbqpoffset:3.33 pbfactor:1.47 avgQpOffsetCutree:-3.05;
in:84 out:86 type:B q:31.17 q-aq:28.88 q-noVbv:31.17 q-Rceq:1.32 tex:28149 mv:11811 misc:3624 icu:36.75 pcu:661.00 scu:598.25 tlayer:3 pbqpoffset:3.65 pbfactor:1.52 avgQpOffsetCutree:-2.16;
in:83 out:87 type:b q:34.45 q-aq:34.00 q-noVbv:34.45 q-Rceq:1.32 tex:214 mv:1533 misc:725 icu:4.00 pcu:368.50 scu:923.50 tlayer:4 pbqpoffset:6.92 pbfactor:2.23 avgQpOffsetCutree:0.00;
in:85 out:88 type:b q:34.58 q-aq:35.00 q-noVbv:34.58 q-Rceq:1.32 tex:352 mv:2249 misc:775 icu:1.00 pcu:589.75 scu:705.25 tlayer:4 pbqpoffset:7.06 pbfactor:2.26 avgQpOffsetCutree:0.00;
in:88 out:89 type:B q:31.56 q-aq:30.01 q-noVbv:31.56 q-Rceq:1.32 tex:296 mv:3169 misc:1023 icu:0.00 pcu:645.00 scu:651.00 tlayer:3 pbqpoffset:4.06 pbfactor:1.60 avgQpOffsetCutree:-1.72;
in:87 out:90 type:b q:34.57 q-aq:35.00 q-noVbv:34.57 q-Rceq:1.32 tex:10 mv:1385 misc:605 icu:0.00 pcu:453.00 scu:843.00 tlayer:4 pbqpoffset:7.06 pbfactor:2.26 avgQpOffsetCutree:0.00;
in:89 out:91 type:b q:34.56 q-aq:35.00 q-noVbv:34.56 q-Rceq:1.32 tex:47 mv:1258 misc:567 icu:0.00 pcu:480.00 scu:816.00 tlayer:4 pbqpoffset:7.06 pbfactor:2.26 avgQpOffsetCutree:0.00;
in:94 out:92 type:B q:31.54 q-aq:27.58 q-noVbv:31.54 q-Rceq:1.32 tex:6501 mv:5087 misc:2396 icu:3.25 pcu:789.25 scu:503.50 tlayer:2 pbqpoffset:4.06 pbfactor:1.60 avgQpOffsetCutree:-3.41;
in:92 out:93 type:B q:31.55 q-aq:28.39 q-noVbv:31.55 q-Rceq:1.32 tex:17 mv:2669 misc:1066 icu:0.00 pcu:560.00 scu:736.00 tlayer:3 pbqpoffset:4.06 pbfactor:1.60 avgQpOffsetCutree:-1.99;
in:91 out:94 type:b q:34.55 q-aq:35.00 q-noVbv:34.55 q-Rceq:1.32 tex:9 mv:1056 misc:519 icu:0.00 pcu:390.00 scu:906.00 tlayer:4 pbqpoffset:7.06 pbfactor:2.26 avgQpOffsetCutree:0.00;
in:93 out:95 type:b q:34.45 q-aq:34.00 q-noVbv:34.45 q-Rceq:1.32 tex:5 mv:961 misc:578 icu:0.00 pcu:337.00 scu:959.00 tlayer:4 pbqpoffset:6.97 pbfactor:2.24 avgQpOffsetCutree:0.00;
in:96 out:96 type:B q:31.53 q-aq:30.65 q-noVbv:31.53 q-Rceq:1.32 tex:9392 mv:4451 misc:1949 icu:72.75 pcu:687.25 scu:536.00 tlayer:3 pbqpoffset:4.06 pbfactor:1.60 avgQpOffsetCutree:-1.22;
in:95 out:97 type:b q:34.53 q-aq:35.00 q-noVbv:34.53 q-Rceq:1.32 tex:396 mv:2020 misc:944 icu:0.00 pcu:423.00 scu:873.00 tlayer:4 pbqpoffset:7.06 pbfactor:2.26 avgQpOffsetCutree:0.00;
in:97 out:98 type:b q:34.52 q-aq:35.00 q-noVbv:34.52 q-Rceq:1.32 tex:46 mv:1385 misc:601 icu:0.00 pcu:403.25 scu:892.75 tlayer:4 pbqpoffset:7.06 pbfactor:2.26 avgQpOffsetCutree:0.00;
in:114 out:99 type:k q:26.91 q-aq:20.67 q-noVbv:26.91 q-Rceq:1.32 tex:315385 mv:38066 misc:2381 icu:1174.25 pcu:121.25 scu:0.50 tlayer:0 pbqpoffset:2.39 pbfactor:1.32 avgQpOffsetCutree:-7.11;
in:106 out:100 type:B q:29.43 q-aq:23.07 q-noVbv:29.43 q-Rceq:1.32 tex:184373 mv:19546 misc:3641 icu:178.50 pcu:1025.25 scu:92.25 tlayer:1 pbqpoffset:2.25 pbfactor:1.30 avgQpOffsetCutree:-6.07;
in:102 out:101 type:B q:31.44 q-aq:26.73 q-noVbv:31.44 q-Rceq:1.32 tex:33969 mv:11335 misc:3360 icu:11.75 pcu:801.50 scu:482.75 tlayer:2 pbqpoffset:4.12 pbfactor:1.61 avgQpOffsetCutree:-3.75;
in:100 out:102 type:B q:31.50 q-aq:29.16 q-noVbv:31.50 q-Rceq:1.32 tex:6579 mv:5687 misc:1966 icu:4.25 pcu:763.00 scu:528.75 tlayer:3 pbqpoffset:4.12 pbfactor:1.61 avgQpOffsetCutree:-2.10;
in:99 out:103 type:b q:34.53 q-aq:35.00 q-noVbv:34.53 q-Rceq:1.32 tex:161 mv:1052 misc:579 icu:1.00 pcu:342.75 scu:952.25 tlayer:4 pbqpoffset:7.11 pbfactor:2.27 avgQpOffsetCutree:0.00;
in:101 out:104 type:b q:34.47 q-aq:34.00 q-noVbv:34.47 q-Rceq:1.32 tex:7 mv:1323 misc:558 icu:0.00 pcu:479.25 scu:816.75 tlayer:4 pbqpoffset:7.12 pbfactor:2.28 avgQpOffsetCutree:0.00;
in:104 out:105 type:B q:31.37 q-aq:29.47 q-noVbv:31.37 q-Rceq:1.32 tex:146 mv:3375 misc:983 icu:0.00 pcu:671.75 scu:624.25 tlayer:3 pbqpoffset:4.12 pbfactor:1.61 avgQpOffsetCutree:-1.55;
in:103 out:106 type:b q:34.40 q-aq:34.00 q-noVbv:34.40 q-Rceq:1.32 tex:19 mv:1168 misc:541 icu:4.00 pcu:343.25 scu:948.75 tlayer:4 pbqpoffset:7.12 pbfactor:2.28 avgQpOffsetCutree:0.00;
in:105 out:107 type:b q:34.33 q-aq:34.00 q-noVbv:34.33 q-Rceq:1.32 tex:9 mv:1601 misc:606 icu:0.00 pcu:571.00 scu:725.00 tlayer:4 pbqpoffset:7.12 pbfactor:2.28 avgQpOffsetCutree:0.00;
in:110 out:108 type:B q:31.16 q-aq:27.11 q-noVbv:31.16 q-Rceq:1.32 tex:8705 mv:6489 misc:2790 icu:5.25 pcu:730.00 scu:560.75 tlayer:2 pbqpoffset:4.12 pbfactor:1.61 avgQpOffsetCutree:-3.39;
in:108 out:109 type:B q:31.23 q-aq:29.21 q-noVbv:31.23 q-Rceq:1.32 tex:106 mv:2630 misc:1128 icu:0.00 pcu:614.25 scu:681.75 tlayer:3 pbqpoffset:4.12 pbfactor:1.61 avgQpOffsetCutree:-2.08;
in:107 out:110 type:b q:34.26 q-aq:34.00 q-noVbv:34.26 q-Rceq:1.32 tex:9 mv:1026 misc:541 icu:0.00 pcu:424.00 scu:872.00 tlayer:4 pbqpoffset:7.12 pbfactor:2.28 avgQpOffsetCutree:0.00;
in:109 out:111 type:b q:34.20 q-aq:34.00 q-noVbv:34.20 q-Rceq:1.32 tex:9 mv:1082 misc:589 icu:0.00 pcu:408.00 scu:888.00 tlayer:4 pbqpoffset:7.12 pbfactor:2.28 avgQpOffsetCutree:0.00;
in:112 out:112 type:B q:31.09 q-aq:30.43 q-noVbv:31.09 q-Rceq:1.32 tex:12596 mv:5150 misc:1950 icu:43.50 pcu:630.00 scu:622.50 tlayer:3 pbqpoffset:4.12 pbfactor:1.61 avgQpOffsetCutree:-1.12;
in:111 out:113 type:b q:34.13 q-aq:34.00 q-noVbv:34.13 q-Rceq:1.32 tex:225 mv:1882 misc:1037 icu:0.00 pcu:328.75 scu:967.25 tlayer:4 pbqpoffset:7.12 pbfactor:2.28 avgQpOffsetCutree:0.00;
in:113 out:114 type:b q:34.06 q-aq:34.00 q-noVbv:34.06 q-Rceq:1.32 tex:156 mv:1577 misc:563 icu:0.00 pcu:459.25 scu:836.75 tlayer:4 pbqpoffset:7.12 pbfactor:2.28 avgQpOffsetCutree:0.00;
in:130 out:115 type:k q:26.96 q-aq:20.43 q-noVbv:26.96 q-Rceq:1.32 tex:362408 mv:42760 misc:2336 icu:1164.75 pcu:131.25 scu:0.00 tlayer:0 pbqpoffset:0.40 pbfactor:1.05 avgQpOffsetCutree:-7.58;
in:122 out:116 type:B q:29.25 q-aq:23.20 q-noVbv:29.25 q-Rceq:1.32 tex:217153 mv:20008 misc:3671 icu:179.00 pcu:1022.75 scu:94.25 tlayer:1 pbqpoffset:2.32 pbfactor:1.31 avgQpOffsetCutree:-5.99;
in:118 out:117 type:B q:30.84 q-aq:26.48 q-noVbv:30.84 q-Rceq:1.32 tex:38461 mv:13157 misc:3774 icu:23.00 pcu:870.25 scu:402.75 tlayer:2 pbqpoffset:3.92 pbfactor:1.57 avgQpOffsetCutree:-3.60;
in:116 out:118 type:B q:31.10 q-aq:28.95 q-noVbv:31.10 q-Rceq:1.32 tex:16475 mv:8239 misc:2670 icu:9.25 pcu:779.50 scu:507.25 tlayer:3 pbqpoffset:4.18 pbfactor:1.62 avgQpOffsetCutree:-2.04;
in:115 out:119 type:b q:34.09 q-aq:34.00 q-noVbv:34.09 q-Rceq:1.32 tex:148 mv:1541 misc:671 icu:0.00 pcu:450.75 scu:845.25 tlayer:4 pbqpoffset:7.18 pbfactor:2.29 avgQpOffsetCutree:0.00;
in:117 out:120 type:b q:34.10 q-aq:34.00 q-noVbv:34.10 q-Rceq:1.32 tex:269 mv:2101 misc:790 icu:7.25 pcu:539.25 scu:749.50 tlayer:4 pbqpoffset:7.18 pbfactor:2.29 avgQpOffsetCutree:0.00;
in:120 out:121 type:B q:31.11 q-aq:28.70 q-noVbv:31.11 q-Rceq:1.32 tex:2518 mv:3775 misc:1315 icu:1.25 pcu:755.75 scu:539.00 tlayer:3 pbqpoffset:4.18 pbfactor:1.62 avgQpOffsetCutree:-1.95;
in:119 out:122 type:b q:34.10 q-aq:34.00 q-noVbv:34.10 q-Rceq:1.32 tex:228 mv:1607 misc:629 icu:4.00 pcu:520.25 scu:771.75 tlayer:4 pbqpoffset:7.18 pbfactor:2.29 avgQpOffsetCutree:0.00;
in:121 out:123 type:b q:34.11 q-aq:34.00 q-noVbv:34.11 q-Rceq:1.32 tex:40 mv:1014 misc:482 icu:0.00 pcu:406.50 scu:889.50 tlayer:4 pbqpoffset:7.18 pbfactor:2.29 avgQpOffsetCutree:0.00;
in:126 out:124 type:B q:31.13 q-aq:27.10 q-noVbv:31.13 q-Rceq:1.32 tex:8283 mv:4666 misc:2379 icu:2.25 pcu:924.50 scu:369.25 tlayer:2 pbqpoffset:4.18 pbfactor:1.62 avgQpOffsetCutree:-3.34;
in:124 out:125 type:B q:31.12 q-aq:28.88 q-noVbv:31.12 q-Rceq:1.32 tex:111 mv:2573 misc:1140 icu:0.00 pcu:648.25 scu:647.75 tlayer:3 pbqpoffset:4.18 pbfactor:1.62 avgQpOffsetCutree:-2.04;
in:123 out:126 type:b q:34.12 q-aq:34.00 q-noVbv:34.12 q-Rceq:1.32 tex:1 mv:857 misc:430 icu:0.00 pcu:325.00 scu:971.00 tlayer:4 pbqpoffset:7.18 pbfactor:2.29 avgQpOffsetCutree:0.00;
in:125 out:127 type:b q:34.12 q-aq:34.00 q-noVbv:34.12 q-Rceq:1.32 tex:10 mv:1017 misc:485 icu:0.00 pcu:473.00 scu:823.00 tlayer:4 pbqpoffset:7.18 pbfactor:2.29 avgQpOffsetCutree:0.00;
in:128 out:128 type:B q:31.13 q-aq:29.94 q-noVbv:31.13 q-Rceq:1.32 tex:9332 mv:4492 misc:1736 icu:22.25 pcu:639.00 scu:634.75 tlayer:3 pbqpoffset:4.18 pbfactor:1.62 avgQpOffsetCutree:-1.35;
in:127 out:129 type:b q:34.13 q-aq:34.00 q-noVbv:34.13 q-Rceq:1.32 tex:152 mv:883 misc:741 icu:0.00 pcu:313.00 scu:983.00 tlayer:4 pbqpoffset:7.18 pbfactor:2.29 avgQpOffsetCutree:0.00;
in:129 out:130 type:b q:34.13 q-aq:34.00 q-noVbv:34.13 q-Rceq:1.32 tex:215 mv:1325 misc:604 icu:0.00 pcu:425.00 scu:871.00 tlayer:4 pbqpoffset:7.18 pbfactor:2.29 avgQpOffsetCutree:0.00;
in:146 out:131 type:k q:27.20 q-aq:20.34 q-noVbv:27.20 q-Rceq:1.32 tex:389264 mv:39003 misc:2669 icu:947.25 pcu:347.75 scu:1.00 tlayer:0 pbqpoffset:0.74 pbfactor:1.09 avgQpOffsetCutree:-7.77;
in:138 out:132 type:B q:29.47 q-aq:23.60 q-noVbv:29.47 q-Rceq:1.32 tex:179475 mv:21346 misc:3963 icu:176.50 pcu:985.50 scu:134.00 tlayer:1 pbqpoffset:2.39 pbfactor:1.32 avgQpOffsetCutree:-5.49;
in:134 out:133 type:B q:31.21 q-aq:26.51 q-noVbv:31.21 q-Rceq:1.32 tex:32539 mv:14325 misc:3800 icu:38.00 pcu:783.25 scu:474.75 tlayer:2 pbqpoffset:4.19 pbfactor:1.62 avgQpOffsetCutree:-3.90;
in:132 out:134 type:B q:31.18 q-aq:29.53 q-noVbv:31.18 q-Rceq:1.32 tex:4849 mv:4504 misc:1415 icu:7.25 pcu:738.25 scu:550.50 tlayer:3 pbqpoffset:4.19 pbfactor:1.62 avgQpOffsetCutree:-1.30;
in:131 out:135 type:b q:34.16 q-aq:34.00 q-noVbv:34.16 q-Rceq:1.32 tex:409 mv:1958 misc:721 icu:8.00 pcu:501.25 scu:786.75 tlayer:4 pbqpoffset:7.19 pbfactor:2.29 avgQpOffsetCutree:0.00;
in:133 out:136 type:b q:34.19 q-aq:34.00 q-noVbv:34.19 q-Rceq:1.32 tex:90 mv:1356 misc:618 icu:0.00 pcu:403.25 scu:892.75 tlayer:4 pbqpoffset:7.19 pbfactor:2.29 avgQpOffsetCutree:0.00;
in:136 out:137 type:B q:31.24 q-aq:29.64 q-noVbv:31.24 q-Rceq:1.32 tex:6399 mv:5834 misc:2007 icu:14.25 pcu:803.25 scu:478.50 tlayer:3 pbqpoffset:4.19 pbfactor:1.62 avgQpOffsetCutree:-1.44;
in:135 out:138 type:b q:34.22 q-aq:34.00 q-noVbv:34.22 q-Rceq:1.32 tex:43 mv:1599 misc:750 icu:4.00 pcu:486.75 scu:805.25 tlayer:4 pbqpoffset:7.19 pbfactor:2.29 avgQpOffsetCutree:0.00;
in:137 out:139 type:b q:34.25 q-aq:34.00 q-noVbv:34.25 q-Rceq:1.32 tex:12 mv:1632 misc:724 icu:0.00 pcu:527.00 scu:769.00 tlayer:4 pbqpoffset:7.19 pbfactor:2.29 avgQpOffsetCutree:0.00;
in:142 out:140 type:B q:31.33 q-aq:27.65 q-noVbv:31.33 q-Rceq:1.32 tex:12568 mv:6222 misc:2762 icu:30.25 pcu:927.00 scu:338.75 tlayer:2 pbqpoffset:4.19 pbfactor:1.62 avgQpOffsetCutree:-3.06;
in:140 out:141 type:B q:31.30 q-aq:29.73 q-noVbv:31.30 q-Rceq:1.32 tex:610 mv:3415 misc:1223 icu:6.50 pcu:666.00 scu:623.50 tlayer:3 pbqpoffset:4.19 pbfactor:1.62 avgQpOffsetCutree:-1.82;
in:139 out:142 type:b q:34.28 q-aq:34.00 q-noVbv:34.28 q-Rceq:1.32 tex:91 mv:1233 misc:524 icu:0.00 pcu:382.00 scu:914.00 tlayer:4 pbqpoffset:7.19 pbfactor:2.29 avgQpOffsetCutree:0.00;
in:141 out:143 type:b q:34.31 q-aq:34.00 q-noVbv:34.31 q-Rceq:1.32 tex:62 mv:1376 misc:610 icu:0.00 pcu:438.00 scu:858.00 tlayer:4 pbqpoffset:7.19 pbfactor:2.29 avgQpOffsetCutree:0.00;
in:144 out:144 type:B q:30.70 q-aq:29.84 q-noVbv:30.70 q-Rceq:1.32 tex:25066 mv:7655 misc:2775 icu:66.50 pcu:715.75 scu:513.75 tlayer:3 pbqpoffset:3.53 pbfactor:1.50 avgQpOffsetCutree:-1.28;
in:143 out:145 type:b q:34.34 q-aq:34.00 q-noVbv:34.34 q-Rceq:1.32 tex:79 mv:1035 misc:694 icu:0.00 pcu:366.00 scu:930.00 tlayer:4 pbqpoffset:7.19 pbfactor:2.29 avgQpOffsetCutree:0.00;
in:145 out:146 type:b q:34.37 q-aq:34.00 q-noVbv:34.37 q-Rceq:1.32 tex:65 mv:1813 misc:714 icu:0.00 pcu:503.50 scu:792.50 tlayer:4 pbqpoffset:7.19 pbfactor:2.29 avgQpOffsetCutree:0.00;
in:162 out:147 type:k q:27.12 q-aq:20.81 q-noVbv:27.12 q-Rceq:1.32 tex:390617 mv:36898 misc:2757 icu:784.75 pcu:510.25 scu:1.00 tlayer:0 pbqpoffset:1.00 pbfactor:1.12 avgQpOffsetCutree:-7.30;
in:154 out:148 type:B q:29.97 q-aq:23.24 q-noVbv:29.97 q-Rceq:1.32 tex:129553 mv:20931 misc:4356 icu:132.75 pcu:1011.00 scu:152.25 tlayer:1 pbqpoffset:2.82 pbfactor:1.38 avgQpOffsetCutree:-5.75;
in:150 out:149 type:B q:31.30 q-aq:27.13 q-noVbv:31.30 q-Rceq:1.32 tex:15744 mv:10091 misc:3069 icu:37.50 pcu:862.00 scu:396.50 tlayer:2 pbqpoffset:4.13 pbfactor:1.61 avgQpOffsetCutree:-3.49;
in:148 out:150 type:B q:31.31 q-aq:29.76 q-noVbv:31.31 q-Rceq:1.32 tex:3081 mv:4677 misc:1426 icu:3.00 pcu:928.25 scu:364.75 tlayer:3 pbqpoffset:4.13 pbfactor:1.61 avgQpOffsetCutree:-1.61;
in:147 out:151 type:b q:34.32 q-aq:34.00 q-noVbv:34.32 q-Rceq:1.32 tex:90 mv:1995 misc:707 icu:0.00 pcu:573.00 scu:723.00 tlayer:4 pbqpoffset:7.13 pbfactor:2.28 avgQpOffsetCutree:0.00;
in:149 out:152 type:b q:34.31 q-aq:34.00 q-noVbv:34.31 q-Rceq:1.32 tex:113 mv:1974 misc:665 icu:0.00 pcu:559.00 scu:737.00 tlayer:4 pbqpoffset:7.13 pbfactor:2.28 avgQpOffsetCutree:0.00;
in:152 out:153 type:B q:31.29 q-aq:29.91 q-noVbv:31.29 q-Rceq:1.32 tex:3662 mv:4875 misc:1631 icu:2.25 pcu:757.50 scu:536.25 tlayer:3 pbqpoffset:4.13 pbfactor:1.61 avgQpOffsetCutree:-1.56;
in:151 out:154 type:b q:34.30 q-aq:34.00 q-noVbv:34.30 q-Rceq:1.32 tex:82 mv:2178 misc:636 icu:0.00 pcu:686.50 scu:609.50 tlayer:4 pbqpoffset:7.13 pbfactor:2.28 avgQpOffsetCutree:0.00;
in:153 out:155 type:b q:34.29 q-aq:34.00 q-noVbv:34.29 q-Rceq:1.32 tex:61 mv:1803 misc:656 icu:2.00 pcu:548.00 scu:746.00 tlayer:4 pbqpoffset:7.13 pbfactor:2.28 avgQpOffsetCutree:0.00;
in:158 out:156 type:B q:31.26 q-aq:27.55 q-noVbv:31.26 q-Rceq:1.32 tex:10594 mv:5041 misc:2581 icu:11.75 pcu:867.25 scu:417.00 tlayer:2 pbqpoffset:4.13 pbfactor:1.61 avgQpOffsetCutree:-3.06;
in:156 out:157 type:B q:31.27 q-aq:29.51 q-noVbv:31.27 q-Rceq:1.32 tex:298 mv:2544 misc:1046 icu:0.00 pcu:679.50 scu:616.50 tlayer:3 pbqpoffset:4.13 pbfactor:1.61 avgQpOffsetCutree:-1.70;
in:155 out:158 type:b q:34.28 q-aq:34.00 q-noVbv:34.28 q-Rceq:1.32 tex:149 mv:940 misc:479 icu:0.00 pcu:389.00 scu:907.00 tlayer:4 pbqpoffset:7.13 pbfactor:2.28 avgQpOffsetCutree:0.00;
in:157 out:159 type:b q:34.27 q-aq:34.00 q-noVbv:34.27 q-Rceq:1.32 tex:52 mv:1131 misc:545 icu:0.00 pcu:422.00 scu:874.00 tlayer:4 pbqpoffset:7.13 pbfactor:2.28 avgQpOffsetCutree:0.00;
in:160 out:160 type:B q:30.38 q-aq:29.82 q-noVbv:30.38 q-Rceq:1.32 tex:19408 mv:6666 misc:2622 icu:59.50 pcu:678.75 scu:557.75 tlayer:3 pbqpoffset:3.25 pbfactor:1.46 avgQpOffsetCutree:-1.01;
in:159 out:161 type:b q:34.26 q-aq:34.00 q-noVbv:34.26 q-Rceq:1.32 tex:187 mv:1561 misc:836 icu:0.00 pcu:559.50 scu:736.50 tlayer:4 pbqpoffset:7.13 pbfactor:2.28 avgQpOffsetCutree:0.00;
in:161 out:162 type:b q:34.25 q-aq:34.00 q-noVbv:34.25 q-Rceq:1.32 tex:161 mv:1634 misc:677 icu:4.00 pcu:538.75 scu:753.25 tlayer:4 pbqpoffset:7.13 pbfactor:2.28 avgQpOffsetCutree:0.00;
in:178 out:163 type:k q:27.52 q-aq:21.23 q-noVbv:27.52 q-Rceq:1.32 tex:348425 mv:39595 misc:2924 icu:993.75 pcu:301.75 scu:0.50 tlayer:0 pbqpoffset:1.16 pbfactor:1.14 avgQpOffsetCutree:-7.29;
in:170 out:164 type:B q:30.30 q-aq:23.55 q-noVbv:30.30 q-Rceq:1.32 tex:128981 mv:19150 misc:4181 icu:131.50 pcu:1026.50 scu:138.00 tlayer:1 pbqpoffset:2.98 pbfactor:1.41 avgQpOffsetCutree:-5.82;
in:166 out:165 type:B q:31.33 q-aq:27.14 q-noVbv:31.33 q-Rceq:1.32 tex:9855 mv:8651 misc:2630 icu:40.50 pcu:829.75 scu:425.75 tlayer:2 pbqpoffset:4.11 pbfactor:1.61 avgQpOffsetCutree:-3.44;
in:164 out:166 type:B q:31.28 q-aq:29.90 q-noVbv:31.28 q-Rceq:1.32 tex:5636 mv:5713 misc:1619 icu:29.00 pcu:809.00 scu:458.00 tlayer:3 pbqpoffset:4.11 pbfactor:1.61 avgQpOffsetCutree:-1.70;
in:163 out:167 type:b q:34.25 q-aq:34.00 q-noVbv:34.25 q-Rceq:1.32 tex:928 mv:2474 misc:846 icu:7.00 pcu:687.75 scu:601.25 tlayer:4 pbqpoffset:7.11 pbfactor:2.27 avgQpOffsetCutree:0.00;
in:165 out:168 type:b q:34.31 q-aq:34.00 q-noVbv:34.31 q-Rceq:1.32 tex:51 mv:1713 misc:676 icu:5.00 pcu:553.25 scu:737.75 tlayer:4 pbqpoffset:7.11 pbfactor:2.27 avgQpOffsetCutree:0.00;
in:168 out:169 type:B q:31.38 q-aq:30.10 q-noVbv:31.38 q-Rceq:1.32 tex:692 mv:3912 misc:1308 icu:14.00 pcu:719.75 scu:562.25 tlayer:3 pbqpoffset:4.11 pbfactor:1.61 avgQpOffsetCutree:-1.86;
in:167 out:170 type:b q:34.36 q-aq:34.00 q-noVbv:34.36 q-Rceq:1.32 tex:41 mv:1510 misc:553 icu:5.00 pcu:541.75 scu:749.25 tlayer:4 pbqpoffset:7.11 pbfactor:2.27 avgQpOffsetCutree:0.00;
in:169 out:171 type:b q:34.41 q-aq:34.00 q-noVbv:34.41 q-Rceq:1.32 tex:156 mv:1469 misc:631 icu:7.00 pcu:560.25 scu:728.75 tlayer:4 pbqpoffset:7.11 pbfactor:2.27 avgQpOffsetCutree:0.00;
in:174 out:172 type:B q:31.15 q-aq:27.22 q-noVbv:31.15 q-Rceq:1.32 tex:17368 mv:8254 misc:3226 icu:34.25 pcu:804.50 scu:457.25 tlayer:2 pbqpoffset:3.73 pbfactor:1.54 avgQpOffsetCutree:-3.27;
in:172 out:173 type:B q:31.48 q-aq:30.43 q-noVbv:31.48 q-Rceq:1.32 tex:484 mv:3919 misc:1349 icu:0.00 pcu:709.50 scu:586.50 tlayer:3 pbqpoffset:4.11 pbfactor:1.61 avgQpOffsetCutree:-1.74;
in:171 out:174 type:b q:34.46 q-aq:34.00 q-noVbv:34.46 q-Rceq:1.32 tex:7 mv:1057 misc:536 icu:0.00 pcu:420.00 scu:876.00 tlayer:4 pbqpoffset:7.11 pbfactor:2.27 avgQpOffsetCutree:0.00;
in:173 out:175 type:b q:34.51 q-aq:35.00 q-noVbv:34.51 q-Rceq:1.32 tex:11 mv:1311 misc:590 icu:0.00 pcu:389.00 scu:907.00 tlayer:4 pbqpoffset:7.11 pbfactor:2.27 avgQpOffsetCutree:0.00;
in:176 out:176 type:B q:30.93 q-aq:30.18 q-noVbv:30.93 q-Rceq:1.32 tex:25209 mv:7436 misc:2939 icu:80.75 pcu:683.75 scu:531.50 tlayer:3 pbqpoffset:3.46 pbfactor:1.49 avgQpOffsetCutree:-1.18;
in:175 out:177 type:b q:34.56 q-aq:35.00 q-noVbv:34.56 q-Rceq:1.32 tex:278 mv:1649 misc:961 icu:4.00 pcu:482.00 scu:810.00 tlayer:4 pbqpoffset:7.11 pbfactor:2.27 avgQpOffsetCutree:0.00;
in:177 out:178 type:b q:34.61 q-aq:35.00 q-noVbv:34.61 q-Rceq:1.32 tex:155 mv:1641 misc:684 icu:18.00 pcu:522.00 scu:756.00 tlayer:4 pbqpoffset:7.11 pbfactor:2.27 avgQpOffsetCutree:0.00;
in:194 out:179 type:k q:27.62 q-aq:21.16 q-noVbv:27.62 q-Rceq:1.32 tex:316457 mv:36892 misc:2763 icu:1124.50 pcu:171.25 scu:0.25 tlayer:0 pbqpoffset:1.03 pbfactor:1.13 avgQpOffsetCutree:-7.18;
in:186 out:180 type:B q:30.27 q-aq:23.61 q-noVbv:30.27 q-Rceq:1.32 tex:149703 mv:18893 misc:4092 icu:142.25 pcu:1001.00 scu:152.75 tlayer:1 pbqpoffset:2.70 pbfactor:1.37 avgQpOffsetCutree:-5.92;
in:182 out:181 type:B q:31.65 q-aq:27.38 q-noVbv:31.65 q-Rceq:1.32 tex:24237 mv:9962 misc:3313 icu:20.75 pcu:897.25 scu:378.00 tlayer:2 pbqpoffset:4.10 pbfactor:1.61 avgQpOffsetCutree:-3.53;
in:180 out:182 type:B q:31.63 q-aq:30.04 q-noVbv:31.63 q-Rceq:1.32 tex:15394 mv:7118 misc:2312 icu:35.50 pcu:856.00 scu:404.50 tlayer:3 pbqpoffset:4.10 pbfactor:1.61 avgQpOffsetCutree:-1.73;
in:179 out:183 type:b q:34.63 q-aq:35.00 q-noVbv:34.63 q-Rceq:1.32 tex:64 mv:1887 misc:753 icu:8.00 pcu:549.50 scu:738.50 tlayer:4 pbqpoffset:7.10 pbfactor:2.27 avgQpOffsetCutree:0.00;
in:181 out:184 type:b q:34.64 q-aq:35.00 q-noVbv:34.64 q-Rceq:1.32 tex:52 mv:1584 misc:676 icu:0.00 pcu:469.75 scu:826.25 tlayer:4 pbqpoffset:7.10 pbfactor:2.27 avgQpOffsetCutree:0.00;
in:184 out:185 type:B q:31.66 q-aq:29.98 q-noVbv:31.66 q-Rceq:1.32 tex:411 mv:3154 misc:955 icu:0.00 pcu:676.50 scu:619.50 tlayer:3 pbqpoffset:4.10 pbfactor:1.61 avgQpOffsetCutree:-1.80;
in:183 out:186 type:b q:34.65 q-aq:35.00 q-noVbv:34.65 q-Rceq:1.32 tex:9 mv:1202 misc:573 icu:4.00 pcu:409.25 scu:882.75 tlayer:4 pbqpoffset:7.10 pbfactor:2.27 avgQpOffsetCutree:0.00;
in:185 out:187 type:b q:34.66 q-aq:35.00 q-noVbv:34.66 q-Rceq:1.32 tex:8 mv:1081 misc:471 icu:0.00 pcu:430.00 scu:866.00 tlayer:4 pbqpoffset:7.10 pbfactor:2.27 avgQpOffsetCutree:0.00;
in:190 out:188 type:B q:31.70 q-aq:27.59 q-noVbv:31.70 q-Rceq:1.32 tex:7216 mv:5072 misc:2616 icu:13.75 pcu:764.00 scu:518.25 tlayer:2 pbqpoffset:4.10 pbfactor:1.61 avgQpOffsetCutree:-3.34;
in:188 out:189 type:B q:31.68 q-aq:29.36 q-noVbv:31.68 q-Rceq:1.32 tex:134 mv:2611 misc:1103 icu:0.00 pcu:617.00 scu:679.00 tlayer:3 pbqpoffset:4.10 pbfactor:1.61 avgQpOffsetCutree:-2.12;
in:187 out:190 type:b q:34.68 q-aq:35.00 q-noVbv:34.68 q-Rceq:1.32 tex:14 mv:775 misc:419 icu:0.00 pcu:428.00 scu:868.00 tlayer:4 pbqpoffset:7.10 pbfactor:2.27 avgQpOffsetCutree:0.00;
in:189 out:191 type:b q:34.69 q-aq:35.00 q-noVbv:34.69 q-Rceq:1.32 tex:14 mv:916 misc:550 icu:0.00 pcu:385.00 scu:911.00 tlayer:4 pbqpoffset:7.10 pbfactor:2.27 avgQpOffsetCutree:0.00;
in:192 out:192 type:B q:31.30 q-aq:30.59 q-noVbv:31.30 q-Rceq:1.32 tex:18654 mv:6653 misc:2693 icu:85.25 pcu:621.00 scu:589.75 tlayer:3 pbqpoffset:3.69 pbfactor:1.53 avgQpOffsetCutree:-1.22;
in:191 out:193 type:b q:34.70 q-aq:35.00 q-noVbv:34.70 q-Rceq:1.32 tex:54 mv:1447 misc:795 icu:0.00 pcu:435.00 scu:861.00 tlayer:4 pbqpoffset:7.10 pbfactor:2.27 avgQpOffsetCutree:0.00;
in:193 out:194 type:b q:34.71 q-aq:35.00 q-noVbv:34.71 q-Rceq:1.32 tex:11 mv:1624 misc:637 icu:0.00 pcu:562.00 scu:734.00 tlayer:4 pbqpoffset:7.10 pbfactor:2.27 avgQpOffsetCutree:0.00;
in:208 out:195 type:k q:28.46 q-aq:21.85 q-noVbv:28.46 q-Rceq:1.32 tex:259246 mv:36696 misc:2250 icu:1225.00 pcu:69.75 scu:1.25 tlayer:0 pbqpoffset:1.19 pbfactor:1.15 avgQpOffsetCutree:-7.25;
in:201 out:196 type:B q:30.21 q-aq:24.14 q-noVbv:30.21 q-Rceq:1.32 tex:159668 mv:20338 misc:3266 icu:210.25 pcu:975.25 scu:110.50 tlayer:1 pbqpoffset:2.17 pbfactor:1.28 avgQpOffsetCutree:-5.64;
in:198 out:197 type:B q:31.55 q-aq:27.40 q-noVbv:31.55 q-Rceq:1.32 tex:29721 mv:13640 misc:3927 icu:70.50 pcu:816.25 scu:409.25 tlayer:2 pbqpoffset:3.69 pbfactor:1.53 avgQpOffsetCutree:-3.44;
in:196 out:198 type:B q:31.78 q-aq:29.89 q-noVbv:31.78 q-Rceq:1.32 tex:5999 mv:6148 misc:1869 icu:21.75 pcu:818.00 scu:456.25 tlayer:3 pbqpoffset:4.03 pbfactor:1.59 avgQpOffsetCutree:-1.71;
in:195 out:199 type:b q:34.72 q-aq:35.00 q-noVbv:34.72 q-Rceq:1.32 tex:430 mv:1955 misc:655 icu:0.00 pcu:567.25 scu:728.75 tlayer:4 pbqpoffset:7.03 pbfactor:2.25 avgQpOffsetCutree:0.00;
in:197 out:200 type:b q:34.84 q-aq:35.00 q-noVbv:34.84 q-Rceq:1.32 tex:281 mv:1782 misc:657 icu:1.00 pcu:565.00 scu:730.00 tlayer:4 pbqpoffset:7.03 pbfactor:2.25 avgQpOffsetCutree:0.00;
in:200 out:201 type:B q:32.01 q-aq:31.77 q-noVbv:32.01 q-Rceq:1.32 tex:3081 mv:4281 misc:1414 icu:17.75 pcu:891.50 scu:386.75 tlayer:3 pbqpoffset:4.03 pbfactor:1.59 avgQpOffsetCutree:-0.88;
in:199 out:202 type:b q:34.95 q-aq:35.00 q-noVbv:34.95 q-Rceq:1.32 tex:404 mv:1851 misc:657 icu:2.00 pcu:578.00 scu:716.00 tlayer:4 pbqpoffset:7.03 pbfactor:2.25 avgQpOffsetCutree:0.00;
in:205 out:203 type:B q:32.06 q-aq:27.26 q-noVbv:32.06 q-Rceq:1.32 tex:21074 mv:6906 misc:3236 icu:36.00 pcu:883.50 scu:376.50 tlayer:2 pbqpoffset:3.78 pbfactor:1.55 avgQpOffsetCutree:-3.91;
in:203 out:204 type:B q:32.19 q-aq:31.50 q-noVbv:32.19 q-Rceq:1.32 tex:379 mv:2957 misc:824 icu:0.00 pcu:829.25 scu:466.75 tlayer:3 pbqpoffset:4.03 pbfactor:1.59 avgQpOffsetCutree:-1.79;
in:202 out:205 type:b q:35.13 q-aq:35.00 q-noVbv:35.13 q-Rceq:1.32 tex:56 mv:1443 misc:581 icu:0.00 pcu:518.50 scu:777.50 tlayer:4 pbqpoffset:7.03 pbfactor:2.25 avgQpOffsetCutree:0.00;
in:204 out:206 type:b q:35.25 q-aq:35.00 q-noVbv:35.25 q-Rceq:1.32 tex:55 mv:1060 misc:533 icu:0.00 pcu:485.00 scu:811.00 tlayer:4 pbqpoffset:7.03 pbfactor:2.25 avgQpOffsetCutree:0.00;
in:207 out:207 type:B q:32.43 q-aq:32.10 q-noVbv:32.43 q-Rceq:1.32 tex:196 mv:1468 misc:1048 icu:0.00 pcu:481.00 scu:815.00 tlayer:3 pbqpoffset:4.03 pbfactor:1.59 avgQpOffsetCutree:-1.12;
in:206 out:208 type:b q:35.37 q-aq:35.00 q-noVbv:35.37 q-Rceq:1.32 tex:8 mv:968 misc:464 icu:0.00 pcu:470.00 scu:826.00 tlayer:4 pbqpoffset:7.03 pbfactor:2.25 avgQpOffsetCutree:0.00;
in:212 out:209 type:k q:30.38 q-aq:21.82 q-noVbv:30.38 q-Rceq:1.32 tex:119479 mv:18126 misc:3939 icu:143.00 pcu:994.00 scu:159.00 tlayer:0 pbqpoffset:1.13 pbfactor:1.14 avgQpOffsetCutree:-7.20;
in:210 out:210 type:B q:31.13 q-aq:29.80 q-noVbv:31.13 q-Rceq:1.32 tex:5440 mv:5524 misc:1580 icu:10.25 pcu:902.00 scu:383.75 tlayer:1 pbqpoffset:1.71 pbfactor:1.22 avgQpOffsetCutree:-1.66;
in:209 out:211 type:b q:31.78 q-aq:32.00 q-noVbv:31.78 q-Rceq:1.32 tex:1123 mv:2351 misc:854 icu:0.25 pcu:605.50 scu:690.25 tlayer:2 pbqpoffset:2.84 pbfactor:1.39 avgQpOffsetCutree:0.00;
in:211 out:212 type:b q:32.74 q-aq:33.00 q-noVbv:32.74 q-Rceq:1.32 tex:169 mv:2102 misc:633 icu:0.00 pcu:680.50 scu:615.50 tlayer:2 pbqpoffset:2.84 pbfactor:1.39 avgQpOffsetCutree:0.00;
in:224 out:213 type:k q:28.79 q-aq:21.83 q-noVbv:28.79 q-Rceq:1.32 tex:261528 mv:37665 misc:2351 icu:1182.75 pcu:112.00 scu:1.25 tlayer:0 pbqpoffset:1.13 pbfactor:1.14 avgQpOffsetCutree:-7.10;
in:218 out:214 type:B q:31.40 q-aq:25.11 q-noVbv:31.40 q-Rceq:1.32 tex:86456 mv:15854 misc:4434 icu:121.00 pcu:846.25 scu:328.75 tlayer:1 pbqpoffset:1.81 pbfactor:1.23 avgQpOffsetCutree:-5.13;
in:215 out:215 type:B q:33.43 q-aq:30.36 q-noVbv:33.43 q-Rceq:1.32 tex:6127 mv:6524 misc:2101 icu:22.00 pcu:845.00 scu:429.00 tlayer:2 pbqpoffset:3.44 pbfactor:1.49 avgQpOffsetCutree:-2.63;
in:214 out:216 type:B q:33.56 q-aq:33.12 q-noVbv:33.56 q-Rceq:1.32 tex:1497 mv:2471 misc:952 icu:0.00 pcu:606.75 scu:689.25 tlayer:3 pbqpoffset:3.44 pbfactor:1.49 avgQpOffsetCutree:-0.91;
in:213 out:217 type:b q:36.15 q-aq:36.00 q-noVbv:36.15 q-Rceq:1.32 tex:6 mv:1341 misc:533 icu:0.00 pcu:433.75 scu:862.25 tlayer:4 pbqpoffset:5.89 pbfactor:1.98 avgQpOffsetCutree:0.00;
in:217 out:218 type:B q:33.16 q-aq:32.80 q-noVbv:33.16 q-Rceq:1.32 tex:1208 mv:3332 misc:1260 icu:2.00 pcu:684.00 scu:610.00 tlayer:3 pbqpoffset:3.44 pbfactor:1.49 avgQpOffsetCutree:-1.08;
in:216 out:219 type:b q:36.30 q-aq:36.00 q-noVbv:36.30 q-Rceq:1.32 tex:77 mv:1381 misc:550 icu:0.00 pcu:415.25 scu:880.75 tlayer:4 pbqpoffset:6.44 pbfactor:2.10 avgQpOffsetCutree:0.00;
in:221 out:220 type:B q:32.54 q-aq:28.64 q-noVbv:32.54 q-Rceq:1.32 tex:12341 mv:4346 misc:2489 icu:15.50 pcu:753.50 scu:527.00 tlayer:2 pbqpoffset:3.34 pbfactor:1.47 avgQpOffsetCutree:-3.32;
in:220 out:221 type:B q:32.77 q-aq:33.00 q-noVbv:32.77 q-Rceq:1.32 tex:98 mv:1486 misc:632 icu:0.00 pcu:488.00 scu:808.00 tlayer:3 pbqpoffset:3.44 pbfactor:1.49 avgQpOffsetCutree:-0.72;
in:219 out:222 type:b q:35.90 q-aq:36.00 q-noVbv:35.90 q-Rceq:1.32 tex:5 mv:925 misc:430 icu:0.00 pcu:372.25 scu:923.75 tlayer:4 pbqpoffset:6.44 pbfactor:2.10 avgQpOffsetCutree:0.00;
in:223 out:223 type:B q:32.26 q-aq:31.70 q-noVbv:32.26 q-Rceq:1.32 tex:712 mv:1796 misc:1276 icu:0.00 pcu:611.50 scu:684.50 tlayer:3 pbqpoffset:3.34 pbfactor:1.47 avgQpOffsetCutree:-0.90;
in:222 out:224 type:b q:35.13 q-aq:35.00 q-noVbv:35.13 q-Rceq:1.32 tex:9 mv:850 misc:477 icu:0.00 pcu:316.00 scu:980.00 tlayer:4 pbqpoffset:6.07 pbfactor:2.02 avgQpOffsetCutree:0.00;
in:232 out:225 type:k q:28.98 q-aq:20.90 q-noVbv:28.98 q-Rceq:1.32 tex:237192 mv:27555 misc:3557 icu:307.75 pcu:944.00 scu:44.25 tlayer:0 pbqpoffset:1.11 pbfactor:1.14 avgQpOffsetCutree:-7.30;
in:228 out:226 type:B q:30.56 q-aq:26.21 q-noVbv:30.56 q-Rceq:1.32 tex:32663 mv:14376 misc:4065 icu:30.50 pcu:814.00 scu:451.50 tlayer:1 pbqpoffset:1.67 pbfactor:1.21 avgQpOffsetCutree:-3.56;
in:226 out:227 type:B q:31.20 q-aq:29.38 q-noVbv:31.20 q-Rceq:1.32 tex:5690 mv:5447 misc:1887 icu:10.00 pcu:830.25 scu:455.75 tlayer:2 pbqpoffset:2.36 pbfactor:1.31 avgQpOffsetCutree:-1.93;
in:225 out:228 type:b q:32.24 q-aq:32.00 q-noVbv:32.24 q-Rceq:1.32 tex:123 mv:1979 misc:658 icu:0.00 pcu:608.00 scu:688.00 tlayer:3 pbqpoffset:3.42 pbfactor:1.49 avgQpOffsetCutree:0.00;
in:227 out:229 type:b q:32.12 q-aq:32.00 q-noVbv:32.12 q-Rceq:1.32 tex:695 mv:2532 misc:917 icu:10.00 pcu:727.75 scu:558.25 tlayer:3 pbqpoffset:3.26 pbfactor:1.46 avgQpOffsetCutree:0.00;
in:230 out:230 type:B q:31.29 q-aq:29.79 q-noVbv:31.29 q-Rceq:1.32 tex:4229 mv:4764 misc:1919 icu:7.50 pcu:804.75 scu:483.75 tlayer:2 pbqpoffset:2.36 pbfactor:1.31 avgQpOffsetCutree:-1.50;
in:229 out:231 type:b q:32.69 q-aq:33.00 q-noVbv:32.69 q-Rceq:1.32 tex:427 mv:2042 misc:731 icu:5.00 pcu:556.75 scu:734.25 tlayer:3 pbqpoffset:3.79 pbfactor:1.55 avgQpOffsetCutree:0.00;
in:231 out:232 type:b q:31.76 q-aq:32.00 q-noVbv:31.76 q-Rceq:1.32 tex:1080 mv:2043 misc:877 icu:2.00 pcu:574.00 scu:720.00 tlayer:3 pbqpoffset:2.81 pbfactor:1.38 avgQpOffsetCutree:0.00;
in:248 out:233 type:k q:27.45 q-aq:20.07 q-noVbv:27.45 q-Rceq:1.32 tex:294307 mv:29980 misc:2825 icu:944.00 pcu:348.25 scu:3.75 tlayer:0 pbqpoffset:1.10 pbfactor:1.14 avgQpOffsetCutree:-7.46;
in:240 out:234 type:B q:29.87 q-aq:25.08 q-noVbv:29.87 q-Rceq:1.32 tex:124439 mv:24863 misc:3578 icu:432.50 pcu:701.75 scu:161.75 tlayer:1 pbqpoffset:1.66 pbfactor:1.21 avgQpOffsetCutree:-4.12;
in:236 out:235 type:B q:31.11 q-aq:25.93 q-noVbv:31.11 q-Rceq:1.32 tex:22740 mv:8057 misc:3467 icu:26.75 pcu:858.75 scu:410.50 tlayer:2 pbqpoffset:2.51 pbfactor:1.34 avgQpOffsetCutree:-4.21;
in:234 out:236 type:B q:32.31 q-aq:30.77 q-noVbv:32.31 q-Rceq:1.32 tex:435 mv:2798 misc:879 icu:0.00 pcu:793.25 scu:502.75 tlayer:3 pbqpoffset:3.52 pbfactor:1.50 avgQpOffsetCutree:-1.91;
in:233 out:237 type:b q:35.29 q-aq:35.00 q-noVbv:35.29 q-Rceq:1.32 tex:198 mv:1253 misc:541 icu:0.00 pcu:558.50 scu:737.50 tlayer:4 pbqpoffset:6.40 pbfactor:2.10 avgQpOffsetCutree:0.00;
in:235 out:238 type:b q:35.21 q-aq:35.00 q-noVbv:35.21 q-Rceq:1.32 tex:31 mv:1181 misc:516 icu:0.00 pcu:492.00 scu:804.00 tlayer:4 pbqpoffset:6.52 pbfactor:2.12 avgQpOffsetCutree:0.00;
in:238 out:239 type:B q:31.32 q-aq:28.75 q-noVbv:31.32 q-Rceq:1.32 tex:3162 mv:2321 misc:1621 icu:1.50 pcu:781.75 scu:512.75 tlayer:3 pbqpoffset:2.92 pbfactor:1.40 avgQpOffsetCutree:-2.29;
in:237 out:240 type:b q:35.02 q-aq:35.00 q-noVbv:35.02 q-Rceq:1.32 tex:5 mv:1080 misc:475 icu:0.00 pcu:486.00 scu:810.00 tlayer:4 pbqpoffset:6.52 pbfactor:2.12 avgQpOffsetCutree:0.00;
in:239 out:241 type:b q:33.48 q-aq:33.77 q-noVbv:33.48 q-Rceq:1.32 tex:222 mv:1043 misc:703 icu:0.00 pcu:498.00 scu:798.00 tlayer:4 pbqpoffset:5.17 pbfactor:1.82 avgQpOffsetCutree:0.00;
in:244 out:242 type:B q:30.68 q-aq:26.47 q-noVbv:30.68 q-Rceq:1.32 tex:26998 mv:11745 misc:3225 icu:31.50 pcu:875.00 scu:389.50 tlayer:2 pbqpoffset:2.85 pbfactor:1.39 avgQpOffsetCutree:-3.44;
in:242 out:243 type:B q:31.36 q-aq:29.89 q-noVbv:31.36 q-Rceq:1.32 tex:8785 mv:6326 misc:2025 icu:17.25 pcu:766.00 scu:512.75 tlayer:3 pbqpoffset:3.33 pbfactor:1.47 avgQpOffsetCutree:-1.72;
in:241 out:244 type:b q:32.78 q-aq:33.00 q-noVbv:32.78 q-Rceq:1.32 tex:316 mv:1542 misc:718 icu:0.00 pcu:489.75 scu:806.25 tlayer:4 pbqpoffset:4.67 pbfactor:1.71 avgQpOffsetCutree:0.00;
in:243 out:245 type:b q:32.38 q-aq:32.01 q-noVbv:32.38 q-Rceq:1.32 tex:1468 mv:2735 misc:813 icu:1.25 pcu:704.75 scu:590.00 tlayer:4 pbqpoffset:4.45 pbfactor:1.67 avgQpOffsetCutree:0.00;
in:246 out:246 type:B q:31.16 q-aq:29.27 q-noVbv:31.16 q-Rceq:1.32 tex:2690 mv:4192 misc:1398 icu:0.50 pcu:785.75 scu:509.75 tlayer:3 pbqpoffset:3.52 pbfactor:1.50 avgQpOffsetCutree:-2.13;
in:245 out:247 type:b q:33.56 q-aq:34.00 q-noVbv:33.56 q-Rceq:1.32 tex:1003 mv:1790 misc:711 icu:0.00 pcu:451.25 scu:844.75 tlayer:4 pbqpoffset:5.82 pbfactor:1.96 avgQpOffsetCutree:0.00;
in:247 out:248 type:b q:34.07 q-aq:34.00 q-noVbv:34.07 q-Rceq:1.32 tex:5 mv:1249 misc:546 icu:0.00 pcu:405.00 scu:891.00 tlayer:4 pbqpoffset:6.52 pbfactor:2.12 avgQpOffsetCutree:0.00;
in:264 out:249 type:k q:27.88 q-aq:20.93 q-noVbv:27.88 q-Rceq:1.32 tex:268522 mv:29228 misc:2546 icu:906.75 pcu:387.00 scu:2.25 tlayer:0 pbqpoffset:1.03 pbfactor:1.13 avgQpOffsetCutree:-7.15;
in:256 out:250 type:B q:29.56 q-aq:25.24 q-noVbv:29.56 q-Rceq:1.32 tex:122155 mv:25926 misc:3191 icu:795.25 pcu:423.00 scu:77.75 tlayer:1 pbqpoffset:1.89 pbfactor:1.24 avgQpOffsetCutree:-4.06;
in:252 out:251 type:B q:30.78 q-aq:25.28 q-noVbv:30.78 q-Rceq:1.32 tex:16764 mv:6536 misc:3292 icu:16.00 pcu:842.00 scu:438.00 tlayer:2 pbqpoffset:3.22 pbfactor:1.45 avgQpOffsetCutree:-4.33;
in:250 out:252 type:B q:31.26 q-aq:29.80 q-noVbv:31.26 q-Rceq:1.32 tex:319 mv:2366 misc:931 icu:0.25 pcu:633.75 scu:662.00 tlayer:3 pbqpoffset:3.76 pbfactor:1.54 avgQpOffsetCutree:-1.72;
in:249 out:253 type:b q:34.23 q-aq:34.00 q-noVbv:34.23 q-Rceq:1.32 tex:84 mv:1074 misc:530 icu:0.00 pcu:428.50 scu:867.50 tlayer:4 pbqpoffset:6.76 pbfactor:2.18 avgQpOffsetCutree:0.00;
in:251 out:254 type:b q:34.29 q-aq:34.00 q-noVbv:34.29 q-Rceq:1.32 tex:70 mv:1341 misc:525 icu:0.00 pcu:592.00 scu:704.00 tlayer:4 pbqpoffset:6.76 pbfactor:2.18 avgQpOffsetCutree:0.00;
in:254 out:255 type:B q:31.33 q-aq:29.03 q-noVbv:31.33 q-Rceq:1.32 tex:3855 mv:3892 misc:1973 icu:9.00 pcu:744.25 scu:542.75 tlayer:3 pbqpoffset:3.72 pbfactor:1.54 avgQpOffsetCutree:-2.13;
in:253 out:256 type:b q:34.34 q-aq:34.00 q-noVbv:34.34 q-Rceq:1.32 tex:7 mv:1271 misc:570 icu:0.00 pcu:466.00 scu:830.00 tlayer:4 pbqpoffset:6.76 pbfactor:2.18 avgQpOffsetCutree:0.00;
in:255 out:257 type:b q:34.40 q-aq:34.00 q-noVbv:34.40 q-Rceq:1.32 tex:132 mv:1695 misc:741 icu:0.00 pcu:472.00 scu:824.00 tlayer:4 pbqpoffset:6.76 pbfactor:2.18 avgQpOffsetCutree:0.00;
in:260 out:258 type:B q:30.73 q-aq:26.62 q-noVbv:30.73 q-Rceq:1.32 tex:35459 mv:13468 misc:3745 icu:65.50 pcu:781.75 scu:448.75 tlayer:2 pbqpoffset:2.96 pbfactor:1.41 avgQpOffsetCutree:-3.45;
in:258 out:259 type:B q:31.48 q-aq:30.51 q-noVbv:31.48 q-Rceq:1.32 tex:5540 mv:4596 misc:1744 icu:15.00 pcu:636.25 scu:644.75 tlayer:3 pbqpoffset:3.76 pbfactor:1.54 avgQpOffsetCutree:-1.43;
in:257 out:260 type:b q:34.45 q-aq:34.36 q-noVbv:34.45 q-Rceq:1.32 tex:269 mv:1207 misc:596 icu:0.00 pcu:366.50 scu:929.50 tlayer:4 pbqpoffset:6.76 pbfactor:2.18 avgQpOffsetCutree:0.00;
in:259 out:261 type:b q:33.08 q-aq:33.00 q-noVbv:33.08 q-Rceq:1.32 tex:1101 mv:1852 misc:887 icu:10.00 pcu:449.75 scu:836.25 tlayer:4 pbqpoffset:5.33 pbfactor:1.85 avgQpOffsetCutree:0.00;
in:262 out:262 type:B q:31.58 q-aq:30.03 q-noVbv:31.58 q-Rceq:1.32 tex:4549 mv:5501 misc:1726 icu:13.75 pcu:741.25 scu:541.00 tlayer:3 pbqpoffset:3.76 pbfactor:1.54 avgQpOffsetCutree:-1.66;
in:261 out:263 type:b q:34.27 q-aq:34.00 q-noVbv:34.27 q-Rceq:1.32 tex:395 mv:2147 misc:714 icu:3.00 pcu:564.00 scu:729.00 tlayer:4 pbqpoffset:6.47 pbfactor:2.11 avgQpOffsetCutree:0.00;
in:263 out:264 type:b q:33.84 q-aq:34.00 q-noVbv:33.84 q-Rceq:1.32 tex:468 mv:1918 misc:742 icu:2.00 pcu:517.25 scu:776.75 tlayer:4 pbqpoffset:5.99 pbfactor:2.00 avgQpOffsetCutree:0.00;
in:280 out:265 type:k q:27.66 q-aq:20.30 q-noVbv:27.66 q-Rceq:1.32 tex:271137 mv:28677 misc:2722 icu:882.00 pcu:412.25 scu:1.75 tlayer:0 pbqpoffset:0.44 pbfactor:1.05 avgQpOffsetCutree:-7.47;
in:272 out:266 type:B q:29.69 q-aq:24.86 q-noVbv:29.69 q-Rceq:1.32 tex:124259 mv:24355 misc:3490 icu:494.75 pcu:696.00 scu:105.25 tlayer:1 pbqpoffset:1.92 pbfactor:1.25 avgQpOffsetCutree:-4.22;
in:268 out:267 type:B q:30.39 q-aq:25.24 q-noVbv:30.39 q-Rceq:1.32 tex:51752 mv:12212 misc:3940 icu:102.75 pcu:812.50 scu:380.75 tlayer:2 pbqpoffset:2.56 pbfactor:1.34 avgQpOffsetCutree:-4.25;
in:266 out:268 type:B q:31.64 q-aq:29.67 q-noVbv:31.64 q-Rceq:1.32 tex:4282 mv:4870 misc:1752 icu:5.00 pcu:725.25 scu:565.75 tlayer:3 pbqpoffset:3.79 pbfactor:1.55 avgQpOffsetCutree:-1.77;
in:265 out:269 type:b q:33.42 q-aq:33.11 q-noVbv:33.42 q-Rceq:1.32 tex:1741 mv:2400 misc:875 icu:6.00 pcu:610.75 scu:679.25 tlayer:4 pbqpoffset:5.56 pbfactor:1.90 avgQpOffsetCutree:0.00;
in:267 out:270 type:b q:34.63 q-aq:35.00 q-noVbv:34.63 q-Rceq:1.32 tex:48 mv:1074 misc:558 icu:0.00 pcu:386.00 scu:910.00 tlayer:4 pbqpoffset:6.79 pbfactor:2.19 avgQpOffsetCutree:0.00;
in:270 out:271 type:B q:31.59 q-aq:29.06 q-noVbv:31.59 q-Rceq:1.32 tex:2829 mv:2780 misc:1767 icu:7.50 pcu:631.00 scu:657.50 tlayer:3 pbqpoffset:3.79 pbfactor:1.55 avgQpOffsetCutree:-2.38;
in:269 out:272 type:b q:34.60 q-aq:35.00 q-noVbv:34.60 q-Rceq:1.32 tex:6 mv:1134 misc:500 icu:0.00 pcu:497.00 scu:799.00 tlayer:4 pbqpoffset:6.79 pbfactor:2.19 avgQpOffsetCutree:0.00;
in:271 out:273 type:b q:33.54 q-aq:34.00 q-noVbv:33.54 q-Rceq:1.32 tex:231 mv:1412 misc:853 icu:0.00 pcu:483.00 scu:813.00 tlayer:4 pbqpoffset:5.76 pbfactor:1.94 avgQpOffsetCutree:0.00;
in:276 out:274 type:B q:31.23 q-aq:27.01 q-noVbv:31.23 q-Rceq:1.32 tex:21908 mv:11744 misc:3540 icu:52.25 pcu:781.00 scu:462.75 tlayer:2 pbqpoffset:3.51 pbfactor:1.50 avgQpOffsetCutree:-3.48;
in:274 out:275 type:B q:31.53 q-aq:29.95 q-noVbv:31.53 q-Rceq:1.32 tex:6507 mv:5388 misc:1745 icu:6.25 pcu:794.75 scu:495.00 tlayer:3 pbqpoffset:3.79 pbfactor:1.55 avgQpOffsetCutree:-1.75;
in:273 out:276 type:b q:34.27 q-aq:34.00 q-noVbv:34.27 q-Rceq:1.32 tex:255 mv:1754 misc:735 icu:5.00 pcu:469.00 scu:822.00 tlayer:4 pbqpoffset:6.51 pbfactor:2.12 avgQpOffsetCutree:0.00;
in:275 out:277 type:b q:34.52 q-aq:35.00 q-noVbv:34.52 q-Rceq:1.32 tex:95 mv:1838 misc:651 icu:0.00 pcu:554.25 scu:741.75 tlayer:4 pbqpoffset:6.79 pbfactor:2.19 avgQpOffsetCutree:0.00;
in:278 out:278 type:B q:31.48 q-aq:29.98 q-noVbv:31.48 q-Rceq:1.32 tex:3715 mv:5413 misc:1768 icu:6.75 pcu:754.75 scu:534.50 tlayer:3 pbqpoffset:3.79 pbfactor:1.55 avgQpOffsetCutree:-1.72;
in:277 out:279 type:b q:33.45 q-aq:33.21 q-noVbv:33.45 q-Rceq:1.32 tex:375 mv:2252 misc:709 icu:0.00 pcu:646.75 scu:649.25 tlayer:4 pbqpoffset:5.75 pbfactor:1.94 avgQpOffsetCutree:0.00;
in:279 out:280 type:b q:34.46 q-aq:34.00 q-noVbv:34.46 q-Rceq:1.32 tex:124 mv:1434 misc:578 icu:0.00 pcu:442.25 scu:853.75 tlayer:4 pbqpoffset:6.79 pbfactor:2.19 avgQpOffsetCutree:0.00;
in:296 out:281 type:k q:27.82 q-aq:20.63 q-noVbv:27.82 q-Rceq:1.32 tex:260546 mv:26662 misc:2816 icu:792.25 pcu:500.75 scu:3.00 tlayer:0 pbqpoffset:1.00 pbfactor:1.12 avgQpOffsetCutree:-7.31;
in:288 out:282 type:B q:29.64 q-aq:24.40 q-noVbv:29.64 q-Rceq:1.32 tex:125023 mv:22848 misc:3593 icu:411.50 pcu:751.00 scu:133.50 tlayer:1 pbqpoffset:1.90 pbfactor:1.25 avgQpOffsetCutree:-4.55;
in:284 out:283 type:B q:30.11 q-aq:25.10 q-noVbv:30.11 q-Rceq:1.32 tex:52829 mv:11807 misc:3996 icu:88.75 pcu:820.50 scu:386.75 tlayer:2 pbqpoffset:2.40 pbfactor:1.32 avgQpOffsetCutree:-4.11;
in:282 out:284 type:B q:31.45 q-aq:29.94 q-noVbv:31.45 q-Rceq:1.32 tex:4529 mv:4855 misc:1848 icu:22.25 pcu:780.75 scu:493.00 tlayer:3 pbqpoffset:3.77 pbfactor:1.55 avgQpOffsetCutree:-1.66;
in:281 out:285 type:b q:34.44 q-aq:34.00 q-noVbv:34.44 q-Rceq:1.32 tex:384 mv:1658 misc:606 icu:1.00 pcu:550.00 scu:745.00 tlayer:4 pbqpoffset:6.77 pbfactor:2.19 avgQpOffsetCutree:0.00;
in:283 out:286 type:b q:34.46 q-aq:34.00 q-noVbv:34.46 q-Rceq:1.32 tex:201 mv:1933 misc:634 icu:0.00 pcu:590.50 scu:705.50 tlayer:4 pbqpoffset:6.77 pbfactor:2.19 avgQpOffsetCutree:0.00;
in:286 out:287 type:B q:31.01 q-aq:28.43 q-noVbv:31.01 q-Rceq:1.32 tex:13120 mv:5772 misc:2820 icu:24.50 pcu:627.75 scu:643.75 tlayer:3 pbqpoffset:3.29 pbfactor:1.46 avgQpOffsetCutree:-2.30;
in:285 out:288 type:b q:33.81 q-aq:34.00 q-noVbv:33.81 q-Rceq:1.32 tex:421 mv:1579 misc:648 icu:0.00 pcu:483.75 scu:812.25 tlayer:4 pbqpoffset:6.10 pbfactor:2.02 avgQpOffsetCutree:0.00;
in:287 out:289 type:b q:32.40 q-aq:32.07 q-noVbv:32.40 q-Rceq:1.32 tex:309 mv:1548 misc:983 icu:2.00 pcu:476.50 scu:817.50 tlayer:4 pbqpoffset:4.67 pbfactor:1.71 avgQpOffsetCutree:0.00;
in:292 out:290 type:B q:31.38 q-aq:27.08 q-noVbv:31.38 q-Rceq:1.32 tex:16281 mv:9739 misc:2756 icu:62.50 pcu:886.75 scu:346.75 tlayer:2 pbqpoffset:3.60 pbfactor:1.52 avgQpOffsetCutree:-3.52;
in:290 out:291 type:B q:31.53 q-aq:30.24 q-noVbv:31.53 q-Rceq:1.32 tex:2219 mv:4337 misc:1468 icu:25.00 pcu:698.75 scu:572.25 tlayer:3 pbqpoffset:3.77 pbfactor:1.55 avgQpOffsetCutree:-1.61;
in:289 out:292 type:b q:34.52 q-aq:35.00 q-noVbv:34.52 q-Rceq:1.32 tex:59 mv:1242 misc:555 icu:0.00 pcu:328.00 scu:968.00 tlayer:4 pbqpoffset:6.77 pbfactor:2.19 avgQpOffsetCutree:0.00;
in:291 out:293 type:b q:33.67 q-aq:34.00 q-noVbv:33.67 q-Rceq:1.32 tex:343 mv:1969 misc:656 icu:10.00 pcu:654.25 scu:631.75 tlayer:4 pbqpoffset:5.90 pbfactor:1.98 avgQpOffsetCutree:0.00;
in:294 out:294 type:B q:31.57 q-aq:29.95 q-noVbv:31.57 q-Rceq:1.32 tex:4638 mv:5032 misc:1714 icu:26.25 pcu:773.00 scu:496.75 tlayer:3 pbqpoffset:3.77 pbfactor:1.55 avgQpOffsetCutree:-1.82;
in:293 out:295 type:b q:34.56 q-aq:35.00 q-noVbv:34.56 q-Rceq:1.32 tex:463 mv:1822 misc:659 icu:0.00 pcu:543.00 scu:753.00 tlayer:4 pbqpoffset:6.77 pbfactor:2.19 avgQpOffsetCutree:0.00;
in:295 out:296 type:b q:34.58 q-aq:35.00 q-noVbv:34.58 q-Rceq:1.32 tex:75 mv:1608 misc:613 icu:0.00 pcu:439.25 scu:856.75 tlayer:4 pbqpoffset:6.77 pbfactor:2.19 avgQpOffsetCutree:0.00;
in:306 out:297 type:k q:29.04 q-aq:21.75 q-noVbv:29.04 q-Rceq:1.32 tex:229743 mv:26158 misc:2435 icu:874.75 pcu:416.25 scu:5.00 tlayer:0 pbqpoffset:0.52 pbfactor:1.06 avgQpOffsetCutree:-7.06;
in:301 out:298 type:B q:30.97 q-aq:25.98 q-noVbv:30.97 q-Rceq:1.32 tex:35108 mv:10494 misc:3670 icu:95.50 pcu:863.75 scu:336.75 tlayer:1 pbqpoffset:2.54 pbfactor:1.34 avgQpOffsetCutree:-4.05;
in:299 out:299 type:B q:31.88 q-aq:29.10 q-noVbv:31.88 q-Rceq:1.32 tex:4538 mv:4863 misc:1879 icu:7.25 pcu:736.50 scu:552.25 tlayer:2 pbqpoffset:3.69 pbfactor:1.53 avgQpOffsetCutree:-2.48;
in:298 out:300 type:B q:31.76 q-aq:31.30 q-noVbv:31.76 q-Rceq:1.32 tex:2284 mv:2848 misc:1084 icu:7.25 pcu:536.25 scu:752.50 tlayer:3 pbqpoffset:3.69 pbfactor:1.53 avgQpOffsetCutree:-1.03;
in:297 out:301 type:b q:34.63 q-aq:35.00 q-noVbv:34.63 q-Rceq:1.32 tex:227 mv:1993 misc:692 icu:0.00 pcu:533.25 scu:762.75 tlayer:4 pbqpoffset:6.69 pbfactor:2.17 avgQpOffsetCutree:0.00;
in:300 out:302 type:b q:35.00 q-aq:35.00 q-noVbv:35.00 q-Rceq:1.32 tex:78 mv:1102 misc:540 icu:0.00 pcu:377.00 scu:919.00 tlayer:3 pbqpoffset:6.69 pbfactor:2.17 avgQpOffsetCutree:0.00;
in:304 out:303 type:B q:31.38 q-aq:29.92 q-noVbv:31.38 q-Rceq:1.32 tex:17475 mv:5818 misc:2603 icu:73.75 pcu:574.50 scu:647.75 tlayer:2 pbqpoffset:2.58 pbfactor:1.35 avgQpOffsetCutree:-1.58;
in:303 out:304 type:B q:32.37 q-aq:31.86 q-noVbv:32.37 q-Rceq:1.32 tex:641 mv:1973 misc:1058 icu:6.50 pcu:580.75 scu:708.75 tlayer:3 pbqpoffset:3.69 pbfactor:1.53 avgQpOffsetCutree:-0.92;
in:302 out:305 type:b q:35.24 q-aq:35.00 q-noVbv:35.24 q-Rceq:1.32 tex:43 mv:872 misc:493 icu:0.00 pcu:288.25 scu:1007.75 tlayer:4 pbqpoffset:6.69 pbfactor:2.17 avgQpOffsetCutree:0.00;
in:305 out:306 type:b q:35.61 q-aq:36.00 q-noVbv:35.61 q-Rceq:1.32 tex:8 mv:940 misc:444 icu:0.00 pcu:309.50 scu:986.50 tlayer:3 pbqpoffset:6.69 pbfactor:2.17 avgQpOffsetCutree:0.00;
in:315 out:307 type:k q:28.17 q-aq:20.32 q-noVbv:28.17 q-Rceq:1.32 tex:175625 mv:22006 misc:3017 icu:382.00 pcu:876.75 scu:37.25 tlayer:0 pbqpoffset:0.76 pbfactor:1.09 avgQpOffsetCutree:-6.79;
in:311 out:308 type:B q:30.13 q-aq:25.44 q-noVbv:30.13 q-Rceq:1.32 tex:24731 mv:12443 misc:3578 icu:64.75 pcu:734.00 scu:497.25 tlayer:1 pbqpoffset:1.57 pbfactor:1.20 avgQpOffsetCutree:-3.81;
in:309 out:309 type:B q:30.62 q-aq:28.56 q-noVbv:30.62 q-Rceq:1.32 tex:6452 mv:6669 misc:2335 icu:28.00 pcu:738.50 scu:529.50 tlayer:2 pbqpoffset:1.86 pbfactor:1.24 avgQpOffsetCutree:-2.02;
in:308 out:310 type:B q:31.08 q-aq:30.82 q-noVbv:31.08 q-Rceq:1.32 tex:2548 mv:3549 misc:1215 icu:7.50 pcu:614.75 scu:673.75 tlayer:3 pbqpoffset:2.23 pbfactor:1.29 avgQpOffsetCutree:-0.96;
in:307 out:311 type:b q:31.68 q-aq:32.00 q-noVbv:31.68 q-Rceq:1.32 tex:939 mv:2527 misc:838 icu:6.00 pcu:624.75 scu:665.25 tlayer:4 pbqpoffset:2.73 pbfactor:1.37 avgQpOffsetCutree:0.00;
in:310 out:312 type:b q:31.92 q-aq:32.00 q-noVbv:31.92 q-Rceq:1.32 tex:1075 mv:2554 misc:811 icu:9.00 pcu:684.25 scu:602.75 tlayer:3 pbqpoffset:3.27 pbfactor:1.46 avgQpOffsetCutree:0.00;
in:313 out:313 type:B q:30.73 q-aq:29.15 q-noVbv:30.73 q-Rceq:1.32 tex:4469 mv:4517 misc:1638 icu:15.50 pcu:654.25 scu:626.25 tlayer:2 pbqpoffset:2.36 pbfactor:1.31 avgQpOffsetCutree:-1.64;
in:312 out:314 type:b q:31.88 q-aq:32.00 q-noVbv:31.88 q-Rceq:1.32 tex:1274 mv:2449 misc:869 icu:0.00 pcu:616.50 scu:679.50 tlayer:3 pbqpoffset:3.42 pbfactor:1.48 avgQpOffsetCutree:0.00;
in:314 out:315 type:b q:31.84 q-aq:32.00 q-noVbv:31.84 q-Rceq:1.32 tex:574 mv:2114 misc:760 icu:1.00 pcu:564.00 scu:731.00 tlayer:3 pbqpoffset:3.58 pbfactor:1.51 avgQpOffsetCutree:0.00;
in:325 out:316 type:k q:28.54 q-aq:21.21 q-noVbv:28.54 q-Rceq:1.32 tex:221707 mv:24829 misc:2752 icu:782.75 pcu:502.25 scu:11.00 tlayer:0 pbqpoffset:0.76 pbfactor:1.09 avgQpOffsetCutree:-6.96;
in:320 out:317 type:B q:29.88 q-aq:25.84 q-noVbv:29.88 q-Rceq:1.32 tex:84458 mv:17653 misc:3825 icu:262.75 pcu:825.50 scu:207.75 tlayer:1 pbqpoffset:1.52 pbfactor:1.19 avgQpOffsetCutree:-3.46;
in:318 out:318 type:B q:31.10 q-aq:28.02 q-noVbv:31.10 q-Rceq:1.32 tex:5638 mv:4211 misc:2143 icu:6.50 pcu:666.75 scu:622.75 tlayer:2 pbqpoffset:2.82 pbfactor:1.38 avgQpOffsetCutree:-2.61;
in:317 out:319 type:B q:31.63 q-aq:31.31 q-noVbv:31.63 q-Rceq:1.32 tex:135 mv:1470 misc:651 icu:0.00 pcu:499.75 scu:796.25 tlayer:3 pbqpoffset:3.39 pbfactor:1.48 avgQpOffsetCutree:-0.88;
in:316 out:320 type:b q:34.60 q-aq:35.00 q-noVbv:34.60 q-Rceq:1.32 tex:6 mv:1015 misc:499 icu:0.00 pcu:407.25 scu:888.75 tlayer:4 pbqpoffset:6.39 pbfactor:2.09 avgQpOffsetCutree:0.00;
in:319 out:321 type:b q:34.28 q-aq:34.00 q-noVbv:34.28 q-Rceq:1.32 tex:80 mv:1002 misc:614 icu:5.00 pcu:385.00 scu:906.00 tlayer:3 pbqpoffset:5.96 pbfactor:1.99 avgQpOffsetCutree:0.00;
in:323 out:322 type:B q:31.55 q-aq:29.58 q-noVbv:31.55 q-Rceq:1.32 tex:6695 mv:5808 misc:2033 icu:25.75 pcu:689.75 scu:580.50 tlayer:2 pbqpoffset:3.09 pbfactor:1.43 avgQpOffsetCutree:-2.07;
in:322 out:323 type:B q:31.73 q-aq:31.77 q-noVbv:31.73 q-Rceq:1.32 tex:1127 mv:3396 misc:1029 icu:8.25 pcu:677.50 scu:610.25 tlayer:3 pbqpoffset:3.30 pbfactor:1.46 avgQpOffsetCutree:-0.84;
in:321 out:324 type:b q:33.53 q-aq:34.00 q-noVbv:33.53 q-Rceq:1.32 tex:436 mv:1796 misc:656 icu:0.00 pcu:554.00 scu:742.00 tlayer:4 pbqpoffset:5.14 pbfactor:1.81 avgQpOffsetCutree:0.00;
in:324 out:325 type:b q:33.38 q-aq:33.00 q-noVbv:33.38 q-Rceq:1.32 tex:502 mv:1796 misc:606 icu:0.00 pcu:585.25 scu:710.75 tlayer:3 pbqpoffset:4.88 pbfactor:1.76 avgQpOffsetCutree:0.00;
in:341 out:326 type:k q:26.61 q-aq:19.08 q-noVbv:26.61 q-Rceq:1.32 tex:241094 mv:26496 misc:2618 icu:1028.00 pcu:267.25 scu:0.75 tlayer:0 pbqpoffset:0.79 pbfactor:1.10 avgQpOffsetCutree:-7.07;
in:333 out:327 type:B q:29.40 q-aq:23.64 q-noVbv:29.40 q-Rceq:1.32 tex:81395 mv:16309 misc:3920 icu:221.50 pcu:909.00 scu:165.50 tlayer:1 pbqpoffset:1.83 pbfactor:1.23 avgQpOffsetCutree:-4.82;
in:329 out:328 type:B q:31.42 q-aq:27.06 q-noVbv:31.42 q-Rceq:1.32 tex:11711 mv:8223 misc:2770 icu:20.00 pcu:736.50 scu:539.50 tlayer:2 pbqpoffset:3.37 pbfactor:1.48 avgQpOffsetCutree:-3.65;
in:327 out:329 type:B q:31.87 q-aq:30.09 q-noVbv:31.87 q-Rceq:1.32 tex:4835 mv:5118 misc:1735 icu:16.25 pcu:768.75 scu:511.00 tlayer:3 pbqpoffset:3.57 pbfactor:1.51 avgQpOffsetCutree:-1.82;
in:326 out:330 type:b q:33.88 q-aq:34.00 q-noVbv:33.88 q-Rceq:1.32 tex:532 mv:1886 misc:710 icu:0.00 pcu:567.75 scu:728.25 tlayer:4 pbqpoffset:5.46 pbfactor:1.88 avgQpOffsetCutree:0.00;
in:328 out:331 type:b q:33.90 q-aq:34.00 q-noVbv:33.90 q-Rceq:1.32 tex:500 mv:1817 misc:667 icu:4.00 pcu:555.25 scu:736.75 tlayer:4 pbqpoffset:5.72 pbfactor:1.94 avgQpOffsetCutree:0.00;
in:331 out:332 type:B q:31.38 q-aq:29.48 q-noVbv:31.38 q-Rceq:1.32 tex:338 mv:3113 misc:909 icu:0.25 pcu:732.00 scu:563.75 tlayer:3 pbqpoffset:3.57 pbfactor:1.51 avgQpOffsetCutree:-1.97;
in:330 out:333 type:b q:34.50 q-aq:35.00 q-noVbv:34.50 q-Rceq:1.32 tex:56 mv:1180 misc:484 icu:0.00 pcu:483.00 scu:813.00 tlayer:4 pbqpoffset:6.57 pbfactor:2.14 avgQpOffsetCutree:0.00;
in:332 out:334 type:b q:34.26 q-aq:34.00 q-noVbv:34.26 q-Rceq:1.32 tex:7 mv:968 misc:489 icu:0.00 pcu:320.00 scu:976.00 tlayer:4 pbqpoffset:6.57 pbfactor:2.14 avgQpOffsetCutree:0.00;
in:337 out:335 type:B q:29.16 q-aq:25.11 q-noVbv:29.16 q-Rceq:1.32 tex:63781 mv:13978 misc:3729 icu:176.25 pcu:695.50 scu:424.25 tlayer:2 pbqpoffset:2.06 pbfactor:1.27 avgQpOffsetCutree:-3.39;
in:335 out:336 type:B q:30.90 q-aq:30.51 q-noVbv:30.90 q-Rceq:1.32 tex:1088 mv:2676 misc:1452 icu:6.25 pcu:617.50 scu:672.25 tlayer:3 pbqpoffset:3.57 pbfactor:1.51 avgQpOffsetCutree:-1.05;
in:334 out:337 type:b q:34.02 q-aq:34.00 q-noVbv:34.02 q-Rceq:1.32 tex:73 mv:1180 misc:475 icu:0.00 pcu:521.00 scu:775.00 tlayer:4 pbqpoffset:6.57 pbfactor:2.14 avgQpOffsetCutree:0.00;
in:336 out:338 type:b q:31.53 q-aq:32.00 q-noVbv:31.53 q-Rceq:1.32 tex:3924 mv:2424 misc:1340 icu:13.00 pcu:572.00 scu:711.00 tlayer:4 pbqpoffset:4.31 pbfactor:1.65 avgQpOffsetCutree:0.00;
in:339 out:339 type:B q:30.42 q-aq:28.40 q-noVbv:30.42 q-Rceq:1.32 tex:6811 mv:6109 misc:2032 icu:10.50 pcu:716.75 scu:568.75 tlayer:3 pbqpoffset:3.57 pbfactor:1.51 avgQpOffsetCutree:-1.88;
in:338 out:340 type:b q:33.54 q-aq:34.00 q-noVbv:33.54 q-Rceq:1.32 tex:849 mv:2012 misc:683 icu:8.00 pcu:593.00 scu:695.00 tlayer:4 pbqpoffset:6.57 pbfactor:2.14 avgQpOffsetCutree:0.00;
in:340 out:341 type:b q:33.30 q-aq:33.00 q-noVbv:33.30 q-Rceq:1.32 tex:363 mv:1566 misc:671 icu:1.00 pcu:483.00 scu:812.00 tlayer:4 pbqpoffset:6.57 pbfactor:2.14 avgQpOffsetCutree:0.00;
in:352 out:342 type:k q:27.61 q-aq:20.20 q-noVbv:27.61 q-Rceq:1.32 tex:204993 mv:28863 misc:2472 icu:1195.75 pcu:97.75 scu:2.50 tlayer:0 pbqpoffset:0.77 pbfactor:1.09 avgQpOffsetCutree:-6.94;
in:347 out:343 type:B q:28.89 q-aq:23.49 q-noVbv:28.89 q-Rceq:1.32 tex:92809 mv:14817 misc:3358 icu:218.75 pcu:805.00 scu:272.25 tlayer:1 pbqpoffset:1.73 pbfactor:1.22 avgQpOffsetCutree:-4.70;
in:344 out:344 type:B q:29.96 q-aq:26.77 q-noVbv:29.96 q-Rceq:1.32 tex:15288 mv:8135 misc:3145 icu:47.25 pcu:656.25 scu:592.50 tlayer:2 pbqpoffset:3.07 pbfactor:1.43 avgQpOffsetCutree:-2.77;
in:343 out:345 type:B q:30.39 q-aq:29.97 q-noVbv:30.39 q-Rceq:1.32 tex:3004 mv:3252 misc:1272 icu:17.75 pcu:569.00 scu:709.25 tlayer:3 pbqpoffset:3.60 pbfactor:1.52 avgQpOffsetCutree:-0.80;
in:342 out:346 type:b q:33.30 q-aq:33.00 q-noVbv:33.30 q-Rceq:1.32 tex:543 mv:1759 misc:658 icu:0.00 pcu:515.75 scu:780.25 tlayer:4 pbqpoffset:6.60 pbfactor:2.14 avgQpOffsetCutree:0.00;
in:346 out:347 type:B q:30.67 q-aq:30.17 q-noVbv:30.67 q-Rceq:1.32 tex:2840 mv:4263 misc:1681 icu:9.50 pcu:618.00 scu:668.50 tlayer:3 pbqpoffset:3.60 pbfactor:1.52 avgQpOffsetCutree:-1.02;
in:345 out:348 type:b q:32.80 q-aq:33.00 q-noVbv:32.80 q-Rceq:1.32 tex:1286 mv:2056 misc:762 icu:5.00 pcu:626.25 scu:664.75 tlayer:4 pbqpoffset:5.82 pbfactor:1.96 avgQpOffsetCutree:0.00;
in:350 out:349 type:B q:30.12 q-aq:27.23 q-noVbv:30.12 q-Rceq:1.32 tex:13652 mv:5358 misc:2718 icu:26.00 pcu:601.00 scu:669.00 tlayer:2 pbqpoffset:2.69 pbfactor:1.36 avgQpOffsetCutree:-2.55;
in:349 out:350 type:B q:30.94 q-aq:30.23 q-noVbv:30.94 q-Rceq:1.32 tex:532 mv:2038 misc:942 icu:0.25 pcu:488.75 scu:807.00 tlayer:3 pbqpoffset:3.60 pbfactor:1.52 avgQpOffsetCutree:-0.99;
in:348 out:351 type:b q:33.85 q-aq:34.00 q-noVbv:33.85 q-Rceq:1.32 tex:96 mv:1664 misc:608 icu:8.00 pcu:475.50 scu:812.50 tlayer:4 pbqpoffset:6.60 pbfactor:2.14 avgQpOffsetCutree:0.00;
in:351 out:352 type:b q:32.81 q-aq:33.00 q-noVbv:32.81 q-Rceq:1.32 tex:108 mv:1190 misc:806 icu:1.50 pcu:378.75 scu:915.75 tlayer:3 pbqpoffset:5.28 pbfactor:1.84 avgQpOffsetCutree:0.00;
in:361 out:353 type:k q:26.87 q-aq:19.12 q-noVbv:26.87 q-Rceq:1.32 tex:185259 mv:23055 misc:3014 icu:476.25 pcu:644.75 scu:175.00 tlayer:0 pbqpoffset:0.77 pbfactor:1.09 avgQpOffsetCutree:-6.78;
in:357 out:354 type:B q:28.72 q-aq:24.00 q-noVbv:28.72 q-Rceq:1.32 tex:37501 mv:13815 misc:3708 icu:56.75 pcu:650.00 scu:589.25 tlayer:1 pbqpoffset:1.52 pbfactor:1.19 avgQpOffsetCutree:-3.85;
in:355 out:355 type:B q:29.01 q-aq:26.78 q-noVbv:29.01 q-Rceq:1.32 tex:10170 mv:6577 misc:2277 icu:19.50 pcu:588.25 scu:688.25 tlayer:2 pbqpoffset:1.65 pbfactor:1.21 avgQpOffsetCutree:-2.01;
in:354 out:356 type:B q:29.43 q-aq:28.41 q-noVbv:29.43 q-Rceq:1.32 tex:2991 mv:4515 misc:1478 icu:7.25 pcu:620.00 scu:668.75 tlayer:3 pbqpoffset:1.98 pbfactor:1.26 avgQpOffsetCutree:-0.97;
in:353 out:357 type:b q:30.20 q-aq:30.00 q-noVbv:30.20 q-Rceq:1.32 tex:1128 mv:2564 misc:908 icu:7.00 pcu:475.75 scu:813.25 tlayer:4 pbqpoffset:2.67 pbfactor:1.36 avgQpOffsetCutree:0.00;
in:356 out:358 type:b q:29.97 q-aq:30.00 q-noVbv:29.97 q-Rceq:1.32 tex:1300 mv:2647 misc:861 icu:4.00 pcu:589.75 scu:702.25 tlayer:3 pbqpoffset:2.68 pbfactor:1.36 avgQpOffsetCutree:0.00;
in:359 out:359 type:B q:28.90 q-aq:27.23 q-noVbv:28.90 q-Rceq:1.32 tex:9170 mv:6387 misc:2211 icu:15.25 pcu:618.75 scu:662.00 tlayer:2 pbqpoffset:1.87 pbfactor:1.24 avgQpOffsetCutree:-1.86;
in:358 out:360 type:b q:29.79 q-aq:30.00 q-noVbv:29.79 q-Rceq:1.32 tex:2297 mv:2924 misc:1123 icu:4.25 pcu:551.00 scu:740.75 tlayer:3 pbqpoffset:2.67 pbfactor:1.36 avgQpOffsetCutree:0.00;
in:360 out:361 type:b q:29.61 q-aq:30.00 q-noVbv:29.61 q-Rceq:1.32 tex:2198 mv:3099 misc:1215 icu:2.00 pcu:520.00 scu:774.00 tlayer:3 pbqpoffset:2.66 pbfactor:1.36 avgQpOffsetCutree:0.00;
in:377 out:362 type:k q:25.66 q-aq:17.99 q-noVbv:25.66 q-Rceq:1.32 tex:236661 mv:27863 misc:2476 icu:999.00 pcu:290.50 scu:6.50 tlayer:0 pbqpoffset:0.43 pbfactor:1.05 avgQpOffsetCutree:-7.05;
in:369 out:363 type:B q:27.74 q-aq:22.41 q-noVbv:27.74 q-Rceq:1.32 tex:134532 mv:21157 misc:2951 icu:451.75 pcu:599.75 scu:244.50 tlayer:1 pbqpoffset:1.47 pbfactor:1.19 avgQpOffsetCutree:-4.73;
in:365 out:364 type:B q:28.63 q-aq:24.09 q-noVbv:28.63 q-Rceq:1.32 tex:45265 mv:11499 misc:3420 icu:117.00 pcu:696.75 scu:482.25 tlayer:2 pbqpoffset:2.06 pbfactor:1.27 avgQpOffsetCutree:-3.74;
in:363 out:365 type:B q:30.06 q-aq:28.42 q-noVbv:30.06 q-Rceq:1.32 tex:6321 mv:5273 misc:1862 icu:20.75 pcu:603.75 scu:671.50 tlayer:3 pbqpoffset:3.34 pbfactor:1.47 avgQpOffsetCutree:-1.74;
in:362 out:366 type:b q:31.69 q-aq:32.00 q-noVbv:31.69 q-Rceq:1.32 tex:1530 mv:2427 misc:867 icu:3.00 pcu:517.50 scu:775.50 tlayer:4 pbqpoffset:4.89 pbfactor:1.76 avgQpOffsetCutree:0.00;
in:364 out:367 type:b q:31.86 q-aq:32.00 q-noVbv:31.86 q-Rceq:1.32 tex:336 mv:2376 misc:760 icu:6.00 pcu:569.00 scu:721.00 tlayer:4 pbqpoffset:5.21 pbfactor:1.83 avgQpOffsetCutree:0.00;
in:367 out:368 type:B q:29.53 q-aq:29.12 q-noVbv:29.53 q-Rceq:1.32 tex:5340 mv:3740 misc:1784 icu:12.50 pcu:517.00 scu:766.50 tlayer:3 pbqpoffset:3.11 pbfactor:1.43 avgQpOffsetCutree:-1.04;
in:366 out:369 type:b q:32.83 q-aq:33.00 q-noVbv:32.83 q-Rceq:1.32 tex:182 mv:1653 misc:637 icu:0.00 pcu:456.75 scu:839.25 tlayer:4 pbqpoffset:6.34 pbfactor:2.08 avgQpOffsetCutree:0.00;
in:368 out:370 type:b q:29.54 q-aq:30.00 q-noVbv:29.54 q-Rceq:1.32 tex:11222 mv:4097 misc:1865 icu:15.25 pcu:494.50 scu:786.25 tlayer:4 pbqpoffset:3.20 pbfactor:1.45 avgQpOffsetCutree:0.00;
in:373 out:371 type:B q:28.76 q-aq:24.47 q-noVbv:28.76 q-Rceq:1.32 tex:32841 mv:13071 misc:3160 icu:55.00 pcu:725.25 scu:515.75 tlayer:2 pbqpoffset:2.79 pbfactor:1.38 avgQpOffsetCutree:-3.66;
in:371 out:372 type:B q:29.45 q-aq:27.75 q-noVbv:29.45 q-Rceq:1.32 tex:10843 mv:6994 misc:1883 icu:5.50 pcu:664.50 scu:626.00 tlayer:3 pbqpoffset:3.34 pbfactor:1.47 avgQpOffsetCutree:-1.72;
in:370 out:373 type:b q:32.20 q-aq:32.00 q-noVbv:32.20 q-Rceq:1.32 tex:3270 mv:3087 misc:1003 icu:1.25 pcu:556.00 scu:738.75 tlayer:4 pbqpoffset:6.01 pbfactor:2.00 avgQpOffsetCutree:0.00;
in:372 out:374 type:b q:32.13 q-aq:32.00 q-noVbv:32.13 q-Rceq:1.32 tex:2748 mv:2728 misc:1028 icu:2.25 pcu:488.25 scu:805.50 tlayer:4 pbqpoffset:6.09 pbfactor:2.02 avgQpOffsetCutree:0.00;
in:375 out:375 type:B q:29.15 q-aq:27.69 q-noVbv:29.15 q-Rceq:1.32 tex:9805 mv:6671 misc:1772 icu:13.75 pcu:635.00 scu:647.25 tlayer:3 pbqpoffset:3.34 pbfactor:1.47 avgQpOffsetCutree:-1.73;
in:374 out:376 type:b q:32.07 q-aq:32.00 q-noVbv:32.07 q-Rceq:1.32 tex:2726 mv:3040 misc:1098 icu:1.25 pcu:469.25 scu:825.50 tlayer:4 pbqpoffset:6.19 pbfactor:2.04 avgQpOffsetCutree:0.00;
in:376 out:377 type:b q:32.07 q-aq:32.00 q-noVbv:32.07 q-Rceq:1.32 tex:1889 mv:2554 misc:949 icu:0.00 pcu:394.25 scu:901.75 tlayer:4 pbqpoffset:6.34 pbfactor:2.08 avgQpOffsetCutree:0.00;
in:386 out:378 type:k q:28.07 q-aq:20.59 q-noVbv:28.07 q-Rceq:1.32 tex:198958 mv:23368 misc:2570 icu:1020.00 pcu:270.25 scu:5.75 tlayer:0 pbqpoffset:0.39 pbfactor:1.05 avgQpOffsetCutree:-7.03;
in:382 out:379 type:B q:29.29 q-aq:25.23 q-noVbv:29.29 q-Rceq:1.32 tex:27304 mv:9265 misc:3311 icu:72.00 pcu:723.25 scu:500.75 tlayer:1 pbqpoffset:2.30 pbfactor:1.30 avgQpOffsetCutree:-3.41;
in:380 out:380 type:B q:29.99 q-aq:27.72 q-noVbv:29.99 q-Rceq:1.32 tex:2911 mv:4933 misc:1428 icu:6.00 pcu:643.25 scu:646.75 tlayer:2 pbqpoffset:3.53 pbfactor:1.50 avgQpOffsetCutree:-2.17;
in:379 out:381 type:B q:29.72 q-aq:28.43 q-noVbv:29.72 q-Rceq:1.32 tex:1051 mv:2995 misc:1018 icu:3.00 pcu:523.50 scu:769.50 tlayer:3 pbqpoffset:3.53 pbfactor:1.50 avgQpOffsetCutree:-0.92;
in:378 out:382 type:b q:32.45 q-aq:32.02 q-noVbv:32.45 q-Rceq:1.32 tex:309 mv:2026 misc:761 icu:0.00 pcu:470.25 scu:825.75 tlayer:4 pbqpoffset:6.53 pbfactor:2.13 avgQpOffsetCutree:0.00;
in:381 out:383 type:b q:33.26 q-aq:33.00 q-noVbv:33.26 q-Rceq:1.32 tex:120 mv:1505 misc:567 icu:0.00 pcu:478.00 scu:818.00 tlayer:3 pbqpoffset:6.53 pbfactor:2.13 avgQpOffsetCutree:0.00;
in:384 out:384 type:B q:29.80 q-aq:28.96 q-noVbv:29.80 q-Rceq:1.32 tex:21849 mv:6818 misc:2853 icu:80.75 pcu:525.75 scu:689.50 tlayer:2 pbqpoffset:2.27 pbfactor:1.30 avgQpOffsetCutree:-1.11;
in:383 out:385 type:b q:33.79 q-aq:34.00 q-noVbv:33.79 q-Rceq:1.32 tex:245 mv:1572 misc:847 icu:0.00 pcu:487.50 scu:808.50 tlayer:3 pbqpoffset:6.53 pbfactor:2.13 avgQpOffsetCutree:0.00;
in:385 out:386 type:b q:33.98 q-aq:34.00 q-noVbv:33.98 q-Rceq:1.32 tex:559 mv:1958 misc:707 icu:4.00 pcu:450.75 scu:841.25 tlayer:3 pbqpoffset:6.18 pbfactor:2.04 avgQpOffsetCutree:0.00;
in:400 out:387 type:k q:26.33 q-aq:18.73 q-noVbv:26.33 q-Rceq:1.32 tex:224160 mv:30394 misc:2382 icu:1226.25 pcu:69.00 scu:0.75 tlayer:0 pbqpoffset:0.57 pbfactor:1.07 avgQpOffsetCutree:-6.99;
in:393 out:388 type:B q:28.92 q-aq:22.32 q-noVbv:28.92 q-Rceq:1.32 tex:101625 mv:16240 misc:3471 icu:269.25 pcu:679.50 scu:347.25 tlayer:1 pbqpoffset:1.72 pbfactor:1.22 avgQpOffsetCutree:-5.40;
in:390 out:389 type:B q:30.84 q-aq:27.33 q-noVbv:30.84 q-Rceq:1.32 tex:14516 mv:9012 misc:2472 icu:30.75 pcu:704.00 scu:561.25 tlayer:2 pbqpoffset:3.27 pbfactor:1.46 avgQpOffsetCutree:-3.24;
in:388 out:390 type:B q:31.39 q-aq:29.61 q-noVbv:31.39 q-Rceq:1.32 tex:3772 mv:4715 misc:1385 icu:2.75 pcu:681.75 scu:611.50 tlayer:3 pbqpoffset:3.57 pbfactor:1.51 avgQpOffsetCutree:-1.80;
in:387 out:391 type:b q:34.52 q-aq:35.00 q-noVbv:34.52 q-Rceq:1.32 tex:253 mv:1821 misc:718 icu:0.25 pcu:457.25 scu:838.50 tlayer:4 pbqpoffset:6.57 pbfactor:2.14 avgQpOffsetCutree:0.00;
in:389 out:392 type:b q:34.27 q-aq:34.00 q-noVbv:34.27 q-Rceq:1.32 tex:473 mv:1957 misc:770 icu:0.00 pcu:374.75 scu:921.25 tlayer:4 pbqpoffset:6.57 pbfactor:2.14 avgQpOffsetCutree:0.00;
in:392 out:393 type:B q:30.90 q-aq:30.83 q-noVbv:30.90 q-Rceq:1.32 tex:2566 mv:3781 misc:1125 icu:1.25 pcu:589.75 scu:705.00 tlayer:3 pbqpoffset:3.57 pbfactor:1.51 avgQpOffsetCutree:-0.84;
in:391 out:394 type:b q:34.02 q-aq:34.00 q-noVbv:34.02 q-Rceq:1.32 tex:539 mv:2521 misc:812 icu:0.50 pcu:507.75 scu:787.75 tlayer:4 pbqpoffset:6.57 pbfactor:2.14 avgQpOffsetCutree:0.00;
in:397 out:395 type:B q:29.11 q-aq:24.62 q-noVbv:29.11 q-Rceq:1.32 tex:47814 mv:11453 misc:3581 icu:107.50 pcu:707.00 scu:481.50 tlayer:2 pbqpoffset:2.40 pbfactor:1.32 avgQpOffsetCutree:-3.71;
in:395 out:396 type:B q:30.53 q-aq:28.78 q-noVbv:30.53 q-Rceq:1.32 tex:6050 mv:5496 misc:1502 icu:8.75 pcu:759.75 scu:527.50 tlayer:3 pbqpoffset:3.57 pbfactor:1.51 avgQpOffsetCutree:-1.73;
in:394 out:397 type:b q:33.65 q-aq:34.00 q-noVbv:33.65 q-Rceq:1.32 tex:867 mv:2250 misc:795 icu:4.00 pcu:505.25 scu:786.75 tlayer:4 pbqpoffset:6.57 pbfactor:2.14 avgQpOffsetCutree:0.00;
in:396 out:398 type:b q:33.40 q-aq:33.02 q-noVbv:33.40 q-Rceq:1.32 tex:654 mv:2162 misc:760 icu:0.00 pcu:468.75 scu:827.25 tlayer:4 pbqpoffset:6.57 pbfactor:2.14 avgQpOffsetCutree:0.00;
in:399 out:399 type:B q:29.93 q-aq:29.69 q-noVbv:29.93 q-Rceq:1.32 tex:3953 mv:3982 misc:1689 icu:9.50 pcu:684.00 scu:602.50 tlayer:3 pbqpoffset:3.47 pbfactor:1.49 avgQpOffsetCutree:-0.81;
in:398 out:400 type:b q:33.15 q-aq:33.00 q-noVbv:33.15 q-Rceq:1.32 tex:206 mv:1892 misc:734 icu:6.00 pcu:528.50 scu:761.50 tlayer:4 pbqpoffset:6.57 pbfactor:2.14 avgQpOffsetCutree:0.00;
in:404 out:401 type:k q:28.69 q-aq:20.60 q-noVbv:28.69 q-Rceq:1.32 tex:99651 mv:18079 misc:3902 icu:144.00 pcu:726.50 scu:425.50 tlayer:0 pbqpoffset:0.57 pbfactor:1.07 avgQpOffsetCutree:-6.79;
in:402 out:402 type:B q:29.00 q-aq:27.21 q-noVbv:29.00 q-Rceq:1.32 tex:6790 mv:6695 misc:1955 icu:6.25 pcu:707.50 scu:582.25 tlayer:1 pbqpoffset:1.49 pbfactor:1.19 avgQpOffsetCutree:-1.82;
in:401 out:403 type:b q:29.54 q-aq:30.00 q-noVbv:29.54 q-Rceq:1.32 tex:2466 mv:3591 misc:1063 icu:1.50 pcu:562.50 scu:732.00 tlayer:2 pbqpoffset:2.62 pbfactor:1.35 avgQpOffsetCutree:0.00;
in:403 out:404 type:b q:30.72 q-aq:31.00 q-noVbv:30.72 q-Rceq:1.32 tex:1203 mv:3047 misc:862 icu:1.25 pcu:562.25 scu:732.50 tlayer:2 pbqpoffset:2.62 pbfactor:1.35 avgQpOffsetCutree:0.00;
in:408 out:405 type:k q:28.81 q-aq:20.76 q-noVbv:28.81 q-Rceq:1.32 tex:93481 mv:15741 misc:3834 icu:141.25 pcu:767.50 scu:387.25 tlayer:0 pbqpoffset:0.60 pbfactor:1.07 avgQpOffsetCutree:-6.41;
in:406 out:406 type:B q:30.00 q-aq:28.40 q-noVbv:30.00 q-Rceq:1.32 tex:5218 mv:6062 misc:1568 icu:13.75 pcu:718.25 scu:564.00 tlayer:1 pbqpoffset:1.24 pbfactor:1.15 avgQpOffsetCutree:-1.79;
in:405 out:407 type:b q:31.10 q-aq:31.00 q-noVbv:31.10 q-Rceq:1.32 tex:1643 mv:3054 misc:911 icu:1.50 pcu:549.50 scu:745.00 tlayer:2 pbqpoffset:2.38 pbfactor:1.32 avgQpOffsetCutree:0.00;
in:407 out:408 type:b q:31.16 q-aq:31.00 q-noVbv:31.16 q-Rceq:1.32 tex:1144 mv:2802 misc:886 icu:1.50 pcu:601.00 scu:693.50 tlayer:2 pbqpoffset:2.38 pbfactor:1.32 avgQpOffsetCutree:0.00;
in:424 out:409 type:k q:26.14 q-aq:18.41 q-noVbv:26.14 q-Rceq:1.32 tex:232176 mv:22810 misc:2534 icu:948.50 pcu:306.50 scu:41.00 tlayer:0 pbqpoffset:0.38 pbfactor:1.05 avgQpOffsetCutree:-7.19;
in:416 out:410 type:B q:28.93 q-aq:23.79 q-noVbv:28.93 q-Rceq:1.32 tex:112666 mv:19861 misc:2761 icu:627.75 pcu:536.00 scu:132.25 tlayer:1 pbqpoffset:1.46 pbfactor:1.18 avgQpOffsetCutree:-4.54;
in:412 out:411 type:B q:30.35 q-aq:25.38 q-noVbv:30.35 q-Rceq:1.32 tex:31180 mv:9882 misc:3162 icu:70.00 pcu:683.50 scu:542.50 tlayer:2 pbqpoffset:2.21 pbfactor:1.29 avgQpOffsetCutree:-4.17;
in:410 out:412 type:B q:31.80 q-aq:30.13 q-noVbv:31.80 q-Rceq:1.32 tex:4261 mv:4470 misc:1429 icu:8.50 pcu:658.25 scu:629.25 tlayer:3 pbqpoffset:3.32 pbfactor:1.47 avgQpOffsetCutree:-1.72;
in:409 out:413 type:b q:34.73 q-aq:35.00 q-noVbv:34.73 q-Rceq:1.32 tex:695 mv:1958 misc:763 icu:0.00 pcu:477.00 scu:819.00 tlayer:4 pbqpoffset:6.09 pbfactor:2.02 avgQpOffsetCutree:0.00;
in:411 out:414 type:b q:34.63 q-aq:35.00 q-noVbv:34.63 q-Rceq:1.32 tex:522 mv:1748 misc:746 icu:0.25 pcu:410.00 scu:885.75 tlayer:4 pbqpoffset:6.32 pbfactor:2.08 avgQpOffsetCutree:0.00;
in:414 out:415 type:B q:31.13 q-aq:29.08 q-noVbv:31.13 q-Rceq:1.32 tex:4101 mv:4112 misc:1787 icu:7.00 pcu:572.25 scu:716.75 tlayer:3 pbqpoffset:3.32 pbfactor:1.47 avgQpOffsetCutree:-2.07;
in:413 out:416 type:b q:34.30 q-aq:34.01 q-noVbv:34.30 q-Rceq:1.32 tex:248 mv:1756 misc:716 icu:0.50 pcu:400.25 scu:895.25 tlayer:4 pbqpoffset:6.32 pbfactor:2.08 avgQpOffsetCutree:0.00;
in:415 out:417 type:b q:32.26 q-aq:32.01 q-noVbv:32.26 q-Rceq:1.32 tex:646 mv:2173 misc:973 icu:0.00 pcu:614.00 scu:682.00 tlayer:4 pbqpoffset:4.61 pbfactor:1.70 avgQpOffsetCutree:0.00;
in:420 out:418 type:B q:29.61 q-aq:25.28 q-noVbv:29.61 q-Rceq:1.32 tex:21211 mv:12091 misc:2930 icu:46.75 pcu:697.00 scu:552.25 tlayer:2 pbqpoffset:2.81 pbfactor:1.38 avgQpOffsetCutree:-3.64;
in:418 out:419 type:B q:30.46 q-aq:28.70 q-noVbv:30.46 q-Rceq:1.32 tex:4944 mv:5321 misc:1535 icu:12.25 pcu:714.25 scu:569.50 tlayer:3 pbqpoffset:3.32 pbfactor:1.47 avgQpOffsetCutree:-1.82;
in:417 out:420 type:b q:33.26 q-aq:33.00 q-noVbv:33.26 q-Rceq:1.32 tex:1148 mv:3045 misc:959 icu:0.00 pcu:516.75 scu:779.25 tlayer:4 pbqpoffset:5.95 pbfactor:1.99 avgQpOffsetCutree:0.00;
in:419 out:421 type:b q:32.74 q-aq:33.00 q-noVbv:32.74 q-Rceq:1.32 tex:1257 mv:2852 misc:891 icu:1.75 pcu:512.75 scu:781.50 tlayer:4 pbqpoffset:5.77 pbfactor:1.95 avgQpOffsetCutree:0.00;
in:422 out:422 type:B q:29.79 q-aq:28.15 q-noVbv:29.79 q-Rceq:1.32 tex:6077 mv:5791 misc:1596 icu:6.25 pcu:666.75 scu:623.00 tlayer:3 pbqpoffset:3.32 pbfactor:1.47 avgQpOffsetCutree:-1.83;
in:421 out:423 type:b q:32.96 q-aq:33.00 q-noVbv:32.96 q-Rceq:1.32 tex:910 mv:2767 misc:875 icu:0.25 pcu:511.75 scu:784.00 tlayer:4 pbqpoffset:6.32 pbfactor:2.08 avgQpOffsetCutree:0.00;
in:423 out:424 type:b q:32.57 q-aq:33.00 q-noVbv:32.57 q-Rceq:1.32 tex:753 mv:2042 misc:845 icu:0.00 pcu:406.50 scu:889.50 tlayer:4 pbqpoffset:6.27 pbfactor:2.06 avgQpOffsetCutree:0.00;
in:436 out:425 type:k q:26.85 q-aq:19.66 q-noVbv:26.85 q-Rceq:1.32 tex:215736 mv:24308 misc:2596 icu:1063.50 pcu:232.00 scu:0.50 tlayer:0 pbqpoffset:0.34 pbfactor:1.04 avgQpOffsetCutree:-6.83;
in:430 out:426 type:B q:28.27 q-aq:24.30 q-noVbv:28.27 q-Rceq:1.32 tex:43791 mv:12162 misc:3271 icu:121.75 pcu:790.50 scu:383.75 tlayer:1 pbqpoffset:1.78 pbfactor:1.23 avgQpOffsetCutree:-3.42;
in:427 out:427 type:B q:29.52 q-aq:26.84 q-noVbv:29.52 q-Rceq:1.32 tex:8599 mv:6875 misc:1990 icu:20.25 pcu:696.00 scu:579.75 tlayer:2 pbqpoffset:3.20 pbfactor:1.45 avgQpOffsetCutree:-2.41;
in:426 out:428 type:B q:29.80 q-aq:29.46 q-noVbv:29.80 q-Rceq:1.32 tex:2927 mv:3901 misc:1180 icu:2.50 pcu:618.75 scu:674.75 tlayer:3 pbqpoffset:3.55 pbfactor:1.51 avgQpOffsetCutree:-0.72;
in:425 out:429 type:b q:31.94 q-aq:32.00 q-noVbv:31.94 q-Rceq:1.32 tex:1275 mv:2173 misc:848 icu:0.25 pcu:396.00 scu:899.75 tlayer:4 pbqpoffset:5.74 pbfactor:1.94 avgQpOffsetCutree:0.00;
in:429 out:430 type:B q:29.98 q-aq:29.87 q-noVbv:29.98 q-Rceq:1.32 tex:1484 mv:3946 misc:1018 icu:2.00 pcu:665.25 scu:628.75 tlayer:3 pbqpoffset:3.55 pbfactor:1.51 avgQpOffsetCutree:-0.89;
in:428 out:431 type:b q:32.00 q-aq:32.00 q-noVbv:32.00 q-Rceq:1.32 tex:610 mv:2576 misc:814 icu:1.50 pcu:586.50 scu:708.00 tlayer:4 pbqpoffset:5.63 pbfactor:1.92 avgQpOffsetCutree:0.00;
in:433 out:432 type:B q:28.74 q-aq:25.65 q-noVbv:28.74 q-Rceq:1.32 tex:35871 mv:10010 misc:3391 icu:95.50 pcu:643.25 scu:557.25 tlayer:2 pbqpoffset:2.07 pbfactor:1.27 avgQpOffsetCutree:-2.83;
in:432 out:433 type:B q:29.27 q-aq:30.15 q-noVbv:29.27 q-Rceq:1.32 tex:7563 mv:4243 misc:1986 icu:32.00 pcu:565.00 scu:699.00 tlayer:3 pbqpoffset:2.66 pbfactor:1.36 avgQpOffsetCutree:-0.09;
in:431 out:434 type:b q:30.55 q-aq:31.00 q-noVbv:30.55 q-Rceq:1.32 tex:636 mv:2294 misc:1022 icu:10.00 pcu:433.25 scu:852.75 tlayer:4 pbqpoffset:4.00 pbfactor:1.59 avgQpOffsetCutree:0.00;
in:435 out:435 type:B q:30.33 q-aq:29.89 q-noVbv:30.33 q-Rceq:1.32 tex:2863 mv:4323 misc:1190 icu:8.25 pcu:660.00 scu:627.75 tlayer:3 pbqpoffset:3.55 pbfactor:1.51 avgQpOffsetCutree:-0.96;
in:434 out:436 type:b q:33.02 q-aq:33.01 q-noVbv:33.02 q-Rceq:1.32 tex:1110 mv:2648 misc:842 icu:4.25 pcu:502.25 scu:789.50 tlayer:4 pbqpoffset:6.29 pbfactor:2.07 avgQpOffsetCutree:0.00;
in:440 out:437 type:k q:27.94 q-aq:20.32 q-noVbv:27.94 q-Rceq:1.32 tex:79787 mv:15103 misc:3822 icu:134.25 pcu:693.25 scu:468.50 tlayer:0 pbqpoffset:0.34 pbfactor:1.04 avgQpOffsetCutree:-6.25;
in:438 out:438 type:B q:28.85 q-aq:27.17 q-noVbv:28.85 q-Rceq:1.32 tex:6297 mv:5700 misc:1571 icu:22.75 pcu:690.00 scu:583.25 tlayer:1 pbqpoffset:1.46 pbfactor:1.18 avgQpOffsetCutree:-1.83;
in:437 out:439 type:b q:29.71 q-aq:30.00 q-noVbv:29.71 q-Rceq:1.32 tex:1901 mv:3122 misc:1025 icu:5.00 pcu:540.25 scu:750.75 tlayer:2 pbqpoffset:2.60 pbfactor:1.35 avgQpOffsetCutree:0.00;
in:439 out:440 type:b q:30.26 q-aq:30.04 q-noVbv:30.26 q-Rceq:1.32 tex:1769 mv:3476 misc:1011 icu:2.25 pcu:540.00 scu:753.75 tlayer:2 pbqpoffset:2.60 pbfactor:1.35 avgQpOffsetCutree:0.00;
in:456 out:441 type:k q:25.08 q-aq:17.35 q-noVbv:25.08 q-Rceq:1.32 tex:240534 mv:26931 misc:2599 icu:1031.00 pcu:256.50 scu:8.50 tlayer:0 pbqpoffset:0.57 pbfactor:1.07 avgQpOffsetCutree:-7.06;
in:448 out:442 type:B q:27.93 q-aq:23.00 q-noVbv:27.93 q-Rceq:1.32 tex:113648 mv:21480 misc:2800 icu:569.50 pcu:680.75 scu:45.75 tlayer:1 pbqpoffset:1.42 pbfactor:1.18 avgQpOffsetCutree:-4.27;
in:444 out:443 type:B q:29.02 q-aq:24.10 q-noVbv:29.02 q-Rceq:1.32 tex:37998 mv:11442 misc:3352 icu:93.50 pcu:710.25 scu:492.25 tlayer:2 pbqpoffset:1.80 pbfactor:1.23 avgQpOffsetCutree:-3.95;
in:442 out:444 type:B q:30.86 q-aq:29.33 q-noVbv:30.86 q-Rceq:1.32 tex:4725 mv:4567 misc:1268 icu:9.25 pcu:645.00 scu:641.75 tlayer:3 pbqpoffset:3.28 pbfactor:1.46 avgQpOffsetCutree:-1.73;
in:441 out:445 type:b q:34.04 q-aq:34.00 q-noVbv:34.04 q-Rceq:1.32 tex:1016 mv:2456 misc:832 icu:1.75 pcu:498.25 scu:796.00 tlayer:4 pbqpoffset:6.28 pbfactor:2.07 avgQpOffsetCutree:0.00;
in:443 out:446 type:b q:33.69 q-aq:34.00 q-noVbv:33.69 q-Rceq:1.32 tex:763 mv:2048 misc:829 icu:0.50 pcu:491.50 scu:804.00 tlayer:4 pbqpoffset:6.28 pbfactor:2.07 avgQpOffsetCutree:0.00;
in:446 out:447 type:B q:30.06 q-aq:27.52 q-noVbv:30.06 q-Rceq:1.32 tex:6372 mv:4455 misc:1949 icu:19.50 pcu:552.50 scu:724.00 tlayer:3 pbqpoffset:3.20 pbfactor:1.45 avgQpOffsetCutree:-2.17;
in:445 out:448 type:b q:33.33 q-aq:33.00 q-noVbv:33.33 q-Rceq:1.32 tex:403 mv:1768 misc:677 icu:0.25 pcu:457.75 scu:838.00 tlayer:4 pbqpoffset:6.28 pbfactor:2.07 avgQpOffsetCutree:0.00;
in:447 out:449 type:b q:31.72 q-aq:32.00 q-noVbv:31.72 q-Rceq:1.32 tex:298 mv:2074 misc:1020 icu:2.25 pcu:510.50 scu:783.25 tlayer:4 pbqpoffset:5.04 pbfactor:1.79 avgQpOffsetCutree:0.00;
in:452 out:450 type:B q:28.16 q-aq:23.99 q-noVbv:28.16 q-Rceq:1.32 tex:29182 mv:13295 misc:3419 icu:38.25 pcu:658.25 scu:599.50 tlayer:2 pbqpoffset:2.37 pbfactor:1.32 avgQpOffsetCutree:-3.43;
in:450 out:451 type:B q:29.44 q-aq:27.74 q-noVbv:29.44 q-Rceq:1.32 tex:4884 mv:6061 misc:1719 icu:12.00 pcu:664.00 scu:620.00 tlayer:3 pbqpoffset:3.28 pbfactor:1.46 avgQpOffsetCutree:-1.77;
in:449 out:452 type:b q:32.61 q-aq:33.00 q-noVbv:32.61 q-Rceq:1.32 tex:1004 mv:2524 misc:952 icu:0.25 pcu:462.75 scu:833.00 tlayer:4 pbqpoffset:6.28 pbfactor:2.07 avgQpOffsetCutree:0.00;
in:451 out:453 type:b q:31.87 q-aq:32.00 q-noVbv:31.87 q-Rceq:1.32 tex:1678 mv:2878 misc:916 icu:0.25 pcu:515.75 scu:780.00 tlayer:4 pbqpoffset:5.90 pbfactor:1.98 avgQpOffsetCutree:0.00;
in:454 out:454 type:B q:28.72 q-aq:27.05 q-noVbv:28.72 q-Rceq:1.32 tex:6548 mv:6760 misc:1924 icu:6.75 pcu:746.75 scu:542.50 tlayer:3 pbqpoffset:3.28 pbfactor:1.46 avgQpOffsetCutree:-1.55;
in:453 out:455 type:b q:31.70 q-aq:32.00 q-noVbv:31.70 q-Rceq:1.32 tex:1169 mv:2635 misc:940 icu:0.75 pcu:499.25 scu:796.00 tlayer:4 pbqpoffset:6.09 pbfactor:2.02 avgQpOffsetCutree:0.00;
in:455 out:456 type:b q:30.80 q-aq:31.00 q-noVbv:30.80 q-Rceq:1.32 tex:1650 mv:2921 misc:941 icu:1.00 pcu:579.00 scu:716.00 tlayer:4 pbqpoffset:5.55 pbfactor:1.90 avgQpOffsetCutree:0.00;
in:464 out:457 type:k q:27.10 q-aq:19.97 q-noVbv:27.10 q-Rceq:1.32 tex:177855 mv:25521 misc:2520 icu:1162.25 pcu:121.00 scu:12.75 tlayer:0 pbqpoffset:0.35 pbfactor:1.04 avgQpOffsetCutree:-6.55;
in:460 out:458 type:B q:27.70 q-aq:23.05 q-noVbv:27.70 q-Rceq:1.32 tex:49174 mv:11373 misc:3869 icu:109.25 pcu:598.75 scu:588.00 tlayer:1 pbqpoffset:1.62 pbfactor:1.21 avgQpOffsetCutree:-4.04;
in:458 out:459 type:B q:28.95 q-aq:27.53 q-noVbv:28.95 q-Rceq:1.32 tex:5234 mv:5717 misc:1737 icu:9.50 pcu:665.75 scu:620.75 tlayer:2 pbqpoffset:3.37 pbfactor:1.48 avgQpOffsetCutree:-1.68;
in:457 out:460 type:b q:30.35 q-aq:30.11 q-noVbv:30.35 q-Rceq:1.32 tex:2776 mv:3858 misc:1254 icu:0.75 pcu:643.75 scu:651.50 tlayer:3 pbqpoffset:5.02 pbfactor:1.79 avgQpOffsetCutree:0.00;
in:459 out:461 type:b q:30.82 q-aq:31.00 q-noVbv:30.82 q-Rceq:1.32 tex:571 mv:2224 misc:789 icu:0.25 pcu:546.00 scu:749.75 tlayer:3 pbqpoffset:4.98 pbfactor:1.78 avgQpOffsetCutree:0.00;
in:462 out:462 type:B q:29.12 q-aq:26.64 q-noVbv:29.12 q-Rceq:1.32 tex:4754 mv:3863 misc:2023 icu:6.00 pcu:582.25 scu:707.75 tlayer:2 pbqpoffset:2.53 pbfactor:1.34 avgQpOffsetCutree:-2.12;
in:461 out:463 type:b q:32.09 q-aq:32.00 q-noVbv:32.09 q-Rceq:1.32 tex:93 mv:1788 misc:671 icu:0.00 pcu:533.75 scu:762.25 tlayer:3 pbqpoffset:5.75 pbfactor:1.94 avgQpOffsetCutree:0.00;
in:463 out:464 type:b q:30.97 q-aq:31.00 q-noVbv:30.97 q-Rceq:1.32 tex:430 mv:2054 misc:1068 icu:3.00 pcu:572.75 scu:720.25 tlayer:3 pbqpoffset:4.13 pbfactor:1.61 avgQpOffsetCutree:0.00;
in:468 out:465 type:k q:27.39 q-aq:19.64 q-noVbv:27.39 q-Rceq:1.32 tex:109742 mv:16773 misc:3757 icu:145.75 pcu:710.25 scu:440.00 tlayer:0 pbqpoffset:0.11 pbfactor:1.01 avgQpOffsetCutree:-6.36;
in:466 out:466 type:B q:28.66 q-aq:26.74 q-noVbv:28.66 q-Rceq:1.32 tex:7826 mv:6403 misc:1883 icu:13.00 pcu:629.50 scu:653.50 tlayer:1 pbqpoffset:1.41 pbfactor:1.18 avgQpOffsetCutree:-1.85;
in:465 out:467 type:b q:29.72 q-aq:30.00 q-noVbv:29.72 q-Rceq:1.32 tex:2025 mv:3085 misc:1026 icu:0.00 pcu:548.25 scu:747.75 tlayer:2 pbqpoffset:2.55 pbfactor:1.34 avgQpOffsetCutree:0.00;
in:467 out:468 type:b q:29.87 q-aq:30.00 q-noVbv:29.87 q-Rceq:1.32 tex:1944 mv:3175 misc:993 icu:3.25 pcu:586.00 scu:706.75 tlayer:2 pbqpoffset:2.55 pbfactor:1.34 avgQpOffsetCutree:0.00;
in:480 out:469 type:k q:25.35 q-aq:18.40 q-noVbv:25.35 q-Rceq:1.32 tex:186265 mv:28072 misc:2263 icu:1256.25 pcu:39.50 scu:0.25 tlayer:0 pbqpoffset:0.32 pbfactor:1.04 avgQpOffsetCutree:-6.31;
in:474 out:470 type:B q:27.86 q-aq:22.13 q-noVbv:27.86 q-Rceq:1.32 tex:90224 mv:16937 misc:3455 icu:200.00 pcu:715.00 scu:381.00 tlayer:1 pbqpoffset:1.49 pbfactor:1.19 avgQpOffsetCutree:-4.87;
in:471 out:471 type:B q:29.83 q-aq:26.75 q-noVbv:29.83 q-Rceq:1.32 tex:12564 mv:8409 misc:2451 icu:25.00 pcu:757.75 scu:513.25 tlayer:2 pbqpoffset:2.95 pbfactor:1.41 avgQpOffsetCutree:-2.78;
in:470 out:472 type:B q:30.36 q-aq:29.48 q-noVbv:30.36 q-Rceq:1.32 tex:3110 mv:4359 misc:1283 icu:3.75 pcu:656.25 scu:636.00 tlayer:3 pbqpoffset:3.31 pbfactor:1.47 avgQpOffsetCutree:-0.89;
in:469 out:473 type:b q:32.90 q-aq:33.00 q-noVbv:32.90 q-Rceq:1.32 tex:1271 mv:2694 misc:867 icu:1.50 pcu:491.00 scu:803.50 tlayer:4 pbqpoffset:5.68 pbfactor:1.93 avgQpOffsetCutree:0.00;
in:473 out:474 type:B q:29.85 q-aq:29.68 q-noVbv:29.85 q-Rceq:1.32 tex:3701 mv:4489 misc:1402 icu:6.75 pcu:616.75 scu:672.50 tlayer:3 pbqpoffset:3.31 pbfactor:1.47 avgQpOffsetCutree:-0.71;
in:472 out:475 type:b q:32.25 q-aq:32.01 q-noVbv:32.25 q-Rceq:1.32 tex:1637 mv:2983 misc:924 icu:3.00 pcu:530.75 scu:762.25 tlayer:4 pbqpoffset:5.54 pbfactor:1.90 avgQpOffsetCutree:0.00;
in:477 out:476 type:B q:28.11 q-aq:24.32 q-noVbv:28.11 q-Rceq:1.32 tex:26446 mv:8550 misc:3492 icu:64.50 pcu:615.25 scu:616.25 tlayer:2 pbqpoffset:2.25 pbfactor:1.30 avgQpOffsetCutree:-3.21;
in:476 out:477 type:B q:29.34 q-aq:28.97 q-noVbv:29.34 q-Rceq:1.32 tex:1270 mv:3386 misc:1024 icu:3.50 pcu:551.75 scu:740.75 tlayer:3 pbqpoffset:3.31 pbfactor:1.47 avgQpOffsetCutree:-0.80;
in:475 out:478 type:b q:32.09 q-aq:32.00 q-noVbv:32.09 q-Rceq:1.32 tex:1115 mv:2632 misc:861 icu:0.50 pcu:511.50 scu:784.00 tlayer:4 pbqpoffset:5.89 pbfactor:1.97 avgQpOffsetCutree:0.00;
in:479 out:479 type:B q:28.31 q-aq:27.91 q-noVbv:28.31 q-Rceq:1.32 tex:5436 mv:4780 misc:2136 icu:16.50 pcu:595.00 scu:684.50 tlayer:3 pbqpoffset:2.79 pbfactor:1.38 avgQpOffsetCutree:-0.72;
in:478 out:480 type:b q:32.00 q-aq:32.00 q-noVbv:32.00 q-Rceq:1.32 tex:14 mv:2035 misc:695 icu:0.00 pcu:492.75 scu:803.25 tlayer:4 pbqpoffset:6.31 pbfactor:2.07 avgQpOffsetCutree:0.00;
in:496 out:481 type:k q:27.45 q-aq:22.54 q-noVbv:27.45 q-Rceq:1.32 tex:134609 mv:24836 misc:2427 icu:1178.00 pcu:90.75 scu:27.25 tlayer:0 pbqpoffset:0.55 pbfactor:1.07 avgQpOffsetCutree:-4.82;
in:488 out:482 type:B q:28.12 q-aq:22.05 q-noVbv:28.12 q-Rceq:1.32 tex:123894 mv:22163 misc:3239 icu:384.25 pcu:511.50 scu:400.25 tlayer:1 pbqpoffset:1.72 pbfactor:1.22 avgQpOffsetCutree:-5.53;
in:484 out:483 type:B q:29.08 q-aq:25.03 q-noVbv:29.08 q-Rceq:1.32 tex:27992 mv:12951 misc:3369 icu:43.00 pcu:663.00 scu:590.00 tlayer:2 pbqpoffset:3.20 pbfactor:1.45 avgQpOffsetCutree:-3.51;
in:482 out:484 type:B q:29.20 q-aq:27.71 q-noVbv:29.20 q-Rceq:1.32 tex:8360 mv:7299 misc:1957 icu:13.00 pcu:614.00 scu:669.00 tlayer:3 pbqpoffset:3.59 pbfactor:1.51 avgQpOffsetCutree:-1.67;
in:481 out:485 type:b q:32.07 q-aq:32.00 q-noVbv:32.07 q-Rceq:1.32 tex:1144 mv:2961 misc:951 icu:1.00 pcu:608.25 scu:686.75 tlayer:4 pbqpoffset:6.59 pbfactor:2.14 avgQpOffsetCutree:0.00;
in:483 out:486 type:b q:32.33 q-aq:32.21 q-noVbv:32.33 q-Rceq:1.32 tex:1429 mv:3356 misc:1031 icu:1.00 pcu:600.50 scu:694.50 tlayer:4 pbqpoffset:6.59 pbfactor:2.14 avgQpOffsetCutree:0.00;
in:486 out:487 type:B q:29.72 q-aq:27.90 q-noVbv:29.72 q-Rceq:1.32 tex:6576 mv:7012 misc:1820 icu:4.75 pcu:660.75 scu:630.50 tlayer:3 pbqpoffset:3.59 pbfactor:1.51 avgQpOffsetCutree:-1.77;
in:485 out:488 type:b q:32.59 q-aq:33.00 q-noVbv:32.59 q-Rceq:1.32 tex:1053 mv:2745 misc:938 icu:0.25 pcu:490.50 scu:805.25 tlayer:4 pbqpoffset:6.59 pbfactor:2.14 avgQpOffsetCutree:0.00;
in:487 out:489 type:b q:32.85 q-aq:33.00 q-noVbv:32.85 q-Rceq:1.32 tex:646 mv:2782 misc:876 icu:1.00 pcu:589.50 scu:705.50 tlayer:4 pbqpoffset:6.59 pbfactor:2.14 avgQpOffsetCutree:0.00;
in:492 out:490 type:B q:29.22 q-aq:24.66 q-noVbv:29.22 q-Rceq:1.32 tex:45303 mv:11625 misc:3432 icu:122.25 pcu:641.75 scu:532.00 tlayer:2 pbqpoffset:2.30 pbfactor:1.30 avgQpOffsetCutree:-4.00;
in:490 out:491 type:B q:30.25 q-aq:28.73 q-noVbv:30.25 q-Rceq:1.32 tex:6051 mv:6679 misc:1718 icu:23.25 pcu:730.75 scu:542.00 tlayer:3 pbqpoffset:3.59 pbfactor:1.51 avgQpOffsetCutree:-1.69;
in:489 out:492 type:b q:33.12 q-aq:33.00 q-noVbv:33.12 q-Rceq:1.32 tex:1097 mv:3148 misc:1043 icu:0.00 pcu:544.75 scu:751.25 tlayer:4 pbqpoffset:6.59 pbfactor:2.14 avgQpOffsetCutree:0.00;
in:491 out:493 type:b q:33.38 q-aq:33.01 q-noVbv:33.38 q-Rceq:1.32 tex:923 mv:2509 misc:984 icu:4.25 pcu:513.25 scu:778.50 tlayer:4 pbqpoffset:6.59 pbfactor:2.14 avgQpOffsetCutree:0.00;
in:494 out:494 type:B q:30.77 q-aq:28.47 q-noVbv:30.77 q-Rceq:1.32 tex:7355 mv:5079 misc:2054 icu:19.00 pcu:631.75 scu:645.25 tlayer:3 pbqpoffset:3.59 pbfactor:1.51 avgQpOffsetCutree:-2.07;
in:493 out:495 type:b q:33.64 q-aq:34.00 q-noVbv:33.64 q-Rceq:1.32 tex:303 mv:1987 misc:758 icu:0.25 pcu:500.50 scu:795.25 tlayer:4 pbqpoffset:6.59 pbfactor:2.14 avgQpOffsetCutree:0.00;
in:495 out:496 type:b q:32.83 q-aq:33.00 q-noVbv:32.83 q-Rceq:1.32 tex:1408 mv:2330 misc:1038 icu:22.75 pcu:456.00 scu:817.25 tlayer:4 pbqpoffset:5.52 pbfactor:1.89 avgQpOffsetCutree:0.00;
in:499 out:497 type:k q:27.28 q-aq:26.15 q-noVbv:27.28 q-Rceq:1.32 tex:27427 mv:9095 misc:2750 icu:36.75 pcu:687.50 scu:571.75 tlayer:0 pbqpoffset:0.55 pbfactor:1.07 avgQpOffsetCutree:-1.17;
in:498 out:498 type:B q:28.86 q-aq:28.43 q-noVbv:28.86 q-Rceq:1.32 tex:2856 mv:4487 misc:1385 icu:2.25 pcu:594.75 scu:699.00 tlayer:1 pbqpoffset:1.52 pbfactor:1.19 avgQpOffsetCutree:-0.84;
in:497 out:499 type:b q:30.05 q-aq:30.00 q-noVbv:30.05 q-Rceq:1.32 tex:2171 mv:3219 misc:1010 icu:1.25 pcu:490.50 scu:804.25 tlayer:2 pbqpoffset:2.66 pbfactor:1.36 avgQpOffsetCutree:0.00;
