#options: cpuid=1173503 frame-threads=1 no-wpp no-pmode no-pme psnr no-ssim log-level=2 bitdepth=8 input-csp=1 fps=25000/1000 input-res=768x432 interlace=0 total-frames=250 level-idc=0 high-tier=1 uhd-bd=0 ref=4 no-allow-non-conformance no-repeat-headers annexb no-aud no-hrd info hash=0 no-temporal-layers open-gop min-keyint=1 keyint=5000 bframes=15 b-adapt=2 b-pyramid bframe-bias=0 rc-lookahead=40 lookahead-slices=0 scenecut=40 no-intra-refresh ctu=64 min-cu-size=8 rect amp max-tu-size=32 tu-inter-depth=3 tu-intra-depth=3 limit-tu=4 rdoq-level=2 dynamic-rd=0.00 no-ssim-rd signhide no-tskip nr-intra=0 nr-inter=0 no-constrained-intra strong-intra-smoothing max-merge=4 limit-refs=1 limit-modes me=3 subme=4 merange=57 temporal-mvp weightp weightb no-analyze-src-pics deblock=0:0 sao no-sao-non-deblock rd=6 no-early-skip rskip no-fast-intra no-tskip-fast no-cu-lossless b-intra rdpenalty=0 psy-rd=0.00 psy-rdoq=0.00 no-rd-refine analysis-reuse-mode=0 no-lossless cbqpoffs=0 crqpoffs=0 rc=abr bitrate=2000 qcomp=0.60 qpstep=4 stats-write=1 stats-read=0 slow-firstpass ipratio=1.40 pbratio=1.30 aq-mode=1 aq-strength=0.00 cutree zone-count=0 no-strict-cbr qg-size=64 no-rc-grain qpmax=69 qpmin=0 no-const-vbv sar=0 overscan=0 videoformat=5 range=0 colorprim=2 transfer=2 colormatrix=2 chromaloc=0 display-window=0 max-cll=0,0 min-luma=0 max-luma=255 log2-max-poc-lsb=8 vui-timing-info vui-hrd-info slices=1 opt-qp-pps opt-ref-list-length-pps no-multi-pass-opt-rps scenecut-bias=0.05 no-opt-cu-delta-qp no-aq-motion no-hdr no-hdr-opt no-dhdr10-opt analysis-reuse-level=5 scale-factor=0 refine-intra=0 refine-inter=0 refine-mv=0 no-limit-sao ctu-info=0 max-tlayer=4
in:0 out:0 type:I q:29.01 q-aq:30.61 q-noVbv:29.01 q-Rceq:1.00 tex:104249 mv:13630 misc:1809 icu:1296.00 pcu:0.00 scu:0.00 tlayer:0 pbqpoffset:0.00 pbfactor:1.00 avgQpOffsetCutree:-0.88;
in:5 out:1 type:k q:31.92 q-aq:30.49 q-noVbv:31.92 q-Rceq:1.00 tex:83842 mv:10679 misc:1951 icu:1208.00 pcu:88.00 scu:0.00 tlayer:0 pbqpoffset:0.00 pbfactor:1.00 avgQpOffsetCutree:-1.90;
in:3 out:2 type:B q:34.22 q-aq:33.99 q-noVbv:34.22 q-Rceq:1.00 tex:51759 mv:9211 misc:1998 icu:1066.00 pcu:198.00 scu:32.00 tlayer:1 pbqpoffset:2.30 pbfactor:1.30 avgQpOffsetCutree:-1.01;
in:2 out:3 type:B q:34.22 q-aq:34.93 q-noVbv:34.22 q-Rceq:1.00 tex:43954 mv:9680 misc:2046 icu:782.50 pcu:434.00 scu:79.50 tlayer:2 pbqpoffset:2.30 pbfactor:1.30 avgQpOffsetCutree:-0.40;
in:1 out:4 type:b q:35.36 q-aq:35.55 q-noVbv:35.36 q-Rceq:1.00 tex:39898 mv:9029 misc:1769 icu:686.00 pcu:526.75 scu:83.25 tlayer:3 pbqpoffset:3.44 pbfactor:1.49 avgQpOffsetCutree:0.00;
in:4 out:5 type:b q:35.36 q-aq:35.56 q-noVbv:35.36 q-Rceq:1.00 tex:36451 mv:9445 misc:2160 icu:664.00 pcu:448.50 scu:183.50 tlayer:2 pbqpoffset:3.44 pbfactor:1.49 avgQpOffsetCutree:0.00;
in:18 out:6 type:k q:28.88 q-aq:27.48 q-noVbv:28.88 q-Rceq:1.00 tex:121956 mv:13222 misc:2062 icu:1231.75 pcu:63.50 scu:0.75 tlayer:0 pbqpoffset:0.00 pbfactor:1.00 avgQpOffsetCutree:-1.97;
in:12 out:7 type:B q:32.22 q-aq:31.37 q-noVbv:32.22 q-Rceq:1.00 tex:71117 mv:9702 misc:1845 icu:1209.75 pcu:85.75 scu:0.50 tlayer:1 pbqpoffset:1.94 pbfactor:1.25 avgQpOffsetCutree:-1.51;
in:9 out:8 type:B q:32.92 q-aq:32.74 q-noVbv:32.92 q-Rceq:1.00 tex:64519 mv:10799 misc:1938 icu:1120.50 pcu:160.50 scu:15.00 tlayer:2 pbqpoffset:1.94 pbfactor:1.25 avgQpOffsetCutree:-1.06;
in:7 out:9 type:B q:33.39 q-aq:33.49 q-noVbv:33.39 q-Rceq:1.00 tex:54746 mv:10896 misc:1990 icu:1009.50 pcu:248.50 scu:38.00 tlayer:3 pbqpoffset:1.94 pbfactor:1.25 avgQpOffsetCutree:-0.82;
in:6 out:10 type:b q:34.76 q-aq:35.17 q-noVbv:34.76 q-Rceq:1.00 tex:39194 mv:11608 misc:2158 icu:717.50 pcu:436.25 scu:142.25 tlayer:4 pbqpoffset:3.07 pbfactor:1.43 avgQpOffsetCutree:0.00;
in:8 out:11 type:b q:34.29 q-aq:34.51 q-noVbv:34.29 q-Rceq:1.00 tex:44515 mv:11025 misc:2084 icu:781.25 pcu:416.50 scu:98.25 tlayer:4 pbqpoffset:3.07 pbfactor:1.43 avgQpOffsetCutree:0.00;
in:11 out:12 type:B q:32.46 q-aq:33.13 q-noVbv:32.46 q-Rceq:1.00 tex:53891 mv:11012 misc:2121 icu:860.50 pcu:368.25 scu:67.25 tlayer:3 pbqpoffset:1.94 pbfactor:1.25 avgQpOffsetCutree:-0.38;
in:10 out:13 type:b q:33.83 q-aq:34.13 q-noVbv:33.83 q-Rceq:1.00 tex:44830 mv:11241 misc:2329 icu:752.50 pcu:420.75 scu:122.75 tlayer:4 pbqpoffset:3.07 pbfactor:1.43 avgQpOffsetCutree:0.00;
in:15 out:14 type:B q:31.52 q-aq:31.59 q-noVbv:31.52 q-Rceq:1.00 tex:74261 mv:10930 misc:2025 icu:1139.25 pcu:147.00 scu:9.75 tlayer:2 pbqpoffset:1.94 pbfactor:1.25 avgQpOffsetCutree:-0.92;
in:14 out:15 type:B q:31.75 q-aq:32.57 q-noVbv:31.75 q-Rceq:1.00 tex:55108 mv:12151 misc:2317 icu:802.75 pcu:403.50 scu:89.75 tlayer:3 pbqpoffset:1.94 pbfactor:1.25 avgQpOffsetCutree:-0.39;
in:13 out:16 type:b q:33.12 q-aq:33.28 q-noVbv:33.12 q-Rceq:1.00 tex:47511 mv:12220 misc:2493 icu:694.75 pcu:447.00 scu:154.25 tlayer:4 pbqpoffset:3.07 pbfactor:1.43 avgQpOffsetCutree:0.00;
in:17 out:17 type:B q:31.05 q-aq:31.61 q-noVbv:31.05 q-Rceq:1.00 tex:72651 mv:13821 misc:2480 icu:899.00 pcu:324.75 scu:72.25 tlayer:3 pbqpoffset:1.94 pbfactor:1.25 avgQpOffsetCutree:-0.46;
in:16 out:18 type:b q:32.42 q-aq:32.88 q-noVbv:32.42 q-Rceq:1.00 tex:68178 mv:12843 misc:2491 icu:792.00 pcu:427.75 scu:76.25 tlayer:4 pbqpoffset:3.07 pbfactor:1.43 avgQpOffsetCutree:0.00;
in:34 out:19 type:k q:29.23 q-aq:28.46 q-noVbv:29.23 q-Rceq:1.00 tex:110500 mv:11068 misc:1840 icu:1175.25 pcu:120.25 scu:0.50 tlayer:0 pbqpoffset:0.00 pbfactor:1.00 avgQpOffsetCutree:-2.15;
in:26 out:20 type:B q:31.15 q-aq:30.46 q-noVbv:31.15 q-Rceq:1.00 tex:81896 mv:10627 misc:2005 icu:1189.00 pcu:107.00 scu:0.00 tlayer:1 pbqpoffset:2.09 pbfactor:1.27 avgQpOffsetCutree:-1.66;
in:22 out:21 type:B q:31.06 q-aq:30.92 q-noVbv:31.06 q-Rceq:1.00 tex:78316 mv:10768 misc:1908 icu:1124.00 pcu:168.75 scu:3.25 tlayer:2 pbqpoffset:2.09 pbfactor:1.27 avgQpOffsetCutree:-1.31;
in:20 out:22 type:B q:31.02 q-aq:31.41 q-noVbv:31.02 q-Rceq:1.00 tex:68218 mv:13879 misc:2183 icu:965.00 pcu:307.75 scu:23.25 tlayer:3 pbqpoffset:2.09 pbfactor:1.27 avgQpOffsetCutree:-0.82;
in:19 out:23 type:b q:32.13 q-aq:32.61 q-noVbv:32.13 q-Rceq:1.00 tex:50017 mv:14531 misc:2356 icu:703.00 pcu:451.75 scu:141.25 tlayer:4 pbqpoffset:3.23 pbfactor:1.45 avgQpOffsetCutree:0.00;
in:21 out:24 type:b q:32.18 q-aq:32.56 q-noVbv:32.18 q-Rceq:1.00 tex:49389 mv:13813 misc:2526 icu:688.00 pcu:466.50 scu:141.50 tlayer:4 pbqpoffset:3.23 pbfactor:1.45 avgQpOffsetCutree:0.00;
in:24 out:25 type:B q:31.10 q-aq:31.52 q-noVbv:31.10 q-Rceq:1.00 tex:66585 mv:13344 misc:2095 icu:1000.25 pcu:279.25 scu:16.50 tlayer:3 pbqpoffset:2.09 pbfactor:1.27 avgQpOffsetCutree:-0.75;
in:23 out:26 type:b q:32.22 q-aq:32.57 q-noVbv:32.22 q-Rceq:1.00 tex:48025 mv:13855 misc:2568 icu:686.50 pcu:476.25 scu:133.25 tlayer:4 pbqpoffset:3.23 pbfactor:1.45 avgQpOffsetCutree:0.00;
in:25 out:27 type:b q:32.26 q-aq:32.66 q-noVbv:32.26 q-Rceq:1.00 tex:49321 mv:12983 misc:2520 icu:670.00 pcu:491.25 scu:134.75 tlayer:4 pbqpoffset:3.23 pbfactor:1.45 avgQpOffsetCutree:0.00;
in:30 out:28 type:B q:31.23 q-aq:31.19 q-noVbv:31.23 q-Rceq:1.00 tex:82519 mv:10078 misc:1947 icu:1194.50 pcu:99.25 scu:2.25 tlayer:2 pbqpoffset:2.09 pbfactor:1.27 avgQpOffsetCutree:-1.26;
in:28 out:29 type:B q:31.19 q-aq:31.31 q-noVbv:31.19 q-Rceq:1.00 tex:68497 mv:13127 misc:2264 icu:994.25 pcu:271.25 scu:30.50 tlayer:3 pbqpoffset:2.09 pbfactor:1.27 avgQpOffsetCutree:-0.91;
in:27 out:30 type:b q:32.30 q-aq:32.67 q-noVbv:32.30 q-Rceq:1.00 tex:48636 mv:13164 misc:2800 icu:657.00 pcu:476.25 scu:162.75 tlayer:4 pbqpoffset:3.23 pbfactor:1.45 avgQpOffsetCutree:0.00;
in:29 out:31 type:b q:32.35 q-aq:32.77 q-noVbv:32.35 q-Rceq:1.00 tex:47447 mv:13680 misc:2545 icu:679.75 pcu:475.00 scu:141.25 tlayer:4 pbqpoffset:3.23 pbfactor:1.45 avgQpOffsetCutree:0.00;
in:32 out:32 type:B q:31.28 q-aq:32.02 q-noVbv:31.28 q-Rceq:1.00 tex:79408 mv:14493 misc:2227 icu:1039.50 pcu:243.50 scu:13.00 tlayer:3 pbqpoffset:2.09 pbfactor:1.27 avgQpOffsetCutree:-0.60;
in:31 out:33 type:b q:32.39 q-aq:32.86 q-noVbv:32.39 q-Rceq:1.00 tex:51036 mv:13203 misc:2697 icu:741.50 pcu:425.25 scu:129.25 tlayer:4 pbqpoffset:3.23 pbfactor:1.45 avgQpOffsetCutree:0.00;
in:33 out:34 type:b q:32.43 q-aq:32.97 q-noVbv:32.43 q-Rceq:1.00 tex:53023 mv:13581 misc:2660 icu:660.75 pcu:506.25 scu:129.00 tlayer:4 pbqpoffset:3.23 pbfactor:1.45 avgQpOffsetCutree:0.00;
in:50 out:35 type:k q:29.03 q-aq:28.25 q-noVbv:29.03 q-Rceq:1.00 tex:114544 mv:12104 misc:1944 icu:1195.25 pcu:100.75 scu:0.00 tlayer:0 pbqpoffset:0.00 pbfactor:1.00 avgQpOffsetCutree:-2.14;
in:42 out:36 type:B q:31.34 q-aq:30.50 q-noVbv:31.34 q-Rceq:1.00 tex:85360 mv:10494 misc:1946 icu:1165.75 pcu:129.00 scu:1.25 tlayer:1 pbqpoffset:2.21 pbfactor:1.29 avgQpOffsetCutree:-1.70;
in:38 out:37 type:B q:31.39 q-aq:31.14 q-noVbv:31.39 q-Rceq:1.00 tex:74877 mv:11293 misc:1894 icu:1104.25 pcu:188.75 scu:3.00 tlayer:2 pbqpoffset:2.21 pbfactor:1.29 avgQpOffsetCutree:-1.30;
in:36 out:38 type:B q:31.41 q-aq:31.75 q-noVbv:31.41 q-Rceq:1.00 tex:68769 mv:12799 misc:2104 icu:977.75 pcu:296.00 scu:22.25 tlayer:3 pbqpoffset:2.21 pbfactor:1.29 avgQpOffsetCutree:-0.78;
in:35 out:39 type:b q:32.56 q-aq:33.15 q-noVbv:32.56 q-Rceq:1.00 tex:46475 mv:12774 misc:2543 icu:648.75 pcu:492.25 scu:155.00 tlayer:4 pbqpoffset:3.35 pbfactor:1.47 avgQpOffsetCutree:0.00;
in:37 out:40 type:b q:32.53 q-aq:33.19 q-noVbv:32.53 q-Rceq:1.00 tex:44837 mv:12930 misc:2545 icu:643.00 pcu:514.00 scu:139.00 tlayer:4 pbqpoffset:3.35 pbfactor:1.47 avgQpOffsetCutree:0.00;
in:40 out:41 type:B q:31.36 q-aq:31.72 q-noVbv:31.36 q-Rceq:1.00 tex:67251 mv:11286 misc:1983 icu:991.75 pcu:271.00 scu:33.25 tlayer:3 pbqpoffset:2.21 pbfactor:1.29 avgQpOffsetCutree:-0.75;
in:39 out:42 type:b q:32.51 q-aq:33.14 q-noVbv:32.51 q-Rceq:1.00 tex:45215 mv:12627 misc:2438 icu:655.50 pcu:481.50 scu:159.00 tlayer:4 pbqpoffset:3.35 pbfactor:1.47 avgQpOffsetCutree:0.00;
in:41 out:43 type:b q:32.49 q-aq:33.03 q-noVbv:32.49 q-Rceq:1.00 tex:47698 mv:12161 misc:2349 icu:619.00 pcu:560.25 scu:116.75 tlayer:4 pbqpoffset:3.35 pbfactor:1.47 avgQpOffsetCutree:0.00;
in:46 out:44 type:B q:31.29 q-aq:30.98 q-noVbv:31.29 q-Rceq:1.00 tex:79674 mv:11334 misc:1912 icu:1156.25 pcu:136.25 scu:3.50 tlayer:2 pbqpoffset:2.21 pbfactor:1.29 avgQpOffsetCutree:-1.36;
in:44 out:45 type:B q:31.31 q-aq:31.56 q-noVbv:31.31 q-Rceq:1.00 tex:66256 mv:12419 misc:2021 icu:951.75 pcu:327.00 scu:17.25 tlayer:3 pbqpoffset:2.21 pbfactor:1.29 avgQpOffsetCutree:-0.78;
in:43 out:46 type:b q:32.46 q-aq:32.93 q-noVbv:32.46 q-Rceq:1.00 tex:47733 mv:12901 misc:2398 icu:606.25 pcu:556.25 scu:133.50 tlayer:4 pbqpoffset:3.35 pbfactor:1.47 avgQpOffsetCutree:0.00;
in:45 out:47 type:b q:32.44 q-aq:32.92 q-noVbv:32.44 q-Rceq:1.00 tex:47908 mv:12637 misc:2439 icu:647.25 pcu:510.75 scu:138.00 tlayer:4 pbqpoffset:3.35 pbfactor:1.47 avgQpOffsetCutree:0.00;
in:48 out:48 type:B q:31.26 q-aq:32.07 q-noVbv:31.26 q-Rceq:1.00 tex:82291 mv:13993 misc:2164 icu:1016.25 pcu:264.75 scu:15.00 tlayer:3 pbqpoffset:2.21 pbfactor:1.29 avgQpOffsetCutree:-0.52;
in:47 out:49 type:b q:32.41 q-aq:32.95 q-noVbv:32.41 q-Rceq:1.00 tex:50372 mv:12999 misc:2525 icu:742.75 pcu:441.25 scu:112.00 tlayer:4 pbqpoffset:3.35 pbfactor:1.47 avgQpOffsetCutree:0.00;
in:49 out:50 type:b q:32.39 q-aq:32.81 q-noVbv:32.39 q-Rceq:1.00 tex:55115 mv:14757 misc:2720 icu:651.75 pcu:510.75 scu:133.50 tlayer:4 pbqpoffset:3.35 pbfactor:1.47 avgQpOffsetCutree:0.00;
in:66 out:51 type:k q:28.91 q-aq:28.04 q-noVbv:28.91 q-Rceq:1.00 tex:114998 mv:12027 misc:1927 icu:1175.75 pcu:120.25 scu:0.00 tlayer:0 pbqpoffset:0.00 pbfactor:1.00 avgQpOffsetCutree:-2.23;
in:58 out:52 type:B q:31.18 q-aq:30.25 q-noVbv:31.18 q-Rceq:1.00 tex:87960 mv:10834 misc:2126 icu:1159.75 pcu:136.25 scu:0.00 tlayer:1 pbqpoffset:2.21 pbfactor:1.29 avgQpOffsetCutree:-1.87;
in:54 out:53 type:B q:31.21 q-aq:30.99 q-noVbv:31.21 q-Rceq:1.00 tex:79223 mv:11930 misc:1903 icu:1079.00 pcu:215.00 scu:2.00 tlayer:2 pbqpoffset:2.21 pbfactor:1.29 avgQpOffsetCutree:-1.34;
in:52 out:54 type:B q:31.22 q-aq:31.52 q-noVbv:31.22 q-Rceq:1.00 tex:66286 mv:13500 misc:2206 icu:959.00 pcu:311.75 scu:25.25 tlayer:3 pbqpoffset:2.21 pbfactor:1.29 avgQpOffsetCutree:-0.82;
in:51 out:55 type:b q:32.36 q-aq:32.75 q-noVbv:32.36 q-Rceq:1.00 tex:44693 mv:14830 misc:2613 icu:667.25 pcu:502.25 scu:126.50 tlayer:4 pbqpoffset:3.34 pbfactor:1.47 avgQpOffsetCutree:0.00;
in:53 out:56 type:b q:32.35 q-aq:32.75 q-noVbv:32.35 q-Rceq:1.00 tex:46647 mv:13598 misc:2571 icu:660.75 pcu:489.25 scu:146.00 tlayer:4 pbqpoffset:3.34 pbfactor:1.47 avgQpOffsetCutree:0.00;
in:56 out:57 type:B q:31.19 q-aq:31.38 q-noVbv:31.19 q-Rceq:1.00 tex:66830 mv:13199 misc:2243 icu:956.25 pcu:315.00 scu:24.75 tlayer:3 pbqpoffset:2.21 pbfactor:1.29 avgQpOffsetCutree:-0.84;
in:55 out:58 type:b q:32.33 q-aq:32.78 q-noVbv:32.33 q-Rceq:1.00 tex:46244 mv:13688 misc:2468 icu:669.75 pcu:476.50 scu:149.75 tlayer:4 pbqpoffset:3.34 pbfactor:1.47 avgQpOffsetCutree:0.00;
in:57 out:59 type:b q:32.32 q-aq:32.61 q-noVbv:32.32 q-Rceq:1.00 tex:45302 mv:13651 misc:2495 icu:595.25 pcu:549.25 scu:151.50 tlayer:4 pbqpoffset:3.34 pbfactor:1.47 avgQpOffsetCutree:0.00;
in:62 out:60 type:B q:31.15 q-aq:30.88 q-noVbv:31.15 q-Rceq:1.00 tex:83730 mv:11108 misc:1914 icu:1097.50 pcu:191.75 scu:6.75 tlayer:2 pbqpoffset:2.21 pbfactor:1.29 avgQpOffsetCutree:-1.36;
in:60 out:61 type:B q:31.16 q-aq:31.16 q-noVbv:31.16 q-Rceq:1.00 tex:68942 mv:14097 misc:2257 icu:879.25 pcu:387.50 scu:29.25 tlayer:3 pbqpoffset:2.21 pbfactor:1.29 avgQpOffsetCutree:-0.98;
in:59 out:62 type:b q:32.30 q-aq:32.65 q-noVbv:32.30 q-Rceq:1.00 tex:49252 mv:14148 misc:2616 icu:562.75 pcu:565.75 scu:167.50 tlayer:4 pbqpoffset:3.34 pbfactor:1.47 avgQpOffsetCutree:0.00;
in:61 out:63 type:b q:32.29 q-aq:32.61 q-noVbv:32.29 q-Rceq:1.00 tex:45477 mv:14189 misc:2758 icu:626.00 pcu:508.75 scu:161.25 tlayer:4 pbqpoffset:3.34 pbfactor:1.47 avgQpOffsetCutree:0.00;
in:64 out:64 type:B q:31.13 q-aq:31.86 q-noVbv:31.13 q-Rceq:1.00 tex:79031 mv:13901 misc:2028 icu:1037.00 pcu:250.25 scu:8.75 tlayer:3 pbqpoffset:2.21 pbfactor:1.29 avgQpOffsetCutree:-0.57;
in:63 out:65 type:b q:32.27 q-aq:32.66 q-noVbv:32.27 q-Rceq:1.00 tex:50084 mv:13655 misc:2613 icu:694.00 pcu:456.25 scu:145.75 tlayer:4 pbqpoffset:3.34 pbfactor:1.47 avgQpOffsetCutree:0.00;
in:65 out:66 type:b q:32.26 q-aq:32.70 q-noVbv:32.26 q-Rceq:1.00 tex:53949 mv:14456 misc:2603 icu:670.25 pcu:516.00 scu:109.75 tlayer:4 pbqpoffset:3.34 pbfactor:1.47 avgQpOffsetCutree:0.00;
in:82 out:67 type:k q:29.02 q-aq:28.13 q-noVbv:29.02 q-Rceq:1.00 tex:112326 mv:12741 misc:2045 icu:1186.50 pcu:109.00 scu:0.50 tlayer:0 pbqpoffset:0.96 pbfactor:1.12 avgQpOffsetCutree:-2.30;
in:74 out:68 type:B q:31.20 q-aq:30.49 q-noVbv:31.20 q-Rceq:1.00 tex:87673 mv:11587 misc:2092 icu:1131.25 pcu:164.50 scu:0.25 tlayer:1 pbqpoffset:2.23 pbfactor:1.29 avgQpOffsetCutree:-1.78;
in:70 out:69 type:B q:31.17 q-aq:30.79 q-noVbv:31.17 q-Rceq:1.00 tex:83286 mv:11177 misc:1905 icu:1086.25 pcu:207.00 scu:2.75 tlayer:2 pbqpoffset:2.23 pbfactor:1.29 avgQpOffsetCutree:-1.44;
in:68 out:70 type:B q:31.16 q-aq:31.68 q-noVbv:31.16 q-Rceq:1.00 tex:69884 mv:12911 misc:2021 icu:979.00 pcu:298.25 scu:18.75 tlayer:3 pbqpoffset:2.23 pbfactor:1.29 avgQpOffsetCutree:-0.74;
in:67 out:71 type:b q:32.28 q-aq:32.67 q-noVbv:32.28 q-Rceq:1.00 tex:46838 mv:14836 misc:2638 icu:662.25 pcu:501.75 scu:132.00 tlayer:4 pbqpoffset:3.37 pbfactor:1.48 avgQpOffsetCutree:0.00;
in:69 out:72 type:b q:32.30 q-aq:32.71 q-noVbv:32.30 q-Rceq:1.00 tex:51744 mv:14003 misc:2485 icu:632.25 pcu:542.00 scu:121.75 tlayer:4 pbqpoffset:3.37 pbfactor:1.48 avgQpOffsetCutree:0.00;
in:72 out:73 type:B q:31.18 q-aq:31.44 q-noVbv:31.18 q-Rceq:1.00 tex:68587 mv:13096 misc:2197 icu:940.75 pcu:332.00 scu:23.25 tlayer:3 pbqpoffset:2.23 pbfactor:1.29 avgQpOffsetCutree:-0.89;
in:71 out:74 type:b q:32.31 q-aq:32.62 q-noVbv:32.31 q-Rceq:1.00 tex:46725 mv:14311 misc:2692 icu:617.25 pcu:518.75 scu:160.00 tlayer:4 pbqpoffset:3.37 pbfactor:1.48 avgQpOffsetCutree:0.00;
in:73 out:75 type:b q:32.33 q-aq:32.75 q-noVbv:32.33 q-Rceq:1.00 tex:48057 mv:14135 misc:2472 icu:617.75 pcu:565.50 scu:112.75 tlayer:4 pbqpoffset:3.37 pbfactor:1.48 avgQpOffsetCutree:0.00;
in:78 out:76 type:B q:31.23 q-aq:31.10 q-noVbv:31.23 q-Rceq:1.00 tex:83146 mv:10723 misc:2059 icu:1139.25 pcu:150.75 scu:6.00 tlayer:2 pbqpoffset:2.23 pbfactor:1.29 avgQpOffsetCutree:-1.31;
in:76 out:77 type:B q:31.21 q-aq:31.63 q-noVbv:31.21 q-Rceq:1.00 tex:66149 mv:13508 misc:2303 icu:945.75 pcu:312.50 scu:37.75 tlayer:3 pbqpoffset:2.23 pbfactor:1.29 avgQpOffsetCutree:-0.77;
in:75 out:78 type:b q:32.34 q-aq:32.75 q-noVbv:32.34 q-Rceq:1.00 tex:45969 mv:13672 misc:2647 icu:648.50 pcu:500.75 scu:146.75 tlayer:4 pbqpoffset:3.37 pbfactor:1.48 avgQpOffsetCutree:0.00;
in:77 out:79 type:b q:32.35 q-aq:32.83 q-noVbv:32.35 q-Rceq:1.00 tex:50916 mv:13117 misc:2511 icu:691.25 pcu:487.50 scu:117.25 tlayer:4 pbqpoffset:3.37 pbfactor:1.48 avgQpOffsetCutree:0.00;
in:80 out:80 type:B q:31.24 q-aq:32.03 q-noVbv:31.24 q-Rceq:1.00 tex:80586 mv:12699 misc:2075 icu:1063.25 pcu:216.00 scu:16.75 tlayer:3 pbqpoffset:2.23 pbfactor:1.29 avgQpOffsetCutree:-0.58;
in:79 out:81 type:b q:32.37 q-aq:32.84 q-noVbv:32.37 q-Rceq:1.00 tex:53028 mv:13424 misc:2668 icu:743.00 pcu:424.00 scu:129.00 tlayer:4 pbqpoffset:3.37 pbfactor:1.48 avgQpOffsetCutree:0.00;
in:81 out:82 type:b q:32.38 q-aq:32.92 q-noVbv:32.38 q-Rceq:1.00 tex:54956 mv:13745 misc:2651 icu:649.25 pcu:514.00 scu:132.75 tlayer:4 pbqpoffset:3.37 pbfactor:1.48 avgQpOffsetCutree:0.00;
in:98 out:83 type:k q:29.13 q-aq:28.25 q-noVbv:29.13 q-Rceq:1.00 tex:120037 mv:12285 misc:1918 icu:1177.75 pcu:117.75 scu:0.50 tlayer:0 pbqpoffset:1.56 pbfactor:1.20 avgQpOffsetCutree:-2.31;
in:90 out:84 type:B q:31.38 q-aq:30.54 q-noVbv:31.38 q-Rceq:1.00 tex:87217 mv:11095 misc:1880 icu:1108.25 pcu:186.50 scu:1.25 tlayer:1 pbqpoffset:2.30 pbfactor:1.30 avgQpOffsetCutree:-1.86;
in:86 out:85 type:B q:31.35 q-aq:31.01 q-noVbv:31.35 q-Rceq:1.00 tex:79750 mv:12258 misc:1976 icu:1072.25 pcu:218.25 scu:5.50 tlayer:2 pbqpoffset:2.30 pbfactor:1.30 avgQpOffsetCutree:-1.45;
in:84 out:86 type:B q:31.34 q-aq:31.56 q-noVbv:31.34 q-Rceq:1.00 tex:69775 mv:13543 misc:2322 icu:948.50 pcu:320.50 scu:27.00 tlayer:3 pbqpoffset:2.30 pbfactor:1.30 avgQpOffsetCutree:-0.87;
in:83 out:87 type:b q:32.47 q-aq:33.03 q-noVbv:32.47 q-Rceq:1.00 tex:48948 mv:14309 misc:2559 icu:691.50 pcu:462.75 scu:141.75 tlayer:4 pbqpoffset:3.44 pbfactor:1.49 avgQpOffsetCutree:0.00;
in:85 out:88 type:b q:32.48 q-aq:33.03 q-noVbv:32.48 q-Rceq:1.00 tex:47203 mv:13929 misc:2436 icu:637.75 pcu:536.00 scu:122.25 tlayer:4 pbqpoffset:3.44 pbfactor:1.49 avgQpOffsetCutree:0.00;
in:88 out:89 type:B q:31.37 q-aq:31.69 q-noVbv:31.37 q-Rceq:1.00 tex:65422 mv:13208 misc:2282 icu:918.25 pcu:335.00 scu:42.75 tlayer:3 pbqpoffset:2.30 pbfactor:1.30 avgQpOffsetCutree:-0.81;
in:87 out:90 type:b q:32.49 q-aq:33.06 q-noVbv:32.49 q-Rceq:1.00 tex:46811 mv:13075 misc:2538 icu:649.50 pcu:472.25 scu:174.25 tlayer:4 pbqpoffset:3.44 pbfactor:1.49 avgQpOffsetCutree:0.00;
in:89 out:91 type:b q:32.51 q-aq:33.11 q-noVbv:32.51 q-Rceq:1.00 tex:49828 mv:12297 misc:2475 icu:676.50 pcu:480.75 scu:138.75 tlayer:4 pbqpoffset:3.44 pbfactor:1.49 avgQpOffsetCutree:0.00;
in:94 out:92 type:B q:31.41 q-aq:31.27 q-noVbv:31.41 q-Rceq:1.00 tex:83537 mv:11470 misc:2025 icu:1081.50 pcu:212.00 scu:2.50 tlayer:2 pbqpoffset:2.30 pbfactor:1.30 avgQpOffsetCutree:-1.28;
in:92 out:93 type:B q:31.39 q-aq:31.54 q-noVbv:31.39 q-Rceq:1.00 tex:66456 mv:12989 misc:2267 icu:924.25 pcu:329.75 scu:42.00 tlayer:3 pbqpoffset:2.30 pbfactor:1.30 avgQpOffsetCutree:-0.89;
in:91 out:94 type:b q:32.52 q-aq:33.12 q-noVbv:32.52 q-Rceq:1.00 tex:44918 mv:13909 misc:2517 icu:638.25 pcu:486.75 scu:171.00 tlayer:4 pbqpoffset:3.44 pbfactor:1.49 avgQpOffsetCutree:0.00;
in:93 out:95 type:b q:32.53 q-aq:33.15 q-noVbv:32.53 q-Rceq:1.00 tex:48510 mv:13667 misc:2495 icu:660.75 pcu:511.25 scu:124.00 tlayer:4 pbqpoffset:3.44 pbfactor:1.49 avgQpOffsetCutree:0.00;
in:96 out:96 type:B q:31.42 q-aq:32.28 q-noVbv:31.42 q-Rceq:1.00 tex:80843 mv:13202 misc:2315 icu:1038.00 pcu:224.75 scu:33.25 tlayer:3 pbqpoffset:2.30 pbfactor:1.30 avgQpOffsetCutree:-0.56;
in:95 out:97 type:b q:32.55 q-aq:33.20 q-noVbv:32.55 q-Rceq:1.00 tex:54128 mv:12444 misc:2332 icu:744.75 pcu:431.50 scu:119.75 tlayer:4 pbqpoffset:3.44 pbfactor:1.49 avgQpOffsetCutree:0.00;
in:97 out:98 type:b q:32.56 q-aq:33.26 q-noVbv:32.56 q-Rceq:1.00 tex:57976 mv:13909 misc:2323 icu:637.50 pcu:553.00 scu:105.50 tlayer:4 pbqpoffset:3.44 pbfactor:1.49 avgQpOffsetCutree:0.00;
in:114 out:99 type:k q:29.19 q-aq:28.36 q-noVbv:29.19 q-Rceq:1.00 tex:115373 mv:13193 misc:2186 icu:1180.75 pcu:115.25 scu:0.00 tlayer:0 pbqpoffset:0.77 pbfactor:1.09 avgQpOffsetCutree:-2.21;
in:106 out:100 type:B q:31.48 q-aq:30.62 q-noVbv:31.48 q-Rceq:1.00 tex:84165 mv:12366 misc:2229 icu:1114.00 pcu:180.25 scu:1.75 tlayer:1 pbqpoffset:2.32 pbfactor:1.31 avgQpOffsetCutree:-1.79;
in:102 out:101 type:B q:31.46 q-aq:31.10 q-noVbv:31.46 q-Rceq:1.00 tex:80279 mv:11774 misc:2139 icu:1096.50 pcu:191.25 scu:8.25 tlayer:2 pbqpoffset:2.32 pbfactor:1.31 avgQpOffsetCutree:-1.39;
in:100 out:102 type:B q:31.46 q-aq:31.84 q-noVbv:31.46 q-Rceq:1.00 tex:69912 mv:14402 misc:2374 icu:971.75 pcu:282.75 scu:41.50 tlayer:3 pbqpoffset:2.32 pbfactor:1.31 avgQpOffsetCutree:-0.84;
in:99 out:103 type:b q:32.59 q-aq:33.25 q-noVbv:32.59 q-Rceq:1.00 tex:52124 mv:14048 misc:2340 icu:695.75 pcu:481.50 scu:118.75 tlayer:4 pbqpoffset:3.45 pbfactor:1.49 avgQpOffsetCutree:0.00;
in:101 out:104 type:b q:32.59 q-aq:33.23 q-noVbv:32.59 q-Rceq:1.00 tex:48683 mv:13719 misc:2478 icu:687.50 pcu:451.75 scu:156.75 tlayer:4 pbqpoffset:3.45 pbfactor:1.49 avgQpOffsetCutree:0.00;
in:104 out:105 type:B q:31.47 q-aq:31.64 q-noVbv:31.47 q-Rceq:1.00 tex:65567 mv:13414 misc:2291 icu:947.25 pcu:305.25 scu:43.50 tlayer:3 pbqpoffset:2.32 pbfactor:1.31 avgQpOffsetCutree:-0.85;
in:103 out:106 type:b q:32.60 q-aq:33.18 q-noVbv:32.60 q-Rceq:1.00 tex:49025 mv:13567 misc:2440 icu:661.25 pcu:514.00 scu:120.75 tlayer:4 pbqpoffset:3.45 pbfactor:1.49 avgQpOffsetCutree:0.00;
in:105 out:107 type:b q:32.61 q-aq:33.14 q-noVbv:32.61 q-Rceq:1.00 tex:46759 mv:13580 misc:2581 icu:644.25 pcu:470.75 scu:181.00 tlayer:4 pbqpoffset:3.45 pbfactor:1.49 avgQpOffsetCutree:0.00;
in:110 out:108 type:B q:31.49 q-aq:31.19 q-noVbv:31.49 q-Rceq:1.00 tex:76959 mv:11902 misc:2187 icu:1095.50 pcu:193.00 scu:7.50 tlayer:2 pbqpoffset:2.32 pbfactor:1.31 avgQpOffsetCutree:-1.35;
in:108 out:109 type:B q:31.49 q-aq:31.82 q-noVbv:31.49 q-Rceq:1.00 tex:64687 mv:12438 misc:2027 icu:989.75 pcu:269.25 scu:37.00 tlayer:3 pbqpoffset:2.32 pbfactor:1.31 avgQpOffsetCutree:-0.78;
in:107 out:110 type:b q:32.62 q-aq:33.14 q-noVbv:32.62 q-Rceq:1.00 tex:45783 mv:12697 misc:2472 icu:663.50 pcu:455.75 scu:176.75 tlayer:4 pbqpoffset:3.45 pbfactor:1.49 avgQpOffsetCutree:0.00;
in:109 out:111 type:b q:32.63 q-aq:33.20 q-noVbv:32.63 q-Rceq:1.00 tex:47683 mv:11965 misc:2408 icu:694.25 pcu:445.25 scu:156.50 tlayer:4 pbqpoffset:3.45 pbfactor:1.49 avgQpOffsetCutree:0.00;
in:112 out:112 type:B q:31.50 q-aq:32.30 q-noVbv:31.50 q-Rceq:1.00 tex:76683 mv:13214 misc:2223 icu:1024.25 pcu:247.00 scu:24.75 tlayer:3 pbqpoffset:2.32 pbfactor:1.31 avgQpOffsetCutree:-0.55;
in:111 out:113 type:b q:32.63 q-aq:33.21 q-noVbv:32.63 q-Rceq:1.00 tex:52627 mv:12449 misc:2252 icu:721.75 pcu:443.75 scu:130.50 tlayer:4 pbqpoffset:3.45 pbfactor:1.49 avgQpOffsetCutree:0.00;
in:113 out:114 type:b q:32.64 q-aq:33.26 q-noVbv:32.64 q-Rceq:1.00 tex:54846 mv:14062 misc:2452 icu:690.50 pcu:472.00 scu:133.50 tlayer:4 pbqpoffset:3.45 pbfactor:1.49 avgQpOffsetCutree:0.00;
in:130 out:115 type:k q:29.22 q-aq:28.26 q-noVbv:29.22 q-Rceq:1.00 tex:107575 mv:11460 misc:2021 icu:1202.00 pcu:93.00 scu:1.00 tlayer:0 pbqpoffset:0.83 pbfactor:1.10 avgQpOffsetCutree:-2.16;
in:122 out:116 type:B q:31.42 q-aq:30.68 q-noVbv:31.42 q-Rceq:1.00 tex:81040 mv:10865 misc:1919 icu:1158.00 pcu:137.25 scu:0.75 tlayer:1 pbqpoffset:2.22 pbfactor:1.29 avgQpOffsetCutree:-1.63;
in:118 out:117 type:B q:31.42 q-aq:31.06 q-noVbv:31.42 q-Rceq:1.00 tex:76791 mv:11193 misc:2080 icu:1066.25 pcu:219.00 scu:10.75 tlayer:2 pbqpoffset:2.22 pbfactor:1.29 avgQpOffsetCutree:-1.37;
in:116 out:118 type:B q:31.42 q-aq:31.79 q-noVbv:31.42 q-Rceq:1.00 tex:67625 mv:13336 misc:2231 icu:973.00 pcu:274.75 scu:48.25 tlayer:3 pbqpoffset:2.22 pbfactor:1.29 avgQpOffsetCutree:-0.81;
in:115 out:119 type:b q:32.55 q-aq:33.17 q-noVbv:32.55 q-Rceq:1.00 tex:50803 mv:13524 misc:2457 icu:732.25 pcu:420.25 scu:143.50 tlayer:4 pbqpoffset:3.35 pbfactor:1.47 avgQpOffsetCutree:0.00;
in:117 out:120 type:b q:32.55 q-aq:33.14 q-noVbv:32.55 q-Rceq:1.00 tex:48509 mv:13046 misc:2285 icu:717.75 pcu:444.50 scu:133.75 tlayer:4 pbqpoffset:3.35 pbfactor:1.47 avgQpOffsetCutree:0.00;
in:120 out:121 type:B q:31.42 q-aq:31.68 q-noVbv:31.42 q-Rceq:1.00 tex:65170 mv:12339 misc:2163 icu:1007.75 pcu:249.50 scu:38.75 tlayer:3 pbqpoffset:2.22 pbfactor:1.29 avgQpOffsetCutree:-0.83;
in:119 out:122 type:b q:32.55 q-aq:33.15 q-noVbv:32.55 q-Rceq:1.00 tex:47074 mv:12478 misc:2464 icu:704.25 pcu:432.25 scu:159.50 tlayer:4 pbqpoffset:3.35 pbfactor:1.47 avgQpOffsetCutree:0.00;
in:121 out:123 type:b q:32.56 q-aq:33.18 q-noVbv:32.56 q-Rceq:1.00 tex:47266 mv:12711 misc:2383 icu:725.00 pcu:413.75 scu:157.25 tlayer:4 pbqpoffset:3.35 pbfactor:1.47 avgQpOffsetCutree:0.00;
in:126 out:124 type:B q:31.43 q-aq:31.25 q-noVbv:31.43 q-Rceq:1.00 tex:77626 mv:11623 misc:2079 icu:1137.75 pcu:154.75 scu:3.50 tlayer:2 pbqpoffset:2.22 pbfactor:1.29 avgQpOffsetCutree:-1.28;
in:124 out:125 type:B q:31.43 q-aq:31.81 q-noVbv:31.43 q-Rceq:1.00 tex:67557 mv:13121 misc:2170 icu:953.25 pcu:298.75 scu:44.00 tlayer:3 pbqpoffset:2.22 pbfactor:1.29 avgQpOffsetCutree:-0.75;
in:123 out:126 type:b q:32.56 q-aq:33.17 q-noVbv:32.56 q-Rceq:1.00 tex:46574 mv:13476 misc:2462 icu:697.75 pcu:457.00 scu:141.25 tlayer:4 pbqpoffset:3.35 pbfactor:1.47 avgQpOffsetCutree:0.00;
in:125 out:127 type:b q:32.56 q-aq:33.21 q-noVbv:32.56 q-Rceq:1.00 tex:46858 mv:12692 misc:2402 icu:717.25 pcu:439.75 scu:139.00 tlayer:4 pbqpoffset:3.35 pbfactor:1.47 avgQpOffsetCutree:0.00;
in:128 out:128 type:B q:31.43 q-aq:32.24 q-noVbv:31.43 q-Rceq:1.00 tex:76258 mv:12601 misc:2069 icu:1079.25 pcu:200.00 scu:16.75 tlayer:3 pbqpoffset:2.22 pbfactor:1.29 avgQpOffsetCutree:-0.54;
in:127 out:129 type:b q:32.57 q-aq:33.18 q-noVbv:32.57 q-Rceq:1.00 tex:51618 mv:12630 misc:2384 icu:782.75 pcu:380.50 scu:132.75 tlayer:4 pbqpoffset:3.35 pbfactor:1.47 avgQpOffsetCutree:0.00;
in:129 out:130 type:b q:32.57 q-aq:33.20 q-noVbv:32.57 q-Rceq:1.00 tex:53379 mv:13082 misc:2435 icu:704.75 pcu:492.50 scu:98.75 tlayer:4 pbqpoffset:3.35 pbfactor:1.47 avgQpOffsetCutree:0.00;
in:146 out:131 type:k q:29.05 q-aq:28.09 q-noVbv:29.05 q-Rceq:1.00 tex:111721 mv:12500 misc:1867 icu:1191.75 pcu:104.00 scu:0.25 tlayer:0 pbqpoffset:1.08 pbfactor:1.13 avgQpOffsetCutree:-2.18;
in:138 out:132 type:B q:31.30 q-aq:30.58 q-noVbv:31.30 q-Rceq:1.00 tex:82368 mv:10178 misc:1838 icu:1142.75 pcu:152.75 scu:0.50 tlayer:1 pbqpoffset:2.17 pbfactor:1.28 avgQpOffsetCutree:-1.66;
in:134 out:133 type:B q:31.34 q-aq:31.07 q-noVbv:31.34 q-Rceq:1.00 tex:78578 mv:10828 misc:2002 icu:1093.75 pcu:198.75 scu:3.50 tlayer:2 pbqpoffset:2.17 pbfactor:1.28 avgQpOffsetCutree:-1.28;
in:132 out:134 type:B q:31.36 q-aq:31.67 q-noVbv:31.36 q-Rceq:1.00 tex:68539 mv:11963 misc:2042 icu:1031.25 pcu:251.25 scu:13.50 tlayer:3 pbqpoffset:2.17 pbfactor:1.28 avgQpOffsetCutree:-0.76;
in:131 out:135 type:b q:32.51 q-aq:33.14 q-noVbv:32.51 q-Rceq:1.00 tex:46737 mv:13674 misc:2469 icu:697.25 pcu:493.75 scu:105.00 tlayer:4 pbqpoffset:3.30 pbfactor:1.46 avgQpOffsetCutree:0.00;
in:133 out:136 type:b q:32.49 q-aq:33.04 q-noVbv:32.49 q-Rceq:1.00 tex:46521 mv:13120 misc:2527 icu:711.50 pcu:452.50 scu:132.00 tlayer:4 pbqpoffset:3.30 pbfactor:1.46 avgQpOffsetCutree:0.00;
in:136 out:137 type:B q:31.32 q-aq:31.77 q-noVbv:31.32 q-Rceq:1.00 tex:67179 mv:12070 misc:2063 icu:978.00 pcu:293.00 scu:25.00 tlayer:3 pbqpoffset:2.17 pbfactor:1.28 avgQpOffsetCutree:-0.68;
in:135 out:138 type:b q:32.47 q-aq:32.97 q-noVbv:32.47 q-Rceq:1.00 tex:44537 mv:13894 misc:2529 icu:668.50 pcu:518.75 scu:108.75 tlayer:4 pbqpoffset:3.30 pbfactor:1.46 avgQpOffsetCutree:0.00;
in:137 out:139 type:b q:32.45 q-aq:32.90 q-noVbv:32.45 q-Rceq:1.00 tex:47833 mv:12540 misc:2499 icu:662.25 pcu:503.00 scu:130.75 tlayer:4 pbqpoffset:3.30 pbfactor:1.46 avgQpOffsetCutree:0.00;
in:142 out:140 type:B q:31.26 q-aq:31.04 q-noVbv:31.26 q-Rceq:1.00 tex:78037 mv:10519 misc:1996 icu:1136.00 pcu:153.25 scu:6.75 tlayer:2 pbqpoffset:2.17 pbfactor:1.28 avgQpOffsetCutree:-1.24;
in:140 out:141 type:B q:31.28 q-aq:31.41 q-noVbv:31.28 q-Rceq:1.00 tex:68434 mv:10982 misc:2088 icu:1012.00 pcu:247.75 scu:36.25 tlayer:3 pbqpoffset:2.17 pbfactor:1.28 avgQpOffsetCutree:-0.91;
in:139 out:142 type:b q:32.43 q-aq:32.88 q-noVbv:32.43 q-Rceq:1.00 tex:50611 mv:12538 misc:2563 icu:715.00 pcu:471.00 scu:110.00 tlayer:4 pbqpoffset:3.30 pbfactor:1.46 avgQpOffsetCutree:0.00;
in:141 out:143 type:b q:32.41 q-aq:32.89 q-noVbv:32.41 q-Rceq:1.00 tex:47072 mv:12848 misc:2472 icu:726.25 pcu:449.25 scu:120.50 tlayer:4 pbqpoffset:3.30 pbfactor:1.46 avgQpOffsetCutree:0.00;
in:144 out:144 type:B q:31.24 q-aq:32.11 q-noVbv:31.24 q-Rceq:1.00 tex:79087 mv:12515 misc:1982 icu:1031.00 pcu:247.00 scu:18.00 tlayer:3 pbqpoffset:2.17 pbfactor:1.28 avgQpOffsetCutree:-0.49;
in:143 out:145 type:b q:32.39 q-aq:32.86 q-noVbv:32.39 q-Rceq:1.00 tex:49483 mv:12865 misc:2660 icu:744.50 pcu:418.25 scu:133.25 tlayer:4 pbqpoffset:3.30 pbfactor:1.46 avgQpOffsetCutree:0.00;
in:145 out:146 type:b q:32.37 q-aq:32.85 q-noVbv:32.37 q-Rceq:1.00 tex:58420 mv:13271 misc:2661 icu:710.25 pcu:483.75 scu:102.00 tlayer:4 pbqpoffset:3.30 pbfactor:1.46 avgQpOffsetCutree:0.00;
in:162 out:147 type:k q:29.15 q-aq:28.26 q-noVbv:29.15 q-Rceq:1.00 tex:107682 mv:11991 misc:2039 icu:1154.00 pcu:141.00 scu:1.00 tlayer:0 pbqpoffset:1.07 pbfactor:1.13 avgQpOffsetCutree:-2.19;
in:154 out:148 type:B q:31.28 q-aq:30.70 q-noVbv:31.28 q-Rceq:1.00 tex:85141 mv:10847 misc:1940 icu:1143.00 pcu:150.50 scu:2.50 tlayer:1 pbqpoffset:2.18 pbfactor:1.29 avgQpOffsetCutree:-1.65;
in:150 out:149 type:B q:31.26 q-aq:30.99 q-noVbv:31.26 q-Rceq:1.00 tex:76530 mv:10966 misc:1984 icu:1111.75 pcu:178.00 scu:6.25 tlayer:2 pbqpoffset:2.18 pbfactor:1.29 avgQpOffsetCutree:-1.31;
in:148 out:150 type:B q:31.25 q-aq:31.56 q-noVbv:31.25 q-Rceq:1.00 tex:65052 mv:12870 misc:2222 icu:984.25 pcu:288.00 scu:23.75 tlayer:3 pbqpoffset:2.18 pbfactor:1.29 avgQpOffsetCutree:-0.77;
in:147 out:151 type:b q:32.38 q-aq:32.76 q-noVbv:32.38 q-Rceq:1.00 tex:47266 mv:14060 misc:2578 icu:728.00 pcu:431.00 scu:137.00 tlayer:4 pbqpoffset:3.32 pbfactor:1.47 avgQpOffsetCutree:0.00;
in:149 out:152 type:b q:32.39 q-aq:32.83 q-noVbv:32.39 q-Rceq:1.00 tex:50235 mv:13351 misc:2590 icu:657.25 pcu:521.00 scu:117.75 tlayer:4 pbqpoffset:3.32 pbfactor:1.47 avgQpOffsetCutree:0.00;
in:152 out:153 type:B q:31.27 q-aq:31.56 q-noVbv:31.27 q-Rceq:1.00 tex:68037 mv:12504 misc:2075 icu:1003.50 pcu:267.25 scu:25.25 tlayer:3 pbqpoffset:2.18 pbfactor:1.29 avgQpOffsetCutree:-0.82;
in:151 out:154 type:b q:32.40 q-aq:32.94 q-noVbv:32.40 q-Rceq:1.00 tex:47148 mv:12944 misc:2380 icu:678.00 pcu:483.25 scu:134.75 tlayer:4 pbqpoffset:3.32 pbfactor:1.47 avgQpOffsetCutree:0.00;
in:153 out:155 type:b q:32.41 q-aq:32.86 q-noVbv:32.41 q-Rceq:1.00 tex:49136 mv:12675 misc:2333 icu:703.50 pcu:456.25 scu:136.25 tlayer:4 pbqpoffset:3.32 pbfactor:1.47 avgQpOffsetCutree:0.00;
in:158 out:156 type:B q:31.31 q-aq:31.21 q-noVbv:31.31 q-Rceq:1.00 tex:79575 mv:10590 misc:2059 icu:1145.25 pcu:147.00 scu:3.75 tlayer:2 pbqpoffset:2.18 pbfactor:1.29 avgQpOffsetCutree:-1.28;
in:156 out:157 type:B q:31.29 q-aq:31.63 q-noVbv:31.29 q-Rceq:1.00 tex:71176 mv:12503 misc:2225 icu:952.75 pcu:321.75 scu:21.50 tlayer:3 pbqpoffset:2.18 pbfactor:1.29 avgQpOffsetCutree:-0.86;
in:155 out:158 type:b q:32.42 q-aq:32.95 q-noVbv:32.42 q-Rceq:1.00 tex:51681 mv:14179 misc:2684 icu:695.00 pcu:472.75 scu:128.25 tlayer:4 pbqpoffset:3.32 pbfactor:1.47 avgQpOffsetCutree:0.00;
in:157 out:159 type:b q:32.44 q-aq:32.93 q-noVbv:32.44 q-Rceq:1.00 tex:45563 mv:12923 misc:2338 icu:697.00 pcu:434.50 scu:164.50 tlayer:4 pbqpoffset:3.32 pbfactor:1.47 avgQpOffsetCutree:0.00;
in:160 out:160 type:B q:31.32 q-aq:32.10 q-noVbv:31.32 q-Rceq:1.00 tex:78126 mv:12517 misc:2053 icu:1078.50 pcu:199.75 scu:17.75 tlayer:3 pbqpoffset:2.18 pbfactor:1.29 avgQpOffsetCutree:-0.56;
in:159 out:161 type:b q:32.45 q-aq:33.03 q-noVbv:32.45 q-Rceq:1.00 tex:52313 mv:12678 misc:2393 icu:768.00 pcu:410.75 scu:117.25 tlayer:4 pbqpoffset:3.32 pbfactor:1.47 avgQpOffsetCutree:0.00;
in:161 out:162 type:b q:32.46 q-aq:33.04 q-noVbv:32.46 q-Rceq:1.00 tex:55745 mv:12998 misc:2345 icu:723.25 pcu:475.25 scu:97.50 tlayer:4 pbqpoffset:3.32 pbfactor:1.47 avgQpOffsetCutree:0.00;
in:178 out:163 type:k q:28.65 q-aq:27.73 q-noVbv:28.65 q-Rceq:1.00 tex:110124 mv:11485 misc:2055 icu:1141.25 pcu:154.50 scu:0.25 tlayer:0 pbqpoffset:1.07 pbfactor:1.13 avgQpOffsetCutree:-2.17;
in:170 out:164 type:B q:31.02 q-aq:30.17 q-noVbv:31.02 q-Rceq:1.00 tex:83418 mv:10231 misc:1847 icu:1141.25 pcu:154.00 scu:0.75 tlayer:1 pbqpoffset:2.12 pbfactor:1.28 avgQpOffsetCutree:-1.67;
in:166 out:165 type:B q:31.15 q-aq:30.90 q-noVbv:31.15 q-Rceq:1.00 tex:76548 mv:11352 misc:1964 icu:1085.75 pcu:203.50 scu:6.75 tlayer:2 pbqpoffset:2.12 pbfactor:1.28 avgQpOffsetCutree:-1.31;
in:164 out:166 type:B q:31.21 q-aq:31.56 q-noVbv:31.21 q-Rceq:1.00 tex:64677 mv:11685 misc:2046 icu:962.00 pcu:308.00 scu:26.00 tlayer:3 pbqpoffset:2.12 pbfactor:1.28 avgQpOffsetCutree:-0.80;
in:163 out:167 type:b q:32.37 q-aq:32.69 q-noVbv:32.37 q-Rceq:1.00 tex:45225 mv:13704 misc:2607 icu:651.75 pcu:506.50 scu:137.75 tlayer:4 pbqpoffset:3.26 pbfactor:1.46 avgQpOffsetCutree:0.00;
in:165 out:168 type:b q:32.31 q-aq:32.61 q-noVbv:32.31 q-Rceq:1.00 tex:50511 mv:12717 misc:2260 icu:719.50 pcu:465.00 scu:111.50 tlayer:4 pbqpoffset:3.26 pbfactor:1.46 avgQpOffsetCutree:0.00;
in:168 out:169 type:B q:31.08 q-aq:31.38 q-noVbv:31.08 q-Rceq:1.00 tex:66141 mv:11325 misc:1990 icu:978.75 pcu:298.75 scu:18.50 tlayer:3 pbqpoffset:2.12 pbfactor:1.28 avgQpOffsetCutree:-0.77;
in:167 out:170 type:b q:32.25 q-aq:32.51 q-noVbv:32.25 q-Rceq:1.00 tex:48082 mv:13031 misc:2407 icu:673.00 pcu:515.50 scu:107.50 tlayer:4 pbqpoffset:3.26 pbfactor:1.46 avgQpOffsetCutree:0.00;
in:169 out:171 type:b q:32.19 q-aq:32.44 q-noVbv:32.19 q-Rceq:1.00 tex:48931 mv:12828 misc:2265 icu:715.75 pcu:489.25 scu:91.00 tlayer:4 pbqpoffset:3.26 pbfactor:1.46 avgQpOffsetCutree:0.00;
in:174 out:172 type:B q:30.90 q-aq:30.65 q-noVbv:30.90 q-Rceq:1.00 tex:77613 mv:10757 misc:1958 icu:1128.25 pcu:164.00 scu:3.75 tlayer:2 pbqpoffset:2.12 pbfactor:1.28 avgQpOffsetCutree:-1.23;
in:172 out:173 type:B q:30.96 q-aq:31.18 q-noVbv:30.96 q-Rceq:1.00 tex:66956 mv:11551 misc:2037 icu:1000.25 pcu:278.50 scu:17.25 tlayer:3 pbqpoffset:2.12 pbfactor:1.28 avgQpOffsetCutree:-0.75;
in:171 out:174 type:b q:32.13 q-aq:32.38 q-noVbv:32.13 q-Rceq:1.00 tex:47735 mv:12536 misc:2329 icu:707.25 pcu:502.50 scu:86.25 tlayer:4 pbqpoffset:3.26 pbfactor:1.46 avgQpOffsetCutree:0.00;
in:173 out:175 type:b q:32.06 q-aq:32.32 q-noVbv:32.06 q-Rceq:1.00 tex:49409 mv:13030 misc:2329 icu:733.00 pcu:454.25 scu:108.75 tlayer:4 pbqpoffset:3.26 pbfactor:1.46 avgQpOffsetCutree:0.00;
in:176 out:176 type:B q:30.84 q-aq:31.52 q-noVbv:30.84 q-Rceq:1.00 tex:79768 mv:12593 misc:2087 icu:1062.25 pcu:227.25 scu:6.50 tlayer:3 pbqpoffset:2.12 pbfactor:1.28 avgQpOffsetCutree:-0.53;
in:175 out:177 type:b q:32.00 q-aq:32.35 q-noVbv:32.00 q-Rceq:1.00 tex:53403 mv:12892 misc:2353 icu:749.75 pcu:483.25 scu:63.00 tlayer:4 pbqpoffset:3.26 pbfactor:1.46 avgQpOffsetCutree:0.00;
in:177 out:178 type:b q:31.94 q-aq:32.30 q-noVbv:31.94 q-Rceq:1.00 tex:56859 mv:13656 misc:2333 icu:708.00 pcu:506.75 scu:81.25 tlayer:4 pbqpoffset:3.26 pbfactor:1.46 avgQpOffsetCutree:0.00;
in:194 out:179 type:k q:28.59 q-aq:27.76 q-noVbv:28.59 q-Rceq:1.00 tex:111242 mv:12169 misc:1973 icu:1142.00 pcu:153.75 scu:0.25 tlayer:0 pbqpoffset:1.12 pbfactor:1.14 avgQpOffsetCutree:-2.16;
in:186 out:180 type:B q:30.69 q-aq:30.01 q-noVbv:30.69 q-Rceq:1.00 tex:82199 mv:11109 misc:2172 icu:1152.50 pcu:140.25 scu:3.25 tlayer:1 pbqpoffset:2.08 pbfactor:1.27 avgQpOffsetCutree:-1.70;
in:182 out:181 type:B q:30.71 q-aq:30.57 q-noVbv:30.71 q-Rceq:1.00 tex:81214 mv:11423 misc:2035 icu:1065.50 pcu:224.75 scu:5.75 tlayer:2 pbqpoffset:2.08 pbfactor:1.27 avgQpOffsetCutree:-1.30;
in:180 out:182 type:B q:30.72 q-aq:31.11 q-noVbv:30.72 q-Rceq:1.00 tex:68889 mv:12502 misc:2225 icu:1023.25 pcu:244.50 scu:28.25 tlayer:3 pbqpoffset:2.08 pbfactor:1.27 avgQpOffsetCutree:-0.80;
in:179 out:183 type:b q:31.86 q-aq:32.26 q-noVbv:31.86 q-Rceq:1.00 tex:50731 mv:13745 misc:2548 icu:721.25 pcu:466.00 scu:108.75 tlayer:4 pbqpoffset:3.21 pbfactor:1.45 avgQpOffsetCutree:0.00;
in:181 out:184 type:b q:31.85 q-aq:32.26 q-noVbv:31.85 q-Rceq:1.00 tex:52058 mv:14019 misc:2483 icu:670.00 pcu:516.50 scu:109.50 tlayer:4 pbqpoffset:3.21 pbfactor:1.45 avgQpOffsetCutree:0.00;
in:184 out:185 type:B q:30.70 q-aq:31.24 q-noVbv:30.70 q-Rceq:1.00 tex:67468 mv:12829 misc:2063 icu:994.75 pcu:281.75 scu:19.50 tlayer:3 pbqpoffset:2.08 pbfactor:1.27 avgQpOffsetCutree:-0.67;
in:183 out:186 type:b q:31.84 q-aq:32.24 q-noVbv:31.84 q-Rceq:1.00 tex:48082 mv:13901 misc:2457 icu:715.75 pcu:453.75 scu:126.50 tlayer:4 pbqpoffset:3.21 pbfactor:1.45 avgQpOffsetCutree:0.00;
in:185 out:187 type:b q:31.83 q-aq:32.18 q-noVbv:31.83 q-Rceq:1.00 tex:50495 mv:12895 misc:2410 icu:702.25 pcu:462.00 scu:131.75 tlayer:4 pbqpoffset:3.21 pbfactor:1.45 avgQpOffsetCutree:0.00;
in:190 out:188 type:B q:30.68 q-aq:30.46 q-noVbv:30.68 q-Rceq:1.00 tex:78089 mv:10223 misc:2056 icu:1128.75 pcu:165.00 scu:2.25 tlayer:2 pbqpoffset:2.08 pbfactor:1.27 avgQpOffsetCutree:-1.27;
in:188 out:189 type:B q:30.69 q-aq:30.93 q-noVbv:30.69 q-Rceq:1.00 tex:67332 mv:11526 misc:1870 icu:979.25 pcu:300.50 scu:16.25 tlayer:3 pbqpoffset:2.08 pbfactor:1.27 avgQpOffsetCutree:-0.77;
in:187 out:190 type:b q:31.83 q-aq:32.19 q-noVbv:31.83 q-Rceq:1.00 tex:49481 mv:12893 misc:2250 icu:709.25 pcu:482.75 scu:104.00 tlayer:4 pbqpoffset:3.21 pbfactor:1.45 avgQpOffsetCutree:0.00;
in:189 out:191 type:b q:31.82 q-aq:32.17 q-noVbv:31.82 q-Rceq:1.00 tex:47509 mv:12945 misc:2346 icu:681.25 pcu:497.75 scu:117.00 tlayer:4 pbqpoffset:3.21 pbfactor:1.45 avgQpOffsetCutree:0.00;
in:192 out:192 type:B q:30.67 q-aq:31.41 q-noVbv:30.67 q-Rceq:1.00 tex:76085 mv:12459 misc:2224 icu:1012.00 pcu:259.00 scu:25.00 tlayer:3 pbqpoffset:2.08 pbfactor:1.27 avgQpOffsetCutree:-0.53;
in:191 out:193 type:b q:31.81 q-aq:32.19 q-noVbv:31.81 q-Rceq:1.00 tex:52378 mv:12474 misc:2140 icu:755.50 pcu:484.00 scu:56.50 tlayer:4 pbqpoffset:3.21 pbfactor:1.45 avgQpOffsetCutree:0.00;
in:193 out:194 type:b q:31.80 q-aq:32.19 q-noVbv:31.80 q-Rceq:1.00 tex:55281 mv:13500 misc:2339 icu:702.50 pcu:497.50 scu:96.00 tlayer:4 pbqpoffset:3.21 pbfactor:1.45 avgQpOffsetCutree:0.00;
in:209 out:195 type:k q:28.50 q-aq:28.13 q-noVbv:28.50 q-Rceq:1.00 tex:116404 mv:13389 misc:2159 icu:1185.75 pcu:109.25 scu:1.00 tlayer:0 pbqpoffset:1.03 pbfactor:1.13 avgQpOffsetCutree:-1.82;
in:202 out:196 type:B q:30.65 q-aq:30.04 q-noVbv:30.65 q-Rceq:1.00 tex:84013 mv:10244 misc:1855 icu:1154.25 pcu:140.50 scu:1.25 tlayer:1 pbqpoffset:2.11 pbfactor:1.28 avgQpOffsetCutree:-1.64;
in:198 out:197 type:B q:30.67 q-aq:30.52 q-noVbv:30.67 q-Rceq:1.00 tex:77599 mv:11397 misc:1996 icu:1103.25 pcu:186.50 scu:6.25 tlayer:2 pbqpoffset:2.11 pbfactor:1.28 avgQpOffsetCutree:-1.26;
in:196 out:198 type:B q:30.68 q-aq:31.00 q-noVbv:30.68 q-Rceq:1.00 tex:66922 mv:13315 misc:2259 icu:982.25 pcu:279.25 scu:34.50 tlayer:3 pbqpoffset:2.11 pbfactor:1.28 avgQpOffsetCutree:-0.77;
in:195 out:199 type:b q:31.83 q-aq:32.24 q-noVbv:31.83 q-Rceq:1.00 tex:50446 mv:12739 misc:2423 icu:756.75 pcu:420.00 scu:119.25 tlayer:4 pbqpoffset:3.25 pbfactor:1.45 avgQpOffsetCutree:0.00;
in:197 out:200 type:b q:31.81 q-aq:32.21 q-noVbv:31.81 q-Rceq:1.00 tex:51124 mv:13500 misc:2528 icu:722.25 pcu:464.00 scu:109.75 tlayer:4 pbqpoffset:3.25 pbfactor:1.45 avgQpOffsetCutree:0.00;
in:200 out:201 type:B q:30.66 q-aq:31.01 q-noVbv:30.66 q-Rceq:1.00 tex:68767 mv:11981 misc:1956 icu:981.00 pcu:295.25 scu:19.75 tlayer:3 pbqpoffset:2.11 pbfactor:1.28 avgQpOffsetCutree:-0.73;
in:199 out:202 type:b q:31.80 q-aq:32.21 q-noVbv:31.80 q-Rceq:1.00 tex:49410 mv:13008 misc:2406 icu:731.50 pcu:419.50 scu:145.00 tlayer:4 pbqpoffset:3.25 pbfactor:1.45 avgQpOffsetCutree:0.00;
in:201 out:203 type:b q:31.79 q-aq:32.19 q-noVbv:31.79 q-Rceq:1.00 tex:54366 mv:12954 misc:2392 icu:716.25 pcu:485.25 scu:94.50 tlayer:4 pbqpoffset:3.25 pbfactor:1.45 avgQpOffsetCutree:0.00;
in:206 out:204 type:B q:30.62 q-aq:30.45 q-noVbv:30.62 q-Rceq:1.00 tex:77526 mv:10983 misc:1947 icu:1139.50 pcu:153.50 scu:3.00 tlayer:2 pbqpoffset:2.11 pbfactor:1.28 avgQpOffsetCutree:-1.20;
in:204 out:205 type:B q:30.64 q-aq:30.96 q-noVbv:30.64 q-Rceq:1.00 tex:63514 mv:11520 misc:2078 icu:1024.50 pcu:248.00 scu:23.50 tlayer:3 pbqpoffset:2.11 pbfactor:1.28 avgQpOffsetCutree:-0.71;
in:203 out:206 type:b q:31.78 q-aq:32.10 q-noVbv:31.78 q-Rceq:1.00 tex:48684 mv:12717 misc:2231 icu:698.00 pcu:486.25 scu:111.75 tlayer:4 pbqpoffset:3.25 pbfactor:1.45 avgQpOffsetCutree:0.00;
in:205 out:207 type:b q:31.77 q-aq:32.12 q-noVbv:31.77 q-Rceq:1.00 tex:50688 mv:12915 misc:2277 icu:676.25 pcu:533.25 scu:86.50 tlayer:4 pbqpoffset:3.25 pbfactor:1.45 avgQpOffsetCutree:0.00;
in:208 out:208 type:B q:30.61 q-aq:31.87 q-noVbv:30.61 q-Rceq:1.00 tex:67531 mv:11978 misc:2379 icu:928.00 pcu:310.25 scu:57.75 tlayer:3 pbqpoffset:2.11 pbfactor:1.28 avgQpOffsetCutree:-0.17;
in:207 out:209 type:b q:31.75 q-aq:32.14 q-noVbv:31.75 q-Rceq:1.00 tex:49132 mv:12695 misc:2493 icu:791.25 pcu:386.50 scu:118.25 tlayer:4 pbqpoffset:3.25 pbfactor:1.45 avgQpOffsetCutree:0.00;
in:221 out:210 type:k q:28.61 q-aq:28.44 q-noVbv:28.61 q-Rceq:1.00 tex:98546 mv:11438 misc:2112 icu:1156.50 pcu:139.25 scu:0.25 tlayer:0 pbqpoffset:1.05 pbfactor:1.13 avgQpOffsetCutree:-1.50;
in:215 out:211 type:B q:30.63 q-aq:30.26 q-noVbv:30.63 q-Rceq:1.00 tex:77989 mv:10080 misc:1979 icu:1156.50 pcu:138.75 scu:0.75 tlayer:1 pbqpoffset:2.08 pbfactor:1.27 avgQpOffsetCutree:-1.41;
in:212 out:212 type:B q:30.60 q-aq:30.62 q-noVbv:30.60 q-Rceq:1.00 tex:74164 mv:12070 misc:2070 icu:1067.00 pcu:221.25 scu:7.75 tlayer:2 pbqpoffset:2.08 pbfactor:1.27 avgQpOffsetCutree:-1.03;
in:211 out:213 type:B q:30.59 q-aq:31.52 q-noVbv:30.59 q-Rceq:1.00 tex:61253 mv:12990 misc:2293 icu:923.75 pcu:310.50 scu:61.75 tlayer:3 pbqpoffset:2.08 pbfactor:1.27 avgQpOffsetCutree:-0.33;
in:210 out:214 type:b q:31.72 q-aq:32.19 q-noVbv:31.72 q-Rceq:1.00 tex:50862 mv:13603 misc:2215 icu:771.00 pcu:446.00 scu:79.00 tlayer:4 pbqpoffset:3.21 pbfactor:1.45 avgQpOffsetCutree:0.00;
in:214 out:215 type:B q:30.62 q-aq:31.54 q-noVbv:30.62 q-Rceq:1.00 tex:57781 mv:12196 misc:2367 icu:904.00 pcu:324.00 scu:68.00 tlayer:3 pbqpoffset:2.08 pbfactor:1.27 avgQpOffsetCutree:-0.32;
in:213 out:216 type:b q:31.75 q-aq:32.18 q-noVbv:31.75 q-Rceq:1.00 tex:49041 mv:12439 misc:2328 icu:786.25 pcu:414.25 scu:95.50 tlayer:4 pbqpoffset:3.21 pbfactor:1.45 avgQpOffsetCutree:0.00;
in:218 out:217 type:B q:30.66 q-aq:30.81 q-noVbv:30.66 q-Rceq:1.00 tex:76695 mv:11877 misc:1980 icu:1090.25 pcu:198.50 scu:7.25 tlayer:2 pbqpoffset:2.08 pbfactor:1.27 avgQpOffsetCutree:-1.01;
in:217 out:218 type:B q:30.65 q-aq:31.43 q-noVbv:30.65 q-Rceq:1.00 tex:59226 mv:11498 misc:2268 icu:955.25 pcu:291.25 scu:49.50 tlayer:3 pbqpoffset:2.08 pbfactor:1.27 avgQpOffsetCutree:-0.42;
in:216 out:219 type:b q:31.78 q-aq:32.19 q-noVbv:31.78 q-Rceq:1.00 tex:52765 mv:12532 misc:2399 icu:762.75 pcu:423.00 scu:110.25 tlayer:4 pbqpoffset:3.21 pbfactor:1.45 avgQpOffsetCutree:0.00;
in:220 out:220 type:B q:30.68 q-aq:31.57 q-noVbv:30.68 q-Rceq:1.00 tex:58661 mv:12295 misc:2372 icu:905.25 pcu:317.75 scu:73.00 tlayer:3 pbqpoffset:2.08 pbfactor:1.27 avgQpOffsetCutree:-0.31;
in:219 out:221 type:b q:31.81 q-aq:32.20 q-noVbv:31.81 q-Rceq:1.00 tex:48930 mv:12323 misc:2627 icu:750.75 pcu:417.75 scu:127.50 tlayer:4 pbqpoffset:3.21 pbfactor:1.45 avgQpOffsetCutree:0.00;
in:223 out:222 type:k q:28.76 q-aq:29.06 q-noVbv:28.76 q-Rceq:1.00 tex:85254 mv:13390 misc:2228 icu:1073.25 pcu:216.00 scu:6.75 tlayer:0 pbqpoffset:1.05 pbfactor:1.13 avgQpOffsetCutree:-0.97;
in:222 out:223 type:b q:31.78 q-aq:32.23 q-noVbv:31.78 q-Rceq:1.00 tex:48905 mv:13159 misc:2416 icu:761.75 pcu:433.00 scu:101.25 tlayer:2 pbqpoffset:3.09 pbfactor:1.43 avgQpOffsetCutree:0.00;
in:226 out:224 type:k q:29.26 q-aq:28.87 q-noVbv:29.26 q-Rceq:1.00 tex:99466 mv:11189 misc:1857 icu:1182.00 pcu:113.75 scu:0.25 tlayer:0 pbqpoffset:1.15 pbfactor:1.14 avgQpOffsetCutree:-1.64;
in:225 out:225 type:B q:31.06 q-aq:31.91 q-noVbv:31.06 q-Rceq:1.00 tex:64455 mv:12152 misc:2329 icu:895.50 pcu:333.75 scu:66.75 tlayer:1 pbqpoffset:1.97 pbfactor:1.26 avgQpOffsetCutree:-0.39;
in:224 out:226 type:b q:32.03 q-aq:32.49 q-noVbv:32.03 q-Rceq:1.00 tex:65312 mv:11003 misc:2277 icu:834.00 pcu:419.75 scu:42.25 tlayer:2 pbqpoffset:3.11 pbfactor:1.43 avgQpOffsetCutree:0.00;
in:242 out:227 type:k q:28.85 q-aq:28.14 q-noVbv:28.85 q-Rceq:1.00 tex:109308 mv:11627 misc:1993 icu:1195.50 pcu:99.50 scu:1.00 tlayer:0 pbqpoffset:1.02 pbfactor:1.12 avgQpOffsetCutree:-1.81;
in:234 out:228 type:B q:31.12 q-aq:30.57 q-noVbv:31.12 q-Rceq:1.00 tex:82897 mv:11018 misc:1885 icu:1151.25 pcu:144.25 scu:0.50 tlayer:1 pbqpoffset:2.06 pbfactor:1.27 avgQpOffsetCutree:-1.47;
in:230 out:229 type:B q:31.22 q-aq:30.98 q-noVbv:31.22 q-Rceq:1.00 tex:79301 mv:11469 misc:1982 icu:1124.25 pcu:168.75 scu:3.00 tlayer:2 pbqpoffset:2.06 pbfactor:1.27 avgQpOffsetCutree:-1.26;
in:228 out:230 type:B q:31.27 q-aq:31.64 q-noVbv:31.27 q-Rceq:1.00 tex:68928 mv:11823 misc:2081 icu:1027.25 pcu:246.75 scu:22.00 tlayer:3 pbqpoffset:2.06 pbfactor:1.27 avgQpOffsetCutree:-0.70;
in:227 out:231 type:b q:32.43 q-aq:32.87 q-noVbv:32.43 q-Rceq:1.00 tex:47978 mv:12562 misc:2244 icu:771.50 pcu:431.00 scu:93.50 tlayer:4 pbqpoffset:3.20 pbfactor:1.45 avgQpOffsetCutree:0.00;
in:229 out:232 type:b q:32.38 q-aq:32.79 q-noVbv:32.38 q-Rceq:1.00 tex:52065 mv:12500 misc:2403 icu:783.25 pcu:403.75 scu:109.00 tlayer:4 pbqpoffset:3.20 pbfactor:1.45 avgQpOffsetCutree:0.00;
in:232 out:233 type:B q:31.17 q-aq:31.49 q-noVbv:31.17 q-Rceq:1.00 tex:65946 mv:12494 misc:2352 icu:1043.75 pcu:217.50 scu:34.75 tlayer:3 pbqpoffset:2.06 pbfactor:1.27 avgQpOffsetCutree:-0.77;
in:231 out:234 type:b q:32.33 q-aq:32.80 q-noVbv:32.33 q-Rceq:1.00 tex:51108 mv:12464 misc:2220 icu:764.75 pcu:413.25 scu:118.00 tlayer:4 pbqpoffset:3.20 pbfactor:1.45 avgQpOffsetCutree:0.00;
in:233 out:235 type:b q:32.28 q-aq:32.71 q-noVbv:32.28 q-Rceq:1.00 tex:49187 mv:13789 misc:2264 icu:789.50 pcu:413.75 scu:92.75 tlayer:4 pbqpoffset:3.20 pbfactor:1.45 avgQpOffsetCutree:0.00;
in:238 out:236 type:B q:31.01 q-aq:30.80 q-noVbv:31.01 q-Rceq:1.00 tex:78584 mv:10087 misc:1977 icu:1175.50 pcu:115.75 scu:4.75 tlayer:2 pbqpoffset:2.06 pbfactor:1.27 avgQpOffsetCutree:-1.22;
in:236 out:237 type:B q:31.07 q-aq:31.31 q-noVbv:31.07 q-Rceq:1.00 tex:66493 mv:12854 misc:2213 icu:1047.75 pcu:223.00 scu:25.25 tlayer:3 pbqpoffset:2.06 pbfactor:1.27 avgQpOffsetCutree:-0.79;
in:235 out:238 type:b q:32.23 q-aq:32.52 q-noVbv:32.23 q-Rceq:1.00 tex:51234 mv:12820 misc:2226 icu:765.00 pcu:455.00 scu:76.00 tlayer:4 pbqpoffset:3.20 pbfactor:1.45 avgQpOffsetCutree:0.00;
in:237 out:239 type:b q:32.18 q-aq:32.44 q-noVbv:32.18 q-Rceq:1.00 tex:49309 mv:13529 misc:2506 icu:757.75 pcu:434.00 scu:104.25 tlayer:4 pbqpoffset:3.20 pbfactor:1.45 avgQpOffsetCutree:0.00;
in:240 out:240 type:B q:30.96 q-aq:31.82 q-noVbv:30.96 q-Rceq:1.00 tex:79242 mv:12788 misc:2026 icu:1104.25 pcu:180.00 scu:11.75 tlayer:3 pbqpoffset:2.06 pbfactor:1.27 avgQpOffsetCutree:-0.46;
in:239 out:241 type:b q:32.12 q-aq:32.43 q-noVbv:32.12 q-Rceq:1.00 tex:50178 mv:12688 misc:2542 icu:805.75 pcu:356.50 scu:133.75 tlayer:4 pbqpoffset:3.20 pbfactor:1.45 avgQpOffsetCutree:0.00;
in:241 out:242 type:b q:32.07 q-aq:32.45 q-noVbv:32.07 q-Rceq:1.00 tex:59318 mv:12952 misc:2298 icu:812.25 pcu:410.25 scu:73.50 tlayer:4 pbqpoffset:3.20 pbfactor:1.45 avgQpOffsetCutree:0.00;
in:249 out:243 type:k q:28.85 q-aq:29.33 q-noVbv:28.85 q-Rceq:1.00 tex:89531 mv:11111 misc:1934 icu:1198.00 pcu:97.00 scu:1.00 tlayer:0 pbqpoffset:0.94 pbfactor:1.11 avgQpOffsetCutree:-0.91;
in:246 out:244 type:B q:30.89 q-aq:30.85 q-noVbv:30.89 q-Rceq:1.00 tex:74898 mv:12460 misc:2018 icu:1121.50 pcu:167.50 scu:7.00 tlayer:1 pbqpoffset:2.05 pbfactor:1.27 avgQpOffsetCutree:-1.13;
in:244 out:245 type:B q:30.89 q-aq:31.28 q-noVbv:30.89 q-Rceq:1.00 tex:64081 mv:13030 misc:2113 icu:1036.00 pcu:241.75 scu:18.25 tlayer:2 pbqpoffset:2.05 pbfactor:1.27 avgQpOffsetCutree:-0.74;
in:243 out:246 type:b q:32.03 q-aq:32.37 q-noVbv:32.03 q-Rceq:1.00 tex:46979 mv:13421 misc:2320 icu:741.50 pcu:440.50 scu:114.00 tlayer:3 pbqpoffset:3.18 pbfactor:1.44 avgQpOffsetCutree:0.00;
in:245 out:247 type:b q:32.03 q-aq:32.41 q-noVbv:32.03 q-Rceq:1.00 tex:48386 mv:13919 misc:2231 icu:757.25 pcu:452.00 scu:86.75 tlayer:3 pbqpoffset:3.18 pbfactor:1.44 avgQpOffsetCutree:0.00;
in:248 out:248 type:B q:30.90 q-aq:31.79 q-noVbv:30.90 q-Rceq:1.00 tex:58871 mv:13064 misc:2473 icu:874.50 pcu:317.50 scu:104.00 tlayer:2 pbqpoffset:2.05 pbfactor:1.27 avgQpOffsetCutree:-0.37;
in:247 out:249 type:b q:32.03 q-aq:32.43 q-noVbv:32.03 q-Rceq:1.00 tex:49258 mv:13735 misc:2519 icu:750.75 pcu:432.50 scu:112.75 tlayer:3 pbqpoffset:3.18 pbfactor:1.44 avgQpOffsetCutree:0.00;
