000 (16809.000.000) 09/16 06:58:22 Job submitted from host: <10.0.0.61:9618?PrivAddr=%3c10.0.0.61:9618%3fsock%3dschedd_2097_f230_4%3e&PrivNet=tr2990wx-fit4305&addrs=10.0.0.61-9618&alias=tr2990wx-fit4305&noUDP&sock=schedd_2097_f230_4>
...
040 (16809.000.000) 09/16 06:58:37 Started transferring input files
	Transferring to host: <10.0.0.61:9618?PrivAddr=%3c10.0.0.61:9618%3fsock%3dstarter_2457_edbd_3185%3e&PrivNet=tr2990wx-fit4305&addrs=10.0.0.61-9618&alias=tr2990wx-fit4305&noUDP&sock=starter_2457_edbd_3185>
...
040 (16809.000.000) 09/16 06:58:37 Finished transferring input files
...
001 (16809.000.000) 09/16 06:58:38 Job executing on host: <10.0.0.61:9618?sock=startd_2097_f230_5>
...
006 (16809.000.000) 09/16 06:58:46 Image size of job updated: 227488
	223  -  MemoryUsage of job (MB)
	227488  -  ResidentSetSize of job (KB)
...
006 (16809.000.000) 09/16 07:03:46 Image size of job updated: 269596
	264  -  MemoryUsage of job (MB)
	269596  -  ResidentSetSize of job (KB)
...
006 (16809.000.000) 09/16 07:08:47 Image size of job updated: 271448
	266  -  MemoryUsage of job (MB)
	271448  -  ResidentSetSize of job (KB)
...
006 (16809.000.000) 09/16 07:13:47 Image size of job updated: 272444
	267  -  MemoryUsage of job (MB)
	272444  -  ResidentSetSize of job (KB)
...
006 (16809.000.000) 09/16 07:18:47 Image size of job updated: 273960
	268  -  MemoryUsage of job (MB)
	273960  -  ResidentSetSize of job (KB)
...
006 (16809.000.000) 09/16 07:23:48 Image size of job updated: 274264
	268  -  MemoryUsage of job (MB)
	274264  -  ResidentSetSize of job (KB)
...
006 (16809.000.000) 09/16 07:28:49 Image size of job updated: 274380
	268  -  MemoryUsage of job (MB)
	274380  -  ResidentSetSize of job (KB)
...
006 (16809.000.000) 09/16 07:33:49 Image size of job updated: 274472
	269  -  MemoryUsage of job (MB)
	274472  -  ResidentSetSize of job (KB)
...
006 (16809.000.000) 09/16 07:38:50 Image size of job updated: 274860
	269  -  MemoryUsage of job (MB)
	274860  -  ResidentSetSize of job (KB)
...
006 (16809.000.000) 09/16 07:43:51 Image size of job updated: 274880
	269  -  MemoryUsage of job (MB)
	274880  -  ResidentSetSize of job (KB)
...
040 (16809.000.000) 09/16 07:46:29 Started transferring output files
...
040 (16809.000.000) 09/16 07:46:29 Finished transferring output files
...
005 (16809.000.000) 09/16 07:46:30 Job terminated.
	(1) Normal termination (return value 0)
		Usr 0 00:47:39, Sys 0 00:00:13  -  Run Remote Usage
		Usr 0 00:00:00, Sys 0 00:00:00  -  Run Local Usage
		Usr 0 00:47:39, Sys 0 00:00:13  -  Total Remote Usage
		Usr 0 00:00:00, Sys 0 00:00:00  -  Total Local Usage
	4186035  -  Run Bytes Sent By Job
	4532560  -  Run Bytes Received By Job
	4186035  -  Total Bytes Sent By Job
	4532560  -  Total Bytes Received By Job
	Partitionable Resources :    Usage  Request Allocated 
	   Cpus                 :     1.00        1         1 
	   Disk (KB)            :  8531        4500    927896 
	   Memory (MB)          :   269           5      2006 
...
