#options: cpuid=1173503 frame-threads=1 no-wpp no-pmode no-pme psnr no-ssim log-level=2 bitdepth=8 input-csp=1 fps=50000/1000 input-res=832x480 interlace=0 total-frames=500 level-idc=0 high-tier=1 uhd-bd=0 ref=4 no-allow-non-conformance no-repeat-headers annexb no-aud no-hrd info hash=0 no-temporal-layers open-gop min-keyint=1 keyint=5000 bframes=15 b-adapt=2 b-pyramid bframe-bias=0 rc-lookahead=40 lookahead-slices=0 scenecut=40 no-intra-refresh ctu=64 min-cu-size=8 rect amp max-tu-size=32 tu-inter-depth=3 tu-intra-depth=3 limit-tu=4 rdoq-level=2 dynamic-rd=0.00 no-ssim-rd signhide no-tskip nr-intra=0 nr-inter=0 no-constrained-intra strong-intra-smoothing max-merge=4 limit-refs=1 limit-modes me=3 subme=4 merange=57 temporal-mvp weightp weightb no-analyze-src-pics deblock=0:0 sao no-sao-non-deblock rd=6 no-early-skip rskip no-fast-intra no-tskip-fast no-cu-lossless b-intra rdpenalty=0 psy-rd=0.00 psy-rdoq=0.00 no-rd-refine analysis-reuse-mode=0 no-lossless cbqpoffs=0 crqpoffs=0 rc=abr bitrate=2000 qcomp=0.60 qpstep=4 stats-write=1 stats-read=0 slow-firstpass ipratio=1.40 pbratio=1.30 aq-mode=1 aq-strength=0.00 cutree zone-count=0 no-strict-cbr qg-size=64 no-rc-grain qpmax=69 qpmin=0 no-const-vbv sar=0 overscan=0 videoformat=5 range=0 colorprim=2 transfer=2 colormatrix=2 chromaloc=0 display-window=0 max-cll=0,0 min-luma=0 max-luma=255 log2-max-poc-lsb=8 vui-timing-info vui-hrd-info slices=1 opt-qp-pps opt-ref-list-length-pps no-multi-pass-opt-rps scenecut-bias=0.05 no-opt-cu-delta-qp no-aq-motion no-hdr no-hdr-opt no-dhdr10-opt analysis-reuse-level=5 scale-factor=0 refine-intra=0 refine-inter=0 refine-mv=0 no-limit-sao ctu-info=0 max-tlayer=4
in:0 out:0 type:I q:24.28 q-aq:21.15 q-noVbv:24.28 q-Rceq:1.32 tex:101612 mv:11716 misc:2200 icu:1560.00 pcu:0.00 scu:0.00 tlayer:0 pbqpoffset:0.00 pbfactor:1.00 avgQpOffsetCutree:-3.20;
in:8 out:1 type:k q:27.19 q-aq:22.18 q-noVbv:27.19 q-Rceq:1.32 tex:52276 mv:8645 misc:2207 icu:614.25 pcu:604.75 scu:341.00 tlayer:0 pbqpoffset:0.00 pbfactor:1.00 avgQpOffsetCutree:-4.06;
in:4 out:2 type:B q:28.66 q-aq:26.52 q-noVbv:28.66 q-Rceq:1.32 tex:12116 mv:3452 misc:1280 icu:179.25 pcu:433.50 scu:947.25 tlayer:1 pbqpoffset:1.46 pbfactor:1.18 avgQpOffsetCutree:-2.42;
in:2 out:3 type:B q:28.73 q-aq:28.52 q-noVbv:28.73 q-Rceq:1.32 tex:6122 mv:2975 misc:975 icu:59.50 pcu:376.50 scu:1124.00 tlayer:2 pbqpoffset:1.53 pbfactor:1.19 avgQpOffsetCutree:-1.27;
in:1 out:4 type:b q:30.19 q-aq:30.02 q-noVbv:30.19 q-Rceq:1.32 tex:1291 mv:1225 misc:612 icu:14.00 pcu:274.00 scu:1272.00 tlayer:3 pbqpoffset:3.00 pbfactor:1.41 avgQpOffsetCutree:0.00;
in:3 out:5 type:b q:30.07 q-aq:30.01 q-noVbv:30.07 q-Rceq:1.32 tex:1237 mv:1195 misc:592 icu:4.50 pcu:260.50 scu:1295.00 tlayer:3 pbqpoffset:2.88 pbfactor:1.39 avgQpOffsetCutree:0.00;
in:6 out:6 type:B q:29.07 q-aq:28.49 q-noVbv:29.07 q-Rceq:1.32 tex:5746 mv:2494 misc:1072 icu:47.25 pcu:313.50 scu:1199.25 tlayer:2 pbqpoffset:1.87 pbfactor:1.24 avgQpOffsetCutree:-1.37;
in:5 out:7 type:b q:30.92 q-aq:31.00 q-noVbv:30.92 q-Rceq:1.32 tex:780 mv:862 misc:534 icu:9.25 pcu:147.50 scu:1403.25 tlayer:3 pbqpoffset:3.73 pbfactor:1.54 avgQpOffsetCutree:0.00;
in:7 out:8 type:b q:31.29 q-aq:31.34 q-noVbv:31.29 q-Rceq:1.32 tex:673 mv:834 misc:469 icu:3.50 pcu:155.50 scu:1401.00 tlayer:3 pbqpoffset:4.09 pbfactor:1.60 avgQpOffsetCutree:0.00;
in:16 out:9 type:k q:23.19 q-aq:18.40 q-noVbv:23.19 q-Rceq:1.32 tex:100882 mv:11840 misc:2702 icu:877.75 pcu:635.50 scu:46.75 tlayer:0 pbqpoffset:0.00 pbfactor:1.00 avgQpOffsetCutree:-4.12;
in:12 out:10 type:B q:26.54 q-aq:24.07 q-noVbv:26.54 q-Rceq:1.32 tex:15402 mv:4112 misc:1710 icu:98.25 pcu:612.75 scu:849.00 tlayer:1 pbqpoffset:1.35 pbfactor:1.17 avgQpOffsetCutree:-2.42;
in:10 out:11 type:B q:27.73 q-aq:26.89 q-noVbv:27.73 q-Rceq:1.32 tex:5041 mv:2715 misc:1148 icu:23.50 pcu:356.50 scu:1180.00 tlayer:2 pbqpoffset:1.54 pbfactor:1.19 avgQpOffsetCutree:-1.26;
in:9 out:12 type:b q:29.44 q-aq:29.74 q-noVbv:29.44 q-Rceq:1.32 tex:1110 mv:867 misc:503 icu:3.50 pcu:211.75 scu:1344.75 tlayer:3 pbqpoffset:2.74 pbfactor:1.37 avgQpOffsetCutree:0.00;
in:11 out:13 type:b q:28.65 q-aq:29.00 q-noVbv:28.65 q-Rceq:1.32 tex:1410 mv:1240 misc:662 icu:6.50 pcu:248.50 scu:1305.00 tlayer:3 pbqpoffset:2.96 pbfactor:1.41 avgQpOffsetCutree:0.00;
in:14 out:14 type:B q:26.00 q-aq:25.14 q-noVbv:26.00 q-Rceq:1.32 tex:5369 mv:2031 misc:1064 icu:14.50 pcu:353.75 scu:1191.75 tlayer:2 pbqpoffset:1.81 pbfactor:1.23 avgQpOffsetCutree:-1.26;
in:13 out:15 type:b q:28.37 q-aq:28.00 q-noVbv:28.37 q-Rceq:1.32 tex:685 mv:414 misc:413 icu:0.00 pcu:86.25 scu:1473.75 tlayer:3 pbqpoffset:3.67 pbfactor:1.53 avgQpOffsetCutree:0.00;
in:15 out:16 type:b q:27.69 q-aq:28.00 q-noVbv:27.69 q-Rceq:1.32 tex:709 mv:536 misc:451 icu:4.00 pcu:145.50 scu:1410.50 tlayer:3 pbqpoffset:3.99 pbfactor:1.59 avgQpOffsetCutree:0.00;
in:24 out:17 type:k q:19.25 q-aq:16.00 q-noVbv:19.25 q-Rceq:1.32 tex:144339 mv:16357 misc:3336 icu:966.00 pcu:550.50 scu:43.50 tlayer:0 pbqpoffset:0.00 pbfactor:1.00 avgQpOffsetCutree:-3.42;
in:20 out:18 type:B q:22.59 q-aq:20.26 q-noVbv:22.59 q-Rceq:1.32 tex:24833 mv:4689 misc:1870 icu:108.00 pcu:583.75 scu:868.25 tlayer:1 pbqpoffset:1.37 pbfactor:1.17 avgQpOffsetCutree:-2.42;
in:18 out:19 type:B q:24.56 q-aq:23.55 q-noVbv:24.56 q-Rceq:1.32 tex:7814 mv:2417 misc:1169 icu:15.75 pcu:491.00 scu:1053.25 tlayer:2 pbqpoffset:2.35 pbfactor:1.31 avgQpOffsetCutree:-1.30;
in:17 out:20 type:b q:27.24 q-aq:27.00 q-noVbv:27.24 q-Rceq:1.32 tex:733 mv:479 misc:436 icu:2.00 pcu:117.25 scu:1440.75 tlayer:3 pbqpoffset:4.53 pbfactor:1.69 avgQpOffsetCutree:0.00;
in:19 out:21 type:b q:26.09 q-aq:26.00 q-noVbv:26.09 q-Rceq:1.32 tex:965 mv:809 misc:610 icu:1.25 pcu:180.00 scu:1378.75 tlayer:3 pbqpoffset:4.38 pbfactor:1.66 avgQpOffsetCutree:0.00;
in:22 out:22 type:B q:22.27 q-aq:21.40 q-noVbv:22.27 q-Rceq:1.32 tex:12446 mv:3022 misc:1524 icu:16.25 pcu:368.25 scu:1175.50 tlayer:2 pbqpoffset:2.04 pbfactor:1.27 avgQpOffsetCutree:-1.36;
in:21 out:23 type:b q:24.62 q-aq:25.00 q-noVbv:24.62 q-Rceq:1.32 tex:2357 mv:1057 misc:674 icu:9.00 pcu:200.00 scu:1351.00 tlayer:3 pbqpoffset:3.89 pbfactor:1.57 avgQpOffsetCutree:0.00;
in:23 out:24 type:b q:23.68 q-aq:24.00 q-noVbv:23.68 q-Rceq:1.32 tex:2182 mv:823 misc:819 icu:0.00 pcu:187.25 scu:1372.75 tlayer:3 pbqpoffset:3.94 pbfactor:1.58 avgQpOffsetCutree:0.00;
in:32 out:25 type:k q:18.94 q-aq:15.35 q-noVbv:18.94 q-Rceq:1.32 tex:187727 mv:17144 misc:3001 icu:1548.50 pcu:11.50 scu:0.00 tlayer:0 pbqpoffset:0.00 pbfactor:1.00 avgQpOffsetCutree:-4.20;
in:28 out:26 type:B q:20.64 q-aq:18.32 q-noVbv:20.64 q-Rceq:1.32 tex:40478 mv:6648 misc:3050 icu:122.00 pcu:840.25 scu:597.75 tlayer:1 pbqpoffset:1.55 pbfactor:1.20 avgQpOffsetCutree:-2.49;
in:26 out:27 type:B q:22.18 q-aq:21.17 q-noVbv:22.18 q-Rceq:1.32 tex:12906 mv:3715 misc:1619 icu:11.00 pcu:624.00 scu:925.00 tlayer:2 pbqpoffset:3.02 pbfactor:1.42 avgQpOffsetCutree:-1.30;
in:25 out:28 type:b q:24.82 q-aq:25.01 q-noVbv:24.82 q-Rceq:1.32 tex:1712 mv:993 misc:647 icu:2.50 pcu:207.75 scu:1349.75 tlayer:3 pbqpoffset:5.61 pbfactor:1.91 avgQpOffsetCutree:0.00;
in:27 out:29 type:b q:25.39 q-aq:25.03 q-noVbv:25.39 q-Rceq:1.32 tex:1520 mv:910 misc:682 icu:1.50 pcu:229.00 scu:1329.50 tlayer:3 pbqpoffset:6.26 pbfactor:2.06 avgQpOffsetCutree:0.00;
in:30 out:30 type:B q:22.07 q-aq:20.92 q-noVbv:22.07 q-Rceq:1.32 tex:12016 mv:3274 misc:1886 icu:20.00 pcu:534.50 scu:1005.50 tlayer:2 pbqpoffset:3.05 pbfactor:1.42 avgQpOffsetCutree:-1.34;
in:29 out:31 type:b q:25.26 q-aq:25.11 q-noVbv:25.26 q-Rceq:1.32 tex:1319 mv:789 misc:588 icu:0.00 pcu:261.25 scu:1298.75 tlayer:3 pbqpoffset:6.21 pbfactor:2.05 avgQpOffsetCutree:0.00;
in:31 out:32 type:b q:24.79 q-aq:25.00 q-noVbv:24.79 q-Rceq:1.32 tex:1263 mv:966 misc:667 icu:4.50 pcu:234.00 scu:1321.50 tlayer:3 pbqpoffset:5.82 pbfactor:1.96 avgQpOffsetCutree:0.00;
in:40 out:33 type:k q:18.21 q-aq:14.31 q-noVbv:18.21 q-Rceq:1.32 tex:193586 mv:20663 misc:3687 icu:1008.00 pcu:511.50 scu:40.50 tlayer:0 pbqpoffset:0.00 pbfactor:1.00 avgQpOffsetCutree:-4.22;
in:36 out:34 type:B q:20.08 q-aq:17.70 q-noVbv:20.08 q-Rceq:1.32 tex:46980 mv:8027 misc:2761 icu:132.25 pcu:711.50 scu:716.25 tlayer:1 pbqpoffset:1.51 pbfactor:1.19 avgQpOffsetCutree:-2.55;
in:34 out:35 type:B q:21.24 q-aq:20.30 q-noVbv:21.24 q-Rceq:1.32 tex:17938 mv:4176 misc:1982 icu:15.00 pcu:534.00 scu:1011.00 tlayer:2 pbqpoffset:2.48 pbfactor:1.33 avgQpOffsetCutree:-1.47;
in:33 out:36 type:b q:23.93 q-aq:24.01 q-noVbv:23.93 q-Rceq:1.32 tex:2205 mv:1018 misc:841 icu:0.00 pcu:227.00 scu:1333.00 tlayer:3 pbqpoffset:5.08 pbfactor:1.80 avgQpOffsetCutree:0.00;
in:35 out:37 type:b q:22.77 q-aq:23.00 q-noVbv:22.77 q-Rceq:1.32 tex:2901 mv:1087 misc:916 icu:0.00 pcu:229.75 scu:1330.25 tlayer:3 pbqpoffset:4.11 pbfactor:1.61 avgQpOffsetCutree:0.00;
in:38 out:38 type:B q:20.89 q-aq:19.88 q-noVbv:20.89 q-Rceq:1.32 tex:21294 mv:5427 misc:2175 icu:30.75 pcu:683.25 scu:846.00 tlayer:2 pbqpoffset:2.50 pbfactor:1.34 avgQpOffsetCutree:-1.38;
in:37 out:39 type:b q:23.52 q-aq:23.86 q-noVbv:23.52 q-Rceq:1.32 tex:2165 mv:999 misc:788 icu:0.00 pcu:138.75 scu:1421.25 tlayer:3 pbqpoffset:5.04 pbfactor:1.79 avgQpOffsetCutree:0.00;
in:39 out:40 type:b q:23.28 q-aq:23.08 q-noVbv:23.28 q-Rceq:1.32 tex:3062 mv:1214 misc:820 icu:2.25 pcu:169.75 scu:1388.00 tlayer:3 pbqpoffset:4.98 pbfactor:1.78 avgQpOffsetCutree:0.00;
in:56 out:41 type:k q:18.12 q-aq:15.18 q-noVbv:18.12 q-Rceq:1.32 tex:217187 mv:21297 misc:3252 icu:1356.25 pcu:197.00 scu:6.75 tlayer:0 pbqpoffset:0.00 pbfactor:1.00 avgQpOffsetCutree:-3.63;
in:48 out:42 type:B q:19.66 q-aq:16.94 q-noVbv:19.66 q-Rceq:1.32 tex:140900 mv:20096 misc:3612 icu:894.25 pcu:592.00 scu:73.75 tlayer:1 pbqpoffset:1.50 pbfactor:1.19 avgQpOffsetCutree:-3.37;
in:44 out:43 type:B q:19.68 q-aq:17.61 q-noVbv:19.68 q-Rceq:1.32 tex:56970 mv:10547 misc:2979 icu:176.50 pcu:952.75 scu:430.75 tlayer:2 pbqpoffset:1.50 pbfactor:1.19 avgQpOffsetCutree:-2.30;
in:42 out:44 type:B q:20.79 q-aq:19.96 q-noVbv:20.79 q-Rceq:1.32 tex:19473 mv:4758 misc:2073 icu:17.00 pcu:596.75 scu:946.25 tlayer:3 pbqpoffset:2.59 pbfactor:1.35 avgQpOffsetCutree:-1.32;
in:41 out:45 type:b q:24.12 q-aq:24.07 q-noVbv:24.12 q-Rceq:1.32 tex:2041 mv:1113 misc:934 icu:0.00 pcu:184.25 scu:1375.75 tlayer:4 pbqpoffset:5.92 pbfactor:1.98 avgQpOffsetCutree:0.00;
in:43 out:46 type:b q:23.27 q-aq:23.12 q-noVbv:23.27 q-Rceq:1.32 tex:3478 mv:1384 misc:1106 icu:6.25 pcu:275.75 scu:1278.00 tlayer:4 pbqpoffset:5.07 pbfactor:1.80 avgQpOffsetCutree:0.00;
in:46 out:47 type:B q:20.21 q-aq:19.60 q-noVbv:20.21 q-Rceq:1.32 tex:26540 mv:5923 misc:2265 icu:71.50 pcu:643.50 scu:845.00 tlayer:3 pbqpoffset:2.04 pbfactor:1.27 avgQpOffsetCutree:-1.30;
in:45 out:48 type:b q:23.15 q-aq:23.08 q-noVbv:23.15 q-Rceq:1.32 tex:4089 mv:1330 misc:1005 icu:6.25 pcu:299.75 scu:1254.00 tlayer:4 pbqpoffset:4.97 pbfactor:1.78 avgQpOffsetCutree:0.00;
in:47 out:49 type:b q:23.30 q-aq:23.30 q-noVbv:23.30 q-Rceq:1.32 tex:4908 mv:1632 misc:1180 icu:1.50 pcu:296.00 scu:1262.50 tlayer:4 pbqpoffset:5.13 pbfactor:1.81 avgQpOffsetCutree:0.00;
in:52 out:50 type:B q:19.64 q-aq:17.64 q-noVbv:19.64 q-Rceq:1.32 tex:60313 mv:8380 misc:2915 icu:203.50 pcu:905.75 scu:450.75 tlayer:2 pbqpoffset:1.50 pbfactor:1.19 avgQpOffsetCutree:-2.26;
in:50 out:51 type:B q:20.27 q-aq:19.73 q-noVbv:20.27 q-Rceq:1.32 tex:33346 mv:6094 misc:2320 icu:68.75 pcu:605.50 scu:885.75 tlayer:3 pbqpoffset:2.12 pbfactor:1.28 avgQpOffsetCutree:-1.32;
in:49 out:52 type:b q:22.90 q-aq:23.01 q-noVbv:22.90 q-Rceq:1.32 tex:6293 mv:1870 misc:1213 icu:1.75 pcu:341.25 scu:1217.00 tlayer:4 pbqpoffset:4.74 pbfactor:1.73 avgQpOffsetCutree:0.00;
in:51 out:53 type:b q:22.57 q-aq:23.00 q-noVbv:22.57 q-Rceq:1.32 tex:7991 mv:2237 misc:1420 icu:16.75 pcu:402.00 scu:1141.25 tlayer:4 pbqpoffset:4.43 pbfactor:1.67 avgQpOffsetCutree:0.00;
in:54 out:54 type:B q:20.39 q-aq:19.46 q-noVbv:20.39 q-Rceq:1.32 tex:29190 mv:6176 misc:2330 icu:31.50 pcu:620.50 scu:908.00 tlayer:3 pbqpoffset:2.27 pbfactor:1.30 avgQpOffsetCutree:-1.33;
in:53 out:55 type:b q:22.47 q-aq:22.56 q-noVbv:22.47 q-Rceq:1.32 tex:7617 mv:2162 misc:1317 icu:3.75 pcu:366.50 scu:1189.75 tlayer:4 pbqpoffset:4.34 pbfactor:1.65 avgQpOffsetCutree:0.00;
in:55 out:56 type:b q:23.32 q-aq:23.31 q-noVbv:23.32 q-Rceq:1.32 tex:4989 mv:1610 misc:1025 icu:1.00 pcu:274.00 scu:1285.00 tlayer:4 pbqpoffset:5.20 pbfactor:1.82 avgQpOffsetCutree:0.00;
in:64 out:57 type:k q:20.78 q-aq:16.93 q-noVbv:20.78 q-Rceq:1.32 tex:173290 mv:17270 misc:3144 icu:1540.00 pcu:20.00 scu:0.00 tlayer:0 pbqpoffset:0.33 pbfactor:1.04 avgQpOffsetCutree:-4.46;
in:60 out:58 type:B q:21.01 q-aq:19.35 q-noVbv:21.01 q-Rceq:1.32 tex:50454 mv:7581 misc:2653 icu:206.25 pcu:749.25 scu:604.50 tlayer:1 pbqpoffset:1.56 pbfactor:1.20 avgQpOffsetCutree:-2.14;
in:58 out:59 type:B q:20.85 q-aq:20.27 q-noVbv:20.85 q-Rceq:1.32 tex:28546 mv:5743 misc:2351 icu:86.75 pcu:663.25 scu:810.00 tlayer:2 pbqpoffset:2.07 pbfactor:1.27 avgQpOffsetCutree:-1.22;
in:57 out:60 type:b q:22.91 q-aq:23.13 q-noVbv:22.91 q-Rceq:1.32 tex:5964 mv:1759 misc:1429 icu:8.25 pcu:336.50 scu:1215.25 tlayer:3 pbqpoffset:4.46 pbfactor:1.67 avgQpOffsetCutree:0.00;
in:59 out:61 type:b q:23.60 q-aq:24.00 q-noVbv:23.60 q-Rceq:1.32 tex:3947 mv:1656 misc:1053 icu:2.75 pcu:307.25 scu:1250.00 tlayer:3 pbqpoffset:4.48 pbfactor:1.68 avgQpOffsetCutree:0.00;
in:62 out:62 type:B q:22.17 q-aq:21.70 q-noVbv:22.17 q-Rceq:1.32 tex:31142 mv:7044 misc:2406 icu:99.00 pcu:925.25 scu:535.75 tlayer:2 pbqpoffset:2.06 pbfactor:1.27 avgQpOffsetCutree:-1.20;
in:61 out:63 type:b q:24.06 q-aq:24.08 q-noVbv:24.06 q-Rceq:1.32 tex:3842 mv:1673 misc:1133 icu:2.75 pcu:385.50 scu:1171.75 tlayer:3 pbqpoffset:4.28 pbfactor:1.64 avgQpOffsetCutree:0.00;
in:63 out:64 type:b q:24.72 q-aq:25.02 q-noVbv:24.72 q-Rceq:1.32 tex:7339 mv:1669 misc:1088 icu:14.00 pcu:1410.50 scu:135.50 tlayer:3 pbqpoffset:4.28 pbfactor:1.64 avgQpOffsetCutree:0.00;
in:80 out:65 type:k q:19.61 q-aq:15.81 q-noVbv:19.61 q-Rceq:1.32 tex:204477 mv:22494 misc:3469 icu:1197.25 pcu:329.50 scu:33.25 tlayer:0 pbqpoffset:0.21 pbfactor:1.03 avgQpOffsetCutree:-4.04;
in:72 out:66 type:B q:21.80 q-aq:18.95 q-noVbv:21.80 q-Rceq:1.32 tex:104975 mv:16306 misc:3119 icu:683.00 pcu:749.00 scu:128.00 tlayer:1 pbqpoffset:1.60 pbfactor:1.20 avgQpOffsetCutree:-3.33;
in:68 out:67 type:B q:22.09 q-aq:19.97 q-noVbv:22.09 q-Rceq:1.32 tex:53159 mv:9990 misc:2763 icu:262.75 pcu:891.75 scu:405.50 tlayer:2 pbqpoffset:1.60 pbfactor:1.20 avgQpOffsetCutree:-2.31;
in:66 out:68 type:B q:23.14 q-aq:22.42 q-noVbv:23.14 q-Rceq:1.32 tex:23490 mv:6120 misc:2030 icu:67.00 pcu:797.25 scu:695.75 tlayer:3 pbqpoffset:2.51 pbfactor:1.34 avgQpOffsetCutree:-1.27;
in:65 out:69 type:b q:25.84 q-aq:26.14 q-noVbv:25.84 q-Rceq:1.32 tex:3371 mv:1626 misc:955 icu:22.75 pcu:302.50 scu:1234.75 tlayer:4 pbqpoffset:5.13 pbfactor:1.81 avgQpOffsetCutree:0.00;
in:67 out:70 type:b q:26.07 q-aq:26.04 q-noVbv:26.07 q-Rceq:1.32 tex:4113 mv:1553 misc:1062 icu:9.00 pcu:306.75 scu:1244.25 tlayer:4 pbqpoffset:5.51 pbfactor:1.89 avgQpOffsetCutree:0.00;
in:70 out:71 type:B q:22.66 q-aq:21.89 q-noVbv:22.66 q-Rceq:1.32 tex:21368 mv:5672 misc:1920 icu:66.00 pcu:675.50 scu:818.50 tlayer:3 pbqpoffset:2.32 pbfactor:1.31 avgQpOffsetCutree:-1.27;
in:69 out:72 type:b q:25.99 q-aq:26.01 q-noVbv:25.99 q-Rceq:1.32 tex:2349 mv:1217 misc:802 icu:15.75 pcu:224.75 scu:1319.50 tlayer:4 pbqpoffset:5.58 pbfactor:1.91 avgQpOffsetCutree:0.00;
in:71 out:73 type:b q:25.73 q-aq:26.00 q-noVbv:25.73 q-Rceq:1.32 tex:2481 mv:1441 misc:974 icu:7.00 pcu:155.75 scu:1397.25 tlayer:4 pbqpoffset:5.46 pbfactor:1.88 avgQpOffsetCutree:0.00;
in:76 out:74 type:B q:21.51 q-aq:18.85 q-noVbv:21.51 q-Rceq:1.32 tex:53952 mv:9652 misc:2996 icu:214.25 pcu:782.00 scu:563.75 tlayer:2 pbqpoffset:1.60 pbfactor:1.20 avgQpOffsetCutree:-2.63;
in:74 out:75 type:B q:22.89 q-aq:22.04 q-noVbv:22.89 q-Rceq:1.32 tex:21276 mv:5136 misc:2084 icu:49.25 pcu:537.00 scu:973.75 tlayer:3 pbqpoffset:2.84 pbfactor:1.39 avgQpOffsetCutree:-1.33;
in:73 out:76 type:b q:25.60 q-aq:26.00 q-noVbv:25.60 q-Rceq:1.32 tex:3815 mv:1664 misc:1001 icu:12.25 pcu:189.00 scu:1358.75 tlayer:4 pbqpoffset:5.48 pbfactor:1.88 avgQpOffsetCutree:0.00;
in:75 out:77 type:b q:26.22 q-aq:26.01 q-noVbv:26.22 q-Rceq:1.32 tex:2387 mv:1229 misc:944 icu:1.25 pcu:162.50 scu:1396.25 tlayer:4 pbqpoffset:6.24 pbfactor:2.06 avgQpOffsetCutree:0.00;
in:78 out:78 type:B q:22.56 q-aq:21.85 q-noVbv:22.56 q-Rceq:1.32 tex:20653 mv:4919 misc:2212 icu:46.50 pcu:634.00 scu:879.50 tlayer:3 pbqpoffset:2.80 pbfactor:1.38 avgQpOffsetCutree:-1.33;
in:77 out:79 type:b q:25.41 q-aq:25.24 q-noVbv:25.41 q-Rceq:1.32 tex:3221 mv:1575 misc:972 icu:6.50 pcu:276.50 scu:1277.00 tlayer:4 pbqpoffset:5.58 pbfactor:1.91 avgQpOffsetCutree:0.00;
in:79 out:80 type:b q:24.91 q-aq:25.00 q-noVbv:24.91 q-Rceq:1.32 tex:3965 mv:1856 misc:1091 icu:1.25 pcu:279.00 scu:1279.75 tlayer:4 pbqpoffset:5.22 pbfactor:1.83 avgQpOffsetCutree:0.00;
in:88 out:81 type:k q:20.35 q-aq:17.05 q-noVbv:20.35 q-Rceq:1.32 tex:133559 mv:17039 misc:2930 icu:906.75 pcu:580.25 scu:73.00 tlayer:0 pbqpoffset:0.23 pbfactor:1.03 avgQpOffsetCutree:-3.51;
in:84 out:82 type:B q:21.50 q-aq:19.19 q-noVbv:21.50 q-Rceq:1.32 tex:61062 mv:9409 misc:3273 icu:231.75 pcu:945.25 scu:383.00 tlayer:1 pbqpoffset:1.51 pbfactor:1.19 avgQpOffsetCutree:-2.31;
in:82 out:83 type:B q:21.31 q-aq:20.74 q-noVbv:21.31 q-Rceq:1.32 tex:28447 mv:6471 misc:2090 icu:68.25 pcu:752.50 scu:739.25 tlayer:2 pbqpoffset:1.51 pbfactor:1.19 avgQpOffsetCutree:-1.26;
in:81 out:84 type:b q:22.75 q-aq:23.00 q-noVbv:22.75 q-Rceq:1.32 tex:6336 mv:1718 misc:1162 icu:4.50 pcu:374.75 scu:1180.75 tlayer:3 pbqpoffset:3.05 pbfactor:1.42 avgQpOffsetCutree:0.00;
in:83 out:85 type:b q:23.33 q-aq:23.29 q-noVbv:23.33 q-Rceq:1.32 tex:4944 mv:1673 misc:1095 icu:4.50 pcu:316.75 scu:1238.75 tlayer:3 pbqpoffset:3.44 pbfactor:1.49 avgQpOffsetCutree:0.00;
in:86 out:86 type:B q:22.13 q-aq:21.51 q-noVbv:22.13 q-Rceq:1.32 tex:18516 mv:5134 misc:1926 icu:57.25 pcu:523.00 scu:979.75 tlayer:2 pbqpoffset:1.96 pbfactor:1.25 avgQpOffsetCutree:-1.30;
in:85 out:87 type:b q:24.22 q-aq:24.14 q-noVbv:24.22 q-Rceq:1.32 tex:4897 mv:1887 misc:1064 icu:19.00 pcu:224.25 scu:1316.75 tlayer:3 pbqpoffset:4.14 pbfactor:1.61 avgQpOffsetCutree:0.00;
in:87 out:88 type:b q:23.91 q-aq:24.00 q-noVbv:23.91 q-Rceq:1.32 tex:4934 mv:1616 misc:1162 icu:4.25 pcu:289.50 scu:1266.25 tlayer:3 pbqpoffset:3.65 pbfactor:1.52 avgQpOffsetCutree:0.00;
in:96 out:89 type:k q:21.17 q-aq:17.10 q-noVbv:21.17 q-Rceq:1.32 tex:164859 mv:15950 misc:2743 icu:1554.25 pcu:5.75 scu:0.00 tlayer:0 pbqpoffset:0.35 pbfactor:1.04 avgQpOffsetCutree:-4.41;
in:92 out:90 type:B q:22.26 q-aq:20.17 q-noVbv:22.26 q-Rceq:1.32 tex:52915 mv:7295 misc:2694 icu:209.50 pcu:818.00 scu:532.50 tlayer:1 pbqpoffset:1.49 pbfactor:1.19 avgQpOffsetCutree:-2.25;
in:90 out:91 type:B q:23.23 q-aq:22.31 q-noVbv:23.23 q-Rceq:1.32 tex:18468 mv:4422 misc:1734 icu:49.00 pcu:551.25 scu:959.75 tlayer:2 pbqpoffset:2.67 pbfactor:1.36 avgQpOffsetCutree:-1.35;
in:89 out:92 type:b q:26.34 q-aq:26.18 q-noVbv:26.34 q-Rceq:1.32 tex:2334 mv:1021 misc:869 icu:6.25 pcu:230.50 scu:1323.25 tlayer:3 pbqpoffset:5.88 pbfactor:1.97 avgQpOffsetCutree:0.00;
in:91 out:93 type:b q:26.18 q-aq:26.08 q-noVbv:26.18 q-Rceq:1.32 tex:2629 mv:1164 misc:815 icu:3.25 pcu:260.75 scu:1296.00 tlayer:3 pbqpoffset:5.52 pbfactor:1.89 avgQpOffsetCutree:0.00;
in:94 out:94 type:B q:22.91 q-aq:22.37 q-noVbv:22.91 q-Rceq:1.32 tex:20361 mv:5558 misc:2097 icu:50.50 pcu:669.50 scu:840.00 tlayer:2 pbqpoffset:1.94 pbfactor:1.25 avgQpOffsetCutree:-1.24;
in:93 out:95 type:b q:25.00 q-aq:25.04 q-noVbv:25.00 q-Rceq:1.32 tex:4358 mv:1937 misc:1201 icu:7.00 pcu:373.25 scu:1179.75 tlayer:3 pbqpoffset:4.13 pbfactor:1.61 avgQpOffsetCutree:0.00;
in:95 out:96 type:b q:25.43 q-aq:25.42 q-noVbv:25.43 q-Rceq:1.32 tex:3535 mv:1546 misc:1215 icu:1.50 pcu:245.00 scu:1313.50 tlayer:3 pbqpoffset:4.36 pbfactor:1.66 avgQpOffsetCutree:0.00;
in:112 out:97 type:k q:19.96 q-aq:15.63 q-noVbv:19.96 q-Rceq:1.32 tex:203976 mv:21922 misc:3166 icu:1529.25 pcu:30.75 scu:0.00 tlayer:0 pbqpoffset:0.36 pbfactor:1.04 avgQpOffsetCutree:-4.54;
in:104 out:98 type:B q:22.17 q-aq:19.16 q-noVbv:22.17 q-Rceq:1.32 tex:96683 mv:14864 misc:3229 icu:692.00 pcu:750.75 scu:117.25 tlayer:1 pbqpoffset:1.60 pbfactor:1.20 avgQpOffsetCutree:-3.27;
in:100 out:99 type:B q:22.47 q-aq:20.04 q-noVbv:22.47 q-Rceq:1.32 tex:40120 mv:8643 misc:2893 icu:139.75 pcu:659.50 scu:760.75 tlayer:2 pbqpoffset:1.60 pbfactor:1.20 avgQpOffsetCutree:-2.44;
in:98 out:100 type:B q:23.54 q-aq:22.57 q-noVbv:23.54 q-Rceq:1.32 tex:18302 mv:4464 misc:1714 icu:27.75 pcu:591.25 scu:941.00 tlayer:3 pbqpoffset:2.52 pbfactor:1.34 avgQpOffsetCutree:-1.40;
in:97 out:101 type:b q:25.66 q-aq:26.00 q-noVbv:25.66 q-Rceq:1.32 tex:2628 mv:1272 misc:916 icu:1.25 pcu:291.50 scu:1267.25 tlayer:4 pbqpoffset:4.56 pbfactor:1.69 avgQpOffsetCutree:0.00;
in:99 out:102 type:b q:25.79 q-aq:26.01 q-noVbv:25.79 q-Rceq:1.32 tex:2495 mv:1004 misc:941 icu:0.00 pcu:198.25 scu:1361.75 tlayer:4 pbqpoffset:4.85 pbfactor:1.75 avgQpOffsetCutree:0.00;
in:102 out:103 type:B q:23.14 q-aq:22.53 q-noVbv:23.14 q-Rceq:1.32 tex:18737 mv:5219 misc:1964 icu:39.25 pcu:592.25 scu:928.50 tlayer:3 pbqpoffset:2.42 pbfactor:1.32 avgQpOffsetCutree:-1.33;
in:101 out:104 type:b q:26.27 q-aq:26.02 q-noVbv:26.27 q-Rceq:1.32 tex:2487 mv:1394 misc:903 icu:1.25 pcu:301.00 scu:1257.75 tlayer:4 pbqpoffset:5.47 pbfactor:1.88 avgQpOffsetCutree:0.00;
in:103 out:105 type:b q:25.70 q-aq:26.00 q-noVbv:25.70 q-Rceq:1.32 tex:2718 mv:1578 misc:1024 icu:2.75 pcu:238.50 scu:1318.75 tlayer:4 pbqpoffset:5.06 pbfactor:1.79 avgQpOffsetCutree:0.00;
in:108 out:106 type:B q:21.86 q-aq:19.86 q-noVbv:21.86 q-Rceq:1.32 tex:49424 mv:8413 misc:2323 icu:214.75 pcu:725.75 scu:619.50 tlayer:2 pbqpoffset:1.60 pbfactor:1.20 avgQpOffsetCutree:-2.33;
in:106 out:107 type:B q:22.65 q-aq:22.03 q-noVbv:22.65 q-Rceq:1.32 tex:23868 mv:5453 misc:2023 icu:73.00 pcu:604.00 scu:883.00 tlayer:3 pbqpoffset:2.24 pbfactor:1.30 avgQpOffsetCutree:-1.29;
in:105 out:108 type:b q:24.97 q-aq:25.00 q-noVbv:24.97 q-Rceq:1.32 tex:3717 mv:1472 misc:1059 icu:1.00 pcu:364.50 scu:1194.50 tlayer:4 pbqpoffset:4.48 pbfactor:1.68 avgQpOffsetCutree:0.00;
in:107 out:109 type:b q:24.88 q-aq:25.00 q-noVbv:24.88 q-Rceq:1.32 tex:4409 mv:1474 misc:1085 icu:6.00 pcu:232.50 scu:1321.50 tlayer:4 pbqpoffset:4.54 pbfactor:1.69 avgQpOffsetCutree:0.00;
in:110 out:110 type:B q:22.52 q-aq:21.87 q-noVbv:22.52 q-Rceq:1.32 tex:22038 mv:5269 misc:1885 icu:66.75 pcu:657.50 scu:835.75 tlayer:3 pbqpoffset:2.40 pbfactor:1.32 avgQpOffsetCutree:-1.35;
in:109 out:111 type:b q:24.85 q-aq:25.01 q-noVbv:24.85 q-Rceq:1.32 tex:3941 mv:1576 misc:1147 icu:0.50 pcu:300.00 scu:1259.50 tlayer:4 pbqpoffset:4.66 pbfactor:1.71 avgQpOffsetCutree:0.00;
in:111 out:112 type:b q:25.28 q-aq:25.21 q-noVbv:25.28 q-Rceq:1.32 tex:3406 mv:1319 misc:907 icu:7.75 pcu:226.00 scu:1326.25 tlayer:4 pbqpoffset:5.24 pbfactor:1.83 avgQpOffsetCutree:0.00;
in:120 out:113 type:k q:20.45 q-aq:16.62 q-noVbv:20.45 q-Rceq:1.32 tex:136990 mv:19429 misc:3701 icu:818.50 pcu:657.25 scu:84.25 tlayer:0 pbqpoffset:0.36 pbfactor:1.04 avgQpOffsetCutree:-3.86;
in:116 out:114 type:B q:21.71 q-aq:19.56 q-noVbv:21.71 q-Rceq:1.32 tex:41512 mv:7851 misc:2621 icu:159.00 pcu:678.00 scu:723.00 tlayer:1 pbqpoffset:1.51 pbfactor:1.19 avgQpOffsetCutree:-2.58;
in:114 out:115 type:B q:21.80 q-aq:20.96 q-noVbv:21.80 q-Rceq:1.32 tex:23214 mv:5274 misc:2144 icu:48.75 pcu:502.50 scu:1008.75 tlayer:2 pbqpoffset:1.72 pbfactor:1.22 avgQpOffsetCutree:-1.42;
in:113 out:116 type:b q:23.69 q-aq:24.09 q-noVbv:23.69 q-Rceq:1.32 tex:5595 mv:1712 misc:1005 icu:2.00 pcu:261.00 scu:1297.00 tlayer:3 pbqpoffset:3.66 pbfactor:1.53 avgQpOffsetCutree:0.00;
in:115 out:117 type:b q:23.48 q-aq:23.39 q-noVbv:23.48 q-Rceq:1.32 tex:6260 mv:1806 misc:1286 icu:6.50 pcu:265.00 scu:1288.50 tlayer:3 pbqpoffset:3.33 pbfactor:1.47 avgQpOffsetCutree:0.00;
in:118 out:118 type:B q:22.09 q-aq:21.21 q-noVbv:22.09 q-Rceq:1.32 tex:22600 mv:5087 misc:1849 icu:31.75 pcu:569.25 scu:959.00 tlayer:2 pbqpoffset:1.76 pbfactor:1.23 avgQpOffsetCutree:-1.39;
in:117 out:119 type:b q:24.08 q-aq:24.16 q-noVbv:24.08 q-Rceq:1.32 tex:4488 mv:1635 misc:1285 icu:0.75 pcu:296.25 scu:1263.00 tlayer:3 pbqpoffset:3.81 pbfactor:1.55 avgQpOffsetCutree:0.00;
in:119 out:120 type:b q:24.36 q-aq:24.42 q-noVbv:24.36 q-Rceq:1.32 tex:3424 mv:1144 misc:1112 icu:2.00 pcu:248.25 scu:1309.75 tlayer:3 pbqpoffset:3.97 pbfactor:1.58 avgQpOffsetCutree:0.00;
in:128 out:121 type:k q:21.12 q-aq:16.78 q-noVbv:21.12 q-Rceq:1.32 tex:187156 mv:19237 misc:2983 icu:1543.25 pcu:16.50 scu:0.25 tlayer:0 pbqpoffset:0.43 pbfactor:1.05 avgQpOffsetCutree:-4.72;
in:124 out:122 type:B q:22.32 q-aq:20.03 q-noVbv:22.32 q-Rceq:1.32 tex:43086 mv:8326 misc:2716 icu:131.25 pcu:678.00 scu:750.75 tlayer:1 pbqpoffset:1.54 pbfactor:1.19 avgQpOffsetCutree:-2.48;
in:122 out:123 type:B q:23.14 q-aq:22.10 q-noVbv:23.14 q-Rceq:1.32 tex:32019 mv:6594 misc:2715 icu:35.75 pcu:762.25 scu:762.00 tlayer:2 pbqpoffset:2.53 pbfactor:1.34 avgQpOffsetCutree:-1.28;
in:121 out:124 type:b q:26.37 q-aq:26.35 q-noVbv:26.37 q-Rceq:1.32 tex:2335 mv:1413 misc:924 icu:4.00 pcu:295.75 scu:1260.25 tlayer:3 pbqpoffset:5.84 pbfactor:1.96 avgQpOffsetCutree:0.00;
in:123 out:125 type:b q:26.01 q-aq:26.13 q-noVbv:26.01 q-Rceq:1.32 tex:1921 mv:1196 misc:819 icu:1.50 pcu:256.00 scu:1302.50 tlayer:3 pbqpoffset:5.31 pbfactor:1.85 avgQpOffsetCutree:0.00;
in:126 out:126 type:B q:23.66 q-aq:22.79 q-noVbv:23.66 q-Rceq:1.32 tex:16552 mv:5304 misc:1688 icu:29.50 pcu:476.25 scu:1054.25 tlayer:2 pbqpoffset:2.71 pbfactor:1.37 avgQpOffsetCutree:-1.39;
in:125 out:127 type:b q:26.31 q-aq:26.31 q-noVbv:26.31 q-Rceq:1.32 tex:1489 mv:1140 misc:731 icu:0.00 pcu:227.75 scu:1332.25 tlayer:3 pbqpoffset:5.44 pbfactor:1.87 avgQpOffsetCutree:0.00;
in:127 out:128 type:b q:26.53 q-aq:27.00 q-noVbv:26.53 q-Rceq:1.32 tex:935 mv:965 misc:636 icu:4.00 pcu:121.25 scu:1434.75 tlayer:3 pbqpoffset:5.49 pbfactor:1.89 avgQpOffsetCutree:0.00;
in:136 out:129 type:k q:20.25 q-aq:15.45 q-noVbv:20.25 q-Rceq:1.32 tex:166822 mv:21408 misc:3498 icu:761.25 pcu:741.00 scu:57.75 tlayer:0 pbqpoffset:0.47 pbfactor:1.06 avgQpOffsetCutree:-4.54;
in:132 out:130 type:B q:22.23 q-aq:19.67 q-noVbv:22.23 q-Rceq:1.32 tex:57689 mv:10032 misc:3215 icu:193.75 pcu:916.00 scu:450.25 tlayer:1 pbqpoffset:1.54 pbfactor:1.20 avgQpOffsetCutree:-2.61;
in:130 out:131 type:B q:23.08 q-aq:22.33 q-noVbv:23.08 q-Rceq:1.32 tex:16816 mv:4845 misc:2019 icu:22.25 pcu:568.75 scu:969.00 tlayer:2 pbqpoffset:2.18 pbfactor:1.29 avgQpOffsetCutree:-1.37;
in:129 out:132 type:b q:25.07 q-aq:25.11 q-noVbv:25.07 q-Rceq:1.32 tex:2339 mv:1269 misc:880 icu:0.25 pcu:189.25 scu:1370.50 tlayer:3 pbqpoffset:4.06 pbfactor:1.60 avgQpOffsetCutree:0.00;
in:131 out:133 type:b q:24.97 q-aq:25.00 q-noVbv:24.97 q-Rceq:1.32 tex:2643 mv:1434 misc:923 icu:1.00 pcu:260.25 scu:1298.75 tlayer:3 pbqpoffset:4.17 pbfactor:1.62 avgQpOffsetCutree:0.00;
in:134 out:134 type:B q:22.61 q-aq:21.95 q-noVbv:22.61 q-Rceq:1.32 tex:16453 mv:4756 misc:1935 icu:26.00 pcu:461.75 scu:1072.25 tlayer:2 pbqpoffset:2.14 pbfactor:1.28 avgQpOffsetCutree:-1.42;
in:133 out:135 type:b q:25.06 q-aq:25.09 q-noVbv:25.06 q-Rceq:1.32 tex:1558 mv:1026 misc:856 icu:1.00 pcu:126.75 scu:1432.25 tlayer:3 pbqpoffset:4.48 pbfactor:1.68 avgQpOffsetCutree:0.00;
in:135 out:136 type:b q:24.90 q-aq:25.00 q-noVbv:24.90 q-Rceq:1.32 tex:2071 mv:974 misc:915 icu:0.25 pcu:169.75 scu:1390.00 tlayer:3 pbqpoffset:4.54 pbfactor:1.69 avgQpOffsetCutree:0.00;
in:152 out:137 type:k q:19.74 q-aq:15.28 q-noVbv:19.74 q-Rceq:1.32 tex:237486 mv:28716 misc:3694 icu:1295.25 pcu:232.25 scu:32.50 tlayer:0 pbqpoffset:0.38 pbfactor:1.04 avgQpOffsetCutree:-4.68;
in:144 out:138 type:B q:21.54 q-aq:18.47 q-noVbv:21.54 q-Rceq:1.32 tex:118924 mv:19433 misc:3531 icu:602.25 pcu:795.50 scu:162.25 tlayer:1 pbqpoffset:1.55 pbfactor:1.20 avgQpOffsetCutree:-3.35;
in:140 out:139 type:B q:21.78 q-aq:19.41 q-noVbv:21.78 q-Rceq:1.32 tex:48996 mv:9526 misc:2534 icu:176.00 pcu:812.75 scu:571.25 tlayer:2 pbqpoffset:1.66 pbfactor:1.21 avgQpOffsetCutree:-2.57;
in:138 out:140 type:B q:23.22 q-aq:22.39 q-noVbv:23.22 q-Rceq:1.32 tex:15181 mv:5155 misc:2088 icu:13.75 pcu:551.25 scu:995.00 tlayer:3 pbqpoffset:3.04 pbfactor:1.42 avgQpOffsetCutree:-1.36;
in:137 out:141 type:b q:26.56 q-aq:27.00 q-noVbv:26.56 q-Rceq:1.32 tex:1238 mv:915 misc:711 icu:0.50 pcu:188.00 scu:1371.50 tlayer:4 pbqpoffset:6.35 pbfactor:2.08 avgQpOffsetCutree:0.00;
in:139 out:142 type:b q:26.18 q-aq:26.14 q-noVbv:26.18 q-Rceq:1.32 tex:1470 mv:996 misc:662 icu:0.00 pcu:204.25 scu:1355.75 tlayer:4 pbqpoffset:6.03 pbfactor:2.01 avgQpOffsetCutree:0.00;
in:142 out:143 type:B q:22.95 q-aq:21.76 q-noVbv:22.95 q-Rceq:1.32 tex:21246 mv:5535 misc:2123 icu:41.75 pcu:660.75 scu:857.50 tlayer:3 pbqpoffset:2.89 pbfactor:1.40 avgQpOffsetCutree:-1.37;
in:141 out:144 type:b q:26.50 q-aq:26.73 q-noVbv:26.50 q-Rceq:1.32 tex:1534 mv:1151 misc:779 icu:6.00 pcu:219.50 scu:1334.50 tlayer:4 pbqpoffset:6.41 pbfactor:2.10 avgQpOffsetCutree:0.00;
in:143 out:145 type:b q:25.99 q-aq:26.07 q-noVbv:25.99 q-Rceq:1.32 tex:2499 mv:1275 misc:818 icu:9.00 pcu:192.75 scu:1358.25 tlayer:4 pbqpoffset:5.97 pbfactor:1.99 avgQpOffsetCutree:0.00;
in:148 out:146 type:B q:21.81 q-aq:19.33 q-noVbv:21.81 q-Rceq:1.32 tex:50892 mv:10290 misc:2946 icu:92.50 pcu:815.50 scu:652.00 tlayer:2 pbqpoffset:1.95 pbfactor:1.25 avgQpOffsetCutree:-2.49;
in:146 out:147 type:B q:22.66 q-aq:21.97 q-noVbv:22.66 q-Rceq:1.32 tex:20154 mv:5508 misc:2106 icu:38.25 pcu:533.00 scu:988.75 tlayer:3 pbqpoffset:2.73 pbfactor:1.37 avgQpOffsetCutree:-1.34;
in:145 out:148 type:b q:25.72 q-aq:26.00 q-noVbv:25.72 q-Rceq:1.32 tex:1605 mv:1326 misc:845 icu:1.50 pcu:204.00 scu:1354.50 tlayer:4 pbqpoffset:5.76 pbfactor:1.95 avgQpOffsetCutree:0.00;
in:147 out:149 type:b q:25.90 q-aq:26.00 q-noVbv:25.90 q-Rceq:1.32 tex:1155 mv:902 misc:767 icu:0.25 pcu:192.25 scu:1367.50 tlayer:4 pbqpoffset:6.00 pbfactor:2.00 avgQpOffsetCutree:0.00;
in:150 out:150 type:B q:23.19 q-aq:22.12 q-noVbv:23.19 q-Rceq:1.32 tex:15289 mv:5280 misc:2047 icu:20.50 pcu:495.75 scu:1043.75 tlayer:3 pbqpoffset:3.39 pbfactor:1.48 avgQpOffsetCutree:-1.42;
in:149 out:151 type:b q:25.94 q-aq:26.03 q-noVbv:25.94 q-Rceq:1.32 tex:757 mv:925 misc:510 icu:0.25 pcu:258.00 scu:1301.75 tlayer:4 pbqpoffset:6.11 pbfactor:2.02 avgQpOffsetCutree:0.00;
in:151 out:152 type:b q:26.19 q-aq:26.00 q-noVbv:26.19 q-Rceq:1.32 tex:533 mv:666 misc:441 icu:0.00 pcu:171.25 scu:1388.75 tlayer:4 pbqpoffset:6.41 pbfactor:2.10 avgQpOffsetCutree:0.00;
in:168 out:153 type:k q:19.87 q-aq:14.92 q-noVbv:19.87 q-Rceq:1.32 tex:267436 mv:27884 misc:3296 icu:1520.25 pcu:39.75 scu:0.00 tlayer:0 pbqpoffset:0.46 pbfactor:1.05 avgQpOffsetCutree:-5.45;
in:160 out:154 type:B q:21.52 q-aq:17.92 q-noVbv:21.52 q-Rceq:1.32 tex:141246 mv:19374 misc:3444 icu:801.00 pcu:635.50 scu:123.50 tlayer:1 pbqpoffset:1.72 pbfactor:1.22 avgQpOffsetCutree:-3.94;
in:156 out:155 type:B q:22.27 q-aq:19.33 q-noVbv:22.27 q-Rceq:1.32 tex:44150 mv:8662 misc:2988 icu:79.75 pcu:758.75 scu:721.50 tlayer:2 pbqpoffset:2.49 pbfactor:1.33 avgQpOffsetCutree:-2.92;
in:154 out:156 type:B q:23.34 q-aq:22.29 q-noVbv:23.34 q-Rceq:1.32 tex:12471 mv:4607 misc:1858 icu:5.25 pcu:545.25 scu:1009.50 tlayer:3 pbqpoffset:3.58 pbfactor:1.51 avgQpOffsetCutree:-1.37;
in:153 out:157 type:b q:26.33 q-aq:26.08 q-noVbv:26.33 q-Rceq:1.32 tex:643 mv:744 misc:565 icu:0.25 pcu:142.75 scu:1417.00 tlayer:4 pbqpoffset:6.58 pbfactor:2.14 avgQpOffsetCutree:0.00;
in:155 out:158 type:b q:26.35 q-aq:26.24 q-noVbv:26.35 q-Rceq:1.32 tex:700 mv:881 misc:571 icu:0.25 pcu:73.50 scu:1486.25 tlayer:4 pbqpoffset:6.58 pbfactor:2.14 avgQpOffsetCutree:0.00;
in:158 out:159 type:B q:23.37 q-aq:22.30 q-noVbv:23.37 q-Rceq:1.32 tex:13698 mv:4789 misc:2049 icu:12.75 pcu:528.50 scu:1018.75 tlayer:3 pbqpoffset:3.58 pbfactor:1.51 avgQpOffsetCutree:-1.44;
in:157 out:160 type:b q:26.36 q-aq:26.34 q-noVbv:26.36 q-Rceq:1.32 tex:1179 mv:971 misc:650 icu:0.50 pcu:171.25 scu:1388.25 tlayer:4 pbqpoffset:6.58 pbfactor:2.14 avgQpOffsetCutree:0.00;
in:159 out:161 type:b q:26.38 q-aq:26.10 q-noVbv:26.38 q-Rceq:1.32 tex:1124 mv:1052 misc:640 icu:0.00 pcu:282.25 scu:1277.75 tlayer:4 pbqpoffset:6.58 pbfactor:2.14 avgQpOffsetCutree:0.00;
in:164 out:162 type:B q:22.30 q-aq:19.73 q-noVbv:22.30 q-Rceq:1.32 tex:44112 mv:9165 misc:3027 icu:96.75 pcu:851.25 scu:612.00 tlayer:2 pbqpoffset:2.46 pbfactor:1.33 avgQpOffsetCutree:-2.56;
in:162 out:163 type:B q:23.40 q-aq:22.26 q-noVbv:23.40 q-Rceq:1.32 tex:14877 mv:5156 misc:1879 icu:15.00 pcu:559.00 scu:986.00 tlayer:3 pbqpoffset:3.58 pbfactor:1.51 avgQpOffsetCutree:-1.38;
in:161 out:164 type:b q:26.40 q-aq:26.27 q-noVbv:26.40 q-Rceq:1.32 tex:981 mv:982 misc:717 icu:0.50 pcu:104.50 scu:1455.00 tlayer:4 pbqpoffset:6.58 pbfactor:2.14 avgQpOffsetCutree:0.00;
in:163 out:165 type:b q:26.41 q-aq:26.46 q-noVbv:26.41 q-Rceq:1.32 tex:775 mv:830 misc:603 icu:0.00 pcu:96.25 scu:1463.75 tlayer:4 pbqpoffset:6.58 pbfactor:2.14 avgQpOffsetCutree:0.00;
in:166 out:166 type:B q:23.44 q-aq:22.40 q-noVbv:23.44 q-Rceq:1.32 tex:16914 mv:5338 misc:1860 icu:18.00 pcu:389.00 scu:1153.00 tlayer:3 pbqpoffset:3.58 pbfactor:1.51 avgQpOffsetCutree:-1.42;
in:165 out:167 type:b q:26.43 q-aq:26.68 q-noVbv:26.43 q-Rceq:1.32 tex:987 mv:900 misc:617 icu:0.50 pcu:185.50 scu:1374.00 tlayer:4 pbqpoffset:6.58 pbfactor:2.14 avgQpOffsetCutree:0.00;
in:167 out:168 type:b q:26.45 q-aq:26.37 q-noVbv:26.45 q-Rceq:1.32 tex:805 mv:857 misc:578 icu:0.25 pcu:171.25 scu:1388.50 tlayer:4 pbqpoffset:6.58 pbfactor:2.14 avgQpOffsetCutree:0.00;
in:184 out:169 type:k q:19.24 q-aq:14.77 q-noVbv:19.24 q-Rceq:1.32 tex:227388 mv:28123 misc:3833 icu:1034.75 pcu:483.75 scu:41.50 tlayer:0 pbqpoffset:0.37 pbfactor:1.04 avgQpOffsetCutree:-4.61;
in:176 out:170 type:B q:21.19 q-aq:17.37 q-noVbv:21.19 q-Rceq:1.32 tex:123166 mv:18894 misc:3772 icu:550.25 pcu:861.75 scu:148.00 tlayer:1 pbqpoffset:1.64 pbfactor:1.21 avgQpOffsetCutree:-3.90;
in:172 out:171 type:B q:21.35 q-aq:18.80 q-noVbv:21.35 q-Rceq:1.32 tex:49257 mv:9617 misc:2766 icu:92.25 pcu:816.75 scu:651.00 tlayer:2 pbqpoffset:1.64 pbfactor:1.21 avgQpOffsetCutree:-2.58;
in:170 out:172 type:B q:22.53 q-aq:21.69 q-noVbv:22.53 q-Rceq:1.32 tex:16139 mv:4852 misc:2089 icu:12.25 pcu:487.50 scu:1060.25 tlayer:3 pbqpoffset:2.74 pbfactor:1.37 avgQpOffsetCutree:-1.47;
in:169 out:173 type:b q:26.33 q-aq:26.11 q-noVbv:26.33 q-Rceq:1.32 tex:1407 mv:1066 misc:743 icu:0.25 pcu:107.25 scu:1452.50 tlayer:4 pbqpoffset:6.50 pbfactor:2.12 avgQpOffsetCutree:0.00;
in:171 out:174 type:b q:25.80 q-aq:26.00 q-noVbv:25.80 q-Rceq:1.32 tex:1673 mv:968 misc:727 icu:0.50 pcu:143.00 scu:1416.50 tlayer:4 pbqpoffset:6.05 pbfactor:2.01 avgQpOffsetCutree:0.00;
in:174 out:175 type:B q:22.32 q-aq:21.07 q-noVbv:22.32 q-Rceq:1.32 tex:18063 mv:4519 misc:1866 icu:28.25 pcu:496.00 scu:1035.75 tlayer:3 pbqpoffset:2.69 pbfactor:1.36 avgQpOffsetCutree:-1.36;
in:173 out:176 type:b q:24.91 q-aq:25.00 q-noVbv:24.91 q-Rceq:1.32 tex:1963 mv:1197 misc:824 icu:1.50 pcu:219.50 scu:1339.00 tlayer:4 pbqpoffset:5.23 pbfactor:1.83 avgQpOffsetCutree:0.00;
in:175 out:177 type:b q:25.80 q-aq:26.00 q-noVbv:25.80 q-Rceq:1.32 tex:1585 mv:915 misc:692 icu:0.50 pcu:97.25 scu:1462.25 tlayer:4 pbqpoffset:6.21 pbfactor:2.05 avgQpOffsetCutree:0.00;
in:180 out:178 type:B q:21.03 q-aq:18.80 q-noVbv:21.03 q-Rceq:1.32 tex:44476 mv:8814 misc:2462 icu:102.50 pcu:766.50 scu:691.00 tlayer:2 pbqpoffset:1.64 pbfactor:1.21 avgQpOffsetCutree:-2.43;
in:178 out:179 type:B q:22.44 q-aq:21.57 q-noVbv:22.44 q-Rceq:1.32 tex:15164 mv:4126 misc:1758 icu:22.75 pcu:414.00 scu:1123.25 tlayer:3 pbqpoffset:2.96 pbfactor:1.41 avgQpOffsetCutree:-1.38;
in:177 out:180 type:b q:25.46 q-aq:25.61 q-noVbv:25.46 q-Rceq:1.32 tex:2358 mv:1326 misc:748 icu:4.25 pcu:201.50 scu:1354.25 tlayer:4 pbqpoffset:5.94 pbfactor:1.99 avgQpOffsetCutree:0.00;
in:179 out:181 type:b q:25.72 q-aq:26.00 q-noVbv:25.72 q-Rceq:1.32 tex:2323 mv:1214 misc:855 icu:2.00 pcu:224.25 scu:1333.75 tlayer:4 pbqpoffset:6.28 pbfactor:2.07 avgQpOffsetCutree:0.00;
in:182 out:182 type:B q:22.25 q-aq:21.52 q-noVbv:22.25 q-Rceq:1.32 tex:17080 mv:4315 misc:1917 icu:25.50 pcu:343.75 scu:1190.75 tlayer:3 pbqpoffset:2.93 pbfactor:1.40 avgQpOffsetCutree:-1.32;
in:181 out:183 type:b q:25.51 q-aq:26.00 q-noVbv:25.51 q-Rceq:1.32 tex:1518 mv:956 misc:622 icu:0.75 pcu:191.50 scu:1367.75 tlayer:4 pbqpoffset:6.16 pbfactor:2.04 avgQpOffsetCutree:0.00;
in:183 out:184 type:b q:25.21 q-aq:25.00 q-noVbv:25.21 q-Rceq:1.32 tex:1123 mv:868 misc:633 icu:0.00 pcu:172.75 scu:1387.25 tlayer:4 pbqpoffset:5.94 pbfactor:1.99 avgQpOffsetCutree:0.00;
in:192 out:185 type:k q:20.73 q-aq:15.32 q-noVbv:20.73 q-Rceq:1.32 tex:236559 mv:25349 misc:3332 icu:1537.50 pcu:22.50 scu:0.00 tlayer:0 pbqpoffset:0.40 pbfactor:1.05 avgQpOffsetCutree:-5.78;
in:188 out:186 type:B q:22.49 q-aq:19.80 q-noVbv:22.49 q-Rceq:1.32 tex:35624 mv:7523 misc:2613 icu:82.75 pcu:678.25 scu:799.00 tlayer:1 pbqpoffset:2.51 pbfactor:1.34 avgQpOffsetCutree:-2.75;
in:186 out:187 type:B q:23.05 q-aq:22.17 q-noVbv:23.05 q-Rceq:1.32 tex:12808 mv:4453 misc:1811 icu:13.00 pcu:500.00 scu:1047.00 tlayer:2 pbqpoffset:3.44 pbfactor:1.49 avgQpOffsetCutree:-1.31;
in:185 out:188 type:b q:25.90 q-aq:26.00 q-noVbv:25.90 q-Rceq:1.32 tex:543 mv:674 misc:527 icu:0.00 pcu:101.50 scu:1458.50 tlayer:3 pbqpoffset:6.47 pbfactor:2.11 avgQpOffsetCutree:0.00;
in:187 out:189 type:b q:26.27 q-aq:26.00 q-noVbv:26.27 q-Rceq:1.32 tex:430 mv:564 misc:398 icu:0.00 pcu:140.00 scu:1420.00 tlayer:3 pbqpoffset:6.47 pbfactor:2.11 avgQpOffsetCutree:0.00;
in:190 out:190 type:B q:23.83 q-aq:22.65 q-noVbv:23.83 q-Rceq:1.32 tex:10081 mv:4006 misc:1705 icu:8.25 pcu:461.25 scu:1090.50 tlayer:2 pbqpoffset:3.47 pbfactor:1.49 avgQpOffsetCutree:-1.43;
in:189 out:191 type:b q:26.65 q-aq:27.00 q-noVbv:26.65 q-Rceq:1.32 tex:517 mv:881 misc:522 icu:1.25 pcu:150.25 scu:1408.50 tlayer:3 pbqpoffset:6.47 pbfactor:2.11 avgQpOffsetCutree:0.00;
in:191 out:192 type:b q:27.02 q-aq:27.00 q-noVbv:27.02 q-Rceq:1.32 tex:882 mv:731 misc:555 icu:5.00 pcu:91.25 scu:1463.75 tlayer:3 pbqpoffset:6.47 pbfactor:2.11 avgQpOffsetCutree:0.00;
in:208 out:193 type:k q:18.65 q-aq:13.90 q-noVbv:18.65 q-Rceq:1.32 tex:229677 mv:27795 misc:4048 icu:900.50 pcu:603.00 scu:56.50 tlayer:0 pbqpoffset:0.41 pbfactor:1.05 avgQpOffsetCutree:-4.60;
in:200 out:194 type:B q:21.28 q-aq:17.05 q-noVbv:21.28 q-Rceq:1.32 tex:115906 mv:20015 misc:4127 icu:394.25 pcu:989.75 scu:176.00 tlayer:1 pbqpoffset:1.58 pbfactor:1.20 avgQpOffsetCutree:-4.07;
in:196 out:195 type:B q:21.99 q-aq:19.43 q-noVbv:21.99 q-Rceq:1.32 tex:33370 mv:8221 misc:2601 icu:87.50 pcu:644.25 scu:828.25 tlayer:2 pbqpoffset:1.78 pbfactor:1.23 avgQpOffsetCutree:-2.69;
in:194 out:196 type:B q:23.44 q-aq:22.15 q-noVbv:23.44 q-Rceq:1.32 tex:10014 mv:3777 misc:1593 icu:6.75 pcu:364.50 scu:1188.75 tlayer:3 pbqpoffset:2.97 pbfactor:1.41 avgQpOffsetCutree:-1.47;
in:193 out:197 type:b q:27.02 q-aq:27.00 q-noVbv:27.02 q-Rceq:1.32 tex:446 mv:476 misc:390 icu:0.50 pcu:35.75 scu:1523.75 tlayer:4 pbqpoffset:6.42 pbfactor:2.10 avgQpOffsetCutree:0.00;
in:195 out:198 type:b q:26.31 q-aq:26.00 q-noVbv:26.31 q-Rceq:1.32 tex:395 mv:555 misc:442 icu:1.00 pcu:143.25 scu:1415.75 tlayer:4 pbqpoffset:5.97 pbfactor:1.99 avgQpOffsetCutree:0.00;
in:198 out:199 type:B q:22.85 q-aq:22.03 q-noVbv:22.85 q-Rceq:1.32 tex:12361 mv:4305 misc:1886 icu:10.25 pcu:455.75 scu:1094.00 tlayer:3 pbqpoffset:2.90 pbfactor:1.40 avgQpOffsetCutree:-1.52;
in:197 out:200 type:b q:26.53 q-aq:27.00 q-noVbv:26.53 q-Rceq:1.32 tex:209 mv:514 misc:405 icu:0.00 pcu:56.50 scu:1503.50 tlayer:4 pbqpoffset:6.45 pbfactor:2.11 avgQpOffsetCutree:0.00;
in:199 out:201 type:b q:26.27 q-aq:26.02 q-noVbv:26.27 q-Rceq:1.32 tex:867 mv:833 misc:516 icu:4.00 pcu:182.25 scu:1373.75 tlayer:4 pbqpoffset:6.45 pbfactor:2.11 avgQpOffsetCutree:0.00;
in:204 out:202 type:B q:20.76 q-aq:18.09 q-noVbv:20.76 q-Rceq:1.32 tex:55088 mv:11243 misc:3149 icu:120.75 pcu:868.75 scu:570.50 tlayer:2 pbqpoffset:1.58 pbfactor:1.20 avgQpOffsetCutree:-2.60;
in:202 out:203 type:B q:21.90 q-aq:20.67 q-noVbv:21.90 q-Rceq:1.32 tex:15865 mv:4995 misc:2084 icu:11.25 pcu:495.00 scu:1053.75 tlayer:3 pbqpoffset:2.47 pbfactor:1.33 avgQpOffsetCutree:-1.49;
in:201 out:204 type:b q:26.01 q-aq:26.00 q-noVbv:26.01 q-Rceq:1.32 tex:511 mv:717 misc:548 icu:0.00 pcu:106.00 scu:1454.00 tlayer:4 pbqpoffset:6.45 pbfactor:2.11 avgQpOffsetCutree:0.00;
in:203 out:205 type:b q:24.93 q-aq:25.00 q-noVbv:24.93 q-Rceq:1.32 tex:811 mv:920 misc:637 icu:0.00 pcu:182.25 scu:1377.75 tlayer:4 pbqpoffset:5.63 pbfactor:1.92 avgQpOffsetCutree:0.00;
in:206 out:206 type:B q:21.03 q-aq:19.90 q-noVbv:21.03 q-Rceq:1.32 tex:23542 mv:5774 misc:2284 icu:26.00 pcu:569.50 scu:964.50 tlayer:3 pbqpoffset:2.12 pbfactor:1.28 avgQpOffsetCutree:-1.43;
in:205 out:207 type:b q:24.62 q-aq:25.00 q-noVbv:24.62 q-Rceq:1.32 tex:1618 mv:1064 misc:630 icu:1.25 pcu:177.25 scu:1381.50 tlayer:4 pbqpoffset:5.58 pbfactor:1.90 avgQpOffsetCutree:0.00;
in:207 out:208 type:b q:23.54 q-aq:24.00 q-noVbv:23.54 q-Rceq:1.32 tex:1883 mv:1081 misc:748 icu:1.00 pcu:233.00 scu:1326.00 tlayer:4 pbqpoffset:4.75 pbfactor:1.73 avgQpOffsetCutree:0.00;
in:216 out:209 type:k q:20.65 q-aq:17.33 q-noVbv:20.65 q-Rceq:1.32 tex:141903 mv:18426 misc:3343 icu:793.50 pcu:700.25 scu:66.25 tlayer:0 pbqpoffset:0.27 pbfactor:1.03 avgQpOffsetCutree:-3.66;
in:212 out:210 type:B q:21.12 q-aq:19.01 q-noVbv:21.12 q-Rceq:1.32 tex:71913 mv:11311 misc:3504 icu:255.00 pcu:820.75 scu:484.25 tlayer:1 pbqpoffset:1.46 pbfactor:1.18 avgQpOffsetCutree:-2.40;
in:210 out:211 type:B q:21.03 q-aq:20.16 q-noVbv:21.03 q-Rceq:1.32 tex:24560 mv:5815 misc:2305 icu:23.00 pcu:557.25 scu:979.75 tlayer:2 pbqpoffset:1.88 pbfactor:1.24 avgQpOffsetCutree:-1.32;
in:209 out:212 type:b q:23.31 q-aq:23.18 q-noVbv:23.31 q-Rceq:1.32 tex:3071 mv:1498 misc:1063 icu:1.50 pcu:198.25 scu:1360.25 tlayer:3 pbqpoffset:4.41 pbfactor:1.66 avgQpOffsetCutree:0.00;
in:211 out:213 type:b q:23.38 q-aq:23.28 q-noVbv:23.38 q-Rceq:1.32 tex:2733 mv:1047 misc:1124 icu:0.25 pcu:184.00 scu:1375.75 tlayer:3 pbqpoffset:3.98 pbfactor:1.58 avgQpOffsetCutree:0.00;
in:214 out:214 type:B q:22.14 q-aq:21.28 q-noVbv:22.14 q-Rceq:1.32 tex:20336 mv:5366 misc:2186 icu:23.00 pcu:636.50 scu:900.50 tlayer:2 pbqpoffset:1.99 pbfactor:1.26 avgQpOffsetCutree:-1.33;
in:213 out:215 type:b q:24.00 q-aq:24.02 q-noVbv:24.00 q-Rceq:1.32 tex:2480 mv:1384 misc:984 icu:3.50 pcu:223.50 scu:1333.00 tlayer:3 pbqpoffset:4.10 pbfactor:1.61 avgQpOffsetCutree:0.00;
in:215 out:216 type:b q:25.02 q-aq:25.01 q-noVbv:25.02 q-Rceq:1.32 tex:1570 mv:1133 misc:729 icu:0.00 pcu:177.00 scu:1383.00 tlayer:3 pbqpoffset:4.62 pbfactor:1.70 avgQpOffsetCutree:0.00;
in:224 out:217 type:k q:20.88 q-aq:16.02 q-noVbv:20.88 q-Rceq:1.32 tex:179453 mv:18867 misc:3256 icu:1546.25 pcu:12.75 scu:1.00 tlayer:0 pbqpoffset:0.58 pbfactor:1.07 avgQpOffsetCutree:-4.99;
in:220 out:218 type:B q:22.27 q-aq:20.05 q-noVbv:22.27 q-Rceq:1.32 tex:56699 mv:9625 misc:3028 icu:170.25 pcu:882.00 scu:507.75 tlayer:1 pbqpoffset:1.51 pbfactor:1.19 avgQpOffsetCutree:-2.25;
in:218 out:219 type:B q:22.78 q-aq:21.58 q-noVbv:22.78 q-Rceq:1.32 tex:17928 mv:5684 misc:2108 icu:27.75 pcu:718.50 scu:813.75 tlayer:2 pbqpoffset:2.07 pbfactor:1.27 avgQpOffsetCutree:-1.29;
in:217 out:220 type:b q:25.57 q-aq:26.00 q-noVbv:25.57 q-Rceq:1.32 tex:707 mv:825 misc:572 icu:1.75 pcu:95.00 scu:1463.25 tlayer:3 pbqpoffset:4.89 pbfactor:1.76 avgQpOffsetCutree:0.00;
in:219 out:221 type:b q:25.59 q-aq:26.00 q-noVbv:25.59 q-Rceq:1.32 tex:1364 mv:977 misc:635 icu:9.00 pcu:211.25 scu:1339.75 tlayer:3 pbqpoffset:4.85 pbfactor:1.75 avgQpOffsetCutree:0.00;
in:222 out:222 type:B q:23.22 q-aq:22.42 q-noVbv:23.22 q-Rceq:1.32 tex:17312 mv:5173 misc:1827 icu:56.00 pcu:839.25 scu:664.75 tlayer:2 pbqpoffset:2.40 pbfactor:1.32 avgQpOffsetCutree:-1.34;
in:221 out:223 type:b q:26.18 q-aq:26.02 q-noVbv:26.18 q-Rceq:1.32 tex:1460 mv:797 misc:591 icu:0.50 pcu:150.75 scu:1408.75 tlayer:3 pbqpoffset:5.39 pbfactor:1.86 avgQpOffsetCutree:0.00;
in:223 out:224 type:b q:26.48 q-aq:26.54 q-noVbv:26.48 q-Rceq:1.32 tex:1095 mv:723 misc:574 icu:0.25 pcu:127.25 scu:1432.50 tlayer:3 pbqpoffset:5.63 pbfactor:1.92 avgQpOffsetCutree:0.00;
in:240 out:225 type:k q:18.20 q-aq:13.58 q-noVbv:18.20 q-Rceq:1.32 tex:242771 mv:25328 misc:3373 icu:1240.00 pcu:306.75 scu:13.25 tlayer:0 pbqpoffset:0.50 pbfactor:1.06 avgQpOffsetCutree:-4.68;
in:232 out:226 type:B q:21.06 q-aq:17.04 q-noVbv:21.06 q-Rceq:1.32 tex:91895 mv:15870 misc:3555 icu:505.25 pcu:881.50 scu:173.25 tlayer:1 pbqpoffset:1.52 pbfactor:1.19 avgQpOffsetCutree:-3.73;
in:228 out:227 type:B q:22.80 q-aq:19.40 q-noVbv:22.80 q-Rceq:1.32 tex:24353 mv:5853 misc:2314 icu:64.75 pcu:634.00 scu:861.25 tlayer:2 pbqpoffset:2.59 pbfactor:1.35 avgQpOffsetCutree:-2.79;
in:226 out:228 type:B q:23.48 q-aq:22.37 q-noVbv:23.48 q-Rceq:1.32 tex:11015 mv:3188 misc:1301 icu:22.00 pcu:342.75 scu:1195.25 tlayer:3 pbqpoffset:2.94 pbfactor:1.40 avgQpOffsetCutree:-1.43;
in:225 out:229 type:b q:27.10 q-aq:27.00 q-noVbv:27.10 q-Rceq:1.32 tex:1814 mv:1068 misc:582 icu:0.75 pcu:168.25 scu:1391.00 tlayer:4 pbqpoffset:6.39 pbfactor:2.09 avgQpOffsetCutree:0.00;
in:227 out:230 type:b q:26.76 q-aq:27.00 q-noVbv:26.76 q-Rceq:1.32 tex:1450 mv:867 misc:555 icu:0.75 pcu:112.25 scu:1447.00 tlayer:4 pbqpoffset:6.39 pbfactor:2.09 avgQpOffsetCutree:0.00;
in:230 out:231 type:B q:23.26 q-aq:22.13 q-noVbv:23.26 q-Rceq:1.32 tex:10704 mv:2787 misc:1357 icu:21.50 pcu:380.00 scu:1158.50 tlayer:3 pbqpoffset:3.39 pbfactor:1.48 avgQpOffsetCutree:-1.45;
in:229 out:232 type:b q:26.43 q-aq:26.20 q-noVbv:26.43 q-Rceq:1.32 tex:1475 mv:937 misc:612 icu:1.50 pcu:165.50 scu:1393.00 tlayer:4 pbqpoffset:6.39 pbfactor:2.09 avgQpOffsetCutree:0.00;
in:231 out:233 type:b q:26.09 q-aq:26.10 q-noVbv:26.09 q-Rceq:1.32 tex:1020 mv:706 misc:602 icu:0.00 pcu:113.50 scu:1446.50 tlayer:4 pbqpoffset:6.39 pbfactor:2.09 avgQpOffsetCutree:0.00;
in:236 out:234 type:B q:20.96 q-aq:18.21 q-noVbv:20.96 q-Rceq:1.32 tex:38971 mv:7423 misc:2758 icu:96.50 pcu:860.75 scu:602.75 tlayer:2 pbqpoffset:2.09 pbfactor:1.27 avgQpOffsetCutree:-2.48;
in:234 out:235 type:B q:21.73 q-aq:20.65 q-noVbv:21.73 q-Rceq:1.32 tex:16967 mv:4016 misc:1785 icu:41.25 pcu:413.75 scu:1105.00 tlayer:3 pbqpoffset:2.52 pbfactor:1.34 avgQpOffsetCutree:-1.35;
in:233 out:236 type:b q:25.71 q-aq:26.00 q-noVbv:25.71 q-Rceq:1.32 tex:1890 mv:784 misc:606 icu:0.75 pcu:222.00 scu:1337.25 tlayer:4 pbqpoffset:6.34 pbfactor:2.08 avgQpOffsetCutree:0.00;
in:235 out:237 type:b q:24.97 q-aq:25.01 q-noVbv:24.97 q-Rceq:1.32 tex:1483 mv:621 misc:592 icu:0.25 pcu:182.25 scu:1377.50 tlayer:4 pbqpoffset:5.93 pbfactor:1.98 avgQpOffsetCutree:0.00;
in:238 out:238 type:B q:21.43 q-aq:20.58 q-noVbv:21.43 q-Rceq:1.32 tex:14433 mv:3910 misc:1809 icu:9.75 pcu:398.50 scu:1151.75 tlayer:3 pbqpoffset:2.89 pbfactor:1.40 avgQpOffsetCutree:-1.32;
in:237 out:239 type:b q:24.12 q-aq:24.09 q-noVbv:24.12 q-Rceq:1.32 tex:2413 mv:1153 misc:730 icu:4.50 pcu:229.50 scu:1326.00 tlayer:4 pbqpoffset:5.42 pbfactor:1.87 avgQpOffsetCutree:0.00;
in:239 out:240 type:b q:23.84 q-aq:24.00 q-noVbv:23.84 q-Rceq:1.32 tex:1923 mv:1100 misc:801 icu:0.25 pcu:167.50 scu:1392.25 tlayer:4 pbqpoffset:5.47 pbfactor:1.88 avgQpOffsetCutree:0.00;
in:248 out:241 type:k q:20.07 q-aq:16.58 q-noVbv:20.07 q-Rceq:1.32 tex:150746 mv:20880 misc:3454 icu:750.25 pcu:730.25 scu:79.50 tlayer:0 pbqpoffset:0.50 pbfactor:1.06 avgQpOffsetCutree:-3.97;
in:244 out:242 type:B q:20.59 q-aq:17.95 q-noVbv:20.59 q-Rceq:1.32 tex:41248 mv:8346 misc:2950 icu:99.25 pcu:743.50 scu:717.25 tlayer:1 pbqpoffset:1.46 pbfactor:1.18 avgQpOffsetCutree:-2.65;
in:242 out:243 type:B q:21.20 q-aq:20.14 q-noVbv:21.20 q-Rceq:1.32 tex:17667 mv:4735 misc:1894 icu:23.00 pcu:529.25 scu:1007.75 tlayer:2 pbqpoffset:2.53 pbfactor:1.34 avgQpOffsetCutree:-1.38;
in:241 out:244 type:b q:23.51 q-aq:23.61 q-noVbv:23.51 q-Rceq:1.32 tex:2635 mv:843 misc:898 icu:0.25 pcu:195.50 scu:1364.25 tlayer:3 pbqpoffset:5.07 pbfactor:1.80 avgQpOffsetCutree:0.00;
in:243 out:245 type:b q:23.58 q-aq:24.00 q-noVbv:23.58 q-Rceq:1.32 tex:1625 mv:1015 misc:808 icu:0.00 pcu:242.25 scu:1317.75 tlayer:3 pbqpoffset:4.68 pbfactor:1.72 avgQpOffsetCutree:0.00;
in:246 out:246 type:B q:21.97 q-aq:21.08 q-noVbv:21.97 q-Rceq:1.32 tex:14988 mv:4147 misc:1905 icu:18.25 pcu:432.50 scu:1109.25 tlayer:2 pbqpoffset:2.37 pbfactor:1.32 avgQpOffsetCutree:-1.37;
in:245 out:247 type:b q:23.93 q-aq:24.13 q-noVbv:23.93 q-Rceq:1.32 tex:2288 mv:1039 misc:841 icu:2.50 pcu:217.50 scu:1340.00 tlayer:3 pbqpoffset:4.56 pbfactor:1.69 avgQpOffsetCutree:0.00;
in:247 out:248 type:b q:24.57 q-aq:25.00 q-noVbv:24.57 q-Rceq:1.32 tex:1351 mv:1121 misc:720 icu:0.00 pcu:236.50 scu:1323.50 tlayer:3 pbqpoffset:4.74 pbfactor:1.73 avgQpOffsetCutree:0.00;
in:264 out:249 type:k q:18.85 q-aq:14.69 q-noVbv:18.85 q-Rceq:1.32 tex:220667 mv:21784 misc:3045 icu:1521.75 pcu:38.25 scu:0.00 tlayer:0 pbqpoffset:0.45 pbfactor:1.05 avgQpOffsetCutree:-4.71;
in:256 out:250 type:B q:20.98 q-aq:17.54 q-noVbv:20.98 q-Rceq:1.32 tex:131581 mv:19014 misc:3477 icu:929.75 pcu:542.50 scu:87.75 tlayer:1 pbqpoffset:1.53 pbfactor:1.19 avgQpOffsetCutree:-3.69;
in:252 out:251 type:B q:21.55 q-aq:19.00 q-noVbv:21.55 q-Rceq:1.32 tex:40398 mv:7675 misc:2839 icu:128.50 pcu:789.00 scu:642.50 tlayer:2 pbqpoffset:1.79 pbfactor:1.23 avgQpOffsetCutree:-2.63;
in:250 out:252 type:B q:22.47 q-aq:21.52 q-noVbv:22.47 q-Rceq:1.32 tex:16413 mv:4340 misc:1911 icu:40.25 pcu:625.00 scu:894.75 tlayer:3 pbqpoffset:2.55 pbfactor:1.34 avgQpOffsetCutree:-1.39;
in:249 out:253 type:b q:25.94 q-aq:26.00 q-noVbv:25.94 q-Rceq:1.32 tex:807 mv:837 misc:564 icu:0.00 pcu:250.25 scu:1309.75 tlayer:4 pbqpoffset:5.95 pbfactor:1.99 avgQpOffsetCutree:0.00;
in:251 out:254 type:b q:26.23 q-aq:26.04 q-noVbv:26.23 q-Rceq:1.32 tex:696 mv:613 misc:539 icu:0.00 pcu:111.25 scu:1448.75 tlayer:4 pbqpoffset:6.39 pbfactor:2.09 avgQpOffsetCutree:0.00;
in:254 out:255 type:B q:22.81 q-aq:21.83 q-noVbv:22.81 q-Rceq:1.32 tex:12470 mv:3923 misc:1751 icu:13.00 pcu:520.00 scu:1027.00 tlayer:3 pbqpoffset:3.20 pbfactor:1.45 avgQpOffsetCutree:-1.39;
in:253 out:256 type:b q:26.05 q-aq:26.00 q-noVbv:26.05 q-Rceq:1.32 tex:846 mv:598 misc:500 icu:0.00 pcu:122.25 scu:1437.75 tlayer:4 pbqpoffset:6.36 pbfactor:2.08 avgQpOffsetCutree:0.00;
in:255 out:257 type:b q:25.93 q-aq:26.00 q-noVbv:25.93 q-Rceq:1.32 tex:1090 mv:965 misc:609 icu:0.00 pcu:217.25 scu:1342.75 tlayer:4 pbqpoffset:6.39 pbfactor:2.09 avgQpOffsetCutree:0.00;
in:260 out:258 type:B q:20.89 q-aq:18.64 q-noVbv:20.89 q-Rceq:1.32 tex:41117 mv:7322 misc:2353 icu:120.25 pcu:745.25 scu:694.50 tlayer:2 pbqpoffset:1.74 pbfactor:1.22 avgQpOffsetCutree:-2.52;
in:258 out:259 type:B q:22.39 q-aq:21.71 q-noVbv:22.39 q-Rceq:1.32 tex:16225 mv:4555 misc:1716 icu:20.50 pcu:479.75 scu:1059.75 tlayer:3 pbqpoffset:3.08 pbfactor:1.43 avgQpOffsetCutree:-1.34;
in:257 out:260 type:b q:25.34 q-aq:25.41 q-noVbv:25.34 q-Rceq:1.32 tex:1928 mv:1035 misc:781 icu:1.75 pcu:185.50 scu:1372.75 tlayer:4 pbqpoffset:5.96 pbfactor:1.99 avgQpOffsetCutree:0.00;
in:259 out:261 type:b q:25.06 q-aq:25.01 q-noVbv:25.06 q-Rceq:1.32 tex:1574 mv:922 misc:792 icu:1.00 pcu:173.50 scu:1385.50 tlayer:4 pbqpoffset:5.83 pbfactor:1.96 avgQpOffsetCutree:0.00;
in:262 out:262 type:B q:22.33 q-aq:21.23 q-noVbv:22.33 q-Rceq:1.32 tex:13103 mv:3776 misc:1769 icu:11.75 pcu:466.50 scu:1081.75 tlayer:3 pbqpoffset:3.32 pbfactor:1.47 avgQpOffsetCutree:-1.42;
in:261 out:263 type:b q:25.47 q-aq:25.21 q-noVbv:25.47 q-Rceq:1.32 tex:1746 mv:864 misc:750 icu:0.25 pcu:163.00 scu:1396.75 tlayer:4 pbqpoffset:6.39 pbfactor:2.09 avgQpOffsetCutree:0.00;
in:263 out:264 type:b q:25.32 q-aq:25.24 q-noVbv:25.32 q-Rceq:1.32 tex:1930 mv:764 misc:722 icu:1.50 pcu:214.00 scu:1344.50 tlayer:4 pbqpoffset:6.39 pbfactor:2.09 avgQpOffsetCutree:0.00;
in:280 out:265 type:k q:17.99 q-aq:14.74 q-noVbv:17.99 q-Rceq:1.32 tex:214361 mv:20439 misc:3088 icu:1522.00 pcu:38.00 scu:0.00 tlayer:0 pbqpoffset:0.33 pbfactor:1.04 avgQpOffsetCutree:-3.91;
in:272 out:266 type:B q:20.02 q-aq:16.57 q-noVbv:20.02 q-Rceq:1.32 tex:103436 mv:18520 misc:3556 icu:760.00 pcu:684.00 scu:116.00 tlayer:1 pbqpoffset:1.60 pbfactor:1.20 avgQpOffsetCutree:-3.63;
in:268 out:267 type:B q:20.79 q-aq:18.28 q-noVbv:20.79 q-Rceq:1.32 tex:37591 mv:6849 misc:2536 icu:101.25 pcu:814.00 scu:644.75 tlayer:2 pbqpoffset:2.15 pbfactor:1.28 avgQpOffsetCutree:-2.57;
in:266 out:268 type:B q:21.93 q-aq:21.18 q-noVbv:21.93 q-Rceq:1.32 tex:18327 mv:4026 misc:1823 icu:21.25 pcu:501.75 scu:1037.00 tlayer:3 pbqpoffset:3.18 pbfactor:1.44 avgQpOffsetCutree:-1.34;
in:265 out:269 type:b q:25.10 q-aq:25.06 q-noVbv:25.10 q-Rceq:1.32 tex:2746 mv:956 misc:850 icu:1.50 pcu:191.25 scu:1367.25 tlayer:4 pbqpoffset:6.30 pbfactor:2.07 avgQpOffsetCutree:0.00;
in:267 out:270 type:b q:24.67 q-aq:25.00 q-noVbv:24.67 q-Rceq:1.32 tex:2792 mv:1361 misc:863 icu:2.25 pcu:314.50 scu:1243.25 tlayer:4 pbqpoffset:5.98 pbfactor:2.00 avgQpOffsetCutree:0.00;
in:270 out:271 type:B q:21.99 q-aq:21.25 q-noVbv:21.99 q-Rceq:1.32 tex:15365 mv:3995 misc:1776 icu:24.25 pcu:457.75 scu:1078.00 tlayer:3 pbqpoffset:3.46 pbfactor:1.49 avgQpOffsetCutree:-1.35;
in:269 out:272 type:b q:25.04 q-aq:25.00 q-noVbv:25.04 q-Rceq:1.32 tex:2315 mv:1027 misc:786 icu:1.50 pcu:142.25 scu:1416.25 tlayer:4 pbqpoffset:6.46 pbfactor:2.11 avgQpOffsetCutree:0.00;
in:271 out:273 type:b q:24.93 q-aq:25.00 q-noVbv:24.93 q-Rceq:1.32 tex:2075 mv:714 misc:803 icu:0.00 pcu:107.25 scu:1452.75 tlayer:4 pbqpoffset:6.46 pbfactor:2.11 avgQpOffsetCutree:0.00;
in:276 out:274 type:B q:20.52 q-aq:18.22 q-noVbv:20.52 q-Rceq:1.32 tex:38405 mv:7440 misc:2563 icu:72.25 pcu:864.00 scu:623.75 tlayer:2 pbqpoffset:2.31 pbfactor:1.31 avgQpOffsetCutree:-2.52;
in:274 out:275 type:B q:21.77 q-aq:20.75 q-noVbv:21.77 q-Rceq:1.32 tex:14175 mv:4102 misc:1875 icu:19.25 pcu:421.25 scu:1119.50 tlayer:3 pbqpoffset:3.46 pbfactor:1.49 avgQpOffsetCutree:-1.28;
in:273 out:276 type:b q:24.83 q-aq:25.00 q-noVbv:24.83 q-Rceq:1.32 tex:1087 mv:605 misc:628 icu:0.00 pcu:93.50 scu:1466.50 tlayer:4 pbqpoffset:6.46 pbfactor:2.11 avgQpOffsetCutree:0.00;
in:275 out:277 type:b q:24.41 q-aq:24.10 q-noVbv:24.41 q-Rceq:1.32 tex:2020 mv:1087 misc:837 icu:0.50 pcu:282.50 scu:1277.00 tlayer:4 pbqpoffset:6.15 pbfactor:2.03 avgQpOffsetCutree:0.00;
in:278 out:278 type:B q:21.23 q-aq:20.35 q-noVbv:21.23 q-Rceq:1.32 tex:18825 mv:4829 misc:1850 icu:12.00 pcu:493.75 scu:1054.25 tlayer:3 pbqpoffset:3.13 pbfactor:1.44 avgQpOffsetCutree:-1.37;
in:277 out:279 type:b q:24.61 q-aq:25.00 q-noVbv:24.61 q-Rceq:1.32 tex:2033 mv:982 misc:769 icu:0.50 pcu:212.50 scu:1347.00 tlayer:4 pbqpoffset:6.46 pbfactor:2.11 avgQpOffsetCutree:0.00;
in:279 out:280 type:b q:23.69 q-aq:24.00 q-noVbv:23.69 q-Rceq:1.32 tex:2731 mv:1147 misc:786 icu:1.25 pcu:170.75 scu:1388.00 tlayer:4 pbqpoffset:5.65 pbfactor:1.92 avgQpOffsetCutree:0.00;
in:296 out:281 type:k q:19.37 q-aq:15.16 q-noVbv:19.37 q-Rceq:1.32 tex:206428 mv:21150 misc:3254 icu:1549.75 pcu:10.25 scu:0.00 tlayer:0 pbqpoffset:0.39 pbfactor:1.05 avgQpOffsetCutree:-4.72;
in:288 out:282 type:B q:20.29 q-aq:17.03 q-noVbv:20.29 q-Rceq:1.32 tex:137607 mv:18746 misc:3207 icu:1205.25 pcu:294.00 scu:60.75 tlayer:1 pbqpoffset:1.61 pbfactor:1.20 avgQpOffsetCutree:-3.73;
in:284 out:283 type:B q:20.41 q-aq:18.38 q-noVbv:20.41 q-Rceq:1.32 tex:49259 mv:8164 misc:2737 icu:139.00 pcu:780.50 scu:640.50 tlayer:2 pbqpoffset:2.08 pbfactor:1.27 avgQpOffsetCutree:-2.41;
in:282 out:284 type:B q:21.63 q-aq:20.56 q-noVbv:21.63 q-Rceq:1.32 tex:16736 mv:4169 misc:1959 icu:30.50 pcu:604.00 scu:925.50 tlayer:3 pbqpoffset:3.47 pbfactor:1.49 avgQpOffsetCutree:-1.25;
in:281 out:285 type:b q:24.55 q-aq:25.00 q-noVbv:24.55 q-Rceq:1.32 tex:2165 mv:1221 misc:854 icu:0.25 pcu:232.50 scu:1327.25 tlayer:4 pbqpoffset:6.47 pbfactor:2.11 avgQpOffsetCutree:0.00;
in:283 out:286 type:b q:24.72 q-aq:25.01 q-noVbv:24.72 q-Rceq:1.32 tex:1089 mv:632 misc:647 icu:0.00 pcu:176.25 scu:1383.75 tlayer:4 pbqpoffset:6.47 pbfactor:2.11 avgQpOffsetCutree:0.00;
in:286 out:287 type:B q:21.89 q-aq:21.21 q-noVbv:21.89 q-Rceq:1.32 tex:20444 mv:5732 misc:2304 icu:35.50 pcu:703.75 scu:820.75 tlayer:3 pbqpoffset:3.38 pbfactor:1.48 avgQpOffsetCutree:-1.32;
in:285 out:288 type:b q:24.89 q-aq:25.00 q-noVbv:24.89 q-Rceq:1.32 tex:804 mv:718 misc:630 icu:2.00 pcu:121.75 scu:1436.25 tlayer:4 pbqpoffset:6.47 pbfactor:2.11 avgQpOffsetCutree:0.00;
in:287 out:289 type:b q:25.07 q-aq:25.00 q-noVbv:25.07 q-Rceq:1.32 tex:492 mv:571 misc:577 icu:0.00 pcu:108.75 scu:1451.25 tlayer:4 pbqpoffset:6.47 pbfactor:2.11 avgQpOffsetCutree:0.00;
in:292 out:290 type:B q:20.99 q-aq:18.66 q-noVbv:20.99 q-Rceq:1.32 tex:47124 mv:10008 misc:3004 icu:129.25 pcu:914.50 scu:516.25 tlayer:2 pbqpoffset:1.97 pbfactor:1.26 avgQpOffsetCutree:-2.28;
in:290 out:291 type:B q:22.33 q-aq:21.45 q-noVbv:22.33 q-Rceq:1.32 tex:15788 mv:4926 misc:2022 icu:24.50 pcu:516.50 scu:1019.00 tlayer:3 pbqpoffset:3.47 pbfactor:1.49 avgQpOffsetCutree:-1.35;
in:289 out:292 type:b q:25.24 q-aq:25.04 q-noVbv:25.24 q-Rceq:1.32 tex:876 mv:752 misc:756 icu:0.00 pcu:160.50 scu:1399.50 tlayer:4 pbqpoffset:6.47 pbfactor:2.11 avgQpOffsetCutree:0.00;
in:291 out:293 type:b q:25.09 q-aq:25.00 q-noVbv:25.09 q-Rceq:1.32 tex:936 mv:945 misc:735 icu:0.25 pcu:183.75 scu:1376.00 tlayer:4 pbqpoffset:6.15 pbfactor:2.04 avgQpOffsetCutree:0.00;
in:294 out:294 type:B q:22.67 q-aq:21.77 q-noVbv:22.67 q-Rceq:1.32 tex:15690 mv:4877 misc:1817 icu:10.25 pcu:484.75 scu:1065.00 tlayer:3 pbqpoffset:3.47 pbfactor:1.49 avgQpOffsetCutree:-1.33;
in:293 out:295 type:b q:25.14 q-aq:25.00 q-noVbv:25.14 q-Rceq:1.32 tex:964 mv:859 misc:609 icu:0.00 pcu:199.50 scu:1360.50 tlayer:4 pbqpoffset:6.03 pbfactor:2.01 avgQpOffsetCutree:0.00;
in:295 out:296 type:b q:25.76 q-aq:26.00 q-noVbv:25.76 q-Rceq:1.32 tex:223 mv:722 misc:495 icu:0.00 pcu:122.00 scu:1438.00 tlayer:4 pbqpoffset:6.47 pbfactor:2.11 avgQpOffsetCutree:0.00;
in:312 out:297 type:k q:18.86 q-aq:14.75 q-noVbv:18.86 q-Rceq:1.32 tex:240605 mv:28292 misc:3823 icu:1205.75 pcu:305.25 scu:49.00 tlayer:0 pbqpoffset:0.33 pbfactor:1.04 avgQpOffsetCutree:-4.40;
in:304 out:298 type:B q:20.77 q-aq:17.02 q-noVbv:20.77 q-Rceq:1.32 tex:134592 mv:20561 misc:3743 icu:509.75 pcu:869.00 scu:181.25 tlayer:1 pbqpoffset:1.66 pbfactor:1.21 avgQpOffsetCutree:-3.70;
in:300 out:299 type:B q:21.14 q-aq:18.80 q-noVbv:21.14 q-Rceq:1.32 tex:73783 mv:12170 misc:3079 icu:146.50 pcu:996.00 scu:417.50 tlayer:2 pbqpoffset:1.90 pbfactor:1.25 avgQpOffsetCutree:-2.32;
in:298 out:300 type:B q:22.56 q-aq:21.48 q-noVbv:22.56 q-Rceq:1.32 tex:14776 mv:4537 misc:1919 icu:10.25 pcu:454.75 scu:1095.00 tlayer:3 pbqpoffset:3.26 pbfactor:1.46 avgQpOffsetCutree:-1.26;
in:297 out:301 type:b q:25.00 q-aq:25.03 q-noVbv:25.00 q-Rceq:1.32 tex:1171 mv:1022 misc:791 icu:0.00 pcu:179.50 scu:1380.50 tlayer:4 pbqpoffset:5.66 pbfactor:1.92 avgQpOffsetCutree:0.00;
in:299 out:302 type:b q:24.85 q-aq:25.00 q-noVbv:24.85 q-Rceq:1.32 tex:821 mv:670 misc:669 icu:0.00 pcu:153.00 scu:1407.00 tlayer:4 pbqpoffset:5.58 pbfactor:1.91 avgQpOffsetCutree:0.00;
in:302 out:303 type:B q:22.63 q-aq:21.73 q-noVbv:22.63 q-Rceq:1.32 tex:13032 mv:5485 misc:2027 icu:5.50 pcu:721.25 scu:833.25 tlayer:3 pbqpoffset:3.45 pbfactor:1.49 avgQpOffsetCutree:-1.13;
in:301 out:304 type:b q:25.00 q-aq:25.00 q-noVbv:25.00 q-Rceq:1.32 tex:853 mv:965 misc:614 icu:0.00 pcu:302.00 scu:1258.00 tlayer:4 pbqpoffset:5.79 pbfactor:1.95 avgQpOffsetCutree:0.00;
in:303 out:305 type:b q:25.67 q-aq:26.00 q-noVbv:25.67 q-Rceq:1.32 tex:417 mv:728 misc:559 icu:0.00 pcu:118.50 scu:1441.50 tlayer:4 pbqpoffset:6.53 pbfactor:2.13 avgQpOffsetCutree:0.00;
in:308 out:306 type:B q:20.92 q-aq:18.20 q-noVbv:20.92 q-Rceq:1.32 tex:50489 mv:9142 misc:2521 icu:115.25 pcu:704.50 scu:740.25 tlayer:2 pbqpoffset:1.94 pbfactor:1.25 avgQpOffsetCutree:-2.59;
in:306 out:307 type:B q:22.57 q-aq:21.41 q-noVbv:22.57 q-Rceq:1.32 tex:13982 mv:4459 misc:1807 icu:17.00 pcu:509.50 scu:1033.50 tlayer:3 pbqpoffset:3.53 pbfactor:1.50 avgQpOffsetCutree:-1.50;
in:305 out:308 type:b q:25.61 q-aq:26.00 q-noVbv:25.61 q-Rceq:1.32 tex:530 mv:606 misc:488 icu:0.00 pcu:150.50 scu:1409.50 tlayer:4 pbqpoffset:6.53 pbfactor:2.13 avgQpOffsetCutree:0.00;
in:307 out:309 type:b q:25.54 q-aq:26.00 q-noVbv:25.54 q-Rceq:1.32 tex:1142 mv:607 misc:475 icu:3.00 pcu:82.75 scu:1474.25 tlayer:4 pbqpoffset:6.53 pbfactor:2.13 avgQpOffsetCutree:0.00;
in:310 out:310 type:B q:22.23 q-aq:21.73 q-noVbv:22.23 q-Rceq:1.32 tex:20365 mv:4523 misc:1768 icu:58.00 pcu:384.00 scu:1118.00 tlayer:3 pbqpoffset:3.31 pbfactor:1.47 avgQpOffsetCutree:-1.48;
in:309 out:311 type:b q:25.48 q-aq:25.40 q-noVbv:25.48 q-Rceq:1.32 tex:2364 mv:897 misc:683 icu:2.25 pcu:145.25 scu:1412.50 tlayer:4 pbqpoffset:6.53 pbfactor:2.13 avgQpOffsetCutree:0.00;
in:311 out:312 type:b q:25.41 q-aq:25.37 q-noVbv:25.41 q-Rceq:1.32 tex:2791 mv:1284 misc:917 icu:1.75 pcu:205.50 scu:1352.75 tlayer:4 pbqpoffset:6.53 pbfactor:2.13 avgQpOffsetCutree:0.00;
in:320 out:313 type:k q:20.49 q-aq:16.10 q-noVbv:20.49 q-Rceq:1.32 tex:193280 mv:20669 misc:3499 icu:1536.00 pcu:24.00 scu:0.00 tlayer:0 pbqpoffset:0.39 pbfactor:1.05 avgQpOffsetCutree:-4.72;
in:316 out:314 type:B q:21.39 q-aq:18.79 q-noVbv:21.39 q-Rceq:1.32 tex:38938 mv:6381 misc:2793 icu:137.25 pcu:744.75 scu:678.00 tlayer:1 pbqpoffset:1.72 pbfactor:1.22 avgQpOffsetCutree:-2.69;
in:314 out:315 type:B q:22.04 q-aq:21.11 q-noVbv:22.04 q-Rceq:1.32 tex:20394 mv:4885 misc:1905 icu:47.25 pcu:631.00 scu:881.75 tlayer:2 pbqpoffset:2.78 pbfactor:1.38 avgQpOffsetCutree:-1.37;
in:313 out:316 type:b q:25.38 q-aq:25.18 q-noVbv:25.38 q-Rceq:1.32 tex:2217 mv:1019 misc:916 icu:0.25 pcu:282.50 scu:1277.25 tlayer:3 pbqpoffset:6.32 pbfactor:2.08 avgQpOffsetCutree:0.00;
in:315 out:317 type:b q:25.97 q-aq:26.06 q-noVbv:25.97 q-Rceq:1.32 tex:829 mv:846 misc:597 icu:5.25 pcu:126.00 scu:1428.75 tlayer:3 pbqpoffset:6.51 pbfactor:2.12 avgQpOffsetCutree:0.00;
in:318 out:318 type:B q:23.59 q-aq:22.76 q-noVbv:23.59 q-Rceq:1.32 tex:11577 mv:3683 misc:1732 icu:13.75 pcu:524.00 scu:1022.25 tlayer:2 pbqpoffset:3.51 pbfactor:1.50 avgQpOffsetCutree:-1.45;
in:317 out:319 type:b q:26.38 q-aq:26.08 q-noVbv:26.38 q-Rceq:1.32 tex:883 mv:829 misc:664 icu:1.50 pcu:173.00 scu:1385.50 tlayer:3 pbqpoffset:6.51 pbfactor:2.12 avgQpOffsetCutree:0.00;
in:319 out:320 type:b q:26.42 q-aq:26.19 q-noVbv:26.42 q-Rceq:1.32 tex:1939 mv:1309 misc:864 icu:1.25 pcu:370.25 scu:1188.50 tlayer:3 pbqpoffset:6.13 pbfactor:2.03 avgQpOffsetCutree:0.00;
in:336 out:321 type:k q:18.89 q-aq:15.38 q-noVbv:18.89 q-Rceq:1.32 tex:197251 mv:21927 misc:3358 icu:1432.50 pcu:118.75 scu:8.75 tlayer:0 pbqpoffset:0.46 pbfactor:1.05 avgQpOffsetCutree:-3.77;
in:328 out:322 type:B q:21.31 q-aq:17.80 q-noVbv:21.31 q-Rceq:1.32 tex:129806 mv:18265 misc:3497 icu:734.25 pcu:709.00 scu:116.75 tlayer:1 pbqpoffset:1.62 pbfactor:1.21 avgQpOffsetCutree:-3.57;
in:324 out:323 type:B q:21.71 q-aq:19.50 q-noVbv:21.71 q-Rceq:1.32 tex:61209 mv:8916 misc:2683 icu:177.00 pcu:916.25 scu:466.75 tlayer:2 pbqpoffset:1.62 pbfactor:1.21 avgQpOffsetCutree:-2.36;
in:322 out:324 type:B q:23.27 q-aq:22.39 q-noVbv:23.27 q-Rceq:1.32 tex:15118 mv:3709 misc:1469 icu:56.00 pcu:424.50 scu:1079.50 tlayer:3 pbqpoffset:2.98 pbfactor:1.41 avgQpOffsetCutree:-1.44;
in:321 out:325 type:b q:26.87 q-aq:27.00 q-noVbv:26.87 q-Rceq:1.32 tex:1719 mv:986 misc:695 icu:3.25 pcu:173.75 scu:1383.00 tlayer:4 pbqpoffset:6.48 pbfactor:2.11 avgQpOffsetCutree:0.00;
in:323 out:326 type:b q:26.17 q-aq:26.02 q-noVbv:26.17 q-Rceq:1.32 tex:2665 mv:957 misc:818 icu:7.00 pcu:174.00 scu:1379.00 tlayer:4 pbqpoffset:5.98 pbfactor:1.99 avgQpOffsetCutree:0.00;
in:326 out:327 type:B q:22.65 q-aq:21.88 q-noVbv:22.65 q-Rceq:1.32 tex:16185 mv:4042 misc:1573 icu:54.75 pcu:518.50 scu:986.75 tlayer:3 pbqpoffset:2.76 pbfactor:1.37 avgQpOffsetCutree:-1.34;
in:325 out:328 type:b q:25.27 q-aq:25.28 q-noVbv:25.27 q-Rceq:1.32 tex:2294 mv:1073 misc:777 icu:3.25 pcu:123.50 scu:1433.25 tlayer:4 pbqpoffset:5.28 pbfactor:1.84 avgQpOffsetCutree:0.00;
in:327 out:329 type:b q:25.13 q-aq:25.08 q-noVbv:25.13 q-Rceq:1.32 tex:3579 mv:1565 misc:960 icu:1.75 pcu:208.75 scu:1349.50 tlayer:4 pbqpoffset:5.34 pbfactor:1.85 avgQpOffsetCutree:0.00;
in:332 out:330 type:B q:20.91 q-aq:18.33 q-noVbv:20.91 q-Rceq:1.32 tex:71978 mv:10884 misc:3258 icu:259.50 pcu:918.50 scu:382.00 tlayer:2 pbqpoffset:1.62 pbfactor:1.21 avgQpOffsetCutree:-2.64;
in:330 out:331 type:B q:22.39 q-aq:21.55 q-noVbv:22.39 q-Rceq:1.32 tex:16707 mv:4202 misc:1795 icu:23.75 pcu:513.75 scu:1022.50 tlayer:3 pbqpoffset:2.90 pbfactor:1.40 avgQpOffsetCutree:-1.35;
in:329 out:332 type:b q:24.98 q-aq:25.01 q-noVbv:24.98 q-Rceq:1.32 tex:1876 mv:1012 misc:752 icu:0.50 pcu:123.00 scu:1436.50 tlayer:4 pbqpoffset:5.39 pbfactor:1.86 avgQpOffsetCutree:0.00;
in:331 out:333 type:b q:25.54 q-aq:26.00 q-noVbv:25.54 q-Rceq:1.32 tex:1792 mv:868 misc:500 icu:1.00 pcu:172.50 scu:1386.50 tlayer:4 pbqpoffset:6.14 pbfactor:2.03 avgQpOffsetCutree:0.00;
in:334 out:334 type:B q:22.03 q-aq:21.08 q-noVbv:22.03 q-Rceq:1.32 tex:16770 mv:4393 misc:1821 icu:24.00 pcu:553.00 scu:983.00 tlayer:3 pbqpoffset:2.94 pbfactor:1.40 avgQpOffsetCutree:-1.31;
in:333 out:335 type:b q:24.53 q-aq:25.00 q-noVbv:24.53 q-Rceq:1.32 tex:2776 mv:1395 misc:717 icu:5.75 pcu:240.25 scu:1314.00 tlayer:4 pbqpoffset:5.33 pbfactor:1.85 avgQpOffsetCutree:0.00;
in:335 out:336 type:b q:24.57 q-aq:25.00 q-noVbv:24.57 q-Rceq:1.32 tex:2492 mv:900 misc:672 icu:0.00 pcu:249.75 scu:1310.25 tlayer:4 pbqpoffset:5.58 pbfactor:1.91 avgQpOffsetCutree:0.00;
in:344 out:337 type:k q:20.40 q-aq:17.92 q-noVbv:20.40 q-Rceq:1.32 tex:122002 mv:14501 misc:2649 icu:1111.00 pcu:388.75 scu:60.25 tlayer:0 pbqpoffset:0.36 pbfactor:1.04 avgQpOffsetCutree:-3.04;
in:340 out:338 type:B q:21.24 q-aq:19.01 q-noVbv:21.24 q-Rceq:1.32 tex:57873 mv:8425 misc:3110 icu:164.75 pcu:949.50 scu:445.75 tlayer:1 pbqpoffset:1.60 pbfactor:1.20 avgQpOffsetCutree:-2.34;
in:338 out:339 type:B q:21.56 q-aq:20.67 q-noVbv:21.56 q-Rceq:1.32 tex:29187 mv:5040 misc:2229 icu:30.50 pcu:820.75 scu:708.75 tlayer:2 pbqpoffset:2.30 pbfactor:1.30 avgQpOffsetCutree:-1.29;
in:337 out:340 type:b q:23.77 q-aq:24.12 q-noVbv:23.77 q-Rceq:1.32 tex:2519 mv:1098 misc:943 icu:0.50 pcu:265.25 scu:1294.25 tlayer:3 pbqpoffset:4.69 pbfactor:1.72 avgQpOffsetCutree:0.00;
in:339 out:341 type:b q:24.42 q-aq:24.58 q-noVbv:24.42 q-Rceq:1.32 tex:2673 mv:1155 misc:948 icu:1.50 pcu:188.25 scu:1370.25 tlayer:3 pbqpoffset:4.96 pbfactor:1.77 avgQpOffsetCutree:0.00;
in:342 out:342 type:B q:22.26 q-aq:21.28 q-noVbv:22.26 q-Rceq:1.32 tex:14053 mv:3427 misc:1752 icu:36.25 pcu:590.50 scu:933.25 tlayer:2 pbqpoffset:2.24 pbfactor:1.30 avgQpOffsetCutree:-1.30;
in:341 out:343 type:b q:25.14 q-aq:25.33 q-noVbv:25.14 q-Rceq:1.32 tex:2184 mv:883 misc:781 icu:4.75 pcu:220.50 scu:1334.75 tlayer:3 pbqpoffset:5.30 pbfactor:1.85 avgQpOffsetCutree:0.00;
in:343 out:344 type:b q:25.29 q-aq:25.05 q-noVbv:25.29 q-Rceq:1.32 tex:2195 mv:921 misc:804 icu:1.25 pcu:158.00 scu:1400.75 tlayer:3 pbqpoffset:5.08 pbfactor:1.80 avgQpOffsetCutree:0.00;
in:352 out:345 type:k q:19.68 q-aq:15.76 q-noVbv:19.68 q-Rceq:1.32 tex:153594 mv:17585 misc:3029 icu:1534.50 pcu:25.50 scu:0.00 tlayer:0 pbqpoffset:0.47 pbfactor:1.06 avgQpOffsetCutree:-4.13;
in:348 out:346 type:B q:21.61 q-aq:19.93 q-noVbv:21.61 q-Rceq:1.32 tex:32927 mv:6088 misc:2465 icu:157.00 pcu:774.25 scu:628.75 tlayer:1 pbqpoffset:1.57 pbfactor:1.20 avgQpOffsetCutree:-2.17;
in:346 out:347 type:B q:22.91 q-aq:22.30 q-noVbv:22.91 q-Rceq:1.32 tex:15539 mv:3500 misc:1409 icu:42.75 pcu:1465.25 scu:52.00 tlayer:2 pbqpoffset:2.69 pbfactor:1.36 avgQpOffsetCutree:-1.17;
in:345 out:348 type:b q:25.20 q-aq:25.25 q-noVbv:25.20 q-Rceq:1.32 tex:1956 mv:1019 misc:801 icu:1.50 pcu:224.50 scu:1334.00 tlayer:3 pbqpoffset:4.90 pbfactor:1.76 avgQpOffsetCutree:0.00;
in:347 out:349 type:b q:25.14 q-aq:25.00 q-noVbv:25.14 q-Rceq:1.32 tex:1705 mv:1002 misc:837 icu:8.25 pcu:148.00 scu:1403.75 tlayer:3 pbqpoffset:5.01 pbfactor:1.78 avgQpOffsetCutree:0.00;
in:350 out:350 type:B q:22.73 q-aq:21.87 q-noVbv:22.73 q-Rceq:1.32 tex:12027 mv:3216 misc:1461 icu:27.50 pcu:550.75 scu:981.75 tlayer:2 pbqpoffset:2.87 pbfactor:1.39 avgQpOffsetCutree:-1.32;
in:349 out:351 type:b q:25.69 q-aq:26.00 q-noVbv:25.69 q-Rceq:1.32 tex:1853 mv:656 misc:571 icu:24.25 pcu:175.00 scu:1360.75 tlayer:3 pbqpoffset:5.74 pbfactor:1.94 avgQpOffsetCutree:0.00;
in:351 out:352 type:b q:25.97 q-aq:26.00 q-noVbv:25.97 q-Rceq:1.32 tex:1140 mv:902 misc:750 icu:0.50 pcu:157.75 scu:1401.75 tlayer:3 pbqpoffset:6.20 pbfactor:2.05 avgQpOffsetCutree:0.00;
in:360 out:353 type:k q:18.70 q-aq:14.73 q-noVbv:18.70 q-Rceq:1.32 tex:150170 mv:19639 misc:3551 icu:728.75 pcu:743.25 scu:88.00 tlayer:0 pbqpoffset:0.29 pbfactor:1.03 avgQpOffsetCutree:-3.98;
in:356 out:354 type:B q:20.72 q-aq:18.91 q-noVbv:20.72 q-Rceq:1.32 tex:36285 mv:7730 misc:2553 icu:104.25 pcu:631.50 scu:824.25 tlayer:1 pbqpoffset:1.54 pbfactor:1.19 avgQpOffsetCutree:-2.17;
in:354 out:355 type:B q:22.09 q-aq:21.11 q-noVbv:22.09 q-Rceq:1.32 tex:12065 mv:3280 misc:1631 icu:6.50 pcu:403.00 scu:1150.50 tlayer:2 pbqpoffset:2.65 pbfactor:1.36 avgQpOffsetCutree:-1.41;
in:353 out:356 type:b q:24.76 q-aq:25.00 q-noVbv:24.76 q-Rceq:1.32 tex:2684 mv:1239 misc:837 icu:2.75 pcu:218.50 scu:1338.75 tlayer:3 pbqpoffset:5.20 pbfactor:1.82 avgQpOffsetCutree:0.00;
in:355 out:357 type:b q:24.46 q-aq:24.74 q-noVbv:24.46 q-Rceq:1.32 tex:1921 mv:921 misc:662 icu:0.00 pcu:314.75 scu:1245.25 tlayer:3 pbqpoffset:5.15 pbfactor:1.81 avgQpOffsetCutree:0.00;
in:358 out:358 type:B q:21.36 q-aq:20.87 q-noVbv:21.36 q-Rceq:1.32 tex:14693 mv:3749 misc:1694 icu:41.25 pcu:455.25 scu:1063.50 tlayer:2 pbqpoffset:2.41 pbfactor:1.32 avgQpOffsetCutree:-1.27;
in:357 out:359 type:b q:23.74 q-aq:24.00 q-noVbv:23.74 q-Rceq:1.32 tex:1598 mv:951 misc:787 icu:0.00 pcu:182.00 scu:1378.00 tlayer:3 pbqpoffset:4.68 pbfactor:1.72 avgQpOffsetCutree:0.00;
in:359 out:360 type:b q:23.74 q-aq:24.00 q-noVbv:23.74 q-Rceq:1.32 tex:1776 mv:963 misc:773 icu:5.25 pcu:123.50 scu:1431.25 tlayer:3 pbqpoffset:4.92 pbfactor:1.77 avgQpOffsetCutree:0.00;
in:376 out:361 type:k q:17.44 q-aq:13.46 q-noVbv:17.44 q-Rceq:1.32 tex:256679 mv:31220 misc:3437 icu:1423.25 pcu:134.50 scu:2.25 tlayer:0 pbqpoffset:0.53 pbfactor:1.06 avgQpOffsetCutree:-4.24;
in:368 out:362 type:B q:19.61 q-aq:16.71 q-noVbv:19.61 q-Rceq:1.32 tex:129362 mv:20970 misc:3588 icu:777.50 pcu:672.75 scu:109.75 tlayer:1 pbqpoffset:1.54 pbfactor:1.19 avgQpOffsetCutree:-3.28;
in:364 out:363 type:B q:20.25 q-aq:17.84 q-noVbv:20.25 q-Rceq:1.32 tex:61701 mv:7697 misc:2954 icu:110.50 pcu:707.50 scu:742.00 tlayer:2 pbqpoffset:1.87 pbfactor:1.24 avgQpOffsetCutree:-2.11;
in:362 out:364 type:B q:21.60 q-aq:20.78 q-noVbv:21.60 q-Rceq:1.32 tex:12259 mv:3275 misc:1498 icu:13.25 pcu:362.25 scu:1184.50 tlayer:3 pbqpoffset:3.06 pbfactor:1.42 avgQpOffsetCutree:-1.27;
in:361 out:365 type:b q:24.79 q-aq:25.01 q-noVbv:24.79 q-Rceq:1.32 tex:1063 mv:776 misc:617 icu:0.00 pcu:224.75 scu:1335.25 tlayer:4 pbqpoffset:6.18 pbfactor:2.04 avgQpOffsetCutree:0.00;
in:363 out:366 type:b q:24.87 q-aq:25.00 q-noVbv:24.87 q-Rceq:1.32 tex:616 mv:702 misc:562 icu:0.25 pcu:160.25 scu:1399.50 tlayer:4 pbqpoffset:6.41 pbfactor:2.10 avgQpOffsetCutree:0.00;
in:366 out:367 type:B q:21.63 q-aq:20.49 q-noVbv:21.63 q-Rceq:1.32 tex:10382 mv:3164 misc:1582 icu:9.50 pcu:512.75 scu:1037.75 tlayer:3 pbqpoffset:3.41 pbfactor:1.48 avgQpOffsetCutree:-1.25;
in:365 out:368 type:b q:24.69 q-aq:25.00 q-noVbv:24.69 q-Rceq:1.32 tex:616 mv:514 misc:414 icu:0.00 pcu:137.00 scu:1423.00 tlayer:4 pbqpoffset:6.39 pbfactor:2.09 avgQpOffsetCutree:0.00;
in:367 out:369 type:b q:24.51 q-aq:25.03 q-noVbv:24.51 q-Rceq:1.32 tex:913 mv:602 misc:541 icu:0.00 pcu:93.25 scu:1466.75 tlayer:4 pbqpoffset:6.37 pbfactor:2.09 avgQpOffsetCutree:0.00;
in:372 out:370 type:B q:20.16 q-aq:17.70 q-noVbv:20.16 q-Rceq:1.32 tex:27410 mv:6314 misc:2828 icu:36.00 pcu:631.00 scu:893.00 tlayer:2 pbqpoffset:2.41 pbfactor:1.32 avgQpOffsetCutree:-2.14;
in:370 out:371 type:B q:21.25 q-aq:20.28 q-noVbv:21.25 q-Rceq:1.32 tex:10877 mv:3444 misc:1791 icu:11.75 pcu:413.75 scu:1134.50 tlayer:3 pbqpoffset:3.34 pbfactor:1.47 avgQpOffsetCutree:-1.31;
in:369 out:372 type:b q:24.39 q-aq:24.50 q-noVbv:24.39 q-Rceq:1.32 tex:1296 mv:594 misc:510 icu:0.25 pcu:134.00 scu:1425.75 tlayer:4 pbqpoffset:6.41 pbfactor:2.10 avgQpOffsetCutree:0.00;
in:371 out:373 type:b q:24.24 q-aq:24.01 q-noVbv:24.24 q-Rceq:1.32 tex:791 mv:818 misc:623 icu:0.25 pcu:172.00 scu:1387.75 tlayer:4 pbqpoffset:6.41 pbfactor:2.10 avgQpOffsetCutree:0.00;
in:374 out:374 type:B q:21.00 q-aq:19.52 q-noVbv:21.00 q-Rceq:1.32 tex:7377 mv:3006 misc:1593 icu:5.00 pcu:487.25 scu:1067.75 tlayer:3 pbqpoffset:3.41 pbfactor:1.48 avgQpOffsetCutree:-1.38;
in:373 out:375 type:b q:24.08 q-aq:24.00 q-noVbv:24.08 q-Rceq:1.32 tex:410 mv:476 misc:554 icu:0.00 pcu:53.50 scu:1506.50 tlayer:4 pbqpoffset:6.41 pbfactor:2.10 avgQpOffsetCutree:0.00;
in:375 out:376 type:b q:23.92 q-aq:24.00 q-noVbv:23.92 q-Rceq:1.32 tex:617 mv:627 misc:516 icu:0.00 pcu:120.25 scu:1439.75 tlayer:4 pbqpoffset:6.41 pbfactor:2.10 avgQpOffsetCutree:0.00;
in:384 out:377 type:k q:19.24 q-aq:14.06 q-noVbv:19.24 q-Rceq:1.32 tex:225004 mv:23601 misc:3251 icu:1531.75 pcu:27.75 scu:0.50 tlayer:0 pbqpoffset:0.43 pbfactor:1.05 avgQpOffsetCutree:-5.51;
in:380 out:378 type:B q:20.73 q-aq:17.65 q-noVbv:20.73 q-Rceq:1.32 tex:24745 mv:5324 misc:2539 icu:63.25 pcu:612.25 scu:884.50 tlayer:1 pbqpoffset:2.39 pbfactor:1.32 avgQpOffsetCutree:-2.92;
in:378 out:379 type:B q:21.30 q-aq:20.39 q-noVbv:21.30 q-Rceq:1.32 tex:5230 mv:2410 misc:1328 icu:2.00 pcu:594.75 scu:963.25 tlayer:2 pbqpoffset:3.41 pbfactor:1.48 avgQpOffsetCutree:-1.37;
in:377 out:380 type:b q:24.08 q-aq:24.00 q-noVbv:24.08 q-Rceq:1.32 tex:968 mv:739 misc:677 icu:4.25 pcu:339.75 scu:1216.00 tlayer:3 pbqpoffset:6.41 pbfactor:2.10 avgQpOffsetCutree:0.00;
in:379 out:381 type:b q:24.53 q-aq:24.77 q-noVbv:24.53 q-Rceq:1.32 tex:454 mv:446 misc:412 icu:0.00 pcu:137.00 scu:1423.00 tlayer:3 pbqpoffset:6.41 pbfactor:2.10 avgQpOffsetCutree:0.00;
in:382 out:382 type:B q:22.20 q-aq:21.20 q-noVbv:22.20 q-Rceq:1.32 tex:5531 mv:2258 misc:1467 icu:16.50 pcu:412.25 scu:1131.25 tlayer:2 pbqpoffset:3.41 pbfactor:1.48 avgQpOffsetCutree:-1.31;
in:381 out:383 type:b q:24.98 q-aq:25.00 q-noVbv:24.98 q-Rceq:1.32 tex:353 mv:458 misc:461 icu:0.00 pcu:75.00 scu:1485.00 tlayer:3 pbqpoffset:6.41 pbfactor:2.10 avgQpOffsetCutree:0.00;
in:383 out:384 type:b q:25.43 q-aq:25.07 q-noVbv:25.43 q-Rceq:1.32 tex:591 mv:529 misc:480 icu:0.00 pcu:150.75 scu:1409.25 tlayer:3 pbqpoffset:6.41 pbfactor:2.10 avgQpOffsetCutree:0.00;
in:400 out:385 type:k q:16.97 q-aq:11.96 q-noVbv:16.97 q-Rceq:1.32 tex:284967 mv:34931 misc:3758 icu:1155.00 pcu:370.50 scu:34.50 tlayer:0 pbqpoffset:0.48 pbfactor:1.06 avgQpOffsetCutree:-4.96;
in:392 out:386 type:B q:19.60 q-aq:15.68 q-noVbv:19.60 q-Rceq:1.32 tex:119632 mv:20099 misc:3885 icu:377.25 pcu:958.75 scu:224.00 tlayer:1 pbqpoffset:1.50 pbfactor:1.19 avgQpOffsetCutree:-3.68;
in:388 out:387 type:B q:21.22 q-aq:18.11 q-noVbv:21.22 q-Rceq:1.32 tex:21268 mv:5598 misc:2102 icu:36.00 pcu:578.00 scu:946.00 tlayer:2 pbqpoffset:2.55 pbfactor:1.34 avgQpOffsetCutree:-2.50;
in:386 out:388 type:B q:22.32 q-aq:21.16 q-noVbv:22.32 q-Rceq:1.32 tex:6334 mv:2092 misc:1230 icu:2.50 pcu:295.25 scu:1262.25 tlayer:3 pbqpoffset:3.36 pbfactor:1.47 avgQpOffsetCutree:-1.49;
in:385 out:389 type:b q:25.46 q-aq:25.07 q-noVbv:25.46 q-Rceq:1.32 tex:748 mv:481 misc:491 icu:0.00 pcu:132.25 scu:1427.75 tlayer:4 pbqpoffset:6.36 pbfactor:2.09 avgQpOffsetCutree:0.00;
in:387 out:390 type:b q:25.18 q-aq:25.01 q-noVbv:25.18 q-Rceq:1.32 tex:341 mv:574 misc:365 icu:0.00 pcu:169.00 scu:1391.00 tlayer:4 pbqpoffset:6.36 pbfactor:2.09 avgQpOffsetCutree:0.00;
in:390 out:391 type:B q:21.75 q-aq:20.39 q-noVbv:21.75 q-Rceq:1.32 tex:8277 mv:3229 misc:1598 icu:4.00 pcu:452.25 scu:1103.75 tlayer:3 pbqpoffset:3.36 pbfactor:1.47 avgQpOffsetCutree:-1.46;
in:389 out:392 type:b q:24.89 q-aq:25.00 q-noVbv:24.89 q-Rceq:1.32 tex:615 mv:618 misc:447 icu:0.25 pcu:143.25 scu:1416.50 tlayer:4 pbqpoffset:6.36 pbfactor:2.09 avgQpOffsetCutree:0.00;
in:391 out:393 type:b q:24.61 q-aq:25.00 q-noVbv:24.61 q-Rceq:1.32 tex:276 mv:379 misc:353 icu:0.00 pcu:63.00 scu:1497.00 tlayer:4 pbqpoffset:6.36 pbfactor:2.09 avgQpOffsetCutree:0.00;
in:396 out:394 type:B q:19.26 q-aq:16.21 q-noVbv:19.26 q-Rceq:1.32 tex:43154 mv:8428 misc:2778 icu:83.25 pcu:635.25 scu:841.50 tlayer:2 pbqpoffset:1.72 pbfactor:1.22 avgQpOffsetCutree:-2.71;
in:394 out:395 type:B q:20.58 q-aq:19.37 q-noVbv:20.58 q-Rceq:1.32 tex:16734 mv:3417 misc:1785 icu:17.00 pcu:440.00 scu:1103.00 tlayer:3 pbqpoffset:2.76 pbfactor:1.38 avgQpOffsetCutree:-1.35;
in:393 out:396 type:b q:23.29 q-aq:23.02 q-noVbv:23.29 q-Rceq:1.32 tex:1723 mv:726 misc:735 icu:0.00 pcu:172.50 scu:1387.50 tlayer:4 pbqpoffset:5.33 pbfactor:1.85 avgQpOffsetCutree:0.00;
in:395 out:397 type:b q:23.17 q-aq:23.05 q-noVbv:23.17 q-Rceq:1.32 tex:1978 mv:610 misc:724 icu:0.25 pcu:108.25 scu:1451.50 tlayer:4 pbqpoffset:5.49 pbfactor:1.89 avgQpOffsetCutree:0.00;
in:398 out:398 type:B q:19.91 q-aq:18.30 q-noVbv:19.91 q-Rceq:1.32 tex:17889 mv:4228 misc:1667 icu:37.25 pcu:408.25 scu:1114.50 tlayer:3 pbqpoffset:2.66 pbfactor:1.36 avgQpOffsetCutree:-1.44;
in:397 out:399 type:b q:22.66 q-aq:23.00 q-noVbv:22.66 q-Rceq:1.32 tex:2048 mv:1029 misc:667 icu:0.25 pcu:231.00 scu:1328.75 tlayer:4 pbqpoffset:5.27 pbfactor:1.84 avgQpOffsetCutree:0.00;
in:399 out:400 type:b q:22.21 q-aq:22.07 q-noVbv:22.21 q-Rceq:1.32 tex:2761 mv:904 misc:823 icu:0.25 pcu:97.50 scu:1462.25 tlayer:4 pbqpoffset:5.10 pbfactor:1.80 avgQpOffsetCutree:0.00;
in:408 out:401 type:k q:18.66 q-aq:14.64 q-noVbv:18.66 q-Rceq:1.32 tex:161225 mv:23204 misc:3907 icu:601.00 pcu:839.50 scu:119.50 tlayer:0 pbqpoffset:0.46 pbfactor:1.05 avgQpOffsetCutree:-4.12;
in:404 out:402 type:B q:19.21 q-aq:16.33 q-noVbv:19.21 q-Rceq:1.32 tex:36535 mv:6232 misc:2281 icu:101.25 pcu:584.00 scu:874.75 tlayer:1 pbqpoffset:1.39 pbfactor:1.17 avgQpOffsetCutree:-2.77;
in:402 out:403 type:B q:19.42 q-aq:18.28 q-noVbv:19.42 q-Rceq:1.32 tex:18772 mv:4117 misc:1815 icu:18.00 pcu:559.75 scu:982.25 tlayer:2 pbqpoffset:2.03 pbfactor:1.26 avgQpOffsetCutree:-1.44;
in:401 out:404 type:b q:20.85 q-aq:21.04 q-noVbv:20.85 q-Rceq:1.32 tex:4973 mv:1200 misc:1219 icu:0.50 pcu:175.75 scu:1383.75 tlayer:3 pbqpoffset:3.68 pbfactor:1.53 avgQpOffsetCutree:0.00;
in:403 out:405 type:b q:21.86 q-aq:22.01 q-noVbv:21.86 q-Rceq:1.32 tex:2206 mv:848 misc:826 icu:0.25 pcu:178.00 scu:1381.75 tlayer:3 pbqpoffset:4.26 pbfactor:1.64 avgQpOffsetCutree:0.00;
in:406 out:406 type:B q:20.25 q-aq:18.94 q-noVbv:20.25 q-Rceq:1.32 tex:16920 mv:3562 misc:1662 icu:35.50 pcu:387.50 scu:1137.00 tlayer:2 pbqpoffset:2.02 pbfactor:1.26 avgQpOffsetCutree:-1.45;
in:405 out:407 type:b q:21.88 q-aq:22.00 q-noVbv:21.88 q-Rceq:1.32 tex:2659 mv:973 misc:872 icu:2.25 pcu:187.25 scu:1370.50 tlayer:3 pbqpoffset:3.86 pbfactor:1.56 avgQpOffsetCutree:0.00;
in:407 out:408 type:b q:22.27 q-aq:22.09 q-noVbv:22.27 q-Rceq:1.32 tex:2325 mv:1140 misc:751 icu:7.75 pcu:180.75 scu:1371.50 tlayer:3 pbqpoffset:3.83 pbfactor:1.56 avgQpOffsetCutree:0.00;
in:424 out:409 type:k q:18.57 q-aq:13.59 q-noVbv:18.57 q-Rceq:1.32 tex:312526 mv:35206 misc:3260 icu:1547.75 pcu:12.00 scu:0.25 tlayer:0 pbqpoffset:0.49 pbfactor:1.06 avgQpOffsetCutree:-5.58;
in:416 out:410 type:B q:20.17 q-aq:16.23 q-noVbv:20.17 q-Rceq:1.32 tex:161700 mv:20758 misc:3390 icu:1063.50 pcu:465.75 scu:30.75 tlayer:1 pbqpoffset:1.56 pbfactor:1.20 avgQpOffsetCutree:-4.13;
in:412 out:411 type:B q:21.10 q-aq:18.39 q-noVbv:21.10 q-Rceq:1.32 tex:28414 mv:5610 misc:2664 icu:109.00 pcu:690.00 scu:761.00 tlayer:2 pbqpoffset:2.46 pbfactor:1.33 avgQpOffsetCutree:-2.59;
in:410 out:412 type:B q:22.07 q-aq:20.81 q-noVbv:22.07 q-Rceq:1.32 tex:14773 mv:3789 misc:1726 icu:33.75 pcu:356.25 scu:1170.00 tlayer:3 pbqpoffset:3.42 pbfactor:1.48 avgQpOffsetCutree:-1.28;
in:409 out:413 type:b q:25.07 q-aq:25.00 q-noVbv:25.07 q-Rceq:1.32 tex:1581 mv:919 misc:684 icu:0.25 pcu:169.75 scu:1390.00 tlayer:4 pbqpoffset:6.42 pbfactor:2.10 avgQpOffsetCutree:0.00;
in:411 out:414 type:b q:25.06 q-aq:25.00 q-noVbv:25.06 q-Rceq:1.32 tex:2315 mv:768 misc:741 icu:4.00 pcu:159.25 scu:1396.75 tlayer:4 pbqpoffset:6.42 pbfactor:2.10 avgQpOffsetCutree:0.00;
in:414 out:415 type:B q:22.05 q-aq:20.93 q-noVbv:22.05 q-Rceq:1.32 tex:13869 mv:3507 misc:1688 icu:31.75 pcu:401.75 scu:1126.50 tlayer:3 pbqpoffset:3.42 pbfactor:1.48 avgQpOffsetCutree:-1.34;
in:413 out:416 type:b q:25.05 q-aq:25.04 q-noVbv:25.05 q-Rceq:1.32 tex:2030 mv:783 misc:707 icu:0.00 pcu:112.00 scu:1448.00 tlayer:4 pbqpoffset:6.42 pbfactor:2.10 avgQpOffsetCutree:0.00;
in:415 out:417 type:b q:25.04 q-aq:25.03 q-noVbv:25.04 q-Rceq:1.32 tex:2909 mv:1438 misc:837 icu:3.00 pcu:198.00 scu:1359.00 tlayer:4 pbqpoffset:6.42 pbfactor:2.10 avgQpOffsetCutree:0.00;
in:420 out:418 type:B q:20.97 q-aq:17.86 q-noVbv:20.97 q-Rceq:1.32 tex:39263 mv:8303 misc:2634 icu:66.25 pcu:731.00 scu:762.75 tlayer:2 pbqpoffset:2.38 pbfactor:1.32 avgQpOffsetCutree:-2.83;
in:418 out:419 type:B q:22.03 q-aq:21.16 q-noVbv:22.03 q-Rceq:1.32 tex:14267 mv:4046 misc:1807 icu:12.25 pcu:409.25 scu:1138.50 tlayer:3 pbqpoffset:3.42 pbfactor:1.48 avgQpOffsetCutree:-1.49;
in:417 out:420 type:b q:25.03 q-aq:25.08 q-noVbv:25.03 q-Rceq:1.32 tex:1547 mv:854 misc:647 icu:4.25 pcu:117.25 scu:1438.50 tlayer:4 pbqpoffset:6.42 pbfactor:2.10 avgQpOffsetCutree:0.00;
in:419 out:421 type:b q:25.02 q-aq:25.09 q-noVbv:25.02 q-Rceq:1.32 tex:1708 mv:880 misc:676 icu:4.00 pcu:164.00 scu:1392.00 tlayer:4 pbqpoffset:6.42 pbfactor:2.10 avgQpOffsetCutree:0.00;
in:422 out:422 type:B q:22.01 q-aq:20.91 q-noVbv:22.01 q-Rceq:1.32 tex:17580 mv:4124 misc:1784 icu:23.75 pcu:507.00 scu:1029.25 tlayer:3 pbqpoffset:3.42 pbfactor:1.48 avgQpOffsetCutree:-1.40;
in:421 out:423 type:b q:25.01 q-aq:25.00 q-noVbv:25.01 q-Rceq:1.32 tex:1895 mv:1017 misc:848 icu:2.00 pcu:170.00 scu:1388.00 tlayer:4 pbqpoffset:6.42 pbfactor:2.10 avgQpOffsetCutree:0.00;
in:423 out:424 type:b q:25.00 q-aq:25.00 q-noVbv:25.00 q-Rceq:1.32 tex:1328 mv:739 misc:557 icu:0.00 pcu:82.50 scu:1477.50 tlayer:4 pbqpoffset:6.42 pbfactor:2.10 avgQpOffsetCutree:0.00;
in:440 out:425 type:k q:19.06 q-aq:15.10 q-noVbv:19.06 q-Rceq:1.32 tex:237855 mv:31299 misc:3742 icu:1128.50 pcu:381.50 scu:50.00 tlayer:0 pbqpoffset:0.41 pbfactor:1.05 avgQpOffsetCutree:-4.36;
in:432 out:426 type:B q:20.55 q-aq:16.86 q-noVbv:20.55 q-Rceq:1.32 tex:154924 mv:25437 misc:4207 icu:630.75 pcu:786.00 scu:143.25 tlayer:1 pbqpoffset:1.73 pbfactor:1.22 avgQpOffsetCutree:-4.06;
in:428 out:427 type:B q:20.63 q-aq:18.04 q-noVbv:20.63 q-Rceq:1.32 tex:51692 mv:9999 misc:2973 icu:70.00 pcu:835.25 scu:654.75 tlayer:2 pbqpoffset:1.94 pbfactor:1.25 avgQpOffsetCutree:-2.52;
in:426 out:428 type:B q:21.84 q-aq:20.65 q-noVbv:21.84 q-Rceq:1.32 tex:18897 mv:5504 misc:2191 icu:15.75 pcu:530.00 scu:1014.25 tlayer:3 pbqpoffset:3.20 pbfactor:1.45 avgQpOffsetCutree:-1.38;
in:425 out:429 type:b q:25.19 q-aq:25.00 q-noVbv:25.19 q-Rceq:1.32 tex:1096 mv:562 misc:622 icu:0.00 pcu:99.25 scu:1460.75 tlayer:4 pbqpoffset:6.58 pbfactor:2.14 avgQpOffsetCutree:0.00;
in:427 out:430 type:b q:25.06 q-aq:25.00 q-noVbv:25.06 q-Rceq:1.32 tex:1443 mv:878 misc:599 icu:0.25 pcu:193.00 scu:1366.75 tlayer:4 pbqpoffset:6.40 pbfactor:2.09 avgQpOffsetCutree:0.00;
in:430 out:431 type:B q:22.20 q-aq:21.25 q-noVbv:22.20 q-Rceq:1.32 tex:15381 mv:4846 misc:1949 icu:15.00 pcu:437.00 scu:1108.00 tlayer:3 pbqpoffset:3.44 pbfactor:1.49 avgQpOffsetCutree:-1.45;
in:429 out:432 type:b q:24.80 q-aq:25.00 q-noVbv:24.80 q-Rceq:1.32 tex:1598 mv:761 misc:705 icu:0.25 pcu:194.00 scu:1365.75 tlayer:4 pbqpoffset:6.07 pbfactor:2.02 avgQpOffsetCutree:0.00;
in:431 out:433 type:b q:25.19 q-aq:25.02 q-noVbv:25.19 q-Rceq:1.32 tex:1577 mv:1053 misc:754 icu:1.00 pcu:181.00 scu:1378.00 tlayer:4 pbqpoffset:6.40 pbfactor:2.10 avgQpOffsetCutree:0.00;
in:436 out:434 type:B q:20.67 q-aq:18.42 q-noVbv:20.67 q-Rceq:1.32 tex:55303 mv:10393 misc:3344 icu:115.00 pcu:781.50 scu:663.50 tlayer:2 pbqpoffset:1.73 pbfactor:1.22 avgQpOffsetCutree:-2.30;
in:434 out:435 type:B q:21.59 q-aq:20.90 q-noVbv:21.59 q-Rceq:1.32 tex:19504 mv:5222 misc:2266 icu:18.00 pcu:452.25 scu:1089.75 tlayer:3 pbqpoffset:2.71 pbfactor:1.37 avgQpOffsetCutree:-1.39;
in:433 out:436 type:b q:24.40 q-aq:24.17 q-noVbv:24.40 q-Rceq:1.32 tex:1621 mv:879 misc:692 icu:0.25 pcu:167.25 scu:1392.50 tlayer:4 pbqpoffset:5.56 pbfactor:1.90 avgQpOffsetCutree:0.00;
in:435 out:437 type:b q:24.26 q-aq:24.07 q-noVbv:24.26 q-Rceq:1.32 tex:2994 mv:1470 misc:1088 icu:4.25 pcu:227.25 scu:1328.50 tlayer:4 pbqpoffset:5.35 pbfactor:1.86 avgQpOffsetCutree:0.00;
in:438 out:438 type:B q:21.88 q-aq:20.57 q-noVbv:21.88 q-Rceq:1.32 tex:22464 mv:5403 misc:2229 icu:20.25 pcu:601.25 scu:938.50 tlayer:3 pbqpoffset:2.88 pbfactor:1.39 avgQpOffsetCutree:-1.40;
in:437 out:439 type:b q:24.37 q-aq:24.14 q-noVbv:24.37 q-Rceq:1.32 tex:2390 mv:1162 misc:824 icu:0.50 pcu:268.25 scu:1291.25 tlayer:4 pbqpoffset:5.40 pbfactor:1.87 avgQpOffsetCutree:0.00;
in:439 out:440 type:b q:24.60 q-aq:25.00 q-noVbv:24.60 q-Rceq:1.32 tex:2070 mv:881 misc:833 icu:0.75 pcu:197.50 scu:1361.75 tlayer:4 pbqpoffset:5.57 pbfactor:1.90 avgQpOffsetCutree:0.00;
in:456 out:441 type:k q:19.60 q-aq:14.55 q-noVbv:19.60 q-Rceq:1.32 tex:248021 mv:26606 misc:3309 icu:1552.25 pcu:7.75 scu:0.00 tlayer:0 pbqpoffset:0.36 pbfactor:1.04 avgQpOffsetCutree:-5.46;
in:448 out:442 type:B q:20.99 q-aq:17.04 q-noVbv:20.99 q-Rceq:1.32 tex:150079 mv:22062 misc:3819 icu:885.50 pcu:564.00 scu:110.50 tlayer:1 pbqpoffset:1.66 pbfactor:1.21 avgQpOffsetCutree:-4.19;
in:444 out:443 type:B q:20.86 q-aq:18.28 q-noVbv:20.86 q-Rceq:1.32 tex:46540 mv:7663 misc:2845 icu:105.75 pcu:859.00 scu:595.25 tlayer:2 pbqpoffset:1.67 pbfactor:1.21 avgQpOffsetCutree:-2.69;
in:442 out:444 type:B q:21.71 q-aq:20.83 q-noVbv:21.71 q-Rceq:1.32 tex:22373 mv:4751 misc:2404 icu:29.00 pcu:656.75 scu:874.25 tlayer:3 pbqpoffset:2.58 pbfactor:1.35 avgQpOffsetCutree:-1.36;
in:441 out:445 type:b q:24.63 q-aq:25.00 q-noVbv:24.63 q-Rceq:1.32 tex:3334 mv:1223 misc:891 icu:8.50 pcu:159.75 scu:1391.75 tlayer:4 pbqpoffset:5.54 pbfactor:1.90 avgQpOffsetCutree:0.00;
in:443 out:446 type:b q:24.97 q-aq:25.00 q-noVbv:24.97 q-Rceq:1.32 tex:1942 mv:1002 misc:744 icu:0.00 pcu:236.00 scu:1324.00 tlayer:4 pbqpoffset:5.81 pbfactor:1.96 avgQpOffsetCutree:0.00;
in:446 out:447 type:B q:22.52 q-aq:21.60 q-noVbv:22.52 q-Rceq:1.32 tex:17541 mv:5349 misc:2174 icu:29.50 pcu:676.50 scu:854.00 tlayer:3 pbqpoffset:3.26 pbfactor:1.46 avgQpOffsetCutree:-1.36;
in:445 out:448 type:b q:24.92 q-aq:25.00 q-noVbv:24.92 q-Rceq:1.32 tex:2035 mv:1142 misc:671 icu:0.25 pcu:186.75 scu:1373.00 tlayer:4 pbqpoffset:5.70 pbfactor:1.93 avgQpOffsetCutree:0.00;
in:447 out:449 type:b q:25.19 q-aq:25.00 q-noVbv:25.19 q-Rceq:1.32 tex:1140 mv:675 misc:609 icu:0.25 pcu:223.25 scu:1336.50 tlayer:4 pbqpoffset:5.89 pbfactor:1.98 avgQpOffsetCutree:0.00;
in:452 out:450 type:B q:21.66 q-aq:18.49 q-noVbv:21.66 q-Rceq:1.32 tex:39890 mv:7789 misc:2465 icu:92.00 pcu:790.25 scu:677.75 tlayer:2 pbqpoffset:2.19 pbfactor:1.29 avgQpOffsetCutree:-3.03;
in:450 out:451 type:B q:22.92 q-aq:21.26 q-noVbv:22.92 q-Rceq:1.32 tex:11498 mv:3958 misc:1976 icu:11.75 pcu:446.25 scu:1102.00 tlayer:3 pbqpoffset:3.52 pbfactor:1.50 avgQpOffsetCutree:-1.53;
in:449 out:452 type:b q:25.89 q-aq:26.00 q-noVbv:25.89 q-Rceq:1.32 tex:1102 mv:723 misc:559 icu:1.25 pcu:148.50 scu:1410.25 tlayer:4 pbqpoffset:6.52 pbfactor:2.12 avgQpOffsetCutree:0.00;
in:451 out:453 type:b q:25.83 q-aq:26.00 q-noVbv:25.83 q-Rceq:1.32 tex:603 mv:730 misc:555 icu:1.00 pcu:128.50 scu:1430.50 tlayer:4 pbqpoffset:6.40 pbfactor:2.10 avgQpOffsetCutree:0.00;
in:454 out:454 type:B q:23.05 q-aq:21.57 q-noVbv:23.05 q-Rceq:1.32 tex:15028 mv:4144 misc:1820 icu:33.00 pcu:401.75 scu:1125.25 tlayer:3 pbqpoffset:3.52 pbfactor:1.50 avgQpOffsetCutree:-1.51;
in:453 out:455 type:b q:25.62 q-aq:26.00 q-noVbv:25.62 q-Rceq:1.32 tex:1288 mv:787 misc:605 icu:0.00 pcu:208.25 scu:1351.75 tlayer:4 pbqpoffset:6.12 pbfactor:2.03 avgQpOffsetCutree:0.00;
in:455 out:456 type:b q:26.09 q-aq:26.00 q-noVbv:26.09 q-Rceq:1.32 tex:1171 mv:647 misc:638 icu:0.00 pcu:151.00 scu:1409.00 tlayer:4 pbqpoffset:6.52 pbfactor:2.12 avgQpOffsetCutree:0.00;
in:472 out:457 type:k q:18.63 q-aq:13.95 q-noVbv:18.63 q-Rceq:1.32 tex:246352 mv:29452 misc:3548 icu:1208.50 pcu:342.00 scu:9.50 tlayer:0 pbqpoffset:0.45 pbfactor:1.05 avgQpOffsetCutree:-4.80;
in:464 out:458 type:B q:20.72 q-aq:16.35 q-noVbv:20.72 q-Rceq:1.32 tex:122958 mv:22679 misc:4235 icu:545.25 pcu:872.00 scu:142.75 tlayer:1 pbqpoffset:1.61 pbfactor:1.20 avgQpOffsetCutree:-4.15;
in:460 out:459 type:B q:21.55 q-aq:18.51 q-noVbv:21.55 q-Rceq:1.32 tex:39293 mv:7457 misc:2554 icu:95.25 pcu:651.75 scu:813.00 tlayer:2 pbqpoffset:2.19 pbfactor:1.29 avgQpOffsetCutree:-2.74;
in:458 out:460 type:B q:22.75 q-aq:20.63 q-noVbv:22.75 q-Rceq:1.32 tex:14556 mv:3872 misc:2012 icu:25.00 pcu:373.50 scu:1161.50 tlayer:3 pbqpoffset:3.27 pbfactor:1.46 avgQpOffsetCutree:-1.49;
in:457 out:461 type:b q:25.22 q-aq:25.01 q-noVbv:25.22 q-Rceq:1.32 tex:2174 mv:862 misc:660 icu:0.50 pcu:148.50 scu:1411.00 tlayer:4 pbqpoffset:5.68 pbfactor:1.93 avgQpOffsetCutree:0.00;
in:459 out:462 type:b q:25.16 q-aq:25.01 q-noVbv:25.16 q-Rceq:1.32 tex:1744 mv:944 misc:784 icu:1.50 pcu:106.50 scu:1452.00 tlayer:4 pbqpoffset:5.74 pbfactor:1.94 avgQpOffsetCutree:0.00;
in:462 out:463 type:B q:22.71 q-aq:21.90 q-noVbv:22.71 q-Rceq:1.32 tex:13387 mv:4396 misc:1721 icu:16.50 pcu:454.50 scu:1089.00 tlayer:3 pbqpoffset:3.48 pbfactor:1.49 avgQpOffsetCutree:-1.47;
in:461 out:464 type:b q:25.65 q-aq:26.00 q-noVbv:25.65 q-Rceq:1.32 tex:1037 mv:838 misc:613 icu:0.00 pcu:177.50 scu:1382.50 tlayer:4 pbqpoffset:6.36 pbfactor:2.08 avgQpOffsetCutree:0.00;
in:463 out:465 type:b q:25.65 q-aq:26.00 q-noVbv:25.65 q-Rceq:1.32 tex:588 mv:831 misc:605 icu:0.00 pcu:219.75 scu:1340.25 tlayer:4 pbqpoffset:6.48 pbfactor:2.11 avgQpOffsetCutree:0.00;
in:468 out:466 type:B q:20.84 q-aq:17.69 q-noVbv:20.84 q-Rceq:1.32 tex:39082 mv:8081 misc:2637 icu:106.50 pcu:697.75 scu:755.75 tlayer:2 pbqpoffset:1.97 pbfactor:1.26 avgQpOffsetCutree:-2.82;
in:466 out:467 type:B q:22.47 q-aq:21.63 q-noVbv:22.47 q-Rceq:1.32 tex:10990 mv:3425 misc:1537 icu:15.50 pcu:426.25 scu:1118.25 tlayer:3 pbqpoffset:3.48 pbfactor:1.49 avgQpOffsetCutree:-1.41;
in:465 out:468 type:b q:25.53 q-aq:26.00 q-noVbv:25.53 q-Rceq:1.32 tex:1342 mv:585 misc:457 icu:4.00 pcu:199.00 scu:1357.00 tlayer:4 pbqpoffset:6.48 pbfactor:2.11 avgQpOffsetCutree:0.00;
in:467 out:469 type:b q:25.41 q-aq:25.35 q-noVbv:25.41 q-Rceq:1.32 tex:1009 mv:680 misc:599 icu:0.00 pcu:127.50 scu:1432.50 tlayer:4 pbqpoffset:6.48 pbfactor:2.11 avgQpOffsetCutree:0.00;
in:470 out:470 type:B q:22.14 q-aq:21.18 q-noVbv:22.14 q-Rceq:1.32 tex:12476 mv:4180 misc:1664 icu:8.75 pcu:553.00 scu:998.25 tlayer:3 pbqpoffset:3.39 pbfactor:1.48 avgQpOffsetCutree:-1.41;
in:469 out:471 type:b q:24.54 q-aq:25.00 q-noVbv:24.54 q-Rceq:1.32 tex:968 mv:673 misc:535 icu:0.25 pcu:80.25 scu:1479.50 tlayer:4 pbqpoffset:5.73 pbfactor:1.94 avgQpOffsetCutree:0.00;
in:471 out:472 type:b q:24.45 q-aq:24.39 q-noVbv:24.45 q-Rceq:1.32 tex:1379 mv:809 misc:660 icu:1.00 pcu:132.75 scu:1426.25 tlayer:4 pbqpoffset:5.77 pbfactor:1.95 avgQpOffsetCutree:0.00;
in:488 out:473 type:k q:19.24 q-aq:14.16 q-noVbv:19.24 q-Rceq:1.32 tex:266809 mv:28144 misc:3279 icu:1555.00 pcu:5.00 scu:0.00 tlayer:0 pbqpoffset:0.38 pbfactor:1.04 avgQpOffsetCutree:-5.49;
in:480 out:474 type:B q:20.52 q-aq:16.45 q-noVbv:20.52 q-Rceq:1.32 tex:151594 mv:21485 misc:3865 icu:763.25 pcu:693.50 scu:103.25 tlayer:1 pbqpoffset:1.59 pbfactor:1.20 avgQpOffsetCutree:-4.13;
in:476 out:475 type:B q:20.52 q-aq:17.57 q-noVbv:20.52 q-Rceq:1.32 tex:54299 mv:9510 misc:3151 icu:105.25 pcu:667.50 scu:787.25 tlayer:2 pbqpoffset:1.74 pbfactor:1.22 avgQpOffsetCutree:-2.84;
in:474 out:476 type:B q:21.31 q-aq:19.95 q-noVbv:21.31 q-Rceq:1.32 tex:18306 mv:4909 misc:2305 icu:9.50 pcu:570.25 scu:980.25 tlayer:3 pbqpoffset:2.60 pbfactor:1.35 avgQpOffsetCutree:-1.42;
in:473 out:477 type:b q:24.36 q-aq:24.53 q-noVbv:24.36 q-Rceq:1.32 tex:1914 mv:1049 misc:805 icu:2.00 pcu:196.25 scu:1361.75 tlayer:4 pbqpoffset:5.70 pbfactor:1.93 avgQpOffsetCutree:0.00;
in:475 out:478 type:b q:24.67 q-aq:25.00 q-noVbv:24.67 q-Rceq:1.32 tex:1551 mv:995 misc:742 icu:0.00 pcu:205.25 scu:1354.75 tlayer:4 pbqpoffset:5.93 pbfactor:1.98 avgQpOffsetCutree:0.00;
in:478 out:479 type:B q:21.90 q-aq:20.89 q-noVbv:21.90 q-Rceq:1.32 tex:16402 mv:4702 misc:2136 icu:11.75 pcu:669.75 scu:878.50 tlayer:3 pbqpoffset:3.04 pbfactor:1.42 avgQpOffsetCutree:-1.39;
in:477 out:480 type:b q:25.27 q-aq:25.28 q-noVbv:25.27 q-Rceq:1.32 tex:1765 mv:1117 misc:742 icu:0.50 pcu:160.75 scu:1398.75 tlayer:4 pbqpoffset:6.45 pbfactor:2.11 avgQpOffsetCutree:0.00;
in:479 out:481 type:b q:25.02 q-aq:25.24 q-noVbv:25.02 q-Rceq:1.32 tex:1332 mv:892 misc:656 icu:0.00 pcu:140.50 scu:1419.50 tlayer:4 pbqpoffset:6.12 pbfactor:2.03 avgQpOffsetCutree:0.00;
in:484 out:482 type:B q:21.39 q-aq:18.49 q-noVbv:21.39 q-Rceq:1.32 tex:37089 mv:7872 misc:2495 icu:63.75 pcu:876.50 scu:619.75 tlayer:2 pbqpoffset:2.30 pbfactor:1.30 avgQpOffsetCutree:-2.76;
in:482 out:483 type:B q:22.46 q-aq:21.64 q-noVbv:22.46 q-Rceq:1.32 tex:11230 mv:3415 misc:1547 icu:14.50 pcu:539.00 scu:1006.50 tlayer:3 pbqpoffset:3.45 pbfactor:1.49 avgQpOffsetCutree:-1.43;
in:481 out:484 type:b q:25.08 q-aq:25.00 q-noVbv:25.08 q-Rceq:1.32 tex:2158 mv:842 misc:656 icu:0.75 pcu:156.25 scu:1403.00 tlayer:4 pbqpoffset:6.11 pbfactor:2.03 avgQpOffsetCutree:0.00;
in:483 out:485 type:b q:25.50 q-aq:26.00 q-noVbv:25.50 q-Rceq:1.32 tex:655 mv:893 misc:524 icu:0.00 pcu:152.00 scu:1408.00 tlayer:4 pbqpoffset:6.45 pbfactor:2.11 avgQpOffsetCutree:0.00;
in:486 out:486 type:B q:22.62 q-aq:21.24 q-noVbv:22.62 q-Rceq:1.32 tex:10225 mv:3128 misc:1487 icu:6.50 pcu:584.00 scu:969.50 tlayer:3 pbqpoffset:3.45 pbfactor:1.49 avgQpOffsetCutree:-1.61;
in:485 out:487 type:b q:25.58 q-aq:26.00 q-noVbv:25.58 q-Rceq:1.32 tex:575 mv:454 misc:435 icu:0.00 pcu:98.50 scu:1461.50 tlayer:4 pbqpoffset:6.45 pbfactor:2.11 avgQpOffsetCutree:0.00;
in:487 out:488 type:b q:25.66 q-aq:26.00 q-noVbv:25.66 q-Rceq:1.32 tex:1063 mv:537 misc:552 icu:0.25 pcu:127.50 scu:1432.25 tlayer:4 pbqpoffset:6.45 pbfactor:2.11 avgQpOffsetCutree:0.00;
in:499 out:489 type:k q:19.29 q-aq:16.04 q-noVbv:19.29 q-Rceq:1.32 tex:156537 mv:23626 misc:4045 icu:653.00 pcu:775.00 scu:132.00 tlayer:0 pbqpoffset:0.59 pbfactor:1.07 avgQpOffsetCutree:-3.14;
in:494 out:490 type:B q:20.77 q-aq:16.62 q-noVbv:20.77 q-Rceq:1.32 tex:88959 mv:17773 misc:3604 icu:218.00 pcu:1011.25 scu:330.75 tlayer:1 pbqpoffset:1.50 pbfactor:1.19 avgQpOffsetCutree:-3.45;
in:491 out:491 type:B q:20.95 q-aq:18.77 q-noVbv:20.95 q-Rceq:1.32 tex:58923 mv:9864 misc:2413 icu:121.50 pcu:804.75 scu:633.75 tlayer:2 pbqpoffset:1.69 pbfactor:1.22 avgQpOffsetCutree:-2.15;
in:490 out:492 type:B q:22.02 q-aq:21.60 q-noVbv:22.02 q-Rceq:1.32 tex:20749 mv:6214 misc:1909 icu:13.50 pcu:632.50 scu:914.00 tlayer:3 pbqpoffset:2.77 pbfactor:1.38 avgQpOffsetCutree:-0.88;
in:489 out:493 type:b q:25.61 q-aq:26.00 q-noVbv:25.61 q-Rceq:1.32 tex:988 mv:988 misc:648 icu:0.50 pcu:145.75 scu:1413.75 tlayer:4 pbqpoffset:6.37 pbfactor:2.09 avgQpOffsetCutree:0.00;
in:493 out:494 type:B q:22.13 q-aq:21.71 q-noVbv:22.13 q-Rceq:1.32 tex:21830 mv:5495 misc:1803 icu:22.25 pcu:648.75 scu:889.00 tlayer:3 pbqpoffset:2.87 pbfactor:1.39 avgQpOffsetCutree:-0.84;
in:492 out:495 type:b q:22.66 q-aq:23.00 q-noVbv:22.66 q-Rceq:1.32 tex:21447 mv:6841 misc:1744 icu:42.50 pcu:751.50 scu:766.00 tlayer:4 pbqpoffset:3.40 pbfactor:1.48 avgQpOffsetCutree:0.00;
in:497 out:496 type:B q:21.53 q-aq:20.01 q-noVbv:21.53 q-Rceq:1.32 tex:38721 mv:10838 misc:2729 icu:48.00 pcu:869.75 scu:642.25 tlayer:2 pbqpoffset:2.24 pbfactor:1.30 avgQpOffsetCutree:-1.52;
in:496 out:497 type:B q:21.83 q-aq:21.84 q-noVbv:21.83 q-Rceq:1.32 tex:21021 mv:9869 misc:2238 icu:42.25 pcu:874.50 scu:643.25 tlayer:3 pbqpoffset:2.56 pbfactor:1.34 avgQpOffsetCutree:-0.74;
in:495 out:498 type:b q:24.36 q-aq:24.12 q-noVbv:24.36 q-Rceq:1.32 tex:926 mv:974 misc:596 icu:0.50 pcu:155.75 scu:1403.75 tlayer:4 pbqpoffset:5.09 pbfactor:1.80 avgQpOffsetCutree:0.00;
in:498 out:499 type:b q:24.09 q-aq:24.01 q-noVbv:24.09 q-Rceq:1.32 tex:7432 mv:4196 misc:1404 icu:6.25 pcu:517.00 scu:1036.75 tlayer:3 pbqpoffset:4.80 pbfactor:1.74 avgQpOffsetCutree:0.00;
