#options: cpuid=1173503 frame-threads=1 no-wpp no-pmode no-pme psnr no-ssim log-level=2 bitdepth=8 input-csp=1 fps=25000/1000 input-res=768x432 interlace=0 total-frames=250 level-idc=0 high-tier=1 uhd-bd=0 ref=4 no-allow-non-conformance no-repeat-headers annexb no-aud no-hrd info hash=0 no-temporal-layers open-gop min-keyint=1 keyint=5000 bframes=15 b-adapt=2 b-pyramid bframe-bias=0 rc-lookahead=40 lookahead-slices=0 scenecut=40 no-intra-refresh ctu=64 min-cu-size=8 rect amp max-tu-size=32 tu-inter-depth=3 tu-intra-depth=3 limit-tu=4 rdoq-level=2 dynamic-rd=0.00 no-ssim-rd signhide no-tskip nr-intra=0 nr-inter=0 no-constrained-intra strong-intra-smoothing max-merge=4 limit-refs=1 limit-modes me=3 subme=4 merange=57 temporal-mvp weightp weightb no-analyze-src-pics deblock=0:0 sao no-sao-non-deblock rd=6 no-early-skip rskip no-fast-intra no-tskip-fast no-cu-lossless b-intra rdpenalty=0 psy-rd=0.00 psy-rdoq=0.00 no-rd-refine analysis-reuse-mode=0 no-lossless cbqpoffs=0 crqpoffs=0 rc=abr bitrate=2000 qcomp=0.60 qpstep=4 stats-write=1 stats-read=0 slow-firstpass ipratio=1.40 pbratio=1.30 aq-mode=1 aq-strength=0.00 cutree zone-count=0 no-strict-cbr qg-size=64 no-rc-grain qpmax=69 qpmin=0 no-const-vbv sar=0 overscan=0 videoformat=5 range=0 colorprim=2 transfer=2 colormatrix=2 chromaloc=0 display-window=0 max-cll=0,0 min-luma=0 max-luma=255 log2-max-poc-lsb=8 vui-timing-info vui-hrd-info slices=1 opt-qp-pps opt-ref-list-length-pps no-multi-pass-opt-rps scenecut-bias=0.05 no-opt-cu-delta-qp no-aq-motion no-hdr no-hdr-opt no-dhdr10-opt analysis-reuse-level=5 scale-factor=0 refine-intra=0 refine-inter=0 refine-mv=0 no-limit-sao ctu-info=0 max-tlayer=4
in:0 out:0 type:I q:21.94 q-aq:18.95 q-noVbv:21.94 q-Rceq:1.00 tex:135053 mv:22892 misc:2399 icu:1296.00 pcu:0.00 scu:0.00 tlayer:0 pbqpoffset:0.00 pbfactor:1.00 avgQpOffsetCutree:-3.16;
in:4 out:1 type:k q:24.85 q-aq:20.79 q-noVbv:24.85 q-Rceq:1.00 tex:83982 mv:19195 misc:2719 icu:799.00 pcu:295.25 scu:201.75 tlayer:0 pbqpoffset:0.00 pbfactor:1.00 avgQpOffsetCutree:-3.91;
in:2 out:2 type:B q:26.49 q-aq:25.74 q-noVbv:26.49 q-Rceq:1.00 tex:26921 mv:13987 misc:2812 icu:305.25 pcu:530.25 scu:460.50 tlayer:1 pbqpoffset:1.64 pbfactor:1.21 avgQpOffsetCutree:-1.47;
in:1 out:3 type:b q:27.66 q-aq:28.01 q-noVbv:27.66 q-Rceq:1.00 tex:10745 mv:10044 misc:2275 icu:124.00 pcu:605.75 scu:566.25 tlayer:2 pbqpoffset:2.81 pbfactor:1.38 avgQpOffsetCutree:0.00;
in:3 out:4 type:b q:27.85 q-aq:28.00 q-noVbv:27.85 q-Rceq:1.00 tex:10564 mv:9396 misc:2144 icu:125.50 pcu:606.75 scu:563.75 tlayer:2 pbqpoffset:3.00 pbfactor:1.41 avgQpOffsetCutree:0.00;
in:20 out:5 type:k q:20.85 q-aq:16.81 q-noVbv:20.85 q-Rceq:1.00 tex:197694 mv:29354 misc:2648 icu:1251.75 pcu:44.25 scu:0.00 tlayer:0 pbqpoffset:0.00 pbfactor:1.00 avgQpOffsetCutree:-4.11;
in:12 out:6 type:B q:24.46 q-aq:20.72 q-noVbv:24.46 q-Rceq:1.00 tex:112984 mv:19302 misc:2346 icu:968.50 pcu:235.75 scu:91.75 tlayer:1 pbqpoffset:1.61 pbfactor:1.20 avgQpOffsetCutree:-3.71;
in:8 out:7 type:B q:25.46 q-aq:23.64 q-noVbv:25.46 q-Rceq:1.00 tex:50992 mv:16150 misc:2690 icu:602.00 pcu:471.50 scu:222.50 tlayer:2 pbqpoffset:1.61 pbfactor:1.20 avgQpOffsetCutree:-2.19;
in:6 out:8 type:B q:25.98 q-aq:24.99 q-noVbv:25.98 q-Rceq:1.00 tex:29701 mv:14181 misc:2758 icu:379.50 pcu:585.75 scu:330.75 tlayer:3 pbqpoffset:1.63 pbfactor:1.21 avgQpOffsetCutree:-1.46;
in:5 out:9 type:b q:28.79 q-aq:29.00 q-noVbv:28.79 q-Rceq:1.00 tex:10036 mv:8759 misc:2109 icu:123.00 pcu:597.75 scu:575.25 tlayer:4 pbqpoffset:4.19 pbfactor:1.62 avgQpOffsetCutree:0.00;
in:7 out:10 type:b q:27.42 q-aq:27.52 q-noVbv:27.42 q-Rceq:1.00 tex:14602 mv:10144 misc:2382 icu:187.25 pcu:583.00 scu:525.75 tlayer:4 pbqpoffset:3.32 pbfactor:1.47 avgQpOffsetCutree:0.00;
in:10 out:11 type:B q:24.96 q-aq:23.87 q-noVbv:24.96 q-Rceq:1.00 tex:36660 mv:15464 misc:2860 icu:346.00 pcu:608.00 scu:342.00 tlayer:3 pbqpoffset:1.61 pbfactor:1.20 avgQpOffsetCutree:-1.57;
in:9 out:12 type:b q:27.40 q-aq:27.31 q-noVbv:27.40 q-Rceq:1.00 tex:12693 mv:10153 misc:2378 icu:169.25 pcu:531.50 scu:595.25 tlayer:4 pbqpoffset:3.80 pbfactor:1.55 avgQpOffsetCutree:0.00;
in:11 out:13 type:b q:26.72 q-aq:27.01 q-noVbv:26.72 q-Rceq:1.00 tex:14621 mv:10533 misc:2262 icu:116.75 pcu:619.25 scu:560.00 tlayer:4 pbqpoffset:3.62 pbfactor:1.52 avgQpOffsetCutree:0.00;
in:16 out:14 type:B q:23.46 q-aq:20.92 q-noVbv:23.46 q-Rceq:1.00 tex:83196 mv:20052 misc:2736 icu:746.00 pcu:262.25 scu:287.75 tlayer:2 pbqpoffset:1.61 pbfactor:1.20 avgQpOffsetCutree:-2.69;
in:14 out:15 type:B q:23.96 q-aq:22.34 q-noVbv:23.96 q-Rceq:1.00 tex:51783 mv:14647 misc:2586 icu:364.75 pcu:502.25 scu:429.00 tlayer:3 pbqpoffset:1.62 pbfactor:1.21 avgQpOffsetCutree:-1.80;
in:13 out:16 type:b q:26.63 q-aq:27.00 q-noVbv:26.63 q-Rceq:1.00 tex:13316 mv:9853 misc:2151 icu:95.50 pcu:572.25 scu:628.25 tlayer:4 pbqpoffset:4.03 pbfactor:1.59 avgQpOffsetCutree:0.00;
in:15 out:17 type:b q:25.25 q-aq:25.12 q-noVbv:25.25 q-Rceq:1.00 tex:26347 mv:10954 misc:2699 icu:173.50 pcu:566.50 scu:556.00 tlayer:4 pbqpoffset:3.15 pbfactor:1.44 avgQpOffsetCutree:0.00;
in:18 out:18 type:B q:23.09 q-aq:22.20 q-noVbv:23.09 q-Rceq:1.00 tex:40001 mv:16189 misc:2890 icu:267.50 pcu:560.00 scu:468.50 tlayer:3 pbqpoffset:1.74 pbfactor:1.22 avgQpOffsetCutree:-1.51;
in:17 out:19 type:b q:26.16 q-aq:26.02 q-noVbv:26.16 q-Rceq:1.00 tex:13456 mv:9376 misc:2136 icu:85.00 pcu:574.00 scu:637.00 tlayer:4 pbqpoffset:4.56 pbfactor:1.69 avgQpOffsetCutree:0.00;
in:19 out:20 type:b q:24.78 q-aq:25.00 q-noVbv:24.78 q-Rceq:1.00 tex:16963 mv:11157 misc:2336 icu:147.00 pcu:605.00 scu:544.00 tlayer:4 pbqpoffset:3.69 pbfactor:1.53 avgQpOffsetCutree:0.00;
in:31 out:21 type:k q:18.76 q-aq:15.49 q-noVbv:18.76 q-Rceq:1.00 tex:170892 mv:24264 misc:2572 icu:1156.00 pcu:103.25 scu:36.75 tlayer:0 pbqpoffset:0.00 pbfactor:1.00 avgQpOffsetCutree:-3.54;
in:26 out:22 type:B q:21.35 q-aq:18.97 q-noVbv:21.35 q-Rceq:1.00 tex:100948 mv:19703 misc:2757 icu:904.50 pcu:200.00 scu:191.50 tlayer:1 pbqpoffset:1.64 pbfactor:1.21 avgQpOffsetCutree:-2.96;
in:23 out:23 type:B q:21.92 q-aq:20.48 q-noVbv:21.92 q-Rceq:1.00 tex:69215 mv:17468 misc:2853 icu:593.50 pcu:369.75 scu:332.75 tlayer:2 pbqpoffset:1.64 pbfactor:1.21 avgQpOffsetCutree:-2.08;
in:22 out:24 type:B q:22.24 q-aq:22.64 q-noVbv:22.24 q-Rceq:1.00 tex:35619 mv:14665 misc:2932 icu:331.00 pcu:490.50 scu:474.50 tlayer:3 pbqpoffset:1.77 pbfactor:1.23 avgQpOffsetCutree:-0.50;
in:21 out:25 type:b q:23.43 q-aq:23.60 q-noVbv:23.43 q-Rceq:1.00 tex:21488 mv:12668 misc:2612 icu:205.50 pcu:592.75 scu:497.75 tlayer:4 pbqpoffset:2.77 pbfactor:1.38 avgQpOffsetCutree:0.00;
in:25 out:26 type:B q:21.54 q-aq:21.73 q-noVbv:21.54 q-Rceq:1.00 tex:43822 mv:17228 misc:2902 icu:330.00 pcu:546.50 scu:419.50 tlayer:3 pbqpoffset:1.64 pbfactor:1.21 avgQpOffsetCutree:-0.65;
in:24 out:27 type:b q:22.86 q-aq:23.04 q-noVbv:22.86 q-Rceq:1.00 tex:24627 mv:13534 misc:2663 icu:202.75 pcu:584.75 scu:508.50 tlayer:4 pbqpoffset:2.77 pbfactor:1.38 avgQpOffsetCutree:0.00;
in:29 out:28 type:B q:20.78 q-aq:19.64 q-noVbv:20.78 q-Rceq:1.00 tex:65542 mv:19002 misc:2840 icu:462.00 pcu:510.75 scu:323.25 tlayer:2 pbqpoffset:1.64 pbfactor:1.21 avgQpOffsetCutree:-1.76;
in:28 out:29 type:B q:21.09 q-aq:21.39 q-noVbv:21.09 q-Rceq:1.00 tex:38961 mv:16195 misc:3116 icu:293.25 pcu:536.50 scu:466.25 tlayer:3 pbqpoffset:1.76 pbfactor:1.23 avgQpOffsetCutree:-0.61;
in:27 out:30 type:b q:22.29 q-aq:22.31 q-noVbv:22.29 q-Rceq:1.00 tex:25499 mv:13818 misc:2739 icu:198.25 pcu:572.50 scu:525.25 tlayer:4 pbqpoffset:2.77 pbfactor:1.38 avgQpOffsetCutree:0.00;
in:30 out:31 type:b q:22.04 q-aq:22.08 q-noVbv:22.04 q-Rceq:1.00 tex:23950 mv:13462 misc:2668 icu:178.00 pcu:618.25 scu:499.75 tlayer:3 pbqpoffset:3.09 pbfactor:1.43 avgQpOffsetCutree:0.00;
in:47 out:32 type:k q:17.76 q-aq:13.87 q-noVbv:17.76 q-Rceq:1.00 tex:259396 mv:32210 misc:2642 icu:1222.25 pcu:73.75 scu:0.00 tlayer:0 pbqpoffset:0.00 pbfactor:1.00 avgQpOffsetCutree:-4.59;
in:39 out:33 type:B q:19.93 q-aq:16.20 q-noVbv:19.93 q-Rceq:1.00 tex:162573 mv:25258 misc:2769 icu:1025.25 pcu:236.50 scu:34.25 tlayer:1 pbqpoffset:1.66 pbfactor:1.21 avgQpOffsetCutree:-4.21;
in:35 out:34 type:B q:20.18 q-aq:17.53 q-noVbv:20.18 q-Rceq:1.00 tex:114389 mv:18580 misc:2943 icu:872.75 pcu:230.50 scu:192.75 tlayer:2 pbqpoffset:1.66 pbfactor:1.21 avgQpOffsetCutree:-3.05;
in:33 out:35 type:B q:20.30 q-aq:18.93 q-noVbv:20.30 q-Rceq:1.00 tex:81305 mv:17219 misc:3100 icu:598.25 pcu:325.00 scu:372.75 tlayer:3 pbqpoffset:1.66 pbfactor:1.21 avgQpOffsetCutree:-1.88;
in:32 out:36 type:b q:21.87 q-aq:22.10 q-noVbv:21.87 q-Rceq:1.00 tex:42437 mv:14177 misc:3026 icu:364.75 pcu:440.75 scu:490.50 tlayer:4 pbqpoffset:3.17 pbfactor:1.44 avgQpOffsetCutree:0.00;
in:34 out:37 type:b q:22.71 q-aq:23.03 q-noVbv:22.71 q-Rceq:1.00 tex:22160 mv:11623 misc:2441 icu:184.25 pcu:586.75 scu:525.00 tlayer:4 pbqpoffset:4.14 pbfactor:1.61 avgQpOffsetCutree:0.00;
in:37 out:38 type:B q:20.36 q-aq:19.39 q-noVbv:20.36 q-Rceq:1.00 tex:55532 mv:18584 misc:3012 icu:335.75 pcu:536.75 scu:423.50 tlayer:3 pbqpoffset:1.97 pbfactor:1.26 avgQpOffsetCutree:-1.51;
in:36 out:39 type:b q:23.35 q-aq:23.26 q-noVbv:23.35 q-Rceq:1.00 tex:17557 mv:11148 misc:2471 icu:152.00 pcu:494.25 scu:649.75 tlayer:4 pbqpoffset:4.90 pbfactor:1.76 avgQpOffsetCutree:0.00;
in:38 out:40 type:b q:23.07 q-aq:23.09 q-noVbv:23.07 q-Rceq:1.00 tex:17695 mv:11120 misc:2457 icu:119.25 pcu:542.25 scu:634.50 tlayer:4 pbqpoffset:4.74 pbfactor:1.73 avgQpOffsetCutree:0.00;
in:43 out:41 type:B q:19.68 q-aq:17.08 q-noVbv:19.68 q-Rceq:1.00 tex:113580 mv:23657 misc:3171 icu:593.50 pcu:397.00 scu:305.50 tlayer:2 pbqpoffset:1.66 pbfactor:1.21 avgQpOffsetCutree:-2.88;
in:41 out:42 type:B q:20.13 q-aq:19.11 q-noVbv:20.13 q-Rceq:1.00 tex:60744 mv:18705 misc:3079 icu:269.25 pcu:606.00 scu:420.75 tlayer:3 pbqpoffset:1.99 pbfactor:1.26 avgQpOffsetCutree:-1.50;
in:40 out:43 type:b q:22.63 q-aq:23.01 q-noVbv:22.63 q-Rceq:1.00 tex:19769 mv:11271 misc:2424 icu:130.50 pcu:553.25 scu:612.25 tlayer:4 pbqpoffset:4.43 pbfactor:1.67 avgQpOffsetCutree:0.00;
in:42 out:44 type:b q:22.61 q-aq:23.01 q-noVbv:22.61 q-Rceq:1.00 tex:17352 mv:10867 misc:2373 icu:95.75 pcu:528.25 scu:672.00 tlayer:4 pbqpoffset:4.54 pbfactor:1.69 avgQpOffsetCutree:0.00;
in:45 out:45 type:B q:20.13 q-aq:18.68 q-noVbv:20.13 q-Rceq:1.00 tex:54994 mv:18330 misc:3212 icu:290.75 pcu:641.50 scu:363.75 tlayer:3 pbqpoffset:2.24 pbfactor:1.30 avgQpOffsetCutree:-1.69;
in:44 out:46 type:b q:23.45 q-aq:23.46 q-noVbv:23.45 q-Rceq:1.00 tex:15627 mv:10127 misc:2542 icu:125.75 pcu:461.00 scu:709.25 tlayer:4 pbqpoffset:5.50 pbfactor:1.89 avgQpOffsetCutree:0.00;
in:46 out:47 type:b q:23.04 q-aq:23.02 q-noVbv:23.04 q-Rceq:1.00 tex:17181 mv:11659 misc:2400 icu:111.75 pcu:705.75 scu:478.50 tlayer:4 pbqpoffset:5.22 pbfactor:1.83 avgQpOffsetCutree:0.00;
in:63 out:48 type:k q:15.92 q-aq:10.70 q-noVbv:15.92 q-Rceq:1.00 tex:367791 mv:40305 misc:2488 icu:1215.75 pcu:80.00 scu:0.25 tlayer:0 pbqpoffset:0.50 pbfactor:1.06 avgQpOffsetCutree:-5.75;
in:55 out:49 type:B q:18.48 q-aq:13.60 q-noVbv:18.48 q-Rceq:1.00 tex:174099 mv:27688 misc:3413 icu:686.75 pcu:430.25 scu:179.00 tlayer:1 pbqpoffset:1.64 pbfactor:1.21 avgQpOffsetCutree:-4.87;
in:51 out:50 type:B q:18.94 q-aq:15.44 q-noVbv:18.94 q-Rceq:1.00 tex:113015 mv:19697 misc:3632 icu:573.00 pcu:438.50 scu:284.50 tlayer:2 pbqpoffset:1.64 pbfactor:1.21 avgQpOffsetCutree:-3.43;
in:49 out:51 type:B q:19.35 q-aq:17.44 q-noVbv:19.35 q-Rceq:1.00 tex:89596 mv:18942 misc:3374 icu:444.25 pcu:450.75 scu:401.00 tlayer:3 pbqpoffset:1.82 pbfactor:1.23 avgQpOffsetCutree:-2.07;
in:48 out:52 type:b q:22.10 q-aq:22.14 q-noVbv:22.10 q-Rceq:1.00 tex:27462 mv:9925 misc:2429 icu:238.50 pcu:272.25 scu:785.25 tlayer:4 pbqpoffset:4.46 pbfactor:1.67 avgQpOffsetCutree:0.00;
in:50 out:53 type:b q:22.29 q-aq:22.16 q-noVbv:22.29 q-Rceq:1.00 tex:17130 mv:11237 misc:2457 icu:109.50 pcu:653.75 scu:532.75 tlayer:4 pbqpoffset:4.87 pbfactor:1.76 avgQpOffsetCutree:0.00;
in:53 out:54 type:B q:19.72 q-aq:18.73 q-noVbv:19.72 q-Rceq:1.00 tex:46862 mv:14485 misc:2733 icu:212.75 pcu:495.50 scu:587.75 tlayer:3 pbqpoffset:2.65 pbfactor:1.36 avgQpOffsetCutree:-1.63;
in:52 out:55 type:b q:23.06 q-aq:23.04 q-noVbv:23.06 q-Rceq:1.00 tex:15461 mv:8744 misc:1995 icu:59.00 pcu:375.75 scu:861.25 tlayer:4 pbqpoffset:5.87 pbfactor:1.97 avgQpOffsetCutree:0.00;
in:54 out:56 type:b q:23.25 q-aq:23.12 q-noVbv:23.25 q-Rceq:1.00 tex:16380 mv:8879 misc:2077 icu:69.50 pcu:386.25 scu:840.25 tlayer:4 pbqpoffset:6.30 pbfactor:2.07 avgQpOffsetCutree:0.00;
in:59 out:57 type:B q:18.26 q-aq:14.72 q-noVbv:18.26 q-Rceq:1.00 tex:82441 mv:18182 misc:3289 icu:315.50 pcu:464.00 scu:516.50 tlayer:2 pbqpoffset:1.88 pbfactor:1.24 avgQpOffsetCutree:-3.56;
in:57 out:58 type:B q:19.64 q-aq:18.09 q-noVbv:19.64 q-Rceq:1.00 tex:45671 mv:15135 misc:2834 icu:179.25 pcu:576.25 scu:540.50 tlayer:3 pbqpoffset:3.03 pbfactor:1.42 avgQpOffsetCutree:-1.74;
in:56 out:59 type:b q:23.23 q-aq:23.14 q-noVbv:23.23 q-Rceq:1.00 tex:16012 mv:9012 misc:1944 icu:72.25 pcu:508.25 scu:715.50 tlayer:4 pbqpoffset:6.50 pbfactor:2.12 avgQpOffsetCutree:0.00;
in:58 out:60 type:b q:23.00 q-aq:23.04 q-noVbv:23.00 q-Rceq:1.00 tex:13352 mv:8397 misc:1995 icu:74.25 pcu:555.75 scu:666.00 tlayer:4 pbqpoffset:6.50 pbfactor:2.12 avgQpOffsetCutree:0.00;
in:61 out:61 type:B q:19.20 q-aq:17.77 q-noVbv:19.20 q-Rceq:1.00 tex:42864 mv:12436 misc:2308 icu:195.25 pcu:331.50 scu:769.25 tlayer:3 pbqpoffset:3.05 pbfactor:1.42 avgQpOffsetCutree:-1.67;
in:60 out:62 type:b q:22.77 q-aq:23.00 q-noVbv:22.77 q-Rceq:1.00 tex:13193 mv:7281 misc:1614 icu:91.25 pcu:340.00 scu:864.75 tlayer:4 pbqpoffset:6.50 pbfactor:2.12 avgQpOffsetCutree:0.00;
in:62 out:63 type:b q:22.12 q-aq:22.06 q-noVbv:22.12 q-Rceq:1.00 tex:16368 mv:8348 misc:1836 icu:70.50 pcu:405.75 scu:819.75 tlayer:4 pbqpoffset:6.08 pbfactor:2.02 avgQpOffsetCutree:0.00;
in:79 out:64 type:k q:15.87 q-aq:10.20 q-noVbv:15.87 q-Rceq:1.00 tex:427021 mv:41834 misc:2753 icu:1171.75 pcu:124.00 scu:0.25 tlayer:0 pbqpoffset:0.48 pbfactor:1.06 avgQpOffsetCutree:-6.24;
in:71 out:65 type:B q:17.40 q-aq:11.55 q-noVbv:17.40 q-Rceq:1.00 tex:162963 mv:21144 misc:3437 icu:520.00 pcu:363.25 scu:412.75 tlayer:1 pbqpoffset:1.51 pbfactor:1.19 avgQpOffsetCutree:-5.34;
in:67 out:66 type:B q:17.45 q-aq:13.33 q-noVbv:17.45 q-Rceq:1.00 tex:112267 mv:17794 misc:3155 icu:428.75 pcu:301.75 scu:565.50 tlayer:2 pbqpoffset:1.54 pbfactor:1.20 avgQpOffsetCutree:-3.98;
in:65 out:67 type:B q:18.60 q-aq:16.38 q-noVbv:18.60 q-Rceq:1.00 tex:69686 mv:14551 misc:2483 icu:302.25 pcu:292.25 scu:701.50 tlayer:3 pbqpoffset:2.69 pbfactor:1.36 avgQpOffsetCutree:-2.47;
in:64 out:68 type:b q:22.17 q-aq:22.12 q-noVbv:22.17 q-Rceq:1.00 tex:23412 mv:8005 misc:1975 icu:176.25 pcu:236.50 scu:883.25 tlayer:4 pbqpoffset:6.25 pbfactor:2.06 avgQpOffsetCutree:0.00;
in:66 out:69 type:b q:22.28 q-aq:22.38 q-noVbv:22.28 q-Rceq:1.00 tex:15722 mv:8386 misc:1700 icu:75.75 pcu:353.75 scu:866.50 tlayer:4 pbqpoffset:6.37 pbfactor:2.09 avgQpOffsetCutree:0.00;
in:69 out:70 type:B q:19.27 q-aq:18.21 q-noVbv:19.27 q-Rceq:1.00 tex:38533 mv:11423 misc:1956 icu:181.00 pcu:349.75 scu:765.25 tlayer:3 pbqpoffset:3.37 pbfactor:1.48 avgQpOffsetCutree:-1.77;
in:68 out:71 type:b q:22.28 q-aq:22.36 q-noVbv:22.28 q-Rceq:1.00 tex:15593 mv:7743 misc:1616 icu:90.50 pcu:333.25 scu:872.25 tlayer:4 pbqpoffset:6.37 pbfactor:2.09 avgQpOffsetCutree:0.00;
in:70 out:72 type:b q:22.27 q-aq:22.16 q-noVbv:22.27 q-Rceq:1.00 tex:14061 mv:6613 misc:1486 icu:70.75 pcu:315.75 scu:909.50 tlayer:4 pbqpoffset:6.37 pbfactor:2.09 avgQpOffsetCutree:0.00;
in:75 out:73 type:B q:17.69 q-aq:13.98 q-noVbv:17.69 q-Rceq:1.00 tex:76836 mv:14421 misc:2519 icu:323.50 pcu:253.00 scu:719.50 tlayer:2 pbqpoffset:1.81 pbfactor:1.23 avgQpOffsetCutree:-3.63;
in:73 out:74 type:B q:19.26 q-aq:17.41 q-noVbv:19.26 q-Rceq:1.00 tex:37055 mv:10712 misc:1857 icu:174.00 pcu:241.25 scu:880.75 tlayer:3 pbqpoffset:3.37 pbfactor:1.48 avgQpOffsetCutree:-2.05;
in:72 out:75 type:b q:22.26 q-aq:22.43 q-noVbv:22.26 q-Rceq:1.00 tex:14471 mv:7469 misc:1836 icu:87.25 pcu:300.00 scu:908.75 tlayer:4 pbqpoffset:6.37 pbfactor:2.09 avgQpOffsetCutree:0.00;
in:74 out:76 type:b q:22.26 q-aq:22.24 q-noVbv:22.26 q-Rceq:1.00 tex:16838 mv:7434 misc:1616 icu:108.75 pcu:291.50 scu:895.75 tlayer:4 pbqpoffset:6.37 pbfactor:2.09 avgQpOffsetCutree:0.00;
in:77 out:77 type:B q:18.35 q-aq:17.69 q-noVbv:18.35 q-Rceq:1.00 tex:49681 mv:12644 misc:1787 icu:211.25 pcu:231.25 scu:853.50 tlayer:3 pbqpoffset:2.48 pbfactor:1.33 avgQpOffsetCutree:-1.53;
in:76 out:78 type:b q:21.83 q-aq:22.01 q-noVbv:21.83 q-Rceq:1.00 tex:18959 mv:7728 misc:1545 icu:92.50 pcu:277.00 scu:926.50 tlayer:4 pbqpoffset:5.95 pbfactor:1.99 avgQpOffsetCutree:0.00;
in:78 out:79 type:b q:21.24 q-aq:21.22 q-noVbv:21.24 q-Rceq:1.00 tex:20010 mv:9359 misc:1791 icu:121.75 pcu:295.50 scu:878.75 tlayer:4 pbqpoffset:5.37 pbfactor:1.86 avgQpOffsetCutree:0.00;
in:89 out:80 type:k q:17.63 q-aq:12.31 q-noVbv:17.63 q-Rceq:1.00 tex:346807 mv:40167 misc:2642 icu:1096.50 pcu:199.25 scu:0.25 tlayer:0 pbqpoffset:0.50 pbfactor:1.06 avgQpOffsetCutree:-5.92;
in:84 out:81 type:B q:18.24 q-aq:13.53 q-noVbv:18.24 q-Rceq:1.00 tex:161355 mv:19488 misc:3021 icu:501.00 pcu:462.25 scu:332.75 tlayer:1 pbqpoffset:1.49 pbfactor:1.19 avgQpOffsetCutree:-4.57;
in:82 out:82 type:B q:18.29 q-aq:16.05 q-noVbv:18.29 q-Rceq:1.00 tex:70995 mv:12784 misc:1797 icu:322.75 pcu:152.00 scu:821.25 tlayer:2 pbqpoffset:1.89 pbfactor:1.24 avgQpOffsetCutree:-3.10;
in:81 out:83 type:B q:18.86 q-aq:18.16 q-noVbv:18.86 q-Rceq:1.00 tex:48076 mv:10655 misc:1837 icu:230.25 pcu:199.00 scu:866.75 tlayer:3 pbqpoffset:2.64 pbfactor:1.36 avgQpOffsetCutree:-1.57;
in:80 out:84 type:b q:20.29 q-aq:20.30 q-noVbv:20.29 q-Rceq:1.00 tex:39049 mv:9624 misc:1687 icu:255.00 pcu:179.75 scu:861.25 tlayer:4 pbqpoffset:4.24 pbfactor:1.63 avgQpOffsetCutree:0.00;
in:83 out:85 type:b q:20.96 q-aq:21.11 q-noVbv:20.96 q-Rceq:1.00 tex:23951 mv:9635 misc:1798 icu:121.25 pcu:266.00 scu:908.75 tlayer:3 pbqpoffset:4.38 pbfactor:1.66 avgQpOffsetCutree:0.00;
in:87 out:86 type:B q:18.77 q-aq:18.12 q-noVbv:18.77 q-Rceq:1.00 tex:61057 mv:13830 misc:1873 icu:314.00 pcu:341.50 scu:640.50 tlayer:2 pbqpoffset:1.49 pbfactor:1.19 avgQpOffsetCutree:-1.72;
in:86 out:87 type:B q:19.64 q-aq:20.43 q-noVbv:19.64 q-Rceq:1.00 tex:34580 mv:10947 misc:2065 icu:189.75 pcu:270.25 scu:836.00 tlayer:3 pbqpoffset:2.53 pbfactor:1.34 avgQpOffsetCutree:-0.23;
in:85 out:88 type:b q:21.31 q-aq:21.36 q-noVbv:21.31 q-Rceq:1.00 tex:22542 mv:8780 misc:1606 icu:138.25 pcu:276.25 scu:881.50 tlayer:4 pbqpoffset:4.38 pbfactor:1.66 avgQpOffsetCutree:0.00;
in:88 out:89 type:b q:21.54 q-aq:22.00 q-noVbv:21.54 q-Rceq:1.00 tex:23778 mv:9782 misc:1864 icu:150.25 pcu:339.25 scu:806.50 tlayer:3 pbqpoffset:4.08 pbfactor:1.60 avgQpOffsetCutree:0.00;
in:98 out:90 type:k q:18.21 q-aq:13.10 q-noVbv:18.21 q-Rceq:1.00 tex:326565 mv:39435 misc:2584 icu:1177.50 pcu:118.25 scu:0.25 tlayer:0 pbqpoffset:0.53 pbfactor:1.06 avgQpOffsetCutree:-5.74;
in:94 out:91 type:B q:19.50 q-aq:16.70 q-noVbv:19.50 q-Rceq:1.00 tex:103747 mv:17322 misc:2667 icu:567.75 pcu:408.25 scu:320.00 tlayer:1 pbqpoffset:1.54 pbfactor:1.20 avgQpOffsetCutree:-2.85;
in:92 out:92 type:B q:19.47 q-aq:18.44 q-noVbv:19.47 q-Rceq:1.00 tex:60266 mv:14398 misc:2400 icu:341.00 pcu:321.50 scu:633.50 tlayer:2 pbqpoffset:1.65 pbfactor:1.21 avgQpOffsetCutree:-1.98;
in:91 out:93 type:B q:19.92 q-aq:20.49 q-noVbv:19.92 q-Rceq:1.00 tex:40665 mv:12962 misc:2165 icu:250.00 pcu:495.00 scu:551.00 tlayer:3 pbqpoffset:2.16 pbfactor:1.28 avgQpOffsetCutree:-0.50;
in:90 out:94 type:b q:21.48 q-aq:21.73 q-noVbv:21.48 q-Rceq:1.00 tex:24230 mv:9882 misc:2064 icu:163.00 pcu:426.50 scu:706.50 tlayer:4 pbqpoffset:3.78 pbfactor:1.55 avgQpOffsetCutree:0.00;
in:93 out:95 type:b q:22.57 q-aq:23.03 q-noVbv:22.57 q-Rceq:1.00 tex:17467 mv:8119 misc:1742 icu:127.50 pcu:395.00 scu:773.50 tlayer:3 pbqpoffset:4.68 pbfactor:1.72 avgQpOffsetCutree:0.00;
in:96 out:96 type:B q:19.75 q-aq:19.46 q-noVbv:19.75 q-Rceq:1.00 tex:60354 mv:14001 misc:2301 icu:408.75 pcu:179.75 scu:707.50 tlayer:2 pbqpoffset:1.67 pbfactor:1.21 avgQpOffsetCutree:-1.35;
in:95 out:97 type:b q:22.42 q-aq:22.41 q-noVbv:22.42 q-Rceq:1.00 tex:18632 mv:7581 misc:1963 icu:170.50 pcu:251.50 scu:874.00 tlayer:3 pbqpoffset:4.40 pbfactor:1.66 avgQpOffsetCutree:0.00;
in:97 out:98 type:b q:22.61 q-aq:23.00 q-noVbv:22.61 q-Rceq:1.00 tex:21427 mv:10395 misc:1970 icu:119.25 pcu:317.75 scu:859.00 tlayer:3 pbqpoffset:4.46 pbfactor:1.67 avgQpOffsetCutree:0.00;
in:114 out:99 type:k q:17.28 q-aq:12.15 q-noVbv:17.28 q-Rceq:1.00 tex:366840 mv:41655 misc:2641 icu:1213.25 pcu:82.75 scu:0.00 tlayer:0 pbqpoffset:0.50 pbfactor:1.06 avgQpOffsetCutree:-5.90;
in:106 out:100 type:B q:19.40 q-aq:14.63 q-noVbv:19.40 q-Rceq:1.00 tex:169435 mv:24249 misc:3292 icu:670.75 pcu:481.75 scu:143.50 tlayer:1 pbqpoffset:1.65 pbfactor:1.21 avgQpOffsetCutree:-4.79;
in:102 out:101 type:B q:19.63 q-aq:17.21 q-noVbv:19.63 q-Rceq:1.00 tex:85268 mv:16687 misc:2653 icu:408.25 pcu:382.50 scu:505.25 tlayer:2 pbqpoffset:1.65 pbfactor:1.21 avgQpOffsetCutree:-2.93;
in:100 out:102 type:B q:20.35 q-aq:19.38 q-noVbv:20.35 q-Rceq:1.00 tex:51243 mv:13964 misc:2417 icu:254.75 pcu:338.25 scu:703.00 tlayer:3 pbqpoffset:2.25 pbfactor:1.30 avgQpOffsetCutree:-1.96;
in:99 out:103 type:b q:22.86 q-aq:23.05 q-noVbv:22.86 q-Rceq:1.00 tex:21168 mv:9950 misc:2002 icu:130.00 pcu:357.75 scu:808.25 tlayer:4 pbqpoffset:4.70 pbfactor:1.72 avgQpOffsetCutree:0.00;
in:101 out:104 type:b q:23.19 q-aq:23.44 q-noVbv:23.19 q-Rceq:1.00 tex:19039 mv:9447 misc:1986 icu:113.50 pcu:380.75 scu:801.75 tlayer:4 pbqpoffset:5.15 pbfactor:1.81 avgQpOffsetCutree:0.00;
in:104 out:105 type:B q:20.24 q-aq:19.71 q-noVbv:20.24 q-Rceq:1.00 tex:51718 mv:13675 misc:2303 icu:249.75 pcu:346.25 scu:700.00 tlayer:3 pbqpoffset:2.38 pbfactor:1.32 avgQpOffsetCutree:-1.75;
in:103 out:106 type:b q:22.75 q-aq:23.03 q-noVbv:22.75 q-Rceq:1.00 tex:21813 mv:10252 misc:2055 icu:126.25 pcu:341.50 scu:828.25 tlayer:4 pbqpoffset:4.83 pbfactor:1.75 avgQpOffsetCutree:0.00;
in:105 out:107 type:b q:23.50 q-aq:23.99 q-noVbv:23.50 q-Rceq:1.00 tex:18195 mv:8740 misc:1937 icu:118.50 pcu:306.25 scu:871.25 tlayer:4 pbqpoffset:5.70 pbfactor:1.93 avgQpOffsetCutree:0.00;
in:110 out:108 type:B q:19.17 q-aq:17.13 q-noVbv:19.17 q-Rceq:1.00 tex:106818 mv:19081 misc:2941 icu:412.75 pcu:392.50 scu:490.75 tlayer:2 pbqpoffset:1.65 pbfactor:1.21 avgQpOffsetCutree:-2.51;
in:108 out:109 type:B q:20.79 q-aq:19.57 q-noVbv:20.79 q-Rceq:1.00 tex:42602 mv:13063 misc:2279 icu:175.75 pcu:404.75 scu:715.50 tlayer:3 pbqpoffset:3.16 pbfactor:1.44 avgQpOffsetCutree:-1.84;
in:107 out:110 type:b q:24.01 q-aq:24.06 q-noVbv:24.01 q-Rceq:1.00 tex:16071 mv:8179 misc:1838 icu:94.75 pcu:365.25 scu:836.00 tlayer:4 pbqpoffset:6.32 pbfactor:2.07 avgQpOffsetCutree:0.00;
in:109 out:111 type:b q:24.09 q-aq:24.08 q-noVbv:24.09 q-Rceq:1.00 tex:11842 mv:7604 misc:1858 icu:53.50 pcu:304.50 scu:938.00 tlayer:4 pbqpoffset:6.51 pbfactor:2.12 avgQpOffsetCutree:0.00;
in:112 out:112 type:B q:19.42 q-aq:18.45 q-noVbv:19.42 q-Rceq:1.00 tex:70775 mv:15851 misc:2654 icu:305.25 pcu:456.00 scu:534.75 tlayer:3 pbqpoffset:2.02 pbfactor:1.26 avgQpOffsetCutree:-1.52;
in:111 out:113 type:b q:23.51 q-aq:23.95 q-noVbv:23.51 q-Rceq:1.00 tex:19141 mv:8358 misc:2077 icu:95.50 pcu:412.00 scu:788.50 tlayer:4 pbqpoffset:6.05 pbfactor:2.01 avgQpOffsetCutree:0.00;
in:113 out:114 type:b q:23.86 q-aq:24.00 q-noVbv:23.86 q-Rceq:1.00 tex:12573 mv:9475 misc:1952 icu:58.25 pcu:533.25 scu:704.50 tlayer:4 pbqpoffset:6.51 pbfactor:2.12 avgQpOffsetCutree:0.00;
in:130 out:115 type:k q:17.59 q-aq:12.81 q-noVbv:17.59 q-Rceq:1.00 tex:322759 mv:39906 misc:2663 icu:1229.50 pcu:66.50 scu:0.00 tlayer:0 pbqpoffset:0.37 pbfactor:1.04 avgQpOffsetCutree:-5.43;
in:122 out:116 type:B q:19.12 q-aq:14.88 q-noVbv:19.12 q-Rceq:1.00 tex:187855 mv:23781 misc:3164 icu:668.25 pcu:441.75 scu:186.00 tlayer:1 pbqpoffset:1.68 pbfactor:1.21 avgQpOffsetCutree:-4.30;
in:118 out:117 type:B q:19.04 q-aq:16.18 q-noVbv:19.04 q-Rceq:1.00 tex:96459 mv:20238 misc:2999 icu:364.25 pcu:507.00 scu:424.75 tlayer:2 pbqpoffset:1.68 pbfactor:1.21 avgQpOffsetCutree:-3.05;
in:116 out:118 type:B q:19.85 q-aq:18.98 q-noVbv:19.85 q-Rceq:1.00 tex:51077 mv:15697 misc:2698 icu:190.00 pcu:479.50 scu:626.50 tlayer:3 pbqpoffset:2.53 pbfactor:1.34 avgQpOffsetCutree:-1.65;
in:115 out:119 type:b q:23.49 q-aq:23.73 q-noVbv:23.49 q-Rceq:1.00 tex:15293 mv:8472 misc:2083 icu:68.25 pcu:409.50 scu:818.25 tlayer:4 pbqpoffset:6.18 pbfactor:2.04 avgQpOffsetCutree:0.00;
in:117 out:120 type:b q:23.42 q-aq:23.59 q-noVbv:23.42 q-Rceq:1.00 tex:14129 mv:9310 misc:2201 icu:70.00 pcu:534.75 scu:691.25 tlayer:4 pbqpoffset:6.08 pbfactor:2.02 avgQpOffsetCutree:0.00;
in:120 out:121 type:B q:19.63 q-aq:18.66 q-noVbv:19.63 q-Rceq:1.00 tex:53345 mv:17689 misc:2902 icu:200.50 pcu:630.00 scu:465.50 tlayer:3 pbqpoffset:2.23 pbfactor:1.29 avgQpOffsetCutree:-1.56;
in:119 out:122 type:b q:23.06 q-aq:23.05 q-noVbv:23.06 q-Rceq:1.00 tex:14603 mv:9490 misc:2171 icu:66.75 pcu:594.25 scu:635.00 tlayer:4 pbqpoffset:5.68 pbfactor:1.93 avgQpOffsetCutree:0.00;
in:121 out:123 type:b q:22.59 q-aq:23.00 q-noVbv:22.59 q-Rceq:1.00 tex:15815 mv:9494 misc:2115 icu:85.25 pcu:529.00 scu:681.75 tlayer:4 pbqpoffset:5.17 pbfactor:1.82 avgQpOffsetCutree:0.00;
in:126 out:124 type:B q:19.19 q-aq:16.93 q-noVbv:19.19 q-Rceq:1.00 tex:122920 mv:19848 misc:3256 icu:459.25 pcu:672.50 scu:164.25 tlayer:2 pbqpoffset:1.68 pbfactor:1.21 avgQpOffsetCutree:-2.55;
in:124 out:125 type:B q:19.59 q-aq:19.07 q-noVbv:19.59 q-Rceq:1.00 tex:54073 mv:15987 misc:2940 icu:199.75 pcu:655.50 scu:440.75 tlayer:3 pbqpoffset:2.12 pbfactor:1.28 avgQpOffsetCutree:-1.22;
in:123 out:126 type:b q:22.54 q-aq:23.00 q-noVbv:22.54 q-Rceq:1.00 tex:16090 mv:9665 misc:2261 icu:67.50 pcu:560.25 scu:668.25 tlayer:4 pbqpoffset:5.09 pbfactor:1.80 avgQpOffsetCutree:0.00;
in:125 out:127 type:b q:21.63 q-aq:22.00 q-noVbv:21.63 q-Rceq:1.00 tex:19969 mv:11030 misc:2417 icu:86.50 pcu:667.75 scu:541.75 tlayer:4 pbqpoffset:4.14 pbfactor:1.61 avgQpOffsetCutree:0.00;
in:128 out:128 type:B q:19.23 q-aq:18.75 q-noVbv:19.23 q-Rceq:1.00 tex:82954 mv:17863 misc:2975 icu:376.50 pcu:515.50 scu:404.00 tlayer:3 pbqpoffset:1.68 pbfactor:1.21 avgQpOffsetCutree:-1.26;
in:127 out:129 type:b q:20.75 q-aq:21.00 q-noVbv:20.75 q-Rceq:1.00 tex:31107 mv:10074 misc:2459 icu:150.50 pcu:394.50 scu:751.00 tlayer:4 pbqpoffset:3.22 pbfactor:1.45 avgQpOffsetCutree:0.00;
in:129 out:130 type:b q:21.75 q-aq:22.00 q-noVbv:21.75 q-Rceq:1.00 tex:20449 mv:11714 misc:2181 icu:76.75 pcu:563.75 scu:655.50 tlayer:4 pbqpoffset:4.18 pbfactor:1.62 avgQpOffsetCutree:0.00;
in:142 out:131 type:k q:17.84 q-aq:13.84 q-noVbv:17.84 q-Rceq:1.00 tex:251217 mv:34319 misc:3040 icu:990.00 pcu:284.00 scu:22.00 tlayer:0 pbqpoffset:0.37 pbfactor:1.04 avgQpOffsetCutree:-4.52;
in:136 out:132 type:B q:19.34 q-aq:15.44 q-noVbv:19.34 q-Rceq:1.00 tex:139932 mv:27041 misc:3907 icu:558.25 pcu:626.25 scu:111.50 tlayer:1 pbqpoffset:1.63 pbfactor:1.21 avgQpOffsetCutree:-3.88;
in:133 out:133 type:B q:19.27 q-aq:17.67 q-noVbv:19.27 q-Rceq:1.00 tex:75036 mv:18727 misc:3221 icu:340.00 pcu:555.75 scu:400.25 tlayer:2 pbqpoffset:1.63 pbfactor:1.21 avgQpOffsetCutree:-1.99;
in:132 out:134 type:B q:20.26 q-aq:20.11 q-noVbv:20.26 q-Rceq:1.00 tex:36581 mv:14690 misc:2505 icu:186.75 pcu:544.25 scu:565.00 tlayer:3 pbqpoffset:2.64 pbfactor:1.36 avgQpOffsetCutree:-0.74;
in:131 out:135 type:b q:21.22 q-aq:21.21 q-noVbv:21.22 q-Rceq:1.00 tex:25608 mv:12361 misc:2231 icu:124.00 pcu:551.50 scu:620.50 tlayer:4 pbqpoffset:3.61 pbfactor:1.52 avgQpOffsetCutree:0.00;
in:135 out:136 type:B q:20.97 q-aq:20.58 q-noVbv:20.97 q-Rceq:1.00 tex:31476 mv:13757 misc:2959 icu:160.00 pcu:574.75 scu:561.25 tlayer:3 pbqpoffset:3.28 pbfactor:1.46 avgQpOffsetCutree:-0.95;
in:134 out:137 type:b q:22.81 q-aq:23.01 q-noVbv:22.81 q-Rceq:1.00 tex:16584 mv:11106 misc:2350 icu:100.50 pcu:595.50 scu:600.00 tlayer:4 pbqpoffset:5.14 pbfactor:1.81 avgQpOffsetCutree:0.00;
in:139 out:138 type:B q:19.40 q-aq:17.72 q-noVbv:19.40 q-Rceq:1.00 tex:83004 mv:20196 misc:3504 icu:358.25 pcu:598.75 scu:339.00 tlayer:2 pbqpoffset:1.63 pbfactor:1.21 avgQpOffsetCutree:-2.09;
in:138 out:139 type:B q:20.47 q-aq:20.65 q-noVbv:20.47 q-Rceq:1.00 tex:37901 mv:15914 misc:2929 icu:177.25 pcu:603.75 scu:515.00 tlayer:3 pbqpoffset:2.71 pbfactor:1.37 avgQpOffsetCutree:-0.73;
in:137 out:140 type:b q:23.28 q-aq:23.23 q-noVbv:23.28 q-Rceq:1.00 tex:16711 mv:9978 misc:2287 icu:85.50 pcu:475.25 scu:735.25 tlayer:4 pbqpoffset:5.55 pbfactor:1.90 avgQpOffsetCutree:0.00;
in:141 out:141 type:B q:20.27 q-aq:20.14 q-noVbv:20.27 q-Rceq:1.00 tex:37777 mv:16168 misc:3103 icu:164.50 pcu:655.00 scu:476.50 tlayer:3 pbqpoffset:2.46 pbfactor:1.33 avgQpOffsetCutree:-0.83;
in:140 out:142 type:b q:21.74 q-aq:22.04 q-noVbv:21.74 q-Rceq:1.00 tex:20073 mv:11427 misc:2468 icu:101.75 pcu:638.25 scu:556.00 tlayer:4 pbqpoffset:3.94 pbfactor:1.58 avgQpOffsetCutree:0.00;
in:158 out:143 type:k q:18.27 q-aq:14.36 q-noVbv:18.27 q-Rceq:1.00 tex:258857 mv:33119 misc:2560 icu:1231.00 pcu:65.00 scu:0.00 tlayer:0 pbqpoffset:0.41 pbfactor:1.05 avgQpOffsetCutree:-4.53;
in:150 out:144 type:B q:19.69 q-aq:16.15 q-noVbv:19.69 q-Rceq:1.00 tex:203172 mv:28830 misc:2854 icu:1003.25 pcu:284.25 scu:8.50 tlayer:1 pbqpoffset:1.63 pbfactor:1.21 avgQpOffsetCutree:-4.24;
in:146 out:145 type:B q:19.58 q-aq:16.54 q-noVbv:19.58 q-Rceq:1.00 tex:142194 mv:23257 misc:3309 icu:687.50 pcu:488.75 scu:119.75 tlayer:2 pbqpoffset:1.63 pbfactor:1.21 avgQpOffsetCutree:-3.18;
in:144 out:146 type:B q:19.52 q-aq:19.24 q-noVbv:19.52 q-Rceq:1.00 tex:77137 mv:17366 misc:3353 icu:461.75 pcu:560.75 scu:273.50 tlayer:3 pbqpoffset:1.63 pbfactor:1.21 avgQpOffsetCutree:-0.99;
in:143 out:147 type:b q:21.98 q-aq:22.02 q-noVbv:21.98 q-Rceq:1.00 tex:20141 mv:9297 misc:2458 icu:139.75 pcu:477.50 scu:678.75 tlayer:4 pbqpoffset:4.12 pbfactor:1.61 avgQpOffsetCutree:0.00;
in:145 out:148 type:b q:21.97 q-aq:22.10 q-noVbv:21.97 q-Rceq:1.00 tex:20396 mv:12012 misc:2376 icu:97.75 pcu:690.75 scu:507.50 tlayer:4 pbqpoffset:4.05 pbfactor:1.60 avgQpOffsetCutree:0.00;
in:148 out:149 type:B q:20.11 q-aq:19.30 q-noVbv:20.11 q-Rceq:1.00 tex:51464 mv:15667 misc:3085 icu:222.25 pcu:661.00 scu:412.75 tlayer:3 pbqpoffset:2.11 pbfactor:1.28 avgQpOffsetCutree:-1.50;
in:147 out:150 type:b q:22.20 q-aq:22.21 q-noVbv:22.20 q-Rceq:1.00 tex:20780 mv:10979 misc:2465 icu:89.75 pcu:635.50 scu:570.75 tlayer:4 pbqpoffset:4.23 pbfactor:1.63 avgQpOffsetCutree:0.00;
in:149 out:151 type:b q:22.16 q-aq:22.09 q-noVbv:22.16 q-Rceq:1.00 tex:18456 mv:11835 misc:2557 icu:95.25 pcu:590.00 scu:610.75 tlayer:4 pbqpoffset:4.13 pbfactor:1.61 avgQpOffsetCutree:0.00;
in:154 out:152 type:B q:19.80 q-aq:17.19 q-noVbv:19.80 q-Rceq:1.00 tex:105294 mv:23862 misc:3452 icu:521.50 pcu:586.25 scu:188.25 tlayer:2 pbqpoffset:1.63 pbfactor:1.21 avgQpOffsetCutree:-2.74;
in:152 out:153 type:B q:19.88 q-aq:18.48 q-noVbv:19.88 q-Rceq:1.00 tex:59963 mv:19124 misc:3481 icu:286.25 pcu:644.25 scu:365.50 tlayer:3 pbqpoffset:1.77 pbfactor:1.23 avgQpOffsetCutree:-1.78;
in:151 out:154 type:b q:21.72 q-aq:22.04 q-noVbv:21.72 q-Rceq:1.00 tex:21719 mv:12838 misc:2571 icu:125.75 pcu:574.25 scu:596.00 tlayer:4 pbqpoffset:3.64 pbfactor:1.52 avgQpOffsetCutree:0.00;
in:153 out:155 type:b q:21.99 q-aq:22.03 q-noVbv:21.99 q-Rceq:1.00 tex:21678 mv:12746 misc:2616 icu:105.25 pcu:581.00 scu:609.75 tlayer:4 pbqpoffset:3.85 pbfactor:1.56 avgQpOffsetCutree:0.00;
in:156 out:156 type:B q:20.04 q-aq:18.72 q-noVbv:20.04 q-Rceq:1.00 tex:57264 mv:19059 misc:3509 icu:285.50 pcu:652.00 scu:358.50 tlayer:3 pbqpoffset:1.82 pbfactor:1.23 avgQpOffsetCutree:-1.65;
in:155 out:157 type:b q:22.43 q-aq:22.44 q-noVbv:22.43 q-Rceq:1.00 tex:17531 mv:11460 misc:2601 icu:117.25 pcu:652.75 scu:526.00 tlayer:4 pbqpoffset:4.24 pbfactor:1.63 avgQpOffsetCutree:0.00;
in:157 out:158 type:b q:21.84 q-aq:22.01 q-noVbv:21.84 q-Rceq:1.00 tex:22516 mv:12420 misc:2616 icu:150.00 pcu:575.00 scu:571.00 tlayer:4 pbqpoffset:3.59 pbfactor:1.51 avgQpOffsetCutree:0.00;
in:174 out:159 type:k q:18.15 q-aq:13.79 q-noVbv:18.15 q-Rceq:1.00 tex:273833 mv:36549 misc:2634 icu:1217.50 pcu:78.50 scu:0.00 tlayer:0 pbqpoffset:0.51 pbfactor:1.06 avgQpOffsetCutree:-4.90;
in:166 out:160 type:B q:19.87 q-aq:16.13 q-noVbv:19.87 q-Rceq:1.00 tex:172592 mv:28900 misc:2796 icu:991.50 pcu:268.75 scu:35.75 tlayer:1 pbqpoffset:1.65 pbfactor:1.21 avgQpOffsetCutree:-4.15;
in:162 out:161 type:B q:19.90 q-aq:16.95 q-noVbv:19.90 q-Rceq:1.00 tex:147322 mv:26882 misc:3308 icu:761.75 pcu:442.75 scu:91.50 tlayer:2 pbqpoffset:1.65 pbfactor:1.21 avgQpOffsetCutree:-3.10;
in:160 out:162 type:B q:19.91 q-aq:19.43 q-noVbv:19.91 q-Rceq:1.00 tex:79037 mv:19969 misc:3442 icu:510.25 pcu:493.50 scu:292.25 tlayer:3 pbqpoffset:1.65 pbfactor:1.21 avgQpOffsetCutree:-1.10;
in:159 out:163 type:b q:21.40 q-aq:21.42 q-noVbv:21.40 q-Rceq:1.00 tex:21003 mv:10607 misc:2686 icu:176.75 pcu:497.25 scu:622.00 tlayer:4 pbqpoffset:3.14 pbfactor:1.44 avgQpOffsetCutree:0.00;
in:161 out:164 type:b q:22.07 q-aq:22.01 q-noVbv:22.07 q-Rceq:1.00 tex:20457 mv:13364 misc:2715 icu:95.50 pcu:720.75 scu:479.75 tlayer:4 pbqpoffset:3.82 pbfactor:1.56 avgQpOffsetCutree:0.00;
in:164 out:165 type:B q:19.92 q-aq:19.02 q-noVbv:19.92 q-Rceq:1.00 tex:58797 mv:21391 misc:3620 icu:273.25 pcu:658.75 scu:364.00 tlayer:3 pbqpoffset:1.70 pbfactor:1.22 avgQpOffsetCutree:-1.45;
in:163 out:166 type:b q:22.21 q-aq:22.10 q-noVbv:22.21 q-Rceq:1.00 tex:20468 mv:13312 misc:2828 icu:84.00 pcu:718.25 scu:493.75 tlayer:4 pbqpoffset:3.97 pbfactor:1.58 avgQpOffsetCutree:0.00;
in:165 out:167 type:b q:22.13 q-aq:22.03 q-noVbv:22.13 q-Rceq:1.00 tex:19656 mv:13169 misc:2919 icu:92.75 pcu:678.00 scu:525.25 tlayer:4 pbqpoffset:3.91 pbfactor:1.57 avgQpOffsetCutree:0.00;
in:170 out:168 type:B q:19.84 q-aq:16.91 q-noVbv:19.84 q-Rceq:1.00 tex:98477 mv:23419 misc:3552 icu:528.50 pcu:557.00 scu:210.50 tlayer:2 pbqpoffset:1.65 pbfactor:1.21 avgQpOffsetCutree:-2.87;
in:168 out:169 type:B q:20.08 q-aq:18.89 q-noVbv:20.08 q-Rceq:1.00 tex:53626 mv:18744 misc:3278 icu:276.25 pcu:688.50 scu:331.25 tlayer:3 pbqpoffset:1.88 pbfactor:1.24 avgQpOffsetCutree:-1.59;
in:167 out:170 type:b q:22.83 q-aq:23.00 q-noVbv:22.83 q-Rceq:1.00 tex:14957 mv:12319 misc:2692 icu:73.25 pcu:719.75 scu:503.00 tlayer:4 pbqpoffset:4.62 pbfactor:1.71 avgQpOffsetCutree:0.00;
in:169 out:171 type:b q:22.45 q-aq:22.49 q-noVbv:22.45 q-Rceq:1.00 tex:15846 mv:11805 misc:2845 icu:76.75 pcu:633.50 scu:585.75 tlayer:4 pbqpoffset:4.26 pbfactor:1.64 avgQpOffsetCutree:0.00;
in:172 out:172 type:B q:20.04 q-aq:18.96 q-noVbv:20.04 q-Rceq:1.00 tex:51968 mv:18973 misc:3323 icu:285.25 pcu:650.50 scu:360.25 tlayer:3 pbqpoffset:1.87 pbfactor:1.24 avgQpOffsetCutree:-1.46;
in:171 out:173 type:b q:22.40 q-aq:22.35 q-noVbv:22.40 q-Rceq:1.00 tex:16320 mv:11530 misc:2630 icu:109.25 pcu:613.25 scu:573.50 tlayer:4 pbqpoffset:4.23 pbfactor:1.63 avgQpOffsetCutree:0.00;
in:173 out:174 type:b q:22.58 q-aq:23.00 q-noVbv:22.58 q-Rceq:1.00 tex:15526 mv:11550 misc:2548 icu:85.50 pcu:634.25 scu:576.25 tlayer:4 pbqpoffset:4.42 pbfactor:1.67 avgQpOffsetCutree:0.00;
in:190 out:175 type:k q:17.46 q-aq:12.13 q-noVbv:17.46 q-Rceq:1.00 tex:316233 mv:38954 misc:2549 icu:1224.75 pcu:71.25 scu:0.00 tlayer:0 pbqpoffset:0.55 pbfactor:1.07 avgQpOffsetCutree:-5.68;
in:182 out:176 type:B q:19.34 q-aq:14.99 q-noVbv:19.34 q-Rceq:1.00 tex:175688 mv:27022 misc:3210 icu:814.00 pcu:370.75 scu:111.25 tlayer:1 pbqpoffset:1.53 pbfactor:1.19 avgQpOffsetCutree:-4.42;
in:178 out:177 type:B q:19.51 q-aq:16.19 q-noVbv:19.51 q-Rceq:1.00 tex:126914 mv:21513 misc:3341 icu:659.75 pcu:462.25 scu:174.00 tlayer:2 pbqpoffset:1.53 pbfactor:1.19 avgQpOffsetCutree:-3.24;
in:176 out:178 type:B q:19.60 q-aq:18.97 q-noVbv:19.60 q-Rceq:1.00 tex:71762 mv:16985 misc:3461 icu:437.75 pcu:462.25 scu:396.00 tlayer:3 pbqpoffset:1.53 pbfactor:1.19 avgQpOffsetCutree:-1.25;
in:175 out:179 type:b q:20.99 q-aq:21.03 q-noVbv:20.99 q-Rceq:1.00 tex:20327 mv:9777 misc:2648 icu:126.75 pcu:471.75 scu:697.50 tlayer:4 pbqpoffset:2.88 pbfactor:1.40 avgQpOffsetCutree:0.00;
in:177 out:180 type:b q:21.31 q-aq:21.17 q-noVbv:21.31 q-Rceq:1.00 tex:18782 mv:12012 misc:2566 icu:91.00 pcu:641.00 scu:564.00 tlayer:4 pbqpoffset:3.29 pbfactor:1.46 avgQpOffsetCutree:0.00;
in:180 out:181 type:B q:19.50 q-aq:18.44 q-noVbv:19.50 q-Rceq:1.00 tex:48234 mv:17442 misc:3060 icu:230.50 pcu:615.25 scu:450.25 tlayer:3 pbqpoffset:1.61 pbfactor:1.20 avgQpOffsetCutree:-1.60;
in:179 out:182 type:b q:21.58 q-aq:22.00 q-noVbv:21.58 q-Rceq:1.00 tex:16319 mv:10727 misc:2338 icu:95.00 pcu:523.25 scu:677.75 tlayer:4 pbqpoffset:3.64 pbfactor:1.52 avgQpOffsetCutree:0.00;
in:181 out:183 type:b q:21.38 q-aq:21.27 q-noVbv:21.38 q-Rceq:1.00 tex:18468 mv:11094 misc:2526 icu:110.75 pcu:622.25 scu:563.00 tlayer:4 pbqpoffset:3.53 pbfactor:1.50 avgQpOffsetCutree:0.00;
in:186 out:184 type:B q:19.17 q-aq:16.09 q-noVbv:19.17 q-Rceq:1.00 tex:88147 mv:20987 misc:3314 icu:408.75 pcu:626.25 scu:261.00 tlayer:2 pbqpoffset:1.53 pbfactor:1.19 avgQpOffsetCutree:-2.91;
in:184 out:185 type:B q:19.52 q-aq:18.23 q-noVbv:19.52 q-Rceq:1.00 tex:46156 mv:16073 misc:3179 icu:239.75 pcu:620.25 scu:436.00 tlayer:3 pbqpoffset:1.80 pbfactor:1.23 avgQpOffsetCutree:-1.62;
in:183 out:186 type:b q:21.87 q-aq:22.00 q-noVbv:21.87 q-Rceq:1.00 tex:17011 mv:10028 misc:2361 icu:101.50 pcu:644.75 scu:549.75 tlayer:4 pbqpoffset:4.11 pbfactor:1.61 avgQpOffsetCutree:0.00;
in:185 out:187 type:b q:22.30 q-aq:22.21 q-noVbv:22.30 q-Rceq:1.00 tex:12933 mv:8816 misc:2155 icu:90.00 pcu:621.50 scu:584.50 tlayer:4 pbqpoffset:4.63 pbfactor:1.71 avgQpOffsetCutree:0.00;
in:188 out:188 type:B q:19.45 q-aq:18.19 q-noVbv:19.45 q-Rceq:1.00 tex:40796 mv:14966 misc:3086 icu:226.75 pcu:633.50 scu:435.75 tlayer:3 pbqpoffset:1.91 pbfactor:1.25 avgQpOffsetCutree:-1.56;
in:187 out:189 type:b q:21.85 q-aq:22.02 q-noVbv:21.85 q-Rceq:1.00 tex:14910 mv:7831 misc:2019 icu:96.50 pcu:468.75 scu:730.75 tlayer:4 pbqpoffset:4.26 pbfactor:1.64 avgQpOffsetCutree:0.00;
in:189 out:190 type:b q:22.73 q-aq:23.00 q-noVbv:22.73 q-Rceq:1.00 tex:9937 mv:7585 misc:1910 icu:69.25 pcu:568.75 scu:658.00 tlayer:4 pbqpoffset:5.23 pbfactor:1.83 avgQpOffsetCutree:0.00;
in:202 out:191 type:k q:16.51 q-aq:10.60 q-noVbv:16.51 q-Rceq:1.00 tex:367403 mv:41323 misc:2538 icu:1209.50 pcu:85.75 scu:0.75 tlayer:0 pbqpoffset:0.49 pbfactor:1.06 avgQpOffsetCutree:-6.16;
in:196 out:192 type:B q:18.36 q-aq:13.91 q-noVbv:18.36 q-Rceq:1.00 tex:147348 mv:22275 misc:3057 icu:552.50 pcu:592.50 scu:151.00 tlayer:1 pbqpoffset:1.37 pbfactor:1.17 avgQpOffsetCutree:-4.17;
in:193 out:193 type:B q:18.60 q-aq:15.39 q-noVbv:18.60 q-Rceq:1.00 tex:119469 mv:21560 misc:3811 icu:418.75 pcu:609.50 scu:267.75 tlayer:2 pbqpoffset:1.37 pbfactor:1.17 avgQpOffsetCutree:-2.92;
in:192 out:194 type:B q:19.70 q-aq:20.54 q-noVbv:19.70 q-Rceq:1.00 tex:26198 mv:9509 misc:2933 icu:118.00 pcu:482.50 scu:695.50 tlayer:3 pbqpoffset:2.40 pbfactor:1.32 avgQpOffsetCutree:-0.22;
in:191 out:195 type:b q:21.19 q-aq:21.05 q-noVbv:21.19 q-Rceq:1.00 tex:13343 mv:7057 misc:2120 icu:71.25 pcu:488.25 scu:736.50 tlayer:4 pbqpoffset:3.81 pbfactor:1.55 avgQpOffsetCutree:0.00;
in:195 out:196 type:B q:19.91 q-aq:19.74 q-noVbv:19.91 q-Rceq:1.00 tex:27144 mv:13098 misc:2990 icu:95.25 pcu:661.75 scu:539.00 tlayer:3 pbqpoffset:2.84 pbfactor:1.39 avgQpOffsetCutree:-0.74;
in:194 out:197 type:b q:22.74 q-aq:23.00 q-noVbv:22.74 q-Rceq:1.00 tex:9858 mv:7437 misc:1833 icu:40.75 pcu:536.25 scu:719.00 tlayer:4 pbqpoffset:5.59 pbfactor:1.91 avgQpOffsetCutree:0.00;
in:199 out:198 type:B q:18.73 q-aq:16.09 q-noVbv:18.73 q-Rceq:1.00 tex:52530 mv:16303 misc:3191 icu:270.00 pcu:511.25 scu:514.75 tlayer:2 pbqpoffset:1.97 pbfactor:1.26 avgQpOffsetCutree:-2.75;
in:198 out:199 type:B q:20.07 q-aq:20.20 q-noVbv:20.07 q-Rceq:1.00 tex:19789 mv:9297 misc:2266 icu:125.25 pcu:357.50 scu:813.25 tlayer:3 pbqpoffset:3.24 pbfactor:1.45 avgQpOffsetCutree:-0.63;
in:197 out:200 type:b q:22.52 q-aq:22.84 q-noVbv:22.52 q-Rceq:1.00 tex:9449 mv:7310 misc:1681 icu:68.25 pcu:525.00 scu:702.75 tlayer:4 pbqpoffset:5.61 pbfactor:1.91 avgQpOffsetCutree:0.00;
in:201 out:201 type:B q:19.83 q-aq:19.85 q-noVbv:19.83 q-Rceq:1.00 tex:24018 mv:10540 misc:2410 icu:111.75 pcu:449.50 scu:734.75 tlayer:3 pbqpoffset:3.24 pbfactor:1.45 avgQpOffsetCutree:-0.60;
in:200 out:202 type:b q:22.91 q-aq:23.01 q-noVbv:22.91 q-Rceq:1.00 tex:11315 mv:7740 misc:1977 icu:78.25 pcu:475.25 scu:742.50 tlayer:4 pbqpoffset:6.24 pbfactor:2.06 avgQpOffsetCutree:0.00;
in:218 out:203 type:k q:16.49 q-aq:11.04 q-noVbv:16.49 q-Rceq:1.00 tex:344034 mv:39689 misc:2445 icu:1192.75 pcu:103.25 scu:0.00 tlayer:0 pbqpoffset:0.50 pbfactor:1.06 avgQpOffsetCutree:-5.73;
in:210 out:204 type:B q:17.80 q-aq:13.14 q-noVbv:17.80 q-Rceq:1.00 tex:217234 mv:28603 misc:3019 icu:693.00 pcu:535.75 scu:67.25 tlayer:1 pbqpoffset:1.30 pbfactor:1.16 avgQpOffsetCutree:-4.60;
in:206 out:205 type:B q:17.81 q-aq:15.59 q-noVbv:17.81 q-Rceq:1.00 tex:74443 mv:18769 misc:3356 icu:381.00 pcu:506.50 scu:408.50 tlayer:2 pbqpoffset:1.30 pbfactor:1.16 avgQpOffsetCutree:-2.25;
in:204 out:206 type:B q:18.78 q-aq:17.63 q-noVbv:18.78 q-Rceq:1.00 tex:35284 mv:12568 misc:2612 icu:165.75 pcu:429.75 scu:700.50 tlayer:3 pbqpoffset:2.27 pbfactor:1.30 avgQpOffsetCutree:-1.68;
in:203 out:207 type:b q:22.33 q-aq:22.30 q-noVbv:22.33 q-Rceq:1.00 tex:12324 mv:7196 misc:1776 icu:67.00 pcu:386.25 scu:842.75 tlayer:4 pbqpoffset:5.81 pbfactor:1.96 avgQpOffsetCutree:0.00;
in:205 out:208 type:b q:22.04 q-aq:22.05 q-noVbv:22.04 q-Rceq:1.00 tex:14573 mv:7330 misc:1737 icu:85.00 pcu:426.75 scu:784.25 tlayer:4 pbqpoffset:5.53 pbfactor:1.89 avgQpOffsetCutree:0.00;
in:208 out:209 type:B q:18.94 q-aq:17.73 q-noVbv:18.94 q-Rceq:1.00 tex:41698 mv:10948 misc:2170 icu:260.75 pcu:198.00 scu:837.25 tlayer:3 pbqpoffset:2.43 pbfactor:1.32 avgQpOffsetCutree:-1.71;
in:207 out:210 type:b q:20.42 q-aq:20.20 q-noVbv:20.42 q-Rceq:1.00 tex:17029 mv:7487 misc:2196 icu:110.25 pcu:408.00 scu:777.75 tlayer:4 pbqpoffset:3.92 pbfactor:1.57 avgQpOffsetCutree:0.00;
in:209 out:211 type:b q:22.67 q-aq:23.12 q-noVbv:22.67 q-Rceq:1.00 tex:11545 mv:7169 misc:1654 icu:59.75 pcu:340.75 scu:895.50 tlayer:4 pbqpoffset:6.16 pbfactor:2.04 avgQpOffsetCutree:0.00;
in:214 out:212 type:B q:17.79 q-aq:14.26 q-noVbv:17.79 q-Rceq:1.00 tex:80585 mv:21130 misc:3485 icu:412.25 pcu:569.75 scu:314.00 tlayer:2 pbqpoffset:1.30 pbfactor:1.16 avgQpOffsetCutree:-3.27;
in:212 out:213 type:B q:18.16 q-aq:16.69 q-noVbv:18.16 q-Rceq:1.00 tex:47700 mv:16191 misc:3117 icu:233.00 pcu:608.75 scu:454.25 tlayer:3 pbqpoffset:1.66 pbfactor:1.21 avgQpOffsetCutree:-1.76;
in:211 out:214 type:b q:21.95 q-aq:22.04 q-noVbv:21.95 q-Rceq:1.00 tex:14941 mv:8980 misc:2023 icu:78.75 pcu:529.75 scu:687.50 tlayer:4 pbqpoffset:5.45 pbfactor:1.88 avgQpOffsetCutree:0.00;
in:213 out:215 type:b q:21.24 q-aq:21.32 q-noVbv:21.24 q-Rceq:1.00 tex:16398 mv:9890 misc:2280 icu:73.50 pcu:538.50 scu:684.00 tlayer:4 pbqpoffset:4.74 pbfactor:1.73 avgQpOffsetCutree:0.00;
in:216 out:216 type:B q:18.52 q-aq:17.73 q-noVbv:18.52 q-Rceq:1.00 tex:39676 mv:13975 misc:2421 icu:216.25 pcu:423.25 scu:656.50 tlayer:3 pbqpoffset:2.03 pbfactor:1.26 avgQpOffsetCutree:-1.13;
in:215 out:217 type:b q:21.62 q-aq:22.00 q-noVbv:21.62 q-Rceq:1.00 tex:13835 mv:8115 misc:1938 icu:95.00 pcu:361.25 scu:839.75 tlayer:4 pbqpoffset:5.13 pbfactor:1.81 avgQpOffsetCutree:0.00;
in:217 out:218 type:b q:20.63 q-aq:21.01 q-noVbv:20.63 q-Rceq:1.00 tex:14952 mv:10019 misc:2045 icu:73.75 pcu:615.75 scu:606.50 tlayer:4 pbqpoffset:4.14 pbfactor:1.61 avgQpOffsetCutree:0.00;
in:234 out:219 type:k q:16.52 q-aq:11.56 q-noVbv:16.52 q-Rceq:1.00 tex:351616 mv:41241 misc:2791 icu:1216.50 pcu:79.25 scu:0.25 tlayer:0 pbqpoffset:0.52 pbfactor:1.06 avgQpOffsetCutree:-5.51;
in:226 out:220 type:B q:17.91 q-aq:13.74 q-noVbv:17.91 q-Rceq:1.00 tex:168897 mv:26810 misc:3221 icu:724.75 pcu:385.75 scu:185.50 tlayer:1 pbqpoffset:1.40 pbfactor:1.18 avgQpOffsetCutree:-4.21;
in:222 out:221 type:B q:17.90 q-aq:14.89 q-noVbv:17.90 q-Rceq:1.00 tex:99262 mv:19241 misc:3401 icu:484.50 pcu:550.50 scu:261.00 tlayer:2 pbqpoffset:1.40 pbfactor:1.18 avgQpOffsetCutree:-3.06;
in:220 out:222 type:B q:19.25 q-aq:17.70 q-noVbv:19.25 q-Rceq:1.00 tex:39241 mv:14971 misc:2788 icu:207.25 pcu:596.00 scu:492.75 tlayer:3 pbqpoffset:2.76 pbfactor:1.38 avgQpOffsetCutree:-2.03;
in:219 out:223 type:b q:22.37 q-aq:22.44 q-noVbv:22.37 q-Rceq:1.00 tex:11575 mv:7670 misc:1947 icu:67.50 pcu:486.00 scu:742.50 tlayer:4 pbqpoffset:5.88 pbfactor:1.97 avgQpOffsetCutree:0.00;
in:221 out:224 type:b q:22.76 q-aq:23.00 q-noVbv:22.76 q-Rceq:1.00 tex:11254 mv:6815 misc:1827 icu:84.25 pcu:442.25 scu:769.50 tlayer:4 pbqpoffset:6.26 pbfactor:2.06 avgQpOffsetCutree:0.00;
in:224 out:225 type:B q:18.82 q-aq:17.85 q-noVbv:18.82 q-Rceq:1.00 tex:58530 mv:16393 misc:3109 icu:336.00 pcu:445.50 scu:514.50 tlayer:3 pbqpoffset:2.32 pbfactor:1.31 avgQpOffsetCutree:-1.44;
in:223 out:226 type:b q:22.76 q-aq:23.02 q-noVbv:22.76 q-Rceq:1.00 tex:12118 mv:6828 misc:1590 icu:118.50 pcu:298.25 scu:879.25 tlayer:4 pbqpoffset:6.26 pbfactor:2.06 avgQpOffsetCutree:0.00;
in:225 out:227 type:b q:22.77 q-aq:23.00 q-noVbv:22.77 q-Rceq:1.00 tex:12379 mv:8826 misc:1995 icu:64.25 pcu:537.25 scu:694.50 tlayer:4 pbqpoffset:6.26 pbfactor:2.06 avgQpOffsetCutree:0.00;
in:230 out:228 type:B q:17.91 q-aq:14.99 q-noVbv:17.91 q-Rceq:1.00 tex:97256 mv:21457 misc:3055 icu:425.00 pcu:432.00 scu:439.00 tlayer:2 pbqpoffset:1.40 pbfactor:1.18 avgQpOffsetCutree:-3.33;
in:228 out:229 type:B q:19.25 q-aq:18.60 q-noVbv:19.25 q-Rceq:1.00 tex:44572 mv:17110 misc:2678 icu:205.75 pcu:590.25 scu:500.00 tlayer:3 pbqpoffset:2.74 pbfactor:1.37 avgQpOffsetCutree:-1.45;
in:227 out:230 type:b q:22.77 q-aq:23.00 q-noVbv:22.77 q-Rceq:1.00 tex:14588 mv:9274 misc:2114 icu:79.75 pcu:525.75 scu:690.50 tlayer:4 pbqpoffset:6.26 pbfactor:2.06 avgQpOffsetCutree:0.00;
in:229 out:231 type:b q:22.78 q-aq:23.00 q-noVbv:22.78 q-Rceq:1.00 tex:14844 mv:9850 misc:2146 icu:65.00 pcu:499.00 scu:732.00 tlayer:4 pbqpoffset:6.26 pbfactor:2.06 avgQpOffsetCutree:0.00;
in:232 out:232 type:B q:18.58 q-aq:17.78 q-noVbv:18.58 q-Rceq:1.00 tex:59118 mv:17221 misc:2741 icu:246.75 pcu:511.50 scu:537.75 tlayer:3 pbqpoffset:2.06 pbfactor:1.27 avgQpOffsetCutree:-1.54;
in:231 out:233 type:b q:21.69 q-aq:22.00 q-noVbv:21.69 q-Rceq:1.00 tex:18487 mv:10516 misc:2237 icu:84.00 pcu:417.25 scu:794.75 tlayer:4 pbqpoffset:5.17 pbfactor:1.82 avgQpOffsetCutree:0.00;
in:233 out:234 type:b q:21.31 q-aq:21.51 q-noVbv:21.31 q-Rceq:1.00 tex:20343 mv:10739 misc:2134 icu:113.75 pcu:442.00 scu:740.25 tlayer:4 pbqpoffset:4.79 pbfactor:1.74 avgQpOffsetCutree:0.00;
in:249 out:235 type:k q:18.94 q-aq:16.48 q-noVbv:18.94 q-Rceq:1.00 tex:235738 mv:34043 misc:2563 icu:1219.25 pcu:76.50 scu:0.25 tlayer:0 pbqpoffset:0.40 pbfactor:1.05 avgQpOffsetCutree:-3.47;
in:242 out:236 type:B q:19.47 q-aq:16.00 q-noVbv:19.47 q-Rceq:1.00 tex:149316 mv:24425 misc:2971 icu:852.00 pcu:191.75 scu:252.25 tlayer:1 pbqpoffset:1.66 pbfactor:1.21 avgQpOffsetCutree:-4.13;
in:238 out:237 type:B q:18.83 q-aq:17.08 q-noVbv:18.83 q-Rceq:1.00 tex:100566 mv:19335 misc:3091 icu:569.00 pcu:270.75 scu:456.25 tlayer:2 pbqpoffset:1.66 pbfactor:1.21 avgQpOffsetCutree:-2.40;
in:236 out:238 type:B q:19.88 q-aq:19.05 q-noVbv:19.88 q-Rceq:1.00 tex:51081 mv:15338 misc:2501 icu:273.75 pcu:417.50 scu:604.75 tlayer:3 pbqpoffset:3.03 pbfactor:1.42 avgQpOffsetCutree:-1.83;
in:235 out:239 type:b q:23.14 q-aq:23.21 q-noVbv:23.14 q-Rceq:1.00 tex:18347 mv:9821 misc:2104 icu:116.75 pcu:429.75 scu:749.50 tlayer:4 pbqpoffset:6.46 pbfactor:2.11 avgQpOffsetCutree:0.00;
in:237 out:240 type:b q:23.53 q-aq:24.00 q-noVbv:23.53 q-Rceq:1.00 tex:15160 mv:9023 misc:1985 icu:106.50 pcu:395.75 scu:793.75 tlayer:4 pbqpoffset:6.52 pbfactor:2.12 avgQpOffsetCutree:0.00;
in:240 out:241 type:B q:19.60 q-aq:19.10 q-noVbv:19.60 q-Rceq:1.00 tex:68945 mv:18365 misc:2802 icu:462.25 pcu:311.50 scu:522.25 tlayer:3 pbqpoffset:2.11 pbfactor:1.28 avgQpOffsetCutree:-1.42;
in:239 out:242 type:b q:22.17 q-aq:22.35 q-noVbv:22.17 q-Rceq:1.00 tex:25481 mv:10257 misc:2574 icu:195.25 pcu:341.75 scu:759.00 tlayer:4 pbqpoffset:4.84 pbfactor:1.75 avgQpOffsetCutree:0.00;
in:241 out:243 type:b q:23.03 q-aq:23.12 q-noVbv:23.03 q-Rceq:1.00 tex:21392 mv:11887 misc:2457 icu:116.50 pcu:504.50 scu:675.00 tlayer:4 pbqpoffset:5.38 pbfactor:1.86 avgQpOffsetCutree:0.00;
in:246 out:244 type:B q:20.12 q-aq:18.05 q-noVbv:20.12 q-Rceq:1.00 tex:86901 mv:21966 misc:2933 icu:429.75 pcu:457.50 scu:408.75 tlayer:2 pbqpoffset:1.66 pbfactor:1.21 avgQpOffsetCutree:-2.69;
in:244 out:245 type:B q:20.91 q-aq:20.08 q-noVbv:20.91 q-Rceq:1.00 tex:46951 mv:17671 misc:2994 icu:212.00 pcu:540.25 scu:543.75 tlayer:3 pbqpoffset:2.77 pbfactor:1.38 avgQpOffsetCutree:-1.65;
in:243 out:246 type:b q:24.20 q-aq:24.25 q-noVbv:24.20 q-Rceq:1.00 tex:12588 mv:9541 misc:2279 icu:66.50 pcu:493.00 scu:736.50 tlayer:4 pbqpoffset:6.22 pbfactor:2.05 avgQpOffsetCutree:0.00;
in:245 out:247 type:b q:24.38 q-aq:24.47 q-noVbv:24.38 q-Rceq:1.00 tex:11910 mv:10133 misc:2373 icu:72.00 pcu:573.75 scu:650.25 tlayer:4 pbqpoffset:6.09 pbfactor:2.02 avgQpOffsetCutree:0.00;
in:248 out:248 type:B q:22.01 q-aq:22.22 q-noVbv:22.01 q-Rceq:1.00 tex:32271 mv:16041 misc:2912 icu:180.50 pcu:525.75 scu:589.75 tlayer:3 pbqpoffset:3.22 pbfactor:1.45 avgQpOffsetCutree:-0.57;
in:247 out:249 type:b q:24.36 q-aq:24.45 q-noVbv:24.36 q-Rceq:1.00 tex:13155 mv:10154 misc:2331 icu:86.00 pcu:515.50 scu:694.50 tlayer:4 pbqpoffset:5.74 pbfactor:1.94 avgQpOffsetCutree:0.00;
