000 (012.000.000) 2020-12-21 07:19:58 Job submitted from host: <10.0.0.63:9618?PrivAddr=%3c10.0.0.63:9618%3fsock%3dschedd_6827_5527%3e&PrivNet=ryzen7-1700x&addrs=10.0.0.63-9618&alias=ryzen7-1700x&noUDP&sock=schedd_6827_5527>
...
040 (012.000.000) 2020-12-21 07:20:18 Entered queue to transfer input files
	Transferring to host: <10.0.0.63:9618?PrivAddr=%3c10.0.0.63:9618%3fsock%3dslot11_6886_8f51_15%3e&PrivNet=ryzen7-1700x&addrs=10.0.0.63-9618&alias=ryzen7-1700x&noUDP&sock=slot11_6886_8f51_15>
...
040 (012.000.000) 2020-12-21 07:20:21 Started transferring input files
	Seconds spent in queue: 3
...
040 (012.000.000) 2020-12-21 07:20:21 Finished transferring input files
...
001 (012.000.000) 2020-12-21 07:20:22 Job executing on host: <10.0.0.63:9618?sock=startd_6827_5527>
...
006 (012.000.000) 2020-12-21 07:20:31 Image size of job updated: 188168
	184  -  MemoryUsage of job (MB)
	188168  -  ResidentSetSize of job (KB)
...
006 (012.000.000) 2020-12-21 07:25:32 Image size of job updated: 329276
	231  -  MemoryUsage of job (MB)
	236012  -  ResidentSetSize of job (KB)
...
040 (012.000.000) 2020-12-21 07:28:00 Started transferring output files
	Seconds spent in queue: 462
...
040 (012.000.000) 2020-12-21 07:28:01 Finished transferring output files
...
005 (012.000.000) 2020-12-21 07:28:01 Job terminated.
	(1) Normal termination (return value 0)
		Usr 0 00:07:33, Sys 0 00:00:00  -  Run Remote Usage
		Usr 0 00:00:00, Sys 0 00:00:00  -  Run Local Usage
		Usr 0 00:07:33, Sys 0 00:00:00  -  Total Remote Usage
		Usr 0 00:00:00, Sys 0 00:00:00  -  Total Local Usage
	3314691  -  Run Bytes Sent By Job
	4532560  -  Run Bytes Received By Job
	3314691  -  Total Bytes Sent By Job
	4532560  -  Total Bytes Received By Job
	Partitionable Resources :    Usage  Request Allocated 
	   Cpus                 :     1.00        1         1 
	   Disk (KB)            :  7678        4500   2904372 
	   Memory (MB)          :   231           5      2000 

	Job terminated of its own accord at 2020-12-21T12:28:00Z.
...
