#options: cpuid=1173503 frame-threads=1 no-wpp no-pmode no-pme psnr no-ssim log-level=2 bitdepth=8 input-csp=1 fps=25000/1000 input-res=768x432 interlace=0 total-frames=250 level-idc=0 high-tier=1 uhd-bd=0 ref=4 no-allow-non-conformance no-repeat-headers annexb no-aud no-hrd info hash=0 no-temporal-layers open-gop min-keyint=1 keyint=5000 bframes=15 b-adapt=2 b-pyramid bframe-bias=0 rc-lookahead=40 lookahead-slices=0 scenecut=40 no-intra-refresh ctu=64 min-cu-size=8 rect amp max-tu-size=32 tu-inter-depth=3 tu-intra-depth=3 limit-tu=4 rdoq-level=2 dynamic-rd=0.00 no-ssim-rd signhide no-tskip nr-intra=0 nr-inter=0 no-constrained-intra strong-intra-smoothing max-merge=4 limit-refs=1 limit-modes me=3 subme=4 merange=57 temporal-mvp weightp weightb no-analyze-src-pics deblock=0:0 sao no-sao-non-deblock rd=6 no-early-skip rskip no-fast-intra no-tskip-fast no-cu-lossless b-intra rdpenalty=0 psy-rd=0.00 psy-rdoq=0.00 no-rd-refine analysis-reuse-mode=0 no-lossless cbqpoffs=0 crqpoffs=0 rc=abr bitrate=2000 qcomp=0.60 qpstep=4 stats-write=1 stats-read=0 slow-firstpass ipratio=1.40 pbratio=1.30 aq-mode=1 aq-strength=0.00 cutree zone-count=0 no-strict-cbr qg-size=64 no-rc-grain qpmax=69 qpmin=0 no-const-vbv sar=0 overscan=0 videoformat=5 range=0 colorprim=2 transfer=2 colormatrix=2 chromaloc=0 display-window=0 max-cll=0,0 min-luma=0 max-luma=255 log2-max-poc-lsb=8 vui-timing-info vui-hrd-info slices=1 opt-qp-pps opt-ref-list-length-pps no-multi-pass-opt-rps scenecut-bias=0.05 no-opt-cu-delta-qp no-aq-motion no-hdr no-hdr-opt no-dhdr10-opt analysis-reuse-level=5 scale-factor=0 refine-intra=0 refine-inter=0 refine-mv=0 no-limit-sao ctu-info=0 max-tlayer=4
in:0 out:0 type:I q:21.01 q-aq:17.71 q-noVbv:21.01 q-Rceq:1.00 tex:150104 mv:24487 misc:2297 icu:1296.00 pcu:0.00 scu:0.00 tlayer:0 pbqpoffset:0.00 pbfactor:1.00 avgQpOffsetCutree:-3.37;
in:8 out:1 type:k q:23.92 q-aq:19.77 q-noVbv:23.92 q-Rceq:1.00 tex:102613 mv:17164 misc:2431 icu:1017.75 pcu:150.75 scu:127.50 tlayer:0 pbqpoffset:0.00 pbfactor:1.00 avgQpOffsetCutree:-3.91;
in:4 out:2 type:B q:25.57 q-aq:22.84 q-noVbv:25.57 q-Rceq:1.00 tex:48151 mv:16578 misc:2895 icu:551.75 pcu:433.50 scu:310.75 tlayer:1 pbqpoffset:1.65 pbfactor:1.21 avgQpOffsetCutree:-2.92;
in:2 out:3 type:B q:25.57 q-aq:24.92 q-noVbv:25.57 q-Rceq:1.00 tex:24315 mv:13620 misc:2665 icu:275.25 pcu:605.00 scu:415.75 tlayer:2 pbqpoffset:1.65 pbfactor:1.21 avgQpOffsetCutree:-1.41;
in:1 out:4 type:b q:27.20 q-aq:27.11 q-noVbv:27.20 q-Rceq:1.00 tex:10596 mv:9879 misc:2189 icu:125.00 pcu:577.00 scu:594.00 tlayer:3 pbqpoffset:3.28 pbfactor:1.46 avgQpOffsetCutree:0.00;
in:3 out:5 type:b q:28.03 q-aq:28.01 q-noVbv:28.03 q-Rceq:1.00 tex:7067 mv:7857 misc:1940 icu:98.50 pcu:573.50 scu:624.00 tlayer:3 pbqpoffset:4.11 pbfactor:1.61 avgQpOffsetCutree:0.00;
in:6 out:6 type:B q:25.57 q-aq:24.47 q-noVbv:25.57 q-Rceq:1.00 tex:25431 mv:12838 misc:2635 icu:354.00 pcu:491.25 scu:450.75 tlayer:2 pbqpoffset:1.65 pbfactor:1.21 avgQpOffsetCutree:-1.54;
in:5 out:7 type:b q:28.33 q-aq:28.11 q-noVbv:28.33 q-Rceq:1.00 tex:6261 mv:6861 misc:1846 icu:123.00 pcu:515.50 scu:657.50 tlayer:3 pbqpoffset:4.41 pbfactor:1.66 avgQpOffsetCutree:0.00;
in:7 out:8 type:b q:27.40 q-aq:27.33 q-noVbv:27.40 q-Rceq:1.00 tex:8769 mv:8153 misc:2094 icu:165.25 pcu:489.00 scu:641.75 tlayer:3 pbqpoffset:3.48 pbfactor:1.50 avgQpOffsetCutree:0.00;
in:22 out:9 type:k q:19.92 q-aq:16.12 q-noVbv:19.92 q-Rceq:1.00 tex:190249 mv:26900 misc:2507 icu:1259.75 pcu:36.25 scu:0.00 tlayer:0 pbqpoffset:0.00 pbfactor:1.00 avgQpOffsetCutree:-3.89;
in:15 out:10 type:B q:23.50 q-aq:20.43 q-noVbv:23.50 q-Rceq:1.00 tex:84845 mv:16774 misc:2773 icu:875.50 pcu:242.00 scu:178.50 tlayer:1 pbqpoffset:1.58 pbfactor:1.20 avgQpOffsetCutree:-3.15;
in:12 out:11 type:B q:24.36 q-aq:21.58 q-noVbv:24.36 q-Rceq:1.00 tex:46763 mv:14463 misc:2686 icu:436.00 pcu:413.25 scu:446.75 tlayer:2 pbqpoffset:1.58 pbfactor:1.20 avgQpOffsetCutree:-2.86;
in:10 out:12 type:B q:25.05 q-aq:23.74 q-noVbv:25.05 q-Rceq:1.00 tex:26730 mv:13778 misc:2708 icu:305.50 pcu:476.00 scu:514.50 tlayer:3 pbqpoffset:1.70 pbfactor:1.22 avgQpOffsetCutree:-1.81;
in:9 out:13 type:b q:28.11 q-aq:28.05 q-noVbv:28.11 q-Rceq:1.00 tex:6255 mv:7457 misc:1856 icu:144.00 pcu:486.00 scu:666.00 tlayer:4 pbqpoffset:4.48 pbfactor:1.68 avgQpOffsetCutree:0.00;
in:11 out:14 type:b q:28.22 q-aq:28.03 q-noVbv:28.22 q-Rceq:1.00 tex:5748 mv:6736 misc:1820 icu:61.75 pcu:536.00 scu:698.25 tlayer:4 pbqpoffset:5.15 pbfactor:1.81 avgQpOffsetCutree:0.00;
in:14 out:15 type:B q:25.43 q-aq:25.59 q-noVbv:25.43 q-Rceq:1.00 tex:12121 mv:10040 misc:2543 icu:118.50 pcu:472.00 scu:705.50 tlayer:3 pbqpoffset:3.22 pbfactor:1.45 avgQpOffsetCutree:-0.58;
in:13 out:16 type:b q:27.62 q-aq:28.00 q-noVbv:27.62 q-Rceq:1.00 tex:5775 mv:6706 misc:1695 icu:62.00 pcu:470.00 scu:764.00 tlayer:4 pbqpoffset:5.13 pbfactor:1.81 avgQpOffsetCutree:0.00;
in:19 out:17 type:B q:22.36 q-aq:19.36 q-noVbv:22.36 q-Rceq:1.00 tex:95318 mv:18877 misc:2597 icu:799.00 pcu:235.75 scu:261.25 tlayer:2 pbqpoffset:1.58 pbfactor:1.20 avgQpOffsetCutree:-3.15;
in:17 out:18 type:B q:22.93 q-aq:21.03 q-noVbv:22.93 q-Rceq:1.00 tex:62889 mv:15130 misc:2773 icu:452.00 pcu:366.75 scu:477.25 tlayer:3 pbqpoffset:1.58 pbfactor:1.20 avgQpOffsetCutree:-2.19;
in:16 out:19 type:b q:24.92 q-aq:25.01 q-noVbv:24.92 q-Rceq:1.00 tex:21080 mv:9490 misc:2598 icu:190.50 pcu:438.25 scu:667.25 tlayer:4 pbqpoffset:3.28 pbfactor:1.46 avgQpOffsetCutree:0.00;
in:18 out:20 type:b q:25.46 q-aq:25.43 q-noVbv:25.46 q-Rceq:1.00 tex:8955 mv:8528 misc:2325 icu:91.25 pcu:464.50 scu:740.25 tlayer:4 pbqpoffset:4.39 pbfactor:1.66 avgQpOffsetCutree:0.00;
in:21 out:21 type:B q:22.20 q-aq:22.66 q-noVbv:22.20 q-Rceq:1.00 tex:29636 mv:14069 misc:2783 icu:295.00 pcu:477.00 scu:524.00 tlayer:3 pbqpoffset:1.99 pbfactor:1.26 avgQpOffsetCutree:-0.46;
in:20 out:22 type:b q:24.57 q-aq:25.00 q-noVbv:24.57 q-Rceq:1.00 tex:12949 mv:8272 misc:2067 icu:152.50 pcu:468.25 scu:675.25 tlayer:4 pbqpoffset:4.08 pbfactor:1.60 avgQpOffsetCutree:0.00;
in:31 out:23 type:k q:16.57 q-aq:13.46 q-noVbv:16.57 q-Rceq:1.00 tex:175668 mv:25776 misc:2668 icu:1152.25 pcu:71.50 scu:72.25 tlayer:0 pbqpoffset:0.00 pbfactor:1.00 avgQpOffsetCutree:-3.18;
in:27 out:24 type:B q:19.60 q-aq:17.51 q-noVbv:19.60 q-Rceq:1.00 tex:100132 mv:18697 misc:2555 icu:882.50 pcu:196.75 scu:216.75 tlayer:1 pbqpoffset:1.54 pbfactor:1.20 avgQpOffsetCutree:-2.69;
in:25 out:25 type:B q:20.35 q-aq:19.00 q-noVbv:20.35 q-Rceq:1.00 tex:65641 mv:18997 misc:2858 icu:520.75 pcu:407.25 scu:368.00 tlayer:2 pbqpoffset:1.54 pbfactor:1.20 avgQpOffsetCutree:-1.83;
in:24 out:26 type:B q:20.73 q-aq:20.90 q-noVbv:20.73 q-Rceq:1.00 tex:37278 mv:13651 misc:3191 icu:309.25 pcu:448.50 scu:538.25 tlayer:3 pbqpoffset:1.55 pbfactor:1.20 avgQpOffsetCutree:-0.58;
in:23 out:27 type:b q:22.23 q-aq:22.15 q-noVbv:22.23 q-Rceq:1.00 tex:23657 mv:10031 misc:2400 icu:226.00 pcu:544.50 scu:525.50 tlayer:4 pbqpoffset:2.68 pbfactor:1.36 avgQpOffsetCutree:0.00;
in:26 out:28 type:b q:21.36 q-aq:21.25 q-noVbv:21.36 q-Rceq:1.00 tex:23957 mv:11136 misc:2539 icu:163.75 pcu:573.75 scu:558.50 tlayer:3 pbqpoffset:2.92 pbfactor:1.40 avgQpOffsetCutree:0.00;
in:29 out:29 type:B q:18.86 q-aq:17.95 q-noVbv:18.86 q-Rceq:1.00 tex:59781 mv:17863 misc:3404 icu:378.50 pcu:474.50 scu:443.00 tlayer:2 pbqpoffset:1.54 pbfactor:1.20 avgQpOffsetCutree:-1.42;
in:28 out:30 type:b q:20.74 q-aq:21.01 q-noVbv:20.74 q-Rceq:1.00 tex:26163 mv:11666 misc:2747 icu:183.50 pcu:537.50 scu:575.00 tlayer:3 pbqpoffset:3.06 pbfactor:1.42 avgQpOffsetCutree:0.00;
in:30 out:31 type:b q:21.07 q-aq:21.07 q-noVbv:21.07 q-Rceq:1.00 tex:19791 mv:9776 misc:2529 icu:112.75 pcu:507.75 scu:675.50 tlayer:3 pbqpoffset:4.13 pbfactor:1.61 avgQpOffsetCutree:0.00;
in:32 out:32 type:i q:18.64 q-aq:15.19 q-noVbv:18.64 q-Rceq:1.00 tex:176754 mv:25702 misc:2584 icu:1296.00 pcu:0.00 scu:0.00 tlayer:0 pbqpoffset:0.00 pbfactor:1.00 avgQpOffsetCutree:-3.59;
in:40 out:33 type:k q:18.65 q-aq:13.57 q-noVbv:18.65 q-Rceq:1.00 tex:174510 mv:27307 misc:2911 icu:1031.50 pcu:82.75 scu:181.75 tlayer:0 pbqpoffset:0.00 pbfactor:1.00 avgQpOffsetCutree:-4.77;
in:36 out:34 type:B q:20.26 q-aq:18.02 q-noVbv:20.26 q-Rceq:1.00 tex:85668 mv:19005 misc:2671 icu:655.25 pcu:272.50 scu:368.25 tlayer:1 pbqpoffset:1.60 pbfactor:1.20 avgQpOffsetCutree:-2.82;
in:34 out:35 type:B q:20.44 q-aq:19.65 q-noVbv:20.44 q-Rceq:1.00 tex:45433 mv:16189 misc:3074 icu:281.50 pcu:570.50 scu:444.00 tlayer:2 pbqpoffset:1.79 pbfactor:1.23 avgQpOffsetCutree:-1.46;
in:33 out:36 type:b q:23.17 q-aq:23.13 q-noVbv:23.17 q-Rceq:1.00 tex:13222 mv:9576 misc:2202 icu:111.00 pcu:498.00 scu:687.00 tlayer:3 pbqpoffset:4.52 pbfactor:1.69 avgQpOffsetCutree:0.00;
in:35 out:37 type:b q:22.78 q-aq:23.02 q-noVbv:22.78 q-Rceq:1.00 tex:15392 mv:11144 misc:2256 icu:128.50 pcu:554.00 scu:613.50 tlayer:3 pbqpoffset:4.13 pbfactor:1.61 avgQpOffsetCutree:0.00;
in:38 out:38 type:B q:20.63 q-aq:19.37 q-noVbv:20.63 q-Rceq:1.00 tex:47856 mv:16375 misc:2777 icu:295.75 pcu:498.50 scu:501.75 tlayer:2 pbqpoffset:1.98 pbfactor:1.26 avgQpOffsetCutree:-1.63;
in:37 out:39 type:b q:23.28 q-aq:23.10 q-noVbv:23.28 q-Rceq:1.00 tex:14262 mv:9838 misc:2252 icu:112.25 pcu:472.75 scu:711.00 tlayer:3 pbqpoffset:4.63 pbfactor:1.71 avgQpOffsetCutree:0.00;
in:39 out:40 type:b q:23.65 q-aq:24.00 q-noVbv:23.65 q-Rceq:1.00 tex:12027 mv:8671 misc:2038 icu:98.50 pcu:492.00 scu:705.50 tlayer:3 pbqpoffset:4.99 pbfactor:1.78 avgQpOffsetCutree:0.00;
in:56 out:41 type:k q:18.58 q-aq:12.57 q-noVbv:18.58 q-Rceq:1.00 tex:253967 mv:32584 misc:2657 icu:1259.50 pcu:36.00 scu:0.50 tlayer:0 pbqpoffset:0.00 pbfactor:1.00 avgQpOffsetCutree:-6.18;
in:48 out:42 type:B q:20.18 q-aq:16.35 q-noVbv:20.18 q-Rceq:1.00 tex:101522 mv:18035 misc:3011 icu:745.00 pcu:280.00 scu:271.00 tlayer:1 pbqpoffset:1.57 pbfactor:1.20 avgQpOffsetCutree:-3.87;
in:44 out:43 type:B q:20.20 q-aq:17.36 q-noVbv:20.20 q-Rceq:1.00 tex:109056 mv:19607 misc:2721 icu:706.00 pcu:194.25 scu:395.75 tlayer:2 pbqpoffset:1.57 pbfactor:1.20 avgQpOffsetCutree:-3.20;
in:42 out:44 type:B q:20.70 q-aq:19.34 q-noVbv:20.70 q-Rceq:1.00 tex:47914 mv:16497 misc:3029 icu:279.25 pcu:447.50 scu:569.25 tlayer:3 pbqpoffset:2.06 pbfactor:1.27 avgQpOffsetCutree:-1.69;
in:41 out:45 type:b q:23.67 q-aq:24.00 q-noVbv:23.67 q-Rceq:1.00 tex:11456 mv:8547 misc:2117 icu:89.75 pcu:464.25 scu:742.00 tlayer:4 pbqpoffset:5.02 pbfactor:1.79 avgQpOffsetCutree:0.00;
in:43 out:46 type:b q:23.78 q-aq:24.00 q-noVbv:23.78 q-Rceq:1.00 tex:11432 mv:9210 misc:2214 icu:92.75 pcu:422.50 scu:780.75 tlayer:4 pbqpoffset:5.14 pbfactor:1.81 avgQpOffsetCutree:0.00;
in:46 out:47 type:B q:20.64 q-aq:19.29 q-noVbv:20.64 q-Rceq:1.00 tex:51314 mv:14070 misc:3080 icu:374.00 pcu:374.25 scu:547.75 tlayer:3 pbqpoffset:2.01 pbfactor:1.26 avgQpOffsetCutree:-1.62;
in:45 out:48 type:b q:24.99 q-aq:25.01 q-noVbv:24.99 q-Rceq:1.00 tex:7712 mv:7177 misc:1647 icu:99.75 pcu:512.75 scu:683.50 tlayer:4 pbqpoffset:6.36 pbfactor:2.08 avgQpOffsetCutree:0.00;
in:47 out:49 type:b q:21.43 q-aq:21.37 q-noVbv:21.43 q-Rceq:1.00 tex:32996 mv:11317 misc:2855 icu:271.25 pcu:612.75 scu:412.00 tlayer:4 pbqpoffset:2.81 pbfactor:1.38 avgQpOffsetCutree:0.00;
in:52 out:50 type:B q:20.26 q-aq:17.18 q-noVbv:20.26 q-Rceq:1.00 tex:62040 mv:15285 misc:2699 icu:392.00 pcu:341.25 scu:562.75 tlayer:2 pbqpoffset:1.67 pbfactor:1.21 avgQpOffsetCutree:-3.02;
in:50 out:51 type:B q:21.86 q-aq:20.63 q-noVbv:21.86 q-Rceq:1.00 tex:27074 mv:11308 misc:2202 icu:222.25 pcu:403.50 scu:670.25 tlayer:3 pbqpoffset:3.26 pbfactor:1.46 avgQpOffsetCutree:-1.61;
in:49 out:52 type:b q:25.04 q-aq:25.01 q-noVbv:25.04 q-Rceq:1.00 tex:6757 mv:5832 misc:1579 icu:96.25 pcu:335.00 scu:864.75 tlayer:4 pbqpoffset:6.43 pbfactor:2.10 avgQpOffsetCutree:0.00;
in:51 out:53 type:b q:25.03 q-aq:25.02 q-noVbv:25.03 q-Rceq:1.00 tex:8153 mv:6712 misc:1711 icu:87.50 pcu:458.75 scu:749.75 tlayer:4 pbqpoffset:6.43 pbfactor:2.10 avgQpOffsetCutree:0.00;
in:54 out:54 type:B q:21.94 q-aq:20.66 q-noVbv:21.94 q-Rceq:1.00 tex:30053 mv:11142 misc:1973 icu:189.00 pcu:398.25 scu:708.75 tlayer:3 pbqpoffset:3.35 pbfactor:1.47 avgQpOffsetCutree:-1.72;
in:53 out:55 type:b q:25.02 q-aq:25.04 q-noVbv:25.02 q-Rceq:1.00 tex:7987 mv:6150 misc:1639 icu:71.00 pcu:325.75 scu:899.25 tlayer:4 pbqpoffset:6.43 pbfactor:2.10 avgQpOffsetCutree:0.00;
in:55 out:56 type:b q:25.01 q-aq:25.03 q-noVbv:25.01 q-Rceq:1.00 tex:6858 mv:6157 misc:1561 icu:63.50 pcu:336.25 scu:896.25 tlayer:4 pbqpoffset:6.43 pbfactor:2.10 avgQpOffsetCutree:0.00;
in:72 out:57 type:k q:14.58 q-aq:8.29 q-noVbv:14.58 q-Rceq:1.00 tex:420114 mv:40377 misc:2637 icu:1236.25 pcu:59.25 scu:0.50 tlayer:0 pbqpoffset:0.44 pbfactor:1.05 avgQpOffsetCutree:-6.52;
in:64 out:58 type:B q:18.11 q-aq:13.90 q-noVbv:18.11 q-Rceq:1.00 tex:107401 mv:17253 misc:3050 icu:556.00 pcu:290.50 scu:449.50 tlayer:1 pbqpoffset:1.54 pbfactor:1.19 avgQpOffsetCutree:-4.24;
in:60 out:59 type:B q:19.15 q-aq:15.36 q-noVbv:19.15 q-Rceq:1.00 tex:81695 mv:17482 misc:3343 icu:431.25 pcu:402.00 scu:462.75 tlayer:2 pbqpoffset:1.57 pbfactor:1.20 avgQpOffsetCutree:-3.52;
in:58 out:60 type:B q:21.48 q-aq:20.11 q-noVbv:21.48 q-Rceq:1.00 tex:23776 mv:10558 misc:2242 icu:152.50 pcu:494.25 scu:649.25 tlayer:3 pbqpoffset:3.40 pbfactor:1.48 avgQpOffsetCutree:-1.64;
in:57 out:61 type:b q:24.73 q-aq:25.00 q-noVbv:24.73 q-Rceq:1.00 tex:5835 mv:5235 misc:1394 icu:41.25 pcu:365.00 scu:889.75 tlayer:4 pbqpoffset:6.40 pbfactor:2.09 avgQpOffsetCutree:0.00;
in:59 out:62 type:b q:24.23 q-aq:24.10 q-noVbv:24.23 q-Rceq:1.00 tex:8044 mv:6255 misc:1629 icu:80.00 pcu:465.50 scu:750.50 tlayer:4 pbqpoffset:6.40 pbfactor:2.09 avgQpOffsetCutree:0.00;
in:62 out:63 type:B q:19.65 q-aq:17.98 q-noVbv:19.65 q-Rceq:1.00 tex:44160 mv:11033 misc:2151 icu:243.00 pcu:269.25 scu:783.75 tlayer:3 pbqpoffset:2.58 pbfactor:1.35 avgQpOffsetCutree:-1.83;
in:61 out:64 type:b q:23.73 q-aq:24.00 q-noVbv:23.73 q-Rceq:1.00 tex:9038 mv:5780 misc:1446 icu:77.25 pcu:301.50 scu:917.25 tlayer:4 pbqpoffset:6.40 pbfactor:2.09 avgQpOffsetCutree:0.00;
in:63 out:65 type:b q:22.88 q-aq:23.01 q-noVbv:22.88 q-Rceq:1.00 tex:12419 mv:6303 misc:1630 icu:98.50 pcu:269.00 scu:928.50 tlayer:4 pbqpoffset:6.05 pbfactor:2.01 avgQpOffsetCutree:0.00;
in:68 out:66 type:B q:17.72 q-aq:14.82 q-noVbv:17.72 q-Rceq:1.00 tex:65689 mv:14315 misc:2348 icu:293.00 pcu:301.25 scu:701.75 tlayer:2 pbqpoffset:2.14 pbfactor:1.28 avgQpOffsetCutree:-2.97;
in:66 out:67 type:B q:19.48 q-aq:18.24 q-noVbv:19.48 q-Rceq:1.00 tex:32968 mv:10993 misc:2007 icu:166.75 pcu:350.75 scu:778.50 tlayer:3 pbqpoffset:3.40 pbfactor:1.48 avgQpOffsetCutree:-1.73;
in:65 out:68 type:b q:22.73 q-aq:23.00 q-noVbv:22.73 q-Rceq:1.00 tex:9429 mv:6483 misc:1600 icu:54.50 pcu:358.75 scu:882.75 tlayer:4 pbqpoffset:6.40 pbfactor:2.09 avgQpOffsetCutree:0.00;
in:67 out:69 type:b q:22.23 q-aq:22.10 q-noVbv:22.23 q-Rceq:1.00 tex:10418 mv:7181 misc:1569 icu:47.25 pcu:396.50 scu:852.25 tlayer:4 pbqpoffset:6.40 pbfactor:2.09 avgQpOffsetCutree:0.00;
in:70 out:70 type:B q:18.48 q-aq:17.17 q-noVbv:18.48 q-Rceq:1.00 tex:36967 mv:10495 misc:2042 icu:177.50 pcu:308.75 scu:809.75 tlayer:3 pbqpoffset:3.40 pbfactor:1.48 avgQpOffsetCutree:-1.88;
in:69 out:71 type:b q:21.73 q-aq:22.00 q-noVbv:21.73 q-Rceq:1.00 tex:10219 mv:7232 misc:1597 icu:62.75 pcu:296.75 scu:936.50 tlayer:4 pbqpoffset:6.40 pbfactor:2.09 avgQpOffsetCutree:0.00;
in:71 out:72 type:b q:21.23 q-aq:21.12 q-noVbv:21.23 q-Rceq:1.00 tex:12639 mv:6121 misc:1480 icu:99.00 pcu:262.50 scu:934.50 tlayer:4 pbqpoffset:6.40 pbfactor:2.09 avgQpOffsetCutree:0.00;
in:87 out:73 type:k q:14.02 q-aq:8.54 q-noVbv:14.02 q-Rceq:1.00 tex:451752 mv:42533 misc:2563 icu:1182.50 pcu:113.00 scu:0.50 tlayer:0 pbqpoffset:0.44 pbfactor:1.05 avgQpOffsetCutree:-6.14;
in:80 out:74 type:B q:15.79 q-aq:11.35 q-noVbv:15.79 q-Rceq:1.00 tex:121412 mv:15676 misc:2336 icu:479.00 pcu:133.00 scu:684.00 tlayer:1 pbqpoffset:1.51 pbfactor:1.19 avgQpOffsetCutree:-4.31;
in:76 out:75 type:B q:16.16 q-aq:12.91 q-noVbv:16.16 q-Rceq:1.00 tex:101664 mv:15273 misc:2215 icu:401.25 pcu:131.25 scu:763.50 tlayer:2 pbqpoffset:1.73 pbfactor:1.22 avgQpOffsetCutree:-3.32;
in:74 out:76 type:B q:17.88 q-aq:16.46 q-noVbv:17.88 q-Rceq:1.00 tex:40363 mv:11305 misc:1828 icu:207.25 pcu:271.75 scu:817.00 tlayer:3 pbqpoffset:3.38 pbfactor:1.48 avgQpOffsetCutree:-1.76;
in:73 out:77 type:b q:20.92 q-aq:21.02 q-noVbv:20.92 q-Rceq:1.00 tex:13039 mv:6473 misc:1456 icu:84.50 pcu:290.00 scu:921.50 tlayer:4 pbqpoffset:6.38 pbfactor:2.09 avgQpOffsetCutree:0.00;
in:75 out:78 type:b q:20.84 q-aq:21.00 q-noVbv:20.84 q-Rceq:1.00 tex:14526 mv:7607 misc:1507 icu:85.25 pcu:259.75 scu:951.00 tlayer:4 pbqpoffset:6.38 pbfactor:2.09 avgQpOffsetCutree:0.00;
in:78 out:79 type:B q:16.64 q-aq:15.23 q-noVbv:16.64 q-Rceq:1.00 tex:68676 mv:13165 misc:1951 icu:320.50 pcu:178.50 scu:797.00 tlayer:3 pbqpoffset:2.28 pbfactor:1.30 avgQpOffsetCutree:-1.80;
in:77 out:80 type:b q:20.77 q-aq:21.01 q-noVbv:20.77 q-Rceq:1.00 tex:17357 mv:8062 misc:1637 icu:100.00 pcu:316.25 scu:879.75 tlayer:4 pbqpoffset:6.38 pbfactor:2.09 avgQpOffsetCutree:0.00;
in:79 out:81 type:b q:19.54 q-aq:19.99 q-noVbv:19.54 q-Rceq:1.00 tex:26889 mv:7158 misc:1545 icu:182.00 pcu:219.25 scu:894.75 tlayer:4 pbqpoffset:5.22 pbfactor:1.83 avgQpOffsetCutree:0.00;
in:84 out:82 type:B q:15.87 q-aq:14.25 q-noVbv:15.87 q-Rceq:1.00 tex:88621 mv:15891 misc:1712 icu:333.25 pcu:174.50 scu:788.25 tlayer:2 pbqpoffset:1.74 pbfactor:1.22 avgQpOffsetCutree:-2.72;
in:82 out:83 type:B q:16.92 q-aq:15.94 q-noVbv:16.92 q-Rceq:1.00 tex:56072 mv:13068 misc:1708 icu:243.75 pcu:214.75 scu:837.50 tlayer:3 pbqpoffset:2.71 pbfactor:1.37 avgQpOffsetCutree:-1.72;
in:81 out:84 type:b q:20.03 q-aq:20.07 q-noVbv:20.03 q-Rceq:1.00 tex:22182 mv:8689 misc:1537 icu:133.25 pcu:273.25 scu:889.50 tlayer:4 pbqpoffset:5.79 pbfactor:1.95 avgQpOffsetCutree:0.00;
in:83 out:85 type:b q:20.00 q-aq:20.16 q-noVbv:20.00 q-Rceq:1.00 tex:20513 mv:8686 misc:1777 icu:108.00 pcu:258.50 scu:929.50 tlayer:4 pbqpoffset:5.83 pbfactor:1.96 avgQpOffsetCutree:0.00;
in:86 out:86 type:B q:17.44 q-aq:18.10 q-noVbv:17.44 q-Rceq:1.00 tex:35445 mv:11240 misc:1923 icu:169.00 pcu:250.75 scu:876.25 tlayer:3 pbqpoffset:3.38 pbfactor:1.48 avgQpOffsetCutree:-0.19;
in:85 out:87 type:b q:20.30 q-aq:20.17 q-noVbv:20.30 q-Rceq:1.00 tex:20416 mv:7312 misc:1712 icu:120.00 pcu:277.50 scu:898.50 tlayer:4 pbqpoffset:6.20 pbfactor:2.05 avgQpOffsetCutree:0.00;
in:103 out:88 type:k q:14.63 q-aq:9.33 q-noVbv:14.63 q-Rceq:1.00 tex:401042 mv:40786 misc:2652 icu:1217.75 pcu:78.25 scu:0.00 tlayer:0 pbqpoffset:0.41 pbfactor:1.05 avgQpOffsetCutree:-5.94;
in:95 out:89 type:B q:15.85 q-aq:13.30 q-noVbv:15.85 q-Rceq:1.00 tex:139903 mv:20669 misc:2900 icu:633.00 pcu:295.75 scu:367.25 tlayer:1 pbqpoffset:1.52 pbfactor:1.19 avgQpOffsetCutree:-2.56;
in:91 out:90 type:B q:15.70 q-aq:13.00 q-noVbv:15.70 q-Rceq:1.00 tex:103143 mv:18589 misc:2796 icu:401.75 pcu:356.50 scu:537.75 tlayer:2 pbqpoffset:1.52 pbfactor:1.19 avgQpOffsetCutree:-3.01;
in:89 out:91 type:B q:16.03 q-aq:15.21 q-noVbv:16.03 q-Rceq:1.00 tex:67665 mv:15049 misc:2390 icu:279.50 pcu:369.25 scu:647.25 tlayer:3 pbqpoffset:1.93 pbfactor:1.25 avgQpOffsetCutree:-1.59;
in:88 out:92 type:b q:19.70 q-aq:20.00 q-noVbv:19.70 q-Rceq:1.00 tex:22114 mv:8685 misc:1833 icu:126.25 pcu:404.00 scu:765.75 tlayer:4 pbqpoffset:5.64 pbfactor:1.92 avgQpOffsetCutree:0.00;
in:90 out:93 type:b q:19.08 q-aq:19.10 q-noVbv:19.08 q-Rceq:1.00 tex:27437 mv:9789 misc:1950 icu:141.25 pcu:356.25 scu:798.50 tlayer:4 pbqpoffset:4.95 pbfactor:1.77 avgQpOffsetCutree:0.00;
in:93 out:94 type:B q:17.05 q-aq:16.27 q-noVbv:17.05 q-Rceq:1.00 tex:51782 mv:12124 misc:2262 icu:230.75 pcu:395.50 scu:669.75 tlayer:3 pbqpoffset:2.80 pbfactor:1.38 avgQpOffsetCutree:-1.71;
in:92 out:95 type:b q:19.96 q-aq:20.06 q-noVbv:19.96 q-Rceq:1.00 tex:20146 mv:8402 misc:1980 icu:108.00 pcu:380.00 scu:808.00 tlayer:4 pbqpoffset:5.74 pbfactor:1.94 avgQpOffsetCutree:0.00;
in:94 out:96 type:b q:20.68 q-aq:21.00 q-noVbv:20.68 q-Rceq:1.00 tex:16748 mv:7554 misc:1602 icu:114.75 pcu:341.25 scu:840.00 tlayer:4 pbqpoffset:6.39 pbfactor:2.09 avgQpOffsetCutree:0.00;
in:99 out:97 type:B q:16.00 q-aq:12.29 q-noVbv:16.00 q-Rceq:1.00 tex:160705 mv:20826 misc:2893 icu:548.50 pcu:229.75 scu:517.75 tlayer:2 pbqpoffset:1.52 pbfactor:1.19 avgQpOffsetCutree:-4.01;
in:97 out:98 type:B q:16.14 q-aq:14.47 q-noVbv:16.14 q-Rceq:1.00 tex:100344 mv:15729 misc:2351 icu:407.25 pcu:196.75 scu:692.00 tlayer:3 pbqpoffset:1.73 pbfactor:1.22 avgQpOffsetCutree:-2.40;
in:96 out:99 type:b q:17.84 q-aq:18.13 q-noVbv:17.84 q-Rceq:1.00 tex:47202 mv:11441 misc:2165 icu:259.25 pcu:213.75 scu:823.00 tlayer:4 pbqpoffset:3.48 pbfactor:1.49 avgQpOffsetCutree:0.00;
in:98 out:100 type:b q:19.80 q-aq:20.02 q-noVbv:19.80 q-Rceq:1.00 tex:22456 mv:9378 misc:1942 icu:118.00 pcu:344.00 scu:834.00 tlayer:4 pbqpoffset:5.36 pbfactor:1.86 avgQpOffsetCutree:0.00;
in:101 out:101 type:B q:16.88 q-aq:16.04 q-noVbv:16.88 q-Rceq:1.00 tex:63011 mv:14912 misc:2421 icu:228.25 pcu:378.25 scu:689.50 tlayer:3 pbqpoffset:2.32 pbfactor:1.31 avgQpOffsetCutree:-1.67;
in:100 out:102 type:b q:19.78 q-aq:20.02 q-noVbv:19.78 q-Rceq:1.00 tex:21227 mv:8959 misc:1974 icu:114.00 pcu:332.50 scu:849.50 tlayer:4 pbqpoffset:5.26 pbfactor:1.84 avgQpOffsetCutree:0.00;
in:102 out:103 type:b q:19.66 q-aq:20.04 q-noVbv:19.66 q-Rceq:1.00 tex:22594 mv:9475 misc:1859 icu:111.00 pcu:396.25 scu:788.75 tlayer:4 pbqpoffset:5.06 pbfactor:1.80 avgQpOffsetCutree:0.00;
in:115 out:104 type:k q:14.65 q-aq:9.39 q-noVbv:14.65 q-Rceq:1.00 tex:414776 mv:40449 misc:2671 icu:1241.25 pcu:54.50 scu:0.25 tlayer:0 pbqpoffset:0.43 pbfactor:1.05 avgQpOffsetCutree:-5.98;
in:109 out:105 type:B q:16.23 q-aq:12.99 q-noVbv:16.23 q-Rceq:1.00 tex:158310 mv:22141 misc:3093 icu:574.75 pcu:285.75 scu:435.50 tlayer:1 pbqpoffset:1.59 pbfactor:1.20 avgQpOffsetCutree:-3.69;
in:106 out:106 type:B q:17.23 q-aq:15.09 q-noVbv:17.23 q-Rceq:1.00 tex:74166 mv:15578 misc:2528 icu:289.00 pcu:330.75 scu:676.25 tlayer:2 pbqpoffset:2.60 pbfactor:1.35 avgQpOffsetCutree:-2.99;
in:105 out:107 type:B q:18.09 q-aq:18.28 q-noVbv:18.09 q-Rceq:1.00 tex:41386 mv:12030 misc:2304 icu:188.25 pcu:309.00 scu:798.75 tlayer:3 pbqpoffset:3.45 pbfactor:1.49 avgQpOffsetCutree:-0.77;
in:104 out:108 type:b q:21.09 q-aq:21.18 q-noVbv:21.09 q-Rceq:1.00 tex:19208 mv:8663 misc:1865 icu:110.50 pcu:343.50 scu:842.00 tlayer:4 pbqpoffset:6.45 pbfactor:2.11 avgQpOffsetCutree:0.00;
in:108 out:109 type:B q:18.09 q-aq:18.54 q-noVbv:18.09 q-Rceq:1.00 tex:28674 mv:10560 misc:1998 icu:107.00 pcu:328.00 scu:861.00 tlayer:3 pbqpoffset:3.45 pbfactor:1.49 avgQpOffsetCutree:-0.22;
in:107 out:110 type:b q:21.09 q-aq:21.05 q-noVbv:21.09 q-Rceq:1.00 tex:16039 mv:6354 misc:1687 icu:84.00 pcu:317.50 scu:894.50 tlayer:4 pbqpoffset:6.45 pbfactor:2.11 avgQpOffsetCutree:0.00;
in:112 out:111 type:B q:16.44 q-aq:14.72 q-noVbv:16.44 q-Rceq:1.00 tex:104656 mv:18304 misc:2832 icu:403.25 pcu:295.50 scu:597.25 tlayer:2 pbqpoffset:1.79 pbfactor:1.23 avgQpOffsetCutree:-2.35;
in:111 out:112 type:B q:17.76 q-aq:17.76 q-noVbv:17.76 q-Rceq:1.00 tex:58598 mv:14369 misc:2801 icu:243.75 pcu:364.75 scu:687.50 tlayer:3 pbqpoffset:3.12 pbfactor:1.43 avgQpOffsetCutree:-0.72;
in:110 out:113 type:b q:21.09 q-aq:21.03 q-noVbv:21.09 q-Rceq:1.00 tex:12994 mv:7534 misc:1656 icu:48.25 pcu:312.00 scu:935.75 tlayer:4 pbqpoffset:6.45 pbfactor:2.11 avgQpOffsetCutree:0.00;
in:114 out:114 type:B q:18.10 q-aq:18.52 q-noVbv:18.10 q-Rceq:1.00 tex:33086 mv:13202 misc:2368 icu:108.75 pcu:383.00 scu:804.25 tlayer:3 pbqpoffset:3.45 pbfactor:1.49 avgQpOffsetCutree:-0.35;
in:113 out:115 type:b q:21.10 q-aq:21.12 q-noVbv:21.10 q-Rceq:1.00 tex:12912 mv:8821 misc:1731 icu:64.25 pcu:402.25 scu:829.50 tlayer:4 pbqpoffset:6.45 pbfactor:2.11 avgQpOffsetCutree:0.00;
in:131 out:116 type:k q:15.24 q-aq:10.65 q-noVbv:15.24 q-Rceq:1.00 tex:345444 mv:40139 misc:2737 icu:1262.25 pcu:33.75 scu:0.00 tlayer:0 pbqpoffset:0.40 pbfactor:1.05 avgQpOffsetCutree:-5.25;
in:123 out:117 type:B q:16.57 q-aq:12.48 q-noVbv:16.57 q-Rceq:1.00 tex:207808 mv:27445 misc:3363 icu:675.75 pcu:413.50 scu:206.75 tlayer:1 pbqpoffset:1.63 pbfactor:1.21 avgQpOffsetCutree:-4.35;
in:119 out:118 type:B q:16.49 q-aq:13.90 q-noVbv:16.49 q-Rceq:1.00 tex:111364 mv:22003 misc:3089 icu:390.00 pcu:472.25 scu:433.75 tlayer:2 pbqpoffset:1.70 pbfactor:1.22 avgQpOffsetCutree:-2.76;
in:117 out:119 type:B q:17.78 q-aq:16.62 q-noVbv:17.78 q-Rceq:1.00 tex:53190 mv:17014 misc:2716 icu:184.00 pcu:434.75 scu:677.25 tlayer:3 pbqpoffset:3.06 pbfactor:1.42 avgQpOffsetCutree:-1.59;
in:116 out:120 type:b q:21.17 q-aq:21.08 q-noVbv:21.17 q-Rceq:1.00 tex:13655 mv:8942 misc:1939 icu:72.50 pcu:435.50 scu:788.00 tlayer:4 pbqpoffset:6.49 pbfactor:2.12 avgQpOffsetCutree:0.00;
in:118 out:121 type:b q:21.25 q-aq:21.08 q-noVbv:21.25 q-Rceq:1.00 tex:14201 mv:9922 misc:2133 icu:79.25 pcu:480.50 scu:736.25 tlayer:4 pbqpoffset:6.49 pbfactor:2.12 avgQpOffsetCutree:0.00;
in:121 out:122 type:B q:17.36 q-aq:16.08 q-noVbv:17.36 q-Rceq:1.00 tex:62602 mv:18166 misc:2856 icu:217.00 pcu:585.00 scu:494.00 tlayer:3 pbqpoffset:2.49 pbfactor:1.33 avgQpOffsetCutree:-1.65;
in:120 out:123 type:b q:20.70 q-aq:21.00 q-noVbv:20.70 q-Rceq:1.00 tex:17865 mv:10100 misc:2083 icu:77.50 pcu:493.25 scu:725.25 tlayer:4 pbqpoffset:5.87 pbfactor:1.97 avgQpOffsetCutree:0.00;
in:122 out:124 type:b q:21.40 q-aq:21.39 q-noVbv:21.40 q-Rceq:1.00 tex:14357 mv:8091 misc:2056 icu:72.75 pcu:371.25 scu:852.00 tlayer:4 pbqpoffset:6.49 pbfactor:2.12 avgQpOffsetCutree:0.00;
in:127 out:125 type:B q:16.72 q-aq:14.92 q-noVbv:16.72 q-Rceq:1.00 tex:143084 mv:22202 misc:3522 icu:553.50 pcu:543.75 scu:198.75 tlayer:2 pbqpoffset:1.63 pbfactor:1.21 avgQpOffsetCutree:-2.23;
in:125 out:126 type:B q:17.30 q-aq:16.34 q-noVbv:17.30 q-Rceq:1.00 tex:62132 mv:17068 misc:3048 icu:204.25 pcu:611.50 scu:480.25 tlayer:3 pbqpoffset:2.29 pbfactor:1.30 avgQpOffsetCutree:-1.53;
in:124 out:127 type:b q:20.14 q-aq:20.08 q-noVbv:20.14 q-Rceq:1.00 tex:18304 mv:9777 misc:2207 icu:82.50 pcu:543.25 scu:670.25 tlayer:4 pbqpoffset:5.16 pbfactor:1.81 avgQpOffsetCutree:0.00;
in:126 out:128 type:b q:20.06 q-aq:20.07 q-noVbv:20.06 q-Rceq:1.00 tex:21744 mv:10908 misc:2436 icu:101.00 pcu:541.25 scu:653.75 tlayer:4 pbqpoffset:5.01 pbfactor:1.78 avgQpOffsetCutree:0.00;
in:129 out:129 type:B q:16.79 q-aq:15.02 q-noVbv:16.79 q-Rceq:1.00 tex:117133 mv:20807 misc:3444 icu:397.75 pcu:655.50 scu:242.75 tlayer:3 pbqpoffset:1.63 pbfactor:1.21 avgQpOffsetCutree:-2.02;
in:128 out:130 type:b q:18.28 q-aq:18.32 q-noVbv:18.28 q-Rceq:1.00 tex:55410 mv:14493 misc:3121 icu:212.50 pcu:583.50 scu:500.00 tlayer:4 pbqpoffset:3.15 pbfactor:1.44 avgQpOffsetCutree:0.00;
in:130 out:131 type:b q:19.56 q-aq:19.93 q-noVbv:19.56 q-Rceq:1.00 tex:19523 mv:10670 misc:2351 icu:82.50 pcu:505.75 scu:707.75 tlayer:4 pbqpoffset:4.35 pbfactor:1.65 avgQpOffsetCutree:0.00;
in:143 out:132 type:k q:15.60 q-aq:11.99 q-noVbv:15.60 q-Rceq:1.00 tex:259740 mv:36810 misc:3138 icu:1035.25 pcu:246.75 scu:14.00 tlayer:0 pbqpoffset:0.38 pbfactor:1.04 avgQpOffsetCutree:-3.98;
in:137 out:133 type:B q:16.92 q-aq:13.05 q-noVbv:16.92 q-Rceq:1.00 tex:160906 mv:31070 misc:3808 icu:590.50 pcu:602.75 scu:102.75 tlayer:1 pbqpoffset:1.50 pbfactor:1.19 avgQpOffsetCutree:-3.90;
in:134 out:134 type:B q:16.83 q-aq:14.86 q-noVbv:16.83 q-Rceq:1.00 tex:88042 mv:21780 misc:3450 icu:365.25 pcu:573.25 scu:357.50 tlayer:2 pbqpoffset:1.50 pbfactor:1.19 avgQpOffsetCutree:-2.10;
in:133 out:135 type:B q:18.00 q-aq:18.33 q-noVbv:18.00 q-Rceq:1.00 tex:36285 mv:15618 misc:2833 icu:172.25 pcu:616.25 scu:507.50 tlayer:3 pbqpoffset:2.69 pbfactor:1.36 avgQpOffsetCutree:-0.55;
in:132 out:136 type:b q:19.25 q-aq:19.22 q-noVbv:19.25 q-Rceq:1.00 tex:23299 mv:11163 misc:2410 icu:111.75 pcu:519.25 scu:665.00 tlayer:4 pbqpoffset:3.98 pbfactor:1.58 avgQpOffsetCutree:0.00;
in:136 out:137 type:B q:18.68 q-aq:18.45 q-noVbv:18.68 q-Rceq:1.00 tex:32571 mv:14323 misc:2938 icu:149.75 pcu:551.25 scu:595.00 tlayer:3 pbqpoffset:3.29 pbfactor:1.46 avgQpOffsetCutree:-0.93;
in:135 out:138 type:b q:21.16 q-aq:21.06 q-noVbv:21.16 q-Rceq:1.00 tex:14919 mv:9864 misc:2137 icu:86.75 pcu:594.50 scu:614.75 tlayer:4 pbqpoffset:5.80 pbfactor:1.95 avgQpOffsetCutree:0.00;
in:140 out:139 type:B q:17.01 q-aq:14.64 q-noVbv:17.01 q-Rceq:1.00 tex:98445 mv:24873 misc:3770 icu:387.75 pcu:637.75 scu:270.50 tlayer:2 pbqpoffset:1.50 pbfactor:1.19 avgQpOffsetCutree:-2.53;
in:139 out:140 type:B q:17.66 q-aq:17.92 q-noVbv:17.66 q-Rceq:1.00 tex:43840 mv:16527 misc:3201 icu:185.00 pcu:593.75 scu:517.25 tlayer:3 pbqpoffset:2.18 pbfactor:1.29 avgQpOffsetCutree:-0.64;
in:138 out:141 type:b q:19.70 q-aq:20.01 q-noVbv:19.70 q-Rceq:1.00 tex:23587 mv:11855 misc:2558 icu:103.25 pcu:599.75 scu:593.00 tlayer:4 pbqpoffset:4.25 pbfactor:1.63 avgQpOffsetCutree:0.00;
in:142 out:142 type:B q:18.42 q-aq:18.36 q-noVbv:18.42 q-Rceq:1.00 tex:30082 mv:15294 misc:2968 icu:131.25 pcu:616.50 scu:548.25 tlayer:3 pbqpoffset:2.84 pbfactor:1.39 avgQpOffsetCutree:-0.73;
in:141 out:143 type:b q:19.91 q-aq:20.04 q-noVbv:19.91 q-Rceq:1.00 tex:19596 mv:10722 misc:2538 icu:92.50 pcu:604.50 scu:599.00 tlayer:4 pbqpoffset:4.37 pbfactor:1.66 avgQpOffsetCutree:0.00;
in:156 out:144 type:k q:16.30 q-aq:12.32 q-noVbv:16.30 q-Rceq:1.00 tex:274211 mv:38123 misc:2794 icu:1278.50 pcu:17.50 scu:0.00 tlayer:0 pbqpoffset:0.39 pbfactor:1.05 avgQpOffsetCutree:-4.61;
in:150 out:145 type:B q:17.45 q-aq:13.63 q-noVbv:17.45 q-Rceq:1.00 tex:198131 mv:30288 misc:3661 icu:887.75 pcu:358.75 scu:49.50 tlayer:1 pbqpoffset:1.47 pbfactor:1.19 avgQpOffsetCutree:-4.13;
in:147 out:146 type:B q:17.29 q-aq:14.23 q-noVbv:17.29 q-Rceq:1.00 tex:151441 mv:26629 misc:3834 icu:640.50 pcu:529.50 scu:126.00 tlayer:2 pbqpoffset:1.47 pbfactor:1.19 avgQpOffsetCutree:-3.08;
in:145 out:147 type:B q:17.18 q-aq:15.32 q-noVbv:17.18 q-Rceq:1.00 tex:103382 mv:20364 misc:3678 icu:453.25 pcu:470.50 scu:372.25 tlayer:3 pbqpoffset:1.47 pbfactor:1.19 avgQpOffsetCutree:-2.12;
in:144 out:148 type:b q:18.28 q-aq:18.22 q-noVbv:18.28 q-Rceq:1.00 tex:50686 mv:14960 misc:3514 icu:257.75 pcu:529.50 scu:508.75 tlayer:4 pbqpoffset:2.62 pbfactor:1.35 avgQpOffsetCutree:0.00;
in:146 out:149 type:b q:20.50 q-aq:20.53 q-noVbv:20.50 q-Rceq:1.00 tex:18200 mv:9646 misc:2466 icu:92.50 pcu:572.75 scu:630.75 tlayer:4 pbqpoffset:4.73 pbfactor:1.73 avgQpOffsetCutree:0.00;
in:149 out:150 type:B q:19.26 q-aq:19.18 q-noVbv:19.26 q-Rceq:1.00 tex:28973 mv:13420 misc:2879 icu:150.00 pcu:547.25 scu:598.75 tlayer:3 pbqpoffset:3.34 pbfactor:1.47 avgQpOffsetCutree:-0.85;
in:148 out:151 type:b q:19.98 q-aq:20.07 q-noVbv:19.98 q-Rceq:1.00 tex:20225 mv:10227 misc:2524 icu:89.50 pcu:624.00 scu:582.50 tlayer:4 pbqpoffset:4.10 pbfactor:1.61 avgQpOffsetCutree:0.00;
in:153 out:152 type:B q:17.61 q-aq:15.18 q-noVbv:17.61 q-Rceq:1.00 tex:92223 mv:24639 misc:3810 icu:411.50 pcu:628.25 scu:256.25 tlayer:2 pbqpoffset:1.47 pbfactor:1.19 avgQpOffsetCutree:-2.46;
in:152 out:153 type:B q:18.69 q-aq:18.39 q-noVbv:18.69 q-Rceq:1.00 tex:36527 mv:15986 misc:3119 icu:218.75 pcu:578.50 scu:498.75 tlayer:3 pbqpoffset:2.60 pbfactor:1.35 avgQpOffsetCutree:-0.95;
in:151 out:154 type:b q:20.31 q-aq:20.22 q-noVbv:20.31 q-Rceq:1.00 tex:20933 mv:10625 misc:2522 icu:114.25 pcu:514.50 scu:667.25 tlayer:4 pbqpoffset:4.28 pbfactor:1.64 avgQpOffsetCutree:0.00;
in:155 out:155 type:B q:19.20 q-aq:19.24 q-noVbv:19.20 q-Rceq:1.00 tex:29719 mv:14875 misc:3062 icu:175.50 pcu:619.00 scu:501.50 tlayer:3 pbqpoffset:2.96 pbfactor:1.41 avgQpOffsetCutree:-0.80;
in:154 out:156 type:b q:20.94 q-aq:21.01 q-noVbv:20.94 q-Rceq:1.00 tex:16999 mv:10144 misc:2337 icu:99.75 pcu:652.50 scu:543.75 tlayer:4 pbqpoffset:4.75 pbfactor:1.73 avgQpOffsetCutree:0.00;
in:159 out:157 type:k q:17.03 q-aq:14.60 q-noVbv:17.03 q-Rceq:1.00 tex:128734 mv:25301 misc:3589 icu:609.50 pcu:514.75 scu:171.75 tlayer:0 pbqpoffset:0.39 pbfactor:1.05 avgQpOffsetCutree:-2.47;
in:158 out:158 type:B q:18.17 q-aq:18.20 q-noVbv:18.17 q-Rceq:1.00 tex:39017 mv:16301 misc:3186 icu:197.75 pcu:620.00 scu:478.25 tlayer:1 pbqpoffset:1.38 pbfactor:1.17 avgQpOffsetCutree:-0.68;
in:157 out:159 type:b q:19.06 q-aq:19.08 q-noVbv:19.06 q-Rceq:1.00 tex:28061 mv:13290 misc:2625 icu:151.75 pcu:625.50 scu:518.75 tlayer:2 pbqpoffset:2.52 pbfactor:1.34 avgQpOffsetCutree:0.00;
in:160 out:160 type:i q:18.89 q-aq:14.60 q-noVbv:18.89 q-Rceq:1.00 tex:211775 mv:30316 misc:2485 icu:1296.00 pcu:0.00 scu:0.00 tlayer:0 pbqpoffset:0.39 pbfactor:1.05 avgQpOffsetCutree:-4.12;
in:169 out:161 type:k q:17.80 q-aq:12.81 q-noVbv:17.80 q-Rceq:1.00 tex:226453 mv:34813 misc:3022 icu:1062.25 pcu:203.00 scu:30.75 tlayer:0 pbqpoffset:0.45 pbfactor:1.05 avgQpOffsetCutree:-4.64;
in:165 out:162 type:B q:19.36 q-aq:16.15 q-noVbv:19.36 q-Rceq:1.00 tex:103392 mv:25835 misc:3605 icu:604.00 pcu:513.75 scu:178.25 tlayer:1 pbqpoffset:1.56 pbfactor:1.20 avgQpOffsetCutree:-3.04;
in:163 out:163 type:B q:19.36 q-aq:17.56 q-noVbv:19.36 q-Rceq:1.00 tex:70959 mv:22748 misc:3365 icu:359.75 pcu:595.00 scu:341.25 tlayer:2 pbqpoffset:1.56 pbfactor:1.20 avgQpOffsetCutree:-2.00;
in:162 out:164 type:B q:19.82 q-aq:19.87 q-noVbv:19.82 q-Rceq:1.00 tex:31419 mv:16279 misc:3254 icu:153.25 pcu:692.75 scu:450.00 tlayer:3 pbqpoffset:2.02 pbfactor:1.26 avgQpOffsetCutree:-0.75;
in:161 out:165 type:b q:21.45 q-aq:21.45 q-noVbv:21.45 q-Rceq:1.00 tex:13748 mv:11621 misc:2591 icu:101.00 pcu:707.50 scu:487.50 tlayer:4 pbqpoffset:3.65 pbfactor:1.52 avgQpOffsetCutree:0.00;
in:164 out:166 type:b q:21.39 q-aq:21.21 q-noVbv:21.39 q-Rceq:1.00 tex:15036 mv:11648 misc:2644 icu:79.50 pcu:678.75 scu:537.75 tlayer:3 pbqpoffset:3.59 pbfactor:1.51 avgQpOffsetCutree:0.00;
in:167 out:167 type:B q:19.39 q-aq:17.89 q-noVbv:19.39 q-Rceq:1.00 tex:50950 mv:19578 misc:3320 icu:273.50 pcu:667.25 scu:355.25 tlayer:2 pbqpoffset:1.58 pbfactor:1.20 avgQpOffsetCutree:-1.67;
in:166 out:168 type:b q:22.10 q-aq:22.00 q-noVbv:22.10 q-Rceq:1.00 tex:11408 mv:10460 misc:2412 icu:64.50 pcu:661.50 scu:570.00 tlayer:3 pbqpoffset:4.30 pbfactor:1.64 avgQpOffsetCutree:0.00;
in:168 out:169 type:b q:21.75 q-aq:22.00 q-noVbv:21.75 q-Rceq:1.00 tex:11791 mv:9617 misc:2176 icu:73.75 pcu:595.00 scu:627.25 tlayer:3 pbqpoffset:3.94 pbfactor:1.58 avgQpOffsetCutree:0.00;
in:177 out:170 type:k q:17.16 q-aq:12.25 q-noVbv:17.16 q-Rceq:1.00 tex:270947 mv:35599 misc:2526 icu:1269.25 pcu:26.75 scu:0.00 tlayer:0 pbqpoffset:0.45 pbfactor:1.05 avgQpOffsetCutree:-5.33;
in:173 out:171 type:B q:18.93 q-aq:15.99 q-noVbv:18.93 q-Rceq:1.00 tex:108519 mv:20849 misc:3216 icu:662.50 pcu:447.50 scu:186.00 tlayer:1 pbqpoffset:1.45 pbfactor:1.18 avgQpOffsetCutree:-3.05;
in:171 out:172 type:B q:19.41 q-aq:18.34 q-noVbv:19.41 q-Rceq:1.00 tex:44700 mv:16563 misc:3185 icu:262.25 pcu:614.75 scu:419.00 tlayer:2 pbqpoffset:1.76 pbfactor:1.23 avgQpOffsetCutree:-1.52;
in:170 out:173 type:b q:22.23 q-aq:22.07 q-noVbv:22.23 q-Rceq:1.00 tex:11821 mv:9428 misc:2255 icu:86.25 pcu:607.25 scu:602.50 tlayer:3 pbqpoffset:4.51 pbfactor:1.68 avgQpOffsetCutree:0.00;
in:172 out:174 type:b q:21.95 q-aq:22.00 q-noVbv:21.95 q-Rceq:1.00 tex:12790 mv:9281 misc:2105 icu:93.50 pcu:602.50 scu:600.00 tlayer:3 pbqpoffset:4.39 pbfactor:1.66 avgQpOffsetCutree:0.00;
in:175 out:175 type:B q:18.80 q-aq:18.99 q-noVbv:18.80 q-Rceq:1.00 tex:53049 mv:14702 misc:3185 icu:363.00 pcu:532.00 scu:401.00 tlayer:2 pbqpoffset:1.48 pbfactor:1.19 avgQpOffsetCutree:-0.65;
in:174 out:176 type:b q:22.31 q-aq:22.17 q-noVbv:22.31 q-Rceq:1.00 tex:11134 mv:8126 misc:2164 icu:61.00 pcu:553.75 scu:681.25 tlayer:3 pbqpoffset:4.91 pbfactor:1.76 avgQpOffsetCutree:0.00;
in:176 out:177 type:b q:20.32 q-aq:20.28 q-noVbv:20.32 q-Rceq:1.00 tex:29873 mv:11472 misc:2967 icu:197.25 pcu:453.25 scu:645.50 tlayer:3 pbqpoffset:3.08 pbfactor:1.43 avgQpOffsetCutree:0.00;
in:193 out:178 type:k q:15.44 q-aq:9.57 q-noVbv:15.44 q-Rceq:1.00 tex:348880 mv:39662 misc:2538 icu:1268.25 pcu:27.75 scu:0.00 tlayer:0 pbqpoffset:0.49 pbfactor:1.06 avgQpOffsetCutree:-6.12;
in:185 out:179 type:B q:17.75 q-aq:12.91 q-noVbv:17.75 q-Rceq:1.00 tex:176027 mv:27501 misc:3056 icu:810.00 pcu:378.25 scu:107.75 tlayer:1 pbqpoffset:1.45 pbfactor:1.18 avgQpOffsetCutree:-4.66;
in:181 out:180 type:B q:18.18 q-aq:14.81 q-noVbv:18.18 q-Rceq:1.00 tex:87297 mv:21924 misc:3651 icu:442.25 pcu:514.25 scu:339.50 tlayer:2 pbqpoffset:1.45 pbfactor:1.18 avgQpOffsetCutree:-3.21;
in:179 out:181 type:B q:18.71 q-aq:17.22 q-noVbv:18.71 q-Rceq:1.00 tex:45431 mv:16452 misc:3077 icu:237.00 pcu:652.50 scu:406.50 tlayer:3 pbqpoffset:1.77 pbfactor:1.23 avgQpOffsetCutree:-1.71;
in:178 out:182 type:b q:21.44 q-aq:21.36 q-noVbv:21.44 q-Rceq:1.00 tex:12074 mv:9443 misc:2219 icu:77.25 pcu:620.75 scu:598.00 tlayer:4 pbqpoffset:4.39 pbfactor:1.66 avgQpOffsetCutree:0.00;
in:180 out:183 type:b q:20.69 q-aq:21.02 q-noVbv:20.69 q-Rceq:1.00 tex:13692 mv:10162 misc:2162 icu:107.25 pcu:526.50 scu:662.25 tlayer:4 pbqpoffset:3.85 pbfactor:1.56 avgQpOffsetCutree:0.00;
in:183 out:184 type:B q:18.61 q-aq:17.24 q-noVbv:18.61 q-Rceq:1.00 tex:41714 mv:15021 misc:2929 icu:222.25 pcu:576.75 scu:497.00 tlayer:3 pbqpoffset:2.10 pbfactor:1.27 avgQpOffsetCutree:-1.79;
in:182 out:185 type:b q:21.75 q-aq:22.00 q-noVbv:21.75 q-Rceq:1.00 tex:10492 mv:8214 misc:1958 icu:82.50 pcu:531.50 scu:682.00 tlayer:4 pbqpoffset:5.13 pbfactor:1.81 avgQpOffsetCutree:0.00;
in:184 out:186 type:b q:22.30 q-aq:22.18 q-noVbv:22.30 q-Rceq:1.00 tex:11185 mv:6944 misc:1967 icu:98.25 pcu:471.25 scu:726.50 tlayer:4 pbqpoffset:5.89 pbfactor:1.97 avgQpOffsetCutree:0.00;
in:189 out:187 type:B q:17.32 q-aq:14.21 q-noVbv:17.32 q-Rceq:1.00 tex:104897 mv:18153 misc:3182 icu:512.75 pcu:498.25 scu:285.00 tlayer:2 pbqpoffset:1.45 pbfactor:1.18 avgQpOffsetCutree:-2.94;
in:187 out:188 type:B q:18.25 q-aq:16.89 q-noVbv:18.25 q-Rceq:1.00 tex:35776 mv:13208 misc:2640 icu:216.25 pcu:562.75 scu:517.00 tlayer:3 pbqpoffset:2.17 pbfactor:1.28 avgQpOffsetCutree:-1.71;
in:186 out:189 type:b q:22.10 q-aq:22.10 q-noVbv:22.10 q-Rceq:1.00 tex:10015 mv:6570 misc:1607 icu:63.50 pcu:557.50 scu:675.00 tlayer:4 pbqpoffset:5.91 pbfactor:1.98 avgQpOffsetCutree:0.00;
in:188 out:190 type:b q:22.02 q-aq:22.00 q-noVbv:22.02 q-Rceq:1.00 tex:9040 mv:6743 misc:1633 icu:70.50 pcu:503.75 scu:721.75 tlayer:4 pbqpoffset:6.04 pbfactor:2.01 avgQpOffsetCutree:0.00;
in:191 out:191 type:B q:17.80 q-aq:17.80 q-noVbv:17.80 q-Rceq:1.00 tex:41267 mv:12339 misc:2842 icu:257.75 pcu:527.25 scu:511.00 tlayer:3 pbqpoffset:2.14 pbfactor:1.28 avgQpOffsetCutree:-0.69;
in:190 out:192 type:b q:22.07 q-aq:22.03 q-noVbv:22.07 q-Rceq:1.00 tex:8252 mv:6078 misc:1574 icu:56.50 pcu:501.50 scu:738.00 tlayer:4 pbqpoffset:6.31 pbfactor:2.07 avgQpOffsetCutree:0.00;
in:192 out:193 type:b q:19.82 q-aq:20.00 q-noVbv:19.82 q-Rceq:1.00 tex:19210 mv:8218 misc:2276 icu:101.75 pcu:469.75 scu:724.50 tlayer:4 pbqpoffset:4.27 pbfactor:1.64 avgQpOffsetCutree:0.00;
in:209 out:194 type:k q:14.33 q-aq:8.42 q-noVbv:14.33 q-Rceq:1.00 tex:395428 mv:42583 misc:2509 icu:1246.75 pcu:49.00 scu:0.25 tlayer:0 pbqpoffset:0.34 pbfactor:1.04 avgQpOffsetCutree:-6.18;
in:201 out:195 type:B q:16.23 q-aq:10.94 q-noVbv:16.23 q-Rceq:1.00 tex:213329 mv:27392 misc:3143 icu:640.50 pcu:439.00 scu:216.50 tlayer:1 pbqpoffset:1.34 pbfactor:1.17 avgQpOffsetCutree:-5.02;
in:197 out:196 type:B q:16.76 q-aq:13.58 q-noVbv:16.76 q-Rceq:1.00 tex:75036 mv:19637 misc:3327 icu:306.75 pcu:522.50 scu:466.75 tlayer:2 pbqpoffset:1.60 pbfactor:1.20 avgQpOffsetCutree:-2.88;
in:195 out:197 type:B q:18.17 q-aq:16.95 q-noVbv:18.17 q-Rceq:1.00 tex:32441 mv:14304 misc:2751 icu:117.75 pcu:604.00 scu:574.25 tlayer:3 pbqpoffset:2.87 pbfactor:1.39 avgQpOffsetCutree:-1.63;
in:194 out:198 type:b q:21.58 q-aq:22.00 q-noVbv:21.58 q-Rceq:1.00 tex:7319 mv:6673 misc:1672 icu:42.25 pcu:573.00 scu:680.75 tlayer:4 pbqpoffset:6.21 pbfactor:2.05 avgQpOffsetCutree:0.00;
in:196 out:199 type:b q:21.44 q-aq:21.28 q-noVbv:21.44 q-Rceq:1.00 tex:7835 mv:6607 misc:1806 icu:45.50 pcu:590.25 scu:660.25 tlayer:4 pbqpoffset:6.21 pbfactor:2.05 avgQpOffsetCutree:0.00;
in:199 out:200 type:B q:18.23 q-aq:16.52 q-noVbv:18.23 q-Rceq:1.00 tex:31627 mv:12148 misc:2417 icu:162.00 pcu:392.75 scu:741.25 tlayer:3 pbqpoffset:3.21 pbfactor:1.45 avgQpOffsetCutree:-2.02;
in:198 out:201 type:b q:21.30 q-aq:21.15 q-noVbv:21.30 q-Rceq:1.00 tex:8566 mv:6257 misc:1657 icu:57.50 pcu:438.75 scu:799.75 tlayer:4 pbqpoffset:6.21 pbfactor:2.05 avgQpOffsetCutree:0.00;
in:200 out:202 type:b q:21.16 q-aq:21.01 q-noVbv:21.16 q-Rceq:1.00 tex:8200 mv:5948 misc:1516 icu:45.75 pcu:334.25 scu:916.00 tlayer:4 pbqpoffset:6.21 pbfactor:2.05 avgQpOffsetCutree:0.00;
in:205 out:203 type:B q:15.96 q-aq:12.90 q-noVbv:15.96 q-Rceq:1.00 tex:89957 mv:17651 misc:3160 icu:426.75 pcu:310.25 scu:559.00 tlayer:2 pbqpoffset:1.35 pbfactor:1.17 avgQpOffsetCutree:-2.94;
in:203 out:204 type:B q:17.46 q-aq:16.21 q-noVbv:17.46 q-Rceq:1.00 tex:36602 mv:11965 misc:2233 icu:183.50 pcu:409.25 scu:703.25 tlayer:3 pbqpoffset:2.72 pbfactor:1.37 avgQpOffsetCutree:-1.75;
in:202 out:205 type:b q:21.02 q-aq:21.01 q-noVbv:21.02 q-Rceq:1.00 tex:8653 mv:6320 misc:1731 icu:47.50 pcu:332.25 scu:916.25 tlayer:4 pbqpoffset:6.21 pbfactor:2.05 avgQpOffsetCutree:0.00;
in:204 out:206 type:b q:20.88 q-aq:21.02 q-noVbv:20.88 q-Rceq:1.00 tex:11246 mv:6009 misc:1521 icu:92.00 pcu:275.75 scu:928.25 tlayer:4 pbqpoffset:6.21 pbfactor:2.05 avgQpOffsetCutree:0.00;
in:207 out:207 type:B q:16.26 q-aq:16.46 q-noVbv:16.26 q-Rceq:1.00 tex:41035 mv:11764 misc:2649 icu:200.75 pcu:407.25 scu:688.00 tlayer:3 pbqpoffset:1.79 pbfactor:1.23 avgQpOffsetCutree:-0.44;
in:206 out:208 type:b q:20.74 q-aq:21.00 q-noVbv:20.74 q-Rceq:1.00 tex:9261 mv:6706 misc:1553 icu:70.75 pcu:428.00 scu:797.25 tlayer:4 pbqpoffset:6.21 pbfactor:2.05 avgQpOffsetCutree:0.00;
in:208 out:209 type:b q:20.27 q-aq:20.12 q-noVbv:20.27 q-Rceq:1.00 tex:18476 mv:7356 misc:1896 icu:134.00 pcu:244.25 scu:917.75 tlayer:4 pbqpoffset:5.88 pbfactor:1.97 avgQpOffsetCutree:0.00;
in:222 out:210 type:k q:14.21 q-aq:9.29 q-noVbv:14.21 q-Rceq:1.00 tex:286845 mv:33994 misc:3361 icu:694.50 pcu:496.75 scu:104.75 tlayer:0 pbqpoffset:0.27 pbfactor:1.03 avgQpOffsetCutree:-4.78;
in:216 out:211 type:B q:15.45 q-aq:11.80 q-noVbv:15.45 q-Rceq:1.00 tex:105677 mv:20959 misc:3300 icu:478.50 pcu:391.25 scu:426.25 tlayer:1 pbqpoffset:1.19 pbfactor:1.15 avgQpOffsetCutree:-3.35;
in:213 out:212 type:B q:15.48 q-aq:12.91 q-noVbv:15.48 q-Rceq:1.00 tex:79746 mv:18439 misc:2855 icu:311.00 pcu:430.50 scu:554.50 tlayer:2 pbqpoffset:1.19 pbfactor:1.15 avgQpOffsetCutree:-2.50;
in:211 out:213 type:B q:15.95 q-aq:14.73 q-noVbv:15.95 q-Rceq:1.00 tex:46858 mv:14079 misc:2039 icu:163.75 pcu:378.50 scu:753.75 tlayer:3 pbqpoffset:1.64 pbfactor:1.21 avgQpOffsetCutree:-1.70;
in:210 out:214 type:b q:18.95 q-aq:19.07 q-noVbv:18.95 q-Rceq:1.00 tex:13258 mv:6682 misc:1700 icu:68.75 pcu:320.25 scu:907.00 tlayer:4 pbqpoffset:4.63 pbfactor:1.71 avgQpOffsetCutree:0.00;
in:212 out:215 type:b q:18.72 q-aq:19.00 q-noVbv:18.72 q-Rceq:1.00 tex:13399 mv:7269 misc:1780 icu:65.25 pcu:370.75 scu:860.00 tlayer:4 pbqpoffset:4.42 pbfactor:1.67 avgQpOffsetCutree:0.00;
in:215 out:216 type:B q:16.48 q-aq:16.65 q-noVbv:16.48 q-Rceq:1.00 tex:31991 mv:12519 misc:2394 icu:156.50 pcu:398.25 scu:741.25 tlayer:3 pbqpoffset:2.21 pbfactor:1.29 avgQpOffsetCutree:-0.57;
in:214 out:217 type:b q:18.09 q-aq:18.13 q-noVbv:18.09 q-Rceq:1.00 tex:19120 mv:9019 misc:1869 icu:84.50 pcu:374.00 scu:837.50 tlayer:4 pbqpoffset:3.81 pbfactor:1.55 avgQpOffsetCutree:0.00;
in:219 out:218 type:B q:15.42 q-aq:12.59 q-noVbv:15.42 q-Rceq:1.00 tex:75002 mv:18988 misc:3226 icu:299.00 pcu:438.50 scu:558.50 tlayer:2 pbqpoffset:1.19 pbfactor:1.15 avgQpOffsetCutree:-2.85;
in:218 out:219 type:B q:15.82 q-aq:15.52 q-noVbv:15.82 q-Rceq:1.00 tex:37886 mv:14340 misc:2550 icu:139.25 pcu:573.50 scu:583.25 tlayer:3 pbqpoffset:1.58 pbfactor:1.20 avgQpOffsetCutree:-1.03;
in:217 out:220 type:b q:18.07 q-aq:18.03 q-noVbv:18.07 q-Rceq:1.00 tex:19877 mv:9123 misc:1856 icu:78.50 pcu:428.50 scu:789.00 tlayer:4 pbqpoffset:3.81 pbfactor:1.55 avgQpOffsetCutree:0.00;
in:221 out:221 type:B q:16.92 q-aq:16.87 q-noVbv:16.92 q-Rceq:1.00 tex:27681 mv:11559 misc:2408 icu:129.25 pcu:446.75 scu:720.00 tlayer:3 pbqpoffset:2.71 pbfactor:1.37 avgQpOffsetCutree:-0.55;
in:220 out:222 type:b q:18.97 q-aq:19.03 q-noVbv:18.97 q-Rceq:1.00 tex:14529 mv:8145 misc:1790 icu:70.25 pcu:428.50 scu:797.25 tlayer:4 pbqpoffset:4.74 pbfactor:1.73 avgQpOffsetCutree:0.00;
in:238 out:223 type:k q:14.70 q-aq:10.14 q-noVbv:14.70 q-Rceq:1.00 tex:353276 mv:39238 misc:2742 icu:1253.75 pcu:42.25 scu:0.00 tlayer:0 pbqpoffset:0.31 pbfactor:1.04 avgQpOffsetCutree:-5.11;
in:230 out:224 type:B q:15.72 q-aq:10.84 q-noVbv:15.72 q-Rceq:1.00 tex:195461 mv:26368 misc:2859 icu:793.50 pcu:110.25 scu:392.25 tlayer:1 pbqpoffset:1.27 pbfactor:1.16 avgQpOffsetCutree:-5.24;
in:226 out:225 type:B q:15.59 q-aq:11.83 q-noVbv:15.59 q-Rceq:1.00 tex:150002 mv:24616 misc:3310 icu:557.25 pcu:293.00 scu:445.75 tlayer:2 pbqpoffset:1.27 pbfactor:1.16 avgQpOffsetCutree:-3.76;
in:224 out:226 type:B q:17.00 q-aq:16.02 q-noVbv:17.00 q-Rceq:1.00 tex:55613 mv:14301 misc:2614 icu:300.75 pcu:289.00 scu:706.25 tlayer:3 pbqpoffset:2.73 pbfactor:1.37 avgQpOffsetCutree:-1.52;
in:223 out:227 type:b q:20.37 q-aq:20.33 q-noVbv:20.37 q-Rceq:1.00 tex:15208 mv:5361 misc:1679 icu:108.00 pcu:300.50 scu:887.50 tlayer:4 pbqpoffset:6.13 pbfactor:2.03 avgQpOffsetCutree:0.00;
in:225 out:228 type:b q:20.43 q-aq:20.40 q-noVbv:20.43 q-Rceq:1.00 tex:11087 mv:7838 misc:1971 icu:51.50 pcu:493.75 scu:750.75 tlayer:4 pbqpoffset:6.13 pbfactor:2.03 avgQpOffsetCutree:0.00;
in:228 out:229 type:B q:17.40 q-aq:16.61 q-noVbv:17.40 q-Rceq:1.00 tex:48030 mv:16379 misc:2671 icu:192.25 pcu:478.00 scu:625.75 tlayer:3 pbqpoffset:3.01 pbfactor:1.42 avgQpOffsetCutree:-1.52;
in:227 out:230 type:b q:20.49 q-aq:20.68 q-noVbv:20.49 q-Rceq:1.00 tex:14065 mv:8544 misc:1943 icu:63.75 pcu:475.25 scu:757.00 tlayer:4 pbqpoffset:6.13 pbfactor:2.03 avgQpOffsetCutree:0.00;
in:229 out:231 type:b q:20.55 q-aq:20.88 q-noVbv:20.55 q-Rceq:1.00 tex:11728 mv:9467 misc:1893 icu:53.00 pcu:506.75 scu:736.25 tlayer:4 pbqpoffset:6.13 pbfactor:2.03 avgQpOffsetCutree:0.00;
in:234 out:232 type:B q:15.84 q-aq:13.87 q-noVbv:15.84 q-Rceq:1.00 tex:111102 mv:21110 misc:2756 icu:429.25 pcu:320.50 scu:546.25 tlayer:2 pbqpoffset:1.27 pbfactor:1.16 avgQpOffsetCutree:-3.11;
in:232 out:233 type:B q:16.76 q-aq:15.93 q-noVbv:16.76 q-Rceq:1.00 tex:63820 mv:15434 misc:2546 icu:228.50 pcu:388.75 scu:678.75 tlayer:3 pbqpoffset:2.25 pbfactor:1.30 avgQpOffsetCutree:-1.69;
in:231 out:234 type:b q:20.61 q-aq:20.99 q-noVbv:20.61 q-Rceq:1.00 tex:14887 mv:8424 misc:1993 icu:61.25 pcu:408.50 scu:826.25 tlayer:4 pbqpoffset:6.13 pbfactor:2.03 avgQpOffsetCutree:0.00;
in:233 out:235 type:b q:20.18 q-aq:20.17 q-noVbv:20.18 q-Rceq:1.00 tex:20710 mv:10821 misc:2213 icu:88.00 pcu:470.75 scu:737.25 tlayer:4 pbqpoffset:5.64 pbfactor:1.92 avgQpOffsetCutree:0.00;
in:236 out:236 type:B q:16.56 q-aq:15.79 q-noVbv:16.56 q-Rceq:1.00 tex:64691 mv:16692 misc:2697 icu:246.75 pcu:379.00 scu:670.25 tlayer:3 pbqpoffset:1.93 pbfactor:1.25 avgQpOffsetCutree:-1.72;
in:235 out:237 type:b q:20.15 q-aq:20.20 q-noVbv:20.15 q-Rceq:1.00 tex:19247 mv:9054 misc:2115 icu:95.25 pcu:410.00 scu:790.75 tlayer:4 pbqpoffset:5.54 pbfactor:1.90 avgQpOffsetCutree:0.00;
in:237 out:238 type:b q:20.25 q-aq:20.35 q-noVbv:20.25 q-Rceq:1.00 tex:18083 mv:8937 misc:2236 icu:86.00 pcu:403.00 scu:807.00 tlayer:4 pbqpoffset:5.59 pbfactor:1.91 avgQpOffsetCutree:0.00;
in:249 out:239 type:k q:17.17 q-aq:14.29 q-noVbv:17.17 q-Rceq:1.00 tex:252151 mv:35486 misc:2843 icu:1250.50 pcu:45.25 scu:0.25 tlayer:0 pbqpoffset:0.31 pbfactor:1.04 avgQpOffsetCutree:-3.70;
in:244 out:240 type:B q:17.63 q-aq:13.69 q-noVbv:17.63 q-Rceq:1.00 tex:152460 mv:27053 misc:3151 icu:774.50 pcu:212.25 scu:309.25 tlayer:1 pbqpoffset:1.58 pbfactor:1.20 avgQpOffsetCutree:-4.26;
in:241 out:241 type:B q:16.95 q-aq:14.80 q-noVbv:16.95 q-Rceq:1.00 tex:120418 mv:22563 misc:3123 icu:562.00 pcu:305.75 scu:428.25 tlayer:2 pbqpoffset:1.58 pbfactor:1.20 avgQpOffsetCutree:-2.78;
in:240 out:242 type:B q:17.97 q-aq:19.04 q-noVbv:17.97 q-Rceq:1.00 tex:46631 mv:14350 misc:2747 icu:279.75 pcu:346.75 scu:669.50 tlayer:3 pbqpoffset:2.82 pbfactor:1.39 avgQpOffsetCutree:-0.10;
in:239 out:243 type:b q:19.79 q-aq:20.02 q-noVbv:19.79 q-Rceq:1.00 tex:32631 mv:8781 misc:2172 icu:183.25 pcu:367.25 scu:745.50 tlayer:4 pbqpoffset:4.87 pbfactor:1.75 avgQpOffsetCutree:0.00;
in:243 out:244 type:B q:19.27 q-aq:19.40 q-noVbv:19.27 q-Rceq:1.00 tex:30715 mv:14742 misc:2863 icu:112.00 pcu:470.75 scu:713.25 tlayer:3 pbqpoffset:3.45 pbfactor:1.49 avgQpOffsetCutree:-0.54;
in:242 out:245 type:b q:21.78 q-aq:22.00 q-noVbv:21.78 q-Rceq:1.00 tex:14661 mv:9843 misc:2272 icu:59.25 pcu:487.00 scu:749.75 tlayer:4 pbqpoffset:6.19 pbfactor:2.04 avgQpOffsetCutree:0.00;
in:247 out:246 type:B q:19.07 q-aq:17.44 q-noVbv:19.07 q-Rceq:1.00 tex:63336 mv:21079 misc:3145 icu:274.25 pcu:455.75 scu:566.00 tlayer:2 pbqpoffset:2.35 pbfactor:1.31 avgQpOffsetCutree:-2.05;
in:246 out:247 type:B q:19.94 q-aq:20.01 q-noVbv:19.94 q-Rceq:1.00 tex:28579 mv:14862 misc:2679 icu:118.50 pcu:488.00 scu:689.50 tlayer:3 pbqpoffset:3.45 pbfactor:1.49 avgQpOffsetCutree:-0.55;
in:245 out:248 type:b q:22.72 q-aq:23.04 q-noVbv:22.72 q-Rceq:1.00 tex:10803 mv:8345 misc:1964 icu:60.50 pcu:491.50 scu:744.00 tlayer:4 pbqpoffset:6.45 pbfactor:2.11 avgQpOffsetCutree:0.00;
in:248 out:249 type:b q:23.39 q-aq:23.36 q-noVbv:23.39 q-Rceq:1.00 tex:10492 mv:9175 misc:2165 icu:65.50 pcu:531.50 scu:699.00 tlayer:3 pbqpoffset:6.45 pbfactor:2.11 avgQpOffsetCutree:0.00;
