#options: cpuid=1173503 frame-threads=1 no-wpp no-pmode no-pme psnr no-ssim log-level=2 bitdepth=8 input-csp=1 fps=50000/1000 input-res=768x432 interlace=0 total-frames=500 level-idc=0 high-tier=1 uhd-bd=0 ref=4 no-allow-non-conformance no-repeat-headers annexb no-aud no-hrd info hash=0 no-temporal-layers open-gop min-keyint=1 keyint=5000 bframes=15 b-adapt=2 b-pyramid bframe-bias=0 rc-lookahead=40 lookahead-slices=0 scenecut=40 no-intra-refresh ctu=64 min-cu-size=8 rect amp max-tu-size=32 tu-inter-depth=3 tu-intra-depth=3 limit-tu=4 rdoq-level=2 dynamic-rd=0.00 no-ssim-rd signhide no-tskip nr-intra=0 nr-inter=0 no-constrained-intra strong-intra-smoothing max-merge=4 limit-refs=1 limit-modes me=3 subme=4 merange=57 temporal-mvp weightp weightb no-analyze-src-pics deblock=0:0 sao no-sao-non-deblock rd=6 no-early-skip rskip no-fast-intra no-tskip-fast no-cu-lossless b-intra rdpenalty=0 psy-rd=0.00 psy-rdoq=0.00 no-rd-refine analysis-reuse-mode=0 no-lossless cbqpoffs=0 crqpoffs=0 rc=abr bitrate=2000 qcomp=0.60 qpstep=4 stats-write=1 stats-read=0 slow-firstpass ipratio=1.40 pbratio=1.30 aq-mode=1 aq-strength=0.00 cutree zone-count=0 no-strict-cbr qg-size=64 no-rc-grain qpmax=69 qpmin=0 no-const-vbv sar=0 overscan=0 videoformat=5 range=0 colorprim=2 transfer=2 colormatrix=2 chromaloc=0 display-window=0 max-cll=0,0 min-luma=0 max-luma=255 log2-max-poc-lsb=8 vui-timing-info vui-hrd-info slices=1 opt-qp-pps opt-ref-list-length-pps no-multi-pass-opt-rps scenecut-bias=0.05 no-opt-cu-delta-qp no-aq-motion no-hdr no-hdr-opt no-dhdr10-opt analysis-reuse-level=5 scale-factor=0 refine-intra=0 refine-inter=0 refine-mv=0 no-limit-sao ctu-info=0 max-tlayer=4
in:0 out:0 type:I q:22.40 q-aq:18.77 q-noVbv:22.40 q-Rceq:1.32 tex:985 mv:688 misc:391 icu:1296.00 pcu:0.00 scu:0.00 tlayer:0 pbqpoffset:0.00 pbfactor:1.00 avgQpOffsetCutree:-2.19;
in:1 out:1 type:k q:25.31 q-aq:25.00 q-noVbv:25.31 q-Rceq:1.32 tex:0 mv:7 misc:137 icu:0.00 pcu:0.00 scu:1296.00 tlayer:0 pbqpoffset:0.00 pbfactor:1.00 avgQpOffsetCutree:-1.19;
in:2 out:2 type:i q:33.87 q-aq:25.70 q-noVbv:33.87 q-Rceq:1.32 tex:270490 mv:53185 misc:2229 icu:1296.00 pcu:0.00 scu:0.00 tlayer:0 pbqpoffset:0.00 pbfactor:1.00 avgQpOffsetCutree:-8.03;
in:18 out:3 type:k q:32.79 q-aq:23.43 q-noVbv:32.79 q-Rceq:1.32 tex:322273 mv:35694 misc:3225 icu:682.50 pcu:608.25 scu:5.25 tlayer:0 pbqpoffset:0.00 pbfactor:1.00 avgQpOffsetCutree:-7.85;
in:10 out:4 type:B q:35.80 q-aq:27.96 q-noVbv:35.80 q-Rceq:1.32 tex:34778 mv:15265 misc:4197 icu:27.50 pcu:918.75 scu:349.75 tlayer:1 pbqpoffset:3.01 pbfactor:1.42 avgQpOffsetCutree:-6.08;
in:6 out:5 type:B q:37.19 q-aq:33.08 q-noVbv:37.19 q-Rceq:1.32 tex:1293 mv:2829 misc:1070 icu:0.00 pcu:416.75 scu:879.25 tlayer:2 pbqpoffset:4.40 pbfactor:1.66 avgQpOffsetCutree:-3.56;
in:4 out:6 type:B q:37.26 q-aq:35.99 q-noVbv:37.26 q-Rceq:1.32 tex:259 mv:1829 misc:768 icu:0.50 pcu:316.25 scu:979.25 tlayer:3 pbqpoffset:4.47 pbfactor:1.68 avgQpOffsetCutree:-1.82;
in:3 out:7 type:b q:40.21 q-aq:40.00 q-noVbv:40.21 q-Rceq:1.32 tex:7 mv:492 misc:325 icu:0.00 pcu:105.25 scu:1190.75 tlayer:4 pbqpoffset:7.43 pbfactor:2.36 avgQpOffsetCutree:0.00;
in:5 out:8 type:b q:40.22 q-aq:40.00 q-noVbv:40.22 q-Rceq:1.32 tex:6 mv:545 misc:377 icu:0.00 pcu:168.25 scu:1127.75 tlayer:4 pbqpoffset:7.44 pbfactor:2.36 avgQpOffsetCutree:0.00;
in:8 out:9 type:B q:37.26 q-aq:36.48 q-noVbv:37.26 q-Rceq:1.32 tex:319 mv:1724 misc:797 icu:0.25 pcu:313.50 scu:982.25 tlayer:3 pbqpoffset:4.47 pbfactor:1.68 avgQpOffsetCutree:-1.71;
in:7 out:10 type:b q:40.22 q-aq:40.00 q-noVbv:40.22 q-Rceq:1.32 tex:6 mv:563 misc:415 icu:0.25 pcu:145.50 scu:1150.25 tlayer:4 pbqpoffset:7.43 pbfactor:2.36 avgQpOffsetCutree:0.00;
in:9 out:11 type:b q:40.22 q-aq:40.00 q-noVbv:40.22 q-Rceq:1.32 tex:6 mv:612 misc:366 icu:0.00 pcu:134.00 scu:1162.00 tlayer:4 pbqpoffset:7.44 pbfactor:2.36 avgQpOffsetCutree:0.00;
in:14 out:12 type:B q:36.83 q-aq:32.43 q-noVbv:36.83 q-Rceq:1.32 tex:2267 mv:4680 misc:1869 icu:12.00 pcu:647.25 scu:636.75 tlayer:2 pbqpoffset:4.04 pbfactor:1.60 avgQpOffsetCutree:-3.60;
in:12 out:13 type:B q:37.26 q-aq:35.48 q-noVbv:37.26 q-Rceq:1.32 tex:264 mv:2187 misc:917 icu:0.00 pcu:448.50 scu:847.50 tlayer:3 pbqpoffset:4.47 pbfactor:1.68 avgQpOffsetCutree:-1.63;
in:11 out:14 type:b q:40.22 q-aq:40.00 q-noVbv:40.22 q-Rceq:1.32 tex:55 mv:489 misc:336 icu:0.00 pcu:117.00 scu:1179.00 tlayer:4 pbqpoffset:7.43 pbfactor:2.36 avgQpOffsetCutree:0.00;
in:13 out:15 type:b q:40.22 q-aq:40.00 q-noVbv:40.22 q-Rceq:1.32 tex:0 mv:678 misc:402 icu:0.00 pcu:243.00 scu:1053.00 tlayer:4 pbqpoffset:7.43 pbfactor:2.36 avgQpOffsetCutree:0.00;
in:16 out:16 type:B q:36.05 q-aq:35.23 q-noVbv:36.05 q-Rceq:1.32 tex:568 mv:2752 misc:1064 icu:1.25 pcu:509.00 scu:785.75 tlayer:3 pbqpoffset:3.26 pbfactor:1.46 avgQpOffsetCutree:-1.01;
in:15 out:17 type:b q:40.21 q-aq:40.00 q-noVbv:40.21 q-Rceq:1.32 tex:34 mv:606 misc:408 icu:0.00 pcu:120.00 scu:1176.00 tlayer:4 pbqpoffset:7.43 pbfactor:2.36 avgQpOffsetCutree:0.00;
in:17 out:18 type:b q:40.24 q-aq:40.00 q-noVbv:40.24 q-Rceq:1.32 tex:34 mv:600 misc:462 icu:0.00 pcu:159.00 scu:1137.00 tlayer:4 pbqpoffset:7.45 pbfactor:2.36 avgQpOffsetCutree:0.00;
in:34 out:19 type:k q:30.23 q-aq:22.61 q-noVbv:30.23 q-Rceq:1.32 tex:316124 mv:40090 misc:3386 icu:741.50 pcu:550.00 scu:4.50 tlayer:0 pbqpoffset:0.00 pbfactor:1.00 avgQpOffsetCutree:-7.58;
in:26 out:20 type:B q:32.68 q-aq:24.83 q-noVbv:32.68 q-Rceq:1.32 tex:70358 mv:18895 misc:4739 icu:52.50 pcu:934.25 scu:309.25 tlayer:1 pbqpoffset:2.45 pbfactor:1.33 avgQpOffsetCutree:-6.09;
in:22 out:21 type:B q:33.67 q-aq:30.39 q-noVbv:33.67 q-Rceq:1.32 tex:4785 mv:5594 misc:1413 icu:2.25 pcu:763.75 scu:530.00 tlayer:2 pbqpoffset:3.44 pbfactor:1.49 avgQpOffsetCutree:-2.49;
in:20 out:22 type:B q:33.85 q-aq:32.13 q-noVbv:33.85 q-Rceq:1.32 tex:1561 mv:4303 misc:1192 icu:0.50 pcu:760.25 scu:535.25 tlayer:3 pbqpoffset:3.62 pbfactor:1.52 avgQpOffsetCutree:-1.85;
in:19 out:23 type:b q:36.82 q-aq:37.00 q-noVbv:36.82 q-Rceq:1.32 tex:285 mv:1126 misc:653 icu:0.00 pcu:247.75 scu:1048.25 tlayer:4 pbqpoffset:6.59 pbfactor:2.14 avgQpOffsetCutree:0.00;
in:21 out:24 type:b q:36.84 q-aq:37.00 q-noVbv:36.84 q-Rceq:1.32 tex:222 mv:1345 misc:641 icu:0.00 pcu:231.75 scu:1064.25 tlayer:4 pbqpoffset:6.61 pbfactor:2.15 avgQpOffsetCutree:0.00;
in:24 out:25 type:B q:33.85 q-aq:31.74 q-noVbv:33.85 q-Rceq:1.32 tex:902 mv:3185 misc:977 icu:1.25 pcu:475.75 scu:819.00 tlayer:3 pbqpoffset:3.62 pbfactor:1.52 avgQpOffsetCutree:-2.29;
in:23 out:26 type:b q:36.84 q-aq:37.00 q-noVbv:36.84 q-Rceq:1.32 tex:200 mv:1239 misc:633 icu:0.00 pcu:258.00 scu:1038.00 tlayer:4 pbqpoffset:6.61 pbfactor:2.15 avgQpOffsetCutree:0.00;
in:25 out:27 type:b q:36.82 q-aq:37.00 q-noVbv:36.82 q-Rceq:1.32 tex:184 mv:1258 misc:598 icu:0.00 pcu:333.25 scu:962.75 tlayer:4 pbqpoffset:6.58 pbfactor:2.14 avgQpOffsetCutree:0.00;
in:30 out:28 type:B q:33.52 q-aq:29.71 q-noVbv:33.52 q-Rceq:1.32 tex:5516 mv:4829 misc:2239 icu:19.00 pcu:895.25 scu:381.75 tlayer:2 pbqpoffset:3.29 pbfactor:1.46 avgQpOffsetCutree:-3.32;
in:28 out:29 type:B q:33.85 q-aq:32.25 q-noVbv:33.85 q-Rceq:1.32 tex:368 mv:2105 misc:887 icu:1.75 pcu:400.50 scu:893.75 tlayer:3 pbqpoffset:3.62 pbfactor:1.52 avgQpOffsetCutree:-1.59;
in:27 out:30 type:b q:36.84 q-aq:37.00 q-noVbv:36.84 q-Rceq:1.32 tex:42 mv:945 misc:509 icu:0.00 pcu:212.75 scu:1083.25 tlayer:4 pbqpoffset:6.61 pbfactor:2.15 avgQpOffsetCutree:0.00;
in:29 out:31 type:b q:36.82 q-aq:37.00 q-noVbv:36.82 q-Rceq:1.32 tex:36 mv:844 misc:424 icu:0.00 pcu:290.25 scu:1005.75 tlayer:4 pbqpoffset:6.59 pbfactor:2.14 avgQpOffsetCutree:0.00;
in:32 out:32 type:B q:32.36 q-aq:31.79 q-noVbv:32.36 q-Rceq:1.32 tex:6076 mv:3891 misc:1353 icu:7.75 pcu:361.00 scu:927.25 tlayer:3 pbqpoffset:2.13 pbfactor:1.28 avgQpOffsetCutree:-1.13;
in:31 out:33 type:b q:36.85 q-aq:37.00 q-noVbv:36.85 q-Rceq:1.32 tex:58 mv:783 misc:655 icu:1.00 pcu:232.00 scu:1063.00 tlayer:4 pbqpoffset:6.61 pbfactor:2.15 avgQpOffsetCutree:0.00;
in:33 out:34 type:b q:36.85 q-aq:37.00 q-noVbv:36.85 q-Rceq:1.32 tex:206 mv:1181 misc:613 icu:0.00 pcu:216.25 scu:1079.75 tlayer:4 pbqpoffset:6.62 pbfactor:2.15 avgQpOffsetCutree:0.00;
in:50 out:35 type:k q:28.95 q-aq:21.58 q-noVbv:28.95 q-Rceq:1.32 tex:366037 mv:39063 misc:3396 icu:717.75 pcu:573.25 scu:5.00 tlayer:0 pbqpoffset:0.00 pbfactor:1.00 avgQpOffsetCutree:-7.85;
in:42 out:36 type:B q:31.55 q-aq:24.63 q-noVbv:31.55 q-Rceq:1.32 tex:107865 mv:19557 misc:4266 icu:70.25 pcu:1132.25 scu:93.50 tlayer:1 pbqpoffset:1.96 pbfactor:1.25 avgQpOffsetCutree:-5.54;
in:38 out:37 type:B q:33.52 q-aq:28.94 q-noVbv:33.52 q-Rceq:1.32 tex:7473 mv:6554 misc:2085 icu:5.00 pcu:838.25 scu:452.75 tlayer:2 pbqpoffset:3.61 pbfactor:1.52 avgQpOffsetCutree:-3.71;
in:36 out:38 type:B q:33.86 q-aq:32.00 q-noVbv:33.86 q-Rceq:1.32 tex:1528 mv:3232 misc:1112 icu:1.00 pcu:493.25 scu:801.75 tlayer:3 pbqpoffset:3.79 pbfactor:1.55 avgQpOffsetCutree:-1.98;
in:35 out:39 type:b q:36.92 q-aq:37.00 q-noVbv:36.92 q-Rceq:1.32 tex:73 mv:979 misc:580 icu:0.00 pcu:180.00 scu:1116.00 tlayer:4 pbqpoffset:6.77 pbfactor:2.19 avgQpOffsetCutree:0.00;
in:37 out:40 type:b q:36.58 q-aq:37.00 q-noVbv:36.58 q-Rceq:1.32 tex:31 mv:838 misc:467 icu:0.25 pcu:110.75 scu:1185.00 tlayer:4 pbqpoffset:6.59 pbfactor:2.14 avgQpOffsetCutree:0.00;
in:40 out:41 type:B q:33.54 q-aq:32.03 q-noVbv:33.54 q-Rceq:1.32 tex:1425 mv:3512 misc:1215 icu:0.00 pcu:633.50 scu:662.50 tlayer:3 pbqpoffset:3.79 pbfactor:1.55 avgQpOffsetCutree:-1.70;
in:39 out:42 type:b q:36.16 q-aq:36.00 q-noVbv:36.16 q-Rceq:1.32 tex:157 mv:1361 misc:690 icu:0.00 pcu:310.50 scu:985.50 tlayer:4 pbqpoffset:6.33 pbfactor:2.08 avgQpOffsetCutree:0.00;
in:41 out:43 type:b q:36.25 q-aq:36.00 q-noVbv:36.25 q-Rceq:1.32 tex:66 mv:1266 misc:636 icu:0.00 pcu:253.75 scu:1042.25 tlayer:4 pbqpoffset:6.58 pbfactor:2.14 avgQpOffsetCutree:0.00;
in:46 out:44 type:B q:32.01 q-aq:28.30 q-noVbv:32.01 q-Rceq:1.32 tex:8988 mv:7372 misc:3096 icu:23.50 pcu:823.25 scu:449.25 tlayer:2 pbqpoffset:2.74 pbfactor:1.37 avgQpOffsetCutree:-3.15;
in:44 out:45 type:B q:33.22 q-aq:32.14 q-noVbv:33.22 q-Rceq:1.32 tex:460 mv:3345 misc:1011 icu:0.00 pcu:658.75 scu:637.25 tlayer:3 pbqpoffset:3.79 pbfactor:1.55 avgQpOffsetCutree:-1.68;
in:43 out:46 type:b q:36.29 q-aq:36.00 q-noVbv:36.29 q-Rceq:1.32 tex:246 mv:1393 misc:657 icu:0.00 pcu:397.75 scu:898.25 tlayer:4 pbqpoffset:6.78 pbfactor:2.19 avgQpOffsetCutree:0.00;
in:45 out:47 type:b q:36.13 q-aq:36.00 q-noVbv:36.13 q-Rceq:1.32 tex:57 mv:1426 misc:653 icu:0.25 pcu:447.00 scu:848.75 tlayer:4 pbqpoffset:6.79 pbfactor:2.19 avgQpOffsetCutree:0.00;
in:48 out:48 type:B q:32.90 q-aq:32.07 q-noVbv:32.90 q-Rceq:1.32 tex:2926 mv:3310 misc:1356 icu:6.50 pcu:423.00 scu:866.50 tlayer:3 pbqpoffset:3.79 pbfactor:1.55 avgQpOffsetCutree:-1.25;
in:47 out:49 type:b q:34.87 q-aq:35.00 q-noVbv:34.87 q-Rceq:1.32 tex:69 mv:1064 misc:611 icu:1.00 pcu:278.25 scu:1016.75 tlayer:4 pbqpoffset:5.68 pbfactor:1.93 avgQpOffsetCutree:0.00;
in:49 out:50 type:b q:35.81 q-aq:36.00 q-noVbv:35.81 q-Rceq:1.32 tex:94 mv:939 misc:543 icu:0.00 pcu:168.75 scu:1127.25 tlayer:4 pbqpoffset:6.78 pbfactor:2.19 avgQpOffsetCutree:0.00;
in:66 out:51 type:k q:28.48 q-aq:21.55 q-noVbv:28.48 q-Rceq:1.32 tex:345753 mv:42846 misc:3361 icu:916.00 pcu:378.00 scu:2.00 tlayer:0 pbqpoffset:1.47 pbfactor:1.19 avgQpOffsetCutree:-7.72;
in:58 out:52 type:B q:30.72 q-aq:23.59 q-noVbv:30.72 q-Rceq:1.32 tex:120473 mv:19354 misc:4445 icu:71.25 pcu:1077.00 scu:147.75 tlayer:1 pbqpoffset:2.00 pbfactor:1.26 avgQpOffsetCutree:-6.05;
in:54 out:53 type:B q:32.70 q-aq:28.87 q-noVbv:32.70 q-Rceq:1.32 tex:6033 mv:6959 misc:1872 icu:2.50 pcu:796.00 scu:497.50 tlayer:2 pbqpoffset:3.87 pbfactor:1.56 avgQpOffsetCutree:-3.17;
in:52 out:54 type:B q:32.76 q-aq:31.35 q-noVbv:32.76 q-Rceq:1.32 tex:1920 mv:4191 misc:1241 icu:2.25 pcu:676.25 scu:617.50 tlayer:3 pbqpoffset:3.87 pbfactor:1.56 avgQpOffsetCutree:-1.51;
in:51 out:55 type:b q:35.79 q-aq:36.00 q-noVbv:35.79 q-Rceq:1.32 tex:54 mv:1506 misc:744 icu:0.00 pcu:246.50 scu:1049.50 tlayer:4 pbqpoffset:6.87 pbfactor:2.21 avgQpOffsetCutree:0.00;
in:53 out:56 type:b q:35.28 q-aq:35.00 q-noVbv:35.28 q-Rceq:1.32 tex:174 mv:2354 misc:848 icu:0.00 pcu:579.75 scu:716.25 tlayer:4 pbqpoffset:6.42 pbfactor:2.10 avgQpOffsetCutree:0.00;
in:56 out:57 type:B q:32.64 q-aq:31.60 q-noVbv:32.64 q-Rceq:1.32 tex:759 mv:2840 misc:1025 icu:0.50 pcu:420.50 scu:875.00 tlayer:3 pbqpoffset:3.87 pbfactor:1.56 avgQpOffsetCutree:-1.40;
in:55 out:58 type:b q:35.67 q-aq:36.00 q-noVbv:35.67 q-Rceq:1.32 tex:43 mv:1476 misc:673 icu:0.00 pcu:358.50 scu:937.50 tlayer:4 pbqpoffset:6.86 pbfactor:2.21 avgQpOffsetCutree:0.00;
in:57 out:59 type:b q:35.60 q-aq:36.00 q-noVbv:35.60 q-Rceq:1.32 tex:56 mv:1010 misc:534 icu:0.25 pcu:227.25 scu:1068.50 tlayer:4 pbqpoffset:6.86 pbfactor:2.21 avgQpOffsetCutree:0.00;
in:62 out:60 type:B q:31.18 q-aq:27.05 q-noVbv:31.18 q-Rceq:1.32 tex:14777 mv:6764 misc:3499 icu:28.50 pcu:786.50 scu:481.00 tlayer:2 pbqpoffset:2.59 pbfactor:1.35 avgQpOffsetCutree:-3.45;
in:60 out:61 type:B q:32.52 q-aq:30.29 q-noVbv:32.52 q-Rceq:1.32 tex:372 mv:2829 misc:1039 icu:0.25 pcu:642.25 scu:653.50 tlayer:3 pbqpoffset:3.87 pbfactor:1.56 avgQpOffsetCutree:-1.59;
in:59 out:62 type:b q:35.14 q-aq:35.00 q-noVbv:35.14 q-Rceq:1.32 tex:48 mv:1543 misc:649 icu:0.25 pcu:414.75 scu:881.00 tlayer:4 pbqpoffset:6.45 pbfactor:2.11 avgQpOffsetCutree:0.00;
in:61 out:63 type:b q:35.49 q-aq:35.00 q-noVbv:35.49 q-Rceq:1.32 tex:14 mv:1071 misc:499 icu:0.00 pcu:329.00 scu:967.00 tlayer:4 pbqpoffset:6.86 pbfactor:2.21 avgQpOffsetCutree:0.00;
in:64 out:64 type:B q:31.58 q-aq:30.26 q-noVbv:31.58 q-Rceq:1.32 tex:10275 mv:4915 misc:2090 icu:14.50 pcu:581.50 scu:700.00 tlayer:3 pbqpoffset:3.05 pbfactor:1.42 avgQpOffsetCutree:-1.56;
in:63 out:65 type:b q:32.78 q-aq:33.00 q-noVbv:32.78 q-Rceq:1.32 tex:169 mv:1202 misc:813 icu:2.00 pcu:373.75 scu:920.25 tlayer:4 pbqpoffset:4.21 pbfactor:1.63 avgQpOffsetCutree:0.00;
in:65 out:66 type:b q:35.37 q-aq:35.00 q-noVbv:35.37 q-Rceq:1.32 tex:58 mv:1273 misc:653 icu:0.00 pcu:245.75 scu:1050.25 tlayer:4 pbqpoffset:6.86 pbfactor:2.21 avgQpOffsetCutree:0.00;
in:74 out:67 type:k q:29.75 q-aq:21.82 q-noVbv:29.75 q-Rceq:1.32 tex:200249 mv:23468 misc:4275 icu:131.75 pcu:1095.50 scu:68.75 tlayer:0 pbqpoffset:1.47 pbfactor:1.19 avgQpOffsetCutree:-7.61;
in:70 out:68 type:B q:30.92 q-aq:26.39 q-noVbv:30.92 q-Rceq:1.32 tex:24112 mv:13807 misc:3505 icu:12.75 pcu:947.50 scu:335.75 tlayer:1 pbqpoffset:1.81 pbfactor:1.23 avgQpOffsetCutree:-3.87;
in:68 out:69 type:B q:32.09 q-aq:30.35 q-noVbv:32.09 q-Rceq:1.32 tex:4045 mv:5046 misc:1269 icu:2.25 pcu:795.00 scu:498.75 tlayer:2 pbqpoffset:3.29 pbfactor:1.46 avgQpOffsetCutree:-1.65;
in:67 out:70 type:b q:33.58 q-aq:34.00 q-noVbv:33.58 q-Rceq:1.32 tex:383 mv:2417 misc:888 icu:0.25 pcu:463.50 scu:832.25 tlayer:3 pbqpoffset:4.94 pbfactor:1.77 avgQpOffsetCutree:0.00;
in:69 out:71 type:b q:33.17 q-aq:33.00 q-noVbv:33.17 q-Rceq:1.32 tex:745 mv:2662 misc:937 icu:0.25 pcu:638.75 scu:657.00 tlayer:3 pbqpoffset:4.21 pbfactor:1.63 avgQpOffsetCutree:0.00;
in:72 out:72 type:B q:32.67 q-aq:30.36 q-noVbv:32.67 q-Rceq:1.32 tex:2725 mv:5074 misc:1513 icu:2.00 pcu:833.75 scu:460.25 tlayer:2 pbqpoffset:3.23 pbfactor:1.45 avgQpOffsetCutree:-2.29;
in:71 out:73 type:b q:34.65 q-aq:35.00 q-noVbv:34.65 q-Rceq:1.32 tex:177 mv:1770 misc:765 icu:0.25 pcu:256.00 scu:1039.75 tlayer:3 pbqpoffset:5.37 pbfactor:1.86 avgQpOffsetCutree:0.00;
in:73 out:74 type:b q:32.76 q-aq:33.00 q-noVbv:32.76 q-Rceq:1.32 tex:709 mv:2589 misc:918 icu:0.25 pcu:507.00 scu:788.75 tlayer:3 pbqpoffset:3.17 pbfactor:1.44 avgQpOffsetCutree:0.00;
in:83 out:75 type:k q:29.93 q-aq:22.69 q-noVbv:29.93 q-Rceq:1.32 tex:286669 mv:29163 misc:3504 icu:528.50 pcu:764.75 scu:2.75 tlayer:0 pbqpoffset:1.47 pbfactor:1.19 avgQpOffsetCutree:-7.85;
in:79 out:76 type:B q:31.98 q-aq:29.44 q-noVbv:31.98 q-Rceq:1.32 tex:9719 mv:7450 misc:2599 icu:42.75 pcu:796.50 scu:456.75 tlayer:1 pbqpoffset:2.13 pbfactor:1.28 avgQpOffsetCutree:-2.22;
in:77 out:77 type:B q:33.19 q-aq:31.21 q-noVbv:33.19 q-Rceq:1.32 tex:1738 mv:4009 misc:1157 icu:1.25 pcu:595.50 scu:699.25 tlayer:2 pbqpoffset:3.38 pbfactor:1.48 avgQpOffsetCutree:-1.73;
in:76 out:78 type:B q:33.40 q-aq:32.87 q-noVbv:33.40 q-Rceq:1.32 tex:697 mv:2582 misc:873 icu:0.25 pcu:494.50 scu:801.25 tlayer:3 pbqpoffset:3.61 pbfactor:1.52 avgQpOffsetCutree:-1.04;
in:75 out:79 type:b q:36.37 q-aq:36.00 q-noVbv:36.37 q-Rceq:1.32 tex:212 mv:1377 misc:643 icu:0.00 pcu:191.00 scu:1105.00 tlayer:4 pbqpoffset:6.60 pbfactor:2.14 avgQpOffsetCutree:0.00;
in:78 out:80 type:b q:34.86 q-aq:35.00 q-noVbv:34.86 q-Rceq:1.32 tex:49 mv:1769 misc:678 icu:0.00 pcu:610.50 scu:685.50 tlayer:3 pbqpoffset:5.03 pbfactor:1.79 avgQpOffsetCutree:0.00;
in:81 out:81 type:B q:31.94 q-aq:29.13 q-noVbv:31.94 q-Rceq:1.32 tex:14163 mv:6620 misc:2609 icu:8.25 pcu:684.25 scu:603.50 tlayer:2 pbqpoffset:2.05 pbfactor:1.27 avgQpOffsetCutree:-2.45;
in:80 out:82 type:b q:36.45 q-aq:36.26 q-noVbv:36.45 q-Rceq:1.32 tex:320 mv:1159 misc:657 icu:0.25 pcu:118.25 scu:1177.50 tlayer:3 pbqpoffset:6.58 pbfactor:2.14 avgQpOffsetCutree:0.00;
in:82 out:83 type:b q:34.45 q-aq:34.34 q-noVbv:34.45 q-Rceq:1.32 tex:470 mv:1737 misc:761 icu:0.25 pcu:378.75 scu:917.00 tlayer:3 pbqpoffset:4.53 pbfactor:1.69 avgQpOffsetCutree:0.00;
in:99 out:84 type:k q:26.63 q-aq:19.18 q-noVbv:26.63 q-Rceq:1.32 tex:430830 mv:39694 misc:3004 icu:728.75 pcu:566.00 scu:1.25 tlayer:0 pbqpoffset:0.62 pbfactor:1.07 avgQpOffsetCutree:-7.95;
in:91 out:85 type:B q:30.76 q-aq:23.73 q-noVbv:30.76 q-Rceq:1.32 tex:93603 mv:18399 misc:3742 icu:91.75 pcu:1135.00 scu:69.25 tlayer:1 pbqpoffset:2.48 pbfactor:1.33 avgQpOffsetCutree:-5.60;
in:87 out:86 type:B q:32.92 q-aq:28.57 q-noVbv:32.92 q-Rceq:1.32 tex:7269 mv:7204 misc:2071 icu:9.25 pcu:788.25 scu:498.50 tlayer:2 pbqpoffset:3.81 pbfactor:1.55 avgQpOffsetCutree:-3.72;
in:85 out:87 type:B q:33.34 q-aq:32.01 q-noVbv:33.34 q-Rceq:1.32 tex:1785 mv:3448 misc:1119 icu:7.00 pcu:479.75 scu:809.25 tlayer:3 pbqpoffset:3.81 pbfactor:1.55 avgQpOffsetCutree:-1.67;
in:84 out:88 type:b q:36.34 q-aq:36.00 q-noVbv:36.34 q-Rceq:1.32 tex:173 mv:1390 misc:629 icu:0.00 pcu:281.25 scu:1014.75 tlayer:4 pbqpoffset:6.61 pbfactor:2.15 avgQpOffsetCutree:0.00;
in:86 out:89 type:b q:36.13 q-aq:36.00 q-noVbv:36.13 q-Rceq:1.32 tex:211 mv:1531 misc:738 icu:0.25 pcu:382.00 scu:913.75 tlayer:4 pbqpoffset:6.81 pbfactor:2.20 avgQpOffsetCutree:0.00;
in:89 out:90 type:B q:32.51 q-aq:30.65 q-noVbv:32.51 q-Rceq:1.32 tex:2537 mv:4006 misc:1217 icu:0.75 pcu:534.50 scu:760.75 tlayer:3 pbqpoffset:3.81 pbfactor:1.55 avgQpOffsetCutree:-1.73;
in:88 out:91 type:b q:35.72 q-aq:36.00 q-noVbv:35.72 q-Rceq:1.32 tex:179 mv:1469 misc:656 icu:0.00 pcu:293.50 scu:1002.50 tlayer:4 pbqpoffset:6.81 pbfactor:2.20 avgQpOffsetCutree:0.00;
in:90 out:92 type:b q:35.30 q-aq:35.00 q-noVbv:35.30 q-Rceq:1.32 tex:188 mv:1968 misc:796 icu:0.50 pcu:386.75 scu:908.75 tlayer:4 pbqpoffset:6.81 pbfactor:2.20 avgQpOffsetCutree:0.00;
in:95 out:93 type:B q:30.56 q-aq:28.05 q-noVbv:30.56 q-Rceq:1.32 tex:12046 mv:6082 misc:2528 icu:34.50 pcu:669.25 scu:592.25 tlayer:2 pbqpoffset:3.10 pbfactor:1.43 avgQpOffsetCutree:-2.31;
in:93 out:94 type:B q:31.68 q-aq:29.72 q-noVbv:31.68 q-Rceq:1.32 tex:1617 mv:3334 misc:1049 icu:2.50 pcu:488.25 scu:805.25 tlayer:3 pbqpoffset:3.81 pbfactor:1.55 avgQpOffsetCutree:-1.84;
in:92 out:95 type:b q:34.89 q-aq:35.00 q-noVbv:34.89 q-Rceq:1.32 tex:309 mv:1428 misc:639 icu:0.00 pcu:302.25 scu:993.75 tlayer:4 pbqpoffset:6.81 pbfactor:2.20 avgQpOffsetCutree:0.00;
in:94 out:96 type:b q:34.47 q-aq:34.35 q-noVbv:34.47 q-Rceq:1.32 tex:330 mv:1357 misc:625 icu:0.00 pcu:359.50 scu:936.50 tlayer:4 pbqpoffset:6.81 pbfactor:2.20 avgQpOffsetCutree:0.00;
in:97 out:97 type:B q:29.86 q-aq:27.08 q-noVbv:29.86 q-Rceq:1.32 tex:20982 mv:8262 misc:2828 icu:13.25 pcu:673.25 scu:609.50 tlayer:3 pbqpoffset:2.82 pbfactor:1.39 avgQpOffsetCutree:-2.53;
in:96 out:98 type:b q:34.07 q-aq:34.00 q-noVbv:34.07 q-Rceq:1.32 tex:776 mv:1649 misc:919 icu:1.25 pcu:157.25 scu:1137.50 tlayer:4 pbqpoffset:6.81 pbfactor:2.20 avgQpOffsetCutree:0.00;
in:98 out:99 type:b q:33.43 q-aq:33.00 q-noVbv:33.43 q-Rceq:1.32 tex:714 mv:2810 misc:956 icu:0.00 pcu:465.00 scu:831.00 tlayer:4 pbqpoffset:6.60 pbfactor:2.14 avgQpOffsetCutree:0.00;
in:115 out:100 type:k q:26.83 q-aq:20.11 q-noVbv:26.83 q-Rceq:1.32 tex:359231 mv:35974 misc:3275 icu:689.75 pcu:603.75 scu:2.50 tlayer:0 pbqpoffset:0.79 pbfactor:1.10 avgQpOffsetCutree:-7.85;
in:107 out:101 type:B q:28.98 q-aq:22.34 q-noVbv:28.98 q-Rceq:1.32 tex:117499 mv:18633 misc:3916 icu:77.50 pcu:1132.75 scu:85.75 tlayer:1 pbqpoffset:2.25 pbfactor:1.30 avgQpOffsetCutree:-5.79;
in:103 out:102 type:B q:30.59 q-aq:27.69 q-noVbv:30.59 q-Rceq:1.32 tex:11598 mv:7375 misc:2043 icu:11.00 pcu:822.50 scu:462.50 tlayer:2 pbqpoffset:3.91 pbfactor:1.57 avgQpOffsetCutree:-2.54;
in:101 out:103 type:B q:30.57 q-aq:29.00 q-noVbv:30.57 q-Rceq:1.32 tex:6446 mv:6059 misc:1575 icu:4.25 pcu:785.25 scu:506.50 tlayer:3 pbqpoffset:3.91 pbfactor:1.57 avgQpOffsetCutree:-1.79;
in:100 out:104 type:b q:33.55 q-aq:34.00 q-noVbv:33.55 q-Rceq:1.32 tex:647 mv:2227 misc:870 icu:0.00 pcu:273.75 scu:1022.25 tlayer:4 pbqpoffset:6.91 pbfactor:2.22 avgQpOffsetCutree:0.00;
in:102 out:105 type:b q:33.58 q-aq:34.00 q-noVbv:33.58 q-Rceq:1.32 tex:695 mv:2291 misc:934 icu:0.75 pcu:440.25 scu:855.00 tlayer:4 pbqpoffset:6.91 pbfactor:2.22 avgQpOffsetCutree:0.00;
in:105 out:106 type:B q:30.62 q-aq:28.99 q-noVbv:30.62 q-Rceq:1.32 tex:2610 mv:4112 misc:1502 icu:0.50 pcu:566.00 scu:729.50 tlayer:3 pbqpoffset:3.91 pbfactor:1.57 avgQpOffsetCutree:-2.18;
in:104 out:107 type:b q:33.60 q-aq:34.00 q-noVbv:33.60 q-Rceq:1.32 tex:359 mv:1640 misc:761 icu:0.00 pcu:244.00 scu:1052.00 tlayer:4 pbqpoffset:6.91 pbfactor:2.22 avgQpOffsetCutree:0.00;
in:106 out:108 type:b q:33.63 q-aq:34.00 q-noVbv:33.63 q-Rceq:1.32 tex:161 mv:1519 misc:704 icu:0.00 pcu:300.00 scu:996.00 tlayer:4 pbqpoffset:6.91 pbfactor:2.22 avgQpOffsetCutree:0.00;
in:111 out:109 type:B q:29.71 q-aq:27.99 q-noVbv:29.71 q-Rceq:1.32 tex:9298 mv:5232 misc:2318 icu:22.50 pcu:658.50 scu:615.00 tlayer:2 pbqpoffset:2.93 pbfactor:1.40 avgQpOffsetCutree:-1.69;
in:109 out:110 type:B q:30.67 q-aq:29.59 q-noVbv:30.67 q-Rceq:1.32 tex:657 mv:2892 misc:1035 icu:2.25 pcu:512.25 scu:781.50 tlayer:3 pbqpoffset:3.91 pbfactor:1.57 avgQpOffsetCutree:-2.02;
in:108 out:111 type:b q:33.65 q-aq:34.00 q-noVbv:33.65 q-Rceq:1.32 tex:139 mv:1125 misc:584 icu:0.00 pcu:191.50 scu:1104.50 tlayer:4 pbqpoffset:6.90 pbfactor:2.22 avgQpOffsetCutree:0.00;
in:110 out:112 type:b q:33.68 q-aq:34.00 q-noVbv:33.68 q-Rceq:1.32 tex:93 mv:1595 misc:664 icu:0.75 pcu:526.50 scu:768.75 tlayer:4 pbqpoffset:6.91 pbfactor:2.22 avgQpOffsetCutree:0.00;
in:113 out:113 type:B q:29.68 q-aq:26.93 q-noVbv:29.68 q-Rceq:1.32 tex:21733 mv:7250 misc:2793 icu:15.00 pcu:516.25 scu:764.75 tlayer:3 pbqpoffset:2.87 pbfactor:1.39 avgQpOffsetCutree:-2.56;
in:112 out:114 type:b q:30.56 q-aq:31.00 q-noVbv:30.56 q-Rceq:1.32 tex:4467 mv:2584 misc:1277 icu:3.00 pcu:409.00 scu:884.00 tlayer:4 pbqpoffset:3.76 pbfactor:1.54 avgQpOffsetCutree:0.00;
in:114 out:115 type:b q:33.68 q-aq:34.00 q-noVbv:33.68 q-Rceq:1.32 tex:506 mv:1907 misc:787 icu:0.25 pcu:262.75 scu:1033.00 tlayer:4 pbqpoffset:6.86 pbfactor:2.21 avgQpOffsetCutree:0.00;
in:131 out:116 type:k q:26.64 q-aq:19.83 q-noVbv:26.64 q-Rceq:1.32 tex:375591 mv:36632 misc:3225 icu:674.00 pcu:619.50 scu:2.50 tlayer:0 pbqpoffset:0.67 pbfactor:1.08 avgQpOffsetCutree:-7.98;
in:123 out:117 type:B q:29.15 q-aq:22.62 q-noVbv:29.15 q-Rceq:1.32 tex:122324 mv:19308 misc:3944 icu:82.75 pcu:1154.75 scu:58.50 tlayer:1 pbqpoffset:2.42 pbfactor:1.32 avgQpOffsetCutree:-5.66;
in:119 out:118 type:B q:30.47 q-aq:25.67 q-noVbv:30.47 q-Rceq:1.32 tex:24921 mv:13956 misc:3651 icu:3.75 pcu:932.00 scu:360.25 tlayer:2 pbqpoffset:3.69 pbfactor:1.53 avgQpOffsetCutree:-3.95;
in:117 out:119 type:B q:30.80 q-aq:29.14 q-noVbv:30.80 q-Rceq:1.32 tex:4580 mv:5834 misc:1482 icu:1.25 pcu:803.25 scu:491.50 tlayer:3 pbqpoffset:3.99 pbfactor:1.59 avgQpOffsetCutree:-1.76;
in:116 out:120 type:b q:33.81 q-aq:34.00 q-noVbv:33.81 q-Rceq:1.32 tex:552 mv:2463 misc:905 icu:0.25 pcu:497.25 scu:798.50 tlayer:4 pbqpoffset:6.98 pbfactor:2.24 avgQpOffsetCutree:0.00;
in:118 out:121 type:b q:33.78 q-aq:34.00 q-noVbv:33.78 q-Rceq:1.32 tex:414 mv:1463 misc:731 icu:0.00 pcu:270.75 scu:1025.25 tlayer:4 pbqpoffset:6.98 pbfactor:2.24 avgQpOffsetCutree:0.00;
in:121 out:122 type:B q:30.75 q-aq:29.35 q-noVbv:30.75 q-Rceq:1.32 tex:3336 mv:4609 misc:1495 icu:0.25 pcu:691.00 scu:604.75 tlayer:3 pbqpoffset:3.99 pbfactor:1.59 avgQpOffsetCutree:-1.57;
in:120 out:123 type:b q:32.98 q-aq:33.00 q-noVbv:32.98 q-Rceq:1.32 tex:534 mv:2523 misc:879 icu:0.25 pcu:540.25 scu:755.50 tlayer:4 pbqpoffset:6.21 pbfactor:2.05 avgQpOffsetCutree:0.00;
in:122 out:124 type:b q:33.73 q-aq:34.00 q-noVbv:33.73 q-Rceq:1.32 tex:474 mv:1331 misc:651 icu:0.00 pcu:275.75 scu:1020.25 tlayer:4 pbqpoffset:6.98 pbfactor:2.24 avgQpOffsetCutree:0.00;
in:127 out:125 type:B q:30.03 q-aq:26.95 q-noVbv:30.03 q-Rceq:1.32 tex:11649 mv:7100 misc:3251 icu:20.50 pcu:730.75 scu:544.75 tlayer:2 pbqpoffset:3.34 pbfactor:1.47 avgQpOffsetCutree:-2.70;
in:125 out:126 type:B q:30.70 q-aq:29.47 q-noVbv:30.70 q-Rceq:1.32 tex:905 mv:3459 misc:1036 icu:3.00 pcu:764.75 scu:528.25 tlayer:3 pbqpoffset:3.99 pbfactor:1.59 avgQpOffsetCutree:-1.43;
in:124 out:127 type:b q:33.70 q-aq:34.00 q-noVbv:33.70 q-Rceq:1.32 tex:217 mv:1810 misc:757 icu:0.25 pcu:461.75 scu:834.00 tlayer:4 pbqpoffset:6.98 pbfactor:2.24 avgQpOffsetCutree:0.00;
in:126 out:128 type:b q:33.68 q-aq:34.00 q-noVbv:33.68 q-Rceq:1.32 tex:229 mv:1438 misc:701 icu:0.00 pcu:395.75 scu:900.25 tlayer:4 pbqpoffset:6.98 pbfactor:2.24 avgQpOffsetCutree:0.00;
in:129 out:129 type:B q:30.37 q-aq:28.29 q-noVbv:30.37 q-Rceq:1.32 tex:12616 mv:6093 misc:2179 icu:8.75 pcu:689.50 scu:597.75 tlayer:3 pbqpoffset:3.71 pbfactor:1.53 avgQpOffsetCutree:-2.01;
in:128 out:130 type:b q:30.93 q-aq:31.00 q-noVbv:30.93 q-Rceq:1.32 tex:3215 mv:3409 misc:1392 icu:4.50 pcu:567.25 scu:724.25 tlayer:4 pbqpoffset:4.25 pbfactor:1.63 avgQpOffsetCutree:0.00;
in:130 out:131 type:b q:33.63 q-aq:34.00 q-noVbv:33.63 q-Rceq:1.32 tex:460 mv:1933 misc:871 icu:0.00 pcu:318.75 scu:977.25 tlayer:4 pbqpoffset:6.98 pbfactor:2.24 avgQpOffsetCutree:0.00;
in:147 out:132 type:k q:26.74 q-aq:20.15 q-noVbv:26.74 q-Rceq:1.32 tex:395172 mv:40794 misc:3290 icu:729.75 pcu:563.25 scu:3.00 tlayer:0 pbqpoffset:0.84 pbfactor:1.10 avgQpOffsetCutree:-7.84;
in:139 out:133 type:B q:29.20 q-aq:22.85 q-noVbv:29.20 q-Rceq:1.32 tex:106638 mv:20660 misc:4870 icu:85.50 pcu:1005.75 scu:204.75 tlayer:1 pbqpoffset:2.52 pbfactor:1.34 avgQpOffsetCutree:-5.54;
in:135 out:134 type:B q:30.69 q-aq:26.54 q-noVbv:30.69 q-Rceq:1.32 tex:16457 mv:11280 misc:3015 icu:11.00 pcu:885.25 scu:399.75 tlayer:2 pbqpoffset:4.03 pbfactor:1.59 avgQpOffsetCutree:-3.63;
in:133 out:135 type:B q:30.68 q-aq:29.31 q-noVbv:30.68 q-Rceq:1.32 tex:4737 mv:5266 misc:1437 icu:1.00 pcu:772.00 scu:523.00 tlayer:3 pbqpoffset:4.03 pbfactor:1.59 avgQpOffsetCutree:-1.58;
in:132 out:136 type:b q:33.67 q-aq:34.00 q-noVbv:33.67 q-Rceq:1.32 tex:616 mv:2288 misc:896 icu:0.25 pcu:391.50 scu:904.25 tlayer:4 pbqpoffset:7.02 pbfactor:2.25 avgQpOffsetCutree:0.00;
in:134 out:137 type:b q:33.68 q-aq:34.00 q-noVbv:33.68 q-Rceq:1.32 tex:546 mv:1887 misc:839 icu:0.00 pcu:363.50 scu:932.50 tlayer:4 pbqpoffset:7.02 pbfactor:2.25 avgQpOffsetCutree:0.00;
in:137 out:138 type:B q:30.70 q-aq:28.76 q-noVbv:30.70 q-Rceq:1.32 tex:3775 mv:6053 misc:1636 icu:2.25 pcu:749.75 scu:544.00 tlayer:3 pbqpoffset:4.03 pbfactor:1.59 avgQpOffsetCutree:-2.26;
in:136 out:139 type:b q:33.69 q-aq:34.00 q-noVbv:33.69 q-Rceq:1.32 tex:561 mv:2476 misc:883 icu:0.50 pcu:442.75 scu:852.75 tlayer:4 pbqpoffset:7.02 pbfactor:2.25 avgQpOffsetCutree:0.00;
in:138 out:140 type:b q:33.70 q-aq:34.00 q-noVbv:33.70 q-Rceq:1.32 tex:433 mv:2509 misc:898 icu:0.50 pcu:463.50 scu:832.00 tlayer:4 pbqpoffset:7.02 pbfactor:2.25 avgQpOffsetCutree:0.00;
in:143 out:141 type:B q:30.52 q-aq:28.64 q-noVbv:30.52 q-Rceq:1.32 tex:9185 mv:6418 misc:2781 icu:29.25 pcu:778.75 scu:488.00 tlayer:2 pbqpoffset:3.81 pbfactor:1.55 avgQpOffsetCutree:-1.91;
in:141 out:142 type:B q:30.73 q-aq:29.15 q-noVbv:30.73 q-Rceq:1.32 tex:1830 mv:3588 misc:1118 icu:4.75 pcu:638.50 scu:652.75 tlayer:3 pbqpoffset:4.03 pbfactor:1.59 avgQpOffsetCutree:-1.89;
in:140 out:143 type:b q:33.71 q-aq:34.00 q-noVbv:33.71 q-Rceq:1.32 tex:354 mv:1751 misc:767 icu:0.50 pcu:303.75 scu:991.75 tlayer:4 pbqpoffset:7.02 pbfactor:2.25 avgQpOffsetCutree:0.00;
in:142 out:144 type:b q:33.73 q-aq:34.00 q-noVbv:33.73 q-Rceq:1.32 tex:120 mv:1218 misc:558 icu:0.00 pcu:291.50 scu:1004.50 tlayer:4 pbqpoffset:7.02 pbfactor:2.25 avgQpOffsetCutree:0.00;
in:145 out:145 type:B q:30.75 q-aq:28.42 q-noVbv:30.75 q-Rceq:1.32 tex:16512 mv:7459 misc:2421 icu:13.25 pcu:620.00 scu:662.75 tlayer:3 pbqpoffset:4.03 pbfactor:1.59 avgQpOffsetCutree:-2.17;
in:144 out:146 type:b q:33.05 q-aq:33.00 q-noVbv:33.05 q-Rceq:1.32 tex:1289 mv:2924 misc:1307 icu:2.50 pcu:394.00 scu:899.50 tlayer:4 pbqpoffset:6.33 pbfactor:2.08 avgQpOffsetCutree:0.00;
in:146 out:147 type:b q:33.75 q-aq:34.00 q-noVbv:33.75 q-Rceq:1.32 tex:401 mv:1804 misc:779 icu:0.00 pcu:218.50 scu:1077.50 tlayer:4 pbqpoffset:7.02 pbfactor:2.25 avgQpOffsetCutree:0.00;
in:163 out:148 type:k q:27.04 q-aq:20.48 q-noVbv:27.04 q-Rceq:1.32 tex:373874 mv:33561 misc:3413 icu:656.50 pcu:636.25 scu:3.25 tlayer:0 pbqpoffset:0.90 pbfactor:1.11 avgQpOffsetCutree:-7.75;
in:155 out:149 type:B q:29.38 q-aq:22.95 q-noVbv:29.38 q-Rceq:1.32 tex:117363 mv:20501 misc:4368 icu:70.50 pcu:1129.25 scu:96.25 tlayer:1 pbqpoffset:2.49 pbfactor:1.33 avgQpOffsetCutree:-5.68;
in:151 out:150 type:B q:30.85 q-aq:26.45 q-noVbv:30.85 q-Rceq:1.32 tex:15158 mv:10460 misc:2926 icu:11.25 pcu:856.50 scu:428.25 tlayer:2 pbqpoffset:4.03 pbfactor:1.59 avgQpOffsetCutree:-3.70;
in:149 out:151 type:B q:30.81 q-aq:29.07 q-noVbv:30.81 q-Rceq:1.32 tex:5531 mv:6681 misc:1532 icu:3.50 pcu:819.25 scu:473.25 tlayer:3 pbqpoffset:4.03 pbfactor:1.59 avgQpOffsetCutree:-1.87;
in:148 out:152 type:b q:33.78 q-aq:34.00 q-noVbv:33.78 q-Rceq:1.32 tex:513 mv:2053 misc:898 icu:0.00 pcu:326.50 scu:969.50 tlayer:4 pbqpoffset:7.03 pbfactor:2.25 avgQpOffsetCutree:0.00;
in:150 out:153 type:b q:33.82 q-aq:34.00 q-noVbv:33.82 q-Rceq:1.32 tex:598 mv:2314 misc:904 icu:0.25 pcu:431.75 scu:864.00 tlayer:4 pbqpoffset:7.03 pbfactor:2.25 avgQpOffsetCutree:0.00;
in:153 out:154 type:B q:30.88 q-aq:28.81 q-noVbv:30.88 q-Rceq:1.32 tex:3795 mv:4457 misc:1476 icu:3.25 pcu:512.00 scu:780.75 tlayer:3 pbqpoffset:4.03 pbfactor:1.59 avgQpOffsetCutree:-2.30;
in:152 out:155 type:b q:33.86 q-aq:34.00 q-noVbv:33.86 q-Rceq:1.32 tex:421 mv:2616 misc:931 icu:0.75 pcu:448.25 scu:847.00 tlayer:4 pbqpoffset:7.03 pbfactor:2.25 avgQpOffsetCutree:0.00;
in:154 out:156 type:b q:33.90 q-aq:34.00 q-noVbv:33.90 q-Rceq:1.32 tex:450 mv:1492 misc:722 icu:0.00 pcu:272.50 scu:1023.50 tlayer:4 pbqpoffset:7.03 pbfactor:2.25 avgQpOffsetCutree:0.00;
in:159 out:157 type:B q:30.35 q-aq:27.86 q-noVbv:30.35 q-Rceq:1.32 tex:10801 mv:5354 misc:2509 icu:28.00 pcu:744.75 scu:523.25 tlayer:2 pbqpoffset:3.39 pbfactor:1.48 avgQpOffsetCutree:-2.24;
in:157 out:158 type:B q:30.96 q-aq:29.17 q-noVbv:30.96 q-Rceq:1.32 tex:1204 mv:3369 misc:1099 icu:2.00 pcu:479.25 scu:814.75 tlayer:3 pbqpoffset:4.03 pbfactor:1.59 avgQpOffsetCutree:-2.07;
in:156 out:159 type:b q:33.93 q-aq:34.00 q-noVbv:33.93 q-Rceq:1.32 tex:173 mv:1401 misc:634 icu:0.00 pcu:300.50 scu:995.50 tlayer:4 pbqpoffset:7.02 pbfactor:2.25 avgQpOffsetCutree:0.00;
in:158 out:160 type:b q:33.97 q-aq:34.00 q-noVbv:33.97 q-Rceq:1.32 tex:88 mv:1261 misc:539 icu:0.00 pcu:234.75 scu:1061.25 tlayer:4 pbqpoffset:7.03 pbfactor:2.25 avgQpOffsetCutree:0.00;
in:161 out:161 type:B q:30.04 q-aq:27.38 q-noVbv:30.04 q-Rceq:1.32 tex:18799 mv:7533 misc:3108 icu:10.75 pcu:643.00 scu:642.25 tlayer:3 pbqpoffset:3.04 pbfactor:1.42 avgQpOffsetCutree:-2.41;
in:160 out:162 type:b q:34.01 q-aq:34.00 q-noVbv:34.01 q-Rceq:1.32 tex:424 mv:1331 misc:829 icu:2.50 pcu:105.50 scu:1188.00 tlayer:4 pbqpoffset:7.03 pbfactor:2.25 avgQpOffsetCutree:0.00;
in:162 out:163 type:b q:34.05 q-aq:34.00 q-noVbv:34.05 q-Rceq:1.32 tex:322 mv:1945 misc:813 icu:0.00 pcu:485.50 scu:810.50 tlayer:4 pbqpoffset:7.03 pbfactor:2.25 avgQpOffsetCutree:0.00;
in:176 out:164 type:k q:27.31 q-aq:20.85 q-noVbv:27.31 q-Rceq:1.32 tex:374602 mv:47816 misc:2982 icu:994.75 pcu:298.25 scu:3.00 tlayer:0 pbqpoffset:0.91 pbfactor:1.11 avgQpOffsetCutree:-7.45;
in:170 out:165 type:B q:29.56 q-aq:22.95 q-noVbv:29.56 q-Rceq:1.32 tex:124899 mv:16507 misc:3802 icu:84.75 pcu:1167.50 scu:43.75 tlayer:1 pbqpoffset:2.38 pbfactor:1.32 avgQpOffsetCutree:-5.63;
in:167 out:166 type:B q:31.09 q-aq:27.21 q-noVbv:31.09 q-Rceq:1.32 tex:12199 mv:9254 misc:2683 icu:7.25 pcu:906.75 scu:382.00 tlayer:2 pbqpoffset:3.97 pbfactor:1.58 avgQpOffsetCutree:-3.27;
in:165 out:167 type:B q:31.05 q-aq:29.21 q-noVbv:31.05 q-Rceq:1.32 tex:3378 mv:5074 misc:1660 icu:8.75 pcu:790.75 scu:496.50 tlayer:3 pbqpoffset:3.97 pbfactor:1.58 avgQpOffsetCutree:-1.82;
in:164 out:168 type:b q:33.40 q-aq:33.00 q-noVbv:33.40 q-Rceq:1.32 tex:60 mv:2011 misc:825 icu:1.00 pcu:477.75 scu:817.25 tlayer:4 pbqpoffset:6.34 pbfactor:2.08 avgQpOffsetCutree:0.00;
in:166 out:169 type:b q:33.45 q-aq:33.00 q-noVbv:33.45 q-Rceq:1.32 tex:199 mv:1727 misc:778 icu:1.00 pcu:363.75 scu:931.25 tlayer:4 pbqpoffset:6.35 pbfactor:2.08 avgQpOffsetCutree:0.00;
in:169 out:170 type:B q:31.13 q-aq:30.84 q-noVbv:31.13 q-Rceq:1.32 tex:928 mv:2236 misc:948 icu:0.50 pcu:299.50 scu:996.00 tlayer:3 pbqpoffset:3.97 pbfactor:1.58 avgQpOffsetCutree:-1.11;
in:168 out:171 type:b q:34.09 q-aq:34.00 q-noVbv:34.09 q-Rceq:1.32 tex:338 mv:1535 misc:703 icu:0.00 pcu:304.00 scu:992.00 tlayer:4 pbqpoffset:6.95 pbfactor:2.23 avgQpOffsetCutree:0.00;
in:173 out:172 type:B q:31.08 q-aq:27.10 q-noVbv:31.08 q-Rceq:1.32 tex:6940 mv:4826 misc:2498 icu:15.25 pcu:957.75 scu:323.00 tlayer:2 pbqpoffset:3.84 pbfactor:1.56 avgQpOffsetCutree:-3.30;
in:172 out:173 type:B q:31.19 q-aq:30.94 q-noVbv:31.19 q-Rceq:1.32 tex:428 mv:1991 misc:877 icu:0.50 pcu:414.75 scu:880.75 tlayer:3 pbqpoffset:3.97 pbfactor:1.58 avgQpOffsetCutree:-1.04;
in:171 out:174 type:b q:34.15 q-aq:34.00 q-noVbv:34.15 q-Rceq:1.32 tex:246 mv:1419 misc:671 icu:0.00 pcu:333.00 scu:963.00 tlayer:4 pbqpoffset:6.95 pbfactor:2.23 avgQpOffsetCutree:0.00;
in:175 out:175 type:B q:31.26 q-aq:30.59 q-noVbv:31.26 q-Rceq:1.32 tex:1300 mv:2585 misc:1547 icu:6.75 pcu:752.25 scu:537.00 tlayer:3 pbqpoffset:3.97 pbfactor:1.58 avgQpOffsetCutree:-1.24;
in:174 out:176 type:b q:34.20 q-aq:34.00 q-noVbv:34.20 q-Rceq:1.32 tex:147 mv:1333 misc:600 icu:0.00 pcu:471.50 scu:824.50 tlayer:4 pbqpoffset:6.93 pbfactor:2.23 avgQpOffsetCutree:0.00;
in:192 out:177 type:k q:26.73 q-aq:20.23 q-noVbv:26.73 q-Rceq:1.32 tex:376115 mv:47001 misc:2580 icu:1065.50 pcu:229.75 scu:0.75 tlayer:0 pbqpoffset:0.99 pbfactor:1.12 avgQpOffsetCutree:-7.49;
in:184 out:178 type:B q:29.35 q-aq:22.19 q-noVbv:29.35 q-Rceq:1.32 tex:173696 mv:22891 misc:4333 icu:88.50 pcu:1069.50 scu:138.00 tlayer:1 pbqpoffset:2.33 pbfactor:1.31 avgQpOffsetCutree:-6.12;
in:180 out:179 type:B q:31.10 q-aq:26.85 q-noVbv:31.10 q-Rceq:1.32 tex:13761 mv:9568 misc:2591 icu:4.25 pcu:852.50 scu:439.25 tlayer:2 pbqpoffset:3.93 pbfactor:1.57 avgQpOffsetCutree:-3.47;
in:178 out:180 type:B q:31.17 q-aq:29.64 q-noVbv:31.17 q-Rceq:1.32 tex:5035 mv:4236 misc:1441 icu:0.50 pcu:507.25 scu:788.25 tlayer:3 pbqpoffset:3.93 pbfactor:1.57 avgQpOffsetCutree:-1.86;
in:177 out:181 type:b q:34.20 q-aq:34.00 q-noVbv:34.20 q-Rceq:1.32 tex:268 mv:1398 misc:654 icu:0.00 pcu:143.75 scu:1152.25 tlayer:4 pbqpoffset:6.92 pbfactor:2.23 avgQpOffsetCutree:0.00;
in:179 out:182 type:b q:34.06 q-aq:34.00 q-noVbv:34.06 q-Rceq:1.32 tex:165 mv:1579 misc:776 icu:0.00 pcu:282.00 scu:1014.00 tlayer:4 pbqpoffset:6.86 pbfactor:2.21 avgQpOffsetCutree:0.00;
in:182 out:183 type:B q:31.02 q-aq:29.60 q-noVbv:31.02 q-Rceq:1.32 tex:4586 mv:5096 misc:1606 icu:1.25 pcu:696.50 scu:598.25 tlayer:3 pbqpoffset:3.93 pbfactor:1.57 avgQpOffsetCutree:-1.84;
in:181 out:184 type:b q:34.05 q-aq:34.00 q-noVbv:34.05 q-Rceq:1.32 tex:250 mv:1513 misc:781 icu:0.00 pcu:286.75 scu:1009.25 tlayer:4 pbqpoffset:6.92 pbfactor:2.22 avgQpOffsetCutree:0.00;
in:183 out:185 type:b q:33.98 q-aq:34.00 q-noVbv:33.98 q-Rceq:1.32 tex:290 mv:1896 misc:814 icu:0.00 pcu:407.25 scu:888.75 tlayer:4 pbqpoffset:6.92 pbfactor:2.23 avgQpOffsetCutree:0.00;
in:188 out:186 type:B q:30.70 q-aq:25.49 q-noVbv:30.70 q-Rceq:1.32 tex:19223 mv:7961 misc:3264 icu:24.75 pcu:1059.50 scu:211.75 tlayer:2 pbqpoffset:3.82 pbfactor:1.56 avgQpOffsetCutree:-4.25;
in:186 out:187 type:B q:30.88 q-aq:29.44 q-noVbv:30.88 q-Rceq:1.32 tex:1968 mv:3693 misc:1259 icu:1.50 pcu:488.50 scu:806.00 tlayer:3 pbqpoffset:3.93 pbfactor:1.57 avgQpOffsetCutree:-1.65;
in:185 out:188 type:b q:33.91 q-aq:34.00 q-noVbv:33.91 q-Rceq:1.32 tex:140 mv:1685 misc:735 icu:0.00 pcu:326.50 scu:969.50 tlayer:4 pbqpoffset:6.92 pbfactor:2.22 avgQpOffsetCutree:0.00;
in:187 out:189 type:b q:33.83 q-aq:34.00 q-noVbv:33.83 q-Rceq:1.32 tex:56 mv:1318 misc:642 icu:0.00 pcu:255.75 scu:1040.25 tlayer:4 pbqpoffset:6.91 pbfactor:2.22 avgQpOffsetCutree:0.00;
in:190 out:190 type:B q:30.73 q-aq:27.62 q-noVbv:30.73 q-Rceq:1.32 tex:3038 mv:2914 misc:1720 icu:4.25 pcu:587.00 scu:704.75 tlayer:3 pbqpoffset:3.93 pbfactor:1.57 avgQpOffsetCutree:-2.72;
in:189 out:191 type:b q:33.75 q-aq:34.00 q-noVbv:33.75 q-Rceq:1.32 tex:57 mv:1111 misc:544 icu:0.00 pcu:289.50 scu:1006.50 tlayer:4 pbqpoffset:6.91 pbfactor:2.22 avgQpOffsetCutree:0.00;
in:191 out:192 type:b q:33.69 q-aq:34.00 q-noVbv:33.69 q-Rceq:1.32 tex:140 mv:1090 misc:770 icu:2.25 pcu:242.25 scu:1051.50 tlayer:4 pbqpoffset:6.92 pbfactor:2.23 avgQpOffsetCutree:0.00;
in:208 out:193 type:k q:27.37 q-aq:20.86 q-noVbv:27.37 q-Rceq:1.32 tex:369702 mv:46070 misc:2748 icu:927.25 pcu:367.00 scu:1.75 tlayer:0 pbqpoffset:1.03 pbfactor:1.13 avgQpOffsetCutree:-7.68;
in:200 out:194 type:B q:29.62 q-aq:22.89 q-noVbv:29.62 q-Rceq:1.32 tex:136605 mv:22048 misc:4803 icu:93.25 pcu:1035.50 scu:167.25 tlayer:1 pbqpoffset:2.57 pbfactor:1.35 avgQpOffsetCutree:-5.79;
in:196 out:195 type:B q:30.87 q-aq:26.88 q-noVbv:30.87 q-Rceq:1.32 tex:15020 mv:9977 misc:2619 icu:7.00 pcu:844.25 scu:444.75 tlayer:2 pbqpoffset:3.98 pbfactor:1.58 avgQpOffsetCutree:-3.33;
in:194 out:196 type:B q:30.79 q-aq:29.43 q-noVbv:30.79 q-Rceq:1.32 tex:6477 mv:4853 misc:1470 icu:2.25 pcu:569.75 scu:724.00 tlayer:3 pbqpoffset:3.98 pbfactor:1.58 avgQpOffsetCutree:-1.79;
in:193 out:197 type:b q:33.75 q-aq:34.00 q-noVbv:33.75 q-Rceq:1.32 tex:434 mv:1416 misc:734 icu:0.00 pcu:178.25 scu:1117.75 tlayer:4 pbqpoffset:6.97 pbfactor:2.24 avgQpOffsetCutree:0.00;
in:195 out:198 type:b q:33.82 q-aq:34.00 q-noVbv:33.82 q-Rceq:1.32 tex:370 mv:1927 misc:903 icu:0.25 pcu:375.50 scu:920.25 tlayer:4 pbqpoffset:6.97 pbfactor:2.24 avgQpOffsetCutree:0.00;
in:198 out:199 type:B q:30.95 q-aq:29.79 q-noVbv:30.95 q-Rceq:1.32 tex:2562 mv:5309 misc:1625 icu:1.25 pcu:754.25 scu:540.50 tlayer:3 pbqpoffset:3.98 pbfactor:1.58 avgQpOffsetCutree:-1.60;
in:197 out:200 type:b q:33.90 q-aq:34.00 q-noVbv:33.90 q-Rceq:1.32 tex:392 mv:2432 misc:888 icu:0.75 pcu:511.25 scu:784.00 tlayer:4 pbqpoffset:6.97 pbfactor:2.24 avgQpOffsetCutree:0.00;
in:199 out:201 type:b q:33.98 q-aq:34.00 q-noVbv:33.98 q-Rceq:1.32 tex:398 mv:1488 misc:778 icu:0.00 pcu:279.25 scu:1016.75 tlayer:4 pbqpoffset:6.97 pbfactor:2.24 avgQpOffsetCutree:0.00;
in:204 out:202 type:B q:30.14 q-aq:25.02 q-noVbv:30.14 q-Rceq:1.32 tex:66495 mv:15541 misc:4732 icu:41.00 pcu:1008.50 scu:246.50 tlayer:2 pbqpoffset:2.93 pbfactor:1.40 avgQpOffsetCutree:-4.30;
in:202 out:203 type:B q:31.11 q-aq:29.20 q-noVbv:31.11 q-Rceq:1.32 tex:4367 mv:6006 misc:1867 icu:0.75 pcu:873.50 scu:421.75 tlayer:3 pbqpoffset:3.98 pbfactor:1.58 avgQpOffsetCutree:-1.94;
in:201 out:204 type:b q:34.06 q-aq:34.00 q-noVbv:34.06 q-Rceq:1.32 tex:367 mv:2172 misc:869 icu:0.00 pcu:479.00 scu:817.00 tlayer:4 pbqpoffset:6.97 pbfactor:2.24 avgQpOffsetCutree:0.00;
in:203 out:205 type:b q:34.14 q-aq:34.00 q-noVbv:34.14 q-Rceq:1.32 tex:483 mv:1670 misc:815 icu:0.00 pcu:286.75 scu:1009.25 tlayer:4 pbqpoffset:6.97 pbfactor:2.24 avgQpOffsetCutree:0.00;
in:206 out:206 type:B q:31.27 q-aq:28.30 q-noVbv:31.27 q-Rceq:1.32 tex:4373 mv:4524 misc:2391 icu:3.50 pcu:703.00 scu:589.50 tlayer:3 pbqpoffset:3.98 pbfactor:1.58 avgQpOffsetCutree:-2.59;
in:205 out:207 type:b q:33.27 q-aq:33.00 q-noVbv:33.27 q-Rceq:1.32 tex:412 mv:2084 misc:816 icu:0.00 pcu:526.75 scu:769.25 tlayer:4 pbqpoffset:6.02 pbfactor:2.00 avgQpOffsetCutree:0.00;
in:207 out:208 type:b q:34.29 q-aq:34.00 q-noVbv:34.29 q-Rceq:1.32 tex:143 mv:1225 misc:808 icu:0.00 pcu:291.25 scu:1004.75 tlayer:4 pbqpoffset:6.96 pbfactor:2.23 avgQpOffsetCutree:0.00;
in:220 out:209 type:k q:26.44 q-aq:18.14 q-noVbv:26.44 q-Rceq:1.32 tex:268738 mv:23641 misc:3733 icu:187.75 pcu:1072.00 scu:36.25 tlayer:0 pbqpoffset:1.03 pbfactor:1.13 avgQpOffsetCutree:-7.80;
in:214 out:210 type:B q:28.79 q-aq:23.56 q-noVbv:28.79 q-Rceq:1.32 tex:29619 mv:12823 misc:3390 icu:21.25 pcu:761.00 scu:513.75 tlayer:1 pbqpoffset:1.89 pbfactor:1.24 avgQpOffsetCutree:-4.19;
in:211 out:211 type:B q:29.14 q-aq:25.43 q-noVbv:29.14 q-Rceq:1.32 tex:13204 mv:9409 misc:2579 icu:9.50 pcu:790.00 scu:496.50 tlayer:2 pbqpoffset:2.00 pbfactor:1.26 avgQpOffsetCutree:-3.31;
in:210 out:212 type:B q:30.86 q-aq:30.47 q-noVbv:30.86 q-Rceq:1.32 tex:1456 mv:3482 misc:1190 icu:0.25 pcu:593.00 scu:702.75 tlayer:3 pbqpoffset:3.64 pbfactor:1.52 avgQpOffsetCutree:-0.87;
in:209 out:213 type:b q:30.20 q-aq:30.00 q-noVbv:30.20 q-Rceq:1.32 tex:1162 mv:3555 misc:1059 icu:0.25 pcu:633.50 scu:662.25 tlayer:4 pbqpoffset:2.91 pbfactor:1.40 avgQpOffsetCutree:0.00;
in:213 out:214 type:B q:30.10 q-aq:30.07 q-noVbv:30.10 q-Rceq:1.32 tex:2366 mv:3422 misc:1236 icu:3.25 pcu:590.75 scu:702.00 tlayer:3 pbqpoffset:3.12 pbfactor:1.43 avgQpOffsetCutree:-0.85;
in:212 out:215 type:b q:31.76 q-aq:32.00 q-noVbv:31.76 q-Rceq:1.32 tex:1053 mv:1957 misc:894 icu:1.00 pcu:401.25 scu:893.75 tlayer:4 pbqpoffset:4.70 pbfactor:1.72 avgQpOffsetCutree:0.00;
in:217 out:216 type:B q:30.31 q-aq:26.74 q-noVbv:30.31 q-Rceq:1.32 tex:4142 mv:4547 misc:1455 icu:4.25 pcu:466.50 scu:825.25 tlayer:2 pbqpoffset:3.64 pbfactor:1.52 avgQpOffsetCutree:-3.24;
in:216 out:217 type:B q:30.39 q-aq:29.95 q-noVbv:30.39 q-Rceq:1.32 tex:1441 mv:3505 misc:1166 icu:0.00 pcu:560.00 scu:736.00 tlayer:3 pbqpoffset:3.64 pbfactor:1.52 avgQpOffsetCutree:-1.03;
in:215 out:218 type:b q:33.42 q-aq:33.00 q-noVbv:33.42 q-Rceq:1.32 tex:650 mv:2273 misc:949 icu:0.25 pcu:529.00 scu:766.75 tlayer:4 pbqpoffset:6.60 pbfactor:2.14 avgQpOffsetCutree:0.00;
in:219 out:219 type:B q:30.16 q-aq:29.68 q-noVbv:30.16 q-Rceq:1.32 tex:576 mv:1586 misc:750 icu:0.25 pcu:248.50 scu:1047.25 tlayer:3 pbqpoffset:3.64 pbfactor:1.52 avgQpOffsetCutree:-1.14;
in:218 out:220 type:b q:33.16 q-aq:33.00 q-noVbv:33.16 q-Rceq:1.32 tex:310 mv:1371 misc:599 icu:0.00 pcu:220.00 scu:1076.00 tlayer:4 pbqpoffset:6.57 pbfactor:2.14 avgQpOffsetCutree:0.00;
in:234 out:221 type:k q:27.93 q-aq:20.62 q-noVbv:27.93 q-Rceq:1.32 tex:355195 mv:33203 misc:3298 icu:632.50 pcu:661.00 scu:2.50 tlayer:0 pbqpoffset:0.97 pbfactor:1.12 avgQpOffsetCutree:-8.34;
in:227 out:222 type:B q:29.09 q-aq:22.97 q-noVbv:29.09 q-Rceq:1.32 tex:140823 mv:17520 misc:4713 icu:52.50 pcu:969.00 scu:274.50 tlayer:1 pbqpoffset:1.91 pbfactor:1.25 avgQpOffsetCutree:-5.37;
in:224 out:223 type:B q:29.72 q-aq:28.47 q-noVbv:29.72 q-Rceq:1.32 tex:38144 mv:9882 misc:3446 icu:28.00 pcu:708.00 scu:560.00 tlayer:2 pbqpoffset:2.86 pbfactor:1.39 avgQpOffsetCutree:-1.56;
in:222 out:224 type:B q:30.25 q-aq:27.79 q-noVbv:30.25 q-Rceq:1.32 tex:1982 mv:1930 misc:1184 icu:1.50 pcu:558.75 scu:735.75 tlayer:3 pbqpoffset:3.59 pbfactor:1.51 avgQpOffsetCutree:-2.22;
in:221 out:225 type:b q:33.09 q-aq:33.00 q-noVbv:33.09 q-Rceq:1.32 tex:71 mv:890 misc:519 icu:0.00 pcu:307.00 scu:989.00 tlayer:4 pbqpoffset:6.54 pbfactor:2.13 avgQpOffsetCutree:0.00;
in:223 out:226 type:b q:33.30 q-aq:33.00 q-noVbv:33.30 q-Rceq:1.32 tex:304 mv:890 misc:582 icu:4.00 pcu:210.00 scu:1082.00 tlayer:4 pbqpoffset:6.54 pbfactor:2.13 avgQpOffsetCutree:0.00;
in:226 out:227 type:B q:30.67 q-aq:29.56 q-noVbv:30.67 q-Rceq:1.32 tex:3546 mv:4188 misc:1386 icu:0.50 pcu:625.25 scu:670.25 tlayer:3 pbqpoffset:3.59 pbfactor:1.51 avgQpOffsetCutree:-1.46;
in:225 out:228 type:b q:33.53 q-aq:34.00 q-noVbv:33.53 q-Rceq:1.32 tex:357 mv:2017 misc:834 icu:0.00 pcu:431.00 scu:865.00 tlayer:4 pbqpoffset:6.56 pbfactor:2.13 avgQpOffsetCutree:0.00;
in:231 out:229 type:B q:30.79 q-aq:26.82 q-noVbv:30.79 q-Rceq:1.32 tex:10659 mv:8523 misc:2202 icu:6.75 pcu:809.50 scu:479.75 tlayer:2 pbqpoffset:3.18 pbfactor:1.44 avgQpOffsetCutree:-3.40;
in:229 out:230 type:B q:30.99 q-aq:29.54 q-noVbv:30.99 q-Rceq:1.32 tex:4876 mv:6613 misc:1439 icu:1.00 pcu:913.75 scu:381.25 tlayer:3 pbqpoffset:3.59 pbfactor:1.51 avgQpOffsetCutree:-1.63;
in:228 out:231 type:b q:33.84 q-aq:34.00 q-noVbv:33.84 q-Rceq:1.32 tex:318 mv:2189 misc:861 icu:0.00 pcu:452.00 scu:844.00 tlayer:4 pbqpoffset:6.55 pbfactor:2.13 avgQpOffsetCutree:0.00;
in:230 out:232 type:b q:34.06 q-aq:34.00 q-noVbv:34.06 q-Rceq:1.32 tex:313 mv:2459 misc:852 icu:0.25 pcu:566.50 scu:729.25 tlayer:4 pbqpoffset:6.55 pbfactor:2.13 avgQpOffsetCutree:0.00;
in:233 out:233 type:B q:31.42 q-aq:31.66 q-noVbv:31.42 q-Rceq:1.32 tex:667 mv:2298 misc:915 icu:0.25 pcu:450.75 scu:845.00 tlayer:3 pbqpoffset:3.59 pbfactor:1.51 avgQpOffsetCutree:-0.65;
in:232 out:234 type:b q:34.28 q-aq:34.00 q-noVbv:34.28 q-Rceq:1.32 tex:526 mv:2322 misc:824 icu:0.00 pcu:496.25 scu:799.75 tlayer:4 pbqpoffset:6.56 pbfactor:2.13 avgQpOffsetCutree:0.00;
in:246 out:235 type:k q:29.04 q-aq:21.84 q-noVbv:29.04 q-Rceq:1.32 tex:321433 mv:31573 misc:3410 icu:517.00 pcu:773.25 scu:5.75 tlayer:0 pbqpoffset:0.93 pbfactor:1.11 avgQpOffsetCutree:-7.90;
in:240 out:236 type:B q:30.49 q-aq:25.42 q-noVbv:30.49 q-Rceq:1.32 tex:128790 mv:17978 misc:4848 icu:100.50 pcu:895.75 scu:299.75 tlayer:1 pbqpoffset:2.00 pbfactor:1.26 avgQpOffsetCutree:-4.28;
in:237 out:237 type:B q:31.97 q-aq:27.87 q-noVbv:31.97 q-Rceq:1.32 tex:4436 mv:3594 misc:1962 icu:5.25 pcu:802.25 scu:488.50 tlayer:2 pbqpoffset:3.76 pbfactor:1.54 avgQpOffsetCutree:-3.51;
in:236 out:238 type:B q:31.99 q-aq:31.21 q-noVbv:31.99 q-Rceq:1.32 tex:365 mv:1519 misc:804 icu:0.00 pcu:289.00 scu:1007.00 tlayer:3 pbqpoffset:3.87 pbfactor:1.56 avgQpOffsetCutree:-0.92;
in:235 out:239 type:b q:34.88 q-aq:35.00 q-noVbv:34.88 q-Rceq:1.32 tex:209 mv:1079 misc:536 icu:0.00 pcu:197.00 scu:1099.00 tlayer:4 pbqpoffset:6.86 pbfactor:2.21 avgQpOffsetCutree:0.00;
in:239 out:240 type:B q:32.26 q-aq:31.85 q-noVbv:32.26 q-Rceq:1.32 tex:820 mv:2471 misc:1397 icu:2.00 pcu:724.50 scu:569.50 tlayer:3 pbqpoffset:3.87 pbfactor:1.56 avgQpOffsetCutree:-1.08;
in:238 out:241 type:b q:35.15 q-aq:35.00 q-noVbv:35.15 q-Rceq:1.32 tex:5 mv:902 misc:493 icu:0.00 pcu:365.25 scu:930.75 tlayer:4 pbqpoffset:6.85 pbfactor:2.21 avgQpOffsetCutree:0.00;
in:243 out:242 type:B q:32.63 q-aq:29.09 q-noVbv:32.63 q-Rceq:1.32 tex:5867 mv:5899 misc:1882 icu:1.00 pcu:748.25 scu:546.75 tlayer:2 pbqpoffset:3.87 pbfactor:1.56 avgQpOffsetCutree:-3.17;
in:242 out:243 type:B q:32.54 q-aq:31.89 q-noVbv:32.54 q-Rceq:1.32 tex:696 mv:2176 misc:896 icu:0.50 pcu:396.50 scu:899.00 tlayer:3 pbqpoffset:3.87 pbfactor:1.56 avgQpOffsetCutree:-1.51;
in:241 out:244 type:b q:35.41 q-aq:35.00 q-noVbv:35.41 q-Rceq:1.32 tex:319 mv:1047 misc:626 icu:0.00 pcu:170.25 scu:1125.75 tlayer:4 pbqpoffset:6.83 pbfactor:2.20 avgQpOffsetCutree:0.00;
in:245 out:245 type:B q:32.82 q-aq:32.25 q-noVbv:32.82 q-Rceq:1.32 tex:1127 mv:3367 misc:1298 icu:0.25 pcu:554.75 scu:741.00 tlayer:3 pbqpoffset:3.87 pbfactor:1.56 avgQpOffsetCutree:-1.02;
in:244 out:246 type:b q:34.90 q-aq:35.00 q-noVbv:34.90 q-Rceq:1.32 tex:240 mv:1323 misc:637 icu:0.00 pcu:288.00 scu:1008.00 tlayer:4 pbqpoffset:6.05 pbfactor:2.01 avgQpOffsetCutree:0.00;
in:262 out:247 type:k q:28.53 q-aq:21.07 q-noVbv:28.53 q-Rceq:1.32 tex:366068 mv:30677 misc:3223 icu:551.75 pcu:740.50 scu:3.75 tlayer:0 pbqpoffset:0.98 pbfactor:1.12 avgQpOffsetCutree:-8.11;
in:254 out:248 type:B q:31.26 q-aq:25.68 q-noVbv:31.26 q-Rceq:1.32 tex:57421 mv:14892 misc:4391 icu:49.25 pcu:926.00 scu:320.75 tlayer:1 pbqpoffset:2.48 pbfactor:1.33 avgQpOffsetCutree:-4.55;
in:250 out:249 type:B q:32.77 q-aq:28.76 q-noVbv:32.77 q-Rceq:1.32 tex:7721 mv:7119 misc:1960 icu:3.50 pcu:836.25 scu:456.25 tlayer:2 pbqpoffset:3.86 pbfactor:1.56 avgQpOffsetCutree:-3.27;
in:248 out:250 type:B q:32.84 q-aq:31.25 q-noVbv:32.84 q-Rceq:1.32 tex:3872 mv:4392 misc:1520 icu:1.00 pcu:574.50 scu:720.50 tlayer:3 pbqpoffset:3.86 pbfactor:1.56 avgQpOffsetCutree:-1.85;
in:247 out:251 type:b q:35.87 q-aq:36.00 q-noVbv:35.87 q-Rceq:1.32 tex:288 mv:1233 misc:623 icu:0.00 pcu:240.00 scu:1056.00 tlayer:4 pbqpoffset:6.86 pbfactor:2.21 avgQpOffsetCutree:0.00;
in:249 out:252 type:b q:35.60 q-aq:36.00 q-noVbv:35.60 q-Rceq:1.32 tex:184 mv:1636 misc:772 icu:0.25 pcu:449.25 scu:846.50 tlayer:4 pbqpoffset:6.65 pbfactor:2.16 avgQpOffsetCutree:0.00;
in:252 out:253 type:B q:32.71 q-aq:31.00 q-noVbv:32.71 q-Rceq:1.32 tex:603 mv:2759 misc:1094 icu:0.00 pcu:494.50 scu:801.50 tlayer:3 pbqpoffset:3.86 pbfactor:1.56 avgQpOffsetCutree:-1.60;
in:251 out:254 type:b q:35.74 q-aq:36.00 q-noVbv:35.74 q-Rceq:1.32 tex:41 mv:969 misc:550 icu:0.00 pcu:247.50 scu:1048.50 tlayer:4 pbqpoffset:6.86 pbfactor:2.21 avgQpOffsetCutree:0.00;
in:253 out:255 type:b q:35.68 q-aq:36.00 q-noVbv:35.68 q-Rceq:1.32 tex:123 mv:1002 misc:491 icu:0.00 pcu:301.00 scu:995.00 tlayer:4 pbqpoffset:6.86 pbfactor:2.21 avgQpOffsetCutree:0.00;
in:258 out:256 type:B q:31.11 q-aq:26.52 q-noVbv:31.11 q-Rceq:1.32 tex:47599 mv:13317 misc:4020 icu:31.50 pcu:810.50 scu:454.00 tlayer:2 pbqpoffset:2.45 pbfactor:1.33 avgQpOffsetCutree:-3.78;
in:256 out:257 type:B q:31.61 q-aq:30.84 q-noVbv:31.61 q-Rceq:1.32 tex:11212 mv:5383 misc:2765 icu:2.25 pcu:630.75 scu:663.00 tlayer:3 pbqpoffset:2.89 pbfactor:1.40 avgQpOffsetCutree:-1.20;
in:255 out:258 type:b q:35.07 q-aq:35.00 q-noVbv:35.07 q-Rceq:1.32 tex:201 mv:932 misc:587 icu:1.00 pcu:298.00 scu:997.00 tlayer:4 pbqpoffset:6.31 pbfactor:2.07 avgQpOffsetCutree:0.00;
in:257 out:259 type:b q:34.44 q-aq:34.00 q-noVbv:34.44 q-Rceq:1.32 tex:331 mv:1438 misc:663 icu:0.00 pcu:341.00 scu:955.00 tlayer:4 pbqpoffset:5.75 pbfactor:1.94 avgQpOffsetCutree:0.00;
in:260 out:260 type:B q:32.45 q-aq:31.75 q-noVbv:32.45 q-Rceq:1.32 tex:1694 mv:3755 misc:1255 icu:0.00 pcu:656.25 scu:639.75 tlayer:3 pbqpoffset:3.86 pbfactor:1.56 avgQpOffsetCutree:-1.04;
in:259 out:261 type:b q:35.48 q-aq:35.32 q-noVbv:35.48 q-Rceq:1.32 tex:182 mv:1912 misc:722 icu:0.00 pcu:486.00 scu:810.00 tlayer:4 pbqpoffset:6.85 pbfactor:2.21 avgQpOffsetCutree:0.00;
in:261 out:262 type:b q:35.42 q-aq:35.00 q-noVbv:35.42 q-Rceq:1.32 tex:492 mv:1415 misc:637 icu:2.00 pcu:272.75 scu:1021.25 tlayer:4 pbqpoffset:6.86 pbfactor:2.21 avgQpOffsetCutree:0.00;
in:278 out:263 type:k q:28.52 q-aq:20.76 q-noVbv:28.52 q-Rceq:1.32 tex:394436 mv:33154 misc:3162 icu:600.50 pcu:693.50 scu:2.00 tlayer:0 pbqpoffset:0.64 pbfactor:1.08 avgQpOffsetCutree:-8.23;
in:270 out:264 type:B q:30.75 q-aq:25.24 q-noVbv:30.75 q-Rceq:1.32 tex:58306 mv:12710 misc:4608 icu:77.50 pcu:912.50 scu:306.00 tlayer:1 pbqpoffset:2.23 pbfactor:1.29 avgQpOffsetCutree:-4.57;
in:266 out:265 type:B q:32.13 q-aq:26.76 q-noVbv:32.13 q-Rceq:1.32 tex:18006 mv:8433 misc:3073 icu:28.25 pcu:854.25 scu:413.50 tlayer:2 pbqpoffset:3.60 pbfactor:1.52 avgQpOffsetCutree:-4.46;
in:264 out:266 type:B q:32.35 q-aq:30.91 q-noVbv:32.35 q-Rceq:1.32 tex:2092 mv:3057 misc:1203 icu:14.50 pcu:555.75 scu:725.75 tlayer:3 pbqpoffset:3.82 pbfactor:1.56 avgQpOffsetCutree:-1.90;
in:263 out:267 type:b q:34.90 q-aq:35.00 q-noVbv:34.90 q-Rceq:1.32 tex:442 mv:1238 misc:720 icu:6.50 pcu:192.50 scu:1097.00 tlayer:4 pbqpoffset:6.38 pbfactor:2.09 avgQpOffsetCutree:0.00;
in:265 out:268 type:b q:34.57 q-aq:35.00 q-noVbv:34.57 q-Rceq:1.32 tex:447 mv:1137 misc:648 icu:1.00 pcu:229.50 scu:1065.50 tlayer:4 pbqpoffset:6.05 pbfactor:2.01 avgQpOffsetCutree:0.00;
in:268 out:269 type:B q:32.35 q-aq:30.81 q-noVbv:32.35 q-Rceq:1.32 tex:526 mv:2519 misc:859 icu:7.00 pcu:462.50 scu:826.50 tlayer:3 pbqpoffset:3.82 pbfactor:1.56 avgQpOffsetCutree:-1.79;
in:267 out:270 type:b q:33.51 q-aq:34.00 q-noVbv:33.51 q-Rceq:1.32 tex:83 mv:1487 misc:670 icu:2.00 pcu:302.75 scu:991.25 tlayer:4 pbqpoffset:4.98 pbfactor:1.78 avgQpOffsetCutree:0.00;
in:269 out:271 type:b q:33.80 q-aq:34.00 q-noVbv:33.80 q-Rceq:1.32 tex:8 mv:1034 misc:502 icu:0.00 pcu:273.25 scu:1022.75 tlayer:4 pbqpoffset:5.28 pbfactor:1.84 avgQpOffsetCutree:0.00;
in:274 out:272 type:B q:30.48 q-aq:25.51 q-noVbv:30.48 q-Rceq:1.32 tex:118120 mv:15078 misc:4882 icu:42.75 pcu:889.00 scu:364.25 tlayer:2 pbqpoffset:1.96 pbfactor:1.25 avgQpOffsetCutree:-4.17;
in:272 out:273 type:B q:30.87 q-aq:29.00 q-noVbv:30.87 q-Rceq:1.32 tex:25359 mv:5552 misc:2785 icu:11.00 pcu:560.25 scu:724.75 tlayer:3 pbqpoffset:2.35 pbfactor:1.31 avgQpOffsetCutree:-1.92;
in:271 out:274 type:b q:35.35 q-aq:35.00 q-noVbv:35.35 q-Rceq:1.32 tex:220 mv:979 misc:665 icu:2.00 pcu:346.75 scu:947.25 tlayer:4 pbqpoffset:6.82 pbfactor:2.20 avgQpOffsetCutree:0.00;
in:273 out:275 type:b q:35.32 q-aq:35.00 q-noVbv:35.32 q-Rceq:1.32 tex:97 mv:950 misc:617 icu:0.00 pcu:240.25 scu:1055.75 tlayer:4 pbqpoffset:6.80 pbfactor:2.19 avgQpOffsetCutree:0.00;
in:276 out:276 type:B q:32.34 q-aq:30.56 q-noVbv:32.34 q-Rceq:1.32 tex:3937 mv:4574 misc:1633 icu:2.00 pcu:738.00 scu:556.00 tlayer:3 pbqpoffset:3.82 pbfactor:1.56 avgQpOffsetCutree:-1.94;
in:275 out:277 type:b q:35.06 q-aq:35.00 q-noVbv:35.06 q-Rceq:1.32 tex:216 mv:1265 misc:623 icu:0.00 pcu:323.25 scu:972.75 tlayer:4 pbqpoffset:6.54 pbfactor:2.13 avgQpOffsetCutree:0.00;
in:277 out:278 type:b q:35.34 q-aq:35.00 q-noVbv:35.34 q-Rceq:1.32 tex:132 mv:1606 misc:702 icu:0.00 pcu:494.75 scu:801.25 tlayer:4 pbqpoffset:6.82 pbfactor:2.20 avgQpOffsetCutree:0.00;
in:294 out:279 type:k q:29.16 q-aq:21.67 q-noVbv:29.16 q-Rceq:1.32 tex:343331 mv:34871 misc:3222 icu:743.75 pcu:550.50 scu:1.75 tlayer:0 pbqpoffset:0.59 pbfactor:1.07 avgQpOffsetCutree:-8.16;
in:286 out:280 type:B q:31.35 q-aq:24.57 q-noVbv:31.35 q-Rceq:1.32 tex:43943 mv:10911 misc:4402 icu:29.00 pcu:1032.75 scu:234.25 tlayer:1 pbqpoffset:2.51 pbfactor:1.34 avgQpOffsetCutree:-5.51;
in:282 out:281 type:B q:32.49 q-aq:27.83 q-noVbv:32.49 q-Rceq:1.32 tex:985 mv:4162 misc:1597 icu:0.25 pcu:827.00 scu:468.75 tlayer:2 pbqpoffset:3.81 pbfactor:1.55 avgQpOffsetCutree:-3.76;
in:280 out:282 type:B q:32.41 q-aq:30.42 q-noVbv:32.41 q-Rceq:1.32 tex:423 mv:3477 misc:1036 icu:0.00 pcu:707.75 scu:588.25 tlayer:3 pbqpoffset:3.81 pbfactor:1.55 avgQpOffsetCutree:-2.16;
in:279 out:283 type:b q:35.36 q-aq:35.00 q-noVbv:35.36 q-Rceq:1.32 tex:1 mv:1927 misc:672 icu:0.00 pcu:581.00 scu:715.00 tlayer:4 pbqpoffset:6.80 pbfactor:2.19 avgQpOffsetCutree:0.00;
in:281 out:284 type:b q:35.39 q-aq:35.00 q-noVbv:35.39 q-Rceq:1.32 tex:8 mv:870 misc:450 icu:0.00 pcu:300.00 scu:996.00 tlayer:4 pbqpoffset:6.75 pbfactor:2.18 avgQpOffsetCutree:0.00;
in:284 out:285 type:B q:32.57 q-aq:30.50 q-noVbv:32.57 q-Rceq:1.32 tex:84 mv:1108 misc:640 icu:0.00 pcu:264.00 scu:1032.00 tlayer:3 pbqpoffset:3.81 pbfactor:1.55 avgQpOffsetCutree:-2.10;
in:283 out:286 type:b q:35.46 q-aq:35.00 q-noVbv:35.46 q-Rceq:1.32 tex:6 mv:496 misc:322 icu:0.00 pcu:155.00 scu:1141.00 tlayer:4 pbqpoffset:6.74 pbfactor:2.18 avgQpOffsetCutree:0.00;
in:285 out:287 type:b q:35.54 q-aq:36.00 q-noVbv:35.54 q-Rceq:1.32 tex:5 mv:425 misc:306 icu:0.00 pcu:107.00 scu:1189.00 tlayer:4 pbqpoffset:6.74 pbfactor:2.18 avgQpOffsetCutree:0.00;
in:290 out:288 type:B q:31.02 q-aq:26.91 q-noVbv:31.02 q-Rceq:1.32 tex:72407 mv:13401 misc:4504 icu:74.75 pcu:789.25 scu:432.00 tlayer:2 pbqpoffset:2.02 pbfactor:1.26 avgQpOffsetCutree:-3.52;
in:288 out:289 type:B q:31.56 q-aq:30.64 q-noVbv:31.56 q-Rceq:1.32 tex:26364 mv:8432 misc:3420 icu:32.75 pcu:815.00 scu:448.25 tlayer:3 pbqpoffset:2.64 pbfactor:1.36 avgQpOffsetCutree:-1.30;
in:287 out:290 type:b q:35.65 q-aq:36.00 q-noVbv:35.65 q-Rceq:1.32 tex:100 mv:569 misc:491 icu:0.00 pcu:249.00 scu:1047.00 tlayer:4 pbqpoffset:6.77 pbfactor:2.19 avgQpOffsetCutree:0.00;
in:289 out:291 type:b q:35.77 q-aq:36.00 q-noVbv:35.77 q-Rceq:1.32 tex:6 mv:1193 misc:577 icu:0.00 pcu:376.00 scu:920.00 tlayer:4 pbqpoffset:6.81 pbfactor:2.20 avgQpOffsetCutree:0.00;
in:292 out:292 type:B q:32.89 q-aq:31.74 q-noVbv:32.89 q-Rceq:1.32 tex:1065 mv:4091 misc:1092 icu:1.00 pcu:846.25 scu:448.75 tlayer:3 pbqpoffset:3.81 pbfactor:1.55 avgQpOffsetCutree:-1.49;
in:291 out:293 type:b q:34.06 q-aq:34.00 q-noVbv:34.06 q-Rceq:1.32 tex:1402 mv:2837 misc:705 icu:0.00 pcu:797.75 scu:498.25 tlayer:4 pbqpoffset:5.02 pbfactor:1.79 avgQpOffsetCutree:0.00;
in:293 out:294 type:b q:35.93 q-aq:36.00 q-noVbv:35.93 q-Rceq:1.32 tex:128 mv:999 misc:521 icu:0.00 pcu:329.00 scu:967.00 tlayer:4 pbqpoffset:6.81 pbfactor:2.20 avgQpOffsetCutree:0.00;
in:310 out:295 type:k q:29.63 q-aq:22.05 q-noVbv:29.63 q-Rceq:1.32 tex:390898 mv:31763 misc:3107 icu:510.50 pcu:781.75 scu:3.75 tlayer:0 pbqpoffset:1.01 pbfactor:1.12 avgQpOffsetCutree:-8.33;
in:302 out:296 type:B q:31.49 q-aq:25.73 q-noVbv:31.49 q-Rceq:1.32 tex:125505 mv:16879 misc:4560 icu:61.50 pcu:1000.75 scu:233.75 tlayer:1 pbqpoffset:2.09 pbfactor:1.27 avgQpOffsetCutree:-5.05;
in:298 out:297 type:B q:33.19 q-aq:29.75 q-noVbv:33.19 q-Rceq:1.32 tex:9247 mv:4581 misc:1908 icu:3.00 pcu:633.25 scu:659.75 tlayer:2 pbqpoffset:3.91 pbfactor:1.57 avgQpOffsetCutree:-2.83;
in:296 out:298 type:B q:33.15 q-aq:31.03 q-noVbv:33.15 q-Rceq:1.32 tex:5190 mv:6795 misc:1855 icu:3.00 pcu:918.00 scu:375.00 tlayer:3 pbqpoffset:3.93 pbfactor:1.57 avgQpOffsetCutree:-2.02;
in:295 out:299 type:b q:35.82 q-aq:36.00 q-noVbv:35.82 q-Rceq:1.32 tex:504 mv:1365 misc:619 icu:0.00 pcu:424.25 scu:871.75 tlayer:4 pbqpoffset:6.63 pbfactor:2.15 avgQpOffsetCutree:0.00;
in:297 out:300 type:b q:36.18 q-aq:36.00 q-noVbv:36.18 q-Rceq:1.32 tex:39 mv:1130 misc:535 icu:0.00 pcu:366.00 scu:930.00 tlayer:4 pbqpoffset:6.93 pbfactor:2.23 avgQpOffsetCutree:0.00;
in:300 out:301 type:B q:33.27 q-aq:32.09 q-noVbv:33.27 q-Rceq:1.32 tex:73 mv:1367 misc:712 icu:0.00 pcu:477.25 scu:818.75 tlayer:3 pbqpoffset:3.93 pbfactor:1.57 avgQpOffsetCutree:-1.52;
in:299 out:302 type:b q:36.24 q-aq:36.00 q-noVbv:36.24 q-Rceq:1.32 tex:119 mv:1253 misc:516 icu:0.00 pcu:438.00 scu:858.00 tlayer:4 pbqpoffset:6.93 pbfactor:2.23 avgQpOffsetCutree:0.00;
in:301 out:303 type:b q:36.30 q-aq:36.00 q-noVbv:36.30 q-Rceq:1.32 tex:3 mv:310 misc:327 icu:0.00 pcu:159.00 scu:1137.00 tlayer:4 pbqpoffset:6.93 pbfactor:2.23 avgQpOffsetCutree:0.00;
in:306 out:304 type:B q:32.80 q-aq:27.50 q-noVbv:32.80 q-Rceq:1.32 tex:49583 mv:8746 misc:3935 icu:34.25 pcu:673.75 scu:588.00 tlayer:2 pbqpoffset:3.29 pbfactor:1.46 avgQpOffsetCutree:-4.26;
in:304 out:305 type:B q:33.38 q-aq:33.11 q-noVbv:33.38 q-Rceq:1.32 tex:6059 mv:1756 misc:1289 icu:9.50 pcu:349.25 scu:937.25 tlayer:3 pbqpoffset:3.93 pbfactor:1.57 avgQpOffsetCutree:-0.74;
in:303 out:306 type:b q:36.36 q-aq:36.00 q-noVbv:36.36 q-Rceq:1.32 tex:8 mv:871 misc:553 icu:0.00 pcu:428.00 scu:868.00 tlayer:4 pbqpoffset:6.93 pbfactor:2.23 avgQpOffsetCutree:0.00;
in:305 out:307 type:b q:36.32 q-aq:36.00 q-noVbv:36.32 q-Rceq:1.32 tex:5 mv:385 misc:290 icu:0.00 pcu:72.25 scu:1223.75 tlayer:4 pbqpoffset:6.83 pbfactor:2.20 avgQpOffsetCutree:0.00;
in:308 out:308 type:B q:33.50 q-aq:32.03 q-noVbv:33.50 q-Rceq:1.32 tex:1599 mv:2398 misc:891 icu:1.25 pcu:658.50 scu:636.25 tlayer:3 pbqpoffset:3.93 pbfactor:1.57 avgQpOffsetCutree:-1.79;
in:307 out:309 type:b q:36.03 q-aq:36.00 q-noVbv:36.03 q-Rceq:1.32 tex:5 mv:337 misc:266 icu:0.00 pcu:66.00 scu:1230.00 tlayer:4 pbqpoffset:6.48 pbfactor:2.12 avgQpOffsetCutree:0.00;
in:309 out:310 type:b q:35.37 q-aq:35.00 q-noVbv:35.37 q-Rceq:1.32 tex:138 mv:1169 misc:501 icu:0.00 pcu:322.25 scu:973.75 tlayer:4 pbqpoffset:5.78 pbfactor:1.95 avgQpOffsetCutree:0.00;
in:324 out:311 type:k q:30.37 q-aq:22.49 q-noVbv:30.37 q-Rceq:1.32 tex:331630 mv:30626 misc:3264 icu:393.75 pcu:893.50 scu:8.75 tlayer:0 pbqpoffset:0.86 pbfactor:1.10 avgQpOffsetCutree:-8.29;
in:317 out:312 type:B q:32.06 q-aq:26.96 q-noVbv:32.06 q-Rceq:1.32 tex:66208 mv:14618 misc:4398 icu:49.75 pcu:843.50 scu:402.75 tlayer:1 pbqpoffset:2.06 pbfactor:1.27 avgQpOffsetCutree:-4.26;
in:314 out:313 type:B q:33.01 q-aq:28.95 q-noVbv:33.01 q-Rceq:1.32 tex:15879 mv:8206 misc:2483 icu:7.00 pcu:854.75 scu:434.25 tlayer:2 pbqpoffset:3.17 pbfactor:1.44 avgQpOffsetCutree:-3.42;
in:312 out:314 type:B q:33.62 q-aq:32.04 q-noVbv:33.62 q-Rceq:1.32 tex:1670 mv:3610 misc:968 icu:1.75 pcu:871.25 scu:423.00 tlayer:3 pbqpoffset:3.89 pbfactor:1.57 avgQpOffsetCutree:-1.67;
in:311 out:315 type:b q:34.59 q-aq:35.00 q-noVbv:34.59 q-Rceq:1.32 tex:357 mv:1639 misc:620 icu:0.00 pcu:539.00 scu:757.00 tlayer:4 pbqpoffset:4.91 pbfactor:1.76 avgQpOffsetCutree:0.00;
in:313 out:316 type:b q:34.50 q-aq:34.77 q-noVbv:34.50 q-Rceq:1.32 tex:81 mv:1667 misc:620 icu:0.00 pcu:492.25 scu:803.75 tlayer:4 pbqpoffset:4.71 pbfactor:1.72 avgQpOffsetCutree:0.00;
in:316 out:317 type:B q:33.83 q-aq:33.96 q-noVbv:33.83 q-Rceq:1.32 tex:379 mv:2536 misc:725 icu:0.00 pcu:653.75 scu:642.25 tlayer:3 pbqpoffset:3.89 pbfactor:1.57 avgQpOffsetCutree:-0.95;
in:315 out:318 type:b q:34.54 q-aq:35.00 q-noVbv:34.54 q-Rceq:1.32 tex:394 mv:1708 misc:626 icu:0.00 pcu:536.25 scu:759.75 tlayer:4 pbqpoffset:4.65 pbfactor:1.71 avgQpOffsetCutree:0.00;
in:321 out:319 type:B q:32.99 q-aq:29.78 q-noVbv:32.99 q-Rceq:1.32 tex:20903 mv:8071 misc:2930 icu:12.00 pcu:859.50 scu:424.50 tlayer:2 pbqpoffset:2.78 pbfactor:1.38 avgQpOffsetCutree:-2.78;
in:319 out:320 type:B q:33.99 q-aq:32.86 q-noVbv:33.99 q-Rceq:1.32 tex:223 mv:1484 misc:757 icu:3.25 pcu:494.25 scu:798.50 tlayer:3 pbqpoffset:3.89 pbfactor:1.57 avgQpOffsetCutree:-1.61;
in:318 out:321 type:b q:35.41 q-aq:35.00 q-noVbv:35.41 q-Rceq:1.32 tex:57 mv:645 misc:378 icu:0.00 pcu:270.00 scu:1026.00 tlayer:4 pbqpoffset:5.36 pbfactor:1.86 avgQpOffsetCutree:0.00;
in:320 out:322 type:b q:34.05 q-aq:34.00 q-noVbv:34.05 q-Rceq:1.32 tex:5195 mv:3198 misc:1423 icu:0.00 pcu:688.00 scu:608.00 tlayer:4 pbqpoffset:3.90 pbfactor:1.57 avgQpOffsetCutree:0.00;
in:323 out:323 type:B q:34.01 q-aq:33.47 q-noVbv:34.01 q-Rceq:1.32 tex:651 mv:2684 misc:753 icu:0.00 pcu:790.75 scu:505.25 tlayer:3 pbqpoffset:3.69 pbfactor:1.53 avgQpOffsetCutree:-1.03;
in:322 out:324 type:b q:36.37 q-aq:36.00 q-noVbv:36.37 q-Rceq:1.32 tex:61 mv:1782 misc:613 icu:0.00 pcu:566.00 scu:730.00 tlayer:4 pbqpoffset:6.11 pbfactor:2.03 avgQpOffsetCutree:0.00;
in:340 out:325 type:k q:29.35 q-aq:21.19 q-noVbv:29.35 q-Rceq:1.32 tex:397060 mv:39763 misc:3217 icu:695.75 pcu:596.00 scu:4.25 tlayer:0 pbqpoffset:0.82 pbfactor:1.10 avgQpOffsetCutree:-8.47;
in:332 out:326 type:B q:32.31 q-aq:24.93 q-noVbv:32.31 q-Rceq:1.32 tex:91069 mv:15135 misc:4476 icu:37.75 pcu:993.00 scu:265.25 tlayer:1 pbqpoffset:2.45 pbfactor:1.33 avgQpOffsetCutree:-5.76;
in:328 out:327 type:B q:33.88 q-aq:29.85 q-noVbv:33.88 q-Rceq:1.32 tex:2906 mv:5152 misc:1310 icu:1.75 pcu:995.75 scu:298.50 tlayer:2 pbqpoffset:3.77 pbfactor:1.55 avgQpOffsetCutree:-3.14;
in:326 out:328 type:B q:34.01 q-aq:32.05 q-noVbv:34.01 q-Rceq:1.32 tex:772 mv:3071 misc:805 icu:1.00 pcu:860.25 scu:434.75 tlayer:3 pbqpoffset:3.77 pbfactor:1.55 avgQpOffsetCutree:-1.89;
in:325 out:329 type:b q:37.07 q-aq:37.00 q-noVbv:37.07 q-Rceq:1.32 tex:86 mv:458 misc:400 icu:0.00 pcu:230.00 scu:1066.00 tlayer:4 pbqpoffset:6.77 pbfactor:2.19 avgQpOffsetCutree:0.00;
in:327 out:330 type:b q:36.95 q-aq:37.00 q-noVbv:36.95 q-Rceq:1.32 tex:9 mv:435 misc:396 icu:0.00 pcu:153.50 scu:1142.50 tlayer:4 pbqpoffset:6.77 pbfactor:2.19 avgQpOffsetCutree:0.00;
in:330 out:331 type:B q:33.76 q-aq:32.71 q-noVbv:33.76 q-Rceq:1.32 tex:187 mv:2934 misc:615 icu:0.00 pcu:921.00 scu:375.00 tlayer:3 pbqpoffset:3.77 pbfactor:1.55 avgQpOffsetCutree:-2.03;
in:329 out:332 type:b q:36.60 q-aq:37.00 q-noVbv:36.60 q-Rceq:1.32 tex:10 mv:1191 misc:551 icu:0.00 pcu:358.00 scu:938.00 tlayer:4 pbqpoffset:6.55 pbfactor:2.13 avgQpOffsetCutree:0.00;
in:331 out:333 type:b q:36.37 q-aq:36.00 q-noVbv:36.37 q-Rceq:1.32 tex:8 mv:1052 misc:508 icu:0.00 pcu:422.00 scu:874.00 tlayer:4 pbqpoffset:6.45 pbfactor:2.11 avgQpOffsetCutree:0.00;
in:336 out:334 type:B q:31.80 q-aq:29.00 q-noVbv:31.80 q-Rceq:1.32 tex:57790 mv:8394 misc:3456 icu:29.75 pcu:756.75 scu:509.50 tlayer:2 pbqpoffset:2.20 pbfactor:1.29 avgQpOffsetCutree:-2.42;
in:334 out:335 type:B q:33.50 q-aq:34.00 q-noVbv:33.50 q-Rceq:1.32 tex:5 mv:224 misc:379 icu:0.00 pcu:57.00 scu:1239.00 tlayer:3 pbqpoffset:3.77 pbfactor:1.55 avgQpOffsetCutree:-2.01;
in:333 out:336 type:b q:36.24 q-aq:36.00 q-noVbv:36.24 q-Rceq:1.32 tex:2 mv:111 misc:223 icu:0.00 pcu:104.00 scu:1192.00 tlayer:4 pbqpoffset:6.45 pbfactor:2.11 avgQpOffsetCutree:0.00;
in:335 out:337 type:b q:36.12 q-aq:36.00 q-noVbv:36.12 q-Rceq:1.32 tex:0 mv:57 misc:247 icu:0.00 pcu:28.00 scu:1268.00 tlayer:4 pbqpoffset:6.45 pbfactor:2.11 avgQpOffsetCutree:0.00;
in:338 out:338 type:B q:33.25 q-aq:33.05 q-noVbv:33.25 q-Rceq:1.32 tex:85 mv:1893 misc:734 icu:0.00 pcu:646.00 scu:650.00 tlayer:3 pbqpoffset:3.77 pbfactor:1.55 avgQpOffsetCutree:-0.79;
in:337 out:339 type:b q:35.99 q-aq:36.00 q-noVbv:35.99 q-Rceq:1.32 tex:5 mv:597 misc:478 icu:0.00 pcu:223.00 scu:1073.00 tlayer:4 pbqpoffset:6.45 pbfactor:2.11 avgQpOffsetCutree:0.00;
in:339 out:340 type:b q:35.86 q-aq:36.00 q-noVbv:35.86 q-Rceq:1.32 tex:1 mv:32 misc:199 icu:0.00 pcu:20.00 scu:1276.00 tlayer:4 pbqpoffset:6.45 pbfactor:2.11 avgQpOffsetCutree:0.00;
in:356 out:341 type:k q:28.99 q-aq:21.21 q-noVbv:28.99 q-Rceq:1.32 tex:395962 mv:32328 misc:3086 icu:344.00 pcu:945.00 scu:7.00 tlayer:0 pbqpoffset:0.81 pbfactor:1.10 avgQpOffsetCutree:-7.95;
in:348 out:342 type:B q:31.21 q-aq:24.87 q-noVbv:31.21 q-Rceq:1.32 tex:112341 mv:15595 misc:4664 icu:6.00 pcu:873.75 scu:416.25 tlayer:1 pbqpoffset:2.04 pbfactor:1.27 avgQpOffsetCutree:-5.15;
in:344 out:343 type:B q:32.96 q-aq:29.23 q-noVbv:32.96 q-Rceq:1.32 tex:3923 mv:4010 misc:1227 icu:0.00 pcu:895.25 scu:400.75 tlayer:2 pbqpoffset:3.71 pbfactor:1.53 avgQpOffsetCutree:-3.32;
in:342 out:344 type:B q:33.01 q-aq:32.30 q-noVbv:33.01 q-Rceq:1.32 tex:43 mv:1285 misc:632 icu:0.00 pcu:421.25 scu:874.75 tlayer:3 pbqpoffset:3.71 pbfactor:1.53 avgQpOffsetCutree:-1.89;
in:341 out:345 type:b q:35.71 q-aq:36.00 q-noVbv:35.71 q-Rceq:1.32 tex:1 mv:141 misc:234 icu:0.00 pcu:48.00 scu:1248.00 tlayer:4 pbqpoffset:6.38 pbfactor:2.09 avgQpOffsetCutree:0.00;
in:343 out:346 type:b q:35.66 q-aq:36.00 q-noVbv:35.66 q-Rceq:1.32 tex:5 mv:509 misc:398 icu:0.00 pcu:134.00 scu:1162.00 tlayer:4 pbqpoffset:6.38 pbfactor:2.09 avgQpOffsetCutree:0.00;
in:346 out:347 type:B q:32.92 q-aq:32.30 q-noVbv:32.92 q-Rceq:1.32 tex:66 mv:2124 misc:618 icu:0.00 pcu:765.00 scu:531.00 tlayer:3 pbqpoffset:3.71 pbfactor:1.53 avgQpOffsetCutree:-0.60;
in:345 out:348 type:b q:35.62 q-aq:36.00 q-noVbv:35.62 q-Rceq:1.32 tex:2 mv:286 misc:320 icu:0.00 pcu:104.00 scu:1192.00 tlayer:4 pbqpoffset:6.38 pbfactor:2.09 avgQpOffsetCutree:0.00;
in:347 out:349 type:b q:35.57 q-aq:36.00 q-noVbv:35.57 q-Rceq:1.32 tex:4 mv:414 misc:382 icu:0.00 pcu:127.00 scu:1169.00 tlayer:4 pbqpoffset:6.38 pbfactor:2.09 avgQpOffsetCutree:0.00;
in:352 out:350 type:B q:30.92 q-aq:27.16 q-noVbv:30.92 q-Rceq:1.32 tex:120588 mv:19571 misc:4705 icu:44.00 pcu:865.25 scu:386.75 tlayer:2 pbqpoffset:1.84 pbfactor:1.24 avgQpOffsetCutree:-3.22;
in:350 out:351 type:B q:32.83 q-aq:30.66 q-noVbv:32.83 q-Rceq:1.32 tex:572 mv:940 misc:688 icu:0.00 pcu:273.50 scu:1022.50 tlayer:3 pbqpoffset:3.71 pbfactor:1.53 avgQpOffsetCutree:-1.97;
in:349 out:352 type:b q:35.53 q-aq:36.00 q-noVbv:35.53 q-Rceq:1.32 tex:4 mv:235 misc:289 icu:0.00 pcu:189.00 scu:1107.00 tlayer:4 pbqpoffset:6.38 pbfactor:2.09 avgQpOffsetCutree:0.00;
in:351 out:353 type:b q:35.81 q-aq:36.00 q-noVbv:35.81 q-Rceq:1.32 tex:40 mv:1069 misc:547 icu:0.00 pcu:460.00 scu:836.00 tlayer:4 pbqpoffset:6.71 pbfactor:2.17 avgQpOffsetCutree:0.00;
in:354 out:354 type:B q:32.74 q-aq:32.99 q-noVbv:32.74 q-Rceq:1.32 tex:173 mv:2230 misc:829 icu:0.00 pcu:606.00 scu:690.00 tlayer:3 pbqpoffset:3.71 pbfactor:1.53 avgQpOffsetCutree:-0.86;
in:353 out:355 type:b q:35.44 q-aq:35.00 q-noVbv:35.44 q-Rceq:1.32 tex:3 mv:215 misc:294 icu:0.00 pcu:74.00 scu:1222.00 tlayer:4 pbqpoffset:6.38 pbfactor:2.09 avgQpOffsetCutree:0.00;
in:355 out:356 type:b q:34.91 q-aq:35.00 q-noVbv:34.91 q-Rceq:1.32 tex:90 mv:1609 misc:597 icu:0.00 pcu:486.00 scu:810.00 tlayer:4 pbqpoffset:5.90 pbfactor:1.98 avgQpOffsetCutree:0.00;
in:372 out:357 type:k q:30.30 q-aq:23.48 q-noVbv:30.30 q-Rceq:1.32 tex:312031 mv:50299 misc:3166 icu:701.50 pcu:587.25 scu:7.25 tlayer:0 pbqpoffset:0.93 pbfactor:1.11 avgQpOffsetCutree:-7.32;
in:364 out:358 type:B q:31.87 q-aq:25.55 q-noVbv:31.87 q-Rceq:1.32 tex:88623 mv:21176 misc:5337 icu:51.00 pcu:993.00 scu:252.00 tlayer:1 pbqpoffset:2.23 pbfactor:1.29 avgQpOffsetCutree:-5.17;
in:360 out:359 type:B q:33.06 q-aq:28.82 q-noVbv:33.06 q-Rceq:1.32 tex:3201 mv:9469 misc:2234 icu:9.75 pcu:1025.00 scu:261.25 tlayer:2 pbqpoffset:3.74 pbfactor:1.54 avgQpOffsetCutree:-3.68;
in:358 out:360 type:B q:32.89 q-aq:31.72 q-noVbv:32.89 q-Rceq:1.32 tex:925 mv:3881 misc:850 icu:0.00 pcu:961.25 scu:334.75 tlayer:3 pbqpoffset:3.74 pbfactor:1.54 avgQpOffsetCutree:-1.72;
in:357 out:361 type:b q:35.81 q-aq:36.00 q-noVbv:35.81 q-Rceq:1.32 tex:57 mv:1888 misc:583 icu:0.00 pcu:520.00 scu:776.00 tlayer:4 pbqpoffset:6.74 pbfactor:2.18 avgQpOffsetCutree:0.00;
in:359 out:362 type:b q:35.98 q-aq:36.00 q-noVbv:35.98 q-Rceq:1.32 tex:14 mv:1951 misc:555 icu:0.00 pcu:626.00 scu:670.00 tlayer:4 pbqpoffset:6.74 pbfactor:2.18 avgQpOffsetCutree:0.00;
in:362 out:363 type:B q:33.22 q-aq:31.82 q-noVbv:33.22 q-Rceq:1.32 tex:135 mv:3994 misc:911 icu:0.00 pcu:1006.50 scu:289.50 tlayer:3 pbqpoffset:3.74 pbfactor:1.54 avgQpOffsetCutree:-1.83;
in:361 out:364 type:b q:36.14 q-aq:36.00 q-noVbv:36.14 q-Rceq:1.32 tex:6 mv:1505 misc:553 icu:0.00 pcu:506.00 scu:790.00 tlayer:4 pbqpoffset:6.74 pbfactor:2.18 avgQpOffsetCutree:0.00;
in:363 out:365 type:b q:36.30 q-aq:36.00 q-noVbv:36.30 q-Rceq:1.32 tex:6 mv:1902 misc:564 icu:0.00 pcu:573.00 scu:723.00 tlayer:4 pbqpoffset:6.74 pbfactor:2.18 avgQpOffsetCutree:0.00;
in:368 out:366 type:B q:31.85 q-aq:28.82 q-noVbv:31.85 q-Rceq:1.32 tex:106419 mv:24960 misc:4189 icu:257.50 pcu:788.50 scu:250.00 tlayer:2 pbqpoffset:1.88 pbfactor:1.24 avgQpOffsetCutree:-2.78;
in:366 out:367 type:B q:33.21 q-aq:30.79 q-noVbv:33.21 q-Rceq:1.32 tex:1963 mv:4154 misc:2131 icu:17.00 pcu:688.00 scu:591.00 tlayer:3 pbqpoffset:3.40 pbfactor:1.48 avgQpOffsetCutree:-2.19;
in:365 out:368 type:b q:36.47 q-aq:36.00 q-noVbv:36.47 q-Rceq:1.32 tex:70 mv:1596 misc:598 icu:3.00 pcu:688.00 scu:605.00 tlayer:4 pbqpoffset:6.74 pbfactor:2.18 avgQpOffsetCutree:0.00;
in:367 out:369 type:b q:34.18 q-aq:34.00 q-noVbv:34.18 q-Rceq:1.32 tex:344 mv:2973 misc:1259 icu:7.25 pcu:711.75 scu:577.00 tlayer:4 pbqpoffset:4.29 pbfactor:1.64 avgQpOffsetCutree:0.00;
in:370 out:370 type:B q:33.79 q-aq:32.62 q-noVbv:33.79 q-Rceq:1.32 tex:1661 mv:5439 misc:1396 icu:10.00 pcu:1050.75 scu:235.25 tlayer:3 pbqpoffset:3.66 pbfactor:1.53 avgQpOffsetCutree:-1.48;
in:369 out:371 type:b q:36.58 q-aq:37.00 q-noVbv:36.58 q-Rceq:1.32 tex:28 mv:2040 misc:604 icu:0.00 pcu:623.00 scu:673.00 tlayer:4 pbqpoffset:6.53 pbfactor:2.13 avgQpOffsetCutree:0.00;
in:371 out:372 type:b q:34.93 q-aq:35.00 q-noVbv:34.93 q-Rceq:1.32 tex:315 mv:2477 misc:736 icu:0.00 pcu:784.75 scu:511.25 tlayer:4 pbqpoffset:4.72 pbfactor:1.72 avgQpOffsetCutree:0.00;
in:388 out:373 type:k q:31.46 q-aq:24.98 q-noVbv:31.46 q-Rceq:1.32 tex:271474 mv:41537 misc:2437 icu:1070.00 pcu:224.00 scu:2.00 tlayer:0 pbqpoffset:0.75 pbfactor:1.09 avgQpOffsetCutree:-7.21;
in:380 out:374 type:B q:33.48 q-aq:27.54 q-noVbv:33.48 q-Rceq:1.32 tex:71120 mv:30894 misc:4498 icu:67.50 pcu:1091.50 scu:137.00 tlayer:1 pbqpoffset:2.60 pbfactor:1.35 avgQpOffsetCutree:-4.94;
in:376 out:375 type:B q:34.59 q-aq:30.00 q-noVbv:34.59 q-Rceq:1.32 tex:2622 mv:14294 misc:2580 icu:8.25 pcu:1041.50 scu:246.25 tlayer:2 pbqpoffset:4.00 pbfactor:1.59 avgQpOffsetCutree:-3.71;
in:374 out:376 type:B q:34.45 q-aq:32.84 q-noVbv:34.45 q-Rceq:1.32 tex:249 mv:5003 misc:740 icu:1.00 pcu:1104.25 scu:190.75 tlayer:3 pbqpoffset:4.00 pbfactor:1.59 avgQpOffsetCutree:-1.82;
in:373 out:377 type:b q:37.37 q-aq:37.00 q-noVbv:37.37 q-Rceq:1.32 tex:8 mv:2349 misc:611 icu:0.00 pcu:750.00 scu:546.00 tlayer:4 pbqpoffset:7.00 pbfactor:2.25 avgQpOffsetCutree:0.00;
in:375 out:378 type:b q:37.52 q-aq:38.00 q-noVbv:37.52 q-Rceq:1.32 tex:8 mv:1705 misc:591 icu:0.00 pcu:563.00 scu:733.00 tlayer:4 pbqpoffset:7.00 pbfactor:2.25 avgQpOffsetCutree:0.00;
in:378 out:379 type:B q:34.74 q-aq:32.90 q-noVbv:34.74 q-Rceq:1.32 tex:221 mv:6419 misc:1088 icu:4.00 pcu:1060.00 scu:232.00 tlayer:3 pbqpoffset:4.00 pbfactor:1.59 avgQpOffsetCutree:-1.73;
in:377 out:380 type:b q:37.66 q-aq:38.00 q-noVbv:37.66 q-Rceq:1.32 tex:7 mv:2369 misc:672 icu:1.00 pcu:728.00 scu:567.00 tlayer:4 pbqpoffset:7.00 pbfactor:2.25 avgQpOffsetCutree:0.00;
in:379 out:381 type:b q:37.81 q-aq:38.00 q-noVbv:37.81 q-Rceq:1.32 tex:12 mv:2342 misc:638 icu:0.00 pcu:729.00 scu:567.00 tlayer:4 pbqpoffset:7.00 pbfactor:2.25 avgQpOffsetCutree:0.00;
in:384 out:382 type:B q:33.87 q-aq:30.71 q-noVbv:33.87 q-Rceq:1.32 tex:59911 mv:20699 misc:4182 icu:204.00 pcu:814.25 scu:277.75 tlayer:2 pbqpoffset:2.70 pbfactor:1.37 avgQpOffsetCutree:-2.83;
in:382 out:383 type:B q:35.03 q-aq:32.51 q-noVbv:35.03 q-Rceq:1.32 tex:3037 mv:7746 misc:2537 icu:46.50 pcu:701.50 scu:548.00 tlayer:3 pbqpoffset:4.00 pbfactor:1.59 avgQpOffsetCutree:-2.30;
in:381 out:384 type:b q:37.95 q-aq:38.00 q-noVbv:37.95 q-Rceq:1.32 tex:14 mv:2749 misc:741 icu:3.00 pcu:815.00 scu:478.00 tlayer:4 pbqpoffset:7.00 pbfactor:2.25 avgQpOffsetCutree:0.00;
in:383 out:385 type:b q:37.32 q-aq:37.00 q-noVbv:37.32 q-Rceq:1.32 tex:358 mv:3550 misc:1132 icu:21.00 pcu:800.00 scu:475.00 tlayer:4 pbqpoffset:6.22 pbfactor:2.05 avgQpOffsetCutree:0.00;
in:386 out:386 type:B q:35.32 q-aq:33.80 q-noVbv:35.32 q-Rceq:1.32 tex:584 mv:5354 misc:950 icu:0.00 pcu:1034.00 scu:262.00 tlayer:3 pbqpoffset:4.00 pbfactor:1.59 avgQpOffsetCutree:-1.52;
in:385 out:387 type:b q:38.24 q-aq:38.00 q-noVbv:38.24 q-Rceq:1.32 tex:29 mv:1963 misc:560 icu:0.00 pcu:675.00 scu:621.00 tlayer:4 pbqpoffset:7.00 pbfactor:2.25 avgQpOffsetCutree:0.00;
in:387 out:388 type:b q:38.39 q-aq:38.00 q-noVbv:38.39 q-Rceq:1.32 tex:10 mv:2017 misc:589 icu:0.00 pcu:694.25 scu:601.75 tlayer:4 pbqpoffset:7.00 pbfactor:2.25 avgQpOffsetCutree:0.00;
in:404 out:389 type:k q:31.20 q-aq:24.92 q-noVbv:31.20 q-Rceq:1.32 tex:257856 mv:39216 misc:2728 icu:1112.75 pcu:181.00 scu:2.25 tlayer:0 pbqpoffset:0.87 pbfactor:1.11 avgQpOffsetCutree:-6.93;
in:396 out:390 type:B q:34.06 q-aq:27.72 q-noVbv:34.06 q-Rceq:1.32 tex:68089 mv:31601 misc:4614 icu:62.50 pcu:1046.75 scu:186.75 tlayer:1 pbqpoffset:2.72 pbfactor:1.37 avgQpOffsetCutree:-5.24;
in:392 out:391 type:B q:35.55 q-aq:30.69 q-noVbv:35.55 q-Rceq:1.32 tex:6462 mv:16831 misc:2827 icu:4.00 pcu:992.25 scu:299.75 tlayer:2 pbqpoffset:4.16 pbfactor:1.62 avgQpOffsetCutree:-3.94;
in:390 out:392 type:B q:35.59 q-aq:33.83 q-noVbv:35.59 q-Rceq:1.32 tex:1000 mv:5771 misc:1029 icu:0.25 pcu:1018.75 scu:277.00 tlayer:3 pbqpoffset:4.16 pbfactor:1.62 avgQpOffsetCutree:-1.86;
in:389 out:393 type:b q:38.60 q-aq:39.00 q-noVbv:38.60 q-Rceq:1.32 tex:84 mv:1128 misc:452 icu:0.00 pcu:305.00 scu:991.00 tlayer:4 pbqpoffset:7.16 pbfactor:2.29 avgQpOffsetCutree:0.00;
in:391 out:394 type:b q:38.57 q-aq:39.00 q-noVbv:38.57 q-Rceq:1.32 tex:4 mv:1140 misc:496 icu:0.00 pcu:272.75 scu:1023.25 tlayer:4 pbqpoffset:7.16 pbfactor:2.29 avgQpOffsetCutree:0.00;
in:394 out:395 type:B q:35.52 q-aq:33.94 q-noVbv:35.52 q-Rceq:1.32 tex:161 mv:6299 misc:924 icu:0.00 pcu:1058.00 scu:238.00 tlayer:3 pbqpoffset:4.16 pbfactor:1.62 avgQpOffsetCutree:-1.89;
in:393 out:396 type:b q:38.54 q-aq:39.00 q-noVbv:38.54 q-Rceq:1.32 tex:83 mv:1695 misc:550 icu:0.00 pcu:570.00 scu:726.00 tlayer:4 pbqpoffset:7.16 pbfactor:2.29 avgQpOffsetCutree:0.00;
in:395 out:397 type:b q:38.51 q-aq:39.00 q-noVbv:38.51 q-Rceq:1.32 tex:5 mv:2072 misc:603 icu:0.00 pcu:573.00 scu:723.00 tlayer:4 pbqpoffset:7.16 pbfactor:2.29 avgQpOffsetCutree:0.00;
in:400 out:398 type:B q:34.32 q-aq:31.01 q-noVbv:34.32 q-Rceq:1.32 tex:52086 mv:20124 misc:4214 icu:172.00 pcu:821.75 scu:302.25 tlayer:2 pbqpoffset:3.05 pbfactor:1.42 avgQpOffsetCutree:-2.85;
in:398 out:399 type:B q:35.46 q-aq:32.45 q-noVbv:35.46 q-Rceq:1.32 tex:1086 mv:5806 misc:1756 icu:5.50 pcu:831.25 scu:459.25 tlayer:3 pbqpoffset:4.16 pbfactor:1.62 avgQpOffsetCutree:-2.54;
in:397 out:400 type:b q:38.47 q-aq:38.00 q-noVbv:38.47 q-Rceq:1.32 tex:9 mv:2302 misc:665 icu:0.00 pcu:698.00 scu:598.00 tlayer:4 pbqpoffset:7.16 pbfactor:2.29 avgQpOffsetCutree:0.00;
in:399 out:401 type:b q:38.44 q-aq:38.00 q-noVbv:38.44 q-Rceq:1.32 tex:167 mv:2476 misc:845 icu:1.00 pcu:686.00 scu:609.00 tlayer:4 pbqpoffset:7.16 pbfactor:2.29 avgQpOffsetCutree:0.00;
in:402 out:402 type:B q:35.39 q-aq:33.78 q-noVbv:35.39 q-Rceq:1.32 tex:1049 mv:5753 misc:1118 icu:0.25 pcu:1019.75 scu:276.00 tlayer:3 pbqpoffset:4.16 pbfactor:1.62 avgQpOffsetCutree:-1.60;
in:401 out:403 type:b q:38.41 q-aq:38.00 q-noVbv:38.41 q-Rceq:1.32 tex:11 mv:1754 misc:587 icu:0.00 pcu:595.00 scu:701.00 tlayer:4 pbqpoffset:7.16 pbfactor:2.29 avgQpOffsetCutree:0.00;
in:403 out:404 type:b q:38.38 q-aq:38.00 q-noVbv:38.38 q-Rceq:1.32 tex:20 mv:2081 misc:667 icu:0.00 pcu:543.75 scu:752.25 tlayer:4 pbqpoffset:7.16 pbfactor:2.29 avgQpOffsetCutree:0.00;
in:420 out:405 type:k q:30.78 q-aq:24.07 q-noVbv:30.78 q-Rceq:1.32 tex:259514 mv:37536 misc:2798 icu:1146.00 pcu:148.50 scu:1.50 tlayer:0 pbqpoffset:1.00 pbfactor:1.12 avgQpOffsetCutree:-7.22;
in:412 out:406 type:B q:33.54 q-aq:27.51 q-noVbv:33.54 q-Rceq:1.32 tex:88093 mv:28584 misc:3515 icu:133.25 pcu:1058.75 scu:104.00 tlayer:1 pbqpoffset:2.55 pbfactor:1.34 avgQpOffsetCutree:-5.04;
in:408 out:407 type:B q:35.24 q-aq:30.95 q-noVbv:35.24 q-Rceq:1.32 tex:12088 mv:16966 misc:2826 icu:7.25 pcu:1027.75 scu:261.00 tlayer:2 pbqpoffset:4.15 pbfactor:1.61 avgQpOffsetCutree:-3.50;
in:406 out:408 type:B q:35.30 q-aq:33.55 q-noVbv:35.30 q-Rceq:1.32 tex:2122 mv:6821 misc:1297 icu:1.50 pcu:1005.75 scu:288.75 tlayer:3 pbqpoffset:4.15 pbfactor:1.61 avgQpOffsetCutree:-1.84;
in:405 out:409 type:b q:38.32 q-aq:38.00 q-noVbv:38.32 q-Rceq:1.32 tex:59 mv:1937 misc:660 icu:0.25 pcu:533.00 scu:762.75 tlayer:4 pbqpoffset:7.15 pbfactor:2.28 avgQpOffsetCutree:0.00;
in:407 out:410 type:b q:38.27 q-aq:38.00 q-noVbv:38.27 q-Rceq:1.32 tex:164 mv:1542 misc:606 icu:0.00 pcu:443.00 scu:853.00 tlayer:4 pbqpoffset:7.15 pbfactor:2.28 avgQpOffsetCutree:0.00;
in:410 out:411 type:B q:35.19 q-aq:33.48 q-noVbv:35.19 q-Rceq:1.32 tex:1548 mv:7159 misc:1349 icu:0.00 pcu:1008.50 scu:287.50 tlayer:3 pbqpoffset:4.15 pbfactor:1.61 avgQpOffsetCutree:-1.93;
in:409 out:412 type:b q:38.22 q-aq:38.00 q-noVbv:38.22 q-Rceq:1.32 tex:44 mv:2250 misc:730 icu:0.00 pcu:631.25 scu:664.75 tlayer:4 pbqpoffset:7.15 pbfactor:2.28 avgQpOffsetCutree:0.00;
in:411 out:413 type:b q:38.16 q-aq:38.00 q-noVbv:38.16 q-Rceq:1.32 tex:57 mv:1495 misc:648 icu:0.00 pcu:393.25 scu:902.75 tlayer:4 pbqpoffset:7.15 pbfactor:2.28 avgQpOffsetCutree:0.00;
in:416 out:414 type:B q:34.39 q-aq:31.15 q-noVbv:34.39 q-Rceq:1.32 tex:35857 mv:16269 misc:3674 icu:51.00 pcu:915.50 scu:329.50 tlayer:2 pbqpoffset:3.51 pbfactor:1.50 avgQpOffsetCutree:-2.86;
in:414 out:415 type:B q:35.08 q-aq:32.52 q-noVbv:35.08 q-Rceq:1.32 tex:963 mv:5952 misc:1461 icu:2.00 pcu:1047.50 scu:246.50 tlayer:3 pbqpoffset:4.15 pbfactor:1.61 avgQpOffsetCutree:-2.35;
in:413 out:416 type:b q:38.11 q-aq:38.00 q-noVbv:38.11 q-Rceq:1.32 tex:7 mv:1950 misc:643 icu:0.00 pcu:525.00 scu:771.00 tlayer:4 pbqpoffset:7.15 pbfactor:2.28 avgQpOffsetCutree:0.00;
in:415 out:417 type:b q:38.06 q-aq:38.00 q-noVbv:38.06 q-Rceq:1.32 tex:35 mv:3027 misc:754 icu:5.00 pcu:878.00 scu:413.00 tlayer:4 pbqpoffset:7.15 pbfactor:2.28 avgQpOffsetCutree:0.00;
in:418 out:418 type:B q:34.98 q-aq:33.40 q-noVbv:34.98 q-Rceq:1.32 tex:736 mv:5786 misc:958 icu:0.25 pcu:987.75 scu:308.00 tlayer:3 pbqpoffset:4.15 pbfactor:1.61 avgQpOffsetCutree:-1.86;
in:417 out:419 type:b q:38.00 q-aq:38.00 q-noVbv:38.00 q-Rceq:1.32 tex:7 mv:1387 misc:566 icu:0.00 pcu:436.00 scu:860.00 tlayer:4 pbqpoffset:7.15 pbfactor:2.28 avgQpOffsetCutree:0.00;
in:419 out:420 type:b q:37.95 q-aq:38.00 q-noVbv:37.95 q-Rceq:1.32 tex:8 mv:1815 misc:601 icu:0.00 pcu:744.00 scu:552.00 tlayer:4 pbqpoffset:7.15 pbfactor:2.28 avgQpOffsetCutree:0.00;
in:432 out:421 type:k q:30.99 q-aq:23.76 q-noVbv:30.99 q-Rceq:1.32 tex:231903 mv:40013 misc:2460 icu:1163.75 pcu:129.00 scu:3.25 tlayer:0 pbqpoffset:0.74 pbfactor:1.09 avgQpOffsetCutree:-7.15;
in:426 out:422 type:B q:33.32 q-aq:27.09 q-noVbv:33.32 q-Rceq:1.32 tex:68915 mv:22613 misc:3920 icu:85.50 pcu:1026.50 scu:184.00 tlayer:1 pbqpoffset:2.44 pbfactor:1.33 avgQpOffsetCutree:-5.07;
in:423 out:423 type:B q:34.82 q-aq:31.65 q-noVbv:34.82 q-Rceq:1.32 tex:3321 mv:10009 misc:2046 icu:6.25 pcu:1005.25 scu:284.50 tlayer:2 pbqpoffset:3.99 pbfactor:1.59 avgQpOffsetCutree:-2.75;
in:422 out:424 type:B q:34.81 q-aq:34.22 q-noVbv:34.81 q-Rceq:1.32 tex:67 mv:4353 misc:852 icu:0.00 pcu:896.50 scu:399.50 tlayer:3 pbqpoffset:3.99 pbfactor:1.59 avgQpOffsetCutree:-0.89;
in:421 out:425 type:b q:37.79 q-aq:38.00 q-noVbv:37.79 q-Rceq:1.32 tex:42 mv:2085 misc:625 icu:0.00 pcu:577.00 scu:719.00 tlayer:4 pbqpoffset:6.99 pbfactor:2.24 avgQpOffsetCutree:0.00;
in:425 out:426 type:B q:34.86 q-aq:34.81 q-noVbv:34.86 q-Rceq:1.32 tex:76 mv:3261 misc:831 icu:0.00 pcu:814.50 scu:481.50 tlayer:3 pbqpoffset:3.99 pbfactor:1.59 avgQpOffsetCutree:-0.77;
in:424 out:427 type:b q:37.84 q-aq:38.00 q-noVbv:37.84 q-Rceq:1.32 tex:4 mv:1306 misc:562 icu:0.00 pcu:390.25 scu:905.75 tlayer:4 pbqpoffset:6.99 pbfactor:2.24 avgQpOffsetCutree:0.00;
in:429 out:428 type:B q:34.49 q-aq:30.39 q-noVbv:34.49 q-Rceq:1.32 tex:15661 mv:10358 misc:3109 icu:22.00 pcu:951.50 scu:322.50 tlayer:2 pbqpoffset:3.55 pbfactor:1.51 avgQpOffsetCutree:-3.33;
in:428 out:429 type:B q:34.91 q-aq:34.01 q-noVbv:34.91 q-Rceq:1.32 tex:56 mv:3430 misc:762 icu:0.00 pcu:793.25 scu:502.75 tlayer:3 pbqpoffset:3.99 pbfactor:1.59 avgQpOffsetCutree:-0.89;
in:427 out:430 type:b q:37.90 q-aq:38.00 q-noVbv:37.90 q-Rceq:1.32 tex:10 mv:1323 misc:547 icu:0.00 pcu:447.25 scu:848.75 tlayer:4 pbqpoffset:6.99 pbfactor:2.24 avgQpOffsetCutree:0.00;
in:431 out:431 type:B q:34.97 q-aq:34.66 q-noVbv:34.97 q-Rceq:1.32 tex:1797 mv:4579 misc:1448 icu:1.00 pcu:1011.25 scu:283.75 tlayer:3 pbqpoffset:3.99 pbfactor:1.59 avgQpOffsetCutree:-0.90;
in:430 out:432 type:b q:37.95 q-aq:38.00 q-noVbv:37.95 q-Rceq:1.32 tex:4 mv:1064 misc:484 icu:0.00 pcu:266.00 scu:1030.00 tlayer:4 pbqpoffset:6.99 pbfactor:2.24 avgQpOffsetCutree:0.00;
in:448 out:433 type:k q:29.45 q-aq:21.63 q-noVbv:29.45 q-Rceq:1.32 tex:289580 mv:44056 misc:2692 icu:1157.25 pcu:137.00 scu:1.75 tlayer:0 pbqpoffset:1.00 pbfactor:1.12 avgQpOffsetCutree:-7.59;
in:440 out:434 type:B q:32.54 q-aq:25.62 q-noVbv:32.54 q-Rceq:1.32 tex:101434 mv:27878 misc:4128 icu:112.25 pcu:1056.75 scu:127.00 tlayer:1 pbqpoffset:2.32 pbfactor:1.31 avgQpOffsetCutree:-5.60;
in:436 out:435 type:B q:34.43 q-aq:30.17 q-noVbv:34.43 q-Rceq:1.32 tex:8679 mv:12551 misc:2650 icu:1.75 pcu:1012.75 scu:281.50 tlayer:2 pbqpoffset:3.82 pbfactor:1.56 avgQpOffsetCutree:-3.48;
in:434 out:436 type:B q:34.62 q-aq:32.52 q-noVbv:34.62 q-Rceq:1.32 tex:557 mv:5196 misc:1015 icu:0.75 pcu:935.75 scu:359.50 tlayer:3 pbqpoffset:3.82 pbfactor:1.56 avgQpOffsetCutree:-1.91;
in:433 out:437 type:b q:37.72 q-aq:38.00 q-noVbv:37.72 q-Rceq:1.32 tex:5 mv:1433 misc:570 icu:0.00 pcu:437.00 scu:859.00 tlayer:4 pbqpoffset:6.82 pbfactor:2.20 avgQpOffsetCutree:0.00;
in:435 out:438 type:b q:37.53 q-aq:38.00 q-noVbv:37.53 q-Rceq:1.32 tex:10 mv:1119 misc:487 icu:0.00 pcu:329.00 scu:967.00 tlayer:4 pbqpoffset:6.82 pbfactor:2.20 avgQpOffsetCutree:0.00;
in:438 out:439 type:B q:34.24 q-aq:32.65 q-noVbv:34.24 q-Rceq:1.32 tex:1144 mv:5722 misc:1110 icu:0.50 pcu:950.25 scu:345.25 tlayer:3 pbqpoffset:3.82 pbfactor:1.56 avgQpOffsetCutree:-1.77;
in:437 out:440 type:b q:37.33 q-aq:37.00 q-noVbv:37.33 q-Rceq:1.32 tex:56 mv:1912 misc:624 icu:0.00 pcu:631.50 scu:664.50 tlayer:4 pbqpoffset:6.82 pbfactor:2.20 avgQpOffsetCutree:0.00;
in:439 out:441 type:b q:37.14 q-aq:37.00 q-noVbv:37.14 q-Rceq:1.32 tex:5 mv:1258 misc:553 icu:0.00 pcu:426.00 scu:870.00 tlayer:4 pbqpoffset:6.82 pbfactor:2.20 avgQpOffsetCutree:0.00;
in:444 out:442 type:B q:32.70 q-aq:27.90 q-noVbv:32.70 q-Rceq:1.32 tex:44836 mv:14134 misc:4182 icu:40.25 pcu:968.50 scu:287.25 tlayer:2 pbqpoffset:2.87 pbfactor:1.39 avgQpOffsetCutree:-3.96;
in:442 out:443 type:B q:33.85 q-aq:32.28 q-noVbv:33.85 q-Rceq:1.32 tex:734 mv:5000 misc:1202 icu:0.50 pcu:1004.75 scu:290.75 tlayer:3 pbqpoffset:3.82 pbfactor:1.56 avgQpOffsetCutree:-1.88;
in:441 out:444 type:b q:36.95 q-aq:37.00 q-noVbv:36.95 q-Rceq:1.32 tex:8 mv:1359 misc:529 icu:0.00 pcu:532.00 scu:764.00 tlayer:4 pbqpoffset:6.82 pbfactor:2.20 avgQpOffsetCutree:0.00;
in:443 out:445 type:b q:36.75 q-aq:37.00 q-noVbv:36.75 q-Rceq:1.32 tex:17 mv:1663 misc:624 icu:0.00 pcu:602.00 scu:694.00 tlayer:4 pbqpoffset:6.82 pbfactor:2.20 avgQpOffsetCutree:0.00;
in:446 out:446 type:B q:33.46 q-aq:30.90 q-noVbv:33.46 q-Rceq:1.32 tex:1876 mv:4176 misc:1692 icu:5.50 pcu:903.25 scu:387.25 tlayer:3 pbqpoffset:3.82 pbfactor:1.56 avgQpOffsetCutree:-2.27;
in:445 out:447 type:b q:36.56 q-aq:37.00 q-noVbv:36.56 q-Rceq:1.32 tex:9 mv:1345 misc:534 icu:0.00 pcu:623.00 scu:673.00 tlayer:4 pbqpoffset:6.82 pbfactor:2.20 avgQpOffsetCutree:0.00;
in:447 out:448 type:b q:36.25 q-aq:36.00 q-noVbv:36.25 q-Rceq:1.32 tex:211 mv:2343 misc:846 icu:0.00 pcu:761.50 scu:534.50 tlayer:4 pbqpoffset:6.71 pbfactor:2.17 avgQpOffsetCutree:0.00;
in:464 out:449 type:k q:28.76 q-aq:20.63 q-noVbv:28.76 q-Rceq:1.32 tex:310874 mv:45027 misc:2619 icu:1068.75 pcu:223.25 scu:4.00 tlayer:0 pbqpoffset:1.16 pbfactor:1.14 avgQpOffsetCutree:-7.82;
in:456 out:450 type:B q:31.03 q-aq:23.99 q-noVbv:31.03 q-Rceq:1.32 tex:109480 mv:22411 misc:4237 icu:32.50 pcu:1095.25 scu:168.25 tlayer:1 pbqpoffset:1.92 pbfactor:1.25 avgQpOffsetCutree:-5.71;
in:452 out:451 type:B q:32.83 q-aq:28.63 q-noVbv:32.83 q-Rceq:1.32 tex:8040 mv:8359 misc:2217 icu:1.25 pcu:896.75 scu:398.00 tlayer:2 pbqpoffset:3.55 pbfactor:1.51 avgQpOffsetCutree:-3.50;
in:450 out:452 type:B q:33.06 q-aq:31.01 q-noVbv:33.06 q-Rceq:1.32 tex:527 mv:3711 misc:890 icu:0.00 pcu:811.75 scu:484.25 tlayer:3 pbqpoffset:3.70 pbfactor:1.53 avgQpOffsetCutree:-1.85;
in:449 out:453 type:b q:35.97 q-aq:36.00 q-noVbv:35.97 q-Rceq:1.32 tex:11 mv:1396 misc:577 icu:0.00 pcu:422.00 scu:874.00 tlayer:4 pbqpoffset:6.57 pbfactor:2.14 avgQpOffsetCutree:0.00;
in:451 out:454 type:b q:35.95 q-aq:36.00 q-noVbv:35.95 q-Rceq:1.32 tex:14 mv:1145 misc:505 icu:0.00 pcu:361.00 scu:935.00 tlayer:4 pbqpoffset:6.63 pbfactor:2.15 avgQpOffsetCutree:0.00;
in:454 out:455 type:B q:32.89 q-aq:31.07 q-noVbv:32.89 q-Rceq:1.32 tex:1343 mv:3901 misc:948 icu:0.00 pcu:807.75 scu:488.25 tlayer:3 pbqpoffset:3.70 pbfactor:1.53 avgQpOffsetCutree:-1.74;
in:453 out:456 type:b q:35.41 q-aq:35.00 q-noVbv:35.41 q-Rceq:1.32 tex:8 mv:1459 misc:565 icu:0.00 pcu:484.00 scu:812.00 tlayer:4 pbqpoffset:6.18 pbfactor:2.04 avgQpOffsetCutree:0.00;
in:455 out:457 type:b q:35.85 q-aq:36.00 q-noVbv:35.85 q-Rceq:1.32 tex:10 mv:971 misc:507 icu:0.00 pcu:264.50 scu:1031.50 tlayer:4 pbqpoffset:6.70 pbfactor:2.17 avgQpOffsetCutree:0.00;
in:460 out:458 type:B q:31.21 q-aq:26.17 q-noVbv:31.21 q-Rceq:1.32 tex:43979 mv:13043 misc:4138 icu:62.25 pcu:914.00 scu:319.75 tlayer:2 pbqpoffset:2.28 pbfactor:1.30 avgQpOffsetCutree:-4.10;
in:458 out:459 type:B q:32.72 q-aq:30.93 q-noVbv:32.72 q-Rceq:1.32 tex:1217 mv:4214 misc:1121 icu:0.25 pcu:907.25 scu:388.50 tlayer:3 pbqpoffset:3.70 pbfactor:1.53 avgQpOffsetCutree:-1.71;
in:457 out:460 type:b q:35.30 q-aq:35.00 q-noVbv:35.30 q-Rceq:1.32 tex:19 mv:1294 misc:599 icu:0.00 pcu:404.25 scu:891.75 tlayer:4 pbqpoffset:6.23 pbfactor:2.05 avgQpOffsetCutree:0.00;
in:459 out:461 type:b q:35.24 q-aq:35.00 q-noVbv:35.24 q-Rceq:1.32 tex:13 mv:1640 misc:579 icu:0.00 pcu:483.25 scu:812.75 tlayer:4 pbqpoffset:6.26 pbfactor:2.06 avgQpOffsetCutree:0.00;
in:462 out:462 type:B q:32.06 q-aq:29.47 q-noVbv:32.06 q-Rceq:1.32 tex:5736 mv:5252 misc:2436 icu:8.50 pcu:779.00 scu:508.50 tlayer:3 pbqpoffset:3.21 pbfactor:1.45 avgQpOffsetCutree:-2.32;
in:461 out:463 type:b q:35.60 q-aq:36.00 q-noVbv:35.60 q-Rceq:1.32 tex:5 mv:1271 misc:516 icu:0.00 pcu:493.00 scu:803.00 tlayer:4 pbqpoffset:6.70 pbfactor:2.17 avgQpOffsetCutree:0.00;
in:463 out:464 type:b q:33.81 q-aq:34.00 q-noVbv:33.81 q-Rceq:1.32 tex:210 mv:1579 misc:763 icu:0.00 pcu:591.50 scu:704.50 tlayer:4 pbqpoffset:5.00 pbfactor:1.78 avgQpOffsetCutree:0.00;
in:480 out:465 type:k q:27.81 q-aq:19.37 q-noVbv:27.81 q-Rceq:1.32 tex:334865 mv:42053 misc:2802 icu:894.50 pcu:398.75 scu:2.75 tlayer:0 pbqpoffset:1.15 pbfactor:1.14 avgQpOffsetCutree:-7.66;
in:472 out:466 type:B q:29.89 q-aq:22.58 q-noVbv:29.89 q-Rceq:1.32 tex:116544 mv:19769 misc:4335 icu:14.25 pcu:1058.50 scu:223.25 tlayer:1 pbqpoffset:1.61 pbfactor:1.20 avgQpOffsetCutree:-5.84;
in:468 out:467 type:B q:30.84 q-aq:26.30 q-noVbv:30.84 q-Rceq:1.32 tex:13060 mv:9054 misc:2542 icu:0.50 pcu:876.25 scu:419.25 tlayer:2 pbqpoffset:2.31 pbfactor:1.31 avgQpOffsetCutree:-3.73;
in:466 out:468 type:B q:31.85 q-aq:30.08 q-noVbv:31.85 q-Rceq:1.32 tex:850 mv:3589 misc:881 icu:0.00 pcu:770.50 scu:525.50 tlayer:3 pbqpoffset:3.20 pbfactor:1.45 avgQpOffsetCutree:-1.72;
in:465 out:469 type:b q:33.27 q-aq:33.00 q-noVbv:33.27 q-Rceq:1.32 tex:67 mv:1914 misc:643 icu:0.00 pcu:597.00 scu:699.00 tlayer:4 pbqpoffset:4.57 pbfactor:1.69 avgQpOffsetCutree:0.00;
in:467 out:470 type:b q:34.53 q-aq:35.00 q-noVbv:34.53 q-Rceq:1.32 tex:10 mv:1007 misc:519 icu:0.00 pcu:462.00 scu:834.00 tlayer:4 pbqpoffset:5.95 pbfactor:1.99 avgQpOffsetCutree:0.00;
in:470 out:471 type:B q:30.84 q-aq:29.28 q-noVbv:30.84 q-Rceq:1.32 tex:2568 mv:3839 misc:1049 icu:0.00 pcu:784.00 scu:512.00 tlayer:3 pbqpoffset:2.43 pbfactor:1.32 avgQpOffsetCutree:-1.67;
in:469 out:472 type:b q:33.48 q-aq:33.00 q-noVbv:33.48 q-Rceq:1.32 tex:12 mv:1855 misc:605 icu:0.00 pcu:552.00 scu:744.00 tlayer:4 pbqpoffset:5.02 pbfactor:1.79 avgQpOffsetCutree:0.00;
in:471 out:473 type:b q:33.64 q-aq:34.00 q-noVbv:33.64 q-Rceq:1.32 tex:8 mv:1324 misc:564 icu:0.00 pcu:439.75 scu:856.25 tlayer:4 pbqpoffset:5.30 pbfactor:1.84 avgQpOffsetCutree:0.00;
in:476 out:474 type:B q:29.92 q-aq:24.56 q-noVbv:29.92 q-Rceq:1.32 tex:36063 mv:9534 misc:3987 icu:5.00 pcu:869.25 scu:421.75 tlayer:2 pbqpoffset:1.88 pbfactor:1.24 avgQpOffsetCutree:-4.26;
in:474 out:475 type:B q:31.08 q-aq:29.55 q-noVbv:31.08 q-Rceq:1.32 tex:2832 mv:3295 misc:1057 icu:0.00 pcu:738.25 scu:557.75 tlayer:3 pbqpoffset:2.92 pbfactor:1.40 avgQpOffsetCutree:-1.53;
in:473 out:476 type:b q:34.70 q-aq:35.00 q-noVbv:34.70 q-Rceq:1.32 tex:11 mv:1089 misc:516 icu:0.00 pcu:395.00 scu:901.00 tlayer:4 pbqpoffset:6.47 pbfactor:2.11 avgQpOffsetCutree:0.00;
in:475 out:477 type:b q:33.97 q-aq:34.00 q-noVbv:33.97 q-Rceq:1.32 tex:59 mv:1435 misc:546 icu:0.00 pcu:497.75 scu:798.25 tlayer:4 pbqpoffset:5.87 pbfactor:1.97 avgQpOffsetCutree:0.00;
in:478 out:478 type:B q:31.11 q-aq:28.17 q-noVbv:31.11 q-Rceq:1.32 tex:1750 mv:2688 misc:1586 icu:0.00 pcu:586.75 scu:709.25 tlayer:3 pbqpoffset:3.18 pbfactor:1.44 avgQpOffsetCutree:-2.70;
in:477 out:479 type:b q:34.40 q-aq:34.00 q-noVbv:34.40 q-Rceq:1.32 tex:6 mv:1398 misc:556 icu:0.00 pcu:542.00 scu:754.00 tlayer:4 pbqpoffset:6.41 pbfactor:2.10 avgQpOffsetCutree:0.00;
in:479 out:480 type:b q:34.31 q-aq:34.00 q-noVbv:34.31 q-Rceq:1.32 tex:5 mv:1359 misc:700 icu:0.00 pcu:508.00 scu:788.00 tlayer:4 pbqpoffset:6.44 pbfactor:2.10 avgQpOffsetCutree:0.00;
in:496 out:481 type:k q:29.55 q-aq:24.62 q-noVbv:29.55 q-Rceq:1.32 tex:176053 mv:21046 misc:3429 icu:313.75 pcu:918.75 scu:63.50 tlayer:0 pbqpoffset:1.16 pbfactor:1.14 avgQpOffsetCutree:-4.38;
in:488 out:482 type:B q:30.53 q-aq:22.70 q-noVbv:30.53 q-Rceq:1.32 tex:97047 mv:18215 misc:4546 icu:2.75 pcu:1014.75 scu:278.50 tlayer:1 pbqpoffset:1.86 pbfactor:1.24 avgQpOffsetCutree:-6.21;
in:484 out:483 type:B q:30.32 q-aq:25.95 q-noVbv:30.32 q-Rceq:1.32 tex:13487 mv:6269 misc:2060 icu:0.25 pcu:765.25 scu:530.50 tlayer:2 pbqpoffset:2.08 pbfactor:1.27 avgQpOffsetCutree:-3.53;
in:482 out:484 type:B q:31.36 q-aq:28.80 q-noVbv:31.36 q-Rceq:1.32 tex:2849 mv:1838 misc:825 icu:0.00 pcu:514.50 scu:781.50 tlayer:3 pbqpoffset:3.33 pbfactor:1.47 avgQpOffsetCutree:-2.44;
in:481 out:485 type:b q:34.01 q-aq:34.00 q-noVbv:34.01 q-Rceq:1.32 tex:8 mv:758 misc:498 icu:0.00 pcu:258.00 scu:1038.00 tlayer:4 pbqpoffset:6.09 pbfactor:2.02 avgQpOffsetCutree:0.00;
in:483 out:486 type:b q:34.47 q-aq:34.00 q-noVbv:34.47 q-Rceq:1.32 tex:8 mv:1828 misc:644 icu:0.00 pcu:535.25 scu:760.75 tlayer:4 pbqpoffset:6.33 pbfactor:2.08 avgQpOffsetCutree:0.00;
in:486 out:487 type:B q:31.79 q-aq:30.25 q-noVbv:31.79 q-Rceq:1.32 tex:1968 mv:2265 misc:791 icu:0.00 pcu:523.25 scu:772.75 tlayer:3 pbqpoffset:3.33 pbfactor:1.47 avgQpOffsetCutree:-1.39;
in:485 out:488 type:b q:34.52 q-aq:35.00 q-noVbv:34.52 q-Rceq:1.32 tex:10 mv:1455 misc:567 icu:0.00 pcu:408.00 scu:888.00 tlayer:4 pbqpoffset:6.17 pbfactor:2.04 avgQpOffsetCutree:0.00;
in:487 out:489 type:b q:34.72 q-aq:35.00 q-noVbv:34.72 q-Rceq:1.32 tex:9 mv:1357 misc:538 icu:0.00 pcu:390.00 scu:906.00 tlayer:4 pbqpoffset:6.16 pbfactor:2.04 avgQpOffsetCutree:0.00;
in:492 out:490 type:B q:31.99 q-aq:26.30 q-noVbv:31.99 q-Rceq:1.32 tex:15218 mv:6430 misc:3072 icu:0.50 pcu:786.00 scu:509.50 tlayer:2 pbqpoffset:2.87 pbfactor:1.39 avgQpOffsetCutree:-4.50;
in:490 out:491 type:B q:32.23 q-aq:30.32 q-noVbv:32.23 q-Rceq:1.32 tex:1106 mv:2553 misc:781 icu:0.00 pcu:643.25 scu:652.75 tlayer:3 pbqpoffset:3.33 pbfactor:1.47 avgQpOffsetCutree:-2.03;
in:489 out:492 type:b q:34.86 q-aq:35.00 q-noVbv:34.86 q-Rceq:1.32 tex:8 mv:1493 misc:595 icu:0.00 pcu:479.00 scu:817.00 tlayer:4 pbqpoffset:6.08 pbfactor:2.02 avgQpOffsetCutree:0.00;
in:491 out:493 type:b q:35.02 q-aq:35.00 q-noVbv:35.02 q-Rceq:1.32 tex:7 mv:1368 misc:585 icu:0.00 pcu:466.75 scu:829.25 tlayer:4 pbqpoffset:6.01 pbfactor:2.00 avgQpOffsetCutree:0.00;
in:494 out:494 type:B q:32.66 q-aq:29.91 q-noVbv:32.66 q-Rceq:1.32 tex:547 mv:2408 misc:1053 icu:0.00 pcu:690.00 scu:606.00 tlayer:3 pbqpoffset:3.33 pbfactor:1.47 avgQpOffsetCutree:-2.29;
in:493 out:495 type:b q:35.23 q-aq:35.00 q-noVbv:35.23 q-Rceq:1.32 tex:9 mv:1224 misc:559 icu:0.00 pcu:480.00 scu:816.00 tlayer:4 pbqpoffset:6.01 pbfactor:2.00 avgQpOffsetCutree:0.00;
in:495 out:496 type:b q:35.45 q-aq:35.00 q-noVbv:35.45 q-Rceq:1.32 tex:7 mv:433 misc:424 icu:0.00 pcu:127.00 scu:1169.00 tlayer:4 pbqpoffset:6.01 pbfactor:2.00 avgQpOffsetCutree:0.00;
in:499 out:497 type:k q:29.28 q-aq:27.12 q-noVbv:29.28 q-Rceq:1.32 tex:2588 mv:3819 misc:1881 icu:0.50 pcu:677.00 scu:618.50 tlayer:0 pbqpoffset:0.82 pbfactor:1.10 avgQpOffsetCutree:-1.53;
in:498 out:498 type:B q:32.56 q-aq:32.49 q-noVbv:32.56 q-Rceq:1.32 tex:90 mv:1038 misc:520 icu:0.00 pcu:366.00 scu:930.00 tlayer:1 pbqpoffset:3.19 pbfactor:1.45 avgQpOffsetCutree:-0.65;
in:497 out:499 type:b q:33.73 q-aq:34.00 q-noVbv:33.73 q-Rceq:1.32 tex:8 mv:1832 misc:568 icu:0.00 pcu:612.00 scu:684.00 tlayer:2 pbqpoffset:4.28 pbfactor:1.64 avgQpOffsetCutree:0.00;
