000 (017.000.000) 2020-12-21 07:20:01 Job submitted from host: <10.0.0.63:9618?PrivAddr=%3c10.0.0.63:9618%3fsock%3dschedd_6827_5527%3e&PrivNet=ryzen7-1700x&addrs=10.0.0.63-9618&alias=ryzen7-1700x&noUDP&sock=schedd_6827_5527>
...
040 (017.000.000) 2020-12-21 07:20:18 Entered queue to transfer input files
	Transferring to host: <10.0.0.63:9618?PrivAddr=%3c10.0.0.63:9618%3fsock%3dslot16_6886_8f51_18%3e&PrivNet=ryzen7-1700x&addrs=10.0.0.63-9618&alias=ryzen7-1700x&noUDP&sock=slot16_6886_8f51_18>
...
040 (017.000.000) 2020-12-21 07:20:21 Started transferring input files
	Seconds spent in queue: 3
...
040 (017.000.000) 2020-12-21 07:20:21 Finished transferring input files
...
001 (017.000.000) 2020-12-21 07:20:22 Job executing on host: <10.0.0.63:9618?sock=startd_6827_5527>
...
006 (017.000.000) 2020-12-21 07:20:31 Image size of job updated: 195968
	192  -  MemoryUsage of job (MB)
	195968  -  ResidentSetSize of job (KB)
...
006 (017.000.000) 2020-12-21 07:25:32 Image size of job updated: 329756
	235  -  MemoryUsage of job (MB)
	239960  -  ResidentSetSize of job (KB)
...
006 (017.000.000) 2020-12-21 07:29:11 Image size of job updated: 329916
	235  -  MemoryUsage of job (MB)
	239960  -  ResidentSetSize of job (KB)
...
040 (017.000.000) 2020-12-21 07:29:11 Started transferring output files
	Seconds spent in queue: 533
...
040 (017.000.000) 2020-12-21 07:29:12 Finished transferring output files
...
005 (017.000.000) 2020-12-21 07:29:12 Job terminated.
	(1) Normal termination (return value 0)
		Usr 0 00:08:43, Sys 0 00:00:00  -  Run Remote Usage
		Usr 0 00:00:00, Sys 0 00:00:00  -  Run Local Usage
		Usr 0 00:08:43, Sys 0 00:00:00  -  Total Remote Usage
		Usr 0 00:00:00, Sys 0 00:00:00  -  Total Local Usage
	3885016  -  Run Bytes Sent By Job
	4532560  -  Run Bytes Received By Job
	3885016  -  Total Bytes Sent By Job
	4532560  -  Total Bytes Received By Job
	Partitionable Resources :    Usage  Request Allocated 
	   Cpus                 :     1.00        1         1 
	   Disk (KB)            :  8235        4500   2904372 
	   Memory (MB)          :   235           5      2000 

	Job terminated of its own accord at 2020-12-21T12:29:11Z.
...
