#options: cpuid=1173503 frame-threads=1 no-wpp no-pmode no-pme psnr no-ssim log-level=2 bitdepth=8 input-csp=1 fps=50000/1000 input-res=768x432 interlace=0 total-frames=500 level-idc=0 high-tier=1 uhd-bd=0 ref=4 no-allow-non-conformance no-repeat-headers annexb no-aud no-hrd info hash=0 no-temporal-layers open-gop min-keyint=1 keyint=5000 bframes=15 b-adapt=2 b-pyramid bframe-bias=0 rc-lookahead=40 lookahead-slices=0 scenecut=40 no-intra-refresh ctu=64 min-cu-size=8 rect amp max-tu-size=32 tu-inter-depth=3 tu-intra-depth=3 limit-tu=4 rdoq-level=2 dynamic-rd=0.00 no-ssim-rd signhide no-tskip nr-intra=0 nr-inter=0 no-constrained-intra strong-intra-smoothing max-merge=4 limit-refs=1 limit-modes me=3 subme=4 merange=57 temporal-mvp weightp weightb no-analyze-src-pics deblock=0:0 sao no-sao-non-deblock rd=6 no-early-skip rskip no-fast-intra no-tskip-fast no-cu-lossless b-intra rdpenalty=0 psy-rd=0.00 psy-rdoq=0.00 no-rd-refine analysis-reuse-mode=0 no-lossless cbqpoffs=0 crqpoffs=0 rc=abr bitrate=2000 qcomp=0.60 qpstep=4 stats-write=1 stats-read=0 slow-firstpass ipratio=1.40 pbratio=1.30 aq-mode=1 aq-strength=0.00 cutree zone-count=0 no-strict-cbr qg-size=64 no-rc-grain qpmax=69 qpmin=0 no-const-vbv sar=0 overscan=0 videoformat=5 range=0 colorprim=2 transfer=2 colormatrix=2 chromaloc=0 display-window=0 max-cll=0,0 min-luma=0 max-luma=255 log2-max-poc-lsb=8 vui-timing-info vui-hrd-info slices=1 opt-qp-pps opt-ref-list-length-pps no-multi-pass-opt-rps scenecut-bias=0.05 no-opt-cu-delta-qp no-aq-motion no-hdr no-hdr-opt no-dhdr10-opt analysis-reuse-level=5 scale-factor=0 refine-intra=0 refine-inter=0 refine-mv=0 no-limit-sao ctu-info=0 max-tlayer=4
in:0 out:0 type:I q:22.40 q-aq:16.15 q-noVbv:22.40 q-Rceq:1.32 tex:1218 mv:750 misc:464 icu:1296.00 pcu:0.00 scu:0.00 tlayer:0 pbqpoffset:0.00 pbfactor:1.00 avgQpOffsetCutree:-2.84;
in:1 out:1 type:k q:25.31 q-aq:25.00 q-noVbv:25.31 q-Rceq:1.32 tex:0 mv:7 misc:137 icu:0.00 pcu:0.00 scu:1296.00 tlayer:0 pbqpoffset:0.00 pbfactor:1.00 avgQpOffsetCutree:-2.10;
in:2 out:2 type:i q:35.09 q-aq:29.01 q-noVbv:35.09 q-Rceq:1.32 tex:369918 mv:45345 misc:1985 icu:1296.00 pcu:0.00 scu:0.00 tlayer:0 pbqpoffset:0.00 pbfactor:1.00 avgQpOffsetCutree:-7.05;
in:18 out:3 type:k q:34.00 q-aq:26.68 q-noVbv:34.00 q-Rceq:1.32 tex:367102 mv:26618 misc:2264 icu:824.00 pcu:469.25 scu:2.75 tlayer:0 pbqpoffset:0.00 pbfactor:1.00 avgQpOffsetCutree:-7.24;
in:10 out:4 type:B q:37.68 q-aq:30.47 q-noVbv:37.68 q-Rceq:1.32 tex:108290 mv:19958 misc:3312 icu:122.75 pcu:861.50 scu:311.75 tlayer:1 pbqpoffset:3.69 pbfactor:1.53 avgQpOffsetCutree:-5.83;
in:6 out:5 type:B q:39.15 q-aq:34.73 q-noVbv:39.15 q-Rceq:1.32 tex:14977 mv:10240 misc:2007 icu:3.50 pcu:891.75 scu:400.75 tlayer:2 pbqpoffset:5.15 pbfactor:1.81 avgQpOffsetCutree:-3.63;
in:4 out:6 type:B q:39.15 q-aq:37.14 q-noVbv:39.15 q-Rceq:1.32 tex:6747 mv:4310 misc:1231 icu:0.75 pcu:514.50 scu:780.75 tlayer:3 pbqpoffset:5.15 pbfactor:1.81 avgQpOffsetCutree:-2.13;
in:3 out:7 type:b q:42.15 q-aq:42.00 q-noVbv:42.15 q-Rceq:1.32 tex:67 mv:466 misc:307 icu:0.25 pcu:198.25 scu:1097.50 tlayer:4 pbqpoffset:8.15 pbfactor:2.56 avgQpOffsetCutree:0.00;
in:5 out:8 type:b q:42.15 q-aq:42.00 q-noVbv:42.15 q-Rceq:1.32 tex:51 mv:683 misc:362 icu:0.00 pcu:184.00 scu:1112.00 tlayer:4 pbqpoffset:8.15 pbfactor:2.56 avgQpOffsetCutree:0.00;
in:8 out:9 type:B q:39.15 q-aq:37.89 q-noVbv:39.15 q-Rceq:1.32 tex:558 mv:3286 misc:660 icu:0.00 pcu:741.25 scu:554.75 tlayer:3 pbqpoffset:5.15 pbfactor:1.81 avgQpOffsetCutree:-1.18;
in:7 out:10 type:b q:42.15 q-aq:42.00 q-noVbv:42.15 q-Rceq:1.32 tex:69 mv:973 misc:414 icu:0.00 pcu:399.00 scu:897.00 tlayer:4 pbqpoffset:8.15 pbfactor:2.56 avgQpOffsetCutree:0.00;
in:9 out:11 type:b q:42.15 q-aq:42.00 q-noVbv:42.15 q-Rceq:1.32 tex:10 mv:1392 misc:470 icu:0.00 pcu:452.00 scu:844.00 tlayer:4 pbqpoffset:8.15 pbfactor:2.56 avgQpOffsetCutree:0.00;
in:14 out:12 type:B q:39.15 q-aq:35.48 q-noVbv:39.15 q-Rceq:1.32 tex:4016 mv:7103 misc:2145 icu:8.50 pcu:644.75 scu:642.75 tlayer:2 pbqpoffset:5.15 pbfactor:1.81 avgQpOffsetCutree:-3.14;
in:12 out:13 type:B q:39.15 q-aq:38.22 q-noVbv:39.15 q-Rceq:1.32 tex:47 mv:2994 misc:871 icu:0.00 pcu:709.25 scu:586.75 tlayer:3 pbqpoffset:5.15 pbfactor:1.81 avgQpOffsetCutree:-1.83;
in:11 out:14 type:b q:42.15 q-aq:42.00 q-noVbv:42.15 q-Rceq:1.32 tex:3 mv:1275 misc:466 icu:0.00 pcu:501.00 scu:795.00 tlayer:4 pbqpoffset:8.15 pbfactor:2.56 avgQpOffsetCutree:0.00;
in:13 out:15 type:b q:42.15 q-aq:42.00 q-noVbv:42.15 q-Rceq:1.32 tex:108 mv:1629 misc:535 icu:0.00 pcu:562.00 scu:734.00 tlayer:4 pbqpoffset:8.15 pbfactor:2.56 avgQpOffsetCutree:0.00;
in:16 out:16 type:B q:39.15 q-aq:38.95 q-noVbv:39.15 q-Rceq:1.32 tex:7463 mv:4280 misc:1345 icu:1.75 pcu:533.00 scu:761.25 tlayer:3 pbqpoffset:5.15 pbfactor:1.81 avgQpOffsetCutree:-0.91;
in:15 out:17 type:b q:42.15 q-aq:42.00 q-noVbv:42.15 q-Rceq:1.32 tex:505 mv:1694 misc:777 icu:5.00 pcu:512.75 scu:778.25 tlayer:4 pbqpoffset:8.15 pbfactor:2.56 avgQpOffsetCutree:0.00;
in:17 out:18 type:b q:42.15 q-aq:42.00 q-noVbv:42.15 q-Rceq:1.32 tex:2 mv:525 misc:353 icu:0.00 pcu:193.25 scu:1102.75 tlayer:4 pbqpoffset:8.15 pbfactor:2.56 avgQpOffsetCutree:0.00;
in:34 out:19 type:k q:34.19 q-aq:28.10 q-noVbv:34.19 q-Rceq:1.32 tex:283484 mv:25333 misc:2335 icu:784.25 pcu:509.50 scu:2.25 tlayer:0 pbqpoffset:0.00 pbfactor:1.00 avgQpOffsetCutree:-7.08;
in:26 out:20 type:B q:37.50 q-aq:30.60 q-noVbv:37.50 q-Rceq:1.32 tex:55281 mv:18717 misc:3938 icu:60.25 pcu:868.75 scu:367.00 tlayer:1 pbqpoffset:3.32 pbfactor:1.47 avgQpOffsetCutree:-5.75;
in:22 out:21 type:B q:38.52 q-aq:34.70 q-noVbv:38.52 q-Rceq:1.32 tex:5160 mv:9014 misc:1842 icu:0.25 pcu:862.75 scu:433.00 tlayer:2 pbqpoffset:4.33 pbfactor:1.65 avgQpOffsetCutree:-3.29;
in:20 out:22 type:B q:38.52 q-aq:36.37 q-noVbv:38.52 q-Rceq:1.32 tex:1739 mv:4096 misc:885 icu:0.50 pcu:672.25 scu:623.25 tlayer:3 pbqpoffset:4.33 pbfactor:1.65 avgQpOffsetCutree:-1.82;
in:19 out:23 type:b q:41.52 q-aq:42.00 q-noVbv:41.52 q-Rceq:1.32 tex:81 mv:1150 misc:433 icu:0.00 pcu:321.00 scu:975.00 tlayer:4 pbqpoffset:7.33 pbfactor:2.33 avgQpOffsetCutree:0.00;
in:21 out:24 type:b q:41.52 q-aq:42.00 q-noVbv:41.52 q-Rceq:1.32 tex:3 mv:1156 misc:521 icu:0.00 pcu:409.75 scu:886.25 tlayer:4 pbqpoffset:7.33 pbfactor:2.33 avgQpOffsetCutree:0.00;
in:24 out:25 type:B q:38.52 q-aq:37.06 q-noVbv:38.52 q-Rceq:1.32 tex:183 mv:4055 misc:962 icu:0.50 pcu:742.50 scu:553.00 tlayer:3 pbqpoffset:4.33 pbfactor:1.65 avgQpOffsetCutree:-1.82;
in:23 out:26 type:b q:41.52 q-aq:42.00 q-noVbv:41.52 q-Rceq:1.32 tex:6 mv:1263 misc:483 icu:0.00 pcu:583.00 scu:713.00 tlayer:4 pbqpoffset:7.33 pbfactor:2.33 avgQpOffsetCutree:0.00;
in:25 out:27 type:b q:41.52 q-aq:42.00 q-noVbv:41.52 q-Rceq:1.32 tex:6 mv:1414 misc:532 icu:0.00 pcu:455.00 scu:841.00 tlayer:4 pbqpoffset:7.33 pbfactor:2.33 avgQpOffsetCutree:0.00;
in:30 out:28 type:B q:38.52 q-aq:34.76 q-noVbv:38.52 q-Rceq:1.32 tex:6586 mv:9178 misc:2772 icu:20.50 pcu:746.25 scu:529.25 tlayer:2 pbqpoffset:4.33 pbfactor:1.65 avgQpOffsetCutree:-3.11;
in:28 out:29 type:B q:38.52 q-aq:37.87 q-noVbv:38.52 q-Rceq:1.32 tex:178 mv:4079 misc:1071 icu:2.00 pcu:808.50 scu:485.50 tlayer:3 pbqpoffset:4.33 pbfactor:1.65 avgQpOffsetCutree:-1.81;
in:27 out:30 type:b q:41.52 q-aq:42.00 q-noVbv:41.52 q-Rceq:1.32 tex:36 mv:1423 misc:517 icu:0.00 pcu:522.00 scu:774.00 tlayer:4 pbqpoffset:7.33 pbfactor:2.33 avgQpOffsetCutree:0.00;
in:29 out:31 type:b q:41.52 q-aq:42.00 q-noVbv:41.52 q-Rceq:1.32 tex:5 mv:1589 misc:526 icu:0.00 pcu:479.00 scu:817.00 tlayer:4 pbqpoffset:7.33 pbfactor:2.33 avgQpOffsetCutree:0.00;
in:32 out:32 type:B q:37.80 q-aq:37.56 q-noVbv:37.80 q-Rceq:1.32 tex:16566 mv:5596 misc:1646 icu:3.00 pcu:604.25 scu:688.75 tlayer:3 pbqpoffset:3.61 pbfactor:1.52 avgQpOffsetCutree:-0.98;
in:31 out:33 type:b q:41.52 q-aq:42.00 q-noVbv:41.52 q-Rceq:1.32 tex:586 mv:1855 misc:831 icu:11.75 pcu:533.00 scu:751.25 tlayer:4 pbqpoffset:7.33 pbfactor:2.33 avgQpOffsetCutree:0.00;
in:33 out:34 type:b q:41.52 q-aq:42.00 q-noVbv:41.52 q-Rceq:1.32 tex:5 mv:1053 misc:494 icu:0.25 pcu:311.25 scu:984.50 tlayer:4 pbqpoffset:7.33 pbfactor:2.33 avgQpOffsetCutree:0.00;
in:50 out:35 type:k q:32.92 q-aq:27.11 q-noVbv:32.92 q-Rceq:1.32 tex:319124 mv:28561 misc:2155 icu:928.50 pcu:365.75 scu:1.75 tlayer:0 pbqpoffset:0.00 pbfactor:1.00 avgQpOffsetCutree:-6.72;
in:42 out:36 type:B q:37.28 q-aq:30.05 q-noVbv:37.28 q-Rceq:1.32 tex:70051 mv:17016 misc:3765 icu:89.75 pcu:860.25 scu:346.00 tlayer:1 pbqpoffset:3.73 pbfactor:1.54 avgQpOffsetCutree:-5.81;
in:38 out:37 type:B q:38.38 q-aq:34.52 q-noVbv:38.38 q-Rceq:1.32 tex:3545 mv:9560 misc:1895 icu:0.75 pcu:870.00 scu:425.25 tlayer:2 pbqpoffset:4.51 pbfactor:1.68 avgQpOffsetCutree:-3.37;
in:36 out:38 type:B q:38.54 q-aq:36.60 q-noVbv:38.54 q-Rceq:1.32 tex:885 mv:4311 misc:916 icu:0.00 pcu:699.25 scu:596.75 tlayer:3 pbqpoffset:4.51 pbfactor:1.68 avgQpOffsetCutree:-1.93;
in:35 out:39 type:b q:41.62 q-aq:42.00 q-noVbv:41.62 q-Rceq:1.32 tex:28 mv:1057 misc:483 icu:0.00 pcu:253.50 scu:1042.50 tlayer:4 pbqpoffset:7.51 pbfactor:2.38 avgQpOffsetCutree:0.00;
in:37 out:40 type:b q:41.46 q-aq:41.00 q-noVbv:41.46 q-Rceq:1.32 tex:4 mv:1441 misc:531 icu:0.00 pcu:386.00 scu:910.00 tlayer:4 pbqpoffset:7.51 pbfactor:2.38 avgQpOffsetCutree:0.00;
in:40 out:41 type:B q:38.22 q-aq:36.95 q-noVbv:38.22 q-Rceq:1.32 tex:171 mv:3685 misc:1032 icu:0.00 pcu:735.50 scu:560.50 tlayer:3 pbqpoffset:4.51 pbfactor:1.68 avgQpOffsetCutree:-1.83;
in:39 out:42 type:b q:41.30 q-aq:41.00 q-noVbv:41.30 q-Rceq:1.32 tex:80 mv:1505 misc:503 icu:0.00 pcu:440.00 scu:856.00 tlayer:4 pbqpoffset:7.51 pbfactor:2.38 avgQpOffsetCutree:0.00;
in:41 out:43 type:b q:41.14 q-aq:41.00 q-noVbv:41.14 q-Rceq:1.32 tex:6 mv:1590 misc:500 icu:0.00 pcu:470.00 scu:826.00 tlayer:4 pbqpoffset:7.51 pbfactor:2.38 avgQpOffsetCutree:0.00;
in:46 out:44 type:B q:37.74 q-aq:34.17 q-noVbv:37.74 q-Rceq:1.32 tex:7883 mv:9081 misc:2716 icu:28.25 pcu:711.00 scu:556.75 tlayer:2 pbqpoffset:4.51 pbfactor:1.68 avgQpOffsetCutree:-3.03;
in:44 out:45 type:B q:37.90 q-aq:36.45 q-noVbv:37.90 q-Rceq:1.32 tex:352 mv:4271 misc:1305 icu:0.00 pcu:726.50 scu:569.50 tlayer:3 pbqpoffset:4.51 pbfactor:1.68 avgQpOffsetCutree:-1.82;
in:43 out:46 type:b q:40.98 q-aq:41.00 q-noVbv:40.98 q-Rceq:1.32 tex:54 mv:1668 misc:518 icu:0.00 pcu:555.00 scu:741.00 tlayer:4 pbqpoffset:7.51 pbfactor:2.38 avgQpOffsetCutree:0.00;
in:45 out:47 type:b q:40.82 q-aq:41.00 q-noVbv:40.82 q-Rceq:1.32 tex:37 mv:1613 misc:534 icu:0.00 pcu:583.00 scu:713.00 tlayer:4 pbqpoffset:7.51 pbfactor:2.38 avgQpOffsetCutree:0.00;
in:48 out:48 type:B q:37.07 q-aq:36.57 q-noVbv:37.07 q-Rceq:1.32 tex:38510 mv:7471 misc:1563 icu:30.50 pcu:719.75 scu:545.75 tlayer:3 pbqpoffset:3.99 pbfactor:1.59 avgQpOffsetCutree:-1.34;
in:47 out:49 type:b q:40.67 q-aq:41.00 q-noVbv:40.67 q-Rceq:1.32 tex:221 mv:2348 misc:863 icu:1.00 pcu:652.25 scu:642.75 tlayer:4 pbqpoffset:7.51 pbfactor:2.38 avgQpOffsetCutree:0.00;
in:49 out:50 type:b q:40.51 q-aq:41.00 q-noVbv:40.51 q-Rceq:1.32 tex:84 mv:1173 misc:527 icu:0.00 pcu:449.00 scu:847.00 tlayer:4 pbqpoffset:7.51 pbfactor:2.38 avgQpOffsetCutree:0.00;
in:66 out:51 type:k q:32.88 q-aq:27.08 q-noVbv:32.88 q-Rceq:1.32 tex:267064 mv:22384 misc:2096 icu:1233.00 pcu:63.00 scu:0.00 tlayer:0 pbqpoffset:2.15 pbfactor:1.28 avgQpOffsetCutree:-6.90;
in:58 out:52 type:B q:35.87 q-aq:29.47 q-noVbv:35.87 q-Rceq:1.32 tex:127914 mv:17226 misc:3556 icu:164.75 pcu:865.75 scu:265.50 tlayer:1 pbqpoffset:2.97 pbfactor:1.41 avgQpOffsetCutree:-5.63;
in:54 out:53 type:B q:37.47 q-aq:33.45 q-noVbv:37.47 q-Rceq:1.32 tex:33456 mv:11976 misc:2016 icu:2.75 pcu:854.50 scu:438.75 tlayer:2 pbqpoffset:4.56 pbfactor:1.69 avgQpOffsetCutree:-3.40;
in:52 out:54 type:B q:37.47 q-aq:36.16 q-noVbv:37.47 q-Rceq:1.32 tex:22201 mv:8397 misc:1618 icu:0.25 pcu:807.75 scu:488.00 tlayer:3 pbqpoffset:4.56 pbfactor:1.69 avgQpOffsetCutree:-1.62;
in:51 out:55 type:b q:40.47 q-aq:40.09 q-noVbv:40.47 q-Rceq:1.32 tex:59 mv:1809 misc:588 icu:0.00 pcu:519.75 scu:776.25 tlayer:4 pbqpoffset:7.56 pbfactor:2.39 avgQpOffsetCutree:0.00;
in:53 out:56 type:b q:40.47 q-aq:40.00 q-noVbv:40.47 q-Rceq:1.32 tex:47 mv:1740 misc:605 icu:0.00 pcu:510.75 scu:785.25 tlayer:4 pbqpoffset:7.56 pbfactor:2.39 avgQpOffsetCutree:0.00;
in:56 out:57 type:B q:37.46 q-aq:35.91 q-noVbv:37.46 q-Rceq:1.32 tex:1453 mv:4115 misc:1016 icu:0.50 pcu:600.50 scu:695.00 tlayer:3 pbqpoffset:4.56 pbfactor:1.69 avgQpOffsetCutree:-1.82;
in:55 out:58 type:b q:40.47 q-aq:40.00 q-noVbv:40.47 q-Rceq:1.32 tex:27 mv:1074 misc:483 icu:0.00 pcu:296.25 scu:999.75 tlayer:4 pbqpoffset:7.56 pbfactor:2.39 avgQpOffsetCutree:0.00;
in:57 out:59 type:b q:40.46 q-aq:40.00 q-noVbv:40.46 q-Rceq:1.32 tex:145 mv:1182 misc:489 icu:0.00 pcu:398.00 scu:898.00 tlayer:4 pbqpoffset:7.56 pbfactor:2.39 avgQpOffsetCutree:0.00;
in:62 out:60 type:B q:37.45 q-aq:33.91 q-noVbv:37.45 q-Rceq:1.32 tex:9326 mv:10029 misc:3077 icu:21.00 pcu:797.50 scu:477.50 tlayer:2 pbqpoffset:4.56 pbfactor:1.69 avgQpOffsetCutree:-3.05;
in:60 out:61 type:B q:37.45 q-aq:35.74 q-noVbv:37.45 q-Rceq:1.32 tex:173 mv:4153 misc:1314 icu:1.00 pcu:687.50 scu:607.50 tlayer:3 pbqpoffset:4.56 pbfactor:1.69 avgQpOffsetCutree:-1.71;
in:59 out:62 type:b q:40.46 q-aq:40.00 q-noVbv:40.46 q-Rceq:1.32 tex:6 mv:1762 misc:584 icu:0.00 pcu:562.00 scu:734.00 tlayer:4 pbqpoffset:7.56 pbfactor:2.39 avgQpOffsetCutree:0.00;
in:61 out:63 type:b q:40.45 q-aq:40.00 q-noVbv:40.45 q-Rceq:1.32 tex:132 mv:2199 misc:637 icu:0.00 pcu:648.00 scu:648.00 tlayer:4 pbqpoffset:7.56 pbfactor:2.39 avgQpOffsetCutree:0.00;
in:64 out:64 type:B q:37.44 q-aq:36.80 q-noVbv:37.44 q-Rceq:1.32 tex:23903 mv:6600 misc:1377 icu:86.25 pcu:671.00 scu:538.75 tlayer:3 pbqpoffset:4.56 pbfactor:1.69 avgQpOffsetCutree:-1.26;
in:63 out:65 type:b q:40.45 q-aq:40.36 q-noVbv:40.45 q-Rceq:1.32 tex:121 mv:2063 misc:984 icu:0.75 pcu:556.75 scu:738.50 tlayer:4 pbqpoffset:7.56 pbfactor:2.39 avgQpOffsetCutree:0.00;
in:65 out:66 type:b q:40.44 q-aq:40.91 q-noVbv:40.44 q-Rceq:1.32 tex:53 mv:1299 misc:528 icu:0.00 pcu:337.75 scu:958.25 tlayer:4 pbqpoffset:7.56 pbfactor:2.39 avgQpOffsetCutree:0.00;
in:82 out:67 type:k q:32.85 q-aq:26.92 q-noVbv:32.85 q-Rceq:1.32 tex:271265 mv:20836 misc:2059 icu:911.25 pcu:384.25 scu:0.50 tlayer:0 pbqpoffset:1.33 pbfactor:1.17 avgQpOffsetCutree:-7.08;
in:74 out:68 type:B q:35.79 q-aq:29.78 q-noVbv:35.79 q-Rceq:1.32 tex:112053 mv:16502 misc:3573 icu:143.75 pcu:765.50 scu:386.75 tlayer:1 pbqpoffset:2.93 pbfactor:1.40 avgQpOffsetCutree:-5.37;
in:70 out:69 type:B q:37.47 q-aq:33.26 q-noVbv:37.47 q-Rceq:1.32 tex:38085 mv:10905 misc:2282 icu:3.25 pcu:766.00 scu:526.75 tlayer:2 pbqpoffset:4.60 pbfactor:1.70 avgQpOffsetCutree:-3.64;
in:68 out:70 type:B q:37.48 q-aq:35.84 q-noVbv:37.48 q-Rceq:1.32 tex:21885 mv:6526 misc:1517 icu:0.00 pcu:750.25 scu:545.75 tlayer:3 pbqpoffset:4.60 pbfactor:1.70 avgQpOffsetCutree:-1.71;
in:67 out:71 type:b q:40.48 q-aq:40.99 q-noVbv:40.48 q-Rceq:1.32 tex:59 mv:1059 misc:570 icu:0.00 pcu:310.00 scu:986.00 tlayer:4 pbqpoffset:7.60 pbfactor:2.41 avgQpOffsetCutree:0.00;
in:69 out:72 type:b q:40.48 q-aq:40.00 q-noVbv:40.48 q-Rceq:1.32 tex:7 mv:1289 misc:528 icu:0.00 pcu:360.00 scu:936.00 tlayer:4 pbqpoffset:7.60 pbfactor:2.41 avgQpOffsetCutree:0.00;
in:72 out:73 type:B q:37.47 q-aq:36.49 q-noVbv:37.47 q-Rceq:1.32 tex:7188 mv:6401 misc:1507 icu:0.50 pcu:689.50 scu:606.00 tlayer:3 pbqpoffset:4.60 pbfactor:1.70 avgQpOffsetCutree:-1.79;
in:71 out:74 type:b q:40.47 q-aq:40.00 q-noVbv:40.47 q-Rceq:1.32 tex:3 mv:1250 misc:523 icu:0.00 pcu:372.00 scu:924.00 tlayer:4 pbqpoffset:7.60 pbfactor:2.41 avgQpOffsetCutree:0.00;
in:73 out:75 type:b q:40.47 q-aq:40.00 q-noVbv:40.47 q-Rceq:1.32 tex:5 mv:1493 misc:526 icu:0.00 pcu:427.00 scu:869.00 tlayer:4 pbqpoffset:7.60 pbfactor:2.41 avgQpOffsetCutree:0.00;
in:78 out:76 type:B q:37.06 q-aq:33.36 q-noVbv:37.06 q-Rceq:1.32 tex:36202 mv:12064 misc:2910 icu:26.00 pcu:873.25 scu:396.75 tlayer:2 pbqpoffset:4.21 pbfactor:1.63 avgQpOffsetCutree:-3.35;
in:76 out:77 type:B q:37.46 q-aq:35.47 q-noVbv:37.46 q-Rceq:1.32 tex:9235 mv:6490 misc:1707 icu:0.00 pcu:750.00 scu:546.00 tlayer:3 pbqpoffset:4.60 pbfactor:1.70 avgQpOffsetCutree:-1.97;
in:75 out:78 type:b q:40.46 q-aq:40.00 q-noVbv:40.46 q-Rceq:1.32 tex:83 mv:1440 misc:541 icu:0.00 pcu:444.00 scu:852.00 tlayer:4 pbqpoffset:7.60 pbfactor:2.41 avgQpOffsetCutree:0.00;
in:77 out:79 type:b q:40.46 q-aq:40.01 q-noVbv:40.46 q-Rceq:1.32 tex:29 mv:1438 misc:597 icu:0.00 pcu:503.75 scu:792.25 tlayer:4 pbqpoffset:7.60 pbfactor:2.41 avgQpOffsetCutree:0.00;
in:80 out:80 type:B q:37.22 q-aq:36.89 q-noVbv:37.22 q-Rceq:1.32 tex:22859 mv:5803 misc:1610 icu:20.25 pcu:522.25 scu:753.50 tlayer:3 pbqpoffset:4.37 pbfactor:1.66 avgQpOffsetCutree:-0.86;
in:79 out:81 type:b q:40.46 q-aq:40.13 q-noVbv:40.46 q-Rceq:1.32 tex:263 mv:1867 misc:774 icu:0.00 pcu:483.25 scu:812.75 tlayer:4 pbqpoffset:7.60 pbfactor:2.41 avgQpOffsetCutree:0.00;
in:81 out:82 type:b q:40.45 q-aq:40.00 q-noVbv:40.45 q-Rceq:1.32 tex:5 mv:1131 misc:504 icu:0.00 pcu:289.00 scu:1007.00 tlayer:4 pbqpoffset:7.60 pbfactor:2.41 avgQpOffsetCutree:0.00;
in:98 out:83 type:k q:32.90 q-aq:27.32 q-noVbv:32.90 q-Rceq:1.32 tex:317165 mv:25151 misc:2372 icu:752.25 pcu:543.00 scu:0.75 tlayer:0 pbqpoffset:1.51 pbfactor:1.19 avgQpOffsetCutree:-7.06;
in:90 out:84 type:B q:36.27 q-aq:30.09 q-noVbv:36.27 q-Rceq:1.32 tex:87985 mv:17915 misc:3212 icu:123.25 pcu:1044.25 scu:128.50 tlayer:1 pbqpoffset:3.40 pbfactor:1.48 avgQpOffsetCutree:-5.32;
in:86 out:85 type:B q:37.51 q-aq:33.40 q-noVbv:37.51 q-Rceq:1.32 tex:32583 mv:11213 misc:2180 icu:7.25 pcu:777.75 scu:511.00 tlayer:2 pbqpoffset:4.65 pbfactor:1.71 avgQpOffsetCutree:-3.82;
in:84 out:86 type:B q:37.51 q-aq:35.80 q-noVbv:37.51 q-Rceq:1.32 tex:13585 mv:6217 misc:1438 icu:0.00 pcu:698.25 scu:597.75 tlayer:3 pbqpoffset:4.65 pbfactor:1.71 avgQpOffsetCutree:-1.86;
in:83 out:87 type:b q:40.50 q-aq:41.00 q-noVbv:40.50 q-Rceq:1.32 tex:35 mv:1249 misc:500 icu:0.00 pcu:361.00 scu:935.00 tlayer:4 pbqpoffset:7.65 pbfactor:2.42 avgQpOffsetCutree:0.00;
in:85 out:88 type:b q:40.51 q-aq:41.00 q-noVbv:40.51 q-Rceq:1.32 tex:71 mv:1116 misc:485 icu:0.25 pcu:382.25 scu:913.50 tlayer:4 pbqpoffset:7.65 pbfactor:2.42 avgQpOffsetCutree:0.00;
in:88 out:89 type:B q:37.52 q-aq:35.92 q-noVbv:37.52 q-Rceq:1.32 tex:12544 mv:6007 misc:1553 icu:0.00 pcu:667.50 scu:628.50 tlayer:3 pbqpoffset:4.65 pbfactor:1.71 avgQpOffsetCutree:-1.70;
in:87 out:90 type:b q:40.52 q-aq:41.00 q-noVbv:40.52 q-Rceq:1.32 tex:1 mv:1012 misc:443 icu:0.00 pcu:244.50 scu:1051.50 tlayer:4 pbqpoffset:7.65 pbfactor:2.42 avgQpOffsetCutree:0.00;
in:89 out:91 type:b q:40.52 q-aq:41.00 q-noVbv:40.52 q-Rceq:1.32 tex:6 mv:1157 misc:469 icu:0.00 pcu:411.00 scu:885.00 tlayer:4 pbqpoffset:7.65 pbfactor:2.42 avgQpOffsetCutree:0.00;
in:94 out:92 type:B q:37.20 q-aq:34.06 q-noVbv:37.20 q-Rceq:1.32 tex:47085 mv:11301 misc:2558 icu:21.75 pcu:802.50 scu:471.75 tlayer:2 pbqpoffset:4.31 pbfactor:1.65 avgQpOffsetCutree:-2.93;
in:92 out:93 type:B q:37.53 q-aq:36.38 q-noVbv:37.53 q-Rceq:1.32 tex:17700 mv:5769 misc:1619 icu:0.75 pcu:639.50 scu:655.75 tlayer:3 pbqpoffset:4.65 pbfactor:1.71 avgQpOffsetCutree:-1.20;
in:91 out:94 type:b q:40.53 q-aq:41.00 q-noVbv:40.53 q-Rceq:1.32 tex:69 mv:1087 misc:500 icu:0.00 pcu:319.00 scu:977.00 tlayer:4 pbqpoffset:7.65 pbfactor:2.42 avgQpOffsetCutree:0.00;
in:93 out:95 type:b q:40.53 q-aq:41.00 q-noVbv:40.53 q-Rceq:1.32 tex:75 mv:909 misc:496 icu:0.50 pcu:178.25 scu:1117.25 tlayer:4 pbqpoffset:7.65 pbfactor:2.42 avgQpOffsetCutree:0.00;
in:96 out:96 type:B q:37.54 q-aq:36.82 q-noVbv:37.54 q-Rceq:1.32 tex:12948 mv:4845 misc:1535 icu:3.00 pcu:501.50 scu:791.50 tlayer:3 pbqpoffset:4.65 pbfactor:1.71 avgQpOffsetCutree:-1.43;
in:95 out:97 type:b q:40.54 q-aq:41.00 q-noVbv:40.54 q-Rceq:1.32 tex:74 mv:1275 misc:563 icu:0.25 pcu:414.75 scu:881.00 tlayer:4 pbqpoffset:7.65 pbfactor:2.42 avgQpOffsetCutree:0.00;
in:97 out:98 type:b q:40.55 q-aq:41.00 q-noVbv:40.55 q-Rceq:1.32 tex:88 mv:908 misc:404 icu:0.00 pcu:337.25 scu:958.75 tlayer:4 pbqpoffset:7.65 pbfactor:2.42 avgQpOffsetCutree:0.00;
in:112 out:99 type:k q:33.39 q-aq:27.81 q-noVbv:33.39 q-Rceq:1.32 tex:256284 mv:29797 misc:1911 icu:1188.75 pcu:106.25 scu:1.00 tlayer:0 pbqpoffset:1.51 pbfactor:1.19 avgQpOffsetCutree:-6.82;
in:105 out:100 type:B q:36.53 q-aq:30.12 q-noVbv:36.53 q-Rceq:1.32 tex:81953 mv:17604 misc:3387 icu:90.25 pcu:1037.75 scu:168.00 tlayer:1 pbqpoffset:3.38 pbfactor:1.48 avgQpOffsetCutree:-5.55;
in:102 out:101 type:B q:37.69 q-aq:34.07 q-noVbv:37.69 q-Rceq:1.32 tex:24742 mv:9186 misc:1952 icu:2.50 pcu:803.50 scu:490.00 tlayer:2 pbqpoffset:4.65 pbfactor:1.71 avgQpOffsetCutree:-3.30;
in:100 out:102 type:B q:37.62 q-aq:36.18 q-noVbv:37.62 q-Rceq:1.32 tex:12045 mv:6794 misc:1441 icu:0.25 pcu:720.75 scu:575.00 tlayer:3 pbqpoffset:4.65 pbfactor:1.71 avgQpOffsetCutree:-1.62;
in:99 out:103 type:b q:40.58 q-aq:41.00 q-noVbv:40.58 q-Rceq:1.32 tex:84 mv:1217 misc:499 icu:0.00 pcu:406.00 scu:890.00 tlayer:4 pbqpoffset:7.65 pbfactor:2.42 avgQpOffsetCutree:0.00;
in:101 out:104 type:b q:40.66 q-aq:41.00 q-noVbv:40.66 q-Rceq:1.32 tex:144 mv:994 misc:510 icu:0.25 pcu:281.25 scu:1014.50 tlayer:4 pbqpoffset:7.65 pbfactor:2.42 avgQpOffsetCutree:0.00;
in:104 out:105 type:B q:37.76 q-aq:36.84 q-noVbv:37.76 q-Rceq:1.32 tex:4182 mv:4250 misc:1296 icu:0.00 pcu:594.00 scu:702.00 tlayer:3 pbqpoffset:4.65 pbfactor:1.71 avgQpOffsetCutree:-0.93;
in:103 out:106 type:b q:40.73 q-aq:41.00 q-noVbv:40.73 q-Rceq:1.32 tex:1 mv:1016 misc:463 icu:0.00 pcu:316.00 scu:980.00 tlayer:4 pbqpoffset:7.65 pbfactor:2.42 avgQpOffsetCutree:0.00;
in:109 out:107 type:B q:37.62 q-aq:33.22 q-noVbv:37.62 q-Rceq:1.32 tex:35865 mv:10746 misc:2845 icu:9.50 pcu:811.50 scu:475.00 tlayer:2 pbqpoffset:4.33 pbfactor:1.65 avgQpOffsetCutree:-3.80;
in:107 out:108 type:B q:37.87 q-aq:36.40 q-noVbv:37.87 q-Rceq:1.32 tex:5159 mv:5470 misc:1539 icu:0.00 pcu:681.50 scu:614.50 tlayer:3 pbqpoffset:4.65 pbfactor:1.71 avgQpOffsetCutree:-1.59;
in:106 out:109 type:b q:40.83 q-aq:41.00 q-noVbv:40.83 q-Rceq:1.32 tex:50 mv:1150 misc:496 icu:0.00 pcu:327.00 scu:969.00 tlayer:4 pbqpoffset:7.65 pbfactor:2.42 avgQpOffsetCutree:0.00;
in:108 out:110 type:b q:40.90 q-aq:41.00 q-noVbv:40.90 q-Rceq:1.32 tex:3 mv:843 misc:410 icu:0.00 pcu:257.00 scu:1039.00 tlayer:4 pbqpoffset:7.65 pbfactor:2.42 avgQpOffsetCutree:0.00;
in:111 out:111 type:B q:38.01 q-aq:37.83 q-noVbv:38.01 q-Rceq:1.32 tex:13756 mv:5915 misc:1937 icu:3.50 pcu:662.75 scu:629.75 tlayer:3 pbqpoffset:4.65 pbfactor:1.71 avgQpOffsetCutree:-0.77;
in:110 out:112 type:b q:40.97 q-aq:41.00 q-noVbv:40.97 q-Rceq:1.32 tex:48 mv:960 misc:448 icu:0.00 pcu:354.00 scu:942.00 tlayer:4 pbqpoffset:7.65 pbfactor:2.42 avgQpOffsetCutree:0.00;
in:128 out:113 type:k q:32.89 q-aq:27.14 q-noVbv:32.89 q-Rceq:1.32 tex:249327 mv:27424 misc:2097 icu:1208.25 pcu:87.00 scu:0.75 tlayer:0 pbqpoffset:1.56 pbfactor:1.20 avgQpOffsetCutree:-6.88;
in:120 out:114 type:B q:36.31 q-aq:29.39 q-noVbv:36.31 q-Rceq:1.32 tex:118661 mv:21534 misc:3725 icu:119.00 pcu:836.50 scu:340.50 tlayer:1 pbqpoffset:3.17 pbfactor:1.44 avgQpOffsetCutree:-5.88;
in:116 out:115 type:B q:37.85 q-aq:34.12 q-noVbv:37.85 q-Rceq:1.32 tex:29379 mv:8906 misc:1891 icu:3.25 pcu:741.00 scu:551.75 tlayer:2 pbqpoffset:4.59 pbfactor:1.70 avgQpOffsetCutree:-2.99;
in:114 out:116 type:B q:37.92 q-aq:36.01 q-noVbv:37.92 q-Rceq:1.32 tex:12045 mv:6209 misc:1474 icu:0.25 pcu:764.50 scu:531.25 tlayer:3 pbqpoffset:4.59 pbfactor:1.70 avgQpOffsetCutree:-1.83;
in:113 out:117 type:b q:40.95 q-aq:41.00 q-noVbv:40.95 q-Rceq:1.32 tex:6 mv:1213 misc:517 icu:0.00 pcu:372.00 scu:924.00 tlayer:4 pbqpoffset:7.59 pbfactor:2.40 avgQpOffsetCutree:0.00;
in:115 out:118 type:b q:40.89 q-aq:41.00 q-noVbv:40.89 q-Rceq:1.32 tex:58 mv:1243 misc:547 icu:0.00 pcu:370.00 scu:926.00 tlayer:4 pbqpoffset:7.59 pbfactor:2.40 avgQpOffsetCutree:0.00;
in:118 out:119 type:B q:37.79 q-aq:35.96 q-noVbv:37.79 q-Rceq:1.32 tex:5252 mv:5185 misc:1507 icu:0.25 pcu:664.50 scu:631.25 tlayer:3 pbqpoffset:4.59 pbfactor:1.70 avgQpOffsetCutree:-2.00;
in:117 out:120 type:b q:40.82 q-aq:41.00 q-noVbv:40.82 q-Rceq:1.32 tex:4 mv:1232 misc:508 icu:0.00 pcu:362.00 scu:934.00 tlayer:4 pbqpoffset:7.59 pbfactor:2.40 avgQpOffsetCutree:0.00;
in:119 out:121 type:b q:40.76 q-aq:41.00 q-noVbv:40.76 q-Rceq:1.32 tex:5 mv:1184 misc:491 icu:0.00 pcu:299.00 scu:997.00 tlayer:4 pbqpoffset:7.59 pbfactor:2.40 avgQpOffsetCutree:0.00;
in:124 out:122 type:B q:36.98 q-aq:32.04 q-noVbv:36.98 q-Rceq:1.32 tex:46396 mv:13306 misc:3354 icu:22.25 pcu:912.50 scu:361.25 tlayer:2 pbqpoffset:3.96 pbfactor:1.58 avgQpOffsetCutree:-4.27;
in:122 out:123 type:B q:37.67 q-aq:36.23 q-noVbv:37.67 q-Rceq:1.32 tex:8358 mv:6828 misc:1694 icu:0.00 pcu:688.00 scu:608.00 tlayer:3 pbqpoffset:4.59 pbfactor:1.70 avgQpOffsetCutree:-1.66;
in:121 out:124 type:b q:40.70 q-aq:41.00 q-noVbv:40.70 q-Rceq:1.32 tex:3 mv:1456 misc:533 icu:0.00 pcu:423.00 scu:873.00 tlayer:4 pbqpoffset:7.59 pbfactor:2.40 avgQpOffsetCutree:0.00;
in:123 out:125 type:b q:40.64 q-aq:41.00 q-noVbv:40.64 q-Rceq:1.32 tex:76 mv:1275 misc:529 icu:0.00 pcu:373.25 scu:922.75 tlayer:4 pbqpoffset:7.59 pbfactor:2.40 avgQpOffsetCutree:0.00;
in:126 out:126 type:B q:37.54 q-aq:35.01 q-noVbv:37.54 q-Rceq:1.32 tex:17971 mv:7269 misc:2240 icu:2.00 pcu:700.00 scu:594.00 tlayer:3 pbqpoffset:4.59 pbfactor:1.70 avgQpOffsetCutree:-2.31;
in:125 out:127 type:b q:40.57 q-aq:41.00 q-noVbv:40.57 q-Rceq:1.32 tex:9 mv:1345 misc:502 icu:0.00 pcu:315.00 scu:981.00 tlayer:4 pbqpoffset:7.59 pbfactor:2.40 avgQpOffsetCutree:0.00;
in:127 out:128 type:b q:40.51 q-aq:41.00 q-noVbv:40.51 q-Rceq:1.32 tex:890 mv:1479 misc:735 icu:0.00 pcu:403.50 scu:892.50 tlayer:4 pbqpoffset:7.59 pbfactor:2.40 avgQpOffsetCutree:0.00;
in:144 out:129 type:k q:32.61 q-aq:26.86 q-noVbv:32.61 q-Rceq:1.32 tex:267532 mv:30901 misc:2135 icu:1202.25 pcu:92.00 scu:1.75 tlayer:0 pbqpoffset:1.60 pbfactor:1.20 avgQpOffsetCutree:-6.99;
in:136 out:130 type:B q:35.96 q-aq:28.95 q-noVbv:35.96 q-Rceq:1.32 tex:101999 mv:20232 misc:3721 icu:106.00 pcu:835.25 scu:354.75 tlayer:1 pbqpoffset:3.21 pbfactor:1.45 avgQpOffsetCutree:-6.01;
in:132 out:131 type:B q:37.42 q-aq:33.25 q-noVbv:37.42 q-Rceq:1.32 tex:32072 mv:10485 misc:2059 icu:3.00 pcu:845.50 scu:447.50 tlayer:2 pbqpoffset:4.60 pbfactor:1.70 avgQpOffsetCutree:-3.62;
in:130 out:132 type:B q:37.46 q-aq:36.39 q-noVbv:37.46 q-Rceq:1.32 tex:14370 mv:5635 misc:1443 icu:0.75 pcu:713.75 scu:581.50 tlayer:3 pbqpoffset:4.60 pbfactor:1.70 avgQpOffsetCutree:-1.63;
in:129 out:133 type:b q:40.47 q-aq:40.00 q-noVbv:40.47 q-Rceq:1.32 tex:2 mv:1378 misc:588 icu:0.00 pcu:369.00 scu:927.00 tlayer:4 pbqpoffset:7.60 pbfactor:2.41 avgQpOffsetCutree:0.00;
in:131 out:134 type:b q:40.44 q-aq:40.00 q-noVbv:40.44 q-Rceq:1.32 tex:106 mv:1448 misc:574 icu:0.00 pcu:437.00 scu:859.00 tlayer:4 pbqpoffset:7.60 pbfactor:2.41 avgQpOffsetCutree:0.00;
in:134 out:135 type:B q:37.39 q-aq:36.01 q-noVbv:37.39 q-Rceq:1.32 tex:7019 mv:5451 misc:1458 icu:0.25 pcu:644.25 scu:651.50 tlayer:3 pbqpoffset:4.60 pbfactor:1.70 avgQpOffsetCutree:-1.85;
in:133 out:136 type:b q:40.40 q-aq:40.00 q-noVbv:40.40 q-Rceq:1.32 tex:3 mv:1149 misc:592 icu:0.25 pcu:386.75 scu:909.00 tlayer:4 pbqpoffset:7.60 pbfactor:2.41 avgQpOffsetCutree:0.00;
in:135 out:137 type:b q:40.37 q-aq:40.00 q-noVbv:40.37 q-Rceq:1.32 tex:6 mv:1326 misc:516 icu:0.00 pcu:338.25 scu:957.75 tlayer:4 pbqpoffset:7.60 pbfactor:2.41 avgQpOffsetCutree:0.00;
in:140 out:138 type:B q:36.72 q-aq:31.93 q-noVbv:36.72 q-Rceq:1.32 tex:63843 mv:12351 misc:2830 icu:41.00 pcu:879.50 scu:375.50 tlayer:2 pbqpoffset:4.04 pbfactor:1.60 avgQpOffsetCutree:-4.28;
in:138 out:139 type:B q:37.32 q-aq:37.13 q-noVbv:37.32 q-Rceq:1.32 tex:6718 mv:5498 misc:1488 icu:1.50 pcu:684.75 scu:609.75 tlayer:3 pbqpoffset:4.60 pbfactor:1.70 avgQpOffsetCutree:-1.34;
in:137 out:140 type:b q:40.33 q-aq:40.00 q-noVbv:40.33 q-Rceq:1.32 tex:134 mv:1285 misc:533 icu:0.00 pcu:289.50 scu:1006.50 tlayer:4 pbqpoffset:7.60 pbfactor:2.41 avgQpOffsetCutree:0.00;
in:139 out:141 type:b q:40.30 q-aq:40.00 q-noVbv:40.30 q-Rceq:1.32 tex:42 mv:1237 misc:537 icu:0.00 pcu:306.75 scu:989.25 tlayer:4 pbqpoffset:7.60 pbfactor:2.41 avgQpOffsetCutree:0.00;
in:142 out:142 type:B q:37.24 q-aq:34.90 q-noVbv:37.24 q-Rceq:1.32 tex:14845 mv:6730 misc:2009 icu:4.50 pcu:679.75 scu:611.75 tlayer:3 pbqpoffset:4.60 pbfactor:1.70 avgQpOffsetCutree:-2.23;
in:141 out:143 type:b q:40.26 q-aq:40.00 q-noVbv:40.26 q-Rceq:1.32 tex:287 mv:1401 misc:544 icu:0.00 pcu:360.00 scu:936.00 tlayer:4 pbqpoffset:7.60 pbfactor:2.41 avgQpOffsetCutree:0.00;
in:143 out:144 type:b q:40.23 q-aq:40.00 q-noVbv:40.23 q-Rceq:1.32 tex:1635 mv:2220 misc:865 icu:0.25 pcu:571.25 scu:724.50 tlayer:4 pbqpoffset:7.60 pbfactor:2.41 avgQpOffsetCutree:0.00;
in:160 out:145 type:k q:32.55 q-aq:27.20 q-noVbv:32.55 q-Rceq:1.32 tex:293301 mv:28929 misc:2226 icu:1044.75 pcu:249.25 scu:2.00 tlayer:0 pbqpoffset:1.65 pbfactor:1.21 avgQpOffsetCutree:-6.72;
in:152 out:146 type:B q:35.89 q-aq:29.12 q-noVbv:35.89 q-Rceq:1.32 tex:93062 mv:18550 misc:3604 icu:140.50 pcu:826.00 scu:329.50 tlayer:1 pbqpoffset:3.31 pbfactor:1.47 avgQpOffsetCutree:-5.82;
in:148 out:147 type:B q:37.25 q-aq:33.25 q-noVbv:37.25 q-Rceq:1.32 tex:25570 mv:12302 misc:2080 icu:2.00 pcu:824.50 scu:469.50 tlayer:2 pbqpoffset:4.65 pbfactor:1.71 avgQpOffsetCutree:-3.52;
in:146 out:148 type:B q:37.26 q-aq:35.54 q-noVbv:37.26 q-Rceq:1.32 tex:7230 mv:5437 misc:1453 icu:0.25 pcu:708.50 scu:587.25 tlayer:3 pbqpoffset:4.65 pbfactor:1.71 avgQpOffsetCutree:-1.84;
in:145 out:149 type:b q:40.26 q-aq:40.00 q-noVbv:40.26 q-Rceq:1.32 tex:147 mv:1177 misc:500 icu:0.00 pcu:289.50 scu:1006.50 tlayer:4 pbqpoffset:7.65 pbfactor:2.42 avgQpOffsetCutree:0.00;
in:147 out:150 type:b q:40.25 q-aq:40.00 q-noVbv:40.25 q-Rceq:1.32 tex:6 mv:1287 misc:515 icu:0.00 pcu:347.25 scu:948.75 tlayer:4 pbqpoffset:7.65 pbfactor:2.42 avgQpOffsetCutree:0.00;
in:150 out:151 type:B q:37.24 q-aq:35.55 q-noVbv:37.24 q-Rceq:1.32 tex:12855 mv:7290 misc:1391 icu:0.50 pcu:838.50 scu:457.00 tlayer:3 pbqpoffset:4.65 pbfactor:1.71 avgQpOffsetCutree:-1.96;
in:149 out:152 type:b q:40.25 q-aq:40.00 q-noVbv:40.25 q-Rceq:1.32 tex:145 mv:1430 misc:577 icu:0.00 pcu:349.00 scu:947.00 tlayer:4 pbqpoffset:7.65 pbfactor:2.42 avgQpOffsetCutree:0.00;
in:151 out:153 type:b q:40.24 q-aq:40.00 q-noVbv:40.24 q-Rceq:1.32 tex:7 mv:1368 misc:569 icu:0.00 pcu:403.00 scu:893.00 tlayer:4 pbqpoffset:7.65 pbfactor:2.42 avgQpOffsetCutree:0.00;
in:156 out:154 type:B q:36.91 q-aq:32.02 q-noVbv:36.91 q-Rceq:1.32 tex:55950 mv:13184 misc:2978 icu:33.50 pcu:844.25 scu:418.25 tlayer:2 pbqpoffset:4.35 pbfactor:1.65 avgQpOffsetCutree:-4.28;
in:154 out:155 type:B q:37.22 q-aq:35.51 q-noVbv:37.22 q-Rceq:1.32 tex:13124 mv:7220 misc:1688 icu:0.25 pcu:733.00 scu:562.75 tlayer:3 pbqpoffset:4.65 pbfactor:1.71 avgQpOffsetCutree:-1.69;
in:153 out:156 type:b q:40.23 q-aq:40.00 q-noVbv:40.23 q-Rceq:1.32 tex:89 mv:1570 misc:549 icu:0.00 pcu:403.50 scu:892.50 tlayer:4 pbqpoffset:7.65 pbfactor:2.42 avgQpOffsetCutree:0.00;
in:155 out:157 type:b q:40.22 q-aq:40.00 q-noVbv:40.22 q-Rceq:1.32 tex:62 mv:1279 misc:547 icu:0.00 pcu:354.75 scu:941.25 tlayer:4 pbqpoffset:7.65 pbfactor:2.42 avgQpOffsetCutree:0.00;
in:158 out:158 type:B q:37.21 q-aq:34.29 q-noVbv:37.21 q-Rceq:1.32 tex:20475 mv:6615 misc:2198 icu:4.25 pcu:706.75 scu:585.00 tlayer:3 pbqpoffset:4.65 pbfactor:1.71 avgQpOffsetCutree:-2.60;
in:157 out:159 type:b q:40.21 q-aq:40.00 q-noVbv:40.21 q-Rceq:1.32 tex:156 mv:1485 misc:527 icu:0.00 pcu:502.00 scu:794.00 tlayer:4 pbqpoffset:7.65 pbfactor:2.42 avgQpOffsetCutree:0.00;
in:159 out:160 type:b q:40.20 q-aq:40.00 q-noVbv:40.20 q-Rceq:1.32 tex:416 mv:1437 misc:675 icu:0.00 pcu:555.25 scu:740.75 tlayer:4 pbqpoffset:7.65 pbfactor:2.42 avgQpOffsetCutree:0.00;
in:176 out:161 type:k q:32.82 q-aq:27.51 q-noVbv:32.82 q-Rceq:1.32 tex:282653 mv:30210 misc:2017 icu:1111.25 pcu:180.75 scu:4.00 tlayer:0 pbqpoffset:1.61 pbfactor:1.20 avgQpOffsetCutree:-6.67;
in:168 out:162 type:B q:35.83 q-aq:29.19 q-noVbv:35.83 q-Rceq:1.32 tex:116424 mv:20063 misc:3873 icu:166.75 pcu:768.25 scu:361.00 tlayer:1 pbqpoffset:3.15 pbfactor:1.44 avgQpOffsetCutree:-5.84;
in:164 out:163 type:B q:37.31 q-aq:33.18 q-noVbv:37.31 q-Rceq:1.32 tex:34296 mv:12552 misc:2296 icu:2.75 pcu:877.50 scu:415.75 tlayer:2 pbqpoffset:4.70 pbfactor:1.72 avgQpOffsetCutree:-3.58;
in:162 out:164 type:B q:37.28 q-aq:35.80 q-noVbv:37.28 q-Rceq:1.32 tex:8823 mv:5563 misc:1502 icu:0.25 pcu:681.25 scu:614.50 tlayer:3 pbqpoffset:4.70 pbfactor:1.72 avgQpOffsetCutree:-1.55;
in:161 out:165 type:b q:40.26 q-aq:40.00 q-noVbv:40.26 q-Rceq:1.32 tex:96 mv:1077 misc:467 icu:0.00 pcu:249.50 scu:1046.50 tlayer:4 pbqpoffset:7.70 pbfactor:2.43 avgQpOffsetCutree:0.00;
in:163 out:166 type:b q:40.29 q-aq:40.00 q-noVbv:40.29 q-Rceq:1.32 tex:4 mv:1569 misc:587 icu:0.00 pcu:464.00 scu:832.00 tlayer:4 pbqpoffset:7.70 pbfactor:2.43 avgQpOffsetCutree:0.00;
in:166 out:167 type:B q:37.34 q-aq:35.91 q-noVbv:37.34 q-Rceq:1.32 tex:13094 mv:7499 misc:1687 icu:0.00 pcu:776.50 scu:519.50 tlayer:3 pbqpoffset:4.70 pbfactor:1.72 avgQpOffsetCutree:-1.90;
in:165 out:168 type:b q:40.33 q-aq:40.00 q-noVbv:40.33 q-Rceq:1.32 tex:114 mv:1596 misc:562 icu:0.00 pcu:552.00 scu:744.00 tlayer:4 pbqpoffset:7.70 pbfactor:2.43 avgQpOffsetCutree:0.00;
in:167 out:169 type:b q:40.36 q-aq:40.00 q-noVbv:40.36 q-Rceq:1.32 tex:437 mv:1637 misc:590 icu:0.00 pcu:471.00 scu:825.00 tlayer:4 pbqpoffset:7.70 pbfactor:2.43 avgQpOffsetCutree:0.00;
in:172 out:170 type:B q:36.95 q-aq:32.15 q-noVbv:36.95 q-Rceq:1.32 tex:44152 mv:12833 misc:3351 icu:19.75 pcu:851.00 scu:425.25 tlayer:2 pbqpoffset:4.20 pbfactor:1.62 avgQpOffsetCutree:-4.06;
in:170 out:171 type:B q:37.41 q-aq:35.98 q-noVbv:37.41 q-Rceq:1.32 tex:5539 mv:6643 misc:1570 icu:0.25 pcu:748.75 scu:547.00 tlayer:3 pbqpoffset:4.70 pbfactor:1.72 avgQpOffsetCutree:-1.32;
in:169 out:172 type:b q:40.39 q-aq:40.00 q-noVbv:40.39 q-Rceq:1.32 tex:88 mv:1780 misc:556 icu:0.00 pcu:459.00 scu:837.00 tlayer:4 pbqpoffset:7.70 pbfactor:2.43 avgQpOffsetCutree:0.00;
in:171 out:173 type:b q:40.43 q-aq:40.00 q-noVbv:40.43 q-Rceq:1.32 tex:45 mv:2104 misc:595 icu:0.00 pcu:533.00 scu:763.00 tlayer:4 pbqpoffset:7.70 pbfactor:2.43 avgQpOffsetCutree:0.00;
in:174 out:174 type:B q:37.48 q-aq:35.14 q-noVbv:37.48 q-Rceq:1.32 tex:19663 mv:7417 misc:2536 icu:15.75 pcu:661.25 scu:619.00 tlayer:3 pbqpoffset:4.70 pbfactor:1.72 avgQpOffsetCutree:-2.33;
in:173 out:175 type:b q:40.46 q-aq:41.00 q-noVbv:40.46 q-Rceq:1.32 tex:80 mv:1942 misc:578 icu:0.00 pcu:474.00 scu:822.00 tlayer:4 pbqpoffset:7.70 pbfactor:2.43 avgQpOffsetCutree:0.00;
in:175 out:176 type:b q:40.44 q-aq:40.18 q-noVbv:40.44 q-Rceq:1.32 tex:2355 mv:2672 misc:1069 icu:2.25 pcu:560.50 scu:733.25 tlayer:4 pbqpoffset:7.64 pbfactor:2.42 avgQpOffsetCutree:0.00;
in:192 out:177 type:k q:32.99 q-aq:27.46 q-noVbv:32.99 q-Rceq:1.32 tex:244095 mv:28780 misc:1773 icu:1227.25 pcu:68.50 scu:0.25 tlayer:0 pbqpoffset:1.60 pbfactor:1.20 avgQpOffsetCutree:-6.86;
in:184 out:178 type:B q:36.06 q-aq:29.50 q-noVbv:36.06 q-Rceq:1.32 tex:125320 mv:20636 misc:3412 icu:156.00 pcu:816.75 scu:323.25 tlayer:1 pbqpoffset:3.15 pbfactor:1.44 avgQpOffsetCutree:-5.75;
in:180 out:179 type:B q:37.55 q-aq:33.47 q-noVbv:37.55 q-Rceq:1.32 tex:35841 mv:10964 misc:2139 icu:3.00 pcu:790.50 scu:502.50 tlayer:2 pbqpoffset:4.69 pbfactor:1.72 avgQpOffsetCutree:-3.69;
in:178 out:180 type:B q:37.53 q-aq:36.53 q-noVbv:37.53 q-Rceq:1.32 tex:3668 mv:4535 misc:1381 icu:0.25 pcu:605.75 scu:690.00 tlayer:3 pbqpoffset:4.69 pbfactor:1.72 avgQpOffsetCutree:-1.45;
in:177 out:181 type:b q:40.52 q-aq:41.00 q-noVbv:40.52 q-Rceq:1.32 tex:62 mv:1134 misc:492 icu:0.00 pcu:293.00 scu:1003.00 tlayer:4 pbqpoffset:7.69 pbfactor:2.43 avgQpOffsetCutree:0.00;
in:179 out:182 type:b q:40.54 q-aq:41.00 q-noVbv:40.54 q-Rceq:1.32 tex:60 mv:1346 misc:514 icu:0.25 pcu:331.00 scu:964.75 tlayer:4 pbqpoffset:7.69 pbfactor:2.43 avgQpOffsetCutree:0.00;
in:182 out:183 type:B q:37.57 q-aq:36.06 q-noVbv:37.57 q-Rceq:1.32 tex:13114 mv:7785 misc:1789 icu:2.25 pcu:709.25 scu:584.50 tlayer:3 pbqpoffset:4.69 pbfactor:1.72 avgQpOffsetCutree:-1.72;
in:181 out:184 type:b q:40.56 q-aq:41.00 q-noVbv:40.56 q-Rceq:1.32 tex:159 mv:1446 misc:539 icu:0.00 pcu:372.00 scu:924.00 tlayer:4 pbqpoffset:7.69 pbfactor:2.43 avgQpOffsetCutree:0.00;
in:183 out:185 type:b q:40.58 q-aq:41.00 q-noVbv:40.58 q-Rceq:1.32 tex:160 mv:1749 misc:643 icu:0.50 pcu:498.00 scu:797.50 tlayer:4 pbqpoffset:7.69 pbfactor:2.43 avgQpOffsetCutree:0.00;
in:188 out:186 type:B q:36.90 q-aq:32.19 q-noVbv:36.90 q-Rceq:1.32 tex:46300 mv:14844 misc:3272 icu:27.25 pcu:983.75 scu:285.00 tlayer:2 pbqpoffset:3.95 pbfactor:1.58 avgQpOffsetCutree:-4.15;
in:186 out:187 type:B q:37.61 q-aq:35.70 q-noVbv:37.61 q-Rceq:1.32 tex:10973 mv:8212 misc:1727 icu:0.25 pcu:762.50 scu:533.25 tlayer:3 pbqpoffset:4.69 pbfactor:1.72 avgQpOffsetCutree:-1.98;
in:185 out:188 type:b q:40.60 q-aq:41.00 q-noVbv:40.60 q-Rceq:1.32 tex:146 mv:1695 misc:567 icu:0.00 pcu:492.75 scu:803.25 tlayer:4 pbqpoffset:7.69 pbfactor:2.43 avgQpOffsetCutree:0.00;
in:187 out:189 type:b q:40.63 q-aq:41.00 q-noVbv:40.63 q-Rceq:1.32 tex:80 mv:1492 misc:572 icu:0.00 pcu:445.50 scu:850.50 tlayer:4 pbqpoffset:7.69 pbfactor:2.43 avgQpOffsetCutree:0.00;
in:190 out:190 type:B q:37.66 q-aq:35.20 q-noVbv:37.66 q-Rceq:1.32 tex:11648 mv:6316 misc:2388 icu:1.75 pcu:697.50 scu:596.75 tlayer:3 pbqpoffset:4.69 pbfactor:1.72 avgQpOffsetCutree:-2.28;
in:189 out:191 type:b q:40.65 q-aq:41.00 q-noVbv:40.65 q-Rceq:1.32 tex:27 mv:1353 misc:516 icu:0.00 pcu:278.00 scu:1018.00 tlayer:4 pbqpoffset:7.69 pbfactor:2.43 avgQpOffsetCutree:0.00;
in:191 out:192 type:b q:40.67 q-aq:41.00 q-noVbv:40.67 q-Rceq:1.32 tex:359 mv:1549 misc:796 icu:0.25 pcu:515.75 scu:780.00 tlayer:4 pbqpoffset:7.69 pbfactor:2.43 avgQpOffsetCutree:0.00;
in:208 out:193 type:k q:32.65 q-aq:27.21 q-noVbv:32.65 q-Rceq:1.32 tex:288568 mv:32025 misc:1983 icu:1155.00 pcu:140.25 scu:0.75 tlayer:0 pbqpoffset:1.71 pbfactor:1.22 avgQpOffsetCutree:-6.83;
in:200 out:194 type:B q:36.13 q-aq:29.22 q-noVbv:36.13 q-Rceq:1.32 tex:107188 mv:19820 misc:3704 icu:170.25 pcu:797.25 scu:328.50 tlayer:1 pbqpoffset:3.30 pbfactor:1.46 avgQpOffsetCutree:-5.91;
in:196 out:195 type:B q:37.60 q-aq:33.67 q-noVbv:37.60 q-Rceq:1.32 tex:37974 mv:10684 misc:2030 icu:4.75 pcu:802.50 scu:488.75 tlayer:2 pbqpoffset:4.69 pbfactor:1.72 avgQpOffsetCutree:-3.64;
in:194 out:196 type:B q:37.64 q-aq:35.87 q-noVbv:37.64 q-Rceq:1.32 tex:12538 mv:6231 misc:1599 icu:0.50 pcu:656.75 scu:638.75 tlayer:3 pbqpoffset:4.69 pbfactor:1.72 avgQpOffsetCutree:-1.55;
in:193 out:197 type:b q:40.67 q-aq:41.00 q-noVbv:40.67 q-Rceq:1.32 tex:5 mv:1169 misc:562 icu:0.00 pcu:353.00 scu:943.00 tlayer:4 pbqpoffset:7.69 pbfactor:2.43 avgQpOffsetCutree:0.00;
in:195 out:198 type:b q:40.62 q-aq:41.00 q-noVbv:40.62 q-Rceq:1.32 tex:56 mv:1243 misc:589 icu:0.00 pcu:389.75 scu:906.25 tlayer:4 pbqpoffset:7.69 pbfactor:2.43 avgQpOffsetCutree:0.00;
in:198 out:199 type:B q:37.56 q-aq:36.55 q-noVbv:37.56 q-Rceq:1.32 tex:7262 mv:5798 misc:1412 icu:0.25 pcu:687.00 scu:608.75 tlayer:3 pbqpoffset:4.69 pbfactor:1.72 avgQpOffsetCutree:-1.67;
in:197 out:200 type:b q:40.58 q-aq:41.00 q-noVbv:40.58 q-Rceq:1.32 tex:106 mv:1104 misc:486 icu:0.00 pcu:308.00 scu:988.00 tlayer:4 pbqpoffset:7.69 pbfactor:2.43 avgQpOffsetCutree:0.00;
in:199 out:201 type:b q:40.54 q-aq:41.00 q-noVbv:40.54 q-Rceq:1.32 tex:42 mv:1262 misc:440 icu:0.00 pcu:348.00 scu:948.00 tlayer:4 pbqpoffset:7.69 pbfactor:2.43 avgQpOffsetCutree:0.00;
in:204 out:202 type:B q:36.94 q-aq:32.08 q-noVbv:36.94 q-Rceq:1.32 tex:55188 mv:13878 misc:2838 icu:30.25 pcu:766.75 scu:499.00 tlayer:2 pbqpoffset:4.21 pbfactor:1.63 avgQpOffsetCutree:-4.30;
in:202 out:203 type:B q:37.47 q-aq:35.74 q-noVbv:37.47 q-Rceq:1.32 tex:12212 mv:7733 misc:1735 icu:0.25 pcu:718.50 scu:577.25 tlayer:3 pbqpoffset:4.69 pbfactor:1.72 avgQpOffsetCutree:-1.67;
in:201 out:204 type:b q:40.49 q-aq:40.99 q-noVbv:40.49 q-Rceq:1.32 tex:64 mv:1354 misc:518 icu:0.00 pcu:524.50 scu:771.50 tlayer:4 pbqpoffset:7.69 pbfactor:2.43 avgQpOffsetCutree:0.00;
in:203 out:205 type:b q:40.45 q-aq:40.00 q-noVbv:40.45 q-Rceq:1.32 tex:58 mv:1463 misc:527 icu:0.00 pcu:403.00 scu:893.00 tlayer:4 pbqpoffset:7.69 pbfactor:2.43 avgQpOffsetCutree:0.00;
in:206 out:206 type:B q:37.38 q-aq:34.90 q-noVbv:37.38 q-Rceq:1.32 tex:20180 mv:7123 misc:2353 icu:8.00 pcu:688.00 scu:600.00 tlayer:3 pbqpoffset:4.69 pbfactor:1.72 avgQpOffsetCutree:-2.39;
in:205 out:207 type:b q:40.41 q-aq:40.00 q-noVbv:40.41 q-Rceq:1.32 tex:7 mv:1569 misc:536 icu:0.00 pcu:474.00 scu:822.00 tlayer:4 pbqpoffset:7.69 pbfactor:2.43 avgQpOffsetCutree:0.00;
in:207 out:208 type:b q:40.36 q-aq:40.00 q-noVbv:40.36 q-Rceq:1.32 tex:466 mv:1674 misc:756 icu:0.00 pcu:514.25 scu:781.75 tlayer:4 pbqpoffset:7.69 pbfactor:2.43 avgQpOffsetCutree:0.00;
in:224 out:209 type:k q:32.83 q-aq:27.50 q-noVbv:32.83 q-Rceq:1.32 tex:274910 mv:32724 misc:1982 icu:1176.00 pcu:119.25 scu:0.75 tlayer:0 pbqpoffset:1.60 pbfactor:1.20 avgQpOffsetCutree:-6.75;
in:216 out:210 type:B q:35.96 q-aq:29.38 q-noVbv:35.96 q-Rceq:1.32 tex:126209 mv:21302 misc:3913 icu:170.75 pcu:840.00 scu:285.25 tlayer:1 pbqpoffset:3.22 pbfactor:1.45 avgQpOffsetCutree:-5.78;
in:212 out:211 type:B q:37.41 q-aq:32.94 q-noVbv:37.41 q-Rceq:1.32 tex:33475 mv:12353 misc:2108 icu:2.75 pcu:844.50 scu:448.75 tlayer:2 pbqpoffset:4.72 pbfactor:1.72 avgQpOffsetCutree:-3.79;
in:210 out:212 type:B q:37.39 q-aq:36.12 q-noVbv:37.39 q-Rceq:1.32 tex:8743 mv:6139 misc:1582 icu:0.75 pcu:678.50 scu:616.75 tlayer:3 pbqpoffset:4.72 pbfactor:1.72 avgQpOffsetCutree:-1.44;
in:209 out:213 type:b q:40.38 q-aq:40.00 q-noVbv:40.38 q-Rceq:1.32 tex:7 mv:1594 misc:543 icu:0.00 pcu:450.75 scu:845.25 tlayer:4 pbqpoffset:7.72 pbfactor:2.44 avgQpOffsetCutree:0.00;
in:211 out:214 type:b q:40.40 q-aq:40.00 q-noVbv:40.40 q-Rceq:1.32 tex:192 mv:1520 misc:584 icu:0.00 pcu:379.75 scu:916.25 tlayer:4 pbqpoffset:7.72 pbfactor:2.44 avgQpOffsetCutree:0.00;
in:214 out:215 type:B q:37.43 q-aq:35.85 q-noVbv:37.43 q-Rceq:1.32 tex:8825 mv:7157 misc:1754 icu:0.50 pcu:678.00 scu:617.50 tlayer:3 pbqpoffset:4.72 pbfactor:1.72 avgQpOffsetCutree:-1.57;
in:213 out:216 type:b q:40.42 q-aq:40.00 q-noVbv:40.42 q-Rceq:1.32 tex:288 mv:1438 misc:546 icu:0.00 pcu:459.00 scu:837.00 tlayer:4 pbqpoffset:7.72 pbfactor:2.44 avgQpOffsetCutree:0.00;
in:215 out:217 type:b q:40.44 q-aq:40.00 q-noVbv:40.44 q-Rceq:1.32 tex:103 mv:1767 misc:578 icu:0.00 pcu:458.00 scu:838.00 tlayer:4 pbqpoffset:7.72 pbfactor:2.44 avgQpOffsetCutree:0.00;
in:220 out:218 type:B q:36.89 q-aq:32.23 q-noVbv:36.89 q-Rceq:1.32 tex:50485 mv:14354 misc:3409 icu:34.75 pcu:929.25 scu:332.00 tlayer:2 pbqpoffset:4.10 pbfactor:1.61 avgQpOffsetCutree:-4.16;
in:218 out:219 type:B q:37.48 q-aq:36.42 q-noVbv:37.48 q-Rceq:1.32 tex:10019 mv:7407 misc:1598 icu:0.50 pcu:766.00 scu:529.50 tlayer:3 pbqpoffset:4.72 pbfactor:1.72 avgQpOffsetCutree:-1.58;
in:217 out:220 type:b q:40.47 q-aq:41.00 q-noVbv:40.47 q-Rceq:1.32 tex:116 mv:1893 misc:599 icu:0.25 pcu:466.25 scu:829.50 tlayer:4 pbqpoffset:7.72 pbfactor:2.44 avgQpOffsetCutree:0.00;
in:219 out:221 type:b q:40.49 q-aq:40.50 q-noVbv:40.49 q-Rceq:1.32 tex:92 mv:1577 misc:563 icu:0.00 pcu:455.75 scu:840.25 tlayer:4 pbqpoffset:7.72 pbfactor:2.44 avgQpOffsetCutree:0.00;
in:222 out:222 type:B q:37.52 q-aq:34.96 q-noVbv:37.52 q-Rceq:1.32 tex:25110 mv:7174 misc:2548 icu:5.50 pcu:621.00 scu:669.50 tlayer:3 pbqpoffset:4.72 pbfactor:1.72 avgQpOffsetCutree:-2.44;
in:221 out:223 type:b q:40.51 q-aq:41.00 q-noVbv:40.51 q-Rceq:1.32 tex:38 mv:856 misc:482 icu:0.00 pcu:282.50 scu:1013.50 tlayer:4 pbqpoffset:7.72 pbfactor:2.44 avgQpOffsetCutree:0.00;
in:223 out:224 type:b q:40.53 q-aq:41.00 q-noVbv:40.53 q-Rceq:1.32 tex:290 mv:1429 misc:705 icu:0.00 pcu:504.50 scu:791.50 tlayer:4 pbqpoffset:7.72 pbfactor:2.44 avgQpOffsetCutree:0.00;
in:240 out:225 type:k q:33.09 q-aq:27.64 q-noVbv:33.09 q-Rceq:1.32 tex:260426 mv:29244 misc:2034 icu:1081.50 pcu:213.75 scu:0.75 tlayer:0 pbqpoffset:1.58 pbfactor:1.20 avgQpOffsetCutree:-6.90;
in:232 out:226 type:B q:36.10 q-aq:29.42 q-noVbv:36.10 q-Rceq:1.32 tex:125164 mv:22169 misc:3907 icu:193.50 pcu:819.00 scu:283.50 tlayer:1 pbqpoffset:3.14 pbfactor:1.44 avgQpOffsetCutree:-5.83;
in:228 out:227 type:B q:37.60 q-aq:33.70 q-noVbv:37.60 q-Rceq:1.32 tex:34549 mv:11777 misc:2058 icu:7.00 pcu:871.50 scu:417.50 tlayer:2 pbqpoffset:4.70 pbfactor:1.72 avgQpOffsetCutree:-3.48;
in:226 out:228 type:B q:37.56 q-aq:35.63 q-noVbv:37.56 q-Rceq:1.32 tex:14489 mv:6416 misc:1495 icu:2.50 pcu:777.75 scu:515.75 tlayer:3 pbqpoffset:4.70 pbfactor:1.72 avgQpOffsetCutree:-2.00;
in:225 out:229 type:b q:40.55 q-aq:41.00 q-noVbv:40.55 q-Rceq:1.32 tex:4 mv:1185 misc:467 icu:0.00 pcu:380.00 scu:916.00 tlayer:4 pbqpoffset:7.70 pbfactor:2.43 avgQpOffsetCutree:0.00;
in:227 out:230 type:b q:40.58 q-aq:41.00 q-noVbv:40.58 q-Rceq:1.32 tex:34 mv:1409 misc:605 icu:0.00 pcu:387.00 scu:909.00 tlayer:4 pbqpoffset:7.70 pbfactor:2.43 avgQpOffsetCutree:0.00;
in:230 out:231 type:B q:37.63 q-aq:35.94 q-noVbv:37.63 q-Rceq:1.32 tex:8305 mv:8022 misc:1873 icu:0.00 pcu:761.75 scu:534.25 tlayer:3 pbqpoffset:4.70 pbfactor:1.72 avgQpOffsetCutree:-1.68;
in:229 out:232 type:b q:40.61 q-aq:41.00 q-noVbv:40.61 q-Rceq:1.32 tex:76 mv:1503 misc:517 icu:0.00 pcu:435.50 scu:860.50 tlayer:4 pbqpoffset:7.70 pbfactor:2.43 avgQpOffsetCutree:0.00;
in:231 out:233 type:b q:40.65 q-aq:41.00 q-noVbv:40.65 q-Rceq:1.32 tex:37 mv:1546 misc:537 icu:0.00 pcu:443.00 scu:853.00 tlayer:4 pbqpoffset:7.70 pbfactor:2.43 avgQpOffsetCutree:0.00;
in:236 out:234 type:B q:37.00 q-aq:32.25 q-noVbv:37.00 q-Rceq:1.32 tex:52183 mv:14817 misc:2992 icu:36.25 pcu:882.00 scu:377.75 tlayer:2 pbqpoffset:3.98 pbfactor:1.58 avgQpOffsetCutree:-4.24;
in:234 out:235 type:B q:37.69 q-aq:36.41 q-noVbv:37.69 q-Rceq:1.32 tex:10532 mv:7658 misc:1730 icu:0.50 pcu:732.75 scu:562.75 tlayer:3 pbqpoffset:4.70 pbfactor:1.72 avgQpOffsetCutree:-1.66;
in:233 out:236 type:b q:40.68 q-aq:41.00 q-noVbv:40.68 q-Rceq:1.32 tex:81 mv:1650 misc:565 icu:0.00 pcu:439.75 scu:856.25 tlayer:4 pbqpoffset:7.70 pbfactor:2.43 avgQpOffsetCutree:0.00;
in:235 out:237 type:b q:40.71 q-aq:41.00 q-noVbv:40.71 q-Rceq:1.32 tex:79 mv:1452 misc:525 icu:0.00 pcu:481.25 scu:814.75 tlayer:4 pbqpoffset:7.70 pbfactor:2.43 avgQpOffsetCutree:0.00;
in:238 out:238 type:B q:37.76 q-aq:35.45 q-noVbv:37.76 q-Rceq:1.32 tex:14562 mv:6578 misc:2164 icu:1.75 pcu:615.75 scu:678.50 tlayer:3 pbqpoffset:4.70 pbfactor:1.72 avgQpOffsetCutree:-2.48;
in:237 out:239 type:b q:40.74 q-aq:41.00 q-noVbv:40.74 q-Rceq:1.32 tex:70 mv:1292 misc:550 icu:0.00 pcu:338.75 scu:957.25 tlayer:4 pbqpoffset:7.70 pbfactor:2.43 avgQpOffsetCutree:0.00;
in:239 out:240 type:b q:40.78 q-aq:41.00 q-noVbv:40.78 q-Rceq:1.32 tex:295 mv:1524 misc:669 icu:0.25 pcu:544.50 scu:751.25 tlayer:4 pbqpoffset:7.70 pbfactor:2.43 avgQpOffsetCutree:0.00;
in:256 out:241 type:k q:32.97 q-aq:27.54 q-noVbv:32.97 q-Rceq:1.32 tex:279689 mv:33054 misc:2145 icu:1135.75 pcu:158.00 scu:2.25 tlayer:0 pbqpoffset:1.62 pbfactor:1.21 avgQpOffsetCutree:-6.87;
in:248 out:242 type:B q:36.30 q-aq:29.72 q-noVbv:36.30 q-Rceq:1.32 tex:104937 mv:20258 misc:3885 icu:154.00 pcu:800.50 scu:341.50 tlayer:1 pbqpoffset:3.27 pbfactor:1.46 avgQpOffsetCutree:-5.80;
in:244 out:243 type:B q:37.75 q-aq:33.60 q-noVbv:37.75 q-Rceq:1.32 tex:30061 mv:11277 misc:2182 icu:1.25 pcu:846.00 scu:448.75 tlayer:2 pbqpoffset:4.69 pbfactor:1.72 avgQpOffsetCutree:-3.81;
in:242 out:244 type:B q:37.76 q-aq:35.67 q-noVbv:37.76 q-Rceq:1.32 tex:12927 mv:6360 misc:1401 icu:0.50 pcu:643.00 scu:652.50 tlayer:3 pbqpoffset:4.69 pbfactor:1.72 avgQpOffsetCutree:-1.75;
in:241 out:245 type:b q:40.77 q-aq:41.00 q-noVbv:40.77 q-Rceq:1.32 tex:7 mv:1322 misc:551 icu:0.00 pcu:414.50 scu:881.50 tlayer:4 pbqpoffset:7.69 pbfactor:2.43 avgQpOffsetCutree:0.00;
in:243 out:246 type:b q:40.76 q-aq:41.00 q-noVbv:40.76 q-Rceq:1.32 tex:5 mv:940 misc:447 icu:0.00 pcu:208.75 scu:1087.25 tlayer:4 pbqpoffset:7.69 pbfactor:2.43 avgQpOffsetCutree:0.00;
in:246 out:247 type:B q:37.74 q-aq:35.68 q-noVbv:37.74 q-Rceq:1.32 tex:10470 mv:7185 misc:1553 icu:0.00 pcu:771.75 scu:524.25 tlayer:3 pbqpoffset:4.69 pbfactor:1.72 avgQpOffsetCutree:-1.96;
in:245 out:248 type:b q:40.74 q-aq:41.00 q-noVbv:40.74 q-Rceq:1.32 tex:4 mv:1358 misc:494 icu:0.00 pcu:424.00 scu:872.00 tlayer:4 pbqpoffset:7.69 pbfactor:2.43 avgQpOffsetCutree:0.00;
in:247 out:249 type:b q:40.73 q-aq:41.00 q-noVbv:40.73 q-Rceq:1.32 tex:74 mv:1462 misc:536 icu:0.00 pcu:486.25 scu:809.75 tlayer:4 pbqpoffset:7.69 pbfactor:2.43 avgQpOffsetCutree:0.00;
in:252 out:250 type:B q:37.29 q-aq:32.55 q-noVbv:37.29 q-Rceq:1.32 tex:47034 mv:13202 misc:2876 icu:21.25 pcu:829.75 scu:445.00 tlayer:2 pbqpoffset:4.29 pbfactor:1.64 avgQpOffsetCutree:-4.18;
in:250 out:251 type:B q:37.71 q-aq:36.11 q-noVbv:37.71 q-Rceq:1.32 tex:10326 mv:6166 misc:1556 icu:1.00 pcu:750.75 scu:544.25 tlayer:3 pbqpoffset:4.69 pbfactor:1.72 avgQpOffsetCutree:-1.47;
in:249 out:252 type:b q:40.71 q-aq:41.00 q-noVbv:40.71 q-Rceq:1.32 tex:7 mv:1463 misc:538 icu:0.00 pcu:398.75 scu:897.25 tlayer:4 pbqpoffset:7.69 pbfactor:2.43 avgQpOffsetCutree:0.00;
in:251 out:253 type:b q:40.70 q-aq:41.00 q-noVbv:40.70 q-Rceq:1.32 tex:185 mv:1267 misc:540 icu:0.00 pcu:342.75 scu:953.25 tlayer:4 pbqpoffset:7.69 pbfactor:2.43 avgQpOffsetCutree:0.00;
in:254 out:254 type:B q:37.68 q-aq:35.01 q-noVbv:37.68 q-Rceq:1.32 tex:20082 mv:7421 misc:2521 icu:3.75 pcu:699.25 scu:593.00 tlayer:3 pbqpoffset:4.69 pbfactor:1.72 avgQpOffsetCutree:-2.55;
in:253 out:255 type:b q:40.69 q-aq:41.00 q-noVbv:40.69 q-Rceq:1.32 tex:129 mv:1287 misc:488 icu:0.00 pcu:409.00 scu:887.00 tlayer:4 pbqpoffset:7.69 pbfactor:2.43 avgQpOffsetCutree:0.00;
in:255 out:256 type:b q:40.67 q-aq:41.00 q-noVbv:40.67 q-Rceq:1.32 tex:1317 mv:1835 misc:792 icu:0.00 pcu:407.50 scu:888.50 tlayer:4 pbqpoffset:7.69 pbfactor:2.43 avgQpOffsetCutree:0.00;
in:272 out:257 type:k q:32.80 q-aq:27.33 q-noVbv:32.80 q-Rceq:1.32 tex:254692 mv:32541 misc:1959 icu:1207.75 pcu:87.50 scu:0.75 tlayer:0 pbqpoffset:1.69 pbfactor:1.22 avgQpOffsetCutree:-6.85;
in:264 out:258 type:B q:36.07 q-aq:29.20 q-noVbv:36.07 q-Rceq:1.32 tex:116024 mv:21563 misc:4045 icu:110.50 pcu:811.00 scu:374.50 tlayer:1 pbqpoffset:3.18 pbfactor:1.44 avgQpOffsetCutree:-5.97;
in:260 out:259 type:B q:37.61 q-aq:33.58 q-noVbv:37.61 q-Rceq:1.32 tex:35549 mv:11834 misc:2105 icu:4.25 pcu:831.75 scu:460.00 tlayer:2 pbqpoffset:4.68 pbfactor:1.72 avgQpOffsetCutree:-3.51;
in:258 out:260 type:B q:37.64 q-aq:36.66 q-noVbv:37.64 q-Rceq:1.32 tex:5976 mv:5701 misc:1395 icu:0.00 pcu:701.75 scu:594.25 tlayer:3 pbqpoffset:4.68 pbfactor:1.72 avgQpOffsetCutree:-1.60;
in:257 out:261 type:b q:40.65 q-aq:41.00 q-noVbv:40.65 q-Rceq:1.32 tex:2 mv:1038 misc:480 icu:0.00 pcu:263.00 scu:1033.00 tlayer:4 pbqpoffset:7.68 pbfactor:2.43 avgQpOffsetCutree:0.00;
in:259 out:262 type:b q:40.62 q-aq:41.00 q-noVbv:40.62 q-Rceq:1.32 tex:3 mv:1488 misc:525 icu:0.00 pcu:349.00 scu:947.00 tlayer:4 pbqpoffset:7.68 pbfactor:2.43 avgQpOffsetCutree:0.00;
in:262 out:263 type:B q:37.59 q-aq:35.53 q-noVbv:37.59 q-Rceq:1.32 tex:9191 mv:7119 misc:1546 icu:0.00 pcu:634.25 scu:661.75 tlayer:3 pbqpoffset:4.68 pbfactor:1.72 avgQpOffsetCutree:-1.76;
in:261 out:264 type:b q:40.60 q-aq:41.00 q-noVbv:40.60 q-Rceq:1.32 tex:71 mv:1406 misc:547 icu:0.00 pcu:430.25 scu:865.75 tlayer:4 pbqpoffset:7.68 pbfactor:2.43 avgQpOffsetCutree:0.00;
in:263 out:265 type:b q:40.58 q-aq:41.00 q-noVbv:40.58 q-Rceq:1.32 tex:4 mv:1211 misc:537 icu:0.00 pcu:374.50 scu:921.50 tlayer:4 pbqpoffset:7.68 pbfactor:2.43 avgQpOffsetCutree:0.00;
in:268 out:266 type:B q:37.32 q-aq:32.53 q-noVbv:37.32 q-Rceq:1.32 tex:48381 mv:12675 misc:3128 icu:22.00 pcu:848.75 scu:425.25 tlayer:2 pbqpoffset:4.48 pbfactor:1.68 avgQpOffsetCutree:-4.23;
in:266 out:267 type:B q:37.55 q-aq:36.05 q-noVbv:37.55 q-Rceq:1.32 tex:10996 mv:7165 misc:1687 icu:1.50 pcu:727.25 scu:567.25 tlayer:3 pbqpoffset:4.68 pbfactor:1.72 avgQpOffsetCutree:-1.77;
in:265 out:268 type:b q:40.56 q-aq:41.00 q-noVbv:40.56 q-Rceq:1.32 tex:78 mv:1314 misc:512 icu:0.00 pcu:424.25 scu:871.75 tlayer:4 pbqpoffset:7.68 pbfactor:2.43 avgQpOffsetCutree:0.00;
in:267 out:269 type:b q:40.54 q-aq:41.00 q-noVbv:40.54 q-Rceq:1.32 tex:97 mv:1484 misc:563 icu:0.00 pcu:415.75 scu:880.25 tlayer:4 pbqpoffset:7.68 pbfactor:2.43 avgQpOffsetCutree:0.00;
in:270 out:270 type:B q:37.50 q-aq:35.03 q-noVbv:37.50 q-Rceq:1.32 tex:19069 mv:7793 misc:2162 icu:2.75 pcu:794.00 scu:499.25 tlayer:3 pbqpoffset:4.68 pbfactor:1.72 avgQpOffsetCutree:-2.45;
in:269 out:271 type:b q:40.51 q-aq:41.00 q-noVbv:40.51 q-Rceq:1.32 tex:236 mv:1513 misc:491 icu:0.00 pcu:412.00 scu:884.00 tlayer:4 pbqpoffset:7.68 pbfactor:2.43 avgQpOffsetCutree:0.00;
in:271 out:272 type:b q:40.49 q-aq:40.51 q-noVbv:40.49 q-Rceq:1.32 tex:332 mv:1717 misc:775 icu:0.00 pcu:439.75 scu:856.25 tlayer:4 pbqpoffset:7.68 pbfactor:2.43 avgQpOffsetCutree:0.00;
in:288 out:273 type:k q:33.06 q-aq:27.65 q-noVbv:33.06 q-Rceq:1.32 tex:261526 mv:31522 misc:1968 icu:1193.75 pcu:101.25 scu:1.00 tlayer:0 pbqpoffset:1.70 pbfactor:1.22 avgQpOffsetCutree:-6.90;
in:280 out:274 type:B q:36.10 q-aq:29.79 q-noVbv:36.10 q-Rceq:1.32 tex:119700 mv:19942 misc:3662 icu:141.25 pcu:838.75 scu:316.00 tlayer:1 pbqpoffset:3.17 pbfactor:1.44 avgQpOffsetCutree:-5.62;
in:276 out:275 type:B q:37.55 q-aq:32.91 q-noVbv:37.55 q-Rceq:1.32 tex:40148 mv:12713 misc:2107 icu:3.75 pcu:882.50 scu:409.75 tlayer:2 pbqpoffset:4.69 pbfactor:1.72 avgQpOffsetCutree:-4.09;
in:274 out:276 type:B q:37.52 q-aq:36.03 q-noVbv:37.52 q-Rceq:1.32 tex:16203 mv:6005 misc:1456 icu:0.00 pcu:587.00 scu:709.00 tlayer:3 pbqpoffset:4.69 pbfactor:1.72 avgQpOffsetCutree:-1.72;
in:273 out:277 type:b q:40.50 q-aq:41.00 q-noVbv:40.50 q-Rceq:1.32 tex:6 mv:1293 misc:565 icu:0.00 pcu:450.75 scu:845.25 tlayer:4 pbqpoffset:7.69 pbfactor:2.43 avgQpOffsetCutree:0.00;
in:275 out:278 type:b q:40.54 q-aq:41.00 q-noVbv:40.54 q-Rceq:1.32 tex:65 mv:1017 misc:406 icu:0.00 pcu:327.00 scu:969.00 tlayer:4 pbqpoffset:7.69 pbfactor:2.43 avgQpOffsetCutree:0.00;
in:278 out:279 type:B q:37.58 q-aq:35.73 q-noVbv:37.58 q-Rceq:1.32 tex:9896 mv:7237 misc:1539 icu:0.50 pcu:684.50 scu:611.00 tlayer:3 pbqpoffset:4.69 pbfactor:1.72 avgQpOffsetCutree:-2.04;
in:277 out:280 type:b q:40.57 q-aq:41.00 q-noVbv:40.57 q-Rceq:1.32 tex:60 mv:1054 misc:486 icu:0.00 pcu:362.00 scu:934.00 tlayer:4 pbqpoffset:7.69 pbfactor:2.43 avgQpOffsetCutree:0.00;
in:279 out:281 type:b q:40.60 q-aq:41.00 q-noVbv:40.60 q-Rceq:1.32 tex:35 mv:1384 misc:501 icu:0.00 pcu:401.50 scu:894.50 tlayer:4 pbqpoffset:7.69 pbfactor:2.43 avgQpOffsetCutree:0.00;
in:284 out:282 type:B q:37.11 q-aq:32.51 q-noVbv:37.11 q-Rceq:1.32 tex:48724 mv:13318 misc:3062 icu:25.75 pcu:830.50 scu:439.75 tlayer:2 pbqpoffset:4.12 pbfactor:1.61 avgQpOffsetCutree:-3.99;
in:282 out:283 type:B q:37.65 q-aq:35.81 q-noVbv:37.65 q-Rceq:1.32 tex:8684 mv:6674 misc:1626 icu:0.50 pcu:745.00 scu:550.50 tlayer:3 pbqpoffset:4.69 pbfactor:1.72 avgQpOffsetCutree:-1.67;
in:281 out:284 type:b q:40.63 q-aq:41.00 q-noVbv:40.63 q-Rceq:1.32 tex:23 mv:1305 misc:544 icu:0.00 pcu:367.50 scu:928.50 tlayer:4 pbqpoffset:7.69 pbfactor:2.43 avgQpOffsetCutree:0.00;
in:283 out:285 type:b q:40.67 q-aq:41.00 q-noVbv:40.67 q-Rceq:1.32 tex:4 mv:1557 misc:567 icu:0.00 pcu:449.00 scu:847.00 tlayer:4 pbqpoffset:7.69 pbfactor:2.43 avgQpOffsetCutree:0.00;
in:286 out:286 type:B q:37.72 q-aq:35.00 q-noVbv:37.72 q-Rceq:1.32 tex:24470 mv:7765 misc:2381 icu:3.75 pcu:754.50 scu:537.75 tlayer:3 pbqpoffset:4.69 pbfactor:1.72 avgQpOffsetCutree:-2.56;
in:285 out:287 type:b q:40.70 q-aq:41.00 q-noVbv:40.70 q-Rceq:1.32 tex:23 mv:1386 misc:511 icu:0.00 pcu:443.00 scu:853.00 tlayer:4 pbqpoffset:7.69 pbfactor:2.43 avgQpOffsetCutree:0.00;
in:287 out:288 type:b q:40.10 q-aq:40.00 q-noVbv:40.10 q-Rceq:1.32 tex:6281 mv:3622 misc:1249 icu:0.00 pcu:609.75 scu:686.25 tlayer:4 pbqpoffset:7.06 pbfactor:2.26 avgQpOffsetCutree:0.00;
in:304 out:289 type:k q:33.23 q-aq:27.77 q-noVbv:33.23 q-Rceq:1.32 tex:276245 mv:31076 misc:1863 icu:1187.25 pcu:108.75 scu:0.00 tlayer:0 pbqpoffset:1.67 pbfactor:1.21 avgQpOffsetCutree:-6.93;
in:296 out:290 type:B q:36.27 q-aq:29.73 q-noVbv:36.27 q-Rceq:1.32 tex:128002 mv:20860 misc:3658 icu:202.00 pcu:832.50 scu:261.50 tlayer:1 pbqpoffset:3.13 pbfactor:1.44 avgQpOffsetCutree:-5.75;
in:292 out:291 type:B q:37.81 q-aq:33.90 q-noVbv:37.81 q-Rceq:1.32 tex:29433 mv:10784 misc:2223 icu:4.25 pcu:836.50 scu:455.25 tlayer:2 pbqpoffset:4.71 pbfactor:1.72 avgQpOffsetCutree:-3.40;
in:290 out:292 type:B q:37.79 q-aq:36.16 q-noVbv:37.79 q-Rceq:1.32 tex:9285 mv:4853 misc:1286 icu:0.25 pcu:742.00 scu:553.75 tlayer:3 pbqpoffset:4.71 pbfactor:1.72 avgQpOffsetCutree:-1.67;
in:289 out:293 type:b q:40.78 q-aq:41.00 q-noVbv:40.78 q-Rceq:1.32 tex:5 mv:1021 misc:478 icu:0.00 pcu:287.00 scu:1009.00 tlayer:4 pbqpoffset:7.71 pbfactor:2.44 avgQpOffsetCutree:0.00;
in:291 out:294 type:b q:40.80 q-aq:41.00 q-noVbv:40.80 q-Rceq:1.32 tex:58 mv:850 misc:476 icu:0.00 pcu:241.00 scu:1055.00 tlayer:4 pbqpoffset:7.71 pbfactor:2.44 avgQpOffsetCutree:0.00;
in:294 out:295 type:B q:37.83 q-aq:36.52 q-noVbv:37.83 q-Rceq:1.32 tex:10000 mv:7178 misc:1486 icu:0.25 pcu:702.50 scu:593.25 tlayer:3 pbqpoffset:4.71 pbfactor:1.72 avgQpOffsetCutree:-1.62;
in:293 out:296 type:b q:40.82 q-aq:41.00 q-noVbv:40.82 q-Rceq:1.32 tex:3 mv:1293 misc:536 icu:0.00 pcu:349.00 scu:947.00 tlayer:4 pbqpoffset:7.71 pbfactor:2.44 avgQpOffsetCutree:0.00;
in:295 out:297 type:b q:40.84 q-aq:41.00 q-noVbv:40.84 q-Rceq:1.32 tex:4 mv:1354 misc:506 icu:0.00 pcu:412.00 scu:884.00 tlayer:4 pbqpoffset:7.71 pbfactor:2.44 avgQpOffsetCutree:0.00;
in:300 out:298 type:B q:37.52 q-aq:32.70 q-noVbv:37.52 q-Rceq:1.32 tex:49995 mv:13132 misc:3065 icu:30.50 pcu:925.25 scu:340.25 tlayer:2 pbqpoffset:4.33 pbfactor:1.65 avgQpOffsetCutree:-4.18;
in:298 out:299 type:B q:37.87 q-aq:36.17 q-noVbv:37.87 q-Rceq:1.32 tex:12232 mv:7056 misc:1728 icu:0.75 pcu:702.75 scu:592.50 tlayer:3 pbqpoffset:4.71 pbfactor:1.72 avgQpOffsetCutree:-1.66;
in:297 out:300 type:b q:40.86 q-aq:41.00 q-noVbv:40.86 q-Rceq:1.32 tex:6 mv:1600 misc:594 icu:0.25 pcu:449.50 scu:846.25 tlayer:4 pbqpoffset:7.71 pbfactor:2.44 avgQpOffsetCutree:0.00;
in:299 out:301 type:b q:40.88 q-aq:41.00 q-noVbv:40.88 q-Rceq:1.32 tex:5 mv:1571 misc:536 icu:0.00 pcu:459.50 scu:836.50 tlayer:4 pbqpoffset:7.71 pbfactor:2.44 avgQpOffsetCutree:0.00;
in:302 out:302 type:B q:37.91 q-aq:35.37 q-noVbv:37.91 q-Rceq:1.32 tex:20605 mv:7597 misc:2318 icu:7.50 pcu:641.50 scu:647.00 tlayer:3 pbqpoffset:4.71 pbfactor:1.72 avgQpOffsetCutree:-2.22;
in:301 out:303 type:b q:40.90 q-aq:41.00 q-noVbv:40.90 q-Rceq:1.32 tex:128 mv:1466 misc:598 icu:0.25 pcu:344.50 scu:951.25 tlayer:4 pbqpoffset:7.71 pbfactor:2.44 avgQpOffsetCutree:0.00;
in:303 out:304 type:b q:40.92 q-aq:41.00 q-noVbv:40.92 q-Rceq:1.32 tex:189 mv:1355 misc:680 icu:0.00 pcu:393.00 scu:903.00 tlayer:4 pbqpoffset:7.71 pbfactor:2.44 avgQpOffsetCutree:0.00;
in:320 out:305 type:k q:33.11 q-aq:27.46 q-noVbv:33.11 q-Rceq:1.32 tex:277646 mv:32855 misc:1915 icu:1155.00 pcu:141.00 scu:0.00 tlayer:0 pbqpoffset:1.72 pbfactor:1.22 avgQpOffsetCutree:-7.02;
in:312 out:306 type:B q:36.43 q-aq:29.66 q-noVbv:36.43 q-Rceq:1.32 tex:118684 mv:21394 misc:3978 icu:154.00 pcu:827.25 scu:314.75 tlayer:1 pbqpoffset:3.26 pbfactor:1.46 avgQpOffsetCutree:-5.89;
in:308 out:307 type:B q:37.89 q-aq:34.42 q-noVbv:37.89 q-Rceq:1.32 tex:27134 mv:9968 misc:1994 icu:3.50 pcu:792.25 scu:500.25 tlayer:2 pbqpoffset:4.69 pbfactor:1.72 avgQpOffsetCutree:-2.98;
in:306 out:308 type:B q:37.90 q-aq:36.41 q-noVbv:37.90 q-Rceq:1.32 tex:10134 mv:5185 misc:1393 icu:1.00 pcu:679.00 scu:616.00 tlayer:3 pbqpoffset:4.69 pbfactor:1.72 avgQpOffsetCutree:-1.79;
in:305 out:309 type:b q:40.91 q-aq:41.00 q-noVbv:40.91 q-Rceq:1.32 tex:38 mv:1064 misc:602 icu:0.00 pcu:291.25 scu:1004.75 tlayer:4 pbqpoffset:7.69 pbfactor:2.43 avgQpOffsetCutree:0.00;
in:307 out:310 type:b q:40.90 q-aq:41.00 q-noVbv:40.90 q-Rceq:1.32 tex:126 mv:1026 misc:496 icu:0.00 pcu:294.25 scu:1001.75 tlayer:4 pbqpoffset:7.69 pbfactor:2.43 avgQpOffsetCutree:0.00;
in:310 out:311 type:B q:37.87 q-aq:35.89 q-noVbv:37.87 q-Rceq:1.32 tex:7332 mv:6858 misc:1578 icu:1.25 pcu:720.50 scu:574.25 tlayer:3 pbqpoffset:4.69 pbfactor:1.72 avgQpOffsetCutree:-1.77;
in:309 out:312 type:b q:40.88 q-aq:41.00 q-noVbv:40.88 q-Rceq:1.32 tex:58 mv:1396 misc:586 icu:0.00 pcu:397.50 scu:898.50 tlayer:4 pbqpoffset:7.69 pbfactor:2.43 avgQpOffsetCutree:0.00;
in:311 out:313 type:b q:40.87 q-aq:41.00 q-noVbv:40.87 q-Rceq:1.32 tex:5 mv:1403 misc:560 icu:0.00 pcu:329.75 scu:966.25 tlayer:4 pbqpoffset:7.69 pbfactor:2.43 avgQpOffsetCutree:0.00;
in:316 out:314 type:B q:37.18 q-aq:32.21 q-noVbv:37.18 q-Rceq:1.32 tex:45398 mv:13979 misc:3255 icu:22.75 pcu:901.50 scu:371.75 tlayer:2 pbqpoffset:4.04 pbfactor:1.59 avgQpOffsetCutree:-4.26;
in:314 out:315 type:B q:37.84 q-aq:36.31 q-noVbv:37.84 q-Rceq:1.32 tex:8001 mv:6799 misc:1664 icu:0.50 pcu:794.00 scu:501.50 tlayer:3 pbqpoffset:4.69 pbfactor:1.72 avgQpOffsetCutree:-1.35;
in:313 out:316 type:b q:40.85 q-aq:41.00 q-noVbv:40.85 q-Rceq:1.32 tex:94 mv:1305 misc:537 icu:0.00 pcu:334.50 scu:961.50 tlayer:4 pbqpoffset:7.69 pbfactor:2.43 avgQpOffsetCutree:0.00;
in:315 out:317 type:b q:40.84 q-aq:41.00 q-noVbv:40.84 q-Rceq:1.32 tex:12 mv:1614 misc:614 icu:0.00 pcu:423.75 scu:872.25 tlayer:4 pbqpoffset:7.69 pbfactor:2.43 avgQpOffsetCutree:0.00;
in:318 out:318 type:B q:37.81 q-aq:35.04 q-noVbv:37.81 q-Rceq:1.32 tex:12296 mv:5630 misc:2210 icu:3.75 pcu:658.75 scu:633.50 tlayer:3 pbqpoffset:4.69 pbfactor:1.72 avgQpOffsetCutree:-2.48;
in:317 out:319 type:b q:40.82 q-aq:41.00 q-noVbv:40.82 q-Rceq:1.32 tex:2 mv:1245 misc:513 icu:0.00 pcu:256.50 scu:1039.50 tlayer:4 pbqpoffset:7.69 pbfactor:2.43 avgQpOffsetCutree:0.00;
in:319 out:320 type:b q:40.81 q-aq:41.00 q-noVbv:40.81 q-Rceq:1.32 tex:484 mv:1513 misc:715 icu:0.00 pcu:468.50 scu:827.50 tlayer:4 pbqpoffset:7.69 pbfactor:2.43 avgQpOffsetCutree:0.00;
in:336 out:321 type:k q:32.80 q-aq:27.14 q-noVbv:32.80 q-Rceq:1.32 tex:308695 mv:31405 misc:2124 icu:1039.75 pcu:255.00 scu:1.25 tlayer:0 pbqpoffset:1.72 pbfactor:1.22 avgQpOffsetCutree:-7.22;
in:328 out:322 type:B q:36.74 q-aq:29.80 q-noVbv:36.74 q-Rceq:1.32 tex:93913 mv:19929 misc:3822 icu:106.00 pcu:848.50 scu:341.50 tlayer:1 pbqpoffset:3.79 pbfactor:1.55 avgQpOffsetCutree:-5.91;
in:324 out:323 type:B q:37.74 q-aq:33.52 q-noVbv:37.74 q-Rceq:1.32 tex:28376 mv:11653 misc:1867 icu:3.00 pcu:852.00 scu:441.00 tlayer:2 pbqpoffset:4.71 pbfactor:1.72 avgQpOffsetCutree:-3.63;
in:322 out:324 type:B q:37.78 q-aq:36.37 q-noVbv:37.78 q-Rceq:1.32 tex:9836 mv:5025 misc:1219 icu:0.25 pcu:635.00 scu:660.75 tlayer:3 pbqpoffset:4.71 pbfactor:1.72 avgQpOffsetCutree:-1.40;
in:321 out:325 type:b q:40.80 q-aq:41.00 q-noVbv:40.80 q-Rceq:1.32 tex:23 mv:1084 misc:517 icu:0.00 pcu:273.75 scu:1022.25 tlayer:4 pbqpoffset:7.71 pbfactor:2.44 avgQpOffsetCutree:0.00;
in:323 out:326 type:b q:40.76 q-aq:41.00 q-noVbv:40.76 q-Rceq:1.32 tex:29 mv:1163 misc:456 icu:0.25 pcu:299.75 scu:996.00 tlayer:4 pbqpoffset:7.71 pbfactor:2.44 avgQpOffsetCutree:0.00;
in:326 out:327 type:B q:37.70 q-aq:36.12 q-noVbv:37.70 q-Rceq:1.32 tex:5765 mv:5769 misc:1498 icu:0.25 pcu:717.00 scu:578.75 tlayer:3 pbqpoffset:4.71 pbfactor:1.72 avgQpOffsetCutree:-1.73;
in:325 out:328 type:b q:40.70 q-aq:41.00 q-noVbv:40.70 q-Rceq:1.32 tex:4 mv:970 misc:474 icu:0.00 pcu:391.00 scu:905.00 tlayer:4 pbqpoffset:7.69 pbfactor:2.43 avgQpOffsetCutree:0.00;
in:327 out:329 type:b q:40.67 q-aq:41.00 q-noVbv:40.67 q-Rceq:1.32 tex:3 mv:1173 misc:464 icu:0.00 pcu:373.00 scu:923.00 tlayer:4 pbqpoffset:7.70 pbfactor:2.43 avgQpOffsetCutree:0.00;
in:332 out:330 type:B q:37.09 q-aq:32.01 q-noVbv:37.09 q-Rceq:1.32 tex:48252 mv:13256 misc:3092 icu:20.25 pcu:880.00 scu:395.75 tlayer:2 pbqpoffset:4.22 pbfactor:1.63 avgQpOffsetCutree:-4.38;
in:330 out:331 type:B q:37.62 q-aq:36.28 q-noVbv:37.62 q-Rceq:1.32 tex:9835 mv:6875 misc:1570 icu:1.00 pcu:858.75 scu:436.25 tlayer:3 pbqpoffset:4.71 pbfactor:1.72 avgQpOffsetCutree:-1.79;
in:329 out:332 type:b q:40.63 q-aq:41.00 q-noVbv:40.63 q-Rceq:1.32 tex:3 mv:1402 misc:515 icu:0.00 pcu:410.00 scu:886.00 tlayer:4 pbqpoffset:7.70 pbfactor:2.43 avgQpOffsetCutree:0.00;
in:331 out:333 type:b q:40.60 q-aq:41.00 q-noVbv:40.60 q-Rceq:1.32 tex:6 mv:1261 misc:477 icu:0.00 pcu:395.00 scu:901.00 tlayer:4 pbqpoffset:7.71 pbfactor:2.44 avgQpOffsetCutree:0.00;
in:334 out:334 type:B q:37.54 q-aq:35.10 q-noVbv:37.54 q-Rceq:1.32 tex:18749 mv:7121 misc:2202 icu:1.25 pcu:723.00 scu:571.75 tlayer:3 pbqpoffset:4.71 pbfactor:1.72 avgQpOffsetCutree:-2.27;
in:333 out:335 type:b q:40.55 q-aq:41.00 q-noVbv:40.55 q-Rceq:1.32 tex:3 mv:1103 misc:462 icu:0.00 pcu:353.00 scu:943.00 tlayer:4 pbqpoffset:7.70 pbfactor:2.43 avgQpOffsetCutree:0.00;
in:335 out:336 type:b q:39.72 q-aq:40.00 q-noVbv:39.72 q-Rceq:1.32 tex:3562 mv:2251 misc:1051 icu:0.25 pcu:456.50 scu:839.25 tlayer:4 pbqpoffset:6.91 pbfactor:2.22 avgQpOffsetCutree:0.00;
in:352 out:337 type:k q:32.84 q-aq:27.09 q-noVbv:32.84 q-Rceq:1.32 tex:316689 mv:31926 misc:1873 icu:1093.50 pcu:198.00 scu:4.50 tlayer:0 pbqpoffset:1.69 pbfactor:1.22 avgQpOffsetCutree:-7.41;
in:344 out:338 type:B q:36.35 q-aq:29.13 q-noVbv:36.35 q-Rceq:1.32 tex:137458 mv:20410 misc:3308 icu:54.00 pcu:1109.75 scu:132.25 tlayer:1 pbqpoffset:3.53 pbfactor:1.50 avgQpOffsetCutree:-6.15;
in:340 out:339 type:B q:37.56 q-aq:33.49 q-noVbv:37.56 q-Rceq:1.32 tex:27130 mv:10942 misc:2224 icu:0.50 pcu:942.00 scu:353.50 tlayer:2 pbqpoffset:4.75 pbfactor:1.73 avgQpOffsetCutree:-3.64;
in:338 out:340 type:B q:37.55 q-aq:36.06 q-noVbv:37.55 q-Rceq:1.32 tex:3185 mv:4612 misc:1219 icu:0.00 pcu:811.00 scu:485.00 tlayer:3 pbqpoffset:4.75 pbfactor:1.73 avgQpOffsetCutree:-1.75;
in:337 out:341 type:b q:40.55 q-aq:41.00 q-noVbv:40.55 q-Rceq:1.32 tex:2 mv:870 misc:440 icu:0.00 pcu:247.00 scu:1049.00 tlayer:4 pbqpoffset:7.75 pbfactor:2.45 avgQpOffsetCutree:0.00;
in:339 out:342 type:b q:40.56 q-aq:41.00 q-noVbv:40.56 q-Rceq:1.32 tex:4 mv:1274 misc:442 icu:0.00 pcu:392.00 scu:904.00 tlayer:4 pbqpoffset:7.75 pbfactor:2.45 avgQpOffsetCutree:0.00;
in:342 out:343 type:B q:37.57 q-aq:36.83 q-noVbv:37.57 q-Rceq:1.32 tex:7661 mv:5835 misc:1424 icu:0.00 pcu:758.25 scu:537.75 tlayer:3 pbqpoffset:4.75 pbfactor:1.73 avgQpOffsetCutree:-1.38;
in:341 out:344 type:b q:40.48 q-aq:40.00 q-noVbv:40.48 q-Rceq:1.32 tex:127 mv:1343 misc:490 icu:0.00 pcu:425.00 scu:871.00 tlayer:4 pbqpoffset:7.67 pbfactor:2.43 avgQpOffsetCutree:0.00;
in:343 out:345 type:b q:40.51 q-aq:41.00 q-noVbv:40.51 q-Rceq:1.32 tex:4 mv:1161 misc:491 icu:0.00 pcu:402.00 scu:894.00 tlayer:4 pbqpoffset:7.69 pbfactor:2.43 avgQpOffsetCutree:0.00;
in:348 out:346 type:B q:37.58 q-aq:32.34 q-noVbv:37.58 q-Rceq:1.32 tex:29330 mv:9920 misc:2734 icu:2.00 pcu:952.75 scu:341.25 tlayer:2 pbqpoffset:4.75 pbfactor:1.73 avgQpOffsetCutree:-4.42;
in:346 out:347 type:B q:37.58 q-aq:37.03 q-noVbv:37.58 q-Rceq:1.32 tex:2672 mv:3593 misc:1159 icu:0.00 pcu:648.50 scu:647.50 tlayer:3 pbqpoffset:4.75 pbfactor:1.73 avgQpOffsetCutree:-1.18;
in:345 out:348 type:b q:40.52 q-aq:41.00 q-noVbv:40.52 q-Rceq:1.32 tex:3 mv:1075 misc:482 icu:0.00 pcu:394.00 scu:902.00 tlayer:4 pbqpoffset:7.70 pbfactor:2.43 avgQpOffsetCutree:0.00;
in:347 out:349 type:b q:40.46 q-aq:40.00 q-noVbv:40.46 q-Rceq:1.32 tex:23 mv:931 misc:446 icu:0.00 pcu:284.00 scu:1012.00 tlayer:4 pbqpoffset:7.63 pbfactor:2.41 avgQpOffsetCutree:0.00;
in:350 out:350 type:B q:37.59 q-aq:35.18 q-noVbv:37.59 q-Rceq:1.32 tex:18728 mv:6422 misc:2066 icu:2.00 pcu:788.75 scu:505.25 tlayer:3 pbqpoffset:4.75 pbfactor:1.73 avgQpOffsetCutree:-2.08;
in:349 out:351 type:b q:40.56 q-aq:41.00 q-noVbv:40.56 q-Rceq:1.32 tex:6 mv:1178 misc:424 icu:0.00 pcu:350.00 scu:946.00 tlayer:4 pbqpoffset:7.72 pbfactor:2.44 avgQpOffsetCutree:0.00;
in:351 out:352 type:b q:39.18 q-aq:39.00 q-noVbv:39.18 q-Rceq:1.32 tex:4224 mv:2316 misc:1084 icu:0.00 pcu:504.00 scu:792.00 tlayer:4 pbqpoffset:6.34 pbfactor:2.08 avgQpOffsetCutree:0.00;
in:368 out:353 type:k q:32.80 q-aq:26.64 q-noVbv:32.80 q-Rceq:1.32 tex:362501 mv:32489 misc:2074 icu:819.25 pcu:471.25 scu:5.50 tlayer:0 pbqpoffset:1.69 pbfactor:1.22 avgQpOffsetCutree:-7.80;
in:360 out:354 type:B q:36.63 q-aq:29.48 q-noVbv:36.63 q-Rceq:1.32 tex:133107 mv:18102 misc:3247 icu:13.00 pcu:1125.75 scu:157.25 tlayer:1 pbqpoffset:3.81 pbfactor:1.55 avgQpOffsetCutree:-5.97;
in:356 out:355 type:B q:37.56 q-aq:32.79 q-noVbv:37.56 q-Rceq:1.32 tex:24801 mv:9917 misc:2050 icu:0.50 pcu:952.75 scu:342.75 tlayer:2 pbqpoffset:4.73 pbfactor:1.73 avgQpOffsetCutree:-3.91;
in:354 out:356 type:B q:37.57 q-aq:36.17 q-noVbv:37.57 q-Rceq:1.32 tex:2103 mv:3117 misc:804 icu:0.00 pcu:664.50 scu:631.50 tlayer:3 pbqpoffset:4.73 pbfactor:1.73 avgQpOffsetCutree:-1.34;
in:353 out:357 type:b q:40.57 q-aq:41.00 q-noVbv:40.57 q-Rceq:1.32 tex:4 mv:1140 misc:496 icu:0.00 pcu:292.00 scu:1004.00 tlayer:4 pbqpoffset:7.73 pbfactor:2.44 avgQpOffsetCutree:0.00;
in:355 out:358 type:b q:40.57 q-aq:41.00 q-noVbv:40.57 q-Rceq:1.32 tex:4 mv:1101 misc:495 icu:0.00 pcu:312.00 scu:984.00 tlayer:4 pbqpoffset:7.73 pbfactor:2.44 avgQpOffsetCutree:0.00;
in:358 out:359 type:B q:37.56 q-aq:35.11 q-noVbv:37.56 q-Rceq:1.32 tex:6463 mv:5796 misc:1693 icu:0.00 pcu:724.75 scu:571.25 tlayer:3 pbqpoffset:4.73 pbfactor:1.73 avgQpOffsetCutree:-2.17;
in:357 out:360 type:b q:40.56 q-aq:41.00 q-noVbv:40.56 q-Rceq:1.32 tex:6 mv:1055 misc:443 icu:0.00 pcu:325.00 scu:971.00 tlayer:4 pbqpoffset:7.73 pbfactor:2.44 avgQpOffsetCutree:0.00;
in:359 out:361 type:b q:40.56 q-aq:41.00 q-noVbv:40.56 q-Rceq:1.32 tex:5 mv:1326 misc:509 icu:0.00 pcu:446.00 scu:850.00 tlayer:4 pbqpoffset:7.73 pbfactor:2.44 avgQpOffsetCutree:0.00;
in:364 out:362 type:B q:37.54 q-aq:32.27 q-noVbv:37.54 q-Rceq:1.32 tex:26332 mv:7204 misc:3000 icu:4.00 pcu:831.50 scu:460.50 tlayer:2 pbqpoffset:4.73 pbfactor:1.73 avgQpOffsetCutree:-4.28;
in:362 out:363 type:B q:37.55 q-aq:36.47 q-noVbv:37.55 q-Rceq:1.32 tex:509 mv:2850 misc:785 icu:0.00 pcu:693.25 scu:602.75 tlayer:3 pbqpoffset:4.73 pbfactor:1.73 avgQpOffsetCutree:-1.62;
in:361 out:364 type:b q:40.55 q-aq:41.00 q-noVbv:40.55 q-Rceq:1.32 tex:3 mv:836 misc:465 icu:0.00 pcu:306.00 scu:990.00 tlayer:4 pbqpoffset:7.73 pbfactor:2.44 avgQpOffsetCutree:0.00;
in:363 out:365 type:b q:40.54 q-aq:41.00 q-noVbv:40.54 q-Rceq:1.32 tex:4 mv:976 misc:476 icu:0.00 pcu:324.00 scu:972.00 tlayer:4 pbqpoffset:7.73 pbfactor:2.44 avgQpOffsetCutree:0.00;
in:366 out:366 type:B q:37.54 q-aq:34.21 q-noVbv:37.54 q-Rceq:1.32 tex:25462 mv:5103 misc:2235 icu:2.00 pcu:653.50 scu:640.50 tlayer:3 pbqpoffset:4.73 pbfactor:1.73 avgQpOffsetCutree:-2.90;
in:365 out:367 type:b q:40.22 q-aq:40.00 q-noVbv:40.22 q-Rceq:1.32 tex:2 mv:429 misc:345 icu:0.00 pcu:115.00 scu:1181.00 tlayer:4 pbqpoffset:7.41 pbfactor:2.35 avgQpOffsetCutree:0.00;
in:367 out:368 type:b q:40.53 q-aq:41.00 q-noVbv:40.53 q-Rceq:1.32 tex:3 mv:983 misc:582 icu:0.00 pcu:315.00 scu:981.00 tlayer:4 pbqpoffset:7.73 pbfactor:2.44 avgQpOffsetCutree:0.00;
in:384 out:369 type:k q:32.13 q-aq:25.46 q-noVbv:32.13 q-Rceq:1.32 tex:408845 mv:31309 misc:2014 icu:749.75 pcu:541.25 scu:5.00 tlayer:0 pbqpoffset:1.67 pbfactor:1.21 avgQpOffsetCutree:-8.09;
in:376 out:370 type:B q:35.92 q-aq:28.10 q-noVbv:35.92 q-Rceq:1.32 tex:114261 mv:12387 misc:3592 icu:5.25 pcu:973.50 scu:317.25 tlayer:1 pbqpoffset:3.46 pbfactor:1.49 avgQpOffsetCutree:-6.64;
in:372 out:371 type:B q:37.25 q-aq:32.06 q-noVbv:37.25 q-Rceq:1.32 tex:20534 mv:7883 misc:2063 icu:0.00 pcu:866.50 scu:429.50 tlayer:2 pbqpoffset:4.62 pbfactor:1.70 avgQpOffsetCutree:-4.26;
in:370 out:372 type:B q:37.33 q-aq:35.47 q-noVbv:37.33 q-Rceq:1.32 tex:920 mv:2064 misc:920 icu:0.00 pcu:526.00 scu:770.00 tlayer:3 pbqpoffset:4.62 pbfactor:1.70 avgQpOffsetCutree:-1.87;
in:369 out:373 type:b q:40.15 q-aq:40.00 q-noVbv:40.15 q-Rceq:1.32 tex:3 mv:558 misc:423 icu:0.00 pcu:248.00 scu:1048.00 tlayer:4 pbqpoffset:7.39 pbfactor:2.35 avgQpOffsetCutree:0.00;
in:371 out:374 type:b q:40.27 q-aq:40.00 q-noVbv:40.27 q-Rceq:1.32 tex:6 mv:946 misc:456 icu:0.00 pcu:342.00 scu:954.00 tlayer:4 pbqpoffset:7.60 pbfactor:2.41 avgQpOffsetCutree:0.00;
in:374 out:375 type:B q:37.17 q-aq:37.00 q-noVbv:37.17 q-Rceq:1.32 tex:66 mv:1037 misc:545 icu:0.00 pcu:304.00 scu:992.00 tlayer:3 pbqpoffset:4.62 pbfactor:1.70 avgQpOffsetCutree:-0.98;
in:373 out:376 type:b q:39.89 q-aq:40.00 q-noVbv:39.89 q-Rceq:1.32 tex:0 mv:158 misc:250 icu:0.00 pcu:77.00 scu:1219.00 tlayer:4 pbqpoffset:7.30 pbfactor:2.32 avgQpOffsetCutree:0.00;
in:375 out:377 type:b q:39.80 q-aq:40.00 q-noVbv:39.80 q-Rceq:1.32 tex:5 mv:727 misc:444 icu:0.00 pcu:320.00 scu:976.00 tlayer:4 pbqpoffset:7.30 pbfactor:2.32 avgQpOffsetCutree:0.00;
in:380 out:378 type:B q:36.91 q-aq:31.66 q-noVbv:36.91 q-Rceq:1.32 tex:25053 mv:7093 misc:2854 icu:0.50 pcu:836.00 scu:459.50 tlayer:2 pbqpoffset:4.62 pbfactor:1.70 avgQpOffsetCutree:-4.29;
in:378 out:379 type:B q:37.00 q-aq:34.64 q-noVbv:37.00 q-Rceq:1.32 tex:906 mv:2708 misc:978 icu:0.00 pcu:719.25 scu:576.75 tlayer:3 pbqpoffset:4.62 pbfactor:1.70 avgQpOffsetCutree:-2.01;
in:377 out:380 type:b q:39.72 q-aq:40.00 q-noVbv:39.72 q-Rceq:1.32 tex:4 mv:1081 misc:507 icu:0.00 pcu:440.00 scu:856.00 tlayer:4 pbqpoffset:7.30 pbfactor:2.32 avgQpOffsetCutree:0.00;
in:379 out:381 type:b q:39.63 q-aq:40.00 q-noVbv:39.63 q-Rceq:1.32 tex:6 mv:1363 misc:503 icu:0.00 pcu:384.00 scu:912.00 tlayer:4 pbqpoffset:7.30 pbfactor:2.32 avgQpOffsetCutree:0.00;
in:382 out:382 type:B q:36.83 q-aq:34.37 q-noVbv:36.83 q-Rceq:1.32 tex:786 mv:1746 misc:1172 icu:1.00 pcu:464.50 scu:830.50 tlayer:3 pbqpoffset:4.62 pbfactor:1.70 avgQpOffsetCutree:-2.29;
in:381 out:383 type:b q:39.55 q-aq:40.00 q-noVbv:39.55 q-Rceq:1.32 tex:6 mv:962 misc:480 icu:0.00 pcu:404.00 scu:892.00 tlayer:4 pbqpoffset:7.30 pbfactor:2.32 avgQpOffsetCutree:0.00;
in:383 out:384 type:b q:39.46 q-aq:39.00 q-noVbv:39.46 q-Rceq:1.32 tex:2 mv:113 misc:277 icu:0.00 pcu:41.00 scu:1255.00 tlayer:4 pbqpoffset:7.30 pbfactor:2.32 avgQpOffsetCutree:0.00;
in:400 out:385 type:k q:31.37 q-aq:24.83 q-noVbv:31.37 q-Rceq:1.32 tex:402797 mv:30170 misc:2377 icu:653.75 pcu:634.50 scu:7.75 tlayer:0 pbqpoffset:1.70 pbfactor:1.22 avgQpOffsetCutree:-8.02;
in:392 out:386 type:B q:35.57 q-aq:27.58 q-noVbv:35.57 q-Rceq:1.32 tex:114839 mv:13872 misc:3841 icu:3.00 pcu:940.25 scu:352.75 tlayer:1 pbqpoffset:3.82 pbfactor:1.56 avgQpOffsetCutree:-6.53;
in:388 out:387 type:B q:36.42 q-aq:31.28 q-noVbv:36.42 q-Rceq:1.32 tex:19161 mv:8730 misc:2293 icu:0.00 pcu:899.00 scu:397.00 tlayer:2 pbqpoffset:4.48 pbfactor:1.68 avgQpOffsetCutree:-3.97;
in:386 out:388 type:B q:36.51 q-aq:36.74 q-noVbv:36.51 q-Rceq:1.32 tex:68 mv:808 misc:572 icu:0.00 pcu:217.75 scu:1078.25 tlayer:3 pbqpoffset:4.48 pbfactor:1.68 avgQpOffsetCutree:-1.99;
in:385 out:389 type:b q:39.24 q-aq:39.00 q-noVbv:39.24 q-Rceq:1.32 tex:4 mv:403 misc:361 icu:0.00 pcu:116.00 scu:1180.00 tlayer:4 pbqpoffset:7.16 pbfactor:2.29 avgQpOffsetCutree:0.00;
in:387 out:390 type:b q:39.14 q-aq:39.00 q-noVbv:39.14 q-Rceq:1.32 tex:3 mv:106 misc:227 icu:0.00 pcu:25.00 scu:1271.00 tlayer:4 pbqpoffset:7.16 pbfactor:2.29 avgQpOffsetCutree:0.00;
in:390 out:391 type:B q:36.32 q-aq:35.19 q-noVbv:36.32 q-Rceq:1.32 tex:396 mv:2284 misc:904 icu:0.00 pcu:607.00 scu:689.00 tlayer:3 pbqpoffset:4.48 pbfactor:1.68 avgQpOffsetCutree:-1.54;
in:389 out:392 type:b q:39.05 q-aq:39.00 q-noVbv:39.05 q-Rceq:1.32 tex:8 mv:1089 misc:495 icu:0.00 pcu:364.00 scu:932.00 tlayer:4 pbqpoffset:7.16 pbfactor:2.29 avgQpOffsetCutree:0.00;
in:391 out:393 type:b q:38.96 q-aq:39.00 q-noVbv:38.96 q-Rceq:1.32 tex:7 mv:1174 misc:523 icu:0.00 pcu:349.00 scu:947.00 tlayer:4 pbqpoffset:7.16 pbfactor:2.29 avgQpOffsetCutree:0.00;
in:396 out:394 type:B q:36.04 q-aq:30.61 q-noVbv:36.04 q-Rceq:1.32 tex:11568 mv:2931 misc:1837 icu:0.00 pcu:736.75 scu:559.25 tlayer:2 pbqpoffset:4.48 pbfactor:1.68 avgQpOffsetCutree:-4.42;
in:394 out:395 type:B q:36.14 q-aq:35.02 q-noVbv:36.14 q-Rceq:1.32 tex:262 mv:1721 misc:753 icu:0.00 pcu:600.00 scu:696.00 tlayer:3 pbqpoffset:4.48 pbfactor:1.68 avgQpOffsetCutree:-1.48;
in:393 out:396 type:b q:38.86 q-aq:39.00 q-noVbv:38.86 q-Rceq:1.32 tex:2 mv:413 misc:385 icu:0.00 pcu:143.00 scu:1153.00 tlayer:4 pbqpoffset:7.16 pbfactor:2.29 avgQpOffsetCutree:0.00;
in:395 out:397 type:b q:38.77 q-aq:39.00 q-noVbv:38.77 q-Rceq:1.32 tex:11 mv:1072 misc:485 icu:0.00 pcu:329.00 scu:967.00 tlayer:4 pbqpoffset:7.16 pbfactor:2.29 avgQpOffsetCutree:0.00;
in:398 out:398 type:B q:35.95 q-aq:34.00 q-noVbv:35.95 q-Rceq:1.32 tex:336 mv:1013 misc:851 icu:0.00 pcu:292.00 scu:1004.00 tlayer:3 pbqpoffset:4.48 pbfactor:1.68 avgQpOffsetCutree:-2.06;
in:397 out:399 type:b q:38.67 q-aq:39.00 q-noVbv:38.67 q-Rceq:1.32 tex:4 mv:437 misc:327 icu:0.00 pcu:176.00 scu:1120.00 tlayer:4 pbqpoffset:7.16 pbfactor:2.29 avgQpOffsetCutree:0.00;
in:399 out:400 type:b q:38.58 q-aq:39.00 q-noVbv:38.58 q-Rceq:1.32 tex:1 mv:53 misc:234 icu:0.00 pcu:32.00 scu:1264.00 tlayer:4 pbqpoffset:7.16 pbfactor:2.29 avgQpOffsetCutree:0.00;
in:416 out:401 type:k q:31.45 q-aq:24.89 q-noVbv:31.45 q-Rceq:1.32 tex:340924 mv:31763 misc:2121 icu:959.00 pcu:332.25 scu:4.75 tlayer:0 pbqpoffset:1.71 pbfactor:1.22 avgQpOffsetCutree:-7.99;
in:408 out:402 type:B q:34.59 q-aq:27.04 q-noVbv:34.59 q-Rceq:1.32 tex:149067 mv:9737 misc:3900 icu:0.75 pcu:847.25 scu:448.00 tlayer:1 pbqpoffset:3.17 pbfactor:1.44 avgQpOffsetCutree:-6.75;
in:404 out:403 type:B q:35.85 q-aq:30.32 q-noVbv:35.85 q-Rceq:1.32 tex:19485 mv:2408 misc:2043 icu:0.00 pcu:462.75 scu:833.25 tlayer:2 pbqpoffset:4.46 pbfactor:1.67 avgQpOffsetCutree:-4.49;
in:402 out:404 type:B q:35.84 q-aq:36.00 q-noVbv:35.84 q-Rceq:1.32 tex:4 mv:578 misc:498 icu:0.00 pcu:116.25 scu:1179.75 tlayer:3 pbqpoffset:4.46 pbfactor:1.67 avgQpOffsetCutree:-0.30;
in:401 out:405 type:b q:38.52 q-aq:39.00 q-noVbv:38.52 q-Rceq:1.32 tex:1 mv:56 misc:223 icu:0.00 pcu:51.00 scu:1245.00 tlayer:4 pbqpoffset:7.14 pbfactor:2.28 avgQpOffsetCutree:0.00;
in:403 out:406 type:b q:38.53 q-aq:39.00 q-noVbv:38.53 q-Rceq:1.32 tex:1 mv:81 misc:206 icu:0.00 pcu:20.00 scu:1276.00 tlayer:4 pbqpoffset:7.14 pbfactor:2.28 avgQpOffsetCutree:0.00;
in:406 out:407 type:B q:35.86 q-aq:36.00 q-noVbv:35.86 q-Rceq:1.32 tex:4 mv:129 misc:235 icu:0.00 pcu:31.00 scu:1265.00 tlayer:3 pbqpoffset:4.46 pbfactor:1.67 avgQpOffsetCutree:-2.01;
in:405 out:408 type:b q:38.54 q-aq:39.00 q-noVbv:38.54 q-Rceq:1.32 tex:2 mv:71 misc:231 icu:0.00 pcu:9.00 scu:1287.00 tlayer:4 pbqpoffset:7.14 pbfactor:2.28 avgQpOffsetCutree:0.00;
in:407 out:409 type:b q:38.55 q-aq:39.00 q-noVbv:38.55 q-Rceq:1.32 tex:0 mv:20 misc:188 icu:0.00 pcu:16.00 scu:1280.00 tlayer:4 pbqpoffset:7.14 pbfactor:2.28 avgQpOffsetCutree:0.00;
in:412 out:410 type:B q:35.89 q-aq:33.34 q-noVbv:35.89 q-Rceq:1.32 tex:106 mv:549 misc:641 icu:0.00 pcu:136.00 scu:1160.00 tlayer:2 pbqpoffset:4.46 pbfactor:1.67 avgQpOffsetCutree:-4.05;
in:410 out:411 type:B q:35.88 q-aq:36.00 q-noVbv:35.88 q-Rceq:1.32 tex:1 mv:124 misc:275 icu:0.00 pcu:60.00 scu:1236.00 tlayer:3 pbqpoffset:4.46 pbfactor:1.67 avgQpOffsetCutree:-2.08;
in:409 out:412 type:b q:38.56 q-aq:39.00 q-noVbv:38.56 q-Rceq:1.32 tex:0 mv:34 misc:198 icu:0.00 pcu:20.00 scu:1276.00 tlayer:4 pbqpoffset:7.14 pbfactor:2.28 avgQpOffsetCutree:0.00;
in:411 out:413 type:b q:38.57 q-aq:39.00 q-noVbv:38.57 q-Rceq:1.32 tex:0 mv:5 misc:195 icu:0.00 pcu:0.00 scu:1296.00 tlayer:4 pbqpoffset:7.14 pbfactor:2.28 avgQpOffsetCutree:0.00;
in:414 out:414 type:B q:35.90 q-aq:36.00 q-noVbv:35.90 q-Rceq:1.32 tex:2 mv:117 misc:249 icu:0.00 pcu:42.00 scu:1254.00 tlayer:3 pbqpoffset:4.46 pbfactor:1.67 avgQpOffsetCutree:-1.84;
in:413 out:415 type:b q:38.58 q-aq:39.00 q-noVbv:38.58 q-Rceq:1.32 tex:0 mv:23 misc:201 icu:0.00 pcu:2.00 scu:1294.00 tlayer:4 pbqpoffset:7.14 pbfactor:2.28 avgQpOffsetCutree:0.00;
in:415 out:416 type:b q:38.91 q-aq:39.00 q-noVbv:38.91 q-Rceq:1.32 tex:57 mv:783 misc:472 icu:0.00 pcu:348.00 scu:948.00 tlayer:4 pbqpoffset:7.46 pbfactor:2.37 avgQpOffsetCutree:0.00;
in:432 out:417 type:k q:31.98 q-aq:25.36 q-noVbv:31.98 q-Rceq:1.32 tex:365622 mv:27064 misc:2586 icu:451.50 pcu:837.00 scu:7.50 tlayer:0 pbqpoffset:1.67 pbfactor:1.21 avgQpOffsetCutree:-8.24;
in:424 out:418 type:B q:34.78 q-aq:27.66 q-noVbv:34.78 q-Rceq:1.32 tex:187659 mv:15487 misc:3622 icu:3.50 pcu:919.25 scu:373.25 tlayer:1 pbqpoffset:3.07 pbfactor:1.43 avgQpOffsetCutree:-6.68;
in:420 out:419 type:B q:36.14 q-aq:32.00 q-noVbv:36.14 q-Rceq:1.32 tex:27575 mv:7496 misc:2105 icu:0.25 pcu:885.00 scu:410.75 tlayer:2 pbqpoffset:4.56 pbfactor:1.69 avgQpOffsetCutree:-3.34;
in:418 out:420 type:B q:36.08 q-aq:36.56 q-noVbv:36.08 q-Rceq:1.32 tex:654 mv:1834 misc:736 icu:0.00 pcu:609.00 scu:687.00 tlayer:3 pbqpoffset:4.56 pbfactor:1.69 avgQpOffsetCutree:-0.47;
in:417 out:421 type:b q:38.72 q-aq:39.00 q-noVbv:38.72 q-Rceq:1.32 tex:0 mv:124 misc:260 icu:0.00 pcu:34.00 scu:1262.00 tlayer:4 pbqpoffset:7.24 pbfactor:2.31 avgQpOffsetCutree:0.00;
in:419 out:422 type:b q:38.79 q-aq:39.00 q-noVbv:38.79 q-Rceq:1.32 tex:1 mv:261 misc:314 icu:0.00 pcu:69.00 scu:1227.00 tlayer:4 pbqpoffset:7.24 pbfactor:2.31 avgQpOffsetCutree:0.00;
in:422 out:423 type:B q:36.21 q-aq:33.40 q-noVbv:36.21 q-Rceq:1.32 tex:2418 mv:2801 misc:1157 icu:0.00 pcu:580.50 scu:715.50 tlayer:3 pbqpoffset:4.56 pbfactor:1.69 avgQpOffsetCutree:-2.17;
in:421 out:424 type:b q:38.85 q-aq:39.00 q-noVbv:38.85 q-Rceq:1.32 tex:4 mv:1205 misc:567 icu:0.00 pcu:517.00 scu:779.00 tlayer:4 pbqpoffset:7.24 pbfactor:2.31 avgQpOffsetCutree:0.00;
in:423 out:425 type:b q:38.92 q-aq:39.00 q-noVbv:38.92 q-Rceq:1.32 tex:4 mv:686 misc:478 icu:0.00 pcu:286.00 scu:1010.00 tlayer:4 pbqpoffset:7.24 pbfactor:2.31 avgQpOffsetCutree:0.00;
in:428 out:426 type:B q:36.41 q-aq:30.50 q-noVbv:36.41 q-Rceq:1.32 tex:13668 mv:4818 misc:2586 icu:0.00 pcu:666.50 scu:629.50 tlayer:2 pbqpoffset:4.56 pbfactor:1.69 avgQpOffsetCutree:-4.71;
in:426 out:427 type:B q:36.34 q-aq:36.00 q-noVbv:36.34 q-Rceq:1.32 tex:3 mv:303 misc:310 icu:0.00 pcu:85.00 scu:1211.00 tlayer:3 pbqpoffset:4.56 pbfactor:1.69 avgQpOffsetCutree:-2.39;
in:425 out:428 type:b q:38.99 q-aq:39.00 q-noVbv:38.99 q-Rceq:1.32 tex:8 mv:825 misc:495 icu:0.00 pcu:378.00 scu:918.00 tlayer:4 pbqpoffset:7.24 pbfactor:2.31 avgQpOffsetCutree:0.00;
in:427 out:429 type:b q:39.05 q-aq:39.00 q-noVbv:39.05 q-Rceq:1.32 tex:0 mv:28 misc:204 icu:0.00 pcu:1.00 scu:1295.00 tlayer:4 pbqpoffset:7.24 pbfactor:2.31 avgQpOffsetCutree:0.00;
in:430 out:430 type:B q:36.47 q-aq:34.06 q-noVbv:36.47 q-Rceq:1.32 tex:552 mv:713 misc:759 icu:0.00 pcu:218.00 scu:1078.00 tlayer:3 pbqpoffset:4.56 pbfactor:1.69 avgQpOffsetCutree:-1.99;
in:429 out:431 type:b q:39.12 q-aq:39.00 q-noVbv:39.12 q-Rceq:1.32 tex:0 mv:21 misc:187 icu:0.00 pcu:16.00 scu:1280.00 tlayer:4 pbqpoffset:7.24 pbfactor:2.31 avgQpOffsetCutree:0.00;
in:431 out:432 type:b q:39.18 q-aq:39.00 q-noVbv:39.18 q-Rceq:1.32 tex:4 mv:103 misc:253 icu:0.00 pcu:60.00 scu:1236.00 tlayer:4 pbqpoffset:7.24 pbfactor:2.31 avgQpOffsetCutree:0.00;
in:448 out:433 type:k q:31.22 q-aq:24.55 q-noVbv:31.22 q-Rceq:1.32 tex:340385 mv:30425 misc:2278 icu:786.75 pcu:505.75 scu:3.50 tlayer:0 pbqpoffset:1.74 pbfactor:1.22 avgQpOffsetCutree:-8.00;
in:440 out:434 type:B q:34.95 q-aq:26.76 q-noVbv:34.95 q-Rceq:1.32 tex:134484 mv:14292 misc:4328 icu:2.25 pcu:818.50 scu:475.25 tlayer:1 pbqpoffset:3.35 pbfactor:1.47 avgQpOffsetCutree:-7.19;
in:436 out:435 type:B q:36.31 q-aq:34.21 q-noVbv:36.31 q-Rceq:1.32 tex:329 mv:412 misc:403 icu:0.00 pcu:54.50 scu:1241.50 tlayer:2 pbqpoffset:4.52 pbfactor:1.68 avgQpOffsetCutree:-4.47;
in:434 out:436 type:B q:36.40 q-aq:36.00 q-noVbv:36.40 q-Rceq:1.32 tex:4 mv:514 misc:450 icu:0.00 pcu:80.75 scu:1215.25 tlayer:3 pbqpoffset:4.52 pbfactor:1.68 avgQpOffsetCutree:-0.33;
in:433 out:437 type:b q:39.13 q-aq:39.00 q-noVbv:39.13 q-Rceq:1.32 tex:1 mv:70 misc:233 icu:0.00 pcu:21.00 scu:1275.00 tlayer:4 pbqpoffset:7.19 pbfactor:2.30 avgQpOffsetCutree:0.00;
in:435 out:438 type:b q:39.03 q-aq:39.00 q-noVbv:39.03 q-Rceq:1.32 tex:1 mv:73 misc:238 icu:0.00 pcu:36.00 scu:1260.00 tlayer:4 pbqpoffset:7.19 pbfactor:2.30 avgQpOffsetCutree:0.00;
in:438 out:439 type:B q:36.21 q-aq:36.00 q-noVbv:36.21 q-Rceq:1.32 tex:4 mv:78 misc:222 icu:0.00 pcu:19.25 scu:1276.75 tlayer:3 pbqpoffset:4.52 pbfactor:1.68 avgQpOffsetCutree:-2.02;
in:437 out:440 type:b q:38.94 q-aq:39.00 q-noVbv:38.94 q-Rceq:1.32 tex:0 mv:45 misc:203 icu:0.00 pcu:18.00 scu:1278.00 tlayer:4 pbqpoffset:7.19 pbfactor:2.30 avgQpOffsetCutree:0.00;
in:439 out:441 type:b q:38.84 q-aq:39.00 q-noVbv:38.84 q-Rceq:1.32 tex:0 mv:5 misc:195 icu:0.00 pcu:0.00 scu:1296.00 tlayer:4 pbqpoffset:7.19 pbfactor:2.30 avgQpOffsetCutree:0.00;
in:444 out:442 type:B q:35.93 q-aq:36.00 q-noVbv:35.93 q-Rceq:1.32 tex:0 mv:13 misc:187 icu:0.00 pcu:16.00 scu:1280.00 tlayer:2 pbqpoffset:4.52 pbfactor:1.68 avgQpOffsetCutree:-3.99;
in:442 out:443 type:B q:36.02 q-aq:36.00 q-noVbv:36.02 q-Rceq:1.32 tex:0 mv:5 misc:195 icu:0.00 pcu:0.00 scu:1296.00 tlayer:3 pbqpoffset:4.52 pbfactor:1.68 avgQpOffsetCutree:-1.99;
in:441 out:444 type:b q:38.75 q-aq:39.00 q-noVbv:38.75 q-Rceq:1.32 tex:0 mv:5 misc:195 icu:0.00 pcu:0.00 scu:1296.00 tlayer:4 pbqpoffset:7.19 pbfactor:2.30 avgQpOffsetCutree:0.00;
in:443 out:445 type:b q:38.65 q-aq:39.00 q-noVbv:38.65 q-Rceq:1.32 tex:0 mv:5 misc:195 icu:0.00 pcu:0.00 scu:1296.00 tlayer:4 pbqpoffset:7.19 pbfactor:2.30 avgQpOffsetCutree:0.00;
in:446 out:446 type:B q:35.83 q-aq:36.00 q-noVbv:35.83 q-Rceq:1.32 tex:0 mv:32 misc:192 icu:0.00 pcu:17.00 scu:1279.00 tlayer:3 pbqpoffset:4.52 pbfactor:1.68 avgQpOffsetCutree:-1.99;
in:445 out:447 type:b q:38.56 q-aq:39.00 q-noVbv:38.56 q-Rceq:1.32 tex:0 mv:13 misc:195 icu:0.00 pcu:1.00 scu:1295.00 tlayer:4 pbqpoffset:7.19 pbfactor:2.30 avgQpOffsetCutree:0.00;
in:447 out:448 type:b q:38.46 q-aq:38.00 q-noVbv:38.46 q-Rceq:1.32 tex:0 mv:16 misc:176 icu:0.00 pcu:16.00 scu:1280.00 tlayer:4 pbqpoffset:7.19 pbfactor:2.30 avgQpOffsetCutree:0.00;
in:464 out:449 type:k q:31.31 q-aq:24.33 q-noVbv:31.31 q-Rceq:1.32 tex:316234 mv:20825 misc:2925 icu:292.25 pcu:997.50 scu:6.25 tlayer:0 pbqpoffset:1.76 pbfactor:1.23 avgQpOffsetCutree:-8.25;
in:456 out:450 type:B q:33.76 q-aq:26.79 q-noVbv:33.76 q-Rceq:1.32 tex:214033 mv:13912 misc:3935 icu:9.00 pcu:1058.50 scu:228.50 tlayer:1 pbqpoffset:2.50 pbfactor:1.33 avgQpOffsetCutree:-6.94;
in:452 out:451 type:B q:35.60 q-aq:32.06 q-noVbv:35.60 q-Rceq:1.32 tex:20060 mv:3595 misc:1849 icu:0.00 pcu:699.25 scu:596.75 tlayer:2 pbqpoffset:4.36 pbfactor:1.66 avgQpOffsetCutree:-3.05;
in:450 out:452 type:B q:35.59 q-aq:36.07 q-noVbv:35.59 q-Rceq:1.32 tex:142 mv:198 misc:332 icu:0.00 pcu:42.75 scu:1253.25 tlayer:3 pbqpoffset:4.36 pbfactor:1.66 avgQpOffsetCutree:-0.53;
in:449 out:453 type:b q:38.26 q-aq:38.00 q-noVbv:38.26 q-Rceq:1.32 tex:1 mv:50 misc:229 icu:0.00 pcu:21.00 scu:1275.00 tlayer:4 pbqpoffset:7.04 pbfactor:2.26 avgQpOffsetCutree:0.00;
in:451 out:454 type:b q:38.28 q-aq:38.00 q-noVbv:38.28 q-Rceq:1.32 tex:2 mv:321 misc:405 icu:0.00 pcu:141.00 scu:1155.00 tlayer:4 pbqpoffset:7.04 pbfactor:2.26 avgQpOffsetCutree:0.00;
in:454 out:455 type:B q:35.61 q-aq:35.59 q-noVbv:35.61 q-Rceq:1.32 tex:69 mv:268 misc:311 icu:0.00 pcu:31.75 scu:1264.25 tlayer:3 pbqpoffset:4.36 pbfactor:1.66 avgQpOffsetCutree:-2.02;
in:453 out:456 type:b q:38.29 q-aq:38.00 q-noVbv:38.29 q-Rceq:1.32 tex:5 mv:595 misc:472 icu:0.00 pcu:170.25 scu:1125.75 tlayer:4 pbqpoffset:7.04 pbfactor:2.26 avgQpOffsetCutree:0.00;
in:455 out:457 type:b q:38.30 q-aq:38.00 q-noVbv:38.30 q-Rceq:1.32 tex:1 mv:59 misc:212 icu:0.00 pcu:5.00 scu:1291.00 tlayer:4 pbqpoffset:7.04 pbfactor:2.26 avgQpOffsetCutree:0.00;
in:460 out:458 type:B q:35.65 q-aq:35.61 q-noVbv:35.65 q-Rceq:1.32 tex:26 mv:138 misc:236 icu:0.00 pcu:25.50 scu:1270.50 tlayer:2 pbqpoffset:4.36 pbfactor:1.66 avgQpOffsetCutree:-4.01;
in:458 out:459 type:B q:35.64 q-aq:36.00 q-noVbv:35.64 q-Rceq:1.32 tex:0 mv:15 misc:201 icu:0.00 pcu:1.00 scu:1295.00 tlayer:3 pbqpoffset:4.36 pbfactor:1.66 avgQpOffsetCutree:-2.00;
in:457 out:460 type:b q:38.31 q-aq:38.00 q-noVbv:38.31 q-Rceq:1.32 tex:0 mv:9 misc:191 icu:0.00 pcu:0.00 scu:1296.00 tlayer:4 pbqpoffset:7.04 pbfactor:2.26 avgQpOffsetCutree:0.00;
in:459 out:461 type:b q:38.32 q-aq:38.00 q-noVbv:38.32 q-Rceq:1.32 tex:0 mv:9 misc:191 icu:0.00 pcu:0.00 scu:1296.00 tlayer:4 pbqpoffset:7.04 pbfactor:2.26 avgQpOffsetCutree:0.00;
in:462 out:462 type:B q:35.66 q-aq:36.00 q-noVbv:35.66 q-Rceq:1.32 tex:0 mv:13 misc:187 icu:0.00 pcu:16.00 scu:1280.00 tlayer:3 pbqpoffset:4.36 pbfactor:1.66 avgQpOffsetCutree:-1.99;
in:461 out:463 type:b q:38.33 q-aq:38.00 q-noVbv:38.33 q-Rceq:1.32 tex:0 mv:9 misc:191 icu:0.00 pcu:0.00 scu:1296.00 tlayer:4 pbqpoffset:7.04 pbfactor:2.26 avgQpOffsetCutree:0.00;
in:463 out:464 type:b q:38.34 q-aq:38.00 q-noVbv:38.34 q-Rceq:1.32 tex:0 mv:16 misc:176 icu:0.00 pcu:16.00 scu:1280.00 tlayer:4 pbqpoffset:7.04 pbfactor:2.26 avgQpOffsetCutree:0.00;
in:480 out:465 type:k q:30.91 q-aq:24.93 q-noVbv:30.91 q-Rceq:1.32 tex:288959 mv:19383 misc:2626 icu:170.00 pcu:1109.50 scu:16.50 tlayer:0 pbqpoffset:1.70 pbfactor:1.22 avgQpOffsetCutree:-7.13;
in:472 out:466 type:B q:33.52 q-aq:26.31 q-noVbv:33.52 q-Rceq:1.32 tex:255521 mv:14693 misc:3634 icu:5.75 pcu:1125.00 scu:165.25 tlayer:1 pbqpoffset:2.41 pbfactor:1.32 avgQpOffsetCutree:-6.96;
in:468 out:467 type:B q:35.48 q-aq:31.86 q-noVbv:35.48 q-Rceq:1.32 tex:28784 mv:4112 misc:1888 icu:0.00 pcu:826.50 scu:469.50 tlayer:2 pbqpoffset:4.28 pbfactor:1.64 avgQpOffsetCutree:-3.09;
in:466 out:468 type:B q:35.53 q-aq:35.97 q-noVbv:35.53 q-Rceq:1.32 tex:109 mv:387 misc:392 icu:0.00 pcu:54.25 scu:1241.75 tlayer:3 pbqpoffset:4.28 pbfactor:1.64 avgQpOffsetCutree:-0.38;
in:465 out:469 type:b q:38.24 q-aq:38.00 q-noVbv:38.24 q-Rceq:1.32 tex:1 mv:19 misc:212 icu:0.00 pcu:17.00 scu:1279.00 tlayer:4 pbqpoffset:6.95 pbfactor:2.23 avgQpOffsetCutree:0.00;
in:467 out:470 type:b q:38.19 q-aq:38.00 q-noVbv:38.19 q-Rceq:1.32 tex:2 mv:232 misc:326 icu:0.00 pcu:68.25 scu:1227.75 tlayer:4 pbqpoffset:6.95 pbfactor:2.23 avgQpOffsetCutree:0.00;
in:470 out:471 type:B q:35.43 q-aq:34.83 q-noVbv:35.43 q-Rceq:1.32 tex:132 mv:403 misc:361 icu:0.00 pcu:42.50 scu:1253.50 tlayer:3 pbqpoffset:4.28 pbfactor:1.64 avgQpOffsetCutree:-2.01;
in:469 out:472 type:b q:38.14 q-aq:38.00 q-noVbv:38.14 q-Rceq:1.32 tex:2 mv:622 misc:464 icu:0.00 pcu:188.00 scu:1108.00 tlayer:4 pbqpoffset:6.95 pbfactor:2.23 avgQpOffsetCutree:0.00;
in:471 out:473 type:b q:38.09 q-aq:38.00 q-noVbv:38.09 q-Rceq:1.32 tex:2 mv:116 misc:242 icu:0.00 pcu:11.00 scu:1285.00 tlayer:4 pbqpoffset:6.95 pbfactor:2.23 avgQpOffsetCutree:0.00;
in:476 out:474 type:B q:35.28 q-aq:35.00 q-noVbv:35.28 q-Rceq:1.32 tex:5 mv:190 misc:253 icu:0.00 pcu:30.00 scu:1266.00 tlayer:2 pbqpoffset:4.28 pbfactor:1.64 avgQpOffsetCutree:-4.02;
in:474 out:475 type:B q:35.33 q-aq:35.00 q-noVbv:35.33 q-Rceq:1.32 tex:2 mv:51 misc:227 icu:0.00 pcu:8.00 scu:1288.00 tlayer:3 pbqpoffset:4.28 pbfactor:1.64 avgQpOffsetCutree:-2.00;
in:473 out:476 type:b q:38.04 q-aq:38.00 q-noVbv:38.04 q-Rceq:1.32 tex:1 mv:67 misc:220 icu:0.00 pcu:6.00 scu:1290.00 tlayer:4 pbqpoffset:6.95 pbfactor:2.23 avgQpOffsetCutree:0.00;
in:475 out:477 type:b q:37.99 q-aq:38.00 q-noVbv:37.99 q-Rceq:1.32 tex:0 mv:21 misc:195 icu:0.00 pcu:1.00 scu:1295.00 tlayer:4 pbqpoffset:6.95 pbfactor:2.23 avgQpOffsetCutree:0.00;
in:478 out:478 type:B q:35.23 q-aq:35.00 q-noVbv:35.23 q-Rceq:1.32 tex:0 mv:14 misc:186 icu:0.00 pcu:16.00 scu:1280.00 tlayer:3 pbqpoffset:4.28 pbfactor:1.64 avgQpOffsetCutree:-2.00;
in:477 out:479 type:b q:37.93 q-aq:38.00 q-noVbv:37.93 q-Rceq:1.32 tex:0 mv:9 misc:191 icu:0.00 pcu:0.00 scu:1296.00 tlayer:4 pbqpoffset:6.95 pbfactor:2.23 avgQpOffsetCutree:0.00;
in:479 out:480 type:b q:37.88 q-aq:38.00 q-noVbv:37.88 q-Rceq:1.32 tex:0 mv:16 misc:176 icu:0.00 pcu:16.00 scu:1280.00 tlayer:4 pbqpoffset:6.95 pbfactor:2.23 avgQpOffsetCutree:0.00;
in:490 out:481 type:k q:27.46 q-aq:22.32 q-noVbv:27.46 q-Rceq:1.32 tex:272232 mv:8316 misc:3580 icu:15.75 pcu:940.00 scu:340.25 tlayer:0 pbqpoffset:1.56 pbfactor:1.20 avgQpOffsetCutree:-4.85;
in:485 out:482 type:B q:32.96 q-aq:32.07 q-noVbv:32.96 q-Rceq:1.32 tex:1709 mv:241 misc:354 icu:0.00 pcu:31.75 scu:1264.25 tlayer:1 pbqpoffset:3.78 pbfactor:1.55 avgQpOffsetCutree:-5.41;
in:483 out:483 type:B q:33.65 q-aq:33.70 q-noVbv:33.65 q-Rceq:1.32 tex:71 mv:276 misc:293 icu:0.00 pcu:38.00 scu:1258.00 tlayer:2 pbqpoffset:3.78 pbfactor:1.55 avgQpOffsetCutree:-2.02;
in:482 out:484 type:B q:33.99 q-aq:34.01 q-noVbv:33.99 q-Rceq:1.32 tex:16 mv:653 misc:499 icu:0.00 pcu:116.25 scu:1179.75 tlayer:3 pbqpoffset:3.78 pbfactor:1.55 avgQpOffsetCutree:0.00;
in:481 out:485 type:b q:37.34 q-aq:37.00 q-noVbv:37.34 q-Rceq:1.32 tex:1 mv:37 misc:218 icu:0.00 pcu:10.00 scu:1286.00 tlayer:4 pbqpoffset:6.78 pbfactor:2.19 avgQpOffsetCutree:0.00;
in:484 out:486 type:b q:36.31 q-aq:36.00 q-noVbv:36.31 q-Rceq:1.32 tex:1 mv:21 misc:202 icu:0.00 pcu:2.00 scu:1294.00 tlayer:3 pbqpoffset:6.78 pbfactor:2.19 avgQpOffsetCutree:0.00;
in:488 out:487 type:B q:31.93 q-aq:32.00 q-noVbv:31.93 q-Rceq:1.32 tex:1 mv:75 misc:180 icu:0.00 pcu:16.00 scu:1280.00 tlayer:2 pbqpoffset:3.78 pbfactor:1.55 avgQpOffsetCutree:-2.01;
in:487 out:488 type:B q:32.27 q-aq:32.00 q-noVbv:32.27 q-Rceq:1.32 tex:0 mv:62 misc:186 icu:0.00 pcu:0.00 scu:1296.00 tlayer:3 pbqpoffset:3.78 pbfactor:1.55 avgQpOffsetCutree:-0.02;
in:486 out:489 type:b q:35.62 q-aq:36.00 q-noVbv:35.62 q-Rceq:1.32 tex:0 mv:15 misc:201 icu:0.00 pcu:1.00 scu:1295.00 tlayer:4 pbqpoffset:6.78 pbfactor:2.19 avgQpOffsetCutree:0.00;
in:489 out:490 type:b q:34.58 q-aq:35.00 q-noVbv:34.58 q-Rceq:1.32 tex:43 mv:35 misc:194 icu:1.00 pcu:16.00 scu:1279.00 tlayer:3 pbqpoffset:6.78 pbfactor:2.19 avgQpOffsetCutree:0.00;
in:499 out:491 type:k q:31.46 q-aq:26.99 q-noVbv:31.46 q-Rceq:1.32 tex:329 mv:552 misc:431 icu:1296.00 pcu:0.00 scu:0.00 tlayer:0 pbqpoffset:1.52 pbfactor:1.19 avgQpOffsetCutree:-2.33;
in:495 out:492 type:B q:30.97 q-aq:27.45 q-noVbv:30.97 q-Rceq:1.32 tex:954 mv:902 misc:552 icu:1287.25 pcu:6.50 scu:2.25 tlayer:1 pbqpoffset:1.29 pbfactor:1.16 avgQpOffsetCutree:-2.57;
in:493 out:493 type:B q:30.91 q-aq:30.29 q-noVbv:30.91 q-Rceq:1.32 tex:14 mv:22 misc:196 icu:0.00 pcu:20.00 scu:1276.00 tlayer:2 pbqpoffset:2.12 pbfactor:1.28 avgQpOffsetCutree:-2.66;
in:492 out:494 type:B q:30.47 q-aq:30.00 q-noVbv:30.47 q-Rceq:1.32 tex:1 mv:22 misc:217 icu:0.00 pcu:16.00 scu:1280.00 tlayer:3 pbqpoffset:2.12 pbfactor:1.28 avgQpOffsetCutree:-1.32;
in:491 out:495 type:b q:32.80 q-aq:33.00 q-noVbv:32.80 q-Rceq:1.32 tex:0 mv:19 misc:181 icu:0.00 pcu:16.00 scu:1280.00 tlayer:4 pbqpoffset:4.89 pbfactor:1.76 avgQpOffsetCutree:0.00;
in:494 out:496 type:b q:34.13 q-aq:34.00 q-noVbv:34.13 q-Rceq:1.32 tex:0 mv:10 misc:174 icu:0.00 pcu:0.00 scu:1296.00 tlayer:3 pbqpoffset:4.89 pbfactor:1.76 avgQpOffsetCutree:0.00;
in:497 out:497 type:B q:32.69 q-aq:33.00 q-noVbv:32.69 q-Rceq:1.32 tex:1 mv:18 misc:229 icu:0.00 pcu:16.00 scu:1280.00 tlayer:2 pbqpoffset:2.12 pbfactor:1.28 avgQpOffsetCutree:-2.16;
in:496 out:498 type:b q:35.02 q-aq:35.00 q-noVbv:35.02 q-Rceq:1.32 tex:1 mv:23 misc:224 icu:0.00 pcu:16.00 scu:1280.00 tlayer:3 pbqpoffset:4.89 pbfactor:1.76 avgQpOffsetCutree:0.00;
in:498 out:499 type:b q:35.91 q-aq:36.00 q-noVbv:35.91 q-Rceq:1.32 tex:0 mv:5 misc:179 icu:0.00 pcu:0.00 scu:1296.00 tlayer:3 pbqpoffset:4.89 pbfactor:1.76 avgQpOffsetCutree:0.00;
