#options: cpuid=1173503 frame-threads=1 no-wpp no-pmode no-pme psnr no-ssim log-level=2 bitdepth=8 input-csp=1 fps=24000/1000 input-res=832x480 interlace=0 total-frames=240 level-idc=0 high-tier=1 uhd-bd=0 ref=4 no-allow-non-conformance no-repeat-headers annexb no-aud no-hrd info hash=0 no-temporal-layers open-gop min-keyint=1 keyint=5000 bframes=15 b-adapt=2 b-pyramid bframe-bias=0 rc-lookahead=40 lookahead-slices=0 scenecut=40 no-intra-refresh ctu=64 min-cu-size=8 rect amp max-tu-size=32 tu-inter-depth=3 tu-intra-depth=3 limit-tu=4 rdoq-level=2 dynamic-rd=0.00 no-ssim-rd signhide no-tskip nr-intra=0 nr-inter=0 no-constrained-intra strong-intra-smoothing max-merge=4 limit-refs=1 limit-modes me=3 subme=4 merange=57 temporal-mvp weightp weightb no-analyze-src-pics deblock=0:0 sao no-sao-non-deblock rd=6 no-early-skip rskip no-fast-intra no-tskip-fast no-cu-lossless b-intra rdpenalty=0 psy-rd=0.00 psy-rdoq=0.00 no-rd-refine analysis-reuse-mode=0 no-lossless cbqpoffs=0 crqpoffs=0 rc=abr bitrate=2000 qcomp=0.60 qpstep=4 stats-write=1 stats-read=0 slow-firstpass ipratio=1.40 pbratio=1.30 aq-mode=1 aq-strength=0.00 cutree zone-count=0 no-strict-cbr qg-size=64 no-rc-grain qpmax=69 qpmin=0 no-const-vbv sar=0 overscan=0 videoformat=5 range=0 colorprim=2 transfer=2 colormatrix=2 chromaloc=0 display-window=0 max-cll=0,0 min-luma=0 max-luma=255 log2-max-poc-lsb=8 vui-timing-info vui-hrd-info slices=1 opt-qp-pps opt-ref-list-length-pps no-multi-pass-opt-rps scenecut-bias=0.05 no-opt-cu-delta-qp no-aq-motion no-hdr no-hdr-opt no-dhdr10-opt analysis-reuse-level=5 scale-factor=0 refine-intra=0 refine-inter=0 refine-mv=0 no-limit-sao ctu-info=0 max-tlayer=4
in:0 out:0 type:I q:19.70 q-aq:12.87 q-noVbv:19.70 q-Rceq:0.98 tex:418362 mv:36887 misc:3111 icu:1560.00 pcu:0.00 scu:0.00 tlayer:0 pbqpoffset:0.00 pbfactor:1.00 avgQpOffsetCutree:-6.22;
in:16 out:1 type:k q:22.61 q-aq:15.90 q-noVbv:22.61 q-Rceq:0.98 tex:184307 mv:28955 misc:4442 icu:539.50 pcu:827.75 scu:192.75 tlayer:0 pbqpoffset:0.00 pbfactor:1.00 avgQpOffsetCutree:-6.28;
in:8 out:2 type:B q:24.52 q-aq:19.34 q-noVbv:24.52 q-Rceq:0.98 tex:56247 mv:18042 misc:3679 icu:123.00 pcu:956.00 scu:481.00 tlayer:1 pbqpoffset:1.91 pbfactor:1.25 avgQpOffsetCutree:-4.52;
in:4 out:3 type:B q:25.89 q-aq:21.95 q-noVbv:25.89 q-Rceq:0.98 tex:3847 mv:3021 misc:1516 icu:4.75 pcu:256.50 scu:1298.75 tlayer:2 pbqpoffset:3.28 pbfactor:1.46 avgQpOffsetCutree:-3.09;
in:2 out:4 type:B q:26.39 q-aq:25.35 q-noVbv:26.39 q-Rceq:0.98 tex:302 mv:1245 misc:629 icu:0.75 pcu:134.75 scu:1424.50 tlayer:3 pbqpoffset:3.77 pbfactor:1.55 avgQpOffsetCutree:-1.68;
in:1 out:5 type:b q:29.39 q-aq:29.00 q-noVbv:29.39 q-Rceq:0.98 tex:2 mv:218 misc:212 icu:0.00 pcu:56.00 scu:1504.00 tlayer:4 pbqpoffset:6.77 pbfactor:2.19 avgQpOffsetCutree:0.00;
in:3 out:6 type:b q:29.39 q-aq:29.00 q-noVbv:29.39 q-Rceq:0.98 tex:125 mv:233 misc:234 icu:0.00 pcu:67.00 scu:1493.00 tlayer:4 pbqpoffset:6.77 pbfactor:2.19 avgQpOffsetCutree:0.00;
in:6 out:7 type:B q:26.39 q-aq:25.13 q-noVbv:26.39 q-Rceq:0.98 tex:672 mv:1424 misc:760 icu:0.75 pcu:186.50 scu:1372.75 tlayer:3 pbqpoffset:3.77 pbfactor:1.55 avgQpOffsetCutree:-1.68;
in:5 out:8 type:b q:29.39 q-aq:29.00 q-noVbv:29.39 q-Rceq:0.98 tex:4 mv:236 misc:224 icu:0.00 pcu:68.00 scu:1492.00 tlayer:4 pbqpoffset:6.77 pbfactor:2.19 avgQpOffsetCutree:0.00;
in:7 out:9 type:b q:29.39 q-aq:29.00 q-noVbv:29.39 q-Rceq:0.98 tex:4 mv:245 misc:239 icu:0.00 pcu:89.00 scu:1471.00 tlayer:4 pbqpoffset:6.77 pbfactor:2.19 avgQpOffsetCutree:0.00;
in:12 out:10 type:B q:25.63 q-aq:21.94 q-noVbv:25.63 q-Rceq:0.98 tex:6335 mv:4524 misc:1669 icu:16.00 pcu:283.00 scu:1261.00 tlayer:2 pbqpoffset:3.02 pbfactor:1.42 avgQpOffsetCutree:-3.15;
in:10 out:11 type:B q:26.39 q-aq:25.00 q-noVbv:26.39 q-Rceq:0.98 tex:502 mv:1334 misc:644 icu:2.00 pcu:145.25 scu:1412.75 tlayer:3 pbqpoffset:3.77 pbfactor:1.55 avgQpOffsetCutree:-1.64;
in:9 out:12 type:b q:29.39 q-aq:29.00 q-noVbv:29.39 q-Rceq:0.98 tex:2 mv:169 misc:197 icu:0.00 pcu:40.00 scu:1520.00 tlayer:4 pbqpoffset:6.77 pbfactor:2.19 avgQpOffsetCutree:0.00;
in:11 out:13 type:b q:29.39 q-aq:29.00 q-noVbv:29.39 q-Rceq:0.98 tex:4 mv:319 misc:245 icu:0.00 pcu:73.00 scu:1487.00 tlayer:4 pbqpoffset:6.77 pbfactor:2.19 avgQpOffsetCutree:0.00;
in:14 out:14 type:B q:26.39 q-aq:24.53 q-noVbv:26.39 q-Rceq:0.98 tex:885 mv:1194 misc:705 icu:0.50 pcu:123.00 scu:1436.50 tlayer:3 pbqpoffset:3.77 pbfactor:1.55 avgQpOffsetCutree:-1.68;
in:13 out:15 type:b q:29.39 q-aq:29.00 q-noVbv:29.39 q-Rceq:0.98 tex:7 mv:320 misc:249 icu:0.00 pcu:30.00 scu:1530.00 tlayer:4 pbqpoffset:6.77 pbfactor:2.19 avgQpOffsetCutree:0.00;
in:15 out:16 type:b q:29.39 q-aq:29.00 q-noVbv:29.39 q-Rceq:0.98 tex:3 mv:219 misc:234 icu:0.00 pcu:31.00 scu:1529.00 tlayer:4 pbqpoffset:6.77 pbfactor:2.19 avgQpOffsetCutree:0.00;
in:32 out:17 type:k q:18.61 q-aq:12.72 q-noVbv:18.61 q-Rceq:0.98 tex:411959 mv:37870 misc:2939 icu:1534.00 pcu:25.75 scu:0.25 tlayer:0 pbqpoffset:0.00 pbfactor:1.00 avgQpOffsetCutree:-6.72;
in:24 out:18 type:B q:22.71 q-aq:17.88 q-noVbv:22.71 q-Rceq:0.98 tex:114639 mv:20431 misc:4066 icu:261.00 pcu:974.25 scu:324.75 tlayer:1 pbqpoffset:2.09 pbfactor:1.27 avgQpOffsetCutree:-4.39;
in:20 out:19 type:B q:25.21 q-aq:21.69 q-noVbv:25.21 q-Rceq:0.98 tex:5404 mv:3739 misc:1513 icu:5.75 pcu:481.25 scu:1073.00 tlayer:2 pbqpoffset:3.60 pbfactor:1.52 avgQpOffsetCutree:-3.20;
in:18 out:20 type:B q:25.71 q-aq:24.16 q-noVbv:25.71 q-Rceq:0.98 tex:1217 mv:1886 misc:937 icu:0.50 pcu:322.25 scu:1237.25 tlayer:3 pbqpoffset:3.60 pbfactor:1.52 avgQpOffsetCutree:-1.67;
in:17 out:21 type:b q:28.96 q-aq:29.00 q-noVbv:28.96 q-Rceq:0.98 tex:4 mv:305 misc:267 icu:0.00 pcu:64.00 scu:1496.00 tlayer:4 pbqpoffset:6.60 pbfactor:2.14 avgQpOffsetCutree:0.00;
in:19 out:22 type:b q:28.46 q-aq:28.00 q-noVbv:28.46 q-Rceq:0.98 tex:5 mv:332 misc:279 icu:0.00 pcu:136.00 scu:1424.00 tlayer:4 pbqpoffset:6.60 pbfactor:2.14 avgQpOffsetCutree:0.00;
in:22 out:23 type:B q:24.71 q-aq:23.52 q-noVbv:24.71 q-Rceq:0.98 tex:1355 mv:1341 misc:824 icu:2.00 pcu:189.75 scu:1368.25 tlayer:3 pbqpoffset:3.60 pbfactor:1.52 avgQpOffsetCutree:-1.68;
in:21 out:24 type:b q:27.95 q-aq:28.00 q-noVbv:27.95 q-Rceq:0.98 tex:17 mv:263 misc:272 icu:0.00 pcu:61.00 scu:1499.00 tlayer:4 pbqpoffset:6.59 pbfactor:2.14 avgQpOffsetCutree:0.00;
in:23 out:25 type:b q:27.46 q-aq:27.00 q-noVbv:27.46 q-Rceq:0.98 tex:6 mv:303 misc:259 icu:0.00 pcu:78.00 scu:1482.00 tlayer:4 pbqpoffset:6.60 pbfactor:2.14 avgQpOffsetCutree:0.00;
in:28 out:26 type:B q:23.21 q-aq:18.99 q-noVbv:23.21 q-Rceq:0.98 tex:27450 mv:4502 misc:3392 icu:40.00 pcu:857.75 scu:662.25 tlayer:2 pbqpoffset:3.60 pbfactor:1.52 avgQpOffsetCutree:-3.41;
in:26 out:27 type:B q:23.71 q-aq:22.58 q-noVbv:23.71 q-Rceq:0.98 tex:1313 mv:1208 misc:935 icu:1.75 pcu:316.50 scu:1241.75 tlayer:3 pbqpoffset:3.60 pbfactor:1.52 avgQpOffsetCutree:-1.54;
in:25 out:28 type:b q:26.96 q-aq:27.00 q-noVbv:26.96 q-Rceq:0.98 tex:7 mv:299 misc:238 icu:0.00 pcu:90.00 scu:1470.00 tlayer:4 pbqpoffset:6.60 pbfactor:2.14 avgQpOffsetCutree:0.00;
in:27 out:29 type:b q:26.46 q-aq:26.00 q-noVbv:26.46 q-Rceq:0.98 tex:6 mv:270 misc:236 icu:0.00 pcu:73.00 scu:1487.00 tlayer:4 pbqpoffset:6.60 pbfactor:2.14 avgQpOffsetCutree:0.00;
in:30 out:30 type:B q:22.71 q-aq:21.51 q-noVbv:22.71 q-Rceq:0.98 tex:1784 mv:1831 misc:1089 icu:21.50 pcu:261.25 scu:1277.25 tlayer:3 pbqpoffset:3.60 pbfactor:1.52 avgQpOffsetCutree:-1.54;
in:29 out:31 type:b q:25.96 q-aq:26.00 q-noVbv:25.96 q-Rceq:0.98 tex:35 mv:418 misc:339 icu:0.25 pcu:136.00 scu:1423.75 tlayer:4 pbqpoffset:6.60 pbfactor:2.14 avgQpOffsetCutree:0.00;
in:31 out:32 type:b q:25.46 q-aq:25.00 q-noVbv:25.46 q-Rceq:0.98 tex:25 mv:271 misc:336 icu:0.00 pcu:53.00 scu:1507.00 tlayer:4 pbqpoffset:6.60 pbfactor:2.14 avgQpOffsetCutree:0.00;
in:48 out:33 type:k q:14.61 q-aq:8.69 q-noVbv:14.61 q-Rceq:0.98 tex:580335 mv:49683 misc:3254 icu:897.00 pcu:651.25 scu:11.75 tlayer:0 pbqpoffset:0.00 pbfactor:1.00 avgQpOffsetCutree:-6.61;
in:40 out:34 type:B q:18.43 q-aq:13.38 q-noVbv:18.43 q-Rceq:0.98 tex:157900 mv:30727 misc:5221 icu:215.50 pcu:1079.75 scu:264.75 tlayer:1 pbqpoffset:1.81 pbfactor:1.23 avgQpOffsetCutree:-4.75;
in:36 out:35 type:B q:21.29 q-aq:17.44 q-noVbv:21.29 q-Rceq:0.98 tex:14641 mv:4845 misc:2466 icu:6.50 pcu:440.25 scu:1113.25 tlayer:2 pbqpoffset:3.68 pbfactor:1.53 avgQpOffsetCutree:-3.07;
in:34 out:36 type:B q:21.79 q-aq:20.36 q-noVbv:21.79 q-Rceq:0.98 tex:2447 mv:1433 misc:992 icu:7.25 pcu:170.00 scu:1382.75 tlayer:3 pbqpoffset:3.68 pbfactor:1.53 avgQpOffsetCutree:-1.68;
in:33 out:37 type:b q:25.04 q-aq:25.00 q-noVbv:25.04 q-Rceq:0.98 tex:7 mv:319 misc:330 icu:0.00 pcu:96.25 scu:1463.75 tlayer:4 pbqpoffset:6.68 pbfactor:2.16 avgQpOffsetCutree:0.00;
in:35 out:38 type:b q:24.54 q-aq:25.00 q-noVbv:24.54 q-Rceq:0.98 tex:4 mv:195 misc:241 icu:0.00 pcu:80.00 scu:1480.00 tlayer:4 pbqpoffset:6.68 pbfactor:2.16 avgQpOffsetCutree:0.00;
in:38 out:39 type:B q:20.79 q-aq:19.23 q-noVbv:20.79 q-Rceq:0.98 tex:4162 mv:2156 misc:1138 icu:6.50 pcu:331.75 scu:1221.75 tlayer:3 pbqpoffset:3.68 pbfactor:1.53 avgQpOffsetCutree:-1.70;
in:37 out:40 type:b q:24.04 q-aq:24.00 q-noVbv:24.04 q-Rceq:0.98 tex:72 mv:358 misc:410 icu:0.00 pcu:68.50 scu:1491.50 tlayer:4 pbqpoffset:6.68 pbfactor:2.16 avgQpOffsetCutree:0.00;
in:39 out:41 type:b q:23.54 q-aq:24.00 q-noVbv:23.54 q-Rceq:0.98 tex:87 mv:421 misc:388 icu:0.00 pcu:60.50 scu:1499.50 tlayer:4 pbqpoffset:6.68 pbfactor:2.16 avgQpOffsetCutree:0.00;
in:44 out:42 type:B q:19.29 q-aq:15.32 q-noVbv:19.29 q-Rceq:0.98 tex:24274 mv:5802 misc:2524 icu:12.00 pcu:423.75 scu:1124.25 tlayer:2 pbqpoffset:3.68 pbfactor:1.53 avgQpOffsetCutree:-3.40;
in:42 out:43 type:B q:19.79 q-aq:18.15 q-noVbv:19.79 q-Rceq:0.98 tex:6162 mv:2433 misc:1349 icu:5.50 pcu:293.75 scu:1260.75 tlayer:3 pbqpoffset:3.68 pbfactor:1.53 avgQpOffsetCutree:-1.68;
in:41 out:44 type:b q:23.04 q-aq:23.00 q-noVbv:23.04 q-Rceq:0.98 tex:262 mv:391 misc:427 icu:0.00 pcu:108.25 scu:1451.75 tlayer:4 pbqpoffset:6.68 pbfactor:2.16 avgQpOffsetCutree:0.00;
in:43 out:45 type:b q:22.54 q-aq:23.00 q-noVbv:22.54 q-Rceq:0.98 tex:264 mv:399 misc:417 icu:0.00 pcu:87.25 scu:1472.75 tlayer:4 pbqpoffset:6.68 pbfactor:2.16 avgQpOffsetCutree:0.00;
in:46 out:46 type:B q:18.79 q-aq:17.19 q-noVbv:18.79 q-Rceq:0.98 tex:6747 mv:2535 misc:1214 icu:4.75 pcu:245.25 scu:1310.00 tlayer:3 pbqpoffset:3.68 pbfactor:1.53 avgQpOffsetCutree:-1.68;
in:45 out:47 type:b q:22.04 q-aq:22.37 q-noVbv:22.04 q-Rceq:0.98 tex:592 mv:529 misc:463 icu:0.50 pcu:58.50 scu:1501.00 tlayer:4 pbqpoffset:6.68 pbfactor:2.16 avgQpOffsetCutree:0.00;
in:47 out:48 type:b q:21.54 q-aq:22.00 q-noVbv:21.54 q-Rceq:0.98 tex:482 mv:385 misc:437 icu:0.00 pcu:76.50 scu:1483.50 tlayer:4 pbqpoffset:6.68 pbfactor:2.16 avgQpOffsetCutree:0.00;
in:64 out:49 type:k q:13.84 q-aq:8.56 q-noVbv:13.84 q-Rceq:0.98 tex:692375 mv:48523 misc:2966 icu:1521.50 pcu:38.50 scu:0.00 tlayer:0 pbqpoffset:0.77 pbfactor:1.09 avgQpOffsetCutree:-6.89;
in:56 out:50 type:B q:16.16 q-aq:12.31 q-noVbv:16.16 q-Rceq:0.98 tex:282552 mv:32749 misc:5011 icu:467.00 pcu:904.00 scu:189.00 tlayer:1 pbqpoffset:1.94 pbfactor:1.25 avgQpOffsetCutree:-4.51;
in:52 out:51 type:B q:18.22 q-aq:14.70 q-noVbv:18.22 q-Rceq:0.98 tex:33591 mv:6638 misc:2803 icu:65.00 pcu:540.25 scu:954.75 tlayer:2 pbqpoffset:3.80 pbfactor:1.55 avgQpOffsetCutree:-3.30;
in:50 out:52 type:B q:18.32 q-aq:16.95 q-noVbv:18.32 q-Rceq:0.98 tex:11054 mv:2557 misc:1453 icu:14.00 pcu:426.50 scu:1119.50 tlayer:3 pbqpoffset:3.80 pbfactor:1.55 avgQpOffsetCutree:-1.68;
in:49 out:53 type:b q:21.37 q-aq:21.26 q-noVbv:21.37 q-Rceq:0.98 tex:1304 mv:660 misc:572 icu:0.00 pcu:105.50 scu:1454.50 tlayer:4 pbqpoffset:6.80 pbfactor:2.19 avgQpOffsetCutree:0.00;
in:51 out:54 type:b q:21.27 q-aq:21.25 q-noVbv:21.27 q-Rceq:0.98 tex:2811 mv:1062 misc:759 icu:4.50 pcu:170.50 scu:1385.00 tlayer:4 pbqpoffset:6.80 pbfactor:2.19 avgQpOffsetCutree:0.00;
in:54 out:55 type:B q:18.13 q-aq:16.89 q-noVbv:18.13 q-Rceq:0.98 tex:11892 mv:3205 misc:1695 icu:20.50 pcu:375.00 scu:1164.50 tlayer:3 pbqpoffset:3.80 pbfactor:1.55 avgQpOffsetCutree:-1.68;
in:53 out:56 type:b q:21.17 q-aq:21.13 q-noVbv:21.17 q-Rceq:0.98 tex:2929 mv:1062 misc:769 icu:4.00 pcu:131.25 scu:1424.75 tlayer:4 pbqpoffset:6.80 pbfactor:2.19 avgQpOffsetCutree:0.00;
in:55 out:57 type:b q:21.08 q-aq:21.04 q-noVbv:21.08 q-Rceq:0.98 tex:4626 mv:1213 misc:785 icu:10.50 pcu:184.75 scu:1364.75 tlayer:4 pbqpoffset:6.80 pbfactor:2.19 avgQpOffsetCutree:0.00;
in:60 out:58 type:B q:17.83 q-aq:14.50 q-noVbv:17.83 q-Rceq:0.98 tex:76237 mv:7825 misc:4658 icu:75.25 pcu:998.50 scu:486.25 tlayer:2 pbqpoffset:3.80 pbfactor:1.55 avgQpOffsetCutree:-3.37;
in:58 out:59 type:B q:17.93 q-aq:16.69 q-noVbv:17.93 q-Rceq:0.98 tex:15320 mv:3735 misc:2097 icu:26.25 pcu:549.50 scu:984.25 tlayer:3 pbqpoffset:3.80 pbfactor:1.55 avgQpOffsetCutree:-1.67;
in:57 out:60 type:b q:20.98 q-aq:21.02 q-noVbv:20.98 q-Rceq:0.98 tex:2992 mv:1135 misc:873 icu:2.75 pcu:250.50 scu:1306.75 tlayer:4 pbqpoffset:6.80 pbfactor:2.19 avgQpOffsetCutree:0.00;
in:59 out:61 type:b q:20.88 q-aq:21.03 q-noVbv:20.88 q-Rceq:0.98 tex:6710 mv:1859 misc:783 icu:17.75 pcu:227.25 scu:1315.00 tlayer:4 pbqpoffset:6.80 pbfactor:2.19 avgQpOffsetCutree:0.00;
in:62 out:62 type:B q:17.74 q-aq:16.51 q-noVbv:17.74 q-Rceq:0.98 tex:13842 mv:3144 misc:2118 icu:11.00 pcu:470.25 scu:1078.75 tlayer:3 pbqpoffset:3.80 pbfactor:1.55 avgQpOffsetCutree:-1.73;
in:61 out:63 type:b q:20.79 q-aq:21.00 q-noVbv:20.79 q-Rceq:0.98 tex:3252 mv:1025 misc:779 icu:6.00 pcu:144.25 scu:1409.75 tlayer:4 pbqpoffset:6.80 pbfactor:2.19 avgQpOffsetCutree:0.00;
in:63 out:64 type:b q:20.69 q-aq:21.00 q-noVbv:20.69 q-Rceq:0.98 tex:1791 mv:1031 misc:786 icu:0.00 pcu:180.00 scu:1380.00 tlayer:4 pbqpoffset:6.80 pbfactor:2.19 avgQpOffsetCutree:0.00;
in:80 out:65 type:k q:9.95 q-aq:4.11 q-noVbv:9.95 q-Rceq:0.98 tex:968928 mv:56285 misc:2923 icu:877.00 pcu:677.00 scu:6.00 tlayer:0 pbqpoffset:0.60 pbfactor:1.07 avgQpOffsetCutree:-6.66;
in:72 out:66 type:B q:13.76 q-aq:9.30 q-noVbv:13.76 q-Rceq:0.98 tex:302053 mv:40900 misc:4847 icu:274.25 pcu:1117.00 scu:168.75 tlayer:1 pbqpoffset:1.87 pbfactor:1.24 avgQpOffsetCutree:-4.71;
in:68 out:67 type:B q:16.10 q-aq:12.80 q-noVbv:16.10 q-Rceq:0.98 tex:39963 mv:8722 misc:3299 icu:26.00 pcu:656.00 scu:878.00 tlayer:2 pbqpoffset:3.24 pbfactor:1.45 avgQpOffsetCutree:-3.37;
in:66 out:68 type:B q:17.09 q-aq:15.79 q-noVbv:17.09 q-Rceq:0.98 tex:12640 mv:3416 misc:1632 icu:7.00 pcu:359.50 scu:1193.50 tlayer:3 pbqpoffset:3.73 pbfactor:1.54 avgQpOffsetCutree:-1.74;
in:65 out:69 type:b q:20.33 q-aq:20.16 q-noVbv:20.33 q-Rceq:0.98 tex:2651 mv:1136 misc:805 icu:0.50 pcu:195.75 scu:1363.75 tlayer:4 pbqpoffset:6.73 pbfactor:2.18 avgQpOffsetCutree:0.00;
in:67 out:70 type:b q:19.84 q-aq:20.00 q-noVbv:19.84 q-Rceq:0.98 tex:2748 mv:1158 misc:830 icu:0.75 pcu:221.50 scu:1337.75 tlayer:4 pbqpoffset:6.73 pbfactor:2.18 avgQpOffsetCutree:0.00;
in:70 out:71 type:B q:16.11 q-aq:14.93 q-noVbv:16.11 q-Rceq:0.98 tex:14319 mv:4215 misc:1850 icu:12.50 pcu:452.25 scu:1095.25 tlayer:3 pbqpoffset:3.73 pbfactor:1.54 avgQpOffsetCutree:-1.69;
in:69 out:72 type:b q:19.36 q-aq:19.06 q-noVbv:19.36 q-Rceq:0.98 tex:2820 mv:1211 misc:833 icu:2.00 pcu:198.50 scu:1359.50 tlayer:4 pbqpoffset:6.73 pbfactor:2.18 avgQpOffsetCutree:0.00;
in:71 out:73 type:b q:18.87 q-aq:19.00 q-noVbv:18.87 q-Rceq:0.98 tex:3533 mv:800 misc:715 icu:0.75 pcu:174.25 scu:1385.00 tlayer:4 pbqpoffset:6.73 pbfactor:2.18 avgQpOffsetCutree:0.00;
in:76 out:74 type:B q:13.97 q-aq:10.89 q-noVbv:13.97 q-Rceq:0.98 tex:52948 mv:9403 misc:3289 icu:90.50 pcu:613.75 scu:855.75 tlayer:2 pbqpoffset:3.05 pbfactor:1.42 avgQpOffsetCutree:-3.12;
in:74 out:75 type:B q:15.14 q-aq:13.79 q-noVbv:15.14 q-Rceq:0.98 tex:18124 mv:5038 misc:2102 icu:18.25 pcu:477.00 scu:1064.75 tlayer:3 pbqpoffset:3.73 pbfactor:1.54 avgQpOffsetCutree:-1.77;
in:73 out:76 type:b q:18.38 q-aq:18.20 q-noVbv:18.38 q-Rceq:0.98 tex:3141 mv:1147 misc:848 icu:0.75 pcu:163.25 scu:1396.00 tlayer:4 pbqpoffset:6.73 pbfactor:2.18 avgQpOffsetCutree:0.00;
in:75 out:77 type:b q:17.90 q-aq:18.00 q-noVbv:17.90 q-Rceq:0.98 tex:4388 mv:1524 misc:968 icu:5.00 pcu:246.75 scu:1308.25 tlayer:4 pbqpoffset:6.73 pbfactor:2.18 avgQpOffsetCutree:0.00;
in:78 out:78 type:B q:14.17 q-aq:12.56 q-noVbv:14.17 q-Rceq:0.98 tex:20804 mv:4612 misc:2128 icu:6.75 pcu:471.00 scu:1082.25 tlayer:3 pbqpoffset:3.73 pbfactor:1.54 avgQpOffsetCutree:-1.76;
in:77 out:79 type:b q:17.41 q-aq:17.08 q-noVbv:17.41 q-Rceq:0.98 tex:2739 mv:1130 misc:955 icu:1.00 pcu:297.75 scu:1261.25 tlayer:4 pbqpoffset:6.73 pbfactor:2.18 avgQpOffsetCutree:0.00;
in:79 out:80 type:b q:16.92 q-aq:17.00 q-noVbv:16.92 q-Rceq:0.98 tex:2085 mv:885 misc:702 icu:1.25 pcu:125.25 scu:1433.50 tlayer:4 pbqpoffset:6.73 pbfactor:2.18 avgQpOffsetCutree:0.00;
in:96 out:81 type:k q:10.61 q-aq:4.87 q-noVbv:10.61 q-Rceq:0.98 tex:949908 mv:57087 misc:2381 icu:1519.25 pcu:40.75 scu:0.00 tlayer:0 pbqpoffset:0.68 pbfactor:1.08 avgQpOffsetCutree:-7.13;
in:88 out:82 type:B q:12.06 q-aq:7.99 q-noVbv:12.06 q-Rceq:0.98 tex:438971 mv:40643 misc:4306 icu:556.75 pcu:940.00 scu:63.25 tlayer:1 pbqpoffset:1.78 pbfactor:1.23 avgQpOffsetCutree:-4.62;
in:84 out:83 type:B q:13.76 q-aq:10.45 q-noVbv:13.76 q-Rceq:0.98 tex:58622 mv:10097 misc:3713 icu:68.50 pcu:603.50 scu:888.00 tlayer:2 pbqpoffset:3.64 pbfactor:1.52 avgQpOffsetCutree:-3.27;
in:82 out:84 type:B q:13.67 q-aq:12.21 q-noVbv:13.67 q-Rceq:0.98 tex:29449 mv:5761 misc:2734 icu:26.25 pcu:572.00 scu:961.75 tlayer:3 pbqpoffset:3.64 pbfactor:1.52 avgQpOffsetCutree:-1.70;
in:81 out:85 type:b q:16.63 q-aq:16.78 q-noVbv:16.63 q-Rceq:0.98 tex:4066 mv:1357 misc:977 icu:1.25 pcu:176.00 scu:1382.75 tlayer:4 pbqpoffset:6.64 pbfactor:2.15 avgQpOffsetCutree:0.00;
in:83 out:86 type:b q:16.71 q-aq:16.96 q-noVbv:16.71 q-Rceq:0.98 tex:4243 mv:1292 misc:961 icu:1.00 pcu:194.00 scu:1365.00 tlayer:4 pbqpoffset:6.64 pbfactor:2.15 avgQpOffsetCutree:0.00;
in:86 out:87 type:B q:13.84 q-aq:12.25 q-noVbv:13.84 q-Rceq:0.98 tex:23613 mv:5164 misc:2343 icu:25.75 pcu:458.50 scu:1075.75 tlayer:3 pbqpoffset:3.64 pbfactor:1.52 avgQpOffsetCutree:-1.69;
in:85 out:88 type:b q:16.80 q-aq:17.00 q-noVbv:16.80 q-Rceq:0.98 tex:2842 mv:1149 misc:993 icu:0.25 pcu:200.50 scu:1359.25 tlayer:4 pbqpoffset:6.64 pbfactor:2.15 avgQpOffsetCutree:0.00;
in:87 out:89 type:b q:16.88 q-aq:17.00 q-noVbv:16.88 q-Rceq:0.98 tex:3465 mv:1215 misc:968 icu:0.75 pcu:185.25 scu:1374.00 tlayer:4 pbqpoffset:6.64 pbfactor:2.15 avgQpOffsetCutree:0.00;
in:92 out:90 type:B q:14.03 q-aq:10.75 q-noVbv:14.03 q-Rceq:0.98 tex:141247 mv:11848 misc:5305 icu:77.75 pcu:1090.50 scu:391.75 tlayer:2 pbqpoffset:3.59 pbfactor:1.51 avgQpOffsetCutree:-3.48;
in:90 out:91 type:B q:14.00 q-aq:12.36 q-noVbv:14.00 q-Rceq:0.98 tex:34495 mv:7156 misc:3693 icu:69.00 pcu:615.75 scu:875.25 tlayer:3 pbqpoffset:3.64 pbfactor:1.52 avgQpOffsetCutree:-1.70;
in:89 out:92 type:b q:16.96 q-aq:17.00 q-noVbv:16.96 q-Rceq:0.98 tex:4051 mv:1241 misc:1604 icu:1.50 pcu:227.00 scu:1331.50 tlayer:4 pbqpoffset:6.64 pbfactor:2.15 avgQpOffsetCutree:0.00;
in:91 out:93 type:b q:17.05 q-aq:17.00 q-noVbv:17.05 q-Rceq:0.98 tex:3672 mv:1503 misc:1153 icu:0.25 pcu:280.25 scu:1279.50 tlayer:4 pbqpoffset:6.64 pbfactor:2.15 avgQpOffsetCutree:0.00;
in:94 out:94 type:B q:14.17 q-aq:12.55 q-noVbv:14.17 q-Rceq:0.98 tex:26385 mv:5000 misc:3111 icu:20.75 pcu:584.25 scu:955.00 tlayer:3 pbqpoffset:3.64 pbfactor:1.52 avgQpOffsetCutree:-1.68;
in:93 out:95 type:b q:17.13 q-aq:17.02 q-noVbv:17.13 q-Rceq:0.98 tex:4035 mv:1527 misc:1406 icu:0.00 pcu:299.50 scu:1260.50 tlayer:4 pbqpoffset:6.64 pbfactor:2.15 avgQpOffsetCutree:0.00;
in:95 out:96 type:b q:17.21 q-aq:17.05 q-noVbv:17.21 q-Rceq:0.98 tex:3230 mv:1279 misc:1187 icu:0.50 pcu:239.25 scu:1320.25 tlayer:4 pbqpoffset:6.64 pbfactor:2.15 avgQpOffsetCutree:0.00;
in:112 out:97 type:k q:11.53 q-aq:5.27 q-noVbv:11.53 q-Rceq:0.98 tex:793652 mv:56108 misc:3152 icu:819.75 pcu:737.25 scu:3.00 tlayer:0 pbqpoffset:1.23 pbfactor:1.15 avgQpOffsetCutree:-6.68;
in:104 out:98 type:B q:12.65 q-aq:8.03 q-noVbv:12.65 q-Rceq:0.98 tex:310350 mv:44821 misc:5069 icu:283.00 pcu:1136.75 scu:140.25 tlayer:1 pbqpoffset:1.58 pbfactor:1.20 avgQpOffsetCutree:-4.74;
in:100 out:99 type:B q:12.90 q-aq:9.65 q-noVbv:12.90 q-Rceq:0.98 tex:75925 mv:14152 misc:4307 icu:57.00 pcu:760.50 scu:742.50 tlayer:2 pbqpoffset:2.06 pbfactor:1.27 avgQpOffsetCutree:-3.25;
in:98 out:100 type:B q:14.17 q-aq:12.72 q-noVbv:14.17 q-Rceq:0.98 tex:18498 mv:4018 misc:2172 icu:11.25 pcu:448.25 scu:1100.50 tlayer:3 pbqpoffset:3.44 pbfactor:1.49 avgQpOffsetCutree:-1.64;
in:97 out:101 type:b q:17.11 q-aq:17.00 q-noVbv:17.11 q-Rceq:0.98 tex:3716 mv:972 misc:904 icu:0.00 pcu:145.75 scu:1414.25 tlayer:4 pbqpoffset:6.44 pbfactor:2.11 avgQpOffsetCutree:0.00;
in:99 out:102 type:b q:17.23 q-aq:17.01 q-noVbv:17.23 q-Rceq:0.98 tex:3081 mv:1052 misc:947 icu:0.50 pcu:217.50 scu:1342.00 tlayer:4 pbqpoffset:6.44 pbfactor:2.11 avgQpOffsetCutree:0.00;
in:102 out:103 type:B q:14.15 q-aq:12.71 q-noVbv:14.15 q-Rceq:0.98 tex:20546 mv:4889 misc:2357 icu:9.75 pcu:488.75 scu:1061.50 tlayer:3 pbqpoffset:3.20 pbfactor:1.45 avgQpOffsetCutree:-1.66;
in:101 out:104 type:b q:17.34 q-aq:17.14 q-noVbv:17.34 q-Rceq:0.98 tex:2777 mv:1149 misc:946 icu:0.00 pcu:319.75 scu:1240.25 tlayer:4 pbqpoffset:6.44 pbfactor:2.11 avgQpOffsetCutree:0.00;
in:103 out:105 type:b q:17.27 q-aq:17.13 q-noVbv:17.27 q-Rceq:0.98 tex:3108 mv:1570 misc:994 icu:0.75 pcu:250.50 scu:1308.75 tlayer:4 pbqpoffset:6.25 pbfactor:2.06 avgQpOffsetCutree:0.00;
in:108 out:106 type:B q:13.65 q-aq:10.65 q-noVbv:13.65 q-Rceq:0.98 tex:55076 mv:10400 misc:3364 icu:59.75 pcu:558.00 scu:942.25 tlayer:2 pbqpoffset:2.35 pbfactor:1.31 avgQpOffsetCutree:-3.15;
in:106 out:107 type:B q:14.45 q-aq:12.74 q-noVbv:14.45 q-Rceq:0.98 tex:49055 mv:9227 misc:3718 icu:18.00 pcu:1024.50 scu:517.50 tlayer:3 pbqpoffset:3.26 pbfactor:1.46 avgQpOffsetCutree:-1.79;
in:105 out:108 type:b q:17.57 q-aq:17.25 q-noVbv:17.57 q-Rceq:0.98 tex:2461 mv:1218 misc:1033 icu:0.50 pcu:236.25 scu:1323.25 tlayer:4 pbqpoffset:6.44 pbfactor:2.11 avgQpOffsetCutree:0.00;
in:107 out:109 type:b q:17.69 q-aq:17.72 q-noVbv:17.69 q-Rceq:0.98 tex:2856 mv:1162 misc:814 icu:0.25 pcu:230.75 scu:1329.00 tlayer:4 pbqpoffset:6.44 pbfactor:2.11 avgQpOffsetCutree:0.00;
in:110 out:110 type:B q:14.86 q-aq:13.46 q-noVbv:14.86 q-Rceq:0.98 tex:17038 mv:4403 misc:2143 icu:10.75 pcu:338.50 scu:1210.75 tlayer:3 pbqpoffset:3.44 pbfactor:1.49 avgQpOffsetCutree:-1.69;
in:109 out:111 type:b q:17.80 q-aq:18.00 q-noVbv:17.80 q-Rceq:0.98 tex:1976 mv:1018 misc:774 icu:0.00 pcu:203.00 scu:1357.00 tlayer:4 pbqpoffset:6.44 pbfactor:2.11 avgQpOffsetCutree:0.00;
in:111 out:112 type:b q:17.92 q-aq:18.00 q-noVbv:17.92 q-Rceq:0.98 tex:2357 mv:1001 misc:706 icu:0.25 pcu:156.50 scu:1403.25 tlayer:4 pbqpoffset:6.44 pbfactor:2.11 avgQpOffsetCutree:0.00;
in:128 out:113 type:k q:11.81 q-aq:5.95 q-noVbv:11.81 q-Rceq:0.98 tex:822035 mv:55516 misc:2593 icu:1534.50 pcu:25.50 scu:0.00 tlayer:0 pbqpoffset:0.31 pbfactor:1.04 avgQpOffsetCutree:-7.09;
in:120 out:114 type:B q:13.55 q-aq:9.20 q-noVbv:13.55 q-Rceq:0.98 tex:314229 mv:39029 misc:4446 icu:463.50 pcu:899.50 scu:197.00 tlayer:1 pbqpoffset:1.88 pbfactor:1.24 avgQpOffsetCutree:-4.61;
in:116 out:115 type:B q:14.99 q-aq:11.74 q-noVbv:14.99 q-Rceq:0.98 tex:42442 mv:9289 misc:3213 icu:23.00 pcu:632.50 scu:904.50 tlayer:2 pbqpoffset:3.39 pbfactor:1.48 avgQpOffsetCutree:-3.13;
in:114 out:116 type:B q:14.96 q-aq:13.36 q-noVbv:14.96 q-Rceq:0.98 tex:15077 mv:3810 misc:2217 icu:3.75 pcu:456.50 scu:1099.75 tlayer:3 pbqpoffset:3.39 pbfactor:1.48 avgQpOffsetCutree:-1.71;
in:113 out:117 type:b q:17.94 q-aq:18.00 q-noVbv:17.94 q-Rceq:0.98 tex:1612 mv:895 misc:757 icu:0.00 pcu:178.00 scu:1382.00 tlayer:4 pbqpoffset:6.39 pbfactor:2.09 avgQpOffsetCutree:0.00;
in:115 out:118 type:b q:17.98 q-aq:18.00 q-noVbv:17.98 q-Rceq:0.98 tex:1415 mv:642 misc:703 icu:0.00 pcu:128.75 scu:1431.25 tlayer:4 pbqpoffset:6.39 pbfactor:2.09 avgQpOffsetCutree:0.00;
in:118 out:119 type:B q:15.03 q-aq:13.47 q-noVbv:15.03 q-Rceq:0.98 tex:19903 mv:5582 misc:2475 icu:7.00 pcu:669.00 scu:884.00 tlayer:3 pbqpoffset:3.39 pbfactor:1.48 avgQpOffsetCutree:-1.70;
in:117 out:120 type:b q:18.01 q-aq:18.00 q-noVbv:18.01 q-Rceq:0.98 tex:1064 mv:711 misc:745 icu:0.00 pcu:145.00 scu:1415.00 tlayer:4 pbqpoffset:6.39 pbfactor:2.09 avgQpOffsetCutree:0.00;
in:119 out:121 type:b q:18.05 q-aq:18.00 q-noVbv:18.05 q-Rceq:0.98 tex:1190 mv:824 misc:778 icu:0.00 pcu:140.75 scu:1419.25 tlayer:4 pbqpoffset:6.39 pbfactor:2.09 avgQpOffsetCutree:0.00;
in:124 out:122 type:B q:15.13 q-aq:11.70 q-noVbv:15.13 q-Rceq:0.98 tex:131619 mv:11318 misc:5023 icu:79.00 pcu:1145.50 scu:335.50 tlayer:2 pbqpoffset:3.39 pbfactor:1.48 avgQpOffsetCutree:-3.46;
in:122 out:123 type:B q:15.10 q-aq:13.48 q-noVbv:15.10 q-Rceq:0.98 tex:16612 mv:4076 misc:2648 icu:16.00 pcu:588.00 scu:956.00 tlayer:3 pbqpoffset:3.39 pbfactor:1.48 avgQpOffsetCutree:-1.72;
in:121 out:124 type:b q:18.08 q-aq:18.00 q-noVbv:18.08 q-Rceq:0.98 tex:2142 mv:1109 misc:1029 icu:0.25 pcu:289.50 scu:1270.25 tlayer:4 pbqpoffset:6.39 pbfactor:2.09 avgQpOffsetCutree:0.00;
in:123 out:125 type:b q:18.11 q-aq:18.00 q-noVbv:18.11 q-Rceq:0.98 tex:2402 mv:1018 misc:996 icu:0.25 pcu:224.00 scu:1335.75 tlayer:4 pbqpoffset:6.39 pbfactor:2.09 avgQpOffsetCutree:0.00;
in:126 out:126 type:B q:15.17 q-aq:13.78 q-noVbv:15.17 q-Rceq:0.98 tex:16535 mv:4482 misc:2911 icu:24.75 pcu:472.25 scu:1063.00 tlayer:3 pbqpoffset:3.39 pbfactor:1.48 avgQpOffsetCutree:-1.65;
in:125 out:127 type:b q:18.15 q-aq:18.00 q-noVbv:18.15 q-Rceq:0.98 tex:1096 mv:880 misc:832 icu:1.00 pcu:267.75 scu:1291.25 tlayer:4 pbqpoffset:6.39 pbfactor:2.09 avgQpOffsetCutree:0.00;
in:127 out:128 type:b q:18.18 q-aq:18.00 q-noVbv:18.18 q-Rceq:0.98 tex:488 mv:612 misc:636 icu:0.00 pcu:175.75 scu:1384.25 tlayer:4 pbqpoffset:6.39 pbfactor:2.09 avgQpOffsetCutree:0.00;
in:144 out:129 type:k q:12.06 q-aq:5.74 q-noVbv:12.06 q-Rceq:0.98 tex:701494 mv:54139 misc:3007 icu:817.50 pcu:735.25 scu:7.25 tlayer:0 pbqpoffset:0.89 pbfactor:1.11 avgQpOffsetCutree:-6.70;
in:136 out:130 type:B q:13.46 q-aq:8.83 q-noVbv:13.46 q-Rceq:0.98 tex:238354 mv:39877 misc:5201 icu:232.25 pcu:1153.25 scu:174.50 tlayer:1 pbqpoffset:1.52 pbfactor:1.19 avgQpOffsetCutree:-4.56;
in:132 out:131 type:B q:14.23 q-aq:10.90 q-noVbv:14.23 q-Rceq:0.98 tex:49174 mv:11393 misc:3529 icu:37.50 pcu:737.50 scu:785.00 tlayer:2 pbqpoffset:2.36 pbfactor:1.31 avgQpOffsetCutree:-3.29;
in:130 out:132 type:B q:15.23 q-aq:13.55 q-noVbv:15.23 q-Rceq:0.98 tex:10031 mv:3640 misc:1889 icu:6.00 pcu:442.25 scu:1111.75 tlayer:3 pbqpoffset:3.39 pbfactor:1.48 avgQpOffsetCutree:-1.70;
in:129 out:133 type:b q:18.21 q-aq:18.00 q-noVbv:18.21 q-Rceq:0.98 tex:620 mv:505 misc:619 icu:0.00 pcu:115.75 scu:1444.25 tlayer:4 pbqpoffset:6.39 pbfactor:2.09 avgQpOffsetCutree:0.00;
in:131 out:134 type:b q:18.24 q-aq:18.00 q-noVbv:18.24 q-Rceq:0.98 tex:804 mv:604 misc:672 icu:0.00 pcu:115.00 scu:1445.00 tlayer:4 pbqpoffset:6.39 pbfactor:2.09 avgQpOffsetCutree:0.00;
in:134 out:135 type:B q:15.29 q-aq:13.73 q-noVbv:15.29 q-Rceq:0.98 tex:17085 mv:5875 misc:2520 icu:3.00 pcu:602.75 scu:954.25 tlayer:3 pbqpoffset:3.39 pbfactor:1.48 avgQpOffsetCutree:-1.71;
in:133 out:136 type:b q:18.27 q-aq:18.00 q-noVbv:18.27 q-Rceq:0.98 tex:1030 mv:1121 misc:817 icu:0.75 pcu:286.25 scu:1273.00 tlayer:4 pbqpoffset:6.39 pbfactor:2.09 avgQpOffsetCutree:0.00;
in:135 out:137 type:b q:17.79 q-aq:18.00 q-noVbv:17.79 q-Rceq:0.98 tex:2010 mv:904 misc:774 icu:0.25 pcu:176.25 scu:1383.50 tlayer:4 pbqpoffset:5.87 pbfactor:1.97 avgQpOffsetCutree:0.00;
in:140 out:138 type:B q:14.61 q-aq:11.33 q-noVbv:14.61 q-Rceq:0.98 tex:42557 mv:9494 misc:3133 icu:44.75 pcu:626.00 scu:889.25 tlayer:2 pbqpoffset:2.61 pbfactor:1.35 avgQpOffsetCutree:-3.12;
in:138 out:139 type:B q:15.35 q-aq:13.53 q-noVbv:15.35 q-Rceq:0.98 tex:13870 mv:4215 misc:2371 icu:1.50 pcu:475.00 scu:1083.50 tlayer:3 pbqpoffset:3.39 pbfactor:1.48 avgQpOffsetCutree:-1.73;
in:137 out:140 type:b q:18.34 q-aq:18.02 q-noVbv:18.34 q-Rceq:0.98 tex:1753 mv:1026 misc:853 icu:0.25 pcu:170.50 scu:1389.25 tlayer:4 pbqpoffset:6.39 pbfactor:2.09 avgQpOffsetCutree:0.00;
in:139 out:141 type:b q:18.37 q-aq:18.00 q-noVbv:18.37 q-Rceq:0.98 tex:822 mv:586 misc:744 icu:0.00 pcu:98.25 scu:1461.75 tlayer:4 pbqpoffset:6.39 pbfactor:2.09 avgQpOffsetCutree:0.00;
in:142 out:142 type:B q:15.42 q-aq:14.04 q-noVbv:15.42 q-Rceq:0.98 tex:10522 mv:3433 misc:1725 icu:2.50 pcu:460.50 scu:1097.00 tlayer:3 pbqpoffset:3.39 pbfactor:1.48 avgQpOffsetCutree:-1.69;
in:141 out:143 type:b q:18.40 q-aq:18.00 q-noVbv:18.40 q-Rceq:0.98 tex:535 mv:741 misc:668 icu:1.00 pcu:174.50 scu:1384.50 tlayer:4 pbqpoffset:6.39 pbfactor:2.09 avgQpOffsetCutree:0.00;
in:143 out:144 type:b q:18.43 q-aq:18.00 q-noVbv:18.43 q-Rceq:0.98 tex:579 mv:552 misc:597 icu:0.00 pcu:173.50 scu:1386.50 tlayer:4 pbqpoffset:6.39 pbfactor:2.09 avgQpOffsetCutree:0.00;
in:160 out:145 type:k q:11.95 q-aq:6.15 q-noVbv:11.95 q-Rceq:0.98 tex:791108 mv:52117 misc:2703 icu:1521.75 pcu:35.75 scu:2.50 tlayer:0 pbqpoffset:0.47 pbfactor:1.06 avgQpOffsetCutree:-6.98;
in:152 out:146 type:B q:13.99 q-aq:9.55 q-noVbv:13.99 q-Rceq:0.98 tex:288641 mv:32530 misc:4965 icu:445.50 pcu:925.25 scu:189.25 tlayer:1 pbqpoffset:1.98 pbfactor:1.26 avgQpOffsetCutree:-4.60;
in:148 out:147 type:B q:15.41 q-aq:11.90 q-noVbv:15.41 q-Rceq:0.98 tex:36083 mv:7952 misc:3045 icu:33.00 pcu:559.50 scu:967.50 tlayer:2 pbqpoffset:3.38 pbfactor:1.48 avgQpOffsetCutree:-3.34;
in:146 out:148 type:B q:15.42 q-aq:13.90 q-noVbv:15.42 q-Rceq:0.98 tex:11435 mv:3744 misc:1933 icu:7.50 pcu:516.50 scu:1036.00 tlayer:3 pbqpoffset:3.38 pbfactor:1.48 avgQpOffsetCutree:-1.67;
in:145 out:149 type:b q:18.43 q-aq:18.00 q-noVbv:18.43 q-Rceq:0.98 tex:584 mv:517 misc:611 icu:0.00 pcu:113.50 scu:1446.50 tlayer:4 pbqpoffset:6.38 pbfactor:2.09 avgQpOffsetCutree:0.00;
in:147 out:150 type:b q:18.42 q-aq:18.08 q-noVbv:18.42 q-Rceq:0.98 tex:976 mv:885 misc:827 icu:0.00 pcu:151.25 scu:1408.75 tlayer:4 pbqpoffset:6.38 pbfactor:2.09 avgQpOffsetCutree:0.00;
in:150 out:151 type:B q:15.40 q-aq:13.86 q-noVbv:15.40 q-Rceq:0.98 tex:11656 mv:3858 misc:1862 icu:2.50 pcu:567.50 scu:990.00 tlayer:3 pbqpoffset:3.38 pbfactor:1.48 avgQpOffsetCutree:-1.69;
in:149 out:152 type:b q:18.40 q-aq:18.00 q-noVbv:18.40 q-Rceq:0.98 tex:1219 mv:864 misc:709 icu:1.25 pcu:149.75 scu:1409.00 tlayer:4 pbqpoffset:6.38 pbfactor:2.09 avgQpOffsetCutree:0.00;
in:151 out:153 type:b q:18.39 q-aq:18.01 q-noVbv:18.39 q-Rceq:0.98 tex:870 mv:723 misc:599 icu:4.00 pcu:216.00 scu:1340.00 tlayer:4 pbqpoffset:6.38 pbfactor:2.09 avgQpOffsetCutree:0.00;
in:156 out:154 type:B q:15.31 q-aq:11.69 q-noVbv:15.31 q-Rceq:0.98 tex:120388 mv:12031 misc:5093 icu:65.25 pcu:1077.25 scu:417.50 tlayer:2 pbqpoffset:3.33 pbfactor:1.47 avgQpOffsetCutree:-3.56;
in:154 out:155 type:B q:15.37 q-aq:13.88 q-noVbv:15.37 q-Rceq:0.98 tex:13934 mv:3969 misc:2561 icu:8.25 pcu:572.50 scu:979.25 tlayer:3 pbqpoffset:3.38 pbfactor:1.48 avgQpOffsetCutree:-1.70;
in:153 out:156 type:b q:18.38 q-aq:18.00 q-noVbv:18.38 q-Rceq:0.98 tex:798 mv:994 misc:912 icu:0.00 pcu:305.75 scu:1254.25 tlayer:4 pbqpoffset:6.38 pbfactor:2.09 avgQpOffsetCutree:0.00;
in:155 out:157 type:b q:18.36 q-aq:18.00 q-noVbv:18.36 q-Rceq:0.98 tex:614 mv:898 misc:744 icu:0.25 pcu:270.25 scu:1289.50 tlayer:4 pbqpoffset:6.38 pbfactor:2.09 avgQpOffsetCutree:0.00;
in:158 out:158 type:B q:15.34 q-aq:13.78 q-noVbv:15.34 q-Rceq:0.98 tex:15325 mv:4117 misc:2742 icu:15.50 pcu:472.50 scu:1072.00 tlayer:3 pbqpoffset:3.38 pbfactor:1.48 avgQpOffsetCutree:-1.65;
in:157 out:159 type:b q:18.35 q-aq:18.00 q-noVbv:18.35 q-Rceq:0.98 tex:1625 mv:1183 misc:864 icu:0.25 pcu:292.75 scu:1267.00 tlayer:4 pbqpoffset:6.38 pbfactor:2.09 avgQpOffsetCutree:0.00;
in:159 out:160 type:b q:18.33 q-aq:18.12 q-noVbv:18.33 q-Rceq:0.98 tex:1312 mv:807 misc:769 icu:1.25 pcu:198.75 scu:1360.00 tlayer:4 pbqpoffset:6.38 pbfactor:2.09 avgQpOffsetCutree:0.00;
in:176 out:161 type:k q:12.06 q-aq:5.63 q-noVbv:12.06 q-Rceq:0.98 tex:752446 mv:54988 misc:3094 icu:852.25 pcu:704.50 scu:3.25 tlayer:0 pbqpoffset:1.14 pbfactor:1.14 avgQpOffsetCutree:-6.87;
in:168 out:162 type:B q:13.56 q-aq:9.17 q-noVbv:13.56 q-Rceq:0.98 tex:273106 mv:39689 misc:4629 icu:322.50 pcu:1115.50 scu:122.00 tlayer:1 pbqpoffset:1.55 pbfactor:1.20 avgQpOffsetCutree:-4.48;
in:164 out:163 type:B q:14.86 q-aq:11.33 q-noVbv:14.86 q-Rceq:0.98 tex:44875 mv:10569 misc:3420 icu:52.00 pcu:627.50 scu:880.50 tlayer:2 pbqpoffset:2.88 pbfactor:1.39 avgQpOffsetCutree:-3.28;
in:162 out:164 type:B q:15.38 q-aq:13.91 q-noVbv:15.38 q-Rceq:0.98 tex:15206 mv:4110 misc:1884 icu:10.75 pcu:497.50 scu:1051.75 tlayer:3 pbqpoffset:3.42 pbfactor:1.48 avgQpOffsetCutree:-1.65;
in:161 out:165 type:b q:18.38 q-aq:18.12 q-noVbv:18.38 q-Rceq:0.98 tex:1663 mv:990 misc:779 icu:0.00 pcu:133.00 scu:1427.00 tlayer:4 pbqpoffset:6.42 pbfactor:2.10 avgQpOffsetCutree:0.00;
in:163 out:166 type:b q:18.39 q-aq:18.03 q-noVbv:18.39 q-Rceq:0.98 tex:1139 mv:621 misc:728 icu:0.25 pcu:198.00 scu:1361.75 tlayer:4 pbqpoffset:6.42 pbfactor:2.10 avgQpOffsetCutree:0.00;
in:166 out:167 type:B q:15.41 q-aq:13.95 q-noVbv:15.41 q-Rceq:0.98 tex:13830 mv:4074 misc:2144 icu:14.00 pcu:455.50 scu:1090.50 tlayer:3 pbqpoffset:3.42 pbfactor:1.48 avgQpOffsetCutree:-1.66;
in:165 out:168 type:b q:18.41 q-aq:18.12 q-noVbv:18.41 q-Rceq:0.98 tex:1768 mv:1065 misc:799 icu:4.25 pcu:162.25 scu:1393.50 tlayer:4 pbqpoffset:6.42 pbfactor:2.10 avgQpOffsetCutree:0.00;
in:167 out:169 type:b q:18.42 q-aq:18.15 q-noVbv:18.42 q-Rceq:0.98 tex:2001 mv:948 misc:755 icu:12.00 pcu:141.00 scu:1407.00 tlayer:4 pbqpoffset:6.42 pbfactor:2.10 avgQpOffsetCutree:0.00;
in:172 out:170 type:B q:14.32 q-aq:10.92 q-noVbv:14.32 q-Rceq:0.98 tex:52986 mv:10870 misc:3136 icu:42.00 pcu:604.00 scu:914.00 tlayer:2 pbqpoffset:2.28 pbfactor:1.30 avgQpOffsetCutree:-3.36;
in:170 out:171 type:B q:15.44 q-aq:14.06 q-noVbv:15.44 q-Rceq:0.98 tex:16979 mv:4775 misc:1894 icu:20.25 pcu:507.75 scu:1032.00 tlayer:3 pbqpoffset:3.42 pbfactor:1.48 avgQpOffsetCutree:-1.73;
in:169 out:172 type:b q:18.43 q-aq:18.02 q-noVbv:18.43 q-Rceq:0.98 tex:2291 mv:875 misc:842 icu:0.50 pcu:122.25 scu:1437.25 tlayer:4 pbqpoffset:6.42 pbfactor:2.10 avgQpOffsetCutree:0.00;
in:171 out:173 type:b q:18.45 q-aq:18.00 q-noVbv:18.45 q-Rceq:0.98 tex:2326 mv:1056 misc:858 icu:0.25 pcu:233.00 scu:1326.75 tlayer:4 pbqpoffset:6.42 pbfactor:2.10 avgQpOffsetCutree:0.00;
in:174 out:174 type:B q:15.47 q-aq:14.12 q-noVbv:15.47 q-Rceq:0.98 tex:20316 mv:5168 misc:2076 icu:10.50 pcu:469.00 scu:1080.50 tlayer:3 pbqpoffset:3.42 pbfactor:1.48 avgQpOffsetCutree:-1.70;
in:173 out:175 type:b q:18.46 q-aq:18.26 q-noVbv:18.46 q-Rceq:0.98 tex:2073 mv:939 misc:836 icu:0.75 pcu:131.50 scu:1427.75 tlayer:4 pbqpoffset:6.42 pbfactor:2.10 avgQpOffsetCutree:0.00;
in:175 out:176 type:b q:18.48 q-aq:18.15 q-noVbv:18.48 q-Rceq:0.98 tex:2128 mv:827 misc:797 icu:0.50 pcu:126.25 scu:1433.25 tlayer:4 pbqpoffset:6.42 pbfactor:2.10 avgQpOffsetCutree:0.00;
in:192 out:177 type:k q:12.09 q-aq:6.56 q-noVbv:12.09 q-Rceq:0.98 tex:843600 mv:54621 misc:2651 icu:1524.00 pcu:36.00 scu:0.00 tlayer:0 pbqpoffset:0.33 pbfactor:1.04 avgQpOffsetCutree:-7.11;
in:184 out:178 type:B q:13.89 q-aq:9.59 q-noVbv:13.89 q-Rceq:0.98 tex:317197 mv:35922 misc:4937 icu:406.75 pcu:973.50 scu:179.75 tlayer:1 pbqpoffset:1.81 pbfactor:1.23 avgQpOffsetCutree:-4.72;
in:180 out:179 type:B q:15.57 q-aq:12.05 q-noVbv:15.57 q-Rceq:0.98 tex:45357 mv:9596 misc:2815 icu:34.00 pcu:646.00 scu:880.00 tlayer:2 pbqpoffset:3.50 pbfactor:1.50 avgQpOffsetCutree:-3.35;
in:178 out:180 type:B q:15.57 q-aq:14.19 q-noVbv:15.57 q-Rceq:0.98 tex:16754 mv:3995 misc:2075 icu:22.00 pcu:417.00 scu:1121.00 tlayer:3 pbqpoffset:3.50 pbfactor:1.50 avgQpOffsetCutree:-1.70;
in:177 out:181 type:b q:18.57 q-aq:18.53 q-noVbv:18.57 q-Rceq:0.98 tex:1149 mv:582 misc:701 icu:4.25 pcu:90.00 scu:1465.75 tlayer:4 pbqpoffset:6.50 pbfactor:2.12 avgQpOffsetCutree:0.00;
in:179 out:182 type:b q:18.57 q-aq:18.73 q-noVbv:18.57 q-Rceq:0.98 tex:980 mv:793 misc:739 icu:0.00 pcu:122.00 scu:1438.00 tlayer:4 pbqpoffset:6.50 pbfactor:2.12 avgQpOffsetCutree:0.00;
in:182 out:183 type:B q:15.57 q-aq:14.20 q-noVbv:15.57 q-Rceq:0.98 tex:17626 mv:5020 misc:2162 icu:9.25 pcu:621.50 scu:929.25 tlayer:3 pbqpoffset:3.50 pbfactor:1.50 avgQpOffsetCutree:-1.68;
in:181 out:184 type:b q:18.57 q-aq:18.36 q-noVbv:18.57 q-Rceq:0.98 tex:1789 mv:845 misc:806 icu:0.00 pcu:203.00 scu:1357.00 tlayer:4 pbqpoffset:6.50 pbfactor:2.12 avgQpOffsetCutree:0.00;
in:183 out:185 type:b q:18.58 q-aq:18.52 q-noVbv:18.58 q-Rceq:0.98 tex:3546 mv:1293 misc:897 icu:0.50 pcu:219.00 scu:1340.50 tlayer:4 pbqpoffset:6.50 pbfactor:2.12 avgQpOffsetCutree:0.00;
in:188 out:186 type:B q:15.28 q-aq:11.95 q-noVbv:15.28 q-Rceq:0.98 tex:102705 mv:10500 misc:5115 icu:54.00 pcu:979.25 scu:526.75 tlayer:2 pbqpoffset:3.19 pbfactor:1.45 avgQpOffsetCutree:-3.57;
in:186 out:187 type:B q:15.58 q-aq:14.25 q-noVbv:15.58 q-Rceq:0.98 tex:23241 mv:5316 misc:2795 icu:17.00 pcu:565.00 scu:978.00 tlayer:3 pbqpoffset:3.50 pbfactor:1.50 avgQpOffsetCutree:-1.72;
in:185 out:188 type:b q:18.58 q-aq:18.35 q-noVbv:18.58 q-Rceq:0.98 tex:2974 mv:1046 misc:1124 icu:0.00 pcu:245.25 scu:1314.75 tlayer:4 pbqpoffset:6.50 pbfactor:2.12 avgQpOffsetCutree:0.00;
in:187 out:189 type:b q:18.58 q-aq:18.55 q-noVbv:18.58 q-Rceq:0.98 tex:3877 mv:1294 misc:1141 icu:0.00 pcu:260.00 scu:1300.00 tlayer:4 pbqpoffset:6.50 pbfactor:2.12 avgQpOffsetCutree:0.00;
in:190 out:190 type:B q:15.59 q-aq:14.25 q-noVbv:15.59 q-Rceq:0.98 tex:22430 mv:5542 misc:2740 icu:11.25 pcu:488.25 scu:1060.50 tlayer:3 pbqpoffset:3.50 pbfactor:1.50 avgQpOffsetCutree:-1.71;
in:189 out:191 type:b q:18.59 q-aq:18.59 q-noVbv:18.59 q-Rceq:0.98 tex:3197 mv:1416 misc:995 icu:0.25 pcu:216.50 scu:1343.25 tlayer:4 pbqpoffset:6.50 pbfactor:2.12 avgQpOffsetCutree:0.00;
in:191 out:192 type:b q:18.59 q-aq:18.65 q-noVbv:18.59 q-Rceq:0.98 tex:2957 mv:1024 misc:955 icu:0.25 pcu:202.50 scu:1357.25 tlayer:4 pbqpoffset:6.50 pbfactor:2.12 avgQpOffsetCutree:0.00;
in:208 out:193 type:k q:12.31 q-aq:5.83 q-noVbv:12.31 q-Rceq:0.98 tex:740945 mv:57170 misc:3109 icu:833.75 pcu:722.50 scu:3.75 tlayer:0 pbqpoffset:0.96 pbfactor:1.12 avgQpOffsetCutree:-7.03;
in:200 out:194 type:B q:13.86 q-aq:9.37 q-noVbv:13.86 q-Rceq:0.98 tex:243372 mv:39052 misc:5176 icu:266.00 pcu:1113.00 scu:181.00 tlayer:1 pbqpoffset:1.66 pbfactor:1.21 avgQpOffsetCutree:-4.79;
in:196 out:195 type:B q:14.60 q-aq:11.46 q-noVbv:14.60 q-Rceq:0.98 tex:58602 mv:10629 misc:3345 icu:44.75 pcu:738.00 scu:777.25 tlayer:2 pbqpoffset:2.46 pbfactor:1.33 avgQpOffsetCutree:-3.25;
in:194 out:196 type:B q:15.64 q-aq:14.22 q-noVbv:15.64 q-Rceq:0.98 tex:22270 mv:5053 misc:2005 icu:8.00 pcu:492.00 scu:1060.00 tlayer:3 pbqpoffset:3.52 pbfactor:1.50 avgQpOffsetCutree:-1.73;
in:193 out:197 type:b q:18.63 q-aq:18.98 q-noVbv:18.63 q-Rceq:0.98 tex:2867 mv:981 misc:888 icu:2.00 pcu:146.75 scu:1411.25 tlayer:4 pbqpoffset:6.52 pbfactor:2.12 avgQpOffsetCutree:0.00;
in:195 out:198 type:b q:18.65 q-aq:19.00 q-noVbv:18.65 q-Rceq:0.98 tex:3104 mv:929 misc:943 icu:0.25 pcu:177.25 scu:1382.50 tlayer:4 pbqpoffset:6.52 pbfactor:2.12 avgQpOffsetCutree:0.00;
in:198 out:199 type:B q:15.69 q-aq:14.14 q-noVbv:15.69 q-Rceq:0.98 tex:19594 mv:5054 misc:2256 icu:3.75 pcu:543.00 scu:1013.25 tlayer:3 pbqpoffset:3.52 pbfactor:1.50 avgQpOffsetCutree:-1.77;
in:197 out:200 type:b q:18.68 q-aq:19.00 q-noVbv:18.68 q-Rceq:0.98 tex:3123 mv:1197 misc:864 icu:0.25 pcu:217.50 scu:1342.25 tlayer:4 pbqpoffset:6.52 pbfactor:2.12 avgQpOffsetCutree:0.00;
in:199 out:201 type:b q:18.71 q-aq:19.00 q-noVbv:18.71 q-Rceq:0.98 tex:3667 mv:1192 misc:813 icu:0.50 pcu:156.50 scu:1403.00 tlayer:4 pbqpoffset:6.52 pbfactor:2.12 avgQpOffsetCutree:0.00;
in:204 out:202 type:B q:14.47 q-aq:11.25 q-noVbv:14.47 q-Rceq:0.98 tex:67102 mv:12205 misc:3541 icu:55.00 pcu:748.00 scu:757.00 tlayer:2 pbqpoffset:2.22 pbfactor:1.29 avgQpOffsetCutree:-3.30;
in:202 out:203 type:B q:15.75 q-aq:14.40 q-noVbv:15.75 q-Rceq:0.98 tex:24705 mv:6014 misc:2017 icu:17.75 pcu:469.00 scu:1073.25 tlayer:3 pbqpoffset:3.52 pbfactor:1.50 avgQpOffsetCutree:-1.73;
in:201 out:204 type:b q:18.73 q-aq:19.00 q-noVbv:18.73 q-Rceq:0.98 tex:3934 mv:1427 misc:927 icu:1.50 pcu:204.25 scu:1354.25 tlayer:4 pbqpoffset:6.52 pbfactor:2.12 avgQpOffsetCutree:0.00;
in:203 out:205 type:b q:18.76 q-aq:19.00 q-noVbv:18.76 q-Rceq:0.98 tex:2762 mv:1002 misc:916 icu:0.00 pcu:190.50 scu:1369.50 tlayer:4 pbqpoffset:6.52 pbfactor:2.12 avgQpOffsetCutree:0.00;
in:206 out:206 type:B q:15.80 q-aq:14.41 q-noVbv:15.80 q-Rceq:0.98 tex:24512 mv:5055 misc:2001 icu:11.50 pcu:467.25 scu:1081.25 tlayer:3 pbqpoffset:3.52 pbfactor:1.50 avgQpOffsetCutree:-1.71;
in:205 out:207 type:b q:18.79 q-aq:19.00 q-noVbv:18.79 q-Rceq:0.98 tex:3502 mv:1173 misc:973 icu:0.50 pcu:153.75 scu:1405.75 tlayer:4 pbqpoffset:6.52 pbfactor:2.12 avgQpOffsetCutree:0.00;
in:207 out:208 type:b q:18.81 q-aq:19.00 q-noVbv:18.81 q-Rceq:0.98 tex:4792 mv:1196 misc:916 icu:1.00 pcu:172.00 scu:1387.00 tlayer:4 pbqpoffset:6.52 pbfactor:2.12 avgQpOffsetCutree:0.00;
in:224 out:209 type:k q:12.35 q-aq:6.68 q-noVbv:12.35 q-Rceq:0.98 tex:771603 mv:51848 misc:2757 icu:1534.75 pcu:25.25 scu:0.00 tlayer:0 pbqpoffset:-0.07 pbfactor:0.99 avgQpOffsetCutree:-6.99;
in:216 out:210 type:B q:13.89 q-aq:9.66 q-noVbv:13.89 q-Rceq:0.98 tex:280427 mv:34974 misc:5199 icu:406.00 pcu:952.25 scu:201.75 tlayer:1 pbqpoffset:1.56 pbfactor:1.20 avgQpOffsetCutree:-4.68;
in:212 out:211 type:B q:15.42 q-aq:12.10 q-noVbv:15.42 q-Rceq:0.98 tex:47853 mv:9215 misc:3148 icu:36.25 pcu:641.00 scu:882.75 tlayer:2 pbqpoffset:3.10 pbfactor:1.43 avgQpOffsetCutree:-3.34;
in:210 out:212 type:B q:15.74 q-aq:14.87 q-noVbv:15.74 q-Rceq:0.98 tex:25128 mv:5082 misc:1822 icu:11.00 pcu:531.25 scu:1017.75 tlayer:3 pbqpoffset:3.43 pbfactor:1.49 avgQpOffsetCutree:-1.65;
in:209 out:213 type:b q:18.74 q-aq:19.00 q-noVbv:18.74 q-Rceq:0.98 tex:5331 mv:1245 misc:800 icu:0.50 pcu:139.75 scu:1419.75 tlayer:4 pbqpoffset:6.43 pbfactor:2.10 avgQpOffsetCutree:0.00;
in:211 out:214 type:b q:18.74 q-aq:19.00 q-noVbv:18.74 q-Rceq:0.98 tex:4555 mv:1348 misc:977 icu:1.00 pcu:162.00 scu:1397.00 tlayer:4 pbqpoffset:6.43 pbfactor:2.10 avgQpOffsetCutree:0.00;
in:214 out:215 type:B q:15.75 q-aq:14.39 q-noVbv:15.75 q-Rceq:0.98 tex:20585 mv:4187 misc:1708 icu:4.00 pcu:372.25 scu:1183.75 tlayer:3 pbqpoffset:3.43 pbfactor:1.49 avgQpOffsetCutree:-1.74;
in:213 out:216 type:b q:18.75 q-aq:19.01 q-noVbv:18.75 q-Rceq:0.98 tex:3951 mv:1077 misc:836 icu:0.50 pcu:135.00 scu:1424.50 tlayer:4 pbqpoffset:6.43 pbfactor:2.10 avgQpOffsetCutree:0.00;
in:215 out:217 type:b q:18.75 q-aq:19.00 q-noVbv:18.75 q-Rceq:0.98 tex:4691 mv:1171 misc:922 icu:2.00 pcu:104.75 scu:1453.25 tlayer:4 pbqpoffset:6.43 pbfactor:2.10 avgQpOffsetCutree:0.00;
in:220 out:218 type:B q:15.38 q-aq:11.73 q-noVbv:15.38 q-Rceq:0.98 tex:171959 mv:12238 misc:5107 icu:50.00 pcu:1122.25 scu:387.75 tlayer:2 pbqpoffset:3.04 pbfactor:1.42 avgQpOffsetCutree:-3.67;
in:218 out:219 type:B q:15.76 q-aq:14.01 q-noVbv:15.76 q-Rceq:0.98 tex:18677 mv:4277 misc:2486 icu:5.25 pcu:493.25 scu:1061.50 tlayer:3 pbqpoffset:3.43 pbfactor:1.49 avgQpOffsetCutree:-1.74;
in:217 out:220 type:b q:18.76 q-aq:19.00 q-noVbv:18.76 q-Rceq:0.98 tex:3936 mv:1305 misc:1143 icu:1.50 pcu:177.25 scu:1381.25 tlayer:4 pbqpoffset:6.43 pbfactor:2.10 avgQpOffsetCutree:0.00;
in:219 out:221 type:b q:18.77 q-aq:19.02 q-noVbv:18.77 q-Rceq:0.98 tex:3743 mv:963 misc:750 icu:0.25 pcu:181.75 scu:1378.00 tlayer:4 pbqpoffset:6.43 pbfactor:2.10 avgQpOffsetCutree:0.00;
in:222 out:222 type:B q:15.77 q-aq:14.02 q-noVbv:15.77 q-Rceq:0.98 tex:13071 mv:3159 misc:2298 icu:5.75 pcu:482.50 scu:1071.75 tlayer:3 pbqpoffset:3.43 pbfactor:1.49 avgQpOffsetCutree:-1.92;
in:221 out:223 type:b q:18.77 q-aq:19.01 q-noVbv:18.77 q-Rceq:0.98 tex:3300 mv:1077 misc:855 icu:1.25 pcu:162.00 scu:1396.75 tlayer:4 pbqpoffset:6.43 pbfactor:2.10 avgQpOffsetCutree:0.00;
in:223 out:224 type:b q:18.78 q-aq:19.00 q-noVbv:18.78 q-Rceq:0.98 tex:7298 mv:2357 misc:1433 icu:0.00 pcu:546.50 scu:1013.50 tlayer:4 pbqpoffset:6.43 pbfactor:2.10 avgQpOffsetCutree:0.00;
in:239 out:225 type:k q:13.31 q-aq:8.18 q-noVbv:13.31 q-Rceq:0.98 tex:352162 mv:39302 misc:4928 icu:318.25 pcu:1142.75 scu:99.00 tlayer:0 pbqpoffset:0.42 pbfactor:1.05 avgQpOffsetCutree:-5.02;
in:232 out:226 type:B q:14.16 q-aq:8.92 q-noVbv:14.16 q-Rceq:0.98 tex:146731 mv:25400 misc:4957 icu:49.75 pcu:1224.00 scu:286.25 tlayer:1 pbqpoffset:1.29 pbfactor:1.16 avgQpOffsetCutree:-4.84;
in:228 out:227 type:B q:13.90 q-aq:10.11 q-noVbv:13.90 q-Rceq:0.98 tex:30371 mv:7637 misc:2552 icu:20.25 pcu:853.75 scu:686.00 tlayer:2 pbqpoffset:1.29 pbfactor:1.16 avgQpOffsetCutree:-3.35;
in:226 out:228 type:B q:13.95 q-aq:12.11 q-noVbv:13.95 q-Rceq:0.98 tex:13940 mv:3502 misc:1678 icu:4.75 pcu:510.00 scu:1045.25 tlayer:3 pbqpoffset:1.47 pbfactor:1.19 avgQpOffsetCutree:-1.67;
in:225 out:229 type:b q:15.91 q-aq:16.01 q-noVbv:15.91 q-Rceq:0.98 tex:6125 mv:1575 misc:1036 icu:1.25 pcu:169.50 scu:1389.25 tlayer:4 pbqpoffset:3.50 pbfactor:1.50 avgQpOffsetCutree:0.00;
in:227 out:230 type:b q:16.59 q-aq:16.87 q-noVbv:16.59 q-Rceq:0.98 tex:3899 mv:1432 misc:877 icu:0.25 pcu:180.00 scu:1379.75 tlayer:4 pbqpoffset:4.05 pbfactor:1.60 avgQpOffsetCutree:0.00;
in:230 out:231 type:B q:15.06 q-aq:14.49 q-noVbv:15.06 q-Rceq:0.98 tex:7132 mv:2005 misc:1063 icu:0.25 pcu:358.50 scu:1201.25 tlayer:3 pbqpoffset:2.32 pbfactor:1.31 avgQpOffsetCutree:-1.78;
in:229 out:232 type:b q:17.85 q-aq:18.00 q-noVbv:17.85 q-Rceq:0.98 tex:2361 mv:718 misc:497 icu:0.25 pcu:118.00 scu:1441.75 tlayer:4 pbqpoffset:5.18 pbfactor:1.82 avgQpOffsetCutree:0.00;
in:231 out:233 type:b q:18.21 q-aq:18.13 q-noVbv:18.21 q-Rceq:0.98 tex:1781 mv:566 misc:485 icu:0.25 pcu:77.50 scu:1482.25 tlayer:4 pbqpoffset:5.40 pbfactor:1.87 avgQpOffsetCutree:0.00;
in:236 out:234 type:B q:15.59 q-aq:12.50 q-noVbv:15.59 q-Rceq:0.98 tex:19839 mv:8254 misc:2627 icu:1.50 pcu:998.75 scu:559.75 tlayer:2 pbqpoffset:2.47 pbfactor:1.33 avgQpOffsetCutree:-2.82;
in:234 out:235 type:B q:16.15 q-aq:14.85 q-noVbv:16.15 q-Rceq:0.98 tex:3097 mv:1851 misc:1036 icu:8.25 pcu:402.00 scu:1149.75 tlayer:3 pbqpoffset:3.15 pbfactor:1.44 avgQpOffsetCutree:-1.68;
in:233 out:236 type:b q:18.57 q-aq:19.00 q-noVbv:18.57 q-Rceq:0.98 tex:1539 mv:593 misc:452 icu:0.75 pcu:115.25 scu:1444.00 tlayer:4 pbqpoffset:5.64 pbfactor:1.92 avgQpOffsetCutree:0.00;
in:235 out:237 type:b q:18.94 q-aq:19.00 q-noVbv:18.94 q-Rceq:0.98 tex:397 mv:383 misc:356 icu:0.50 pcu:43.00 scu:1516.50 tlayer:4 pbqpoffset:5.88 pbfactor:1.97 avgQpOffsetCutree:0.00;
in:238 out:238 type:B q:16.40 q-aq:16.02 q-noVbv:16.40 q-Rceq:0.98 tex:2050 mv:1952 misc:1038 icu:0.00 pcu:550.00 scu:1010.00 tlayer:3 pbqpoffset:3.15 pbfactor:1.44 avgQpOffsetCutree:-0.92;
in:237 out:239 type:b q:19.11 q-aq:19.00 q-noVbv:19.11 q-Rceq:0.98 tex:15 mv:303 misc:354 icu:0.00 pcu:116.00 scu:1444.00 tlayer:4 pbqpoffset:5.92 pbfactor:1.98 avgQpOffsetCutree:0.00;
