#options: cpuid=1173503 frame-threads=1 no-wpp no-pmode no-pme psnr no-ssim log-level=2 bitdepth=8 input-csp=1 fps=50000/1000 input-res=832x480 interlace=0 total-frames=500 level-idc=0 high-tier=1 uhd-bd=0 ref=4 no-allow-non-conformance no-repeat-headers annexb no-aud no-hrd info hash=0 no-temporal-layers open-gop min-keyint=1 keyint=5000 bframes=15 b-adapt=2 b-pyramid bframe-bias=0 rc-lookahead=40 lookahead-slices=0 scenecut=40 no-intra-refresh ctu=64 min-cu-size=8 rect amp max-tu-size=32 tu-inter-depth=3 tu-intra-depth=3 limit-tu=4 rdoq-level=2 dynamic-rd=0.00 no-ssim-rd signhide no-tskip nr-intra=0 nr-inter=0 no-constrained-intra strong-intra-smoothing max-merge=4 limit-refs=1 limit-modes me=3 subme=4 merange=57 temporal-mvp weightp weightb no-analyze-src-pics deblock=0:0 sao no-sao-non-deblock rd=6 no-early-skip rskip no-fast-intra no-tskip-fast no-cu-lossless b-intra rdpenalty=0 psy-rd=0.00 psy-rdoq=0.00 no-rd-refine analysis-reuse-mode=0 no-lossless cbqpoffs=0 crqpoffs=0 rc=abr bitrate=2000 qcomp=0.60 qpstep=4 stats-write=1 stats-read=0 slow-firstpass ipratio=1.40 pbratio=1.30 aq-mode=1 aq-strength=0.00 cutree zone-count=0 no-strict-cbr qg-size=64 no-rc-grain qpmax=69 qpmin=0 no-const-vbv sar=0 overscan=0 videoformat=5 range=0 colorprim=2 transfer=2 colormatrix=2 chromaloc=0 display-window=0 max-cll=0,0 min-luma=0 max-luma=255 log2-max-poc-lsb=8 vui-timing-info vui-hrd-info slices=1 opt-qp-pps opt-ref-list-length-pps no-multi-pass-opt-rps scenecut-bias=0.05 no-opt-cu-delta-qp no-aq-motion no-hdr no-hdr-opt no-dhdr10-opt analysis-reuse-level=5 scale-factor=0 refine-intra=0 refine-inter=0 refine-mv=0 no-limit-sao ctu-info=0 max-tlayer=4
in:0 out:0 type:I q:29.44 q-aq:23.63 q-noVbv:29.44 q-Rceq:1.32 tex:544864 mv:81249 misc:1895 icu:1560.00 pcu:0.00 scu:0.00 tlayer:0 pbqpoffset:0.00 pbfactor:1.00 avgQpOffsetCutree:-6.82;
in:16 out:1 type:k q:32.36 q-aq:25.83 q-noVbv:32.36 q-Rceq:1.32 tex:225990 mv:44272 misc:4786 icu:584.50 pcu:863.50 scu:112.00 tlayer:0 pbqpoffset:0.00 pbfactor:1.00 avgQpOffsetCutree:-6.69;
in:8 out:2 type:B q:35.46 q-aq:30.45 q-noVbv:35.46 q-Rceq:1.32 tex:94995 mv:29576 misc:4005 icu:364.50 pcu:928.50 scu:267.00 tlayer:1 pbqpoffset:3.11 pbfactor:1.43 avgQpOffsetCutree:-4.53;
in:4 out:3 type:B q:35.61 q-aq:32.91 q-noVbv:35.61 q-Rceq:1.32 tex:27017 mv:18427 misc:2732 icu:115.00 pcu:760.00 scu:685.00 tlayer:2 pbqpoffset:3.26 pbfactor:1.46 avgQpOffsetCutree:-2.63;
in:2 out:4 type:B q:37.33 q-aq:37.00 q-noVbv:37.33 q-Rceq:1.32 tex:0 mv:13 misc:155 icu:0.00 pcu:16.00 scu:1544.00 tlayer:3 pbqpoffset:4.97 pbfactor:1.78 avgQpOffsetCutree:-2.24;
in:1 out:5 type:b q:40.01 q-aq:40.00 q-noVbv:40.01 q-Rceq:1.32 tex:0 mv:7 misc:161 icu:0.00 pcu:0.00 scu:1560.00 tlayer:4 pbqpoffset:7.65 pbfactor:2.42 avgQpOffsetCutree:0.00;
in:3 out:6 type:b q:40.33 q-aq:40.01 q-noVbv:40.33 q-Rceq:1.32 tex:1468 mv:4135 misc:1133 icu:5.25 pcu:364.25 scu:1190.50 tlayer:4 pbqpoffset:7.97 pbfactor:2.51 avgQpOffsetCutree:0.00;
in:6 out:7 type:B q:36.43 q-aq:35.00 q-noVbv:36.43 q-Rceq:1.32 tex:14945 mv:14444 misc:2459 icu:65.75 pcu:566.50 scu:927.75 tlayer:3 pbqpoffset:4.07 pbfactor:1.60 avgQpOffsetCutree:-1.74;
in:5 out:8 type:b q:40.33 q-aq:40.00 q-noVbv:40.33 q-Rceq:1.32 tex:1286 mv:3794 misc:1168 icu:1.75 pcu:326.25 scu:1232.00 tlayer:4 pbqpoffset:7.97 pbfactor:2.51 avgQpOffsetCutree:0.00;
in:7 out:9 type:b q:40.33 q-aq:40.14 q-noVbv:40.33 q-Rceq:1.32 tex:1049 mv:3627 misc:1172 icu:3.75 pcu:313.25 scu:1243.00 tlayer:4 pbqpoffset:7.97 pbfactor:2.51 avgQpOffsetCutree:0.00;
in:12 out:10 type:B q:35.46 q-aq:31.99 q-noVbv:35.46 q-Rceq:1.32 tex:35958 mv:18134 misc:2588 icu:200.50 pcu:682.25 scu:677.25 tlayer:2 pbqpoffset:3.11 pbfactor:1.43 avgQpOffsetCutree:-3.34;
in:10 out:11 type:B q:36.49 q-aq:35.08 q-noVbv:36.49 q-Rceq:1.32 tex:15091 mv:13338 misc:2395 icu:60.75 pcu:582.50 scu:916.75 tlayer:3 pbqpoffset:4.14 pbfactor:1.61 avgQpOffsetCutree:-1.75;
in:9 out:12 type:b q:40.33 q-aq:40.04 q-noVbv:40.33 q-Rceq:1.32 tex:1133 mv:3429 misc:1030 icu:1.25 pcu:330.00 scu:1228.75 tlayer:4 pbqpoffset:7.97 pbfactor:2.51 avgQpOffsetCutree:0.00;
in:11 out:13 type:b q:40.33 q-aq:40.01 q-noVbv:40.33 q-Rceq:1.32 tex:1179 mv:3414 misc:1127 icu:5.00 pcu:310.75 scu:1244.25 tlayer:4 pbqpoffset:7.97 pbfactor:2.51 avgQpOffsetCutree:0.00;
in:14 out:14 type:B q:36.47 q-aq:35.12 q-noVbv:36.47 q-Rceq:1.32 tex:15048 mv:13562 misc:2326 icu:65.50 pcu:474.75 scu:1019.75 tlayer:3 pbqpoffset:4.11 pbfactor:1.61 avgQpOffsetCutree:-1.74;
in:13 out:15 type:b q:40.33 q-aq:40.09 q-noVbv:40.33 q-Rceq:1.32 tex:1201 mv:3389 misc:994 icu:5.25 pcu:283.25 scu:1271.50 tlayer:4 pbqpoffset:7.97 pbfactor:2.51 avgQpOffsetCutree:0.00;
in:15 out:16 type:b q:40.33 q-aq:40.12 q-noVbv:40.33 q-Rceq:1.32 tex:1514 mv:3744 misc:1038 icu:8.75 pcu:347.50 scu:1203.75 tlayer:4 pbqpoffset:7.97 pbfactor:2.51 avgQpOffsetCutree:0.00;
in:32 out:17 type:k q:33.53 q-aq:27.59 q-noVbv:33.53 q-Rceq:1.32 tex:325107 mv:58004 misc:3249 icu:1051.50 pcu:491.50 scu:17.00 tlayer:0 pbqpoffset:0.00 pbfactor:1.00 avgQpOffsetCutree:-6.72;
in:24 out:18 type:B q:35.12 q-aq:30.05 q-noVbv:35.12 q-Rceq:1.32 tex:102560 mv:33836 misc:4340 icu:401.75 pcu:944.25 scu:214.00 tlayer:1 pbqpoffset:2.18 pbfactor:1.29 avgQpOffsetCutree:-4.58;
in:20 out:19 type:B q:34.83 q-aq:31.23 q-noVbv:34.83 q-Rceq:1.32 tex:37231 mv:20687 misc:2818 icu:214.75 pcu:675.75 scu:669.50 tlayer:2 pbqpoffset:2.18 pbfactor:1.29 avgQpOffsetCutree:-3.31;
in:18 out:20 type:B q:35.31 q-aq:33.78 q-noVbv:35.31 q-Rceq:1.32 tex:19172 mv:15342 misc:2358 icu:76.50 pcu:539.75 scu:943.75 tlayer:3 pbqpoffset:2.81 pbfactor:1.38 avgQpOffsetCutree:-1.74;
in:17 out:21 type:b q:39.47 q-aq:39.33 q-noVbv:39.47 q-Rceq:1.32 tex:1277 mv:4107 misc:1096 icu:1.50 pcu:335.00 scu:1223.50 tlayer:4 pbqpoffset:7.04 pbfactor:2.26 avgQpOffsetCutree:0.00;
in:19 out:22 type:b q:39.62 q-aq:40.00 q-noVbv:39.62 q-Rceq:1.32 tex:1228 mv:3499 misc:977 icu:2.75 pcu:304.00 scu:1253.25 tlayer:4 pbqpoffset:7.04 pbfactor:2.26 avgQpOffsetCutree:0.00;
in:22 out:23 type:B q:35.66 q-aq:34.27 q-noVbv:35.66 q-Rceq:1.32 tex:16950 mv:13819 misc:2167 icu:67.75 pcu:509.00 scu:983.25 tlayer:3 pbqpoffset:2.87 pbfactor:1.39 avgQpOffsetCutree:-1.71;
in:21 out:24 type:b q:39.76 q-aq:40.00 q-noVbv:39.76 q-Rceq:1.32 tex:1655 mv:3305 misc:992 icu:1.75 pcu:298.25 scu:1260.00 tlayer:4 pbqpoffset:7.04 pbfactor:2.26 avgQpOffsetCutree:0.00;
in:23 out:25 type:b q:39.91 q-aq:40.00 q-noVbv:39.91 q-Rceq:1.32 tex:1991 mv:3919 misc:1042 icu:3.25 pcu:344.25 scu:1212.50 tlayer:4 pbqpoffset:7.04 pbfactor:2.26 avgQpOffsetCutree:0.00;
in:28 out:26 type:B q:35.41 q-aq:32.13 q-noVbv:35.41 q-Rceq:1.32 tex:33773 mv:16561 misc:2914 icu:243.50 pcu:780.50 scu:536.00 tlayer:2 pbqpoffset:2.18 pbfactor:1.29 avgQpOffsetCutree:-3.23;
in:26 out:27 type:B q:35.79 q-aq:34.39 q-noVbv:35.79 q-Rceq:1.32 tex:17150 mv:13565 misc:2349 icu:94.50 pcu:592.25 scu:873.25 tlayer:3 pbqpoffset:2.70 pbfactor:1.37 avgQpOffsetCutree:-1.72;
in:25 out:28 type:b q:40.06 q-aq:40.00 q-noVbv:40.06 q-Rceq:1.32 tex:1422 mv:4220 misc:1078 icu:7.00 pcu:374.75 scu:1178.25 tlayer:4 pbqpoffset:7.04 pbfactor:2.26 avgQpOffsetCutree:0.00;
in:27 out:29 type:b q:40.20 q-aq:40.00 q-noVbv:40.20 q-Rceq:1.32 tex:1426 mv:3755 misc:1107 icu:6.00 pcu:283.25 scu:1270.75 tlayer:4 pbqpoffset:7.04 pbfactor:2.26 avgQpOffsetCutree:0.00;
in:30 out:30 type:B q:36.40 q-aq:35.31 q-noVbv:36.40 q-Rceq:1.32 tex:12857 mv:10913 misc:2046 icu:75.00 pcu:457.75 scu:1027.25 tlayer:3 pbqpoffset:3.02 pbfactor:1.42 avgQpOffsetCutree:-1.71;
in:29 out:31 type:b q:40.35 q-aq:40.03 q-noVbv:40.35 q-Rceq:1.32 tex:1837 mv:3720 misc:1195 icu:2.75 pcu:320.75 scu:1236.50 tlayer:4 pbqpoffset:7.04 pbfactor:2.26 avgQpOffsetCutree:0.00;
in:31 out:32 type:b q:40.50 q-aq:40.84 q-noVbv:40.50 q-Rceq:1.32 tex:1057 mv:3366 misc:1137 icu:6.00 pcu:303.00 scu:1251.00 tlayer:4 pbqpoffset:7.04 pbfactor:2.26 avgQpOffsetCutree:0.00;
in:48 out:33 type:k q:35.12 q-aq:27.70 q-noVbv:35.12 q-Rceq:1.32 tex:158051 mv:38554 misc:4779 icu:460.00 pcu:1017.00 scu:83.00 tlayer:0 pbqpoffset:0.00 pbfactor:1.00 avgQpOffsetCutree:-6.90;
in:40 out:34 type:B q:36.33 q-aq:30.84 q-noVbv:36.33 q-Rceq:1.32 tex:57231 mv:18573 misc:3956 icu:357.50 pcu:938.25 scu:264.25 tlayer:1 pbqpoffset:2.00 pbfactor:1.26 avgQpOffsetCutree:-4.64;
in:36 out:35 type:B q:36.08 q-aq:32.63 q-noVbv:36.08 q-Rceq:1.32 tex:20189 mv:9741 misc:2494 icu:241.25 pcu:724.75 scu:594.00 tlayer:2 pbqpoffset:2.15 pbfactor:1.28 avgQpOffsetCutree:-3.20;
in:34 out:36 type:B q:36.30 q-aq:34.91 q-noVbv:36.30 q-Rceq:1.32 tex:11596 mv:8468 misc:2040 icu:87.00 pcu:451.75 scu:1021.25 tlayer:3 pbqpoffset:2.58 pbfactor:1.35 avgQpOffsetCutree:-1.70;
in:33 out:37 type:b q:40.11 q-aq:40.03 q-noVbv:40.11 q-Rceq:1.32 tex:1653 mv:3134 misc:1061 icu:8.25 pcu:286.00 scu:1265.75 tlayer:4 pbqpoffset:6.48 pbfactor:2.11 avgQpOffsetCutree:0.00;
in:35 out:38 type:b q:40.69 q-aq:41.00 q-noVbv:40.69 q-Rceq:1.32 tex:797 mv:2391 misc:940 icu:1.75 pcu:299.50 scu:1258.75 tlayer:4 pbqpoffset:6.87 pbfactor:2.21 avgQpOffsetCutree:0.00;
in:38 out:39 type:B q:37.31 q-aq:35.85 q-noVbv:37.31 q-Rceq:1.32 tex:7003 mv:6455 misc:1646 icu:65.75 pcu:641.00 scu:853.25 tlayer:3 pbqpoffset:3.18 pbfactor:1.44 avgQpOffsetCutree:-1.74;
in:37 out:40 type:b q:40.89 q-aq:41.00 q-noVbv:40.89 q-Rceq:1.32 tex:549 mv:2226 misc:993 icu:6.25 pcu:230.50 scu:1323.25 tlayer:4 pbqpoffset:6.87 pbfactor:2.21 avgQpOffsetCutree:0.00;
in:39 out:41 type:b q:41.09 q-aq:41.00 q-noVbv:41.09 q-Rceq:1.32 tex:473 mv:2267 misc:868 icu:0.50 pcu:203.50 scu:1356.00 tlayer:4 pbqpoffset:6.87 pbfactor:2.21 avgQpOffsetCutree:0.00;
in:44 out:42 type:B q:37.08 q-aq:33.37 q-noVbv:37.08 q-Rceq:1.32 tex:15287 mv:8147 misc:1958 icu:242.50 pcu:581.75 scu:735.75 tlayer:2 pbqpoffset:2.36 pbfactor:1.31 avgQpOffsetCutree:-3.23;
in:42 out:43 type:B q:37.74 q-aq:36.42 q-noVbv:37.74 q-Rceq:1.32 tex:6151 mv:5397 misc:1516 icu:76.00 pcu:435.25 scu:1048.75 tlayer:3 pbqpoffset:3.21 pbfactor:1.45 avgQpOffsetCutree:-1.69;
in:41 out:44 type:b q:41.29 q-aq:41.00 q-noVbv:41.29 q-Rceq:1.32 tex:792 mv:2192 misc:896 icu:16.00 pcu:234.75 scu:1309.25 tlayer:4 pbqpoffset:6.87 pbfactor:2.21 avgQpOffsetCutree:0.00;
in:43 out:45 type:b q:41.49 q-aq:41.75 q-noVbv:41.49 q-Rceq:1.32 tex:615 mv:1979 misc:862 icu:6.25 pcu:226.00 scu:1327.75 tlayer:4 pbqpoffset:6.87 pbfactor:2.21 avgQpOffsetCutree:0.00;
in:46 out:46 type:B q:37.81 q-aq:36.47 q-noVbv:37.81 q-Rceq:1.32 tex:7612 mv:5929 misc:1619 icu:128.25 pcu:322.50 scu:1109.25 tlayer:3 pbqpoffset:2.89 pbfactor:1.40 avgQpOffsetCutree:-1.69;
in:45 out:47 type:b q:41.69 q-aq:42.00 q-noVbv:41.69 q-Rceq:1.32 tex:869 mv:2171 misc:760 icu:18.25 pcu:211.75 scu:1330.00 tlayer:4 pbqpoffset:6.87 pbfactor:2.21 avgQpOffsetCutree:0.00;
in:47 out:48 type:b q:41.89 q-aq:42.00 q-noVbv:41.89 q-Rceq:1.32 tex:918 mv:2721 misc:849 icu:25.00 pcu:241.00 scu:1294.00 tlayer:4 pbqpoffset:6.87 pbfactor:2.21 avgQpOffsetCutree:0.00;
in:64 out:49 type:k q:34.66 q-aq:27.66 q-noVbv:34.66 q-Rceq:1.32 tex:302207 mv:59095 misc:3194 icu:941.25 pcu:601.75 scu:17.00 tlayer:0 pbqpoffset:1.97 pbfactor:1.26 avgQpOffsetCutree:-6.83;
in:56 out:50 type:B q:36.80 q-aq:31.26 q-noVbv:36.80 q-Rceq:1.32 tex:72527 mv:28764 misc:4373 icu:326.25 pcu:992.75 scu:241.00 tlayer:1 pbqpoffset:1.90 pbfactor:1.25 avgQpOffsetCutree:-4.75;
in:52 out:51 type:B q:37.08 q-aq:33.57 q-noVbv:37.08 q-Rceq:1.32 tex:21861 mv:13059 misc:2464 icu:224.25 pcu:779.75 scu:556.00 tlayer:2 pbqpoffset:2.07 pbfactor:1.27 avgQpOffsetCutree:-3.31;
in:50 out:52 type:B q:38.27 q-aq:36.92 q-noVbv:38.27 q-Rceq:1.32 tex:7679 mv:8650 misc:1847 icu:94.25 pcu:509.25 scu:956.50 tlayer:3 pbqpoffset:3.20 pbfactor:1.45 avgQpOffsetCutree:-1.73;
in:49 out:53 type:b q:41.86 q-aq:42.00 q-noVbv:41.86 q-Rceq:1.32 tex:825 mv:2464 misc:911 icu:3.75 pcu:200.25 scu:1356.00 tlayer:4 pbqpoffset:6.77 pbfactor:2.19 avgQpOffsetCutree:0.00;
in:51 out:54 type:b q:41.81 q-aq:42.00 q-noVbv:41.81 q-Rceq:1.32 tex:630 mv:2790 misc:884 icu:2.50 pcu:255.75 scu:1301.75 tlayer:4 pbqpoffset:6.77 pbfactor:2.19 avgQpOffsetCutree:0.00;
in:54 out:55 type:B q:38.11 q-aq:36.73 q-noVbv:38.11 q-Rceq:1.32 tex:9479 mv:9374 misc:1971 icu:82.75 pcu:443.75 scu:1033.50 tlayer:3 pbqpoffset:3.16 pbfactor:1.44 avgQpOffsetCutree:-1.73;
in:53 out:56 type:b q:41.75 q-aq:42.00 q-noVbv:41.75 q-Rceq:1.32 tex:785 mv:2768 misc:871 icu:7.25 pcu:246.75 scu:1306.00 tlayer:4 pbqpoffset:6.77 pbfactor:2.19 avgQpOffsetCutree:0.00;
in:55 out:57 type:b q:41.69 q-aq:42.00 q-noVbv:41.69 q-Rceq:1.32 tex:592 mv:2655 misc:785 icu:2.00 pcu:244.25 scu:1313.75 tlayer:4 pbqpoffset:6.77 pbfactor:2.19 avgQpOffsetCutree:0.00;
in:60 out:58 type:B q:36.94 q-aq:33.25 q-noVbv:36.94 q-Rceq:1.32 tex:20694 mv:14328 misc:2394 icu:181.50 pcu:588.75 scu:789.75 tlayer:2 pbqpoffset:2.16 pbfactor:1.28 avgQpOffsetCutree:-3.36;
in:58 out:59 type:B q:38.05 q-aq:36.39 q-noVbv:38.05 q-Rceq:1.32 tex:8227 mv:9948 misc:1889 icu:70.50 pcu:546.75 scu:942.75 tlayer:3 pbqpoffset:3.21 pbfactor:1.45 avgQpOffsetCutree:-1.78;
in:57 out:60 type:b q:41.63 q-aq:42.00 q-noVbv:41.63 q-Rceq:1.32 tex:553 mv:2888 misc:863 icu:7.25 pcu:263.25 scu:1289.50 tlayer:4 pbqpoffset:6.77 pbfactor:2.19 avgQpOffsetCutree:0.00;
in:59 out:61 type:b q:41.58 q-aq:42.00 q-noVbv:41.58 q-Rceq:1.32 tex:634 mv:2541 misc:785 icu:2.25 pcu:262.00 scu:1295.75 tlayer:4 pbqpoffset:6.77 pbfactor:2.19 avgQpOffsetCutree:0.00;
in:62 out:62 type:B q:37.91 q-aq:36.31 q-noVbv:37.91 q-Rceq:1.32 tex:9285 mv:9343 misc:1788 icu:73.00 pcu:378.25 scu:1108.75 tlayer:3 pbqpoffset:3.19 pbfactor:1.45 avgQpOffsetCutree:-1.75;
in:61 out:63 type:b q:41.52 q-aq:42.00 q-noVbv:41.52 q-Rceq:1.32 tex:580 mv:2305 misc:691 icu:1.50 pcu:249.50 scu:1309.00 tlayer:4 pbqpoffset:6.77 pbfactor:2.19 avgQpOffsetCutree:0.00;
in:63 out:64 type:b q:41.46 q-aq:41.40 q-noVbv:41.46 q-Rceq:1.32 tex:987 mv:2598 misc:863 icu:7.25 pcu:265.25 scu:1287.50 tlayer:4 pbqpoffset:6.77 pbfactor:2.19 avgQpOffsetCutree:0.00;
in:80 out:65 type:k q:35.18 q-aq:28.78 q-noVbv:35.18 q-Rceq:1.32 tex:118635 mv:35383 misc:4326 icu:478.00 pcu:977.00 scu:105.00 tlayer:0 pbqpoffset:1.04 pbfactor:1.13 avgQpOffsetCutree:-5.62;
in:72 out:66 type:B q:36.80 q-aq:31.23 q-noVbv:36.80 q-Rceq:1.32 tex:60350 mv:21511 misc:3779 icu:314.25 pcu:958.50 scu:287.25 tlayer:1 pbqpoffset:1.88 pbfactor:1.24 avgQpOffsetCutree:-4.77;
in:68 out:67 type:B q:36.67 q-aq:32.99 q-noVbv:36.67 q-Rceq:1.32 tex:21008 mv:13547 misc:2437 icu:152.50 pcu:595.25 scu:812.25 tlayer:2 pbqpoffset:1.88 pbfactor:1.24 avgQpOffsetCutree:-3.33;
in:66 out:68 type:B q:37.07 q-aq:35.49 q-noVbv:37.07 q-Rceq:1.32 tex:10145 mv:9119 misc:1944 icu:79.75 pcu:417.75 scu:1062.50 tlayer:3 pbqpoffset:2.34 pbfactor:1.31 avgQpOffsetCutree:-1.75;
in:65 out:69 type:b q:41.44 q-aq:41.13 q-noVbv:41.44 q-Rceq:1.32 tex:1267 mv:2514 misc:731 icu:6.00 pcu:296.75 scu:1257.25 tlayer:4 pbqpoffset:6.74 pbfactor:2.18 avgQpOffsetCutree:0.00;
in:67 out:70 type:b q:41.50 q-aq:42.00 q-noVbv:41.50 q-Rceq:1.32 tex:967 mv:2354 misc:727 icu:12.25 pcu:231.75 scu:1316.00 tlayer:4 pbqpoffset:6.74 pbfactor:2.18 avgQpOffsetCutree:0.00;
in:70 out:71 type:B q:37.46 q-aq:36.09 q-noVbv:37.46 q-Rceq:1.32 tex:9790 mv:7354 misc:1688 icu:79.50 pcu:583.25 scu:897.25 tlayer:3 pbqpoffset:2.60 pbfactor:1.35 avgQpOffsetCutree:-1.74;
in:69 out:72 type:b q:41.57 q-aq:42.00 q-noVbv:41.57 q-Rceq:1.32 tex:1115 mv:2215 misc:758 icu:7.25 pcu:264.50 scu:1288.25 tlayer:4 pbqpoffset:6.74 pbfactor:2.18 avgQpOffsetCutree:0.00;
in:71 out:73 type:b q:41.63 q-aq:42.00 q-noVbv:41.63 q-Rceq:1.32 tex:1373 mv:1763 misc:680 icu:14.75 pcu:261.50 scu:1283.75 tlayer:4 pbqpoffset:6.74 pbfactor:2.18 avgQpOffsetCutree:0.00;
in:76 out:74 type:B q:36.99 q-aq:33.25 q-noVbv:36.99 q-Rceq:1.32 tex:16453 mv:9303 misc:2108 icu:170.00 pcu:621.00 scu:769.00 tlayer:2 pbqpoffset:1.94 pbfactor:1.25 avgQpOffsetCutree:-3.34;
in:74 out:75 type:B q:37.62 q-aq:36.33 q-noVbv:37.62 q-Rceq:1.32 tex:7981 mv:6811 misc:1640 icu:81.50 pcu:475.50 scu:1003.00 tlayer:3 pbqpoffset:2.64 pbfactor:1.36 avgQpOffsetCutree:-1.73;
in:73 out:76 type:b q:41.69 q-aq:42.00 q-noVbv:41.69 q-Rceq:1.32 tex:1337 mv:2211 misc:780 icu:17.75 pcu:218.50 scu:1323.75 tlayer:4 pbqpoffset:6.74 pbfactor:2.18 avgQpOffsetCutree:0.00;
in:75 out:77 type:b q:41.74 q-aq:42.00 q-noVbv:41.74 q-Rceq:1.32 tex:1643 mv:2322 misc:755 icu:30.75 pcu:215.00 scu:1314.25 tlayer:4 pbqpoffset:6.72 pbfactor:2.17 avgQpOffsetCutree:0.00;
in:78 out:78 type:B q:37.76 q-aq:36.56 q-noVbv:37.76 q-Rceq:1.32 tex:7557 mv:5663 misc:1452 icu:92.75 pcu:417.50 scu:1049.75 tlayer:3 pbqpoffset:2.65 pbfactor:1.36 avgQpOffsetCutree:-1.70;
in:77 out:79 type:b q:41.82 q-aq:42.00 q-noVbv:41.82 q-Rceq:1.32 tex:1723 mv:2052 misc:721 icu:32.00 pcu:236.75 scu:1291.25 tlayer:4 pbqpoffset:6.74 pbfactor:2.18 avgQpOffsetCutree:0.00;
in:79 out:80 type:b q:41.64 q-aq:42.00 q-noVbv:41.64 q-Rceq:1.32 tex:2240 mv:1913 misc:647 icu:43.75 pcu:216.25 scu:1300.00 tlayer:4 pbqpoffset:6.49 pbfactor:2.12 avgQpOffsetCutree:0.00;
in:84 out:81 type:k q:34.68 q-aq:32.08 q-noVbv:34.68 q-Rceq:1.32 tex:42526 mv:11992 misc:2522 icu:736.00 pcu:682.00 scu:142.00 tlayer:0 pbqpoffset:1.04 pbfactor:1.13 avgQpOffsetCutree:-2.27;
in:82 out:82 type:B q:36.47 q-aq:34.85 q-noVbv:36.47 q-Rceq:1.32 tex:13480 mv:7102 misc:2018 icu:160.25 pcu:688.00 scu:711.75 tlayer:1 pbqpoffset:1.54 pbfactor:1.19 avgQpOffsetCutree:-1.85;
in:81 out:83 type:b q:37.73 q-aq:38.00 q-noVbv:37.73 q-Rceq:1.32 tex:3101 mv:2834 misc:849 icu:46.25 pcu:217.00 scu:1296.75 tlayer:2 pbqpoffset:2.68 pbfactor:1.36 avgQpOffsetCutree:0.00;
in:83 out:84 type:b q:37.48 q-aq:37.42 q-noVbv:37.48 q-Rceq:1.32 tex:4704 mv:4154 misc:1214 icu:73.25 pcu:594.75 scu:892.00 tlayer:2 pbqpoffset:2.68 pbfactor:1.36 avgQpOffsetCutree:0.00;
in:87 out:85 type:k q:40.38 q-aq:39.42 q-noVbv:40.38 q-Rceq:1.32 tex:18304 mv:7951 misc:1753 icu:748.75 pcu:721.50 scu:89.75 tlayer:0 pbqpoffset:1.04 pbfactor:1.13 avgQpOffsetCutree:-1.85;
in:86 out:86 type:B q:40.79 q-aq:40.85 q-noVbv:40.79 q-Rceq:1.32 tex:12242 mv:4233 misc:1213 icu:200.00 pcu:1002.25 scu:357.75 tlayer:1 pbqpoffset:2.32 pbfactor:1.31 avgQpOffsetCutree:-0.78;
in:85 out:87 type:b q:39.25 q-aq:39.65 q-noVbv:39.25 q-Rceq:1.32 tex:12027 mv:4539 misc:1642 icu:364.25 pcu:564.75 scu:631.00 tlayer:2 pbqpoffset:2.67 pbfactor:1.36 avgQpOffsetCutree:0.00;
in:88 out:88 type:k q:41.74 q-aq:41.12 q-noVbv:41.74 q-Rceq:1.32 tex:6828 mv:4931 misc:1201 icu:592.25 pcu:671.00 scu:296.75 tlayer:0 pbqpoffset:1.04 pbfactor:1.13 avgQpOffsetCutree:-1.34;
in:92 out:89 type:k q:37.74 q-aq:34.26 q-noVbv:37.74 q-Rceq:1.32 tex:60668 mv:13413 misc:2343 icu:705.75 pcu:749.25 scu:105.00 tlayer:0 pbqpoffset:1.04 pbfactor:1.13 avgQpOffsetCutree:-2.78;
in:90 out:90 type:B q:41.15 q-aq:40.68 q-noVbv:41.15 q-Rceq:1.32 tex:7617 mv:4966 misc:1929 icu:152.00 pcu:652.25 scu:755.75 tlayer:1 pbqpoffset:1.41 pbfactor:1.18 avgQpOffsetCutree:-0.95;
in:89 out:91 type:b q:43.19 q-aq:43.24 q-noVbv:43.19 q-Rceq:1.32 tex:8269 mv:3040 misc:1195 icu:213.75 pcu:778.25 scu:568.00 tlayer:2 pbqpoffset:2.45 pbfactor:1.33 avgQpOffsetCutree:0.00;
in:91 out:92 type:b q:41.19 q-aq:41.08 q-noVbv:41.19 q-Rceq:1.32 tex:10657 mv:5004 misc:1371 icu:182.75 pcu:1084.00 scu:293.25 tlayer:2 pbqpoffset:2.45 pbfactor:1.33 avgQpOffsetCutree:0.00;
in:93 out:93 type:i q:34.62 q-aq:31.57 q-noVbv:34.62 q-Rceq:1.32 tex:191284 mv:34940 misc:2664 icu:1560.00 pcu:0.00 scu:0.00 tlayer:0 pbqpoffset:1.04 pbfactor:1.13 avgQpOffsetCutree:-3.28;
in:95 out:94 type:k q:34.46 q-aq:29.64 q-noVbv:34.46 q-Rceq:1.32 tex:101824 mv:16467 misc:4005 icu:341.50 pcu:788.00 scu:430.50 tlayer:0 pbqpoffset:0.00 pbfactor:1.00 avgQpOffsetCutree:-3.79;
in:94 out:95 type:b q:37.26 q-aq:37.40 q-noVbv:37.26 q-Rceq:1.32 tex:48925 mv:13187 misc:1784 icu:572.75 pcu:987.25 scu:0.00 tlayer:2 pbqpoffset:2.80 pbfactor:1.38 avgQpOffsetCutree:0.00;
in:97 out:96 type:k q:34.71 q-aq:31.67 q-noVbv:34.71 q-Rceq:1.32 tex:39646 mv:13312 misc:3594 icu:291.00 pcu:611.25 scu:657.75 tlayer:0 pbqpoffset:1.04 pbfactor:1.13 avgQpOffsetCutree:-2.75;
in:96 out:97 type:b q:37.11 q-aq:38.09 q-noVbv:37.11 q-Rceq:1.32 tex:34275 mv:11864 misc:2421 icu:874.25 pcu:259.75 scu:426.00 tlayer:2 pbqpoffset:2.52 pbfactor:1.34 avgQpOffsetCutree:0.00;
in:98 out:98 type:i q:32.75 q-aq:30.89 q-noVbv:32.75 q-Rceq:1.32 tex:193737 mv:36960 misc:2175 icu:1560.00 pcu:0.00 scu:0.00 tlayer:0 pbqpoffset:0.87 pbfactor:1.11 avgQpOffsetCutree:-2.58;
in:103 out:99 type:k q:34.76 q-aq:32.53 q-noVbv:34.76 q-Rceq:1.32 tex:115824 mv:24475 misc:2597 icu:1212.00 pcu:348.00 scu:0.00 tlayer:0 pbqpoffset:0.87 pbfactor:1.11 avgQpOffsetCutree:-2.56;
in:101 out:100 type:B q:36.73 q-aq:36.60 q-noVbv:36.73 q-Rceq:1.32 tex:21166 mv:7736 misc:1538 icu:437.00 pcu:702.75 scu:420.25 tlayer:1 pbqpoffset:1.97 pbfactor:1.26 avgQpOffsetCutree:-0.96;
in:100 out:101 type:B q:37.61 q-aq:37.82 q-noVbv:37.61 q-Rceq:1.32 tex:12220 mv:5208 misc:1580 icu:324.75 pcu:517.00 scu:718.25 tlayer:2 pbqpoffset:2.86 pbfactor:1.39 avgQpOffsetCutree:-0.66;
in:99 out:102 type:b q:37.86 q-aq:38.17 q-noVbv:37.86 q-Rceq:1.32 tex:17211 mv:5528 misc:1165 icu:98.50 pcu:1213.25 scu:248.25 tlayer:3 pbqpoffset:3.11 pbfactor:1.43 avgQpOffsetCutree:0.00;
in:102 out:103 type:b q:37.86 q-aq:38.49 q-noVbv:37.86 q-Rceq:1.32 tex:21427 mv:7806 misc:1967 icu:247.75 pcu:973.75 scu:338.50 tlayer:2 pbqpoffset:3.11 pbfactor:1.43 avgQpOffsetCutree:0.00;
in:116 out:104 type:k q:34.93 q-aq:30.44 q-noVbv:34.93 q-Rceq:1.32 tex:134769 mv:25029 misc:3834 icu:654.75 pcu:796.75 scu:108.50 tlayer:0 pbqpoffset:0.77 pbfactor:1.09 avgQpOffsetCutree:-4.45;
in:110 out:105 type:B q:36.63 q-aq:33.95 q-noVbv:36.63 q-Rceq:1.32 tex:47576 mv:13553 misc:2711 icu:357.50 pcu:892.25 scu:310.25 tlayer:1 pbqpoffset:1.79 pbfactor:1.23 avgQpOffsetCutree:-3.22;
in:107 out:106 type:B q:36.60 q-aq:33.98 q-noVbv:36.60 q-Rceq:1.32 tex:40749 mv:13602 misc:2401 icu:214.50 pcu:1161.75 scu:183.75 tlayer:2 pbqpoffset:1.79 pbfactor:1.23 avgQpOffsetCutree:-2.56;
in:105 out:107 type:B q:37.73 q-aq:38.04 q-noVbv:37.73 q-Rceq:1.32 tex:9626 mv:6890 misc:1644 icu:446.25 pcu:406.00 scu:707.75 tlayer:3 pbqpoffset:2.95 pbfactor:1.41 avgQpOffsetCutree:-0.70;
in:104 out:108 type:b q:37.69 q-aq:38.52 q-noVbv:37.69 q-Rceq:1.32 tex:19604 mv:6201 misc:1515 icu:455.25 pcu:838.75 scu:266.00 tlayer:4 pbqpoffset:2.92 pbfactor:1.40 avgQpOffsetCutree:0.00;
in:106 out:109 type:b q:37.72 q-aq:38.43 q-noVbv:37.72 q-Rceq:1.32 tex:18998 mv:7112 misc:1658 icu:455.25 pcu:789.75 scu:315.00 tlayer:4 pbqpoffset:2.92 pbfactor:1.40 avgQpOffsetCutree:0.00;
in:109 out:110 type:B q:36.62 q-aq:37.61 q-noVbv:36.62 q-Rceq:1.32 tex:14634 mv:7280 misc:1566 icu:486.50 pcu:814.25 scu:259.25 tlayer:3 pbqpoffset:1.79 pbfactor:1.23 avgQpOffsetCutree:-0.28;
in:108 out:111 type:b q:37.74 q-aq:38.35 q-noVbv:37.74 q-Rceq:1.32 tex:15475 mv:5463 misc:1414 icu:304.25 pcu:754.00 scu:501.75 tlayer:4 pbqpoffset:2.92 pbfactor:1.40 avgQpOffsetCutree:0.00;
in:113 out:112 type:B q:36.67 q-aq:35.18 q-noVbv:36.67 q-Rceq:1.32 tex:43620 mv:11093 misc:1655 icu:253.50 pcu:1304.50 scu:2.00 tlayer:2 pbqpoffset:1.79 pbfactor:1.23 avgQpOffsetCutree:-2.08;
in:112 out:113 type:B q:36.74 q-aq:37.74 q-noVbv:36.74 q-Rceq:1.32 tex:15761 mv:8758 misc:1953 icu:169.50 pcu:648.75 scu:741.75 tlayer:3 pbqpoffset:1.86 pbfactor:1.24 avgQpOffsetCutree:-0.25;
in:111 out:114 type:b q:37.78 q-aq:39.20 q-noVbv:37.78 q-Rceq:1.32 tex:13853 mv:6264 misc:1787 icu:620.75 pcu:558.00 scu:381.25 tlayer:4 pbqpoffset:2.92 pbfactor:1.40 avgQpOffsetCutree:0.00;
in:115 out:115 type:B q:36.70 q-aq:37.86 q-noVbv:36.70 q-Rceq:1.32 tex:13937 mv:6749 misc:1570 icu:588.75 pcu:693.50 scu:277.75 tlayer:3 pbqpoffset:1.79 pbfactor:1.23 avgQpOffsetCutree:-0.30;
in:114 out:116 type:b q:37.82 q-aq:38.38 q-noVbv:37.82 q-Rceq:1.32 tex:8673 mv:6926 misc:1873 icu:95.25 pcu:551.00 scu:913.75 tlayer:4 pbqpoffset:2.92 pbfactor:1.40 avgQpOffsetCutree:0.00;
in:132 out:117 type:k q:35.13 q-aq:31.57 q-noVbv:35.13 q-Rceq:1.32 tex:138559 mv:26110 misc:2707 icu:1089.50 pcu:468.00 scu:2.50 tlayer:0 pbqpoffset:0.74 pbfactor:1.09 avgQpOffsetCutree:-3.87;
in:124 out:118 type:B q:36.90 q-aq:30.85 q-noVbv:36.90 q-Rceq:1.32 tex:101495 mv:22550 misc:4003 icu:210.25 pcu:1270.50 scu:79.25 tlayer:1 pbqpoffset:1.88 pbfactor:1.24 avgQpOffsetCutree:-5.13;
in:120 out:119 type:B q:36.85 q-aq:32.90 q-noVbv:36.85 q-Rceq:1.32 tex:36787 mv:14875 misc:3242 icu:111.75 pcu:1033.00 scu:415.25 tlayer:2 pbqpoffset:1.88 pbfactor:1.24 avgQpOffsetCutree:-3.52;
in:118 out:120 type:B q:37.50 q-aq:36.19 q-noVbv:37.50 q-Rceq:1.32 tex:8208 mv:9123 misc:1805 icu:52.75 pcu:614.50 scu:892.75 tlayer:3 pbqpoffset:2.55 pbfactor:1.34 avgQpOffsetCutree:-1.67;
in:117 out:121 type:b q:37.95 q-aq:38.47 q-noVbv:37.95 q-Rceq:1.32 tex:19148 mv:5174 misc:1302 icu:602.00 pcu:938.25 scu:19.75 tlayer:4 pbqpoffset:3.01 pbfactor:1.42 avgQpOffsetCutree:0.00;
in:119 out:122 type:b q:41.69 q-aq:42.00 q-noVbv:41.69 q-Rceq:1.32 tex:765 mv:2296 misc:739 icu:2.25 pcu:212.75 scu:1345.00 tlayer:4 pbqpoffset:6.72 pbfactor:2.17 avgQpOffsetCutree:0.00;
in:122 out:123 type:B q:38.25 q-aq:36.63 q-noVbv:38.25 q-Rceq:1.32 tex:8027 mv:7183 misc:1478 icu:48.50 pcu:403.50 scu:1108.00 tlayer:3 pbqpoffset:3.25 pbfactor:1.46 avgQpOffsetCutree:-1.81;
in:121 out:124 type:b q:41.73 q-aq:42.00 q-noVbv:41.73 q-Rceq:1.32 tex:755 mv:2595 misc:778 icu:2.00 pcu:223.75 scu:1334.25 tlayer:4 pbqpoffset:6.74 pbfactor:2.18 avgQpOffsetCutree:0.00;
in:123 out:125 type:b q:41.76 q-aq:42.00 q-noVbv:41.76 q-Rceq:1.32 tex:651 mv:2234 misc:667 icu:0.25 pcu:220.25 scu:1339.50 tlayer:4 pbqpoffset:6.74 pbfactor:2.18 avgQpOffsetCutree:0.00;
in:128 out:126 type:B q:36.96 q-aq:33.38 q-noVbv:36.96 q-Rceq:1.32 tex:43499 mv:13192 misc:3117 icu:140.25 pcu:1220.00 scu:199.75 tlayer:2 pbqpoffset:1.88 pbfactor:1.24 avgQpOffsetCutree:-3.19;
in:126 out:127 type:B q:38.54 q-aq:37.04 q-noVbv:38.54 q-Rceq:1.32 tex:6678 mv:6991 misc:1379 icu:24.00 pcu:360.75 scu:1175.25 tlayer:3 pbqpoffset:3.49 pbfactor:1.50 avgQpOffsetCutree:-1.81;
in:125 out:128 type:b q:41.77 q-aq:42.00 q-noVbv:41.77 q-Rceq:1.32 tex:749 mv:2138 misc:705 icu:1.25 pcu:234.75 scu:1324.00 tlayer:4 pbqpoffset:6.73 pbfactor:2.18 avgQpOffsetCutree:0.00;
in:127 out:129 type:b q:41.80 q-aq:42.00 q-noVbv:41.80 q-Rceq:1.32 tex:475 mv:1896 misc:669 icu:0.75 pcu:193.75 scu:1365.50 tlayer:4 pbqpoffset:6.73 pbfactor:2.18 avgQpOffsetCutree:0.00;
in:130 out:130 type:B q:38.32 q-aq:38.25 q-noVbv:38.32 q-Rceq:1.32 tex:14482 mv:6440 misc:1590 icu:234.00 pcu:881.50 scu:444.50 tlayer:3 pbqpoffset:3.21 pbfactor:1.45 avgQpOffsetCutree:-0.94;
in:129 out:131 type:b q:38.10 q-aq:38.43 q-noVbv:38.10 q-Rceq:1.32 tex:18400 mv:5351 misc:1465 icu:154.50 pcu:1058.75 scu:346.75 tlayer:4 pbqpoffset:3.01 pbfactor:1.42 avgQpOffsetCutree:0.00;
in:131 out:132 type:b q:38.13 q-aq:38.50 q-noVbv:38.13 q-Rceq:1.32 tex:12275 mv:6175 misc:1574 icu:219.25 pcu:961.50 scu:379.25 tlayer:4 pbqpoffset:3.01 pbfactor:1.42 avgQpOffsetCutree:0.00;
in:133 out:133 type:k q:35.19 q-aq:33.28 q-noVbv:35.19 q-Rceq:1.32 tex:47679 mv:15017 misc:3112 icu:467.00 pcu:923.75 scu:169.25 tlayer:0 pbqpoffset:0.74 pbfactor:1.09 avgQpOffsetCutree:-2.23;
in:137 out:134 type:k q:35.25 q-aq:31.72 q-noVbv:35.25 q-Rceq:1.32 tex:82075 mv:19845 misc:3920 icu:269.25 pcu:925.50 scu:365.25 tlayer:0 pbqpoffset:0.74 pbfactor:1.09 avgQpOffsetCutree:-3.24;
in:135 out:135 type:B q:36.82 q-aq:36.29 q-noVbv:36.82 q-Rceq:1.32 tex:13500 mv:8974 misc:2190 icu:90.00 pcu:480.00 scu:990.00 tlayer:1 pbqpoffset:1.60 pbfactor:1.20 avgQpOffsetCutree:-0.87;
in:134 out:136 type:b q:37.94 q-aq:38.34 q-noVbv:37.94 q-Rceq:1.32 tex:21399 mv:6288 misc:1473 icu:97.00 pcu:1182.00 scu:281.00 tlayer:2 pbqpoffset:2.74 pbfactor:1.37 avgQpOffsetCutree:0.00;
in:136 out:137 type:b q:37.97 q-aq:38.51 q-noVbv:37.97 q-Rceq:1.32 tex:18345 mv:6657 misc:1790 icu:592.50 pcu:664.75 scu:302.75 tlayer:2 pbqpoffset:2.74 pbfactor:1.37 avgQpOffsetCutree:0.00;
in:140 out:138 type:k q:35.33 q-aq:32.78 q-noVbv:35.33 q-Rceq:1.32 tex:69164 mv:14344 misc:2396 icu:869.25 pcu:659.00 scu:31.75 tlayer:0 pbqpoffset:0.74 pbfactor:1.09 avgQpOffsetCutree:-2.86;
in:139 out:139 type:B q:37.27 q-aq:37.20 q-noVbv:37.27 q-Rceq:1.32 tex:17310 mv:7538 misc:1584 icu:100.75 pcu:1023.00 scu:436.25 tlayer:1 pbqpoffset:1.97 pbfactor:1.26 avgQpOffsetCutree:-0.86;
in:138 out:140 type:b q:38.09 q-aq:38.15 q-noVbv:38.09 q-Rceq:1.32 tex:15900 mv:5963 misc:1769 icu:554.00 pcu:648.00 scu:358.00 tlayer:2 pbqpoffset:2.82 pbfactor:1.38 avgQpOffsetCutree:0.00;
in:141 out:141 type:i q:33.27 q-aq:30.95 q-noVbv:33.27 q-Rceq:1.32 tex:174651 mv:33060 misc:2721 icu:1560.00 pcu:0.00 scu:0.00 tlayer:0 pbqpoffset:0.74 pbfactor:1.09 avgQpOffsetCutree:-2.84;
in:145 out:142 type:k q:35.43 q-aq:33.58 q-noVbv:35.43 q-Rceq:1.32 tex:52798 mv:14286 misc:2572 icu:734.00 pcu:600.75 scu:225.25 tlayer:0 pbqpoffset:0.74 pbfactor:1.09 avgQpOffsetCutree:-2.08;
in:143 out:143 type:B q:37.16 q-aq:36.84 q-noVbv:37.16 q-Rceq:1.32 tex:13237 mv:6336 misc:1875 icu:153.25 pcu:453.75 scu:953.00 tlayer:1 pbqpoffset:1.73 pbfactor:1.22 avgQpOffsetCutree:-0.94;
in:142 out:144 type:b q:38.29 q-aq:38.72 q-noVbv:38.29 q-Rceq:1.32 tex:47074 mv:11063 misc:1695 icu:611.50 pcu:948.50 scu:0.00 tlayer:2 pbqpoffset:2.87 pbfactor:1.39 avgQpOffsetCutree:0.00;
in:144 out:145 type:b q:38.29 q-aq:38.97 q-noVbv:38.29 q-Rceq:1.32 tex:33328 mv:9973 misc:1891 icu:881.75 pcu:392.75 scu:285.50 tlayer:2 pbqpoffset:2.87 pbfactor:1.39 avgQpOffsetCutree:0.00;
in:146 out:146 type:k q:35.51 q-aq:31.55 q-noVbv:35.51 q-Rceq:1.32 tex:156578 mv:23727 misc:2431 icu:1152.50 pcu:407.50 scu:0.00 tlayer:0 pbqpoffset:0.40 pbfactor:1.05 avgQpOffsetCutree:-4.40;
in:162 out:147 type:k q:35.72 q-aq:28.97 q-noVbv:35.72 q-Rceq:1.32 tex:265119 mv:44082 misc:3703 icu:929.75 pcu:614.75 scu:15.50 tlayer:0 pbqpoffset:0.83 pbfactor:1.10 avgQpOffsetCutree:-7.08;
in:154 out:148 type:B q:37.71 q-aq:32.30 q-noVbv:37.71 q-Rceq:1.32 tex:51645 mv:19639 misc:3804 icu:317.75 pcu:1044.00 scu:198.25 tlayer:1 pbqpoffset:2.09 pbfactor:1.27 avgQpOffsetCutree:-4.64;
in:150 out:149 type:B q:38.01 q-aq:34.67 q-noVbv:38.01 q-Rceq:1.32 tex:28083 mv:14462 misc:2399 icu:261.50 pcu:1070.75 scu:227.75 tlayer:2 pbqpoffset:2.45 pbfactor:1.33 avgQpOffsetCutree:-3.02;
in:148 out:150 type:B q:39.49 q-aq:39.29 q-noVbv:39.49 q-Rceq:1.32 tex:11115 mv:6908 misc:1993 icu:274.50 pcu:686.25 scu:599.25 tlayer:3 pbqpoffset:3.96 pbfactor:1.58 avgQpOffsetCutree:-0.91;
in:147 out:151 type:b q:38.75 q-aq:39.48 q-noVbv:38.75 q-Rceq:1.32 tex:14870 mv:4585 misc:1321 icu:100.25 pcu:1069.50 scu:390.25 tlayer:4 pbqpoffset:3.23 pbfactor:1.45 avgQpOffsetCutree:0.00;
in:149 out:152 type:b q:38.77 q-aq:39.12 q-noVbv:38.77 q-Rceq:1.32 tex:5465 mv:4477 misc:1330 icu:335.25 pcu:571.50 scu:653.25 tlayer:4 pbqpoffset:3.23 pbfactor:1.45 avgQpOffsetCutree:0.00;
in:152 out:153 type:B q:38.84 q-aq:37.39 q-noVbv:38.84 q-Rceq:1.32 tex:13680 mv:9412 misc:2060 icu:129.00 pcu:568.25 scu:862.75 tlayer:3 pbqpoffset:3.26 pbfactor:1.46 avgQpOffsetCutree:-1.64;
in:151 out:154 type:b q:42.53 q-aq:43.00 q-noVbv:42.53 q-Rceq:1.32 tex:638 mv:2599 misc:867 icu:2.50 pcu:298.75 scu:1258.75 tlayer:4 pbqpoffset:6.96 pbfactor:2.23 avgQpOffsetCutree:0.00;
in:153 out:155 type:b q:42.56 q-aq:43.00 q-noVbv:42.56 q-Rceq:1.32 tex:890 mv:2824 misc:966 icu:6.75 pcu:300.00 scu:1253.25 tlayer:4 pbqpoffset:6.96 pbfactor:2.23 avgQpOffsetCutree:0.00;
in:158 out:156 type:B q:38.35 q-aq:34.73 q-noVbv:38.35 q-Rceq:1.32 tex:22397 mv:12946 misc:2385 icu:204.25 pcu:652.25 scu:703.50 tlayer:2 pbqpoffset:2.69 pbfactor:1.36 avgQpOffsetCutree:-3.26;
in:156 out:157 type:B q:39.23 q-aq:37.84 q-noVbv:39.23 q-Rceq:1.32 tex:10536 mv:9081 misc:2071 icu:107.25 pcu:574.00 scu:878.75 tlayer:3 pbqpoffset:3.59 pbfactor:1.51 avgQpOffsetCutree:-1.73;
in:155 out:158 type:b q:42.58 q-aq:43.00 q-noVbv:42.58 q-Rceq:1.32 tex:929 mv:2852 misc:931 icu:9.00 pcu:238.50 scu:1312.50 tlayer:4 pbqpoffset:6.96 pbfactor:2.23 avgQpOffsetCutree:0.00;
in:157 out:159 type:b q:42.61 q-aq:43.00 q-noVbv:42.61 q-Rceq:1.32 tex:821 mv:2918 misc:885 icu:6.00 pcu:267.00 scu:1287.00 tlayer:4 pbqpoffset:6.96 pbfactor:2.23 avgQpOffsetCutree:0.00;
in:160 out:160 type:B q:38.96 q-aq:37.57 q-noVbv:38.96 q-Rceq:1.32 tex:12052 mv:8838 misc:2094 icu:86.25 pcu:604.25 scu:869.50 tlayer:3 pbqpoffset:3.27 pbfactor:1.46 avgQpOffsetCutree:-1.70;
in:159 out:161 type:b q:42.64 q-aq:43.00 q-noVbv:42.64 q-Rceq:1.32 tex:893 mv:2617 misc:882 icu:6.25 pcu:250.00 scu:1303.75 tlayer:4 pbqpoffset:6.96 pbfactor:2.23 avgQpOffsetCutree:0.00;
in:161 out:162 type:b q:42.66 q-aq:43.00 q-noVbv:42.66 q-Rceq:1.32 tex:1045 mv:2910 misc:909 icu:6.25 pcu:323.25 scu:1230.50 tlayer:4 pbqpoffset:6.96 pbfactor:2.23 avgQpOffsetCutree:0.00;
in:178 out:163 type:k q:35.78 q-aq:27.92 q-noVbv:35.78 q-Rceq:1.32 tex:158007 mv:34632 misc:4401 icu:455.25 pcu:1030.25 scu:74.50 tlayer:0 pbqpoffset:0.65 pbfactor:1.08 avgQpOffsetCutree:-6.54;
in:170 out:164 type:B q:37.73 q-aq:32.31 q-noVbv:37.73 q-Rceq:1.32 tex:35909 mv:18331 misc:3600 icu:301.25 pcu:916.00 scu:342.75 tlayer:1 pbqpoffset:1.98 pbfactor:1.26 avgQpOffsetCutree:-4.55;
in:166 out:165 type:B q:37.71 q-aq:34.12 q-noVbv:37.71 q-Rceq:1.32 tex:20559 mv:12104 misc:2465 icu:249.75 pcu:728.25 scu:582.00 tlayer:2 pbqpoffset:1.98 pbfactor:1.26 avgQpOffsetCutree:-3.19;
in:164 out:166 type:B q:37.79 q-aq:36.47 q-noVbv:37.79 q-Rceq:1.32 tex:12708 mv:9428 misc:2096 icu:152.50 pcu:590.75 scu:816.75 tlayer:3 pbqpoffset:2.06 pbfactor:1.27 avgQpOffsetCutree:-1.73;
in:163 out:167 type:b q:41.97 q-aq:42.00 q-noVbv:41.97 q-Rceq:1.32 tex:1200 mv:2816 misc:880 icu:15.25 pcu:280.75 scu:1264.00 tlayer:4 pbqpoffset:6.24 pbfactor:2.06 avgQpOffsetCutree:0.00;
in:165 out:168 type:b q:41.95 q-aq:42.00 q-noVbv:41.95 q-Rceq:1.32 tex:1350 mv:3195 misc:951 icu:7.50 pcu:317.00 scu:1235.50 tlayer:4 pbqpoffset:6.23 pbfactor:2.05 avgQpOffsetCutree:0.00;
in:168 out:169 type:B q:37.72 q-aq:36.35 q-noVbv:37.72 q-Rceq:1.32 tex:17383 mv:10542 misc:2059 icu:162.00 pcu:713.25 scu:684.75 tlayer:3 pbqpoffset:1.98 pbfactor:1.26 avgQpOffsetCutree:-1.65;
in:167 out:170 type:b q:41.01 q-aq:41.00 q-noVbv:41.01 q-Rceq:1.32 tex:1708 mv:4071 misc:1141 icu:17.00 pcu:336.00 scu:1207.00 tlayer:4 pbqpoffset:5.27 pbfactor:1.84 avgQpOffsetCutree:0.00;
in:169 out:171 type:b q:40.82 q-aq:41.00 q-noVbv:40.82 q-Rceq:1.32 tex:1575 mv:4319 misc:1234 icu:16.75 pcu:281.75 scu:1261.50 tlayer:4 pbqpoffset:5.08 pbfactor:1.80 avgQpOffsetCutree:0.00;
in:174 out:172 type:B q:37.74 q-aq:34.18 q-noVbv:37.74 q-Rceq:1.32 tex:20696 mv:10198 misc:2474 icu:250.00 pcu:716.00 scu:594.00 tlayer:2 pbqpoffset:1.98 pbfactor:1.26 avgQpOffsetCutree:-3.15;
in:172 out:173 type:B q:37.73 q-aq:36.38 q-noVbv:37.73 q-Rceq:1.32 tex:15362 mv:9153 misc:2205 icu:147.75 pcu:606.75 scu:805.50 tlayer:3 pbqpoffset:1.98 pbfactor:1.26 avgQpOffsetCutree:-1.69;
in:171 out:174 type:b q:40.86 q-aq:41.00 q-noVbv:40.86 q-Rceq:1.32 tex:1809 mv:4045 misc:1170 icu:11.00 pcu:336.75 scu:1212.25 tlayer:4 pbqpoffset:5.11 pbfactor:1.80 avgQpOffsetCutree:0.00;
in:173 out:175 type:b q:41.06 q-aq:41.00 q-noVbv:41.06 q-Rceq:1.32 tex:2225 mv:3471 misc:1088 icu:10.00 pcu:328.50 scu:1221.50 tlayer:4 pbqpoffset:5.30 pbfactor:1.85 avgQpOffsetCutree:0.00;
in:176 out:176 type:B q:37.75 q-aq:36.45 q-noVbv:37.75 q-Rceq:1.32 tex:16046 mv:7666 misc:2056 icu:181.50 pcu:590.25 scu:788.25 tlayer:3 pbqpoffset:1.98 pbfactor:1.26 avgQpOffsetCutree:-1.65;
in:175 out:177 type:b q:41.06 q-aq:41.00 q-noVbv:41.06 q-Rceq:1.32 tex:2435 mv:3638 misc:1191 icu:16.00 pcu:362.00 scu:1182.00 tlayer:4 pbqpoffset:5.30 pbfactor:1.84 avgQpOffsetCutree:0.00;
in:177 out:178 type:b q:40.76 q-aq:41.00 q-noVbv:40.76 q-Rceq:1.32 tex:2616 mv:3759 misc:1201 icu:22.00 pcu:356.50 scu:1181.50 tlayer:4 pbqpoffset:4.99 pbfactor:1.78 avgQpOffsetCutree:0.00;
in:194 out:179 type:k q:35.67 q-aq:28.37 q-noVbv:35.67 q-Rceq:1.32 tex:234587 mv:43302 misc:4071 icu:672.00 pcu:858.25 scu:29.75 tlayer:0 pbqpoffset:0.74 pbfactor:1.09 avgQpOffsetCutree:-6.85;
in:186 out:180 type:B q:37.54 q-aq:32.38 q-noVbv:37.54 q-Rceq:1.32 tex:42914 mv:17750 misc:3456 icu:315.75 pcu:968.50 scu:275.75 tlayer:1 pbqpoffset:1.82 pbfactor:1.23 avgQpOffsetCutree:-4.40;
in:182 out:181 type:B q:37.67 q-aq:34.15 q-noVbv:37.67 q-Rceq:1.32 tex:21159 mv:10155 misc:2726 icu:245.75 pcu:798.00 scu:516.25 tlayer:2 pbqpoffset:1.93 pbfactor:1.25 avgQpOffsetCutree:-3.20;
in:180 out:182 type:B q:38.61 q-aq:37.43 q-noVbv:38.61 q-Rceq:1.32 tex:10950 mv:6297 misc:1905 icu:156.00 pcu:512.00 scu:892.00 tlayer:3 pbqpoffset:2.85 pbfactor:1.39 avgQpOffsetCutree:-1.64;
in:179 out:183 type:b q:42.45 q-aq:42.29 q-noVbv:42.45 q-Rceq:1.32 tex:2275 mv:3035 misc:1218 icu:25.00 pcu:297.50 scu:1237.50 tlayer:4 pbqpoffset:6.68 pbfactor:2.16 avgQpOffsetCutree:0.00;
in:181 out:184 type:b q:42.44 q-aq:42.57 q-noVbv:42.44 q-Rceq:1.32 tex:1732 mv:2780 misc:1016 icu:1.50 pcu:279.00 scu:1279.50 tlayer:4 pbqpoffset:6.68 pbfactor:2.16 avgQpOffsetCutree:0.00;
in:184 out:185 type:B q:37.97 q-aq:36.52 q-noVbv:37.97 q-Rceq:1.32 tex:15056 mv:7825 misc:2263 icu:95.00 pcu:713.00 scu:752.00 tlayer:3 pbqpoffset:2.24 pbfactor:1.29 avgQpOffsetCutree:-1.64;
in:183 out:186 type:b q:42.42 q-aq:42.30 q-noVbv:42.42 q-Rceq:1.32 tex:2127 mv:2825 misc:1136 icu:25.00 pcu:318.50 scu:1216.50 tlayer:4 pbqpoffset:6.68 pbfactor:2.16 avgQpOffsetCutree:0.00;
in:185 out:187 type:b q:42.41 q-aq:42.25 q-noVbv:42.41 q-Rceq:1.32 tex:1998 mv:3051 misc:1263 icu:8.25 pcu:298.75 scu:1253.00 tlayer:4 pbqpoffset:6.68 pbfactor:2.16 avgQpOffsetCutree:0.00;
in:190 out:188 type:B q:37.51 q-aq:34.39 q-noVbv:37.51 q-Rceq:1.32 tex:24857 mv:11114 misc:2893 icu:219.00 pcu:699.00 scu:642.00 tlayer:2 pbqpoffset:1.82 pbfactor:1.23 avgQpOffsetCutree:-3.03;
in:188 out:189 type:B q:38.15 q-aq:36.96 q-noVbv:38.15 q-Rceq:1.32 tex:13445 mv:7696 misc:2067 icu:156.75 pcu:593.50 scu:809.75 tlayer:3 pbqpoffset:2.45 pbfactor:1.33 avgQpOffsetCutree:-1.69;
in:187 out:190 type:b q:42.40 q-aq:42.05 q-noVbv:42.40 q-Rceq:1.32 tex:2287 mv:2897 misc:1192 icu:15.75 pcu:303.25 scu:1241.00 tlayer:4 pbqpoffset:6.68 pbfactor:2.16 avgQpOffsetCutree:0.00;
in:189 out:191 type:b q:42.16 q-aq:42.01 q-noVbv:42.16 q-Rceq:1.32 tex:2453 mv:3421 misc:1302 icu:16.75 pcu:325.50 scu:1217.75 tlayer:4 pbqpoffset:6.46 pbfactor:2.11 avgQpOffsetCutree:0.00;
in:192 out:192 type:B q:37.69 q-aq:36.41 q-noVbv:37.69 q-Rceq:1.32 tex:18150 mv:9589 misc:2589 icu:139.50 pcu:599.25 scu:821.25 tlayer:3 pbqpoffset:2.01 pbfactor:1.26 avgQpOffsetCutree:-1.66;
in:191 out:193 type:b q:41.43 q-aq:41.11 q-noVbv:41.43 q-Rceq:1.32 tex:2937 mv:4031 misc:1448 icu:12.25 pcu:411.50 scu:1136.25 tlayer:4 pbqpoffset:5.74 pbfactor:1.94 avgQpOffsetCutree:0.00;
in:193 out:194 type:b q:41.33 q-aq:41.06 q-noVbv:41.33 q-Rceq:1.32 tex:2396 mv:4145 misc:1435 icu:4.75 pcu:393.25 scu:1162.00 tlayer:4 pbqpoffset:5.65 pbfactor:1.92 avgQpOffsetCutree:0.00;
in:210 out:195 type:k q:35.53 q-aq:27.78 q-noVbv:35.53 q-Rceq:1.32 tex:155539 mv:38266 misc:4699 icu:442.75 pcu:1012.75 scu:104.50 tlayer:0 pbqpoffset:0.96 pbfactor:1.12 avgQpOffsetCutree:-6.81;
in:202 out:196 type:B q:37.47 q-aq:32.20 q-noVbv:37.47 q-Rceq:1.32 tex:45139 mv:20541 misc:3936 icu:269.75 pcu:935.50 scu:354.75 tlayer:1 pbqpoffset:1.87 pbfactor:1.24 avgQpOffsetCutree:-4.54;
in:198 out:197 type:B q:37.50 q-aq:34.18 q-noVbv:37.50 q-Rceq:1.32 tex:29487 mv:14452 misc:3109 icu:176.75 pcu:735.75 scu:647.50 tlayer:2 pbqpoffset:1.87 pbfactor:1.24 avgQpOffsetCutree:-3.17;
in:196 out:198 type:B q:37.52 q-aq:36.08 q-noVbv:37.52 q-Rceq:1.32 tex:15827 mv:9880 misc:2525 icu:100.00 pcu:630.00 scu:830.00 tlayer:3 pbqpoffset:1.87 pbfactor:1.24 avgQpOffsetCutree:-1.72;
in:195 out:199 type:b q:40.43 q-aq:40.30 q-noVbv:40.43 q-Rceq:1.32 tex:2814 mv:4268 misc:1558 icu:8.00 pcu:384.25 scu:1167.75 tlayer:4 pbqpoffset:4.77 pbfactor:1.74 avgQpOffsetCutree:0.00;
in:197 out:200 type:b q:40.76 q-aq:41.00 q-noVbv:40.76 q-Rceq:1.32 tex:1897 mv:4390 misc:1417 icu:3.50 pcu:334.00 scu:1222.50 tlayer:4 pbqpoffset:5.12 pbfactor:1.81 avgQpOffsetCutree:0.00;
in:200 out:201 type:B q:37.49 q-aq:36.22 q-noVbv:37.49 q-Rceq:1.32 tex:21557 mv:10337 misc:2610 icu:83.50 pcu:741.00 scu:735.50 tlayer:3 pbqpoffset:1.87 pbfactor:1.24 avgQpOffsetCutree:-1.66;
in:199 out:202 type:b q:40.37 q-aq:40.21 q-noVbv:40.37 q-Rceq:1.32 tex:2688 mv:4518 misc:1546 icu:6.25 pcu:394.00 scu:1159.75 tlayer:4 pbqpoffset:4.75 pbfactor:1.73 avgQpOffsetCutree:0.00;
in:201 out:203 type:b q:40.75 q-aq:41.00 q-noVbv:40.75 q-Rceq:1.32 tex:2090 mv:3886 misc:1304 icu:7.00 pcu:367.50 scu:1185.50 tlayer:4 pbqpoffset:5.14 pbfactor:1.81 avgQpOffsetCutree:0.00;
in:206 out:204 type:B q:37.44 q-aq:34.04 q-noVbv:37.44 q-Rceq:1.32 tex:24123 mv:12940 misc:2849 icu:184.25 pcu:681.25 scu:694.50 tlayer:2 pbqpoffset:1.87 pbfactor:1.24 avgQpOffsetCutree:-3.20;
in:204 out:205 type:B q:37.57 q-aq:36.27 q-noVbv:37.57 q-Rceq:1.32 tex:18211 mv:9632 misc:2333 icu:120.00 pcu:651.25 scu:788.75 tlayer:3 pbqpoffset:1.98 pbfactor:1.26 avgQpOffsetCutree:-1.70;
in:203 out:206 type:b q:41.10 q-aq:41.00 q-noVbv:41.10 q-Rceq:1.32 tex:2242 mv:3739 misc:1339 icu:2.25 pcu:335.50 scu:1222.25 tlayer:4 pbqpoffset:5.50 pbfactor:1.89 avgQpOffsetCutree:0.00;
in:205 out:207 type:b q:41.31 q-aq:41.00 q-noVbv:41.31 q-Rceq:1.32 tex:2083 mv:3554 misc:1275 icu:3.25 pcu:368.75 scu:1188.00 tlayer:4 pbqpoffset:5.74 pbfactor:1.94 avgQpOffsetCutree:0.00;
in:208 out:208 type:B q:37.54 q-aq:36.27 q-noVbv:37.54 q-Rceq:1.32 tex:17026 mv:9297 misc:2437 icu:86.50 pcu:598.00 scu:875.50 tlayer:3 pbqpoffset:1.99 pbfactor:1.26 avgQpOffsetCutree:-1.67;
in:207 out:209 type:b q:41.61 q-aq:42.00 q-noVbv:41.61 q-Rceq:1.32 tex:1474 mv:3051 misc:1195 icu:8.50 pcu:285.50 scu:1266.00 tlayer:4 pbqpoffset:6.05 pbfactor:2.01 avgQpOffsetCutree:0.00;
in:209 out:210 type:b q:41.54 q-aq:42.00 q-noVbv:41.54 q-Rceq:1.32 tex:1079 mv:3402 misc:1191 icu:8.75 pcu:336.00 scu:1215.25 tlayer:4 pbqpoffset:6.00 pbfactor:2.00 avgQpOffsetCutree:0.00;
in:226 out:211 type:k q:35.14 q-aq:27.30 q-noVbv:35.14 q-Rceq:1.32 tex:245132 mv:45191 misc:3925 icu:589.50 pcu:933.25 scu:37.25 tlayer:0 pbqpoffset:0.88 pbfactor:1.11 avgQpOffsetCutree:-7.13;
in:218 out:212 type:B q:37.15 q-aq:32.20 q-noVbv:37.15 q-Rceq:1.32 tex:41903 mv:18792 misc:3833 icu:281.75 pcu:887.25 scu:391.00 tlayer:1 pbqpoffset:1.82 pbfactor:1.23 avgQpOffsetCutree:-4.46;
in:214 out:213 type:B q:37.37 q-aq:33.90 q-noVbv:37.37 q-Rceq:1.32 tex:22434 mv:13280 misc:3046 icu:160.25 pcu:819.25 scu:580.50 tlayer:2 pbqpoffset:1.94 pbfactor:1.25 avgQpOffsetCutree:-3.19;
in:212 out:214 type:B q:37.85 q-aq:36.58 q-noVbv:37.85 q-Rceq:1.32 tex:14193 mv:8058 misc:2261 icu:88.00 pcu:611.75 scu:860.25 tlayer:3 pbqpoffset:2.37 pbfactor:1.31 avgQpOffsetCutree:-1.63;
in:211 out:215 type:b q:42.19 q-aq:42.00 q-noVbv:42.19 q-Rceq:1.32 tex:1358 mv:2936 misc:1074 icu:4.75 pcu:325.75 scu:1229.50 tlayer:4 pbqpoffset:6.68 pbfactor:2.16 avgQpOffsetCutree:0.00;
in:213 out:216 type:b q:42.14 q-aq:42.00 q-noVbv:42.14 q-Rceq:1.32 tex:1423 mv:2766 misc:1123 icu:1.25 pcu:330.75 scu:1228.00 tlayer:4 pbqpoffset:6.68 pbfactor:2.16 avgQpOffsetCutree:0.00;
in:216 out:217 type:B q:37.61 q-aq:36.40 q-noVbv:37.61 q-Rceq:1.32 tex:13855 mv:9332 misc:2349 icu:83.00 pcu:758.00 scu:719.00 tlayer:3 pbqpoffset:2.22 pbfactor:1.29 avgQpOffsetCutree:-1.65;
in:215 out:218 type:b q:42.09 q-aq:42.00 q-noVbv:42.09 q-Rceq:1.32 tex:991 mv:2619 misc:982 icu:5.50 pcu:313.00 scu:1241.50 tlayer:4 pbqpoffset:6.68 pbfactor:2.16 avgQpOffsetCutree:0.00;
in:217 out:219 type:b q:42.04 q-aq:42.00 q-noVbv:42.04 q-Rceq:1.32 tex:980 mv:2580 misc:984 icu:3.25 pcu:341.00 scu:1215.75 tlayer:4 pbqpoffset:6.68 pbfactor:2.16 avgQpOffsetCutree:0.00;
in:222 out:220 type:B q:37.50 q-aq:34.23 q-noVbv:37.50 q-Rceq:1.32 tex:19034 mv:10944 misc:2726 icu:112.50 pcu:736.25 scu:711.25 tlayer:2 pbqpoffset:2.27 pbfactor:1.30 avgQpOffsetCutree:-3.15;
in:220 out:221 type:B q:37.79 q-aq:36.37 q-noVbv:37.79 q-Rceq:1.32 tex:10912 mv:8325 misc:2091 icu:111.50 pcu:634.75 scu:813.75 tlayer:3 pbqpoffset:2.50 pbfactor:1.34 avgQpOffsetCutree:-1.71;
in:219 out:222 type:b q:41.99 q-aq:42.00 q-noVbv:41.99 q-Rceq:1.32 tex:921 mv:2149 misc:874 icu:0.75 pcu:304.50 scu:1254.75 tlayer:4 pbqpoffset:6.68 pbfactor:2.16 avgQpOffsetCutree:0.00;
in:221 out:223 type:b q:41.94 q-aq:42.00 q-noVbv:41.94 q-Rceq:1.32 tex:719 mv:2449 misc:912 icu:0.75 pcu:231.75 scu:1327.50 tlayer:4 pbqpoffset:6.68 pbfactor:2.16 avgQpOffsetCutree:0.00;
in:224 out:224 type:B q:37.69 q-aq:36.47 q-noVbv:37.69 q-Rceq:1.32 tex:11010 mv:7665 misc:2125 icu:54.50 pcu:500.75 scu:1004.75 tlayer:3 pbqpoffset:2.50 pbfactor:1.34 avgQpOffsetCutree:-1.71;
in:223 out:225 type:b q:41.89 q-aq:42.00 q-noVbv:41.89 q-Rceq:1.32 tex:876 mv:1995 misc:801 icu:10.50 pcu:260.25 scu:1289.25 tlayer:4 pbqpoffset:6.68 pbfactor:2.16 avgQpOffsetCutree:0.00;
in:225 out:226 type:b q:41.84 q-aq:42.00 q-noVbv:41.84 q-Rceq:1.32 tex:826 mv:2246 misc:824 icu:0.00 pcu:256.75 scu:1303.25 tlayer:4 pbqpoffset:6.68 pbfactor:2.16 avgQpOffsetCutree:0.00;
in:239 out:227 type:k q:34.39 q-aq:30.25 q-noVbv:34.39 q-Rceq:1.32 tex:78879 mv:23834 misc:3607 icu:673.25 pcu:779.00 scu:107.75 tlayer:0 pbqpoffset:0.85 pbfactor:1.10 avgQpOffsetCutree:-3.69;
in:233 out:228 type:B q:36.40 q-aq:30.99 q-noVbv:36.40 q-Rceq:1.32 tex:49699 mv:18010 misc:3947 icu:140.25 pcu:1077.75 scu:342.00 tlayer:1 pbqpoffset:1.67 pbfactor:1.21 avgQpOffsetCutree:-4.60;
in:230 out:229 type:B q:36.57 q-aq:33.59 q-noVbv:36.57 q-Rceq:1.32 tex:17690 mv:11224 misc:2598 icu:70.50 pcu:946.25 scu:543.25 tlayer:2 pbqpoffset:1.67 pbfactor:1.21 avgQpOffsetCutree:-3.05;
in:228 out:230 type:B q:36.69 q-aq:35.40 q-noVbv:36.69 q-Rceq:1.32 tex:12998 mv:8201 misc:1929 icu:53.00 pcu:561.75 scu:945.25 tlayer:3 pbqpoffset:1.67 pbfactor:1.21 avgQpOffsetCutree:-1.74;
in:227 out:231 type:b q:38.45 q-aq:38.25 q-noVbv:38.45 q-Rceq:1.32 tex:1777 mv:2816 misc:1055 icu:6.25 pcu:229.00 scu:1324.75 tlayer:4 pbqpoffset:3.37 pbfactor:1.48 avgQpOffsetCutree:0.00;
in:229 out:232 type:b q:38.36 q-aq:38.29 q-noVbv:38.36 q-Rceq:1.32 tex:1828 mv:3171 misc:1033 icu:5.25 pcu:280.00 scu:1274.75 tlayer:4 pbqpoffset:3.39 pbfactor:1.48 avgQpOffsetCutree:0.00;
in:232 out:233 type:B q:36.46 q-aq:36.28 q-noVbv:36.46 q-Rceq:1.32 tex:10582 mv:6749 misc:1893 icu:13.50 pcu:719.50 scu:827.00 tlayer:3 pbqpoffset:1.67 pbfactor:1.21 avgQpOffsetCutree:-0.98;
in:231 out:234 type:b q:37.96 q-aq:38.00 q-noVbv:37.96 q-Rceq:1.32 tex:2442 mv:3761 misc:1197 icu:2.25 pcu:244.75 scu:1313.00 tlayer:4 pbqpoffset:3.11 pbfactor:1.43 avgQpOffsetCutree:0.00;
in:236 out:235 type:B q:36.23 q-aq:33.41 q-noVbv:36.23 q-Rceq:1.32 tex:25580 mv:11708 misc:2696 icu:54.75 pcu:953.25 scu:552.00 tlayer:2 pbqpoffset:1.67 pbfactor:1.21 avgQpOffsetCutree:-2.84;
in:235 out:236 type:B q:36.29 q-aq:36.11 q-noVbv:36.29 q-Rceq:1.32 tex:5220 mv:5503 misc:1549 icu:8.75 pcu:552.00 scu:999.25 tlayer:3 pbqpoffset:1.67 pbfactor:1.21 avgQpOffsetCutree:-1.02;
in:234 out:237 type:b q:37.48 q-aq:37.72 q-noVbv:37.48 q-Rceq:1.32 tex:4603 mv:4083 misc:1378 icu:5.75 pcu:342.50 scu:1211.75 tlayer:4 pbqpoffset:2.80 pbfactor:1.38 avgQpOffsetCutree:0.00;
in:238 out:238 type:B q:36.12 q-aq:36.10 q-noVbv:36.12 q-Rceq:1.32 tex:10151 mv:7655 misc:2090 icu:27.75 pcu:727.00 scu:805.25 tlayer:3 pbqpoffset:1.67 pbfactor:1.21 avgQpOffsetCutree:-1.01;
in:237 out:239 type:b q:38.13 q-aq:38.01 q-noVbv:38.13 q-Rceq:1.32 tex:2868 mv:2888 misc:1012 icu:2.75 pcu:261.25 scu:1296.00 tlayer:4 pbqpoffset:3.63 pbfactor:1.52 avgQpOffsetCutree:0.00;
in:240 out:240 type:k q:42.39 q-aq:38.71 q-noVbv:42.39 q-Rceq:1.32 tex:27781 mv:7678 misc:1509 icu:682.25 pcu:877.75 scu:0.00 tlayer:0 pbqpoffset:0.85 pbfactor:1.10 avgQpOffsetCutree:-3.94;
in:244 out:241 type:k q:41.89 q-aq:34.58 q-noVbv:41.89 q-Rceq:1.32 tex:47673 mv:15889 misc:2950 icu:255.25 pcu:1178.75 scu:126.00 tlayer:0 pbqpoffset:0.68 pbfactor:1.08 avgQpOffsetCutree:-5.91;
in:242 out:242 type:B q:45.69 q-aq:45.45 q-noVbv:45.69 q-Rceq:1.32 tex:1914 mv:2023 misc:879 icu:264.25 pcu:361.00 scu:934.75 tlayer:1 pbqpoffset:3.55 pbfactor:1.51 avgQpOffsetCutree:-0.90;
in:241 out:243 type:b q:45.08 q-aq:45.14 q-noVbv:45.08 q-Rceq:1.32 tex:4208 mv:2638 misc:826 icu:55.00 pcu:1011.00 scu:494.00 tlayer:2 pbqpoffset:2.82 pbfactor:1.38 avgQpOffsetCutree:0.00;
in:243 out:244 type:b q:44.83 q-aq:45.00 q-noVbv:44.83 q-Rceq:1.32 tex:3868 mv:2824 misc:996 icu:243.50 pcu:856.25 scu:460.25 tlayer:2 pbqpoffset:2.82 pbfactor:1.38 avgQpOffsetCutree:0.00;
in:260 out:245 type:k q:37.89 q-aq:32.85 q-noVbv:37.89 q-Rceq:1.32 tex:93724 mv:21387 misc:3753 icu:260.00 pcu:954.50 scu:345.50 tlayer:0 pbqpoffset:0.73 pbfactor:1.09 avgQpOffsetCutree:-3.95;
in:252 out:246 type:B q:41.33 q-aq:34.99 q-noVbv:41.33 q-Rceq:1.32 tex:36890 mv:15131 misc:2683 icu:155.75 pcu:1258.50 scu:145.75 tlayer:1 pbqpoffset:1.44 pbfactor:1.18 avgQpOffsetCutree:-5.02;
in:248 out:247 type:B q:42.33 q-aq:38.33 q-noVbv:42.33 q-Rceq:1.32 tex:10641 mv:7653 misc:1738 icu:38.25 pcu:1197.75 scu:324.00 tlayer:2 pbqpoffset:1.44 pbfactor:1.18 avgQpOffsetCutree:-3.37;
in:246 out:248 type:B q:43.01 q-aq:41.29 q-noVbv:43.01 q-Rceq:1.32 tex:3703 mv:3799 misc:1202 icu:20.00 pcu:923.75 scu:616.25 tlayer:3 pbqpoffset:1.62 pbfactor:1.21 avgQpOffsetCutree:-1.75;
in:245 out:249 type:b q:45.90 q-aq:46.00 q-noVbv:45.90 q-Rceq:1.32 tex:902 mv:1053 misc:517 icu:1.50 pcu:485.00 scu:1073.50 tlayer:4 pbqpoffset:4.26 pbfactor:1.64 avgQpOffsetCutree:0.00;
in:247 out:250 type:b q:45.54 q-aq:46.00 q-noVbv:45.54 q-Rceq:1.32 tex:105 mv:713 misc:382 icu:0.50 pcu:56.00 scu:1503.50 tlayer:4 pbqpoffset:4.40 pbfactor:1.66 avgQpOffsetCutree:0.00;
in:250 out:251 type:B q:41.84 q-aq:40.18 q-noVbv:41.84 q-Rceq:1.32 tex:3297 mv:3547 misc:1180 icu:6.50 pcu:391.50 scu:1162.00 tlayer:3 pbqpoffset:1.45 pbfactor:1.18 avgQpOffsetCutree:-1.81;
in:249 out:252 type:b q:45.55 q-aq:46.00 q-noVbv:45.55 q-Rceq:1.32 tex:189 mv:611 misc:368 icu:0.50 pcu:60.75 scu:1498.75 tlayer:4 pbqpoffset:4.91 pbfactor:1.76 avgQpOffsetCutree:0.00;
in:251 out:253 type:b q:45.07 q-aq:45.00 q-noVbv:45.07 q-Rceq:1.32 tex:208 mv:882 misc:398 icu:0.50 pcu:101.00 scu:1458.50 tlayer:4 pbqpoffset:4.93 pbfactor:1.77 avgQpOffsetCutree:0.00;
in:256 out:254 type:B q:40.33 q-aq:36.10 q-noVbv:40.33 q-Rceq:1.32 tex:19863 mv:9179 misc:2958 icu:56.75 pcu:848.00 scu:655.25 tlayer:2 pbqpoffset:1.44 pbfactor:1.18 avgQpOffsetCutree:-3.62;
in:254 out:255 type:B q:41.02 q-aq:39.50 q-noVbv:41.02 q-Rceq:1.32 tex:4132 mv:3681 misc:1267 icu:10.50 pcu:320.25 scu:1229.25 tlayer:3 pbqpoffset:1.63 pbfactor:1.21 avgQpOffsetCutree:-1.78;
in:253 out:256 type:b q:44.75 q-aq:45.00 q-noVbv:44.75 q-Rceq:1.32 tex:36 mv:903 misc:421 icu:0.00 pcu:111.25 scu:1448.75 tlayer:4 pbqpoffset:5.11 pbfactor:1.80 avgQpOffsetCutree:0.00;
in:255 out:257 type:b q:44.07 q-aq:44.00 q-noVbv:44.07 q-Rceq:1.32 tex:219 mv:976 misc:485 icu:0.75 pcu:119.25 scu:1440.00 tlayer:4 pbqpoffset:4.93 pbfactor:1.77 avgQpOffsetCutree:0.00;
in:258 out:258 type:B q:39.83 q-aq:38.05 q-noVbv:39.83 q-Rceq:1.32 tex:4871 mv:5161 misc:1712 icu:7.50 pcu:525.00 scu:1027.50 tlayer:3 pbqpoffset:1.44 pbfactor:1.18 avgQpOffsetCutree:-1.92;
in:257 out:259 type:b q:43.45 q-aq:43.12 q-noVbv:43.45 q-Rceq:1.32 tex:545 mv:1021 misc:514 icu:0.00 pcu:166.00 scu:1394.00 tlayer:4 pbqpoffset:4.81 pbfactor:1.74 avgQpOffsetCutree:0.00;
in:259 out:260 type:b q:41.31 q-aq:41.00 q-noVbv:41.31 q-Rceq:1.32 tex:601 mv:1913 misc:806 icu:1.25 pcu:371.25 scu:1187.50 tlayer:4 pbqpoffset:3.17 pbfactor:1.44 avgQpOffsetCutree:0.00;
in:276 out:261 type:k q:33.94 q-aq:25.98 q-noVbv:33.94 q-Rceq:1.32 tex:275933 mv:42432 misc:4027 icu:432.25 pcu:1096.25 scu:31.50 tlayer:0 pbqpoffset:0.68 pbfactor:1.08 avgQpOffsetCutree:-7.05;
in:268 out:262 type:B q:38.21 q-aq:31.74 q-noVbv:38.21 q-Rceq:1.32 tex:37246 mv:17131 misc:3599 icu:80.75 pcu:1125.50 scu:353.75 tlayer:1 pbqpoffset:2.29 pbfactor:1.30 avgQpOffsetCutree:-5.26;
in:264 out:263 type:B q:39.69 q-aq:35.47 q-noVbv:39.69 q-Rceq:1.32 tex:15839 mv:10476 misc:2621 icu:39.25 pcu:984.75 scu:536.00 tlayer:2 pbqpoffset:2.79 pbfactor:1.38 avgQpOffsetCutree:-3.63;
in:262 out:264 type:B q:40.93 q-aq:39.53 q-noVbv:40.93 q-Rceq:1.32 tex:2523 mv:4271 misc:1278 icu:1.00 pcu:592.00 scu:967.00 tlayer:3 pbqpoffset:3.54 pbfactor:1.50 avgQpOffsetCutree:-1.67;
in:261 out:265 type:b q:40.45 q-aq:40.53 q-noVbv:40.45 q-Rceq:1.32 tex:14249 mv:4004 misc:1115 icu:216.00 pcu:994.75 scu:349.25 tlayer:4 pbqpoffset:2.81 pbfactor:1.38 avgQpOffsetCutree:0.00;
in:263 out:266 type:b q:43.69 q-aq:44.00 q-noVbv:43.69 q-Rceq:1.32 tex:27 mv:533 misc:320 icu:0.00 pcu:96.00 scu:1464.00 tlayer:4 pbqpoffset:6.54 pbfactor:2.13 avgQpOffsetCutree:0.00;
in:266 out:267 type:B q:39.95 q-aq:38.25 q-noVbv:39.95 q-Rceq:1.32 tex:2824 mv:4109 misc:1235 icu:8.50 pcu:436.50 scu:1115.00 tlayer:3 pbqpoffset:3.54 pbfactor:1.50 avgQpOffsetCutree:-1.79;
in:265 out:268 type:b q:43.19 q-aq:43.00 q-noVbv:43.19 q-Rceq:1.32 tex:276 mv:775 misc:445 icu:0.25 pcu:111.25 scu:1448.50 tlayer:4 pbqpoffset:6.54 pbfactor:2.13 avgQpOffsetCutree:0.00;
in:267 out:269 type:b q:42.70 q-aq:43.00 q-noVbv:42.70 q-Rceq:1.32 tex:583 mv:902 misc:483 icu:0.25 pcu:194.00 scu:1365.75 tlayer:4 pbqpoffset:6.54 pbfactor:2.13 avgQpOffsetCutree:0.00;
in:272 out:270 type:B q:38.14 q-aq:34.38 q-noVbv:38.14 q-Rceq:1.32 tex:17791 mv:9795 misc:2470 icu:42.50 pcu:873.75 scu:643.75 tlayer:2 pbqpoffset:3.21 pbfactor:1.45 avgQpOffsetCutree:-3.39;
in:270 out:271 type:B q:38.96 q-aq:37.59 q-noVbv:38.96 q-Rceq:1.32 tex:4235 mv:4570 misc:1459 icu:13.50 pcu:376.00 scu:1170.50 tlayer:3 pbqpoffset:3.54 pbfactor:1.50 avgQpOffsetCutree:-1.77;
in:269 out:272 type:b q:42.21 q-aq:42.00 q-noVbv:42.21 q-Rceq:1.32 tex:832 mv:1157 misc:587 icu:0.00 pcu:263.00 scu:1297.00 tlayer:4 pbqpoffset:6.54 pbfactor:2.13 avgQpOffsetCutree:0.00;
in:271 out:273 type:b q:41.71 q-aq:42.00 q-noVbv:41.71 q-Rceq:1.32 tex:701 mv:1394 misc:625 icu:4.75 pcu:166.75 scu:1388.50 tlayer:4 pbqpoffset:6.54 pbfactor:2.13 avgQpOffsetCutree:0.00;
in:274 out:274 type:B q:37.97 q-aq:36.33 q-noVbv:37.97 q-Rceq:1.32 tex:6143 mv:4592 misc:1505 icu:13.50 pcu:451.75 scu:1094.75 tlayer:3 pbqpoffset:3.54 pbfactor:1.50 avgQpOffsetCutree:-1.79;
in:273 out:275 type:b q:41.22 q-aq:41.00 q-noVbv:41.22 q-Rceq:1.32 tex:965 mv:1356 misc:607 icu:5.00 pcu:182.50 scu:1372.50 tlayer:4 pbqpoffset:6.54 pbfactor:2.13 avgQpOffsetCutree:0.00;
in:275 out:276 type:b q:40.72 q-aq:41.00 q-noVbv:40.72 q-Rceq:1.32 tex:937 mv:1510 misc:609 icu:2.50 pcu:181.50 scu:1376.00 tlayer:4 pbqpoffset:6.54 pbfactor:2.13 avgQpOffsetCutree:0.00;
in:281 out:277 type:k q:33.28 q-aq:29.95 q-noVbv:33.28 q-Rceq:1.32 tex:61614 mv:16064 misc:3690 icu:302.50 pcu:947.50 scu:310.00 tlayer:0 pbqpoffset:0.68 pbfactor:1.08 avgQpOffsetCutree:-2.77;
in:279 out:278 type:B q:35.18 q-aq:32.71 q-noVbv:35.18 q-Rceq:1.32 tex:14590 mv:8751 misc:2531 icu:28.25 pcu:728.75 scu:803.00 tlayer:1 pbqpoffset:1.64 pbfactor:1.21 avgQpOffsetCutree:-2.34;
in:278 out:279 type:B q:35.31 q-aq:35.01 q-noVbv:35.31 q-Rceq:1.32 tex:5556 mv:4625 misc:1411 icu:15.00 pcu:612.75 scu:932.25 tlayer:2 pbqpoffset:1.64 pbfactor:1.21 avgQpOffsetCutree:-1.02;
in:277 out:280 type:b q:36.58 q-aq:37.00 q-noVbv:36.58 q-Rceq:1.32 tex:1890 mv:1957 misc:785 icu:10.50 pcu:212.75 scu:1336.75 tlayer:3 pbqpoffset:2.77 pbfactor:1.38 avgQpOffsetCutree:0.00;
in:280 out:281 type:b q:36.19 q-aq:36.12 q-noVbv:36.19 q-Rceq:1.32 tex:4573 mv:4171 misc:1368 icu:19.00 pcu:644.25 scu:896.75 tlayer:2 pbqpoffset:2.77 pbfactor:1.38 avgQpOffsetCutree:0.00;
in:282 out:282 type:k q:37.28 q-aq:33.19 q-noVbv:37.28 q-Rceq:1.32 tex:47380 mv:9265 misc:1691 icu:624.00 pcu:936.00 scu:0.00 tlayer:0 pbqpoffset:0.68 pbfactor:1.08 avgQpOffsetCutree:-4.19;
in:286 out:283 type:k q:36.61 q-aq:27.98 q-noVbv:36.61 q-Rceq:1.32 tex:165830 mv:27315 misc:4751 icu:182.25 pcu:1213.75 scu:164.00 tlayer:0 pbqpoffset:0.68 pbfactor:1.08 avgQpOffsetCutree:-6.82;
in:284 out:284 type:B q:39.75 q-aq:37.98 q-noVbv:39.75 q-Rceq:1.32 tex:4620 mv:4506 misc:1250 icu:24.75 pcu:982.50 scu:552.75 tlayer:1 pbqpoffset:2.80 pbfactor:1.38 avgQpOffsetCutree:-1.89;
in:283 out:285 type:b q:42.45 q-aq:42.03 q-noVbv:42.45 q-Rceq:1.32 tex:895 mv:2196 misc:765 icu:3.50 pcu:670.00 scu:886.50 tlayer:2 pbqpoffset:5.33 pbfactor:1.85 avgQpOffsetCutree:0.00;
in:285 out:286 type:b q:43.41 q-aq:43.00 q-noVbv:43.41 q-Rceq:1.32 tex:437 mv:1220 misc:535 icu:1.75 pcu:98.50 scu:1459.75 tlayer:2 pbqpoffset:6.64 pbfactor:2.15 avgQpOffsetCutree:0.00;
in:302 out:287 type:k q:32.61 q-aq:27.77 q-noVbv:32.61 q-Rceq:1.32 tex:168757 mv:27067 misc:3912 icu:258.50 pcu:1091.25 scu:210.25 tlayer:0 pbqpoffset:0.55 pbfactor:1.07 avgQpOffsetCutree:-3.89;
in:294 out:288 type:B q:36.14 q-aq:29.69 q-noVbv:36.14 q-Rceq:1.32 tex:62515 mv:19733 misc:4720 icu:84.00 pcu:1123.25 scu:352.75 tlayer:1 pbqpoffset:1.53 pbfactor:1.19 avgQpOffsetCutree:-5.30;
in:290 out:289 type:B q:37.14 q-aq:33.00 q-noVbv:37.14 q-Rceq:1.32 tex:13250 mv:8670 misc:2264 icu:35.00 pcu:839.75 scu:685.25 tlayer:2 pbqpoffset:1.53 pbfactor:1.19 avgQpOffsetCutree:-3.47;
in:288 out:290 type:B q:37.64 q-aq:36.07 q-noVbv:37.64 q-Rceq:1.32 tex:8832 mv:5203 misc:1597 icu:18.50 pcu:722.25 scu:819.25 tlayer:3 pbqpoffset:1.53 pbfactor:1.19 avgQpOffsetCutree:-1.74;
in:287 out:291 type:b q:40.00 q-aq:40.00 q-noVbv:40.00 q-Rceq:1.32 tex:591 mv:2040 misc:721 icu:4.00 pcu:130.25 scu:1425.75 tlayer:4 pbqpoffset:3.64 pbfactor:1.52 avgQpOffsetCutree:0.00;
in:289 out:292 type:b q:39.79 q-aq:40.00 q-noVbv:39.79 q-Rceq:1.32 tex:687 mv:2018 misc:735 icu:3.25 pcu:189.25 scu:1367.50 tlayer:4 pbqpoffset:3.93 pbfactor:1.57 avgQpOffsetCutree:0.00;
in:292 out:293 type:B q:36.64 q-aq:35.12 q-noVbv:36.64 q-Rceq:1.32 tex:9628 mv:5397 misc:1655 icu:24.50 pcu:627.25 scu:908.25 tlayer:3 pbqpoffset:1.53 pbfactor:1.19 avgQpOffsetCutree:-1.76;
in:291 out:294 type:b q:39.31 q-aq:39.00 q-noVbv:39.31 q-Rceq:1.32 tex:737 mv:2080 misc:751 icu:1.00 pcu:171.00 scu:1388.00 tlayer:4 pbqpoffset:3.95 pbfactor:1.58 avgQpOffsetCutree:0.00;
in:293 out:295 type:b q:38.50 q-aq:38.94 q-noVbv:38.50 q-Rceq:1.32 tex:1315 mv:1689 misc:724 icu:2.25 pcu:164.75 scu:1393.00 tlayer:4 pbqpoffset:3.63 pbfactor:1.52 avgQpOffsetCutree:0.00;
in:298 out:296 type:B q:35.14 q-aq:30.97 q-noVbv:35.14 q-Rceq:1.32 tex:31084 mv:11387 misc:3329 icu:42.75 pcu:911.50 scu:605.75 tlayer:2 pbqpoffset:1.53 pbfactor:1.19 avgQpOffsetCutree:-3.60;
in:296 out:297 type:B q:35.64 q-aq:34.10 q-noVbv:35.64 q-Rceq:1.32 tex:14198 mv:6716 misc:1982 icu:24.75 pcu:849.50 scu:685.75 tlayer:3 pbqpoffset:1.53 pbfactor:1.19 avgQpOffsetCutree:-1.77;
in:295 out:298 type:b q:38.03 q-aq:38.00 q-noVbv:38.03 q-Rceq:1.32 tex:1277 mv:1872 misc:739 icu:0.75 pcu:155.50 scu:1403.75 tlayer:4 pbqpoffset:3.67 pbfactor:1.53 avgQpOffsetCutree:0.00;
in:297 out:299 type:b q:37.65 q-aq:38.00 q-noVbv:37.65 q-Rceq:1.32 tex:1357 mv:2376 misc:811 icu:1.75 pcu:244.75 scu:1313.50 tlayer:4 pbqpoffset:3.78 pbfactor:1.55 avgQpOffsetCutree:0.00;
in:300 out:300 type:B q:34.64 q-aq:32.81 q-noVbv:34.64 q-Rceq:1.32 tex:14859 mv:7653 misc:2320 icu:31.75 pcu:816.75 scu:711.50 tlayer:3 pbqpoffset:1.53 pbfactor:1.19 avgQpOffsetCutree:-1.92;
in:299 out:301 type:b q:36.90 q-aq:37.00 q-noVbv:36.90 q-Rceq:1.32 tex:1390 mv:2298 misc:808 icu:6.00 pcu:158.50 scu:1395.50 tlayer:4 pbqpoffset:3.54 pbfactor:1.51 avgQpOffsetCutree:0.00;
in:301 out:302 type:b q:35.53 q-aq:36.00 q-noVbv:35.53 q-Rceq:1.32 tex:3533 mv:2887 misc:1004 icu:7.75 pcu:482.00 scu:1070.25 tlayer:4 pbqpoffset:2.67 pbfactor:1.36 avgQpOffsetCutree:0.00;
in:303 out:303 type:k q:36.61 q-aq:32.59 q-noVbv:36.61 q-Rceq:1.32 tex:59877 mv:13390 misc:2501 icu:558.75 pcu:955.75 scu:45.50 tlayer:0 pbqpoffset:0.53 pbfactor:1.06 avgQpOffsetCutree:-4.18;
in:307 out:304 type:k q:34.66 q-aq:26.19 q-noVbv:34.66 q-Rceq:1.32 tex:149431 mv:28182 misc:4563 icu:140.25 pcu:1204.50 scu:215.25 tlayer:0 pbqpoffset:0.65 pbfactor:1.08 avgQpOffsetCutree:-6.77;
in:305 out:305 type:B q:38.61 q-aq:36.92 q-noVbv:38.61 q-Rceq:1.32 tex:4179 mv:4190 misc:1247 icu:22.50 pcu:848.25 scu:689.25 tlayer:1 pbqpoffset:2.97 pbfactor:1.41 avgQpOffsetCutree:-1.91;
in:304 out:306 type:b q:40.60 q-aq:41.00 q-noVbv:40.60 q-Rceq:1.32 tex:1678 mv:2668 misc:894 icu:10.50 pcu:669.00 scu:880.50 tlayer:2 pbqpoffset:4.48 pbfactor:1.68 avgQpOffsetCutree:0.00;
in:306 out:307 type:b q:41.82 q-aq:42.00 q-noVbv:41.82 q-Rceq:1.32 tex:744 mv:1178 misc:558 icu:1.00 pcu:166.50 scu:1392.50 tlayer:2 pbqpoffset:6.67 pbfactor:2.16 avgQpOffsetCutree:0.00;
in:323 out:308 type:k q:30.69 q-aq:26.31 q-noVbv:30.69 q-Rceq:1.32 tex:227448 mv:31969 misc:3711 icu:523.00 pcu:948.25 scu:88.75 tlayer:0 pbqpoffset:0.30 pbfactor:1.04 avgQpOffsetCutree:-3.87;
in:315 out:309 type:B q:34.25 q-aq:28.08 q-noVbv:34.25 q-Rceq:1.32 tex:86541 mv:21720 misc:4563 icu:116.00 pcu:1162.25 scu:281.75 tlayer:1 pbqpoffset:1.58 pbfactor:1.20 avgQpOffsetCutree:-5.08;
in:311 out:310 type:B q:35.25 q-aq:31.69 q-noVbv:35.25 q-Rceq:1.32 tex:16402 mv:9292 misc:2538 icu:55.75 pcu:954.50 scu:549.75 tlayer:2 pbqpoffset:1.58 pbfactor:1.20 avgQpOffsetCutree:-3.43;
in:309 out:311 type:B q:36.20 q-aq:34.46 q-noVbv:36.20 q-Rceq:1.32 tex:4152 mv:3680 misc:1112 icu:6.25 pcu:425.75 scu:1128.00 tlayer:3 pbqpoffset:2.03 pbfactor:1.26 avgQpOffsetCutree:-1.80;
in:308 out:312 type:b q:38.49 q-aq:38.50 q-noVbv:38.49 q-Rceq:1.32 tex:1127 mv:1887 misc:818 icu:2.50 pcu:247.75 scu:1309.75 tlayer:4 pbqpoffset:4.08 pbfactor:1.60 avgQpOffsetCutree:0.00;
in:310 out:313 type:b q:38.20 q-aq:38.00 q-noVbv:38.20 q-Rceq:1.32 tex:1664 mv:1993 misc:751 icu:6.75 pcu:223.25 scu:1330.00 tlayer:4 pbqpoffset:4.29 pbfactor:1.64 avgQpOffsetCutree:0.00;
in:313 out:314 type:B q:34.96 q-aq:33.47 q-noVbv:34.96 q-Rceq:1.32 tex:6344 mv:5050 misc:1518 icu:30.00 pcu:553.25 scu:976.75 tlayer:3 pbqpoffset:1.78 pbfactor:1.23 avgQpOffsetCutree:-1.68;
in:312 out:315 type:b q:36.86 q-aq:37.00 q-noVbv:36.86 q-Rceq:1.32 tex:2877 mv:2598 misc:893 icu:5.00 pcu:447.00 scu:1108.00 tlayer:4 pbqpoffset:3.44 pbfactor:1.49 avgQpOffsetCutree:0.00;
in:314 out:316 type:b q:36.59 q-aq:37.00 q-noVbv:36.59 q-Rceq:1.32 tex:2836 mv:2095 misc:829 icu:14.50 pcu:279.50 scu:1266.00 tlayer:4 pbqpoffset:3.67 pbfactor:1.53 avgQpOffsetCutree:0.00;
in:319 out:317 type:B q:33.26 q-aq:29.25 q-noVbv:33.26 q-Rceq:1.32 tex:69710 mv:13496 misc:4050 icu:88.25 pcu:929.50 scu:542.25 tlayer:2 pbqpoffset:1.58 pbfactor:1.20 avgQpOffsetCutree:-3.63;
in:317 out:318 type:B q:34.20 q-aq:32.62 q-noVbv:34.20 q-Rceq:1.32 tex:5459 mv:3529 misc:1196 icu:20.00 pcu:465.00 scu:1075.00 tlayer:3 pbqpoffset:2.02 pbfactor:1.26 avgQpOffsetCutree:-1.75;
in:316 out:319 type:b q:36.24 q-aq:36.02 q-noVbv:36.24 q-Rceq:1.32 tex:3007 mv:2405 misc:900 icu:9.50 pcu:355.75 scu:1194.75 tlayer:4 pbqpoffset:3.81 pbfactor:1.55 avgQpOffsetCutree:0.00;
in:318 out:320 type:b q:36.51 q-aq:37.00 q-noVbv:36.51 q-Rceq:1.32 tex:1868 mv:1658 misc:706 icu:6.00 pcu:314.75 scu:1239.25 tlayer:4 pbqpoffset:4.58 pbfactor:1.70 avgQpOffsetCutree:0.00;
in:321 out:321 type:B q:32.77 q-aq:30.89 q-noVbv:32.77 q-Rceq:1.32 tex:14213 mv:6193 misc:2530 icu:23.75 pcu:666.50 scu:869.75 tlayer:3 pbqpoffset:1.58 pbfactor:1.20 avgQpOffsetCutree:-1.93;
in:320 out:322 type:b q:35.23 q-aq:35.12 q-noVbv:35.23 q-Rceq:1.32 tex:3845 mv:3046 misc:1053 icu:8.50 pcu:491.50 scu:1060.00 tlayer:4 pbqpoffset:3.79 pbfactor:1.55 avgQpOffsetCutree:0.00;
in:322 out:323 type:b q:34.07 q-aq:34.00 q-noVbv:34.07 q-Rceq:1.32 tex:3409 mv:3223 misc:1200 icu:13.00 pcu:569.25 scu:977.75 tlayer:4 pbqpoffset:3.13 pbfactor:1.44 avgQpOffsetCutree:0.00;
in:324 out:324 type:k q:34.69 q-aq:30.43 q-noVbv:34.69 q-Rceq:1.32 tex:75570 mv:14236 misc:2786 icu:626.75 pcu:894.75 scu:38.50 tlayer:0 pbqpoffset:0.34 pbfactor:1.04 avgQpOffsetCutree:-4.60;
in:328 out:325 type:k q:33.78 q-aq:25.35 q-noVbv:33.78 q-Rceq:1.32 tex:203745 mv:27524 misc:4323 icu:156.50 pcu:1255.25 scu:148.25 tlayer:0 pbqpoffset:0.54 pbfactor:1.06 avgQpOffsetCutree:-7.01;
in:326 out:326 type:B q:37.60 q-aq:35.94 q-noVbv:37.60 q-Rceq:1.32 tex:3630 mv:4184 misc:1178 icu:12.50 pcu:816.75 scu:730.75 tlayer:1 pbqpoffset:3.36 pbfactor:1.47 avgQpOffsetCutree:-1.89;
in:325 out:327 type:b q:39.98 q-aq:40.00 q-noVbv:39.98 q-Rceq:1.32 tex:485 mv:2255 misc:652 icu:2.25 pcu:732.75 scu:825.00 tlayer:2 pbqpoffset:5.52 pbfactor:1.89 avgQpOffsetCutree:0.00;
in:327 out:328 type:b q:40.69 q-aq:41.00 q-noVbv:40.69 q-Rceq:1.32 tex:306 mv:697 misc:381 icu:5.75 pcu:77.25 scu:1477.00 tlayer:2 pbqpoffset:6.68 pbfactor:2.16 avgQpOffsetCutree:0.00;
in:344 out:329 type:k q:29.78 q-aq:25.04 q-noVbv:29.78 q-Rceq:1.32 tex:149460 mv:34120 misc:4260 icu:151.50 pcu:1169.00 scu:239.50 tlayer:0 pbqpoffset:0.73 pbfactor:1.09 avgQpOffsetCutree:-3.84;
in:336 out:330 type:B q:33.32 q-aq:26.61 q-noVbv:33.32 q-Rceq:1.32 tex:83279 mv:24880 misc:4681 icu:45.75 pcu:1220.00 scu:294.25 tlayer:1 pbqpoffset:1.54 pbfactor:1.20 avgQpOffsetCutree:-5.49;
in:332 out:331 type:B q:34.32 q-aq:30.31 q-noVbv:34.32 q-Rceq:1.32 tex:8548 mv:6517 misc:1935 icu:12.75 pcu:893.25 scu:654.00 tlayer:2 pbqpoffset:1.54 pbfactor:1.20 avgQpOffsetCutree:-3.50;
in:330 out:332 type:B q:35.00 q-aq:33.45 q-noVbv:35.00 q-Rceq:1.32 tex:4021 mv:3263 misc:1004 icu:8.75 pcu:565.25 scu:986.00 tlayer:3 pbqpoffset:1.71 pbfactor:1.22 avgQpOffsetCutree:-1.75;
in:329 out:333 type:b q:37.16 q-aq:37.00 q-noVbv:37.16 q-Rceq:1.32 tex:627 mv:992 misc:517 icu:6.25 pcu:101.25 scu:1452.50 tlayer:4 pbqpoffset:3.62 pbfactor:1.52 avgQpOffsetCutree:0.00;
in:331 out:334 type:b q:36.80 q-aq:37.00 q-noVbv:36.80 q-Rceq:1.32 tex:291 mv:979 misc:482 icu:2.75 pcu:166.00 scu:1391.25 tlayer:4 pbqpoffset:3.77 pbfactor:1.55 avgQpOffsetCutree:0.00;
in:334 out:335 type:B q:34.00 q-aq:32.40 q-noVbv:34.00 q-Rceq:1.32 tex:4680 mv:3062 misc:1010 icu:8.75 pcu:334.50 scu:1216.75 tlayer:3 pbqpoffset:1.72 pbfactor:1.22 avgQpOffsetCutree:-1.77;
in:333 out:336 type:b q:36.05 q-aq:36.00 q-noVbv:36.05 q-Rceq:1.32 tex:777 mv:1155 misc:508 icu:2.50 pcu:139.25 scu:1418.25 tlayer:4 pbqpoffset:3.52 pbfactor:1.50 avgQpOffsetCutree:0.00;
in:335 out:337 type:b q:36.00 q-aq:36.00 q-noVbv:36.00 q-Rceq:1.32 tex:336 mv:970 misc:470 icu:1.75 pcu:69.25 scu:1489.00 tlayer:4 pbqpoffset:3.97 pbfactor:1.58 avgQpOffsetCutree:0.00;
in:340 out:338 type:B q:32.32 q-aq:27.86 q-noVbv:32.32 q-Rceq:1.32 tex:26968 mv:9876 misc:3188 icu:15.50 pcu:857.75 scu:686.75 tlayer:2 pbqpoffset:1.54 pbfactor:1.20 avgQpOffsetCutree:-3.74;
in:338 out:339 type:B q:33.03 q-aq:31.23 q-noVbv:33.03 q-Rceq:1.32 tex:4186 mv:3423 misc:1127 icu:3.75 pcu:418.50 scu:1137.75 tlayer:3 pbqpoffset:1.75 pbfactor:1.22 avgQpOffsetCutree:-1.77;
in:337 out:340 type:b q:35.09 q-aq:35.00 q-noVbv:35.09 q-Rceq:1.32 tex:615 mv:1274 misc:551 icu:1.50 pcu:131.75 scu:1426.75 tlayer:4 pbqpoffset:3.55 pbfactor:1.51 avgQpOffsetCutree:0.00;
in:339 out:341 type:b q:34.44 q-aq:34.10 q-noVbv:34.44 q-Rceq:1.32 tex:664 mv:1498 misc:622 icu:1.00 pcu:185.75 scu:1373.25 tlayer:4 pbqpoffset:3.41 pbfactor:1.48 avgQpOffsetCutree:0.00;
in:342 out:342 type:B q:31.82 q-aq:29.75 q-noVbv:31.82 q-Rceq:1.32 tex:11377 mv:6188 misc:1955 icu:7.50 pcu:679.00 scu:873.50 tlayer:3 pbqpoffset:1.54 pbfactor:1.20 avgQpOffsetCutree:-1.97;
in:341 out:343 type:b q:33.65 q-aq:34.00 q-noVbv:33.65 q-Rceq:1.32 tex:575 mv:1524 misc:597 icu:0.00 pcu:294.50 scu:1265.50 tlayer:4 pbqpoffset:3.12 pbfactor:1.43 avgQpOffsetCutree:0.00;
in:343 out:344 type:b q:32.71 q-aq:33.00 q-noVbv:32.71 q-Rceq:1.32 tex:1841 mv:2422 misc:961 icu:4.75 pcu:460.25 scu:1095.00 tlayer:4 pbqpoffset:2.68 pbfactor:1.36 avgQpOffsetCutree:0.00;
in:345 out:345 type:k q:33.78 q-aq:30.06 q-noVbv:33.78 q-Rceq:1.32 tex:74907 mv:17240 misc:2845 icu:351.75 pcu:909.25 scu:299.00 tlayer:0 pbqpoffset:0.50 pbfactor:1.06 avgQpOffsetCutree:-4.21;
in:349 out:346 type:k q:32.17 q-aq:24.14 q-noVbv:32.17 q-Rceq:1.32 tex:244950 mv:35719 misc:4571 icu:151.00 pcu:1314.50 scu:94.50 tlayer:0 pbqpoffset:0.25 pbfactor:1.03 avgQpOffsetCutree:-6.93;
in:347 out:347 type:B q:36.63 q-aq:34.88 q-noVbv:36.63 q-Rceq:1.32 tex:2193 mv:4613 misc:1122 icu:7.00 pcu:1006.75 scu:546.25 tlayer:1 pbqpoffset:3.65 pbfactor:1.52 avgQpOffsetCutree:-1.93;
in:346 out:348 type:b q:38.45 q-aq:38.11 q-noVbv:38.45 q-Rceq:1.32 tex:1075 mv:2987 misc:770 icu:3.25 pcu:825.75 scu:731.00 tlayer:2 pbqpoffset:5.07 pbfactor:1.80 avgQpOffsetCutree:0.00;
in:348 out:349 type:b q:39.25 q-aq:39.00 q-noVbv:39.25 q-Rceq:1.32 tex:843 mv:1339 misc:474 icu:2.00 pcu:316.75 scu:1241.25 tlayer:2 pbqpoffset:6.67 pbfactor:2.16 avgQpOffsetCutree:0.00;
in:365 out:350 type:k q:28.94 q-aq:23.96 q-noVbv:28.94 q-Rceq:1.32 tex:230568 mv:31336 misc:3712 icu:538.75 pcu:979.00 scu:42.25 tlayer:0 pbqpoffset:0.67 pbfactor:1.08 avgQpOffsetCutree:-4.17;
in:357 out:351 type:B q:32.13 q-aq:25.70 q-noVbv:32.13 q-Rceq:1.32 tex:124939 mv:22285 misc:4712 icu:159.00 pcu:1123.75 scu:277.25 tlayer:1 pbqpoffset:1.57 pbfactor:1.20 avgQpOffsetCutree:-5.40;
in:353 out:352 type:B q:32.94 q-aq:28.83 q-noVbv:32.94 q-Rceq:1.32 tex:33701 mv:13986 misc:3073 icu:48.50 pcu:971.25 scu:540.25 tlayer:2 pbqpoffset:1.57 pbfactor:1.20 avgQpOffsetCutree:-3.50;
in:351 out:353 type:B q:33.34 q-aq:31.76 q-noVbv:33.34 q-Rceq:1.32 tex:5371 mv:5357 misc:1520 icu:6.00 pcu:662.00 scu:892.00 tlayer:3 pbqpoffset:1.57 pbfactor:1.20 avgQpOffsetCutree:-1.70;
in:350 out:354 type:b q:34.68 q-aq:35.00 q-noVbv:34.68 q-Rceq:1.32 tex:2309 mv:2348 misc:879 icu:5.00 pcu:376.75 scu:1178.25 tlayer:4 pbqpoffset:2.70 pbfactor:1.37 avgQpOffsetCutree:0.00;
in:352 out:355 type:b q:34.27 q-aq:34.04 q-noVbv:34.27 q-Rceq:1.32 tex:5167 mv:3924 misc:1261 icu:3.75 pcu:795.75 scu:760.50 tlayer:4 pbqpoffset:2.70 pbfactor:1.37 avgQpOffsetCutree:0.00;
in:355 out:356 type:B q:32.53 q-aq:30.95 q-noVbv:32.53 q-Rceq:1.32 tex:7041 mv:5416 misc:1503 icu:12.50 pcu:438.75 scu:1108.75 tlayer:3 pbqpoffset:1.57 pbfactor:1.20 avgQpOffsetCutree:-1.76;
in:354 out:357 type:b q:33.87 q-aq:34.00 q-noVbv:33.87 q-Rceq:1.32 tex:3050 mv:3045 misc:1041 icu:4.25 pcu:569.75 scu:986.00 tlayer:4 pbqpoffset:2.70 pbfactor:1.37 avgQpOffsetCutree:0.00;
in:356 out:358 type:b q:33.46 q-aq:33.11 q-noVbv:33.46 q-Rceq:1.32 tex:5428 mv:3653 misc:1279 icu:8.25 pcu:554.25 scu:997.50 tlayer:4 pbqpoffset:2.70 pbfactor:1.37 avgQpOffsetCutree:0.00;
in:361 out:359 type:B q:31.32 q-aq:27.11 q-noVbv:31.32 q-Rceq:1.32 tex:63539 mv:15357 misc:3704 icu:96.75 pcu:853.25 scu:610.00 tlayer:2 pbqpoffset:1.57 pbfactor:1.20 avgQpOffsetCutree:-3.63;
in:359 out:360 type:B q:31.72 q-aq:30.10 q-noVbv:31.72 q-Rceq:1.32 tex:10787 mv:5900 misc:1649 icu:16.50 pcu:563.00 scu:980.50 tlayer:3 pbqpoffset:1.57 pbfactor:1.20 avgQpOffsetCutree:-1.77;
in:358 out:361 type:b q:33.06 q-aq:33.00 q-noVbv:33.06 q-Rceq:1.32 tex:4669 mv:3770 misc:1177 icu:7.75 pcu:476.00 scu:1076.25 tlayer:4 pbqpoffset:2.70 pbfactor:1.37 avgQpOffsetCutree:0.00;
in:360 out:362 type:b q:32.66 q-aq:33.00 q-noVbv:32.66 q-Rceq:1.32 tex:7204 mv:4709 misc:1407 icu:6.50 pcu:821.75 scu:731.75 tlayer:4 pbqpoffset:2.70 pbfactor:1.37 avgQpOffsetCutree:0.00;
in:363 out:363 type:B q:30.92 q-aq:28.89 q-noVbv:30.92 q-Rceq:1.32 tex:22983 mv:8780 misc:2517 icu:27.75 pcu:685.00 scu:847.25 tlayer:3 pbqpoffset:1.57 pbfactor:1.20 avgQpOffsetCutree:-1.93;
in:362 out:364 type:b q:32.25 q-aq:32.04 q-noVbv:32.25 q-Rceq:1.32 tex:6563 mv:4255 misc:1262 icu:7.00 pcu:637.75 scu:915.25 tlayer:4 pbqpoffset:2.70 pbfactor:1.37 avgQpOffsetCutree:0.00;
in:364 out:365 type:b q:31.85 q-aq:32.00 q-noVbv:31.85 q-Rceq:1.32 tex:9738 mv:5339 misc:1635 icu:10.75 pcu:687.00 scu:862.25 tlayer:4 pbqpoffset:2.70 pbfactor:1.37 avgQpOffsetCutree:0.00;
in:366 out:366 type:k q:32.94 q-aq:29.07 q-noVbv:32.94 q-Rceq:1.32 tex:90403 mv:15916 misc:2697 icu:664.75 pcu:810.75 scu:84.50 tlayer:0 pbqpoffset:0.40 pbfactor:1.05 avgQpOffsetCutree:-4.20;
in:370 out:367 type:k q:33.28 q-aq:25.41 q-noVbv:33.28 q-Rceq:1.32 tex:117943 mv:28423 misc:4458 icu:152.50 pcu:1178.50 scu:229.00 tlayer:0 pbqpoffset:0.74 pbfactor:1.09 avgQpOffsetCutree:-6.94;
in:368 out:368 type:B q:36.01 q-aq:34.26 q-noVbv:36.01 q-Rceq:1.32 tex:8912 mv:6649 misc:1719 icu:16.75 pcu:1015.00 scu:528.25 tlayer:1 pbqpoffset:2.90 pbfactor:1.40 avgQpOffsetCutree:-1.88;
in:367 out:369 type:b q:38.12 q-aq:38.00 q-noVbv:38.12 q-Rceq:1.32 tex:1881 mv:3215 misc:816 icu:3.25 pcu:887.25 scu:669.50 tlayer:2 pbqpoffset:5.09 pbfactor:1.80 avgQpOffsetCutree:0.00;
in:369 out:370 type:b q:39.93 q-aq:40.00 q-noVbv:39.93 q-Rceq:1.32 tex:220 mv:1194 misc:482 icu:0.50 pcu:135.25 scu:1424.25 tlayer:2 pbqpoffset:6.74 pbfactor:2.18 avgQpOffsetCutree:0.00;
in:386 out:371 type:k q:29.86 q-aq:25.59 q-noVbv:29.86 q-Rceq:1.32 tex:226620 mv:31601 misc:3403 icu:656.00 pcu:816.25 scu:87.75 tlayer:0 pbqpoffset:0.68 pbfactor:1.08 avgQpOffsetCutree:-3.94;
in:378 out:372 type:B q:33.19 q-aq:26.82 q-noVbv:33.19 q-Rceq:1.32 tex:93730 mv:23567 misc:4263 icu:102.50 pcu:1172.00 scu:285.50 tlayer:1 pbqpoffset:1.62 pbfactor:1.21 avgQpOffsetCutree:-5.22;
in:374 out:373 type:B q:34.04 q-aq:29.91 q-noVbv:34.04 q-Rceq:1.32 tex:16576 mv:10839 misc:2449 icu:19.50 pcu:819.75 scu:720.75 tlayer:2 pbqpoffset:1.62 pbfactor:1.21 avgQpOffsetCutree:-3.58;
in:372 out:374 type:B q:34.47 q-aq:32.78 q-noVbv:34.47 q-Rceq:1.32 tex:6249 mv:6189 misc:1370 icu:8.50 pcu:657.75 scu:893.75 tlayer:3 pbqpoffset:1.62 pbfactor:1.21 avgQpOffsetCutree:-1.74;
in:371 out:375 type:b q:36.75 q-aq:37.00 q-noVbv:36.75 q-Rceq:1.32 tex:769 mv:1437 misc:594 icu:0.50 pcu:208.50 scu:1351.00 tlayer:4 pbqpoffset:3.68 pbfactor:1.53 avgQpOffsetCutree:0.00;
in:373 out:376 type:b q:36.58 q-aq:37.00 q-noVbv:36.58 q-Rceq:1.32 tex:309 mv:1484 misc:607 icu:1.00 pcu:243.25 scu:1315.75 tlayer:4 pbqpoffset:3.94 pbfactor:1.58 avgQpOffsetCutree:0.00;
in:376 out:377 type:B q:33.62 q-aq:32.10 q-noVbv:33.62 q-Rceq:1.32 tex:11149 mv:7668 misc:1919 icu:7.00 pcu:838.25 scu:714.75 tlayer:3 pbqpoffset:1.62 pbfactor:1.21 avgQpOffsetCutree:-1.74;
in:375 out:378 type:b q:36.51 q-aq:37.00 q-noVbv:36.51 q-Rceq:1.32 tex:154 mv:1507 misc:571 icu:0.00 pcu:180.50 scu:1379.50 tlayer:4 pbqpoffset:4.29 pbfactor:1.64 avgQpOffsetCutree:0.00;
in:377 out:379 type:b q:35.88 q-aq:36.00 q-noVbv:35.88 q-Rceq:1.32 tex:368 mv:1307 misc:541 icu:0.00 pcu:164.25 scu:1395.75 tlayer:4 pbqpoffset:4.09 pbfactor:1.60 avgQpOffsetCutree:0.00;
in:382 out:380 type:B q:32.33 q-aq:28.13 q-noVbv:32.33 q-Rceq:1.32 tex:62094 mv:13569 misc:3689 icu:48.50 pcu:940.25 scu:571.25 tlayer:2 pbqpoffset:1.62 pbfactor:1.21 avgQpOffsetCutree:-3.65;
in:380 out:381 type:B q:32.77 q-aq:31.07 q-noVbv:32.77 q-Rceq:1.32 tex:11631 mv:5891 misc:1718 icu:6.25 pcu:751.00 scu:802.75 tlayer:3 pbqpoffset:1.63 pbfactor:1.21 avgQpOffsetCutree:-1.78;
in:379 out:382 type:b q:35.57 q-aq:36.00 q-noVbv:35.57 q-Rceq:1.32 tex:340 mv:1472 misc:596 icu:0.25 pcu:153.00 scu:1406.75 tlayer:4 pbqpoffset:4.21 pbfactor:1.63 avgQpOffsetCutree:0.00;
in:381 out:383 type:b q:35.35 q-aq:35.06 q-noVbv:35.35 q-Rceq:1.32 tex:504 mv:1483 misc:605 icu:0.25 pcu:208.25 scu:1351.50 tlayer:4 pbqpoffset:4.42 pbfactor:1.67 avgQpOffsetCutree:0.00;
in:384 out:384 type:B q:31.91 q-aq:29.84 q-noVbv:31.91 q-Rceq:1.32 tex:40333 mv:9605 misc:3150 icu:29.25 pcu:1049.75 scu:481.00 tlayer:3 pbqpoffset:1.62 pbfactor:1.21 avgQpOffsetCutree:-1.95;
in:383 out:385 type:b q:35.21 q-aq:35.00 q-noVbv:35.21 q-Rceq:1.32 tex:559 mv:1165 misc:516 icu:0.50 pcu:125.75 scu:1433.75 tlayer:4 pbqpoffset:4.71 pbfactor:1.72 avgQpOffsetCutree:0.00;
in:385 out:386 type:b q:33.02 q-aq:33.00 q-noVbv:33.02 q-Rceq:1.32 tex:2274 mv:2207 misc:1015 icu:2.75 pcu:306.25 scu:1251.00 tlayer:4 pbqpoffset:2.94 pbfactor:1.40 avgQpOffsetCutree:0.00;
in:387 out:387 type:k q:33.86 q-aq:29.55 q-noVbv:33.86 q-Rceq:1.32 tex:99505 mv:17704 misc:3095 icu:508.50 pcu:774.25 scu:277.25 tlayer:0 pbqpoffset:0.44 pbfactor:1.05 avgQpOffsetCutree:-4.48;
in:391 out:388 type:k q:33.20 q-aq:24.63 q-noVbv:33.20 q-Rceq:1.32 tex:182438 mv:24173 misc:4141 icu:140.25 pcu:1245.00 scu:174.75 tlayer:0 pbqpoffset:0.81 pbfactor:1.10 avgQpOffsetCutree:-7.25;
in:389 out:389 type:B q:37.10 q-aq:35.59 q-noVbv:37.10 q-Rceq:1.32 tex:2553 mv:2847 misc:952 icu:7.50 pcu:981.25 scu:571.25 tlayer:1 pbqpoffset:3.57 pbfactor:1.51 avgQpOffsetCutree:-1.94;
in:388 out:390 type:b q:39.31 q-aq:39.00 q-noVbv:39.31 q-Rceq:1.32 tex:1524 mv:1972 misc:744 icu:2.25 pcu:744.25 scu:813.50 tlayer:2 pbqpoffset:5.61 pbfactor:1.91 avgQpOffsetCutree:0.00;
in:390 out:391 type:b q:40.07 q-aq:40.00 q-noVbv:40.07 q-Rceq:1.32 tex:338 mv:800 misc:438 icu:0.25 pcu:89.75 scu:1470.00 tlayer:2 pbqpoffset:6.70 pbfactor:2.17 avgQpOffsetCutree:0.00;
in:407 out:392 type:k q:29.58 q-aq:25.21 q-noVbv:29.58 q-Rceq:1.32 tex:117206 mv:28132 misc:3838 icu:220.75 pcu:1131.00 scu:208.25 tlayer:0 pbqpoffset:0.75 pbfactor:1.09 avgQpOffsetCutree:-3.84;
in:399 out:393 type:B q:32.91 q-aq:26.02 q-noVbv:32.91 q-Rceq:1.32 tex:68429 mv:20413 misc:4446 icu:42.25 pcu:1162.75 scu:355.00 tlayer:1 pbqpoffset:1.52 pbfactor:1.19 avgQpOffsetCutree:-5.50;
in:395 out:394 type:B q:33.82 q-aq:29.77 q-noVbv:33.82 q-Rceq:1.32 tex:8076 mv:6603 misc:1961 icu:15.00 pcu:724.75 scu:820.25 tlayer:2 pbqpoffset:1.52 pbfactor:1.19 avgQpOffsetCutree:-3.51;
in:393 out:395 type:B q:34.27 q-aq:32.82 q-noVbv:34.27 q-Rceq:1.32 tex:1983 mv:3018 misc:1039 icu:2.00 pcu:483.75 scu:1074.25 tlayer:3 pbqpoffset:1.52 pbfactor:1.19 avgQpOffsetCutree:-1.79;
in:392 out:396 type:b q:36.15 q-aq:36.00 q-noVbv:36.15 q-Rceq:1.32 tex:1084 mv:1722 misc:730 icu:2.00 pcu:411.50 scu:1146.50 tlayer:4 pbqpoffset:3.18 pbfactor:1.44 avgQpOffsetCutree:0.00;
in:394 out:397 type:b q:36.25 q-aq:36.00 q-noVbv:36.25 q-Rceq:1.32 tex:555 mv:1643 misc:634 icu:0.50 pcu:347.50 scu:1212.00 tlayer:4 pbqpoffset:3.72 pbfactor:1.54 avgQpOffsetCutree:0.00;
in:397 out:398 type:B q:33.38 q-aq:31.96 q-noVbv:33.38 q-Rceq:1.32 tex:2604 mv:2459 misc:873 icu:0.50 pcu:441.75 scu:1117.75 tlayer:3 pbqpoffset:1.53 pbfactor:1.19 avgQpOffsetCutree:-1.79;
in:396 out:399 type:b q:35.72 q-aq:36.00 q-noVbv:35.72 q-Rceq:1.32 tex:186 mv:1310 misc:544 icu:0.00 pcu:263.25 scu:1296.75 tlayer:4 pbqpoffset:3.65 pbfactor:1.52 avgQpOffsetCutree:0.00;
in:398 out:400 type:b q:35.29 q-aq:35.00 q-noVbv:35.29 q-Rceq:1.32 tex:532 mv:1180 misc:560 icu:0.00 pcu:257.50 scu:1302.50 tlayer:4 pbqpoffset:3.67 pbfactor:1.53 avgQpOffsetCutree:0.00;
in:403 out:401 type:B q:32.01 q-aq:27.51 q-noVbv:32.01 q-Rceq:1.32 tex:31457 mv:11406 misc:3337 icu:22.25 pcu:829.00 scu:708.75 tlayer:2 pbqpoffset:1.52 pbfactor:1.19 avgQpOffsetCutree:-3.78;
in:401 out:402 type:B q:32.46 q-aq:31.06 q-noVbv:32.46 q-Rceq:1.32 tex:3291 mv:3679 misc:1150 icu:5.25 pcu:470.25 scu:1084.50 tlayer:3 pbqpoffset:1.52 pbfactor:1.19 avgQpOffsetCutree:-1.75;
in:400 out:403 type:b q:34.09 q-aq:34.00 q-noVbv:34.09 q-Rceq:1.32 tex:1952 mv:2036 misc:772 icu:0.25 pcu:607.00 scu:952.75 tlayer:4 pbqpoffset:2.92 pbfactor:1.40 avgQpOffsetCutree:0.00;
in:402 out:404 type:b q:33.99 q-aq:34.00 q-noVbv:33.99 q-Rceq:1.32 tex:1248 mv:2370 misc:790 icu:0.00 pcu:458.50 scu:1101.50 tlayer:4 pbqpoffset:3.28 pbfactor:1.46 avgQpOffsetCutree:0.00;
in:405 out:405 type:B q:31.55 q-aq:29.72 q-noVbv:31.55 q-Rceq:1.32 tex:15829 mv:7285 misc:2246 icu:11.25 pcu:770.25 scu:778.50 tlayer:3 pbqpoffset:1.52 pbfactor:1.19 avgQpOffsetCutree:-1.96;
in:404 out:406 type:b q:33.50 q-aq:33.41 q-noVbv:33.50 q-Rceq:1.32 tex:1404 mv:2514 misc:826 icu:0.25 pcu:472.25 scu:1087.50 tlayer:4 pbqpoffset:3.24 pbfactor:1.45 avgQpOffsetCutree:0.00;
in:406 out:407 type:b q:32.46 q-aq:32.04 q-noVbv:32.46 q-Rceq:1.32 tex:3892 mv:4032 misc:1356 icu:1.25 pcu:612.75 scu:946.00 tlayer:4 pbqpoffset:2.66 pbfactor:1.36 avgQpOffsetCutree:0.00;
in:408 out:408 type:k q:33.58 q-aq:29.51 q-noVbv:33.58 q-Rceq:1.32 tex:72104 mv:18472 misc:2744 icu:446.75 pcu:892.75 scu:220.50 tlayer:0 pbqpoffset:0.41 pbfactor:1.05 avgQpOffsetCutree:-4.15;
in:412 out:409 type:k q:33.76 q-aq:26.03 q-noVbv:33.76 q-Rceq:1.32 tex:136333 mv:29224 misc:4203 icu:146.75 pcu:1287.00 scu:126.25 tlayer:0 pbqpoffset:0.84 pbfactor:1.10 avgQpOffsetCutree:-6.73;
in:410 out:410 type:B q:36.83 q-aq:35.27 q-noVbv:36.83 q-Rceq:1.32 tex:4129 mv:5380 misc:1283 icu:8.75 pcu:945.75 scu:605.50 tlayer:1 pbqpoffset:3.16 pbfactor:1.44 avgQpOffsetCutree:-1.91;
in:409 out:411 type:b q:39.48 q-aq:39.09 q-noVbv:39.48 q-Rceq:1.32 tex:1082 mv:2711 misc:751 icu:2.00 pcu:793.50 scu:764.50 tlayer:2 pbqpoffset:5.86 pbfactor:1.97 avgQpOffsetCutree:0.00;
in:411 out:412 type:b q:40.40 q-aq:40.00 q-noVbv:40.40 q-Rceq:1.32 tex:133 mv:639 misc:364 icu:0.00 pcu:101.50 scu:1458.50 tlayer:2 pbqpoffset:6.69 pbfactor:2.17 avgQpOffsetCutree:0.00;
in:428 out:413 type:k q:29.76 q-aq:25.21 q-noVbv:29.76 q-Rceq:1.32 tex:207952 mv:29603 misc:3493 icu:576.75 pcu:869.25 scu:114.00 tlayer:0 pbqpoffset:0.74 pbfactor:1.09 avgQpOffsetCutree:-3.84;
in:420 out:414 type:B q:33.31 q-aq:26.47 q-noVbv:33.31 q-Rceq:1.32 tex:123953 mv:24035 misc:4644 icu:157.50 pcu:1144.50 scu:258.00 tlayer:1 pbqpoffset:1.55 pbfactor:1.20 avgQpOffsetCutree:-5.60;
in:416 out:415 type:B q:34.31 q-aq:30.25 q-noVbv:34.31 q-Rceq:1.32 tex:30726 mv:13732 misc:3398 icu:38.50 pcu:1105.25 scu:416.25 tlayer:2 pbqpoffset:1.55 pbfactor:1.20 avgQpOffsetCutree:-3.46;
in:414 out:416 type:B q:34.81 q-aq:33.18 q-noVbv:34.81 q-Rceq:1.32 tex:2604 mv:4051 misc:1217 icu:5.00 pcu:421.25 scu:1133.75 tlayer:3 pbqpoffset:1.55 pbfactor:1.20 avgQpOffsetCutree:-1.78;
in:413 out:417 type:b q:37.26 q-aq:37.00 q-noVbv:37.26 q-Rceq:1.32 tex:361 mv:1117 misc:562 icu:0.00 pcu:276.25 scu:1283.75 tlayer:4 pbqpoffset:3.75 pbfactor:1.54 avgQpOffsetCutree:0.00;
in:415 out:418 type:b q:36.42 q-aq:36.00 q-noVbv:36.42 q-Rceq:1.32 tex:172 mv:1112 misc:572 icu:0.00 pcu:209.25 scu:1350.75 tlayer:4 pbqpoffset:3.41 pbfactor:1.48 avgQpOffsetCutree:0.00;
in:418 out:419 type:B q:33.93 q-aq:32.20 q-noVbv:33.93 q-Rceq:1.32 tex:2279 mv:3197 misc:1148 icu:2.25 pcu:427.25 scu:1130.50 tlayer:3 pbqpoffset:1.67 pbfactor:1.21 avgQpOffsetCutree:-1.78;
in:417 out:420 type:b q:36.12 q-aq:36.00 q-noVbv:36.12 q-Rceq:1.32 tex:125 mv:1020 misc:487 icu:0.00 pcu:133.50 scu:1426.50 tlayer:4 pbqpoffset:3.61 pbfactor:1.52 avgQpOffsetCutree:0.00;
in:419 out:421 type:b q:36.05 q-aq:36.00 q-noVbv:36.05 q-Rceq:1.32 tex:36 mv:1009 misc:443 icu:0.00 pcu:269.75 scu:1290.25 tlayer:4 pbqpoffset:4.03 pbfactor:1.59 avgQpOffsetCutree:0.00;
in:424 out:422 type:B q:32.31 q-aq:28.05 q-noVbv:32.31 q-Rceq:1.32 tex:46325 mv:12497 misc:3570 icu:27.75 pcu:1081.50 scu:450.75 tlayer:2 pbqpoffset:1.55 pbfactor:1.20 avgQpOffsetCutree:-3.63;
in:422 out:423 type:B q:32.94 q-aq:31.14 q-noVbv:32.94 q-Rceq:1.32 tex:1830 mv:3152 misc:1058 icu:1.00 pcu:516.00 scu:1043.00 tlayer:3 pbqpoffset:1.68 pbfactor:1.21 avgQpOffsetCutree:-1.79;
in:421 out:424 type:b q:35.27 q-aq:35.00 q-noVbv:35.27 q-Rceq:1.32 tex:9 mv:814 misc:449 icu:0.00 pcu:174.25 scu:1385.75 tlayer:4 pbqpoffset:3.75 pbfactor:1.54 avgQpOffsetCutree:0.00;
in:423 out:425 type:b q:35.17 q-aq:35.00 q-noVbv:35.17 q-Rceq:1.32 tex:260 mv:919 misc:485 icu:0.00 pcu:163.50 scu:1396.50 tlayer:4 pbqpoffset:4.16 pbfactor:1.62 avgQpOffsetCutree:0.00;
in:426 out:426 type:B q:31.81 q-aq:29.87 q-noVbv:31.81 q-Rceq:1.32 tex:9409 mv:6061 misc:2170 icu:3.00 pcu:744.25 scu:812.75 tlayer:3 pbqpoffset:1.55 pbfactor:1.20 avgQpOffsetCutree:-1.97;
in:425 out:427 type:b q:34.70 q-aq:35.00 q-noVbv:34.70 q-Rceq:1.32 tex:199 mv:912 misc:449 icu:0.00 pcu:158.75 scu:1401.25 tlayer:4 pbqpoffset:4.19 pbfactor:1.62 avgQpOffsetCutree:0.00;
in:427 out:428 type:b q:32.70 q-aq:33.00 q-noVbv:32.70 q-Rceq:1.32 tex:827 mv:2607 misc:1014 icu:0.00 pcu:543.75 scu:1016.25 tlayer:4 pbqpoffset:2.69 pbfactor:1.36 avgQpOffsetCutree:0.00;
in:429 out:429 type:k q:33.76 q-aq:30.94 q-noVbv:33.76 q-Rceq:1.32 tex:53777 mv:14044 misc:2515 icu:525.75 pcu:798.75 scu:235.50 tlayer:0 pbqpoffset:0.43 pbfactor:1.05 avgQpOffsetCutree:-2.99;
in:434 out:430 type:k q:33.53 q-aq:28.53 q-noVbv:33.53 q-Rceq:1.32 tex:55485 mv:16426 misc:3337 icu:440.75 pcu:814.75 scu:304.50 tlayer:0 pbqpoffset:0.60 pbfactor:1.07 avgQpOffsetCutree:-4.67;
in:432 out:431 type:B q:36.53 q-aq:35.97 q-noVbv:36.53 q-Rceq:1.32 tex:5906 mv:5324 misc:1458 icu:49.25 pcu:896.75 scu:614.00 tlayer:1 pbqpoffset:2.91 pbfactor:1.40 avgQpOffsetCutree:-1.09;
in:431 out:432 type:B q:36.14 q-aq:36.29 q-noVbv:36.14 q-Rceq:1.32 tex:14525 mv:4773 misc:1502 icu:554.00 pcu:722.50 scu:283.50 tlayer:2 pbqpoffset:2.47 pbfactor:1.33 avgQpOffsetCutree:-0.68;
in:430 out:433 type:b q:36.63 q-aq:37.01 q-noVbv:36.63 q-Rceq:1.32 tex:3643 mv:4293 misc:1080 icu:28.75 pcu:913.00 scu:618.25 tlayer:3 pbqpoffset:2.91 pbfactor:1.40 avgQpOffsetCutree:0.00;
in:433 out:434 type:b q:36.49 q-aq:36.74 q-noVbv:36.49 q-Rceq:1.32 tex:19526 mv:4117 misc:1269 icu:57.25 pcu:1359.00 scu:143.75 tlayer:2 pbqpoffset:2.91 pbfactor:1.40 avgQpOffsetCutree:0.00;
in:448 out:435 type:k q:31.13 q-aq:25.85 q-noVbv:31.13 q-Rceq:1.32 tex:273067 mv:46417 misc:2492 icu:1399.25 pcu:158.00 scu:2.75 tlayer:0 pbqpoffset:0.48 pbfactor:1.06 avgQpOffsetCutree:-5.60;
in:441 out:436 type:B q:34.22 q-aq:28.77 q-noVbv:34.22 q-Rceq:1.32 tex:72698 mv:21022 misc:3536 icu:262.75 pcu:1147.75 scu:149.50 tlayer:1 pbqpoffset:1.88 pbfactor:1.24 avgQpOffsetCutree:-4.79;
in:438 out:437 type:B q:36.53 q-aq:33.27 q-noVbv:36.53 q-Rceq:1.32 tex:9117 mv:9029 misc:2046 icu:27.50 pcu:1016.75 scu:515.75 tlayer:2 pbqpoffset:3.68 pbfactor:1.53 avgQpOffsetCutree:-3.12;
in:436 out:438 type:B q:36.06 q-aq:35.23 q-noVbv:36.06 q-Rceq:1.32 tex:7510 mv:7609 misc:2241 icu:118.00 pcu:611.75 scu:830.25 tlayer:3 pbqpoffset:2.88 pbfactor:1.39 avgQpOffsetCutree:-1.38;
in:435 out:439 type:b q:36.38 q-aq:36.65 q-noVbv:36.38 q-Rceq:1.32 tex:2665 mv:3523 misc:1012 icu:470.00 pcu:638.00 scu:452.00 tlayer:4 pbqpoffset:3.02 pbfactor:1.42 avgQpOffsetCutree:0.00;
in:437 out:440 type:b q:39.76 q-aq:40.00 q-noVbv:39.76 q-Rceq:1.32 tex:226 mv:1535 misc:543 icu:7.75 pcu:322.00 scu:1230.25 tlayer:4 pbqpoffset:6.75 pbfactor:2.18 avgQpOffsetCutree:0.00;
in:440 out:441 type:B q:36.25 q-aq:36.06 q-noVbv:36.25 q-Rceq:1.32 tex:2543 mv:4277 misc:1284 icu:19.50 pcu:586.00 scu:954.50 tlayer:3 pbqpoffset:3.75 pbfactor:1.54 avgQpOffsetCutree:-1.03;
in:439 out:442 type:b q:39.42 q-aq:39.46 q-noVbv:39.42 q-Rceq:1.32 tex:406 mv:1508 misc:598 icu:2.25 pcu:230.25 scu:1327.50 tlayer:4 pbqpoffset:6.75 pbfactor:2.18 avgQpOffsetCutree:0.00;
in:445 out:443 type:B q:34.77 q-aq:31.37 q-noVbv:34.77 q-Rceq:1.32 tex:16598 mv:10349 misc:2365 icu:130.00 pcu:887.75 scu:542.25 tlayer:2 pbqpoffset:3.12 pbfactor:1.43 avgQpOffsetCutree:-3.05;
in:443 out:444 type:B q:35.74 q-aq:34.42 q-noVbv:35.74 q-Rceq:1.32 tex:4062 mv:5287 misc:1467 icu:35.50 pcu:449.50 scu:1075.00 tlayer:3 pbqpoffset:3.75 pbfactor:1.54 avgQpOffsetCutree:-1.71;
in:442 out:445 type:b q:38.91 q-aq:39.00 q-noVbv:38.91 q-Rceq:1.32 tex:1136 mv:2227 misc:861 icu:11.75 pcu:305.75 scu:1242.50 tlayer:4 pbqpoffset:6.75 pbfactor:2.18 avgQpOffsetCutree:0.00;
in:444 out:446 type:b q:38.57 q-aq:39.00 q-noVbv:38.57 q-Rceq:1.32 tex:1578 mv:2695 misc:943 icu:26.25 pcu:397.00 scu:1136.75 tlayer:4 pbqpoffset:6.75 pbfactor:2.18 avgQpOffsetCutree:0.00;
in:447 out:447 type:B q:35.05 q-aq:34.92 q-noVbv:35.05 q-Rceq:1.32 tex:18746 mv:4702 misc:1176 icu:74.25 pcu:1232.00 scu:253.75 tlayer:3 pbqpoffset:3.75 pbfactor:1.54 avgQpOffsetCutree:-0.97;
in:446 out:448 type:b q:38.22 q-aq:38.12 q-noVbv:38.22 q-Rceq:1.32 tex:2813 mv:3972 misc:1047 icu:24.00 pcu:597.50 scu:938.50 tlayer:4 pbqpoffset:6.75 pbfactor:2.18 avgQpOffsetCutree:0.00;
in:464 out:449 type:k q:30.72 q-aq:23.68 q-noVbv:30.72 q-Rceq:1.32 tex:224310 mv:42818 misc:4152 icu:672.75 pcu:827.00 scu:60.25 tlayer:0 pbqpoffset:0.39 pbfactor:1.05 avgQpOffsetCutree:-6.95;
in:456 out:450 type:B q:32.97 q-aq:27.74 q-noVbv:32.97 q-Rceq:1.32 tex:81353 mv:23136 misc:3495 icu:375.75 pcu:997.25 scu:187.00 tlayer:1 pbqpoffset:2.04 pbfactor:1.27 avgQpOffsetCutree:-4.72;
in:452 out:451 type:B q:33.38 q-aq:29.94 q-noVbv:33.38 q-Rceq:1.32 tex:21361 mv:11321 misc:2678 icu:137.75 pcu:618.25 scu:804.00 tlayer:2 pbqpoffset:2.35 pbfactor:1.31 avgQpOffsetCutree:-3.28;
in:450 out:452 type:B q:34.44 q-aq:33.00 q-noVbv:34.44 q-Rceq:1.32 tex:7989 mv:7718 misc:1709 icu:60.00 pcu:718.75 scu:781.25 tlayer:3 pbqpoffset:3.36 pbfactor:1.47 avgQpOffsetCutree:-1.80;
in:449 out:453 type:b q:38.01 q-aq:38.00 q-noVbv:38.01 q-Rceq:1.32 tex:1417 mv:2809 misc:1006 icu:6.25 pcu:419.50 scu:1134.25 tlayer:4 pbqpoffset:6.91 pbfactor:2.22 avgQpOffsetCutree:0.00;
in:451 out:454 type:b q:37.82 q-aq:38.00 q-noVbv:37.82 q-Rceq:1.32 tex:2023 mv:2608 misc:1065 icu:15.25 pcu:318.00 scu:1226.75 tlayer:4 pbqpoffset:6.76 pbfactor:2.18 avgQpOffsetCutree:0.00;
in:454 out:455 type:B q:34.29 q-aq:33.04 q-noVbv:34.29 q-Rceq:1.32 tex:8119 mv:6882 misc:1815 icu:37.50 pcu:480.75 scu:1041.75 tlayer:3 pbqpoffset:3.31 pbfactor:1.47 avgQpOffsetCutree:-1.71;
in:453 out:456 type:b q:37.91 q-aq:38.00 q-noVbv:37.91 q-Rceq:1.32 tex:1754 mv:2893 misc:1009 icu:7.75 pcu:329.25 scu:1223.00 tlayer:4 pbqpoffset:6.91 pbfactor:2.22 avgQpOffsetCutree:0.00;
in:455 out:457 type:b q:37.50 q-aq:38.00 q-noVbv:37.50 q-Rceq:1.32 tex:2555 mv:3117 misc:992 icu:11.75 pcu:312.00 scu:1236.25 tlayer:4 pbqpoffset:6.55 pbfactor:2.13 avgQpOffsetCutree:0.00;
in:460 out:458 type:B q:33.01 q-aq:29.98 q-noVbv:33.01 q-Rceq:1.32 tex:22271 mv:13159 misc:2674 icu:124.50 pcu:679.50 scu:756.00 tlayer:2 pbqpoffset:2.19 pbfactor:1.29 avgQpOffsetCutree:-3.17;
in:458 out:459 type:B q:34.02 q-aq:32.81 q-noVbv:34.02 q-Rceq:1.32 tex:9088 mv:7862 misc:2018 icu:53.25 pcu:504.50 scu:1002.25 tlayer:3 pbqpoffset:3.14 pbfactor:1.44 avgQpOffsetCutree:-1.67;
in:457 out:460 type:b q:37.52 q-aq:38.00 q-noVbv:37.52 q-Rceq:1.32 tex:2034 mv:2945 misc:997 icu:14.25 pcu:224.00 scu:1321.75 tlayer:4 pbqpoffset:6.62 pbfactor:2.15 avgQpOffsetCutree:0.00;
in:459 out:461 type:b q:36.78 q-aq:37.00 q-noVbv:36.78 q-Rceq:1.32 tex:2099 mv:4015 misc:1230 icu:9.25 pcu:426.00 scu:1124.75 tlayer:4 pbqpoffset:5.93 pbfactor:1.98 avgQpOffsetCutree:0.00;
in:462 out:462 type:B q:33.52 q-aq:32.30 q-noVbv:33.52 q-Rceq:1.32 tex:10809 mv:9032 misc:2095 icu:55.25 pcu:450.50 scu:1054.25 tlayer:3 pbqpoffset:2.75 pbfactor:1.37 avgQpOffsetCutree:-1.69;
in:461 out:463 type:b q:36.64 q-aq:37.00 q-noVbv:36.64 q-Rceq:1.32 tex:2297 mv:4244 misc:1211 icu:9.00 pcu:517.50 scu:1033.50 tlayer:4 pbqpoffset:5.84 pbfactor:1.96 avgQpOffsetCutree:0.00;
in:463 out:464 type:b q:37.14 q-aq:37.02 q-noVbv:37.14 q-Rceq:1.32 tex:2403 mv:3644 misc:1217 icu:9.25 pcu:317.50 scu:1233.25 tlayer:4 pbqpoffset:6.40 pbfactor:2.09 avgQpOffsetCutree:0.00;
in:480 out:465 type:k q:30.36 q-aq:23.72 q-noVbv:30.36 q-Rceq:1.32 tex:320040 mv:54866 misc:2790 icu:1338.00 pcu:214.00 scu:8.00 tlayer:0 pbqpoffset:0.42 pbfactor:1.05 avgQpOffsetCutree:-6.92;
in:472 out:466 type:B q:32.51 q-aq:27.29 q-noVbv:32.51 q-Rceq:1.32 tex:96165 mv:28374 misc:4005 icu:292.50 pcu:1085.50 scu:182.00 tlayer:1 pbqpoffset:1.97 pbfactor:1.26 avgQpOffsetCutree:-4.75;
in:468 out:467 type:B q:32.60 q-aq:29.36 q-noVbv:32.60 q-Rceq:1.32 tex:25153 mv:10632 misc:2711 icu:172.50 pcu:655.50 scu:732.00 tlayer:2 pbqpoffset:1.97 pbfactor:1.26 avgQpOffsetCutree:-3.19;
in:466 out:468 type:B q:33.05 q-aq:31.81 q-noVbv:33.05 q-Rceq:1.32 tex:11999 mv:9508 misc:2157 icu:53.25 pcu:531.00 scu:975.75 tlayer:3 pbqpoffset:2.37 pbfactor:1.32 avgQpOffsetCutree:-1.67;
in:465 out:469 type:b q:35.89 q-aq:36.01 q-noVbv:35.89 q-Rceq:1.32 tex:2874 mv:4196 misc:1354 icu:13.50 pcu:296.00 scu:1250.50 tlayer:4 pbqpoffset:5.19 pbfactor:1.82 avgQpOffsetCutree:0.00;
in:467 out:470 type:b q:35.96 q-aq:36.00 q-noVbv:35.96 q-Rceq:1.32 tex:2480 mv:4221 misc:1339 icu:13.50 pcu:298.50 scu:1248.00 tlayer:4 pbqpoffset:5.31 pbfactor:1.85 avgQpOffsetCutree:0.00;
in:470 out:471 type:B q:33.45 q-aq:32.17 q-noVbv:33.45 q-Rceq:1.32 tex:11252 mv:6853 misc:1831 icu:62.25 pcu:481.00 scu:1016.75 tlayer:3 pbqpoffset:2.86 pbfactor:1.39 avgQpOffsetCutree:-1.71;
in:469 out:472 type:b q:36.55 q-aq:37.00 q-noVbv:36.55 q-Rceq:1.32 tex:1990 mv:3688 misc:1146 icu:9.75 pcu:349.75 scu:1200.50 tlayer:4 pbqpoffset:5.95 pbfactor:1.99 avgQpOffsetCutree:0.00;
in:471 out:473 type:b q:37.34 q-aq:37.05 q-noVbv:37.34 q-Rceq:1.32 tex:2024 mv:3303 misc:1121 icu:6.75 pcu:255.25 scu:1298.00 tlayer:4 pbqpoffset:6.78 pbfactor:2.19 avgQpOffsetCutree:0.00;
in:476 out:474 type:B q:32.56 q-aq:29.21 q-noVbv:32.56 q-Rceq:1.32 tex:23888 mv:12806 misc:2786 icu:118.75 pcu:829.50 scu:611.75 tlayer:2 pbqpoffset:2.11 pbfactor:1.28 avgQpOffsetCutree:-3.32;
in:474 out:475 type:B q:33.34 q-aq:32.13 q-noVbv:33.34 q-Rceq:1.32 tex:10067 mv:8438 misc:1967 icu:51.25 pcu:614.50 scu:894.25 tlayer:3 pbqpoffset:2.85 pbfactor:1.39 avgQpOffsetCutree:-1.69;
in:473 out:476 type:b q:36.38 q-aq:36.26 q-noVbv:36.38 q-Rceq:1.32 tex:2090 mv:3875 misc:1283 icu:8.25 pcu:331.25 scu:1220.50 tlayer:4 pbqpoffset:5.87 pbfactor:1.97 avgQpOffsetCutree:0.00;
in:475 out:477 type:b q:37.31 q-aq:37.12 q-noVbv:37.31 q-Rceq:1.32 tex:1534 mv:3080 misc:1058 icu:3.50 pcu:280.25 scu:1276.25 tlayer:4 pbqpoffset:6.84 pbfactor:2.20 avgQpOffsetCutree:0.00;
in:478 out:478 type:B q:33.60 q-aq:32.34 q-noVbv:33.60 q-Rceq:1.32 tex:9581 mv:7664 misc:1931 icu:38.25 pcu:428.75 scu:1093.00 tlayer:3 pbqpoffset:3.19 pbfactor:1.45 avgQpOffsetCutree:-1.72;
in:477 out:479 type:b q:37.26 q-aq:37.00 q-noVbv:37.26 q-Rceq:1.32 tex:1471 mv:3084 misc:1189 icu:6.00 pcu:235.00 scu:1319.00 tlayer:4 pbqpoffset:6.84 pbfactor:2.20 avgQpOffsetCutree:0.00;
in:479 out:480 type:b q:37.22 q-aq:37.02 q-noVbv:37.22 q-Rceq:1.32 tex:1166 mv:2811 misc:991 icu:8.50 pcu:245.75 scu:1305.75 tlayer:4 pbqpoffset:6.84 pbfactor:2.20 avgQpOffsetCutree:0.00;
in:496 out:481 type:k q:33.91 q-aq:27.63 q-noVbv:33.91 q-Rceq:1.32 tex:92270 mv:30626 misc:3992 icu:385.25 pcu:1002.50 scu:172.25 tlayer:0 pbqpoffset:0.64 pbfactor:1.08 avgQpOffsetCutree:-5.67;
in:488 out:482 type:B q:33.94 q-aq:28.29 q-noVbv:33.94 q-Rceq:1.32 tex:62144 mv:20929 misc:3463 icu:248.50 pcu:1067.25 scu:244.25 tlayer:1 pbqpoffset:1.81 pbfactor:1.23 avgQpOffsetCutree:-4.95;
in:484 out:483 type:B q:33.06 q-aq:29.65 q-noVbv:33.06 q-Rceq:1.32 tex:18219 mv:9550 misc:2263 icu:105.50 pcu:632.50 scu:822.00 tlayer:2 pbqpoffset:1.81 pbfactor:1.23 avgQpOffsetCutree:-3.36;
in:482 out:484 type:B q:33.31 q-aq:31.97 q-noVbv:33.31 q-Rceq:1.32 tex:7767 mv:6785 misc:1848 icu:29.25 pcu:450.75 scu:1080.00 tlayer:3 pbqpoffset:2.51 pbfactor:1.34 avgQpOffsetCutree:-1.72;
in:481 out:485 type:b q:36.36 q-aq:36.19 q-noVbv:36.36 q-Rceq:1.32 tex:1209 mv:2553 misc:990 icu:3.25 pcu:221.50 scu:1335.25 tlayer:4 pbqpoffset:5.78 pbfactor:1.95 avgQpOffsetCutree:0.00;
in:483 out:486 type:b q:37.25 q-aq:37.02 q-noVbv:37.25 q-Rceq:1.32 tex:1132 mv:2558 misc:958 icu:4.00 pcu:318.50 scu:1237.50 tlayer:4 pbqpoffset:6.23 pbfactor:2.05 avgQpOffsetCutree:0.00;
in:486 out:487 type:B q:34.36 q-aq:33.39 q-noVbv:34.36 q-Rceq:1.32 tex:7487 mv:6257 misc:1600 icu:35.50 pcu:405.75 scu:1118.75 tlayer:3 pbqpoffset:2.67 pbfactor:1.36 avgQpOffsetCutree:-1.71;
in:485 out:488 type:b q:37.89 q-aq:38.00 q-noVbv:37.89 q-Rceq:1.32 tex:806 mv:2198 misc:796 icu:8.00 pcu:201.75 scu:1350.25 tlayer:4 pbqpoffset:6.43 pbfactor:2.10 avgQpOffsetCutree:0.00;
in:487 out:489 type:b q:37.49 q-aq:37.87 q-noVbv:37.49 q-Rceq:1.32 tex:820 mv:1995 misc:809 icu:9.25 pcu:174.75 scu:1376.00 tlayer:4 pbqpoffset:5.58 pbfactor:1.90 avgQpOffsetCutree:0.00;
in:492 out:490 type:B q:34.98 q-aq:31.97 q-noVbv:34.98 q-Rceq:1.32 tex:13916 mv:9091 misc:2145 icu:48.25 pcu:759.00 scu:752.75 tlayer:2 pbqpoffset:1.96 pbfactor:1.25 avgQpOffsetCutree:-3.40;
in:490 out:491 type:B q:35.42 q-aq:34.10 q-noVbv:35.42 q-Rceq:1.32 tex:4791 mv:5626 misc:1519 icu:13.75 pcu:371.50 scu:1174.75 tlayer:3 pbqpoffset:2.84 pbfactor:1.39 avgQpOffsetCutree:-1.77;
in:489 out:492 type:b q:39.03 q-aq:39.00 q-noVbv:39.03 q-Rceq:1.32 tex:456 mv:1528 misc:640 icu:3.00 pcu:151.75 scu:1405.25 tlayer:4 pbqpoffset:6.68 pbfactor:2.16 avgQpOffsetCutree:0.00;
in:491 out:493 type:b q:39.27 q-aq:39.00 q-noVbv:39.27 q-Rceq:1.32 tex:617 mv:1471 misc:616 icu:0.00 pcu:237.25 scu:1322.75 tlayer:4 pbqpoffset:6.48 pbfactor:2.11 avgQpOffsetCutree:0.00;
in:494 out:494 type:B q:36.52 q-aq:35.36 q-noVbv:36.52 q-Rceq:1.32 tex:3076 mv:4675 misc:1313 icu:9.50 pcu:357.25 scu:1193.25 tlayer:3 pbqpoffset:3.06 pbfactor:1.42 avgQpOffsetCutree:-1.69;
in:493 out:495 type:b q:39.61 q-aq:40.00 q-noVbv:39.61 q-Rceq:1.32 tex:399 mv:1225 misc:632 icu:0.75 pcu:152.00 scu:1407.25 tlayer:4 pbqpoffset:6.37 pbfactor:2.09 avgQpOffsetCutree:0.00;
in:495 out:496 type:b q:39.95 q-aq:40.00 q-noVbv:39.95 q-Rceq:1.32 tex:334 mv:1183 misc:571 icu:0.00 pcu:125.50 scu:1434.50 tlayer:4 pbqpoffset:6.27 pbfactor:2.06 avgQpOffsetCutree:0.00;
in:499 out:497 type:k q:33.56 q-aq:31.78 q-noVbv:33.56 q-Rceq:1.32 tex:8527 mv:9014 misc:2139 icu:46.00 pcu:1007.00 scu:507.00 tlayer:0 pbqpoffset:0.64 pbfactor:1.08 avgQpOffsetCutree:-1.57;
in:498 out:498 type:B q:35.12 q-aq:35.10 q-noVbv:35.12 q-Rceq:1.32 tex:1629 mv:3817 misc:1082 icu:5.25 pcu:744.50 scu:810.25 tlayer:1 pbqpoffset:1.45 pbfactor:1.18 avgQpOffsetCutree:-1.01;
in:497 out:499 type:b q:36.38 q-aq:36.27 q-noVbv:36.38 q-Rceq:1.32 tex:598 mv:1572 misc:678 icu:1.00 pcu:159.50 scu:1399.50 tlayer:2 pbqpoffset:2.59 pbfactor:1.35 avgQpOffsetCutree:0.00;
