#options: cpuid=1173503 frame-threads=1 no-wpp no-pmode no-pme psnr no-ssim log-level=2 bitdepth=8 input-csp=1 fps=50000/1000 input-res=768x432 interlace=0 total-frames=500 level-idc=0 high-tier=1 uhd-bd=0 ref=4 no-allow-non-conformance no-repeat-headers annexb no-aud no-hrd info hash=0 no-temporal-layers open-gop min-keyint=1 keyint=5000 bframes=15 b-adapt=2 b-pyramid bframe-bias=0 rc-lookahead=40 lookahead-slices=0 scenecut=40 no-intra-refresh ctu=64 min-cu-size=8 rect amp max-tu-size=32 tu-inter-depth=3 tu-intra-depth=3 limit-tu=4 rdoq-level=2 dynamic-rd=0.00 no-ssim-rd signhide no-tskip nr-intra=0 nr-inter=0 no-constrained-intra strong-intra-smoothing max-merge=4 limit-refs=1 limit-modes me=3 subme=4 merange=57 temporal-mvp weightp weightb no-analyze-src-pics deblock=0:0 sao no-sao-non-deblock rd=6 no-early-skip rskip no-fast-intra no-tskip-fast no-cu-lossless b-intra rdpenalty=0 psy-rd=0.00 psy-rdoq=0.00 no-rd-refine analysis-reuse-mode=0 no-lossless cbqpoffs=0 crqpoffs=0 rc=abr bitrate=2000 qcomp=0.60 qpstep=4 stats-write=1 stats-read=0 slow-firstpass ipratio=1.40 pbratio=1.30 aq-mode=1 aq-strength=0.00 cutree zone-count=0 no-strict-cbr qg-size=64 no-rc-grain qpmax=69 qpmin=0 no-const-vbv sar=0 overscan=0 videoformat=5 range=0 colorprim=2 transfer=2 colormatrix=2 chromaloc=0 display-window=0 max-cll=0,0 min-luma=0 max-luma=255 log2-max-poc-lsb=8 vui-timing-info vui-hrd-info slices=1 opt-qp-pps opt-ref-list-length-pps no-multi-pass-opt-rps scenecut-bias=0.05 no-opt-cu-delta-qp no-aq-motion no-hdr no-hdr-opt no-dhdr10-opt analysis-reuse-level=5 scale-factor=0 refine-intra=0 refine-inter=0 refine-mv=0 no-limit-sao ctu-info=0 max-tlayer=4
in:0 out:0 type:I q:22.40 q-aq:19.47 q-noVbv:22.40 q-Rceq:1.32 tex:874 mv:672 misc:438 icu:1296.00 pcu:0.00 scu:0.00 tlayer:0 pbqpoffset:0.00 pbfactor:1.00 avgQpOffsetCutree:-2.29;
in:1 out:1 type:k q:25.31 q-aq:25.00 q-noVbv:25.31 q-Rceq:1.32 tex:0 mv:7 misc:137 icu:0.00 pcu:0.00 scu:1296.00 tlayer:0 pbqpoffset:0.00 pbfactor:1.00 avgQpOffsetCutree:-1.31;
in:2 out:2 type:i q:34.39 q-aq:25.06 q-noVbv:34.39 q-Rceq:1.32 tex:330340 mv:46607 misc:1981 icu:1296.00 pcu:0.00 scu:0.00 tlayer:0 pbqpoffset:0.00 pbfactor:1.00 avgQpOffsetCutree:-8.74;
in:18 out:3 type:k q:33.31 q-aq:22.87 q-noVbv:33.31 q-Rceq:1.32 tex:362716 mv:25511 misc:2861 icu:370.25 pcu:916.75 scu:9.00 tlayer:0 pbqpoffset:0.00 pbfactor:1.00 avgQpOffsetCutree:-8.27;
in:10 out:4 type:B q:37.66 q-aq:30.41 q-noVbv:37.66 q-Rceq:1.32 tex:6913 mv:2774 misc:1745 icu:10.25 pcu:506.25 scu:779.50 tlayer:1 pbqpoffset:4.36 pbfactor:1.65 avgQpOffsetCutree:-5.69;
in:6 out:5 type:B q:37.66 q-aq:38.00 q-noVbv:37.66 q-Rceq:1.32 tex:9 mv:1773 misc:554 icu:0.00 pcu:547.25 scu:748.75 tlayer:2 pbqpoffset:4.36 pbfactor:1.65 avgQpOffsetCutree:-3.50;
in:4 out:6 type:B q:37.66 q-aq:38.00 q-noVbv:37.66 q-Rceq:1.32 tex:5 mv:308 misc:287 icu:0.00 pcu:117.00 scu:1179.00 tlayer:3 pbqpoffset:4.36 pbfactor:1.65 avgQpOffsetCutree:-1.44;
in:3 out:7 type:b q:40.34 q-aq:40.00 q-noVbv:40.34 q-Rceq:1.32 tex:1 mv:35 misc:172 icu:0.00 pcu:20.00 scu:1276.00 tlayer:4 pbqpoffset:7.03 pbfactor:2.25 avgQpOffsetCutree:0.00;
in:5 out:8 type:b q:40.34 q-aq:40.00 q-noVbv:40.34 q-Rceq:1.32 tex:2 mv:136 misc:190 icu:0.00 pcu:129.00 scu:1167.00 tlayer:4 pbqpoffset:7.03 pbfactor:2.25 avgQpOffsetCutree:0.00;
in:8 out:9 type:B q:37.66 q-aq:38.00 q-noVbv:37.66 q-Rceq:1.32 tex:1 mv:296 misc:271 icu:0.00 pcu:128.00 scu:1168.00 tlayer:3 pbqpoffset:4.36 pbfactor:1.65 avgQpOffsetCutree:-1.91;
in:7 out:10 type:b q:40.34 q-aq:40.00 q-noVbv:40.34 q-Rceq:1.32 tex:0 mv:75 misc:181 icu:0.00 pcu:36.00 scu:1260.00 tlayer:4 pbqpoffset:7.03 pbfactor:2.25 avgQpOffsetCutree:0.00;
in:9 out:11 type:b q:40.34 q-aq:40.00 q-noVbv:40.34 q-Rceq:1.32 tex:0 mv:8 misc:168 icu:0.00 pcu:0.00 scu:1296.00 tlayer:4 pbqpoffset:7.03 pbfactor:2.25 avgQpOffsetCutree:0.00;
in:14 out:12 type:B q:36.72 q-aq:33.17 q-noVbv:36.72 q-Rceq:1.32 tex:93 mv:2029 misc:870 icu:4.00 pcu:607.25 scu:684.75 tlayer:2 pbqpoffset:3.41 pbfactor:1.48 avgQpOffsetCutree:-3.17;
in:12 out:13 type:B q:37.66 q-aq:38.00 q-noVbv:37.66 q-Rceq:1.32 tex:9 mv:1039 misc:480 icu:0.00 pcu:351.00 scu:945.00 tlayer:3 pbqpoffset:4.36 pbfactor:1.65 avgQpOffsetCutree:-2.43;
in:11 out:14 type:b q:40.34 q-aq:40.00 q-noVbv:40.34 q-Rceq:1.32 tex:4 mv:193 misc:243 icu:0.00 pcu:76.00 scu:1220.00 tlayer:4 pbqpoffset:7.03 pbfactor:2.25 avgQpOffsetCutree:0.00;
in:13 out:15 type:b q:40.34 q-aq:40.00 q-noVbv:40.34 q-Rceq:1.32 tex:0 mv:95 misc:177 icu:0.00 pcu:48.00 scu:1248.00 tlayer:4 pbqpoffset:7.03 pbfactor:2.25 avgQpOffsetCutree:0.00;
in:16 out:16 type:B q:37.66 q-aq:38.00 q-noVbv:37.66 q-Rceq:1.32 tex:3 mv:186 misc:235 icu:0.00 pcu:69.00 scu:1227.00 tlayer:3 pbqpoffset:4.36 pbfactor:1.65 avgQpOffsetCutree:-1.74;
in:15 out:17 type:b q:40.66 q-aq:41.00 q-noVbv:40.66 q-Rceq:1.32 tex:4 mv:414 misc:318 icu:0.00 pcu:152.00 scu:1144.00 tlayer:4 pbqpoffset:7.36 pbfactor:2.34 avgQpOffsetCutree:0.00;
in:17 out:18 type:b q:40.34 q-aq:40.00 q-noVbv:40.34 q-Rceq:1.32 tex:0 mv:22 misc:162 icu:0.00 pcu:16.00 scu:1280.00 tlayer:4 pbqpoffset:7.03 pbfactor:2.25 avgQpOffsetCutree:0.00;
in:34 out:19 type:k q:30.25 q-aq:21.73 q-noVbv:30.25 q-Rceq:1.32 tex:388833 mv:29943 misc:2960 icu:442.25 pcu:845.00 scu:8.75 tlayer:0 pbqpoffset:0.00 pbfactor:1.00 avgQpOffsetCutree:-7.86;
in:26 out:20 type:B q:31.76 q-aq:23.87 q-noVbv:31.76 q-Rceq:1.32 tex:132430 mv:19117 misc:3357 icu:21.50 pcu:1075.25 scu:199.25 tlayer:1 pbqpoffset:1.51 pbfactor:1.19 avgQpOffsetCutree:-6.08;
in:22 out:21 type:B q:33.28 q-aq:28.91 q-noVbv:33.28 q-Rceq:1.32 tex:4610 mv:4599 misc:1511 icu:0.00 pcu:803.25 scu:492.75 tlayer:2 pbqpoffset:3.03 pbfactor:1.42 avgQpOffsetCutree:-3.56;
in:20 out:22 type:B q:33.63 q-aq:33.08 q-noVbv:33.63 q-Rceq:1.32 tex:109 mv:1847 misc:700 icu:0.00 pcu:569.75 scu:726.25 tlayer:3 pbqpoffset:3.38 pbfactor:1.48 avgQpOffsetCutree:-1.57;
in:19 out:23 type:b q:36.30 q-aq:36.00 q-noVbv:36.30 q-Rceq:1.32 tex:4 mv:552 misc:356 icu:0.00 pcu:184.00 scu:1112.00 tlayer:4 pbqpoffset:6.06 pbfactor:2.01 avgQpOffsetCutree:0.00;
in:21 out:24 type:b q:36.30 q-aq:36.00 q-noVbv:36.30 q-Rceq:1.32 tex:2 mv:400 misc:390 icu:0.00 pcu:139.25 scu:1156.75 tlayer:4 pbqpoffset:6.06 pbfactor:2.01 avgQpOffsetCutree:0.00;
in:24 out:25 type:B q:33.63 q-aq:31.94 q-noVbv:33.63 q-Rceq:1.32 tex:592 mv:3069 misc:587 icu:0.00 pcu:857.25 scu:438.75 tlayer:3 pbqpoffset:3.38 pbfactor:1.48 avgQpOffsetCutree:-1.72;
in:23 out:26 type:b q:36.63 q-aq:37.00 q-noVbv:36.63 q-Rceq:1.32 tex:2 mv:767 misc:439 icu:0.00 pcu:270.00 scu:1026.00 tlayer:4 pbqpoffset:6.38 pbfactor:2.09 avgQpOffsetCutree:0.00;
in:25 out:27 type:b q:36.30 q-aq:36.00 q-noVbv:36.30 q-Rceq:1.32 tex:5 mv:1284 misc:519 icu:0.00 pcu:458.00 scu:838.00 tlayer:4 pbqpoffset:6.06 pbfactor:2.01 avgQpOffsetCutree:0.00;
in:30 out:28 type:B q:33.63 q-aq:31.47 q-noVbv:33.63 q-Rceq:1.32 tex:866 mv:944 misc:886 icu:0.00 pcu:338.00 scu:958.00 tlayer:2 pbqpoffset:3.38 pbfactor:1.48 avgQpOffsetCutree:-2.08;
in:28 out:29 type:B q:33.63 q-aq:34.00 q-noVbv:33.63 q-Rceq:1.32 tex:3 mv:688 misc:413 icu:0.00 pcu:313.00 scu:983.00 tlayer:3 pbqpoffset:3.38 pbfactor:1.48 avgQpOffsetCutree:-2.05;
in:27 out:30 type:b q:36.30 q-aq:36.00 q-noVbv:36.30 q-Rceq:1.32 tex:0 mv:71 misc:209 icu:0.00 pcu:40.00 scu:1256.00 tlayer:4 pbqpoffset:6.06 pbfactor:2.01 avgQpOffsetCutree:0.00;
in:29 out:31 type:b q:36.30 q-aq:36.00 q-noVbv:36.30 q-Rceq:1.32 tex:1 mv:66 misc:189 icu:0.00 pcu:52.00 scu:1244.00 tlayer:4 pbqpoffset:6.06 pbfactor:2.01 avgQpOffsetCutree:0.00;
in:32 out:32 type:B q:32.44 q-aq:32.00 q-noVbv:32.44 q-Rceq:1.32 tex:68 mv:372 misc:472 icu:0.00 pcu:104.50 scu:1191.50 tlayer:3 pbqpoffset:2.19 pbfactor:1.29 avgQpOffsetCutree:-0.51;
in:31 out:33 type:b q:36.39 q-aq:36.00 q-noVbv:36.39 q-Rceq:1.32 tex:8 mv:762 misc:438 icu:0.00 pcu:281.00 scu:1015.00 tlayer:4 pbqpoffset:6.14 pbfactor:2.03 avgQpOffsetCutree:0.00;
in:33 out:34 type:b q:36.30 q-aq:36.00 q-noVbv:36.30 q-Rceq:1.32 tex:3 mv:227 misc:242 icu:0.00 pcu:105.00 scu:1191.00 tlayer:4 pbqpoffset:6.06 pbfactor:2.01 avgQpOffsetCutree:0.00;
in:50 out:35 type:k q:30.27 q-aq:22.80 q-noVbv:30.27 q-Rceq:1.32 tex:325907 mv:31376 misc:3149 icu:664.50 pcu:623.75 scu:7.75 tlayer:0 pbqpoffset:0.00 pbfactor:1.00 avgQpOffsetCutree:-7.72;
in:42 out:36 type:B q:32.09 q-aq:24.74 q-noVbv:32.09 q-Rceq:1.32 tex:134968 mv:15681 misc:3335 icu:42.00 pcu:1051.25 scu:202.75 tlayer:1 pbqpoffset:1.82 pbfactor:1.23 avgQpOffsetCutree:-6.07;
in:38 out:37 type:B q:32.78 q-aq:29.20 q-noVbv:32.78 q-Rceq:1.32 tex:3783 mv:5318 misc:1659 icu:2.00 pcu:818.50 scu:475.50 tlayer:2 pbqpoffset:2.52 pbfactor:1.34 avgQpOffsetCutree:-3.17;
in:36 out:38 type:B q:33.84 q-aq:31.30 q-noVbv:33.84 q-Rceq:1.32 tex:3042 mv:3921 misc:1501 icu:0.00 pcu:746.00 scu:550.00 tlayer:3 pbqpoffset:3.59 pbfactor:1.51 avgQpOffsetCutree:-2.22;
in:35 out:39 type:b q:36.84 q-aq:37.00 q-noVbv:36.84 q-Rceq:1.32 tex:5 mv:502 misc:373 icu:0.00 pcu:189.00 scu:1107.00 tlayer:4 pbqpoffset:6.59 pbfactor:2.14 avgQpOffsetCutree:0.00;
in:37 out:40 type:b q:36.85 q-aq:37.00 q-noVbv:36.85 q-Rceq:1.32 tex:10 mv:1052 misc:522 icu:4.00 pcu:439.00 scu:853.00 tlayer:4 pbqpoffset:6.59 pbfactor:2.14 avgQpOffsetCutree:0.00;
in:40 out:41 type:B q:33.85 q-aq:33.81 q-noVbv:33.85 q-Rceq:1.32 tex:87 mv:2602 misc:703 icu:2.00 pcu:714.00 scu:580.00 tlayer:3 pbqpoffset:3.59 pbfactor:1.51 avgQpOffsetCutree:-2.27;
in:39 out:42 type:b q:36.85 q-aq:37.00 q-noVbv:36.85 q-Rceq:1.32 tex:7 mv:1145 misc:528 icu:0.00 pcu:469.00 scu:827.00 tlayer:4 pbqpoffset:6.59 pbfactor:2.14 avgQpOffsetCutree:0.00;
in:41 out:43 type:b q:36.53 q-aq:37.00 q-noVbv:36.53 q-Rceq:1.32 tex:8 mv:667 misc:453 icu:0.00 pcu:366.00 scu:930.00 tlayer:4 pbqpoffset:6.27 pbfactor:2.06 avgQpOffsetCutree:0.00;
in:46 out:44 type:B q:33.62 q-aq:30.03 q-noVbv:33.62 q-Rceq:1.32 tex:1106 mv:3198 misc:1552 icu:6.25 pcu:550.00 scu:739.75 tlayer:2 pbqpoffset:3.36 pbfactor:1.47 avgQpOffsetCutree:-2.74;
in:44 out:45 type:B q:33.86 q-aq:32.13 q-noVbv:33.86 q-Rceq:1.32 tex:63 mv:1781 misc:684 icu:0.00 pcu:566.00 scu:730.00 tlayer:3 pbqpoffset:3.59 pbfactor:1.51 avgQpOffsetCutree:-2.05;
in:43 out:46 type:b q:36.53 q-aq:37.00 q-noVbv:36.53 q-Rceq:1.32 tex:5 mv:592 misc:395 icu:0.00 pcu:333.00 scu:963.00 tlayer:4 pbqpoffset:6.27 pbfactor:2.06 avgQpOffsetCutree:0.00;
in:45 out:47 type:b q:36.54 q-aq:37.00 q-noVbv:36.54 q-Rceq:1.32 tex:4 mv:710 misc:430 icu:0.00 pcu:293.00 scu:1003.00 tlayer:4 pbqpoffset:6.27 pbfactor:2.06 avgQpOffsetCutree:0.00;
in:48 out:48 type:B q:32.00 q-aq:31.50 q-noVbv:32.00 q-Rceq:1.32 tex:16601 mv:5294 misc:2321 icu:19.25 pcu:701.50 scu:575.25 tlayer:3 pbqpoffset:1.73 pbfactor:1.22 avgQpOffsetCutree:-0.98;
in:47 out:49 type:b q:36.73 q-aq:37.00 q-noVbv:36.73 q-Rceq:1.32 tex:204 mv:1323 misc:633 icu:6.25 pcu:334.25 scu:955.50 tlayer:4 pbqpoffset:6.46 pbfactor:2.11 avgQpOffsetCutree:0.00;
in:49 out:50 type:b q:36.86 q-aq:37.00 q-noVbv:36.86 q-Rceq:1.32 tex:6 mv:898 misc:456 icu:0.00 pcu:306.00 scu:990.00 tlayer:4 pbqpoffset:6.59 pbfactor:2.14 avgQpOffsetCutree:0.00;
in:66 out:51 type:k q:30.09 q-aq:23.50 q-noVbv:30.09 q-Rceq:1.32 tex:300086 mv:27268 misc:3046 icu:807.25 pcu:488.00 scu:0.75 tlayer:0 pbqpoffset:1.36 pbfactor:1.17 avgQpOffsetCutree:-7.08;
in:58 out:52 type:B q:32.26 q-aq:25.30 q-noVbv:32.26 q-Rceq:1.32 tex:125018 mv:15876 misc:3554 icu:55.25 pcu:1076.50 scu:164.25 tlayer:1 pbqpoffset:2.08 pbfactor:1.27 avgQpOffsetCutree:-5.72;
in:54 out:53 type:B q:33.75 q-aq:29.69 q-noVbv:33.75 q-Rceq:1.32 tex:5258 mv:6595 misc:1875 icu:8.25 pcu:852.75 scu:435.00 tlayer:2 pbqpoffset:3.52 pbfactor:1.50 avgQpOffsetCutree:-3.41;
in:52 out:54 type:B q:34.04 q-aq:32.25 q-noVbv:34.04 q-Rceq:1.32 tex:640 mv:3265 misc:871 icu:0.00 pcu:763.50 scu:532.50 tlayer:3 pbqpoffset:3.79 pbfactor:1.55 avgQpOffsetCutree:-2.02;
in:51 out:55 type:b q:37.05 q-aq:37.00 q-noVbv:37.05 q-Rceq:1.32 tex:4 mv:1285 misc:551 icu:0.00 pcu:441.00 scu:855.00 tlayer:4 pbqpoffset:6.79 pbfactor:2.19 avgQpOffsetCutree:0.00;
in:53 out:56 type:b q:37.03 q-aq:37.00 q-noVbv:37.03 q-Rceq:1.32 tex:4 mv:1409 misc:539 icu:0.00 pcu:385.00 scu:911.00 tlayer:4 pbqpoffset:6.79 pbfactor:2.19 avgQpOffsetCutree:0.00;
in:56 out:57 type:B q:33.99 q-aq:32.51 q-noVbv:33.99 q-Rceq:1.32 tex:325 mv:3017 misc:754 icu:2.00 pcu:750.75 scu:543.25 tlayer:3 pbqpoffset:3.79 pbfactor:1.55 avgQpOffsetCutree:-1.77;
in:55 out:58 type:b q:36.18 q-aq:36.00 q-noVbv:36.18 q-Rceq:1.32 tex:9 mv:1621 misc:538 icu:0.00 pcu:459.00 scu:837.00 tlayer:4 pbqpoffset:5.96 pbfactor:1.99 avgQpOffsetCutree:0.00;
in:57 out:59 type:b q:36.98 q-aq:37.00 q-noVbv:36.98 q-Rceq:1.32 tex:10 mv:1134 misc:448 icu:0.00 pcu:383.00 scu:913.00 tlayer:4 pbqpoffset:6.79 pbfactor:2.19 avgQpOffsetCutree:0.00;
in:62 out:60 type:B q:33.49 q-aq:29.48 q-noVbv:33.49 q-Rceq:1.32 tex:3880 mv:5754 misc:2254 icu:25.25 pcu:681.50 scu:589.25 tlayer:2 pbqpoffset:3.35 pbfactor:1.47 avgQpOffsetCutree:-3.32;
in:60 out:61 type:B q:33.95 q-aq:32.64 q-noVbv:33.95 q-Rceq:1.32 tex:309 mv:2735 misc:884 icu:13.75 pcu:667.75 scu:614.50 tlayer:3 pbqpoffset:3.79 pbfactor:1.55 avgQpOffsetCutree:-1.67;
in:59 out:62 type:b q:36.96 q-aq:37.00 q-noVbv:36.96 q-Rceq:1.32 tex:6 mv:1495 misc:587 icu:0.00 pcu:492.00 scu:804.00 tlayer:4 pbqpoffset:6.79 pbfactor:2.19 avgQpOffsetCutree:0.00;
in:61 out:63 type:b q:36.61 q-aq:37.00 q-noVbv:36.61 q-Rceq:1.32 tex:27 mv:1134 misc:495 icu:1.00 pcu:353.25 scu:941.75 tlayer:4 pbqpoffset:6.47 pbfactor:2.11 avgQpOffsetCutree:0.00;
in:64 out:64 type:B q:32.91 q-aq:32.04 q-noVbv:32.91 q-Rceq:1.32 tex:11904 mv:4432 misc:1888 icu:16.00 pcu:694.25 scu:585.75 tlayer:3 pbqpoffset:2.80 pbfactor:1.38 avgQpOffsetCutree:-1.13;
in:63 out:65 type:b q:36.91 q-aq:37.00 q-noVbv:36.91 q-Rceq:1.32 tex:118 mv:2012 misc:790 icu:3.00 pcu:529.25 scu:763.75 tlayer:4 pbqpoffset:6.79 pbfactor:2.19 avgQpOffsetCutree:0.00;
in:65 out:66 type:b q:36.89 q-aq:37.00 q-noVbv:36.89 q-Rceq:1.32 tex:7 mv:1051 misc:438 icu:0.00 pcu:295.00 scu:1001.00 tlayer:4 pbqpoffset:6.79 pbfactor:2.19 avgQpOffsetCutree:0.00;
in:82 out:67 type:k q:30.16 q-aq:23.07 q-noVbv:30.16 q-Rceq:1.32 tex:311183 mv:25053 misc:3028 icu:498.50 pcu:794.25 scu:3.25 tlayer:0 pbqpoffset:0.38 pbfactor:1.04 avgQpOffsetCutree:-7.62;
in:74 out:68 type:B q:32.12 q-aq:26.27 q-noVbv:32.12 q-Rceq:1.32 tex:150222 mv:16217 misc:4009 icu:97.25 pcu:1009.50 scu:189.25 tlayer:1 pbqpoffset:2.00 pbfactor:1.26 avgQpOffsetCutree:-5.32;
in:70 out:69 type:B q:32.69 q-aq:28.15 q-noVbv:32.69 q-Rceq:1.32 tex:38832 mv:13184 misc:3856 icu:32.00 pcu:897.00 scu:367.00 tlayer:2 pbqpoffset:2.59 pbfactor:1.35 avgQpOffsetCutree:-3.74;
in:68 out:70 type:B q:33.58 q-aq:31.85 q-noVbv:33.58 q-Rceq:1.32 tex:1782 mv:4332 misc:1246 icu:9.00 pcu:787.75 scu:499.25 tlayer:3 pbqpoffset:3.48 pbfactor:1.49 avgQpOffsetCutree:-1.74;
in:67 out:71 type:b q:34.45 q-aq:34.00 q-noVbv:34.45 q-Rceq:1.32 tex:1037 mv:1952 misc:691 icu:3.00 pcu:503.50 scu:789.50 tlayer:4 pbqpoffset:4.36 pbfactor:1.66 avgQpOffsetCutree:0.00;
in:69 out:72 type:b q:35.69 q-aq:36.00 q-noVbv:35.69 q-Rceq:1.32 tex:55 mv:954 misc:463 icu:0.00 pcu:300.00 scu:996.00 tlayer:4 pbqpoffset:5.59 pbfactor:1.91 avgQpOffsetCutree:0.00;
in:72 out:73 type:B q:33.98 q-aq:31.87 q-noVbv:33.98 q-Rceq:1.32 tex:2431 mv:3388 misc:1213 icu:9.75 pcu:782.00 scu:504.25 tlayer:3 pbqpoffset:3.87 pbfactor:1.56 avgQpOffsetCutree:-1.90;
in:71 out:74 type:b q:36.40 q-aq:36.00 q-noVbv:36.40 q-Rceq:1.32 tex:60 mv:1050 misc:538 icu:0.00 pcu:345.00 scu:951.00 tlayer:4 pbqpoffset:6.29 pbfactor:2.07 avgQpOffsetCutree:0.00;
in:73 out:75 type:b q:35.28 q-aq:35.00 q-noVbv:35.28 q-Rceq:1.32 tex:5 mv:2004 misc:567 icu:0.00 pcu:587.50 scu:708.50 tlayer:4 pbqpoffset:5.16 pbfactor:1.81 avgQpOffsetCutree:0.00;
in:78 out:76 type:B q:33.08 q-aq:29.88 q-noVbv:33.08 q-Rceq:1.32 tex:15636 mv:6938 misc:2930 icu:37.00 pcu:839.25 scu:419.75 tlayer:2 pbqpoffset:2.94 pbfactor:1.40 avgQpOffsetCutree:-2.75;
in:76 out:77 type:B q:33.52 q-aq:32.07 q-noVbv:33.52 q-Rceq:1.32 tex:1251 mv:3200 misc:1125 icu:6.75 pcu:717.50 scu:571.75 tlayer:3 pbqpoffset:3.39 pbfactor:1.48 avgQpOffsetCutree:-1.60;
in:75 out:78 type:b q:35.51 q-aq:36.00 q-noVbv:35.51 q-Rceq:1.32 tex:9 mv:1080 misc:439 icu:0.00 pcu:377.00 scu:919.00 tlayer:4 pbqpoffset:5.38 pbfactor:1.86 avgQpOffsetCutree:0.00;
in:77 out:79 type:b q:37.00 q-aq:37.00 q-noVbv:37.00 q-Rceq:1.32 tex:6 mv:1098 misc:576 icu:0.00 pcu:297.75 scu:998.25 tlayer:4 pbqpoffset:6.87 pbfactor:2.21 avgQpOffsetCutree:0.00;
in:80 out:80 type:B q:32.17 q-aq:31.54 q-noVbv:32.17 q-Rceq:1.32 tex:16007 mv:4877 misc:2436 icu:45.00 pcu:655.50 scu:595.50 tlayer:3 pbqpoffset:2.03 pbfactor:1.26 avgQpOffsetCutree:-1.07;
in:79 out:81 type:b q:34.08 q-aq:34.00 q-noVbv:34.08 q-Rceq:1.32 tex:1314 mv:2032 misc:1110 icu:1.00 pcu:533.00 scu:762.00 tlayer:4 pbqpoffset:3.94 pbfactor:1.58 avgQpOffsetCutree:0.00;
in:81 out:82 type:b q:35.60 q-aq:36.00 q-noVbv:35.60 q-Rceq:1.32 tex:20 mv:629 misc:423 icu:0.00 pcu:165.50 scu:1130.50 tlayer:4 pbqpoffset:5.45 pbfactor:1.88 avgQpOffsetCutree:0.00;
in:98 out:83 type:k q:29.17 q-aq:21.97 q-noVbv:29.17 q-Rceq:1.32 tex:351389 mv:24741 misc:3174 icu:449.00 pcu:842.50 scu:4.50 tlayer:0 pbqpoffset:0.59 pbfactor:1.07 avgQpOffsetCutree:-7.61;
in:90 out:84 type:B q:31.64 q-aq:25.26 q-noVbv:31.64 q-Rceq:1.32 tex:117257 mv:16239 misc:3440 icu:97.75 pcu:1078.25 scu:120.00 tlayer:1 pbqpoffset:1.97 pbfactor:1.26 avgQpOffsetCutree:-5.25;
in:86 out:85 type:B q:33.03 q-aq:28.82 q-noVbv:33.03 q-Rceq:1.32 tex:8275 mv:6903 misc:2502 icu:29.50 pcu:780.75 scu:485.75 tlayer:2 pbqpoffset:3.12 pbfactor:1.43 avgQpOffsetCutree:-3.48;
in:84 out:86 type:B q:33.56 q-aq:32.07 q-noVbv:33.56 q-Rceq:1.32 tex:4678 mv:3053 misc:1157 icu:0.00 pcu:665.00 scu:631.00 tlayer:3 pbqpoffset:3.53 pbfactor:1.50 avgQpOffsetCutree:-1.71;
in:83 out:87 type:b q:34.99 q-aq:35.00 q-noVbv:34.99 q-Rceq:1.32 tex:62 mv:1801 misc:721 icu:1.00 pcu:473.00 scu:822.00 tlayer:4 pbqpoffset:4.90 pbfactor:1.76 avgQpOffsetCutree:0.00;
in:85 out:88 type:b q:35.49 q-aq:35.00 q-noVbv:35.49 q-Rceq:1.32 tex:68 mv:1665 misc:619 icu:3.00 pcu:485.00 scu:808.00 tlayer:4 pbqpoffset:5.52 pbfactor:1.89 avgQpOffsetCutree:0.00;
in:88 out:89 type:B q:33.38 q-aq:31.82 q-noVbv:33.38 q-Rceq:1.32 tex:1841 mv:3583 misc:1080 icu:8.75 pcu:774.00 scu:513.25 tlayer:3 pbqpoffset:3.59 pbfactor:1.51 avgQpOffsetCutree:-1.60;
in:87 out:90 type:b q:34.83 q-aq:35.00 q-noVbv:34.83 q-Rceq:1.32 tex:71 mv:1881 misc:608 icu:0.00 pcu:602.00 scu:694.00 tlayer:4 pbqpoffset:4.99 pbfactor:1.78 avgQpOffsetCutree:0.00;
in:89 out:91 type:b q:35.18 q-aq:35.00 q-noVbv:35.18 q-Rceq:1.32 tex:66 mv:1764 misc:562 icu:0.00 pcu:552.00 scu:744.00 tlayer:4 pbqpoffset:5.46 pbfactor:1.88 avgQpOffsetCutree:0.00;
in:94 out:92 type:B q:31.64 q-aq:28.17 q-noVbv:31.64 q-Rceq:1.32 tex:38970 mv:10651 misc:3683 icu:76.50 pcu:982.50 scu:237.00 tlayer:2 pbqpoffset:2.23 pbfactor:1.29 avgQpOffsetCutree:-2.95;
in:92 out:93 type:B q:33.38 q-aq:31.80 q-noVbv:33.38 q-Rceq:1.32 tex:1272 mv:3661 misc:1131 icu:3.00 pcu:820.75 scu:472.25 tlayer:3 pbqpoffset:3.84 pbfactor:1.56 avgQpOffsetCutree:-1.73;
in:91 out:94 type:b q:34.93 q-aq:35.00 q-noVbv:34.93 q-Rceq:1.32 tex:285 mv:2111 misc:636 icu:4.00 pcu:604.50 scu:687.50 tlayer:4 pbqpoffset:5.32 pbfactor:1.85 avgQpOffsetCutree:0.00;
in:93 out:95 type:b q:35.13 q-aq:35.00 q-noVbv:35.13 q-Rceq:1.32 tex:232 mv:1526 misc:658 icu:4.00 pcu:483.00 scu:809.00 tlayer:4 pbqpoffset:5.65 pbfactor:1.92 avgQpOffsetCutree:0.00;
in:96 out:96 type:B q:31.87 q-aq:30.95 q-noVbv:31.87 q-Rceq:1.32 tex:13326 mv:3651 misc:2263 icu:11.00 pcu:681.25 scu:603.75 tlayer:3 pbqpoffset:2.57 pbfactor:1.35 avgQpOffsetCutree:-1.25;
in:95 out:97 type:b q:32.47 q-aq:32.19 q-noVbv:32.47 q-Rceq:1.32 tex:6822 mv:2893 misc:1581 icu:11.00 pcu:599.25 scu:685.75 tlayer:4 pbqpoffset:3.11 pbfactor:1.43 avgQpOffsetCutree:0.00;
in:97 out:98 type:b q:34.33 q-aq:34.00 q-noVbv:34.33 q-Rceq:1.32 tex:38 mv:1320 misc:578 icu:0.00 pcu:425.25 scu:870.75 tlayer:4 pbqpoffset:5.10 pbfactor:1.80 avgQpOffsetCutree:0.00;
in:114 out:99 type:k q:28.54 q-aq:21.10 q-noVbv:28.54 q-Rceq:1.32 tex:384981 mv:26651 misc:2680 icu:477.00 pcu:817.75 scu:1.25 tlayer:0 pbqpoffset:2.40 pbfactor:1.32 avgQpOffsetCutree:-7.75;
in:106 out:100 type:B q:30.76 q-aq:24.37 q-noVbv:30.76 q-Rceq:1.32 tex:140476 mv:18355 misc:3849 icu:75.50 pcu:1100.25 scu:120.25 tlayer:1 pbqpoffset:1.91 pbfactor:1.25 avgQpOffsetCutree:-5.38;
in:102 out:101 type:B q:31.94 q-aq:27.39 q-noVbv:31.94 q-Rceq:1.32 tex:18581 mv:9295 misc:3004 icu:20.25 pcu:857.00 scu:418.75 tlayer:2 pbqpoffset:2.92 pbfactor:1.40 avgQpOffsetCutree:-3.63;
in:100 out:102 type:B q:32.79 q-aq:31.12 q-noVbv:32.79 q-Rceq:1.32 tex:1175 mv:3126 misc:1123 icu:1.00 pcu:738.50 scu:556.50 tlayer:3 pbqpoffset:3.69 pbfactor:1.53 avgQpOffsetCutree:-1.80;
in:99 out:103 type:b q:34.20 q-aq:34.00 q-noVbv:34.20 q-Rceq:1.32 tex:12 mv:1727 misc:693 icu:2.00 pcu:405.75 scu:888.25 tlayer:4 pbqpoffset:5.07 pbfactor:1.80 avgQpOffsetCutree:0.00;
in:101 out:104 type:b q:34.44 q-aq:34.00 q-noVbv:34.44 q-Rceq:1.32 tex:37 mv:1285 misc:542 icu:0.00 pcu:375.00 scu:921.00 tlayer:4 pbqpoffset:5.39 pbfactor:1.86 avgQpOffsetCutree:0.00;
in:104 out:105 type:B q:31.38 q-aq:29.67 q-noVbv:31.38 q-Rceq:1.32 tex:4161 mv:4732 misc:1643 icu:3.25 pcu:807.00 scu:485.75 tlayer:3 pbqpoffset:2.44 pbfactor:1.33 avgQpOffsetCutree:-1.65;
in:103 out:106 type:b q:33.04 q-aq:33.00 q-noVbv:33.04 q-Rceq:1.32 tex:747 mv:2262 misc:703 icu:1.00 pcu:616.00 scu:679.00 tlayer:4 pbqpoffset:4.07 pbfactor:1.60 avgQpOffsetCutree:0.00;
in:105 out:107 type:b q:32.83 q-aq:33.00 q-noVbv:32.83 q-Rceq:1.32 tex:125 mv:2877 misc:766 icu:0.00 pcu:715.50 scu:580.50 tlayer:4 pbqpoffset:3.93 pbfactor:1.58 avgQpOffsetCutree:0.00;
in:110 out:108 type:B q:31.05 q-aq:27.27 q-noVbv:31.05 q-Rceq:1.32 tex:24117 mv:8725 misc:3158 icu:31.00 pcu:1000.00 scu:265.00 tlayer:2 pbqpoffset:2.35 pbfactor:1.31 avgQpOffsetCutree:-3.15;
in:108 out:109 type:B q:32.55 q-aq:30.34 q-noVbv:32.55 q-Rceq:1.32 tex:2395 mv:3619 misc:1210 icu:1.25 pcu:803.75 scu:491.00 tlayer:3 pbqpoffset:3.77 pbfactor:1.55 avgQpOffsetCutree:-1.72;
in:107 out:110 type:b q:34.63 q-aq:35.00 q-noVbv:34.63 q-Rceq:1.32 tex:128 mv:1562 misc:662 icu:0.00 pcu:399.75 scu:896.25 tlayer:4 pbqpoffset:5.82 pbfactor:1.96 avgQpOffsetCutree:0.00;
in:109 out:111 type:b q:35.24 q-aq:35.00 q-noVbv:35.24 q-Rceq:1.32 tex:10 mv:1494 misc:568 icu:0.00 pcu:412.25 scu:883.75 tlayer:4 pbqpoffset:6.50 pbfactor:2.12 avgQpOffsetCutree:0.00;
in:112 out:112 type:B q:30.56 q-aq:29.83 q-noVbv:30.56 q-Rceq:1.32 tex:18516 mv:4808 misc:2348 icu:14.25 pcu:711.25 scu:570.50 tlayer:3 pbqpoffset:1.94 pbfactor:1.25 avgQpOffsetCutree:-1.03;
in:111 out:113 type:b q:32.65 q-aq:33.00 q-noVbv:32.65 q-Rceq:1.32 tex:142 mv:1228 misc:878 icu:5.00 pcu:458.00 scu:833.00 tlayer:4 pbqpoffset:3.99 pbfactor:1.59 avgQpOffsetCutree:0.00;
in:113 out:114 type:b q:33.01 q-aq:33.00 q-noVbv:33.01 q-Rceq:1.32 tex:108 mv:1728 misc:676 icu:0.00 pcu:536.00 scu:760.00 tlayer:4 pbqpoffset:4.43 pbfactor:1.67 avgQpOffsetCutree:0.00;
in:130 out:115 type:k q:28.18 q-aq:20.84 q-noVbv:28.18 q-Rceq:1.32 tex:423932 mv:39530 misc:3202 icu:633.50 pcu:660.75 scu:1.75 tlayer:0 pbqpoffset:0.32 pbfactor:1.04 avgQpOffsetCutree:-7.83;
in:122 out:116 type:B q:30.29 q-aq:23.49 q-noVbv:30.29 q-Rceq:1.32 tex:153804 mv:18053 misc:3879 icu:98.00 pcu:1095.25 scu:102.75 tlayer:1 pbqpoffset:1.93 pbfactor:1.25 avgQpOffsetCutree:-5.73;
in:118 out:117 type:B q:31.40 q-aq:27.12 q-noVbv:31.40 q-Rceq:1.32 tex:17129 mv:8548 misc:2763 icu:20.50 pcu:914.00 scu:361.50 tlayer:2 pbqpoffset:2.95 pbfactor:1.41 avgQpOffsetCutree:-3.57;
in:116 out:118 type:B q:31.97 q-aq:30.61 q-noVbv:31.97 q-Rceq:1.32 tex:6588 mv:4241 misc:1363 icu:11.75 pcu:811.75 scu:472.50 tlayer:3 pbqpoffset:3.48 pbfactor:1.49 avgQpOffsetCutree:-1.67;
in:115 out:119 type:b q:33.85 q-aq:34.00 q-noVbv:33.85 q-Rceq:1.32 tex:9 mv:2054 misc:721 icu:0.00 pcu:616.00 scu:680.00 tlayer:4 pbqpoffset:5.33 pbfactor:1.85 avgQpOffsetCutree:0.00;
in:117 out:120 type:b q:33.50 q-aq:33.10 q-noVbv:33.50 q-Rceq:1.32 tex:464 mv:2361 misc:807 icu:0.00 pcu:635.50 scu:660.50 tlayer:4 pbqpoffset:5.02 pbfactor:1.79 avgQpOffsetCutree:0.00;
in:120 out:121 type:B q:32.20 q-aq:30.62 q-noVbv:32.20 q-Rceq:1.32 tex:1413 mv:3551 misc:1076 icu:7.00 pcu:690.50 scu:598.50 tlayer:3 pbqpoffset:3.80 pbfactor:1.55 avgQpOffsetCutree:-1.99;
in:119 out:122 type:b q:34.57 q-aq:35.00 q-noVbv:34.57 q-Rceq:1.32 tex:63 mv:1684 misc:637 icu:4.00 pcu:476.50 scu:815.50 tlayer:4 pbqpoffset:6.14 pbfactor:2.03 avgQpOffsetCutree:0.00;
in:121 out:123 type:b q:35.18 q-aq:35.00 q-noVbv:35.18 q-Rceq:1.32 tex:16 mv:1281 misc:607 icu:0.00 pcu:396.00 scu:900.00 tlayer:4 pbqpoffset:6.80 pbfactor:2.19 avgQpOffsetCutree:0.00;
in:126 out:124 type:B q:31.23 q-aq:27.61 q-noVbv:31.23 q-Rceq:1.32 tex:9671 mv:4485 misc:2372 icu:2.75 pcu:1064.25 scu:229.00 tlayer:2 pbqpoffset:2.96 pbfactor:1.41 avgQpOffsetCutree:-3.07;
in:124 out:125 type:B q:32.11 q-aq:30.22 q-noVbv:32.11 q-Rceq:1.32 tex:446 mv:2457 misc:1001 icu:0.00 pcu:770.00 scu:526.00 tlayer:3 pbqpoffset:3.80 pbfactor:1.55 avgQpOffsetCutree:-1.75;
in:123 out:126 type:b q:35.13 q-aq:35.00 q-noVbv:35.13 q-Rceq:1.32 tex:11 mv:867 misc:498 icu:0.00 pcu:312.00 scu:984.00 tlayer:4 pbqpoffset:6.80 pbfactor:2.19 avgQpOffsetCutree:0.00;
in:125 out:127 type:b q:35.09 q-aq:35.00 q-noVbv:35.09 q-Rceq:1.32 tex:11 mv:1029 misc:480 icu:0.00 pcu:329.00 scu:967.00 tlayer:4 pbqpoffset:6.80 pbfactor:2.19 avgQpOffsetCutree:0.00;
in:128 out:128 type:B q:31.53 q-aq:29.87 q-noVbv:31.53 q-Rceq:1.32 tex:10076 mv:3915 misc:1817 icu:10.75 pcu:642.25 scu:643.00 tlayer:3 pbqpoffset:3.31 pbfactor:1.47 avgQpOffsetCutree:-1.66;
in:127 out:129 type:b q:35.04 q-aq:35.00 q-noVbv:35.04 q-Rceq:1.32 tex:215 mv:997 misc:764 icu:0.00 pcu:366.00 scu:930.00 tlayer:4 pbqpoffset:6.80 pbfactor:2.19 avgQpOffsetCutree:0.00;
in:129 out:130 type:b q:34.96 q-aq:35.00 q-noVbv:34.96 q-Rceq:1.32 tex:6 mv:877 misc:517 icu:0.00 pcu:233.25 scu:1062.75 tlayer:4 pbqpoffset:6.76 pbfactor:2.18 avgQpOffsetCutree:0.00;
in:146 out:131 type:k q:28.70 q-aq:21.22 q-noVbv:28.70 q-Rceq:1.32 tex:374497 mv:31718 misc:3265 icu:424.00 pcu:868.00 scu:4.00 tlayer:0 pbqpoffset:0.44 pbfactor:1.05 avgQpOffsetCutree:-8.02;
in:138 out:132 type:B q:30.41 q-aq:24.43 q-noVbv:30.41 q-Rceq:1.32 tex:161590 mv:20064 misc:3626 icu:107.25 pcu:1098.00 scu:90.75 tlayer:1 pbqpoffset:1.97 pbfactor:1.26 avgQpOffsetCutree:-5.28;
in:134 out:133 type:B q:31.32 q-aq:26.53 q-noVbv:31.32 q-Rceq:1.32 tex:36729 mv:13096 misc:3511 icu:20.25 pcu:865.00 scu:410.75 tlayer:2 pbqpoffset:3.01 pbfactor:1.42 avgQpOffsetCutree:-3.91;
in:132 out:134 type:B q:32.08 q-aq:31.15 q-noVbv:32.08 q-Rceq:1.32 tex:3155 mv:4360 misc:1301 icu:0.00 pcu:767.00 scu:529.00 tlayer:3 pbqpoffset:3.84 pbfactor:1.56 avgQpOffsetCutree:-1.32;
in:131 out:135 type:b q:35.05 q-aq:35.00 q-noVbv:35.05 q-Rceq:1.32 tex:5 mv:1322 misc:649 icu:0.00 pcu:378.50 scu:917.50 tlayer:4 pbqpoffset:6.84 pbfactor:2.20 avgQpOffsetCutree:0.00;
in:133 out:136 type:b q:35.11 q-aq:35.00 q-noVbv:35.11 q-Rceq:1.32 tex:17 mv:1339 misc:620 icu:0.00 pcu:395.00 scu:901.00 tlayer:4 pbqpoffset:6.84 pbfactor:2.20 avgQpOffsetCutree:0.00;
in:136 out:137 type:B q:31.93 q-aq:30.54 q-noVbv:31.93 q-Rceq:1.32 tex:2926 mv:4114 misc:1440 icu:12.75 pcu:829.50 scu:453.75 tlayer:3 pbqpoffset:3.56 pbfactor:1.51 avgQpOffsetCutree:-1.49;
in:135 out:138 type:b q:35.18 q-aq:35.00 q-noVbv:35.18 q-Rceq:1.32 tex:5 mv:1076 misc:631 icu:0.00 pcu:326.75 scu:969.25 tlayer:4 pbqpoffset:6.84 pbfactor:2.20 avgQpOffsetCutree:0.00;
in:137 out:139 type:b q:34.00 q-aq:34.00 q-noVbv:34.00 q-Rceq:1.32 tex:39 mv:1916 misc:773 icu:0.00 pcu:564.25 scu:731.75 tlayer:4 pbqpoffset:5.59 pbfactor:1.91 avgQpOffsetCutree:0.00;
in:142 out:140 type:B q:31.71 q-aq:28.07 q-noVbv:31.71 q-Rceq:1.32 tex:14999 mv:5907 misc:2822 icu:30.50 pcu:940.50 scu:325.00 tlayer:2 pbqpoffset:3.14 pbfactor:1.44 avgQpOffsetCutree:-2.97;
in:140 out:141 type:B q:32.34 q-aq:30.47 q-noVbv:32.34 q-Rceq:1.32 tex:264 mv:2981 misc:1003 icu:0.00 pcu:651.75 scu:644.25 tlayer:3 pbqpoffset:3.84 pbfactor:1.56 avgQpOffsetCutree:-1.69;
in:139 out:142 type:b q:35.31 q-aq:35.00 q-noVbv:35.31 q-Rceq:1.32 tex:6 mv:1079 misc:547 icu:0.00 pcu:338.00 scu:958.00 tlayer:4 pbqpoffset:6.84 pbfactor:2.20 avgQpOffsetCutree:0.00;
in:141 out:143 type:b q:35.37 q-aq:35.00 q-noVbv:35.37 q-Rceq:1.32 tex:5 mv:1241 misc:634 icu:0.00 pcu:488.00 scu:808.00 tlayer:4 pbqpoffset:6.84 pbfactor:2.20 avgQpOffsetCutree:0.00;
in:144 out:144 type:B q:30.98 q-aq:30.13 q-noVbv:30.98 q-Rceq:1.32 tex:12439 mv:4607 misc:2250 icu:31.75 pcu:633.75 scu:630.50 tlayer:3 pbqpoffset:2.34 pbfactor:1.31 avgQpOffsetCutree:-1.12;
in:143 out:145 type:b q:33.46 q-aq:33.00 q-noVbv:33.46 q-Rceq:1.32 tex:91 mv:1461 misc:952 icu:0.00 pcu:453.25 scu:842.75 tlayer:4 pbqpoffset:4.85 pbfactor:1.75 avgQpOffsetCutree:0.00;
in:145 out:146 type:b q:35.50 q-aq:36.00 q-noVbv:35.50 q-Rceq:1.32 tex:10 mv:1125 misc:553 icu:0.00 pcu:445.00 scu:851.00 tlayer:4 pbqpoffset:6.84 pbfactor:2.20 avgQpOffsetCutree:0.00;
in:162 out:147 type:k q:28.71 q-aq:21.83 q-noVbv:28.71 q-Rceq:1.32 tex:351625 mv:38524 misc:3179 icu:514.75 pcu:776.25 scu:5.00 tlayer:0 pbqpoffset:0.75 pbfactor:1.09 avgQpOffsetCutree:-7.47;
in:154 out:148 type:B q:30.67 q-aq:23.79 q-noVbv:30.67 q-Rceq:1.32 tex:128964 mv:19898 misc:4218 icu:112.25 pcu:1049.50 scu:134.25 tlayer:1 pbqpoffset:1.97 pbfactor:1.25 avgQpOffsetCutree:-5.76;
in:150 out:149 type:B q:31.93 q-aq:27.52 q-noVbv:31.93 q-Rceq:1.32 tex:8218 mv:8501 misc:2665 icu:3.75 pcu:964.75 scu:327.50 tlayer:2 pbqpoffset:3.22 pbfactor:1.45 avgQpOffsetCutree:-3.58;
in:148 out:150 type:B q:32.47 q-aq:30.69 q-noVbv:32.47 q-Rceq:1.32 tex:5172 mv:4315 misc:1321 icu:5.00 pcu:878.00 scu:413.00 tlayer:3 pbqpoffset:3.77 pbfactor:1.55 avgQpOffsetCutree:-1.73;
in:147 out:151 type:b q:34.20 q-aq:34.00 q-noVbv:34.20 q-Rceq:1.32 tex:44 mv:2229 misc:727 icu:0.00 pcu:644.00 scu:652.00 tlayer:4 pbqpoffset:5.49 pbfactor:1.89 avgQpOffsetCutree:0.00;
in:149 out:152 type:b q:34.70 q-aq:35.00 q-noVbv:34.70 q-Rceq:1.32 tex:10 mv:1730 misc:644 icu:0.00 pcu:462.50 scu:833.50 tlayer:4 pbqpoffset:6.00 pbfactor:2.00 avgQpOffsetCutree:0.00;
in:152 out:153 type:B q:32.53 q-aq:30.30 q-noVbv:32.53 q-Rceq:1.32 tex:260 mv:3176 misc:900 icu:0.00 pcu:792.75 scu:503.25 tlayer:3 pbqpoffset:3.83 pbfactor:1.56 avgQpOffsetCutree:-1.77;
in:151 out:154 type:b q:35.41 q-aq:35.00 q-noVbv:35.41 q-Rceq:1.32 tex:55 mv:1463 misc:562 icu:0.00 pcu:505.00 scu:791.00 tlayer:4 pbqpoffset:6.71 pbfactor:2.17 avgQpOffsetCutree:0.00;
in:153 out:155 type:b q:35.53 q-aq:36.00 q-noVbv:35.53 q-Rceq:1.32 tex:60 mv:1192 misc:500 icu:0.00 pcu:530.00 scu:766.00 tlayer:4 pbqpoffset:6.83 pbfactor:2.20 avgQpOffsetCutree:0.00;
in:158 out:156 type:B q:31.41 q-aq:27.68 q-noVbv:31.41 q-Rceq:1.32 tex:10104 mv:5697 misc:2895 icu:4.00 pcu:743.00 scu:549.00 tlayer:2 pbqpoffset:2.71 pbfactor:1.37 avgQpOffsetCutree:-3.09;
in:156 out:157 type:B q:32.54 q-aq:31.08 q-noVbv:32.54 q-Rceq:1.32 tex:104 mv:2768 misc:968 icu:0.00 pcu:696.00 scu:600.00 tlayer:3 pbqpoffset:3.83 pbfactor:1.56 avgQpOffsetCutree:-2.10;
in:155 out:158 type:b q:35.53 q-aq:36.00 q-noVbv:35.53 q-Rceq:1.32 tex:12 mv:1269 misc:519 icu:0.00 pcu:645.00 scu:651.00 tlayer:4 pbqpoffset:6.83 pbfactor:2.20 avgQpOffsetCutree:0.00;
in:157 out:159 type:b q:35.54 q-aq:36.00 q-noVbv:35.54 q-Rceq:1.32 tex:7 mv:914 misc:495 icu:0.00 pcu:431.00 scu:865.00 tlayer:4 pbqpoffset:6.83 pbfactor:2.20 avgQpOffsetCutree:0.00;
in:160 out:160 type:B q:30.72 q-aq:29.98 q-noVbv:30.72 q-Rceq:1.32 tex:25761 mv:7893 misc:3042 icu:51.75 pcu:657.25 scu:587.00 tlayer:3 pbqpoffset:2.01 pbfactor:1.26 avgQpOffsetCutree:-1.12;
in:159 out:161 type:b q:34.79 q-aq:35.00 q-noVbv:34.79 q-Rceq:1.32 tex:328 mv:1635 misc:909 icu:0.25 pcu:533.75 scu:762.00 tlayer:4 pbqpoffset:6.08 pbfactor:2.02 avgQpOffsetCutree:0.00;
in:161 out:162 type:b q:33.68 q-aq:34.00 q-noVbv:33.68 q-Rceq:1.32 tex:98 mv:1761 misc:821 icu:0.25 pcu:510.50 scu:785.25 tlayer:4 pbqpoffset:4.97 pbfactor:1.78 avgQpOffsetCutree:0.00;
in:178 out:163 type:k q:29.39 q-aq:22.44 q-noVbv:29.39 q-Rceq:1.32 tex:338583 mv:39073 misc:2920 icu:529.75 pcu:761.50 scu:4.75 tlayer:0 pbqpoffset:0.83 pbfactor:1.10 avgQpOffsetCutree:-7.67;
in:170 out:164 type:B q:31.08 q-aq:24.75 q-noVbv:31.08 q-Rceq:1.32 tex:141332 mv:20664 misc:3660 icu:137.25 pcu:1103.25 scu:55.50 tlayer:1 pbqpoffset:2.03 pbfactor:1.26 avgQpOffsetCutree:-5.63;
in:166 out:165 type:B q:32.21 q-aq:28.29 q-noVbv:32.21 q-Rceq:1.32 tex:23028 mv:10611 misc:3225 icu:49.25 pcu:859.75 scu:387.00 tlayer:2 pbqpoffset:3.33 pbfactor:1.47 avgQpOffsetCutree:-3.31;
in:164 out:166 type:B q:32.67 q-aq:31.39 q-noVbv:32.67 q-Rceq:1.32 tex:5591 mv:5072 misc:1713 icu:10.75 pcu:800.50 scu:484.75 tlayer:3 pbqpoffset:3.88 pbfactor:1.56 avgQpOffsetCutree:-1.66;
in:163 out:167 type:b q:34.49 q-aq:34.09 q-noVbv:34.49 q-Rceq:1.32 tex:126 mv:2345 misc:833 icu:2.00 pcu:587.25 scu:706.75 tlayer:4 pbqpoffset:5.73 pbfactor:1.94 avgQpOffsetCutree:0.00;
in:165 out:168 type:b q:34.38 q-aq:34.00 q-noVbv:34.38 q-Rceq:1.32 tex:82 mv:1927 misc:767 icu:0.00 pcu:587.75 scu:708.25 tlayer:4 pbqpoffset:5.54 pbfactor:1.90 avgQpOffsetCutree:0.00;
in:168 out:169 type:B q:32.84 q-aq:31.29 q-noVbv:32.84 q-Rceq:1.32 tex:3520 mv:4077 misc:1355 icu:8.25 pcu:755.00 scu:532.75 tlayer:3 pbqpoffset:3.88 pbfactor:1.56 avgQpOffsetCutree:-1.62;
in:167 out:170 type:b q:34.81 q-aq:35.00 q-noVbv:34.81 q-Rceq:1.32 tex:78 mv:1578 misc:672 icu:6.00 pcu:444.00 scu:846.00 tlayer:4 pbqpoffset:5.88 pbfactor:1.97 avgQpOffsetCutree:0.00;
in:169 out:171 type:b q:35.21 q-aq:35.00 q-noVbv:35.21 q-Rceq:1.32 tex:90 mv:1515 misc:675 icu:0.00 pcu:533.25 scu:762.75 tlayer:4 pbqpoffset:6.21 pbfactor:2.05 avgQpOffsetCutree:0.00;
in:174 out:172 type:B q:32.26 q-aq:28.23 q-noVbv:32.26 q-Rceq:1.32 tex:15423 mv:6907 misc:3166 icu:58.25 pcu:892.00 scu:345.75 tlayer:2 pbqpoffset:3.05 pbfactor:1.42 avgQpOffsetCutree:-3.28;
in:172 out:173 type:B q:33.01 q-aq:32.47 q-noVbv:33.01 q-Rceq:1.32 tex:458 mv:3351 misc:951 icu:19.00 pcu:849.00 scu:428.00 tlayer:3 pbqpoffset:3.88 pbfactor:1.56 avgQpOffsetCutree:-1.61;
in:171 out:174 type:b q:35.26 q-aq:35.00 q-noVbv:35.26 q-Rceq:1.32 tex:26 mv:1870 misc:720 icu:2.00 pcu:636.25 scu:657.75 tlayer:4 pbqpoffset:6.17 pbfactor:2.04 avgQpOffsetCutree:0.00;
in:173 out:175 type:b q:36.05 q-aq:36.00 q-noVbv:36.05 q-Rceq:1.32 tex:3 mv:1097 misc:532 icu:0.00 pcu:561.00 scu:735.00 tlayer:4 pbqpoffset:6.88 pbfactor:2.21 avgQpOffsetCutree:0.00;
in:176 out:176 type:B q:31.65 q-aq:30.88 q-noVbv:31.65 q-Rceq:1.32 tex:23738 mv:7673 misc:2941 icu:55.25 pcu:708.00 scu:532.75 tlayer:3 pbqpoffset:2.35 pbfactor:1.31 avgQpOffsetCutree:-1.18;
in:175 out:177 type:b q:36.13 q-aq:36.00 q-noVbv:36.13 q-Rceq:1.32 tex:6 mv:764 misc:574 icu:0.00 pcu:432.25 scu:863.75 tlayer:4 pbqpoffset:6.88 pbfactor:2.21 avgQpOffsetCutree:0.00;
in:177 out:178 type:b q:35.80 q-aq:36.00 q-noVbv:35.80 q-Rceq:1.32 tex:9 mv:1291 misc:692 icu:4.00 pcu:434.75 scu:857.25 tlayer:4 pbqpoffset:6.46 pbfactor:2.11 avgQpOffsetCutree:0.00;
in:194 out:179 type:k q:29.13 q-aq:21.84 q-noVbv:29.13 q-Rceq:1.32 tex:332779 mv:35922 misc:3179 icu:491.00 pcu:799.25 scu:5.75 tlayer:0 pbqpoffset:0.90 pbfactor:1.11 avgQpOffsetCutree:-7.54;
in:186 out:180 type:B q:31.47 q-aq:24.77 q-noVbv:31.47 q-Rceq:1.32 tex:126506 mv:19784 misc:4214 icu:124.50 pcu:1017.75 scu:153.75 tlayer:1 pbqpoffset:2.22 pbfactor:1.29 avgQpOffsetCutree:-5.54;
in:182 out:181 type:B q:32.90 q-aq:29.10 q-noVbv:32.90 q-Rceq:1.32 tex:12599 mv:7612 misc:2589 icu:29.50 pcu:800.75 scu:465.75 tlayer:2 pbqpoffset:3.57 pbfactor:1.51 avgQpOffsetCutree:-3.28;
in:180 out:182 type:B q:33.21 q-aq:31.29 q-noVbv:33.21 q-Rceq:1.32 tex:1563 mv:3749 misc:1376 icu:5.00 pcu:809.75 scu:481.25 tlayer:3 pbqpoffset:3.85 pbfactor:1.56 avgQpOffsetCutree:-1.89;
in:179 out:183 type:b q:36.22 q-aq:36.00 q-noVbv:36.22 q-Rceq:1.32 tex:10 mv:1510 misc:624 icu:4.00 pcu:437.75 scu:854.25 tlayer:4 pbqpoffset:6.85 pbfactor:2.21 avgQpOffsetCutree:0.00;
in:181 out:184 type:b q:36.19 q-aq:36.00 q-noVbv:36.19 q-Rceq:1.32 tex:8 mv:1843 misc:709 icu:4.00 pcu:574.00 scu:718.00 tlayer:4 pbqpoffset:6.85 pbfactor:2.21 avgQpOffsetCutree:0.00;
in:184 out:185 type:B q:33.14 q-aq:31.83 q-noVbv:33.14 q-Rceq:1.32 tex:1842 mv:4177 misc:1309 icu:7.50 pcu:872.25 scu:416.25 tlayer:3 pbqpoffset:3.85 pbfactor:1.56 avgQpOffsetCutree:-1.64;
in:183 out:186 type:b q:36.16 q-aq:36.00 q-noVbv:36.16 q-Rceq:1.32 tex:116 mv:1671 misc:581 icu:4.00 pcu:489.50 scu:802.50 tlayer:4 pbqpoffset:6.85 pbfactor:2.21 avgQpOffsetCutree:0.00;
in:185 out:187 type:b q:36.13 q-aq:36.00 q-noVbv:36.13 q-Rceq:1.32 tex:11 mv:1449 misc:636 icu:0.00 pcu:448.00 scu:848.00 tlayer:4 pbqpoffset:6.85 pbfactor:2.21 avgQpOffsetCutree:0.00;
in:190 out:188 type:B q:32.40 q-aq:28.60 q-noVbv:32.40 q-Rceq:1.32 tex:17341 mv:7372 misc:3479 icu:56.00 pcu:757.00 scu:483.00 tlayer:2 pbqpoffset:3.20 pbfactor:1.45 avgQpOffsetCutree:-3.21;
in:188 out:189 type:B q:33.08 q-aq:30.98 q-noVbv:33.08 q-Rceq:1.32 tex:2747 mv:3173 misc:1264 icu:11.00 pcu:662.00 scu:623.00 tlayer:3 pbqpoffset:3.85 pbfactor:1.56 avgQpOffsetCutree:-1.82;
in:187 out:190 type:b q:36.09 q-aq:36.00 q-noVbv:36.09 q-Rceq:1.32 tex:86 mv:1085 misc:549 icu:0.00 pcu:318.00 scu:978.00 tlayer:4 pbqpoffset:6.85 pbfactor:2.21 avgQpOffsetCutree:0.00;
in:189 out:191 type:b q:36.06 q-aq:36.00 q-noVbv:36.06 q-Rceq:1.32 tex:26 mv:1215 misc:567 icu:0.00 pcu:413.25 scu:882.75 tlayer:4 pbqpoffset:6.85 pbfactor:2.21 avgQpOffsetCutree:0.00;
in:192 out:192 type:B q:31.49 q-aq:30.81 q-noVbv:31.49 q-Rceq:1.32 tex:17065 mv:6025 misc:2734 icu:46.00 pcu:630.25 scu:619.75 tlayer:3 pbqpoffset:2.33 pbfactor:1.31 avgQpOffsetCutree:-1.19;
in:191 out:193 type:b q:34.81 q-aq:35.00 q-noVbv:34.81 q-Rceq:1.32 tex:13 mv:1155 misc:784 icu:5.00 pcu:328.50 scu:962.50 tlayer:4 pbqpoffset:5.63 pbfactor:1.92 avgQpOffsetCutree:0.00;
in:193 out:194 type:b q:34.84 q-aq:35.00 q-noVbv:34.84 q-Rceq:1.32 tex:75 mv:1608 misc:709 icu:0.00 pcu:491.00 scu:805.00 tlayer:4 pbqpoffset:5.69 pbfactor:1.93 avgQpOffsetCutree:0.00;
in:208 out:195 type:k q:29.65 q-aq:22.48 q-noVbv:29.65 q-Rceq:1.32 tex:305980 mv:41979 misc:2553 icu:1028.75 pcu:264.50 scu:2.75 tlayer:0 pbqpoffset:0.84 pbfactor:1.10 avgQpOffsetCutree:-7.42;
in:201 out:196 type:B q:31.26 q-aq:24.70 q-noVbv:31.26 q-Rceq:1.32 tex:119242 mv:20318 misc:3944 icu:167.75 pcu:1026.75 scu:101.50 tlayer:1 pbqpoffset:1.87 pbfactor:1.24 avgQpOffsetCutree:-5.46;
in:198 out:197 type:B q:32.04 q-aq:28.28 q-noVbv:32.04 q-Rceq:1.32 tex:17794 mv:9238 misc:3024 icu:53.25 pcu:868.50 scu:374.25 tlayer:2 pbqpoffset:2.76 pbfactor:1.38 avgQpOffsetCutree:-3.21;
in:196 out:198 type:B q:32.76 q-aq:31.60 q-noVbv:32.76 q-Rceq:1.32 tex:3907 mv:4611 misc:1378 icu:2.00 pcu:849.00 scu:445.00 tlayer:3 pbqpoffset:3.56 pbfactor:1.51 avgQpOffsetCutree:-1.64;
in:195 out:199 type:b q:34.07 q-aq:34.00 q-noVbv:34.07 q-Rceq:1.32 tex:111 mv:2336 misc:809 icu:0.00 pcu:593.00 scu:703.00 tlayer:4 pbqpoffset:4.90 pbfactor:1.76 avgQpOffsetCutree:0.00;
in:197 out:200 type:b q:34.76 q-aq:35.00 q-noVbv:34.76 q-Rceq:1.32 tex:121 mv:1939 misc:628 icu:0.00 pcu:667.00 scu:629.00 tlayer:4 pbqpoffset:5.52 pbfactor:1.89 avgQpOffsetCutree:0.00;
in:200 out:201 type:B q:33.09 q-aq:33.01 q-noVbv:33.09 q-Rceq:1.32 tex:973 mv:2813 misc:910 icu:4.50 pcu:729.50 scu:562.00 tlayer:3 pbqpoffset:3.74 pbfactor:1.54 avgQpOffsetCutree:-0.83;
in:199 out:202 type:b q:34.65 q-aq:35.00 q-noVbv:34.65 q-Rceq:1.32 tex:344 mv:1817 misc:631 icu:0.00 pcu:579.25 scu:716.75 tlayer:4 pbqpoffset:5.34 pbfactor:1.85 avgQpOffsetCutree:0.00;
in:205 out:203 type:B q:31.82 q-aq:27.06 q-noVbv:31.82 q-Rceq:1.32 tex:33110 mv:10344 misc:4074 icu:60.50 pcu:876.00 scu:359.50 tlayer:2 pbqpoffset:2.29 pbfactor:1.30 avgQpOffsetCutree:-3.87;
in:203 out:204 type:B q:33.20 q-aq:31.68 q-noVbv:33.20 q-Rceq:1.32 tex:1148 mv:3217 misc:1035 icu:3.00 pcu:789.50 scu:503.50 tlayer:3 pbqpoffset:3.74 pbfactor:1.54 avgQpOffsetCutree:-1.72;
in:202 out:205 type:b q:34.57 q-aq:35.00 q-noVbv:34.57 q-Rceq:1.32 tex:11 mv:1745 misc:612 icu:4.00 pcu:596.00 scu:696.00 tlayer:4 pbqpoffset:5.15 pbfactor:1.81 avgQpOffsetCutree:0.00;
in:204 out:206 type:b q:36.23 q-aq:36.00 q-noVbv:36.23 q-Rceq:1.32 tex:4 mv:1134 misc:518 icu:0.00 pcu:351.00 scu:945.00 tlayer:4 pbqpoffset:6.74 pbfactor:2.18 avgQpOffsetCutree:0.00;
in:207 out:207 type:B q:32.87 q-aq:32.63 q-noVbv:32.87 q-Rceq:1.32 tex:489 mv:1722 misc:1189 icu:4.00 pcu:581.75 scu:710.25 tlayer:3 pbqpoffset:3.26 pbfactor:1.46 avgQpOffsetCutree:-0.96;
in:206 out:208 type:b q:36.31 q-aq:36.00 q-noVbv:36.31 q-Rceq:1.32 tex:5 mv:904 misc:427 icu:0.00 pcu:384.00 scu:912.00 tlayer:4 pbqpoffset:6.74 pbfactor:2.18 avgQpOffsetCutree:0.00;
in:216 out:209 type:k q:31.28 q-aq:22.67 q-noVbv:31.28 q-Rceq:1.32 tex:168582 mv:24103 misc:3859 icu:203.00 pcu:1018.50 scu:74.50 tlayer:0 pbqpoffset:0.83 pbfactor:1.10 avgQpOffsetCutree:-7.51;
in:212 out:210 type:B q:32.07 q-aq:27.65 q-noVbv:32.07 q-Rceq:1.32 tex:21640 mv:10639 misc:3353 icu:55.50 pcu:908.50 scu:332.00 tlayer:1 pbqpoffset:1.60 pbfactor:1.20 avgQpOffsetCutree:-3.62;
in:210 out:211 type:B q:31.66 q-aq:30.15 q-noVbv:31.66 q-Rceq:1.32 tex:5885 mv:5220 misc:1719 icu:11.25 pcu:879.50 scu:405.25 tlayer:2 pbqpoffset:1.60 pbfactor:1.20 avgQpOffsetCutree:-1.70;
in:209 out:212 type:b q:32.59 q-aq:33.00 q-noVbv:32.59 q-Rceq:1.32 tex:491 mv:1811 misc:786 icu:0.00 pcu:565.75 scu:730.25 tlayer:3 pbqpoffset:2.74 pbfactor:1.37 avgQpOffsetCutree:0.00;
in:211 out:213 type:b q:33.00 q-aq:33.00 q-noVbv:33.00 q-Rceq:1.32 tex:778 mv:2236 misc:746 icu:0.00 pcu:750.75 scu:545.25 tlayer:3 pbqpoffset:2.74 pbfactor:1.37 avgQpOffsetCutree:0.00;
in:214 out:214 type:B q:32.48 q-aq:31.08 q-noVbv:32.48 q-Rceq:1.32 tex:4902 mv:4485 misc:1549 icu:1.25 pcu:781.25 scu:513.50 tlayer:2 pbqpoffset:1.60 pbfactor:1.20 avgQpOffsetCutree:-1.61;
in:213 out:215 type:b q:33.41 q-aq:33.02 q-noVbv:33.41 q-Rceq:1.32 tex:979 mv:2232 misc:837 icu:0.00 pcu:613.50 scu:682.50 tlayer:3 pbqpoffset:2.74 pbfactor:1.37 avgQpOffsetCutree:0.00;
in:215 out:216 type:b q:33.82 q-aq:34.00 q-noVbv:33.82 q-Rceq:1.32 tex:248 mv:2075 misc:621 icu:1.00 pcu:616.50 scu:678.50 tlayer:3 pbqpoffset:2.74 pbfactor:1.37 avgQpOffsetCutree:0.00;
in:232 out:217 type:k q:29.48 q-aq:21.09 q-noVbv:29.48 q-Rceq:1.32 tex:294410 mv:31404 misc:3010 icu:562.50 pcu:728.50 scu:5.00 tlayer:0 pbqpoffset:0.88 pbfactor:1.11 avgQpOffsetCutree:-7.98;
in:224 out:218 type:B q:31.89 q-aq:26.46 q-noVbv:31.89 q-Rceq:1.32 tex:119973 mv:22025 misc:3986 icu:253.00 pcu:877.50 scu:165.50 tlayer:1 pbqpoffset:1.51 pbfactor:1.19 avgQpOffsetCutree:-4.43;
in:220 out:219 type:B q:32.42 q-aq:27.39 q-noVbv:32.42 q-Rceq:1.32 tex:40305 mv:11803 misc:3756 icu:67.50 pcu:833.50 scu:395.00 tlayer:2 pbqpoffset:1.59 pbfactor:1.20 avgQpOffsetCutree:-4.05;
in:218 out:220 type:B q:33.77 q-aq:32.34 q-noVbv:33.77 q-Rceq:1.32 tex:2409 mv:3611 misc:1420 icu:1.00 pcu:670.75 scu:624.25 tlayer:3 pbqpoffset:2.71 pbfactor:1.37 avgQpOffsetCutree:-1.71;
in:217 out:221 type:b q:37.54 q-aq:38.00 q-noVbv:37.54 q-Rceq:1.32 tex:4 mv:770 misc:418 icu:0.00 pcu:264.25 scu:1031.75 tlayer:4 pbqpoffset:6.38 pbfactor:2.09 avgQpOffsetCutree:0.00;
in:219 out:222 type:b q:34.87 q-aq:35.00 q-noVbv:34.87 q-Rceq:1.32 tex:147 mv:1620 misc:617 icu:0.00 pcu:432.00 scu:864.00 tlayer:4 pbqpoffset:3.92 pbfactor:1.57 avgQpOffsetCutree:0.00;
in:222 out:223 type:B q:32.81 q-aq:30.61 q-noVbv:32.81 q-Rceq:1.32 tex:4763 mv:3657 misc:1948 icu:3.00 pcu:732.25 scu:560.75 tlayer:3 pbqpoffset:2.21 pbfactor:1.29 avgQpOffsetCutree:-2.10;
in:221 out:224 type:b q:34.71 q-aq:35.00 q-noVbv:34.71 q-Rceq:1.32 tex:105 mv:1322 misc:557 icu:4.00 pcu:471.00 scu:821.00 tlayer:4 pbqpoffset:3.99 pbfactor:1.59 avgQpOffsetCutree:0.00;
in:223 out:225 type:b q:33.14 q-aq:33.00 q-noVbv:33.14 q-Rceq:1.32 tex:361 mv:1486 misc:961 icu:4.00 pcu:490.00 scu:802.00 tlayer:4 pbqpoffset:2.65 pbfactor:1.36 avgQpOffsetCutree:0.00;
in:228 out:226 type:B q:32.05 q-aq:27.64 q-noVbv:32.05 q-Rceq:1.32 tex:17780 mv:9616 misc:3148 icu:23.00 pcu:834.50 scu:438.50 tlayer:2 pbqpoffset:2.12 pbfactor:1.28 avgQpOffsetCutree:-3.59;
in:226 out:227 type:B q:33.23 q-aq:31.13 q-noVbv:33.23 q-Rceq:1.32 tex:1848 mv:3715 misc:1141 icu:6.25 pcu:893.50 scu:396.25 tlayer:3 pbqpoffset:3.07 pbfactor:1.43 avgQpOffsetCutree:-1.83;
in:225 out:228 type:b q:34.38 q-aq:34.00 q-noVbv:34.38 q-Rceq:1.32 tex:59 mv:1643 misc:610 icu:0.00 pcu:518.25 scu:777.75 tlayer:4 pbqpoffset:4.11 pbfactor:1.61 avgQpOffsetCutree:0.00;
in:227 out:229 type:b q:34.39 q-aq:34.00 q-noVbv:34.39 q-Rceq:1.32 tex:133 mv:2039 misc:684 icu:0.00 pcu:650.00 scu:646.00 tlayer:4 pbqpoffset:4.34 pbfactor:1.65 avgQpOffsetCutree:0.00;
in:230 out:230 type:B q:32.82 q-aq:30.80 q-noVbv:32.82 q-Rceq:1.32 tex:2712 mv:3332 misc:1156 icu:6.25 pcu:706.00 scu:583.75 tlayer:3 pbqpoffset:3.11 pbfactor:1.43 avgQpOffsetCutree:-1.76;
in:229 out:231 type:b q:34.55 q-aq:35.00 q-noVbv:34.55 q-Rceq:1.32 tex:191 mv:1548 misc:605 icu:0.00 pcu:520.75 scu:775.25 tlayer:4 pbqpoffset:4.73 pbfactor:1.73 avgQpOffsetCutree:0.00;
in:231 out:232 type:b q:33.46 q-aq:33.15 q-noVbv:33.46 q-Rceq:1.32 tex:509 mv:1991 misc:668 icu:0.00 pcu:691.25 scu:604.75 tlayer:4 pbqpoffset:3.86 pbfactor:1.56 avgQpOffsetCutree:0.00;
in:248 out:233 type:k q:29.30 q-aq:21.49 q-noVbv:29.30 q-Rceq:1.32 tex:258326 mv:30821 misc:3197 icu:491.50 pcu:793.25 scu:11.25 tlayer:0 pbqpoffset:0.85 pbfactor:1.10 avgQpOffsetCutree:-7.63;
in:240 out:234 type:B q:31.08 q-aq:25.78 q-noVbv:31.08 q-Rceq:1.32 tex:136316 mv:25111 misc:3701 icu:279.25 pcu:883.50 scu:133.25 tlayer:1 pbqpoffset:1.69 pbfactor:1.21 avgQpOffsetCutree:-4.43;
in:236 out:235 type:B q:31.28 q-aq:26.06 q-noVbv:31.28 q-Rceq:1.32 tex:40456 mv:12804 misc:4260 icu:57.00 pcu:819.25 scu:419.75 tlayer:2 pbqpoffset:1.84 pbfactor:1.24 avgQpOffsetCutree:-4.13;
in:234 out:236 type:B q:32.89 q-aq:30.78 q-noVbv:32.89 q-Rceq:1.32 tex:3571 mv:3649 misc:1252 icu:8.25 pcu:782.50 scu:505.25 tlayer:3 pbqpoffset:3.43 pbfactor:1.49 avgQpOffsetCutree:-1.76;
in:233 out:237 type:b q:34.40 q-aq:34.00 q-noVbv:34.40 q-Rceq:1.32 tex:454 mv:1907 misc:623 icu:0.00 pcu:642.75 scu:653.25 tlayer:4 pbqpoffset:4.93 pbfactor:1.77 avgQpOffsetCutree:0.00;
in:235 out:238 type:b q:34.08 q-aq:34.00 q-noVbv:34.08 q-Rceq:1.32 tex:456 mv:2059 misc:653 icu:4.00 pcu:663.75 scu:628.25 tlayer:4 pbqpoffset:4.63 pbfactor:1.71 avgQpOffsetCutree:0.00;
in:238 out:239 type:B q:32.34 q-aq:29.70 q-noVbv:32.34 q-Rceq:1.32 tex:5423 mv:3770 misc:2079 icu:17.00 pcu:723.50 scu:555.50 tlayer:3 pbqpoffset:2.92 pbfactor:1.40 avgQpOffsetCutree:-2.29;
in:237 out:240 type:b q:35.09 q-aq:35.00 q-noVbv:35.09 q-Rceq:1.32 tex:15 mv:1545 misc:616 icu:4.00 pcu:544.00 scu:748.00 tlayer:4 pbqpoffset:5.67 pbfactor:1.92 avgQpOffsetCutree:0.00;
in:239 out:241 type:b q:32.68 q-aq:33.00 q-noVbv:32.68 q-Rceq:1.32 tex:420 mv:1865 misc:979 icu:5.00 pcu:538.00 scu:753.00 tlayer:4 pbqpoffset:3.28 pbfactor:1.46 avgQpOffsetCutree:0.00;
in:244 out:242 type:B q:31.55 q-aq:27.43 q-noVbv:31.55 q-Rceq:1.32 tex:27098 mv:11066 misc:3380 icu:36.50 pcu:885.25 scu:374.25 tlayer:2 pbqpoffset:2.20 pbfactor:1.29 avgQpOffsetCutree:-3.34;
in:242 out:243 type:B q:31.89 q-aq:30.16 q-noVbv:31.89 q-Rceq:1.32 tex:7424 mv:4394 misc:1742 icu:14.25 pcu:726.25 scu:555.50 tlayer:3 pbqpoffset:2.52 pbfactor:1.34 avgQpOffsetCutree:-1.81;
in:241 out:244 type:b q:32.64 q-aq:33.00 q-noVbv:32.64 q-Rceq:1.32 tex:753 mv:2075 misc:740 icu:6.25 pcu:541.50 scu:748.25 tlayer:4 pbqpoffset:3.26 pbfactor:1.46 avgQpOffsetCutree:0.00;
in:243 out:245 type:b q:32.66 q-aq:33.00 q-noVbv:32.66 q-Rceq:1.32 tex:510 mv:2167 misc:795 icu:0.00 pcu:673.25 scu:622.75 tlayer:4 pbqpoffset:3.30 pbfactor:1.46 avgQpOffsetCutree:0.00;
in:246 out:246 type:B q:32.10 q-aq:29.67 q-noVbv:32.10 q-Rceq:1.32 tex:5631 mv:4808 misc:1649 icu:11.25 pcu:773.25 scu:511.50 tlayer:3 pbqpoffset:2.78 pbfactor:1.38 avgQpOffsetCutree:-2.00;
in:245 out:247 type:b q:33.37 q-aq:33.02 q-noVbv:33.37 q-Rceq:1.32 tex:965 mv:2625 misc:906 icu:0.00 pcu:605.25 scu:690.75 tlayer:4 pbqpoffset:4.04 pbfactor:1.59 avgQpOffsetCutree:0.00;
in:247 out:248 type:b q:34.36 q-aq:34.00 q-noVbv:34.36 q-Rceq:1.32 tex:318 mv:1871 misc:659 icu:1.00 pcu:518.75 scu:776.25 tlayer:4 pbqpoffset:5.05 pbfactor:1.79 avgQpOffsetCutree:0.00;
in:258 out:249 type:k q:31.31 q-aq:23.63 q-noVbv:31.31 q-Rceq:1.32 tex:213278 mv:29059 misc:2887 icu:504.25 pcu:776.25 scu:15.50 tlayer:0 pbqpoffset:0.84 pbfactor:1.10 avgQpOffsetCutree:-7.47;
in:253 out:250 type:B q:32.22 q-aq:27.12 q-noVbv:32.22 q-Rceq:1.32 tex:33715 mv:11556 misc:3953 icu:57.50 pcu:869.00 scu:369.50 tlayer:1 pbqpoffset:1.92 pbfactor:1.25 avgQpOffsetCutree:-4.12;
in:251 out:251 type:B q:33.22 q-aq:30.77 q-noVbv:33.22 q-Rceq:1.32 tex:1885 mv:3612 misc:1199 icu:0.00 pcu:701.00 scu:595.00 tlayer:2 pbqpoffset:3.31 pbfactor:1.47 avgQpOffsetCutree:-2.18;
in:250 out:252 type:B q:33.27 q-aq:32.97 q-noVbv:33.27 q-Rceq:1.32 tex:1156 mv:2475 misc:873 icu:0.25 pcu:691.75 scu:604.00 tlayer:3 pbqpoffset:3.57 pbfactor:1.51 avgQpOffsetCutree:-0.99;
in:249 out:253 type:b q:34.47 q-aq:34.27 q-noVbv:34.47 q-Rceq:1.32 tex:837 mv:2091 misc:824 icu:0.50 pcu:530.00 scu:765.50 tlayer:4 pbqpoffset:4.97 pbfactor:1.78 avgQpOffsetCutree:0.00;
in:252 out:254 type:b q:36.67 q-aq:37.00 q-noVbv:36.67 q-Rceq:1.32 tex:7 mv:1047 misc:466 icu:0.00 pcu:414.00 scu:882.00 tlayer:3 pbqpoffset:6.57 pbfactor:2.14 avgQpOffsetCutree:0.00;
in:256 out:255 type:B q:32.75 q-aq:31.74 q-noVbv:32.75 q-Rceq:1.32 tex:9754 mv:4558 misc:2112 icu:32.25 pcu:490.50 scu:773.25 tlayer:2 pbqpoffset:1.84 pbfactor:1.24 avgQpOffsetCutree:-1.26;
in:255 out:256 type:B q:33.45 q-aq:32.93 q-noVbv:33.45 q-Rceq:1.32 tex:280 mv:1696 misc:1056 icu:0.00 pcu:574.50 scu:721.50 tlayer:3 pbqpoffset:2.75 pbfactor:1.37 avgQpOffsetCutree:-0.83;
in:254 out:257 type:b q:34.83 q-aq:35.00 q-noVbv:34.83 q-Rceq:1.32 tex:10 mv:912 misc:478 icu:0.00 pcu:340.00 scu:956.00 tlayer:4 pbqpoffset:4.33 pbfactor:1.65 avgQpOffsetCutree:0.00;
in:257 out:258 type:b q:34.84 q-aq:35.00 q-noVbv:34.84 q-Rceq:1.32 tex:318 mv:1114 misc:584 icu:0.00 pcu:355.50 scu:940.50 tlayer:3 pbqpoffset:3.73 pbfactor:1.54 avgQpOffsetCutree:0.00;
in:274 out:259 type:k q:28.82 q-aq:20.66 q-noVbv:28.82 q-Rceq:1.32 tex:294192 mv:32809 misc:2863 icu:647.75 pcu:644.25 scu:4.00 tlayer:0 pbqpoffset:0.47 pbfactor:1.06 avgQpOffsetCutree:-7.59;
in:266 out:260 type:B q:31.74 q-aq:25.08 q-noVbv:31.74 q-Rceq:1.32 tex:111714 mv:18158 misc:3496 icu:206.75 pcu:1003.75 scu:85.50 tlayer:1 pbqpoffset:1.67 pbfactor:1.21 avgQpOffsetCutree:-5.33;
in:262 out:261 type:B q:32.96 q-aq:29.06 q-noVbv:32.96 q-Rceq:1.32 tex:11236 mv:6933 misc:2487 icu:24.00 pcu:734.50 scu:537.50 tlayer:2 pbqpoffset:2.27 pbfactor:1.30 avgQpOffsetCutree:-3.29;
in:260 out:262 type:B q:33.79 q-aq:32.40 q-noVbv:33.79 q-Rceq:1.32 tex:1616 mv:3009 misc:999 icu:18.00 pcu:701.75 scu:576.25 tlayer:3 pbqpoffset:2.79 pbfactor:1.38 avgQpOffsetCutree:-1.72;
in:259 out:263 type:b q:35.09 q-aq:35.00 q-noVbv:35.09 q-Rceq:1.32 tex:333 mv:1385 misc:650 icu:6.00 pcu:466.00 scu:824.00 tlayer:4 pbqpoffset:3.94 pbfactor:1.58 avgQpOffsetCutree:0.00;
in:261 out:264 type:b q:34.49 q-aq:34.15 q-noVbv:34.49 q-Rceq:1.32 tex:225 mv:2034 misc:693 icu:0.00 pcu:604.25 scu:691.75 tlayer:4 pbqpoffset:3.65 pbfactor:1.52 avgQpOffsetCutree:0.00;
in:264 out:265 type:B q:33.31 q-aq:31.58 q-noVbv:33.31 q-Rceq:1.32 tex:3175 mv:4155 misc:1406 icu:17.50 pcu:681.00 scu:597.50 tlayer:3 pbqpoffset:2.94 pbfactor:1.40 avgQpOffsetCutree:-1.69;
in:263 out:266 type:b q:34.19 q-aq:34.00 q-noVbv:34.19 q-Rceq:1.32 tex:240 mv:2060 misc:660 icu:3.00 pcu:626.50 scu:666.50 tlayer:4 pbqpoffset:3.66 pbfactor:1.53 avgQpOffsetCutree:0.00;
in:265 out:267 type:b q:34.01 q-aq:34.00 q-noVbv:34.01 q-Rceq:1.32 tex:487 mv:1743 misc:746 icu:4.00 pcu:509.25 scu:782.75 tlayer:4 pbqpoffset:3.79 pbfactor:1.55 avgQpOffsetCutree:0.00;
in:270 out:268 type:B q:31.42 q-aq:27.82 q-noVbv:31.42 q-Rceq:1.32 tex:27649 mv:9823 misc:3632 icu:33.75 pcu:861.25 scu:401.00 tlayer:2 pbqpoffset:1.98 pbfactor:1.26 avgQpOffsetCutree:-3.03;
in:268 out:269 type:B q:33.06 q-aq:31.57 q-noVbv:33.06 q-Rceq:1.32 tex:3340 mv:3714 misc:1322 icu:4.00 pcu:725.50 scu:566.50 tlayer:3 pbqpoffset:3.30 pbfactor:1.46 avgQpOffsetCutree:-1.74;
in:267 out:270 type:b q:34.58 q-aq:35.00 q-noVbv:34.58 q-Rceq:1.32 tex:674 mv:1371 misc:643 icu:16.00 pcu:485.00 scu:795.00 tlayer:4 pbqpoffset:4.68 pbfactor:1.72 avgQpOffsetCutree:0.00;
in:269 out:271 type:b q:35.20 q-aq:35.00 q-noVbv:35.20 q-Rceq:1.32 tex:93 mv:1310 misc:565 icu:2.00 pcu:448.00 scu:846.00 tlayer:4 pbqpoffset:5.60 pbfactor:1.91 avgQpOffsetCutree:0.00;
in:272 out:272 type:B q:30.88 q-aq:30.17 q-noVbv:30.88 q-Rceq:1.32 tex:13994 mv:6220 misc:2554 icu:35.75 pcu:616.75 scu:643.50 tlayer:3 pbqpoffset:1.75 pbfactor:1.22 avgQpOffsetCutree:-1.16;
in:271 out:273 type:b q:32.82 q-aq:33.00 q-noVbv:32.82 q-Rceq:1.32 tex:378 mv:1383 misc:967 icu:0.00 pcu:414.75 scu:881.25 tlayer:4 pbqpoffset:3.53 pbfactor:1.50 avgQpOffsetCutree:0.00;
in:273 out:274 type:b q:33.09 q-aq:33.00 q-noVbv:33.09 q-Rceq:1.32 tex:673 mv:1809 misc:734 icu:1.00 pcu:512.25 scu:782.75 tlayer:4 pbqpoffset:4.11 pbfactor:1.61 avgQpOffsetCutree:0.00;
in:290 out:275 type:k q:28.58 q-aq:20.59 q-noVbv:28.58 q-Rceq:1.32 tex:269903 mv:32524 misc:2957 icu:620.00 pcu:670.25 scu:5.75 tlayer:0 pbqpoffset:0.38 pbfactor:1.04 avgQpOffsetCutree:-7.57;
in:282 out:276 type:B q:30.36 q-aq:23.79 q-noVbv:30.36 q-Rceq:1.32 tex:119242 mv:17522 misc:3356 icu:172.25 pcu:1057.00 scu:66.75 tlayer:1 pbqpoffset:1.66 pbfactor:1.21 avgQpOffsetCutree:-5.42;
in:278 out:277 type:B q:31.14 q-aq:27.02 q-noVbv:31.14 q-Rceq:1.32 tex:22704 mv:10168 misc:3240 icu:44.25 pcu:757.25 scu:494.50 tlayer:2 pbqpoffset:2.38 pbfactor:1.32 avgQpOffsetCutree:-3.46;
in:276 out:278 type:B q:31.42 q-aq:29.63 q-noVbv:31.42 q-Rceq:1.32 tex:9854 mv:5957 misc:2085 icu:14.50 pcu:755.75 scu:525.75 tlayer:3 pbqpoffset:2.63 pbfactor:1.35 avgQpOffsetCutree:-1.80;
in:275 out:279 type:b q:33.12 q-aq:33.00 q-noVbv:33.12 q-Rceq:1.32 tex:785 mv:2305 misc:846 icu:13.00 pcu:526.50 scu:756.50 tlayer:4 pbqpoffset:4.32 pbfactor:1.65 avgQpOffsetCutree:0.00;
in:277 out:280 type:b q:32.38 q-aq:32.00 q-noVbv:32.38 q-Rceq:1.32 tex:598 mv:2430 misc:820 icu:4.00 pcu:558.00 scu:734.00 tlayer:4 pbqpoffset:3.60 pbfactor:1.52 avgQpOffsetCutree:0.00;
in:280 out:281 type:B q:31.99 q-aq:30.27 q-noVbv:31.99 q-Rceq:1.32 tex:3315 mv:3845 misc:1464 icu:9.00 pcu:731.25 scu:555.75 tlayer:3 pbqpoffset:3.25 pbfactor:1.46 avgQpOffsetCutree:-1.67;
in:279 out:282 type:b q:33.91 q-aq:34.00 q-noVbv:33.91 q-Rceq:1.32 tex:54 mv:1613 misc:605 icu:1.00 pcu:519.00 scu:776.00 tlayer:4 pbqpoffset:5.17 pbfactor:1.82 avgQpOffsetCutree:0.00;
in:281 out:283 type:b q:33.72 q-aq:34.00 q-noVbv:33.72 q-Rceq:1.32 tex:66 mv:1755 misc:627 icu:0.00 pcu:499.50 scu:796.50 tlayer:4 pbqpoffset:5.01 pbfactor:1.78 avgQpOffsetCutree:0.00;
in:286 out:284 type:B q:30.35 q-aq:26.83 q-noVbv:30.35 q-Rceq:1.32 tex:44449 mv:12491 misc:4180 icu:86.75 pcu:798.25 scu:411.00 tlayer:2 pbqpoffset:1.71 pbfactor:1.22 avgQpOffsetCutree:-3.00;
in:284 out:285 type:B q:31.47 q-aq:30.00 q-noVbv:31.47 q-Rceq:1.32 tex:7054 mv:5393 misc:1969 icu:16.50 pcu:795.25 scu:484.25 tlayer:3 pbqpoffset:2.79 pbfactor:1.38 avgQpOffsetCutree:-1.64;
in:283 out:286 type:b q:32.74 q-aq:33.00 q-noVbv:32.74 q-Rceq:1.32 tex:1138 mv:2003 misc:771 icu:0.00 pcu:606.50 scu:689.50 tlayer:4 pbqpoffset:4.05 pbfactor:1.60 avgQpOffsetCutree:0.00;
in:285 out:287 type:b q:32.42 q-aq:32.02 q-noVbv:32.42 q-Rceq:1.32 tex:1171 mv:2953 misc:988 icu:1.00 pcu:711.25 scu:583.75 tlayer:4 pbqpoffset:3.76 pbfactor:1.54 avgQpOffsetCutree:0.00;
in:288 out:288 type:B q:30.42 q-aq:29.44 q-noVbv:30.42 q-Rceq:1.32 tex:17130 mv:6153 misc:2717 icu:40.75 pcu:614.25 scu:641.00 tlayer:3 pbqpoffset:1.80 pbfactor:1.23 avgQpOffsetCutree:-1.33;
in:287 out:289 type:b q:31.90 q-aq:32.00 q-noVbv:31.90 q-Rceq:1.32 tex:923 mv:1762 misc:1019 icu:2.00 pcu:425.00 scu:869.00 tlayer:4 pbqpoffset:3.27 pbfactor:1.46 avgQpOffsetCutree:0.00;
in:289 out:290 type:b q:33.54 q-aq:34.00 q-noVbv:33.54 q-Rceq:1.32 tex:69 mv:1309 misc:630 icu:1.00 pcu:324.00 scu:971.00 tlayer:4 pbqpoffset:4.94 pbfactor:1.77 avgQpOffsetCutree:0.00;
in:306 out:291 type:k q:28.46 q-aq:20.55 q-noVbv:28.46 q-Rceq:1.32 tex:263615 mv:30927 misc:2906 icu:733.25 pcu:545.00 scu:17.75 tlayer:0 pbqpoffset:0.55 pbfactor:1.07 avgQpOffsetCutree:-7.42;
in:298 out:292 type:B q:30.19 q-aq:23.51 q-noVbv:30.19 q-Rceq:1.32 tex:121168 mv:19470 misc:3594 icu:220.75 pcu:996.00 scu:79.25 tlayer:1 pbqpoffset:1.67 pbfactor:1.21 avgQpOffsetCutree:-5.54;
in:294 out:293 type:B q:31.01 q-aq:26.74 q-noVbv:31.01 q-Rceq:1.32 tex:23834 mv:11568 misc:3606 icu:40.75 pcu:760.75 scu:494.50 tlayer:2 pbqpoffset:2.46 pbfactor:1.33 avgQpOffsetCutree:-3.53;
in:292 out:294 type:B q:31.58 q-aq:30.07 q-noVbv:31.58 q-Rceq:1.32 tex:4862 mv:5281 misc:1865 icu:16.50 pcu:779.75 scu:499.75 tlayer:3 pbqpoffset:3.01 pbfactor:1.42 avgQpOffsetCutree:-1.83;
in:291 out:295 type:b q:32.61 q-aq:33.00 q-noVbv:32.61 q-Rceq:1.32 tex:1273 mv:2285 misc:914 icu:20.25 pcu:618.25 scu:657.50 tlayer:4 pbqpoffset:4.04 pbfactor:1.59 avgQpOffsetCutree:0.00;
in:293 out:296 type:b q:33.18 q-aq:33.00 q-noVbv:33.18 q-Rceq:1.32 tex:960 mv:2576 misc:808 icu:6.25 pcu:687.25 scu:602.50 tlayer:4 pbqpoffset:4.62 pbfactor:1.71 avgQpOffsetCutree:0.00;
in:296 out:297 type:B q:31.52 q-aq:29.96 q-noVbv:31.52 q-Rceq:1.32 tex:5607 mv:5019 misc:1782 icu:15.25 pcu:747.50 scu:533.25 tlayer:3 pbqpoffset:2.98 pbfactor:1.41 avgQpOffsetCutree:-1.70;
in:295 out:298 type:b q:33.21 q-aq:33.00 q-noVbv:33.21 q-Rceq:1.32 tex:556 mv:2207 misc:757 icu:7.25 pcu:594.25 scu:694.50 tlayer:4 pbqpoffset:4.66 pbfactor:1.71 avgQpOffsetCutree:0.00;
in:297 out:299 type:b q:34.07 q-aq:34.00 q-noVbv:34.07 q-Rceq:1.32 tex:61 mv:2007 misc:652 icu:0.00 pcu:558.50 scu:737.50 tlayer:4 pbqpoffset:5.55 pbfactor:1.90 avgQpOffsetCutree:0.00;
in:302 out:300 type:B q:30.76 q-aq:27.08 q-noVbv:30.76 q-Rceq:1.32 tex:26315 mv:9734 misc:3423 icu:60.25 pcu:877.75 scu:358.00 tlayer:2 pbqpoffset:2.27 pbfactor:1.30 avgQpOffsetCutree:-3.02;
in:300 out:301 type:B q:32.02 q-aq:30.60 q-noVbv:32.02 q-Rceq:1.32 tex:2456 mv:3571 misc:1269 icu:14.25 pcu:720.00 scu:561.75 tlayer:3 pbqpoffset:3.51 pbfactor:1.50 avgQpOffsetCutree:-1.72;
in:299 out:302 type:b q:35.00 q-aq:35.00 q-noVbv:35.00 q-Rceq:1.32 tex:245 mv:1464 misc:643 icu:2.00 pcu:391.50 scu:902.50 tlayer:4 pbqpoffset:6.48 pbfactor:2.12 avgQpOffsetCutree:0.00;
in:301 out:303 type:b q:33.67 q-aq:34.00 q-noVbv:33.67 q-Rceq:1.32 tex:158 mv:1450 misc:608 icu:0.00 pcu:379.00 scu:917.00 tlayer:4 pbqpoffset:5.17 pbfactor:1.82 avgQpOffsetCutree:0.00;
in:304 out:304 type:B q:30.75 q-aq:29.48 q-noVbv:30.75 q-Rceq:1.32 tex:14230 mv:5791 misc:2691 icu:42.75 pcu:637.50 scu:615.75 tlayer:3 pbqpoffset:2.28 pbfactor:1.30 avgQpOffsetCutree:-1.55;
in:303 out:305 type:b q:33.03 q-aq:33.00 q-noVbv:33.03 q-Rceq:1.32 tex:171 mv:1167 misc:710 icu:0.00 pcu:449.75 scu:846.25 tlayer:4 pbqpoffset:4.55 pbfactor:1.69 avgQpOffsetCutree:0.00;
in:305 out:306 type:b q:34.50 q-aq:34.00 q-noVbv:34.50 q-Rceq:1.32 tex:81 mv:1248 misc:559 icu:1.00 pcu:346.00 scu:949.00 tlayer:4 pbqpoffset:6.03 pbfactor:2.01 avgQpOffsetCutree:0.00;
in:322 out:307 type:k q:28.41 q-aq:20.50 q-noVbv:28.41 q-Rceq:1.32 tex:252884 mv:32343 misc:3069 icu:700.25 pcu:583.50 scu:12.25 tlayer:0 pbqpoffset:0.24 pbfactor:1.03 avgQpOffsetCutree:-7.51;
in:314 out:308 type:B q:30.32 q-aq:23.99 q-noVbv:30.32 q-Rceq:1.32 tex:104952 mv:16892 misc:3620 icu:190.00 pcu:982.25 scu:123.75 tlayer:1 pbqpoffset:1.89 pbfactor:1.24 avgQpOffsetCutree:-5.22;
in:310 out:309 type:B q:31.35 q-aq:26.97 q-noVbv:31.35 q-Rceq:1.32 tex:20793 mv:10373 misc:3418 icu:48.75 pcu:746.50 scu:500.75 tlayer:2 pbqpoffset:2.91 pbfactor:1.40 avgQpOffsetCutree:-3.59;
in:308 out:310 type:B q:32.01 q-aq:30.39 q-noVbv:32.01 q-Rceq:1.32 tex:4382 mv:4455 misc:1491 icu:8.50 pcu:742.75 scu:544.75 tlayer:3 pbqpoffset:3.56 pbfactor:1.51 avgQpOffsetCutree:-1.73;
in:307 out:311 type:b q:33.24 q-aq:33.00 q-noVbv:33.24 q-Rceq:1.32 tex:870 mv:2221 misc:749 icu:12.25 pcu:582.75 scu:701.00 tlayer:4 pbqpoffset:4.79 pbfactor:1.74 avgQpOffsetCutree:0.00;
in:309 out:312 type:b q:33.68 q-aq:34.00 q-noVbv:33.68 q-Rceq:1.32 tex:397 mv:1827 misc:672 icu:8.00 pcu:614.25 scu:673.75 tlayer:4 pbqpoffset:5.23 pbfactor:1.83 avgQpOffsetCutree:0.00;
in:312 out:313 type:B q:32.00 q-aq:30.24 q-noVbv:32.00 q-Rceq:1.32 tex:3837 mv:4394 misc:1705 icu:8.50 pcu:709.75 scu:577.75 tlayer:3 pbqpoffset:3.56 pbfactor:1.51 avgQpOffsetCutree:-1.69;
in:311 out:314 type:b q:34.46 q-aq:34.00 q-noVbv:34.46 q-Rceq:1.32 tex:77 mv:1604 misc:663 icu:0.00 pcu:420.25 scu:875.75 tlayer:4 pbqpoffset:6.02 pbfactor:2.01 avgQpOffsetCutree:0.00;
in:313 out:315 type:b q:33.92 q-aq:34.00 q-noVbv:33.92 q-Rceq:1.32 tex:238 mv:1649 misc:681 icu:1.00 pcu:524.50 scu:770.50 tlayer:4 pbqpoffset:5.49 pbfactor:1.89 avgQpOffsetCutree:0.00;
in:318 out:316 type:B q:30.77 q-aq:26.89 q-noVbv:30.77 q-Rceq:1.32 tex:35212 mv:11762 misc:3786 icu:63.00 pcu:771.00 scu:462.00 tlayer:2 pbqpoffset:2.35 pbfactor:1.31 avgQpOffsetCutree:-3.25;
in:316 out:317 type:B q:31.98 q-aq:29.84 q-noVbv:31.98 q-Rceq:1.32 tex:5398 mv:4588 misc:1606 icu:16.00 pcu:657.75 scu:622.25 tlayer:3 pbqpoffset:3.56 pbfactor:1.51 avgQpOffsetCutree:-2.11;
in:315 out:318 type:b q:34.99 q-aq:35.00 q-noVbv:34.99 q-Rceq:1.32 tex:74 mv:1834 misc:612 icu:4.00 pcu:523.00 scu:769.00 tlayer:4 pbqpoffset:6.56 pbfactor:2.13 avgQpOffsetCutree:0.00;
in:317 out:319 type:b q:34.98 q-aq:35.00 q-noVbv:34.98 q-Rceq:1.32 tex:8 mv:1022 misc:490 icu:4.00 pcu:341.00 scu:951.00 tlayer:4 pbqpoffset:6.56 pbfactor:2.13 avgQpOffsetCutree:0.00;
in:320 out:320 type:B q:30.70 q-aq:29.73 q-noVbv:30.70 q-Rceq:1.32 tex:16197 mv:6174 misc:2821 icu:16.75 pcu:715.00 scu:564.25 tlayer:3 pbqpoffset:2.28 pbfactor:1.30 avgQpOffsetCutree:-1.33;
in:319 out:321 type:b q:34.75 q-aq:35.00 q-noVbv:34.75 q-Rceq:1.32 tex:110 mv:1183 misc:683 icu:0.25 pcu:422.50 scu:873.25 tlayer:4 pbqpoffset:6.33 pbfactor:2.08 avgQpOffsetCutree:0.00;
in:321 out:322 type:b q:34.34 q-aq:34.00 q-noVbv:34.34 q-Rceq:1.32 tex:265 mv:1464 misc:575 icu:0.00 pcu:526.25 scu:769.75 tlayer:4 pbqpoffset:5.93 pbfactor:1.98 avgQpOffsetCutree:0.00;
in:338 out:323 type:k q:27.82 q-aq:19.65 q-noVbv:27.82 q-Rceq:1.32 tex:251988 mv:32795 misc:2689 icu:844.00 pcu:442.75 scu:9.25 tlayer:0 pbqpoffset:0.51 pbfactor:1.06 avgQpOffsetCutree:-7.42;
in:330 out:324 type:B q:29.76 q-aq:23.19 q-noVbv:29.76 q-Rceq:1.32 tex:115481 mv:18557 misc:3602 icu:269.25 pcu:963.00 scu:63.75 tlayer:1 pbqpoffset:1.64 pbfactor:1.21 avgQpOffsetCutree:-5.42;
in:326 out:325 type:B q:30.28 q-aq:25.88 q-noVbv:30.28 q-Rceq:1.32 tex:27814 mv:12007 misc:3547 icu:47.25 pcu:736.75 scu:512.00 tlayer:2 pbqpoffset:2.02 pbfactor:1.26 avgQpOffsetCutree:-3.59;
in:324 out:326 type:B q:30.82 q-aq:28.97 q-noVbv:30.82 q-Rceq:1.32 tex:9368 mv:5718 misc:2130 icu:21.00 pcu:770.25 scu:504.75 tlayer:3 pbqpoffset:2.48 pbfactor:1.33 avgQpOffsetCutree:-1.84;
in:323 out:327 type:b q:32.56 q-aq:33.00 q-noVbv:32.56 q-Rceq:1.32 tex:384 mv:2106 misc:742 icu:4.00 pcu:606.25 scu:685.75 tlayer:4 pbqpoffset:4.19 pbfactor:1.62 avgQpOffsetCutree:0.00;
in:325 out:328 type:b q:32.20 q-aq:32.00 q-noVbv:32.20 q-Rceq:1.32 tex:691 mv:2242 misc:907 icu:6.00 pcu:561.50 scu:728.50 tlayer:4 pbqpoffset:3.91 pbfactor:1.57 avgQpOffsetCutree:0.00;
in:328 out:329 type:B q:30.96 q-aq:29.30 q-noVbv:30.96 q-Rceq:1.32 tex:6458 mv:5326 misc:1976 icu:19.00 pcu:724.00 scu:553.00 tlayer:3 pbqpoffset:2.78 pbfactor:1.38 avgQpOffsetCutree:-1.82;
in:327 out:330 type:b q:31.82 q-aq:32.00 q-noVbv:31.82 q-Rceq:1.32 tex:1519 mv:2833 misc:1024 icu:12.00 pcu:650.25 scu:633.75 tlayer:4 pbqpoffset:3.60 pbfactor:1.52 avgQpOffsetCutree:0.00;
in:329 out:331 type:b q:32.52 q-aq:33.00 q-noVbv:32.52 q-Rceq:1.32 tex:695 mv:2160 misc:777 icu:4.00 pcu:620.00 scu:672.00 tlayer:4 pbqpoffset:4.37 pbfactor:1.66 avgQpOffsetCutree:0.00;
in:334 out:332 type:B q:29.88 q-aq:26.08 q-noVbv:29.88 q-Rceq:1.32 tex:29728 mv:10080 misc:4048 icu:67.25 pcu:795.00 scu:433.75 tlayer:2 pbqpoffset:1.91 pbfactor:1.25 avgQpOffsetCutree:-3.10;
in:332 out:333 type:B q:31.25 q-aq:29.42 q-noVbv:31.25 q-Rceq:1.32 tex:2972 mv:4102 misc:1518 icu:9.00 pcu:744.00 scu:543.00 tlayer:3 pbqpoffset:3.21 pbfactor:1.45 avgQpOffsetCutree:-1.93;
in:331 out:334 type:b q:34.31 q-aq:34.00 q-noVbv:34.31 q-Rceq:1.32 tex:347 mv:1729 misc:644 icu:5.00 pcu:544.00 scu:747.00 tlayer:4 pbqpoffset:6.24 pbfactor:2.06 avgQpOffsetCutree:0.00;
in:333 out:335 type:b q:33.17 q-aq:33.00 q-noVbv:33.17 q-Rceq:1.32 tex:143 mv:1485 misc:604 icu:0.00 pcu:531.00 scu:765.00 tlayer:4 pbqpoffset:5.17 pbfactor:1.82 avgQpOffsetCutree:0.00;
in:336 out:336 type:B q:29.63 q-aq:28.54 q-noVbv:29.63 q-Rceq:1.32 tex:22066 mv:7980 misc:3346 icu:53.75 pcu:628.50 scu:613.75 tlayer:3 pbqpoffset:1.74 pbfactor:1.22 avgQpOffsetCutree:-1.41;
in:335 out:337 type:b q:30.99 q-aq:31.00 q-noVbv:30.99 q-Rceq:1.32 tex:520 mv:1520 misc:1032 icu:1.00 pcu:516.50 scu:778.50 tlayer:4 pbqpoffset:3.05 pbfactor:1.42 avgQpOffsetCutree:0.00;
in:337 out:338 type:b q:32.89 q-aq:33.00 q-noVbv:32.89 q-Rceq:1.32 tex:194 mv:1658 misc:660 icu:2.00 pcu:468.50 scu:825.50 tlayer:4 pbqpoffset:5.03 pbfactor:1.79 avgQpOffsetCutree:0.00;
in:352 out:339 type:k q:27.75 q-aq:20.09 q-noVbv:27.75 q-Rceq:1.32 tex:236505 mv:31748 misc:2635 icu:956.00 pcu:332.25 scu:7.75 tlayer:0 pbqpoffset:0.52 pbfactor:1.06 avgQpOffsetCutree:-6.95;
in:345 out:340 type:B q:29.35 q-aq:23.10 q-noVbv:29.35 q-Rceq:1.32 tex:98435 mv:16707 misc:3418 icu:179.25 pcu:879.25 scu:237.50 tlayer:1 pbqpoffset:1.56 pbfactor:1.20 avgQpOffsetCutree:-5.22;
in:342 out:341 type:B q:29.97 q-aq:25.87 q-noVbv:29.97 q-Rceq:1.32 tex:20668 mv:9586 misc:3498 icu:56.00 pcu:647.75 scu:592.25 tlayer:2 pbqpoffset:2.17 pbfactor:1.28 avgQpOffsetCutree:-3.36;
in:340 out:342 type:B q:30.60 q-aq:29.02 q-noVbv:30.60 q-Rceq:1.32 tex:5251 mv:4480 misc:1717 icu:29.00 pcu:665.00 scu:602.00 tlayer:3 pbqpoffset:2.79 pbfactor:1.38 avgQpOffsetCutree:-1.73;
in:339 out:343 type:b q:33.12 q-aq:33.00 q-noVbv:33.12 q-Rceq:1.32 tex:546 mv:1802 misc:716 icu:2.00 pcu:457.00 scu:837.00 tlayer:4 pbqpoffset:5.30 pbfactor:1.85 avgQpOffsetCutree:0.00;
in:341 out:344 type:b q:32.44 q-aq:32.02 q-noVbv:32.44 q-Rceq:1.32 tex:1065 mv:1887 misc:880 icu:3.00 pcu:519.25 scu:773.75 tlayer:4 pbqpoffset:4.63 pbfactor:1.71 avgQpOffsetCutree:0.00;
in:344 out:345 type:B q:30.84 q-aq:30.26 q-noVbv:30.84 q-Rceq:1.32 tex:2477 mv:3167 misc:1324 icu:2.00 pcu:606.75 scu:687.25 tlayer:3 pbqpoffset:3.04 pbfactor:1.42 avgQpOffsetCutree:-0.97;
in:343 out:346 type:b q:32.30 q-aq:32.00 q-noVbv:32.30 q-Rceq:1.32 tex:1270 mv:2425 misc:761 icu:2.00 pcu:614.75 scu:679.25 tlayer:4 pbqpoffset:4.50 pbfactor:1.68 avgQpOffsetCutree:0.00;
in:349 out:347 type:B q:29.51 q-aq:25.02 q-noVbv:29.51 q-Rceq:1.32 tex:54771 mv:12334 misc:3823 icu:86.50 pcu:778.25 scu:431.25 tlayer:2 pbqpoffset:1.74 pbfactor:1.22 avgQpOffsetCutree:-3.72;
in:347 out:348 type:B q:30.65 q-aq:28.96 q-noVbv:30.65 q-Rceq:1.32 tex:7526 mv:5286 misc:2140 icu:21.00 pcu:598.25 scu:676.75 tlayer:3 pbqpoffset:2.87 pbfactor:1.39 avgQpOffsetCutree:-1.84;
in:346 out:349 type:b q:32.61 q-aq:33.00 q-noVbv:32.61 q-Rceq:1.32 tex:634 mv:2076 misc:770 icu:4.00 pcu:528.00 scu:764.00 tlayer:4 pbqpoffset:4.83 pbfactor:1.75 avgQpOffsetCutree:0.00;
in:348 out:350 type:b q:32.63 q-aq:33.00 q-noVbv:32.63 q-Rceq:1.32 tex:338 mv:1958 misc:704 icu:0.00 pcu:560.75 scu:735.25 tlayer:4 pbqpoffset:4.86 pbfactor:1.75 avgQpOffsetCutree:0.00;
in:351 out:351 type:B q:30.40 q-aq:30.05 q-noVbv:30.40 q-Rceq:1.32 tex:6245 mv:4115 misc:2120 icu:14.50 pcu:505.25 scu:776.25 tlayer:3 pbqpoffset:2.64 pbfactor:1.36 avgQpOffsetCutree:-0.96;
in:350 out:352 type:b q:32.80 q-aq:33.00 q-noVbv:32.80 q-Rceq:1.32 tex:792 mv:1845 misc:747 icu:0.00 pcu:472.75 scu:823.25 tlayer:4 pbqpoffset:5.04 pbfactor:1.79 avgQpOffsetCutree:0.00;
in:362 out:353 type:k q:28.43 q-aq:20.92 q-noVbv:28.43 q-Rceq:1.32 tex:171696 mv:24650 misc:3270 icu:401.00 pcu:687.25 scu:207.75 tlayer:0 pbqpoffset:0.53 pbfactor:1.06 avgQpOffsetCutree:-6.84;
in:357 out:354 type:B q:29.56 q-aq:24.55 q-noVbv:29.56 q-Rceq:1.32 tex:45900 mv:14749 misc:3623 icu:59.25 pcu:685.75 scu:551.00 tlayer:1 pbqpoffset:1.47 pbfactor:1.18 avgQpOffsetCutree:-4.16;
in:355 out:355 type:B q:29.60 q-aq:27.23 q-noVbv:29.60 q-Rceq:1.32 tex:13150 mv:6768 misc:2514 icu:25.00 pcu:629.00 scu:642.00 tlayer:2 pbqpoffset:1.64 pbfactor:1.21 avgQpOffsetCutree:-2.21;
in:354 out:356 type:B q:29.73 q-aq:29.23 q-noVbv:29.73 q-Rceq:1.32 tex:4265 mv:4353 misc:1606 icu:2.75 pcu:629.25 scu:664.00 tlayer:3 pbqpoffset:1.84 pbfactor:1.24 avgQpOffsetCutree:-1.01;
in:353 out:357 type:b q:30.42 q-aq:30.02 q-noVbv:30.42 q-Rceq:1.32 tex:2210 mv:2990 misc:1112 icu:6.25 pcu:503.75 scu:786.00 tlayer:4 pbqpoffset:2.60 pbfactor:1.35 avgQpOffsetCutree:0.00;
in:356 out:358 type:b q:30.63 q-aq:31.00 q-noVbv:30.63 q-Rceq:1.32 tex:1968 mv:2701 misc:1027 icu:0.25 pcu:552.75 scu:743.00 tlayer:3 pbqpoffset:2.60 pbfactor:1.35 avgQpOffsetCutree:0.00;
in:360 out:359 type:B q:29.77 q-aq:27.55 q-noVbv:29.77 q-Rceq:1.32 tex:12903 mv:7723 misc:2430 icu:13.50 pcu:633.00 scu:649.50 tlayer:2 pbqpoffset:1.47 pbfactor:1.19 avgQpOffsetCutree:-2.09;
in:359 out:360 type:B q:30.12 q-aq:29.86 q-noVbv:30.12 q-Rceq:1.32 tex:6415 mv:4784 misc:1625 icu:8.25 pcu:617.75 scu:670.00 tlayer:3 pbqpoffset:1.89 pbfactor:1.24 avgQpOffsetCutree:-0.89;
in:358 out:361 type:b q:30.77 q-aq:31.00 q-noVbv:30.77 q-Rceq:1.32 tex:3749 mv:3411 misc:1248 icu:13.00 pcu:504.75 scu:778.25 tlayer:4 pbqpoffset:2.61 pbfactor:1.35 avgQpOffsetCutree:0.00;
in:361 out:362 type:b q:30.97 q-aq:31.00 q-noVbv:30.97 q-Rceq:1.32 tex:2850 mv:3187 misc:1059 icu:1.25 pcu:565.25 scu:729.50 tlayer:3 pbqpoffset:2.60 pbfactor:1.35 avgQpOffsetCutree:0.00;
in:374 out:363 type:k q:28.08 q-aq:20.11 q-noVbv:28.08 q-Rceq:1.32 tex:203610 mv:26764 misc:2746 icu:817.25 pcu:462.75 scu:16.00 tlayer:0 pbqpoffset:0.56 pbfactor:1.07 avgQpOffsetCutree:-7.00;
in:368 out:364 type:B q:29.69 q-aq:25.02 q-noVbv:29.69 q-Rceq:1.32 tex:99647 mv:20600 misc:3537 icu:261.75 pcu:672.50 scu:361.75 tlayer:1 pbqpoffset:1.43 pbfactor:1.18 avgQpOffsetCutree:-4.02;
in:365 out:365 type:B q:29.77 q-aq:25.92 q-noVbv:29.77 q-Rceq:1.32 tex:37697 mv:10879 misc:3304 icu:84.00 pcu:685.25 scu:526.75 tlayer:2 pbqpoffset:1.43 pbfactor:1.18 avgQpOffsetCutree:-3.20;
in:364 out:366 type:B q:30.57 q-aq:30.53 q-noVbv:30.57 q-Rceq:1.32 tex:4558 mv:4481 misc:1665 icu:4.75 pcu:619.75 scu:671.50 tlayer:3 pbqpoffset:2.19 pbfactor:1.29 avgQpOffsetCutree:-0.80;
in:363 out:367 type:b q:31.61 q-aq:32.00 q-noVbv:31.61 q-Rceq:1.32 tex:2062 mv:2895 misc:1099 icu:0.00 pcu:510.25 scu:785.75 tlayer:4 pbqpoffset:3.21 pbfactor:1.45 avgQpOffsetCutree:0.00;
in:367 out:368 type:B q:30.60 q-aq:30.21 q-noVbv:30.60 q-Rceq:1.32 tex:6206 mv:4585 misc:1969 icu:10.75 pcu:595.50 scu:689.75 tlayer:3 pbqpoffset:2.31 pbfactor:1.31 avgQpOffsetCutree:-0.94;
in:366 out:369 type:b q:32.34 q-aq:32.03 q-noVbv:32.34 q-Rceq:1.32 tex:1185 mv:2821 misc:1050 icu:0.50 pcu:434.50 scu:861.00 tlayer:4 pbqpoffset:4.03 pbfactor:1.59 avgQpOffsetCutree:0.00;
in:371 out:370 type:B q:29.97 q-aq:26.70 q-noVbv:29.97 q-Rceq:1.32 tex:19654 mv:9946 misc:2760 icu:24.50 pcu:709.00 scu:562.50 tlayer:2 pbqpoffset:1.80 pbfactor:1.23 avgQpOffsetCutree:-2.92;
in:370 out:371 type:B q:31.11 q-aq:30.64 q-noVbv:31.11 q-Rceq:1.32 tex:4106 mv:4211 misc:1395 icu:6.75 pcu:586.75 scu:702.50 tlayer:3 pbqpoffset:2.91 pbfactor:1.40 avgQpOffsetCutree:-1.11;
in:369 out:372 type:b q:32.12 q-aq:32.00 q-noVbv:32.12 q-Rceq:1.32 tex:1938 mv:2884 misc:1034 icu:1.25 pcu:503.50 scu:791.25 tlayer:4 pbqpoffset:3.89 pbfactor:1.57 avgQpOffsetCutree:0.00;
in:373 out:373 type:B q:31.16 q-aq:30.67 q-noVbv:31.16 q-Rceq:1.32 tex:4279 mv:4731 misc:1510 icu:1.75 pcu:567.25 scu:727.00 tlayer:3 pbqpoffset:3.04 pbfactor:1.42 avgQpOffsetCutree:-0.96;
in:372 out:374 type:b q:32.15 q-aq:32.00 q-noVbv:32.15 q-Rceq:1.32 tex:2103 mv:3345 misc:1064 icu:2.50 pcu:563.25 scu:730.25 tlayer:4 pbqpoffset:4.01 pbfactor:1.59 avgQpOffsetCutree:0.00;
in:378 out:375 type:k q:29.86 q-aq:21.66 q-noVbv:29.86 q-Rceq:1.32 tex:74320 mv:16922 misc:3950 icu:165.00 pcu:736.50 scu:394.50 tlayer:0 pbqpoffset:0.56 pbfactor:1.07 avgQpOffsetCutree:-6.54;
in:376 out:376 type:B q:30.34 q-aq:28.32 q-noVbv:30.34 q-Rceq:1.32 tex:9324 mv:6445 misc:1879 icu:14.50 pcu:667.00 scu:614.50 tlayer:1 pbqpoffset:1.37 pbfactor:1.17 avgQpOffsetCutree:-1.86;
in:375 out:377 type:b q:31.03 q-aq:31.01 q-noVbv:31.03 q-Rceq:1.32 tex:3857 mv:3427 misc:1124 icu:2.50 pcu:501.00 scu:792.50 tlayer:2 pbqpoffset:2.50 pbfactor:1.34 avgQpOffsetCutree:0.00;
in:377 out:378 type:b q:32.04 q-aq:32.00 q-noVbv:32.04 q-Rceq:1.32 tex:1150 mv:2689 misc:953 icu:1.25 pcu:457.25 scu:837.50 tlayer:2 pbqpoffset:2.62 pbfactor:1.35 avgQpOffsetCutree:0.00;
in:385 out:379 type:k q:30.04 q-aq:22.05 q-noVbv:30.04 q-Rceq:1.32 tex:185750 mv:22474 misc:2776 icu:855.50 pcu:426.25 scu:14.25 tlayer:0 pbqpoffset:0.56 pbfactor:1.07 avgQpOffsetCutree:-7.03;
in:382 out:380 type:B q:31.64 q-aq:27.89 q-noVbv:31.64 q-Rceq:1.32 tex:18307 mv:8335 misc:2958 icu:46.25 pcu:696.00 scu:553.75 tlayer:1 pbqpoffset:1.68 pbfactor:1.21 avgQpOffsetCutree:-3.11;
in:380 out:381 type:B q:33.17 q-aq:30.78 q-noVbv:33.17 q-Rceq:1.32 tex:2123 mv:3771 misc:1106 icu:0.75 pcu:598.75 scu:696.50 tlayer:2 pbqpoffset:3.25 pbfactor:1.46 avgQpOffsetCutree:-1.99;
in:379 out:382 type:b q:36.06 q-aq:36.00 q-noVbv:36.06 q-Rceq:1.32 tex:261 mv:1514 misc:641 icu:4.00 pcu:289.75 scu:1002.25 tlayer:3 pbqpoffset:6.17 pbfactor:2.04 avgQpOffsetCutree:0.00;
in:381 out:383 type:b q:36.19 q-aq:36.00 q-noVbv:36.19 q-Rceq:1.32 tex:111 mv:1367 misc:658 icu:0.25 pcu:367.00 scu:928.75 tlayer:3 pbqpoffset:6.25 pbfactor:2.06 avgQpOffsetCutree:0.00;
in:384 out:384 type:B q:31.68 q-aq:32.76 q-noVbv:31.68 q-Rceq:1.32 tex:2659 mv:2288 misc:1229 icu:2.00 pcu:437.00 scu:857.00 tlayer:2 pbqpoffset:1.66 pbfactor:1.21 avgQpOffsetCutree:-0.15;
in:383 out:385 type:b q:33.59 q-aq:34.00 q-noVbv:33.59 q-Rceq:1.32 tex:367 mv:1605 misc:804 icu:0.25 pcu:411.50 scu:884.25 tlayer:3 pbqpoffset:3.60 pbfactor:1.52 avgQpOffsetCutree:0.00;
in:401 out:386 type:k q:26.79 q-aq:18.79 q-noVbv:26.79 q-Rceq:1.32 tex:278605 mv:30789 misc:2478 icu:995.25 pcu:299.25 scu:1.50 tlayer:0 pbqpoffset:0.51 pbfactor:1.06 avgQpOffsetCutree:-7.17;
in:393 out:387 type:B q:30.01 q-aq:23.25 q-noVbv:30.01 q-Rceq:1.32 tex:119223 mv:18322 misc:3487 icu:207.00 pcu:775.50 scu:313.50 tlayer:1 pbqpoffset:1.59 pbfactor:1.20 avgQpOffsetCutree:-5.44;
in:389 out:388 type:B q:31.97 q-aq:27.60 q-noVbv:31.97 q-Rceq:1.32 tex:16725 mv:8800 misc:2523 icu:29.75 pcu:686.25 scu:580.00 tlayer:2 pbqpoffset:2.74 pbfactor:1.37 avgQpOffsetCutree:-3.69;
in:387 out:389 type:B q:33.09 q-aq:31.19 q-noVbv:33.09 q-Rceq:1.32 tex:3135 mv:3763 misc:1238 icu:2.75 pcu:698.25 scu:595.00 tlayer:3 pbqpoffset:3.46 pbfactor:1.49 avgQpOffsetCutree:-1.88;
in:386 out:390 type:b q:35.32 q-aq:35.02 q-noVbv:35.32 q-Rceq:1.32 tex:464 mv:1650 misc:710 icu:0.25 pcu:364.25 scu:931.50 tlayer:4 pbqpoffset:5.48 pbfactor:1.88 avgQpOffsetCutree:0.00;
in:388 out:391 type:b q:35.89 q-aq:36.00 q-noVbv:35.89 q-Rceq:1.32 tex:334 mv:1475 misc:615 icu:0.00 pcu:428.75 scu:867.25 tlayer:4 pbqpoffset:6.46 pbfactor:2.11 avgQpOffsetCutree:0.00;
in:391 out:392 type:B q:32.28 q-aq:30.78 q-noVbv:32.28 q-Rceq:1.32 tex:4111 mv:4617 misc:1432 icu:7.50 pcu:643.50 scu:645.00 tlayer:3 pbqpoffset:3.46 pbfactor:1.49 avgQpOffsetCutree:-1.81;
in:390 out:393 type:b q:35.48 q-aq:35.12 q-noVbv:35.48 q-Rceq:1.32 tex:314 mv:1857 misc:765 icu:0.00 pcu:401.75 scu:894.25 tlayer:4 pbqpoffset:6.46 pbfactor:2.11 avgQpOffsetCutree:0.00;
in:392 out:394 type:b q:35.08 q-aq:35.00 q-noVbv:35.08 q-Rceq:1.32 tex:409 mv:1715 misc:732 icu:0.50 pcu:431.25 scu:864.25 tlayer:4 pbqpoffset:6.46 pbfactor:2.11 avgQpOffsetCutree:0.00;
in:397 out:395 type:B q:29.60 q-aq:25.28 q-noVbv:29.60 q-Rceq:1.32 tex:53425 mv:12368 misc:3719 icu:109.25 pcu:756.75 scu:430.00 tlayer:2 pbqpoffset:1.99 pbfactor:1.26 avgQpOffsetCutree:-3.56;
in:395 out:396 type:B q:31.47 q-aq:29.85 q-noVbv:31.47 q-Rceq:1.32 tex:8824 mv:5446 misc:1594 icu:12.00 pcu:749.00 scu:535.00 tlayer:3 pbqpoffset:3.46 pbfactor:1.49 avgQpOffsetCutree:-1.76;
in:394 out:397 type:b q:34.22 q-aq:34.00 q-noVbv:34.22 q-Rceq:1.32 tex:701 mv:2277 misc:790 icu:0.00 pcu:464.50 scu:831.50 tlayer:4 pbqpoffset:6.00 pbfactor:2.00 avgQpOffsetCutree:0.00;
in:396 out:398 type:b q:34.18 q-aq:34.00 q-noVbv:34.18 q-Rceq:1.32 tex:376 mv:2156 misc:812 icu:0.00 pcu:517.00 scu:779.00 tlayer:4 pbqpoffset:6.37 pbfactor:2.09 avgQpOffsetCutree:0.00;
in:399 out:399 type:B q:29.85 q-aq:29.52 q-noVbv:29.85 q-Rceq:1.32 tex:11442 mv:6379 misc:2331 icu:21.75 pcu:653.25 scu:621.00 tlayer:3 pbqpoffset:2.65 pbfactor:1.36 avgQpOffsetCutree:-0.94;
in:398 out:400 type:b q:32.86 q-aq:33.00 q-noVbv:32.86 q-Rceq:1.32 tex:1175 mv:2542 misc:851 icu:1.25 pcu:524.25 scu:770.50 tlayer:4 pbqpoffset:5.46 pbfactor:1.88 avgQpOffsetCutree:0.00;
in:400 out:401 type:b q:30.69 q-aq:31.00 q-noVbv:30.69 q-Rceq:1.32 tex:5217 mv:3310 misc:1513 icu:8.25 pcu:597.50 scu:690.25 tlayer:4 pbqpoffset:3.69 pbfactor:1.53 avgQpOffsetCutree:0.00;
in:408 out:402 type:k q:28.84 q-aq:21.02 q-noVbv:28.84 q-Rceq:1.32 tex:144524 mv:22603 misc:3561 icu:310.25 pcu:698.00 scu:287.75 tlayer:0 pbqpoffset:0.43 pbfactor:1.05 avgQpOffsetCutree:-6.86;
in:405 out:403 type:B q:29.48 q-aq:25.75 q-noVbv:29.48 q-Rceq:1.32 tex:24553 mv:11818 misc:3005 icu:35.00 pcu:764.50 scu:496.50 tlayer:1 pbqpoffset:1.52 pbfactor:1.19 avgQpOffsetCutree:-3.29;
in:403 out:404 type:B q:29.22 q-aq:27.44 q-noVbv:29.22 q-Rceq:1.32 tex:9332 mv:7633 misc:2019 icu:11.25 pcu:743.25 scu:541.50 tlayer:2 pbqpoffset:1.85 pbfactor:1.24 avgQpOffsetCutree:-1.76;
in:402 out:405 type:b q:30.16 q-aq:30.01 q-noVbv:30.16 q-Rceq:1.32 tex:3874 mv:3918 misc:1168 icu:1.25 pcu:668.00 scu:626.75 tlayer:3 pbqpoffset:3.07 pbfactor:1.43 avgQpOffsetCutree:0.00;
in:404 out:406 type:b q:30.33 q-aq:30.14 q-noVbv:30.33 q-Rceq:1.32 tex:2698 mv:3633 misc:1101 icu:3.75 pcu:597.25 scu:695.00 tlayer:3 pbqpoffset:2.66 pbfactor:1.36 avgQpOffsetCutree:0.00;
in:407 out:407 type:B q:30.36 q-aq:30.06 q-noVbv:30.36 q-Rceq:1.32 tex:2876 mv:3584 misc:1204 icu:3.75 pcu:627.00 scu:665.25 tlayer:2 pbqpoffset:1.82 pbfactor:1.23 avgQpOffsetCutree:-0.80;
in:406 out:408 type:b q:30.91 q-aq:31.00 q-noVbv:30.91 q-Rceq:1.32 tex:1878 mv:3290 misc:984 icu:1.00 pcu:582.50 scu:712.50 tlayer:3 pbqpoffset:2.66 pbfactor:1.36 avgQpOffsetCutree:0.00;
in:420 out:409 type:k q:28.00 q-aq:19.78 q-noVbv:28.00 q-Rceq:1.32 tex:214629 mv:23950 misc:2389 icu:920.25 pcu:374.75 scu:1.00 tlayer:0 pbqpoffset:0.33 pbfactor:1.04 avgQpOffsetCutree:-7.36;
in:414 out:410 type:B q:29.91 q-aq:25.74 q-noVbv:29.91 q-Rceq:1.32 tex:56798 mv:13795 misc:3527 icu:126.25 pcu:760.50 scu:409.25 tlayer:1 pbqpoffset:1.49 pbfactor:1.19 avgQpOffsetCutree:-3.52;
in:411 out:411 type:B q:31.02 q-aq:28.05 q-noVbv:31.02 q-Rceq:1.32 tex:14979 mv:7737 misc:2284 icu:16.75 pcu:727.75 scu:551.50 tlayer:2 pbqpoffset:2.40 pbfactor:1.32 avgQpOffsetCutree:-2.77;
in:410 out:412 type:B q:32.05 q-aq:31.45 q-noVbv:32.05 q-Rceq:1.32 tex:1937 mv:3643 misc:1084 icu:0.75 pcu:694.50 scu:600.75 tlayer:3 pbqpoffset:3.36 pbfactor:1.47 avgQpOffsetCutree:-0.88;
in:409 out:413 type:b q:33.66 q-aq:34.00 q-noVbv:33.66 q-Rceq:1.32 tex:984 mv:2399 misc:817 icu:0.75 pcu:484.50 scu:810.75 tlayer:4 pbqpoffset:4.90 pbfactor:1.76 avgQpOffsetCutree:0.00;
in:413 out:414 type:B q:31.85 q-aq:31.16 q-noVbv:31.85 q-Rceq:1.32 tex:1769 mv:3470 misc:1321 icu:0.50 pcu:592.75 scu:702.75 tlayer:3 pbqpoffset:3.36 pbfactor:1.47 avgQpOffsetCutree:-0.89;
in:412 out:415 type:b q:34.62 q-aq:35.00 q-noVbv:34.62 q-Rceq:1.32 tex:609 mv:1931 misc:772 icu:0.50 pcu:389.75 scu:905.75 tlayer:4 pbqpoffset:6.06 pbfactor:2.02 avgQpOffsetCutree:0.00;
in:417 out:416 type:B q:30.05 q-aq:26.49 q-noVbv:30.05 q-Rceq:1.32 tex:32172 mv:10021 misc:3303 icu:47.25 pcu:717.75 scu:531.00 tlayer:2 pbqpoffset:1.84 pbfactor:1.24 avgQpOffsetCutree:-3.04;
in:416 out:417 type:B q:30.80 q-aq:31.57 q-noVbv:30.80 q-Rceq:1.32 tex:3685 mv:3253 misc:1646 icu:4.75 pcu:517.75 scu:773.50 tlayer:3 pbqpoffset:2.53 pbfactor:1.34 avgQpOffsetCutree:-0.26;
in:415 out:418 type:b q:31.98 q-aq:32.00 q-noVbv:31.98 q-Rceq:1.32 tex:2261 mv:2912 misc:1235 icu:3.25 pcu:599.00 scu:693.75 tlayer:4 pbqpoffset:3.63 pbfactor:1.52 avgQpOffsetCutree:0.00;
in:419 out:419 type:B q:31.43 q-aq:30.40 q-noVbv:31.43 q-Rceq:1.32 tex:2489 mv:3791 misc:1136 icu:1.25 pcu:604.25 scu:690.50 tlayer:3 pbqpoffset:3.36 pbfactor:1.47 avgQpOffsetCutree:-0.92;
in:418 out:420 type:b q:33.02 q-aq:33.00 q-noVbv:33.02 q-Rceq:1.32 tex:1569 mv:2780 misc:915 icu:0.75 pcu:513.75 scu:781.50 tlayer:4 pbqpoffset:4.88 pbfactor:1.76 avgQpOffsetCutree:0.00;
in:429 out:421 type:k q:27.93 q-aq:20.71 q-noVbv:27.93 q-Rceq:1.32 tex:158532 mv:21939 misc:3337 icu:399.50 pcu:656.50 scu:240.00 tlayer:0 pbqpoffset:0.29 pbfactor:1.03 avgQpOffsetCutree:-6.40;
in:425 out:422 type:B q:29.50 q-aq:25.04 q-noVbv:29.50 q-Rceq:1.32 tex:34940 mv:12661 misc:3551 icu:54.25 pcu:722.50 scu:519.25 tlayer:1 pbqpoffset:1.53 pbfactor:1.19 avgQpOffsetCutree:-3.75;
in:423 out:423 type:B q:30.10 q-aq:28.15 q-noVbv:30.10 q-Rceq:1.32 tex:7659 mv:6476 misc:2001 icu:7.50 pcu:712.00 scu:576.50 tlayer:2 pbqpoffset:2.13 pbfactor:1.28 avgQpOffsetCutree:-1.99;
in:422 out:424 type:B q:30.97 q-aq:30.51 q-noVbv:30.97 q-Rceq:1.32 tex:2670 mv:3619 misc:1183 icu:0.75 pcu:612.75 scu:682.50 tlayer:3 pbqpoffset:2.98 pbfactor:1.41 avgQpOffsetCutree:-0.95;
in:421 out:425 type:b q:32.02 q-aq:32.00 q-noVbv:32.02 q-Rceq:1.32 tex:1631 mv:3353 misc:1040 icu:0.25 pcu:558.00 scu:737.75 tlayer:4 pbqpoffset:4.03 pbfactor:1.59 avgQpOffsetCutree:0.00;
in:424 out:426 type:b q:31.32 q-aq:31.10 q-noVbv:31.32 q-Rceq:1.32 tex:1984 mv:2898 misc:1126 icu:4.50 pcu:491.75 scu:799.75 tlayer:3 pbqpoffset:3.35 pbfactor:1.47 avgQpOffsetCutree:0.00;
in:427 out:427 type:B q:29.90 q-aq:29.02 q-noVbv:29.90 q-Rceq:1.32 tex:7440 mv:5990 misc:1842 icu:7.50 pcu:713.75 scu:574.75 tlayer:2 pbqpoffset:1.96 pbfactor:1.25 avgQpOffsetCutree:-1.51;
in:426 out:428 type:b q:31.08 q-aq:31.01 q-noVbv:31.08 q-Rceq:1.32 tex:2533 mv:3527 misc:1036 icu:1.25 pcu:542.25 scu:752.50 tlayer:3 pbqpoffset:3.13 pbfactor:1.44 avgQpOffsetCutree:0.00;
in:428 out:429 type:b q:30.72 q-aq:31.00 q-noVbv:30.72 q-Rceq:1.32 tex:2433 mv:3641 misc:1110 icu:3.25 pcu:650.25 scu:642.50 tlayer:3 pbqpoffset:2.78 pbfactor:1.38 avgQpOffsetCutree:0.00;
in:443 out:430 type:k q:26.50 q-aq:18.68 q-noVbv:26.50 q-Rceq:1.32 tex:227003 mv:26647 misc:2678 icu:919.50 pcu:363.75 scu:12.75 tlayer:0 pbqpoffset:0.25 pbfactor:1.03 avgQpOffsetCutree:-7.09;
in:436 out:431 type:B q:28.73 q-aq:22.92 q-noVbv:28.73 q-Rceq:1.32 tex:97607 mv:18035 misc:3470 icu:222.25 pcu:710.50 scu:363.25 tlayer:1 pbqpoffset:1.51 pbfactor:1.19 avgQpOffsetCutree:-5.01;
in:433 out:432 type:B q:29.03 q-aq:25.69 q-noVbv:29.03 q-Rceq:1.32 tex:43766 mv:10356 misc:3566 icu:60.75 pcu:740.25 scu:495.00 tlayer:2 pbqpoffset:1.51 pbfactor:1.19 avgQpOffsetCutree:-2.85;
in:431 out:433 type:B q:29.71 q-aq:29.23 q-noVbv:29.71 q-Rceq:1.32 tex:7052 mv:5274 misc:2050 icu:23.00 pcu:660.75 scu:612.25 tlayer:3 pbqpoffset:1.98 pbfactor:1.26 avgQpOffsetCutree:-0.99;
in:430 out:434 type:b q:31.52 q-aq:32.00 q-noVbv:31.52 q-Rceq:1.32 tex:1609 mv:2787 misc:956 icu:3.25 pcu:531.50 scu:761.25 tlayer:4 pbqpoffset:3.69 pbfactor:1.53 avgQpOffsetCutree:0.00;
in:432 out:435 type:b q:30.27 q-aq:30.07 q-noVbv:30.27 q-Rceq:1.32 tex:7276 mv:4129 misc:2059 icu:10.50 pcu:585.25 scu:700.25 tlayer:4 pbqpoffset:2.65 pbfactor:1.36 avgQpOffsetCutree:0.00;
in:435 out:436 type:B q:30.69 q-aq:30.42 q-noVbv:30.69 q-Rceq:1.32 tex:2778 mv:3328 misc:1070 icu:3.75 pcu:525.00 scu:767.25 tlayer:3 pbqpoffset:3.37 pbfactor:1.48 avgQpOffsetCutree:-0.91;
in:434 out:437 type:b q:31.51 q-aq:32.00 q-noVbv:31.51 q-Rceq:1.32 tex:1925 mv:3011 misc:952 icu:1.50 pcu:548.25 scu:746.25 tlayer:4 pbqpoffset:4.09 pbfactor:1.60 avgQpOffsetCutree:0.00;
in:440 out:438 type:B q:28.94 q-aq:25.35 q-noVbv:28.94 q-Rceq:1.32 tex:21808 mv:10249 misc:2991 icu:30.00 pcu:716.50 scu:549.50 tlayer:2 pbqpoffset:2.13 pbfactor:1.28 avgQpOffsetCutree:-3.10;
in:438 out:439 type:B q:29.93 q-aq:28.26 q-noVbv:29.93 q-Rceq:1.32 tex:6970 mv:5680 misc:1606 icu:6.00 pcu:709.25 scu:580.75 tlayer:3 pbqpoffset:2.92 pbfactor:1.40 avgQpOffsetCutree:-1.90;
in:437 out:440 type:b q:32.21 q-aq:32.01 q-noVbv:32.21 q-Rceq:1.32 tex:1841 mv:3071 misc:960 icu:1.50 pcu:522.50 scu:772.00 tlayer:4 pbqpoffset:5.09 pbfactor:1.80 avgQpOffsetCutree:0.00;
in:439 out:441 type:b q:32.05 q-aq:32.00 q-noVbv:32.05 q-Rceq:1.32 tex:1521 mv:2982 misc:969 icu:2.50 pcu:533.00 scu:760.50 tlayer:4 pbqpoffset:5.14 pbfactor:1.81 avgQpOffsetCutree:0.00;
in:442 out:442 type:B q:29.98 q-aq:29.58 q-noVbv:29.98 q-Rceq:1.32 tex:3233 mv:4151 misc:1128 icu:2.25 pcu:671.00 scu:622.75 tlayer:3 pbqpoffset:3.37 pbfactor:1.48 avgQpOffsetCutree:-0.76;
in:441 out:443 type:b q:31.94 q-aq:32.00 q-noVbv:31.94 q-Rceq:1.32 tex:1874 mv:3259 misc:1003 icu:2.50 pcu:574.00 scu:719.50 tlayer:4 pbqpoffset:5.24 pbfactor:1.83 avgQpOffsetCutree:0.00;
in:455 out:444 type:k q:26.98 q-aq:19.17 q-noVbv:26.98 q-Rceq:1.32 tex:202832 mv:26579 misc:2701 icu:878.50 pcu:401.25 scu:16.25 tlayer:0 pbqpoffset:0.46 pbfactor:1.05 avgQpOffsetCutree:-7.16;
in:449 out:445 type:B q:28.29 q-aq:23.53 q-noVbv:28.29 q-Rceq:1.32 tex:96214 mv:17390 misc:3460 icu:222.50 pcu:687.75 scu:385.75 tlayer:1 pbqpoffset:1.55 pbfactor:1.20 avgQpOffsetCutree:-4.26;
in:446 out:446 type:B q:28.37 q-aq:25.65 q-noVbv:28.37 q-Rceq:1.32 tex:27887 mv:10252 misc:3381 icu:40.00 pcu:659.75 scu:596.25 tlayer:2 pbqpoffset:1.75 pbfactor:1.22 avgQpOffsetCutree:-2.38;
in:445 out:447 type:B q:29.93 q-aq:29.18 q-noVbv:29.93 q-Rceq:1.32 tex:4382 mv:4020 misc:1358 icu:3.00 pcu:592.00 scu:701.00 tlayer:3 pbqpoffset:3.35 pbfactor:1.47 avgQpOffsetCutree:-0.82;
in:444 out:448 type:b q:31.95 q-aq:32.00 q-noVbv:31.95 q-Rceq:1.32 tex:1801 mv:2915 misc:956 icu:4.25 pcu:488.00 scu:803.75 tlayer:4 pbqpoffset:5.41 pbfactor:1.87 avgQpOffsetCutree:0.00;
in:448 out:449 type:B q:29.04 q-aq:29.81 q-noVbv:29.04 q-Rceq:1.32 tex:6353 mv:3399 misc:1568 icu:20.75 pcu:527.25 scu:748.00 tlayer:3 pbqpoffset:2.34 pbfactor:1.31 avgQpOffsetCutree:-0.20;
in:447 out:450 type:b q:30.34 q-aq:30.08 q-noVbv:30.34 q-Rceq:1.32 tex:2642 mv:3120 misc:1366 icu:3.25 pcu:515.50 scu:777.25 tlayer:4 pbqpoffset:3.68 pbfactor:1.53 avgQpOffsetCutree:0.00;
in:452 out:451 type:B q:29.11 q-aq:26.02 q-noVbv:29.11 q-Rceq:1.32 tex:14402 mv:8218 misc:2484 icu:27.75 pcu:711.25 scu:557.00 tlayer:2 pbqpoffset:2.25 pbfactor:1.30 avgQpOffsetCutree:-2.77;
in:451 out:452 type:B q:29.85 q-aq:29.19 q-noVbv:29.85 q-Rceq:1.32 tex:3225 mv:3867 misc:1300 icu:2.50 pcu:623.25 scu:670.25 tlayer:3 pbqpoffset:3.03 pbfactor:1.42 avgQpOffsetCutree:-0.84;
in:450 out:453 type:b q:31.75 q-aq:32.00 q-noVbv:31.75 q-Rceq:1.32 tex:1532 mv:3006 misc:926 icu:0.25 pcu:519.00 scu:776.75 tlayer:4 pbqpoffset:4.96 pbfactor:1.77 avgQpOffsetCutree:0.00;
in:454 out:454 type:B q:30.36 q-aq:29.83 q-noVbv:30.36 q-Rceq:1.32 tex:2423 mv:3538 misc:1103 icu:2.25 pcu:627.50 scu:666.25 tlayer:3 pbqpoffset:3.41 pbfactor:1.48 avgQpOffsetCutree:-0.78;
in:453 out:455 type:b q:31.90 q-aq:32.00 q-noVbv:31.90 q-Rceq:1.32 tex:1516 mv:2723 misc:905 icu:0.50 pcu:578.00 scu:717.50 tlayer:4 pbqpoffset:5.00 pbfactor:1.78 avgQpOffsetCutree:0.00;
in:466 out:456 type:k q:27.14 q-aq:19.45 q-noVbv:27.14 q-Rceq:1.32 tex:215368 mv:27060 misc:2596 icu:904.00 pcu:385.75 scu:6.25 tlayer:0 pbqpoffset:0.39 pbfactor:1.05 avgQpOffsetCutree:-6.87;
in:461 out:457 type:B q:28.60 q-aq:24.10 q-noVbv:28.60 q-Rceq:1.32 tex:64702 mv:14788 misc:3590 icu:155.75 pcu:740.50 scu:399.75 tlayer:1 pbqpoffset:1.54 pbfactor:1.19 avgQpOffsetCutree:-3.79;
in:458 out:458 type:B q:29.19 q-aq:26.19 q-noVbv:29.19 q-Rceq:1.32 tex:17343 mv:9670 misc:2827 icu:24.50 pcu:728.25 scu:543.25 tlayer:2 pbqpoffset:2.17 pbfactor:1.28 avgQpOffsetCutree:-2.69;
in:457 out:459 type:B q:30.03 q-aq:29.84 q-noVbv:30.03 q-Rceq:1.32 tex:3920 mv:4522 misc:1382 icu:7.75 pcu:693.25 scu:595.00 tlayer:3 pbqpoffset:3.02 pbfactor:1.42 avgQpOffsetCutree:-0.75;
in:456 out:460 type:b q:31.23 q-aq:31.02 q-noVbv:31.23 q-Rceq:1.32 tex:2312 mv:3195 misc:981 icu:0.75 pcu:549.75 scu:745.50 tlayer:4 pbqpoffset:4.23 pbfactor:1.63 avgQpOffsetCutree:0.00;
in:460 out:461 type:B q:29.79 q-aq:29.57 q-noVbv:29.79 q-Rceq:1.32 tex:3775 mv:4314 misc:1343 icu:4.00 pcu:662.00 scu:630.00 tlayer:3 pbqpoffset:2.74 pbfactor:1.37 avgQpOffsetCutree:-0.74;
in:459 out:462 type:b q:30.83 q-aq:31.00 q-noVbv:30.83 q-Rceq:1.32 tex:2150 mv:3501 misc:997 icu:3.25 pcu:570.50 scu:722.25 tlayer:4 pbqpoffset:3.79 pbfactor:1.55 avgQpOffsetCutree:0.00;
in:464 out:463 type:B q:28.74 q-aq:27.68 q-noVbv:28.74 q-Rceq:1.32 tex:24969 mv:7030 misc:2769 icu:43.00 pcu:580.75 scu:672.25 tlayer:2 pbqpoffset:1.63 pbfactor:1.21 avgQpOffsetCutree:-1.32;
in:463 out:464 type:B q:29.11 q-aq:28.59 q-noVbv:29.11 q-Rceq:1.32 tex:10933 mv:5960 misc:2427 icu:18.50 pcu:579.25 scu:698.25 tlayer:3 pbqpoffset:2.01 pbfactor:1.26 avgQpOffsetCutree:-0.83;
in:462 out:465 type:b q:31.82 q-aq:32.00 q-noVbv:31.82 q-Rceq:1.32 tex:1623 mv:2455 misc:898 icu:3.25 pcu:494.00 scu:798.75 tlayer:4 pbqpoffset:4.74 pbfactor:1.73 avgQpOffsetCutree:0.00;
in:465 out:466 type:b q:31.84 q-aq:32.00 q-noVbv:31.84 q-Rceq:1.32 tex:1390 mv:2528 misc:914 icu:0.25 pcu:469.50 scu:826.25 tlayer:3 pbqpoffset:4.72 pbfactor:1.72 avgQpOffsetCutree:0.00;
in:482 out:467 type:k q:26.12 q-aq:18.53 q-noVbv:26.12 q-Rceq:1.32 tex:226043 mv:30655 misc:2750 icu:1003.00 pcu:288.25 scu:4.75 tlayer:0 pbqpoffset:0.36 pbfactor:1.04 avgQpOffsetCutree:-6.94;
in:474 out:468 type:B q:28.25 q-aq:22.47 q-noVbv:28.25 q-Rceq:1.32 tex:110297 mv:20292 misc:3395 icu:254.75 pcu:720.75 scu:320.50 tlayer:1 pbqpoffset:1.62 pbfactor:1.21 avgQpOffsetCutree:-5.04;
in:470 out:469 type:B q:29.52 q-aq:25.50 q-noVbv:29.52 q-Rceq:1.32 tex:27997 mv:10958 misc:3269 icu:41.00 pcu:706.75 scu:548.25 tlayer:2 pbqpoffset:2.63 pbfactor:1.36 avgQpOffsetCutree:-3.62;
in:468 out:470 type:B q:30.43 q-aq:28.81 q-noVbv:30.43 q-Rceq:1.32 tex:5339 mv:4525 misc:1488 icu:6.25 pcu:591.00 scu:698.75 tlayer:3 pbqpoffset:3.42 pbfactor:1.49 avgQpOffsetCutree:-1.73;
in:467 out:471 type:b q:33.08 q-aq:33.00 q-noVbv:33.08 q-Rceq:1.32 tex:1477 mv:2318 misc:885 icu:1.75 pcu:467.00 scu:827.25 tlayer:4 pbqpoffset:6.01 pbfactor:2.00 avgQpOffsetCutree:0.00;
in:469 out:472 type:b q:32.36 q-aq:32.04 q-noVbv:32.36 q-Rceq:1.32 tex:1234 mv:2879 misc:1015 icu:0.75 pcu:471.25 scu:824.00 tlayer:4 pbqpoffset:5.42 pbfactor:1.87 avgQpOffsetCutree:0.00;
in:472 out:473 type:B q:30.24 q-aq:28.71 q-noVbv:30.24 q-Rceq:1.32 tex:6748 mv:5960 misc:1684 icu:10.25 pcu:695.75 scu:590.00 tlayer:3 pbqpoffset:3.48 pbfactor:1.50 avgQpOffsetCutree:-1.70;
in:471 out:474 type:b q:32.03 q-aq:32.00 q-noVbv:32.03 q-Rceq:1.32 tex:1463 mv:2770 misc:927 icu:1.50 pcu:576.25 scu:718.25 tlayer:4 pbqpoffset:5.21 pbfactor:1.83 avgQpOffsetCutree:0.00;
in:473 out:475 type:b q:31.83 q-aq:32.00 q-noVbv:31.83 q-Rceq:1.32 tex:1701 mv:2887 misc:956 icu:3.00 pcu:524.50 scu:768.50 tlayer:4 pbqpoffset:5.13 pbfactor:1.81 avgQpOffsetCutree:0.00;
in:478 out:476 type:B q:28.29 q-aq:25.05 q-noVbv:28.29 q-Rceq:1.32 tex:50072 mv:13144 misc:3464 icu:167.50 pcu:698.00 scu:430.50 tlayer:2 pbqpoffset:1.91 pbfactor:1.25 avgQpOffsetCutree:-2.88;
in:476 out:477 type:B q:29.92 q-aq:28.35 q-noVbv:29.92 q-Rceq:1.32 tex:9299 mv:6664 misc:1957 icu:12.75 pcu:657.25 scu:626.00 tlayer:3 pbqpoffset:3.42 pbfactor:1.48 avgQpOffsetCutree:-1.68;
in:475 out:478 type:b q:31.60 q-aq:32.00 q-noVbv:31.60 q-Rceq:1.32 tex:1772 mv:3286 misc:990 icu:1.75 pcu:616.75 scu:677.50 tlayer:4 pbqpoffset:5.04 pbfactor:1.79 avgQpOffsetCutree:0.00;
in:477 out:479 type:b q:31.61 q-aq:32.00 q-noVbv:31.61 q-Rceq:1.32 tex:1834 mv:3025 misc:949 icu:0.50 pcu:680.25 scu:615.25 tlayer:4 pbqpoffset:5.17 pbfactor:1.82 avgQpOffsetCutree:0.00;
in:480 out:480 type:B q:28.49 q-aq:27.75 q-noVbv:28.49 q-Rceq:1.32 tex:27040 mv:8086 misc:3010 icu:47.25 pcu:606.50 scu:642.25 tlayer:3 pbqpoffset:2.24 pbfactor:1.30 avgQpOffsetCutree:-1.21;
in:479 out:481 type:b q:31.01 q-aq:31.00 q-noVbv:31.01 q-Rceq:1.32 tex:2970 mv:3076 misc:1258 icu:13.00 pcu:598.50 scu:684.50 tlayer:4 pbqpoffset:4.70 pbfactor:1.72 avgQpOffsetCutree:0.00;
in:481 out:482 type:b q:31.38 q-aq:31.08 q-noVbv:31.38 q-Rceq:1.32 tex:1435 mv:3079 misc:966 icu:1.25 pcu:587.25 scu:707.50 tlayer:4 pbqpoffset:5.19 pbfactor:1.82 avgQpOffsetCutree:0.00;
in:496 out:483 type:k q:28.74 q-aq:23.62 q-noVbv:28.74 q-Rceq:1.32 tex:142796 mv:26514 misc:2402 icu:1124.25 pcu:156.25 scu:15.50 tlayer:0 pbqpoffset:0.37 pbfactor:1.04 avgQpOffsetCutree:-4.91;
in:489 out:484 type:B q:29.14 q-aq:23.34 q-noVbv:29.14 q-Rceq:1.32 tex:91619 mv:17786 misc:3803 icu:216.25 pcu:612.75 scu:467.00 tlayer:1 pbqpoffset:1.71 pbfactor:1.22 avgQpOffsetCutree:-5.18;
in:486 out:485 type:B q:29.36 q-aq:25.77 q-noVbv:29.36 q-Rceq:1.32 tex:22292 mv:10075 misc:2905 icu:37.00 pcu:628.75 scu:630.25 tlayer:2 pbqpoffset:2.49 pbfactor:1.33 avgQpOffsetCutree:-3.18;
in:484 out:486 type:B q:29.57 q-aq:27.86 q-noVbv:29.57 q-Rceq:1.32 tex:9251 mv:7200 misc:1973 icu:7.50 pcu:765.25 scu:523.25 tlayer:3 pbqpoffset:3.07 pbfactor:1.43 avgQpOffsetCutree:-1.73;
in:483 out:487 type:b q:31.50 q-aq:31.85 q-noVbv:31.50 q-Rceq:1.32 tex:2354 mv:3769 misc:1197 icu:2.50 pcu:572.75 scu:720.75 tlayer:4 pbqpoffset:5.18 pbfactor:1.82 avgQpOffsetCutree:0.00;
in:485 out:488 type:b q:31.85 q-aq:32.00 q-noVbv:31.85 q-Rceq:1.32 tex:1377 mv:3144 misc:991 icu:1.50 pcu:532.25 scu:762.25 tlayer:4 pbqpoffset:5.17 pbfactor:1.82 avgQpOffsetCutree:0.00;
in:488 out:489 type:B q:30.81 q-aq:30.25 q-noVbv:30.81 q-Rceq:1.32 tex:3060 mv:4434 misc:1450 icu:5.25 pcu:678.75 scu:612.00 tlayer:3 pbqpoffset:3.57 pbfactor:1.51 avgQpOffsetCutree:-0.88;
in:487 out:490 type:b q:32.16 q-aq:32.02 q-noVbv:32.16 q-Rceq:1.32 tex:1457 mv:3129 misc:1022 icu:1.00 pcu:500.50 scu:794.50 tlayer:4 pbqpoffset:5.11 pbfactor:1.80 avgQpOffsetCutree:0.00;
in:493 out:491 type:B q:29.88 q-aq:26.02 q-noVbv:29.88 q-Rceq:1.32 tex:41642 mv:12870 misc:3448 icu:87.00 pcu:699.50 scu:509.50 tlayer:2 pbqpoffset:1.71 pbfactor:1.22 avgQpOffsetCutree:-3.45;
in:491 out:492 type:B q:30.96 q-aq:29.74 q-noVbv:30.96 q-Rceq:1.32 tex:7432 mv:5951 misc:1769 icu:25.00 pcu:671.75 scu:599.25 tlayer:3 pbqpoffset:3.16 pbfactor:1.44 avgQpOffsetCutree:-1.59;
in:490 out:493 type:b q:32.80 q-aq:33.00 q-noVbv:32.80 q-Rceq:1.32 tex:1370 mv:2928 misc:1038 icu:1.50 pcu:528.25 scu:766.25 tlayer:4 pbqpoffset:5.19 pbfactor:1.82 avgQpOffsetCutree:0.00;
in:492 out:494 type:b q:32.66 q-aq:33.00 q-noVbv:32.66 q-Rceq:1.32 tex:1102 mv:2818 misc:936 icu:1.25 pcu:589.00 scu:705.75 tlayer:4 pbqpoffset:4.67 pbfactor:1.71 avgQpOffsetCutree:0.00;
in:495 out:495 type:B q:31.19 q-aq:30.58 q-noVbv:31.19 q-Rceq:1.32 tex:9403 mv:5968 misc:2133 icu:35.25 pcu:649.00 scu:611.75 tlayer:3 pbqpoffset:2.64 pbfactor:1.36 avgQpOffsetCutree:-0.80;
in:494 out:496 type:b q:33.43 q-aq:33.10 q-noVbv:33.43 q-Rceq:1.32 tex:1188 mv:2708 misc:1056 icu:4.25 pcu:571.75 scu:720.00 tlayer:4 pbqpoffset:5.07 pbfactor:1.80 avgQpOffsetCutree:0.00;
in:499 out:497 type:k q:28.62 q-aq:27.22 q-noVbv:28.62 q-Rceq:1.32 tex:22155 mv:8474 misc:2627 icu:39.75 pcu:646.25 scu:610.00 tlayer:0 pbqpoffset:0.37 pbfactor:1.04 avgQpOffsetCutree:-1.23;
in:498 out:498 type:B q:30.14 q-aq:29.35 q-noVbv:30.14 q-Rceq:1.32 tex:4140 mv:4279 misc:1429 icu:3.50 pcu:581.50 scu:711.00 tlayer:1 pbqpoffset:1.48 pbfactor:1.19 avgQpOffsetCutree:-0.84;
in:497 out:499 type:b q:31.31 q-aq:31.01 q-noVbv:31.31 q-Rceq:1.32 tex:2315 mv:2852 misc:1089 icu:1.50 pcu:517.00 scu:777.50 tlayer:2 pbqpoffset:2.62 pbfactor:1.35 avgQpOffsetCutree:0.00;
