000 (014.000.000) 2020-12-21 07:19:59 Job submitted from host: <10.0.0.63:9618?PrivAddr=%3c10.0.0.63:9618%3fsock%3dschedd_6827_5527%3e&PrivNet=ryzen7-1700x&addrs=10.0.0.63-9618&alias=ryzen7-1700x&noUDP&sock=schedd_6827_5527>
...
040 (014.000.000) 2020-12-21 07:20:18 Started transferring input files
	Transferring to host: <10.0.0.63:9618?PrivAddr=%3c10.0.0.63:9618%3fsock%3dslot13_6886_8f51_14%3e&PrivNet=ryzen7-1700x&addrs=10.0.0.63-9618&alias=ryzen7-1700x&noUDP&sock=slot13_6886_8f51_14>
...
040 (014.000.000) 2020-12-21 07:20:18 Finished transferring input files
...
001 (014.000.000) 2020-12-21 07:20:20 Job executing on host: <10.0.0.63:9618?sock=startd_6827_5527>
...
006 (014.000.000) 2020-12-21 07:20:28 Image size of job updated: 288928
	192  -  MemoryUsage of job (MB)
	196036  -  ResidentSetSize of job (KB)
...
006 (014.000.000) 2020-12-21 07:25:28 Image size of job updated: 329492
	234  -  MemoryUsage of job (MB)
	239376  -  ResidentSetSize of job (KB)
...
006 (014.000.000) 2020-12-21 07:28:27 Image size of job updated: 329660
	234  -  MemoryUsage of job (MB)
	239376  -  ResidentSetSize of job (KB)
...
040 (014.000.000) 2020-12-21 07:28:27 Started transferring output files
...
040 (014.000.000) 2020-12-21 07:28:28 Finished transferring output files
...
005 (014.000.000) 2020-12-21 07:28:28 Job terminated.
	(1) Normal termination (return value 0)
		Usr 0 00:08:04, Sys 0 00:00:00  -  Run Remote Usage
		Usr 0 00:00:00, Sys 0 00:00:00  -  Run Local Usage
		Usr 0 00:08:04, Sys 0 00:00:00  -  Total Remote Usage
		Usr 0 00:00:00, Sys 0 00:00:00  -  Total Local Usage
	3850702  -  Run Bytes Sent By Job
	4532560  -  Run Bytes Received By Job
	3850702  -  Total Bytes Sent By Job
	4532560  -  Total Bytes Received By Job
	Partitionable Resources :    Usage  Request Allocated 
	   Cpus                 :     1.00        1         1 
	   Disk (KB)            :  8202        4500   2904372 
	   Memory (MB)          :   234           5      2000 

	Job terminated of its own accord at 2020-12-21T12:28:27Z.
...
