#options: cpuid=1173503 frame-threads=1 no-wpp no-pmode no-pme psnr no-ssim log-level=2 bitdepth=8 input-csp=1 fps=50000/1000 input-res=768x432 interlace=0 total-frames=500 level-idc=0 high-tier=1 uhd-bd=0 ref=4 no-allow-non-conformance no-repeat-headers annexb no-aud no-hrd info hash=0 no-temporal-layers open-gop min-keyint=1 keyint=5000 bframes=15 b-adapt=2 b-pyramid bframe-bias=0 rc-lookahead=40 lookahead-slices=0 scenecut=40 no-intra-refresh ctu=64 min-cu-size=8 rect amp max-tu-size=32 tu-inter-depth=3 tu-intra-depth=3 limit-tu=4 rdoq-level=2 dynamic-rd=0.00 no-ssim-rd signhide no-tskip nr-intra=0 nr-inter=0 no-constrained-intra strong-intra-smoothing max-merge=4 limit-refs=1 limit-modes me=3 subme=4 merange=57 temporal-mvp weightp weightb no-analyze-src-pics deblock=0:0 sao no-sao-non-deblock rd=6 no-early-skip rskip no-fast-intra no-tskip-fast no-cu-lossless b-intra rdpenalty=0 psy-rd=0.00 psy-rdoq=0.00 no-rd-refine analysis-reuse-mode=0 no-lossless cbqpoffs=0 crqpoffs=0 rc=abr bitrate=2000 qcomp=0.60 qpstep=4 stats-write=1 stats-read=0 slow-firstpass ipratio=1.40 pbratio=1.30 aq-mode=1 aq-strength=0.00 cutree zone-count=0 no-strict-cbr qg-size=64 no-rc-grain qpmax=69 qpmin=0 no-const-vbv sar=0 overscan=0 videoformat=5 range=0 colorprim=2 transfer=2 colormatrix=2 chromaloc=0 display-window=0 max-cll=0,0 min-luma=0 max-luma=255 log2-max-poc-lsb=8 vui-timing-info vui-hrd-info slices=1 opt-qp-pps opt-ref-list-length-pps no-multi-pass-opt-rps scenecut-bias=0.05 no-opt-cu-delta-qp no-aq-motion no-hdr no-hdr-opt no-dhdr10-opt analysis-reuse-level=5 scale-factor=0 refine-intra=0 refine-inter=0 refine-mv=0 no-limit-sao ctu-info=0 max-tlayer=4
in:0 out:0 type:I q:22.40 q-aq:16.88 q-noVbv:22.40 q-Rceq:1.32 tex:1141 mv:728 misc:427 icu:1296.00 pcu:0.00 scu:0.00 tlayer:0 pbqpoffset:0.00 pbfactor:1.00 avgQpOffsetCutree:-2.68;
in:1 out:1 type:k q:25.31 q-aq:25.00 q-noVbv:25.31 q-Rceq:1.32 tex:0 mv:7 misc:137 icu:0.00 pcu:0.00 scu:1296.00 tlayer:0 pbqpoffset:0.00 pbfactor:1.00 avgQpOffsetCutree:-1.89;
in:2 out:2 type:i q:35.20 q-aq:29.55 q-noVbv:35.20 q-Rceq:1.32 tex:353624 mv:43118 misc:1882 icu:1296.00 pcu:0.00 scu:0.00 tlayer:0 pbqpoffset:0.00 pbfactor:1.00 avgQpOffsetCutree:-6.73;
in:18 out:3 type:k q:34.11 q-aq:26.99 q-noVbv:34.11 q-Rceq:1.32 tex:399444 mv:26809 misc:2467 icu:564.00 pcu:728.50 scu:3.50 tlayer:0 pbqpoffset:0.00 pbfactor:1.00 avgQpOffsetCutree:-7.19;
in:10 out:4 type:B q:37.38 q-aq:31.34 q-noVbv:37.38 q-Rceq:1.32 tex:154138 mv:21083 misc:3435 icu:77.75 pcu:998.25 scu:220.00 tlayer:1 pbqpoffset:3.27 pbfactor:1.46 avgQpOffsetCutree:-5.12;
in:6 out:5 type:B q:37.97 q-aq:34.39 q-noVbv:37.97 q-Rceq:1.32 tex:67886 mv:10121 misc:1945 icu:8.50 pcu:760.75 scu:526.75 tlayer:2 pbqpoffset:3.86 pbfactor:1.56 avgQpOffsetCutree:-3.29;
in:4 out:6 type:B q:38.84 q-aq:36.95 q-noVbv:38.84 q-Rceq:1.32 tex:14072 mv:3412 misc:1348 icu:1.25 pcu:504.25 scu:790.50 tlayer:3 pbqpoffset:4.73 pbfactor:1.73 avgQpOffsetCutree:-1.97;
in:3 out:7 type:b q:42.24 q-aq:42.00 q-noVbv:42.24 q-Rceq:1.32 tex:112 mv:468 misc:300 icu:0.25 pcu:115.50 scu:1180.25 tlayer:4 pbqpoffset:8.13 pbfactor:2.56 avgQpOffsetCutree:0.00;
in:5 out:8 type:b q:40.89 q-aq:41.00 q-noVbv:40.89 q-Rceq:1.32 tex:2 mv:651 misc:347 icu:0.00 pcu:174.50 scu:1121.50 tlayer:4 pbqpoffset:6.78 pbfactor:2.19 avgQpOffsetCutree:0.00;
in:8 out:9 type:B q:39.02 q-aq:38.55 q-noVbv:39.02 q-Rceq:1.32 tex:11673 mv:3090 misc:1357 icu:2.75 pcu:354.50 scu:938.75 tlayer:3 pbqpoffset:4.91 pbfactor:1.76 avgQpOffsetCutree:-1.18;
in:7 out:10 type:b q:42.24 q-aq:42.00 q-noVbv:42.24 q-Rceq:1.32 tex:81 mv:393 misc:334 icu:0.00 pcu:166.25 scu:1129.75 tlayer:4 pbqpoffset:8.13 pbfactor:2.56 avgQpOffsetCutree:0.00;
in:9 out:11 type:b q:42.24 q-aq:42.00 q-noVbv:42.24 q-Rceq:1.32 tex:2 mv:476 misc:290 icu:0.00 pcu:142.75 scu:1153.25 tlayer:4 pbqpoffset:8.13 pbfactor:2.56 avgQpOffsetCutree:0.00;
in:14 out:12 type:B q:37.66 q-aq:34.32 q-noVbv:37.66 q-Rceq:1.32 tex:69413 mv:11343 misc:2148 icu:8.50 pcu:808.50 scu:479.00 tlayer:2 pbqpoffset:3.55 pbfactor:1.51 avgQpOffsetCutree:-3.03;
in:12 out:13 type:B q:39.25 q-aq:37.48 q-noVbv:39.25 q-Rceq:1.32 tex:9362 mv:3265 misc:1405 icu:0.50 pcu:392.50 scu:903.00 tlayer:3 pbqpoffset:5.14 pbfactor:1.81 avgQpOffsetCutree:-1.84;
in:11 out:14 type:b q:42.24 q-aq:42.00 q-noVbv:42.24 q-Rceq:1.32 tex:109 mv:305 misc:290 icu:0.00 pcu:45.25 scu:1250.75 tlayer:4 pbqpoffset:8.13 pbfactor:2.56 avgQpOffsetCutree:0.00;
in:13 out:15 type:b q:42.24 q-aq:42.00 q-noVbv:42.24 q-Rceq:1.32 tex:2 mv:521 misc:333 icu:0.00 pcu:142.75 scu:1153.25 tlayer:4 pbqpoffset:8.13 pbfactor:2.56 avgQpOffsetCutree:0.00;
in:16 out:16 type:B q:38.94 q-aq:38.17 q-noVbv:38.94 q-Rceq:1.32 tex:9244 mv:3129 misc:1291 icu:0.50 pcu:455.75 scu:839.75 tlayer:3 pbqpoffset:4.83 pbfactor:1.75 avgQpOffsetCutree:-1.39;
in:15 out:17 type:b q:39.88 q-aq:40.00 q-noVbv:39.88 q-Rceq:1.32 tex:61 mv:1099 misc:512 icu:0.00 pcu:337.75 scu:958.25 tlayer:4 pbqpoffset:5.77 pbfactor:1.95 avgQpOffsetCutree:0.00;
in:17 out:18 type:b q:42.24 q-aq:42.00 q-noVbv:42.24 q-Rceq:1.32 tex:111 mv:344 misc:265 icu:0.25 pcu:87.25 scu:1208.50 tlayer:4 pbqpoffset:8.13 pbfactor:2.56 avgQpOffsetCutree:0.00;
in:34 out:19 type:k q:37.23 q-aq:31.76 q-noVbv:37.23 q-Rceq:1.32 tex:171484 mv:26490 misc:3554 icu:316.75 pcu:904.00 scu:75.25 tlayer:0 pbqpoffset:0.00 pbfactor:1.00 avgQpOffsetCutree:-7.13;
in:26 out:20 type:B q:39.68 q-aq:34.08 q-noVbv:39.68 q-Rceq:1.32 tex:67859 mv:17015 misc:3350 icu:39.25 pcu:983.50 scu:273.25 tlayer:1 pbqpoffset:2.45 pbfactor:1.33 avgQpOffsetCutree:-5.21;
in:22 out:21 type:B q:40.47 q-aq:37.61 q-noVbv:40.47 q-Rceq:1.32 tex:26575 mv:7280 misc:1737 icu:4.00 pcu:642.00 scu:650.00 tlayer:2 pbqpoffset:3.24 pbfactor:1.45 avgQpOffsetCutree:-3.20;
in:20 out:22 type:B q:41.54 q-aq:40.05 q-noVbv:41.54 q-Rceq:1.32 tex:858 mv:1462 misc:624 icu:0.50 pcu:274.00 scu:1021.50 tlayer:3 pbqpoffset:4.32 pbfactor:1.65 avgQpOffsetCutree:-1.73;
in:19 out:23 type:b q:44.54 q-aq:45.00 q-noVbv:44.54 q-Rceq:1.32 tex:65 mv:340 misc:283 icu:0.00 pcu:82.00 scu:1214.00 tlayer:4 pbqpoffset:7.31 pbfactor:2.33 avgQpOffsetCutree:0.00;
in:21 out:24 type:b q:44.37 q-aq:44.00 q-noVbv:44.37 q-Rceq:1.32 tex:2 mv:407 misc:319 icu:0.25 pcu:140.25 scu:1155.50 tlayer:4 pbqpoffset:7.14 pbfactor:2.28 avgQpOffsetCutree:0.00;
in:24 out:25 type:B q:41.40 q-aq:39.63 q-noVbv:41.40 q-Rceq:1.32 tex:1714 mv:1909 misc:865 icu:0.25 pcu:357.25 scu:938.50 tlayer:3 pbqpoffset:4.17 pbfactor:1.62 avgQpOffsetCutree:-1.80;
in:23 out:26 type:b q:44.11 q-aq:44.00 q-noVbv:44.11 q-Rceq:1.32 tex:3 mv:441 misc:308 icu:0.00 pcu:66.00 scu:1230.00 tlayer:4 pbqpoffset:6.88 pbfactor:2.22 avgQpOffsetCutree:0.00;
in:25 out:27 type:b q:44.11 q-aq:44.00 q-noVbv:44.11 q-Rceq:1.32 tex:63 mv:329 misc:296 icu:0.00 pcu:102.00 scu:1194.00 tlayer:4 pbqpoffset:6.88 pbfactor:2.22 avgQpOffsetCutree:0.00;
in:30 out:28 type:B q:40.36 q-aq:37.01 q-noVbv:40.36 q-Rceq:1.32 tex:29593 mv:7767 misc:1760 icu:4.25 pcu:757.00 scu:534.75 tlayer:2 pbqpoffset:3.13 pbfactor:1.44 avgQpOffsetCutree:-3.05;
in:28 out:29 type:B q:41.54 q-aq:40.41 q-noVbv:41.54 q-Rceq:1.32 tex:2168 mv:1621 misc:731 icu:0.50 pcu:286.75 scu:1008.75 tlayer:3 pbqpoffset:4.32 pbfactor:1.65 avgQpOffsetCutree:-1.67;
in:27 out:30 type:b q:44.54 q-aq:45.00 q-noVbv:44.54 q-Rceq:1.32 tex:1 mv:167 misc:216 icu:0.00 pcu:29.00 scu:1267.00 tlayer:4 pbqpoffset:7.31 pbfactor:2.33 avgQpOffsetCutree:0.00;
in:29 out:31 type:b q:44.54 q-aq:45.00 q-noVbv:44.54 q-Rceq:1.32 tex:1 mv:146 misc:253 icu:0.00 pcu:30.00 scu:1266.00 tlayer:4 pbqpoffset:7.31 pbfactor:2.33 avgQpOffsetCutree:0.00;
in:32 out:32 type:B q:40.46 q-aq:39.29 q-noVbv:40.46 q-Rceq:1.32 tex:3936 mv:2083 misc:1029 icu:0.75 pcu:445.25 scu:850.00 tlayer:3 pbqpoffset:3.23 pbfactor:1.45 avgQpOffsetCutree:-1.34;
in:31 out:33 type:b q:43.02 q-aq:43.00 q-noVbv:43.02 q-Rceq:1.32 tex:80 mv:412 misc:340 icu:0.00 pcu:98.00 scu:1198.00 tlayer:4 pbqpoffset:5.79 pbfactor:1.95 avgQpOffsetCutree:0.00;
in:33 out:34 type:b q:43.37 q-aq:43.00 q-noVbv:43.37 q-Rceq:1.32 tex:70 mv:475 misc:327 icu:0.00 pcu:207.00 scu:1089.00 tlayer:4 pbqpoffset:6.15 pbfactor:2.03 avgQpOffsetCutree:0.00;
in:42 out:35 type:k q:36.60 q-aq:30.25 q-noVbv:36.60 q-Rceq:1.32 tex:168074 mv:23968 misc:3486 icu:145.25 pcu:1021.50 scu:129.25 tlayer:0 pbqpoffset:0.00 pbfactor:1.00 avgQpOffsetCutree:-5.69;
in:38 out:36 type:B q:39.17 q-aq:35.95 q-noVbv:39.17 q-Rceq:1.32 tex:41306 mv:9098 misc:1908 icu:3.75 pcu:750.00 scu:542.25 tlayer:1 pbqpoffset:2.26 pbfactor:1.30 avgQpOffsetCutree:-3.23;
in:36 out:37 type:B q:39.81 q-aq:38.21 q-noVbv:39.81 q-Rceq:1.32 tex:7456 mv:3319 misc:1345 icu:1.00 pcu:523.00 scu:772.00 tlayer:2 pbqpoffset:2.74 pbfactor:1.37 avgQpOffsetCutree:-2.05;
in:35 out:38 type:b q:41.19 q-aq:41.00 q-noVbv:41.19 q-Rceq:1.32 tex:48 mv:559 misc:353 icu:0.00 pcu:119.50 scu:1176.50 tlayer:3 pbqpoffset:4.04 pbfactor:1.59 avgQpOffsetCutree:0.00;
in:37 out:39 type:b q:42.18 q-aq:42.00 q-noVbv:42.18 q-Rceq:1.32 tex:5 mv:741 misc:390 icu:0.25 pcu:245.00 scu:1050.75 tlayer:3 pbqpoffset:5.18 pbfactor:1.82 avgQpOffsetCutree:0.00;
in:40 out:40 type:B q:39.38 q-aq:37.73 q-noVbv:39.38 q-Rceq:1.32 tex:7396 mv:2981 misc:1303 icu:1.50 pcu:499.50 scu:795.00 tlayer:2 pbqpoffset:2.61 pbfactor:1.35 avgQpOffsetCutree:-1.82;
in:39 out:41 type:b q:41.90 q-aq:42.00 q-noVbv:41.90 q-Rceq:1.32 tex:4 mv:688 misc:364 icu:0.00 pcu:172.25 scu:1123.75 tlayer:3 pbqpoffset:5.06 pbfactor:1.79 avgQpOffsetCutree:0.00;
in:41 out:42 type:b q:41.50 q-aq:41.00 q-noVbv:41.50 q-Rceq:1.32 tex:3 mv:638 misc:343 icu:0.00 pcu:184.50 scu:1111.50 tlayer:3 pbqpoffset:4.81 pbfactor:1.74 avgQpOffsetCutree:0.00;
in:50 out:43 type:k q:37.65 q-aq:31.81 q-noVbv:37.65 q-Rceq:1.32 tex:190666 mv:23528 misc:3134 icu:171.75 pcu:1067.50 scu:56.75 tlayer:0 pbqpoffset:0.00 pbfactor:1.00 avgQpOffsetCutree:-6.37;
in:46 out:44 type:B q:39.20 q-aq:35.81 q-noVbv:39.20 q-Rceq:1.32 tex:47335 mv:8790 misc:2059 icu:3.25 pcu:746.25 scu:546.50 tlayer:1 pbqpoffset:2.07 pbfactor:1.27 avgQpOffsetCutree:-3.28;
in:44 out:45 type:B q:40.32 q-aq:38.99 q-noVbv:40.32 q-Rceq:1.32 tex:5106 mv:2936 misc:1110 icu:1.50 pcu:477.75 scu:816.75 tlayer:2 pbqpoffset:3.45 pbfactor:1.49 avgQpOffsetCutree:-1.52;
in:43 out:46 type:b q:43.20 q-aq:43.00 q-noVbv:43.20 q-Rceq:1.32 tex:5 mv:310 misc:309 icu:0.00 pcu:133.00 scu:1163.00 tlayer:3 pbqpoffset:6.47 pbfactor:2.11 avgQpOffsetCutree:0.00;
in:45 out:47 type:b q:43.23 q-aq:43.00 q-noVbv:43.23 q-Rceq:1.32 tex:3 mv:500 misc:361 icu:0.00 pcu:212.00 scu:1084.00 tlayer:3 pbqpoffset:6.23 pbfactor:2.05 avgQpOffsetCutree:0.00;
in:48 out:48 type:B q:40.18 q-aq:39.05 q-noVbv:40.18 q-Rceq:1.32 tex:8105 mv:3337 misc:1294 icu:0.50 pcu:488.00 scu:807.50 tlayer:2 pbqpoffset:2.78 pbfactor:1.38 avgQpOffsetCutree:-1.41;
in:47 out:49 type:b q:41.78 q-aq:42.00 q-noVbv:41.78 q-Rceq:1.32 tex:83 mv:470 misc:399 icu:0.00 pcu:188.00 scu:1108.00 tlayer:3 pbqpoffset:4.52 pbfactor:1.69 avgQpOffsetCutree:0.00;
in:49 out:50 type:b q:44.38 q-aq:44.00 q-noVbv:44.38 q-Rceq:1.32 tex:4 mv:218 misc:250 icu:0.00 pcu:139.00 scu:1157.00 tlayer:3 pbqpoffset:6.85 pbfactor:2.21 avgQpOffsetCutree:0.00;
in:58 out:51 type:k q:36.41 q-aq:30.34 q-noVbv:36.41 q-Rceq:1.32 tex:171172 mv:22871 misc:3541 icu:173.75 pcu:1001.50 scu:120.75 tlayer:0 pbqpoffset:0.00 pbfactor:1.00 avgQpOffsetCutree:-5.45;
in:54 out:52 type:B q:39.10 q-aq:35.34 q-noVbv:39.10 q-Rceq:1.32 tex:46936 mv:8722 misc:1934 icu:6.50 pcu:703.50 scu:586.00 tlayer:1 pbqpoffset:2.07 pbfactor:1.27 avgQpOffsetCutree:-3.31;
in:52 out:53 type:B q:40.03 q-aq:38.42 q-noVbv:40.03 q-Rceq:1.32 tex:4979 mv:2774 misc:1223 icu:0.25 pcu:485.00 scu:810.75 tlayer:2 pbqpoffset:2.69 pbfactor:1.36 avgQpOffsetCutree:-1.71;
in:51 out:54 type:b q:41.72 q-aq:42.00 q-noVbv:41.72 q-Rceq:1.32 tex:85 mv:523 misc:360 icu:0.00 pcu:269.00 scu:1027.00 tlayer:3 pbqpoffset:4.22 pbfactor:1.63 avgQpOffsetCutree:0.00;
in:53 out:55 type:b q:40.55 q-aq:41.00 q-noVbv:40.55 q-Rceq:1.32 tex:102 mv:579 misc:367 icu:0.00 pcu:101.50 scu:1194.50 tlayer:3 pbqpoffset:3.36 pbfactor:1.47 avgQpOffsetCutree:0.00;
in:56 out:56 type:B q:39.39 q-aq:38.00 q-noVbv:39.39 q-Rceq:1.32 tex:5603 mv:2755 misc:1290 icu:0.50 pcu:441.00 scu:854.50 tlayer:2 pbqpoffset:2.67 pbfactor:1.36 avgQpOffsetCutree:-1.75;
in:55 out:57 type:b q:40.37 q-aq:40.00 q-noVbv:40.37 q-Rceq:1.32 tex:146 mv:882 misc:460 icu:0.00 pcu:111.25 scu:1184.75 tlayer:3 pbqpoffset:3.49 pbfactor:1.50 avgQpOffsetCutree:0.00;
in:57 out:58 type:b q:40.48 q-aq:40.51 q-noVbv:40.48 q-Rceq:1.32 tex:149 mv:603 misc:408 icu:0.00 pcu:140.25 scu:1155.75 tlayer:3 pbqpoffset:3.92 pbfactor:1.57 avgQpOffsetCutree:0.00;
in:66 out:59 type:k q:37.13 q-aq:31.29 q-noVbv:37.13 q-Rceq:1.32 tex:176340 mv:22183 misc:3077 icu:215.50 pcu:1022.75 scu:57.75 tlayer:0 pbqpoffset:2.14 pbfactor:1.28 avgQpOffsetCutree:-6.46;
in:62 out:60 type:B q:38.88 q-aq:35.68 q-noVbv:38.88 q-Rceq:1.32 tex:38525 mv:8036 misc:1959 icu:5.00 pcu:781.50 scu:509.50 tlayer:1 pbqpoffset:2.11 pbfactor:1.28 avgQpOffsetCutree:-3.09;
in:60 out:61 type:B q:39.82 q-aq:38.64 q-noVbv:39.82 q-Rceq:1.32 tex:4126 mv:2478 misc:1012 icu:2.00 pcu:369.25 scu:924.75 tlayer:2 pbqpoffset:3.23 pbfactor:1.45 avgQpOffsetCutree:-1.73;
in:59 out:62 type:b q:41.25 q-aq:41.00 q-noVbv:41.25 q-Rceq:1.32 tex:99 mv:705 misc:412 icu:0.00 pcu:147.00 scu:1149.00 tlayer:3 pbqpoffset:4.75 pbfactor:1.73 avgQpOffsetCutree:0.00;
in:61 out:63 type:b q:41.56 q-aq:42.00 q-noVbv:41.56 q-Rceq:1.32 tex:26 mv:496 misc:342 icu:0.25 pcu:37.50 scu:1258.25 tlayer:3 pbqpoffset:4.88 pbfactor:1.76 avgQpOffsetCutree:0.00;
in:64 out:64 type:B q:39.66 q-aq:38.43 q-noVbv:39.66 q-Rceq:1.32 tex:4004 mv:2536 misc:1204 icu:1.50 pcu:423.75 scu:870.75 tlayer:2 pbqpoffset:2.71 pbfactor:1.37 avgQpOffsetCutree:-1.48;
in:63 out:65 type:b q:40.86 q-aq:41.00 q-noVbv:40.86 q-Rceq:1.32 tex:68 mv:901 misc:519 icu:0.00 pcu:298.50 scu:997.50 tlayer:3 pbqpoffset:4.01 pbfactor:1.59 avgQpOffsetCutree:0.00;
in:65 out:66 type:b q:41.66 q-aq:42.00 q-noVbv:41.66 q-Rceq:1.32 tex:3 mv:551 misc:358 icu:0.25 pcu:159.50 scu:1136.25 tlayer:3 pbqpoffset:4.62 pbfactor:1.71 avgQpOffsetCutree:0.00;
in:74 out:67 type:k q:35.64 q-aq:29.78 q-noVbv:35.64 q-Rceq:1.32 tex:188012 mv:24272 misc:3604 icu:153.25 pcu:991.75 scu:151.00 tlayer:0 pbqpoffset:2.14 pbfactor:1.28 avgQpOffsetCutree:-5.60;
in:70 out:68 type:B q:38.44 q-aq:34.44 q-noVbv:38.44 q-Rceq:1.32 tex:48858 mv:9560 misc:2118 icu:6.25 pcu:843.50 scu:446.25 tlayer:1 pbqpoffset:2.06 pbfactor:1.27 avgQpOffsetCutree:-3.46;
in:68 out:69 type:B q:39.16 q-aq:37.28 q-noVbv:39.16 q-Rceq:1.32 tex:8447 mv:3098 misc:1391 icu:1.25 pcu:518.25 scu:776.50 tlayer:2 pbqpoffset:2.40 pbfactor:1.32 avgQpOffsetCutree:-1.80;
in:67 out:70 type:b q:40.38 q-aq:40.00 q-noVbv:40.38 q-Rceq:1.32 tex:114 mv:812 misc:418 icu:0.00 pcu:184.00 scu:1112.00 tlayer:3 pbqpoffset:3.44 pbfactor:1.49 avgQpOffsetCutree:0.00;
in:69 out:71 type:b q:40.65 q-aq:41.00 q-noVbv:40.65 q-Rceq:1.32 tex:124 mv:477 misc:351 icu:0.00 pcu:115.00 scu:1181.00 tlayer:3 pbqpoffset:4.08 pbfactor:1.60 avgQpOffsetCutree:0.00;
in:72 out:72 type:B q:39.01 q-aq:37.91 q-noVbv:39.01 q-Rceq:1.32 tex:7677 mv:3235 misc:1264 icu:1.25 pcu:482.00 scu:812.75 tlayer:2 pbqpoffset:2.99 pbfactor:1.41 avgQpOffsetCutree:-1.68;
in:71 out:73 type:b q:41.04 q-aq:41.00 q-noVbv:41.04 q-Rceq:1.32 tex:53 mv:509 misc:358 icu:0.00 pcu:70.75 scu:1225.25 tlayer:3 pbqpoffset:4.84 pbfactor:1.75 avgQpOffsetCutree:0.00;
in:73 out:74 type:b q:39.44 q-aq:39.00 q-noVbv:39.44 q-Rceq:1.32 tex:5 mv:1160 misc:555 icu:0.00 pcu:295.00 scu:1001.00 tlayer:3 pbqpoffset:3.61 pbfactor:1.52 avgQpOffsetCutree:0.00;
in:82 out:75 type:k q:36.29 q-aq:30.88 q-noVbv:36.29 q-Rceq:1.32 tex:174469 mv:20801 misc:3154 icu:217.25 pcu:1024.00 scu:54.75 tlayer:0 pbqpoffset:1.32 pbfactor:1.16 avgQpOffsetCutree:-5.97;
in:78 out:76 type:B q:37.98 q-aq:34.60 q-noVbv:37.98 q-Rceq:1.32 tex:39932 mv:8615 misc:2277 icu:6.50 pcu:782.00 scu:507.50 tlayer:1 pbqpoffset:2.01 pbfactor:1.26 avgQpOffsetCutree:-3.21;
in:76 out:77 type:B q:38.87 q-aq:37.57 q-noVbv:38.87 q-Rceq:1.32 tex:6700 mv:2271 misc:1133 icu:0.50 pcu:468.50 scu:827.00 tlayer:2 pbqpoffset:3.06 pbfactor:1.42 avgQpOffsetCutree:-1.99;
in:75 out:78 type:b q:41.12 q-aq:41.00 q-noVbv:41.12 q-Rceq:1.32 tex:98 mv:549 misc:361 icu:0.00 pcu:84.00 scu:1212.00 tlayer:3 pbqpoffset:5.39 pbfactor:1.86 avgQpOffsetCutree:0.00;
in:77 out:79 type:b q:42.74 q-aq:43.00 q-noVbv:42.74 q-Rceq:1.32 tex:2 mv:359 misc:279 icu:0.00 pcu:50.25 scu:1245.75 tlayer:3 pbqpoffset:6.86 pbfactor:2.21 avgQpOffsetCutree:0.00;
in:80 out:80 type:B q:38.57 q-aq:38.07 q-noVbv:38.57 q-Rceq:1.32 tex:7386 mv:2553 misc:1277 icu:0.75 pcu:405.00 scu:890.25 tlayer:2 pbqpoffset:2.45 pbfactor:1.33 avgQpOffsetCutree:-1.00;
in:79 out:81 type:b q:41.85 q-aq:42.00 q-noVbv:41.85 q-Rceq:1.32 tex:86 mv:542 misc:428 icu:0.00 pcu:202.00 scu:1094.00 tlayer:3 pbqpoffset:5.81 pbfactor:1.96 avgQpOffsetCutree:0.00;
in:81 out:82 type:b q:42.52 q-aq:43.00 q-noVbv:42.52 q-Rceq:1.32 tex:1 mv:483 misc:356 icu:0.00 pcu:103.00 scu:1193.00 tlayer:3 pbqpoffset:6.31 pbfactor:2.07 avgQpOffsetCutree:0.00;
in:90 out:83 type:k q:34.97 q-aq:29.24 q-noVbv:34.97 q-Rceq:1.32 tex:190211 mv:25503 misc:3374 icu:178.00 pcu:1022.50 scu:95.50 tlayer:0 pbqpoffset:1.32 pbfactor:1.16 avgQpOffsetCutree:-5.58;
in:86 out:84 type:B q:37.65 q-aq:33.79 q-noVbv:37.65 q-Rceq:1.32 tex:44895 mv:8785 misc:2232 icu:4.50 pcu:753.75 scu:537.75 tlayer:1 pbqpoffset:2.02 pbfactor:1.26 avgQpOffsetCutree:-3.76;
in:84 out:85 type:B q:39.33 q-aq:38.02 q-noVbv:39.33 q-Rceq:1.32 tex:2641 mv:2116 misc:987 icu:0.25 pcu:406.50 scu:889.25 tlayer:2 pbqpoffset:3.37 pbfactor:1.48 avgQpOffsetCutree:-1.68;
in:83 out:86 type:b q:41.71 q-aq:42.00 q-noVbv:41.71 q-Rceq:1.32 tex:29 mv:545 misc:378 icu:0.00 pcu:189.50 scu:1106.50 tlayer:3 pbqpoffset:5.59 pbfactor:1.91 avgQpOffsetCutree:0.00;
in:85 out:87 type:b q:41.76 q-aq:42.00 q-noVbv:41.76 q-Rceq:1.32 tex:3 mv:576 misc:373 icu:0.00 pcu:104.75 scu:1191.25 tlayer:3 pbqpoffset:5.97 pbfactor:1.99 avgQpOffsetCutree:0.00;
in:88 out:88 type:B q:38.39 q-aq:36.97 q-noVbv:38.39 q-Rceq:1.32 tex:6388 mv:2786 misc:1170 icu:0.50 pcu:382.25 scu:913.25 tlayer:2 pbqpoffset:3.09 pbfactor:1.43 avgQpOffsetCutree:-1.74;
in:87 out:89 type:b q:42.33 q-aq:42.00 q-noVbv:42.33 q-Rceq:1.32 tex:1 mv:518 misc:321 icu:0.00 pcu:95.50 scu:1200.50 tlayer:3 pbqpoffset:6.86 pbfactor:2.21 avgQpOffsetCutree:0.00;
in:89 out:90 type:b q:40.18 q-aq:40.00 q-noVbv:40.18 q-Rceq:1.32 tex:137 mv:806 misc:481 icu:0.00 pcu:205.50 scu:1090.50 tlayer:3 pbqpoffset:5.05 pbfactor:1.79 avgQpOffsetCutree:0.00;
in:98 out:91 type:k q:36.20 q-aq:31.18 q-noVbv:36.20 q-Rceq:1.32 tex:201924 mv:21744 misc:3132 icu:183.75 pcu:1045.25 scu:67.00 tlayer:0 pbqpoffset:1.32 pbfactor:1.16 avgQpOffsetCutree:-6.09;
in:94 out:92 type:B q:37.85 q-aq:34.65 q-noVbv:37.85 q-Rceq:1.32 tex:44644 mv:8692 misc:2128 icu:5.75 pcu:718.00 scu:572.25 tlayer:1 pbqpoffset:2.26 pbfactor:1.30 avgQpOffsetCutree:-3.18;
in:92 out:93 type:B q:38.28 q-aq:37.19 q-noVbv:38.28 q-Rceq:1.32 tex:9471 mv:2906 misc:1431 icu:0.75 pcu:428.25 scu:867.00 tlayer:2 pbqpoffset:3.00 pbfactor:1.41 avgQpOffsetCutree:-1.38;
in:91 out:94 type:b q:42.08 q-aq:42.00 q-noVbv:42.08 q-Rceq:1.32 tex:75 mv:568 misc:373 icu:0.00 pcu:180.25 scu:1115.75 tlayer:3 pbqpoffset:6.96 pbfactor:2.23 avgQpOffsetCutree:0.00;
in:93 out:95 type:b q:40.79 q-aq:41.00 q-noVbv:40.79 q-Rceq:1.32 tex:133 mv:497 misc:354 icu:0.00 pcu:135.25 scu:1160.75 tlayer:3 pbqpoffset:5.36 pbfactor:1.86 avgQpOffsetCutree:0.00;
in:96 out:96 type:B q:38.47 q-aq:37.71 q-noVbv:38.47 q-Rceq:1.32 tex:8535 mv:2847 misc:1466 icu:0.25 pcu:442.00 scu:853.75 tlayer:2 pbqpoffset:2.58 pbfactor:1.35 avgQpOffsetCutree:-1.49;
in:95 out:97 type:b q:41.13 q-aq:41.00 q-noVbv:41.13 q-Rceq:1.32 tex:36 mv:737 misc:467 icu:0.25 pcu:198.50 scu:1097.25 tlayer:3 pbqpoffset:5.39 pbfactor:1.86 avgQpOffsetCutree:0.00;
in:97 out:98 type:b q:42.28 q-aq:42.00 q-noVbv:42.28 q-Rceq:1.32 tex:2 mv:299 misc:299 icu:0.00 pcu:109.25 scu:1186.75 tlayer:3 pbqpoffset:6.23 pbfactor:2.05 avgQpOffsetCutree:0.00;
in:106 out:99 type:k q:35.02 q-aq:29.47 q-noVbv:35.02 q-Rceq:1.32 tex:206876 mv:27562 misc:3498 icu:142.00 pcu:1019.00 scu:135.00 tlayer:0 pbqpoffset:1.12 pbfactor:1.14 avgQpOffsetCutree:-5.50;
in:102 out:100 type:B q:37.74 q-aq:33.24 q-noVbv:37.74 q-Rceq:1.32 tex:63398 mv:10807 misc:2531 icu:3.00 pcu:863.50 scu:429.50 tlayer:1 pbqpoffset:2.13 pbfactor:1.28 avgQpOffsetCutree:-3.92;
in:100 out:101 type:B q:38.77 q-aq:37.09 q-noVbv:38.77 q-Rceq:1.32 tex:12058 mv:3628 misc:1514 icu:2.00 pcu:486.50 scu:807.50 tlayer:2 pbqpoffset:2.87 pbfactor:1.39 avgQpOffsetCutree:-1.66;
in:99 out:102 type:b q:41.91 q-aq:42.00 q-noVbv:41.91 q-Rceq:1.32 tex:63 mv:271 misc:306 icu:0.00 pcu:120.00 scu:1176.00 tlayer:3 pbqpoffset:5.86 pbfactor:1.97 avgQpOffsetCutree:0.00;
in:101 out:103 type:b q:42.00 q-aq:42.00 q-noVbv:42.00 q-Rceq:1.32 tex:110 mv:287 misc:291 icu:0.00 pcu:47.00 scu:1249.00 tlayer:3 pbqpoffset:6.25 pbfactor:2.06 avgQpOffsetCutree:0.00;
in:104 out:104 type:B q:38.53 q-aq:37.00 q-noVbv:38.53 q-Rceq:1.32 tex:11565 mv:3419 misc:1368 icu:0.00 pcu:544.25 scu:751.75 tlayer:2 pbqpoffset:3.21 pbfactor:1.45 avgQpOffsetCutree:-1.73;
in:103 out:105 type:b q:42.43 q-aq:42.00 q-noVbv:42.43 q-Rceq:1.32 tex:3 mv:362 misc:315 icu:0.00 pcu:76.00 scu:1220.00 tlayer:3 pbqpoffset:6.97 pbfactor:2.24 avgQpOffsetCutree:0.00;
in:105 out:106 type:b q:40.19 q-aq:40.00 q-noVbv:40.19 q-Rceq:1.32 tex:69 mv:977 misc:474 icu:0.00 pcu:284.50 scu:1011.50 tlayer:3 pbqpoffset:5.02 pbfactor:1.79 avgQpOffsetCutree:0.00;
in:114 out:107 type:k q:36.73 q-aq:31.32 q-noVbv:36.73 q-Rceq:1.32 tex:184980 mv:24991 misc:3445 icu:196.00 pcu:1022.25 scu:77.75 tlayer:0 pbqpoffset:0.93 pbfactor:1.11 avgQpOffsetCutree:-6.54;
in:110 out:108 type:B q:38.13 q-aq:34.64 q-noVbv:38.13 q-Rceq:1.32 tex:45076 mv:8904 misc:2300 icu:4.00 pcu:766.25 scu:525.75 tlayer:1 pbqpoffset:2.25 pbfactor:1.30 avgQpOffsetCutree:-3.31;
in:108 out:109 type:B q:39.33 q-aq:37.98 q-noVbv:39.33 q-Rceq:1.32 tex:4083 mv:2660 misc:1065 icu:0.25 pcu:408.25 scu:887.50 tlayer:2 pbqpoffset:3.88 pbfactor:1.57 avgQpOffsetCutree:-1.85;
in:107 out:110 type:b q:41.39 q-aq:41.00 q-noVbv:41.39 q-Rceq:1.32 tex:119 mv:567 misc:386 icu:0.00 pcu:142.00 scu:1154.00 tlayer:3 pbqpoffset:6.16 pbfactor:2.04 avgQpOffsetCutree:0.00;
in:109 out:111 type:b q:42.30 q-aq:42.00 q-noVbv:42.30 q-Rceq:1.32 tex:2 mv:337 misc:285 icu:0.00 pcu:116.00 scu:1180.00 tlayer:3 pbqpoffset:6.64 pbfactor:2.15 avgQpOffsetCutree:0.00;
in:112 out:112 type:B q:39.24 q-aq:38.10 q-noVbv:39.24 q-Rceq:1.32 tex:5184 mv:2796 misc:1244 icu:3.00 pcu:555.25 scu:737.75 tlayer:2 pbqpoffset:2.94 pbfactor:1.40 avgQpOffsetCutree:-1.43;
in:111 out:113 type:b q:39.89 q-aq:40.00 q-noVbv:39.89 q-Rceq:1.32 tex:38 mv:946 misc:520 icu:0.00 pcu:237.75 scu:1058.25 tlayer:3 pbqpoffset:3.80 pbfactor:1.55 avgQpOffsetCutree:0.00;
in:113 out:114 type:b q:42.30 q-aq:42.00 q-noVbv:42.30 q-Rceq:1.32 tex:0 mv:308 misc:300 icu:0.00 pcu:66.00 scu:1230.00 tlayer:3 pbqpoffset:5.79 pbfactor:1.95 avgQpOffsetCutree:0.00;
in:122 out:115 type:k q:35.77 q-aq:29.51 q-noVbv:35.77 q-Rceq:1.32 tex:200219 mv:25545 misc:3676 icu:187.00 pcu:993.75 scu:115.25 tlayer:0 pbqpoffset:0.93 pbfactor:1.11 avgQpOffsetCutree:-5.89;
in:118 out:116 type:B q:38.40 q-aq:34.29 q-noVbv:38.40 q-Rceq:1.32 tex:44272 mv:9196 misc:2348 icu:4.50 pcu:812.50 scu:479.00 tlayer:1 pbqpoffset:2.15 pbfactor:1.28 avgQpOffsetCutree:-3.72;
in:116 out:117 type:B q:39.12 q-aq:37.97 q-noVbv:39.12 q-Rceq:1.32 tex:4116 mv:2359 misc:1093 icu:0.25 pcu:403.25 scu:892.50 tlayer:2 pbqpoffset:2.64 pbfactor:1.36 avgQpOffsetCutree:-1.52;
in:115 out:118 type:b q:40.66 q-aq:41.00 q-noVbv:40.66 q-Rceq:1.32 tex:44 mv:740 misc:472 icu:0.00 pcu:160.00 scu:1136.00 tlayer:3 pbqpoffset:4.05 pbfactor:1.60 avgQpOffsetCutree:0.00;
in:117 out:119 type:b q:41.16 q-aq:41.00 q-noVbv:41.16 q-Rceq:1.32 tex:25 mv:624 misc:391 icu:0.00 pcu:219.75 scu:1076.25 tlayer:3 pbqpoffset:4.79 pbfactor:1.74 avgQpOffsetCutree:0.00;
in:120 out:120 type:B q:39.16 q-aq:37.76 q-noVbv:39.16 q-Rceq:1.32 tex:7260 mv:2754 misc:1338 icu:1.00 pcu:383.25 scu:911.75 tlayer:2 pbqpoffset:3.15 pbfactor:1.44 avgQpOffsetCutree:-1.82;
in:119 out:121 type:b q:43.12 q-aq:43.00 q-noVbv:43.12 q-Rceq:1.32 tex:2 mv:362 misc:308 icu:0.00 pcu:81.25 scu:1214.75 tlayer:3 pbqpoffset:6.99 pbfactor:2.24 avgQpOffsetCutree:0.00;
in:121 out:122 type:b q:41.40 q-aq:41.00 q-noVbv:41.40 q-Rceq:1.32 tex:3 mv:691 misc:434 icu:0.00 pcu:238.25 scu:1057.75 tlayer:3 pbqpoffset:5.51 pbfactor:1.89 avgQpOffsetCutree:0.00;
in:130 out:123 type:k q:36.39 q-aq:30.58 q-noVbv:36.39 q-Rceq:1.32 tex:182650 mv:23781 misc:3385 icu:207.50 pcu:1018.75 scu:69.75 tlayer:0 pbqpoffset:0.91 pbfactor:1.11 avgQpOffsetCutree:-6.28;
in:126 out:124 type:B q:38.28 q-aq:34.66 q-noVbv:38.28 q-Rceq:1.32 tex:39311 mv:8003 misc:2166 icu:5.25 pcu:699.00 scu:591.75 tlayer:1 pbqpoffset:2.20 pbfactor:1.29 avgQpOffsetCutree:-3.34;
in:124 out:125 type:B q:39.60 q-aq:38.06 q-noVbv:39.60 q-Rceq:1.32 tex:3890 mv:2114 misc:932 icu:0.00 pcu:418.75 scu:877.25 tlayer:2 pbqpoffset:3.68 pbfactor:1.53 avgQpOffsetCutree:-1.85;
in:123 out:126 type:b q:42.78 q-aq:43.00 q-noVbv:42.78 q-Rceq:1.32 tex:2 mv:348 misc:290 icu:0.00 pcu:43.00 scu:1253.00 tlayer:3 pbqpoffset:6.93 pbfactor:2.23 avgQpOffsetCutree:0.00;
in:125 out:127 type:b q:42.93 q-aq:43.00 q-noVbv:42.93 q-Rceq:1.32 tex:5 mv:417 misc:290 icu:0.00 pcu:85.25 scu:1210.75 tlayer:3 pbqpoffset:6.92 pbfactor:2.23 avgQpOffsetCutree:0.00;
in:128 out:128 type:B q:39.14 q-aq:37.99 q-noVbv:39.14 q-Rceq:1.32 tex:4880 mv:2169 misc:1135 icu:0.00 pcu:424.00 scu:872.00 tlayer:2 pbqpoffset:2.91 pbfactor:1.40 avgQpOffsetCutree:-1.23;
in:127 out:129 type:b q:42.70 q-aq:43.00 q-noVbv:42.70 q-Rceq:1.32 tex:3 mv:456 misc:357 icu:0.00 pcu:137.75 scu:1158.25 tlayer:3 pbqpoffset:6.54 pbfactor:2.13 avgQpOffsetCutree:0.00;
in:129 out:130 type:b q:43.24 q-aq:43.00 q-noVbv:43.24 q-Rceq:1.32 tex:74 mv:410 misc:340 icu:0.00 pcu:102.75 scu:1193.25 tlayer:3 pbqpoffset:6.92 pbfactor:2.23 avgQpOffsetCutree:0.00;
in:138 out:131 type:k q:35.08 q-aq:28.46 q-noVbv:35.08 q-Rceq:1.32 tex:211982 mv:26755 misc:3559 icu:150.25 pcu:1028.75 scu:117.00 tlayer:0 pbqpoffset:0.92 pbfactor:1.11 avgQpOffsetCutree:-6.16;
in:134 out:132 type:B q:37.84 q-aq:33.95 q-noVbv:37.84 q-Rceq:1.32 tex:50058 mv:9076 misc:2018 icu:2.25 pcu:784.75 scu:509.00 tlayer:1 pbqpoffset:2.10 pbfactor:1.28 avgQpOffsetCutree:-3.65;
in:132 out:133 type:B q:39.16 q-aq:37.63 q-noVbv:39.16 q-Rceq:1.32 tex:4735 mv:2673 misc:1184 icu:0.00 pcu:424.50 scu:871.50 tlayer:2 pbqpoffset:3.09 pbfactor:1.43 avgQpOffsetCutree:-1.96;
in:131 out:134 type:b q:42.33 q-aq:42.00 q-noVbv:42.33 q-Rceq:1.32 tex:27 mv:533 misc:360 icu:0.00 pcu:158.75 scu:1137.25 tlayer:3 pbqpoffset:6.10 pbfactor:2.02 avgQpOffsetCutree:0.00;
in:133 out:135 type:b q:42.82 q-aq:43.00 q-noVbv:42.82 q-Rceq:1.32 tex:2 mv:366 misc:304 icu:0.00 pcu:75.00 scu:1221.00 tlayer:3 pbqpoffset:6.92 pbfactor:2.22 avgQpOffsetCutree:0.00;
in:136 out:136 type:B q:38.78 q-aq:36.78 q-noVbv:38.78 q-Rceq:1.32 tex:7157 mv:2790 misc:1109 icu:0.00 pcu:483.75 scu:812.25 tlayer:2 pbqpoffset:3.37 pbfactor:1.48 avgQpOffsetCutree:-1.80;
in:135 out:137 type:b q:42.32 q-aq:42.00 q-noVbv:42.32 q-Rceq:1.32 tex:43 mv:466 misc:299 icu:0.00 pcu:82.00 scu:1214.00 tlayer:3 pbqpoffset:6.75 pbfactor:2.18 avgQpOffsetCutree:0.00;
in:137 out:138 type:b q:42.16 q-aq:42.00 q-noVbv:42.16 q-Rceq:1.32 tex:43 mv:479 misc:326 icu:0.00 pcu:75.25 scu:1220.75 tlayer:3 pbqpoffset:6.92 pbfactor:2.22 avgQpOffsetCutree:0.00;
in:154 out:139 type:k q:33.58 q-aq:27.13 q-noVbv:33.58 q-Rceq:1.32 tex:333441 mv:32784 misc:2863 icu:368.75 pcu:906.00 scu:21.25 tlayer:0 pbqpoffset:0.88 pbfactor:1.11 avgQpOffsetCutree:-7.49;
in:146 out:140 type:B q:36.57 q-aq:30.89 q-noVbv:36.57 q-Rceq:1.32 tex:117122 mv:23226 misc:3860 icu:88.00 pcu:1009.25 scu:198.75 tlayer:1 pbqpoffset:2.23 pbfactor:1.29 avgQpOffsetCutree:-5.14;
in:142 out:141 type:B q:37.63 q-aq:33.96 q-noVbv:37.63 q-Rceq:1.32 tex:49178 mv:10798 misc:2240 icu:7.25 pcu:913.25 scu:375.50 tlayer:2 pbqpoffset:2.93 pbfactor:1.40 avgQpOffsetCutree:-3.40;
in:140 out:142 type:B q:38.99 q-aq:37.35 q-noVbv:38.99 q-Rceq:1.32 tex:7654 mv:3000 misc:1418 icu:0.50 pcu:470.50 scu:825.00 tlayer:3 pbqpoffset:4.10 pbfactor:1.61 avgQpOffsetCutree:-1.92;
in:139 out:143 type:b q:42.08 q-aq:42.00 q-noVbv:42.08 q-Rceq:1.32 tex:5 mv:551 misc:348 icu:0.25 pcu:136.00 scu:1159.75 tlayer:4 pbqpoffset:7.09 pbfactor:2.27 avgQpOffsetCutree:0.00;
in:141 out:144 type:b q:41.90 q-aq:42.00 q-noVbv:41.90 q-Rceq:1.32 tex:72 mv:522 misc:334 icu:0.00 pcu:69.75 scu:1226.25 tlayer:4 pbqpoffset:7.09 pbfactor:2.27 avgQpOffsetCutree:0.00;
in:144 out:145 type:B q:38.54 q-aq:37.65 q-noVbv:38.54 q-Rceq:1.32 tex:8167 mv:2650 misc:1383 icu:0.50 pcu:343.25 scu:952.25 tlayer:3 pbqpoffset:4.02 pbfactor:1.59 avgQpOffsetCutree:-1.44;
in:143 out:146 type:b q:41.48 q-aq:41.00 q-noVbv:41.48 q-Rceq:1.32 tex:2 mv:663 misc:423 icu:0.00 pcu:163.50 scu:1132.50 tlayer:4 pbqpoffset:6.87 pbfactor:2.21 avgQpOffsetCutree:0.00;
in:145 out:147 type:b q:41.52 q-aq:42.00 q-noVbv:41.52 q-Rceq:1.32 tex:59 mv:488 misc:341 icu:0.00 pcu:90.25 scu:1205.75 tlayer:4 pbqpoffset:7.09 pbfactor:2.27 avgQpOffsetCutree:0.00;
in:150 out:148 type:B q:37.38 q-aq:33.42 q-noVbv:37.38 q-Rceq:1.32 tex:57186 mv:10542 misc:2120 icu:5.00 pcu:868.00 scu:423.00 tlayer:2 pbqpoffset:3.42 pbfactor:1.48 avgQpOffsetCutree:-3.57;
in:148 out:149 type:B q:38.24 q-aq:36.49 q-noVbv:38.24 q-Rceq:1.32 tex:9142 mv:3373 misc:1429 icu:0.00 pcu:476.50 scu:819.50 tlayer:3 pbqpoffset:4.10 pbfactor:1.61 avgQpOffsetCutree:-1.50;
in:147 out:150 type:b q:41.33 q-aq:41.00 q-noVbv:41.33 q-Rceq:1.32 tex:27 mv:577 misc:356 icu:0.00 pcu:112.50 scu:1183.50 tlayer:4 pbqpoffset:7.09 pbfactor:2.27 avgQpOffsetCutree:0.00;
in:149 out:151 type:b q:41.14 q-aq:41.00 q-noVbv:41.14 q-Rceq:1.32 tex:34 mv:475 misc:387 icu:0.00 pcu:111.00 scu:1185.00 tlayer:4 pbqpoffset:7.09 pbfactor:2.27 avgQpOffsetCutree:0.00;
in:152 out:152 type:B q:37.87 q-aq:35.74 q-noVbv:37.87 q-Rceq:1.32 tex:13962 mv:4241 misc:1533 icu:0.00 pcu:600.00 scu:696.00 tlayer:3 pbqpoffset:4.10 pbfactor:1.61 avgQpOffsetCutree:-1.89;
in:151 out:153 type:b q:40.96 q-aq:41.00 q-noVbv:40.96 q-Rceq:1.32 tex:5 mv:623 misc:388 icu:0.00 pcu:126.75 scu:1169.25 tlayer:4 pbqpoffset:7.10 pbfactor:2.27 avgQpOffsetCutree:0.00;
in:153 out:154 type:b q:40.77 q-aq:41.00 q-noVbv:40.77 q-Rceq:1.32 tex:0 mv:596 misc:428 icu:0.00 pcu:141.75 scu:1154.25 tlayer:4 pbqpoffset:7.10 pbfactor:2.27 avgQpOffsetCutree:0.00;
in:170 out:155 type:k q:34.40 q-aq:28.83 q-noVbv:34.40 q-Rceq:1.32 tex:301007 mv:24646 misc:2179 icu:357.00 pcu:926.25 scu:12.75 tlayer:0 pbqpoffset:0.99 pbfactor:1.12 avgQpOffsetCutree:-7.28;
in:162 out:156 type:B q:36.58 q-aq:31.51 q-noVbv:36.58 q-Rceq:1.32 tex:152528 mv:22798 misc:4018 icu:67.50 pcu:920.75 scu:307.75 tlayer:1 pbqpoffset:2.59 pbfactor:1.35 avgQpOffsetCutree:-4.93;
in:158 out:157 type:B q:36.87 q-aq:33.67 q-noVbv:36.87 q-Rceq:1.32 tex:71096 mv:11710 misc:2506 icu:5.75 pcu:919.00 scu:371.25 tlayer:2 pbqpoffset:3.09 pbfactor:1.43 avgQpOffsetCutree:-3.10;
in:156 out:158 type:B q:38.14 q-aq:36.99 q-noVbv:38.14 q-Rceq:1.32 tex:10675 mv:3701 misc:1448 icu:0.50 pcu:501.50 scu:794.00 tlayer:3 pbqpoffset:4.46 pbfactor:1.67 avgQpOffsetCutree:-1.51;
in:155 out:159 type:b q:41.09 q-aq:41.00 q-noVbv:41.09 q-Rceq:1.32 tex:4 mv:622 misc:430 icu:0.00 pcu:181.00 scu:1115.00 tlayer:4 pbqpoffset:7.45 pbfactor:2.37 avgQpOffsetCutree:0.00;
in:157 out:160 type:b q:41.19 q-aq:41.00 q-noVbv:41.19 q-Rceq:1.32 tex:128 mv:819 misc:445 icu:0.00 pcu:260.00 scu:1036.00 tlayer:4 pbqpoffset:7.45 pbfactor:2.37 avgQpOffsetCutree:0.00;
in:160 out:161 type:B q:38.17 q-aq:36.95 q-noVbv:38.17 q-Rceq:1.32 tex:16297 mv:3207 misc:1656 icu:1.75 pcu:488.75 scu:805.50 tlayer:3 pbqpoffset:4.28 pbfactor:1.64 avgQpOffsetCutree:-1.22;
in:159 out:162 type:b q:41.29 q-aq:41.00 q-noVbv:41.29 q-Rceq:1.32 tex:63 mv:502 misc:435 icu:0.00 pcu:164.00 scu:1132.00 tlayer:4 pbqpoffset:7.45 pbfactor:2.37 avgQpOffsetCutree:0.00;
in:161 out:163 type:b q:41.39 q-aq:41.00 q-noVbv:41.39 q-Rceq:1.32 tex:3 mv:457 misc:404 icu:0.00 pcu:87.75 scu:1208.25 tlayer:4 pbqpoffset:7.45 pbfactor:2.37 avgQpOffsetCutree:0.00;
in:166 out:164 type:B q:37.54 q-aq:33.63 q-noVbv:37.54 q-Rceq:1.32 tex:57776 mv:10306 misc:2342 icu:6.25 pcu:791.25 scu:498.50 tlayer:2 pbqpoffset:3.35 pbfactor:1.47 avgQpOffsetCutree:-3.68;
in:164 out:165 type:B q:38.55 q-aq:37.93 q-noVbv:38.55 q-Rceq:1.32 tex:12669 mv:3383 misc:1452 icu:0.75 pcu:479.50 scu:815.75 tlayer:3 pbqpoffset:4.46 pbfactor:1.67 avgQpOffsetCutree:-1.60;
in:163 out:166 type:b q:41.49 q-aq:41.00 q-noVbv:41.49 q-Rceq:1.32 tex:2 mv:519 misc:383 icu:0.00 pcu:104.25 scu:1191.75 tlayer:4 pbqpoffset:7.45 pbfactor:2.37 avgQpOffsetCutree:0.00;
in:165 out:167 type:b q:41.60 q-aq:42.00 q-noVbv:41.60 q-Rceq:1.32 tex:0 mv:586 misc:430 icu:0.00 pcu:190.25 scu:1105.75 tlayer:4 pbqpoffset:7.45 pbfactor:2.37 avgQpOffsetCutree:0.00;
in:168 out:168 type:B q:38.75 q-aq:36.81 q-noVbv:38.75 q-Rceq:1.32 tex:12853 mv:3809 misc:1602 icu:0.00 pcu:499.50 scu:796.50 tlayer:3 pbqpoffset:4.46 pbfactor:1.67 avgQpOffsetCutree:-1.91;
in:167 out:169 type:b q:41.59 q-aq:42.00 q-noVbv:41.59 q-Rceq:1.32 tex:44 mv:416 misc:348 icu:0.00 pcu:77.00 scu:1219.00 tlayer:4 pbqpoffset:7.34 pbfactor:2.34 avgQpOffsetCutree:0.00;
in:169 out:170 type:b q:41.65 q-aq:42.00 q-noVbv:41.65 q-Rceq:1.32 tex:6 mv:635 misc:415 icu:0.00 pcu:270.25 scu:1025.75 tlayer:4 pbqpoffset:7.30 pbfactor:2.33 avgQpOffsetCutree:0.00;
in:186 out:171 type:k q:35.20 q-aq:29.47 q-noVbv:35.20 q-Rceq:1.32 tex:244933 mv:27416 misc:2851 icu:418.50 pcu:850.25 scu:27.25 tlayer:0 pbqpoffset:1.02 pbfactor:1.12 avgQpOffsetCutree:-7.22;
in:178 out:172 type:B q:37.44 q-aq:32.14 q-noVbv:37.44 q-Rceq:1.32 tex:111691 mv:20741 misc:3760 icu:73.50 pcu:940.75 scu:281.75 tlayer:1 pbqpoffset:2.64 pbfactor:1.36 avgQpOffsetCutree:-4.95;
in:174 out:173 type:B q:37.56 q-aq:34.22 q-noVbv:37.56 q-Rceq:1.32 tex:54939 mv:10661 misc:2464 icu:7.50 pcu:976.50 scu:312.00 tlayer:2 pbqpoffset:2.96 pbfactor:1.41 avgQpOffsetCutree:-3.24;
in:172 out:174 type:B q:38.44 q-aq:37.03 q-noVbv:38.44 q-Rceq:1.32 tex:22488 mv:5240 misc:1856 icu:1.75 pcu:679.50 scu:614.75 tlayer:3 pbqpoffset:3.95 pbfactor:1.58 avgQpOffsetCutree:-1.77;
in:171 out:175 type:b q:41.95 q-aq:42.00 q-noVbv:41.95 q-Rceq:1.32 tex:4 mv:675 misc:393 icu:0.00 pcu:286.00 scu:1010.00 tlayer:4 pbqpoffset:7.50 pbfactor:2.38 avgQpOffsetCutree:0.00;
in:173 out:176 type:b q:41.45 q-aq:41.00 q-noVbv:41.45 q-Rceq:1.32 tex:41 mv:625 misc:446 icu:0.00 pcu:198.25 scu:1097.75 tlayer:4 pbqpoffset:6.90 pbfactor:2.22 avgQpOffsetCutree:0.00;
in:176 out:177 type:B q:37.94 q-aq:37.02 q-noVbv:37.94 q-Rceq:1.32 tex:22100 mv:4319 misc:1653 icu:2.25 pcu:524.50 scu:769.25 tlayer:3 pbqpoffset:3.24 pbfactor:1.45 avgQpOffsetCutree:-1.26;
in:175 out:178 type:b q:41.10 q-aq:41.00 q-noVbv:41.10 q-Rceq:1.32 tex:59 mv:877 misc:520 icu:0.00 pcu:239.50 scu:1056.50 tlayer:4 pbqpoffset:6.45 pbfactor:2.11 avgQpOffsetCutree:0.00;
in:177 out:179 type:b q:40.21 q-aq:40.00 q-noVbv:40.21 q-Rceq:1.32 tex:67 mv:620 misc:385 icu:0.00 pcu:172.25 scu:1123.75 tlayer:4 pbqpoffset:5.46 pbfactor:1.88 avgQpOffsetCutree:0.00;
in:182 out:180 type:B q:38.48 q-aq:34.90 q-noVbv:38.48 q-Rceq:1.32 tex:41599 mv:8491 misc:2158 icu:6.25 pcu:843.25 scu:446.50 tlayer:2 pbqpoffset:3.48 pbfactor:1.49 avgQpOffsetCutree:-3.27;
in:180 out:181 type:B q:39.40 q-aq:37.54 q-noVbv:39.40 q-Rceq:1.32 tex:10514 mv:3500 misc:1394 icu:0.75 pcu:483.50 scu:811.75 tlayer:3 pbqpoffset:4.50 pbfactor:1.68 avgQpOffsetCutree:-1.88;
in:179 out:182 type:b q:42.35 q-aq:42.00 q-noVbv:42.35 q-Rceq:1.32 tex:38 mv:536 misc:394 icu:0.25 pcu:129.00 scu:1166.75 tlayer:4 pbqpoffset:7.50 pbfactor:2.38 avgQpOffsetCutree:0.00;
in:181 out:183 type:b q:41.06 q-aq:41.00 q-noVbv:41.06 q-Rceq:1.32 tex:146 mv:892 misc:474 icu:0.25 pcu:399.50 scu:896.25 tlayer:4 pbqpoffset:6.11 pbfactor:2.02 avgQpOffsetCutree:0.00;
in:184 out:184 type:B q:39.11 q-aq:38.63 q-noVbv:39.11 q-Rceq:1.32 tex:13986 mv:3506 misc:1540 icu:1.75 pcu:611.50 scu:682.75 tlayer:3 pbqpoffset:4.01 pbfactor:1.59 avgQpOffsetCutree:-1.42;
in:183 out:185 type:b q:42.43 q-aq:42.08 q-noVbv:42.43 q-Rceq:1.32 tex:147 mv:642 misc:403 icu:0.00 pcu:299.50 scu:996.50 tlayer:4 pbqpoffset:7.38 pbfactor:2.35 avgQpOffsetCutree:0.00;
in:185 out:186 type:b q:41.03 q-aq:41.00 q-noVbv:41.03 q-Rceq:1.32 tex:149 mv:916 misc:455 icu:0.25 pcu:210.00 scu:1085.75 tlayer:4 pbqpoffset:5.88 pbfactor:1.97 avgQpOffsetCutree:0.00;
in:202 out:187 type:k q:35.12 q-aq:29.10 q-noVbv:35.12 q-Rceq:1.32 tex:270945 mv:31385 misc:2702 icu:417.75 pcu:857.50 scu:20.75 tlayer:0 pbqpoffset:1.20 pbfactor:1.15 avgQpOffsetCutree:-7.37;
in:194 out:188 type:B q:37.73 q-aq:32.49 q-noVbv:37.73 q-Rceq:1.32 tex:99962 mv:22407 misc:3783 icu:102.75 pcu:898.00 scu:295.25 tlayer:1 pbqpoffset:2.57 pbfactor:1.35 avgQpOffsetCutree:-4.87;
in:190 out:189 type:B q:38.29 q-aq:35.03 q-noVbv:38.29 q-Rceq:1.32 tex:43374 mv:8837 misc:2053 icu:6.75 pcu:880.25 scu:409.00 tlayer:2 pbqpoffset:3.11 pbfactor:1.43 avgQpOffsetCutree:-3.06;
in:188 out:190 type:B q:39.18 q-aq:37.36 q-noVbv:39.18 q-Rceq:1.32 tex:6530 mv:3038 misc:1424 icu:0.25 pcu:512.25 scu:783.50 tlayer:3 pbqpoffset:3.99 pbfactor:1.59 avgQpOffsetCutree:-1.79;
in:187 out:191 type:b q:42.40 q-aq:42.00 q-noVbv:42.40 q-Rceq:1.32 tex:4 mv:718 misc:390 icu:0.00 pcu:184.00 scu:1112.00 tlayer:4 pbqpoffset:7.20 pbfactor:2.30 avgQpOffsetCutree:0.00;
in:189 out:192 type:b q:42.62 q-aq:43.00 q-noVbv:42.62 q-Rceq:1.32 tex:64 mv:602 misc:382 icu:0.00 pcu:209.25 scu:1086.75 tlayer:4 pbqpoffset:7.43 pbfactor:2.36 avgQpOffsetCutree:0.00;
in:192 out:193 type:B q:39.21 q-aq:38.02 q-noVbv:39.21 q-Rceq:1.32 tex:7696 mv:2809 misc:1391 icu:1.00 pcu:451.25 scu:843.75 tlayer:3 pbqpoffset:4.04 pbfactor:1.59 avgQpOffsetCutree:-1.35;
in:191 out:194 type:b q:42.07 q-aq:42.00 q-noVbv:42.07 q-Rceq:1.32 tex:11 mv:729 misc:436 icu:0.25 pcu:280.75 scu:1015.00 tlayer:4 pbqpoffset:6.89 pbfactor:2.22 avgQpOffsetCutree:0.00;
in:193 out:195 type:b q:42.60 q-aq:43.00 q-noVbv:42.60 q-Rceq:1.32 tex:18 mv:575 misc:359 icu:0.00 pcu:125.25 scu:1170.75 tlayer:4 pbqpoffset:7.43 pbfactor:2.36 avgQpOffsetCutree:0.00;
in:198 out:196 type:B q:38.50 q-aq:34.39 q-noVbv:38.50 q-Rceq:1.32 tex:48748 mv:9810 misc:2202 icu:5.00 pcu:823.00 scu:468.00 tlayer:2 pbqpoffset:3.36 pbfactor:1.47 avgQpOffsetCutree:-3.59;
in:196 out:197 type:B q:39.59 q-aq:37.61 q-noVbv:39.59 q-Rceq:1.32 tex:6871 mv:2838 misc:1267 icu:1.25 pcu:453.00 scu:841.75 tlayer:3 pbqpoffset:4.44 pbfactor:1.67 avgQpOffsetCutree:-2.13;
in:195 out:198 type:b q:42.59 q-aq:43.00 q-noVbv:42.59 q-Rceq:1.32 tex:2 mv:398 misc:320 icu:0.00 pcu:95.00 scu:1201.00 tlayer:4 pbqpoffset:7.43 pbfactor:2.36 avgQpOffsetCutree:0.00;
in:197 out:199 type:b q:42.58 q-aq:43.00 q-noVbv:42.58 q-Rceq:1.32 tex:3 mv:403 misc:346 icu:0.25 pcu:109.50 scu:1186.25 tlayer:4 pbqpoffset:7.43 pbfactor:2.36 avgQpOffsetCutree:0.00;
in:200 out:200 type:B q:39.57 q-aq:38.00 q-noVbv:39.57 q-Rceq:1.32 tex:5841 mv:2640 misc:1199 icu:0.50 pcu:386.50 scu:909.00 tlayer:3 pbqpoffset:4.44 pbfactor:1.67 avgQpOffsetCutree:-1.60;
in:199 out:201 type:b q:42.57 q-aq:43.00 q-noVbv:42.57 q-Rceq:1.32 tex:6 mv:404 misc:326 icu:0.50 pcu:90.00 scu:1205.50 tlayer:4 pbqpoffset:7.43 pbfactor:2.36 avgQpOffsetCutree:0.00;
in:201 out:202 type:b q:42.56 q-aq:43.00 q-noVbv:42.56 q-Rceq:1.32 tex:0 mv:318 misc:306 icu:0.00 pcu:65.25 scu:1230.75 tlayer:4 pbqpoffset:7.43 pbfactor:2.36 avgQpOffsetCutree:0.00;
in:218 out:203 type:k q:34.85 q-aq:28.88 q-noVbv:34.85 q-Rceq:1.32 tex:267656 mv:28532 misc:2516 icu:429.00 pcu:851.25 scu:15.75 tlayer:0 pbqpoffset:0.84 pbfactor:1.10 avgQpOffsetCutree:-7.32;
in:210 out:204 type:B q:37.54 q-aq:32.13 q-noVbv:37.54 q-Rceq:1.32 tex:125856 mv:23620 misc:4068 icu:70.75 pcu:910.50 scu:314.75 tlayer:1 pbqpoffset:2.55 pbfactor:1.34 avgQpOffsetCutree:-5.00;
in:206 out:205 type:B q:38.24 q-aq:34.85 q-noVbv:38.24 q-Rceq:1.32 tex:50106 mv:11030 misc:2232 icu:4.50 pcu:912.00 scu:379.50 tlayer:2 pbqpoffset:3.18 pbfactor:1.44 avgQpOffsetCutree:-3.16;
in:204 out:206 type:B q:39.50 q-aq:37.44 q-noVbv:39.50 q-Rceq:1.32 tex:5473 mv:2730 misc:1269 icu:0.25 pcu:474.00 scu:821.75 tlayer:3 pbqpoffset:4.42 pbfactor:1.67 avgQpOffsetCutree:-1.75;
in:203 out:207 type:b q:42.52 q-aq:43.00 q-noVbv:42.52 q-Rceq:1.32 tex:0 mv:368 misc:320 icu:0.00 pcu:130.00 scu:1166.00 tlayer:4 pbqpoffset:7.41 pbfactor:2.35 avgQpOffsetCutree:0.00;
in:205 out:208 type:b q:42.48 q-aq:42.00 q-noVbv:42.48 q-Rceq:1.32 tex:72 mv:423 misc:345 icu:0.00 pcu:173.00 scu:1123.00 tlayer:4 pbqpoffset:7.41 pbfactor:2.35 avgQpOffsetCutree:0.00;
in:208 out:209 type:B q:38.46 q-aq:37.16 q-noVbv:38.46 q-Rceq:1.32 tex:18180 mv:4838 misc:1798 icu:0.25 pcu:689.75 scu:606.00 tlayer:3 pbqpoffset:3.44 pbfactor:1.49 avgQpOffsetCutree:-1.68;
in:207 out:210 type:b q:40.03 q-aq:40.00 q-noVbv:40.03 q-Rceq:1.32 tex:107 mv:770 misc:451 icu:0.00 pcu:146.75 scu:1149.25 tlayer:4 pbqpoffset:5.00 pbfactor:1.78 avgQpOffsetCutree:0.00;
in:209 out:211 type:b q:42.42 q-aq:42.00 q-noVbv:42.42 q-Rceq:1.32 tex:5 mv:456 misc:371 icu:0.25 pcu:121.25 scu:1174.50 tlayer:4 pbqpoffset:7.41 pbfactor:2.35 avgQpOffsetCutree:0.00;
in:214 out:212 type:B q:38.49 q-aq:34.76 q-noVbv:38.49 q-Rceq:1.32 tex:50022 mv:10814 misc:2300 icu:4.50 pcu:874.50 scu:417.00 tlayer:2 pbqpoffset:3.57 pbfactor:1.51 avgQpOffsetCutree:-3.51;
in:212 out:213 type:B q:39.37 q-aq:37.98 q-noVbv:39.37 q-Rceq:1.32 tex:7356 mv:2700 misc:1240 icu:0.50 pcu:371.50 scu:924.00 tlayer:3 pbqpoffset:4.42 pbfactor:1.67 avgQpOffsetCutree:-1.76;
in:211 out:214 type:b q:42.38 q-aq:42.00 q-noVbv:42.38 q-Rceq:1.32 tex:69 mv:397 misc:310 icu:0.00 pcu:193.25 scu:1102.75 tlayer:4 pbqpoffset:7.41 pbfactor:2.35 avgQpOffsetCutree:0.00;
in:213 out:215 type:b q:42.35 q-aq:42.00 q-noVbv:42.35 q-Rceq:1.32 tex:74 mv:421 misc:345 icu:0.25 pcu:160.25 scu:1135.50 tlayer:4 pbqpoffset:7.41 pbfactor:2.35 avgQpOffsetCutree:0.00;
in:216 out:216 type:B q:39.30 q-aq:37.85 q-noVbv:39.30 q-Rceq:1.32 tex:6020 mv:3020 misc:1192 icu:0.75 pcu:458.50 scu:836.75 tlayer:3 pbqpoffset:4.42 pbfactor:1.67 avgQpOffsetCutree:-1.73;
in:215 out:217 type:b q:39.96 q-aq:40.00 q-noVbv:39.96 q-Rceq:1.32 tex:216 mv:1046 misc:506 icu:0.50 pcu:295.25 scu:1000.25 tlayer:4 pbqpoffset:5.05 pbfactor:1.79 avgQpOffsetCutree:0.00;
in:217 out:218 type:b q:41.35 q-aq:41.00 q-noVbv:41.35 q-Rceq:1.32 tex:66 mv:816 misc:438 icu:0.00 pcu:247.75 scu:1048.25 tlayer:4 pbqpoffset:6.48 pbfactor:2.11 avgQpOffsetCutree:0.00;
in:226 out:219 type:k q:37.68 q-aq:32.32 q-noVbv:37.68 q-Rceq:1.32 tex:159546 mv:24763 misc:3307 icu:215.25 pcu:978.75 scu:102.00 tlayer:0 pbqpoffset:1.46 pbfactor:1.18 avgQpOffsetCutree:-6.57;
in:222 out:220 type:B q:38.84 q-aq:35.45 q-noVbv:38.84 q-Rceq:1.32 tex:40390 mv:10317 misc:2389 icu:6.50 pcu:838.75 scu:450.75 tlayer:1 pbqpoffset:2.57 pbfactor:1.35 avgQpOffsetCutree:-3.35;
in:220 out:221 type:B q:39.92 q-aq:38.43 q-noVbv:39.92 q-Rceq:1.32 tex:6115 mv:3230 misc:1143 icu:0.25 pcu:545.00 scu:750.75 tlayer:2 pbqpoffset:4.36 pbfactor:1.65 avgQpOffsetCutree:-1.62;
in:219 out:222 type:b q:40.84 q-aq:41.00 q-noVbv:40.84 q-Rceq:1.32 tex:48 mv:779 misc:437 icu:0.00 pcu:180.75 scu:1115.25 tlayer:3 pbqpoffset:5.64 pbfactor:1.92 avgQpOffsetCutree:0.00;
in:221 out:223 type:b q:43.25 q-aq:43.00 q-noVbv:43.25 q-Rceq:1.32 tex:3 mv:366 misc:295 icu:0.00 pcu:42.00 scu:1254.00 tlayer:3 pbqpoffset:7.34 pbfactor:2.33 avgQpOffsetCutree:0.00;
in:224 out:224 type:B q:39.95 q-aq:39.50 q-noVbv:39.95 q-Rceq:1.32 tex:7215 mv:2638 misc:1275 icu:1.00 pcu:458.50 scu:836.50 tlayer:2 pbqpoffset:2.98 pbfactor:1.41 avgQpOffsetCutree:-1.07;
in:223 out:225 type:b q:41.10 q-aq:41.00 q-noVbv:41.10 q-Rceq:1.32 tex:69 mv:1014 misc:501 icu:0.00 pcu:272.00 scu:1024.00 tlayer:3 pbqpoffset:4.48 pbfactor:1.68 avgQpOffsetCutree:0.00;
in:225 out:226 type:b q:43.92 q-aq:44.00 q-noVbv:43.92 q-Rceq:1.32 tex:3 mv:407 misc:318 icu:0.25 pcu:120.25 scu:1175.50 tlayer:3 pbqpoffset:6.59 pbfactor:2.14 avgQpOffsetCutree:0.00;
in:234 out:227 type:k q:36.31 q-aq:29.93 q-noVbv:36.31 q-Rceq:1.32 tex:192146 mv:25597 misc:3609 icu:237.25 pcu:942.00 scu:116.75 tlayer:0 pbqpoffset:1.05 pbfactor:1.13 avgQpOffsetCutree:-5.88;
in:230 out:228 type:B q:39.24 q-aq:35.90 q-noVbv:39.24 q-Rceq:1.32 tex:42038 mv:8938 misc:1984 icu:5.25 pcu:800.50 scu:490.25 tlayer:1 pbqpoffset:2.24 pbfactor:1.30 avgQpOffsetCutree:-3.27;
in:228 out:229 type:B q:40.08 q-aq:38.25 q-noVbv:40.08 q-Rceq:1.32 tex:7662 mv:2823 misc:1211 icu:0.25 pcu:486.50 scu:809.25 tlayer:2 pbqpoffset:2.74 pbfactor:1.37 avgQpOffsetCutree:-1.77;
in:227 out:230 type:b q:42.13 q-aq:42.00 q-noVbv:42.13 q-Rceq:1.32 tex:120 mv:595 misc:389 icu:0.00 pcu:334.00 scu:962.00 tlayer:3 pbqpoffset:4.62 pbfactor:1.71 avgQpOffsetCutree:0.00;
in:229 out:231 type:b q:41.28 q-aq:41.00 q-noVbv:41.28 q-Rceq:1.32 tex:130 mv:697 misc:405 icu:0.00 pcu:218.25 scu:1077.75 tlayer:3 pbqpoffset:4.12 pbfactor:1.61 avgQpOffsetCutree:0.00;
in:232 out:232 type:B q:39.86 q-aq:37.93 q-noVbv:39.86 q-Rceq:1.32 tex:6935 mv:3117 misc:1300 icu:1.00 pcu:399.00 scu:896.00 tlayer:2 pbqpoffset:3.21 pbfactor:1.45 avgQpOffsetCutree:-1.69;
in:231 out:233 type:b q:42.49 q-aq:42.00 q-noVbv:42.49 q-Rceq:1.32 tex:2 mv:533 misc:345 icu:0.00 pcu:113.00 scu:1183.00 tlayer:3 pbqpoffset:5.67 pbfactor:1.93 avgQpOffsetCutree:0.00;
in:233 out:234 type:b q:42.65 q-aq:43.00 q-noVbv:42.65 q-Rceq:1.32 tex:5 mv:464 misc:307 icu:0.50 pcu:156.50 scu:1139.00 tlayer:3 pbqpoffset:6.18 pbfactor:2.04 avgQpOffsetCutree:0.00;
in:242 out:235 type:k q:36.77 q-aq:31.57 q-noVbv:36.77 q-Rceq:1.32 tex:190349 mv:25562 misc:3273 icu:203.50 pcu:1010.75 scu:81.75 tlayer:0 pbqpoffset:1.50 pbfactor:1.19 avgQpOffsetCutree:-5.88;
in:238 out:236 type:B q:38.91 q-aq:35.18 q-noVbv:38.91 q-Rceq:1.32 tex:41605 mv:10336 misc:2563 icu:8.25 pcu:816.00 scu:471.75 tlayer:1 pbqpoffset:2.37 pbfactor:1.31 avgQpOffsetCutree:-3.46;
in:236 out:237 type:B q:40.40 q-aq:38.90 q-noVbv:40.40 q-Rceq:1.32 tex:2707 mv:2006 misc:871 icu:0.50 pcu:353.50 scu:942.00 tlayer:2 pbqpoffset:3.98 pbfactor:1.58 avgQpOffsetCutree:-1.91;
in:235 out:238 type:b q:43.32 q-aq:43.00 q-noVbv:43.32 q-Rceq:1.32 tex:42 mv:505 misc:333 icu:0.00 pcu:150.00 scu:1146.00 tlayer:3 pbqpoffset:6.96 pbfactor:2.23 avgQpOffsetCutree:0.00;
in:237 out:239 type:b q:43.44 q-aq:43.00 q-noVbv:43.44 q-Rceq:1.32 tex:13 mv:342 misc:333 icu:0.00 pcu:90.75 scu:1205.25 tlayer:3 pbqpoffset:6.96 pbfactor:2.23 avgQpOffsetCutree:0.00;
in:240 out:240 type:B q:39.65 q-aq:38.22 q-noVbv:39.65 q-Rceq:1.32 tex:9327 mv:3356 misc:1485 icu:2.75 pcu:415.50 scu:877.75 tlayer:2 pbqpoffset:3.00 pbfactor:1.41 avgQpOffsetCutree:-1.31;
in:239 out:241 type:b q:42.29 q-aq:42.00 q-noVbv:42.29 q-Rceq:1.32 tex:69 mv:669 misc:454 icu:0.00 pcu:145.75 scu:1150.25 tlayer:3 pbqpoffset:5.70 pbfactor:1.93 avgQpOffsetCutree:0.00;
in:241 out:242 type:b q:42.87 q-aq:43.00 q-noVbv:42.87 q-Rceq:1.32 tex:10 mv:470 misc:344 icu:0.00 pcu:116.75 scu:1179.25 tlayer:3 pbqpoffset:6.15 pbfactor:2.04 avgQpOffsetCutree:0.00;
in:250 out:243 type:k q:35.66 q-aq:29.71 q-noVbv:35.66 q-Rceq:1.32 tex:207150 mv:28227 misc:3735 icu:178.00 pcu:969.00 scu:149.00 tlayer:0 pbqpoffset:0.83 pbfactor:1.10 avgQpOffsetCutree:-5.70;
in:246 out:244 type:B q:38.35 q-aq:34.70 q-noVbv:38.35 q-Rceq:1.32 tex:53663 mv:10777 misc:2144 icu:5.50 pcu:865.75 scu:424.75 tlayer:1 pbqpoffset:2.14 pbfactor:1.28 avgQpOffsetCutree:-3.33;
in:244 out:245 type:B q:39.88 q-aq:38.07 q-noVbv:39.88 q-Rceq:1.32 tex:6626 mv:2933 misc:1273 icu:0.75 pcu:442.75 scu:852.50 tlayer:2 pbqpoffset:3.39 pbfactor:1.48 avgQpOffsetCutree:-1.60;
in:243 out:246 type:b q:42.45 q-aq:42.00 q-noVbv:42.45 q-Rceq:1.32 tex:5 mv:395 misc:328 icu:0.00 pcu:64.25 scu:1231.75 tlayer:3 pbqpoffset:5.82 pbfactor:1.96 avgQpOffsetCutree:0.00;
in:245 out:247 type:b q:41.36 q-aq:41.00 q-noVbv:41.36 q-Rceq:1.32 tex:4 mv:581 misc:383 icu:0.25 pcu:125.25 scu:1170.50 tlayer:3 pbqpoffset:5.00 pbfactor:1.78 avgQpOffsetCutree:0.00;
in:248 out:248 type:B q:38.71 q-aq:37.31 q-noVbv:38.71 q-Rceq:1.32 tex:15234 mv:4147 misc:1531 icu:0.00 pcu:654.25 scu:641.75 tlayer:2 pbqpoffset:2.78 pbfactor:1.38 avgQpOffsetCutree:-1.83;
in:247 out:249 type:b q:40.58 q-aq:41.00 q-noVbv:40.58 q-Rceq:1.32 tex:54 mv:689 misc:409 icu:0.00 pcu:141.75 scu:1154.25 tlayer:3 pbqpoffset:4.51 pbfactor:1.68 avgQpOffsetCutree:0.00;
in:249 out:250 type:b q:41.67 q-aq:42.00 q-noVbv:41.67 q-Rceq:1.32 tex:2 mv:582 misc:432 icu:0.00 pcu:158.25 scu:1137.75 tlayer:3 pbqpoffset:5.88 pbfactor:1.97 avgQpOffsetCutree:0.00;
in:258 out:251 type:k q:36.66 q-aq:31.66 q-noVbv:36.66 q-Rceq:1.32 tex:209769 mv:26979 misc:3180 icu:207.00 pcu:1022.25 scu:66.75 tlayer:0 pbqpoffset:1.44 pbfactor:1.18 avgQpOffsetCutree:-6.06;
in:254 out:252 type:B q:38.47 q-aq:35.56 q-noVbv:38.47 q-Rceq:1.32 tex:52670 mv:9692 misc:2182 icu:6.00 pcu:855.00 scu:435.00 tlayer:1 pbqpoffset:2.31 pbfactor:1.31 avgQpOffsetCutree:-3.04;
in:252 out:253 type:B q:39.66 q-aq:38.09 q-noVbv:39.66 q-Rceq:1.32 tex:7890 mv:3237 misc:1249 icu:1.00 pcu:500.75 scu:794.25 tlayer:2 pbqpoffset:3.75 pbfactor:1.54 avgQpOffsetCutree:-1.69;
in:251 out:254 type:b q:42.75 q-aq:43.00 q-noVbv:42.75 q-Rceq:1.32 tex:91 mv:285 misc:312 icu:0.25 pcu:22.50 scu:1273.25 tlayer:3 pbqpoffset:6.97 pbfactor:2.24 avgQpOffsetCutree:0.00;
in:253 out:255 type:b q:42.07 q-aq:42.00 q-noVbv:42.07 q-Rceq:1.32 tex:3 mv:528 misc:349 icu:0.25 pcu:185.00 scu:1110.75 tlayer:3 pbqpoffset:6.03 pbfactor:2.01 avgQpOffsetCutree:0.00;
in:256 out:256 type:B q:40.25 q-aq:39.52 q-noVbv:40.25 q-Rceq:1.32 tex:4347 mv:1629 misc:952 icu:0.25 pcu:411.75 scu:884.00 tlayer:2 pbqpoffset:3.84 pbfactor:1.56 avgQpOffsetCutree:-0.98;
in:255 out:257 type:b q:43.26 q-aq:43.00 q-noVbv:43.26 q-Rceq:1.32 tex:4 mv:429 misc:383 icu:0.25 pcu:138.50 scu:1157.25 tlayer:3 pbqpoffset:6.97 pbfactor:2.24 avgQpOffsetCutree:0.00;
in:257 out:258 type:b q:43.56 q-aq:44.00 q-noVbv:43.56 q-Rceq:1.32 tex:1 mv:317 misc:290 icu:0.00 pcu:76.00 scu:1220.00 tlayer:3 pbqpoffset:7.02 pbfactor:2.25 avgQpOffsetCutree:0.00;
in:266 out:259 type:k q:35.96 q-aq:29.98 q-noVbv:35.96 q-Rceq:1.32 tex:204631 mv:28753 misc:3872 icu:169.75 pcu:961.75 scu:164.50 tlayer:0 pbqpoffset:1.37 pbfactor:1.17 avgQpOffsetCutree:-5.94;
in:262 out:260 type:B q:38.52 q-aq:34.33 q-noVbv:38.52 q-Rceq:1.32 tex:59446 mv:10769 misc:2441 icu:7.50 pcu:802.25 scu:486.25 tlayer:1 pbqpoffset:2.21 pbfactor:1.29 avgQpOffsetCutree:-3.82;
in:260 out:261 type:B q:39.81 q-aq:38.01 q-noVbv:39.81 q-Rceq:1.32 tex:6817 mv:2699 misc:1244 icu:0.00 pcu:371.50 scu:924.50 tlayer:2 pbqpoffset:3.32 pbfactor:1.47 avgQpOffsetCutree:-1.99;
in:259 out:262 type:b q:41.53 q-aq:42.00 q-noVbv:41.53 q-Rceq:1.32 tex:2 mv:424 misc:326 icu:0.00 pcu:130.25 scu:1165.75 tlayer:3 pbqpoffset:4.95 pbfactor:1.77 avgQpOffsetCutree:0.00;
in:261 out:263 type:b q:43.45 q-aq:43.00 q-noVbv:43.45 q-Rceq:1.32 tex:77 mv:295 misc:268 icu:0.00 pcu:85.00 scu:1211.00 tlayer:3 pbqpoffset:7.05 pbfactor:2.26 avgQpOffsetCutree:0.00;
in:264 out:264 type:B q:39.89 q-aq:38.10 q-noVbv:39.89 q-Rceq:1.32 tex:6786 mv:2833 misc:1149 icu:1.50 pcu:462.25 scu:832.25 tlayer:2 pbqpoffset:3.75 pbfactor:1.54 avgQpOffsetCutree:-1.60;
in:263 out:265 type:b q:43.21 q-aq:43.00 q-noVbv:43.21 q-Rceq:1.32 tex:1 mv:286 misc:273 icu:0.00 pcu:48.00 scu:1248.00 tlayer:3 pbqpoffset:6.99 pbfactor:2.24 avgQpOffsetCutree:0.00;
in:265 out:266 type:b q:43.10 q-aq:43.00 q-noVbv:43.10 q-Rceq:1.32 tex:59 mv:244 misc:249 icu:0.00 pcu:36.00 scu:1260.00 tlayer:3 pbqpoffset:7.05 pbfactor:2.26 avgQpOffsetCutree:0.00;
in:274 out:267 type:k q:36.96 q-aq:31.33 q-noVbv:36.96 q-Rceq:1.32 tex:195945 mv:26984 misc:2967 icu:210.00 pcu:1036.00 scu:50.00 tlayer:0 pbqpoffset:1.42 pbfactor:1.18 avgQpOffsetCutree:-6.46;
in:270 out:268 type:B q:38.85 q-aq:35.67 q-noVbv:38.85 q-Rceq:1.32 tex:47468 mv:9777 misc:2251 icu:9.75 pcu:841.75 scu:444.50 tlayer:1 pbqpoffset:2.39 pbfactor:1.32 avgQpOffsetCutree:-3.21;
in:268 out:269 type:B q:40.27 q-aq:38.73 q-noVbv:40.27 q-Rceq:1.32 tex:3785 mv:2032 misc:919 icu:0.00 pcu:347.75 scu:948.25 tlayer:2 pbqpoffset:4.06 pbfactor:1.60 avgQpOffsetCutree:-1.66;
in:267 out:270 type:b q:43.13 q-aq:43.00 q-noVbv:43.13 q-Rceq:1.32 tex:1 mv:286 misc:305 icu:0.00 pcu:21.75 scu:1274.25 tlayer:3 pbqpoffset:7.04 pbfactor:2.26 avgQpOffsetCutree:0.00;
in:269 out:271 type:b q:43.38 q-aq:43.00 q-noVbv:43.38 q-Rceq:1.32 tex:3 mv:398 misc:311 icu:0.00 pcu:99.00 scu:1197.00 tlayer:3 pbqpoffset:7.04 pbfactor:2.26 avgQpOffsetCutree:0.00;
in:272 out:272 type:B q:39.90 q-aq:38.90 q-noVbv:39.90 q-Rceq:1.32 tex:5761 mv:2703 misc:1288 icu:1.25 pcu:568.50 scu:726.25 tlayer:2 pbqpoffset:3.18 pbfactor:1.44 avgQpOffsetCutree:-1.07;
in:271 out:273 type:b q:41.22 q-aq:41.00 q-noVbv:41.22 q-Rceq:1.32 tex:6 mv:988 misc:542 icu:0.00 pcu:398.75 scu:897.25 tlayer:3 pbqpoffset:4.63 pbfactor:1.71 avgQpOffsetCutree:0.00;
in:273 out:274 type:b q:42.30 q-aq:42.00 q-noVbv:42.30 q-Rceq:1.32 tex:4 mv:382 misc:326 icu:0.00 pcu:179.00 scu:1117.00 tlayer:3 pbqpoffset:5.46 pbfactor:1.88 avgQpOffsetCutree:0.00;
in:282 out:275 type:k q:35.89 q-aq:30.47 q-noVbv:35.89 q-Rceq:1.32 tex:213913 mv:29151 misc:3632 icu:152.50 pcu:999.50 scu:144.00 tlayer:0 pbqpoffset:1.42 pbfactor:1.18 avgQpOffsetCutree:-5.37;
in:278 out:276 type:B q:38.72 q-aq:35.32 q-noVbv:38.72 q-Rceq:1.32 tex:51569 mv:10549 misc:2106 icu:8.00 pcu:754.75 scu:533.25 tlayer:1 pbqpoffset:2.29 pbfactor:1.30 avgQpOffsetCutree:-3.53;
in:276 out:277 type:B q:40.58 q-aq:38.72 q-noVbv:40.58 q-Rceq:1.32 tex:2139 mv:1519 misc:798 icu:0.75 pcu:180.25 scu:1115.00 tlayer:2 pbqpoffset:3.89 pbfactor:1.57 avgQpOffsetCutree:-1.76;
in:275 out:278 type:b q:43.10 q-aq:43.00 q-noVbv:43.10 q-Rceq:1.32 tex:3 mv:253 misc:272 icu:0.00 pcu:83.00 scu:1213.00 tlayer:3 pbqpoffset:6.27 pbfactor:2.06 avgQpOffsetCutree:0.00;
in:277 out:279 type:b q:42.83 q-aq:43.00 q-noVbv:42.83 q-Rceq:1.32 tex:5 mv:230 misc:269 icu:0.00 pcu:20.00 scu:1276.00 tlayer:3 pbqpoffset:6.27 pbfactor:2.06 avgQpOffsetCutree:0.00;
in:280 out:280 type:B q:39.07 q-aq:37.72 q-noVbv:39.07 q-Rceq:1.32 tex:7359 mv:3267 misc:1438 icu:1.25 pcu:505.75 scu:789.00 tlayer:2 pbqpoffset:2.91 pbfactor:1.40 avgQpOffsetCutree:-1.72;
in:279 out:281 type:b q:41.45 q-aq:41.00 q-noVbv:41.45 q-Rceq:1.32 tex:34 mv:628 misc:410 icu:0.00 pcu:239.75 scu:1056.25 tlayer:3 pbqpoffset:5.16 pbfactor:1.81 avgQpOffsetCutree:0.00;
in:281 out:282 type:b q:41.80 q-aq:42.00 q-noVbv:41.80 q-Rceq:1.32 tex:6 mv:511 misc:347 icu:0.00 pcu:165.00 scu:1131.00 tlayer:3 pbqpoffset:5.77 pbfactor:1.95 avgQpOffsetCutree:0.00;
in:290 out:283 type:k q:36.69 q-aq:31.76 q-noVbv:36.69 q-Rceq:1.32 tex:165047 mv:25252 misc:3285 icu:207.25 pcu:999.75 scu:89.00 tlayer:0 pbqpoffset:1.36 pbfactor:1.17 avgQpOffsetCutree:-5.53;
in:286 out:284 type:B q:38.54 q-aq:35.13 q-noVbv:38.54 q-Rceq:1.32 tex:46546 mv:9968 misc:2422 icu:4.00 pcu:995.25 scu:296.75 tlayer:1 pbqpoffset:2.25 pbfactor:1.30 avgQpOffsetCutree:-3.18;
in:284 out:285 type:B q:39.13 q-aq:37.99 q-noVbv:39.13 q-Rceq:1.32 tex:4845 mv:2000 misc:1099 icu:0.75 pcu:261.00 scu:1034.25 tlayer:2 pbqpoffset:3.03 pbfactor:1.42 avgQpOffsetCutree:-1.25;
in:283 out:286 type:b q:41.86 q-aq:42.00 q-noVbv:41.86 q-Rceq:1.32 tex:2 mv:765 misc:441 icu:0.00 pcu:205.00 scu:1091.00 tlayer:3 pbqpoffset:5.87 pbfactor:1.97 avgQpOffsetCutree:0.00;
in:285 out:287 type:b q:42.17 q-aq:42.00 q-noVbv:42.17 q-Rceq:1.32 tex:2 mv:455 misc:343 icu:0.00 pcu:109.50 scu:1186.50 tlayer:3 pbqpoffset:5.98 pbfactor:2.00 avgQpOffsetCutree:0.00;
in:288 out:288 type:B q:39.01 q-aq:38.02 q-noVbv:39.01 q-Rceq:1.32 tex:7687 mv:2583 misc:1314 icu:1.25 pcu:422.75 scu:872.00 tlayer:2 pbqpoffset:2.52 pbfactor:1.34 avgQpOffsetCutree:-1.23;
in:287 out:289 type:b q:40.50 q-aq:41.00 q-noVbv:40.50 q-Rceq:1.32 tex:7 mv:919 misc:498 icu:0.00 pcu:247.75 scu:1048.25 tlayer:3 pbqpoffset:4.11 pbfactor:1.61 avgQpOffsetCutree:0.00;
in:289 out:290 type:b q:40.77 q-aq:41.00 q-noVbv:40.77 q-Rceq:1.32 tex:61 mv:575 misc:412 icu:0.25 pcu:125.25 scu:1170.50 tlayer:3 pbqpoffset:4.18 pbfactor:1.62 avgQpOffsetCutree:0.00;
in:298 out:291 type:k q:35.89 q-aq:30.14 q-noVbv:35.89 q-Rceq:1.32 tex:199728 mv:26148 misc:3348 icu:194.50 pcu:968.75 scu:132.75 tlayer:0 pbqpoffset:1.06 pbfactor:1.13 avgQpOffsetCutree:-5.67;
in:294 out:292 type:B q:38.40 q-aq:34.70 q-noVbv:38.40 q-Rceq:1.32 tex:48874 mv:9885 misc:2137 icu:5.25 pcu:809.00 scu:481.75 tlayer:1 pbqpoffset:2.11 pbfactor:1.28 avgQpOffsetCutree:-3.31;
in:292 out:293 type:B q:39.39 q-aq:38.00 q-noVbv:39.39 q-Rceq:1.32 tex:4869 mv:2347 misc:1024 icu:0.25 pcu:377.50 scu:918.25 tlayer:2 pbqpoffset:2.90 pbfactor:1.40 avgQpOffsetCutree:-1.57;
in:291 out:294 type:b q:40.70 q-aq:41.00 q-noVbv:40.70 q-Rceq:1.32 tex:20 mv:397 misc:319 icu:0.00 pcu:72.00 scu:1224.00 tlayer:3 pbqpoffset:4.11 pbfactor:1.61 avgQpOffsetCutree:0.00;
in:293 out:295 type:b q:39.90 q-aq:40.00 q-noVbv:39.90 q-Rceq:1.32 tex:37 mv:688 misc:395 icu:0.00 pcu:165.00 scu:1131.00 tlayer:3 pbqpoffset:3.51 pbfactor:1.50 avgQpOffsetCutree:0.00;
in:296 out:296 type:B q:38.80 q-aq:37.23 q-noVbv:38.80 q-Rceq:1.32 tex:12119 mv:4589 misc:1684 icu:2.50 pcu:489.00 scu:804.50 tlayer:2 pbqpoffset:2.70 pbfactor:1.37 avgQpOffsetCutree:-1.88;
in:295 out:297 type:b q:41.91 q-aq:42.00 q-noVbv:41.91 q-Rceq:1.32 tex:2 mv:603 misc:363 icu:0.00 pcu:288.75 scu:1007.25 tlayer:3 pbqpoffset:5.72 pbfactor:1.94 avgQpOffsetCutree:0.00;
in:297 out:298 type:b q:41.06 q-aq:41.00 q-noVbv:41.06 q-Rceq:1.32 tex:34 mv:703 misc:439 icu:0.00 pcu:197.75 scu:1098.25 tlayer:3 pbqpoffset:5.07 pbfactor:1.80 avgQpOffsetCutree:0.00;
in:306 out:299 type:k q:36.60 q-aq:31.69 q-noVbv:36.60 q-Rceq:1.32 tex:201690 mv:23796 misc:2914 icu:219.75 pcu:1032.25 scu:44.00 tlayer:0 pbqpoffset:0.98 pbfactor:1.12 avgQpOffsetCutree:-5.74;
in:302 out:300 type:B q:38.49 q-aq:35.37 q-noVbv:38.49 q-Rceq:1.32 tex:42839 mv:9060 misc:2221 icu:6.75 pcu:879.00 scu:410.25 tlayer:1 pbqpoffset:2.24 pbfactor:1.30 avgQpOffsetCutree:-3.13;
in:300 out:301 type:B q:39.40 q-aq:37.90 q-noVbv:39.40 q-Rceq:1.32 tex:4888 mv:2791 misc:1217 icu:0.75 pcu:433.75 scu:861.50 tlayer:2 pbqpoffset:3.32 pbfactor:1.47 avgQpOffsetCutree:-1.94;
in:299 out:302 type:b q:41.39 q-aq:41.01 q-noVbv:41.39 q-Rceq:1.32 tex:122 mv:638 misc:368 icu:0.00 pcu:394.00 scu:902.00 tlayer:3 pbqpoffset:5.41 pbfactor:1.87 avgQpOffsetCutree:0.00;
in:301 out:303 type:b q:42.12 q-aq:42.00 q-noVbv:42.12 q-Rceq:1.32 tex:264 mv:582 misc:362 icu:0.00 pcu:192.00 scu:1104.00 tlayer:3 pbqpoffset:5.96 pbfactor:1.99 avgQpOffsetCutree:0.00;
in:304 out:304 type:B q:39.74 q-aq:38.14 q-noVbv:39.74 q-Rceq:1.32 tex:7907 mv:1820 misc:1073 icu:0.00 pcu:429.25 scu:866.75 tlayer:2 pbqpoffset:3.32 pbfactor:1.47 avgQpOffsetCutree:-1.31;
in:303 out:305 type:b q:41.11 q-aq:41.00 q-noVbv:41.11 q-Rceq:1.32 tex:111 mv:936 misc:569 icu:0.00 pcu:377.00 scu:919.00 tlayer:3 pbqpoffset:4.77 pbfactor:1.74 avgQpOffsetCutree:0.00;
in:305 out:306 type:b q:43.09 q-aq:43.00 q-noVbv:43.09 q-Rceq:1.32 tex:4 mv:368 misc:292 icu:0.00 pcu:122.00 scu:1174.00 tlayer:3 pbqpoffset:6.57 pbfactor:2.14 avgQpOffsetCutree:0.00;
in:322 out:307 type:k q:34.54 q-aq:27.82 q-noVbv:34.54 q-Rceq:1.32 tex:376675 mv:29747 misc:2842 icu:422.75 pcu:862.00 scu:11.25 tlayer:0 pbqpoffset:1.05 pbfactor:1.13 avgQpOffsetCutree:-7.37;
in:314 out:308 type:B q:37.93 q-aq:32.15 q-noVbv:37.93 q-Rceq:1.32 tex:116358 mv:23433 misc:3921 icu:75.25 pcu:939.50 scu:281.25 tlayer:1 pbqpoffset:2.36 pbfactor:1.31 avgQpOffsetCutree:-5.05;
in:310 out:309 type:B q:39.29 q-aq:35.29 q-noVbv:39.29 q-Rceq:1.32 tex:39048 mv:7445 misc:2075 icu:5.75 pcu:702.00 scu:588.25 tlayer:2 pbqpoffset:3.21 pbfactor:1.45 avgQpOffsetCutree:-3.42;
in:308 out:310 type:B q:39.98 q-aq:38.47 q-noVbv:39.98 q-Rceq:1.32 tex:6241 mv:2166 misc:1081 icu:0.75 pcu:399.75 scu:895.50 tlayer:3 pbqpoffset:3.63 pbfactor:1.52 avgQpOffsetCutree:-1.47;
in:307 out:311 type:b q:42.85 q-aq:43.00 q-noVbv:42.85 q-Rceq:1.32 tex:77 mv:439 misc:332 icu:0.00 pcu:192.00 scu:1104.00 tlayer:4 pbqpoffset:6.38 pbfactor:2.09 avgQpOffsetCutree:0.00;
in:309 out:312 type:b q:42.21 q-aq:42.00 q-noVbv:42.21 q-Rceq:1.32 tex:103 mv:501 misc:364 icu:0.75 pcu:115.75 scu:1179.50 tlayer:4 pbqpoffset:6.00 pbfactor:2.00 avgQpOffsetCutree:0.00;
in:312 out:313 type:B q:40.05 q-aq:38.19 q-noVbv:40.05 q-Rceq:1.32 tex:4279 mv:2452 misc:1061 icu:1.00 pcu:450.00 scu:845.00 tlayer:3 pbqpoffset:4.23 pbfactor:1.63 avgQpOffsetCutree:-1.95;
in:311 out:314 type:b q:43.18 q-aq:43.00 q-noVbv:43.18 q-Rceq:1.32 tex:123 mv:295 misc:294 icu:0.00 pcu:82.00 scu:1214.00 tlayer:4 pbqpoffset:7.23 pbfactor:2.30 avgQpOffsetCutree:0.00;
in:313 out:315 type:b q:42.92 q-aq:43.00 q-noVbv:42.92 q-Rceq:1.32 tex:3 mv:380 misc:321 icu:0.00 pcu:127.50 scu:1168.50 tlayer:4 pbqpoffset:7.23 pbfactor:2.30 avgQpOffsetCutree:0.00;
in:318 out:316 type:B q:37.97 q-aq:34.26 q-noVbv:37.97 q-Rceq:1.32 tex:49271 mv:9277 misc:2268 icu:5.50 pcu:884.75 scu:405.75 tlayer:2 pbqpoffset:2.91 pbfactor:1.40 avgQpOffsetCutree:-3.31;
in:316 out:317 type:B q:39.54 q-aq:37.98 q-noVbv:39.54 q-Rceq:1.32 tex:2516 mv:2323 misc:1001 icu:0.50 pcu:417.75 scu:877.75 tlayer:3 pbqpoffset:4.23 pbfactor:1.63 avgQpOffsetCutree:-1.91;
in:315 out:318 type:b q:42.49 q-aq:42.00 q-noVbv:42.49 q-Rceq:1.32 tex:2 mv:643 misc:379 icu:0.00 pcu:144.00 scu:1152.00 tlayer:4 pbqpoffset:7.04 pbfactor:2.26 avgQpOffsetCutree:0.00;
in:317 out:319 type:b q:42.41 q-aq:42.00 q-noVbv:42.41 q-Rceq:1.32 tex:2 mv:441 misc:301 icu:0.25 pcu:30.00 scu:1265.75 tlayer:4 pbqpoffset:7.22 pbfactor:2.30 avgQpOffsetCutree:0.00;
in:320 out:320 type:B q:38.75 q-aq:38.16 q-noVbv:38.75 q-Rceq:1.32 tex:8124 mv:3307 misc:1265 icu:1.75 pcu:561.25 scu:733.00 tlayer:3 pbqpoffset:3.95 pbfactor:1.58 avgQpOffsetCutree:-1.23;
in:319 out:321 type:b q:41.68 q-aq:42.00 q-noVbv:41.68 q-Rceq:1.32 tex:54 mv:436 misc:366 icu:0.00 pcu:118.50 scu:1177.50 tlayer:4 pbqpoffset:6.76 pbfactor:2.18 avgQpOffsetCutree:0.00;
in:321 out:322 type:b q:41.89 q-aq:42.00 q-noVbv:41.89 q-Rceq:1.32 tex:3 mv:448 misc:349 icu:0.00 pcu:108.75 scu:1187.25 tlayer:4 pbqpoffset:7.23 pbfactor:2.30 avgQpOffsetCutree:0.00;
in:338 out:323 type:k q:34.48 q-aq:28.57 q-noVbv:34.48 q-Rceq:1.32 tex:381918 mv:28210 misc:2512 icu:375.50 pcu:908.75 scu:11.75 tlayer:0 pbqpoffset:1.06 pbfactor:1.13 avgQpOffsetCutree:-7.43;
in:330 out:324 type:B q:37.09 q-aq:31.54 q-noVbv:37.09 q-Rceq:1.32 tex:126465 mv:24334 misc:4073 icu:72.00 pcu:948.00 scu:276.00 tlayer:1 pbqpoffset:2.58 pbfactor:1.35 avgQpOffsetCutree:-5.00;
in:326 out:325 type:B q:38.20 q-aq:34.10 q-noVbv:38.20 q-Rceq:1.32 tex:49386 mv:10106 misc:2196 icu:3.00 pcu:908.00 scu:385.00 tlayer:2 pbqpoffset:3.68 pbfactor:1.53 avgQpOffsetCutree:-3.72;
in:324 out:326 type:B q:38.98 q-aq:37.17 q-noVbv:38.98 q-Rceq:1.32 tex:7999 mv:2614 misc:1195 icu:0.50 pcu:390.25 scu:905.25 tlayer:3 pbqpoffset:4.45 pbfactor:1.67 avgQpOffsetCutree:-1.92;
in:323 out:327 type:b q:41.97 q-aq:42.00 q-noVbv:41.97 q-Rceq:1.32 tex:4 mv:427 misc:353 icu:0.50 pcu:87.50 scu:1208.00 tlayer:4 pbqpoffset:7.43 pbfactor:2.36 avgQpOffsetCutree:0.00;
in:325 out:328 type:b q:41.94 q-aq:42.00 q-noVbv:41.94 q-Rceq:1.32 tex:2 mv:243 misc:267 icu:0.00 pcu:88.00 scu:1208.00 tlayer:4 pbqpoffset:7.41 pbfactor:2.35 avgQpOffsetCutree:0.00;
in:328 out:329 type:B q:38.96 q-aq:36.74 q-noVbv:38.96 q-Rceq:1.32 tex:8980 mv:3250 misc:1490 icu:0.50 pcu:497.25 scu:798.25 tlayer:3 pbqpoffset:4.45 pbfactor:1.67 avgQpOffsetCutree:-1.60;
in:327 out:330 type:b q:41.94 q-aq:42.00 q-noVbv:41.94 q-Rceq:1.32 tex:2 mv:285 misc:305 icu:0.00 pcu:75.00 scu:1221.00 tlayer:4 pbqpoffset:7.42 pbfactor:2.36 avgQpOffsetCutree:0.00;
in:329 out:331 type:b q:41.93 q-aq:42.00 q-noVbv:41.93 q-Rceq:1.32 tex:5 mv:376 misc:307 icu:0.00 pcu:141.00 scu:1155.00 tlayer:4 pbqpoffset:7.42 pbfactor:2.36 avgQpOffsetCutree:0.00;
in:334 out:332 type:B q:37.80 q-aq:34.13 q-noVbv:37.80 q-Rceq:1.32 tex:56566 mv:11574 misc:2668 icu:5.25 pcu:910.25 scu:380.50 tlayer:2 pbqpoffset:3.30 pbfactor:1.46 avgQpOffsetCutree:-3.22;
in:332 out:333 type:B q:38.95 q-aq:37.01 q-noVbv:38.95 q-Rceq:1.32 tex:8147 mv:3522 misc:1507 icu:0.75 pcu:519.25 scu:776.00 tlayer:3 pbqpoffset:4.45 pbfactor:1.67 avgQpOffsetCutree:-2.01;
in:331 out:334 type:b q:41.93 q-aq:42.00 q-noVbv:41.93 q-Rceq:1.32 tex:2 mv:217 misc:237 icu:0.00 pcu:104.00 scu:1192.00 tlayer:4 pbqpoffset:7.42 pbfactor:2.36 avgQpOffsetCutree:0.00;
in:333 out:335 type:b q:41.91 q-aq:42.00 q-noVbv:41.91 q-Rceq:1.32 tex:1 mv:280 misc:295 icu:0.00 pcu:85.25 scu:1210.75 tlayer:4 pbqpoffset:7.41 pbfactor:2.35 avgQpOffsetCutree:0.00;
in:336 out:336 type:B q:38.61 q-aq:37.86 q-noVbv:38.61 q-Rceq:1.32 tex:10215 mv:2670 misc:1283 icu:0.25 pcu:571.25 scu:724.50 tlayer:3 pbqpoffset:4.12 pbfactor:1.61 avgQpOffsetCutree:-1.19;
in:335 out:337 type:b q:39.83 q-aq:40.00 q-noVbv:39.83 q-Rceq:1.32 tex:4 mv:820 misc:600 icu:0.00 pcu:240.50 scu:1055.50 tlayer:4 pbqpoffset:5.34 pbfactor:1.85 avgQpOffsetCutree:0.00;
in:337 out:338 type:b q:41.92 q-aq:42.00 q-noVbv:41.92 q-Rceq:1.32 tex:0 mv:121 misc:207 icu:0.00 pcu:12.00 scu:1284.00 tlayer:4 pbqpoffset:7.44 pbfactor:2.36 avgQpOffsetCutree:0.00;
in:353 out:339 type:k q:35.44 q-aq:29.26 q-noVbv:35.44 q-Rceq:1.32 tex:358302 mv:31307 misc:2831 icu:362.50 pcu:917.75 scu:15.75 tlayer:0 pbqpoffset:1.21 pbfactor:1.15 avgQpOffsetCutree:-7.68;
in:346 out:340 type:B q:37.68 q-aq:31.81 q-noVbv:37.68 q-Rceq:1.32 tex:116685 mv:22794 misc:3777 icu:34.25 pcu:1002.00 scu:259.75 tlayer:1 pbqpoffset:2.69 pbfactor:1.36 avgQpOffsetCutree:-5.09;
in:342 out:341 type:B q:38.12 q-aq:33.83 q-noVbv:38.12 q-Rceq:1.32 tex:55318 mv:9171 misc:2431 icu:0.75 pcu:825.50 scu:469.75 tlayer:2 pbqpoffset:3.39 pbfactor:1.48 avgQpOffsetCutree:-3.67;
in:340 out:342 type:B q:39.12 q-aq:37.00 q-noVbv:39.12 q-Rceq:1.32 tex:10357 mv:2381 misc:1150 icu:0.00 pcu:518.00 scu:778.00 tlayer:3 pbqpoffset:4.51 pbfactor:1.68 avgQpOffsetCutree:-2.00;
in:339 out:343 type:b q:41.30 q-aq:41.00 q-noVbv:41.30 q-Rceq:1.32 tex:1 mv:268 misc:259 icu:0.00 pcu:76.00 scu:1220.00 tlayer:4 pbqpoffset:6.76 pbfactor:2.18 avgQpOffsetCutree:0.00;
in:341 out:344 type:b q:42.07 q-aq:42.00 q-noVbv:42.07 q-Rceq:1.32 tex:3 mv:299 misc:314 icu:0.00 pcu:116.00 scu:1180.00 tlayer:4 pbqpoffset:7.40 pbfactor:2.35 avgQpOffsetCutree:0.00;
in:344 out:345 type:B q:39.40 q-aq:37.11 q-noVbv:39.40 q-Rceq:1.32 tex:6105 mv:1835 misc:972 icu:0.25 pcu:598.75 scu:697.00 tlayer:3 pbqpoffset:4.53 pbfactor:1.69 avgQpOffsetCutree:-1.71;
in:343 out:346 type:b q:42.22 q-aq:42.00 q-noVbv:42.22 q-Rceq:1.32 tex:2 mv:315 misc:259 icu:0.00 pcu:120.00 scu:1176.00 tlayer:4 pbqpoffset:7.42 pbfactor:2.36 avgQpOffsetCutree:0.00;
in:345 out:347 type:b q:42.38 q-aq:42.00 q-noVbv:42.38 q-Rceq:1.32 tex:3 mv:304 misc:309 icu:0.00 pcu:192.00 scu:1104.00 tlayer:4 pbqpoffset:7.45 pbfactor:2.37 avgQpOffsetCutree:0.00;
in:350 out:348 type:B q:38.57 q-aq:34.76 q-noVbv:38.57 q-Rceq:1.32 tex:33477 mv:7758 misc:2349 icu:2.00 pcu:983.75 scu:310.25 tlayer:2 pbqpoffset:3.32 pbfactor:1.47 avgQpOffsetCutree:-3.14;
in:348 out:349 type:B q:39.65 q-aq:36.79 q-noVbv:39.65 q-Rceq:1.32 tex:6380 mv:3135 misc:1133 icu:0.00 pcu:634.50 scu:661.50 tlayer:3 pbqpoffset:4.53 pbfactor:1.69 avgQpOffsetCutree:-2.24;
in:347 out:350 type:b q:42.39 q-aq:42.00 q-noVbv:42.39 q-Rceq:1.32 tex:2 mv:310 misc:264 icu:0.00 pcu:117.00 scu:1179.00 tlayer:4 pbqpoffset:7.33 pbfactor:2.33 avgQpOffsetCutree:0.00;
in:349 out:351 type:b q:42.67 q-aq:43.00 q-noVbv:42.67 q-Rceq:1.32 tex:1 mv:207 misc:256 icu:0.00 pcu:140.00 scu:1156.00 tlayer:4 pbqpoffset:7.49 pbfactor:2.37 avgQpOffsetCutree:0.00;
in:352 out:352 type:B q:39.77 q-aq:39.09 q-noVbv:39.77 q-Rceq:1.32 tex:314 mv:1202 misc:628 icu:0.00 pcu:367.00 scu:929.00 tlayer:3 pbqpoffset:4.39 pbfactor:1.66 avgQpOffsetCutree:-0.54;
in:351 out:353 type:b q:40.39 q-aq:40.00 q-noVbv:40.39 q-Rceq:1.32 tex:10 mv:1189 misc:521 icu:0.00 pcu:417.00 scu:879.00 tlayer:4 pbqpoffset:5.07 pbfactor:1.80 avgQpOffsetCutree:0.00;
in:369 out:354 type:k q:35.37 q-aq:28.24 q-noVbv:35.37 q-Rceq:1.32 tex:390501 mv:30055 misc:2492 icu:273.75 pcu:1005.50 scu:16.75 tlayer:0 pbqpoffset:1.18 pbfactor:1.15 avgQpOffsetCutree:-8.15;
in:361 out:355 type:B q:38.02 q-aq:31.39 q-noVbv:38.02 q-Rceq:1.32 tex:113366 mv:17945 misc:4113 icu:19.25 pcu:1012.00 scu:264.75 tlayer:1 pbqpoffset:2.62 pbfactor:1.35 avgQpOffsetCutree:-5.47;
in:357 out:356 type:B q:38.69 q-aq:34.13 q-noVbv:38.69 q-Rceq:1.32 tex:33861 mv:6358 misc:2053 icu:0.50 pcu:770.25 scu:525.25 tlayer:2 pbqpoffset:3.27 pbfactor:1.46 avgQpOffsetCutree:-3.73;
in:355 out:357 type:B q:39.65 q-aq:38.00 q-noVbv:39.65 q-Rceq:1.32 tex:24 mv:1126 misc:578 icu:0.00 pcu:251.00 scu:1045.00 tlayer:3 pbqpoffset:4.22 pbfactor:1.63 avgQpOffsetCutree:-1.60;
in:354 out:358 type:b q:40.66 q-aq:41.00 q-noVbv:40.66 q-Rceq:1.32 tex:3 mv:411 misc:322 icu:0.00 pcu:171.00 scu:1125.00 tlayer:4 pbqpoffset:5.22 pbfactor:1.83 avgQpOffsetCutree:0.00;
in:356 out:359 type:b q:41.61 q-aq:42.00 q-noVbv:41.61 q-Rceq:1.32 tex:2 mv:162 misc:244 icu:0.00 pcu:42.00 scu:1254.00 tlayer:4 pbqpoffset:6.18 pbfactor:2.04 avgQpOffsetCutree:0.00;
in:359 out:360 type:B q:39.54 q-aq:38.01 q-noVbv:39.54 q-Rceq:1.32 tex:1519 mv:976 misc:617 icu:0.00 pcu:428.25 scu:867.75 tlayer:3 pbqpoffset:4.12 pbfactor:1.61 avgQpOffsetCutree:-1.49;
in:358 out:361 type:b q:42.71 q-aq:43.00 q-noVbv:42.71 q-Rceq:1.32 tex:0 mv:214 misc:226 icu:0.00 pcu:68.00 scu:1228.00 tlayer:4 pbqpoffset:7.29 pbfactor:2.32 avgQpOffsetCutree:0.00;
in:360 out:362 type:b q:42.10 q-aq:42.00 q-noVbv:42.10 q-Rceq:1.32 tex:3 mv:253 misc:256 icu:0.00 pcu:52.00 scu:1244.00 tlayer:4 pbqpoffset:6.69 pbfactor:2.17 avgQpOffsetCutree:0.00;
in:365 out:363 type:B q:38.60 q-aq:34.22 q-noVbv:38.60 q-Rceq:1.32 tex:33455 mv:5378 misc:2103 icu:0.50 pcu:891.50 scu:404.00 tlayer:2 pbqpoffset:3.21 pbfactor:1.45 avgQpOffsetCutree:-3.60;
in:363 out:364 type:B q:39.01 q-aq:36.91 q-noVbv:39.01 q-Rceq:1.32 tex:743 mv:1524 misc:749 icu:0.00 pcu:364.00 scu:932.00 tlayer:3 pbqpoffset:3.62 pbfactor:1.52 avgQpOffsetCutree:-1.91;
in:362 out:365 type:b q:42.75 q-aq:43.00 q-noVbv:42.75 q-Rceq:1.32 tex:1 mv:202 misc:253 icu:0.00 pcu:88.00 scu:1208.00 tlayer:4 pbqpoffset:7.34 pbfactor:2.34 avgQpOffsetCutree:0.00;
in:364 out:366 type:b q:42.70 q-aq:43.00 q-noVbv:42.70 q-Rceq:1.32 tex:0 mv:194 misc:230 icu:0.00 pcu:68.00 scu:1228.00 tlayer:4 pbqpoffset:7.31 pbfactor:2.33 avgQpOffsetCutree:0.00;
in:367 out:367 type:B q:39.79 q-aq:40.00 q-noVbv:39.79 q-Rceq:1.32 tex:5 mv:898 misc:473 icu:0.00 pcu:325.00 scu:971.00 tlayer:3 pbqpoffset:4.41 pbfactor:1.66 avgQpOffsetCutree:-0.87;
in:366 out:368 type:b q:42.47 q-aq:42.00 q-noVbv:42.47 q-Rceq:1.32 tex:0 mv:209 misc:263 icu:0.00 pcu:80.00 scu:1216.00 tlayer:4 pbqpoffset:7.09 pbfactor:2.27 avgQpOffsetCutree:0.00;
in:368 out:369 type:b q:41.48 q-aq:41.00 q-noVbv:41.48 q-Rceq:1.32 tex:1 mv:187 misc:260 icu:0.00 pcu:76.00 scu:1220.00 tlayer:4 pbqpoffset:6.11 pbfactor:2.03 avgQpOffsetCutree:0.00;
in:385 out:370 type:k q:34.50 q-aq:26.58 q-noVbv:34.50 q-Rceq:1.32 tex:456374 mv:26855 misc:2427 icu:141.75 pcu:1145.25 scu:9.00 tlayer:0 pbqpoffset:1.23 pbfactor:1.15 avgQpOffsetCutree:-8.41;
in:377 out:371 type:B q:37.29 q-aq:30.45 q-noVbv:37.29 q-Rceq:1.32 tex:98866 mv:14918 misc:3848 icu:11.00 pcu:988.25 scu:296.75 tlayer:1 pbqpoffset:2.36 pbfactor:1.31 avgQpOffsetCutree:-5.54;
in:373 out:372 type:B q:38.50 q-aq:33.96 q-noVbv:38.50 q-Rceq:1.32 tex:15048 mv:3585 misc:1951 icu:0.25 pcu:592.50 scu:703.25 tlayer:2 pbqpoffset:3.35 pbfactor:1.47 avgQpOffsetCutree:-3.65;
in:371 out:373 type:B q:39.43 q-aq:38.81 q-noVbv:39.43 q-Rceq:1.32 tex:8 mv:438 misc:378 icu:0.00 pcu:98.00 scu:1198.00 tlayer:3 pbqpoffset:4.17 pbfactor:1.62 avgQpOffsetCutree:-0.80;
in:370 out:374 type:b q:42.17 q-aq:42.00 q-noVbv:42.17 q-Rceq:1.32 tex:3 mv:294 misc:311 icu:0.00 pcu:128.00 scu:1168.00 tlayer:4 pbqpoffset:6.85 pbfactor:2.21 avgQpOffsetCutree:0.00;
in:372 out:375 type:b q:42.06 q-aq:42.00 q-noVbv:42.06 q-Rceq:1.32 tex:0 mv:36 misc:180 icu:0.00 pcu:16.00 scu:1280.00 tlayer:4 pbqpoffset:6.85 pbfactor:2.21 avgQpOffsetCutree:0.00;
in:375 out:376 type:B q:39.22 q-aq:39.00 q-noVbv:39.22 q-Rceq:1.32 tex:3 mv:453 misc:336 icu:0.00 pcu:149.00 scu:1147.00 tlayer:3 pbqpoffset:4.17 pbfactor:1.62 avgQpOffsetCutree:-1.69;
in:374 out:377 type:b q:41.95 q-aq:42.00 q-noVbv:41.95 q-Rceq:1.32 tex:2 mv:107 misc:195 icu:0.00 pcu:64.00 scu:1232.00 tlayer:4 pbqpoffset:6.85 pbfactor:2.21 avgQpOffsetCutree:0.00;
in:376 out:378 type:b q:41.84 q-aq:42.00 q-noVbv:41.84 q-Rceq:1.32 tex:0 mv:139 misc:237 icu:0.00 pcu:84.00 scu:1212.00 tlayer:4 pbqpoffset:6.85 pbfactor:2.21 avgQpOffsetCutree:0.00;
in:381 out:379 type:B q:37.43 q-aq:32.71 q-noVbv:37.43 q-Rceq:1.32 tex:27960 mv:6244 misc:2572 icu:0.25 pcu:846.75 scu:449.00 tlayer:2 pbqpoffset:2.71 pbfactor:1.37 avgQpOffsetCutree:-3.86;
in:379 out:380 type:B q:39.00 q-aq:39.00 q-noVbv:39.00 q-Rceq:1.32 tex:6 mv:897 misc:481 icu:0.00 pcu:285.00 scu:1011.00 tlayer:3 pbqpoffset:4.17 pbfactor:1.62 avgQpOffsetCutree:-1.92;
in:378 out:381 type:b q:41.75 q-aq:42.00 q-noVbv:41.75 q-Rceq:1.32 tex:0 mv:115 misc:205 icu:0.00 pcu:36.00 scu:1260.00 tlayer:4 pbqpoffset:6.87 pbfactor:2.21 avgQpOffsetCutree:0.00;
in:380 out:382 type:b q:41.68 q-aq:42.00 q-noVbv:41.68 q-Rceq:1.32 tex:1 mv:219 misc:284 icu:0.00 pcu:68.00 scu:1228.00 tlayer:4 pbqpoffset:6.91 pbfactor:2.22 avgQpOffsetCutree:0.00;
in:383 out:383 type:B q:38.79 q-aq:39.00 q-noVbv:38.79 q-Rceq:1.32 tex:5 mv:1239 misc:580 icu:0.00 pcu:431.25 scu:864.75 tlayer:3 pbqpoffset:4.17 pbfactor:1.62 avgQpOffsetCutree:-1.64;
in:382 out:384 type:b q:41.52 q-aq:42.00 q-noVbv:41.52 q-Rceq:1.32 tex:1 mv:65 misc:222 icu:0.00 pcu:32.00 scu:1264.00 tlayer:4 pbqpoffset:6.85 pbfactor:2.21 avgQpOffsetCutree:0.00;
in:384 out:385 type:b q:41.41 q-aq:41.00 q-noVbv:41.41 q-Rceq:1.32 tex:0 mv:48 misc:192 icu:0.00 pcu:16.00 scu:1280.00 tlayer:4 pbqpoffset:6.85 pbfactor:2.21 avgQpOffsetCutree:0.00;
in:401 out:386 type:k q:33.77 q-aq:25.31 q-noVbv:33.77 q-Rceq:1.32 tex:454451 mv:18342 misc:2351 icu:81.00 pcu:1203.50 scu:11.50 tlayer:0 pbqpoffset:1.45 pbfactor:1.18 avgQpOffsetCutree:-8.52;
in:393 out:387 type:B q:36.14 q-aq:28.88 q-noVbv:36.14 q-Rceq:1.32 tex:112412 mv:16427 misc:4009 icu:7.75 pcu:1004.75 scu:283.50 tlayer:1 pbqpoffset:2.00 pbfactor:1.26 avgQpOffsetCutree:-5.77;
in:389 out:388 type:B q:36.86 q-aq:33.53 q-noVbv:36.86 q-Rceq:1.32 tex:4884 mv:1873 misc:835 icu:0.75 pcu:437.00 scu:858.25 tlayer:2 pbqpoffset:2.54 pbfactor:1.34 avgQpOffsetCutree:-3.03;
in:387 out:389 type:B q:37.77 q-aq:34.00 q-noVbv:37.77 q-Rceq:1.32 tex:112 mv:880 misc:688 icu:0.00 pcu:315.25 scu:980.75 tlayer:3 pbqpoffset:3.36 pbfactor:1.47 avgQpOffsetCutree:-2.83;
in:386 out:390 type:b q:41.00 q-aq:41.00 q-noVbv:41.00 q-Rceq:1.32 tex:1 mv:90 misc:205 icu:0.00 pcu:48.00 scu:1248.00 tlayer:4 pbqpoffset:6.54 pbfactor:2.13 avgQpOffsetCutree:0.00;
in:388 out:391 type:b q:40.91 q-aq:41.00 q-noVbv:40.91 q-Rceq:1.32 tex:0 mv:66 misc:190 icu:0.00 pcu:48.00 scu:1248.00 tlayer:4 pbqpoffset:6.54 pbfactor:2.13 avgQpOffsetCutree:0.00;
in:391 out:392 type:B q:38.09 q-aq:38.00 q-noVbv:38.09 q-Rceq:1.32 tex:6 mv:680 misc:426 icu:0.00 pcu:233.00 scu:1063.00 tlayer:3 pbqpoffset:3.87 pbfactor:1.56 avgQpOffsetCutree:-2.37;
in:390 out:393 type:b q:40.82 q-aq:41.00 q-noVbv:40.82 q-Rceq:1.32 tex:2 mv:80 misc:214 icu:0.00 pcu:36.00 scu:1260.00 tlayer:4 pbqpoffset:6.54 pbfactor:2.13 avgQpOffsetCutree:0.00;
in:392 out:394 type:b q:40.73 q-aq:41.00 q-noVbv:40.73 q-Rceq:1.32 tex:1 mv:105 misc:206 icu:0.00 pcu:28.00 scu:1268.00 tlayer:4 pbqpoffset:6.54 pbfactor:2.13 avgQpOffsetCutree:0.00;
in:397 out:395 type:B q:35.95 q-aq:31.29 q-noVbv:35.95 q-Rceq:1.32 tex:37651 mv:6211 misc:2882 icu:0.25 pcu:892.25 scu:403.50 tlayer:2 pbqpoffset:2.00 pbfactor:1.26 avgQpOffsetCutree:-3.73;
in:395 out:396 type:B q:37.59 q-aq:38.00 q-noVbv:37.59 q-Rceq:1.32 tex:4 mv:265 misc:267 icu:0.00 pcu:37.00 scu:1259.00 tlayer:3 pbqpoffset:3.55 pbfactor:1.51 avgQpOffsetCutree:-1.61;
in:394 out:397 type:b q:40.74 q-aq:41.00 q-noVbv:40.74 q-Rceq:1.32 tex:4 mv:126 misc:270 icu:0.00 pcu:84.00 scu:1212.00 tlayer:4 pbqpoffset:6.65 pbfactor:2.16 avgQpOffsetCutree:0.00;
in:396 out:398 type:b q:40.55 q-aq:41.00 q-noVbv:40.55 q-Rceq:1.32 tex:1 mv:33 misc:206 icu:0.00 pcu:12.00 scu:1284.00 tlayer:4 pbqpoffset:6.56 pbfactor:2.13 avgQpOffsetCutree:0.00;
in:399 out:399 type:B q:36.68 q-aq:37.00 q-noVbv:36.68 q-Rceq:1.32 tex:5 mv:1356 misc:639 icu:0.00 pcu:427.50 scu:868.50 tlayer:3 pbqpoffset:2.82 pbfactor:1.39 avgQpOffsetCutree:-1.04;
in:398 out:400 type:b q:40.45 q-aq:40.00 q-noVbv:40.45 q-Rceq:1.32 tex:9 mv:372 misc:395 icu:0.00 pcu:168.00 scu:1128.00 tlayer:4 pbqpoffset:6.54 pbfactor:2.13 avgQpOffsetCutree:0.00;
in:400 out:401 type:b q:40.36 q-aq:40.00 q-noVbv:40.36 q-Rceq:1.32 tex:0 mv:63 misc:169 icu:0.00 pcu:16.00 scu:1280.00 tlayer:4 pbqpoffset:6.54 pbfactor:2.13 avgQpOffsetCutree:0.00;
in:417 out:402 type:k q:33.51 q-aq:25.24 q-noVbv:33.51 q-Rceq:1.32 tex:410509 mv:17079 misc:2492 icu:70.50 pcu:1214.25 scu:11.25 tlayer:0 pbqpoffset:1.12 pbfactor:1.14 avgQpOffsetCutree:-8.57;
in:409 out:403 type:B q:35.50 q-aq:28.87 q-noVbv:35.50 q-Rceq:1.32 tex:79403 mv:11652 misc:3369 icu:12.50 pcu:884.50 scu:399.00 tlayer:1 pbqpoffset:1.86 pbfactor:1.24 avgQpOffsetCutree:-5.25;
in:405 out:404 type:B q:37.43 q-aq:32.88 q-noVbv:37.43 q-Rceq:1.32 tex:2640 mv:984 misc:704 icu:0.00 pcu:208.00 scu:1088.00 tlayer:2 pbqpoffset:3.73 pbfactor:1.54 avgQpOffsetCutree:-3.49;
in:403 out:405 type:B q:37.46 q-aq:37.00 q-noVbv:37.46 q-Rceq:1.32 tex:3 mv:227 misc:266 icu:0.00 pcu:64.00 scu:1232.00 tlayer:3 pbqpoffset:3.73 pbfactor:1.54 avgQpOffsetCutree:-1.99;
in:402 out:406 type:b q:40.16 q-aq:40.00 q-noVbv:40.16 q-Rceq:1.32 tex:0 mv:8 misc:200 icu:0.00 pcu:0.00 scu:1296.00 tlayer:4 pbqpoffset:6.40 pbfactor:2.10 avgQpOffsetCutree:0.00;
in:404 out:407 type:b q:40.12 q-aq:40.00 q-noVbv:40.12 q-Rceq:1.32 tex:1 mv:20 misc:187 icu:0.00 pcu:16.00 scu:1280.00 tlayer:4 pbqpoffset:6.40 pbfactor:2.10 avgQpOffsetCutree:0.00;
in:407 out:408 type:B q:37.40 q-aq:37.00 q-noVbv:37.40 q-Rceq:1.32 tex:6 mv:777 misc:465 icu:0.00 pcu:308.00 scu:988.00 tlayer:3 pbqpoffset:3.73 pbfactor:1.54 avgQpOffsetCutree:-1.72;
in:406 out:409 type:b q:40.09 q-aq:40.00 q-noVbv:40.09 q-Rceq:1.32 tex:0 mv:88 misc:208 icu:0.00 pcu:32.00 scu:1264.00 tlayer:4 pbqpoffset:6.40 pbfactor:2.10 avgQpOffsetCutree:0.00;
in:408 out:410 type:b q:40.06 q-aq:40.00 q-noVbv:40.06 q-Rceq:1.32 tex:1 mv:175 misc:296 icu:0.00 pcu:56.00 scu:1240.00 tlayer:4 pbqpoffset:6.40 pbfactor:2.10 avgQpOffsetCutree:0.00;
in:413 out:411 type:B q:36.49 q-aq:32.47 q-noVbv:36.49 q-Rceq:1.32 tex:17482 mv:3308 misc:1834 icu:0.00 pcu:582.50 scu:713.50 tlayer:2 pbqpoffset:2.92 pbfactor:1.40 avgQpOffsetCutree:-3.12;
in:411 out:412 type:B q:37.33 q-aq:37.00 q-noVbv:37.33 q-Rceq:1.32 tex:5 mv:431 misc:388 icu:0.00 pcu:140.00 scu:1156.00 tlayer:3 pbqpoffset:3.73 pbfactor:1.54 avgQpOffsetCutree:-2.10;
in:410 out:413 type:b q:40.03 q-aq:40.00 q-noVbv:40.03 q-Rceq:1.32 tex:4 mv:117 misc:239 icu:0.00 pcu:78.00 scu:1218.00 tlayer:4 pbqpoffset:6.40 pbfactor:2.10 avgQpOffsetCutree:0.00;
in:412 out:414 type:b q:39.99 q-aq:40.00 q-noVbv:39.99 q-Rceq:1.32 tex:0 mv:58 misc:190 icu:0.00 pcu:16.00 scu:1280.00 tlayer:4 pbqpoffset:6.40 pbfactor:2.10 avgQpOffsetCutree:0.00;
in:415 out:415 type:B q:36.23 q-aq:36.00 q-noVbv:36.23 q-Rceq:1.32 tex:11 mv:846 misc:727 icu:0.00 pcu:224.25 scu:1071.75 tlayer:3 pbqpoffset:2.68 pbfactor:1.36 avgQpOffsetCutree:-0.54;
in:414 out:416 type:b q:39.96 q-aq:40.00 q-noVbv:39.96 q-Rceq:1.32 tex:7 mv:336 misc:393 icu:0.00 pcu:136.00 scu:1160.00 tlayer:4 pbqpoffset:6.40 pbfactor:2.10 avgQpOffsetCutree:0.00;
in:416 out:417 type:b q:39.93 q-aq:40.00 q-noVbv:39.93 q-Rceq:1.32 tex:1 mv:83 misc:180 icu:0.00 pcu:32.00 scu:1264.00 tlayer:4 pbqpoffset:6.40 pbfactor:2.10 avgQpOffsetCutree:0.00;
in:433 out:418 type:k q:33.34 q-aq:25.33 q-noVbv:33.34 q-Rceq:1.32 tex:363097 mv:18359 misc:2776 icu:81.00 pcu:1200.00 scu:15.00 tlayer:0 pbqpoffset:1.33 pbfactor:1.17 avgQpOffsetCutree:-8.45;
in:425 out:419 type:B q:35.50 q-aq:27.72 q-noVbv:35.50 q-Rceq:1.32 tex:117411 mv:15786 misc:4171 icu:8.75 pcu:869.50 scu:417.75 tlayer:1 pbqpoffset:2.07 pbfactor:1.27 avgQpOffsetCutree:-6.19;
in:421 out:420 type:B q:37.20 q-aq:31.90 q-noVbv:37.20 q-Rceq:1.32 tex:12743 mv:2749 misc:1548 icu:0.00 pcu:380.00 scu:916.00 tlayer:2 pbqpoffset:3.73 pbfactor:1.54 avgQpOffsetCutree:-4.25;
in:419 out:421 type:B q:37.26 q-aq:37.00 q-noVbv:37.26 q-Rceq:1.32 tex:8 mv:887 misc:505 icu:0.00 pcu:368.50 scu:927.50 tlayer:3 pbqpoffset:3.77 pbfactor:1.55 avgQpOffsetCutree:-2.11;
in:418 out:422 type:b q:39.95 q-aq:40.00 q-noVbv:39.95 q-Rceq:1.32 tex:1 mv:82 misc:229 icu:0.00 pcu:40.00 scu:1256.00 tlayer:4 pbqpoffset:6.45 pbfactor:2.11 avgQpOffsetCutree:0.00;
in:420 out:423 type:b q:39.93 q-aq:40.00 q-noVbv:39.93 q-Rceq:1.32 tex:1 mv:126 misc:233 icu:0.00 pcu:64.00 scu:1232.00 tlayer:4 pbqpoffset:6.45 pbfactor:2.11 avgQpOffsetCutree:0.00;
in:423 out:424 type:B q:37.22 q-aq:37.00 q-noVbv:37.22 q-Rceq:1.32 tex:6 mv:482 misc:416 icu:0.00 pcu:145.25 scu:1150.75 tlayer:3 pbqpoffset:3.77 pbfactor:1.55 avgQpOffsetCutree:-1.83;
in:422 out:425 type:b q:39.90 q-aq:40.00 q-noVbv:39.90 q-Rceq:1.32 tex:0 mv:8 misc:192 icu:0.00 pcu:0.00 scu:1296.00 tlayer:4 pbqpoffset:6.45 pbfactor:2.11 avgQpOffsetCutree:0.00;
in:424 out:426 type:b q:39.88 q-aq:40.00 q-noVbv:39.88 q-Rceq:1.32 tex:3 mv:211 misc:290 icu:0.00 pcu:28.00 scu:1268.00 tlayer:4 pbqpoffset:6.45 pbfactor:2.11 avgQpOffsetCutree:0.00;
in:429 out:427 type:B q:37.15 q-aq:32.17 q-noVbv:37.15 q-Rceq:1.32 tex:6786 mv:2228 misc:1298 icu:0.00 pcu:566.00 scu:730.00 tlayer:2 pbqpoffset:3.77 pbfactor:1.55 avgQpOffsetCutree:-3.65;
in:427 out:428 type:B q:37.17 q-aq:37.00 q-noVbv:37.17 q-Rceq:1.32 tex:10 mv:659 misc:491 icu:0.00 pcu:214.25 scu:1081.75 tlayer:3 pbqpoffset:3.77 pbfactor:1.55 avgQpOffsetCutree:-2.18;
in:426 out:429 type:b q:39.86 q-aq:40.00 q-noVbv:39.86 q-Rceq:1.32 tex:0 mv:75 misc:197 icu:0.00 pcu:32.00 scu:1264.00 tlayer:4 pbqpoffset:6.45 pbfactor:2.11 avgQpOffsetCutree:0.00;
in:428 out:430 type:b q:39.84 q-aq:40.00 q-noVbv:39.84 q-Rceq:1.32 tex:0 mv:66 misc:198 icu:0.00 pcu:32.00 scu:1264.00 tlayer:4 pbqpoffset:6.45 pbfactor:2.11 avgQpOffsetCutree:0.00;
in:431 out:431 type:B q:37.13 q-aq:37.00 q-noVbv:37.13 q-Rceq:1.32 tex:10 mv:1267 misc:571 icu:0.00 pcu:456.00 scu:840.00 tlayer:3 pbqpoffset:3.77 pbfactor:1.55 avgQpOffsetCutree:-1.14;
in:430 out:432 type:b q:39.82 q-aq:40.00 q-noVbv:39.82 q-Rceq:1.32 tex:1 mv:189 misc:282 icu:0.00 pcu:68.00 scu:1228.00 tlayer:4 pbqpoffset:6.45 pbfactor:2.11 avgQpOffsetCutree:0.00;
in:432 out:433 type:b q:39.80 q-aq:40.00 q-noVbv:39.80 q-Rceq:1.32 tex:0 mv:39 misc:169 icu:0.00 pcu:16.00 scu:1280.00 tlayer:4 pbqpoffset:6.45 pbfactor:2.11 avgQpOffsetCutree:0.00;
in:449 out:434 type:k q:33.04 q-aq:24.43 q-noVbv:33.04 q-Rceq:1.32 tex:394603 mv:16372 misc:2489 icu:70.00 pcu:1214.00 scu:12.00 tlayer:0 pbqpoffset:1.56 pbfactor:1.20 avgQpOffsetCutree:-8.85;
in:441 out:435 type:B q:35.12 q-aq:26.55 q-noVbv:35.12 q-Rceq:1.32 tex:123117 mv:12849 misc:4146 icu:14.50 pcu:947.75 scu:333.75 tlayer:1 pbqpoffset:1.93 pbfactor:1.25 avgQpOffsetCutree:-6.50;
in:437 out:436 type:B q:36.99 q-aq:36.45 q-noVbv:36.99 q-Rceq:1.32 tex:3522 mv:1502 misc:784 icu:0.25 pcu:476.50 scu:819.25 tlayer:2 pbqpoffset:3.72 pbfactor:1.54 avgQpOffsetCutree:-4.02;
in:435 out:437 type:B q:37.03 q-aq:37.00 q-noVbv:37.03 q-Rceq:1.32 tex:6 mv:573 misc:453 icu:0.00 pcu:206.00 scu:1090.00 tlayer:3 pbqpoffset:3.72 pbfactor:1.54 avgQpOffsetCutree:-1.27;
in:434 out:438 type:b q:39.73 q-aq:40.00 q-noVbv:39.73 q-Rceq:1.32 tex:0 mv:18 misc:198 icu:0.00 pcu:16.00 scu:1280.00 tlayer:4 pbqpoffset:6.40 pbfactor:2.09 avgQpOffsetCutree:0.00;
in:436 out:439 type:b q:39.69 q-aq:40.00 q-noVbv:39.69 q-Rceq:1.32 tex:6 mv:367 misc:387 icu:0.00 pcu:204.00 scu:1092.00 tlayer:4 pbqpoffset:6.40 pbfactor:2.09 avgQpOffsetCutree:0.00;
in:439 out:440 type:B q:36.95 q-aq:37.00 q-noVbv:36.95 q-Rceq:1.32 tex:0 mv:34 misc:190 icu:0.00 pcu:0.00 scu:1296.00 tlayer:3 pbqpoffset:3.72 pbfactor:1.54 avgQpOffsetCutree:-0.34;
in:438 out:441 type:b q:39.65 q-aq:40.00 q-noVbv:39.65 q-Rceq:1.32 tex:0 mv:8 misc:192 icu:0.00 pcu:0.00 scu:1296.00 tlayer:4 pbqpoffset:6.40 pbfactor:2.09 avgQpOffsetCutree:0.00;
in:440 out:442 type:b q:39.61 q-aq:40.00 q-noVbv:39.61 q-Rceq:1.32 tex:0 mv:8 misc:192 icu:0.00 pcu:0.00 scu:1296.00 tlayer:4 pbqpoffset:6.40 pbfactor:2.09 avgQpOffsetCutree:0.00;
in:445 out:443 type:B q:36.33 q-aq:35.45 q-noVbv:36.33 q-Rceq:1.32 tex:6756 mv:886 misc:694 icu:0.00 pcu:195.25 scu:1100.75 tlayer:2 pbqpoffset:3.21 pbfactor:1.45 avgQpOffsetCutree:-3.26;
in:443 out:444 type:B q:36.88 q-aq:37.00 q-noVbv:36.88 q-Rceq:1.32 tex:0 mv:102 misc:202 icu:0.00 pcu:16.00 scu:1280.00 tlayer:3 pbqpoffset:3.72 pbfactor:1.54 avgQpOffsetCutree:-1.79;
in:442 out:445 type:b q:39.57 q-aq:40.00 q-noVbv:39.57 q-Rceq:1.32 tex:0 mv:8 misc:192 icu:0.00 pcu:0.00 scu:1296.00 tlayer:4 pbqpoffset:6.40 pbfactor:2.09 avgQpOffsetCutree:0.00;
in:444 out:446 type:b q:39.54 q-aq:40.00 q-noVbv:39.54 q-Rceq:1.32 tex:0 mv:8 misc:192 icu:0.00 pcu:0.00 scu:1296.00 tlayer:4 pbqpoffset:6.40 pbfactor:2.09 avgQpOffsetCutree:0.00;
in:447 out:447 type:B q:36.80 q-aq:37.00 q-noVbv:36.80 q-Rceq:1.32 tex:0 mv:96 misc:184 icu:0.00 pcu:17.00 scu:1279.00 tlayer:3 pbqpoffset:3.72 pbfactor:1.54 avgQpOffsetCutree:-0.14;
in:446 out:448 type:b q:39.50 q-aq:39.00 q-noVbv:39.50 q-Rceq:1.32 tex:0 mv:5 misc:195 icu:0.00 pcu:0.00 scu:1296.00 tlayer:4 pbqpoffset:6.40 pbfactor:2.09 avgQpOffsetCutree:0.00;
in:448 out:449 type:b q:39.46 q-aq:39.00 q-noVbv:39.46 q-Rceq:1.32 tex:0 mv:53 misc:187 icu:0.00 pcu:32.00 scu:1264.00 tlayer:4 pbqpoffset:6.40 pbfactor:2.09 avgQpOffsetCutree:0.00;
in:465 out:450 type:k q:31.83 q-aq:21.21 q-noVbv:31.83 q-Rceq:1.32 tex:537664 mv:17033 misc:1943 icu:53.75 pcu:1236.25 scu:6.00 tlayer:0 pbqpoffset:1.50 pbfactor:1.19 avgQpOffsetCutree:-8.77;
in:457 out:451 type:B q:34.27 q-aq:25.27 q-noVbv:34.27 q-Rceq:1.32 tex:88906 mv:7830 misc:3296 icu:10.75 pcu:888.50 scu:396.75 tlayer:1 pbqpoffset:1.84 pbfactor:1.24 avgQpOffsetCutree:-6.83;
in:453 out:452 type:B q:36.20 q-aq:35.44 q-noVbv:36.20 q-Rceq:1.32 tex:6572 mv:1278 misc:742 icu:0.00 pcu:210.00 scu:1086.00 tlayer:2 pbqpoffset:3.46 pbfactor:1.49 avgQpOffsetCutree:-5.03;
in:451 out:453 type:B q:36.35 q-aq:36.00 q-noVbv:36.35 q-Rceq:1.32 tex:2 mv:126 misc:240 icu:0.00 pcu:28.00 scu:1268.00 tlayer:3 pbqpoffset:3.46 pbfactor:1.49 avgQpOffsetCutree:-2.93;
in:450 out:454 type:b q:39.10 q-aq:39.00 q-noVbv:39.10 q-Rceq:1.32 tex:0 mv:32 misc:192 icu:0.00 pcu:16.00 scu:1280.00 tlayer:4 pbqpoffset:6.14 pbfactor:2.03 avgQpOffsetCutree:0.00;
in:452 out:455 type:b q:38.95 q-aq:39.00 q-noVbv:38.95 q-Rceq:1.32 tex:0 mv:5 misc:195 icu:0.00 pcu:0.00 scu:1296.00 tlayer:4 pbqpoffset:6.14 pbfactor:2.03 avgQpOffsetCutree:0.00;
in:455 out:456 type:B q:36.04 q-aq:35.86 q-noVbv:36.04 q-Rceq:1.32 tex:65 mv:107 misc:236 icu:0.00 pcu:16.75 scu:1279.25 tlayer:3 pbqpoffset:3.46 pbfactor:1.49 avgQpOffsetCutree:-1.65;
in:454 out:457 type:b q:38.80 q-aq:39.00 q-noVbv:38.80 q-Rceq:1.32 tex:0 mv:5 misc:195 icu:0.00 pcu:0.00 scu:1296.00 tlayer:4 pbqpoffset:6.14 pbfactor:2.03 avgQpOffsetCutree:0.00;
in:456 out:458 type:b q:38.65 q-aq:39.00 q-noVbv:38.65 q-Rceq:1.32 tex:0 mv:5 misc:195 icu:0.00 pcu:0.00 scu:1296.00 tlayer:4 pbqpoffset:6.14 pbfactor:2.03 avgQpOffsetCutree:0.00;
in:461 out:459 type:B q:35.59 q-aq:35.39 q-noVbv:35.59 q-Rceq:1.32 tex:7520 mv:869 misc:787 icu:0.00 pcu:230.50 scu:1065.50 tlayer:2 pbqpoffset:3.46 pbfactor:1.49 avgQpOffsetCutree:-3.47;
in:459 out:460 type:B q:35.74 q-aq:35.75 q-noVbv:35.74 q-Rceq:1.32 tex:126 mv:139 misc:271 icu:0.00 pcu:23.00 scu:1273.00 tlayer:3 pbqpoffset:3.46 pbfactor:1.49 avgQpOffsetCutree:-2.19;
in:458 out:461 type:b q:38.50 q-aq:38.00 q-noVbv:38.50 q-Rceq:1.32 tex:0 mv:9 misc:191 icu:0.00 pcu:0.00 scu:1296.00 tlayer:4 pbqpoffset:6.14 pbfactor:2.03 avgQpOffsetCutree:0.00;
in:460 out:462 type:b q:38.35 q-aq:38.00 q-noVbv:38.35 q-Rceq:1.32 tex:0 mv:47 misc:185 icu:0.00 pcu:16.00 scu:1280.00 tlayer:4 pbqpoffset:6.14 pbfactor:2.03 avgQpOffsetCutree:0.00;
in:463 out:463 type:B q:35.44 q-aq:34.92 q-noVbv:35.44 q-Rceq:1.32 tex:34 mv:209 misc:293 icu:0.00 pcu:56.25 scu:1239.75 tlayer:3 pbqpoffset:3.46 pbfactor:1.49 avgQpOffsetCutree:-0.54;
in:462 out:464 type:b q:38.19 q-aq:38.00 q-noVbv:38.19 q-Rceq:1.32 tex:0 mv:26 misc:182 icu:0.00 pcu:0.00 scu:1296.00 tlayer:4 pbqpoffset:6.14 pbfactor:2.03 avgQpOffsetCutree:0.00;
in:464 out:465 type:b q:38.04 q-aq:38.00 q-noVbv:38.04 q-Rceq:1.32 tex:0 mv:32 misc:176 icu:0.00 pcu:16.00 scu:1280.00 tlayer:4 pbqpoffset:6.14 pbfactor:2.03 avgQpOffsetCutree:0.00;
in:481 out:466 type:k q:31.25 q-aq:23.36 q-noVbv:31.25 q-Rceq:1.32 tex:349919 mv:16787 misc:2406 icu:60.50 pcu:1215.25 scu:20.25 tlayer:0 pbqpoffset:1.31 pbfactor:1.16 avgQpOffsetCutree:-6.85;
in:473 out:467 type:B q:34.86 q-aq:27.11 q-noVbv:34.86 q-Rceq:1.32 tex:51556 mv:6130 misc:1914 icu:7.75 pcu:315.50 scu:972.75 tlayer:1 pbqpoffset:3.32 pbfactor:1.47 avgQpOffsetCutree:-5.88;
in:469 out:468 type:B q:35.00 q-aq:29.31 q-noVbv:35.00 q-Rceq:1.32 tex:8979 mv:777 misc:700 icu:0.25 pcu:114.25 scu:1181.50 tlayer:2 pbqpoffset:3.32 pbfactor:1.47 avgQpOffsetCutree:-3.95;
in:467 out:469 type:B q:35.08 q-aq:34.97 q-noVbv:35.08 q-Rceq:1.32 tex:32 mv:171 misc:261 icu:0.00 pcu:3.25 scu:1292.75 tlayer:3 pbqpoffset:3.32 pbfactor:1.47 avgQpOffsetCutree:-1.79;
in:466 out:470 type:b q:37.79 q-aq:38.00 q-noVbv:37.79 q-Rceq:1.32 tex:0 mv:41 misc:191 icu:0.00 pcu:16.00 scu:1280.00 tlayer:4 pbqpoffset:6.00 pbfactor:2.00 avgQpOffsetCutree:0.00;
in:468 out:471 type:b q:37.72 q-aq:38.00 q-noVbv:37.72 q-Rceq:1.32 tex:0 mv:9 misc:191 icu:0.00 pcu:0.00 scu:1296.00 tlayer:4 pbqpoffset:6.00 pbfactor:2.00 avgQpOffsetCutree:0.00;
in:471 out:472 type:B q:34.93 q-aq:34.73 q-noVbv:34.93 q-Rceq:1.32 tex:270 mv:213 misc:317 icu:0.00 pcu:96.25 scu:1199.75 tlayer:3 pbqpoffset:3.32 pbfactor:1.47 avgQpOffsetCutree:-1.77;
in:470 out:473 type:b q:37.64 q-aq:38.00 q-noVbv:37.64 q-Rceq:1.32 tex:0 mv:9 misc:191 icu:0.00 pcu:0.00 scu:1296.00 tlayer:4 pbqpoffset:6.00 pbfactor:2.00 avgQpOffsetCutree:0.00;
in:472 out:474 type:b q:37.57 q-aq:38.00 q-noVbv:37.57 q-Rceq:1.32 tex:0 mv:9 misc:191 icu:0.00 pcu:0.00 scu:1296.00 tlayer:4 pbqpoffset:6.00 pbfactor:2.00 avgQpOffsetCutree:0.00;
in:477 out:475 type:B q:34.71 q-aq:30.66 q-noVbv:34.71 q-Rceq:1.32 tex:11190 mv:1067 misc:887 icu:0.00 pcu:214.00 scu:1082.00 tlayer:2 pbqpoffset:3.32 pbfactor:1.47 avgQpOffsetCutree:-3.32;
in:475 out:476 type:B q:34.79 q-aq:34.82 q-noVbv:34.79 q-Rceq:1.32 tex:215 mv:187 misc:270 icu:0.00 pcu:16.25 scu:1279.75 tlayer:3 pbqpoffset:3.32 pbfactor:1.47 avgQpOffsetCutree:-1.91;
in:474 out:477 type:b q:37.50 q-aq:37.00 q-noVbv:37.50 q-Rceq:1.32 tex:0 mv:5 misc:195 icu:0.00 pcu:0.00 scu:1296.00 tlayer:4 pbqpoffset:6.00 pbfactor:2.00 avgQpOffsetCutree:0.00;
in:476 out:478 type:b q:37.43 q-aq:37.00 q-noVbv:37.43 q-Rceq:1.32 tex:0 mv:72 misc:184 icu:0.00 pcu:32.00 scu:1264.00 tlayer:4 pbqpoffset:6.00 pbfactor:2.00 avgQpOffsetCutree:0.00;
in:479 out:479 type:B q:34.64 q-aq:34.84 q-noVbv:34.64 q-Rceq:1.32 tex:145 mv:468 misc:419 icu:0.00 pcu:113.25 scu:1182.75 tlayer:3 pbqpoffset:3.32 pbfactor:1.47 avgQpOffsetCutree:-0.52;
in:478 out:480 type:b q:37.35 q-aq:37.00 q-noVbv:37.35 q-Rceq:1.32 tex:1 mv:25 misc:190 icu:0.00 pcu:16.00 scu:1280.00 tlayer:4 pbqpoffset:6.00 pbfactor:2.00 avgQpOffsetCutree:0.00;
in:480 out:481 type:b q:37.28 q-aq:37.00 q-noVbv:37.28 q-Rceq:1.32 tex:0 mv:26 misc:182 icu:0.00 pcu:16.00 scu:1280.00 tlayer:4 pbqpoffset:6.00 pbfactor:2.00 avgQpOffsetCutree:0.00;
in:490 out:482 type:k q:28.09 q-aq:25.27 q-noVbv:28.09 q-Rceq:1.32 tex:124854 mv:7973 misc:1613 icu:48.75 pcu:387.25 scu:860.00 tlayer:0 pbqpoffset:0.77 pbfactor:1.09 avgQpOffsetCutree:-1.68;
in:486 out:483 type:B q:31.33 q-aq:27.27 q-noVbv:31.33 q-Rceq:1.32 tex:33356 mv:2785 misc:1131 icu:3.25 pcu:280.75 scu:1012.00 tlayer:1 pbqpoffset:1.83 pbfactor:1.24 avgQpOffsetCutree:-3.50;
in:484 out:484 type:B q:33.45 q-aq:32.77 q-noVbv:33.45 q-Rceq:1.32 tex:3416 mv:585 misc:527 icu:0.00 pcu:129.25 scu:1166.75 tlayer:2 pbqpoffset:3.25 pbfactor:1.46 avgQpOffsetCutree:-2.09;
in:483 out:485 type:B q:33.80 q-aq:33.91 q-noVbv:33.80 q-Rceq:1.32 tex:40 mv:269 misc:275 icu:0.00 pcu:18.25 scu:1277.75 tlayer:3 pbqpoffset:3.25 pbfactor:1.46 avgQpOffsetCutree:-0.16;
in:482 out:486 type:b q:37.15 q-aq:37.00 q-noVbv:37.15 q-Rceq:1.32 tex:0 mv:5 misc:195 icu:0.00 pcu:0.00 scu:1296.00 tlayer:4 pbqpoffset:6.25 pbfactor:2.06 avgQpOffsetCutree:0.00;
in:485 out:487 type:b q:36.09 q-aq:36.00 q-noVbv:36.09 q-Rceq:1.32 tex:2 mv:35 misc:203 icu:0.00 pcu:36.00 scu:1260.00 tlayer:3 pbqpoffset:6.25 pbfactor:2.06 avgQpOffsetCutree:0.00;
in:488 out:488 type:B q:32.04 q-aq:31.74 q-noVbv:32.04 q-Rceq:1.32 tex:4151 mv:749 misc:580 icu:0.25 pcu:126.25 scu:1169.50 tlayer:2 pbqpoffset:3.25 pbfactor:1.46 avgQpOffsetCutree:-2.14;
in:487 out:489 type:b q:35.39 q-aq:35.00 q-noVbv:35.39 q-Rceq:1.32 tex:2 mv:70 misc:192 icu:0.00 pcu:32.00 scu:1264.00 tlayer:3 pbqpoffset:6.25 pbfactor:2.06 avgQpOffsetCutree:0.00;
in:489 out:490 type:b q:34.69 q-aq:35.00 q-noVbv:34.69 q-Rceq:1.32 tex:78 mv:79 misc:219 icu:0.00 pcu:37.50 scu:1258.50 tlayer:3 pbqpoffset:6.25 pbfactor:2.06 avgQpOffsetCutree:0.00;
in:491 out:491 type:i q:29.11 q-aq:22.59 q-noVbv:29.11 q-Rceq:1.32 tex:975 mv:563 misc:390 icu:1296.00 pcu:0.00 scu:0.00 tlayer:0 pbqpoffset:0.77 pbfactor:1.09 avgQpOffsetCutree:-4.15;
in:499 out:492 type:k q:34.72 q-aq:35.00 q-noVbv:34.72 q-Rceq:1.32 tex:0 mv:9 misc:135 icu:0.00 pcu:0.00 scu:1296.00 tlayer:0 pbqpoffset:0.72 pbfactor:1.09 avgQpOffsetCutree:-0.54;
in:495 out:493 type:B q:35.85 q-aq:36.00 q-noVbv:35.85 q-Rceq:1.32 tex:0 mv:5 misc:147 icu:0.00 pcu:0.00 scu:1296.00 tlayer:1 pbqpoffset:1.14 pbfactor:1.14 avgQpOffsetCutree:-2.27;
in:493 out:494 type:B q:35.85 q-aq:36.00 q-noVbv:35.85 q-Rceq:1.32 tex:0 mv:5 misc:155 icu:0.00 pcu:0.00 scu:1296.00 tlayer:2 pbqpoffset:1.14 pbfactor:1.14 avgQpOffsetCutree:-1.24;
in:492 out:495 type:b q:39.26 q-aq:39.00 q-noVbv:39.26 q-Rceq:1.32 tex:0 mv:5 misc:155 icu:0.00 pcu:0.00 scu:1296.00 tlayer:3 pbqpoffset:4.54 pbfactor:1.69 avgQpOffsetCutree:0.00;
in:494 out:496 type:b q:39.26 q-aq:39.00 q-noVbv:39.26 q-Rceq:1.32 tex:0 mv:5 misc:163 icu:0.00 pcu:0.00 scu:1296.00 tlayer:3 pbqpoffset:4.54 pbfactor:1.69 avgQpOffsetCutree:0.00;
in:497 out:497 type:B q:35.85 q-aq:36.00 q-noVbv:35.85 q-Rceq:1.32 tex:0 mv:5 misc:147 icu:0.00 pcu:0.00 scu:1296.00 tlayer:2 pbqpoffset:1.14 pbfactor:1.14 avgQpOffsetCutree:-1.48;
in:496 out:498 type:b q:39.26 q-aq:39.00 q-noVbv:39.26 q-Rceq:1.32 tex:0 mv:5 misc:155 icu:0.00 pcu:0.00 scu:1296.00 tlayer:3 pbqpoffset:4.54 pbfactor:1.69 avgQpOffsetCutree:0.00;
in:498 out:499 type:b q:39.26 q-aq:39.00 q-noVbv:39.26 q-Rceq:1.32 tex:0 mv:5 misc:155 icu:0.00 pcu:0.00 scu:1296.00 tlayer:3 pbqpoffset:4.54 pbfactor:1.69 avgQpOffsetCutree:0.00;
