000 (003.000.000) 2020-12-21 07:19:53 Job submitted from host: <10.0.0.63:9618?PrivAddr=%3c10.0.0.63:9618%3fsock%3dschedd_6827_5527%3e&PrivNet=ryzen7-1700x&addrs=10.0.0.63-9618&alias=ryzen7-1700x&noUDP&sock=schedd_6827_5527>
...
040 (003.000.000) 2020-12-21 07:20:18 Started transferring input files
	Transferring to host: <10.0.0.63:9618?PrivAddr=%3c10.0.0.63:9618%3fsock%3dslot2_6886_8f51_4%3e&PrivNet=ryzen7-1700x&addrs=10.0.0.63-9618&alias=ryzen7-1700x&noUDP&sock=slot2_6886_8f51_4>
...
040 (003.000.000) 2020-12-21 07:20:18 Finished transferring input files
...
001 (003.000.000) 2020-12-21 07:20:20 Job executing on host: <10.0.0.63:9618?sock=startd_6827_5527>
...
006 (003.000.000) 2020-12-21 07:20:28 Image size of job updated: 282536
	179  -  MemoryUsage of job (MB)
	182416  -  ResidentSetSize of job (KB)
...
006 (003.000.000) 2020-12-21 07:25:28 Image size of job updated: 328892
	231  -  MemoryUsage of job (MB)
	235828  -  ResidentSetSize of job (KB)
...
040 (003.000.000) 2020-12-21 07:26:53 Started transferring output files
...
040 (003.000.000) 2020-12-21 07:26:54 Finished transferring output files
...
005 (003.000.000) 2020-12-21 07:26:54 Job terminated.
	(1) Normal termination (return value 0)
		Usr 0 00:06:31, Sys 0 00:00:00  -  Run Remote Usage
		Usr 0 00:00:00, Sys 0 00:00:00  -  Run Local Usage
		Usr 0 00:06:31, Sys 0 00:00:00  -  Total Remote Usage
		Usr 0 00:00:00, Sys 0 00:00:00  -  Total Local Usage
	2999977  -  Run Bytes Sent By Job
	4532560  -  Run Bytes Received By Job
	2999977  -  Total Bytes Sent By Job
	4532560  -  Total Bytes Received By Job
	Partitionable Resources :    Usage  Request Allocated 
	   Cpus                 :     1.00        1         1 
	   Disk (KB)            :  7371        4500   2904372 
	   Memory (MB)          :   231           5      2000 

	Job terminated of its own accord at 2020-12-21T12:26:53Z.
...
