#options: cpuid=1173503 frame-threads=1 no-wpp no-pmode no-pme psnr no-ssim log-level=2 bitdepth=8 input-csp=1 fps=25000/1000 input-res=768x432 interlace=0 total-frames=217 level-idc=0 high-tier=1 uhd-bd=0 ref=4 no-allow-non-conformance no-repeat-headers annexb no-aud no-hrd info hash=0 no-temporal-layers open-gop min-keyint=1 keyint=5000 bframes=15 b-adapt=2 b-pyramid bframe-bias=0 rc-lookahead=40 lookahead-slices=0 scenecut=40 no-intra-refresh ctu=64 min-cu-size=8 rect amp max-tu-size=32 tu-inter-depth=3 tu-intra-depth=3 limit-tu=4 rdoq-level=2 dynamic-rd=0.00 no-ssim-rd signhide no-tskip nr-intra=0 nr-inter=0 no-constrained-intra strong-intra-smoothing max-merge=4 limit-refs=1 limit-modes me=3 subme=4 merange=57 temporal-mvp weightp weightb no-analyze-src-pics deblock=0:0 sao no-sao-non-deblock rd=6 no-early-skip rskip no-fast-intra no-tskip-fast no-cu-lossless b-intra rdpenalty=0 psy-rd=0.00 psy-rdoq=0.00 no-rd-refine analysis-reuse-mode=0 no-lossless cbqpoffs=0 crqpoffs=0 rc=abr bitrate=2000 qcomp=0.60 qpstep=4 stats-write=1 stats-read=0 slow-firstpass ipratio=1.40 pbratio=1.30 aq-mode=1 aq-strength=0.00 cutree zone-count=0 no-strict-cbr qg-size=64 no-rc-grain qpmax=69 qpmin=0 no-const-vbv sar=0 overscan=0 videoformat=5 range=0 colorprim=2 transfer=2 colormatrix=2 chromaloc=0 display-window=0 max-cll=0,0 min-luma=0 max-luma=255 log2-max-poc-lsb=8 vui-timing-info vui-hrd-info slices=1 opt-qp-pps opt-ref-list-length-pps no-multi-pass-opt-rps scenecut-bias=0.05 no-opt-cu-delta-qp no-aq-motion no-hdr no-hdr-opt no-dhdr10-opt analysis-reuse-level=5 scale-factor=0 refine-intra=0 refine-inter=0 refine-mv=0 no-limit-sao ctu-info=0 max-tlayer=4
in:0 out:0 type:I q:21.67 q-aq:15.27 q-noVbv:21.67 q-Rceq:1.00 tex:395831 mv:33965 misc:1636 icu:1296.00 pcu:0.00 scu:0.00 tlayer:0 pbqpoffset:0.00 pbfactor:1.00 avgQpOffsetCutree:-6.15;
in:11 out:1 type:k q:20.59 q-aq:14.78 q-noVbv:20.59 q-Rceq:1.00 tex:429050 mv:38412 misc:2090 icu:967.25 pcu:324.00 scu:4.75 tlayer:0 pbqpoffset:0.00 pbfactor:1.00 avgQpOffsetCutree:-6.02;
in:6 out:2 type:B q:23.07 q-aq:18.91 q-noVbv:23.07 q-Rceq:1.00 tex:203034 mv:23448 misc:2846 icu:427.25 pcu:700.25 scu:168.50 tlayer:1 pbqpoffset:2.48 pbfactor:1.33 avgQpOffsetCutree:-3.90;
in:3 out:3 type:B q:24.09 q-aq:21.16 q-noVbv:24.09 q-Rceq:1.00 tex:102908 mv:16741 misc:3031 icu:49.00 pcu:658.00 scu:589.00 tlayer:2 pbqpoffset:3.50 pbfactor:1.50 avgQpOffsetCutree:-2.45;
in:2 out:4 type:B q:24.73 q-aq:24.25 q-noVbv:24.73 q-Rceq:1.00 tex:24510 mv:10500 misc:2734 icu:3.00 pcu:504.25 scu:788.75 tlayer:3 pbqpoffset:4.14 pbfactor:1.61 avgQpOffsetCutree:-0.52;
in:1 out:5 type:b q:27.73 q-aq:28.00 q-noVbv:27.73 q-Rceq:1.00 tex:3188 mv:2839 misc:1077 icu:0.00 pcu:503.50 scu:792.50 tlayer:4 pbqpoffset:7.14 pbfactor:2.28 avgQpOffsetCutree:0.00;
in:5 out:6 type:B q:24.73 q-aq:24.16 q-noVbv:24.73 q-Rceq:1.00 tex:21240 mv:8885 misc:2275 icu:0.25 pcu:565.75 scu:730.00 tlayer:3 pbqpoffset:4.14 pbfactor:1.61 avgQpOffsetCutree:-0.51;
in:4 out:7 type:b q:27.51 q-aq:28.00 q-noVbv:27.51 q-Rceq:1.00 tex:3487 mv:3241 misc:1264 icu:0.00 pcu:481.25 scu:814.75 tlayer:4 pbqpoffset:6.92 pbfactor:2.22 avgQpOffsetCutree:0.00;
in:9 out:8 type:B q:24.28 q-aq:21.44 q-noVbv:24.28 q-Rceq:1.00 tex:73941 mv:15543 misc:3060 icu:164.25 pcu:661.25 scu:470.50 tlayer:2 pbqpoffset:3.69 pbfactor:1.53 avgQpOffsetCutree:-2.57;
in:8 out:9 type:B q:24.73 q-aq:23.47 q-noVbv:24.73 q-Rceq:1.00 tex:28604 mv:10590 misc:2926 icu:11.25 pcu:623.25 scu:661.50 tlayer:3 pbqpoffset:4.14 pbfactor:1.61 avgQpOffsetCutree:-1.34;
in:7 out:10 type:b q:27.18 q-aq:27.00 q-noVbv:27.18 q-Rceq:1.00 tex:13033 mv:5476 misc:1275 icu:0.00 pcu:570.25 scu:725.75 tlayer:4 pbqpoffset:6.60 pbfactor:2.14 avgQpOffsetCutree:0.00;
in:10 out:11 type:b q:27.15 q-aq:27.00 q-noVbv:27.15 q-Rceq:1.00 tex:4625 mv:4065 misc:1366 icu:1.25 pcu:570.25 scu:724.50 tlayer:3 pbqpoffset:6.56 pbfactor:2.13 avgQpOffsetCutree:0.00;
in:15 out:12 type:k q:22.13 q-aq:17.39 q-noVbv:22.13 q-Rceq:1.00 tex:279464 mv:25162 misc:2662 icu:598.00 pcu:637.75 scu:60.25 tlayer:0 pbqpoffset:0.00 pbfactor:1.00 avgQpOffsetCutree:-4.91;
in:13 out:13 type:B q:23.10 q-aq:21.27 q-noVbv:23.10 q-Rceq:1.00 tex:64462 mv:13135 misc:3307 icu:133.50 pcu:758.75 scu:403.75 tlayer:1 pbqpoffset:1.74 pbfactor:1.22 avgQpOffsetCutree:-1.95;
in:12 out:14 type:b q:23.85 q-aq:24.00 q-noVbv:23.85 q-Rceq:1.00 tex:12420 mv:5295 misc:2349 icu:8.50 pcu:472.00 scu:815.50 tlayer:2 pbqpoffset:2.88 pbfactor:1.39 avgQpOffsetCutree:0.00;
in:14 out:15 type:b q:24.62 q-aq:25.00 q-noVbv:24.62 q-Rceq:1.00 tex:10856 mv:5337 misc:2135 icu:1.25 pcu:425.00 scu:869.75 tlayer:2 pbqpoffset:2.88 pbfactor:1.39 avgQpOffsetCutree:0.00;
in:23 out:16 type:k q:22.90 q-aq:16.96 q-noVbv:22.90 q-Rceq:1.00 tex:344341 mv:34414 misc:2245 icu:887.75 pcu:404.50 scu:3.75 tlayer:0 pbqpoffset:0.00 pbfactor:1.00 avgQpOffsetCutree:-6.09;
in:19 out:17 type:B q:24.21 q-aq:20.32 q-noVbv:24.21 q-Rceq:1.00 tex:160821 mv:20483 misc:3336 icu:491.00 pcu:678.00 scu:127.00 tlayer:1 pbqpoffset:1.69 pbfactor:1.22 avgQpOffsetCutree:-3.77;
in:17 out:18 type:B q:24.65 q-aq:22.01 q-noVbv:24.65 q-Rceq:1.00 tex:99115 mv:13383 misc:3366 icu:190.25 pcu:615.00 scu:490.75 tlayer:2 pbqpoffset:2.32 pbfactor:1.31 avgQpOffsetCutree:-2.56;
in:16 out:19 type:b q:26.03 q-aq:26.00 q-noVbv:26.03 q-Rceq:1.00 tex:26026 mv:5250 misc:2284 icu:2.25 pcu:490.00 scu:803.75 tlayer:3 pbqpoffset:3.80 pbfactor:1.55 avgQpOffsetCutree:0.00;
in:18 out:20 type:b q:27.11 q-aq:27.10 q-noVbv:27.11 q-Rceq:1.00 tex:8947 mv:5148 misc:1449 icu:0.00 pcu:541.00 scu:755.00 tlayer:3 pbqpoffset:4.69 pbfactor:1.72 avgQpOffsetCutree:0.00;
in:21 out:21 type:B q:25.62 q-aq:23.95 q-noVbv:25.62 q-Rceq:1.00 tex:34773 mv:11534 misc:2869 icu:12.75 pcu:632.50 scu:650.75 tlayer:2 pbqpoffset:2.91 pbfactor:1.40 avgQpOffsetCutree:-1.65;
in:20 out:22 type:b q:27.28 q-aq:27.23 q-noVbv:27.28 q-Rceq:1.00 tex:12159 mv:5136 misc:1505 icu:0.00 pcu:575.25 scu:720.75 tlayer:3 pbqpoffset:4.67 pbfactor:1.71 avgQpOffsetCutree:0.00;
in:22 out:23 type:b q:27.37 q-aq:27.40 q-noVbv:27.37 q-Rceq:1.00 tex:5138 mv:3794 misc:1196 icu:0.00 pcu:480.25 scu:815.75 tlayer:3 pbqpoffset:4.57 pbfactor:1.70 avgQpOffsetCutree:0.00;
in:29 out:24 type:k q:23.76 q-aq:17.88 q-noVbv:23.76 q-Rceq:1.00 tex:267731 mv:29559 misc:2798 icu:634.00 pcu:592.75 scu:69.25 tlayer:0 pbqpoffset:0.00 pbfactor:1.00 avgQpOffsetCutree:-5.82;
in:26 out:25 type:B q:25.10 q-aq:21.97 q-noVbv:25.10 q-Rceq:1.00 tex:81503 mv:17392 misc:3369 icu:234.50 pcu:714.50 scu:347.00 tlayer:1 pbqpoffset:1.77 pbfactor:1.23 avgQpOffsetCutree:-2.91;
in:25 out:26 type:B q:25.86 q-aq:25.02 q-noVbv:25.86 q-Rceq:1.00 tex:22972 mv:9581 misc:2519 icu:15.50 pcu:602.50 scu:678.00 tlayer:2 pbqpoffset:2.68 pbfactor:1.36 avgQpOffsetCutree:-1.08;
in:24 out:27 type:b q:26.75 q-aq:27.00 q-noVbv:26.75 q-Rceq:1.00 tex:17431 mv:6536 misc:1713 icu:4.00 pcu:604.75 scu:687.25 tlayer:3 pbqpoffset:3.71 pbfactor:1.53 avgQpOffsetCutree:0.00;
in:28 out:28 type:B q:26.21 q-aq:25.48 q-noVbv:26.21 q-Rceq:1.00 tex:15580 mv:9068 misc:2688 icu:13.00 pcu:622.75 scu:660.25 tlayer:2 pbqpoffset:2.59 pbfactor:1.35 avgQpOffsetCutree:-1.20;
in:27 out:29 type:b q:27.39 q-aq:27.45 q-noVbv:27.39 q-Rceq:1.00 tex:9372 mv:5084 misc:1424 icu:1.00 pcu:520.75 scu:774.25 tlayer:3 pbqpoffset:3.92 pbfactor:1.57 avgQpOffsetCutree:0.00;
in:35 out:30 type:k q:23.97 q-aq:17.72 q-noVbv:23.97 q-Rceq:1.00 tex:337862 mv:33140 misc:2406 icu:865.25 pcu:429.00 scu:1.75 tlayer:0 pbqpoffset:0.00 pbfactor:1.00 avgQpOffsetCutree:-6.26;
in:32 out:31 type:B q:25.60 q-aq:22.51 q-noVbv:25.60 q-Rceq:1.00 tex:121575 mv:16468 misc:3149 icu:168.00 pcu:680.75 scu:447.25 tlayer:1 pbqpoffset:1.74 pbfactor:1.22 avgQpOffsetCutree:-2.89;
in:31 out:32 type:B q:26.14 q-aq:25.14 q-noVbv:26.14 q-Rceq:1.00 tex:38889 mv:10544 misc:2815 icu:12.50 pcu:664.50 scu:619.00 tlayer:2 pbqpoffset:2.31 pbfactor:1.31 avgQpOffsetCutree:-1.40;
in:30 out:33 type:b q:28.15 q-aq:28.09 q-noVbv:28.15 q-Rceq:1.00 tex:7973 mv:3562 misc:1345 icu:0.25 pcu:508.50 scu:787.25 tlayer:3 pbqpoffset:4.35 pbfactor:1.65 avgQpOffsetCutree:0.00;
in:34 out:34 type:B q:27.14 q-aq:26.53 q-noVbv:27.14 q-Rceq:1.00 tex:9123 mv:7602 misc:2083 icu:0.00 pcu:542.50 scu:753.50 tlayer:2 pbqpoffset:3.20 pbfactor:1.45 avgQpOffsetCutree:-0.59;
in:33 out:35 type:b q:28.27 q-aq:28.34 q-noVbv:28.27 q-Rceq:1.00 tex:4649 mv:3543 misc:1216 icu:0.00 pcu:498.00 scu:798.00 tlayer:3 pbqpoffset:4.37 pbfactor:1.66 avgQpOffsetCutree:0.00;
in:39 out:36 type:k q:24.46 q-aq:18.38 q-noVbv:24.46 q-Rceq:1.00 tex:235040 mv:25184 misc:3144 icu:556.75 pcu:628.25 scu:111.00 tlayer:0 pbqpoffset:0.00 pbfactor:1.00 avgQpOffsetCutree:-5.86;
in:37 out:37 type:B q:25.90 q-aq:23.96 q-noVbv:25.90 q-Rceq:1.00 tex:38704 mv:12498 misc:2982 icu:22.25 pcu:650.75 scu:623.00 tlayer:1 pbqpoffset:1.68 pbfactor:1.21 avgQpOffsetCutree:-1.93;
in:36 out:38 type:b q:26.91 q-aq:27.00 q-noVbv:26.91 q-Rceq:1.00 tex:8751 mv:5372 misc:1837 icu:0.00 pcu:513.50 scu:782.50 tlayer:2 pbqpoffset:2.81 pbfactor:1.38 avgQpOffsetCutree:0.00;
in:38 out:39 type:b q:27.15 q-aq:27.10 q-noVbv:27.15 q-Rceq:1.00 tex:5740 mv:4559 misc:1805 icu:0.00 pcu:532.75 scu:763.25 tlayer:2 pbqpoffset:2.81 pbfactor:1.38 avgQpOffsetCutree:0.00;
in:48 out:40 type:k q:24.60 q-aq:18.20 q-noVbv:24.60 q-Rceq:1.00 tex:365301 mv:41237 misc:1854 icu:987.75 pcu:306.00 scu:2.25 tlayer:0 pbqpoffset:0.00 pbfactor:1.00 avgQpOffsetCutree:-6.62;
in:44 out:41 type:B q:26.57 q-aq:22.06 q-noVbv:26.57 q-Rceq:1.00 tex:132255 mv:23134 misc:3179 icu:439.25 pcu:747.50 scu:109.25 tlayer:1 pbqpoffset:2.02 pbfactor:1.26 avgQpOffsetCutree:-4.15;
in:42 out:42 type:B q:27.90 q-aq:25.53 q-noVbv:27.90 q-Rceq:1.00 tex:31388 mv:12830 misc:3006 icu:43.25 pcu:695.75 scu:557.00 tlayer:2 pbqpoffset:3.39 pbfactor:1.48 avgQpOffsetCutree:-2.03;
in:41 out:43 type:B q:28.16 q-aq:27.85 q-noVbv:28.16 q-Rceq:1.00 tex:10648 mv:7743 misc:2217 icu:1.25 pcu:690.25 scu:604.50 tlayer:3 pbqpoffset:3.66 pbfactor:1.53 avgQpOffsetCutree:-0.62;
in:40 out:44 type:b q:30.75 q-aq:31.00 q-noVbv:30.75 q-Rceq:1.00 tex:1655 mv:2760 misc:817 icu:0.00 pcu:501.25 scu:794.75 tlayer:4 pbqpoffset:6.27 pbfactor:2.06 avgQpOffsetCutree:0.00;
in:43 out:45 type:b q:30.41 q-aq:30.58 q-noVbv:30.41 q-Rceq:1.00 tex:1455 mv:2690 misc:919 icu:0.00 pcu:511.75 scu:784.25 tlayer:3 pbqpoffset:5.88 pbfactor:1.97 avgQpOffsetCutree:0.00;
in:46 out:46 type:B q:27.62 q-aq:25.60 q-noVbv:27.62 q-Rceq:1.00 tex:32557 mv:10395 misc:3712 icu:53.00 pcu:709.50 scu:533.50 tlayer:2 pbqpoffset:3.05 pbfactor:1.42 avgQpOffsetCutree:-1.96;
in:45 out:47 type:b q:30.50 q-aq:30.88 q-noVbv:30.50 q-Rceq:1.00 tex:1587 mv:2706 misc:851 icu:0.25 pcu:587.00 scu:708.75 tlayer:3 pbqpoffset:5.94 pbfactor:1.99 avgQpOffsetCutree:0.00;
in:47 out:48 type:b q:28.80 q-aq:29.00 q-noVbv:28.80 q-Rceq:1.00 tex:10860 mv:4807 misc:2253 icu:19.25 pcu:596.75 scu:680.00 tlayer:3 pbqpoffset:4.21 pbfactor:1.63 avgQpOffsetCutree:0.00;
in:52 out:49 type:k q:25.78 q-aq:18.85 q-noVbv:25.78 q-Rceq:1.00 tex:236959 mv:28738 misc:3367 icu:326.25 pcu:712.50 scu:257.25 tlayer:0 pbqpoffset:0.00 pbfactor:1.00 avgQpOffsetCutree:-6.15;
in:50 out:50 type:B q:27.11 q-aq:24.99 q-noVbv:27.11 q-Rceq:1.00 tex:20887 mv:11250 misc:2711 icu:1.00 pcu:593.00 scu:702.00 tlayer:1 pbqpoffset:1.92 pbfactor:1.25 avgQpOffsetCutree:-1.75;
in:49 out:51 type:b q:27.81 q-aq:28.00 q-noVbv:27.81 q-Rceq:1.00 tex:6165 mv:4212 misc:1359 icu:0.00 pcu:561.75 scu:734.25 tlayer:2 pbqpoffset:2.91 pbfactor:1.40 avgQpOffsetCutree:0.00;
in:51 out:52 type:b q:28.39 q-aq:28.30 q-noVbv:28.39 q-Rceq:1.00 tex:2090 mv:4037 misc:1321 icu:0.00 pcu:568.75 scu:727.25 tlayer:2 pbqpoffset:2.91 pbfactor:1.40 avgQpOffsetCutree:0.00;
in:56 out:53 type:k q:25.17 q-aq:18.16 q-noVbv:25.17 q-Rceq:1.00 tex:247167 mv:25318 misc:3355 icu:398.75 pcu:708.25 scu:189.00 tlayer:0 pbqpoffset:0.00 pbfactor:1.00 avgQpOffsetCutree:-6.43;
in:54 out:54 type:B q:27.15 q-aq:25.51 q-noVbv:27.15 q-Rceq:1.00 tex:20003 mv:11512 misc:2925 icu:3.00 pcu:632.50 scu:660.50 tlayer:1 pbqpoffset:1.68 pbfactor:1.21 avgQpOffsetCutree:-1.31;
in:53 out:55 type:b q:28.33 q-aq:28.16 q-noVbv:28.33 q-Rceq:1.00 tex:7981 mv:5013 misc:1526 icu:1.50 pcu:656.00 scu:638.50 tlayer:2 pbqpoffset:2.70 pbfactor:1.37 avgQpOffsetCutree:0.00;
in:55 out:56 type:b q:28.02 q-aq:28.00 q-noVbv:28.02 q-Rceq:1.00 tex:5050 mv:4594 misc:1380 icu:0.00 pcu:555.75 scu:740.25 tlayer:2 pbqpoffset:2.70 pbfactor:1.37 avgQpOffsetCutree:0.00;
in:66 out:57 type:k q:24.96 q-aq:18.42 q-noVbv:24.96 q-Rceq:1.00 tex:370765 mv:40359 misc:2196 icu:812.75 pcu:478.50 scu:4.75 tlayer:0 pbqpoffset:1.14 pbfactor:1.14 avgQpOffsetCutree:-6.94;
in:61 out:58 type:B q:27.10 q-aq:23.02 q-noVbv:27.10 q-Rceq:1.00 tex:122388 mv:22623 misc:3173 icu:278.00 pcu:837.00 scu:181.00 tlayer:1 pbqpoffset:2.04 pbfactor:1.27 avgQpOffsetCutree:-3.96;
in:59 out:59 type:B q:28.49 q-aq:25.82 q-noVbv:28.49 q-Rceq:1.00 tex:30348 mv:13563 misc:3273 icu:45.25 pcu:738.50 scu:512.25 tlayer:2 pbqpoffset:3.38 pbfactor:1.48 avgQpOffsetCutree:-2.51;
in:58 out:60 type:B q:28.83 q-aq:28.10 q-noVbv:28.83 q-Rceq:1.00 tex:10475 mv:8015 misc:2038 icu:6.25 pcu:717.75 scu:572.00 tlayer:3 pbqpoffset:3.70 pbfactor:1.53 avgQpOffsetCutree:-0.91;
in:57 out:61 type:b q:31.04 q-aq:31.00 q-noVbv:31.04 q-Rceq:1.00 tex:2325 mv:3275 misc:896 icu:0.00 pcu:628.00 scu:668.00 tlayer:4 pbqpoffset:5.89 pbfactor:1.97 avgQpOffsetCutree:0.00;
in:60 out:62 type:b q:30.76 q-aq:31.00 q-noVbv:30.76 q-Rceq:1.00 tex:2243 mv:2828 misc:833 icu:0.00 pcu:605.50 scu:690.50 tlayer:3 pbqpoffset:5.67 pbfactor:1.93 avgQpOffsetCutree:0.00;
in:64 out:63 type:B q:27.79 q-aq:26.03 q-noVbv:27.79 q-Rceq:1.00 tex:63741 mv:11576 misc:2883 icu:13.00 pcu:640.75 scu:642.25 tlayer:2 pbqpoffset:2.79 pbfactor:1.38 avgQpOffsetCutree:-1.91;
in:63 out:64 type:B q:28.17 q-aq:27.88 q-noVbv:28.17 q-Rceq:1.00 tex:27463 mv:10199 misc:3018 icu:20.75 pcu:637.50 scu:637.75 tlayer:3 pbqpoffset:3.15 pbfactor:1.44 avgQpOffsetCutree:-0.65;
in:62 out:65 type:b q:30.45 q-aq:30.69 q-noVbv:30.45 q-Rceq:1.00 tex:2869 mv:3205 misc:1062 icu:0.00 pcu:577.50 scu:718.50 tlayer:4 pbqpoffset:5.41 pbfactor:1.87 avgQpOffsetCutree:0.00;
in:65 out:66 type:b q:30.37 q-aq:30.22 q-noVbv:30.37 q-Rceq:1.00 tex:1342 mv:2771 misc:871 icu:1.50 pcu:538.00 scu:756.50 tlayer:3 pbqpoffset:5.39 pbfactor:1.86 avgQpOffsetCutree:0.00;
in:73 out:67 type:k q:25.48 q-aq:18.85 q-noVbv:25.48 q-Rceq:1.00 tex:286885 mv:35065 misc:3146 icu:461.25 pcu:745.25 scu:89.50 tlayer:0 pbqpoffset:0.61 pbfactor:1.07 avgQpOffsetCutree:-6.68;
in:70 out:68 type:B q:27.28 q-aq:23.74 q-noVbv:27.28 q-Rceq:1.00 tex:59812 mv:18361 misc:3699 icu:37.00 pcu:801.75 scu:457.25 tlayer:1 pbqpoffset:2.02 pbfactor:1.26 avgQpOffsetCutree:-3.20;
in:68 out:69 type:B q:27.73 q-aq:25.94 q-noVbv:27.73 q-Rceq:1.00 tex:23394 mv:12387 misc:2979 icu:32.75 pcu:701.25 scu:562.00 tlayer:2 pbqpoffset:2.63 pbfactor:1.35 avgQpOffsetCutree:-1.65;
in:67 out:70 type:b q:28.77 q-aq:29.00 q-noVbv:28.77 q-Rceq:1.00 tex:3148 mv:3910 misc:1310 icu:0.00 pcu:587.00 scu:709.00 tlayer:3 pbqpoffset:3.73 pbfactor:1.54 avgQpOffsetCutree:0.00;
in:69 out:71 type:b q:29.06 q-aq:29.00 q-noVbv:29.06 q-Rceq:1.00 tex:2968 mv:4171 misc:1293 icu:0.50 pcu:603.00 scu:692.50 tlayer:3 pbqpoffset:3.88 pbfactor:1.56 avgQpOffsetCutree:0.00;
in:72 out:72 type:B q:28.29 q-aq:27.87 q-noVbv:28.29 q-Rceq:1.00 tex:7259 mv:7525 misc:2216 icu:5.25 pcu:634.75 scu:656.00 tlayer:2 pbqpoffset:2.88 pbfactor:1.40 avgQpOffsetCutree:-0.74;
in:71 out:73 type:b q:28.99 q-aq:29.00 q-noVbv:28.99 q-Rceq:1.00 tex:5323 mv:4717 misc:1344 icu:0.25 pcu:658.75 scu:637.00 tlayer:3 pbqpoffset:3.66 pbfactor:1.53 avgQpOffsetCutree:0.00;
in:80 out:74 type:k q:24.80 q-aq:18.15 q-noVbv:24.80 q-Rceq:1.00 tex:421390 mv:41275 misc:2247 icu:879.75 pcu:413.00 scu:3.25 tlayer:0 pbqpoffset:0.56 pbfactor:1.07 avgQpOffsetCutree:-7.03;
in:77 out:75 type:B q:27.09 q-aq:22.82 q-noVbv:27.09 q-Rceq:1.00 tex:115388 mv:20939 misc:3537 icu:144.00 pcu:943.00 scu:209.00 tlayer:1 pbqpoffset:2.00 pbfactor:1.26 avgQpOffsetCutree:-3.93;
in:75 out:76 type:B q:28.61 q-aq:26.79 q-noVbv:28.61 q-Rceq:1.00 tex:18328 mv:11243 misc:2957 icu:1.25 pcu:731.75 scu:563.00 tlayer:2 pbqpoffset:3.32 pbfactor:1.47 avgQpOffsetCutree:-1.64;
in:74 out:77 type:b q:30.14 q-aq:30.00 q-noVbv:30.14 q-Rceq:1.00 tex:4855 mv:3815 misc:1106 icu:0.00 pcu:667.25 scu:628.75 tlayer:3 pbqpoffset:4.76 pbfactor:1.73 avgQpOffsetCutree:0.00;
in:76 out:78 type:b q:29.90 q-aq:30.00 q-noVbv:29.90 q-Rceq:1.00 tex:2196 mv:3546 misc:922 icu:0.00 pcu:646.50 scu:649.50 tlayer:3 pbqpoffset:4.71 pbfactor:1.72 avgQpOffsetCutree:0.00;
in:79 out:79 type:B q:27.90 q-aq:27.07 q-noVbv:27.90 q-Rceq:1.00 tex:19690 mv:10101 misc:3481 icu:5.75 pcu:600.50 scu:689.75 tlayer:2 pbqpoffset:3.00 pbfactor:1.41 avgQpOffsetCutree:-0.80;
in:78 out:80 type:b q:30.07 q-aq:30.00 q-noVbv:30.07 q-Rceq:1.00 tex:3726 mv:3562 misc:1048 icu:0.25 pcu:630.50 scu:665.25 tlayer:3 pbqpoffset:5.08 pbfactor:1.80 avgQpOffsetCutree:0.00;
in:89 out:81 type:k q:24.80 q-aq:18.37 q-noVbv:24.80 q-Rceq:1.00 tex:362580 mv:46844 misc:2888 icu:487.25 pcu:705.75 scu:103.00 tlayer:0 pbqpoffset:0.63 pbfactor:1.08 avgQpOffsetCutree:-6.89;
in:85 out:82 type:B q:27.16 q-aq:22.65 q-noVbv:27.16 q-Rceq:1.00 tex:93063 mv:23341 misc:3756 icu:45.25 pcu:827.25 scu:423.50 tlayer:1 pbqpoffset:2.35 pbfactor:1.31 avgQpOffsetCutree:-3.60;
in:83 out:83 type:B q:27.88 q-aq:25.34 q-noVbv:27.88 q-Rceq:1.00 tex:29113 mv:14504 misc:3151 icu:3.75 pcu:700.75 scu:591.50 tlayer:2 pbqpoffset:3.08 pbfactor:1.43 avgQpOffsetCutree:-2.02;
in:82 out:84 type:B q:28.64 q-aq:28.03 q-noVbv:28.64 q-Rceq:1.00 tex:7551 mv:8728 misc:2353 icu:1.00 pcu:659.25 scu:635.75 tlayer:3 pbqpoffset:3.84 pbfactor:1.56 avgQpOffsetCutree:-0.74;
in:81 out:85 type:b q:29.88 q-aq:30.00 q-noVbv:29.88 q-Rceq:1.00 tex:1887 mv:3024 misc:849 icu:0.00 pcu:611.00 scu:685.00 tlayer:4 pbqpoffset:5.08 pbfactor:1.80 avgQpOffsetCutree:0.00;
in:84 out:86 type:b q:29.99 q-aq:30.00 q-noVbv:29.99 q-Rceq:1.00 tex:1321 mv:3184 misc:895 icu:0.00 pcu:677.75 scu:618.25 tlayer:3 pbqpoffset:5.18 pbfactor:1.82 avgQpOffsetCutree:0.00;
in:87 out:87 type:B q:28.04 q-aq:25.95 q-noVbv:28.04 q-Rceq:1.00 tex:21378 mv:12207 misc:2967 icu:5.50 pcu:710.00 scu:580.50 tlayer:2 pbqpoffset:3.23 pbfactor:1.45 avgQpOffsetCutree:-2.04;
in:86 out:88 type:b q:29.56 q-aq:30.00 q-noVbv:29.56 q-Rceq:1.00 tex:3196 mv:4024 misc:1188 icu:1.00 pcu:718.75 scu:576.25 tlayer:3 pbqpoffset:4.76 pbfactor:1.73 avgQpOffsetCutree:0.00;
in:88 out:89 type:b q:29.43 q-aq:29.42 q-noVbv:29.43 q-Rceq:1.00 tex:2285 mv:3765 misc:1022 icu:0.00 pcu:699.50 scu:596.50 tlayer:3 pbqpoffset:4.63 pbfactor:1.71 avgQpOffsetCutree:0.00;
in:96 out:90 type:k q:25.31 q-aq:18.98 q-noVbv:25.31 q-Rceq:1.00 tex:419433 mv:45986 misc:2061 icu:839.25 pcu:455.25 scu:1.50 tlayer:0 pbqpoffset:0.60 pbfactor:1.07 avgQpOffsetCutree:-7.06;
in:93 out:91 type:B q:27.71 q-aq:23.49 q-noVbv:27.71 q-Rceq:1.00 tex:105506 mv:22774 misc:4208 icu:211.75 pcu:887.50 scu:196.75 tlayer:1 pbqpoffset:2.61 pbfactor:1.35 avgQpOffsetCutree:-3.90;
in:91 out:92 type:B q:28.95 q-aq:26.83 q-noVbv:28.95 q-Rceq:1.00 tex:17635 mv:11941 misc:2984 icu:8.25 pcu:833.00 scu:454.75 tlayer:2 pbqpoffset:4.00 pbfactor:1.59 avgQpOffsetCutree:-2.13;
in:90 out:93 type:b q:30.92 q-aq:31.00 q-noVbv:30.92 q-Rceq:1.00 tex:2061 mv:3205 misc:854 icu:0.00 pcu:740.75 scu:555.25 tlayer:3 pbqpoffset:6.05 pbfactor:2.01 avgQpOffsetCutree:0.00;
in:92 out:94 type:b q:31.06 q-aq:31.00 q-noVbv:31.06 q-Rceq:1.00 tex:1364 mv:3298 misc:938 icu:0.00 pcu:661.50 scu:634.50 tlayer:3 pbqpoffset:6.04 pbfactor:2.01 avgQpOffsetCutree:0.00;
in:95 out:95 type:B q:29.15 q-aq:28.55 q-noVbv:29.15 q-Rceq:1.00 tex:9706 mv:8120 misc:3366 icu:2.50 pcu:651.75 scu:641.75 tlayer:2 pbqpoffset:3.91 pbfactor:1.57 avgQpOffsetCutree:-0.83;
in:94 out:96 type:b q:31.72 q-aq:32.00 q-noVbv:31.72 q-Rceq:1.00 tex:1126 mv:2907 misc:711 icu:0.00 pcu:704.50 scu:591.50 tlayer:3 pbqpoffset:6.56 pbfactor:2.13 avgQpOffsetCutree:0.00;
in:103 out:97 type:k q:25.69 q-aq:19.07 q-noVbv:25.69 q-Rceq:1.00 tex:327188 mv:44809 misc:3507 icu:308.75 pcu:858.00 scu:129.25 tlayer:0 pbqpoffset:0.69 pbfactor:1.08 avgQpOffsetCutree:-6.98;
in:100 out:98 type:B q:28.30 q-aq:24.35 q-noVbv:28.30 q-Rceq:1.00 tex:49508 mv:20744 misc:4028 icu:25.25 pcu:803.50 scu:467.25 tlayer:1 pbqpoffset:2.77 pbfactor:1.38 avgQpOffsetCutree:-3.15;
in:98 out:99 type:B q:28.99 q-aq:27.02 q-noVbv:28.99 q-Rceq:1.00 tex:15438 mv:11938 misc:2712 icu:0.50 pcu:730.50 scu:565.00 tlayer:2 pbqpoffset:3.57 pbfactor:1.51 avgQpOffsetCutree:-1.89;
in:97 out:100 type:b q:30.21 q-aq:30.00 q-noVbv:30.21 q-Rceq:1.00 tex:2775 mv:3556 misc:957 icu:0.00 pcu:739.00 scu:557.00 tlayer:3 pbqpoffset:4.84 pbfactor:1.75 avgQpOffsetCutree:0.00;
in:99 out:101 type:b q:30.39 q-aq:30.16 q-noVbv:30.39 q-Rceq:1.00 tex:2209 mv:3775 misc:1080 icu:0.00 pcu:709.75 scu:586.25 tlayer:3 pbqpoffset:4.92 pbfactor:1.77 avgQpOffsetCutree:0.00;
in:102 out:102 type:B q:29.44 q-aq:28.91 q-noVbv:29.44 q-Rceq:1.00 tex:5246 mv:7286 misc:1820 icu:0.00 pcu:832.50 scu:463.50 tlayer:2 pbqpoffset:3.81 pbfactor:1.55 avgQpOffsetCutree:-0.91;
in:101 out:103 type:b q:30.45 q-aq:30.68 q-noVbv:30.45 q-Rceq:1.00 tex:1824 mv:3869 misc:1011 icu:0.00 pcu:748.00 scu:548.00 tlayer:3 pbqpoffset:4.87 pbfactor:1.76 avgQpOffsetCutree:0.00;
in:107 out:104 type:k q:26.00 q-aq:19.04 q-noVbv:26.00 q-Rceq:1.00 tex:248142 mv:32690 misc:4048 icu:260.75 pcu:887.25 scu:148.00 tlayer:0 pbqpoffset:0.66 pbfactor:1.08 avgQpOffsetCutree:-6.80;
in:105 out:105 type:B q:27.71 q-aq:25.79 q-noVbv:27.71 q-Rceq:1.00 tex:22003 mv:15468 misc:3265 icu:2.25 pcu:790.00 scu:503.75 tlayer:1 pbqpoffset:1.86 pbfactor:1.24 avgQpOffsetCutree:-1.70;
in:104 out:106 type:b q:28.77 q-aq:29.00 q-noVbv:28.77 q-Rceq:1.00 tex:7999 mv:5726 misc:1387 icu:0.00 pcu:795.00 scu:501.00 tlayer:2 pbqpoffset:3.00 pbfactor:1.41 avgQpOffsetCutree:0.00;
in:106 out:107 type:b q:28.92 q-aq:29.00 q-noVbv:28.92 q-Rceq:1.00 tex:4162 mv:5343 misc:1527 icu:0.00 pcu:780.50 scu:515.50 tlayer:2 pbqpoffset:3.00 pbfactor:1.41 avgQpOffsetCutree:0.00;
in:112 out:108 type:k q:26.88 q-aq:20.38 q-noVbv:26.88 q-Rceq:1.00 tex:396780 mv:40129 misc:2211 icu:805.25 pcu:485.25 scu:5.50 tlayer:0 pbqpoffset:0.64 pbfactor:1.08 avgQpOffsetCutree:-7.20;
in:110 out:109 type:B q:28.91 q-aq:26.13 q-noVbv:28.91 q-Rceq:1.00 tex:41676 mv:17855 misc:4197 icu:12.00 pcu:785.25 scu:498.75 tlayer:1 pbqpoffset:2.38 pbfactor:1.32 avgQpOffsetCutree:-2.64;
in:109 out:110 type:B q:30.14 q-aq:29.29 q-noVbv:30.14 q-Rceq:1.00 tex:4178 mv:6583 misc:1695 icu:0.25 pcu:792.00 scu:503.75 tlayer:2 pbqpoffset:3.79 pbfactor:1.55 avgQpOffsetCutree:-0.94;
in:108 out:111 type:b q:31.30 q-aq:31.12 q-noVbv:31.30 q-Rceq:1.00 tex:3649 mv:4553 misc:982 icu:0.00 pcu:820.25 scu:475.75 tlayer:3 pbqpoffset:5.12 pbfactor:1.81 avgQpOffsetCutree:0.00;
in:111 out:112 type:b q:30.57 q-aq:31.00 q-noVbv:30.57 q-Rceq:1.00 tex:2258 mv:3200 misc:1582 icu:1.00 pcu:628.75 scu:666.25 tlayer:2 pbqpoffset:3.86 pbfactor:1.56 avgQpOffsetCutree:0.00;
in:118 out:113 type:k q:26.46 q-aq:19.24 q-noVbv:26.46 q-Rceq:1.00 tex:308863 mv:42164 misc:3901 icu:224.50 pcu:928.00 scu:143.50 tlayer:0 pbqpoffset:0.57 pbfactor:1.07 avgQpOffsetCutree:-7.27;
in:115 out:114 type:B q:29.41 q-aq:25.85 q-noVbv:29.41 q-Rceq:1.00 tex:28351 mv:18183 misc:3466 icu:1.75 pcu:805.75 scu:488.50 tlayer:1 pbqpoffset:2.73 pbfactor:1.37 avgQpOffsetCutree:-2.97;
in:114 out:115 type:B q:30.24 q-aq:29.41 q-noVbv:30.24 q-Rceq:1.00 tex:3929 mv:6858 misc:1797 icu:0.00 pcu:779.75 scu:516.25 tlayer:2 pbqpoffset:3.50 pbfactor:1.50 avgQpOffsetCutree:-0.92;
in:113 out:116 type:b q:31.54 q-aq:32.00 q-noVbv:31.54 q-Rceq:1.00 tex:1157 mv:3269 misc:742 icu:0.00 pcu:760.25 scu:535.75 tlayer:3 pbqpoffset:4.72 pbfactor:1.73 avgQpOffsetCutree:0.00;
in:117 out:117 type:B q:30.00 q-aq:29.36 q-noVbv:30.00 q-Rceq:1.00 tex:4492 mv:7729 misc:1851 icu:0.50 pcu:829.50 scu:466.00 tlayer:2 pbqpoffset:3.46 pbfactor:1.49 avgQpOffsetCutree:-0.92;
in:116 out:118 type:b q:31.11 q-aq:31.00 q-noVbv:31.11 q-Rceq:1.00 tex:1630 mv:3923 misc:951 icu:0.25 pcu:857.25 scu:438.50 tlayer:3 pbqpoffset:4.51 pbfactor:1.68 avgQpOffsetCutree:0.00;
in:123 out:119 type:k q:26.30 q-aq:19.62 q-noVbv:26.30 q-Rceq:1.00 tex:249779 mv:34865 misc:4060 icu:109.75 pcu:977.25 scu:209.00 tlayer:0 pbqpoffset:0.70 pbfactor:1.08 avgQpOffsetCutree:-6.76;
in:121 out:120 type:B q:28.31 q-aq:25.78 q-noVbv:28.31 q-Rceq:1.00 tex:23931 mv:18451 misc:3426 icu:3.00 pcu:815.25 scu:477.75 tlayer:1 pbqpoffset:1.95 pbfactor:1.25 avgQpOffsetCutree:-2.16;
in:120 out:121 type:B q:28.87 q-aq:28.21 q-noVbv:28.87 q-Rceq:1.00 tex:9146 mv:9499 misc:2243 icu:0.25 pcu:821.00 scu:474.75 tlayer:2 pbqpoffset:2.47 pbfactor:1.33 avgQpOffsetCutree:-0.89;
in:119 out:122 type:b q:29.53 q-aq:30.00 q-noVbv:29.53 q-Rceq:1.00 tex:5544 mv:4780 misc:1292 icu:0.50 pcu:802.00 scu:493.50 tlayer:3 pbqpoffset:3.10 pbfactor:1.43 avgQpOffsetCutree:0.00;
in:122 out:123 type:b q:29.62 q-aq:30.00 q-noVbv:29.62 q-Rceq:1.00 tex:2415 mv:4565 misc:1036 icu:0.25 pcu:836.25 scu:459.50 tlayer:2 pbqpoffset:3.29 pbfactor:1.46 avgQpOffsetCutree:0.00;
in:128 out:124 type:k q:27.12 q-aq:20.72 q-noVbv:27.12 q-Rceq:1.00 tex:394940 mv:41875 misc:2593 icu:787.25 pcu:503.25 scu:5.50 tlayer:0 pbqpoffset:0.70 pbfactor:1.08 avgQpOffsetCutree:-7.23;
in:126 out:125 type:B q:29.29 q-aq:26.38 q-noVbv:29.29 q-Rceq:1.00 tex:49298 mv:19543 misc:4375 icu:45.75 pcu:882.50 scu:367.75 tlayer:1 pbqpoffset:2.50 pbfactor:1.33 avgQpOffsetCutree:-2.74;
in:125 out:126 type:B q:30.52 q-aq:29.84 q-noVbv:30.52 q-Rceq:1.00 tex:5642 mv:7364 misc:1882 icu:1.25 pcu:776.75 scu:518.00 tlayer:2 pbqpoffset:3.89 pbfactor:1.57 avgQpOffsetCutree:-0.97;
in:124 out:127 type:b q:32.12 q-aq:32.00 q-noVbv:32.12 q-Rceq:1.00 tex:2349 mv:3845 misc:1014 icu:2.50 pcu:785.75 scu:507.75 tlayer:3 pbqpoffset:5.65 pbfactor:1.92 avgQpOffsetCutree:0.00;
in:127 out:128 type:b q:31.11 q-aq:31.01 q-noVbv:31.11 q-Rceq:1.00 tex:4142 mv:3676 misc:1606 icu:2.00 pcu:695.00 scu:599.00 tlayer:2 pbqpoffset:4.16 pbfactor:1.62 avgQpOffsetCutree:0.00;
in:134 out:129 type:k q:26.38 q-aq:19.00 q-noVbv:26.38 q-Rceq:1.00 tex:333500 mv:45952 misc:3876 icu:226.00 pcu:932.00 scu:138.00 tlayer:0 pbqpoffset:0.83 pbfactor:1.10 avgQpOffsetCutree:-7.33;
in:131 out:130 type:B q:29.04 q-aq:25.62 q-noVbv:29.04 q-Rceq:1.00 tex:29228 mv:18413 misc:3735 icu:0.25 pcu:827.50 scu:468.25 tlayer:1 pbqpoffset:2.29 pbfactor:1.30 avgQpOffsetCutree:-2.98;
in:130 out:131 type:B q:30.06 q-aq:29.52 q-noVbv:30.06 q-Rceq:1.00 tex:4441 mv:7148 misc:1627 icu:0.00 pcu:857.00 scu:439.00 tlayer:2 pbqpoffset:3.19 pbfactor:1.45 avgQpOffsetCutree:-0.97;
in:129 out:132 type:b q:31.05 q-aq:31.00 q-noVbv:31.05 q-Rceq:1.00 tex:1871 mv:3964 misc:877 icu:0.00 pcu:843.00 scu:453.00 tlayer:3 pbqpoffset:4.05 pbfactor:1.60 avgQpOffsetCutree:0.00;
in:133 out:133 type:B q:29.56 q-aq:29.11 q-noVbv:29.56 q-Rceq:1.00 tex:5443 mv:8447 misc:2062 icu:0.00 pcu:858.25 scu:437.75 tlayer:2 pbqpoffset:3.06 pbfactor:1.42 avgQpOffsetCutree:-0.92;
in:132 out:134 type:b q:30.56 q-aq:31.00 q-noVbv:30.56 q-Rceq:1.00 tex:2171 mv:4344 misc:1069 icu:0.25 pcu:767.75 scu:528.00 tlayer:3 pbqpoffset:3.93 pbfactor:1.57 avgQpOffsetCutree:0.00;
in:141 out:135 type:k q:25.81 q-aq:19.04 q-noVbv:25.81 q-Rceq:1.00 tex:335919 mv:41185 misc:4024 icu:239.75 pcu:940.25 scu:116.00 tlayer:0 pbqpoffset:0.81 pbfactor:1.10 avgQpOffsetCutree:-7.18;
in:138 out:136 type:B q:28.34 q-aq:24.57 q-noVbv:28.34 q-Rceq:1.00 tex:56568 mv:24623 misc:3921 icu:8.00 pcu:886.25 scu:401.75 tlayer:1 pbqpoffset:2.28 pbfactor:1.30 avgQpOffsetCutree:-3.35;
in:136 out:137 type:B q:29.25 q-aq:27.30 q-noVbv:29.25 q-Rceq:1.00 tex:20164 mv:15127 misc:3021 icu:0.00 pcu:954.75 scu:341.25 tlayer:2 pbqpoffset:3.03 pbfactor:1.42 avgQpOffsetCutree:-1.91;
in:135 out:138 type:b q:30.64 q-aq:31.00 q-noVbv:30.64 q-Rceq:1.00 tex:3394 mv:4095 misc:1023 icu:0.00 pcu:819.50 scu:476.50 tlayer:3 pbqpoffset:4.34 pbfactor:1.65 avgQpOffsetCutree:0.00;
in:137 out:139 type:b q:30.57 q-aq:31.00 q-noVbv:30.57 q-Rceq:1.00 tex:2604 mv:4143 misc:1077 icu:2.25 pcu:833.75 scu:460.00 tlayer:3 pbqpoffset:4.43 pbfactor:1.67 avgQpOffsetCutree:0.00;
in:140 out:140 type:B q:29.24 q-aq:28.74 q-noVbv:29.24 q-Rceq:1.00 tex:4155 mv:6936 misc:1749 icu:0.75 pcu:854.50 scu:440.75 tlayer:2 pbqpoffset:3.35 pbfactor:1.47 avgQpOffsetCutree:-0.89;
in:139 out:141 type:b q:30.34 q-aq:30.10 q-noVbv:30.34 q-Rceq:1.00 tex:3640 mv:4884 misc:1252 icu:0.25 pcu:851.50 scu:444.25 tlayer:3 pbqpoffset:4.37 pbfactor:1.66 avgQpOffsetCutree:0.00;
in:147 out:142 type:k q:26.82 q-aq:20.01 q-noVbv:26.82 q-Rceq:1.00 tex:413124 mv:39444 misc:3232 icu:609.75 pcu:682.00 scu:4.25 tlayer:0 pbqpoffset:0.91 pbfactor:1.11 avgQpOffsetCutree:-7.79;
in:144 out:143 type:B q:28.65 q-aq:26.15 q-noVbv:28.65 q-Rceq:1.00 tex:105148 mv:21600 misc:4340 icu:24.50 pcu:1038.50 scu:233.00 tlayer:1 pbqpoffset:2.33 pbfactor:1.31 avgQpOffsetCutree:-2.49;
in:143 out:144 type:B q:29.81 q-aq:29.15 q-noVbv:29.81 q-Rceq:1.00 tex:6033 mv:7684 misc:2515 icu:3.75 pcu:853.25 scu:439.00 tlayer:2 pbqpoffset:3.67 pbfactor:1.53 avgQpOffsetCutree:-0.94;
in:142 out:145 type:b q:32.31 q-aq:32.13 q-noVbv:32.31 q-Rceq:1.00 tex:1685 mv:3553 misc:762 icu:0.00 pcu:896.25 scu:399.75 tlayer:3 pbqpoffset:6.33 pbfactor:2.08 avgQpOffsetCutree:0.00;
in:146 out:146 type:B q:30.69 q-aq:30.02 q-noVbv:30.69 q-Rceq:1.00 tex:1642 mv:5410 misc:1140 icu:0.00 pcu:944.25 scu:351.75 tlayer:2 pbqpoffset:4.04 pbfactor:1.59 avgQpOffsetCutree:-0.97;
in:145 out:147 type:b q:31.78 q-aq:32.00 q-noVbv:31.78 q-Rceq:1.00 tex:1177 mv:3320 misc:831 icu:1.00 pcu:765.25 scu:529.75 tlayer:3 pbqpoffset:5.29 pbfactor:1.84 avgQpOffsetCutree:0.00;
in:154 out:148 type:k q:26.41 q-aq:19.23 q-noVbv:26.41 q-Rceq:1.00 tex:320074 mv:41884 misc:4250 icu:172.00 pcu:1047.00 scu:77.00 tlayer:0 pbqpoffset:1.01 pbfactor:1.12 avgQpOffsetCutree:-7.47;
in:151 out:149 type:B q:29.01 q-aq:25.01 q-noVbv:29.01 q-Rceq:1.00 tex:48166 mv:22150 misc:4196 icu:4.25 pcu:873.50 scu:418.25 tlayer:1 pbqpoffset:2.43 pbfactor:1.32 avgQpOffsetCutree:-3.50;
in:149 out:150 type:B q:29.77 q-aq:27.92 q-noVbv:29.77 q-Rceq:1.00 tex:15575 mv:13281 misc:2840 icu:0.75 pcu:948.00 scu:347.25 tlayer:2 pbqpoffset:3.06 pbfactor:1.42 avgQpOffsetCutree:-1.86;
in:148 out:151 type:b q:30.99 q-aq:31.00 q-noVbv:30.99 q-Rceq:1.00 tex:3260 mv:3971 misc:985 icu:0.25 pcu:877.00 scu:418.75 tlayer:3 pbqpoffset:4.23 pbfactor:1.63 avgQpOffsetCutree:0.00;
in:150 out:152 type:b q:30.91 q-aq:31.00 q-noVbv:30.91 q-Rceq:1.00 tex:1876 mv:3846 misc:942 icu:1.00 pcu:829.50 scu:465.50 tlayer:3 pbqpoffset:4.26 pbfactor:1.64 avgQpOffsetCutree:0.00;
in:153 out:153 type:B q:30.01 q-aq:29.29 q-noVbv:30.01 q-Rceq:1.00 tex:4300 mv:7122 misc:1658 icu:0.25 pcu:872.25 scu:423.50 tlayer:2 pbqpoffset:3.54 pbfactor:1.51 avgQpOffsetCutree:-0.99;
in:152 out:154 type:b q:31.02 q-aq:31.00 q-noVbv:31.02 q-Rceq:1.00 tex:2213 mv:3887 misc:948 icu:0.00 pcu:870.00 scu:426.00 tlayer:3 pbqpoffset:4.50 pbfactor:1.68 avgQpOffsetCutree:0.00;
in:160 out:155 type:k q:27.12 q-aq:20.28 q-noVbv:27.12 q-Rceq:1.00 tex:441078 mv:48245 misc:2533 icu:785.50 pcu:497.50 scu:13.00 tlayer:0 pbqpoffset:1.01 pbfactor:1.12 avgQpOffsetCutree:-7.83;
in:157 out:156 type:B q:29.57 q-aq:25.65 q-noVbv:29.57 q-Rceq:1.00 tex:60606 mv:18983 misc:4659 icu:16.50 pcu:952.25 scu:327.25 tlayer:1 pbqpoffset:2.81 pbfactor:1.38 avgQpOffsetCutree:-3.54;
in:156 out:157 type:B q:30.68 q-aq:30.15 q-noVbv:30.68 q-Rceq:1.00 tex:5434 mv:7392 misc:1814 icu:0.00 pcu:940.75 scu:355.25 tlayer:2 pbqpoffset:4.04 pbfactor:1.59 avgQpOffsetCutree:-1.02;
in:155 out:158 type:b q:32.49 q-aq:32.95 q-noVbv:32.49 q-Rceq:1.00 tex:1369 mv:3221 misc:762 icu:1.00 pcu:860.50 scu:434.50 tlayer:3 pbqpoffset:5.97 pbfactor:1.99 avgQpOffsetCutree:0.00;
in:159 out:159 type:B q:30.67 q-aq:30.08 q-noVbv:30.67 q-Rceq:1.00 tex:5000 mv:7286 misc:2986 icu:3.25 pcu:848.50 scu:444.25 tlayer:2 pbqpoffset:3.67 pbfactor:1.53 avgQpOffsetCutree:-0.98;
in:158 out:160 type:b q:33.44 q-aq:33.42 q-noVbv:33.44 q-Rceq:1.00 tex:947 mv:2994 misc:771 icu:0.00 pcu:802.00 scu:494.00 tlayer:3 pbqpoffset:6.56 pbfactor:2.13 avgQpOffsetCutree:0.00;
in:170 out:161 type:k q:25.49 q-aq:18.66 q-noVbv:25.49 q-Rceq:1.00 tex:437567 mv:55654 misc:3507 icu:351.25 pcu:915.00 scu:29.75 tlayer:0 pbqpoffset:0.91 pbfactor:1.11 avgQpOffsetCutree:-7.64;
in:165 out:162 type:B q:29.02 q-aq:23.72 q-noVbv:29.02 q-Rceq:1.00 tex:89329 mv:28406 misc:4833 icu:5.75 pcu:933.50 scu:356.75 tlayer:1 pbqpoffset:2.72 pbfactor:1.37 avgQpOffsetCutree:-4.50;
in:163 out:163 type:B q:30.13 q-aq:27.41 q-noVbv:30.13 q-Rceq:1.00 tex:15766 mv:14350 misc:3260 icu:0.25 pcu:940.75 scu:355.00 tlayer:2 pbqpoffset:3.50 pbfactor:1.50 avgQpOffsetCutree:-2.32;
in:162 out:164 type:B q:30.85 q-aq:30.25 q-noVbv:30.85 q-Rceq:1.00 tex:4867 mv:5492 misc:1457 icu:0.00 pcu:894.75 scu:401.25 tlayer:3 pbqpoffset:4.05 pbfactor:1.60 avgQpOffsetCutree:-1.03;
in:161 out:165 type:b q:32.03 q-aq:32.00 q-noVbv:32.03 q-Rceq:1.00 tex:1043 mv:3171 misc:794 icu:0.00 pcu:815.75 scu:480.25 tlayer:4 pbqpoffset:5.07 pbfactor:1.80 avgQpOffsetCutree:0.00;
in:164 out:166 type:b q:31.57 q-aq:32.00 q-noVbv:31.57 q-Rceq:1.00 tex:955 mv:3231 misc:782 icu:0.00 pcu:804.00 scu:492.00 tlayer:3 pbqpoffset:5.10 pbfactor:1.80 avgQpOffsetCutree:0.00;
in:168 out:167 type:B q:29.37 q-aq:26.82 q-noVbv:29.37 q-Rceq:1.00 tex:20097 mv:15400 misc:3543 icu:1.75 pcu:919.50 scu:374.75 tlayer:2 pbqpoffset:3.55 pbfactor:1.51 avgQpOffsetCutree:-2.35;
in:167 out:168 type:B q:30.11 q-aq:29.78 q-noVbv:30.11 q-Rceq:1.00 tex:4222 mv:6751 misc:1675 icu:0.00 pcu:913.75 scu:382.25 tlayer:3 pbqpoffset:4.13 pbfactor:1.61 avgQpOffsetCutree:-0.99;
in:166 out:169 type:b q:31.35 q-aq:31.00 q-noVbv:31.35 q-Rceq:1.00 tex:2288 mv:3809 misc:959 icu:0.00 pcu:870.25 scu:425.75 tlayer:4 pbqpoffset:5.21 pbfactor:1.82 avgQpOffsetCutree:0.00;
in:169 out:170 type:b q:30.77 q-aq:31.00 q-noVbv:30.77 q-Rceq:1.00 tex:1850 mv:3865 misc:885 icu:0.25 pcu:885.50 scu:410.25 tlayer:3 pbqpoffset:5.12 pbfactor:1.81 avgQpOffsetCutree:0.00;
in:176 out:171 type:k q:27.89 q-aq:21.86 q-noVbv:27.89 q-Rceq:1.00 tex:455147 mv:47146 misc:2715 icu:693.75 pcu:593.25 scu:9.00 tlayer:0 pbqpoffset:0.79 pbfactor:1.10 avgQpOffsetCutree:-7.56;
in:173 out:172 type:B q:29.97 q-aq:26.23 q-noVbv:29.97 q-Rceq:1.00 tex:67398 mv:18112 misc:4778 icu:93.50 pcu:893.00 scu:309.50 tlayer:1 pbqpoffset:3.28 pbfactor:1.46 avgQpOffsetCutree:-3.48;
in:172 out:173 type:B q:30.58 q-aq:29.96 q-noVbv:30.58 q-Rceq:1.00 tex:7248 mv:7063 misc:1857 icu:4.25 pcu:906.25 scu:385.50 tlayer:2 pbqpoffset:4.29 pbfactor:1.64 avgQpOffsetCutree:-1.08;
in:171 out:174 type:b q:32.63 q-aq:33.00 q-noVbv:32.63 q-Rceq:1.00 tex:1132 mv:3456 misc:796 icu:0.00 pcu:828.00 scu:468.00 tlayer:3 pbqpoffset:6.74 pbfactor:2.18 avgQpOffsetCutree:0.00;
in:175 out:175 type:B q:31.75 q-aq:31.13 q-noVbv:31.75 q-Rceq:1.00 tex:7052 mv:7016 misc:2788 icu:67.50 pcu:834.00 scu:394.50 tlayer:2 pbqpoffset:4.26 pbfactor:1.64 avgQpOffsetCutree:-1.11;
in:174 out:176 type:b q:34.23 q-aq:34.00 q-noVbv:34.23 q-Rceq:1.00 tex:1480 mv:2999 misc:737 icu:0.25 pcu:836.75 scu:459.00 tlayer:3 pbqpoffset:7.14 pbfactor:2.28 avgQpOffsetCutree:0.00;
in:185 out:177 type:k q:27.09 q-aq:20.19 q-noVbv:27.09 q-Rceq:1.00 tex:439313 mv:47741 misc:3882 icu:318.75 pcu:948.75 scu:28.50 tlayer:0 pbqpoffset:0.73 pbfactor:1.09 avgQpOffsetCutree:-8.00;
in:181 out:178 type:B q:30.56 q-aq:25.98 q-noVbv:30.56 q-Rceq:1.00 tex:82652 mv:24817 misc:4723 icu:55.50 pcu:975.50 scu:265.00 tlayer:1 pbqpoffset:3.12 pbfactor:1.43 avgQpOffsetCutree:-4.12;
in:179 out:179 type:B q:31.47 q-aq:29.02 q-noVbv:31.47 q-Rceq:1.00 tex:23351 mv:14470 misc:4011 icu:53.00 pcu:973.75 scu:269.25 tlayer:2 pbqpoffset:3.85 pbfactor:1.56 avgQpOffsetCutree:-2.30;
in:178 out:180 type:B q:32.16 q-aq:31.61 q-noVbv:32.16 q-Rceq:1.00 tex:3147 mv:5346 misc:1603 icu:0.00 pcu:951.50 scu:344.50 tlayer:3 pbqpoffset:4.45 pbfactor:1.67 avgQpOffsetCutree:-1.05;
in:177 out:181 type:b q:33.42 q-aq:33.28 q-noVbv:33.42 q-Rceq:1.00 tex:1303 mv:2985 misc:872 icu:0.00 pcu:811.50 scu:484.50 tlayer:4 pbqpoffset:5.61 pbfactor:1.91 avgQpOffsetCutree:0.00;
in:180 out:182 type:b q:32.79 q-aq:33.00 q-noVbv:32.79 q-Rceq:1.00 tex:1537 mv:3479 misc:960 icu:0.00 pcu:876.75 scu:419.25 tlayer:3 pbqpoffset:5.25 pbfactor:1.83 avgQpOffsetCutree:0.00;
in:183 out:183 type:B q:31.32 q-aq:29.37 q-noVbv:31.32 q-Rceq:1.00 tex:11718 mv:12705 misc:3257 icu:0.75 pcu:956.25 scu:339.00 tlayer:2 pbqpoffset:4.05 pbfactor:1.60 avgQpOffsetCutree:-1.90;
in:182 out:184 type:b q:32.79 q-aq:33.00 q-noVbv:32.79 q-Rceq:1.00 tex:1366 mv:3815 misc:915 icu:0.00 pcu:923.50 scu:372.50 tlayer:3 pbqpoffset:5.44 pbfactor:1.87 avgQpOffsetCutree:0.00;
in:184 out:185 type:b q:32.46 q-aq:32.52 q-noVbv:32.46 q-Rceq:1.00 tex:1361 mv:4324 misc:1099 icu:0.00 pcu:882.75 scu:413.25 tlayer:3 pbqpoffset:5.29 pbfactor:1.84 avgQpOffsetCutree:0.00;
in:193 out:186 type:k q:27.12 q-aq:21.13 q-noVbv:27.12 q-Rceq:1.00 tex:557825 mv:47801 misc:3110 icu:530.50 pcu:759.25 scu:6.25 tlayer:0 pbqpoffset:0.94 pbfactor:1.11 avgQpOffsetCutree:-7.77;
in:189 out:187 type:B q:30.89 q-aq:26.49 q-noVbv:30.89 q-Rceq:1.00 tex:57015 mv:20943 misc:5570 icu:21.00 pcu:964.50 scu:310.50 tlayer:1 pbqpoffset:3.79 pbfactor:1.55 avgQpOffsetCutree:-4.00;
in:187 out:188 type:B q:31.67 q-aq:29.50 q-noVbv:31.67 q-Rceq:1.00 tex:2978 mv:8474 misc:1804 icu:1.50 pcu:971.50 scu:323.00 tlayer:2 pbqpoffset:4.58 pbfactor:1.70 avgQpOffsetCutree:-1.96;
in:186 out:189 type:b q:34.67 q-aq:35.00 q-noVbv:34.67 q-Rceq:1.00 tex:584 mv:3296 misc:696 icu:0.25 pcu:923.50 scu:372.25 tlayer:3 pbqpoffset:7.58 pbfactor:2.40 avgQpOffsetCutree:0.00;
in:188 out:190 type:b q:34.67 q-aq:35.00 q-noVbv:34.67 q-Rceq:1.00 tex:742 mv:3165 misc:749 icu:0.00 pcu:870.75 scu:425.25 tlayer:3 pbqpoffset:7.58 pbfactor:2.40 avgQpOffsetCutree:0.00;
in:191 out:191 type:B q:31.69 q-aq:31.00 q-noVbv:31.69 q-Rceq:1.00 tex:5029 mv:6846 misc:2989 icu:5.25 pcu:793.00 scu:497.75 tlayer:2 pbqpoffset:4.58 pbfactor:1.70 avgQpOffsetCutree:-1.18;
in:190 out:192 type:b q:34.68 q-aq:35.00 q-noVbv:34.68 q-Rceq:1.00 tex:344 mv:2828 misc:628 icu:0.00 pcu:860.50 scu:435.50 tlayer:3 pbqpoffset:7.58 pbfactor:2.40 avgQpOffsetCutree:0.00;
in:192 out:193 type:b q:31.49 q-aq:31.99 q-noVbv:31.49 q-Rceq:1.00 tex:4908 mv:3905 misc:1675 icu:0.75 pcu:749.25 scu:546.00 tlayer:3 pbqpoffset:4.38 pbfactor:1.66 avgQpOffsetCutree:0.00;
in:205 out:194 type:k q:25.47 q-aq:19.53 q-noVbv:25.47 q-Rceq:1.00 tex:481553 mv:49751 misc:3872 icu:269.00 pcu:1004.25 scu:22.75 tlayer:0 pbqpoffset:0.83 pbfactor:1.10 avgQpOffsetCutree:-7.26;
in:199 out:195 type:B q:29.39 q-aq:24.11 q-noVbv:29.39 q-Rceq:1.00 tex:135542 mv:32610 misc:5272 icu:13.50 pcu:988.00 scu:294.50 tlayer:1 pbqpoffset:3.09 pbfactor:1.43 avgQpOffsetCutree:-4.86;
in:196 out:196 type:B q:30.43 q-aq:26.98 q-noVbv:30.43 q-Rceq:1.00 tex:39192 mv:22402 misc:4286 icu:1.25 pcu:998.25 scu:296.50 tlayer:2 pbqpoffset:3.72 pbfactor:1.54 avgQpOffsetCutree:-3.12;
in:195 out:197 type:B q:31.36 q-aq:30.61 q-noVbv:31.36 q-Rceq:1.00 tex:4677 mv:7752 misc:1691 icu:0.50 pcu:998.75 scu:296.75 tlayer:3 pbqpoffset:4.52 pbfactor:1.69 avgQpOffsetCutree:-1.12;
in:194 out:198 type:b q:32.46 q-aq:32.64 q-noVbv:32.46 q-Rceq:1.00 tex:2783 mv:4769 misc:920 icu:0.25 pcu:987.75 scu:308.00 tlayer:4 pbqpoffset:5.48 pbfactor:1.88 avgQpOffsetCutree:0.00;
in:198 out:199 type:B q:30.94 q-aq:30.20 q-noVbv:30.94 q-Rceq:1.00 tex:6367 mv:8423 misc:2058 icu:0.00 pcu:939.50 scu:356.50 tlayer:3 pbqpoffset:4.51 pbfactor:1.68 avgQpOffsetCutree:-1.14;
in:197 out:200 type:b q:32.15 q-aq:32.00 q-noVbv:32.15 q-Rceq:1.00 tex:2397 mv:4213 misc:926 icu:0.00 pcu:905.75 scu:390.25 tlayer:4 pbqpoffset:5.58 pbfactor:1.90 avgQpOffsetCutree:0.00;
in:202 out:201 type:B q:29.71 q-aq:26.41 q-noVbv:29.71 q-Rceq:1.00 tex:35412 mv:19622 misc:4342 icu:0.25 pcu:945.00 scu:350.75 tlayer:2 pbqpoffset:3.83 pbfactor:1.56 avgQpOffsetCutree:-3.00;
in:201 out:202 type:B q:30.55 q-aq:29.97 q-noVbv:30.55 q-Rceq:1.00 tex:9389 mv:9263 misc:2172 icu:0.00 pcu:944.25 scu:351.75 tlayer:3 pbqpoffset:4.53 pbfactor:1.69 avgQpOffsetCutree:-1.08;
in:200 out:203 type:b q:31.70 q-aq:32.00 q-noVbv:31.70 q-Rceq:1.00 tex:4154 mv:4740 misc:1178 icu:0.00 pcu:865.75 scu:430.25 tlayer:4 pbqpoffset:5.55 pbfactor:1.90 avgQpOffsetCutree:0.00;
in:204 out:204 type:B q:30.22 q-aq:29.64 q-noVbv:30.22 q-Rceq:1.00 tex:2725 mv:4664 misc:1227 icu:0.50 pcu:841.75 scu:453.75 tlayer:3 pbqpoffset:4.62 pbfactor:1.70 avgQpOffsetCutree:-1.09;
in:203 out:205 type:b q:32.08 q-aq:32.00 q-noVbv:32.08 q-Rceq:1.00 tex:1606 mv:4102 misc:956 icu:0.00 pcu:912.75 scu:383.25 tlayer:4 pbqpoffset:6.34 pbfactor:2.08 avgQpOffsetCutree:0.00;
in:216 out:206 type:k q:27.36 q-aq:23.68 q-noVbv:27.36 q-Rceq:1.00 tex:377111 mv:23476 misc:3373 icu:388.50 pcu:898.50 scu:9.00 tlayer:0 pbqpoffset:1.02 pbfactor:1.12 avgQpOffsetCutree:-5.44;
in:211 out:207 type:B q:29.19 q-aq:24.34 q-noVbv:29.19 q-Rceq:1.00 tex:173846 mv:13263 misc:5571 icu:32.75 pcu:973.00 scu:290.25 tlayer:1 pbqpoffset:2.69 pbfactor:1.37 avgQpOffsetCutree:-4.95;
in:208 out:208 type:B q:28.69 q-aq:26.88 q-noVbv:28.69 q-Rceq:1.00 tex:192080 mv:18654 misc:4978 icu:40.75 pcu:1049.00 scu:206.25 tlayer:2 pbqpoffset:2.70 pbfactor:1.37 avgQpOffsetCutree:-2.24;
in:207 out:209 type:B q:29.86 q-aq:29.36 q-noVbv:29.86 q-Rceq:1.00 tex:4451 mv:3812 misc:2161 icu:0.75 pcu:686.00 scu:609.25 tlayer:3 pbqpoffset:4.05 pbfactor:1.60 avgQpOffsetCutree:-1.11;
in:206 out:210 type:b q:32.98 q-aq:33.00 q-noVbv:32.98 q-Rceq:1.00 tex:833 mv:2264 misc:791 icu:0.00 pcu:683.75 scu:612.25 tlayer:4 pbqpoffset:7.34 pbfactor:2.34 avgQpOffsetCutree:0.00;
in:210 out:211 type:B q:30.53 q-aq:29.80 q-noVbv:30.53 q-Rceq:1.00 tex:3915 mv:4714 misc:1627 icu:0.00 pcu:884.25 scu:411.75 tlayer:3 pbqpoffset:4.20 pbfactor:1.62 avgQpOffsetCutree:-1.08;
in:209 out:212 type:b q:31.90 q-aq:32.00 q-noVbv:31.90 q-Rceq:1.00 tex:1696 mv:3069 misc:987 icu:0.00 pcu:758.00 scu:538.00 tlayer:4 pbqpoffset:5.74 pbfactor:1.94 avgQpOffsetCutree:0.00;
in:214 out:213 type:B q:30.90 q-aq:28.79 q-noVbv:30.90 q-Rceq:1.00 tex:1714 mv:5793 misc:1685 icu:0.25 pcu:847.25 scu:448.50 tlayer:2 pbqpoffset:3.88 pbfactor:1.57 avgQpOffsetCutree:-2.25;
in:213 out:214 type:B q:31.00 q-aq:29.88 q-noVbv:31.00 q-Rceq:1.00 tex:959 mv:4276 misc:1205 icu:0.00 pcu:731.50 scu:564.50 tlayer:3 pbqpoffset:4.16 pbfactor:1.62 avgQpOffsetCutree:-1.14;
in:212 out:215 type:b q:31.74 q-aq:32.00 q-noVbv:31.74 q-Rceq:1.00 tex:941 mv:2683 misc:800 icu:0.00 pcu:701.25 scu:594.75 tlayer:4 pbqpoffset:5.07 pbfactor:1.80 avgQpOffsetCutree:0.00;
in:215 out:216 type:b q:32.61 q-aq:33.00 q-noVbv:32.61 q-Rceq:1.00 tex:158 mv:1539 misc:575 icu:0.00 pcu:521.50 scu:774.50 tlayer:3 pbqpoffset:5.43 pbfactor:1.87 avgQpOffsetCutree:0.00;
