#options: cpuid=1050111 frame-threads=1 no-wpp no-pmode no-pme psnr no-ssim log-level=2 bitdepth=8 input-csp=1 fps=50000/1000 input-res=832x480 interlace=0 total-frames=500 level-idc=0 high-tier=1 uhd-bd=0 ref=4 no-allow-non-conformance no-repeat-headers annexb no-aud no-hrd info hash=0 no-temporal-layers open-gop min-keyint=1 keyint=5000 bframes=15 b-adapt=2 b-pyramid bframe-bias=0 rc-lookahead=40 lookahead-slices=0 scenecut=40 no-intra-refresh ctu=64 min-cu-size=8 rect amp max-tu-size=32 tu-inter-depth=3 tu-intra-depth=3 limit-tu=4 rdoq-level=2 dynamic-rd=0.00 no-ssim-rd signhide no-tskip nr-intra=0 nr-inter=0 no-constrained-intra strong-intra-smoothing max-merge=4 limit-refs=1 limit-modes me=3 subme=4 merange=57 temporal-mvp weightp weightb no-analyze-src-pics deblock=0:0 sao no-sao-non-deblock rd=6 no-early-skip rskip no-fast-intra no-tskip-fast no-cu-lossless b-intra rdpenalty=0 psy-rd=0.00 psy-rdoq=0.00 no-rd-refine analysis-reuse-mode=0 no-lossless cbqpoffs=0 crqpoffs=0 rc=abr bitrate=2000 qcomp=0.60 qpstep=4 stats-write=1 stats-read=0 slow-firstpass ipratio=1.40 pbratio=1.30 aq-mode=1 aq-strength=0.00 cutree zone-count=0 no-strict-cbr qg-size=64 no-rc-grain qpmax=69 qpmin=0 no-const-vbv sar=0 overscan=0 videoformat=5 range=0 colorprim=2 transfer=2 colormatrix=2 chromaloc=0 display-window=0 max-cll=0,0 min-luma=0 max-luma=255 log2-max-poc-lsb=8 vui-timing-info vui-hrd-info slices=1 opt-qp-pps opt-ref-list-length-pps no-multi-pass-opt-rps scenecut-bias=0.05 no-opt-cu-delta-qp no-aq-motion no-hdr no-hdr-opt no-dhdr10-opt analysis-reuse-level=5 scale-factor=0 refine-intra=0 refine-inter=0 refine-mv=0 no-limit-sao ctu-info=0 max-tlayer=4
in:0 out:0 type:I q:28.72 q-aq:22.78 q-noVbv:28.72 q-Rceq:1.32 tex:403353 mv:68395 misc:2700 icu:1560.00 pcu:0.00 scu:0.00 tlayer:0 pbqpoffset:0.00 pbfactor:1.00 avgQpOffsetCutree:-6.79;
in:16 out:1 type:k q:31.63 q-aq:25.00 q-noVbv:31.63 q-Rceq:1.32 tex:176059 mv:36682 misc:4571 icu:579.75 pcu:876.50 scu:103.75 tlayer:0 pbqpoffset:0.00 pbfactor:1.00 avgQpOffsetCutree:-6.63;
in:8 out:2 type:B q:34.61 q-aq:29.57 q-noVbv:34.61 q-Rceq:1.32 tex:61648 mv:25110 misc:3730 icu:376.25 pcu:898.50 scu:285.25 tlayer:1 pbqpoffset:2.97 pbfactor:1.41 avgQpOffsetCutree:-4.60;
in:4 out:3 type:B q:35.20 q-aq:32.92 q-noVbv:35.20 q-Rceq:1.32 tex:10484 mv:10570 misc:2362 icu:58.75 pcu:619.00 scu:882.25 tlayer:2 pbqpoffset:3.56 pbfactor:1.51 avgQpOffsetCutree:-2.66;
in:2 out:4 type:B q:36.47 q-aq:36.00 q-noVbv:36.47 q-Rceq:1.32 tex:1 mv:14 misc:153 icu:0.00 pcu:16.00 scu:1544.00 tlayer:3 pbqpoffset:4.84 pbfactor:1.75 avgQpOffsetCutree:-2.12;
in:1 out:5 type:b q:39.15 q-aq:39.00 q-noVbv:39.15 q-Rceq:1.32 tex:0 mv:6 misc:162 icu:0.00 pcu:0.00 scu:1560.00 tlayer:4 pbqpoffset:7.51 pbfactor:2.38 avgQpOffsetCutree:0.00;
in:3 out:6 type:b q:39.47 q-aq:39.44 q-noVbv:39.47 q-Rceq:1.32 tex:429 mv:1420 misc:663 icu:2.75 pcu:194.75 scu:1362.50 tlayer:4 pbqpoffset:7.84 pbfactor:2.47 avgQpOffsetCutree:0.00;
in:6 out:7 type:B q:36.47 q-aq:35.26 q-noVbv:36.47 q-Rceq:1.32 tex:5157 mv:7363 misc:1880 icu:44.25 pcu:371.75 scu:1144.00 tlayer:3 pbqpoffset:4.84 pbfactor:1.75 avgQpOffsetCutree:-1.77;
in:5 out:8 type:b q:39.47 q-aq:39.88 q-noVbv:39.47 q-Rceq:1.32 tex:196 mv:1444 misc:608 icu:0.25 pcu:165.25 scu:1394.50 tlayer:4 pbqpoffset:7.84 pbfactor:2.47 avgQpOffsetCutree:0.00;
in:7 out:9 type:b q:39.47 q-aq:39.94 q-noVbv:39.47 q-Rceq:1.32 tex:251 mv:1509 misc:688 icu:0.00 pcu:133.00 scu:1427.00 tlayer:4 pbqpoffset:7.84 pbfactor:2.47 avgQpOffsetCutree:0.00;
in:12 out:10 type:B q:34.79 q-aq:31.49 q-noVbv:34.79 q-Rceq:1.32 tex:15977 mv:12013 misc:2602 icu:140.25 pcu:548.00 scu:871.75 tlayer:2 pbqpoffset:3.15 pbfactor:1.44 avgQpOffsetCutree:-3.39;
in:10 out:11 type:B q:36.27 q-aq:34.73 q-noVbv:36.27 q-Rceq:1.32 tex:5259 mv:7572 misc:1857 icu:32.25 pcu:445.00 scu:1082.75 tlayer:3 pbqpoffset:4.64 pbfactor:1.71 avgQpOffsetCutree:-1.77;
in:9 out:12 type:b q:39.47 q-aq:39.45 q-noVbv:39.47 q-Rceq:1.32 tex:146 mv:1566 misc:712 icu:2.25 pcu:216.00 scu:1341.75 tlayer:4 pbqpoffset:7.84 pbfactor:2.47 avgQpOffsetCutree:0.00;
in:11 out:13 type:b q:39.47 q-aq:39.39 q-noVbv:39.47 q-Rceq:1.32 tex:103 mv:1308 misc:613 icu:0.50 pcu:186.50 scu:1373.00 tlayer:4 pbqpoffset:7.84 pbfactor:2.47 avgQpOffsetCutree:0.00;
in:14 out:14 type:B q:36.27 q-aq:34.99 q-noVbv:36.27 q-Rceq:1.32 tex:5767 mv:7153 misc:1800 icu:39.25 pcu:324.50 scu:1196.25 tlayer:3 pbqpoffset:4.63 pbfactor:1.71 avgQpOffsetCutree:-1.76;
in:13 out:15 type:b q:39.47 q-aq:39.61 q-noVbv:39.47 q-Rceq:1.32 tex:453 mv:1271 misc:620 icu:3.00 pcu:128.75 scu:1428.25 tlayer:4 pbqpoffset:7.84 pbfactor:2.47 avgQpOffsetCutree:0.00;
in:15 out:16 type:b q:39.47 q-aq:39.66 q-noVbv:39.47 q-Rceq:1.32 tex:576 mv:1328 misc:608 icu:2.50 pcu:142.00 scu:1415.50 tlayer:4 pbqpoffset:7.84 pbfactor:2.47 avgQpOffsetCutree:0.00;
in:32 out:17 type:k q:29.42 q-aq:23.72 q-noVbv:29.42 q-Rceq:1.32 tex:337540 mv:63589 misc:2919 icu:1516.50 pcu:43.25 scu:0.25 tlayer:0 pbqpoffset:0.00 pbfactor:1.00 avgQpOffsetCutree:-6.76;
in:24 out:18 type:B q:32.75 q-aq:27.72 q-noVbv:32.75 q-Rceq:1.32 tex:95664 mv:29297 misc:4175 icu:421.50 pcu:923.75 scu:214.75 tlayer:1 pbqpoffset:2.22 pbfactor:1.29 avgQpOffsetCutree:-4.62;
in:20 out:19 type:B q:33.67 q-aq:30.18 q-noVbv:33.67 q-Rceq:1.32 tex:21098 mv:12830 misc:2648 icu:146.75 pcu:658.75 scu:754.50 tlayer:2 pbqpoffset:2.59 pbfactor:1.35 avgQpOffsetCutree:-3.36;
in:18 out:20 type:B q:35.44 q-aq:34.12 q-noVbv:35.44 q-Rceq:1.32 tex:6288 mv:7893 misc:1891 icu:32.50 pcu:428.25 scu:1099.25 tlayer:3 pbqpoffset:4.09 pbfactor:1.60 avgQpOffsetCutree:-1.78;
in:17 out:21 type:b q:38.58 q-aq:39.00 q-noVbv:38.58 q-Rceq:1.32 tex:318 mv:1528 misc:618 icu:1.00 pcu:142.00 scu:1417.00 tlayer:4 pbqpoffset:7.09 pbfactor:2.27 avgQpOffsetCutree:0.00;
in:19 out:22 type:b q:38.31 q-aq:38.31 q-noVbv:38.31 q-Rceq:1.32 tex:164 mv:1333 misc:615 icu:2.25 pcu:145.75 scu:1412.00 tlayer:4 pbqpoffset:7.09 pbfactor:2.27 avgQpOffsetCutree:0.00;
in:22 out:23 type:B q:34.84 q-aq:33.46 q-noVbv:34.84 q-Rceq:1.32 tex:6300 mv:8333 misc:2055 icu:44.25 pcu:330.00 scu:1185.75 tlayer:3 pbqpoffset:4.04 pbfactor:1.59 avgQpOffsetCutree:-1.76;
in:21 out:24 type:b q:38.03 q-aq:38.00 q-noVbv:38.03 q-Rceq:1.32 tex:78 mv:1042 misc:496 icu:0.00 pcu:173.75 scu:1386.25 tlayer:4 pbqpoffset:7.09 pbfactor:2.27 avgQpOffsetCutree:0.00;
in:23 out:25 type:b q:37.75 q-aq:38.00 q-noVbv:37.75 q-Rceq:1.32 tex:540 mv:1696 misc:724 icu:2.50 pcu:135.25 scu:1422.25 tlayer:4 pbqpoffset:7.09 pbfactor:2.27 avgQpOffsetCutree:0.00;
in:28 out:26 type:B q:32.45 q-aq:28.89 q-noVbv:32.45 q-Rceq:1.32 tex:27045 mv:11946 misc:3137 icu:163.00 pcu:856.50 scu:540.50 tlayer:2 pbqpoffset:2.47 pbfactor:1.33 avgQpOffsetCutree:-3.35;
in:26 out:27 type:B q:33.85 q-aq:32.57 q-noVbv:33.85 q-Rceq:1.32 tex:8274 mv:8231 misc:2063 icu:42.75 pcu:523.75 scu:993.50 tlayer:3 pbqpoffset:3.60 pbfactor:1.52 avgQpOffsetCutree:-1.77;
in:25 out:28 type:b q:37.48 q-aq:37.72 q-noVbv:37.48 q-Rceq:1.32 tex:657 mv:1822 misc:761 icu:4.50 pcu:242.00 scu:1313.50 tlayer:4 pbqpoffset:7.09 pbfactor:2.27 avgQpOffsetCutree:0.00;
in:27 out:29 type:b q:37.20 q-aq:37.00 q-noVbv:37.20 q-Rceq:1.32 tex:803 mv:1707 misc:762 icu:3.75 pcu:139.00 scu:1417.25 tlayer:4 pbqpoffset:7.09 pbfactor:2.27 avgQpOffsetCutree:0.00;
in:30 out:30 type:B q:33.72 q-aq:32.38 q-noVbv:33.72 q-Rceq:1.32 tex:7606 mv:7819 misc:2071 icu:38.25 pcu:509.25 scu:1012.50 tlayer:3 pbqpoffset:4.02 pbfactor:1.59 avgQpOffsetCutree:-1.72;
in:29 out:31 type:b q:36.92 q-aq:37.00 q-noVbv:36.92 q-Rceq:1.32 tex:166 mv:1412 misc:646 icu:0.00 pcu:147.00 scu:1413.00 tlayer:4 pbqpoffset:7.09 pbfactor:2.27 avgQpOffsetCutree:0.00;
in:31 out:32 type:b q:36.65 q-aq:37.00 q-noVbv:36.65 q-Rceq:1.32 tex:185 mv:1589 misc:746 icu:0.75 pcu:159.25 scu:1400.00 tlayer:4 pbqpoffset:7.09 pbfactor:2.27 avgQpOffsetCutree:0.00;
in:48 out:33 type:k q:30.69 q-aq:23.92 q-noVbv:30.69 q-Rceq:1.32 tex:187871 mv:36381 misc:4788 icu:517.50 pcu:962.25 scu:80.25 tlayer:0 pbqpoffset:0.00 pbfactor:1.00 avgQpOffsetCutree:-6.82;
in:40 out:34 type:B q:32.16 q-aq:26.76 q-noVbv:32.16 q-Rceq:1.32 tex:50813 mv:19610 misc:4089 icu:375.75 pcu:946.00 scu:238.25 tlayer:1 pbqpoffset:2.11 pbfactor:1.28 avgQpOffsetCutree:-4.73;
in:36 out:35 type:B q:32.30 q-aq:28.88 q-noVbv:32.30 q-Rceq:1.32 tex:11733 mv:6524 misc:2335 icu:167.50 pcu:484.00 scu:908.50 tlayer:2 pbqpoffset:2.56 pbfactor:1.34 avgQpOffsetCutree:-3.26;
in:34 out:36 type:B q:32.71 q-aq:31.58 q-noVbv:32.71 q-Rceq:1.32 tex:7525 mv:5687 misc:1876 icu:45.75 pcu:375.75 scu:1138.50 tlayer:3 pbqpoffset:3.12 pbfactor:1.43 avgQpOffsetCutree:-1.72;
in:33 out:37 type:b q:36.47 q-aq:36.58 q-noVbv:36.47 q-Rceq:1.32 tex:358 mv:1621 misc:741 icu:1.25 pcu:105.00 scu:1453.75 tlayer:4 pbqpoffset:6.97 pbfactor:2.24 avgQpOffsetCutree:0.00;
in:35 out:38 type:b q:36.63 q-aq:37.00 q-noVbv:36.63 q-Rceq:1.32 tex:252 mv:1287 misc:613 icu:1.75 pcu:105.25 scu:1453.00 tlayer:4 pbqpoffset:6.97 pbfactor:2.24 avgQpOffsetCutree:0.00;
in:38 out:39 type:B q:33.47 q-aq:32.24 q-noVbv:33.47 q-Rceq:1.32 tex:4762 mv:4284 misc:1330 icu:43.25 pcu:458.50 scu:1058.25 tlayer:3 pbqpoffset:3.57 pbfactor:1.51 avgQpOffsetCutree:-1.72;
in:37 out:40 type:b q:36.79 q-aq:37.00 q-noVbv:36.79 q-Rceq:1.32 tex:250 mv:1349 misc:625 icu:0.75 pcu:175.75 scu:1383.50 tlayer:4 pbqpoffset:6.97 pbfactor:2.24 avgQpOffsetCutree:0.00;
in:39 out:41 type:b q:36.95 q-aq:37.00 q-noVbv:36.95 q-Rceq:1.32 tex:266 mv:1577 misc:685 icu:1.00 pcu:111.00 scu:1448.00 tlayer:4 pbqpoffset:6.97 pbfactor:2.24 avgQpOffsetCutree:0.00;
in:44 out:42 type:B q:33.04 q-aq:29.89 q-noVbv:33.04 q-Rceq:1.32 tex:10570 mv:5402 misc:1596 icu:179.00 pcu:373.25 scu:1007.75 tlayer:2 pbqpoffset:2.66 pbfactor:1.36 avgQpOffsetCutree:-3.28;
in:42 out:43 type:B q:34.01 q-aq:32.50 q-noVbv:34.01 q-Rceq:1.32 tex:4746 mv:4131 misc:1427 icu:36.50 pcu:334.00 scu:1189.50 tlayer:3 pbqpoffset:3.79 pbfactor:1.55 avgQpOffsetCutree:-1.72;
in:41 out:44 type:b q:37.11 q-aq:37.00 q-noVbv:37.11 q-Rceq:1.32 tex:275 mv:1263 misc:662 icu:5.00 pcu:126.75 scu:1428.25 tlayer:4 pbqpoffset:6.97 pbfactor:2.24 avgQpOffsetCutree:0.00;
in:43 out:45 type:b q:37.27 q-aq:37.00 q-noVbv:37.27 q-Rceq:1.32 tex:289 mv:1147 misc:612 icu:1.25 pcu:100.25 scu:1458.50 tlayer:4 pbqpoffset:6.97 pbfactor:2.24 avgQpOffsetCutree:0.00;
in:46 out:46 type:B q:33.82 q-aq:32.58 q-noVbv:33.82 q-Rceq:1.32 tex:5956 mv:4130 misc:1370 icu:80.50 pcu:316.75 scu:1162.75 tlayer:3 pbqpoffset:3.29 pbfactor:1.46 avgQpOffsetCutree:-1.68;
in:45 out:47 type:b q:37.42 q-aq:37.29 q-noVbv:37.42 q-Rceq:1.32 tex:471 mv:1305 misc:664 icu:7.25 pcu:123.25 scu:1429.50 tlayer:4 pbqpoffset:6.97 pbfactor:2.24 avgQpOffsetCutree:0.00;
in:47 out:48 type:b q:37.58 q-aq:38.00 q-noVbv:37.58 q-Rceq:1.32 tex:446 mv:1674 misc:784 icu:3.25 pcu:142.75 scu:1414.00 tlayer:4 pbqpoffset:6.97 pbfactor:2.24 avgQpOffsetCutree:0.00;
in:64 out:49 type:k q:30.01 q-aq:24.37 q-noVbv:30.01 q-Rceq:1.32 tex:321028 mv:61718 misc:2758 icu:1475.00 pcu:84.25 scu:0.75 tlayer:0 pbqpoffset:1.84 pbfactor:1.24 avgQpOffsetCutree:-6.95;
in:56 out:50 type:B q:32.50 q-aq:27.32 q-noVbv:32.50 q-Rceq:1.32 tex:77831 mv:27237 misc:4828 icu:378.25 pcu:969.50 scu:212.25 tlayer:1 pbqpoffset:2.15 pbfactor:1.28 avgQpOffsetCutree:-4.79;
in:52 out:51 type:B q:33.66 q-aq:30.54 q-noVbv:33.66 q-Rceq:1.32 tex:13127 mv:9181 misc:2172 icu:154.75 pcu:478.25 scu:927.00 tlayer:2 pbqpoffset:3.14 pbfactor:1.44 avgQpOffsetCutree:-3.32;
in:50 out:52 type:B q:34.62 q-aq:33.34 q-noVbv:34.62 q-Rceq:1.32 tex:5215 mv:6172 misc:1765 icu:56.75 pcu:358.50 scu:1144.75 tlayer:3 pbqpoffset:4.02 pbfactor:1.59 avgQpOffsetCutree:-1.78;
in:49 out:53 type:b q:37.66 q-aq:38.00 q-noVbv:37.66 q-Rceq:1.32 tex:241 mv:1669 misc:738 icu:0.50 pcu:102.50 scu:1457.00 tlayer:4 pbqpoffset:7.02 pbfactor:2.25 avgQpOffsetCutree:0.00;
in:51 out:54 type:b q:37.58 q-aq:38.00 q-noVbv:37.58 q-Rceq:1.32 tex:222 mv:1675 misc:719 icu:0.50 pcu:161.50 scu:1398.00 tlayer:4 pbqpoffset:7.02 pbfactor:2.25 avgQpOffsetCutree:0.00;
in:54 out:55 type:B q:34.45 q-aq:33.07 q-noVbv:34.45 q-Rceq:1.32 tex:5561 mv:6414 misc:1745 icu:34.75 pcu:358.75 scu:1166.50 tlayer:3 pbqpoffset:4.02 pbfactor:1.59 avgQpOffsetCutree:-1.75;
in:53 out:56 type:b q:37.49 q-aq:37.34 q-noVbv:37.49 q-Rceq:1.32 tex:334 mv:1482 misc:696 icu:0.50 pcu:126.75 scu:1432.75 tlayer:4 pbqpoffset:7.02 pbfactor:2.25 avgQpOffsetCutree:0.00;
in:55 out:57 type:b q:37.41 q-aq:37.05 q-noVbv:37.41 q-Rceq:1.32 tex:167 mv:1543 misc:682 icu:1.00 pcu:155.00 scu:1404.00 tlayer:4 pbqpoffset:7.02 pbfactor:2.25 avgQpOffsetCutree:0.00;
in:60 out:58 type:B q:33.23 q-aq:29.56 q-noVbv:33.23 q-Rceq:1.32 tex:16135 mv:9500 misc:2917 icu:125.75 pcu:538.50 scu:895.75 tlayer:2 pbqpoffset:3.05 pbfactor:1.42 avgQpOffsetCutree:-3.47;
in:58 out:59 type:B q:34.28 q-aq:32.87 q-noVbv:34.28 q-Rceq:1.32 tex:6342 mv:6756 misc:1878 icu:38.50 pcu:501.50 scu:1020.00 tlayer:3 pbqpoffset:4.02 pbfactor:1.59 avgQpOffsetCutree:-1.78;
in:57 out:60 type:b q:37.32 q-aq:37.00 q-noVbv:37.32 q-Rceq:1.32 tex:452 mv:1577 misc:715 icu:5.00 pcu:178.75 scu:1376.25 tlayer:4 pbqpoffset:7.02 pbfactor:2.25 avgQpOffsetCutree:0.00;
in:59 out:61 type:b q:37.24 q-aq:37.00 q-noVbv:37.24 q-Rceq:1.32 tex:94 mv:1394 misc:648 icu:0.00 pcu:124.50 scu:1435.50 tlayer:4 pbqpoffset:7.02 pbfactor:2.25 avgQpOffsetCutree:0.00;
in:62 out:62 type:B q:34.11 q-aq:32.55 q-noVbv:34.11 q-Rceq:1.32 tex:6096 mv:6497 misc:1711 icu:36.25 pcu:482.25 scu:1041.50 tlayer:3 pbqpoffset:4.02 pbfactor:1.59 avgQpOffsetCutree:-1.80;
in:61 out:63 type:b q:37.15 q-aq:37.00 q-noVbv:37.15 q-Rceq:1.32 tex:51 mv:1234 misc:603 icu:0.00 pcu:174.25 scu:1385.75 tlayer:4 pbqpoffset:7.02 pbfactor:2.25 avgQpOffsetCutree:0.00;
in:63 out:64 type:b q:37.07 q-aq:37.00 q-noVbv:37.07 q-Rceq:1.32 tex:413 mv:1455 misc:628 icu:6.25 pcu:161.00 scu:1392.75 tlayer:4 pbqpoffset:7.02 pbfactor:2.25 avgQpOffsetCutree:0.00;
in:80 out:65 type:k q:30.32 q-aq:23.39 q-noVbv:30.32 q-Rceq:1.32 tex:206869 mv:36026 misc:4361 icu:548.50 pcu:958.00 scu:53.50 tlayer:0 pbqpoffset:1.09 pbfactor:1.13 avgQpOffsetCutree:-6.93;
in:72 out:66 type:B q:32.34 q-aq:27.01 q-noVbv:32.34 q-Rceq:1.32 tex:56729 mv:22924 misc:4003 icu:302.50 pcu:1035.75 scu:221.75 tlayer:1 pbqpoffset:2.18 pbfactor:1.29 avgQpOffsetCutree:-4.81;
in:68 out:67 type:B q:32.46 q-aq:28.89 q-noVbv:32.46 q-Rceq:1.32 tex:14174 mv:8815 misc:2571 icu:107.50 pcu:610.75 scu:841.75 tlayer:2 pbqpoffset:2.38 pbfactor:1.32 avgQpOffsetCutree:-3.31;
in:66 out:68 type:B q:33.11 q-aq:31.45 q-noVbv:33.11 q-Rceq:1.32 tex:6086 mv:5884 misc:1718 icu:38.00 pcu:279.75 scu:1242.25 tlayer:3 pbqpoffset:3.07 pbfactor:1.43 avgQpOffsetCutree:-1.78;
in:65 out:69 type:b q:37.07 q-aq:37.12 q-noVbv:37.07 q-Rceq:1.32 tex:678 mv:1580 misc:694 icu:4.50 pcu:155.00 scu:1400.50 tlayer:4 pbqpoffset:7.04 pbfactor:2.26 avgQpOffsetCutree:0.00;
in:67 out:70 type:b q:37.11 q-aq:37.00 q-noVbv:37.11 q-Rceq:1.32 tex:760 mv:1384 misc:648 icu:9.00 pcu:124.75 scu:1426.25 tlayer:4 pbqpoffset:7.04 pbfactor:2.26 avgQpOffsetCutree:0.00;
in:70 out:71 type:B q:33.42 q-aq:32.31 q-noVbv:33.42 q-Rceq:1.32 tex:6937 mv:5106 misc:1517 icu:55.25 pcu:376.75 scu:1128.00 tlayer:3 pbqpoffset:3.29 pbfactor:1.46 avgQpOffsetCutree:-1.75;
in:69 out:72 type:b q:37.15 q-aq:37.12 q-noVbv:37.15 q-Rceq:1.32 tex:643 mv:1380 misc:657 icu:0.50 pcu:123.00 scu:1436.50 tlayer:4 pbqpoffset:7.04 pbfactor:2.26 avgQpOffsetCutree:0.00;
in:71 out:73 type:b q:37.19 q-aq:37.18 q-noVbv:37.19 q-Rceq:1.32 tex:1039 mv:1316 misc:645 icu:14.00 pcu:121.50 scu:1424.50 tlayer:4 pbqpoffset:7.04 pbfactor:2.26 avgQpOffsetCutree:0.00;
in:76 out:74 type:B q:32.71 q-aq:29.26 q-noVbv:32.71 q-Rceq:1.32 tex:12522 mv:6497 misc:1933 icu:116.00 pcu:514.25 scu:929.75 tlayer:2 pbqpoffset:2.46 pbfactor:1.33 avgQpOffsetCutree:-3.33;
in:74 out:75 type:B q:33.34 q-aq:32.03 q-noVbv:33.34 q-Rceq:1.32 tex:5838 mv:4549 misc:1549 icu:45.25 pcu:399.50 scu:1115.25 tlayer:3 pbqpoffset:3.13 pbfactor:1.44 avgQpOffsetCutree:-1.75;
in:73 out:76 type:b q:37.23 q-aq:37.15 q-noVbv:37.23 q-Rceq:1.32 tex:1202 mv:1250 misc:612 icu:7.75 pcu:139.00 scu:1413.25 tlayer:4 pbqpoffset:7.04 pbfactor:2.26 avgQpOffsetCutree:0.00;
in:75 out:77 type:b q:37.27 q-aq:37.15 q-noVbv:37.27 q-Rceq:1.32 tex:1365 mv:1337 misc:594 icu:18.50 pcu:143.75 scu:1397.75 tlayer:4 pbqpoffset:7.04 pbfactor:2.26 avgQpOffsetCutree:0.00;
in:78 out:78 type:B q:33.51 q-aq:32.32 q-noVbv:33.51 q-Rceq:1.32 tex:6456 mv:3807 misc:1225 icu:76.25 pcu:388.00 scu:1095.75 tlayer:3 pbqpoffset:3.23 pbfactor:1.45 avgQpOffsetCutree:-1.74;
in:77 out:79 type:b q:37.30 q-aq:37.53 q-noVbv:37.30 q-Rceq:1.32 tex:1374 mv:1419 misc:623 icu:20.00 pcu:142.50 scu:1397.50 tlayer:4 pbqpoffset:7.04 pbfactor:2.26 avgQpOffsetCutree:0.00;
in:79 out:80 type:b q:37.34 q-aq:37.06 q-noVbv:37.34 q-Rceq:1.32 tex:1735 mv:1545 misc:640 icu:34.50 pcu:106.50 scu:1419.00 tlayer:4 pbqpoffset:7.04 pbfactor:2.26 avgQpOffsetCutree:0.00;
in:96 out:81 type:k q:28.84 q-aq:22.80 q-noVbv:28.84 q-Rceq:1.32 tex:347340 mv:62857 misc:2835 icu:1493.25 pcu:66.25 scu:0.50 tlayer:0 pbqpoffset:0.97 pbfactor:1.12 avgQpOffsetCutree:-7.32;
in:88 out:82 type:B q:31.76 q-aq:26.55 q-noVbv:31.76 q-Rceq:1.32 tex:76517 mv:22905 misc:4458 icu:332.50 pcu:959.50 scu:268.00 tlayer:1 pbqpoffset:2.18 pbfactor:1.29 avgQpOffsetCutree:-4.71;
in:84 out:83 type:B q:33.99 q-aq:30.89 q-noVbv:33.99 q-Rceq:1.32 tex:7054 mv:5491 misc:1543 icu:160.75 pcu:353.75 scu:1045.50 tlayer:2 pbqpoffset:4.04 pbfactor:1.59 avgQpOffsetCutree:-3.29;
in:82 out:84 type:B q:34.18 q-aq:32.90 q-noVbv:34.18 q-Rceq:1.32 tex:5597 mv:3523 misc:1312 icu:91.75 pcu:281.75 scu:1186.50 tlayer:3 pbqpoffset:4.04 pbfactor:1.59 avgQpOffsetCutree:-1.71;
in:81 out:85 type:b q:37.27 q-aq:37.05 q-noVbv:37.27 q-Rceq:1.32 tex:1909 mv:1796 misc:663 icu:29.00 pcu:111.00 scu:1420.00 tlayer:4 pbqpoffset:7.04 pbfactor:2.26 avgQpOffsetCutree:0.00;
in:83 out:86 type:b q:37.09 q-aq:37.01 q-noVbv:37.09 q-Rceq:1.32 tex:1462 mv:1154 misc:560 icu:32.50 pcu:134.00 scu:1393.50 tlayer:4 pbqpoffset:7.04 pbfactor:2.26 avgQpOffsetCutree:0.00;
in:86 out:87 type:B q:33.81 q-aq:32.94 q-noVbv:33.81 q-Rceq:1.32 tex:5443 mv:3655 misc:1302 icu:70.00 pcu:268.00 scu:1222.00 tlayer:3 pbqpoffset:4.04 pbfactor:1.59 avgQpOffsetCutree:-1.73;
in:85 out:88 type:b q:36.90 q-aq:37.00 q-noVbv:36.90 q-Rceq:1.32 tex:1431 mv:1393 misc:672 icu:15.25 pcu:118.50 scu:1426.25 tlayer:4 pbqpoffset:7.04 pbfactor:2.26 avgQpOffsetCutree:0.00;
in:87 out:89 type:b q:36.72 q-aq:37.00 q-noVbv:36.72 q-Rceq:1.32 tex:1162 mv:1565 misc:673 icu:13.75 pcu:117.50 scu:1428.75 tlayer:4 pbqpoffset:7.04 pbfactor:2.26 avgQpOffsetCutree:0.00;
in:92 out:90 type:B q:32.57 q-aq:28.48 q-noVbv:32.57 q-Rceq:1.32 tex:13921 mv:6966 misc:3225 icu:86.75 pcu:746.00 scu:727.25 tlayer:2 pbqpoffset:3.36 pbfactor:1.47 avgQpOffsetCutree:-3.47;
in:90 out:91 type:B q:33.44 q-aq:31.83 q-noVbv:33.44 q-Rceq:1.32 tex:4400 mv:3884 misc:1740 icu:31.00 pcu:498.50 scu:1030.50 tlayer:3 pbqpoffset:4.04 pbfactor:1.59 avgQpOffsetCutree:-1.82;
in:89 out:92 type:b q:36.53 q-aq:37.00 q-noVbv:36.53 q-Rceq:1.32 tex:1037 mv:1540 misc:703 icu:18.00 pcu:187.50 scu:1354.50 tlayer:4 pbqpoffset:7.04 pbfactor:2.26 avgQpOffsetCutree:0.00;
in:91 out:93 type:b q:36.35 q-aq:36.03 q-noVbv:36.35 q-Rceq:1.32 tex:927 mv:1479 misc:650 icu:8.50 pcu:148.00 scu:1403.50 tlayer:4 pbqpoffset:7.04 pbfactor:2.26 avgQpOffsetCutree:0.00;
in:94 out:94 type:B q:33.07 q-aq:31.75 q-noVbv:33.07 q-Rceq:1.32 tex:6721 mv:4695 misc:1704 icu:24.00 pcu:411.75 scu:1124.25 tlayer:3 pbqpoffset:4.04 pbfactor:1.59 avgQpOffsetCutree:-1.80;
in:93 out:95 type:b q:36.16 q-aq:36.00 q-noVbv:36.16 q-Rceq:1.32 tex:814 mv:1282 misc:616 icu:3.25 pcu:129.25 scu:1427.50 tlayer:4 pbqpoffset:7.04 pbfactor:2.26 avgQpOffsetCutree:0.00;
in:95 out:96 type:b q:35.98 q-aq:36.00 q-noVbv:35.98 q-Rceq:1.32 tex:953 mv:1963 misc:756 icu:5.25 pcu:247.75 scu:1307.00 tlayer:4 pbqpoffset:7.04 pbfactor:2.26 avgQpOffsetCutree:0.00;
in:112 out:97 type:k q:27.82 q-aq:20.67 q-noVbv:27.82 q-Rceq:1.32 tex:299659 mv:44861 misc:4456 icu:376.25 pcu:1142.75 scu:41.00 tlayer:0 pbqpoffset:2.71 pbfactor:1.37 avgQpOffsetCutree:-7.31;
in:104 out:98 type:B q:30.53 q-aq:24.98 q-noVbv:30.53 q-Rceq:1.32 tex:65083 mv:25402 misc:4771 icu:193.75 pcu:1071.50 scu:294.75 tlayer:1 pbqpoffset:2.20 pbfactor:1.29 avgQpOffsetCutree:-4.91;
in:100 out:99 type:B q:30.78 q-aq:27.10 q-noVbv:30.78 q-Rceq:1.32 tex:17775 mv:9253 misc:2772 icu:96.00 pcu:554.75 scu:909.25 tlayer:2 pbqpoffset:2.20 pbfactor:1.29 avgQpOffsetCutree:-3.45;
in:98 out:100 type:B q:31.72 q-aq:30.40 q-noVbv:31.72 q-Rceq:1.32 tex:8973 mv:5693 misc:1646 icu:25.75 pcu:450.75 scu:1083.50 tlayer:3 pbqpoffset:3.01 pbfactor:1.42 avgQpOffsetCutree:-1.79;
in:97 out:101 type:b q:35.84 q-aq:36.00 q-noVbv:35.84 q-Rceq:1.32 tex:1328 mv:1989 misc:747 icu:3.50 pcu:114.75 scu:1441.75 tlayer:4 pbqpoffset:7.06 pbfactor:2.26 avgQpOffsetCutree:0.00;
in:99 out:102 type:b q:35.71 q-aq:36.00 q-noVbv:35.71 q-Rceq:1.32 tex:1151 mv:1515 misc:646 icu:5.50 pcu:73.25 scu:1481.25 tlayer:4 pbqpoffset:7.06 pbfactor:2.26 avgQpOffsetCutree:0.00;
in:102 out:103 type:B q:31.42 q-aq:30.04 q-noVbv:31.42 q-Rceq:1.32 tex:9610 mv:6628 misc:1778 icu:37.00 pcu:357.50 scu:1165.50 tlayer:3 pbqpoffset:2.96 pbfactor:1.41 avgQpOffsetCutree:-1.78;
in:101 out:104 type:b q:35.58 q-aq:36.00 q-noVbv:35.58 q-Rceq:1.32 tex:1213 mv:1686 misc:661 icu:1.50 pcu:163.25 scu:1395.25 tlayer:4 pbqpoffset:7.06 pbfactor:2.26 avgQpOffsetCutree:0.00;
in:103 out:105 type:b q:35.46 q-aq:35.73 q-noVbv:35.46 q-Rceq:1.32 tex:794 mv:1850 misc:812 icu:2.50 pcu:121.00 scu:1436.50 tlayer:4 pbqpoffset:7.06 pbfactor:2.26 avgQpOffsetCutree:0.00;
in:108 out:106 type:B q:30.27 q-aq:26.69 q-noVbv:30.27 q-Rceq:1.32 tex:20915 mv:9301 misc:2552 icu:79.00 pcu:584.75 scu:896.25 tlayer:2 pbqpoffset:2.20 pbfactor:1.29 avgQpOffsetCutree:-3.46;
in:106 out:107 type:B q:31.27 q-aq:30.08 q-noVbv:31.27 q-Rceq:1.32 tex:8712 mv:6230 misc:1834 icu:28.50 pcu:337.75 scu:1193.75 tlayer:3 pbqpoffset:3.07 pbfactor:1.43 avgQpOffsetCutree:-1.80;
in:105 out:108 type:b q:35.33 q-aq:35.14 q-noVbv:35.33 q-Rceq:1.32 tex:1118 mv:2146 misc:864 icu:6.75 pcu:127.25 scu:1426.00 tlayer:4 pbqpoffset:7.06 pbfactor:2.26 avgQpOffsetCutree:0.00;
in:107 out:109 type:b q:35.20 q-aq:35.33 q-noVbv:35.20 q-Rceq:1.32 tex:810 mv:1729 misc:725 icu:4.00 pcu:140.00 scu:1416.00 tlayer:4 pbqpoffset:7.06 pbfactor:2.26 avgQpOffsetCutree:0.00;
in:110 out:110 type:B q:31.09 q-aq:29.81 q-noVbv:31.09 q-Rceq:1.32 tex:10166 mv:6096 misc:1706 icu:41.00 pcu:356.75 scu:1162.25 tlayer:3 pbqpoffset:3.15 pbfactor:1.44 avgQpOffsetCutree:-1.79;
in:109 out:111 type:b q:35.07 q-aq:35.01 q-noVbv:35.07 q-Rceq:1.32 tex:841 mv:1452 misc:667 icu:2.25 pcu:117.50 scu:1440.25 tlayer:4 pbqpoffset:7.06 pbfactor:2.26 avgQpOffsetCutree:0.00;
in:111 out:112 type:b q:34.94 q-aq:35.00 q-noVbv:34.94 q-Rceq:1.32 tex:686 mv:1955 misc:711 icu:0.00 pcu:130.75 scu:1429.25 tlayer:4 pbqpoffset:7.06 pbfactor:2.26 avgQpOffsetCutree:0.00;
in:128 out:113 type:k q:28.09 q-aq:22.28 q-noVbv:28.09 q-Rceq:1.32 tex:365199 mv:65455 misc:3058 icu:1492.75 pcu:67.00 scu:0.25 tlayer:0 pbqpoffset:0.97 pbfactor:1.12 avgQpOffsetCutree:-7.36;
in:120 out:114 type:B q:30.20 q-aq:24.98 q-noVbv:30.20 q-Rceq:1.32 tex:85724 mv:25138 misc:4570 icu:173.00 pcu:1117.75 scu:269.25 tlayer:1 pbqpoffset:2.25 pbfactor:1.30 avgQpOffsetCutree:-4.98;
in:116 out:115 type:B q:31.57 q-aq:28.34 q-noVbv:31.57 q-Rceq:1.32 tex:13480 mv:8369 misc:2231 icu:63.25 pcu:550.00 scu:946.75 tlayer:2 pbqpoffset:3.68 pbfactor:1.53 avgQpOffsetCutree:-3.43;
in:114 out:116 type:B q:31.97 q-aq:30.56 q-noVbv:31.97 q-Rceq:1.32 tex:8074 mv:6095 misc:1567 icu:29.25 pcu:356.25 scu:1174.50 tlayer:3 pbqpoffset:4.12 pbfactor:1.61 avgQpOffsetCutree:-1.81;
in:113 out:117 type:b q:34.95 q-aq:35.00 q-noVbv:34.95 q-Rceq:1.32 tex:278 mv:1544 misc:650 icu:2.25 pcu:104.50 scu:1453.25 tlayer:4 pbqpoffset:7.12 pbfactor:2.28 avgQpOffsetCutree:0.00;
in:115 out:118 type:b q:34.98 q-aq:35.09 q-noVbv:34.98 q-Rceq:1.32 tex:413 mv:1509 misc:622 icu:2.75 pcu:81.25 scu:1476.00 tlayer:4 pbqpoffset:7.12 pbfactor:2.28 avgQpOffsetCutree:0.00;
in:118 out:119 type:B q:32.03 q-aq:30.81 q-noVbv:32.03 q-Rceq:1.32 tex:7271 mv:6129 misc:1568 icu:22.00 pcu:368.50 scu:1169.50 tlayer:3 pbqpoffset:4.12 pbfactor:1.61 avgQpOffsetCutree:-1.79;
in:117 out:120 type:b q:35.02 q-aq:35.00 q-noVbv:35.02 q-Rceq:1.32 tex:532 mv:1692 misc:696 icu:0.50 pcu:102.75 scu:1456.75 tlayer:4 pbqpoffset:7.12 pbfactor:2.28 avgQpOffsetCutree:0.00;
in:119 out:121 type:b q:35.05 q-aq:35.00 q-noVbv:35.05 q-Rceq:1.32 tex:714 mv:1484 misc:666 icu:1.50 pcu:109.50 scu:1449.00 tlayer:4 pbqpoffset:7.12 pbfactor:2.28 avgQpOffsetCutree:0.00;
in:124 out:122 type:B q:31.26 q-aq:27.20 q-noVbv:31.26 q-Rceq:1.32 tex:22997 mv:8870 misc:3205 icu:55.25 pcu:860.25 scu:644.50 tlayer:2 pbqpoffset:3.24 pbfactor:1.45 avgQpOffsetCutree:-3.63;
in:122 out:123 type:B q:32.10 q-aq:30.85 q-noVbv:32.10 q-Rceq:1.32 tex:6782 mv:5683 misc:1711 icu:24.00 pcu:522.00 scu:1014.00 tlayer:3 pbqpoffset:4.12 pbfactor:1.61 avgQpOffsetCutree:-1.83;
in:121 out:124 type:b q:35.09 q-aq:35.00 q-noVbv:35.09 q-Rceq:1.32 tex:547 mv:1436 misc:641 icu:0.50 pcu:96.75 scu:1462.75 tlayer:4 pbqpoffset:7.12 pbfactor:2.28 avgQpOffsetCutree:0.00;
in:123 out:125 type:b q:35.12 q-aq:35.00 q-noVbv:35.12 q-Rceq:1.32 tex:135 mv:1358 misc:563 icu:0.00 pcu:79.75 scu:1480.25 tlayer:4 pbqpoffset:7.12 pbfactor:2.28 avgQpOffsetCutree:0.00;
in:126 out:126 type:B q:32.17 q-aq:30.34 q-noVbv:32.17 q-Rceq:1.32 tex:6649 mv:5145 misc:1718 icu:12.00 pcu:409.25 scu:1138.75 tlayer:3 pbqpoffset:4.12 pbfactor:1.61 avgQpOffsetCutree:-1.87;
in:125 out:127 type:b q:35.15 q-aq:35.00 q-noVbv:35.15 q-Rceq:1.32 tex:138 mv:1121 misc:565 icu:2.25 pcu:89.75 scu:1468.00 tlayer:4 pbqpoffset:7.12 pbfactor:2.28 avgQpOffsetCutree:0.00;
in:127 out:128 type:b q:35.19 q-aq:35.00 q-noVbv:35.19 q-Rceq:1.32 tex:55 mv:1007 misc:538 icu:0.25 pcu:257.75 scu:1302.00 tlayer:4 pbqpoffset:7.12 pbfactor:2.28 avgQpOffsetCutree:0.00;
in:144 out:129 type:k q:27.36 q-aq:20.79 q-noVbv:27.36 q-Rceq:1.32 tex:280828 mv:41655 misc:4581 icu:494.50 pcu:1016.00 scu:49.50 tlayer:0 pbqpoffset:1.21 pbfactor:1.15 avgQpOffsetCutree:-6.77;
in:136 out:130 type:B q:29.99 q-aq:24.67 q-noVbv:29.99 q-Rceq:1.32 tex:74229 mv:24803 misc:4232 icu:229.25 pcu:1084.00 scu:246.75 tlayer:1 pbqpoffset:2.26 pbfactor:1.30 avgQpOffsetCutree:-4.89;
in:132 out:131 type:B q:30.45 q-aq:26.95 q-noVbv:30.45 q-Rceq:1.32 tex:17114 mv:8941 misc:2689 icu:65.25 pcu:600.25 scu:894.50 tlayer:2 pbqpoffset:2.54 pbfactor:1.34 avgQpOffsetCutree:-3.46;
in:130 out:132 type:B q:32.02 q-aq:30.38 q-noVbv:32.02 q-Rceq:1.32 tex:5931 mv:5650 misc:1715 icu:20.50 pcu:268.75 scu:1270.75 tlayer:3 pbqpoffset:4.02 pbfactor:1.59 avgQpOffsetCutree:-1.81;
in:129 out:133 type:b q:35.17 q-aq:35.00 q-noVbv:35.17 q-Rceq:1.32 tex:422 mv:1078 misc:572 icu:0.00 pcu:109.75 scu:1450.25 tlayer:4 pbqpoffset:7.13 pbfactor:2.28 avgQpOffsetCutree:0.00;
in:131 out:134 type:b q:35.08 q-aq:35.00 q-noVbv:35.08 q-Rceq:1.32 tex:267 mv:1022 misc:583 icu:0.00 pcu:66.50 scu:1493.50 tlayer:4 pbqpoffset:7.13 pbfactor:2.28 avgQpOffsetCutree:0.00;
in:134 out:135 type:B q:31.46 q-aq:30.06 q-noVbv:31.46 q-Rceq:1.32 tex:8792 mv:6540 misc:1628 icu:15.25 pcu:362.50 scu:1182.25 tlayer:3 pbqpoffset:3.65 pbfactor:1.52 avgQpOffsetCutree:-1.80;
in:133 out:136 type:b q:34.99 q-aq:35.00 q-noVbv:34.99 q-Rceq:1.32 tex:112 mv:1320 misc:640 icu:0.50 pcu:110.25 scu:1449.25 tlayer:4 pbqpoffset:7.13 pbfactor:2.28 avgQpOffsetCutree:0.00;
in:135 out:137 type:b q:34.90 q-aq:35.00 q-noVbv:34.90 q-Rceq:1.32 tex:437 mv:1231 misc:628 icu:1.00 pcu:99.00 scu:1460.00 tlayer:4 pbqpoffset:7.13 pbfactor:2.28 avgQpOffsetCutree:0.00;
in:140 out:138 type:B q:29.80 q-aq:26.41 q-noVbv:29.80 q-Rceq:1.32 tex:21942 mv:9617 misc:2857 icu:132.50 pcu:601.50 scu:826.00 tlayer:2 pbqpoffset:2.26 pbfactor:1.30 avgQpOffsetCutree:-3.38;
in:138 out:139 type:B q:30.92 q-aq:29.55 q-noVbv:30.92 q-Rceq:1.32 tex:10504 mv:7983 misc:2153 icu:35.50 pcu:466.75 scu:1057.75 tlayer:3 pbqpoffset:3.29 pbfactor:1.46 avgQpOffsetCutree:-1.79;
in:137 out:140 type:b q:34.81 q-aq:35.00 q-noVbv:34.81 q-Rceq:1.32 tex:275 mv:1351 misc:646 icu:0.00 pcu:112.00 scu:1448.00 tlayer:4 pbqpoffset:7.13 pbfactor:2.28 avgQpOffsetCutree:0.00;
in:139 out:141 type:b q:34.71 q-aq:35.00 q-noVbv:34.71 q-Rceq:1.32 tex:765 mv:1567 misc:788 icu:1.25 pcu:108.00 scu:1450.75 tlayer:4 pbqpoffset:7.13 pbfactor:2.28 avgQpOffsetCutree:0.00;
in:142 out:142 type:B q:30.63 q-aq:29.47 q-noVbv:30.63 q-Rceq:1.32 tex:11281 mv:6369 misc:2286 icu:53.25 pcu:352.50 scu:1154.25 tlayer:3 pbqpoffset:3.18 pbfactor:1.44 avgQpOffsetCutree:-1.75;
in:141 out:143 type:b q:34.62 q-aq:35.00 q-noVbv:34.62 q-Rceq:1.32 tex:506 mv:1711 misc:791 icu:2.50 pcu:124.50 scu:1433.00 tlayer:4 pbqpoffset:7.13 pbfactor:2.28 avgQpOffsetCutree:0.00;
in:143 out:144 type:b q:34.53 q-aq:35.00 q-noVbv:34.53 q-Rceq:1.32 tex:568 mv:1697 misc:823 icu:3.50 pcu:199.75 scu:1356.75 tlayer:4 pbqpoffset:7.13 pbfactor:2.28 avgQpOffsetCutree:0.00;
in:160 out:145 type:k q:28.30 q-aq:23.16 q-noVbv:28.30 q-Rceq:1.32 tex:340477 mv:63007 misc:2924 icu:1496.00 pcu:63.50 scu:0.50 tlayer:0 pbqpoffset:0.74 pbfactor:1.09 avgQpOffsetCutree:-6.87;
in:152 out:146 type:B q:30.17 q-aq:25.52 q-noVbv:30.17 q-Rceq:1.32 tex:103184 mv:27554 misc:4518 icu:405.25 pcu:901.00 scu:253.75 tlayer:1 pbqpoffset:2.34 pbfactor:1.31 avgQpOffsetCutree:-4.62;
in:148 out:147 type:B q:31.13 q-aq:27.78 q-noVbv:31.13 q-Rceq:1.32 tex:20722 mv:8905 misc:2629 icu:176.00 pcu:448.25 scu:935.75 tlayer:2 pbqpoffset:3.53 pbfactor:1.50 avgQpOffsetCutree:-3.39;
in:146 out:148 type:B q:31.68 q-aq:30.37 q-noVbv:31.68 q-Rceq:1.32 tex:7854 mv:5633 misc:1913 icu:47.75 pcu:307.25 scu:1205.00 tlayer:3 pbqpoffset:4.21 pbfactor:1.63 avgQpOffsetCutree:-1.79;
in:145 out:149 type:b q:34.63 q-aq:35.00 q-noVbv:34.63 q-Rceq:1.32 tex:931 mv:1500 misc:777 icu:2.50 pcu:85.50 scu:1472.00 tlayer:4 pbqpoffset:7.21 pbfactor:2.30 avgQpOffsetCutree:0.00;
in:147 out:150 type:b q:34.74 q-aq:35.00 q-noVbv:34.74 q-Rceq:1.32 tex:411 mv:1440 misc:781 icu:0.75 pcu:126.00 scu:1433.25 tlayer:4 pbqpoffset:7.21 pbfactor:2.30 avgQpOffsetCutree:0.00;
in:150 out:151 type:B q:31.92 q-aq:30.76 q-noVbv:31.92 q-Rceq:1.32 tex:8470 mv:6464 misc:1898 icu:49.00 pcu:405.50 scu:1105.50 tlayer:3 pbqpoffset:4.21 pbfactor:1.63 avgQpOffsetCutree:-1.78;
in:149 out:152 type:b q:34.86 q-aq:35.00 q-noVbv:34.86 q-Rceq:1.32 tex:206 mv:1251 misc:679 icu:0.50 pcu:132.75 scu:1426.75 tlayer:4 pbqpoffset:7.21 pbfactor:2.30 avgQpOffsetCutree:0.00;
in:151 out:153 type:b q:34.98 q-aq:35.00 q-noVbv:34.98 q-Rceq:1.32 tex:619 mv:1800 misc:829 icu:1.25 pcu:177.50 scu:1381.25 tlayer:4 pbqpoffset:7.21 pbfactor:2.30 avgQpOffsetCutree:0.00;
in:156 out:154 type:B q:31.13 q-aq:27.54 q-noVbv:31.13 q-Rceq:1.32 tex:24022 mv:9854 misc:3276 icu:133.50 pcu:710.50 scu:716.00 tlayer:2 pbqpoffset:3.07 pbfactor:1.43 avgQpOffsetCutree:-3.43;
in:154 out:155 type:B q:32.15 q-aq:30.81 q-noVbv:32.15 q-Rceq:1.32 tex:8389 mv:7830 misc:2237 icu:60.50 pcu:542.50 scu:957.00 tlayer:3 pbqpoffset:4.21 pbfactor:1.63 avgQpOffsetCutree:-1.75;
in:153 out:156 type:b q:35.09 q-aq:35.00 q-noVbv:35.09 q-Rceq:1.32 tex:1160 mv:1923 misc:853 icu:3.00 pcu:193.25 scu:1363.75 tlayer:4 pbqpoffset:7.21 pbfactor:2.30 avgQpOffsetCutree:0.00;
in:155 out:157 type:b q:35.21 q-aq:35.04 q-noVbv:35.21 q-Rceq:1.32 tex:596 mv:2008 misc:836 icu:1.75 pcu:182.50 scu:1375.75 tlayer:4 pbqpoffset:7.21 pbfactor:2.30 avgQpOffsetCutree:0.00;
in:158 out:158 type:B q:32.39 q-aq:31.14 q-noVbv:32.39 q-Rceq:1.32 tex:8477 mv:6993 misc:2186 icu:42.50 pcu:489.50 scu:1028.00 tlayer:3 pbqpoffset:4.21 pbfactor:1.63 avgQpOffsetCutree:-1.83;
in:157 out:159 type:b q:35.33 q-aq:35.17 q-noVbv:35.33 q-Rceq:1.32 tex:891 mv:2060 misc:849 icu:4.50 pcu:169.50 scu:1386.00 tlayer:4 pbqpoffset:7.21 pbfactor:2.30 avgQpOffsetCutree:0.00;
in:159 out:160 type:b q:35.45 q-aq:35.68 q-noVbv:35.45 q-Rceq:1.32 tex:445 mv:1881 misc:794 icu:2.50 pcu:339.25 scu:1218.25 tlayer:4 pbqpoffset:7.21 pbfactor:2.30 avgQpOffsetCutree:0.00;
in:176 out:161 type:k q:27.49 q-aq:21.28 q-noVbv:27.49 q-Rceq:1.32 tex:252415 mv:39798 misc:4123 icu:509.75 pcu:1022.25 scu:28.00 tlayer:0 pbqpoffset:1.30 pbfactor:1.16 avgQpOffsetCutree:-6.47;
in:168 out:162 type:B q:30.22 q-aq:25.32 q-noVbv:30.22 q-Rceq:1.32 tex:74763 mv:25171 misc:4458 icu:328.50 pcu:975.75 scu:255.75 tlayer:1 pbqpoffset:2.33 pbfactor:1.31 avgQpOffsetCutree:-4.61;
in:164 out:163 type:B q:30.43 q-aq:27.43 q-noVbv:30.43 q-Rceq:1.32 tex:20941 mv:10136 misc:2539 icu:208.25 pcu:526.00 scu:825.75 tlayer:2 pbqpoffset:2.33 pbfactor:1.31 avgQpOffsetCutree:-3.33;
in:162 out:164 type:B q:31.23 q-aq:29.79 q-noVbv:31.23 q-Rceq:1.32 tex:12624 mv:7717 misc:2315 icu:52.25 pcu:492.25 scu:1015.50 tlayer:3 pbqpoffset:3.04 pbfactor:1.42 avgQpOffsetCutree:-1.75;
in:161 out:165 type:b q:35.44 q-aq:35.19 q-noVbv:35.44 q-Rceq:1.32 tex:916 mv:1964 misc:864 icu:0.75 pcu:220.75 scu:1338.50 tlayer:4 pbqpoffset:7.20 pbfactor:2.30 avgQpOffsetCutree:0.00;
in:163 out:166 type:b q:35.34 q-aq:35.01 q-noVbv:35.34 q-Rceq:1.32 tex:410 mv:1599 misc:727 icu:2.75 pcu:148.75 scu:1408.50 tlayer:4 pbqpoffset:7.20 pbfactor:2.30 avgQpOffsetCutree:0.00;
in:166 out:167 type:B q:30.89 q-aq:29.62 q-noVbv:30.89 q-Rceq:1.32 tex:12640 mv:7135 misc:1881 icu:94.50 pcu:425.50 scu:1040.00 tlayer:3 pbqpoffset:2.89 pbfactor:1.40 avgQpOffsetCutree:-1.73;
in:165 out:168 type:b q:35.24 q-aq:35.01 q-noVbv:35.24 q-Rceq:1.32 tex:565 mv:1690 misc:785 icu:2.00 pcu:151.25 scu:1406.75 tlayer:4 pbqpoffset:7.20 pbfactor:2.30 avgQpOffsetCutree:0.00;
in:167 out:169 type:b q:35.14 q-aq:35.00 q-noVbv:35.14 q-Rceq:1.32 tex:527 mv:2177 misc:920 icu:2.00 pcu:194.75 scu:1363.25 tlayer:4 pbqpoffset:7.20 pbfactor:2.30 avgQpOffsetCutree:0.00;
in:172 out:170 type:B q:30.02 q-aq:26.58 q-noVbv:30.02 q-Rceq:1.32 tex:26557 mv:9842 misc:3049 icu:197.75 pcu:690.00 scu:672.25 tlayer:2 pbqpoffset:2.33 pbfactor:1.31 avgQpOffsetCutree:-3.27;
in:170 out:171 type:B q:30.56 q-aq:29.31 q-noVbv:30.56 q-Rceq:1.32 tex:14789 mv:7624 misc:2203 icu:78.75 pcu:486.00 scu:995.25 tlayer:3 pbqpoffset:2.77 pbfactor:1.38 avgQpOffsetCutree:-1.73;
in:169 out:172 type:b q:35.04 q-aq:35.08 q-noVbv:35.04 q-Rceq:1.32 tex:1130 mv:2333 misc:1001 icu:6.00 pcu:183.25 scu:1370.75 tlayer:4 pbqpoffset:7.20 pbfactor:2.30 avgQpOffsetCutree:0.00;
in:171 out:173 type:b q:34.94 q-aq:35.00 q-noVbv:34.94 q-Rceq:1.32 tex:1107 mv:2029 misc:880 icu:5.25 pcu:134.25 scu:1420.50 tlayer:4 pbqpoffset:7.20 pbfactor:2.30 avgQpOffsetCutree:0.00;
in:174 out:174 type:B q:30.67 q-aq:29.31 q-noVbv:30.67 q-Rceq:1.32 tex:11785 mv:6817 misc:2062 icu:69.25 pcu:485.25 scu:1005.50 tlayer:3 pbqpoffset:3.08 pbfactor:1.43 avgQpOffsetCutree:-1.73;
in:173 out:175 type:b q:34.83 q-aq:35.00 q-noVbv:34.83 q-Rceq:1.32 tex:1336 mv:1901 misc:883 icu:1.00 pcu:192.00 scu:1367.00 tlayer:4 pbqpoffset:7.20 pbfactor:2.30 avgQpOffsetCutree:0.00;
in:175 out:176 type:b q:34.73 q-aq:35.00 q-noVbv:34.73 q-Rceq:1.32 tex:1029 mv:1982 misc:901 icu:2.00 pcu:173.25 scu:1384.75 tlayer:4 pbqpoffset:7.20 pbfactor:2.30 avgQpOffsetCutree:0.00;
in:192 out:177 type:k q:28.44 q-aq:23.53 q-noVbv:28.44 q-Rceq:1.32 tex:314168 mv:59435 misc:3173 icu:1516.25 pcu:42.75 scu:1.00 tlayer:0 pbqpoffset:0.79 pbfactor:1.10 avgQpOffsetCutree:-6.62;
in:184 out:178 type:B q:30.26 q-aq:25.80 q-noVbv:30.26 q-Rceq:1.32 tex:96420 mv:22593 misc:4691 icu:399.25 pcu:982.75 scu:178.00 tlayer:1 pbqpoffset:2.30 pbfactor:1.30 avgQpOffsetCutree:-4.53;
in:180 out:179 type:B q:31.23 q-aq:28.54 q-noVbv:31.23 q-Rceq:1.32 tex:18174 mv:6884 misc:2430 icu:234.75 pcu:566.50 scu:758.75 tlayer:2 pbqpoffset:3.50 pbfactor:1.50 avgQpOffsetCutree:-3.15;
in:178 out:180 type:B q:31.77 q-aq:30.70 q-noVbv:31.77 q-Rceq:1.32 tex:11750 mv:5203 misc:1671 icu:131.75 pcu:351.25 scu:1077.00 tlayer:3 pbqpoffset:4.16 pbfactor:1.62 avgQpOffsetCutree:-1.69;
in:177 out:181 type:b q:34.71 q-aq:35.00 q-noVbv:34.71 q-Rceq:1.32 tex:1613 mv:2587 misc:1040 icu:6.00 pcu:210.25 scu:1343.75 tlayer:4 pbqpoffset:7.16 pbfactor:2.29 avgQpOffsetCutree:0.00;
in:179 out:182 type:b q:34.83 q-aq:35.00 q-noVbv:34.83 q-Rceq:1.32 tex:2177 mv:2160 misc:975 icu:9.50 pcu:179.25 scu:1371.25 tlayer:4 pbqpoffset:7.16 pbfactor:2.29 avgQpOffsetCutree:0.00;
in:182 out:183 type:B q:32.01 q-aq:31.00 q-noVbv:32.01 q-Rceq:1.32 tex:9681 mv:5264 misc:2023 icu:48.25 pcu:478.25 scu:1033.50 tlayer:3 pbqpoffset:4.16 pbfactor:1.62 avgQpOffsetCutree:-1.70;
in:181 out:184 type:b q:34.95 q-aq:35.00 q-noVbv:34.95 q-Rceq:1.32 tex:1740 mv:1940 misc:872 icu:5.25 pcu:250.00 scu:1304.75 tlayer:4 pbqpoffset:7.16 pbfactor:2.29 avgQpOffsetCutree:0.00;
in:183 out:185 type:b q:35.07 q-aq:35.11 q-noVbv:35.07 q-Rceq:1.32 tex:1613 mv:1972 misc:911 icu:13.50 pcu:175.00 scu:1371.50 tlayer:4 pbqpoffset:7.16 pbfactor:2.29 avgQpOffsetCutree:0.00;
in:188 out:186 type:B q:31.09 q-aq:27.64 q-noVbv:31.09 q-Rceq:1.32 tex:25767 mv:8795 misc:3710 icu:196.00 pcu:707.25 scu:656.75 tlayer:2 pbqpoffset:2.89 pbfactor:1.40 avgQpOffsetCutree:-3.36;
in:186 out:187 type:B q:31.96 q-aq:30.76 q-noVbv:31.96 q-Rceq:1.32 tex:10749 mv:6379 misc:1992 icu:82.75 pcu:629.25 scu:848.00 tlayer:3 pbqpoffset:3.88 pbfactor:1.57 avgQpOffsetCutree:-1.73;
in:185 out:188 type:b q:35.18 q-aq:35.34 q-noVbv:35.18 q-Rceq:1.32 tex:1940 mv:2368 misc:1044 icu:13.50 pcu:211.00 scu:1335.50 tlayer:4 pbqpoffset:7.16 pbfactor:2.29 avgQpOffsetCutree:0.00;
in:187 out:189 type:b q:35.30 q-aq:35.13 q-noVbv:35.30 q-Rceq:1.32 tex:1578 mv:2174 misc:1072 icu:8.75 pcu:217.75 scu:1333.50 tlayer:4 pbqpoffset:7.16 pbfactor:2.29 avgQpOffsetCutree:0.00;
in:190 out:190 type:B q:32.01 q-aq:30.93 q-noVbv:32.01 q-Rceq:1.32 tex:12655 mv:6936 misc:2361 icu:60.00 pcu:637.00 scu:863.00 tlayer:3 pbqpoffset:3.69 pbfactor:1.53 avgQpOffsetCutree:-1.71;
in:189 out:191 type:b q:35.42 q-aq:35.64 q-noVbv:35.42 q-Rceq:1.32 tex:1707 mv:2212 misc:1025 icu:11.75 pcu:201.00 scu:1347.25 tlayer:4 pbqpoffset:7.16 pbfactor:2.29 avgQpOffsetCutree:0.00;
in:191 out:192 type:b q:35.54 q-aq:36.00 q-noVbv:35.54 q-Rceq:1.32 tex:1554 mv:2042 misc:996 icu:10.00 pcu:179.25 scu:1370.75 tlayer:4 pbqpoffset:7.16 pbfactor:2.29 avgQpOffsetCutree:0.00;
in:208 out:193 type:k q:27.65 q-aq:21.49 q-noVbv:27.65 q-Rceq:1.32 tex:282618 mv:42245 misc:4465 icu:598.75 pcu:909.25 scu:52.00 tlayer:0 pbqpoffset:1.30 pbfactor:1.16 avgQpOffsetCutree:-6.67;
in:200 out:194 type:B q:30.41 q-aq:25.69 q-noVbv:30.41 q-Rceq:1.32 tex:85824 mv:27601 misc:4583 icu:361.25 pcu:972.50 scu:226.25 tlayer:1 pbqpoffset:2.37 pbfactor:1.31 avgQpOffsetCutree:-4.61;
in:196 out:195 type:B q:30.61 q-aq:27.24 q-noVbv:30.61 q-Rceq:1.32 tex:23285 mv:11461 misc:3166 icu:109.50 pcu:726.75 scu:723.75 tlayer:2 pbqpoffset:2.37 pbfactor:1.31 avgQpOffsetCutree:-3.36;
in:194 out:196 type:B q:31.43 q-aq:30.14 q-noVbv:31.43 q-Rceq:1.32 tex:11111 mv:6943 misc:2298 icu:23.25 pcu:509.00 scu:1027.75 tlayer:3 pbqpoffset:3.09 pbfactor:1.43 avgQpOffsetCutree:-1.76;
in:193 out:197 type:b q:35.37 q-aq:35.42 q-noVbv:35.37 q-Rceq:1.32 tex:1606 mv:2828 misc:1166 icu:10.50 pcu:219.00 scu:1330.50 tlayer:4 pbqpoffset:6.98 pbfactor:2.24 avgQpOffsetCutree:0.00;
in:195 out:198 type:b q:35.52 q-aq:36.00 q-noVbv:35.52 q-Rceq:1.32 tex:1081 mv:2197 misc:1034 icu:2.50 pcu:219.00 scu:1338.50 tlayer:4 pbqpoffset:7.23 pbfactor:2.31 avgQpOffsetCutree:0.00;
in:198 out:199 type:B q:31.26 q-aq:29.81 q-noVbv:31.26 q-Rceq:1.32 tex:12831 mv:7514 misc:2303 icu:22.25 pcu:424.25 scu:1113.50 tlayer:3 pbqpoffset:3.12 pbfactor:1.43 avgQpOffsetCutree:-1.78;
in:197 out:200 type:b q:35.42 q-aq:35.73 q-noVbv:35.42 q-Rceq:1.32 tex:768 mv:1957 misc:955 icu:1.00 pcu:171.75 scu:1387.25 tlayer:4 pbqpoffset:7.23 pbfactor:2.31 avgQpOffsetCutree:0.00;
in:199 out:201 type:b q:35.32 q-aq:35.40 q-noVbv:35.32 q-Rceq:1.32 tex:1050 mv:2132 misc:970 icu:1.50 pcu:171.25 scu:1387.25 tlayer:4 pbqpoffset:7.23 pbfactor:2.31 avgQpOffsetCutree:0.00;
in:204 out:202 type:B q:30.46 q-aq:27.11 q-noVbv:30.46 q-Rceq:1.32 tex:24371 mv:10978 misc:2899 icu:146.75 pcu:701.50 scu:711.75 tlayer:2 pbqpoffset:2.61 pbfactor:1.35 avgQpOffsetCutree:-3.30;
in:202 out:203 type:B q:31.14 q-aq:29.78 q-noVbv:31.14 q-Rceq:1.32 tex:12069 mv:7414 misc:2405 icu:29.50 pcu:509.75 scu:1020.75 tlayer:3 pbqpoffset:3.20 pbfactor:1.45 avgQpOffsetCutree:-1.73;
in:201 out:204 type:b q:35.22 q-aq:35.00 q-noVbv:35.22 q-Rceq:1.32 tex:1103 mv:2010 misc:871 icu:0.75 pcu:198.00 scu:1361.25 tlayer:4 pbqpoffset:7.23 pbfactor:2.31 avgQpOffsetCutree:0.00;
in:203 out:205 type:b q:35.12 q-aq:35.00 q-noVbv:35.12 q-Rceq:1.32 tex:584 mv:1854 misc:842 icu:1.00 pcu:169.75 scu:1389.25 tlayer:4 pbqpoffset:7.23 pbfactor:2.31 avgQpOffsetCutree:0.00;
in:206 out:206 type:B q:31.30 q-aq:29.92 q-noVbv:31.30 q-Rceq:1.32 tex:9596 mv:6101 misc:2271 icu:43.00 pcu:420.75 scu:1096.25 tlayer:3 pbqpoffset:3.55 pbfactor:1.51 avgQpOffsetCutree:-1.74;
in:205 out:207 type:b q:35.03 q-aq:35.00 q-noVbv:35.03 q-Rceq:1.32 tex:886 mv:1673 misc:737 icu:1.50 pcu:140.75 scu:1417.75 tlayer:4 pbqpoffset:7.23 pbfactor:2.31 avgQpOffsetCutree:0.00;
in:207 out:208 type:b q:34.93 q-aq:35.00 q-noVbv:34.93 q-Rceq:1.32 tex:467 mv:1491 misc:762 icu:1.50 pcu:156.75 scu:1401.75 tlayer:4 pbqpoffset:7.23 pbfactor:2.31 avgQpOffsetCutree:0.00;
in:224 out:209 type:k q:27.68 q-aq:21.89 q-noVbv:27.68 q-Rceq:1.32 tex:344309 mv:57898 misc:3057 icu:1514.50 pcu:45.00 scu:0.50 tlayer:0 pbqpoffset:0.83 pbfactor:1.10 avgQpOffsetCutree:-7.26;
in:216 out:210 type:B q:29.95 q-aq:25.45 q-noVbv:29.95 q-Rceq:1.32 tex:106862 mv:25979 misc:4239 icu:404.50 pcu:942.50 scu:213.00 tlayer:1 pbqpoffset:2.29 pbfactor:1.30 avgQpOffsetCutree:-4.58;
in:212 out:211 type:B q:31.08 q-aq:27.74 q-noVbv:31.08 q-Rceq:1.32 tex:21588 mv:9597 misc:2807 icu:122.75 pcu:694.75 scu:742.50 tlayer:2 pbqpoffset:3.42 pbfactor:1.48 avgQpOffsetCutree:-3.22;
in:210 out:212 type:B q:31.80 q-aq:30.60 q-noVbv:31.80 q-Rceq:1.32 tex:9211 mv:6250 misc:2035 icu:49.50 pcu:440.00 scu:1070.50 tlayer:3 pbqpoffset:4.15 pbfactor:1.62 avgQpOffsetCutree:-1.69;
in:209 out:213 type:b q:34.80 q-aq:35.00 q-noVbv:34.80 q-Rceq:1.32 tex:932 mv:1987 misc:809 icu:4.00 pcu:118.25 scu:1437.75 tlayer:4 pbqpoffset:7.15 pbfactor:2.28 avgQpOffsetCutree:0.00;
in:211 out:214 type:b q:34.81 q-aq:35.00 q-noVbv:34.81 q-Rceq:1.32 tex:1040 mv:1418 misc:670 icu:3.75 pcu:205.75 scu:1350.50 tlayer:4 pbqpoffset:7.15 pbfactor:2.28 avgQpOffsetCutree:0.00;
in:214 out:215 type:B q:31.81 q-aq:30.55 q-noVbv:31.81 q-Rceq:1.32 tex:8980 mv:6062 misc:2214 icu:27.50 pcu:543.75 scu:988.75 tlayer:3 pbqpoffset:4.15 pbfactor:1.62 avgQpOffsetCutree:-1.71;
in:213 out:216 type:b q:34.81 q-aq:35.00 q-noVbv:34.81 q-Rceq:1.32 tex:950 mv:1565 misc:717 icu:0.75 pcu:253.75 scu:1305.50 tlayer:4 pbqpoffset:7.15 pbfactor:2.28 avgQpOffsetCutree:0.00;
in:215 out:217 type:b q:34.81 q-aq:35.00 q-noVbv:34.81 q-Rceq:1.32 tex:559 mv:1387 misc:774 icu:3.25 pcu:173.25 scu:1383.50 tlayer:4 pbqpoffset:7.15 pbfactor:2.28 avgQpOffsetCutree:0.00;
in:220 out:218 type:B q:30.95 q-aq:27.42 q-noVbv:30.95 q-Rceq:1.32 tex:23064 mv:10262 misc:3730 icu:124.00 pcu:779.25 scu:656.75 tlayer:2 pbqpoffset:3.28 pbfactor:1.46 avgQpOffsetCutree:-3.45;
in:218 out:219 type:B q:31.67 q-aq:30.35 q-noVbv:31.67 q-Rceq:1.32 tex:7608 mv:5433 misc:2175 icu:44.00 pcu:553.50 scu:962.50 tlayer:3 pbqpoffset:4.00 pbfactor:1.59 avgQpOffsetCutree:-1.76;
in:217 out:220 type:b q:34.82 q-aq:35.00 q-noVbv:34.82 q-Rceq:1.32 tex:619 mv:1734 misc:847 icu:2.00 pcu:205.50 scu:1352.50 tlayer:4 pbqpoffset:7.15 pbfactor:2.28 avgQpOffsetCutree:0.00;
in:219 out:221 type:b q:34.82 q-aq:35.00 q-noVbv:34.82 q-Rceq:1.32 tex:404 mv:1390 misc:726 icu:3.00 pcu:156.50 scu:1400.50 tlayer:4 pbqpoffset:7.15 pbfactor:2.28 avgQpOffsetCutree:0.00;
in:222 out:222 type:B q:31.83 q-aq:30.79 q-noVbv:31.83 q-Rceq:1.32 tex:7015 mv:5341 misc:1980 icu:25.00 pcu:483.25 scu:1051.75 tlayer:3 pbqpoffset:4.15 pbfactor:1.62 avgQpOffsetCutree:-1.71;
in:221 out:223 type:b q:34.83 q-aq:35.00 q-noVbv:34.83 q-Rceq:1.32 tex:444 mv:1456 misc:700 icu:0.50 pcu:113.75 scu:1445.75 tlayer:4 pbqpoffset:7.15 pbfactor:2.28 avgQpOffsetCutree:0.00;
in:223 out:224 type:b q:34.83 q-aq:35.00 q-noVbv:34.83 q-Rceq:1.32 tex:692 mv:1396 misc:680 icu:6.75 pcu:144.75 scu:1408.50 tlayer:4 pbqpoffset:7.15 pbfactor:2.28 avgQpOffsetCutree:0.00;
in:240 out:225 type:k q:26.76 q-aq:19.64 q-noVbv:26.76 q-Rceq:1.32 tex:313702 mv:44534 misc:4388 icu:427.75 pcu:1094.25 scu:38.00 tlayer:0 pbqpoffset:1.41 pbfactor:1.18 avgQpOffsetCutree:-7.39;
in:232 out:226 type:B q:29.44 q-aq:24.06 q-noVbv:29.44 q-Rceq:1.32 tex:78041 mv:24420 misc:4579 icu:168.25 pcu:1102.00 scu:289.75 tlayer:1 pbqpoffset:2.22 pbfactor:1.29 avgQpOffsetCutree:-4.90;
in:228 out:227 type:B q:30.02 q-aq:26.86 q-noVbv:30.02 q-Rceq:1.32 tex:17764 mv:7972 misc:2800 icu:53.50 pcu:654.75 scu:851.75 tlayer:2 pbqpoffset:2.57 pbfactor:1.35 avgQpOffsetCutree:-3.35;
in:226 out:228 type:B q:30.94 q-aq:29.86 q-noVbv:30.94 q-Rceq:1.32 tex:6144 mv:4771 misc:1701 icu:18.25 pcu:334.00 scu:1207.75 tlayer:3 pbqpoffset:3.37 pbfactor:1.48 avgQpOffsetCutree:-1.74;
in:225 out:229 type:b q:34.71 q-aq:35.00 q-noVbv:34.71 q-Rceq:1.32 tex:473 mv:1289 misc:678 icu:0.50 pcu:106.25 scu:1453.25 tlayer:4 pbqpoffset:7.08 pbfactor:2.27 avgQpOffsetCutree:0.00;
in:227 out:230 type:b q:34.59 q-aq:35.00 q-noVbv:34.59 q-Rceq:1.32 tex:793 mv:1254 misc:673 icu:3.75 pcu:59.50 scu:1496.75 tlayer:4 pbqpoffset:7.08 pbfactor:2.27 avgQpOffsetCutree:0.00;
in:230 out:231 type:B q:30.52 q-aq:29.62 q-noVbv:30.52 q-Rceq:1.32 tex:8101 mv:5699 misc:1728 icu:15.25 pcu:312.00 scu:1232.75 tlayer:3 pbqpoffset:3.18 pbfactor:1.44 avgQpOffsetCutree:-1.77;
in:229 out:232 type:b q:34.48 q-aq:34.62 q-noVbv:34.48 q-Rceq:1.32 tex:178 mv:1318 misc:712 icu:1.75 pcu:92.25 scu:1466.00 tlayer:4 pbqpoffset:7.08 pbfactor:2.27 avgQpOffsetCutree:0.00;
in:231 out:233 type:b q:34.36 q-aq:34.53 q-noVbv:34.36 q-Rceq:1.32 tex:613 mv:1415 misc:652 icu:0.00 pcu:119.50 scu:1440.50 tlayer:4 pbqpoffset:7.08 pbfactor:2.27 avgQpOffsetCutree:0.00;
in:236 out:234 type:B q:29.67 q-aq:26.31 q-noVbv:29.67 q-Rceq:1.32 tex:18400 mv:9225 misc:2647 icu:30.50 pcu:554.25 scu:975.25 tlayer:2 pbqpoffset:2.68 pbfactor:1.36 avgQpOffsetCutree:-3.44;
in:234 out:235 type:B q:30.40 q-aq:29.23 q-noVbv:30.40 q-Rceq:1.32 tex:9601 mv:5147 misc:1676 icu:5.25 pcu:307.00 scu:1247.75 tlayer:3 pbqpoffset:3.29 pbfactor:1.46 avgQpOffsetCutree:-1.76;
in:233 out:236 type:b q:34.25 q-aq:34.27 q-noVbv:34.25 q-Rceq:1.32 tex:724 mv:1424 misc:716 icu:1.75 pcu:139.25 scu:1419.00 tlayer:4 pbqpoffset:7.08 pbfactor:2.27 avgQpOffsetCutree:0.00;
in:235 out:237 type:b q:34.13 q-aq:34.27 q-noVbv:34.13 q-Rceq:1.32 tex:900 mv:909 misc:567 icu:0.75 pcu:33.00 scu:1526.25 tlayer:4 pbqpoffset:7.08 pbfactor:2.27 avgQpOffsetCutree:0.00;
in:238 out:238 type:B q:30.58 q-aq:29.36 q-noVbv:30.58 q-Rceq:1.32 tex:6229 mv:4164 misc:1431 icu:12.75 pcu:320.50 scu:1226.75 tlayer:3 pbqpoffset:3.70 pbfactor:1.53 avgQpOffsetCutree:-1.78;
in:237 out:239 type:b q:34.02 q-aq:34.00 q-noVbv:34.02 q-Rceq:1.32 tex:544 mv:1028 misc:524 icu:0.25 pcu:68.25 scu:1491.50 tlayer:4 pbqpoffset:7.08 pbfactor:2.27 avgQpOffsetCutree:0.00;
in:239 out:240 type:b q:33.91 q-aq:34.00 q-noVbv:33.91 q-Rceq:1.32 tex:600 mv:1098 misc:582 icu:2.25 pcu:70.00 scu:1487.75 tlayer:4 pbqpoffset:7.08 pbfactor:2.27 avgQpOffsetCutree:0.00;
in:256 out:241 type:k q:27.06 q-aq:20.88 q-noVbv:27.06 q-Rceq:1.32 tex:374952 mv:60931 misc:2981 icu:1505.50 pcu:54.25 scu:0.25 tlayer:0 pbqpoffset:0.85 pbfactor:1.10 avgQpOffsetCutree:-7.71;
in:248 out:242 type:B q:29.22 q-aq:23.88 q-noVbv:29.22 q-Rceq:1.32 tex:101840 mv:23927 misc:4481 icu:115.25 pcu:1222.50 scu:222.25 tlayer:1 pbqpoffset:2.31 pbfactor:1.31 avgQpOffsetCutree:-5.02;
in:244 out:243 type:B q:30.95 q-aq:27.43 q-noVbv:30.95 q-Rceq:1.32 tex:11048 mv:5679 misc:2329 icu:21.75 pcu:544.00 scu:994.25 tlayer:2 pbqpoffset:4.11 pbfactor:1.61 avgQpOffsetCutree:-3.43;
in:242 out:244 type:B q:30.91 q-aq:29.49 q-noVbv:30.91 q-Rceq:1.32 tex:5992 mv:3797 misc:1411 icu:10.75 pcu:343.25 scu:1206.00 tlayer:3 pbqpoffset:4.11 pbfactor:1.61 avgQpOffsetCutree:-1.77;
in:241 out:245 type:b q:33.89 q-aq:34.00 q-noVbv:33.89 q-Rceq:1.32 tex:747 mv:1333 misc:720 icu:2.00 pcu:97.00 scu:1461.00 tlayer:4 pbqpoffset:7.11 pbfactor:2.27 avgQpOffsetCutree:0.00;
in:243 out:246 type:b q:33.93 q-aq:34.00 q-noVbv:33.93 q-Rceq:1.32 tex:496 mv:838 misc:538 icu:3.00 pcu:42.75 scu:1514.25 tlayer:4 pbqpoffset:7.11 pbfactor:2.27 avgQpOffsetCutree:0.00;
in:246 out:247 type:B q:30.99 q-aq:29.62 q-noVbv:30.99 q-Rceq:1.32 tex:6480 mv:3724 misc:1508 icu:10.25 pcu:377.00 scu:1172.75 tlayer:3 pbqpoffset:4.11 pbfactor:1.61 avgQpOffsetCutree:-1.77;
in:245 out:248 type:b q:33.97 q-aq:34.01 q-noVbv:33.97 q-Rceq:1.32 tex:969 mv:844 misc:483 icu:1.00 pcu:106.00 scu:1453.00 tlayer:4 pbqpoffset:7.11 pbfactor:2.27 avgQpOffsetCutree:0.00;
in:247 out:249 type:b q:34.00 q-aq:34.00 q-noVbv:34.00 q-Rceq:1.32 tex:174 mv:846 misc:540 icu:0.50 pcu:29.00 scu:1530.50 tlayer:4 pbqpoffset:7.11 pbfactor:2.27 avgQpOffsetCutree:0.00;
in:252 out:250 type:B q:30.83 q-aq:26.80 q-noVbv:30.83 q-Rceq:1.32 tex:18632 mv:6654 misc:2930 icu:15.50 pcu:732.25 scu:812.25 tlayer:2 pbqpoffset:3.84 pbfactor:1.56 avgQpOffsetCutree:-3.60;
in:250 out:251 type:B q:31.06 q-aq:29.46 q-noVbv:31.06 q-Rceq:1.32 tex:7277 mv:4125 misc:1854 icu:5.75 pcu:554.25 scu:1000.00 tlayer:3 pbqpoffset:4.11 pbfactor:1.61 avgQpOffsetCutree:-1.80;
in:249 out:252 type:b q:34.04 q-aq:34.00 q-noVbv:34.04 q-Rceq:1.32 tex:449 mv:827 misc:516 icu:0.50 pcu:68.50 scu:1491.00 tlayer:4 pbqpoffset:7.11 pbfactor:2.27 avgQpOffsetCutree:0.00;
in:251 out:253 type:b q:34.08 q-aq:34.20 q-noVbv:34.08 q-Rceq:1.32 tex:377 mv:828 misc:483 icu:0.50 pcu:78.25 scu:1481.25 tlayer:4 pbqpoffset:7.11 pbfactor:2.27 avgQpOffsetCutree:0.00;
in:254 out:254 type:B q:31.13 q-aq:29.62 q-noVbv:31.13 q-Rceq:1.32 tex:5312 mv:3345 misc:1503 icu:4.50 pcu:367.25 scu:1188.25 tlayer:3 pbqpoffset:4.11 pbfactor:1.61 avgQpOffsetCutree:-1.81;
in:253 out:255 type:b q:34.12 q-aq:34.00 q-noVbv:34.12 q-Rceq:1.32 tex:124 mv:638 misc:438 icu:0.25 pcu:48.00 scu:1511.75 tlayer:4 pbqpoffset:7.11 pbfactor:2.27 avgQpOffsetCutree:0.00;
in:255 out:256 type:b q:34.15 q-aq:34.12 q-noVbv:34.15 q-Rceq:1.32 tex:524 mv:778 misc:482 icu:0.50 pcu:103.75 scu:1455.75 tlayer:4 pbqpoffset:7.11 pbfactor:2.27 avgQpOffsetCutree:0.00;
in:272 out:257 type:k q:25.53 q-aq:18.24 q-noVbv:25.53 q-Rceq:1.32 tex:359510 mv:44624 misc:4658 icu:338.50 pcu:1174.50 scu:47.00 tlayer:0 pbqpoffset:1.56 pbfactor:1.20 avgQpOffsetCutree:-7.56;
in:264 out:258 type:B q:28.50 q-aq:22.68 q-noVbv:28.50 q-Rceq:1.32 tex:70843 mv:23907 misc:4626 icu:104.00 pcu:1200.25 scu:255.75 tlayer:1 pbqpoffset:2.21 pbfactor:1.29 avgQpOffsetCutree:-5.14;
in:260 out:259 type:B q:29.87 q-aq:26.33 q-noVbv:29.87 q-Rceq:1.32 tex:8365 mv:5001 misc:2138 icu:10.00 pcu:411.00 scu:1139.00 tlayer:2 pbqpoffset:3.19 pbfactor:1.45 avgQpOffsetCutree:-3.53;
in:258 out:260 type:B q:30.79 q-aq:29.27 q-noVbv:30.79 q-Rceq:1.32 tex:4620 mv:3104 misc:1292 icu:2.00 pcu:219.00 scu:1339.00 tlayer:3 pbqpoffset:3.92 pbfactor:1.57 avgQpOffsetCutree:-1.79;
in:257 out:261 type:b q:34.04 q-aq:34.00 q-noVbv:34.04 q-Rceq:1.32 tex:162 mv:675 misc:491 icu:0.00 pcu:71.00 scu:1489.00 tlayer:4 pbqpoffset:7.07 pbfactor:2.26 avgQpOffsetCutree:0.00;
in:259 out:262 type:b q:33.85 q-aq:34.00 q-noVbv:33.85 q-Rceq:1.32 tex:86 mv:355 misc:319 icu:0.00 pcu:83.00 scu:1477.00 tlayer:4 pbqpoffset:7.07 pbfactor:2.26 avgQpOffsetCutree:0.00;
in:262 out:263 type:B q:30.56 q-aq:28.96 q-noVbv:30.56 q-Rceq:1.32 tex:3120 mv:3124 misc:1244 icu:0.25 pcu:313.00 scu:1246.75 tlayer:3 pbqpoffset:4.07 pbfactor:1.60 avgQpOffsetCutree:-1.78;
in:261 out:264 type:b q:33.65 q-aq:34.00 q-noVbv:33.65 q-Rceq:1.32 tex:27 mv:408 misc:405 icu:0.00 pcu:71.00 scu:1489.00 tlayer:4 pbqpoffset:7.07 pbfactor:2.26 avgQpOffsetCutree:0.00;
in:263 out:265 type:b q:33.46 q-aq:33.00 q-noVbv:33.46 q-Rceq:1.32 tex:6 mv:395 misc:335 icu:0.00 pcu:34.50 scu:1525.50 tlayer:4 pbqpoffset:7.07 pbfactor:2.26 avgQpOffsetCutree:0.00;
in:268 out:266 type:B q:29.30 q-aq:25.45 q-noVbv:29.30 q-Rceq:1.32 tex:13230 mv:6730 misc:2704 icu:21.75 pcu:614.75 scu:923.50 tlayer:2 pbqpoffset:3.39 pbfactor:1.48 avgQpOffsetCutree:-3.46;
in:266 out:267 type:B q:30.17 q-aq:28.46 q-noVbv:30.17 q-Rceq:1.32 tex:4721 mv:2882 misc:1421 icu:2.50 pcu:375.00 scu:1182.50 tlayer:3 pbqpoffset:4.07 pbfactor:1.60 avgQpOffsetCutree:-1.83;
in:265 out:268 type:b q:33.27 q-aq:33.00 q-noVbv:33.27 q-Rceq:1.32 tex:321 mv:506 misc:381 icu:0.25 pcu:68.00 scu:1491.75 tlayer:4 pbqpoffset:7.07 pbfactor:2.26 avgQpOffsetCutree:0.00;
in:267 out:269 type:b q:33.08 q-aq:33.00 q-noVbv:33.08 q-Rceq:1.32 tex:713 mv:514 misc:373 icu:1.00 pcu:86.25 scu:1472.75 tlayer:4 pbqpoffset:7.07 pbfactor:2.26 avgQpOffsetCutree:0.00;
in:270 out:270 type:B q:29.79 q-aq:28.46 q-noVbv:29.79 q-Rceq:1.32 tex:4269 mv:2651 misc:1272 icu:16.75 pcu:222.00 scu:1321.25 tlayer:3 pbqpoffset:4.07 pbfactor:1.60 avgQpOffsetCutree:-1.79;
in:269 out:271 type:b q:32.89 q-aq:33.00 q-noVbv:32.89 q-Rceq:1.32 tex:307 mv:529 misc:396 icu:1.75 pcu:31.50 scu:1526.75 tlayer:4 pbqpoffset:7.07 pbfactor:2.26 avgQpOffsetCutree:0.00;
in:271 out:272 type:b q:32.70 q-aq:33.00 q-noVbv:32.70 q-Rceq:1.32 tex:320 mv:769 misc:439 icu:0.25 pcu:66.25 scu:1493.50 tlayer:4 pbqpoffset:7.07 pbfactor:2.26 avgQpOffsetCutree:0.00;
in:288 out:273 type:k q:26.30 q-aq:20.26 q-noVbv:26.30 q-Rceq:1.32 tex:405013 mv:58052 misc:2959 icu:1497.50 pcu:62.50 scu:0.00 tlayer:0 pbqpoffset:0.83 pbfactor:1.10 avgQpOffsetCutree:-7.63;
in:280 out:274 type:B q:28.10 q-aq:22.86 q-noVbv:28.10 q-Rceq:1.32 tex:108928 mv:25578 misc:4846 icu:124.00 pcu:1148.75 scu:287.25 tlayer:1 pbqpoffset:2.19 pbfactor:1.29 avgQpOffsetCutree:-5.04;
in:276 out:275 type:B q:29.77 q-aq:26.05 q-noVbv:29.77 q-Rceq:1.32 tex:9170 mv:5285 misc:2193 icu:19.25 pcu:450.50 scu:1090.25 tlayer:2 pbqpoffset:4.05 pbfactor:1.60 avgQpOffsetCutree:-3.51;
in:274 out:276 type:B q:29.67 q-aq:28.41 q-noVbv:29.67 q-Rceq:1.32 tex:4421 mv:2998 misc:1397 icu:7.25 pcu:392.75 scu:1160.00 tlayer:3 pbqpoffset:4.05 pbfactor:1.60 avgQpOffsetCutree:-1.80;
in:273 out:277 type:b q:32.62 q-aq:33.00 q-noVbv:32.62 q-Rceq:1.32 tex:853 mv:878 misc:477 icu:8.75 pcu:101.00 scu:1450.25 tlayer:4 pbqpoffset:7.05 pbfactor:2.26 avgQpOffsetCutree:0.00;
in:275 out:278 type:b q:32.72 q-aq:33.00 q-noVbv:32.72 q-Rceq:1.32 tex:539 mv:770 misc:499 icu:1.75 pcu:85.50 scu:1472.75 tlayer:4 pbqpoffset:7.05 pbfactor:2.26 avgQpOffsetCutree:0.00;
in:278 out:279 type:B q:29.87 q-aq:28.19 q-noVbv:29.87 q-Rceq:1.32 tex:6392 mv:3364 misc:1636 icu:17.25 pcu:255.00 scu:1287.75 tlayer:3 pbqpoffset:4.05 pbfactor:1.60 avgQpOffsetCutree:-1.76;
in:277 out:280 type:b q:32.82 q-aq:33.00 q-noVbv:32.82 q-Rceq:1.32 tex:453 mv:1056 misc:483 icu:5.00 pcu:62.25 scu:1492.75 tlayer:4 pbqpoffset:7.05 pbfactor:2.26 avgQpOffsetCutree:0.00;
in:279 out:281 type:b q:32.92 q-aq:33.00 q-noVbv:32.92 q-Rceq:1.32 tex:376 mv:847 misc:497 icu:1.25 pcu:169.75 scu:1389.00 tlayer:4 pbqpoffset:7.05 pbfactor:2.26 avgQpOffsetCutree:0.00;
in:284 out:282 type:B q:30.03 q-aq:26.11 q-noVbv:30.03 q-Rceq:1.32 tex:21199 mv:6253 misc:3308 icu:21.50 pcu:818.25 scu:720.25 tlayer:2 pbqpoffset:3.92 pbfactor:1.57 avgQpOffsetCutree:-3.57;
in:282 out:283 type:B q:30.06 q-aq:28.54 q-noVbv:30.06 q-Rceq:1.32 tex:4261 mv:3113 misc:1522 icu:6.50 pcu:391.00 scu:1162.50 tlayer:3 pbqpoffset:4.05 pbfactor:1.60 avgQpOffsetCutree:-1.78;
in:281 out:284 type:b q:33.01 q-aq:33.00 q-noVbv:33.01 q-Rceq:1.32 tex:123 mv:961 misc:548 icu:0.25 pcu:105.25 scu:1454.50 tlayer:4 pbqpoffset:7.05 pbfactor:2.26 avgQpOffsetCutree:0.00;
in:283 out:285 type:b q:33.11 q-aq:33.00 q-noVbv:33.11 q-Rceq:1.32 tex:48 mv:824 misc:472 icu:0.00 pcu:59.00 scu:1501.00 tlayer:4 pbqpoffset:7.05 pbfactor:2.26 avgQpOffsetCutree:0.00;
in:286 out:286 type:B q:30.26 q-aq:28.72 q-noVbv:30.26 q-Rceq:1.32 tex:4855 mv:2871 misc:1554 icu:11.50 pcu:423.75 scu:1124.75 tlayer:3 pbqpoffset:4.05 pbfactor:1.60 avgQpOffsetCutree:-1.77;
in:285 out:287 type:b q:33.21 q-aq:33.12 q-noVbv:33.21 q-Rceq:1.32 tex:459 mv:794 misc:499 icu:1.00 pcu:70.75 scu:1488.25 tlayer:4 pbqpoffset:7.05 pbfactor:2.26 avgQpOffsetCutree:0.00;
in:287 out:288 type:b q:33.30 q-aq:33.09 q-noVbv:33.30 q-Rceq:1.32 tex:488 mv:1111 misc:553 icu:0.50 pcu:80.50 scu:1479.00 tlayer:4 pbqpoffset:7.05 pbfactor:2.26 avgQpOffsetCutree:0.00;
in:304 out:289 type:k q:25.05 q-aq:17.55 q-noVbv:25.05 q-Rceq:1.32 tex:366048 mv:44023 misc:4449 icu:313.00 pcu:1207.25 scu:39.75 tlayer:0 pbqpoffset:1.50 pbfactor:1.19 avgQpOffsetCutree:-7.58;
in:296 out:290 type:B q:27.80 q-aq:22.12 q-noVbv:27.80 q-Rceq:1.32 tex:77932 mv:24826 misc:5234 icu:113.25 pcu:1160.00 scu:286.75 tlayer:1 pbqpoffset:2.12 pbfactor:1.28 avgQpOffsetCutree:-4.99;
in:292 out:291 type:B q:28.77 q-aq:24.60 q-noVbv:28.77 q-Rceq:1.32 tex:11780 mv:5592 misc:2540 icu:24.25 pcu:650.50 scu:885.25 tlayer:2 pbqpoffset:2.78 pbfactor:1.38 avgQpOffsetCutree:-3.48;
in:290 out:292 type:B q:29.69 q-aq:28.12 q-noVbv:29.69 q-Rceq:1.32 tex:5286 mv:3532 misc:1430 icu:9.00 pcu:320.00 scu:1231.00 tlayer:3 pbqpoffset:3.54 pbfactor:1.51 avgQpOffsetCutree:-1.77;
in:289 out:293 type:b q:33.21 q-aq:33.00 q-noVbv:33.21 q-Rceq:1.32 tex:1072 mv:994 misc:550 icu:4.75 pcu:38.25 scu:1517.00 tlayer:4 pbqpoffset:6.99 pbfactor:2.24 avgQpOffsetCutree:0.00;
in:291 out:294 type:b q:33.05 q-aq:33.00 q-noVbv:33.05 q-Rceq:1.32 tex:327 mv:819 misc:478 icu:1.25 pcu:88.50 scu:1470.25 tlayer:4 pbqpoffset:6.99 pbfactor:2.24 avgQpOffsetCutree:0.00;
in:294 out:295 type:B q:29.28 q-aq:27.51 q-noVbv:29.28 q-Rceq:1.32 tex:4555 mv:3143 misc:1590 icu:11.00 pcu:348.00 scu:1201.00 tlayer:3 pbqpoffset:3.45 pbfactor:1.49 avgQpOffsetCutree:-1.78;
in:293 out:296 type:b q:32.90 q-aq:33.00 q-noVbv:32.90 q-Rceq:1.32 tex:867 mv:772 misc:433 icu:2.75 pcu:58.75 scu:1498.50 tlayer:4 pbqpoffset:6.99 pbfactor:2.24 avgQpOffsetCutree:0.00;
in:295 out:297 type:b q:32.74 q-aq:33.00 q-noVbv:32.74 q-Rceq:1.32 tex:232 mv:865 misc:447 icu:0.50 pcu:74.00 scu:1485.50 tlayer:4 pbqpoffset:6.99 pbfactor:2.24 avgQpOffsetCutree:0.00;
in:300 out:298 type:B q:27.87 q-aq:23.80 q-noVbv:27.87 q-Rceq:1.32 tex:18213 mv:6210 misc:3193 icu:21.00 pcu:884.25 scu:654.75 tlayer:2 pbqpoffset:2.51 pbfactor:1.34 avgQpOffsetCutree:-3.50;
in:298 out:299 type:B q:28.69 q-aq:27.09 q-noVbv:28.69 q-Rceq:1.32 tex:6140 mv:3342 misc:1302 icu:7.25 pcu:295.25 scu:1257.50 tlayer:3 pbqpoffset:3.17 pbfactor:1.44 avgQpOffsetCutree:-1.79;
in:297 out:300 type:b q:32.58 q-aq:33.00 q-noVbv:32.58 q-Rceq:1.32 tex:340 mv:1017 misc:507 icu:2.00 pcu:102.50 scu:1455.50 tlayer:4 pbqpoffset:6.99 pbfactor:2.24 avgQpOffsetCutree:0.00;
in:299 out:301 type:b q:32.43 q-aq:32.86 q-noVbv:32.43 q-Rceq:1.32 tex:796 mv:725 misc:455 icu:0.75 pcu:49.00 scu:1510.25 tlayer:4 pbqpoffset:6.99 pbfactor:2.24 avgQpOffsetCutree:0.00;
in:302 out:302 type:B q:28.70 q-aq:27.45 q-noVbv:28.70 q-Rceq:1.32 tex:4474 mv:2731 misc:1179 icu:8.50 pcu:278.00 scu:1273.50 tlayer:3 pbqpoffset:3.49 pbfactor:1.50 avgQpOffsetCutree:-1.80;
in:301 out:303 type:b q:32.27 q-aq:32.13 q-noVbv:32.27 q-Rceq:1.32 tex:373 mv:838 misc:501 icu:0.50 pcu:94.25 scu:1465.25 tlayer:4 pbqpoffset:6.99 pbfactor:2.24 avgQpOffsetCutree:0.00;
in:303 out:304 type:b q:32.11 q-aq:32.00 q-noVbv:32.11 q-Rceq:1.32 tex:439 mv:960 misc:489 icu:0.50 pcu:83.50 scu:1476.00 tlayer:4 pbqpoffset:6.99 pbfactor:2.24 avgQpOffsetCutree:0.00;
in:320 out:305 type:k q:25.97 q-aq:19.59 q-noVbv:25.97 q-Rceq:1.32 tex:416552 mv:58656 misc:2896 icu:1495.50 pcu:64.25 scu:0.25 tlayer:0 pbqpoffset:0.96 pbfactor:1.12 avgQpOffsetCutree:-7.94;
in:312 out:306 type:B q:27.58 q-aq:22.35 q-noVbv:27.58 q-Rceq:1.32 tex:101430 mv:21049 misc:4537 icu:129.75 pcu:1088.00 scu:342.25 tlayer:1 pbqpoffset:2.07 pbfactor:1.27 avgQpOffsetCutree:-5.01;
in:308 out:307 type:B q:29.08 q-aq:25.43 q-noVbv:29.08 q-Rceq:1.32 tex:6970 mv:4142 misc:1696 icu:14.75 pcu:480.25 scu:1065.00 tlayer:2 pbqpoffset:3.80 pbfactor:1.55 avgQpOffsetCutree:-3.51;
in:306 out:308 type:B q:29.10 q-aq:27.68 q-noVbv:29.10 q-Rceq:1.32 tex:4256 mv:3088 misc:1240 icu:11.25 pcu:346.00 scu:1202.75 tlayer:3 pbqpoffset:3.94 pbfactor:1.58 avgQpOffsetCutree:-1.78;
in:305 out:309 type:b q:32.04 q-aq:32.00 q-noVbv:32.04 q-Rceq:1.32 tex:908 mv:939 misc:505 icu:2.00 pcu:46.00 scu:1512.00 tlayer:4 pbqpoffset:6.94 pbfactor:2.23 avgQpOffsetCutree:0.00;
in:307 out:310 type:b q:32.16 q-aq:32.01 q-noVbv:32.16 q-Rceq:1.32 tex:275 mv:746 misc:475 icu:0.50 pcu:29.00 scu:1530.50 tlayer:4 pbqpoffset:6.94 pbfactor:2.23 avgQpOffsetCutree:0.00;
in:310 out:311 type:B q:29.33 q-aq:28.22 q-noVbv:29.33 q-Rceq:1.32 tex:3867 mv:2131 misc:1042 icu:8.00 pcu:309.75 scu:1242.25 tlayer:3 pbqpoffset:3.94 pbfactor:1.58 avgQpOffsetCutree:-1.81;
in:309 out:312 type:b q:32.27 q-aq:32.01 q-noVbv:32.27 q-Rceq:1.32 tex:220 mv:659 misc:417 icu:0.00 pcu:92.50 scu:1467.50 tlayer:4 pbqpoffset:6.94 pbfactor:2.23 avgQpOffsetCutree:0.00;
in:311 out:313 type:b q:32.39 q-aq:32.36 q-noVbv:32.39 q-Rceq:1.32 tex:260 mv:693 misc:423 icu:0.50 pcu:60.50 scu:1499.00 tlayer:4 pbqpoffset:6.94 pbfactor:2.23 avgQpOffsetCutree:0.00;
in:316 out:314 type:B q:29.14 q-aq:24.97 q-noVbv:29.14 q-Rceq:1.32 tex:19732 mv:4699 misc:3489 icu:39.00 pcu:841.50 scu:679.50 tlayer:2 pbqpoffset:3.40 pbfactor:1.48 avgQpOffsetCutree:-3.59;
in:314 out:315 type:B q:29.56 q-aq:28.29 q-noVbv:29.56 q-Rceq:1.32 tex:4807 mv:3000 misc:1385 icu:20.75 pcu:474.25 scu:1065.00 tlayer:3 pbqpoffset:3.94 pbfactor:1.58 avgQpOffsetCutree:-1.78;
in:313 out:316 type:b q:32.50 q-aq:33.00 q-noVbv:32.50 q-Rceq:1.32 tex:472 mv:965 misc:507 icu:2.75 pcu:99.00 scu:1458.25 tlayer:4 pbqpoffset:6.94 pbfactor:2.23 avgQpOffsetCutree:0.00;
in:315 out:317 type:b q:32.62 q-aq:33.00 q-noVbv:32.62 q-Rceq:1.32 tex:778 mv:774 misc:392 icu:0.50 pcu:108.25 scu:1451.25 tlayer:4 pbqpoffset:6.94 pbfactor:2.23 avgQpOffsetCutree:0.00;
in:318 out:318 type:B q:29.79 q-aq:28.43 q-noVbv:29.79 q-Rceq:1.32 tex:3560 mv:1917 misc:1467 icu:15.75 pcu:333.00 scu:1211.25 tlayer:3 pbqpoffset:3.94 pbfactor:1.58 avgQpOffsetCutree:-1.78;
in:317 out:319 type:b q:32.73 q-aq:33.00 q-noVbv:32.73 q-Rceq:1.32 tex:293 mv:454 misc:357 icu:1.75 pcu:55.00 scu:1503.25 tlayer:4 pbqpoffset:6.94 pbfactor:2.23 avgQpOffsetCutree:0.00;
in:319 out:320 type:b q:32.85 q-aq:33.00 q-noVbv:32.85 q-Rceq:1.32 tex:276 mv:655 misc:437 icu:2.50 pcu:97.00 scu:1460.50 tlayer:4 pbqpoffset:6.94 pbfactor:2.23 avgQpOffsetCutree:0.00;
in:336 out:321 type:k q:23.83 q-aq:15.64 q-noVbv:23.83 q-Rceq:1.32 tex:414381 mv:47111 misc:4276 icu:266.00 pcu:1254.75 scu:39.25 tlayer:0 pbqpoffset:1.34 pbfactor:1.17 avgQpOffsetCutree:-7.90;
in:328 out:322 type:B q:26.87 q-aq:20.74 q-noVbv:26.87 q-Rceq:1.32 tex:67542 mv:22387 misc:4791 icu:57.00 pcu:1233.50 scu:269.50 tlayer:1 pbqpoffset:1.97 pbfactor:1.26 avgQpOffsetCutree:-5.15;
in:324 out:323 type:B q:27.92 q-aq:24.31 q-noVbv:27.92 q-Rceq:1.32 tex:6036 mv:3446 misc:1886 icu:8.00 pcu:501.00 scu:1051.00 tlayer:2 pbqpoffset:2.49 pbfactor:1.33 avgQpOffsetCutree:-3.48;
in:322 out:324 type:B q:28.46 q-aq:27.11 q-noVbv:28.46 q-Rceq:1.32 tex:3065 mv:2037 misc:1378 icu:7.75 pcu:305.25 scu:1247.00 tlayer:3 pbqpoffset:2.76 pbfactor:1.38 avgQpOffsetCutree:-1.79;
in:321 out:325 type:b q:32.67 q-aq:33.00 q-noVbv:32.67 q-Rceq:1.32 tex:143 mv:691 misc:422 icu:0.25 pcu:34.75 scu:1525.00 tlayer:4 pbqpoffset:6.83 pbfactor:2.20 avgQpOffsetCutree:0.00;
in:323 out:326 type:b q:32.40 q-aq:32.01 q-noVbv:32.40 q-Rceq:1.32 tex:295 mv:371 misc:326 icu:0.00 pcu:70.75 scu:1489.25 tlayer:4 pbqpoffset:6.83 pbfactor:2.20 avgQpOffsetCutree:0.00;
in:326 out:327 type:B q:28.52 q-aq:27.04 q-noVbv:28.52 q-Rceq:1.32 tex:2240 mv:1828 misc:1188 icu:5.25 pcu:330.50 scu:1224.25 tlayer:3 pbqpoffset:3.35 pbfactor:1.47 avgQpOffsetCutree:-1.75;
in:325 out:328 type:b q:32.14 q-aq:32.00 q-noVbv:32.14 q-Rceq:1.32 tex:4 mv:288 misc:252 icu:0.00 pcu:34.00 scu:1526.00 tlayer:4 pbqpoffset:6.83 pbfactor:2.20 avgQpOffsetCutree:0.00;
in:327 out:329 type:b q:31.87 q-aq:32.00 q-noVbv:31.87 q-Rceq:1.32 tex:98 mv:249 misc:261 icu:1.00 pcu:12.25 scu:1546.75 tlayer:4 pbqpoffset:6.83 pbfactor:2.20 avgQpOffsetCutree:0.00;
in:332 out:330 type:B q:26.86 q-aq:22.88 q-noVbv:26.86 q-Rceq:1.32 tex:9444 mv:3931 misc:1865 icu:12.75 pcu:663.75 scu:883.50 tlayer:2 pbqpoffset:2.50 pbfactor:1.33 avgQpOffsetCutree:-3.53;
in:330 out:331 type:B q:27.96 q-aq:26.33 q-noVbv:27.96 q-Rceq:1.32 tex:2812 mv:1712 misc:1196 icu:7.75 pcu:304.25 scu:1248.00 tlayer:3 pbqpoffset:3.33 pbfactor:1.47 avgQpOffsetCutree:-1.76;
in:329 out:332 type:b q:31.31 q-aq:31.00 q-noVbv:31.31 q-Rceq:1.32 tex:383 mv:350 misc:347 icu:0.50 pcu:33.75 scu:1525.75 tlayer:4 pbqpoffset:6.55 pbfactor:2.13 avgQpOffsetCutree:0.00;
in:331 out:333 type:b q:31.33 q-aq:31.00 q-noVbv:31.33 q-Rceq:1.32 tex:5 mv:314 misc:265 icu:0.00 pcu:56.00 scu:1504.00 tlayer:4 pbqpoffset:6.83 pbfactor:2.20 avgQpOffsetCutree:0.00;
in:334 out:334 type:B q:27.24 q-aq:25.53 q-noVbv:27.24 q-Rceq:1.32 tex:3702 mv:1960 misc:1378 icu:5.50 pcu:295.00 scu:1259.50 tlayer:3 pbqpoffset:3.14 pbfactor:1.44 avgQpOffsetCutree:-1.76;
in:333 out:335 type:b q:30.35 q-aq:30.00 q-noVbv:30.35 q-Rceq:1.32 tex:365 mv:589 misc:406 icu:0.00 pcu:178.00 scu:1382.00 tlayer:4 pbqpoffset:6.12 pbfactor:2.03 avgQpOffsetCutree:0.00;
in:335 out:336 type:b q:29.99 q-aq:30.00 q-noVbv:29.99 q-Rceq:1.32 tex:450 mv:484 misc:386 icu:0.00 pcu:99.00 scu:1461.00 tlayer:4 pbqpoffset:6.03 pbfactor:2.01 avgQpOffsetCutree:0.00;
in:352 out:337 type:k q:25.17 q-aq:18.92 q-noVbv:25.17 q-Rceq:1.32 tex:424241 mv:57358 misc:2849 icu:1500.75 pcu:58.75 scu:0.50 tlayer:0 pbqpoffset:0.83 pbfactor:1.10 avgQpOffsetCutree:-7.73;
in:344 out:338 type:B q:27.03 q-aq:21.30 q-noVbv:27.03 q-Rceq:1.32 tex:98274 mv:20883 misc:4627 icu:53.00 pcu:1179.50 scu:327.50 tlayer:1 pbqpoffset:2.54 pbfactor:1.34 avgQpOffsetCutree:-5.18;
in:340 out:339 type:B q:27.98 q-aq:23.78 q-noVbv:27.98 q-Rceq:1.32 tex:6812 mv:3619 misc:1945 icu:12.25 pcu:488.25 scu:1059.50 tlayer:2 pbqpoffset:3.81 pbfactor:1.55 avgQpOffsetCutree:-3.51;
in:338 out:340 type:B q:27.81 q-aq:26.64 q-noVbv:27.81 q-Rceq:1.32 tex:1169 mv:1477 misc:986 icu:0.75 pcu:305.75 scu:1253.50 tlayer:3 pbqpoffset:3.81 pbfactor:1.55 avgQpOffsetCutree:-1.78;
in:337 out:341 type:b q:30.73 q-aq:31.00 q-noVbv:30.73 q-Rceq:1.32 tex:4 mv:313 misc:283 icu:0.00 pcu:59.00 scu:1501.00 tlayer:4 pbqpoffset:6.81 pbfactor:2.20 avgQpOffsetCutree:0.00;
in:339 out:342 type:b q:30.89 q-aq:31.00 q-noVbv:30.89 q-Rceq:1.32 tex:261 mv:586 misc:393 icu:0.00 pcu:227.00 scu:1333.00 tlayer:4 pbqpoffset:6.81 pbfactor:2.20 avgQpOffsetCutree:0.00;
in:342 out:343 type:B q:28.14 q-aq:26.71 q-noVbv:28.14 q-Rceq:1.32 tex:1535 mv:1394 misc:967 icu:6.50 pcu:285.50 scu:1268.00 tlayer:3 pbqpoffset:3.81 pbfactor:1.55 avgQpOffsetCutree:-1.79;
in:341 out:344 type:b q:31.06 q-aq:31.00 q-noVbv:31.06 q-Rceq:1.32 tex:250 mv:645 misc:425 icu:0.00 pcu:182.00 scu:1378.00 tlayer:4 pbqpoffset:6.81 pbfactor:2.20 avgQpOffsetCutree:0.00;
in:343 out:345 type:b q:31.23 q-aq:31.00 q-noVbv:31.23 q-Rceq:1.32 tex:5 mv:362 misc:281 icu:0.00 pcu:50.00 scu:1510.00 tlayer:4 pbqpoffset:6.81 pbfactor:2.20 avgQpOffsetCutree:0.00;
in:348 out:346 type:B q:28.50 q-aq:24.36 q-noVbv:28.50 q-Rceq:1.32 tex:20898 mv:5307 misc:3563 icu:8.25 pcu:834.00 scu:717.75 tlayer:2 pbqpoffset:3.67 pbfactor:1.53 avgQpOffsetCutree:-3.61;
in:346 out:347 type:B q:28.48 q-aq:26.92 q-noVbv:28.48 q-Rceq:1.32 tex:1754 mv:1944 misc:1622 icu:3.25 pcu:439.75 scu:1117.00 tlayer:3 pbqpoffset:3.81 pbfactor:1.55 avgQpOffsetCutree:-1.77;
in:345 out:348 type:b q:31.39 q-aq:31.00 q-noVbv:31.39 q-Rceq:1.32 tex:531 mv:670 misc:407 icu:0.00 pcu:219.00 scu:1341.00 tlayer:4 pbqpoffset:6.81 pbfactor:2.20 avgQpOffsetCutree:0.00;
in:347 out:349 type:b q:31.56 q-aq:32.00 q-noVbv:31.56 q-Rceq:1.32 tex:475 mv:397 misc:360 icu:0.00 pcu:142.75 scu:1417.25 tlayer:4 pbqpoffset:6.81 pbfactor:2.20 avgQpOffsetCutree:0.00;
in:350 out:350 type:B q:28.81 q-aq:27.43 q-noVbv:28.81 q-Rceq:1.32 tex:3076 mv:2429 misc:1631 icu:1.75 pcu:362.25 scu:1196.00 tlayer:3 pbqpoffset:3.81 pbfactor:1.55 avgQpOffsetCutree:-1.80;
in:349 out:351 type:b q:31.73 q-aq:32.00 q-noVbv:31.73 q-Rceq:1.32 tex:296 mv:505 misc:439 icu:0.00 pcu:211.00 scu:1349.00 tlayer:4 pbqpoffset:6.81 pbfactor:2.20 avgQpOffsetCutree:0.00;
in:351 out:352 type:b q:31.89 q-aq:32.00 q-noVbv:31.89 q-Rceq:1.32 tex:48 mv:624 misc:408 icu:0.00 pcu:136.50 scu:1423.50 tlayer:4 pbqpoffset:6.81 pbfactor:2.20 avgQpOffsetCutree:0.00;
in:368 out:353 type:k q:24.27 q-aq:16.66 q-noVbv:24.27 q-Rceq:1.32 tex:358049 mv:44977 misc:4518 icu:365.25 pcu:1150.50 scu:44.25 tlayer:0 pbqpoffset:1.39 pbfactor:1.17 avgQpOffsetCutree:-7.69;
in:360 out:354 type:B q:26.74 q-aq:20.94 q-noVbv:26.74 q-Rceq:1.32 tex:81615 mv:23963 misc:4542 icu:148.50 pcu:1195.00 scu:216.50 tlayer:1 pbqpoffset:2.02 pbfactor:1.26 avgQpOffsetCutree:-5.12;
in:356 out:355 type:B q:27.64 q-aq:23.82 q-noVbv:27.64 q-Rceq:1.32 tex:10995 mv:5128 misc:2181 icu:22.00 pcu:489.75 scu:1048.25 tlayer:2 pbqpoffset:2.69 pbfactor:1.36 avgQpOffsetCutree:-3.47;
in:354 out:356 type:B q:28.77 q-aq:27.38 q-noVbv:28.77 q-Rceq:1.32 tex:2964 mv:2397 misc:1351 icu:5.00 pcu:271.50 scu:1283.50 tlayer:3 pbqpoffset:3.72 pbfactor:1.54 avgQpOffsetCutree:-1.66;
in:353 out:357 type:b q:31.51 q-aq:32.00 q-noVbv:31.51 q-Rceq:1.32 tex:71 mv:660 misc:469 icu:0.00 pcu:86.50 scu:1473.50 tlayer:4 pbqpoffset:6.40 pbfactor:2.10 avgQpOffsetCutree:0.00;
in:355 out:358 type:b q:31.11 q-aq:31.00 q-noVbv:31.11 q-Rceq:1.32 tex:623 mv:925 misc:588 icu:0.25 pcu:228.50 scu:1331.25 tlayer:4 pbqpoffset:6.11 pbfactor:2.03 avgQpOffsetCutree:0.00;
in:358 out:359 type:B q:28.53 q-aq:27.31 q-noVbv:28.53 q-Rceq:1.32 tex:2407 mv:2636 misc:1237 icu:7.50 pcu:226.00 scu:1326.50 tlayer:3 pbqpoffset:3.70 pbfactor:1.53 avgQpOffsetCutree:-1.76;
in:357 out:360 type:b q:31.77 q-aq:32.00 q-noVbv:31.77 q-Rceq:1.32 tex:63 mv:439 misc:378 icu:0.00 pcu:28.50 scu:1531.50 tlayer:4 pbqpoffset:6.88 pbfactor:2.22 avgQpOffsetCutree:0.00;
in:359 out:361 type:b q:31.66 q-aq:32.00 q-noVbv:31.66 q-Rceq:1.32 tex:119 mv:593 misc:392 icu:0.00 pcu:95.00 scu:1465.00 tlayer:4 pbqpoffset:6.88 pbfactor:2.22 avgQpOffsetCutree:0.00;
in:364 out:362 type:B q:27.07 q-aq:23.46 q-noVbv:27.07 q-Rceq:1.32 tex:13455 mv:6417 misc:2544 icu:19.25 pcu:535.50 scu:1005.25 tlayer:2 pbqpoffset:2.58 pbfactor:1.35 avgQpOffsetCutree:-3.43;
in:362 out:363 type:B q:28.15 q-aq:26.78 q-noVbv:28.15 q-Rceq:1.32 tex:4359 mv:3390 misc:1683 icu:7.00 pcu:354.00 scu:1199.00 tlayer:3 pbqpoffset:3.54 pbfactor:1.50 avgQpOffsetCutree:-1.75;
in:361 out:364 type:b q:31.55 q-aq:32.00 q-noVbv:31.55 q-Rceq:1.32 tex:7 mv:444 misc:341 icu:0.00 pcu:46.75 scu:1513.25 tlayer:4 pbqpoffset:6.88 pbfactor:2.22 avgQpOffsetCutree:0.00;
in:363 out:365 type:b q:31.44 q-aq:31.17 q-noVbv:31.44 q-Rceq:1.32 tex:287 mv:620 misc:421 icu:2.00 pcu:91.00 scu:1467.00 tlayer:4 pbqpoffset:6.88 pbfactor:2.22 avgQpOffsetCutree:0.00;
in:366 out:366 type:B q:28.10 q-aq:26.50 q-noVbv:28.10 q-Rceq:1.32 tex:4548 mv:3071 misc:1565 icu:4.50 pcu:351.25 scu:1204.25 tlayer:3 pbqpoffset:3.72 pbfactor:1.54 avgQpOffsetCutree:-1.75;
in:365 out:367 type:b q:30.81 q-aq:31.00 q-noVbv:30.81 q-Rceq:1.32 tex:170 mv:912 misc:630 icu:0.25 pcu:158.25 scu:1401.50 tlayer:4 pbqpoffset:6.37 pbfactor:2.09 avgQpOffsetCutree:0.00;
in:367 out:368 type:b q:31.21 q-aq:31.49 q-noVbv:31.21 q-Rceq:1.32 tex:656 mv:589 misc:387 icu:0.25 pcu:33.25 scu:1526.50 tlayer:4 pbqpoffset:6.88 pbfactor:2.22 avgQpOffsetCutree:0.00;
in:384 out:369 type:k q:25.12 q-aq:18.51 q-noVbv:25.12 q-Rceq:1.32 tex:426230 mv:56253 misc:2885 icu:1512.25 pcu:47.75 scu:0.00 tlayer:0 pbqpoffset:0.75 pbfactor:1.09 avgQpOffsetCutree:-8.07;
in:376 out:370 type:B q:26.78 q-aq:21.23 q-noVbv:26.78 q-Rceq:1.32 tex:110257 mv:23466 misc:4893 icu:111.00 pcu:1179.75 scu:269.25 tlayer:1 pbqpoffset:2.09 pbfactor:1.27 avgQpOffsetCutree:-5.10;
in:372 out:371 type:B q:28.35 q-aq:24.45 q-noVbv:28.35 q-Rceq:1.32 tex:10904 mv:5307 misc:2421 icu:9.75 pcu:562.25 scu:988.00 tlayer:2 pbqpoffset:3.87 pbfactor:1.56 avgQpOffsetCutree:-3.41;
in:370 out:372 type:B q:28.24 q-aq:27.18 q-noVbv:28.24 q-Rceq:1.32 tex:3148 mv:2590 misc:1110 icu:3.25 pcu:329.00 scu:1227.75 tlayer:3 pbqpoffset:3.87 pbfactor:1.56 avgQpOffsetCutree:-1.78;
in:369 out:373 type:b q:31.19 q-aq:31.00 q-noVbv:31.19 q-Rceq:1.32 tex:4 mv:796 misc:488 icu:0.00 pcu:113.75 scu:1446.25 tlayer:4 pbqpoffset:6.87 pbfactor:2.21 avgQpOffsetCutree:0.00;
in:371 out:374 type:b q:31.30 q-aq:31.00 q-noVbv:31.30 q-Rceq:1.32 tex:122 mv:506 misc:388 icu:0.00 pcu:37.00 scu:1523.00 tlayer:4 pbqpoffset:6.87 pbfactor:2.21 avgQpOffsetCutree:0.00;
in:374 out:375 type:B q:28.46 q-aq:26.85 q-noVbv:28.46 q-Rceq:1.32 tex:3501 mv:2790 misc:1493 icu:1.75 pcu:288.50 scu:1269.75 tlayer:3 pbqpoffset:3.87 pbfactor:1.56 avgQpOffsetCutree:-1.80;
in:373 out:376 type:b q:31.40 q-aq:31.00 q-noVbv:31.40 q-Rceq:1.32 tex:88 mv:486 misc:354 icu:0.00 pcu:49.00 scu:1511.00 tlayer:4 pbqpoffset:6.87 pbfactor:2.21 avgQpOffsetCutree:0.00;
in:375 out:377 type:b q:31.51 q-aq:32.00 q-noVbv:31.51 q-Rceq:1.32 tex:125 mv:601 misc:402 icu:0.25 pcu:57.00 scu:1502.75 tlayer:4 pbqpoffset:6.87 pbfactor:2.21 avgQpOffsetCutree:0.00;
in:380 out:378 type:B q:28.51 q-aq:24.32 q-noVbv:28.51 q-Rceq:1.32 tex:25395 mv:5098 misc:3667 icu:6.00 pcu:779.75 scu:774.25 tlayer:2 pbqpoffset:3.60 pbfactor:1.52 avgQpOffsetCutree:-3.63;
in:378 out:379 type:B q:28.67 q-aq:27.45 q-noVbv:28.67 q-Rceq:1.32 tex:3576 mv:2457 misc:1583 icu:4.00 pcu:423.25 scu:1132.75 tlayer:3 pbqpoffset:3.87 pbfactor:1.56 avgQpOffsetCutree:-1.79;
in:377 out:380 type:b q:31.61 q-aq:32.00 q-noVbv:31.61 q-Rceq:1.32 tex:20 mv:465 misc:355 icu:0.00 pcu:49.50 scu:1510.50 tlayer:4 pbqpoffset:6.87 pbfactor:2.21 avgQpOffsetCutree:0.00;
in:379 out:381 type:b q:31.72 q-aq:32.00 q-noVbv:31.72 q-Rceq:1.32 tex:42 mv:439 misc:335 icu:0.00 pcu:63.50 scu:1496.50 tlayer:4 pbqpoffset:6.87 pbfactor:2.21 avgQpOffsetCutree:0.00;
in:382 out:382 type:B q:28.88 q-aq:27.31 q-noVbv:28.88 q-Rceq:1.32 tex:2765 mv:1969 misc:1562 icu:0.25 pcu:325.25 scu:1234.50 tlayer:3 pbqpoffset:3.87 pbfactor:1.56 avgQpOffsetCutree:-1.78;
in:381 out:383 type:b q:31.83 q-aq:32.00 q-noVbv:31.83 q-Rceq:1.32 tex:286 mv:417 misc:321 icu:0.25 pcu:94.75 scu:1465.00 tlayer:4 pbqpoffset:6.87 pbfactor:2.21 avgQpOffsetCutree:0.00;
in:383 out:384 type:b q:31.93 q-aq:32.00 q-noVbv:31.93 q-Rceq:1.32 tex:153 mv:390 misc:329 icu:0.00 pcu:81.25 scu:1478.75 tlayer:4 pbqpoffset:6.87 pbfactor:2.21 avgQpOffsetCutree:0.00;
in:400 out:385 type:k q:22.99 q-aq:14.84 q-noVbv:22.99 q-Rceq:1.32 tex:412580 mv:44585 misc:4147 icu:225.50 pcu:1294.25 scu:40.25 tlayer:0 pbqpoffset:1.35 pbfactor:1.17 avgQpOffsetCutree:-7.81;
in:392 out:386 type:B q:25.93 q-aq:19.71 q-noVbv:25.93 q-Rceq:1.32 tex:71442 mv:23358 misc:5176 icu:41.75 pcu:1239.50 scu:278.75 tlayer:1 pbqpoffset:1.87 pbfactor:1.24 avgQpOffsetCutree:-5.19;
in:388 out:387 type:B q:26.86 q-aq:22.94 q-noVbv:26.86 q-Rceq:1.32 tex:10811 mv:3489 misc:2460 icu:2.50 pcu:625.50 scu:932.00 tlayer:2 pbqpoffset:2.28 pbfactor:1.30 avgQpOffsetCutree:-3.47;
in:386 out:388 type:B q:27.58 q-aq:26.28 q-noVbv:27.58 q-Rceq:1.32 tex:2889 mv:2200 misc:1383 icu:1.00 pcu:418.25 scu:1140.75 tlayer:3 pbqpoffset:2.73 pbfactor:1.37 avgQpOffsetCutree:-1.75;
in:385 out:389 type:b q:31.19 q-aq:31.00 q-noVbv:31.19 q-Rceq:1.32 tex:68 mv:489 misc:323 icu:0.00 pcu:48.75 scu:1511.25 tlayer:4 pbqpoffset:6.20 pbfactor:2.05 avgQpOffsetCutree:0.00;
in:387 out:390 type:b q:31.05 q-aq:31.00 q-noVbv:31.05 q-Rceq:1.32 tex:316 mv:390 misc:334 icu:0.75 pcu:29.75 scu:1529.50 tlayer:4 pbqpoffset:6.33 pbfactor:2.08 avgQpOffsetCutree:0.00;
in:390 out:391 type:B q:27.12 q-aq:25.46 q-noVbv:27.12 q-Rceq:1.32 tex:4750 mv:2082 misc:1208 icu:1.00 pcu:459.75 scu:1099.25 tlayer:3 pbqpoffset:2.80 pbfactor:1.38 avgQpOffsetCutree:-1.80;
in:389 out:392 type:b q:31.19 q-aq:31.00 q-noVbv:31.19 q-Rceq:1.32 tex:33 mv:276 misc:243 icu:0.00 pcu:23.25 scu:1536.75 tlayer:4 pbqpoffset:6.73 pbfactor:2.18 avgQpOffsetCutree:0.00;
in:391 out:393 type:b q:30.92 q-aq:31.00 q-noVbv:30.92 q-Rceq:1.32 tex:2 mv:235 misc:267 icu:0.00 pcu:34.00 scu:1526.00 tlayer:4 pbqpoffset:6.74 pbfactor:2.18 avgQpOffsetCutree:0.00;
in:396 out:394 type:B q:25.72 q-aq:21.52 q-noVbv:25.72 q-Rceq:1.32 tex:18730 mv:4509 misc:2841 icu:10.25 pcu:639.75 scu:910.00 tlayer:2 pbqpoffset:2.20 pbfactor:1.29 avgQpOffsetCutree:-3.55;
in:394 out:395 type:B q:26.54 q-aq:25.29 q-noVbv:26.54 q-Rceq:1.32 tex:4631 mv:1750 misc:1299 icu:1.75 pcu:379.75 scu:1178.50 tlayer:3 pbqpoffset:2.76 pbfactor:1.37 avgQpOffsetCutree:-1.79;
in:393 out:396 type:b q:30.66 q-aq:31.00 q-noVbv:30.66 q-Rceq:1.32 tex:3 mv:284 misc:297 icu:0.00 pcu:45.00 scu:1515.00 tlayer:4 pbqpoffset:6.74 pbfactor:2.18 avgQpOffsetCutree:0.00;
in:395 out:397 type:b q:30.39 q-aq:30.00 q-noVbv:30.39 q-Rceq:1.32 tex:1 mv:241 misc:278 icu:0.00 pcu:36.00 scu:1524.00 tlayer:4 pbqpoffset:6.74 pbfactor:2.18 avgQpOffsetCutree:0.00;
in:398 out:398 type:B q:25.98 q-aq:24.39 q-noVbv:25.98 q-Rceq:1.32 tex:4695 mv:1531 misc:1478 icu:0.75 pcu:404.50 scu:1154.75 tlayer:3 pbqpoffset:2.72 pbfactor:1.37 avgQpOffsetCutree:-1.79;
in:397 out:399 type:b q:30.12 q-aq:30.00 q-noVbv:30.12 q-Rceq:1.32 tex:97 mv:343 misc:304 icu:0.00 pcu:49.00 scu:1511.00 tlayer:4 pbqpoffset:6.74 pbfactor:2.18 avgQpOffsetCutree:0.00;
in:399 out:400 type:b q:29.23 q-aq:29.00 q-noVbv:29.23 q-Rceq:1.32 tex:209 mv:370 misc:301 icu:0.00 pcu:45.50 scu:1514.50 tlayer:4 pbqpoffset:6.11 pbfactor:2.02 avgQpOffsetCutree:0.00;
in:416 out:401 type:k q:25.00 q-aq:18.74 q-noVbv:25.00 q-Rceq:1.32 tex:392753 mv:54070 misc:2945 icu:1508.25 pcu:51.50 scu:0.25 tlayer:0 pbqpoffset:0.62 pbfactor:1.07 avgQpOffsetCutree:-7.78;
in:408 out:402 type:B q:26.13 q-aq:20.74 q-noVbv:26.13 q-Rceq:1.32 tex:107931 mv:22756 misc:4801 icu:107.50 pcu:1171.25 scu:281.25 tlayer:1 pbqpoffset:2.13 pbfactor:1.28 avgQpOffsetCutree:-4.99;
in:404 out:403 type:B q:27.23 q-aq:23.48 q-noVbv:27.23 q-Rceq:1.32 tex:8870 mv:4805 misc:2085 icu:6.25 pcu:542.00 scu:1011.75 tlayer:2 pbqpoffset:3.74 pbfactor:1.54 avgQpOffsetCutree:-3.51;
in:402 out:404 type:B q:26.98 q-aq:25.49 q-noVbv:26.98 q-Rceq:1.32 tex:5098 mv:2110 misc:1592 icu:0.50 pcu:476.75 scu:1082.75 tlayer:3 pbqpoffset:3.74 pbfactor:1.54 avgQpOffsetCutree:-1.73;
in:401 out:405 type:b q:29.85 q-aq:30.00 q-noVbv:29.85 q-Rceq:1.32 tex:133 mv:338 misc:321 icu:0.00 pcu:41.25 scu:1518.75 tlayer:4 pbqpoffset:6.74 pbfactor:2.18 avgQpOffsetCutree:0.00;
in:403 out:406 type:b q:30.10 q-aq:30.00 q-noVbv:30.10 q-Rceq:1.32 tex:4 mv:290 misc:258 icu:0.00 pcu:84.00 scu:1476.00 tlayer:4 pbqpoffset:6.74 pbfactor:2.18 avgQpOffsetCutree:0.00;
in:406 out:407 type:B q:27.48 q-aq:25.73 q-noVbv:27.48 q-Rceq:1.32 tex:6181 mv:2786 misc:1705 icu:1.75 pcu:488.25 scu:1070.00 tlayer:3 pbqpoffset:3.74 pbfactor:1.54 avgQpOffsetCutree:-1.77;
in:405 out:408 type:b q:30.35 q-aq:30.00 q-noVbv:30.35 q-Rceq:1.32 tex:683 mv:873 misc:724 icu:0.00 pcu:255.50 scu:1304.50 tlayer:4 pbqpoffset:6.74 pbfactor:2.18 avgQpOffsetCutree:0.00;
in:407 out:409 type:b q:30.60 q-aq:31.00 q-noVbv:30.60 q-Rceq:1.32 tex:3 mv:486 misc:351 icu:0.00 pcu:54.75 scu:1505.25 tlayer:4 pbqpoffset:6.74 pbfactor:2.18 avgQpOffsetCutree:0.00;
in:412 out:410 type:B q:27.87 q-aq:23.81 q-noVbv:27.87 q-Rceq:1.32 tex:26452 mv:6181 misc:3631 icu:7.25 pcu:952.25 scu:600.50 tlayer:2 pbqpoffset:3.38 pbfactor:1.48 avgQpOffsetCutree:-3.56;
in:410 out:411 type:B q:27.98 q-aq:26.28 q-noVbv:27.98 q-Rceq:1.32 tex:5688 mv:2994 misc:2214 icu:3.75 pcu:502.00 scu:1054.25 tlayer:3 pbqpoffset:3.74 pbfactor:1.54 avgQpOffsetCutree:-1.78;
in:409 out:412 type:b q:30.86 q-aq:31.00 q-noVbv:30.86 q-Rceq:1.32 tex:137 mv:603 misc:396 icu:0.50 pcu:101.00 scu:1458.50 tlayer:4 pbqpoffset:6.74 pbfactor:2.18 avgQpOffsetCutree:0.00;
in:411 out:413 type:b q:31.11 q-aq:31.00 q-noVbv:31.11 q-Rceq:1.32 tex:103 mv:516 misc:373 icu:0.00 pcu:49.25 scu:1510.75 tlayer:4 pbqpoffset:6.74 pbfactor:2.18 avgQpOffsetCutree:0.00;
in:414 out:414 type:B q:28.48 q-aq:26.80 q-noVbv:28.48 q-Rceq:1.32 tex:4533 mv:2734 misc:1789 icu:0.25 pcu:486.00 scu:1073.75 tlayer:3 pbqpoffset:3.74 pbfactor:1.54 avgQpOffsetCutree:-1.80;
in:413 out:415 type:b q:31.36 q-aq:31.00 q-noVbv:31.36 q-Rceq:1.32 tex:6 mv:431 misc:387 icu:0.00 pcu:79.00 scu:1481.00 tlayer:4 pbqpoffset:6.74 pbfactor:2.18 avgQpOffsetCutree:0.00;
in:415 out:416 type:b q:31.61 q-aq:32.00 q-noVbv:31.61 q-Rceq:1.32 tex:5 mv:330 misc:321 icu:0.00 pcu:66.00 scu:1494.00 tlayer:4 pbqpoffset:6.74 pbfactor:2.18 avgQpOffsetCutree:0.00;
in:432 out:417 type:k q:23.42 q-aq:16.15 q-noVbv:23.42 q-Rceq:1.32 tex:350244 mv:43364 misc:4168 icu:365.00 pcu:1163.00 scu:32.00 tlayer:0 pbqpoffset:1.25 pbfactor:1.16 avgQpOffsetCutree:-7.27;
in:424 out:418 type:B q:26.16 q-aq:20.13 q-noVbv:26.16 q-Rceq:1.32 tex:75981 mv:21254 misc:4461 icu:49.50 pcu:1292.75 scu:217.75 tlayer:1 pbqpoffset:1.95 pbfactor:1.25 avgQpOffsetCutree:-5.18;
in:420 out:419 type:B q:27.49 q-aq:23.41 q-noVbv:27.49 q-Rceq:1.32 tex:6349 mv:3782 misc:2293 icu:3.25 pcu:626.75 scu:930.00 tlayer:2 pbqpoffset:2.88 pbfactor:1.40 avgQpOffsetCutree:-3.47;
in:418 out:420 type:B q:28.20 q-aq:26.58 q-noVbv:28.20 q-Rceq:1.32 tex:1769 mv:1751 misc:1240 icu:1.75 pcu:338.25 scu:1220.00 tlayer:3 pbqpoffset:3.40 pbfactor:1.48 avgQpOffsetCutree:-1.78;
in:417 out:421 type:b q:31.71 q-aq:32.00 q-noVbv:31.71 q-Rceq:1.32 tex:3 mv:379 misc:322 icu:0.00 pcu:53.25 scu:1506.75 tlayer:4 pbqpoffset:6.81 pbfactor:2.20 avgQpOffsetCutree:0.00;
in:419 out:422 type:b q:31.51 q-aq:32.00 q-noVbv:31.51 q-Rceq:1.32 tex:3 mv:273 misc:260 icu:0.00 pcu:116.00 scu:1444.00 tlayer:4 pbqpoffset:6.81 pbfactor:2.20 avgQpOffsetCutree:0.00;
in:422 out:423 type:B q:27.78 q-aq:26.21 q-noVbv:27.78 q-Rceq:1.32 tex:3375 mv:2116 misc:1381 icu:0.00 pcu:493.25 scu:1066.75 tlayer:3 pbqpoffset:3.38 pbfactor:1.48 avgQpOffsetCutree:-1.81;
in:421 out:424 type:b q:31.32 q-aq:31.00 q-noVbv:31.32 q-Rceq:1.32 tex:81 mv:331 misc:276 icu:0.50 pcu:56.50 scu:1503.00 tlayer:4 pbqpoffset:6.81 pbfactor:2.20 avgQpOffsetCutree:0.00;
in:423 out:425 type:b q:31.12 q-aq:31.00 q-noVbv:31.12 q-Rceq:1.32 tex:10 mv:323 misc:283 icu:0.25 pcu:68.00 scu:1491.75 tlayer:4 pbqpoffset:6.81 pbfactor:2.20 avgQpOffsetCutree:0.00;
in:428 out:426 type:B q:26.42 q-aq:22.20 q-noVbv:26.42 q-Rceq:1.32 tex:13655 mv:5132 misc:2749 icu:7.50 pcu:647.50 scu:905.00 tlayer:2 pbqpoffset:2.60 pbfactor:1.35 avgQpOffsetCutree:-3.51;
in:426 out:427 type:B q:27.71 q-aq:26.34 q-noVbv:27.71 q-Rceq:1.32 tex:2446 mv:1721 misc:993 icu:0.00 pcu:404.00 scu:1156.00 tlayer:3 pbqpoffset:3.70 pbfactor:1.53 avgQpOffsetCutree:-1.78;
in:425 out:428 type:b q:30.92 q-aq:31.00 q-noVbv:30.92 q-Rceq:1.32 tex:3 mv:309 misc:288 icu:0.00 pcu:76.00 scu:1484.00 tlayer:4 pbqpoffset:6.81 pbfactor:2.20 avgQpOffsetCutree:0.00;
in:427 out:429 type:b q:30.73 q-aq:31.00 q-noVbv:30.73 q-Rceq:1.32 tex:4 mv:355 misc:281 icu:0.00 pcu:120.00 scu:1440.00 tlayer:4 pbqpoffset:6.81 pbfactor:2.20 avgQpOffsetCutree:0.00;
in:430 out:430 type:B q:26.95 q-aq:25.19 q-noVbv:26.95 q-Rceq:1.32 tex:3300 mv:2454 misc:1438 icu:0.00 pcu:469.75 scu:1090.25 tlayer:3 pbqpoffset:3.33 pbfactor:1.47 avgQpOffsetCutree:-1.77;
in:429 out:431 type:b q:30.53 q-aq:31.00 q-noVbv:30.53 q-Rceq:1.32 tex:4 mv:344 misc:276 icu:0.00 pcu:76.00 scu:1484.00 tlayer:4 pbqpoffset:6.81 pbfactor:2.20 avgQpOffsetCutree:0.00;
in:431 out:432 type:b q:30.02 q-aq:30.00 q-noVbv:30.02 q-Rceq:1.32 tex:3 mv:263 misc:262 icu:0.00 pcu:24.00 scu:1536.00 tlayer:4 pbqpoffset:6.50 pbfactor:2.12 avgQpOffsetCutree:0.00;
in:448 out:433 type:k q:25.20 q-aq:19.80 q-noVbv:25.20 q-Rceq:1.32 tex:331508 mv:48836 misc:2896 icu:1520.50 pcu:39.50 scu:0.00 tlayer:0 pbqpoffset:0.42 pbfactor:1.05 avgQpOffsetCutree:-6.91;
in:440 out:434 type:B q:26.27 q-aq:21.32 q-noVbv:26.27 q-Rceq:1.32 tex:109346 mv:22663 misc:4535 icu:192.00 pcu:1128.00 scu:240.00 tlayer:1 pbqpoffset:1.96 pbfactor:1.25 avgQpOffsetCutree:-4.90;
in:436 out:435 type:B q:27.69 q-aq:24.14 q-noVbv:27.69 q-Rceq:1.32 tex:9405 mv:5211 misc:2088 icu:10.25 pcu:513.25 scu:1036.50 tlayer:2 pbqpoffset:3.82 pbfactor:1.56 avgQpOffsetCutree:-3.39;
in:434 out:436 type:B q:27.47 q-aq:25.77 q-noVbv:27.47 q-Rceq:1.32 tex:5065 mv:2494 misc:1841 icu:1.00 pcu:481.50 scu:1077.50 tlayer:3 pbqpoffset:3.82 pbfactor:1.56 avgQpOffsetCutree:-1.76;
in:433 out:437 type:b q:30.36 q-aq:30.00 q-noVbv:30.36 q-Rceq:1.32 tex:243 mv:426 misc:339 icu:0.00 pcu:39.25 scu:1520.75 tlayer:4 pbqpoffset:6.82 pbfactor:2.20 avgQpOffsetCutree:0.00;
in:435 out:438 type:b q:30.58 q-aq:31.00 q-noVbv:30.58 q-Rceq:1.32 tex:85 mv:554 misc:417 icu:0.25 pcu:79.75 scu:1480.00 tlayer:4 pbqpoffset:6.82 pbfactor:2.20 avgQpOffsetCutree:0.00;
in:438 out:439 type:B q:27.91 q-aq:26.24 q-noVbv:27.91 q-Rceq:1.32 tex:3156 mv:3089 misc:1603 icu:4.75 pcu:452.00 scu:1103.25 tlayer:3 pbqpoffset:3.82 pbfactor:1.56 avgQpOffsetCutree:-1.80;
in:437 out:440 type:b q:30.80 q-aq:31.00 q-noVbv:30.80 q-Rceq:1.32 tex:627 mv:798 misc:495 icu:4.00 pcu:57.00 scu:1499.00 tlayer:4 pbqpoffset:6.82 pbfactor:2.20 avgQpOffsetCutree:0.00;
in:439 out:441 type:b q:31.02 q-aq:31.00 q-noVbv:31.02 q-Rceq:1.32 tex:363 mv:711 misc:486 icu:4.00 pcu:60.00 scu:1496.00 tlayer:4 pbqpoffset:6.82 pbfactor:2.20 avgQpOffsetCutree:0.00;
in:444 out:442 type:B q:27.83 q-aq:24.28 q-noVbv:27.83 q-Rceq:1.32 tex:31882 mv:7178 misc:3132 icu:65.25 pcu:934.25 scu:560.50 tlayer:2 pbqpoffset:3.08 pbfactor:1.43 avgQpOffsetCutree:-3.32;
in:442 out:443 type:B q:28.36 q-aq:26.83 q-noVbv:28.36 q-Rceq:1.32 tex:3779 mv:3756 misc:1889 icu:18.50 pcu:568.00 scu:973.50 tlayer:3 pbqpoffset:3.82 pbfactor:1.56 avgQpOffsetCutree:-1.78;
in:441 out:444 type:b q:31.25 q-aq:31.27 q-noVbv:31.25 q-Rceq:1.32 tex:539 mv:1529 misc:708 icu:1.00 pcu:417.00 scu:1142.00 tlayer:4 pbqpoffset:6.82 pbfactor:2.20 avgQpOffsetCutree:0.00;
in:443 out:445 type:b q:31.47 q-aq:31.58 q-noVbv:31.47 q-Rceq:1.32 tex:782 mv:1464 misc:658 icu:7.50 pcu:136.25 scu:1416.25 tlayer:4 pbqpoffset:6.82 pbfactor:2.20 avgQpOffsetCutree:0.00;
in:446 out:446 type:B q:28.80 q-aq:27.35 q-noVbv:28.80 q-Rceq:1.32 tex:7538 mv:3960 misc:1942 icu:35.75 pcu:399.75 scu:1124.50 tlayer:3 pbqpoffset:3.82 pbfactor:1.56 avgQpOffsetCutree:-1.74;
in:445 out:447 type:b q:31.69 q-aq:32.00 q-noVbv:31.69 q-Rceq:1.32 tex:676 mv:1440 misc:676 icu:1.25 pcu:173.00 scu:1385.75 tlayer:4 pbqpoffset:6.82 pbfactor:2.20 avgQpOffsetCutree:0.00;
in:447 out:448 type:b q:31.91 q-aq:32.11 q-noVbv:31.91 q-Rceq:1.32 tex:664 mv:1520 misc:656 icu:4.25 pcu:175.75 scu:1380.00 tlayer:4 pbqpoffset:6.82 pbfactor:2.20 avgQpOffsetCutree:0.00;
in:464 out:449 type:k q:25.09 q-aq:18.60 q-noVbv:25.09 q-Rceq:1.32 tex:275938 mv:38152 misc:4278 icu:574.25 pcu:944.75 scu:41.00 tlayer:0 pbqpoffset:1.21 pbfactor:1.15 avgQpOffsetCutree:-6.71;
in:456 out:450 type:B q:27.26 q-aq:22.46 q-noVbv:27.26 q-Rceq:1.32 tex:78932 mv:20902 misc:4134 icu:358.25 pcu:994.75 scu:207.00 tlayer:1 pbqpoffset:2.12 pbfactor:1.28 avgQpOffsetCutree:-4.66;
in:452 out:451 type:B q:27.61 q-aq:24.37 q-noVbv:27.61 q-Rceq:1.32 tex:24223 mv:8308 misc:2909 icu:99.75 pcu:648.25 scu:812.00 tlayer:2 pbqpoffset:2.44 pbfactor:1.32 avgQpOffsetCutree:-3.20;
in:450 out:452 type:B q:28.62 q-aq:27.66 q-noVbv:28.62 q-Rceq:1.32 tex:8421 mv:5013 misc:1742 icu:35.00 pcu:380.50 scu:1144.50 tlayer:3 pbqpoffset:3.43 pbfactor:1.49 avgQpOffsetCutree:-1.70;
in:449 out:453 type:b q:32.17 q-aq:32.12 q-noVbv:32.17 q-Rceq:1.32 tex:884 mv:1559 misc:637 icu:7.50 pcu:148.50 scu:1404.00 tlayer:4 pbqpoffset:6.98 pbfactor:2.24 avgQpOffsetCutree:0.00;
in:451 out:454 type:b q:32.16 q-aq:32.25 q-noVbv:32.16 q-Rceq:1.32 tex:1780 mv:1719 misc:765 icu:8.25 pcu:178.75 scu:1373.00 tlayer:4 pbqpoffset:6.98 pbfactor:2.24 avgQpOffsetCutree:0.00;
in:454 out:455 type:B q:28.42 q-aq:27.08 q-noVbv:28.42 q-Rceq:1.32 tex:10361 mv:5942 misc:2105 icu:28.50 pcu:553.25 scu:978.25 tlayer:3 pbqpoffset:3.26 pbfactor:1.46 avgQpOffsetCutree:-1.71;
in:453 out:456 type:b q:32.14 q-aq:32.23 q-noVbv:32.14 q-Rceq:1.32 tex:1714 mv:1981 misc:841 icu:2.50 pcu:143.75 scu:1413.75 tlayer:4 pbqpoffset:6.98 pbfactor:2.24 avgQpOffsetCutree:0.00;
in:455 out:457 type:b q:31.89 q-aq:32.13 q-noVbv:31.89 q-Rceq:1.32 tex:1631 mv:1587 misc:790 icu:6.75 pcu:125.75 scu:1427.50 tlayer:4 pbqpoffset:6.74 pbfactor:2.18 avgQpOffsetCutree:0.00;
in:460 out:458 type:B q:27.27 q-aq:24.15 q-noVbv:27.27 q-Rceq:1.32 tex:28029 mv:9498 misc:2945 icu:86.00 pcu:648.50 scu:825.50 tlayer:2 pbqpoffset:2.15 pbfactor:1.28 avgQpOffsetCutree:-3.22;
in:458 out:459 type:B q:28.20 q-aq:26.88 q-noVbv:28.20 q-Rceq:1.32 tex:10372 mv:6365 misc:2335 icu:39.00 pcu:519.75 scu:1001.25 tlayer:3 pbqpoffset:3.08 pbfactor:1.43 avgQpOffsetCutree:-1.66;
in:457 out:460 type:b q:32.12 q-aq:32.02 q-noVbv:32.12 q-Rceq:1.32 tex:1251 mv:2156 misc:857 icu:8.75 pcu:161.25 scu:1390.00 tlayer:4 pbqpoffset:6.98 pbfactor:2.24 avgQpOffsetCutree:0.00;
in:459 out:461 type:b q:31.89 q-aq:32.00 q-noVbv:31.89 q-Rceq:1.32 tex:1319 mv:2066 misc:863 icu:7.75 pcu:222.50 scu:1329.75 tlayer:4 pbqpoffset:6.77 pbfactor:2.19 avgQpOffsetCutree:0.00;
in:462 out:462 type:B q:27.98 q-aq:26.57 q-noVbv:27.98 q-Rceq:1.32 tex:12341 mv:6111 misc:2444 icu:30.75 pcu:555.75 scu:973.50 tlayer:3 pbqpoffset:2.88 pbfactor:1.40 avgQpOffsetCutree:-1.70;
in:461 out:463 type:b q:32.04 q-aq:32.06 q-noVbv:32.04 q-Rceq:1.32 tex:1251 mv:2009 misc:884 icu:2.75 pcu:164.25 scu:1393.00 tlayer:4 pbqpoffset:6.93 pbfactor:2.23 avgQpOffsetCutree:0.00;
in:463 out:464 type:b q:31.86 q-aq:32.00 q-noVbv:31.86 q-Rceq:1.32 tex:1788 mv:2006 misc:878 icu:2.00 pcu:141.50 scu:1416.50 tlayer:4 pbqpoffset:6.77 pbfactor:2.19 avgQpOffsetCutree:0.00;
in:480 out:465 type:k q:25.51 q-aq:19.99 q-noVbv:25.51 q-Rceq:1.32 tex:319307 mv:48459 misc:2914 icu:1520.25 pcu:39.50 scu:0.25 tlayer:0 pbqpoffset:0.56 pbfactor:1.07 avgQpOffsetCutree:-6.95;
in:472 out:466 type:B q:27.38 q-aq:22.68 q-noVbv:27.38 q-Rceq:1.32 tex:108637 mv:23909 misc:4430 icu:320.50 pcu:1034.75 scu:204.75 tlayer:1 pbqpoffset:2.08 pbfactor:1.27 avgQpOffsetCutree:-4.76;
in:468 out:467 type:B q:27.84 q-aq:24.60 q-noVbv:27.84 q-Rceq:1.32 tex:21982 mv:7187 misc:2711 icu:121.00 pcu:611.50 scu:827.50 tlayer:2 pbqpoffset:2.65 pbfactor:1.36 avgQpOffsetCutree:-3.22;
in:466 out:468 type:B q:28.38 q-aq:27.08 q-noVbv:28.38 q-Rceq:1.32 tex:10832 mv:6555 misc:2157 icu:44.00 pcu:540.00 scu:976.00 tlayer:3 pbqpoffset:3.24 pbfactor:1.45 avgQpOffsetCutree:-1.65;
in:465 out:469 type:b q:32.06 q-aq:32.06 q-noVbv:32.06 q-Rceq:1.32 tex:2432 mv:2394 misc:958 icu:8.00 pcu:130.50 scu:1421.50 tlayer:4 pbqpoffset:6.95 pbfactor:2.23 avgQpOffsetCutree:0.00;
in:467 out:470 type:b q:32.11 q-aq:32.06 q-noVbv:32.11 q-Rceq:1.32 tex:1676 mv:1972 misc:856 icu:8.00 pcu:158.25 scu:1393.75 tlayer:4 pbqpoffset:6.95 pbfactor:2.23 avgQpOffsetCutree:0.00;
in:470 out:471 type:B q:29.15 q-aq:27.91 q-noVbv:29.15 q-Rceq:1.32 tex:10848 mv:4829 misc:2043 icu:47.75 pcu:615.75 scu:896.50 tlayer:3 pbqpoffset:3.91 pbfactor:1.57 avgQpOffsetCutree:-1.70;
in:469 out:472 type:b q:32.17 q-aq:32.20 q-noVbv:32.17 q-Rceq:1.32 tex:1391 mv:2073 misc:720 icu:5.50 pcu:187.25 scu:1367.25 tlayer:4 pbqpoffset:6.95 pbfactor:2.23 avgQpOffsetCutree:0.00;
in:471 out:473 type:b q:32.22 q-aq:32.20 q-noVbv:32.22 q-Rceq:1.32 tex:1038 mv:1812 misc:782 icu:4.75 pcu:133.25 scu:1422.00 tlayer:4 pbqpoffset:6.95 pbfactor:2.23 avgQpOffsetCutree:0.00;
in:476 out:474 type:B q:28.25 q-aq:24.76 q-noVbv:28.25 q-Rceq:1.32 tex:33226 mv:8057 misc:3269 icu:109.25 pcu:867.75 scu:583.00 tlayer:2 pbqpoffset:2.85 pbfactor:1.39 avgQpOffsetCutree:-3.37;
in:474 out:475 type:B q:28.88 q-aq:27.73 q-noVbv:28.88 q-Rceq:1.32 tex:8418 mv:5462 misc:1936 icu:23.00 pcu:601.25 scu:935.75 tlayer:3 pbqpoffset:3.54 pbfactor:1.50 avgQpOffsetCutree:-1.72;
in:473 out:476 type:b q:32.27 q-aq:32.17 q-noVbv:32.27 q-Rceq:1.32 tex:920 mv:1922 misc:910 icu:4.00 pcu:199.25 scu:1356.75 tlayer:4 pbqpoffset:6.95 pbfactor:2.23 avgQpOffsetCutree:0.00;
in:475 out:477 type:b q:32.32 q-aq:32.12 q-noVbv:32.32 q-Rceq:1.32 tex:631 mv:1394 misc:687 icu:1.75 pcu:115.50 scu:1442.75 tlayer:4 pbqpoffset:6.95 pbfactor:2.23 avgQpOffsetCutree:0.00;
in:478 out:478 type:B q:29.40 q-aq:27.97 q-noVbv:29.40 q-Rceq:1.32 tex:9131 mv:4867 misc:2106 icu:22.25 pcu:595.25 scu:942.50 tlayer:3 pbqpoffset:3.95 pbfactor:1.58 avgQpOffsetCutree:-1.71;
in:477 out:479 type:b q:32.38 q-aq:32.15 q-noVbv:32.38 q-Rceq:1.32 tex:558 mv:1312 misc:666 icu:2.00 pcu:95.50 scu:1462.50 tlayer:4 pbqpoffset:6.95 pbfactor:2.23 avgQpOffsetCutree:0.00;
in:479 out:480 type:b q:32.43 q-aq:32.23 q-noVbv:32.43 q-Rceq:1.32 tex:643 mv:1538 misc:707 icu:6.25 pcu:174.25 scu:1379.50 tlayer:4 pbqpoffset:6.95 pbfactor:2.23 avgQpOffsetCutree:0.00;
in:496 out:481 type:k q:27.10 q-aq:21.26 q-noVbv:27.10 q-Rceq:1.32 tex:163071 mv:31680 misc:5017 icu:450.50 pcu:972.25 scu:137.25 tlayer:0 pbqpoffset:1.17 pbfactor:1.14 avgQpOffsetCutree:-5.71;
in:488 out:482 type:B q:28.28 q-aq:22.92 q-noVbv:28.28 q-Rceq:1.32 tex:58910 mv:18748 misc:3518 icu:276.25 pcu:1030.25 scu:253.50 tlayer:1 pbqpoffset:1.97 pbfactor:1.26 avgQpOffsetCutree:-4.89;
in:484 out:483 type:B q:28.05 q-aq:25.10 q-noVbv:28.05 q-Rceq:1.32 tex:15627 mv:6947 misc:2226 icu:79.25 pcu:658.25 scu:822.50 tlayer:2 pbqpoffset:2.15 pbfactor:1.28 avgQpOffsetCutree:-3.37;
in:482 out:484 type:B q:28.61 q-aq:27.42 q-noVbv:28.61 q-Rceq:1.32 tex:6440 mv:4232 misc:1944 icu:21.75 pcu:477.00 scu:1061.25 tlayer:3 pbqpoffset:2.90 pbfactor:1.40 avgQpOffsetCutree:-1.66;
in:481 out:485 type:b q:32.44 q-aq:32.31 q-noVbv:32.44 q-Rceq:1.32 tex:582 mv:1261 misc:717 icu:0.75 pcu:119.00 scu:1440.25 tlayer:4 pbqpoffset:6.84 pbfactor:2.20 avgQpOffsetCutree:0.00;
in:483 out:486 type:b q:32.64 q-aq:33.00 q-noVbv:32.64 q-Rceq:1.32 tex:561 mv:1207 misc:664 icu:4.00 pcu:89.25 scu:1466.75 tlayer:4 pbqpoffset:6.84 pbfactor:2.20 avgQpOffsetCutree:0.00;
in:486 out:487 type:B q:29.16 q-aq:27.78 q-noVbv:29.16 q-Rceq:1.32 tex:8012 mv:4898 misc:1930 icu:22.00 pcu:500.50 scu:1037.50 tlayer:3 pbqpoffset:3.06 pbfactor:1.42 avgQpOffsetCutree:-1.73;
in:485 out:488 type:b q:32.84 q-aq:33.00 q-noVbv:32.84 q-Rceq:1.32 tex:431 mv:949 misc:564 icu:6.00 pcu:112.50 scu:1441.50 tlayer:4 pbqpoffset:6.84 pbfactor:2.20 avgQpOffsetCutree:0.00;
in:487 out:489 type:b q:33.04 q-aq:33.00 q-noVbv:33.04 q-Rceq:1.32 tex:859 mv:899 misc:506 icu:1.00 pcu:77.50 scu:1481.50 tlayer:4 pbqpoffset:6.84 pbfactor:2.20 avgQpOffsetCutree:0.00;
in:492 out:490 type:B q:29.02 q-aq:26.15 q-noVbv:29.02 q-Rceq:1.32 tex:10488 mv:6733 misc:2283 icu:29.00 pcu:621.25 scu:909.75 tlayer:2 pbqpoffset:2.31 pbfactor:1.31 avgQpOffsetCutree:-3.37;
in:490 out:491 type:B q:29.54 q-aq:28.35 q-noVbv:29.54 q-Rceq:1.32 tex:4635 mv:3486 misc:1743 icu:10.50 pcu:306.75 scu:1242.75 tlayer:3 pbqpoffset:3.03 pbfactor:1.42 avgQpOffsetCutree:-1.77;
in:489 out:492 type:b q:33.24 q-aq:33.00 q-noVbv:33.24 q-Rceq:1.32 tex:202 mv:660 misc:442 icu:0.00 pcu:59.00 scu:1501.00 tlayer:4 pbqpoffset:6.84 pbfactor:2.20 avgQpOffsetCutree:0.00;
in:491 out:493 type:b q:33.44 q-aq:33.00 q-noVbv:33.44 q-Rceq:1.32 tex:33 mv:737 misc:430 icu:0.00 pcu:144.00 scu:1416.00 tlayer:4 pbqpoffset:6.84 pbfactor:2.20 avgQpOffsetCutree:0.00;
in:494 out:494 type:B q:30.17 q-aq:28.89 q-noVbv:30.17 q-Rceq:1.32 tex:3252 mv:3024 misc:1404 icu:10.75 pcu:443.50 scu:1105.75 tlayer:3 pbqpoffset:3.27 pbfactor:1.46 avgQpOffsetCutree:-1.73;
in:493 out:495 type:b q:33.64 q-aq:34.00 q-noVbv:33.64 q-Rceq:1.32 tex:310 mv:687 misc:419 icu:1.00 pcu:54.50 scu:1504.50 tlayer:4 pbqpoffset:6.84 pbfactor:2.20 avgQpOffsetCutree:0.00;
in:495 out:496 type:b q:33.84 q-aq:34.00 q-noVbv:33.84 q-Rceq:1.32 tex:194 mv:674 misc:452 icu:0.00 pcu:71.50 scu:1488.50 tlayer:4 pbqpoffset:6.84 pbfactor:2.20 avgQpOffsetCutree:0.00;
in:499 out:497 type:k q:26.81 q-aq:25.03 q-noVbv:26.81 q-Rceq:1.32 tex:19422 mv:8947 misc:2335 icu:39.00 pcu:977.00 scu:544.00 tlayer:0 pbqpoffset:0.82 pbfactor:1.10 avgQpOffsetCutree:-1.46;
in:498 out:498 type:B q:28.36 q-aq:28.00 q-noVbv:28.36 q-Rceq:1.32 tex:2456 mv:3575 misc:1201 icu:5.50 pcu:827.00 scu:727.50 tlayer:1 pbqpoffset:1.45 pbfactor:1.18 avgQpOffsetCutree:-0.99;
in:497 out:499 type:b q:29.59 q-aq:30.00 q-noVbv:29.59 q-Rceq:1.32 tex:353 mv:734 misc:441 icu:1.00 pcu:73.25 scu:1485.75 tlayer:2 pbqpoffset:2.59 pbfactor:1.35 avgQpOffsetCutree:0.00;
