#options: cpuid=1173503 frame-threads=1 no-wpp no-pmode no-pme psnr no-ssim log-level=2 bitdepth=8 input-csp=1 fps=25000/1000 input-res=768x432 interlace=0 total-frames=250 level-idc=0 high-tier=1 uhd-bd=0 ref=4 no-allow-non-conformance no-repeat-headers annexb no-aud no-hrd info hash=0 no-temporal-layers open-gop min-keyint=1 keyint=5000 bframes=15 b-adapt=2 b-pyramid bframe-bias=0 rc-lookahead=40 lookahead-slices=0 scenecut=40 no-intra-refresh ctu=64 min-cu-size=8 rect amp max-tu-size=32 tu-inter-depth=3 tu-intra-depth=3 limit-tu=4 rdoq-level=2 dynamic-rd=0.00 no-ssim-rd signhide no-tskip nr-intra=0 nr-inter=0 no-constrained-intra strong-intra-smoothing max-merge=4 limit-refs=1 limit-modes me=3 subme=4 merange=57 temporal-mvp weightp weightb no-analyze-src-pics deblock=0:0 sao no-sao-non-deblock rd=6 no-early-skip rskip no-fast-intra no-tskip-fast no-cu-lossless b-intra rdpenalty=0 psy-rd=0.00 psy-rdoq=0.00 no-rd-refine analysis-reuse-mode=0 no-lossless cbqpoffs=0 crqpoffs=0 rc=abr bitrate=2000 qcomp=0.60 qpstep=4 stats-write=1 stats-read=0 slow-firstpass ipratio=1.40 pbratio=1.30 aq-mode=1 aq-strength=0.00 cutree zone-count=0 no-strict-cbr qg-size=64 no-rc-grain qpmax=69 qpmin=0 no-const-vbv sar=0 overscan=0 videoformat=5 range=0 colorprim=2 transfer=2 colormatrix=2 chromaloc=0 display-window=0 max-cll=0,0 min-luma=0 max-luma=255 log2-max-poc-lsb=8 vui-timing-info vui-hrd-info slices=1 opt-qp-pps opt-ref-list-length-pps no-multi-pass-opt-rps scenecut-bias=0.05 no-opt-cu-delta-qp no-aq-motion no-hdr no-hdr-opt no-dhdr10-opt analysis-reuse-level=5 scale-factor=0 refine-intra=0 refine-inter=0 refine-mv=0 no-limit-sao ctu-info=0 max-tlayer=4
in:0 out:0 type:I q:29.61 q-aq:31.19 q-noVbv:29.61 q-Rceq:1.00 tex:98934 mv:12301 misc:1957 icu:1296.00 pcu:0.00 scu:0.00 tlayer:0 pbqpoffset:0.00 pbfactor:1.00 avgQpOffsetCutree:-0.85;
in:4 out:1 type:k q:32.52 q-aq:31.59 q-noVbv:32.52 q-Rceq:1.00 tex:85974 mv:8949 misc:1829 icu:1228.50 pcu:65.75 scu:1.75 tlayer:0 pbqpoffset:0.00 pbfactor:1.00 avgQpOffsetCutree:-1.67;
in:2 out:2 type:B q:34.82 q-aq:35.02 q-noVbv:34.82 q-Rceq:1.00 tex:51986 mv:8611 misc:1635 icu:1020.00 pcu:260.75 scu:15.25 tlayer:1 pbqpoffset:2.30 pbfactor:1.31 avgQpOffsetCutree:-0.73;
in:1 out:3 type:b q:35.96 q-aq:36.19 q-noVbv:35.96 q-Rceq:1.00 tex:36696 mv:8662 misc:1826 icu:666.25 pcu:536.75 scu:93.00 tlayer:2 pbqpoffset:3.44 pbfactor:1.49 avgQpOffsetCutree:0.00;
in:3 out:4 type:b q:35.96 q-aq:36.19 q-noVbv:35.96 q-Rceq:1.00 tex:35630 mv:8467 misc:1831 icu:697.75 pcu:486.00 scu:112.25 tlayer:2 pbqpoffset:3.44 pbfactor:1.49 avgQpOffsetCutree:0.00;
in:19 out:5 type:k q:29.17 q-aq:28.10 q-noVbv:29.17 q-Rceq:1.00 tex:125650 mv:13814 misc:2112 icu:1211.00 pcu:84.75 scu:0.25 tlayer:0 pbqpoffset:0.00 pbfactor:1.00 avgQpOffsetCutree:-1.90;
in:12 out:6 type:B q:32.68 q-aq:32.01 q-noVbv:32.68 q-Rceq:1.00 tex:82187 mv:9699 misc:1802 icu:1177.75 pcu:117.25 scu:1.00 tlayer:1 pbqpoffset:1.95 pbfactor:1.25 avgQpOffsetCutree:-1.40;
in:8 out:7 type:B q:33.57 q-aq:33.42 q-noVbv:33.57 q-Rceq:1.00 tex:71092 mv:9670 misc:1710 icu:1135.75 pcu:158.25 scu:2.00 tlayer:2 pbqpoffset:1.95 pbfactor:1.25 avgQpOffsetCutree:-1.10;
in:6 out:8 type:B q:34.02 q-aq:34.35 q-noVbv:34.02 q-Rceq:1.00 tex:60306 mv:9958 misc:1840 icu:1000.25 pcu:275.50 scu:20.25 tlayer:3 pbqpoffset:1.95 pbfactor:1.25 avgQpOffsetCutree:-0.73;
in:5 out:9 type:b q:35.38 q-aq:35.68 q-noVbv:35.38 q-Rceq:1.00 tex:44498 mv:8078 misc:1832 icu:677.75 pcu:539.00 scu:79.25 tlayer:4 pbqpoffset:3.08 pbfactor:1.43 avgQpOffsetCutree:0.00;
in:7 out:10 type:b q:34.93 q-aq:35.25 q-noVbv:34.93 q-Rceq:1.00 tex:48943 mv:9543 misc:1914 icu:774.50 pcu:419.25 scu:102.25 tlayer:4 pbqpoffset:3.08 pbfactor:1.43 avgQpOffsetCutree:0.00;
in:10 out:11 type:B q:33.13 q-aq:33.50 q-noVbv:33.13 q-Rceq:1.00 tex:66540 mv:10233 misc:1875 icu:1056.50 pcu:224.25 scu:15.25 tlayer:3 pbqpoffset:1.95 pbfactor:1.25 avgQpOffsetCutree:-0.63;
in:9 out:12 type:b q:34.49 q-aq:34.93 q-noVbv:34.49 q-Rceq:1.00 tex:46244 mv:11036 misc:2312 icu:797.00 pcu:401.00 scu:98.00 tlayer:4 pbqpoffset:3.08 pbfactor:1.43 avgQpOffsetCutree:0.00;
in:11 out:13 type:b q:34.04 q-aq:34.27 q-noVbv:34.04 q-Rceq:1.00 tex:52212 mv:11858 misc:2194 icu:755.00 pcu:483.75 scu:57.25 tlayer:4 pbqpoffset:3.08 pbfactor:1.43 avgQpOffsetCutree:0.00;
in:16 out:14 type:B q:31.79 q-aq:32.02 q-noVbv:31.79 q-Rceq:1.00 tex:94802 mv:13318 misc:1976 icu:1178.00 pcu:115.00 scu:3.00 tlayer:2 pbqpoffset:1.95 pbfactor:1.25 avgQpOffsetCutree:-0.85;
in:14 out:15 type:B q:32.23 q-aq:32.52 q-noVbv:32.23 q-Rceq:1.00 tex:75270 mv:10194 misc:1880 icu:1057.50 pcu:228.25 scu:10.25 tlayer:3 pbqpoffset:1.95 pbfactor:1.25 avgQpOffsetCutree:-0.72;
in:13 out:16 type:b q:33.59 q-aq:34.10 q-noVbv:33.59 q-Rceq:1.00 tex:52388 mv:12331 misc:2281 icu:738.50 pcu:471.00 scu:86.50 tlayer:4 pbqpoffset:3.08 pbfactor:1.43 avgQpOffsetCutree:0.00;
in:15 out:17 type:b q:33.15 q-aq:33.37 q-noVbv:33.15 q-Rceq:1.00 tex:65853 mv:11442 misc:2121 icu:768.75 pcu:491.00 scu:36.25 tlayer:4 pbqpoffset:3.08 pbfactor:1.43 avgQpOffsetCutree:0.00;
in:18 out:18 type:B q:31.34 q-aq:32.09 q-noVbv:31.34 q-Rceq:1.00 tex:73145 mv:13335 misc:2120 icu:879.50 pcu:367.75 scu:48.75 tlayer:3 pbqpoffset:1.95 pbfactor:1.25 avgQpOffsetCutree:-0.39;
in:17 out:19 type:b q:32.70 q-aq:33.15 q-noVbv:32.70 q-Rceq:1.00 tex:65164 mv:13628 misc:2400 icu:717.75 pcu:490.50 scu:87.75 tlayer:4 pbqpoffset:3.08 pbfactor:1.43 avgQpOffsetCutree:0.00;
in:26 out:20 type:k q:30.31 q-aq:30.19 q-noVbv:30.31 q-Rceq:1.00 tex:97558 mv:11278 misc:1876 icu:1182.00 pcu:113.25 scu:0.75 tlayer:0 pbqpoffset:0.00 pbfactor:1.00 avgQpOffsetCutree:-1.84;
in:23 out:21 type:B q:31.91 q-aq:32.27 q-noVbv:31.91 q-Rceq:1.00 tex:78398 mv:11015 misc:1947 icu:1132.00 pcu:160.75 scu:3.25 tlayer:1 pbqpoffset:2.09 pbfactor:1.27 avgQpOffsetCutree:-1.08;
in:21 out:22 type:B q:31.58 q-aq:32.35 q-noVbv:31.58 q-Rceq:1.00 tex:73260 mv:12937 misc:1955 icu:983.25 pcu:296.50 scu:16.25 tlayer:2 pbqpoffset:2.09 pbfactor:1.27 avgQpOffsetCutree:-0.73;
in:20 out:23 type:b q:32.55 q-aq:33.18 q-noVbv:32.55 q-Rceq:1.00 tex:57504 mv:14805 misc:2363 icu:717.75 pcu:475.00 scu:103.25 tlayer:3 pbqpoffset:3.22 pbfactor:1.45 avgQpOffsetCutree:0.00;
in:22 out:24 type:b q:32.88 q-aq:33.35 q-noVbv:32.88 q-Rceq:1.00 tex:54970 mv:13149 misc:2353 icu:692.75 pcu:529.25 scu:74.00 tlayer:3 pbqpoffset:3.22 pbfactor:1.45 avgQpOffsetCutree:0.00;
in:25 out:25 type:B q:32.23 q-aq:33.39 q-noVbv:32.23 q-Rceq:1.00 tex:59332 mv:11166 misc:2062 icu:828.50 pcu:412.25 scu:55.25 tlayer:2 pbqpoffset:2.09 pbfactor:1.27 avgQpOffsetCutree:-0.35;
in:24 out:26 type:b q:33.21 q-aq:33.64 q-noVbv:33.21 q-Rceq:1.00 tex:53546 mv:12455 misc:2375 icu:653.75 pcu:555.25 scu:87.00 tlayer:3 pbqpoffset:3.22 pbfactor:1.45 avgQpOffsetCutree:0.00;
in:42 out:27 type:k q:30.30 q-aq:29.62 q-noVbv:30.30 q-Rceq:1.00 tex:104451 mv:11239 misc:1894 icu:1181.50 pcu:113.75 scu:0.75 tlayer:0 pbqpoffset:0.00 pbfactor:1.00 avgQpOffsetCutree:-2.14;
in:34 out:28 type:B q:32.45 q-aq:31.98 q-noVbv:32.45 q-Rceq:1.00 tex:84996 mv:9512 misc:1652 icu:1095.25 pcu:200.50 scu:0.25 tlayer:1 pbqpoffset:2.15 pbfactor:1.28 avgQpOffsetCutree:-1.57;
in:30 out:29 type:B q:32.46 q-aq:32.54 q-noVbv:32.46 q-Rceq:1.00 tex:77943 mv:9723 misc:1806 icu:1076.75 pcu:216.00 scu:3.25 tlayer:2 pbqpoffset:2.15 pbfactor:1.28 avgQpOffsetCutree:-1.18;
in:28 out:30 type:B q:32.46 q-aq:32.87 q-noVbv:32.46 q-Rceq:1.00 tex:69128 mv:11085 misc:1947 icu:949.50 pcu:332.50 scu:14.00 tlayer:3 pbqpoffset:2.15 pbfactor:1.28 avgQpOffsetCutree:-0.77;
in:27 out:31 type:b q:33.60 q-aq:34.15 q-noVbv:33.60 q-Rceq:1.00 tex:49092 mv:12676 misc:2440 icu:668.50 pcu:504.00 scu:123.50 tlayer:4 pbqpoffset:3.28 pbfactor:1.46 avgQpOffsetCutree:0.00;
in:29 out:32 type:b q:33.59 q-aq:34.14 q-noVbv:33.59 q-Rceq:1.00 tex:50918 mv:12660 misc:2422 icu:691.25 pcu:506.50 scu:98.25 tlayer:4 pbqpoffset:3.28 pbfactor:1.46 avgQpOffsetCutree:0.00;
in:32 out:33 type:B q:32.46 q-aq:33.33 q-noVbv:32.46 q-Rceq:1.00 tex:78002 mv:11203 misc:1907 icu:1007.50 pcu:277.50 scu:11.00 tlayer:3 pbqpoffset:2.15 pbfactor:1.28 avgQpOffsetCutree:-0.53;
in:31 out:34 type:b q:33.59 q-aq:34.14 q-noVbv:33.59 q-Rceq:1.00 tex:50147 mv:12550 misc:2271 icu:754.00 pcu:471.25 scu:70.75 tlayer:4 pbqpoffset:3.28 pbfactor:1.46 avgQpOffsetCutree:0.00;
in:33 out:35 type:b q:33.59 q-aq:34.12 q-noVbv:33.59 q-Rceq:1.00 tex:56057 mv:10057 misc:1990 icu:631.50 pcu:605.25 scu:59.25 tlayer:4 pbqpoffset:3.28 pbfactor:1.46 avgQpOffsetCutree:0.00;
in:38 out:36 type:B q:32.45 q-aq:32.45 q-noVbv:32.45 q-Rceq:1.00 tex:76072 mv:8960 misc:1752 icu:1097.00 pcu:197.50 scu:1.50 tlayer:2 pbqpoffset:2.15 pbfactor:1.28 avgQpOffsetCutree:-1.18;
in:36 out:37 type:B q:32.45 q-aq:32.88 q-noVbv:32.45 q-Rceq:1.00 tex:70070 mv:10862 misc:1852 icu:1023.25 pcu:253.75 scu:19.00 tlayer:3 pbqpoffset:2.15 pbfactor:1.28 avgQpOffsetCutree:-0.78;
in:35 out:38 type:b q:33.59 q-aq:34.13 q-noVbv:33.59 q-Rceq:1.00 tex:51602 mv:11244 misc:2250 icu:634.25 pcu:553.25 scu:108.50 tlayer:4 pbqpoffset:3.28 pbfactor:1.46 avgQpOffsetCutree:0.00;
in:37 out:39 type:b q:33.59 q-aq:34.17 q-noVbv:33.59 q-Rceq:1.00 tex:50104 mv:12010 misc:2182 icu:663.25 pcu:544.50 scu:88.25 tlayer:4 pbqpoffset:3.28 pbfactor:1.46 avgQpOffsetCutree:0.00;
in:40 out:40 type:B q:32.45 q-aq:32.87 q-noVbv:32.45 q-Rceq:1.00 tex:67908 mv:10790 misc:1958 icu:995.00 pcu:284.25 scu:16.75 tlayer:3 pbqpoffset:2.15 pbfactor:1.28 avgQpOffsetCutree:-0.79;
in:39 out:41 type:b q:33.58 q-aq:34.14 q-noVbv:33.58 q-Rceq:1.00 tex:49485 mv:11461 misc:2358 icu:627.50 pcu:554.50 scu:114.00 tlayer:4 pbqpoffset:3.28 pbfactor:1.46 avgQpOffsetCutree:0.00;
in:41 out:42 type:b q:33.58 q-aq:34.14 q-noVbv:33.58 q-Rceq:1.00 tex:46687 mv:12312 misc:2281 icu:636.00 pcu:552.00 scu:108.00 tlayer:4 pbqpoffset:3.28 pbfactor:1.46 avgQpOffsetCutree:0.00;
in:58 out:43 type:k q:30.32 q-aq:29.61 q-noVbv:30.32 q-Rceq:1.00 tex:107040 mv:11488 misc:1920 icu:1111.75 pcu:184.00 scu:0.25 tlayer:0 pbqpoffset:0.00 pbfactor:1.00 avgQpOffsetCutree:-2.29;
in:50 out:44 type:B q:32.45 q-aq:32.01 q-noVbv:32.45 q-Rceq:1.00 tex:83569 mv:9787 misc:1836 icu:1061.25 pcu:233.00 scu:1.75 tlayer:1 pbqpoffset:2.14 pbfactor:1.28 avgQpOffsetCutree:-1.57;
in:46 out:45 type:B q:32.44 q-aq:32.49 q-noVbv:32.44 q-Rceq:1.00 tex:77675 mv:10073 misc:1860 icu:1058.00 pcu:235.25 scu:2.75 tlayer:2 pbqpoffset:2.14 pbfactor:1.28 avgQpOffsetCutree:-1.21;
in:44 out:46 type:B q:32.44 q-aq:32.98 q-noVbv:32.44 q-Rceq:1.00 tex:69383 mv:10691 misc:1918 icu:965.75 pcu:312.25 scu:18.00 tlayer:3 pbqpoffset:2.14 pbfactor:1.28 avgQpOffsetCutree:-0.72;
in:43 out:47 type:b q:33.57 q-aq:34.15 q-noVbv:33.57 q-Rceq:1.00 tex:48748 mv:12034 misc:2394 icu:646.00 pcu:531.75 scu:118.25 tlayer:4 pbqpoffset:3.27 pbfactor:1.46 avgQpOffsetCutree:0.00;
in:45 out:48 type:b q:33.57 q-aq:34.13 q-noVbv:33.57 q-Rceq:1.00 tex:49780 mv:11222 misc:2142 icu:662.50 pcu:528.75 scu:104.75 tlayer:4 pbqpoffset:3.27 pbfactor:1.46 avgQpOffsetCutree:0.00;
in:48 out:49 type:B q:32.44 q-aq:33.32 q-noVbv:32.44 q-Rceq:1.00 tex:76930 mv:11347 misc:1907 icu:996.25 pcu:289.25 scu:10.50 tlayer:3 pbqpoffset:2.14 pbfactor:1.28 avgQpOffsetCutree:-0.54;
in:47 out:50 type:b q:33.58 q-aq:34.17 q-noVbv:33.58 q-Rceq:1.00 tex:54409 mv:10451 misc:2028 icu:698.25 pcu:526.50 scu:71.25 tlayer:4 pbqpoffset:3.27 pbfactor:1.46 avgQpOffsetCutree:0.00;
in:49 out:51 type:b q:33.58 q-aq:34.17 q-noVbv:33.58 q-Rceq:1.00 tex:54376 mv:11354 misc:2182 icu:649.00 pcu:550.75 scu:96.25 tlayer:4 pbqpoffset:3.27 pbfactor:1.46 avgQpOffsetCutree:0.00;
in:54 out:52 type:B q:32.46 q-aq:32.55 q-noVbv:32.46 q-Rceq:1.00 tex:78123 mv:9963 misc:1810 icu:1067.25 pcu:227.00 scu:1.75 tlayer:2 pbqpoffset:2.14 pbfactor:1.28 avgQpOffsetCutree:-1.20;
in:52 out:53 type:B q:32.45 q-aq:33.00 q-noVbv:32.45 q-Rceq:1.00 tex:68565 mv:10826 misc:1905 icu:944.25 pcu:341.50 scu:10.25 tlayer:3 pbqpoffset:2.14 pbfactor:1.28 avgQpOffsetCutree:-0.74;
in:51 out:54 type:b q:33.59 q-aq:34.17 q-noVbv:33.59 q-Rceq:1.00 tex:50098 mv:12718 misc:2208 icu:674.50 pcu:546.50 scu:75.00 tlayer:4 pbqpoffset:3.27 pbfactor:1.46 avgQpOffsetCutree:0.00;
in:53 out:55 type:b q:33.59 q-aq:34.15 q-noVbv:33.59 q-Rceq:1.00 tex:51208 mv:11783 misc:2233 icu:663.50 pcu:528.75 scu:103.75 tlayer:4 pbqpoffset:3.27 pbfactor:1.46 avgQpOffsetCutree:0.00;
in:56 out:56 type:B q:32.46 q-aq:32.92 q-noVbv:32.46 q-Rceq:1.00 tex:67793 mv:11423 misc:1952 icu:931.00 pcu:350.00 scu:15.00 tlayer:3 pbqpoffset:2.14 pbfactor:1.28 avgQpOffsetCutree:-0.77;
in:55 out:57 type:b q:33.59 q-aq:34.14 q-noVbv:33.59 q-Rceq:1.00 tex:50479 mv:10604 misc:2069 icu:629.25 pcu:563.25 scu:103.50 tlayer:4 pbqpoffset:3.27 pbfactor:1.46 avgQpOffsetCutree:0.00;
in:57 out:58 type:b q:33.60 q-aq:34.17 q-noVbv:33.60 q-Rceq:1.00 tex:47216 mv:12424 misc:2496 icu:614.75 pcu:553.50 scu:127.75 tlayer:4 pbqpoffset:3.27 pbfactor:1.46 avgQpOffsetCutree:0.00;
in:74 out:59 type:k q:30.21 q-aq:29.62 q-noVbv:30.21 q-Rceq:1.00 tex:109233 mv:12083 misc:2020 icu:1122.50 pcu:172.75 scu:0.75 tlayer:0 pbqpoffset:0.81 pbfactor:1.10 avgQpOffsetCutree:-2.18;
in:66 out:60 type:B q:32.45 q-aq:31.94 q-noVbv:32.45 q-Rceq:1.00 tex:85400 mv:9503 misc:1801 icu:1090.75 pcu:204.25 scu:1.00 tlayer:1 pbqpoffset:2.18 pbfactor:1.29 avgQpOffsetCutree:-1.62;
in:62 out:61 type:B q:32.48 q-aq:32.42 q-noVbv:32.48 q-Rceq:1.00 tex:78341 mv:10646 misc:1861 icu:1010.00 pcu:285.25 scu:0.75 tlayer:2 pbqpoffset:2.18 pbfactor:1.29 avgQpOffsetCutree:-1.28;
in:60 out:62 type:B q:32.49 q-aq:32.86 q-noVbv:32.49 q-Rceq:1.00 tex:69580 mv:12225 misc:2099 icu:826.50 pcu:444.25 scu:25.25 tlayer:3 pbqpoffset:2.18 pbfactor:1.29 avgQpOffsetCutree:-0.79;
in:59 out:63 type:b q:33.64 q-aq:34.18 q-noVbv:33.64 q-Rceq:1.00 tex:49665 mv:12534 misc:2353 icu:588.50 pcu:590.25 scu:117.25 tlayer:4 pbqpoffset:3.32 pbfactor:1.47 avgQpOffsetCutree:0.00;
in:61 out:64 type:b q:33.62 q-aq:34.17 q-noVbv:33.62 q-Rceq:1.00 tex:47281 mv:12479 misc:2392 icu:600.00 pcu:577.25 scu:118.75 tlayer:4 pbqpoffset:3.32 pbfactor:1.47 avgQpOffsetCutree:0.00;
in:64 out:65 type:B q:32.46 q-aq:33.24 q-noVbv:32.46 q-Rceq:1.00 tex:76579 mv:11261 misc:2048 icu:991.50 pcu:286.50 scu:18.00 tlayer:3 pbqpoffset:2.18 pbfactor:1.29 avgQpOffsetCutree:-0.56;
in:63 out:66 type:b q:33.61 q-aq:34.20 q-noVbv:33.61 q-Rceq:1.00 tex:56810 mv:11277 misc:2281 icu:702.75 pcu:535.75 scu:57.50 tlayer:4 pbqpoffset:3.32 pbfactor:1.47 avgQpOffsetCutree:0.00;
in:65 out:67 type:b q:33.59 q-aq:34.15 q-noVbv:33.59 q-Rceq:1.00 tex:54062 mv:10255 misc:2115 icu:681.75 pcu:531.00 scu:83.25 tlayer:4 pbqpoffset:3.32 pbfactor:1.47 avgQpOffsetCutree:0.00;
in:70 out:68 type:B q:32.42 q-aq:32.36 q-noVbv:32.42 q-Rceq:1.00 tex:79676 mv:10341 misc:1783 icu:1079.50 pcu:213.75 scu:2.75 tlayer:2 pbqpoffset:2.18 pbfactor:1.29 avgQpOffsetCutree:-1.27;
in:68 out:69 type:B q:32.44 q-aq:32.94 q-noVbv:32.44 q-Rceq:1.00 tex:68790 mv:11326 misc:1948 icu:968.00 pcu:311.75 scu:16.25 tlayer:3 pbqpoffset:2.18 pbfactor:1.29 avgQpOffsetCutree:-0.79;
in:67 out:70 type:b q:33.58 q-aq:34.13 q-noVbv:33.58 q-Rceq:1.00 tex:50241 mv:12267 misc:2148 icu:673.25 pcu:545.00 scu:77.75 tlayer:4 pbqpoffset:3.32 pbfactor:1.47 avgQpOffsetCutree:0.00;
in:69 out:71 type:b q:33.56 q-aq:34.14 q-noVbv:33.56 q-Rceq:1.00 tex:51911 mv:12587 misc:2342 icu:601.50 pcu:577.75 scu:116.75 tlayer:4 pbqpoffset:3.32 pbfactor:1.47 avgQpOffsetCutree:0.00;
in:72 out:72 type:B q:32.41 q-aq:32.86 q-noVbv:32.41 q-Rceq:1.00 tex:69099 mv:11719 misc:1870 icu:912.25 pcu:366.75 scu:17.00 tlayer:3 pbqpoffset:2.18 pbfactor:1.29 avgQpOffsetCutree:-0.78;
in:71 out:73 type:b q:33.55 q-aq:34.15 q-noVbv:33.55 q-Rceq:1.00 tex:49637 mv:12598 misc:2245 icu:632.25 pcu:573.00 scu:90.75 tlayer:4 pbqpoffset:3.32 pbfactor:1.47 avgQpOffsetCutree:0.00;
in:73 out:74 type:b q:33.54 q-aq:34.20 q-noVbv:33.54 q-Rceq:1.00 tex:50220 mv:12179 misc:2337 icu:627.75 pcu:566.25 scu:102.00 tlayer:4 pbqpoffset:3.32 pbfactor:1.47 avgQpOffsetCutree:0.00;
in:90 out:75 type:k q:30.28 q-aq:29.64 q-noVbv:30.28 q-Rceq:1.00 tex:107165 mv:12031 misc:2132 icu:1117.50 pcu:177.75 scu:0.75 tlayer:0 pbqpoffset:1.56 pbfactor:1.20 avgQpOffsetCutree:-2.21;
in:82 out:76 type:B q:32.45 q-aq:32.00 q-noVbv:32.45 q-Rceq:1.00 tex:86003 mv:9604 misc:1849 icu:1065.75 pcu:228.25 scu:2.00 tlayer:1 pbqpoffset:2.20 pbfactor:1.29 avgQpOffsetCutree:-1.59;
in:78 out:77 type:B q:32.43 q-aq:32.46 q-noVbv:32.43 q-Rceq:1.00 tex:79621 mv:10157 misc:1950 icu:1058.00 pcu:233.00 scu:5.00 tlayer:2 pbqpoffset:2.20 pbfactor:1.29 avgQpOffsetCutree:-1.22;
in:76 out:78 type:B q:32.42 q-aq:32.94 q-noVbv:32.42 q-Rceq:1.00 tex:67995 mv:12316 misc:2057 icu:931.00 pcu:344.25 scu:20.75 tlayer:3 pbqpoffset:2.20 pbfactor:1.29 avgQpOffsetCutree:-0.77;
in:75 out:79 type:b q:33.55 q-aq:34.13 q-noVbv:33.55 q-Rceq:1.00 tex:49476 mv:12073 misc:2315 icu:677.25 pcu:505.75 scu:113.00 tlayer:4 pbqpoffset:3.34 pbfactor:1.47 avgQpOffsetCutree:0.00;
in:77 out:80 type:b q:33.56 q-aq:34.15 q-noVbv:33.56 q-Rceq:1.00 tex:51689 mv:11110 misc:2113 icu:708.75 pcu:504.25 scu:83.00 tlayer:4 pbqpoffset:3.34 pbfactor:1.47 avgQpOffsetCutree:0.00;
in:80 out:81 type:B q:32.44 q-aq:33.32 q-noVbv:32.44 q-Rceq:1.00 tex:77014 mv:10429 misc:1765 icu:977.25 pcu:311.50 scu:7.25 tlayer:3 pbqpoffset:2.20 pbfactor:1.29 avgQpOffsetCutree:-0.56;
in:79 out:82 type:b q:33.57 q-aq:34.17 q-noVbv:33.57 q-Rceq:1.00 tex:55828 mv:10830 misc:2318 icu:725.75 pcu:461.25 scu:109.00 tlayer:4 pbqpoffset:3.34 pbfactor:1.47 avgQpOffsetCutree:0.00;
in:81 out:83 type:b q:33.58 q-aq:34.17 q-noVbv:33.58 q-Rceq:1.00 tex:56652 mv:11140 misc:2256 icu:637.00 pcu:591.00 scu:68.00 tlayer:4 pbqpoffset:3.34 pbfactor:1.47 avgQpOffsetCutree:0.00;
in:86 out:84 type:B q:32.47 q-aq:32.32 q-noVbv:32.47 q-Rceq:1.00 tex:80038 mv:9866 misc:1872 icu:1028.25 pcu:265.00 scu:2.75 tlayer:2 pbqpoffset:2.20 pbfactor:1.29 avgQpOffsetCutree:-1.32;
in:84 out:85 type:B q:32.46 q-aq:32.93 q-noVbv:32.46 q-Rceq:1.00 tex:70067 mv:12474 misc:1963 icu:942.50 pcu:337.75 scu:15.75 tlayer:3 pbqpoffset:2.20 pbfactor:1.29 avgQpOffsetCutree:-0.78;
in:83 out:86 type:b q:33.59 q-aq:34.15 q-noVbv:33.59 q-Rceq:1.00 tex:50525 mv:13040 misc:2283 icu:674.00 pcu:544.25 scu:77.75 tlayer:4 pbqpoffset:3.34 pbfactor:1.47 avgQpOffsetCutree:0.00;
in:85 out:87 type:b q:33.60 q-aq:34.18 q-noVbv:33.60 q-Rceq:1.00 tex:50648 mv:11791 misc:2345 icu:627.75 pcu:575.75 scu:92.50 tlayer:4 pbqpoffset:3.34 pbfactor:1.47 avgQpOffsetCutree:0.00;
in:88 out:88 type:B q:32.48 q-aq:32.93 q-noVbv:32.48 q-Rceq:1.00 tex:66774 mv:12073 misc:2049 icu:912.50 pcu:363.00 scu:20.50 tlayer:3 pbqpoffset:2.20 pbfactor:1.29 avgQpOffsetCutree:-0.80;
in:87 out:89 type:b q:33.61 q-aq:34.14 q-noVbv:33.61 q-Rceq:1.00 tex:49872 mv:12073 misc:2415 icu:669.50 pcu:517.75 scu:108.75 tlayer:4 pbqpoffset:3.34 pbfactor:1.47 avgQpOffsetCutree:0.00;
in:89 out:90 type:b q:33.62 q-aq:34.11 q-noVbv:33.62 q-Rceq:1.00 tex:50163 mv:12312 misc:2269 icu:670.75 pcu:527.00 scu:98.25 tlayer:4 pbqpoffset:3.34 pbfactor:1.47 avgQpOffsetCutree:0.00;
in:106 out:91 type:k q:30.46 q-aq:29.79 q-noVbv:30.46 q-Rceq:1.00 tex:105236 mv:11529 misc:2059 icu:1117.25 pcu:177.50 scu:1.25 tlayer:0 pbqpoffset:0.78 pbfactor:1.09 avgQpOffsetCutree:-2.14;
in:98 out:92 type:B q:32.56 q-aq:32.14 q-noVbv:32.56 q-Rceq:1.00 tex:88534 mv:10317 misc:1885 icu:1073.50 pcu:220.00 scu:2.50 tlayer:1 pbqpoffset:2.19 pbfactor:1.29 avgQpOffsetCutree:-1.64;
in:94 out:93 type:B q:32.52 q-aq:32.60 q-noVbv:32.52 q-Rceq:1.00 tex:80981 mv:11272 misc:1995 icu:1026.75 pcu:263.00 scu:6.25 tlayer:2 pbqpoffset:2.19 pbfactor:1.29 avgQpOffsetCutree:-1.23;
in:92 out:94 type:B q:32.50 q-aq:32.86 q-noVbv:32.50 q-Rceq:1.00 tex:67296 mv:11907 misc:2005 icu:917.00 pcu:361.00 scu:18.00 tlayer:3 pbqpoffset:2.19 pbfactor:1.29 avgQpOffsetCutree:-0.83;
in:91 out:95 type:b q:33.62 q-aq:34.12 q-noVbv:33.62 q-Rceq:1.00 tex:50061 mv:12356 misc:2351 icu:699.25 pcu:476.00 scu:120.75 tlayer:4 pbqpoffset:3.33 pbfactor:1.47 avgQpOffsetCutree:0.00;
in:93 out:96 type:b q:33.64 q-aq:34.17 q-noVbv:33.64 q-Rceq:1.00 tex:52027 mv:12034 misc:2323 icu:661.75 pcu:533.50 scu:100.75 tlayer:4 pbqpoffset:3.33 pbfactor:1.47 avgQpOffsetCutree:0.00;
in:96 out:97 type:B q:32.54 q-aq:33.45 q-noVbv:32.54 q-Rceq:1.00 tex:80324 mv:11051 misc:1865 icu:991.50 pcu:287.25 scu:17.25 tlayer:3 pbqpoffset:2.19 pbfactor:1.29 avgQpOffsetCutree:-0.55;
in:95 out:98 type:b q:33.67 q-aq:34.23 q-noVbv:33.67 q-Rceq:1.00 tex:56996 mv:11498 misc:2290 icu:734.75 pcu:489.00 scu:72.25 tlayer:4 pbqpoffset:3.33 pbfactor:1.47 avgQpOffsetCutree:0.00;
in:97 out:99 type:b q:33.69 q-aq:34.30 q-noVbv:33.69 q-Rceq:1.00 tex:58193 mv:11668 misc:2211 icu:660.75 pcu:539.75 scu:95.50 tlayer:4 pbqpoffset:3.33 pbfactor:1.47 avgQpOffsetCutree:0.00;
in:102 out:100 type:B q:32.61 q-aq:32.54 q-noVbv:32.61 q-Rceq:1.00 tex:78486 mv:11601 misc:1953 icu:1088.50 pcu:203.25 scu:4.25 tlayer:2 pbqpoffset:2.19 pbfactor:1.29 avgQpOffsetCutree:-1.26;
in:100 out:101 type:B q:32.59 q-aq:33.07 q-noVbv:32.59 q-Rceq:1.00 tex:72611 mv:11781 misc:2160 icu:972.00 pcu:299.75 scu:24.25 tlayer:3 pbqpoffset:2.19 pbfactor:1.29 avgQpOffsetCutree:-0.82;
in:99 out:102 type:b q:33.71 q-aq:34.26 q-noVbv:33.71 q-Rceq:1.00 tex:55514 mv:13107 misc:2363 icu:665.50 pcu:534.00 scu:96.50 tlayer:4 pbqpoffset:3.33 pbfactor:1.47 avgQpOffsetCutree:0.00;
in:101 out:103 type:b q:33.73 q-aq:34.26 q-noVbv:33.73 q-Rceq:1.00 tex:48468 mv:12253 misc:2327 icu:690.00 pcu:496.50 scu:109.50 tlayer:4 pbqpoffset:3.33 pbfactor:1.47 avgQpOffsetCutree:0.00;
in:104 out:104 type:B q:32.63 q-aq:33.19 q-noVbv:32.63 q-Rceq:1.00 tex:66062 mv:10846 misc:2004 icu:947.25 pcu:320.25 scu:28.50 tlayer:3 pbqpoffset:2.19 pbfactor:1.29 avgQpOffsetCutree:-0.71;
in:103 out:105 type:b q:33.76 q-aq:34.22 q-noVbv:33.76 q-Rceq:1.00 tex:46955 mv:12283 misc:2354 icu:685.00 pcu:491.00 scu:120.00 tlayer:4 pbqpoffset:3.33 pbfactor:1.47 avgQpOffsetCutree:0.00;
in:105 out:106 type:b q:33.78 q-aq:34.18 q-noVbv:33.78 q-Rceq:1.00 tex:48962 mv:12767 misc:2399 icu:650.25 pcu:543.75 scu:102.00 tlayer:4 pbqpoffset:3.33 pbfactor:1.47 avgQpOffsetCutree:0.00;
in:114 out:107 type:k q:30.43 q-aq:30.07 q-noVbv:30.43 q-Rceq:1.00 tex:108784 mv:11060 misc:1940 icu:1116.75 pcu:179.00 scu:0.25 tlayer:0 pbqpoffset:1.00 pbfactor:1.12 avgQpOffsetCutree:-1.88;
in:110 out:108 type:B q:32.63 q-aq:32.50 q-noVbv:32.63 q-Rceq:1.00 tex:78109 mv:9840 misc:1819 icu:1095.00 pcu:198.50 scu:2.50 tlayer:1 pbqpoffset:2.19 pbfactor:1.29 avgQpOffsetCutree:-1.25;
in:108 out:109 type:B q:32.64 q-aq:33.06 q-noVbv:32.64 q-Rceq:1.00 tex:66815 mv:11231 misc:2042 icu:967.00 pcu:301.00 scu:28.00 tlayer:2 pbqpoffset:2.19 pbfactor:1.29 avgQpOffsetCutree:-0.76;
in:107 out:110 type:b q:33.78 q-aq:34.20 q-noVbv:33.78 q-Rceq:1.00 tex:49119 mv:11960 misc:2177 icu:696.25 pcu:524.50 scu:75.25 tlayer:3 pbqpoffset:3.32 pbfactor:1.47 avgQpOffsetCutree:0.00;
in:109 out:111 type:b q:33.77 q-aq:34.25 q-noVbv:33.77 q-Rceq:1.00 tex:50298 mv:11125 misc:2161 icu:678.50 pcu:513.25 scu:104.25 tlayer:3 pbqpoffset:3.32 pbfactor:1.47 avgQpOffsetCutree:0.00;
in:112 out:112 type:B q:32.63 q-aq:33.52 q-noVbv:32.63 q-Rceq:1.00 tex:75383 mv:11398 misc:2019 icu:1011.25 pcu:262.50 scu:22.25 tlayer:2 pbqpoffset:2.19 pbfactor:1.29 avgQpOffsetCutree:-0.53;
in:111 out:113 type:b q:33.76 q-aq:34.26 q-noVbv:33.76 q-Rceq:1.00 tex:54266 mv:11440 misc:2302 icu:739.50 pcu:464.50 scu:92.00 tlayer:3 pbqpoffset:3.32 pbfactor:1.47 avgQpOffsetCutree:0.00;
in:113 out:114 type:b q:33.76 q-aq:34.29 q-noVbv:33.76 q-Rceq:1.00 tex:55885 mv:11330 misc:2297 icu:701.75 pcu:512.75 scu:81.50 tlayer:3 pbqpoffset:3.32 pbfactor:1.47 avgQpOffsetCutree:0.00;
in:130 out:115 type:k q:30.39 q-aq:29.87 q-noVbv:30.39 q-Rceq:1.00 tex:104157 mv:11519 misc:2084 icu:1147.00 pcu:148.50 scu:0.50 tlayer:0 pbqpoffset:1.05 pbfactor:1.13 avgQpOffsetCutree:-1.98;
in:122 out:116 type:B q:32.58 q-aq:32.05 q-noVbv:32.58 q-Rceq:1.00 tex:79134 mv:9097 misc:1809 icu:1117.25 pcu:177.50 scu:1.25 tlayer:1 pbqpoffset:2.17 pbfactor:1.28 avgQpOffsetCutree:-1.55;
in:118 out:117 type:B q:32.59 q-aq:32.60 q-noVbv:32.59 q-Rceq:1.00 tex:75044 mv:10421 misc:2095 icu:1048.00 pcu:240.75 scu:7.25 tlayer:2 pbqpoffset:2.17 pbfactor:1.28 avgQpOffsetCutree:-1.17;
in:116 out:118 type:B q:32.59 q-aq:33.08 q-noVbv:32.59 q-Rceq:1.00 tex:70293 mv:11415 misc:1996 icu:998.25 pcu:282.25 scu:15.50 tlayer:3 pbqpoffset:2.17 pbfactor:1.28 avgQpOffsetCutree:-0.73;
in:115 out:119 type:b q:33.73 q-aq:34.27 q-noVbv:33.73 q-Rceq:1.00 tex:53862 mv:11923 misc:2191 icu:719.25 pcu:479.75 scu:97.00 tlayer:4 pbqpoffset:3.30 pbfactor:1.46 avgQpOffsetCutree:0.00;
in:117 out:120 type:b q:33.73 q-aq:34.18 q-noVbv:33.73 q-Rceq:1.00 tex:53269 mv:11578 misc:2241 icu:748.00 pcu:472.75 scu:75.25 tlayer:4 pbqpoffset:3.30 pbfactor:1.46 avgQpOffsetCutree:0.00;
in:120 out:121 type:B q:32.58 q-aq:33.06 q-noVbv:32.58 q-Rceq:1.00 tex:68352 mv:10505 misc:1967 icu:1015.25 pcu:260.75 scu:20.00 tlayer:3 pbqpoffset:2.17 pbfactor:1.28 avgQpOffsetCutree:-0.69;
in:119 out:122 type:b q:33.72 q-aq:34.18 q-noVbv:33.72 q-Rceq:1.00 tex:50776 mv:11691 misc:2181 icu:717.50 pcu:495.50 scu:83.00 tlayer:4 pbqpoffset:3.30 pbfactor:1.46 avgQpOffsetCutree:0.00;
in:121 out:123 type:b q:33.72 q-aq:34.19 q-noVbv:33.72 q-Rceq:1.00 tex:50773 mv:11640 misc:2131 icu:701.50 pcu:526.50 scu:68.00 tlayer:4 pbqpoffset:3.30 pbfactor:1.46 avgQpOffsetCutree:0.00;
in:126 out:124 type:B q:32.57 q-aq:32.63 q-noVbv:32.57 q-Rceq:1.00 tex:76725 mv:10232 misc:1851 icu:1125.50 pcu:167.50 scu:3.00 tlayer:2 pbqpoffset:2.17 pbfactor:1.28 avgQpOffsetCutree:-1.16;
in:124 out:125 type:B q:32.57 q-aq:33.00 q-noVbv:32.57 q-Rceq:1.00 tex:67288 mv:11774 misc:2050 icu:987.50 pcu:287.25 scu:21.25 tlayer:3 pbqpoffset:2.17 pbfactor:1.28 avgQpOffsetCutree:-0.75;
in:123 out:126 type:b q:33.71 q-aq:34.20 q-noVbv:33.71 q-Rceq:1.00 tex:50919 mv:11810 misc:2151 icu:701.50 pcu:503.25 scu:91.25 tlayer:4 pbqpoffset:3.30 pbfactor:1.46 avgQpOffsetCutree:0.00;
in:125 out:127 type:b q:33.70 q-aq:34.24 q-noVbv:33.70 q-Rceq:1.00 tex:51141 mv:11298 misc:2041 icu:730.50 pcu:485.25 scu:80.25 tlayer:4 pbqpoffset:3.30 pbfactor:1.46 avgQpOffsetCutree:0.00;
in:128 out:128 type:B q:32.56 q-aq:33.42 q-noVbv:32.56 q-Rceq:1.00 tex:74782 mv:9570 misc:1816 icu:1045.75 pcu:243.25 scu:7.00 tlayer:3 pbqpoffset:2.17 pbfactor:1.28 avgQpOffsetCutree:-0.51;
in:127 out:129 type:b q:33.70 q-aq:34.19 q-noVbv:33.70 q-Rceq:1.00 tex:49844 mv:12000 misc:2316 icu:797.75 pcu:410.75 scu:87.50 tlayer:4 pbqpoffset:3.30 pbfactor:1.46 avgQpOffsetCutree:0.00;
in:129 out:130 type:b q:33.69 q-aq:34.20 q-noVbv:33.69 q-Rceq:1.00 tex:55081 mv:11586 misc:2053 icu:712.25 pcu:518.25 scu:65.50 tlayer:4 pbqpoffset:3.30 pbfactor:1.46 avgQpOffsetCutree:0.00;
in:146 out:131 type:k q:30.18 q-aq:29.54 q-noVbv:30.18 q-Rceq:1.00 tex:103909 mv:11685 misc:2094 icu:1115.75 pcu:179.25 scu:1.00 tlayer:0 pbqpoffset:1.07 pbfactor:1.13 avgQpOffsetCutree:-2.09;
in:138 out:132 type:B q:32.42 q-aq:31.96 q-noVbv:32.42 q-Rceq:1.00 tex:79975 mv:9205 misc:1924 icu:1109.50 pcu:183.50 scu:3.00 tlayer:1 pbqpoffset:2.14 pbfactor:1.28 avgQpOffsetCutree:-1.50;
in:134 out:133 type:B q:32.48 q-aq:32.44 q-noVbv:32.48 q-Rceq:1.00 tex:74349 mv:9400 misc:1771 icu:1065.50 pcu:226.00 scu:4.50 tlayer:2 pbqpoffset:2.14 pbfactor:1.28 avgQpOffsetCutree:-1.20;
in:132 out:134 type:B q:32.50 q-aq:33.10 q-noVbv:32.50 q-Rceq:1.00 tex:65598 mv:11206 misc:1884 icu:1004.00 pcu:274.25 scu:17.75 tlayer:3 pbqpoffset:2.14 pbfactor:1.28 avgQpOffsetCutree:-0.69;
in:131 out:135 type:b q:33.65 q-aq:34.14 q-noVbv:33.65 q-Rceq:1.00 tex:51391 mv:11850 misc:2039 icu:746.25 pcu:490.00 scu:59.75 tlayer:4 pbqpoffset:3.27 pbfactor:1.46 avgQpOffsetCutree:0.00;
in:133 out:136 type:b q:33.62 q-aq:34.12 q-noVbv:33.62 q-Rceq:1.00 tex:50191 mv:12077 misc:2364 icu:730.75 pcu:484.00 scu:81.25 tlayer:4 pbqpoffset:3.27 pbfactor:1.46 avgQpOffsetCutree:0.00;
in:136 out:137 type:B q:32.45 q-aq:33.05 q-noVbv:32.45 q-Rceq:1.00 tex:65256 mv:10072 misc:1904 icu:1001.00 pcu:285.25 scu:9.75 tlayer:3 pbqpoffset:2.14 pbfactor:1.28 avgQpOffsetCutree:-0.65;
in:135 out:138 type:b q:33.60 q-aq:34.12 q-noVbv:33.60 q-Rceq:1.00 tex:49727 mv:11290 misc:2143 icu:694.25 pcu:531.00 scu:70.75 tlayer:4 pbqpoffset:3.27 pbfactor:1.46 avgQpOffsetCutree:0.00;
in:137 out:139 type:b q:33.57 q-aq:34.12 q-noVbv:33.57 q-Rceq:1.00 tex:52082 mv:10729 misc:2117 icu:715.75 pcu:506.25 scu:74.00 tlayer:4 pbqpoffset:3.27 pbfactor:1.46 avgQpOffsetCutree:0.00;
in:142 out:140 type:B q:32.37 q-aq:32.38 q-noVbv:32.37 q-Rceq:1.00 tex:75840 mv:8781 misc:1755 icu:1117.50 pcu:173.25 scu:5.25 tlayer:2 pbqpoffset:2.14 pbfactor:1.28 avgQpOffsetCutree:-1.15;
in:140 out:141 type:B q:32.40 q-aq:32.94 q-noVbv:32.40 q-Rceq:1.00 tex:67600 mv:9615 misc:1977 icu:999.25 pcu:273.25 scu:23.50 tlayer:3 pbqpoffset:2.14 pbfactor:1.28 avgQpOffsetCutree:-0.69;
in:139 out:142 type:b q:33.55 q-aq:34.14 q-noVbv:33.55 q-Rceq:1.00 tex:52046 mv:10492 misc:2238 icu:733.50 pcu:470.00 scu:92.50 tlayer:4 pbqpoffset:3.27 pbfactor:1.46 avgQpOffsetCutree:0.00;
in:141 out:143 type:b q:33.52 q-aq:34.19 q-noVbv:33.52 q-Rceq:1.00 tex:51895 mv:10447 misc:2162 icu:720.25 pcu:500.00 scu:75.75 tlayer:4 pbqpoffset:3.27 pbfactor:1.46 avgQpOffsetCutree:0.00;
in:144 out:144 type:B q:32.35 q-aq:33.21 q-noVbv:32.35 q-Rceq:1.00 tex:73701 mv:10448 misc:1827 icu:1009.75 pcu:276.75 scu:9.50 tlayer:3 pbqpoffset:2.14 pbfactor:1.28 avgQpOffsetCutree:-0.54;
in:143 out:145 type:b q:33.50 q-aq:34.15 q-noVbv:33.50 q-Rceq:1.00 tex:52390 mv:11461 misc:2005 icu:699.75 pcu:545.50 scu:50.75 tlayer:4 pbqpoffset:3.27 pbfactor:1.46 avgQpOffsetCutree:0.00;
in:145 out:146 type:b q:33.47 q-aq:34.10 q-noVbv:33.47 q-Rceq:1.00 tex:54796 mv:11074 misc:2226 icu:679.25 pcu:552.00 scu:64.75 tlayer:4 pbqpoffset:3.27 pbfactor:1.46 avgQpOffsetCutree:0.00;
in:162 out:147 type:k q:30.25 q-aq:29.64 q-noVbv:30.25 q-Rceq:1.00 tex:103082 mv:11493 misc:1889 icu:1107.50 pcu:188.00 scu:0.50 tlayer:0 pbqpoffset:1.06 pbfactor:1.13 avgQpOffsetCutree:-2.12;
in:154 out:148 type:B q:32.36 q-aq:32.01 q-noVbv:32.36 q-Rceq:1.00 tex:83937 mv:9895 misc:1840 icu:1104.75 pcu:190.75 scu:0.50 tlayer:1 pbqpoffset:2.14 pbfactor:1.28 avgQpOffsetCutree:-1.50;
in:150 out:149 type:B q:32.34 q-aq:32.33 q-noVbv:32.34 q-Rceq:1.00 tex:75404 mv:9480 misc:1812 icu:1049.75 pcu:240.75 scu:5.50 tlayer:2 pbqpoffset:2.14 pbfactor:1.28 avgQpOffsetCutree:-1.21;
in:148 out:150 type:B q:32.33 q-aq:32.95 q-noVbv:32.33 q-Rceq:1.00 tex:67273 mv:10827 misc:2068 icu:979.25 pcu:297.25 scu:19.50 tlayer:3 pbqpoffset:2.14 pbfactor:1.28 avgQpOffsetCutree:-0.69;
in:147 out:151 type:b q:33.46 q-aq:33.99 q-noVbv:33.46 q-Rceq:1.00 tex:50839 mv:12004 misc:2381 icu:746.00 pcu:455.25 scu:94.75 tlayer:4 pbqpoffset:3.28 pbfactor:1.46 avgQpOffsetCutree:0.00;
in:149 out:152 type:b q:33.47 q-aq:34.07 q-noVbv:33.47 q-Rceq:1.00 tex:53836 mv:10656 misc:2132 icu:689.75 pcu:538.50 scu:67.75 tlayer:4 pbqpoffset:3.28 pbfactor:1.46 avgQpOffsetCutree:0.00;
in:152 out:153 type:B q:32.35 q-aq:32.90 q-noVbv:32.35 q-Rceq:1.00 tex:70132 mv:11032 misc:1940 icu:1011.00 pcu:270.25 scu:14.75 tlayer:3 pbqpoffset:2.14 pbfactor:1.28 avgQpOffsetCutree:-0.73;
in:151 out:154 type:b q:33.48 q-aq:34.12 q-noVbv:33.48 q-Rceq:1.00 tex:51191 mv:11678 misc:2267 icu:708.75 pcu:499.25 scu:88.00 tlayer:4 pbqpoffset:3.28 pbfactor:1.46 avgQpOffsetCutree:0.00;
in:153 out:155 type:b q:33.49 q-aq:34.15 q-noVbv:33.49 q-Rceq:1.00 tex:52031 mv:11007 misc:2106 icu:668.75 pcu:545.75 scu:81.50 tlayer:4 pbqpoffset:3.28 pbfactor:1.46 avgQpOffsetCutree:0.00;
in:158 out:156 type:B q:32.38 q-aq:32.52 q-noVbv:32.38 q-Rceq:1.00 tex:78726 mv:9760 misc:1946 icu:1079.50 pcu:213.75 scu:2.75 tlayer:2 pbqpoffset:2.14 pbfactor:1.28 avgQpOffsetCutree:-1.20;
in:156 out:157 type:B q:32.37 q-aq:32.97 q-noVbv:32.37 q-Rceq:1.00 tex:71652 mv:11494 misc:2166 icu:972.25 pcu:306.75 scu:17.00 tlayer:3 pbqpoffset:2.14 pbfactor:1.28 avgQpOffsetCutree:-0.73;
in:155 out:158 type:b q:33.50 q-aq:34.24 q-noVbv:33.50 q-Rceq:1.00 tex:54947 mv:11624 misc:2197 icu:664.25 pcu:565.75 scu:66.00 tlayer:4 pbqpoffset:3.28 pbfactor:1.46 avgQpOffsetCutree:0.00;
in:157 out:159 type:b q:33.51 q-aq:34.23 q-noVbv:33.51 q-Rceq:1.00 tex:53522 mv:12236 misc:2058 icu:668.75 pcu:561.25 scu:66.00 tlayer:4 pbqpoffset:3.28 pbfactor:1.46 avgQpOffsetCutree:0.00;
in:160 out:160 type:B q:32.38 q-aq:33.31 q-noVbv:32.38 q-Rceq:1.00 tex:74586 mv:10333 misc:1881 icu:975.25 pcu:311.50 scu:9.25 tlayer:3 pbqpoffset:2.14 pbfactor:1.28 avgQpOffsetCutree:-0.49;
in:159 out:161 type:b q:33.51 q-aq:34.14 q-noVbv:33.51 q-Rceq:1.00 tex:51356 mv:11117 misc:2263 icu:783.25 pcu:412.00 scu:100.75 tlayer:4 pbqpoffset:3.28 pbfactor:1.46 avgQpOffsetCutree:0.00;
in:161 out:162 type:b q:33.52 q-aq:34.13 q-noVbv:33.52 q-Rceq:1.00 tex:54896 mv:10973 misc:2091 icu:697.25 pcu:521.75 scu:77.00 tlayer:4 pbqpoffset:3.28 pbfactor:1.46 avgQpOffsetCutree:0.00;
in:178 out:163 type:k q:29.79 q-aq:29.21 q-noVbv:29.79 q-Rceq:1.00 tex:108359 mv:10944 misc:1913 icu:1118.50 pcu:177.00 scu:0.50 tlayer:0 pbqpoffset:1.07 pbfactor:1.13 avgQpOffsetCutree:-2.03;
in:170 out:164 type:B q:32.12 q-aq:31.65 q-noVbv:32.12 q-Rceq:1.00 tex:80204 mv:9489 misc:1875 icu:1076.00 pcu:219.00 scu:1.00 tlayer:1 pbqpoffset:2.10 pbfactor:1.27 avgQpOffsetCutree:-1.50;
in:166 out:165 type:B q:32.23 q-aq:32.23 q-noVbv:32.23 q-Rceq:1.00 tex:75592 mv:10538 misc:1862 icu:1056.50 pcu:238.00 scu:1.50 tlayer:2 pbqpoffset:2.10 pbfactor:1.27 avgQpOffsetCutree:-1.20;
in:164 out:166 type:B q:32.29 q-aq:32.79 q-noVbv:32.29 q-Rceq:1.00 tex:66752 mv:10780 misc:1964 icu:984.75 pcu:297.50 scu:13.75 tlayer:3 pbqpoffset:2.10 pbfactor:1.27 avgQpOffsetCutree:-0.75;
in:163 out:167 type:b q:33.45 q-aq:33.95 q-noVbv:33.45 q-Rceq:1.00 tex:49861 mv:11596 misc:2047 icu:649.75 pcu:579.75 scu:66.50 tlayer:4 pbqpoffset:3.23 pbfactor:1.45 avgQpOffsetCutree:0.00;
in:165 out:168 type:b q:33.40 q-aq:33.79 q-noVbv:33.40 q-Rceq:1.00 tex:52848 mv:10767 misc:2025 icu:710.25 pcu:528.50 scu:57.25 tlayer:4 pbqpoffset:3.23 pbfactor:1.45 avgQpOffsetCutree:0.00;
in:168 out:169 type:B q:32.18 q-aq:32.69 q-noVbv:32.18 q-Rceq:1.00 tex:65113 mv:10912 misc:1815 icu:962.75 pcu:320.00 scu:13.25 tlayer:3 pbqpoffset:2.10 pbfactor:1.27 avgQpOffsetCutree:-0.73;
in:167 out:170 type:b q:33.34 q-aq:33.69 q-noVbv:33.34 q-Rceq:1.00 tex:51089 mv:11344 misc:2151 icu:655.50 pcu:569.25 scu:71.25 tlayer:4 pbqpoffset:3.23 pbfactor:1.45 avgQpOffsetCutree:0.00;
in:169 out:171 type:b q:33.28 q-aq:33.55 q-noVbv:33.28 q-Rceq:1.00 tex:51599 mv:11798 misc:2203 icu:717.50 pcu:519.50 scu:59.00 tlayer:4 pbqpoffset:3.23 pbfactor:1.45 avgQpOffsetCutree:0.00;
in:174 out:172 type:B q:32.00 q-aq:31.92 q-noVbv:32.00 q-Rceq:1.00 tex:75963 mv:9563 misc:2010 icu:1112.25 pcu:182.00 scu:1.75 tlayer:2 pbqpoffset:2.10 pbfactor:1.27 avgQpOffsetCutree:-1.19;
in:172 out:173 type:B q:32.06 q-aq:32.61 q-noVbv:32.06 q-Rceq:1.00 tex:65926 mv:11265 misc:2049 icu:980.00 pcu:297.75 scu:18.25 tlayer:3 pbqpoffset:2.10 pbfactor:1.27 avgQpOffsetCutree:-0.67;
in:171 out:174 type:b q:33.22 q-aq:33.51 q-noVbv:33.22 q-Rceq:1.00 tex:51301 mv:10744 misc:2283 icu:713.00 pcu:504.75 scu:78.25 tlayer:4 pbqpoffset:3.23 pbfactor:1.45 avgQpOffsetCutree:0.00;
in:173 out:175 type:b q:33.17 q-aq:33.39 q-noVbv:33.17 q-Rceq:1.00 tex:52751 mv:11178 misc:2231 icu:743.00 pcu:475.25 scu:77.75 tlayer:4 pbqpoffset:3.23 pbfactor:1.45 avgQpOffsetCutree:0.00;
in:176 out:176 type:B q:31.94 q-aq:32.76 q-noVbv:31.94 q-Rceq:1.00 tex:76542 mv:9677 misc:1661 icu:1002.25 pcu:289.50 scu:4.25 tlayer:3 pbqpoffset:2.10 pbfactor:1.27 avgQpOffsetCutree:-0.52;
in:175 out:177 type:b q:33.11 q-aq:33.41 q-noVbv:33.11 q-Rceq:1.00 tex:56753 mv:11897 misc:2382 icu:752.75 pcu:483.00 scu:60.25 tlayer:4 pbqpoffset:3.23 pbfactor:1.45 avgQpOffsetCutree:0.00;
in:177 out:178 type:b q:33.05 q-aq:33.37 q-noVbv:33.05 q-Rceq:1.00 tex:58596 mv:9274 misc:1938 icu:701.75 pcu:546.50 scu:47.75 tlayer:4 pbqpoffset:3.23 pbfactor:1.45 avgQpOffsetCutree:0.00;
in:194 out:179 type:k q:29.67 q-aq:29.30 q-noVbv:29.67 q-Rceq:1.00 tex:108443 mv:11330 misc:1883 icu:1120.00 pcu:175.50 scu:0.50 tlayer:0 pbqpoffset:1.07 pbfactor:1.13 avgQpOffsetCutree:-1.95;
in:186 out:180 type:B q:31.80 q-aq:31.51 q-noVbv:31.80 q-Rceq:1.00 tex:84249 mv:10110 misc:2049 icu:1083.00 pcu:210.25 scu:2.75 tlayer:1 pbqpoffset:2.07 pbfactor:1.27 avgQpOffsetCutree:-1.46;
in:182 out:181 type:B q:31.83 q-aq:31.98 q-noVbv:31.83 q-Rceq:1.00 tex:78811 mv:10358 misc:1759 icu:1057.50 pcu:233.50 scu:5.00 tlayer:2 pbqpoffset:2.07 pbfactor:1.27 avgQpOffsetCutree:-1.19;
in:180 out:182 type:B q:31.84 q-aq:32.27 q-noVbv:31.84 q-Rceq:1.00 tex:68765 mv:11279 misc:1908 icu:997.75 pcu:285.25 scu:13.00 tlayer:3 pbqpoffset:2.07 pbfactor:1.27 avgQpOffsetCutree:-0.78;
in:179 out:183 type:b q:32.99 q-aq:33.33 q-noVbv:32.99 q-Rceq:1.00 tex:54978 mv:10818 misc:2164 icu:728.00 pcu:496.00 scu:72.00 tlayer:4 pbqpoffset:3.20 pbfactor:1.45 avgQpOffsetCutree:0.00;
in:181 out:184 type:b q:32.97 q-aq:33.32 q-noVbv:32.97 q-Rceq:1.00 tex:52610 mv:13136 misc:2406 icu:685.25 pcu:530.25 scu:80.50 tlayer:4 pbqpoffset:3.20 pbfactor:1.45 avgQpOffsetCutree:0.00;
in:184 out:185 type:B q:31.81 q-aq:32.44 q-noVbv:31.81 q-Rceq:1.00 tex:69650 mv:10730 misc:1908 icu:992.75 pcu:291.50 scu:11.75 tlayer:3 pbqpoffset:2.07 pbfactor:1.27 avgQpOffsetCutree:-0.71;
in:183 out:186 type:b q:32.96 q-aq:33.30 q-noVbv:32.96 q-Rceq:1.00 tex:53515 mv:12483 misc:2314 icu:733.00 pcu:486.75 scu:76.25 tlayer:4 pbqpoffset:3.20 pbfactor:1.45 avgQpOffsetCutree:0.00;
in:185 out:187 type:b q:32.94 q-aq:33.21 q-noVbv:32.94 q-Rceq:1.00 tex:54055 mv:11443 misc:2246 icu:712.25 pcu:494.25 scu:89.50 tlayer:4 pbqpoffset:3.20 pbfactor:1.45 avgQpOffsetCutree:0.00;
in:190 out:188 type:B q:31.77 q-aq:31.83 q-noVbv:31.77 q-Rceq:1.00 tex:77986 mv:9144 misc:1798 icu:1086.75 pcu:208.00 scu:1.25 tlayer:2 pbqpoffset:2.07 pbfactor:1.27 avgQpOffsetCutree:-1.16;
in:188 out:189 type:B q:31.79 q-aq:32.23 q-noVbv:31.79 q-Rceq:1.00 tex:68697 mv:10828 misc:2011 icu:973.00 pcu:305.25 scu:17.75 tlayer:3 pbqpoffset:2.07 pbfactor:1.27 avgQpOffsetCutree:-0.76;
in:187 out:190 type:b q:32.93 q-aq:33.24 q-noVbv:32.93 q-Rceq:1.00 tex:53822 mv:11364 misc:1982 icu:700.75 pcu:543.25 scu:52.00 tlayer:4 pbqpoffset:3.20 pbfactor:1.45 avgQpOffsetCutree:0.00;
in:189 out:191 type:b q:32.91 q-aq:33.24 q-noVbv:32.91 q-Rceq:1.00 tex:48188 mv:12249 misc:2291 icu:679.75 pcu:538.50 scu:77.75 tlayer:4 pbqpoffset:3.20 pbfactor:1.45 avgQpOffsetCutree:0.00;
in:192 out:192 type:B q:31.76 q-aq:32.62 q-noVbv:31.76 q-Rceq:1.00 tex:74560 mv:9855 misc:1769 icu:990.25 pcu:297.75 scu:8.00 tlayer:3 pbqpoffset:2.07 pbfactor:1.27 avgQpOffsetCutree:-0.53;
in:191 out:193 type:b q:32.90 q-aq:33.24 q-noVbv:32.90 q-Rceq:1.00 tex:55751 mv:11260 misc:2165 icu:739.75 pcu:497.50 scu:58.75 tlayer:4 pbqpoffset:3.20 pbfactor:1.45 avgQpOffsetCutree:0.00;
in:193 out:194 type:b q:32.88 q-aq:33.23 q-noVbv:32.88 q-Rceq:1.00 tex:56506 mv:10996 misc:2154 icu:696.25 pcu:530.00 scu:69.75 tlayer:4 pbqpoffset:3.20 pbfactor:1.45 avgQpOffsetCutree:0.00;
in:207 out:195 type:k q:29.55 q-aq:29.20 q-noVbv:29.55 q-Rceq:1.00 tex:100617 mv:11972 misc:2035 icu:1171.00 pcu:123.50 scu:1.50 tlayer:0 pbqpoffset:1.00 pbfactor:1.12 avgQpOffsetCutree:-1.85;
in:201 out:196 type:B q:31.65 q-aq:31.50 q-noVbv:31.65 q-Rceq:1.00 tex:80768 mv:10326 misc:1850 icu:1109.50 pcu:185.25 scu:1.25 tlayer:1 pbqpoffset:2.04 pbfactor:1.27 avgQpOffsetCutree:-1.37;
in:198 out:197 type:B q:31.68 q-aq:31.83 q-noVbv:31.68 q-Rceq:1.00 tex:76795 mv:10263 misc:1854 icu:1070.25 pcu:220.00 scu:5.75 tlayer:2 pbqpoffset:2.04 pbfactor:1.27 avgQpOffsetCutree:-1.05;
in:196 out:198 type:B q:31.69 q-aq:32.19 q-noVbv:31.69 q-Rceq:1.00 tex:69716 mv:12227 misc:2145 icu:989.00 pcu:282.00 scu:25.00 tlayer:3 pbqpoffset:2.04 pbfactor:1.27 avgQpOffsetCutree:-0.74;
in:195 out:199 type:b q:32.84 q-aq:33.21 q-noVbv:32.84 q-Rceq:1.00 tex:55380 mv:12228 misc:2136 icu:768.00 pcu:469.75 scu:58.25 tlayer:4 pbqpoffset:3.18 pbfactor:1.44 avgQpOffsetCutree:0.00;
in:197 out:200 type:b q:32.82 q-aq:33.20 q-noVbv:32.82 q-Rceq:1.00 tex:52906 mv:12861 misc:2217 icu:706.75 pcu:506.75 scu:82.50 tlayer:4 pbqpoffset:3.18 pbfactor:1.44 avgQpOffsetCutree:0.00;
in:200 out:201 type:B q:31.66 q-aq:32.64 q-noVbv:31.66 q-Rceq:1.00 tex:59582 mv:11679 misc:2171 icu:868.25 pcu:391.50 scu:36.25 tlayer:3 pbqpoffset:2.04 pbfactor:1.27 avgQpOffsetCutree:-0.39;
in:199 out:202 type:b q:32.80 q-aq:33.24 q-noVbv:32.80 q-Rceq:1.00 tex:53878 mv:12007 misc:2227 icu:727.00 pcu:489.00 scu:80.00 tlayer:4 pbqpoffset:3.18 pbfactor:1.44 avgQpOffsetCutree:0.00;
in:204 out:203 type:B q:31.62 q-aq:31.79 q-noVbv:31.62 q-Rceq:1.00 tex:71184 mv:9475 misc:1757 icu:1076.75 pcu:217.25 scu:2.00 tlayer:2 pbqpoffset:2.04 pbfactor:1.27 avgQpOffsetCutree:-0.97;
in:203 out:204 type:B q:31.63 q-aq:32.64 q-noVbv:31.63 q-Rceq:1.00 tex:59923 mv:10832 misc:2149 icu:854.00 pcu:395.00 scu:47.00 tlayer:3 pbqpoffset:2.04 pbfactor:1.27 avgQpOffsetCutree:-0.34;
in:202 out:205 type:b q:32.77 q-aq:33.14 q-noVbv:32.77 q-Rceq:1.00 tex:54477 mv:12028 misc:2503 icu:731.50 pcu:482.00 scu:82.50 tlayer:4 pbqpoffset:3.18 pbfactor:1.44 avgQpOffsetCutree:0.00;
in:206 out:206 type:B q:31.60 q-aq:32.59 q-noVbv:31.60 q-Rceq:1.00 tex:58459 mv:11747 misc:2338 icu:859.75 pcu:389.75 scu:46.50 tlayer:3 pbqpoffset:2.04 pbfactor:1.27 avgQpOffsetCutree:-0.34;
in:205 out:207 type:b q:32.75 q-aq:33.10 q-noVbv:32.75 q-Rceq:1.00 tex:51232 mv:11462 misc:2010 icu:726.50 pcu:516.50 scu:53.00 tlayer:4 pbqpoffset:3.18 pbfactor:1.44 avgQpOffsetCutree:0.00;
in:221 out:208 type:k q:29.73 q-aq:29.81 q-noVbv:29.73 q-Rceq:1.00 tex:98535 mv:11587 misc:1910 icu:1145.50 pcu:149.25 scu:1.25 tlayer:0 pbqpoffset:1.01 pbfactor:1.12 avgQpOffsetCutree:-1.47;
in:214 out:209 type:B q:31.65 q-aq:31.52 q-noVbv:31.65 q-Rceq:1.00 tex:80316 mv:9577 misc:1843 icu:1106.50 pcu:188.25 scu:1.25 tlayer:1 pbqpoffset:2.01 pbfactor:1.26 avgQpOffsetCutree:-1.36;
in:211 out:210 type:B q:31.61 q-aq:31.82 q-noVbv:31.61 q-Rceq:1.00 tex:79463 mv:11109 misc:1964 icu:1082.75 pcu:208.75 scu:4.50 tlayer:2 pbqpoffset:2.01 pbfactor:1.26 avgQpOffsetCutree:-1.06;
in:209 out:211 type:B q:31.59 q-aq:32.31 q-noVbv:31.59 q-Rceq:1.00 tex:77314 mv:9495 misc:1815 icu:1014.00 pcu:274.00 scu:8.00 tlayer:3 pbqpoffset:2.01 pbfactor:1.26 avgQpOffsetCutree:-0.69;
in:208 out:212 type:b q:32.71 q-aq:33.15 q-noVbv:32.71 q-Rceq:1.00 tex:63725 mv:8613 misc:1878 icu:775.25 pcu:485.25 scu:35.50 tlayer:4 pbqpoffset:3.15 pbfactor:1.44 avgQpOffsetCutree:0.00;
in:210 out:213 type:b q:32.74 q-aq:33.19 q-noVbv:32.74 q-Rceq:1.00 tex:55293 mv:11480 misc:2035 icu:751.00 pcu:473.50 scu:71.50 tlayer:4 pbqpoffset:3.15 pbfactor:1.44 avgQpOffsetCutree:0.00;
in:213 out:214 type:B q:31.64 q-aq:32.62 q-noVbv:31.64 q-Rceq:1.00 tex:60775 mv:12149 misc:2204 icu:881.25 pcu:374.50 scu:40.25 tlayer:3 pbqpoffset:2.01 pbfactor:1.26 avgQpOffsetCutree:-0.34;
in:212 out:215 type:b q:32.76 q-aq:33.17 q-noVbv:32.76 q-Rceq:1.00 tex:54705 mv:11865 misc:2118 icu:751.25 pcu:472.75 scu:72.00 tlayer:4 pbqpoffset:3.15 pbfactor:1.44 avgQpOffsetCutree:0.00;
in:218 out:216 type:B q:31.70 q-aq:31.90 q-noVbv:31.70 q-Rceq:1.00 tex:74145 mv:9904 misc:1727 icu:1089.75 pcu:203.50 scu:2.75 tlayer:2 pbqpoffset:2.01 pbfactor:1.26 avgQpOffsetCutree:-1.04;
in:216 out:217 type:B q:31.68 q-aq:32.32 q-noVbv:31.68 q-Rceq:1.00 tex:66438 mv:10784 misc:1946 icu:1021.50 pcu:263.50 scu:11.00 tlayer:3 pbqpoffset:2.01 pbfactor:1.26 avgQpOffsetCutree:-0.67;
in:215 out:218 type:b q:32.80 q-aq:33.20 q-noVbv:32.80 q-Rceq:1.00 tex:51897 mv:11538 misc:2197 icu:761.25 pcu:454.25 scu:80.50 tlayer:4 pbqpoffset:3.15 pbfactor:1.44 avgQpOffsetCutree:0.00;
in:217 out:219 type:b q:32.83 q-aq:33.19 q-noVbv:32.83 q-Rceq:1.00 tex:52469 mv:11325 misc:2182 icu:787.25 pcu:427.75 scu:81.00 tlayer:4 pbqpoffset:3.15 pbfactor:1.44 avgQpOffsetCutree:0.00;
in:220 out:220 type:B q:31.73 q-aq:32.69 q-noVbv:31.73 q-Rceq:1.00 tex:58933 mv:10943 misc:1988 icu:904.00 pcu:354.75 scu:37.25 tlayer:3 pbqpoffset:2.01 pbfactor:1.26 avgQpOffsetCutree:-0.36;
in:219 out:221 type:b q:32.85 q-aq:33.19 q-noVbv:32.85 q-Rceq:1.00 tex:52282 mv:10635 misc:2195 icu:747.25 pcu:449.00 scu:99.75 tlayer:4 pbqpoffset:3.15 pbfactor:1.44 avgQpOffsetCutree:0.00;
in:223 out:222 type:k q:29.73 q-aq:30.25 q-noVbv:29.73 q-Rceq:1.00 tex:84167 mv:14533 misc:2188 icu:1044.50 pcu:240.25 scu:11.25 tlayer:0 pbqpoffset:1.01 pbfactor:1.12 avgQpOffsetCutree:-0.93;
in:222 out:223 type:b q:32.82 q-aq:33.21 q-noVbv:32.82 q-Rceq:1.00 tex:49921 mv:12028 misc:2147 icu:775.75 pcu:434.00 scu:86.25 tlayer:2 pbqpoffset:3.09 pbfactor:1.43 avgQpOffsetCutree:0.00;
in:226 out:224 type:k q:30.24 q-aq:30.62 q-noVbv:30.24 q-Rceq:1.00 tex:93920 mv:10494 misc:1770 icu:1138.25 pcu:156.50 scu:1.25 tlayer:0 pbqpoffset:1.06 pbfactor:1.13 avgQpOffsetCutree:-1.21;
in:225 out:225 type:B q:32.02 q-aq:32.96 q-noVbv:32.02 q-Rceq:1.00 tex:66460 mv:9784 misc:1916 icu:891.50 pcu:370.75 scu:33.75 tlayer:1 pbqpoffset:1.95 pbfactor:1.25 avgQpOffsetCutree:-0.35;
in:224 out:226 type:b q:32.99 q-aq:33.40 q-noVbv:32.99 q-Rceq:1.00 tex:64824 mv:8320 misc:1768 icu:823.25 pcu:449.50 scu:23.25 tlayer:2 pbqpoffset:3.09 pbfactor:1.43 avgQpOffsetCutree:0.00;
in:242 out:227 type:k q:29.85 q-aq:29.42 q-noVbv:29.85 q-Rceq:1.00 tex:104125 mv:11759 misc:1916 icu:1156.00 pcu:140.00 scu:0.00 tlayer:0 pbqpoffset:1.00 pbfactor:1.12 avgQpOffsetCutree:-1.73;
in:234 out:228 type:B q:32.09 q-aq:31.63 q-noVbv:32.09 q-Rceq:1.00 tex:80194 mv:9323 misc:1843 icu:1120.50 pcu:173.75 scu:1.75 tlayer:1 pbqpoffset:2.04 pbfactor:1.27 avgQpOffsetCutree:-1.42;
in:230 out:229 type:B q:32.18 q-aq:32.26 q-noVbv:32.18 q-Rceq:1.00 tex:78516 mv:10474 misc:1842 icu:1107.75 pcu:186.75 scu:1.50 tlayer:2 pbqpoffset:2.04 pbfactor:1.27 avgQpOffsetCutree:-1.11;
in:228 out:230 type:B q:32.23 q-aq:32.68 q-noVbv:32.23 q-Rceq:1.00 tex:71954 mv:10155 misc:1771 icu:1018.50 pcu:265.75 scu:11.75 tlayer:3 pbqpoffset:2.04 pbfactor:1.27 avgQpOffsetCutree:-0.68;
in:227 out:231 type:b q:33.39 q-aq:33.80 q-noVbv:33.39 q-Rceq:1.00 tex:52586 mv:10498 misc:2092 icu:794.25 pcu:441.25 scu:60.50 tlayer:4 pbqpoffset:3.18 pbfactor:1.44 avgQpOffsetCutree:0.00;
in:229 out:232 type:b q:33.34 q-aq:33.76 q-noVbv:33.34 q-Rceq:1.00 tex:52454 mv:11662 misc:2060 icu:786.75 pcu:439.00 scu:70.25 tlayer:4 pbqpoffset:3.18 pbfactor:1.44 avgQpOffsetCutree:0.00;
in:232 out:233 type:B q:32.13 q-aq:32.70 q-noVbv:32.13 q-Rceq:1.00 tex:68049 mv:11648 misc:2047 icu:1024.50 pcu:252.00 scu:19.50 tlayer:3 pbqpoffset:2.04 pbfactor:1.27 avgQpOffsetCutree:-0.64;
in:231 out:234 type:b q:33.29 q-aq:33.74 q-noVbv:33.29 q-Rceq:1.00 tex:55414 mv:11503 misc:2267 icu:810.75 pcu:401.25 scu:84.00 tlayer:4 pbqpoffset:3.18 pbfactor:1.44 avgQpOffsetCutree:0.00;
in:233 out:235 type:b q:33.25 q-aq:33.64 q-noVbv:33.25 q-Rceq:1.00 tex:53411 mv:12318 misc:2223 icu:811.75 pcu:409.75 scu:74.50 tlayer:4 pbqpoffset:3.18 pbfactor:1.44 avgQpOffsetCutree:0.00;
in:238 out:236 type:B q:31.99 q-aq:31.92 q-noVbv:31.99 q-Rceq:1.00 tex:75964 mv:9802 misc:1706 icu:1129.50 pcu:163.50 scu:3.00 tlayer:2 pbqpoffset:2.04 pbfactor:1.27 avgQpOffsetCutree:-1.14;
in:236 out:237 type:B q:32.04 q-aq:32.51 q-noVbv:32.04 q-Rceq:1.00 tex:68273 mv:11798 misc:1841 icu:1042.50 pcu:243.00 scu:10.50 tlayer:3 pbqpoffset:2.04 pbfactor:1.27 avgQpOffsetCutree:-0.70;
in:235 out:238 type:b q:33.20 q-aq:33.45 q-noVbv:33.20 q-Rceq:1.00 tex:53095 mv:11400 misc:2073 icu:807.00 pcu:436.00 scu:53.00 tlayer:4 pbqpoffset:3.18 pbfactor:1.44 avgQpOffsetCutree:0.00;
in:237 out:239 type:b q:33.15 q-aq:33.39 q-noVbv:33.15 q-Rceq:1.00 tex:50635 mv:11926 misc:2263 icu:764.25 pcu:429.25 scu:102.50 tlayer:4 pbqpoffset:3.18 pbfactor:1.44 avgQpOffsetCutree:0.00;
in:240 out:240 type:B q:31.94 q-aq:32.74 q-noVbv:31.94 q-Rceq:1.00 tex:76033 mv:11588 misc:1963 icu:1067.25 pcu:217.25 scu:11.50 tlayer:3 pbqpoffset:2.04 pbfactor:1.27 avgQpOffsetCutree:-0.51;
in:239 out:241 type:b q:33.10 q-aq:33.43 q-noVbv:33.10 q-Rceq:1.00 tex:55747 mv:11791 misc:2134 icu:793.75 pcu:443.25 scu:59.00 tlayer:4 pbqpoffset:3.18 pbfactor:1.44 avgQpOffsetCutree:0.00;
in:241 out:242 type:b q:33.05 q-aq:33.39 q-noVbv:33.05 q-Rceq:1.00 tex:57504 mv:12027 misc:2381 icu:828.00 pcu:402.75 scu:65.25 tlayer:4 pbqpoffset:3.18 pbfactor:1.44 avgQpOffsetCutree:0.00;
in:249 out:243 type:k q:29.84 q-aq:30.71 q-noVbv:29.84 q-Rceq:1.00 tex:95094 mv:11771 misc:1959 icu:1127.00 pcu:168.75 scu:0.25 tlayer:0 pbqpoffset:0.93 pbfactor:1.11 avgQpOffsetCutree:-0.77;
in:246 out:244 type:B q:31.90 q-aq:32.02 q-noVbv:31.90 q-Rceq:1.00 tex:77026 mv:10786 misc:1892 icu:1073.00 pcu:221.50 scu:1.50 tlayer:1 pbqpoffset:2.05 pbfactor:1.27 avgQpOffsetCutree:-1.07;
in:244 out:245 type:B q:31.90 q-aq:32.56 q-noVbv:31.90 q-Rceq:1.00 tex:70055 mv:11224 misc:1857 icu:1003.50 pcu:280.50 scu:12.00 tlayer:2 pbqpoffset:2.05 pbfactor:1.27 avgQpOffsetCutree:-0.63;
in:243 out:246 type:b q:33.04 q-aq:33.39 q-noVbv:33.04 q-Rceq:1.00 tex:53282 mv:12249 misc:2309 icu:803.25 pcu:417.50 scu:75.25 tlayer:3 pbqpoffset:3.19 pbfactor:1.45 avgQpOffsetCutree:0.00;
in:245 out:247 type:b q:33.03 q-aq:33.41 q-noVbv:33.03 q-Rceq:1.00 tex:52473 mv:13161 misc:2414 icu:764.75 pcu:457.75 scu:73.50 tlayer:3 pbqpoffset:3.19 pbfactor:1.45 avgQpOffsetCutree:0.00;
in:248 out:248 type:B q:31.89 q-aq:32.92 q-noVbv:31.89 q-Rceq:1.00 tex:63438 mv:11420 misc:2046 icu:917.50 pcu:341.25 scu:37.25 tlayer:2 pbqpoffset:2.05 pbfactor:1.27 avgQpOffsetCutree:-0.34;
in:247 out:249 type:b q:33.03 q-aq:33.44 q-noVbv:33.03 q-Rceq:1.00 tex:54391 mv:12920 misc:2289 icu:775.75 pcu:441.00 scu:79.25 tlayer:3 pbqpoffset:3.19 pbfactor:1.45 avgQpOffsetCutree:0.00;
