#options: cpuid=1173503 frame-threads=1 no-wpp no-pmode no-pme psnr no-ssim log-level=2 bitdepth=8 input-csp=1 fps=25000/1000 input-res=768x432 interlace=0 total-frames=250 level-idc=0 high-tier=1 uhd-bd=0 ref=4 no-allow-non-conformance no-repeat-headers annexb no-aud no-hrd info hash=0 no-temporal-layers open-gop min-keyint=1 keyint=5000 bframes=15 b-adapt=2 b-pyramid bframe-bias=0 rc-lookahead=40 lookahead-slices=0 scenecut=40 no-intra-refresh ctu=64 min-cu-size=8 rect amp max-tu-size=32 tu-inter-depth=3 tu-intra-depth=3 limit-tu=4 rdoq-level=2 dynamic-rd=0.00 no-ssim-rd signhide no-tskip nr-intra=0 nr-inter=0 no-constrained-intra strong-intra-smoothing max-merge=4 limit-refs=1 limit-modes me=3 subme=4 merange=57 temporal-mvp weightp weightb no-analyze-src-pics deblock=0:0 sao no-sao-non-deblock rd=6 no-early-skip rskip no-fast-intra no-tskip-fast no-cu-lossless b-intra rdpenalty=0 psy-rd=0.00 psy-rdoq=0.00 no-rd-refine analysis-reuse-mode=0 no-lossless cbqpoffs=0 crqpoffs=0 rc=abr bitrate=2000 qcomp=0.60 qpstep=4 stats-write=1 stats-read=0 slow-firstpass ipratio=1.40 pbratio=1.30 aq-mode=1 aq-strength=0.00 cutree zone-count=0 no-strict-cbr qg-size=64 no-rc-grain qpmax=69 qpmin=0 no-const-vbv sar=0 overscan=0 videoformat=5 range=0 colorprim=2 transfer=2 colormatrix=2 chromaloc=0 display-window=0 max-cll=0,0 min-luma=0 max-luma=255 log2-max-poc-lsb=8 vui-timing-info vui-hrd-info slices=1 opt-qp-pps opt-ref-list-length-pps no-multi-pass-opt-rps scenecut-bias=0.05 no-opt-cu-delta-qp no-aq-motion no-hdr no-hdr-opt no-dhdr10-opt analysis-reuse-level=5 scale-factor=0 refine-intra=0 refine-inter=0 refine-mv=0 no-limit-sao ctu-info=0 max-tlayer=4
in:0 out:0 type:I q:20.76 q-aq:17.41 q-noVbv:20.76 q-Rceq:1.00 tex:156068 mv:24118 misc:2422 icu:1296.00 pcu:0.00 scu:0.00 tlayer:0 pbqpoffset:0.00 pbfactor:1.00 avgQpOffsetCutree:-3.43;
in:8 out:1 type:k q:19.68 q-aq:15.17 q-noVbv:19.68 q-Rceq:1.00 tex:167366 mv:26026 misc:2688 icu:1146.25 pcu:94.75 scu:55.00 tlayer:0 pbqpoffset:0.00 pbfactor:1.00 avgQpOffsetCutree:-4.16;
in:4 out:2 type:B q:21.32 q-aq:18.69 q-noVbv:21.32 q-Rceq:1.00 tex:82132 mv:22468 misc:2896 icu:618.00 pcu:413.50 scu:264.50 tlayer:1 pbqpoffset:1.64 pbfactor:1.21 avgQpOffsetCutree:-2.93;
in:2 out:3 type:B q:21.32 q-aq:20.68 q-noVbv:21.32 q-Rceq:1.00 tex:42632 mv:18359 misc:3057 icu:309.75 pcu:601.00 scu:385.25 tlayer:2 pbqpoffset:1.64 pbfactor:1.21 avgQpOffsetCutree:-1.41;
in:1 out:4 type:b q:22.89 q-aq:23.01 q-noVbv:22.89 q-Rceq:1.00 tex:17459 mv:12589 misc:2552 icu:140.75 pcu:632.50 scu:522.75 tlayer:3 pbqpoffset:3.21 pbfactor:1.45 avgQpOffsetCutree:0.00;
in:3 out:5 type:b q:23.71 q-aq:24.00 q-noVbv:23.71 q-Rceq:1.00 tex:11559 mv:10053 misc:2348 icu:101.00 pcu:558.00 scu:637.00 tlayer:3 pbqpoffset:4.03 pbfactor:1.59 avgQpOffsetCutree:0.00;
in:6 out:6 type:B q:21.36 q-aq:20.41 q-noVbv:21.36 q-Rceq:1.00 tex:41742 mv:16586 misc:2984 icu:369.00 pcu:512.75 scu:414.25 tlayer:2 pbqpoffset:1.68 pbfactor:1.21 avgQpOffsetCutree:-1.40;
in:5 out:7 type:b q:24.26 q-aq:24.06 q-noVbv:24.26 q-Rceq:1.00 tex:11399 mv:8084 misc:2189 icu:124.00 pcu:515.75 scu:656.25 tlayer:3 pbqpoffset:4.58 pbfactor:1.70 avgQpOffsetCutree:0.00;
in:7 out:8 type:b q:23.09 q-aq:23.02 q-noVbv:23.09 q-Rceq:1.00 tex:16836 mv:10446 misc:2566 icu:198.25 pcu:532.25 scu:565.50 tlayer:3 pbqpoffset:3.41 pbfactor:1.48 avgQpOffsetCutree:0.00;
in:15 out:9 type:k q:18.13 q-aq:14.27 q-noVbv:18.13 q-Rceq:1.00 tex:157379 mv:25128 misc:3101 icu:929.25 pcu:217.00 scu:149.75 tlayer:0 pbqpoffset:0.00 pbfactor:1.00 avgQpOffsetCutree:-3.65;
in:12 out:10 type:B q:20.26 q-aq:17.40 q-noVbv:20.26 q-Rceq:1.00 tex:70524 mv:18315 misc:2889 icu:388.00 pcu:337.75 scu:570.25 tlayer:1 pbqpoffset:1.47 pbfactor:1.18 avgQpOffsetCutree:-3.01;
in:10 out:11 type:B q:20.70 q-aq:19.55 q-noVbv:20.70 q-Rceq:1.00 tex:44608 mv:17081 misc:2895 icu:311.75 pcu:481.25 scu:503.00 tlayer:2 pbqpoffset:1.47 pbfactor:1.18 avgQpOffsetCutree:-1.68;
in:9 out:12 type:b q:22.49 q-aq:22.40 q-noVbv:22.49 q-Rceq:1.00 tex:16513 mv:10308 misc:2427 icu:137.00 pcu:590.00 scu:569.00 tlayer:3 pbqpoffset:3.03 pbfactor:1.42 avgQpOffsetCutree:0.00;
in:11 out:13 type:b q:23.15 q-aq:23.05 q-noVbv:23.15 q-Rceq:1.00 tex:11456 mv:8292 misc:1996 icu:74.25 pcu:565.00 scu:656.75 tlayer:3 pbqpoffset:4.13 pbfactor:1.61 avgQpOffsetCutree:0.00;
in:14 out:14 type:B q:21.68 q-aq:21.51 q-noVbv:21.68 q-Rceq:1.00 tex:17370 mv:8898 misc:2636 icu:103.50 pcu:414.75 scu:777.75 tlayer:2 pbqpoffset:3.33 pbfactor:1.47 avgQpOffsetCutree:-0.61;
in:13 out:15 type:b q:23.88 q-aq:24.00 q-noVbv:23.88 q-Rceq:1.00 tex:8468 mv:6618 misc:2010 icu:44.75 pcu:483.00 scu:768.25 tlayer:3 pbqpoffset:5.31 pbfactor:1.85 avgQpOffsetCutree:0.00;
in:16 out:16 type:i q:20.51 q-aq:16.97 q-noVbv:20.51 q-Rceq:1.00 tex:189723 mv:26967 misc:2294 icu:1296.00 pcu:0.00 scu:0.00 tlayer:0 pbqpoffset:0.00 pbfactor:1.00 avgQpOffsetCutree:-3.85;
in:27 out:17 type:k q:19.42 q-aq:15.64 q-noVbv:19.42 q-Rceq:1.00 tex:145259 mv:21405 misc:2512 icu:1146.25 pcu:34.50 scu:115.25 tlayer:0 pbqpoffset:0.00 pbfactor:1.00 avgQpOffsetCutree:-3.73;
in:22 out:18 type:B q:21.14 q-aq:18.90 q-noVbv:21.14 q-Rceq:1.00 tex:92631 mv:16460 misc:2637 icu:802.75 pcu:233.75 scu:259.50 tlayer:1 pbqpoffset:1.71 pbfactor:1.22 avgQpOffsetCutree:-2.79;
in:19 out:19 type:B q:21.14 q-aq:19.15 q-noVbv:21.14 q-Rceq:1.00 tex:67190 mv:17740 misc:2854 icu:403.50 pcu:477.75 scu:414.75 tlayer:2 pbqpoffset:1.71 pbfactor:1.22 avgQpOffsetCutree:-2.38;
in:18 out:20 type:B q:21.58 q-aq:21.83 q-noVbv:21.58 q-Rceq:1.00 tex:25816 mv:13559 misc:2801 icu:146.00 pcu:589.50 scu:560.50 tlayer:3 pbqpoffset:2.15 pbfactor:1.28 avgQpOffsetCutree:-0.54;
in:17 out:21 type:b q:23.23 q-aq:23.08 q-noVbv:23.23 q-Rceq:1.00 tex:12459 mv:10017 misc:2148 icu:89.75 pcu:594.00 scu:612.25 tlayer:4 pbqpoffset:3.81 pbfactor:1.55 avgQpOffsetCutree:0.00;
in:21 out:22 type:B q:21.16 q-aq:21.63 q-noVbv:21.16 q-Rceq:1.00 tex:32680 mv:14070 misc:2770 icu:303.25 pcu:496.00 scu:496.75 tlayer:3 pbqpoffset:1.74 pbfactor:1.22 avgQpOffsetCutree:-0.47;
in:20 out:23 type:b q:22.84 q-aq:23.00 q-noVbv:22.84 q-Rceq:1.00 tex:16552 mv:10184 misc:2344 icu:139.75 pcu:577.25 scu:579.00 tlayer:4 pbqpoffset:3.42 pbfactor:1.48 avgQpOffsetCutree:0.00;
in:25 out:24 type:B q:21.14 q-aq:19.67 q-noVbv:21.14 q-Rceq:1.00 tex:58077 mv:17495 misc:3140 icu:446.50 pcu:401.00 scu:448.50 tlayer:2 pbqpoffset:1.71 pbfactor:1.22 avgQpOffsetCutree:-1.84;
in:24 out:25 type:B q:21.14 q-aq:21.30 q-noVbv:21.14 q-Rceq:1.00 tex:35781 mv:12945 misc:2938 icu:317.00 pcu:459.50 scu:519.50 tlayer:3 pbqpoffset:1.71 pbfactor:1.22 avgQpOffsetCutree:-0.59;
in:23 out:26 type:b q:22.34 q-aq:22.16 q-noVbv:22.34 q-Rceq:1.00 tex:23466 mv:10458 misc:2372 icu:210.50 pcu:537.00 scu:548.50 tlayer:4 pbqpoffset:2.91 pbfactor:1.40 avgQpOffsetCutree:0.00;
in:26 out:27 type:b q:23.21 q-aq:23.07 q-noVbv:23.21 q-Rceq:1.00 tex:15432 mv:9412 misc:2412 icu:119.25 pcu:586.00 scu:590.75 tlayer:3 pbqpoffset:3.79 pbfactor:1.55 avgQpOffsetCutree:0.00;
in:31 out:28 type:k q:18.29 q-aq:16.16 q-noVbv:18.29 q-Rceq:1.00 tex:101886 mv:15930 misc:2888 icu:888.50 pcu:138.75 scu:268.75 tlayer:0 pbqpoffset:0.00 pbfactor:1.00 avgQpOffsetCutree:-2.32;
in:29 out:29 type:B q:20.23 q-aq:19.04 q-noVbv:20.23 q-Rceq:1.00 tex:48091 mv:11379 misc:3050 icu:433.50 pcu:377.50 scu:485.00 tlayer:1 pbqpoffset:1.38 pbfactor:1.17 avgQpOffsetCutree:-1.59;
in:28 out:30 type:b q:22.11 q-aq:22.00 q-noVbv:22.11 q-Rceq:1.00 tex:18532 mv:6656 misc:2524 icu:159.50 pcu:411.00 scu:725.50 tlayer:2 pbqpoffset:2.97 pbfactor:1.41 avgQpOffsetCutree:0.00;
in:30 out:31 type:b q:21.45 q-aq:21.22 q-noVbv:21.45 q-Rceq:1.00 tex:21532 mv:7404 misc:2480 icu:223.75 pcu:389.75 scu:682.50 tlayer:2 pbqpoffset:2.87 pbfactor:1.39 avgQpOffsetCutree:0.00;
in:32 out:32 type:i q:19.31 q-aq:15.86 q-noVbv:19.31 q-Rceq:1.00 tex:166495 mv:23665 misc:2656 icu:1296.00 pcu:0.00 scu:0.00 tlayer:0 pbqpoffset:0.00 pbfactor:1.00 avgQpOffsetCutree:-3.56;
in:40 out:33 type:k q:18.22 q-aq:13.21 q-noVbv:18.22 q-Rceq:1.00 tex:176051 mv:27722 misc:2995 icu:1067.25 pcu:80.00 scu:148.75 tlayer:0 pbqpoffset:0.00 pbfactor:1.00 avgQpOffsetCutree:-4.62;
in:36 out:34 type:B q:19.81 q-aq:17.41 q-noVbv:19.81 q-Rceq:1.00 tex:88297 mv:19735 misc:2664 icu:649.00 pcu:286.75 scu:360.25 tlayer:1 pbqpoffset:1.59 pbfactor:1.20 avgQpOffsetCutree:-2.94;
in:34 out:35 type:B q:19.98 q-aq:19.09 q-noVbv:19.98 q-Rceq:1.00 tex:48037 mv:16911 misc:2964 icu:265.75 pcu:520.75 scu:509.50 tlayer:2 pbqpoffset:1.75 pbfactor:1.22 avgQpOffsetCutree:-1.46;
in:33 out:36 type:b q:22.40 q-aq:22.36 q-noVbv:22.40 q-Rceq:1.00 tex:13904 mv:10376 misc:2336 icu:109.25 pcu:560.25 scu:626.50 tlayer:3 pbqpoffset:4.17 pbfactor:1.62 avgQpOffsetCutree:0.00;
in:35 out:37 type:b q:22.71 q-aq:23.00 q-noVbv:22.71 q-Rceq:1.00 tex:14050 mv:9681 misc:2037 icu:118.75 pcu:530.00 scu:647.25 tlayer:3 pbqpoffset:4.49 pbfactor:1.68 avgQpOffsetCutree:0.00;
in:38 out:38 type:B q:20.20 q-aq:18.83 q-noVbv:20.20 q-Rceq:1.00 tex:48552 mv:15654 misc:3010 icu:289.75 pcu:463.50 scu:542.75 tlayer:2 pbqpoffset:1.97 pbfactor:1.26 avgQpOffsetCutree:-1.69;
in:37 out:39 type:b q:22.94 q-aq:23.04 q-noVbv:22.94 q-Rceq:1.00 tex:13716 mv:8666 misc:2154 icu:97.50 pcu:465.00 scu:733.50 tlayer:3 pbqpoffset:4.71 pbfactor:1.72 avgQpOffsetCutree:0.00;
in:39 out:40 type:b q:23.45 q-aq:23.32 q-noVbv:23.45 q-Rceq:1.00 tex:11858 mv:8370 misc:2300 icu:91.25 pcu:472.00 scu:732.75 tlayer:3 pbqpoffset:5.22 pbfactor:1.83 avgQpOffsetCutree:0.00;
in:47 out:41 type:k q:18.18 q-aq:15.33 q-noVbv:18.18 q-Rceq:1.00 tex:131489 mv:20702 misc:2929 icu:830.25 pcu:140.25 scu:325.50 tlayer:0 pbqpoffset:0.00 pbfactor:1.00 avgQpOffsetCutree:-2.91;
in:44 out:42 type:B q:19.68 q-aq:17.21 q-noVbv:19.68 q-Rceq:1.00 tex:70312 mv:15504 misc:2784 icu:421.00 pcu:330.75 scu:544.25 tlayer:1 pbqpoffset:1.48 pbfactor:1.19 avgQpOffsetCutree:-2.78;
in:42 out:43 type:B q:19.72 q-aq:18.25 q-noVbv:19.72 q-Rceq:1.00 tex:46183 mv:15907 misc:3030 icu:209.00 pcu:455.25 scu:631.75 tlayer:2 pbqpoffset:1.51 pbfactor:1.19 avgQpOffsetCutree:-1.71;
in:41 out:44 type:b q:22.08 q-aq:22.01 q-noVbv:22.08 q-Rceq:1.00 tex:13088 mv:8462 misc:2218 icu:67.75 pcu:518.00 scu:710.25 tlayer:3 pbqpoffset:3.86 pbfactor:1.56 avgQpOffsetCutree:0.00;
in:43 out:45 type:b q:22.49 q-aq:22.56 q-noVbv:22.49 q-Rceq:1.00 tex:11603 mv:8869 misc:2328 icu:75.25 pcu:475.75 scu:745.00 tlayer:3 pbqpoffset:4.28 pbfactor:1.64 avgQpOffsetCutree:0.00;
in:46 out:46 type:B q:21.09 q-aq:21.20 q-noVbv:21.09 q-Rceq:1.00 tex:18231 mv:9211 misc:2334 icu:132.50 pcu:374.00 scu:789.50 tlayer:2 pbqpoffset:2.90 pbfactor:1.40 avgQpOffsetCutree:-0.52;
in:45 out:47 type:b q:23.10 q-aq:23.00 q-noVbv:23.10 q-Rceq:1.00 tex:10577 mv:7022 misc:1793 icu:84.75 pcu:466.25 scu:745.00 tlayer:3 pbqpoffset:4.91 pbfactor:1.76 avgQpOffsetCutree:0.00;
in:48 out:48 type:i q:19.93 q-aq:13.92 q-noVbv:19.93 q-Rceq:1.00 tex:214655 mv:29209 misc:2672 icu:1296.00 pcu:0.00 scu:0.00 tlayer:0 pbqpoffset:0.00 pbfactor:1.00 avgQpOffsetCutree:-5.19;
in:64 out:49 type:k q:18.84 q-aq:12.37 q-noVbv:18.84 q-Rceq:1.00 tex:250847 mv:31471 misc:2842 icu:1256.00 pcu:40.00 scu:0.00 tlayer:0 pbqpoffset:0.51 pbfactor:1.06 avgQpOffsetCutree:-6.05;
in:56 out:50 type:B q:20.42 q-aq:14.87 q-noVbv:20.42 q-Rceq:1.00 tex:108496 mv:19497 misc:3215 icu:712.25 pcu:246.50 scu:337.25 tlayer:1 pbqpoffset:1.58 pbfactor:1.20 avgQpOffsetCutree:-4.91;
in:52 out:51 type:B q:20.42 q-aq:17.11 q-noVbv:20.42 q-Rceq:1.00 tex:58539 mv:14502 misc:2543 icu:397.75 pcu:299.00 scu:599.25 tlayer:2 pbqpoffset:1.58 pbfactor:1.20 avgQpOffsetCutree:-3.10;
in:50 out:52 type:B q:22.06 q-aq:20.66 q-noVbv:22.06 q-Rceq:1.00 tex:24817 mv:10673 misc:2238 icu:210.25 pcu:360.00 scu:725.75 tlayer:3 pbqpoffset:3.22 pbfactor:1.45 avgQpOffsetCutree:-1.68;
in:49 out:53 type:b q:25.28 q-aq:25.07 q-noVbv:25.28 q-Rceq:1.00 tex:6614 mv:5494 misc:1612 icu:89.25 pcu:401.00 scu:805.75 tlayer:4 pbqpoffset:6.44 pbfactor:2.10 avgQpOffsetCutree:0.00;
in:51 out:54 type:b q:25.28 q-aq:25.02 q-noVbv:25.28 q-Rceq:1.00 tex:6628 mv:6260 misc:1584 icu:73.25 pcu:377.25 scu:845.50 tlayer:4 pbqpoffset:6.44 pbfactor:2.10 avgQpOffsetCutree:0.00;
in:54 out:55 type:B q:22.06 q-aq:20.77 q-noVbv:22.06 q-Rceq:1.00 tex:28570 mv:9958 misc:2000 icu:184.50 pcu:329.00 scu:782.50 tlayer:3 pbqpoffset:3.22 pbfactor:1.45 avgQpOffsetCutree:-1.70;
in:53 out:56 type:b q:25.28 q-aq:25.04 q-noVbv:25.28 q-Rceq:1.00 tex:7261 mv:5710 misc:1573 icu:54.00 pcu:324.25 scu:917.75 tlayer:4 pbqpoffset:6.44 pbfactor:2.10 avgQpOffsetCutree:0.00;
in:55 out:57 type:b q:25.28 q-aq:25.02 q-noVbv:25.28 q-Rceq:1.00 tex:6234 mv:5647 misc:1455 icu:52.25 pcu:341.50 scu:902.25 tlayer:4 pbqpoffset:6.44 pbfactor:2.10 avgQpOffsetCutree:0.00;
in:60 out:58 type:B q:20.42 q-aq:16.36 q-noVbv:20.42 q-Rceq:1.00 tex:79513 mv:16753 misc:3206 icu:444.25 pcu:349.50 scu:502.25 tlayer:2 pbqpoffset:1.58 pbfactor:1.20 avgQpOffsetCutree:-3.57;
in:58 out:59 type:B q:22.28 q-aq:20.69 q-noVbv:22.28 q-Rceq:1.00 tex:22269 mv:9455 misc:2132 icu:135.50 pcu:453.25 scu:707.25 tlayer:3 pbqpoffset:3.44 pbfactor:1.49 avgQpOffsetCutree:-1.82;
in:57 out:60 type:b q:25.28 q-aq:25.09 q-noVbv:25.28 q-Rceq:1.00 tex:5763 mv:5137 misc:1388 icu:46.00 pcu:389.75 scu:860.25 tlayer:4 pbqpoffset:6.44 pbfactor:2.10 avgQpOffsetCutree:0.00;
in:59 out:61 type:b q:25.28 q-aq:25.08 q-noVbv:25.28 q-Rceq:1.00 tex:4970 mv:4913 misc:1277 icu:53.50 pcu:344.25 scu:898.25 tlayer:4 pbqpoffset:6.44 pbfactor:2.10 avgQpOffsetCutree:0.00;
in:62 out:62 type:B q:21.28 q-aq:19.56 q-noVbv:21.28 q-Rceq:1.00 tex:36204 mv:10086 misc:2070 icu:252.25 pcu:247.00 scu:796.75 tlayer:3 pbqpoffset:2.44 pbfactor:1.33 avgQpOffsetCutree:-1.80;
in:61 out:63 type:b q:25.28 q-aq:25.10 q-noVbv:25.28 q-Rceq:1.00 tex:6184 mv:5027 misc:1293 icu:68.25 pcu:286.00 scu:941.75 tlayer:4 pbqpoffset:6.44 pbfactor:2.10 avgQpOffsetCutree:0.00;
in:63 out:64 type:b q:25.04 q-aq:25.01 q-noVbv:25.04 q-Rceq:1.00 tex:7583 mv:5409 misc:1376 icu:74.00 pcu:315.00 scu:907.00 tlayer:4 pbqpoffset:6.20 pbfactor:2.05 avgQpOffsetCutree:0.00;
in:80 out:65 type:k q:14.84 q-aq:9.21 q-noVbv:14.84 q-Rceq:1.00 tex:394885 mv:39492 misc:2887 icu:1212.75 pcu:83.25 scu:0.00 tlayer:0 pbqpoffset:0.58 pbfactor:1.07 avgQpOffsetCutree:-5.99;
in:72 out:66 type:B q:18.37 q-aq:12.77 q-noVbv:18.37 q-Rceq:1.00 tex:118226 mv:17384 misc:3182 icu:532.00 pcu:240.75 scu:523.25 tlayer:1 pbqpoffset:1.53 pbfactor:1.19 avgQpOffsetCutree:-5.07;
in:68 out:67 type:B q:20.41 q-aq:16.63 q-noVbv:20.41 q-Rceq:1.00 tex:45524 mv:11501 misc:2055 icu:282.25 pcu:351.75 scu:662.00 tlayer:2 pbqpoffset:2.57 pbfactor:1.35 avgQpOffsetCutree:-3.21;
in:66 out:68 type:B q:21.73 q-aq:20.41 q-noVbv:21.73 q-Rceq:1.00 tex:24504 mv:9845 misc:1811 icu:157.25 pcu:336.00 scu:802.75 tlayer:3 pbqpoffset:3.39 pbfactor:1.48 avgQpOffsetCutree:-1.74;
in:65 out:69 type:b q:24.98 q-aq:25.00 q-noVbv:24.98 q-Rceq:1.00 tex:5903 mv:5673 misc:1352 icu:52.25 pcu:315.25 scu:928.50 tlayer:4 pbqpoffset:6.39 pbfactor:2.09 avgQpOffsetCutree:0.00;
in:67 out:70 type:b q:24.48 q-aq:24.74 q-noVbv:24.48 q-Rceq:1.00 tex:5792 mv:5851 misc:1437 icu:41.25 pcu:404.25 scu:850.50 tlayer:4 pbqpoffset:6.39 pbfactor:2.09 avgQpOffsetCutree:0.00;
in:70 out:71 type:B q:20.73 q-aq:19.62 q-noVbv:20.73 q-Rceq:1.00 tex:24925 mv:8216 misc:1731 icu:182.75 pcu:265.00 scu:848.25 tlayer:3 pbqpoffset:3.39 pbfactor:1.48 avgQpOffsetCutree:-1.66;
in:69 out:72 type:b q:23.98 q-aq:24.00 q-noVbv:23.98 q-Rceq:1.00 tex:7397 mv:5853 misc:1462 icu:60.50 pcu:294.25 scu:941.25 tlayer:4 pbqpoffset:6.39 pbfactor:2.09 avgQpOffsetCutree:0.00;
in:71 out:73 type:b q:23.48 q-aq:23.72 q-noVbv:23.48 q-Rceq:1.00 tex:8309 mv:5299 misc:1368 icu:80.25 pcu:334.00 scu:881.75 tlayer:4 pbqpoffset:6.39 pbfactor:2.09 avgQpOffsetCutree:0.00;
in:76 out:74 type:B q:17.52 q-aq:14.01 q-noVbv:17.52 q-Rceq:1.00 tex:87996 mv:14570 misc:2114 icu:390.75 pcu:173.25 scu:732.00 tlayer:2 pbqpoffset:1.67 pbfactor:1.21 avgQpOffsetCutree:-3.45;
in:74 out:75 type:B q:19.73 q-aq:18.41 q-noVbv:19.73 q-Rceq:1.00 tex:31585 mv:9734 misc:1649 icu:190.25 pcu:252.25 scu:853.50 tlayer:3 pbqpoffset:3.39 pbfactor:1.48 avgQpOffsetCutree:-1.77;
in:73 out:76 type:b q:22.98 q-aq:23.01 q-noVbv:22.98 q-Rceq:1.00 tex:9502 mv:5686 misc:1228 icu:77.25 pcu:262.25 scu:956.50 tlayer:4 pbqpoffset:6.39 pbfactor:2.09 avgQpOffsetCutree:0.00;
in:75 out:77 type:b q:22.48 q-aq:22.60 q-noVbv:22.48 q-Rceq:1.00 tex:10094 mv:6418 misc:1512 icu:71.25 pcu:300.25 scu:924.50 tlayer:4 pbqpoffset:6.39 pbfactor:2.09 avgQpOffsetCutree:0.00;
in:78 out:78 type:B q:17.62 q-aq:16.00 q-noVbv:17.62 q-Rceq:1.00 tex:62653 mv:11664 misc:2011 icu:313.50 pcu:164.00 scu:818.50 tlayer:3 pbqpoffset:2.28 pbfactor:1.30 avgQpOffsetCutree:-1.83;
in:77 out:79 type:b q:21.98 q-aq:22.01 q-noVbv:21.98 q-Rceq:1.00 tex:14968 mv:7188 misc:1516 icu:112.75 pcu:324.25 scu:859.00 tlayer:4 pbqpoffset:6.39 pbfactor:2.09 avgQpOffsetCutree:0.00;
in:79 out:80 type:b q:20.51 q-aq:21.00 q-noVbv:20.51 q-Rceq:1.00 tex:23346 mv:6497 misc:1365 icu:165.50 pcu:232.75 scu:897.75 tlayer:4 pbqpoffset:5.42 pbfactor:1.87 avgQpOffsetCutree:0.00;
in:94 out:81 type:k q:14.12 q-aq:9.85 q-noVbv:14.12 q-Rceq:1.00 tex:223707 mv:26056 misc:3381 icu:631.75 pcu:274.25 scu:390.00 tlayer:0 pbqpoffset:0.16 pbfactor:1.02 avgQpOffsetCutree:-4.07;
in:87 out:82 type:B q:15.91 q-aq:12.36 q-noVbv:15.91 q-Rceq:1.00 tex:112127 mv:16838 misc:2443 icu:436.75 pcu:173.75 scu:685.50 tlayer:1 pbqpoffset:1.43 pbfactor:1.18 avgQpOffsetCutree:-4.02;
in:84 out:83 type:B q:16.07 q-aq:14.48 q-noVbv:16.07 q-Rceq:1.00 tex:87585 mv:15043 misc:1732 icu:337.25 pcu:194.00 scu:764.75 tlayer:2 pbqpoffset:1.43 pbfactor:1.18 avgQpOffsetCutree:-2.71;
in:82 out:84 type:B q:16.17 q-aq:15.41 q-noVbv:16.17 q-Rceq:1.00 tex:59771 mv:13637 misc:1800 icu:247.50 pcu:216.75 scu:831.75 tlayer:3 pbqpoffset:1.43 pbfactor:1.18 avgQpOffsetCutree:-1.71;
in:81 out:85 type:b q:18.17 q-aq:18.31 q-noVbv:18.17 q-Rceq:1.00 tex:27659 mv:9164 misc:1713 icu:121.75 pcu:278.25 scu:896.00 tlayer:4 pbqpoffset:3.38 pbfactor:1.48 avgQpOffsetCutree:0.00;
in:83 out:86 type:b q:18.35 q-aq:18.18 q-noVbv:18.35 q-Rceq:1.00 tex:26897 mv:9671 misc:1808 icu:101.50 pcu:280.25 scu:914.25 tlayer:4 pbqpoffset:3.66 pbfactor:1.53 avgQpOffsetCutree:0.00;
in:86 out:87 type:B q:16.31 q-aq:16.83 q-noVbv:16.31 q-Rceq:1.00 tex:48188 mv:12643 misc:1921 icu:208.25 pcu:244.50 scu:843.25 tlayer:3 pbqpoffset:1.78 pbfactor:1.23 avgQpOffsetCutree:-0.29;
in:85 out:88 type:b q:18.22 q-aq:18.13 q-noVbv:18.22 q-Rceq:1.00 tex:25924 mv:8210 misc:1730 icu:122.75 pcu:241.25 scu:932.00 tlayer:4 pbqpoffset:3.63 pbfactor:1.52 avgQpOffsetCutree:0.00;
in:91 out:89 type:B q:15.70 q-aq:13.70 q-noVbv:15.70 q-Rceq:1.00 tex:88255 mv:16636 misc:2533 icu:377.50 pcu:277.00 scu:641.50 tlayer:2 pbqpoffset:1.43 pbfactor:1.18 avgQpOffsetCutree:-2.59;
in:89 out:90 type:B q:15.81 q-aq:15.19 q-noVbv:15.81 q-Rceq:1.00 tex:69507 mv:15331 misc:2258 icu:294.25 pcu:307.00 scu:694.75 tlayer:3 pbqpoffset:1.43 pbfactor:1.18 avgQpOffsetCutree:-1.54;
in:88 out:91 type:b q:18.12 q-aq:18.13 q-noVbv:18.12 q-Rceq:1.00 tex:26521 mv:8911 misc:1936 icu:137.00 pcu:281.75 scu:877.25 tlayer:4 pbqpoffset:3.69 pbfactor:1.53 avgQpOffsetCutree:0.00;
in:90 out:92 type:b q:17.34 q-aq:17.19 q-noVbv:17.34 q-Rceq:1.00 tex:35012 mv:10427 misc:2113 icu:148.25 pcu:479.75 scu:668.00 tlayer:4 pbqpoffset:3.02 pbfactor:1.42 avgQpOffsetCutree:0.00;
in:93 out:93 type:B q:16.14 q-aq:16.63 q-noVbv:16.14 q-Rceq:1.00 tex:43261 mv:12892 misc:2239 icu:197.50 pcu:334.25 scu:764.25 tlayer:3 pbqpoffset:1.98 pbfactor:1.26 avgQpOffsetCutree:-0.37;
in:92 out:94 type:b q:17.67 q-aq:18.02 q-noVbv:17.67 q-Rceq:1.00 tex:29812 mv:8739 misc:2097 icu:117.50 pcu:379.00 scu:799.50 tlayer:4 pbqpoffset:3.45 pbfactor:1.49 avgQpOffsetCutree:0.00;
in:110 out:95 type:k q:14.00 q-aq:8.58 q-noVbv:14.00 q-Rceq:1.00 tex:425021 mv:41608 misc:2731 icu:1252.75 pcu:43.25 scu:0.00 tlayer:0 pbqpoffset:0.34 pbfactor:1.04 avgQpOffsetCutree:-6.06;
in:102 out:96 type:B q:15.49 q-aq:10.26 q-noVbv:15.49 q-Rceq:1.00 tex:212137 mv:26085 misc:3450 icu:677.00 pcu:286.75 scu:332.25 tlayer:1 pbqpoffset:1.43 pbfactor:1.18 avgQpOffsetCutree:-5.20;
in:98 out:97 type:B q:15.52 q-aq:11.95 q-noVbv:15.52 q-Rceq:1.00 tex:151210 mv:20825 misc:2925 icu:538.50 pcu:188.50 scu:569.00 tlayer:2 pbqpoffset:1.43 pbfactor:1.18 avgQpOffsetCutree:-3.80;
in:96 out:98 type:B q:16.02 q-aq:15.45 q-noVbv:16.02 q-Rceq:1.00 tex:76706 mv:14805 misc:2313 icu:411.00 pcu:148.25 scu:736.75 tlayer:3 pbqpoffset:1.92 pbfactor:1.25 avgQpOffsetCutree:-1.48;
in:95 out:99 type:b q:19.39 q-aq:19.29 q-noVbv:19.39 q-Rceq:1.00 tex:26939 mv:7249 misc:1964 icu:186.00 pcu:265.50 scu:844.50 tlayer:4 pbqpoffset:5.28 pbfactor:1.84 avgQpOffsetCutree:0.00;
in:97 out:100 type:b q:20.39 q-aq:20.41 q-noVbv:20.39 q-Rceq:1.00 tex:17180 mv:9180 misc:2000 icu:83.50 pcu:343.75 scu:868.75 tlayer:4 pbqpoffset:6.30 pbfactor:2.07 avgQpOffsetCutree:0.00;
in:100 out:101 type:B q:16.53 q-aq:15.78 q-noVbv:16.53 q-Rceq:1.00 tex:63444 mv:15249 misc:2403 icu:255.25 pcu:307.50 scu:733.25 tlayer:3 pbqpoffset:2.46 pbfactor:1.33 avgQpOffsetCutree:-1.69;
in:99 out:102 type:b q:19.88 q-aq:20.03 q-noVbv:19.88 q-Rceq:1.00 tex:22882 mv:9094 misc:2088 icu:106.00 pcu:356.50 scu:833.50 tlayer:4 pbqpoffset:5.80 pbfactor:1.95 avgQpOffsetCutree:0.00;
in:101 out:103 type:b q:20.34 q-aq:20.30 q-noVbv:20.34 q-Rceq:1.00 tex:18770 mv:8513 misc:2141 icu:102.00 pcu:409.50 scu:784.50 tlayer:4 pbqpoffset:6.27 pbfactor:2.06 avgQpOffsetCutree:0.00;
in:106 out:104 type:B q:15.77 q-aq:12.68 q-noVbv:15.77 q-Rceq:1.00 tex:100658 mv:18722 misc:2780 icu:355.00 pcu:335.75 scu:605.25 tlayer:2 pbqpoffset:1.74 pbfactor:1.22 avgQpOffsetCutree:-3.49;
in:104 out:105 type:B q:16.56 q-aq:15.96 q-noVbv:16.56 q-Rceq:1.00 tex:61580 mv:14722 misc:2306 icu:241.00 pcu:334.00 scu:721.00 tlayer:3 pbqpoffset:2.52 pbfactor:1.34 avgQpOffsetCutree:-1.71;
in:103 out:106 type:b q:19.88 q-aq:20.07 q-noVbv:19.88 q-Rceq:1.00 tex:21720 mv:8765 misc:2035 icu:110.50 pcu:335.00 scu:850.50 tlayer:4 pbqpoffset:5.83 pbfactor:1.96 avgQpOffsetCutree:0.00;
in:105 out:107 type:b q:20.34 q-aq:20.22 q-noVbv:20.34 q-Rceq:1.00 tex:19808 mv:8318 misc:1970 icu:106.50 pcu:347.25 scu:842.25 tlayer:4 pbqpoffset:6.30 pbfactor:2.07 avgQpOffsetCutree:0.00;
in:108 out:108 type:B q:17.31 q-aq:16.01 q-noVbv:17.31 q-Rceq:1.00 tex:48462 mv:13598 misc:2348 icu:153.25 pcu:352.50 scu:790.25 tlayer:3 pbqpoffset:3.30 pbfactor:1.46 avgQpOffsetCutree:-1.81;
in:107 out:109 type:b q:20.32 q-aq:20.22 q-noVbv:20.32 q-Rceq:1.00 tex:16409 mv:6633 misc:1758 icu:73.25 pcu:337.50 scu:885.25 tlayer:4 pbqpoffset:6.30 pbfactor:2.07 avgQpOffsetCutree:0.00;
in:109 out:110 type:b q:20.31 q-aq:20.11 q-noVbv:20.31 q-Rceq:1.00 tex:16327 mv:7708 misc:1781 icu:58.25 pcu:328.50 scu:909.25 tlayer:4 pbqpoffset:6.30 pbfactor:2.07 avgQpOffsetCutree:0.00;
in:126 out:111 type:k q:13.94 q-aq:9.44 q-noVbv:13.94 q-Rceq:1.00 tex:397708 mv:41192 misc:2780 icu:1265.00 pcu:31.00 scu:0.00 tlayer:0 pbqpoffset:0.34 pbfactor:1.04 avgQpOffsetCutree:-5.24;
in:118 out:112 type:B q:15.55 q-aq:10.46 q-noVbv:15.55 q-Rceq:1.00 tex:277798 mv:33802 misc:3264 icu:829.50 pcu:326.25 scu:140.25 tlayer:1 pbqpoffset:1.58 pbfactor:1.20 avgQpOffsetCutree:-5.26;
in:114 out:113 type:B q:15.57 q-aq:12.25 q-noVbv:15.57 q-Rceq:1.00 tex:164383 mv:22631 misc:3258 icu:485.50 pcu:336.75 scu:473.75 tlayer:2 pbqpoffset:1.58 pbfactor:1.20 avgQpOffsetCutree:-3.87;
in:112 out:114 type:B q:16.26 q-aq:15.33 q-noVbv:16.26 q-Rceq:1.00 tex:81940 mv:16165 misc:2655 icu:307.00 pcu:324.50 scu:664.50 tlayer:3 pbqpoffset:2.27 pbfactor:1.30 avgQpOffsetCutree:-1.54;
in:111 out:115 type:b q:20.44 q-aq:20.32 q-noVbv:20.44 q-Rceq:1.00 tex:16632 mv:5571 misc:1845 icu:68.25 pcu:274.00 scu:953.75 tlayer:4 pbqpoffset:6.44 pbfactor:2.11 avgQpOffsetCutree:0.00;
in:113 out:116 type:b q:20.43 q-aq:20.21 q-noVbv:20.43 q-Rceq:1.00 tex:12957 mv:8407 misc:1876 icu:56.75 pcu:433.00 scu:806.25 tlayer:4 pbqpoffset:6.44 pbfactor:2.11 avgQpOffsetCutree:0.00;
in:116 out:117 type:B q:17.42 q-aq:16.50 q-noVbv:17.42 q-Rceq:1.00 tex:48068 mv:15685 misc:2543 icu:184.00 pcu:408.75 scu:703.25 tlayer:3 pbqpoffset:3.44 pbfactor:1.49 avgQpOffsetCutree:-1.51;
in:115 out:118 type:b q:20.43 q-aq:20.44 q-noVbv:20.43 q-Rceq:1.00 tex:15517 mv:7933 misc:1814 icu:55.75 pcu:400.50 scu:839.75 tlayer:4 pbqpoffset:6.44 pbfactor:2.11 avgQpOffsetCutree:0.00;
in:117 out:119 type:b q:20.42 q-aq:20.30 q-noVbv:20.42 q-Rceq:1.00 tex:13047 mv:8744 misc:2025 icu:61.50 pcu:383.75 scu:850.75 tlayer:4 pbqpoffset:6.44 pbfactor:2.11 avgQpOffsetCutree:0.00;
in:122 out:120 type:B q:15.68 q-aq:12.60 q-noVbv:15.68 q-Rceq:1.00 tex:125583 mv:24715 misc:3582 icu:383.00 pcu:554.25 scu:358.75 tlayer:2 pbqpoffset:1.72 pbfactor:1.22 avgQpOffsetCutree:-3.23;
in:120 out:121 type:B q:16.74 q-aq:14.99 q-noVbv:16.74 q-Rceq:1.00 tex:63826 mv:18080 misc:2966 icu:231.50 pcu:526.25 scu:538.25 tlayer:3 pbqpoffset:2.78 pbfactor:1.38 avgQpOffsetCutree:-1.91;
in:119 out:122 type:b q:20.41 q-aq:20.36 q-noVbv:20.41 q-Rceq:1.00 tex:13858 mv:8620 misc:2018 icu:58.75 pcu:392.25 scu:845.00 tlayer:4 pbqpoffset:6.44 pbfactor:2.11 avgQpOffsetCutree:0.00;
in:121 out:123 type:b q:19.88 q-aq:20.00 q-noVbv:19.88 q-Rceq:1.00 tex:19706 mv:10605 misc:2129 icu:90.25 pcu:524.50 scu:681.25 tlayer:4 pbqpoffset:5.91 pbfactor:1.98 avgQpOffsetCutree:0.00;
in:124 out:124 type:B q:16.61 q-aq:15.62 q-noVbv:16.61 q-Rceq:1.00 tex:61648 mv:18768 misc:2968 icu:204.00 pcu:595.50 scu:496.50 tlayer:3 pbqpoffset:2.66 pbfactor:1.36 avgQpOffsetCutree:-1.60;
in:123 out:125 type:b q:20.40 q-aq:20.24 q-noVbv:20.40 q-Rceq:1.00 tex:14888 mv:9292 misc:2196 icu:70.50 pcu:512.00 scu:713.50 tlayer:4 pbqpoffset:6.44 pbfactor:2.11 avgQpOffsetCutree:0.00;
in:125 out:126 type:b q:19.52 q-aq:19.61 q-noVbv:19.52 q-Rceq:1.00 tex:17993 mv:10533 misc:2218 icu:82.00 pcu:536.00 scu:678.00 tlayer:4 pbqpoffset:5.58 pbfactor:1.90 avgQpOffsetCutree:0.00;
in:138 out:127 type:k q:15.44 q-aq:10.88 q-noVbv:15.44 q-Rceq:1.00 tex:319245 mv:39895 misc:2788 icu:1276.25 pcu:19.75 scu:0.00 tlayer:0 pbqpoffset:0.39 pbfactor:1.05 avgQpOffsetCutree:-5.27;
in:132 out:128 type:B q:16.28 q-aq:12.34 q-noVbv:16.28 q-Rceq:1.00 tex:196914 mv:31684 misc:3578 icu:758.50 pcu:461.50 scu:76.00 tlayer:1 pbqpoffset:1.59 pbfactor:1.20 avgQpOffsetCutree:-4.11;
in:129 out:129 type:B q:15.90 q-aq:13.42 q-noVbv:15.90 q-Rceq:1.00 tex:176081 mv:27150 misc:3737 icu:563.25 pcu:580.75 scu:152.00 tlayer:2 pbqpoffset:1.59 pbfactor:1.20 avgQpOffsetCutree:-2.70;
in:128 out:130 type:B q:16.80 q-aq:17.95 q-noVbv:16.80 q-Rceq:1.00 tex:56169 mv:13885 misc:2890 icu:199.00 pcu:502.50 scu:594.50 tlayer:3 pbqpoffset:2.61 pbfactor:1.35 avgQpOffsetCutree:-0.06;
in:127 out:131 type:b q:17.77 q-aq:18.01 q-noVbv:17.77 q-Rceq:1.00 tex:37172 mv:8842 misc:2418 icu:161.75 pcu:377.50 scu:756.75 tlayer:4 pbqpoffset:3.70 pbfactor:1.53 avgQpOffsetCutree:0.00;
in:131 out:132 type:B q:17.59 q-aq:17.62 q-noVbv:17.59 q-Rceq:1.00 tex:37221 mv:14355 misc:2664 icu:157.25 pcu:512.25 scu:626.50 tlayer:3 pbqpoffset:3.02 pbfactor:1.42 avgQpOffsetCutree:-0.76;
in:130 out:133 type:b q:19.13 q-aq:19.05 q-noVbv:19.13 q-Rceq:1.00 tex:23814 mv:11436 misc:2374 icu:89.50 pcu:592.50 scu:614.00 tlayer:4 pbqpoffset:4.69 pbfactor:1.72 avgQpOffsetCutree:0.00;
in:135 out:134 type:B q:17.15 q-aq:14.55 q-noVbv:17.15 q-Rceq:1.00 tex:84131 mv:23423 misc:3558 icu:358.00 pcu:634.50 scu:303.50 tlayer:2 pbqpoffset:2.09 pbfactor:1.27 avgQpOffsetCutree:-2.60;
in:134 out:135 type:B q:18.39 q-aq:18.10 q-noVbv:18.39 q-Rceq:1.00 tex:31979 mv:14543 misc:2942 icu:165.50 pcu:582.75 scu:547.75 tlayer:3 pbqpoffset:3.45 pbfactor:1.49 avgQpOffsetCutree:-0.81;
in:133 out:136 type:b q:20.64 q-aq:21.00 q-noVbv:20.64 q-Rceq:1.00 tex:15611 mv:9552 misc:2061 icu:84.50 pcu:578.00 scu:633.50 tlayer:4 pbqpoffset:5.82 pbfactor:1.96 avgQpOffsetCutree:0.00;
in:137 out:137 type:B q:18.76 q-aq:18.92 q-noVbv:18.76 q-Rceq:1.00 tex:29549 mv:13236 misc:2847 icu:133.75 pcu:539.75 scu:622.50 tlayer:3 pbqpoffset:3.45 pbfactor:1.49 avgQpOffsetCutree:-0.63;
in:136 out:138 type:b q:21.64 q-aq:22.00 q-noVbv:21.64 q-Rceq:1.00 tex:12809 mv:8436 misc:2155 icu:88.50 pcu:453.50 scu:754.00 tlayer:4 pbqpoffset:6.45 pbfactor:2.11 avgQpOffsetCutree:0.00;
in:143 out:139 type:k q:16.00 q-aq:13.08 q-noVbv:16.00 q-Rceq:1.00 tex:179720 mv:29938 misc:3526 icu:748.50 pcu:456.00 scu:91.50 tlayer:0 pbqpoffset:0.00 pbfactor:1.00 avgQpOffsetCutree:-3.08;
in:141 out:140 type:B q:17.19 q-aq:15.57 q-noVbv:17.19 q-Rceq:1.00 tex:74070 mv:23058 misc:3536 icu:307.50 pcu:606.25 scu:382.25 tlayer:1 pbqpoffset:1.42 pbfactor:1.18 avgQpOffsetCutree:-1.89;
in:140 out:141 type:B q:17.33 q-aq:17.11 q-noVbv:17.33 q-Rceq:1.00 tex:42696 mv:17612 misc:3204 icu:178.25 pcu:633.75 scu:484.00 tlayer:2 pbqpoffset:1.67 pbfactor:1.21 avgQpOffsetCutree:-0.93;
in:139 out:142 type:b q:18.49 q-aq:18.44 q-noVbv:18.49 q-Rceq:1.00 tex:27342 mv:12443 misc:2791 icu:113.00 pcu:579.75 scu:603.25 tlayer:3 pbqpoffset:2.94 pbfactor:1.40 avgQpOffsetCutree:0.00;
in:142 out:143 type:b q:19.32 q-aq:19.14 q-noVbv:19.32 q-Rceq:1.00 tex:18351 mv:10158 misc:2595 icu:85.25 pcu:576.00 scu:634.75 tlayer:2 pbqpoffset:3.43 pbfactor:1.49 avgQpOffsetCutree:0.00;
in:144 out:144 type:i q:18.11 q-aq:13.68 q-noVbv:18.11 q-Rceq:1.00 tex:242680 mv:30855 misc:2705 icu:1296.00 pcu:0.00 scu:0.00 tlayer:0 pbqpoffset:0.30 pbfactor:1.03 avgQpOffsetCutree:-4.24;
in:155 out:145 type:k q:17.03 q-aq:12.32 q-noVbv:17.03 q-Rceq:1.00 tex:230084 mv:33464 misc:3324 icu:1043.75 pcu:213.50 scu:38.75 tlayer:0 pbqpoffset:0.30 pbfactor:1.03 avgQpOffsetCutree:-4.50;
in:150 out:146 type:B q:18.63 q-aq:15.03 q-noVbv:18.63 q-Rceq:1.00 tex:123467 mv:25556 misc:3353 icu:569.00 pcu:560.50 scu:166.50 tlayer:1 pbqpoffset:1.61 pbfactor:1.20 avgQpOffsetCutree:-3.64;
in:147 out:147 type:B q:18.63 q-aq:16.08 q-noVbv:18.63 q-Rceq:1.00 tex:73566 mv:20031 misc:3587 icu:320.75 pcu:665.00 scu:310.25 tlayer:2 pbqpoffset:1.61 pbfactor:1.20 avgQpOffsetCutree:-2.49;
in:146 out:148 type:B q:19.45 q-aq:19.23 q-noVbv:19.45 q-Rceq:1.00 tex:31082 mv:13733 misc:2929 icu:143.25 pcu:522.50 scu:630.25 tlayer:3 pbqpoffset:2.42 pbfactor:1.32 avgQpOffsetCutree:-1.01;
in:145 out:149 type:b q:20.97 q-aq:21.06 q-noVbv:20.97 q-Rceq:1.00 tex:14701 mv:9957 misc:2262 icu:84.75 pcu:642.75 scu:568.50 tlayer:4 pbqpoffset:3.95 pbfactor:1.58 avgQpOffsetCutree:0.00;
in:149 out:150 type:B q:20.50 q-aq:20.76 q-noVbv:20.50 q-Rceq:1.00 tex:19558 mv:11141 misc:2565 icu:119.75 pcu:448.75 scu:727.50 tlayer:3 pbqpoffset:3.47 pbfactor:1.49 avgQpOffsetCutree:-0.68;
in:148 out:151 type:b q:20.85 q-aq:21.00 q-noVbv:20.85 q-Rceq:1.00 tex:17283 mv:8496 misc:2325 icu:89.50 pcu:556.00 scu:650.50 tlayer:4 pbqpoffset:3.83 pbfactor:1.56 avgQpOffsetCutree:0.00;
in:153 out:152 type:B q:18.63 q-aq:16.91 q-noVbv:18.63 q-Rceq:1.00 tex:64558 mv:20237 misc:3277 icu:343.75 pcu:552.75 scu:399.50 tlayer:2 pbqpoffset:1.61 pbfactor:1.20 avgQpOffsetCutree:-1.86;
in:152 out:153 type:B q:19.35 q-aq:19.35 q-noVbv:19.35 q-Rceq:1.00 tex:28802 mv:13694 misc:2936 icu:178.50 pcu:572.50 scu:545.00 tlayer:3 pbqpoffset:2.33 pbfactor:1.31 avgQpOffsetCutree:-0.71;
in:151 out:154 type:b q:20.82 q-aq:21.02 q-noVbv:20.82 q-Rceq:1.00 tex:18888 mv:10254 misc:2298 icu:121.25 pcu:575.50 scu:599.25 tlayer:4 pbqpoffset:3.80 pbfactor:1.55 avgQpOffsetCutree:0.00;
in:154 out:155 type:b q:20.93 q-aq:21.00 q-noVbv:20.93 q-Rceq:1.00 tex:16953 mv:9439 misc:2320 icu:117.50 pcu:553.25 scu:625.25 tlayer:3 pbqpoffset:3.91 pbfactor:1.57 avgQpOffsetCutree:0.00;
in:159 out:156 type:k q:16.34 q-aq:13.91 q-noVbv:16.34 q-Rceq:1.00 tex:152769 mv:28438 misc:3681 icu:725.50 pcu:447.75 scu:122.75 tlayer:0 pbqpoffset:0.30 pbfactor:1.03 avgQpOffsetCutree:-2.58;
in:157 out:157 type:B q:18.03 q-aq:17.02 q-noVbv:18.03 q-Rceq:1.00 tex:56498 mv:18249 misc:3309 icu:305.00 pcu:555.75 scu:435.25 tlayer:1 pbqpoffset:1.34 pbfactor:1.17 avgQpOffsetCutree:-1.44;
in:156 out:158 type:b q:19.35 q-aq:19.12 q-noVbv:19.35 q-Rceq:1.00 tex:23090 mv:11009 misc:2717 icu:134.00 pcu:663.25 scu:498.75 tlayer:2 pbqpoffset:2.50 pbfactor:1.33 avgQpOffsetCutree:0.00;
in:158 out:159 type:b q:18.99 q-aq:19.02 q-noVbv:18.99 q-Rceq:1.00 tex:26212 mv:11851 misc:2705 icu:138.50 pcu:585.00 scu:572.50 tlayer:2 pbqpoffset:2.48 pbfactor:1.33 avgQpOffsetCutree:0.00;
in:160 out:160 type:i q:18.04 q-aq:13.88 q-noVbv:18.04 q-Rceq:1.00 tex:221788 mv:29987 misc:2569 icu:1296.00 pcu:0.00 scu:0.00 tlayer:0 pbqpoffset:0.30 pbfactor:1.04 avgQpOffsetCutree:-4.03;
in:167 out:161 type:k q:16.95 q-aq:12.00 q-noVbv:16.95 q-Rceq:1.00 tex:223648 mv:34869 misc:3211 icu:988.50 pcu:242.00 scu:65.50 tlayer:0 pbqpoffset:0.30 pbfactor:1.04 avgQpOffsetCutree:-4.56;
in:164 out:162 type:B q:18.47 q-aq:15.91 q-noVbv:18.47 q-Rceq:1.00 tex:98671 mv:26560 misc:3873 icu:478.25 pcu:557.50 scu:260.25 tlayer:1 pbqpoffset:1.51 pbfactor:1.19 avgQpOffsetCutree:-2.58;
in:162 out:163 type:B q:18.47 q-aq:17.35 q-noVbv:18.47 q-Rceq:1.00 tex:56152 mv:21306 misc:3502 icu:236.50 pcu:686.25 scu:373.25 tlayer:2 pbqpoffset:1.51 pbfactor:1.19 avgQpOffsetCutree:-1.54;
in:161 out:164 type:b q:20.45 q-aq:20.34 q-noVbv:20.45 q-Rceq:1.00 tex:14219 mv:12270 misc:2751 icu:86.00 pcu:699.25 scu:510.75 tlayer:3 pbqpoffset:3.49 pbfactor:1.50 avgQpOffsetCutree:0.00;
in:163 out:165 type:b q:20.25 q-aq:20.08 q-noVbv:20.25 q-Rceq:1.00 tex:18153 mv:12815 misc:2864 icu:84.00 pcu:655.25 scu:556.75 tlayer:3 pbqpoffset:3.29 pbfactor:1.46 avgQpOffsetCutree:0.00;
in:166 out:166 type:B q:18.84 q-aq:18.82 q-noVbv:18.84 q-Rceq:1.00 tex:33811 mv:16863 misc:3302 icu:206.75 pcu:576.00 scu:513.25 tlayer:2 pbqpoffset:1.89 pbfactor:1.24 avgQpOffsetCutree:-0.78;
in:165 out:167 type:b q:20.26 q-aq:20.05 q-noVbv:20.26 q-Rceq:1.00 tex:17614 mv:12032 misc:2626 icu:92.25 pcu:613.00 scu:590.75 tlayer:3 pbqpoffset:3.31 pbfactor:1.47 avgQpOffsetCutree:0.00;
in:175 out:168 type:k q:16.99 q-aq:14.06 q-noVbv:16.99 q-Rceq:1.00 tex:171005 mv:29054 misc:3157 icu:904.25 pcu:316.75 scu:75.00 tlayer:0 pbqpoffset:0.30 pbfactor:1.04 avgQpOffsetCutree:-3.10;
in:171 out:169 type:B q:18.29 q-aq:15.39 q-noVbv:18.29 q-Rceq:1.00 tex:96403 mv:23342 misc:3487 icu:521.75 pcu:535.50 scu:238.75 tlayer:1 pbqpoffset:1.32 pbfactor:1.16 avgQpOffsetCutree:-2.96;
in:169 out:170 type:B q:18.30 q-aq:17.05 q-noVbv:18.30 q-Rceq:1.00 tex:50537 mv:17916 misc:3339 icu:249.50 pcu:613.50 scu:433.00 tlayer:2 pbqpoffset:1.34 pbfactor:1.17 avgQpOffsetCutree:-1.59;
in:168 out:171 type:b q:21.06 q-aq:21.04 q-noVbv:21.06 q-Rceq:1.00 tex:12208 mv:8757 misc:2251 icu:76.50 pcu:561.25 scu:658.25 tlayer:3 pbqpoffset:4.10 pbfactor:1.61 avgQpOffsetCutree:0.00;
in:170 out:172 type:b q:20.61 q-aq:21.00 q-noVbv:20.61 q-Rceq:1.00 tex:13344 mv:9050 misc:2342 icu:74.50 pcu:543.00 scu:678.50 tlayer:3 pbqpoffset:3.65 pbfactor:1.52 avgQpOffsetCutree:0.00;
in:173 out:173 type:B q:18.40 q-aq:16.84 q-noVbv:18.40 q-Rceq:1.00 tex:46928 mv:18181 misc:3115 icu:237.25 pcu:664.00 scu:394.75 tlayer:2 pbqpoffset:1.43 pbfactor:1.18 avgQpOffsetCutree:-1.76;
in:172 out:174 type:b q:20.59 q-aq:20.99 q-noVbv:20.59 q-Rceq:1.00 tex:14482 mv:9334 misc:2208 icu:92.50 pcu:606.75 scu:596.75 tlayer:3 pbqpoffset:3.62 pbfactor:1.52 avgQpOffsetCutree:0.00;
in:174 out:175 type:b q:21.28 q-aq:21.07 q-noVbv:21.28 q-Rceq:1.00 tex:12606 mv:8854 misc:2172 icu:56.50 pcu:579.50 scu:660.00 tlayer:3 pbqpoffset:4.30 pbfactor:1.64 avgQpOffsetCutree:0.00;
in:176 out:176 type:i q:18.96 q-aq:13.37 q-noVbv:18.96 q-Rceq:1.00 tex:228401 mv:30228 misc:2499 icu:1296.00 pcu:0.00 scu:0.00 tlayer:0 pbqpoffset:0.44 pbfactor:1.05 avgQpOffsetCutree:-4.91;
in:192 out:177 type:k q:17.87 q-aq:11.69 q-noVbv:17.87 q-Rceq:1.00 tex:266246 mv:32931 misc:2647 icu:1272.00 pcu:24.00 scu:0.00 tlayer:0 pbqpoffset:0.45 pbfactor:1.05 avgQpOffsetCutree:-5.97;
in:184 out:178 type:B q:19.40 q-aq:14.07 q-noVbv:19.40 q-Rceq:1.00 tex:152473 mv:24228 misc:2867 icu:819.00 pcu:355.00 scu:122.00 tlayer:1 pbqpoffset:1.53 pbfactor:1.19 avgQpOffsetCutree:-4.87;
in:180 out:179 type:B q:19.40 q-aq:16.10 q-noVbv:19.40 q-Rceq:1.00 tex:73796 mv:19656 misc:3372 icu:439.50 pcu:492.75 scu:363.75 tlayer:2 pbqpoffset:1.53 pbfactor:1.19 avgQpOffsetCutree:-3.13;
in:178 out:180 type:B q:19.88 q-aq:18.73 q-noVbv:19.88 q-Rceq:1.00 tex:34828 mv:15227 misc:2913 icu:198.75 pcu:636.00 scu:461.25 tlayer:3 pbqpoffset:2.01 pbfactor:1.26 avgQpOffsetCutree:-1.53;
in:177 out:181 type:b q:22.10 q-aq:22.03 q-noVbv:22.10 q-Rceq:1.00 tex:9739 mv:8413 misc:2016 icu:61.25 pcu:562.00 scu:672.75 tlayer:4 pbqpoffset:4.23 pbfactor:1.63 avgQpOffsetCutree:0.00;
in:179 out:182 type:b q:22.38 q-aq:22.12 q-noVbv:22.38 q-Rceq:1.00 tex:10110 mv:8274 misc:2048 icu:83.75 pcu:561.75 scu:650.50 tlayer:4 pbqpoffset:4.51 pbfactor:1.68 avgQpOffsetCutree:0.00;
in:182 out:183 type:B q:20.05 q-aq:18.56 q-noVbv:20.05 q-Rceq:1.00 tex:32398 mv:13899 misc:2727 icu:205.00 pcu:563.50 scu:527.50 tlayer:3 pbqpoffset:2.18 pbfactor:1.29 avgQpOffsetCutree:-1.82;
in:181 out:184 type:b q:22.77 q-aq:23.00 q-noVbv:22.77 q-Rceq:1.00 tex:10123 mv:7461 misc:1888 icu:85.75 pcu:481.50 scu:728.75 tlayer:4 pbqpoffset:4.90 pbfactor:1.76 avgQpOffsetCutree:0.00;
in:183 out:185 type:b q:24.26 q-aq:24.01 q-noVbv:24.26 q-Rceq:1.00 tex:6497 mv:5961 misc:1726 icu:65.25 pcu:380.50 scu:850.25 tlayer:4 pbqpoffset:6.39 pbfactor:2.09 avgQpOffsetCutree:0.00;
in:188 out:186 type:B q:19.40 q-aq:15.70 q-noVbv:19.40 q-Rceq:1.00 tex:83716 mv:17206 misc:3214 icu:490.25 pcu:529.50 scu:276.25 tlayer:2 pbqpoffset:1.53 pbfactor:1.19 avgQpOffsetCutree:-3.46;
in:186 out:187 type:B q:19.96 q-aq:18.79 q-noVbv:19.96 q-Rceq:1.00 tex:30604 mv:12168 misc:2532 icu:213.75 pcu:519.00 scu:563.25 tlayer:3 pbqpoffset:2.09 pbfactor:1.27 avgQpOffsetCutree:-1.63;
in:185 out:188 type:b q:24.26 q-aq:24.13 q-noVbv:24.26 q-Rceq:1.00 tex:6952 mv:6041 misc:1591 icu:71.50 pcu:382.25 scu:842.25 tlayer:4 pbqpoffset:6.39 pbfactor:2.09 avgQpOffsetCutree:0.00;
in:187 out:189 type:b q:24.26 q-aq:24.10 q-noVbv:24.26 q-Rceq:1.00 tex:6800 mv:5382 misc:1506 icu:67.75 pcu:412.25 scu:816.00 tlayer:4 pbqpoffset:6.39 pbfactor:2.09 avgQpOffsetCutree:0.00;
in:190 out:190 type:B q:19.82 q-aq:18.19 q-noVbv:19.82 q-Rceq:1.00 tex:40511 mv:11508 misc:2597 icu:243.25 pcu:526.25 scu:526.50 tlayer:3 pbqpoffset:1.95 pbfactor:1.25 avgQpOffsetCutree:-1.88;
in:189 out:191 type:b q:24.26 q-aq:24.10 q-noVbv:24.26 q-Rceq:1.00 tex:6255 mv:5190 misc:1603 icu:54.75 pcu:405.00 scu:836.25 tlayer:4 pbqpoffset:6.39 pbfactor:2.09 avgQpOffsetCutree:0.00;
in:191 out:192 type:b q:23.39 q-aq:23.40 q-noVbv:23.39 q-Rceq:1.00 tex:7465 mv:5060 misc:1795 icu:86.75 pcu:334.25 scu:875.00 tlayer:4 pbqpoffset:5.51 pbfactor:1.89 avgQpOffsetCutree:0.00;
in:208 out:193 type:k q:14.17 q-aq:8.06 q-noVbv:14.17 q-Rceq:1.00 tex:378933 mv:39554 misc:2585 icu:1259.50 pcu:36.50 scu:0.00 tlayer:0 pbqpoffset:0.47 pbfactor:1.06 avgQpOffsetCutree:-6.13;
in:200 out:194 type:B q:17.41 q-aq:11.93 q-noVbv:17.41 q-Rceq:1.00 tex:193053 mv:24400 misc:3227 icu:659.00 pcu:399.25 scu:237.75 tlayer:1 pbqpoffset:1.39 pbfactor:1.17 avgQpOffsetCutree:-5.15;
in:196 out:195 type:B q:18.62 q-aq:15.54 q-noVbv:18.62 q-Rceq:1.00 tex:58843 mv:16644 misc:2849 icu:250.50 pcu:562.00 scu:483.50 tlayer:2 pbqpoffset:1.68 pbfactor:1.21 avgQpOffsetCutree:-3.03;
in:194 out:196 type:B q:20.31 q-aq:19.38 q-noVbv:20.31 q-Rceq:1.00 tex:21201 mv:12278 misc:2417 icu:97.75 pcu:613.00 scu:585.25 tlayer:3 pbqpoffset:2.90 pbfactor:1.40 avgQpOffsetCutree:-1.41;
in:193 out:197 type:b q:23.90 q-aq:24.00 q-noVbv:23.90 q-Rceq:1.00 tex:4581 mv:5313 misc:1474 icu:29.75 pcu:454.75 scu:811.50 tlayer:4 pbqpoffset:6.25 pbfactor:2.06 avgQpOffsetCutree:0.00;
in:195 out:198 type:b q:23.30 q-aq:23.04 q-noVbv:23.30 q-Rceq:1.00 tex:6943 mv:6539 misc:1702 icu:41.25 pcu:522.25 scu:732.50 tlayer:4 pbqpoffset:6.13 pbfactor:2.03 avgQpOffsetCutree:0.00;
in:198 out:199 type:B q:19.74 q-aq:18.35 q-noVbv:19.74 q-Rceq:1.00 tex:24546 mv:10019 misc:2131 icu:150.75 pcu:411.25 scu:734.00 tlayer:3 pbqpoffset:3.25 pbfactor:1.46 avgQpOffsetCutree:-1.83;
in:197 out:200 type:b q:22.97 q-aq:23.00 q-noVbv:22.97 q-Rceq:1.00 tex:6044 mv:5629 misc:1455 icu:50.50 pcu:487.25 scu:758.25 tlayer:4 pbqpoffset:6.25 pbfactor:2.06 avgQpOffsetCutree:0.00;
in:199 out:201 type:b q:22.51 q-aq:22.49 q-noVbv:22.51 q-Rceq:1.00 tex:7502 mv:6115 misc:1511 icu:63.25 pcu:361.75 scu:871.00 tlayer:4 pbqpoffset:6.25 pbfactor:2.06 avgQpOffsetCutree:0.00;
in:204 out:202 type:B q:16.49 q-aq:12.84 q-noVbv:16.49 q-Rceq:1.00 tex:83394 mv:16981 misc:3049 icu:425.50 pcu:291.50 scu:579.00 tlayer:2 pbqpoffset:1.39 pbfactor:1.17 avgQpOffsetCutree:-3.44;
in:202 out:203 type:B q:18.81 q-aq:17.65 q-noVbv:18.81 q-Rceq:1.00 tex:30106 mv:10659 misc:2107 icu:164.25 pcu:352.50 scu:779.25 tlayer:3 pbqpoffset:3.25 pbfactor:1.46 avgQpOffsetCutree:-1.83;
in:201 out:204 type:b q:22.04 q-aq:22.01 q-noVbv:22.04 q-Rceq:1.00 tex:7753 mv:5576 misc:1383 icu:43.25 pcu:418.25 scu:834.50 tlayer:4 pbqpoffset:6.25 pbfactor:2.06 avgQpOffsetCutree:0.00;
in:203 out:205 type:b q:21.58 q-aq:22.00 q-noVbv:21.58 q-Rceq:1.00 tex:8428 mv:6179 misc:1465 icu:59.25 pcu:302.25 scu:934.50 tlayer:4 pbqpoffset:6.25 pbfactor:2.06 avgQpOffsetCutree:0.00;
in:206 out:206 type:B q:16.57 q-aq:14.82 q-noVbv:16.57 q-Rceq:1.00 tex:53836 mv:13343 misc:3037 icu:250.50 pcu:449.00 scu:596.50 tlayer:3 pbqpoffset:1.93 pbfactor:1.25 avgQpOffsetCutree:-1.83;
in:205 out:207 type:b q:21.12 q-aq:21.04 q-noVbv:21.12 q-Rceq:1.00 tex:11256 mv:5806 misc:1538 icu:73.75 pcu:311.50 scu:910.75 tlayer:4 pbqpoffset:6.25 pbfactor:2.06 avgQpOffsetCutree:0.00;
in:207 out:208 type:b q:19.86 q-aq:20.01 q-noVbv:19.86 q-Rceq:1.00 tex:14594 mv:6018 misc:1796 icu:107.75 pcu:290.25 scu:898.00 tlayer:4 pbqpoffset:5.46 pbfactor:1.88 avgQpOffsetCutree:0.00;
in:220 out:209 type:k q:13.97 q-aq:8.77 q-noVbv:13.97 q-Rceq:1.00 tex:260784 mv:32311 misc:3289 icu:670.50 pcu:443.50 scu:182.00 tlayer:0 pbqpoffset:0.65 pbfactor:1.08 avgQpOffsetCutree:-4.93;
in:214 out:210 type:B q:15.27 q-aq:11.09 q-noVbv:15.27 q-Rceq:1.00 tex:108307 mv:21619 misc:3402 icu:414.00 pcu:396.75 scu:485.25 tlayer:1 pbqpoffset:1.20 pbfactor:1.15 avgQpOffsetCutree:-3.85;
in:211 out:211 type:B q:15.32 q-aq:12.84 q-noVbv:15.32 q-Rceq:1.00 tex:66296 mv:15829 misc:2331 icu:231.75 pcu:330.00 scu:734.25 tlayer:2 pbqpoffset:1.20 pbfactor:1.15 avgQpOffsetCutree:-2.55;
in:210 out:212 type:B q:16.81 q-aq:16.96 q-noVbv:16.81 q-Rceq:1.00 tex:25086 mv:9750 misc:1892 icu:105.50 pcu:313.25 scu:877.25 tlayer:3 pbqpoffset:2.67 pbfactor:1.36 avgQpOffsetCutree:-0.30;
in:209 out:213 type:b q:19.33 q-aq:19.24 q-noVbv:19.33 q-Rceq:1.00 tex:11577 mv:6553 misc:1590 icu:69.75 pcu:307.25 scu:919.00 tlayer:4 pbqpoffset:5.17 pbfactor:1.82 avgQpOffsetCutree:0.00;
in:213 out:214 type:B q:16.28 q-aq:16.20 q-noVbv:16.28 q-Rceq:1.00 tex:32413 mv:12447 misc:2380 icu:123.25 pcu:436.75 scu:736.00 tlayer:3 pbqpoffset:2.19 pbfactor:1.29 avgQpOffsetCutree:-0.41;
in:212 out:215 type:b q:18.60 q-aq:18.99 q-noVbv:18.60 q-Rceq:1.00 tex:13528 mv:7422 misc:1674 icu:65.25 pcu:371.25 scu:859.50 tlayer:4 pbqpoffset:4.49 pbfactor:1.68 avgQpOffsetCutree:0.00;
in:217 out:216 type:B q:15.22 q-aq:12.94 q-noVbv:15.22 q-Rceq:1.00 tex:70572 mv:18780 misc:2840 icu:288.00 pcu:412.75 scu:595.25 tlayer:2 pbqpoffset:1.20 pbfactor:1.15 avgQpOffsetCutree:-2.23;
in:216 out:217 type:B q:16.17 q-aq:16.46 q-noVbv:16.17 q-Rceq:1.00 tex:30359 mv:10957 misc:2204 icu:128.50 pcu:379.50 scu:788.00 tlayer:3 pbqpoffset:2.13 pbfactor:1.28 avgQpOffsetCutree:-0.41;
in:215 out:218 type:b q:18.12 q-aq:18.12 q-noVbv:18.12 q-Rceq:1.00 tex:17455 mv:8613 misc:1892 icu:75.25 pcu:325.75 scu:895.00 tlayer:4 pbqpoffset:4.07 pbfactor:1.60 avgQpOffsetCutree:0.00;
in:219 out:219 type:B q:16.22 q-aq:16.23 q-noVbv:16.22 q-Rceq:1.00 tex:29717 mv:10556 misc:2143 icu:127.00 pcu:360.50 scu:808.50 tlayer:3 pbqpoffset:2.23 pbfactor:1.29 avgQpOffsetCutree:-0.48;
in:218 out:220 type:b q:18.10 q-aq:18.05 q-noVbv:18.10 q-Rceq:1.00 tex:18121 mv:8699 misc:1964 icu:65.25 pcu:445.50 scu:785.25 tlayer:4 pbqpoffset:4.10 pbfactor:1.61 avgQpOffsetCutree:0.00;
in:236 out:221 type:k q:14.08 q-aq:9.02 q-noVbv:14.08 q-Rceq:1.00 tex:383006 mv:40865 misc:2649 icu:1268.00 pcu:28.00 scu:0.00 tlayer:0 pbqpoffset:0.18 pbfactor:1.02 avgQpOffsetCutree:-5.50;
in:228 out:222 type:B q:15.27 q-aq:10.38 q-noVbv:15.27 q-Rceq:1.00 tex:191053 mv:26034 misc:3137 icu:773.75 pcu:170.50 scu:351.75 tlayer:1 pbqpoffset:1.24 pbfactor:1.15 avgQpOffsetCutree:-4.98;
in:224 out:223 type:B q:15.60 q-aq:12.60 q-noVbv:15.60 q-Rceq:1.00 tex:106799 mv:19873 misc:3056 icu:490.75 pcu:257.50 scu:547.75 tlayer:2 pbqpoffset:1.60 pbfactor:1.20 avgQpOffsetCutree:-2.98;
in:222 out:224 type:B q:16.37 q-aq:14.41 q-noVbv:16.37 q-Rceq:1.00 tex:63772 mv:15828 misc:3064 icu:300.75 pcu:402.50 scu:592.75 tlayer:3 pbqpoffset:2.39 pbfactor:1.32 avgQpOffsetCutree:-2.04;
in:221 out:225 type:b q:20.09 q-aq:20.03 q-noVbv:20.09 q-Rceq:1.00 tex:11819 mv:7003 misc:1658 icu:70.25 pcu:394.75 scu:831.00 tlayer:4 pbqpoffset:6.11 pbfactor:2.02 avgQpOffsetCutree:0.00;
in:223 out:226 type:b q:20.10 q-aq:20.04 q-noVbv:20.10 q-Rceq:1.00 tex:15062 mv:4740 misc:1542 icu:110.00 pcu:243.50 scu:942.50 tlayer:4 pbqpoffset:6.11 pbfactor:2.02 avgQpOffsetCutree:0.00;
in:226 out:227 type:B q:17.12 q-aq:15.90 q-noVbv:17.12 q-Rceq:1.00 tex:43463 mv:15168 misc:2489 icu:152.25 pcu:458.75 scu:685.00 tlayer:3 pbqpoffset:3.11 pbfactor:1.43 avgQpOffsetCutree:-1.74;
in:225 out:228 type:b q:20.11 q-aq:20.02 q-noVbv:20.11 q-Rceq:1.00 tex:11277 mv:7731 misc:1696 icu:53.75 pcu:454.50 scu:787.75 tlayer:4 pbqpoffset:6.11 pbfactor:2.02 avgQpOffsetCutree:0.00;
in:227 out:229 type:b q:20.13 q-aq:20.05 q-noVbv:20.13 q-Rceq:1.00 tex:15195 mv:7532 misc:1777 icu:67.75 pcu:416.25 scu:812.00 tlayer:4 pbqpoffset:6.11 pbfactor:2.02 avgQpOffsetCutree:0.00;
in:232 out:230 type:B q:15.29 q-aq:12.92 q-noVbv:15.29 q-Rceq:1.00 tex:121710 mv:22720 misc:3066 icu:447.00 pcu:307.25 scu:541.75 tlayer:2 pbqpoffset:1.24 pbfactor:1.15 avgQpOffsetCutree:-3.17;
in:230 out:231 type:B q:16.82 q-aq:15.70 q-noVbv:16.82 q-Rceq:1.00 tex:59591 mv:16740 misc:2517 icu:204.25 pcu:467.75 scu:624.00 tlayer:3 pbqpoffset:2.78 pbfactor:1.38 avgQpOffsetCutree:-1.75;
in:229 out:232 type:b q:20.14 q-aq:20.03 q-noVbv:20.14 q-Rceq:1.00 tex:13310 mv:9466 misc:2072 icu:61.50 pcu:499.50 scu:735.00 tlayer:4 pbqpoffset:6.11 pbfactor:2.02 avgQpOffsetCutree:0.00;
in:231 out:233 type:b q:20.15 q-aq:20.05 q-noVbv:20.15 q-Rceq:1.00 tex:17106 mv:9276 misc:2058 icu:68.25 pcu:403.25 scu:824.50 tlayer:4 pbqpoffset:6.11 pbfactor:2.02 avgQpOffsetCutree:0.00;
in:234 out:234 type:B q:16.14 q-aq:15.30 q-noVbv:16.14 q-Rceq:1.00 tex:65912 mv:17642 misc:2910 icu:268.50 pcu:445.25 scu:582.25 tlayer:3 pbqpoffset:2.07 pbfactor:1.27 avgQpOffsetCutree:-1.59;
in:233 out:235 type:b q:20.01 q-aq:20.01 q-noVbv:20.01 q-Rceq:1.00 tex:17554 mv:9138 misc:2196 icu:93.75 pcu:404.25 scu:798.00 tlayer:4 pbqpoffset:5.95 pbfactor:1.99 avgQpOffsetCutree:0.00;
in:235 out:236 type:b q:19.79 q-aq:20.11 q-noVbv:19.79 q-Rceq:1.00 tex:19180 mv:9472 misc:1964 icu:87.50 pcu:441.50 scu:767.00 tlayer:4 pbqpoffset:5.72 pbfactor:1.94 avgQpOffsetCutree:0.00;
in:239 out:237 type:k q:14.99 q-aq:13.39 q-noVbv:14.99 q-Rceq:1.00 tex:114192 mv:20478 misc:2938 icu:462.00 pcu:281.75 scu:552.25 tlayer:0 pbqpoffset:0.18 pbfactor:1.02 avgQpOffsetCutree:-2.15;
in:238 out:238 type:B q:16.06 q-aq:16.35 q-noVbv:16.06 q-Rceq:1.00 tex:45327 mv:13630 misc:2779 icu:177.50 pcu:407.00 scu:711.50 tlayer:1 pbqpoffset:1.37 pbfactor:1.17 avgQpOffsetCutree:-0.47;
in:237 out:239 type:b q:16.89 q-aq:17.06 q-noVbv:16.89 q-Rceq:1.00 tex:28732 mv:11059 misc:2473 icu:96.25 pcu:400.75 scu:799.00 tlayer:2 pbqpoffset:2.50 pbfactor:1.34 avgQpOffsetCutree:0.00;
in:240 out:240 type:i q:19.64 q-aq:15.52 q-noVbv:19.64 q-Rceq:1.00 tex:194899 mv:27995 misc:2546 icu:1296.00 pcu:0.00 scu:0.00 tlayer:0 pbqpoffset:0.39 pbfactor:1.05 avgQpOffsetCutree:-4.05;
in:249 out:241 type:k q:18.55 q-aq:16.48 q-noVbv:18.55 q-Rceq:1.00 tex:137939 mv:23481 misc:2580 icu:843.00 pcu:130.50 scu:322.50 tlayer:0 pbqpoffset:0.39 pbfactor:1.05 avgQpOffsetCutree:-2.19;
in:245 out:242 type:B q:20.21 q-aq:17.34 q-noVbv:20.21 q-Rceq:1.00 tex:86295 mv:20831 misc:2754 icu:466.75 pcu:396.00 scu:433.25 tlayer:1 pbqpoffset:1.66 pbfactor:1.21 avgQpOffsetCutree:-3.22;
in:243 out:243 type:B q:20.23 q-aq:18.43 q-noVbv:20.23 q-Rceq:1.00 tex:58036 mv:18798 misc:2822 icu:282.75 pcu:472.25 scu:541.00 tlayer:2 pbqpoffset:1.68 pbfactor:1.21 avgQpOffsetCutree:-2.06;
in:242 out:244 type:B q:21.43 q-aq:21.70 q-noVbv:21.43 q-Rceq:1.00 tex:23676 mv:12587 misc:2697 icu:109.00 pcu:397.75 scu:789.25 tlayer:3 pbqpoffset:2.87 pbfactor:1.39 avgQpOffsetCutree:-0.49;
in:241 out:245 type:b q:22.84 q-aq:23.04 q-noVbv:22.84 q-Rceq:1.00 tex:14964 mv:9113 misc:1955 icu:92.75 pcu:471.00 scu:732.25 tlayer:4 pbqpoffset:4.28 pbfactor:1.64 avgQpOffsetCutree:0.00;
in:244 out:246 type:b q:23.39 q-aq:23.35 q-noVbv:23.39 q-Rceq:1.00 tex:11312 mv:9016 misc:2096 icu:73.25 pcu:484.75 scu:738.00 tlayer:3 pbqpoffset:4.84 pbfactor:1.75 avgQpOffsetCutree:0.00;
in:247 out:247 type:B q:20.91 q-aq:19.58 q-noVbv:20.91 q-Rceq:1.00 tex:38856 mv:15556 misc:2820 icu:170.25 pcu:521.00 scu:604.75 tlayer:2 pbqpoffset:2.36 pbfactor:1.31 avgQpOffsetCutree:-1.77;
in:246 out:248 type:b q:23.96 q-aq:24.00 q-noVbv:23.96 q-Rceq:1.00 tex:8536 mv:8025 misc:1975 icu:45.25 pcu:474.50 scu:776.25 tlayer:3 pbqpoffset:5.41 pbfactor:1.87 avgQpOffsetCutree:0.00;
in:248 out:249 type:b q:25.08 q-aq:25.04 q-noVbv:25.08 q-Rceq:1.00 tex:6650 mv:6597 misc:1969 icu:50.00 pcu:425.50 scu:820.50 tlayer:3 pbqpoffset:6.53 pbfactor:2.13 avgQpOffsetCutree:0.00;
