000 (16823.000.000) 09/16 06:58:29 Job submitted from host: <10.0.0.61:9618?PrivAddr=%3c10.0.0.61:9618%3fsock%3dschedd_2097_f230_4%3e&PrivNet=tr2990wx-fit4305&addrs=10.0.0.61-9618&alias=tr2990wx-fit4305&noUDP&sock=schedd_2097_f230_4>
...
040 (16823.000.000) 09/16 06:58:38 Started transferring input files
	Transferring to host: <10.0.0.61:9618?PrivAddr=%3c10.0.0.61:9618%3fsock%3dstarter_2457_edbd_3199%3e&PrivNet=tr2990wx-fit4305&addrs=10.0.0.61-9618&alias=tr2990wx-fit4305&noUDP&sock=starter_2457_edbd_3199>
...
040 (16823.000.000) 09/16 06:58:38 Finished transferring input files
...
001 (16823.000.000) 09/16 06:58:39 Job executing on host: <10.0.0.61:9618?sock=startd_2097_f230_5>
...
006 (16823.000.000) 09/16 06:58:47 Image size of job updated: 235428
	230  -  MemoryUsage of job (MB)
	235428  -  ResidentSetSize of job (KB)
...
006 (16823.000.000) 09/16 07:03:47 Image size of job updated: 270068
	264  -  MemoryUsage of job (MB)
	270068  -  ResidentSetSize of job (KB)
...
006 (16823.000.000) 09/16 07:08:48 Image size of job updated: 271732
	266  -  MemoryUsage of job (MB)
	271732  -  ResidentSetSize of job (KB)
...
006 (16823.000.000) 09/16 07:13:49 Image size of job updated: 273444
	268  -  MemoryUsage of job (MB)
	273444  -  ResidentSetSize of job (KB)
...
006 (16823.000.000) 09/16 07:18:49 Image size of job updated: 275108
	269  -  MemoryUsage of job (MB)
	275108  -  ResidentSetSize of job (KB)
...
006 (16823.000.000) 09/16 07:23:50 Image size of job updated: 275528
	270  -  MemoryUsage of job (MB)
	275528  -  ResidentSetSize of job (KB)
...
006 (16823.000.000) 09/16 07:28:51 Image size of job updated: 276356
	270  -  MemoryUsage of job (MB)
	276356  -  ResidentSetSize of job (KB)
...
006 (16823.000.000) 09/16 07:33:51 Image size of job updated: 277320
	271  -  MemoryUsage of job (MB)
	277320  -  ResidentSetSize of job (KB)
...
006 (16823.000.000) 09/16 07:38:51 Image size of job updated: 277572
	272  -  MemoryUsage of job (MB)
	277572  -  ResidentSetSize of job (KB)
...
006 (16823.000.000) 09/16 07:43:52 Image size of job updated: 277712
	272  -  MemoryUsage of job (MB)
	277712  -  ResidentSetSize of job (KB)
...
006 (16823.000.000) 09/16 07:48:52 Image size of job updated: 277716
	272  -  MemoryUsage of job (MB)
	277716  -  ResidentSetSize of job (KB)
...
006 (16823.000.000) 09/16 07:48:56 Image size of job updated: 371040
	272  -  MemoryUsage of job (MB)
	277716  -  ResidentSetSize of job (KB)
...
040 (16823.000.000) 09/16 07:48:56 Started transferring output files
...
040 (16823.000.000) 09/16 07:48:56 Finished transferring output files
...
005 (16823.000.000) 09/16 07:48:56 Job terminated.
	(1) Normal termination (return value 0)
		Usr 0 00:50:04, Sys 0 00:00:13  -  Run Remote Usage
		Usr 0 00:00:00, Sys 0 00:00:00  -  Run Local Usage
		Usr 0 00:50:04, Sys 0 00:00:13  -  Total Remote Usage
		Usr 0 00:00:00, Sys 0 00:00:00  -  Total Local Usage
	4586267  -  Run Bytes Sent By Job
	4532560  -  Run Bytes Received By Job
	4586267  -  Total Bytes Sent By Job
	4532560  -  Total Bytes Received By Job
	Partitionable Resources :    Usage  Request Allocated 
	   Cpus                 :     1.00        1         1 
	   Disk (KB)            :  8922        4500    927896 
	   Memory (MB)          :   272           5      2006 
...
