#options: cpuid=1050111 frame-threads=1 no-wpp no-pmode no-pme psnr no-ssim log-level=2 bitdepth=8 input-csp=1 fps=30000/1000 input-res=832x480 interlace=0 total-frames=300 level-idc=0 high-tier=1 uhd-bd=0 ref=4 no-allow-non-conformance no-repeat-headers annexb no-aud no-hrd info hash=0 no-temporal-layers open-gop min-keyint=1 keyint=5000 bframes=15 b-adapt=2 b-pyramid bframe-bias=0 rc-lookahead=40 lookahead-slices=0 scenecut=40 no-intra-refresh ctu=64 min-cu-size=8 rect amp max-tu-size=32 tu-inter-depth=3 tu-intra-depth=3 limit-tu=4 rdoq-level=2 dynamic-rd=0.00 no-ssim-rd signhide no-tskip nr-intra=0 nr-inter=0 no-constrained-intra strong-intra-smoothing max-merge=4 limit-refs=1 limit-modes me=3 subme=4 merange=57 temporal-mvp weightp weightb no-analyze-src-pics deblock=0:0 sao no-sao-non-deblock rd=6 no-early-skip rskip no-fast-intra no-tskip-fast no-cu-lossless b-intra rdpenalty=0 psy-rd=0.00 psy-rdoq=0.00 no-rd-refine analysis-reuse-mode=0 no-lossless cbqpoffs=0 crqpoffs=0 rc=abr bitrate=2000 qcomp=0.60 qpstep=4 stats-write=1 stats-read=0 slow-firstpass ipratio=1.40 pbratio=1.30 aq-mode=1 aq-strength=0.00 cutree zone-count=0 no-strict-cbr qg-size=64 no-rc-grain qpmax=69 qpmin=0 no-const-vbv sar=0 overscan=0 videoformat=5 range=0 colorprim=2 transfer=2 colormatrix=2 chromaloc=0 display-window=0 max-cll=0,0 min-luma=0 max-luma=255 log2-max-poc-lsb=8 vui-timing-info vui-hrd-info slices=1 opt-qp-pps opt-ref-list-length-pps no-multi-pass-opt-rps scenecut-bias=0.05 no-opt-cu-delta-qp no-aq-motion no-hdr no-hdr-opt no-dhdr10-opt analysis-reuse-level=5 scale-factor=0 refine-intra=0 refine-inter=0 refine-mv=0 no-limit-sao ctu-info=0 max-tlayer=4
in:0 out:0 type:I q:12.69 q-aq:7.45 q-noVbv:12.69 q-Rceq:1.08 tex:234700 mv:19786 misc:1810 icu:1560.00 pcu:0.00 scu:0.00 tlayer:0 pbqpoffset:0.00 pbfactor:1.00 avgQpOffsetCutree:-4.75;
in:16 out:1 type:k q:11.60 q-aq:6.81 q-noVbv:11.60 q-Rceq:1.08 tex:199543 mv:27368 misc:2593 icu:770.00 pcu:463.00 scu:327.00 tlayer:0 pbqpoffset:0.00 pbfactor:1.00 avgQpOffsetCutree:-4.44;
in:8 out:2 type:B q:12.69 q-aq:8.84 q-noVbv:12.69 q-Rceq:1.08 tex:56699 mv:18159 misc:2790 icu:194.00 pcu:894.25 scu:471.75 tlayer:1 pbqpoffset:1.08 pbfactor:1.13 avgQpOffsetCutree:-3.33;
in:4 out:3 type:B q:13.00 q-aq:10.31 q-noVbv:13.00 q-Rceq:1.08 tex:12018 mv:7069 misc:2145 icu:209.50 pcu:608.00 scu:742.50 tlayer:2 pbqpoffset:1.40 pbfactor:1.18 avgQpOffsetCutree:-2.49;
in:2 out:4 type:B q:13.79 q-aq:12.84 q-noVbv:13.79 q-Rceq:1.08 tex:2388 mv:3810 misc:1450 icu:43.25 pcu:651.75 scu:865.00 tlayer:3 pbqpoffset:2.19 pbfactor:1.29 avgQpOffsetCutree:-1.30;
in:1 out:5 type:b q:15.92 q-aq:16.00 q-noVbv:15.92 q-Rceq:1.08 tex:564 mv:1736 misc:860 icu:4.00 pcu:482.00 scu:1074.00 tlayer:4 pbqpoffset:4.31 pbfactor:1.65 avgQpOffsetCutree:0.00;
in:3 out:6 type:b q:15.90 q-aq:16.00 q-noVbv:15.90 q-Rceq:1.08 tex:712 mv:1582 misc:874 icu:8.25 pcu:487.00 scu:1064.75 tlayer:4 pbqpoffset:4.29 pbfactor:1.64 avgQpOffsetCutree:0.00;
in:6 out:7 type:B q:13.61 q-aq:12.70 q-noVbv:13.61 q-Rceq:1.08 tex:2281 mv:4089 misc:1502 icu:14.75 pcu:729.75 scu:815.50 tlayer:3 pbqpoffset:2.01 pbfactor:1.26 avgQpOffsetCutree:-1.27;
in:5 out:8 type:b q:15.54 q-aq:15.43 q-noVbv:15.54 q-Rceq:1.08 tex:302 mv:1885 misc:829 icu:0.00 pcu:615.50 scu:944.50 tlayer:4 pbqpoffset:3.93 pbfactor:1.57 avgQpOffsetCutree:0.00;
in:7 out:9 type:b q:15.25 q-aq:15.00 q-noVbv:15.25 q-Rceq:1.08 tex:841 mv:2133 misc:930 icu:4.00 pcu:499.75 scu:1056.25 tlayer:4 pbqpoffset:3.65 pbfactor:1.52 avgQpOffsetCutree:0.00;
in:12 out:10 type:B q:12.69 q-aq:10.47 q-noVbv:12.69 q-Rceq:1.08 tex:12523 mv:7057 misc:2164 icu:241.75 pcu:531.50 scu:786.75 tlayer:2 pbqpoffset:1.08 pbfactor:1.13 avgQpOffsetCutree:-2.24;
in:10 out:11 type:B q:13.06 q-aq:12.88 q-noVbv:13.06 q-Rceq:1.08 tex:3898 mv:4196 misc:1434 icu:164.75 pcu:604.25 scu:791.00 tlayer:3 pbqpoffset:1.46 pbfactor:1.18 avgQpOffsetCutree:-1.16;
in:9 out:12 type:b q:14.63 q-aq:15.00 q-noVbv:14.63 q-Rceq:1.08 tex:1164 mv:2350 misc:1102 icu:15.00 pcu:542.25 scu:1002.75 tlayer:4 pbqpoffset:3.03 pbfactor:1.42 avgQpOffsetCutree:0.00;
in:11 out:13 type:b q:14.62 q-aq:15.00 q-noVbv:14.62 q-Rceq:1.08 tex:853 mv:2288 misc:1075 icu:9.00 pcu:548.75 scu:1002.25 tlayer:4 pbqpoffset:3.02 pbfactor:1.42 avgQpOffsetCutree:0.00;
in:14 out:14 type:B q:12.92 q-aq:12.28 q-noVbv:12.92 q-Rceq:1.08 tex:2186 mv:3434 misc:1372 icu:36.00 pcu:664.75 scu:859.25 tlayer:3 pbqpoffset:1.32 pbfactor:1.16 avgQpOffsetCutree:-1.10;
in:13 out:15 type:b q:14.18 q-aq:14.00 q-noVbv:14.18 q-Rceq:1.08 tex:1870 mv:3059 misc:1319 icu:20.50 pcu:651.50 scu:888.00 tlayer:4 pbqpoffset:2.58 pbfactor:1.35 avgQpOffsetCutree:0.00;
in:15 out:16 type:b q:14.17 q-aq:14.00 q-noVbv:14.17 q-Rceq:1.08 tex:671 mv:2769 misc:1040 icu:11.75 pcu:589.25 scu:959.00 tlayer:4 pbqpoffset:2.57 pbfactor:1.34 avgQpOffsetCutree:0.00;
in:32 out:17 type:k q:7.60 q-aq:2.42 q-noVbv:7.60 q-Rceq:1.08 tex:439383 mv:36546 misc:2447 icu:1242.25 pcu:235.75 scu:82.00 tlayer:0 pbqpoffset:0.00 pbfactor:1.00 avgQpOffsetCutree:-5.09;
in:24 out:18 type:B q:11.20 q-aq:8.20 q-noVbv:11.20 q-Rceq:1.08 tex:120391 mv:25488 misc:2969 icu:669.25 pcu:613.50 scu:277.25 tlayer:1 pbqpoffset:1.60 pbfactor:1.20 avgQpOffsetCutree:-3.02;
in:20 out:19 type:B q:13.28 q-aq:10.96 q-noVbv:13.28 q-Rceq:1.08 tex:11925 mv:5875 misc:2056 icu:248.75 pcu:613.00 scu:698.25 tlayer:2 pbqpoffset:2.68 pbfactor:1.36 avgQpOffsetCutree:-2.13;
in:18 out:20 type:B q:13.78 q-aq:13.10 q-noVbv:13.78 q-Rceq:1.08 tex:2823 mv:4118 misc:1499 icu:98.75 pcu:608.00 scu:853.25 tlayer:3 pbqpoffset:2.68 pbfactor:1.36 avgQpOffsetCutree:-1.14;
in:17 out:21 type:b q:17.01 q-aq:17.00 q-noVbv:17.01 q-Rceq:1.08 tex:124 mv:1515 misc:825 icu:0.00 pcu:483.00 scu:1077.00 tlayer:4 pbqpoffset:5.65 pbfactor:1.92 avgQpOffsetCutree:0.00;
in:19 out:22 type:b q:16.51 q-aq:16.06 q-noVbv:16.51 q-Rceq:1.08 tex:291 mv:1959 misc:838 icu:5.00 pcu:593.00 scu:962.00 tlayer:4 pbqpoffset:5.65 pbfactor:1.92 avgQpOffsetCutree:0.00;
in:22 out:23 type:B q:12.78 q-aq:12.20 q-noVbv:12.78 q-Rceq:1.08 tex:5067 mv:4125 misc:1448 icu:147.50 pcu:616.25 scu:796.25 tlayer:3 pbqpoffset:2.68 pbfactor:1.36 avgQpOffsetCutree:-1.12;
in:21 out:24 type:b q:16.01 q-aq:16.00 q-noVbv:16.01 q-Rceq:1.08 tex:309 mv:1581 misc:950 icu:5.00 pcu:487.00 scu:1068.00 tlayer:4 pbqpoffset:5.65 pbfactor:1.92 avgQpOffsetCutree:0.00;
in:23 out:25 type:b q:15.52 q-aq:15.06 q-noVbv:15.52 q-Rceq:1.08 tex:337 mv:2050 misc:1053 icu:5.00 pcu:455.25 scu:1099.75 tlayer:4 pbqpoffset:5.67 pbfactor:1.92 avgQpOffsetCutree:0.00;
in:28 out:26 type:B q:10.59 q-aq:8.09 q-noVbv:10.59 q-Rceq:1.08 tex:101031 mv:10446 misc:3035 icu:378.25 pcu:461.00 scu:720.75 tlayer:2 pbqpoffset:1.99 pbfactor:1.26 avgQpOffsetCutree:-2.43;
in:26 out:27 type:B q:11.78 q-aq:10.94 q-noVbv:11.78 q-Rceq:1.08 tex:10210 mv:5451 misc:2179 icu:132.75 pcu:709.75 scu:717.50 tlayer:3 pbqpoffset:2.68 pbfactor:1.36 avgQpOffsetCutree:-1.23;
in:25 out:28 type:b q:14.99 q-aq:15.00 q-noVbv:14.99 q-Rceq:1.08 tex:376 mv:2231 misc:1209 icu:9.00 pcu:586.00 scu:965.00 tlayer:4 pbqpoffset:5.64 pbfactor:1.92 avgQpOffsetCutree:0.00;
in:27 out:29 type:b q:14.47 q-aq:14.00 q-noVbv:14.47 q-Rceq:1.08 tex:170 mv:2474 misc:1132 icu:9.00 pcu:611.00 scu:940.00 tlayer:4 pbqpoffset:5.61 pbfactor:1.91 avgQpOffsetCutree:0.00;
in:30 out:30 type:B q:10.78 q-aq:9.82 q-noVbv:10.78 q-Rceq:1.08 tex:7332 mv:5048 misc:2204 icu:125.00 pcu:852.75 scu:582.25 tlayer:3 pbqpoffset:2.68 pbfactor:1.36 avgQpOffsetCutree:-1.21;
in:29 out:31 type:b q:13.98 q-aq:14.00 q-noVbv:13.98 q-Rceq:1.08 tex:186 mv:3126 misc:1208 icu:10.00 pcu:779.00 scu:771.00 tlayer:4 pbqpoffset:5.63 pbfactor:1.92 avgQpOffsetCutree:0.00;
in:31 out:32 type:b q:13.47 q-aq:13.00 q-noVbv:13.47 q-Rceq:1.08 tex:1166 mv:3755 misc:1447 icu:21.00 pcu:742.75 scu:796.25 tlayer:4 pbqpoffset:5.61 pbfactor:1.91 avgQpOffsetCutree:0.00;
in:48 out:33 type:k q:6.07 q-aq:1.37 q-noVbv:6.07 q-Rceq:1.08 tex:582920 mv:40586 misc:2606 icu:764.75 pcu:704.00 scu:91.25 tlayer:0 pbqpoffset:0.00 pbfactor:1.00 avgQpOffsetCutree:-4.53;
in:40 out:34 type:B q:7.32 q-aq:3.62 q-noVbv:7.32 q-Rceq:1.08 tex:318019 mv:43570 misc:3155 icu:458.50 pcu:938.50 scu:163.00 tlayer:1 pbqpoffset:0.48 pbfactor:1.06 avgQpOffsetCutree:-3.25;
in:36 out:35 type:B q:7.77 q-aq:4.94 q-noVbv:7.77 q-Rceq:1.08 tex:109340 mv:27621 misc:3791 icu:449.75 pcu:750.75 scu:359.50 tlayer:2 pbqpoffset:0.55 pbfactor:1.07 avgQpOffsetCutree:-2.50;
in:34 out:36 type:B q:8.57 q-aq:7.49 q-noVbv:8.57 q-Rceq:1.08 tex:19006 mv:10464 misc:2986 icu:181.75 pcu:768.00 scu:610.25 tlayer:3 pbqpoffset:1.16 pbfactor:1.14 avgQpOffsetCutree:-1.29;
in:33 out:37 type:b q:11.68 q-aq:11.48 q-noVbv:11.68 q-Rceq:1.08 tex:2010 mv:4582 misc:1432 icu:16.50 pcu:872.50 scu:671.00 tlayer:4 pbqpoffset:4.17 pbfactor:1.62 avgQpOffsetCutree:0.00;
in:35 out:38 type:b q:10.93 q-aq:10.75 q-noVbv:10.93 q-Rceq:1.08 tex:3023 mv:4607 misc:1722 icu:22.25 pcu:877.25 scu:660.50 tlayer:4 pbqpoffset:3.61 pbfactor:1.52 avgQpOffsetCutree:0.00;
in:38 out:39 type:B q:8.56 q-aq:7.46 q-noVbv:8.56 q-Rceq:1.08 tex:15848 mv:9886 misc:2634 icu:182.75 pcu:727.25 scu:650.00 tlayer:3 pbqpoffset:1.53 pbfactor:1.19 avgQpOffsetCutree:-1.30;
in:37 out:40 type:b q:10.70 q-aq:10.42 q-noVbv:10.70 q-Rceq:1.08 tex:3405 mv:5956 misc:1591 icu:23.75 pcu:1007.50 scu:528.75 tlayer:4 pbqpoffset:3.58 pbfactor:1.51 avgQpOffsetCutree:0.00;
in:39 out:41 type:b q:10.55 q-aq:10.02 q-noVbv:10.55 q-Rceq:1.08 tex:3107 mv:5106 misc:1531 icu:18.50 pcu:923.25 scu:618.25 tlayer:4 pbqpoffset:3.62 pbfactor:1.52 avgQpOffsetCutree:0.00;
in:44 out:42 type:B q:6.94 q-aq:4.13 q-noVbv:6.94 q-Rceq:1.08 tex:166115 mv:38796 misc:3833 icu:510.00 pcu:811.00 scu:239.00 tlayer:2 pbqpoffset:0.48 pbfactor:1.06 avgQpOffsetCutree:-2.42;
in:42 out:43 type:B q:7.75 q-aq:6.70 q-noVbv:7.75 q-Rceq:1.08 tex:28827 mv:11705 misc:2908 icu:261.25 pcu:692.25 scu:606.50 tlayer:3 pbqpoffset:1.10 pbfactor:1.14 avgQpOffsetCutree:-1.25;
in:41 out:44 type:b q:9.39 q-aq:9.00 q-noVbv:9.39 q-Rceq:1.08 tex:3866 mv:6843 misc:1819 icu:56.00 pcu:911.00 scu:593.00 tlayer:4 pbqpoffset:2.64 pbfactor:1.36 avgQpOffsetCutree:0.00;
in:43 out:45 type:b q:9.02 q-aq:8.56 q-noVbv:9.02 q-Rceq:1.08 tex:7004 mv:7606 misc:2054 icu:44.00 pcu:892.25 scu:623.75 tlayer:4 pbqpoffset:2.47 pbfactor:1.33 avgQpOffsetCutree:0.00;
in:46 out:46 type:B q:7.15 q-aq:6.02 q-noVbv:7.15 q-Rceq:1.08 tex:39519 mv:12104 misc:2905 icu:295.25 pcu:764.75 scu:500.00 tlayer:3 pbqpoffset:0.89 pbfactor:1.11 avgQpOffsetCutree:-1.24;
in:45 out:47 type:b q:9.24 q-aq:9.00 q-noVbv:9.24 q-Rceq:1.08 tex:3849 mv:6847 misc:1976 icu:36.50 pcu:933.00 scu:590.50 tlayer:4 pbqpoffset:2.88 pbfactor:1.39 avgQpOffsetCutree:0.00;
in:47 out:48 type:b q:9.44 q-aq:9.00 q-noVbv:9.44 q-Rceq:1.08 tex:3620 mv:6050 misc:1554 icu:32.25 pcu:816.50 scu:711.25 tlayer:4 pbqpoffset:3.27 pbfactor:1.46 avgQpOffsetCutree:0.00;
in:64 out:49 type:k q:9.23 q-aq:3.77 q-noVbv:9.23 q-Rceq:1.08 tex:429288 mv:44510 misc:2410 icu:1342.25 pcu:203.25 scu:14.50 tlayer:0 pbqpoffset:-0.05 pbfactor:0.99 avgQpOffsetCutree:-5.16;
in:56 out:50 type:B q:8.35 q-aq:4.65 q-noVbv:8.35 q-Rceq:1.08 tex:292580 mv:42697 misc:2859 icu:941.00 pcu:558.00 scu:61.00 tlayer:1 pbqpoffset:0.70 pbfactor:1.08 avgQpOffsetCutree:-3.20;
in:52 out:51 type:B q:9.02 q-aq:6.26 q-noVbv:9.02 q-Rceq:1.08 tex:62215 mv:14665 misc:3440 icu:447.75 pcu:670.75 scu:441.50 tlayer:2 pbqpoffset:2.15 pbfactor:1.28 avgQpOffsetCutree:-2.39;
in:50 out:52 type:B q:8.62 q-aq:7.43 q-noVbv:8.62 q-Rceq:1.08 tex:15782 mv:10713 misc:2601 icu:225.25 pcu:815.50 scu:519.25 tlayer:3 pbqpoffset:2.15 pbfactor:1.28 avgQpOffsetCutree:-1.20;
in:49 out:53 type:b q:11.41 q-aq:11.00 q-noVbv:11.41 q-Rceq:1.08 tex:1890 mv:4508 misc:1522 icu:18.00 pcu:768.75 scu:773.25 tlayer:4 pbqpoffset:5.14 pbfactor:1.81 avgQpOffsetCutree:0.00;
in:51 out:54 type:b q:11.79 q-aq:11.47 q-noVbv:11.79 q-Rceq:1.08 tex:732 mv:4790 misc:1502 icu:3.50 pcu:945.75 scu:610.75 tlayer:4 pbqpoffset:5.13 pbfactor:1.81 avgQpOffsetCutree:0.00;
in:54 out:55 type:B q:9.41 q-aq:8.31 q-noVbv:9.41 q-Rceq:1.08 tex:12429 mv:8167 misc:2252 icu:175.75 pcu:892.50 scu:491.75 tlayer:3 pbqpoffset:2.15 pbfactor:1.28 avgQpOffsetCutree:-1.25;
in:53 out:56 type:b q:12.15 q-aq:12.00 q-noVbv:12.15 q-Rceq:1.08 tex:711 mv:4412 misc:1405 icu:12.00 pcu:890.50 scu:657.50 tlayer:4 pbqpoffset:5.09 pbfactor:1.80 avgQpOffsetCutree:0.00;
in:55 out:57 type:b q:12.54 q-aq:12.01 q-noVbv:12.54 q-Rceq:1.08 tex:795 mv:3315 misc:1306 icu:5.00 pcu:782.00 scu:773.00 tlayer:4 pbqpoffset:5.09 pbfactor:1.80 avgQpOffsetCutree:0.00;
in:60 out:58 type:B q:9.51 q-aq:6.91 q-noVbv:9.51 q-Rceq:1.08 tex:163557 mv:19977 misc:3522 icu:718.00 pcu:634.50 scu:207.50 tlayer:2 pbqpoffset:1.07 pbfactor:1.13 avgQpOffsetCutree:-2.28;
in:58 out:59 type:B q:10.20 q-aq:9.06 q-noVbv:10.20 q-Rceq:1.08 tex:23927 mv:8890 misc:3007 icu:213.50 pcu:814.25 scu:532.25 tlayer:3 pbqpoffset:2.15 pbfactor:1.28 avgQpOffsetCutree:-1.15;
in:57 out:60 type:b q:12.96 q-aq:12.68 q-noVbv:12.96 q-Rceq:1.08 tex:941 mv:3466 misc:1489 icu:17.25 pcu:690.50 scu:852.25 tlayer:4 pbqpoffset:5.12 pbfactor:1.81 avgQpOffsetCutree:0.00;
in:59 out:61 type:b q:13.40 q-aq:13.00 q-noVbv:13.40 q-Rceq:1.08 tex:8978 mv:5471 misc:1831 icu:63.50 pcu:851.00 scu:645.50 tlayer:4 pbqpoffset:5.15 pbfactor:1.81 avgQpOffsetCutree:0.00;
in:62 out:62 type:B q:10.99 q-aq:9.85 q-noVbv:10.99 q-Rceq:1.08 tex:11528 mv:6315 misc:2573 icu:120.00 pcu:801.50 scu:638.50 tlayer:3 pbqpoffset:2.15 pbfactor:1.28 avgQpOffsetCutree:-1.18;
in:61 out:63 type:b q:13.79 q-aq:13.29 q-noVbv:13.79 q-Rceq:1.08 tex:3768 mv:5000 misc:1808 icu:51.00 pcu:897.75 scu:611.25 tlayer:4 pbqpoffset:5.15 pbfactor:1.81 avgQpOffsetCutree:0.00;
in:63 out:64 type:b q:14.14 q-aq:14.00 q-noVbv:14.14 q-Rceq:1.08 tex:933 mv:3890 misc:1465 icu:24.00 pcu:761.50 scu:774.50 tlayer:4 pbqpoffset:5.11 pbfactor:1.80 avgQpOffsetCutree:0.00;
in:80 out:65 type:k q:11.07 q-aq:6.41 q-noVbv:11.07 q-Rceq:1.08 tex:318127 mv:42767 misc:2594 icu:1090.00 pcu:450.00 scu:20.00 tlayer:0 pbqpoffset:-0.32 pbfactor:0.96 avgQpOffsetCutree:-4.46;
in:72 out:66 type:B q:10.54 q-aq:6.84 q-noVbv:10.54 q-Rceq:1.08 tex:174301 mv:34486 misc:3613 icu:622.00 pcu:852.50 scu:85.50 tlayer:1 pbqpoffset:0.39 pbfactor:1.05 avgQpOffsetCutree:-3.36;
in:68 out:67 type:B q:10.76 q-aq:7.92 q-noVbv:10.76 q-Rceq:1.08 tex:40926 mv:13560 misc:3394 icu:364.25 pcu:793.50 scu:402.25 tlayer:2 pbqpoffset:1.07 pbfactor:1.13 avgQpOffsetCutree:-2.49;
in:66 out:68 type:B q:11.23 q-aq:10.21 q-noVbv:11.23 q-Rceq:1.08 tex:13265 mv:7549 misc:2458 icu:105.00 pcu:864.25 scu:590.75 tlayer:3 pbqpoffset:1.78 pbfactor:1.23 avgQpOffsetCutree:-1.22;
in:65 out:69 type:b q:13.72 q-aq:13.64 q-noVbv:13.72 q-Rceq:1.08 tex:1236 mv:3648 misc:1444 icu:34.00 pcu:806.75 scu:719.25 tlayer:4 pbqpoffset:4.37 pbfactor:1.66 avgQpOffsetCutree:0.00;
in:67 out:70 type:b q:14.00 q-aq:14.00 q-noVbv:14.00 q-Rceq:1.08 tex:2702 mv:3585 misc:1353 icu:42.25 pcu:785.75 scu:732.00 tlayer:4 pbqpoffset:4.43 pbfactor:1.67 avgQpOffsetCutree:0.00;
in:70 out:71 type:B q:10.89 q-aq:9.71 q-noVbv:10.89 q-Rceq:1.08 tex:53560 mv:12022 misc:2834 icu:166.75 pcu:1122.50 scu:270.75 tlayer:3 pbqpoffset:0.97 pbfactor:1.12 avgQpOffsetCutree:-1.25;
in:69 out:72 type:b q:14.59 q-aq:14.44 q-noVbv:14.59 q-Rceq:1.08 tex:1023 mv:3045 misc:1180 icu:40.00 pcu:787.00 scu:733.00 tlayer:4 pbqpoffset:4.79 pbfactor:1.74 avgQpOffsetCutree:0.00;
in:71 out:73 type:b q:14.20 q-aq:14.00 q-noVbv:14.20 q-Rceq:1.08 tex:1778 mv:3002 misc:1188 icu:37.00 pcu:822.00 scu:701.00 tlayer:4 pbqpoffset:4.17 pbfactor:1.62 avgQpOffsetCutree:0.00;
in:76 out:74 type:B q:11.00 q-aq:8.43 q-noVbv:11.00 q-Rceq:1.08 tex:52458 mv:13742 misc:3408 icu:485.00 pcu:619.50 scu:455.50 tlayer:2 pbqpoffset:0.39 pbfactor:1.05 avgQpOffsetCutree:-2.37;
in:74 out:75 type:B q:11.72 q-aq:10.62 q-noVbv:11.72 q-Rceq:1.08 tex:16462 mv:7492 misc:2358 icu:110.00 pcu:852.00 scu:598.00 tlayer:3 pbqpoffset:1.34 pbfactor:1.17 avgQpOffsetCutree:-1.26;
in:73 out:76 type:b q:14.77 q-aq:14.93 q-noVbv:14.77 q-Rceq:1.08 tex:626 mv:2887 misc:1271 icu:20.00 pcu:643.00 scu:897.00 tlayer:4 pbqpoffset:4.51 pbfactor:1.68 avgQpOffsetCutree:0.00;
in:75 out:77 type:b q:14.29 q-aq:14.00 q-noVbv:14.29 q-Rceq:1.08 tex:1500 mv:3613 misc:1327 icu:18.00 pcu:797.25 scu:744.75 tlayer:4 pbqpoffset:3.80 pbfactor:1.55 avgQpOffsetCutree:0.00;
in:78 out:78 type:B q:11.95 q-aq:11.00 q-noVbv:11.95 q-Rceq:1.08 tex:13857 mv:5688 misc:2215 icu:62.75 pcu:832.00 scu:665.25 tlayer:3 pbqpoffset:1.11 pbfactor:1.14 avgQpOffsetCutree:-1.20;
in:77 out:79 type:b q:13.11 q-aq:13.00 q-noVbv:13.11 q-Rceq:1.08 tex:5755 mv:4247 misc:1534 icu:37.00 pcu:806.75 scu:716.25 tlayer:4 pbqpoffset:2.39 pbfactor:1.32 avgQpOffsetCutree:0.00;
in:79 out:80 type:b q:13.74 q-aq:13.34 q-noVbv:13.74 q-Rceq:1.08 tex:893 mv:3249 misc:1266 icu:15.25 pcu:699.25 scu:845.50 tlayer:4 pbqpoffset:2.79 pbfactor:1.38 avgQpOffsetCutree:0.00;
in:96 out:81 type:k q:10.11 q-aq:4.83 q-noVbv:10.11 q-Rceq:1.08 tex:423453 mv:38337 misc:2394 icu:1485.00 pcu:74.75 scu:0.25 tlayer:0 pbqpoffset:-0.65 pbfactor:0.93 avgQpOffsetCutree:-5.35;
in:88 out:82 type:B q:11.46 q-aq:8.44 q-noVbv:11.46 q-Rceq:1.08 tex:198186 mv:27334 misc:2784 icu:1076.75 pcu:458.75 scu:24.50 tlayer:1 pbqpoffset:0.88 pbfactor:1.11 avgQpOffsetCutree:-3.03;
in:84 out:83 type:B q:13.31 q-aq:10.74 q-noVbv:13.31 q-Rceq:1.08 tex:24061 mv:7902 misc:2781 icu:184.00 pcu:763.00 scu:613.00 tlayer:2 pbqpoffset:2.49 pbfactor:1.33 avgQpOffsetCutree:-2.40;
in:82 out:84 type:B q:13.43 q-aq:12.62 q-noVbv:13.43 q-Rceq:1.08 tex:10208 mv:5107 misc:1989 icu:46.00 pcu:787.50 scu:726.50 tlayer:3 pbqpoffset:2.49 pbfactor:1.33 avgQpOffsetCutree:-1.22;
in:81 out:85 type:b q:16.48 q-aq:16.00 q-noVbv:16.48 q-Rceq:1.08 tex:1781 mv:1778 misc:1001 icu:7.50 pcu:491.25 scu:1061.25 tlayer:4 pbqpoffset:5.47 pbfactor:1.88 avgQpOffsetCutree:0.00;
in:83 out:86 type:b q:16.35 q-aq:16.00 q-noVbv:16.35 q-Rceq:1.08 tex:1001 mv:2088 misc:1023 icu:4.25 pcu:592.00 scu:963.75 tlayer:4 pbqpoffset:5.46 pbfactor:1.88 avgQpOffsetCutree:0.00;
in:86 out:87 type:B q:13.19 q-aq:12.41 q-noVbv:13.19 q-Rceq:1.08 tex:37343 mv:6488 misc:2361 icu:52.50 pcu:961.25 scu:546.25 tlayer:3 pbqpoffset:2.49 pbfactor:1.33 avgQpOffsetCutree:-1.18;
in:85 out:88 type:b q:16.24 q-aq:16.00 q-noVbv:16.24 q-Rceq:1.08 tex:850 mv:1678 misc:904 icu:4.25 pcu:421.75 scu:1134.00 tlayer:4 pbqpoffset:5.47 pbfactor:1.88 avgQpOffsetCutree:0.00;
in:87 out:89 type:b q:16.13 q-aq:16.00 q-noVbv:16.13 q-Rceq:1.08 tex:89 mv:1543 misc:936 icu:0.00 pcu:475.00 scu:1085.00 tlayer:4 pbqpoffset:5.48 pbfactor:1.88 avgQpOffsetCutree:0.00;
in:92 out:90 type:B q:11.84 q-aq:9.58 q-noVbv:11.84 q-Rceq:1.08 tex:115815 mv:11464 misc:3601 icu:454.50 pcu:717.75 scu:387.75 tlayer:2 pbqpoffset:1.50 pbfactor:1.19 avgQpOffsetCutree:-2.32;
in:90 out:91 type:B q:12.95 q-aq:12.01 q-noVbv:12.95 q-Rceq:1.08 tex:15990 mv:5426 misc:2576 icu:50.00 pcu:809.75 scu:700.25 tlayer:3 pbqpoffset:2.49 pbfactor:1.33 avgQpOffsetCutree:-1.20;
in:89 out:92 type:b q:16.01 q-aq:16.00 q-noVbv:16.01 q-Rceq:1.08 tex:1371 mv:2235 misc:1226 icu:2.00 pcu:606.75 scu:951.25 tlayer:4 pbqpoffset:5.49 pbfactor:1.88 avgQpOffsetCutree:0.00;
in:91 out:93 type:b q:15.88 q-aq:16.00 q-noVbv:15.88 q-Rceq:1.08 tex:1119 mv:2458 misc:1335 icu:1.00 pcu:721.25 scu:837.75 tlayer:4 pbqpoffset:5.47 pbfactor:1.88 avgQpOffsetCutree:0.00;
in:94 out:94 type:B q:12.71 q-aq:11.91 q-noVbv:12.71 q-Rceq:1.08 tex:51629 mv:5608 misc:2843 icu:86.75 pcu:1015.50 scu:457.75 tlayer:3 pbqpoffset:2.49 pbfactor:1.33 avgQpOffsetCutree:-1.12;
in:93 out:95 type:b q:15.77 q-aq:16.00 q-noVbv:15.77 q-Rceq:1.08 tex:1779 mv:2699 misc:1330 icu:3.00 pcu:668.25 scu:888.75 tlayer:4 pbqpoffset:5.49 pbfactor:1.88 avgQpOffsetCutree:0.00;
in:95 out:96 type:b q:15.64 q-aq:15.63 q-noVbv:15.64 q-Rceq:1.08 tex:1516 mv:2655 misc:1373 icu:8.25 pcu:612.25 scu:939.50 tlayer:4 pbqpoffset:5.47 pbfactor:1.88 avgQpOffsetCutree:0.00;
in:112 out:97 type:k q:10.93 q-aq:5.92 q-noVbv:10.93 q-Rceq:1.08 tex:414071 mv:51149 misc:2556 icu:1115.25 pcu:435.50 scu:9.25 tlayer:0 pbqpoffset:0.23 pbfactor:1.03 avgQpOffsetCutree:-4.87;
in:104 out:98 type:B q:11.24 q-aq:7.40 q-noVbv:11.24 q-Rceq:1.08 tex:197393 mv:38578 misc:3541 icu:738.00 pcu:752.75 scu:69.25 tlayer:1 pbqpoffset:0.73 pbfactor:1.09 avgQpOffsetCutree:-3.53;
in:100 out:99 type:B q:11.69 q-aq:8.68 q-noVbv:11.69 q-Rceq:1.08 tex:34569 mv:11097 misc:3638 icu:258.75 pcu:704.50 scu:596.75 tlayer:2 pbqpoffset:1.37 pbfactor:1.17 avgQpOffsetCutree:-2.63;
in:98 out:100 type:B q:12.59 q-aq:11.48 q-noVbv:12.59 q-Rceq:1.08 tex:11395 mv:6468 misc:2321 icu:62.00 pcu:866.50 scu:631.50 tlayer:3 pbqpoffset:2.38 pbfactor:1.32 avgQpOffsetCutree:-1.33;
in:97 out:101 type:b q:15.67 q-aq:15.67 q-noVbv:15.67 q-Rceq:1.08 tex:1474 mv:2580 misc:1298 icu:9.00 pcu:562.25 scu:988.75 tlayer:4 pbqpoffset:5.51 pbfactor:1.89 avgQpOffsetCutree:0.00;
in:99 out:102 type:b q:15.76 q-aq:15.55 q-noVbv:15.76 q-Rceq:1.08 tex:755 mv:2362 misc:1219 icu:6.00 pcu:557.75 scu:996.25 tlayer:4 pbqpoffset:5.50 pbfactor:1.89 avgQpOffsetCutree:0.00;
in:102 out:103 type:B q:12.75 q-aq:11.49 q-noVbv:12.75 q-Rceq:1.08 tex:9948 mv:5514 misc:2186 icu:87.50 pcu:702.75 scu:769.75 tlayer:3 pbqpoffset:2.33 pbfactor:1.31 avgQpOffsetCutree:-1.34;
in:101 out:104 type:b q:15.87 q-aq:16.00 q-noVbv:15.87 q-Rceq:1.08 tex:591 mv:2348 misc:1245 icu:6.00 pcu:583.75 scu:970.25 tlayer:4 pbqpoffset:5.51 pbfactor:1.89 avgQpOffsetCutree:0.00;
in:103 out:105 type:b q:14.90 q-aq:15.00 q-noVbv:14.90 q-Rceq:1.08 tex:809 mv:2496 misc:1143 icu:23.00 pcu:581.50 scu:955.50 tlayer:4 pbqpoffset:4.43 pbfactor:1.67 avgQpOffsetCutree:0.00;
in:108 out:106 type:B q:11.95 q-aq:9.11 q-noVbv:11.95 q-Rceq:1.08 tex:34312 mv:10267 misc:3285 icu:215.25 pcu:671.25 scu:673.50 tlayer:2 pbqpoffset:1.23 pbfactor:1.15 avgQpOffsetCutree:-2.56;
in:106 out:107 type:B q:12.10 q-aq:10.90 q-noVbv:12.10 q-Rceq:1.08 tex:89785 mv:11283 misc:3076 icu:102.75 pcu:1008.50 scu:448.75 tlayer:3 pbqpoffset:1.48 pbfactor:1.19 avgQpOffsetCutree:-1.28;
in:105 out:108 type:b q:15.12 q-aq:15.00 q-noVbv:15.12 q-Rceq:1.08 tex:652 mv:2392 misc:1100 icu:6.00 pcu:558.75 scu:995.25 tlayer:4 pbqpoffset:4.55 pbfactor:1.69 avgQpOffsetCutree:0.00;
in:107 out:109 type:b q:15.18 q-aq:15.00 q-noVbv:15.18 q-Rceq:1.08 tex:1390 mv:2382 misc:1108 icu:4.25 pcu:570.00 scu:985.75 tlayer:4 pbqpoffset:4.51 pbfactor:1.68 avgQpOffsetCutree:0.00;
in:110 out:110 type:B q:12.40 q-aq:11.15 q-noVbv:12.40 q-Rceq:1.08 tex:48543 mv:7831 misc:2770 icu:65.00 pcu:1025.00 scu:470.00 tlayer:3 pbqpoffset:1.58 pbfactor:1.20 avgQpOffsetCutree:-1.28;
in:109 out:111 type:b q:14.97 q-aq:15.00 q-noVbv:14.97 q-Rceq:1.08 tex:925 mv:2329 misc:1122 icu:4.00 pcu:529.50 scu:1026.50 tlayer:4 pbqpoffset:4.20 pbfactor:1.62 avgQpOffsetCutree:0.00;
in:111 out:112 type:b q:14.85 q-aq:15.00 q-noVbv:14.85 q-Rceq:1.08 tex:95 mv:1778 misc:1007 icu:10.00 pcu:448.00 scu:1102.00 tlayer:4 pbqpoffset:3.98 pbfactor:1.58 avgQpOffsetCutree:0.00;
in:128 out:113 type:k q:10.18 q-aq:4.74 q-noVbv:10.18 q-Rceq:1.08 tex:483003 mv:43738 misc:2427 icu:1500.00 pcu:59.75 scu:0.25 tlayer:0 pbqpoffset:-0.33 pbfactor:0.96 avgQpOffsetCutree:-5.65;
in:120 out:114 type:B q:11.97 q-aq:8.65 q-noVbv:11.97 q-Rceq:1.08 tex:197917 mv:29942 misc:3445 icu:861.25 pcu:620.50 scu:78.25 tlayer:1 pbqpoffset:1.42 pbfactor:1.18 avgQpOffsetCutree:-3.26;
in:116 out:115 type:B q:13.36 q-aq:10.22 q-noVbv:13.36 q-Rceq:1.08 tex:17102 mv:5697 misc:2625 icu:56.00 pcu:683.25 scu:820.75 tlayer:2 pbqpoffset:2.62 pbfactor:1.35 avgQpOffsetCutree:-2.63;
in:114 out:116 type:B q:13.46 q-aq:12.33 q-noVbv:13.46 q-Rceq:1.08 tex:5923 mv:3420 misc:1777 icu:30.50 pcu:646.75 scu:882.75 tlayer:3 pbqpoffset:2.62 pbfactor:1.35 avgQpOffsetCutree:-1.36;
in:113 out:117 type:b q:16.47 q-aq:16.00 q-noVbv:16.47 q-Rceq:1.08 tex:38 mv:1688 misc:1066 icu:1.00 pcu:455.00 scu:1104.00 tlayer:4 pbqpoffset:5.58 pbfactor:1.91 avgQpOffsetCutree:0.00;
in:115 out:118 type:b q:16.37 q-aq:16.00 q-noVbv:16.37 q-Rceq:1.08 tex:1507 mv:1962 misc:1123 icu:6.00 pcu:566.50 scu:987.50 tlayer:4 pbqpoffset:5.58 pbfactor:1.91 avgQpOffsetCutree:0.00;
in:118 out:119 type:B q:13.27 q-aq:12.22 q-noVbv:13.27 q-Rceq:1.08 tex:6222 mv:4173 misc:1869 icu:13.75 pcu:727.75 scu:818.50 tlayer:3 pbqpoffset:2.62 pbfactor:1.35 avgQpOffsetCutree:-1.36;
in:117 out:120 type:b q:16.29 q-aq:16.00 q-noVbv:16.29 q-Rceq:1.08 tex:152 mv:1578 misc:1030 icu:5.00 pcu:465.00 scu:1090.00 tlayer:4 pbqpoffset:5.59 pbfactor:1.91 avgQpOffsetCutree:0.00;
in:119 out:121 type:b q:16.19 q-aq:16.00 q-noVbv:16.19 q-Rceq:1.08 tex:940 mv:1712 misc:1012 icu:2.00 pcu:442.00 scu:1116.00 tlayer:4 pbqpoffset:5.59 pbfactor:1.91 avgQpOffsetCutree:0.00;
in:124 out:122 type:B q:12.18 q-aq:9.51 q-noVbv:12.18 q-Rceq:1.08 tex:114804 mv:9661 misc:3847 icu:286.25 pcu:774.25 scu:499.50 tlayer:2 pbqpoffset:1.81 pbfactor:1.23 avgQpOffsetCutree:-2.53;
in:122 out:123 type:B q:13.08 q-aq:12.02 q-noVbv:13.08 q-Rceq:1.08 tex:16376 mv:6303 misc:3169 icu:53.75 pcu:840.00 scu:666.25 tlayer:3 pbqpoffset:2.62 pbfactor:1.35 avgQpOffsetCutree:-1.24;
in:121 out:124 type:b q:16.13 q-aq:16.11 q-noVbv:16.13 q-Rceq:1.08 tex:1041 mv:2211 misc:1404 icu:3.00 pcu:678.50 scu:878.50 tlayer:4 pbqpoffset:5.62 pbfactor:1.91 avgQpOffsetCutree:0.00;
in:123 out:125 type:b q:16.00 q-aq:16.00 q-noVbv:16.00 q-Rceq:1.08 tex:509 mv:2215 misc:1268 icu:4.00 pcu:578.25 scu:977.75 tlayer:4 pbqpoffset:5.58 pbfactor:1.91 avgQpOffsetCutree:0.00;
in:126 out:126 type:B q:12.90 q-aq:12.01 q-noVbv:12.90 q-Rceq:1.08 tex:13865 mv:5122 misc:2589 icu:84.00 pcu:795.50 scu:680.50 tlayer:3 pbqpoffset:2.62 pbfactor:1.35 avgQpOffsetCutree:-1.27;
in:125 out:127 type:b q:15.92 q-aq:16.00 q-noVbv:15.92 q-Rceq:1.08 tex:1299 mv:2394 misc:1403 icu:8.00 pcu:676.75 scu:875.25 tlayer:4 pbqpoffset:5.60 pbfactor:1.91 avgQpOffsetCutree:0.00;
in:127 out:128 type:b q:15.81 q-aq:16.00 q-noVbv:15.81 q-Rceq:1.08 tex:1018 mv:2709 misc:1433 icu:12.00 pcu:622.50 scu:925.50 tlayer:4 pbqpoffset:5.58 pbfactor:1.91 avgQpOffsetCutree:0.00;
in:144 out:129 type:k q:8.83 q-aq:3.45 q-noVbv:8.83 q-Rceq:1.08 tex:597374 mv:50154 misc:2608 icu:1022.75 pcu:530.25 scu:7.00 tlayer:0 pbqpoffset:-0.31 pbfactor:0.97 avgQpOffsetCutree:-5.26;
in:136 out:130 type:B q:10.29 q-aq:6.08 q-noVbv:10.29 q-Rceq:1.08 tex:271095 mv:45232 misc:3465 icu:657.00 pcu:820.75 scu:82.25 tlayer:1 pbqpoffset:0.78 pbfactor:1.09 avgQpOffsetCutree:-3.85;
in:132 out:131 type:B q:11.68 q-aq:8.47 q-noVbv:11.68 q-Rceq:1.08 tex:38112 mv:10224 misc:3352 icu:202.00 pcu:630.50 scu:727.50 tlayer:2 pbqpoffset:1.83 pbfactor:1.24 avgQpOffsetCutree:-2.81;
in:130 out:132 type:B q:12.66 q-aq:11.37 q-noVbv:12.66 q-Rceq:1.08 tex:7061 mv:4918 misc:1973 icu:16.25 pcu:766.50 scu:777.25 tlayer:3 pbqpoffset:2.65 pbfactor:1.36 avgQpOffsetCutree:-1.43;
in:129 out:133 type:b q:15.70 q-aq:16.00 q-noVbv:15.70 q-Rceq:1.08 tex:837 mv:2255 misc:1140 icu:2.00 pcu:484.25 scu:1073.75 tlayer:4 pbqpoffset:5.60 pbfactor:1.91 avgQpOffsetCutree:0.00;
in:131 out:134 type:b q:15.52 q-aq:15.02 q-noVbv:15.52 q-Rceq:1.08 tex:726 mv:2532 misc:1150 icu:4.00 pcu:619.25 scu:936.75 tlayer:4 pbqpoffset:5.59 pbfactor:1.91 avgQpOffsetCutree:0.00;
in:134 out:135 type:B q:11.75 q-aq:10.60 q-noVbv:11.75 q-Rceq:1.08 tex:12682 mv:5885 misc:2265 icu:23.00 pcu:815.25 scu:721.75 tlayer:3 pbqpoffset:2.08 pbfactor:1.27 avgQpOffsetCutree:-1.36;
in:133 out:136 type:b q:14.40 q-aq:14.00 q-noVbv:14.40 q-Rceq:1.08 tex:898 mv:3535 misc:1383 icu:10.00 pcu:741.75 scu:808.25 tlayer:4 pbqpoffset:4.64 pbfactor:1.71 avgQpOffsetCutree:0.00;
in:135 out:137 type:b q:14.67 q-aq:14.68 q-noVbv:14.67 q-Rceq:1.08 tex:1294 mv:2968 misc:1226 icu:0.00 pcu:620.25 scu:939.75 tlayer:4 pbqpoffset:5.08 pbfactor:1.80 avgQpOffsetCutree:0.00;
in:140 out:138 type:B q:10.42 q-aq:7.49 q-noVbv:10.42 q-Rceq:1.08 tex:50774 mv:10956 misc:3534 icu:199.25 pcu:710.75 scu:650.00 tlayer:2 pbqpoffset:1.25 pbfactor:1.16 avgQpOffsetCutree:-2.71;
in:138 out:139 type:B q:11.71 q-aq:10.55 q-noVbv:11.71 q-Rceq:1.08 tex:8901 mv:5053 misc:2326 icu:38.50 pcu:692.50 scu:829.00 tlayer:3 pbqpoffset:2.37 pbfactor:1.32 avgQpOffsetCutree:-1.42;
in:137 out:140 type:b q:14.03 q-aq:14.00 q-noVbv:14.03 q-Rceq:1.08 tex:4629 mv:3481 misc:1330 icu:17.50 pcu:699.00 scu:843.50 tlayer:4 pbqpoffset:4.60 pbfactor:1.70 avgQpOffsetCutree:0.00;
in:139 out:141 type:b q:13.12 q-aq:13.00 q-noVbv:13.12 q-Rceq:1.08 tex:9961 mv:3679 misc:1560 icu:12.50 pcu:785.75 scu:761.75 tlayer:4 pbqpoffset:3.87 pbfactor:1.56 avgQpOffsetCutree:0.00;
in:142 out:142 type:B q:10.85 q-aq:9.68 q-noVbv:10.85 q-Rceq:1.08 tex:14223 mv:5004 misc:2341 icu:42.50 pcu:686.00 scu:831.50 tlayer:3 pbqpoffset:1.85 pbfactor:1.24 avgQpOffsetCutree:-1.37;
in:141 out:143 type:b q:13.16 q-aq:13.00 q-noVbv:13.16 q-Rceq:1.08 tex:7519 mv:4288 misc:1585 icu:23.00 pcu:765.25 scu:771.75 tlayer:4 pbqpoffset:4.07 pbfactor:1.60 avgQpOffsetCutree:0.00;
in:143 out:144 type:b q:12.93 q-aq:13.00 q-noVbv:12.93 q-Rceq:1.08 tex:3891 mv:3206 misc:1367 icu:3.75 pcu:701.75 scu:854.50 tlayer:4 pbqpoffset:4.01 pbfactor:1.59 avgQpOffsetCutree:0.00;
in:160 out:145 type:k q:10.98 q-aq:5.37 q-noVbv:10.98 q-Rceq:1.08 tex:510311 mv:40114 misc:2367 icu:1512.25 pcu:47.25 scu:0.50 tlayer:0 pbqpoffset:-1.00 pbfactor:0.89 avgQpOffsetCutree:-5.84;
in:152 out:146 type:B q:10.94 q-aq:7.34 q-noVbv:10.94 q-Rceq:1.08 tex:305485 mv:34790 misc:3133 icu:997.25 pcu:534.25 scu:28.50 tlayer:1 pbqpoffset:1.04 pbfactor:1.13 avgQpOffsetCutree:-3.49;
in:148 out:147 type:B q:12.01 q-aq:9.10 q-noVbv:12.01 q-Rceq:1.08 tex:35038 mv:7895 misc:3355 icu:99.50 pcu:703.75 scu:756.75 tlayer:2 pbqpoffset:2.64 pbfactor:1.36 avgQpOffsetCutree:-2.71;
in:146 out:148 type:B q:11.74 q-aq:10.66 q-noVbv:11.74 q-Rceq:1.08 tex:63543 mv:11624 misc:3417 icu:68.75 pcu:1100.75 scu:390.50 tlayer:3 pbqpoffset:2.64 pbfactor:1.36 avgQpOffsetCutree:-1.29;
in:145 out:149 type:b q:14.58 q-aq:14.11 q-noVbv:14.58 q-Rceq:1.08 tex:1612 mv:2523 misc:1345 icu:5.00 pcu:564.50 scu:990.50 tlayer:4 pbqpoffset:5.61 pbfactor:1.91 avgQpOffsetCutree:0.00;
in:147 out:150 type:b q:14.85 q-aq:14.96 q-noVbv:14.85 q-Rceq:1.08 tex:1209 mv:2507 misc:1284 icu:1.00 pcu:578.50 scu:980.50 tlayer:4 pbqpoffset:5.61 pbfactor:1.91 avgQpOffsetCutree:0.00;
in:150 out:151 type:B q:12.28 q-aq:10.89 q-noVbv:12.28 q-Rceq:1.08 tex:20414 mv:7353 misc:2617 icu:47.50 pcu:829.25 scu:683.25 tlayer:3 pbqpoffset:2.64 pbfactor:1.36 avgQpOffsetCutree:-1.42;
in:149 out:152 type:b q:15.12 q-aq:15.00 q-noVbv:15.12 q-Rceq:1.08 tex:1258 mv:2048 misc:1174 icu:6.00 pcu:478.25 scu:1075.75 tlayer:4 pbqpoffset:5.61 pbfactor:1.91 avgQpOffsetCutree:0.00;
in:151 out:153 type:b q:15.39 q-aq:15.00 q-noVbv:15.39 q-Rceq:1.08 tex:1132 mv:2514 misc:1162 icu:0.00 pcu:560.25 scu:999.75 tlayer:4 pbqpoffset:5.61 pbfactor:1.91 avgQpOffsetCutree:0.00;
in:156 out:154 type:B q:12.20 q-aq:9.40 q-noVbv:12.20 q-Rceq:1.08 tex:138981 mv:12907 misc:4360 icu:370.75 pcu:818.00 scu:371.25 tlayer:2 pbqpoffset:1.76 pbfactor:1.23 avgQpOffsetCutree:-2.77;
in:154 out:155 type:B q:12.82 q-aq:11.86 q-noVbv:12.82 q-Rceq:1.08 tex:18646 mv:5968 misc:3058 icu:101.25 pcu:812.00 scu:646.75 tlayer:3 pbqpoffset:2.64 pbfactor:1.36 avgQpOffsetCutree:-1.31;
in:153 out:156 type:b q:15.67 q-aq:15.38 q-noVbv:15.67 q-Rceq:1.08 tex:2068 mv:1892 misc:1504 icu:2.00 pcu:608.50 scu:949.50 tlayer:4 pbqpoffset:5.63 pbfactor:1.92 avgQpOffsetCutree:0.00;
in:155 out:157 type:b q:15.92 q-aq:16.00 q-noVbv:15.92 q-Rceq:1.08 tex:1156 mv:1619 misc:1161 icu:0.00 pcu:523.25 scu:1036.75 tlayer:4 pbqpoffset:5.60 pbfactor:1.91 avgQpOffsetCutree:0.00;
in:158 out:158 type:B q:13.36 q-aq:12.27 q-noVbv:13.36 q-Rceq:1.08 tex:64324 mv:8703 misc:3621 icu:75.50 pcu:931.50 scu:553.00 tlayer:3 pbqpoffset:2.64 pbfactor:1.36 avgQpOffsetCutree:-1.31;
in:157 out:159 type:b q:16.19 q-aq:16.00 q-noVbv:16.19 q-Rceq:1.08 tex:50 mv:1771 misc:1235 icu:0.00 pcu:394.00 scu:1166.00 tlayer:4 pbqpoffset:5.61 pbfactor:1.91 avgQpOffsetCutree:0.00;
in:159 out:160 type:b q:16.46 q-aq:16.00 q-noVbv:16.46 q-Rceq:1.08 tex:328 mv:1764 misc:1060 icu:3.00 pcu:565.00 scu:992.00 tlayer:4 pbqpoffset:5.61 pbfactor:1.91 avgQpOffsetCutree:0.00;
in:176 out:161 type:k q:11.53 q-aq:5.91 q-noVbv:11.53 q-Rceq:1.08 tex:459164 mv:44825 misc:2755 icu:1155.25 pcu:402.50 scu:2.25 tlayer:0 pbqpoffset:-0.70 pbfactor:0.92 avgQpOffsetCutree:-5.57;
in:168 out:162 type:B q:12.13 q-aq:8.00 q-noVbv:12.13 q-Rceq:1.08 tex:222791 mv:38394 misc:3647 icu:627.50 pcu:856.75 scu:75.75 tlayer:1 pbqpoffset:0.87 pbfactor:1.11 avgQpOffsetCutree:-3.91;
in:164 out:163 type:B q:12.91 q-aq:9.85 q-noVbv:12.91 q-Rceq:1.08 tex:31632 mv:8054 misc:3194 icu:116.50 pcu:751.50 scu:692.00 tlayer:2 pbqpoffset:1.79 pbfactor:1.23 avgQpOffsetCutree:-2.74;
in:162 out:164 type:B q:13.79 q-aq:12.55 q-noVbv:13.79 q-Rceq:1.08 tex:9364 mv:4264 misc:1932 icu:37.25 pcu:629.00 scu:893.75 tlayer:3 pbqpoffset:2.73 pbfactor:1.37 avgQpOffsetCutree:-1.40;
in:161 out:165 type:b q:16.69 q-aq:17.00 q-noVbv:16.69 q-Rceq:1.08 tex:1301 mv:1795 misc:944 icu:4.25 pcu:446.75 scu:1109.00 tlayer:4 pbqpoffset:5.67 pbfactor:1.93 avgQpOffsetCutree:0.00;
in:163 out:166 type:b q:16.76 q-aq:17.00 q-noVbv:16.76 q-Rceq:1.08 tex:306 mv:1884 misc:1082 icu:0.25 pcu:402.25 scu:1157.50 tlayer:4 pbqpoffset:5.67 pbfactor:1.93 avgQpOffsetCutree:0.00;
in:166 out:167 type:B q:13.27 q-aq:12.08 q-noVbv:13.27 q-Rceq:1.08 tex:57220 mv:6839 misc:2981 icu:31.25 pcu:974.50 scu:554.25 tlayer:3 pbqpoffset:2.08 pbfactor:1.27 avgQpOffsetCutree:-1.37;
in:165 out:168 type:b q:16.83 q-aq:17.00 q-noVbv:16.83 q-Rceq:1.08 tex:251 mv:1888 misc:981 icu:8.00 pcu:454.50 scu:1097.50 tlayer:4 pbqpoffset:5.67 pbfactor:1.93 avgQpOffsetCutree:0.00;
in:167 out:169 type:b q:16.91 q-aq:17.00 q-noVbv:16.91 q-Rceq:1.08 tex:201 mv:1860 misc:899 icu:0.00 pcu:478.00 scu:1082.00 tlayer:4 pbqpoffset:5.68 pbfactor:1.93 avgQpOffsetCutree:0.00;
in:172 out:170 type:B q:13.15 q-aq:10.15 q-noVbv:13.15 q-Rceq:1.08 tex:22564 mv:6367 misc:3141 icu:83.50 pcu:698.75 scu:777.75 tlayer:2 pbqpoffset:1.76 pbfactor:1.23 avgQpOffsetCutree:-2.77;
in:170 out:171 type:B q:13.46 q-aq:12.42 q-noVbv:13.46 q-Rceq:1.08 tex:48934 mv:6263 misc:2891 icu:20.00 pcu:968.75 scu:571.25 tlayer:3 pbqpoffset:2.13 pbfactor:1.28 avgQpOffsetCutree:-1.38;
in:169 out:172 type:b q:16.43 q-aq:16.00 q-noVbv:16.43 q-Rceq:1.08 tex:2514 mv:2435 misc:1379 icu:0.00 pcu:511.25 scu:1048.75 tlayer:4 pbqpoffset:5.13 pbfactor:1.81 avgQpOffsetCutree:0.00;
in:171 out:173 type:b q:16.57 q-aq:16.23 q-noVbv:16.57 q-Rceq:1.08 tex:1107 mv:2096 misc:1141 icu:0.00 pcu:625.00 scu:935.00 tlayer:4 pbqpoffset:5.21 pbfactor:1.83 avgQpOffsetCutree:0.00;
in:174 out:174 type:B q:14.11 q-aq:12.84 q-noVbv:14.11 q-Rceq:1.08 tex:11388 mv:3756 misc:1784 icu:6.25 pcu:747.75 scu:806.00 tlayer:3 pbqpoffset:2.64 pbfactor:1.36 avgQpOffsetCutree:-1.40;
in:173 out:175 type:b q:14.57 q-aq:14.07 q-noVbv:14.57 q-Rceq:1.08 tex:48692 mv:8547 misc:2897 icu:12.00 pcu:1132.50 scu:415.50 tlayer:4 pbqpoffset:3.15 pbfactor:1.44 avgQpOffsetCutree:0.00;
in:175 out:176 type:b q:17.18 q-aq:17.00 q-noVbv:17.18 q-Rceq:1.08 tex:1110 mv:1682 misc:936 icu:0.00 pcu:453.75 scu:1106.25 tlayer:4 pbqpoffset:5.68 pbfactor:1.93 avgQpOffsetCutree:0.00;
in:192 out:177 type:k q:11.89 q-aq:6.79 q-noVbv:11.89 q-Rceq:1.08 tex:475163 mv:41181 misc:2584 icu:1542.50 pcu:17.50 scu:0.00 tlayer:0 pbqpoffset:-0.79 pbfactor:0.91 avgQpOffsetCutree:-5.63;
in:184 out:178 type:B q:12.99 q-aq:9.40 q-noVbv:12.99 q-Rceq:1.08 tex:246057 mv:26449 misc:3190 icu:831.00 pcu:682.00 scu:47.00 tlayer:1 pbqpoffset:1.28 pbfactor:1.16 avgQpOffsetCutree:-3.58;
in:180 out:179 type:B q:14.50 q-aq:11.62 q-noVbv:14.50 q-Rceq:1.08 tex:21250 mv:4799 misc:2615 icu:25.25 pcu:652.75 scu:882.00 tlayer:2 pbqpoffset:2.88 pbfactor:1.39 avgQpOffsetCutree:-2.64;
in:178 out:180 type:B q:14.45 q-aq:13.30 q-noVbv:14.45 q-Rceq:1.08 tex:49975 mv:7417 misc:2832 icu:9.00 pcu:1086.50 scu:464.50 tlayer:3 pbqpoffset:2.88 pbfactor:1.39 avgQpOffsetCutree:-1.41;
in:177 out:181 type:b q:17.38 q-aq:17.00 q-noVbv:17.38 q-Rceq:1.08 tex:1034 mv:1806 misc:992 icu:1.00 pcu:547.25 scu:1011.75 tlayer:4 pbqpoffset:5.82 pbfactor:1.96 avgQpOffsetCutree:0.00;
in:179 out:182 type:b q:17.43 q-aq:17.00 q-noVbv:17.43 q-Rceq:1.08 tex:1773 mv:1854 misc:1189 icu:2.00 pcu:596.25 scu:961.75 tlayer:4 pbqpoffset:5.83 pbfactor:1.96 avgQpOffsetCutree:0.00;
in:182 out:183 type:B q:14.54 q-aq:13.30 q-noVbv:14.54 q-Rceq:1.08 tex:49687 mv:4736 misc:2857 icu:3.00 pcu:797.50 scu:759.50 tlayer:3 pbqpoffset:2.88 pbfactor:1.39 avgQpOffsetCutree:-1.31;
in:181 out:184 type:b q:17.47 q-aq:17.00 q-noVbv:17.47 q-Rceq:1.08 tex:1309 mv:1505 misc:1050 icu:0.00 pcu:451.25 scu:1108.75 tlayer:4 pbqpoffset:5.83 pbfactor:1.96 avgQpOffsetCutree:0.00;
in:183 out:185 type:b q:17.53 q-aq:17.12 q-noVbv:17.53 q-Rceq:1.08 tex:2143 mv:1457 misc:896 icu:0.00 pcu:503.25 scu:1056.75 tlayer:4 pbqpoffset:5.84 pbfactor:1.96 avgQpOffsetCutree:0.00;
in:188 out:186 type:B q:14.24 q-aq:11.55 q-noVbv:14.24 q-Rceq:1.08 tex:101002 mv:7527 misc:4143 icu:174.25 pcu:942.75 scu:443.00 tlayer:2 pbqpoffset:2.45 pbfactor:1.33 avgQpOffsetCutree:-2.62;
in:186 out:187 type:B q:14.63 q-aq:13.41 q-noVbv:14.63 q-Rceq:1.08 tex:27074 mv:5177 misc:2957 icu:88.00 pcu:814.25 scu:657.75 tlayer:3 pbqpoffset:2.88 pbfactor:1.39 avgQpOffsetCutree:-1.37;
in:185 out:188 type:b q:17.58 q-aq:17.26 q-noVbv:17.58 q-Rceq:1.08 tex:1999 mv:1161 misc:1320 icu:1.00 pcu:467.25 scu:1091.75 tlayer:4 pbqpoffset:5.85 pbfactor:1.97 avgQpOffsetCutree:0.00;
in:187 out:189 type:b q:17.59 q-aq:17.31 q-noVbv:17.59 q-Rceq:1.08 tex:2517 mv:1130 misc:1305 icu:0.00 pcu:444.50 scu:1115.50 tlayer:4 pbqpoffset:5.82 pbfactor:1.96 avgQpOffsetCutree:0.00;
in:190 out:190 type:B q:14.72 q-aq:13.76 q-noVbv:14.72 q-Rceq:1.08 tex:10515 mv:3118 misc:2599 icu:21.75 pcu:755.00 scu:783.25 tlayer:3 pbqpoffset:2.88 pbfactor:1.39 avgQpOffsetCutree:-1.32;
in:189 out:191 type:b q:17.66 q-aq:17.71 q-noVbv:17.66 q-Rceq:1.08 tex:1461 mv:1284 misc:1095 icu:0.00 pcu:484.25 scu:1075.75 tlayer:4 pbqpoffset:5.84 pbfactor:1.96 avgQpOffsetCutree:0.00;
in:191 out:192 type:b q:17.69 q-aq:17.67 q-noVbv:17.69 q-Rceq:1.08 tex:1081 mv:1085 misc:1034 icu:5.00 pcu:528.00 scu:1027.00 tlayer:4 pbqpoffset:5.82 pbfactor:1.96 avgQpOffsetCutree:0.00;
in:208 out:193 type:k q:11.71 q-aq:6.44 q-noVbv:11.71 q-Rceq:1.08 tex:456570 mv:42151 misc:2831 icu:1165.75 pcu:390.75 scu:3.50 tlayer:0 pbqpoffset:-0.24 pbfactor:0.97 avgQpOffsetCutree:-5.42;
in:200 out:194 type:B q:12.91 q-aq:8.82 q-noVbv:12.91 q-Rceq:1.08 tex:185399 mv:33474 misc:3983 icu:562.75 pcu:893.75 scu:103.50 tlayer:1 pbqpoffset:1.11 pbfactor:1.14 avgQpOffsetCutree:-3.93;
in:196 out:195 type:B q:13.65 q-aq:10.73 q-noVbv:13.65 q-Rceq:1.08 tex:80840 mv:9998 misc:3938 icu:169.25 pcu:878.25 scu:512.50 tlayer:2 pbqpoffset:1.81 pbfactor:1.23 avgQpOffsetCutree:-2.72;
in:194 out:196 type:B q:14.68 q-aq:13.49 q-noVbv:14.68 q-Rceq:1.08 tex:13016 mv:3414 misc:1890 icu:10.50 pcu:634.75 scu:914.75 tlayer:3 pbqpoffset:2.81 pbfactor:1.38 avgQpOffsetCutree:-1.32;
in:193 out:197 type:b q:16.11 q-aq:16.05 q-noVbv:16.11 q-Rceq:1.08 tex:31529 mv:5019 misc:2220 icu:15.00 pcu:904.25 scu:640.75 tlayer:4 pbqpoffset:4.24 pbfactor:1.63 avgQpOffsetCutree:0.00;
in:195 out:198 type:b q:17.77 q-aq:18.00 q-noVbv:17.77 q-Rceq:1.08 tex:1589 mv:1669 misc:990 icu:0.00 pcu:484.75 scu:1075.25 tlayer:4 pbqpoffset:5.92 pbfactor:1.98 avgQpOffsetCutree:0.00;
in:198 out:199 type:B q:14.79 q-aq:13.52 q-noVbv:14.79 q-Rceq:1.08 tex:7712 mv:3172 misc:1996 icu:7.00 pcu:592.25 scu:960.75 tlayer:3 pbqpoffset:2.97 pbfactor:1.41 avgQpOffsetCutree:-1.38;
in:197 out:200 type:b q:17.39 q-aq:17.00 q-noVbv:17.39 q-Rceq:1.08 tex:3105 mv:2109 misc:1138 icu:8.00 pcu:599.25 scu:952.75 tlayer:4 pbqpoffset:5.56 pbfactor:1.90 avgQpOffsetCutree:0.00;
in:199 out:201 type:b q:17.66 q-aq:17.59 q-noVbv:17.66 q-Rceq:1.08 tex:1266 mv:1108 misc:986 icu:0.00 pcu:384.00 scu:1176.00 tlayer:4 pbqpoffset:5.85 pbfactor:1.97 avgQpOffsetCutree:0.00;
in:204 out:202 type:B q:13.66 q-aq:10.84 q-noVbv:13.66 q-Rceq:1.08 tex:31939 mv:7646 misc:3175 icu:194.75 pcu:685.75 scu:679.50 tlayer:2 pbqpoffset:1.91 pbfactor:1.25 avgQpOffsetCutree:-2.79;
in:202 out:203 type:B q:14.63 q-aq:13.53 q-noVbv:14.63 q-Rceq:1.08 tex:11530 mv:3896 misc:2070 icu:17.25 pcu:650.50 scu:892.25 tlayer:3 pbqpoffset:2.85 pbfactor:1.39 avgQpOffsetCutree:-1.36;
in:201 out:204 type:b q:17.70 q-aq:18.00 q-noVbv:17.70 q-Rceq:1.08 tex:402 mv:1142 misc:880 icu:0.00 pcu:451.00 scu:1109.00 tlayer:4 pbqpoffset:5.92 pbfactor:1.98 avgQpOffsetCutree:0.00;
in:203 out:205 type:b q:15.93 q-aq:16.00 q-noVbv:15.93 q-Rceq:1.08 tex:40942 mv:5454 misc:2380 icu:4.50 pcu:907.25 scu:648.25 tlayer:4 pbqpoffset:4.16 pbfactor:1.62 avgQpOffsetCutree:0.00;
in:206 out:206 type:B q:14.66 q-aq:13.48 q-noVbv:14.66 q-Rceq:1.08 tex:8153 mv:3527 misc:1840 icu:16.50 pcu:572.00 scu:971.50 tlayer:3 pbqpoffset:2.93 pbfactor:1.40 avgQpOffsetCutree:-1.39;
in:205 out:207 type:b q:17.61 q-aq:17.70 q-noVbv:17.61 q-Rceq:1.08 tex:1740 mv:1727 misc:1221 icu:12.25 pcu:419.50 scu:1128.25 tlayer:4 pbqpoffset:5.87 pbfactor:1.97 avgQpOffsetCutree:0.00;
in:207 out:208 type:b q:17.63 q-aq:17.84 q-noVbv:17.63 q-Rceq:1.08 tex:485 mv:1305 misc:978 icu:7.00 pcu:362.00 scu:1191.00 tlayer:4 pbqpoffset:5.91 pbfactor:1.98 avgQpOffsetCutree:0.00;
in:224 out:209 type:k q:12.07 q-aq:7.08 q-noVbv:12.07 q-Rceq:1.08 tex:496966 mv:43116 misc:2574 icu:1544.50 pcu:15.50 scu:0.00 tlayer:0 pbqpoffset:-0.63 pbfactor:0.93 avgQpOffsetCutree:-5.49;
in:216 out:210 type:B q:13.17 q-aq:9.68 q-noVbv:13.17 q-Rceq:1.08 tex:250701 mv:25598 misc:2925 icu:887.50 pcu:655.50 scu:17.00 tlayer:1 pbqpoffset:1.28 pbfactor:1.16 avgQpOffsetCutree:-3.62;
in:212 out:211 type:B q:14.82 q-aq:11.74 q-noVbv:14.82 q-Rceq:1.08 tex:27998 mv:5462 misc:2588 icu:175.25 pcu:539.25 scu:845.50 tlayer:2 pbqpoffset:3.02 pbfactor:1.42 avgQpOffsetCutree:-2.78;
in:210 out:212 type:B q:14.77 q-aq:13.99 q-noVbv:14.77 q-Rceq:1.08 tex:9201 mv:3217 misc:1774 icu:6.00 pcu:641.00 scu:913.00 tlayer:3 pbqpoffset:3.02 pbfactor:1.42 avgQpOffsetCutree:-1.37;
in:209 out:213 type:b q:17.69 q-aq:18.00 q-noVbv:17.69 q-Rceq:1.08 tex:1020 mv:1409 misc:955 icu:0.50 pcu:401.00 scu:1158.50 tlayer:4 pbqpoffset:5.96 pbfactor:1.99 avgQpOffsetCutree:0.00;
in:211 out:214 type:b q:17.79 q-aq:18.00 q-noVbv:17.79 q-Rceq:1.08 tex:25956 mv:3363 misc:2081 icu:2.00 pcu:726.00 scu:832.00 tlayer:4 pbqpoffset:6.01 pbfactor:2.00 avgQpOffsetCutree:0.00;
in:214 out:215 type:B q:14.86 q-aq:13.64 q-noVbv:14.86 q-Rceq:1.08 tex:44899 mv:5219 misc:2922 icu:20.75 pcu:934.25 scu:605.00 tlayer:3 pbqpoffset:3.02 pbfactor:1.42 avgQpOffsetCutree:-1.36;
in:213 out:216 type:b q:17.80 q-aq:18.00 q-noVbv:17.80 q-Rceq:1.08 tex:1946 mv:1580 misc:1090 icu:6.00 pcu:571.50 scu:982.50 tlayer:4 pbqpoffset:5.98 pbfactor:1.99 avgQpOffsetCutree:0.00;
in:215 out:217 type:b q:17.85 q-aq:18.00 q-noVbv:17.85 q-Rceq:1.08 tex:1908 mv:1696 misc:956 icu:22.00 pcu:477.50 scu:1060.50 tlayer:4 pbqpoffset:5.99 pbfactor:2.00 avgQpOffsetCutree:0.00;
in:220 out:218 type:B q:14.23 q-aq:11.72 q-noVbv:14.23 q-Rceq:1.08 tex:118251 mv:8243 misc:4258 icu:384.75 pcu:854.25 scu:321.00 tlayer:2 pbqpoffset:2.25 pbfactor:1.30 avgQpOffsetCutree:-2.60;
in:218 out:219 type:B q:14.95 q-aq:14.02 q-noVbv:14.95 q-Rceq:1.08 tex:53508 mv:4943 misc:3429 icu:57.75 pcu:1055.50 scu:446.75 tlayer:3 pbqpoffset:3.02 pbfactor:1.42 avgQpOffsetCutree:-1.31;
in:217 out:220 type:b q:17.90 q-aq:18.00 q-noVbv:17.90 q-Rceq:1.08 tex:729 mv:1422 misc:1113 icu:4.25 pcu:462.75 scu:1093.00 tlayer:4 pbqpoffset:5.99 pbfactor:2.00 avgQpOffsetCutree:0.00;
in:219 out:221 type:b q:17.95 q-aq:18.00 q-noVbv:17.95 q-Rceq:1.08 tex:2168 mv:1275 misc:1053 icu:8.00 pcu:461.25 scu:1090.75 tlayer:4 pbqpoffset:5.99 pbfactor:2.00 avgQpOffsetCutree:0.00;
in:222 out:222 type:B q:15.04 q-aq:13.99 q-noVbv:15.04 q-Rceq:1.08 tex:37167 mv:5245 misc:3036 icu:102.50 pcu:810.25 scu:647.25 tlayer:3 pbqpoffset:3.02 pbfactor:1.42 avgQpOffsetCutree:-1.36;
in:221 out:223 type:b q:18.02 q-aq:18.00 q-noVbv:18.02 q-Rceq:1.08 tex:23686 mv:2484 misc:2390 icu:7.25 pcu:678.25 scu:874.50 tlayer:4 pbqpoffset:6.01 pbfactor:2.00 avgQpOffsetCutree:0.00;
in:223 out:224 type:b q:18.01 q-aq:18.00 q-noVbv:18.01 q-Rceq:1.08 tex:688 mv:1230 misc:1250 icu:5.00 pcu:482.00 scu:1073.00 tlayer:4 pbqpoffset:5.96 pbfactor:1.99 avgQpOffsetCutree:0.00;
in:240 out:225 type:k q:11.90 q-aq:7.11 q-noVbv:11.90 q-Rceq:1.08 tex:482804 mv:40468 misc:2744 icu:1194.25 pcu:365.75 scu:0.00 tlayer:0 pbqpoffset:-0.13 pbfactor:0.98 avgQpOffsetCutree:-5.09;
in:232 out:226 type:B q:13.19 q-aq:9.24 q-noVbv:13.19 q-Rceq:1.08 tex:212110 mv:30477 misc:3301 icu:669.25 pcu:827.75 scu:63.00 tlayer:1 pbqpoffset:1.20 pbfactor:1.15 avgQpOffsetCutree:-3.80;
in:228 out:227 type:B q:14.42 q-aq:11.54 q-noVbv:14.42 q-Rceq:1.08 tex:36997 mv:9845 misc:3662 icu:289.50 pcu:1012.00 scu:258.50 tlayer:2 pbqpoffset:2.39 pbfactor:1.32 avgQpOffsetCutree:-2.68;
in:226 out:228 type:B q:15.07 q-aq:14.06 q-noVbv:15.07 q-Rceq:1.08 tex:13564 mv:3332 misc:1824 icu:40.00 pcu:544.50 scu:975.50 tlayer:3 pbqpoffset:3.02 pbfactor:1.42 avgQpOffsetCutree:-1.35;
in:225 out:229 type:b q:18.07 q-aq:18.00 q-noVbv:18.07 q-Rceq:1.08 tex:1545 mv:1388 misc:1059 icu:16.00 pcu:391.00 scu:1153.00 tlayer:4 pbqpoffset:6.01 pbfactor:2.00 avgQpOffsetCutree:0.00;
in:227 out:230 type:b q:18.04 q-aq:18.00 q-noVbv:18.04 q-Rceq:1.08 tex:691 mv:2015 misc:1030 icu:8.00 pcu:412.50 scu:1139.50 tlayer:4 pbqpoffset:6.00 pbfactor:2.00 avgQpOffsetCutree:0.00;
in:230 out:231 type:B q:14.50 q-aq:13.48 q-noVbv:14.50 q-Rceq:1.08 tex:51805 mv:6318 misc:2933 icu:63.75 pcu:806.50 scu:689.75 tlayer:3 pbqpoffset:2.49 pbfactor:1.33 avgQpOffsetCutree:-1.31;
in:229 out:232 type:b q:18.03 q-aq:18.00 q-noVbv:18.03 q-Rceq:1.08 tex:941 mv:2123 misc:1048 icu:9.25 pcu:504.75 scu:1046.00 tlayer:4 pbqpoffset:6.02 pbfactor:2.00 avgQpOffsetCutree:0.00;
in:231 out:233 type:b q:17.32 q-aq:17.00 q-noVbv:17.32 q-Rceq:1.08 tex:3060 mv:2090 misc:1210 icu:10.25 pcu:481.25 scu:1068.50 tlayer:4 pbqpoffset:5.33 pbfactor:1.85 avgQpOffsetCutree:0.00;
in:236 out:234 type:B q:14.13 q-aq:11.38 q-noVbv:14.13 q-Rceq:1.08 tex:36983 mv:9644 misc:3493 icu:243.75 pcu:1018.75 scu:297.50 tlayer:2 pbqpoffset:2.18 pbfactor:1.29 avgQpOffsetCutree:-2.63;
in:234 out:235 type:B q:14.52 q-aq:13.33 q-noVbv:14.52 q-Rceq:1.08 tex:49834 mv:4612 misc:2634 icu:33.75 pcu:825.75 scu:700.50 tlayer:3 pbqpoffset:2.56 pbfactor:1.34 avgQpOffsetCutree:-1.34;
in:233 out:236 type:b q:18.01 q-aq:18.00 q-noVbv:18.01 q-Rceq:1.08 tex:229 mv:1586 misc:929 icu:12.00 pcu:416.25 scu:1131.75 tlayer:4 pbqpoffset:6.03 pbfactor:2.01 avgQpOffsetCutree:0.00;
in:235 out:237 type:b q:17.96 q-aq:18.00 q-noVbv:17.96 q-Rceq:1.08 tex:194 mv:1468 misc:882 icu:0.00 pcu:370.25 scu:1189.75 tlayer:4 pbqpoffset:6.01 pbfactor:2.00 avgQpOffsetCutree:0.00;
in:238 out:238 type:B q:14.45 q-aq:13.39 q-noVbv:14.45 q-Rceq:1.08 tex:49097 mv:4574 misc:2841 icu:27.75 pcu:850.25 scu:682.00 tlayer:3 pbqpoffset:2.53 pbfactor:1.34 avgQpOffsetCutree:-1.30;
in:237 out:239 type:b q:17.96 q-aq:18.00 q-noVbv:17.96 q-Rceq:1.08 tex:338 mv:1467 misc:899 icu:12.00 pcu:368.00 scu:1180.00 tlayer:4 pbqpoffset:6.02 pbfactor:2.01 avgQpOffsetCutree:0.00;
in:239 out:240 type:b q:17.87 q-aq:18.00 q-noVbv:17.87 q-Rceq:1.08 tex:1164 mv:1115 misc:921 icu:1.00 pcu:353.00 scu:1206.00 tlayer:4 pbqpoffset:5.96 pbfactor:1.99 avgQpOffsetCutree:0.00;
in:256 out:241 type:k q:13.00 q-aq:8.26 q-noVbv:13.00 q-Rceq:1.08 tex:500409 mv:41624 misc:2343 icu:1539.25 pcu:20.75 scu:0.00 tlayer:0 pbqpoffset:-0.58 pbfactor:0.94 avgQpOffsetCutree:-5.44;
in:248 out:242 type:B q:14.12 q-aq:10.98 q-noVbv:14.12 q-Rceq:1.08 tex:235595 mv:23171 misc:3050 icu:788.25 pcu:726.50 scu:45.25 tlayer:1 pbqpoffset:1.67 pbfactor:1.21 avgQpOffsetCutree:-3.42;
in:244 out:243 type:B q:15.33 q-aq:12.55 q-noVbv:15.33 q-Rceq:1.08 tex:38882 mv:7279 misc:2847 icu:241.00 pcu:775.25 scu:543.75 tlayer:2 pbqpoffset:3.15 pbfactor:1.44 avgQpOffsetCutree:-2.63;
in:242 out:244 type:B q:15.19 q-aq:14.28 q-noVbv:15.19 q-Rceq:1.08 tex:42725 mv:4130 misc:2753 icu:32.50 pcu:814.00 scu:713.50 tlayer:3 pbqpoffset:3.15 pbfactor:1.44 avgQpOffsetCutree:-1.26;
in:241 out:245 type:b q:18.12 q-aq:18.00 q-noVbv:18.12 q-Rceq:1.08 tex:1421 mv:1281 misc:898 icu:19.00 pcu:389.50 scu:1151.50 tlayer:4 pbqpoffset:6.15 pbfactor:2.04 avgQpOffsetCutree:0.00;
in:243 out:246 type:b q:18.24 q-aq:18.00 q-noVbv:18.24 q-Rceq:1.08 tex:229 mv:1224 misc:843 icu:4.00 pcu:354.00 scu:1202.00 tlayer:4 pbqpoffset:6.13 pbfactor:2.03 avgQpOffsetCutree:0.00;
in:246 out:247 type:B q:15.47 q-aq:14.58 q-noVbv:15.47 q-Rceq:1.08 tex:48684 mv:7041 misc:2947 icu:113.75 pcu:1062.75 scu:383.50 tlayer:3 pbqpoffset:3.15 pbfactor:1.44 avgQpOffsetCutree:-1.29;
in:245 out:248 type:b q:18.37 q-aq:18.00 q-noVbv:18.37 q-Rceq:1.08 tex:2062 mv:1589 misc:1085 icu:0.25 pcu:467.25 scu:1092.50 tlayer:4 pbqpoffset:6.12 pbfactor:2.03 avgQpOffsetCutree:0.00;
in:247 out:249 type:b q:18.52 q-aq:18.25 q-noVbv:18.52 q-Rceq:1.08 tex:2170 mv:1666 misc:1124 icu:12.00 pcu:537.50 scu:1010.50 tlayer:4 pbqpoffset:6.14 pbfactor:2.03 avgQpOffsetCutree:0.00;
in:252 out:250 type:B q:15.39 q-aq:12.90 q-noVbv:15.39 q-Rceq:1.08 tex:121626 mv:7677 misc:3433 icu:308.00 pcu:1186.25 scu:65.75 tlayer:2 pbqpoffset:2.67 pbfactor:1.36 avgQpOffsetCutree:-2.66;
in:250 out:251 type:B q:15.74 q-aq:14.89 q-noVbv:15.74 q-Rceq:1.08 tex:35410 mv:4442 misc:3052 icu:61.50 pcu:949.75 scu:548.75 tlayer:3 pbqpoffset:3.15 pbfactor:1.44 avgQpOffsetCutree:-1.30;
in:249 out:252 type:b q:18.62 q-aq:19.00 q-noVbv:18.62 q-Rceq:1.08 tex:296 mv:1031 misc:1001 icu:28.00 pcu:263.00 scu:1269.00 tlayer:4 pbqpoffset:6.10 pbfactor:2.02 avgQpOffsetCutree:0.00;
in:251 out:253 type:b q:18.79 q-aq:19.00 q-noVbv:18.79 q-Rceq:1.08 tex:1783 mv:1119 misc:1050 icu:18.00 pcu:385.50 scu:1156.50 tlayer:4 pbqpoffset:6.13 pbfactor:2.03 avgQpOffsetCutree:0.00;
in:254 out:254 type:B q:16.02 q-aq:15.45 q-noVbv:16.02 q-Rceq:1.08 tex:44499 mv:4231 misc:3390 icu:95.50 pcu:816.25 scu:648.25 tlayer:3 pbqpoffset:3.15 pbfactor:1.44 avgQpOffsetCutree:-1.18;
in:253 out:255 type:b q:18.93 q-aq:19.00 q-noVbv:18.93 q-Rceq:1.08 tex:2689 mv:1983 misc:1216 icu:52.25 pcu:483.50 scu:1024.25 tlayer:4 pbqpoffset:6.13 pbfactor:2.03 avgQpOffsetCutree:0.00;
in:255 out:256 type:b q:19.07 q-aq:19.00 q-noVbv:19.07 q-Rceq:1.08 tex:3286 mv:1401 misc:1201 icu:24.00 pcu:470.50 scu:1065.50 tlayer:4 pbqpoffset:6.14 pbfactor:2.03 avgQpOffsetCutree:0.00;
in:272 out:257 type:k q:12.32 q-aq:7.88 q-noVbv:12.32 q-Rceq:1.08 tex:558194 mv:45834 misc:2660 icu:1163.25 pcu:396.25 scu:0.50 tlayer:0 pbqpoffset:-0.14 pbfactor:0.98 avgQpOffsetCutree:-5.10;
in:264 out:258 type:B q:14.09 q-aq:10.30 q-noVbv:14.09 q-Rceq:1.08 tex:212806 mv:25605 misc:3085 icu:688.50 pcu:836.00 scu:35.50 tlayer:1 pbqpoffset:1.43 pbfactor:1.18 avgQpOffsetCutree:-3.91;
in:260 out:259 type:B q:15.39 q-aq:12.60 q-noVbv:15.39 q-Rceq:1.08 tex:73795 mv:6475 misc:3354 icu:173.25 pcu:865.25 scu:521.50 tlayer:2 pbqpoffset:2.56 pbfactor:1.34 avgQpOffsetCutree:-2.74;
in:258 out:260 type:B q:16.20 q-aq:15.02 q-noVbv:16.20 q-Rceq:1.08 tex:35424 mv:2693 misc:2603 icu:60.50 pcu:620.25 scu:879.25 tlayer:3 pbqpoffset:3.29 pbfactor:1.46 avgQpOffsetCutree:-1.37;
in:257 out:261 type:b q:19.19 q-aq:19.00 q-noVbv:19.19 q-Rceq:1.08 tex:784 mv:1236 misc:900 icu:5.00 pcu:336.25 scu:1218.75 tlayer:4 pbqpoffset:6.24 pbfactor:2.06 avgQpOffsetCutree:0.00;
in:259 out:262 type:b q:19.11 q-aq:19.00 q-noVbv:19.11 q-Rceq:1.08 tex:1132 mv:1743 misc:941 icu:12.00 pcu:420.50 scu:1127.50 tlayer:4 pbqpoffset:6.24 pbfactor:2.06 avgQpOffsetCutree:0.00;
in:262 out:263 type:B q:16.03 q-aq:14.92 q-noVbv:16.03 q-Rceq:1.08 tex:41426 mv:4670 misc:2784 icu:58.25 pcu:793.50 scu:708.25 tlayer:3 pbqpoffset:3.29 pbfactor:1.46 avgQpOffsetCutree:-1.47;
in:261 out:264 type:b q:19.03 q-aq:19.00 q-noVbv:19.03 q-Rceq:1.08 tex:665 mv:1603 misc:836 icu:29.00 pcu:423.00 scu:1108.00 tlayer:4 pbqpoffset:6.24 pbfactor:2.06 avgQpOffsetCutree:0.00;
in:263 out:265 type:b q:18.94 q-aq:19.00 q-noVbv:18.94 q-Rceq:1.08 tex:970 mv:1317 misc:793 icu:21.00 pcu:377.25 scu:1161.75 tlayer:4 pbqpoffset:6.24 pbfactor:2.06 avgQpOffsetCutree:0.00;
in:268 out:266 type:B q:14.98 q-aq:12.33 q-noVbv:14.98 q-Rceq:1.08 tex:77727 mv:6851 misc:3854 icu:171.00 pcu:826.25 scu:562.75 tlayer:2 pbqpoffset:2.49 pbfactor:1.33 avgQpOffsetCutree:-2.58;
in:266 out:267 type:B q:15.84 q-aq:14.91 q-noVbv:15.84 q-Rceq:1.08 tex:7021 mv:2191 misc:1588 icu:55.25 pcu:530.00 scu:974.75 tlayer:3 pbqpoffset:3.26 pbfactor:1.46 avgQpOffsetCutree:-1.26;
in:265 out:268 type:b q:17.58 q-aq:17.48 q-noVbv:17.58 q-Rceq:1.08 tex:20183 mv:4660 misc:1933 icu:61.25 pcu:845.50 scu:653.25 tlayer:4 pbqpoffset:4.96 pbfactor:1.77 avgQpOffsetCutree:0.00;
in:267 out:269 type:b q:18.82 q-aq:19.00 q-noVbv:18.82 q-Rceq:1.08 tex:3771 mv:1874 misc:1211 icu:37.75 pcu:427.25 scu:1095.00 tlayer:4 pbqpoffset:6.29 pbfactor:2.07 avgQpOffsetCutree:0.00;
in:270 out:270 type:B q:15.70 q-aq:14.81 q-noVbv:15.70 q-Rceq:1.08 tex:10752 mv:2928 misc:1648 icu:92.25 pcu:500.25 scu:967.50 tlayer:3 pbqpoffset:3.29 pbfactor:1.46 avgQpOffsetCutree:-1.40;
in:269 out:271 type:b q:18.70 q-aq:19.00 q-noVbv:18.70 q-Rceq:1.08 tex:1787 mv:1683 misc:1098 icu:17.00 pcu:429.75 scu:1113.25 tlayer:4 pbqpoffset:6.25 pbfactor:2.06 avgQpOffsetCutree:0.00;
in:271 out:272 type:b q:18.63 q-aq:18.99 q-noVbv:18.63 q-Rceq:1.08 tex:1775 mv:1186 misc:919 icu:9.00 pcu:341.00 scu:1210.00 tlayer:4 pbqpoffset:6.27 pbfactor:2.06 avgQpOffsetCutree:0.00;
in:288 out:273 type:k q:13.54 q-aq:9.36 q-noVbv:13.54 q-Rceq:1.08 tex:491049 mv:41904 misc:2471 icu:1539.00 pcu:21.00 scu:0.00 tlayer:0 pbqpoffset:-0.40 pbfactor:0.96 avgQpOffsetCutree:-4.98;
in:280 out:274 type:B q:14.92 q-aq:11.93 q-noVbv:14.92 q-Rceq:1.08 tex:247918 mv:23608 misc:3074 icu:903.25 pcu:634.25 scu:22.50 tlayer:1 pbqpoffset:1.98 pbfactor:1.26 avgQpOffsetCutree:-3.39;
in:276 out:275 type:B q:16.00 q-aq:13.43 q-noVbv:16.00 q-Rceq:1.08 tex:76239 mv:8225 misc:3688 icu:316.75 pcu:926.75 scu:316.50 tlayer:2 pbqpoffset:3.37 pbfactor:1.48 avgQpOffsetCutree:-2.66;
in:274 out:276 type:B q:15.85 q-aq:14.70 q-noVbv:15.85 q-Rceq:1.08 tex:18607 mv:3986 misc:2207 icu:97.50 pcu:604.25 scu:858.25 tlayer:3 pbqpoffset:3.37 pbfactor:1.48 avgQpOffsetCutree:-1.37;
in:273 out:277 type:b q:18.76 q-aq:19.00 q-noVbv:18.76 q-Rceq:1.08 tex:2378 mv:1325 misc:913 icu:4.00 pcu:546.25 scu:1009.75 tlayer:4 pbqpoffset:6.36 pbfactor:2.09 avgQpOffsetCutree:0.00;
in:275 out:278 type:b q:18.81 q-aq:19.00 q-noVbv:18.81 q-Rceq:1.08 tex:125 mv:1100 misc:799 icu:13.00 pcu:340.00 scu:1207.00 tlayer:4 pbqpoffset:6.25 pbfactor:2.06 avgQpOffsetCutree:0.00;
in:278 out:279 type:B q:16.15 q-aq:15.21 q-noVbv:16.15 q-Rceq:1.08 tex:8863 mv:1646 misc:1771 icu:68.00 pcu:382.00 scu:1110.00 tlayer:3 pbqpoffset:3.37 pbfactor:1.48 avgQpOffsetCutree:-1.32;
in:277 out:280 type:b q:19.03 q-aq:19.00 q-noVbv:19.03 q-Rceq:1.08 tex:826 mv:1324 misc:986 icu:37.00 pcu:302.00 scu:1221.00 tlayer:4 pbqpoffset:6.33 pbfactor:2.08 avgQpOffsetCutree:0.00;
in:279 out:281 type:b q:19.13 q-aq:19.00 q-noVbv:19.13 q-Rceq:1.08 tex:466 mv:986 misc:940 icu:36.00 pcu:239.25 scu:1284.75 tlayer:4 pbqpoffset:6.28 pbfactor:2.06 avgQpOffsetCutree:0.00;
in:284 out:282 type:B q:16.13 q-aq:13.47 q-noVbv:16.13 q-Rceq:1.08 tex:146074 mv:8641 misc:3733 icu:465.50 pcu:903.25 scu:191.25 tlayer:2 pbqpoffset:2.89 pbfactor:1.40 avgQpOffsetCutree:-2.83;
in:282 out:283 type:B q:16.46 q-aq:15.53 q-noVbv:16.46 q-Rceq:1.08 tex:18917 mv:3987 misc:2320 icu:78.75 pcu:834.00 scu:647.25 tlayer:3 pbqpoffset:3.37 pbfactor:1.48 avgQpOffsetCutree:-1.39;
in:281 out:284 type:b q:19.38 q-aq:19.00 q-noVbv:19.38 q-Rceq:1.08 tex:8095 mv:2449 misc:1576 icu:23.75 pcu:652.50 scu:883.75 tlayer:4 pbqpoffset:6.37 pbfactor:2.09 avgQpOffsetCutree:0.00;
in:283 out:285 type:b q:19.53 q-aq:19.86 q-noVbv:19.53 q-Rceq:1.08 tex:1637 mv:634 misc:633 icu:8.00 pcu:278.75 scu:1273.25 tlayer:4 pbqpoffset:6.37 pbfactor:2.09 avgQpOffsetCutree:0.00;
in:286 out:286 type:B q:16.76 q-aq:15.79 q-noVbv:16.76 q-Rceq:1.08 tex:10351 mv:2368 misc:2177 icu:110.00 pcu:557.00 scu:893.00 tlayer:3 pbqpoffset:3.37 pbfactor:1.48 avgQpOffsetCutree:-1.44;
in:285 out:287 type:b q:19.68 q-aq:19.99 q-noVbv:19.68 q-Rceq:1.08 tex:19976 mv:2183 misc:2257 icu:32.00 pcu:670.75 scu:857.25 tlayer:4 pbqpoffset:6.37 pbfactor:2.09 avgQpOffsetCutree:0.00;
in:287 out:288 type:b q:19.84 q-aq:20.00 q-noVbv:19.84 q-Rceq:1.08 tex:11303 mv:2534 misc:1315 icu:49.75 pcu:695.00 scu:815.25 tlayer:4 pbqpoffset:6.37 pbfactor:2.09 avgQpOffsetCutree:0.00;
in:299 out:289 type:k q:11.80 q-aq:8.52 q-noVbv:11.80 q-Rceq:1.08 tex:434496 mv:35017 misc:2759 icu:934.25 pcu:623.75 scu:2.00 tlayer:0 pbqpoffset:0.07 pbfactor:1.01 avgQpOffsetCutree:-3.57;
in:294 out:290 type:B q:13.96 q-aq:10.65 q-noVbv:13.96 q-Rceq:1.08 tex:175050 mv:21960 misc:4334 icu:406.25 pcu:990.50 scu:163.25 tlayer:1 pbqpoffset:1.36 pbfactor:1.17 avgQpOffsetCutree:-3.18;
in:291 out:291 type:B q:15.27 q-aq:13.05 q-noVbv:15.27 q-Rceq:1.08 tex:63605 mv:7946 misc:4017 icu:154.50 pcu:760.50 scu:645.00 tlayer:2 pbqpoffset:2.20 pbfactor:1.29 avgQpOffsetCutree:-2.15;
in:290 out:292 type:B q:15.91 q-aq:15.56 q-noVbv:15.91 q-Rceq:1.08 tex:36963 mv:6319 misc:2942 icu:9.75 pcu:816.75 scu:733.50 tlayer:3 pbqpoffset:2.69 pbfactor:1.36 avgQpOffsetCutree:-0.79;
in:289 out:293 type:b q:19.15 q-aq:19.00 q-noVbv:19.15 q-Rceq:1.08 tex:363 mv:1265 misc:868 icu:9.00 pcu:366.00 scu:1185.00 tlayer:4 pbqpoffset:5.77 pbfactor:1.95 avgQpOffsetCutree:0.00;
in:293 out:294 type:B q:15.98 q-aq:16.08 q-noVbv:15.98 q-Rceq:1.08 tex:25030 mv:5831 misc:2763 icu:33.00 pcu:756.25 scu:770.75 tlayer:3 pbqpoffset:3.23 pbfactor:1.45 avgQpOffsetCutree:-0.68;
in:292 out:295 type:b q:17.41 q-aq:17.00 q-noVbv:17.41 q-Rceq:1.08 tex:23686 mv:7426 misc:2872 icu:53.00 pcu:855.50 scu:651.50 tlayer:4 pbqpoffset:4.51 pbfactor:1.68 avgQpOffsetCutree:0.00;
in:297 out:296 type:B q:14.97 q-aq:13.75 q-noVbv:14.97 q-Rceq:1.08 tex:50983 mv:8063 misc:3298 icu:7.50 pcu:902.25 scu:650.25 tlayer:2 pbqpoffset:2.85 pbfactor:1.39 avgQpOffsetCutree:-1.44;
in:296 out:297 type:B q:15.08 q-aq:14.88 q-noVbv:15.08 q-Rceq:1.08 tex:50684 mv:10891 misc:3393 icu:32.50 pcu:940.00 scu:587.50 tlayer:3 pbqpoffset:2.80 pbfactor:1.38 avgQpOffsetCutree:-0.79;
in:295 out:298 type:b q:18.16 q-aq:18.00 q-noVbv:18.16 q-Rceq:1.08 tex:480 mv:1844 misc:876 icu:32.00 pcu:403.00 scu:1125.00 tlayer:4 pbqpoffset:5.72 pbfactor:1.94 avgQpOffsetCutree:0.00;
in:298 out:299 type:b q:17.25 q-aq:17.00 q-noVbv:17.25 q-Rceq:1.08 tex:12 mv:159 misc:253 icu:0.00 pcu:68.00 scu:1492.00 tlayer:3 pbqpoffset:5.29 pbfactor:1.84 avgQpOffsetCutree:0.00;
