#options: cpuid=1050111 frame-threads=1 no-wpp no-pmode no-pme psnr no-ssim log-level=2 bitdepth=8 input-csp=1 fps=25000/1000 input-res=832x480 interlace=0 total-frames=250 level-idc=0 high-tier=1 uhd-bd=0 ref=4 no-allow-non-conformance no-repeat-headers annexb no-aud no-hrd info hash=0 no-temporal-layers open-gop min-keyint=1 keyint=5000 bframes=15 b-adapt=2 b-pyramid bframe-bias=0 rc-lookahead=40 lookahead-slices=0 scenecut=40 no-intra-refresh ctu=64 min-cu-size=8 rect amp max-tu-size=32 tu-inter-depth=3 tu-intra-depth=3 limit-tu=4 rdoq-level=2 dynamic-rd=0.00 no-ssim-rd signhide no-tskip nr-intra=0 nr-inter=0 no-constrained-intra strong-intra-smoothing max-merge=4 limit-refs=1 limit-modes me=3 subme=4 merange=57 temporal-mvp weightp weightb no-analyze-src-pics deblock=0:0 sao no-sao-non-deblock rd=6 no-early-skip rskip no-fast-intra no-tskip-fast no-cu-lossless b-intra rdpenalty=0 psy-rd=0.00 psy-rdoq=0.00 no-rd-refine analysis-reuse-mode=0 no-lossless cbqpoffs=0 crqpoffs=0 rc=abr bitrate=2000 qcomp=0.60 qpstep=4 stats-write=1 stats-read=0 slow-firstpass ipratio=1.40 pbratio=1.30 aq-mode=1 aq-strength=0.00 cutree zone-count=0 no-strict-cbr qg-size=64 no-rc-grain qpmax=69 qpmin=0 no-const-vbv sar=0 overscan=0 videoformat=5 range=0 colorprim=2 transfer=2 colormatrix=2 chromaloc=0 display-window=0 max-cll=0,0 min-luma=0 max-luma=255 log2-max-poc-lsb=8 vui-timing-info vui-hrd-info slices=1 opt-qp-pps opt-ref-list-length-pps no-multi-pass-opt-rps scenecut-bias=0.05 no-opt-cu-delta-qp no-aq-motion no-hdr no-hdr-opt no-dhdr10-opt analysis-reuse-level=5 scale-factor=0 refine-intra=0 refine-inter=0 refine-mv=0 no-limit-sao ctu-info=0 max-tlayer=4
in:0 out:0 type:I q:18.95 q-aq:9.69 q-noVbv:18.95 q-Rceq:1.00 tex:527409 mv:31948 misc:2987 icu:1560.00 pcu:0.00 scu:0.00 tlayer:0 pbqpoffset:0.00 pbfactor:1.00 avgQpOffsetCutree:-8.09;
in:16 out:1 type:k q:21.86 q-aq:13.16 q-noVbv:21.86 q-Rceq:1.00 tex:155290 mv:17085 misc:4105 icu:41.50 pcu:1366.50 scu:152.00 tlayer:0 pbqpoffset:0.00 pbfactor:1.00 avgQpOffsetCutree:-7.70;
in:8 out:2 type:B q:23.67 q-aq:17.22 q-noVbv:23.67 q-Rceq:1.00 tex:36376 mv:7225 misc:2639 icu:1.25 pcu:1198.50 scu:360.25 tlayer:1 pbqpoffset:1.80 pbfactor:1.23 avgQpOffsetCutree:-4.89;
in:4 out:3 type:B q:24.45 q-aq:19.00 q-noVbv:24.45 q-Rceq:1.00 tex:85 mv:479 misc:628 icu:0.00 pcu:228.75 scu:1331.25 tlayer:2 pbqpoffset:2.58 pbfactor:1.35 avgQpOffsetCutree:-3.58;
in:2 out:4 type:B q:24.64 q-aq:25.00 q-noVbv:24.64 q-Rceq:1.00 tex:8 mv:200 misc:208 icu:0.00 pcu:152.00 scu:1408.00 tlayer:3 pbqpoffset:2.77 pbfactor:1.38 avgQpOffsetCutree:-1.73;
in:1 out:5 type:b q:24.80 q-aq:25.00 q-noVbv:24.80 q-Rceq:1.00 tex:1 mv:102 misc:161 icu:0.00 pcu:32.00 scu:1528.00 tlayer:4 pbqpoffset:2.94 pbfactor:1.40 avgQpOffsetCutree:0.00;
in:3 out:6 type:b q:27.83 q-aq:28.00 q-noVbv:27.83 q-Rceq:1.00 tex:8 mv:259 misc:333 icu:0.00 pcu:173.00 scu:1387.00 tlayer:4 pbqpoffset:5.97 pbfactor:1.99 avgQpOffsetCutree:0.00;
in:6 out:7 type:B q:24.29 q-aq:24.00 q-noVbv:24.29 q-Rceq:1.00 tex:7 mv:162 misc:223 icu:0.00 pcu:104.00 scu:1456.00 tlayer:3 pbqpoffset:2.43 pbfactor:1.32 avgQpOffsetCutree:-1.89;
in:5 out:8 type:b q:25.43 q-aq:25.00 q-noVbv:25.43 q-Rceq:1.00 tex:5 mv:174 misc:229 icu:0.00 pcu:112.00 scu:1448.00 tlayer:4 pbqpoffset:3.56 pbfactor:1.51 avgQpOffsetCutree:0.00;
in:7 out:9 type:b q:25.80 q-aq:26.00 q-noVbv:25.80 q-Rceq:1.00 tex:5 mv:170 misc:209 icu:0.00 pcu:100.00 scu:1460.00 tlayer:4 pbqpoffset:3.93 pbfactor:1.58 avgQpOffsetCutree:0.00;
in:12 out:10 type:B q:23.97 q-aq:20.85 q-noVbv:23.97 q-Rceq:1.00 tex:625 mv:797 misc:522 icu:0.00 pcu:371.00 scu:1189.00 tlayer:2 pbqpoffset:2.10 pbfactor:1.27 avgQpOffsetCutree:-3.83;
in:10 out:11 type:B q:24.47 q-aq:24.00 q-noVbv:24.47 q-Rceq:1.00 tex:13 mv:438 misc:269 icu:0.00 pcu:321.00 scu:1239.00 tlayer:3 pbqpoffset:2.61 pbfactor:1.35 avgQpOffsetCutree:-1.28;
in:9 out:12 type:b q:25.78 q-aq:26.00 q-noVbv:25.78 q-Rceq:1.00 tex:95 mv:391 misc:282 icu:0.00 pcu:188.00 scu:1372.00 tlayer:4 pbqpoffset:3.92 pbfactor:1.57 avgQpOffsetCutree:0.00;
in:11 out:13 type:b q:25.58 q-aq:26.00 q-noVbv:25.58 q-Rceq:1.00 tex:437 mv:360 misc:323 icu:0.00 pcu:236.00 scu:1324.00 tlayer:4 pbqpoffset:3.72 pbfactor:1.54 avgQpOffsetCutree:0.00;
in:14 out:14 type:B q:24.40 q-aq:23.69 q-noVbv:24.40 q-Rceq:1.00 tex:152 mv:75 misc:205 icu:0.00 pcu:37.00 scu:1523.00 tlayer:3 pbqpoffset:2.54 pbfactor:1.34 avgQpOffsetCutree:-1.57;
in:13 out:15 type:b q:25.15 q-aq:25.00 q-noVbv:25.15 q-Rceq:1.00 tex:3 mv:78 misc:175 icu:0.00 pcu:48.00 scu:1512.00 tlayer:4 pbqpoffset:3.29 pbfactor:1.46 avgQpOffsetCutree:0.00;
in:15 out:16 type:b q:24.80 q-aq:25.00 q-noVbv:24.80 q-Rceq:1.00 tex:4 mv:117 misc:199 icu:0.00 pcu:84.00 scu:1476.00 tlayer:4 pbqpoffset:2.94 pbfactor:1.40 avgQpOffsetCutree:0.00;
in:32 out:17 type:k q:17.86 q-aq:10.63 q-noVbv:17.86 q-Rceq:1.00 tex:473336 mv:36055 misc:3105 icu:1500.50 pcu:59.50 scu:0.00 tlayer:0 pbqpoffset:0.00 pbfactor:1.00 avgQpOffsetCutree:-7.89;
in:24 out:18 type:B q:22.70 q-aq:16.37 q-noVbv:22.70 q-Rceq:1.00 tex:55274 mv:5239 misc:3551 icu:18.50 pcu:967.75 scu:573.75 tlayer:1 pbqpoffset:2.83 pbfactor:1.39 avgQpOffsetCutree:-4.90;
in:20 out:19 type:B q:24.12 q-aq:22.51 q-noVbv:24.12 q-Rceq:1.00 tex:2273 mv:1170 misc:861 icu:0.00 pcu:479.50 scu:1080.50 tlayer:2 pbqpoffset:3.26 pbfactor:1.46 avgQpOffsetCutree:-3.56;
in:18 out:20 type:B q:24.62 q-aq:24.27 q-noVbv:24.62 q-Rceq:1.00 tex:287 mv:295 misc:338 icu:0.00 pcu:154.00 scu:1406.00 tlayer:3 pbqpoffset:3.26 pbfactor:1.46 avgQpOffsetCutree:-1.84;
in:17 out:21 type:b q:27.87 q-aq:28.00 q-noVbv:27.87 q-Rceq:1.00 tex:1 mv:46 misc:185 icu:0.00 pcu:32.00 scu:1528.00 tlayer:4 pbqpoffset:6.26 pbfactor:2.06 avgQpOffsetCutree:0.00;
in:19 out:22 type:b q:27.37 q-aq:27.00 q-noVbv:27.37 q-Rceq:1.00 tex:68 mv:166 misc:230 icu:0.00 pcu:60.00 scu:1500.00 tlayer:4 pbqpoffset:6.26 pbfactor:2.06 avgQpOffsetCutree:0.00;
in:22 out:23 type:B q:23.62 q-aq:23.17 q-noVbv:23.62 q-Rceq:1.00 tex:187 mv:541 misc:352 icu:0.00 pcu:336.25 scu:1223.75 tlayer:3 pbqpoffset:3.26 pbfactor:1.46 avgQpOffsetCutree:-1.68;
in:21 out:24 type:b q:26.87 q-aq:27.00 q-noVbv:26.87 q-Rceq:1.00 tex:10 mv:82 misc:188 icu:0.00 pcu:52.00 scu:1508.00 tlayer:4 pbqpoffset:6.26 pbfactor:2.06 avgQpOffsetCutree:0.00;
in:23 out:25 type:b q:26.37 q-aq:26.00 q-noVbv:26.37 q-Rceq:1.00 tex:3 mv:81 misc:188 icu:0.00 pcu:48.00 scu:1512.00 tlayer:4 pbqpoffset:6.26 pbfactor:2.06 avgQpOffsetCutree:0.00;
in:28 out:26 type:B q:22.12 q-aq:17.18 q-noVbv:22.12 q-Rceq:1.00 tex:31924 mv:1683 misc:2961 icu:24.00 pcu:581.75 scu:954.25 tlayer:2 pbqpoffset:3.26 pbfactor:1.46 avgQpOffsetCutree:-3.86;
in:26 out:27 type:B q:22.62 q-aq:20.43 q-noVbv:22.62 q-Rceq:1.00 tex:261 mv:255 misc:460 icu:0.00 pcu:122.75 scu:1437.25 tlayer:3 pbqpoffset:3.26 pbfactor:1.46 avgQpOffsetCutree:-2.31;
in:25 out:28 type:b q:25.81 q-aq:26.00 q-noVbv:25.81 q-Rceq:1.00 tex:4 mv:122 misc:202 icu:0.00 pcu:52.00 scu:1508.00 tlayer:4 pbqpoffset:6.19 pbfactor:2.04 avgQpOffsetCutree:0.00;
in:27 out:29 type:b q:25.05 q-aq:25.00 q-noVbv:25.05 q-Rceq:1.00 tex:1 mv:52 misc:243 icu:0.00 pcu:16.00 scu:1544.00 tlayer:4 pbqpoffset:5.94 pbfactor:1.99 avgQpOffsetCutree:0.00;
in:30 out:30 type:B q:21.62 q-aq:20.40 q-noVbv:21.62 q-Rceq:1.00 tex:60 mv:265 misc:419 icu:12.00 pcu:80.00 scu:1468.00 tlayer:3 pbqpoffset:3.26 pbfactor:1.46 avgQpOffsetCutree:-1.52;
in:29 out:31 type:b q:24.87 q-aq:25.00 q-noVbv:24.87 q-Rceq:1.00 tex:388 mv:457 misc:331 icu:0.00 pcu:280.00 scu:1280.00 tlayer:4 pbqpoffset:6.26 pbfactor:2.06 avgQpOffsetCutree:0.00;
in:31 out:32 type:b q:24.27 q-aq:24.00 q-noVbv:24.27 q-Rceq:1.00 tex:9 mv:238 misc:241 icu:0.00 pcu:100.00 scu:1460.00 tlayer:4 pbqpoffset:6.16 pbfactor:2.04 avgQpOffsetCutree:0.00;
in:48 out:33 type:k q:13.86 q-aq:6.88 q-noVbv:13.86 q-Rceq:1.00 tex:487503 mv:42872 misc:3961 icu:355.25 pcu:1167.25 scu:37.50 tlayer:0 pbqpoffset:0.00 pbfactor:1.00 avgQpOffsetCutree:-6.89;
in:40 out:34 type:B q:17.20 q-aq:11.00 q-noVbv:17.20 q-Rceq:1.00 tex:66506 mv:21915 misc:4603 icu:17.25 pcu:1306.25 scu:236.50 tlayer:1 pbqpoffset:1.33 pbfactor:1.17 avgQpOffsetCutree:-5.09;
in:36 out:35 type:B q:18.68 q-aq:15.35 q-noVbv:18.68 q-Rceq:1.00 tex:785 mv:1779 misc:972 icu:0.00 pcu:547.25 scu:1012.75 tlayer:2 pbqpoffset:1.81 pbfactor:1.23 avgQpOffsetCutree:-3.19;
in:34 out:36 type:B q:19.40 q-aq:17.43 q-noVbv:19.40 q-Rceq:1.00 tex:263 mv:1331 misc:766 icu:0.00 pcu:639.00 scu:921.00 tlayer:3 pbqpoffset:2.04 pbfactor:1.27 avgQpOffsetCutree:-1.68;
in:33 out:37 type:b q:22.77 q-aq:23.00 q-noVbv:22.77 q-Rceq:1.00 tex:2 mv:91 misc:235 icu:0.00 pcu:20.00 scu:1540.00 tlayer:4 pbqpoffset:5.15 pbfactor:1.81 avgQpOffsetCutree:0.00;
in:35 out:38 type:b q:19.66 q-aq:20.00 q-noVbv:19.66 q-Rceq:1.00 tex:43 mv:1078 misc:655 icu:0.00 pcu:588.00 scu:972.00 tlayer:4 pbqpoffset:2.55 pbfactor:1.34 avgQpOffsetCutree:0.00;
in:38 out:39 type:B q:18.37 q-aq:16.42 q-noVbv:18.37 q-Rceq:1.00 tex:64 mv:1478 misc:626 icu:0.00 pcu:485.00 scu:1075.00 tlayer:3 pbqpoffset:2.00 pbfactor:1.26 avgQpOffsetCutree:-1.58;
in:37 out:40 type:b q:19.16 q-aq:19.00 q-noVbv:19.16 q-Rceq:1.00 tex:34 mv:492 misc:426 icu:0.00 pcu:373.25 scu:1186.75 tlayer:4 pbqpoffset:2.54 pbfactor:1.34 avgQpOffsetCutree:0.00;
in:39 out:41 type:b q:18.58 q-aq:18.75 q-noVbv:18.58 q-Rceq:1.00 tex:1071 mv:694 misc:523 icu:3.00 pcu:238.50 scu:1318.50 tlayer:4 pbqpoffset:2.47 pbfactor:1.33 avgQpOffsetCutree:0.00;
in:44 out:42 type:B q:16.20 q-aq:11.93 q-noVbv:16.20 q-Rceq:1.00 tex:17425 mv:8398 misc:2641 icu:0.00 pcu:1047.00 scu:513.00 tlayer:2 pbqpoffset:1.33 pbfactor:1.17 avgQpOffsetCutree:-3.56;
in:42 out:43 type:B q:16.74 q-aq:14.58 q-noVbv:16.74 q-Rceq:1.00 tex:10182 mv:3796 misc:1742 icu:0.00 pcu:777.00 scu:783.00 tlayer:3 pbqpoffset:1.37 pbfactor:1.17 avgQpOffsetCutree:-1.73;
in:41 out:44 type:b q:18.48 q-aq:18.00 q-noVbv:18.48 q-Rceq:1.00 tex:528 mv:866 misc:662 icu:0.00 pcu:305.50 scu:1254.50 tlayer:4 pbqpoffset:2.87 pbfactor:1.39 avgQpOffsetCutree:0.00;
in:43 out:45 type:b q:17.58 q-aq:17.89 q-noVbv:17.58 q-Rceq:1.00 tex:4640 mv:1617 misc:1135 icu:0.00 pcu:533.75 scu:1026.25 tlayer:4 pbqpoffset:2.47 pbfactor:1.33 avgQpOffsetCutree:0.00;
in:46 out:46 type:B q:15.70 q-aq:14.11 q-noVbv:15.70 q-Rceq:1.00 tex:9217 mv:4917 misc:1642 icu:12.00 pcu:891.00 scu:657.00 tlayer:3 pbqpoffset:1.33 pbfactor:1.17 avgQpOffsetCutree:-1.67;
in:45 out:47 type:b q:17.08 q-aq:17.00 q-noVbv:17.08 q-Rceq:1.00 tex:596 mv:1309 misc:815 icu:2.00 pcu:494.25 scu:1063.75 tlayer:4 pbqpoffset:2.47 pbfactor:1.33 avgQpOffsetCutree:0.00;
in:47 out:48 type:b q:16.58 q-aq:17.00 q-noVbv:16.58 q-Rceq:1.00 tex:1347 mv:1527 misc:678 icu:1.00 pcu:562.00 scu:997.00 tlayer:4 pbqpoffset:2.47 pbfactor:1.33 avgQpOffsetCutree:0.00;
in:56 out:49 type:k q:11.82 q-aq:6.09 q-noVbv:11.82 q-Rceq:1.00 tex:526367 mv:49800 misc:3833 icu:394.50 pcu:1130.25 scu:35.25 tlayer:0 pbqpoffset:0.00 pbfactor:1.00 avgQpOffsetCutree:-6.07;
in:52 out:50 type:B q:13.82 q-aq:10.24 q-noVbv:13.82 q-Rceq:1.00 tex:98443 mv:14225 misc:4492 icu:69.50 pcu:1059.50 scu:431.00 tlayer:1 pbqpoffset:0.97 pbfactor:1.12 avgQpOffsetCutree:-3.43;
in:50 out:51 type:B q:15.28 q-aq:13.52 q-noVbv:15.28 q-Rceq:1.00 tex:5331 mv:3097 misc:1532 icu:5.25 pcu:694.75 scu:860.00 tlayer:2 pbqpoffset:1.92 pbfactor:1.25 avgQpOffsetCutree:-1.71;
in:49 out:52 type:b q:16.42 q-aq:16.00 q-noVbv:16.42 q-Rceq:1.00 tex:1266 mv:1215 misc:855 icu:0.00 pcu:314.00 scu:1246.00 tlayer:3 pbqpoffset:2.81 pbfactor:1.38 avgQpOffsetCutree:0.00;
in:51 out:53 type:b q:16.49 q-aq:16.06 q-noVbv:16.49 q-Rceq:1.00 tex:3923 mv:1833 misc:964 icu:1.00 pcu:430.00 scu:1129.00 tlayer:3 pbqpoffset:3.39 pbfactor:1.48 avgQpOffsetCutree:0.00;
in:54 out:54 type:B q:14.16 q-aq:12.67 q-noVbv:14.16 q-Rceq:1.00 tex:10978 mv:4058 misc:2180 icu:12.50 pcu:564.00 scu:983.50 tlayer:2 pbqpoffset:1.83 pbfactor:1.23 avgQpOffsetCutree:-1.65;
in:53 out:55 type:b q:15.42 q-aq:15.02 q-noVbv:15.42 q-Rceq:1.00 tex:4459 mv:2461 misc:1344 icu:2.00 pcu:538.75 scu:1019.25 tlayer:3 pbqpoffset:2.83 pbfactor:1.39 avgQpOffsetCutree:0.00;
in:55 out:56 type:b q:15.06 q-aq:15.00 q-noVbv:15.06 q-Rceq:1.00 tex:3048 mv:1817 misc:1047 icu:0.00 pcu:472.25 scu:1087.75 tlayer:3 pbqpoffset:2.98 pbfactor:1.41 avgQpOffsetCutree:0.00;
in:60 out:57 type:k q:12.18 q-aq:7.11 q-noVbv:12.18 q-Rceq:1.00 tex:709669 mv:41796 misc:3103 icu:1018.50 pcu:531.00 scu:10.50 tlayer:0 pbqpoffset:0.00 pbfactor:1.00 avgQpOffsetCutree:-5.85;
in:58 out:58 type:B q:14.34 q-aq:12.95 q-noVbv:14.34 q-Rceq:1.00 tex:14536 mv:5177 misc:2775 icu:29.75 pcu:951.50 scu:578.75 tlayer:1 pbqpoffset:2.34 pbfactor:1.31 avgQpOffsetCutree:-1.65;
in:57 out:59 type:b q:16.30 q-aq:16.00 q-noVbv:16.30 q-Rceq:1.00 tex:1701 mv:1599 misc:1196 icu:1.00 pcu:367.50 scu:1191.50 tlayer:2 pbqpoffset:4.39 pbfactor:1.66 avgQpOffsetCutree:0.00;
in:59 out:60 type:b q:16.42 q-aq:16.00 q-noVbv:16.42 q-Rceq:1.00 tex:1834 mv:1360 misc:1006 icu:4.00 pcu:261.75 scu:1294.25 tlayer:2 pbqpoffset:4.33 pbfactor:1.65 avgQpOffsetCutree:0.00;
in:64 out:61 type:k q:13.00 q-aq:7.42 q-noVbv:13.00 q-Rceq:1.00 tex:666925 mv:39895 misc:3252 icu:1130.25 pcu:421.50 scu:8.25 tlayer:0 pbqpoffset:0.67 pbfactor:1.08 avgQpOffsetCutree:-6.45;
in:62 out:62 type:B q:15.21 q-aq:13.73 q-noVbv:15.21 q-Rceq:1.00 tex:18136 mv:7078 misc:3138 icu:32.25 pcu:874.00 scu:653.75 tlayer:1 pbqpoffset:2.62 pbfactor:1.35 avgQpOffsetCutree:-1.67;
in:61 out:63 type:b q:16.44 q-aq:16.04 q-noVbv:16.44 q-Rceq:1.00 tex:2425 mv:2306 misc:1205 icu:0.00 pcu:751.75 scu:808.25 tlayer:2 pbqpoffset:4.06 pbfactor:1.60 avgQpOffsetCutree:0.00;
in:63 out:64 type:b q:16.11 q-aq:16.00 q-noVbv:16.11 q-Rceq:1.00 tex:41835 mv:5235 misc:2634 icu:5.00 pcu:1026.50 scu:528.50 tlayer:2 pbqpoffset:3.31 pbfactor:1.47 avgQpOffsetCutree:0.00;
in:72 out:65 type:k q:13.78 q-aq:7.88 q-noVbv:13.78 q-Rceq:1.00 tex:491224 mv:46944 misc:3768 icu:430.50 pcu:1104.00 scu:25.50 tlayer:0 pbqpoffset:0.67 pbfactor:1.08 avgQpOffsetCutree:-6.70;
in:68 out:66 type:B q:15.13 q-aq:11.70 q-noVbv:15.13 q-Rceq:1.00 tex:114756 mv:14597 misc:4079 icu:60.25 pcu:1252.50 scu:247.25 tlayer:1 pbqpoffset:1.74 pbfactor:1.22 avgQpOffsetCutree:-3.44;
in:66 out:67 type:B q:15.98 q-aq:14.53 q-noVbv:15.98 q-Rceq:1.00 tex:13493 mv:5195 misc:2208 icu:0.50 pcu:1001.50 scu:558.00 tlayer:2 pbqpoffset:2.78 pbfactor:1.38 avgQpOffsetCutree:-1.70;
in:65 out:68 type:b q:17.44 q-aq:17.01 q-noVbv:17.44 q-Rceq:1.00 tex:2670 mv:2193 misc:1049 icu:1.25 pcu:514.50 scu:1044.25 tlayer:3 pbqpoffset:4.34 pbfactor:1.65 avgQpOffsetCutree:0.00;
in:67 out:69 type:b q:17.22 q-aq:17.00 q-noVbv:17.22 q-Rceq:1.00 tex:29477 mv:4241 misc:2594 icu:0.00 pcu:818.25 scu:741.75 tlayer:3 pbqpoffset:3.93 pbfactor:1.57 avgQpOffsetCutree:0.00;
in:70 out:70 type:B q:16.44 q-aq:15.11 q-noVbv:16.44 q-Rceq:1.00 tex:36012 mv:6280 misc:2452 icu:7.00 pcu:1176.50 scu:376.50 tlayer:2 pbqpoffset:2.85 pbfactor:1.39 avgQpOffsetCutree:-1.57;
in:69 out:71 type:b q:18.02 q-aq:18.00 q-noVbv:18.02 q-Rceq:1.00 tex:1772 mv:1591 misc:1061 icu:0.00 pcu:389.75 scu:1170.25 tlayer:3 pbqpoffset:4.53 pbfactor:1.69 avgQpOffsetCutree:0.00;
in:71 out:72 type:b q:18.66 q-aq:18.93 q-noVbv:18.66 q-Rceq:1.00 tex:762 mv:918 misc:656 icu:0.00 pcu:230.50 scu:1329.50 tlayer:3 pbqpoffset:4.97 pbfactor:1.78 avgQpOffsetCutree:0.00;
in:80 out:73 type:k q:13.84 q-aq:8.43 q-noVbv:13.84 q-Rceq:1.00 tex:503146 mv:51750 misc:3784 icu:480.00 pcu:1049.50 scu:30.50 tlayer:0 pbqpoffset:0.26 pbfactor:1.03 avgQpOffsetCutree:-6.39;
in:76 out:74 type:B q:16.15 q-aq:13.02 q-noVbv:16.15 q-Rceq:1.00 tex:107104 mv:13556 misc:3284 icu:37.00 pcu:1312.00 scu:211.00 tlayer:1 pbqpoffset:2.34 pbfactor:1.31 avgQpOffsetCutree:-3.25;
in:74 out:75 type:B q:17.20 q-aq:15.82 q-noVbv:17.20 q-Rceq:1.00 tex:34030 mv:6153 misc:2833 icu:5.25 pcu:897.75 scu:657.00 tlayer:2 pbqpoffset:3.40 pbfactor:1.48 avgQpOffsetCutree:-1.66;
in:73 out:76 type:b q:20.19 q-aq:20.00 q-noVbv:20.19 q-Rceq:1.00 tex:579 mv:1160 misc:685 icu:12.00 pcu:373.25 scu:1174.75 tlayer:3 pbqpoffset:6.40 pbfactor:2.09 avgQpOffsetCutree:0.00;
in:75 out:77 type:b q:19.32 q-aq:19.09 q-noVbv:19.32 q-Rceq:1.00 tex:1494 mv:1377 misc:785 icu:4.00 pcu:554.75 scu:1001.25 tlayer:3 pbqpoffset:5.51 pbfactor:1.89 avgQpOffsetCutree:0.00;
in:78 out:78 type:B q:17.23 q-aq:16.02 q-noVbv:17.23 q-Rceq:1.00 tex:5860 mv:3489 misc:1435 icu:4.25 pcu:945.00 scu:610.75 tlayer:2 pbqpoffset:3.40 pbfactor:1.48 avgQpOffsetCutree:-1.62;
in:77 out:79 type:b q:19.67 q-aq:20.00 q-noVbv:19.67 q-Rceq:1.00 tex:649 mv:1164 misc:635 icu:0.00 pcu:650.00 scu:910.00 tlayer:3 pbqpoffset:5.85 pbfactor:1.97 avgQpOffsetCutree:0.00;
in:79 out:80 type:b q:19.08 q-aq:19.00 q-noVbv:19.08 q-Rceq:1.00 tex:690 mv:1403 misc:739 icu:0.00 pcu:719.50 scu:840.50 tlayer:3 pbqpoffset:5.25 pbfactor:1.83 avgQpOffsetCutree:0.00;
in:88 out:81 type:k q:14.38 q-aq:9.39 q-noVbv:14.38 q-Rceq:1.00 tex:456570 mv:50564 misc:3690 icu:542.50 pcu:1003.00 scu:14.50 tlayer:0 pbqpoffset:0.26 pbfactor:1.03 avgQpOffsetCutree:-6.19;
in:84 out:82 type:B q:16.74 q-aq:13.48 q-noVbv:16.74 q-Rceq:1.00 tex:115144 mv:13608 misc:3576 icu:18.50 pcu:1223.75 scu:317.75 tlayer:1 pbqpoffset:2.63 pbfactor:1.36 avgQpOffsetCutree:-3.41;
in:82 out:83 type:B q:17.58 q-aq:16.12 q-noVbv:17.58 q-Rceq:1.00 tex:38109 mv:6911 misc:2708 icu:2.00 pcu:1066.50 scu:491.50 tlayer:2 pbqpoffset:3.60 pbfactor:1.52 avgQpOffsetCutree:-1.70;
in:81 out:84 type:b q:20.51 q-aq:20.01 q-noVbv:20.51 q-Rceq:1.00 tex:876 mv:880 misc:708 icu:2.00 pcu:147.50 scu:1410.50 tlayer:3 pbqpoffset:6.60 pbfactor:2.14 avgQpOffsetCutree:0.00;
in:83 out:85 type:b q:20.63 q-aq:20.34 q-noVbv:20.63 q-Rceq:1.00 tex:446 mv:938 misc:576 icu:0.00 pcu:426.25 scu:1133.75 tlayer:3 pbqpoffset:6.58 pbfactor:2.14 avgQpOffsetCutree:0.00;
in:86 out:86 type:B q:17.85 q-aq:16.34 q-noVbv:17.85 q-Rceq:1.00 tex:36291 mv:5728 misc:2349 icu:0.00 pcu:1022.25 scu:537.75 tlayer:2 pbqpoffset:3.60 pbfactor:1.52 avgQpOffsetCutree:-1.75;
in:85 out:87 type:b q:20.77 q-aq:21.00 q-noVbv:20.77 q-Rceq:1.00 tex:540 mv:889 misc:635 icu:0.00 pcu:267.50 scu:1292.50 tlayer:3 pbqpoffset:6.59 pbfactor:2.14 avgQpOffsetCutree:0.00;
in:87 out:88 type:b q:20.91 q-aq:21.00 q-noVbv:20.91 q-Rceq:1.00 tex:459 mv:1256 misc:597 icu:0.00 pcu:561.00 scu:999.00 tlayer:3 pbqpoffset:6.60 pbfactor:2.14 avgQpOffsetCutree:0.00;
in:92 out:89 type:k q:16.51 q-aq:11.48 q-noVbv:16.51 q-Rceq:1.00 tex:558756 mv:33036 misc:3528 icu:744.25 pcu:809.75 scu:6.00 tlayer:0 pbqpoffset:0.26 pbfactor:1.03 avgQpOffsetCutree:-6.18;
in:90 out:90 type:B q:18.40 q-aq:16.89 q-noVbv:18.40 q-Rceq:1.00 tex:33261 mv:5756 misc:2735 icu:0.00 pcu:1054.50 scu:505.50 tlayer:1 pbqpoffset:2.95 pbfactor:1.41 avgQpOffsetCutree:-1.74;
in:89 out:91 type:b q:20.27 q-aq:20.00 q-noVbv:20.27 q-Rceq:1.00 tex:629 mv:1393 misc:706 icu:0.00 pcu:776.50 scu:783.50 tlayer:2 pbqpoffset:5.36 pbfactor:1.86 avgQpOffsetCutree:0.00;
in:91 out:92 type:b q:20.94 q-aq:21.00 q-noVbv:20.94 q-Rceq:1.00 tex:35 mv:1149 misc:552 icu:0.00 pcu:709.75 scu:850.25 tlayer:2 pbqpoffset:4.96 pbfactor:1.77 avgQpOffsetCutree:0.00;
in:96 out:93 type:k q:18.23 q-aq:12.52 q-noVbv:18.23 q-Rceq:1.00 tex:445181 mv:35013 misc:3958 icu:753.25 pcu:735.50 scu:71.25 tlayer:0 pbqpoffset:0.20 pbfactor:1.02 avgQpOffsetCutree:-6.55;
in:94 out:94 type:B q:19.72 q-aq:18.16 q-noVbv:19.72 q-Rceq:1.00 tex:21013 mv:4841 misc:2498 icu:2.00 pcu:1058.50 scu:499.50 tlayer:1 pbqpoffset:2.35 pbfactor:1.31 avgQpOffsetCutree:-1.71;
in:93 out:95 type:b q:20.99 q-aq:21.00 q-noVbv:20.99 q-Rceq:1.00 tex:1222 mv:1282 misc:744 icu:0.00 pcu:430.25 scu:1129.75 tlayer:2 pbqpoffset:4.05 pbfactor:1.60 avgQpOffsetCutree:0.00;
in:95 out:96 type:b q:22.16 q-aq:22.00 q-noVbv:22.16 q-Rceq:1.00 tex:579 mv:1079 misc:430 icu:0.00 pcu:644.25 scu:915.75 tlayer:2 pbqpoffset:4.36 pbfactor:1.66 avgQpOffsetCutree:0.00;
in:104 out:97 type:k q:15.36 q-aq:9.81 q-noVbv:15.36 q-Rceq:1.00 tex:433587 mv:52050 misc:3731 icu:544.50 pcu:1004.50 scu:11.00 tlayer:0 pbqpoffset:0.20 pbfactor:1.02 avgQpOffsetCutree:-6.31;
in:100 out:98 type:B q:18.41 q-aq:14.98 q-noVbv:18.41 q-Rceq:1.00 tex:97008 mv:13815 misc:3577 icu:19.75 pcu:1247.50 scu:292.75 tlayer:1 pbqpoffset:1.62 pbfactor:1.21 avgQpOffsetCutree:-3.37;
in:98 out:99 type:B q:19.97 q-aq:18.38 q-noVbv:19.97 q-Rceq:1.00 tex:16626 mv:4725 misc:2265 icu:2.50 pcu:957.75 scu:599.75 tlayer:2 pbqpoffset:2.46 pbfactor:1.33 avgQpOffsetCutree:-1.67;
in:97 out:100 type:b q:21.32 q-aq:21.00 q-noVbv:21.32 q-Rceq:1.00 tex:10455 mv:2795 misc:1918 icu:0.00 pcu:555.50 scu:1004.50 tlayer:3 pbqpoffset:3.45 pbfactor:1.49 avgQpOffsetCutree:0.00;
in:99 out:101 type:b q:21.92 q-aq:22.00 q-noVbv:21.92 q-Rceq:1.00 tex:578 mv:944 misc:726 icu:0.00 pcu:167.25 scu:1392.75 tlayer:3 pbqpoffset:4.77 pbfactor:1.74 avgQpOffsetCutree:0.00;
in:102 out:102 type:B q:18.28 q-aq:16.73 q-noVbv:18.28 q-Rceq:1.00 tex:50889 mv:10013 misc:3298 icu:0.75 pcu:1023.75 scu:535.50 tlayer:2 pbqpoffset:2.20 pbfactor:1.29 avgQpOffsetCutree:-1.73;
in:101 out:103 type:b q:21.29 q-aq:21.00 q-noVbv:21.29 q-Rceq:1.00 tex:1322 mv:1313 misc:773 icu:0.00 pcu:290.75 scu:1269.25 tlayer:3 pbqpoffset:4.85 pbfactor:1.75 avgQpOffsetCutree:0.00;
in:103 out:104 type:b q:19.69 q-aq:20.00 q-noVbv:19.69 q-Rceq:1.00 tex:635 mv:1499 misc:690 icu:0.00 pcu:783.25 scu:776.75 tlayer:3 pbqpoffset:3.96 pbfactor:1.58 avgQpOffsetCutree:0.00;
in:112 out:105 type:k q:16.46 q-aq:11.51 q-noVbv:16.46 q-Rceq:1.00 tex:372199 mv:50471 misc:4042 icu:511.75 pcu:1018.25 scu:30.00 tlayer:0 pbqpoffset:0.20 pbfactor:1.02 avgQpOffsetCutree:-6.05;
in:108 out:106 type:B q:18.24 q-aq:15.19 q-noVbv:18.24 q-Rceq:1.00 tex:107612 mv:13086 misc:3166 icu:15.25 pcu:1240.50 scu:304.25 tlayer:1 pbqpoffset:2.32 pbfactor:1.31 avgQpOffsetCutree:-3.16;
in:106 out:107 type:B q:18.69 q-aq:17.11 q-noVbv:18.69 q-Rceq:1.00 tex:48663 mv:7952 misc:2857 icu:1.00 pcu:1080.00 scu:479.00 tlayer:2 pbqpoffset:3.05 pbfactor:1.42 avgQpOffsetCutree:-1.70;
in:105 out:108 type:b q:20.09 q-aq:20.00 q-noVbv:20.09 q-Rceq:1.00 tex:15628 mv:3813 misc:2295 icu:0.00 pcu:704.00 scu:856.00 tlayer:3 pbqpoffset:4.59 pbfactor:1.70 avgQpOffsetCutree:0.00;
in:107 out:109 type:b q:21.58 q-aq:22.00 q-noVbv:21.58 q-Rceq:1.00 tex:18 mv:1033 misc:437 icu:0.00 pcu:663.00 scu:897.00 tlayer:3 pbqpoffset:5.81 pbfactor:1.96 avgQpOffsetCutree:0.00;
in:110 out:110 type:B q:19.37 q-aq:18.00 q-noVbv:19.37 q-Rceq:1.00 tex:33220 mv:6498 misc:3298 icu:0.00 pcu:844.75 scu:715.25 tlayer:2 pbqpoffset:3.18 pbfactor:1.44 avgQpOffsetCutree:-1.72;
in:109 out:111 type:b q:21.95 q-aq:22.00 q-noVbv:21.95 q-Rceq:1.00 tex:571 mv:1176 misc:717 icu:0.00 pcu:308.75 scu:1251.25 tlayer:3 pbqpoffset:5.90 pbfactor:1.98 avgQpOffsetCutree:0.00;
in:111 out:112 type:b q:22.75 q-aq:23.00 q-noVbv:22.75 q-Rceq:1.00 tex:593 mv:1100 misc:651 icu:0.00 pcu:297.25 scu:1262.75 tlayer:3 pbqpoffset:6.42 pbfactor:2.10 avgQpOffsetCutree:0.00;
in:116 out:113 type:k q:19.18 q-aq:14.10 q-noVbv:19.18 q-Rceq:1.00 tex:356514 mv:52399 misc:3983 icu:439.25 pcu:1062.75 scu:58.00 tlayer:0 pbqpoffset:-0.16 pbfactor:0.98 avgQpOffsetCutree:-6.07;
in:114 out:114 type:B q:20.33 q-aq:18.95 q-noVbv:20.33 q-Rceq:1.00 tex:10937 mv:5778 misc:2861 icu:1.25 pcu:720.75 scu:838.00 tlayer:1 pbqpoffset:2.51 pbfactor:1.34 avgQpOffsetCutree:-1.62;
in:113 out:115 type:b q:20.68 q-aq:21.00 q-noVbv:20.68 q-Rceq:1.00 tex:10590 mv:4031 misc:2291 icu:0.00 pcu:749.50 scu:810.50 tlayer:2 pbqpoffset:3.54 pbfactor:1.51 avgQpOffsetCutree:0.00;
in:115 out:116 type:b q:22.93 q-aq:23.00 q-noVbv:22.93 q-Rceq:1.00 tex:134 mv:1419 misc:599 icu:0.00 pcu:685.25 scu:874.75 tlayer:2 pbqpoffset:4.43 pbfactor:1.67 avgQpOffsetCutree:0.00;
in:124 out:117 type:k q:17.43 q-aq:12.57 q-noVbv:17.43 q-Rceq:1.00 tex:575792 mv:45102 misc:3458 icu:960.75 pcu:597.50 scu:1.75 tlayer:0 pbqpoffset:0.31 pbfactor:1.04 avgQpOffsetCutree:-6.19;
in:120 out:118 type:B q:20.37 q-aq:17.33 q-noVbv:20.37 q-Rceq:1.00 tex:143951 mv:39692 misc:4397 icu:134.25 pcu:1192.00 scu:233.75 tlayer:1 pbqpoffset:2.06 pbfactor:1.27 avgQpOffsetCutree:-3.39;
in:118 out:119 type:B q:22.44 q-aq:20.86 q-noVbv:22.44 q-Rceq:1.00 tex:11784 mv:5058 misc:1950 icu:0.25 pcu:1073.75 scu:486.00 tlayer:2 pbqpoffset:3.69 pbfactor:1.53 avgQpOffsetCutree:-1.66;
in:117 out:120 type:b q:25.35 q-aq:25.00 q-noVbv:25.35 q-Rceq:1.00 tex:51 mv:1096 misc:485 icu:0.00 pcu:514.00 scu:1046.00 tlayer:3 pbqpoffset:6.39 pbfactor:2.09 avgQpOffsetCutree:0.00;
in:119 out:121 type:b q:25.18 q-aq:25.00 q-noVbv:25.18 q-Rceq:1.00 tex:158 mv:903 misc:507 icu:0.00 pcu:379.50 scu:1180.50 tlayer:3 pbqpoffset:6.66 pbfactor:2.16 avgQpOffsetCutree:0.00;
in:122 out:122 type:B q:21.09 q-aq:19.83 q-noVbv:21.09 q-Rceq:1.00 tex:22807 mv:6580 misc:2773 icu:40.75 pcu:842.75 scu:676.50 tlayer:2 pbqpoffset:3.23 pbfactor:1.45 avgQpOffsetCutree:-1.65;
in:121 out:123 type:b q:24.78 q-aq:25.00 q-noVbv:24.78 q-Rceq:1.00 tex:284 mv:794 misc:482 icu:5.00 pcu:163.50 scu:1391.50 tlayer:3 pbqpoffset:6.69 pbfactor:2.17 avgQpOffsetCutree:0.00;
in:123 out:124 type:b q:23.92 q-aq:24.01 q-noVbv:23.92 q-Rceq:1.00 tex:2881 mv:1147 misc:660 icu:71.00 pcu:115.50 scu:1373.50 tlayer:3 pbqpoffset:6.27 pbfactor:2.06 avgQpOffsetCutree:0.00;
in:128 out:125 type:k q:21.39 q-aq:15.88 q-noVbv:21.39 q-Rceq:1.00 tex:368053 mv:32212 misc:3759 icu:704.50 pcu:809.25 scu:46.25 tlayer:0 pbqpoffset:0.31 pbfactor:1.04 avgQpOffsetCutree:-6.52;
in:126 out:126 type:B q:21.73 q-aq:20.63 q-noVbv:21.73 q-Rceq:1.00 tex:15808 mv:5905 misc:2631 icu:63.75 pcu:858.00 scu:638.25 tlayer:1 pbqpoffset:2.32 pbfactor:1.31 avgQpOffsetCutree:-1.62;
in:125 out:127 type:b q:23.25 q-aq:23.02 q-noVbv:23.25 q-Rceq:1.00 tex:2529 mv:1442 misc:885 icu:15.00 pcu:245.75 scu:1299.25 tlayer:2 pbqpoffset:4.82 pbfactor:1.75 avgQpOffsetCutree:0.00;
in:127 out:128 type:b q:25.40 q-aq:25.80 q-noVbv:25.40 q-Rceq:1.00 tex:1161 mv:1187 misc:660 icu:7.50 pcu:171.75 scu:1380.75 tlayer:2 pbqpoffset:5.00 pbfactor:1.78 avgQpOffsetCutree:0.00;
in:136 out:129 type:k q:17.80 q-aq:12.04 q-noVbv:17.80 q-Rceq:1.00 tex:400975 mv:52552 misc:3985 icu:529.00 pcu:1001.50 scu:29.50 tlayer:0 pbqpoffset:0.33 pbfactor:1.04 avgQpOffsetCutree:-6.80;
in:132 out:130 type:B q:21.98 q-aq:18.51 q-noVbv:21.98 q-Rceq:1.00 tex:54070 mv:13142 misc:3340 icu:15.75 pcu:1221.50 scu:322.75 tlayer:1 pbqpoffset:2.39 pbfactor:1.32 avgQpOffsetCutree:-3.38;
in:130 out:131 type:B q:23.84 q-aq:22.32 q-noVbv:23.84 q-Rceq:1.00 tex:4227 mv:4546 misc:1811 icu:4.75 pcu:936.75 scu:618.50 tlayer:2 pbqpoffset:3.35 pbfactor:1.47 avgQpOffsetCutree:-1.72;
in:129 out:132 type:b q:26.80 q-aq:27.00 q-noVbv:26.80 q-Rceq:1.00 tex:167 mv:1131 misc:494 icu:0.00 pcu:370.00 scu:1190.00 tlayer:3 pbqpoffset:5.86 pbfactor:1.97 avgQpOffsetCutree:0.00;
in:131 out:133 type:b q:25.68 q-aq:26.00 q-noVbv:25.68 q-Rceq:1.00 tex:69 mv:910 misc:501 icu:0.00 pcu:239.00 scu:1321.00 tlayer:3 pbqpoffset:5.64 pbfactor:1.92 avgQpOffsetCutree:0.00;
in:134 out:134 type:B q:21.82 q-aq:20.30 q-noVbv:21.82 q-Rceq:1.00 tex:17494 mv:6923 misc:3055 icu:0.00 pcu:815.25 scu:744.75 tlayer:2 pbqpoffset:3.13 pbfactor:1.44 avgQpOffsetCutree:-1.74;
in:133 out:135 type:b q:25.17 q-aq:25.00 q-noVbv:25.17 q-Rceq:1.00 tex:798 mv:1453 misc:749 icu:0.25 pcu:257.00 scu:1302.75 tlayer:3 pbqpoffset:6.02 pbfactor:2.01 avgQpOffsetCutree:0.00;
in:135 out:136 type:b q:23.81 q-aq:24.00 q-noVbv:23.81 q-Rceq:1.00 tex:278 mv:1339 misc:479 icu:0.00 pcu:803.00 scu:757.00 tlayer:3 pbqpoffset:5.57 pbfactor:1.90 avgQpOffsetCutree:0.00;
in:144 out:137 type:k q:17.17 q-aq:11.77 q-noVbv:17.17 q-Rceq:1.00 tex:420494 mv:57147 misc:3791 icu:451.25 pcu:1085.25 scu:23.50 tlayer:0 pbqpoffset:0.40 pbfactor:1.05 avgQpOffsetCutree:-6.68;
in:140 out:138 type:B q:20.33 q-aq:16.93 q-noVbv:20.33 q-Rceq:1.00 tex:61263 mv:12820 misc:3365 icu:3.50 pcu:1239.00 scu:317.50 tlayer:1 pbqpoffset:2.85 pbfactor:1.39 avgQpOffsetCutree:-3.47;
in:138 out:139 type:B q:21.30 q-aq:19.76 q-noVbv:21.30 q-Rceq:1.00 tex:15534 mv:5311 misc:2803 icu:0.25 pcu:554.25 scu:1005.50 tlayer:2 pbqpoffset:3.66 pbfactor:1.53 avgQpOffsetCutree:-1.77;
in:137 out:140 type:b q:23.26 q-aq:23.02 q-noVbv:23.26 q-Rceq:1.00 tex:4214 mv:2708 misc:1878 icu:0.00 pcu:482.00 scu:1078.00 tlayer:3 pbqpoffset:5.54 pbfactor:1.90 avgQpOffsetCutree:0.00;
in:139 out:141 type:b q:24.36 q-aq:24.00 q-noVbv:24.36 q-Rceq:1.00 tex:286 mv:1081 misc:537 icu:0.00 pcu:206.50 scu:1353.50 tlayer:3 pbqpoffset:6.80 pbfactor:2.19 avgQpOffsetCutree:0.00;
in:142 out:142 type:B q:21.13 q-aq:19.74 q-noVbv:21.13 q-Rceq:1.00 tex:3146 mv:3354 misc:1524 icu:1.00 pcu:343.25 scu:1215.75 tlayer:2 pbqpoffset:3.80 pbfactor:1.55 avgQpOffsetCutree:-1.70;
in:141 out:143 type:b q:22.63 q-aq:23.00 q-noVbv:22.63 q-Rceq:1.00 tex:13051 mv:3263 misc:2078 icu:0.00 pcu:573.50 scu:986.50 tlayer:3 pbqpoffset:5.22 pbfactor:1.83 avgQpOffsetCutree:0.00;
in:143 out:144 type:b q:22.07 q-aq:22.01 q-noVbv:22.07 q-Rceq:1.00 tex:4953 mv:2506 misc:1501 icu:0.00 pcu:680.50 scu:879.50 tlayer:3 pbqpoffset:4.82 pbfactor:1.75 avgQpOffsetCutree:0.00;
in:148 out:145 type:k q:20.14 q-aq:14.64 q-noVbv:20.14 q-Rceq:1.00 tex:358579 mv:54588 misc:4057 icu:289.25 pcu:1208.75 scu:62.00 tlayer:0 pbqpoffset:0.60 pbfactor:1.07 avgQpOffsetCutree:-6.55;
in:146 out:146 type:B q:21.12 q-aq:19.65 q-noVbv:21.12 q-Rceq:1.00 tex:7802 mv:6344 misc:2526 icu:0.50 pcu:750.50 scu:809.00 tlayer:1 pbqpoffset:2.46 pbfactor:1.33 avgQpOffsetCutree:-1.77;
in:145 out:147 type:b q:21.74 q-aq:22.00 q-noVbv:21.74 q-Rceq:1.00 tex:272 mv:1109 misc:555 icu:0.00 pcu:627.00 scu:933.00 tlayer:2 pbqpoffset:3.83 pbfactor:1.56 avgQpOffsetCutree:0.00;
in:147 out:148 type:b q:23.56 q-aq:23.81 q-noVbv:23.56 q-Rceq:1.00 tex:502 mv:1060 misc:614 icu:0.00 pcu:344.00 scu:1216.00 tlayer:2 pbqpoffset:4.16 pbfactor:1.62 avgQpOffsetCutree:0.00;
in:156 out:149 type:k q:17.99 q-aq:12.88 q-noVbv:17.99 q-Rceq:1.00 tex:622843 mv:51800 misc:3453 icu:791.25 pcu:764.25 scu:4.50 tlayer:0 pbqpoffset:0.52 pbfactor:1.06 avgQpOffsetCutree:-6.62;
in:152 out:150 type:B q:21.27 q-aq:18.24 q-noVbv:21.27 q-Rceq:1.00 tex:135254 mv:45621 misc:4725 icu:109.25 pcu:1237.50 scu:213.25 tlayer:1 pbqpoffset:2.20 pbfactor:1.29 avgQpOffsetCutree:-3.41;
in:150 out:151 type:B q:23.43 q-aq:21.97 q-noVbv:23.43 q-Rceq:1.00 tex:1116 mv:4245 misc:1743 icu:0.00 pcu:812.75 scu:747.25 tlayer:2 pbqpoffset:3.83 pbfactor:1.56 avgQpOffsetCutree:-1.78;
in:149 out:152 type:b q:26.28 q-aq:26.00 q-noVbv:26.28 q-Rceq:1.00 tex:287 mv:1518 misc:955 icu:0.00 pcu:324.50 scu:1235.50 tlayer:3 pbqpoffset:6.41 pbfactor:2.10 avgQpOffsetCutree:0.00;
in:151 out:153 type:b q:25.54 q-aq:26.00 q-noVbv:25.54 q-Rceq:1.00 tex:16 mv:1008 misc:400 icu:0.00 pcu:639.25 scu:920.75 tlayer:3 pbqpoffset:6.21 pbfactor:2.05 avgQpOffsetCutree:0.00;
in:154 out:154 type:B q:22.36 q-aq:20.84 q-noVbv:22.36 q-Rceq:1.00 tex:7837 mv:5480 misc:2283 icu:1.50 pcu:884.75 scu:673.75 tlayer:2 pbqpoffset:3.83 pbfactor:1.56 avgQpOffsetCutree:-1.79;
in:153 out:155 type:b q:25.16 q-aq:25.00 q-noVbv:25.16 q-Rceq:1.00 tex:91 mv:1120 misc:413 icu:0.00 pcu:584.00 scu:976.00 tlayer:3 pbqpoffset:6.36 pbfactor:2.08 avgQpOffsetCutree:0.00;
in:155 out:156 type:b q:23.26 q-aq:23.04 q-noVbv:23.26 q-Rceq:1.00 tex:7638 mv:2745 misc:1649 icu:0.00 pcu:959.75 scu:600.25 tlayer:3 pbqpoffset:5.00 pbfactor:1.78 avgQpOffsetCutree:0.00;
in:160 out:157 type:k q:22.58 q-aq:17.14 q-noVbv:22.58 q-Rceq:1.00 tex:383292 mv:35920 misc:3780 icu:631.00 pcu:896.00 scu:33.00 tlayer:0 pbqpoffset:0.52 pbfactor:1.06 avgQpOffsetCutree:-6.83;
in:158 out:158 type:B q:23.22 q-aq:21.95 q-noVbv:23.22 q-Rceq:1.00 tex:7973 mv:6384 misc:2211 icu:9.00 pcu:922.25 scu:628.75 tlayer:1 pbqpoffset:2.93 pbfactor:1.40 avgQpOffsetCutree:-1.74;
in:157 out:159 type:b q:24.57 q-aq:25.00 q-noVbv:24.57 q-Rceq:1.00 tex:532 mv:1244 misc:656 icu:0.00 pcu:334.00 scu:1226.00 tlayer:2 pbqpoffset:5.43 pbfactor:1.87 avgQpOffsetCutree:0.00;
in:159 out:160 type:b q:26.59 q-aq:27.00 q-noVbv:26.59 q-Rceq:1.00 tex:842 mv:1330 misc:660 icu:2.25 pcu:318.75 scu:1239.00 tlayer:2 pbqpoffset:5.16 pbfactor:1.82 avgQpOffsetCutree:0.00;
in:168 out:161 type:k q:18.91 q-aq:13.23 q-noVbv:18.91 q-Rceq:1.00 tex:409745 mv:52867 misc:3676 icu:463.50 pcu:1084.25 scu:12.25 tlayer:0 pbqpoffset:0.41 pbfactor:1.05 avgQpOffsetCutree:-7.02;
in:164 out:162 type:B q:23.29 q-aq:19.57 q-noVbv:23.29 q-Rceq:1.00 tex:37276 mv:12616 misc:4156 icu:22.75 pcu:926.50 scu:610.75 tlayer:1 pbqpoffset:2.54 pbfactor:1.34 avgQpOffsetCutree:-3.51;
in:162 out:163 type:B q:25.32 q-aq:23.53 q-noVbv:25.32 q-Rceq:1.00 tex:9074 mv:6131 misc:2091 icu:2.00 pcu:1011.50 scu:546.50 tlayer:2 pbqpoffset:3.66 pbfactor:1.53 avgQpOffsetCutree:-1.74;
in:161 out:164 type:b q:28.48 q-aq:28.97 q-noVbv:28.48 q-Rceq:1.00 tex:972 mv:1415 misc:677 icu:5.75 pcu:211.00 scu:1343.25 tlayer:3 pbqpoffset:6.37 pbfactor:2.09 avgQpOffsetCutree:0.00;
in:163 out:165 type:b q:27.69 q-aq:28.00 q-noVbv:27.69 q-Rceq:1.00 tex:366 mv:1064 misc:538 icu:0.00 pcu:260.00 scu:1300.00 tlayer:3 pbqpoffset:6.49 pbfactor:2.12 avgQpOffsetCutree:0.00;
in:166 out:166 type:B q:23.77 q-aq:22.29 q-noVbv:23.77 q-Rceq:1.00 tex:6265 mv:5120 misc:2367 icu:1.75 pcu:945.00 scu:613.25 tlayer:2 pbqpoffset:3.94 pbfactor:1.58 avgQpOffsetCutree:-1.61;
in:165 out:167 type:b q:25.33 q-aq:25.09 q-noVbv:25.33 q-Rceq:1.00 tex:3116 mv:3190 misc:1614 icu:0.00 pcu:763.75 scu:796.25 tlayer:3 pbqpoffset:5.04 pbfactor:1.79 avgQpOffsetCutree:0.00;
in:167 out:168 type:b q:24.28 q-aq:24.10 q-noVbv:24.28 q-Rceq:1.00 tex:1793 mv:2554 misc:1309 icu:0.25 pcu:782.50 scu:777.25 tlayer:3 pbqpoffset:4.91 pbfactor:1.76 avgQpOffsetCutree:0.00;
in:176 out:169 type:k q:18.51 q-aq:12.92 q-noVbv:18.51 q-Rceq:1.00 tex:416502 mv:56559 misc:3843 icu:414.75 pcu:1123.25 scu:22.00 tlayer:0 pbqpoffset:0.58 pbfactor:1.07 avgQpOffsetCutree:-7.14;
in:172 out:170 type:B q:21.49 q-aq:18.25 q-noVbv:21.49 q-Rceq:1.00 tex:64215 mv:13040 misc:4153 icu:33.50 pcu:1094.50 scu:432.00 tlayer:1 pbqpoffset:2.77 pbfactor:1.38 avgQpOffsetCutree:-3.43;
in:170 out:171 type:B q:22.31 q-aq:21.06 q-noVbv:22.31 q-Rceq:1.00 tex:18534 mv:7319 misc:2739 icu:2.00 pcu:1018.00 scu:540.00 tlayer:2 pbqpoffset:3.50 pbfactor:1.50 avgQpOffsetCutree:-1.76;
in:169 out:172 type:b q:24.97 q-aq:25.01 q-noVbv:24.97 q-Rceq:1.00 tex:1180 mv:1551 misc:717 icu:1.00 pcu:208.25 scu:1350.75 tlayer:3 pbqpoffset:6.11 pbfactor:2.03 avgQpOffsetCutree:0.00;
in:171 out:173 type:b q:24.58 q-aq:25.00 q-noVbv:24.58 q-Rceq:1.00 tex:1310 mv:1924 misc:670 icu:2.00 pcu:749.50 scu:808.50 tlayer:3 pbqpoffset:5.82 pbfactor:1.96 avgQpOffsetCutree:0.00;
in:174 out:174 type:B q:22.34 q-aq:20.98 q-noVbv:22.34 q-Rceq:1.00 tex:12177 mv:6238 misc:2665 icu:9.75 pcu:918.25 scu:632.00 tlayer:2 pbqpoffset:3.72 pbfactor:1.54 avgQpOffsetCutree:-1.81;
in:173 out:175 type:b q:24.91 q-aq:25.00 q-noVbv:24.91 q-Rceq:1.00 tex:938 mv:1607 misc:743 icu:2.50 pcu:531.75 scu:1025.75 tlayer:3 pbqpoffset:6.25 pbfactor:2.06 avgQpOffsetCutree:0.00;
in:175 out:176 type:b q:25.59 q-aq:26.00 q-noVbv:25.59 q-Rceq:1.00 tex:745 mv:1533 misc:698 icu:2.75 pcu:228.25 scu:1329.00 tlayer:3 pbqpoffset:7.03 pbfactor:2.25 avgQpOffsetCutree:0.00;
in:184 out:177 type:k q:17.98 q-aq:12.66 q-noVbv:17.98 q-Rceq:1.00 tex:373161 mv:50821 misc:3962 icu:365.50 pcu:1153.50 scu:41.00 tlayer:0 pbqpoffset:0.69 pbfactor:1.08 avgQpOffsetCutree:-6.66;
in:180 out:178 type:B q:20.72 q-aq:17.20 q-noVbv:20.72 q-Rceq:1.00 tex:82676 mv:13833 misc:3611 icu:9.50 pcu:1232.00 scu:318.50 tlayer:1 pbqpoffset:2.48 pbfactor:1.33 avgQpOffsetCutree:-3.65;
in:178 out:179 type:B q:22.00 q-aq:20.43 q-noVbv:22.00 q-Rceq:1.00 tex:5828 mv:5473 misc:1715 icu:0.75 pcu:1065.00 scu:494.25 tlayer:2 pbqpoffset:3.62 pbfactor:1.52 avgQpOffsetCutree:-1.82;
in:177 out:180 type:b q:23.98 q-aq:24.00 q-noVbv:23.98 q-Rceq:1.00 tex:750 mv:1402 misc:760 icu:0.00 pcu:284.25 scu:1275.75 tlayer:3 pbqpoffset:5.54 pbfactor:1.90 avgQpOffsetCutree:0.00;
in:179 out:181 type:b q:24.04 q-aq:24.00 q-noVbv:24.04 q-Rceq:1.00 tex:247 mv:1192 misc:649 icu:0.00 pcu:317.25 scu:1242.75 tlayer:3 pbqpoffset:5.73 pbfactor:1.94 avgQpOffsetCutree:0.00;
in:182 out:182 type:B q:21.76 q-aq:20.36 q-noVbv:21.76 q-Rceq:1.00 tex:8540 mv:4227 misc:2513 icu:0.75 pcu:943.75 scu:615.50 tlayer:2 pbqpoffset:3.65 pbfactor:1.52 avgQpOffsetCutree:-1.68;
in:181 out:183 type:b q:24.13 q-aq:24.00 q-noVbv:24.13 q-Rceq:1.00 tex:394 mv:1041 misc:725 icu:0.00 pcu:246.00 scu:1314.00 tlayer:3 pbqpoffset:5.95 pbfactor:1.99 avgQpOffsetCutree:0.00;
in:183 out:184 type:b q:23.64 q-aq:24.00 q-noVbv:23.64 q-Rceq:1.00 tex:580 mv:1025 misc:699 icu:0.00 pcu:253.25 scu:1306.75 tlayer:3 pbqpoffset:5.60 pbfactor:1.91 avgQpOffsetCutree:0.00;
in:188 out:185 type:k q:21.44 q-aq:16.21 q-noVbv:21.44 q-Rceq:1.00 tex:454487 mv:33329 misc:3600 icu:405.75 pcu:1129.00 scu:25.25 tlayer:0 pbqpoffset:0.72 pbfactor:1.09 avgQpOffsetCutree:-6.65;
in:186 out:186 type:B q:22.53 q-aq:21.27 q-noVbv:22.53 q-Rceq:1.00 tex:7428 mv:6272 misc:2284 icu:1.50 pcu:1069.00 scu:489.50 tlayer:1 pbqpoffset:2.82 pbfactor:1.39 avgQpOffsetCutree:-1.79;
in:185 out:187 type:b q:24.49 q-aq:24.33 q-noVbv:24.49 q-Rceq:1.00 tex:715 mv:1317 misc:776 icu:0.00 pcu:244.25 scu:1315.75 tlayer:2 pbqpoffset:5.65 pbfactor:1.92 avgQpOffsetCutree:0.00;
in:187 out:188 type:b q:26.09 q-aq:26.00 q-noVbv:26.09 q-Rceq:1.00 tex:540 mv:1412 misc:712 icu:0.00 pcu:178.25 scu:1381.75 tlayer:2 pbqpoffset:5.51 pbfactor:1.89 avgQpOffsetCutree:0.00;
in:192 out:189 type:k q:21.97 q-aq:16.21 q-noVbv:21.97 q-Rceq:1.00 tex:433466 mv:36989 misc:3969 icu:613.50 pcu:901.50 scu:45.00 tlayer:0 pbqpoffset:0.72 pbfactor:1.09 avgQpOffsetCutree:-6.98;
in:190 out:190 type:B q:24.56 q-aq:23.11 q-noVbv:24.56 q-Rceq:1.00 tex:3924 mv:4863 misc:1693 icu:1.50 pcu:1180.00 scu:378.50 tlayer:1 pbqpoffset:2.85 pbfactor:1.39 avgQpOffsetCutree:-1.74;
in:189 out:191 type:b q:26.53 q-aq:27.00 q-noVbv:26.53 q-Rceq:1.00 tex:97 mv:957 misc:594 icu:0.00 pcu:138.50 scu:1421.50 tlayer:2 pbqpoffset:4.96 pbfactor:1.77 avgQpOffsetCutree:0.00;
in:191 out:192 type:b q:27.35 q-aq:27.24 q-noVbv:27.35 q-Rceq:1.00 tex:138 mv:1080 misc:590 icu:0.75 pcu:177.00 scu:1382.25 tlayer:2 pbqpoffset:5.52 pbfactor:1.89 avgQpOffsetCutree:0.00;
in:200 out:193 type:k q:18.69 q-aq:12.67 q-noVbv:18.69 q-Rceq:1.00 tex:410112 mv:50791 misc:3577 icu:410.00 pcu:1137.75 scu:12.25 tlayer:0 pbqpoffset:0.67 pbfactor:1.08 avgQpOffsetCutree:-7.11;
in:196 out:194 type:B q:22.61 q-aq:18.76 q-noVbv:22.61 q-Rceq:1.00 tex:46058 mv:11539 misc:4491 icu:18.50 pcu:973.00 scu:568.50 tlayer:1 pbqpoffset:2.28 pbfactor:1.30 avgQpOffsetCutree:-3.58;
in:194 out:195 type:B q:24.20 q-aq:22.64 q-noVbv:24.20 q-Rceq:1.00 tex:4138 mv:4426 misc:1604 icu:9.50 pcu:1081.75 scu:468.75 tlayer:2 pbqpoffset:3.05 pbfactor:1.42 avgQpOffsetCutree:-1.78;
in:193 out:196 type:b q:26.62 q-aq:27.00 q-noVbv:26.62 q-Rceq:1.00 tex:331 mv:1172 misc:641 icu:0.00 pcu:114.50 scu:1445.50 tlayer:3 pbqpoffset:5.07 pbfactor:1.80 avgQpOffsetCutree:0.00;
in:195 out:197 type:b q:26.53 q-aq:27.00 q-noVbv:26.53 q-Rceq:1.00 tex:352 mv:1354 misc:630 icu:0.50 pcu:234.00 scu:1325.50 tlayer:3 pbqpoffset:5.79 pbfactor:1.95 avgQpOffsetCutree:0.00;
in:198 out:198 type:B q:22.72 q-aq:21.07 q-noVbv:22.72 q-Rceq:1.00 tex:15911 mv:6166 misc:2715 icu:4.25 pcu:790.50 scu:765.25 tlayer:2 pbqpoffset:3.21 pbfactor:1.45 avgQpOffsetCutree:-1.79;
in:197 out:199 type:b q:25.56 q-aq:26.00 q-noVbv:25.56 q-Rceq:1.00 tex:147 mv:967 misc:582 icu:1.00 pcu:182.75 scu:1376.25 tlayer:3 pbqpoffset:5.63 pbfactor:1.92 avgQpOffsetCutree:0.00;
in:199 out:200 type:b q:24.59 q-aq:25.00 q-noVbv:24.59 q-Rceq:1.00 tex:469 mv:962 misc:609 icu:0.00 pcu:116.50 scu:1443.50 tlayer:3 pbqpoffset:5.49 pbfactor:1.89 avgQpOffsetCutree:0.00;
in:208 out:201 type:k q:18.74 q-aq:13.59 q-noVbv:18.74 q-Rceq:1.00 tex:353639 mv:51978 misc:4215 icu:434.75 pcu:1100.00 scu:25.25 tlayer:0 pbqpoffset:0.72 pbfactor:1.09 avgQpOffsetCutree:-6.60;
in:204 out:202 type:B q:21.27 q-aq:17.86 q-noVbv:21.27 q-Rceq:1.00 tex:75913 mv:14720 misc:4199 icu:30.00 pcu:1106.25 scu:423.75 tlayer:1 pbqpoffset:2.56 pbfactor:1.34 avgQpOffsetCutree:-3.53;
in:202 out:203 type:B q:22.03 q-aq:20.56 q-noVbv:22.03 q-Rceq:1.00 tex:14300 mv:6016 misc:2612 icu:3.50 pcu:1016.50 scu:540.00 tlayer:2 pbqpoffset:3.32 pbfactor:1.47 avgQpOffsetCutree:-1.86;
in:201 out:204 type:b q:25.01 q-aq:25.00 q-noVbv:25.01 q-Rceq:1.00 tex:418 mv:1057 misc:669 icu:1.00 pcu:172.50 scu:1386.50 tlayer:3 pbqpoffset:6.31 pbfactor:2.07 avgQpOffsetCutree:0.00;
in:203 out:205 type:b q:25.08 q-aq:25.00 q-noVbv:25.08 q-Rceq:1.00 tex:383 mv:1195 misc:702 icu:0.00 pcu:241.50 scu:1318.50 tlayer:3 pbqpoffset:6.37 pbfactor:2.09 avgQpOffsetCutree:0.00;
in:206 out:206 type:B q:21.97 q-aq:20.59 q-noVbv:21.97 q-Rceq:1.00 tex:20472 mv:7564 misc:2852 icu:2.50 pcu:1017.50 scu:540.00 tlayer:2 pbqpoffset:3.24 pbfactor:1.45 avgQpOffsetCutree:-1.79;
in:205 out:207 type:b q:24.70 q-aq:25.00 q-noVbv:24.70 q-Rceq:1.00 tex:799 mv:1473 misc:712 icu:0.50 pcu:288.50 scu:1271.00 tlayer:3 pbqpoffset:5.98 pbfactor:2.00 avgQpOffsetCutree:0.00;
in:207 out:208 type:b q:24.28 q-aq:24.03 q-noVbv:24.28 q-Rceq:1.00 tex:1107 mv:1619 misc:786 icu:0.00 pcu:296.25 scu:1263.75 tlayer:3 pbqpoffset:5.55 pbfactor:1.90 avgQpOffsetCutree:0.00;
in:216 out:209 type:k q:18.78 q-aq:14.20 q-noVbv:18.78 q-Rceq:1.00 tex:350956 mv:51555 misc:4281 icu:512.75 pcu:1012.00 scu:35.25 tlayer:0 pbqpoffset:0.83 pbfactor:1.10 avgQpOffsetCutree:-6.19;
in:212 out:210 type:B q:21.15 q-aq:18.12 q-noVbv:21.15 q-Rceq:1.00 tex:84485 mv:13507 misc:3288 icu:64.25 pcu:1245.00 scu:250.75 tlayer:1 pbqpoffset:2.39 pbfactor:1.32 avgQpOffsetCutree:-3.45;
in:210 out:211 type:B q:22.72 q-aq:21.19 q-noVbv:22.72 q-Rceq:1.00 tex:11625 mv:5543 misc:2680 icu:5.50 pcu:644.75 scu:909.75 tlayer:2 pbqpoffset:3.98 pbfactor:1.58 avgQpOffsetCutree:-1.74;
in:209 out:212 type:b q:25.72 q-aq:26.00 q-noVbv:25.72 q-Rceq:1.00 tex:556 mv:1456 misc:836 icu:0.25 pcu:271.00 scu:1288.75 tlayer:3 pbqpoffset:6.98 pbfactor:2.24 avgQpOffsetCutree:0.00;
in:211 out:213 type:b q:25.27 q-aq:25.17 q-noVbv:25.27 q-Rceq:1.00 tex:705 mv:1612 misc:787 icu:1.75 pcu:390.00 scu:1168.25 tlayer:3 pbqpoffset:6.52 pbfactor:2.12 avgQpOffsetCutree:0.00;
in:214 out:214 type:B q:22.57 q-aq:21.32 q-noVbv:22.57 q-Rceq:1.00 tex:15786 mv:6844 misc:2698 icu:12.75 pcu:955.75 scu:591.50 tlayer:2 pbqpoffset:3.80 pbfactor:1.55 avgQpOffsetCutree:-1.76;
in:213 out:215 type:b q:25.74 q-aq:26.00 q-noVbv:25.74 q-Rceq:1.00 tex:874 mv:1282 misc:716 icu:0.00 pcu:257.50 scu:1302.50 tlayer:3 pbqpoffset:6.98 pbfactor:2.24 avgQpOffsetCutree:0.00;
in:215 out:216 type:b q:25.75 q-aq:26.00 q-noVbv:25.75 q-Rceq:1.00 tex:873 mv:1275 misc:732 icu:0.50 pcu:226.25 scu:1333.25 tlayer:3 pbqpoffset:6.98 pbfactor:2.24 avgQpOffsetCutree:0.00;
in:220 out:217 type:k q:21.68 q-aq:17.06 q-noVbv:21.68 q-Rceq:1.00 tex:430588 mv:34154 misc:3802 icu:553.00 pcu:996.00 scu:11.00 tlayer:0 pbqpoffset:0.97 pbfactor:1.12 avgQpOffsetCutree:-6.17;
in:218 out:218 type:B q:23.27 q-aq:22.11 q-noVbv:23.27 q-Rceq:1.00 tex:13310 mv:6975 misc:2491 icu:6.50 pcu:848.00 scu:705.50 tlayer:1 pbqpoffset:3.05 pbfactor:1.42 avgQpOffsetCutree:-1.76;
in:217 out:219 type:b q:24.59 q-aq:25.00 q-noVbv:24.59 q-Rceq:1.00 tex:3602 mv:2310 misc:1608 icu:0.50 pcu:396.00 scu:1163.50 tlayer:2 pbqpoffset:5.09 pbfactor:1.80 avgQpOffsetCutree:0.00;
in:219 out:220 type:b q:26.02 q-aq:26.00 q-noVbv:26.02 q-Rceq:1.00 tex:1526 mv:2130 misc:1440 icu:0.00 pcu:431.00 scu:1129.00 tlayer:2 pbqpoffset:5.07 pbfactor:1.80 avgQpOffsetCutree:0.00;
in:224 out:221 type:k q:22.03 q-aq:17.01 q-noVbv:22.03 q-Rceq:1.00 tex:409764 mv:38394 misc:4314 icu:698.00 pcu:792.00 scu:70.00 tlayer:0 pbqpoffset:0.97 pbfactor:1.12 avgQpOffsetCutree:-6.38;
in:222 out:222 type:B q:24.77 q-aq:23.52 q-noVbv:24.77 q-Rceq:1.00 tex:6423 mv:7064 misc:2033 icu:3.25 pcu:1044.25 scu:512.50 tlayer:1 pbqpoffset:2.92 pbfactor:1.40 avgQpOffsetCutree:-1.72;
in:221 out:223 type:b q:27.45 q-aq:27.24 q-noVbv:27.45 q-Rceq:1.00 tex:89 mv:1278 misc:673 icu:0.00 pcu:189.25 scu:1370.75 tlayer:2 pbqpoffset:5.69 pbfactor:1.93 avgQpOffsetCutree:0.00;
in:223 out:224 type:b q:26.64 q-aq:27.00 q-noVbv:26.64 q-Rceq:1.00 tex:291 mv:1586 misc:1051 icu:0.00 pcu:286.50 scu:1273.50 tlayer:2 pbqpoffset:4.69 pbfactor:1.72 avgQpOffsetCutree:0.00;
in:232 out:225 type:k q:18.90 q-aq:13.72 q-noVbv:18.90 q-Rceq:1.00 tex:378495 mv:46130 misc:3863 icu:530.75 pcu:1020.00 scu:9.25 tlayer:0 pbqpoffset:0.94 pbfactor:1.12 avgQpOffsetCutree:-6.45;
in:228 out:226 type:B q:22.79 q-aq:19.26 q-noVbv:22.79 q-Rceq:1.00 tex:35341 mv:12790 misc:4565 icu:23.50 pcu:907.00 scu:629.50 tlayer:1 pbqpoffset:2.33 pbfactor:1.31 avgQpOffsetCutree:-3.37;
in:226 out:227 type:B q:24.41 q-aq:23.16 q-noVbv:24.41 q-Rceq:1.00 tex:7857 mv:5840 misc:2431 icu:1.75 pcu:534.50 scu:1023.75 tlayer:2 pbqpoffset:3.16 pbfactor:1.44 avgQpOffsetCutree:-1.77;
in:225 out:228 type:b q:27.70 q-aq:28.00 q-noVbv:27.70 q-Rceq:1.00 tex:63 mv:1000 misc:625 icu:0.00 pcu:95.00 scu:1465.00 tlayer:3 pbqpoffset:6.06 pbfactor:2.01 avgQpOffsetCutree:0.00;
in:227 out:229 type:b q:27.03 q-aq:27.00 q-noVbv:27.03 q-Rceq:1.00 tex:173 mv:1204 misc:647 icu:0.25 pcu:154.75 scu:1405.00 tlayer:3 pbqpoffset:6.18 pbfactor:2.04 avgQpOffsetCutree:0.00;
in:230 out:230 type:B q:22.91 q-aq:21.38 q-noVbv:22.91 q-Rceq:1.00 tex:18770 mv:6579 misc:2571 icu:2.50 pcu:1075.75 scu:481.75 tlayer:2 pbqpoffset:3.23 pbfactor:1.45 avgQpOffsetCutree:-1.72;
in:229 out:231 type:b q:25.85 q-aq:26.00 q-noVbv:25.85 q-Rceq:1.00 tex:376 mv:1598 misc:754 icu:0.25 pcu:398.00 scu:1161.75 tlayer:3 pbqpoffset:5.77 pbfactor:1.95 avgQpOffsetCutree:0.00;
in:231 out:232 type:b q:25.68 q-aq:26.00 q-noVbv:25.68 q-Rceq:1.00 tex:478 mv:1170 misc:744 icu:0.00 pcu:118.75 scu:1441.25 tlayer:3 pbqpoffset:6.39 pbfactor:2.09 avgQpOffsetCutree:0.00;
in:240 out:233 type:k q:18.33 q-aq:13.81 q-noVbv:18.33 q-Rceq:1.00 tex:353342 mv:48301 misc:3973 icu:457.50 pcu:1081.25 scu:21.25 tlayer:0 pbqpoffset:1.03 pbfactor:1.13 avgQpOffsetCutree:-5.94;
in:236 out:234 type:B q:21.37 q-aq:18.11 q-noVbv:21.37 q-Rceq:1.00 tex:41238 mv:11668 misc:3318 icu:12.50 pcu:1167.25 scu:380.25 tlayer:1 pbqpoffset:2.75 pbfactor:1.37 avgQpOffsetCutree:-3.42;
in:234 out:235 type:B q:22.32 q-aq:21.19 q-noVbv:22.32 q-Rceq:1.00 tex:10398 mv:4757 misc:2165 icu:1.00 pcu:970.25 scu:588.75 tlayer:2 pbqpoffset:3.56 pbfactor:1.51 avgQpOffsetCutree:-1.75;
in:233 out:236 type:b q:25.72 q-aq:26.00 q-noVbv:25.72 q-Rceq:1.00 tex:384 mv:1300 misc:764 icu:0.00 pcu:182.75 scu:1377.25 tlayer:3 pbqpoffset:6.89 pbfactor:2.22 avgQpOffsetCutree:0.00;
in:235 out:237 type:b q:25.10 q-aq:25.00 q-noVbv:25.10 q-Rceq:1.00 tex:266 mv:1068 misc:690 icu:0.00 pcu:240.25 scu:1319.75 tlayer:3 pbqpoffset:6.42 pbfactor:2.10 avgQpOffsetCutree:0.00;
in:238 out:238 type:B q:22.37 q-aq:21.09 q-noVbv:22.37 q-Rceq:1.00 tex:5839 mv:4507 misc:1534 icu:3.25 pcu:991.25 scu:565.50 tlayer:2 pbqpoffset:3.89 pbfactor:1.57 avgQpOffsetCutree:-1.78;
in:237 out:239 type:b q:25.44 q-aq:25.20 q-noVbv:25.44 q-Rceq:1.00 tex:393 mv:1125 misc:602 icu:0.00 pcu:224.75 scu:1335.25 tlayer:3 pbqpoffset:6.89 pbfactor:2.22 avgQpOffsetCutree:0.00;
in:239 out:240 type:b q:24.67 q-aq:25.00 q-noVbv:24.67 q-Rceq:1.00 tex:540 mv:1281 misc:699 icu:0.00 pcu:307.25 scu:1252.75 tlayer:3 pbqpoffset:6.27 pbfactor:2.06 avgQpOffsetCutree:0.00;
in:249 out:241 type:k q:19.19 q-aq:16.28 q-noVbv:19.19 q-Rceq:1.00 tex:283607 mv:43752 misc:4649 icu:475.25 pcu:1005.50 scu:79.25 tlayer:0 pbqpoffset:0.93 pbfactor:1.11 avgQpOffsetCutree:-4.06;
in:245 out:242 type:B q:21.06 q-aq:17.48 q-noVbv:21.06 q-Rceq:1.00 tex:140554 mv:28546 misc:4836 icu:105.50 pcu:1216.25 scu:238.25 tlayer:1 pbqpoffset:2.25 pbfactor:1.30 avgQpOffsetCutree:-3.71;
in:243 out:243 type:B q:21.05 q-aq:19.29 q-noVbv:21.05 q-Rceq:1.00 tex:105494 mv:25266 misc:4696 icu:49.25 pcu:1228.25 scu:282.50 tlayer:2 pbqpoffset:2.43 pbfactor:1.32 avgQpOffsetCutree:-2.15;
in:242 out:244 type:B q:21.58 q-aq:21.47 q-noVbv:21.58 q-Rceq:1.00 tex:32840 mv:13697 misc:3431 icu:6.00 pcu:1187.25 scu:366.75 tlayer:3 pbqpoffset:3.06 pbfactor:1.42 avgQpOffsetCutree:-0.91;
in:241 out:245 type:b q:22.68 q-aq:23.00 q-noVbv:22.68 q-Rceq:1.00 tex:6088 mv:2451 misc:1861 icu:0.00 pcu:725.00 scu:835.00 tlayer:4 pbqpoffset:4.25 pbfactor:1.63 avgQpOffsetCutree:0.00;
in:244 out:246 type:b q:21.90 q-aq:22.07 q-noVbv:21.90 q-Rceq:1.00 tex:19337 mv:12176 misc:2559 icu:9.00 pcu:1139.25 scu:411.75 tlayer:3 pbqpoffset:3.18 pbfactor:1.44 avgQpOffsetCutree:0.00;
in:247 out:247 type:B q:21.98 q-aq:20.43 q-noVbv:21.98 q-Rceq:1.00 tex:33087 mv:13383 misc:3218 icu:21.75 pcu:985.00 scu:553.25 tlayer:2 pbqpoffset:2.97 pbfactor:1.41 avgQpOffsetCutree:-1.86;
in:246 out:248 type:b q:23.13 q-aq:23.20 q-noVbv:23.13 q-Rceq:1.00 tex:10244 mv:7505 misc:1731 icu:6.50 pcu:940.00 scu:613.50 tlayer:3 pbqpoffset:4.22 pbfactor:1.63 avgQpOffsetCutree:0.00;
in:248 out:249 type:b q:25.51 q-aq:25.77 q-noVbv:25.51 q-Rceq:1.00 tex:5631 mv:5500 misc:1493 icu:13.25 pcu:664.50 scu:882.25 tlayer:3 pbqpoffset:6.41 pbfactor:2.10 avgQpOffsetCutree:0.00;
