#options: cpuid=1173503 frame-threads=1 no-wpp no-pmode no-pme psnr no-ssim log-level=2 bitdepth=8 input-csp=1 fps=24000/1000 input-res=832x480 interlace=0 total-frames=240 level-idc=0 high-tier=1 uhd-bd=0 ref=4 no-allow-non-conformance no-repeat-headers annexb no-aud no-hrd info hash=0 no-temporal-layers open-gop min-keyint=1 keyint=5000 bframes=15 b-adapt=2 b-pyramid bframe-bias=0 rc-lookahead=40 lookahead-slices=0 scenecut=40 no-intra-refresh ctu=64 min-cu-size=8 rect amp max-tu-size=32 tu-inter-depth=3 tu-intra-depth=3 limit-tu=4 rdoq-level=2 dynamic-rd=0.00 no-ssim-rd signhide no-tskip nr-intra=0 nr-inter=0 no-constrained-intra strong-intra-smoothing max-merge=4 limit-refs=1 limit-modes me=3 subme=4 merange=57 temporal-mvp weightp weightb no-analyze-src-pics deblock=0:0 sao no-sao-non-deblock rd=6 no-early-skip rskip no-fast-intra no-tskip-fast no-cu-lossless b-intra rdpenalty=0 psy-rd=0.00 psy-rdoq=0.00 no-rd-refine analysis-reuse-mode=0 no-lossless cbqpoffs=0 crqpoffs=0 rc=abr bitrate=2000 qcomp=0.60 qpstep=4 stats-write=1 stats-read=0 slow-firstpass ipratio=1.40 pbratio=1.30 aq-mode=1 aq-strength=0.00 cutree zone-count=0 no-strict-cbr qg-size=64 no-rc-grain qpmax=69 qpmin=0 no-const-vbv sar=0 overscan=0 videoformat=5 range=0 colorprim=2 transfer=2 colormatrix=2 chromaloc=0 display-window=0 max-cll=0,0 min-luma=0 max-luma=255 log2-max-poc-lsb=8 vui-timing-info vui-hrd-info slices=1 opt-qp-pps opt-ref-list-length-pps no-multi-pass-opt-rps scenecut-bias=0.05 no-opt-cu-delta-qp no-aq-motion no-hdr no-hdr-opt no-dhdr10-opt analysis-reuse-level=5 scale-factor=0 refine-intra=0 refine-inter=0 refine-mv=0 no-limit-sao ctu-info=0 max-tlayer=4
in:0 out:0 type:I q:21.15 q-aq:14.65 q-noVbv:21.15 q-Rceq:0.98 tex:487638 mv:54255 misc:2691 icu:1560.00 pcu:0.00 scu:0.00 tlayer:0 pbqpoffset:0.00 pbfactor:1.00 avgQpOffsetCutree:-6.19;
in:16 out:1 type:k q:24.06 q-aq:17.57 q-noVbv:24.06 q-Rceq:0.98 tex:233749 mv:39360 misc:4907 icu:471.00 pcu:839.00 scu:250.00 tlayer:0 pbqpoffset:0.00 pbfactor:1.00 avgQpOffsetCutree:-6.50;
in:8 out:2 type:B q:26.24 q-aq:20.99 q-noVbv:26.24 q-Rceq:0.98 tex:80163 mv:24376 misc:4493 icu:154.00 pcu:865.50 scu:540.50 tlayer:1 pbqpoffset:2.18 pbfactor:1.29 avgQpOffsetCutree:-4.64;
in:4 out:3 type:B q:27.40 q-aq:23.52 q-noVbv:27.40 q-Rceq:0.98 tex:10938 mv:7058 misc:2660 icu:11.25 pcu:490.25 scu:1058.50 tlayer:2 pbqpoffset:3.34 pbfactor:1.47 avgQpOffsetCutree:-3.24;
in:2 out:4 type:B q:28.10 q-aq:26.70 q-noVbv:28.10 q-Rceq:0.98 tex:2442 mv:3044 misc:1274 icu:0.50 pcu:246.75 scu:1312.75 tlayer:3 pbqpoffset:4.05 pbfactor:1.60 avgQpOffsetCutree:-1.67;
in:1 out:5 type:b q:31.10 q-aq:31.00 q-noVbv:31.10 q-Rceq:0.98 tex:39 mv:447 misc:338 icu:0.00 pcu:53.75 scu:1506.25 tlayer:4 pbqpoffset:7.05 pbfactor:2.26 avgQpOffsetCutree:0.00;
in:3 out:6 type:b q:31.10 q-aq:31.00 q-noVbv:31.10 q-Rceq:0.98 tex:4 mv:480 misc:332 icu:0.00 pcu:65.25 scu:1494.75 tlayer:4 pbqpoffset:7.05 pbfactor:2.26 avgQpOffsetCutree:0.00;
in:6 out:7 type:B q:28.10 q-aq:26.63 q-noVbv:28.10 q-Rceq:0.98 tex:2543 mv:2932 misc:1101 icu:0.25 pcu:358.50 scu:1201.25 tlayer:3 pbqpoffset:4.05 pbfactor:1.60 avgQpOffsetCutree:-1.64;
in:5 out:8 type:b q:31.10 q-aq:31.00 q-noVbv:31.10 q-Rceq:0.98 tex:56 mv:687 misc:393 icu:0.00 pcu:100.50 scu:1459.50 tlayer:4 pbqpoffset:7.05 pbfactor:2.26 avgQpOffsetCutree:0.00;
in:7 out:9 type:b q:31.10 q-aq:31.00 q-noVbv:31.10 q-Rceq:0.98 tex:9 mv:598 misc:369 icu:0.00 pcu:103.00 scu:1457.00 tlayer:4 pbqpoffset:7.05 pbfactor:2.26 avgQpOffsetCutree:0.00;
in:12 out:10 type:B q:27.20 q-aq:23.65 q-noVbv:27.20 q-Rceq:0.98 tex:10910 mv:8491 misc:2471 icu:11.00 pcu:482.50 scu:1066.50 tlayer:2 pbqpoffset:3.14 pbfactor:1.44 avgQpOffsetCutree:-3.25;
in:10 out:11 type:B q:28.10 q-aq:26.50 q-noVbv:28.10 q-Rceq:0.98 tex:2279 mv:3548 misc:1309 icu:1.75 pcu:306.75 scu:1251.50 tlayer:3 pbqpoffset:4.05 pbfactor:1.60 avgQpOffsetCutree:-1.65;
in:9 out:12 type:b q:31.10 q-aq:31.00 q-noVbv:31.10 q-Rceq:0.98 tex:97 mv:543 misc:384 icu:0.00 pcu:44.75 scu:1515.25 tlayer:4 pbqpoffset:7.05 pbfactor:2.26 avgQpOffsetCutree:0.00;
in:11 out:13 type:b q:31.10 q-aq:31.00 q-noVbv:31.10 q-Rceq:0.98 tex:63 mv:595 misc:414 icu:0.00 pcu:110.75 scu:1449.25 tlayer:4 pbqpoffset:7.05 pbfactor:2.26 avgQpOffsetCutree:0.00;
in:14 out:14 type:B q:28.10 q-aq:26.70 q-noVbv:28.10 q-Rceq:0.98 tex:2643 mv:3499 misc:1234 icu:2.50 pcu:284.00 scu:1273.50 tlayer:3 pbqpoffset:4.05 pbfactor:1.60 avgQpOffsetCutree:-1.65;
in:13 out:15 type:b q:31.10 q-aq:31.00 q-noVbv:31.10 q-Rceq:0.98 tex:275 mv:681 misc:452 icu:0.00 pcu:74.75 scu:1485.25 tlayer:4 pbqpoffset:7.04 pbfactor:2.26 avgQpOffsetCutree:0.00;
in:15 out:16 type:b q:31.10 q-aq:31.00 q-noVbv:31.10 q-Rceq:0.98 tex:233 mv:568 misc:455 icu:0.25 pcu:46.75 scu:1513.00 tlayer:4 pbqpoffset:7.05 pbfactor:2.26 avgQpOffsetCutree:0.00;
in:32 out:17 type:k q:20.06 q-aq:14.22 q-noVbv:20.06 q-Rceq:0.98 tex:493196 mv:53666 misc:2442 icu:1528.50 pcu:31.00 scu:0.50 tlayer:0 pbqpoffset:0.00 pbfactor:1.00 avgQpOffsetCutree:-6.70;
in:24 out:18 type:B q:23.99 q-aq:19.31 q-noVbv:23.99 q-Rceq:0.98 tex:137871 mv:30453 misc:4428 icu:251.75 pcu:1000.25 scu:308.00 tlayer:1 pbqpoffset:1.93 pbfactor:1.25 avgQpOffsetCutree:-4.47;
in:20 out:19 type:B q:26.81 q-aq:23.34 q-noVbv:26.81 q-Rceq:0.98 tex:10059 mv:7548 misc:2393 icu:9.50 pcu:423.25 scu:1127.25 tlayer:2 pbqpoffset:3.75 pbfactor:1.54 avgQpOffsetCutree:-3.25;
in:18 out:20 type:B q:27.31 q-aq:25.71 q-noVbv:27.31 q-Rceq:0.98 tex:2126 mv:3512 misc:1266 icu:3.25 pcu:323.50 scu:1233.25 tlayer:3 pbqpoffset:3.75 pbfactor:1.54 avgQpOffsetCutree:-1.72;
in:17 out:21 type:b q:30.56 q-aq:31.00 q-noVbv:30.56 q-Rceq:0.98 tex:251 mv:688 misc:501 icu:0.00 pcu:57.25 scu:1502.75 tlayer:4 pbqpoffset:6.75 pbfactor:2.18 avgQpOffsetCutree:0.00;
in:19 out:22 type:b q:30.06 q-aq:30.00 q-noVbv:30.06 q-Rceq:0.98 tex:310 mv:796 misc:518 icu:0.00 pcu:76.25 scu:1483.75 tlayer:4 pbqpoffset:6.75 pbfactor:2.18 avgQpOffsetCutree:0.00;
in:22 out:23 type:B q:26.31 q-aq:24.93 q-noVbv:26.31 q-Rceq:0.98 tex:2820 mv:3285 misc:1615 icu:3.50 pcu:212.75 scu:1343.75 tlayer:3 pbqpoffset:3.75 pbfactor:1.54 avgQpOffsetCutree:-1.65;
in:21 out:24 type:b q:29.54 q-aq:30.00 q-noVbv:29.54 q-Rceq:0.98 tex:162 mv:666 misc:428 icu:0.00 pcu:93.00 scu:1467.00 tlayer:4 pbqpoffset:6.73 pbfactor:2.18 avgQpOffsetCutree:0.00;
in:23 out:25 type:b q:29.05 q-aq:29.00 q-noVbv:29.05 q-Rceq:0.98 tex:137 mv:558 misc:417 icu:0.50 pcu:68.75 scu:1490.75 tlayer:4 pbqpoffset:6.74 pbfactor:2.18 avgQpOffsetCutree:0.00;
in:28 out:26 type:B q:24.64 q-aq:20.87 q-noVbv:24.64 q-Rceq:0.98 tex:18781 mv:8242 misc:3169 icu:21.00 pcu:667.75 scu:871.25 tlayer:2 pbqpoffset:3.58 pbfactor:1.51 avgQpOffsetCutree:-3.36;
in:26 out:27 type:B q:25.31 q-aq:23.85 q-noVbv:25.31 q-Rceq:0.98 tex:2734 mv:3544 misc:1570 icu:2.50 pcu:406.25 scu:1151.25 tlayer:3 pbqpoffset:3.75 pbfactor:1.54 avgQpOffsetCutree:-1.63;
in:25 out:28 type:b q:28.56 q-aq:29.00 q-noVbv:28.56 q-Rceq:0.98 tex:74 mv:810 misc:524 icu:0.25 pcu:212.25 scu:1347.50 tlayer:4 pbqpoffset:6.75 pbfactor:2.18 avgQpOffsetCutree:0.00;
in:27 out:29 type:b q:28.06 q-aq:28.00 q-noVbv:28.06 q-Rceq:0.98 tex:96 mv:823 misc:473 icu:0.00 pcu:249.25 scu:1310.75 tlayer:4 pbqpoffset:6.75 pbfactor:2.18 avgQpOffsetCutree:0.00;
in:30 out:30 type:B q:24.31 q-aq:23.02 q-noVbv:24.31 q-Rceq:0.98 tex:3369 mv:3514 misc:1517 icu:2.25 pcu:392.25 scu:1165.50 tlayer:3 pbqpoffset:3.75 pbfactor:1.54 avgQpOffsetCutree:-1.58;
in:29 out:31 type:b q:27.56 q-aq:28.00 q-noVbv:27.56 q-Rceq:0.98 tex:100 mv:786 misc:474 icu:0.00 pcu:203.75 scu:1356.25 tlayer:4 pbqpoffset:6.75 pbfactor:2.18 avgQpOffsetCutree:0.00;
in:31 out:32 type:b q:27.06 q-aq:27.00 q-noVbv:27.06 q-Rceq:0.98 tex:14 mv:794 misc:560 icu:0.00 pcu:168.00 scu:1392.00 tlayer:4 pbqpoffset:6.75 pbfactor:2.18 avgQpOffsetCutree:0.00;
in:48 out:33 type:k q:17.69 q-aq:11.90 q-noVbv:17.69 q-Rceq:0.98 tex:572833 mv:54516 misc:3339 icu:703.75 pcu:831.75 scu:24.50 tlayer:0 pbqpoffset:0.00 pbfactor:1.00 avgQpOffsetCutree:-6.71;
in:40 out:34 type:B q:20.86 q-aq:16.20 q-noVbv:20.86 q-Rceq:0.98 tex:160509 mv:36070 misc:4853 icu:179.00 pcu:1101.00 scu:280.00 tlayer:1 pbqpoffset:1.98 pbfactor:1.26 avgQpOffsetCutree:-4.72;
in:36 out:35 type:B q:22.91 q-aq:19.53 q-noVbv:22.91 q-Rceq:0.98 tex:16370 mv:8468 misc:2874 icu:16.50 pcu:490.50 scu:1053.00 tlayer:2 pbqpoffset:3.45 pbfactor:1.49 avgQpOffsetCutree:-3.25;
in:34 out:36 type:B q:23.61 q-aq:22.10 q-noVbv:23.61 q-Rceq:0.98 tex:3596 mv:3526 misc:1534 icu:1.50 pcu:244.00 scu:1314.50 tlayer:3 pbqpoffset:3.85 pbfactor:1.56 avgQpOffsetCutree:-1.67;
in:33 out:37 type:b q:26.76 q-aq:27.00 q-noVbv:26.76 q-Rceq:0.98 tex:113 mv:635 misc:428 icu:0.00 pcu:131.25 scu:1428.75 tlayer:4 pbqpoffset:6.85 pbfactor:2.21 avgQpOffsetCutree:0.00;
in:35 out:38 type:b q:26.46 q-aq:26.13 q-noVbv:26.46 q-Rceq:0.98 tex:307 mv:756 misc:505 icu:0.25 pcu:70.25 scu:1489.50 tlayer:4 pbqpoffset:6.85 pbfactor:2.21 avgQpOffsetCutree:0.00;
in:38 out:39 type:B q:23.02 q-aq:21.34 q-noVbv:23.02 q-Rceq:0.98 tex:5407 mv:4252 misc:1797 icu:2.25 pcu:322.50 scu:1235.25 tlayer:3 pbqpoffset:3.85 pbfactor:1.56 avgQpOffsetCutree:-1.69;
in:37 out:40 type:b q:26.17 q-aq:26.00 q-noVbv:26.17 q-Rceq:0.98 tex:405 mv:903 misc:508 icu:0.00 pcu:165.50 scu:1394.50 tlayer:4 pbqpoffset:6.85 pbfactor:2.21 avgQpOffsetCutree:0.00;
in:39 out:41 type:b q:25.87 q-aq:26.00 q-noVbv:25.87 q-Rceq:0.98 tex:292 mv:695 misc:461 icu:0.00 pcu:100.50 scu:1459.50 tlayer:4 pbqpoffset:6.85 pbfactor:2.21 avgQpOffsetCutree:0.00;
in:44 out:42 type:B q:21.68 q-aq:17.92 q-noVbv:21.68 q-Rceq:0.98 tex:26283 mv:9056 misc:2925 icu:21.25 pcu:448.00 scu:1090.75 tlayer:2 pbqpoffset:3.40 pbfactor:1.48 avgQpOffsetCutree:-3.39;
in:42 out:43 type:B q:22.42 q-aq:20.91 q-noVbv:22.42 q-Rceq:0.98 tex:6490 mv:4090 misc:2020 icu:2.50 pcu:360.75 scu:1196.75 tlayer:3 pbqpoffset:3.85 pbfactor:1.56 avgQpOffsetCutree:-1.79;
in:41 out:44 type:b q:25.57 q-aq:26.00 q-noVbv:25.57 q-Rceq:0.98 tex:174 mv:754 misc:480 icu:0.25 pcu:170.00 scu:1389.75 tlayer:4 pbqpoffset:6.85 pbfactor:2.21 avgQpOffsetCutree:0.00;
in:43 out:45 type:b q:25.28 q-aq:25.12 q-noVbv:25.28 q-Rceq:0.98 tex:609 mv:1075 misc:564 icu:0.25 pcu:124.50 scu:1435.25 tlayer:4 pbqpoffset:6.85 pbfactor:2.21 avgQpOffsetCutree:0.00;
in:46 out:46 type:B q:21.83 q-aq:20.12 q-noVbv:21.83 q-Rceq:0.98 tex:7307 mv:3988 misc:1913 icu:0.75 pcu:276.50 scu:1282.75 tlayer:3 pbqpoffset:3.85 pbfactor:1.56 avgQpOffsetCutree:-1.71;
in:45 out:47 type:b q:24.98 q-aq:25.25 q-noVbv:24.98 q-Rceq:0.98 tex:170 mv:811 misc:523 icu:0.25 pcu:134.50 scu:1425.25 tlayer:4 pbqpoffset:6.85 pbfactor:2.21 avgQpOffsetCutree:0.00;
in:47 out:48 type:b q:24.68 q-aq:25.00 q-noVbv:24.68 q-Rceq:0.98 tex:803 mv:836 misc:497 icu:1.25 pcu:112.50 scu:1446.25 tlayer:4 pbqpoffset:6.85 pbfactor:2.21 avgQpOffsetCutree:0.00;
in:64 out:49 type:k q:13.69 q-aq:8.48 q-noVbv:13.69 q-Rceq:0.98 tex:934530 mv:67541 misc:2641 icu:1475.75 pcu:84.25 scu:0.00 tlayer:0 pbqpoffset:1.05 pbfactor:1.13 avgQpOffsetCutree:-6.85;
in:56 out:50 type:B q:17.81 q-aq:14.07 q-noVbv:17.81 q-Rceq:0.98 tex:337060 mv:41194 misc:4906 icu:384.25 pcu:1030.00 scu:145.75 tlayer:1 pbqpoffset:2.13 pbfactor:1.28 avgQpOffsetCutree:-4.55;
in:52 out:51 type:B q:20.50 q-aq:17.08 q-noVbv:20.50 q-Rceq:0.98 tex:37989 mv:11177 misc:3530 icu:72.75 pcu:532.00 scu:955.25 tlayer:2 pbqpoffset:3.81 pbfactor:1.55 avgQpOffsetCutree:-3.34;
in:50 out:52 type:B q:21.18 q-aq:19.81 q-noVbv:21.18 q-Rceq:0.98 tex:10588 mv:4902 misc:2382 icu:15.00 pcu:325.00 scu:1220.00 tlayer:3 pbqpoffset:3.99 pbfactor:1.59 avgQpOffsetCutree:-1.69;
in:49 out:53 type:b q:24.43 q-aq:24.89 q-noVbv:24.43 q-Rceq:0.98 tex:1158 mv:1258 misc:656 icu:2.00 pcu:96.75 scu:1461.25 tlayer:4 pbqpoffset:6.99 pbfactor:2.24 avgQpOffsetCutree:0.00;
in:51 out:54 type:b q:23.93 q-aq:24.24 q-noVbv:23.93 q-Rceq:0.98 tex:1885 mv:1346 misc:745 icu:5.00 pcu:186.50 scu:1368.50 tlayer:4 pbqpoffset:6.99 pbfactor:2.24 avgQpOffsetCutree:0.00;
in:54 out:55 type:B q:20.18 q-aq:18.91 q-noVbv:20.18 q-Rceq:0.98 tex:14919 mv:5499 misc:2462 icu:24.50 pcu:366.75 scu:1168.75 tlayer:3 pbqpoffset:3.99 pbfactor:1.59 avgQpOffsetCutree:-1.70;
in:53 out:56 type:b q:23.43 q-aq:23.70 q-noVbv:23.43 q-Rceq:0.98 tex:2308 mv:1599 misc:829 icu:6.25 pcu:164.00 scu:1389.75 tlayer:4 pbqpoffset:6.99 pbfactor:2.24 avgQpOffsetCutree:0.00;
in:55 out:57 type:b q:22.93 q-aq:23.03 q-noVbv:22.93 q-Rceq:0.98 tex:3746 mv:1717 misc:777 icu:8.75 pcu:244.50 scu:1306.75 tlayer:4 pbqpoffset:6.99 pbfactor:2.24 avgQpOffsetCutree:0.00;
in:60 out:58 type:B q:18.10 q-aq:14.81 q-noVbv:18.10 q-Rceq:0.98 tex:72396 mv:12356 misc:5272 icu:73.75 pcu:777.50 scu:708.75 tlayer:2 pbqpoffset:3.42 pbfactor:1.48 avgQpOffsetCutree:-3.35;
in:58 out:59 type:B q:19.18 q-aq:17.92 q-noVbv:19.18 q-Rceq:0.98 tex:20007 mv:6505 misc:2928 icu:36.50 pcu:445.00 scu:1078.50 tlayer:3 pbqpoffset:3.99 pbfactor:1.59 avgQpOffsetCutree:-1.66;
in:57 out:60 type:b q:22.43 q-aq:22.28 q-noVbv:22.43 q-Rceq:0.98 tex:2478 mv:1799 misc:987 icu:4.25 pcu:201.50 scu:1354.25 tlayer:4 pbqpoffset:6.99 pbfactor:2.24 avgQpOffsetCutree:0.00;
in:59 out:61 type:b q:21.93 q-aq:22.03 q-noVbv:21.93 q-Rceq:0.98 tex:4325 mv:2148 misc:871 icu:6.00 pcu:266.50 scu:1287.50 tlayer:4 pbqpoffset:6.99 pbfactor:2.24 avgQpOffsetCutree:0.00;
in:62 out:62 type:B q:18.18 q-aq:16.82 q-noVbv:18.18 q-Rceq:0.98 tex:30994 mv:7530 misc:3612 icu:22.25 pcu:558.75 scu:979.00 tlayer:3 pbqpoffset:3.99 pbfactor:1.59 avgQpOffsetCutree:-1.72;
in:61 out:63 type:b q:21.43 q-aq:21.28 q-noVbv:21.43 q-Rceq:0.98 tex:3715 mv:1949 misc:896 icu:11.00 pcu:232.75 scu:1316.25 tlayer:4 pbqpoffset:6.99 pbfactor:2.24 avgQpOffsetCutree:0.00;
in:63 out:64 type:b q:20.93 q-aq:21.06 q-noVbv:20.93 q-Rceq:0.98 tex:2316 mv:1584 misc:884 icu:0.25 pcu:243.50 scu:1316.25 tlayer:4 pbqpoffset:6.99 pbfactor:2.24 avgQpOffsetCutree:0.00;
in:80 out:65 type:k q:13.20 q-aq:7.63 q-noVbv:13.20 q-Rceq:0.98 tex:847578 mv:61989 misc:3105 icu:751.75 pcu:800.25 scu:8.00 tlayer:0 pbqpoffset:0.75 pbfactor:1.09 avgQpOffsetCutree:-6.82;
in:72 out:66 type:B q:15.54 q-aq:11.17 q-noVbv:15.54 q-Rceq:0.98 tex:325080 mv:43417 misc:5063 icu:235.75 pcu:1147.25 scu:177.00 tlayer:1 pbqpoffset:2.09 pbfactor:1.27 avgQpOffsetCutree:-4.84;
in:68 out:67 type:B q:16.66 q-aq:13.55 q-noVbv:16.66 q-Rceq:0.98 tex:52686 mv:11498 misc:3736 icu:34.50 pcu:641.75 scu:883.75 tlayer:2 pbqpoffset:3.10 pbfactor:1.43 avgQpOffsetCutree:-3.37;
in:66 out:68 type:B q:17.58 q-aq:16.25 q-noVbv:17.58 q-Rceq:0.98 tex:18633 mv:5658 misc:2717 icu:5.25 pcu:491.25 scu:1063.50 tlayer:3 pbqpoffset:3.96 pbfactor:1.58 avgQpOffsetCutree:-1.74;
in:65 out:69 type:b q:20.61 q-aq:21.01 q-noVbv:20.61 q-Rceq:0.98 tex:2408 mv:1760 misc:984 icu:1.75 pcu:272.00 scu:1286.25 tlayer:4 pbqpoffset:6.96 pbfactor:2.23 avgQpOffsetCutree:0.00;
in:67 out:70 type:b q:20.55 q-aq:20.97 q-noVbv:20.55 q-Rceq:0.98 tex:2158 mv:1376 misc:786 icu:0.25 pcu:153.50 scu:1406.25 tlayer:4 pbqpoffset:6.96 pbfactor:2.23 avgQpOffsetCutree:0.00;
in:70 out:71 type:B q:17.46 q-aq:16.17 q-noVbv:17.46 q-Rceq:0.98 tex:21595 mv:6390 misc:2703 icu:6.25 pcu:544.25 scu:1009.50 tlayer:3 pbqpoffset:3.96 pbfactor:1.58 avgQpOffsetCutree:-1.69;
in:69 out:72 type:b q:20.49 q-aq:20.41 q-noVbv:20.49 q-Rceq:0.98 tex:1392 mv:1403 misc:901 icu:0.00 pcu:309.75 scu:1250.25 tlayer:4 pbqpoffset:6.96 pbfactor:2.23 avgQpOffsetCutree:0.00;
in:71 out:73 type:b q:20.43 q-aq:20.43 q-noVbv:20.43 q-Rceq:0.98 tex:2104 mv:1773 misc:795 icu:1.75 pcu:198.75 scu:1359.50 tlayer:4 pbqpoffset:6.96 pbfactor:2.23 avgQpOffsetCutree:0.00;
in:76 out:74 type:B q:16.60 q-aq:13.64 q-noVbv:16.60 q-Rceq:0.98 tex:62001 mv:12463 misc:3856 icu:44.75 pcu:717.50 scu:797.75 tlayer:2 pbqpoffset:3.28 pbfactor:1.46 avgQpOffsetCutree:-3.18;
in:74 out:75 type:B q:17.34 q-aq:15.88 q-noVbv:17.34 q-Rceq:0.98 tex:18830 mv:5523 misc:2207 icu:15.25 pcu:466.50 scu:1078.25 tlayer:3 pbqpoffset:3.96 pbfactor:1.58 avgQpOffsetCutree:-1.78;
in:73 out:76 type:b q:20.37 q-aq:20.60 q-noVbv:20.37 q-Rceq:0.98 tex:2967 mv:1806 misc:1195 icu:2.00 pcu:351.25 scu:1206.75 tlayer:4 pbqpoffset:6.96 pbfactor:2.23 avgQpOffsetCutree:0.00;
in:75 out:77 type:b q:20.31 q-aq:20.55 q-noVbv:20.31 q-Rceq:0.98 tex:3690 mv:2401 misc:1549 icu:1.50 pcu:545.75 scu:1012.75 tlayer:4 pbqpoffset:6.96 pbfactor:2.23 avgQpOffsetCutree:0.00;
in:78 out:78 type:B q:17.22 q-aq:15.86 q-noVbv:17.22 q-Rceq:0.98 tex:22010 mv:5966 misc:2584 icu:9.50 pcu:456.75 scu:1093.75 tlayer:3 pbqpoffset:3.96 pbfactor:1.58 avgQpOffsetCutree:-1.80;
in:77 out:79 type:b q:20.25 q-aq:20.31 q-noVbv:20.25 q-Rceq:0.98 tex:3156 mv:1827 misc:753 icu:1.25 pcu:305.50 scu:1253.25 tlayer:4 pbqpoffset:6.96 pbfactor:2.23 avgQpOffsetCutree:0.00;
in:79 out:80 type:b q:20.19 q-aq:20.19 q-noVbv:20.19 q-Rceq:0.98 tex:1611 mv:1437 misc:808 icu:1.00 pcu:152.75 scu:1406.25 tlayer:4 pbqpoffset:6.96 pbfactor:2.23 avgQpOffsetCutree:0.00;
in:96 out:81 type:k q:14.01 q-aq:8.37 q-noVbv:14.01 q-Rceq:0.98 tex:911393 mv:65133 misc:2626 icu:1495.25 pcu:64.75 scu:0.00 tlayer:0 pbqpoffset:0.85 pbfactor:1.10 avgQpOffsetCutree:-7.11;
in:88 out:82 type:B q:15.63 q-aq:11.70 q-noVbv:15.63 q-Rceq:0.98 tex:382353 mv:43046 misc:4641 icu:334.00 pcu:1081.00 scu:145.00 tlayer:1 pbqpoffset:2.03 pbfactor:1.26 avgQpOffsetCutree:-4.73;
in:84 out:83 type:B q:16.93 q-aq:13.73 q-noVbv:16.93 q-Rceq:0.98 tex:67228 mv:13924 misc:4152 icu:31.25 pcu:728.50 scu:800.25 tlayer:2 pbqpoffset:3.53 pbfactor:1.50 avgQpOffsetCutree:-3.34;
in:82 out:84 type:B q:17.19 q-aq:15.80 q-noVbv:17.19 q-Rceq:0.98 tex:21852 mv:5953 misc:2787 icu:7.75 pcu:530.25 scu:1022.00 tlayer:3 pbqpoffset:3.89 pbfactor:1.57 avgQpOffsetCutree:-1.68;
in:81 out:85 type:b q:20.14 q-aq:20.14 q-noVbv:20.14 q-Rceq:0.98 tex:1937 mv:1398 misc:809 icu:0.75 pcu:113.00 scu:1446.25 tlayer:4 pbqpoffset:6.89 pbfactor:2.22 avgQpOffsetCutree:0.00;
in:83 out:86 type:b q:20.24 q-aq:20.08 q-noVbv:20.24 q-Rceq:0.98 tex:2379 mv:1352 misc:901 icu:0.00 pcu:157.00 scu:1403.00 tlayer:4 pbqpoffset:6.89 pbfactor:2.22 avgQpOffsetCutree:0.00;
in:86 out:87 type:B q:17.40 q-aq:16.47 q-noVbv:17.40 q-Rceq:0.98 tex:19680 mv:6086 misc:2386 icu:6.50 pcu:449.00 scu:1104.50 tlayer:3 pbqpoffset:3.89 pbfactor:1.57 avgQpOffsetCutree:-1.55;
in:85 out:88 type:b q:20.35 q-aq:20.25 q-noVbv:20.35 q-Rceq:0.98 tex:1297 mv:1320 misc:759 icu:1.75 pcu:214.25 scu:1344.00 tlayer:4 pbqpoffset:6.89 pbfactor:2.22 avgQpOffsetCutree:0.00;
in:87 out:89 type:b q:20.45 q-aq:20.29 q-noVbv:20.45 q-Rceq:0.98 tex:1168 mv:1371 misc:869 icu:0.00 pcu:125.00 scu:1435.00 tlayer:4 pbqpoffset:6.89 pbfactor:2.22 avgQpOffsetCutree:0.00;
in:92 out:90 type:B q:17.08 q-aq:13.84 q-noVbv:17.08 q-Rceq:0.98 tex:115649 mv:14018 misc:5101 icu:70.75 pcu:1025.25 scu:464.00 tlayer:2 pbqpoffset:3.27 pbfactor:1.46 avgQpOffsetCutree:-3.40;
in:90 out:91 type:B q:17.60 q-aq:16.38 q-noVbv:17.60 q-Rceq:0.98 tex:21042 mv:7349 misc:2969 icu:10.00 pcu:671.25 scu:878.75 tlayer:3 pbqpoffset:3.89 pbfactor:1.57 avgQpOffsetCutree:-1.69;
in:89 out:92 type:b q:20.55 q-aq:20.70 q-noVbv:20.55 q-Rceq:0.98 tex:3163 mv:1634 misc:1507 icu:0.50 pcu:269.25 scu:1290.25 tlayer:4 pbqpoffset:6.89 pbfactor:2.22 avgQpOffsetCutree:0.00;
in:91 out:93 type:b q:20.65 q-aq:21.01 q-noVbv:20.65 q-Rceq:0.98 tex:1454 mv:1504 misc:842 icu:0.00 pcu:128.00 scu:1432.00 tlayer:4 pbqpoffset:6.89 pbfactor:2.22 avgQpOffsetCutree:0.00;
in:94 out:94 type:B q:17.80 q-aq:16.65 q-noVbv:17.80 q-Rceq:0.98 tex:23887 mv:6011 misc:2822 icu:18.00 pcu:487.00 scu:1055.00 tlayer:3 pbqpoffset:3.89 pbfactor:1.57 avgQpOffsetCutree:-1.68;
in:93 out:95 type:b q:20.75 q-aq:21.14 q-noVbv:20.75 q-Rceq:0.98 tex:1589 mv:1324 misc:791 icu:0.75 pcu:172.00 scu:1387.25 tlayer:4 pbqpoffset:6.89 pbfactor:2.22 avgQpOffsetCutree:0.00;
in:95 out:96 type:b q:20.85 q-aq:21.08 q-noVbv:20.85 q-Rceq:0.98 tex:1231 mv:1125 misc:732 icu:0.25 pcu:102.00 scu:1457.75 tlayer:4 pbqpoffset:6.89 pbfactor:2.22 avgQpOffsetCutree:0.00;
in:112 out:97 type:k q:13.54 q-aq:7.40 q-noVbv:13.54 q-Rceq:0.98 tex:791412 mv:58317 misc:3055 icu:660.75 pcu:887.50 scu:11.75 tlayer:0 pbqpoffset:1.50 pbfactor:1.19 avgQpOffsetCutree:-6.99;
in:104 out:98 type:B q:15.66 q-aq:11.20 q-noVbv:15.66 q-Rceq:0.98 tex:274444 mv:42933 misc:5295 icu:189.75 pcu:1161.25 scu:209.00 tlayer:1 pbqpoffset:1.88 pbfactor:1.24 avgQpOffsetCutree:-4.77;
in:100 out:99 type:B q:16.46 q-aq:13.53 q-noVbv:16.46 q-Rceq:0.98 tex:51064 mv:11205 misc:3331 icu:17.50 pcu:632.75 scu:909.75 tlayer:2 pbqpoffset:2.57 pbfactor:1.35 avgQpOffsetCutree:-3.33;
in:98 out:100 type:B q:17.28 q-aq:16.02 q-noVbv:17.28 q-Rceq:0.98 tex:16682 mv:5446 misc:1880 icu:7.50 pcu:414.25 scu:1138.25 tlayer:3 pbqpoffset:3.32 pbfactor:1.47 avgQpOffsetCutree:-1.71;
in:97 out:101 type:b q:20.72 q-aq:21.01 q-noVbv:20.72 q-Rceq:0.98 tex:2151 mv:1554 misc:735 icu:0.00 pcu:214.50 scu:1345.50 tlayer:4 pbqpoffset:6.73 pbfactor:2.18 avgQpOffsetCutree:0.00;
in:99 out:102 type:b q:20.67 q-aq:21.01 q-noVbv:20.67 q-Rceq:0.98 tex:2007 mv:1190 misc:707 icu:1.75 pcu:156.25 scu:1402.00 tlayer:4 pbqpoffset:6.74 pbfactor:2.18 avgQpOffsetCutree:0.00;
in:102 out:103 type:B q:17.10 q-aq:15.67 q-noVbv:17.10 q-Rceq:0.98 tex:25153 mv:7146 misc:2837 icu:6.75 pcu:635.25 scu:918.00 tlayer:3 pbqpoffset:3.26 pbfactor:1.46 avgQpOffsetCutree:-1.66;
in:101 out:104 type:b q:20.61 q-aq:21.00 q-noVbv:20.61 q-Rceq:0.98 tex:2785 mv:1616 misc:719 icu:0.75 pcu:138.00 scu:1421.25 tlayer:4 pbqpoffset:6.74 pbfactor:2.18 avgQpOffsetCutree:0.00;
in:103 out:105 type:b q:19.52 q-aq:19.34 q-noVbv:19.52 q-Rceq:0.98 tex:4503 mv:1749 misc:1404 icu:0.50 pcu:351.75 scu:1207.75 tlayer:4 pbqpoffset:5.72 pbfactor:1.94 avgQpOffsetCutree:0.00;
in:108 out:106 type:B q:16.17 q-aq:12.92 q-noVbv:16.17 q-Rceq:0.98 tex:69914 mv:14342 misc:3904 icu:37.25 pcu:760.25 scu:762.50 tlayer:2 pbqpoffset:2.51 pbfactor:1.34 avgQpOffsetCutree:-3.36;
in:106 out:107 type:B q:17.42 q-aq:16.06 q-noVbv:17.42 q-Rceq:0.98 tex:20009 mv:6427 misc:2548 icu:9.75 pcu:505.75 scu:1044.50 tlayer:3 pbqpoffset:3.70 pbfactor:1.53 avgQpOffsetCutree:-1.65;
in:105 out:108 type:b q:20.08 q-aq:20.02 q-noVbv:20.08 q-Rceq:0.98 tex:2190 mv:1446 misc:1012 icu:0.00 pcu:241.50 scu:1318.50 tlayer:4 pbqpoffset:6.34 pbfactor:2.08 avgQpOffsetCutree:0.00;
in:107 out:109 type:b q:20.43 q-aq:20.25 q-noVbv:20.43 q-Rceq:0.98 tex:2793 mv:1463 misc:792 icu:0.25 pcu:126.25 scu:1433.50 tlayer:4 pbqpoffset:6.74 pbfactor:2.18 avgQpOffsetCutree:0.00;
in:110 out:110 type:B q:17.34 q-aq:16.07 q-noVbv:17.34 q-Rceq:0.98 tex:16762 mv:6187 misc:2427 icu:5.75 pcu:557.25 scu:997.00 tlayer:3 pbqpoffset:3.74 pbfactor:1.54 avgQpOffsetCutree:-1.78;
in:109 out:111 type:b q:20.37 q-aq:20.21 q-noVbv:20.37 q-Rceq:0.98 tex:1588 mv:1415 misc:925 icu:0.00 pcu:210.25 scu:1349.75 tlayer:4 pbqpoffset:6.74 pbfactor:2.18 avgQpOffsetCutree:0.00;
in:111 out:112 type:b q:20.31 q-aq:20.22 q-noVbv:20.31 q-Rceq:0.98 tex:1626 mv:1337 misc:885 icu:0.75 pcu:131.25 scu:1428.00 tlayer:4 pbqpoffset:6.74 pbfactor:2.18 avgQpOffsetCutree:0.00;
in:128 out:113 type:k q:14.25 q-aq:8.38 q-noVbv:14.25 q-Rceq:0.98 tex:869006 mv:63751 misc:2715 icu:1462.75 pcu:96.75 scu:0.50 tlayer:0 pbqpoffset:0.59 pbfactor:1.07 avgQpOffsetCutree:-7.15;
in:120 out:114 type:B q:15.70 q-aq:11.50 q-noVbv:15.70 q-Rceq:0.98 tex:339499 mv:36876 misc:4889 icu:271.50 pcu:1088.00 scu:200.50 tlayer:1 pbqpoffset:1.81 pbfactor:1.23 avgQpOffsetCutree:-4.68;
in:116 out:115 type:B q:17.08 q-aq:13.98 q-noVbv:17.08 q-Rceq:0.98 tex:60531 mv:12538 misc:3587 icu:24.25 pcu:736.00 scu:799.75 tlayer:2 pbqpoffset:3.37 pbfactor:1.48 avgQpOffsetCutree:-3.21;
in:114 out:116 type:B q:17.30 q-aq:16.02 q-noVbv:17.30 q-Rceq:0.98 tex:16240 mv:6248 misc:2520 icu:5.75 pcu:510.25 scu:1044.00 tlayer:3 pbqpoffset:3.67 pbfactor:1.53 avgQpOffsetCutree:-1.75;
in:113 out:117 type:b q:20.25 q-aq:20.67 q-noVbv:20.25 q-Rceq:0.98 tex:1124 mv:1034 misc:730 icu:0.00 pcu:66.50 scu:1493.50 tlayer:4 pbqpoffset:6.67 pbfactor:2.16 avgQpOffsetCutree:0.00;
in:115 out:118 type:b q:20.34 q-aq:20.52 q-noVbv:20.34 q-Rceq:0.98 tex:515 mv:803 misc:634 icu:0.00 pcu:85.75 scu:1474.25 tlayer:4 pbqpoffset:6.67 pbfactor:2.16 avgQpOffsetCutree:0.00;
in:118 out:119 type:B q:17.48 q-aq:16.13 q-noVbv:17.48 q-Rceq:0.98 tex:16468 mv:5843 misc:2393 icu:3.25 pcu:569.50 scu:987.25 tlayer:3 pbqpoffset:3.67 pbfactor:1.53 avgQpOffsetCutree:-1.73;
in:117 out:120 type:b q:20.43 q-aq:20.03 q-noVbv:20.43 q-Rceq:0.98 tex:327 mv:974 misc:763 icu:0.00 pcu:177.50 scu:1382.50 tlayer:4 pbqpoffset:6.67 pbfactor:2.16 avgQpOffsetCutree:0.00;
in:119 out:121 type:b q:20.52 q-aq:20.55 q-noVbv:20.52 q-Rceq:0.98 tex:781 mv:992 misc:731 icu:0.25 pcu:107.00 scu:1452.75 tlayer:4 pbqpoffset:6.67 pbfactor:2.16 avgQpOffsetCutree:0.00;
in:124 out:122 type:B q:17.18 q-aq:13.84 q-noVbv:17.18 q-Rceq:0.98 tex:79229 mv:12462 misc:5157 icu:35.50 pcu:935.25 scu:589.25 tlayer:2 pbqpoffset:3.11 pbfactor:1.43 avgQpOffsetCutree:-3.40;
in:122 out:123 type:B q:17.65 q-aq:16.23 q-noVbv:17.65 q-Rceq:0.98 tex:12269 mv:4946 misc:2633 icu:6.75 pcu:516.25 scu:1037.00 tlayer:3 pbqpoffset:3.67 pbfactor:1.53 avgQpOffsetCutree:-1.75;
in:121 out:124 type:b q:20.61 q-aq:21.00 q-noVbv:20.61 q-Rceq:0.98 tex:1622 mv:1190 misc:764 icu:0.00 pcu:213.25 scu:1346.75 tlayer:4 pbqpoffset:6.67 pbfactor:2.16 avgQpOffsetCutree:0.00;
in:123 out:125 type:b q:20.70 q-aq:21.00 q-noVbv:20.70 q-Rceq:0.98 tex:1578 mv:1688 misc:958 icu:0.25 pcu:309.00 scu:1250.75 tlayer:4 pbqpoffset:6.67 pbfactor:2.16 avgQpOffsetCutree:0.00;
in:126 out:126 type:B q:17.83 q-aq:16.45 q-noVbv:17.83 q-Rceq:0.98 tex:15066 mv:4549 misc:2561 icu:3.75 pcu:405.50 scu:1150.75 tlayer:3 pbqpoffset:3.67 pbfactor:1.53 avgQpOffsetCutree:-1.69;
in:125 out:127 type:b q:20.78 q-aq:21.00 q-noVbv:20.78 q-Rceq:0.98 tex:1176 mv:885 misc:683 icu:0.25 pcu:136.25 scu:1423.50 tlayer:4 pbqpoffset:6.67 pbfactor:2.16 avgQpOffsetCutree:0.00;
in:127 out:128 type:b q:20.87 q-aq:21.00 q-noVbv:20.87 q-Rceq:0.98 tex:364 mv:778 misc:714 icu:0.00 pcu:211.75 scu:1348.25 tlayer:4 pbqpoffset:6.67 pbfactor:2.16 avgQpOffsetCutree:0.00;
in:144 out:129 type:k q:13.70 q-aq:7.41 q-noVbv:13.70 q-Rceq:0.98 tex:731345 mv:55797 misc:3226 icu:619.25 pcu:919.00 scu:21.75 tlayer:0 pbqpoffset:0.91 pbfactor:1.11 avgQpOffsetCutree:-6.95;
in:136 out:130 type:B q:15.74 q-aq:11.40 q-noVbv:15.74 q-Rceq:0.98 tex:225770 mv:38480 misc:5358 icu:165.25 pcu:1124.75 scu:270.00 tlayer:1 pbqpoffset:1.76 pbfactor:1.23 avgQpOffsetCutree:-4.59;
in:132 out:131 type:B q:16.47 q-aq:13.01 q-noVbv:16.47 q-Rceq:0.98 tex:46268 mv:12273 misc:3395 icu:24.75 pcu:670.75 scu:864.50 tlayer:2 pbqpoffset:2.36 pbfactor:1.31 avgQpOffsetCutree:-3.51;
in:130 out:132 type:B q:17.81 q-aq:16.24 q-noVbv:17.81 q-Rceq:0.98 tex:9658 mv:4367 misc:1783 icu:1.75 pcu:416.25 scu:1142.00 tlayer:3 pbqpoffset:3.63 pbfactor:1.52 avgQpOffsetCutree:-1.74;
in:129 out:133 type:b q:20.84 q-aq:21.00 q-noVbv:20.84 q-Rceq:0.98 tex:328 mv:692 misc:668 icu:0.00 pcu:163.50 scu:1396.50 tlayer:4 pbqpoffset:6.63 pbfactor:2.15 avgQpOffsetCutree:0.00;
in:131 out:134 type:b q:20.77 q-aq:21.00 q-noVbv:20.77 q-Rceq:0.98 tex:247 mv:824 misc:577 icu:0.00 pcu:72.00 scu:1488.00 tlayer:4 pbqpoffset:6.63 pbfactor:2.15 avgQpOffsetCutree:0.00;
in:134 out:135 type:B q:17.66 q-aq:16.29 q-noVbv:17.66 q-Rceq:0.98 tex:13481 mv:5269 misc:2274 icu:6.50 pcu:547.50 scu:1006.00 tlayer:3 pbqpoffset:3.62 pbfactor:1.52 avgQpOffsetCutree:-1.69;
in:133 out:136 type:b q:20.70 q-aq:21.00 q-noVbv:20.70 q-Rceq:0.98 tex:966 mv:1158 misc:620 icu:0.00 pcu:173.50 scu:1386.50 tlayer:4 pbqpoffset:6.63 pbfactor:2.15 avgQpOffsetCutree:0.00;
in:135 out:137 type:b q:20.30 q-aq:20.33 q-noVbv:20.30 q-Rceq:0.98 tex:1367 mv:1074 misc:783 icu:0.00 pcu:123.50 scu:1436.50 tlayer:4 pbqpoffset:6.29 pbfactor:2.07 avgQpOffsetCutree:0.00;
in:140 out:138 type:B q:16.45 q-aq:13.20 q-noVbv:16.45 q-Rceq:0.98 tex:51311 mv:13225 misc:3200 icu:38.75 pcu:610.00 scu:911.25 tlayer:2 pbqpoffset:2.61 pbfactor:1.35 avgQpOffsetCutree:-3.27;
in:138 out:139 type:B q:17.53 q-aq:16.29 q-noVbv:17.53 q-Rceq:0.98 tex:12167 mv:5707 misc:1990 icu:4.50 pcu:422.00 scu:1133.50 tlayer:3 pbqpoffset:3.63 pbfactor:1.52 avgQpOffsetCutree:-1.67;
in:137 out:140 type:b q:20.57 q-aq:21.00 q-noVbv:20.57 q-Rceq:0.98 tex:363 mv:918 misc:711 icu:0.25 pcu:72.50 scu:1487.25 tlayer:4 pbqpoffset:6.63 pbfactor:2.15 avgQpOffsetCutree:0.00;
in:139 out:141 type:b q:19.14 q-aq:19.00 q-noVbv:19.14 q-Rceq:0.98 tex:2347 mv:1933 misc:1672 icu:4.25 pcu:408.75 scu:1147.00 tlayer:4 pbqpoffset:5.27 pbfactor:1.84 avgQpOffsetCutree:0.00;
in:142 out:142 type:B q:17.12 q-aq:15.78 q-noVbv:17.12 q-Rceq:0.98 tex:15909 mv:5798 misc:2453 icu:2.50 pcu:511.75 scu:1045.75 tlayer:3 pbqpoffset:3.34 pbfactor:1.47 avgQpOffsetCutree:-1.70;
in:141 out:143 type:b q:20.43 q-aq:20.43 q-noVbv:20.43 q-Rceq:0.98 tex:502 mv:984 misc:802 icu:0.00 pcu:142.25 scu:1417.75 tlayer:4 pbqpoffset:6.63 pbfactor:2.15 avgQpOffsetCutree:0.00;
in:143 out:144 type:b q:20.37 q-aq:20.31 q-noVbv:20.37 q-Rceq:0.98 tex:646 mv:754 misc:568 icu:0.00 pcu:99.00 scu:1461.00 tlayer:4 pbqpoffset:6.63 pbfactor:2.15 avgQpOffsetCutree:0.00;
in:160 out:145 type:k q:13.99 q-aq:8.29 q-noVbv:13.99 q-Rceq:0.98 tex:876588 mv:60619 misc:2649 icu:1459.75 pcu:100.25 scu:0.00 tlayer:0 pbqpoffset:0.79 pbfactor:1.10 avgQpOffsetCutree:-6.97;
in:152 out:146 type:B q:15.59 q-aq:11.40 q-noVbv:15.59 q-Rceq:0.98 tex:327534 mv:38531 misc:5087 icu:300.25 pcu:1051.25 scu:208.50 tlayer:1 pbqpoffset:1.74 pbfactor:1.22 avgQpOffsetCutree:-4.63;
in:148 out:147 type:B q:16.92 q-aq:13.48 q-noVbv:16.92 q-Rceq:0.98 tex:49057 mv:11084 misc:3731 icu:24.00 pcu:712.00 scu:824.00 tlayer:2 pbqpoffset:3.14 pbfactor:1.44 avgQpOffsetCutree:-3.40;
in:146 out:148 type:B q:17.34 q-aq:15.91 q-noVbv:17.34 q-Rceq:0.98 tex:14043 mv:4208 misc:2189 icu:1.50 pcu:444.25 scu:1114.25 tlayer:3 pbqpoffset:3.60 pbfactor:1.52 avgQpOffsetCutree:-1.74;
in:145 out:149 type:b q:20.32 q-aq:20.00 q-noVbv:20.32 q-Rceq:0.98 tex:635 mv:796 misc:689 icu:0.25 pcu:115.25 scu:1444.50 tlayer:4 pbqpoffset:6.60 pbfactor:2.14 avgQpOffsetCutree:0.00;
in:147 out:150 type:b q:20.36 q-aq:20.00 q-noVbv:20.36 q-Rceq:0.98 tex:900 mv:1080 misc:708 icu:0.50 pcu:206.25 scu:1353.25 tlayer:4 pbqpoffset:6.60 pbfactor:2.14 avgQpOffsetCutree:0.00;
in:150 out:151 type:B q:17.41 q-aq:16.01 q-noVbv:17.41 q-Rceq:0.98 tex:16229 mv:5232 misc:2571 icu:2.25 pcu:431.25 scu:1126.50 tlayer:3 pbqpoffset:3.60 pbfactor:1.52 avgQpOffsetCutree:-1.72;
in:149 out:152 type:b q:20.40 q-aq:20.00 q-noVbv:20.40 q-Rceq:0.98 tex:767 mv:932 misc:637 icu:0.00 pcu:118.75 scu:1441.25 tlayer:4 pbqpoffset:6.60 pbfactor:2.14 avgQpOffsetCutree:0.00;
in:151 out:153 type:b q:20.43 q-aq:20.58 q-noVbv:20.43 q-Rceq:0.98 tex:566 mv:807 misc:587 icu:0.25 pcu:90.25 scu:1469.50 tlayer:4 pbqpoffset:6.60 pbfactor:2.14 avgQpOffsetCutree:0.00;
in:156 out:154 type:B q:16.76 q-aq:13.35 q-noVbv:16.76 q-Rceq:0.98 tex:114846 mv:13666 misc:5008 icu:69.50 pcu:997.00 scu:493.50 tlayer:2 pbqpoffset:2.84 pbfactor:1.39 avgQpOffsetCutree:-3.49;
in:154 out:155 type:B q:17.49 q-aq:16.01 q-noVbv:17.49 q-Rceq:0.98 tex:15070 mv:5570 misc:2864 icu:7.00 pcu:573.25 scu:979.75 tlayer:3 pbqpoffset:3.60 pbfactor:1.52 avgQpOffsetCutree:-1.67;
in:153 out:156 type:b q:20.47 q-aq:20.87 q-noVbv:20.47 q-Rceq:0.98 tex:506 mv:1080 misc:694 icu:0.00 pcu:259.25 scu:1300.75 tlayer:4 pbqpoffset:6.60 pbfactor:2.14 avgQpOffsetCutree:0.00;
in:155 out:157 type:b q:20.50 q-aq:20.51 q-noVbv:20.50 q-Rceq:0.98 tex:498 mv:1047 misc:703 icu:0.00 pcu:145.25 scu:1414.75 tlayer:4 pbqpoffset:6.60 pbfactor:2.14 avgQpOffsetCutree:0.00;
in:158 out:158 type:B q:17.56 q-aq:16.15 q-noVbv:17.56 q-Rceq:0.98 tex:19767 mv:5666 misc:3167 icu:6.25 pcu:463.50 scu:1090.25 tlayer:3 pbqpoffset:3.60 pbfactor:1.52 avgQpOffsetCutree:-1.73;
in:157 out:159 type:b q:20.54 q-aq:21.00 q-noVbv:20.54 q-Rceq:0.98 tex:1043 mv:1322 misc:699 icu:0.75 pcu:217.50 scu:1341.75 tlayer:4 pbqpoffset:6.60 pbfactor:2.14 avgQpOffsetCutree:0.00;
in:159 out:160 type:b q:20.58 q-aq:20.94 q-noVbv:20.58 q-Rceq:0.98 tex:1233 mv:1449 misc:782 icu:0.00 pcu:222.25 scu:1337.75 tlayer:4 pbqpoffset:6.60 pbfactor:2.14 avgQpOffsetCutree:0.00;
in:176 out:161 type:k q:13.86 q-aq:7.68 q-noVbv:13.86 q-Rceq:0.98 tex:750748 mv:57445 misc:2951 icu:681.75 pcu:868.25 scu:10.00 tlayer:0 pbqpoffset:1.20 pbfactor:1.15 avgQpOffsetCutree:-6.99;
in:168 out:162 type:B q:15.70 q-aq:11.44 q-noVbv:15.70 q-Rceq:0.98 tex:272638 mv:39971 misc:4751 icu:269.00 pcu:1182.50 scu:108.50 tlayer:1 pbqpoffset:1.77 pbfactor:1.23 avgQpOffsetCutree:-4.62;
in:164 out:163 type:B q:16.64 q-aq:13.33 q-noVbv:16.64 q-Rceq:0.98 tex:52117 mv:13712 misc:3723 icu:57.50 pcu:684.50 scu:818.00 tlayer:2 pbqpoffset:2.68 pbfactor:1.36 avgQpOffsetCutree:-3.29;
in:162 out:164 type:B q:17.61 q-aq:16.41 q-noVbv:17.61 q-Rceq:0.98 tex:12633 mv:5482 misc:2029 icu:8.25 pcu:370.50 scu:1181.25 tlayer:3 pbqpoffset:3.64 pbfactor:1.52 avgQpOffsetCutree:-1.65;
in:161 out:165 type:b q:20.62 q-aq:21.00 q-noVbv:20.62 q-Rceq:0.98 tex:931 mv:1055 misc:606 icu:0.75 pcu:109.00 scu:1450.25 tlayer:4 pbqpoffset:6.64 pbfactor:2.15 avgQpOffsetCutree:0.00;
in:163 out:166 type:b q:20.60 q-aq:21.00 q-noVbv:20.60 q-Rceq:0.98 tex:1081 mv:1039 misc:656 icu:0.25 pcu:275.00 scu:1284.75 tlayer:4 pbqpoffset:6.64 pbfactor:2.15 avgQpOffsetCutree:0.00;
in:166 out:167 type:B q:17.58 q-aq:16.30 q-noVbv:17.58 q-Rceq:0.98 tex:14447 mv:5421 misc:2180 icu:7.00 pcu:333.00 scu:1220.00 tlayer:3 pbqpoffset:3.64 pbfactor:1.52 avgQpOffsetCutree:-1.62;
in:165 out:168 type:b q:20.59 q-aq:21.00 q-noVbv:20.59 q-Rceq:0.98 tex:1564 mv:1196 misc:744 icu:0.25 pcu:138.00 scu:1421.75 tlayer:4 pbqpoffset:6.64 pbfactor:2.15 avgQpOffsetCutree:0.00;
in:167 out:169 type:b q:20.57 q-aq:21.00 q-noVbv:20.57 q-Rceq:0.98 tex:2068 mv:1049 misc:835 icu:1.25 pcu:141.75 scu:1417.00 tlayer:4 pbqpoffset:6.64 pbfactor:2.15 avgQpOffsetCutree:0.00;
in:172 out:170 type:B q:16.16 q-aq:12.99 q-noVbv:16.16 q-Rceq:0.98 tex:79507 mv:16454 misc:4327 icu:53.00 pcu:892.25 scu:614.75 tlayer:2 pbqpoffset:2.27 pbfactor:1.30 avgQpOffsetCutree:-3.29;
in:170 out:171 type:B q:17.20 q-aq:16.04 q-noVbv:17.20 q-Rceq:0.98 tex:19576 mv:7736 misc:2776 icu:30.75 pcu:585.50 scu:943.75 tlayer:3 pbqpoffset:3.29 pbfactor:1.46 avgQpOffsetCutree:-1.65;
in:169 out:172 type:b q:20.55 q-aq:20.83 q-noVbv:20.55 q-Rceq:0.98 tex:1029 mv:1394 misc:961 icu:0.75 pcu:161.00 scu:1398.25 tlayer:4 pbqpoffset:6.64 pbfactor:2.15 avgQpOffsetCutree:0.00;
in:171 out:173 type:b q:20.54 q-aq:20.99 q-noVbv:20.54 q-Rceq:0.98 tex:1589 mv:1353 misc:818 icu:0.00 pcu:158.75 scu:1401.25 tlayer:4 pbqpoffset:6.64 pbfactor:2.15 avgQpOffsetCutree:0.00;
in:174 out:174 type:B q:17.31 q-aq:16.02 q-noVbv:17.31 q-Rceq:0.98 tex:20241 mv:7355 misc:2828 icu:4.50 pcu:555.25 scu:1000.25 tlayer:3 pbqpoffset:3.44 pbfactor:1.49 avgQpOffsetCutree:-1.73;
in:173 out:175 type:b q:20.52 q-aq:20.92 q-noVbv:20.52 q-Rceq:0.98 tex:1768 mv:1448 misc:768 icu:1.00 pcu:167.25 scu:1391.75 tlayer:4 pbqpoffset:6.64 pbfactor:2.15 avgQpOffsetCutree:0.00;
in:175 out:176 type:b q:20.50 q-aq:20.84 q-noVbv:20.50 q-Rceq:0.98 tex:1321 mv:1653 misc:738 icu:0.25 pcu:129.50 scu:1430.25 tlayer:4 pbqpoffset:6.64 pbfactor:2.15 avgQpOffsetCutree:0.00;
in:192 out:177 type:k q:15.02 q-aq:9.41 q-noVbv:15.02 q-Rceq:0.98 tex:838428 mv:66429 misc:2799 icu:1485.75 pcu:74.25 scu:0.00 tlayer:0 pbqpoffset:0.72 pbfactor:1.09 avgQpOffsetCutree:-7.23;
in:184 out:178 type:B q:16.31 q-aq:12.28 q-noVbv:16.31 q-Rceq:0.98 tex:315421 mv:38256 misc:5235 icu:353.25 pcu:975.75 scu:231.00 tlayer:1 pbqpoffset:1.87 pbfactor:1.24 avgQpOffsetCutree:-4.77;
in:180 out:179 type:B q:17.61 q-aq:14.26 q-noVbv:17.61 q-Rceq:0.98 tex:45186 mv:11750 misc:3272 icu:33.50 pcu:625.75 scu:900.75 tlayer:2 pbqpoffset:3.46 pbfactor:1.49 avgQpOffsetCutree:-3.38;
in:178 out:180 type:B q:17.74 q-aq:16.31 q-noVbv:17.74 q-Rceq:0.98 tex:19118 mv:6101 misc:2893 icu:10.75 pcu:516.50 scu:1032.75 tlayer:3 pbqpoffset:3.74 pbfactor:1.54 avgQpOffsetCutree:-1.71;
in:177 out:181 type:b q:20.67 q-aq:21.00 q-noVbv:20.67 q-Rceq:0.98 tex:1418 mv:1394 misc:764 icu:0.00 pcu:135.50 scu:1424.50 tlayer:4 pbqpoffset:6.74 pbfactor:2.18 avgQpOffsetCutree:0.00;
in:179 out:182 type:b q:20.81 q-aq:21.00 q-noVbv:20.81 q-Rceq:0.98 tex:983 mv:1495 misc:738 icu:0.50 pcu:202.25 scu:1357.25 tlayer:4 pbqpoffset:6.74 pbfactor:2.18 avgQpOffsetCutree:0.00;
in:182 out:183 type:B q:18.03 q-aq:16.73 q-noVbv:18.03 q-Rceq:0.98 tex:18284 mv:6179 misc:2593 icu:6.25 pcu:513.75 scu:1040.00 tlayer:3 pbqpoffset:3.74 pbfactor:1.54 avgQpOffsetCutree:-1.75;
in:181 out:184 type:b q:20.96 q-aq:21.00 q-noVbv:20.96 q-Rceq:0.98 tex:1085 mv:1519 misc:852 icu:0.75 pcu:217.50 scu:1341.75 tlayer:4 pbqpoffset:6.74 pbfactor:2.18 avgQpOffsetCutree:0.00;
in:183 out:185 type:b q:21.10 q-aq:21.00 q-noVbv:21.10 q-Rceq:0.98 tex:2682 mv:1466 misc:932 icu:1.25 pcu:185.25 scu:1373.50 tlayer:4 pbqpoffset:6.74 pbfactor:2.18 avgQpOffsetCutree:0.00;
in:188 out:186 type:B q:17.57 q-aq:14.36 q-noVbv:17.57 q-Rceq:0.98 tex:90720 mv:12929 misc:5079 icu:76.50 pcu:818.00 scu:665.50 tlayer:2 pbqpoffset:2.84 pbfactor:1.39 avgQpOffsetCutree:-3.56;
in:186 out:187 type:B q:18.32 q-aq:17.05 q-noVbv:18.32 q-Rceq:0.98 tex:18902 mv:7552 misc:2466 icu:15.00 pcu:532.75 scu:1012.25 tlayer:3 pbqpoffset:3.74 pbfactor:1.54 avgQpOffsetCutree:-1.87;
in:185 out:188 type:b q:21.25 q-aq:21.11 q-noVbv:21.25 q-Rceq:0.98 tex:1863 mv:1931 misc:1022 icu:0.50 pcu:295.50 scu:1264.00 tlayer:4 pbqpoffset:6.74 pbfactor:2.18 avgQpOffsetCutree:0.00;
in:187 out:189 type:b q:21.39 q-aq:21.62 q-noVbv:21.39 q-Rceq:0.98 tex:2472 mv:1933 misc:971 icu:0.50 pcu:223.25 scu:1336.25 tlayer:4 pbqpoffset:6.74 pbfactor:2.18 avgQpOffsetCutree:0.00;
in:190 out:190 type:B q:18.61 q-aq:17.37 q-noVbv:18.61 q-Rceq:0.98 tex:19896 mv:7060 misc:2468 icu:15.75 pcu:395.25 scu:1149.00 tlayer:3 pbqpoffset:3.74 pbfactor:1.54 avgQpOffsetCutree:-1.76;
in:189 out:191 type:b q:21.54 q-aq:22.00 q-noVbv:21.54 q-Rceq:0.98 tex:1705 mv:1778 misc:885 icu:0.25 pcu:143.25 scu:1416.50 tlayer:4 pbqpoffset:6.74 pbfactor:2.18 avgQpOffsetCutree:0.00;
in:191 out:192 type:b q:21.68 q-aq:22.00 q-noVbv:21.68 q-Rceq:0.98 tex:1576 mv:1436 misc:860 icu:0.75 pcu:139.75 scu:1419.50 tlayer:4 pbqpoffset:6.74 pbfactor:2.18 avgQpOffsetCutree:0.00;
in:208 out:193 type:k q:14.25 q-aq:8.06 q-noVbv:14.25 q-Rceq:0.98 tex:735755 mv:57169 misc:3364 icu:668.50 pcu:874.75 scu:16.75 tlayer:0 pbqpoffset:1.06 pbfactor:1.13 avgQpOffsetCutree:-7.21;
in:200 out:194 type:B q:16.55 q-aq:12.01 q-noVbv:16.55 q-Rceq:0.98 tex:220767 mv:40323 misc:5334 icu:206.25 pcu:1127.25 scu:226.50 tlayer:1 pbqpoffset:1.92 pbfactor:1.25 avgQpOffsetCutree:-4.98;
in:196 out:195 type:B q:17.39 q-aq:14.03 q-noVbv:17.39 q-Rceq:0.98 tex:53124 mv:12230 misc:4038 icu:52.00 pcu:624.75 scu:883.25 tlayer:2 pbqpoffset:2.56 pbfactor:1.34 avgQpOffsetCutree:-3.44;
in:194 out:196 type:B q:18.70 q-aq:17.30 q-noVbv:18.70 q-Rceq:0.98 tex:16000 mv:5982 misc:2018 icu:7.25 pcu:287.75 scu:1265.00 tlayer:3 pbqpoffset:3.78 pbfactor:1.55 avgQpOffsetCutree:-1.75;
in:193 out:197 type:b q:21.75 q-aq:22.00 q-noVbv:21.75 q-Rceq:0.98 tex:1863 mv:1852 misc:885 icu:1.75 pcu:88.25 scu:1470.00 tlayer:4 pbqpoffset:6.78 pbfactor:2.19 avgQpOffsetCutree:0.00;
in:195 out:198 type:b q:21.65 q-aq:22.00 q-noVbv:21.65 q-Rceq:0.98 tex:1368 mv:1663 misc:889 icu:0.25 pcu:164.00 scu:1395.75 tlayer:4 pbqpoffset:6.78 pbfactor:2.19 avgQpOffsetCutree:0.00;
in:198 out:199 type:B q:18.51 q-aq:17.22 q-noVbv:18.51 q-Rceq:0.98 tex:16997 mv:6008 misc:2091 icu:10.50 pcu:399.75 scu:1149.75 tlayer:3 pbqpoffset:3.78 pbfactor:1.55 avgQpOffsetCutree:-1.79;
in:197 out:200 type:b q:21.56 q-aq:22.00 q-noVbv:21.56 q-Rceq:0.98 tex:1427 mv:1985 misc:932 icu:0.50 pcu:76.50 scu:1483.00 tlayer:4 pbqpoffset:6.78 pbfactor:2.19 avgQpOffsetCutree:0.00;
in:199 out:201 type:b q:21.46 q-aq:21.77 q-noVbv:21.46 q-Rceq:0.98 tex:1996 mv:1636 misc:896 icu:0.50 pcu:91.25 scu:1468.25 tlayer:4 pbqpoffset:6.78 pbfactor:2.19 avgQpOffsetCutree:0.00;
in:204 out:202 type:B q:16.70 q-aq:13.50 q-noVbv:16.70 q-Rceq:0.98 tex:68324 mv:13425 misc:3723 icu:54.25 pcu:693.50 scu:812.25 tlayer:2 pbqpoffset:2.25 pbfactor:1.30 avgQpOffsetCutree:-3.34;
in:202 out:203 type:B q:18.15 q-aq:16.75 q-noVbv:18.15 q-Rceq:0.98 tex:29379 mv:7212 misc:2697 icu:23.00 pcu:443.75 scu:1093.25 tlayer:3 pbqpoffset:3.61 pbfactor:1.52 avgQpOffsetCutree:-1.78;
in:201 out:204 type:b q:21.15 q-aq:21.23 q-noVbv:21.15 q-Rceq:0.98 tex:2370 mv:1944 misc:1022 icu:1.50 pcu:151.00 scu:1407.50 tlayer:4 pbqpoffset:6.57 pbfactor:2.14 avgQpOffsetCutree:0.00;
in:203 out:205 type:b q:21.27 q-aq:21.19 q-noVbv:21.27 q-Rceq:0.98 tex:1852 mv:2020 misc:872 icu:1.00 pcu:134.25 scu:1424.75 tlayer:4 pbqpoffset:6.78 pbfactor:2.19 avgQpOffsetCutree:0.00;
in:206 out:206 type:B q:18.06 q-aq:16.73 q-noVbv:18.06 q-Rceq:0.98 tex:30517 mv:7768 misc:2651 icu:16.50 pcu:618.75 scu:924.75 tlayer:3 pbqpoffset:3.71 pbfactor:1.54 avgQpOffsetCutree:-1.75;
in:205 out:207 type:b q:21.17 q-aq:21.04 q-noVbv:21.17 q-Rceq:0.98 tex:3579 mv:2668 misc:961 icu:3.75 pcu:262.50 scu:1293.75 tlayer:4 pbqpoffset:6.78 pbfactor:2.19 avgQpOffsetCutree:0.00;
in:207 out:208 type:b q:21.08 q-aq:21.05 q-noVbv:21.08 q-Rceq:0.98 tex:4076 mv:2725 misc:1135 icu:1.25 pcu:143.25 scu:1415.50 tlayer:4 pbqpoffset:6.78 pbfactor:2.19 avgQpOffsetCutree:0.00;
in:224 out:209 type:k q:14.63 q-aq:8.77 q-noVbv:14.63 q-Rceq:0.98 tex:845956 mv:63980 misc:2752 icu:1477.75 pcu:82.00 scu:0.25 tlayer:0 pbqpoffset:0.43 pbfactor:1.05 avgQpOffsetCutree:-7.22;
in:216 out:210 type:B q:16.24 q-aq:11.99 q-noVbv:16.24 q-Rceq:0.98 tex:287893 mv:32589 misc:5022 icu:255.25 pcu:1020.75 scu:284.00 tlayer:1 pbqpoffset:1.81 pbfactor:1.23 avgQpOffsetCutree:-4.82;
in:212 out:211 type:B q:16.70 q-aq:13.30 q-noVbv:16.70 q-Rceq:0.98 tex:70256 mv:12450 misc:3726 icu:50.75 pcu:680.00 scu:829.25 tlayer:2 pbqpoffset:2.36 pbfactor:1.31 avgQpOffsetCutree:-3.56;
in:210 out:212 type:B q:17.97 q-aq:16.79 q-noVbv:17.97 q-Rceq:0.98 tex:22783 mv:7149 misc:1956 icu:22.25 pcu:487.25 scu:1050.50 tlayer:3 pbqpoffset:3.67 pbfactor:1.53 avgQpOffsetCutree:-1.64;
in:209 out:213 type:b q:20.94 q-aq:21.01 q-noVbv:20.94 q-Rceq:0.98 tex:3334 mv:2742 misc:996 icu:2.50 pcu:98.75 scu:1458.75 tlayer:4 pbqpoffset:6.67 pbfactor:2.16 avgQpOffsetCutree:0.00;
in:211 out:214 type:b q:20.99 q-aq:21.03 q-noVbv:20.99 q-Rceq:0.98 tex:3512 mv:2342 misc:930 icu:3.00 pcu:181.25 scu:1375.75 tlayer:4 pbqpoffset:6.67 pbfactor:2.16 avgQpOffsetCutree:0.00;
in:214 out:215 type:B q:18.06 q-aq:16.62 q-noVbv:18.06 q-Rceq:0.98 tex:20587 mv:6207 misc:2086 icu:14.25 pcu:495.50 scu:1050.25 tlayer:3 pbqpoffset:3.67 pbfactor:1.53 avgQpOffsetCutree:-1.74;
in:213 out:216 type:b q:21.04 q-aq:21.24 q-noVbv:21.04 q-Rceq:0.98 tex:3528 mv:2185 misc:887 icu:4.75 pcu:193.00 scu:1362.25 tlayer:4 pbqpoffset:6.67 pbfactor:2.16 avgQpOffsetCutree:0.00;
in:215 out:217 type:b q:21.08 q-aq:21.25 q-noVbv:21.08 q-Rceq:0.98 tex:3289 mv:2411 misc:908 icu:0.75 pcu:171.75 scu:1387.50 tlayer:4 pbqpoffset:6.67 pbfactor:2.16 avgQpOffsetCutree:0.00;
in:220 out:218 type:B q:17.25 q-aq:13.74 q-noVbv:17.25 q-Rceq:0.98 tex:102837 mv:11171 misc:4920 icu:45.75 pcu:916.25 scu:598.00 tlayer:2 pbqpoffset:2.72 pbfactor:1.37 avgQpOffsetCutree:-3.67;
in:218 out:219 type:B q:18.16 q-aq:16.42 q-noVbv:18.16 q-Rceq:0.98 tex:17651 mv:5646 misc:1855 icu:15.50 pcu:499.50 scu:1045.00 tlayer:3 pbqpoffset:3.67 pbfactor:1.53 avgQpOffsetCutree:-1.98;
in:217 out:220 type:b q:21.13 q-aq:21.12 q-noVbv:21.13 q-Rceq:0.98 tex:2486 mv:2160 misc:890 icu:0.50 pcu:360.75 scu:1198.75 tlayer:4 pbqpoffset:6.67 pbfactor:2.16 avgQpOffsetCutree:0.00;
in:219 out:221 type:b q:21.18 q-aq:21.37 q-noVbv:21.18 q-Rceq:0.98 tex:3350 mv:1802 misc:840 icu:1.75 pcu:170.25 scu:1388.00 tlayer:4 pbqpoffset:6.67 pbfactor:2.16 avgQpOffsetCutree:0.00;
in:222 out:222 type:B q:18.25 q-aq:16.55 q-noVbv:18.25 q-Rceq:0.98 tex:13549 mv:4298 misc:2169 icu:9.25 pcu:383.00 scu:1167.75 tlayer:3 pbqpoffset:3.67 pbfactor:1.53 avgQpOffsetCutree:-1.79;
in:221 out:223 type:b q:21.23 q-aq:21.38 q-noVbv:21.23 q-Rceq:0.98 tex:2398 mv:1712 misc:746 icu:1.50 pcu:120.75 scu:1437.75 tlayer:4 pbqpoffset:6.67 pbfactor:2.16 avgQpOffsetCutree:0.00;
in:223 out:224 type:b q:21.27 q-aq:21.38 q-noVbv:21.27 q-Rceq:0.98 tex:1764 mv:1563 misc:809 icu:0.75 pcu:206.00 scu:1353.25 tlayer:4 pbqpoffset:6.67 pbfactor:2.16 avgQpOffsetCutree:0.00;
in:239 out:225 type:k q:16.60 q-aq:11.54 q-noVbv:16.60 q-Rceq:0.98 tex:292381 mv:30021 misc:5342 icu:167.00 pcu:1145.00 scu:248.00 tlayer:0 pbqpoffset:0.64 pbfactor:1.08 avgQpOffsetCutree:-5.27;
in:232 out:226 type:B q:17.16 q-aq:12.03 q-noVbv:17.16 q-Rceq:0.98 tex:120038 mv:22462 misc:4748 icu:32.75 pcu:1141.75 scu:385.50 tlayer:1 pbqpoffset:1.48 pbfactor:1.19 avgQpOffsetCutree:-4.89;
in:228 out:227 type:B q:16.74 q-aq:12.99 q-noVbv:16.74 q-Rceq:0.98 tex:24104 mv:6549 misc:2051 icu:19.00 pcu:564.25 scu:976.75 tlayer:2 pbqpoffset:1.58 pbfactor:1.20 avgQpOffsetCutree:-3.59;
in:226 out:228 type:B q:16.71 q-aq:15.35 q-noVbv:16.71 q-Rceq:0.98 tex:14335 mv:4097 misc:1936 icu:6.50 pcu:509.00 scu:1044.50 tlayer:3 pbqpoffset:1.82 pbfactor:1.23 avgQpOffsetCutree:-1.78;
in:225 out:229 type:b q:19.72 q-aq:20.02 q-noVbv:19.72 q-Rceq:0.98 tex:2571 mv:1222 misc:679 icu:1.75 pcu:114.00 scu:1444.25 tlayer:4 pbqpoffset:4.97 pbfactor:1.77 avgQpOffsetCutree:0.00;
in:227 out:230 type:b q:21.26 q-aq:21.27 q-noVbv:21.26 q-Rceq:0.98 tex:1377 mv:1202 misc:629 icu:0.00 pcu:78.75 scu:1481.25 tlayer:4 pbqpoffset:6.24 pbfactor:2.06 avgQpOffsetCutree:0.00;
in:230 out:231 type:B q:17.70 q-aq:16.32 q-noVbv:17.70 q-Rceq:0.98 tex:9573 mv:3054 misc:1509 icu:4.75 pcu:484.75 scu:1070.50 tlayer:3 pbqpoffset:2.28 pbfactor:1.30 avgQpOffsetCutree:-1.79;
in:229 out:232 type:b q:21.50 q-aq:21.49 q-noVbv:21.50 q-Rceq:0.98 tex:1230 mv:931 misc:511 icu:0.25 pcu:39.00 scu:1520.75 tlayer:4 pbqpoffset:6.21 pbfactor:2.05 avgQpOffsetCutree:0.00;
in:231 out:233 type:b q:21.76 q-aq:22.00 q-noVbv:21.76 q-Rceq:0.98 tex:1093 mv:710 misc:445 icu:0.75 pcu:77.50 scu:1481.75 tlayer:4 pbqpoffset:6.21 pbfactor:2.05 avgQpOffsetCutree:0.00;
in:236 out:234 type:B q:19.04 q-aq:15.56 q-noVbv:19.04 q-Rceq:0.98 tex:15381 mv:7289 misc:2434 icu:0.00 pcu:887.00 scu:673.00 tlayer:2 pbqpoffset:2.83 pbfactor:1.39 avgQpOffsetCutree:-3.04;
in:234 out:235 type:B q:19.29 q-aq:17.63 q-noVbv:19.29 q-Rceq:0.98 tex:2323 mv:1436 misc:945 icu:4.25 pcu:228.25 scu:1327.50 tlayer:3 pbqpoffset:3.35 pbfactor:1.47 avgQpOffsetCutree:-1.89;
in:233 out:236 type:b q:21.90 q-aq:22.00 q-noVbv:21.90 q-Rceq:0.98 tex:857 mv:485 misc:370 icu:0.25 pcu:44.25 scu:1515.50 tlayer:4 pbqpoffset:6.08 pbfactor:2.02 avgQpOffsetCutree:0.00;
in:235 out:237 type:b q:22.16 q-aq:22.00 q-noVbv:22.16 q-Rceq:0.98 tex:398 mv:352 misc:314 icu:0.00 pcu:76.00 scu:1484.00 tlayer:4 pbqpoffset:6.08 pbfactor:2.02 avgQpOffsetCutree:0.00;
in:238 out:238 type:B q:19.82 q-aq:18.95 q-noVbv:19.82 q-Rceq:0.98 tex:1779 mv:2406 misc:1071 icu:0.00 pcu:558.00 scu:1002.00 tlayer:3 pbqpoffset:3.35 pbfactor:1.47 avgQpOffsetCutree:-0.98;
in:237 out:239 type:b q:22.48 q-aq:22.00 q-noVbv:22.48 q-Rceq:0.98 tex:10 mv:250 misc:284 icu:0.00 pcu:120.00 scu:1440.00 tlayer:4 pbqpoffset:6.14 pbfactor:2.03 avgQpOffsetCutree:0.00;
