000 (16807.000.000) 09/16 06:58:21 Job submitted from host: <10.0.0.61:9618?PrivAddr=%3c10.0.0.61:9618%3fsock%3dschedd_2097_f230_4%3e&PrivNet=tr2990wx-fit4305&addrs=10.0.0.61-9618&alias=tr2990wx-fit4305&noUDP&sock=schedd_2097_f230_4>
...
040 (16807.000.000) 09/16 06:58:37 Started transferring input files
	Transferring to host: <10.0.0.61:9618?PrivAddr=%3c10.0.0.61:9618%3fsock%3dstarter_2457_edbd_3183%3e&PrivNet=tr2990wx-fit4305&addrs=10.0.0.61-9618&alias=tr2990wx-fit4305&noUDP&sock=starter_2457_edbd_3183>
...
040 (16807.000.000) 09/16 06:58:37 Finished transferring input files
...
001 (16807.000.000) 09/16 06:58:38 Job executing on host: <10.0.0.61:9618?sock=startd_2097_f230_5>
...
006 (16807.000.000) 09/16 06:58:46 Image size of job updated: 225952
	221  -  MemoryUsage of job (MB)
	225952  -  ResidentSetSize of job (KB)
...
006 (16807.000.000) 09/16 07:03:46 Image size of job updated: 266768
	261  -  MemoryUsage of job (MB)
	266768  -  ResidentSetSize of job (KB)
...
006 (16807.000.000) 09/16 07:08:46 Image size of job updated: 268500
	263  -  MemoryUsage of job (MB)
	268500  -  ResidentSetSize of job (KB)
...
006 (16807.000.000) 09/16 07:13:47 Image size of job updated: 269616
	264  -  MemoryUsage of job (MB)
	269616  -  ResidentSetSize of job (KB)
...
006 (16807.000.000) 09/16 07:18:47 Image size of job updated: 270248
	264  -  MemoryUsage of job (MB)
	270248  -  ResidentSetSize of job (KB)
...
006 (16807.000.000) 09/16 07:23:47 Image size of job updated: 270620
	265  -  MemoryUsage of job (MB)
	270620  -  ResidentSetSize of job (KB)
...
006 (16807.000.000) 09/16 07:28:48 Image size of job updated: 271004
	265  -  MemoryUsage of job (MB)
	271004  -  ResidentSetSize of job (KB)
...
006 (16807.000.000) 09/16 07:33:49 Image size of job updated: 271028
	265  -  MemoryUsage of job (MB)
	271028  -  ResidentSetSize of job (KB)
...
006 (16807.000.000) 09/16 07:38:49 Image size of job updated: 271964
	266  -  MemoryUsage of job (MB)
	271964  -  ResidentSetSize of job (KB)
...
006 (16807.000.000) 09/16 07:43:50 Image size of job updated: 272052
	266  -  MemoryUsage of job (MB)
	272052  -  ResidentSetSize of job (KB)
...
006 (16807.000.000) 09/16 07:48:35 Image size of job updated: 272140
	266  -  MemoryUsage of job (MB)
	272052  -  ResidentSetSize of job (KB)
...
040 (16807.000.000) 09/16 07:48:35 Started transferring output files
...
040 (16807.000.000) 09/16 07:48:36 Finished transferring output files
...
005 (16807.000.000) 09/16 07:48:36 Job terminated.
	(1) Normal termination (return value 0)
		Usr 0 00:49:45, Sys 0 00:00:13  -  Run Remote Usage
		Usr 0 00:00:00, Sys 0 00:00:00  -  Run Local Usage
		Usr 0 00:49:45, Sys 0 00:00:13  -  Total Remote Usage
		Usr 0 00:00:00, Sys 0 00:00:00  -  Total Local Usage
	4130408  -  Run Bytes Sent By Job
	4532560  -  Run Bytes Received By Job
	4130408  -  Total Bytes Sent By Job
	4532560  -  Total Bytes Received By Job
	Partitionable Resources :    Usage  Request Allocated 
	   Cpus                 :     0.99        1         1 
	   Disk (KB)            :  8477        4500    927896 
	   Memory (MB)          :   266           5      2006 
...
