#options: cpuid=1173503 frame-threads=1 no-wpp no-pmode no-pme psnr no-ssim log-level=2 bitdepth=8 input-csp=1 fps=50000/1000 input-res=832x480 interlace=0 total-frames=500 level-idc=0 high-tier=1 uhd-bd=0 ref=4 no-allow-non-conformance no-repeat-headers annexb no-aud no-hrd info hash=0 no-temporal-layers open-gop min-keyint=1 keyint=5000 bframes=15 b-adapt=2 b-pyramid bframe-bias=0 rc-lookahead=40 lookahead-slices=0 scenecut=40 no-intra-refresh ctu=64 min-cu-size=8 rect amp max-tu-size=32 tu-inter-depth=3 tu-intra-depth=3 limit-tu=4 rdoq-level=2 dynamic-rd=0.00 no-ssim-rd signhide no-tskip nr-intra=0 nr-inter=0 no-constrained-intra strong-intra-smoothing max-merge=4 limit-refs=1 limit-modes me=3 subme=4 merange=57 temporal-mvp weightp weightb no-analyze-src-pics deblock=0:0 sao no-sao-non-deblock rd=6 no-early-skip rskip no-fast-intra no-tskip-fast no-cu-lossless b-intra rdpenalty=0 psy-rd=0.00 psy-rdoq=0.00 no-rd-refine analysis-reuse-mode=0 no-lossless cbqpoffs=0 crqpoffs=0 rc=abr bitrate=2000 qcomp=0.60 qpstep=4 stats-write=1 stats-read=0 slow-firstpass ipratio=1.40 pbratio=1.30 aq-mode=1 aq-strength=0.00 cutree zone-count=0 no-strict-cbr qg-size=64 no-rc-grain qpmax=69 qpmin=0 no-const-vbv sar=0 overscan=0 videoformat=5 range=0 colorprim=2 transfer=2 colormatrix=2 chromaloc=0 display-window=0 max-cll=0,0 min-luma=0 max-luma=255 log2-max-poc-lsb=8 vui-timing-info vui-hrd-info slices=1 opt-qp-pps opt-ref-list-length-pps no-multi-pass-opt-rps scenecut-bias=0.05 no-opt-cu-delta-qp no-aq-motion no-hdr no-hdr-opt no-dhdr10-opt analysis-reuse-level=5 scale-factor=0 refine-intra=0 refine-inter=0 refine-mv=0 no-limit-sao ctu-info=0 max-tlayer=4
in:0 out:0 type:I q:25.80 q-aq:22.79 q-noVbv:25.80 q-Rceq:1.32 tex:118364 mv:17004 misc:1976 icu:1560.00 pcu:0.00 scu:0.00 tlayer:0 pbqpoffset:0.00 pbfactor:1.00 avgQpOffsetCutree:-3.41;
in:4 out:1 type:k q:28.71 q-aq:23.80 q-noVbv:28.71 q-Rceq:1.32 tex:52082 mv:12420 misc:2106 icu:460.75 pcu:1000.00 scu:99.25 tlayer:0 pbqpoffset:0.00 pbfactor:1.00 avgQpOffsetCutree:-4.26;
in:2 out:2 type:B q:30.21 q-aq:29.59 q-noVbv:30.21 q-Rceq:1.32 tex:10358 mv:6383 misc:1507 icu:128.25 pcu:541.50 scu:890.25 tlayer:1 pbqpoffset:1.50 pbfactor:1.19 avgQpOffsetCutree:-1.47;
in:1 out:3 type:b q:31.35 q-aq:31.43 q-noVbv:31.35 q-Rceq:1.32 tex:2639 mv:3527 misc:1066 icu:13.50 pcu:262.75 scu:1283.75 tlayer:2 pbqpoffset:2.64 pbfactor:1.36 avgQpOffsetCutree:0.00;
in:3 out:4 type:b q:31.35 q-aq:31.34 q-noVbv:31.35 q-Rceq:1.32 tex:2258 mv:3340 misc:1066 icu:24.50 pcu:276.50 scu:1259.00 tlayer:2 pbqpoffset:2.64 pbfactor:1.36 avgQpOffsetCutree:0.00;
in:12 out:5 type:k q:24.71 q-aq:19.75 q-noVbv:24.71 q-Rceq:1.32 tex:121809 mv:15141 misc:2386 icu:745.25 pcu:795.00 scu:19.75 tlayer:0 pbqpoffset:0.00 pbfactor:1.00 avgQpOffsetCutree:-4.67;
in:8 out:6 type:B q:28.07 q-aq:25.68 q-noVbv:28.07 q-Rceq:1.32 tex:40769 mv:13486 misc:2097 icu:354.50 pcu:933.50 scu:272.00 tlayer:1 pbqpoffset:1.36 pbfactor:1.17 avgQpOffsetCutree:-2.56;
in:6 out:7 type:B q:29.07 q-aq:28.38 q-noVbv:29.07 q-Rceq:1.32 tex:11399 mv:6958 misc:1443 icu:106.00 pcu:548.75 scu:905.25 tlayer:2 pbqpoffset:1.36 pbfactor:1.17 avgQpOffsetCutree:-1.46;
in:5 out:8 type:b q:31.73 q-aq:32.00 q-noVbv:31.73 q-Rceq:1.32 tex:1807 mv:3307 misc:1006 icu:27.00 pcu:238.00 scu:1295.00 tlayer:3 pbqpoffset:3.51 pbfactor:1.50 avgQpOffsetCutree:0.00;
in:7 out:9 type:b q:31.12 q-aq:31.05 q-noVbv:31.12 q-Rceq:1.32 tex:2003 mv:2949 misc:1008 icu:17.00 pcu:259.00 scu:1284.00 tlayer:3 pbqpoffset:3.91 pbfactor:1.57 avgQpOffsetCutree:0.00;
in:10 out:10 type:B q:27.11 q-aq:26.03 q-noVbv:27.11 q-Rceq:1.32 tex:13661 mv:6350 misc:1717 icu:87.75 pcu:656.25 scu:816.00 tlayer:2 pbqpoffset:1.40 pbfactor:1.17 avgQpOffsetCutree:-1.50;
in:9 out:11 type:b q:29.74 q-aq:30.00 q-noVbv:29.74 q-Rceq:1.32 tex:2646 mv:2961 misc:1057 icu:15.75 pcu:272.00 scu:1272.25 tlayer:3 pbqpoffset:3.53 pbfactor:1.50 avgQpOffsetCutree:0.00;
in:11 out:12 type:b q:29.11 q-aq:29.00 q-noVbv:29.11 q-Rceq:1.32 tex:1910 mv:2335 misc:955 icu:9.25 pcu:266.50 scu:1284.25 tlayer:3 pbqpoffset:3.90 pbfactor:1.57 avgQpOffsetCutree:0.00;
in:20 out:13 type:k q:24.27 q-aq:19.77 q-noVbv:24.27 q-Rceq:1.32 tex:112201 mv:15762 misc:2477 icu:754.25 pcu:755.25 scu:50.50 tlayer:0 pbqpoffset:0.00 pbfactor:1.00 avgQpOffsetCutree:-4.46;
in:16 out:14 type:B q:25.88 q-aq:23.32 q-noVbv:25.88 q-Rceq:1.32 tex:45993 mv:13009 misc:2518 icu:291.75 pcu:1007.25 scu:261.00 tlayer:1 pbqpoffset:1.39 pbfactor:1.17 avgQpOffsetCutree:-2.67;
in:14 out:15 type:B q:26.63 q-aq:25.89 q-noVbv:26.63 q-Rceq:1.32 tex:9595 mv:5473 misc:1548 icu:36.00 pcu:538.00 scu:986.00 tlayer:2 pbqpoffset:2.03 pbfactor:1.26 avgQpOffsetCutree:-1.50;
in:13 out:16 type:b q:29.08 q-aq:29.00 q-noVbv:29.08 q-Rceq:1.32 tex:1194 mv:1999 misc:815 icu:4.25 pcu:166.25 scu:1389.50 tlayer:3 pbqpoffset:4.43 pbfactor:1.67 avgQpOffsetCutree:0.00;
in:15 out:17 type:b q:28.97 q-aq:29.01 q-noVbv:28.97 q-Rceq:1.32 tex:1019 mv:1647 misc:710 icu:1.25 pcu:288.75 scu:1270.00 tlayer:3 pbqpoffset:4.42 pbfactor:1.67 avgQpOffsetCutree:0.00;
in:18 out:18 type:B q:26.28 q-aq:25.34 q-noVbv:26.28 q-Rceq:1.32 tex:10403 mv:6100 misc:1737 icu:39.50 pcu:456.00 scu:1064.50 tlayer:2 pbqpoffset:1.90 pbfactor:1.25 avgQpOffsetCutree:-1.55;
in:17 out:19 type:b q:29.25 q-aq:29.02 q-noVbv:29.25 q-Rceq:1.32 tex:822 mv:2227 misc:855 icu:4.00 pcu:200.25 scu:1355.75 tlayer:3 pbqpoffset:4.82 pbfactor:1.74 avgQpOffsetCutree:0.00;
in:19 out:20 type:b q:28.57 q-aq:29.00 q-noVbv:28.57 q-Rceq:1.32 tex:1366 mv:2204 misc:822 icu:4.50 pcu:230.75 scu:1324.75 tlayer:3 pbqpoffset:4.25 pbfactor:1.63 avgQpOffsetCutree:0.00;
in:35 out:21 type:k q:23.76 q-aq:19.71 q-noVbv:23.76 q-Rceq:1.32 tex:188141 mv:19268 misc:2191 icu:1514.00 pcu:46.00 scu:0.00 tlayer:0 pbqpoffset:0.00 pbfactor:1.00 avgQpOffsetCutree:-4.67;
in:28 out:22 type:B q:25.52 q-aq:22.27 q-noVbv:25.52 q-Rceq:1.32 tex:82778 mv:15090 misc:2452 icu:424.75 pcu:986.50 scu:148.75 tlayer:1 pbqpoffset:1.52 pbfactor:1.19 avgQpOffsetCutree:-3.43;
in:24 out:23 type:B q:25.66 q-aq:23.31 q-noVbv:25.66 q-Rceq:1.32 tex:60722 mv:16262 misc:2504 icu:360.25 pcu:1044.25 scu:155.50 tlayer:2 pbqpoffset:1.52 pbfactor:1.19 avgQpOffsetCutree:-2.59;
in:22 out:24 type:B q:27.44 q-aq:26.53 q-noVbv:27.44 q-Rceq:1.32 tex:11319 mv:5880 misc:1681 icu:58.75 pcu:413.00 scu:1088.25 tlayer:3 pbqpoffset:3.24 pbfactor:1.45 avgQpOffsetCutree:-1.32;
in:21 out:25 type:b q:30.62 q-aq:31.00 q-noVbv:30.62 q-Rceq:1.32 tex:1489 mv:2203 misc:836 icu:6.25 pcu:315.75 scu:1238.00 tlayer:4 pbqpoffset:6.39 pbfactor:2.09 avgQpOffsetCutree:0.00;
in:23 out:26 type:b q:30.32 q-aq:30.13 q-noVbv:30.32 q-Rceq:1.32 tex:1271 mv:2321 misc:872 icu:8.75 pcu:187.25 scu:1364.00 tlayer:4 pbqpoffset:6.15 pbfactor:2.04 avgQpOffsetCutree:0.00;
in:26 out:27 type:B q:26.64 q-aq:25.79 q-noVbv:26.64 q-Rceq:1.32 tex:13499 mv:7048 misc:1821 icu:57.50 pcu:689.75 scu:812.75 tlayer:3 pbqpoffset:2.57 pbfactor:1.35 avgQpOffsetCutree:-1.53;
in:25 out:28 type:b q:29.89 q-aq:30.02 q-noVbv:29.89 q-Rceq:1.32 tex:2164 mv:2772 misc:984 icu:7.25 pcu:225.00 scu:1327.75 tlayer:4 pbqpoffset:5.79 pbfactor:1.95 avgQpOffsetCutree:0.00;
in:27 out:29 type:b q:29.84 q-aq:30.09 q-noVbv:29.84 q-Rceq:1.32 tex:2059 mv:2666 misc:835 icu:6.50 pcu:206.25 scu:1347.25 tlayer:4 pbqpoffset:5.81 pbfactor:1.96 avgQpOffsetCutree:0.00;
in:32 out:30 type:B q:25.39 q-aq:23.24 q-noVbv:25.39 q-Rceq:1.32 tex:79400 mv:17104 misc:2280 icu:477.25 pcu:873.25 scu:209.50 tlayer:2 pbqpoffset:1.52 pbfactor:1.19 avgQpOffsetCutree:-2.45;
in:30 out:31 type:B q:26.50 q-aq:25.61 q-noVbv:26.50 q-Rceq:1.32 tex:13206 mv:8430 misc:2036 icu:56.25 pcu:658.25 scu:845.50 tlayer:3 pbqpoffset:2.57 pbfactor:1.35 avgQpOffsetCutree:-1.50;
in:29 out:32 type:b q:30.20 q-aq:30.22 q-noVbv:30.20 q-Rceq:1.32 tex:2730 mv:2530 misc:988 icu:7.50 pcu:236.00 scu:1316.50 tlayer:4 pbqpoffset:6.23 pbfactor:2.05 avgQpOffsetCutree:0.00;
in:31 out:33 type:b q:29.71 q-aq:30.00 q-noVbv:29.71 q-Rceq:1.32 tex:2264 mv:2968 misc:992 icu:4.75 pcu:270.75 scu:1284.50 tlayer:4 pbqpoffset:5.81 pbfactor:1.96 avgQpOffsetCutree:0.00;
in:34 out:34 type:B q:26.77 q-aq:26.71 q-noVbv:26.77 q-Rceq:1.32 tex:16202 mv:8652 misc:2138 icu:52.75 pcu:754.00 scu:753.25 tlayer:3 pbqpoffset:2.97 pbfactor:1.41 avgQpOffsetCutree:-0.87;
in:33 out:35 type:b q:29.52 q-aq:30.00 q-noVbv:29.52 q-Rceq:1.32 tex:2028 mv:3422 misc:1102 icu:5.00 pcu:275.75 scu:1279.25 tlayer:4 pbqpoffset:5.69 pbfactor:1.93 avgQpOffsetCutree:0.00;
in:44 out:36 type:k q:24.20 q-aq:20.04 q-noVbv:24.20 q-Rceq:1.32 tex:164110 mv:21110 misc:2500 icu:958.50 pcu:585.50 scu:16.00 tlayer:0 pbqpoffset:0.00 pbfactor:1.00 avgQpOffsetCutree:-4.48;
in:40 out:37 type:B q:25.67 q-aq:22.85 q-noVbv:25.67 q-Rceq:1.32 tex:85016 mv:17170 misc:2566 icu:592.25 pcu:820.25 scu:147.50 tlayer:1 pbqpoffset:1.66 pbfactor:1.21 avgQpOffsetCutree:-3.02;
in:38 out:38 type:B q:26.17 q-aq:24.33 q-noVbv:26.17 q-Rceq:1.32 tex:30166 mv:11894 misc:2604 icu:93.00 pcu:855.00 scu:612.00 tlayer:2 pbqpoffset:2.26 pbfactor:1.30 avgQpOffsetCutree:-1.98;
in:37 out:39 type:B q:27.39 q-aq:27.21 q-noVbv:27.39 q-Rceq:1.32 tex:13787 mv:8088 misc:2237 icu:28.00 pcu:755.25 scu:776.75 tlayer:3 pbqpoffset:3.53 pbfactor:1.50 avgQpOffsetCutree:-0.92;
in:36 out:40 type:b q:28.54 q-aq:29.00 q-noVbv:28.54 q-Rceq:1.32 tex:15020 mv:7438 misc:1782 icu:99.75 pcu:754.50 scu:705.75 tlayer:4 pbqpoffset:4.72 pbfactor:1.73 avgQpOffsetCutree:0.00;
in:39 out:41 type:b q:30.48 q-aq:30.68 q-noVbv:30.48 q-Rceq:1.32 tex:1131 mv:3211 misc:1162 icu:2.50 pcu:216.50 scu:1341.00 tlayer:3 pbqpoffset:6.53 pbfactor:2.13 avgQpOffsetCutree:0.00;
in:42 out:42 type:B q:26.45 q-aq:25.37 q-noVbv:26.45 q-Rceq:1.32 tex:19509 mv:10078 misc:2413 icu:76.25 pcu:796.75 scu:687.00 tlayer:2 pbqpoffset:2.35 pbfactor:1.31 avgQpOffsetCutree:-1.50;
in:41 out:43 type:b q:30.37 q-aq:30.26 q-noVbv:30.37 q-Rceq:1.32 tex:1141 mv:3065 misc:1074 icu:1.50 pcu:276.25 scu:1282.25 tlayer:3 pbqpoffset:6.32 pbfactor:2.07 avgQpOffsetCutree:0.00;
in:43 out:44 type:b q:30.39 q-aq:30.23 q-noVbv:30.39 q-Rceq:1.32 tex:1457 mv:3496 misc:1335 icu:5.00 pcu:246.25 scu:1308.75 tlayer:3 pbqpoffset:6.24 pbfactor:2.06 avgQpOffsetCutree:0.00;
in:60 out:45 type:k q:25.77 q-aq:21.40 q-noVbv:25.77 q-Rceq:1.32 tex:177520 mv:22335 misc:2657 icu:1324.75 pcu:229.00 scu:6.25 tlayer:0 pbqpoffset:0.00 pbfactor:1.00 avgQpOffsetCutree:-4.77;
in:52 out:46 type:B q:26.67 q-aq:23.11 q-noVbv:26.67 q-Rceq:1.32 tex:101929 mv:18390 misc:2841 icu:661.00 pcu:786.00 scu:113.00 tlayer:1 pbqpoffset:1.68 pbfactor:1.21 avgQpOffsetCutree:-3.80;
in:48 out:47 type:B q:26.28 q-aq:23.92 q-noVbv:26.28 q-Rceq:1.32 tex:84834 mv:18780 misc:2794 icu:511.25 pcu:811.50 scu:237.25 tlayer:2 pbqpoffset:1.68 pbfactor:1.21 avgQpOffsetCutree:-2.66;
in:46 out:48 type:B q:26.44 q-aq:25.51 q-noVbv:26.44 q-Rceq:1.32 tex:20736 mv:11287 misc:2401 icu:96.50 pcu:632.50 scu:831.00 tlayer:3 pbqpoffset:2.05 pbfactor:1.27 avgQpOffsetCutree:-1.56;
in:45 out:49 type:b q:30.27 q-aq:30.25 q-noVbv:30.27 q-Rceq:1.32 tex:2275 mv:3772 misc:1233 icu:8.75 pcu:238.75 scu:1312.50 tlayer:4 pbqpoffset:5.97 pbfactor:1.99 avgQpOffsetCutree:0.00;
in:47 out:50 type:b q:30.16 q-aq:30.08 q-noVbv:30.16 q-Rceq:1.32 tex:2185 mv:4180 misc:1419 icu:8.25 pcu:236.00 scu:1315.75 tlayer:4 pbqpoffset:5.66 pbfactor:1.92 avgQpOffsetCutree:0.00;
in:50 out:51 type:B q:26.70 q-aq:25.81 q-noVbv:26.70 q-Rceq:1.32 tex:25404 mv:11420 misc:2400 icu:133.75 pcu:765.50 scu:660.75 tlayer:3 pbqpoffset:1.91 pbfactor:1.25 avgQpOffsetCutree:-1.46;
in:49 out:52 type:b q:30.04 q-aq:30.11 q-noVbv:30.04 q-Rceq:1.32 tex:2660 mv:4321 misc:1379 icu:6.25 pcu:277.75 scu:1276.00 tlayer:4 pbqpoffset:5.35 pbfactor:1.86 avgQpOffsetCutree:0.00;
in:51 out:53 type:b q:29.36 q-aq:29.51 q-noVbv:29.36 q-Rceq:1.32 tex:4204 mv:5137 misc:1611 icu:31.00 pcu:241.00 scu:1288.00 tlayer:4 pbqpoffset:4.47 pbfactor:1.68 avgQpOffsetCutree:0.00;
in:56 out:54 type:B q:27.06 q-aq:24.83 q-noVbv:27.06 q-Rceq:1.32 tex:80916 mv:17791 misc:2629 icu:556.25 pcu:867.50 scu:136.25 tlayer:2 pbqpoffset:1.68 pbfactor:1.21 avgQpOffsetCutree:-2.61;
in:54 out:55 type:B q:27.19 q-aq:26.29 q-noVbv:27.19 q-Rceq:1.32 tex:20654 mv:10610 misc:2328 icu:110.00 pcu:676.75 scu:773.25 tlayer:3 pbqpoffset:2.01 pbfactor:1.26 avgQpOffsetCutree:-1.48;
in:53 out:56 type:b q:29.83 q-aq:30.02 q-noVbv:29.83 q-Rceq:1.32 tex:4090 mv:5429 misc:1433 icu:11.50 pcu:322.00 scu:1226.50 tlayer:4 pbqpoffset:4.75 pbfactor:1.73 avgQpOffsetCutree:0.00;
in:55 out:57 type:b q:30.43 q-aq:30.34 q-noVbv:30.43 q-Rceq:1.32 tex:3274 mv:4180 misc:1362 icu:18.50 pcu:374.75 scu:1166.75 tlayer:4 pbqpoffset:5.15 pbfactor:1.81 avgQpOffsetCutree:0.00;
in:58 out:58 type:B q:27.61 q-aq:26.91 q-noVbv:27.61 q-Rceq:1.32 tex:20825 mv:10357 misc:2314 icu:118.50 pcu:619.75 scu:821.75 tlayer:3 pbqpoffset:2.04 pbfactor:1.27 avgQpOffsetCutree:-1.39;
in:57 out:59 type:b q:30.24 q-aq:30.35 q-noVbv:30.24 q-Rceq:1.32 tex:3927 mv:4382 misc:1531 icu:17.75 pcu:308.00 scu:1234.25 tlayer:4 pbqpoffset:4.76 pbfactor:1.73 avgQpOffsetCutree:0.00;
in:59 out:60 type:b q:30.77 q-aq:31.00 q-noVbv:30.77 q-Rceq:1.32 tex:3506 mv:4561 misc:1437 icu:5.50 pcu:333.50 scu:1221.00 tlayer:4 pbqpoffset:5.10 pbfactor:1.80 avgQpOffsetCutree:0.00;
in:76 out:61 type:k q:26.65 q-aq:21.41 q-noVbv:26.65 q-Rceq:1.32 tex:165774 mv:23192 misc:3266 icu:1019.25 pcu:513.50 scu:27.25 tlayer:0 pbqpoffset:0.22 pbfactor:1.03 avgQpOffsetCutree:-5.11;
in:68 out:62 type:B q:27.90 q-aq:24.15 q-noVbv:27.90 q-Rceq:1.32 tex:88040 mv:19124 misc:3188 icu:589.25 pcu:821.50 scu:149.25 tlayer:1 pbqpoffset:1.69 pbfactor:1.22 avgQpOffsetCutree:-3.80;
in:64 out:63 type:B q:27.68 q-aq:25.36 q-noVbv:27.68 q-Rceq:1.32 tex:76017 mv:18694 misc:2833 icu:560.75 pcu:789.00 scu:210.25 tlayer:2 pbqpoffset:1.69 pbfactor:1.22 avgQpOffsetCutree:-2.65;
in:62 out:64 type:B q:27.90 q-aq:26.94 q-noVbv:27.90 q-Rceq:1.32 tex:17728 mv:10687 misc:2513 icu:126.00 pcu:640.75 scu:793.25 tlayer:3 pbqpoffset:2.02 pbfactor:1.26 avgQpOffsetCutree:-1.54;
in:61 out:65 type:b q:31.56 q-aq:32.00 q-noVbv:31.56 q-Rceq:1.32 tex:2961 mv:4561 misc:1422 icu:7.50 pcu:322.25 scu:1230.25 tlayer:4 pbqpoffset:5.73 pbfactor:1.94 avgQpOffsetCutree:0.00;
in:63 out:66 type:b q:31.98 q-aq:32.03 q-noVbv:31.98 q-Rceq:1.32 tex:2654 mv:4619 misc:1455 icu:7.00 pcu:311.25 scu:1241.75 tlayer:4 pbqpoffset:6.05 pbfactor:2.01 avgQpOffsetCutree:0.00;
in:66 out:67 type:B q:28.15 q-aq:27.27 q-noVbv:28.15 q-Rceq:1.32 tex:19418 mv:11867 misc:2531 icu:135.50 pcu:621.00 scu:803.50 tlayer:3 pbqpoffset:2.05 pbfactor:1.27 avgQpOffsetCutree:-1.43;
in:65 out:68 type:b q:31.10 q-aq:31.15 q-noVbv:31.10 q-Rceq:1.32 tex:4184 mv:4909 misc:1531 icu:21.25 pcu:319.50 scu:1219.25 tlayer:4 pbqpoffset:5.05 pbfactor:1.79 avgQpOffsetCutree:0.00;
in:67 out:69 type:b q:30.63 q-aq:31.02 q-noVbv:30.63 q-Rceq:1.32 tex:4136 mv:4958 misc:1602 icu:12.75 pcu:523.00 scu:1024.25 tlayer:4 pbqpoffset:4.48 pbfactor:1.68 avgQpOffsetCutree:0.00;
in:72 out:70 type:B q:28.12 q-aq:25.84 q-noVbv:28.12 q-Rceq:1.32 tex:70535 mv:18318 misc:2827 icu:457.50 pcu:818.50 scu:284.00 tlayer:2 pbqpoffset:1.69 pbfactor:1.22 avgQpOffsetCutree:-2.54;
in:70 out:71 type:B q:28.24 q-aq:27.53 q-noVbv:28.24 q-Rceq:1.32 tex:20732 mv:11480 misc:2492 icu:125.25 pcu:689.75 scu:745.00 tlayer:3 pbqpoffset:1.92 pbfactor:1.25 avgQpOffsetCutree:-1.35;
in:69 out:72 type:b q:31.35 q-aq:31.32 q-noVbv:31.35 q-Rceq:1.32 tex:2899 mv:5390 misc:1631 icu:12.00 pcu:386.25 scu:1161.75 tlayer:4 pbqpoffset:5.09 pbfactor:1.80 avgQpOffsetCutree:0.00;
in:71 out:73 type:b q:31.22 q-aq:31.07 q-noVbv:31.22 q-Rceq:1.32 tex:3207 mv:5300 misc:1621 icu:13.50 pcu:436.00 scu:1110.50 tlayer:4 pbqpoffset:4.85 pbfactor:1.75 avgQpOffsetCutree:0.00;
in:74 out:74 type:B q:28.66 q-aq:27.70 q-noVbv:28.66 q-Rceq:1.32 tex:20195 mv:11457 misc:2260 icu:125.25 pcu:649.25 scu:785.50 tlayer:3 pbqpoffset:2.12 pbfactor:1.28 avgQpOffsetCutree:-1.60;
in:73 out:75 type:b q:31.90 q-aq:32.00 q-noVbv:31.90 q-Rceq:1.32 tex:3493 mv:4527 misc:1420 icu:21.75 pcu:356.00 scu:1182.25 tlayer:4 pbqpoffset:5.42 pbfactor:1.87 avgQpOffsetCutree:0.00;
in:75 out:76 type:b q:32.32 q-aq:32.25 q-noVbv:32.32 q-Rceq:1.32 tex:1563 mv:4137 misc:1436 icu:8.25 pcu:348.25 scu:1203.50 tlayer:4 pbqpoffset:5.73 pbfactor:1.94 avgQpOffsetCutree:0.00;
in:92 out:77 type:k q:26.49 q-aq:21.53 q-noVbv:26.49 q-Rceq:1.32 tex:156129 mv:20751 misc:2288 icu:1310.00 pcu:240.75 scu:9.25 tlayer:0 pbqpoffset:0.39 pbfactor:1.05 avgQpOffsetCutree:-4.78;
in:84 out:78 type:B q:28.24 q-aq:24.33 q-noVbv:28.24 q-Rceq:1.32 tex:74165 mv:17134 misc:2869 icu:475.75 pcu:957.50 scu:126.75 tlayer:1 pbqpoffset:1.67 pbfactor:1.21 avgQpOffsetCutree:-3.81;
in:80 out:79 type:B q:28.28 q-aq:25.78 q-noVbv:28.28 q-Rceq:1.32 tex:70507 mv:19084 misc:2561 icu:477.25 pcu:897.75 scu:185.00 tlayer:2 pbqpoffset:1.67 pbfactor:1.21 avgQpOffsetCutree:-2.63;
in:78 out:80 type:B q:28.77 q-aq:27.93 q-noVbv:28.77 q-Rceq:1.32 tex:17383 mv:11116 misc:2381 icu:131.75 pcu:634.75 scu:793.50 tlayer:3 pbqpoffset:2.14 pbfactor:1.28 avgQpOffsetCutree:-1.48;
in:77 out:81 type:b q:32.14 q-aq:32.01 q-noVbv:32.14 q-Rceq:1.32 tex:2235 mv:3874 misc:1291 icu:8.25 pcu:362.25 scu:1189.50 tlayer:4 pbqpoffset:5.50 pbfactor:1.89 avgQpOffsetCutree:0.00;
in:79 out:82 type:b q:32.24 q-aq:32.02 q-noVbv:32.24 q-Rceq:1.32 tex:1748 mv:4199 misc:1437 icu:7.00 pcu:339.75 scu:1213.25 tlayer:4 pbqpoffset:5.62 pbfactor:1.92 avgQpOffsetCutree:0.00;
in:82 out:83 type:B q:28.48 q-aq:27.76 q-noVbv:28.48 q-Rceq:1.32 tex:18152 mv:10970 misc:2198 icu:109.25 pcu:713.00 scu:737.75 tlayer:3 pbqpoffset:1.89 pbfactor:1.24 avgQpOffsetCutree:-1.34;
in:81 out:84 type:b q:31.18 q-aq:31.04 q-noVbv:31.18 q-Rceq:1.32 tex:3125 mv:4571 misc:1432 icu:15.25 pcu:448.50 scu:1096.25 tlayer:4 pbqpoffset:4.59 pbfactor:1.70 avgQpOffsetCutree:0.00;
in:83 out:85 type:b q:31.63 q-aq:32.00 q-noVbv:31.63 q-Rceq:1.32 tex:2390 mv:4703 misc:1275 icu:9.50 pcu:386.25 scu:1164.25 tlayer:4 pbqpoffset:5.05 pbfactor:1.79 avgQpOffsetCutree:0.00;
in:88 out:86 type:B q:28.20 q-aq:25.60 q-noVbv:28.20 q-Rceq:1.32 tex:59776 mv:17402 misc:2494 icu:408.75 pcu:973.25 scu:178.00 tlayer:2 pbqpoffset:1.67 pbfactor:1.21 avgQpOffsetCutree:-2.65;
in:86 out:87 type:B q:28.96 q-aq:27.94 q-noVbv:28.96 q-Rceq:1.32 tex:15766 mv:9114 misc:2000 icu:122.00 pcu:721.50 scu:716.50 tlayer:3 pbqpoffset:2.42 pbfactor:1.32 avgQpOffsetCutree:-1.58;
in:85 out:88 type:b q:32.72 q-aq:33.00 q-noVbv:32.72 q-Rceq:1.32 tex:1790 mv:4317 misc:1253 icu:11.25 pcu:353.00 scu:1195.75 tlayer:4 pbqpoffset:6.17 pbfactor:2.04 avgQpOffsetCutree:0.00;
in:87 out:89 type:b q:32.42 q-aq:32.15 q-noVbv:32.42 q-Rceq:1.32 tex:1552 mv:3810 misc:1246 icu:7.25 pcu:297.00 scu:1255.75 tlayer:4 pbqpoffset:5.88 pbfactor:1.97 avgQpOffsetCutree:0.00;
in:90 out:90 type:B q:28.69 q-aq:27.56 q-noVbv:28.69 q-Rceq:1.32 tex:15828 mv:9263 misc:2053 icu:110.50 pcu:563.00 scu:886.50 tlayer:3 pbqpoffset:2.19 pbfactor:1.29 avgQpOffsetCutree:-1.57;
in:89 out:91 type:b q:32.32 q-aq:32.09 q-noVbv:32.32 q-Rceq:1.32 tex:2368 mv:3948 misc:1236 icu:8.25 pcu:265.50 scu:1286.25 tlayer:4 pbqpoffset:5.80 pbfactor:1.96 avgQpOffsetCutree:0.00;
in:91 out:92 type:b q:31.77 q-aq:32.01 q-noVbv:31.77 q-Rceq:1.32 tex:2957 mv:4325 misc:1294 icu:16.50 pcu:350.25 scu:1193.25 tlayer:4 pbqpoffset:5.27 pbfactor:1.84 avgQpOffsetCutree:0.00;
in:108 out:93 type:k q:26.99 q-aq:21.91 q-noVbv:26.99 q-Rceq:1.32 tex:150516 mv:20403 misc:2177 icu:1370.25 pcu:188.00 scu:1.75 tlayer:0 pbqpoffset:0.25 pbfactor:1.03 avgQpOffsetCutree:-5.10;
in:100 out:94 type:B q:28.43 q-aq:24.47 q-noVbv:28.43 q-Rceq:1.32 tex:78286 mv:15383 misc:2867 icu:546.00 pcu:886.25 scu:127.75 tlayer:1 pbqpoffset:1.69 pbfactor:1.21 avgQpOffsetCutree:-3.83;
in:96 out:95 type:B q:28.30 q-aq:25.77 q-noVbv:28.30 q-Rceq:1.32 tex:72139 mv:18014 misc:2807 icu:493.50 pcu:880.25 scu:186.25 tlayer:2 pbqpoffset:1.69 pbfactor:1.21 avgQpOffsetCutree:-2.66;
in:94 out:96 type:B q:28.59 q-aq:27.72 q-noVbv:28.59 q-Rceq:1.32 tex:16896 mv:9774 misc:2226 icu:107.25 pcu:657.75 scu:795.00 tlayer:3 pbqpoffset:2.05 pbfactor:1.27 avgQpOffsetCutree:-1.45;
in:93 out:97 type:b q:31.63 q-aq:32.01 q-noVbv:31.63 q-Rceq:1.32 tex:2868 mv:4205 misc:1271 icu:17.75 pcu:353.50 scu:1188.75 tlayer:4 pbqpoffset:5.12 pbfactor:1.81 avgQpOffsetCutree:0.00;
in:95 out:98 type:b q:31.57 q-aq:32.01 q-noVbv:31.57 q-Rceq:1.32 tex:2440 mv:4392 misc:1472 icu:11.00 pcu:311.50 scu:1237.50 tlayer:4 pbqpoffset:4.99 pbfactor:1.78 avgQpOffsetCutree:0.00;
in:98 out:99 type:B q:28.86 q-aq:27.84 q-noVbv:28.86 q-Rceq:1.32 tex:17167 mv:10075 misc:2190 icu:68.75 pcu:717.75 scu:773.50 tlayer:3 pbqpoffset:2.18 pbfactor:1.29 avgQpOffsetCutree:-1.50;
in:97 out:100 type:b q:32.07 q-aq:32.01 q-noVbv:32.07 q-Rceq:1.32 tex:2226 mv:4408 misc:1486 icu:10.00 pcu:244.75 scu:1305.25 tlayer:4 pbqpoffset:5.43 pbfactor:1.87 avgQpOffsetCutree:0.00;
in:99 out:101 type:b q:31.77 q-aq:32.01 q-noVbv:31.77 q-Rceq:1.32 tex:3050 mv:4356 misc:1370 icu:6.75 pcu:369.00 scu:1184.25 tlayer:4 pbqpoffset:5.06 pbfactor:1.79 avgQpOffsetCutree:0.00;
in:104 out:102 type:B q:28.55 q-aq:25.97 q-noVbv:28.55 q-Rceq:1.32 tex:58683 mv:16642 misc:2747 icu:414.75 pcu:895.25 scu:250.00 tlayer:2 pbqpoffset:1.69 pbfactor:1.21 avgQpOffsetCutree:-2.70;
in:102 out:103 type:B q:28.97 q-aq:28.15 q-noVbv:28.97 q-Rceq:1.32 tex:17501 mv:9826 misc:2177 icu:119.50 pcu:753.50 scu:687.00 tlayer:3 pbqpoffset:2.16 pbfactor:1.28 avgQpOffsetCutree:-1.39;
in:101 out:104 type:b q:31.45 q-aq:31.48 q-noVbv:31.45 q-Rceq:1.32 tex:2614 mv:4115 misc:1399 icu:10.50 pcu:363.25 scu:1186.25 tlayer:4 pbqpoffset:4.68 pbfactor:1.72 avgQpOffsetCutree:0.00;
in:103 out:105 type:b q:31.68 q-aq:32.00 q-noVbv:31.68 q-Rceq:1.32 tex:2900 mv:4675 misc:1441 icu:4.00 pcu:309.50 scu:1246.50 tlayer:4 pbqpoffset:4.85 pbfactor:1.75 avgQpOffsetCutree:0.00;
in:106 out:106 type:B q:28.88 q-aq:28.14 q-noVbv:28.88 q-Rceq:1.32 tex:19273 mv:9694 misc:2193 icu:114.00 pcu:600.00 scu:846.00 tlayer:3 pbqpoffset:1.95 pbfactor:1.25 avgQpOffsetCutree:-1.48;
in:105 out:107 type:b q:31.92 q-aq:32.02 q-noVbv:31.92 q-Rceq:1.32 tex:3123 mv:4490 misc:1459 icu:15.75 pcu:379.00 scu:1165.25 tlayer:4 pbqpoffset:5.02 pbfactor:1.79 avgQpOffsetCutree:0.00;
in:107 out:108 type:b q:31.93 q-aq:32.01 q-noVbv:31.93 q-Rceq:1.32 tex:2719 mv:4558 misc:1451 icu:7.25 pcu:326.00 scu:1226.75 tlayer:4 pbqpoffset:4.97 pbfactor:1.78 avgQpOffsetCutree:0.00;
in:116 out:109 type:k q:27.64 q-aq:22.34 q-noVbv:27.64 q-Rceq:1.32 tex:104188 mv:20904 misc:2724 icu:671.50 pcu:835.25 scu:53.25 tlayer:0 pbqpoffset:0.55 pbfactor:1.07 avgQpOffsetCutree:-4.81;
in:112 out:110 type:B q:28.93 q-aq:26.36 q-noVbv:28.93 q-Rceq:1.32 tex:51382 mv:15459 misc:2599 icu:382.75 pcu:813.75 scu:363.50 tlayer:1 pbqpoffset:1.62 pbfactor:1.21 avgQpOffsetCutree:-2.80;
in:110 out:111 type:B q:28.77 q-aq:28.03 q-noVbv:28.77 q-Rceq:1.32 tex:15147 mv:9154 misc:2211 icu:118.75 pcu:585.75 scu:855.50 tlayer:2 pbqpoffset:1.62 pbfactor:1.21 avgQpOffsetCutree:-1.53;
in:109 out:112 type:b q:31.36 q-aq:31.17 q-noVbv:31.36 q-Rceq:1.32 tex:2327 mv:4246 misc:1387 icu:18.00 pcu:252.00 scu:1290.00 tlayer:3 pbqpoffset:4.28 pbfactor:1.64 avgQpOffsetCutree:0.00;
in:111 out:113 type:b q:31.20 q-aq:31.14 q-noVbv:31.20 q-Rceq:1.32 tex:3397 mv:4026 misc:1313 icu:8.25 pcu:297.50 scu:1254.25 tlayer:3 pbqpoffset:3.96 pbfactor:1.58 avgQpOffsetCutree:0.00;
in:114 out:114 type:B q:29.10 q-aq:28.09 q-noVbv:29.10 q-Rceq:1.32 tex:14893 mv:9969 misc:2274 icu:97.25 pcu:584.00 scu:878.75 tlayer:2 pbqpoffset:1.62 pbfactor:1.21 avgQpOffsetCutree:-1.56;
in:113 out:115 type:b q:31.09 q-aq:31.15 q-noVbv:31.09 q-Rceq:1.32 tex:2591 mv:4348 misc:1293 icu:15.75 pcu:249.50 scu:1294.75 tlayer:3 pbqpoffset:3.69 pbfactor:1.53 avgQpOffsetCutree:0.00;
in:115 out:116 type:b q:31.61 q-aq:32.00 q-noVbv:31.61 q-Rceq:1.32 tex:2015 mv:4328 misc:1337 icu:6.25 pcu:219.00 scu:1334.75 tlayer:3 pbqpoffset:4.05 pbfactor:1.60 avgQpOffsetCutree:0.00;
in:132 out:117 type:k q:26.43 q-aq:20.75 q-noVbv:26.43 q-Rceq:1.32 tex:176079 mv:20292 misc:2541 icu:1392.75 pcu:167.00 scu:0.25 tlayer:0 pbqpoffset:0.55 pbfactor:1.07 avgQpOffsetCutree:-5.33;
in:124 out:118 type:B q:28.62 q-aq:24.68 q-noVbv:28.62 q-Rceq:1.32 tex:69214 mv:17683 misc:2855 icu:506.00 pcu:873.25 scu:180.75 tlayer:1 pbqpoffset:1.59 pbfactor:1.20 avgQpOffsetCutree:-3.78;
in:120 out:119 type:B q:28.93 q-aq:26.25 q-noVbv:28.93 q-Rceq:1.32 tex:56017 mv:18210 misc:3053 icu:418.25 pcu:865.75 scu:276.00 tlayer:2 pbqpoffset:1.59 pbfactor:1.20 avgQpOffsetCutree:-2.72;
in:118 out:120 type:B q:29.48 q-aq:28.32 q-noVbv:29.48 q-Rceq:1.32 tex:14834 mv:10600 misc:2254 icu:97.00 pcu:602.75 scu:860.25 tlayer:3 pbqpoffset:1.99 pbfactor:1.26 avgQpOffsetCutree:-1.60;
in:117 out:121 type:b q:32.81 q-aq:33.08 q-noVbv:32.81 q-Rceq:1.32 tex:1655 mv:3960 misc:1169 icu:7.50 pcu:295.25 scu:1257.25 tlayer:4 pbqpoffset:5.24 pbfactor:1.83 avgQpOffsetCutree:0.00;
in:119 out:122 type:b q:32.63 q-aq:33.00 q-noVbv:32.63 q-Rceq:1.32 tex:1773 mv:4121 misc:1234 icu:5.25 pcu:273.00 scu:1281.75 tlayer:4 pbqpoffset:5.21 pbfactor:1.83 avgQpOffsetCutree:0.00;
in:122 out:123 type:B q:29.21 q-aq:28.19 q-noVbv:29.21 q-Rceq:1.32 tex:15531 mv:10995 misc:2426 icu:81.75 pcu:572.00 scu:906.25 tlayer:3 pbqpoffset:2.03 pbfactor:1.26 avgQpOffsetCutree:-1.55;
in:121 out:124 type:b q:32.44 q-aq:32.34 q-noVbv:32.44 q-Rceq:1.32 tex:2776 mv:4232 misc:1320 icu:4.50 pcu:243.50 scu:1312.00 tlayer:4 pbqpoffset:5.18 pbfactor:1.82 avgQpOffsetCutree:0.00;
in:123 out:125 type:b q:32.36 q-aq:32.23 q-noVbv:32.36 q-Rceq:1.32 tex:2909 mv:4716 misc:1399 icu:4.25 pcu:267.75 scu:1288.00 tlayer:4 pbqpoffset:5.25 pbfactor:1.83 avgQpOffsetCutree:0.00;
in:128 out:126 type:B q:28.32 q-aq:25.52 q-noVbv:28.32 q-Rceq:1.32 tex:72567 mv:19749 misc:2740 icu:507.75 pcu:803.25 scu:249.00 tlayer:2 pbqpoffset:1.59 pbfactor:1.20 avgQpOffsetCutree:-2.82;
in:126 out:127 type:B q:28.89 q-aq:27.79 q-noVbv:28.89 q-Rceq:1.32 tex:17721 mv:10814 misc:2233 icu:69.00 pcu:625.50 scu:865.50 tlayer:3 pbqpoffset:2.01 pbfactor:1.26 avgQpOffsetCutree:-1.61;
in:125 out:128 type:b q:31.74 q-aq:32.00 q-noVbv:31.74 q-Rceq:1.32 tex:2823 mv:4191 misc:1194 icu:3.75 pcu:323.00 scu:1233.25 tlayer:4 pbqpoffset:4.78 pbfactor:1.74 avgQpOffsetCutree:0.00;
in:127 out:129 type:b q:32.07 q-aq:32.00 q-noVbv:32.07 q-Rceq:1.32 tex:1549 mv:3799 misc:1300 icu:1.50 pcu:263.50 scu:1295.00 tlayer:4 pbqpoffset:5.27 pbfactor:1.84 avgQpOffsetCutree:0.00;
in:130 out:130 type:B q:28.77 q-aq:27.76 q-noVbv:28.77 q-Rceq:1.32 tex:15934 mv:10906 misc:2360 icu:73.75 pcu:486.50 scu:999.75 tlayer:3 pbqpoffset:2.20 pbfactor:1.29 avgQpOffsetCutree:-1.52;
in:129 out:131 type:b q:31.58 q-aq:32.00 q-noVbv:31.58 q-Rceq:1.32 tex:2156 mv:4529 misc:1323 icu:2.00 pcu:311.75 scu:1246.25 tlayer:4 pbqpoffset:4.92 pbfactor:1.77 avgQpOffsetCutree:0.00;
in:131 out:132 type:b q:32.03 q-aq:32.04 q-noVbv:32.03 q-Rceq:1.32 tex:1914 mv:3982 misc:1312 icu:5.25 pcu:340.75 scu:1214.00 tlayer:4 pbqpoffset:5.53 pbfactor:1.89 avgQpOffsetCutree:0.00;
in:148 out:133 type:k q:26.60 q-aq:20.87 q-noVbv:26.60 q-Rceq:1.32 tex:187828 mv:26776 misc:2964 icu:1187.00 pcu:359.25 scu:13.75 tlayer:0 pbqpoffset:0.54 pbfactor:1.06 avgQpOffsetCutree:-5.56;
in:140 out:134 type:B q:28.23 q-aq:24.07 q-noVbv:28.23 q-Rceq:1.32 tex:76768 mv:19787 misc:3229 icu:517.50 pcu:804.75 scu:237.75 tlayer:1 pbqpoffset:1.71 pbfactor:1.22 avgQpOffsetCutree:-3.95;
in:136 out:135 type:B q:28.18 q-aq:25.49 q-noVbv:28.18 q-Rceq:1.32 tex:57624 mv:17944 misc:3104 icu:426.75 pcu:837.50 scu:295.75 tlayer:2 pbqpoffset:1.71 pbfactor:1.22 avgQpOffsetCutree:-2.81;
in:134 out:136 type:B q:29.42 q-aq:28.16 q-noVbv:29.42 q-Rceq:1.32 tex:14288 mv:10435 misc:2245 icu:69.75 pcu:511.25 scu:979.00 tlayer:3 pbqpoffset:2.97 pbfactor:1.41 avgQpOffsetCutree:-1.56;
in:133 out:137 type:b q:33.01 q-aq:33.00 q-noVbv:33.01 q-Rceq:1.32 tex:950 mv:3619 misc:1255 icu:3.00 pcu:260.75 scu:1296.25 tlayer:4 pbqpoffset:6.57 pbfactor:2.14 avgQpOffsetCutree:0.00;
in:135 out:138 type:b q:33.03 q-aq:33.00 q-noVbv:33.03 q-Rceq:1.32 tex:1137 mv:3789 misc:1258 icu:3.00 pcu:202.75 scu:1354.25 tlayer:4 pbqpoffset:6.57 pbfactor:2.14 avgQpOffsetCutree:0.00;
in:138 out:139 type:B q:29.08 q-aq:28.03 q-noVbv:29.08 q-Rceq:1.32 tex:15957 mv:10681 misc:2226 icu:66.25 pcu:651.25 scu:842.50 tlayer:3 pbqpoffset:2.59 pbfactor:1.35 avgQpOffsetCutree:-1.56;
in:137 out:140 type:b q:33.06 q-aq:33.00 q-noVbv:33.06 q-Rceq:1.32 tex:959 mv:3827 misc:1174 icu:1.25 pcu:238.75 scu:1320.00 tlayer:4 pbqpoffset:6.57 pbfactor:2.14 avgQpOffsetCutree:0.00;
in:139 out:141 type:b q:32.84 q-aq:33.00 q-noVbv:32.84 q-Rceq:1.32 tex:1040 mv:3931 misc:1213 icu:5.00 pcu:292.50 scu:1262.50 tlayer:4 pbqpoffset:6.34 pbfactor:2.08 avgQpOffsetCutree:0.00;
in:144 out:142 type:B q:28.27 q-aq:25.68 q-noVbv:28.27 q-Rceq:1.32 tex:70045 mv:21610 misc:3049 icu:432.50 pcu:868.25 scu:259.25 tlayer:2 pbqpoffset:1.71 pbfactor:1.22 avgQpOffsetCutree:-2.78;
in:142 out:143 type:B q:29.09 q-aq:28.35 q-noVbv:29.09 q-Rceq:1.32 tex:15482 mv:11389 misc:2369 icu:80.50 pcu:636.25 scu:843.25 tlayer:3 pbqpoffset:2.55 pbfactor:1.34 avgQpOffsetCutree:-1.49;
in:141 out:144 type:b q:32.57 q-aq:33.00 q-noVbv:32.57 q-Rceq:1.32 tex:1742 mv:4152 misc:1290 icu:4.25 pcu:279.00 scu:1276.75 tlayer:4 pbqpoffset:6.05 pbfactor:2.01 avgQpOffsetCutree:0.00;
in:143 out:145 type:b q:32.52 q-aq:33.00 q-noVbv:32.52 q-Rceq:1.32 tex:1930 mv:4099 misc:1275 icu:8.50 pcu:345.00 scu:1206.50 tlayer:4 pbqpoffset:5.97 pbfactor:1.99 avgQpOffsetCutree:0.00;
in:146 out:146 type:B q:29.15 q-aq:28.19 q-noVbv:29.15 q-Rceq:1.32 tex:15411 mv:11997 misc:2360 icu:53.75 pcu:611.75 scu:894.50 tlayer:3 pbqpoffset:2.56 pbfactor:1.34 avgQpOffsetCutree:-1.52;
in:145 out:147 type:b q:32.58 q-aq:33.00 q-noVbv:32.58 q-Rceq:1.32 tex:1504 mv:4451 misc:1381 icu:1.75 pcu:332.50 scu:1225.75 tlayer:4 pbqpoffset:6.01 pbfactor:2.00 avgQpOffsetCutree:0.00;
in:147 out:148 type:b q:32.58 q-aq:33.00 q-noVbv:32.58 q-Rceq:1.32 tex:887 mv:3815 misc:1290 icu:5.25 pcu:297.00 scu:1257.75 tlayer:4 pbqpoffset:5.98 pbfactor:2.00 avgQpOffsetCutree:0.00;
in:164 out:149 type:k q:26.80 q-aq:20.75 q-noVbv:26.80 q-Rceq:1.32 tex:226925 mv:28303 misc:3076 icu:1443.75 pcu:115.75 scu:0.50 tlayer:0 pbqpoffset:0.55 pbfactor:1.07 avgQpOffsetCutree:-6.10;
in:156 out:150 type:B q:28.49 q-aq:24.17 q-noVbv:28.49 q-Rceq:1.32 tex:91709 mv:22644 misc:3679 icu:367.50 pcu:957.75 scu:234.75 tlayer:1 pbqpoffset:1.79 pbfactor:1.23 avgQpOffsetCutree:-4.01;
in:152 out:151 type:B q:28.44 q-aq:25.67 q-noVbv:28.44 q-Rceq:1.32 tex:81102 mv:23407 misc:3339 icu:390.00 pcu:870.25 scu:299.75 tlayer:2 pbqpoffset:1.79 pbfactor:1.23 avgQpOffsetCutree:-2.77;
in:150 out:152 type:B q:29.39 q-aq:28.15 q-noVbv:29.39 q-Rceq:1.32 tex:15481 mv:11806 misc:2457 icu:51.50 pcu:648.00 scu:860.50 tlayer:3 pbqpoffset:2.76 pbfactor:1.38 avgQpOffsetCutree:-1.59;
in:149 out:153 type:b q:32.90 q-aq:33.00 q-noVbv:32.90 q-Rceq:1.32 tex:951 mv:3725 misc:1116 icu:1.75 pcu:302.25 scu:1256.00 tlayer:4 pbqpoffset:6.28 pbfactor:2.07 avgQpOffsetCutree:0.00;
in:151 out:154 type:b q:33.29 q-aq:33.04 q-noVbv:33.29 q-Rceq:1.32 tex:1182 mv:3650 misc:1160 icu:3.25 pcu:304.25 scu:1252.50 tlayer:4 pbqpoffset:6.65 pbfactor:2.16 avgQpOffsetCutree:0.00;
in:154 out:155 type:B q:29.28 q-aq:28.17 q-noVbv:29.28 q-Rceq:1.32 tex:18998 mv:13522 misc:2616 icu:34.50 pcu:798.25 scu:727.25 tlayer:3 pbqpoffset:2.60 pbfactor:1.35 avgQpOffsetCutree:-1.58;
in:153 out:156 type:b q:32.97 q-aq:33.00 q-noVbv:32.97 q-Rceq:1.32 tex:1095 mv:4462 misc:1267 icu:1.75 pcu:512.25 scu:1046.00 tlayer:4 pbqpoffset:6.31 pbfactor:2.07 avgQpOffsetCutree:0.00;
in:155 out:157 type:b q:32.68 q-aq:33.00 q-noVbv:32.68 q-Rceq:1.32 tex:1709 mv:4426 misc:1209 icu:1.50 pcu:444.25 scu:1114.25 tlayer:4 pbqpoffset:5.99 pbfactor:2.00 avgQpOffsetCutree:0.00;
in:160 out:158 type:B q:28.53 q-aq:25.62 q-noVbv:28.53 q-Rceq:1.32 tex:83811 mv:22273 misc:2948 icu:392.25 pcu:840.75 scu:327.00 tlayer:2 pbqpoffset:1.79 pbfactor:1.23 avgQpOffsetCutree:-2.93;
in:158 out:159 type:B q:29.76 q-aq:28.21 q-noVbv:29.76 q-Rceq:1.32 tex:12733 mv:11494 misc:2581 icu:34.50 pcu:662.50 scu:863.00 tlayer:3 pbqpoffset:3.04 pbfactor:1.42 avgQpOffsetCutree:-1.72;
in:157 out:160 type:b q:33.36 q-aq:33.33 q-noVbv:33.36 q-Rceq:1.32 tex:1377 mv:3553 misc:1222 icu:1.25 pcu:298.75 scu:1260.00 tlayer:4 pbqpoffset:6.65 pbfactor:2.16 avgQpOffsetCutree:0.00;
in:159 out:161 type:b q:33.39 q-aq:33.32 q-noVbv:33.39 q-Rceq:1.32 tex:932 mv:3239 misc:1133 icu:1.50 pcu:267.25 scu:1291.25 tlayer:4 pbqpoffset:6.65 pbfactor:2.16 avgQpOffsetCutree:0.00;
in:162 out:162 type:B q:29.62 q-aq:28.49 q-noVbv:29.62 q-Rceq:1.32 tex:14008 mv:12743 misc:2593 icu:42.00 pcu:737.50 scu:780.50 tlayer:3 pbqpoffset:2.84 pbfactor:1.39 avgQpOffsetCutree:-1.63;
in:161 out:163 type:b q:33.41 q-aq:33.16 q-noVbv:33.41 q-Rceq:1.32 tex:869 mv:3623 misc:1268 icu:0.50 pcu:291.50 scu:1268.00 tlayer:4 pbqpoffset:6.65 pbfactor:2.16 avgQpOffsetCutree:0.00;
in:163 out:164 type:b q:33.44 q-aq:33.40 q-noVbv:33.44 q-Rceq:1.32 tex:976 mv:4239 misc:1329 icu:1.00 pcu:343.50 scu:1215.50 tlayer:4 pbqpoffset:6.65 pbfactor:2.16 avgQpOffsetCutree:0.00;
in:180 out:165 type:k q:27.02 q-aq:20.22 q-noVbv:27.02 q-Rceq:1.32 tex:173759 mv:26352 misc:3481 icu:778.00 pcu:719.50 scu:62.50 tlayer:0 pbqpoffset:0.54 pbfactor:1.06 avgQpOffsetCutree:-5.99;
in:172 out:166 type:B q:28.61 q-aq:24.30 q-noVbv:28.61 q-Rceq:1.32 tex:71825 mv:18355 misc:3060 icu:347.50 pcu:942.25 scu:270.25 tlayer:1 pbqpoffset:1.70 pbfactor:1.22 avgQpOffsetCutree:-4.19;
in:168 out:167 type:B q:28.56 q-aq:25.68 q-noVbv:28.56 q-Rceq:1.32 tex:73654 mv:21107 misc:2911 icu:358.25 pcu:908.00 scu:293.75 tlayer:2 pbqpoffset:1.70 pbfactor:1.22 avgQpOffsetCutree:-2.92;
in:166 out:168 type:B q:28.82 q-aq:27.44 q-noVbv:28.82 q-Rceq:1.32 tex:16932 mv:12586 misc:2634 icu:51.25 pcu:686.00 scu:822.75 tlayer:3 pbqpoffset:1.99 pbfactor:1.26 avgQpOffsetCutree:-1.68;
in:165 out:169 type:b q:32.18 q-aq:32.07 q-noVbv:32.18 q-Rceq:1.32 tex:1914 mv:4062 misc:1312 icu:1.00 pcu:346.50 scu:1212.50 tlayer:4 pbqpoffset:5.37 pbfactor:1.86 avgQpOffsetCutree:0.00;
in:167 out:170 type:b q:32.19 q-aq:32.05 q-noVbv:32.19 q-Rceq:1.32 tex:2523 mv:4197 misc:1352 icu:5.50 pcu:305.50 scu:1249.00 tlayer:4 pbqpoffset:5.35 pbfactor:1.85 avgQpOffsetCutree:0.00;
in:170 out:171 type:B q:28.85 q-aq:27.71 q-noVbv:28.85 q-Rceq:1.32 tex:17197 mv:12080 misc:2427 icu:49.75 pcu:725.00 scu:785.25 tlayer:3 pbqpoffset:1.97 pbfactor:1.26 avgQpOffsetCutree:-1.63;
in:169 out:172 type:b q:32.41 q-aq:32.23 q-noVbv:32.41 q-Rceq:1.32 tex:1575 mv:3935 misc:1250 icu:5.75 pcu:255.25 scu:1299.00 tlayer:4 pbqpoffset:5.54 pbfactor:1.90 avgQpOffsetCutree:0.00;
in:171 out:173 type:b q:32.39 q-aq:32.29 q-noVbv:32.39 q-Rceq:1.32 tex:1933 mv:3701 misc:1286 icu:2.50 pcu:337.00 scu:1220.50 tlayer:4 pbqpoffset:5.49 pbfactor:1.89 avgQpOffsetCutree:0.00;
in:176 out:174 type:B q:28.67 q-aq:25.91 q-noVbv:28.67 q-Rceq:1.32 tex:60121 mv:18381 misc:2650 icu:337.25 pcu:794.00 scu:428.75 tlayer:2 pbqpoffset:1.70 pbfactor:1.22 avgQpOffsetCutree:-2.91;
in:174 out:175 type:B q:28.88 q-aq:27.71 q-noVbv:28.88 q-Rceq:1.32 tex:16408 mv:12306 misc:2662 icu:55.00 pcu:687.75 scu:817.25 tlayer:3 pbqpoffset:1.94 pbfactor:1.25 avgQpOffsetCutree:-1.55;
in:173 out:176 type:b q:31.76 q-aq:32.00 q-noVbv:31.76 q-Rceq:1.32 tex:1781 mv:4226 misc:1361 icu:2.75 pcu:377.25 scu:1180.00 tlayer:4 pbqpoffset:4.84 pbfactor:1.75 avgQpOffsetCutree:0.00;
in:175 out:177 type:b q:32.37 q-aq:32.20 q-noVbv:32.37 q-Rceq:1.32 tex:1208 mv:3838 misc:1338 icu:2.75 pcu:360.00 scu:1197.25 tlayer:4 pbqpoffset:5.42 pbfactor:1.87 avgQpOffsetCutree:0.00;
in:178 out:178 type:B q:29.37 q-aq:28.30 q-noVbv:29.37 q-Rceq:1.32 tex:14785 mv:10212 misc:2395 icu:67.25 pcu:610.75 scu:882.00 tlayer:3 pbqpoffset:2.38 pbfactor:1.32 avgQpOffsetCutree:-1.52;
in:177 out:179 type:b q:32.62 q-aq:33.00 q-noVbv:32.62 q-Rceq:1.32 tex:1763 mv:3514 misc:1179 icu:10.00 pcu:446.25 scu:1103.75 tlayer:4 pbqpoffset:5.64 pbfactor:1.92 avgQpOffsetCutree:0.00;
in:179 out:180 type:b q:32.18 q-aq:32.03 q-noVbv:32.18 q-Rceq:1.32 tex:1768 mv:3711 misc:1377 icu:6.75 pcu:387.25 scu:1166.00 tlayer:4 pbqpoffset:5.17 pbfactor:1.82 avgQpOffsetCutree:0.00;
in:196 out:181 type:k q:26.68 q-aq:20.22 q-noVbv:26.68 q-Rceq:1.32 tex:246890 mv:32021 misc:3121 icu:1398.25 pcu:160.50 scu:1.25 tlayer:0 pbqpoffset:0.53 pbfactor:1.06 avgQpOffsetCutree:-6.24;
in:188 out:182 type:B q:28.52 q-aq:24.25 q-noVbv:28.52 q-Rceq:1.32 tex:73720 mv:18390 misc:3130 icu:297.50 pcu:916.00 scu:346.50 tlayer:1 pbqpoffset:1.67 pbfactor:1.21 avgQpOffsetCutree:-3.96;
in:184 out:183 type:B q:28.61 q-aq:26.05 q-noVbv:28.61 q-Rceq:1.32 tex:56924 mv:18126 misc:2766 icu:288.75 pcu:868.00 scu:403.25 tlayer:2 pbqpoffset:1.67 pbfactor:1.21 avgQpOffsetCutree:-2.66;
in:182 out:184 type:B q:29.87 q-aq:28.86 q-noVbv:29.87 q-Rceq:1.32 tex:12890 mv:10335 misc:2311 icu:56.75 pcu:429.50 scu:1073.75 tlayer:3 pbqpoffset:2.89 pbfactor:1.40 avgQpOffsetCutree:-1.53;
in:181 out:185 type:b q:33.38 q-aq:33.04 q-noVbv:33.38 q-Rceq:1.32 tex:1735 mv:3299 misc:1102 icu:1.75 pcu:401.50 scu:1156.75 tlayer:4 pbqpoffset:6.37 pbfactor:2.09 avgQpOffsetCutree:0.00;
in:183 out:186 type:b q:33.13 q-aq:33.00 q-noVbv:33.13 q-Rceq:1.32 tex:1314 mv:3853 misc:1257 icu:2.00 pcu:437.00 scu:1121.00 tlayer:4 pbqpoffset:6.18 pbfactor:2.04 avgQpOffsetCutree:0.00;
in:186 out:187 type:B q:29.71 q-aq:28.42 q-noVbv:29.71 q-Rceq:1.32 tex:13991 mv:10870 misc:2403 icu:35.75 pcu:686.00 scu:838.25 tlayer:3 pbqpoffset:2.81 pbfactor:1.38 avgQpOffsetCutree:-1.60;
in:185 out:188 type:b q:33.16 q-aq:33.00 q-noVbv:33.16 q-Rceq:1.32 tex:1271 mv:3979 misc:1214 icu:0.75 pcu:505.25 scu:1054.00 tlayer:4 pbqpoffset:6.24 pbfactor:2.06 avgQpOffsetCutree:0.00;
in:187 out:189 type:b q:33.40 q-aq:33.10 q-noVbv:33.40 q-Rceq:1.32 tex:854 mv:3208 misc:1138 icu:0.25 pcu:359.75 scu:1200.00 tlayer:4 pbqpoffset:6.53 pbfactor:2.13 avgQpOffsetCutree:0.00;
in:192 out:190 type:B q:28.52 q-aq:25.71 q-noVbv:28.52 q-Rceq:1.32 tex:69399 mv:19904 misc:3369 icu:344.25 pcu:813.50 scu:402.25 tlayer:2 pbqpoffset:1.75 pbfactor:1.22 avgQpOffsetCutree:-2.77;
in:190 out:191 type:B q:29.81 q-aq:28.56 q-noVbv:29.81 q-Rceq:1.32 tex:13415 mv:10654 misc:2299 icu:28.00 pcu:699.75 scu:832.25 tlayer:3 pbqpoffset:3.00 pbfactor:1.42 avgQpOffsetCutree:-1.57;
in:189 out:192 type:b q:33.36 q-aq:33.06 q-noVbv:33.36 q-Rceq:1.32 tex:659 mv:2604 misc:985 icu:0.50 pcu:304.50 scu:1255.00 tlayer:4 pbqpoffset:6.53 pbfactor:2.13 avgQpOffsetCutree:0.00;
in:191 out:193 type:b q:33.32 q-aq:33.08 q-noVbv:33.32 q-Rceq:1.32 tex:533 mv:2892 misc:935 icu:0.50 pcu:269.75 scu:1289.75 tlayer:4 pbqpoffset:6.53 pbfactor:2.13 avgQpOffsetCutree:0.00;
in:194 out:194 type:B q:29.88 q-aq:28.37 q-noVbv:29.88 q-Rceq:1.32 tex:10539 mv:9487 misc:2150 icu:26.25 pcu:536.00 scu:997.75 tlayer:3 pbqpoffset:3.15 pbfactor:1.44 avgQpOffsetCutree:-1.67;
in:193 out:195 type:b q:33.28 q-aq:33.00 q-noVbv:33.28 q-Rceq:1.32 tex:486 mv:2497 misc:905 icu:0.50 pcu:271.00 scu:1288.50 tlayer:4 pbqpoffset:6.53 pbfactor:2.13 avgQpOffsetCutree:0.00;
in:195 out:196 type:b q:33.23 q-aq:33.00 q-noVbv:33.23 q-Rceq:1.32 tex:654 mv:2952 misc:994 icu:0.25 pcu:292.75 scu:1267.00 tlayer:4 pbqpoffset:6.53 pbfactor:2.13 avgQpOffsetCutree:0.00;
in:212 out:197 type:k q:27.19 q-aq:21.67 q-noVbv:27.19 q-Rceq:1.32 tex:141477 mv:23815 misc:3156 icu:879.50 pcu:634.25 scu:46.25 tlayer:0 pbqpoffset:0.57 pbfactor:1.07 avgQpOffsetCutree:-4.98;
in:204 out:198 type:B q:28.61 q-aq:24.30 q-noVbv:28.61 q-Rceq:1.32 tex:79027 mv:19875 misc:3418 icu:383.00 pcu:889.75 scu:287.25 tlayer:1 pbqpoffset:1.67 pbfactor:1.21 avgQpOffsetCutree:-4.14;
in:200 out:199 type:B q:28.48 q-aq:25.71 q-noVbv:28.48 q-Rceq:1.32 tex:63823 mv:18390 misc:3011 icu:287.00 pcu:828.75 scu:444.25 tlayer:2 pbqpoffset:1.67 pbfactor:1.21 avgQpOffsetCutree:-2.94;
in:198 out:200 type:B q:29.16 q-aq:27.91 q-noVbv:29.16 q-Rceq:1.32 tex:10704 mv:10513 misc:2391 icu:18.50 pcu:645.00 scu:896.50 tlayer:3 pbqpoffset:2.42 pbfactor:1.32 avgQpOffsetCutree:-1.57;
in:197 out:201 type:b q:32.98 q-aq:33.00 q-noVbv:32.98 q-Rceq:1.32 tex:639 mv:2536 misc:1009 icu:1.25 pcu:280.75 scu:1278.00 tlayer:4 pbqpoffset:6.27 pbfactor:2.06 avgQpOffsetCutree:0.00;
in:199 out:202 type:b q:32.64 q-aq:33.00 q-noVbv:32.64 q-Rceq:1.32 tex:327 mv:2751 misc:970 icu:1.25 pcu:269.00 scu:1289.75 tlayer:4 pbqpoffset:5.86 pbfactor:1.97 avgQpOffsetCutree:0.00;
in:202 out:203 type:B q:29.01 q-aq:27.83 q-noVbv:29.01 q-Rceq:1.32 tex:15841 mv:12865 misc:2846 icu:48.25 pcu:648.75 scu:863.00 tlayer:3 pbqpoffset:2.14 pbfactor:1.28 avgQpOffsetCutree:-1.59;
in:201 out:204 type:b q:32.89 q-aq:33.00 q-noVbv:32.89 q-Rceq:1.32 tex:928 mv:3110 misc:1082 icu:3.50 pcu:275.00 scu:1281.50 tlayer:4 pbqpoffset:6.06 pbfactor:2.01 avgQpOffsetCutree:0.00;
in:203 out:205 type:b q:32.68 q-aq:33.00 q-noVbv:32.68 q-Rceq:1.32 tex:606 mv:3260 misc:1102 icu:1.50 pcu:216.25 scu:1342.25 tlayer:4 pbqpoffset:5.78 pbfactor:1.95 avgQpOffsetCutree:0.00;
in:208 out:206 type:B q:28.73 q-aq:26.03 q-noVbv:28.73 q-Rceq:1.32 tex:64378 mv:18706 misc:2828 icu:365.75 pcu:843.25 scu:351.00 tlayer:2 pbqpoffset:1.67 pbfactor:1.21 avgQpOffsetCutree:-2.84;
in:206 out:207 type:B q:28.79 q-aq:27.88 q-noVbv:28.79 q-Rceq:1.32 tex:16395 mv:12914 misc:2595 icu:60.75 pcu:707.00 scu:792.25 tlayer:3 pbqpoffset:1.80 pbfactor:1.23 avgQpOffsetCutree:-1.41;
in:205 out:208 type:b q:32.00 q-aq:32.00 q-noVbv:32.00 q-Rceq:1.32 tex:1574 mv:4268 misc:1382 icu:1.25 pcu:447.75 scu:1111.00 tlayer:4 pbqpoffset:5.04 pbfactor:1.79 avgQpOffsetCutree:0.00;
in:207 out:209 type:b q:32.05 q-aq:32.00 q-noVbv:32.05 q-Rceq:1.32 tex:1477 mv:4425 misc:1418 icu:2.50 pcu:275.75 scu:1281.75 tlayer:4 pbqpoffset:5.02 pbfactor:1.79 avgQpOffsetCutree:0.00;
in:210 out:210 type:B q:28.87 q-aq:27.70 q-noVbv:28.87 q-Rceq:1.32 tex:17642 mv:11832 misc:2574 icu:69.50 pcu:640.00 scu:850.50 tlayer:3 pbqpoffset:1.74 pbfactor:1.22 avgQpOffsetCutree:-1.51;
in:209 out:211 type:b q:31.37 q-aq:31.34 q-noVbv:31.37 q-Rceq:1.32 tex:2615 mv:4577 misc:1392 icu:1.75 pcu:275.75 scu:1282.50 tlayer:4 pbqpoffset:4.28 pbfactor:1.64 avgQpOffsetCutree:0.00;
in:211 out:212 type:b q:31.99 q-aq:32.00 q-noVbv:31.99 q-Rceq:1.32 tex:2491 mv:4539 misc:1362 icu:3.00 pcu:278.25 scu:1278.75 tlayer:4 pbqpoffset:4.84 pbfactor:1.75 avgQpOffsetCutree:0.00;
in:228 out:213 type:k q:26.87 q-aq:20.70 q-noVbv:26.87 q-Rceq:1.32 tex:176445 mv:20961 misc:2474 icu:1469.75 pcu:90.00 scu:0.25 tlayer:0 pbqpoffset:0.39 pbfactor:1.05 avgQpOffsetCutree:-5.72;
in:220 out:214 type:B q:28.62 q-aq:25.06 q-noVbv:28.62 q-Rceq:1.32 tex:64184 mv:17172 misc:2828 icu:371.00 pcu:955.50 scu:233.50 tlayer:1 pbqpoffset:1.59 pbfactor:1.20 avgQpOffsetCutree:-3.57;
in:216 out:215 type:B q:28.70 q-aq:26.03 q-noVbv:28.70 q-Rceq:1.32 tex:64898 mv:18726 misc:2856 icu:427.25 pcu:815.50 scu:317.25 tlayer:2 pbqpoffset:1.59 pbfactor:1.20 avgQpOffsetCutree:-2.71;
in:214 out:216 type:B q:28.87 q-aq:27.85 q-noVbv:28.87 q-Rceq:1.32 tex:17755 mv:11309 misc:2392 icu:65.50 pcu:604.50 scu:890.00 tlayer:3 pbqpoffset:1.72 pbfactor:1.22 avgQpOffsetCutree:-1.51;
in:213 out:217 type:b q:31.86 q-aq:32.00 q-noVbv:31.86 q-Rceq:1.32 tex:1220 mv:4044 misc:1288 icu:3.50 pcu:223.00 scu:1333.50 tlayer:4 pbqpoffset:4.70 pbfactor:1.72 avgQpOffsetCutree:0.00;
in:215 out:218 type:b q:31.86 q-aq:32.00 q-noVbv:31.86 q-Rceq:1.32 tex:1314 mv:3969 misc:1181 icu:1.75 pcu:237.25 scu:1321.00 tlayer:4 pbqpoffset:4.73 pbfactor:1.73 avgQpOffsetCutree:0.00;
in:218 out:219 type:B q:28.90 q-aq:27.73 q-noVbv:28.90 q-Rceq:1.32 tex:16338 mv:12251 misc:2499 icu:55.00 pcu:645.75 scu:859.25 tlayer:3 pbqpoffset:1.83 pbfactor:1.24 avgQpOffsetCutree:-1.54;
in:217 out:220 type:b q:32.25 q-aq:32.10 q-noVbv:32.25 q-Rceq:1.32 tex:1343 mv:3517 misc:1236 icu:2.00 pcu:249.25 scu:1308.75 tlayer:4 pbqpoffset:5.16 pbfactor:1.82 avgQpOffsetCutree:0.00;
in:219 out:221 type:b q:32.44 q-aq:32.40 q-noVbv:32.44 q-Rceq:1.32 tex:1109 mv:3200 misc:1067 icu:2.00 pcu:213.00 scu:1345.00 tlayer:4 pbqpoffset:5.39 pbfactor:1.86 avgQpOffsetCutree:0.00;
in:224 out:222 type:B q:28.54 q-aq:25.55 q-noVbv:28.54 q-Rceq:1.32 tex:55085 mv:15749 misc:2694 icu:304.75 pcu:941.75 scu:313.50 tlayer:2 pbqpoffset:1.59 pbfactor:1.20 avgQpOffsetCutree:-2.83;
in:222 out:223 type:B q:29.13 q-aq:28.08 q-noVbv:29.13 q-Rceq:1.32 tex:12966 mv:9915 misc:1983 icu:50.00 pcu:601.75 scu:908.25 tlayer:3 pbqpoffset:2.14 pbfactor:1.28 avgQpOffsetCutree:-1.55;
in:221 out:224 type:b q:32.52 q-aq:33.00 q-noVbv:32.52 q-Rceq:1.32 tex:1481 mv:2895 misc:1016 icu:0.75 pcu:172.25 scu:1387.00 tlayer:4 pbqpoffset:5.51 pbfactor:1.89 avgQpOffsetCutree:0.00;
in:223 out:225 type:b q:32.91 q-aq:33.00 q-noVbv:32.91 q-Rceq:1.32 tex:1316 mv:3040 misc:924 icu:5.00 pcu:175.50 scu:1379.50 tlayer:4 pbqpoffset:5.94 pbfactor:1.99 avgQpOffsetCutree:0.00;
in:226 out:226 type:B q:29.33 q-aq:28.11 q-noVbv:29.33 q-Rceq:1.32 tex:11187 mv:7514 misc:1771 icu:41.75 pcu:411.50 scu:1106.75 tlayer:3 pbqpoffset:2.42 pbfactor:1.32 avgQpOffsetCutree:-1.67;
in:225 out:227 type:b q:32.83 q-aq:33.00 q-noVbv:32.83 q-Rceq:1.32 tex:1719 mv:2653 misc:828 icu:5.25 pcu:178.50 scu:1376.25 tlayer:4 pbqpoffset:5.89 pbfactor:1.98 avgQpOffsetCutree:0.00;
in:227 out:228 type:b q:33.02 q-aq:33.00 q-noVbv:33.02 q-Rceq:1.32 tex:1618 mv:2262 misc:800 icu:5.50 pcu:187.75 scu:1366.75 tlayer:4 pbqpoffset:6.13 pbfactor:2.03 avgQpOffsetCutree:0.00;
in:244 out:229 type:k q:26.12 q-aq:20.43 q-noVbv:26.12 q-Rceq:1.32 tex:155687 mv:24611 misc:2790 icu:833.00 pcu:699.75 scu:27.25 tlayer:0 pbqpoffset:0.51 pbfactor:1.06 avgQpOffsetCutree:-5.31;
in:236 out:230 type:B q:28.10 q-aq:23.33 q-noVbv:28.10 q-Rceq:1.32 tex:62510 mv:16525 misc:2629 icu:292.25 pcu:1022.75 scu:245.00 tlayer:1 pbqpoffset:1.60 pbfactor:1.20 avgQpOffsetCutree:-4.24;
in:232 out:231 type:B q:28.39 q-aq:25.46 q-noVbv:28.39 q-Rceq:1.32 tex:44143 mv:13434 misc:2463 icu:234.75 pcu:971.75 scu:353.50 tlayer:2 pbqpoffset:1.70 pbfactor:1.22 avgQpOffsetCutree:-2.83;
in:230 out:232 type:B q:29.94 q-aq:28.87 q-noVbv:29.94 q-Rceq:1.32 tex:8161 mv:6959 misc:1680 icu:42.25 pcu:389.75 scu:1128.00 tlayer:3 pbqpoffset:3.16 pbfactor:1.44 avgQpOffsetCutree:-1.60;
in:229 out:233 type:b q:33.29 q-aq:33.10 q-noVbv:33.29 q-Rceq:1.32 tex:1088 mv:1986 misc:790 icu:3.75 pcu:159.75 scu:1396.50 tlayer:4 pbqpoffset:6.47 pbfactor:2.11 avgQpOffsetCutree:0.00;
in:231 out:234 type:b q:33.20 q-aq:33.09 q-noVbv:33.20 q-Rceq:1.32 tex:1265 mv:2426 misc:869 icu:4.50 pcu:141.75 scu:1413.75 tlayer:4 pbqpoffset:6.47 pbfactor:2.11 avgQpOffsetCutree:0.00;
in:234 out:235 type:B q:29.44 q-aq:28.33 q-noVbv:29.44 q-Rceq:1.32 tex:10862 mv:7466 misc:1736 icu:53.75 pcu:410.50 scu:1095.75 tlayer:3 pbqpoffset:2.85 pbfactor:1.39 avgQpOffsetCutree:-1.64;
in:233 out:236 type:b q:33.11 q-aq:33.08 q-noVbv:33.11 q-Rceq:1.32 tex:1854 mv:2521 misc:905 icu:10.00 pcu:133.50 scu:1416.50 tlayer:4 pbqpoffset:6.47 pbfactor:2.11 avgQpOffsetCutree:0.00;
in:235 out:237 type:b q:33.01 q-aq:33.08 q-noVbv:33.01 q-Rceq:1.32 tex:1589 mv:2545 misc:890 icu:2.50 pcu:170.50 scu:1387.00 tlayer:4 pbqpoffset:6.47 pbfactor:2.11 avgQpOffsetCutree:0.00;
in:240 out:238 type:B q:27.91 q-aq:24.99 q-noVbv:27.91 q-Rceq:1.32 tex:55480 mv:17566 misc:2754 icu:294.50 pcu:909.25 scu:356.25 tlayer:2 pbqpoffset:1.60 pbfactor:1.20 avgQpOffsetCutree:-2.90;
in:238 out:239 type:B q:29.26 q-aq:28.10 q-noVbv:29.26 q-Rceq:1.32 tex:12187 mv:7722 misc:1763 icu:52.00 pcu:445.50 scu:1062.50 tlayer:3 pbqpoffset:2.86 pbfactor:1.39 avgQpOffsetCutree:-1.51;
in:237 out:240 type:b q:32.92 q-aq:33.00 q-noVbv:32.92 q-Rceq:1.32 tex:1462 mv:2606 misc:924 icu:2.75 pcu:185.25 scu:1372.00 tlayer:4 pbqpoffset:6.47 pbfactor:2.11 avgQpOffsetCutree:0.00;
in:239 out:241 type:b q:32.82 q-aq:33.00 q-noVbv:32.82 q-Rceq:1.32 tex:1291 mv:2782 misc:943 icu:2.25 pcu:175.25 scu:1382.50 tlayer:4 pbqpoffset:6.47 pbfactor:2.11 avgQpOffsetCutree:0.00;
in:242 out:242 type:B q:28.80 q-aq:27.58 q-noVbv:28.80 q-Rceq:1.32 tex:13588 mv:8949 misc:2087 icu:52.75 pcu:461.75 scu:1045.50 tlayer:3 pbqpoffset:2.58 pbfactor:1.35 avgQpOffsetCutree:-1.58;
in:241 out:243 type:b q:32.63 q-aq:33.00 q-noVbv:32.63 q-Rceq:1.32 tex:1262 mv:3130 misc:992 icu:6.25 pcu:183.25 scu:1370.50 tlayer:4 pbqpoffset:6.37 pbfactor:2.09 avgQpOffsetCutree:0.00;
in:243 out:244 type:b q:32.50 q-aq:33.00 q-noVbv:32.50 q-Rceq:1.32 tex:1008 mv:2919 misc:945 icu:1.00 pcu:251.75 scu:1307.25 tlayer:4 pbqpoffset:6.33 pbfactor:2.08 avgQpOffsetCutree:0.00;
in:260 out:245 type:k q:26.19 q-aq:21.06 q-noVbv:26.19 q-Rceq:1.32 tex:174204 mv:22119 misc:2477 icu:1451.50 pcu:108.50 scu:0.00 tlayer:0 pbqpoffset:0.64 pbfactor:1.08 avgQpOffsetCutree:-5.27;
in:252 out:246 type:B q:27.83 q-aq:23.78 q-noVbv:27.83 q-Rceq:1.32 tex:78468 mv:17786 misc:2890 icu:461.25 pcu:919.50 scu:179.25 tlayer:1 pbqpoffset:1.67 pbfactor:1.21 avgQpOffsetCutree:-3.90;
in:248 out:247 type:B q:27.81 q-aq:24.89 q-noVbv:27.81 q-Rceq:1.32 tex:63648 mv:17875 misc:2797 icu:360.00 pcu:1039.00 scu:161.00 tlayer:2 pbqpoffset:1.67 pbfactor:1.21 avgQpOffsetCutree:-2.84;
in:246 out:248 type:B q:28.91 q-aq:27.89 q-noVbv:28.91 q-Rceq:1.32 tex:13309 mv:9875 misc:2296 icu:47.00 pcu:604.00 scu:909.00 tlayer:3 pbqpoffset:2.78 pbfactor:1.38 avgQpOffsetCutree:-1.50;
in:245 out:249 type:b q:32.56 q-aq:33.00 q-noVbv:32.56 q-Rceq:1.32 tex:795 mv:3141 misc:1048 icu:2.25 pcu:251.50 scu:1306.25 tlayer:4 pbqpoffset:6.43 pbfactor:2.10 avgQpOffsetCutree:0.00;
in:247 out:250 type:b q:32.49 q-aq:32.67 q-noVbv:32.49 q-Rceq:1.32 tex:1175 mv:3288 misc:1121 icu:3.00 pcu:198.25 scu:1358.75 tlayer:4 pbqpoffset:6.35 pbfactor:2.08 avgQpOffsetCutree:0.00;
in:250 out:251 type:B q:28.67 q-aq:27.67 q-noVbv:28.67 q-Rceq:1.32 tex:14544 mv:9607 misc:2361 icu:56.25 pcu:488.00 scu:1015.75 tlayer:3 pbqpoffset:2.52 pbfactor:1.34 avgQpOffsetCutree:-1.56;
in:249 out:252 type:b q:32.52 q-aq:33.00 q-noVbv:32.52 q-Rceq:1.32 tex:1074 mv:3125 misc:1073 icu:0.75 pcu:224.25 scu:1335.00 tlayer:4 pbqpoffset:6.38 pbfactor:2.09 avgQpOffsetCutree:0.00;
in:251 out:253 type:b q:32.69 q-aq:33.00 q-noVbv:32.69 q-Rceq:1.32 tex:859 mv:3110 misc:991 icu:3.25 pcu:296.25 scu:1260.50 tlayer:4 pbqpoffset:6.54 pbfactor:2.13 avgQpOffsetCutree:0.00;
in:256 out:254 type:B q:27.84 q-aq:24.96 q-noVbv:27.84 q-Rceq:1.32 tex:71661 mv:19889 misc:3026 icu:459.25 pcu:870.25 scu:230.50 tlayer:2 pbqpoffset:1.67 pbfactor:1.21 avgQpOffsetCutree:-2.80;
in:254 out:255 type:B q:28.87 q-aq:27.65 q-noVbv:28.87 q-Rceq:1.32 tex:10880 mv:8685 misc:2107 icu:38.50 pcu:606.25 scu:915.25 tlayer:3 pbqpoffset:2.71 pbfactor:1.37 avgQpOffsetCutree:-1.64;
in:253 out:256 type:b q:32.70 q-aq:33.00 q-noVbv:32.70 q-Rceq:1.32 tex:927 mv:2561 misc:976 icu:1.25 pcu:427.75 scu:1131.00 tlayer:4 pbqpoffset:6.54 pbfactor:2.13 avgQpOffsetCutree:0.00;
in:255 out:257 type:b q:32.70 q-aq:33.00 q-noVbv:32.70 q-Rceq:1.32 tex:987 mv:2986 misc:987 icu:2.75 pcu:294.25 scu:1263.00 tlayer:4 pbqpoffset:6.54 pbfactor:2.13 avgQpOffsetCutree:0.00;
in:258 out:258 type:B q:28.74 q-aq:27.59 q-noVbv:28.74 q-Rceq:1.32 tex:11537 mv:9059 misc:1940 icu:65.25 pcu:422.50 scu:1072.25 tlayer:3 pbqpoffset:2.57 pbfactor:1.34 avgQpOffsetCutree:-1.63;
in:257 out:259 type:b q:32.42 q-aq:32.22 q-noVbv:32.42 q-Rceq:1.32 tex:1188 mv:3321 misc:1107 icu:2.50 pcu:282.75 scu:1274.75 tlayer:4 pbqpoffset:6.24 pbfactor:2.06 avgQpOffsetCutree:0.00;
in:259 out:260 type:b q:32.72 q-aq:33.00 q-noVbv:32.72 q-Rceq:1.32 tex:766 mv:3076 misc:1022 icu:0.75 pcu:196.25 scu:1363.00 tlayer:4 pbqpoffset:6.54 pbfactor:2.13 avgQpOffsetCutree:0.00;
in:268 out:261 type:k q:26.80 q-aq:21.39 q-noVbv:26.80 q-Rceq:1.32 tex:109565 mv:19795 misc:2648 icu:701.00 pcu:809.25 scu:49.75 tlayer:0 pbqpoffset:0.54 pbfactor:1.06 avgQpOffsetCutree:-4.74;
in:264 out:262 type:B q:28.06 q-aq:25.33 q-noVbv:28.06 q-Rceq:1.32 tex:51279 mv:14628 misc:2437 icu:369.25 pcu:979.75 scu:211.00 tlayer:1 pbqpoffset:1.56 pbfactor:1.20 avgQpOffsetCutree:-2.76;
in:262 out:263 type:B q:27.95 q-aq:26.69 q-noVbv:27.95 q-Rceq:1.32 tex:12504 mv:8683 misc:1925 icu:50.00 pcu:577.75 scu:932.25 tlayer:2 pbqpoffset:1.61 pbfactor:1.20 avgQpOffsetCutree:-1.62;
in:261 out:264 type:b q:30.32 q-aq:30.19 q-noVbv:30.32 q-Rceq:1.32 tex:1039 mv:3569 misc:1136 icu:2.25 pcu:316.50 scu:1241.25 tlayer:3 pbqpoffset:4.06 pbfactor:1.60 avgQpOffsetCutree:0.00;
in:263 out:265 type:b q:30.88 q-aq:31.00 q-noVbv:30.88 q-Rceq:1.32 tex:1267 mv:3225 misc:956 icu:5.25 pcu:220.25 scu:1334.50 tlayer:3 pbqpoffset:4.47 pbfactor:1.68 avgQpOffsetCutree:0.00;
in:266 out:266 type:B q:28.21 q-aq:27.16 q-noVbv:28.21 q-Rceq:1.32 tex:13965 mv:8677 misc:1990 icu:47.50 pcu:627.25 scu:885.25 tlayer:2 pbqpoffset:1.56 pbfactor:1.20 avgQpOffsetCutree:-1.55;
in:265 out:267 type:b q:30.55 q-aq:31.00 q-noVbv:30.55 q-Rceq:1.32 tex:1454 mv:3001 misc:1009 icu:0.75 pcu:233.75 scu:1325.50 tlayer:3 pbqpoffset:3.98 pbfactor:1.58 avgQpOffsetCutree:0.00;
in:267 out:268 type:b q:30.54 q-aq:31.02 q-noVbv:30.54 q-Rceq:1.32 tex:1914 mv:3348 misc:1098 icu:3.50 pcu:257.50 scu:1299.00 tlayer:3 pbqpoffset:3.82 pbfactor:1.55 avgQpOffsetCutree:0.00;
in:276 out:269 type:k q:25.95 q-aq:20.45 q-noVbv:25.95 q-Rceq:1.32 tex:117094 mv:19128 misc:2858 icu:715.25 pcu:814.00 scu:30.75 tlayer:0 pbqpoffset:0.66 pbfactor:1.08 avgQpOffsetCutree:-4.55;
in:272 out:270 type:B q:27.79 q-aq:24.96 q-noVbv:27.79 q-Rceq:1.32 tex:45754 mv:14469 misc:2289 icu:304.25 pcu:1057.00 scu:198.75 tlayer:1 pbqpoffset:1.42 pbfactor:1.18 avgQpOffsetCutree:-2.73;
in:270 out:271 type:B q:28.17 q-aq:27.19 q-noVbv:28.17 q-Rceq:1.32 tex:12105 mv:7601 misc:1646 icu:43.50 pcu:542.25 scu:974.25 tlayer:2 pbqpoffset:1.59 pbfactor:1.20 avgQpOffsetCutree:-1.46;
in:269 out:272 type:b q:29.95 q-aq:30.00 q-noVbv:29.95 q-Rceq:1.32 tex:2072 mv:3396 misc:1132 icu:5.75 pcu:260.00 scu:1294.25 tlayer:3 pbqpoffset:3.26 pbfactor:1.46 avgQpOffsetCutree:0.00;
in:271 out:273 type:b q:30.15 q-aq:30.01 q-noVbv:30.15 q-Rceq:1.32 tex:1355 mv:2689 misc:1020 icu:1.25 pcu:195.00 scu:1363.75 tlayer:3 pbqpoffset:3.67 pbfactor:1.53 avgQpOffsetCutree:0.00;
in:274 out:274 type:B q:27.89 q-aq:26.85 q-noVbv:27.89 q-Rceq:1.32 tex:11453 mv:7190 misc:1805 icu:42.50 pcu:460.75 scu:1056.75 tlayer:2 pbqpoffset:1.73 pbfactor:1.22 avgQpOffsetCutree:-1.53;
in:273 out:275 type:b q:30.10 q-aq:30.05 q-noVbv:30.10 q-Rceq:1.32 tex:1353 mv:2910 misc:1033 icu:4.00 pcu:252.50 scu:1303.50 tlayer:3 pbqpoffset:3.83 pbfactor:1.56 avgQpOffsetCutree:0.00;
in:275 out:276 type:b q:29.95 q-aq:30.00 q-noVbv:29.95 q-Rceq:1.32 tex:1511 mv:3012 misc:997 icu:4.25 pcu:221.25 scu:1334.50 tlayer:3 pbqpoffset:3.90 pbfactor:1.57 avgQpOffsetCutree:0.00;
in:284 out:277 type:k q:26.55 q-aq:21.63 q-noVbv:26.55 q-Rceq:1.32 tex:134634 mv:21147 misc:2619 icu:923.00 pcu:606.50 scu:30.50 tlayer:0 pbqpoffset:0.45 pbfactor:1.05 avgQpOffsetCutree:-4.45;
in:280 out:278 type:B q:27.75 q-aq:25.24 q-noVbv:27.75 q-Rceq:1.32 tex:59451 mv:17179 misc:2650 icu:373.50 pcu:997.25 scu:189.25 tlayer:1 pbqpoffset:1.50 pbfactor:1.19 avgQpOffsetCutree:-2.63;
in:278 out:279 type:B q:28.26 q-aq:26.96 q-noVbv:28.26 q-Rceq:1.32 tex:12352 mv:9087 misc:1825 icu:52.50 pcu:561.00 scu:946.50 tlayer:2 pbqpoffset:2.16 pbfactor:1.28 avgQpOffsetCutree:-1.53;
in:277 out:280 type:b q:31.65 q-aq:32.00 q-noVbv:31.65 q-Rceq:1.32 tex:1992 mv:3323 misc:981 icu:8.25 pcu:221.00 scu:1330.75 tlayer:3 pbqpoffset:5.62 pbfactor:1.91 avgQpOffsetCutree:0.00;
in:279 out:281 type:b q:31.45 q-aq:31.43 q-noVbv:31.45 q-Rceq:1.32 tex:1680 mv:3083 misc:1029 icu:6.25 pcu:201.25 scu:1352.50 tlayer:3 pbqpoffset:5.27 pbfactor:1.84 avgQpOffsetCutree:0.00;
in:282 out:282 type:B q:28.45 q-aq:27.28 q-noVbv:28.45 q-Rceq:1.32 tex:13792 mv:9350 misc:1882 icu:53.50 pcu:654.50 scu:852.00 tlayer:2 pbqpoffset:2.05 pbfactor:1.27 avgQpOffsetCutree:-1.49;
in:281 out:283 type:b q:31.38 q-aq:31.25 q-noVbv:31.38 q-Rceq:1.32 tex:1608 mv:3401 misc:1023 icu:4.25 pcu:319.25 scu:1236.50 tlayer:3 pbqpoffset:5.06 pbfactor:1.79 avgQpOffsetCutree:0.00;
in:283 out:284 type:b q:31.63 q-aq:32.00 q-noVbv:31.63 q-Rceq:1.32 tex:1224 mv:3373 misc:1027 icu:0.25 pcu:340.75 scu:1219.00 tlayer:3 pbqpoffset:5.16 pbfactor:1.81 avgQpOffsetCutree:0.00;
in:300 out:285 type:k q:25.99 q-aq:20.47 q-noVbv:25.99 q-Rceq:1.32 tex:210591 mv:26150 misc:2963 icu:1482.25 pcu:76.25 scu:1.50 tlayer:0 pbqpoffset:0.47 pbfactor:1.06 avgQpOffsetCutree:-5.54;
in:292 out:286 type:B q:27.99 q-aq:24.04 q-noVbv:27.99 q-Rceq:1.32 tex:95501 mv:21464 misc:3155 icu:673.00 pcu:777.50 scu:109.50 tlayer:1 pbqpoffset:1.72 pbfactor:1.22 avgQpOffsetCutree:-3.98;
in:288 out:287 type:B q:28.13 q-aq:25.28 q-noVbv:28.13 q-Rceq:1.32 tex:77590 mv:21576 misc:2962 icu:532.50 pcu:819.50 scu:208.00 tlayer:2 pbqpoffset:1.72 pbfactor:1.22 avgQpOffsetCutree:-2.84;
in:286 out:288 type:B q:29.70 q-aq:28.60 q-noVbv:29.70 q-Rceq:1.32 tex:12302 mv:11093 misc:2029 icu:32.75 pcu:656.50 scu:870.75 tlayer:3 pbqpoffset:3.22 pbfactor:1.45 avgQpOffsetCutree:-1.45;
in:285 out:289 type:b q:33.10 q-aq:33.00 q-noVbv:33.10 q-Rceq:1.32 tex:892 mv:3268 misc:1024 icu:0.50 pcu:233.25 scu:1326.25 tlayer:4 pbqpoffset:6.59 pbfactor:2.14 avgQpOffsetCutree:0.00;
in:287 out:290 type:b q:33.03 q-aq:33.00 q-noVbv:33.03 q-Rceq:1.32 tex:700 mv:3580 misc:1088 icu:1.25 pcu:267.25 scu:1291.50 tlayer:4 pbqpoffset:6.59 pbfactor:2.14 avgQpOffsetCutree:0.00;
in:290 out:291 type:B q:29.77 q-aq:28.57 q-noVbv:29.77 q-Rceq:1.32 tex:12138 mv:10298 misc:2140 icu:42.25 pcu:552.25 scu:965.50 tlayer:3 pbqpoffset:3.43 pbfactor:1.49 avgQpOffsetCutree:-1.44;
in:289 out:292 type:b q:32.96 q-aq:33.00 q-noVbv:32.96 q-Rceq:1.32 tex:994 mv:3213 misc:1009 icu:2.25 pcu:292.75 scu:1265.00 tlayer:4 pbqpoffset:6.59 pbfactor:2.14 avgQpOffsetCutree:0.00;
in:291 out:293 type:b q:32.89 q-aq:33.00 q-noVbv:32.89 q-Rceq:1.32 tex:664 mv:3266 misc:1038 icu:2.25 pcu:203.25 scu:1354.50 tlayer:4 pbqpoffset:6.59 pbfactor:2.14 avgQpOffsetCutree:0.00;
in:296 out:294 type:B q:27.85 q-aq:25.22 q-noVbv:27.85 q-Rceq:1.32 tex:78485 mv:19782 misc:2581 icu:492.25 pcu:833.25 scu:234.50 tlayer:2 pbqpoffset:1.72 pbfactor:1.22 avgQpOffsetCutree:-2.79;
in:294 out:295 type:B q:29.57 q-aq:28.57 q-noVbv:29.57 q-Rceq:1.32 tex:11901 mv:10396 misc:2247 icu:37.75 pcu:501.75 scu:1020.50 tlayer:3 pbqpoffset:3.37 pbfactor:1.48 avgQpOffsetCutree:-1.45;
in:293 out:296 type:b q:32.82 q-aq:33.00 q-noVbv:32.82 q-Rceq:1.32 tex:708 mv:3453 misc:1047 icu:1.75 pcu:294.50 scu:1263.75 tlayer:4 pbqpoffset:6.59 pbfactor:2.14 avgQpOffsetCutree:0.00;
in:295 out:297 type:b q:32.75 q-aq:33.00 q-noVbv:32.75 q-Rceq:1.32 tex:680 mv:3400 misc:1088 icu:1.75 pcu:271.50 scu:1286.75 tlayer:4 pbqpoffset:6.59 pbfactor:2.14 avgQpOffsetCutree:0.00;
in:298 out:298 type:B q:29.16 q-aq:27.84 q-noVbv:29.16 q-Rceq:1.32 tex:13718 mv:11035 misc:2183 icu:46.00 pcu:471.25 scu:1042.75 tlayer:3 pbqpoffset:3.10 pbfactor:1.43 avgQpOffsetCutree:-1.64;
in:297 out:299 type:b q:32.68 q-aq:33.00 q-noVbv:32.68 q-Rceq:1.32 tex:925 mv:3393 misc:1122 icu:1.25 pcu:299.25 scu:1259.50 tlayer:4 pbqpoffset:6.59 pbfactor:2.14 avgQpOffsetCutree:0.00;
in:299 out:300 type:b q:32.61 q-aq:33.00 q-noVbv:32.61 q-Rceq:1.32 tex:823 mv:3067 misc:998 icu:0.25 pcu:238.25 scu:1321.50 tlayer:4 pbqpoffset:6.59 pbfactor:2.14 avgQpOffsetCutree:0.00;
in:316 out:301 type:k q:26.44 q-aq:20.81 q-noVbv:26.44 q-Rceq:1.32 tex:193284 mv:24696 misc:2980 icu:993.50 pcu:535.75 scu:30.75 tlayer:0 pbqpoffset:0.54 pbfactor:1.06 avgQpOffsetCutree:-5.29;
in:308 out:302 type:B q:27.97 q-aq:23.42 q-noVbv:27.97 q-Rceq:1.32 tex:106493 mv:20945 misc:3322 icu:359.25 pcu:1021.75 scu:179.00 tlayer:1 pbqpoffset:1.75 pbfactor:1.22 avgQpOffsetCutree:-4.28;
in:304 out:303 type:B q:27.85 q-aq:25.27 q-noVbv:27.85 q-Rceq:1.32 tex:89039 mv:21051 misc:2934 icu:324.00 pcu:917.75 scu:318.25 tlayer:2 pbqpoffset:1.75 pbfactor:1.22 avgQpOffsetCutree:-2.75;
in:302 out:304 type:B q:28.38 q-aq:27.39 q-noVbv:28.38 q-Rceq:1.32 tex:16447 mv:11097 misc:2448 icu:30.25 pcu:544.50 scu:985.25 tlayer:3 pbqpoffset:2.33 pbfactor:1.31 avgQpOffsetCutree:-1.49;
in:301 out:305 type:b q:30.90 q-aq:31.00 q-noVbv:30.90 q-Rceq:1.32 tex:787 mv:3366 misc:1295 icu:0.25 pcu:381.00 scu:1178.75 tlayer:4 pbqpoffset:4.88 pbfactor:1.76 avgQpOffsetCutree:0.00;
in:303 out:306 type:b q:30.90 q-aq:31.00 q-noVbv:30.90 q-Rceq:1.32 tex:966 mv:3469 misc:1269 icu:0.25 pcu:393.75 scu:1166.00 tlayer:4 pbqpoffset:4.82 pbfactor:1.75 avgQpOffsetCutree:0.00;
in:306 out:307 type:B q:28.70 q-aq:27.69 q-noVbv:28.70 q-Rceq:1.32 tex:15450 mv:10534 misc:2336 icu:40.75 pcu:581.75 scu:937.50 tlayer:3 pbqpoffset:2.54 pbfactor:1.34 avgQpOffsetCutree:-1.57;
in:305 out:308 type:b q:32.75 q-aq:33.00 q-noVbv:32.75 q-Rceq:1.32 tex:1150 mv:2841 misc:1017 icu:0.75 pcu:354.25 scu:1205.00 tlayer:4 pbqpoffset:6.61 pbfactor:2.15 avgQpOffsetCutree:0.00;
in:307 out:309 type:b q:32.80 q-aq:33.00 q-noVbv:32.80 q-Rceq:1.32 tex:1198 mv:3417 misc:1081 icu:2.50 pcu:211.75 scu:1345.75 tlayer:4 pbqpoffset:6.61 pbfactor:2.15 avgQpOffsetCutree:0.00;
in:312 out:310 type:B q:28.08 q-aq:25.60 q-noVbv:28.08 q-Rceq:1.32 tex:74518 mv:18994 misc:2800 icu:314.00 pcu:921.25 scu:324.75 tlayer:2 pbqpoffset:1.75 pbfactor:1.22 avgQpOffsetCutree:-2.55;
in:310 out:311 type:B q:28.42 q-aq:27.66 q-noVbv:28.42 q-Rceq:1.32 tex:20444 mv:10367 misc:2317 icu:96.50 pcu:489.50 scu:974.00 tlayer:3 pbqpoffset:2.14 pbfactor:1.28 avgQpOffsetCutree:-1.58;
in:309 out:312 type:b q:32.86 q-aq:33.00 q-noVbv:32.86 q-Rceq:1.32 tex:1383 mv:3565 misc:1124 icu:7.00 pcu:237.25 scu:1315.75 tlayer:4 pbqpoffset:6.61 pbfactor:2.15 avgQpOffsetCutree:0.00;
in:311 out:313 type:b q:31.63 q-aq:32.00 q-noVbv:31.63 q-Rceq:1.32 tex:2962 mv:4536 misc:1294 icu:10.25 pcu:314.00 scu:1235.75 tlayer:4 pbqpoffset:5.32 pbfactor:1.85 avgQpOffsetCutree:0.00;
in:314 out:314 type:B q:28.35 q-aq:27.32 q-noVbv:28.35 q-Rceq:1.32 tex:21002 mv:11018 misc:2396 icu:91.25 pcu:685.00 scu:783.75 tlayer:3 pbqpoffset:1.96 pbfactor:1.25 avgQpOffsetCutree:-1.51;
in:313 out:315 type:b q:31.43 q-aq:31.41 q-noVbv:31.43 q-Rceq:1.32 tex:2198 mv:4190 misc:1404 icu:17.00 pcu:436.75 scu:1106.25 tlayer:4 pbqpoffset:5.07 pbfactor:1.80 avgQpOffsetCutree:0.00;
in:315 out:316 type:b q:32.52 q-aq:33.00 q-noVbv:32.52 q-Rceq:1.32 tex:1393 mv:3693 misc:1322 icu:12.00 pcu:337.50 scu:1210.50 tlayer:4 pbqpoffset:6.10 pbfactor:2.02 avgQpOffsetCutree:0.00;
in:332 out:317 type:k q:26.74 q-aq:21.78 q-noVbv:26.74 q-Rceq:1.32 tex:151647 mv:21219 misc:2502 icu:1302.25 pcu:253.75 scu:4.00 tlayer:0 pbqpoffset:0.43 pbfactor:1.05 avgQpOffsetCutree:-4.69;
in:324 out:318 type:B q:28.26 q-aq:24.12 q-noVbv:28.26 q-Rceq:1.32 tex:95903 mv:18769 misc:2992 icu:404.00 pcu:998.25 scu:157.75 tlayer:1 pbqpoffset:1.67 pbfactor:1.21 avgQpOffsetCutree:-3.97;
in:320 out:319 type:B q:28.19 q-aq:25.25 q-noVbv:28.19 q-Rceq:1.32 tex:90213 mv:21035 misc:3216 icu:388.00 pcu:945.75 scu:226.25 tlayer:2 pbqpoffset:1.67 pbfactor:1.21 avgQpOffsetCutree:-2.93;
in:318 out:320 type:B q:29.34 q-aq:28.20 q-noVbv:29.34 q-Rceq:1.32 tex:13825 mv:8177 misc:1934 icu:61.75 pcu:486.50 scu:1011.75 tlayer:3 pbqpoffset:2.86 pbfactor:1.39 avgQpOffsetCutree:-1.46;
in:317 out:321 type:b q:33.00 q-aq:33.02 q-noVbv:33.00 q-Rceq:1.32 tex:1300 mv:3103 misc:1125 icu:4.75 pcu:278.00 scu:1277.25 tlayer:4 pbqpoffset:6.54 pbfactor:2.13 avgQpOffsetCutree:0.00;
in:319 out:322 type:b q:32.45 q-aq:32.43 q-noVbv:32.45 q-Rceq:1.32 tex:1492 mv:3375 misc:1141 icu:5.75 pcu:351.75 scu:1202.50 tlayer:4 pbqpoffset:5.95 pbfactor:1.99 avgQpOffsetCutree:0.00;
in:322 out:323 type:B q:28.91 q-aq:27.97 q-noVbv:28.91 q-Rceq:1.32 tex:15727 mv:9092 misc:2125 icu:101.25 pcu:442.50 scu:1016.25 tlayer:3 pbqpoffset:2.35 pbfactor:1.31 avgQpOffsetCutree:-1.54;
in:321 out:324 type:b q:32.67 q-aq:33.00 q-noVbv:32.67 q-Rceq:1.32 tex:1762 mv:2933 misc:1033 icu:7.25 pcu:315.75 scu:1237.00 tlayer:4 pbqpoffset:6.14 pbfactor:2.03 avgQpOffsetCutree:0.00;
in:323 out:325 type:b q:31.56 q-aq:32.00 q-noVbv:31.56 q-Rceq:1.32 tex:3117 mv:3599 misc:1124 icu:16.25 pcu:338.50 scu:1205.25 tlayer:4 pbqpoffset:4.98 pbfactor:1.78 avgQpOffsetCutree:0.00;
in:328 out:326 type:B q:28.34 q-aq:25.80 q-noVbv:28.34 q-Rceq:1.32 tex:71501 mv:17795 misc:2752 icu:389.75 pcu:919.00 scu:251.25 tlayer:2 pbqpoffset:1.67 pbfactor:1.21 avgQpOffsetCutree:-2.70;
in:326 out:327 type:B q:28.96 q-aq:28.04 q-noVbv:28.96 q-Rceq:1.32 tex:15934 mv:9124 misc:1894 icu:71.25 pcu:612.50 scu:876.25 tlayer:3 pbqpoffset:2.34 pbfactor:1.31 avgQpOffsetCutree:-1.42;
in:325 out:328 type:b q:31.49 q-aq:31.55 q-noVbv:31.49 q-Rceq:1.32 tex:2836 mv:3647 misc:1149 icu:18.75 pcu:476.25 scu:1065.00 tlayer:4 pbqpoffset:4.88 pbfactor:1.76 avgQpOffsetCutree:0.00;
in:327 out:329 type:b q:31.62 q-aq:32.00 q-noVbv:31.62 q-Rceq:1.32 tex:1825 mv:2977 misc:1078 icu:10.50 pcu:370.50 scu:1179.00 tlayer:4 pbqpoffset:4.97 pbfactor:1.78 avgQpOffsetCutree:0.00;
in:330 out:330 type:B q:29.33 q-aq:28.24 q-noVbv:29.33 q-Rceq:1.32 tex:14569 mv:8866 misc:2053 icu:48.75 pcu:558.75 scu:952.50 tlayer:3 pbqpoffset:2.63 pbfactor:1.36 avgQpOffsetCutree:-1.53;
in:329 out:331 type:b q:32.29 q-aq:32.18 q-noVbv:32.29 q-Rceq:1.32 tex:1228 mv:3219 misc:1169 icu:3.75 pcu:313.00 scu:1243.25 tlayer:4 pbqpoffset:5.61 pbfactor:1.91 avgQpOffsetCutree:0.00;
in:331 out:332 type:b q:32.74 q-aq:33.00 q-noVbv:32.74 q-Rceq:1.32 tex:1596 mv:3187 misc:1041 icu:6.75 pcu:263.50 scu:1289.75 tlayer:4 pbqpoffset:6.03 pbfactor:2.01 avgQpOffsetCutree:0.00;
in:345 out:333 type:k q:26.80 q-aq:22.49 q-noVbv:26.80 q-Rceq:1.32 tex:121960 mv:19058 misc:2462 icu:1453.50 pcu:102.75 scu:3.75 tlayer:0 pbqpoffset:0.37 pbfactor:1.04 avgQpOffsetCutree:-4.16;
in:339 out:334 type:B q:28.45 q-aq:25.22 q-noVbv:28.45 q-Rceq:1.32 tex:65054 mv:13767 misc:2651 icu:438.25 pcu:877.25 scu:244.50 tlayer:1 pbqpoffset:1.68 pbfactor:1.21 avgQpOffsetCutree:-3.44;
in:336 out:335 type:B q:28.44 q-aq:26.23 q-noVbv:28.44 q-Rceq:1.32 tex:60819 mv:15504 misc:2597 icu:351.25 pcu:952.50 scu:256.25 tlayer:2 pbqpoffset:1.68 pbfactor:1.21 avgQpOffsetCutree:-2.44;
in:334 out:336 type:B q:28.93 q-aq:28.48 q-noVbv:28.93 q-Rceq:1.32 tex:12549 mv:8098 misc:1881 icu:48.50 pcu:688.50 scu:823.00 tlayer:3 pbqpoffset:2.18 pbfactor:1.29 avgQpOffsetCutree:-1.39;
in:333 out:337 type:b q:31.68 q-aq:32.00 q-noVbv:31.68 q-Rceq:1.32 tex:1883 mv:3100 misc:1009 icu:9.50 pcu:268.50 scu:1282.00 tlayer:4 pbqpoffset:4.93 pbfactor:1.77 avgQpOffsetCutree:0.00;
in:335 out:338 type:b q:31.17 q-aq:31.10 q-noVbv:31.17 q-Rceq:1.32 tex:1641 mv:2992 misc:1135 icu:4.50 pcu:341.50 scu:1214.00 tlayer:4 pbqpoffset:4.42 pbfactor:1.67 avgQpOffsetCutree:0.00;
in:338 out:339 type:B q:29.97 q-aq:29.82 q-noVbv:29.97 q-Rceq:1.32 tex:9201 mv:7776 misc:1783 icu:36.50 pcu:661.50 scu:862.00 tlayer:3 pbqpoffset:3.21 pbfactor:1.45 avgQpOffsetCutree:-0.80;
in:337 out:340 type:b q:32.15 q-aq:32.15 q-noVbv:32.15 q-Rceq:1.32 tex:1100 mv:2936 misc:980 icu:2.75 pcu:217.75 scu:1339.50 tlayer:4 pbqpoffset:5.39 pbfactor:1.86 avgQpOffsetCutree:0.00;
in:342 out:341 type:B q:28.69 q-aq:26.27 q-noVbv:28.69 q-Rceq:1.32 tex:27287 mv:10554 misc:2103 icu:90.50 pcu:914.25 scu:555.25 tlayer:2 pbqpoffset:1.91 pbfactor:1.25 avgQpOffsetCutree:-2.25;
in:341 out:342 type:B q:30.32 q-aq:30.08 q-noVbv:30.32 q-Rceq:1.32 tex:6591 mv:5660 misc:1613 icu:13.00 pcu:585.00 scu:962.00 tlayer:3 pbqpoffset:3.55 pbfactor:1.51 avgQpOffsetCutree:-0.84;
in:340 out:343 type:b q:31.54 q-aq:32.00 q-noVbv:31.54 q-Rceq:1.32 tex:6476 mv:5075 misc:1393 icu:29.75 pcu:699.75 scu:830.50 tlayer:4 pbqpoffset:4.77 pbfactor:1.73 avgQpOffsetCutree:0.00;
in:344 out:344 type:B q:29.89 q-aq:29.70 q-noVbv:29.89 q-Rceq:1.32 tex:14182 mv:6900 misc:1710 icu:49.75 pcu:701.25 scu:809.00 tlayer:3 pbqpoffset:3.10 pbfactor:1.43 avgQpOffsetCutree:-0.80;
in:343 out:345 type:b q:33.31 q-aq:33.04 q-noVbv:33.31 q-Rceq:1.32 tex:1097 mv:2419 misc:892 icu:3.25 pcu:219.50 scu:1337.25 tlayer:4 pbqpoffset:6.52 pbfactor:2.12 avgQpOffsetCutree:0.00;
in:352 out:346 type:k q:26.61 q-aq:21.95 q-noVbv:26.61 q-Rceq:1.32 tex:106304 mv:20306 misc:2078 icu:1533.00 pcu:26.25 scu:0.75 tlayer:0 pbqpoffset:0.59 pbfactor:1.07 avgQpOffsetCutree:-4.34;
in:349 out:347 type:B q:28.31 q-aq:25.85 q-noVbv:28.31 q-Rceq:1.32 tex:31908 mv:10701 misc:2183 icu:169.50 pcu:782.25 scu:608.25 tlayer:1 pbqpoffset:1.62 pbfactor:1.21 avgQpOffsetCutree:-2.52;
in:347 out:348 type:B q:29.52 q-aq:28.18 q-noVbv:29.52 q-Rceq:1.32 tex:11512 mv:6704 misc:1696 icu:48.00 pcu:550.50 scu:961.50 tlayer:2 pbqpoffset:2.78 pbfactor:1.38 avgQpOffsetCutree:-1.40;
in:346 out:349 type:b q:31.47 q-aq:31.39 q-noVbv:31.47 q-Rceq:1.32 tex:4150 mv:4242 misc:1256 icu:21.25 pcu:438.00 scu:1100.75 tlayer:3 pbqpoffset:4.70 pbfactor:1.72 avgQpOffsetCutree:0.00;
in:348 out:350 type:b q:31.67 q-aq:32.00 q-noVbv:31.67 q-Rceq:1.32 tex:4958 mv:4340 misc:1198 icu:30.00 pcu:516.75 scu:1013.25 tlayer:3 pbqpoffset:4.95 pbfactor:1.77 avgQpOffsetCutree:0.00;
in:351 out:351 type:B q:30.05 q-aq:30.00 q-noVbv:30.05 q-Rceq:1.32 tex:5251 mv:4476 misc:1281 icu:15.00 pcu:528.25 scu:1016.75 tlayer:2 pbqpoffset:3.41 pbfactor:1.48 avgQpOffsetCutree:-0.76;
in:350 out:352 type:b q:31.95 q-aq:32.00 q-noVbv:31.95 q-Rceq:1.32 tex:3521 mv:4329 misc:1166 icu:23.75 pcu:386.50 scu:1149.75 tlayer:3 pbqpoffset:5.29 pbfactor:1.84 avgQpOffsetCutree:0.00;
in:368 out:353 type:k q:25.19 q-aq:19.46 q-noVbv:25.19 q-Rceq:1.32 tex:176506 mv:23731 misc:2683 icu:1344.25 pcu:195.75 scu:20.00 tlayer:0 pbqpoffset:0.61 pbfactor:1.07 avgQpOffsetCutree:-5.46;
in:360 out:354 type:B q:27.56 q-aq:23.91 q-noVbv:27.56 q-Rceq:1.32 tex:77606 mv:17525 misc:2589 icu:578.75 pcu:817.00 scu:164.25 tlayer:1 pbqpoffset:1.66 pbfactor:1.21 avgQpOffsetCutree:-3.83;
in:356 out:355 type:B q:28.35 q-aq:25.33 q-noVbv:28.35 q-Rceq:1.32 tex:23345 mv:9602 misc:2221 icu:128.75 pcu:664.25 scu:767.00 tlayer:2 pbqpoffset:2.10 pbfactor:1.27 avgQpOffsetCutree:-2.71;
in:354 out:356 type:B q:29.96 q-aq:28.72 q-noVbv:29.96 q-Rceq:1.32 tex:9077 mv:6298 misc:1777 icu:33.25 pcu:457.50 scu:1069.25 tlayer:3 pbqpoffset:3.52 pbfactor:1.50 avgQpOffsetCutree:-1.48;
in:353 out:357 type:b q:33.05 q-aq:33.00 q-noVbv:33.05 q-Rceq:1.32 tex:747 mv:2232 misc:813 icu:2.25 pcu:258.00 scu:1299.75 tlayer:4 pbqpoffset:6.52 pbfactor:2.12 avgQpOffsetCutree:0.00;
in:355 out:358 type:b q:32.87 q-aq:33.00 q-noVbv:32.87 q-Rceq:1.32 tex:650 mv:2242 misc:876 icu:2.75 pcu:184.25 scu:1373.00 tlayer:4 pbqpoffset:6.52 pbfactor:2.12 avgQpOffsetCutree:0.00;
in:358 out:359 type:B q:29.60 q-aq:28.52 q-noVbv:29.60 q-Rceq:1.32 tex:8895 mv:6932 misc:1605 icu:40.75 pcu:489.00 scu:1030.25 tlayer:3 pbqpoffset:3.52 pbfactor:1.50 avgQpOffsetCutree:-1.50;
in:357 out:360 type:b q:32.69 q-aq:33.00 q-noVbv:32.69 q-Rceq:1.32 tex:1321 mv:2567 misc:816 icu:1.50 pcu:284.50 scu:1274.00 tlayer:4 pbqpoffset:6.52 pbfactor:2.12 avgQpOffsetCutree:0.00;
in:359 out:361 type:b q:32.51 q-aq:33.00 q-noVbv:32.51 q-Rceq:1.32 tex:760 mv:2170 misc:758 icu:2.00 pcu:286.00 scu:1272.00 tlayer:4 pbqpoffset:6.52 pbfactor:2.12 avgQpOffsetCutree:0.00;
in:364 out:362 type:B q:27.51 q-aq:24.73 q-noVbv:27.51 q-Rceq:1.32 tex:30468 mv:11079 misc:2221 icu:105.75 pcu:636.00 scu:818.25 tlayer:2 pbqpoffset:1.96 pbfactor:1.25 avgQpOffsetCutree:-2.83;
in:362 out:363 type:B q:29.09 q-aq:27.59 q-noVbv:29.09 q-Rceq:1.32 tex:11450 mv:7723 misc:1715 icu:36.25 pcu:459.25 scu:1064.50 tlayer:3 pbqpoffset:3.37 pbfactor:1.48 avgQpOffsetCutree:-1.48;
in:361 out:364 type:b q:32.33 q-aq:32.08 q-noVbv:32.33 q-Rceq:1.32 tex:974 mv:2551 misc:907 icu:1.00 pcu:274.50 scu:1284.50 tlayer:4 pbqpoffset:6.52 pbfactor:2.12 avgQpOffsetCutree:0.00;
in:363 out:365 type:b q:32.16 q-aq:32.03 q-noVbv:32.16 q-Rceq:1.32 tex:887 mv:2595 misc:846 icu:1.25 pcu:346.25 scu:1212.50 tlayer:4 pbqpoffset:6.52 pbfactor:2.12 avgQpOffsetCutree:0.00;
in:366 out:366 type:B q:28.79 q-aq:27.73 q-noVbv:28.79 q-Rceq:1.32 tex:10976 mv:7372 misc:1916 icu:18.25 pcu:504.25 scu:1037.50 tlayer:3 pbqpoffset:3.42 pbfactor:1.48 avgQpOffsetCutree:-1.50;
in:365 out:367 type:b q:31.98 q-aq:32.03 q-noVbv:31.98 q-Rceq:1.32 tex:996 mv:2216 misc:820 icu:1.25 pcu:202.25 scu:1356.50 tlayer:4 pbqpoffset:6.52 pbfactor:2.12 avgQpOffsetCutree:0.00;
in:367 out:368 type:b q:31.80 q-aq:32.03 q-noVbv:31.80 q-Rceq:1.32 tex:731 mv:2263 misc:774 icu:1.50 pcu:172.00 scu:1386.50 tlayer:4 pbqpoffset:6.52 pbfactor:2.12 avgQpOffsetCutree:0.00;
in:384 out:369 type:k q:24.27 q-aq:18.27 q-noVbv:24.27 q-Rceq:1.32 tex:199703 mv:28520 misc:2793 icu:1546.75 pcu:12.75 scu:0.50 tlayer:0 pbqpoffset:0.54 pbfactor:1.06 avgQpOffsetCutree:-5.99;
in:376 out:370 type:B q:26.45 q-aq:22.17 q-noVbv:26.45 q-Rceq:1.32 tex:120355 mv:21370 misc:3355 icu:436.25 pcu:879.50 scu:244.25 tlayer:1 pbqpoffset:1.72 pbfactor:1.22 avgQpOffsetCutree:-4.12;
in:372 out:371 type:B q:27.21 q-aq:24.05 q-noVbv:27.21 q-Rceq:1.32 tex:29693 mv:9800 misc:2243 icu:64.25 pcu:699.50 scu:796.25 tlayer:2 pbqpoffset:2.25 pbfactor:1.30 avgQpOffsetCutree:-2.94;
in:370 out:372 type:B q:28.47 q-aq:27.51 q-noVbv:28.47 q-Rceq:1.32 tex:9220 mv:6306 misc:1730 icu:26.00 pcu:610.75 scu:923.25 tlayer:3 pbqpoffset:3.40 pbfactor:1.48 avgQpOffsetCutree:-1.42;
in:369 out:373 type:b q:31.46 q-aq:31.78 q-noVbv:31.46 q-Rceq:1.32 tex:739 mv:2233 misc:820 icu:1.50 pcu:219.75 scu:1338.75 tlayer:4 pbqpoffset:6.33 pbfactor:2.08 avgQpOffsetCutree:0.00;
in:371 out:374 type:b q:31.60 q-aq:32.00 q-noVbv:31.60 q-Rceq:1.32 tex:1129 mv:2038 misc:777 icu:1.00 pcu:195.75 scu:1363.25 tlayer:4 pbqpoffset:6.58 pbfactor:2.14 avgQpOffsetCutree:0.00;
in:374 out:375 type:B q:28.43 q-aq:27.27 q-noVbv:28.43 q-Rceq:1.32 tex:7332 mv:5975 misc:1685 icu:16.00 pcu:446.00 scu:1098.00 tlayer:3 pbqpoffset:3.58 pbfactor:1.51 avgQpOffsetCutree:-1.45;
in:373 out:376 type:b q:31.37 q-aq:31.04 q-noVbv:31.37 q-Rceq:1.32 tex:615 mv:1547 misc:774 icu:1.00 pcu:358.75 scu:1200.25 tlayer:4 pbqpoffset:6.47 pbfactor:2.11 avgQpOffsetCutree:0.00;
in:375 out:377 type:b q:30.73 q-aq:31.00 q-noVbv:30.73 q-Rceq:1.32 tex:420 mv:1590 misc:798 icu:0.00 pcu:290.75 scu:1269.25 tlayer:4 pbqpoffset:5.95 pbfactor:1.99 avgQpOffsetCutree:0.00;
in:380 out:378 type:B q:26.84 q-aq:23.65 q-noVbv:26.84 q-Rceq:1.32 tex:26656 mv:9253 misc:2571 icu:63.00 pcu:706.50 scu:790.50 tlayer:2 pbqpoffset:2.34 pbfactor:1.31 avgQpOffsetCutree:-3.20;
in:378 out:379 type:B q:28.20 q-aq:26.73 q-noVbv:28.20 q-Rceq:1.32 tex:5974 mv:6008 misc:1754 icu:4.50 pcu:545.50 scu:1010.00 tlayer:3 pbqpoffset:3.58 pbfactor:1.51 avgQpOffsetCutree:-1.59;
in:377 out:380 type:b q:31.25 q-aq:31.16 q-noVbv:31.25 q-Rceq:1.32 tex:564 mv:1508 misc:688 icu:0.50 pcu:274.50 scu:1285.00 tlayer:4 pbqpoffset:6.58 pbfactor:2.14 avgQpOffsetCutree:0.00;
in:379 out:381 type:b q:31.14 q-aq:31.13 q-noVbv:31.14 q-Rceq:1.32 tex:1403 mv:1755 misc:818 icu:0.75 pcu:243.25 scu:1316.00 tlayer:4 pbqpoffset:6.58 pbfactor:2.14 avgQpOffsetCutree:0.00;
in:382 out:382 type:B q:27.97 q-aq:26.71 q-noVbv:27.97 q-Rceq:1.32 tex:7857 mv:5460 misc:1883 icu:14.00 pcu:377.50 scu:1168.50 tlayer:3 pbqpoffset:3.58 pbfactor:1.51 avgQpOffsetCutree:-1.41;
in:381 out:383 type:b q:31.03 q-aq:31.00 q-noVbv:31.03 q-Rceq:1.32 tex:1222 mv:1685 misc:829 icu:1.00 pcu:308.75 scu:1250.25 tlayer:4 pbqpoffset:6.58 pbfactor:2.14 avgQpOffsetCutree:0.00;
in:383 out:384 type:b q:30.67 q-aq:31.00 q-noVbv:30.67 q-Rceq:1.32 tex:460 mv:1625 misc:739 icu:0.00 pcu:225.75 scu:1334.25 tlayer:4 pbqpoffset:6.34 pbfactor:2.08 avgQpOffsetCutree:0.00;
in:400 out:385 type:k q:24.14 q-aq:18.23 q-noVbv:24.14 q-Rceq:1.32 tex:202405 mv:31400 misc:3651 icu:696.50 pcu:754.25 scu:109.25 tlayer:0 pbqpoffset:0.55 pbfactor:1.07 avgQpOffsetCutree:-5.75;
in:392 out:386 type:B q:25.92 q-aq:21.57 q-noVbv:25.92 q-Rceq:1.32 tex:87623 mv:20725 misc:3100 icu:274.75 pcu:985.75 scu:299.50 tlayer:1 pbqpoffset:1.71 pbfactor:1.22 avgQpOffsetCutree:-4.16;
in:388 out:387 type:B q:26.69 q-aq:23.13 q-noVbv:26.69 q-Rceq:1.32 tex:23185 mv:9542 misc:2569 icu:62.25 pcu:760.75 scu:737.00 tlayer:2 pbqpoffset:2.45 pbfactor:1.33 avgQpOffsetCutree:-3.24;
in:386 out:388 type:B q:27.83 q-aq:26.58 q-noVbv:27.83 q-Rceq:1.32 tex:7772 mv:5075 misc:1833 icu:10.50 pcu:511.25 scu:1038.25 tlayer:3 pbqpoffset:3.57 pbfactor:1.51 avgQpOffsetCutree:-1.62;
in:385 out:389 type:b q:30.83 q-aq:31.00 q-noVbv:30.83 q-Rceq:1.32 tex:632 mv:1393 misc:639 icu:0.50 pcu:109.75 scu:1449.75 tlayer:4 pbqpoffset:6.57 pbfactor:2.14 avgQpOffsetCutree:0.00;
in:387 out:390 type:b q:30.82 q-aq:31.00 q-noVbv:30.82 q-Rceq:1.32 tex:615 mv:1693 misc:684 icu:1.75 pcu:172.75 scu:1385.50 tlayer:4 pbqpoffset:6.57 pbfactor:2.14 avgQpOffsetCutree:0.00;
in:390 out:391 type:B q:27.80 q-aq:26.36 q-noVbv:27.80 q-Rceq:1.32 tex:12142 mv:6203 misc:1927 icu:8.50 pcu:545.50 scu:1006.00 tlayer:3 pbqpoffset:3.57 pbfactor:1.51 avgQpOffsetCutree:-1.58;
in:389 out:392 type:b q:30.80 q-aq:31.00 q-noVbv:30.80 q-Rceq:1.32 tex:501 mv:1350 misc:813 icu:0.00 pcu:180.75 scu:1379.25 tlayer:4 pbqpoffset:6.57 pbfactor:2.14 avgQpOffsetCutree:0.00;
in:391 out:393 type:b q:30.71 q-aq:31.00 q-noVbv:30.71 q-Rceq:1.32 tex:696 mv:1904 misc:848 icu:0.25 pcu:322.00 scu:1237.75 tlayer:4 pbqpoffset:6.49 pbfactor:2.12 avgQpOffsetCutree:0.00;
in:396 out:394 type:B q:25.90 q-aq:22.64 q-noVbv:25.90 q-Rceq:1.32 tex:32702 mv:11922 misc:2344 icu:97.00 pcu:650.50 scu:812.50 tlayer:2 pbqpoffset:1.72 pbfactor:1.22 avgQpOffsetCutree:-2.95;
in:394 out:395 type:B q:27.04 q-aq:25.86 q-noVbv:27.04 q-Rceq:1.32 tex:12445 mv:7201 misc:1986 icu:26.50 pcu:523.50 scu:1010.00 tlayer:3 pbqpoffset:2.85 pbfactor:1.39 avgQpOffsetCutree:-1.33;
in:393 out:396 type:b q:30.22 q-aq:30.00 q-noVbv:30.22 q-Rceq:1.32 tex:639 mv:2417 misc:944 icu:0.75 pcu:234.00 scu:1325.25 tlayer:4 pbqpoffset:6.02 pbfactor:2.01 avgQpOffsetCutree:0.00;
in:395 out:397 type:b q:29.69 q-aq:30.00 q-noVbv:29.69 q-Rceq:1.32 tex:2059 mv:2954 misc:1099 icu:2.75 pcu:277.00 scu:1280.25 tlayer:4 pbqpoffset:5.51 pbfactor:1.89 avgQpOffsetCutree:0.00;
in:398 out:398 type:B q:26.87 q-aq:25.35 q-noVbv:26.87 q-Rceq:1.32 tex:14174 mv:7888 misc:1842 icu:38.00 pcu:506.50 scu:1015.50 tlayer:3 pbqpoffset:2.71 pbfactor:1.37 avgQpOffsetCutree:-1.56;
in:397 out:399 type:b q:29.53 q-aq:30.00 q-noVbv:29.53 q-Rceq:1.32 tex:2048 mv:2804 misc:1108 icu:2.75 pcu:214.25 scu:1343.00 tlayer:4 pbqpoffset:5.36 pbfactor:1.86 avgQpOffsetCutree:0.00;
in:399 out:400 type:b q:29.27 q-aq:29.10 q-noVbv:29.27 q-Rceq:1.32 tex:2731 mv:3115 misc:1178 icu:6.50 pcu:188.75 scu:1364.75 tlayer:4 pbqpoffset:5.12 pbfactor:1.81 avgQpOffsetCutree:0.00;
in:416 out:401 type:k q:24.38 q-aq:18.93 q-noVbv:24.38 q-Rceq:1.32 tex:209050 mv:31861 misc:2849 icu:1545.75 pcu:10.75 scu:3.50 tlayer:0 pbqpoffset:0.51 pbfactor:1.06 avgQpOffsetCutree:-5.78;
in:408 out:402 type:B q:26.02 q-aq:21.66 q-noVbv:26.02 q-Rceq:1.32 tex:107861 mv:22260 misc:3167 icu:385.00 pcu:965.00 scu:210.00 tlayer:1 pbqpoffset:1.76 pbfactor:1.23 avgQpOffsetCutree:-4.15;
in:404 out:403 type:B q:26.38 q-aq:23.24 q-noVbv:26.38 q-Rceq:1.32 tex:32311 mv:11568 misc:2529 icu:111.00 pcu:581.75 scu:867.25 tlayer:2 pbqpoffset:2.18 pbfactor:1.29 avgQpOffsetCutree:-3.00;
in:402 out:404 type:B q:27.62 q-aq:26.39 q-noVbv:27.62 q-Rceq:1.32 tex:13129 mv:7789 misc:2050 icu:41.50 pcu:479.75 scu:1038.75 tlayer:3 pbqpoffset:3.44 pbfactor:1.49 avgQpOffsetCutree:-1.41;
in:401 out:405 type:b q:29.98 q-aq:30.16 q-noVbv:29.98 q-Rceq:1.32 tex:1845 mv:2827 misc:1024 icu:0.50 pcu:275.25 scu:1284.25 tlayer:4 pbqpoffset:5.82 pbfactor:1.96 avgQpOffsetCutree:0.00;
in:403 out:406 type:b q:30.52 q-aq:31.00 q-noVbv:30.52 q-Rceq:1.32 tex:1874 mv:2672 misc:1078 icu:4.00 pcu:324.00 scu:1232.00 tlayer:4 pbqpoffset:6.33 pbfactor:2.08 avgQpOffsetCutree:0.00;
in:406 out:407 type:B q:27.82 q-aq:26.66 q-noVbv:27.82 q-Rceq:1.32 tex:14050 mv:6970 misc:1836 icu:44.75 pcu:471.50 scu:1043.75 tlayer:3 pbqpoffset:3.58 pbfactor:1.51 avgQpOffsetCutree:-1.41;
in:405 out:408 type:b q:30.84 q-aq:31.00 q-noVbv:30.84 q-Rceq:1.32 tex:1320 mv:2455 misc:921 icu:0.75 pcu:248.50 scu:1310.75 tlayer:4 pbqpoffset:6.62 pbfactor:2.15 avgQpOffsetCutree:0.00;
in:407 out:409 type:b q:30.87 q-aq:31.00 q-noVbv:30.87 q-Rceq:1.32 tex:1841 mv:2728 misc:983 icu:4.75 pcu:207.75 scu:1347.50 tlayer:4 pbqpoffset:6.62 pbfactor:2.15 avgQpOffsetCutree:0.00;
in:412 out:410 type:B q:26.34 q-aq:23.35 q-noVbv:26.34 q-Rceq:1.32 tex:32469 mv:10661 misc:2494 icu:134.00 pcu:844.50 scu:581.50 tlayer:2 pbqpoffset:2.02 pbfactor:1.26 avgQpOffsetCutree:-2.96;
in:410 out:411 type:B q:27.33 q-aq:26.29 q-noVbv:27.33 q-Rceq:1.32 tex:15327 mv:8554 misc:2031 icu:54.00 pcu:674.25 scu:831.75 tlayer:3 pbqpoffset:3.04 pbfactor:1.42 avgQpOffsetCutree:-1.49;
in:409 out:412 type:b q:30.75 q-aq:31.02 q-noVbv:30.75 q-Rceq:1.32 tex:2115 mv:2802 misc:1131 icu:3.50 pcu:216.00 scu:1340.50 tlayer:4 pbqpoffset:6.47 pbfactor:2.11 avgQpOffsetCutree:0.00;
in:411 out:413 type:b q:30.43 q-aq:30.32 q-noVbv:30.43 q-Rceq:1.32 tex:2969 mv:3384 misc:1095 icu:5.50 pcu:289.75 scu:1264.75 tlayer:4 pbqpoffset:6.12 pbfactor:2.03 avgQpOffsetCutree:0.00;
in:414 out:414 type:B q:27.17 q-aq:26.27 q-noVbv:27.17 q-Rceq:1.32 tex:13411 mv:7601 misc:2036 icu:47.25 pcu:507.75 scu:1005.00 tlayer:3 pbqpoffset:2.82 pbfactor:1.39 avgQpOffsetCutree:-1.51;
in:413 out:415 type:b q:30.16 q-aq:30.15 q-noVbv:30.16 q-Rceq:1.32 tex:2643 mv:2988 misc:977 icu:12.50 pcu:185.00 scu:1362.50 tlayer:4 pbqpoffset:5.82 pbfactor:1.96 avgQpOffsetCutree:0.00;
in:415 out:416 type:b q:30.18 q-aq:30.34 q-noVbv:30.18 q-Rceq:1.32 tex:2400 mv:3381 misc:1075 icu:4.75 pcu:315.75 scu:1239.50 tlayer:4 pbqpoffset:5.82 pbfactor:1.96 avgQpOffsetCutree:0.00;
in:432 out:417 type:k q:25.00 q-aq:19.86 q-noVbv:25.00 q-Rceq:1.32 tex:204424 mv:32473 misc:3455 icu:708.25 pcu:783.25 scu:68.50 tlayer:0 pbqpoffset:0.56 pbfactor:1.07 avgQpOffsetCutree:-5.48;
in:424 out:418 type:B q:26.53 q-aq:22.51 q-noVbv:26.53 q-Rceq:1.32 tex:102970 mv:24226 misc:3268 icu:395.00 pcu:948.25 scu:216.75 tlayer:1 pbqpoffset:1.84 pbfactor:1.24 avgQpOffsetCutree:-4.02;
in:420 out:419 type:B q:26.61 q-aq:23.30 q-noVbv:26.61 q-Rceq:1.32 tex:38374 mv:12916 misc:2694 icu:119.50 pcu:690.75 scu:749.75 tlayer:2 pbqpoffset:2.08 pbfactor:1.27 avgQpOffsetCutree:-3.09;
in:418 out:420 type:B q:28.13 q-aq:27.06 q-noVbv:28.13 q-Rceq:1.32 tex:13705 mv:7631 misc:1864 icu:52.00 pcu:491.25 scu:1016.75 tlayer:3 pbqpoffset:3.67 pbfactor:1.53 avgQpOffsetCutree:-1.67;
in:417 out:421 type:b q:31.12 q-aq:31.22 q-noVbv:31.12 q-Rceq:1.32 tex:1535 mv:2976 misc:1041 icu:1.25 pcu:280.00 scu:1278.75 tlayer:4 pbqpoffset:6.70 pbfactor:2.17 avgQpOffsetCutree:0.00;
in:419 out:422 type:b q:31.20 q-aq:31.17 q-noVbv:31.20 q-Rceq:1.32 tex:1549 mv:2935 misc:1036 icu:3.75 pcu:254.00 scu:1302.25 tlayer:4 pbqpoffset:6.70 pbfactor:2.17 avgQpOffsetCutree:0.00;
in:422 out:423 type:B q:27.90 q-aq:26.97 q-noVbv:27.90 q-Rceq:1.32 tex:13996 mv:9322 misc:2290 icu:25.50 pcu:596.75 scu:937.75 tlayer:3 pbqpoffset:3.29 pbfactor:1.46 avgQpOffsetCutree:-1.52;
in:421 out:424 type:b q:31.28 q-aq:31.17 q-noVbv:31.28 q-Rceq:1.32 tex:1216 mv:3008 misc:1112 icu:2.50 pcu:206.50 scu:1351.00 tlayer:4 pbqpoffset:6.70 pbfactor:2.17 avgQpOffsetCutree:0.00;
in:423 out:425 type:b q:30.23 q-aq:30.45 q-noVbv:30.23 q-Rceq:1.32 tex:2599 mv:3806 misc:1291 icu:5.25 pcu:242.00 scu:1312.75 tlayer:4 pbqpoffset:5.58 pbfactor:1.91 avgQpOffsetCutree:0.00;
in:428 out:426 type:B q:26.68 q-aq:23.92 q-noVbv:26.68 q-Rceq:1.32 tex:43241 mv:16378 misc:3141 icu:156.75 pcu:790.50 scu:612.75 tlayer:2 pbqpoffset:1.84 pbfactor:1.24 avgQpOffsetCutree:-2.97;
in:426 out:427 type:B q:27.65 q-aq:26.73 q-noVbv:27.65 q-Rceq:1.32 tex:18636 mv:11314 misc:2554 icu:37.75 pcu:621.75 scu:900.50 tlayer:3 pbqpoffset:2.88 pbfactor:1.40 avgQpOffsetCutree:-1.43;
in:425 out:428 type:b q:30.26 q-aq:30.22 q-noVbv:30.26 q-Rceq:1.32 tex:3298 mv:3686 misc:1184 icu:4.00 pcu:345.25 scu:1210.75 tlayer:4 pbqpoffset:5.53 pbfactor:1.90 avgQpOffsetCutree:0.00;
in:427 out:429 type:b q:30.29 q-aq:30.24 q-noVbv:30.29 q-Rceq:1.32 tex:1764 mv:3922 misc:1378 icu:2.50 pcu:361.25 scu:1196.25 tlayer:4 pbqpoffset:5.48 pbfactor:1.88 avgQpOffsetCutree:0.00;
in:430 out:430 type:B q:28.04 q-aq:27.05 q-noVbv:28.04 q-Rceq:1.32 tex:16502 mv:10967 misc:2499 icu:44.25 pcu:413.25 scu:1102.50 tlayer:3 pbqpoffset:3.11 pbfactor:1.43 avgQpOffsetCutree:-1.53;
in:429 out:431 type:b q:30.50 q-aq:30.62 q-noVbv:30.50 q-Rceq:1.32 tex:1499 mv:4240 misc:1533 icu:0.00 pcu:411.50 scu:1148.50 tlayer:4 pbqpoffset:5.61 pbfactor:1.91 avgQpOffsetCutree:0.00;
in:431 out:432 type:b q:31.16 q-aq:31.01 q-noVbv:31.16 q-Rceq:1.32 tex:897 mv:3482 misc:1261 icu:1.00 pcu:294.75 scu:1264.25 tlayer:4 pbqpoffset:6.20 pbfactor:2.05 avgQpOffsetCutree:0.00;
in:448 out:433 type:k q:25.50 q-aq:20.70 q-noVbv:25.50 q-Rceq:1.32 tex:186439 mv:32410 misc:2919 icu:1545.50 pcu:12.50 scu:2.00 tlayer:0 pbqpoffset:0.53 pbfactor:1.06 avgQpOffsetCutree:-5.42;
in:440 out:434 type:B q:27.16 q-aq:23.32 q-noVbv:27.16 q-Rceq:1.32 tex:113913 mv:25674 misc:3013 icu:570.25 pcu:782.50 scu:207.25 tlayer:1 pbqpoffset:1.91 pbfactor:1.25 avgQpOffsetCutree:-4.01;
in:436 out:435 type:B q:27.03 q-aq:24.68 q-noVbv:27.03 q-Rceq:1.32 tex:46192 mv:15657 misc:2863 icu:191.50 pcu:770.75 scu:597.75 tlayer:2 pbqpoffset:1.91 pbfactor:1.25 avgQpOffsetCutree:-2.75;
in:434 out:436 type:B q:28.35 q-aq:27.35 q-noVbv:28.35 q-Rceq:1.32 tex:16699 mv:10669 misc:2744 icu:36.75 pcu:611.50 scu:911.75 tlayer:3 pbqpoffset:3.29 pbfactor:1.46 avgQpOffsetCutree:-1.47;
in:433 out:437 type:b q:31.26 q-aq:31.06 q-noVbv:31.26 q-Rceq:1.32 tex:1332 mv:3614 misc:1286 icu:2.25 pcu:312.75 scu:1245.00 tlayer:4 pbqpoffset:6.23 pbfactor:2.05 avgQpOffsetCutree:0.00;
in:435 out:438 type:b q:31.30 q-aq:31.08 q-noVbv:31.30 q-Rceq:1.32 tex:1200 mv:3517 misc:1339 icu:2.25 pcu:349.00 scu:1208.75 tlayer:4 pbqpoffset:6.21 pbfactor:2.05 avgQpOffsetCutree:0.00;
in:438 out:439 type:B q:28.35 q-aq:27.33 q-noVbv:28.35 q-Rceq:1.32 tex:17122 mv:11640 misc:2678 icu:31.25 pcu:731.50 scu:797.25 tlayer:3 pbqpoffset:3.17 pbfactor:1.44 avgQpOffsetCutree:-1.43;
in:437 out:440 type:b q:30.99 q-aq:31.00 q-noVbv:30.99 q-Rceq:1.32 tex:2127 mv:4095 misc:1562 icu:9.25 pcu:332.50 scu:1218.25 tlayer:4 pbqpoffset:5.83 pbfactor:1.96 avgQpOffsetCutree:0.00;
in:439 out:441 type:b q:31.53 q-aq:32.00 q-noVbv:31.53 q-Rceq:1.32 tex:1838 mv:3582 misc:1364 icu:2.00 pcu:221.50 scu:1336.50 tlayer:4 pbqpoffset:6.31 pbfactor:2.07 avgQpOffsetCutree:0.00;
in:444 out:442 type:B q:27.28 q-aq:24.47 q-noVbv:27.28 q-Rceq:1.32 tex:37476 mv:14388 misc:3040 icu:186.25 pcu:725.50 scu:648.25 tlayer:2 pbqpoffset:1.91 pbfactor:1.25 avgQpOffsetCutree:-2.99;
in:442 out:443 type:B q:28.11 q-aq:27.01 q-noVbv:28.11 q-Rceq:1.32 tex:19712 mv:10395 misc:2301 icu:65.25 pcu:695.00 scu:799.75 tlayer:3 pbqpoffset:2.80 pbfactor:1.38 avgQpOffsetCutree:-1.46;
in:441 out:444 type:b q:31.50 q-aq:32.00 q-noVbv:31.50 q-Rceq:1.32 tex:2645 mv:5105 misc:1466 icu:4.50 pcu:257.75 scu:1297.75 tlayer:4 pbqpoffset:6.22 pbfactor:2.05 avgQpOffsetCutree:0.00;
in:443 out:445 type:b q:31.57 q-aq:32.00 q-noVbv:31.57 q-Rceq:1.32 tex:2535 mv:4220 misc:1285 icu:7.25 pcu:319.50 scu:1233.25 tlayer:4 pbqpoffset:6.22 pbfactor:2.05 avgQpOffsetCutree:0.00;
in:446 out:446 type:B q:28.43 q-aq:27.20 q-noVbv:28.43 q-Rceq:1.32 tex:17468 mv:11160 misc:2412 icu:52.25 pcu:712.25 scu:795.50 tlayer:3 pbqpoffset:2.99 pbfactor:1.41 avgQpOffsetCutree:-1.52;
in:445 out:447 type:b q:32.03 q-aq:32.03 q-noVbv:32.03 q-Rceq:1.32 tex:1881 mv:3920 misc:1263 icu:5.75 pcu:218.75 scu:1335.50 tlayer:4 pbqpoffset:6.63 pbfactor:2.15 avgQpOffsetCutree:0.00;
in:447 out:448 type:b q:32.07 q-aq:32.00 q-noVbv:32.07 q-Rceq:1.32 tex:814 mv:3290 misc:1040 icu:2.50 pcu:327.00 scu:1230.50 tlayer:4 pbqpoffset:6.60 pbfactor:2.14 avgQpOffsetCutree:0.00;
in:464 out:449 type:k q:24.91 q-aq:18.91 q-noVbv:24.91 q-Rceq:1.32 tex:192006 mv:28724 misc:3350 icu:833.00 pcu:693.00 scu:34.00 tlayer:0 pbqpoffset:0.45 pbfactor:1.05 avgQpOffsetCutree:-5.86;
in:456 out:450 type:B q:27.03 q-aq:22.63 q-noVbv:27.03 q-Rceq:1.32 tex:91277 mv:21588 misc:3071 icu:485.50 pcu:891.75 scu:182.75 tlayer:1 pbqpoffset:1.83 pbfactor:1.23 avgQpOffsetCutree:-4.25;
in:452 out:451 type:B q:27.18 q-aq:23.90 q-noVbv:27.18 q-Rceq:1.32 tex:35409 mv:13367 misc:2616 icu:175.75 pcu:690.00 scu:694.25 tlayer:2 pbqpoffset:1.83 pbfactor:1.23 avgQpOffsetCutree:-2.95;
in:450 out:452 type:B q:28.13 q-aq:26.55 q-noVbv:28.13 q-Rceq:1.32 tex:16659 mv:9772 misc:2201 icu:55.75 pcu:539.25 scu:965.00 tlayer:3 pbqpoffset:2.70 pbfactor:1.37 avgQpOffsetCutree:-1.70;
in:449 out:453 type:b q:31.18 q-aq:31.02 q-noVbv:31.18 q-Rceq:1.32 tex:1292 mv:3311 misc:1205 icu:4.25 pcu:325.25 scu:1230.50 tlayer:4 pbqpoffset:5.72 pbfactor:1.94 avgQpOffsetCutree:0.00;
in:451 out:454 type:b q:30.96 q-aq:31.00 q-noVbv:30.96 q-Rceq:1.32 tex:1835 mv:3694 misc:1199 icu:4.00 pcu:316.25 scu:1239.75 tlayer:4 pbqpoffset:5.57 pbfactor:1.90 avgQpOffsetCutree:0.00;
in:454 out:455 type:B q:28.06 q-aq:26.62 q-noVbv:28.06 q-Rceq:1.32 tex:15135 mv:9723 misc:2198 icu:53.00 pcu:422.50 scu:1084.50 tlayer:3 pbqpoffset:2.78 pbfactor:1.38 avgQpOffsetCutree:-1.55;
in:453 out:456 type:b q:30.72 q-aq:31.00 q-noVbv:30.72 q-Rceq:1.32 tex:2307 mv:3700 misc:1265 icu:4.00 pcu:319.75 scu:1236.25 tlayer:4 pbqpoffset:5.40 pbfactor:1.87 avgQpOffsetCutree:0.00;
in:455 out:457 type:b q:31.14 q-aq:31.01 q-noVbv:31.14 q-Rceq:1.32 tex:1332 mv:3180 misc:1104 icu:0.75 pcu:236.25 scu:1323.00 tlayer:4 pbqpoffset:5.89 pbfactor:1.98 avgQpOffsetCutree:0.00;
in:460 out:458 type:B q:26.88 q-aq:23.64 q-noVbv:26.88 q-Rceq:1.32 tex:32022 mv:11968 misc:2378 icu:158.25 pcu:759.75 scu:642.00 tlayer:2 pbqpoffset:1.83 pbfactor:1.23 avgQpOffsetCutree:-3.02;
in:458 out:459 type:B q:27.90 q-aq:26.76 q-noVbv:27.90 q-Rceq:1.32 tex:14174 mv:8752 misc:2018 icu:44.00 pcu:449.00 scu:1067.00 tlayer:3 pbqpoffset:2.77 pbfactor:1.38 avgQpOffsetCutree:-1.58;
in:457 out:460 type:b q:30.80 q-aq:31.00 q-noVbv:30.80 q-Rceq:1.32 tex:1653 mv:3451 misc:1112 icu:2.25 pcu:333.25 scu:1224.50 tlayer:4 pbqpoffset:5.63 pbfactor:1.92 avgQpOffsetCutree:0.00;
in:459 out:461 type:b q:30.75 q-aq:31.00 q-noVbv:30.75 q-Rceq:1.32 tex:1767 mv:3668 misc:1157 icu:1.50 pcu:299.50 scu:1259.00 tlayer:4 pbqpoffset:5.66 pbfactor:1.92 avgQpOffsetCutree:0.00;
in:462 out:462 type:B q:28.26 q-aq:27.05 q-noVbv:28.26 q-Rceq:1.32 tex:13097 mv:8556 misc:2123 icu:50.50 pcu:366.75 scu:1142.75 tlayer:3 pbqpoffset:3.28 pbfactor:1.46 avgQpOffsetCutree:-1.48;
in:461 out:463 type:b q:30.31 q-aq:30.18 q-noVbv:30.31 q-Rceq:1.32 tex:3062 mv:3610 misc:1376 icu:2.25 pcu:365.50 scu:1192.25 tlayer:4 pbqpoffset:5.29 pbfactor:1.84 avgQpOffsetCutree:0.00;
in:463 out:464 type:b q:31.02 q-aq:31.00 q-noVbv:31.02 q-Rceq:1.32 tex:1446 mv:2963 misc:1023 icu:0.75 pcu:262.25 scu:1297.00 tlayer:4 pbqpoffset:6.07 pbfactor:2.02 avgQpOffsetCutree:0.00;
in:480 out:465 type:k q:25.02 q-aq:19.44 q-noVbv:25.02 q-Rceq:1.32 tex:217755 mv:31799 misc:2678 icu:1555.25 pcu:4.75 scu:0.00 tlayer:0 pbqpoffset:0.60 pbfactor:1.07 avgQpOffsetCutree:-5.93;
in:472 out:466 type:B q:26.75 q-aq:22.39 q-noVbv:26.75 q-Rceq:1.32 tex:113880 mv:22232 misc:3000 icu:510.25 pcu:941.50 scu:108.25 tlayer:1 pbqpoffset:1.78 pbfactor:1.23 avgQpOffsetCutree:-4.18;
in:468 out:467 type:B q:26.96 q-aq:24.12 q-noVbv:26.96 q-Rceq:1.32 tex:33256 mv:12033 misc:2535 icu:159.75 pcu:636.00 scu:764.25 tlayer:2 pbqpoffset:2.02 pbfactor:1.26 avgQpOffsetCutree:-2.98;
in:466 out:468 type:B q:28.57 q-aq:27.91 q-noVbv:28.57 q-Rceq:1.32 tex:10646 mv:7994 misc:2000 icu:33.25 pcu:425.25 scu:1101.50 tlayer:3 pbqpoffset:3.64 pbfactor:1.52 avgQpOffsetCutree:-1.69;
in:465 out:469 type:b q:31.56 q-aq:32.00 q-noVbv:31.56 q-Rceq:1.32 tex:1096 mv:2424 misc:992 icu:1.50 pcu:317.00 scu:1241.50 tlayer:4 pbqpoffset:6.64 pbfactor:2.15 avgQpOffsetCutree:0.00;
in:467 out:470 type:b q:31.58 q-aq:32.00 q-noVbv:31.58 q-Rceq:1.32 tex:1643 mv:2624 misc:973 icu:3.00 pcu:327.25 scu:1229.75 tlayer:4 pbqpoffset:6.64 pbfactor:2.15 avgQpOffsetCutree:0.00;
in:470 out:471 type:B q:28.21 q-aq:27.23 q-noVbv:28.21 q-Rceq:1.32 tex:13179 mv:9148 misc:2033 icu:35.00 pcu:527.75 scu:997.25 tlayer:3 pbqpoffset:3.26 pbfactor:1.46 avgQpOffsetCutree:-1.45;
in:469 out:472 type:b q:31.59 q-aq:32.00 q-noVbv:31.59 q-Rceq:1.32 tex:757 mv:2991 misc:1084 icu:0.25 pcu:329.00 scu:1230.75 tlayer:4 pbqpoffset:6.64 pbfactor:2.15 avgQpOffsetCutree:0.00;
in:471 out:473 type:b q:30.79 q-aq:31.02 q-noVbv:30.79 q-Rceq:1.32 tex:1286 mv:3437 misc:1149 icu:3.25 pcu:303.25 scu:1253.50 tlayer:4 pbqpoffset:5.83 pbfactor:1.96 avgQpOffsetCutree:0.00;
in:476 out:474 type:B q:26.83 q-aq:23.70 q-noVbv:26.83 q-Rceq:1.32 tex:38884 mv:13589 misc:2663 icu:158.25 pcu:589.25 scu:812.50 tlayer:2 pbqpoffset:1.83 pbfactor:1.24 avgQpOffsetCutree:-3.11;
in:474 out:475 type:B q:27.52 q-aq:26.45 q-noVbv:27.52 q-Rceq:1.32 tex:18472 mv:10401 misc:2191 icu:46.75 pcu:555.25 scu:958.00 tlayer:3 pbqpoffset:2.54 pbfactor:1.34 avgQpOffsetCutree:-1.52;
in:473 out:476 type:b q:30.64 q-aq:31.00 q-noVbv:30.64 q-Rceq:1.32 tex:1995 mv:3459 misc:1234 icu:2.75 pcu:310.00 scu:1247.25 tlayer:4 pbqpoffset:5.66 pbfactor:1.92 avgQpOffsetCutree:0.00;
in:475 out:477 type:b q:31.63 q-aq:32.00 q-noVbv:31.63 q-Rceq:1.32 tex:1545 mv:3393 misc:1086 icu:1.75 pcu:225.25 scu:1333.00 tlayer:4 pbqpoffset:6.64 pbfactor:2.15 avgQpOffsetCutree:0.00;
in:478 out:478 type:B q:28.05 q-aq:26.85 q-noVbv:28.05 q-Rceq:1.32 tex:14604 mv:9721 misc:2211 icu:34.00 pcu:541.25 scu:984.75 tlayer:3 pbqpoffset:3.05 pbfactor:1.42 avgQpOffsetCutree:-1.55;
in:477 out:479 type:b q:31.64 q-aq:32.00 q-noVbv:31.64 q-Rceq:1.32 tex:1646 mv:3126 misc:1092 icu:2.25 pcu:342.00 scu:1215.75 tlayer:4 pbqpoffset:6.64 pbfactor:2.15 avgQpOffsetCutree:0.00;
in:479 out:480 type:b q:31.24 q-aq:31.17 q-noVbv:31.24 q-Rceq:1.32 tex:1247 mv:3166 misc:1171 icu:1.25 pcu:333.75 scu:1225.00 tlayer:4 pbqpoffset:6.22 pbfactor:2.05 avgQpOffsetCutree:0.00;
in:496 out:481 type:k q:25.58 q-aq:20.14 q-noVbv:25.58 q-Rceq:1.32 tex:150658 mv:26379 misc:3491 icu:528.00 pcu:910.25 scu:121.75 tlayer:0 pbqpoffset:0.57 pbfactor:1.07 avgQpOffsetCutree:-4.86;
in:488 out:482 type:B q:27.02 q-aq:22.13 q-noVbv:27.02 q-Rceq:1.32 tex:80348 mv:20948 misc:3280 icu:328.75 pcu:995.50 scu:235.75 tlayer:1 pbqpoffset:1.72 pbfactor:1.22 avgQpOffsetCutree:-4.46;
in:484 out:483 type:B q:26.88 q-aq:23.64 q-noVbv:26.88 q-Rceq:1.32 tex:31365 mv:11650 misc:2401 icu:125.75 pcu:694.50 scu:739.75 tlayer:2 pbqpoffset:1.72 pbfactor:1.22 avgQpOffsetCutree:-3.05;
in:482 out:484 type:B q:27.50 q-aq:26.47 q-noVbv:27.50 q-Rceq:1.32 tex:14308 mv:8770 misc:1850 icu:30.50 pcu:482.25 scu:1047.25 tlayer:3 pbqpoffset:2.41 pbfactor:1.32 avgQpOffsetCutree:-1.52;
in:481 out:485 type:b q:29.21 q-aq:29.19 q-noVbv:29.21 q-Rceq:1.32 tex:1922 mv:3257 misc:1229 icu:1.25 pcu:212.00 scu:1346.75 tlayer:4 pbqpoffset:4.15 pbfactor:1.61 avgQpOffsetCutree:0.00;
in:483 out:486 type:b q:29.77 q-aq:30.00 q-noVbv:29.77 q-Rceq:1.32 tex:2009 mv:3007 misc:1144 icu:2.75 pcu:392.75 scu:1164.50 tlayer:4 pbqpoffset:4.64 pbfactor:1.71 avgQpOffsetCutree:0.00;
in:486 out:487 type:B q:27.80 q-aq:26.45 q-noVbv:27.80 q-Rceq:1.32 tex:12523 mv:7933 misc:2000 icu:25.75 pcu:572.25 scu:962.00 tlayer:3 pbqpoffset:2.57 pbfactor:1.34 avgQpOffsetCutree:-1.54;
in:485 out:488 type:b q:30.94 q-aq:31.00 q-noVbv:30.94 q-Rceq:1.32 tex:1274 mv:2693 misc:993 icu:0.75 pcu:411.75 scu:1147.50 tlayer:4 pbqpoffset:5.75 pbfactor:1.94 avgQpOffsetCutree:0.00;
in:487 out:489 type:b q:31.85 q-aq:32.00 q-noVbv:31.85 q-Rceq:1.32 tex:547 mv:2365 misc:848 icu:1.00 pcu:154.75 scu:1404.25 tlayer:4 pbqpoffset:6.58 pbfactor:2.14 avgQpOffsetCutree:0.00;
in:492 out:490 type:B q:27.16 q-aq:24.05 q-noVbv:27.16 q-Rceq:1.32 tex:30727 mv:11421 misc:2708 icu:112.00 pcu:583.75 scu:864.25 tlayer:2 pbqpoffset:1.72 pbfactor:1.22 avgQpOffsetCutree:-3.05;
in:490 out:491 type:B q:27.91 q-aq:26.43 q-noVbv:27.91 q-Rceq:1.32 tex:12525 mv:7577 misc:1962 icu:29.75 pcu:488.00 scu:1042.25 tlayer:3 pbqpoffset:2.54 pbfactor:1.34 avgQpOffsetCutree:-1.59;
in:489 out:492 type:b q:31.80 q-aq:32.00 q-noVbv:31.80 q-Rceq:1.32 tex:771 mv:2307 misc:882 icu:1.75 pcu:186.75 scu:1371.50 tlayer:4 pbqpoffset:6.46 pbfactor:2.11 avgQpOffsetCutree:0.00;
in:491 out:493 type:b q:31.07 q-aq:31.00 q-noVbv:31.07 q-Rceq:1.32 tex:1581 mv:2855 misc:948 icu:4.75 pcu:243.25 scu:1312.00 tlayer:4 pbqpoffset:5.66 pbfactor:1.92 avgQpOffsetCutree:0.00;
in:494 out:494 type:B q:28.17 q-aq:26.56 q-noVbv:28.17 q-Rceq:1.32 tex:9818 mv:7190 misc:2016 icu:17.25 pcu:493.75 scu:1049.00 tlayer:3 pbqpoffset:2.65 pbfactor:1.36 avgQpOffsetCutree:-1.74;
in:493 out:495 type:b q:32.06 q-aq:32.00 q-noVbv:32.06 q-Rceq:1.32 tex:1042 mv:2509 misc:833 icu:2.75 pcu:172.25 scu:1385.00 tlayer:4 pbqpoffset:6.58 pbfactor:2.14 avgQpOffsetCutree:0.00;
in:495 out:496 type:b q:31.02 q-aq:31.00 q-noVbv:31.02 q-Rceq:1.32 tex:679 mv:2128 misc:769 icu:0.00 pcu:206.75 scu:1353.25 tlayer:4 pbqpoffset:5.47 pbfactor:1.88 avgQpOffsetCutree:0.00;
in:499 out:497 type:k q:25.42 q-aq:23.78 q-noVbv:25.42 q-Rceq:1.32 tex:44698 mv:13002 misc:2532 icu:118.00 pcu:795.00 scu:647.00 tlayer:0 pbqpoffset:0.77 pbfactor:1.09 avgQpOffsetCutree:-1.59;
in:498 out:498 type:B q:26.95 q-aq:26.33 q-noVbv:26.95 q-Rceq:1.32 tex:10392 mv:8093 misc:1875 icu:27.00 pcu:579.00 scu:954.00 tlayer:1 pbqpoffset:1.47 pbfactor:1.19 avgQpOffsetCutree:-0.96;
in:497 out:499 type:b q:28.14 q-aq:28.01 q-noVbv:28.14 q-Rceq:1.32 tex:1459 mv:2737 misc:1108 icu:0.75 pcu:323.50 scu:1235.75 tlayer:2 pbqpoffset:2.61 pbfactor:1.35 avgQpOffsetCutree:0.00;
