#options: cpuid=1173503 frame-threads=1 no-wpp no-pmode no-pme psnr no-ssim log-level=2 bitdepth=8 input-csp=1 fps=25000/1000 input-res=768x432 interlace=0 total-frames=250 level-idc=0 high-tier=1 uhd-bd=0 ref=4 no-allow-non-conformance no-repeat-headers annexb no-aud no-hrd info hash=0 no-temporal-layers open-gop min-keyint=1 keyint=5000 bframes=15 b-adapt=2 b-pyramid bframe-bias=0 rc-lookahead=40 lookahead-slices=0 scenecut=40 no-intra-refresh ctu=64 min-cu-size=8 rect amp max-tu-size=32 tu-inter-depth=3 tu-intra-depth=3 limit-tu=4 rdoq-level=2 dynamic-rd=0.00 no-ssim-rd signhide no-tskip nr-intra=0 nr-inter=0 no-constrained-intra strong-intra-smoothing max-merge=4 limit-refs=1 limit-modes me=3 subme=4 merange=57 temporal-mvp weightp weightb no-analyze-src-pics deblock=0:0 sao no-sao-non-deblock rd=6 no-early-skip rskip no-fast-intra no-tskip-fast no-cu-lossless b-intra rdpenalty=0 psy-rd=0.00 psy-rdoq=0.00 no-rd-refine analysis-reuse-mode=0 no-lossless cbqpoffs=0 crqpoffs=0 rc=abr bitrate=2000 qcomp=0.60 qpstep=4 stats-write=1 stats-read=0 slow-firstpass ipratio=1.40 pbratio=1.30 aq-mode=1 aq-strength=0.00 cutree zone-count=0 no-strict-cbr qg-size=64 no-rc-grain qpmax=69 qpmin=0 no-const-vbv sar=0 overscan=0 videoformat=5 range=0 colorprim=2 transfer=2 colormatrix=2 chromaloc=0 display-window=0 max-cll=0,0 min-luma=0 max-luma=255 log2-max-poc-lsb=8 vui-timing-info vui-hrd-info slices=1 opt-qp-pps opt-ref-list-length-pps no-multi-pass-opt-rps scenecut-bias=0.05 no-opt-cu-delta-qp no-aq-motion no-hdr no-hdr-opt no-dhdr10-opt analysis-reuse-level=5 scale-factor=0 refine-intra=0 refine-inter=0 refine-mv=0 no-limit-sao ctu-info=0 max-tlayer=4
in:0 out:0 type:I q:27.44 q-aq:28.98 q-noVbv:27.44 q-Rceq:1.00 tex:120741 mv:15243 misc:1952 icu:1296.00 pcu:0.00 scu:0.00 tlayer:0 pbqpoffset:0.00 pbfactor:1.00 avgQpOffsetCutree:-0.85;
in:3 out:1 type:k q:30.36 q-aq:28.92 q-noVbv:30.36 q-Rceq:1.00 tex:91681 mv:12445 misc:2026 icu:1192.25 pcu:102.50 scu:1.25 tlayer:0 pbqpoffset:0.00 pbfactor:1.00 avgQpOffsetCutree:-1.98;
in:2 out:2 type:B q:32.68 q-aq:33.44 q-noVbv:32.68 q-Rceq:1.00 tex:50610 mv:11655 misc:2295 icu:807.00 pcu:387.00 scu:102.00 tlayer:1 pbqpoffset:2.32 pbfactor:1.31 avgQpOffsetCutree:-0.40;
in:1 out:3 type:b q:33.81 q-aq:34.23 q-noVbv:33.81 q-Rceq:1.00 tex:47538 mv:12016 misc:2142 icu:756.25 pcu:463.00 scu:76.75 tlayer:2 pbqpoffset:3.46 pbfactor:1.49 avgQpOffsetCutree:0.00;
in:18 out:4 type:k q:28.16 q-aq:26.85 q-noVbv:28.16 q-Rceq:1.00 tex:122609 mv:12660 misc:2035 icu:1260.25 pcu:35.50 scu:0.25 tlayer:0 pbqpoffset:0.00 pbfactor:1.00 avgQpOffsetCutree:-2.10;
in:11 out:5 type:B q:31.18 q-aq:29.08 q-noVbv:31.18 q-Rceq:1.00 tex:52184 mv:6746 misc:1814 icu:1231.50 pcu:57.25 scu:7.25 tlayer:1 pbqpoffset:2.00 pbfactor:1.26 avgQpOffsetCutree:-2.35;
in:7 out:6 type:B q:31.77 q-aq:29.95 q-noVbv:31.77 q-Rceq:1.00 tex:47638 mv:7318 misc:1796 icu:1069.50 pcu:162.50 scu:64.00 tlayer:2 pbqpoffset:2.00 pbfactor:1.26 avgQpOffsetCutree:-2.12;
in:5 out:7 type:B q:32.06 q-aq:31.95 q-noVbv:32.06 q-Rceq:1.00 tex:39830 mv:9991 misc:2203 icu:828.50 pcu:257.00 scu:210.50 tlayer:3 pbqpoffset:2.00 pbfactor:1.26 avgQpOffsetCutree:-1.04;
in:4 out:8 type:b q:33.34 q-aq:33.51 q-noVbv:33.34 q-Rceq:1.00 tex:31240 mv:11099 misc:2389 icu:611.75 pcu:385.25 scu:299.00 tlayer:4 pbqpoffset:3.13 pbfactor:1.44 avgQpOffsetCutree:0.00;
in:6 out:9 type:b q:33.05 q-aq:33.24 q-noVbv:33.05 q-Rceq:1.00 tex:21666 mv:8633 misc:2157 icu:465.50 pcu:374.75 scu:455.75 tlayer:4 pbqpoffset:3.13 pbfactor:1.44 avgQpOffsetCutree:0.00;
in:9 out:10 type:B q:31.47 q-aq:30.89 q-noVbv:31.47 q-Rceq:1.00 tex:32638 mv:6642 misc:1856 icu:840.50 pcu:256.25 scu:199.25 tlayer:3 pbqpoffset:2.00 pbfactor:1.26 avgQpOffsetCutree:-1.16;
in:8 out:11 type:b q:32.99 q-aq:33.10 q-noVbv:32.99 q-Rceq:1.00 tex:19109 mv:5747 misc:1880 icu:499.50 pcu:293.50 scu:503.00 tlayer:4 pbqpoffset:3.36 pbfactor:1.47 avgQpOffsetCutree:0.00;
in:10 out:12 type:b q:33.55 q-aq:34.00 q-noVbv:33.55 q-Rceq:1.00 tex:13971 mv:6018 misc:2043 icu:443.75 pcu:315.00 scu:537.25 tlayer:4 pbqpoffset:4.22 pbfactor:1.63 avgQpOffsetCutree:0.00;
in:15 out:13 type:B q:30.60 q-aq:30.13 q-noVbv:30.60 q-Rceq:1.00 tex:49080 mv:7165 misc:1747 icu:1161.00 pcu:93.50 scu:41.50 tlayer:2 pbqpoffset:2.00 pbfactor:1.26 avgQpOffsetCutree:-1.25;
in:13 out:14 type:B q:30.89 q-aq:30.40 q-noVbv:30.89 q-Rceq:1.00 tex:35315 mv:7814 misc:2183 icu:823.75 pcu:262.00 scu:210.25 tlayer:3 pbqpoffset:2.00 pbfactor:1.26 avgQpOffsetCutree:-1.22;
in:12 out:15 type:b q:33.06 q-aq:33.13 q-noVbv:33.06 q-Rceq:1.00 tex:16691 mv:6872 misc:1917 icu:389.25 pcu:442.25 scu:464.50 tlayer:4 pbqpoffset:4.02 pbfactor:1.59 avgQpOffsetCutree:0.00;
in:14 out:16 type:b q:32.47 q-aq:32.47 q-noVbv:32.47 q-Rceq:1.00 tex:18600 mv:6831 misc:1993 icu:437.75 pcu:334.50 scu:523.75 tlayer:4 pbqpoffset:3.72 pbfactor:1.54 avgQpOffsetCutree:0.00;
in:17 out:17 type:B q:30.30 q-aq:31.02 q-noVbv:30.30 q-Rceq:1.00 tex:71970 mv:14381 misc:2385 icu:847.25 pcu:362.00 scu:86.75 tlayer:3 pbqpoffset:2.00 pbfactor:1.26 avgQpOffsetCutree:-0.47;
in:16 out:18 type:b q:31.59 q-aq:32.22 q-noVbv:31.59 q-Rceq:1.00 tex:74283 mv:13723 misc:2330 icu:830.75 pcu:401.75 scu:63.50 tlayer:4 pbqpoffset:3.13 pbfactor:1.44 avgQpOffsetCutree:0.00;
in:30 out:19 type:k q:24.77 q-aq:22.62 q-noVbv:24.77 q-Rceq:1.00 tex:124495 mv:12573 misc:1716 icu:1252.75 pcu:43.00 scu:0.25 tlayer:0 pbqpoffset:0.00 pbfactor:1.00 avgQpOffsetCutree:-2.50;
in:24 out:20 type:B q:28.40 q-aq:26.77 q-noVbv:28.40 q-Rceq:1.00 tex:72793 mv:9188 misc:1915 icu:1157.25 pcu:119.50 scu:19.25 tlayer:1 pbqpoffset:1.94 pbfactor:1.25 avgQpOffsetCutree:-2.11;
in:21 out:21 type:B q:29.25 q-aq:28.02 q-noVbv:29.25 q-Rceq:1.00 tex:62691 mv:11499 misc:2154 icu:995.50 pcu:240.75 scu:59.75 tlayer:2 pbqpoffset:1.94 pbfactor:1.25 avgQpOffsetCutree:-1.85;
in:20 out:22 type:B q:29.53 q-aq:30.03 q-noVbv:29.53 q-Rceq:1.00 tex:45159 mv:11025 misc:2448 icu:663.00 pcu:364.50 scu:268.50 tlayer:3 pbqpoffset:1.94 pbfactor:1.25 avgQpOffsetCutree:-0.61;
in:19 out:23 type:b q:30.95 q-aq:31.43 q-noVbv:30.95 q-Rceq:1.00 tex:38473 mv:13459 misc:2436 icu:568.25 pcu:441.75 scu:286.00 tlayer:4 pbqpoffset:3.07 pbfactor:1.43 avgQpOffsetCutree:0.00;
in:23 out:24 type:B q:28.69 q-aq:29.43 q-noVbv:28.69 q-Rceq:1.00 tex:37653 mv:8901 misc:2174 icu:646.00 pcu:363.25 scu:286.75 tlayer:3 pbqpoffset:1.94 pbfactor:1.25 avgQpOffsetCutree:-0.40;
in:22 out:25 type:b q:30.10 q-aq:30.22 q-noVbv:30.10 q-Rceq:1.00 tex:23655 mv:7785 misc:2176 icu:448.50 pcu:342.25 scu:505.25 tlayer:4 pbqpoffset:3.07 pbfactor:1.43 avgQpOffsetCutree:0.00;
in:27 out:26 type:B q:27.55 q-aq:26.66 q-noVbv:27.55 q-Rceq:1.00 tex:67623 mv:10135 misc:2250 icu:995.00 pcu:239.25 scu:61.75 tlayer:2 pbqpoffset:1.94 pbfactor:1.25 avgQpOffsetCutree:-1.51;
in:26 out:27 type:B q:27.84 q-aq:28.58 q-noVbv:27.84 q-Rceq:1.00 tex:45189 mv:9816 misc:2515 icu:626.00 pcu:318.25 scu:351.75 tlayer:3 pbqpoffset:1.94 pbfactor:1.25 avgQpOffsetCutree:-0.44;
in:25 out:28 type:b q:29.26 q-aq:29.38 q-noVbv:29.26 q-Rceq:1.00 tex:31732 mv:9847 misc:2365 icu:493.00 pcu:435.50 scu:367.50 tlayer:4 pbqpoffset:3.07 pbfactor:1.43 avgQpOffsetCutree:0.00;
in:29 out:29 type:B q:26.99 q-aq:27.61 q-noVbv:26.99 q-Rceq:1.00 tex:55014 mv:11106 misc:2456 icu:660.75 pcu:352.00 scu:283.25 tlayer:3 pbqpoffset:1.94 pbfactor:1.25 avgQpOffsetCutree:-0.51;
in:28 out:30 type:b q:28.41 q-aq:28.61 q-noVbv:28.41 q-Rceq:1.00 tex:40932 mv:10800 misc:2452 icu:559.25 pcu:414.00 scu:322.75 tlayer:4 pbqpoffset:3.07 pbfactor:1.43 avgQpOffsetCutree:0.00;
in:35 out:31 type:k q:25.22 q-aq:24.02 q-noVbv:25.22 q-Rceq:1.00 tex:128573 mv:12608 misc:1971 icu:1255.75 pcu:40.25 scu:0.00 tlayer:0 pbqpoffset:0.00 pbfactor:1.00 avgQpOffsetCutree:-2.48;
in:33 out:32 type:B q:27.03 q-aq:27.45 q-noVbv:27.03 q-Rceq:1.00 tex:97443 mv:14310 misc:2415 icu:973.00 pcu:280.25 scu:42.75 tlayer:1 pbqpoffset:1.99 pbfactor:1.26 avgQpOffsetCutree:-1.02;
in:32 out:33 type:B q:26.94 q-aq:28.55 q-noVbv:26.94 q-Rceq:1.00 tex:84038 mv:15480 misc:2546 icu:881.25 pcu:320.00 scu:94.75 tlayer:2 pbqpoffset:1.99 pbfactor:1.26 avgQpOffsetCutree:-0.10;
in:31 out:34 type:b q:27.98 q-aq:28.51 q-noVbv:27.98 q-Rceq:1.00 tex:49782 mv:11425 misc:2673 icu:682.00 pcu:356.50 scu:257.50 tlayer:3 pbqpoffset:3.12 pbfactor:1.43 avgQpOffsetCutree:0.00;
in:34 out:35 type:b q:28.25 q-aq:28.67 q-noVbv:28.25 q-Rceq:1.00 tex:46587 mv:13782 misc:2727 icu:536.75 pcu:488.50 scu:270.75 tlayer:2 pbqpoffset:3.12 pbfactor:1.43 avgQpOffsetCutree:0.00;
in:47 out:36 type:k q:24.72 q-aq:23.63 q-noVbv:24.72 q-Rceq:1.00 tex:123163 mv:12656 misc:1805 icu:1248.75 pcu:47.00 scu:0.25 tlayer:0 pbqpoffset:0.00 pbfactor:1.00 avgQpOffsetCutree:-2.25;
in:41 out:37 type:B q:27.08 q-aq:26.11 q-noVbv:27.08 q-Rceq:1.00 tex:89905 mv:10883 misc:1836 icu:1173.75 pcu:117.50 scu:4.75 tlayer:1 pbqpoffset:2.11 pbfactor:1.28 avgQpOffsetCutree:-1.93;
in:38 out:38 type:B q:27.20 q-aq:26.93 q-noVbv:27.20 q-Rceq:1.00 tex:78562 mv:12756 misc:2090 icu:1061.75 pcu:196.00 scu:38.25 tlayer:2 pbqpoffset:2.11 pbfactor:1.28 avgQpOffsetCutree:-1.30;
in:37 out:39 type:B q:27.25 q-aq:27.87 q-noVbv:27.25 q-Rceq:1.00 tex:55427 mv:12396 misc:2481 icu:780.25 pcu:372.25 scu:143.50 tlayer:3 pbqpoffset:2.11 pbfactor:1.28 avgQpOffsetCutree:-0.51;
in:36 out:40 type:b q:28.42 q-aq:28.90 q-noVbv:28.42 q-Rceq:1.00 tex:40309 mv:11628 misc:2647 icu:530.25 pcu:449.00 scu:316.75 tlayer:4 pbqpoffset:3.25 pbfactor:1.45 avgQpOffsetCutree:0.00;
in:40 out:41 type:B q:27.12 q-aq:28.08 q-noVbv:27.12 q-Rceq:1.00 tex:54361 mv:11832 misc:2623 icu:733.25 pcu:350.75 scu:212.00 tlayer:3 pbqpoffset:2.11 pbfactor:1.28 avgQpOffsetCutree:-0.39;
in:39 out:42 type:b q:28.30 q-aq:28.60 q-noVbv:28.30 q-Rceq:1.00 tex:41186 mv:11078 misc:2728 icu:571.50 pcu:410.75 scu:313.75 tlayer:4 pbqpoffset:3.25 pbfactor:1.45 avgQpOffsetCutree:0.00;
in:44 out:43 type:B q:26.96 q-aq:26.53 q-noVbv:26.96 q-Rceq:1.00 tex:77823 mv:11958 misc:2267 icu:1035.75 pcu:209.00 scu:51.25 tlayer:2 pbqpoffset:2.11 pbfactor:1.28 avgQpOffsetCutree:-1.42;
in:43 out:44 type:B q:27.00 q-aq:27.83 q-noVbv:27.00 q-Rceq:1.00 tex:55321 mv:11238 misc:2585 icu:707.50 pcu:331.25 scu:257.25 tlayer:3 pbqpoffset:2.11 pbfactor:1.28 avgQpOffsetCutree:-0.45;
in:42 out:45 type:b q:28.17 q-aq:28.44 q-noVbv:28.17 q-Rceq:1.00 tex:42230 mv:11983 misc:2627 icu:565.25 pcu:457.25 scu:273.50 tlayer:4 pbqpoffset:3.25 pbfactor:1.45 avgQpOffsetCutree:0.00;
in:46 out:46 type:B q:26.87 q-aq:27.54 q-noVbv:26.87 q-Rceq:1.00 tex:57381 mv:11877 misc:2518 icu:749.50 pcu:380.75 scu:165.75 tlayer:3 pbqpoffset:2.11 pbfactor:1.28 avgQpOffsetCutree:-0.61;
in:45 out:47 type:b q:28.05 q-aq:28.44 q-noVbv:28.05 q-Rceq:1.00 tex:44526 mv:10456 misc:2490 icu:535.75 pcu:437.25 scu:323.00 tlayer:4 pbqpoffset:3.25 pbfactor:1.45 avgQpOffsetCutree:0.00;
in:63 out:48 type:k q:24.72 q-aq:24.04 q-noVbv:24.72 q-Rceq:1.00 tex:126054 mv:13058 misc:1832 icu:1233.25 pcu:62.50 scu:0.25 tlayer:0 pbqpoffset:0.00 pbfactor:1.00 avgQpOffsetCutree:-2.05;
in:55 out:49 type:B q:26.84 q-aq:25.92 q-noVbv:26.84 q-Rceq:1.00 tex:99788 mv:11375 misc:1901 icu:1194.25 pcu:101.75 scu:0.00 tlayer:1 pbqpoffset:2.12 pbfactor:1.28 avgQpOffsetCutree:-2.06;
in:51 out:50 type:B q:26.84 q-aq:26.43 q-noVbv:26.84 q-Rceq:1.00 tex:96756 mv:12104 misc:2036 icu:1139.50 pcu:149.00 scu:7.50 tlayer:2 pbqpoffset:2.12 pbfactor:1.28 avgQpOffsetCutree:-1.68;
in:49 out:51 type:B q:26.84 q-aq:26.96 q-noVbv:26.84 q-Rceq:1.00 tex:93366 mv:14388 misc:2230 icu:977.00 pcu:280.25 scu:38.75 tlayer:3 pbqpoffset:2.12 pbfactor:1.28 avgQpOffsetCutree:-1.13;
in:48 out:52 type:b q:27.98 q-aq:28.61 q-noVbv:27.98 q-Rceq:1.00 tex:73039 mv:14403 misc:2654 icu:806.50 pcu:349.50 scu:140.00 tlayer:4 pbqpoffset:3.26 pbfactor:1.46 avgQpOffsetCutree:0.00;
in:50 out:53 type:b q:27.98 q-aq:28.42 q-noVbv:27.98 q-Rceq:1.00 tex:44154 mv:14062 misc:2632 icu:562.75 pcu:458.75 scu:274.50 tlayer:4 pbqpoffset:3.26 pbfactor:1.46 avgQpOffsetCutree:0.00;
in:53 out:54 type:B q:26.84 q-aq:27.13 q-noVbv:26.84 q-Rceq:1.00 tex:72079 mv:12681 misc:2336 icu:925.00 pcu:295.75 scu:75.25 tlayer:3 pbqpoffset:2.12 pbfactor:1.28 avgQpOffsetCutree:-0.91;
in:52 out:55 type:b q:27.98 q-aq:28.36 q-noVbv:27.98 q-Rceq:1.00 tex:47476 mv:13533 misc:2471 icu:581.25 pcu:514.50 scu:200.25 tlayer:4 pbqpoffset:3.26 pbfactor:1.46 avgQpOffsetCutree:0.00;
in:54 out:56 type:b q:27.98 q-aq:28.40 q-noVbv:27.98 q-Rceq:1.00 tex:47123 mv:13417 misc:2524 icu:594.75 pcu:450.25 scu:251.00 tlayer:4 pbqpoffset:3.26 pbfactor:1.46 avgQpOffsetCutree:0.00;
in:59 out:57 type:B q:26.84 q-aq:26.19 q-noVbv:26.84 q-Rceq:1.00 tex:90912 mv:13242 misc:2102 icu:1087.25 pcu:197.00 scu:11.75 tlayer:2 pbqpoffset:2.12 pbfactor:1.28 avgQpOffsetCutree:-1.76;
in:57 out:58 type:B q:26.84 q-aq:27.02 q-noVbv:26.84 q-Rceq:1.00 tex:70407 mv:12683 misc:2054 icu:882.00 pcu:325.25 scu:88.75 tlayer:3 pbqpoffset:2.12 pbfactor:1.28 avgQpOffsetCutree:-1.00;
in:56 out:59 type:b q:27.98 q-aq:28.45 q-noVbv:27.98 q-Rceq:1.00 tex:46349 mv:12282 misc:2545 icu:571.50 pcu:439.25 scu:285.25 tlayer:4 pbqpoffset:3.26 pbfactor:1.46 avgQpOffsetCutree:0.00;
in:58 out:60 type:b q:27.98 q-aq:28.40 q-noVbv:27.98 q-Rceq:1.00 tex:45458 mv:12415 misc:2543 icu:568.25 pcu:426.25 scu:301.50 tlayer:4 pbqpoffset:3.26 pbfactor:1.46 avgQpOffsetCutree:0.00;
in:61 out:61 type:B q:26.84 q-aq:26.75 q-noVbv:26.84 q-Rceq:1.00 tex:68506 mv:14144 misc:2574 icu:834.75 pcu:370.25 scu:91.00 tlayer:3 pbqpoffset:2.12 pbfactor:1.28 avgQpOffsetCutree:-1.15;
in:60 out:62 type:b q:27.98 q-aq:28.47 q-noVbv:27.98 q-Rceq:1.00 tex:44644 mv:12538 misc:2498 icu:528.00 pcu:477.25 scu:290.75 tlayer:4 pbqpoffset:3.26 pbfactor:1.46 avgQpOffsetCutree:0.00;
in:62 out:63 type:b q:27.98 q-aq:28.43 q-noVbv:27.98 q-Rceq:1.00 tex:42122 mv:11994 misc:2500 icu:517.00 pcu:431.75 scu:347.25 tlayer:4 pbqpoffset:3.26 pbfactor:1.46 avgQpOffsetCutree:0.00;
in:74 out:64 type:k q:24.98 q-aq:23.79 q-noVbv:24.98 q-Rceq:1.00 tex:126812 mv:13488 misc:1868 icu:1235.75 pcu:60.25 scu:0.00 tlayer:0 pbqpoffset:0.86 pbfactor:1.10 avgQpOffsetCutree:-2.49;
in:69 out:65 type:B q:27.02 q-aq:26.48 q-noVbv:27.02 q-Rceq:1.00 tex:98836 mv:12345 misc:2147 icu:1183.00 pcu:110.75 scu:2.25 tlayer:1 pbqpoffset:2.15 pbfactor:1.28 avgQpOffsetCutree:-1.81;
in:66 out:66 type:B q:26.94 q-aq:26.65 q-noVbv:26.94 q-Rceq:1.00 tex:96108 mv:12287 misc:2077 icu:1123.75 pcu:167.00 scu:5.25 tlayer:2 pbqpoffset:2.15 pbfactor:1.28 avgQpOffsetCutree:-1.57;
in:65 out:67 type:B q:26.92 q-aq:27.59 q-noVbv:26.92 q-Rceq:1.00 tex:74542 mv:14107 misc:2759 icu:772.50 pcu:374.50 scu:149.00 tlayer:3 pbqpoffset:2.15 pbfactor:1.28 avgQpOffsetCutree:-0.62;
in:64 out:68 type:b q:28.03 q-aq:28.67 q-noVbv:28.03 q-Rceq:1.00 tex:73630 mv:15049 misc:2473 icu:837.00 pcu:370.75 scu:88.25 tlayer:4 pbqpoffset:3.29 pbfactor:1.46 avgQpOffsetCutree:0.00;
in:68 out:69 type:B q:26.99 q-aq:27.88 q-noVbv:26.99 q-Rceq:1.00 tex:61424 mv:14679 misc:2569 icu:759.75 pcu:402.25 scu:134.00 tlayer:3 pbqpoffset:2.15 pbfactor:1.28 avgQpOffsetCutree:-0.46;
in:67 out:70 type:b q:28.10 q-aq:28.55 q-noVbv:28.10 q-Rceq:1.00 tex:46794 mv:13630 misc:2440 icu:587.75 pcu:504.50 scu:203.75 tlayer:4 pbqpoffset:3.29 pbfactor:1.46 avgQpOffsetCutree:0.00;
in:72 out:71 type:B q:27.09 q-aq:27.10 q-noVbv:27.09 q-Rceq:1.00 tex:75426 mv:13334 misc:2256 icu:977.50 pcu:264.50 scu:54.00 tlayer:2 pbqpoffset:2.15 pbfactor:1.28 avgQpOffsetCutree:-1.13;
in:71 out:72 type:B q:27.06 q-aq:27.74 q-noVbv:27.06 q-Rceq:1.00 tex:61034 mv:12715 misc:2363 icu:781.00 pcu:407.00 scu:108.00 tlayer:3 pbqpoffset:2.15 pbfactor:1.28 avgQpOffsetCutree:-0.61;
in:70 out:73 type:b q:28.17 q-aq:28.56 q-noVbv:28.17 q-Rceq:1.00 tex:45187 mv:13376 misc:2517 icu:504.50 pcu:499.50 scu:292.00 tlayer:4 pbqpoffset:3.29 pbfactor:1.46 avgQpOffsetCutree:0.00;
in:73 out:74 type:b q:28.25 q-aq:28.64 q-noVbv:28.25 q-Rceq:1.00 tex:45480 mv:12696 misc:2584 icu:551.75 pcu:437.75 scu:306.50 tlayer:3 pbqpoffset:3.29 pbfactor:1.46 avgQpOffsetCutree:0.00;
in:90 out:75 type:k q:25.24 q-aq:23.95 q-noVbv:25.24 q-Rceq:1.00 tex:126861 mv:13027 misc:2120 icu:1241.50 pcu:54.25 scu:0.25 tlayer:0 pbqpoffset:0.80 pbfactor:1.10 avgQpOffsetCutree:-2.63;
in:82 out:76 type:B q:27.27 q-aq:26.52 q-noVbv:27.27 q-Rceq:1.00 tex:104816 mv:11289 misc:1975 icu:1186.25 pcu:109.00 scu:0.75 tlayer:1 pbqpoffset:2.16 pbfactor:1.28 avgQpOffsetCutree:-2.02;
in:78 out:77 type:B q:27.21 q-aq:26.80 q-noVbv:27.21 q-Rceq:1.00 tex:89359 mv:11678 misc:2099 icu:1134.00 pcu:155.75 scu:6.25 tlayer:2 pbqpoffset:2.16 pbfactor:1.28 avgQpOffsetCutree:-1.61;
in:76 out:78 type:B q:27.18 q-aq:27.24 q-noVbv:27.18 q-Rceq:1.00 tex:70881 mv:12946 misc:2285 icu:907.00 pcu:324.75 scu:64.25 tlayer:3 pbqpoffset:2.16 pbfactor:1.28 avgQpOffsetCutree:-1.04;
in:75 out:79 type:b q:28.30 q-aq:28.70 q-noVbv:28.30 q-Rceq:1.00 tex:44037 mv:12359 misc:2612 icu:561.75 pcu:453.25 scu:281.00 tlayer:4 pbqpoffset:3.30 pbfactor:1.46 avgQpOffsetCutree:0.00;
in:77 out:80 type:b q:28.33 q-aq:28.76 q-noVbv:28.33 q-Rceq:1.00 tex:47457 mv:13056 misc:2551 icu:580.25 pcu:462.75 scu:253.00 tlayer:4 pbqpoffset:3.30 pbfactor:1.46 avgQpOffsetCutree:0.00;
in:80 out:81 type:B q:27.24 q-aq:28.28 q-noVbv:27.24 q-Rceq:1.00 tex:87561 mv:14548 misc:2299 icu:1021.75 pcu:239.75 scu:34.50 tlayer:3 pbqpoffset:2.16 pbfactor:1.28 avgQpOffsetCutree:-0.57;
in:79 out:82 type:b q:28.36 q-aq:28.89 q-noVbv:28.36 q-Rceq:1.00 tex:49933 mv:12136 misc:2499 icu:704.75 pcu:383.50 scu:207.75 tlayer:4 pbqpoffset:3.30 pbfactor:1.46 avgQpOffsetCutree:0.00;
in:81 out:83 type:b q:28.39 q-aq:29.00 q-noVbv:28.39 q-Rceq:1.00 tex:55843 mv:15866 misc:2563 icu:612.25 pcu:474.50 scu:209.25 tlayer:4 pbqpoffset:3.30 pbfactor:1.46 avgQpOffsetCutree:0.00;
in:86 out:84 type:B q:27.33 q-aq:26.70 q-noVbv:27.33 q-Rceq:1.00 tex:85234 mv:12413 misc:2145 icu:1080.25 pcu:197.25 scu:18.50 tlayer:2 pbqpoffset:2.16 pbfactor:1.28 avgQpOffsetCutree:-1.74;
in:84 out:85 type:B q:27.30 q-aq:27.48 q-noVbv:27.30 q-Rceq:1.00 tex:70284 mv:12995 misc:2425 icu:876.50 pcu:327.25 scu:92.25 tlayer:3 pbqpoffset:2.16 pbfactor:1.28 avgQpOffsetCutree:-0.99;
in:83 out:86 type:b q:28.42 q-aq:28.92 q-noVbv:28.42 q-Rceq:1.00 tex:45198 mv:13001 misc:2649 icu:561.50 pcu:437.50 scu:297.00 tlayer:4 pbqpoffset:3.30 pbfactor:1.46 avgQpOffsetCutree:0.00;
in:85 out:87 type:b q:28.45 q-aq:29.02 q-noVbv:28.45 q-Rceq:1.00 tex:44555 mv:12822 misc:2495 icu:538.50 pcu:481.75 scu:275.75 tlayer:4 pbqpoffset:3.30 pbfactor:1.46 avgQpOffsetCutree:0.00;
in:88 out:88 type:B q:27.37 q-aq:27.41 q-noVbv:27.37 q-Rceq:1.00 tex:71646 mv:13147 misc:2207 icu:892.00 pcu:299.50 scu:104.50 tlayer:3 pbqpoffset:2.16 pbfactor:1.28 avgQpOffsetCutree:-1.09;
in:87 out:89 type:b q:28.48 q-aq:29.01 q-noVbv:28.48 q-Rceq:1.00 tex:46495 mv:12873 misc:2440 icu:610.75 pcu:432.25 scu:253.00 tlayer:4 pbqpoffset:3.30 pbfactor:1.46 avgQpOffsetCutree:0.00;
in:89 out:90 type:b q:28.52 q-aq:29.18 q-noVbv:28.52 q-Rceq:1.00 tex:41440 mv:11741 misc:2379 icu:563.50 pcu:408.00 scu:324.50 tlayer:4 pbqpoffset:3.30 pbfactor:1.46 avgQpOffsetCutree:0.00;
in:106 out:91 type:k q:25.47 q-aq:23.95 q-noVbv:25.47 q-Rceq:1.00 tex:125448 mv:13587 misc:1909 icu:1246.50 pcu:49.50 scu:0.00 tlayer:0 pbqpoffset:0.97 pbfactor:1.12 avgQpOffsetCutree:-2.68;
in:98 out:92 type:B q:27.51 q-aq:26.84 q-noVbv:27.51 q-Rceq:1.00 tex:108316 mv:12408 misc:2084 icu:1151.25 pcu:137.00 scu:7.75 tlayer:1 pbqpoffset:2.16 pbfactor:1.28 avgQpOffsetCutree:-2.08;
in:94 out:93 type:B q:27.45 q-aq:27.01 q-noVbv:27.45 q-Rceq:1.00 tex:88383 mv:11395 misc:2310 icu:1092.50 pcu:179.50 scu:24.00 tlayer:2 pbqpoffset:2.16 pbfactor:1.28 avgQpOffsetCutree:-1.61;
in:92 out:94 type:B q:27.42 q-aq:27.72 q-noVbv:27.42 q-Rceq:1.00 tex:64944 mv:12372 misc:2188 icu:880.00 pcu:310.00 scu:106.00 tlayer:3 pbqpoffset:2.16 pbfactor:1.28 avgQpOffsetCutree:-0.89;
in:91 out:95 type:b q:28.55 q-aq:29.16 q-noVbv:28.55 q-Rceq:1.00 tex:41025 mv:11686 misc:2321 icu:567.25 pcu:391.50 scu:337.25 tlayer:4 pbqpoffset:3.29 pbfactor:1.46 avgQpOffsetCutree:0.00;
in:93 out:96 type:b q:28.57 q-aq:29.23 q-noVbv:28.57 q-Rceq:1.00 tex:45572 mv:12755 misc:2353 icu:559.50 pcu:443.00 scu:293.50 tlayer:4 pbqpoffset:3.29 pbfactor:1.46 avgQpOffsetCutree:0.00;
in:96 out:97 type:B q:27.48 q-aq:28.56 q-noVbv:27.48 q-Rceq:1.00 tex:88671 mv:14669 misc:2332 icu:1000.75 pcu:221.75 scu:73.50 tlayer:3 pbqpoffset:2.16 pbfactor:1.28 avgQpOffsetCutree:-0.57;
in:95 out:98 type:b q:28.60 q-aq:29.33 q-noVbv:28.60 q-Rceq:1.00 tex:55843 mv:11994 misc:2467 icu:757.25 pcu:307.25 scu:231.50 tlayer:4 pbqpoffset:3.29 pbfactor:1.46 avgQpOffsetCutree:0.00;
in:97 out:99 type:b q:28.63 q-aq:29.38 q-noVbv:28.63 q-Rceq:1.00 tex:59644 mv:14823 misc:2765 icu:603.25 pcu:451.25 scu:241.50 tlayer:4 pbqpoffset:3.29 pbfactor:1.46 avgQpOffsetCutree:0.00;
in:102 out:100 type:B q:27.57 q-aq:26.87 q-noVbv:27.57 q-Rceq:1.00 tex:84062 mv:12990 misc:2156 icu:1065.00 pcu:191.00 scu:40.00 tlayer:2 pbqpoffset:2.16 pbfactor:1.28 avgQpOffsetCutree:-1.78;
in:100 out:101 type:B q:27.54 q-aq:27.72 q-noVbv:27.54 q-Rceq:1.00 tex:70787 mv:13488 misc:2429 icu:880.75 pcu:297.00 scu:118.25 tlayer:3 pbqpoffset:2.16 pbfactor:1.28 avgQpOffsetCutree:-1.04;
in:99 out:102 type:b q:28.66 q-aq:29.35 q-noVbv:28.66 q-Rceq:1.00 tex:46434 mv:12847 misc:2287 icu:581.00 pcu:442.00 scu:273.00 tlayer:4 pbqpoffset:3.29 pbfactor:1.46 avgQpOffsetCutree:0.00;
in:101 out:103 type:b q:28.69 q-aq:29.29 q-noVbv:28.69 q-Rceq:1.00 tex:44022 mv:11984 misc:2362 icu:545.25 pcu:396.00 scu:354.75 tlayer:4 pbqpoffset:3.29 pbfactor:1.46 avgQpOffsetCutree:0.00;
in:104 out:104 type:B q:27.60 q-aq:27.91 q-noVbv:27.60 q-Rceq:1.00 tex:62453 mv:11660 misc:2191 icu:894.25 pcu:274.00 scu:127.75 tlayer:3 pbqpoffset:2.16 pbfactor:1.28 avgQpOffsetCutree:-0.87;
in:103 out:105 type:b q:28.72 q-aq:29.29 q-noVbv:28.72 q-Rceq:1.00 tex:41759 mv:11315 misc:2294 icu:558.25 pcu:447.75 scu:290.00 tlayer:4 pbqpoffset:3.29 pbfactor:1.46 avgQpOffsetCutree:0.00;
in:105 out:106 type:b q:28.75 q-aq:29.26 q-noVbv:28.75 q-Rceq:1.00 tex:42938 mv:11715 misc:2467 icu:555.00 pcu:404.25 scu:336.75 tlayer:4 pbqpoffset:3.29 pbfactor:1.46 avgQpOffsetCutree:0.00;
in:116 out:107 type:k q:25.66 q-aq:24.30 q-noVbv:25.66 q-Rceq:1.00 tex:127750 mv:13369 misc:1849 icu:1249.50 pcu:46.00 scu:0.50 tlayer:0 pbqpoffset:0.98 pbfactor:1.12 avgQpOffsetCutree:-2.55;
in:111 out:108 type:B q:27.72 q-aq:27.63 q-noVbv:27.72 q-Rceq:1.00 tex:81917 mv:11748 misc:2135 icu:1098.75 pcu:171.25 scu:26.00 tlayer:1 pbqpoffset:2.16 pbfactor:1.28 avgQpOffsetCutree:-1.36;
in:109 out:109 type:B q:27.69 q-aq:27.60 q-noVbv:27.69 q-Rceq:1.00 tex:70285 mv:11622 misc:2269 icu:954.50 pcu:239.25 scu:102.25 tlayer:2 pbqpoffset:2.16 pbfactor:1.28 avgQpOffsetCutree:-1.21;
in:108 out:110 type:B q:27.67 q-aq:28.38 q-noVbv:27.67 q-Rceq:1.00 tex:56019 mv:11073 misc:2244 icu:786.50 pcu:294.25 scu:215.25 tlayer:3 pbqpoffset:2.16 pbfactor:1.28 avgQpOffsetCutree:-0.56;
in:107 out:111 type:b q:28.78 q-aq:29.27 q-noVbv:28.78 q-Rceq:1.00 tex:43949 mv:11744 misc:2459 icu:550.50 pcu:437.50 scu:308.00 tlayer:4 pbqpoffset:3.30 pbfactor:1.46 avgQpOffsetCutree:0.00;
in:110 out:112 type:b q:28.84 q-aq:29.37 q-noVbv:28.84 q-Rceq:1.00 tex:41351 mv:11177 misc:2392 icu:573.75 pcu:390.50 scu:331.75 tlayer:3 pbqpoffset:3.30 pbfactor:1.46 avgQpOffsetCutree:0.00;
in:114 out:113 type:B q:27.78 q-aq:27.56 q-noVbv:27.78 q-Rceq:1.00 tex:83865 mv:11253 misc:2322 icu:998.25 pcu:182.75 scu:115.00 tlayer:2 pbqpoffset:2.16 pbfactor:1.28 avgQpOffsetCutree:-1.39;
in:113 out:114 type:B q:27.76 q-aq:28.63 q-noVbv:27.76 q-Rceq:1.00 tex:73088 mv:12791 misc:2593 icu:806.50 pcu:280.75 scu:208.75 tlayer:3 pbqpoffset:2.16 pbfactor:1.28 avgQpOffsetCutree:-0.61;
in:112 out:115 type:b q:28.88 q-aq:29.57 q-noVbv:28.88 q-Rceq:1.00 tex:69553 mv:14024 misc:2519 icu:836.25 pcu:306.25 scu:153.50 tlayer:4 pbqpoffset:3.30 pbfactor:1.46 avgQpOffsetCutree:0.00;
in:115 out:116 type:b q:28.93 q-aq:29.42 q-noVbv:28.93 q-Rceq:1.00 tex:44057 mv:11804 misc:2307 icu:597.75 pcu:375.50 scu:322.75 tlayer:3 pbqpoffset:3.30 pbfactor:1.46 avgQpOffsetCutree:0.00;
in:130 out:117 type:k q:25.49 q-aq:24.26 q-noVbv:25.49 q-Rceq:1.00 tex:127710 mv:12462 misc:1868 icu:1260.25 pcu:35.75 scu:0.00 tlayer:0 pbqpoffset:1.01 pbfactor:1.12 avgQpOffsetCutree:-2.39;
in:123 out:118 type:B q:27.74 q-aq:26.82 q-noVbv:27.74 q-Rceq:1.00 tex:87398 mv:10565 misc:1949 icu:1182.50 pcu:102.50 scu:11.00 tlayer:1 pbqpoffset:2.17 pbfactor:1.29 avgQpOffsetCutree:-1.95;
in:120 out:119 type:B q:27.78 q-aq:27.40 q-noVbv:27.78 q-Rceq:1.00 tex:76901 mv:10961 misc:2274 icu:1081.00 pcu:166.50 scu:48.50 tlayer:2 pbqpoffset:2.17 pbfactor:1.29 avgQpOffsetCutree:-1.38;
in:118 out:120 type:B q:27.80 q-aq:27.97 q-noVbv:27.80 q-Rceq:1.00 tex:69094 mv:11275 misc:2255 icu:946.25 pcu:225.50 scu:124.25 tlayer:3 pbqpoffset:2.17 pbfactor:1.29 avgQpOffsetCutree:-0.93;
in:117 out:121 type:b q:28.95 q-aq:29.37 q-noVbv:28.95 q-Rceq:1.00 tex:44515 mv:11607 misc:2438 icu:616.00 pcu:407.25 scu:272.75 tlayer:4 pbqpoffset:3.31 pbfactor:1.47 avgQpOffsetCutree:0.00;
in:119 out:122 type:b q:28.93 q-aq:29.34 q-noVbv:28.93 q-Rceq:1.00 tex:42633 mv:11198 misc:2449 icu:631.00 pcu:378.75 scu:286.25 tlayer:4 pbqpoffset:3.31 pbfactor:1.47 avgQpOffsetCutree:0.00;
in:122 out:123 type:B q:27.76 q-aq:28.56 q-noVbv:27.76 q-Rceq:1.00 tex:55360 mv:11000 misc:2384 icu:749.50 pcu:352.25 scu:194.25 tlayer:3 pbqpoffset:2.17 pbfactor:1.29 avgQpOffsetCutree:-0.48;
in:121 out:124 type:b q:28.90 q-aq:29.35 q-noVbv:28.90 q-Rceq:1.00 tex:43367 mv:12245 misc:2436 icu:590.50 pcu:449.50 scu:256.00 tlayer:4 pbqpoffset:3.31 pbfactor:1.47 avgQpOffsetCutree:0.00;
in:127 out:125 type:B q:27.70 q-aq:27.65 q-noVbv:27.70 q-Rceq:1.00 tex:76054 mv:10955 misc:2119 icu:1093.25 pcu:168.25 scu:34.50 tlayer:2 pbqpoffset:2.17 pbfactor:1.29 avgQpOffsetCutree:-1.21;
in:125 out:126 type:B q:27.72 q-aq:27.74 q-noVbv:27.72 q-Rceq:1.00 tex:66000 mv:11342 misc:2346 icu:901.00 pcu:267.00 scu:128.00 tlayer:3 pbqpoffset:2.17 pbfactor:1.29 avgQpOffsetCutree:-1.12;
in:124 out:127 type:b q:28.87 q-aq:29.42 q-noVbv:28.87 q-Rceq:1.00 tex:44660 mv:12211 misc:2433 icu:570.25 pcu:444.50 scu:281.25 tlayer:4 pbqpoffset:3.31 pbfactor:1.47 avgQpOffsetCutree:0.00;
in:126 out:128 type:b q:28.84 q-aq:29.36 q-noVbv:28.84 q-Rceq:1.00 tex:42955 mv:11822 misc:2503 icu:576.25 pcu:384.00 scu:335.75 tlayer:4 pbqpoffset:3.31 pbfactor:1.47 avgQpOffsetCutree:0.00;
in:129 out:129 type:B q:27.67 q-aq:28.33 q-noVbv:27.67 q-Rceq:1.00 tex:70920 mv:13294 misc:2578 icu:804.75 pcu:334.00 scu:157.25 tlayer:3 pbqpoffset:2.17 pbfactor:1.29 avgQpOffsetCutree:-0.57;
in:128 out:130 type:b q:28.82 q-aq:29.45 q-noVbv:28.82 q-Rceq:1.00 tex:70071 mv:13549 misc:2428 icu:866.25 pcu:288.50 scu:141.25 tlayer:4 pbqpoffset:3.31 pbfactor:1.47 avgQpOffsetCutree:0.00;
in:134 out:131 type:k q:25.29 q-aq:24.08 q-noVbv:25.29 q-Rceq:1.00 tex:116296 mv:12777 misc:1911 icu:1156.50 pcu:135.75 scu:3.75 tlayer:0 pbqpoffset:1.01 pbfactor:1.12 avgQpOffsetCutree:-2.26;
in:132 out:132 type:B q:27.48 q-aq:27.59 q-noVbv:27.48 q-Rceq:1.00 tex:70668 mv:12418 misc:2218 icu:960.50 pcu:282.00 scu:53.50 tlayer:1 pbqpoffset:2.09 pbfactor:1.27 avgQpOffsetCutree:-0.99;
in:131 out:133 type:b q:28.67 q-aq:29.24 q-noVbv:28.67 q-Rceq:1.00 tex:43735 mv:12595 misc:2558 icu:584.50 pcu:471.75 scu:239.75 tlayer:2 pbqpoffset:3.23 pbfactor:1.45 avgQpOffsetCutree:0.00;
in:133 out:134 type:b q:28.57 q-aq:29.20 q-noVbv:28.57 q-Rceq:1.00 tex:43499 mv:12614 misc:2471 icu:569.00 pcu:459.50 scu:267.50 tlayer:2 pbqpoffset:3.23 pbfactor:1.45 avgQpOffsetCutree:0.00;
in:147 out:135 type:k q:25.51 q-aq:24.25 q-noVbv:25.51 q-Rceq:1.00 tex:124067 mv:11406 misc:1887 icu:1248.00 pcu:48.00 scu:0.00 tlayer:0 pbqpoffset:1.02 pbfactor:1.13 avgQpOffsetCutree:-2.51;
in:141 out:136 type:B q:27.51 q-aq:26.75 q-noVbv:27.51 q-Rceq:1.00 tex:89491 mv:10514 misc:1939 icu:1184.50 pcu:105.75 scu:5.75 tlayer:1 pbqpoffset:2.10 pbfactor:1.28 avgQpOffsetCutree:-1.82;
in:138 out:137 type:B q:27.46 q-aq:26.99 q-noVbv:27.46 q-Rceq:1.00 tex:82880 mv:10933 misc:2075 icu:1061.50 pcu:190.75 scu:43.75 tlayer:2 pbqpoffset:2.10 pbfactor:1.28 avgQpOffsetCutree:-1.55;
in:136 out:138 type:B q:27.43 q-aq:27.61 q-noVbv:27.43 q-Rceq:1.00 tex:67695 mv:12345 misc:2312 icu:927.50 pcu:259.25 scu:109.25 tlayer:3 pbqpoffset:2.10 pbfactor:1.28 avgQpOffsetCutree:-0.94;
in:135 out:139 type:b q:28.55 q-aq:29.23 q-noVbv:28.55 q-Rceq:1.00 tex:43832 mv:12264 misc:2472 icu:600.25 pcu:431.25 scu:264.50 tlayer:4 pbqpoffset:3.24 pbfactor:1.45 avgQpOffsetCutree:0.00;
in:137 out:140 type:b q:28.58 q-aq:29.20 q-noVbv:28.58 q-Rceq:1.00 tex:44635 mv:11109 misc:2304 icu:594.50 pcu:418.25 scu:283.25 tlayer:4 pbqpoffset:3.24 pbfactor:1.45 avgQpOffsetCutree:0.00;
in:140 out:141 type:B q:27.50 q-aq:28.51 q-noVbv:27.50 q-Rceq:1.00 tex:57107 mv:10714 misc:2163 icu:755.75 pcu:341.50 scu:198.75 tlayer:3 pbqpoffset:2.10 pbfactor:1.28 avgQpOffsetCutree:-0.38;
in:139 out:142 type:b q:28.61 q-aq:29.20 q-noVbv:28.61 q-Rceq:1.00 tex:44171 mv:11243 misc:2194 icu:630.75 pcu:362.75 scu:302.50 tlayer:4 pbqpoffset:3.24 pbfactor:1.45 avgQpOffsetCutree:0.00;
in:144 out:143 type:B q:27.56 q-aq:28.08 q-noVbv:27.56 q-Rceq:1.00 tex:86048 mv:13725 misc:2107 icu:1127.50 pcu:145.25 scu:23.25 tlayer:2 pbqpoffset:2.10 pbfactor:1.28 avgQpOffsetCutree:-0.96;
in:143 out:144 type:B q:27.55 q-aq:28.15 q-noVbv:27.55 q-Rceq:1.00 tex:67114 mv:10954 misc:2260 icu:977.00 pcu:255.50 scu:63.50 tlayer:3 pbqpoffset:2.10 pbfactor:1.28 avgQpOffsetCutree:-0.59;
in:142 out:145 type:b q:28.66 q-aq:29.31 q-noVbv:28.66 q-Rceq:1.00 tex:42010 mv:11109 misc:2473 icu:582.50 pcu:385.75 scu:327.75 tlayer:4 pbqpoffset:3.24 pbfactor:1.45 avgQpOffsetCutree:0.00;
in:146 out:146 type:B q:27.60 q-aq:28.35 q-noVbv:27.60 q-Rceq:1.00 tex:60308 mv:13167 misc:2605 icu:756.00 pcu:376.25 scu:163.75 tlayer:3 pbqpoffset:2.10 pbfactor:1.28 avgQpOffsetCutree:-0.53;
in:145 out:147 type:b q:28.71 q-aq:29.37 q-noVbv:28.71 q-Rceq:1.00 tex:53671 mv:13394 misc:2567 icu:623.75 pcu:435.75 scu:236.50 tlayer:4 pbqpoffset:3.24 pbfactor:1.45 avgQpOffsetCutree:0.00;
in:163 out:148 type:k q:25.50 q-aq:23.93 q-noVbv:25.50 q-Rceq:1.00 tex:126282 mv:12137 misc:1901 icu:1238.25 pcu:57.75 scu:0.00 tlayer:0 pbqpoffset:1.02 pbfactor:1.13 avgQpOffsetCutree:-2.70;
in:155 out:149 type:B q:27.65 q-aq:26.59 q-noVbv:27.65 q-Rceq:1.00 tex:96246 mv:11299 misc:2063 icu:1197.75 pcu:92.25 scu:6.00 tlayer:1 pbqpoffset:2.15 pbfactor:1.28 avgQpOffsetCutree:-2.15;
in:151 out:150 type:B q:27.66 q-aq:27.19 q-noVbv:27.66 q-Rceq:1.00 tex:79074 mv:11508 misc:2162 icu:1077.25 pcu:193.75 scu:25.00 tlayer:2 pbqpoffset:2.15 pbfactor:1.28 avgQpOffsetCutree:-1.52;
in:149 out:151 type:B q:27.66 q-aq:27.88 q-noVbv:27.66 q-Rceq:1.00 tex:67500 mv:12085 misc:2247 icu:940.00 pcu:254.50 scu:101.50 tlayer:3 pbqpoffset:2.15 pbfactor:1.28 avgQpOffsetCutree:-0.95;
in:148 out:152 type:b q:28.79 q-aq:29.32 q-noVbv:28.79 q-Rceq:1.00 tex:43538 mv:11461 misc:2433 icu:569.75 pcu:432.75 scu:293.50 tlayer:4 pbqpoffset:3.29 pbfactor:1.46 avgQpOffsetCutree:0.00;
in:150 out:153 type:b q:28.79 q-aq:29.30 q-noVbv:28.79 q-Rceq:1.00 tex:44195 mv:11626 misc:2467 icu:605.00 pcu:456.00 scu:235.00 tlayer:4 pbqpoffset:3.29 pbfactor:1.46 avgQpOffsetCutree:0.00;
in:153 out:154 type:B q:27.65 q-aq:27.80 q-noVbv:27.65 q-Rceq:1.00 tex:67558 mv:12189 misc:2269 icu:878.25 pcu:329.25 scu:88.50 tlayer:3 pbqpoffset:2.15 pbfactor:1.28 avgQpOffsetCutree:-0.95;
in:152 out:155 type:b q:28.79 q-aq:29.38 q-noVbv:28.79 q-Rceq:1.00 tex:42288 mv:11639 misc:2457 icu:539.25 pcu:422.50 scu:334.25 tlayer:4 pbqpoffset:3.29 pbfactor:1.46 avgQpOffsetCutree:0.00;
in:154 out:156 type:b q:28.79 q-aq:29.45 q-noVbv:28.79 q-Rceq:1.00 tex:47489 mv:11610 misc:2461 icu:568.00 pcu:393.75 scu:334.25 tlayer:4 pbqpoffset:3.29 pbfactor:1.46 avgQpOffsetCutree:0.00;
in:159 out:157 type:B q:27.65 q-aq:27.53 q-noVbv:27.65 q-Rceq:1.00 tex:79409 mv:11215 misc:2136 icu:1127.75 pcu:154.00 scu:14.25 tlayer:2 pbqpoffset:2.15 pbfactor:1.28 avgQpOffsetCutree:-1.28;
in:157 out:158 type:B q:27.65 q-aq:27.71 q-noVbv:27.65 q-Rceq:1.00 tex:67394 mv:12595 misc:2371 icu:879.50 pcu:303.25 scu:113.25 tlayer:3 pbqpoffset:2.15 pbfactor:1.28 avgQpOffsetCutree:-1.05;
in:156 out:159 type:b q:28.79 q-aq:29.36 q-noVbv:28.79 q-Rceq:1.00 tex:43996 mv:11479 misc:2333 icu:543.25 pcu:388.75 scu:364.00 tlayer:4 pbqpoffset:3.29 pbfactor:1.46 avgQpOffsetCutree:0.00;
in:158 out:160 type:b q:28.79 q-aq:29.30 q-noVbv:28.79 q-Rceq:1.00 tex:43490 mv:11817 misc:2405 icu:546.50 pcu:435.50 scu:314.00 tlayer:4 pbqpoffset:3.29 pbfactor:1.46 avgQpOffsetCutree:0.00;
in:161 out:161 type:B q:27.65 q-aq:27.80 q-noVbv:27.65 q-Rceq:1.00 tex:85101 mv:13177 misc:2410 icu:973.75 pcu:272.50 scu:49.75 tlayer:3 pbqpoffset:2.15 pbfactor:1.28 avgQpOffsetCutree:-1.05;
in:160 out:162 type:b q:28.78 q-aq:29.43 q-noVbv:28.78 q-Rceq:1.00 tex:69406 mv:13900 misc:2390 icu:833.25 pcu:333.25 scu:129.50 tlayer:4 pbqpoffset:3.29 pbfactor:1.46 avgQpOffsetCutree:0.00;
in:162 out:163 type:b q:28.78 q-aq:29.33 q-noVbv:28.78 q-Rceq:1.00 tex:41626 mv:13082 misc:2484 icu:533.25 pcu:486.75 scu:276.00 tlayer:4 pbqpoffset:3.29 pbfactor:1.46 avgQpOffsetCutree:0.00;
in:179 out:164 type:k q:24.90 q-aq:23.37 q-noVbv:24.90 q-Rceq:1.00 tex:130716 mv:11752 misc:2044 icu:1229.75 pcu:66.25 scu:0.00 tlayer:0 pbqpoffset:1.02 pbfactor:1.13 avgQpOffsetCutree:-2.63;
in:171 out:165 type:B q:27.28 q-aq:26.11 q-noVbv:27.28 q-Rceq:1.00 tex:93128 mv:9884 misc:1884 icu:1178.75 pcu:116.25 scu:1.00 tlayer:1 pbqpoffset:2.08 pbfactor:1.27 avgQpOffsetCutree:-2.00;
in:167 out:166 type:B q:27.43 q-aq:26.56 q-noVbv:27.43 q-Rceq:1.00 tex:82945 mv:11421 misc:2090 icu:1082.00 pcu:199.25 scu:14.75 tlayer:2 pbqpoffset:2.08 pbfactor:1.27 avgQpOffsetCutree:-1.75;
in:165 out:167 type:B q:27.50 q-aq:27.50 q-noVbv:27.50 q-Rceq:1.00 tex:65836 mv:12947 misc:2329 icu:903.25 pcu:310.25 scu:82.50 tlayer:3 pbqpoffset:2.08 pbfactor:1.27 avgQpOffsetCutree:-0.99;
in:164 out:168 type:b q:28.67 q-aq:29.26 q-noVbv:28.67 q-Rceq:1.00 tex:40312 mv:11730 misc:2470 icu:547.25 pcu:430.50 scu:318.25 tlayer:4 pbqpoffset:3.21 pbfactor:1.45 avgQpOffsetCutree:0.00;
in:166 out:169 type:b q:28.60 q-aq:29.21 q-noVbv:28.60 q-Rceq:1.00 tex:40640 mv:12039 misc:2553 icu:540.25 pcu:442.25 scu:313.50 tlayer:4 pbqpoffset:3.21 pbfactor:1.45 avgQpOffsetCutree:0.00;
in:169 out:170 type:B q:27.35 q-aq:27.52 q-noVbv:27.35 q-Rceq:1.00 tex:66066 mv:11719 misc:2015 icu:930.50 pcu:301.50 scu:64.00 tlayer:3 pbqpoffset:2.08 pbfactor:1.27 avgQpOffsetCutree:-0.91;
in:168 out:171 type:b q:28.52 q-aq:29.17 q-noVbv:28.52 q-Rceq:1.00 tex:39879 mv:11779 misc:2422 icu:521.25 pcu:495.75 scu:279.00 tlayer:4 pbqpoffset:3.21 pbfactor:1.45 avgQpOffsetCutree:0.00;
in:170 out:172 type:b q:28.45 q-aq:28.89 q-noVbv:28.45 q-Rceq:1.00 tex:45262 mv:13290 misc:2504 icu:604.00 pcu:463.75 scu:228.25 tlayer:4 pbqpoffset:3.21 pbfactor:1.45 avgQpOffsetCutree:0.00;
in:175 out:173 type:B q:27.13 q-aq:26.91 q-noVbv:27.13 q-Rceq:1.00 tex:83566 mv:10640 misc:2114 icu:1148.00 pcu:131.75 scu:16.25 tlayer:2 pbqpoffset:2.08 pbfactor:1.27 avgQpOffsetCutree:-1.27;
in:173 out:174 type:B q:27.20 q-aq:27.57 q-noVbv:27.20 q-Rceq:1.00 tex:72624 mv:12765 misc:2315 icu:927.25 pcu:301.75 scu:67.00 tlayer:3 pbqpoffset:2.08 pbfactor:1.27 avgQpOffsetCutree:-0.80;
in:172 out:175 type:b q:28.37 q-aq:28.75 q-noVbv:28.37 q-Rceq:1.00 tex:42271 mv:11384 misc:2489 icu:664.75 pcu:411.00 scu:220.25 tlayer:4 pbqpoffset:3.21 pbfactor:1.45 avgQpOffsetCutree:0.00;
in:174 out:176 type:b q:28.30 q-aq:28.55 q-noVbv:28.30 q-Rceq:1.00 tex:41752 mv:11400 misc:2504 icu:610.25 pcu:418.25 scu:267.50 tlayer:4 pbqpoffset:3.21 pbfactor:1.45 avgQpOffsetCutree:0.00;
in:177 out:177 type:B q:27.05 q-aq:27.07 q-noVbv:27.05 q-Rceq:1.00 tex:84290 mv:12670 misc:2248 icu:989.00 pcu:247.25 scu:59.75 tlayer:3 pbqpoffset:2.08 pbfactor:1.27 avgQpOffsetCutree:-1.06;
in:176 out:178 type:b q:28.23 q-aq:28.70 q-noVbv:28.23 q-Rceq:1.00 tex:66213 mv:13150 misc:2573 icu:802.00 pcu:355.75 scu:138.25 tlayer:4 pbqpoffset:3.21 pbfactor:1.45 avgQpOffsetCutree:0.00;
in:178 out:179 type:b q:28.15 q-aq:28.50 q-noVbv:28.15 q-Rceq:1.00 tex:42637 mv:11590 misc:2381 icu:602.25 pcu:422.00 scu:271.75 tlayer:4 pbqpoffset:3.21 pbfactor:1.45 avgQpOffsetCutree:0.00;
in:195 out:180 type:k q:25.02 q-aq:23.67 q-noVbv:25.02 q-Rceq:1.00 tex:131921 mv:12513 misc:1878 icu:1216.00 pcu:79.75 scu:0.25 tlayer:0 pbqpoffset:1.04 pbfactor:1.13 avgQpOffsetCutree:-2.59;
in:187 out:181 type:B q:27.02 q-aq:26.11 q-noVbv:27.02 q-Rceq:1.00 tex:94400 mv:11295 misc:1913 icu:1180.50 pcu:112.25 scu:3.25 tlayer:1 pbqpoffset:2.06 pbfactor:1.27 avgQpOffsetCutree:-1.93;
in:183 out:182 type:B q:26.99 q-aq:26.61 q-noVbv:26.99 q-Rceq:1.00 tex:82685 mv:11598 misc:2021 icu:1082.75 pcu:191.75 scu:21.50 tlayer:2 pbqpoffset:2.06 pbfactor:1.27 avgQpOffsetCutree:-1.52;
in:181 out:183 type:B q:26.98 q-aq:27.09 q-noVbv:26.98 q-Rceq:1.00 tex:71215 mv:12626 misc:2191 icu:894.50 pcu:333.25 scu:68.25 tlayer:3 pbqpoffset:2.06 pbfactor:1.27 avgQpOffsetCutree:-1.03;
in:180 out:184 type:b q:28.11 q-aq:28.44 q-noVbv:28.11 q-Rceq:1.00 tex:45019 mv:11251 misc:2514 icu:564.50 pcu:430.00 scu:301.50 tlayer:4 pbqpoffset:3.20 pbfactor:1.45 avgQpOffsetCutree:0.00;
in:182 out:185 type:b q:28.12 q-aq:28.45 q-noVbv:28.12 q-Rceq:1.00 tex:46045 mv:12107 misc:2632 icu:573.25 pcu:427.00 scu:295.75 tlayer:4 pbqpoffset:3.20 pbfactor:1.45 avgQpOffsetCutree:0.00;
in:185 out:186 type:B q:27.01 q-aq:27.00 q-noVbv:27.01 q-Rceq:1.00 tex:70930 mv:12487 misc:2359 icu:931.75 pcu:285.25 scu:79.00 tlayer:3 pbqpoffset:2.06 pbfactor:1.27 avgQpOffsetCutree:-1.05;
in:184 out:187 type:b q:28.14 q-aq:28.57 q-noVbv:28.14 q-Rceq:1.00 tex:50637 mv:12430 misc:2421 icu:609.25 pcu:433.25 scu:253.50 tlayer:4 pbqpoffset:3.20 pbfactor:1.45 avgQpOffsetCutree:0.00;
in:186 out:188 type:b q:28.15 q-aq:28.49 q-noVbv:28.15 q-Rceq:1.00 tex:44217 mv:11971 misc:2620 icu:605.00 pcu:430.75 scu:260.25 tlayer:4 pbqpoffset:3.20 pbfactor:1.45 avgQpOffsetCutree:0.00;
in:191 out:189 type:B q:27.06 q-aq:27.42 q-noVbv:27.06 q-Rceq:1.00 tex:86151 mv:11412 misc:2013 icu:1152.00 pcu:135.50 scu:8.50 tlayer:2 pbqpoffset:2.06 pbfactor:1.27 avgQpOffsetCutree:-0.97;
in:189 out:190 type:B q:27.04 q-aq:27.23 q-noVbv:27.04 q-Rceq:1.00 tex:75475 mv:13048 misc:2301 icu:975.75 pcu:280.00 scu:40.25 tlayer:3 pbqpoffset:2.06 pbfactor:1.27 avgQpOffsetCutree:-0.95;
in:188 out:191 type:b q:28.17 q-aq:28.39 q-noVbv:28.17 q-Rceq:1.00 tex:42505 mv:11468 misc:2283 icu:615.25 pcu:446.50 scu:234.25 tlayer:4 pbqpoffset:3.20 pbfactor:1.45 avgQpOffsetCutree:0.00;
in:190 out:192 type:b q:28.18 q-aq:28.48 q-noVbv:28.18 q-Rceq:1.00 tex:41890 mv:11805 misc:2513 icu:617.25 pcu:429.25 scu:249.50 tlayer:4 pbqpoffset:3.20 pbfactor:1.45 avgQpOffsetCutree:0.00;
in:193 out:193 type:B q:27.07 q-aq:27.26 q-noVbv:27.07 q-Rceq:1.00 tex:87300 mv:12465 misc:2243 icu:985.50 pcu:253.75 scu:56.75 tlayer:3 pbqpoffset:2.06 pbfactor:1.27 avgQpOffsetCutree:-0.98;
in:192 out:194 type:b q:28.20 q-aq:28.78 q-noVbv:28.20 q-Rceq:1.00 tex:68568 mv:14179 misc:2541 icu:838.25 pcu:384.50 scu:73.25 tlayer:4 pbqpoffset:3.20 pbfactor:1.45 avgQpOffsetCutree:0.00;
in:194 out:195 type:b q:28.22 q-aq:28.56 q-noVbv:28.22 q-Rceq:1.00 tex:45871 mv:13051 misc:2470 icu:574.25 pcu:487.75 scu:234.00 tlayer:4 pbqpoffset:3.20 pbfactor:1.45 avgQpOffsetCutree:0.00;
in:210 out:196 type:k q:24.87 q-aq:23.90 q-noVbv:24.87 q-Rceq:1.00 tex:133849 mv:14144 misc:2015 icu:1234.50 pcu:61.25 scu:0.25 tlayer:0 pbqpoffset:0.97 pbfactor:1.12 avgQpOffsetCutree:-2.25;
in:203 out:197 type:B q:27.05 q-aq:25.88 q-noVbv:27.05 q-Rceq:1.00 tex:90078 mv:10608 misc:1874 icu:1188.00 pcu:106.50 scu:1.50 tlayer:1 pbqpoffset:2.11 pbfactor:1.28 avgQpOffsetCutree:-1.98;
in:199 out:198 type:B q:27.09 q-aq:26.33 q-noVbv:27.09 q-Rceq:1.00 tex:79402 mv:11193 misc:2133 icu:1082.50 pcu:181.75 scu:31.75 tlayer:2 pbqpoffset:2.11 pbfactor:1.28 avgQpOffsetCutree:-1.62;
in:197 out:199 type:B q:27.11 q-aq:27.25 q-noVbv:27.11 q-Rceq:1.00 tex:67479 mv:12321 misc:2288 icu:897.75 pcu:301.75 scu:96.50 tlayer:3 pbqpoffset:2.11 pbfactor:1.28 avgQpOffsetCutree:-0.90;
in:196 out:200 type:b q:28.26 q-aq:28.57 q-noVbv:28.26 q-Rceq:1.00 tex:43022 mv:11675 misc:2487 icu:604.00 pcu:418.50 scu:273.50 tlayer:4 pbqpoffset:3.25 pbfactor:1.46 avgQpOffsetCutree:0.00;
in:198 out:201 type:b q:28.24 q-aq:28.55 q-noVbv:28.24 q-Rceq:1.00 tex:43086 mv:10890 misc:2344 icu:596.25 pcu:436.25 scu:263.50 tlayer:4 pbqpoffset:3.25 pbfactor:1.46 avgQpOffsetCutree:0.00;
in:201 out:202 type:B q:27.07 q-aq:27.08 q-noVbv:27.07 q-Rceq:1.00 tex:66695 mv:10658 misc:2319 icu:944.50 pcu:252.50 scu:99.00 tlayer:3 pbqpoffset:2.11 pbfactor:1.28 avgQpOffsetCutree:-0.99;
in:200 out:203 type:b q:28.22 q-aq:28.62 q-noVbv:28.22 q-Rceq:1.00 tex:43245 mv:11296 misc:2403 icu:592.50 pcu:435.50 scu:268.00 tlayer:4 pbqpoffset:3.25 pbfactor:1.46 avgQpOffsetCutree:0.00;
in:202 out:204 type:b q:28.20 q-aq:28.49 q-noVbv:28.20 q-Rceq:1.00 tex:42624 mv:11532 misc:2564 icu:608.75 pcu:455.75 scu:231.50 tlayer:4 pbqpoffset:3.25 pbfactor:1.46 avgQpOffsetCutree:0.00;
in:207 out:205 type:B q:27.01 q-aq:26.99 q-noVbv:27.01 q-Rceq:1.00 tex:80825 mv:11093 misc:2186 icu:1143.75 pcu:145.00 scu:7.25 tlayer:2 pbqpoffset:2.11 pbfactor:1.28 avgQpOffsetCutree:-1.13;
in:205 out:206 type:B q:27.03 q-aq:27.02 q-noVbv:27.03 q-Rceq:1.00 tex:68267 mv:12104 misc:2261 icu:953.50 pcu:280.75 scu:61.75 tlayer:3 pbqpoffset:2.11 pbfactor:1.28 avgQpOffsetCutree:-0.94;
in:204 out:207 type:b q:28.18 q-aq:28.42 q-noVbv:28.18 q-Rceq:1.00 tex:44197 mv:11797 misc:2606 icu:665.75 pcu:370.75 scu:259.50 tlayer:4 pbqpoffset:3.25 pbfactor:1.46 avgQpOffsetCutree:0.00;
in:206 out:208 type:b q:28.16 q-aq:28.42 q-noVbv:28.16 q-Rceq:1.00 tex:44579 mv:12854 misc:2703 icu:592.00 pcu:466.00 scu:238.00 tlayer:4 pbqpoffset:3.25 pbfactor:1.46 avgQpOffsetCutree:0.00;
in:209 out:209 type:B q:26.99 q-aq:27.72 q-noVbv:26.99 q-Rceq:1.00 tex:73356 mv:12796 misc:2584 icu:861.50 pcu:286.50 scu:148.00 tlayer:3 pbqpoffset:2.11 pbfactor:1.28 avgQpOffsetCutree:-0.56;
in:208 out:210 type:b q:28.14 q-aq:28.71 q-noVbv:28.14 q-Rceq:1.00 tex:69820 mv:13532 misc:2544 icu:887.25 pcu:278.25 scu:130.50 tlayer:4 pbqpoffset:3.25 pbfactor:1.46 avgQpOffsetCutree:0.00;
in:222 out:211 type:k q:24.89 q-aq:24.12 q-noVbv:24.89 q-Rceq:1.00 tex:117768 mv:11515 misc:1765 icu:1212.25 pcu:83.00 scu:0.75 tlayer:0 pbqpoffset:1.01 pbfactor:1.12 avgQpOffsetCutree:-1.98;
in:216 out:212 type:B q:26.95 q-aq:26.20 q-noVbv:26.95 q-Rceq:1.00 tex:83991 mv:11667 misc:1838 icu:1151.75 pcu:133.75 scu:10.50 tlayer:1 pbqpoffset:2.07 pbfactor:1.27 avgQpOffsetCutree:-1.78;
in:213 out:213 type:B q:26.94 q-aq:26.62 q-noVbv:26.94 q-Rceq:1.00 tex:74292 mv:11534 misc:2174 icu:1067.50 pcu:183.75 scu:44.75 tlayer:2 pbqpoffset:2.07 pbfactor:1.27 avgQpOffsetCutree:-1.28;
in:212 out:214 type:B q:26.94 q-aq:27.85 q-noVbv:26.94 q-Rceq:1.00 tex:56860 mv:11301 misc:2375 icu:805.50 pcu:326.00 scu:164.50 tlayer:3 pbqpoffset:2.07 pbfactor:1.27 avgQpOffsetCutree:-0.39;
in:211 out:215 type:b q:28.07 q-aq:28.46 q-noVbv:28.07 q-Rceq:1.00 tex:45287 mv:11373 misc:2292 icu:643.25 pcu:419.75 scu:233.00 tlayer:4 pbqpoffset:3.20 pbfactor:1.45 avgQpOffsetCutree:0.00;
in:215 out:216 type:B q:26.95 q-aq:27.88 q-noVbv:26.95 q-Rceq:1.00 tex:57083 mv:11806 misc:2543 icu:824.50 pcu:274.75 scu:196.75 tlayer:3 pbqpoffset:2.07 pbfactor:1.27 avgQpOffsetCutree:-0.35;
in:214 out:217 type:b q:28.08 q-aq:28.38 q-noVbv:28.08 q-Rceq:1.00 tex:45339 mv:11871 misc:2574 icu:658.75 pcu:407.00 scu:230.25 tlayer:4 pbqpoffset:3.20 pbfactor:1.45 avgQpOffsetCutree:0.00;
in:219 out:218 type:B q:26.95 q-aq:26.56 q-noVbv:26.95 q-Rceq:1.00 tex:77253 mv:11321 misc:2018 icu:1080.75 pcu:196.00 scu:19.25 tlayer:2 pbqpoffset:2.07 pbfactor:1.27 avgQpOffsetCutree:-1.36;
in:218 out:219 type:B q:26.95 q-aq:27.86 q-noVbv:26.95 q-Rceq:1.00 tex:55647 mv:11717 misc:2532 icu:783.00 pcu:308.25 scu:204.75 tlayer:3 pbqpoffset:2.07 pbfactor:1.27 avgQpOffsetCutree:-0.39;
in:217 out:220 type:b q:28.08 q-aq:28.40 q-noVbv:28.08 q-Rceq:1.00 tex:45277 mv:10697 misc:2338 icu:720.75 pcu:358.50 scu:216.75 tlayer:4 pbqpoffset:3.20 pbfactor:1.45 avgQpOffsetCutree:0.00;
in:221 out:221 type:B q:26.96 q-aq:27.97 q-noVbv:26.96 q-Rceq:1.00 tex:56084 mv:11364 misc:2384 icu:788.00 pcu:325.50 scu:182.50 tlayer:3 pbqpoffset:2.07 pbfactor:1.27 avgQpOffsetCutree:-0.32;
in:220 out:222 type:b q:28.09 q-aq:28.47 q-noVbv:28.09 q-Rceq:1.00 tex:45594 mv:11747 misc:2283 icu:673.25 pcu:426.50 scu:196.25 tlayer:4 pbqpoffset:3.20 pbfactor:1.45 avgQpOffsetCutree:0.00;
in:229 out:223 type:k q:25.32 q-aq:24.76 q-noVbv:25.32 q-Rceq:1.00 tex:117049 mv:11555 misc:1988 icu:1252.75 pcu:42.75 scu:0.50 tlayer:0 pbqpoffset:0.94 pbfactor:1.12 avgQpOffsetCutree:-1.92;
in:226 out:224 type:B q:27.18 q-aq:26.97 q-noVbv:27.18 q-Rceq:1.00 tex:86444 mv:11201 misc:1971 icu:1146.00 pcu:138.00 scu:12.00 tlayer:1 pbqpoffset:2.04 pbfactor:1.27 avgQpOffsetCutree:-1.35;
in:224 out:225 type:B q:27.05 q-aq:28.05 q-noVbv:27.05 q-Rceq:1.00 tex:79697 mv:13840 misc:2175 icu:1089.75 pcu:179.75 scu:26.50 tlayer:2 pbqpoffset:2.04 pbfactor:1.27 avgQpOffsetCutree:-0.52;
in:223 out:226 type:b q:28.13 q-aq:28.54 q-noVbv:28.13 q-Rceq:1.00 tex:49324 mv:11367 misc:2485 icu:779.00 pcu:325.75 scu:191.25 tlayer:3 pbqpoffset:3.17 pbfactor:1.44 avgQpOffsetCutree:0.00;
in:225 out:227 type:b q:28.25 q-aq:28.72 q-noVbv:28.25 q-Rceq:1.00 tex:52179 mv:14058 misc:2459 icu:697.25 pcu:430.25 scu:168.50 tlayer:3 pbqpoffset:3.17 pbfactor:1.44 avgQpOffsetCutree:0.00;
in:228 out:228 type:B q:27.30 q-aq:28.15 q-noVbv:27.30 q-Rceq:1.00 tex:58318 mv:13204 misc:2430 icu:846.00 pcu:304.25 scu:145.75 tlayer:2 pbqpoffset:2.04 pbfactor:1.27 avgQpOffsetCutree:-0.44;
in:227 out:229 type:b q:28.38 q-aq:28.72 q-noVbv:28.38 q-Rceq:1.00 tex:46117 mv:10955 misc:2304 icu:678.25 pcu:420.25 scu:197.50 tlayer:3 pbqpoffset:3.17 pbfactor:1.44 avgQpOffsetCutree:0.00;
in:241 out:230 type:k q:25.51 q-aq:25.27 q-noVbv:25.51 q-Rceq:1.00 tex:123140 mv:12426 misc:1978 icu:1252.75 pcu:43.00 scu:0.25 tlayer:0 pbqpoffset:0.94 pbfactor:1.12 avgQpOffsetCutree:-1.75;
in:235 out:231 type:B q:27.55 q-aq:26.98 q-noVbv:27.55 q-Rceq:1.00 tex:85724 mv:10523 misc:1993 icu:1199.75 pcu:93.25 scu:3.00 tlayer:1 pbqpoffset:2.13 pbfactor:1.28 avgQpOffsetCutree:-1.68;
in:232 out:232 type:B q:27.50 q-aq:27.50 q-noVbv:27.50 q-Rceq:1.00 tex:79311 mv:10854 misc:2155 icu:1092.00 pcu:180.75 scu:23.25 tlayer:2 pbqpoffset:2.13 pbfactor:1.28 avgQpOffsetCutree:-1.16;
in:231 out:233 type:B q:27.49 q-aq:28.35 q-noVbv:27.49 q-Rceq:1.00 tex:63538 mv:12020 misc:2354 icu:880.50 pcu:284.25 scu:131.25 tlayer:3 pbqpoffset:2.13 pbfactor:1.28 avgQpOffsetCutree:-0.39;
in:230 out:234 type:b q:28.61 q-aq:29.21 q-noVbv:28.61 q-Rceq:1.00 tex:49266 mv:11670 misc:2344 icu:699.00 pcu:340.50 scu:256.50 tlayer:4 pbqpoffset:3.27 pbfactor:1.46 avgQpOffsetCutree:0.00;
in:234 out:235 type:B q:27.53 q-aq:28.38 q-noVbv:27.53 q-Rceq:1.00 tex:58248 mv:11701 misc:2243 icu:895.00 pcu:288.00 scu:113.00 tlayer:3 pbqpoffset:2.13 pbfactor:1.28 avgQpOffsetCutree:-0.41;
in:233 out:236 type:b q:28.65 q-aq:29.17 q-noVbv:28.65 q-Rceq:1.00 tex:47459 mv:12119 misc:2318 icu:700.75 pcu:396.00 scu:199.25 tlayer:4 pbqpoffset:3.27 pbfactor:1.46 avgQpOffsetCutree:0.00;
in:238 out:237 type:B q:27.59 q-aq:27.39 q-noVbv:27.59 q-Rceq:1.00 tex:77732 mv:9815 misc:2005 icu:1140.25 pcu:144.50 scu:11.25 tlayer:2 pbqpoffset:2.13 pbfactor:1.28 avgQpOffsetCutree:-1.26;
in:237 out:238 type:B q:27.58 q-aq:28.36 q-noVbv:27.58 q-Rceq:1.00 tex:56162 mv:11676 misc:2386 icu:808.50 pcu:348.00 scu:139.50 tlayer:3 pbqpoffset:2.13 pbfactor:1.28 avgQpOffsetCutree:-0.42;
in:236 out:239 type:b q:28.70 q-aq:29.20 q-noVbv:28.70 q-Rceq:1.00 tex:44325 mv:12606 misc:2429 icu:687.75 pcu:415.00 scu:193.25 tlayer:4 pbqpoffset:3.27 pbfactor:1.46 avgQpOffsetCutree:0.00;
in:240 out:240 type:B q:27.62 q-aq:29.08 q-noVbv:27.62 q-Rceq:1.00 tex:67787 mv:12918 misc:2359 icu:928.75 pcu:262.25 scu:105.00 tlayer:3 pbqpoffset:2.13 pbfactor:1.28 avgQpOffsetCutree:-0.15;
in:239 out:241 type:b q:28.74 q-aq:29.33 q-noVbv:28.74 q-Rceq:1.00 tex:55622 mv:11862 misc:2452 icu:800.25 pcu:333.50 scu:162.25 tlayer:4 pbqpoffset:3.27 pbfactor:1.46 avgQpOffsetCutree:0.00;
in:249 out:242 type:k q:25.36 q-aq:25.44 q-noVbv:25.36 q-Rceq:1.00 tex:101315 mv:12210 misc:1811 icu:1208.75 pcu:85.50 scu:1.75 tlayer:0 pbqpoffset:0.93 pbfactor:1.11 avgQpOffsetCutree:-1.16;
in:245 out:243 type:B q:27.52 q-aq:27.05 q-noVbv:27.52 q-Rceq:1.00 tex:78224 mv:11098 misc:1870 icu:1121.50 pcu:164.50 scu:10.00 tlayer:1 pbqpoffset:2.09 pbfactor:1.27 avgQpOffsetCutree:-1.51;
in:243 out:244 type:B q:27.56 q-aq:27.77 q-noVbv:27.56 q-Rceq:1.00 tex:66353 mv:11898 misc:2101 icu:984.75 pcu:262.50 scu:48.75 tlayer:2 pbqpoffset:2.09 pbfactor:1.27 avgQpOffsetCutree:-0.86;
in:242 out:245 type:b q:28.72 q-aq:29.20 q-noVbv:28.72 q-Rceq:1.00 tex:43864 mv:12235 misc:2405 icu:664.50 pcu:420.50 scu:211.00 tlayer:3 pbqpoffset:3.23 pbfactor:1.45 avgQpOffsetCutree:0.00;
in:244 out:246 type:b q:28.68 q-aq:29.18 q-noVbv:28.68 q-Rceq:1.00 tex:43183 mv:12009 misc:2304 icu:642.50 pcu:450.25 scu:203.25 tlayer:3 pbqpoffset:3.23 pbfactor:1.45 avgQpOffsetCutree:0.00;
in:247 out:247 type:B q:27.49 q-aq:27.48 q-noVbv:27.49 q-Rceq:1.00 tex:68441 mv:11022 misc:2105 icu:971.75 pcu:261.50 scu:62.75 tlayer:2 pbqpoffset:2.09 pbfactor:1.27 avgQpOffsetCutree:-0.99;
in:246 out:248 type:b q:28.64 q-aq:29.19 q-noVbv:28.64 q-Rceq:1.00 tex:45162 mv:12231 misc:2191 icu:648.75 pcu:439.25 scu:208.00 tlayer:3 pbqpoffset:3.23 pbfactor:1.45 avgQpOffsetCutree:0.00;
in:248 out:249 type:b q:28.60 q-aq:29.21 q-noVbv:28.60 q-Rceq:1.00 tex:43168 mv:11973 misc:2371 icu:630.50 pcu:387.75 scu:277.75 tlayer:3 pbqpoffset:3.23 pbfactor:1.45 avgQpOffsetCutree:0.00;
