#options: cpuid=1173503 frame-threads=1 no-wpp no-pmode no-pme psnr no-ssim log-level=2 bitdepth=8 input-csp=1 fps=24000/1000 input-res=832x480 interlace=0 total-frames=240 level-idc=0 high-tier=1 uhd-bd=0 ref=4 no-allow-non-conformance no-repeat-headers annexb no-aud no-hrd info hash=0 no-temporal-layers open-gop min-keyint=1 keyint=5000 bframes=15 b-adapt=2 b-pyramid bframe-bias=0 rc-lookahead=40 lookahead-slices=0 scenecut=40 no-intra-refresh ctu=64 min-cu-size=8 rect amp max-tu-size=32 tu-inter-depth=3 tu-intra-depth=3 limit-tu=4 rdoq-level=2 dynamic-rd=0.00 no-ssim-rd signhide no-tskip nr-intra=0 nr-inter=0 no-constrained-intra strong-intra-smoothing max-merge=4 limit-refs=1 limit-modes me=3 subme=4 merange=57 temporal-mvp weightp weightb no-analyze-src-pics deblock=0:0 sao no-sao-non-deblock rd=6 no-early-skip rskip no-fast-intra no-tskip-fast no-cu-lossless b-intra rdpenalty=0 psy-rd=0.00 psy-rdoq=0.00 no-rd-refine analysis-reuse-mode=0 no-lossless cbqpoffs=0 crqpoffs=0 rc=abr bitrate=2000 qcomp=0.60 qpstep=4 stats-write=1 stats-read=0 slow-firstpass ipratio=1.40 pbratio=1.30 aq-mode=1 aq-strength=0.00 cutree zone-count=0 no-strict-cbr qg-size=64 no-rc-grain qpmax=69 qpmin=0 no-const-vbv sar=0 overscan=0 videoformat=5 range=0 colorprim=2 transfer=2 colormatrix=2 chromaloc=0 display-window=0 max-cll=0,0 min-luma=0 max-luma=255 log2-max-poc-lsb=8 vui-timing-info vui-hrd-info slices=1 opt-qp-pps opt-ref-list-length-pps no-multi-pass-opt-rps scenecut-bias=0.05 no-opt-cu-delta-qp no-aq-motion no-hdr no-hdr-opt no-dhdr10-opt analysis-reuse-level=5 scale-factor=0 refine-intra=0 refine-inter=0 refine-mv=0 no-limit-sao ctu-info=0 max-tlayer=4
in:0 out:0 type:I q:22.47 q-aq:18.82 q-noVbv:22.47 q-Rceq:0.98 tex:221960 mv:14693 misc:2283 icu:1560.00 pcu:0.00 scu:0.00 tlayer:0 pbqpoffset:0.00 pbfactor:1.00 avgQpOffsetCutree:-4.33;
in:16 out:1 type:k q:25.38 q-aq:21.04 q-noVbv:25.38 q-Rceq:0.98 tex:186503 mv:13786 misc:2327 icu:1155.50 pcu:357.50 scu:47.00 tlayer:0 pbqpoffset:0.00 pbfactor:1.00 avgQpOffsetCutree:-5.52;
in:8 out:2 type:B q:27.78 q-aq:23.62 q-noVbv:27.78 q-Rceq:0.98 tex:116402 mv:14553 misc:2829 icu:647.25 pcu:747.50 scu:165.25 tlayer:1 pbqpoffset:2.40 pbfactor:1.32 avgQpOffsetCutree:-4.41;
in:4 out:3 type:B q:28.24 q-aq:25.00 q-noVbv:28.24 q-Rceq:0.98 tex:35268 mv:13433 misc:3683 icu:66.75 pcu:954.00 scu:539.25 tlayer:2 pbqpoffset:2.87 pbfactor:1.39 avgQpOffsetCutree:-3.13;
in:2 out:4 type:B q:29.65 q-aq:28.11 q-noVbv:29.65 q-Rceq:0.98 tex:11798 mv:7104 misc:2586 icu:11.50 pcu:623.00 scu:925.50 tlayer:3 pbqpoffset:4.27 pbfactor:1.64 avgQpOffsetCutree:-1.69;
in:1 out:5 type:b q:32.65 q-aq:33.00 q-noVbv:32.65 q-Rceq:0.98 tex:503 mv:2021 misc:924 icu:0.50 pcu:245.00 scu:1314.50 tlayer:4 pbqpoffset:7.27 pbfactor:2.32 avgQpOffsetCutree:0.00;
in:3 out:6 type:b q:32.65 q-aq:33.00 q-noVbv:32.65 q-Rceq:0.98 tex:737 mv:1775 misc:832 icu:0.00 pcu:239.75 scu:1320.25 tlayer:4 pbqpoffset:7.27 pbfactor:2.32 avgQpOffsetCutree:0.00;
in:6 out:7 type:B q:29.65 q-aq:28.11 q-noVbv:29.65 q-Rceq:0.98 tex:10796 mv:6970 misc:2618 icu:10.25 pcu:612.25 scu:937.50 tlayer:3 pbqpoffset:4.27 pbfactor:1.64 avgQpOffsetCutree:-1.73;
in:5 out:8 type:b q:32.65 q-aq:33.00 q-noVbv:32.65 q-Rceq:0.98 tex:1054 mv:1941 misc:989 icu:0.50 pcu:185.75 scu:1373.75 tlayer:4 pbqpoffset:7.27 pbfactor:2.32 avgQpOffsetCutree:0.00;
in:7 out:9 type:b q:32.65 q-aq:33.00 q-noVbv:32.65 q-Rceq:0.98 tex:1112 mv:1526 misc:794 icu:0.75 pcu:204.50 scu:1354.75 tlayer:4 pbqpoffset:7.27 pbfactor:2.32 avgQpOffsetCutree:0.00;
in:12 out:10 type:B q:28.43 q-aq:25.05 q-noVbv:28.43 q-Rceq:0.98 tex:37209 mv:13350 misc:3673 icu:78.25 pcu:917.50 scu:564.25 tlayer:2 pbqpoffset:3.05 pbfactor:1.42 avgQpOffsetCutree:-3.15;
in:10 out:11 type:B q:29.65 q-aq:28.12 q-noVbv:29.65 q-Rceq:0.98 tex:10371 mv:7100 misc:2625 icu:13.00 pcu:638.75 scu:908.25 tlayer:3 pbqpoffset:4.27 pbfactor:1.64 avgQpOffsetCutree:-1.70;
in:9 out:12 type:b q:32.65 q-aq:33.00 q-noVbv:32.65 q-Rceq:0.98 tex:1067 mv:1679 misc:862 icu:1.25 pcu:210.75 scu:1348.00 tlayer:4 pbqpoffset:7.27 pbfactor:2.32 avgQpOffsetCutree:0.00;
in:11 out:13 type:b q:32.65 q-aq:33.00 q-noVbv:32.65 q-Rceq:0.98 tex:822 mv:1700 misc:862 icu:1.00 pcu:239.25 scu:1319.75 tlayer:4 pbqpoffset:7.27 pbfactor:2.32 avgQpOffsetCutree:0.00;
in:14 out:14 type:B q:29.65 q-aq:28.06 q-noVbv:29.65 q-Rceq:0.98 tex:10656 mv:7601 misc:2647 icu:18.00 pcu:647.00 scu:895.00 tlayer:3 pbqpoffset:4.27 pbfactor:1.64 avgQpOffsetCutree:-1.71;
in:13 out:15 type:b q:32.65 q-aq:33.00 q-noVbv:32.65 q-Rceq:0.98 tex:440 mv:1620 misc:892 icu:1.50 pcu:170.50 scu:1388.00 tlayer:4 pbqpoffset:7.27 pbfactor:2.32 avgQpOffsetCutree:0.00;
in:15 out:16 type:b q:32.65 q-aq:33.00 q-noVbv:32.65 q-Rceq:0.98 tex:334 mv:1405 misc:829 icu:0.25 pcu:107.25 scu:1452.50 tlayer:4 pbqpoffset:7.27 pbfactor:2.32 avgQpOffsetCutree:0.00;
in:32 out:17 type:k q:21.38 q-aq:16.97 q-noVbv:21.38 q-Rceq:0.98 tex:242006 mv:14392 misc:2058 icu:1555.75 pcu:4.25 scu:0.00 tlayer:0 pbqpoffset:0.00 pbfactor:1.00 avgQpOffsetCutree:-5.50;
in:24 out:18 type:B q:25.63 q-aq:21.55 q-noVbv:25.63 q-Rceq:0.98 tex:142960 mv:13591 misc:2649 icu:768.25 pcu:708.75 scu:83.00 tlayer:1 pbqpoffset:2.25 pbfactor:1.30 avgQpOffsetCutree:-4.49;
in:20 out:19 type:B q:27.58 q-aq:24.13 q-noVbv:27.58 q-Rceq:0.98 tex:34696 mv:11840 misc:3648 icu:63.25 pcu:852.50 scu:644.25 tlayer:2 pbqpoffset:3.20 pbfactor:1.45 avgQpOffsetCutree:-3.18;
in:18 out:20 type:B q:29.00 q-aq:27.41 q-noVbv:29.00 q-Rceq:0.98 tex:9725 mv:7045 misc:2622 icu:12.25 pcu:568.50 scu:979.25 tlayer:3 pbqpoffset:4.12 pbfactor:1.61 avgQpOffsetCutree:-1.70;
in:17 out:21 type:b q:32.25 q-aq:32.00 q-noVbv:32.25 q-Rceq:0.98 tex:505 mv:1616 misc:911 icu:1.00 pcu:226.00 scu:1333.00 tlayer:4 pbqpoffset:7.12 pbfactor:2.28 avgQpOffsetCutree:0.00;
in:19 out:22 type:b q:31.75 q-aq:32.00 q-noVbv:31.75 q-Rceq:0.98 tex:726 mv:1339 misc:823 icu:1.25 pcu:163.50 scu:1395.25 tlayer:4 pbqpoffset:7.12 pbfactor:2.28 avgQpOffsetCutree:0.00;
in:22 out:23 type:B q:28.00 q-aq:26.37 q-noVbv:28.00 q-Rceq:0.98 tex:8155 mv:6855 misc:2510 icu:4.50 pcu:627.75 scu:927.75 tlayer:3 pbqpoffset:4.12 pbfactor:1.61 avgQpOffsetCutree:-1.71;
in:21 out:24 type:b q:31.25 q-aq:31.00 q-noVbv:31.25 q-Rceq:0.98 tex:302 mv:1589 misc:789 icu:0.00 pcu:202.50 scu:1357.50 tlayer:4 pbqpoffset:7.12 pbfactor:2.28 avgQpOffsetCutree:0.00;
in:23 out:25 type:b q:30.75 q-aq:31.00 q-noVbv:30.75 q-Rceq:0.98 tex:253 mv:1156 misc:671 icu:0.00 pcu:191.00 scu:1369.00 tlayer:4 pbqpoffset:7.12 pbfactor:2.28 avgQpOffsetCutree:0.00;
in:28 out:26 type:B q:25.56 q-aq:21.95 q-noVbv:25.56 q-Rceq:0.98 tex:43338 mv:13038 misc:3616 icu:80.25 pcu:840.25 scu:639.50 tlayer:2 pbqpoffset:3.18 pbfactor:1.44 avgQpOffsetCutree:-3.29;
in:26 out:27 type:B q:27.00 q-aq:25.32 q-noVbv:27.00 q-Rceq:0.98 tex:11504 mv:6917 misc:2763 icu:13.00 pcu:610.50 scu:936.50 tlayer:3 pbqpoffset:4.12 pbfactor:1.61 avgQpOffsetCutree:-1.70;
in:25 out:28 type:b q:30.25 q-aq:30.00 q-noVbv:30.25 q-Rceq:0.98 tex:477 mv:1400 misc:779 icu:1.25 pcu:188.25 scu:1370.50 tlayer:4 pbqpoffset:7.12 pbfactor:2.28 avgQpOffsetCutree:0.00;
in:27 out:29 type:b q:29.75 q-aq:30.00 q-noVbv:29.75 q-Rceq:0.98 tex:313 mv:1361 misc:726 icu:0.50 pcu:196.50 scu:1363.00 tlayer:4 pbqpoffset:7.12 pbfactor:2.28 avgQpOffsetCutree:0.00;
in:30 out:30 type:B q:26.00 q-aq:24.34 q-noVbv:26.00 q-Rceq:0.98 tex:12101 mv:8066 misc:2601 icu:16.25 pcu:672.00 scu:871.75 tlayer:3 pbqpoffset:4.12 pbfactor:1.61 avgQpOffsetCutree:-1.71;
in:29 out:31 type:b q:29.25 q-aq:29.00 q-noVbv:29.25 q-Rceq:0.98 tex:372 mv:1383 misc:749 icu:0.75 pcu:135.25 scu:1424.00 tlayer:4 pbqpoffset:7.12 pbfactor:2.28 avgQpOffsetCutree:0.00;
in:31 out:32 type:b q:28.75 q-aq:29.00 q-noVbv:28.75 q-Rceq:0.98 tex:319 mv:1856 misc:873 icu:0.50 pcu:232.75 scu:1326.75 tlayer:4 pbqpoffset:7.12 pbfactor:2.28 avgQpOffsetCutree:0.00;
in:48 out:33 type:k q:17.38 q-aq:13.28 q-noVbv:17.38 q-Rceq:0.98 tex:353716 mv:17799 misc:2669 icu:1430.75 pcu:124.25 scu:5.00 tlayer:0 pbqpoffset:0.00 pbfactor:1.00 avgQpOffsetCutree:-5.47;
in:40 out:34 type:B q:21.68 q-aq:17.98 q-noVbv:21.68 q-Rceq:0.98 tex:187001 mv:19318 misc:3457 icu:696.25 pcu:775.25 scu:88.50 tlayer:1 pbqpoffset:2.30 pbfactor:1.30 avgQpOffsetCutree:-4.50;
in:36 out:35 type:B q:23.60 q-aq:20.26 q-noVbv:23.60 q-Rceq:0.98 tex:55527 mv:14332 misc:3653 icu:47.00 pcu:974.00 scu:539.00 tlayer:2 pbqpoffset:3.22 pbfactor:1.45 avgQpOffsetCutree:-3.19;
in:34 out:36 type:B q:25.04 q-aq:23.54 q-noVbv:25.04 q-Rceq:0.98 tex:13672 mv:8349 misc:2899 icu:4.00 pcu:694.75 scu:861.25 tlayer:3 pbqpoffset:4.16 pbfactor:1.62 avgQpOffsetCutree:-1.65;
in:33 out:37 type:b q:28.29 q-aq:28.01 q-noVbv:28.29 q-Rceq:0.98 tex:245 mv:1652 misc:871 icu:0.50 pcu:196.00 scu:1363.50 tlayer:4 pbqpoffset:7.16 pbfactor:2.29 avgQpOffsetCutree:0.00;
in:35 out:38 type:b q:27.79 q-aq:28.00 q-noVbv:27.79 q-Rceq:0.98 tex:529 mv:1764 misc:899 icu:2.00 pcu:154.50 scu:1403.50 tlayer:4 pbqpoffset:7.16 pbfactor:2.29 avgQpOffsetCutree:0.00;
in:38 out:39 type:B q:24.04 q-aq:22.50 q-noVbv:24.04 q-Rceq:0.98 tex:19088 mv:8239 misc:3297 icu:14.25 pcu:637.50 scu:908.25 tlayer:3 pbqpoffset:4.16 pbfactor:1.62 avgQpOffsetCutree:-1.67;
in:37 out:40 type:b q:27.29 q-aq:27.04 q-noVbv:27.29 q-Rceq:0.98 tex:989 mv:1819 misc:936 icu:0.75 pcu:188.25 scu:1371.00 tlayer:4 pbqpoffset:7.16 pbfactor:2.29 avgQpOffsetCutree:0.00;
in:39 out:41 type:b q:26.79 q-aq:27.00 q-noVbv:26.79 q-Rceq:0.98 tex:902 mv:1422 misc:828 icu:1.25 pcu:135.50 scu:1423.25 tlayer:4 pbqpoffset:7.16 pbfactor:2.29 avgQpOffsetCutree:0.00;
in:44 out:42 type:B q:21.32 q-aq:18.22 q-noVbv:21.32 q-Rceq:0.98 tex:92947 mv:17529 misc:3772 icu:106.75 pcu:1066.50 scu:386.75 tlayer:2 pbqpoffset:2.94 pbfactor:1.40 avgQpOffsetCutree:-3.14;
in:42 out:43 type:B q:23.04 q-aq:21.67 q-noVbv:23.04 q-Rceq:0.98 tex:24854 mv:9205 misc:3365 icu:21.25 pcu:573.50 scu:965.25 tlayer:3 pbqpoffset:4.16 pbfactor:1.62 avgQpOffsetCutree:-1.62;
in:41 out:44 type:b q:26.29 q-aq:26.02 q-noVbv:26.29 q-Rceq:0.98 tex:1335 mv:1976 misc:1001 icu:1.50 pcu:140.25 scu:1418.25 tlayer:4 pbqpoffset:7.16 pbfactor:2.29 avgQpOffsetCutree:0.00;
in:43 out:45 type:b q:25.79 q-aq:26.00 q-noVbv:25.79 q-Rceq:0.98 tex:1044 mv:2080 misc:1076 icu:2.50 pcu:150.25 scu:1407.25 tlayer:4 pbqpoffset:7.16 pbfactor:2.29 avgQpOffsetCutree:0.00;
in:46 out:46 type:B q:22.04 q-aq:20.56 q-noVbv:22.04 q-Rceq:0.98 tex:29082 mv:10060 misc:3650 icu:22.25 pcu:628.50 scu:909.25 tlayer:3 pbqpoffset:4.16 pbfactor:1.62 avgQpOffsetCutree:-1.68;
in:45 out:47 type:b q:25.29 q-aq:25.01 q-noVbv:25.29 q-Rceq:0.98 tex:796 mv:1891 misc:977 icu:0.25 pcu:250.75 scu:1309.00 tlayer:4 pbqpoffset:7.16 pbfactor:2.29 avgQpOffsetCutree:0.00;
in:47 out:48 type:b q:24.79 q-aq:25.00 q-noVbv:24.79 q-Rceq:0.98 tex:1061 mv:2336 misc:1171 icu:1.00 pcu:133.00 scu:1426.00 tlayer:4 pbqpoffset:7.16 pbfactor:2.29 avgQpOffsetCutree:0.00;
in:64 out:49 type:k q:13.38 q-aq:9.35 q-noVbv:13.38 q-Rceq:0.98 tex:486731 mv:20112 misc:2765 icu:1541.25 pcu:18.75 scu:0.00 tlayer:0 pbqpoffset:1.27 pbfactor:1.16 avgQpOffsetCutree:-5.67;
in:56 out:50 type:B q:17.80 q-aq:14.75 q-noVbv:17.80 q-Rceq:0.98 tex:276595 mv:17823 misc:3486 icu:962.75 pcu:516.75 scu:80.50 tlayer:1 pbqpoffset:2.42 pbfactor:1.32 avgQpOffsetCutree:-4.35;
in:52 out:51 type:B q:19.41 q-aq:16.72 q-noVbv:19.41 q-Rceq:0.98 tex:111386 mv:17153 misc:3981 icu:159.25 pcu:968.00 scu:432.75 tlayer:2 pbqpoffset:3.03 pbfactor:1.42 avgQpOffsetCutree:-3.17;
in:50 out:52 type:B q:21.16 q-aq:19.85 q-noVbv:21.16 q-Rceq:0.98 tex:34984 mv:10483 misc:3677 icu:18.25 pcu:771.25 scu:770.50 tlayer:3 pbqpoffset:4.28 pbfactor:1.64 avgQpOffsetCutree:-1.76;
in:49 out:53 type:b q:24.41 q-aq:24.15 q-noVbv:24.41 q-Rceq:0.98 tex:1266 mv:2636 misc:1298 icu:0.00 pcu:324.25 scu:1235.75 tlayer:4 pbqpoffset:7.28 pbfactor:2.32 avgQpOffsetCutree:0.00;
in:51 out:54 type:b q:23.91 q-aq:24.00 q-noVbv:23.91 q-Rceq:0.98 tex:3727 mv:3418 misc:1631 icu:1.00 pcu:307.50 scu:1251.50 tlayer:4 pbqpoffset:7.28 pbfactor:2.32 avgQpOffsetCutree:0.00;
in:54 out:55 type:B q:20.16 q-aq:18.96 q-noVbv:20.16 q-Rceq:0.98 tex:45207 mv:11307 misc:3974 icu:27.50 pcu:759.50 scu:773.00 tlayer:3 pbqpoffset:4.28 pbfactor:1.64 avgQpOffsetCutree:-1.66;
in:53 out:56 type:b q:23.41 q-aq:23.31 q-noVbv:23.41 q-Rceq:0.98 tex:1987 mv:3150 misc:1463 icu:2.00 pcu:237.50 scu:1320.50 tlayer:4 pbqpoffset:7.28 pbfactor:2.32 avgQpOffsetCutree:0.00;
in:55 out:57 type:b q:22.91 q-aq:23.00 q-noVbv:22.91 q-Rceq:0.98 tex:2553 mv:2973 misc:1474 icu:2.00 pcu:228.25 scu:1329.75 tlayer:4 pbqpoffset:7.28 pbfactor:2.32 avgQpOffsetCutree:0.00;
in:60 out:58 type:B q:17.23 q-aq:14.64 q-noVbv:17.23 q-Rceq:0.98 tex:152105 mv:20924 misc:4491 icu:251.00 pcu:998.00 scu:311.00 tlayer:2 pbqpoffset:2.86 pbfactor:1.39 avgQpOffsetCutree:-3.13;
in:58 out:59 type:B q:19.16 q-aq:17.85 q-noVbv:19.16 q-Rceq:0.98 tex:51385 mv:12352 misc:4023 icu:35.00 pcu:886.25 scu:638.75 tlayer:3 pbqpoffset:4.28 pbfactor:1.64 avgQpOffsetCutree:-1.70;
in:57 out:60 type:b q:22.41 q-aq:22.44 q-noVbv:22.41 q-Rceq:0.98 tex:1576 mv:2478 misc:1354 icu:0.75 pcu:285.50 scu:1273.75 tlayer:4 pbqpoffset:7.28 pbfactor:2.32 avgQpOffsetCutree:0.00;
in:59 out:61 type:b q:21.91 q-aq:22.00 q-noVbv:21.91 q-Rceq:0.98 tex:5590 mv:3382 misc:1556 icu:1.25 pcu:375.25 scu:1183.50 tlayer:4 pbqpoffset:7.28 pbfactor:2.32 avgQpOffsetCutree:0.00;
in:62 out:62 type:B q:18.16 q-aq:16.87 q-noVbv:18.16 q-Rceq:0.98 tex:53137 mv:11679 misc:4288 icu:26.75 pcu:835.75 scu:697.50 tlayer:3 pbqpoffset:4.28 pbfactor:1.64 avgQpOffsetCutree:-1.69;
in:61 out:63 type:b q:21.41 q-aq:21.20 q-noVbv:21.41 q-Rceq:0.98 tex:5934 mv:3404 misc:1902 icu:1.25 pcu:441.50 scu:1117.25 tlayer:4 pbqpoffset:7.28 pbfactor:2.32 avgQpOffsetCutree:0.00;
in:63 out:64 type:b q:20.91 q-aq:21.02 q-noVbv:20.91 q-Rceq:0.98 tex:5532 mv:2925 misc:1823 icu:1.25 pcu:398.50 scu:1160.25 tlayer:4 pbqpoffset:7.28 pbfactor:2.32 avgQpOffsetCutree:0.00;
in:80 out:65 type:k q:12.12 q-aq:8.18 q-noVbv:12.12 q-Rceq:0.98 tex:561152 mv:24736 misc:2800 icu:1457.75 pcu:99.75 scu:2.50 tlayer:0 pbqpoffset:1.12 pbfactor:1.14 avgQpOffsetCutree:-5.65;
in:72 out:66 type:B q:15.18 q-aq:12.02 q-noVbv:15.18 q-Rceq:0.98 tex:321107 mv:27133 misc:3880 icu:826.75 pcu:666.25 scu:67.00 tlayer:1 pbqpoffset:2.43 pbfactor:1.32 avgQpOffsetCutree:-4.38;
in:68 out:67 type:B q:16.19 q-aq:13.47 q-noVbv:16.19 q-Rceq:0.98 tex:140384 mv:20266 misc:4550 icu:103.75 pcu:1106.75 scu:349.50 tlayer:2 pbqpoffset:3.12 pbfactor:1.43 avgQpOffsetCutree:-3.15;
in:66 out:68 type:B q:17.52 q-aq:16.19 q-noVbv:17.52 q-Rceq:0.98 tex:53080 mv:11046 misc:4114 icu:17.75 pcu:770.00 scu:772.25 tlayer:3 pbqpoffset:4.29 pbfactor:1.64 avgQpOffsetCutree:-1.71;
in:65 out:69 type:b q:20.59 q-aq:20.86 q-noVbv:20.59 q-Rceq:0.98 tex:2695 mv:2376 misc:1361 icu:0.50 pcu:243.00 scu:1316.50 tlayer:4 pbqpoffset:7.29 pbfactor:2.32 avgQpOffsetCutree:0.00;
in:67 out:70 type:b q:20.44 q-aq:20.21 q-noVbv:20.44 q-Rceq:0.98 tex:4223 mv:3244 misc:1701 icu:1.25 pcu:348.75 scu:1210.00 tlayer:4 pbqpoffset:7.29 pbfactor:2.32 avgQpOffsetCutree:0.00;
in:70 out:71 type:B q:17.20 q-aq:15.99 q-noVbv:17.20 q-Rceq:0.98 tex:65427 mv:12048 misc:4061 icu:31.00 pcu:879.00 scu:650.00 tlayer:3 pbqpoffset:4.29 pbfactor:1.64 avgQpOffsetCutree:-1.69;
in:69 out:72 type:b q:20.28 q-aq:20.04 q-noVbv:20.28 q-Rceq:0.98 tex:4323 mv:2877 misc:1520 icu:0.25 pcu:319.25 scu:1240.50 tlayer:4 pbqpoffset:7.29 pbfactor:2.32 avgQpOffsetCutree:0.00;
in:71 out:73 type:b q:20.12 q-aq:20.08 q-noVbv:20.12 q-Rceq:0.98 tex:4383 mv:2505 misc:1432 icu:1.50 pcu:310.25 scu:1248.25 tlayer:4 pbqpoffset:7.29 pbfactor:2.32 avgQpOffsetCutree:0.00;
in:76 out:74 type:B q:15.39 q-aq:12.80 q-noVbv:15.39 q-Rceq:0.98 tex:162782 mv:21019 misc:4911 icu:126.50 pcu:1131.25 scu:302.25 tlayer:2 pbqpoffset:2.95 pbfactor:1.41 avgQpOffsetCutree:-3.14;
in:74 out:75 type:B q:16.89 q-aq:15.69 q-noVbv:16.89 q-Rceq:0.98 tex:63479 mv:12642 misc:3799 icu:17.00 pcu:840.25 scu:702.75 tlayer:3 pbqpoffset:4.29 pbfactor:1.64 avgQpOffsetCutree:-1.67;
in:73 out:76 type:b q:19.96 q-aq:20.05 q-noVbv:19.96 q-Rceq:0.98 tex:5485 mv:3473 misc:1626 icu:2.50 pcu:265.00 scu:1292.50 tlayer:4 pbqpoffset:7.29 pbfactor:2.32 avgQpOffsetCutree:0.00;
in:75 out:77 type:b q:19.81 q-aq:20.01 q-noVbv:19.81 q-Rceq:0.98 tex:9368 mv:4430 misc:1778 icu:1.75 pcu:448.00 scu:1110.25 tlayer:4 pbqpoffset:7.29 pbfactor:2.32 avgQpOffsetCutree:0.00;
in:78 out:78 type:B q:16.57 q-aq:15.26 q-noVbv:16.57 q-Rceq:0.98 tex:65717 mv:11462 misc:3853 icu:18.25 pcu:864.25 scu:677.50 tlayer:3 pbqpoffset:4.29 pbfactor:1.64 avgQpOffsetCutree:-1.78;
in:77 out:79 type:b q:19.65 q-aq:20.00 q-noVbv:19.65 q-Rceq:0.98 tex:4778 mv:3398 misc:1560 icu:1.75 pcu:291.25 scu:1267.00 tlayer:4 pbqpoffset:7.29 pbfactor:2.32 avgQpOffsetCutree:0.00;
in:79 out:80 type:b q:19.49 q-aq:19.34 q-noVbv:19.49 q-Rceq:0.98 tex:5444 mv:3286 misc:1710 icu:1.00 pcu:241.50 scu:1317.50 tlayer:4 pbqpoffset:7.29 pbfactor:2.32 avgQpOffsetCutree:0.00;
in:96 out:81 type:k q:12.72 q-aq:8.54 q-noVbv:12.72 q-Rceq:0.98 tex:543377 mv:23136 misc:2479 icu:1546.25 pcu:13.75 scu:0.00 tlayer:0 pbqpoffset:1.16 pbfactor:1.14 avgQpOffsetCutree:-5.95;
in:88 out:82 type:B q:14.88 q-aq:11.85 q-noVbv:14.88 q-Rceq:0.98 tex:362512 mv:23326 misc:3682 icu:982.75 pcu:525.25 scu:52.00 tlayer:1 pbqpoffset:2.45 pbfactor:1.33 avgQpOffsetCutree:-4.36;
in:84 out:83 type:B q:15.45 q-aq:12.94 q-noVbv:15.45 q-Rceq:0.98 tex:160349 mv:19884 misc:4871 icu:120.00 pcu:1099.50 scu:340.50 tlayer:2 pbqpoffset:3.18 pbfactor:1.44 avgQpOffsetCutree:-3.16;
in:82 out:84 type:B q:16.51 q-aq:15.32 q-noVbv:16.51 q-Rceq:0.98 tex:72628 mv:13314 misc:4130 icu:27.00 pcu:832.75 scu:700.25 tlayer:3 pbqpoffset:4.32 pbfactor:1.65 avgQpOffsetCutree:-1.72;
in:81 out:85 type:b q:19.48 q-aq:19.19 q-noVbv:19.48 q-Rceq:0.98 tex:5296 mv:3595 misc:1805 icu:1.25 pcu:318.75 scu:1240.00 tlayer:4 pbqpoffset:7.32 pbfactor:2.33 avgQpOffsetCutree:0.00;
in:83 out:86 type:b q:19.55 q-aq:19.43 q-noVbv:19.55 q-Rceq:0.98 tex:11725 mv:4073 misc:2242 icu:2.25 pcu:412.25 scu:1145.50 tlayer:4 pbqpoffset:7.32 pbfactor:2.33 avgQpOffsetCutree:0.00;
in:86 out:87 type:B q:16.67 q-aq:15.50 q-noVbv:16.67 q-Rceq:0.98 tex:67534 mv:13490 misc:3984 icu:25.00 pcu:959.75 scu:575.25 tlayer:3 pbqpoffset:4.32 pbfactor:1.65 avgQpOffsetCutree:-1.70;
in:85 out:88 type:b q:19.63 q-aq:20.00 q-noVbv:19.63 q-Rceq:0.98 tex:5331 mv:3406 misc:1647 icu:2.50 pcu:361.25 scu:1196.25 tlayer:4 pbqpoffset:7.32 pbfactor:2.33 avgQpOffsetCutree:0.00;
in:87 out:89 type:b q:19.70 q-aq:20.01 q-noVbv:19.70 q-Rceq:0.98 tex:4880 mv:2877 misc:1411 icu:3.25 pcu:250.25 scu:1306.50 tlayer:4 pbqpoffset:7.32 pbfactor:2.33 avgQpOffsetCutree:0.00;
in:92 out:90 type:B q:15.87 q-aq:13.11 q-noVbv:15.87 q-Rceq:0.98 tex:144091 mv:18550 misc:4895 icu:134.75 pcu:1051.00 scu:374.25 tlayer:2 pbqpoffset:3.30 pbfactor:1.46 avgQpOffsetCutree:-3.22;
in:90 out:91 type:B q:16.82 q-aq:15.73 q-noVbv:16.82 q-Rceq:0.98 tex:71828 mv:13541 misc:4175 icu:21.75 pcu:1009.50 scu:528.75 tlayer:3 pbqpoffset:4.32 pbfactor:1.65 avgQpOffsetCutree:-1.66;
in:89 out:92 type:b q:19.78 q-aq:20.02 q-noVbv:19.78 q-Rceq:0.98 tex:5110 mv:2886 misc:1452 icu:0.50 pcu:251.25 scu:1308.25 tlayer:4 pbqpoffset:7.32 pbfactor:2.33 avgQpOffsetCutree:0.00;
in:91 out:93 type:b q:19.85 q-aq:20.02 q-noVbv:19.85 q-Rceq:0.98 tex:4404 mv:2495 misc:1381 icu:0.75 pcu:259.00 scu:1300.25 tlayer:4 pbqpoffset:7.32 pbfactor:2.33 avgQpOffsetCutree:0.00;
in:94 out:94 type:B q:16.97 q-aq:15.61 q-noVbv:16.97 q-Rceq:0.98 tex:56565 mv:11126 misc:4133 icu:20.25 pcu:878.25 scu:661.50 tlayer:3 pbqpoffset:4.32 pbfactor:1.65 avgQpOffsetCutree:-1.76;
in:93 out:95 type:b q:19.93 q-aq:20.01 q-noVbv:19.93 q-Rceq:0.98 tex:3842 mv:2477 misc:1353 icu:1.75 pcu:275.25 scu:1283.00 tlayer:4 pbqpoffset:7.32 pbfactor:2.33 avgQpOffsetCutree:0.00;
in:95 out:96 type:b q:20.01 q-aq:20.02 q-noVbv:20.01 q-Rceq:0.98 tex:3764 mv:2333 misc:1279 icu:3.50 pcu:202.25 scu:1354.25 tlayer:4 pbqpoffset:7.32 pbfactor:2.33 avgQpOffsetCutree:0.00;
in:112 out:97 type:k q:12.83 q-aq:8.72 q-noVbv:12.83 q-Rceq:0.98 tex:546943 mv:25659 misc:2838 icu:1462.25 pcu:95.50 scu:2.25 tlayer:0 pbqpoffset:1.40 pbfactor:1.17 avgQpOffsetCutree:-5.81;
in:104 out:98 type:B q:15.25 q-aq:11.89 q-noVbv:15.25 q-Rceq:0.98 tex:320218 mv:27916 misc:3842 icu:730.75 pcu:763.50 scu:65.75 tlayer:1 pbqpoffset:2.47 pbfactor:1.33 avgQpOffsetCutree:-4.50;
in:100 out:99 type:B q:16.13 q-aq:13.34 q-noVbv:16.13 q-Rceq:0.98 tex:135142 mv:18511 misc:4675 icu:92.50 pcu:1201.25 scu:266.25 tlayer:2 pbqpoffset:3.37 pbfactor:1.48 avgQpOffsetCutree:-3.24;
in:98 out:100 type:B q:17.07 q-aq:15.83 q-noVbv:17.07 q-Rceq:0.98 tex:49956 mv:10248 misc:3356 icu:8.25 pcu:919.00 scu:632.75 tlayer:3 pbqpoffset:4.33 pbfactor:1.65 avgQpOffsetCutree:-1.68;
in:97 out:101 type:b q:20.07 q-aq:20.01 q-noVbv:20.07 q-Rceq:0.98 tex:3551 mv:2377 misc:1384 icu:0.50 pcu:221.50 scu:1338.00 tlayer:4 pbqpoffset:7.33 pbfactor:2.33 avgQpOffsetCutree:0.00;
in:99 out:102 type:b q:20.08 q-aq:20.02 q-noVbv:20.08 q-Rceq:0.98 tex:4370 mv:3059 misc:1299 icu:0.75 pcu:403.00 scu:1156.25 tlayer:4 pbqpoffset:7.33 pbfactor:2.33 avgQpOffsetCutree:0.00;
in:102 out:103 type:B q:17.10 q-aq:15.75 q-noVbv:17.10 q-Rceq:0.98 tex:50908 mv:10709 misc:3791 icu:15.75 pcu:884.25 scu:660.00 tlayer:3 pbqpoffset:4.33 pbfactor:1.65 avgQpOffsetCutree:-1.74;
in:101 out:104 type:b q:20.09 q-aq:20.03 q-noVbv:20.09 q-Rceq:0.98 tex:3763 mv:2544 misc:1349 icu:0.25 pcu:245.25 scu:1314.50 tlayer:4 pbqpoffset:7.33 pbfactor:2.33 avgQpOffsetCutree:0.00;
in:103 out:105 type:b q:20.11 q-aq:20.03 q-noVbv:20.11 q-Rceq:0.98 tex:3506 mv:2063 misc:1103 icu:0.50 pcu:225.00 scu:1334.50 tlayer:4 pbqpoffset:7.33 pbfactor:2.33 avgQpOffsetCutree:0.00;
in:108 out:106 type:B q:16.09 q-aq:13.34 q-noVbv:16.09 q-Rceq:0.98 tex:139941 mv:19640 misc:5051 icu:109.25 pcu:1104.25 scu:346.50 tlayer:2 pbqpoffset:3.28 pbfactor:1.46 avgQpOffsetCutree:-3.23;
in:106 out:107 type:B q:17.13 q-aq:15.83 q-noVbv:17.13 q-Rceq:0.98 tex:54091 mv:11833 misc:3652 icu:16.25 pcu:955.25 scu:588.50 tlayer:3 pbqpoffset:4.33 pbfactor:1.65 avgQpOffsetCutree:-1.69;
in:105 out:108 type:b q:20.12 q-aq:20.03 q-noVbv:20.12 q-Rceq:0.98 tex:4471 mv:2378 misc:1311 icu:1.00 pcu:229.00 scu:1330.00 tlayer:4 pbqpoffset:7.33 pbfactor:2.33 avgQpOffsetCutree:0.00;
in:107 out:109 type:b q:20.13 q-aq:20.03 q-noVbv:20.13 q-Rceq:0.98 tex:3659 mv:2753 misc:1332 icu:1.00 pcu:239.25 scu:1319.75 tlayer:4 pbqpoffset:7.33 pbfactor:2.33 avgQpOffsetCutree:0.00;
in:110 out:110 type:B q:17.15 q-aq:15.91 q-noVbv:17.15 q-Rceq:0.98 tex:49727 mv:10495 misc:3626 icu:15.75 pcu:819.75 scu:724.50 tlayer:3 pbqpoffset:4.33 pbfactor:1.65 avgQpOffsetCutree:-1.76;
in:109 out:111 type:b q:20.15 q-aq:20.03 q-noVbv:20.15 q-Rceq:0.98 tex:4164 mv:2392 misc:1164 icu:0.50 pcu:197.00 scu:1362.50 tlayer:4 pbqpoffset:7.33 pbfactor:2.33 avgQpOffsetCutree:0.00;
in:111 out:112 type:b q:20.16 q-aq:20.03 q-noVbv:20.16 q-Rceq:0.98 tex:3484 mv:1925 misc:1175 icu:0.25 pcu:164.75 scu:1395.00 tlayer:4 pbqpoffset:7.33 pbfactor:2.33 avgQpOffsetCutree:0.00;
in:116 out:113 type:k q:14.67 q-aq:10.41 q-noVbv:14.67 q-Rceq:0.98 tex:379462 mv:27391 misc:3691 icu:751.00 pcu:759.75 scu:49.25 tlayer:0 pbqpoffset:1.28 pbfactor:1.16 avgQpOffsetCutree:-5.26;
in:114 out:114 type:B q:16.60 q-aq:15.25 q-noVbv:16.60 q-Rceq:0.98 tex:58944 mv:12624 misc:3984 icu:21.25 pcu:833.00 scu:705.75 tlayer:1 pbqpoffset:2.85 pbfactor:1.39 avgQpOffsetCutree:-1.74;
in:113 out:115 type:b q:20.02 q-aq:20.01 q-noVbv:20.02 q-Rceq:0.98 tex:3448 mv:2004 misc:1156 icu:1.50 pcu:190.75 scu:1367.75 tlayer:2 pbqpoffset:6.73 pbfactor:2.18 avgQpOffsetCutree:0.00;
in:115 out:116 type:b q:20.88 q-aq:21.01 q-noVbv:20.88 q-Rceq:0.98 tex:3502 mv:2447 misc:1235 icu:1.50 pcu:225.00 scu:1333.50 tlayer:2 pbqpoffset:6.67 pbfactor:2.16 avgQpOffsetCutree:0.00;
in:132 out:117 type:k q:13.45 q-aq:9.59 q-noVbv:13.45 q-Rceq:0.98 tex:529046 mv:21752 misc:2538 icu:1542.50 pcu:17.50 scu:0.00 tlayer:0 pbqpoffset:1.29 pbfactor:1.16 avgQpOffsetCutree:-5.58;
in:124 out:118 type:B q:16.11 q-aq:12.59 q-noVbv:16.11 q-Rceq:0.98 tex:315415 mv:26047 misc:3586 icu:736.25 pcu:785.25 scu:38.50 tlayer:1 pbqpoffset:2.05 pbfactor:1.27 avgQpOffsetCutree:-4.45;
in:120 out:119 type:B q:16.47 q-aq:13.92 q-noVbv:16.47 q-Rceq:0.98 tex:245432 mv:23845 misc:3899 icu:426.50 pcu:1051.50 scu:82.00 tlayer:2 pbqpoffset:2.11 pbfactor:1.28 avgQpOffsetCutree:-3.30;
in:118 out:120 type:B q:18.43 q-aq:16.87 q-noVbv:18.43 q-Rceq:0.98 tex:40072 mv:11048 misc:3616 icu:11.50 pcu:799.00 scu:749.50 tlayer:3 pbqpoffset:3.92 pbfactor:1.57 avgQpOffsetCutree:-1.70;
in:117 out:121 type:b q:21.51 q-aq:21.65 q-noVbv:21.51 q-Rceq:0.98 tex:2433 mv:2621 misc:1242 icu:1.00 pcu:240.00 scu:1319.00 tlayer:4 pbqpoffset:6.92 pbfactor:2.22 avgQpOffsetCutree:0.00;
in:119 out:122 type:b q:21.35 q-aq:21.14 q-noVbv:21.35 q-Rceq:0.98 tex:2309 mv:2309 misc:1062 icu:1.00 pcu:285.50 scu:1273.50 tlayer:4 pbqpoffset:6.92 pbfactor:2.22 avgQpOffsetCutree:0.00;
in:122 out:123 type:B q:18.13 q-aq:16.49 q-noVbv:18.13 q-Rceq:0.98 tex:45079 mv:11963 misc:3822 icu:18.75 pcu:778.25 scu:763.00 tlayer:3 pbqpoffset:3.92 pbfactor:1.57 avgQpOffsetCutree:-1.75;
in:121 out:124 type:b q:21.20 q-aq:21.02 q-noVbv:21.20 q-Rceq:0.98 tex:1929 mv:2067 misc:1084 icu:0.00 pcu:198.00 scu:1362.00 tlayer:4 pbqpoffset:6.92 pbfactor:2.22 avgQpOffsetCutree:0.00;
in:123 out:125 type:b q:21.05 q-aq:21.00 q-noVbv:21.05 q-Rceq:0.98 tex:2811 mv:2095 misc:982 icu:0.25 pcu:246.50 scu:1313.25 tlayer:4 pbqpoffset:6.92 pbfactor:2.22 avgQpOffsetCutree:0.00;
in:128 out:126 type:B q:15.81 q-aq:13.43 q-noVbv:15.81 q-Rceq:0.98 tex:279608 mv:22904 misc:3824 icu:552.25 pcu:927.00 scu:80.75 tlayer:2 pbqpoffset:2.05 pbfactor:1.27 avgQpOffsetCutree:-3.19;
in:126 out:127 type:B q:17.82 q-aq:16.40 q-noVbv:17.82 q-Rceq:0.98 tex:47336 mv:12231 misc:3841 icu:17.00 pcu:882.25 scu:660.75 tlayer:3 pbqpoffset:3.92 pbfactor:1.57 avgQpOffsetCutree:-1.73;
in:125 out:128 type:b q:20.90 q-aq:21.00 q-noVbv:20.90 q-Rceq:0.98 tex:2995 mv:1996 misc:905 icu:0.25 pcu:258.25 scu:1301.50 tlayer:4 pbqpoffset:6.92 pbfactor:2.22 avgQpOffsetCutree:0.00;
in:127 out:129 type:b q:20.75 q-aq:21.01 q-noVbv:20.75 q-Rceq:0.98 tex:1735 mv:2013 misc:1052 icu:0.00 pcu:321.00 scu:1239.00 tlayer:4 pbqpoffset:6.92 pbfactor:2.22 avgQpOffsetCutree:0.00;
in:130 out:130 type:B q:17.52 q-aq:16.02 q-noVbv:17.52 q-Rceq:0.98 tex:47556 mv:12144 misc:3804 icu:13.50 pcu:736.75 scu:809.75 tlayer:3 pbqpoffset:3.92 pbfactor:1.57 avgQpOffsetCutree:-1.75;
in:129 out:131 type:b q:20.59 q-aq:21.00 q-noVbv:20.59 q-Rceq:0.98 tex:1911 mv:1699 misc:934 icu:1.00 pcu:221.75 scu:1337.25 tlayer:4 pbqpoffset:6.92 pbfactor:2.22 avgQpOffsetCutree:0.00;
in:131 out:132 type:b q:20.44 q-aq:20.58 q-noVbv:20.44 q-Rceq:0.98 tex:2566 mv:2392 misc:1298 icu:0.50 pcu:222.50 scu:1337.00 tlayer:4 pbqpoffset:6.92 pbfactor:2.22 avgQpOffsetCutree:0.00;
in:139 out:133 type:k q:14.32 q-aq:11.71 q-noVbv:14.32 q-Rceq:0.98 tex:342273 mv:27709 misc:3722 icu:770.75 pcu:747.25 scu:42.00 tlayer:0 pbqpoffset:1.29 pbfactor:1.16 avgQpOffsetCutree:-3.71;
in:136 out:134 type:B q:16.04 q-aq:13.44 q-noVbv:16.04 q-Rceq:0.98 tex:196433 mv:26480 misc:4375 icu:162.25 pcu:1263.75 scu:134.00 tlayer:1 pbqpoffset:2.10 pbfactor:1.27 avgQpOffsetCutree:-2.98;
in:134 out:135 type:B q:16.79 q-aq:15.40 q-noVbv:16.79 q-Rceq:0.98 tex:54763 mv:13365 misc:3928 icu:11.50 pcu:863.25 scu:685.25 tlayer:2 pbqpoffset:3.09 pbfactor:1.43 avgQpOffsetCutree:-1.71;
in:133 out:136 type:b q:20.53 q-aq:20.85 q-noVbv:20.53 q-Rceq:0.98 tex:2132 mv:2372 misc:1200 icu:0.50 pcu:199.25 scu:1360.25 tlayer:3 pbqpoffset:6.96 pbfactor:2.23 avgQpOffsetCutree:0.00;
in:135 out:137 type:b q:20.37 q-aq:20.14 q-noVbv:20.37 q-Rceq:0.98 tex:2042 mv:2370 misc:1188 icu:0.25 pcu:347.25 scu:1212.50 tlayer:3 pbqpoffset:6.54 pbfactor:2.13 avgQpOffsetCutree:0.00;
in:138 out:138 type:B q:18.16 q-aq:17.85 q-noVbv:18.16 q-Rceq:0.98 tex:18432 mv:11048 misc:2984 icu:3.00 pcu:902.25 scu:654.75 tlayer:2 pbqpoffset:3.96 pbfactor:1.58 avgQpOffsetCutree:-0.92;
in:137 out:139 type:b q:21.03 q-aq:21.00 q-noVbv:21.03 q-Rceq:0.98 tex:1686 mv:2038 misc:932 icu:0.25 pcu:210.75 scu:1349.00 tlayer:3 pbqpoffset:6.96 pbfactor:2.23 avgQpOffsetCutree:0.00;
in:140 out:140 type:i q:18.10 q-aq:10.91 q-noVbv:18.10 q-Rceq:0.98 tex:509044 mv:37745 misc:2883 icu:1560.00 pcu:0.00 scu:0.00 tlayer:0 pbqpoffset:1.29 pbfactor:1.16 avgQpOffsetCutree:-6.40;
in:156 out:141 type:k q:17.02 q-aq:10.86 q-noVbv:17.02 q-Rceq:0.98 tex:498792 mv:44587 misc:3021 icu:1060.25 pcu:491.25 scu:8.50 tlayer:0 pbqpoffset:1.32 pbfactor:1.16 avgQpOffsetCutree:-6.42;
in:148 out:142 type:B q:18.90 q-aq:13.22 q-noVbv:18.90 q-Rceq:0.98 tex:195361 mv:29820 misc:4387 icu:167.00 pcu:1214.00 scu:179.00 tlayer:1 pbqpoffset:1.88 pbfactor:1.24 avgQpOffsetCutree:-4.97;
in:144 out:143 type:B q:19.92 q-aq:16.20 q-noVbv:19.92 q-Rceq:0.98 tex:52277 mv:15126 misc:3445 icu:44.50 pcu:817.00 scu:698.50 tlayer:2 pbqpoffset:2.91 pbfactor:1.40 avgQpOffsetCutree:-3.21;
in:142 out:144 type:B q:20.71 q-aq:19.29 q-noVbv:20.71 q-Rceq:0.98 tex:1900 mv:2513 misc:1059 icu:0.00 pcu:438.25 scu:1121.75 tlayer:3 pbqpoffset:3.70 pbfactor:1.53 avgQpOffsetCutree:-1.67;
in:141 out:145 type:b q:23.71 q-aq:24.00 q-noVbv:23.71 q-Rceq:0.98 tex:30 mv:339 misc:287 icu:0.00 pcu:52.25 scu:1507.75 tlayer:4 pbqpoffset:6.70 pbfactor:2.17 avgQpOffsetCutree:0.00;
in:143 out:146 type:b q:23.71 q-aq:24.00 q-noVbv:23.71 q-Rceq:0.98 tex:12 mv:508 misc:344 icu:0.00 pcu:141.00 scu:1419.00 tlayer:4 pbqpoffset:6.70 pbfactor:2.17 avgQpOffsetCutree:0.00;
in:146 out:147 type:B q:20.71 q-aq:19.42 q-noVbv:20.71 q-Rceq:0.98 tex:3011 mv:3022 misc:1239 icu:0.00 pcu:456.75 scu:1103.25 tlayer:3 pbqpoffset:3.70 pbfactor:1.53 avgQpOffsetCutree:-1.71;
in:145 out:148 type:b q:23.71 q-aq:24.00 q-noVbv:23.71 q-Rceq:0.98 tex:148 mv:376 misc:316 icu:0.00 pcu:53.00 scu:1507.00 tlayer:4 pbqpoffset:6.70 pbfactor:2.17 avgQpOffsetCutree:0.00;
in:147 out:149 type:b q:23.71 q-aq:24.00 q-noVbv:23.71 q-Rceq:0.98 tex:7 mv:338 misc:287 icu:0.00 pcu:58.50 scu:1501.50 tlayer:4 pbqpoffset:6.70 pbfactor:2.17 avgQpOffsetCutree:0.00;
in:152 out:150 type:B q:19.39 q-aq:16.07 q-noVbv:19.39 q-Rceq:0.98 tex:106860 mv:25342 misc:4142 icu:97.25 pcu:1187.50 scu:275.25 tlayer:2 pbqpoffset:2.38 pbfactor:1.32 avgQpOffsetCutree:-2.92;
in:150 out:151 type:B q:20.71 q-aq:19.24 q-noVbv:20.71 q-Rceq:0.98 tex:2314 mv:2295 misc:1215 icu:0.25 pcu:299.50 scu:1260.25 tlayer:3 pbqpoffset:3.70 pbfactor:1.53 avgQpOffsetCutree:-1.51;
in:149 out:152 type:b q:23.71 q-aq:24.00 q-noVbv:23.71 q-Rceq:0.98 tex:68 mv:391 misc:325 icu:0.00 pcu:82.25 scu:1477.75 tlayer:4 pbqpoffset:6.70 pbfactor:2.17 avgQpOffsetCutree:0.00;
in:151 out:153 type:b q:23.71 q-aq:24.00 q-noVbv:23.71 q-Rceq:0.98 tex:10 mv:373 misc:313 icu:0.00 pcu:123.00 scu:1437.00 tlayer:4 pbqpoffset:6.70 pbfactor:2.17 avgQpOffsetCutree:0.00;
in:154 out:154 type:B q:20.69 q-aq:19.16 q-noVbv:20.69 q-Rceq:0.98 tex:3559 mv:3518 misc:1435 icu:0.50 pcu:762.25 scu:797.25 tlayer:3 pbqpoffset:3.67 pbfactor:1.53 avgQpOffsetCutree:-1.61;
in:153 out:155 type:b q:23.71 q-aq:24.00 q-noVbv:23.71 q-Rceq:0.98 tex:59 mv:492 misc:329 icu:0.00 pcu:43.75 scu:1516.25 tlayer:4 pbqpoffset:6.70 pbfactor:2.17 avgQpOffsetCutree:0.00;
in:155 out:156 type:b q:23.71 q-aq:24.00 q-noVbv:23.71 q-Rceq:0.98 tex:8 mv:478 misc:322 icu:0.00 pcu:81.00 scu:1479.00 tlayer:4 pbqpoffset:6.70 pbfactor:2.17 avgQpOffsetCutree:0.00;
in:172 out:157 type:k q:16.17 q-aq:8.99 q-noVbv:16.17 q-Rceq:0.98 tex:530476 mv:50019 misc:3537 icu:1113.00 pcu:433.75 scu:13.25 tlayer:0 pbqpoffset:1.33 pbfactor:1.17 avgQpOffsetCutree:-7.40;
in:164 out:158 type:B q:17.97 q-aq:12.53 q-noVbv:17.97 q-Rceq:0.98 tex:222251 mv:31566 misc:4423 icu:175.00 pcu:1159.25 scu:225.75 tlayer:1 pbqpoffset:1.37 pbfactor:1.17 avgQpOffsetCutree:-4.99;
in:160 out:159 type:B q:18.43 q-aq:14.81 q-noVbv:18.43 q-Rceq:0.98 tex:153124 mv:26388 misc:4432 icu:111.25 pcu:1147.50 scu:301.25 tlayer:2 pbqpoffset:1.63 pbfactor:1.21 avgQpOffsetCutree:-3.29;
in:158 out:160 type:B q:20.15 q-aq:18.32 q-noVbv:20.15 q-Rceq:0.98 tex:5227 mv:2831 misc:1566 icu:3.50 pcu:490.25 scu:1066.25 tlayer:3 pbqpoffset:3.24 pbfactor:1.45 avgQpOffsetCutree:-1.68;
in:157 out:161 type:b q:23.20 q-aq:23.00 q-noVbv:23.20 q-Rceq:0.98 tex:15 mv:479 misc:338 icu:0.00 pcu:137.00 scu:1423.00 tlayer:4 pbqpoffset:6.24 pbfactor:2.06 avgQpOffsetCutree:0.00;
in:159 out:162 type:b q:23.09 q-aq:23.00 q-noVbv:23.09 q-Rceq:0.98 tex:39 mv:493 misc:396 icu:0.00 pcu:92.00 scu:1468.00 tlayer:4 pbqpoffset:6.24 pbfactor:2.06 avgQpOffsetCutree:0.00;
in:162 out:163 type:B q:19.94 q-aq:18.38 q-noVbv:19.94 q-Rceq:0.98 tex:3280 mv:3094 misc:1226 icu:0.25 pcu:451.00 scu:1108.75 tlayer:3 pbqpoffset:3.24 pbfactor:1.45 avgQpOffsetCutree:-1.66;
in:161 out:164 type:b q:22.99 q-aq:23.00 q-noVbv:22.99 q-Rceq:0.98 tex:82 mv:562 misc:356 icu:0.00 pcu:89.50 scu:1470.50 tlayer:4 pbqpoffset:6.24 pbfactor:2.06 avgQpOffsetCutree:0.00;
in:163 out:165 type:b q:22.88 q-aq:23.00 q-noVbv:22.88 q-Rceq:0.98 tex:16 mv:572 misc:420 icu:0.00 pcu:156.75 scu:1403.25 tlayer:4 pbqpoffset:6.24 pbfactor:2.06 avgQpOffsetCutree:0.00;
in:168 out:166 type:B q:18.38 q-aq:15.02 q-noVbv:18.38 q-Rceq:0.98 tex:104442 mv:23931 misc:4051 icu:50.25 pcu:1106.00 scu:403.75 tlayer:2 pbqpoffset:1.99 pbfactor:1.26 avgQpOffsetCutree:-3.19;
in:166 out:167 type:B q:19.73 q-aq:18.44 q-noVbv:19.73 q-Rceq:0.98 tex:4228 mv:3018 misc:1290 icu:1.00 pcu:310.25 scu:1248.75 tlayer:3 pbqpoffset:3.24 pbfactor:1.45 avgQpOffsetCutree:-1.73;
in:165 out:168 type:b q:22.78 q-aq:23.00 q-noVbv:22.78 q-Rceq:0.98 tex:13 mv:466 misc:345 icu:0.00 pcu:138.00 scu:1422.00 tlayer:4 pbqpoffset:6.24 pbfactor:2.06 avgQpOffsetCutree:0.00;
in:167 out:169 type:b q:22.67 q-aq:23.00 q-noVbv:22.67 q-Rceq:0.98 tex:8 mv:355 misc:293 icu:0.00 pcu:69.00 scu:1491.00 tlayer:4 pbqpoffset:6.24 pbfactor:2.06 avgQpOffsetCutree:0.00;
in:170 out:170 type:B q:19.51 q-aq:18.33 q-noVbv:19.51 q-Rceq:0.98 tex:4113 mv:2928 misc:1279 icu:0.75 pcu:323.00 scu:1236.25 tlayer:3 pbqpoffset:3.24 pbfactor:1.45 avgQpOffsetCutree:-1.68;
in:169 out:171 type:b q:22.57 q-aq:23.00 q-noVbv:22.57 q-Rceq:0.98 tex:70 mv:519 misc:347 icu:0.00 pcu:139.00 scu:1421.00 tlayer:4 pbqpoffset:6.24 pbfactor:2.06 avgQpOffsetCutree:0.00;
in:171 out:172 type:b q:22.46 q-aq:22.00 q-noVbv:22.46 q-Rceq:0.98 tex:114 mv:540 misc:362 icu:0.00 pcu:121.50 scu:1438.50 tlayer:4 pbqpoffset:6.24 pbfactor:2.06 avgQpOffsetCutree:0.00;
in:188 out:173 type:k q:13.58 q-aq:7.56 q-noVbv:13.58 q-Rceq:0.98 tex:642449 mv:54777 misc:3222 icu:1086.00 pcu:461.25 scu:12.75 tlayer:0 pbqpoffset:0.92 pbfactor:1.11 avgQpOffsetCutree:-6.52;
in:180 out:174 type:B q:16.31 q-aq:10.89 q-noVbv:16.31 q-Rceq:0.98 tex:263404 mv:38316 misc:4568 icu:221.75 pcu:1176.75 scu:161.50 tlayer:1 pbqpoffset:1.44 pbfactor:1.18 avgQpOffsetCutree:-5.05;
in:176 out:175 type:B q:17.53 q-aq:14.10 q-noVbv:17.53 q-Rceq:0.98 tex:111444 mv:26437 misc:3911 icu:44.75 pcu:1146.75 scu:368.50 tlayer:2 pbqpoffset:2.00 pbfactor:1.26 avgQpOffsetCutree:-3.24;
in:174 out:176 type:B q:19.02 q-aq:17.36 q-noVbv:19.02 q-Rceq:0.98 tex:3356 mv:3177 misc:1307 icu:2.75 pcu:318.25 scu:1239.00 tlayer:3 pbqpoffset:3.17 pbfactor:1.44 avgQpOffsetCutree:-1.78;
in:173 out:177 type:b q:22.18 q-aq:22.00 q-noVbv:22.18 q-Rceq:0.98 tex:71 mv:496 misc:393 icu:0.00 pcu:59.75 scu:1500.25 tlayer:4 pbqpoffset:6.17 pbfactor:2.04 avgQpOffsetCutree:0.00;
in:175 out:178 type:b q:21.86 q-aq:22.00 q-noVbv:21.86 q-Rceq:0.98 tex:16 mv:539 misc:405 icu:0.00 pcu:107.75 scu:1452.25 tlayer:4 pbqpoffset:6.17 pbfactor:2.04 avgQpOffsetCutree:0.00;
in:178 out:179 type:B q:18.37 q-aq:16.60 q-noVbv:18.37 q-Rceq:0.98 tex:5462 mv:3321 misc:1521 icu:1.25 pcu:458.00 scu:1100.75 tlayer:3 pbqpoffset:3.17 pbfactor:1.44 avgQpOffsetCutree:-1.67;
in:177 out:180 type:b q:21.54 q-aq:21.92 q-noVbv:21.54 q-Rceq:0.98 tex:108 mv:660 misc:488 icu:0.00 pcu:145.25 scu:1414.75 tlayer:4 pbqpoffset:6.17 pbfactor:2.04 avgQpOffsetCutree:0.00;
in:179 out:181 type:b q:21.21 q-aq:21.00 q-noVbv:21.21 q-Rceq:0.98 tex:230 mv:704 misc:514 icu:1.00 pcu:165.25 scu:1393.75 tlayer:4 pbqpoffset:6.17 pbfactor:2.04 avgQpOffsetCutree:0.00;
in:184 out:182 type:B q:16.13 q-aq:12.86 q-noVbv:16.13 q-Rceq:0.98 tex:161829 mv:28708 misc:4503 icu:71.00 pcu:1166.25 scu:322.75 tlayer:2 pbqpoffset:1.90 pbfactor:1.25 avgQpOffsetCutree:-3.03;
in:182 out:183 type:B q:17.73 q-aq:16.28 q-noVbv:17.73 q-Rceq:0.98 tex:7801 mv:2990 misc:1737 icu:1.00 pcu:484.75 scu:1074.25 tlayer:3 pbqpoffset:3.17 pbfactor:1.44 avgQpOffsetCutree:-1.70;
in:181 out:184 type:b q:20.89 q-aq:21.00 q-noVbv:20.89 q-Rceq:0.98 tex:432 mv:643 misc:461 icu:0.00 pcu:136.50 scu:1423.50 tlayer:4 pbqpoffset:6.17 pbfactor:2.04 avgQpOffsetCutree:0.00;
in:183 out:185 type:b q:20.56 q-aq:20.72 q-noVbv:20.56 q-Rceq:0.98 tex:174 mv:515 misc:447 icu:0.00 pcu:153.75 scu:1406.25 tlayer:4 pbqpoffset:6.17 pbfactor:2.04 avgQpOffsetCutree:0.00;
in:186 out:186 type:B q:17.08 q-aq:15.59 q-noVbv:17.08 q-Rceq:0.98 tex:8344 mv:3848 misc:1824 icu:4.75 pcu:575.50 scu:979.75 tlayer:3 pbqpoffset:3.17 pbfactor:1.44 avgQpOffsetCutree:-1.60;
in:185 out:187 type:b q:20.24 q-aq:20.00 q-noVbv:20.24 q-Rceq:0.98 tex:281 mv:780 misc:683 icu:0.00 pcu:204.50 scu:1355.50 tlayer:4 pbqpoffset:6.17 pbfactor:2.04 avgQpOffsetCutree:0.00;
in:187 out:188 type:b q:19.92 q-aq:20.00 q-noVbv:19.92 q-Rceq:0.98 tex:163 mv:766 misc:559 icu:0.00 pcu:146.00 scu:1414.00 tlayer:4 pbqpoffset:6.17 pbfactor:2.04 avgQpOffsetCutree:0.00;
in:204 out:189 type:k q:13.58 q-aq:6.17 q-noVbv:13.58 q-Rceq:0.98 tex:663587 mv:56730 misc:3355 icu:1108.00 pcu:440.25 scu:11.75 tlayer:0 pbqpoffset:0.70 pbfactor:1.08 avgQpOffsetCutree:-7.62;
in:196 out:190 type:B q:14.86 q-aq:9.54 q-noVbv:14.86 q-Rceq:0.98 tex:287837 mv:35930 misc:4401 icu:182.25 pcu:1225.50 scu:152.25 tlayer:1 pbqpoffset:1.28 pbfactor:1.16 avgQpOffsetCutree:-5.16;
in:192 out:191 type:B q:15.00 q-aq:11.81 q-noVbv:15.00 q-Rceq:0.98 tex:207151 mv:29332 misc:4621 icu:146.75 pcu:1175.00 scu:238.25 tlayer:2 pbqpoffset:1.42 pbfactor:1.18 avgQpOffsetCutree:-3.15;
in:190 out:192 type:B q:16.63 q-aq:15.03 q-noVbv:16.63 q-Rceq:0.98 tex:9850 mv:3934 misc:2360 icu:0.75 pcu:655.00 scu:904.25 tlayer:3 pbqpoffset:3.05 pbfactor:1.42 avgQpOffsetCutree:-1.70;
in:189 out:193 type:b q:19.63 q-aq:19.72 q-noVbv:19.63 q-Rceq:0.98 tex:698 mv:609 misc:597 icu:0.00 pcu:137.25 scu:1422.75 tlayer:4 pbqpoffset:6.05 pbfactor:2.01 avgQpOffsetCutree:0.00;
in:191 out:194 type:b q:19.63 q-aq:20.00 q-noVbv:19.63 q-Rceq:0.98 tex:126 mv:685 misc:517 icu:0.00 pcu:228.50 scu:1331.50 tlayer:4 pbqpoffset:6.05 pbfactor:2.01 avgQpOffsetCutree:0.00;
in:194 out:195 type:B q:16.63 q-aq:15.15 q-noVbv:16.63 q-Rceq:0.98 tex:7555 mv:3538 misc:1915 icu:7.50 pcu:377.25 scu:1175.25 tlayer:3 pbqpoffset:3.05 pbfactor:1.42 avgQpOffsetCutree:-1.75;
in:193 out:196 type:b q:19.63 q-aq:19.60 q-noVbv:19.63 q-Rceq:0.98 tex:578 mv:634 misc:460 icu:0.00 pcu:77.50 scu:1482.50 tlayer:4 pbqpoffset:6.05 pbfactor:2.01 avgQpOffsetCutree:0.00;
in:195 out:197 type:b q:19.63 q-aq:20.00 q-noVbv:19.63 q-Rceq:0.98 tex:29 mv:488 misc:363 icu:0.00 pcu:148.25 scu:1411.75 tlayer:4 pbqpoffset:6.05 pbfactor:2.01 avgQpOffsetCutree:0.00;
in:200 out:198 type:B q:15.56 q-aq:12.19 q-noVbv:15.56 q-Rceq:0.98 tex:117253 mv:24563 misc:4016 icu:49.25 pcu:1197.50 scu:313.25 tlayer:2 pbqpoffset:1.99 pbfactor:1.26 avgQpOffsetCutree:-3.18;
in:198 out:199 type:B q:16.63 q-aq:15.25 q-noVbv:16.63 q-Rceq:0.98 tex:10006 mv:3879 misc:2083 icu:6.00 pcu:566.75 scu:987.25 tlayer:3 pbqpoffset:3.05 pbfactor:1.42 avgQpOffsetCutree:-1.66;
in:197 out:200 type:b q:19.63 q-aq:20.00 q-noVbv:19.63 q-Rceq:0.98 tex:241 mv:480 misc:407 icu:0.00 pcu:79.25 scu:1480.75 tlayer:4 pbqpoffset:6.05 pbfactor:2.01 avgQpOffsetCutree:0.00;
in:199 out:201 type:b q:19.63 q-aq:20.00 q-noVbv:19.63 q-Rceq:0.98 tex:376 mv:530 misc:414 icu:1.00 pcu:129.25 scu:1429.75 tlayer:4 pbqpoffset:6.05 pbfactor:2.01 avgQpOffsetCutree:0.00;
in:202 out:202 type:B q:16.63 q-aq:15.15 q-noVbv:16.63 q-Rceq:0.98 tex:5459 mv:3170 misc:1419 icu:2.50 pcu:475.00 scu:1082.50 tlayer:3 pbqpoffset:3.05 pbfactor:1.42 avgQpOffsetCutree:-1.69;
in:201 out:203 type:b q:19.63 q-aq:20.00 q-noVbv:19.63 q-Rceq:0.98 tex:485 mv:515 misc:376 icu:0.25 pcu:145.00 scu:1414.75 tlayer:4 pbqpoffset:6.05 pbfactor:2.01 avgQpOffsetCutree:0.00;
in:203 out:204 type:b q:19.63 q-aq:20.00 q-noVbv:19.63 q-Rceq:0.98 tex:109 mv:445 misc:358 icu:0.00 pcu:105.00 scu:1455.00 tlayer:4 pbqpoffset:6.05 pbfactor:2.01 avgQpOffsetCutree:0.00;
in:220 out:205 type:k q:13.65 q-aq:7.74 q-noVbv:13.65 q-Rceq:0.98 tex:585440 mv:54046 misc:3250 icu:1055.75 pcu:482.50 scu:21.75 tlayer:0 pbqpoffset:0.24 pbfactor:1.03 avgQpOffsetCutree:-6.35;
in:212 out:206 type:B q:14.81 q-aq:9.52 q-noVbv:14.81 q-Rceq:0.98 tex:258762 mv:38441 misc:4525 icu:217.50 pcu:1190.00 scu:152.50 tlayer:1 pbqpoffset:1.20 pbfactor:1.15 avgQpOffsetCutree:-5.07;
in:208 out:207 type:B q:15.41 q-aq:12.07 q-noVbv:15.41 q-Rceq:0.98 tex:114457 mv:24654 misc:4161 icu:30.75 pcu:1157.50 scu:371.75 tlayer:2 pbqpoffset:1.82 pbfactor:1.23 avgQpOffsetCutree:-3.21;
in:206 out:208 type:B q:16.50 q-aq:15.09 q-noVbv:16.50 q-Rceq:0.98 tex:4409 mv:2743 misc:1312 icu:6.00 pcu:391.00 scu:1163.00 tlayer:3 pbqpoffset:2.91 pbfactor:1.40 avgQpOffsetCutree:-1.73;
in:205 out:209 type:b q:19.50 q-aq:19.13 q-noVbv:19.50 q-Rceq:0.98 tex:233 mv:570 misc:469 icu:0.00 pcu:102.25 scu:1457.75 tlayer:4 pbqpoffset:5.91 pbfactor:1.98 avgQpOffsetCutree:0.00;
in:207 out:210 type:b q:19.51 q-aq:19.93 q-noVbv:19.51 q-Rceq:0.98 tex:559 mv:532 misc:429 icu:0.00 pcu:80.00 scu:1480.00 tlayer:4 pbqpoffset:5.91 pbfactor:1.98 avgQpOffsetCutree:0.00;
in:210 out:211 type:B q:16.52 q-aq:15.11 q-noVbv:16.52 q-Rceq:0.98 tex:6480 mv:4602 misc:1654 icu:1.00 pcu:721.50 scu:837.50 tlayer:3 pbqpoffset:2.91 pbfactor:1.40 avgQpOffsetCutree:-1.69;
in:209 out:212 type:b q:19.52 q-aq:19.93 q-noVbv:19.52 q-Rceq:0.98 tex:370 mv:546 misc:388 icu:0.00 pcu:129.00 scu:1431.00 tlayer:4 pbqpoffset:5.91 pbfactor:1.98 avgQpOffsetCutree:0.00;
in:211 out:213 type:b q:19.52 q-aq:19.87 q-noVbv:19.52 q-Rceq:0.98 tex:412 mv:439 misc:389 icu:0.00 pcu:112.50 scu:1447.50 tlayer:4 pbqpoffset:5.91 pbfactor:1.98 avgQpOffsetCutree:0.00;
in:216 out:214 type:B q:15.23 q-aq:12.21 q-noVbv:15.23 q-Rceq:0.98 tex:131386 mv:25086 misc:4280 icu:53.00 pcu:1175.50 scu:331.50 tlayer:2 pbqpoffset:1.60 pbfactor:1.20 avgQpOffsetCutree:-3.02;
in:214 out:215 type:B q:16.54 q-aq:14.94 q-noVbv:16.54 q-Rceq:0.98 tex:8516 mv:3535 misc:1965 icu:2.75 pcu:444.25 scu:1113.00 tlayer:3 pbqpoffset:2.91 pbfactor:1.40 avgQpOffsetCutree:-1.71;
in:213 out:216 type:b q:19.53 q-aq:19.74 q-noVbv:19.53 q-Rceq:0.98 tex:271 mv:572 misc:421 icu:0.00 pcu:180.50 scu:1379.50 tlayer:4 pbqpoffset:5.91 pbfactor:1.98 avgQpOffsetCutree:0.00;
in:215 out:217 type:b q:19.54 q-aq:20.00 q-noVbv:19.54 q-Rceq:0.98 tex:378 mv:567 misc:431 icu:0.25 pcu:137.75 scu:1422.00 tlayer:4 pbqpoffset:5.91 pbfactor:1.98 avgQpOffsetCutree:0.00;
in:218 out:218 type:B q:16.44 q-aq:15.16 q-noVbv:16.44 q-Rceq:0.98 tex:5782 mv:3018 misc:1840 icu:1.50 pcu:457.00 scu:1101.50 tlayer:3 pbqpoffset:2.80 pbfactor:1.38 avgQpOffsetCutree:-1.63;
in:217 out:219 type:b q:19.55 q-aq:20.00 q-noVbv:19.55 q-Rceq:0.98 tex:394 mv:420 misc:434 icu:0.75 pcu:119.75 scu:1439.50 tlayer:4 pbqpoffset:5.91 pbfactor:1.98 avgQpOffsetCutree:0.00;
in:219 out:220 type:b q:19.55 q-aq:19.88 q-noVbv:19.55 q-Rceq:0.98 tex:170 mv:615 misc:383 icu:0.00 pcu:221.00 scu:1339.00 tlayer:4 pbqpoffset:5.91 pbfactor:1.98 avgQpOffsetCutree:0.00;
in:236 out:221 type:k q:16.05 q-aq:9.97 q-noVbv:16.05 q-Rceq:0.98 tex:403626 mv:44795 misc:3779 icu:921.50 pcu:619.75 scu:18.75 tlayer:0 pbqpoffset:0.17 pbfactor:1.02 avgQpOffsetCutree:-6.10;
in:228 out:222 type:B q:15.86 q-aq:10.34 q-noVbv:15.86 q-Rceq:0.98 tex:210389 mv:31365 misc:4934 icu:134.00 pcu:1212.00 scu:214.00 tlayer:1 pbqpoffset:1.01 pbfactor:1.12 avgQpOffsetCutree:-5.12;
in:224 out:223 type:B q:15.36 q-aq:12.09 q-noVbv:15.36 q-Rceq:0.98 tex:159125 mv:24814 misc:4837 icu:109.75 pcu:1191.75 scu:258.50 tlayer:2 pbqpoffset:1.11 pbfactor:1.14 avgQpOffsetCutree:-3.14;
in:222 out:224 type:B q:15.90 q-aq:14.50 q-noVbv:15.90 q-Rceq:0.98 tex:7504 mv:4022 misc:1970 icu:27.25 pcu:573.25 scu:959.50 tlayer:3 pbqpoffset:1.95 pbfactor:1.25 avgQpOffsetCutree:-1.57;
in:221 out:225 type:b q:19.17 q-aq:19.00 q-noVbv:19.17 q-Rceq:0.98 tex:270 mv:620 misc:574 icu:0.25 pcu:168.25 scu:1391.50 tlayer:4 pbqpoffset:5.37 pbfactor:1.86 avgQpOffsetCutree:0.00;
in:223 out:226 type:b q:19.31 q-aq:19.07 q-noVbv:19.31 q-Rceq:0.98 tex:242 mv:702 misc:472 icu:0.25 pcu:303.75 scu:1256.00 tlayer:4 pbqpoffset:5.21 pbfactor:1.83 avgQpOffsetCutree:0.00;
in:226 out:227 type:B q:17.39 q-aq:16.19 q-noVbv:17.39 q-Rceq:0.98 tex:2493 mv:2377 misc:1202 icu:4.50 pcu:442.75 scu:1112.75 tlayer:3 pbqpoffset:2.84 pbfactor:1.39 avgQpOffsetCutree:-1.68;
in:225 out:228 type:b q:20.24 q-aq:20.07 q-noVbv:20.24 q-Rceq:0.98 tex:415 mv:484 misc:381 icu:0.00 pcu:84.50 scu:1475.50 tlayer:4 pbqpoffset:5.84 pbfactor:1.96 avgQpOffsetCutree:0.00;
in:227 out:229 type:b q:20.54 q-aq:20.88 q-noVbv:20.54 q-Rceq:0.98 tex:380 mv:397 misc:351 icu:0.00 pcu:122.50 scu:1437.50 tlayer:4 pbqpoffset:5.84 pbfactor:1.96 avgQpOffsetCutree:0.00;
in:232 out:230 type:B q:17.32 q-aq:13.66 q-noVbv:17.32 q-Rceq:0.98 tex:44035 mv:14499 misc:3490 icu:23.75 pcu:1074.00 scu:462.25 tlayer:2 pbqpoffset:1.87 pbfactor:1.24 avgQpOffsetCutree:-3.21;
in:230 out:231 type:B q:17.99 q-aq:16.47 q-noVbv:17.99 q-Rceq:0.98 tex:1402 mv:2142 misc:1040 icu:3.00 pcu:498.50 scu:1058.50 tlayer:3 pbqpoffset:2.84 pbfactor:1.39 avgQpOffsetCutree:-1.69;
in:229 out:232 type:b q:20.84 q-aq:21.00 q-noVbv:20.84 q-Rceq:0.98 tex:198 mv:377 misc:361 icu:0.00 pcu:127.25 scu:1432.75 tlayer:4 pbqpoffset:5.84 pbfactor:1.96 avgQpOffsetCutree:0.00;
in:231 out:233 type:b q:21.14 q-aq:21.00 q-noVbv:21.14 q-Rceq:0.98 tex:256 mv:385 misc:327 icu:0.00 pcu:63.50 scu:1496.50 tlayer:4 pbqpoffset:5.84 pbfactor:1.96 avgQpOffsetCutree:0.00;
in:234 out:234 type:B q:18.48 q-aq:16.89 q-noVbv:18.48 q-Rceq:0.98 tex:1418 mv:1878 misc:992 icu:2.00 pcu:388.75 scu:1169.25 tlayer:3 pbqpoffset:2.73 pbfactor:1.37 avgQpOffsetCutree:-1.71;
in:233 out:235 type:b q:21.38 q-aq:21.00 q-noVbv:21.38 q-Rceq:0.98 tex:381 mv:791 misc:524 icu:0.00 pcu:177.75 scu:1382.25 tlayer:4 pbqpoffset:5.78 pbfactor:1.95 avgQpOffsetCutree:0.00;
in:235 out:236 type:b q:21.74 q-aq:22.00 q-noVbv:21.74 q-Rceq:0.98 tex:66 mv:344 misc:302 icu:0.25 pcu:89.50 scu:1470.25 tlayer:4 pbqpoffset:5.84 pbfactor:1.96 avgQpOffsetCutree:0.00;
in:239 out:237 type:k q:15.63 q-aq:14.67 q-noVbv:15.63 q-Rceq:0.98 tex:24105 mv:7401 misc:2718 icu:11.25 pcu:812.75 scu:736.00 tlayer:0 pbqpoffset:0.17 pbfactor:1.02 avgQpOffsetCutree:-1.27;
in:238 out:238 type:B q:16.70 q-aq:16.47 q-noVbv:16.70 q-Rceq:0.98 tex:3974 mv:3828 misc:1534 icu:2.25 pcu:713.00 scu:844.75 tlayer:1 pbqpoffset:0.93 pbfactor:1.11 avgQpOffsetCutree:-0.85;
in:237 out:239 type:b q:17.98 q-aq:18.00 q-noVbv:17.98 q-Rceq:0.98 tex:370 mv:469 misc:425 icu:0.00 pcu:134.75 scu:1425.25 tlayer:2 pbqpoffset:2.07 pbfactor:1.27 avgQpOffsetCutree:0.00;
