#options: cpuid=1173503 frame-threads=1 no-wpp no-pmode no-pme psnr no-ssim log-level=2 bitdepth=8 input-csp=1 fps=24000/1000 input-res=832x480 interlace=0 total-frames=240 level-idc=0 high-tier=1 uhd-bd=0 ref=4 no-allow-non-conformance no-repeat-headers annexb no-aud no-hrd info hash=0 no-temporal-layers open-gop min-keyint=1 keyint=5000 bframes=15 b-adapt=2 b-pyramid bframe-bias=0 rc-lookahead=40 lookahead-slices=0 scenecut=40 no-intra-refresh ctu=64 min-cu-size=8 rect amp max-tu-size=32 tu-inter-depth=3 tu-intra-depth=3 limit-tu=4 rdoq-level=2 dynamic-rd=0.00 no-ssim-rd signhide no-tskip nr-intra=0 nr-inter=0 no-constrained-intra strong-intra-smoothing max-merge=4 limit-refs=1 limit-modes me=3 subme=4 merange=57 temporal-mvp weightp weightb no-analyze-src-pics deblock=0:0 sao no-sao-non-deblock rd=6 no-early-skip rskip no-fast-intra no-tskip-fast no-cu-lossless b-intra rdpenalty=0 psy-rd=0.00 psy-rdoq=0.00 no-rd-refine analysis-reuse-mode=0 no-lossless cbqpoffs=0 crqpoffs=0 rc=abr bitrate=2000 qcomp=0.60 qpstep=4 stats-write=1 stats-read=0 slow-firstpass ipratio=1.40 pbratio=1.30 aq-mode=1 aq-strength=0.00 cutree zone-count=0 no-strict-cbr qg-size=64 no-rc-grain qpmax=69 qpmin=0 no-const-vbv sar=0 overscan=0 videoformat=5 range=0 colorprim=2 transfer=2 colormatrix=2 chromaloc=0 display-window=0 max-cll=0,0 min-luma=0 max-luma=255 log2-max-poc-lsb=8 vui-timing-info vui-hrd-info slices=1 opt-qp-pps opt-ref-list-length-pps no-multi-pass-opt-rps scenecut-bias=0.05 no-opt-cu-delta-qp no-aq-motion no-hdr no-hdr-opt no-dhdr10-opt analysis-reuse-level=5 scale-factor=0 refine-intra=0 refine-inter=0 refine-mv=0 no-limit-sao ctu-info=0 max-tlayer=4
in:0 out:0 type:I q:20.34 q-aq:14.36 q-noVbv:20.34 q-Rceq:0.98 tex:360562 mv:22409 misc:2853 icu:1560.00 pcu:0.00 scu:0.00 tlayer:0 pbqpoffset:0.00 pbfactor:1.00 avgQpOffsetCutree:-5.80;
in:16 out:1 type:k q:23.25 q-aq:15.03 q-noVbv:23.25 q-Rceq:0.98 tex:176383 mv:15763 misc:4318 icu:680.50 pcu:706.75 scu:172.75 tlayer:0 pbqpoffset:0.00 pbfactor:1.00 avgQpOffsetCutree:-7.56;
in:8 out:2 type:B q:25.22 q-aq:22.07 q-noVbv:25.22 q-Rceq:0.98 tex:44782 mv:8005 misc:2301 icu:316.50 pcu:558.50 scu:685.00 tlayer:1 pbqpoffset:1.97 pbfactor:1.26 avgQpOffsetCutree:-4.03;
in:4 out:3 type:B q:25.22 q-aq:22.74 q-noVbv:25.22 q-Rceq:0.98 tex:30594 mv:6312 misc:1782 icu:306.75 pcu:466.75 scu:786.50 tlayer:2 pbqpoffset:1.97 pbfactor:1.26 avgQpOffsetCutree:-3.15;
in:2 out:4 type:B q:26.01 q-aq:25.33 q-noVbv:26.01 q-Rceq:0.98 tex:11350 mv:4730 misc:1272 icu:91.75 pcu:629.25 scu:839.00 tlayer:3 pbqpoffset:2.76 pbfactor:1.38 avgQpOffsetCutree:-1.50;
in:1 out:5 type:b q:30.08 q-aq:30.00 q-noVbv:30.08 q-Rceq:0.98 tex:1278 mv:1905 misc:641 icu:3.50 pcu:417.00 scu:1139.50 tlayer:4 pbqpoffset:6.84 pbfactor:2.20 avgQpOffsetCutree:0.00;
in:3 out:6 type:b q:28.93 q-aq:29.09 q-noVbv:28.93 q-Rceq:0.98 tex:2319 mv:2330 misc:919 icu:18.25 pcu:354.00 scu:1187.75 tlayer:4 pbqpoffset:5.68 pbfactor:1.93 avgQpOffsetCutree:0.00;
in:6 out:7 type:B q:25.99 q-aq:24.70 q-noVbv:25.99 q-Rceq:0.98 tex:12172 mv:5211 misc:1617 icu:99.75 pcu:595.25 scu:865.00 tlayer:3 pbqpoffset:2.74 pbfactor:1.37 avgQpOffsetCutree:-1.67;
in:5 out:8 type:b q:27.94 q-aq:28.31 q-noVbv:27.94 q-Rceq:0.98 tex:4471 mv:3005 misc:1012 icu:70.25 pcu:481.75 scu:1008.00 tlayer:4 pbqpoffset:4.69 pbfactor:1.72 avgQpOffsetCutree:0.00;
in:7 out:9 type:b q:29.01 q-aq:29.07 q-noVbv:29.01 q-Rceq:0.98 tex:2333 mv:2392 misc:915 icu:12.50 pcu:363.00 scu:1184.50 tlayer:4 pbqpoffset:5.76 pbfactor:1.95 avgQpOffsetCutree:0.00;
in:12 out:10 type:B q:25.22 q-aq:23.05 q-noVbv:25.22 q-Rceq:0.98 tex:31061 mv:6054 misc:1869 icu:224.50 pcu:541.00 scu:794.50 tlayer:2 pbqpoffset:1.97 pbfactor:1.26 avgQpOffsetCutree:-3.13;
in:10 out:11 type:B q:25.47 q-aq:24.93 q-noVbv:25.47 q-Rceq:0.98 tex:16667 mv:4591 misc:1382 icu:149.75 pcu:488.75 scu:921.50 tlayer:3 pbqpoffset:2.22 pbfactor:1.29 avgQpOffsetCutree:-1.60;
in:9 out:12 type:b q:29.66 q-aq:30.00 q-noVbv:29.66 q-Rceq:0.98 tex:2336 mv:2458 misc:902 icu:8.25 pcu:321.00 scu:1230.75 tlayer:4 pbqpoffset:6.41 pbfactor:2.10 avgQpOffsetCutree:0.00;
in:11 out:13 type:b q:27.95 q-aq:28.21 q-noVbv:27.95 q-Rceq:0.98 tex:7118 mv:2807 misc:1163 icu:32.25 pcu:435.75 scu:1092.00 tlayer:4 pbqpoffset:4.70 pbfactor:1.72 avgQpOffsetCutree:0.00;
in:14 out:14 type:B q:27.08 q-aq:25.86 q-noVbv:27.08 q-Rceq:0.98 tex:6619 mv:4161 misc:1492 icu:18.75 pcu:388.00 scu:1153.25 tlayer:3 pbqpoffset:3.84 pbfactor:1.56 avgQpOffsetCutree:-1.74;
in:13 out:15 type:b q:30.08 q-aq:30.00 q-noVbv:30.08 q-Rceq:0.98 tex:1039 mv:1887 misc:682 icu:0.75 pcu:368.00 scu:1191.25 tlayer:4 pbqpoffset:6.84 pbfactor:2.20 avgQpOffsetCutree:0.00;
in:15 out:16 type:b q:30.08 q-aq:30.03 q-noVbv:30.08 q-Rceq:0.98 tex:409 mv:1177 misc:518 icu:1.00 pcu:205.75 scu:1353.25 tlayer:4 pbqpoffset:6.84 pbfactor:2.20 avgQpOffsetCutree:0.00;
in:32 out:17 type:k q:19.25 q-aq:13.55 q-noVbv:19.25 q-Rceq:0.98 tex:304623 mv:20921 misc:3216 icu:1290.00 pcu:270.00 scu:0.00 tlayer:0 pbqpoffset:0.00 pbfactor:1.00 avgQpOffsetCutree:-6.05;
in:24 out:18 type:B q:23.96 q-aq:16.69 q-noVbv:23.96 q-Rceq:0.98 tex:60591 mv:8331 misc:3574 icu:90.50 pcu:737.25 scu:732.25 tlayer:1 pbqpoffset:2.72 pbfactor:1.37 avgQpOffsetCutree:-5.95;
in:20 out:19 type:B q:25.71 q-aq:21.40 q-noVbv:25.71 q-Rceq:0.98 tex:1332 mv:983 misc:949 icu:0.25 pcu:189.25 scu:1370.50 tlayer:2 pbqpoffset:3.46 pbfactor:1.49 avgQpOffsetCutree:-3.88;
in:18 out:20 type:B q:26.21 q-aq:24.26 q-noVbv:26.21 q-Rceq:0.98 tex:1693 mv:1551 misc:748 icu:2.75 pcu:228.25 scu:1329.00 tlayer:3 pbqpoffset:3.46 pbfactor:1.49 avgQpOffsetCutree:-2.01;
in:17 out:21 type:b q:29.46 q-aq:29.02 q-noVbv:29.46 q-Rceq:0.98 tex:59 mv:479 misc:358 icu:0.00 pcu:88.00 scu:1472.00 tlayer:4 pbqpoffset:6.46 pbfactor:2.11 avgQpOffsetCutree:0.00;
in:19 out:22 type:b q:28.64 q-aq:29.00 q-noVbv:28.64 q-Rceq:0.98 tex:3 mv:182 misc:215 icu:0.00 pcu:22.00 scu:1538.00 tlayer:4 pbqpoffset:6.14 pbfactor:2.03 avgQpOffsetCutree:0.00;
in:22 out:23 type:B q:25.21 q-aq:25.00 q-noVbv:25.21 q-Rceq:0.98 tex:12 mv:373 misc:279 icu:0.00 pcu:132.00 scu:1428.00 tlayer:3 pbqpoffset:3.46 pbfactor:1.49 avgQpOffsetCutree:-2.21;
in:21 out:24 type:b q:28.14 q-aq:28.00 q-noVbv:28.14 q-Rceq:0.98 tex:3 mv:130 misc:243 icu:0.00 pcu:44.00 scu:1516.00 tlayer:4 pbqpoffset:6.14 pbfactor:2.03 avgQpOffsetCutree:0.00;
in:23 out:25 type:b q:27.64 q-aq:28.00 q-noVbv:27.64 q-Rceq:0.98 tex:0 mv:6 misc:210 icu:0.00 pcu:0.00 scu:1560.00 tlayer:4 pbqpoffset:6.14 pbfactor:2.03 avgQpOffsetCutree:0.00;
in:28 out:26 type:B q:23.71 q-aq:19.66 q-noVbv:23.71 q-Rceq:0.98 tex:960 mv:771 misc:1253 icu:0.00 pcu:284.00 scu:1276.00 tlayer:2 pbqpoffset:3.46 pbfactor:1.49 avgQpOffsetCutree:-3.84;
in:26 out:27 type:B q:24.21 q-aq:23.11 q-noVbv:24.21 q-Rceq:0.98 tex:36 mv:329 misc:403 icu:0.00 pcu:113.25 scu:1446.75 tlayer:3 pbqpoffset:3.46 pbfactor:1.49 avgQpOffsetCutree:-2.14;
in:25 out:28 type:b q:27.20 q-aq:27.00 q-noVbv:27.20 q-Rceq:0.98 tex:2 mv:88 misc:190 icu:0.00 pcu:32.00 scu:1528.00 tlayer:4 pbqpoffset:6.20 pbfactor:2.05 avgQpOffsetCutree:0.00;
in:27 out:29 type:b q:26.64 q-aq:27.00 q-noVbv:26.64 q-Rceq:0.98 tex:3 mv:56 misc:197 icu:0.00 pcu:48.00 scu:1512.00 tlayer:4 pbqpoffset:6.14 pbfactor:2.03 avgQpOffsetCutree:0.00;
in:30 out:30 type:B q:21.78 q-aq:21.73 q-noVbv:21.78 q-Rceq:0.98 tex:33291 mv:5344 misc:2037 icu:177.00 pcu:442.50 scu:940.50 tlayer:3 pbqpoffset:2.04 pbfactor:1.27 avgQpOffsetCutree:-1.46;
in:29 out:31 type:b q:26.46 q-aq:26.30 q-noVbv:26.46 q-Rceq:0.98 tex:6872 mv:2028 misc:1116 icu:0.50 pcu:511.25 scu:1048.25 tlayer:4 pbqpoffset:6.46 pbfactor:2.11 avgQpOffsetCutree:0.00;
in:31 out:32 type:b q:23.83 q-aq:24.04 q-noVbv:23.83 q-Rceq:0.98 tex:13531 mv:3668 misc:1513 icu:54.50 pcu:470.50 scu:1035.00 tlayer:4 pbqpoffset:4.33 pbfactor:1.65 avgQpOffsetCutree:0.00;
in:48 out:33 type:k q:15.25 q-aq:7.30 q-noVbv:15.25 q-Rceq:0.98 tex:576589 mv:33351 misc:3572 icu:1011.25 pcu:542.25 scu:6.50 tlayer:0 pbqpoffset:0.00 pbfactor:1.00 avgQpOffsetCutree:-7.60;
in:40 out:34 type:B q:18.77 q-aq:13.99 q-noVbv:18.77 q-Rceq:0.98 tex:103918 mv:13542 misc:3812 icu:396.75 pcu:661.00 scu:502.25 tlayer:1 pbqpoffset:1.53 pbfactor:1.19 avgQpOffsetCutree:-4.38;
in:36 out:35 type:B q:21.64 q-aq:17.52 q-noVbv:21.64 q-Rceq:0.98 tex:25557 mv:4902 misc:2341 icu:15.75 pcu:692.25 scu:852.00 tlayer:2 pbqpoffset:3.39 pbfactor:1.48 avgQpOffsetCutree:-3.92;
in:34 out:36 type:B q:22.14 q-aq:20.83 q-noVbv:22.14 q-Rceq:0.98 tex:13890 mv:4475 misc:1803 icu:12.50 pcu:563.50 scu:984.00 tlayer:3 pbqpoffset:3.39 pbfactor:1.48 avgQpOffsetCutree:-1.66;
in:33 out:37 type:b q:24.82 q-aq:25.02 q-noVbv:24.82 q-Rceq:0.98 tex:3294 mv:2400 misc:1138 icu:3.50 pcu:393.50 scu:1163.00 tlayer:4 pbqpoffset:5.82 pbfactor:1.96 avgQpOffsetCutree:0.00;
in:35 out:38 type:b q:24.89 q-aq:25.00 q-noVbv:24.89 q-Rceq:0.98 tex:805 mv:858 misc:513 icu:0.25 pcu:161.25 scu:1398.50 tlayer:4 pbqpoffset:6.39 pbfactor:2.09 avgQpOffsetCutree:0.00;
in:38 out:39 type:B q:21.14 q-aq:19.43 q-noVbv:21.14 q-Rceq:0.98 tex:3489 mv:2102 misc:1201 icu:1.00 pcu:565.25 scu:993.75 tlayer:3 pbqpoffset:3.39 pbfactor:1.48 avgQpOffsetCutree:-2.06;
in:37 out:40 type:b q:24.39 q-aq:24.00 q-noVbv:24.39 q-Rceq:0.98 tex:55 mv:247 misc:298 icu:0.00 pcu:69.50 scu:1490.50 tlayer:4 pbqpoffset:6.39 pbfactor:2.09 avgQpOffsetCutree:0.00;
in:39 out:41 type:b q:23.89 q-aq:24.00 q-noVbv:23.89 q-Rceq:0.98 tex:1697 mv:710 misc:609 icu:1.75 pcu:219.00 scu:1339.25 tlayer:4 pbqpoffset:6.39 pbfactor:2.09 avgQpOffsetCutree:0.00;
in:44 out:42 type:B q:19.33 q-aq:15.81 q-noVbv:19.33 q-Rceq:0.98 tex:32880 mv:4774 misc:1866 icu:64.75 pcu:577.75 scu:917.50 tlayer:2 pbqpoffset:3.08 pbfactor:1.43 avgQpOffsetCutree:-3.32;
in:42 out:43 type:B q:19.12 q-aq:18.10 q-noVbv:19.12 q-Rceq:0.98 tex:27396 mv:3520 misc:1468 icu:182.50 pcu:519.00 scu:858.50 tlayer:3 pbqpoffset:2.37 pbfactor:1.32 avgQpOffsetCutree:-1.54;
in:41 out:44 type:b q:22.49 q-aq:22.66 q-noVbv:22.49 q-Rceq:0.98 tex:11837 mv:2758 misc:1085 icu:65.00 pcu:432.00 scu:1063.00 tlayer:4 pbqpoffset:5.49 pbfactor:1.89 avgQpOffsetCutree:0.00;
in:43 out:45 type:b q:22.89 q-aq:23.00 q-noVbv:22.89 q-Rceq:0.98 tex:5164 mv:1941 misc:1047 icu:4.50 pcu:317.25 scu:1238.25 tlayer:4 pbqpoffset:6.39 pbfactor:2.09 avgQpOffsetCutree:0.00;
in:46 out:46 type:B q:19.14 q-aq:17.57 q-noVbv:19.14 q-Rceq:0.98 tex:11436 mv:2799 misc:1605 icu:1.00 pcu:402.00 scu:1157.00 tlayer:3 pbqpoffset:3.39 pbfactor:1.48 avgQpOffsetCutree:-1.90;
in:45 out:47 type:b q:22.39 q-aq:22.00 q-noVbv:22.39 q-Rceq:0.98 tex:651 mv:762 misc:667 icu:0.00 pcu:158.50 scu:1401.50 tlayer:4 pbqpoffset:6.39 pbfactor:2.09 avgQpOffsetCutree:0.00;
in:47 out:48 type:b q:21.89 q-aq:22.00 q-noVbv:21.89 q-Rceq:0.98 tex:145 mv:477 misc:426 icu:0.00 pcu:124.00 scu:1436.00 tlayer:4 pbqpoffset:6.39 pbfactor:2.09 avgQpOffsetCutree:0.00;
in:56 out:49 type:k q:11.25 q-aq:3.93 q-noVbv:11.25 q-Rceq:0.98 tex:665793 mv:35406 misc:3409 icu:453.50 pcu:1093.00 scu:13.50 tlayer:0 pbqpoffset:0.00 pbfactor:1.00 avgQpOffsetCutree:-6.79;
in:52 out:50 type:B q:15.47 q-aq:11.23 q-noVbv:15.47 q-Rceq:0.98 tex:22051 mv:5567 misc:2982 icu:1.50 pcu:560.50 scu:998.00 tlayer:1 pbqpoffset:2.23 pbfactor:1.29 avgQpOffsetCutree:-3.94;
in:50 out:51 type:B q:17.18 q-aq:15.31 q-noVbv:17.18 q-Rceq:0.98 tex:6858 mv:2068 misc:1418 icu:1.25 pcu:466.50 scu:1092.25 tlayer:2 pbqpoffset:2.93 pbfactor:1.40 avgQpOffsetCutree:-1.93;
in:49 out:52 type:b q:20.68 q-aq:21.00 q-noVbv:20.68 q-Rceq:0.98 tex:1460 mv:663 misc:557 icu:0.00 pcu:116.75 scu:1443.25 tlayer:3 pbqpoffset:5.93 pbfactor:1.98 avgQpOffsetCutree:0.00;
in:51 out:53 type:b q:19.17 q-aq:19.00 q-noVbv:19.17 q-Rceq:0.98 tex:1332 mv:1017 misc:755 icu:0.00 pcu:275.50 scu:1284.50 tlayer:3 pbqpoffset:5.42 pbfactor:1.87 avgQpOffsetCutree:0.00;
in:54 out:54 type:B q:15.18 q-aq:13.76 q-noVbv:15.18 q-Rceq:0.98 tex:3268 mv:1807 misc:1293 icu:0.00 pcu:399.50 scu:1160.50 tlayer:2 pbqpoffset:2.93 pbfactor:1.40 avgQpOffsetCutree:-1.98;
in:53 out:55 type:b q:18.04 q-aq:18.00 q-noVbv:18.04 q-Rceq:0.98 tex:694 mv:760 misc:666 icu:0.00 pcu:172.50 scu:1387.50 tlayer:3 pbqpoffset:5.29 pbfactor:1.84 avgQpOffsetCutree:0.00;
in:55 out:56 type:b q:16.92 q-aq:17.00 q-noVbv:16.92 q-Rceq:0.98 tex:248 mv:806 misc:802 icu:0.00 pcu:196.25 scu:1363.75 tlayer:3 pbqpoffset:5.17 pbfactor:1.82 avgQpOffsetCutree:0.00;
in:72 out:57 type:k q:9.75 q-aq:4.02 q-noVbv:9.75 q-Rceq:0.98 tex:930533 mv:40391 misc:2916 icu:1215.50 pcu:344.50 scu:0.00 tlayer:0 pbqpoffset:0.84 pbfactor:1.10 avgQpOffsetCutree:-6.59;
in:64 out:58 type:B q:11.71 q-aq:6.94 q-noVbv:11.71 q-Rceq:0.98 tex:385437 mv:23880 misc:4283 icu:699.50 pcu:762.50 scu:98.00 tlayer:1 pbqpoffset:1.21 pbfactor:1.15 avgQpOffsetCutree:-4.70;
in:60 out:59 type:B q:13.85 q-aq:8.65 q-noVbv:13.85 q-Rceq:0.98 tex:30279 mv:7693 misc:4700 icu:77.50 pcu:627.00 scu:855.50 tlayer:2 pbqpoffset:2.98 pbfactor:1.41 avgQpOffsetCutree:-4.31;
in:58 out:60 type:B q:14.04 q-aq:11.87 q-noVbv:14.04 q-Rceq:0.98 tex:13391 mv:3415 misc:2466 icu:3.00 pcu:519.50 scu:1037.50 tlayer:3 pbqpoffset:2.98 pbfactor:1.41 avgQpOffsetCutree:-2.03;
in:57 out:61 type:b q:17.13 q-aq:17.00 q-noVbv:17.13 q-Rceq:0.98 tex:1152 mv:1199 misc:1289 icu:0.00 pcu:231.00 scu:1329.00 tlayer:4 pbqpoffset:5.98 pbfactor:2.00 avgQpOffsetCutree:0.00;
in:59 out:62 type:b q:16.73 q-aq:16.97 q-noVbv:16.73 q-Rceq:0.98 tex:2007 mv:1142 misc:803 icu:0.00 pcu:185.00 scu:1375.00 tlayer:4 pbqpoffset:5.76 pbfactor:1.95 avgQpOffsetCutree:0.00;
in:62 out:63 type:B q:13.67 q-aq:11.39 q-noVbv:13.67 q-Rceq:0.98 tex:21123 mv:4484 misc:2889 icu:6.50 pcu:596.25 scu:957.25 tlayer:3 pbqpoffset:2.98 pbfactor:1.41 avgQpOffsetCutree:-2.14;
in:61 out:64 type:b q:16.65 q-aq:16.34 q-noVbv:16.65 q-Rceq:0.98 tex:1103 mv:1100 misc:885 icu:0.00 pcu:297.50 scu:1262.50 tlayer:4 pbqpoffset:5.87 pbfactor:1.97 avgQpOffsetCutree:0.00;
in:63 out:65 type:b q:16.57 q-aq:16.19 q-noVbv:16.57 q-Rceq:0.98 tex:6970 mv:2212 misc:1426 icu:0.25 pcu:387.00 scu:1172.75 tlayer:4 pbqpoffset:5.98 pbfactor:2.00 avgQpOffsetCutree:0.00;
in:68 out:66 type:B q:13.10 q-aq:9.43 q-noVbv:13.10 q-Rceq:0.98 tex:91063 mv:10356 misc:4053 icu:56.00 pcu:1017.75 scu:486.25 tlayer:2 pbqpoffset:2.98 pbfactor:1.41 avgQpOffsetCutree:-3.19;
in:66 out:67 type:B q:13.29 q-aq:11.30 q-noVbv:13.29 q-Rceq:0.98 tex:20480 mv:5627 misc:2477 icu:9.25 pcu:674.00 scu:876.75 tlayer:3 pbqpoffset:2.98 pbfactor:1.41 avgQpOffsetCutree:-2.07;
in:65 out:68 type:b q:16.39 q-aq:16.00 q-noVbv:16.39 q-Rceq:0.98 tex:2236 mv:1120 misc:764 icu:0.25 pcu:265.25 scu:1294.50 tlayer:4 pbqpoffset:5.98 pbfactor:2.00 avgQpOffsetCutree:0.00;
in:67 out:69 type:b q:16.09 q-aq:16.00 q-noVbv:16.09 q-Rceq:0.98 tex:3061 mv:1585 misc:1122 icu:0.00 pcu:468.50 scu:1091.50 tlayer:4 pbqpoffset:5.87 pbfactor:1.97 avgQpOffsetCutree:0.00;
in:70 out:70 type:B q:11.51 q-aq:10.38 q-noVbv:11.51 q-Rceq:0.98 tex:78084 mv:8292 misc:3080 icu:334.75 pcu:557.00 scu:668.25 tlayer:3 pbqpoffset:1.57 pbfactor:1.20 avgQpOffsetCutree:-1.51;
in:69 out:71 type:b q:13.71 q-aq:13.84 q-noVbv:13.71 q-Rceq:0.98 tex:39777 mv:5255 misc:2112 icu:139.75 pcu:545.75 scu:874.50 tlayer:4 pbqpoffset:3.68 pbfactor:1.53 avgQpOffsetCutree:0.00;
in:71 out:72 type:b q:14.69 q-aq:14.76 q-noVbv:14.69 q-Rceq:0.98 tex:34478 mv:5032 misc:2162 icu:36.00 pcu:533.50 scu:990.50 tlayer:4 pbqpoffset:4.85 pbfactor:1.75 avgQpOffsetCutree:0.00;
in:88 out:73 type:k q:10.83 q-aq:6.45 q-noVbv:10.83 q-Rceq:0.98 tex:556126 mv:38855 misc:3683 icu:969.00 pcu:564.75 scu:26.25 tlayer:0 pbqpoffset:0.46 pbfactor:1.05 avgQpOffsetCutree:-5.07;
in:80 out:74 type:B q:12.34 q-aq:6.87 q-noVbv:12.34 q-Rceq:0.98 tex:326724 mv:29596 misc:4920 icu:450.50 pcu:979.00 scu:130.50 tlayer:1 pbqpoffset:2.05 pbfactor:1.27 avgQpOffsetCutree:-5.20;
in:76 out:75 type:B q:12.23 q-aq:8.88 q-noVbv:12.23 q-Rceq:0.98 tex:107883 mv:14194 misc:4027 icu:243.50 pcu:725.75 scu:590.75 tlayer:2 pbqpoffset:2.21 pbfactor:1.29 avgQpOffsetCutree:-3.36;
in:74 out:76 type:B q:12.44 q-aq:11.21 q-noVbv:12.44 q-Rceq:0.98 tex:81883 mv:11220 misc:3369 icu:139.75 pcu:784.25 scu:636.00 tlayer:3 pbqpoffset:2.56 pbfactor:1.34 avgQpOffsetCutree:-1.52;
in:73 out:77 type:b q:15.82 q-aq:16.01 q-noVbv:15.82 q-Rceq:0.98 tex:23966 mv:3704 misc:2218 icu:17.25 pcu:557.75 scu:985.00 tlayer:4 pbqpoffset:6.00 pbfactor:2.00 avgQpOffsetCutree:0.00;
in:75 out:78 type:b q:16.25 q-aq:16.06 q-noVbv:16.25 q-Rceq:0.98 tex:17119 mv:3370 misc:2239 icu:6.00 pcu:543.00 scu:1011.00 tlayer:4 pbqpoffset:6.30 pbfactor:2.07 avgQpOffsetCutree:0.00;
in:78 out:79 type:B q:13.45 q-aq:11.87 q-noVbv:13.45 q-Rceq:0.98 tex:53328 mv:9884 misc:2804 icu:66.00 pcu:759.00 scu:735.00 tlayer:3 pbqpoffset:3.30 pbfactor:1.46 avgQpOffsetCutree:-1.74;
in:77 out:80 type:b q:16.38 q-aq:16.10 q-noVbv:16.38 q-Rceq:0.98 tex:16361 mv:3099 misc:1804 icu:16.50 pcu:464.50 scu:1079.00 tlayer:4 pbqpoffset:6.30 pbfactor:2.07 avgQpOffsetCutree:0.00;
in:79 out:81 type:b q:16.52 q-aq:16.19 q-noVbv:16.52 q-Rceq:0.98 tex:6732 mv:2274 misc:1538 icu:1.00 pcu:316.50 scu:1242.50 tlayer:4 pbqpoffset:6.30 pbfactor:2.07 avgQpOffsetCutree:0.00;
in:84 out:82 type:B q:13.86 q-aq:10.12 q-noVbv:13.86 q-Rceq:0.98 tex:60343 mv:11341 misc:3852 icu:23.25 pcu:991.00 scu:545.75 tlayer:2 pbqpoffset:3.30 pbfactor:1.46 avgQpOffsetCutree:-3.37;
in:82 out:83 type:B q:13.72 q-aq:11.94 q-noVbv:13.72 q-Rceq:0.98 tex:37959 mv:7229 misc:2660 icu:19.00 pcu:651.75 scu:889.25 tlayer:3 pbqpoffset:3.30 pbfactor:1.46 avgQpOffsetCutree:-1.98;
in:81 out:84 type:b q:16.65 q-aq:16.42 q-noVbv:16.65 q-Rceq:0.98 tex:6080 mv:1735 misc:1257 icu:2.00 pcu:287.75 scu:1270.25 tlayer:4 pbqpoffset:6.30 pbfactor:2.07 avgQpOffsetCutree:0.00;
in:83 out:85 type:b q:16.79 q-aq:16.93 q-noVbv:16.79 q-Rceq:0.98 tex:4122 mv:1516 misc:1074 icu:0.00 pcu:292.75 scu:1267.25 tlayer:4 pbqpoffset:6.30 pbfactor:2.07 avgQpOffsetCutree:0.00;
in:86 out:86 type:B q:13.36 q-aq:11.97 q-noVbv:13.36 q-Rceq:0.98 tex:62724 mv:9839 misc:3333 icu:140.25 pcu:664.50 scu:755.25 tlayer:3 pbqpoffset:2.67 pbfactor:1.36 avgQpOffsetCutree:-1.84;
in:85 out:87 type:b q:14.83 q-aq:15.13 q-noVbv:14.83 q-Rceq:0.98 tex:42940 mv:4561 misc:2123 icu:165.00 pcu:525.00 scu:870.00 tlayer:4 pbqpoffset:4.21 pbfactor:1.63 avgQpOffsetCutree:0.00;
in:87 out:88 type:b q:17.06 q-aq:17.12 q-noVbv:17.06 q-Rceq:0.98 tex:17145 mv:3431 misc:1704 icu:10.25 pcu:626.25 scu:923.50 tlayer:4 pbqpoffset:6.30 pbfactor:2.07 avgQpOffsetCutree:0.00;
in:96 out:89 type:k q:13.46 q-aq:10.73 q-noVbv:13.46 q-Rceq:0.98 tex:401293 mv:22068 misc:3335 icu:1548.25 pcu:11.75 scu:0.00 tlayer:0 pbqpoffset:0.39 pbfactor:1.05 avgQpOffsetCutree:-4.21;
in:92 out:90 type:B q:14.39 q-aq:11.97 q-noVbv:14.39 q-Rceq:0.98 tex:171681 mv:20590 misc:5489 icu:262.25 pcu:1061.50 scu:236.25 tlayer:1 pbqpoffset:2.24 pbfactor:1.30 avgQpOffsetCutree:-2.83;
in:90 out:91 type:B q:15.06 q-aq:13.55 q-noVbv:15.06 q-Rceq:0.98 tex:54519 mv:10319 misc:3978 icu:27.25 pcu:919.75 scu:613.00 tlayer:2 pbqpoffset:3.57 pbfactor:1.51 avgQpOffsetCutree:-1.65;
in:89 out:92 type:b q:17.73 q-aq:17.99 q-noVbv:17.73 q-Rceq:0.98 tex:8023 mv:2783 misc:1778 icu:1.50 pcu:405.75 scu:1152.75 tlayer:3 pbqpoffset:6.57 pbfactor:2.14 avgQpOffsetCutree:0.00;
in:91 out:93 type:b q:18.39 q-aq:18.05 q-noVbv:18.39 q-Rceq:0.98 tex:7759 mv:2901 misc:1940 icu:0.00 pcu:490.75 scu:1069.25 tlayer:3 pbqpoffset:6.57 pbfactor:2.14 avgQpOffsetCutree:0.00;
in:94 out:94 type:B q:15.68 q-aq:14.72 q-noVbv:15.68 q-Rceq:0.98 tex:70282 mv:11853 misc:3665 icu:74.50 pcu:997.50 scu:488.00 tlayer:2 pbqpoffset:2.87 pbfactor:1.39 avgQpOffsetCutree:-1.58;
in:93 out:95 type:b q:19.05 q-aq:19.01 q-noVbv:19.05 q-Rceq:0.98 tex:17609 mv:5379 misc:2100 icu:12.75 pcu:783.00 scu:764.25 tlayer:3 pbqpoffset:6.57 pbfactor:2.14 avgQpOffsetCutree:0.00;
in:95 out:96 type:b q:19.70 q-aq:19.81 q-noVbv:19.70 q-Rceq:0.98 tex:9822 mv:3159 misc:1955 icu:7.25 pcu:597.25 scu:955.50 tlayer:3 pbqpoffset:6.57 pbfactor:2.14 avgQpOffsetCutree:0.00;
in:104 out:97 type:k q:14.06 q-aq:10.62 q-noVbv:14.06 q-Rceq:0.98 tex:352954 mv:20276 misc:3306 icu:1357.50 pcu:197.50 scu:5.00 tlayer:0 pbqpoffset:0.39 pbfactor:1.05 avgQpOffsetCutree:-4.71;
in:100 out:98 type:B q:15.74 q-aq:13.90 q-noVbv:15.74 q-Rceq:0.98 tex:172330 mv:14770 misc:4308 icu:685.50 pcu:711.50 scu:163.00 tlayer:1 pbqpoffset:1.98 pbfactor:1.26 avgQpOffsetCutree:-2.69;
in:98 out:99 type:B q:16.17 q-aq:15.19 q-noVbv:16.17 q-Rceq:0.98 tex:56678 mv:11223 misc:3523 icu:111.00 pcu:942.50 scu:506.50 tlayer:2 pbqpoffset:2.56 pbfactor:1.34 avgQpOffsetCutree:-1.53;
in:97 out:100 type:b q:19.97 q-aq:20.09 q-noVbv:19.97 q-Rceq:0.98 tex:9845 mv:3458 misc:2001 icu:5.75 pcu:539.00 scu:1015.25 tlayer:3 pbqpoffset:6.43 pbfactor:2.10 avgQpOffsetCutree:0.00;
in:99 out:101 type:b q:20.53 q-aq:20.48 q-noVbv:20.53 q-Rceq:0.98 tex:8722 mv:2911 misc:1823 icu:3.25 pcu:441.75 scu:1115.00 tlayer:3 pbqpoffset:6.84 pbfactor:2.20 avgQpOffsetCutree:0.00;
in:102 out:102 type:B q:16.60 q-aq:15.65 q-noVbv:16.60 q-Rceq:0.98 tex:46256 mv:9307 misc:3117 icu:61.50 pcu:912.00 scu:586.50 tlayer:2 pbqpoffset:2.68 pbfactor:1.36 avgQpOffsetCutree:-1.42;
in:101 out:103 type:b q:19.51 q-aq:19.51 q-noVbv:19.51 q-Rceq:0.98 tex:15079 mv:4133 misc:2116 icu:5.75 pcu:704.25 scu:850.00 tlayer:3 pbqpoffset:5.67 pbfactor:1.93 avgQpOffsetCutree:0.00;
in:103 out:104 type:b q:20.55 q-aq:20.65 q-noVbv:20.55 q-Rceq:0.98 tex:8577 mv:2491 misc:1724 icu:8.75 pcu:442.50 scu:1108.75 tlayer:3 pbqpoffset:6.57 pbfactor:2.13 avgQpOffsetCutree:0.00;
in:120 out:105 type:k q:11.79 q-aq:6.50 q-noVbv:11.79 q-Rceq:0.98 tex:625892 mv:29639 misc:2853 icu:1430.25 pcu:129.25 scu:0.50 tlayer:0 pbqpoffset:0.51 pbfactor:1.06 avgQpOffsetCutree:-6.44;
in:112 out:106 type:B q:15.60 q-aq:11.62 q-noVbv:15.60 q-Rceq:0.98 tex:191099 mv:25413 misc:4568 icu:444.25 pcu:951.25 scu:164.50 tlayer:1 pbqpoffset:2.67 pbfactor:1.36 avgQpOffsetCutree:-4.10;
in:108 out:107 type:B q:17.15 q-aq:14.20 q-noVbv:17.15 q-Rceq:0.98 tex:55415 mv:10758 misc:3915 icu:75.25 pcu:1013.50 scu:471.25 tlayer:2 pbqpoffset:3.66 pbfactor:1.53 avgQpOffsetCutree:-2.91;
in:106 out:108 type:B q:17.59 q-aq:16.30 q-noVbv:17.59 q-Rceq:0.98 tex:24299 mv:6896 misc:2645 icu:55.75 pcu:781.75 scu:722.50 tlayer:3 pbqpoffset:3.81 pbfactor:1.55 avgQpOffsetCutree:-1.56;
in:105 out:109 type:b q:20.73 q-aq:21.00 q-noVbv:20.73 q-Rceq:0.98 tex:7305 mv:2462 misc:1505 icu:1.25 pcu:354.50 scu:1204.25 tlayer:4 pbqpoffset:6.81 pbfactor:2.20 avgQpOffsetCutree:0.00;
in:107 out:110 type:b q:20.45 q-aq:20.42 q-noVbv:20.45 q-Rceq:0.98 tex:5918 mv:2366 misc:1524 icu:1.50 pcu:347.50 scu:1211.00 tlayer:4 pbqpoffset:6.81 pbfactor:2.20 avgQpOffsetCutree:0.00;
in:110 out:111 type:B q:17.02 q-aq:15.72 q-noVbv:17.02 q-Rceq:0.98 tex:28726 mv:7594 misc:2464 icu:34.75 pcu:775.50 scu:749.75 tlayer:3 pbqpoffset:3.81 pbfactor:1.55 avgQpOffsetCutree:-1.56;
in:109 out:112 type:b q:20.17 q-aq:20.13 q-noVbv:20.17 q-Rceq:0.98 tex:5214 mv:2634 misc:1488 icu:7.00 pcu:453.50 scu:1099.50 tlayer:4 pbqpoffset:6.81 pbfactor:2.20 avgQpOffsetCutree:0.00;
in:111 out:113 type:b q:19.88 q-aq:20.00 q-noVbv:19.88 q-Rceq:0.98 tex:3196 mv:1664 misc:1148 icu:0.25 pcu:279.75 scu:1280.00 tlayer:4 pbqpoffset:6.81 pbfactor:2.20 avgQpOffsetCutree:0.00;
in:116 out:114 type:B q:16.17 q-aq:12.23 q-noVbv:16.17 q-Rceq:0.98 tex:26192 mv:6856 misc:2728 icu:6.00 pcu:720.75 scu:833.25 tlayer:2 pbqpoffset:3.81 pbfactor:1.55 avgQpOffsetCutree:-3.06;
in:114 out:115 type:B q:16.46 q-aq:14.47 q-noVbv:16.46 q-Rceq:0.98 tex:16996 mv:5062 misc:2446 icu:3.00 pcu:702.75 scu:854.25 tlayer:3 pbqpoffset:3.81 pbfactor:1.55 avgQpOffsetCutree:-1.75;
in:113 out:116 type:b q:19.60 q-aq:19.96 q-noVbv:19.60 q-Rceq:0.98 tex:2124 mv:1734 misc:990 icu:16.00 pcu:341.75 scu:1202.25 tlayer:4 pbqpoffset:6.81 pbfactor:2.20 avgQpOffsetCutree:0.00;
in:115 out:117 type:b q:19.31 q-aq:19.12 q-noVbv:19.31 q-Rceq:0.98 tex:1082 mv:1246 misc:816 icu:0.00 pcu:399.25 scu:1160.75 tlayer:4 pbqpoffset:6.81 pbfactor:2.20 avgQpOffsetCutree:0.00;
in:118 out:118 type:B q:15.89 q-aq:13.91 q-noVbv:15.89 q-Rceq:0.98 tex:10662 mv:4365 misc:1669 icu:7.00 pcu:778.75 scu:774.25 tlayer:3 pbqpoffset:3.81 pbfactor:1.55 avgQpOffsetCutree:-1.67;
in:117 out:119 type:b q:19.03 q-aq:19.00 q-noVbv:19.03 q-Rceq:0.98 tex:717 mv:998 misc:637 icu:0.00 pcu:388.75 scu:1171.25 tlayer:4 pbqpoffset:6.81 pbfactor:2.20 avgQpOffsetCutree:0.00;
in:119 out:120 type:b q:18.75 q-aq:19.00 q-noVbv:18.75 q-Rceq:0.98 tex:394 mv:687 misc:535 icu:0.00 pcu:183.75 scu:1376.25 tlayer:4 pbqpoffset:6.81 pbfactor:2.20 avgQpOffsetCutree:0.00;
in:136 out:121 type:k q:11.54 q-aq:4.89 q-noVbv:11.54 q-Rceq:0.98 tex:772309 mv:41698 misc:2913 icu:1348.50 pcu:210.50 scu:1.00 tlayer:0 pbqpoffset:0.30 pbfactor:1.04 avgQpOffsetCutree:-7.48;
in:128 out:122 type:B q:15.34 q-aq:9.50 q-noVbv:15.34 q-Rceq:0.98 tex:83103 mv:10450 misc:4015 icu:118.75 pcu:798.25 scu:643.00 tlayer:1 pbqpoffset:3.67 pbfactor:1.53 avgQpOffsetCutree:-4.68;
in:124 out:123 type:B q:15.40 q-aq:11.43 q-noVbv:15.40 q-Rceq:0.98 tex:29657 mv:7014 misc:3641 icu:57.50 pcu:837.75 scu:664.75 tlayer:2 pbqpoffset:3.67 pbfactor:1.53 avgQpOffsetCutree:-3.32;
in:122 out:124 type:B q:14.03 q-aq:12.88 q-noVbv:14.03 q-Rceq:0.98 tex:91837 mv:11825 misc:3722 icu:289.50 pcu:1027.75 scu:242.75 tlayer:3 pbqpoffset:2.28 pbfactor:1.30 avgQpOffsetCutree:-1.58;
in:121 out:125 type:b q:18.45 q-aq:18.16 q-noVbv:18.45 q-Rceq:0.98 tex:15800 mv:3750 misc:1922 icu:4.75 pcu:605.00 scu:950.25 tlayer:4 pbqpoffset:6.67 pbfactor:2.16 avgQpOffsetCutree:0.00;
in:123 out:126 type:b q:18.42 q-aq:18.05 q-noVbv:18.42 q-Rceq:0.98 tex:9802 mv:3102 misc:1536 icu:11.75 pcu:550.75 scu:997.50 tlayer:4 pbqpoffset:6.67 pbfactor:2.16 avgQpOffsetCutree:0.00;
in:126 out:127 type:B q:15.37 q-aq:13.16 q-noVbv:15.37 q-Rceq:0.98 tex:10481 mv:4703 misc:2632 icu:12.50 pcu:610.50 scu:937.00 tlayer:3 pbqpoffset:3.67 pbfactor:1.53 avgQpOffsetCutree:-2.03;
in:125 out:128 type:b q:18.36 q-aq:18.00 q-noVbv:18.36 q-Rceq:0.98 tex:1705 mv:1400 misc:967 icu:0.00 pcu:348.75 scu:1211.25 tlayer:4 pbqpoffset:6.64 pbfactor:2.15 avgQpOffsetCutree:0.00;
in:127 out:129 type:b q:18.35 q-aq:18.00 q-noVbv:18.35 q-Rceq:0.98 tex:3717 mv:1366 misc:893 icu:0.00 pcu:503.75 scu:1056.25 tlayer:4 pbqpoffset:6.67 pbfactor:2.16 avgQpOffsetCutree:0.00;
in:132 out:130 type:B q:15.28 q-aq:10.75 q-noVbv:15.28 q-Rceq:0.98 tex:12456 mv:4195 misc:2173 icu:5.25 pcu:596.50 scu:958.25 tlayer:2 pbqpoffset:3.67 pbfactor:1.53 avgQpOffsetCutree:-3.83;
in:130 out:131 type:B q:15.31 q-aq:13.06 q-noVbv:15.31 q-Rceq:0.98 tex:6141 mv:3265 misc:1714 icu:1.25 pcu:552.25 scu:1006.50 tlayer:3 pbqpoffset:3.67 pbfactor:1.53 avgQpOffsetCutree:-1.99;
in:129 out:132 type:b q:18.21 q-aq:18.00 q-noVbv:18.21 q-Rceq:0.98 tex:1208 mv:806 misc:690 icu:0.00 pcu:238.50 scu:1321.50 tlayer:4 pbqpoffset:6.56 pbfactor:2.13 avgQpOffsetCutree:0.00;
in:131 out:133 type:b q:18.12 q-aq:18.00 q-noVbv:18.12 q-Rceq:0.98 tex:3193 mv:1177 misc:606 icu:0.75 pcu:147.75 scu:1411.50 tlayer:4 pbqpoffset:6.50 pbfactor:2.12 avgQpOffsetCutree:0.00;
in:134 out:134 type:B q:15.25 q-aq:13.27 q-noVbv:15.25 q-Rceq:0.98 tex:11857 mv:3903 misc:1576 icu:13.25 pcu:493.50 scu:1053.25 tlayer:3 pbqpoffset:3.67 pbfactor:1.53 avgQpOffsetCutree:-2.02;
in:133 out:135 type:b q:18.09 q-aq:18.00 q-noVbv:18.09 q-Rceq:0.98 tex:1238 mv:1003 misc:663 icu:0.00 pcu:232.25 scu:1327.75 tlayer:4 pbqpoffset:6.50 pbfactor:2.12 avgQpOffsetCutree:0.00;
in:135 out:136 type:b q:18.05 q-aq:18.00 q-noVbv:18.05 q-Rceq:0.98 tex:1167 mv:629 misc:580 icu:0.00 pcu:190.25 scu:1369.75 tlayer:4 pbqpoffset:6.49 pbfactor:2.12 avgQpOffsetCutree:0.00;
in:144 out:137 type:k q:11.36 q-aq:4.85 q-noVbv:11.36 q-Rceq:0.98 tex:529373 mv:26004 misc:3655 icu:587.50 pcu:909.50 scu:63.00 tlayer:0 pbqpoffset:0.30 pbfactor:1.04 avgQpOffsetCutree:-6.15;
in:140 out:138 type:B q:12.59 q-aq:9.93 q-noVbv:12.59 q-Rceq:0.98 tex:84713 mv:12628 misc:3987 icu:309.75 pcu:770.00 scu:480.25 tlayer:1 pbqpoffset:1.14 pbfactor:1.14 avgQpOffsetCutree:-2.54;
in:138 out:139 type:B q:14.50 q-aq:12.72 q-noVbv:14.50 q-Rceq:0.98 tex:19732 mv:4812 misc:2216 icu:14.25 pcu:679.00 scu:866.75 tlayer:2 pbqpoffset:3.00 pbfactor:1.41 avgQpOffsetCutree:-1.70;
in:137 out:140 type:b q:17.34 q-aq:17.00 q-noVbv:17.34 q-Rceq:0.98 tex:1443 mv:883 misc:754 icu:0.00 pcu:168.25 scu:1391.75 tlayer:3 pbqpoffset:5.82 pbfactor:1.96 avgQpOffsetCutree:0.00;
in:139 out:141 type:b q:14.41 q-aq:14.20 q-noVbv:14.41 q-Rceq:0.98 tex:26527 mv:4591 misc:2058 icu:101.25 pcu:554.25 scu:904.50 tlayer:3 pbqpoffset:2.93 pbfactor:1.40 avgQpOffsetCutree:0.00;
in:142 out:142 type:B q:12.98 q-aq:11.61 q-noVbv:12.98 q-Rceq:0.98 tex:70449 mv:11944 misc:2927 icu:78.75 pcu:794.00 scu:687.25 tlayer:2 pbqpoffset:1.57 pbfactor:1.20 avgQpOffsetCutree:-1.65;
in:141 out:143 type:b q:14.03 q-aq:14.02 q-noVbv:14.03 q-Rceq:0.98 tex:33059 mv:6335 misc:2702 icu:63.75 pcu:689.25 scu:807.00 tlayer:3 pbqpoffset:2.60 pbfactor:1.35 avgQpOffsetCutree:0.00;
in:143 out:144 type:b q:17.19 q-aq:17.00 q-noVbv:17.19 q-Rceq:0.98 tex:5102 mv:1767 misc:1363 icu:0.00 pcu:254.00 scu:1306.00 tlayer:3 pbqpoffset:5.81 pbfactor:1.96 avgQpOffsetCutree:0.00;
in:152 out:145 type:k q:11.58 q-aq:6.27 q-noVbv:11.58 q-Rceq:0.98 tex:424756 mv:28106 misc:4026 icu:654.50 pcu:830.75 scu:74.75 tlayer:0 pbqpoffset:0.30 pbfactor:1.04 avgQpOffsetCutree:-5.28;
in:148 out:146 type:B q:13.33 q-aq:9.53 q-noVbv:13.33 q-Rceq:0.98 tex:65300 mv:12032 misc:3532 icu:134.50 pcu:809.50 scu:616.00 tlayer:1 pbqpoffset:1.86 pbfactor:1.24 avgQpOffsetCutree:-3.51;
in:146 out:147 type:B q:13.99 q-aq:12.16 q-noVbv:13.99 q-Rceq:0.98 tex:17826 mv:5955 misc:2571 icu:8.75 pcu:615.25 scu:936.00 tlayer:2 pbqpoffset:2.57 pbfactor:1.35 avgQpOffsetCutree:-1.96;
in:145 out:148 type:b q:16.96 q-aq:17.00 q-noVbv:16.96 q-Rceq:0.98 tex:2818 mv:1319 misc:1151 icu:1.00 pcu:357.00 scu:1202.00 tlayer:3 pbqpoffset:5.57 pbfactor:1.90 avgQpOffsetCutree:0.00;
in:147 out:149 type:b q:16.70 q-aq:16.94 q-noVbv:16.70 q-Rceq:0.98 tex:1211 mv:1360 misc:869 icu:0.00 pcu:269.75 scu:1290.25 tlayer:3 pbqpoffset:5.26 pbfactor:1.84 avgQpOffsetCutree:0.00;
in:150 out:150 type:B q:12.37 q-aq:11.02 q-noVbv:12.37 q-Rceq:0.98 tex:46401 mv:7594 misc:3141 icu:264.50 pcu:587.25 scu:708.25 tlayer:2 pbqpoffset:0.84 pbfactor:1.10 avgQpOffsetCutree:-1.58;
in:149 out:151 type:b q:17.07 q-aq:17.03 q-noVbv:17.07 q-Rceq:0.98 tex:8026 mv:2097 misc:1277 icu:10.25 pcu:469.75 scu:1080.00 tlayer:3 pbqpoffset:5.57 pbfactor:1.90 avgQpOffsetCutree:0.00;
in:151 out:152 type:b q:13.40 q-aq:13.24 q-noVbv:13.40 q-Rceq:0.98 tex:39939 mv:4832 misc:2173 icu:221.75 pcu:458.75 scu:879.50 tlayer:3 pbqpoffset:1.84 pbfactor:1.24 avgQpOffsetCutree:0.00;
in:168 out:153 type:k q:11.60 q-aq:5.82 q-noVbv:11.60 q-Rceq:0.98 tex:705701 mv:36437 misc:3110 icu:1239.75 pcu:318.75 scu:1.50 tlayer:0 pbqpoffset:0.81 pbfactor:1.10 avgQpOffsetCutree:-6.42;
in:160 out:154 type:B q:12.64 q-aq:7.63 q-noVbv:12.64 q-Rceq:0.98 tex:289102 mv:20217 misc:4161 icu:552.50 pcu:871.50 scu:136.00 tlayer:1 pbqpoffset:1.05 pbfactor:1.13 avgQpOffsetCutree:-4.99;
in:156 out:155 type:B q:14.09 q-aq:9.84 q-noVbv:14.09 q-Rceq:0.98 tex:56467 mv:12103 misc:4518 icu:170.00 pcu:866.00 scu:524.00 tlayer:2 pbqpoffset:2.50 pbfactor:1.34 avgQpOffsetCutree:-3.86;
in:154 out:156 type:B q:14.14 q-aq:12.74 q-noVbv:14.14 q-Rceq:0.98 tex:62462 mv:8514 misc:3160 icu:97.25 pcu:802.00 scu:660.75 tlayer:3 pbqpoffset:2.55 pbfactor:1.34 avgQpOffsetCutree:-1.53;
in:153 out:157 type:b q:15.80 q-aq:15.97 q-noVbv:15.80 q-Rceq:0.98 tex:20939 mv:4118 misc:2303 icu:15.75 pcu:568.25 scu:976.00 tlayer:4 pbqpoffset:4.21 pbfactor:1.63 avgQpOffsetCutree:0.00;
in:155 out:158 type:b q:17.50 q-aq:17.09 q-noVbv:17.50 q-Rceq:0.98 tex:4478 mv:1770 misc:1424 icu:1.00 pcu:337.50 scu:1221.50 tlayer:4 pbqpoffset:5.91 pbfactor:1.98 avgQpOffsetCutree:0.00;
in:158 out:159 type:B q:14.50 q-aq:12.70 q-noVbv:14.50 q-Rceq:0.98 tex:11123 mv:5261 misc:2400 icu:13.25 pcu:732.75 scu:814.00 tlayer:3 pbqpoffset:2.91 pbfactor:1.40 avgQpOffsetCutree:-1.98;
in:157 out:160 type:b q:17.50 q-aq:17.17 q-noVbv:17.50 q-Rceq:0.98 tex:2074 mv:1005 misc:865 icu:2.00 pcu:245.00 scu:1313.00 tlayer:4 pbqpoffset:5.91 pbfactor:1.98 avgQpOffsetCutree:0.00;
in:159 out:161 type:b q:17.43 q-aq:17.00 q-noVbv:17.43 q-Rceq:0.98 tex:1011 mv:1410 misc:939 icu:0.00 pcu:376.00 scu:1184.00 tlayer:4 pbqpoffset:5.84 pbfactor:1.96 avgQpOffsetCutree:0.00;
in:164 out:162 type:B q:14.51 q-aq:10.68 q-noVbv:14.51 q-Rceq:0.98 tex:11423 mv:4242 misc:2367 icu:37.75 pcu:636.00 scu:886.25 tlayer:2 pbqpoffset:2.91 pbfactor:1.40 avgQpOffsetCutree:-3.33;
in:162 out:163 type:B q:14.51 q-aq:12.91 q-noVbv:14.51 q-Rceq:0.98 tex:1580 mv:2132 misc:1344 icu:5.00 pcu:519.50 scu:1035.50 tlayer:3 pbqpoffset:2.91 pbfactor:1.40 avgQpOffsetCutree:-1.87;
in:161 out:164 type:b q:17.29 q-aq:17.00 q-noVbv:17.29 q-Rceq:0.98 tex:114 mv:715 misc:547 icu:0.00 pcu:205.00 scu:1355.00 tlayer:4 pbqpoffset:5.69 pbfactor:1.93 avgQpOffsetCutree:0.00;
in:163 out:165 type:b q:17.22 q-aq:17.00 q-noVbv:17.22 q-Rceq:0.98 tex:926 mv:1071 misc:667 icu:2.25 pcu:261.75 scu:1296.00 tlayer:4 pbqpoffset:5.62 pbfactor:1.91 avgQpOffsetCutree:0.00;
in:166 out:166 type:B q:14.35 q-aq:13.55 q-noVbv:14.35 q-Rceq:0.98 tex:33837 mv:5000 misc:2011 icu:100.00 pcu:592.50 scu:867.50 tlayer:3 pbqpoffset:2.75 pbfactor:1.37 avgQpOffsetCutree:-1.60;
in:165 out:167 type:b q:16.51 q-aq:16.30 q-noVbv:16.51 q-Rceq:0.98 tex:17394 mv:4255 misc:1767 icu:28.50 pcu:643.00 scu:888.50 tlayer:4 pbqpoffset:4.91 pbfactor:1.76 avgQpOffsetCutree:0.00;
in:167 out:168 type:b q:17.51 q-aq:17.71 q-noVbv:17.51 q-Rceq:0.98 tex:10846 mv:2612 misc:1438 icu:10.00 pcu:283.00 scu:1267.00 tlayer:4 pbqpoffset:5.91 pbfactor:1.98 avgQpOffsetCutree:0.00;
in:176 out:169 type:k q:11.64 q-aq:5.56 q-noVbv:11.64 q-Rceq:0.98 tex:393135 mv:28816 misc:4177 icu:506.50 pcu:982.75 scu:70.75 tlayer:0 pbqpoffset:0.81 pbfactor:1.10 avgQpOffsetCutree:-5.81;
in:172 out:170 type:B q:13.46 q-aq:9.48 q-noVbv:13.46 q-Rceq:0.98 tex:25090 mv:6520 misc:2862 icu:80.25 pcu:634.75 scu:845.00 tlayer:1 pbqpoffset:1.83 pbfactor:1.24 avgQpOffsetCutree:-3.51;
in:170 out:171 type:B q:12.86 q-aq:11.98 q-noVbv:12.86 q-Rceq:0.98 tex:27238 mv:6328 misc:2282 icu:60.50 pcu:646.25 scu:853.25 tlayer:2 pbqpoffset:1.24 pbfactor:1.15 avgQpOffsetCutree:-1.55;
in:169 out:172 type:b q:13.69 q-aq:13.53 q-noVbv:13.69 q-Rceq:0.98 tex:20979 mv:5516 misc:2185 icu:54.50 pcu:599.25 scu:906.25 tlayer:3 pbqpoffset:2.08 pbfactor:1.27 avgQpOffsetCutree:0.00;
in:171 out:173 type:b q:16.35 q-aq:16.05 q-noVbv:16.35 q-Rceq:0.98 tex:5161 mv:1428 misc:1155 icu:0.25 pcu:380.75 scu:1179.00 tlayer:3 pbqpoffset:4.73 pbfactor:1.73 avgQpOffsetCutree:0.00;
in:174 out:174 type:B q:14.44 q-aq:13.07 q-noVbv:14.44 q-Rceq:0.98 tex:7295 mv:3609 misc:1656 icu:4.00 pcu:578.75 scu:977.25 tlayer:2 pbqpoffset:2.81 pbfactor:1.38 avgQpOffsetCutree:-1.98;
in:173 out:175 type:b q:16.89 q-aq:17.00 q-noVbv:16.89 q-Rceq:0.98 tex:3748 mv:1780 misc:1096 icu:18.75 pcu:486.50 scu:1054.75 tlayer:3 pbqpoffset:5.27 pbfactor:1.84 avgQpOffsetCutree:0.00;
in:175 out:176 type:b q:17.02 q-aq:17.00 q-noVbv:17.02 q-Rceq:0.98 tex:1145 mv:1259 misc:812 icu:0.00 pcu:300.00 scu:1260.00 tlayer:3 pbqpoffset:5.39 pbfactor:1.86 avgQpOffsetCutree:0.00;
in:180 out:177 type:k q:11.53 q-aq:7.47 q-noVbv:11.53 q-Rceq:0.98 tex:158686 mv:16896 misc:4298 icu:301.50 pcu:924.25 scu:334.25 tlayer:0 pbqpoffset:0.91 pbfactor:1.11 avgQpOffsetCutree:-3.83;
in:178 out:178 type:B q:12.29 q-aq:10.72 q-noVbv:12.29 q-Rceq:0.98 tex:23447 mv:7162 misc:2111 icu:18.25 pcu:693.75 scu:848.00 tlayer:1 pbqpoffset:0.70 pbfactor:1.08 avgQpOffsetCutree:-1.70;
in:177 out:179 type:b q:14.84 q-aq:15.00 q-noVbv:14.84 q-Rceq:0.98 tex:1603 mv:1206 misc:991 icu:1.00 pcu:320.00 scu:1239.00 tlayer:2 pbqpoffset:3.23 pbfactor:1.45 avgQpOffsetCutree:0.00;
in:179 out:180 type:b q:13.22 q-aq:13.14 q-noVbv:13.22 q-Rceq:0.98 tex:18554 mv:3601 misc:1661 icu:13.50 pcu:522.50 scu:1024.00 tlayer:2 pbqpoffset:1.67 pbfactor:1.21 avgQpOffsetCutree:0.00;
in:184 out:181 type:k q:11.43 q-aq:9.83 q-noVbv:11.43 q-Rceq:0.98 tex:154344 mv:15750 misc:3386 icu:998.50 pcu:465.75 scu:95.75 tlayer:0 pbqpoffset:0.67 pbfactor:1.08 avgQpOffsetCutree:-1.98;
in:182 out:182 type:B q:12.07 q-aq:12.06 q-noVbv:12.07 q-Rceq:0.98 tex:50349 mv:5673 misc:2434 icu:462.25 pcu:510.25 scu:587.50 tlayer:1 pbqpoffset:0.60 pbfactor:1.07 avgQpOffsetCutree:-1.25;
in:181 out:183 type:b q:13.23 q-aq:13.17 q-noVbv:13.23 q-Rceq:0.98 tex:23895 mv:4448 misc:1777 icu:88.25 pcu:616.75 scu:855.00 tlayer:2 pbqpoffset:1.73 pbfactor:1.22 avgQpOffsetCutree:0.00;
in:183 out:184 type:b q:13.18 q-aq:13.19 q-noVbv:13.18 q-Rceq:0.98 tex:59950 mv:6431 misc:2307 icu:819.75 pcu:282.75 scu:457.50 tlayer:2 pbqpoffset:1.73 pbfactor:1.22 avgQpOffsetCutree:0.00;
in:200 out:185 type:k q:11.49 q-aq:6.03 q-noVbv:11.49 q-Rceq:0.98 tex:678170 mv:34468 misc:3098 icu:1315.50 pcu:243.00 scu:1.50 tlayer:0 pbqpoffset:0.67 pbfactor:1.08 avgQpOffsetCutree:-6.78;
in:192 out:186 type:B q:13.63 q-aq:9.34 q-noVbv:13.63 q-Rceq:0.98 tex:233532 mv:17857 misc:4395 icu:493.75 pcu:730.75 scu:335.50 tlayer:1 pbqpoffset:2.18 pbfactor:1.29 avgQpOffsetCutree:-4.48;
in:188 out:187 type:B q:14.66 q-aq:11.29 q-noVbv:14.66 q-Rceq:0.98 tex:50406 mv:9811 misc:3911 icu:134.75 pcu:843.75 scu:581.50 tlayer:2 pbqpoffset:3.21 pbfactor:1.45 avgQpOffsetCutree:-3.37;
in:186 out:188 type:B q:14.13 q-aq:14.67 q-noVbv:14.13 q-Rceq:0.98 tex:56272 mv:5756 misc:2684 icu:571.00 pcu:489.25 scu:499.75 tlayer:3 pbqpoffset:2.69 pbfactor:1.36 avgQpOffsetCutree:-0.95;
in:185 out:189 type:b q:16.04 q-aq:16.19 q-noVbv:16.04 q-Rceq:0.98 tex:42032 mv:4565 misc:2227 icu:795.25 pcu:317.50 scu:447.25 tlayer:4 pbqpoffset:4.61 pbfactor:1.70 avgQpOffsetCutree:0.00;
in:187 out:190 type:b q:17.65 q-aq:17.94 q-noVbv:17.65 q-Rceq:0.98 tex:22438 mv:3236 misc:1582 icu:197.50 pcu:482.25 scu:880.25 tlayer:4 pbqpoffset:6.21 pbfactor:2.05 avgQpOffsetCutree:0.00;
in:190 out:191 type:B q:14.66 q-aq:13.39 q-noVbv:14.66 q-Rceq:0.98 tex:22770 mv:6187 misc:2531 icu:29.75 pcu:687.25 scu:843.00 tlayer:3 pbqpoffset:3.21 pbfactor:1.45 avgQpOffsetCutree:-1.90;
in:189 out:192 type:b q:17.66 q-aq:17.96 q-noVbv:17.66 q-Rceq:0.98 tex:4776 mv:1731 misc:1157 icu:0.75 pcu:307.00 scu:1252.25 tlayer:4 pbqpoffset:6.21 pbfactor:2.05 avgQpOffsetCutree:0.00;
in:191 out:193 type:b q:17.67 q-aq:17.88 q-noVbv:17.67 q-Rceq:0.98 tex:5393 mv:2001 misc:1182 icu:1.25 pcu:330.00 scu:1228.75 tlayer:4 pbqpoffset:6.21 pbfactor:2.05 avgQpOffsetCutree:0.00;
in:196 out:194 type:B q:14.68 q-aq:11.47 q-noVbv:14.68 q-Rceq:0.98 tex:39446 mv:7843 misc:2631 icu:83.75 pcu:663.25 scu:813.00 tlayer:2 pbqpoffset:3.21 pbfactor:1.45 avgQpOffsetCutree:-3.14;
in:194 out:195 type:B q:14.68 q-aq:13.00 q-noVbv:14.68 q-Rceq:0.98 tex:19199 mv:5015 misc:2474 icu:5.00 pcu:699.50 scu:855.50 tlayer:3 pbqpoffset:3.21 pbfactor:1.45 avgQpOffsetCutree:-1.72;
in:193 out:196 type:b q:17.67 q-aq:17.99 q-noVbv:17.67 q-Rceq:0.98 tex:5242 mv:1590 misc:1016 icu:0.25 pcu:308.75 scu:1251.00 tlayer:4 pbqpoffset:6.21 pbfactor:2.05 avgQpOffsetCutree:0.00;
in:195 out:197 type:b q:17.68 q-aq:17.99 q-noVbv:17.68 q-Rceq:0.98 tex:7574 mv:1643 misc:1167 icu:3.50 pcu:229.00 scu:1327.50 tlayer:4 pbqpoffset:6.21 pbfactor:2.05 avgQpOffsetCutree:0.00;
in:198 out:198 type:B q:14.69 q-aq:13.46 q-noVbv:14.69 q-Rceq:0.98 tex:30985 mv:4995 misc:1820 icu:46.50 pcu:579.25 scu:934.25 tlayer:3 pbqpoffset:3.21 pbfactor:1.45 avgQpOffsetCutree:-1.60;
in:197 out:199 type:b q:17.69 q-aq:18.00 q-noVbv:17.69 q-Rceq:0.98 tex:8141 mv:2107 misc:1352 icu:2.25 pcu:328.50 scu:1229.25 tlayer:4 pbqpoffset:6.21 pbfactor:2.05 avgQpOffsetCutree:0.00;
in:199 out:200 type:b q:17.70 q-aq:17.99 q-noVbv:17.70 q-Rceq:0.98 tex:10427 mv:1886 misc:1063 icu:2.75 pcu:265.25 scu:1292.00 tlayer:4 pbqpoffset:6.21 pbfactor:2.05 avgQpOffsetCutree:0.00;
in:204 out:201 type:k q:11.48 q-aq:5.06 q-noVbv:11.48 q-Rceq:0.98 tex:501080 mv:27662 misc:3738 icu:387.00 pcu:1118.25 scu:54.75 tlayer:0 pbqpoffset:0.85 pbfactor:1.10 avgQpOffsetCutree:-6.07;
in:202 out:202 type:B q:13.58 q-aq:12.40 q-noVbv:13.58 q-Rceq:0.98 tex:23665 mv:4808 misc:2335 icu:21.25 pcu:518.25 scu:1020.50 tlayer:1 pbqpoffset:2.10 pbfactor:1.27 avgQpOffsetCutree:-1.73;
in:201 out:203 type:b q:16.03 q-aq:16.02 q-noVbv:16.03 q-Rceq:0.98 tex:7499 mv:1910 misc:1087 icu:2.00 pcu:367.00 scu:1191.00 tlayer:2 pbqpoffset:4.54 pbfactor:1.69 avgQpOffsetCutree:0.00;
in:203 out:204 type:b q:15.81 q-aq:16.08 q-noVbv:15.81 q-Rceq:0.98 tex:11176 mv:2278 misc:1258 icu:9.25 pcu:296.25 scu:1254.50 tlayer:2 pbqpoffset:4.33 pbfactor:1.65 avgQpOffsetCutree:0.00;
in:220 out:205 type:k q:11.72 q-aq:6.10 q-noVbv:11.72 q-Rceq:0.98 tex:579065 mv:31429 misc:3186 icu:1002.25 pcu:552.00 scu:5.75 tlayer:0 pbqpoffset:-0.09 pbfactor:0.99 avgQpOffsetCutree:-5.93;
in:212 out:206 type:B q:13.12 q-aq:8.37 q-noVbv:13.12 q-Rceq:0.98 tex:202951 mv:21649 misc:4592 icu:270.00 pcu:1041.75 scu:248.25 tlayer:1 pbqpoffset:1.52 pbfactor:1.19 avgQpOffsetCutree:-4.39;
in:208 out:207 type:B q:13.69 q-aq:10.08 q-noVbv:13.69 q-Rceq:0.98 tex:62823 mv:12398 misc:3291 icu:104.75 pcu:890.25 scu:565.00 tlayer:2 pbqpoffset:2.15 pbfactor:1.28 avgQpOffsetCutree:-3.14;
in:206 out:208 type:B q:14.11 q-aq:12.94 q-noVbv:14.11 q-Rceq:0.98 tex:19062 mv:3658 misc:1584 icu:59.50 pcu:436.25 scu:1064.25 tlayer:3 pbqpoffset:2.60 pbfactor:1.35 avgQpOffsetCutree:-1.93;
in:205 out:209 type:b q:17.10 q-aq:17.19 q-noVbv:17.10 q-Rceq:0.98 tex:8477 mv:1607 misc:948 icu:2.25 pcu:263.00 scu:1294.75 tlayer:4 pbqpoffset:5.60 pbfactor:1.91 avgQpOffsetCutree:0.00;
in:207 out:210 type:b q:17.07 q-aq:17.00 q-noVbv:17.07 q-Rceq:0.98 tex:3948 mv:1418 misc:914 icu:2.00 pcu:280.25 scu:1277.75 tlayer:4 pbqpoffset:5.55 pbfactor:1.90 avgQpOffsetCutree:0.00;
in:210 out:211 type:B q:14.17 q-aq:12.49 q-noVbv:14.17 q-Rceq:0.98 tex:19213 mv:5849 misc:2162 icu:14.75 pcu:640.50 scu:904.75 tlayer:3 pbqpoffset:2.60 pbfactor:1.35 avgQpOffsetCutree:-2.08;
in:209 out:212 type:b q:17.16 q-aq:17.06 q-noVbv:17.16 q-Rceq:0.98 tex:4605 mv:1851 misc:1024 icu:1.25 pcu:360.00 scu:1198.75 tlayer:4 pbqpoffset:5.60 pbfactor:1.91 avgQpOffsetCutree:0.00;
in:211 out:213 type:b q:17.19 q-aq:17.00 q-noVbv:17.19 q-Rceq:0.98 tex:3713 mv:1891 misc:1052 icu:1.75 pcu:554.75 scu:1003.50 tlayer:4 pbqpoffset:5.60 pbfactor:1.91 avgQpOffsetCutree:0.00;
in:216 out:214 type:B q:12.40 q-aq:9.55 q-noVbv:12.40 q-Rceq:0.98 tex:101857 mv:14868 misc:4083 icu:385.75 pcu:681.75 scu:492.50 tlayer:2 pbqpoffset:0.74 pbfactor:1.09 avgQpOffsetCutree:-2.70;
in:214 out:215 type:B q:12.83 q-aq:11.27 q-noVbv:12.83 q-Rceq:0.98 tex:55296 mv:6736 misc:2552 icu:199.75 pcu:518.50 scu:841.75 tlayer:3 pbqpoffset:1.20 pbfactor:1.15 avgQpOffsetCutree:-1.93;
in:213 out:216 type:b q:16.38 q-aq:16.40 q-noVbv:16.38 q-Rceq:0.98 tex:22567 mv:4515 misc:1686 icu:48.00 pcu:430.75 scu:1081.25 tlayer:4 pbqpoffset:4.77 pbfactor:1.73 avgQpOffsetCutree:0.00;
in:215 out:217 type:b q:16.89 q-aq:17.23 q-noVbv:16.89 q-Rceq:0.98 tex:15707 mv:3443 misc:1586 icu:43.25 pcu:341.25 scu:1175.50 tlayer:4 pbqpoffset:5.25 pbfactor:1.83 avgQpOffsetCutree:0.00;
in:218 out:218 type:B q:13.89 q-aq:12.12 q-noVbv:13.89 q-Rceq:0.98 tex:42692 mv:5865 misc:2819 icu:52.75 pcu:711.50 scu:795.75 tlayer:3 pbqpoffset:2.21 pbfactor:1.29 avgQpOffsetCutree:-1.80;
in:217 out:219 type:b q:17.19 q-aq:17.10 q-noVbv:17.19 q-Rceq:0.98 tex:11246 mv:3315 misc:1767 icu:35.25 pcu:405.25 scu:1119.50 tlayer:4 pbqpoffset:5.51 pbfactor:1.89 avgQpOffsetCutree:0.00;
in:219 out:220 type:b q:17.31 q-aq:17.36 q-noVbv:17.31 q-Rceq:0.98 tex:9690 mv:2354 misc:1284 icu:2.00 pcu:348.25 scu:1209.75 tlayer:4 pbqpoffset:5.60 pbfactor:1.91 avgQpOffsetCutree:0.00;
in:236 out:221 type:k q:12.18 q-aq:6.62 q-noVbv:12.18 q-Rceq:0.98 tex:595556 mv:36469 misc:3271 icu:897.00 pcu:648.50 scu:14.50 tlayer:0 pbqpoffset:-0.37 pbfactor:0.96 avgQpOffsetCutree:-5.66;
in:228 out:222 type:B q:13.80 q-aq:8.58 q-noVbv:13.80 q-Rceq:0.98 tex:144373 mv:16250 misc:4833 icu:218.50 pcu:1010.50 scu:331.00 tlayer:1 pbqpoffset:1.85 pbfactor:1.24 avgQpOffsetCutree:-4.56;
in:224 out:223 type:B q:12.91 q-aq:11.70 q-noVbv:12.91 q-Rceq:0.98 tex:93144 mv:13356 misc:3628 icu:366.50 pcu:618.75 scu:574.75 tlayer:2 pbqpoffset:1.08 pbfactor:1.13 avgQpOffsetCutree:-1.51;
in:222 out:224 type:B q:14.29 q-aq:12.27 q-noVbv:14.29 q-Rceq:0.98 tex:32176 mv:5788 misc:2460 icu:54.75 pcu:583.00 scu:922.25 tlayer:3 pbqpoffset:2.52 pbfactor:1.34 avgQpOffsetCutree:-2.16;
in:221 out:225 type:b q:17.61 q-aq:17.89 q-noVbv:17.61 q-Rceq:0.98 tex:7744 mv:2110 misc:1250 icu:2.00 pcu:271.00 scu:1287.00 tlayer:4 pbqpoffset:5.86 pbfactor:1.97 avgQpOffsetCutree:0.00;
in:223 out:226 type:b q:17.66 q-aq:17.98 q-noVbv:17.66 q-Rceq:0.98 tex:7956 mv:1861 misc:1247 icu:1.25 pcu:330.25 scu:1228.50 tlayer:4 pbqpoffset:5.86 pbfactor:1.97 avgQpOffsetCutree:0.00;
in:226 out:227 type:B q:14.75 q-aq:13.08 q-noVbv:14.75 q-Rceq:0.98 tex:20104 mv:5342 misc:2250 icu:28.75 pcu:646.25 scu:885.00 tlayer:3 pbqpoffset:2.86 pbfactor:1.39 avgQpOffsetCutree:-1.84;
in:225 out:228 type:b q:17.72 q-aq:17.99 q-noVbv:17.72 q-Rceq:0.98 tex:6021 mv:2045 misc:1030 icu:12.00 pcu:347.25 scu:1200.75 tlayer:4 pbqpoffset:5.86 pbfactor:1.97 avgQpOffsetCutree:0.00;
in:227 out:229 type:b q:17.78 q-aq:18.00 q-noVbv:17.78 q-Rceq:0.98 tex:4391 mv:2274 misc:1031 icu:7.75 pcu:390.25 scu:1162.00 tlayer:4 pbqpoffset:5.86 pbfactor:1.97 avgQpOffsetCutree:0.00;
in:232 out:230 type:B q:14.93 q-aq:11.51 q-noVbv:14.93 q-Rceq:0.98 tex:32567 mv:9345 misc:2848 icu:113.50 pcu:651.25 scu:795.25 tlayer:2 pbqpoffset:2.86 pbfactor:1.39 avgQpOffsetCutree:-2.88;
in:230 out:231 type:B q:14.87 q-aq:13.80 q-noVbv:14.87 q-Rceq:0.98 tex:11029 mv:4096 misc:1675 icu:11.75 pcu:583.75 scu:964.50 tlayer:3 pbqpoffset:2.86 pbfactor:1.39 avgQpOffsetCutree:-1.80;
in:229 out:232 type:b q:17.84 q-aq:18.00 q-noVbv:17.84 q-Rceq:0.98 tex:2004 mv:1225 misc:827 icu:4.50 pcu:289.50 scu:1266.00 tlayer:4 pbqpoffset:5.86 pbfactor:1.97 avgQpOffsetCutree:0.00;
in:231 out:233 type:b q:17.84 q-aq:18.00 q-noVbv:17.84 q-Rceq:0.98 tex:2458 mv:1097 misc:765 icu:0.00 pcu:291.00 scu:1269.00 tlayer:4 pbqpoffset:5.80 pbfactor:1.95 avgQpOffsetCutree:0.00;
in:234 out:234 type:B q:14.98 q-aq:13.08 q-noVbv:14.98 q-Rceq:0.98 tex:9369 mv:3845 misc:1626 icu:9.00 pcu:568.00 scu:983.00 tlayer:3 pbqpoffset:2.86 pbfactor:1.39 avgQpOffsetCutree:-1.81;
in:233 out:235 type:b q:17.95 q-aq:18.01 q-noVbv:17.95 q-Rceq:0.98 tex:2912 mv:1620 misc:852 icu:9.75 pcu:261.25 scu:1289.00 tlayer:4 pbqpoffset:5.86 pbfactor:1.97 avgQpOffsetCutree:0.00;
in:235 out:236 type:b q:18.01 q-aq:18.00 q-noVbv:18.01 q-Rceq:0.98 tex:1605 mv:997 misc:758 icu:0.00 pcu:341.75 scu:1218.25 tlayer:4 pbqpoffset:5.86 pbfactor:1.97 avgQpOffsetCutree:0.00;
in:239 out:237 type:k q:11.91 q-aq:9.97 q-noVbv:11.91 q-Rceq:0.98 tex:60827 mv:12627 misc:2938 icu:191.00 pcu:577.25 scu:791.75 tlayer:0 pbqpoffset:-0.19 pbfactor:0.98 avgQpOffsetCutree:-1.84;
in:238 out:238 type:B q:13.16 q-aq:13.11 q-noVbv:13.16 q-Rceq:0.98 tex:21093 mv:6168 misc:1947 icu:46.50 pcu:450.75 scu:1062.75 tlayer:1 pbqpoffset:1.16 pbfactor:1.14 avgQpOffsetCutree:-0.83;
in:237 out:239 type:b q:14.10 q-aq:14.02 q-noVbv:14.10 q-Rceq:0.98 tex:13266 mv:3847 misc:1511 icu:17.25 pcu:468.75 scu:1074.00 tlayer:2 pbqpoffset:2.01 pbfactor:1.26 avgQpOffsetCutree:0.00;
