#options: cpuid=1173503 frame-threads=1 no-wpp no-pmode no-pme psnr no-ssim log-level=2 bitdepth=8 input-csp=1 fps=24000/1000 input-res=832x480 interlace=0 total-frames=240 level-idc=0 high-tier=1 uhd-bd=0 ref=4 no-allow-non-conformance no-repeat-headers annexb no-aud no-hrd info hash=0 no-temporal-layers open-gop min-keyint=1 keyint=5000 bframes=15 b-adapt=2 b-pyramid bframe-bias=0 rc-lookahead=40 lookahead-slices=0 scenecut=40 no-intra-refresh ctu=64 min-cu-size=8 rect amp max-tu-size=32 tu-inter-depth=3 tu-intra-depth=3 limit-tu=4 rdoq-level=2 dynamic-rd=0.00 no-ssim-rd signhide no-tskip nr-intra=0 nr-inter=0 no-constrained-intra strong-intra-smoothing max-merge=4 limit-refs=1 limit-modes me=3 subme=4 merange=57 temporal-mvp weightp weightb no-analyze-src-pics deblock=0:0 sao no-sao-non-deblock rd=6 no-early-skip rskip no-fast-intra no-tskip-fast no-cu-lossless b-intra rdpenalty=0 psy-rd=0.00 psy-rdoq=0.00 no-rd-refine analysis-reuse-mode=0 no-lossless cbqpoffs=0 crqpoffs=0 rc=abr bitrate=2000 qcomp=0.60 qpstep=4 stats-write=1 stats-read=0 slow-firstpass ipratio=1.40 pbratio=1.30 aq-mode=1 aq-strength=0.00 cutree zone-count=0 no-strict-cbr qg-size=64 no-rc-grain qpmax=69 qpmin=0 no-const-vbv sar=0 overscan=0 videoformat=5 range=0 colorprim=2 transfer=2 colormatrix=2 chromaloc=0 display-window=0 max-cll=0,0 min-luma=0 max-luma=255 log2-max-poc-lsb=8 vui-timing-info vui-hrd-info slices=1 opt-qp-pps opt-ref-list-length-pps no-multi-pass-opt-rps scenecut-bias=0.05 no-opt-cu-delta-qp no-aq-motion no-hdr no-hdr-opt no-dhdr10-opt analysis-reuse-level=5 scale-factor=0 refine-intra=0 refine-inter=0 refine-mv=0 no-limit-sao ctu-info=0 max-tlayer=4
in:0 out:0 type:I q:20.86 q-aq:14.62 q-noVbv:20.86 q-Rceq:0.98 tex:404125 mv:28204 misc:2871 icu:1560.00 pcu:0.00 scu:0.00 tlayer:0 pbqpoffset:0.00 pbfactor:1.00 avgQpOffsetCutree:-6.18;
in:16 out:1 type:k q:23.77 q-aq:14.76 q-noVbv:23.77 q-Rceq:0.98 tex:180291 mv:18718 misc:4335 icu:676.75 pcu:662.75 scu:220.50 tlayer:0 pbqpoffset:0.00 pbfactor:1.00 avgQpOffsetCutree:-7.92;
in:8 out:2 type:B q:25.84 q-aq:22.97 q-noVbv:25.84 q-Rceq:0.98 tex:45953 mv:10430 misc:2209 icu:336.25 pcu:529.50 scu:694.25 tlayer:1 pbqpoffset:2.07 pbfactor:1.27 avgQpOffsetCutree:-4.17;
in:4 out:3 type:B q:25.84 q-aq:23.29 q-noVbv:25.84 q-Rceq:0.98 tex:31239 mv:8254 misc:1723 icu:349.00 pcu:421.75 scu:789.25 tlayer:2 pbqpoffset:2.07 pbfactor:1.27 avgQpOffsetCutree:-3.16;
in:2 out:4 type:B q:26.61 q-aq:25.84 q-noVbv:26.61 q-Rceq:0.98 tex:14002 mv:5848 misc:1430 icu:135.50 pcu:536.75 scu:887.75 tlayer:3 pbqpoffset:2.83 pbfactor:1.39 avgQpOffsetCutree:-1.71;
in:1 out:5 type:b q:30.70 q-aq:31.00 q-noVbv:30.70 q-Rceq:0.98 tex:1822 mv:3181 misc:893 icu:6.25 pcu:408.50 scu:1145.25 tlayer:4 pbqpoffset:6.93 pbfactor:2.23 avgQpOffsetCutree:0.00;
in:3 out:6 type:b q:29.20 q-aq:29.22 q-noVbv:29.20 q-Rceq:0.98 tex:3669 mv:3920 misc:1251 icu:32.00 pcu:386.25 scu:1141.75 tlayer:4 pbqpoffset:5.43 pbfactor:1.87 avgQpOffsetCutree:0.00;
in:6 out:7 type:B q:26.46 q-aq:25.35 q-noVbv:26.46 q-Rceq:0.98 tex:17643 mv:6972 misc:1705 icu:121.25 pcu:594.00 scu:844.75 tlayer:3 pbqpoffset:2.69 pbfactor:1.37 avgQpOffsetCutree:-1.85;
in:5 out:8 type:b q:28.45 q-aq:28.57 q-noVbv:28.45 q-Rceq:0.98 tex:5475 mv:3532 misc:1073 icu:79.00 pcu:461.50 scu:1019.50 tlayer:4 pbqpoffset:4.68 pbfactor:1.72 avgQpOffsetCutree:0.00;
in:7 out:9 type:b q:28.97 q-aq:29.07 q-noVbv:28.97 q-Rceq:0.98 tex:3167 mv:4453 misc:1428 icu:20.25 pcu:372.00 scu:1167.75 tlayer:4 pbqpoffset:5.20 pbfactor:1.82 avgQpOffsetCutree:0.00;
in:12 out:10 type:B q:25.84 q-aq:24.20 q-noVbv:25.84 q-Rceq:0.98 tex:25873 mv:7171 misc:1900 icu:280.50 pcu:384.50 scu:895.00 tlayer:2 pbqpoffset:2.07 pbfactor:1.27 avgQpOffsetCutree:-3.24;
in:10 out:11 type:B q:25.91 q-aq:25.27 q-noVbv:25.91 q-Rceq:0.98 tex:20074 mv:5878 misc:1528 icu:210.50 pcu:449.75 scu:899.75 tlayer:3 pbqpoffset:2.14 pbfactor:1.28 avgQpOffsetCutree:-1.77;
in:9 out:12 type:b q:29.29 q-aq:29.35 q-noVbv:29.29 q-Rceq:0.98 tex:4050 mv:4301 misc:1289 icu:17.25 pcu:409.50 scu:1133.25 tlayer:4 pbqpoffset:5.52 pbfactor:1.89 avgQpOffsetCutree:0.00;
in:11 out:13 type:b q:28.17 q-aq:28.32 q-noVbv:28.17 q-Rceq:0.98 tex:9119 mv:3827 misc:1366 icu:63.25 pcu:373.25 scu:1123.50 tlayer:4 pbqpoffset:4.40 pbfactor:1.66 avgQpOffsetCutree:0.00;
in:14 out:14 type:B q:27.42 q-aq:26.24 q-noVbv:27.42 q-Rceq:0.98 tex:10167 mv:5803 misc:1734 icu:29.50 pcu:369.25 scu:1161.25 tlayer:3 pbqpoffset:3.65 pbfactor:1.52 avgQpOffsetCutree:-1.68;
in:13 out:15 type:b q:30.70 q-aq:31.00 q-noVbv:30.70 q-Rceq:0.98 tex:1866 mv:3077 misc:937 icu:2.00 pcu:290.00 scu:1268.00 tlayer:4 pbqpoffset:6.93 pbfactor:2.23 avgQpOffsetCutree:0.00;
in:15 out:16 type:b q:30.70 q-aq:31.00 q-noVbv:30.70 q-Rceq:0.98 tex:642 mv:2106 misc:820 icu:1.00 pcu:179.00 scu:1380.00 tlayer:4 pbqpoffset:6.93 pbfactor:2.23 avgQpOffsetCutree:0.00;
in:32 out:17 type:k q:19.77 q-aq:13.71 q-noVbv:19.77 q-Rceq:0.98 tex:322555 mv:24095 misc:3206 icu:1139.50 pcu:418.25 scu:2.25 tlayer:0 pbqpoffset:0.00 pbfactor:1.00 avgQpOffsetCutree:-6.23;
in:24 out:18 type:B q:24.29 q-aq:17.32 q-noVbv:24.29 q-Rceq:0.98 tex:62105 mv:10048 misc:3055 icu:92.00 pcu:686.75 scu:781.25 tlayer:1 pbqpoffset:2.52 pbfactor:1.34 avgQpOffsetCutree:-6.13;
in:20 out:19 type:B q:26.19 q-aq:22.24 q-noVbv:26.19 q-Rceq:0.98 tex:1822 mv:1656 misc:922 icu:0.25 pcu:274.25 scu:1285.50 tlayer:2 pbqpoffset:3.42 pbfactor:1.48 avgQpOffsetCutree:-4.04;
in:18 out:20 type:B q:26.69 q-aq:25.06 q-noVbv:26.69 q-Rceq:0.98 tex:2135 mv:2507 misc:846 icu:2.25 pcu:184.25 scu:1373.50 tlayer:3 pbqpoffset:3.42 pbfactor:1.48 avgQpOffsetCutree:-2.22;
in:17 out:21 type:b q:29.94 q-aq:30.00 q-noVbv:29.94 q-Rceq:0.98 tex:387 mv:1136 misc:509 icu:0.00 pcu:83.00 scu:1477.00 tlayer:4 pbqpoffset:6.42 pbfactor:2.10 avgQpOffsetCutree:0.00;
in:19 out:22 type:b q:29.12 q-aq:29.00 q-noVbv:29.12 q-Rceq:0.98 tex:80 mv:349 misc:315 icu:0.00 pcu:29.75 scu:1530.25 tlayer:4 pbqpoffset:6.10 pbfactor:2.02 avgQpOffsetCutree:0.00;
in:22 out:23 type:B q:25.69 q-aq:25.69 q-noVbv:25.69 q-Rceq:0.98 tex:34 mv:328 misc:286 icu:0.00 pcu:106.00 scu:1454.00 tlayer:3 pbqpoffset:3.42 pbfactor:1.48 avgQpOffsetCutree:-2.14;
in:21 out:24 type:b q:28.62 q-aq:29.00 q-noVbv:28.62 q-Rceq:0.98 tex:94 mv:213 misc:293 icu:0.00 pcu:60.50 scu:1499.50 tlayer:4 pbqpoffset:6.10 pbfactor:2.02 avgQpOffsetCutree:0.00;
in:23 out:25 type:b q:28.12 q-aq:28.00 q-noVbv:28.12 q-Rceq:0.98 tex:1 mv:45 misc:202 icu:0.00 pcu:4.00 scu:1556.00 tlayer:4 pbqpoffset:6.10 pbfactor:2.02 avgQpOffsetCutree:0.00;
in:28 out:26 type:B q:24.19 q-aq:20.92 q-noVbv:24.19 q-Rceq:0.98 tex:980 mv:1302 misc:990 icu:0.00 pcu:255.00 scu:1305.00 tlayer:2 pbqpoffset:3.42 pbfactor:1.48 avgQpOffsetCutree:-4.06;
in:26 out:27 type:B q:24.69 q-aq:23.67 q-noVbv:24.69 q-Rceq:0.98 tex:239 mv:467 misc:414 icu:0.00 pcu:153.75 scu:1406.25 tlayer:3 pbqpoffset:3.42 pbfactor:1.48 avgQpOffsetCutree:-2.19;
in:25 out:28 type:b q:27.73 q-aq:28.00 q-noVbv:27.73 q-Rceq:0.98 tex:5 mv:99 misc:200 icu:0.00 pcu:80.00 scu:1480.00 tlayer:4 pbqpoffset:6.21 pbfactor:2.05 avgQpOffsetCutree:0.00;
in:27 out:29 type:b q:27.12 q-aq:27.00 q-noVbv:27.12 q-Rceq:0.98 tex:9 mv:175 misc:248 icu:0.00 pcu:134.00 scu:1426.00 tlayer:4 pbqpoffset:6.10 pbfactor:2.02 avgQpOffsetCutree:0.00;
in:30 out:30 type:B q:21.90 q-aq:21.92 q-noVbv:21.90 q-Rceq:0.98 tex:28881 mv:6061 misc:1978 icu:207.25 pcu:472.50 scu:880.25 tlayer:3 pbqpoffset:1.63 pbfactor:1.21 avgQpOffsetCutree:-1.41;
in:29 out:31 type:b q:26.94 q-aq:27.00 q-noVbv:26.94 q-Rceq:0.98 tex:4857 mv:2754 misc:1213 icu:2.00 pcu:458.75 scu:1099.25 tlayer:4 pbqpoffset:6.42 pbfactor:2.10 avgQpOffsetCutree:0.00;
in:31 out:32 type:b q:23.17 q-aq:23.20 q-noVbv:23.17 q-Rceq:0.98 tex:21355 mv:5304 misc:1749 icu:128.25 pcu:491.25 scu:940.50 tlayer:4 pbqpoffset:3.15 pbfactor:1.44 avgQpOffsetCutree:0.00;
in:48 out:33 type:k q:15.77 q-aq:7.26 q-noVbv:15.77 q-Rceq:0.98 tex:647189 mv:32349 misc:3582 icu:957.00 pcu:594.75 scu:8.25 tlayer:0 pbqpoffset:0.00 pbfactor:1.00 avgQpOffsetCutree:-7.83;
in:40 out:34 type:B q:19.27 q-aq:15.71 q-noVbv:19.27 q-Rceq:0.98 tex:103161 mv:14610 misc:3189 icu:424.75 pcu:587.50 scu:547.75 tlayer:1 pbqpoffset:1.50 pbfactor:1.19 avgQpOffsetCutree:-4.39;
in:36 out:35 type:B q:21.67 q-aq:17.43 q-noVbv:21.67 q-Rceq:0.98 tex:25715 mv:5492 misc:2265 icu:29.00 pcu:720.50 scu:810.50 tlayer:2 pbqpoffset:2.90 pbfactor:1.40 avgQpOffsetCutree:-4.04;
in:34 out:36 type:B q:22.54 q-aq:21.26 q-noVbv:22.54 q-Rceq:0.98 tex:16731 mv:6399 misc:2342 icu:18.75 pcu:521.00 scu:1020.25 tlayer:3 pbqpoffset:3.27 pbfactor:1.46 avgQpOffsetCutree:-1.76;
in:33 out:37 type:b q:25.20 q-aq:25.05 q-noVbv:25.20 q-Rceq:0.98 tex:4097 mv:4256 misc:1607 icu:5.25 pcu:461.75 scu:1093.00 tlayer:4 pbqpoffset:5.67 pbfactor:1.93 avgQpOffsetCutree:0.00;
in:35 out:38 type:b q:25.39 q-aq:25.29 q-noVbv:25.39 q-Rceq:0.98 tex:483 mv:1465 misc:700 icu:3.25 pcu:278.00 scu:1278.75 tlayer:4 pbqpoffset:6.36 pbfactor:2.09 avgQpOffsetCutree:0.00;
in:38 out:39 type:B q:21.64 q-aq:19.55 q-noVbv:21.64 q-Rceq:0.98 tex:3120 mv:2588 misc:1292 icu:1.00 pcu:624.25 scu:934.75 tlayer:3 pbqpoffset:3.36 pbfactor:1.48 avgQpOffsetCutree:-2.12;
in:37 out:40 type:b q:24.89 q-aq:25.00 q-noVbv:24.89 q-Rceq:0.98 tex:50 mv:442 misc:380 icu:0.00 pcu:142.25 scu:1417.75 tlayer:4 pbqpoffset:6.36 pbfactor:2.09 avgQpOffsetCutree:0.00;
in:39 out:41 type:b q:24.39 q-aq:24.27 q-noVbv:24.39 q-Rceq:0.98 tex:2800 mv:1020 misc:884 icu:3.50 pcu:250.50 scu:1306.00 tlayer:4 pbqpoffset:6.36 pbfactor:2.09 avgQpOffsetCutree:0.00;
in:44 out:42 type:B q:19.41 q-aq:16.00 q-noVbv:19.41 q-Rceq:0.98 tex:37132 mv:6010 misc:2338 icu:88.25 pcu:597.50 scu:874.25 tlayer:2 pbqpoffset:2.63 pbfactor:1.36 avgQpOffsetCutree:-3.46;
in:42 out:43 type:B q:19.69 q-aq:18.97 q-noVbv:19.69 q-Rceq:0.98 tex:26243 mv:4093 misc:1536 icu:196.50 pcu:445.25 scu:918.25 tlayer:3 pbqpoffset:2.42 pbfactor:1.32 avgQpOffsetCutree:-1.53;
in:41 out:44 type:b q:22.59 q-aq:23.01 q-noVbv:22.59 q-Rceq:0.98 tex:10822 mv:3215 misc:1051 icu:89.25 pcu:417.25 scu:1053.50 tlayer:4 pbqpoffset:5.07 pbfactor:1.80 avgQpOffsetCutree:0.00;
in:43 out:45 type:b q:23.39 q-aq:23.10 q-noVbv:23.39 q-Rceq:0.98 tex:5324 mv:2741 misc:1087 icu:11.00 pcu:317.50 scu:1231.50 tlayer:4 pbqpoffset:6.36 pbfactor:2.09 avgQpOffsetCutree:0.00;
in:46 out:46 type:B q:19.64 q-aq:18.56 q-noVbv:19.64 q-Rceq:0.98 tex:10219 mv:3586 misc:1547 icu:5.50 pcu:448.25 scu:1106.25 tlayer:3 pbqpoffset:3.36 pbfactor:1.48 avgQpOffsetCutree:-1.99;
in:45 out:47 type:b q:22.89 q-aq:23.00 q-noVbv:22.89 q-Rceq:0.98 tex:496 mv:1150 misc:658 icu:0.00 pcu:162.75 scu:1397.25 tlayer:4 pbqpoffset:6.36 pbfactor:2.09 avgQpOffsetCutree:0.00;
in:47 out:48 type:b q:22.39 q-aq:22.09 q-noVbv:22.39 q-Rceq:0.98 tex:235 mv:664 misc:461 icu:0.00 pcu:132.75 scu:1427.25 tlayer:4 pbqpoffset:6.36 pbfactor:2.09 avgQpOffsetCutree:0.00;
in:56 out:49 type:k q:15.49 q-aq:7.20 q-noVbv:15.49 q-Rceq:0.98 tex:320206 mv:29084 misc:5014 icu:262.00 pcu:1166.50 scu:131.50 tlayer:0 pbqpoffset:0.00 pbfactor:1.00 avgQpOffsetCutree:-7.33;
in:52 out:50 type:B q:18.09 q-aq:13.52 q-noVbv:18.09 q-Rceq:0.98 tex:15550 mv:5792 misc:2450 icu:1.00 pcu:522.75 scu:1036.25 tlayer:1 pbqpoffset:2.46 pbfactor:1.33 avgQpOffsetCutree:-4.04;
in:50 out:51 type:B q:18.71 q-aq:17.14 q-noVbv:18.71 q-Rceq:0.98 tex:5686 mv:2524 misc:1262 icu:0.00 pcu:349.00 scu:1211.00 tlayer:2 pbqpoffset:3.01 pbfactor:1.42 avgQpOffsetCutree:-1.99;
in:49 out:52 type:b q:21.74 q-aq:22.00 q-noVbv:21.74 q-Rceq:0.98 tex:517 mv:841 misc:522 icu:1.00 pcu:146.00 scu:1413.00 tlayer:3 pbqpoffset:6.01 pbfactor:2.00 avgQpOffsetCutree:0.00;
in:51 out:53 type:b q:21.28 q-aq:21.00 q-noVbv:21.28 q-Rceq:0.98 tex:384 mv:560 misc:368 icu:0.00 pcu:139.75 scu:1420.25 tlayer:3 pbqpoffset:5.61 pbfactor:1.91 avgQpOffsetCutree:0.00;
in:54 out:54 type:B q:18.57 q-aq:16.90 q-noVbv:18.57 q-Rceq:0.98 tex:2449 mv:2193 misc:1118 icu:0.00 pcu:364.50 scu:1195.50 tlayer:2 pbqpoffset:3.01 pbfactor:1.42 avgQpOffsetCutree:-1.85;
in:53 out:55 type:b q:20.94 q-aq:21.00 q-noVbv:20.94 q-Rceq:0.98 tex:196 mv:416 misc:524 icu:0.00 pcu:115.00 scu:1445.00 tlayer:3 pbqpoffset:5.35 pbfactor:1.85 avgQpOffsetCutree:0.00;
in:55 out:56 type:b q:21.14 q-aq:21.00 q-noVbv:21.14 q-Rceq:0.98 tex:14 mv:285 misc:349 icu:0.00 pcu:98.00 scu:1462.00 tlayer:3 pbqpoffset:5.61 pbfactor:1.91 avgQpOffsetCutree:0.00;
in:72 out:57 type:k q:11.49 q-aq:5.54 q-noVbv:11.49 q-Rceq:0.98 tex:869195 mv:42160 misc:2885 icu:1145.25 pcu:414.50 scu:0.25 tlayer:0 pbqpoffset:0.93 pbfactor:1.11 avgQpOffsetCutree:-6.72;
in:64 out:58 type:B q:14.86 q-aq:9.45 q-noVbv:14.86 q-Rceq:0.98 tex:242251 mv:18690 misc:3931 icu:549.00 pcu:596.50 scu:414.50 tlayer:1 pbqpoffset:1.36 pbfactor:1.17 avgQpOffsetCutree:-4.85;
in:60 out:59 type:B q:17.48 q-aq:11.70 q-noVbv:17.48 q-Rceq:0.98 tex:26021 mv:6512 misc:3819 icu:19.75 pcu:803.75 scu:736.50 tlayer:2 pbqpoffset:2.99 pbfactor:1.41 avgQpOffsetCutree:-4.32;
in:58 out:60 type:B q:17.98 q-aq:16.16 q-noVbv:17.98 q-Rceq:0.98 tex:8921 mv:3231 misc:1400 icu:2.75 pcu:460.00 scu:1097.25 tlayer:3 pbqpoffset:2.99 pbfactor:1.41 avgQpOffsetCutree:-2.07;
in:57 out:61 type:b q:21.23 q-aq:21.00 q-noVbv:21.23 q-Rceq:0.98 tex:971 mv:856 misc:653 icu:0.00 pcu:160.00 scu:1400.00 tlayer:4 pbqpoffset:5.99 pbfactor:2.00 avgQpOffsetCutree:0.00;
in:59 out:62 type:b q:20.54 q-aq:20.88 q-noVbv:20.54 q-Rceq:0.98 tex:267 mv:631 misc:478 icu:0.00 pcu:132.50 scu:1427.50 tlayer:4 pbqpoffset:5.80 pbfactor:1.95 avgQpOffsetCutree:0.00;
in:62 out:63 type:B q:16.98 q-aq:15.17 q-noVbv:16.98 q-Rceq:0.98 tex:13824 mv:4189 misc:1971 icu:13.50 pcu:477.75 scu:1068.75 tlayer:3 pbqpoffset:2.99 pbfactor:1.41 avgQpOffsetCutree:-2.10;
in:61 out:64 type:b q:20.15 q-aq:20.00 q-noVbv:20.15 q-Rceq:0.98 tex:164 mv:630 misc:446 icu:0.00 pcu:237.50 scu:1322.50 tlayer:4 pbqpoffset:5.91 pbfactor:1.98 avgQpOffsetCutree:0.00;
in:63 out:65 type:b q:19.73 q-aq:20.00 q-noVbv:19.73 q-Rceq:0.98 tex:1686 mv:1117 misc:637 icu:0.25 pcu:238.00 scu:1321.75 tlayer:4 pbqpoffset:5.99 pbfactor:2.00 avgQpOffsetCutree:0.00;
in:68 out:66 type:B q:15.11 q-aq:11.74 q-noVbv:15.11 q-Rceq:0.98 tex:43641 mv:6375 misc:2432 icu:67.75 pcu:699.75 scu:792.50 tlayer:2 pbqpoffset:2.62 pbfactor:1.35 avgQpOffsetCutree:-3.04;
in:66 out:67 type:B q:15.98 q-aq:13.99 q-noVbv:15.98 q-Rceq:0.98 tex:15743 mv:4808 misc:2049 icu:2.00 pcu:607.00 scu:951.00 tlayer:3 pbqpoffset:2.99 pbfactor:1.41 avgQpOffsetCutree:-2.11;
in:65 out:68 type:b q:19.23 q-aq:19.00 q-noVbv:19.23 q-Rceq:0.98 tex:973 mv:1212 misc:687 icu:0.00 pcu:363.75 scu:1196.25 tlayer:4 pbqpoffset:5.99 pbfactor:2.00 avgQpOffsetCutree:0.00;
in:67 out:69 type:b q:18.60 q-aq:19.00 q-noVbv:18.60 q-Rceq:0.98 tex:769 mv:923 misc:604 icu:0.00 pcu:180.50 scu:1379.50 tlayer:4 pbqpoffset:5.85 pbfactor:1.97 avgQpOffsetCutree:0.00;
in:70 out:70 type:B q:13.43 q-aq:12.25 q-noVbv:13.43 q-Rceq:0.98 tex:54846 mv:5979 misc:2703 icu:333.25 pcu:508.25 scu:718.50 tlayer:3 pbqpoffset:1.44 pbfactor:1.18 avgQpOffsetCutree:-1.73;
in:69 out:71 type:b q:16.08 q-aq:16.13 q-noVbv:16.08 q-Rceq:0.98 tex:30222 mv:3336 misc:1546 icu:223.00 pcu:450.00 scu:887.00 tlayer:4 pbqpoffset:3.83 pbfactor:1.56 avgQpOffsetCutree:0.00;
in:71 out:72 type:b q:15.88 q-aq:16.06 q-noVbv:15.88 q-Rceq:0.98 tex:28524 mv:4752 misc:1548 icu:53.75 pcu:585.25 scu:921.00 tlayer:4 pbqpoffset:4.14 pbfactor:1.61 avgQpOffsetCutree:0.00;
in:80 out:73 type:k q:11.26 q-aq:4.79 q-noVbv:11.26 q-Rceq:0.98 tex:567652 mv:32298 misc:3706 icu:668.75 pcu:855.50 scu:35.75 tlayer:0 pbqpoffset:0.42 pbfactor:1.05 avgQpOffsetCutree:-6.46;
in:76 out:74 type:B q:12.57 q-aq:9.34 q-noVbv:12.57 q-Rceq:0.98 tex:90676 mv:11886 misc:3622 icu:220.75 pcu:749.00 scu:590.25 tlayer:1 pbqpoffset:1.20 pbfactor:1.15 avgQpOffsetCutree:-3.26;
in:74 out:75 type:B q:12.63 q-aq:11.72 q-noVbv:12.63 q-Rceq:0.98 tex:88783 mv:12941 misc:3124 icu:192.00 pcu:824.00 scu:544.00 tlayer:2 pbqpoffset:1.20 pbfactor:1.15 avgQpOffsetCutree:-1.63;
in:73 out:76 type:b q:14.54 q-aq:14.35 q-noVbv:14.54 q-Rceq:0.98 tex:32129 mv:5837 misc:2498 icu:31.50 pcu:692.00 scu:836.50 tlayer:3 pbqpoffset:3.08 pbfactor:1.43 avgQpOffsetCutree:0.00;
in:75 out:77 type:b q:16.04 q-aq:16.04 q-noVbv:16.04 q-Rceq:0.98 tex:19634 mv:4964 misc:1866 icu:22.00 pcu:605.50 scu:932.50 tlayer:3 pbqpoffset:4.63 pbfactor:1.71 avgQpOffsetCutree:0.00;
in:78 out:78 type:B q:13.24 q-aq:11.86 q-noVbv:13.24 q-Rceq:0.98 tex:54477 mv:10286 misc:2477 icu:75.75 pcu:777.75 scu:706.50 tlayer:2 pbqpoffset:1.92 pbfactor:1.25 avgQpOffsetCutree:-1.86;
in:77 out:79 type:b q:15.89 q-aq:16.02 q-noVbv:15.89 q-Rceq:0.98 tex:17759 mv:4746 misc:1647 icu:11.25 pcu:631.25 scu:917.50 tlayer:3 pbqpoffset:4.55 pbfactor:1.69 avgQpOffsetCutree:0.00;
in:79 out:80 type:b q:17.35 q-aq:17.04 q-noVbv:17.35 q-Rceq:0.98 tex:5690 mv:2568 misc:1230 icu:1.00 pcu:362.25 scu:1196.75 tlayer:3 pbqpoffset:6.06 pbfactor:2.01 avgQpOffsetCutree:0.00;
in:96 out:81 type:k q:10.99 q-aq:8.26 q-noVbv:10.99 q-Rceq:0.98 tex:552286 mv:30692 misc:2934 icu:1551.00 pcu:9.00 scu:0.00 tlayer:0 pbqpoffset:0.36 pbfactor:1.04 avgQpOffsetCutree:-4.37;
in:88 out:82 type:B q:13.04 q-aq:9.18 q-noVbv:13.04 q-Rceq:0.98 tex:326799 mv:32481 misc:4672 icu:567.25 pcu:868.00 scu:124.75 tlayer:1 pbqpoffset:1.92 pbfactor:1.25 avgQpOffsetCutree:-4.25;
in:84 out:83 type:B q:14.67 q-aq:11.14 q-noVbv:14.67 q-Rceq:0.98 tex:44221 mv:9998 misc:3509 icu:18.00 pcu:860.00 scu:682.00 tlayer:2 pbqpoffset:3.48 pbfactor:1.50 avgQpOffsetCutree:-3.54;
in:82 out:84 type:B q:14.71 q-aq:12.85 q-noVbv:14.71 q-Rceq:0.98 tex:29847 mv:7633 misc:2464 icu:7.00 pcu:660.25 scu:892.75 tlayer:3 pbqpoffset:3.48 pbfactor:1.50 avgQpOffsetCutree:-2.10;
in:81 out:85 type:b q:17.72 q-aq:18.00 q-noVbv:17.72 q-Rceq:0.98 tex:5276 mv:2418 misc:1066 icu:6.00 pcu:339.75 scu:1214.25 tlayer:4 pbqpoffset:6.48 pbfactor:2.11 avgQpOffsetCutree:0.00;
in:83 out:86 type:b q:17.69 q-aq:17.80 q-noVbv:17.69 q-Rceq:0.98 tex:3085 mv:1872 misc:883 icu:0.00 pcu:364.25 scu:1195.75 tlayer:4 pbqpoffset:6.48 pbfactor:2.11 avgQpOffsetCutree:0.00;
in:86 out:87 type:B q:14.64 q-aq:13.70 q-noVbv:14.64 q-Rceq:0.98 tex:57513 mv:9124 misc:2363 icu:176.00 pcu:585.25 scu:798.75 tlayer:3 pbqpoffset:3.48 pbfactor:1.50 avgQpOffsetCutree:-1.74;
in:85 out:88 type:b q:17.66 q-aq:18.23 q-noVbv:17.66 q-Rceq:0.98 tex:29640 mv:4518 misc:1410 icu:192.25 pcu:416.25 scu:951.50 tlayer:4 pbqpoffset:6.48 pbfactor:2.11 avgQpOffsetCutree:0.00;
in:87 out:89 type:b q:17.62 q-aq:17.99 q-noVbv:17.62 q-Rceq:0.98 tex:14704 mv:3926 misc:1506 icu:22.00 pcu:550.75 scu:987.25 tlayer:4 pbqpoffset:6.48 pbfactor:2.11 avgQpOffsetCutree:0.00;
in:92 out:90 type:B q:13.29 q-aq:10.98 q-noVbv:13.29 q-Rceq:0.98 tex:247603 mv:28026 misc:5163 icu:421.00 pcu:1010.75 scu:128.25 tlayer:2 pbqpoffset:2.23 pbfactor:1.29 avgQpOffsetCutree:-2.88;
in:90 out:91 type:B q:14.57 q-aq:13.10 q-noVbv:14.57 q-Rceq:0.98 tex:85669 mv:15635 misc:4440 icu:54.75 pcu:1044.75 scu:460.50 tlayer:3 pbqpoffset:3.48 pbfactor:1.50 avgQpOffsetCutree:-1.71;
in:89 out:92 type:b q:17.59 q-aq:17.57 q-noVbv:17.59 q-Rceq:0.98 tex:8306 mv:3863 misc:1679 icu:2.00 pcu:616.75 scu:941.25 tlayer:4 pbqpoffset:6.48 pbfactor:2.11 avgQpOffsetCutree:0.00;
in:91 out:93 type:b q:17.56 q-aq:17.50 q-noVbv:17.56 q-Rceq:0.98 tex:9079 mv:4481 misc:2184 icu:2.00 pcu:563.00 scu:995.00 tlayer:4 pbqpoffset:6.48 pbfactor:2.11 avgQpOffsetCutree:0.00;
in:94 out:94 type:B q:13.95 q-aq:12.92 q-noVbv:13.95 q-Rceq:0.98 tex:106712 mv:18135 misc:4497 icu:89.50 pcu:1126.25 scu:344.25 tlayer:3 pbqpoffset:2.92 pbfactor:1.40 avgQpOffsetCutree:-1.60;
in:93 out:95 type:b q:17.52 q-aq:17.36 q-noVbv:17.52 q-Rceq:0.98 tex:19411 mv:7022 misc:2551 icu:8.00 pcu:766.00 scu:786.00 tlayer:4 pbqpoffset:6.48 pbfactor:2.11 avgQpOffsetCutree:0.00;
in:95 out:96 type:b q:17.49 q-aq:17.30 q-noVbv:17.49 q-Rceq:0.98 tex:15031 mv:6133 misc:2676 icu:4.25 pcu:658.50 scu:897.25 tlayer:4 pbqpoffset:6.48 pbfactor:2.11 avgQpOffsetCutree:0.00;
in:104 out:97 type:k q:13.92 q-aq:10.14 q-noVbv:13.92 q-Rceq:0.98 tex:401344 mv:25192 misc:3168 icu:1366.50 pcu:190.75 scu:2.75 tlayer:0 pbqpoffset:0.36 pbfactor:1.04 avgQpOffsetCutree:-5.18;
in:100 out:98 type:B q:14.61 q-aq:12.77 q-noVbv:14.61 q-Rceq:0.98 tex:217895 mv:20448 misc:4225 icu:740.25 pcu:706.50 scu:113.25 tlayer:1 pbqpoffset:2.15 pbfactor:1.28 avgQpOffsetCutree:-2.83;
in:98 out:99 type:B q:14.64 q-aq:13.57 q-noVbv:14.64 q-Rceq:0.98 tex:82218 mv:16191 misc:4367 icu:92.25 pcu:1038.25 scu:429.50 tlayer:2 pbqpoffset:2.91 pbfactor:1.40 avgQpOffsetCutree:-1.62;
in:97 out:100 type:b q:18.12 q-aq:18.13 q-noVbv:18.12 q-Rceq:0.98 tex:13674 mv:5501 misc:2361 icu:5.25 pcu:684.25 scu:870.50 tlayer:3 pbqpoffset:6.77 pbfactor:2.19 avgQpOffsetCutree:0.00;
in:99 out:101 type:b q:19.10 q-aq:19.12 q-noVbv:19.10 q-Rceq:0.98 tex:11891 mv:5438 misc:2079 icu:7.25 pcu:590.50 scu:962.25 tlayer:3 pbqpoffset:7.01 pbfactor:2.25 avgQpOffsetCutree:0.00;
in:102 out:102 type:B q:16.14 q-aq:15.28 q-noVbv:16.14 q-Rceq:0.98 tex:66205 mv:14301 misc:3990 icu:92.25 pcu:1036.25 scu:431.50 tlayer:2 pbqpoffset:2.95 pbfactor:1.41 avgQpOffsetCutree:-1.52;
in:101 out:103 type:b q:19.07 q-aq:19.10 q-noVbv:19.07 q-Rceq:0.98 tex:13853 mv:5591 misc:2028 icu:7.00 pcu:644.50 scu:908.50 tlayer:3 pbqpoffset:6.25 pbfactor:2.06 avgQpOffsetCutree:0.00;
in:103 out:104 type:b q:20.57 q-aq:20.80 q-noVbv:20.57 q-Rceq:0.98 tex:7851 mv:3836 misc:1841 icu:11.00 pcu:529.00 scu:1020.00 tlayer:3 pbqpoffset:7.01 pbfactor:2.25 avgQpOffsetCutree:0.00;
in:108 out:105 type:k q:14.94 q-aq:9.87 q-noVbv:14.94 q-Rceq:0.98 tex:385538 mv:28187 misc:3627 icu:730.00 pcu:748.50 scu:81.50 tlayer:0 pbqpoffset:0.36 pbfactor:1.04 avgQpOffsetCutree:-5.73;
in:106 out:106 type:B q:16.60 q-aq:15.35 q-noVbv:16.60 q-Rceq:0.98 tex:40802 mv:9740 misc:3162 icu:37.00 pcu:1013.50 scu:509.50 tlayer:1 pbqpoffset:2.17 pbfactor:1.28 avgQpOffsetCutree:-1.49;
in:105 out:107 type:b q:18.49 q-aq:18.30 q-noVbv:18.49 q-Rceq:0.98 tex:8614 mv:4559 misc:2027 icu:2.00 pcu:620.25 scu:937.75 tlayer:2 pbqpoffset:4.31 pbfactor:1.65 avgQpOffsetCutree:0.00;
in:107 out:108 type:b q:19.14 q-aq:19.34 q-noVbv:19.14 q-Rceq:0.98 tex:6974 mv:3397 misc:1549 icu:5.50 pcu:455.50 scu:1099.00 tlayer:2 pbqpoffset:4.46 pbfactor:1.67 avgQpOffsetCutree:0.00;
in:112 out:109 type:k q:14.45 q-aq:8.78 q-noVbv:14.45 q-Rceq:0.98 tex:395442 mv:35299 misc:3923 icu:593.00 pcu:900.50 scu:66.50 tlayer:0 pbqpoffset:0.36 pbfactor:1.04 avgQpOffsetCutree:-6.17;
in:110 out:110 type:B q:16.54 q-aq:15.16 q-noVbv:16.54 q-Rceq:0.98 tex:30681 mv:8209 misc:2454 icu:12.00 pcu:779.00 scu:769.00 tlayer:1 pbqpoffset:1.84 pbfactor:1.24 avgQpOffsetCutree:-1.65;
in:109 out:111 type:b q:18.85 q-aq:19.12 q-noVbv:18.85 q-Rceq:0.98 tex:4548 mv:2836 misc:1280 icu:1.25 pcu:463.00 scu:1095.75 tlayer:2 pbqpoffset:4.03 pbfactor:1.59 avgQpOffsetCutree:0.00;
in:111 out:112 type:b q:18.48 q-aq:18.31 q-noVbv:18.48 q-Rceq:0.98 tex:4743 mv:3089 misc:1360 icu:0.00 pcu:490.75 scu:1069.25 tlayer:2 pbqpoffset:3.91 pbfactor:1.57 avgQpOffsetCutree:0.00;
in:128 out:113 type:k q:12.58 q-aq:5.82 q-noVbv:12.58 q-Rceq:0.98 tex:737757 mv:37550 misc:2997 icu:1302.50 pcu:254.00 scu:3.50 tlayer:0 pbqpoffset:-0.01 pbfactor:1.00 avgQpOffsetCutree:-7.57;
in:120 out:114 type:B q:15.04 q-aq:10.50 q-noVbv:15.04 q-Rceq:0.98 tex:251308 mv:25032 misc:4420 icu:383.25 pcu:1061.25 scu:115.50 tlayer:1 pbqpoffset:1.52 pbfactor:1.19 avgQpOffsetCutree:-4.56;
in:116 out:115 type:B q:17.33 q-aq:13.53 q-noVbv:17.33 q-Rceq:0.98 tex:26783 mv:8185 misc:2648 icu:8.75 pcu:926.75 scu:624.50 tlayer:2 pbqpoffset:3.35 pbfactor:1.47 avgQpOffsetCutree:-3.19;
in:114 out:116 type:B q:17.57 q-aq:15.46 q-noVbv:17.57 q-Rceq:0.98 tex:19198 mv:5650 misc:2184 icu:11.25 pcu:727.25 scu:821.50 tlayer:3 pbqpoffset:3.35 pbfactor:1.47 avgQpOffsetCutree:-1.82;
in:113 out:117 type:b q:20.68 q-aq:21.00 q-noVbv:20.68 q-Rceq:0.98 tex:1950 mv:2106 misc:936 icu:0.25 pcu:407.00 scu:1152.75 tlayer:4 pbqpoffset:6.35 pbfactor:2.08 avgQpOffsetCutree:0.00;
in:115 out:118 type:b q:20.45 q-aq:20.15 q-noVbv:20.45 q-Rceq:0.98 tex:815 mv:1659 misc:846 icu:0.00 pcu:435.25 scu:1124.75 tlayer:4 pbqpoffset:6.35 pbfactor:2.08 avgQpOffsetCutree:0.00;
in:118 out:119 type:B q:17.10 q-aq:15.28 q-noVbv:17.10 q-Rceq:0.98 tex:8726 mv:4367 misc:1699 icu:6.25 pcu:684.50 scu:869.25 tlayer:3 pbqpoffset:3.35 pbfactor:1.47 avgQpOffsetCutree:-1.81;
in:117 out:120 type:b q:20.21 q-aq:20.00 q-noVbv:20.21 q-Rceq:0.98 tex:588 mv:1184 misc:660 icu:1.00 pcu:301.75 scu:1257.25 tlayer:4 pbqpoffset:6.35 pbfactor:2.08 avgQpOffsetCutree:0.00;
in:119 out:121 type:b q:19.98 q-aq:20.00 q-noVbv:19.98 q-Rceq:0.98 tex:203 mv:715 misc:466 icu:0.00 pcu:246.75 scu:1313.25 tlayer:4 pbqpoffset:6.35 pbfactor:2.08 avgQpOffsetCutree:0.00;
in:124 out:122 type:B q:16.39 q-aq:12.47 q-noVbv:16.39 q-Rceq:0.98 tex:47269 mv:8825 misc:4050 icu:36.25 pcu:942.00 scu:581.75 tlayer:2 pbqpoffset:3.35 pbfactor:1.47 avgQpOffsetCutree:-3.33;
in:122 out:123 type:B q:15.36 q-aq:13.92 q-noVbv:15.36 q-Rceq:0.98 tex:58713 mv:8870 misc:3009 icu:160.00 pcu:809.50 scu:590.50 tlayer:3 pbqpoffset:2.08 pbfactor:1.27 avgQpOffsetCutree:-1.65;
in:121 out:124 type:b q:19.64 q-aq:20.00 q-noVbv:19.64 q-Rceq:0.98 tex:13004 mv:3886 misc:1382 icu:15.00 pcu:568.25 scu:976.75 tlayer:4 pbqpoffset:6.24 pbfactor:2.06 avgQpOffsetCutree:0.00;
in:123 out:125 type:b q:19.51 q-aq:19.64 q-noVbv:19.51 q-Rceq:0.98 tex:6857 mv:3873 misc:1406 icu:2.50 pcu:426.75 scu:1130.75 tlayer:4 pbqpoffset:6.35 pbfactor:2.08 avgQpOffsetCutree:0.00;
in:126 out:126 type:B q:16.16 q-aq:13.98 q-noVbv:16.16 q-Rceq:0.98 tex:3966 mv:2652 misc:1646 icu:0.25 pcu:639.00 scu:920.75 tlayer:3 pbqpoffset:3.35 pbfactor:1.47 avgQpOffsetCutree:-1.98;
in:125 out:127 type:b q:19.28 q-aq:19.12 q-noVbv:19.28 q-Rceq:0.98 tex:993 mv:1308 misc:779 icu:0.25 pcu:261.75 scu:1298.00 tlayer:4 pbqpoffset:6.35 pbfactor:2.08 avgQpOffsetCutree:0.00;
in:127 out:128 type:b q:19.04 q-aq:19.00 q-noVbv:19.04 q-Rceq:0.98 tex:692 mv:1275 misc:769 icu:0.25 pcu:406.50 scu:1153.25 tlayer:4 pbqpoffset:6.35 pbfactor:2.08 avgQpOffsetCutree:0.00;
in:144 out:129 type:k q:12.51 q-aq:5.66 q-noVbv:12.51 q-Rceq:0.98 tex:525913 mv:26565 misc:3682 icu:585.75 pcu:868.00 scu:106.25 tlayer:0 pbqpoffset:0.48 pbfactor:1.06 avgQpOffsetCutree:-6.50;
in:136 out:130 type:B q:15.22 q-aq:8.99 q-noVbv:15.22 q-Rceq:0.98 tex:67177 mv:12161 misc:3430 icu:53.75 pcu:940.25 scu:566.00 tlayer:1 pbqpoffset:2.67 pbfactor:1.36 avgQpOffsetCutree:-5.07;
in:132 out:131 type:B q:15.67 q-aq:11.20 q-noVbv:15.67 q-Rceq:0.98 tex:9758 mv:4530 misc:2360 icu:1.25 pcu:648.50 scu:910.25 tlayer:2 pbqpoffset:3.11 pbfactor:1.43 avgQpOffsetCutree:-3.86;
in:130 out:132 type:B q:15.68 q-aq:14.08 q-noVbv:15.68 q-Rceq:0.98 tex:5593 mv:3184 misc:1447 icu:3.00 pcu:556.25 scu:1000.75 tlayer:3 pbqpoffset:3.11 pbfactor:1.43 avgQpOffsetCutree:-2.07;
in:129 out:133 type:b q:18.56 q-aq:18.66 q-noVbv:18.56 q-Rceq:0.98 tex:891 mv:1238 misc:639 icu:0.25 pcu:295.00 scu:1264.75 tlayer:4 pbqpoffset:5.99 pbfactor:2.00 avgQpOffsetCutree:0.00;
in:131 out:134 type:b q:18.61 q-aq:18.87 q-noVbv:18.61 q-Rceq:0.98 tex:2245 mv:1044 misc:543 icu:0.00 pcu:153.75 scu:1406.25 tlayer:4 pbqpoffset:6.05 pbfactor:2.01 avgQpOffsetCutree:0.00;
in:134 out:135 type:B q:15.66 q-aq:14.22 q-noVbv:15.66 q-Rceq:0.98 tex:8282 mv:4042 misc:1348 icu:6.50 pcu:439.25 scu:1114.25 tlayer:3 pbqpoffset:3.11 pbfactor:1.43 avgQpOffsetCutree:-2.04;
in:133 out:136 type:b q:18.63 q-aq:18.88 q-noVbv:18.63 q-Rceq:0.98 tex:521 mv:1018 misc:573 icu:0.00 pcu:154.00 scu:1406.00 tlayer:4 pbqpoffset:6.07 pbfactor:2.02 avgQpOffsetCutree:0.00;
in:135 out:137 type:b q:18.53 q-aq:18.45 q-noVbv:18.53 q-Rceq:0.98 tex:518 mv:740 misc:542 icu:0.00 pcu:110.00 scu:1450.00 tlayer:4 pbqpoffset:5.99 pbfactor:2.00 avgQpOffsetCutree:0.00;
in:140 out:138 type:B q:13.78 q-aq:11.10 q-noVbv:13.78 q-Rceq:0.98 tex:67382 mv:9655 misc:3067 icu:306.00 pcu:707.25 scu:546.75 tlayer:2 pbqpoffset:1.25 pbfactor:1.16 avgQpOffsetCutree:-2.65;
in:138 out:139 type:B q:15.64 q-aq:14.02 q-noVbv:15.64 q-Rceq:0.98 tex:15705 mv:3732 misc:1523 icu:9.50 pcu:590.25 scu:960.25 tlayer:3 pbqpoffset:3.11 pbfactor:1.43 avgQpOffsetCutree:-1.66;
in:137 out:140 type:b q:18.53 q-aq:18.69 q-noVbv:18.53 q-Rceq:0.98 tex:647 mv:984 misc:537 icu:0.00 pcu:373.75 scu:1186.25 tlayer:4 pbqpoffset:5.99 pbfactor:2.00 avgQpOffsetCutree:0.00;
in:139 out:141 type:b q:15.44 q-aq:15.14 q-noVbv:15.44 q-Rceq:0.98 tex:23925 mv:4112 misc:1619 icu:127.25 pcu:575.00 scu:857.75 tlayer:4 pbqpoffset:2.91 pbfactor:1.40 avgQpOffsetCutree:0.00;
in:142 out:142 type:B q:14.07 q-aq:12.91 q-noVbv:14.07 q-Rceq:0.98 tex:62822 mv:10032 misc:2674 icu:51.00 pcu:800.75 scu:708.25 tlayer:3 pbqpoffset:1.55 pbfactor:1.20 avgQpOffsetCutree:-1.71;
in:141 out:143 type:b q:14.91 q-aq:15.03 q-noVbv:14.91 q-Rceq:0.98 tex:28742 mv:5659 misc:2023 icu:81.75 pcu:580.75 scu:897.50 tlayer:4 pbqpoffset:2.38 pbfactor:1.32 avgQpOffsetCutree:0.00;
in:143 out:144 type:b q:18.63 q-aq:18.85 q-noVbv:18.63 q-Rceq:0.98 tex:1636 mv:2140 misc:1000 icu:0.00 pcu:411.75 scu:1148.25 tlayer:4 pbqpoffset:6.11 pbfactor:2.03 avgQpOffsetCutree:0.00;
in:152 out:145 type:k q:12.01 q-aq:6.21 q-noVbv:12.01 q-Rceq:0.98 tex:468935 mv:26797 misc:3636 icu:626.75 pcu:847.75 scu:85.50 tlayer:0 pbqpoffset:0.48 pbfactor:1.06 avgQpOffsetCutree:-5.76;
in:148 out:146 type:B q:13.84 q-aq:10.12 q-noVbv:13.84 q-Rceq:0.98 tex:68680 mv:12106 misc:3070 icu:161.75 pcu:794.75 scu:603.50 tlayer:1 pbqpoffset:1.58 pbfactor:1.20 avgQpOffsetCutree:-3.56;
in:146 out:147 type:B q:15.05 q-aq:13.46 q-noVbv:15.05 q-Rceq:0.98 tex:19129 mv:6325 misc:2282 icu:13.25 pcu:720.00 scu:826.75 tlayer:2 pbqpoffset:2.66 pbfactor:1.36 avgQpOffsetCutree:-1.78;
in:145 out:148 type:b q:18.11 q-aq:18.00 q-noVbv:18.11 q-Rceq:0.98 tex:1431 mv:1472 misc:881 icu:6.00 pcu:297.25 scu:1256.75 tlayer:3 pbqpoffset:5.66 pbfactor:1.92 avgQpOffsetCutree:0.00;
in:147 out:149 type:b q:17.99 q-aq:18.00 q-noVbv:17.99 q-Rceq:0.98 tex:1094 mv:1397 misc:821 icu:0.00 pcu:336.50 scu:1223.50 tlayer:3 pbqpoffset:5.66 pbfactor:1.92 avgQpOffsetCutree:0.00;
in:150 out:150 type:B q:13.07 q-aq:12.03 q-noVbv:13.07 q-Rceq:0.98 tex:41446 mv:7652 misc:2734 icu:275.75 pcu:541.25 scu:743.00 tlayer:2 pbqpoffset:0.94 pbfactor:1.11 avgQpOffsetCutree:-1.48;
in:149 out:151 type:b q:17.67 q-aq:17.92 q-noVbv:17.67 q-Rceq:0.98 tex:12571 mv:2672 misc:1117 icu:6.25 pcu:542.25 scu:1011.50 tlayer:3 pbqpoffset:5.48 pbfactor:1.88 avgQpOffsetCutree:0.00;
in:151 out:152 type:b q:14.00 q-aq:14.12 q-noVbv:14.00 q-Rceq:0.98 tex:36763 mv:3658 misc:1795 icu:228.00 pcu:347.75 scu:984.25 tlayer:3 pbqpoffset:1.94 pbfactor:1.25 avgQpOffsetCutree:0.00;
in:168 out:153 type:k q:12.06 q-aq:5.62 q-noVbv:12.06 q-Rceq:0.98 tex:746705 mv:34341 misc:2994 icu:1096.25 pcu:457.75 scu:6.00 tlayer:0 pbqpoffset:1.14 pbfactor:1.14 avgQpOffsetCutree:-6.80;
in:160 out:154 type:B q:13.01 q-aq:7.60 q-noVbv:13.01 q-Rceq:0.98 tex:230735 mv:19196 misc:3453 icu:471.50 pcu:631.50 scu:457.00 tlayer:1 pbqpoffset:0.97 pbfactor:1.12 avgQpOffsetCutree:-5.16;
in:156 out:155 type:B q:13.69 q-aq:9.52 q-noVbv:13.69 q-Rceq:0.98 tex:69333 mv:14396 misc:4271 icu:141.25 pcu:905.75 scu:513.00 tlayer:2 pbqpoffset:1.67 pbfactor:1.21 avgQpOffsetCutree:-3.98;
in:154 out:156 type:B q:13.84 q-aq:12.44 q-noVbv:13.84 q-Rceq:0.98 tex:63845 mv:11298 misc:3273 icu:57.75 pcu:861.75 scu:640.50 tlayer:3 pbqpoffset:1.83 pbfactor:1.24 avgQpOffsetCutree:-1.70;
in:153 out:157 type:b q:15.09 q-aq:15.07 q-noVbv:15.09 q-Rceq:0.98 tex:27178 mv:5740 misc:2258 icu:35.00 pcu:652.50 scu:872.50 tlayer:4 pbqpoffset:3.08 pbfactor:1.43 avgQpOffsetCutree:0.00;
in:155 out:158 type:b q:17.85 q-aq:18.00 q-noVbv:17.85 q-Rceq:0.98 tex:3806 mv:2332 misc:1198 icu:1.25 pcu:377.25 scu:1181.50 tlayer:4 pbqpoffset:5.84 pbfactor:1.96 avgQpOffsetCutree:0.00;
in:158 out:159 type:B q:14.86 q-aq:12.98 q-noVbv:14.86 q-Rceq:0.98 tex:9721 mv:4146 misc:1965 icu:9.75 pcu:564.75 scu:985.50 tlayer:3 pbqpoffset:2.84 pbfactor:1.39 avgQpOffsetCutree:-1.97;
in:157 out:160 type:b q:17.86 q-aq:18.00 q-noVbv:17.86 q-Rceq:0.98 tex:2024 mv:1520 misc:888 icu:0.00 pcu:266.25 scu:1293.75 tlayer:4 pbqpoffset:5.84 pbfactor:1.96 avgQpOffsetCutree:0.00;
in:159 out:161 type:b q:17.81 q-aq:18.00 q-noVbv:17.81 q-Rceq:0.98 tex:50 mv:655 misc:559 icu:0.00 pcu:221.25 scu:1338.75 tlayer:4 pbqpoffset:5.78 pbfactor:1.95 avgQpOffsetCutree:0.00;
in:164 out:162 type:B q:14.88 q-aq:11.45 q-noVbv:14.88 q-Rceq:0.98 tex:8836 mv:4351 misc:2101 icu:18.00 pcu:628.00 scu:914.00 tlayer:2 pbqpoffset:2.84 pbfactor:1.39 avgQpOffsetCutree:-3.55;
in:162 out:163 type:B q:14.88 q-aq:12.52 q-noVbv:14.88 q-Rceq:0.98 tex:1080 mv:2245 misc:1219 icu:0.25 pcu:510.75 scu:1049.00 tlayer:3 pbqpoffset:2.84 pbfactor:1.39 avgQpOffsetCutree:-2.24;
in:161 out:164 type:b q:17.55 q-aq:18.00 q-noVbv:17.55 q-Rceq:0.98 tex:32 mv:435 misc:405 icu:0.00 pcu:205.00 scu:1355.00 tlayer:4 pbqpoffset:5.51 pbfactor:1.89 avgQpOffsetCutree:0.00;
in:163 out:165 type:b q:17.56 q-aq:18.00 q-noVbv:17.56 q-Rceq:0.98 tex:16 mv:298 misc:342 icu:0.00 pcu:108.00 scu:1452.00 tlayer:4 pbqpoffset:5.51 pbfactor:1.89 avgQpOffsetCutree:0.00;
in:166 out:166 type:B q:14.24 q-aq:13.57 q-noVbv:14.24 q-Rceq:0.98 tex:34774 mv:5101 misc:1773 icu:124.50 pcu:541.25 scu:894.25 tlayer:3 pbqpoffset:2.19 pbfactor:1.29 avgQpOffsetCutree:-1.65;
in:165 out:167 type:b q:16.80 q-aq:17.00 q-noVbv:16.80 q-Rceq:0.98 tex:16591 mv:3466 misc:1351 icu:37.25 pcu:481.75 scu:1041.00 tlayer:4 pbqpoffset:4.75 pbfactor:1.73 avgQpOffsetCutree:0.00;
in:167 out:168 type:b q:17.89 q-aq:18.02 q-noVbv:17.89 q-Rceq:0.98 tex:10059 mv:3167 misc:1214 icu:15.50 pcu:377.75 scu:1166.75 tlayer:4 pbqpoffset:5.84 pbfactor:1.96 avgQpOffsetCutree:0.00;
in:184 out:169 type:k q:12.06 q-aq:9.82 q-noVbv:12.06 q-Rceq:0.98 tex:209458 mv:14069 misc:3153 icu:1091.00 pcu:441.75 scu:27.25 tlayer:0 pbqpoffset:0.35 pbfactor:1.04 avgQpOffsetCutree:-2.54;
in:176 out:170 type:B q:12.98 q-aq:7.03 q-noVbv:12.98 q-Rceq:0.98 tex:247096 mv:21570 misc:4462 icu:408.00 pcu:959.25 scu:192.75 tlayer:1 pbqpoffset:0.92 pbfactor:1.11 avgQpOffsetCutree:-5.61;
in:172 out:171 type:B q:13.05 q-aq:9.09 q-noVbv:13.05 q-Rceq:0.98 tex:29341 mv:7074 misc:2721 icu:75.50 pcu:605.50 scu:879.00 tlayer:2 pbqpoffset:0.99 pbfactor:1.12 avgQpOffsetCutree:-3.66;
in:170 out:172 type:B q:12.98 q-aq:12.19 q-noVbv:12.98 q-Rceq:0.98 tex:27784 mv:6262 misc:2362 icu:52.75 pcu:737.00 scu:770.25 tlayer:3 pbqpoffset:0.92 pbfactor:1.11 avgQpOffsetCutree:-1.43;
in:169 out:173 type:b q:14.11 q-aq:14.04 q-noVbv:14.11 q-Rceq:0.98 tex:21616 mv:4659 misc:1709 icu:33.75 pcu:512.75 scu:1013.50 tlayer:4 pbqpoffset:2.05 pbfactor:1.27 avgQpOffsetCutree:0.00;
in:171 out:174 type:b q:15.29 q-aq:15.02 q-noVbv:15.29 q-Rceq:0.98 tex:5754 mv:2593 misc:1149 icu:5.75 pcu:474.75 scu:1079.50 tlayer:4 pbqpoffset:3.23 pbfactor:1.45 avgQpOffsetCutree:0.00;
in:174 out:175 type:B q:14.69 q-aq:12.86 q-noVbv:14.69 q-Rceq:0.98 tex:6668 mv:3552 misc:1564 icu:4.50 pcu:529.00 scu:1026.50 tlayer:3 pbqpoffset:2.62 pbfactor:1.35 avgQpOffsetCutree:-1.82;
in:173 out:176 type:b q:17.77 q-aq:18.00 q-noVbv:17.77 q-Rceq:0.98 tex:2217 mv:1030 misc:633 icu:2.00 pcu:150.25 scu:1407.75 tlayer:4 pbqpoffset:5.70 pbfactor:1.93 avgQpOffsetCutree:0.00;
in:175 out:177 type:b q:17.74 q-aq:18.00 q-noVbv:17.74 q-Rceq:0.98 tex:449 mv:841 misc:606 icu:0.50 pcu:184.75 scu:1374.75 tlayer:4 pbqpoffset:5.68 pbfactor:1.93 avgQpOffsetCutree:0.00;
in:180 out:178 type:B q:12.98 q-aq:9.22 q-noVbv:12.98 q-Rceq:0.98 tex:68806 mv:8915 misc:3447 icu:258.00 pcu:689.75 scu:612.25 tlayer:2 pbqpoffset:0.92 pbfactor:1.11 avgQpOffsetCutree:-3.34;
in:178 out:179 type:B q:13.68 q-aq:12.37 q-noVbv:13.68 q-Rceq:0.98 tex:21227 mv:6294 misc:2143 icu:10.50 pcu:767.25 scu:782.25 tlayer:3 pbqpoffset:1.62 pbfactor:1.21 avgQpOffsetCutree:-1.55;
in:177 out:180 type:b q:17.18 q-aq:17.00 q-noVbv:17.18 q-Rceq:0.98 tex:1648 mv:963 misc:701 icu:0.00 pcu:301.50 scu:1258.50 tlayer:4 pbqpoffset:5.12 pbfactor:1.81 avgQpOffsetCutree:0.00;
in:179 out:181 type:b q:14.12 q-aq:14.03 q-noVbv:14.12 q-Rceq:0.98 tex:18901 mv:4135 misc:1524 icu:25.00 pcu:582.25 scu:952.75 tlayer:4 pbqpoffset:2.05 pbfactor:1.27 avgQpOffsetCutree:0.00;
in:182 out:182 type:B q:12.98 q-aq:13.00 q-noVbv:12.98 q-Rceq:0.98 tex:43042 mv:4824 misc:2478 icu:449.75 pcu:487.75 scu:622.50 tlayer:3 pbqpoffset:0.92 pbfactor:1.11 avgQpOffsetCutree:-0.97;
in:181 out:183 type:b q:14.12 q-aq:14.15 q-noVbv:14.12 q-Rceq:0.98 tex:22745 mv:2995 misc:1476 icu:160.50 pcu:444.50 scu:955.00 tlayer:4 pbqpoffset:2.05 pbfactor:1.27 avgQpOffsetCutree:0.00;
in:183 out:184 type:b q:14.12 q-aq:14.22 q-noVbv:14.12 q-Rceq:0.98 tex:52934 mv:5116 misc:1966 icu:837.00 pcu:349.50 scu:373.50 tlayer:4 pbqpoffset:2.05 pbfactor:1.27 avgQpOffsetCutree:0.00;
in:200 out:185 type:k q:12.15 q-aq:6.30 q-noVbv:12.15 q-Rceq:0.98 tex:669353 mv:32651 misc:3044 icu:1244.25 pcu:308.00 scu:7.75 tlayer:0 pbqpoffset:0.11 pbfactor:1.01 avgQpOffsetCutree:-7.19;
in:192 out:186 type:B q:14.57 q-aq:9.73 q-noVbv:14.57 q-Rceq:0.98 tex:206303 mv:17872 misc:4265 icu:445.50 pcu:768.00 scu:346.50 tlayer:1 pbqpoffset:2.46 pbfactor:1.33 avgQpOffsetCutree:-4.84;
in:188 out:187 type:B q:15.36 q-aq:11.85 q-noVbv:15.36 q-Rceq:0.98 tex:58650 mv:11997 misc:3753 icu:128.25 pcu:917.75 scu:514.00 tlayer:2 pbqpoffset:3.27 pbfactor:1.46 avgQpOffsetCutree:-3.37;
in:186 out:188 type:B q:14.62 q-aq:15.33 q-noVbv:14.62 q-Rceq:0.98 tex:53521 mv:6946 misc:2117 icu:601.00 pcu:572.00 scu:387.00 tlayer:3 pbqpoffset:2.55 pbfactor:1.34 avgQpOffsetCutree:-0.91;
in:185 out:189 type:b q:16.70 q-aq:16.74 q-noVbv:16.70 q-Rceq:0.98 tex:29880 mv:4100 misc:1884 icu:771.50 pcu:338.75 scu:449.75 tlayer:4 pbqpoffset:4.63 pbfactor:1.71 avgQpOffsetCutree:0.00;
in:187 out:190 type:b q:18.35 q-aq:18.20 q-noVbv:18.35 q-Rceq:0.98 tex:27535 mv:4205 misc:1868 icu:203.50 pcu:490.25 scu:866.25 tlayer:4 pbqpoffset:6.27 pbfactor:2.06 avgQpOffsetCutree:0.00;
in:190 out:191 type:B q:15.37 q-aq:14.05 q-noVbv:15.37 q-Rceq:0.98 tex:19295 mv:5889 misc:2016 icu:12.25 pcu:712.00 scu:835.75 tlayer:3 pbqpoffset:3.27 pbfactor:1.46 avgQpOffsetCutree:-1.98;
in:189 out:192 type:b q:18.36 q-aq:18.15 q-noVbv:18.36 q-Rceq:0.98 tex:2098 mv:1602 misc:956 icu:0.75 pcu:280.75 scu:1278.50 tlayer:4 pbqpoffset:6.27 pbfactor:2.06 avgQpOffsetCutree:0.00;
in:191 out:193 type:b q:18.37 q-aq:18.14 q-noVbv:18.37 q-Rceq:0.98 tex:2957 mv:1739 misc:840 icu:2.00 pcu:332.50 scu:1225.50 tlayer:4 pbqpoffset:6.27 pbfactor:2.06 avgQpOffsetCutree:0.00;
in:196 out:194 type:B q:15.40 q-aq:11.74 q-noVbv:15.40 q-Rceq:0.98 tex:48761 mv:8318 misc:3945 icu:120.75 pcu:769.25 scu:670.00 tlayer:2 pbqpoffset:3.27 pbfactor:1.46 avgQpOffsetCutree:-3.29;
in:194 out:195 type:B q:15.39 q-aq:13.90 q-noVbv:15.39 q-Rceq:0.98 tex:25339 mv:6254 misc:2399 icu:62.00 pcu:707.00 scu:791.00 tlayer:3 pbqpoffset:3.27 pbfactor:1.46 avgQpOffsetCutree:-1.56;
in:193 out:196 type:b q:18.39 q-aq:18.19 q-noVbv:18.39 q-Rceq:0.98 tex:3199 mv:1872 misc:889 icu:0.75 pcu:368.00 scu:1191.25 tlayer:4 pbqpoffset:6.27 pbfactor:2.06 avgQpOffsetCutree:0.00;
in:195 out:197 type:b q:18.40 q-aq:18.32 q-noVbv:18.40 q-Rceq:0.98 tex:5744 mv:2437 misc:1131 icu:2.50 pcu:416.00 scu:1141.50 tlayer:4 pbqpoffset:6.27 pbfactor:2.06 avgQpOffsetCutree:0.00;
in:198 out:198 type:B q:15.41 q-aq:14.53 q-noVbv:15.41 q-Rceq:0.98 tex:26539 mv:4574 misc:1687 icu:75.25 pcu:572.75 scu:912.00 tlayer:3 pbqpoffset:3.27 pbfactor:1.46 avgQpOffsetCutree:-1.68;
in:197 out:199 type:b q:18.41 q-aq:18.36 q-noVbv:18.41 q-Rceq:0.98 tex:5010 mv:2107 misc:947 icu:4.25 pcu:275.25 scu:1280.50 tlayer:4 pbqpoffset:6.27 pbfactor:2.06 avgQpOffsetCutree:0.00;
in:199 out:200 type:b q:18.42 q-aq:18.26 q-noVbv:18.42 q-Rceq:0.98 tex:6384 mv:1986 misc:886 icu:9.50 pcu:299.00 scu:1251.50 tlayer:4 pbqpoffset:6.27 pbfactor:2.06 avgQpOffsetCutree:0.00;
in:208 out:201 type:k q:11.61 q-aq:4.48 q-noVbv:11.61 q-Rceq:0.98 tex:569286 mv:27712 misc:3970 icu:323.00 pcu:1141.25 scu:95.75 tlayer:0 pbqpoffset:0.11 pbfactor:1.01 avgQpOffsetCutree:-6.81;
in:204 out:202 type:B q:13.96 q-aq:10.97 q-noVbv:13.96 q-Rceq:0.98 tex:35377 mv:6185 misc:2398 icu:107.00 pcu:571.75 scu:881.25 tlayer:1 pbqpoffset:2.08 pbfactor:1.27 avgQpOffsetCutree:-3.27;
in:202 out:203 type:B q:15.27 q-aq:14.04 q-noVbv:15.27 q-Rceq:0.98 tex:19705 mv:4054 misc:1777 icu:21.00 pcu:503.75 scu:1035.25 tlayer:2 pbqpoffset:3.25 pbfactor:1.46 avgQpOffsetCutree:-1.82;
in:201 out:204 type:b q:18.36 q-aq:18.30 q-noVbv:18.36 q-Rceq:0.98 tex:4985 mv:1964 misc:1011 icu:1.25 pcu:359.25 scu:1199.50 tlayer:3 pbqpoffset:6.27 pbfactor:2.06 avgQpOffsetCutree:0.00;
in:203 out:205 type:b q:18.22 q-aq:18.09 q-noVbv:18.22 q-Rceq:0.98 tex:6068 mv:2155 misc:993 icu:5.75 pcu:260.25 scu:1294.00 tlayer:3 pbqpoffset:6.27 pbfactor:2.06 avgQpOffsetCutree:0.00;
in:206 out:206 type:B q:15.02 q-aq:13.87 q-noVbv:15.02 q-Rceq:0.98 tex:15419 mv:2934 misc:1455 icu:42.25 pcu:500.75 scu:1017.00 tlayer:2 pbqpoffset:3.27 pbfactor:1.46 avgQpOffsetCutree:-1.83;
in:205 out:207 type:b q:18.09 q-aq:18.26 q-noVbv:18.09 q-Rceq:0.98 tex:5954 mv:1862 misc:864 icu:8.00 pcu:259.50 scu:1292.50 tlayer:3 pbqpoffset:6.27 pbfactor:2.06 avgQpOffsetCutree:0.00;
in:207 out:208 type:b q:17.49 q-aq:17.50 q-noVbv:17.49 q-Rceq:0.98 tex:4409 mv:1417 misc:742 icu:1.25 pcu:245.75 scu:1313.00 tlayer:3 pbqpoffset:5.80 pbfactor:1.96 avgQpOffsetCutree:0.00;
in:221 out:209 type:k q:11.66 q-aq:5.67 q-noVbv:11.66 q-Rceq:0.98 tex:633809 mv:30843 misc:3188 icu:862.00 pcu:663.75 scu:34.25 tlayer:0 pbqpoffset:-0.16 pbfactor:0.98 avgQpOffsetCutree:-6.01;
in:215 out:210 type:B q:12.42 q-aq:8.45 q-noVbv:12.42 q-Rceq:0.98 tex:167690 mv:18431 misc:4215 icu:412.50 pcu:819.75 scu:327.75 tlayer:1 pbqpoffset:0.78 pbfactor:1.09 avgQpOffsetCutree:-3.74;
in:212 out:211 type:B q:13.09 q-aq:10.76 q-noVbv:13.09 q-Rceq:0.98 tex:64948 mv:11053 misc:2799 icu:93.50 pcu:831.75 scu:634.75 tlayer:2 pbqpoffset:1.46 pbfactor:1.18 avgQpOffsetCutree:-2.54;
in:210 out:212 type:B q:14.27 q-aq:12.73 q-noVbv:14.27 q-Rceq:0.98 tex:14296 mv:5164 misc:1948 icu:7.75 pcu:638.75 scu:913.50 tlayer:3 pbqpoffset:2.64 pbfactor:1.36 avgQpOffsetCutree:-1.98;
in:209 out:213 type:b q:17.26 q-aq:17.26 q-noVbv:17.26 q-Rceq:0.98 tex:3905 mv:1936 misc:847 icu:6.25 pcu:244.50 scu:1309.25 tlayer:4 pbqpoffset:5.64 pbfactor:1.92 avgQpOffsetCutree:0.00;
in:211 out:214 type:b q:17.27 q-aq:17.13 q-noVbv:17.27 q-Rceq:0.98 tex:3634 mv:1772 misc:986 icu:0.50 pcu:367.25 scu:1192.25 tlayer:4 pbqpoffset:5.64 pbfactor:1.92 avgQpOffsetCutree:0.00;
in:214 out:215 type:B q:12.42 q-aq:12.47 q-noVbv:12.42 q-Rceq:0.98 tex:53356 mv:7401 misc:2355 icu:221.75 pcu:502.00 scu:836.25 tlayer:3 pbqpoffset:0.78 pbfactor:1.09 avgQpOffsetCutree:-0.98;
in:213 out:216 type:b q:14.39 q-aq:14.44 q-noVbv:14.39 q-Rceq:0.98 tex:29100 mv:5442 misc:1938 icu:37.50 pcu:543.75 scu:978.75 tlayer:4 pbqpoffset:2.76 pbfactor:1.38 avgQpOffsetCutree:0.00;
in:218 out:217 type:B q:12.43 q-aq:10.12 q-noVbv:12.43 q-Rceq:0.98 tex:77144 mv:11190 misc:2810 icu:252.25 pcu:439.25 scu:868.50 tlayer:2 pbqpoffset:0.78 pbfactor:1.09 avgQpOffsetCutree:-2.22;
in:217 out:218 type:B q:13.87 q-aq:14.15 q-noVbv:13.87 q-Rceq:0.98 tex:34536 mv:6343 misc:1841 icu:83.00 pcu:635.50 scu:841.50 tlayer:3 pbqpoffset:2.22 pbfactor:1.29 avgQpOffsetCutree:-0.33;
in:216 out:219 type:b q:14.39 q-aq:14.31 q-noVbv:14.39 q-Rceq:0.98 tex:41665 mv:7372 misc:2163 icu:171.00 pcu:449.00 scu:940.00 tlayer:4 pbqpoffset:2.75 pbfactor:1.37 avgQpOffsetCutree:0.00;
in:220 out:220 type:B q:14.00 q-aq:13.99 q-noVbv:14.00 q-Rceq:0.98 tex:39862 mv:6680 misc:1746 icu:128.50 pcu:422.00 scu:1009.50 tlayer:3 pbqpoffset:2.34 pbfactor:1.31 avgQpOffsetCutree:-0.81;
in:219 out:221 type:b q:16.67 q-aq:17.01 q-noVbv:16.67 q-Rceq:0.98 tex:11512 mv:3669 misc:1347 icu:6.50 pcu:336.50 scu:1217.00 tlayer:4 pbqpoffset:5.01 pbfactor:1.78 avgQpOffsetCutree:0.00;
in:237 out:222 type:k q:12.89 q-aq:7.01 q-noVbv:12.89 q-Rceq:0.98 tex:509660 mv:31743 misc:3493 icu:814.25 pcu:720.75 scu:25.00 tlayer:0 pbqpoffset:-0.22 pbfactor:0.98 avgQpOffsetCutree:-5.81;
in:229 out:223 type:B q:13.32 q-aq:7.51 q-noVbv:13.32 q-Rceq:0.98 tex:190694 mv:18953 misc:4161 icu:311.00 pcu:949.25 scu:299.75 tlayer:1 pbqpoffset:1.04 pbfactor:1.13 avgQpOffsetCutree:-5.10;
in:225 out:224 type:B q:13.13 q-aq:9.91 q-noVbv:13.13 q-Rceq:0.98 tex:93072 mv:15774 misc:2842 icu:282.75 pcu:517.75 scu:759.50 tlayer:2 pbqpoffset:1.16 pbfactor:1.14 avgQpOffsetCutree:-3.30;
in:223 out:225 type:B q:14.38 q-aq:13.57 q-noVbv:14.38 q-Rceq:0.98 tex:53814 mv:9825 misc:1945 icu:128.75 pcu:462.25 scu:969.00 tlayer:3 pbqpoffset:2.56 pbfactor:1.34 avgQpOffsetCutree:-0.68;
in:222 out:226 type:b q:15.88 q-aq:16.03 q-noVbv:15.88 q-Rceq:0.98 tex:27724 mv:6446 misc:1446 icu:46.75 pcu:428.75 scu:1084.50 tlayer:4 pbqpoffset:4.14 pbfactor:1.61 avgQpOffsetCutree:0.00;
in:224 out:227 type:b q:14.78 q-aq:14.89 q-noVbv:14.78 q-Rceq:0.98 tex:42218 mv:8955 misc:2195 icu:118.75 pcu:616.00 scu:825.25 tlayer:4 pbqpoffset:2.88 pbfactor:1.40 avgQpOffsetCutree:0.00;
in:227 out:228 type:B q:14.77 q-aq:13.83 q-noVbv:14.77 q-Rceq:0.98 tex:33175 mv:8007 misc:1954 icu:65.00 pcu:563.75 scu:931.25 tlayer:3 pbqpoffset:2.65 pbfactor:1.36 avgQpOffsetCutree:-1.39;
in:226 out:229 type:b q:17.24 q-aq:17.10 q-noVbv:17.24 q-Rceq:0.98 tex:15795 mv:6116 misc:1505 icu:22.75 pcu:573.00 scu:964.25 tlayer:4 pbqpoffset:5.20 pbfactor:1.82 avgQpOffsetCutree:0.00;
in:228 out:230 type:b q:17.85 q-aq:18.00 q-noVbv:17.85 q-Rceq:0.98 tex:9908 mv:4282 misc:1354 icu:21.50 pcu:471.75 scu:1066.75 tlayer:4 pbqpoffset:5.65 pbfactor:1.92 avgQpOffsetCutree:0.00;
in:233 out:231 type:B q:15.23 q-aq:11.20 q-noVbv:15.23 q-Rceq:0.98 tex:47250 mv:12297 misc:2549 icu:94.25 pcu:717.25 scu:748.50 tlayer:2 pbqpoffset:2.65 pbfactor:1.36 avgQpOffsetCutree:-3.13;
in:231 out:232 type:B q:15.08 q-aq:13.56 q-noVbv:15.08 q-Rceq:0.98 tex:18469 mv:5724 misc:1695 icu:31.00 pcu:531.25 scu:997.75 tlayer:3 pbqpoffset:2.65 pbfactor:1.36 avgQpOffsetCutree:-1.49;
in:230 out:233 type:b q:18.00 q-aq:18.00 q-noVbv:18.00 q-Rceq:0.98 tex:5820 mv:3220 misc:1256 icu:2.50 pcu:288.75 scu:1268.75 tlayer:4 pbqpoffset:5.65 pbfactor:1.92 avgQpOffsetCutree:0.00;
in:232 out:234 type:b q:18.15 q-aq:18.00 q-noVbv:18.15 q-Rceq:0.98 tex:9487 mv:3416 misc:1177 icu:11.00 pcu:417.50 scu:1131.50 tlayer:4 pbqpoffset:5.65 pbfactor:1.92 avgQpOffsetCutree:0.00;
in:235 out:235 type:B q:15.38 q-aq:14.08 q-noVbv:15.38 q-Rceq:0.98 tex:19522 mv:6573 misc:2097 icu:31.25 pcu:552.00 scu:976.75 tlayer:3 pbqpoffset:2.65 pbfactor:1.36 avgQpOffsetCutree:-1.34;
in:234 out:236 type:b q:18.28 q-aq:18.02 q-noVbv:18.28 q-Rceq:0.98 tex:4477 mv:2137 misc:914 icu:3.00 pcu:397.25 scu:1159.75 tlayer:4 pbqpoffset:5.62 pbfactor:1.91 avgQpOffsetCutree:0.00;
in:236 out:237 type:b q:18.46 q-aq:18.17 q-noVbv:18.46 q-Rceq:0.98 tex:8640 mv:4675 misc:1373 icu:3.00 pcu:512.00 scu:1045.00 tlayer:4 pbqpoffset:5.65 pbfactor:1.92 avgQpOffsetCutree:0.00;
in:239 out:238 type:k q:12.78 q-aq:12.67 q-noVbv:12.78 q-Rceq:0.98 tex:47012 mv:9696 misc:2172 icu:164.50 pcu:426.75 scu:968.75 tlayer:0 pbqpoffset:-0.22 pbfactor:0.98 avgQpOffsetCutree:-0.84;
in:238 out:239 type:b q:14.84 q-aq:14.99 q-noVbv:14.84 q-Rceq:0.98 tex:20229 mv:5762 misc:1409 icu:69.75 pcu:387.00 scu:1103.25 tlayer:2 pbqpoffset:2.01 pbfactor:1.26 avgQpOffsetCutree:0.00;
