#options: cpuid=1173503 frame-threads=1 no-wpp no-pmode no-pme psnr no-ssim log-level=2 bitdepth=8 input-csp=1 fps=30000/1000 input-res=832x480 interlace=0 total-frames=300 level-idc=0 high-tier=1 uhd-bd=0 ref=4 no-allow-non-conformance no-repeat-headers annexb no-aud no-hrd info hash=0 no-temporal-layers open-gop min-keyint=1 keyint=5000 bframes=15 b-adapt=2 b-pyramid bframe-bias=0 rc-lookahead=40 lookahead-slices=0 scenecut=40 no-intra-refresh ctu=64 min-cu-size=8 rect amp max-tu-size=32 tu-inter-depth=3 tu-intra-depth=3 limit-tu=4 rdoq-level=2 dynamic-rd=0.00 no-ssim-rd signhide no-tskip nr-intra=0 nr-inter=0 no-constrained-intra strong-intra-smoothing max-merge=4 limit-refs=1 limit-modes me=3 subme=4 merange=57 temporal-mvp weightp weightb no-analyze-src-pics deblock=0:0 sao no-sao-non-deblock rd=6 no-early-skip rskip no-fast-intra no-tskip-fast no-cu-lossless b-intra rdpenalty=0 psy-rd=0.00 psy-rdoq=0.00 no-rd-refine analysis-reuse-mode=0 no-lossless cbqpoffs=0 crqpoffs=0 rc=abr bitrate=2000 qcomp=0.60 qpstep=4 stats-write=1 stats-read=0 slow-firstpass ipratio=1.40 pbratio=1.30 aq-mode=1 aq-strength=0.00 cutree zone-count=0 no-strict-cbr qg-size=64 no-rc-grain qpmax=69 qpmin=0 no-const-vbv sar=0 overscan=0 videoformat=5 range=0 colorprim=2 transfer=2 colormatrix=2 chromaloc=0 display-window=0 max-cll=0,0 min-luma=0 max-luma=255 log2-max-poc-lsb=8 vui-timing-info vui-hrd-info slices=1 opt-qp-pps opt-ref-list-length-pps no-multi-pass-opt-rps scenecut-bias=0.05 no-opt-cu-delta-qp no-aq-motion no-hdr no-hdr-opt no-dhdr10-opt analysis-reuse-level=5 scale-factor=0 refine-intra=0 refine-inter=0 refine-mv=0 no-limit-sao ctu-info=0 max-tlayer=4
in:0 out:0 type:I q:24.31 q-aq:22.14 q-noVbv:24.31 q-Rceq:1.08 tex:114597 mv:14586 misc:2433 icu:1560.00 pcu:0.00 scu:0.00 tlayer:0 pbqpoffset:0.00 pbfactor:1.00 avgQpOffsetCutree:-2.99;
in:5 out:1 type:k q:27.22 q-aq:23.49 q-noVbv:27.22 q-Rceq:1.08 tex:133442 mv:14321 misc:2541 icu:1536.75 pcu:22.00 scu:1.25 tlayer:0 pbqpoffset:0.00 pbfactor:1.00 avgQpOffsetCutree:-3.69;
in:3 out:2 type:B q:29.05 q-aq:28.46 q-noVbv:29.05 q-Rceq:1.08 tex:16276 mv:4901 misc:1615 icu:219.75 pcu:730.00 scu:610.25 tlayer:1 pbqpoffset:1.83 pbfactor:1.23 avgQpOffsetCutree:-1.39;
in:2 out:3 type:B q:29.99 q-aq:30.14 q-noVbv:29.99 q-Rceq:1.08 tex:4328 mv:3117 misc:1171 icu:34.00 pcu:518.25 scu:1007.75 tlayer:2 pbqpoffset:2.77 pbfactor:1.38 avgQpOffsetCutree:-0.83;
in:1 out:4 type:b q:30.30 q-aq:30.15 q-noVbv:30.30 q-Rceq:1.08 tex:1208 mv:2060 misc:956 icu:9.50 pcu:407.50 scu:1143.00 tlayer:3 pbqpoffset:3.08 pbfactor:1.43 avgQpOffsetCutree:0.00;
in:4 out:5 type:b q:31.10 q-aq:31.13 q-noVbv:31.10 q-Rceq:1.08 tex:7051 mv:3773 misc:1056 icu:328.50 pcu:446.25 scu:785.25 tlayer:2 pbqpoffset:3.88 pbfactor:1.56 avgQpOffsetCutree:0.00;
in:10 out:6 type:k q:23.22 q-aq:19.67 q-noVbv:23.22 q-Rceq:1.08 tex:203897 mv:20514 misc:2797 icu:1527.50 pcu:32.25 scu:0.25 tlayer:0 pbqpoffset:0.00 pbfactor:1.00 avgQpOffsetCutree:-3.71;
in:8 out:7 type:B q:26.38 q-aq:25.40 q-noVbv:26.38 q-Rceq:1.08 tex:66307 mv:11930 misc:2683 icu:489.00 pcu:839.50 scu:231.50 tlayer:1 pbqpoffset:1.56 pbfactor:1.20 avgQpOffsetCutree:-1.53;
in:7 out:8 type:B q:27.63 q-aq:27.54 q-noVbv:27.63 q-Rceq:1.08 tex:9708 mv:5615 misc:1853 icu:49.25 pcu:845.50 scu:665.25 tlayer:2 pbqpoffset:2.01 pbfactor:1.26 avgQpOffsetCutree:-0.72;
in:6 out:9 type:b q:29.95 q-aq:30.12 q-noVbv:29.95 q-Rceq:1.08 tex:3749 mv:3804 misc:1143 icu:35.25 pcu:626.75 scu:898.00 tlayer:3 pbqpoffset:3.53 pbfactor:1.50 avgQpOffsetCutree:0.00;
in:9 out:10 type:b q:27.44 q-aq:27.72 q-noVbv:27.44 q-Rceq:1.08 tex:4077 mv:3706 misc:1225 icu:8.50 pcu:623.00 scu:928.50 tlayer:2 pbqpoffset:3.42 pbfactor:1.48 avgQpOffsetCutree:0.00;
in:14 out:11 type:k q:23.43 q-aq:20.16 q-noVbv:23.43 q-Rceq:1.08 tex:134072 mv:16892 misc:3092 icu:800.00 pcu:662.75 scu:97.25 tlayer:0 pbqpoffset:0.00 pbfactor:1.00 avgQpOffsetCutree:-3.98;
in:12 out:12 type:B q:24.97 q-aq:25.06 q-noVbv:24.97 q-Rceq:1.08 tex:27340 mv:8623 misc:2293 icu:203.25 pcu:637.25 scu:719.50 tlayer:1 pbqpoffset:1.65 pbfactor:1.21 avgQpOffsetCutree:-1.12;
in:11 out:13 type:b q:26.07 q-aq:26.14 q-noVbv:26.07 q-Rceq:1.08 tex:4179 mv:3755 misc:1306 icu:11.00 pcu:453.50 scu:1095.50 tlayer:2 pbqpoffset:2.80 pbfactor:1.38 avgQpOffsetCutree:0.00;
in:13 out:14 type:b q:26.27 q-aq:26.22 q-noVbv:26.27 q-Rceq:1.08 tex:5709 mv:4372 misc:1463 icu:20.25 pcu:562.75 scu:977.00 tlayer:2 pbqpoffset:2.90 pbfactor:1.40 avgQpOffsetCutree:0.00;
in:20 out:15 type:k q:23.13 q-aq:20.85 q-noVbv:23.13 q-Rceq:1.08 tex:139750 mv:18039 misc:2987 icu:932.50 pcu:480.50 scu:147.00 tlayer:0 pbqpoffset:0.00 pbfactor:1.00 avgQpOffsetCutree:-3.25;
in:17 out:16 type:B q:24.98 q-aq:23.67 q-noVbv:24.98 q-Rceq:1.08 tex:71691 mv:15160 misc:3637 icu:404.50 pcu:820.25 scu:335.25 tlayer:1 pbqpoffset:1.70 pbfactor:1.22 avgQpOffsetCutree:-2.19;
in:16 out:17 type:B q:25.03 q-aq:25.89 q-noVbv:25.03 q-Rceq:1.08 tex:44751 mv:12157 misc:2892 icu:279.25 pcu:878.75 scu:402.00 tlayer:2 pbqpoffset:1.70 pbfactor:1.22 avgQpOffsetCutree:-0.47;
in:15 out:18 type:b q:26.89 q-aq:27.26 q-noVbv:26.89 q-Rceq:1.08 tex:4994 mv:3750 misc:1328 icu:34.25 pcu:639.00 scu:886.75 tlayer:3 pbqpoffset:3.51 pbfactor:1.50 avgQpOffsetCutree:0.00;
in:19 out:19 type:B q:25.36 q-aq:25.57 q-noVbv:25.36 q-Rceq:1.08 tex:20501 mv:9323 misc:2440 icu:93.25 pcu:802.00 scu:664.75 tlayer:2 pbqpoffset:2.18 pbfactor:1.29 avgQpOffsetCutree:-0.70;
in:18 out:20 type:b q:26.81 q-aq:27.05 q-noVbv:26.81 q-Rceq:1.08 tex:13529 mv:7398 misc:1937 icu:91.50 pcu:507.50 scu:961.00 tlayer:3 pbqpoffset:3.58 pbfactor:1.51 avgQpOffsetCutree:0.00;
in:25 out:21 type:k q:22.24 q-aq:19.82 q-noVbv:22.24 q-Rceq:1.08 tex:151488 mv:21086 misc:3282 icu:1112.25 pcu:362.25 scu:85.50 tlayer:0 pbqpoffset:0.00 pbfactor:1.00 avgQpOffsetCutree:-3.30;
in:23 out:22 type:B q:24.32 q-aq:22.77 q-noVbv:24.32 q-Rceq:1.08 tex:50853 mv:14737 misc:3362 icu:352.50 pcu:758.50 scu:449.00 tlayer:1 pbqpoffset:1.72 pbfactor:1.22 avgQpOffsetCutree:-1.94;
in:22 out:23 type:B q:25.60 q-aq:26.30 q-noVbv:25.60 q-Rceq:1.08 tex:13970 mv:8355 misc:2171 icu:85.25 pcu:701.75 scu:773.00 tlayer:2 pbqpoffset:2.83 pbfactor:1.39 avgQpOffsetCutree:-0.73;
in:21 out:24 type:b q:25.81 q-aq:26.04 q-noVbv:25.81 q-Rceq:1.08 tex:10104 mv:7115 misc:2221 icu:57.50 pcu:836.50 scu:666.00 tlayer:3 pbqpoffset:2.86 pbfactor:1.39 avgQpOffsetCutree:0.00;
in:24 out:25 type:b q:25.27 q-aq:25.34 q-noVbv:25.27 q-Rceq:1.08 tex:33172 mv:11859 misc:3001 icu:268.00 pcu:673.00 scu:619.00 tlayer:2 pbqpoffset:2.86 pbfactor:1.39 avgQpOffsetCutree:0.00;
in:31 out:26 type:k q:22.83 q-aq:20.83 q-noVbv:22.83 q-Rceq:1.08 tex:163695 mv:23125 misc:2780 icu:1357.50 pcu:158.50 scu:44.00 tlayer:0 pbqpoffset:0.00 pbfactor:1.00 avgQpOffsetCutree:-3.02;
in:28 out:27 type:B q:24.29 q-aq:23.50 q-noVbv:24.29 q-Rceq:1.08 tex:65123 mv:14136 misc:2981 icu:760.25 pcu:565.25 scu:234.50 tlayer:1 pbqpoffset:1.76 pbfactor:1.23 avgQpOffsetCutree:-1.60;
in:27 out:28 type:B q:24.22 q-aq:24.84 q-noVbv:24.22 q-Rceq:1.08 tex:30196 mv:11687 misc:2869 icu:154.50 pcu:743.25 scu:662.25 tlayer:2 pbqpoffset:1.79 pbfactor:1.23 avgQpOffsetCutree:-0.54;
in:26 out:29 type:b q:25.23 q-aq:25.37 q-noVbv:25.23 q-Rceq:1.08 tex:22016 mv:11556 misc:2556 icu:141.75 pcu:745.50 scu:672.75 tlayer:3 pbqpoffset:2.89 pbfactor:1.40 avgQpOffsetCutree:0.00;
in:30 out:30 type:B q:24.86 q-aq:25.16 q-noVbv:24.86 q-Rceq:1.08 tex:22734 mv:10010 misc:2936 icu:149.25 pcu:649.75 scu:761.00 tlayer:2 pbqpoffset:2.13 pbfactor:1.28 avgQpOffsetCutree:-0.88;
in:29 out:31 type:b q:25.52 q-aq:26.09 q-noVbv:25.52 q-Rceq:1.08 tex:11948 mv:6826 misc:1970 icu:41.50 pcu:705.50 scu:813.00 tlayer:3 pbqpoffset:2.89 pbfactor:1.40 avgQpOffsetCutree:0.00;
in:36 out:32 type:k q:23.25 q-aq:21.66 q-noVbv:23.25 q-Rceq:1.08 tex:121916 mv:15357 misc:2439 icu:1449.25 pcu:103.50 scu:7.25 tlayer:0 pbqpoffset:0.00 pbfactor:1.00 avgQpOffsetCutree:-2.56;
in:34 out:33 type:B q:24.82 q-aq:24.10 q-noVbv:24.82 q-Rceq:1.08 tex:82399 mv:16919 misc:3010 icu:851.75 pcu:526.25 scu:182.00 tlayer:1 pbqpoffset:1.74 pbfactor:1.22 avgQpOffsetCutree:-1.74;
in:33 out:34 type:B q:24.74 q-aq:25.25 q-noVbv:24.74 q-Rceq:1.08 tex:38255 mv:12147 misc:3118 icu:194.50 pcu:863.50 scu:502.00 tlayer:2 pbqpoffset:1.74 pbfactor:1.22 avgQpOffsetCutree:-0.67;
in:32 out:35 type:b q:25.79 q-aq:26.11 q-noVbv:25.79 q-Rceq:1.08 tex:35727 mv:13902 misc:3091 icu:353.25 pcu:598.25 scu:608.50 tlayer:3 pbqpoffset:2.88 pbfactor:1.39 avgQpOffsetCutree:0.00;
in:35 out:36 type:b q:26.04 q-aq:26.18 q-noVbv:26.04 q-Rceq:1.08 tex:19275 mv:7657 misc:2508 icu:154.25 pcu:703.50 scu:702.25 tlayer:2 pbqpoffset:2.88 pbfactor:1.39 avgQpOffsetCutree:0.00;
in:43 out:37 type:k q:23.14 q-aq:21.03 q-noVbv:23.14 q-Rceq:1.08 tex:146893 mv:19334 misc:2589 icu:1452.00 pcu:104.50 scu:3.50 tlayer:0 pbqpoffset:0.00 pbfactor:1.00 avgQpOffsetCutree:-3.19;
in:40 out:38 type:B q:24.95 q-aq:23.78 q-noVbv:24.95 q-Rceq:1.08 tex:91794 mv:14239 misc:2623 icu:1228.50 pcu:235.25 scu:96.25 tlayer:1 pbqpoffset:1.77 pbfactor:1.23 avgQpOffsetCutree:-2.10;
in:38 out:39 type:B q:24.99 q-aq:24.12 q-noVbv:24.99 q-Rceq:1.08 tex:51332 mv:12781 misc:2679 icu:690.00 pcu:492.00 scu:378.00 tlayer:2 pbqpoffset:1.77 pbfactor:1.23 avgQpOffsetCutree:-1.32;
in:37 out:40 type:b q:26.14 q-aq:26.20 q-noVbv:26.14 q-Rceq:1.08 tex:11293 mv:5425 misc:2122 icu:40.75 pcu:638.50 scu:880.75 tlayer:3 pbqpoffset:2.91 pbfactor:1.40 avgQpOffsetCutree:0.00;
in:39 out:41 type:b q:26.87 q-aq:27.09 q-noVbv:26.87 q-Rceq:1.08 tex:7403 mv:4852 misc:1569 icu:40.50 pcu:619.75 scu:899.75 tlayer:3 pbqpoffset:3.67 pbfactor:1.53 avgQpOffsetCutree:0.00;
in:42 out:42 type:B q:25.49 q-aq:25.77 q-noVbv:25.49 q-Rceq:1.08 tex:25626 mv:8784 misc:2566 icu:187.00 pcu:700.50 scu:672.50 tlayer:2 pbqpoffset:2.34 pbfactor:1.31 avgQpOffsetCutree:-0.76;
in:41 out:43 type:b q:26.07 q-aq:26.21 q-noVbv:26.07 q-Rceq:1.08 tex:12156 mv:5857 misc:1787 icu:43.50 pcu:625.25 scu:891.25 tlayer:3 pbqpoffset:2.91 pbfactor:1.40 avgQpOffsetCutree:0.00;
in:50 out:44 type:k q:21.08 q-aq:19.42 q-noVbv:21.08 q-Rceq:1.08 tex:138954 mv:16019 misc:2163 icu:1358.50 pcu:168.00 scu:33.50 tlayer:0 pbqpoffset:0.00 pbfactor:1.00 avgQpOffsetCutree:-2.45;
in:47 out:45 type:B q:23.66 q-aq:22.15 q-noVbv:23.66 q-Rceq:1.08 tex:102155 mv:17469 misc:2928 icu:1105.00 pcu:332.25 scu:122.75 tlayer:1 pbqpoffset:1.70 pbfactor:1.22 avgQpOffsetCutree:-2.00;
in:45 out:46 type:B q:24.25 q-aq:23.32 q-noVbv:24.25 q-Rceq:1.08 tex:50103 mv:13364 misc:3037 icu:430.75 pcu:661.75 scu:467.50 tlayer:2 pbqpoffset:1.70 pbfactor:1.22 avgQpOffsetCutree:-1.31;
in:44 out:47 type:b q:25.68 q-aq:26.03 q-noVbv:25.68 q-Rceq:1.08 tex:39734 mv:11646 misc:2412 icu:642.75 pcu:587.00 scu:330.25 tlayer:3 pbqpoffset:2.84 pbfactor:1.39 avgQpOffsetCutree:0.00;
in:46 out:48 type:b q:25.09 q-aq:25.16 q-noVbv:25.09 q-Rceq:1.08 tex:19870 mv:9813 misc:2389 icu:111.00 pcu:626.25 scu:822.75 tlayer:3 pbqpoffset:2.84 pbfactor:1.39 avgQpOffsetCutree:0.00;
in:49 out:49 type:B q:23.08 q-aq:23.58 q-noVbv:23.08 q-Rceq:1.08 tex:35006 mv:9619 misc:2303 icu:196.25 pcu:671.75 scu:692.00 tlayer:2 pbqpoffset:1.70 pbfactor:1.22 avgQpOffsetCutree:-0.48;
in:48 out:50 type:b q:24.51 q-aq:24.92 q-noVbv:24.51 q-Rceq:1.08 tex:26915 mv:9332 misc:2633 icu:234.00 pcu:534.25 scu:791.75 tlayer:3 pbqpoffset:2.84 pbfactor:1.39 avgQpOffsetCutree:0.00;
in:54 out:51 type:k q:21.88 q-aq:20.04 q-noVbv:21.88 q-Rceq:1.08 tex:102471 mv:9972 misc:2181 icu:1431.25 pcu:126.00 scu:2.75 tlayer:0 pbqpoffset:0.00 pbfactor:1.00 avgQpOffsetCutree:-2.54;
in:52 out:52 type:B q:23.00 q-aq:22.63 q-noVbv:23.00 q-Rceq:1.08 tex:66151 mv:9397 misc:2036 icu:1043.25 pcu:318.75 scu:198.00 tlayer:1 pbqpoffset:1.51 pbfactor:1.19 avgQpOffsetCutree:-1.17;
in:51 out:53 type:b q:23.93 q-aq:24.07 q-noVbv:23.93 q-Rceq:1.08 tex:9654 mv:4661 misc:1525 icu:43.50 pcu:824.00 scu:692.50 tlayer:2 pbqpoffset:2.65 pbfactor:1.36 avgQpOffsetCutree:0.00;
in:53 out:54 type:b q:24.33 q-aq:24.32 q-noVbv:24.33 q-Rceq:1.08 tex:15401 mv:4880 misc:1415 icu:277.50 pcu:589.00 scu:693.50 tlayer:2 pbqpoffset:2.65 pbfactor:1.36 avgQpOffsetCutree:0.00;
in:58 out:55 type:k q:20.95 q-aq:18.47 q-noVbv:20.95 q-Rceq:1.08 tex:105773 mv:11519 misc:2092 icu:1389.75 pcu:161.00 scu:9.25 tlayer:0 pbqpoffset:0.00 pbfactor:1.00 avgQpOffsetCutree:-3.00;
in:56 out:56 type:B q:22.89 q-aq:22.25 q-noVbv:22.89 q-Rceq:1.08 tex:62075 mv:7062 misc:1887 icu:1146.00 pcu:296.25 scu:117.75 tlayer:1 pbqpoffset:1.47 pbfactor:1.19 avgQpOffsetCutree:-1.34;
in:55 out:57 type:b q:24.87 q-aq:25.01 q-noVbv:24.87 q-Rceq:1.08 tex:4984 mv:2447 misc:945 icu:25.50 pcu:590.25 scu:944.25 tlayer:2 pbqpoffset:3.22 pbfactor:1.45 avgQpOffsetCutree:0.00;
in:57 out:58 type:b q:25.46 q-aq:25.33 q-noVbv:25.46 q-Rceq:1.08 tex:3198 mv:1692 misc:862 icu:11.00 pcu:465.50 scu:1083.50 tlayer:2 pbqpoffset:4.28 pbfactor:1.64 avgQpOffsetCutree:0.00;
in:62 out:59 type:k q:20.54 q-aq:17.90 q-noVbv:20.54 q-Rceq:1.08 tex:144087 mv:15532 misc:2149 icu:1400.00 pcu:146.50 scu:13.50 tlayer:0 pbqpoffset:0.00 pbfactor:1.00 avgQpOffsetCutree:-2.83;
in:60 out:60 type:B q:22.18 q-aq:21.88 q-noVbv:22.18 q-Rceq:1.08 tex:59728 mv:8886 misc:2034 icu:1057.25 pcu:297.75 scu:205.00 tlayer:1 pbqpoffset:1.44 pbfactor:1.18 avgQpOffsetCutree:-0.96;
in:59 out:61 type:b q:25.30 q-aq:25.12 q-noVbv:25.30 q-Rceq:1.08 tex:1721 mv:1394 misc:661 icu:2.25 pcu:480.50 scu:1077.25 tlayer:2 pbqpoffset:4.45 pbfactor:1.67 avgQpOffsetCutree:0.00;
in:61 out:62 type:b q:23.22 q-aq:23.08 q-noVbv:23.22 q-Rceq:1.08 tex:9963 mv:3446 misc:1247 icu:50.75 pcu:534.50 scu:974.75 tlayer:2 pbqpoffset:2.58 pbfactor:1.35 avgQpOffsetCutree:0.00;
in:68 out:63 type:k q:21.08 q-aq:19.45 q-noVbv:21.08 q-Rceq:1.08 tex:132214 mv:16382 misc:1996 icu:1460.00 pcu:90.75 scu:9.25 tlayer:0 pbqpoffset:0.42 pbfactor:1.05 avgQpOffsetCutree:-2.50;
in:65 out:64 type:B q:22.38 q-aq:20.65 q-noVbv:22.38 q-Rceq:1.08 tex:119115 mv:17263 misc:2254 icu:1128.25 pcu:240.25 scu:191.50 tlayer:1 pbqpoffset:1.57 pbfactor:1.20 avgQpOffsetCutree:-1.97;
in:64 out:65 type:B q:23.08 q-aq:23.36 q-noVbv:23.08 q-Rceq:1.08 tex:33523 mv:10249 misc:2364 icu:246.25 pcu:621.50 scu:692.25 tlayer:2 pbqpoffset:2.36 pbfactor:1.31 avgQpOffsetCutree:-0.60;
in:63 out:66 type:b q:26.62 q-aq:27.00 q-noVbv:26.62 q-Rceq:1.08 tex:2793 mv:2242 misc:829 icu:17.75 pcu:282.00 scu:1260.25 tlayer:3 pbqpoffset:5.98 pbfactor:2.00 avgQpOffsetCutree:0.00;
in:67 out:67 type:B q:23.29 q-aq:23.24 q-noVbv:23.29 q-Rceq:1.08 tex:34830 mv:9761 misc:2577 icu:230.50 pcu:587.00 scu:742.50 tlayer:2 pbqpoffset:2.29 pbfactor:1.30 avgQpOffsetCutree:-0.61;
in:66 out:68 type:b q:24.43 q-aq:24.36 q-noVbv:24.43 q-Rceq:1.08 tex:18844 mv:8052 misc:2040 icu:79.25 pcu:650.75 scu:830.00 tlayer:3 pbqpoffset:3.53 pbfactor:1.50 avgQpOffsetCutree:0.00;
in:75 out:69 type:k q:21.08 q-aq:18.00 q-noVbv:21.08 q-Rceq:1.08 tex:151349 mv:13434 misc:1977 icu:1507.75 pcu:52.25 scu:0.00 tlayer:0 pbqpoffset:0.00 pbfactor:1.00 avgQpOffsetCutree:-3.51;
in:72 out:70 type:B q:22.75 q-aq:21.49 q-noVbv:22.75 q-Rceq:1.08 tex:95427 mv:14258 misc:2051 icu:1484.75 pcu:69.50 scu:5.75 tlayer:1 pbqpoffset:1.67 pbfactor:1.21 avgQpOffsetCutree:-2.03;
in:70 out:71 type:B q:22.75 q-aq:21.73 q-noVbv:22.75 q-Rceq:1.08 tex:42930 mv:8990 misc:2416 icu:386.00 pcu:675.75 scu:498.25 tlayer:2 pbqpoffset:1.67 pbfactor:1.21 avgQpOffsetCutree:-1.54;
in:69 out:72 type:b q:23.98 q-aq:24.14 q-noVbv:23.98 q-Rceq:1.08 tex:11418 mv:4595 misc:1587 icu:28.50 pcu:556.75 scu:974.75 tlayer:3 pbqpoffset:2.90 pbfactor:1.40 avgQpOffsetCutree:0.00;
in:71 out:73 type:b q:24.20 q-aq:24.26 q-noVbv:24.20 q-Rceq:1.08 tex:5861 mv:3501 misc:1574 icu:9.25 pcu:603.00 scu:947.75 tlayer:3 pbqpoffset:3.12 pbfactor:1.43 avgQpOffsetCutree:0.00;
in:74 out:74 type:B q:24.61 q-aq:24.64 q-noVbv:24.61 q-Rceq:1.08 tex:9373 mv:3704 misc:1171 icu:66.50 pcu:382.25 scu:1111.25 tlayer:2 pbqpoffset:3.53 pbfactor:1.50 avgQpOffsetCutree:-0.77;
in:73 out:75 type:b q:24.97 q-aq:25.03 q-noVbv:24.97 q-Rceq:1.08 tex:5631 mv:3089 misc:1304 icu:32.50 pcu:615.25 scu:912.25 tlayer:3 pbqpoffset:3.89 pbfactor:1.57 avgQpOffsetCutree:0.00;
in:79 out:76 type:k q:20.82 q-aq:18.24 q-noVbv:20.82 q-Rceq:1.08 tex:164184 mv:12346 misc:2158 icu:1488.00 pcu:69.50 scu:2.50 tlayer:0 pbqpoffset:0.57 pbfactor:1.07 avgQpOffsetCutree:-3.17;
in:77 out:77 type:B q:22.57 q-aq:21.80 q-noVbv:22.57 q-Rceq:1.08 tex:31825 mv:6837 misc:2098 icu:247.25 pcu:915.75 scu:397.00 tlayer:1 pbqpoffset:1.62 pbfactor:1.21 avgQpOffsetCutree:-1.39;
in:76 out:78 type:b q:26.21 q-aq:26.13 q-noVbv:26.21 q-Rceq:1.08 tex:9549 mv:4219 misc:1320 icu:225.50 pcu:684.75 scu:649.75 tlayer:2 pbqpoffset:5.19 pbfactor:1.82 avgQpOffsetCutree:0.00;
in:78 out:79 type:b q:27.37 q-aq:27.26 q-noVbv:27.37 q-Rceq:1.08 tex:4762 mv:2414 misc:1000 icu:31.75 pcu:602.25 scu:926.00 tlayer:2 pbqpoffset:6.49 pbfactor:2.12 avgQpOffsetCutree:0.00;
in:80 out:80 type:k q:23.00 q-aq:19.89 q-noVbv:23.00 q-Rceq:1.08 tex:67382 mv:8872 misc:2602 icu:546.00 pcu:781.50 scu:232.50 tlayer:0 pbqpoffset:0.57 pbfactor:1.07 avgQpOffsetCutree:-2.76;
in:85 out:81 type:k q:22.83 q-aq:19.98 q-noVbv:22.83 q-Rceq:1.08 tex:161326 mv:18785 misc:2729 icu:888.75 pcu:559.75 scu:111.50 tlayer:0 pbqpoffset:0.58 pbfactor:1.07 avgQpOffsetCutree:-3.91;
in:83 out:82 type:B q:25.04 q-aq:24.18 q-noVbv:25.04 q-Rceq:1.08 tex:45852 mv:9451 misc:2121 icu:322.25 pcu:879.50 scu:358.25 tlayer:1 pbqpoffset:2.14 pbfactor:1.28 avgQpOffsetCutree:-1.40;
in:82 out:83 type:B q:26.44 q-aq:27.25 q-noVbv:26.44 q-Rceq:1.08 tex:7208 mv:4319 misc:1337 icu:44.75 pcu:700.75 scu:814.50 tlayer:2 pbqpoffset:3.51 pbfactor:1.50 avgQpOffsetCutree:-0.87;
in:81 out:84 type:b q:29.47 q-aq:29.51 q-noVbv:29.47 q-Rceq:1.08 tex:2618 mv:2476 misc:850 icu:7.50 pcu:416.75 scu:1135.75 tlayer:3 pbqpoffset:6.51 pbfactor:2.12 avgQpOffsetCutree:0.00;
in:84 out:85 type:b q:25.64 q-aq:26.03 q-noVbv:25.64 q-Rceq:1.08 tex:47415 mv:10154 misc:2175 icu:618.50 pcu:702.00 scu:239.50 tlayer:2 pbqpoffset:2.78 pbfactor:1.38 avgQpOffsetCutree:0.00;
in:89 out:86 type:k q:23.30 q-aq:20.32 q-noVbv:23.30 q-Rceq:1.08 tex:169901 mv:20123 misc:2984 icu:819.00 pcu:700.75 scu:40.25 tlayer:0 pbqpoffset:0.58 pbfactor:1.07 avgQpOffsetCutree:-3.96;
in:87 out:87 type:B q:25.31 q-aq:24.35 q-noVbv:25.31 q-Rceq:1.08 tex:51910 mv:11855 misc:2923 icu:259.25 pcu:791.25 scu:509.50 tlayer:1 pbqpoffset:2.25 pbfactor:1.30 avgQpOffsetCutree:-1.47;
in:86 out:88 type:b q:28.40 q-aq:28.48 q-noVbv:28.40 q-Rceq:1.08 tex:10395 mv:7385 misc:1732 icu:54.00 pcu:790.75 scu:715.25 tlayer:2 pbqpoffset:5.45 pbfactor:1.88 avgQpOffsetCutree:0.00;
in:88 out:89 type:b q:27.86 q-aq:28.07 q-noVbv:27.86 q-Rceq:1.08 tex:20549 mv:7814 misc:1973 icu:146.00 pcu:691.75 scu:722.25 tlayer:2 pbqpoffset:4.68 pbfactor:1.72 avgQpOffsetCutree:0.00;
in:93 out:90 type:k q:23.55 q-aq:19.76 q-noVbv:23.55 q-Rceq:1.08 tex:150240 mv:20079 misc:3009 icu:763.25 pcu:695.00 scu:101.75 tlayer:0 pbqpoffset:0.62 pbfactor:1.07 avgQpOffsetCutree:-4.27;
in:91 out:91 type:B q:25.37 q-aq:24.26 q-noVbv:25.37 q-Rceq:1.08 tex:46664 mv:11710 misc:2714 icu:259.25 pcu:758.25 scu:542.50 tlayer:1 pbqpoffset:1.95 pbfactor:1.25 avgQpOffsetCutree:-1.71;
in:90 out:92 type:b q:27.58 q-aq:28.01 q-noVbv:27.58 q-Rceq:1.08 tex:12364 mv:7128 misc:1764 icu:52.75 pcu:600.75 scu:906.50 tlayer:2 pbqpoffset:4.22 pbfactor:1.63 avgQpOffsetCutree:0.00;
in:92 out:93 type:b q:26.57 q-aq:27.01 q-noVbv:26.57 q-Rceq:1.08 tex:36234 mv:9118 misc:2048 icu:350.50 pcu:768.50 scu:441.00 tlayer:2 pbqpoffset:3.08 pbfactor:1.43 avgQpOffsetCutree:0.00;
in:98 out:94 type:k q:21.14 q-aq:17.55 q-noVbv:21.14 q-Rceq:1.08 tex:184987 mv:20094 misc:2919 icu:1002.00 pcu:516.50 scu:41.50 tlayer:0 pbqpoffset:0.61 pbfactor:1.07 avgQpOffsetCutree:-3.47;
in:96 out:95 type:B q:23.72 q-aq:22.41 q-noVbv:23.72 q-Rceq:1.08 tex:65920 mv:12856 misc:2840 icu:379.75 pcu:648.75 scu:531.50 tlayer:1 pbqpoffset:1.62 pbfactor:1.21 avgQpOffsetCutree:-1.77;
in:95 out:96 type:B q:24.21 q-aq:23.89 q-noVbv:24.21 q-Rceq:1.08 tex:25056 mv:8462 misc:2346 icu:66.50 pcu:772.25 scu:721.25 tlayer:2 pbqpoffset:1.62 pbfactor:1.21 avgQpOffsetCutree:-0.80;
in:94 out:97 type:b q:25.82 q-aq:26.04 q-noVbv:25.82 q-Rceq:1.08 tex:15723 mv:9008 misc:2149 icu:39.50 pcu:863.75 scu:656.75 tlayer:3 pbqpoffset:2.75 pbfactor:1.37 avgQpOffsetCutree:0.00;
in:97 out:98 type:b q:24.38 q-aq:24.33 q-noVbv:24.38 q-Rceq:1.08 tex:5553 mv:3433 misc:1198 icu:15.00 pcu:431.00 scu:1114.00 tlayer:2 pbqpoffset:2.75 pbfactor:1.37 avgQpOffsetCutree:0.00;
in:102 out:99 type:k q:21.23 q-aq:18.00 q-noVbv:21.23 q-Rceq:1.08 tex:147653 mv:18454 misc:2805 icu:833.50 pcu:506.50 scu:220.00 tlayer:0 pbqpoffset:0.64 pbfactor:1.08 avgQpOffsetCutree:-3.46;
in:100 out:100 type:B q:22.65 q-aq:21.87 q-noVbv:22.65 q-Rceq:1.08 tex:31752 mv:8523 misc:2213 icu:157.00 pcu:701.50 scu:701.50 tlayer:1 pbqpoffset:1.47 pbfactor:1.18 avgQpOffsetCutree:-1.42;
in:99 out:101 type:b q:24.09 q-aq:24.04 q-noVbv:24.09 q-Rceq:1.08 tex:5744 mv:3114 misc:1310 icu:16.25 pcu:397.25 scu:1146.50 tlayer:2 pbqpoffset:2.92 pbfactor:1.40 avgQpOffsetCutree:0.00;
in:101 out:102 type:b q:24.78 q-aq:25.02 q-noVbv:24.78 q-Rceq:1.08 tex:5369 mv:3214 misc:1217 icu:20.25 pcu:448.50 scu:1091.25 tlayer:2 pbqpoffset:3.58 pbfactor:1.51 avgQpOffsetCutree:0.00;
in:108 out:103 type:k q:20.39 q-aq:17.25 q-noVbv:20.39 q-Rceq:1.08 tex:166521 mv:18695 misc:2672 icu:1210.25 pcu:318.50 scu:31.25 tlayer:0 pbqpoffset:0.56 pbfactor:1.07 avgQpOffsetCutree:-3.77;
in:105 out:104 type:B q:22.39 q-aq:20.51 q-noVbv:22.39 q-Rceq:1.08 tex:57762 mv:11444 misc:2922 icu:284.25 pcu:739.50 scu:536.25 tlayer:1 pbqpoffset:1.58 pbfactor:1.20 avgQpOffsetCutree:-2.07;
in:104 out:105 type:B q:22.53 q-aq:22.94 q-noVbv:22.53 q-Rceq:1.08 tex:56728 mv:10952 misc:2456 icu:341.50 pcu:850.50 scu:368.00 tlayer:2 pbqpoffset:1.58 pbfactor:1.20 avgQpOffsetCutree:-0.71;
in:103 out:106 type:b q:23.81 q-aq:24.05 q-noVbv:23.81 q-Rceq:1.08 tex:5451 mv:4006 misc:1351 icu:6.25 pcu:532.50 scu:1021.25 tlayer:3 pbqpoffset:2.72 pbfactor:1.37 avgQpOffsetCutree:0.00;
in:107 out:107 type:B q:22.81 q-aq:22.94 q-noVbv:22.81 q-Rceq:1.08 tex:24167 mv:8019 misc:2118 icu:103.00 pcu:644.25 scu:812.75 tlayer:2 pbqpoffset:2.27 pbfactor:1.30 avgQpOffsetCutree:-0.65;
in:106 out:108 type:b q:23.98 q-aq:24.04 q-noVbv:23.98 q-Rceq:1.08 tex:13974 mv:6534 misc:1828 icu:81.00 pcu:595.50 scu:883.50 tlayer:3 pbqpoffset:3.30 pbfactor:1.46 avgQpOffsetCutree:0.00;
in:112 out:109 type:k q:19.93 q-aq:17.59 q-noVbv:19.93 q-Rceq:1.08 tex:125206 mv:15210 misc:2648 icu:1168.00 pcu:292.50 scu:99.50 tlayer:0 pbqpoffset:0.38 pbfactor:1.04 avgQpOffsetCutree:-3.06;
in:110 out:110 type:B q:21.76 q-aq:20.65 q-noVbv:21.76 q-Rceq:1.08 tex:18946 mv:4959 misc:1935 icu:83.50 pcu:756.75 scu:719.75 tlayer:1 pbqpoffset:1.59 pbfactor:1.20 avgQpOffsetCutree:-1.68;
in:109 out:111 type:b q:23.44 q-aq:23.39 q-noVbv:23.44 q-Rceq:1.08 tex:5898 mv:3516 misc:1466 icu:46.50 pcu:546.75 scu:966.75 tlayer:2 pbqpoffset:3.16 pbfactor:1.44 avgQpOffsetCutree:0.00;
in:111 out:112 type:b q:24.01 q-aq:24.04 q-noVbv:24.01 q-Rceq:1.08 tex:3994 mv:1734 misc:968 icu:13.00 pcu:324.75 scu:1222.25 tlayer:2 pbqpoffset:3.96 pbfactor:1.58 avgQpOffsetCutree:0.00;
in:116 out:113 type:k q:19.95 q-aq:18.62 q-noVbv:19.95 q-Rceq:1.08 tex:130137 mv:15059 misc:2052 icu:1191.75 pcu:290.25 scu:78.00 tlayer:0 pbqpoffset:0.58 pbfactor:1.07 avgQpOffsetCutree:-2.41;
in:114 out:114 type:B q:21.64 q-aq:20.74 q-noVbv:21.64 q-Rceq:1.08 tex:32597 mv:7397 misc:2678 icu:281.50 pcu:744.25 scu:534.25 tlayer:1 pbqpoffset:1.70 pbfactor:1.22 avgQpOffsetCutree:-1.52;
in:113 out:115 type:b q:25.81 q-aq:26.01 q-noVbv:25.81 q-Rceq:1.08 tex:1852 mv:1910 misc:910 icu:12.50 pcu:531.00 scu:1016.50 tlayer:2 pbqpoffset:5.88 pbfactor:1.97 avgQpOffsetCutree:0.00;
in:115 out:116 type:b q:23.68 q-aq:24.01 q-noVbv:23.68 q-Rceq:1.08 tex:11886 mv:4848 misc:1546 icu:79.25 pcu:516.50 scu:964.25 tlayer:2 pbqpoffset:3.74 pbfactor:1.54 avgQpOffsetCutree:0.00;
in:120 out:117 type:k q:19.84 q-aq:17.00 q-noVbv:19.84 q-Rceq:1.08 tex:124535 mv:16809 misc:2472 icu:1206.50 pcu:309.75 scu:43.75 tlayer:0 pbqpoffset:0.67 pbfactor:1.08 avgQpOffsetCutree:-3.44;
in:118 out:118 type:B q:21.90 q-aq:20.86 q-noVbv:21.90 q-Rceq:1.08 tex:22283 mv:6061 misc:1896 icu:72.25 pcu:634.75 scu:853.00 tlayer:1 pbqpoffset:2.00 pbfactor:1.26 avgQpOffsetCutree:-1.47;
in:117 out:119 type:b q:23.61 q-aq:24.03 q-noVbv:23.61 q-Rceq:1.08 tex:6002 mv:3282 misc:1348 icu:12.50 pcu:506.75 scu:1040.75 tlayer:2 pbqpoffset:3.69 pbfactor:1.53 avgQpOffsetCutree:0.00;
in:119 out:120 type:b q:25.87 q-aq:26.05 q-noVbv:25.87 q-Rceq:1.08 tex:2792 mv:2068 misc:972 icu:12.75 pcu:337.00 scu:1210.25 tlayer:2 pbqpoffset:6.00 pbfactor:2.00 avgQpOffsetCutree:0.00;
in:126 out:121 type:k q:18.43 q-aq:16.50 q-noVbv:18.43 q-Rceq:1.08 tex:156232 mv:17444 misc:1972 icu:1349.50 pcu:197.25 scu:13.25 tlayer:0 pbqpoffset:0.30 pbfactor:1.04 avgQpOffsetCutree:-2.43;
in:123 out:122 type:B q:20.73 q-aq:19.15 q-noVbv:20.73 q-Rceq:1.08 tex:97781 mv:14645 misc:2334 icu:1084.25 pcu:373.25 scu:102.50 tlayer:1 pbqpoffset:1.60 pbfactor:1.20 avgQpOffsetCutree:-1.84;
in:122 out:123 type:B q:20.97 q-aq:21.04 q-noVbv:20.97 q-Rceq:1.08 tex:31821 mv:9195 misc:2104 icu:79.25 pcu:716.75 scu:764.00 tlayer:2 pbqpoffset:1.60 pbfactor:1.20 avgQpOffsetCutree:-0.69;
in:121 out:124 type:b q:22.91 q-aq:23.04 q-noVbv:22.91 q-Rceq:1.08 tex:4559 mv:2601 misc:1136 icu:29.00 pcu:316.25 scu:1214.75 tlayer:3 pbqpoffset:3.30 pbfactor:1.46 avgQpOffsetCutree:0.00;
in:125 out:125 type:B q:20.39 q-aq:20.63 q-noVbv:20.39 q-Rceq:1.08 tex:44196 mv:9995 misc:2457 icu:349.00 pcu:774.00 scu:437.00 tlayer:2 pbqpoffset:1.73 pbfactor:1.22 avgQpOffsetCutree:-0.49;
in:124 out:126 type:b q:21.63 q-aq:22.02 q-noVbv:21.63 q-Rceq:1.08 tex:35400 mv:10013 misc:2211 icu:592.75 pcu:598.50 scu:368.75 tlayer:3 pbqpoffset:2.73 pbfactor:1.37 avgQpOffsetCutree:0.00;
in:132 out:127 type:k q:17.04 q-aq:15.16 q-noVbv:17.04 q-Rceq:1.08 tex:84830 mv:10066 misc:1984 icu:1312.75 pcu:222.00 scu:25.25 tlayer:0 pbqpoffset:0.43 pbfactor:1.05 avgQpOffsetCutree:-2.08;
in:129 out:128 type:B q:19.10 q-aq:17.65 q-noVbv:19.10 q-Rceq:1.08 tex:92937 mv:11223 misc:2152 icu:1266.50 pcu:227.50 scu:66.00 tlayer:1 pbqpoffset:1.37 pbfactor:1.17 avgQpOffsetCutree:-1.88;
in:128 out:129 type:B q:19.33 q-aq:19.16 q-noVbv:19.33 q-Rceq:1.08 tex:36608 mv:8625 misc:2335 icu:306.50 pcu:616.75 scu:636.75 tlayer:2 pbqpoffset:1.37 pbfactor:1.17 avgQpOffsetCutree:-0.70;
in:127 out:130 type:b q:20.70 q-aq:21.03 q-noVbv:20.70 q-Rceq:1.08 tex:12489 mv:3684 misc:1363 icu:70.00 pcu:548.75 scu:941.25 tlayer:3 pbqpoffset:2.50 pbfactor:1.33 avgQpOffsetCutree:0.00;
in:131 out:131 type:B q:18.64 q-aq:18.78 q-noVbv:18.64 q-Rceq:1.08 tex:34725 mv:7414 misc:1957 icu:520.75 pcu:568.25 scu:471.00 tlayer:2 pbqpoffset:1.37 pbfactor:1.17 avgQpOffsetCutree:-0.58;
in:130 out:132 type:b q:20.01 q-aq:20.02 q-noVbv:20.01 q-Rceq:1.08 tex:17396 mv:5054 misc:1470 icu:172.75 pcu:653.00 scu:734.25 tlayer:3 pbqpoffset:2.50 pbfactor:1.33 avgQpOffsetCutree:0.00;
in:136 out:133 type:k q:15.82 q-aq:12.84 q-noVbv:15.82 q-Rceq:1.08 tex:89055 mv:12348 misc:2341 icu:1348.75 pcu:199.50 scu:11.75 tlayer:0 pbqpoffset:0.53 pbfactor:1.06 avgQpOffsetCutree:-2.72;
in:134 out:134 type:B q:17.86 q-aq:17.20 q-noVbv:17.86 q-Rceq:1.08 tex:27181 mv:7094 misc:1925 icu:791.50 pcu:453.00 scu:315.50 tlayer:1 pbqpoffset:1.43 pbfactor:1.18 avgQpOffsetCutree:-1.04;
in:133 out:135 type:b q:19.13 q-aq:19.11 q-noVbv:19.13 q-Rceq:1.08 tex:10280 mv:3180 misc:1220 icu:174.25 pcu:565.75 scu:820.00 tlayer:2 pbqpoffset:2.39 pbfactor:1.32 avgQpOffsetCutree:0.00;
in:135 out:136 type:b q:20.35 q-aq:20.08 q-noVbv:20.35 q-Rceq:1.08 tex:2037 mv:2198 misc:1077 icu:29.25 pcu:786.50 scu:744.25 tlayer:2 pbqpoffset:4.22 pbfactor:1.63 avgQpOffsetCutree:0.00;
in:140 out:137 type:k q:15.75 q-aq:13.82 q-noVbv:15.75 q-Rceq:1.08 tex:109088 mv:14645 misc:2323 icu:1408.25 pcu:139.25 scu:12.50 tlayer:0 pbqpoffset:0.53 pbfactor:1.06 avgQpOffsetCutree:-2.13;
in:138 out:138 type:B q:17.35 q-aq:16.81 q-noVbv:17.35 q-Rceq:1.08 tex:16237 mv:4801 misc:1890 icu:210.25 pcu:551.50 scu:798.25 tlayer:1 pbqpoffset:1.56 pbfactor:1.20 avgQpOffsetCutree:-1.29;
in:137 out:139 type:b q:20.10 q-aq:20.20 q-noVbv:20.10 q-Rceq:1.08 tex:3938 mv:2030 misc:920 icu:6.50 pcu:623.75 scu:929.75 tlayer:2 pbqpoffset:4.30 pbfactor:1.64 avgQpOffsetCutree:0.00;
in:139 out:140 type:b q:19.66 q-aq:20.01 q-noVbv:19.66 q-Rceq:1.08 tex:5105 mv:2953 misc:1246 icu:185.75 pcu:595.50 scu:778.75 tlayer:2 pbqpoffset:3.89 pbfactor:1.57 avgQpOffsetCutree:0.00;
in:144 out:141 type:k q:17.85 q-aq:15.67 q-noVbv:17.85 q-Rceq:1.08 tex:132303 mv:15245 misc:2692 icu:1308.75 pcu:224.75 scu:26.50 tlayer:0 pbqpoffset:0.49 pbfactor:1.06 avgQpOffsetCutree:-2.42;
in:142 out:142 type:B q:18.12 q-aq:17.84 q-noVbv:18.12 q-Rceq:1.08 tex:56454 mv:10755 misc:2263 icu:1102.00 pcu:342.00 scu:116.00 tlayer:1 pbqpoffset:1.32 pbfactor:1.17 avgQpOffsetCutree:-0.99;
in:141 out:143 type:b q:20.58 q-aq:20.93 q-noVbv:20.58 q-Rceq:1.08 tex:6395 mv:3301 misc:1288 icu:159.25 pcu:712.00 scu:688.75 tlayer:2 pbqpoffset:4.30 pbfactor:1.64 avgQpOffsetCutree:0.00;
in:143 out:144 type:b q:20.38 q-aq:20.13 q-noVbv:20.38 q-Rceq:1.08 tex:12659 mv:4453 misc:1768 icu:132.75 pcu:655.25 scu:772.00 tlayer:2 pbqpoffset:3.06 pbfactor:1.42 avgQpOffsetCutree:0.00;
in:147 out:145 type:k q:18.64 q-aq:17.51 q-noVbv:18.64 q-Rceq:1.08 tex:126887 mv:17225 misc:1864 icu:1544.25 pcu:15.75 scu:0.00 tlayer:0 pbqpoffset:0.93 pbfactor:1.11 avgQpOffsetCutree:-1.78;
in:146 out:146 type:B q:19.76 q-aq:19.53 q-noVbv:19.76 q-Rceq:1.08 tex:75785 mv:10923 misc:1980 icu:770.25 pcu:694.25 scu:95.50 tlayer:1 pbqpoffset:1.39 pbfactor:1.17 avgQpOffsetCutree:-0.85;
in:145 out:147 type:b q:20.78 q-aq:21.02 q-noVbv:20.78 q-Rceq:1.08 tex:9180 mv:3390 misc:1470 icu:16.50 pcu:654.00 scu:889.50 tlayer:2 pbqpoffset:2.67 pbfactor:1.36 avgQpOffsetCutree:0.00;
in:152 out:148 type:k q:20.43 q-aq:17.10 q-noVbv:20.43 q-Rceq:1.08 tex:153828 mv:16852 misc:2480 icu:1470.50 pcu:77.00 scu:12.50 tlayer:0 pbqpoffset:0.93 pbfactor:1.11 avgQpOffsetCutree:-3.50;
in:150 out:149 type:B q:21.18 q-aq:20.68 q-noVbv:21.18 q-Rceq:1.08 tex:50889 mv:11343 misc:2312 icu:530.25 pcu:573.00 scu:456.75 tlayer:1 pbqpoffset:1.47 pbfactor:1.19 avgQpOffsetCutree:-1.31;
in:149 out:150 type:B q:21.73 q-aq:22.06 q-noVbv:21.73 q-Rceq:1.08 tex:32769 mv:9277 misc:2362 icu:707.50 pcu:528.50 scu:324.00 tlayer:2 pbqpoffset:2.38 pbfactor:1.32 avgQpOffsetCutree:-0.54;
in:148 out:151 type:b q:21.60 q-aq:22.16 q-noVbv:21.60 q-Rceq:1.08 tex:31990 mv:10199 misc:2235 icu:440.75 pcu:559.00 scu:560.25 tlayer:3 pbqpoffset:2.61 pbfactor:1.35 avgQpOffsetCutree:0.00;
in:151 out:152 type:b q:22.92 q-aq:23.03 q-noVbv:22.92 q-Rceq:1.08 tex:14844 mv:5205 misc:1591 icu:76.25 pcu:581.75 scu:902.00 tlayer:2 pbqpoffset:2.85 pbfactor:1.39 avgQpOffsetCutree:0.00;
in:160 out:153 type:k q:18.76 q-aq:15.07 q-noVbv:18.76 q-Rceq:1.08 tex:206748 mv:23671 misc:2853 icu:1522.25 pcu:37.75 scu:0.00 tlayer:0 pbqpoffset:0.33 pbfactor:1.04 avgQpOffsetCutree:-4.08;
in:156 out:154 type:B q:21.25 q-aq:18.48 q-noVbv:21.25 q-Rceq:1.08 tex:155082 mv:17728 misc:2294 icu:1486.00 pcu:70.75 scu:3.25 tlayer:1 pbqpoffset:1.66 pbfactor:1.21 avgQpOffsetCutree:-2.67;
in:154 out:155 type:B q:21.90 q-aq:20.86 q-noVbv:21.90 q-Rceq:1.08 tex:21071 mv:6031 misc:1874 icu:131.00 pcu:643.50 scu:785.50 tlayer:2 pbqpoffset:1.89 pbfactor:1.24 avgQpOffsetCutree:-1.51;
in:153 out:156 type:b q:23.45 q-aq:23.56 q-noVbv:23.45 q-Rceq:1.08 tex:6692 mv:3436 misc:1424 icu:27.75 pcu:468.25 scu:1064.00 tlayer:3 pbqpoffset:3.23 pbfactor:1.45 avgQpOffsetCutree:0.00;
in:155 out:157 type:b q:23.16 q-aq:23.27 q-noVbv:23.16 q-Rceq:1.08 tex:15230 mv:5813 misc:1517 icu:63.00 pcu:470.50 scu:1026.50 tlayer:3 pbqpoffset:3.36 pbfactor:1.47 avgQpOffsetCutree:0.00;
in:158 out:158 type:B q:21.92 q-aq:20.74 q-noVbv:21.92 q-Rceq:1.08 tex:29140 mv:6673 misc:2435 icu:107.50 pcu:704.00 scu:748.50 tlayer:2 pbqpoffset:2.74 pbfactor:1.37 avgQpOffsetCutree:-1.54;
in:157 out:159 type:b q:23.55 q-aq:24.02 q-noVbv:23.55 q-Rceq:1.08 tex:7573 mv:3484 misc:1231 icu:19.50 pcu:644.25 scu:896.25 tlayer:3 pbqpoffset:4.17 pbfactor:1.62 avgQpOffsetCutree:0.00;
in:159 out:160 type:b q:24.11 q-aq:24.01 q-noVbv:24.11 q-Rceq:1.08 tex:6133 mv:2699 misc:1360 icu:10.75 pcu:485.50 scu:1063.75 tlayer:3 pbqpoffset:5.15 pbfactor:1.81 avgQpOffsetCutree:0.00;
in:168 out:161 type:k q:18.45 q-aq:16.56 q-noVbv:18.45 q-Rceq:1.08 tex:103422 mv:12522 misc:2080 icu:1269.75 pcu:28.75 scu:261.50 tlayer:0 pbqpoffset:0.45 pbfactor:1.05 avgQpOffsetCutree:-2.55;
in:164 out:162 type:B q:20.28 q-aq:17.83 q-noVbv:20.28 q-Rceq:1.08 tex:177283 mv:21197 misc:2400 icu:1489.25 pcu:62.75 scu:8.00 tlayer:1 pbqpoffset:1.68 pbfactor:1.21 avgQpOffsetCutree:-2.73;
in:162 out:163 type:B q:20.35 q-aq:19.28 q-noVbv:20.35 q-Rceq:1.08 tex:28236 mv:6603 misc:1881 icu:125.50 pcu:652.50 scu:782.00 tlayer:2 pbqpoffset:1.68 pbfactor:1.21 avgQpOffsetCutree:-1.43;
in:161 out:164 type:b q:21.53 q-aq:21.56 q-noVbv:21.53 q-Rceq:1.08 tex:9012 mv:3609 misc:1451 icu:30.00 pcu:626.25 scu:903.75 tlayer:3 pbqpoffset:2.81 pbfactor:1.38 avgQpOffsetCutree:0.00;
in:163 out:165 type:b q:21.45 q-aq:21.60 q-noVbv:21.45 q-Rceq:1.08 tex:10678 mv:3971 misc:1511 icu:42.50 pcu:501.25 scu:1016.25 tlayer:3 pbqpoffset:2.81 pbfactor:1.38 avgQpOffsetCutree:0.00;
in:166 out:166 type:B q:20.20 q-aq:19.43 q-noVbv:20.20 q-Rceq:1.08 tex:61765 mv:11735 misc:2308 icu:446.75 pcu:717.25 scu:396.00 tlayer:2 pbqpoffset:1.68 pbfactor:1.21 avgQpOffsetCutree:-1.40;
in:165 out:167 type:b q:21.37 q-aq:21.35 q-noVbv:21.37 q-Rceq:1.08 tex:16953 mv:5928 misc:1807 icu:40.50 pcu:637.00 scu:882.50 tlayer:3 pbqpoffset:2.81 pbfactor:1.38 avgQpOffsetCutree:0.00;
in:167 out:168 type:b q:21.30 q-aq:21.33 q-noVbv:21.30 q-Rceq:1.08 tex:36570 mv:7322 misc:1612 icu:189.00 pcu:777.75 scu:593.25 tlayer:3 pbqpoffset:2.81 pbfactor:1.38 avgQpOffsetCutree:0.00;
in:173 out:169 type:k q:18.56 q-aq:15.01 q-noVbv:18.56 q-Rceq:1.08 tex:144127 mv:14386 misc:2279 icu:1472.25 pcu:87.00 scu:0.75 tlayer:0 pbqpoffset:0.45 pbfactor:1.05 avgQpOffsetCutree:-3.57;
in:171 out:170 type:B q:19.98 q-aq:19.27 q-noVbv:19.98 q-Rceq:1.08 tex:57826 mv:9146 misc:1876 icu:247.00 pcu:569.50 scu:743.50 tlayer:1 pbqpoffset:1.46 pbfactor:1.18 avgQpOffsetCutree:-0.99;
in:170 out:171 type:B q:19.96 q-aq:20.27 q-noVbv:19.96 q-Rceq:1.08 tex:44726 mv:8310 misc:2052 icu:684.25 pcu:466.25 scu:409.50 tlayer:2 pbqpoffset:1.46 pbfactor:1.18 avgQpOffsetCutree:-0.45;
in:169 out:172 type:b q:21.07 q-aq:21.24 q-noVbv:21.07 q-Rceq:1.08 tex:40918 mv:9313 misc:1969 icu:383.75 pcu:679.75 scu:496.50 tlayer:3 pbqpoffset:2.60 pbfactor:1.35 avgQpOffsetCutree:0.00;
in:172 out:173 type:b q:21.14 q-aq:21.08 q-noVbv:21.14 q-Rceq:1.08 tex:21805 mv:5293 misc:1574 icu:85.25 pcu:567.00 scu:907.75 tlayer:2 pbqpoffset:2.60 pbfactor:1.35 avgQpOffsetCutree:0.00;
in:179 out:174 type:k q:17.16 q-aq:14.83 q-noVbv:17.16 q-Rceq:1.08 tex:160017 mv:16517 misc:2402 icu:1475.75 pcu:82.25 scu:2.00 tlayer:0 pbqpoffset:0.53 pbfactor:1.06 avgQpOffsetCutree:-2.80;
in:176 out:175 type:B q:19.25 q-aq:17.45 q-noVbv:19.25 q-Rceq:1.08 tex:71344 mv:9740 misc:1964 icu:535.00 pcu:673.75 scu:351.25 tlayer:1 pbqpoffset:1.39 pbfactor:1.17 avgQpOffsetCutree:-2.00;
in:175 out:176 type:B q:21.35 q-aq:21.16 q-noVbv:21.35 q-Rceq:1.08 tex:10887 mv:4323 misc:1550 icu:32.50 pcu:652.50 scu:875.00 tlayer:2 pbqpoffset:3.25 pbfactor:1.46 avgQpOffsetCutree:-0.94;
in:174 out:177 type:b q:24.58 q-aq:25.01 q-noVbv:24.58 q-Rceq:1.08 tex:4467 mv:2554 misc:907 icu:25.00 pcu:387.75 scu:1147.25 tlayer:3 pbqpoffset:6.25 pbfactor:2.06 avgQpOffsetCutree:0.00;
in:178 out:178 type:B q:18.88 q-aq:19.50 q-noVbv:18.88 q-Rceq:1.08 tex:33458 mv:7019 misc:1995 icu:104.50 pcu:600.25 scu:855.25 tlayer:2 pbqpoffset:1.49 pbfactor:1.19 avgQpOffsetCutree:-0.53;
in:177 out:179 type:b q:20.52 q-aq:20.77 q-noVbv:20.52 q-Rceq:1.08 tex:13226 mv:3814 misc:1496 icu:61.00 pcu:508.75 scu:990.25 tlayer:3 pbqpoffset:2.89 pbfactor:1.40 avgQpOffsetCutree:0.00;
in:185 out:180 type:k q:18.71 q-aq:16.93 q-noVbv:18.71 q-Rceq:1.08 tex:150844 mv:14656 misc:2196 icu:1468.00 pcu:91.00 scu:1.00 tlayer:0 pbqpoffset:0.46 pbfactor:1.05 avgQpOffsetCutree:-2.60;
in:182 out:181 type:B q:19.37 q-aq:18.06 q-noVbv:19.37 q-Rceq:1.08 tex:96554 mv:13657 misc:2285 icu:799.50 pcu:529.50 scu:231.00 tlayer:1 pbqpoffset:1.43 pbfactor:1.18 avgQpOffsetCutree:-1.82;
in:181 out:182 type:B q:19.21 q-aq:19.66 q-noVbv:19.21 q-Rceq:1.08 tex:35703 mv:7976 misc:2113 icu:169.25 pcu:722.25 scu:668.50 tlayer:2 pbqpoffset:1.53 pbfactor:1.19 avgQpOffsetCutree:-0.60;
in:180 out:183 type:b q:19.99 q-aq:20.10 q-noVbv:19.99 q-Rceq:1.08 tex:29866 mv:8344 misc:1878 icu:172.25 pcu:712.25 scu:675.50 tlayer:3 pbqpoffset:2.57 pbfactor:1.35 avgQpOffsetCutree:0.00;
in:184 out:184 type:B q:19.89 q-aq:20.40 q-noVbv:19.89 q-Rceq:1.08 tex:47891 mv:9021 misc:2376 icu:273.25 pcu:837.75 scu:449.00 tlayer:2 pbqpoffset:1.43 pbfactor:1.18 avgQpOffsetCutree:-0.71;
in:183 out:185 type:b q:20.87 q-aq:21.03 q-noVbv:20.87 q-Rceq:1.08 tex:9575 mv:3862 misc:1427 icu:28.50 pcu:631.75 scu:899.75 tlayer:3 pbqpoffset:2.68 pbfactor:1.36 avgQpOffsetCutree:0.00;
in:190 out:186 type:k q:19.43 q-aq:18.47 q-noVbv:19.43 q-Rceq:1.08 tex:148982 mv:16044 misc:2182 icu:1457.00 pcu:97.00 scu:6.00 tlayer:0 pbqpoffset:0.46 pbfactor:1.05 avgQpOffsetCutree:-2.00;
in:188 out:187 type:B q:20.65 q-aq:20.50 q-noVbv:20.65 q-Rceq:1.08 tex:36953 mv:7845 misc:2210 icu:364.00 pcu:661.75 scu:534.25 tlayer:1 pbqpoffset:1.51 pbfactor:1.19 avgQpOffsetCutree:-0.89;
in:187 out:188 type:B q:20.65 q-aq:20.51 q-noVbv:20.65 q-Rceq:1.08 tex:29750 mv:7453 misc:2165 icu:178.50 pcu:731.50 scu:650.00 tlayer:2 pbqpoffset:1.65 pbfactor:1.21 avgQpOffsetCutree:-1.00;
in:186 out:189 type:b q:24.82 q-aq:25.02 q-noVbv:24.82 q-Rceq:1.08 tex:8328 mv:3756 misc:1196 icu:39.50 pcu:614.25 scu:906.25 tlayer:3 pbqpoffset:5.96 pbfactor:1.99 avgQpOffsetCutree:0.00;
in:189 out:190 type:b q:21.93 q-aq:22.18 q-noVbv:21.93 q-Rceq:1.08 tex:18712 mv:2462 misc:1026 icu:851.25 pcu:708.75 scu:0.00 tlayer:2 pbqpoffset:2.65 pbfactor:1.36 avgQpOffsetCutree:0.00;
in:191 out:191 type:k q:19.62 q-aq:18.15 q-noVbv:19.62 q-Rceq:1.08 tex:68324 mv:9740 misc:2720 icu:705.00 pcu:514.50 scu:340.50 tlayer:0 pbqpoffset:0.23 pbfactor:1.03 avgQpOffsetCutree:-1.50;
in:196 out:192 type:k q:19.73 q-aq:17.14 q-noVbv:19.73 q-Rceq:1.08 tex:159115 mv:17941 misc:2656 icu:1189.00 pcu:347.75 scu:23.25 tlayer:0 pbqpoffset:0.12 pbfactor:1.01 avgQpOffsetCutree:-3.36;
in:194 out:193 type:B q:21.17 q-aq:19.47 q-noVbv:21.17 q-Rceq:1.08 tex:74844 mv:12690 misc:2730 icu:759.25 pcu:527.50 scu:273.25 tlayer:1 pbqpoffset:1.48 pbfactor:1.19 avgQpOffsetCutree:-2.01;
in:193 out:194 type:B q:23.02 q-aq:22.95 q-noVbv:23.02 q-Rceq:1.08 tex:12073 mv:4363 misc:1796 icu:42.75 pcu:698.00 scu:819.25 tlayer:2 pbqpoffset:3.35 pbfactor:1.47 avgQpOffsetCutree:-0.75;
in:192 out:195 type:b q:24.64 q-aq:25.03 q-noVbv:24.64 q-Rceq:1.08 tex:18959 mv:6627 misc:1734 icu:175.50 pcu:645.50 scu:739.00 tlayer:3 pbqpoffset:4.99 pbfactor:1.78 avgQpOffsetCutree:0.00;
in:195 out:196 type:b q:24.72 q-aq:25.09 q-noVbv:24.72 q-Rceq:1.08 tex:7670 mv:4086 misc:1484 icu:36.00 pcu:555.25 scu:968.75 tlayer:2 pbqpoffset:5.00 pbfactor:1.78 avgQpOffsetCutree:0.00;
in:201 out:197 type:k q:20.10 q-aq:17.54 q-noVbv:20.10 q-Rceq:1.08 tex:194044 mv:22880 misc:2740 icu:1209.00 pcu:328.00 scu:23.00 tlayer:0 pbqpoffset:0.12 pbfactor:1.01 avgQpOffsetCutree:-3.41;
in:199 out:198 type:B q:21.64 q-aq:20.31 q-noVbv:21.64 q-Rceq:1.08 tex:73877 mv:14274 misc:2825 icu:440.25 pcu:646.50 scu:473.25 tlayer:1 pbqpoffset:1.68 pbfactor:1.21 avgQpOffsetCutree:-1.68;
in:198 out:199 type:B q:22.35 q-aq:22.62 q-noVbv:22.35 q-Rceq:1.08 tex:24295 mv:8410 misc:2199 icu:86.75 pcu:771.00 scu:702.25 tlayer:2 pbqpoffset:2.47 pbfactor:1.33 avgQpOffsetCutree:-0.81;
in:197 out:200 type:b q:23.85 q-aq:24.12 q-noVbv:23.85 q-Rceq:1.08 tex:4328 mv:3324 misc:1228 icu:9.00 pcu:457.75 scu:1093.25 tlayer:3 pbqpoffset:4.05 pbfactor:1.60 avgQpOffsetCutree:0.00;
in:200 out:201 type:b q:22.85 q-aq:23.11 q-noVbv:22.85 q-Rceq:1.08 tex:46230 mv:10594 misc:2464 icu:262.75 pcu:682.50 scu:614.75 tlayer:2 pbqpoffset:2.82 pbfactor:1.39 avgQpOffsetCutree:0.00;
in:205 out:202 type:k q:20.75 q-aq:18.64 q-noVbv:20.75 q-Rceq:1.08 tex:157844 mv:22774 misc:2534 icu:1242.75 pcu:296.25 scu:21.00 tlayer:0 pbqpoffset:0.19 pbfactor:1.02 avgQpOffsetCutree:-2.81;
in:203 out:203 type:B q:22.00 q-aq:21.29 q-noVbv:22.00 q-Rceq:1.08 tex:68892 mv:14500 misc:3048 icu:418.25 pcu:795.50 scu:346.25 tlayer:1 pbqpoffset:1.58 pbfactor:1.20 avgQpOffsetCutree:-1.25;
in:202 out:204 type:b q:22.98 q-aq:23.13 q-noVbv:22.98 q-Rceq:1.08 tex:38490 mv:12825 misc:2717 icu:193.50 pcu:854.50 scu:512.00 tlayer:2 pbqpoffset:2.71 pbfactor:1.37 avgQpOffsetCutree:0.00;
in:204 out:205 type:b q:23.30 q-aq:23.21 q-noVbv:23.30 q-Rceq:1.08 tex:35011 mv:10820 misc:2513 icu:550.75 pcu:627.25 scu:382.00 tlayer:2 pbqpoffset:2.71 pbfactor:1.37 avgQpOffsetCutree:0.00;
in:210 out:206 type:k q:20.36 q-aq:18.95 q-noVbv:20.36 q-Rceq:1.08 tex:104005 mv:14326 misc:2029 icu:1484.00 pcu:76.00 scu:0.00 tlayer:0 pbqpoffset:0.10 pbfactor:1.01 avgQpOffsetCutree:-2.29;
in:208 out:207 type:B q:22.07 q-aq:21.14 q-noVbv:22.07 q-Rceq:1.08 tex:106586 mv:17565 misc:2385 icu:1227.00 pcu:308.75 scu:24.25 tlayer:1 pbqpoffset:1.55 pbfactor:1.20 avgQpOffsetCutree:-1.63;
in:207 out:208 type:B q:22.15 q-aq:22.40 q-noVbv:22.15 q-Rceq:1.08 tex:31940 mv:10157 misc:2271 icu:177.25 pcu:794.00 scu:588.75 tlayer:2 pbqpoffset:1.55 pbfactor:1.20 avgQpOffsetCutree:-0.60;
in:206 out:209 type:b q:23.36 q-aq:23.27 q-noVbv:23.36 q-Rceq:1.08 tex:19913 mv:8957 misc:2162 icu:175.75 pcu:647.50 scu:736.75 tlayer:3 pbqpoffset:2.69 pbfactor:1.36 avgQpOffsetCutree:0.00;
in:209 out:210 type:b q:23.12 q-aq:23.13 q-noVbv:23.12 q-Rceq:1.08 tex:33562 mv:7356 misc:1570 icu:171.00 pcu:862.00 scu:527.00 tlayer:2 pbqpoffset:2.69 pbfactor:1.36 avgQpOffsetCutree:0.00;
in:214 out:211 type:k q:20.86 q-aq:18.23 q-noVbv:20.86 q-Rceq:1.08 tex:137511 mv:18605 misc:2180 icu:1490.75 pcu:67.00 scu:2.25 tlayer:0 pbqpoffset:0.33 pbfactor:1.04 avgQpOffsetCutree:-3.13;
in:212 out:212 type:B q:22.11 q-aq:22.32 q-noVbv:22.11 q-Rceq:1.08 tex:52250 mv:9899 misc:2019 icu:1172.00 pcu:303.75 scu:84.25 tlayer:1 pbqpoffset:1.50 pbfactor:1.19 avgQpOffsetCutree:-0.81;
in:211 out:213 type:b q:23.12 q-aq:23.18 q-noVbv:23.12 q-Rceq:1.08 tex:46457 mv:9294 misc:2017 icu:657.00 pcu:546.00 scu:357.00 tlayer:2 pbqpoffset:2.64 pbfactor:1.36 avgQpOffsetCutree:0.00;
in:213 out:214 type:b q:24.09 q-aq:24.10 q-noVbv:24.09 q-Rceq:1.08 tex:9396 mv:3077 misc:1247 icu:105.25 pcu:540.50 scu:914.25 tlayer:2 pbqpoffset:3.36 pbfactor:1.47 avgQpOffsetCutree:0.00;
in:218 out:215 type:k q:20.25 q-aq:17.86 q-noVbv:20.25 q-Rceq:1.08 tex:157398 mv:18366 misc:2404 icu:1382.75 pcu:156.50 scu:20.75 tlayer:0 pbqpoffset:0.52 pbfactor:1.06 avgQpOffsetCutree:-2.94;
in:216 out:216 type:B q:21.98 q-aq:21.34 q-noVbv:21.98 q-Rceq:1.08 tex:59055 mv:10455 misc:2290 icu:836.75 pcu:391.00 scu:332.25 tlayer:1 pbqpoffset:1.42 pbfactor:1.18 avgQpOffsetCutree:-1.29;
in:215 out:217 type:b q:25.62 q-aq:26.00 q-noVbv:25.62 q-Rceq:1.08 tex:2580 mv:1943 misc:733 icu:21.00 pcu:474.00 scu:1065.00 tlayer:2 pbqpoffset:4.91 pbfactor:1.76 avgQpOffsetCutree:0.00;
in:217 out:218 type:b q:22.96 q-aq:23.08 q-noVbv:22.96 q-Rceq:1.08 tex:8561 mv:3804 misc:1363 icu:56.50 pcu:544.00 scu:959.50 tlayer:2 pbqpoffset:2.56 pbfactor:1.34 avgQpOffsetCutree:0.00;
in:222 out:219 type:k q:21.20 q-aq:18.59 q-noVbv:21.20 q-Rceq:1.08 tex:141919 mv:18397 misc:2484 icu:1372.75 pcu:149.75 scu:37.50 tlayer:0 pbqpoffset:0.33 pbfactor:1.04 avgQpOffsetCutree:-3.10;
in:220 out:220 type:B q:22.14 q-aq:22.54 q-noVbv:22.14 q-Rceq:1.08 tex:67930 mv:12174 misc:2168 icu:1317.25 pcu:204.50 scu:38.25 tlayer:1 pbqpoffset:1.42 pbfactor:1.18 avgQpOffsetCutree:-0.78;
in:219 out:221 type:b q:23.04 q-aq:23.16 q-noVbv:23.04 q-Rceq:1.08 tex:6527 mv:3606 misc:1307 icu:52.00 pcu:655.75 scu:852.25 tlayer:2 pbqpoffset:2.56 pbfactor:1.34 avgQpOffsetCutree:0.00;
in:221 out:222 type:b q:23.52 q-aq:23.91 q-noVbv:23.52 q-Rceq:1.08 tex:7306 mv:4083 misc:1403 icu:31.25 pcu:640.00 scu:888.75 tlayer:2 pbqpoffset:2.56 pbfactor:1.34 avgQpOffsetCutree:0.00;
in:226 out:223 type:k q:20.02 q-aq:17.86 q-noVbv:20.02 q-Rceq:1.08 tex:153766 mv:19132 misc:2494 icu:1360.25 pcu:180.25 scu:19.50 tlayer:0 pbqpoffset:0.54 pbfactor:1.06 avgQpOffsetCutree:-2.73;
in:224 out:224 type:B q:22.05 q-aq:21.78 q-noVbv:22.05 q-Rceq:1.08 tex:64281 mv:13659 misc:2292 icu:1009.75 pcu:309.50 scu:240.75 tlayer:1 pbqpoffset:1.44 pbfactor:1.18 avgQpOffsetCutree:-1.11;
in:223 out:225 type:b q:23.94 q-aq:24.10 q-noVbv:23.94 q-Rceq:1.08 tex:5429 mv:3761 misc:1234 icu:31.00 pcu:538.25 scu:990.75 tlayer:2 pbqpoffset:3.03 pbfactor:1.42 avgQpOffsetCutree:0.00;
in:225 out:226 type:b q:23.12 q-aq:23.14 q-noVbv:23.12 q-Rceq:1.08 tex:9496 mv:5079 misc:1449 icu:53.00 pcu:615.50 scu:891.50 tlayer:2 pbqpoffset:2.80 pbfactor:1.38 avgQpOffsetCutree:0.00;
in:230 out:227 type:k q:19.64 q-aq:18.43 q-noVbv:19.64 q-Rceq:1.08 tex:143044 mv:15072 misc:2300 icu:1397.25 pcu:151.25 scu:11.50 tlayer:0 pbqpoffset:0.54 pbfactor:1.06 avgQpOffsetCutree:-1.98;
in:228 out:228 type:B q:21.25 q-aq:21.20 q-noVbv:21.25 q-Rceq:1.08 tex:62004 mv:11390 misc:2254 icu:1157.75 pcu:298.25 scu:104.00 tlayer:1 pbqpoffset:1.41 pbfactor:1.18 avgQpOffsetCutree:-0.86;
in:227 out:229 type:b q:22.48 q-aq:22.60 q-noVbv:22.48 q-Rceq:1.08 tex:6313 mv:3812 misc:1419 icu:14.25 pcu:573.50 scu:972.25 tlayer:2 pbqpoffset:2.55 pbfactor:1.34 avgQpOffsetCutree:0.00;
in:229 out:230 type:b q:22.29 q-aq:22.12 q-noVbv:22.29 q-Rceq:1.08 tex:8219 mv:3849 misc:1404 icu:72.25 pcu:640.00 scu:847.75 tlayer:2 pbqpoffset:2.55 pbfactor:1.34 avgQpOffsetCutree:0.00;
in:231 out:231 type:k q:20.08 q-aq:19.15 q-noVbv:20.08 q-Rceq:1.08 tex:61665 mv:7958 misc:1969 icu:1054.25 pcu:505.75 scu:0.00 tlayer:0 pbqpoffset:0.24 pbfactor:1.03 avgQpOffsetCutree:-1.41;
in:233 out:232 type:k q:17.37 q-aq:17.13 q-noVbv:17.37 q-Rceq:1.08 tex:76451 mv:9608 misc:1933 icu:1151.50 pcu:346.50 scu:62.00 tlayer:0 pbqpoffset:0.33 pbfactor:1.04 avgQpOffsetCutree:-0.90;
in:232 out:233 type:b q:21.04 q-aq:21.07 q-noVbv:21.04 q-Rceq:1.08 tex:50257 mv:7006 misc:1681 icu:844.25 pcu:457.75 scu:258.00 tlayer:2 pbqpoffset:2.32 pbfactor:1.31 avgQpOffsetCutree:0.00;
in:234 out:234 type:k q:19.37 q-aq:18.86 q-noVbv:19.37 q-Rceq:1.08 tex:59743 mv:7508 misc:1933 icu:1300.50 pcu:227.50 scu:32.00 tlayer:0 pbqpoffset:0.33 pbfactor:1.04 avgQpOffsetCutree:-1.22;
in:236 out:235 type:k q:17.68 q-aq:18.15 q-noVbv:17.68 q-Rceq:1.08 tex:57479 mv:7721 misc:1920 icu:1257.75 pcu:219.00 scu:83.25 tlayer:0 pbqpoffset:0.27 pbfactor:1.03 avgQpOffsetCutree:-0.58;
in:235 out:236 type:b q:20.85 q-aq:21.64 q-noVbv:20.85 q-Rceq:1.08 tex:45333 mv:7333 misc:1894 icu:765.75 pcu:646.75 scu:147.50 tlayer:2 pbqpoffset:2.32 pbfactor:1.31 avgQpOffsetCutree:0.00;
in:237 out:237 type:k q:21.68 q-aq:22.56 q-noVbv:21.68 q-Rceq:1.08 tex:57091 mv:9466 misc:1947 icu:1246.25 pcu:195.00 scu:118.75 tlayer:0 pbqpoffset:0.33 pbfactor:1.04 avgQpOffsetCutree:-0.39;
in:238 out:238 type:k q:17.68 q-aq:18.41 q-noVbv:17.68 q-Rceq:1.08 tex:46335 mv:7391 misc:1786 icu:1086.25 pcu:387.75 scu:86.00 tlayer:0 pbqpoffset:0.25 pbfactor:1.03 avgQpOffsetCutree:-0.39;
in:239 out:239 type:k q:21.68 q-aq:21.50 q-noVbv:21.68 q-Rceq:1.08 tex:54036 mv:7861 misc:1911 icu:1313.25 pcu:241.50 scu:5.25 tlayer:0 pbqpoffset:0.25 pbfactor:1.03 avgQpOffsetCutree:-1.22;
in:240 out:240 type:k q:21.02 q-aq:20.06 q-noVbv:21.02 q-Rceq:1.08 tex:61977 mv:7755 misc:1828 icu:1184.00 pcu:315.50 scu:60.50 tlayer:0 pbqpoffset:0.25 pbfactor:1.03 avgQpOffsetCutree:-1.63;
in:245 out:241 type:k q:18.16 q-aq:15.75 q-noVbv:18.16 q-Rceq:1.08 tex:142355 mv:14095 misc:2262 icu:1377.75 pcu:166.25 scu:16.00 tlayer:0 pbqpoffset:0.30 pbfactor:1.04 avgQpOffsetCutree:-2.82;
in:243 out:242 type:B q:20.59 q-aq:19.65 q-noVbv:20.59 q-Rceq:1.08 tex:69913 mv:8939 misc:1996 icu:1256.50 pcu:239.25 scu:64.25 tlayer:1 pbqpoffset:1.29 pbfactor:1.16 avgQpOffsetCutree:-1.46;
in:242 out:243 type:B q:22.54 q-aq:22.51 q-noVbv:22.54 q-Rceq:1.08 tex:17185 mv:4734 misc:1689 icu:141.50 pcu:733.75 scu:684.75 tlayer:2 pbqpoffset:2.67 pbfactor:1.36 avgQpOffsetCutree:-0.76;
in:241 out:244 type:b q:22.87 q-aq:23.24 q-noVbv:22.87 q-Rceq:1.08 tex:11633 mv:3291 misc:1356 icu:135.25 pcu:781.25 scu:643.50 tlayer:3 pbqpoffset:2.42 pbfactor:1.32 avgQpOffsetCutree:0.00;
in:244 out:245 type:b q:21.15 q-aq:21.02 q-noVbv:21.15 q-Rceq:1.08 tex:29128 mv:7195 misc:1893 icu:683.75 pcu:621.75 scu:254.50 tlayer:2 pbqpoffset:2.42 pbfactor:1.32 avgQpOffsetCutree:0.00;
in:251 out:246 type:k q:20.65 q-aq:18.12 q-noVbv:20.65 q-Rceq:1.08 tex:133680 mv:16215 misc:2329 icu:1464.25 pcu:91.25 scu:4.50 tlayer:0 pbqpoffset:0.37 pbfactor:1.04 avgQpOffsetCutree:-3.19;
in:248 out:247 type:B q:20.78 q-aq:19.17 q-noVbv:20.78 q-Rceq:1.08 tex:87936 mv:12062 misc:2298 icu:1080.00 pcu:306.25 scu:173.75 tlayer:1 pbqpoffset:1.38 pbfactor:1.17 avgQpOffsetCutree:-2.11;
in:247 out:248 type:B q:21.48 q-aq:21.55 q-noVbv:21.48 q-Rceq:1.08 tex:23667 mv:7494 misc:2031 icu:131.75 pcu:765.50 scu:662.75 tlayer:2 pbqpoffset:2.49 pbfactor:1.33 avgQpOffsetCutree:-0.67;
in:246 out:249 type:b q:22.01 q-aq:22.07 q-noVbv:22.01 q-Rceq:1.08 tex:14366 mv:6501 misc:1853 icu:184.00 pcu:706.00 scu:670.00 tlayer:3 pbqpoffset:3.43 pbfactor:1.49 avgQpOffsetCutree:0.00;
in:250 out:250 type:B q:21.92 q-aq:22.31 q-noVbv:21.92 q-Rceq:1.08 tex:24422 mv:8208 misc:1914 icu:116.75 pcu:691.00 scu:752.25 tlayer:2 pbqpoffset:1.68 pbfactor:1.21 avgQpOffsetCutree:-0.61;
in:249 out:251 type:b q:23.22 q-aq:23.12 q-noVbv:23.22 q-Rceq:1.08 tex:8148 mv:3683 misc:1409 icu:40.75 pcu:397.25 scu:1122.00 tlayer:3 pbqpoffset:3.39 pbfactor:1.48 avgQpOffsetCutree:0.00;
in:256 out:252 type:k q:19.62 q-aq:15.88 q-noVbv:19.62 q-Rceq:1.08 tex:141025 mv:14042 misc:2789 icu:1416.25 pcu:119.75 scu:24.00 tlayer:0 pbqpoffset:0.35 pbfactor:1.04 avgQpOffsetCutree:-3.88;
in:254 out:253 type:B q:21.44 q-aq:20.84 q-noVbv:21.44 q-Rceq:1.08 tex:38784 mv:8475 misc:2077 icu:313.75 pcu:574.25 scu:672.00 tlayer:1 pbqpoffset:1.40 pbfactor:1.18 avgQpOffsetCutree:-1.27;
in:253 out:254 type:B q:21.64 q-aq:22.30 q-noVbv:21.64 q-Rceq:1.08 tex:25147 mv:7761 misc:2044 icu:237.00 pcu:834.75 scu:488.25 tlayer:2 pbqpoffset:1.40 pbfactor:1.18 avgQpOffsetCutree:-0.43;
in:252 out:255 type:b q:22.98 q-aq:23.11 q-noVbv:22.98 q-Rceq:1.08 tex:29556 mv:9181 misc:1823 icu:632.00 pcu:566.75 scu:361.25 tlayer:3 pbqpoffset:2.54 pbfactor:1.34 avgQpOffsetCutree:0.00;
in:255 out:256 type:b q:23.01 q-aq:23.04 q-noVbv:23.01 q-Rceq:1.08 tex:7280 mv:3396 misc:1140 icu:33.75 pcu:479.25 scu:1047.00 tlayer:2 pbqpoffset:3.18 pbfactor:1.44 avgQpOffsetCutree:0.00;
in:261 out:257 type:k q:18.04 q-aq:14.40 q-noVbv:18.04 q-Rceq:1.08 tex:166070 mv:13065 misc:2665 icu:1460.50 pcu:98.50 scu:1.00 tlayer:0 pbqpoffset:0.55 pbfactor:1.07 avgQpOffsetCutree:-3.68;
in:259 out:258 type:B q:19.91 q-aq:18.87 q-noVbv:19.91 q-Rceq:1.08 tex:44422 mv:9765 misc:2285 icu:293.00 pcu:647.25 scu:619.75 tlayer:1 pbqpoffset:1.24 pbfactor:1.15 avgQpOffsetCutree:-1.52;
in:258 out:259 type:B q:20.23 q-aq:20.56 q-noVbv:20.23 q-Rceq:1.08 tex:25015 mv:7269 misc:1884 icu:118.50 pcu:726.75 scu:714.75 tlayer:2 pbqpoffset:1.24 pbfactor:1.15 avgQpOffsetCutree:-0.77;
in:257 out:260 type:b q:21.68 q-aq:22.02 q-noVbv:21.68 q-Rceq:1.08 tex:6604 mv:2553 misc:1227 icu:4.50 pcu:405.00 scu:1150.50 tlayer:3 pbqpoffset:2.37 pbfactor:1.32 avgQpOffsetCutree:0.00;
in:260 out:261 type:b q:20.73 q-aq:21.03 q-noVbv:20.73 q-Rceq:1.08 tex:19174 mv:5626 misc:1688 icu:234.50 pcu:570.50 scu:755.00 tlayer:2 pbqpoffset:2.37 pbfactor:1.32 avgQpOffsetCutree:0.00;
in:266 out:262 type:k q:18.29 q-aq:14.78 q-noVbv:18.29 q-Rceq:1.08 tex:185426 mv:16260 misc:2626 icu:1502.50 pcu:56.50 scu:1.00 tlayer:0 pbqpoffset:0.55 pbfactor:1.07 avgQpOffsetCutree:-3.76;
in:264 out:263 type:B q:19.39 q-aq:18.16 q-noVbv:19.39 q-Rceq:1.08 tex:76369 mv:12330 misc:2645 icu:699.25 pcu:647.50 scu:213.25 tlayer:1 pbqpoffset:1.19 pbfactor:1.15 avgQpOffsetCutree:-1.67;
in:263 out:264 type:B q:20.38 q-aq:20.53 q-noVbv:20.38 q-Rceq:1.08 tex:14687 mv:5685 misc:1852 icu:71.75 pcu:764.25 scu:724.00 tlayer:2 pbqpoffset:2.24 pbfactor:1.29 avgQpOffsetCutree:-0.70;
in:262 out:265 type:b q:22.23 q-aq:22.22 q-noVbv:22.23 q-Rceq:1.08 tex:7300 mv:4070 misc:1326 icu:37.25 pcu:698.50 scu:824.25 tlayer:3 pbqpoffset:4.14 pbfactor:1.61 avgQpOffsetCutree:0.00;
in:265 out:266 type:b q:20.77 q-aq:21.10 q-noVbv:20.77 q-Rceq:1.08 tex:11380 mv:4608 misc:1564 icu:34.50 pcu:630.25 scu:895.25 tlayer:2 pbqpoffset:2.53 pbfactor:1.34 avgQpOffsetCutree:0.00;
in:270 out:267 type:k q:18.48 q-aq:15.11 q-noVbv:18.48 q-Rceq:1.08 tex:119326 mv:16139 misc:2871 icu:974.00 pcu:469.00 scu:117.00 tlayer:0 pbqpoffset:0.41 pbfactor:1.05 avgQpOffsetCutree:-3.44;
in:268 out:268 type:B q:19.60 q-aq:19.22 q-noVbv:19.60 q-Rceq:1.08 tex:34870 mv:8864 misc:2514 icu:240.00 pcu:804.50 scu:515.50 tlayer:1 pbqpoffset:1.22 pbfactor:1.15 avgQpOffsetCutree:-1.17;
in:267 out:269 type:b q:20.69 q-aq:21.12 q-noVbv:20.69 q-Rceq:1.08 tex:7601 mv:2961 misc:1166 icu:12.00 pcu:441.00 scu:1107.00 tlayer:2 pbqpoffset:2.35 pbfactor:1.31 avgQpOffsetCutree:0.00;
in:269 out:270 type:b q:20.78 q-aq:21.04 q-noVbv:20.78 q-Rceq:1.08 tex:13438 mv:4646 misc:1452 icu:52.00 pcu:613.75 scu:894.25 tlayer:2 pbqpoffset:2.35 pbfactor:1.31 avgQpOffsetCutree:0.00;
in:277 out:271 type:k q:16.88 q-aq:13.01 q-noVbv:16.88 q-Rceq:1.08 tex:144376 mv:17182 misc:3050 icu:1240.00 pcu:287.00 scu:33.00 tlayer:0 pbqpoffset:0.36 pbfactor:1.04 avgQpOffsetCutree:-3.90;
in:274 out:272 type:B q:18.74 q-aq:16.81 q-noVbv:18.74 q-Rceq:1.08 tex:68123 mv:11709 misc:2680 icu:489.00 pcu:777.00 scu:294.00 tlayer:1 pbqpoffset:1.17 pbfactor:1.15 avgQpOffsetCutree:-2.23;
in:272 out:273 type:B q:19.20 q-aq:18.46 q-noVbv:19.20 q-Rceq:1.08 tex:56631 mv:12000 misc:2713 icu:436.75 pcu:734.75 scu:388.50 tlayer:2 pbqpoffset:1.17 pbfactor:1.15 avgQpOffsetCutree:-1.38;
in:271 out:274 type:b q:20.56 q-aq:21.00 q-noVbv:20.56 q-Rceq:1.08 tex:8855 mv:3573 misc:1324 icu:23.00 pcu:599.00 scu:938.00 tlayer:3 pbqpoffset:2.31 pbfactor:1.31 avgQpOffsetCutree:0.00;
in:273 out:275 type:b q:20.10 q-aq:20.16 q-noVbv:20.10 q-Rceq:1.08 tex:7891 mv:3283 misc:1234 icu:8.25 pcu:685.00 scu:866.75 tlayer:3 pbqpoffset:2.31 pbfactor:1.31 avgQpOffsetCutree:0.00;
in:276 out:276 type:B q:18.28 q-aq:18.63 q-noVbv:18.28 q-Rceq:1.08 tex:28357 mv:6742 misc:2085 icu:290.25 pcu:575.00 scu:694.75 tlayer:2 pbqpoffset:1.17 pbfactor:1.15 avgQpOffsetCutree:-0.45;
in:275 out:277 type:b q:19.65 q-aq:20.11 q-noVbv:19.65 q-Rceq:1.08 tex:8714 mv:3223 misc:1391 icu:37.50 pcu:519.75 scu:1002.75 tlayer:3 pbqpoffset:2.31 pbfactor:1.31 avgQpOffsetCutree:0.00;
in:286 out:278 type:k q:15.32 q-aq:13.25 q-noVbv:15.32 q-Rceq:1.08 tex:156117 mv:17239 misc:2428 icu:1525.50 pcu:34.50 scu:0.00 tlayer:0 pbqpoffset:0.30 pbfactor:1.04 avgQpOffsetCutree:-2.51;
in:282 out:279 type:B q:17.29 q-aq:14.29 q-noVbv:17.29 q-Rceq:1.08 tex:94688 mv:11280 misc:2432 icu:1235.75 pcu:294.75 scu:29.50 tlayer:1 pbqpoffset:1.28 pbfactor:1.16 avgQpOffsetCutree:-2.78;
in:280 out:280 type:B q:17.68 q-aq:16.33 q-noVbv:17.68 q-Rceq:1.08 tex:46348 mv:9883 misc:2705 icu:413.50 pcu:680.00 scu:466.50 tlayer:2 pbqpoffset:1.32 pbfactor:1.16 avgQpOffsetCutree:-1.66;
in:279 out:281 type:B q:18.50 q-aq:18.52 q-noVbv:18.50 q-Rceq:1.08 tex:18898 mv:6396 misc:2098 icu:80.00 pcu:734.75 scu:745.25 tlayer:3 pbqpoffset:1.97 pbfactor:1.26 avgQpOffsetCutree:-0.67;
in:278 out:282 type:b q:19.42 q-aq:19.24 q-noVbv:19.42 q-Rceq:1.08 tex:16525 mv:4985 misc:1578 icu:80.75 pcu:602.75 scu:876.50 tlayer:4 pbqpoffset:2.72 pbfactor:1.37 avgQpOffsetCutree:0.00;
in:281 out:283 type:b q:21.03 q-aq:21.03 q-noVbv:21.03 q-Rceq:1.08 tex:3401 mv:1549 misc:906 icu:12.25 pcu:514.50 scu:1033.25 tlayer:3 pbqpoffset:4.85 pbfactor:1.75 avgQpOffsetCutree:0.00;
in:284 out:284 type:B q:17.44 q-aq:16.45 q-noVbv:17.44 q-Rceq:1.08 tex:43804 mv:8077 misc:2047 icu:407.25 pcu:739.50 scu:413.25 tlayer:2 pbqpoffset:1.77 pbfactor:1.23 avgQpOffsetCutree:-1.36;
in:283 out:285 type:b q:21.21 q-aq:21.05 q-noVbv:21.21 q-Rceq:1.08 tex:4154 mv:1662 misc:760 icu:28.00 pcu:419.25 scu:1112.75 tlayer:3 pbqpoffset:5.37 pbfactor:1.86 avgQpOffsetCutree:0.00;
in:285 out:286 type:b q:19.27 q-aq:19.09 q-noVbv:19.27 q-Rceq:1.08 tex:18703 mv:4314 misc:1439 icu:100.50 pcu:765.25 scu:694.25 tlayer:3 pbqpoffset:3.77 pbfactor:1.55 avgQpOffsetCutree:0.00;
in:296 out:287 type:k q:19.32 q-aq:18.61 q-noVbv:19.32 q-Rceq:1.08 tex:67641 mv:9040 misc:1887 icu:1559.00 pcu:1.00 scu:0.00 tlayer:0 pbqpoffset:0.05 pbfactor:1.01 avgQpOffsetCutree:-1.58;
in:291 out:288 type:B q:18.63 q-aq:19.54 q-noVbv:18.63 q-Rceq:1.08 tex:86471 mv:11833 misc:2224 icu:1558.00 pcu:2.00 scu:0.00 tlayer:1 pbqpoffset:1.31 pbfactor:1.16 avgQpOffsetCutree:-1.62;
in:289 out:289 type:B q:17.83 q-aq:18.57 q-noVbv:17.83 q-Rceq:1.08 tex:72505 mv:12542 misc:2393 icu:1198.50 pcu:220.25 scu:141.25 tlayer:2 pbqpoffset:1.31 pbfactor:1.16 avgQpOffsetCutree:-0.75;
in:288 out:290 type:B q:17.43 q-aq:19.61 q-noVbv:17.43 q-Rceq:1.08 tex:41683 mv:7193 misc:2036 icu:1078.75 pcu:358.50 scu:122.75 tlayer:3 pbqpoffset:1.31 pbfactor:1.16 avgQpOffsetCutree:-0.36;
in:287 out:291 type:b q:18.17 q-aq:18.51 q-noVbv:18.17 q-Rceq:1.08 tex:43792 mv:8738 misc:1910 icu:515.00 pcu:949.50 scu:95.50 tlayer:4 pbqpoffset:2.45 pbfactor:1.33 avgQpOffsetCutree:0.00;
in:290 out:292 type:b q:19.37 q-aq:20.14 q-noVbv:19.37 q-Rceq:1.08 tex:64423 mv:9406 misc:2139 icu:890.25 pcu:568.75 scu:101.00 tlayer:3 pbqpoffset:2.45 pbfactor:1.33 avgQpOffsetCutree:0.00;
in:294 out:293 type:B q:19.83 q-aq:20.45 q-noVbv:19.83 q-Rceq:1.08 tex:49418 mv:8216 misc:1718 icu:1152.25 pcu:279.00 scu:128.75 tlayer:2 pbqpoffset:1.31 pbfactor:1.16 avgQpOffsetCutree:-0.67;
in:293 out:294 type:B q:19.43 q-aq:20.57 q-noVbv:19.43 q-Rceq:1.08 tex:38764 mv:7599 misc:2077 icu:700.25 pcu:541.25 scu:318.50 tlayer:3 pbqpoffset:1.31 pbfactor:1.16 avgQpOffsetCutree:-0.24;
in:292 out:295 type:b q:20.17 q-aq:21.85 q-noVbv:20.17 q-Rceq:1.08 tex:34776 mv:6431 misc:2161 icu:842.00 pcu:517.25 scu:200.75 tlayer:4 pbqpoffset:2.45 pbfactor:1.33 avgQpOffsetCutree:0.00;
in:295 out:296 type:b q:21.37 q-aq:21.34 q-noVbv:21.37 q-Rceq:1.08 tex:47997 mv:7136 misc:1483 icu:991.50 pcu:544.50 scu:24.00 tlayer:3 pbqpoffset:2.45 pbfactor:1.33 avgQpOffsetCutree:0.00;
in:297 out:297 type:i q:15.45 q-aq:14.77 q-noVbv:15.45 q-Rceq:1.08 tex:83549 mv:10340 misc:2711 icu:1560.00 pcu:0.00 scu:0.00 tlayer:0 pbqpoffset:0.28 pbfactor:1.03 avgQpOffsetCutree:-1.28;
in:299 out:298 type:k q:19.64 q-aq:19.95 q-noVbv:19.64 q-Rceq:1.08 tex:37406 mv:6842 misc:2312 icu:727.50 pcu:462.75 scu:369.75 tlayer:0 pbqpoffset:0.28 pbfactor:1.03 avgQpOffsetCutree:-0.46;
in:298 out:299 type:b q:22.00 q-aq:22.98 q-noVbv:22.00 q-Rceq:1.08 tex:44915 mv:7287 misc:1454 icu:959.25 pcu:600.75 scu:0.00 tlayer:2 pbqpoffset:2.35 pbfactor:1.31 avgQpOffsetCutree:0.00;
