000 (16808.000.000) 09/16 06:58:22 Job submitted from host: <10.0.0.61:9618?PrivAddr=%3c10.0.0.61:9618%3fsock%3dschedd_2097_f230_4%3e&PrivNet=tr2990wx-fit4305&addrs=10.0.0.61-9618&alias=tr2990wx-fit4305&noUDP&sock=schedd_2097_f230_4>
...
040 (16808.000.000) 09/16 06:58:37 Started transferring input files
	Transferring to host: <10.0.0.61:9618?PrivAddr=%3c10.0.0.61:9618%3fsock%3dstarter_2457_edbd_3188%3e&PrivNet=tr2990wx-fit4305&addrs=10.0.0.61-9618&alias=tr2990wx-fit4305&noUDP&sock=starter_2457_edbd_3188>
...
040 (16808.000.000) 09/16 06:58:37 Finished transferring input files
...
001 (16808.000.000) 09/16 06:58:38 Job executing on host: <10.0.0.61:9618?sock=startd_2097_f230_5>
...
006 (16808.000.000) 09/16 06:58:47 Image size of job updated: 232020
	227  -  MemoryUsage of job (MB)
	232020  -  ResidentSetSize of job (KB)
...
006 (16808.000.000) 09/16 07:03:48 Image size of job updated: 266920
	261  -  MemoryUsage of job (MB)
	266920  -  ResidentSetSize of job (KB)
...
006 (16808.000.000) 09/16 07:08:49 Image size of job updated: 268616
	263  -  MemoryUsage of job (MB)
	268616  -  ResidentSetSize of job (KB)
...
006 (16808.000.000) 09/16 07:13:49 Image size of job updated: 269756
	264  -  MemoryUsage of job (MB)
	269756  -  ResidentSetSize of job (KB)
...
006 (16808.000.000) 09/16 07:18:49 Image size of job updated: 270124
	264  -  MemoryUsage of job (MB)
	270124  -  ResidentSetSize of job (KB)
...
006 (16808.000.000) 09/16 07:23:50 Image size of job updated: 270664
	265  -  MemoryUsage of job (MB)
	270664  -  ResidentSetSize of job (KB)
...
006 (16808.000.000) 09/16 07:28:50 Image size of job updated: 270696
	265  -  MemoryUsage of job (MB)
	270696  -  ResidentSetSize of job (KB)
...
006 (16808.000.000) 09/16 07:33:50 Image size of job updated: 272044
	266  -  MemoryUsage of job (MB)
	272044  -  ResidentSetSize of job (KB)
...
006 (16808.000.000) 09/16 07:38:51 Image size of job updated: 272716
	267  -  MemoryUsage of job (MB)
	272716  -  ResidentSetSize of job (KB)
...
006 (16808.000.000) 09/16 07:43:52 Image size of job updated: 272744
	267  -  MemoryUsage of job (MB)
	272744  -  ResidentSetSize of job (KB)
...
040 (16808.000.000) 09/16 07:48:46 Started transferring output files
...
040 (16808.000.000) 09/16 07:48:47 Finished transferring output files
...
005 (16808.000.000) 09/16 07:48:47 Job terminated.
	(1) Normal termination (return value 0)
		Usr 0 00:49:57, Sys 0 00:00:11  -  Run Remote Usage
		Usr 0 00:00:00, Sys 0 00:00:00  -  Run Local Usage
		Usr 0 00:49:57, Sys 0 00:00:11  -  Total Remote Usage
		Usr 0 00:00:00, Sys 0 00:00:00  -  Total Local Usage
	4163540  -  Run Bytes Sent By Job
	4532560  -  Run Bytes Received By Job
	4163540  -  Total Bytes Sent By Job
	4532560  -  Total Bytes Received By Job
	Partitionable Resources :    Usage  Request Allocated 
	   Cpus                 :     0.99        1         1 
	   Disk (KB)            :  8509        4500    927896 
	   Memory (MB)          :   267           5      2006 
...
