#options: cpuid=1173503 frame-threads=1 no-wpp no-pmode no-pme psnr no-ssim log-level=2 bitdepth=8 input-csp=1 fps=50000/1000 input-res=832x480 interlace=0 total-frames=500 level-idc=0 high-tier=1 uhd-bd=0 ref=4 no-allow-non-conformance no-repeat-headers annexb no-aud no-hrd info hash=0 no-temporal-layers open-gop min-keyint=1 keyint=5000 bframes=15 b-adapt=2 b-pyramid bframe-bias=0 rc-lookahead=40 lookahead-slices=0 scenecut=40 no-intra-refresh ctu=64 min-cu-size=8 rect amp max-tu-size=32 tu-inter-depth=3 tu-intra-depth=3 limit-tu=4 rdoq-level=2 dynamic-rd=0.00 no-ssim-rd signhide no-tskip nr-intra=0 nr-inter=0 no-constrained-intra strong-intra-smoothing max-merge=4 limit-refs=1 limit-modes me=3 subme=4 merange=57 temporal-mvp weightp weightb no-analyze-src-pics deblock=0:0 sao no-sao-non-deblock rd=6 no-early-skip rskip no-fast-intra no-tskip-fast no-cu-lossless b-intra rdpenalty=0 psy-rd=0.00 psy-rdoq=0.00 no-rd-refine analysis-reuse-mode=0 no-lossless cbqpoffs=0 crqpoffs=0 rc=abr bitrate=2000 qcomp=0.60 qpstep=4 stats-write=1 stats-read=0 slow-firstpass ipratio=1.40 pbratio=1.30 aq-mode=1 aq-strength=0.00 cutree zone-count=0 no-strict-cbr qg-size=64 no-rc-grain qpmax=69 qpmin=0 no-const-vbv sar=0 overscan=0 videoformat=5 range=0 colorprim=2 transfer=2 colormatrix=2 chromaloc=0 display-window=0 max-cll=0,0 min-luma=0 max-luma=255 log2-max-poc-lsb=8 vui-timing-info vui-hrd-info slices=1 opt-qp-pps opt-ref-list-length-pps no-multi-pass-opt-rps scenecut-bias=0.05 no-opt-cu-delta-qp no-aq-motion no-hdr no-hdr-opt no-dhdr10-opt analysis-reuse-level=5 scale-factor=0 refine-intra=0 refine-inter=0 refine-mv=0 no-limit-sao ctu-info=0 max-tlayer=4
in:0 out:0 type:I q:24.03 q-aq:21.39 q-noVbv:24.03 q-Rceq:1.32 tex:109699 mv:14049 misc:2084 icu:1560.00 pcu:0.00 scu:0.00 tlayer:0 pbqpoffset:0.00 pbfactor:1.00 avgQpOffsetCutree:-3.05;
in:4 out:1 type:k q:26.95 q-aq:22.29 q-noVbv:26.95 q-Rceq:1.32 tex:57535 mv:10540 misc:2317 icu:485.75 pcu:968.75 scu:105.50 tlayer:0 pbqpoffset:0.00 pbfactor:1.00 avgQpOffsetCutree:-3.97;
in:2 out:2 type:B q:28.41 q-aq:27.84 q-noVbv:28.41 q-Rceq:1.32 tex:8870 mv:4544 misc:1418 icu:95.00 pcu:404.50 scu:1060.50 tlayer:1 pbqpoffset:1.47 pbfactor:1.18 avgQpOffsetCutree:-1.44;
in:1 out:3 type:b q:29.55 q-aq:30.00 q-noVbv:29.55 q-Rceq:1.32 tex:1902 mv:2350 misc:844 icu:10.00 pcu:247.00 scu:1303.00 tlayer:2 pbqpoffset:2.60 pbfactor:1.35 avgQpOffsetCutree:0.00;
in:3 out:4 type:b q:29.55 q-aq:30.00 q-noVbv:29.55 q-Rceq:1.32 tex:1998 mv:2126 misc:764 icu:26.00 pcu:193.00 scu:1341.00 tlayer:2 pbqpoffset:2.60 pbfactor:1.35 avgQpOffsetCutree:0.00;
in:12 out:5 type:k q:22.95 q-aq:18.09 q-noVbv:22.95 q-Rceq:1.32 tex:134321 mv:14789 misc:2338 icu:932.00 pcu:608.25 scu:19.75 tlayer:0 pbqpoffset:0.00 pbfactor:1.00 avgQpOffsetCutree:-4.29;
in:8 out:6 type:B q:26.27 q-aq:24.00 q-noVbv:26.27 q-Rceq:1.32 tex:37906 mv:10689 misc:2037 icu:371.25 pcu:992.75 scu:196.00 tlayer:1 pbqpoffset:1.33 pbfactor:1.17 avgQpOffsetCutree:-2.51;
in:6 out:7 type:B q:27.30 q-aq:26.51 q-noVbv:27.30 q-Rceq:1.32 tex:10635 mv:4857 misc:1468 icu:93.50 pcu:591.50 scu:875.00 tlayer:2 pbqpoffset:1.35 pbfactor:1.17 avgQpOffsetCutree:-1.41;
in:5 out:8 type:b q:30.06 q-aq:30.00 q-noVbv:30.06 q-Rceq:1.32 tex:1567 mv:1556 misc:693 icu:11.50 pcu:185.50 scu:1363.00 tlayer:3 pbqpoffset:3.62 pbfactor:1.52 avgQpOffsetCutree:0.00;
in:7 out:9 type:b q:29.25 q-aq:29.18 q-noVbv:29.25 q-Rceq:1.32 tex:1628 mv:1791 misc:773 icu:6.00 pcu:174.50 scu:1379.50 tlayer:3 pbqpoffset:3.80 pbfactor:1.55 avgQpOffsetCutree:0.00;
in:10 out:10 type:B q:25.44 q-aq:24.40 q-noVbv:25.44 q-Rceq:1.32 tex:14492 mv:5022 misc:1566 icu:43.25 pcu:641.25 scu:875.50 tlayer:2 pbqpoffset:1.49 pbfactor:1.19 avgQpOffsetCutree:-1.39;
in:9 out:11 type:b q:27.85 q-aq:28.00 q-noVbv:27.85 q-Rceq:1.32 tex:1512 mv:1601 misc:695 icu:2.00 pcu:141.25 scu:1416.75 tlayer:3 pbqpoffset:3.41 pbfactor:1.48 avgQpOffsetCutree:0.00;
in:11 out:12 type:b q:27.35 q-aq:27.01 q-noVbv:27.35 q-Rceq:1.32 tex:1404 mv:1729 misc:723 icu:2.50 pcu:126.25 scu:1431.25 tlayer:3 pbqpoffset:3.91 pbfactor:1.57 avgQpOffsetCutree:0.00;
in:16 out:13 type:k q:22.48 q-aq:18.51 q-noVbv:22.48 q-Rceq:1.32 tex:86102 mv:14175 misc:2771 icu:515.50 pcu:957.75 scu:86.75 tlayer:0 pbqpoffset:0.00 pbfactor:1.00 avgQpOffsetCutree:-3.92;
in:14 out:14 type:B q:24.02 q-aq:23.00 q-noVbv:24.02 q-Rceq:1.32 tex:9778 mv:3827 misc:1355 icu:17.75 pcu:567.50 scu:974.75 tlayer:1 pbqpoffset:1.30 pbfactor:1.16 avgQpOffsetCutree:-1.48;
in:13 out:15 type:b q:25.81 q-aq:26.00 q-noVbv:25.81 q-Rceq:1.32 tex:1238 mv:1309 misc:837 icu:1.25 pcu:199.00 scu:1359.75 tlayer:2 pbqpoffset:2.98 pbfactor:1.41 avgQpOffsetCutree:0.00;
in:15 out:16 type:b q:25.44 q-aq:25.47 q-noVbv:25.44 q-Rceq:1.32 tex:1126 mv:973 misc:789 icu:1.00 pcu:118.25 scu:1440.75 tlayer:2 pbqpoffset:2.84 pbfactor:1.39 avgQpOffsetCutree:0.00;
in:24 out:17 type:k q:22.23 q-aq:18.75 q-noVbv:22.23 q-Rceq:1.32 tex:104563 mv:16367 misc:3078 icu:680.75 pcu:802.25 scu:77.00 tlayer:0 pbqpoffset:0.00 pbfactor:1.00 avgQpOffsetCutree:-3.84;
in:20 out:18 type:B q:23.70 q-aq:21.16 q-noVbv:23.70 q-Rceq:1.32 tex:31011 mv:7348 misc:2273 icu:154.00 pcu:828.75 scu:577.25 tlayer:1 pbqpoffset:1.34 pbfactor:1.17 avgQpOffsetCutree:-2.69;
in:18 out:19 type:B q:25.04 q-aq:24.08 q-noVbv:25.04 q-Rceq:1.32 tex:6554 mv:3619 misc:1379 icu:21.50 pcu:371.75 scu:1166.75 tlayer:2 pbqpoffset:2.62 pbfactor:1.35 avgQpOffsetCutree:-1.50;
in:17 out:20 type:b q:28.06 q-aq:28.00 q-noVbv:28.06 q-Rceq:1.32 tex:688 mv:993 misc:535 icu:0.00 pcu:151.50 scu:1408.50 tlayer:3 pbqpoffset:5.61 pbfactor:1.91 avgQpOffsetCutree:0.00;
in:19 out:21 type:b q:27.46 q-aq:27.62 q-noVbv:27.46 q-Rceq:1.32 tex:822 mv:1402 misc:720 icu:1.25 pcu:188.25 scu:1370.50 tlayer:3 pbqpoffset:5.07 pbfactor:1.80 avgQpOffsetCutree:0.00;
in:22 out:22 type:B q:24.44 q-aq:23.52 q-noVbv:24.44 q-Rceq:1.32 tex:12690 mv:4050 misc:1668 icu:46.50 pcu:530.00 scu:983.50 tlayer:2 pbqpoffset:2.15 pbfactor:1.28 avgQpOffsetCutree:-1.32;
in:21 out:23 type:b q:26.96 q-aq:27.00 q-noVbv:26.96 q-Rceq:1.32 tex:1413 mv:1359 misc:652 icu:7.00 pcu:172.00 scu:1381.00 tlayer:3 pbqpoffset:4.64 pbfactor:1.71 avgQpOffsetCutree:0.00;
in:23 out:24 type:b q:26.58 q-aq:27.00 q-noVbv:26.58 q-Rceq:1.32 tex:1137 mv:1175 misc:656 icu:2.00 pcu:183.50 scu:1374.50 tlayer:3 pbqpoffset:4.32 pbfactor:1.65 avgQpOffsetCutree:0.00;
in:32 out:25 type:k q:21.49 q-aq:17.95 q-noVbv:21.49 q-Rceq:1.32 tex:164268 mv:17481 misc:2499 icu:1551.25 pcu:8.75 scu:0.00 tlayer:0 pbqpoffset:0.00 pbfactor:1.00 avgQpOffsetCutree:-4.21;
in:28 out:26 type:B q:23.40 q-aq:20.49 q-noVbv:23.40 q-Rceq:1.32 tex:40655 mv:8090 misc:2151 icu:133.75 pcu:960.75 scu:465.50 tlayer:1 pbqpoffset:1.54 pbfactor:1.19 avgQpOffsetCutree:-2.71;
in:26 out:27 type:B q:24.84 q-aq:23.74 q-noVbv:24.84 q-Rceq:1.32 tex:13668 mv:5008 misc:1660 icu:45.00 pcu:679.25 scu:835.75 tlayer:2 pbqpoffset:2.79 pbfactor:1.38 avgQpOffsetCutree:-1.44;
in:25 out:28 type:b q:28.24 q-aq:28.02 q-noVbv:28.24 q-Rceq:1.32 tex:909 mv:1526 misc:677 icu:7.75 pcu:250.25 scu:1302.00 tlayer:3 pbqpoffset:6.11 pbfactor:2.03 avgQpOffsetCutree:0.00;
in:27 out:29 type:b q:28.35 q-aq:28.56 q-noVbv:28.35 q-Rceq:1.32 tex:699 mv:1349 misc:592 icu:1.25 pcu:175.00 scu:1383.75 tlayer:3 pbqpoffset:6.40 pbfactor:2.09 avgQpOffsetCutree:0.00;
in:30 out:30 type:B q:24.44 q-aq:23.26 q-noVbv:24.44 q-Rceq:1.32 tex:13883 mv:5823 misc:1934 icu:36.25 pcu:578.50 scu:945.25 tlayer:2 pbqpoffset:2.77 pbfactor:1.38 avgQpOffsetCutree:-1.39;
in:29 out:31 type:b q:28.17 q-aq:28.24 q-noVbv:28.17 q-Rceq:1.32 tex:904 mv:1259 misc:581 icu:2.75 pcu:100.50 scu:1456.75 tlayer:3 pbqpoffset:6.40 pbfactor:2.09 avgQpOffsetCutree:0.00;
in:31 out:32 type:b q:27.98 q-aq:28.00 q-noVbv:27.98 q-Rceq:1.32 tex:952 mv:1414 misc:690 icu:2.50 pcu:179.00 scu:1378.50 tlayer:3 pbqpoffset:6.40 pbfactor:2.09 avgQpOffsetCutree:0.00;
in:40 out:33 type:k q:20.89 q-aq:16.70 q-noVbv:20.89 q-Rceq:1.32 tex:158261 mv:17675 misc:3064 icu:875.75 pcu:673.25 scu:11.00 tlayer:0 pbqpoffset:0.00 pbfactor:1.00 avgQpOffsetCutree:-4.46;
in:36 out:34 type:B q:22.78 q-aq:20.27 q-noVbv:22.78 q-Rceq:1.32 tex:35532 mv:8446 misc:1998 icu:156.25 pcu:753.75 scu:650.00 tlayer:1 pbqpoffset:1.59 pbfactor:1.20 avgQpOffsetCutree:-2.58;
in:34 out:35 type:B q:23.82 q-aq:22.84 q-noVbv:23.82 q-Rceq:1.32 tex:14111 mv:5687 misc:1714 icu:33.50 pcu:569.25 scu:957.25 tlayer:2 pbqpoffset:2.48 pbfactor:1.33 avgQpOffsetCutree:-1.49;
in:33 out:36 type:b q:27.09 q-aq:27.02 q-noVbv:27.09 q-Rceq:1.32 tex:1283 mv:1928 misc:853 icu:3.25 pcu:170.00 scu:1386.75 tlayer:3 pbqpoffset:5.68 pbfactor:1.93 avgQpOffsetCutree:0.00;
in:35 out:37 type:b q:26.67 q-aq:27.00 q-noVbv:26.67 q-Rceq:1.32 tex:1480 mv:2031 misc:873 icu:1.00 pcu:271.25 scu:1287.75 tlayer:3 pbqpoffset:5.41 pbfactor:1.87 avgQpOffsetCutree:0.00;
in:38 out:38 type:B q:23.59 q-aq:22.68 q-noVbv:23.59 q-Rceq:1.32 tex:14396 mv:6369 misc:1755 icu:35.25 pcu:768.75 scu:756.00 tlayer:2 pbqpoffset:2.55 pbfactor:1.34 avgQpOffsetCutree:-1.43;
in:37 out:39 type:b q:26.86 q-aq:27.00 q-noVbv:26.86 q-Rceq:1.32 tex:1437 mv:1809 misc:810 icu:2.25 pcu:177.25 scu:1380.50 tlayer:3 pbqpoffset:5.74 pbfactor:1.94 avgQpOffsetCutree:0.00;
in:39 out:40 type:b q:26.83 q-aq:27.00 q-noVbv:26.83 q-Rceq:1.32 tex:1354 mv:1655 misc:855 icu:0.75 pcu:188.25 scu:1371.00 tlayer:3 pbqpoffset:5.87 pbfactor:1.97 avgQpOffsetCutree:0.00;
in:56 out:41 type:k q:20.08 q-aq:16.51 q-noVbv:20.08 q-Rceq:1.32 tex:216251 mv:22198 misc:2983 icu:1300.75 pcu:257.50 scu:1.75 tlayer:0 pbqpoffset:0.00 pbfactor:1.00 avgQpOffsetCutree:-4.19;
in:48 out:42 type:B q:22.09 q-aq:19.00 q-noVbv:22.09 q-Rceq:1.32 tex:134924 mv:20830 misc:3142 icu:823.25 pcu:641.50 scu:95.25 tlayer:1 pbqpoffset:1.61 pbfactor:1.20 avgQpOffsetCutree:-3.63;
in:44 out:43 type:B q:22.30 q-aq:20.00 q-noVbv:22.30 q-Rceq:1.32 tex:58864 mv:11298 misc:2862 icu:182.50 pcu:1011.25 scu:366.25 tlayer:2 pbqpoffset:1.61 pbfactor:1.20 avgQpOffsetCutree:-2.56;
in:42 out:44 type:B q:23.61 q-aq:22.83 q-noVbv:23.61 q-Rceq:1.32 tex:15722 mv:6525 misc:1817 icu:37.00 pcu:585.75 scu:937.25 tlayer:3 pbqpoffset:2.82 pbfactor:1.38 avgQpOffsetCutree:-1.28;
in:41 out:45 type:b q:27.31 q-aq:27.23 q-noVbv:27.31 q-Rceq:1.32 tex:1094 mv:1579 misc:847 icu:1.50 pcu:224.00 scu:1334.50 tlayer:4 pbqpoffset:6.48 pbfactor:2.11 avgQpOffsetCutree:0.00;
in:43 out:46 type:b q:27.08 q-aq:27.02 q-noVbv:27.08 q-Rceq:1.32 tex:1307 mv:2046 misc:919 icu:0.25 pcu:250.75 scu:1309.00 tlayer:4 pbqpoffset:6.35 pbfactor:2.08 avgQpOffsetCutree:0.00;
in:46 out:47 type:B q:22.81 q-aq:21.92 q-noVbv:22.81 q-Rceq:1.32 tex:22319 mv:7740 misc:2053 icu:79.25 pcu:588.75 scu:892.00 tlayer:3 pbqpoffset:2.23 pbfactor:1.29 avgQpOffsetCutree:-1.38;
in:45 out:48 type:b q:26.30 q-aq:26.41 q-noVbv:26.30 q-Rceq:1.32 tex:1771 mv:1793 misc:1044 icu:5.25 pcu:261.25 scu:1293.50 tlayer:4 pbqpoffset:5.66 pbfactor:1.92 avgQpOffsetCutree:0.00;
in:47 out:49 type:b q:26.43 q-aq:26.33 q-noVbv:26.43 q-Rceq:1.32 tex:1987 mv:2400 misc:1085 icu:6.50 pcu:205.00 scu:1348.50 tlayer:4 pbqpoffset:5.90 pbfactor:1.98 avgQpOffsetCutree:0.00;
in:52 out:50 type:B q:21.89 q-aq:19.37 q-noVbv:21.89 q-Rceq:1.32 tex:57669 mv:9627 misc:2904 icu:218.25 pcu:679.25 scu:662.50 tlayer:2 pbqpoffset:1.61 pbfactor:1.20 avgQpOffsetCutree:-2.60;
in:50 out:51 type:B q:22.44 q-aq:21.55 q-noVbv:22.44 q-Rceq:1.32 tex:40582 mv:9353 misc:2641 icu:100.25 pcu:845.00 scu:614.75 tlayer:3 pbqpoffset:2.06 pbfactor:1.27 avgQpOffsetCutree:-1.47;
in:49 out:52 type:b q:26.23 q-aq:26.16 q-noVbv:26.23 q-Rceq:1.32 tex:2162 mv:2832 misc:1102 icu:5.75 pcu:231.00 scu:1323.25 tlayer:4 pbqpoffset:5.80 pbfactor:1.95 avgQpOffsetCutree:0.00;
in:51 out:53 type:b q:25.23 q-aq:25.12 q-noVbv:25.23 q-Rceq:1.32 tex:4482 mv:3278 misc:1432 icu:12.00 pcu:227.25 scu:1320.75 tlayer:4 pbqpoffset:4.90 pbfactor:1.76 avgQpOffsetCutree:0.00;
in:54 out:54 type:B q:22.49 q-aq:21.49 q-noVbv:22.49 q-Rceq:1.32 tex:30972 mv:8621 misc:2303 icu:64.25 pcu:742.75 scu:753.00 tlayer:3 pbqpoffset:2.31 pbfactor:1.31 avgQpOffsetCutree:-1.33;
in:53 out:55 type:b q:25.40 q-aq:25.38 q-noVbv:25.40 q-Rceq:1.32 tex:4042 mv:2745 misc:1117 icu:14.00 pcu:307.00 scu:1239.00 tlayer:4 pbqpoffset:5.17 pbfactor:1.82 avgQpOffsetCutree:0.00;
in:55 out:56 type:b q:25.33 q-aq:25.27 q-noVbv:25.33 q-Rceq:1.32 tex:2935 mv:2687 misc:1154 icu:1.25 pcu:284.25 scu:1274.50 tlayer:4 pbqpoffset:5.20 pbfactor:1.82 avgQpOffsetCutree:0.00;
in:64 out:57 type:k q:22.51 q-aq:18.71 q-noVbv:22.51 q-Rceq:1.32 tex:169124 mv:20837 misc:2703 icu:1546.00 pcu:14.00 scu:0.00 tlayer:0 pbqpoffset:0.00 pbfactor:1.00 avgQpOffsetCutree:-4.64;
in:60 out:58 type:B q:22.98 q-aq:20.73 q-noVbv:22.98 q-Rceq:1.32 tex:66812 mv:11314 misc:3330 icu:273.50 pcu:927.50 scu:359.00 tlayer:1 pbqpoffset:1.68 pbfactor:1.21 avgQpOffsetCutree:-2.65;
in:58 out:59 type:B q:22.94 q-aq:22.08 q-noVbv:22.94 q-Rceq:1.32 tex:28227 mv:8108 misc:2537 icu:90.50 pcu:756.50 scu:713.00 tlayer:2 pbqpoffset:2.26 pbfactor:1.30 avgQpOffsetCutree:-1.58;
in:57 out:60 type:b q:26.67 q-aq:27.01 q-noVbv:26.67 q-Rceq:1.32 tex:2678 mv:3234 misc:1128 icu:14.00 pcu:428.00 scu:1118.00 tlayer:3 pbqpoffset:6.28 pbfactor:2.07 avgQpOffsetCutree:0.00;
in:59 out:61 type:b q:26.41 q-aq:26.57 q-noVbv:26.41 q-Rceq:1.32 tex:2678 mv:2522 misc:1304 icu:2.50 pcu:402.50 scu:1155.00 tlayer:3 pbqpoffset:5.42 pbfactor:1.87 avgQpOffsetCutree:0.00;
in:62 out:62 type:B q:24.08 q-aq:23.51 q-noVbv:24.08 q-Rceq:1.32 tex:20245 mv:8226 misc:2241 icu:67.00 pcu:714.75 scu:778.25 tlayer:2 pbqpoffset:2.18 pbfactor:1.29 avgQpOffsetCutree:-1.45;
in:61 out:63 type:b q:27.64 q-aq:28.00 q-noVbv:27.64 q-Rceq:1.32 tex:1411 mv:2475 misc:1082 icu:1.25 pcu:271.75 scu:1287.00 tlayer:3 pbqpoffset:6.04 pbfactor:2.01 avgQpOffsetCutree:0.00;
in:63 out:64 type:b q:27.78 q-aq:28.12 q-noVbv:27.78 q-Rceq:1.32 tex:2965 mv:2674 misc:1145 icu:15.75 pcu:247.25 scu:1297.00 tlayer:3 pbqpoffset:5.57 pbfactor:1.90 avgQpOffsetCutree:0.00;
in:80 out:65 type:k q:21.85 q-aq:17.77 q-noVbv:21.85 q-Rceq:1.32 tex:194508 mv:23738 misc:3050 icu:1115.75 pcu:425.00 scu:19.25 tlayer:0 pbqpoffset:0.17 pbfactor:1.02 avgQpOffsetCutree:-4.42;
in:72 out:66 type:B q:23.89 q-aq:20.68 q-noVbv:23.89 q-Rceq:1.32 tex:96466 mv:18184 misc:3254 icu:626.50 pcu:738.75 scu:194.75 tlayer:1 pbqpoffset:1.71 pbfactor:1.22 avgQpOffsetCutree:-3.51;
in:68 out:67 type:B q:24.06 q-aq:21.89 q-noVbv:24.06 q-Rceq:1.32 tex:46321 mv:11199 misc:3112 icu:265.00 pcu:750.00 scu:545.00 tlayer:2 pbqpoffset:1.71 pbfactor:1.22 avgQpOffsetCutree:-2.49;
in:66 out:68 type:B q:25.22 q-aq:24.41 q-noVbv:25.22 q-Rceq:1.32 tex:18003 mv:7927 misc:2030 icu:91.25 pcu:633.75 scu:835.00 tlayer:3 pbqpoffset:2.79 pbfactor:1.38 avgQpOffsetCutree:-1.44;
in:65 out:69 type:b q:28.61 q-aq:29.00 q-noVbv:28.61 q-Rceq:1.32 tex:2971 mv:2747 misc:1042 icu:30.75 pcu:216.75 scu:1312.50 tlayer:4 pbqpoffset:6.14 pbfactor:2.03 avgQpOffsetCutree:0.00;
in:67 out:70 type:b q:27.98 q-aq:28.05 q-noVbv:27.98 q-Rceq:1.32 tex:2778 mv:2891 misc:1291 icu:14.25 pcu:392.25 scu:1153.50 tlayer:4 pbqpoffset:5.59 pbfactor:1.91 avgQpOffsetCutree:0.00;
in:70 out:71 type:B q:24.53 q-aq:23.98 q-noVbv:24.53 q-Rceq:1.32 tex:29847 mv:8950 misc:2603 icu:90.00 pcu:829.25 scu:640.75 tlayer:3 pbqpoffset:2.27 pbfactor:1.30 avgQpOffsetCutree:-1.34;
in:69 out:72 type:b q:28.40 q-aq:28.34 q-noVbv:28.40 q-Rceq:1.32 tex:1485 mv:2332 misc:1119 icu:9.75 pcu:358.50 scu:1191.75 tlayer:4 pbqpoffset:6.10 pbfactor:2.02 avgQpOffsetCutree:0.00;
in:71 out:73 type:b q:28.00 q-aq:28.00 q-noVbv:28.00 q-Rceq:1.32 tex:1838 mv:2848 misc:1082 icu:7.75 pcu:339.50 scu:1212.75 tlayer:4 pbqpoffset:5.78 pbfactor:1.95 avgQpOffsetCutree:0.00;
in:76 out:74 type:B q:23.73 q-aq:21.12 q-noVbv:23.73 q-Rceq:1.32 tex:49622 mv:11186 misc:3296 icu:220.00 pcu:865.00 scu:475.00 tlayer:2 pbqpoffset:1.71 pbfactor:1.22 avgQpOffsetCutree:-2.69;
in:74 out:75 type:B q:24.54 q-aq:23.51 q-noVbv:24.54 q-Rceq:1.32 tex:20462 mv:7583 misc:2179 icu:107.00 pcu:592.75 scu:860.25 tlayer:3 pbqpoffset:2.44 pbfactor:1.33 avgQpOffsetCutree:-1.46;
in:73 out:76 type:b q:28.00 q-aq:28.01 q-noVbv:28.00 q-Rceq:1.32 tex:2688 mv:2957 misc:1187 icu:2.00 pcu:319.25 scu:1238.75 tlayer:4 pbqpoffset:5.87 pbfactor:1.97 avgQpOffsetCutree:0.00;
in:75 out:77 type:b q:28.63 q-aq:29.00 q-noVbv:28.63 q-Rceq:1.32 tex:1397 mv:2253 misc:1014 icu:3.50 pcu:273.50 scu:1283.00 tlayer:4 pbqpoffset:6.58 pbfactor:2.14 avgQpOffsetCutree:0.00;
in:78 out:78 type:B q:24.64 q-aq:23.85 q-noVbv:24.64 q-Rceq:1.32 tex:22888 mv:7256 misc:2304 icu:107.75 pcu:712.50 scu:739.75 tlayer:3 pbqpoffset:2.71 pbfactor:1.37 avgQpOffsetCutree:-1.40;
in:77 out:79 type:b q:27.99 q-aq:28.00 q-noVbv:27.99 q-Rceq:1.32 tex:1784 mv:2284 misc:1060 icu:8.75 pcu:296.25 scu:1255.00 tlayer:4 pbqpoffset:6.02 pbfactor:2.01 avgQpOffsetCutree:0.00;
in:79 out:80 type:b q:28.25 q-aq:28.08 q-noVbv:28.25 q-Rceq:1.32 tex:1566 mv:2195 misc:1023 icu:0.50 pcu:338.75 scu:1220.75 tlayer:4 pbqpoffset:6.36 pbfactor:2.09 avgQpOffsetCutree:0.00;
in:96 out:81 type:k q:21.83 q-aq:17.73 q-noVbv:21.83 q-Rceq:1.32 tex:177309 mv:20298 misc:2593 icu:1558.75 pcu:1.25 scu:0.00 tlayer:0 pbqpoffset:0.40 pbfactor:1.05 avgQpOffsetCutree:-4.63;
in:88 out:82 type:B q:23.57 q-aq:20.23 q-noVbv:23.57 q-Rceq:1.32 tex:113411 mv:17102 misc:3039 icu:910.50 pcu:547.50 scu:102.00 tlayer:1 pbqpoffset:1.73 pbfactor:1.22 avgQpOffsetCutree:-3.66;
in:84 out:83 type:B q:23.57 q-aq:21.20 q-noVbv:23.57 q-Rceq:1.32 tex:45964 mv:9299 misc:2537 icu:282.50 pcu:649.00 scu:628.50 tlayer:2 pbqpoffset:1.73 pbfactor:1.22 avgQpOffsetCutree:-2.51;
in:82 out:84 type:B q:24.33 q-aq:23.55 q-noVbv:24.33 q-Rceq:1.32 tex:22951 mv:8058 misc:2255 icu:71.75 pcu:744.25 scu:744.00 tlayer:3 pbqpoffset:2.49 pbfactor:1.33 avgQpOffsetCutree:-1.31;
in:81 out:85 type:b q:27.20 q-aq:27.12 q-noVbv:27.20 q-Rceq:1.32 tex:1631 mv:2251 misc:1102 icu:3.25 pcu:287.50 scu:1269.25 tlayer:4 pbqpoffset:5.35 pbfactor:1.86 avgQpOffsetCutree:0.00;
in:83 out:86 type:b q:27.92 q-aq:28.00 q-noVbv:27.92 q-Rceq:1.32 tex:1896 mv:2588 misc:1116 icu:3.25 pcu:265.50 scu:1291.25 tlayer:4 pbqpoffset:6.07 pbfactor:2.02 avgQpOffsetCutree:0.00;
in:86 out:87 type:B q:24.88 q-aq:23.78 q-noVbv:24.88 q-Rceq:1.32 tex:16704 mv:7028 misc:1756 icu:72.50 pcu:761.25 scu:726.25 tlayer:3 pbqpoffset:3.04 pbfactor:1.42 avgQpOffsetCutree:-1.51;
in:85 out:88 type:b q:28.39 q-aq:28.49 q-noVbv:28.39 q-Rceq:1.32 tex:1875 mv:2267 misc:978 icu:6.00 pcu:241.25 scu:1312.75 tlayer:4 pbqpoffset:6.55 pbfactor:2.13 avgQpOffsetCutree:0.00;
in:87 out:89 type:b q:28.43 q-aq:28.39 q-noVbv:28.43 q-Rceq:1.32 tex:1505 mv:2019 misc:1052 icu:6.00 pcu:270.50 scu:1283.50 tlayer:4 pbqpoffset:6.60 pbfactor:2.14 avgQpOffsetCutree:0.00;
in:92 out:90 type:B q:23.56 q-aq:21.30 q-noVbv:23.56 q-Rceq:1.32 tex:47813 mv:9693 misc:2574 icu:211.50 pcu:822.75 scu:525.75 tlayer:2 pbqpoffset:1.73 pbfactor:1.22 avgQpOffsetCutree:-2.52;
in:90 out:91 type:B q:24.52 q-aq:23.56 q-noVbv:24.52 q-Rceq:1.32 tex:16979 mv:5920 misc:1901 icu:82.75 pcu:617.00 scu:860.25 tlayer:3 pbqpoffset:2.69 pbfactor:1.36 avgQpOffsetCutree:-1.46;
in:89 out:92 type:b q:28.43 q-aq:28.47 q-noVbv:28.43 q-Rceq:1.32 tex:1354 mv:2275 misc:955 icu:2.50 pcu:237.25 scu:1320.25 tlayer:4 pbqpoffset:6.59 pbfactor:2.14 avgQpOffsetCutree:0.00;
in:91 out:93 type:b q:28.17 q-aq:28.15 q-noVbv:28.17 q-Rceq:1.32 tex:1810 mv:2382 misc:1056 icu:5.25 pcu:202.50 scu:1352.25 tlayer:4 pbqpoffset:6.33 pbfactor:2.08 avgQpOffsetCutree:0.00;
in:94 out:94 type:B q:24.06 q-aq:23.32 q-noVbv:24.06 q-Rceq:1.32 tex:22318 mv:7685 misc:2197 icu:77.50 pcu:776.75 scu:705.75 tlayer:3 pbqpoffset:2.23 pbfactor:1.29 avgQpOffsetCutree:-1.36;
in:93 out:95 type:b q:27.09 q-aq:27.05 q-noVbv:27.09 q-Rceq:1.32 tex:2748 mv:2673 misc:1091 icu:12.75 pcu:263.75 scu:1283.50 tlayer:4 pbqpoffset:5.26 pbfactor:1.84 avgQpOffsetCutree:0.00;
in:95 out:96 type:b q:27.10 q-aq:27.04 q-noVbv:27.10 q-Rceq:1.32 tex:1938 mv:2334 misc:1128 icu:7.00 pcu:264.75 scu:1288.25 tlayer:4 pbqpoffset:5.27 pbfactor:1.84 avgQpOffsetCutree:0.00;
in:104 out:97 type:k q:22.74 q-aq:18.51 q-noVbv:22.74 q-Rceq:1.32 tex:127172 mv:18475 misc:3273 icu:819.00 pcu:678.50 scu:62.50 tlayer:0 pbqpoffset:0.11 pbfactor:1.01 avgQpOffsetCutree:-4.44;
in:100 out:98 type:B q:23.94 q-aq:21.31 q-noVbv:23.94 q-Rceq:1.32 tex:42901 mv:9483 misc:2904 icu:189.50 pcu:846.50 scu:524.00 tlayer:1 pbqpoffset:1.65 pbfactor:1.21 avgQpOffsetCutree:-2.61;
in:98 out:99 type:B q:24.06 q-aq:23.08 q-noVbv:24.06 q-Rceq:1.32 tex:19520 mv:6976 misc:1912 icu:50.00 pcu:708.75 scu:801.25 tlayer:2 pbqpoffset:2.00 pbfactor:1.26 avgQpOffsetCutree:-1.39;
in:97 out:100 type:b q:26.91 q-aq:27.00 q-noVbv:26.91 q-Rceq:1.32 tex:2148 mv:2158 misc:1086 icu:2.00 pcu:243.00 scu:1315.00 tlayer:3 pbqpoffset:4.97 pbfactor:1.77 avgQpOffsetCutree:0.00;
in:99 out:101 type:b q:26.74 q-aq:27.01 q-noVbv:26.74 q-Rceq:1.32 tex:2288 mv:2798 misc:1090 icu:0.75 pcu:275.00 scu:1284.25 tlayer:3 pbqpoffset:4.57 pbfactor:1.69 avgQpOffsetCutree:0.00;
in:102 out:102 type:B q:24.49 q-aq:23.84 q-noVbv:24.49 q-Rceq:1.32 tex:20765 mv:7324 misc:2031 icu:79.25 pcu:670.50 scu:810.25 tlayer:2 pbqpoffset:1.98 pbfactor:1.26 avgQpOffsetCutree:-1.42;
in:101 out:103 type:b q:27.21 q-aq:27.04 q-noVbv:27.21 q-Rceq:1.32 tex:1523 mv:2167 misc:966 icu:2.25 pcu:245.75 scu:1312.00 tlayer:3 pbqpoffset:4.82 pbfactor:1.74 avgQpOffsetCutree:0.00;
in:103 out:104 type:b q:27.51 q-aq:28.00 q-noVbv:27.51 q-Rceq:1.32 tex:1584 mv:2266 misc:1046 icu:4.75 pcu:189.00 scu:1366.25 tlayer:3 pbqpoffset:4.89 pbfactor:1.76 avgQpOffsetCutree:0.00;
in:120 out:105 type:k q:21.36 q-aq:17.12 q-noVbv:21.36 q-Rceq:1.32 tex:196934 mv:26763 misc:2967 icu:1147.50 pcu:401.75 scu:10.75 tlayer:0 pbqpoffset:0.48 pbfactor:1.06 avgQpOffsetCutree:-4.63;
in:112 out:106 type:B q:23.67 q-aq:20.01 q-noVbv:23.67 q-Rceq:1.32 tex:88843 mv:20672 misc:3341 icu:566.25 pcu:877.50 scu:116.25 tlayer:1 pbqpoffset:1.62 pbfactor:1.21 avgQpOffsetCutree:-3.75;
in:108 out:107 type:B q:24.01 q-aq:21.61 q-noVbv:24.01 q-Rceq:1.32 tex:44039 mv:9886 misc:2587 icu:208.75 pcu:725.00 scu:626.25 tlayer:2 pbqpoffset:1.62 pbfactor:1.21 avgQpOffsetCutree:-2.71;
in:106 out:108 type:B q:24.60 q-aq:24.04 q-noVbv:24.60 q-Rceq:1.32 tex:24156 mv:8062 misc:2270 icu:89.00 pcu:625.50 scu:845.50 tlayer:3 pbqpoffset:2.03 pbfactor:1.26 avgQpOffsetCutree:-1.33;
in:105 out:109 type:b q:27.48 q-aq:27.38 q-noVbv:27.48 q-Rceq:1.32 tex:2447 mv:2516 misc:1293 icu:2.75 pcu:255.25 scu:1302.00 tlayer:4 pbqpoffset:4.83 pbfactor:1.75 avgQpOffsetCutree:0.00;
in:107 out:110 type:b q:27.51 q-aq:28.00 q-noVbv:27.51 q-Rceq:1.32 tex:2262 mv:2866 misc:1208 icu:3.50 pcu:214.00 scu:1342.50 tlayer:4 pbqpoffset:5.03 pbfactor:1.79 avgQpOffsetCutree:0.00;
in:110 out:111 type:B q:24.57 q-aq:23.74 q-noVbv:24.57 q-Rceq:1.32 tex:20780 mv:7316 misc:2088 icu:80.25 pcu:789.00 scu:690.75 tlayer:3 pbqpoffset:2.35 pbfactor:1.31 avgQpOffsetCutree:-1.41;
in:109 out:112 type:b q:27.82 q-aq:28.00 q-noVbv:27.82 q-Rceq:1.32 tex:2104 mv:2325 misc:1051 icu:8.00 pcu:187.50 scu:1364.50 tlayer:4 pbqpoffset:5.51 pbfactor:1.89 avgQpOffsetCutree:0.00;
in:111 out:113 type:b q:27.68 q-aq:28.00 q-noVbv:27.68 q-Rceq:1.32 tex:2301 mv:2212 misc:999 icu:2.75 pcu:208.25 scu:1349.00 tlayer:4 pbqpoffset:5.54 pbfactor:1.90 avgQpOffsetCutree:0.00;
in:116 out:114 type:B q:23.32 q-aq:20.83 q-noVbv:23.32 q-Rceq:1.32 tex:48315 mv:9560 misc:2469 icu:203.50 pcu:815.00 scu:541.50 tlayer:2 pbqpoffset:1.62 pbfactor:1.21 avgQpOffsetCutree:-2.74;
in:114 out:115 type:B q:24.26 q-aq:23.33 q-noVbv:24.26 q-Rceq:1.32 tex:18689 mv:7640 misc:2079 icu:51.75 pcu:595.50 scu:912.75 tlayer:3 pbqpoffset:2.38 pbfactor:1.32 avgQpOffsetCutree:-1.47;
in:113 out:116 type:b q:27.15 q-aq:27.18 q-noVbv:27.15 q-Rceq:1.32 tex:2991 mv:2298 misc:1063 icu:11.25 pcu:262.50 scu:1286.25 tlayer:4 pbqpoffset:5.18 pbfactor:1.82 avgQpOffsetCutree:0.00;
in:115 out:117 type:b q:27.36 q-aq:27.31 q-noVbv:27.36 q-Rceq:1.32 tex:2268 mv:2340 misc:1168 icu:7.50 pcu:176.00 scu:1376.50 tlayer:4 pbqpoffset:5.57 pbfactor:1.90 avgQpOffsetCutree:0.00;
in:118 out:118 type:B q:23.88 q-aq:23.13 q-noVbv:23.88 q-Rceq:1.32 tex:25249 mv:8484 misc:2115 icu:73.75 pcu:825.75 scu:660.50 tlayer:3 pbqpoffset:2.35 pbfactor:1.31 avgQpOffsetCutree:-1.47;
in:117 out:119 type:b q:27.36 q-aq:27.53 q-noVbv:27.36 q-Rceq:1.32 tex:1689 mv:2161 misc:1158 icu:1.50 pcu:236.50 scu:1322.00 tlayer:4 pbqpoffset:5.74 pbfactor:1.94 avgQpOffsetCutree:0.00;
in:119 out:120 type:b q:27.30 q-aq:27.41 q-noVbv:27.30 q-Rceq:1.32 tex:2041 mv:2251 misc:980 icu:1.75 pcu:196.75 scu:1361.50 tlayer:4 pbqpoffset:5.86 pbfactor:1.97 avgQpOffsetCutree:0.00;
in:136 out:121 type:k q:21.50 q-aq:16.88 q-noVbv:21.50 q-Rceq:1.32 tex:224017 mv:22060 misc:2763 icu:1536.25 pcu:23.75 scu:0.00 tlayer:0 pbqpoffset:0.58 pbfactor:1.07 avgQpOffsetCutree:-5.22;
in:128 out:122 type:B q:23.11 q-aq:19.72 q-noVbv:23.11 q-Rceq:1.32 tex:123254 mv:21385 misc:3145 icu:1027.50 pcu:409.75 scu:122.75 tlayer:1 pbqpoffset:1.68 pbfactor:1.21 avgQpOffsetCutree:-3.84;
in:124 out:123 type:B q:23.08 q-aq:20.36 q-noVbv:23.08 q-Rceq:1.32 tex:55202 mv:10973 misc:2841 icu:232.75 pcu:811.25 scu:516.00 tlayer:2 pbqpoffset:1.68 pbfactor:1.21 avgQpOffsetCutree:-2.70;
in:122 out:124 type:B q:23.89 q-aq:22.82 q-noVbv:23.89 q-Rceq:1.32 tex:23784 mv:7915 misc:2205 icu:48.25 pcu:689.75 scu:822.00 tlayer:3 pbqpoffset:2.51 pbfactor:1.34 avgQpOffsetCutree:-1.50;
in:121 out:125 type:b q:27.18 q-aq:27.27 q-noVbv:27.18 q-Rceq:1.32 tex:2110 mv:2398 misc:1036 icu:4.75 pcu:206.00 scu:1349.25 tlayer:4 pbqpoffset:5.81 pbfactor:1.96 avgQpOffsetCutree:0.00;
in:123 out:126 type:b q:27.62 q-aq:28.00 q-noVbv:27.62 q-Rceq:1.32 tex:1417 mv:2498 misc:925 icu:1.00 pcu:179.75 scu:1379.25 tlayer:4 pbqpoffset:6.23 pbfactor:2.05 avgQpOffsetCutree:0.00;
in:126 out:127 type:B q:23.91 q-aq:22.96 q-noVbv:23.91 q-Rceq:1.32 tex:24811 mv:8318 misc:2047 icu:47.00 pcu:712.75 scu:800.25 tlayer:3 pbqpoffset:2.49 pbfactor:1.33 avgQpOffsetCutree:-1.49;
in:125 out:128 type:b q:26.87 q-aq:27.00 q-noVbv:26.87 q-Rceq:1.32 tex:1995 mv:2363 misc:946 icu:1.00 pcu:174.25 scu:1384.75 tlayer:4 pbqpoffset:5.46 pbfactor:1.88 avgQpOffsetCutree:0.00;
in:127 out:129 type:b q:27.49 q-aq:27.64 q-noVbv:27.49 q-Rceq:1.32 tex:1154 mv:1962 misc:892 icu:1.00 pcu:148.00 scu:1411.00 tlayer:4 pbqpoffset:6.07 pbfactor:2.02 avgQpOffsetCutree:0.00;
in:132 out:130 type:B q:23.15 q-aq:20.32 q-noVbv:23.15 q-Rceq:1.32 tex:50969 mv:11110 misc:2665 icu:197.75 pcu:702.75 scu:659.50 tlayer:2 pbqpoffset:1.68 pbfactor:1.21 avgQpOffsetCutree:-2.80;
in:130 out:131 type:B q:24.25 q-aq:23.23 q-noVbv:24.25 q-Rceq:1.32 tex:20977 mv:7346 misc:2517 icu:31.50 pcu:648.75 scu:879.75 tlayer:3 pbqpoffset:2.80 pbfactor:1.38 avgQpOffsetCutree:-1.52;
in:129 out:132 type:b q:27.41 q-aq:27.38 q-noVbv:27.41 q-Rceq:1.32 tex:1125 mv:2036 misc:863 icu:0.25 pcu:265.75 scu:1294.00 tlayer:4 pbqpoffset:5.97 pbfactor:1.99 avgQpOffsetCutree:0.00;
in:131 out:133 type:b q:27.92 q-aq:28.00 q-noVbv:27.92 q-Rceq:1.32 tex:1403 mv:2128 misc:981 icu:2.25 pcu:237.75 scu:1320.00 tlayer:4 pbqpoffset:6.46 pbfactor:2.11 avgQpOffsetCutree:0.00;
in:134 out:134 type:B q:24.56 q-aq:23.25 q-noVbv:24.56 q-Rceq:1.32 tex:15127 mv:7158 misc:1971 icu:23.25 pcu:531.25 scu:1005.50 tlayer:3 pbqpoffset:3.07 pbfactor:1.43 avgQpOffsetCutree:-1.51;
in:133 out:135 type:b q:27.96 q-aq:28.07 q-noVbv:27.96 q-Rceq:1.32 tex:439 mv:1725 misc:756 icu:1.25 pcu:240.50 scu:1318.25 tlayer:4 pbqpoffset:6.48 pbfactor:2.11 avgQpOffsetCutree:0.00;
in:135 out:136 type:b q:28.04 q-aq:28.00 q-noVbv:28.04 q-Rceq:1.32 tex:645 mv:2061 misc:974 icu:1.00 pcu:141.50 scu:1417.50 tlayer:4 pbqpoffset:6.54 pbfactor:2.13 avgQpOffsetCutree:0.00;
in:144 out:137 type:k q:22.71 q-aq:18.23 q-noVbv:22.71 q-Rceq:1.32 tex:148972 mv:22139 misc:3377 icu:758.25 pcu:738.50 scu:63.25 tlayer:0 pbqpoffset:0.42 pbfactor:1.05 avgQpOffsetCutree:-4.71;
in:140 out:138 type:B q:23.78 q-aq:21.17 q-noVbv:23.78 q-Rceq:1.32 tex:43639 mv:10466 misc:2783 icu:132.00 pcu:714.00 scu:714.00 tlayer:1 pbqpoffset:1.68 pbfactor:1.21 avgQpOffsetCutree:-2.69;
in:138 out:139 type:B q:24.36 q-aq:23.62 q-noVbv:24.36 q-Rceq:1.32 tex:15660 mv:7209 misc:1947 icu:26.25 pcu:585.75 scu:948.00 tlayer:2 pbqpoffset:2.56 pbfactor:1.34 avgQpOffsetCutree:-1.43;
in:137 out:140 type:b q:27.80 q-aq:28.00 q-noVbv:27.80 q-Rceq:1.32 tex:702 mv:1893 misc:957 icu:0.25 pcu:217.50 scu:1342.25 tlayer:3 pbqpoffset:6.15 pbfactor:2.03 avgQpOffsetCutree:0.00;
in:139 out:141 type:b q:27.65 q-aq:28.00 q-noVbv:27.65 q-Rceq:1.32 tex:836 mv:1658 misc:938 icu:0.50 pcu:202.25 scu:1357.25 tlayer:3 pbqpoffset:5.70 pbfactor:1.93 avgQpOffsetCutree:0.00;
in:142 out:142 type:B q:24.89 q-aq:24.02 q-noVbv:24.89 q-Rceq:1.32 tex:15341 mv:7999 misc:1860 icu:46.00 pcu:615.00 scu:899.00 tlayer:2 pbqpoffset:2.48 pbfactor:1.33 avgQpOffsetCutree:-1.44;
in:141 out:143 type:b q:27.75 q-aq:28.00 q-noVbv:27.75 q-Rceq:1.32 tex:1799 mv:2680 misc:1081 icu:4.25 pcu:249.00 scu:1306.75 tlayer:3 pbqpoffset:5.49 pbfactor:1.89 avgQpOffsetCutree:0.00;
in:143 out:144 type:b q:27.84 q-aq:28.03 q-noVbv:27.84 q-Rceq:1.32 tex:1288 mv:2085 misc:899 icu:6.75 pcu:184.50 scu:1368.75 tlayer:3 pbqpoffset:5.29 pbfactor:1.84 avgQpOffsetCutree:0.00;
in:160 out:145 type:k q:21.68 q-aq:16.42 q-noVbv:21.68 q-Rceq:1.32 tex:248353 mv:28428 misc:3219 icu:1546.25 pcu:13.75 scu:0.00 tlayer:0 pbqpoffset:0.60 pbfactor:1.07 avgQpOffsetCutree:-5.72;
in:152 out:146 type:B q:23.95 q-aq:20.33 q-noVbv:23.95 q-Rceq:1.32 tex:130775 mv:24797 misc:3244 icu:756.75 pcu:673.50 scu:129.75 tlayer:1 pbqpoffset:1.75 pbfactor:1.22 avgQpOffsetCutree:-3.86;
in:148 out:147 type:B q:24.30 q-aq:21.62 q-noVbv:24.30 q-Rceq:1.32 tex:55481 mv:13159 misc:3152 icu:145.75 pcu:809.00 scu:605.25 tlayer:2 pbqpoffset:1.84 pbfactor:1.24 avgQpOffsetCutree:-2.86;
in:146 out:148 type:B q:25.80 q-aq:24.62 q-noVbv:25.80 q-Rceq:1.32 tex:16198 mv:7449 misc:2241 icu:22.75 pcu:605.25 scu:932.00 tlayer:3 pbqpoffset:3.22 pbfactor:1.45 avgQpOffsetCutree:-1.50;
in:145 out:149 type:b q:29.26 q-aq:29.27 q-noVbv:29.26 q-Rceq:1.32 tex:741 mv:1887 misc:892 icu:0.75 pcu:148.75 scu:1410.50 tlayer:4 pbqpoffset:6.62 pbfactor:2.15 avgQpOffsetCutree:0.00;
in:147 out:150 type:b q:29.13 q-aq:29.00 q-noVbv:29.13 q-Rceq:1.32 tex:691 mv:2094 misc:975 icu:1.00 pcu:178.50 scu:1380.50 tlayer:4 pbqpoffset:6.62 pbfactor:2.15 avgQpOffsetCutree:0.00;
in:150 out:151 type:B q:25.49 q-aq:24.31 q-noVbv:25.49 q-Rceq:1.32 tex:14364 mv:7814 misc:2238 icu:24.00 pcu:627.00 scu:909.00 tlayer:3 pbqpoffset:3.17 pbfactor:1.44 avgQpOffsetCutree:-1.50;
in:149 out:152 type:b q:29.00 q-aq:29.04 q-noVbv:29.00 q-Rceq:1.32 tex:513 mv:1957 misc:794 icu:0.50 pcu:206.75 scu:1352.75 tlayer:4 pbqpoffset:6.62 pbfactor:2.15 avgQpOffsetCutree:0.00;
in:151 out:153 type:b q:28.88 q-aq:29.00 q-noVbv:28.88 q-Rceq:1.32 tex:538 mv:1710 misc:744 icu:0.75 pcu:215.50 scu:1343.75 tlayer:4 pbqpoffset:6.62 pbfactor:2.15 avgQpOffsetCutree:0.00;
in:156 out:154 type:B q:24.09 q-aq:20.89 q-noVbv:24.09 q-Rceq:1.32 tex:55829 mv:12271 misc:3140 icu:108.25 pcu:929.00 scu:522.75 tlayer:2 pbqpoffset:2.15 pbfactor:1.28 avgQpOffsetCutree:-3.01;
in:154 out:155 type:B q:25.17 q-aq:24.14 q-noVbv:25.17 q-Rceq:1.32 tex:15786 mv:7795 misc:2331 icu:15.75 pcu:773.25 scu:771.00 tlayer:3 pbqpoffset:3.10 pbfactor:1.43 avgQpOffsetCutree:-1.43;
in:153 out:156 type:b q:28.75 q-aq:29.00 q-noVbv:28.75 q-Rceq:1.32 tex:670 mv:1691 misc:719 icu:0.25 pcu:225.75 scu:1334.00 tlayer:4 pbqpoffset:6.62 pbfactor:2.15 avgQpOffsetCutree:0.00;
in:155 out:157 type:b q:28.62 q-aq:29.00 q-noVbv:28.62 q-Rceq:1.32 tex:550 mv:1910 misc:772 icu:0.50 pcu:155.00 scu:1404.50 tlayer:4 pbqpoffset:6.62 pbfactor:2.15 avgQpOffsetCutree:0.00;
in:158 out:158 type:B q:25.43 q-aq:24.22 q-noVbv:25.43 q-Rceq:1.32 tex:10203 mv:7062 misc:1991 icu:13.00 pcu:542.25 scu:1004.75 tlayer:3 pbqpoffset:3.62 pbfactor:1.52 avgQpOffsetCutree:-1.54;
in:157 out:159 type:b q:28.49 q-aq:28.73 q-noVbv:28.49 q-Rceq:1.32 tex:534 mv:1731 misc:807 icu:0.25 pcu:180.00 scu:1379.75 tlayer:4 pbqpoffset:6.62 pbfactor:2.15 avgQpOffsetCutree:0.00;
in:159 out:160 type:b q:28.37 q-aq:28.31 q-noVbv:28.37 q-Rceq:1.32 tex:511 mv:1589 misc:772 icu:0.25 pcu:128.75 scu:1431.00 tlayer:4 pbqpoffset:6.62 pbfactor:2.15 avgQpOffsetCutree:0.00;
in:176 out:161 type:k q:21.49 q-aq:16.12 q-noVbv:21.49 q-Rceq:1.32 tex:237422 mv:28607 misc:3699 icu:1014.50 pcu:503.75 scu:41.75 tlayer:0 pbqpoffset:0.48 pbfactor:1.06 avgQpOffsetCutree:-5.51;
in:168 out:162 type:B q:23.32 q-aq:19.52 q-noVbv:23.32 q-Rceq:1.32 tex:109080 mv:21728 misc:3704 icu:471.00 pcu:799.25 scu:289.75 tlayer:1 pbqpoffset:1.73 pbfactor:1.22 avgQpOffsetCutree:-3.90;
in:164 out:163 type:B q:23.37 q-aq:20.71 q-noVbv:23.37 q-Rceq:1.32 tex:39879 mv:12728 misc:2793 icu:88.25 pcu:819.00 scu:652.75 tlayer:2 pbqpoffset:1.73 pbfactor:1.22 avgQpOffsetCutree:-2.83;
in:162 out:164 type:B q:24.29 q-aq:23.19 q-noVbv:24.29 q-Rceq:1.32 tex:13802 mv:8801 misc:2173 icu:11.00 pcu:690.50 scu:858.50 tlayer:3 pbqpoffset:2.63 pbfactor:1.35 avgQpOffsetCutree:-1.50;
in:161 out:165 type:b q:28.27 q-aq:28.16 q-noVbv:28.27 q-Rceq:1.32 tex:476 mv:1623 misc:813 icu:0.00 pcu:152.00 scu:1408.00 tlayer:4 pbqpoffset:6.60 pbfactor:2.14 avgQpOffsetCutree:0.00;
in:163 out:166 type:b q:28.03 q-aq:28.00 q-noVbv:28.03 q-Rceq:1.32 tex:480 mv:1535 misc:873 icu:0.25 pcu:116.00 scu:1443.75 tlayer:4 pbqpoffset:6.38 pbfactor:2.09 avgQpOffsetCutree:0.00;
in:166 out:167 type:B q:24.30 q-aq:23.20 q-noVbv:24.30 q-Rceq:1.32 tex:18425 mv:8274 misc:2533 icu:38.50 pcu:668.75 scu:852.75 tlayer:3 pbqpoffset:2.69 pbfactor:1.36 avgQpOffsetCutree:-1.55;
in:165 out:168 type:b q:28.22 q-aq:28.11 q-noVbv:28.22 q-Rceq:1.32 tex:1074 mv:1971 misc:819 icu:1.75 pcu:231.00 scu:1327.25 tlayer:4 pbqpoffset:6.60 pbfactor:2.14 avgQpOffsetCutree:0.00;
in:167 out:169 type:b q:28.18 q-aq:28.25 q-noVbv:28.18 q-Rceq:1.32 tex:781 mv:1811 misc:840 icu:0.25 pcu:184.50 scu:1375.25 tlayer:4 pbqpoffset:6.58 pbfactor:2.14 avgQpOffsetCutree:0.00;
in:172 out:170 type:B q:23.27 q-aq:20.49 q-noVbv:23.27 q-Rceq:1.32 tex:58305 mv:11984 misc:3231 icu:158.25 pcu:885.75 scu:516.00 tlayer:2 pbqpoffset:1.73 pbfactor:1.22 avgQpOffsetCutree:-2.77;
in:170 out:171 type:B q:24.29 q-aq:23.04 q-noVbv:24.29 q-Rceq:1.32 tex:16716 mv:8094 misc:2030 icu:31.00 pcu:655.25 scu:873.75 tlayer:3 pbqpoffset:2.73 pbfactor:1.37 avgQpOffsetCutree:-1.55;
in:169 out:172 type:b q:28.17 q-aq:28.15 q-noVbv:28.17 q-Rceq:1.32 tex:1630 mv:2226 misc:944 icu:1.50 pcu:165.25 scu:1393.25 tlayer:4 pbqpoffset:6.60 pbfactor:2.14 avgQpOffsetCutree:0.00;
in:171 out:173 type:b q:28.15 q-aq:28.19 q-noVbv:28.15 q-Rceq:1.32 tex:811 mv:1989 misc:928 icu:1.75 pcu:222.25 scu:1336.00 tlayer:4 pbqpoffset:6.60 pbfactor:2.14 avgQpOffsetCutree:0.00;
in:174 out:174 type:B q:24.07 q-aq:22.98 q-noVbv:24.07 q-Rceq:1.32 tex:20033 mv:8374 misc:2177 icu:35.50 pcu:762.75 scu:761.75 tlayer:3 pbqpoffset:2.56 pbfactor:1.34 avgQpOffsetCutree:-1.49;
in:173 out:175 type:b q:28.12 q-aq:28.12 q-noVbv:28.12 q-Rceq:1.32 tex:881 mv:2094 misc:849 icu:1.75 pcu:193.00 scu:1365.25 tlayer:4 pbqpoffset:6.60 pbfactor:2.14 avgQpOffsetCutree:0.00;
in:175 out:176 type:b q:27.92 q-aq:28.00 q-noVbv:27.92 q-Rceq:1.32 tex:885 mv:2035 misc:912 icu:2.00 pcu:153.25 scu:1404.75 tlayer:4 pbqpoffset:6.42 pbfactor:2.10 avgQpOffsetCutree:0.00;
in:192 out:177 type:k q:21.43 q-aq:16.24 q-noVbv:21.43 q-Rceq:1.32 tex:255520 mv:29756 misc:3100 icu:1551.75 pcu:8.25 scu:0.00 tlayer:0 pbqpoffset:0.54 pbfactor:1.06 avgQpOffsetCutree:-5.83;
in:184 out:178 type:B q:23.19 q-aq:19.34 q-noVbv:23.19 q-Rceq:1.32 tex:117958 mv:19596 misc:3302 icu:499.50 pcu:863.00 scu:197.50 tlayer:1 pbqpoffset:1.73 pbfactor:1.22 avgQpOffsetCutree:-3.96;
in:180 out:179 type:B q:23.74 q-aq:21.46 q-noVbv:23.74 q-Rceq:1.32 tex:47408 mv:10659 misc:2645 icu:141.25 pcu:736.75 scu:682.00 tlayer:2 pbqpoffset:2.27 pbfactor:1.30 avgQpOffsetCutree:-2.69;
in:178 out:180 type:B q:25.07 q-aq:24.41 q-noVbv:25.07 q-Rceq:1.32 tex:13101 mv:6973 misc:1910 icu:45.00 pcu:490.25 scu:1024.75 tlayer:3 pbqpoffset:3.59 pbfactor:1.51 avgQpOffsetCutree:-1.43;
in:177 out:181 type:b q:28.08 q-aq:28.03 q-noVbv:28.08 q-Rceq:1.32 tex:1269 mv:1741 misc:814 icu:2.75 pcu:180.50 scu:1376.75 tlayer:4 pbqpoffset:6.59 pbfactor:2.14 avgQpOffsetCutree:0.00;
in:179 out:182 type:b q:28.07 q-aq:28.04 q-noVbv:28.07 q-Rceq:1.32 tex:1709 mv:2009 misc:978 icu:5.50 pcu:257.75 scu:1296.75 tlayer:4 pbqpoffset:6.59 pbfactor:2.14 avgQpOffsetCutree:0.00;
in:182 out:183 type:B q:25.06 q-aq:24.20 q-noVbv:25.06 q-Rceq:1.32 tex:12850 mv:6763 misc:2099 icu:20.00 pcu:439.50 scu:1100.50 tlayer:3 pbqpoffset:3.59 pbfactor:1.51 avgQpOffsetCutree:-1.48;
in:181 out:184 type:b q:28.06 q-aq:28.04 q-noVbv:28.06 q-Rceq:1.32 tex:895 mv:1642 misc:863 icu:1.75 pcu:172.50 scu:1385.75 tlayer:4 pbqpoffset:6.59 pbfactor:2.14 avgQpOffsetCutree:0.00;
in:183 out:185 type:b q:28.06 q-aq:28.00 q-noVbv:28.06 q-Rceq:1.32 tex:945 mv:1578 misc:821 icu:0.75 pcu:177.50 scu:1381.75 tlayer:4 pbqpoffset:6.59 pbfactor:2.14 avgQpOffsetCutree:0.00;
in:188 out:186 type:B q:23.92 q-aq:20.87 q-noVbv:23.92 q-Rceq:1.32 tex:43761 mv:10396 misc:2795 icu:100.25 pcu:891.50 scu:568.25 tlayer:2 pbqpoffset:2.47 pbfactor:1.33 avgQpOffsetCutree:-3.03;
in:186 out:187 type:B q:24.96 q-aq:23.89 q-noVbv:24.96 q-Rceq:1.32 tex:14323 mv:7415 misc:2190 icu:21.50 pcu:675.00 scu:863.50 tlayer:3 pbqpoffset:3.51 pbfactor:1.50 avgQpOffsetCutree:-1.45;
in:185 out:188 type:b q:28.05 q-aq:28.00 q-noVbv:28.05 q-Rceq:1.32 tex:400 mv:1741 misc:755 icu:2.50 pcu:177.25 scu:1380.25 tlayer:4 pbqpoffset:6.59 pbfactor:2.14 avgQpOffsetCutree:0.00;
in:187 out:189 type:b q:28.04 q-aq:28.00 q-noVbv:28.04 q-Rceq:1.32 tex:167 mv:1210 misc:663 icu:0.00 pcu:121.75 scu:1438.25 tlayer:4 pbqpoffset:6.59 pbfactor:2.14 avgQpOffsetCutree:0.00;
in:190 out:190 type:B q:25.03 q-aq:23.78 q-noVbv:25.03 q-Rceq:1.32 tex:11216 mv:6701 misc:1915 icu:16.25 pcu:533.25 scu:1010.50 tlayer:3 pbqpoffset:3.59 pbfactor:1.51 avgQpOffsetCutree:-1.51;
in:189 out:191 type:b q:28.04 q-aq:28.00 q-noVbv:28.04 q-Rceq:1.32 tex:350 mv:1302 misc:652 icu:0.25 pcu:120.25 scu:1439.50 tlayer:4 pbqpoffset:6.59 pbfactor:2.14 avgQpOffsetCutree:0.00;
in:191 out:192 type:b q:28.03 q-aq:28.00 q-noVbv:28.03 q-Rceq:1.32 tex:708 mv:1446 misc:686 icu:0.50 pcu:136.50 scu:1423.00 tlayer:4 pbqpoffset:6.59 pbfactor:2.14 avgQpOffsetCutree:0.00;
in:208 out:193 type:k q:21.10 q-aq:16.26 q-noVbv:21.10 q-Rceq:1.32 tex:219194 mv:27687 misc:4023 icu:839.25 pcu:669.25 scu:51.50 tlayer:0 pbqpoffset:0.44 pbfactor:1.05 avgQpOffsetCutree:-4.90;
in:200 out:194 type:B q:22.96 q-aq:18.53 q-noVbv:22.96 q-Rceq:1.32 tex:118618 mv:21019 misc:4131 icu:414.25 pcu:914.75 scu:231.00 tlayer:1 pbqpoffset:1.70 pbfactor:1.22 avgQpOffsetCutree:-4.30;
in:196 out:195 type:B q:23.21 q-aq:20.45 q-noVbv:23.21 q-Rceq:1.32 tex:35382 mv:10783 misc:2659 icu:87.75 pcu:669.50 scu:802.75 tlayer:2 pbqpoffset:1.87 pbfactor:1.24 avgQpOffsetCutree:-2.81;
in:194 out:196 type:B q:24.19 q-aq:22.88 q-noVbv:24.19 q-Rceq:1.32 tex:12300 mv:6792 misc:2116 icu:15.50 pcu:690.00 scu:854.50 tlayer:3 pbqpoffset:2.80 pbfactor:1.38 avgQpOffsetCutree:-1.50;
in:193 out:197 type:b q:27.97 q-aq:28.00 q-noVbv:27.97 q-Rceq:1.32 tex:427 mv:1182 misc:687 icu:1.50 pcu:72.25 scu:1486.25 tlayer:4 pbqpoffset:6.56 pbfactor:2.13 avgQpOffsetCutree:0.00;
in:195 out:198 type:b q:27.93 q-aq:28.00 q-noVbv:27.93 q-Rceq:1.32 tex:496 mv:1254 misc:658 icu:0.25 pcu:122.50 scu:1437.25 tlayer:4 pbqpoffset:6.56 pbfactor:2.13 avgQpOffsetCutree:0.00;
in:198 out:199 type:B q:24.20 q-aq:23.11 q-noVbv:24.20 q-Rceq:1.32 tex:11968 mv:6977 misc:1999 icu:14.50 pcu:632.50 scu:913.00 tlayer:3 pbqpoffset:2.90 pbfactor:1.40 avgQpOffsetCutree:-1.55;
in:197 out:200 type:b q:27.89 q-aq:28.00 q-noVbv:27.89 q-Rceq:1.32 tex:493 mv:1325 misc:718 icu:0.50 pcu:108.75 scu:1450.75 tlayer:4 pbqpoffset:6.56 pbfactor:2.13 avgQpOffsetCutree:0.00;
in:199 out:201 type:b q:27.85 q-aq:28.00 q-noVbv:27.85 q-Rceq:1.32 tex:185 mv:1146 misc:597 icu:0.00 pcu:109.50 scu:1450.50 tlayer:4 pbqpoffset:6.56 pbfactor:2.13 avgQpOffsetCutree:0.00;
in:204 out:202 type:B q:22.88 q-aq:20.23 q-noVbv:22.88 q-Rceq:1.32 tex:64374 mv:13741 misc:2909 icu:157.75 pcu:993.00 scu:409.25 tlayer:2 pbqpoffset:1.70 pbfactor:1.22 avgQpOffsetCutree:-2.85;
in:202 out:203 type:B q:23.82 q-aq:22.67 q-noVbv:23.82 q-Rceq:1.32 tex:15399 mv:7219 misc:2094 icu:26.50 pcu:547.50 scu:986.00 tlayer:3 pbqpoffset:2.60 pbfactor:1.35 avgQpOffsetCutree:-1.55;
in:201 out:204 type:b q:27.80 q-aq:28.00 q-noVbv:27.80 q-Rceq:1.32 tex:1668 mv:1634 misc:1010 icu:0.00 pcu:279.25 scu:1280.75 tlayer:4 pbqpoffset:6.56 pbfactor:2.13 avgQpOffsetCutree:0.00;
in:203 out:205 type:b q:27.05 q-aq:27.00 q-noVbv:27.05 q-Rceq:1.32 tex:2525 mv:1764 misc:1431 icu:0.25 pcu:301.75 scu:1258.00 tlayer:4 pbqpoffset:5.85 pbfactor:1.97 avgQpOffsetCutree:0.00;
in:206 out:206 type:B q:23.23 q-aq:22.43 q-noVbv:23.23 q-Rceq:1.32 tex:24791 mv:8893 misc:2484 icu:39.75 pcu:747.50 scu:772.75 tlayer:3 pbqpoffset:2.09 pbfactor:1.27 avgQpOffsetCutree:-1.33;
in:205 out:207 type:b q:27.04 q-aq:27.00 q-noVbv:27.04 q-Rceq:1.32 tex:1059 mv:1614 misc:831 icu:2.25 pcu:146.75 scu:1411.00 tlayer:4 pbqpoffset:5.88 pbfactor:1.97 avgQpOffsetCutree:0.00;
in:207 out:208 type:b q:26.62 q-aq:27.00 q-noVbv:26.62 q-Rceq:1.32 tex:1325 mv:2287 misc:1012 icu:1.75 pcu:224.75 scu:1333.50 tlayer:4 pbqpoffset:5.50 pbfactor:1.89 avgQpOffsetCutree:0.00;
in:224 out:209 type:k q:21.90 q-aq:17.16 q-noVbv:21.90 q-Rceq:1.32 tex:191283 mv:20089 misc:2700 icu:1555.25 pcu:4.75 scu:0.00 tlayer:0 pbqpoffset:0.52 pbfactor:1.06 avgQpOffsetCutree:-5.25;
in:216 out:210 type:B q:23.10 q-aq:20.01 q-noVbv:23.10 q-Rceq:1.32 tex:132820 mv:21228 misc:3424 icu:935.25 pcu:529.50 scu:95.25 tlayer:1 pbqpoffset:1.60 pbfactor:1.20 avgQpOffsetCutree:-3.58;
in:212 out:211 type:B q:22.90 q-aq:20.66 q-noVbv:22.90 q-Rceq:1.32 tex:60730 mv:11704 misc:3070 icu:210.75 pcu:796.00 scu:553.25 tlayer:2 pbqpoffset:1.60 pbfactor:1.20 avgQpOffsetCutree:-2.58;
in:210 out:212 type:B q:23.10 q-aq:22.24 q-noVbv:23.10 q-Rceq:1.32 tex:28680 mv:10308 misc:2788 icu:44.50 pcu:845.00 scu:670.50 tlayer:3 pbqpoffset:1.91 pbfactor:1.25 avgQpOffsetCutree:-1.48;
in:209 out:213 type:b q:26.25 q-aq:26.21 q-noVbv:26.25 q-Rceq:1.32 tex:1666 mv:2171 misc:1075 icu:1.50 pcu:234.00 scu:1324.50 tlayer:4 pbqpoffset:5.11 pbfactor:1.80 avgQpOffsetCutree:0.00;
in:211 out:214 type:b q:26.51 q-aq:27.00 q-noVbv:26.51 q-Rceq:1.32 tex:2089 mv:2401 misc:1070 icu:4.00 pcu:281.75 scu:1274.25 tlayer:4 pbqpoffset:5.26 pbfactor:1.84 avgQpOffsetCutree:0.00;
in:214 out:215 type:B q:23.63 q-aq:22.45 q-noVbv:23.63 q-Rceq:1.32 tex:25568 mv:8832 misc:2360 icu:43.50 pcu:747.00 scu:769.50 tlayer:3 pbqpoffset:2.23 pbfactor:1.29 avgQpOffsetCutree:-1.48;
in:213 out:216 type:b q:26.79 q-aq:27.00 q-noVbv:26.79 q-Rceq:1.32 tex:1798 mv:2452 misc:958 icu:6.25 pcu:217.75 scu:1336.00 tlayer:4 pbqpoffset:5.44 pbfactor:1.87 avgQpOffsetCutree:0.00;
in:215 out:217 type:b q:26.96 q-aq:27.01 q-noVbv:26.96 q-Rceq:1.32 tex:1324 mv:2030 misc:902 icu:0.50 pcu:200.50 scu:1359.00 tlayer:4 pbqpoffset:5.51 pbfactor:1.89 avgQpOffsetCutree:0.00;
in:220 out:218 type:B q:23.30 q-aq:20.61 q-noVbv:23.30 q-Rceq:1.32 tex:55818 mv:11266 misc:2916 icu:167.75 pcu:877.25 scu:515.00 tlayer:2 pbqpoffset:1.60 pbfactor:1.20 avgQpOffsetCutree:-2.72;
in:218 out:219 type:B q:24.15 q-aq:23.12 q-noVbv:24.15 q-Rceq:1.32 tex:15997 mv:8521 misc:1994 icu:23.50 pcu:665.75 scu:870.75 tlayer:3 pbqpoffset:2.55 pbfactor:1.34 avgQpOffsetCutree:-1.44;
in:217 out:220 type:b q:27.30 q-aq:27.15 q-noVbv:27.30 q-Rceq:1.32 tex:837 mv:1814 misc:861 icu:1.00 pcu:199.75 scu:1359.25 tlayer:4 pbqpoffset:5.75 pbfactor:1.94 avgQpOffsetCutree:0.00;
in:219 out:221 type:b q:27.82 q-aq:28.00 q-noVbv:27.82 q-Rceq:1.32 tex:1613 mv:1882 misc:825 icu:2.50 pcu:132.75 scu:1424.75 tlayer:4 pbqpoffset:6.17 pbfactor:2.04 avgQpOffsetCutree:0.00;
in:222 out:222 type:B q:24.54 q-aq:23.61 q-noVbv:24.54 q-Rceq:1.32 tex:13440 mv:6316 misc:1700 icu:21.75 pcu:495.25 scu:1043.00 tlayer:3 pbqpoffset:2.73 pbfactor:1.37 avgQpOffsetCutree:-1.48;
in:221 out:223 type:b q:28.22 q-aq:28.25 q-noVbv:28.22 q-Rceq:1.32 tex:1159 mv:1540 misc:765 icu:2.00 pcu:94.75 scu:1463.25 tlayer:4 pbqpoffset:6.47 pbfactor:2.11 avgQpOffsetCutree:0.00;
in:223 out:224 type:b q:28.32 q-aq:28.48 q-noVbv:28.32 q-Rceq:1.32 tex:897 mv:1654 misc:737 icu:4.00 pcu:113.00 scu:1443.00 tlayer:4 pbqpoffset:6.47 pbfactor:2.11 avgQpOffsetCutree:0.00;
in:240 out:225 type:k q:20.68 q-aq:15.73 q-noVbv:20.68 q-Rceq:1.32 tex:220554 mv:25131 misc:3187 icu:1025.00 pcu:520.50 scu:14.50 tlayer:0 pbqpoffset:0.57 pbfactor:1.07 avgQpOffsetCutree:-5.14;
in:232 out:226 type:B q:22.91 q-aq:18.72 q-noVbv:22.91 q-Rceq:1.32 tex:82326 mv:16904 misc:3330 icu:423.50 pcu:984.25 scu:152.25 tlayer:1 pbqpoffset:1.62 pbfactor:1.21 avgQpOffsetCutree:-3.95;
in:228 out:227 type:B q:24.06 q-aq:20.89 q-noVbv:24.06 q-Rceq:1.32 tex:26166 mv:6643 misc:2447 icu:107.75 pcu:642.75 scu:809.50 tlayer:2 pbqpoffset:2.46 pbfactor:1.33 avgQpOffsetCutree:-2.80;
in:226 out:228 type:B q:24.70 q-aq:23.44 q-noVbv:24.70 q-Rceq:1.32 tex:16635 mv:5387 misc:1922 icu:26.00 pcu:572.75 scu:961.25 tlayer:3 pbqpoffset:2.95 pbfactor:1.41 avgQpOffsetCutree:-1.57;
in:225 out:229 type:b q:28.31 q-aq:28.37 q-noVbv:28.31 q-Rceq:1.32 tex:1755 mv:1361 misc:700 icu:2.00 pcu:91.50 scu:1466.50 tlayer:4 pbqpoffset:6.48 pbfactor:2.12 avgQpOffsetCutree:0.00;
in:227 out:230 type:b q:28.16 q-aq:28.08 q-noVbv:28.16 q-Rceq:1.32 tex:1242 mv:1772 misc:754 icu:4.25 pcu:99.00 scu:1456.75 tlayer:4 pbqpoffset:6.48 pbfactor:2.12 avgQpOffsetCutree:0.00;
in:230 out:231 type:B q:24.74 q-aq:23.75 q-noVbv:24.74 q-Rceq:1.32 tex:12561 mv:5850 misc:1813 icu:29.25 pcu:550.25 scu:980.50 tlayer:3 pbqpoffset:3.30 pbfactor:1.46 avgQpOffsetCutree:-1.54;
in:229 out:232 type:b q:28.00 q-aq:28.20 q-noVbv:28.00 q-Rceq:1.32 tex:777 mv:1046 misc:569 icu:1.00 pcu:144.75 scu:1414.25 tlayer:4 pbqpoffset:6.48 pbfactor:2.12 avgQpOffsetCutree:0.00;
in:231 out:233 type:b q:27.85 q-aq:28.00 q-noVbv:27.85 q-Rceq:1.32 tex:1228 mv:1509 misc:807 icu:1.00 pcu:176.25 scu:1382.75 tlayer:4 pbqpoffset:6.48 pbfactor:2.12 avgQpOffsetCutree:0.00;
in:236 out:234 type:B q:23.12 q-aq:20.04 q-noVbv:23.12 q-Rceq:1.32 tex:39830 mv:9218 misc:2448 icu:100.00 pcu:757.00 scu:703.00 tlayer:2 pbqpoffset:2.14 pbfactor:1.28 avgQpOffsetCutree:-2.91;
in:234 out:235 type:B q:24.18 q-aq:23.29 q-noVbv:24.18 q-Rceq:1.32 tex:17974 mv:5998 misc:1908 icu:53.00 pcu:542.00 scu:965.00 tlayer:3 pbqpoffset:3.05 pbfactor:1.42 avgQpOffsetCutree:-1.43;
in:233 out:236 type:b q:27.70 q-aq:28.00 q-noVbv:27.70 q-Rceq:1.32 tex:1519 mv:1428 misc:645 icu:4.50 pcu:152.50 scu:1403.00 tlayer:4 pbqpoffset:6.48 pbfactor:2.12 avgQpOffsetCutree:0.00;
in:235 out:237 type:b q:27.54 q-aq:28.00 q-noVbv:27.54 q-Rceq:1.32 tex:1127 mv:1350 misc:763 icu:1.00 pcu:104.00 scu:1455.00 tlayer:4 pbqpoffset:6.48 pbfactor:2.12 avgQpOffsetCutree:0.00;
in:238 out:238 type:B q:23.67 q-aq:22.54 q-noVbv:23.67 q-Rceq:1.32 tex:18659 mv:5954 misc:1899 icu:31.50 pcu:577.75 scu:950.75 tlayer:3 pbqpoffset:2.84 pbfactor:1.39 avgQpOffsetCutree:-1.51;
in:237 out:239 type:b q:27.39 q-aq:27.46 q-noVbv:27.39 q-Rceq:1.32 tex:1275 mv:1618 misc:747 icu:2.25 pcu:99.50 scu:1458.25 tlayer:4 pbqpoffset:6.48 pbfactor:2.12 avgQpOffsetCutree:0.00;
in:239 out:240 type:b q:27.24 q-aq:27.13 q-noVbv:27.24 q-Rceq:1.32 tex:774 mv:1526 misc:820 icu:0.75 pcu:167.75 scu:1391.50 tlayer:4 pbqpoffset:6.48 pbfactor:2.12 avgQpOffsetCutree:0.00;
in:248 out:241 type:k q:22.07 q-aq:18.02 q-noVbv:22.07 q-Rceq:1.32 tex:131667 mv:22522 misc:3323 icu:620.25 pcu:878.50 scu:61.25 tlayer:0 pbqpoffset:0.59 pbfactor:1.07 avgQpOffsetCutree:-4.38;
in:244 out:242 type:B q:22.92 q-aq:20.16 q-noVbv:22.92 q-Rceq:1.32 tex:50988 mv:10707 misc:2905 icu:118.25 pcu:792.50 scu:649.25 tlayer:1 pbqpoffset:1.55 pbfactor:1.20 avgQpOffsetCutree:-2.89;
in:242 out:243 type:B q:23.57 q-aq:22.95 q-noVbv:23.57 q-Rceq:1.32 tex:11954 mv:5772 misc:1786 icu:24.75 pcu:435.00 scu:1100.25 tlayer:2 pbqpoffset:2.54 pbfactor:1.34 avgQpOffsetCutree:-1.49;
in:241 out:244 type:b q:26.05 q-aq:26.10 q-noVbv:26.05 q-Rceq:1.32 tex:1906 mv:1861 misc:945 icu:2.75 pcu:231.75 scu:1325.50 tlayer:3 pbqpoffset:5.20 pbfactor:1.82 avgQpOffsetCutree:0.00;
in:243 out:245 type:b q:26.70 q-aq:27.00 q-noVbv:26.70 q-Rceq:1.32 tex:781 mv:1418 misc:761 icu:0.25 pcu:137.00 scu:1422.75 tlayer:3 pbqpoffset:5.50 pbfactor:1.89 avgQpOffsetCutree:0.00;
in:246 out:246 type:B q:24.08 q-aq:23.10 q-noVbv:24.08 q-Rceq:1.32 tex:11983 mv:6310 misc:1667 icu:24.75 pcu:496.00 scu:1039.25 tlayer:2 pbqpoffset:2.36 pbfactor:1.31 avgQpOffsetCutree:-1.43;
in:245 out:247 type:b q:27.23 q-aq:27.09 q-noVbv:27.23 q-Rceq:1.32 tex:701 mv:1586 misc:801 icu:0.75 pcu:168.00 scu:1391.25 tlayer:3 pbqpoffset:5.68 pbfactor:1.93 avgQpOffsetCutree:0.00;
in:247 out:248 type:b q:27.13 q-aq:27.01 q-noVbv:27.13 q-Rceq:1.32 tex:1063 mv:1497 misc:808 icu:1.25 pcu:126.00 scu:1432.75 tlayer:3 pbqpoffset:5.24 pbfactor:1.83 avgQpOffsetCutree:0.00;
in:264 out:249 type:k q:20.96 q-aq:16.48 q-noVbv:20.96 q-Rceq:1.32 tex:223996 mv:21770 misc:2906 icu:1520.25 pcu:39.75 scu:0.00 tlayer:0 pbqpoffset:0.56 pbfactor:1.07 avgQpOffsetCutree:-5.00;
in:256 out:250 type:B q:23.09 q-aq:19.47 q-noVbv:23.09 q-Rceq:1.32 tex:124155 mv:22049 misc:3196 icu:931.00 pcu:520.25 scu:108.75 tlayer:1 pbqpoffset:1.58 pbfactor:1.20 avgQpOffsetCutree:-3.87;
in:252 out:251 type:B q:23.37 q-aq:20.54 q-noVbv:23.37 q-Rceq:1.32 tex:46300 mv:10218 misc:3034 icu:149.00 pcu:1034.50 scu:376.50 tlayer:2 pbqpoffset:1.58 pbfactor:1.20 avgQpOffsetCutree:-2.90;
in:250 out:252 type:B q:24.63 q-aq:23.64 q-noVbv:24.63 q-Rceq:1.32 tex:11456 mv:5978 misc:1862 icu:28.50 pcu:510.75 scu:1020.75 tlayer:3 pbqpoffset:2.71 pbfactor:1.37 avgQpOffsetCutree:-1.47;
in:249 out:253 type:b q:28.17 q-aq:28.00 q-noVbv:28.17 q-Rceq:1.32 tex:187 mv:1474 misc:683 icu:0.00 pcu:166.75 scu:1393.25 tlayer:4 pbqpoffset:6.17 pbfactor:2.04 avgQpOffsetCutree:0.00;
in:251 out:254 type:b q:28.30 q-aq:28.05 q-noVbv:28.30 q-Rceq:1.32 tex:605 mv:1350 misc:669 icu:1.00 pcu:136.75 scu:1422.25 tlayer:4 pbqpoffset:6.45 pbfactor:2.11 avgQpOffsetCutree:0.00;
in:254 out:255 type:B q:24.54 q-aq:23.43 q-noVbv:24.54 q-Rceq:1.32 tex:14741 mv:6086 misc:2173 icu:22.50 pcu:695.00 scu:842.50 tlayer:3 pbqpoffset:2.89 pbfactor:1.40 avgQpOffsetCutree:-1.48;
in:253 out:256 type:b q:28.17 q-aq:28.00 q-noVbv:28.17 q-Rceq:1.32 tex:532 mv:1122 misc:594 icu:0.00 pcu:176.75 scu:1383.25 tlayer:4 pbqpoffset:6.45 pbfactor:2.11 avgQpOffsetCutree:0.00;
in:255 out:257 type:b q:28.03 q-aq:28.00 q-noVbv:28.03 q-Rceq:1.32 tex:576 mv:1364 misc:684 icu:0.00 pcu:130.25 scu:1429.75 tlayer:4 pbqpoffset:6.45 pbfactor:2.11 avgQpOffsetCutree:0.00;
in:260 out:258 type:B q:22.82 q-aq:20.44 q-noVbv:22.82 q-Rceq:1.32 tex:45185 mv:9906 misc:2453 icu:165.25 pcu:934.00 scu:460.75 tlayer:2 pbqpoffset:1.58 pbfactor:1.20 avgQpOffsetCutree:-2.61;
in:258 out:259 type:B q:24.15 q-aq:23.53 q-noVbv:24.15 q-Rceq:1.32 tex:12811 mv:6392 misc:1733 icu:34.75 pcu:538.75 scu:986.50 tlayer:3 pbqpoffset:2.77 pbfactor:1.38 avgQpOffsetCutree:-1.52;
in:257 out:260 type:b q:27.58 q-aq:28.00 q-noVbv:27.58 q-Rceq:1.32 tex:815 mv:1693 misc:772 icu:1.00 pcu:181.50 scu:1377.50 tlayer:4 pbqpoffset:6.14 pbfactor:2.03 avgQpOffsetCutree:0.00;
in:259 out:261 type:b q:27.36 q-aq:27.38 q-noVbv:27.36 q-Rceq:1.32 tex:1285 mv:1981 misc:878 icu:3.00 pcu:320.00 scu:1237.00 tlayer:4 pbqpoffset:6.06 pbfactor:2.01 avgQpOffsetCutree:0.00;
in:262 out:262 type:B q:24.01 q-aq:22.98 q-noVbv:24.01 q-Rceq:1.32 tex:15513 mv:6256 misc:1519 icu:31.50 pcu:578.75 scu:949.75 tlayer:3 pbqpoffset:2.91 pbfactor:1.40 avgQpOffsetCutree:-1.55;
in:261 out:263 type:b q:27.61 q-aq:28.00 q-noVbv:27.61 q-Rceq:1.32 tex:1004 mv:1701 misc:815 icu:2.50 pcu:168.75 scu:1388.75 tlayer:4 pbqpoffset:6.45 pbfactor:2.11 avgQpOffsetCutree:0.00;
in:263 out:264 type:b q:27.46 q-aq:27.49 q-noVbv:27.46 q-Rceq:1.32 tex:1090 mv:1605 misc:801 icu:2.25 pcu:170.25 scu:1387.50 tlayer:4 pbqpoffset:6.43 pbfactor:2.10 avgQpOffsetCutree:0.00;
in:272 out:265 type:k q:21.23 q-aq:17.15 q-noVbv:21.23 q-Rceq:1.32 tex:119358 mv:18376 misc:3170 icu:741.75 pcu:722.50 scu:95.75 tlayer:0 pbqpoffset:0.71 pbfactor:1.09 avgQpOffsetCutree:-4.29;
in:268 out:266 type:B q:22.58 q-aq:20.04 q-noVbv:22.58 q-Rceq:1.32 tex:43459 mv:9908 misc:2633 icu:126.75 pcu:853.50 scu:579.75 tlayer:1 pbqpoffset:1.48 pbfactor:1.19 avgQpOffsetCutree:-2.67;
in:266 out:267 type:B q:22.51 q-aq:21.75 q-noVbv:22.51 q-Rceq:1.32 tex:18238 mv:6527 misc:2003 icu:35.25 pcu:579.50 scu:945.25 tlayer:2 pbqpoffset:1.48 pbfactor:1.19 avgQpOffsetCutree:-1.44;
in:265 out:268 type:b q:24.44 q-aq:24.51 q-noVbv:24.44 q-Rceq:1.32 tex:2440 mv:1975 misc:1073 icu:0.50 pcu:265.00 scu:1294.50 tlayer:3 pbqpoffset:3.45 pbfactor:1.49 avgQpOffsetCutree:0.00;
in:267 out:269 type:b q:24.26 q-aq:24.39 q-noVbv:24.26 q-Rceq:1.32 tex:3959 mv:2271 misc:1194 icu:1.50 pcu:277.25 scu:1281.25 tlayer:3 pbqpoffset:3.20 pbfactor:1.45 avgQpOffsetCutree:0.00;
in:270 out:270 type:B q:22.86 q-aq:22.17 q-noVbv:22.86 q-Rceq:1.32 tex:16941 mv:6152 misc:1811 icu:23.25 pcu:585.25 scu:951.50 tlayer:2 pbqpoffset:1.69 pbfactor:1.22 avgQpOffsetCutree:-1.42;
in:269 out:271 type:b q:24.51 q-aq:24.93 q-noVbv:24.51 q-Rceq:1.32 tex:2852 mv:2050 misc:1074 icu:6.25 pcu:200.50 scu:1353.25 tlayer:3 pbqpoffset:3.38 pbfactor:1.48 avgQpOffsetCutree:0.00;
in:271 out:272 type:b q:24.77 q-aq:25.00 q-noVbv:24.77 q-Rceq:1.32 tex:2159 mv:1783 misc:946 icu:1.25 pcu:220.25 scu:1338.50 tlayer:3 pbqpoffset:3.58 pbfactor:1.51 avgQpOffsetCutree:0.00;
in:280 out:273 type:k q:21.33 q-aq:17.65 q-noVbv:21.33 q-Rceq:1.32 tex:129189 mv:18824 misc:3267 icu:657.50 pcu:847.50 scu:55.00 tlayer:0 pbqpoffset:0.47 pbfactor:1.06 avgQpOffsetCutree:-3.88;
in:276 out:274 type:B q:23.01 q-aq:20.49 q-noVbv:23.01 q-Rceq:1.32 tex:29531 mv:8497 misc:1948 icu:105.00 pcu:823.25 scu:631.75 tlayer:1 pbqpoffset:1.74 pbfactor:1.22 avgQpOffsetCutree:-2.53;
in:274 out:275 type:B q:24.15 q-aq:23.13 q-noVbv:24.15 q-Rceq:1.32 tex:17180 mv:5539 misc:1881 icu:39.50 pcu:686.25 scu:834.25 tlayer:2 pbqpoffset:2.90 pbfactor:1.40 avgQpOffsetCutree:-1.49;
in:273 out:276 type:b q:27.23 q-aq:27.11 q-noVbv:27.23 q-Rceq:1.32 tex:1077 mv:1480 misc:851 icu:4.25 pcu:193.50 scu:1362.25 tlayer:3 pbqpoffset:5.99 pbfactor:2.00 avgQpOffsetCutree:0.00;
in:275 out:277 type:b q:27.41 q-aq:27.28 q-noVbv:27.41 q-Rceq:1.32 tex:1227 mv:1540 misc:729 icu:1.25 pcu:179.75 scu:1379.00 tlayer:3 pbqpoffset:6.14 pbfactor:2.03 avgQpOffsetCutree:0.00;
in:278 out:278 type:B q:23.67 q-aq:22.75 q-noVbv:23.67 q-Rceq:1.32 tex:19096 mv:6655 misc:1777 icu:26.50 pcu:721.75 scu:811.75 tlayer:2 pbqpoffset:2.36 pbfactor:1.31 avgQpOffsetCutree:-1.51;
in:277 out:279 type:b q:26.99 q-aq:27.04 q-noVbv:26.99 q-Rceq:1.32 tex:1188 mv:2025 misc:875 icu:0.50 pcu:138.00 scu:1421.50 tlayer:3 pbqpoffset:5.70 pbfactor:1.93 avgQpOffsetCutree:0.00;
in:279 out:280 type:b q:26.94 q-aq:27.00 q-noVbv:26.94 q-Rceq:1.32 tex:839 mv:1616 misc:801 icu:0.50 pcu:162.00 scu:1397.50 tlayer:3 pbqpoffset:5.63 pbfactor:1.92 avgQpOffsetCutree:0.00;
in:296 out:281 type:k q:20.83 q-aq:15.99 q-noVbv:20.83 q-Rceq:1.32 tex:225218 mv:24592 misc:3182 icu:1549.50 pcu:10.50 scu:0.00 tlayer:0 pbqpoffset:0.48 pbfactor:1.06 avgQpOffsetCutree:-5.26;
in:288 out:282 type:B q:22.76 q-aq:19.29 q-noVbv:22.76 q-Rceq:1.32 tex:128588 mv:20917 misc:2823 icu:1234.25 pcu:263.50 scu:62.25 tlayer:1 pbqpoffset:1.68 pbfactor:1.21 avgQpOffsetCutree:-3.81;
in:284 out:283 type:B q:23.11 q-aq:20.53 q-noVbv:23.11 q-Rceq:1.32 tex:41876 mv:11137 misc:2491 icu:152.00 pcu:918.75 scu:489.25 tlayer:2 pbqpoffset:1.91 pbfactor:1.25 avgQpOffsetCutree:-2.62;
in:282 out:284 type:B q:24.81 q-aq:23.76 q-noVbv:24.81 q-Rceq:1.32 tex:10926 mv:6429 misc:1813 icu:29.50 pcu:711.00 scu:819.50 tlayer:3 pbqpoffset:3.54 pbfactor:1.51 avgQpOffsetCutree:-1.48;
in:281 out:285 type:b q:27.84 q-aq:28.04 q-noVbv:27.84 q-Rceq:1.32 tex:1009 mv:2009 misc:886 icu:5.50 pcu:207.75 scu:1346.75 tlayer:4 pbqpoffset:6.54 pbfactor:2.13 avgQpOffsetCutree:0.00;
in:283 out:286 type:b q:27.78 q-aq:28.03 q-noVbv:27.78 q-Rceq:1.32 tex:2447 mv:1878 misc:971 icu:2.25 pcu:228.50 scu:1329.25 tlayer:4 pbqpoffset:6.54 pbfactor:2.13 avgQpOffsetCutree:0.00;
in:286 out:287 type:B q:24.56 q-aq:23.92 q-noVbv:24.56 q-Rceq:1.32 tex:12145 mv:6767 misc:1808 icu:15.00 pcu:535.00 scu:1010.00 tlayer:3 pbqpoffset:3.41 pbfactor:1.48 avgQpOffsetCutree:-1.38;
in:285 out:288 type:b q:27.72 q-aq:28.00 q-noVbv:27.72 q-Rceq:1.32 tex:3160 mv:1759 misc:1081 icu:0.00 pcu:318.75 scu:1241.25 tlayer:4 pbqpoffset:6.54 pbfactor:2.13 avgQpOffsetCutree:0.00;
in:287 out:289 type:b q:27.65 q-aq:28.00 q-noVbv:27.65 q-Rceq:1.32 tex:217 mv:1631 misc:768 icu:0.25 pcu:238.50 scu:1321.25 tlayer:4 pbqpoffset:6.54 pbfactor:2.13 avgQpOffsetCutree:0.00;
in:292 out:290 type:B q:22.84 q-aq:20.25 q-noVbv:22.84 q-Rceq:1.32 tex:46403 mv:11928 misc:2717 icu:121.25 pcu:892.25 scu:546.50 tlayer:2 pbqpoffset:1.88 pbfactor:1.24 avgQpOffsetCutree:-2.56;
in:290 out:291 type:B q:24.56 q-aq:23.31 q-noVbv:24.56 q-Rceq:1.32 tex:11329 mv:7780 misc:1899 icu:17.75 pcu:508.50 scu:1033.75 tlayer:3 pbqpoffset:3.54 pbfactor:1.51 avgQpOffsetCutree:-1.40;
in:289 out:292 type:b q:27.59 q-aq:28.00 q-noVbv:27.59 q-Rceq:1.32 tex:914 mv:1798 misc:696 icu:0.50 pcu:146.75 scu:1412.75 tlayer:4 pbqpoffset:6.54 pbfactor:2.13 avgQpOffsetCutree:0.00;
in:291 out:293 type:b q:27.53 q-aq:28.00 q-noVbv:27.53 q-Rceq:1.32 tex:473 mv:1375 misc:712 icu:0.75 pcu:78.00 scu:1481.25 tlayer:4 pbqpoffset:6.54 pbfactor:2.13 avgQpOffsetCutree:0.00;
in:294 out:294 type:B q:24.30 q-aq:23.12 q-noVbv:24.30 q-Rceq:1.32 tex:21092 mv:8195 misc:2281 icu:22.50 pcu:662.25 scu:875.25 tlayer:3 pbqpoffset:3.40 pbfactor:1.48 avgQpOffsetCutree:-1.35;
in:293 out:295 type:b q:27.47 q-aq:27.22 q-noVbv:27.47 q-Rceq:1.32 tex:535 mv:1906 misc:887 icu:1.50 pcu:224.00 scu:1334.50 tlayer:4 pbqpoffset:6.54 pbfactor:2.13 avgQpOffsetCutree:0.00;
in:295 out:296 type:b q:27.41 q-aq:27.41 q-noVbv:27.41 q-Rceq:1.32 tex:462 mv:1498 misc:744 icu:0.75 pcu:197.75 scu:1361.50 tlayer:4 pbqpoffset:6.54 pbfactor:2.13 avgQpOffsetCutree:0.00;
in:312 out:297 type:k q:20.83 q-aq:16.63 q-noVbv:20.83 q-Rceq:1.32 tex:255132 mv:29229 misc:3567 icu:1170.75 pcu:358.50 scu:30.75 tlayer:0 pbqpoffset:0.42 pbfactor:1.05 avgQpOffsetCutree:-4.73;
in:304 out:298 type:B q:22.63 q-aq:18.81 q-noVbv:22.63 q-Rceq:1.32 tex:147035 mv:23337 misc:3420 icu:546.75 pcu:804.25 scu:209.00 tlayer:1 pbqpoffset:1.80 pbfactor:1.23 avgQpOffsetCutree:-3.96;
in:300 out:299 type:B q:22.69 q-aq:20.46 q-noVbv:22.69 q-Rceq:1.32 tex:69330 mv:12529 misc:2917 icu:136.75 pcu:760.25 scu:663.00 tlayer:2 pbqpoffset:1.86 pbfactor:1.24 avgQpOffsetCutree:-2.53;
in:298 out:300 type:B q:24.06 q-aq:22.67 q-noVbv:24.06 q-Rceq:1.32 tex:24766 mv:7966 misc:2428 icu:17.25 pcu:748.75 scu:794.00 tlayer:3 pbqpoffset:3.23 pbfactor:1.45 avgQpOffsetCutree:-1.54;
in:297 out:301 type:b q:27.50 q-aq:27.40 q-noVbv:27.50 q-Rceq:1.32 tex:340 mv:1535 misc:717 icu:0.25 pcu:197.50 scu:1362.25 tlayer:4 pbqpoffset:6.67 pbfactor:2.16 avgQpOffsetCutree:0.00;
in:299 out:302 type:b q:27.50 q-aq:27.35 q-noVbv:27.50 q-Rceq:1.32 tex:361 mv:1504 misc:759 icu:0.75 pcu:192.25 scu:1367.00 tlayer:4 pbqpoffset:6.67 pbfactor:2.16 avgQpOffsetCutree:0.00;
in:302 out:303 type:B q:24.50 q-aq:23.59 q-noVbv:24.50 q-Rceq:1.32 tex:10662 mv:7235 misc:1919 icu:11.50 pcu:555.00 scu:993.50 tlayer:3 pbqpoffset:3.67 pbfactor:1.53 avgQpOffsetCutree:-1.34;
in:301 out:304 type:b q:26.49 q-aq:26.56 q-noVbv:26.49 q-Rceq:1.32 tex:4678 mv:1757 misc:1317 icu:0.00 pcu:595.00 scu:965.00 tlayer:4 pbqpoffset:5.66 pbfactor:1.92 avgQpOffsetCutree:0.00;
in:303 out:305 type:b q:27.50 q-aq:27.51 q-noVbv:27.50 q-Rceq:1.32 tex:259 mv:1255 misc:630 icu:0.50 pcu:152.25 scu:1407.25 tlayer:4 pbqpoffset:6.67 pbfactor:2.16 avgQpOffsetCutree:0.00;
in:308 out:306 type:B q:22.64 q-aq:19.76 q-noVbv:22.64 q-Rceq:1.32 tex:64640 mv:12065 misc:2823 icu:153.25 pcu:1007.50 scu:399.25 tlayer:2 pbqpoffset:1.82 pbfactor:1.23 avgQpOffsetCutree:-2.94;
in:306 out:307 type:B q:24.50 q-aq:23.35 q-noVbv:24.50 q-Rceq:1.32 tex:13153 mv:6842 misc:1989 icu:18.75 pcu:525.00 scu:1016.25 tlayer:3 pbqpoffset:3.67 pbfactor:1.53 avgQpOffsetCutree:-1.51;
in:305 out:308 type:b q:27.50 q-aq:27.47 q-noVbv:27.50 q-Rceq:1.32 tex:790 mv:1376 misc:746 icu:0.75 pcu:158.50 scu:1400.75 tlayer:4 pbqpoffset:6.67 pbfactor:2.16 avgQpOffsetCutree:0.00;
in:307 out:309 type:b q:27.50 q-aq:27.51 q-noVbv:27.50 q-Rceq:1.32 tex:502 mv:1379 misc:743 icu:0.00 pcu:149.25 scu:1410.75 tlayer:4 pbqpoffset:6.67 pbfactor:2.16 avgQpOffsetCutree:0.00;
in:310 out:310 type:B q:23.96 q-aq:23.20 q-noVbv:23.96 q-Rceq:1.32 tex:22162 mv:8224 misc:1990 icu:74.00 pcu:493.00 scu:993.00 tlayer:3 pbqpoffset:3.14 pbfactor:1.44 avgQpOffsetCutree:-1.48;
in:309 out:311 type:b q:27.50 q-aq:27.56 q-noVbv:27.50 q-Rceq:1.32 tex:1902 mv:1888 misc:1010 icu:2.00 pcu:195.50 scu:1362.50 tlayer:4 pbqpoffset:6.67 pbfactor:2.16 avgQpOffsetCutree:0.00;
in:311 out:312 type:b q:27.49 q-aq:27.51 q-noVbv:27.49 q-Rceq:1.32 tex:2357 mv:2070 misc:909 icu:8.50 pcu:235.00 scu:1316.50 tlayer:4 pbqpoffset:6.67 pbfactor:2.16 avgQpOffsetCutree:0.00;
in:316 out:313 type:k q:23.89 q-aq:19.67 q-noVbv:23.89 q-Rceq:1.32 tex:164134 mv:20297 misc:3209 icu:810.25 pcu:695.75 scu:54.00 tlayer:0 pbqpoffset:0.45 pbfactor:1.05 avgQpOffsetCutree:-4.36;
in:314 out:314 type:B q:23.98 q-aq:23.15 q-noVbv:23.98 q-Rceq:1.32 tex:27176 mv:8160 misc:2424 icu:78.00 pcu:840.25 scu:641.75 tlayer:1 pbqpoffset:1.62 pbfactor:1.21 avgQpOffsetCutree:-1.42;
in:313 out:315 type:b q:25.40 q-aq:25.46 q-noVbv:25.40 q-Rceq:1.32 tex:3127 mv:2433 misc:1168 icu:10.50 pcu:246.75 scu:1302.75 tlayer:2 pbqpoffset:3.81 pbfactor:1.55 avgQpOffsetCutree:0.00;
in:315 out:316 type:b q:28.05 q-aq:28.02 q-noVbv:28.05 q-Rceq:1.32 tex:688 mv:1830 misc:778 icu:0.50 pcu:192.25 scu:1367.25 tlayer:2 pbqpoffset:4.92 pbfactor:1.77 avgQpOffsetCutree:0.00;
in:332 out:317 type:k q:21.66 q-aq:17.45 q-noVbv:21.66 q-Rceq:1.32 tex:211566 mv:22087 misc:2899 icu:1514.25 pcu:45.00 scu:0.75 tlayer:0 pbqpoffset:0.35 pbfactor:1.04 avgQpOffsetCutree:-4.25;
in:324 out:318 type:B q:24.32 q-aq:20.52 q-noVbv:24.32 q-Rceq:1.32 tex:149897 mv:19861 misc:3146 icu:770.00 pcu:747.50 scu:42.50 tlayer:1 pbqpoffset:1.54 pbfactor:1.20 avgQpOffsetCutree:-3.81;
in:320 out:319 type:B q:24.88 q-aq:22.16 q-noVbv:24.88 q-Rceq:1.32 tex:102966 mv:19844 misc:3310 icu:690.00 pcu:651.00 scu:219.00 tlayer:2 pbqpoffset:1.54 pbfactor:1.20 avgQpOffsetCutree:-2.78;
in:318 out:320 type:B q:26.68 q-aq:25.90 q-noVbv:26.68 q-Rceq:1.32 tex:7391 mv:5496 misc:1513 icu:18.50 pcu:526.50 scu:1015.00 tlayer:3 pbqpoffset:3.08 pbfactor:1.43 avgQpOffsetCutree:-1.47;
in:317 out:321 type:b q:30.16 q-aq:30.06 q-noVbv:30.16 q-Rceq:1.32 tex:882 mv:1741 misc:769 icu:0.50 pcu:204.00 scu:1355.50 tlayer:4 pbqpoffset:6.41 pbfactor:2.10 avgQpOffsetCutree:0.00;
in:319 out:322 type:b q:29.61 q-aq:30.00 q-noVbv:29.61 q-Rceq:1.32 tex:576 mv:1257 misc:639 icu:5.00 pcu:127.00 scu:1428.00 tlayer:4 pbqpoffset:6.14 pbfactor:2.03 avgQpOffsetCutree:0.00;
in:322 out:323 type:B q:25.60 q-aq:24.64 q-noVbv:25.60 q-Rceq:1.32 tex:13275 mv:5630 misc:1431 icu:75.00 pcu:436.50 scu:1048.50 tlayer:3 pbqpoffset:2.55 pbfactor:1.34 avgQpOffsetCutree:-1.46;
in:321 out:324 type:b q:29.60 q-aq:30.00 q-noVbv:29.60 q-Rceq:1.32 tex:1090 mv:1691 misc:771 icu:9.00 pcu:184.50 scu:1366.50 tlayer:4 pbqpoffset:6.41 pbfactor:2.10 avgQpOffsetCutree:0.00;
in:323 out:325 type:b q:28.28 q-aq:28.16 q-noVbv:28.28 q-Rceq:1.32 tex:1529 mv:1957 misc:890 icu:7.50 pcu:293.00 scu:1259.50 tlayer:4 pbqpoffset:5.37 pbfactor:1.86 avgQpOffsetCutree:0.00;
in:328 out:326 type:B q:23.76 q-aq:21.17 q-noVbv:23.76 q-Rceq:1.32 tex:97424 mv:18261 misc:3219 icu:409.25 pcu:950.50 scu:200.25 tlayer:2 pbqpoffset:1.54 pbfactor:1.20 avgQpOffsetCutree:-2.63;
in:326 out:327 type:B q:24.82 q-aq:24.09 q-noVbv:24.82 q-Rceq:1.32 tex:14026 mv:5860 misc:1650 icu:55.00 pcu:697.25 scu:807.75 tlayer:3 pbqpoffset:2.32 pbfactor:1.31 avgQpOffsetCutree:-1.25;
in:325 out:328 type:b q:27.70 q-aq:28.00 q-noVbv:27.70 q-Rceq:1.32 tex:2198 mv:1992 misc:890 icu:7.50 pcu:219.00 scu:1333.50 tlayer:4 pbqpoffset:5.07 pbfactor:1.80 avgQpOffsetCutree:0.00;
in:327 out:329 type:b q:27.38 q-aq:27.49 q-noVbv:27.38 q-Rceq:1.32 tex:1813 mv:1880 misc:883 icu:2.25 pcu:273.75 scu:1284.00 tlayer:4 pbqpoffset:5.03 pbfactor:1.79 avgQpOffsetCutree:0.00;
in:330 out:330 type:B q:24.42 q-aq:23.52 q-noVbv:24.42 q-Rceq:1.32 tex:17334 mv:6963 misc:1775 icu:28.50 pcu:666.50 scu:865.00 tlayer:3 pbqpoffset:2.48 pbfactor:1.33 avgQpOffsetCutree:-1.49;
in:329 out:331 type:b q:27.75 q-aq:28.00 q-noVbv:27.75 q-Rceq:1.32 tex:1397 mv:1992 misc:811 icu:3.00 pcu:221.50 scu:1335.50 tlayer:4 pbqpoffset:5.68 pbfactor:1.93 avgQpOffsetCutree:0.00;
in:331 out:332 type:b q:27.35 q-aq:27.20 q-noVbv:27.35 q-Rceq:1.32 tex:2820 mv:1904 misc:1012 icu:3.25 pcu:349.25 scu:1207.50 tlayer:4 pbqpoffset:5.55 pbfactor:1.90 avgQpOffsetCutree:0.00;
in:340 out:333 type:k q:23.97 q-aq:20.68 q-noVbv:23.97 q-Rceq:1.32 tex:120386 mv:15772 misc:2570 icu:1235.00 pcu:317.75 scu:7.25 tlayer:0 pbqpoffset:0.31 pbfactor:1.04 avgQpOffsetCutree:-3.56;
in:336 out:334 type:B q:24.46 q-aq:22.13 q-noVbv:24.46 q-Rceq:1.32 tex:80842 mv:16140 misc:2946 icu:623.50 pcu:796.00 scu:140.50 tlayer:1 pbqpoffset:1.64 pbfactor:1.21 avgQpOffsetCutree:-2.51;
in:334 out:335 type:B q:24.29 q-aq:23.78 q-noVbv:24.29 q-Rceq:1.32 tex:17733 mv:6693 misc:1870 icu:35.75 pcu:805.00 scu:719.25 tlayer:2 pbqpoffset:2.06 pbfactor:1.27 avgQpOffsetCutree:-1.26;
in:333 out:336 type:b q:26.57 q-aq:27.00 q-noVbv:26.57 q-Rceq:1.32 tex:1560 mv:1961 misc:871 icu:3.75 pcu:177.25 scu:1379.00 tlayer:3 pbqpoffset:4.62 pbfactor:1.71 avgQpOffsetCutree:0.00;
in:335 out:337 type:b q:26.72 q-aq:27.00 q-noVbv:26.72 q-Rceq:1.32 tex:1704 mv:1496 misc:744 icu:1.50 pcu:155.00 scu:1403.50 tlayer:3 pbqpoffset:4.20 pbfactor:1.62 avgQpOffsetCutree:0.00;
in:338 out:338 type:B q:25.73 q-aq:24.88 q-noVbv:25.73 q-Rceq:1.32 tex:14602 mv:6586 misc:1796 icu:28.50 pcu:680.25 scu:851.25 tlayer:2 pbqpoffset:2.34 pbfactor:1.31 avgQpOffsetCutree:-1.29;
in:337 out:339 type:b q:27.99 q-aq:28.34 q-noVbv:27.99 q-Rceq:1.32 tex:1261 mv:1677 misc:790 icu:1.50 pcu:275.25 scu:1283.25 tlayer:3 pbqpoffset:4.89 pbfactor:1.76 avgQpOffsetCutree:0.00;
in:339 out:340 type:b q:28.76 q-aq:29.01 q-noVbv:28.76 q-Rceq:1.32 tex:830 mv:1744 misc:698 icu:2.50 pcu:168.00 scu:1389.50 tlayer:3 pbqpoffset:5.08 pbfactor:1.80 avgQpOffsetCutree:0.00;
in:344 out:341 type:k q:23.73 q-aq:20.66 q-noVbv:23.73 q-Rceq:1.32 tex:90557 mv:15183 misc:2628 icu:746.75 pcu:714.25 scu:99.00 tlayer:0 pbqpoffset:0.38 pbfactor:1.04 avgQpOffsetCutree:-3.00;
in:342 out:342 type:B q:25.62 q-aq:24.61 q-noVbv:25.62 q-Rceq:1.32 tex:9437 mv:4910 misc:1525 icu:28.75 pcu:660.75 scu:870.50 tlayer:1 pbqpoffset:1.77 pbfactor:1.23 avgQpOffsetCutree:-1.39;
in:341 out:343 type:b q:27.92 q-aq:28.00 q-noVbv:27.92 q-Rceq:1.32 tex:845 mv:1662 misc:741 icu:2.00 pcu:234.00 scu:1324.00 tlayer:2 pbqpoffset:4.01 pbfactor:1.59 avgQpOffsetCutree:0.00;
in:343 out:344 type:b q:28.09 q-aq:28.14 q-noVbv:28.09 q-Rceq:1.32 tex:1023 mv:1514 misc:735 icu:0.25 pcu:130.75 scu:1429.00 tlayer:2 pbqpoffset:4.30 pbfactor:1.64 avgQpOffsetCutree:0.00;
in:352 out:345 type:k q:22.51 q-aq:18.34 q-noVbv:22.51 q-Rceq:1.32 tex:132794 mv:18250 misc:2556 icu:1535.25 pcu:24.75 scu:0.00 tlayer:0 pbqpoffset:0.54 pbfactor:1.06 avgQpOffsetCutree:-4.24;
in:348 out:346 type:B q:24.71 q-aq:22.21 q-noVbv:24.71 q-Rceq:1.32 tex:23239 mv:7363 misc:1734 icu:108.75 pcu:736.50 scu:714.75 tlayer:1 pbqpoffset:1.58 pbfactor:1.20 avgQpOffsetCutree:-2.30;
in:346 out:347 type:B q:26.45 q-aq:25.30 q-noVbv:26.45 q-Rceq:1.32 tex:10371 mv:4969 misc:1356 icu:34.25 pcu:1391.25 scu:134.50 tlayer:2 pbqpoffset:3.03 pbfactor:1.42 avgQpOffsetCutree:-1.33;
in:345 out:348 type:b q:29.77 q-aq:30.00 q-noVbv:29.77 q-Rceq:1.32 tex:529 mv:1229 misc:602 icu:1.50 pcu:123.75 scu:1434.75 tlayer:3 pbqpoffset:6.20 pbfactor:2.05 avgQpOffsetCutree:0.00;
in:347 out:349 type:b q:29.68 q-aq:30.00 q-noVbv:29.68 q-Rceq:1.32 tex:828 mv:1234 misc:586 icu:6.00 pcu:88.50 scu:1465.50 tlayer:3 pbqpoffset:6.41 pbfactor:2.10 avgQpOffsetCutree:0.00;
in:350 out:350 type:B q:25.84 q-aq:24.93 q-noVbv:25.84 q-Rceq:1.32 tex:7823 mv:3820 misc:1429 icu:17.50 pcu:493.25 scu:1049.25 tlayer:2 pbqpoffset:3.03 pbfactor:1.42 avgQpOffsetCutree:-1.35;
in:349 out:351 type:b q:29.41 q-aq:29.28 q-noVbv:29.41 q-Rceq:1.32 tex:542 mv:1226 misc:608 icu:1.25 pcu:113.25 scu:1445.50 tlayer:3 pbqpoffset:6.44 pbfactor:2.10 avgQpOffsetCutree:0.00;
in:351 out:352 type:b q:29.10 q-aq:29.00 q-noVbv:29.10 q-Rceq:1.32 tex:540 mv:1088 misc:612 icu:0.25 pcu:128.75 scu:1431.00 tlayer:3 pbqpoffset:6.44 pbfactor:2.10 avgQpOffsetCutree:0.00;
in:368 out:353 type:k q:20.22 q-aq:15.30 q-noVbv:20.22 q-Rceq:1.32 tex:222725 mv:25688 misc:3011 icu:1491.00 pcu:66.75 scu:2.25 tlayer:0 pbqpoffset:0.67 pbfactor:1.08 avgQpOffsetCutree:-4.98;
in:360 out:354 type:B q:23.04 q-aq:20.01 q-noVbv:23.04 q-Rceq:1.32 tex:91584 mv:16135 misc:2737 icu:564.75 pcu:782.75 scu:212.50 tlayer:1 pbqpoffset:1.67 pbfactor:1.21 avgQpOffsetCutree:-3.50;
in:356 out:355 type:B q:23.91 q-aq:21.63 q-noVbv:23.91 q-Rceq:1.32 tex:33689 mv:7733 misc:2138 icu:105.75 pcu:681.75 scu:772.50 tlayer:2 pbqpoffset:1.97 pbfactor:1.26 avgQpOffsetCutree:-2.56;
in:354 out:356 type:B q:25.76 q-aq:24.93 q-noVbv:25.76 q-Rceq:1.32 tex:8449 mv:4770 misc:1717 icu:16.25 pcu:479.50 scu:1064.25 tlayer:3 pbqpoffset:3.53 pbfactor:1.50 avgQpOffsetCutree:-1.31;
in:353 out:357 type:b q:28.90 q-aq:29.00 q-noVbv:28.90 q-Rceq:1.32 tex:521 mv:1430 misc:681 icu:0.00 pcu:150.25 scu:1409.75 tlayer:4 pbqpoffset:6.53 pbfactor:2.13 avgQpOffsetCutree:0.00;
in:355 out:358 type:b q:28.62 q-aq:29.00 q-noVbv:28.62 q-Rceq:1.32 tex:544 mv:1202 misc:686 icu:0.25 pcu:106.50 scu:1453.25 tlayer:4 pbqpoffset:6.53 pbfactor:2.13 avgQpOffsetCutree:0.00;
in:358 out:359 type:B q:25.19 q-aq:23.78 q-noVbv:25.19 q-Rceq:1.32 tex:9726 mv:5164 misc:1694 icu:36.75 pcu:466.25 scu:1057.00 tlayer:3 pbqpoffset:3.53 pbfactor:1.50 avgQpOffsetCutree:-1.33;
in:357 out:360 type:b q:28.33 q-aq:28.26 q-noVbv:28.33 q-Rceq:1.32 tex:655 mv:1225 misc:648 icu:0.25 pcu:143.00 scu:1416.75 tlayer:4 pbqpoffset:6.53 pbfactor:2.13 avgQpOffsetCutree:0.00;
in:359 out:361 type:b q:28.04 q-aq:28.02 q-noVbv:28.04 q-Rceq:1.32 tex:751 mv:1144 misc:585 icu:1.00 pcu:80.25 scu:1478.75 tlayer:4 pbqpoffset:6.53 pbfactor:2.13 avgQpOffsetCutree:0.00;
in:364 out:362 type:B q:22.80 q-aq:20.16 q-noVbv:22.80 q-Rceq:1.32 tex:48216 mv:8556 misc:2452 icu:89.00 pcu:795.00 scu:676.00 tlayer:2 pbqpoffset:2.01 pbfactor:1.26 avgQpOffsetCutree:-2.60;
in:362 out:363 type:B q:24.48 q-aq:23.09 q-noVbv:24.48 q-Rceq:1.32 tex:17102 mv:5831 misc:1947 icu:24.75 pcu:598.25 scu:937.00 tlayer:3 pbqpoffset:3.39 pbfactor:1.48 avgQpOffsetCutree:-1.35;
in:361 out:364 type:b q:27.76 q-aq:28.00 q-noVbv:27.76 q-Rceq:1.32 tex:576 mv:1568 misc:648 icu:1.50 pcu:120.50 scu:1438.00 tlayer:4 pbqpoffset:6.53 pbfactor:2.13 avgQpOffsetCutree:0.00;
in:363 out:365 type:b q:27.47 q-aq:27.93 q-noVbv:27.47 q-Rceq:1.32 tex:586 mv:1183 misc:623 icu:0.00 pcu:114.00 scu:1446.00 tlayer:4 pbqpoffset:6.53 pbfactor:2.13 avgQpOffsetCutree:0.00;
in:366 out:366 type:B q:24.03 q-aq:22.85 q-noVbv:24.03 q-Rceq:1.32 tex:7686 mv:4171 misc:1463 icu:5.50 pcu:463.75 scu:1090.75 tlayer:3 pbqpoffset:3.52 pbfactor:1.50 avgQpOffsetCutree:-1.44;
in:365 out:367 type:b q:27.19 q-aq:27.01 q-noVbv:27.19 q-Rceq:1.32 tex:1017 mv:1267 misc:660 icu:0.75 pcu:255.75 scu:1303.50 tlayer:4 pbqpoffset:6.53 pbfactor:2.13 avgQpOffsetCutree:0.00;
in:367 out:368 type:b q:26.90 q-aq:27.03 q-noVbv:26.90 q-Rceq:1.32 tex:458 mv:1056 misc:534 icu:0.25 pcu:125.25 scu:1434.50 tlayer:4 pbqpoffset:6.53 pbfactor:2.13 avgQpOffsetCutree:0.00;
in:384 out:369 type:k q:19.90 q-aq:14.44 q-noVbv:19.90 q-Rceq:1.32 tex:251257 mv:26356 misc:3195 icu:1537.00 pcu:23.00 scu:0.00 tlayer:0 pbqpoffset:0.41 pbfactor:1.05 avgQpOffsetCutree:-5.83;
in:376 out:370 type:B q:21.74 q-aq:18.13 q-noVbv:21.74 q-Rceq:1.32 tex:137848 mv:19704 misc:3240 icu:550.50 pcu:737.75 scu:271.75 tlayer:1 pbqpoffset:1.68 pbfactor:1.21 avgQpOffsetCutree:-3.82;
in:372 out:371 type:B q:22.61 q-aq:19.65 q-noVbv:22.61 q-Rceq:1.32 tex:39179 mv:7413 misc:2440 icu:40.75 pcu:777.50 scu:741.75 tlayer:2 pbqpoffset:2.47 pbfactor:1.33 avgQpOffsetCutree:-2.76;
in:370 out:372 type:B q:23.73 q-aq:22.71 q-noVbv:23.73 q-Rceq:1.32 tex:7852 mv:3841 misc:1243 icu:11.75 pcu:475.25 scu:1073.00 tlayer:3 pbqpoffset:3.54 pbfactor:1.51 avgQpOffsetCutree:-1.27;
in:369 out:373 type:b q:26.75 q-aq:27.00 q-noVbv:26.75 q-Rceq:1.32 tex:781 mv:1189 misc:622 icu:0.00 pcu:175.75 scu:1384.25 tlayer:4 pbqpoffset:6.54 pbfactor:2.13 avgQpOffsetCutree:0.00;
in:371 out:374 type:b q:26.71 q-aq:27.00 q-noVbv:26.71 q-Rceq:1.32 tex:426 mv:796 misc:546 icu:0.50 pcu:48.00 scu:1511.50 tlayer:4 pbqpoffset:6.54 pbfactor:2.13 avgQpOffsetCutree:0.00;
in:374 out:375 type:B q:23.64 q-aq:22.30 q-noVbv:23.64 q-Rceq:1.32 tex:7687 mv:4127 misc:1402 icu:8.00 pcu:373.00 scu:1179.00 tlayer:3 pbqpoffset:3.54 pbfactor:1.51 avgQpOffsetCutree:-1.25;
in:373 out:376 type:b q:26.66 q-aq:27.00 q-noVbv:26.66 q-Rceq:1.32 tex:67 mv:690 misc:451 icu:0.00 pcu:113.25 scu:1446.75 tlayer:4 pbqpoffset:6.54 pbfactor:2.13 avgQpOffsetCutree:0.00;
in:375 out:377 type:b q:26.62 q-aq:27.00 q-noVbv:26.62 q-Rceq:1.32 tex:251 mv:641 misc:452 icu:0.00 pcu:101.50 scu:1458.50 tlayer:4 pbqpoffset:6.54 pbfactor:2.13 avgQpOffsetCutree:0.00;
in:380 out:378 type:B q:22.51 q-aq:19.35 q-noVbv:22.51 q-Rceq:1.32 tex:41165 mv:7133 misc:2454 icu:52.00 pcu:929.00 scu:579.00 tlayer:2 pbqpoffset:2.53 pbfactor:1.34 avgQpOffsetCutree:-2.95;
in:378 out:379 type:B q:23.56 q-aq:22.40 q-noVbv:23.56 q-Rceq:1.32 tex:4012 mv:3264 misc:1276 icu:1.00 pcu:505.75 scu:1053.25 tlayer:3 pbqpoffset:3.54 pbfactor:1.51 avgQpOffsetCutree:-1.40;
in:377 out:380 type:b q:26.58 q-aq:27.00 q-noVbv:26.58 q-Rceq:1.32 tex:138 mv:718 misc:512 icu:0.00 pcu:131.50 scu:1428.50 tlayer:4 pbqpoffset:6.54 pbfactor:2.13 avgQpOffsetCutree:0.00;
in:379 out:381 type:b q:26.54 q-aq:27.00 q-noVbv:26.54 q-Rceq:1.32 tex:619 mv:746 misc:427 icu:0.25 pcu:84.00 scu:1475.75 tlayer:4 pbqpoffset:6.54 pbfactor:2.13 avgQpOffsetCutree:0.00;
in:382 out:382 type:B q:23.48 q-aq:22.25 q-noVbv:23.48 q-Rceq:1.32 tex:6024 mv:3508 misc:1484 icu:6.00 pcu:388.25 scu:1165.75 tlayer:3 pbqpoffset:3.54 pbfactor:1.51 avgQpOffsetCutree:-1.30;
in:381 out:383 type:b q:26.50 q-aq:26.84 q-noVbv:26.50 q-Rceq:1.32 tex:217 mv:852 misc:475 icu:0.00 pcu:177.25 scu:1382.75 tlayer:4 pbqpoffset:6.54 pbfactor:2.13 avgQpOffsetCutree:0.00;
in:383 out:384 type:b q:26.46 q-aq:26.59 q-noVbv:26.46 q-Rceq:1.32 tex:520 mv:741 misc:451 icu:0.75 pcu:49.50 scu:1509.75 tlayer:4 pbqpoffset:6.54 pbfactor:2.13 avgQpOffsetCutree:0.00;
in:400 out:385 type:k q:19.85 q-aq:14.61 q-noVbv:19.85 q-Rceq:1.32 tex:257382 mv:33638 misc:4036 icu:969.75 pcu:500.00 scu:90.25 tlayer:0 pbqpoffset:0.51 pbfactor:1.06 avgQpOffsetCutree:-5.47;
in:392 out:386 type:B q:21.52 q-aq:17.51 q-noVbv:21.52 q-Rceq:1.32 tex:111940 mv:20526 misc:3406 icu:313.25 pcu:1008.75 scu:238.00 tlayer:1 pbqpoffset:1.64 pbfactor:1.21 avgQpOffsetCutree:-3.90;
in:388 out:387 type:B q:22.63 q-aq:19.25 q-noVbv:22.63 q-Rceq:1.32 tex:23488 mv:6681 misc:2055 icu:44.75 pcu:500.50 scu:1014.75 tlayer:2 pbqpoffset:2.74 pbfactor:1.37 avgQpOffsetCutree:-2.90;
in:386 out:388 type:B q:23.40 q-aq:22.37 q-noVbv:23.40 q-Rceq:1.32 tex:10554 mv:3962 misc:2068 icu:4.25 pcu:708.25 scu:847.50 tlayer:3 pbqpoffset:3.51 pbfactor:1.50 avgQpOffsetCutree:-1.22;
in:385 out:389 type:b q:26.40 q-aq:26.70 q-noVbv:26.40 q-Rceq:1.32 tex:95 mv:581 misc:460 icu:0.00 pcu:67.00 scu:1493.00 tlayer:4 pbqpoffset:6.51 pbfactor:2.12 avgQpOffsetCutree:0.00;
in:387 out:390 type:b q:26.40 q-aq:26.12 q-noVbv:26.40 q-Rceq:1.32 tex:307 mv:861 misc:456 icu:0.50 pcu:80.50 scu:1479.00 tlayer:4 pbqpoffset:6.51 pbfactor:2.12 avgQpOffsetCutree:0.00;
in:390 out:391 type:B q:23.39 q-aq:21.87 q-noVbv:23.39 q-Rceq:1.32 tex:13942 mv:4608 misc:2026 icu:10.25 pcu:680.00 scu:869.75 tlayer:3 pbqpoffset:3.51 pbfactor:1.50 avgQpOffsetCutree:-1.55;
in:389 out:392 type:b q:26.39 q-aq:26.54 q-noVbv:26.39 q-Rceq:1.32 tex:153 mv:592 misc:503 icu:0.00 pcu:114.00 scu:1446.00 tlayer:4 pbqpoffset:6.51 pbfactor:2.12 avgQpOffsetCutree:0.00;
in:391 out:393 type:b q:26.38 q-aq:26.47 q-noVbv:26.38 q-Rceq:1.32 tex:480 mv:1009 misc:519 icu:0.00 pcu:121.75 scu:1438.25 tlayer:4 pbqpoffset:6.51 pbfactor:2.12 avgQpOffsetCutree:0.00;
in:396 out:394 type:B q:21.61 q-aq:18.49 q-noVbv:21.61 q-Rceq:1.32 tex:36484 mv:9288 misc:2052 icu:74.75 pcu:641.00 scu:844.25 tlayer:2 pbqpoffset:1.74 pbfactor:1.22 avgQpOffsetCutree:-2.65;
in:394 out:395 type:B q:22.71 q-aq:21.50 q-noVbv:22.71 q-Rceq:1.32 tex:18162 mv:5872 misc:2206 icu:15.50 pcu:657.75 scu:886.75 tlayer:3 pbqpoffset:2.84 pbfactor:1.39 avgQpOffsetCutree:-1.49;
in:393 out:396 type:b q:26.16 q-aq:26.00 q-noVbv:26.16 q-Rceq:1.32 tex:367 mv:984 misc:705 icu:0.00 pcu:94.50 scu:1465.50 tlayer:4 pbqpoffset:6.29 pbfactor:2.07 avgQpOffsetCutree:0.00;
in:395 out:397 type:b q:25.96 q-aq:26.00 q-noVbv:25.96 q-Rceq:1.32 tex:1336 mv:1686 misc:818 icu:2.50 pcu:178.50 scu:1379.00 tlayer:4 pbqpoffset:6.09 pbfactor:2.02 avgQpOffsetCutree:0.00;
in:398 out:398 type:B q:22.66 q-aq:21.37 q-noVbv:22.66 q-Rceq:1.32 tex:14404 mv:5515 misc:1689 icu:34.00 pcu:439.00 scu:1087.00 tlayer:3 pbqpoffset:2.80 pbfactor:1.38 avgQpOffsetCutree:-1.27;
in:397 out:399 type:b q:25.38 q-aq:25.28 q-noVbv:25.38 q-Rceq:1.32 tex:1829 mv:1686 misc:869 icu:1.50 pcu:104.75 scu:1453.75 tlayer:4 pbqpoffset:5.52 pbfactor:1.89 avgQpOffsetCutree:0.00;
in:399 out:400 type:b q:25.31 q-aq:25.21 q-noVbv:25.31 q-Rceq:1.32 tex:2018 mv:1557 misc:777 icu:1.25 pcu:94.25 scu:1464.50 tlayer:4 pbqpoffset:5.45 pbfactor:1.88 avgQpOffsetCutree:0.00;
in:416 out:401 type:k q:20.53 q-aq:15.54 q-noVbv:20.53 q-Rceq:1.32 tex:253285 mv:28628 misc:3327 icu:1547.25 pcu:12.00 scu:0.75 tlayer:0 pbqpoffset:0.53 pbfactor:1.06 avgQpOffsetCutree:-5.67;
in:408 out:402 type:B q:21.89 q-aq:18.19 q-noVbv:21.89 q-Rceq:1.32 tex:135595 mv:20822 misc:3647 icu:472.75 pcu:814.75 scu:272.50 tlayer:1 pbqpoffset:1.70 pbfactor:1.22 avgQpOffsetCutree:-3.94;
in:404 out:403 type:B q:22.63 q-aq:19.62 q-noVbv:22.63 q-Rceq:1.32 tex:28835 mv:7569 misc:2316 icu:88.75 pcu:554.25 scu:917.00 tlayer:2 pbqpoffset:2.61 pbfactor:1.35 avgQpOffsetCutree:-2.92;
in:402 out:404 type:B q:23.50 q-aq:22.36 q-noVbv:23.50 q-Rceq:1.32 tex:18092 mv:4750 misc:2262 icu:22.75 pcu:659.50 scu:877.75 tlayer:3 pbqpoffset:3.57 pbfactor:1.51 avgQpOffsetCutree:-1.40;
in:401 out:405 type:b q:26.46 q-aq:26.72 q-noVbv:26.46 q-Rceq:1.32 tex:1106 mv:1257 misc:709 icu:0.50 pcu:93.50 scu:1466.00 tlayer:4 pbqpoffset:6.57 pbfactor:2.14 avgQpOffsetCutree:0.00;
in:403 out:406 type:b q:26.54 q-aq:27.00 q-noVbv:26.54 q-Rceq:1.32 tex:1097 mv:1558 misc:665 icu:2.00 pcu:181.50 scu:1376.50 tlayer:4 pbqpoffset:6.57 pbfactor:2.14 avgQpOffsetCutree:0.00;
in:406 out:407 type:B q:23.67 q-aq:22.51 q-noVbv:23.67 q-Rceq:1.32 tex:12615 mv:5001 misc:1608 icu:28.75 pcu:325.50 scu:1205.75 tlayer:3 pbqpoffset:3.57 pbfactor:1.51 avgQpOffsetCutree:-1.42;
in:405 out:408 type:b q:26.63 q-aq:27.00 q-noVbv:26.63 q-Rceq:1.32 tex:990 mv:1352 misc:722 icu:0.50 pcu:146.50 scu:1413.00 tlayer:4 pbqpoffset:6.57 pbfactor:2.14 avgQpOffsetCutree:0.00;
in:407 out:409 type:b q:26.71 q-aq:27.00 q-noVbv:26.71 q-Rceq:1.32 tex:823 mv:1426 misc:695 icu:2.50 pcu:87.75 scu:1469.75 tlayer:4 pbqpoffset:6.57 pbfactor:2.14 avgQpOffsetCutree:0.00;
in:412 out:410 type:B q:22.48 q-aq:19.85 q-noVbv:22.48 q-Rceq:1.32 tex:31394 mv:6973 misc:2193 icu:109.00 pcu:800.25 scu:650.75 tlayer:2 pbqpoffset:2.12 pbfactor:1.28 avgQpOffsetCutree:-2.89;
in:410 out:411 type:B q:23.63 q-aq:22.35 q-noVbv:23.63 q-Rceq:1.32 tex:14439 mv:5164 misc:1621 icu:39.75 pcu:492.75 scu:1027.50 tlayer:3 pbqpoffset:3.36 pbfactor:1.47 avgQpOffsetCutree:-1.42;
in:409 out:412 type:b q:26.80 q-aq:27.02 q-noVbv:26.80 q-Rceq:1.32 tex:1343 mv:1591 misc:778 icu:2.00 pcu:171.50 scu:1386.50 tlayer:4 pbqpoffset:6.57 pbfactor:2.14 avgQpOffsetCutree:0.00;
in:411 out:413 type:b q:26.80 q-aq:27.01 q-noVbv:26.80 q-Rceq:1.32 tex:3363 mv:1504 misc:1061 icu:6.00 pcu:384.00 scu:1170.00 tlayer:4 pbqpoffset:6.48 pbfactor:2.11 avgQpOffsetCutree:0.00;
in:414 out:414 type:B q:23.51 q-aq:22.48 q-noVbv:23.51 q-Rceq:1.32 tex:20813 mv:5373 misc:2238 icu:31.25 pcu:762.50 scu:766.25 tlayer:3 pbqpoffset:3.07 pbfactor:1.43 avgQpOffsetCutree:-1.44;
in:413 out:415 type:b q:26.97 q-aq:27.05 q-noVbv:26.97 q-Rceq:1.32 tex:1788 mv:1803 misc:881 icu:4.50 pcu:130.50 scu:1425.00 tlayer:4 pbqpoffset:6.57 pbfactor:2.14 avgQpOffsetCutree:0.00;
in:415 out:416 type:b q:26.97 q-aq:27.03 q-noVbv:26.97 q-Rceq:1.32 tex:1412 mv:1674 misc:778 icu:1.00 pcu:107.00 scu:1452.00 tlayer:4 pbqpoffset:6.48 pbfactor:2.11 avgQpOffsetCutree:0.00;
in:432 out:417 type:k q:21.15 q-aq:16.32 q-noVbv:21.15 q-Rceq:1.32 tex:254808 mv:33339 misc:3837 icu:927.50 pcu:607.75 scu:24.75 tlayer:0 pbqpoffset:0.48 pbfactor:1.06 avgQpOffsetCutree:-5.40;
in:424 out:418 type:B q:22.64 q-aq:18.99 q-noVbv:22.64 q-Rceq:1.32 tex:123822 mv:22055 misc:4027 icu:406.50 pcu:897.75 scu:255.75 tlayer:1 pbqpoffset:1.80 pbfactor:1.23 avgQpOffsetCutree:-3.95;
in:420 out:419 type:B q:22.78 q-aq:19.68 q-noVbv:22.78 q-Rceq:1.32 tex:46846 mv:9975 misc:3067 icu:93.25 pcu:784.00 scu:682.75 tlayer:2 pbqpoffset:2.09 pbfactor:1.27 avgQpOffsetCutree:-2.93;
in:418 out:420 type:B q:24.27 q-aq:23.46 q-noVbv:24.27 q-Rceq:1.32 tex:10724 mv:4741 misc:1543 icu:28.25 pcu:352.75 scu:1179.00 tlayer:3 pbqpoffset:3.66 pbfactor:1.53 avgQpOffsetCutree:-1.53;
in:417 out:421 type:b q:27.23 q-aq:27.53 q-noVbv:27.23 q-Rceq:1.32 tex:1250 mv:1490 misc:788 icu:1.75 pcu:111.00 scu:1447.25 tlayer:4 pbqpoffset:6.66 pbfactor:2.16 avgQpOffsetCutree:0.00;
in:419 out:422 type:b q:27.30 q-aq:27.30 q-noVbv:27.30 q-Rceq:1.32 tex:1320 mv:1427 misc:757 icu:3.25 pcu:166.50 scu:1390.25 tlayer:4 pbqpoffset:6.66 pbfactor:2.16 avgQpOffsetCutree:0.00;
in:422 out:423 type:B q:24.42 q-aq:23.39 q-noVbv:24.42 q-Rceq:1.32 tex:12299 mv:6216 misc:1837 icu:21.50 pcu:511.75 scu:1026.75 tlayer:3 pbqpoffset:3.66 pbfactor:1.53 avgQpOffsetCutree:-1.48;
in:421 out:424 type:b q:27.38 q-aq:27.52 q-noVbv:27.38 q-Rceq:1.32 tex:1012 mv:1538 misc:842 icu:0.75 pcu:161.75 scu:1397.50 tlayer:4 pbqpoffset:6.66 pbfactor:2.16 avgQpOffsetCutree:0.00;
in:423 out:425 type:b q:27.30 q-aq:27.53 q-noVbv:27.30 q-Rceq:1.32 tex:1415 mv:1764 misc:837 icu:0.50 pcu:222.00 scu:1337.50 tlayer:4 pbqpoffset:6.50 pbfactor:2.12 avgQpOffsetCutree:0.00;
in:428 out:426 type:B q:22.79 q-aq:20.20 q-noVbv:22.79 q-Rceq:1.32 tex:45801 mv:12114 misc:2877 icu:92.75 pcu:737.50 scu:729.75 tlayer:2 pbqpoffset:1.80 pbfactor:1.23 avgQpOffsetCutree:-2.83;
in:426 out:427 type:B q:24.06 q-aq:22.88 q-noVbv:24.06 q-Rceq:1.32 tex:18095 mv:7344 misc:2425 icu:19.00 pcu:622.75 scu:918.25 tlayer:3 pbqpoffset:3.14 pbfactor:1.44 avgQpOffsetCutree:-1.40;
in:425 out:428 type:b q:26.48 q-aq:26.77 q-noVbv:26.48 q-Rceq:1.32 tex:1199 mv:1723 misc:902 icu:0.75 pcu:244.00 scu:1315.25 tlayer:4 pbqpoffset:5.60 pbfactor:1.91 avgQpOffsetCutree:0.00;
in:427 out:429 type:b q:26.99 q-aq:27.00 q-noVbv:26.99 q-Rceq:1.32 tex:1023 mv:1993 misc:880 icu:0.25 pcu:234.25 scu:1325.50 tlayer:4 pbqpoffset:6.03 pbfactor:2.01 avgQpOffsetCutree:0.00;
in:430 out:430 type:B q:24.32 q-aq:23.14 q-noVbv:24.32 q-Rceq:1.32 tex:17154 mv:6744 misc:2334 icu:15.75 pcu:587.25 scu:957.00 tlayer:3 pbqpoffset:3.24 pbfactor:1.45 avgQpOffsetCutree:-1.56;
in:429 out:431 type:b q:27.22 q-aq:27.28 q-noVbv:27.22 q-Rceq:1.32 tex:651 mv:1576 misc:805 icu:0.00 pcu:183.50 scu:1376.50 tlayer:4 pbqpoffset:6.19 pbfactor:2.04 avgQpOffsetCutree:0.00;
in:431 out:432 type:b q:27.13 q-aq:27.03 q-noVbv:27.13 q-Rceq:1.32 tex:1136 mv:1987 misc:829 icu:4.75 pcu:204.25 scu:1351.00 tlayer:4 pbqpoffset:6.02 pbfactor:2.00 avgQpOffsetCutree:0.00;
in:448 out:433 type:k q:21.76 q-aq:17.21 q-noVbv:21.76 q-Rceq:1.32 tex:220775 mv:28609 misc:3088 icu:1552.25 pcu:7.75 scu:0.00 tlayer:0 pbqpoffset:0.36 pbfactor:1.04 avgQpOffsetCutree:-5.30;
in:440 out:434 type:B q:23.31 q-aq:19.86 q-noVbv:23.31 q-Rceq:1.32 tex:134403 mv:21415 misc:3478 icu:598.25 pcu:816.00 scu:145.75 tlayer:1 pbqpoffset:1.85 pbfactor:1.24 avgQpOffsetCutree:-3.89;
in:436 out:435 type:B q:23.21 q-aq:21.06 q-noVbv:23.21 q-Rceq:1.32 tex:61590 mv:12870 misc:3524 icu:165.00 pcu:953.50 scu:441.50 tlayer:2 pbqpoffset:1.90 pbfactor:1.25 avgQpOffsetCutree:-2.47;
in:434 out:436 type:B q:24.74 q-aq:24.01 q-noVbv:24.74 q-Rceq:1.32 tex:13571 mv:7125 misc:2120 icu:20.25 pcu:480.00 scu:1059.75 tlayer:3 pbqpoffset:3.51 pbfactor:1.50 avgQpOffsetCutree:-1.37;
in:433 out:437 type:b q:27.91 q-aq:28.00 q-noVbv:27.91 q-Rceq:1.32 tex:445 mv:1350 misc:781 icu:0.00 pcu:222.50 scu:1337.50 tlayer:4 pbqpoffset:6.72 pbfactor:2.17 avgQpOffsetCutree:0.00;
in:435 out:438 type:b q:27.86 q-aq:28.00 q-noVbv:27.86 q-Rceq:1.32 tex:472 mv:1560 misc:848 icu:1.75 pcu:216.25 scu:1342.00 tlayer:4 pbqpoffset:6.59 pbfactor:2.14 avgQpOffsetCutree:0.00;
in:438 out:439 type:B q:24.77 q-aq:23.85 q-noVbv:24.77 q-Rceq:1.32 tex:18185 mv:7476 misc:2115 icu:39.25 pcu:694.25 scu:826.50 tlayer:3 pbqpoffset:3.39 pbfactor:1.48 avgQpOffsetCutree:-1.51;
in:437 out:440 type:b q:27.73 q-aq:28.00 q-noVbv:27.73 q-Rceq:1.32 tex:962 mv:1896 misc:766 icu:2.50 pcu:264.50 scu:1293.00 tlayer:4 pbqpoffset:6.39 pbfactor:2.09 avgQpOffsetCutree:0.00;
in:439 out:441 type:b q:28.13 q-aq:28.27 q-noVbv:28.13 q-Rceq:1.32 tex:1358 mv:2288 misc:1002 icu:3.00 pcu:197.25 scu:1359.75 tlayer:4 pbqpoffset:6.72 pbfactor:2.17 avgQpOffsetCutree:0.00;
in:444 out:442 type:B q:23.58 q-aq:20.37 q-noVbv:23.58 q-Rceq:1.32 tex:52364 mv:10477 misc:3239 icu:141.00 pcu:825.00 scu:594.00 tlayer:2 pbqpoffset:1.97 pbfactor:1.26 avgQpOffsetCutree:-2.89;
in:442 out:443 type:B q:24.59 q-aq:23.77 q-noVbv:24.59 q-Rceq:1.32 tex:16022 mv:6962 misc:2064 icu:39.00 pcu:640.25 scu:880.75 tlayer:3 pbqpoffset:3.06 pbfactor:1.42 avgQpOffsetCutree:-1.34;
in:441 out:444 type:b q:28.21 q-aq:28.29 q-noVbv:28.21 q-Rceq:1.32 tex:1748 mv:2030 misc:998 icu:2.75 pcu:157.00 scu:1400.25 tlayer:4 pbqpoffset:6.72 pbfactor:2.17 avgQpOffsetCutree:0.00;
in:443 out:445 type:b q:28.29 q-aq:28.13 q-noVbv:28.29 q-Rceq:1.32 tex:1286 mv:2323 misc:1047 icu:3.50 pcu:180.75 scu:1375.75 tlayer:4 pbqpoffset:6.72 pbfactor:2.17 avgQpOffsetCutree:0.00;
in:446 out:446 type:B q:25.16 q-aq:24.00 q-noVbv:25.16 q-Rceq:1.32 tex:13260 mv:7193 misc:2267 icu:17.25 pcu:595.25 scu:947.50 tlayer:3 pbqpoffset:3.47 pbfactor:1.49 avgQpOffsetCutree:-1.43;
in:445 out:447 type:b q:28.36 q-aq:28.20 q-noVbv:28.36 q-Rceq:1.32 tex:552 mv:1814 misc:858 icu:2.75 pcu:187.75 scu:1369.50 tlayer:4 pbqpoffset:6.72 pbfactor:2.17 avgQpOffsetCutree:0.00;
in:447 out:448 type:b q:28.44 q-aq:28.24 q-noVbv:28.44 q-Rceq:1.32 tex:332 mv:1632 misc:708 icu:0.00 pcu:262.50 scu:1297.50 tlayer:4 pbqpoffset:6.72 pbfactor:2.17 avgQpOffsetCutree:0.00;
in:464 out:449 type:k q:21.10 q-aq:15.54 q-noVbv:21.10 q-Rceq:1.32 tex:237285 mv:28023 misc:3700 icu:1045.75 pcu:480.75 scu:33.50 tlayer:0 pbqpoffset:0.52 pbfactor:1.06 avgQpOffsetCutree:-5.75;
in:456 out:450 type:B q:23.21 q-aq:18.90 q-noVbv:23.21 q-Rceq:1.32 tex:107009 mv:19819 misc:3484 icu:484.50 pcu:822.25 scu:253.25 tlayer:1 pbqpoffset:1.78 pbfactor:1.23 avgQpOffsetCutree:-4.23;
in:452 out:451 type:B q:23.37 q-aq:20.13 q-noVbv:23.37 q-Rceq:1.32 tex:54942 mv:10773 misc:3061 icu:140.50 pcu:965.00 scu:454.50 tlayer:2 pbqpoffset:1.78 pbfactor:1.23 avgQpOffsetCutree:-2.98;
in:450 out:452 type:B q:24.65 q-aq:23.39 q-noVbv:24.65 q-Rceq:1.32 tex:12089 mv:6087 misc:1840 icu:14.75 pcu:438.75 scu:1106.50 tlayer:3 pbqpoffset:2.97 pbfactor:1.41 avgQpOffsetCutree:-1.41;
in:449 out:453 type:b q:27.57 q-aq:28.00 q-noVbv:27.57 q-Rceq:1.32 tex:452 mv:1260 misc:680 icu:0.25 pcu:151.25 scu:1408.50 tlayer:4 pbqpoffset:5.85 pbfactor:1.97 avgQpOffsetCutree:0.00;
in:451 out:454 type:b q:27.61 q-aq:28.00 q-noVbv:27.61 q-Rceq:1.32 tex:542 mv:1612 misc:798 icu:1.00 pcu:162.75 scu:1396.25 tlayer:4 pbqpoffset:5.98 pbfactor:1.99 avgQpOffsetCutree:0.00;
in:454 out:455 type:B q:24.39 q-aq:22.74 q-noVbv:24.39 q-Rceq:1.32 tex:12979 mv:6213 misc:2056 icu:23.50 pcu:422.00 scu:1114.50 tlayer:3 pbqpoffset:2.88 pbfactor:1.39 avgQpOffsetCutree:-1.42;
in:453 out:456 type:b q:27.47 q-aq:27.39 q-noVbv:27.47 q-Rceq:1.32 tex:1038 mv:1613 misc:797 icu:0.75 pcu:166.25 scu:1393.00 tlayer:4 pbqpoffset:5.92 pbfactor:1.98 avgQpOffsetCutree:0.00;
in:455 out:457 type:b q:27.73 q-aq:28.00 q-noVbv:27.73 q-Rceq:1.32 tex:951 mv:1417 misc:776 icu:2.25 pcu:135.50 scu:1422.25 tlayer:4 pbqpoffset:6.26 pbfactor:2.06 avgQpOffsetCutree:0.00;
in:460 out:458 type:B q:23.06 q-aq:19.95 q-noVbv:23.06 q-Rceq:1.32 tex:44741 mv:9788 misc:2647 icu:112.00 pcu:724.50 scu:723.50 tlayer:2 pbqpoffset:1.80 pbfactor:1.23 avgQpOffsetCutree:-2.89;
in:458 out:459 type:B q:24.49 q-aq:23.45 q-noVbv:24.49 q-Rceq:1.32 tex:12494 mv:5587 misc:1727 icu:31.50 pcu:430.75 scu:1097.75 tlayer:3 pbqpoffset:3.15 pbfactor:1.44 avgQpOffsetCutree:-1.37;
in:457 out:460 type:b q:27.23 q-aq:27.12 q-noVbv:27.23 q-Rceq:1.32 tex:1358 mv:1862 misc:860 icu:3.50 pcu:187.75 scu:1368.75 tlayer:4 pbqpoffset:5.84 pbfactor:1.96 avgQpOffsetCutree:0.00;
in:459 out:461 type:b q:27.22 q-aq:27.01 q-noVbv:27.22 q-Rceq:1.32 tex:936 mv:1646 misc:810 icu:5.00 pcu:202.00 scu:1353.00 tlayer:4 pbqpoffset:5.91 pbfactor:1.98 avgQpOffsetCutree:0.00;
in:462 out:462 type:B q:24.82 q-aq:24.06 q-noVbv:24.82 q-Rceq:1.32 tex:10630 mv:5624 misc:1658 icu:21.50 pcu:387.75 scu:1150.75 tlayer:3 pbqpoffset:3.64 pbfactor:1.52 avgQpOffsetCutree:-1.46;
in:461 out:463 type:b q:27.46 q-aq:27.44 q-noVbv:27.46 q-Rceq:1.32 tex:1136 mv:1601 misc:767 icu:0.00 pcu:163.50 scu:1396.50 tlayer:4 pbqpoffset:6.23 pbfactor:2.06 avgQpOffsetCutree:0.00;
in:463 out:464 type:b q:27.78 q-aq:28.00 q-noVbv:27.78 q-Rceq:1.32 tex:584 mv:1136 misc:616 icu:1.75 pcu:193.25 scu:1365.00 tlayer:4 pbqpoffset:6.64 pbfactor:2.15 avgQpOffsetCutree:0.00;
in:480 out:465 type:k q:21.32 q-aq:16.29 q-noVbv:21.32 q-Rceq:1.32 tex:249968 mv:27489 misc:3247 icu:1553.25 pcu:6.75 scu:0.00 tlayer:0 pbqpoffset:0.55 pbfactor:1.07 avgQpOffsetCutree:-5.65;
in:472 out:466 type:B q:22.96 q-aq:18.99 q-noVbv:22.96 q-Rceq:1.32 tex:131634 mv:19748 misc:3314 icu:550.50 pcu:826.25 scu:183.25 tlayer:1 pbqpoffset:1.75 pbfactor:1.22 avgQpOffsetCutree:-4.08;
in:468 out:467 type:B q:23.63 q-aq:20.52 q-noVbv:23.63 q-Rceq:1.32 tex:32503 mv:9360 misc:2249 icu:127.00 pcu:589.25 scu:843.75 tlayer:2 pbqpoffset:2.48 pbfactor:1.33 avgQpOffsetCutree:-2.92;
in:466 out:468 type:B q:24.74 q-aq:23.64 q-noVbv:24.74 q-Rceq:1.32 tex:8232 mv:5076 misc:1660 icu:13.75 pcu:382.50 scu:1163.75 tlayer:3 pbqpoffset:3.62 pbfactor:1.52 avgQpOffsetCutree:-1.51;
in:465 out:469 type:b q:27.73 q-aq:28.00 q-noVbv:27.73 q-Rceq:1.32 tex:365 mv:923 misc:528 icu:0.75 pcu:83.00 scu:1476.25 tlayer:4 pbqpoffset:6.62 pbfactor:2.15 avgQpOffsetCutree:0.00;
in:467 out:470 type:b q:27.76 q-aq:28.00 q-noVbv:27.76 q-Rceq:1.32 tex:553 mv:904 misc:631 icu:0.00 pcu:107.25 scu:1452.75 tlayer:4 pbqpoffset:6.62 pbfactor:2.15 avgQpOffsetCutree:0.00;
in:470 out:471 type:B q:24.80 q-aq:23.64 q-noVbv:24.80 q-Rceq:1.32 tex:10739 mv:5926 misc:1855 icu:12.75 pcu:397.75 scu:1149.50 tlayer:3 pbqpoffset:3.62 pbfactor:1.52 avgQpOffsetCutree:-1.50;
in:469 out:472 type:b q:27.79 q-aq:28.00 q-noVbv:27.79 q-Rceq:1.32 tex:311 mv:989 misc:556 icu:0.25 pcu:105.25 scu:1454.50 tlayer:4 pbqpoffset:6.62 pbfactor:2.15 avgQpOffsetCutree:0.00;
in:471 out:473 type:b q:27.81 q-aq:28.00 q-noVbv:27.81 q-Rceq:1.32 tex:747 mv:1555 misc:762 icu:1.00 pcu:141.25 scu:1417.75 tlayer:4 pbqpoffset:6.62 pbfactor:2.15 avgQpOffsetCutree:0.00;
in:476 out:474 type:B q:23.29 q-aq:19.95 q-noVbv:23.29 q-Rceq:1.32 tex:57186 mv:10615 misc:3255 icu:114.50 pcu:757.50 scu:688.00 tlayer:2 pbqpoffset:2.03 pbfactor:1.26 avgQpOffsetCutree:-3.01;
in:474 out:475 type:B q:24.16 q-aq:22.95 q-noVbv:24.16 q-Rceq:1.32 tex:13821 mv:7119 misc:1876 icu:28.25 pcu:464.50 scu:1067.25 tlayer:3 pbqpoffset:2.92 pbfactor:1.40 avgQpOffsetCutree:-1.46;
in:473 out:476 type:b q:27.76 q-aq:28.00 q-noVbv:27.76 q-Rceq:1.32 tex:839 mv:1590 misc:739 icu:1.25 pcu:151.25 scu:1407.50 tlayer:4 pbqpoffset:6.54 pbfactor:2.13 avgQpOffsetCutree:0.00;
in:475 out:477 type:b q:27.87 q-aq:28.00 q-noVbv:27.87 q-Rceq:1.32 tex:744 mv:1706 misc:774 icu:1.75 pcu:226.50 scu:1331.75 tlayer:4 pbqpoffset:6.62 pbfactor:2.15 avgQpOffsetCutree:0.00;
in:478 out:478 type:B q:24.70 q-aq:23.74 q-noVbv:24.70 q-Rceq:1.32 tex:10998 mv:6626 misc:1816 icu:7.50 pcu:517.25 scu:1035.25 tlayer:3 pbqpoffset:3.40 pbfactor:1.48 avgQpOffsetCutree:-1.45;
in:477 out:479 type:b q:27.90 q-aq:28.00 q-noVbv:27.90 q-Rceq:1.32 tex:749 mv:1534 misc:701 icu:2.00 pcu:118.50 scu:1439.50 tlayer:4 pbqpoffset:6.62 pbfactor:2.15 avgQpOffsetCutree:0.00;
in:479 out:480 type:b q:27.93 q-aq:28.00 q-noVbv:27.93 q-Rceq:1.32 tex:997 mv:1583 misc:660 icu:2.25 pcu:203.50 scu:1354.25 tlayer:4 pbqpoffset:6.62 pbfactor:2.15 avgQpOffsetCutree:0.00;
in:496 out:481 type:k q:21.42 q-aq:16.36 q-noVbv:21.42 q-Rceq:1.32 tex:186802 mv:26915 misc:4019 icu:666.75 pcu:785.50 scu:107.75 tlayer:0 pbqpoffset:0.54 pbfactor:1.06 avgQpOffsetCutree:-4.81;
in:488 out:482 type:B q:23.05 q-aq:18.48 q-noVbv:23.05 q-Rceq:1.32 tex:89848 mv:18085 misc:3307 icu:359.25 pcu:976.50 scu:224.25 tlayer:1 pbqpoffset:1.68 pbfactor:1.21 avgQpOffsetCutree:-4.23;
in:484 out:483 type:B q:23.03 q-aq:20.54 q-noVbv:23.03 q-Rceq:1.32 tex:30830 mv:8405 misc:1933 icu:93.00 pcu:670.75 scu:796.25 tlayer:2 pbqpoffset:1.68 pbfactor:1.21 avgQpOffsetCutree:-2.79;
in:482 out:484 type:B q:23.86 q-aq:22.89 q-noVbv:23.86 q-Rceq:1.32 tex:10890 mv:5609 misc:1781 icu:18.25 pcu:461.00 scu:1080.75 tlayer:3 pbqpoffset:2.52 pbfactor:1.34 avgQpOffsetCutree:-1.50;
in:481 out:485 type:b q:25.60 q-aq:26.00 q-noVbv:25.60 q-Rceq:1.32 tex:767 mv:1704 misc:721 icu:0.00 pcu:344.50 scu:1215.50 tlayer:4 pbqpoffset:4.27 pbfactor:1.64 avgQpOffsetCutree:0.00;
in:483 out:486 type:b q:25.87 q-aq:26.00 q-noVbv:25.87 q-Rceq:1.32 tex:4395 mv:1900 misc:1105 icu:2.00 pcu:410.00 scu:1148.00 tlayer:4 pbqpoffset:4.53 pbfactor:1.69 avgQpOffsetCutree:0.00;
in:486 out:487 type:B q:24.02 q-aq:22.53 q-noVbv:24.02 q-Rceq:1.32 tex:14304 mv:5015 misc:2017 icu:9.25 pcu:683.00 scu:867.75 tlayer:3 pbqpoffset:2.66 pbfactor:1.36 avgQpOffsetCutree:-1.57;
in:485 out:488 type:b q:27.90 q-aq:28.00 q-noVbv:27.90 q-Rceq:1.32 tex:450 mv:1065 misc:645 icu:0.25 pcu:220.75 scu:1339.00 tlayer:4 pbqpoffset:6.55 pbfactor:2.13 avgQpOffsetCutree:0.00;
in:487 out:489 type:b q:27.91 q-aq:28.00 q-noVbv:27.91 q-Rceq:1.32 tex:280 mv:719 misc:505 icu:0.25 pcu:118.25 scu:1441.50 tlayer:4 pbqpoffset:6.55 pbfactor:2.13 avgQpOffsetCutree:0.00;
in:492 out:490 type:B q:23.08 q-aq:19.88 q-noVbv:23.08 q-Rceq:1.32 tex:40236 mv:8034 misc:2482 icu:77.25 pcu:778.75 scu:704.00 tlayer:2 pbqpoffset:1.68 pbfactor:1.21 avgQpOffsetCutree:-3.00;
in:490 out:491 type:B q:24.17 q-aq:22.69 q-noVbv:24.17 q-Rceq:1.32 tex:11231 mv:5359 misc:1786 icu:9.50 pcu:416.50 scu:1134.00 tlayer:3 pbqpoffset:2.79 pbfactor:1.38 avgQpOffsetCutree:-1.54;
in:489 out:492 type:b q:27.92 q-aq:28.00 q-noVbv:27.92 q-Rceq:1.32 tex:586 mv:1342 misc:608 icu:2.75 pcu:108.75 scu:1448.50 tlayer:4 pbqpoffset:6.55 pbfactor:2.13 avgQpOffsetCutree:0.00;
in:491 out:493 type:b q:27.94 q-aq:28.00 q-noVbv:27.94 q-Rceq:1.32 tex:790 mv:1197 misc:653 icu:7.00 pcu:146.00 scu:1407.00 tlayer:4 pbqpoffset:6.55 pbfactor:2.13 avgQpOffsetCutree:0.00;
in:494 out:494 type:B q:24.45 q-aq:23.35 q-noVbv:24.45 q-Rceq:1.32 tex:6950 mv:4436 misc:1534 icu:5.00 pcu:356.75 scu:1198.25 tlayer:3 pbqpoffset:3.04 pbfactor:1.42 avgQpOffsetCutree:-1.58;
in:493 out:495 type:b q:27.95 q-aq:28.00 q-noVbv:27.95 q-Rceq:1.32 tex:486 mv:1142 misc:620 icu:0.00 pcu:98.75 scu:1461.25 tlayer:4 pbqpoffset:6.55 pbfactor:2.13 avgQpOffsetCutree:0.00;
in:495 out:496 type:b q:27.09 q-aq:27.00 q-noVbv:27.09 q-Rceq:1.32 tex:177 mv:997 misc:578 icu:0.00 pcu:113.75 scu:1446.25 tlayer:4 pbqpoffset:5.68 pbfactor:1.93 avgQpOffsetCutree:0.00;
in:499 out:497 type:k q:21.28 q-aq:19.81 q-noVbv:21.28 q-Rceq:1.32 tex:54962 mv:12619 misc:2939 icu:75.75 pcu:826.75 scu:657.50 tlayer:0 pbqpoffset:0.72 pbfactor:1.09 avgQpOffsetCutree:-1.37;
in:498 out:498 type:B q:22.72 q-aq:22.52 q-noVbv:22.72 q-Rceq:1.32 tex:12102 mv:7559 misc:1891 icu:6.75 pcu:876.75 scu:676.50 tlayer:1 pbqpoffset:1.40 pbfactor:1.18 avgQpOffsetCutree:-0.77;
in:497 out:499 type:b q:23.91 q-aq:24.01 q-noVbv:23.91 q-Rceq:1.32 tex:1001 mv:1089 misc:654 icu:0.25 pcu:190.00 scu:1369.75 tlayer:2 pbqpoffset:2.53 pbfactor:1.34 avgQpOffsetCutree:0.00;
