#options: cpuid=1050111 frame-threads=1 no-wpp no-pmode no-pme psnr no-ssim log-level=2 bitdepth=8 input-csp=1 fps=25000/1000 input-res=768x432 interlace=0 total-frames=250 level-idc=0 high-tier=1 uhd-bd=0 ref=4 no-allow-non-conformance no-repeat-headers annexb no-aud no-hrd info hash=0 no-temporal-layers open-gop min-keyint=1 keyint=5000 bframes=15 b-adapt=2 b-pyramid bframe-bias=0 rc-lookahead=40 lookahead-slices=0 scenecut=40 no-intra-refresh ctu=64 min-cu-size=8 rect amp max-tu-size=32 tu-inter-depth=3 tu-intra-depth=3 limit-tu=4 rdoq-level=2 dynamic-rd=0.00 no-ssim-rd signhide no-tskip nr-intra=0 nr-inter=0 no-constrained-intra strong-intra-smoothing max-merge=4 limit-refs=1 limit-modes me=3 subme=4 merange=57 temporal-mvp weightp weightb no-analyze-src-pics deblock=0:0 sao no-sao-non-deblock rd=6 no-early-skip rskip no-fast-intra no-tskip-fast no-cu-lossless b-intra rdpenalty=0 psy-rd=0.00 psy-rdoq=0.00 no-rd-refine analysis-reuse-mode=0 no-lossless cbqpoffs=0 crqpoffs=0 rc=abr bitrate=2000 qcomp=0.60 qpstep=4 stats-write=1 stats-read=0 slow-firstpass ipratio=1.40 pbratio=1.30 aq-mode=1 aq-strength=0.00 cutree zone-count=0 no-strict-cbr qg-size=64 no-rc-grain qpmax=69 qpmin=0 no-const-vbv sar=0 overscan=0 videoformat=5 range=0 colorprim=2 transfer=2 colormatrix=2 chromaloc=0 display-window=0 max-cll=0,0 min-luma=0 max-luma=255 log2-max-poc-lsb=8 vui-timing-info vui-hrd-info slices=1 opt-qp-pps opt-ref-list-length-pps no-multi-pass-opt-rps scenecut-bias=0.05 no-opt-cu-delta-qp no-aq-motion no-hdr no-hdr-opt no-dhdr10-opt analysis-reuse-level=5 scale-factor=0 refine-intra=0 refine-inter=0 refine-mv=0 no-limit-sao ctu-info=0 max-tlayer=4
in:0 out:0 type:I q:19.49 q-aq:12.63 q-noVbv:19.49 q-Rceq:1.00 tex:323041 mv:44151 misc:2144 icu:1296.00 pcu:0.00 scu:0.00 tlayer:0 pbqpoffset:0.00 pbfactor:1.00 avgQpOffsetCutree:-5.91;
in:16 out:1 type:k q:18.40 q-aq:12.54 q-noVbv:18.40 q-Rceq:1.00 tex:342016 mv:46594 misc:2198 icu:1279.50 pcu:16.50 scu:0.00 tlayer:0 pbqpoffset:0.00 pbfactor:1.00 avgQpOffsetCutree:-6.42;
in:8 out:2 type:B q:20.18 q-aq:14.70 q-noVbv:20.18 q-Rceq:1.00 tex:312360 mv:41800 misc:2704 icu:894.75 pcu:374.75 scu:26.50 tlayer:1 pbqpoffset:1.79 pbfactor:1.23 avgQpOffsetCutree:-5.31;
in:4 out:3 type:B q:21.33 q-aq:18.18 q-noVbv:21.33 q-Rceq:1.00 tex:88860 mv:30566 misc:4350 icu:75.75 pcu:1039.50 scu:180.75 tlayer:2 pbqpoffset:2.94 pbfactor:1.40 avgQpOffsetCutree:-2.63;
in:2 out:4 type:B q:22.05 q-aq:20.69 q-noVbv:22.05 q-Rceq:1.00 tex:10724 mv:14282 misc:3458 icu:17.00 pcu:905.50 scu:373.50 tlayer:3 pbqpoffset:3.65 pbfactor:1.52 avgQpOffsetCutree:-1.55;
in:1 out:5 type:b q:25.05 q-aq:25.00 q-noVbv:25.05 q-Rceq:1.00 tex:747 mv:4422 misc:991 icu:1.00 pcu:934.50 scu:360.50 tlayer:4 pbqpoffset:6.65 pbfactor:2.16 avgQpOffsetCutree:0.00;
in:3 out:6 type:b q:25.05 q-aq:25.00 q-noVbv:25.05 q-Rceq:1.00 tex:3376 mv:6915 misc:1525 icu:1.50 pcu:1009.25 scu:285.25 tlayer:4 pbqpoffset:6.65 pbfactor:2.16 avgQpOffsetCutree:0.00;
in:6 out:7 type:B q:22.05 q-aq:19.88 q-noVbv:22.05 q-Rceq:1.00 tex:25191 mv:20262 misc:4211 icu:18.50 pcu:932.25 scu:345.25 tlayer:3 pbqpoffset:3.65 pbfactor:1.52 avgQpOffsetCutree:-2.04;
in:5 out:8 type:b q:25.05 q-aq:25.00 q-noVbv:25.05 q-Rceq:1.00 tex:1570 mv:5200 misc:1366 icu:0.50 pcu:952.75 scu:342.75 tlayer:4 pbqpoffset:6.65 pbfactor:2.16 avgQpOffsetCutree:0.00;
in:7 out:9 type:b q:25.05 q-aq:25.00 q-noVbv:25.05 q-Rceq:1.00 tex:1438 mv:5128 misc:1098 icu:1.75 pcu:943.75 scu:350.50 tlayer:4 pbqpoffset:6.65 pbfactor:2.16 avgQpOffsetCutree:0.00;
in:12 out:10 type:B q:20.69 q-aq:15.51 q-noVbv:20.69 q-Rceq:1.00 tex:211257 mv:29338 misc:3533 icu:216.50 pcu:1010.75 scu:68.75 tlayer:2 pbqpoffset:2.29 pbfactor:1.30 avgQpOffsetCutree:-4.25;
in:10 out:11 type:B q:22.05 q-aq:19.98 q-noVbv:22.05 q-Rceq:1.00 tex:17172 mv:18150 misc:4022 icu:14.75 pcu:935.50 scu:345.75 tlayer:3 pbqpoffset:3.65 pbfactor:1.52 avgQpOffsetCutree:-1.98;
in:9 out:12 type:b q:25.05 q-aq:25.00 q-noVbv:25.05 q-Rceq:1.00 tex:1911 mv:5032 misc:1129 icu:1.00 pcu:950.75 scu:344.25 tlayer:4 pbqpoffset:6.65 pbfactor:2.16 avgQpOffsetCutree:0.00;
in:11 out:13 type:b q:25.05 q-aq:25.00 q-noVbv:25.05 q-Rceq:1.00 tex:1654 mv:4454 misc:1044 icu:2.50 pcu:870.00 scu:423.50 tlayer:4 pbqpoffset:6.65 pbfactor:2.16 avgQpOffsetCutree:0.00;
in:14 out:14 type:B q:22.05 q-aq:19.42 q-noVbv:22.05 q-Rceq:1.00 tex:36853 mv:15185 misc:3754 icu:33.00 pcu:1040.75 scu:222.25 tlayer:3 pbqpoffset:3.65 pbfactor:1.52 avgQpOffsetCutree:-2.25;
in:13 out:15 type:b q:25.05 q-aq:25.00 q-noVbv:25.05 q-Rceq:1.00 tex:1630 mv:4457 misc:1057 icu:1.75 pcu:819.50 scu:474.75 tlayer:4 pbqpoffset:6.65 pbfactor:2.16 avgQpOffsetCutree:0.00;
in:15 out:16 type:b q:24.13 q-aq:24.00 q-noVbv:24.13 q-Rceq:1.00 tex:12131 mv:7287 misc:2206 icu:8.00 pcu:1011.75 scu:276.25 tlayer:4 pbqpoffset:5.73 pbfactor:1.94 avgQpOffsetCutree:0.00;
in:21 out:17 type:k q:19.29 q-aq:13.30 q-noVbv:19.29 q-Rceq:1.00 tex:325616 mv:41486 misc:3322 icu:398.25 pcu:846.50 scu:51.25 tlayer:0 pbqpoffset:0.00 pbfactor:1.00 avgQpOffsetCutree:-6.20;
in:19 out:18 type:B q:20.55 q-aq:18.23 q-noVbv:20.55 q-Rceq:1.00 tex:59851 mv:26673 misc:4516 icu:28.75 pcu:1011.75 scu:255.50 tlayer:1 pbqpoffset:1.61 pbfactor:1.20 avgQpOffsetCutree:-1.98;
in:18 out:19 type:B q:21.55 q-aq:21.37 q-noVbv:21.55 q-Rceq:1.00 tex:8462 mv:12486 misc:2916 icu:7.25 pcu:984.25 scu:304.50 tlayer:2 pbqpoffset:2.79 pbfactor:1.38 avgQpOffsetCutree:-0.73;
in:17 out:20 type:b q:23.28 q-aq:23.00 q-noVbv:23.28 q-Rceq:1.00 tex:957 mv:4918 misc:1181 icu:0.25 pcu:924.25 scu:371.50 tlayer:3 pbqpoffset:4.70 pbfactor:1.72 avgQpOffsetCutree:0.00;
in:20 out:21 type:b q:22.62 q-aq:23.00 q-noVbv:22.62 q-Rceq:1.00 tex:4525 mv:6944 misc:1859 icu:2.50 pcu:968.50 scu:325.00 tlayer:2 pbqpoffset:3.51 pbfactor:1.50 avgQpOffsetCutree:0.00;
in:35 out:22 type:k q:19.93 q-aq:13.95 q-noVbv:19.93 q-Rceq:1.00 tex:360839 mv:47514 misc:2047 icu:1188.75 pcu:105.00 scu:2.25 tlayer:0 pbqpoffset:0.00 pbfactor:1.00 avgQpOffsetCutree:-6.69;
in:28 out:23 type:B q:21.01 q-aq:16.12 q-noVbv:21.01 q-Rceq:1.00 tex:208641 mv:37367 misc:3080 icu:227.25 pcu:1004.50 scu:64.25 tlayer:1 pbqpoffset:1.41 pbfactor:1.18 avgQpOffsetCutree:-4.67;
in:25 out:24 type:B q:22.59 q-aq:19.01 q-noVbv:22.59 q-Rceq:1.00 tex:44402 mv:25533 misc:4089 icu:17.00 pcu:1009.75 scu:269.25 tlayer:2 pbqpoffset:3.11 pbfactor:1.43 avgQpOffsetCutree:-2.82;
in:23 out:25 type:B q:22.63 q-aq:20.84 q-noVbv:22.63 q-Rceq:1.00 tex:14864 mv:13751 misc:3025 icu:5.50 pcu:1042.50 scu:248.00 tlayer:3 pbqpoffset:3.25 pbfactor:1.46 avgQpOffsetCutree:-1.73;
in:22 out:26 type:b q:25.59 q-aq:26.00 q-noVbv:25.59 q-Rceq:1.00 tex:1270 mv:4210 misc:976 icu:0.75 pcu:927.25 scu:368.00 tlayer:4 pbqpoffset:6.25 pbfactor:2.06 avgQpOffsetCutree:0.00;
in:24 out:27 type:b q:25.68 q-aq:26.00 q-noVbv:25.68 q-Rceq:1.00 tex:1372 mv:4257 misc:1115 icu:1.25 pcu:858.00 scu:436.75 tlayer:4 pbqpoffset:6.25 pbfactor:2.06 avgQpOffsetCutree:0.00;
in:27 out:28 type:B q:22.81 q-aq:22.67 q-noVbv:22.81 q-Rceq:1.00 tex:3252 mv:7028 misc:1584 icu:1.75 pcu:958.25 scu:336.00 tlayer:3 pbqpoffset:3.25 pbfactor:1.46 avgQpOffsetCutree:-0.74;
in:26 out:29 type:b q:25.77 q-aq:26.00 q-noVbv:25.77 q-Rceq:1.00 tex:836 mv:4030 misc:918 icu:1.25 pcu:812.00 scu:482.75 tlayer:4 pbqpoffset:6.25 pbfactor:2.06 avgQpOffsetCutree:0.00;
in:32 out:30 type:B q:21.75 q-aq:19.05 q-noVbv:21.75 q-Rceq:1.00 tex:117220 mv:29464 misc:4244 icu:231.50 pcu:855.75 scu:208.75 tlayer:2 pbqpoffset:1.96 pbfactor:1.25 avgQpOffsetCutree:-2.37;
in:30 out:31 type:B q:22.94 q-aq:20.34 q-noVbv:22.94 q-Rceq:1.00 tex:30950 mv:14778 misc:3840 icu:25.50 pcu:991.00 scu:279.50 tlayer:3 pbqpoffset:3.25 pbfactor:1.46 avgQpOffsetCutree:-2.20;
in:29 out:32 type:b q:25.90 q-aq:26.00 q-noVbv:25.90 q-Rceq:1.00 tex:1002 mv:4036 misc:930 icu:2.25 pcu:806.50 scu:487.25 tlayer:4 pbqpoffset:6.25 pbfactor:2.06 avgQpOffsetCutree:0.00;
in:31 out:33 type:b q:24.69 q-aq:25.00 q-noVbv:24.69 q-Rceq:1.00 tex:7447 mv:7073 misc:2192 icu:4.75 pcu:950.50 scu:340.75 tlayer:4 pbqpoffset:4.95 pbfactor:1.77 avgQpOffsetCutree:0.00;
in:34 out:34 type:B q:23.13 q-aq:22.93 q-noVbv:23.13 q-Rceq:1.00 tex:7201 mv:9538 misc:2389 icu:9.50 pcu:948.75 scu:337.75 tlayer:3 pbqpoffset:3.25 pbfactor:1.46 avgQpOffsetCutree:-0.75;
in:33 out:35 type:b q:26.08 q-aq:26.00 q-noVbv:26.08 q-Rceq:1.00 tex:1353 mv:4134 misc:913 icu:1.50 pcu:947.75 scu:346.75 tlayer:4 pbqpoffset:6.25 pbfactor:2.06 avgQpOffsetCutree:0.00;
in:48 out:36 type:k q:18.56 q-aq:12.50 q-noVbv:18.56 q-Rceq:1.00 tex:391479 mv:49960 misc:2097 icu:1244.00 pcu:50.00 scu:2.00 tlayer:0 pbqpoffset:0.00 pbfactor:1.00 avgQpOffsetCutree:-6.73;
in:42 out:37 type:B q:20.82 q-aq:15.51 q-noVbv:20.82 q-Rceq:1.00 tex:217753 mv:40414 misc:3217 icu:239.00 pcu:985.50 scu:71.50 tlayer:1 pbqpoffset:1.64 pbfactor:1.21 avgQpOffsetCutree:-5.00;
in:39 out:38 type:B q:22.90 q-aq:19.20 q-noVbv:22.90 q-Rceq:1.00 tex:32963 mv:24471 misc:4286 icu:15.75 pcu:961.25 scu:319.00 tlayer:2 pbqpoffset:3.39 pbfactor:1.48 avgQpOffsetCutree:-2.97;
in:37 out:39 type:B q:23.16 q-aq:21.54 q-noVbv:23.16 q-Rceq:1.00 tex:11305 mv:13048 misc:2559 icu:6.75 pcu:1006.50 scu:282.75 tlayer:3 pbqpoffset:3.45 pbfactor:1.49 avgQpOffsetCutree:-1.63;
in:36 out:40 type:b q:26.27 q-aq:26.00 q-noVbv:26.27 q-Rceq:1.00 tex:1741 mv:4458 misc:977 icu:4.00 pcu:920.00 scu:372.00 tlayer:4 pbqpoffset:6.45 pbfactor:2.11 avgQpOffsetCutree:0.00;
in:38 out:41 type:b q:26.05 q-aq:26.00 q-noVbv:26.05 q-Rceq:1.00 tex:1561 mv:4031 misc:936 icu:3.50 pcu:804.00 scu:488.50 tlayer:4 pbqpoffset:6.45 pbfactor:2.11 avgQpOffsetCutree:0.00;
in:41 out:42 type:B q:22.74 q-aq:22.19 q-noVbv:22.74 q-Rceq:1.00 tex:4984 mv:9266 misc:2078 icu:1.50 pcu:986.25 scu:308.25 tlayer:3 pbqpoffset:3.45 pbfactor:1.49 avgQpOffsetCutree:-1.00;
in:40 out:43 type:b q:25.84 q-aq:26.00 q-noVbv:25.84 q-Rceq:1.00 tex:845 mv:3947 misc:1024 icu:0.50 pcu:762.50 scu:533.00 tlayer:4 pbqpoffset:6.45 pbfactor:2.11 avgQpOffsetCutree:0.00;
in:45 out:44 type:B q:21.51 q-aq:17.41 q-noVbv:21.51 q-Rceq:1.00 tex:101734 mv:22401 misc:4513 icu:41.50 pcu:1081.50 scu:173.00 tlayer:2 pbqpoffset:2.64 pbfactor:1.36 avgQpOffsetCutree:-3.29;
in:44 out:45 type:B q:22.42 q-aq:22.40 q-noVbv:22.42 q-Rceq:1.00 tex:4171 mv:7056 misc:1717 icu:0.25 pcu:919.75 scu:376.00 tlayer:3 pbqpoffset:3.45 pbfactor:1.49 avgQpOffsetCutree:-0.68;
in:43 out:46 type:b q:25.53 q-aq:26.00 q-noVbv:25.53 q-Rceq:1.00 tex:1184 mv:4298 misc:966 icu:0.75 pcu:819.50 scu:475.75 tlayer:4 pbqpoffset:6.45 pbfactor:2.11 avgQpOffsetCutree:0.00;
in:47 out:47 type:B q:22.11 q-aq:21.63 q-noVbv:22.11 q-Rceq:1.00 tex:16967 mv:12530 misc:3463 icu:18.50 pcu:990.00 scu:287.50 tlayer:3 pbqpoffset:3.45 pbfactor:1.49 avgQpOffsetCutree:-0.89;
in:46 out:48 type:b q:25.21 q-aq:25.00 q-noVbv:25.21 q-Rceq:1.00 tex:1862 mv:4730 misc:1040 icu:2.00 pcu:947.50 scu:346.50 tlayer:4 pbqpoffset:6.45 pbfactor:2.11 avgQpOffsetCutree:0.00;
in:64 out:49 type:k q:17.53 q-aq:11.45 q-noVbv:17.53 q-Rceq:1.00 tex:480899 mv:55280 misc:1933 icu:1219.00 pcu:76.75 scu:0.25 tlayer:0 pbqpoffset:0.65 pbfactor:1.08 avgQpOffsetCutree:-6.93;
in:56 out:50 type:B q:19.86 q-aq:14.40 q-noVbv:19.86 q-Rceq:1.00 tex:283733 mv:46771 misc:2808 icu:362.75 pcu:874.00 scu:59.25 tlayer:1 pbqpoffset:1.82 pbfactor:1.23 avgQpOffsetCutree:-5.33;
in:52 out:51 type:B q:21.80 q-aq:17.37 q-noVbv:21.80 q-Rceq:1.00 tex:61843 mv:30122 misc:4595 icu:21.25 pcu:1000.00 scu:274.75 tlayer:2 pbqpoffset:3.50 pbfactor:1.50 avgQpOffsetCutree:-3.46;
in:50 out:52 type:B q:21.93 q-aq:20.22 q-noVbv:21.93 q-Rceq:1.00 tex:15934 mv:14372 misc:2814 icu:3.25 pcu:977.50 scu:315.25 tlayer:3 pbqpoffset:3.50 pbfactor:1.50 avgQpOffsetCutree:-1.61;
in:49 out:53 type:b q:24.99 q-aq:25.00 q-noVbv:24.99 q-Rceq:1.00 tex:1331 mv:4696 misc:909 icu:0.25 pcu:939.75 scu:356.00 tlayer:4 pbqpoffset:6.50 pbfactor:2.12 avgQpOffsetCutree:0.00;
in:51 out:54 type:b q:24.86 q-aq:25.00 q-noVbv:24.86 q-Rceq:1.00 tex:1195 mv:4173 misc:944 icu:0.50 pcu:883.25 scu:412.25 tlayer:4 pbqpoffset:6.50 pbfactor:2.12 avgQpOffsetCutree:0.00;
in:54 out:55 type:B q:21.67 q-aq:19.75 q-noVbv:21.67 q-Rceq:1.00 tex:15965 mv:15534 misc:2861 icu:4.00 pcu:979.50 scu:312.50 tlayer:3 pbqpoffset:3.50 pbfactor:1.50 avgQpOffsetCutree:-1.71;
in:53 out:56 type:b q:24.73 q-aq:25.00 q-noVbv:24.73 q-Rceq:1.00 tex:1447 mv:4647 misc:994 icu:0.00 pcu:870.75 scu:425.25 tlayer:4 pbqpoffset:6.50 pbfactor:2.12 avgQpOffsetCutree:0.00;
in:55 out:57 type:b q:24.61 q-aq:25.00 q-noVbv:24.61 q-Rceq:1.00 tex:1533 mv:4423 misc:1156 icu:0.25 pcu:841.50 scu:454.25 tlayer:4 pbqpoffset:6.50 pbfactor:2.12 avgQpOffsetCutree:0.00;
in:60 out:58 type:B q:20.57 q-aq:15.94 q-noVbv:20.57 q-Rceq:1.00 tex:142015 mv:30938 misc:3999 icu:89.25 pcu:1087.50 scu:119.25 tlayer:2 pbqpoffset:2.79 pbfactor:1.38 avgQpOffsetCutree:-3.86;
in:58 out:59 type:B q:21.41 q-aq:19.51 q-noVbv:21.41 q-Rceq:1.00 tex:18309 mv:15753 misc:3410 icu:4.75 pcu:943.50 scu:347.75 tlayer:3 pbqpoffset:3.50 pbfactor:1.50 avgQpOffsetCutree:-1.71;
in:57 out:60 type:b q:24.48 q-aq:24.15 q-noVbv:24.48 q-Rceq:1.00 tex:1587 mv:5371 misc:1162 icu:0.75 pcu:945.25 scu:350.00 tlayer:4 pbqpoffset:6.50 pbfactor:2.12 avgQpOffsetCutree:0.00;
in:59 out:61 type:b q:24.35 q-aq:24.00 q-noVbv:24.35 q-Rceq:1.00 tex:2086 mv:5418 misc:1288 icu:0.50 pcu:898.00 scu:397.50 tlayer:4 pbqpoffset:6.50 pbfactor:2.12 avgQpOffsetCutree:0.00;
in:62 out:62 type:B q:21.15 q-aq:18.73 q-noVbv:21.15 q-Rceq:1.00 tex:37307 mv:15919 misc:4406 icu:23.00 pcu:970.75 scu:302.25 tlayer:3 pbqpoffset:3.50 pbfactor:1.50 avgQpOffsetCutree:-2.07;
in:61 out:63 type:b q:24.22 q-aq:24.00 q-noVbv:24.22 q-Rceq:1.00 tex:1955 mv:5321 misc:1124 icu:1.00 pcu:925.25 scu:369.75 tlayer:4 pbqpoffset:6.50 pbfactor:2.12 avgQpOffsetCutree:0.00;
in:63 out:64 type:b q:23.91 q-aq:24.00 q-noVbv:23.91 q-Rceq:1.00 tex:4189 mv:5712 misc:1875 icu:0.75 pcu:888.50 scu:406.75 tlayer:4 pbqpoffset:6.32 pbfactor:2.08 avgQpOffsetCutree:0.00;
in:80 out:65 type:k q:17.42 q-aq:11.18 q-noVbv:17.42 q-Rceq:1.00 tex:511834 mv:55894 misc:1928 icu:1222.75 pcu:71.00 scu:2.25 tlayer:0 pbqpoffset:0.65 pbfactor:1.08 avgQpOffsetCutree:-7.07;
in:72 out:66 type:B q:19.70 q-aq:14.04 q-noVbv:19.70 q-Rceq:1.00 tex:288229 mv:49100 misc:2591 icu:308.50 pcu:978.25 scu:9.25 tlayer:1 pbqpoffset:2.23 pbfactor:1.29 avgQpOffsetCutree:-5.47;
in:68 out:67 type:B q:21.09 q-aq:16.81 q-noVbv:21.09 q-Rceq:1.00 tex:60054 mv:30031 misc:4707 icu:21.00 pcu:981.25 scu:293.75 tlayer:2 pbqpoffset:3.59 pbfactor:1.51 avgQpOffsetCutree:-3.45;
in:66 out:68 type:B q:21.11 q-aq:19.34 q-noVbv:21.11 q-Rceq:1.00 tex:14134 mv:14229 misc:2549 icu:5.25 pcu:1055.75 scu:235.00 tlayer:3 pbqpoffset:3.59 pbfactor:1.51 avgQpOffsetCutree:-1.68;
in:65 out:69 type:b q:24.12 q-aq:24.00 q-noVbv:24.12 q-Rceq:1.00 tex:2108 mv:5570 misc:1122 icu:0.25 pcu:889.50 scu:406.25 tlayer:4 pbqpoffset:6.59 pbfactor:2.14 avgQpOffsetCutree:0.00;
in:67 out:70 type:b q:24.10 q-aq:24.00 q-noVbv:24.10 q-Rceq:1.00 tex:2314 mv:5138 misc:1060 icu:0.25 pcu:910.50 scu:385.25 tlayer:4 pbqpoffset:6.59 pbfactor:2.14 avgQpOffsetCutree:0.00;
in:70 out:71 type:B q:21.08 q-aq:19.13 q-noVbv:21.08 q-Rceq:1.00 tex:18995 mv:15759 misc:3310 icu:5.50 pcu:968.75 scu:321.75 tlayer:3 pbqpoffset:3.59 pbfactor:1.51 avgQpOffsetCutree:-1.74;
in:69 out:72 type:b q:24.09 q-aq:24.00 q-noVbv:24.09 q-Rceq:1.00 tex:2618 mv:5280 misc:1166 icu:0.50 pcu:916.75 scu:378.75 tlayer:4 pbqpoffset:6.59 pbfactor:2.14 avgQpOffsetCutree:0.00;
in:71 out:73 type:b q:24.07 q-aq:24.00 q-noVbv:24.07 q-Rceq:1.00 tex:2377 mv:4848 misc:1063 icu:0.50 pcu:917.25 scu:378.25 tlayer:4 pbqpoffset:6.59 pbfactor:2.14 avgQpOffsetCutree:0.00;
in:76 out:74 type:B q:20.59 q-aq:15.85 q-noVbv:20.59 q-Rceq:1.00 tex:143844 mv:31430 misc:4190 icu:79.00 pcu:1084.25 scu:132.75 tlayer:2 pbqpoffset:3.14 pbfactor:1.44 avgQpOffsetCutree:-4.05;
in:74 out:75 type:B q:21.05 q-aq:19.16 q-noVbv:21.05 q-Rceq:1.00 tex:19443 mv:16720 misc:3085 icu:6.50 pcu:1008.25 scu:281.25 tlayer:3 pbqpoffset:3.59 pbfactor:1.51 avgQpOffsetCutree:-1.74;
in:73 out:76 type:b q:24.06 q-aq:24.00 q-noVbv:24.06 q-Rceq:1.00 tex:3863 mv:5067 misc:1126 icu:0.25 pcu:944.75 scu:351.00 tlayer:4 pbqpoffset:6.59 pbfactor:2.14 avgQpOffsetCutree:0.00;
in:75 out:77 type:b q:24.05 q-aq:24.00 q-noVbv:24.05 q-Rceq:1.00 tex:2339 mv:5175 misc:1134 icu:0.50 pcu:941.25 scu:354.25 tlayer:4 pbqpoffset:6.59 pbfactor:2.14 avgQpOffsetCutree:0.00;
in:78 out:78 type:B q:21.03 q-aq:18.29 q-noVbv:21.03 q-Rceq:1.00 tex:26665 mv:11439 misc:3856 icu:18.25 pcu:936.00 scu:341.75 tlayer:3 pbqpoffset:3.59 pbfactor:1.51 avgQpOffsetCutree:-2.21;
in:77 out:79 type:b q:24.03 q-aq:24.00 q-noVbv:24.03 q-Rceq:1.00 tex:2009 mv:4492 misc:1067 icu:0.00 pcu:942.75 scu:353.25 tlayer:4 pbqpoffset:6.59 pbfactor:2.14 avgQpOffsetCutree:0.00;
in:79 out:80 type:b q:24.02 q-aq:24.00 q-noVbv:24.02 q-Rceq:1.00 tex:3140 mv:4303 misc:1613 icu:2.50 pcu:850.00 scu:443.50 tlayer:4 pbqpoffset:6.59 pbfactor:2.14 avgQpOffsetCutree:0.00;
in:96 out:81 type:k q:17.37 q-aq:11.26 q-noVbv:17.37 q-Rceq:1.00 tex:489058 mv:54844 misc:1954 icu:1254.00 pcu:41.50 scu:0.50 tlayer:0 pbqpoffset:0.25 pbfactor:1.03 avgQpOffsetCutree:-6.87;
in:88 out:82 type:B q:19.33 q-aq:13.53 q-noVbv:19.33 q-Rceq:1.00 tex:318425 mv:50197 misc:2426 icu:300.75 pcu:989.25 scu:6.00 tlayer:1 pbqpoffset:1.94 pbfactor:1.25 avgQpOffsetCutree:-5.64;
in:84 out:83 type:B q:20.98 q-aq:16.70 q-noVbv:20.98 q-Rceq:1.00 tex:56828 mv:28531 misc:4345 icu:12.25 pcu:991.75 scu:292.00 tlayer:2 pbqpoffset:3.57 pbfactor:1.51 avgQpOffsetCutree:-3.41;
in:82 out:84 type:B q:20.99 q-aq:18.98 q-noVbv:20.99 q-Rceq:1.00 tex:14475 mv:13168 misc:2589 icu:5.75 pcu:996.75 scu:293.50 tlayer:3 pbqpoffset:3.57 pbfactor:1.51 avgQpOffsetCutree:-1.75;
in:81 out:85 type:b q:23.99 q-aq:24.00 q-noVbv:23.99 q-Rceq:1.00 tex:2439 mv:4941 misc:1004 icu:1.75 pcu:912.25 scu:382.00 tlayer:4 pbqpoffset:6.57 pbfactor:2.14 avgQpOffsetCutree:0.00;
in:83 out:86 type:b q:23.98 q-aq:24.00 q-noVbv:23.98 q-Rceq:1.00 tex:2134 mv:5132 misc:1174 icu:0.00 pcu:867.50 scu:428.50 tlayer:4 pbqpoffset:6.57 pbfactor:2.14 avgQpOffsetCutree:0.00;
in:86 out:87 type:B q:20.97 q-aq:19.12 q-noVbv:20.97 q-Rceq:1.00 tex:16467 mv:14796 misc:2993 icu:5.00 pcu:964.50 scu:326.50 tlayer:3 pbqpoffset:3.57 pbfactor:1.51 avgQpOffsetCutree:-1.70;
in:85 out:88 type:b q:23.98 q-aq:24.00 q-noVbv:23.98 q-Rceq:1.00 tex:1902 mv:5193 misc:1193 icu:0.00 pcu:863.75 scu:432.25 tlayer:4 pbqpoffset:6.57 pbfactor:2.14 avgQpOffsetCutree:0.00;
in:87 out:89 type:b q:23.97 q-aq:24.00 q-noVbv:23.97 q-Rceq:1.00 tex:1638 mv:5113 misc:1105 icu:1.00 pcu:878.25 scu:416.75 tlayer:4 pbqpoffset:6.57 pbfactor:2.14 avgQpOffsetCutree:0.00;
in:92 out:90 type:B q:20.42 q-aq:15.69 q-noVbv:20.42 q-Rceq:1.00 tex:121404 mv:27098 misc:4066 icu:67.75 pcu:1109.75 scu:118.50 tlayer:2 pbqpoffset:3.04 pbfactor:1.42 avgQpOffsetCutree:-4.08;
in:90 out:91 type:B q:20.96 q-aq:19.00 q-noVbv:20.96 q-Rceq:1.00 tex:10600 mv:13616 misc:2560 icu:2.00 pcu:971.75 scu:322.25 tlayer:3 pbqpoffset:3.57 pbfactor:1.51 avgQpOffsetCutree:-1.81;
in:89 out:92 type:b q:23.97 q-aq:24.00 q-noVbv:23.97 q-Rceq:1.00 tex:2325 mv:5313 misc:1074 icu:0.00 pcu:943.25 scu:352.75 tlayer:4 pbqpoffset:6.57 pbfactor:2.14 avgQpOffsetCutree:0.00;
in:91 out:93 type:b q:23.96 q-aq:24.00 q-noVbv:23.96 q-Rceq:1.00 tex:1436 mv:4377 misc:963 icu:0.00 pcu:943.50 scu:352.50 tlayer:4 pbqpoffset:6.57 pbfactor:2.14 avgQpOffsetCutree:0.00;
in:94 out:94 type:B q:20.95 q-aq:18.40 q-noVbv:20.95 q-Rceq:1.00 tex:22530 mv:10526 misc:4080 icu:11.75 pcu:829.25 scu:455.00 tlayer:3 pbqpoffset:3.57 pbfactor:1.51 avgQpOffsetCutree:-2.15;
in:93 out:95 type:b q:23.95 q-aq:24.00 q-noVbv:23.95 q-Rceq:1.00 tex:1100 mv:4148 misc:896 icu:0.00 pcu:883.50 scu:412.50 tlayer:4 pbqpoffset:6.57 pbfactor:2.14 avgQpOffsetCutree:0.00;
in:95 out:96 type:b q:23.95 q-aq:24.00 q-noVbv:23.95 q-Rceq:1.00 tex:576 mv:3615 misc:1649 icu:1.00 pcu:719.50 scu:575.50 tlayer:4 pbqpoffset:6.57 pbfactor:2.14 avgQpOffsetCutree:0.00;
in:112 out:97 type:k q:17.26 q-aq:10.94 q-noVbv:17.26 q-Rceq:1.00 tex:523767 mv:57142 misc:1723 icu:1206.25 pcu:89.75 scu:0.00 tlayer:0 pbqpoffset:0.51 pbfactor:1.06 avgQpOffsetCutree:-7.02;
in:104 out:98 type:B q:19.19 q-aq:13.55 q-noVbv:19.19 q-Rceq:1.00 tex:333106 mv:45569 misc:2541 icu:304.75 pcu:909.75 scu:81.50 tlayer:1 pbqpoffset:1.87 pbfactor:1.24 avgQpOffsetCutree:-5.60;
in:100 out:99 type:B q:20.87 q-aq:16.62 q-noVbv:20.87 q-Rceq:1.00 tex:72220 mv:28866 misc:4386 icu:13.50 pcu:1003.00 scu:279.50 tlayer:2 pbqpoffset:3.52 pbfactor:1.50 avgQpOffsetCutree:-3.45;
in:98 out:100 type:B q:20.88 q-aq:19.09 q-noVbv:20.88 q-Rceq:1.00 tex:23420 mv:16280 misc:2924 icu:3.75 pcu:1008.50 scu:283.75 tlayer:3 pbqpoffset:3.52 pbfactor:1.50 avgQpOffsetCutree:-1.65;
in:97 out:101 type:b q:23.89 q-aq:24.00 q-noVbv:23.89 q-Rceq:1.00 tex:1849 mv:4965 misc:1202 icu:0.25 pcu:868.00 scu:427.75 tlayer:4 pbqpoffset:6.52 pbfactor:2.12 avgQpOffsetCutree:0.00;
in:99 out:102 type:b q:23.87 q-aq:24.00 q-noVbv:23.87 q-Rceq:1.00 tex:1829 mv:4773 misc:1078 icu:0.50 pcu:892.00 scu:403.50 tlayer:4 pbqpoffset:6.52 pbfactor:2.12 avgQpOffsetCutree:0.00;
in:102 out:103 type:B q:20.85 q-aq:18.94 q-noVbv:20.85 q-Rceq:1.00 tex:20230 mv:15713 misc:3121 icu:4.25 pcu:979.75 scu:312.00 tlayer:3 pbqpoffset:3.52 pbfactor:1.50 avgQpOffsetCutree:-1.77;
in:101 out:104 type:b q:23.86 q-aq:24.00 q-noVbv:23.86 q-Rceq:1.00 tex:2287 mv:4828 misc:1213 icu:0.25 pcu:853.50 scu:442.25 tlayer:4 pbqpoffset:6.52 pbfactor:2.12 avgQpOffsetCutree:0.00;
in:103 out:105 type:b q:23.85 q-aq:24.00 q-noVbv:23.85 q-Rceq:1.00 tex:2184 mv:4859 misc:1125 icu:0.25 pcu:899.25 scu:396.50 tlayer:4 pbqpoffset:6.52 pbfactor:2.12 avgQpOffsetCutree:0.00;
in:108 out:106 type:B q:20.20 q-aq:15.47 q-noVbv:20.20 q-Rceq:1.00 tex:139543 mv:28075 misc:4102 icu:73.25 pcu:1089.25 scu:133.50 tlayer:2 pbqpoffset:2.91 pbfactor:1.40 avgQpOffsetCutree:-4.09;
in:106 out:107 type:B q:20.83 q-aq:18.91 q-noVbv:20.83 q-Rceq:1.00 tex:13912 mv:14372 misc:2764 icu:5.50 pcu:985.00 scu:305.50 tlayer:3 pbqpoffset:3.52 pbfactor:1.50 avgQpOffsetCutree:-1.73;
in:105 out:108 type:b q:23.83 q-aq:24.00 q-noVbv:23.83 q-Rceq:1.00 tex:3012 mv:5485 misc:1215 icu:0.00 pcu:938.75 scu:357.25 tlayer:4 pbqpoffset:6.52 pbfactor:2.12 avgQpOffsetCutree:0.00;
in:107 out:109 type:b q:23.82 q-aq:24.00 q-noVbv:23.82 q-Rceq:1.00 tex:1875 mv:4614 misc:1015 icu:0.25 pcu:915.25 scu:380.50 tlayer:4 pbqpoffset:6.52 pbfactor:2.12 avgQpOffsetCutree:0.00;
in:110 out:110 type:B q:20.80 q-aq:18.34 q-noVbv:20.80 q-Rceq:1.00 tex:22729 mv:10690 misc:3693 icu:13.50 pcu:865.75 scu:416.75 tlayer:3 pbqpoffset:3.52 pbfactor:1.50 avgQpOffsetCutree:-2.15;
in:109 out:111 type:b q:23.81 q-aq:24.00 q-noVbv:23.81 q-Rceq:1.00 tex:856 mv:4377 misc:975 icu:1.00 pcu:888.50 scu:406.50 tlayer:4 pbqpoffset:6.52 pbfactor:2.12 avgQpOffsetCutree:0.00;
in:111 out:112 type:b q:23.67 q-aq:24.00 q-noVbv:23.67 q-Rceq:1.00 tex:1163 mv:3828 misc:1633 icu:1.00 pcu:762.25 scu:532.75 tlayer:4 pbqpoffset:6.40 pbfactor:2.10 avgQpOffsetCutree:0.00;
in:128 out:113 type:k q:17.33 q-aq:10.95 q-noVbv:17.33 q-Rceq:1.00 tex:526036 mv:58338 misc:1874 icu:1185.75 pcu:109.75 scu:0.50 tlayer:0 pbqpoffset:0.03 pbfactor:1.00 avgQpOffsetCutree:-7.11;
in:120 out:114 type:B q:19.24 q-aq:13.52 q-noVbv:19.24 q-Rceq:1.00 tex:328657 mv:44153 misc:2574 icu:239.50 pcu:984.00 scu:72.50 tlayer:1 pbqpoffset:1.94 pbfactor:1.25 avgQpOffsetCutree:-5.58;
in:116 out:115 type:B q:20.78 q-aq:16.57 q-noVbv:20.78 q-Rceq:1.00 tex:61285 mv:26955 misc:4360 icu:7.50 pcu:994.75 scu:293.75 tlayer:2 pbqpoffset:3.50 pbfactor:1.50 avgQpOffsetCutree:-3.39;
in:114 out:116 type:B q:20.77 q-aq:19.06 q-noVbv:20.77 q-Rceq:1.00 tex:14253 mv:13167 misc:2572 icu:2.50 pcu:990.00 scu:303.50 tlayer:3 pbqpoffset:3.50 pbfactor:1.50 avgQpOffsetCutree:-1.71;
in:113 out:117 type:b q:23.77 q-aq:24.00 q-noVbv:23.77 q-Rceq:1.00 tex:1812 mv:4414 misc:1070 icu:0.00 pcu:841.25 scu:454.75 tlayer:4 pbqpoffset:6.50 pbfactor:2.12 avgQpOffsetCutree:0.00;
in:115 out:118 type:b q:23.78 q-aq:24.00 q-noVbv:23.78 q-Rceq:1.00 tex:1556 mv:4891 misc:1089 icu:0.00 pcu:892.00 scu:404.00 tlayer:4 pbqpoffset:6.50 pbfactor:2.12 avgQpOffsetCutree:0.00;
in:118 out:119 type:B q:20.79 q-aq:18.88 q-noVbv:20.79 q-Rceq:1.00 tex:18528 mv:14991 misc:3089 icu:2.50 pcu:993.75 scu:299.75 tlayer:3 pbqpoffset:3.50 pbfactor:1.50 avgQpOffsetCutree:-1.71;
in:117 out:120 type:b q:23.79 q-aq:24.00 q-noVbv:23.79 q-Rceq:1.00 tex:2100 mv:4976 misc:1156 icu:0.50 pcu:936.00 scu:359.50 tlayer:4 pbqpoffset:6.50 pbfactor:2.12 avgQpOffsetCutree:0.00;
in:119 out:121 type:b q:23.79 q-aq:24.00 q-noVbv:23.79 q-Rceq:1.00 tex:1706 mv:4653 misc:1073 icu:0.25 pcu:883.25 scu:412.50 tlayer:4 pbqpoffset:6.50 pbfactor:2.12 avgQpOffsetCutree:0.00;
in:124 out:122 type:B q:20.15 q-aq:15.38 q-noVbv:20.15 q-Rceq:1.00 tex:145260 mv:26880 misc:4060 icu:71.25 pcu:1065.00 scu:159.75 tlayer:2 pbqpoffset:2.83 pbfactor:1.39 avgQpOffsetCutree:-4.19;
in:122 out:123 type:B q:20.81 q-aq:18.96 q-noVbv:20.81 q-Rceq:1.00 tex:14507 mv:13536 misc:2869 icu:2.25 pcu:926.50 scu:367.25 tlayer:3 pbqpoffset:3.50 pbfactor:1.50 avgQpOffsetCutree:-1.78;
in:121 out:124 type:b q:23.80 q-aq:24.00 q-noVbv:23.80 q-Rceq:1.00 tex:2233 mv:5503 misc:1160 icu:0.00 pcu:912.50 scu:383.50 tlayer:4 pbqpoffset:6.50 pbfactor:2.12 avgQpOffsetCutree:0.00;
in:123 out:125 type:b q:23.81 q-aq:24.00 q-noVbv:23.81 q-Rceq:1.00 tex:1137 mv:4398 misc:993 icu:1.25 pcu:862.50 scu:432.25 tlayer:4 pbqpoffset:6.50 pbfactor:2.12 avgQpOffsetCutree:0.00;
in:126 out:126 type:B q:20.82 q-aq:18.31 q-noVbv:20.82 q-Rceq:1.00 tex:19756 mv:8613 misc:3495 icu:7.50 pcu:795.25 scu:493.25 tlayer:3 pbqpoffset:3.50 pbfactor:1.50 avgQpOffsetCutree:-2.21;
in:125 out:127 type:b q:23.82 q-aq:24.00 q-noVbv:23.82 q-Rceq:1.00 tex:552 mv:3978 misc:926 icu:1.00 pcu:872.00 scu:423.00 tlayer:4 pbqpoffset:6.50 pbfactor:2.12 avgQpOffsetCutree:0.00;
in:127 out:128 type:b q:23.39 q-aq:23.00 q-noVbv:23.39 q-Rceq:1.00 tex:962 mv:3721 misc:1709 icu:1.25 pcu:591.00 scu:703.75 tlayer:4 pbqpoffset:6.06 pbfactor:2.01 avgQpOffsetCutree:0.00;
in:144 out:129 type:k q:17.28 q-aq:10.77 q-noVbv:17.28 q-Rceq:1.00 tex:535557 mv:58600 misc:1907 icu:1188.25 pcu:107.50 scu:0.25 tlayer:0 pbqpoffset:0.47 pbfactor:1.06 avgQpOffsetCutree:-7.11;
in:136 out:130 type:B q:18.99 q-aq:13.16 q-noVbv:18.99 q-Rceq:1.00 tex:341336 mv:42815 misc:2361 icu:243.00 pcu:970.75 scu:82.25 tlayer:1 pbqpoffset:1.68 pbfactor:1.21 avgQpOffsetCutree:-5.66;
in:132 out:131 type:B q:20.68 q-aq:16.68 q-noVbv:20.68 q-Rceq:1.00 tex:61134 mv:27175 misc:4275 icu:10.00 pcu:1026.25 scu:259.75 tlayer:2 pbqpoffset:3.37 pbfactor:1.48 avgQpOffsetCutree:-3.43;
in:130 out:132 type:B q:20.76 q-aq:19.06 q-noVbv:20.76 q-Rceq:1.00 tex:18821 mv:13111 misc:2724 icu:0.75 pcu:979.00 scu:316.25 tlayer:3 pbqpoffset:3.44 pbfactor:1.49 avgQpOffsetCutree:-1.68;
in:129 out:133 type:b q:23.77 q-aq:24.00 q-noVbv:23.77 q-Rceq:1.00 tex:1685 mv:4525 misc:1054 icu:0.75 pcu:822.50 scu:472.75 tlayer:4 pbqpoffset:6.44 pbfactor:2.10 avgQpOffsetCutree:0.00;
in:131 out:134 type:b q:23.76 q-aq:24.00 q-noVbv:23.76 q-Rceq:1.00 tex:1582 mv:4404 misc:1126 icu:0.00 pcu:832.25 scu:463.75 tlayer:4 pbqpoffset:6.44 pbfactor:2.10 avgQpOffsetCutree:0.00;
in:134 out:135 type:B q:20.75 q-aq:18.99 q-noVbv:20.75 q-Rceq:1.00 tex:15983 mv:13352 misc:2713 icu:2.50 pcu:985.50 scu:308.00 tlayer:3 pbqpoffset:3.44 pbfactor:1.49 avgQpOffsetCutree:-1.65;
in:133 out:136 type:b q:23.76 q-aq:24.00 q-noVbv:23.76 q-Rceq:1.00 tex:1980 mv:4373 misc:1047 icu:0.25 pcu:891.75 scu:404.00 tlayer:4 pbqpoffset:6.44 pbfactor:2.10 avgQpOffsetCutree:0.00;
in:135 out:137 type:b q:23.75 q-aq:24.00 q-noVbv:23.75 q-Rceq:1.00 tex:1696 mv:4863 misc:1089 icu:0.00 pcu:887.00 scu:409.00 tlayer:4 pbqpoffset:6.44 pbfactor:2.10 avgQpOffsetCutree:0.00;
in:140 out:138 type:B q:19.95 q-aq:15.25 q-noVbv:19.95 q-Rceq:1.00 tex:149801 mv:25662 misc:3961 icu:45.50 pcu:1063.25 scu:187.25 tlayer:2 pbqpoffset:2.66 pbfactor:1.36 avgQpOffsetCutree:-4.20;
in:138 out:139 type:B q:20.74 q-aq:18.97 q-noVbv:20.74 q-Rceq:1.00 tex:15682 mv:13354 misc:2692 icu:1.25 pcu:943.00 scu:351.75 tlayer:3 pbqpoffset:3.44 pbfactor:1.49 avgQpOffsetCutree:-1.75;
in:137 out:140 type:b q:23.74 q-aq:24.00 q-noVbv:23.74 q-Rceq:1.00 tex:1795 mv:4953 misc:1060 icu:0.00 pcu:958.00 scu:338.00 tlayer:4 pbqpoffset:6.44 pbfactor:2.10 avgQpOffsetCutree:0.00;
in:139 out:141 type:b q:23.74 q-aq:24.00 q-noVbv:23.74 q-Rceq:1.00 tex:772 mv:4126 misc:894 icu:0.00 pcu:847.75 scu:448.25 tlayer:4 pbqpoffset:6.44 pbfactor:2.10 avgQpOffsetCutree:0.00;
in:142 out:142 type:B q:20.73 q-aq:18.18 q-noVbv:20.73 q-Rceq:1.00 tex:19334 mv:8226 misc:3520 icu:5.75 pcu:814.75 scu:475.50 tlayer:3 pbqpoffset:3.44 pbfactor:1.49 avgQpOffsetCutree:-2.21;
in:141 out:143 type:b q:23.73 q-aq:24.00 q-noVbv:23.73 q-Rceq:1.00 tex:692 mv:3553 misc:843 icu:0.00 pcu:850.25 scu:445.75 tlayer:4 pbqpoffset:6.44 pbfactor:2.10 avgQpOffsetCutree:0.00;
in:143 out:144 type:b q:22.90 q-aq:23.00 q-noVbv:22.90 q-Rceq:1.00 tex:926 mv:3049 misc:1561 icu:2.00 pcu:567.75 scu:726.25 tlayer:4 pbqpoffset:5.62 pbfactor:1.91 avgQpOffsetCutree:0.00;
in:160 out:145 type:k q:17.25 q-aq:10.62 q-noVbv:17.25 q-Rceq:1.00 tex:518048 mv:56702 misc:1898 icu:1208.50 pcu:87.00 scu:0.50 tlayer:0 pbqpoffset:0.42 pbfactor:1.05 avgQpOffsetCutree:-7.12;
in:152 out:146 type:B q:18.78 q-aq:12.81 q-noVbv:18.78 q-Rceq:1.00 tex:352157 mv:41309 misc:2430 icu:220.75 pcu:980.00 scu:95.25 tlayer:1 pbqpoffset:1.52 pbfactor:1.19 avgQpOffsetCutree:-5.75;
in:148 out:147 type:B q:20.41 q-aq:16.39 q-noVbv:20.41 q-Rceq:1.00 tex:68443 mv:26496 misc:3925 icu:8.50 pcu:1010.50 scu:277.00 tlayer:2 pbqpoffset:3.13 pbfactor:1.44 avgQpOffsetCutree:-3.35;
in:146 out:148 type:B q:20.63 q-aq:19.06 q-noVbv:20.63 q-Rceq:1.00 tex:16183 mv:12525 misc:2620 icu:2.75 pcu:961.25 scu:332.00 tlayer:3 pbqpoffset:3.36 pbfactor:1.47 avgQpOffsetCutree:-1.67;
in:145 out:149 type:b q:23.64 q-aq:24.00 q-noVbv:23.64 q-Rceq:1.00 tex:1450 mv:4331 misc:1123 icu:0.00 pcu:797.00 scu:499.00 tlayer:4 pbqpoffset:6.36 pbfactor:2.08 avgQpOffsetCutree:0.00;
in:147 out:150 type:b q:23.63 q-aq:24.00 q-noVbv:23.63 q-Rceq:1.00 tex:1477 mv:4684 misc:1175 icu:0.00 pcu:815.25 scu:480.75 tlayer:4 pbqpoffset:6.36 pbfactor:2.08 avgQpOffsetCutree:0.00;
in:150 out:151 type:B q:20.63 q-aq:18.95 q-noVbv:20.63 q-Rceq:1.00 tex:20254 mv:13805 misc:2853 icu:2.50 pcu:976.00 scu:317.50 tlayer:3 pbqpoffset:3.36 pbfactor:1.47 avgQpOffsetCutree:-1.72;
in:149 out:152 type:b q:23.63 q-aq:24.00 q-noVbv:23.63 q-Rceq:1.00 tex:1856 mv:4531 misc:1085 icu:0.75 pcu:888.75 scu:406.50 tlayer:4 pbqpoffset:6.36 pbfactor:2.08 avgQpOffsetCutree:0.00;
in:151 out:153 type:b q:23.62 q-aq:24.00 q-noVbv:23.62 q-Rceq:1.00 tex:1911 mv:4577 misc:1040 icu:0.50 pcu:867.00 scu:428.50 tlayer:4 pbqpoffset:6.36 pbfactor:2.08 avgQpOffsetCutree:0.00;
in:156 out:154 type:B q:19.85 q-aq:15.00 q-noVbv:19.85 q-Rceq:1.00 tex:128757 mv:22577 misc:3962 icu:38.00 pcu:1081.75 scu:176.25 tlayer:2 pbqpoffset:2.59 pbfactor:1.35 avgQpOffsetCutree:-4.18;
in:154 out:155 type:B q:20.62 q-aq:18.69 q-noVbv:20.62 q-Rceq:1.00 tex:9932 mv:10915 misc:2425 icu:0.75 pcu:897.75 scu:397.50 tlayer:3 pbqpoffset:3.36 pbfactor:1.47 avgQpOffsetCutree:-1.85;
in:153 out:156 type:b q:23.62 q-aq:24.00 q-noVbv:23.62 q-Rceq:1.00 tex:1721 mv:4436 misc:1043 icu:0.00 pcu:874.00 scu:422.00 tlayer:4 pbqpoffset:6.36 pbfactor:2.08 avgQpOffsetCutree:0.00;
in:155 out:157 type:b q:23.62 q-aq:24.00 q-noVbv:23.62 q-Rceq:1.00 tex:421 mv:3654 misc:829 icu:0.00 pcu:878.00 scu:418.00 tlayer:4 pbqpoffset:6.36 pbfactor:2.08 avgQpOffsetCutree:0.00;
in:158 out:158 type:B q:20.61 q-aq:18.05 q-noVbv:20.61 q-Rceq:1.00 tex:16468 mv:7703 misc:3629 icu:4.25 pcu:739.50 scu:552.25 tlayer:3 pbqpoffset:3.36 pbfactor:1.47 avgQpOffsetCutree:-2.24;
in:157 out:159 type:b q:23.61 q-aq:24.00 q-noVbv:23.61 q-Rceq:1.00 tex:180 mv:2958 misc:766 icu:0.00 pcu:751.25 scu:544.75 tlayer:4 pbqpoffset:6.36 pbfactor:2.08 avgQpOffsetCutree:0.00;
in:159 out:160 type:b q:23.61 q-aq:24.00 q-noVbv:23.61 q-Rceq:1.00 tex:318 mv:2878 misc:1436 icu:0.00 pcu:593.75 scu:702.25 tlayer:4 pbqpoffset:6.36 pbfactor:2.08 avgQpOffsetCutree:0.00;
in:176 out:161 type:k q:17.26 q-aq:10.47 q-noVbv:17.26 q-Rceq:1.00 tex:548570 mv:57467 misc:1867 icu:1133.50 pcu:162.00 scu:0.50 tlayer:0 pbqpoffset:0.58 pbfactor:1.07 avgQpOffsetCutree:-7.23;
in:168 out:162 type:B q:18.76 q-aq:12.91 q-noVbv:18.76 q-Rceq:1.00 tex:341152 mv:41752 misc:2224 icu:254.25 pcu:921.75 scu:120.00 tlayer:1 pbqpoffset:1.51 pbfactor:1.19 avgQpOffsetCutree:-5.60;
in:164 out:163 type:B q:20.26 q-aq:16.22 q-noVbv:20.26 q-Rceq:1.00 tex:78240 mv:25001 misc:3879 icu:11.00 pcu:981.75 scu:303.25 tlayer:2 pbqpoffset:3.00 pbfactor:1.41 avgQpOffsetCutree:-3.47;
in:162 out:164 type:B q:20.56 q-aq:18.81 q-noVbv:20.56 q-Rceq:1.00 tex:25435 mv:13743 misc:2726 icu:1.25 pcu:978.00 scu:316.75 tlayer:3 pbqpoffset:3.31 pbfactor:1.47 avgQpOffsetCutree:-1.69;
in:161 out:165 type:b q:23.56 q-aq:24.00 q-noVbv:23.56 q-Rceq:1.00 tex:1755 mv:3763 misc:1194 icu:0.00 pcu:733.25 scu:562.75 tlayer:4 pbqpoffset:6.31 pbfactor:2.07 avgQpOffsetCutree:0.00;
in:163 out:166 type:b q:23.56 q-aq:24.00 q-noVbv:23.56 q-Rceq:1.00 tex:1426 mv:3908 misc:1010 icu:0.00 pcu:844.75 scu:451.25 tlayer:4 pbqpoffset:6.31 pbfactor:2.07 avgQpOffsetCutree:0.00;
in:166 out:167 type:B q:20.56 q-aq:18.79 q-noVbv:20.56 q-Rceq:1.00 tex:20517 mv:13514 misc:2721 icu:3.25 pcu:974.25 scu:318.50 tlayer:3 pbqpoffset:3.31 pbfactor:1.47 avgQpOffsetCutree:-1.71;
in:165 out:168 type:b q:23.56 q-aq:24.00 q-noVbv:23.56 q-Rceq:1.00 tex:1950 mv:4689 misc:1089 icu:0.25 pcu:826.50 scu:469.25 tlayer:4 pbqpoffset:6.31 pbfactor:2.07 avgQpOffsetCutree:0.00;
in:167 out:169 type:b q:23.56 q-aq:24.00 q-noVbv:23.56 q-Rceq:1.00 tex:1523 mv:4497 misc:1060 icu:0.00 pcu:902.00 scu:394.00 tlayer:4 pbqpoffset:6.31 pbfactor:2.07 avgQpOffsetCutree:0.00;
in:172 out:170 type:B q:19.60 q-aq:14.82 q-noVbv:19.60 q-Rceq:1.00 tex:151612 mv:24514 misc:3922 icu:42.00 pcu:1092.75 scu:161.25 tlayer:2 pbqpoffset:2.34 pbfactor:1.31 avgQpOffsetCutree:-4.17;
in:170 out:171 type:B q:20.56 q-aq:18.96 q-noVbv:20.56 q-Rceq:1.00 tex:17341 mv:13089 misc:2882 icu:1.25 pcu:945.50 scu:349.25 tlayer:3 pbqpoffset:3.31 pbfactor:1.47 avgQpOffsetCutree:-1.57;
in:169 out:172 type:b q:23.56 q-aq:24.00 q-noVbv:23.56 q-Rceq:1.00 tex:1359 mv:4461 misc:1116 icu:0.00 pcu:829.50 scu:466.50 tlayer:4 pbqpoffset:6.31 pbfactor:2.07 avgQpOffsetCutree:0.00;
in:171 out:173 type:b q:23.56 q-aq:24.00 q-noVbv:23.56 q-Rceq:1.00 tex:654 mv:3958 misc:1020 icu:0.00 pcu:794.50 scu:501.50 tlayer:4 pbqpoffset:6.31 pbfactor:2.07 avgQpOffsetCutree:0.00;
in:174 out:174 type:B q:20.57 q-aq:18.18 q-noVbv:20.57 q-Rceq:1.00 tex:18301 mv:7788 misc:3351 icu:2.75 pcu:738.25 scu:555.00 tlayer:3 pbqpoffset:3.31 pbfactor:1.47 avgQpOffsetCutree:-2.16;
in:173 out:175 type:b q:23.57 q-aq:24.00 q-noVbv:23.57 q-Rceq:1.00 tex:322 mv:3303 misc:823 icu:0.00 pcu:787.75 scu:508.25 tlayer:4 pbqpoffset:6.31 pbfactor:2.07 avgQpOffsetCutree:0.00;
in:175 out:176 type:b q:23.09 q-aq:23.00 q-noVbv:23.09 q-Rceq:1.00 tex:1424 mv:3030 misc:1442 icu:0.00 pcu:638.25 scu:657.75 tlayer:4 pbqpoffset:5.83 pbfactor:1.96 avgQpOffsetCutree:0.00;
in:192 out:177 type:k q:17.26 q-aq:10.48 q-noVbv:17.26 q-Rceq:1.00 tex:546980 mv:58416 misc:1916 icu:1113.25 pcu:180.75 scu:2.00 tlayer:0 pbqpoffset:0.61 pbfactor:1.07 avgQpOffsetCutree:-7.20;
in:184 out:178 type:B q:18.77 q-aq:12.77 q-noVbv:18.77 q-Rceq:1.00 tex:333019 mv:38467 misc:2434 icu:178.25 pcu:1021.00 scu:96.75 tlayer:1 pbqpoffset:1.51 pbfactor:1.19 avgQpOffsetCutree:-5.65;
in:180 out:179 type:B q:20.38 q-aq:16.28 q-noVbv:20.38 q-Rceq:1.00 tex:53576 mv:21772 misc:3908 icu:4.75 pcu:981.50 scu:309.75 tlayer:2 pbqpoffset:3.12 pbfactor:1.43 avgQpOffsetCutree:-3.39;
in:178 out:180 type:B q:20.53 q-aq:18.76 q-noVbv:20.53 q-Rceq:1.00 tex:11868 mv:10971 misc:2465 icu:0.25 pcu:922.25 scu:373.50 tlayer:3 pbqpoffset:3.27 pbfactor:1.46 avgQpOffsetCutree:-1.69;
in:177 out:181 type:b q:23.53 q-aq:23.46 q-noVbv:23.53 q-Rceq:1.00 tex:999 mv:3973 misc:1012 icu:0.00 pcu:756.25 scu:539.75 tlayer:4 pbqpoffset:6.27 pbfactor:2.06 avgQpOffsetCutree:0.00;
in:179 out:182 type:b q:23.53 q-aq:23.66 q-noVbv:23.53 q-Rceq:1.00 tex:1470 mv:4264 misc:1106 icu:0.00 pcu:856.00 scu:440.00 tlayer:4 pbqpoffset:6.27 pbfactor:2.06 avgQpOffsetCutree:0.00;
in:182 out:183 type:B q:20.53 q-aq:18.62 q-noVbv:20.53 q-Rceq:1.00 tex:17181 mv:13430 misc:2829 icu:0.75 pcu:1012.25 scu:283.00 tlayer:3 pbqpoffset:3.27 pbfactor:1.46 avgQpOffsetCutree:-1.73;
in:181 out:184 type:b q:23.53 q-aq:23.72 q-noVbv:23.53 q-Rceq:1.00 tex:1654 mv:4220 misc:1094 icu:0.00 pcu:882.25 scu:413.75 tlayer:4 pbqpoffset:6.27 pbfactor:2.06 avgQpOffsetCutree:0.00;
in:183 out:185 type:b q:23.53 q-aq:23.74 q-noVbv:23.53 q-Rceq:1.00 tex:1548 mv:4476 misc:1088 icu:0.00 pcu:912.75 scu:383.25 tlayer:4 pbqpoffset:6.27 pbfactor:2.06 avgQpOffsetCutree:0.00;
in:188 out:186 type:B q:19.47 q-aq:14.75 q-noVbv:19.47 q-Rceq:1.00 tex:153431 mv:23633 misc:3888 icu:37.25 pcu:1079.50 scu:179.25 tlayer:2 pbqpoffset:2.21 pbfactor:1.29 avgQpOffsetCutree:-4.14;
in:186 out:187 type:B q:20.53 q-aq:18.82 q-noVbv:20.53 q-Rceq:1.00 tex:15743 mv:12784 misc:2897 icu:0.00 pcu:981.50 scu:314.50 tlayer:3 pbqpoffset:3.27 pbfactor:1.46 avgQpOffsetCutree:-1.69;
in:185 out:188 type:b q:23.53 q-aq:23.39 q-noVbv:23.53 q-Rceq:1.00 tex:2163 mv:4745 misc:1124 icu:0.00 pcu:886.25 scu:409.75 tlayer:4 pbqpoffset:6.27 pbfactor:2.06 avgQpOffsetCutree:0.00;
in:187 out:189 type:b q:23.53 q-aq:23.68 q-noVbv:23.53 q-Rceq:1.00 tex:1126 mv:3743 misc:995 icu:0.00 pcu:848.25 scu:447.75 tlayer:4 pbqpoffset:6.27 pbfactor:2.06 avgQpOffsetCutree:0.00;
in:190 out:190 type:B q:20.53 q-aq:18.19 q-noVbv:20.53 q-Rceq:1.00 tex:15787 mv:7222 misc:3119 icu:2.50 pcu:781.75 scu:511.75 tlayer:3 pbqpoffset:3.27 pbfactor:1.46 avgQpOffsetCutree:-2.16;
in:189 out:191 type:b q:23.53 q-aq:23.95 q-noVbv:23.53 q-Rceq:1.00 tex:217 mv:3034 misc:837 icu:0.00 pcu:722.75 scu:573.25 tlayer:4 pbqpoffset:6.27 pbfactor:2.06 avgQpOffsetCutree:0.00;
in:191 out:192 type:b q:22.54 q-aq:22.56 q-noVbv:22.54 q-Rceq:1.00 tex:795 mv:3121 misc:1700 icu:0.00 pcu:590.00 scu:706.00 tlayer:4 pbqpoffset:5.28 pbfactor:1.84 avgQpOffsetCutree:0.00;
in:208 out:193 type:k q:17.23 q-aq:10.37 q-noVbv:17.23 q-Rceq:1.00 tex:544901 mv:56029 misc:1982 icu:1142.25 pcu:151.25 scu:2.50 tlayer:0 pbqpoffset:0.54 pbfactor:1.06 avgQpOffsetCutree:-7.19;
in:200 out:194 type:B q:18.63 q-aq:12.56 q-noVbv:18.63 q-Rceq:1.00 tex:345150 mv:37311 misc:2603 icu:153.50 pcu:1028.50 scu:114.00 tlayer:1 pbqpoffset:1.39 pbfactor:1.17 avgQpOffsetCutree:-5.72;
in:196 out:195 type:B q:20.08 q-aq:16.37 q-noVbv:20.08 q-Rceq:1.00 tex:59179 mv:22573 misc:4024 icu:7.75 pcu:974.25 scu:314.00 tlayer:2 pbqpoffset:2.83 pbfactor:1.39 avgQpOffsetCutree:-3.28;
in:194 out:196 type:B q:20.47 q-aq:18.79 q-noVbv:20.47 q-Rceq:1.00 tex:14410 mv:11364 misc:2634 icu:2.00 pcu:902.25 scu:391.75 tlayer:3 pbqpoffset:3.21 pbfactor:1.45 avgQpOffsetCutree:-1.71;
in:193 out:197 type:b q:23.47 q-aq:23.00 q-noVbv:23.47 q-Rceq:1.00 tex:1963 mv:3908 misc:1049 icu:0.00 pcu:846.75 scu:449.25 tlayer:4 pbqpoffset:6.21 pbfactor:2.05 avgQpOffsetCutree:0.00;
in:195 out:198 type:b q:23.46 q-aq:23.00 q-noVbv:23.46 q-Rceq:1.00 tex:1721 mv:4396 misc:1171 icu:0.00 pcu:862.00 scu:434.00 tlayer:4 pbqpoffset:6.21 pbfactor:2.05 avgQpOffsetCutree:0.00;
in:198 out:199 type:B q:20.46 q-aq:18.48 q-noVbv:20.46 q-Rceq:1.00 tex:16749 mv:12711 misc:2756 icu:1.00 pcu:987.25 scu:307.75 tlayer:3 pbqpoffset:3.21 pbfactor:1.45 avgQpOffsetCutree:-1.85;
in:197 out:200 type:b q:23.46 q-aq:23.00 q-noVbv:23.46 q-Rceq:1.00 tex:2112 mv:4497 misc:1127 icu:0.00 pcu:848.00 scu:448.00 tlayer:4 pbqpoffset:6.21 pbfactor:2.05 avgQpOffsetCutree:0.00;
in:199 out:201 type:b q:23.46 q-aq:23.00 q-noVbv:23.46 q-Rceq:1.00 tex:1450 mv:4136 misc:1110 icu:0.00 pcu:894.00 scu:402.00 tlayer:4 pbqpoffset:6.21 pbfactor:2.05 avgQpOffsetCutree:0.00;
in:204 out:202 type:B q:19.38 q-aq:14.55 q-noVbv:19.38 q-Rceq:1.00 tex:144032 mv:20507 misc:3805 icu:33.50 pcu:1047.50 scu:215.00 tlayer:2 pbqpoffset:2.15 pbfactor:1.28 avgQpOffsetCutree:-4.23;
in:202 out:203 type:B q:20.45 q-aq:18.62 q-noVbv:20.45 q-Rceq:1.00 tex:12945 mv:11279 misc:2656 icu:0.50 pcu:890.00 scu:405.50 tlayer:3 pbqpoffset:3.21 pbfactor:1.45 avgQpOffsetCutree:-1.75;
in:201 out:204 type:b q:23.45 q-aq:23.00 q-noVbv:23.45 q-Rceq:1.00 tex:2408 mv:4925 misc:1243 icu:0.00 pcu:911.00 scu:385.00 tlayer:4 pbqpoffset:6.21 pbfactor:2.05 avgQpOffsetCutree:0.00;
in:203 out:205 type:b q:23.45 q-aq:23.00 q-noVbv:23.45 q-Rceq:1.00 tex:979 mv:3601 misc:908 icu:0.00 pcu:836.00 scu:460.00 tlayer:4 pbqpoffset:6.21 pbfactor:2.05 avgQpOffsetCutree:0.00;
in:206 out:206 type:B q:20.44 q-aq:17.97 q-noVbv:20.44 q-Rceq:1.00 tex:14143 mv:6527 misc:3034 icu:2.25 pcu:739.75 scu:554.00 tlayer:3 pbqpoffset:3.21 pbfactor:1.45 avgQpOffsetCutree:-2.22;
in:205 out:207 type:b q:23.44 q-aq:23.00 q-noVbv:23.44 q-Rceq:1.00 tex:216 mv:2963 misc:709 icu:0.00 pcu:803.25 scu:492.75 tlayer:4 pbqpoffset:6.21 pbfactor:2.05 avgQpOffsetCutree:0.00;
in:207 out:208 type:b q:22.44 q-aq:22.00 q-noVbv:22.44 q-Rceq:1.00 tex:1076 mv:2842 misc:1538 icu:0.00 pcu:590.00 scu:706.00 tlayer:4 pbqpoffset:5.21 pbfactor:1.83 avgQpOffsetCutree:0.00;
in:224 out:209 type:k q:17.24 q-aq:10.49 q-noVbv:17.24 q-Rceq:1.00 tex:533690 mv:56970 misc:2012 icu:1147.00 pcu:148.00 scu:1.00 tlayer:0 pbqpoffset:0.51 pbfactor:1.06 avgQpOffsetCutree:-7.16;
in:216 out:210 type:B q:18.53 q-aq:12.38 q-noVbv:18.53 q-Rceq:1.00 tex:355961 mv:40924 misc:2403 icu:283.25 pcu:1006.50 scu:6.25 tlayer:1 pbqpoffset:1.30 pbfactor:1.16 avgQpOffsetCutree:-5.75;
in:212 out:211 type:B q:19.70 q-aq:15.64 q-noVbv:19.70 q-Rceq:1.00 tex:76463 mv:24101 misc:3828 icu:8.00 pcu:1018.00 scu:270.00 tlayer:2 pbqpoffset:2.47 pbfactor:1.33 avgQpOffsetCutree:-3.51;
in:210 out:212 type:B q:20.39 q-aq:18.62 q-noVbv:20.39 q-Rceq:1.00 tex:26764 mv:12198 misc:2718 icu:1.75 pcu:987.75 scu:306.50 tlayer:3 pbqpoffset:3.16 pbfactor:1.44 avgQpOffsetCutree:-1.69;
in:209 out:213 type:b q:23.13 q-aq:23.00 q-noVbv:23.13 q-Rceq:1.00 tex:1537 mv:3498 misc:1133 icu:0.25 pcu:736.50 scu:559.25 tlayer:4 pbqpoffset:5.90 pbfactor:1.98 avgQpOffsetCutree:0.00;
in:211 out:214 type:b q:23.39 q-aq:23.00 q-noVbv:23.39 q-Rceq:1.00 tex:796 mv:3986 misc:994 icu:0.00 pcu:855.50 scu:440.50 tlayer:4 pbqpoffset:6.16 pbfactor:2.04 avgQpOffsetCutree:0.00;
in:214 out:215 type:B q:20.39 q-aq:18.63 q-noVbv:20.39 q-Rceq:1.00 tex:14779 mv:12176 misc:2613 icu:1.00 pcu:955.25 scu:339.75 tlayer:3 pbqpoffset:3.16 pbfactor:1.44 avgQpOffsetCutree:-1.74;
in:213 out:216 type:b q:23.39 q-aq:23.00 q-noVbv:23.39 q-Rceq:1.00 tex:1585 mv:4277 misc:1098 icu:0.25 pcu:799.75 scu:496.00 tlayer:4 pbqpoffset:6.16 pbfactor:2.04 avgQpOffsetCutree:0.00;
in:215 out:217 type:b q:23.40 q-aq:23.00 q-noVbv:23.40 q-Rceq:1.00 tex:1958 mv:4519 misc:1171 icu:0.00 pcu:858.75 scu:437.25 tlayer:4 pbqpoffset:6.16 pbfactor:2.04 avgQpOffsetCutree:0.00;
in:220 out:218 type:B q:19.20 q-aq:14.36 q-noVbv:19.20 q-Rceq:1.00 tex:139202 mv:21404 misc:4098 icu:27.25 pcu:1113.00 scu:155.75 tlayer:2 pbqpoffset:1.96 pbfactor:1.25 avgQpOffsetCutree:-4.20;
in:218 out:219 type:B q:20.40 q-aq:18.61 q-noVbv:20.40 q-Rceq:1.00 tex:12932 mv:11293 misc:2599 icu:0.25 pcu:881.75 scu:414.00 tlayer:3 pbqpoffset:3.16 pbfactor:1.44 avgQpOffsetCutree:-1.76;
in:217 out:220 type:b q:23.40 q-aq:23.00 q-noVbv:23.40 q-Rceq:1.00 tex:2213 mv:4930 misc:1217 icu:0.00 pcu:813.50 scu:482.50 tlayer:4 pbqpoffset:6.16 pbfactor:2.04 avgQpOffsetCutree:0.00;
in:219 out:221 type:b q:23.40 q-aq:23.00 q-noVbv:23.40 q-Rceq:1.00 tex:565 mv:3621 misc:878 icu:0.00 pcu:829.50 scu:466.50 tlayer:4 pbqpoffset:6.16 pbfactor:2.04 avgQpOffsetCutree:0.00;
in:222 out:222 type:B q:20.40 q-aq:17.93 q-noVbv:20.40 q-Rceq:1.00 tex:15357 mv:6322 misc:3049 icu:2.00 pcu:751.75 scu:542.25 tlayer:3 pbqpoffset:3.16 pbfactor:1.44 avgQpOffsetCutree:-2.30;
in:221 out:223 type:b q:23.40 q-aq:23.00 q-noVbv:23.40 q-Rceq:1.00 tex:515 mv:2849 misc:820 icu:0.00 pcu:641.00 scu:655.00 tlayer:4 pbqpoffset:6.16 pbfactor:2.04 avgQpOffsetCutree:0.00;
in:223 out:224 type:b q:23.40 q-aq:23.00 q-noVbv:23.40 q-Rceq:1.00 tex:961 mv:2578 misc:1365 icu:0.00 pcu:530.25 scu:765.75 tlayer:4 pbqpoffset:6.16 pbfactor:2.04 avgQpOffsetCutree:0.00;
in:240 out:225 type:k q:17.19 q-aq:11.37 q-noVbv:17.19 q-Rceq:1.00 tex:498291 mv:55837 misc:1832 icu:1123.25 pcu:172.50 scu:0.25 tlayer:0 pbqpoffset:0.49 pbfactor:1.06 avgQpOffsetCutree:-6.21;
in:232 out:226 type:B q:18.50 q-aq:12.42 q-noVbv:18.50 q-Rceq:1.00 tex:351454 mv:38063 misc:2611 icu:197.25 pcu:1014.75 scu:84.00 tlayer:1 pbqpoffset:1.29 pbfactor:1.16 avgQpOffsetCutree:-5.69;
in:228 out:227 type:B q:19.83 q-aq:15.90 q-noVbv:19.83 q-Rceq:1.00 tex:75488 mv:23845 misc:3939 icu:6.25 pcu:1040.50 scu:249.25 tlayer:2 pbqpoffset:2.60 pbfactor:1.35 avgQpOffsetCutree:-3.31;
in:226 out:228 type:B q:20.39 q-aq:18.67 q-noVbv:20.39 q-Rceq:1.00 tex:28372 mv:12304 misc:2796 icu:1.50 pcu:935.25 scu:359.25 tlayer:3 pbqpoffset:3.15 pbfactor:1.44 avgQpOffsetCutree:-1.68;
in:225 out:229 type:b q:23.39 q-aq:23.00 q-noVbv:23.39 q-Rceq:1.00 tex:2007 mv:3354 misc:1055 icu:0.00 pcu:728.00 scu:568.00 tlayer:4 pbqpoffset:6.15 pbfactor:2.03 avgQpOffsetCutree:0.00;
in:227 out:230 type:b q:23.38 q-aq:23.00 q-noVbv:23.38 q-Rceq:1.00 tex:955 mv:3809 misc:1052 icu:0.00 pcu:826.75 scu:469.25 tlayer:4 pbqpoffset:6.15 pbfactor:2.03 avgQpOffsetCutree:0.00;
in:230 out:231 type:B q:20.37 q-aq:18.57 q-noVbv:20.37 q-Rceq:1.00 tex:19276 mv:12534 misc:2702 icu:1.25 pcu:985.00 scu:309.75 tlayer:3 pbqpoffset:3.15 pbfactor:1.44 avgQpOffsetCutree:-1.72;
in:229 out:232 type:b q:23.38 q-aq:23.00 q-noVbv:23.38 q-Rceq:1.00 tex:1954 mv:4750 misc:1232 icu:0.00 pcu:915.75 scu:380.25 tlayer:4 pbqpoffset:6.15 pbfactor:2.03 avgQpOffsetCutree:0.00;
in:231 out:233 type:b q:23.37 q-aq:23.00 q-noVbv:23.37 q-Rceq:1.00 tex:1418 mv:4491 misc:1091 icu:0.25 pcu:876.25 scu:419.50 tlayer:4 pbqpoffset:6.15 pbfactor:2.03 avgQpOffsetCutree:0.00;
in:236 out:234 type:B q:19.14 q-aq:14.13 q-noVbv:19.14 q-Rceq:1.00 tex:165841 mv:22298 misc:3629 icu:41.00 pcu:1105.00 scu:150.00 tlayer:2 pbqpoffset:1.94 pbfactor:1.25 avgQpOffsetCutree:-4.29;
in:234 out:235 type:B q:20.36 q-aq:18.69 q-noVbv:20.36 q-Rceq:1.00 tex:17667 mv:11869 misc:2944 icu:2.75 pcu:901.50 scu:391.75 tlayer:3 pbqpoffset:3.15 pbfactor:1.44 avgQpOffsetCutree:-1.79;
in:233 out:236 type:b q:23.13 q-aq:23.00 q-noVbv:23.13 q-Rceq:1.00 tex:2482 mv:4839 misc:1143 icu:0.00 pcu:915.50 scu:380.50 tlayer:4 pbqpoffset:5.92 pbfactor:1.98 avgQpOffsetCutree:0.00;
in:235 out:237 type:b q:23.36 q-aq:23.00 q-noVbv:23.36 q-Rceq:1.00 tex:606 mv:3635 misc:855 icu:0.00 pcu:780.25 scu:515.75 tlayer:4 pbqpoffset:6.15 pbfactor:2.03 avgQpOffsetCutree:0.00;
in:238 out:238 type:B q:20.35 q-aq:18.00 q-noVbv:20.35 q-Rceq:1.00 tex:15611 mv:6363 misc:3266 icu:3.00 pcu:688.75 scu:604.25 tlayer:3 pbqpoffset:3.15 pbfactor:1.44 avgQpOffsetCutree:-2.20;
in:237 out:239 type:b q:23.35 q-aq:23.00 q-noVbv:23.35 q-Rceq:1.00 tex:271 mv:3089 misc:896 icu:0.00 pcu:729.50 scu:566.50 tlayer:4 pbqpoffset:6.15 pbfactor:2.03 avgQpOffsetCutree:0.00;
in:239 out:240 type:b q:22.86 q-aq:23.00 q-noVbv:22.86 q-Rceq:1.00 tex:647 mv:2507 misc:1350 icu:0.00 pcu:520.75 scu:775.25 tlayer:4 pbqpoffset:5.66 pbfactor:1.92 avgQpOffsetCutree:0.00;
in:249 out:241 type:k q:19.81 q-aq:14.76 q-noVbv:19.81 q-Rceq:1.00 tex:140108 mv:20930 misc:3514 icu:25.75 pcu:1112.50 scu:157.75 tlayer:0 pbqpoffset:0.27 pbfactor:1.03 avgQpOffsetCutree:-4.49;
in:245 out:242 type:B q:19.85 q-aq:15.09 q-noVbv:19.85 q-Rceq:1.00 tex:27614 mv:12574 misc:3236 icu:0.25 pcu:835.00 scu:460.75 tlayer:1 pbqpoffset:1.20 pbfactor:1.15 avgQpOffsetCutree:-3.80;
in:243 out:243 type:B q:19.14 q-aq:16.70 q-noVbv:19.14 q-Rceq:1.00 tex:14312 mv:12057 misc:2871 icu:0.00 pcu:834.75 scu:461.25 tlayer:2 pbqpoffset:1.07 pbfactor:1.13 avgQpOffsetCutree:-2.23;
in:242 out:244 type:B q:19.19 q-aq:18.60 q-noVbv:19.19 q-Rceq:1.00 tex:6790 mv:7486 misc:1980 icu:0.25 pcu:790.75 scu:505.00 tlayer:3 pbqpoffset:1.41 pbfactor:1.18 avgQpOffsetCutree:-0.74;
in:241 out:245 type:b q:19.69 q-aq:20.00 q-noVbv:19.69 q-Rceq:1.00 tex:4229 mv:5465 misc:1378 icu:0.25 pcu:804.75 scu:491.00 tlayer:4 pbqpoffset:2.21 pbfactor:1.29 avgQpOffsetCutree:0.00;
in:244 out:246 type:b q:22.19 q-aq:22.00 q-noVbv:22.19 q-Rceq:1.00 tex:104 mv:2311 misc:649 icu:0.00 pcu:613.00 scu:683.00 tlayer:3 pbqpoffset:3.83 pbfactor:1.56 avgQpOffsetCutree:0.00;
in:247 out:247 type:B q:22.16 q-aq:20.03 q-noVbv:22.16 q-Rceq:1.00 tex:268 mv:2900 misc:1040 icu:0.00 pcu:595.50 scu:700.50 tlayer:2 pbqpoffset:2.93 pbfactor:1.40 avgQpOffsetCutree:-2.10;
in:246 out:248 type:b q:24.47 q-aq:24.00 q-noVbv:24.47 q-Rceq:1.00 tex:37 mv:1095 misc:500 icu:0.00 pcu:330.00 scu:966.00 tlayer:3 pbqpoffset:5.53 pbfactor:1.90 avgQpOffsetCutree:0.00;
in:248 out:249 type:b q:24.26 q-aq:24.00 q-noVbv:24.26 q-Rceq:1.00 tex:79 mv:942 misc:539 icu:0.00 pcu:346.00 scu:950.00 tlayer:3 pbqpoffset:4.73 pbfactor:1.73 avgQpOffsetCutree:0.00;
