000 (046.000.000) 2020-12-21 22:53:57 Job submitted from host: <10.0.0.63:9618?PrivAddr=%3c10.0.0.63:9618%3fsock%3dschedd_6827_5527%3e&PrivNet=ryzen7-1700x&addrs=10.0.0.63-9618&alias=ryzen7-1700x&noUDP&sock=schedd_6827_5527>
...
040 (046.000.000) 2020-12-21 22:54:11 Started transferring input files
	Transferring to host: <10.0.0.63:9618?PrivAddr=%3c10.0.0.63:9618%3fsock%3dslot5_6886_8f51_23%3e&PrivNet=ryzen7-1700x&addrs=10.0.0.63-9618&alias=ryzen7-1700x&noUDP&sock=slot5_6886_8f51_23>
...
040 (046.000.000) 2020-12-21 22:54:11 Finished transferring input files
...
001 (046.000.000) 2020-12-21 22:54:12 Job executing on host: <10.0.0.63:9618?sock=startd_6827_5527>
...
006 (046.000.000) 2020-12-21 22:54:21 Image size of job updated: 288708
	196  -  MemoryUsage of job (MB)
	200688  -  ResidentSetSize of job (KB)
...
006 (046.000.000) 2020-12-21 22:59:22 Image size of job updated: 329228
	227  -  MemoryUsage of job (MB)
	231928  -  ResidentSetSize of job (KB)
...
006 (046.000.000) 2020-12-21 23:02:12 Image size of job updated: 329388
	227  -  MemoryUsage of job (MB)
	231928  -  ResidentSetSize of job (KB)
...
040 (046.000.000) 2020-12-21 23:02:12 Started transferring output files
...
040 (046.000.000) 2020-12-21 23:02:12 Finished transferring output files
...
005 (046.000.000) 2020-12-21 23:02:13 Job terminated.
	(1) Normal termination (return value 0)
		Usr 0 00:07:58, Sys 0 00:00:00  -  Run Remote Usage
		Usr 0 00:00:00, Sys 0 00:00:00  -  Run Local Usage
		Usr 0 00:07:58, Sys 0 00:00:00  -  Total Remote Usage
		Usr 0 00:00:00, Sys 0 00:00:00  -  Total Local Usage
	3399923  -  Run Bytes Sent By Job
	4532560  -  Run Bytes Received By Job
	3399923  -  Total Bytes Sent By Job
	4532560  -  Total Bytes Received By Job
	Partitionable Resources :    Usage  Request Allocated 
	   Cpus                 :     1.00        1         1 
	   Disk (KB)            :  7762        4500   2904372 
	   Memory (MB)          :   227           5      2000 

	Job terminated of its own accord at 2020-12-22T04:02:12Z.
...
