#options: cpuid=1173503 frame-threads=1 no-wpp no-pmode no-pme psnr no-ssim log-level=2 bitdepth=8 input-csp=1 fps=25000/1000 input-res=768x432 interlace=0 total-frames=250 level-idc=0 high-tier=1 uhd-bd=0 ref=4 no-allow-non-conformance no-repeat-headers annexb no-aud no-hrd info hash=0 no-temporal-layers open-gop min-keyint=1 keyint=5000 bframes=15 b-adapt=2 b-pyramid bframe-bias=0 rc-lookahead=40 lookahead-slices=0 scenecut=40 no-intra-refresh ctu=64 min-cu-size=8 rect amp max-tu-size=32 tu-inter-depth=3 tu-intra-depth=3 limit-tu=4 rdoq-level=2 dynamic-rd=0.00 no-ssim-rd signhide no-tskip nr-intra=0 nr-inter=0 no-constrained-intra strong-intra-smoothing max-merge=4 limit-refs=1 limit-modes me=3 subme=4 merange=57 temporal-mvp weightp weightb no-analyze-src-pics deblock=0:0 sao no-sao-non-deblock rd=6 no-early-skip rskip no-fast-intra no-tskip-fast no-cu-lossless b-intra rdpenalty=0 psy-rd=0.00 psy-rdoq=0.00 no-rd-refine analysis-reuse-mode=0 no-lossless cbqpoffs=0 crqpoffs=0 rc=abr bitrate=2000 qcomp=0.60 qpstep=4 stats-write=1 stats-read=0 slow-firstpass ipratio=1.40 pbratio=1.30 aq-mode=1 aq-strength=0.00 cutree zone-count=0 no-strict-cbr qg-size=64 no-rc-grain qpmax=69 qpmin=0 no-const-vbv sar=0 overscan=0 videoformat=5 range=0 colorprim=2 transfer=2 colormatrix=2 chromaloc=0 display-window=0 max-cll=0,0 min-luma=0 max-luma=255 log2-max-poc-lsb=8 vui-timing-info vui-hrd-info slices=1 opt-qp-pps opt-ref-list-length-pps no-multi-pass-opt-rps scenecut-bias=0.05 no-opt-cu-delta-qp no-aq-motion no-hdr no-hdr-opt no-dhdr10-opt analysis-reuse-level=5 scale-factor=0 refine-intra=0 refine-inter=0 refine-mv=0 no-limit-sao ctu-info=0 max-tlayer=4
in:0 out:0 type:I q:20.38 q-aq:14.21 q-noVbv:20.38 q-Rceq:1.00 tex:197829 mv:27461 misc:2830 icu:1296.00 pcu:0.00 scu:0.00 tlayer:0 pbqpoffset:0.00 pbfactor:1.00 avgQpOffsetCutree:-5.39;
in:16 out:1 type:k q:19.29 q-aq:13.62 q-noVbv:19.29 q-Rceq:1.00 tex:216538 mv:29115 misc:2779 icu:1249.00 pcu:44.00 scu:3.00 tlayer:0 pbqpoffset:0.00 pbfactor:1.00 avgQpOffsetCutree:-5.66;
in:8 out:2 type:B q:21.04 q-aq:15.41 q-noVbv:21.04 q-Rceq:1.00 tex:158272 mv:29710 misc:3026 icu:760.00 pcu:424.00 scu:112.00 tlayer:1 pbqpoffset:1.75 pbfactor:1.22 avgQpOffsetCutree:-5.03;
in:4 out:3 type:B q:21.42 q-aq:17.97 q-noVbv:21.42 q-Rceq:1.00 tex:76250 mv:25288 misc:3542 icu:178.75 pcu:775.00 scu:342.25 tlayer:2 pbqpoffset:2.13 pbfactor:1.28 avgQpOffsetCutree:-3.04;
in:2 out:4 type:B q:22.89 q-aq:21.47 q-noVbv:22.89 q-Rceq:1.00 tex:25239 mv:17356 misc:2909 icu:34.50 pcu:738.50 scu:523.00 tlayer:3 pbqpoffset:3.60 pbfactor:1.52 avgQpOffsetCutree:-1.63;
in:1 out:5 type:b q:25.90 q-aq:26.00 q-noVbv:25.90 q-Rceq:1.00 tex:4287 mv:7464 misc:1681 icu:7.25 pcu:651.25 scu:637.50 tlayer:4 pbqpoffset:6.61 pbfactor:2.15 avgQpOffsetCutree:0.00;
in:3 out:6 type:b q:25.90 q-aq:26.00 q-noVbv:25.90 q-Rceq:1.00 tex:4086 mv:7491 misc:1775 icu:5.00 pcu:645.00 scu:646.00 tlayer:4 pbqpoffset:6.61 pbfactor:2.15 avgQpOffsetCutree:0.00;
in:6 out:7 type:B q:22.90 q-aq:21.63 q-noVbv:22.90 q-Rceq:1.00 tex:25712 mv:16015 misc:2777 icu:34.75 pcu:772.75 scu:488.50 tlayer:3 pbqpoffset:3.61 pbfactor:1.52 avgQpOffsetCutree:-1.47;
in:5 out:8 type:b q:25.90 q-aq:26.00 q-noVbv:25.90 q-Rceq:1.00 tex:5267 mv:7862 misc:1751 icu:6.75 pcu:707.00 scu:582.25 tlayer:4 pbqpoffset:6.61 pbfactor:2.15 avgQpOffsetCutree:0.00;
in:7 out:9 type:b q:25.90 q-aq:26.00 q-noVbv:25.90 q-Rceq:1.00 tex:5117 mv:8341 misc:1830 icu:5.25 pcu:586.00 scu:704.75 tlayer:4 pbqpoffset:6.61 pbfactor:2.15 avgQpOffsetCutree:0.00;
in:12 out:10 type:B q:21.28 q-aq:17.29 q-noVbv:21.28 q-Rceq:1.00 tex:99037 mv:21986 misc:3329 icu:319.00 pcu:621.25 scu:355.75 tlayer:2 pbqpoffset:1.99 pbfactor:1.26 avgQpOffsetCutree:-3.52;
in:10 out:11 type:B q:22.90 q-aq:21.44 q-noVbv:22.90 q-Rceq:1.00 tex:25006 mv:15640 misc:2866 icu:33.25 pcu:715.25 scu:547.50 tlayer:3 pbqpoffset:3.61 pbfactor:1.52 avgQpOffsetCutree:-1.65;
in:9 out:12 type:b q:25.90 q-aq:26.00 q-noVbv:25.90 q-Rceq:1.00 tex:4995 mv:7575 misc:1806 icu:4.00 pcu:620.00 scu:672.00 tlayer:4 pbqpoffset:6.61 pbfactor:2.15 avgQpOffsetCutree:0.00;
in:11 out:13 type:b q:25.90 q-aq:26.00 q-noVbv:25.90 q-Rceq:1.00 tex:5056 mv:7894 misc:1850 icu:4.25 pcu:699.00 scu:592.75 tlayer:4 pbqpoffset:6.61 pbfactor:2.15 avgQpOffsetCutree:0.00;
in:14 out:14 type:B q:22.17 q-aq:20.11 q-noVbv:22.17 q-Rceq:1.00 tex:44894 mv:15679 misc:2995 icu:100.50 pcu:722.75 scu:472.75 tlayer:3 pbqpoffset:2.89 pbfactor:1.40 avgQpOffsetCutree:-1.97;
in:13 out:15 type:b q:25.90 q-aq:26.00 q-noVbv:25.90 q-Rceq:1.00 tex:4768 mv:7604 misc:2004 icu:3.00 pcu:703.75 scu:589.25 tlayer:4 pbqpoffset:6.61 pbfactor:2.15 avgQpOffsetCutree:0.00;
in:15 out:16 type:b q:24.57 q-aq:25.00 q-noVbv:24.57 q-Rceq:1.00 tex:10059 mv:8953 misc:2500 icu:42.50 pcu:630.75 scu:622.75 tlayer:4 pbqpoffset:5.28 pbfactor:1.84 avgQpOffsetCutree:0.00;
in:32 out:17 type:k q:17.40 q-aq:12.32 q-noVbv:17.40 q-Rceq:1.00 tex:265199 mv:32822 misc:2787 icu:1232.50 pcu:63.50 scu:0.00 tlayer:0 pbqpoffset:0.00 pbfactor:1.00 avgQpOffsetCutree:-5.49;
in:24 out:18 type:B q:20.02 q-aq:15.67 q-noVbv:20.02 q-Rceq:1.00 tex:172932 mv:28891 misc:2993 icu:793.50 pcu:358.25 scu:144.25 tlayer:1 pbqpoffset:1.68 pbfactor:1.21 avgQpOffsetCutree:-4.51;
in:20 out:19 type:B q:20.82 q-aq:17.68 q-noVbv:20.82 q-Rceq:1.00 tex:81990 mv:24729 misc:3441 icu:296.75 pcu:697.25 scu:302.00 tlayer:2 pbqpoffset:2.00 pbfactor:1.26 avgQpOffsetCutree:-2.93;
in:18 out:20 type:B q:22.55 q-aq:21.02 q-noVbv:22.55 q-Rceq:1.00 tex:27975 mv:17604 misc:3053 icu:63.50 pcu:759.75 scu:472.75 tlayer:3 pbqpoffset:3.50 pbfactor:1.50 avgQpOffsetCutree:-1.70;
in:17 out:21 type:b q:25.71 q-aq:26.00 q-noVbv:25.71 q-Rceq:1.00 tex:5698 mv:8511 misc:1991 icu:9.75 pcu:686.50 scu:599.75 tlayer:4 pbqpoffset:6.54 pbfactor:2.13 avgQpOffsetCutree:0.00;
in:19 out:22 type:b q:25.48 q-aq:25.43 q-noVbv:25.48 q-Rceq:1.00 tex:6115 mv:8846 misc:2215 icu:25.25 pcu:667.25 scu:603.50 tlayer:4 pbqpoffset:6.54 pbfactor:2.13 avgQpOffsetCutree:0.00;
in:22 out:23 type:B q:21.55 q-aq:20.14 q-noVbv:21.55 q-Rceq:1.00 tex:37976 mv:18722 misc:2870 icu:211.00 pcu:673.25 scu:411.75 tlayer:3 pbqpoffset:2.98 pbfactor:1.41 avgQpOffsetCutree:-1.66;
in:21 out:24 type:b q:25.04 q-aq:25.01 q-noVbv:25.04 q-Rceq:1.00 tex:8042 mv:9808 misc:2086 icu:45.50 pcu:662.50 scu:588.00 tlayer:4 pbqpoffset:6.34 pbfactor:2.08 avgQpOffsetCutree:0.00;
in:23 out:25 type:b q:25.00 q-aq:25.02 q-noVbv:25.00 q-Rceq:1.00 tex:7492 mv:9042 misc:2058 icu:73.50 pcu:598.25 scu:624.25 tlayer:4 pbqpoffset:6.54 pbfactor:2.13 avgQpOffsetCutree:0.00;
in:28 out:26 type:B q:19.55 q-aq:16.36 q-noVbv:19.55 q-Rceq:1.00 tex:121634 mv:24270 misc:3296 icu:507.75 pcu:521.50 scu:266.75 tlayer:2 pbqpoffset:1.68 pbfactor:1.21 avgQpOffsetCutree:-3.26;
in:26 out:27 type:B q:21.27 q-aq:19.72 q-noVbv:21.27 q-Rceq:1.00 tex:34873 mv:18336 misc:2887 icu:247.50 pcu:646.50 scu:402.00 tlayer:3 pbqpoffset:3.16 pbfactor:1.44 avgQpOffsetCutree:-1.66;
in:25 out:28 type:b q:24.77 q-aq:25.00 q-noVbv:24.77 q-Rceq:1.00 tex:7539 mv:8904 misc:1917 icu:106.00 pcu:629.75 scu:560.25 tlayer:4 pbqpoffset:6.54 pbfactor:2.13 avgQpOffsetCutree:0.00;
in:27 out:29 type:b q:24.34 q-aq:24.06 q-noVbv:24.34 q-Rceq:1.00 tex:7450 mv:8815 misc:2167 icu:136.00 pcu:561.25 scu:598.75 tlayer:4 pbqpoffset:6.35 pbfactor:2.08 avgQpOffsetCutree:0.00;
in:30 out:30 type:B q:19.92 q-aq:18.19 q-noVbv:19.92 q-Rceq:1.00 tex:65788 mv:15759 misc:2917 icu:339.25 pcu:577.50 scu:379.25 tlayer:3 pbqpoffset:2.29 pbfactor:1.30 avgQpOffsetCutree:-1.87;
in:29 out:31 type:b q:24.30 q-aq:24.01 q-noVbv:24.30 q-Rceq:1.00 tex:8548 mv:8303 misc:2037 icu:172.00 pcu:520.50 scu:603.50 tlayer:4 pbqpoffset:6.54 pbfactor:2.13 avgQpOffsetCutree:0.00;
in:31 out:32 type:b q:23.81 q-aq:24.00 q-noVbv:23.81 q-Rceq:1.00 tex:9557 mv:6181 misc:1926 icu:136.75 pcu:392.75 scu:766.50 tlayer:4 pbqpoffset:6.29 pbfactor:2.07 avgQpOffsetCutree:0.00;
in:48 out:33 type:k q:14.77 q-aq:9.08 q-noVbv:14.77 q-Rceq:1.00 tex:352197 mv:39083 misc:2840 icu:1208.50 pcu:84.50 scu:3.00 tlayer:0 pbqpoffset:0.00 pbfactor:1.00 avgQpOffsetCutree:-6.12;
in:40 out:34 type:B q:17.71 q-aq:12.57 q-noVbv:17.71 q-Rceq:1.00 tex:220784 mv:35158 misc:3322 icu:772.75 pcu:337.25 scu:186.00 tlayer:1 pbqpoffset:1.63 pbfactor:1.21 avgQpOffsetCutree:-5.12;
in:36 out:35 type:B q:18.74 q-aq:15.36 q-noVbv:18.74 q-Rceq:1.00 tex:102303 mv:29684 misc:3597 icu:241.50 pcu:707.75 scu:346.75 tlayer:2 pbqpoffset:2.00 pbfactor:1.26 avgQpOffsetCutree:-3.17;
in:34 out:36 type:B q:19.94 q-aq:18.50 q-noVbv:19.94 q-Rceq:1.00 tex:39410 mv:19870 misc:3176 icu:142.75 pcu:701.75 scu:451.50 tlayer:3 pbqpoffset:2.87 pbfactor:1.39 avgQpOffsetCutree:-1.67;
in:33 out:37 type:b q:22.98 q-aq:23.01 q-noVbv:22.98 q-Rceq:1.00 tex:10602 mv:10726 misc:2288 icu:82.25 pcu:655.00 scu:558.75 tlayer:4 pbqpoffset:5.75 pbfactor:1.94 avgQpOffsetCutree:0.00;
in:35 out:38 type:b q:23.40 q-aq:23.32 q-noVbv:23.40 q-Rceq:1.00 tex:7456 mv:9239 misc:2169 icu:57.75 pcu:650.25 scu:588.00 tlayer:4 pbqpoffset:6.49 pbfactor:2.12 avgQpOffsetCutree:0.00;
in:38 out:39 type:B q:19.90 q-aq:18.26 q-noVbv:19.90 q-Rceq:1.00 tex:33009 mv:19329 misc:3214 icu:38.75 pcu:776.25 scu:481.00 tlayer:3 pbqpoffset:3.49 pbfactor:1.50 avgQpOffsetCutree:-1.74;
in:37 out:40 type:b q:23.07 q-aq:23.00 q-noVbv:23.07 q-Rceq:1.00 tex:6747 mv:8819 misc:1922 icu:7.25 pcu:695.75 scu:593.00 tlayer:4 pbqpoffset:6.49 pbfactor:2.12 avgQpOffsetCutree:0.00;
in:39 out:41 type:b q:22.74 q-aq:23.00 q-noVbv:22.74 q-Rceq:1.00 tex:4719 mv:8847 misc:2010 icu:6.75 pcu:624.00 scu:665.25 tlayer:4 pbqpoffset:6.49 pbfactor:2.12 avgQpOffsetCutree:0.00;
in:44 out:42 type:B q:17.16 q-aq:13.22 q-noVbv:17.16 q-Rceq:1.00 tex:156088 mv:30135 misc:3449 icu:363.50 pcu:639.25 scu:293.25 tlayer:2 pbqpoffset:1.74 pbfactor:1.22 avgQpOffsetCutree:-3.70;
in:42 out:43 type:B q:19.25 q-aq:17.69 q-noVbv:19.25 q-Rceq:1.00 tex:35154 mv:19662 misc:3192 icu:45.00 pcu:773.25 scu:477.75 tlayer:3 pbqpoffset:3.49 pbfactor:1.50 avgQpOffsetCutree:-1.74;
in:41 out:44 type:b q:22.41 q-aq:22.14 q-noVbv:22.41 q-Rceq:1.00 tex:5310 mv:8149 misc:2077 icu:7.75 pcu:594.00 scu:694.25 tlayer:4 pbqpoffset:6.49 pbfactor:2.12 avgQpOffsetCutree:0.00;
in:43 out:45 type:b q:22.08 q-aq:22.00 q-noVbv:22.08 q-Rceq:1.00 tex:5934 mv:9183 misc:2075 icu:7.50 pcu:678.75 scu:609.75 tlayer:4 pbqpoffset:6.49 pbfactor:2.12 avgQpOffsetCutree:0.00;
in:46 out:46 type:B q:18.07 q-aq:15.95 q-noVbv:18.07 q-Rceq:1.00 tex:68549 mv:18374 misc:3565 icu:117.50 pcu:710.50 scu:468.00 tlayer:3 pbqpoffset:2.97 pbfactor:1.41 avgQpOffsetCutree:-2.06;
in:45 out:47 type:b q:21.75 q-aq:22.00 q-noVbv:21.75 q-Rceq:1.00 tex:5317 mv:8488 misc:1963 icu:2.25 pcu:637.50 scu:656.25 tlayer:4 pbqpoffset:6.49 pbfactor:2.12 avgQpOffsetCutree:0.00;
in:47 out:48 type:b q:20.79 q-aq:21.00 q-noVbv:20.79 q-Rceq:1.00 tex:12733 mv:8456 misc:2571 icu:40.50 pcu:542.50 scu:713.00 tlayer:4 pbqpoffset:5.85 pbfactor:1.97 avgQpOffsetCutree:0.00;
in:64 out:49 type:k q:14.57 q-aq:9.18 q-noVbv:14.57 q-Rceq:1.00 tex:350887 mv:39216 misc:2713 icu:1207.00 pcu:88.50 scu:0.50 tlayer:0 pbqpoffset:0.61 pbfactor:1.07 avgQpOffsetCutree:-5.89;
in:56 out:50 type:B q:16.19 q-aq:11.14 q-noVbv:16.19 q-Rceq:1.00 tex:249515 mv:39247 misc:3142 icu:727.25 pcu:396.25 scu:172.50 tlayer:1 pbqpoffset:1.52 pbfactor:1.19 avgQpOffsetCutree:-5.06;
in:52 out:51 type:B q:16.50 q-aq:12.91 q-noVbv:16.50 q-Rceq:1.00 tex:130177 mv:33882 misc:3885 icu:200.75 pcu:763.00 scu:332.25 tlayer:2 pbqpoffset:1.78 pbfactor:1.23 avgQpOffsetCutree:-3.28;
in:50 out:52 type:B q:17.74 q-aq:16.15 q-noVbv:17.74 q-Rceq:1.00 tex:51001 mv:22400 misc:3135 icu:44.00 pcu:804.25 scu:447.75 tlayer:3 pbqpoffset:3.00 pbfactor:1.41 avgQpOffsetCutree:-1.68;
in:49 out:53 type:b q:21.14 q-aq:21.04 q-noVbv:21.14 q-Rceq:1.00 tex:9075 mv:9821 misc:2224 icu:5.25 pcu:639.50 scu:651.25 tlayer:4 pbqpoffset:6.38 pbfactor:2.09 avgQpOffsetCutree:0.00;
in:51 out:54 type:b q:21.12 q-aq:21.03 q-noVbv:21.12 q-Rceq:1.00 tex:9682 mv:9666 misc:2156 icu:6.50 pcu:711.50 scu:578.00 tlayer:4 pbqpoffset:6.38 pbfactor:2.09 avgQpOffsetCutree:0.00;
in:54 out:55 type:B q:17.81 q-aq:16.20 q-noVbv:17.81 q-Rceq:1.00 tex:48509 mv:21823 misc:3404 icu:43.25 pcu:821.25 scu:431.50 tlayer:3 pbqpoffset:3.11 pbfactor:1.43 avgQpOffsetCutree:-1.73;
in:53 out:56 type:b q:21.09 q-aq:21.01 q-noVbv:21.09 q-Rceq:1.00 tex:8048 mv:8888 misc:2184 icu:9.25 pcu:661.25 scu:625.50 tlayer:4 pbqpoffset:6.38 pbfactor:2.09 avgQpOffsetCutree:0.00;
in:55 out:57 type:b q:21.06 q-aq:21.00 q-noVbv:21.06 q-Rceq:1.00 tex:6477 mv:9245 misc:2086 icu:5.00 pcu:651.75 scu:639.25 tlayer:4 pbqpoffset:6.38 pbfactor:2.09 avgQpOffsetCutree:0.00;
in:60 out:58 type:B q:16.40 q-aq:12.68 q-noVbv:16.40 q-Rceq:1.00 tex:156702 mv:30616 misc:3618 icu:335.50 pcu:663.75 scu:296.75 tlayer:2 pbqpoffset:1.78 pbfactor:1.23 avgQpOffsetCutree:-3.57;
in:58 out:59 type:B q:18.03 q-aq:16.44 q-noVbv:18.03 q-Rceq:1.00 tex:37492 mv:20950 misc:3238 icu:43.75 pcu:807.50 scu:444.75 tlayer:3 pbqpoffset:3.38 pbfactor:1.48 avgQpOffsetCutree:-1.68;
in:57 out:60 type:b q:21.04 q-aq:21.00 q-noVbv:21.04 q-Rceq:1.00 tex:5210 mv:8182 misc:1984 icu:9.00 pcu:564.50 scu:722.50 tlayer:4 pbqpoffset:6.38 pbfactor:2.09 avgQpOffsetCutree:0.00;
in:59 out:61 type:b q:21.01 q-aq:21.00 q-noVbv:21.01 q-Rceq:1.00 tex:7013 mv:9181 misc:2214 icu:7.75 pcu:622.75 scu:665.50 tlayer:4 pbqpoffset:6.38 pbfactor:2.09 avgQpOffsetCutree:0.00;
in:62 out:62 type:B q:17.08 q-aq:15.26 q-noVbv:17.08 q-Rceq:1.00 tex:79397 mv:20926 misc:3677 icu:168.00 pcu:731.25 scu:396.75 tlayer:3 pbqpoffset:2.49 pbfactor:1.33 avgQpOffsetCutree:-1.97;
in:61 out:63 type:b q:20.99 q-aq:21.00 q-noVbv:20.99 q-Rceq:1.00 tex:7359 mv:9393 misc:2352 icu:12.50 pcu:599.25 scu:684.25 tlayer:4 pbqpoffset:6.38 pbfactor:2.09 avgQpOffsetCutree:0.00;
in:63 out:64 type:b q:19.61 q-aq:19.98 q-noVbv:19.61 q-Rceq:1.00 tex:15267 mv:9221 misc:2640 icu:45.75 pcu:543.75 scu:706.50 tlayer:4 pbqpoffset:5.03 pbfactor:1.79 avgQpOffsetCutree:0.00;
in:80 out:65 type:k q:15.11 q-aq:9.60 q-noVbv:15.11 q-Rceq:1.00 tex:328719 mv:38291 misc:2886 icu:1205.50 pcu:89.50 scu:1.00 tlayer:0 pbqpoffset:0.54 pbfactor:1.06 avgQpOffsetCutree:-6.01;
in:72 out:66 type:B q:16.30 q-aq:11.72 q-noVbv:16.30 q-Rceq:1.00 tex:241414 mv:35337 misc:3281 icu:793.50 pcu:358.25 scu:144.25 tlayer:1 pbqpoffset:1.46 pbfactor:1.18 avgQpOffsetCutree:-4.77;
in:68 out:67 type:B q:16.42 q-aq:13.44 q-noVbv:16.42 q-Rceq:1.00 tex:132544 mv:30650 misc:3702 icu:291.75 pcu:718.00 scu:286.25 tlayer:2 pbqpoffset:1.72 pbfactor:1.22 avgQpOffsetCutree:-3.05;
in:66 out:68 type:B q:17.96 q-aq:16.32 q-noVbv:17.96 q-Rceq:1.00 tex:46574 mv:22508 misc:3342 icu:52.50 pcu:811.00 scu:432.50 tlayer:3 pbqpoffset:3.32 pbfactor:1.47 avgQpOffsetCutree:-1.68;
in:65 out:69 type:b q:20.92 q-aq:21.00 q-noVbv:20.92 q-Rceq:1.00 tex:9140 mv:10193 misc:2259 icu:6.50 pcu:719.25 scu:570.25 tlayer:4 pbqpoffset:6.32 pbfactor:2.08 avgQpOffsetCutree:0.00;
in:67 out:70 type:b q:20.99 q-aq:21.00 q-noVbv:20.99 q-Rceq:1.00 tex:9276 mv:10524 misc:2384 icu:15.50 pcu:631.50 scu:649.00 tlayer:4 pbqpoffset:6.32 pbfactor:2.08 avgQpOffsetCutree:0.00;
in:70 out:71 type:B q:17.58 q-aq:16.36 q-noVbv:17.58 q-Rceq:1.00 tex:54555 mv:23440 misc:3333 icu:130.25 pcu:803.00 scu:362.75 tlayer:3 pbqpoffset:2.81 pbfactor:1.38 avgQpOffsetCutree:-1.55;
in:69 out:72 type:b q:21.04 q-aq:21.00 q-noVbv:21.04 q-Rceq:1.00 tex:10298 mv:10609 misc:2277 icu:31.00 pcu:696.50 scu:568.50 tlayer:4 pbqpoffset:6.30 pbfactor:2.07 avgQpOffsetCutree:0.00;
in:71 out:73 type:b q:21.11 q-aq:21.02 q-noVbv:21.11 q-Rceq:1.00 tex:10154 mv:11292 misc:2362 icu:48.25 pcu:656.00 scu:591.75 tlayer:4 pbqpoffset:6.31 pbfactor:2.07 avgQpOffsetCutree:0.00;
in:76 out:74 type:B q:16.43 q-aq:13.01 q-noVbv:16.43 q-Rceq:1.00 tex:158792 mv:28578 misc:3606 icu:467.50 pcu:564.50 scu:264.00 tlayer:2 pbqpoffset:1.46 pbfactor:1.18 avgQpOffsetCutree:-3.53;
in:74 out:75 type:B q:18.10 q-aq:16.81 q-noVbv:18.10 q-Rceq:1.00 tex:44538 mv:20978 misc:3164 icu:163.50 pcu:709.00 scu:423.50 tlayer:3 pbqpoffset:3.19 pbfactor:1.45 avgQpOffsetCutree:-1.57;
in:73 out:76 type:b q:21.19 q-aq:21.02 q-noVbv:21.19 q-Rceq:1.00 tex:10865 mv:9617 misc:2214 icu:63.00 pcu:654.75 scu:578.25 tlayer:4 pbqpoffset:6.32 pbfactor:2.08 avgQpOffsetCutree:0.00;
in:75 out:77 type:b q:21.26 q-aq:21.12 q-noVbv:21.26 q-Rceq:1.00 tex:8724 mv:9641 misc:2171 icu:57.50 pcu:522.50 scu:716.00 tlayer:4 pbqpoffset:6.32 pbfactor:2.08 avgQpOffsetCutree:0.00;
in:78 out:78 type:B q:17.44 q-aq:15.66 q-noVbv:17.44 q-Rceq:1.00 tex:79230 mv:18541 misc:3469 icu:224.00 pcu:630.75 scu:441.25 tlayer:3 pbqpoffset:2.39 pbfactor:1.32 avgQpOffsetCutree:-1.94;
in:77 out:79 type:b q:21.33 q-aq:21.11 q-noVbv:21.33 q-Rceq:1.00 tex:10189 mv:9346 misc:2121 icu:75.50 pcu:605.00 scu:615.50 tlayer:4 pbqpoffset:6.32 pbfactor:2.08 avgQpOffsetCutree:0.00;
in:79 out:80 type:b q:19.77 q-aq:20.00 q-noVbv:19.77 q-Rceq:1.00 tex:18066 mv:8753 misc:2589 icu:112.75 pcu:478.50 scu:704.75 tlayer:4 pbqpoffset:4.69 pbfactor:1.72 avgQpOffsetCutree:0.00;
in:96 out:81 type:k q:14.94 q-aq:9.20 q-noVbv:14.94 q-Rceq:1.00 tex:334303 mv:38462 misc:2819 icu:1200.00 pcu:91.50 scu:4.50 tlayer:0 pbqpoffset:0.49 pbfactor:1.06 avgQpOffsetCutree:-6.19;
in:88 out:82 type:B q:16.48 q-aq:11.51 q-noVbv:16.48 q-Rceq:1.00 tex:243747 mv:35305 misc:3124 icu:736.75 pcu:342.00 scu:217.25 tlayer:1 pbqpoffset:1.45 pbfactor:1.18 avgQpOffsetCutree:-5.04;
in:84 out:83 type:B q:17.08 q-aq:13.76 q-noVbv:17.08 q-Rceq:1.00 tex:112820 mv:32797 misc:3687 icu:178.75 pcu:767.50 scu:349.75 tlayer:2 pbqpoffset:2.01 pbfactor:1.26 avgQpOffsetCutree:-3.30;
in:82 out:84 type:B q:18.39 q-aq:16.82 q-noVbv:18.39 q-Rceq:1.00 tex:44536 mv:21890 misc:3270 icu:60.25 pcu:756.25 scu:479.50 tlayer:3 pbqpoffset:3.30 pbfactor:1.46 avgQpOffsetCutree:-1.74;
in:81 out:85 type:b q:21.42 q-aq:21.31 q-noVbv:21.42 q-Rceq:1.00 tex:10069 mv:10126 misc:2213 icu:20.25 pcu:690.50 scu:585.25 tlayer:4 pbqpoffset:6.32 pbfactor:2.08 avgQpOffsetCutree:0.00;
in:83 out:86 type:b q:21.40 q-aq:21.25 q-noVbv:21.40 q-Rceq:1.00 tex:7704 mv:9682 misc:2238 icu:26.00 pcu:687.25 scu:582.75 tlayer:4 pbqpoffset:6.32 pbfactor:2.08 avgQpOffsetCutree:0.00;
in:86 out:87 type:B q:18.37 q-aq:16.87 q-noVbv:18.37 q-Rceq:1.00 tex:36591 mv:20512 misc:3201 icu:40.50 pcu:728.25 scu:527.25 tlayer:3 pbqpoffset:3.32 pbfactor:1.47 avgQpOffsetCutree:-1.64;
in:85 out:88 type:b q:21.38 q-aq:21.12 q-noVbv:21.38 q-Rceq:1.00 tex:6562 mv:9201 misc:2021 icu:4.00 pcu:703.50 scu:588.50 tlayer:4 pbqpoffset:6.32 pbfactor:2.08 avgQpOffsetCutree:0.00;
in:87 out:89 type:b q:21.36 q-aq:21.12 q-noVbv:21.36 q-Rceq:1.00 tex:5850 mv:9593 misc:1997 icu:5.25 pcu:601.00 scu:689.75 tlayer:4 pbqpoffset:6.32 pbfactor:2.08 avgQpOffsetCutree:0.00;
in:92 out:90 type:B q:16.61 q-aq:12.78 q-noVbv:16.61 q-Rceq:1.00 tex:169210 mv:31850 misc:3548 icu:395.00 pcu:639.75 scu:261.25 tlayer:2 pbqpoffset:1.62 pbfactor:1.21 avgQpOffsetCutree:-3.76;
in:90 out:91 type:B q:18.33 q-aq:16.68 q-noVbv:18.33 q-Rceq:1.00 tex:41726 mv:21715 misc:3399 icu:47.00 pcu:837.75 scu:411.25 tlayer:3 pbqpoffset:3.32 pbfactor:1.47 avgQpOffsetCutree:-1.69;
in:89 out:92 type:b q:21.34 q-aq:21.03 q-noVbv:21.34 q-Rceq:1.00 tex:7022 mv:9813 misc:2133 icu:8.00 pcu:625.00 scu:663.00 tlayer:4 pbqpoffset:6.32 pbfactor:2.08 avgQpOffsetCutree:0.00;
in:91 out:93 type:b q:21.32 q-aq:21.02 q-noVbv:21.32 q-Rceq:1.00 tex:6673 mv:8840 misc:1775 icu:6.25 pcu:609.25 scu:680.50 tlayer:4 pbqpoffset:6.32 pbfactor:2.08 avgQpOffsetCutree:0.00;
in:94 out:94 type:B q:17.59 q-aq:15.39 q-noVbv:17.59 q-Rceq:1.00 tex:85100 mv:20336 misc:3516 icu:169.00 pcu:725.00 scu:402.00 tlayer:3 pbqpoffset:2.62 pbfactor:1.35 avgQpOffsetCutree:-2.15;
in:93 out:95 type:b q:21.29 q-aq:21.03 q-noVbv:21.29 q-Rceq:1.00 tex:9147 mv:9306 misc:2059 icu:10.75 pcu:646.50 scu:638.75 tlayer:4 pbqpoffset:6.32 pbfactor:2.08 avgQpOffsetCutree:0.00;
in:95 out:96 type:b q:20.04 q-aq:20.00 q-noVbv:20.04 q-Rceq:1.00 tex:15242 mv:9063 misc:2495 icu:41.00 pcu:595.25 scu:659.75 tlayer:4 pbqpoffset:5.08 pbfactor:1.80 avgQpOffsetCutree:0.00;
in:112 out:97 type:k q:15.30 q-aq:9.49 q-noVbv:15.30 q-Rceq:1.00 tex:330920 mv:38397 misc:2955 icu:1185.75 pcu:106.25 scu:4.00 tlayer:0 pbqpoffset:0.68 pbfactor:1.08 avgQpOffsetCutree:-6.24;
in:104 out:98 type:B q:16.58 q-aq:11.66 q-noVbv:16.58 q-Rceq:1.00 tex:245813 mv:35549 misc:3310 icu:760.25 pcu:395.50 scu:140.25 tlayer:1 pbqpoffset:1.45 pbfactor:1.18 avgQpOffsetCutree:-4.94;
in:100 out:99 type:B q:17.21 q-aq:13.51 q-noVbv:17.21 q-Rceq:1.00 tex:116055 mv:31560 misc:3713 icu:201.50 pcu:782.25 scu:312.25 tlayer:2 pbqpoffset:2.17 pbfactor:1.29 avgQpOffsetCutree:-3.33;
in:98 out:100 type:B q:18.31 q-aq:16.57 q-noVbv:18.31 q-Rceq:1.00 tex:43088 mv:21427 misc:3349 icu:44.50 pcu:805.50 scu:446.00 tlayer:3 pbqpoffset:3.32 pbfactor:1.47 avgQpOffsetCutree:-1.75;
in:97 out:101 type:b q:21.29 q-aq:21.03 q-noVbv:21.29 q-Rceq:1.00 tex:8484 mv:9357 misc:2215 icu:2.75 pcu:683.50 scu:609.75 tlayer:4 pbqpoffset:6.32 pbfactor:2.08 avgQpOffsetCutree:0.00;
in:99 out:102 type:b q:21.33 q-aq:21.01 q-noVbv:21.33 q-Rceq:1.00 tex:7027 mv:9465 misc:2260 icu:5.25 pcu:642.75 scu:648.00 tlayer:4 pbqpoffset:6.32 pbfactor:2.08 avgQpOffsetCutree:0.00;
in:102 out:103 type:B q:18.40 q-aq:16.97 q-noVbv:18.40 q-Rceq:1.00 tex:39162 mv:20603 misc:3115 icu:44.50 pcu:805.50 scu:446.00 tlayer:3 pbqpoffset:3.32 pbfactor:1.47 avgQpOffsetCutree:-1.70;
in:101 out:104 type:b q:21.38 q-aq:21.02 q-noVbv:21.38 q-Rceq:1.00 tex:6151 mv:8974 misc:2107 icu:8.00 pcu:641.75 scu:646.25 tlayer:4 pbqpoffset:6.32 pbfactor:2.08 avgQpOffsetCutree:0.00;
in:103 out:105 type:b q:21.42 q-aq:21.16 q-noVbv:21.42 q-Rceq:1.00 tex:7613 mv:10172 misc:2295 icu:9.00 pcu:686.00 scu:601.00 tlayer:4 pbqpoffset:6.32 pbfactor:2.08 avgQpOffsetCutree:0.00;
in:108 out:106 type:B q:16.80 q-aq:13.17 q-noVbv:16.80 q-Rceq:1.00 tex:160331 mv:29297 misc:3724 icu:448.25 pcu:626.50 scu:221.25 tlayer:2 pbqpoffset:1.59 pbfactor:1.20 avgQpOffsetCutree:-3.56;
in:106 out:107 type:B q:18.41 q-aq:17.05 q-noVbv:18.41 q-Rceq:1.00 tex:44148 mv:21646 misc:3238 icu:89.75 pcu:792.00 scu:414.25 tlayer:3 pbqpoffset:3.24 pbfactor:1.45 avgQpOffsetCutree:-1.60;
in:105 out:108 type:b q:21.47 q-aq:21.22 q-noVbv:21.47 q-Rceq:1.00 tex:7863 mv:10036 misc:2413 icu:21.50 pcu:657.50 scu:617.00 tlayer:4 pbqpoffset:6.32 pbfactor:2.08 avgQpOffsetCutree:0.00;
in:107 out:109 type:b q:21.51 q-aq:21.42 q-noVbv:21.51 q-Rceq:1.00 tex:9130 mv:10683 misc:2219 icu:13.75 pcu:719.75 scu:562.50 tlayer:4 pbqpoffset:6.32 pbfactor:2.08 avgQpOffsetCutree:0.00;
in:110 out:110 type:B q:17.69 q-aq:15.84 q-noVbv:17.69 q-Rceq:1.00 tex:72848 mv:18315 misc:3261 icu:170.50 pcu:678.00 scu:447.50 tlayer:3 pbqpoffset:2.43 pbfactor:1.32 avgQpOffsetCutree:-1.98;
in:109 out:111 type:b q:21.55 q-aq:21.94 q-noVbv:21.55 q-Rceq:1.00 tex:7868 mv:8843 misc:2097 icu:8.50 pcu:661.00 scu:626.50 tlayer:4 pbqpoffset:6.32 pbfactor:2.08 avgQpOffsetCutree:0.00;
in:111 out:112 type:b q:19.99 q-aq:20.01 q-noVbv:19.99 q-Rceq:1.00 tex:16348 mv:9732 misc:2632 icu:58.25 pcu:547.75 scu:690.00 tlayer:4 pbqpoffset:4.70 pbfactor:1.72 avgQpOffsetCutree:0.00;
in:128 out:113 type:k q:15.48 q-aq:9.61 q-noVbv:15.48 q-Rceq:1.00 tex:331552 mv:40439 misc:2721 icu:1165.50 pcu:125.75 scu:4.75 tlayer:0 pbqpoffset:0.54 pbfactor:1.06 avgQpOffsetCutree:-6.34;
in:120 out:114 type:B q:16.86 q-aq:11.83 q-noVbv:16.86 q-Rceq:1.00 tex:223946 mv:33776 misc:3502 icu:615.50 pcu:444.25 scu:236.25 tlayer:1 pbqpoffset:1.47 pbfactor:1.18 avgQpOffsetCutree:-5.04;
in:116 out:115 type:B q:17.32 q-aq:13.72 q-noVbv:17.32 q-Rceq:1.00 tex:106069 mv:29196 misc:3735 icu:181.25 pcu:769.00 scu:345.75 tlayer:2 pbqpoffset:1.97 pbfactor:1.26 avgQpOffsetCutree:-3.32;
in:114 out:116 type:B q:18.66 q-aq:17.18 q-noVbv:18.66 q-Rceq:1.00 tex:38803 mv:20755 misc:3050 icu:56.00 pcu:780.00 scu:460.00 tlayer:3 pbqpoffset:3.33 pbfactor:1.47 avgQpOffsetCutree:-1.75;
in:113 out:117 type:b q:21.65 q-aq:22.00 q-noVbv:21.65 q-Rceq:1.00 tex:8159 mv:9450 misc:2079 icu:12.00 pcu:602.25 scu:681.75 tlayer:4 pbqpoffset:6.33 pbfactor:2.08 avgQpOffsetCutree:0.00;
in:115 out:118 type:b q:21.67 q-aq:22.00 q-noVbv:21.67 q-Rceq:1.00 tex:7020 mv:9199 misc:2117 icu:10.25 pcu:607.50 scu:678.25 tlayer:4 pbqpoffset:6.33 pbfactor:2.08 avgQpOffsetCutree:0.00;
in:118 out:119 type:B q:18.70 q-aq:17.32 q-noVbv:18.70 q-Rceq:1.00 tex:37518 mv:19119 misc:2987 icu:51.25 pcu:742.50 scu:502.25 tlayer:3 pbqpoffset:3.33 pbfactor:1.47 avgQpOffsetCutree:-1.67;
in:117 out:120 type:b q:21.69 q-aq:22.00 q-noVbv:21.69 q-Rceq:1.00 tex:7035 mv:8375 misc:1814 icu:6.25 pcu:683.75 scu:606.00 tlayer:4 pbqpoffset:6.33 pbfactor:2.08 avgQpOffsetCutree:0.00;
in:119 out:121 type:b q:21.71 q-aq:22.00 q-noVbv:21.71 q-Rceq:1.00 tex:6605 mv:9023 misc:1980 icu:14.75 pcu:664.75 scu:616.50 tlayer:4 pbqpoffset:6.33 pbfactor:2.08 avgQpOffsetCutree:0.00;
in:124 out:122 type:B q:17.11 q-aq:13.51 q-noVbv:17.11 q-Rceq:1.00 tex:147513 mv:27272 misc:3535 icu:385.50 pcu:597.25 scu:313.25 tlayer:2 pbqpoffset:1.67 pbfactor:1.21 avgQpOffsetCutree:-3.57;
in:122 out:123 type:B q:18.75 q-aq:17.12 q-noVbv:18.75 q-Rceq:1.00 tex:36719 mv:19915 misc:3014 icu:59.50 pcu:753.50 scu:483.00 tlayer:3 pbqpoffset:3.33 pbfactor:1.47 avgQpOffsetCutree:-1.73;
in:121 out:124 type:b q:21.74 q-aq:22.00 q-noVbv:21.74 q-Rceq:1.00 tex:6715 mv:8304 misc:1997 icu:12.25 pcu:665.75 scu:618.00 tlayer:4 pbqpoffset:6.33 pbfactor:2.08 avgQpOffsetCutree:0.00;
in:123 out:125 type:b q:21.76 q-aq:22.00 q-noVbv:21.76 q-Rceq:1.00 tex:6991 mv:8884 misc:1949 icu:17.00 pcu:677.50 scu:601.50 tlayer:4 pbqpoffset:6.33 pbfactor:2.08 avgQpOffsetCutree:0.00;
in:126 out:126 type:B q:17.84 q-aq:16.00 q-noVbv:17.84 q-Rceq:1.00 tex:72171 mv:18618 misc:3467 icu:180.25 pcu:677.00 scu:438.75 tlayer:3 pbqpoffset:2.38 pbfactor:1.32 avgQpOffsetCutree:-2.03;
in:125 out:127 type:b q:21.78 q-aq:22.00 q-noVbv:21.78 q-Rceq:1.00 tex:7142 mv:8931 misc:1959 icu:14.25 pcu:670.00 scu:611.75 tlayer:4 pbqpoffset:6.33 pbfactor:2.08 avgQpOffsetCutree:0.00;
in:127 out:128 type:b q:20.61 q-aq:20.99 q-noVbv:20.61 q-Rceq:1.00 tex:13674 mv:8666 misc:2364 icu:51.75 pcu:513.25 scu:731.00 tlayer:4 pbqpoffset:5.14 pbfactor:1.81 avgQpOffsetCutree:0.00;
in:144 out:129 type:k q:15.23 q-aq:9.51 q-noVbv:15.23 q-Rceq:1.00 tex:339560 mv:40198 misc:2754 icu:1151.25 pcu:138.75 scu:6.00 tlayer:0 pbqpoffset:0.54 pbfactor:1.06 avgQpOffsetCutree:-6.19;
in:136 out:130 type:B q:16.82 q-aq:11.57 q-noVbv:16.82 q-Rceq:1.00 tex:234282 mv:34282 misc:3460 icu:588.50 pcu:489.25 scu:218.25 tlayer:1 pbqpoffset:1.47 pbfactor:1.19 avgQpOffsetCutree:-5.18;
in:132 out:131 type:B q:17.49 q-aq:13.97 q-noVbv:17.49 q-Rceq:1.00 tex:98361 mv:28176 misc:3599 icu:173.00 pcu:760.00 scu:363.00 tlayer:2 pbqpoffset:2.08 pbfactor:1.27 avgQpOffsetCutree:-3.24;
in:130 out:132 type:B q:18.69 q-aq:17.24 q-noVbv:18.69 q-Rceq:1.00 tex:36162 mv:19763 misc:3091 icu:58.50 pcu:713.00 scu:524.50 tlayer:3 pbqpoffset:3.24 pbfactor:1.45 avgQpOffsetCutree:-1.72;
in:129 out:133 type:b q:21.80 q-aq:22.00 q-noVbv:21.80 q-Rceq:1.00 tex:8256 mv:8992 misc:2064 icu:8.50 pcu:606.00 scu:681.50 tlayer:4 pbqpoffset:6.34 pbfactor:2.08 avgQpOffsetCutree:0.00;
in:131 out:134 type:b q:21.77 q-aq:22.00 q-noVbv:21.77 q-Rceq:1.00 tex:7488 mv:8649 misc:2071 icu:8.00 pcu:599.00 scu:689.00 tlayer:4 pbqpoffset:6.34 pbfactor:2.08 avgQpOffsetCutree:0.00;
in:134 out:135 type:B q:18.69 q-aq:17.41 q-noVbv:18.69 q-Rceq:1.00 tex:35443 mv:19193 misc:3028 icu:58.50 pcu:729.50 scu:508.00 tlayer:3 pbqpoffset:3.30 pbfactor:1.46 avgQpOffsetCutree:-1.72;
in:133 out:136 type:b q:21.74 q-aq:22.00 q-noVbv:21.74 q-Rceq:1.00 tex:7387 mv:8802 misc:1939 icu:9.50 pcu:663.75 scu:622.75 tlayer:4 pbqpoffset:6.34 pbfactor:2.08 avgQpOffsetCutree:0.00;
in:135 out:137 type:b q:21.70 q-aq:22.00 q-noVbv:21.70 q-Rceq:1.00 tex:7214 mv:8521 misc:2065 icu:11.50 pcu:630.00 scu:654.50 tlayer:4 pbqpoffset:6.34 pbfactor:2.08 avgQpOffsetCutree:0.00;
in:140 out:138 type:B q:16.96 q-aq:12.96 q-noVbv:16.96 q-Rceq:1.00 tex:148793 mv:27160 misc:3615 icu:325.00 pcu:682.25 scu:288.75 tlayer:2 pbqpoffset:1.67 pbfactor:1.21 avgQpOffsetCutree:-3.80;
in:138 out:139 type:B q:18.64 q-aq:17.17 q-noVbv:18.64 q-Rceq:1.00 tex:35705 mv:19117 misc:3130 icu:56.50 pcu:776.75 scu:462.75 tlayer:3 pbqpoffset:3.32 pbfactor:1.47 avgQpOffsetCutree:-1.58;
in:137 out:140 type:b q:21.67 q-aq:22.00 q-noVbv:21.67 q-Rceq:1.00 tex:6585 mv:8278 misc:1929 icu:12.00 pcu:602.00 scu:682.00 tlayer:4 pbqpoffset:6.34 pbfactor:2.08 avgQpOffsetCutree:0.00;
in:139 out:141 type:b q:21.64 q-aq:22.00 q-noVbv:21.64 q-Rceq:1.00 tex:7238 mv:8879 misc:2027 icu:9.00 pcu:666.25 scu:620.75 tlayer:4 pbqpoffset:6.34 pbfactor:2.08 avgQpOffsetCutree:0.00;
in:142 out:142 type:B q:17.78 q-aq:15.60 q-noVbv:17.78 q-Rceq:1.00 tex:70598 mv:17485 misc:3397 icu:134.75 pcu:653.50 scu:507.75 tlayer:3 pbqpoffset:2.53 pbfactor:1.34 avgQpOffsetCutree:-2.11;
in:141 out:143 type:b q:21.61 q-aq:22.00 q-noVbv:21.61 q-Rceq:1.00 tex:7076 mv:7937 misc:1947 icu:8.75 pcu:612.75 scu:674.50 tlayer:4 pbqpoffset:6.34 pbfactor:2.08 avgQpOffsetCutree:0.00;
in:143 out:144 type:b q:21.58 q-aq:22.00 q-noVbv:21.58 q-Rceq:1.00 tex:7126 mv:6058 misc:2128 icu:25.75 pcu:428.75 scu:841.50 tlayer:4 pbqpoffset:6.34 pbfactor:2.08 avgQpOffsetCutree:0.00;
in:160 out:145 type:k q:15.26 q-aq:9.47 q-noVbv:15.26 q-Rceq:1.00 tex:335848 mv:40616 misc:2824 icu:1180.00 pcu:114.00 scu:2.00 tlayer:0 pbqpoffset:0.44 pbfactor:1.05 avgQpOffsetCutree:-6.27;
in:152 out:146 type:B q:16.71 q-aq:11.53 q-noVbv:16.71 q-Rceq:1.00 tex:229466 mv:34685 misc:3569 icu:597.75 pcu:464.25 scu:234.00 tlayer:1 pbqpoffset:1.47 pbfactor:1.18 avgQpOffsetCutree:-5.11;
in:148 out:147 type:B q:17.09 q-aq:13.62 q-noVbv:17.09 q-Rceq:1.00 tex:111158 mv:29965 misc:3613 icu:223.25 pcu:731.00 scu:341.75 tlayer:2 pbqpoffset:1.86 pbfactor:1.24 avgQpOffsetCutree:-3.37;
in:146 out:148 type:B q:18.56 q-aq:17.06 q-noVbv:18.56 q-Rceq:1.00 tex:41309 mv:20575 misc:3204 icu:50.50 pcu:733.25 scu:512.25 tlayer:3 pbqpoffset:3.33 pbfactor:1.47 avgQpOffsetCutree:-1.80;
in:145 out:149 type:b q:21.56 q-aq:22.00 q-noVbv:21.56 q-Rceq:1.00 tex:9553 mv:10138 misc:2165 icu:8.50 pcu:658.00 scu:629.50 tlayer:4 pbqpoffset:6.33 pbfactor:2.08 avgQpOffsetCutree:0.00;
in:147 out:150 type:b q:21.56 q-aq:22.00 q-noVbv:21.56 q-Rceq:1.00 tex:8802 mv:8874 misc:2116 icu:13.25 pcu:615.50 scu:667.25 tlayer:4 pbqpoffset:6.33 pbfactor:2.08 avgQpOffsetCutree:0.00;
in:150 out:151 type:B q:18.35 q-aq:16.91 q-noVbv:18.35 q-Rceq:1.00 tex:45979 mv:19820 misc:3345 icu:82.25 pcu:722.75 scu:491.00 tlayer:3 pbqpoffset:3.11 pbfactor:1.43 avgQpOffsetCutree:-1.69;
in:149 out:152 type:b q:21.57 q-aq:22.00 q-noVbv:21.57 q-Rceq:1.00 tex:8674 mv:9531 misc:2091 icu:11.00 pcu:665.00 scu:620.00 tlayer:4 pbqpoffset:6.33 pbfactor:2.08 avgQpOffsetCutree:0.00;
in:151 out:153 type:b q:21.57 q-aq:22.00 q-noVbv:21.57 q-Rceq:1.00 tex:8329 mv:9070 misc:2313 icu:13.75 pcu:595.00 scu:687.25 tlayer:4 pbqpoffset:6.33 pbfactor:2.08 avgQpOffsetCutree:0.00;
in:156 out:154 type:B q:16.88 q-aq:12.86 q-noVbv:16.88 q-Rceq:1.00 tex:156063 mv:27854 misc:3555 icu:364.75 pcu:589.25 scu:342.00 tlayer:2 pbqpoffset:1.62 pbfactor:1.21 avgQpOffsetCutree:-3.89;
in:154 out:155 type:B q:18.56 q-aq:17.19 q-noVbv:18.56 q-Rceq:1.00 tex:39372 mv:19337 misc:2963 icu:61.25 pcu:728.00 scu:506.75 tlayer:3 pbqpoffset:3.31 pbfactor:1.47 avgQpOffsetCutree:-1.73;
in:153 out:156 type:b q:21.58 q-aq:22.00 q-noVbv:21.58 q-Rceq:1.00 tex:8804 mv:8570 misc:2194 icu:18.75 pcu:586.50 scu:690.75 tlayer:4 pbqpoffset:6.33 pbfactor:2.08 avgQpOffsetCutree:0.00;
in:155 out:157 type:b q:21.58 q-aq:22.00 q-noVbv:21.58 q-Rceq:1.00 tex:6091 mv:8077 misc:2056 icu:10.00 pcu:590.00 scu:696.00 tlayer:4 pbqpoffset:6.33 pbfactor:2.08 avgQpOffsetCutree:0.00;
in:158 out:158 type:B q:18.15 q-aq:15.98 q-noVbv:18.15 q-Rceq:1.00 tex:56950 mv:16592 misc:3442 icu:110.75 pcu:639.75 scu:545.50 tlayer:3 pbqpoffset:2.90 pbfactor:1.40 avgQpOffsetCutree:-2.19;
in:157 out:159 type:b q:21.59 q-aq:22.00 q-noVbv:21.59 q-Rceq:1.00 tex:4503 mv:7384 misc:1809 icu:6.75 pcu:590.25 scu:699.00 tlayer:4 pbqpoffset:6.33 pbfactor:2.08 avgQpOffsetCutree:0.00;
in:159 out:160 type:b q:21.59 q-aq:22.00 q-noVbv:21.59 q-Rceq:1.00 tex:5712 mv:4948 misc:1796 icu:18.25 pcu:385.25 scu:892.50 tlayer:4 pbqpoffset:6.33 pbfactor:2.08 avgQpOffsetCutree:0.00;
in:176 out:161 type:k q:15.17 q-aq:9.18 q-noVbv:15.17 q-Rceq:1.00 tex:338450 mv:40175 misc:2687 icu:1160.25 pcu:133.75 scu:2.00 tlayer:0 pbqpoffset:0.33 pbfactor:1.04 avgQpOffsetCutree:-6.39;
in:168 out:162 type:B q:16.66 q-aq:11.26 q-noVbv:16.66 q-Rceq:1.00 tex:234211 mv:35686 misc:3287 icu:582.50 pcu:517.25 scu:196.25 tlayer:1 pbqpoffset:1.45 pbfactor:1.18 avgQpOffsetCutree:-5.26;
in:164 out:163 type:B q:17.04 q-aq:13.57 q-noVbv:17.04 q-Rceq:1.00 tex:104657 mv:29124 misc:3595 icu:217.75 pcu:753.25 scu:325.00 tlayer:2 pbqpoffset:1.80 pbfactor:1.23 avgQpOffsetCutree:-3.30;
in:162 out:164 type:B q:18.39 q-aq:16.69 q-noVbv:18.39 q-Rceq:1.00 tex:42647 mv:19180 misc:3117 icu:55.00 pcu:749.00 scu:492.00 tlayer:3 pbqpoffset:3.14 pbfactor:1.44 avgQpOffsetCutree:-1.90;
in:161 out:165 type:b q:21.57 q-aq:22.00 q-noVbv:21.57 q-Rceq:1.00 tex:8994 mv:8963 misc:2027 icu:4.75 pcu:714.50 scu:576.75 tlayer:4 pbqpoffset:6.31 pbfactor:2.07 avgQpOffsetCutree:0.00;
in:163 out:166 type:b q:21.56 q-aq:22.00 q-noVbv:21.56 q-Rceq:1.00 tex:6823 mv:8234 misc:1895 icu:7.25 pcu:580.00 scu:708.75 tlayer:4 pbqpoffset:6.31 pbfactor:2.07 avgQpOffsetCutree:0.00;
in:166 out:167 type:B q:18.16 q-aq:16.70 q-noVbv:18.16 q-Rceq:1.00 tex:37837 mv:18008 misc:3035 icu:69.75 pcu:729.50 scu:496.75 tlayer:3 pbqpoffset:2.93 pbfactor:1.40 avgQpOffsetCutree:-1.52;
in:165 out:168 type:b q:21.50 q-aq:21.68 q-noVbv:21.50 q-Rceq:1.00 tex:7872 mv:9238 misc:2018 icu:17.75 pcu:693.00 scu:585.25 tlayer:4 pbqpoffset:6.27 pbfactor:2.06 avgQpOffsetCutree:0.00;
in:167 out:169 type:b q:21.53 q-aq:21.99 q-noVbv:21.53 q-Rceq:1.00 tex:6760 mv:7747 misc:1989 icu:12.25 pcu:573.50 scu:710.25 tlayer:4 pbqpoffset:6.31 pbfactor:2.07 avgQpOffsetCutree:0.00;
in:172 out:170 type:B q:16.85 q-aq:12.85 q-noVbv:16.85 q-Rceq:1.00 tex:142387 mv:26086 misc:3767 icu:328.25 pcu:572.75 scu:395.00 tlayer:2 pbqpoffset:1.66 pbfactor:1.21 avgQpOffsetCutree:-3.81;
in:170 out:171 type:B q:18.51 q-aq:17.33 q-noVbv:18.51 q-Rceq:1.00 tex:35335 mv:17463 misc:2826 icu:51.75 pcu:724.00 scu:520.25 tlayer:3 pbqpoffset:3.31 pbfactor:1.47 avgQpOffsetCutree:-1.64;
in:169 out:172 type:b q:21.52 q-aq:21.84 q-noVbv:21.52 q-Rceq:1.00 tex:6074 mv:7719 misc:1991 icu:10.50 pcu:563.75 scu:721.75 tlayer:4 pbqpoffset:6.31 pbfactor:2.07 avgQpOffsetCutree:0.00;
in:171 out:173 type:b q:21.51 q-aq:21.68 q-noVbv:21.51 q-Rceq:1.00 tex:5076 mv:8093 misc:1927 icu:9.25 pcu:601.75 scu:685.00 tlayer:4 pbqpoffset:6.31 pbfactor:2.07 avgQpOffsetCutree:0.00;
in:174 out:174 type:B q:17.96 q-aq:15.83 q-noVbv:17.96 q-Rceq:1.00 tex:63895 mv:16027 misc:3126 icu:116.00 pcu:629.50 scu:550.50 tlayer:3 pbqpoffset:2.78 pbfactor:1.38 avgQpOffsetCutree:-2.09;
in:173 out:175 type:b q:21.50 q-aq:21.40 q-noVbv:21.50 q-Rceq:1.00 tex:6138 mv:7725 misc:1945 icu:9.25 pcu:577.75 scu:709.00 tlayer:4 pbqpoffset:6.31 pbfactor:2.07 avgQpOffsetCutree:0.00;
in:175 out:176 type:b q:20.77 q-aq:21.00 q-noVbv:20.77 q-Rceq:1.00 tex:13357 mv:7858 misc:2497 icu:18.75 pcu:555.75 scu:721.50 tlayer:4 pbqpoffset:5.59 pbfactor:1.91 avgQpOffsetCutree:0.00;
in:192 out:177 type:k q:14.95 q-aq:8.88 q-noVbv:14.95 q-Rceq:1.00 tex:365275 mv:41008 misc:2565 icu:1188.50 pcu:105.50 scu:2.00 tlayer:0 pbqpoffset:0.32 pbfactor:1.04 avgQpOffsetCutree:-6.51;
in:184 out:178 type:B q:16.48 q-aq:10.92 q-noVbv:16.48 q-Rceq:1.00 tex:255920 mv:36047 misc:3241 icu:575.75 pcu:527.75 scu:192.50 tlayer:1 pbqpoffset:1.42 pbfactor:1.18 avgQpOffsetCutree:-5.43;
in:180 out:179 type:B q:17.26 q-aq:13.44 q-noVbv:17.26 q-Rceq:1.00 tex:109236 mv:29223 misc:3621 icu:160.75 pcu:785.75 scu:349.50 tlayer:2 pbqpoffset:2.15 pbfactor:1.28 avgQpOffsetCutree:-3.49;
in:178 out:180 type:B q:18.42 q-aq:16.82 q-noVbv:18.42 q-Rceq:1.00 tex:39378 mv:20224 misc:3174 icu:33.50 pcu:732.75 scu:529.75 tlayer:3 pbqpoffset:3.28 pbfactor:1.46 avgQpOffsetCutree:-1.78;
in:177 out:181 type:b q:21.44 q-aq:21.06 q-noVbv:21.44 q-Rceq:1.00 tex:8633 mv:9634 misc:2157 icu:4.75 pcu:663.25 scu:628.00 tlayer:4 pbqpoffset:6.28 pbfactor:2.07 avgQpOffsetCutree:0.00;
in:179 out:182 type:b q:21.41 q-aq:21.17 q-noVbv:21.41 q-Rceq:1.00 tex:7347 mv:8900 misc:2185 icu:8.25 pcu:649.00 scu:638.75 tlayer:4 pbqpoffset:6.28 pbfactor:2.07 avgQpOffsetCutree:0.00;
in:182 out:183 type:B q:18.37 q-aq:16.97 q-noVbv:18.37 q-Rceq:1.00 tex:36914 mv:19341 misc:3169 icu:39.00 pcu:758.75 scu:498.25 tlayer:3 pbqpoffset:3.28 pbfactor:1.46 avgQpOffsetCutree:-1.63;
in:181 out:184 type:b q:21.38 q-aq:21.07 q-noVbv:21.38 q-Rceq:1.00 tex:6574 mv:7682 misc:2208 icu:11.00 pcu:517.00 scu:768.00 tlayer:4 pbqpoffset:6.28 pbfactor:2.07 avgQpOffsetCutree:0.00;
in:183 out:185 type:b q:21.35 q-aq:21.00 q-noVbv:21.35 q-Rceq:1.00 tex:5711 mv:8208 misc:1985 icu:5.00 pcu:623.75 scu:667.25 tlayer:4 pbqpoffset:6.28 pbfactor:2.07 avgQpOffsetCutree:0.00;
in:188 out:186 type:B q:16.81 q-aq:12.97 q-noVbv:16.81 q-Rceq:1.00 tex:142128 mv:26467 misc:3565 icu:307.75 pcu:643.75 scu:344.50 tlayer:2 pbqpoffset:1.81 pbfactor:1.23 avgQpOffsetCutree:-3.67;
in:186 out:187 type:B q:18.31 q-aq:16.86 q-noVbv:18.31 q-Rceq:1.00 tex:32576 mv:19158 misc:3082 icu:38.25 pcu:715.50 scu:542.25 tlayer:3 pbqpoffset:3.28 pbfactor:1.46 avgQpOffsetCutree:-1.65;
in:185 out:188 type:b q:21.33 q-aq:21.01 q-noVbv:21.33 q-Rceq:1.00 tex:5716 mv:7572 misc:2000 icu:5.50 pcu:530.00 scu:760.50 tlayer:4 pbqpoffset:6.28 pbfactor:2.07 avgQpOffsetCutree:0.00;
in:187 out:189 type:b q:21.30 q-aq:21.00 q-noVbv:21.30 q-Rceq:1.00 tex:6720 mv:9648 misc:2304 icu:6.00 pcu:634.50 scu:655.50 tlayer:4 pbqpoffset:6.28 pbfactor:2.07 avgQpOffsetCutree:0.00;
in:190 out:190 type:B q:17.59 q-aq:15.72 q-noVbv:17.59 q-Rceq:1.00 tex:71962 mv:17835 misc:3155 icu:147.00 pcu:689.25 scu:459.75 tlayer:3 pbqpoffset:2.61 pbfactor:1.35 avgQpOffsetCutree:-1.95;
in:189 out:191 type:b q:21.27 q-aq:21.00 q-noVbv:21.27 q-Rceq:1.00 tex:7153 mv:8479 misc:2096 icu:14.75 pcu:581.00 scu:700.25 tlayer:4 pbqpoffset:6.28 pbfactor:2.07 avgQpOffsetCutree:0.00;
in:191 out:192 type:b q:20.94 q-aq:21.00 q-noVbv:20.94 q-Rceq:1.00 tex:9109 mv:7848 misc:2435 icu:16.50 pcu:575.25 scu:704.25 tlayer:4 pbqpoffset:5.98 pbfactor:2.00 avgQpOffsetCutree:0.00;
in:208 out:193 type:k q:15.02 q-aq:9.03 q-noVbv:15.02 q-Rceq:1.00 tex:365291 mv:42247 misc:2518 icu:1127.00 pcu:163.00 scu:6.00 tlayer:0 pbqpoffset:0.32 pbfactor:1.04 avgQpOffsetCutree:-6.46;
in:200 out:194 type:B q:16.39 q-aq:10.98 q-noVbv:16.39 q-Rceq:1.00 tex:258591 mv:38929 misc:3424 icu:567.25 pcu:558.25 scu:170.50 tlayer:1 pbqpoffset:1.40 pbfactor:1.18 avgQpOffsetCutree:-5.27;
in:196 out:195 type:B q:17.01 q-aq:13.26 q-noVbv:17.01 q-Rceq:1.00 tex:112635 mv:31189 misc:3576 icu:153.50 pcu:779.00 scu:363.50 tlayer:2 pbqpoffset:2.05 pbfactor:1.27 avgQpOffsetCutree:-3.46;
in:194 out:196 type:B q:18.22 q-aq:16.47 q-noVbv:18.22 q-Rceq:1.00 tex:39878 mv:21527 misc:3283 icu:28.50 pcu:777.50 scu:490.00 tlayer:3 pbqpoffset:3.27 pbfactor:1.46 avgQpOffsetCutree:-1.71;
in:193 out:197 type:b q:21.22 q-aq:21.01 q-noVbv:21.22 q-Rceq:1.00 tex:8799 mv:10157 misc:2036 icu:0.25 pcu:752.50 scu:543.25 tlayer:4 pbqpoffset:6.27 pbfactor:2.06 avgQpOffsetCutree:0.00;
in:195 out:198 type:b q:21.23 q-aq:21.01 q-noVbv:21.23 q-Rceq:1.00 tex:7222 mv:10093 misc:2245 icu:6.00 pcu:708.75 scu:581.25 tlayer:4 pbqpoffset:6.27 pbfactor:2.06 avgQpOffsetCutree:0.00;
in:198 out:199 type:B q:18.17 q-aq:16.71 q-noVbv:18.17 q-Rceq:1.00 tex:38987 mv:20981 misc:3200 icu:49.75 pcu:763.25 scu:483.00 tlayer:3 pbqpoffset:3.19 pbfactor:1.45 avgQpOffsetCutree:-1.65;
in:197 out:200 type:b q:21.24 q-aq:21.01 q-noVbv:21.24 q-Rceq:1.00 tex:6882 mv:8567 misc:2143 icu:7.25 pcu:623.75 scu:665.00 tlayer:4 pbqpoffset:6.27 pbfactor:2.06 avgQpOffsetCutree:0.00;
in:199 out:201 type:b q:21.25 q-aq:21.01 q-noVbv:21.25 q-Rceq:1.00 tex:7636 mv:11189 misc:2247 icu:9.75 pcu:765.00 scu:521.25 tlayer:4 pbqpoffset:6.27 pbfactor:2.06 avgQpOffsetCutree:0.00;
in:204 out:202 type:B q:16.59 q-aq:12.52 q-noVbv:16.59 q-Rceq:1.00 tex:160019 mv:28883 misc:3578 icu:294.75 pcu:718.50 scu:282.75 tlayer:2 pbqpoffset:1.59 pbfactor:1.20 avgQpOffsetCutree:-3.90;
in:202 out:203 type:B q:18.26 q-aq:16.64 q-noVbv:18.26 q-Rceq:1.00 tex:38658 mv:20423 misc:3183 icu:49.50 pcu:798.00 scu:448.50 tlayer:3 pbqpoffset:3.27 pbfactor:1.46 avgQpOffsetCutree:-1.61;
in:201 out:204 type:b q:21.26 q-aq:21.01 q-noVbv:21.26 q-Rceq:1.00 tex:6724 mv:9077 misc:2127 icu:7.75 pcu:665.50 scu:622.75 tlayer:4 pbqpoffset:6.27 pbfactor:2.06 avgQpOffsetCutree:0.00;
in:203 out:205 type:b q:21.26 q-aq:21.04 q-noVbv:21.26 q-Rceq:1.00 tex:7625 mv:9674 misc:2173 icu:8.25 pcu:650.25 scu:637.50 tlayer:4 pbqpoffset:6.27 pbfactor:2.06 avgQpOffsetCutree:0.00;
in:206 out:206 type:B q:17.89 q-aq:15.62 q-noVbv:17.89 q-Rceq:1.00 tex:60647 mv:15622 misc:3315 icu:95.50 pcu:625.75 scu:574.75 tlayer:3 pbqpoffset:2.88 pbfactor:1.39 avgQpOffsetCutree:-2.19;
in:205 out:207 type:b q:21.27 q-aq:21.02 q-noVbv:21.27 q-Rceq:1.00 tex:5371 mv:7941 misc:2024 icu:5.25 pcu:493.25 scu:797.50 tlayer:4 pbqpoffset:6.27 pbfactor:2.06 avgQpOffsetCutree:0.00;
in:207 out:208 type:b q:21.28 q-aq:21.07 q-noVbv:21.28 q-Rceq:1.00 tex:4496 mv:4588 misc:1796 icu:2.25 pcu:390.00 scu:903.75 tlayer:4 pbqpoffset:6.27 pbfactor:2.06 avgQpOffsetCutree:0.00;
in:224 out:209 type:k q:15.47 q-aq:9.55 q-noVbv:15.47 q-Rceq:1.00 tex:346848 mv:40053 misc:2843 icu:1136.75 pcu:146.75 scu:12.50 tlayer:0 pbqpoffset:0.32 pbfactor:1.04 avgQpOffsetCutree:-6.43;
in:216 out:210 type:B q:16.66 q-aq:11.53 q-noVbv:16.66 q-Rceq:1.00 tex:257812 mv:36913 misc:3363 icu:586.00 pcu:522.00 scu:188.00 tlayer:1 pbqpoffset:1.42 pbfactor:1.18 avgQpOffsetCutree:-5.13;
in:212 out:211 type:B q:17.23 q-aq:13.65 q-noVbv:17.23 q-Rceq:1.00 tex:114930 mv:30685 misc:3417 icu:176.75 pcu:734.75 scu:384.50 tlayer:2 pbqpoffset:2.10 pbfactor:1.27 avgQpOffsetCutree:-3.31;
in:210 out:212 type:B q:18.36 q-aq:16.73 q-noVbv:18.36 q-Rceq:1.00 tex:40426 mv:20919 misc:3263 icu:46.25 pcu:712.00 scu:537.75 tlayer:3 pbqpoffset:3.28 pbfactor:1.46 avgQpOffsetCutree:-1.68;
in:209 out:213 type:b q:21.33 q-aq:21.04 q-noVbv:21.33 q-Rceq:1.00 tex:9077 mv:10174 misc:2253 icu:4.00 pcu:667.00 scu:625.00 tlayer:4 pbqpoffset:6.28 pbfactor:2.07 avgQpOffsetCutree:0.00;
in:211 out:214 type:b q:21.38 q-aq:21.08 q-noVbv:21.38 q-Rceq:1.00 tex:8324 mv:10218 misc:2234 icu:13.00 pcu:608.00 scu:675.00 tlayer:4 pbqpoffset:6.28 pbfactor:2.07 avgQpOffsetCutree:0.00;
in:214 out:215 type:B q:18.27 q-aq:16.71 q-noVbv:18.27 q-Rceq:1.00 tex:44989 mv:23701 misc:3470 icu:53.75 pcu:865.00 scu:377.25 tlayer:3 pbqpoffset:3.09 pbfactor:1.43 avgQpOffsetCutree:-1.61;
in:213 out:216 type:b q:21.44 q-aq:21.12 q-noVbv:21.44 q-Rceq:1.00 tex:7677 mv:10445 misc:2470 icu:6.50 pcu:661.75 scu:627.75 tlayer:4 pbqpoffset:6.28 pbfactor:2.07 avgQpOffsetCutree:0.00;
in:215 out:217 type:b q:21.49 q-aq:21.38 q-noVbv:21.49 q-Rceq:1.00 tex:8849 mv:11321 misc:2454 icu:3.25 pcu:746.00 scu:546.75 tlayer:4 pbqpoffset:6.28 pbfactor:2.07 avgQpOffsetCutree:0.00;
in:220 out:218 type:B q:16.98 q-aq:12.34 q-noVbv:16.98 q-Rceq:1.00 tex:169502 mv:30758 misc:3756 icu:325.25 pcu:721.75 scu:249.00 tlayer:2 pbqpoffset:1.63 pbfactor:1.21 avgQpOffsetCutree:-4.34;
in:218 out:219 type:B q:18.58 q-aq:17.32 q-noVbv:18.58 q-Rceq:1.00 tex:36516 mv:20418 misc:3098 icu:60.75 pcu:689.00 scu:546.25 tlayer:3 pbqpoffset:3.28 pbfactor:1.46 avgQpOffsetCutree:-1.62;
in:217 out:220 type:b q:21.55 q-aq:21.84 q-noVbv:21.55 q-Rceq:1.00 tex:8331 mv:10530 misc:2283 icu:14.25 pcu:729.50 scu:552.25 tlayer:4 pbqpoffset:6.28 pbfactor:2.07 avgQpOffsetCutree:0.00;
in:219 out:221 type:b q:21.61 q-aq:22.00 q-noVbv:21.61 q-Rceq:1.00 tex:5114 mv:7664 misc:1758 icu:9.00 pcu:498.25 scu:788.75 tlayer:4 pbqpoffset:6.28 pbfactor:2.07 avgQpOffsetCutree:0.00;
in:222 out:222 type:B q:18.69 q-aq:16.31 q-noVbv:18.69 q-Rceq:1.00 tex:36626 mv:10870 misc:2864 icu:80.75 pcu:461.50 scu:753.75 tlayer:3 pbqpoffset:3.28 pbfactor:1.46 avgQpOffsetCutree:-2.20;
in:221 out:223 type:b q:21.66 q-aq:22.00 q-noVbv:21.66 q-Rceq:1.00 tex:3167 mv:4605 misc:1284 icu:10.75 pcu:442.50 scu:842.75 tlayer:4 pbqpoffset:6.28 pbfactor:2.07 avgQpOffsetCutree:0.00;
in:223 out:224 type:b q:21.72 q-aq:22.00 q-noVbv:21.72 q-Rceq:1.00 tex:4957 mv:3399 misc:1484 icu:16.50 pcu:237.75 scu:1041.75 tlayer:4 pbqpoffset:6.28 pbfactor:2.07 avgQpOffsetCutree:0.00;
in:240 out:225 type:k q:15.45 q-aq:10.43 q-noVbv:15.45 q-Rceq:1.00 tex:307251 mv:38000 misc:2901 icu:1152.50 pcu:139.00 scu:4.50 tlayer:0 pbqpoffset:0.35 pbfactor:1.04 avgQpOffsetCutree:-5.48;
in:232 out:226 type:B q:16.92 q-aq:11.64 q-noVbv:16.92 q-Rceq:1.00 tex:229115 mv:33184 misc:3197 icu:538.25 pcu:483.50 scu:274.25 tlayer:1 pbqpoffset:1.46 pbfactor:1.18 avgQpOffsetCutree:-5.18;
in:228 out:227 type:B q:17.38 q-aq:13.62 q-noVbv:17.38 q-Rceq:1.00 tex:110379 mv:29537 misc:3372 icu:183.75 pcu:712.00 scu:400.25 tlayer:2 pbqpoffset:1.91 pbfactor:1.25 avgQpOffsetCutree:-3.45;
in:226 out:228 type:B q:18.79 q-aq:17.13 q-noVbv:18.79 q-Rceq:1.00 tex:37082 mv:19348 misc:3074 icu:34.50 pcu:735.75 scu:525.75 tlayer:3 pbqpoffset:3.32 pbfactor:1.47 avgQpOffsetCutree:-1.78;
in:225 out:229 type:b q:21.79 q-aq:22.00 q-noVbv:21.79 q-Rceq:1.00 tex:6659 mv:9025 misc:2228 icu:7.00 pcu:661.75 scu:627.25 tlayer:4 pbqpoffset:6.32 pbfactor:2.08 avgQpOffsetCutree:0.00;
in:227 out:230 type:b q:21.79 q-aq:22.00 q-noVbv:21.79 q-Rceq:1.00 tex:7778 mv:9580 misc:2114 icu:15.00 pcu:592.00 scu:689.00 tlayer:4 pbqpoffset:6.32 pbfactor:2.08 avgQpOffsetCutree:0.00;
in:230 out:231 type:B q:18.59 q-aq:17.02 q-noVbv:18.59 q-Rceq:1.00 tex:41815 mv:19622 misc:3259 icu:62.50 pcu:690.75 scu:542.75 tlayer:3 pbqpoffset:3.13 pbfactor:1.43 avgQpOffsetCutree:-1.70;
in:229 out:232 type:b q:21.78 q-aq:22.00 q-noVbv:21.78 q-Rceq:1.00 tex:6923 mv:8989 misc:2136 icu:9.00 pcu:574.75 scu:712.25 tlayer:4 pbqpoffset:6.32 pbfactor:2.08 avgQpOffsetCutree:0.00;
in:231 out:233 type:b q:21.78 q-aq:22.00 q-noVbv:21.78 q-Rceq:1.00 tex:7457 mv:8517 misc:2114 icu:7.00 pcu:593.75 scu:695.25 tlayer:4 pbqpoffset:6.32 pbfactor:2.08 avgQpOffsetCutree:0.00;
in:236 out:234 type:B q:17.07 q-aq:13.13 q-noVbv:17.07 q-Rceq:1.00 tex:162967 mv:27872 misc:3545 icu:351.50 pcu:632.75 scu:311.75 tlayer:2 pbqpoffset:1.61 pbfactor:1.20 avgQpOffsetCutree:-3.82;
in:234 out:235 type:B q:18.75 q-aq:17.24 q-noVbv:18.75 q-Rceq:1.00 tex:38741 mv:20707 misc:3088 icu:59.50 pcu:743.75 scu:492.75 tlayer:3 pbqpoffset:3.30 pbfactor:1.46 avgQpOffsetCutree:-1.68;
in:233 out:236 type:b q:21.78 q-aq:22.00 q-noVbv:21.78 q-Rceq:1.00 tex:7849 mv:9738 misc:2253 icu:12.25 pcu:668.50 scu:615.25 tlayer:4 pbqpoffset:6.32 pbfactor:2.08 avgQpOffsetCutree:0.00;
in:235 out:237 type:b q:21.78 q-aq:22.00 q-noVbv:21.78 q-Rceq:1.00 tex:5979 mv:10007 misc:2038 icu:9.75 pcu:720.75 scu:565.50 tlayer:4 pbqpoffset:6.32 pbfactor:2.08 avgQpOffsetCutree:0.00;
in:238 out:238 type:B q:18.59 q-aq:16.24 q-noVbv:18.59 q-Rceq:1.00 tex:43017 mv:13415 misc:3472 icu:85.75 pcu:645.75 scu:564.50 tlayer:3 pbqpoffset:3.13 pbfactor:1.44 avgQpOffsetCutree:-2.16;
in:237 out:239 type:b q:21.78 q-aq:22.00 q-noVbv:21.78 q-Rceq:1.00 tex:2652 mv:6235 misc:1561 icu:7.50 pcu:502.50 scu:786.00 tlayer:4 pbqpoffset:6.32 pbfactor:2.08 avgQpOffsetCutree:0.00;
in:239 out:240 type:b q:21.78 q-aq:22.00 q-noVbv:21.78 q-Rceq:1.00 tex:4543 mv:4170 misc:1607 icu:22.25 pcu:292.75 scu:981.00 tlayer:4 pbqpoffset:6.32 pbfactor:2.08 avgQpOffsetCutree:0.00;
in:249 out:241 type:k q:17.40 q-aq:14.67 q-noVbv:17.40 q-Rceq:1.00 tex:150800 mv:26579 misc:3269 icu:457.50 pcu:487.75 scu:350.75 tlayer:0 pbqpoffset:0.28 pbfactor:1.03 avgQpOffsetCutree:-3.04;
in:245 out:242 type:B q:17.92 q-aq:14.56 q-noVbv:17.92 q-Rceq:1.00 tex:95405 mv:24312 misc:3299 icu:221.00 pcu:604.25 scu:470.75 tlayer:1 pbqpoffset:1.39 pbfactor:1.17 avgQpOffsetCutree:-3.40;
in:243 out:243 type:B q:17.59 q-aq:15.76 q-noVbv:17.59 q-Rceq:1.00 tex:59479 mv:22431 misc:3122 icu:132.25 pcu:648.75 scu:515.00 tlayer:2 pbqpoffset:1.49 pbfactor:1.19 avgQpOffsetCutree:-2.02;
in:242 out:244 type:B q:18.48 q-aq:18.46 q-noVbv:18.48 q-Rceq:1.00 tex:22419 mv:15664 misc:2613 icu:50.00 pcu:672.50 scu:573.50 tlayer:3 pbqpoffset:2.60 pbfactor:1.35 avgQpOffsetCutree:-0.62;
in:241 out:245 type:b q:20.29 q-aq:20.08 q-noVbv:20.29 q-Rceq:1.00 tex:11162 mv:10222 misc:2216 icu:20.75 pcu:567.50 scu:707.75 tlayer:4 pbqpoffset:4.62 pbfactor:1.71 avgQpOffsetCutree:0.00;
in:244 out:246 type:b q:20.84 q-aq:21.00 q-noVbv:20.84 q-Rceq:1.00 tex:9622 mv:8853 misc:2165 icu:23.75 pcu:535.75 scu:736.50 tlayer:3 pbqpoffset:4.53 pbfactor:1.69 avgQpOffsetCutree:0.00;
in:247 out:247 type:B q:19.29 q-aq:17.78 q-noVbv:19.29 q-Rceq:1.00 tex:27355 mv:14050 misc:2363 icu:86.00 pcu:530.50 scu:679.50 tlayer:2 pbqpoffset:2.32 pbfactor:1.31 avgQpOffsetCutree:-1.89;
in:246 out:248 type:b q:21.41 q-aq:21.21 q-noVbv:21.41 q-Rceq:1.00 tex:8068 mv:8591 misc:1877 icu:26.00 pcu:542.00 scu:728.00 tlayer:3 pbqpoffset:4.66 pbfactor:1.71 avgQpOffsetCutree:0.00;
in:248 out:249 type:b q:23.44 q-aq:23.32 q-noVbv:23.44 q-Rceq:1.00 tex:3055 mv:4963 misc:1462 icu:20.50 pcu:438.75 scu:836.75 tlayer:3 pbqpoffset:6.25 pbfactor:2.06 avgQpOffsetCutree:0.00;
