000 (051.000.000) 2020-12-21 22:54:00 Job submitted from host: <10.0.0.63:9618?PrivAddr=%3c10.0.0.63:9618%3fsock%3dschedd_6827_5527%3e&PrivNet=ryzen7-1700x&addrs=10.0.0.63-9618&alias=ryzen7-1700x&noUDP&sock=schedd_6827_5527>
...
040 (051.000.000) 2020-12-21 22:54:14 Started transferring input files
	Transferring to host: <10.0.0.63:9618?PrivAddr=%3c10.0.0.63:9618%3fsock%3dslot10_6886_8f51_28%3e&PrivNet=ryzen7-1700x&addrs=10.0.0.63-9618&alias=ryzen7-1700x&noUDP&sock=slot10_6886_8f51_28>
...
040 (051.000.000) 2020-12-21 22:54:14 Finished transferring input files
...
001 (051.000.000) 2020-12-21 22:54:15 Job executing on host: <10.0.0.63:9618?sock=startd_6827_5527>
...
006 (051.000.000) 2020-12-21 22:54:24 Image size of job updated: 189440
	185  -  MemoryUsage of job (MB)
	189440  -  ResidentSetSize of job (KB)
...
006 (051.000.000) 2020-12-21 22:59:25 Image size of job updated: 328656
	228  -  MemoryUsage of job (MB)
	232508  -  ResidentSetSize of job (KB)
...
040 (051.000.000) 2020-12-21 23:01:55 Started transferring output files
...
040 (051.000.000) 2020-12-21 23:01:56 Finished transferring output files
...
005 (051.000.000) 2020-12-21 23:01:56 Job terminated.
	(1) Normal termination (return value 0)
		Usr 0 00:07:38, Sys 0 00:00:00  -  Run Remote Usage
		Usr 0 00:00:00, Sys 0 00:00:00  -  Run Local Usage
		Usr 0 00:07:38, Sys 0 00:00:00  -  Total Remote Usage
		Usr 0 00:00:00, Sys 0 00:00:00  -  Total Local Usage
	3416930  -  Run Bytes Sent By Job
	4532560  -  Run Bytes Received By Job
	3416930  -  Total Bytes Sent By Job
	4532560  -  Total Bytes Received By Job
	Partitionable Resources :    Usage  Request Allocated 
	   Cpus                 :     1.00        1         1 
	   Disk (KB)            :  7778        4500   2904372 
	   Memory (MB)          :   228           5      2000 

	Job terminated of its own accord at 2020-12-22T04:01:55Z.
...
