#options: cpuid=1173503 frame-threads=1 no-wpp no-pmode no-pme psnr no-ssim log-level=2 bitdepth=8 input-csp=1 fps=25000/1000 input-res=768x432 interlace=0 total-frames=250 level-idc=0 high-tier=1 uhd-bd=0 ref=4 no-allow-non-conformance no-repeat-headers annexb no-aud no-hrd info hash=0 no-temporal-layers open-gop min-keyint=1 keyint=5000 bframes=15 b-adapt=2 b-pyramid bframe-bias=0 rc-lookahead=40 lookahead-slices=0 scenecut=40 no-intra-refresh ctu=64 min-cu-size=8 rect amp max-tu-size=32 tu-inter-depth=3 tu-intra-depth=3 limit-tu=4 rdoq-level=2 dynamic-rd=0.00 no-ssim-rd signhide no-tskip nr-intra=0 nr-inter=0 no-constrained-intra strong-intra-smoothing max-merge=4 limit-refs=1 limit-modes me=3 subme=4 merange=57 temporal-mvp weightp weightb no-analyze-src-pics deblock=0:0 sao no-sao-non-deblock rd=6 no-early-skip rskip no-fast-intra no-tskip-fast no-cu-lossless b-intra rdpenalty=0 psy-rd=0.00 psy-rdoq=0.00 no-rd-refine analysis-reuse-mode=0 no-lossless cbqpoffs=0 crqpoffs=0 rc=abr bitrate=2000 qcomp=0.60 qpstep=4 stats-write=1 stats-read=0 slow-firstpass ipratio=1.40 pbratio=1.30 aq-mode=1 aq-strength=0.00 cutree zone-count=0 no-strict-cbr qg-size=64 no-rc-grain qpmax=69 qpmin=0 no-const-vbv sar=0 overscan=0 videoformat=5 range=0 colorprim=2 transfer=2 colormatrix=2 chromaloc=0 display-window=0 max-cll=0,0 min-luma=0 max-luma=255 log2-max-poc-lsb=8 vui-timing-info vui-hrd-info slices=1 opt-qp-pps opt-ref-list-length-pps no-multi-pass-opt-rps scenecut-bias=0.05 no-opt-cu-delta-qp no-aq-motion no-hdr no-hdr-opt no-dhdr10-opt analysis-reuse-level=5 scale-factor=0 refine-intra=0 refine-inter=0 refine-mv=0 no-limit-sao ctu-info=0 max-tlayer=4
in:0 out:0 type:I q:19.23 q-aq:10.69 q-noVbv:19.23 q-Rceq:1.00 tex:504527 mv:26339 misc:2478 icu:1296.00 pcu:0.00 scu:0.00 tlayer:0 pbqpoffset:0.00 pbfactor:1.00 avgQpOffsetCutree:-7.37;
in:16 out:1 type:k q:18.14 q-aq:11.01 q-noVbv:18.14 q-Rceq:1.00 tex:482768 mv:23573 misc:2315 icu:1214.50 pcu:81.50 scu:0.00 tlayer:0 pbqpoffset:0.00 pbfactor:1.00 avgQpOffsetCutree:-7.51;
in:8 out:2 type:B q:20.05 q-aq:13.35 q-noVbv:20.05 q-Rceq:1.00 tex:324570 mv:19954 misc:2900 icu:479.00 pcu:814.75 scu:2.25 tlayer:1 pbqpoffset:1.91 pbfactor:1.25 avgQpOffsetCutree:-5.83;
in:4 out:3 type:B q:21.04 q-aq:17.55 q-noVbv:21.04 q-Rceq:1.00 tex:81095 mv:18790 misc:4339 icu:48.00 pcu:980.00 scu:268.00 tlayer:2 pbqpoffset:2.90 pbfactor:1.40 avgQpOffsetCutree:-3.06;
in:2 out:4 type:B q:21.91 q-aq:20.17 q-noVbv:21.91 q-Rceq:1.00 tex:24948 mv:11704 misc:2884 icu:15.25 pcu:806.00 scu:474.75 tlayer:3 pbqpoffset:3.77 pbfactor:1.55 avgQpOffsetCutree:-1.80;
in:1 out:5 type:b q:24.91 q-aq:25.00 q-noVbv:24.91 q-Rceq:1.00 tex:3781 mv:3797 misc:1302 icu:0.25 pcu:556.25 scu:739.50 tlayer:4 pbqpoffset:6.77 pbfactor:2.19 avgQpOffsetCutree:0.00;
in:3 out:6 type:b q:24.91 q-aq:25.00 q-noVbv:24.91 q-Rceq:1.00 tex:4034 mv:3832 misc:1230 icu:1.50 pcu:626.50 scu:668.00 tlayer:4 pbqpoffset:6.77 pbfactor:2.19 avgQpOffsetCutree:0.00;
in:6 out:7 type:B q:21.38 q-aq:18.87 q-noVbv:21.38 q-Rceq:1.00 tex:41121 mv:14988 misc:3411 icu:10.25 pcu:948.50 scu:337.25 tlayer:3 pbqpoffset:3.24 pbfactor:1.45 avgQpOffsetCutree:-2.25;
in:5 out:8 type:b q:24.83 q-aq:25.00 q-noVbv:24.83 q-Rceq:1.00 tex:8435 mv:4963 misc:1530 icu:0.50 pcu:534.00 scu:761.50 tlayer:4 pbqpoffset:6.69 pbfactor:2.17 avgQpOffsetCutree:0.00;
in:7 out:9 type:b q:24.16 q-aq:24.02 q-noVbv:24.16 q-Rceq:1.00 tex:5927 mv:4975 misc:1322 icu:3.50 pcu:570.25 scu:722.25 tlayer:4 pbqpoffset:6.02 pbfactor:2.01 avgQpOffsetCutree:0.00;
in:12 out:10 type:B q:20.17 q-aq:14.79 q-noVbv:20.17 q-Rceq:1.00 tex:163541 mv:18970 misc:4729 icu:85.25 pcu:1052.75 scu:158.00 tlayer:2 pbqpoffset:2.03 pbfactor:1.26 avgQpOffsetCutree:-4.46;
in:10 out:11 type:B q:21.91 q-aq:20.54 q-noVbv:21.91 q-Rceq:1.00 tex:22622 mv:8578 misc:2360 icu:2.75 pcu:618.25 scu:675.00 tlayer:3 pbqpoffset:3.77 pbfactor:1.55 avgQpOffsetCutree:-1.17;
in:9 out:12 type:b q:24.87 q-aq:25.00 q-noVbv:24.87 q-Rceq:1.00 tex:3903 mv:3075 misc:1238 icu:0.50 pcu:540.00 scu:755.50 tlayer:4 pbqpoffset:6.73 pbfactor:2.18 avgQpOffsetCutree:0.00;
in:11 out:13 type:b q:24.91 q-aq:25.00 q-noVbv:24.91 q-Rceq:1.00 tex:4990 mv:3062 misc:796 icu:0.00 pcu:294.00 scu:1002.00 tlayer:4 pbqpoffset:6.77 pbfactor:2.19 avgQpOffsetCutree:0.00;
in:14 out:14 type:B q:20.87 q-aq:18.34 q-noVbv:20.87 q-Rceq:1.00 tex:56482 mv:9294 misc:3920 icu:10.50 pcu:973.50 scu:312.00 tlayer:3 pbqpoffset:2.73 pbfactor:1.37 avgQpOffsetCutree:-2.26;
in:13 out:15 type:b q:24.16 q-aq:24.03 q-noVbv:24.16 q-Rceq:1.00 tex:6461 mv:4890 misc:1257 icu:0.00 pcu:693.25 scu:602.75 tlayer:4 pbqpoffset:6.03 pbfactor:2.01 avgQpOffsetCutree:0.00;
in:15 out:16 type:b q:22.65 q-aq:23.00 q-noVbv:22.65 q-Rceq:1.00 tex:9096 mv:4544 misc:2184 icu:3.50 pcu:569.50 scu:723.00 tlayer:4 pbqpoffset:4.52 pbfactor:1.69 avgQpOffsetCutree:0.00;
in:32 out:17 type:k q:19.45 q-aq:12.73 q-noVbv:19.45 q-Rceq:1.00 tex:463816 mv:28642 misc:2294 icu:1274.25 pcu:21.75 scu:0.00 tlayer:0 pbqpoffset:0.00 pbfactor:1.00 avgQpOffsetCutree:-7.53;
in:24 out:18 type:B q:20.93 q-aq:14.81 q-noVbv:20.93 q-Rceq:1.00 tex:227817 mv:21364 misc:3267 icu:238.25 pcu:1050.25 scu:7.50 tlayer:1 pbqpoffset:2.14 pbfactor:1.28 avgQpOffsetCutree:-5.68;
in:20 out:19 type:B q:21.86 q-aq:17.34 q-noVbv:21.86 q-Rceq:1.00 tex:68126 mv:17243 misc:3975 icu:32.50 pcu:995.25 scu:268.25 tlayer:2 pbqpoffset:3.40 pbfactor:1.48 avgQpOffsetCutree:-3.49;
in:18 out:20 type:B q:21.70 q-aq:19.61 q-noVbv:21.70 q-Rceq:1.00 tex:23163 mv:9739 misc:3082 icu:9.00 pcu:871.75 scu:415.25 tlayer:3 pbqpoffset:3.40 pbfactor:1.48 avgQpOffsetCutree:-1.87;
in:17 out:21 type:b q:24.62 q-aq:25.00 q-noVbv:24.62 q-Rceq:1.00 tex:3597 mv:2955 misc:1080 icu:0.00 pcu:648.50 scu:647.50 tlayer:4 pbqpoffset:6.40 pbfactor:2.09 avgQpOffsetCutree:0.00;
in:19 out:22 type:b q:24.78 q-aq:25.00 q-noVbv:24.78 q-Rceq:1.00 tex:5576 mv:4319 misc:1465 icu:1.00 pcu:534.75 scu:760.25 tlayer:4 pbqpoffset:6.40 pbfactor:2.09 avgQpOffsetCutree:0.00;
in:22 out:23 type:B q:22.03 q-aq:20.53 q-noVbv:22.03 q-Rceq:1.00 tex:22539 mv:10496 misc:2965 icu:6.00 pcu:789.00 scu:501.00 tlayer:3 pbqpoffset:3.40 pbfactor:1.48 avgQpOffsetCutree:-1.57;
in:21 out:24 type:b q:24.95 q-aq:25.00 q-noVbv:24.95 q-Rceq:1.00 tex:5183 mv:4064 misc:1385 icu:2.00 pcu:534.25 scu:759.75 tlayer:4 pbqpoffset:6.40 pbfactor:2.09 avgQpOffsetCutree:0.00;
in:23 out:25 type:b q:25.11 q-aq:25.00 q-noVbv:25.11 q-Rceq:1.00 tex:1488 mv:2753 misc:1207 icu:0.00 pcu:548.25 scu:747.75 tlayer:4 pbqpoffset:6.40 pbfactor:2.09 avgQpOffsetCutree:0.00;
in:28 out:26 type:B q:22.38 q-aq:17.31 q-noVbv:22.38 q-Rceq:1.00 tex:97389 mv:13290 misc:3977 icu:65.50 pcu:1155.00 scu:75.50 tlayer:2 pbqpoffset:3.26 pbfactor:1.46 avgQpOffsetCutree:-4.04;
in:26 out:27 type:B q:22.35 q-aq:20.63 q-noVbv:22.35 q-Rceq:1.00 tex:18280 mv:8742 misc:2938 icu:4.50 pcu:836.00 scu:455.50 tlayer:3 pbqpoffset:3.40 pbfactor:1.48 avgQpOffsetCutree:-1.61;
in:25 out:28 type:b q:25.27 q-aq:25.01 q-noVbv:25.27 q-Rceq:1.00 tex:2835 mv:3289 misc:1100 icu:0.00 pcu:488.00 scu:808.00 tlayer:4 pbqpoffset:6.40 pbfactor:2.09 avgQpOffsetCutree:0.00;
in:27 out:29 type:b q:25.44 q-aq:25.02 q-noVbv:25.44 q-Rceq:1.00 tex:3991 mv:3678 misc:1531 icu:0.25 pcu:649.25 scu:646.50 tlayer:4 pbqpoffset:6.40 pbfactor:2.09 avgQpOffsetCutree:0.00;
in:30 out:30 type:B q:22.68 q-aq:19.74 q-noVbv:22.68 q-Rceq:1.00 tex:34343 mv:7248 misc:3489 icu:2.50 pcu:659.00 scu:634.50 tlayer:3 pbqpoffset:3.40 pbfactor:1.48 avgQpOffsetCutree:-2.54;
in:29 out:31 type:b q:25.60 q-aq:26.00 q-noVbv:25.60 q-Rceq:1.00 tex:3104 mv:3392 misc:1088 icu:0.00 pcu:478.75 scu:817.25 tlayer:4 pbqpoffset:6.40 pbfactor:2.09 avgQpOffsetCutree:0.00;
in:31 out:32 type:b q:25.76 q-aq:26.00 q-noVbv:25.76 q-Rceq:1.00 tex:13429 mv:3803 misc:1920 icu:2.25 pcu:442.75 scu:851.00 tlayer:4 pbqpoffset:6.40 pbfactor:2.09 avgQpOffsetCutree:0.00;
in:48 out:33 type:k q:19.39 q-aq:12.52 q-noVbv:19.39 q-Rceq:1.00 tex:495976 mv:31144 misc:2272 icu:1066.25 pcu:229.75 scu:0.00 tlayer:0 pbqpoffset:0.00 pbfactor:1.00 avgQpOffsetCutree:-7.44;
in:40 out:34 type:B q:21.18 q-aq:14.56 q-noVbv:21.18 q-Rceq:1.00 tex:202516 mv:21679 misc:3541 icu:175.00 pcu:1091.75 scu:29.25 tlayer:1 pbqpoffset:1.76 pbfactor:1.23 avgQpOffsetCutree:-5.85;
in:36 out:35 type:B q:22.86 q-aq:18.48 q-noVbv:22.86 q-Rceq:1.00 tex:34261 mv:12480 misc:3027 icu:17.00 pcu:773.50 scu:505.50 tlayer:2 pbqpoffset:3.43 pbfactor:1.49 avgQpOffsetCutree:-3.68;
in:34 out:36 type:B q:22.87 q-aq:21.00 q-noVbv:22.87 q-Rceq:1.00 tex:12223 mv:7067 misc:1934 icu:2.25 pcu:679.25 scu:614.50 tlayer:3 pbqpoffset:3.43 pbfactor:1.49 avgQpOffsetCutree:-2.10;
in:33 out:37 type:b q:25.87 q-aq:26.03 q-noVbv:25.87 q-Rceq:1.00 tex:3320 mv:2729 misc:895 icu:6.25 pcu:319.25 scu:970.50 tlayer:4 pbqpoffset:6.43 pbfactor:2.10 avgQpOffsetCutree:0.00;
in:35 out:38 type:b q:25.86 q-aq:26.00 q-noVbv:25.86 q-Rceq:1.00 tex:2760 mv:2760 misc:1016 icu:0.25 pcu:427.50 scu:868.25 tlayer:4 pbqpoffset:6.43 pbfactor:2.10 avgQpOffsetCutree:0.00;
in:38 out:39 type:B q:22.85 q-aq:20.17 q-noVbv:22.85 q-Rceq:1.00 tex:17627 mv:7591 misc:2174 icu:14.75 pcu:658.25 scu:623.00 tlayer:3 pbqpoffset:3.43 pbfactor:1.49 avgQpOffsetCutree:-2.19;
in:37 out:40 type:b q:25.86 q-aq:26.08 q-noVbv:25.86 q-Rceq:1.00 tex:4550 mv:2910 misc:1084 icu:0.25 pcu:399.50 scu:896.25 tlayer:4 pbqpoffset:6.43 pbfactor:2.10 avgQpOffsetCutree:0.00;
in:39 out:41 type:b q:25.85 q-aq:26.02 q-noVbv:25.85 q-Rceq:1.00 tex:6257 mv:3084 misc:1003 icu:13.00 pcu:305.25 scu:977.75 tlayer:4 pbqpoffset:6.43 pbfactor:2.10 avgQpOffsetCutree:0.00;
in:44 out:42 type:B q:21.48 q-aq:16.43 q-noVbv:21.48 q-Rceq:1.00 tex:95590 mv:15715 misc:4823 icu:82.75 pcu:1049.00 scu:164.25 tlayer:2 pbqpoffset:2.08 pbfactor:1.27 avgQpOffsetCutree:-4.09;
in:42 out:43 type:B q:22.84 q-aq:20.44 q-noVbv:22.84 q-Rceq:1.00 tex:22847 mv:9218 misc:2383 icu:16.50 pcu:794.25 scu:485.25 tlayer:3 pbqpoffset:3.43 pbfactor:1.49 avgQpOffsetCutree:-2.27;
in:41 out:44 type:b q:25.84 q-aq:26.00 q-noVbv:25.84 q-Rceq:1.00 tex:5662 mv:3155 misc:1007 icu:0.00 pcu:387.25 scu:908.75 tlayer:4 pbqpoffset:6.43 pbfactor:2.10 avgQpOffsetCutree:0.00;
in:43 out:45 type:b q:24.81 q-aq:25.03 q-noVbv:24.81 q-Rceq:1.00 tex:7084 mv:4389 misc:1311 icu:3.25 pcu:592.50 scu:700.25 tlayer:4 pbqpoffset:5.40 pbfactor:1.87 avgQpOffsetCutree:0.00;
in:46 out:46 type:B q:22.40 q-aq:19.63 q-noVbv:22.40 q-Rceq:1.00 tex:27768 mv:6525 misc:3443 icu:30.00 pcu:730.75 scu:535.25 tlayer:3 pbqpoffset:3.01 pbfactor:1.42 avgQpOffsetCutree:-2.43;
in:45 out:47 type:b q:25.02 q-aq:25.09 q-noVbv:25.02 q-Rceq:1.00 tex:5324 mv:3537 misc:955 icu:9.25 pcu:374.50 scu:912.25 tlayer:4 pbqpoffset:5.63 pbfactor:1.92 avgQpOffsetCutree:0.00;
in:47 out:48 type:b q:24.85 q-aq:25.02 q-noVbv:24.85 q-Rceq:1.00 tex:4048 mv:2725 misc:1275 icu:5.00 pcu:467.75 scu:823.25 tlayer:4 pbqpoffset:5.46 pbfactor:1.88 avgQpOffsetCutree:0.00;
in:64 out:49 type:k q:19.34 q-aq:12.76 q-noVbv:19.34 q-Rceq:1.00 tex:464859 mv:30124 misc:2361 icu:1161.50 pcu:134.25 scu:0.25 tlayer:0 pbqpoffset:0.77 pbfactor:1.09 avgQpOffsetCutree:-7.12;
in:56 out:50 type:B q:20.81 q-aq:14.40 q-noVbv:20.81 q-Rceq:1.00 tex:247959 mv:24190 misc:3891 icu:155.75 pcu:1103.00 scu:37.25 tlayer:1 pbqpoffset:1.45 pbfactor:1.18 avgQpOffsetCutree:-5.84;
in:52 out:51 type:B q:21.61 q-aq:16.77 q-noVbv:21.61 q-Rceq:1.00 tex:38382 mv:13014 misc:3860 icu:50.25 pcu:767.25 scu:478.50 tlayer:2 pbqpoffset:2.24 pbfactor:1.29 avgQpOffsetCutree:-3.84;
in:50 out:52 type:B q:22.69 q-aq:20.97 q-noVbv:22.69 q-Rceq:1.00 tex:12019 mv:5803 misc:1490 icu:45.75 pcu:679.50 scu:570.75 tlayer:3 pbqpoffset:3.31 pbfactor:1.46 avgQpOffsetCutree:-1.62;
in:49 out:53 type:b q:24.45 q-aq:24.17 q-noVbv:24.45 q-Rceq:1.00 tex:7247 mv:3502 misc:971 icu:4.00 pcu:519.00 scu:773.00 tlayer:4 pbqpoffset:5.06 pbfactor:1.80 avgQpOffsetCutree:0.00;
in:51 out:54 type:b q:25.44 q-aq:25.17 q-noVbv:25.44 q-Rceq:1.00 tex:6507 mv:3419 misc:898 icu:15.75 pcu:524.50 scu:755.75 tlayer:4 pbqpoffset:6.06 pbfactor:2.01 avgQpOffsetCutree:0.00;
in:54 out:55 type:B q:22.04 q-aq:20.55 q-noVbv:22.04 q-Rceq:1.00 tex:19405 mv:7822 misc:1909 icu:39.25 pcu:697.00 scu:559.75 tlayer:3 pbqpoffset:2.67 pbfactor:1.36 avgQpOffsetCutree:-1.52;
in:53 out:56 type:b q:23.82 q-aq:24.05 q-noVbv:23.82 q-Rceq:1.00 tex:8584 mv:4294 misc:1154 icu:23.75 pcu:622.75 scu:649.50 tlayer:4 pbqpoffset:4.45 pbfactor:1.67 avgQpOffsetCutree:0.00;
in:55 out:57 type:b q:24.07 q-aq:24.10 q-noVbv:24.07 q-Rceq:1.00 tex:6149 mv:3535 misc:1036 icu:10.00 pcu:532.00 scu:754.00 tlayer:4 pbqpoffset:4.70 pbfactor:1.72 avgQpOffsetCutree:0.00;
in:60 out:58 type:B q:21.13 q-aq:15.95 q-noVbv:21.13 q-Rceq:1.00 tex:93622 mv:14093 misc:3941 icu:89.50 pcu:1162.50 scu:44.00 tlayer:2 pbqpoffset:1.77 pbfactor:1.23 avgQpOffsetCutree:-4.17;
in:58 out:59 type:B q:22.41 q-aq:20.51 q-noVbv:22.41 q-Rceq:1.00 tex:19692 mv:7894 misc:1934 icu:22.50 pcu:658.75 scu:614.75 tlayer:3 pbqpoffset:3.05 pbfactor:1.42 avgQpOffsetCutree:-1.79;
in:57 out:60 type:b q:24.02 q-aq:24.02 q-noVbv:24.02 q-Rceq:1.00 tex:7856 mv:4052 misc:1044 icu:3.50 pcu:561.00 scu:731.50 tlayer:4 pbqpoffset:4.65 pbfactor:1.71 avgQpOffsetCutree:0.00;
in:59 out:61 type:b q:24.85 q-aq:25.16 q-noVbv:24.85 q-Rceq:1.00 tex:5109 mv:3501 misc:958 icu:21.75 pcu:413.25 scu:861.00 tlayer:4 pbqpoffset:5.49 pbfactor:1.89 avgQpOffsetCutree:0.00;
in:62 out:62 type:B q:21.93 q-aq:18.58 q-noVbv:21.93 q-Rceq:1.00 tex:18963 mv:5148 misc:3257 icu:29.00 pcu:673.25 scu:593.75 tlayer:3 pbqpoffset:2.58 pbfactor:1.35 avgQpOffsetCutree:-2.77;
in:61 out:63 type:b q:25.66 q-aq:26.03 q-noVbv:25.66 q-Rceq:1.00 tex:2144 mv:2064 misc:720 icu:11.00 pcu:405.75 scu:879.25 tlayer:4 pbqpoffset:6.31 pbfactor:2.07 avgQpOffsetCutree:0.00;
in:63 out:64 type:b q:25.66 q-aq:26.02 q-noVbv:25.66 q-Rceq:1.00 tex:3079 mv:1735 misc:962 icu:10.50 pcu:205.25 scu:1080.25 tlayer:4 pbqpoffset:6.31 pbfactor:2.07 avgQpOffsetCutree:0.00;
in:80 out:65 type:k q:17.22 q-aq:11.27 q-noVbv:17.22 q-Rceq:1.00 tex:533864 mv:30037 misc:2403 icu:1253.25 pcu:42.75 scu:0.00 tlayer:0 pbqpoffset:0.40 pbfactor:1.05 avgQpOffsetCutree:-6.71;
in:72 out:66 type:B q:19.79 q-aq:13.51 q-noVbv:19.79 q-Rceq:1.00 tex:287899 mv:21855 misc:3630 icu:417.75 pcu:850.50 scu:27.75 tlayer:1 pbqpoffset:1.51 pbfactor:1.19 avgQpOffsetCutree:-5.84;
in:68 out:67 type:B q:21.12 q-aq:16.59 q-noVbv:21.12 q-Rceq:1.00 tex:60180 mv:16693 misc:4263 icu:58.00 pcu:777.75 scu:460.25 tlayer:2 pbqpoffset:2.30 pbfactor:1.31 avgQpOffsetCutree:-3.56;
in:66 out:68 type:B q:22.45 q-aq:20.19 q-noVbv:22.45 q-Rceq:1.00 tex:23195 mv:9162 misc:2299 icu:10.50 pcu:664.50 scu:621.00 tlayer:3 pbqpoffset:3.37 pbfactor:1.48 avgQpOffsetCutree:-1.95;
in:65 out:69 type:b q:25.12 q-aq:25.02 q-noVbv:25.12 q-Rceq:1.00 tex:5839 mv:3292 misc:1045 icu:1.75 pcu:453.75 scu:840.50 tlayer:4 pbqpoffset:5.91 pbfactor:1.98 avgQpOffsetCutree:0.00;
in:67 out:70 type:b q:25.30 q-aq:25.03 q-noVbv:25.30 q-Rceq:1.00 tex:6793 mv:4172 misc:1195 icu:4.50 pcu:487.00 scu:804.50 tlayer:4 pbqpoffset:6.35 pbfactor:2.08 avgQpOffsetCutree:0.00;
in:70 out:71 type:B q:21.88 q-aq:19.59 q-noVbv:21.88 q-Rceq:1.00 tex:22651 mv:8850 misc:2371 icu:21.25 pcu:713.25 scu:561.50 tlayer:3 pbqpoffset:3.33 pbfactor:1.47 avgQpOffsetCutree:-2.04;
in:69 out:72 type:b q:25.05 q-aq:25.02 q-noVbv:25.05 q-Rceq:1.00 tex:5924 mv:3835 misc:1065 icu:0.25 pcu:542.00 scu:753.75 tlayer:4 pbqpoffset:6.37 pbfactor:2.09 avgQpOffsetCutree:0.00;
in:71 out:73 type:b q:23.85 q-aq:24.03 q-noVbv:23.85 q-Rceq:1.00 tex:7000 mv:4198 misc:1154 icu:8.75 pcu:583.25 scu:704.00 tlayer:4 pbqpoffset:5.44 pbfactor:1.87 avgQpOffsetCutree:0.00;
in:76 out:74 type:B q:19.85 q-aq:14.79 q-noVbv:19.85 q-Rceq:1.00 tex:125942 mv:14603 misc:3207 icu:132.50 pcu:1163.00 scu:0.50 tlayer:2 pbqpoffset:2.11 pbfactor:1.28 avgQpOffsetCutree:-3.98;
in:74 out:75 type:B q:21.35 q-aq:19.42 q-noVbv:21.35 q-Rceq:1.00 tex:18526 mv:9059 misc:2391 icu:35.75 pcu:728.25 scu:532.00 tlayer:3 pbqpoffset:3.34 pbfactor:1.47 avgQpOffsetCutree:-2.07;
in:73 out:76 type:b q:24.07 q-aq:24.14 q-noVbv:24.07 q-Rceq:1.00 tex:5771 mv:3703 misc:1222 icu:3.25 pcu:499.00 scu:793.75 tlayer:4 pbqpoffset:5.93 pbfactor:1.98 avgQpOffsetCutree:0.00;
in:75 out:77 type:b q:23.49 q-aq:23.41 q-noVbv:23.49 q-Rceq:1.00 tex:6974 mv:4103 misc:1147 icu:15.50 pcu:495.50 scu:785.00 tlayer:4 pbqpoffset:5.61 pbfactor:1.91 avgQpOffsetCutree:0.00;
in:78 out:78 type:B q:19.68 q-aq:16.98 q-noVbv:19.68 q-Rceq:1.00 tex:53630 mv:12602 misc:4616 icu:73.25 pcu:879.25 scu:343.50 tlayer:3 pbqpoffset:2.20 pbfactor:1.29 avgQpOffsetCutree:-2.33;
in:77 out:79 type:b q:23.32 q-aq:23.14 q-noVbv:23.32 q-Rceq:1.00 tex:9082 mv:4886 misc:1240 icu:17.00 pcu:579.25 scu:699.75 tlayer:4 pbqpoffset:5.70 pbfactor:1.93 avgQpOffsetCutree:0.00;
in:79 out:80 type:b q:21.41 q-aq:21.19 q-noVbv:21.41 q-Rceq:1.00 tex:11215 mv:4134 misc:1883 icu:31.50 pcu:405.00 scu:859.50 tlayer:4 pbqpoffset:4.06 pbfactor:1.60 avgQpOffsetCutree:0.00;
in:96 out:81 type:k q:17.06 q-aq:10.68 q-noVbv:17.06 q-Rceq:1.00 tex:614660 mv:32805 misc:2247 icu:1194.75 pcu:101.25 scu:0.00 tlayer:0 pbqpoffset:0.43 pbfactor:1.05 avgQpOffsetCutree:-7.57;
in:88 out:82 type:B q:19.64 q-aq:13.74 q-noVbv:19.64 q-Rceq:1.00 tex:280800 mv:20236 misc:3388 icu:397.50 pcu:873.50 scu:25.00 tlayer:1 pbqpoffset:2.50 pbfactor:1.33 avgQpOffsetCutree:-5.73;
in:84 out:83 type:B q:20.76 q-aq:15.97 q-noVbv:20.76 q-Rceq:1.00 tex:69354 mv:18293 misc:4289 icu:91.25 pcu:875.25 scu:329.50 tlayer:2 pbqpoffset:3.58 pbfactor:1.51 avgQpOffsetCutree:-3.63;
in:82 out:84 type:B q:20.78 q-aq:18.96 q-noVbv:20.78 q-Rceq:1.00 tex:28662 mv:10201 misc:2849 icu:55.00 pcu:716.50 scu:524.50 tlayer:3 pbqpoffset:3.58 pbfactor:1.51 avgQpOffsetCutree:-1.77;
in:81 out:85 type:b q:23.79 q-aq:24.02 q-noVbv:23.79 q-Rceq:1.00 tex:7890 mv:4113 misc:1229 icu:28.50 pcu:494.00 scu:773.50 tlayer:4 pbqpoffset:6.58 pbfactor:2.14 avgQpOffsetCutree:0.00;
in:83 out:86 type:b q:23.73 q-aq:24.02 q-noVbv:23.73 q-Rceq:1.00 tex:7276 mv:4332 misc:1456 icu:32.50 pcu:553.75 scu:709.75 tlayer:4 pbqpoffset:6.54 pbfactor:2.13 avgQpOffsetCutree:0.00;
in:86 out:87 type:B q:20.74 q-aq:18.64 q-noVbv:20.74 q-Rceq:1.00 tex:27363 mv:11040 misc:3189 icu:72.75 pcu:727.00 scu:496.25 tlayer:3 pbqpoffset:3.58 pbfactor:1.51 avgQpOffsetCutree:-1.86;
in:85 out:88 type:b q:23.75 q-aq:24.00 q-noVbv:23.75 q-Rceq:1.00 tex:4338 mv:3721 misc:1341 icu:35.00 pcu:595.50 scu:665.50 tlayer:4 pbqpoffset:6.58 pbfactor:2.14 avgQpOffsetCutree:0.00;
in:87 out:89 type:b q:23.73 q-aq:24.00 q-noVbv:23.73 q-Rceq:1.00 tex:5128 mv:4658 misc:1526 icu:27.00 pcu:560.25 scu:708.75 tlayer:4 pbqpoffset:6.58 pbfactor:2.14 avgQpOffsetCutree:0.00;
in:92 out:90 type:B q:20.68 q-aq:15.25 q-noVbv:20.68 q-Rceq:1.00 tex:119266 mv:19474 misc:4308 icu:95.50 pcu:1102.25 scu:98.25 tlayer:2 pbqpoffset:3.58 pbfactor:1.51 avgQpOffsetCutree:-4.38;
in:90 out:91 type:B q:20.70 q-aq:18.73 q-noVbv:20.70 q-Rceq:1.00 tex:18927 mv:12059 misc:2990 icu:25.75 pcu:828.00 scu:442.25 tlayer:3 pbqpoffset:3.58 pbfactor:1.51 avgQpOffsetCutree:-1.83;
in:89 out:92 type:b q:23.71 q-aq:24.00 q-noVbv:23.71 q-Rceq:1.00 tex:4197 mv:3729 misc:1402 icu:3.00 pcu:578.00 scu:715.00 tlayer:4 pbqpoffset:6.58 pbfactor:2.14 avgQpOffsetCutree:0.00;
in:91 out:93 type:b q:23.69 q-aq:24.00 q-noVbv:23.69 q-Rceq:1.00 tex:1918 mv:2795 misc:1119 icu:0.00 pcu:549.00 scu:747.00 tlayer:4 pbqpoffset:6.58 pbfactor:2.14 avgQpOffsetCutree:0.00;
in:94 out:94 type:B q:20.66 q-aq:17.97 q-noVbv:20.66 q-Rceq:1.00 tex:60696 mv:11416 misc:4408 icu:26.75 pcu:937.75 scu:331.50 tlayer:3 pbqpoffset:3.58 pbfactor:1.51 avgQpOffsetCutree:-2.31;
in:93 out:95 type:b q:23.67 q-aq:24.00 q-noVbv:23.67 q-Rceq:1.00 tex:2310 mv:3455 misc:1467 icu:0.50 pcu:431.25 scu:864.25 tlayer:4 pbqpoffset:6.58 pbfactor:2.14 avgQpOffsetCutree:0.00;
in:95 out:96 type:b q:23.65 q-aq:24.00 q-noVbv:23.65 q-Rceq:1.00 tex:1819 mv:2184 misc:1389 icu:1.50 pcu:461.00 scu:833.50 tlayer:4 pbqpoffset:6.58 pbfactor:2.14 avgQpOffsetCutree:0.00;
in:112 out:97 type:k q:16.86 q-aq:10.82 q-noVbv:16.86 q-Rceq:1.00 tex:671557 mv:41877 misc:2158 icu:1178.25 pcu:117.75 scu:0.00 tlayer:0 pbqpoffset:1.26 pbfactor:1.16 avgQpOffsetCutree:-7.18;
in:104 out:98 type:B q:19.47 q-aq:13.14 q-noVbv:19.47 q-Rceq:1.00 tex:316450 mv:25459 misc:3267 icu:204.50 pcu:1087.75 scu:3.75 tlayer:1 pbqpoffset:2.51 pbfactor:1.34 avgQpOffsetCutree:-6.09;
in:100 out:99 type:B q:20.69 q-aq:16.17 q-noVbv:20.69 q-Rceq:1.00 tex:58479 mv:16137 misc:4160 icu:37.75 pcu:855.75 scu:402.50 tlayer:2 pbqpoffset:3.68 pbfactor:1.53 avgQpOffsetCutree:-3.46;
in:98 out:100 type:B q:20.72 q-aq:18.57 q-noVbv:20.72 q-Rceq:1.00 tex:20149 mv:9291 misc:2728 icu:9.00 pcu:784.75 scu:502.25 tlayer:3 pbqpoffset:3.68 pbfactor:1.53 avgQpOffsetCutree:-1.90;
in:97 out:101 type:b q:23.73 q-aq:24.00 q-noVbv:23.73 q-Rceq:1.00 tex:4038 mv:3584 misc:1194 icu:7.00 pcu:492.75 scu:796.25 tlayer:4 pbqpoffset:6.68 pbfactor:2.16 avgQpOffsetCutree:0.00;
in:99 out:102 type:b q:23.70 q-aq:24.00 q-noVbv:23.70 q-Rceq:1.00 tex:2379 mv:3397 misc:1288 icu:0.00 pcu:494.25 scu:801.75 tlayer:4 pbqpoffset:6.68 pbfactor:2.16 avgQpOffsetCutree:0.00;
in:102 out:103 type:B q:20.67 q-aq:19.31 q-noVbv:20.67 q-Rceq:1.00 tex:20620 mv:9289 misc:2515 icu:26.75 pcu:732.75 scu:536.50 tlayer:3 pbqpoffset:3.68 pbfactor:1.53 avgQpOffsetCutree:-1.43;
in:101 out:104 type:b q:23.68 q-aq:24.00 q-noVbv:23.68 q-Rceq:1.00 tex:5165 mv:4046 misc:1213 icu:27.75 pcu:519.75 scu:748.50 tlayer:4 pbqpoffset:6.68 pbfactor:2.16 avgQpOffsetCutree:0.00;
in:103 out:105 type:b q:23.65 q-aq:24.00 q-noVbv:23.65 q-Rceq:1.00 tex:3478 mv:3191 misc:1163 icu:0.25 pcu:537.00 scu:758.75 tlayer:4 pbqpoffset:6.68 pbfactor:2.16 avgQpOffsetCutree:0.00;
in:108 out:106 type:B q:20.21 q-aq:14.99 q-noVbv:20.21 q-Rceq:1.00 tex:147077 mv:18109 misc:4174 icu:62.50 pcu:1180.00 scu:53.50 tlayer:2 pbqpoffset:3.30 pbfactor:1.46 avgQpOffsetCutree:-4.33;
in:106 out:107 type:B q:20.61 q-aq:18.90 q-noVbv:20.61 q-Rceq:1.00 tex:26697 mv:11688 misc:2911 icu:4.50 pcu:909.00 scu:382.50 tlayer:3 pbqpoffset:3.68 pbfactor:1.53 avgQpOffsetCutree:-1.67;
in:105 out:108 type:b q:23.63 q-aq:24.00 q-noVbv:23.63 q-Rceq:1.00 tex:5538 mv:4133 misc:1249 icu:1.00 pcu:684.75 scu:610.25 tlayer:4 pbqpoffset:6.68 pbfactor:2.16 avgQpOffsetCutree:0.00;
in:107 out:109 type:b q:23.60 q-aq:24.00 q-noVbv:23.60 q-Rceq:1.00 tex:3314 mv:3727 misc:1127 icu:1.25 pcu:623.50 scu:671.25 tlayer:4 pbqpoffset:6.68 pbfactor:2.16 avgQpOffsetCutree:0.00;
in:110 out:110 type:B q:20.56 q-aq:17.37 q-noVbv:20.56 q-Rceq:1.00 tex:39428 mv:7717 misc:4271 icu:16.75 pcu:903.00 scu:376.25 tlayer:3 pbqpoffset:3.68 pbfactor:1.53 avgQpOffsetCutree:-2.63;
in:109 out:111 type:b q:23.58 q-aq:24.00 q-noVbv:23.58 q-Rceq:1.00 tex:2195 mv:2905 misc:1044 icu:0.00 pcu:660.50 scu:635.50 tlayer:4 pbqpoffset:6.68 pbfactor:2.16 avgQpOffsetCutree:0.00;
in:111 out:112 type:b q:23.55 q-aq:24.00 q-noVbv:23.55 q-Rceq:1.00 tex:1276 mv:1414 misc:1134 icu:0.00 pcu:372.50 scu:923.50 tlayer:4 pbqpoffset:6.68 pbfactor:2.16 avgQpOffsetCutree:0.00;
in:120 out:113 type:k q:19.21 q-aq:12.55 q-noVbv:19.21 q-Rceq:1.00 tex:391421 mv:21443 misc:3016 icu:235.75 pcu:1057.25 scu:3.00 tlayer:0 pbqpoffset:0.31 pbfactor:1.04 avgQpOffsetCutree:-7.36;
in:116 out:114 type:B q:20.37 q-aq:16.32 q-noVbv:20.37 q-Rceq:1.00 tex:70797 mv:18768 misc:3995 icu:45.75 pcu:984.75 scu:265.50 tlayer:1 pbqpoffset:2.34 pbfactor:1.31 avgQpOffsetCutree:-3.34;
in:114 out:115 type:B q:20.29 q-aq:18.72 q-noVbv:20.29 q-Rceq:1.00 tex:16866 mv:7477 misc:2281 icu:1.50 pcu:666.50 scu:628.00 tlayer:2 pbqpoffset:2.84 pbfactor:1.39 avgQpOffsetCutree:-1.52;
in:113 out:116 type:b q:23.55 q-aq:24.00 q-noVbv:23.55 q-Rceq:1.00 tex:3264 mv:2892 misc:972 icu:0.00 pcu:328.00 scu:968.00 tlayer:3 pbqpoffset:6.40 pbfactor:2.09 avgQpOffsetCutree:0.00;
in:115 out:117 type:b q:21.71 q-aq:22.00 q-noVbv:21.71 q-Rceq:1.00 tex:11055 mv:7717 misc:1940 icu:1.25 pcu:755.25 scu:539.50 tlayer:3 pbqpoffset:3.97 pbfactor:1.58 avgQpOffsetCutree:0.00;
in:118 out:118 type:B q:21.82 q-aq:19.24 q-noVbv:21.82 q-Rceq:1.00 tex:23951 mv:10369 misc:3160 icu:5.50 pcu:741.25 scu:549.25 tlayer:2 pbqpoffset:3.20 pbfactor:1.45 avgQpOffsetCutree:-2.18;
in:117 out:119 type:b q:22.54 q-aq:22.37 q-noVbv:22.54 q-Rceq:1.00 tex:8984 mv:5116 misc:1836 icu:1.00 pcu:563.75 scu:731.25 tlayer:3 pbqpoffset:4.22 pbfactor:1.63 avgQpOffsetCutree:0.00;
in:119 out:120 type:b q:23.07 q-aq:23.06 q-noVbv:23.07 q-Rceq:1.00 tex:6348 mv:5010 misc:1394 icu:0.25 pcu:576.00 scu:719.75 tlayer:3 pbqpoffset:4.15 pbfactor:1.62 avgQpOffsetCutree:0.00;
in:128 out:121 type:k q:20.24 q-aq:13.85 q-noVbv:20.24 q-Rceq:1.00 tex:438625 mv:25136 misc:2311 icu:1244.25 pcu:51.75 scu:0.00 tlayer:0 pbqpoffset:0.28 pbfactor:1.03 avgQpOffsetCutree:-7.84;
in:124 out:122 type:B q:23.29 q-aq:17.69 q-noVbv:23.29 q-Rceq:1.00 tex:49524 mv:9969 misc:3379 icu:51.75 pcu:1184.50 scu:59.75 tlayer:1 pbqpoffset:3.57 pbfactor:1.51 avgQpOffsetCutree:-4.53;
in:122 out:123 type:B q:23.03 q-aq:21.04 q-noVbv:23.03 q-Rceq:1.00 tex:7024 mv:5579 misc:1805 icu:2.00 pcu:748.00 scu:546.00 tlayer:2 pbqpoffset:3.57 pbfactor:1.51 avgQpOffsetCutree:-2.25;
in:121 out:124 type:b q:25.91 q-aq:26.00 q-noVbv:25.91 q-Rceq:1.00 tex:2164 mv:2543 misc:877 icu:0.25 pcu:450.00 scu:845.75 tlayer:3 pbqpoffset:6.57 pbfactor:2.14 avgQpOffsetCutree:0.00;
in:123 out:125 type:b q:26.16 q-aq:26.00 q-noVbv:26.16 q-Rceq:1.00 tex:1346 mv:1911 misc:711 icu:1.75 pcu:330.00 scu:964.25 tlayer:3 pbqpoffset:6.57 pbfactor:2.14 avgQpOffsetCutree:0.00;
in:126 out:126 type:B q:23.55 q-aq:20.98 q-noVbv:23.55 q-Rceq:1.00 tex:14821 mv:3332 misc:2375 icu:18.00 pcu:839.50 scu:438.50 tlayer:2 pbqpoffset:3.57 pbfactor:1.51 avgQpOffsetCutree:-2.25;
in:125 out:127 type:b q:26.42 q-aq:26.29 q-noVbv:26.42 q-Rceq:1.00 tex:461 mv:1124 misc:591 icu:1.50 pcu:133.25 scu:1161.25 tlayer:3 pbqpoffset:6.57 pbfactor:2.14 avgQpOffsetCutree:0.00;
in:127 out:128 type:b q:26.68 q-aq:27.00 q-noVbv:26.68 q-Rceq:1.00 tex:1152 mv:877 misc:723 icu:9.25 pcu:173.75 scu:1113.00 tlayer:3 pbqpoffset:6.57 pbfactor:2.14 avgQpOffsetCutree:0.00;
in:144 out:129 type:k q:17.07 q-aq:10.33 q-noVbv:17.07 q-Rceq:1.00 tex:695398 mv:35901 misc:2189 icu:1138.00 pcu:158.00 scu:0.00 tlayer:0 pbqpoffset:0.52 pbfactor:1.06 avgQpOffsetCutree:-7.99;
in:136 out:130 type:B q:20.73 q-aq:14.01 q-noVbv:20.73 q-Rceq:1.00 tex:315232 mv:25733 misc:3771 icu:221.75 pcu:1035.75 scu:38.50 tlayer:1 pbqpoffset:2.07 pbfactor:1.27 avgQpOffsetCutree:-6.25;
in:132 out:131 type:B q:23.30 q-aq:18.94 q-noVbv:23.30 q-Rceq:1.00 tex:65887 mv:14611 misc:3774 icu:2.00 pcu:905.75 scu:388.25 tlayer:2 pbqpoffset:3.85 pbfactor:1.56 avgQpOffsetCutree:-3.58;
in:130 out:132 type:B q:23.69 q-aq:22.50 q-noVbv:23.69 q-Rceq:1.00 tex:27552 mv:10262 misc:2634 icu:1.50 pcu:735.50 scu:559.00 tlayer:3 pbqpoffset:3.85 pbfactor:1.56 avgQpOffsetCutree:-1.52;
in:129 out:133 type:b q:26.89 q-aq:27.00 q-noVbv:26.89 q-Rceq:1.00 tex:6500 mv:3828 misc:1512 icu:0.25 pcu:504.50 scu:791.25 tlayer:4 pbqpoffset:6.85 pbfactor:2.21 avgQpOffsetCutree:0.00;
in:131 out:134 type:b q:26.49 q-aq:26.52 q-noVbv:26.49 q-Rceq:1.00 tex:1426 mv:3279 misc:1063 icu:0.00 pcu:521.75 scu:774.25 tlayer:4 pbqpoffset:6.85 pbfactor:2.21 avgQpOffsetCutree:0.00;
in:134 out:135 type:B q:22.90 q-aq:20.42 q-noVbv:22.90 q-Rceq:1.00 tex:13834 mv:8213 misc:2713 icu:0.75 pcu:783.25 scu:512.00 tlayer:3 pbqpoffset:3.85 pbfactor:1.56 avgQpOffsetCutree:-2.25;
in:133 out:136 type:b q:26.10 q-aq:26.00 q-noVbv:26.10 q-Rceq:1.00 tex:1260 mv:2678 misc:934 icu:0.00 pcu:502.75 scu:793.25 tlayer:4 pbqpoffset:6.85 pbfactor:2.21 avgQpOffsetCutree:0.00;
in:135 out:137 type:b q:25.69 q-aq:26.00 q-noVbv:25.69 q-Rceq:1.00 tex:2528 mv:2411 misc:909 icu:0.00 pcu:382.50 scu:913.50 tlayer:4 pbqpoffset:6.84 pbfactor:2.20 avgQpOffsetCutree:0.00;
in:140 out:138 type:B q:20.84 q-aq:15.55 q-noVbv:20.84 q-Rceq:1.00 tex:186329 mv:21496 misc:4255 icu:62.25 pcu:1195.50 scu:38.25 tlayer:2 pbqpoffset:2.97 pbfactor:1.41 avgQpOffsetCutree:-4.46;
in:138 out:139 type:B q:22.11 q-aq:20.42 q-noVbv:22.11 q-Rceq:1.00 tex:30468 mv:11500 misc:3592 icu:4.00 pcu:808.00 scu:484.00 tlayer:3 pbqpoffset:3.85 pbfactor:1.56 avgQpOffsetCutree:-1.60;
in:137 out:140 type:b q:25.31 q-aq:25.03 q-noVbv:25.31 q-Rceq:1.00 tex:6512 mv:3947 misc:1389 icu:2.25 pcu:595.75 scu:698.00 tlayer:4 pbqpoffset:6.85 pbfactor:2.21 avgQpOffsetCutree:0.00;
in:139 out:141 type:b q:24.91 q-aq:25.00 q-noVbv:24.91 q-Rceq:1.00 tex:6649 mv:4411 misc:1388 icu:1.75 pcu:648.50 scu:645.75 tlayer:4 pbqpoffset:6.85 pbfactor:2.21 avgQpOffsetCutree:0.00;
in:142 out:142 type:B q:21.32 q-aq:18.63 q-noVbv:21.32 q-Rceq:1.00 tex:22460 mv:6380 misc:3960 icu:11.25 pcu:707.75 scu:577.00 tlayer:3 pbqpoffset:3.85 pbfactor:1.56 avgQpOffsetCutree:-2.39;
in:141 out:143 type:b q:24.52 q-aq:25.00 q-noVbv:24.52 q-Rceq:1.00 tex:2178 mv:2181 misc:969 icu:0.00 pcu:376.75 scu:919.25 tlayer:4 pbqpoffset:6.85 pbfactor:2.21 avgQpOffsetCutree:0.00;
in:143 out:144 type:b q:23.12 q-aq:23.00 q-noVbv:23.12 q-Rceq:1.00 tex:2699 mv:1354 misc:1459 icu:0.50 pcu:374.50 scu:921.00 tlayer:4 pbqpoffset:5.85 pbfactor:1.97 avgQpOffsetCutree:0.00;
in:160 out:145 type:k q:17.42 q-aq:10.35 q-noVbv:17.42 q-Rceq:1.00 tex:714025 mv:36883 misc:2068 icu:1086.50 pcu:209.50 scu:0.00 tlayer:0 pbqpoffset:0.34 pbfactor:1.04 avgQpOffsetCutree:-8.00;
in:152 out:146 type:B q:19.17 q-aq:12.77 q-noVbv:19.17 q-Rceq:1.00 tex:329827 mv:22980 misc:3177 icu:169.00 pcu:1127.00 scu:0.00 tlayer:1 pbqpoffset:1.92 pbfactor:1.25 avgQpOffsetCutree:-6.26;
in:148 out:147 type:B q:19.98 q-aq:15.68 q-noVbv:19.98 q-Rceq:1.00 tex:82198 mv:15513 misc:4217 icu:43.75 pcu:863.75 scu:388.50 tlayer:2 pbqpoffset:2.82 pbfactor:1.38 avgQpOffsetCutree:-3.53;
in:146 out:148 type:B q:20.74 q-aq:19.98 q-noVbv:20.74 q-Rceq:1.00 tex:34681 mv:10826 misc:2941 icu:23.75 pcu:790.00 scu:482.25 tlayer:3 pbqpoffset:3.62 pbfactor:1.52 avgQpOffsetCutree:-1.16;
in:145 out:149 type:b q:22.66 q-aq:23.00 q-noVbv:22.66 q-Rceq:1.00 tex:5690 mv:3445 misc:1409 icu:14.75 pcu:391.25 scu:890.00 tlayer:4 pbqpoffset:5.56 pbfactor:1.90 avgQpOffsetCutree:0.00;
in:147 out:150 type:b q:23.43 q-aq:23.16 q-noVbv:23.43 q-Rceq:1.00 tex:3611 mv:3632 misc:1381 icu:5.25 pcu:483.25 scu:807.50 tlayer:4 pbqpoffset:6.29 pbfactor:2.07 avgQpOffsetCutree:0.00;
in:150 out:151 type:B q:20.83 q-aq:17.77 q-noVbv:20.83 q-Rceq:1.00 tex:15312 mv:8616 misc:2744 icu:5.75 pcu:712.50 scu:577.75 tlayer:3 pbqpoffset:3.62 pbfactor:1.52 avgQpOffsetCutree:-2.77;
in:149 out:152 type:b q:23.81 q-aq:24.00 q-noVbv:23.81 q-Rceq:1.00 tex:749 mv:2283 misc:856 icu:0.00 pcu:405.50 scu:890.50 tlayer:4 pbqpoffset:6.62 pbfactor:2.15 avgQpOffsetCutree:0.00;
in:151 out:153 type:b q:23.85 q-aq:24.00 q-noVbv:23.85 q-Rceq:1.00 tex:2142 mv:2730 misc:896 icu:10.00 pcu:462.00 scu:824.00 tlayer:4 pbqpoffset:6.62 pbfactor:2.15 avgQpOffsetCutree:0.00;
in:156 out:154 type:B q:19.95 q-aq:14.82 q-noVbv:19.95 q-Rceq:1.00 tex:128608 mv:18042 misc:4638 icu:35.75 pcu:1126.50 scu:133.75 tlayer:2 pbqpoffset:2.61 pbfactor:1.35 avgQpOffsetCutree:-4.21;
in:154 out:155 type:B q:20.92 q-aq:18.84 q-noVbv:20.92 q-Rceq:1.00 tex:20681 mv:9578 misc:3357 icu:3.00 pcu:718.75 scu:574.25 tlayer:3 pbqpoffset:3.62 pbfactor:1.52 avgQpOffsetCutree:-1.83;
in:153 out:156 type:b q:23.90 q-aq:24.00 q-noVbv:23.90 q-Rceq:1.00 tex:2853 mv:2984 misc:1059 icu:0.50 pcu:520.25 scu:775.25 tlayer:4 pbqpoffset:6.62 pbfactor:2.15 avgQpOffsetCutree:0.00;
in:155 out:157 type:b q:23.93 q-aq:24.00 q-noVbv:23.93 q-Rceq:1.00 tex:4522 mv:3403 misc:1211 icu:0.00 pcu:497.75 scu:798.25 tlayer:4 pbqpoffset:6.62 pbfactor:2.15 avgQpOffsetCutree:0.00;
in:158 out:158 type:B q:20.08 q-aq:17.39 q-noVbv:20.08 q-Rceq:1.00 tex:52333 mv:9848 misc:4427 icu:26.50 pcu:878.00 scu:391.50 tlayer:3 pbqpoffset:2.70 pbfactor:1.37 avgQpOffsetCutree:-2.23;
in:157 out:159 type:b q:22.72 q-aq:23.00 q-noVbv:22.72 q-Rceq:1.00 tex:6276 mv:4422 misc:1430 icu:2.25 pcu:542.25 scu:751.50 tlayer:4 pbqpoffset:5.36 pbfactor:1.86 avgQpOffsetCutree:0.00;
in:159 out:160 type:b q:21.39 q-aq:21.25 q-noVbv:21.39 q-Rceq:1.00 tex:6804 mv:3269 misc:2151 icu:4.00 pcu:553.50 scu:738.50 tlayer:4 pbqpoffset:3.99 pbfactor:1.59 avgQpOffsetCutree:0.00;
in:176 out:161 type:k q:18.40 q-aq:11.65 q-noVbv:18.40 q-Rceq:1.00 tex:667835 mv:36787 misc:2162 icu:996.50 pcu:299.50 scu:0.00 tlayer:0 pbqpoffset:0.68 pbfactor:1.08 avgQpOffsetCutree:-8.03;
in:168 out:162 type:B q:20.14 q-aq:13.81 q-noVbv:20.14 q-Rceq:1.00 tex:336865 mv:23256 misc:3439 icu:113.00 pcu:1182.75 scu:0.25 tlayer:1 pbqpoffset:2.23 pbfactor:1.29 avgQpOffsetCutree:-6.29;
in:164 out:163 type:B q:21.33 q-aq:16.39 q-noVbv:21.33 q-Rceq:1.00 tex:86007 mv:17678 misc:3915 icu:19.75 pcu:1089.25 scu:187.00 tlayer:2 pbqpoffset:3.66 pbfactor:1.53 avgQpOffsetCutree:-3.91;
in:162 out:164 type:B q:21.21 q-aq:19.48 q-noVbv:21.21 q-Rceq:1.00 tex:26129 mv:9928 misc:2791 icu:2.75 pcu:698.50 scu:594.75 tlayer:3 pbqpoffset:3.66 pbfactor:1.53 avgQpOffsetCutree:-1.71;
in:161 out:165 type:b q:24.14 q-aq:24.00 q-noVbv:24.14 q-Rceq:1.00 tex:6267 mv:3749 misc:1352 icu:0.75 pcu:488.50 scu:806.75 tlayer:4 pbqpoffset:6.66 pbfactor:2.16 avgQpOffsetCutree:0.00;
in:163 out:166 type:b q:24.27 q-aq:24.01 q-noVbv:24.27 q-Rceq:1.00 tex:2659 mv:3907 misc:1106 icu:0.00 pcu:604.50 scu:691.50 tlayer:4 pbqpoffset:6.66 pbfactor:2.16 avgQpOffsetCutree:0.00;
in:166 out:167 type:B q:21.45 q-aq:19.83 q-noVbv:21.45 q-Rceq:1.00 tex:16735 mv:9774 misc:2867 icu:4.75 pcu:798.50 scu:492.75 tlayer:3 pbqpoffset:3.66 pbfactor:1.53 avgQpOffsetCutree:-1.66;
in:165 out:168 type:b q:24.39 q-aq:24.01 q-noVbv:24.39 q-Rceq:1.00 tex:2095 mv:3079 misc:1042 icu:1.00 pcu:658.00 scu:637.00 tlayer:4 pbqpoffset:6.66 pbfactor:2.16 avgQpOffsetCutree:0.00;
in:167 out:169 type:b q:24.51 q-aq:24.67 q-noVbv:24.51 q-Rceq:1.00 tex:4679 mv:4468 misc:1541 icu:0.25 pcu:579.00 scu:716.75 tlayer:4 pbqpoffset:6.66 pbfactor:2.16 avgQpOffsetCutree:0.00;
in:172 out:170 type:B q:21.75 q-aq:16.08 q-noVbv:21.75 q-Rceq:1.00 tex:86240 mv:11250 misc:4206 icu:40.75 pcu:1138.00 scu:117.25 tlayer:2 pbqpoffset:3.59 pbfactor:1.51 avgQpOffsetCutree:-4.51;
in:170 out:171 type:B q:21.69 q-aq:19.40 q-noVbv:21.69 q-Rceq:1.00 tex:15399 mv:7781 misc:2540 icu:4.75 pcu:706.50 scu:584.75 tlayer:3 pbqpoffset:3.66 pbfactor:1.53 avgQpOffsetCutree:-1.63;
in:169 out:172 type:b q:23.95 q-aq:24.00 q-noVbv:23.95 q-Rceq:1.00 tex:3291 mv:3455 misc:1054 icu:0.00 pcu:665.50 scu:630.50 tlayer:4 pbqpoffset:5.97 pbfactor:1.99 avgQpOffsetCutree:0.00;
in:171 out:173 type:b q:24.75 q-aq:25.00 q-noVbv:24.75 q-Rceq:1.00 tex:1907 mv:2167 misc:782 icu:1.00 pcu:470.50 scu:824.50 tlayer:4 pbqpoffset:6.65 pbfactor:2.16 avgQpOffsetCutree:0.00;
in:174 out:174 type:B q:21.94 q-aq:18.98 q-noVbv:21.94 q-Rceq:1.00 tex:13155 mv:3551 misc:3198 icu:3.00 pcu:703.50 scu:589.50 tlayer:3 pbqpoffset:3.66 pbfactor:1.53 avgQpOffsetCutree:-2.40;
in:173 out:175 type:b q:24.88 q-aq:25.00 q-noVbv:24.88 q-Rceq:1.00 tex:339 mv:1408 misc:621 icu:0.25 pcu:329.00 scu:966.75 tlayer:4 pbqpoffset:6.66 pbfactor:2.16 avgQpOffsetCutree:0.00;
in:175 out:176 type:b q:25.00 q-aq:25.00 q-noVbv:25.00 q-Rceq:1.00 tex:1318 mv:1659 misc:1271 icu:1.25 pcu:361.25 scu:933.50 tlayer:4 pbqpoffset:6.66 pbfactor:2.16 avgQpOffsetCutree:0.00;
in:192 out:177 type:k q:18.55 q-aq:11.58 q-noVbv:18.55 q-Rceq:1.00 tex:708548 mv:41352 misc:2076 icu:844.50 pcu:451.50 scu:0.00 tlayer:0 pbqpoffset:0.71 pbfactor:1.09 avgQpOffsetCutree:-8.10;
in:184 out:178 type:B q:20.54 q-aq:14.25 q-noVbv:20.54 q-Rceq:1.00 tex:320705 mv:27890 misc:3077 icu:115.75 pcu:1179.75 scu:0.50 tlayer:1 pbqpoffset:2.07 pbfactor:1.27 avgQpOffsetCutree:-6.19;
in:180 out:179 type:B q:22.14 q-aq:17.27 q-noVbv:22.14 q-Rceq:1.00 tex:67655 mv:17551 misc:3906 icu:9.25 pcu:924.25 scu:362.50 tlayer:2 pbqpoffset:3.70 pbfactor:1.53 avgQpOffsetCutree:-3.91;
in:178 out:180 type:B q:22.21 q-aq:20.35 q-noVbv:22.21 q-Rceq:1.00 tex:29018 mv:11805 misc:3065 icu:1.50 pcu:905.50 scu:389.00 tlayer:3 pbqpoffset:3.79 pbfactor:1.55 avgQpOffsetCutree:-1.54;
in:177 out:181 type:b q:25.20 q-aq:25.01 q-noVbv:25.20 q-Rceq:1.00 tex:4032 mv:3096 misc:1272 icu:4.50 pcu:538.00 scu:753.50 tlayer:4 pbqpoffset:6.79 pbfactor:2.19 avgQpOffsetCutree:0.00;
in:179 out:182 type:b q:25.22 q-aq:25.00 q-noVbv:25.22 q-Rceq:1.00 tex:1589 mv:3434 misc:1329 icu:0.00 pcu:608.50 scu:687.50 tlayer:4 pbqpoffset:6.79 pbfactor:2.19 avgQpOffsetCutree:0.00;
in:182 out:183 type:B q:22.25 q-aq:22.01 q-noVbv:22.25 q-Rceq:1.00 tex:13754 mv:7310 misc:2072 icu:19.00 pcu:733.25 scu:543.75 tlayer:3 pbqpoffset:3.79 pbfactor:1.55 avgQpOffsetCutree:-0.70;
in:181 out:184 type:b q:25.24 q-aq:25.07 q-noVbv:25.24 q-Rceq:1.00 tex:3061 mv:3255 misc:956 icu:4.25 pcu:501.25 scu:790.50 tlayer:4 pbqpoffset:6.79 pbfactor:2.19 avgQpOffsetCutree:0.00;
in:183 out:185 type:b q:25.25 q-aq:25.06 q-noVbv:25.25 q-Rceq:1.00 tex:4370 mv:3857 misc:1189 icu:1.25 pcu:442.25 scu:852.50 tlayer:4 pbqpoffset:6.79 pbfactor:2.19 avgQpOffsetCutree:0.00;
in:188 out:186 type:B q:21.30 q-aq:15.84 q-noVbv:21.30 q-Rceq:1.00 tex:113830 mv:11789 misc:4309 icu:80.75 pcu:1124.75 scu:90.50 tlayer:2 pbqpoffset:2.79 pbfactor:1.38 avgQpOffsetCutree:-4.56;
in:186 out:187 type:B q:22.28 q-aq:19.92 q-noVbv:22.28 q-Rceq:1.00 tex:15165 mv:7632 misc:2115 icu:34.50 pcu:679.25 scu:582.25 tlayer:3 pbqpoffset:3.79 pbfactor:1.55 avgQpOffsetCutree:-2.30;
in:185 out:188 type:b q:24.51 q-aq:24.69 q-noVbv:24.51 q-Rceq:1.00 tex:9091 mv:4143 misc:1222 icu:37.25 pcu:467.75 scu:791.00 tlayer:4 pbqpoffset:6.02 pbfactor:2.01 avgQpOffsetCutree:0.00;
in:187 out:189 type:b q:25.29 q-aq:25.13 q-noVbv:25.29 q-Rceq:1.00 tex:2218 mv:2885 misc:905 icu:2.75 pcu:556.75 scu:736.50 tlayer:4 pbqpoffset:6.79 pbfactor:2.19 avgQpOffsetCutree:0.00;
in:190 out:190 type:B q:22.32 q-aq:19.45 q-noVbv:22.32 q-Rceq:1.00 tex:19885 mv:4954 misc:3489 icu:21.75 pcu:672.50 scu:601.75 tlayer:3 pbqpoffset:3.79 pbfactor:1.55 avgQpOffsetCutree:-2.37;
in:189 out:191 type:b q:25.31 q-aq:25.12 q-noVbv:25.31 q-Rceq:1.00 tex:612 mv:2131 misc:841 icu:0.00 pcu:574.00 scu:722.00 tlayer:4 pbqpoffset:6.79 pbfactor:2.19 avgQpOffsetCutree:0.00;
in:191 out:192 type:b q:25.26 q-aq:25.00 q-noVbv:25.26 q-Rceq:1.00 tex:378 mv:686 misc:696 icu:0.00 pcu:62.50 scu:1233.50 tlayer:4 pbqpoffset:6.71 pbfactor:2.17 avgQpOffsetCutree:0.00;
in:208 out:193 type:k q:18.54 q-aq:11.85 q-noVbv:18.54 q-Rceq:1.00 tex:723371 mv:43776 misc:2173 icu:955.25 pcu:340.75 scu:0.00 tlayer:0 pbqpoffset:0.66 pbfactor:1.08 avgQpOffsetCutree:-8.00;
in:200 out:194 type:B q:21.08 q-aq:14.45 q-noVbv:21.08 q-Rceq:1.00 tex:282832 mv:24475 misc:3397 icu:53.00 pcu:1242.75 scu:0.25 tlayer:1 pbqpoffset:2.54 pbfactor:1.34 avgQpOffsetCutree:-6.33;
in:196 out:195 type:B q:22.32 q-aq:17.71 q-noVbv:22.32 q-Rceq:1.00 tex:52849 mv:15237 misc:3898 icu:15.25 pcu:878.75 scu:402.00 tlayer:2 pbqpoffset:3.77 pbfactor:1.55 avgQpOffsetCutree:-3.66;
in:194 out:196 type:B q:22.32 q-aq:20.98 q-noVbv:22.32 q-Rceq:1.00 tex:9802 mv:7484 misc:2146 icu:11.50 pcu:700.25 scu:584.25 tlayer:3 pbqpoffset:3.77 pbfactor:1.55 avgQpOffsetCutree:-1.32;
in:193 out:197 type:b q:25.32 q-aq:25.12 q-noVbv:25.32 q-Rceq:1.00 tex:2907 mv:3100 misc:1089 icu:7.25 pcu:484.25 scu:804.50 tlayer:4 pbqpoffset:6.77 pbfactor:2.19 avgQpOffsetCutree:0.00;
in:195 out:198 type:b q:24.06 q-aq:24.00 q-noVbv:24.06 q-Rceq:1.00 tex:2760 mv:4049 misc:1199 icu:0.00 pcu:683.25 scu:612.75 tlayer:4 pbqpoffset:5.51 pbfactor:1.89 avgQpOffsetCutree:0.00;
in:198 out:199 type:B q:22.32 q-aq:21.90 q-noVbv:22.32 q-Rceq:1.00 tex:14256 mv:8218 misc:2406 icu:0.00 pcu:789.25 scu:506.75 tlayer:3 pbqpoffset:3.77 pbfactor:1.55 avgQpOffsetCutree:-0.80;
in:197 out:200 type:b q:25.32 q-aq:25.00 q-noVbv:25.32 q-Rceq:1.00 tex:2182 mv:3563 misc:1135 icu:0.00 pcu:558.75 scu:737.25 tlayer:4 pbqpoffset:6.77 pbfactor:2.19 avgQpOffsetCutree:0.00;
in:199 out:201 type:b q:25.31 q-aq:25.00 q-noVbv:25.31 q-Rceq:1.00 tex:1822 mv:3025 misc:1153 icu:0.25 pcu:541.00 scu:754.75 tlayer:4 pbqpoffset:6.77 pbfactor:2.19 avgQpOffsetCutree:0.00;
in:204 out:202 type:B q:21.93 q-aq:16.06 q-noVbv:21.93 q-Rceq:1.00 tex:100633 mv:12782 misc:4281 icu:15.75 pcu:1168.75 scu:111.50 tlayer:2 pbqpoffset:3.39 pbfactor:1.48 avgQpOffsetCutree:-4.71;
in:202 out:203 type:B q:22.31 q-aq:20.72 q-noVbv:22.31 q-Rceq:1.00 tex:11520 mv:7853 misc:2259 icu:3.75 pcu:761.50 scu:530.75 tlayer:3 pbqpoffset:3.77 pbfactor:1.55 avgQpOffsetCutree:-1.40;
in:201 out:204 type:b q:25.20 q-aq:25.00 q-noVbv:25.20 q-Rceq:1.00 tex:4014 mv:4016 misc:1402 icu:0.25 pcu:545.25 scu:750.50 tlayer:4 pbqpoffset:6.66 pbfactor:2.16 avgQpOffsetCutree:0.00;
in:203 out:205 type:b q:25.31 q-aq:25.00 q-noVbv:25.31 q-Rceq:1.00 tex:693 mv:1889 misc:706 icu:0.00 pcu:441.25 scu:854.75 tlayer:4 pbqpoffset:6.77 pbfactor:2.19 avgQpOffsetCutree:0.00;
in:206 out:206 type:B q:22.31 q-aq:20.53 q-noVbv:22.31 q-Rceq:1.00 tex:3341 mv:2368 misc:2203 icu:0.00 pcu:290.25 scu:1005.75 tlayer:3 pbqpoffset:3.77 pbfactor:1.55 avgQpOffsetCutree:-1.75;
in:205 out:207 type:b q:25.19 q-aq:25.00 q-noVbv:25.19 q-Rceq:1.00 tex:68 mv:906 misc:466 icu:0.00 pcu:169.00 scu:1127.00 tlayer:4 pbqpoffset:6.65 pbfactor:2.15 avgQpOffsetCutree:0.00;
in:207 out:208 type:b q:23.01 q-aq:23.00 q-noVbv:23.01 q-Rceq:1.00 tex:1735 mv:1478 misc:1675 icu:0.00 pcu:730.75 scu:565.25 tlayer:4 pbqpoffset:4.47 pbfactor:1.68 avgQpOffsetCutree:0.00;
in:222 out:209 type:k q:18.30 q-aq:11.27 q-noVbv:18.30 q-Rceq:1.00 tex:593421 mv:18546 misc:2417 icu:414.00 pcu:882.00 scu:0.00 tlayer:0 pbqpoffset:0.62 pbfactor:1.07 avgQpOffsetCutree:-8.03;
in:215 out:210 type:B q:21.72 q-aq:15.49 q-noVbv:21.72 q-Rceq:1.00 tex:113539 mv:23332 misc:4481 icu:9.75 pcu:1047.75 scu:238.50 tlayer:1 pbqpoffset:3.30 pbfactor:1.46 avgQpOffsetCutree:-4.95;
in:212 out:211 type:B q:21.98 q-aq:17.80 q-noVbv:21.98 q-Rceq:1.00 tex:70609 mv:16030 misc:3905 icu:3.75 pcu:1012.00 scu:280.25 tlayer:2 pbqpoffset:3.51 pbfactor:1.50 avgQpOffsetCutree:-3.36;
in:210 out:212 type:B q:22.15 q-aq:20.72 q-noVbv:22.15 q-Rceq:1.00 tex:20128 mv:10327 misc:2993 icu:0.00 pcu:744.50 scu:551.50 tlayer:3 pbqpoffset:3.64 pbfactor:1.52 avgQpOffsetCutree:-1.53;
in:209 out:213 type:b q:25.16 q-aq:25.00 q-noVbv:25.16 q-Rceq:1.00 tex:1559 mv:3174 misc:1219 icu:0.00 pcu:532.75 scu:763.25 tlayer:4 pbqpoffset:6.64 pbfactor:2.15 avgQpOffsetCutree:0.00;
in:211 out:214 type:b q:25.13 q-aq:25.00 q-noVbv:25.13 q-Rceq:1.00 tex:2828 mv:3805 misc:1231 icu:0.00 pcu:596.00 scu:700.00 tlayer:4 pbqpoffset:6.64 pbfactor:2.15 avgQpOffsetCutree:0.00;
in:214 out:215 type:B q:22.08 q-aq:22.04 q-noVbv:22.08 q-Rceq:1.00 tex:11054 mv:6745 misc:2369 icu:0.00 pcu:727.00 scu:569.00 tlayer:3 pbqpoffset:3.64 pbfactor:1.52 avgQpOffsetCutree:-0.72;
in:213 out:216 type:b q:23.86 q-aq:24.00 q-noVbv:23.86 q-Rceq:1.00 tex:4514 mv:3659 misc:1307 icu:0.00 pcu:597.50 scu:698.50 tlayer:4 pbqpoffset:5.40 pbfactor:1.87 avgQpOffsetCutree:0.00;
in:219 out:217 type:B q:21.99 q-aq:18.91 q-noVbv:21.99 q-Rceq:1.00 tex:12610 mv:8634 misc:2884 icu:1.00 pcu:749.00 scu:546.00 tlayer:2 pbqpoffset:3.64 pbfactor:1.52 avgQpOffsetCutree:-2.54;
in:217 out:218 type:B q:22.03 q-aq:20.03 q-noVbv:22.03 q-Rceq:1.00 tex:18192 mv:7774 misc:2178 icu:1.75 pcu:551.75 scu:742.50 tlayer:3 pbqpoffset:3.64 pbfactor:1.52 avgQpOffsetCutree:-1.80;
in:216 out:219 type:b q:25.04 q-aq:25.00 q-noVbv:25.04 q-Rceq:1.00 tex:3440 mv:2632 misc:920 icu:0.00 pcu:410.25 scu:885.75 tlayer:4 pbqpoffset:6.64 pbfactor:2.15 avgQpOffsetCutree:0.00;
in:218 out:220 type:b q:23.89 q-aq:24.00 q-noVbv:23.89 q-Rceq:1.00 tex:2318 mv:2809 misc:1009 icu:0.00 pcu:429.00 scu:867.00 tlayer:4 pbqpoffset:5.53 pbfactor:1.89 avgQpOffsetCutree:0.00;
in:221 out:221 type:B q:21.96 q-aq:22.00 q-noVbv:21.96 q-Rceq:1.00 tex:76 mv:715 misc:377 icu:0.00 pcu:86.00 scu:1210.00 tlayer:3 pbqpoffset:3.64 pbfactor:1.52 avgQpOffsetCutree:-0.89;
in:220 out:222 type:b q:24.80 q-aq:25.00 q-noVbv:24.80 q-Rceq:1.00 tex:139 mv:1801 misc:620 icu:0.00 pcu:613.00 scu:683.00 tlayer:4 pbqpoffset:6.47 pbfactor:2.11 avgQpOffsetCutree:0.00;
in:238 out:223 type:k q:18.42 q-aq:11.67 q-noVbv:18.42 q-Rceq:1.00 tex:562471 mv:10598 misc:1723 icu:840.50 pcu:455.50 scu:0.00 tlayer:0 pbqpoffset:0.66 pbfactor:1.08 avgQpOffsetCutree:-8.02;
in:230 out:224 type:B q:20.71 q-aq:14.43 q-noVbv:20.71 q-Rceq:1.00 tex:215473 mv:15678 misc:3553 icu:17.00 pcu:1237.75 scu:41.25 tlayer:1 pbqpoffset:2.36 pbfactor:1.31 avgQpOffsetCutree:-6.09;
in:226 out:225 type:B q:20.78 q-aq:16.30 q-noVbv:20.78 q-Rceq:1.00 tex:204436 mv:18541 misc:4191 icu:38.00 pcu:1156.50 scu:101.50 tlayer:2 pbqpoffset:2.46 pbfactor:1.33 avgQpOffsetCutree:-4.06;
in:224 out:226 type:B q:21.41 q-aq:20.65 q-noVbv:21.41 q-Rceq:1.00 tex:89368 mv:10404 misc:3356 icu:17.75 pcu:1216.75 scu:61.50 tlayer:3 pbqpoffset:3.10 pbfactor:1.43 avgQpOffsetCutree:-1.11;
in:223 out:227 type:b q:24.95 q-aq:25.00 q-noVbv:24.95 q-Rceq:1.00 tex:89 mv:1034 misc:709 icu:0.00 pcu:226.00 scu:1070.00 tlayer:4 pbqpoffset:6.64 pbfactor:2.15 avgQpOffsetCutree:0.00;
in:225 out:228 type:b q:23.40 q-aq:23.27 q-noVbv:23.40 q-Rceq:1.00 tex:2411 mv:3466 misc:1419 icu:0.00 pcu:531.50 scu:764.50 tlayer:4 pbqpoffset:5.08 pbfactor:1.80 avgQpOffsetCutree:0.00;
in:228 out:229 type:B q:21.98 q-aq:19.40 q-noVbv:21.98 q-Rceq:1.00 tex:29996 mv:10602 misc:3922 icu:1.00 pcu:871.25 scu:423.75 tlayer:3 pbqpoffset:3.64 pbfactor:1.52 avgQpOffsetCutree:-2.17;
in:227 out:230 type:b q:24.98 q-aq:25.00 q-noVbv:24.98 q-Rceq:1.00 tex:3267 mv:3463 misc:1286 icu:0.00 pcu:552.25 scu:743.75 tlayer:4 pbqpoffset:6.64 pbfactor:2.15 avgQpOffsetCutree:0.00;
in:229 out:231 type:b q:24.84 q-aq:25.00 q-noVbv:24.84 q-Rceq:1.00 tex:4063 mv:4190 misc:1507 icu:0.00 pcu:621.50 scu:674.50 tlayer:4 pbqpoffset:6.49 pbfactor:2.12 avgQpOffsetCutree:0.00;
in:234 out:232 type:B q:22.03 q-aq:17.51 q-noVbv:22.03 q-Rceq:1.00 tex:20311 mv:10703 misc:3426 icu:4.75 pcu:608.50 scu:682.75 tlayer:2 pbqpoffset:3.64 pbfactor:1.52 avgQpOffsetCutree:-3.44;
in:232 out:233 type:B q:22.01 q-aq:20.86 q-noVbv:22.01 q-Rceq:1.00 tex:8519 mv:6065 misc:1656 icu:0.75 pcu:613.25 scu:682.00 tlayer:3 pbqpoffset:3.64 pbfactor:1.52 avgQpOffsetCutree:-1.03;
in:231 out:234 type:b q:25.01 q-aq:25.00 q-noVbv:25.01 q-Rceq:1.00 tex:3118 mv:2994 misc:1040 icu:0.25 pcu:423.00 scu:872.75 tlayer:4 pbqpoffset:6.64 pbfactor:2.15 avgQpOffsetCutree:0.00;
in:233 out:235 type:b q:25.02 q-aq:25.00 q-noVbv:25.02 q-Rceq:1.00 tex:1643 mv:2250 misc:787 icu:0.00 pcu:450.00 scu:846.00 tlayer:4 pbqpoffset:6.64 pbfactor:2.15 avgQpOffsetCutree:0.00;
in:236 out:236 type:B q:22.04 q-aq:19.72 q-noVbv:22.04 q-Rceq:1.00 tex:2636 mv:4353 misc:1483 icu:0.50 pcu:561.00 scu:734.50 tlayer:3 pbqpoffset:3.64 pbfactor:1.52 avgQpOffsetCutree:-2.15;
in:235 out:237 type:b q:25.04 q-aq:25.00 q-noVbv:25.04 q-Rceq:1.00 tex:719 mv:1579 misc:726 icu:0.25 pcu:383.50 scu:912.25 tlayer:4 pbqpoffset:6.64 pbfactor:2.15 avgQpOffsetCutree:0.00;
in:237 out:238 type:b q:25.03 q-aq:25.00 q-noVbv:25.03 q-Rceq:1.00 tex:167 mv:1052 misc:469 icu:0.00 pcu:417.25 scu:878.75 tlayer:4 pbqpoffset:6.62 pbfactor:2.15 avgQpOffsetCutree:0.00;
in:249 out:239 type:k q:20.04 q-aq:15.54 q-noVbv:20.04 q-Rceq:1.00 tex:384144 mv:10743 misc:2137 icu:493.50 pcu:802.50 scu:0.00 tlayer:0 pbqpoffset:0.79 pbfactor:1.10 avgQpOffsetCutree:-5.60;
in:244 out:240 type:B q:21.19 q-aq:15.89 q-noVbv:21.19 q-Rceq:1.00 tex:179094 mv:16556 misc:4478 icu:109.00 pcu:1073.75 scu:113.25 tlayer:1 pbqpoffset:1.89 pbfactor:1.24 avgQpOffsetCutree:-5.22;
in:241 out:241 type:B q:21.12 q-aq:17.93 q-noVbv:21.12 q-Rceq:1.00 tex:142796 mv:14271 misc:4637 icu:35.00 pcu:1126.50 scu:134.50 tlayer:2 pbqpoffset:2.27 pbfactor:1.30 avgQpOffsetCutree:-2.89;
in:240 out:242 type:B q:22.43 q-aq:23.20 q-noVbv:22.43 q-Rceq:1.00 tex:4009 mv:1929 misc:1174 icu:4.00 pcu:328.50 scu:963.50 tlayer:3 pbqpoffset:3.72 pbfactor:1.54 avgQpOffsetCutree:-0.06;
in:239 out:243 type:b q:25.28 q-aq:25.00 q-noVbv:25.28 q-Rceq:1.00 tex:556 mv:1313 misc:995 icu:0.00 pcu:254.75 scu:1041.25 tlayer:4 pbqpoffset:6.72 pbfactor:2.17 avgQpOffsetCutree:0.00;
in:243 out:244 type:B q:22.87 q-aq:22.29 q-noVbv:22.87 q-Rceq:1.00 tex:7683 mv:5533 misc:1704 icu:22.50 pcu:638.50 scu:635.00 tlayer:3 pbqpoffset:3.72 pbfactor:1.54 avgQpOffsetCutree:-1.09;
in:242 out:245 type:b q:24.88 q-aq:25.02 q-noVbv:24.88 q-Rceq:1.00 tex:5194 mv:3686 misc:1184 icu:0.25 pcu:613.75 scu:682.00 tlayer:4 pbqpoffset:5.87 pbfactor:1.97 avgQpOffsetCutree:0.00;
in:247 out:246 type:B q:23.46 q-aq:20.88 q-noVbv:23.46 q-Rceq:1.00 tex:6940 mv:6332 misc:2280 icu:8.00 pcu:664.50 scu:623.50 tlayer:2 pbqpoffset:3.72 pbfactor:1.54 avgQpOffsetCutree:-2.30;
in:246 out:247 type:B q:23.32 q-aq:23.04 q-noVbv:23.32 q-Rceq:1.00 tex:3716 mv:3181 misc:1111 icu:1.50 pcu:454.00 scu:840.50 tlayer:3 pbqpoffset:3.72 pbfactor:1.54 avgQpOffsetCutree:-0.92;
in:245 out:248 type:b q:26.17 q-aq:26.02 q-noVbv:26.17 q-Rceq:1.00 tex:2263 mv:2062 misc:875 icu:1.00 pcu:339.25 scu:955.75 tlayer:4 pbqpoffset:6.72 pbfactor:2.17 avgQpOffsetCutree:0.00;
in:248 out:249 type:b q:26.61 q-aq:27.00 q-noVbv:26.61 q-Rceq:1.00 tex:414 mv:1598 misc:676 icu:1.50 pcu:356.00 scu:938.50 tlayer:3 pbqpoffset:6.72 pbfactor:2.17 avgQpOffsetCutree:0.00;
