#options: cpuid=1050111 frame-threads=1 no-wpp no-pmode no-pme psnr no-ssim log-level=2 bitdepth=8 input-csp=1 fps=25000/1000 input-res=768x432 interlace=0 total-frames=250 level-idc=0 high-tier=1 uhd-bd=0 ref=4 no-allow-non-conformance no-repeat-headers annexb no-aud no-hrd info hash=0 no-temporal-layers open-gop min-keyint=1 keyint=5000 bframes=15 b-adapt=2 b-pyramid bframe-bias=0 rc-lookahead=40 lookahead-slices=0 scenecut=40 no-intra-refresh ctu=64 min-cu-size=8 rect amp max-tu-size=32 tu-inter-depth=3 tu-intra-depth=3 limit-tu=4 rdoq-level=2 dynamic-rd=0.00 no-ssim-rd signhide no-tskip nr-intra=0 nr-inter=0 no-constrained-intra strong-intra-smoothing max-merge=4 limit-refs=1 limit-modes me=3 subme=4 merange=57 temporal-mvp weightp weightb no-analyze-src-pics deblock=0:0 sao no-sao-non-deblock rd=6 no-early-skip rskip no-fast-intra no-tskip-fast no-cu-lossless b-intra rdpenalty=0 psy-rd=0.00 psy-rdoq=0.00 no-rd-refine analysis-reuse-mode=0 no-lossless cbqpoffs=0 crqpoffs=0 rc=abr bitrate=2000 qcomp=0.60 qpstep=4 stats-write=1 stats-read=0 slow-firstpass ipratio=1.40 pbratio=1.30 aq-mode=1 aq-strength=0.00 cutree zone-count=0 no-strict-cbr qg-size=64 no-rc-grain qpmax=69 qpmin=0 no-const-vbv sar=0 overscan=0 videoformat=5 range=0 colorprim=2 transfer=2 colormatrix=2 chromaloc=0 display-window=0 max-cll=0,0 min-luma=0 max-luma=255 log2-max-poc-lsb=8 vui-timing-info vui-hrd-info slices=1 opt-qp-pps opt-ref-list-length-pps no-multi-pass-opt-rps scenecut-bias=0.05 no-opt-cu-delta-qp no-aq-motion no-hdr no-hdr-opt no-dhdr10-opt analysis-reuse-level=5 scale-factor=0 refine-intra=0 refine-inter=0 refine-mv=0 no-limit-sao ctu-info=0 max-tlayer=4
in:0 out:0 type:I q:19.72 q-aq:12.88 q-noVbv:19.72 q-Rceq:1.00 tex:313914 mv:43969 misc:2229 icu:1296.00 pcu:0.00 scu:0.00 tlayer:0 pbqpoffset:0.00 pbfactor:1.00 avgQpOffsetCutree:-5.95;
in:16 out:1 type:k q:18.63 q-aq:12.71 q-noVbv:18.63 q-Rceq:1.00 tex:335069 mv:45945 misc:2050 icu:1284.50 pcu:11.50 scu:0.00 tlayer:0 pbqpoffset:0.00 pbfactor:1.00 avgQpOffsetCutree:-6.42;
in:8 out:2 type:B q:20.42 q-aq:14.71 q-noVbv:20.42 q-Rceq:1.00 tex:287601 mv:42792 misc:2823 icu:780.25 pcu:480.25 scu:35.50 tlayer:1 pbqpoffset:1.78 pbfactor:1.23 avgQpOffsetCutree:-5.33;
in:4 out:3 type:B q:21.86 q-aq:18.19 q-noVbv:21.86 q-Rceq:1.00 tex:73281 mv:31230 misc:4417 icu:63.00 pcu:1015.50 scu:217.50 tlayer:2 pbqpoffset:3.23 pbfactor:1.45 avgQpOffsetCutree:-2.93;
in:2 out:4 type:B q:22.28 q-aq:21.11 q-noVbv:22.28 q-Rceq:1.00 tex:9029 mv:13741 misc:3198 icu:17.50 pcu:919.00 scu:359.50 tlayer:3 pbqpoffset:3.65 pbfactor:1.52 avgQpOffsetCutree:-1.44;
in:1 out:5 type:b q:25.28 q-aq:25.00 q-noVbv:25.28 q-Rceq:1.00 tex:703 mv:4443 misc:1006 icu:1.25 pcu:948.00 scu:346.75 tlayer:4 pbqpoffset:6.65 pbfactor:2.16 avgQpOffsetCutree:0.00;
in:3 out:6 type:b q:25.28 q-aq:25.00 q-noVbv:25.28 q-Rceq:1.00 tex:1779 mv:5859 misc:1346 icu:1.75 pcu:946.00 scu:348.25 tlayer:4 pbqpoffset:6.65 pbfactor:2.16 avgQpOffsetCutree:0.00;
in:6 out:7 type:B q:22.28 q-aq:20.19 q-noVbv:22.28 q-Rceq:1.00 tex:17365 mv:18927 misc:4132 icu:18.25 pcu:918.00 scu:359.75 tlayer:3 pbqpoffset:3.65 pbfactor:1.52 avgQpOffsetCutree:-1.97;
in:5 out:8 type:b q:25.28 q-aq:25.00 q-noVbv:25.28 q-Rceq:1.00 tex:2002 mv:5283 misc:1227 icu:2.25 pcu:909.25 scu:384.50 tlayer:4 pbqpoffset:6.65 pbfactor:2.16 avgQpOffsetCutree:0.00;
in:7 out:9 type:b q:25.28 q-aq:25.00 q-noVbv:25.28 q-Rceq:1.00 tex:1272 mv:5265 misc:927 icu:3.25 pcu:997.75 scu:295.00 tlayer:4 pbqpoffset:6.65 pbfactor:2.16 avgQpOffsetCutree:0.00;
in:12 out:10 type:B q:21.08 q-aq:16.27 q-noVbv:21.08 q-Rceq:1.00 tex:161232 mv:29607 misc:3897 icu:163.75 pcu:1020.75 scu:111.50 tlayer:2 pbqpoffset:2.44 pbfactor:1.33 avgQpOffsetCutree:-3.90;
in:10 out:11 type:B q:22.28 q-aq:20.30 q-noVbv:22.28 q-Rceq:1.00 tex:15511 mv:16982 misc:3523 icu:12.75 pcu:997.75 scu:285.50 tlayer:3 pbqpoffset:3.65 pbfactor:1.52 avgQpOffsetCutree:-1.88;
in:9 out:12 type:b q:25.28 q-aq:25.00 q-noVbv:25.28 q-Rceq:1.00 tex:2045 mv:5172 misc:1167 icu:2.50 pcu:919.50 scu:374.00 tlayer:4 pbqpoffset:6.65 pbfactor:2.16 avgQpOffsetCutree:0.00;
in:11 out:13 type:b q:25.28 q-aq:25.00 q-noVbv:25.28 q-Rceq:1.00 tex:1382 mv:4808 misc:1002 icu:2.50 pcu:929.00 scu:364.50 tlayer:4 pbqpoffset:6.65 pbfactor:2.16 avgQpOffsetCutree:0.00;
in:14 out:14 type:B q:21.70 q-aq:18.68 q-noVbv:21.70 q-Rceq:1.00 tex:90528 mv:16289 misc:4159 icu:69.25 pcu:1063.00 scu:163.75 tlayer:3 pbqpoffset:3.06 pbfactor:1.42 avgQpOffsetCutree:-2.44;
in:13 out:15 type:b q:25.28 q-aq:25.00 q-noVbv:25.28 q-Rceq:1.00 tex:1612 mv:4932 misc:1200 icu:2.75 pcu:960.25 scu:333.00 tlayer:4 pbqpoffset:6.65 pbfactor:2.16 avgQpOffsetCutree:0.00;
in:15 out:16 type:b q:25.28 q-aq:25.00 q-noVbv:25.28 q-Rceq:1.00 tex:2080 mv:4723 misc:1453 icu:3.50 pcu:948.25 scu:344.25 tlayer:4 pbqpoffset:6.65 pbfactor:2.16 avgQpOffsetCutree:0.00;
in:32 out:17 type:k q:19.13 q-aq:13.33 q-noVbv:19.13 q-Rceq:1.00 tex:342295 mv:44970 misc:2151 icu:1268.50 pcu:25.25 scu:2.25 tlayer:0 pbqpoffset:0.00 pbfactor:1.00 avgQpOffsetCutree:-6.59;
in:24 out:18 type:B q:20.55 q-aq:15.11 q-noVbv:20.55 q-Rceq:1.00 tex:269265 mv:41163 misc:2908 icu:606.00 pcu:662.25 scu:27.75 tlayer:1 pbqpoffset:1.66 pbfactor:1.21 avgQpOffsetCutree:-5.45;
in:20 out:19 type:B q:22.03 q-aq:18.38 q-noVbv:22.03 q-Rceq:1.00 tex:68193 mv:28984 misc:4351 icu:48.75 pcu:986.75 scu:260.50 tlayer:2 pbqpoffset:3.27 pbfactor:1.46 avgQpOffsetCutree:-3.01;
in:18 out:20 type:B q:22.22 q-aq:20.96 q-noVbv:22.22 q-Rceq:1.00 tex:10093 mv:14053 misc:3190 icu:4.75 pcu:966.00 scu:325.25 tlayer:3 pbqpoffset:3.53 pbfactor:1.50 avgQpOffsetCutree:-1.35;
in:17 out:21 type:b q:25.19 q-aq:25.00 q-noVbv:25.19 q-Rceq:1.00 tex:876 mv:4349 misc:895 icu:0.00 pcu:946.75 scu:349.25 tlayer:4 pbqpoffset:6.53 pbfactor:2.13 avgQpOffsetCutree:0.00;
in:19 out:22 type:b q:25.26 q-aq:25.00 q-noVbv:25.26 q-Rceq:1.00 tex:1959 mv:5451 misc:1182 icu:0.50 pcu:937.00 scu:358.50 tlayer:4 pbqpoffset:6.53 pbfactor:2.13 avgQpOffsetCutree:0.00;
in:22 out:23 type:B q:22.35 q-aq:20.24 q-noVbv:22.35 q-Rceq:1.00 tex:13201 mv:15523 misc:3508 icu:13.50 pcu:926.50 scu:356.00 tlayer:3 pbqpoffset:3.53 pbfactor:1.50 avgQpOffsetCutree:-1.86;
in:21 out:24 type:b q:25.32 q-aq:25.00 q-noVbv:25.32 q-Rceq:1.00 tex:1939 mv:5119 misc:1174 icu:2.25 pcu:941.75 scu:352.00 tlayer:4 pbqpoffset:6.53 pbfactor:2.13 avgQpOffsetCutree:0.00;
in:23 out:25 type:b q:25.38 q-aq:25.00 q-noVbv:25.38 q-Rceq:1.00 tex:1814 mv:4639 misc:947 icu:1.75 pcu:901.00 scu:393.25 tlayer:4 pbqpoffset:6.53 pbfactor:2.13 avgQpOffsetCutree:0.00;
in:28 out:26 type:B q:21.45 q-aq:16.87 q-noVbv:21.45 q-Rceq:1.00 tex:146533 mv:26652 misc:3871 icu:124.75 pcu:1063.75 scu:107.50 tlayer:2 pbqpoffset:2.44 pbfactor:1.33 avgQpOffsetCutree:-4.07;
in:26 out:27 type:B q:22.47 q-aq:20.98 q-noVbv:22.47 q-Rceq:1.00 tex:11571 mv:15858 misc:3499 icu:11.50 pcu:949.25 scu:335.25 tlayer:3 pbqpoffset:3.53 pbfactor:1.50 avgQpOffsetCutree:-1.52;
in:25 out:28 type:b q:25.44 q-aq:25.02 q-noVbv:25.44 q-Rceq:1.00 tex:2086 mv:5188 misc:1086 icu:0.00 pcu:938.75 scu:357.25 tlayer:4 pbqpoffset:6.53 pbfactor:2.13 avgQpOffsetCutree:0.00;
in:27 out:29 type:b q:25.50 q-aq:25.44 q-noVbv:25.50 q-Rceq:1.00 tex:1155 mv:4252 misc:961 icu:3.00 pcu:912.75 scu:380.25 tlayer:4 pbqpoffset:6.53 pbfactor:2.13 avgQpOffsetCutree:0.00;
in:30 out:30 type:B q:22.60 q-aq:20.19 q-noVbv:22.60 q-Rceq:1.00 tex:23089 mv:13517 misc:3674 icu:28.75 pcu:999.25 scu:268.00 tlayer:3 pbqpoffset:3.53 pbfactor:1.50 avgQpOffsetCutree:-2.09;
in:29 out:31 type:b q:25.57 q-aq:26.00 q-noVbv:25.57 q-Rceq:1.00 tex:1250 mv:4317 misc:977 icu:0.75 pcu:893.00 scu:402.25 tlayer:4 pbqpoffset:6.53 pbfactor:2.13 avgQpOffsetCutree:0.00;
in:31 out:32 type:b q:25.63 q-aq:26.00 q-noVbv:25.63 q-Rceq:1.00 tex:2446 mv:4999 misc:1443 icu:3.75 pcu:980.25 scu:312.00 tlayer:4 pbqpoffset:6.53 pbfactor:2.13 avgQpOffsetCutree:0.00;
in:48 out:33 type:k q:19.14 q-aq:13.25 q-noVbv:19.14 q-Rceq:1.00 tex:363720 mv:47875 misc:2133 icu:1233.00 pcu:62.75 scu:0.25 tlayer:0 pbqpoffset:0.00 pbfactor:1.00 avgQpOffsetCutree:-6.68;
in:40 out:34 type:B q:20.86 q-aq:15.27 q-noVbv:20.86 q-Rceq:1.00 tex:247498 mv:42043 misc:3067 icu:409.00 pcu:800.00 scu:87.00 tlayer:1 pbqpoffset:1.73 pbfactor:1.22 avgQpOffsetCutree:-5.44;
in:36 out:35 type:B q:22.67 q-aq:18.50 q-noVbv:22.67 q-Rceq:1.00 tex:48502 mv:27349 misc:4621 icu:27.00 pcu:980.75 scu:288.25 tlayer:2 pbqpoffset:3.54 pbfactor:1.50 avgQpOffsetCutree:-3.29;
in:34 out:36 type:B q:22.67 q-aq:21.10 q-noVbv:22.67 q-Rceq:1.00 tex:11090 mv:12797 misc:2769 icu:10.00 pcu:987.25 scu:298.75 tlayer:3 pbqpoffset:3.54 pbfactor:1.50 avgQpOffsetCutree:-1.58;
in:33 out:37 type:b q:25.67 q-aq:26.00 q-noVbv:25.67 q-Rceq:1.00 tex:1270 mv:4471 misc:899 icu:1.25 pcu:971.75 scu:323.00 tlayer:4 pbqpoffset:6.54 pbfactor:2.13 avgQpOffsetCutree:0.00;
in:35 out:38 type:b q:25.67 q-aq:26.00 q-noVbv:25.67 q-Rceq:1.00 tex:1439 mv:4201 misc:904 icu:5.50 pcu:806.25 scu:484.25 tlayer:4 pbqpoffset:6.54 pbfactor:2.13 avgQpOffsetCutree:0.00;
in:38 out:39 type:B q:22.67 q-aq:21.02 q-noVbv:22.67 q-Rceq:1.00 tex:8959 mv:13234 misc:2823 icu:13.50 pcu:947.75 scu:334.75 tlayer:3 pbqpoffset:3.54 pbfactor:1.50 avgQpOffsetCutree:-1.69;
in:37 out:40 type:b q:25.67 q-aq:26.00 q-noVbv:25.67 q-Rceq:1.00 tex:1625 mv:4293 misc:1010 icu:4.25 pcu:846.00 scu:445.75 tlayer:4 pbqpoffset:6.54 pbfactor:2.13 avgQpOffsetCutree:0.00;
in:39 out:41 type:b q:25.67 q-aq:26.00 q-noVbv:25.67 q-Rceq:1.00 tex:899 mv:4021 misc:976 icu:0.50 pcu:777.25 scu:518.25 tlayer:4 pbqpoffset:6.54 pbfactor:2.13 avgQpOffsetCutree:0.00;
in:44 out:42 type:B q:21.96 q-aq:17.18 q-noVbv:21.96 q-Rceq:1.00 tex:105856 mv:27422 misc:4554 icu:92.00 pcu:1034.00 scu:170.00 tlayer:2 pbqpoffset:2.82 pbfactor:1.39 avgQpOffsetCutree:-3.96;
in:42 out:43 type:B q:22.67 q-aq:20.79 q-noVbv:22.67 q-Rceq:1.00 tex:9320 mv:13015 misc:2833 icu:7.00 pcu:939.50 scu:349.50 tlayer:3 pbqpoffset:3.54 pbfactor:1.50 avgQpOffsetCutree:-1.75;
in:41 out:44 type:b q:25.67 q-aq:26.00 q-noVbv:25.67 q-Rceq:1.00 tex:904 mv:4417 misc:991 icu:1.00 pcu:839.25 scu:455.75 tlayer:4 pbqpoffset:6.54 pbfactor:2.13 avgQpOffsetCutree:0.00;
in:43 out:45 type:b q:25.67 q-aq:26.00 q-noVbv:25.67 q-Rceq:1.00 tex:982 mv:4140 misc:998 icu:0.25 pcu:778.25 scu:517.50 tlayer:4 pbqpoffset:6.54 pbfactor:2.13 avgQpOffsetCutree:0.00;
in:46 out:46 type:B q:22.67 q-aq:20.18 q-noVbv:22.67 q-Rceq:1.00 tex:27982 mv:14023 misc:3923 icu:23.25 pcu:949.00 scu:323.75 tlayer:3 pbqpoffset:3.54 pbfactor:1.50 avgQpOffsetCutree:-2.13;
in:45 out:47 type:b q:25.67 q-aq:26.00 q-noVbv:25.67 q-Rceq:1.00 tex:1243 mv:3979 misc:914 icu:0.25 pcu:860.00 scu:435.75 tlayer:4 pbqpoffset:6.54 pbfactor:2.13 avgQpOffsetCutree:0.00;
in:47 out:48 type:b q:25.34 q-aq:25.00 q-noVbv:25.34 q-Rceq:1.00 tex:3806 mv:6018 misc:1864 icu:4.50 pcu:939.00 scu:352.50 tlayer:4 pbqpoffset:6.20 pbfactor:2.05 avgQpOffsetCutree:0.00;
in:64 out:49 type:k q:16.28 q-aq:10.21 q-noVbv:16.28 q-Rceq:1.00 tex:540074 mv:57375 misc:2071 icu:1221.00 pcu:74.00 scu:1.00 tlayer:0 pbqpoffset:0.65 pbfactor:1.08 avgQpOffsetCutree:-6.84;
in:56 out:50 type:B q:19.58 q-aq:13.94 q-noVbv:19.58 q-Rceq:1.00 tex:283037 mv:48384 misc:2899 icu:426.50 pcu:857.75 scu:11.75 tlayer:1 pbqpoffset:1.87 pbfactor:1.24 avgQpOffsetCutree:-5.40;
in:52 out:51 type:B q:21.97 q-aq:17.51 q-noVbv:21.97 q-Rceq:1.00 tex:48671 mv:29177 misc:4392 icu:21.50 pcu:975.00 scu:299.50 tlayer:2 pbqpoffset:3.55 pbfactor:1.51 avgQpOffsetCutree:-3.47;
in:50 out:52 type:B q:22.33 q-aq:20.71 q-noVbv:22.33 q-Rceq:1.00 tex:9318 mv:12526 misc:2556 icu:2.25 pcu:1023.50 scu:270.25 tlayer:3 pbqpoffset:3.55 pbfactor:1.51 avgQpOffsetCutree:-1.59;
in:49 out:53 type:b q:25.51 q-aq:25.56 q-noVbv:25.51 q-Rceq:1.00 tex:914 mv:4503 misc:911 icu:0.25 pcu:893.50 scu:402.25 tlayer:4 pbqpoffset:6.55 pbfactor:2.13 avgQpOffsetCutree:0.00;
in:51 out:54 type:b q:25.15 q-aq:25.00 q-noVbv:25.15 q-Rceq:1.00 tex:1262 mv:4517 misc:981 icu:0.00 pcu:840.00 scu:456.00 tlayer:4 pbqpoffset:6.55 pbfactor:2.13 avgQpOffsetCutree:0.00;
in:54 out:55 type:B q:21.61 q-aq:19.86 q-noVbv:21.61 q-Rceq:1.00 tex:13077 mv:14708 misc:2991 icu:3.75 pcu:969.75 scu:322.50 tlayer:3 pbqpoffset:3.55 pbfactor:1.51 avgQpOffsetCutree:-1.69;
in:53 out:56 type:b q:24.79 q-aq:25.00 q-noVbv:24.79 q-Rceq:1.00 tex:1399 mv:4718 misc:979 icu:0.25 pcu:888.50 scu:407.25 tlayer:4 pbqpoffset:6.55 pbfactor:2.13 avgQpOffsetCutree:0.00;
in:55 out:57 type:b q:24.43 q-aq:24.02 q-noVbv:24.43 q-Rceq:1.00 tex:2194 mv:5264 misc:1094 icu:1.25 pcu:913.00 scu:381.75 tlayer:4 pbqpoffset:6.55 pbfactor:2.13 avgQpOffsetCutree:0.00;
in:60 out:58 type:B q:19.95 q-aq:15.16 q-noVbv:19.95 q-Rceq:1.00 tex:155580 mv:32683 misc:4065 icu:100.75 pcu:1079.75 scu:115.50 tlayer:2 pbqpoffset:2.95 pbfactor:1.41 avgQpOffsetCutree:-3.95;
in:58 out:59 type:B q:20.90 q-aq:19.05 q-noVbv:20.90 q-Rceq:1.00 tex:16687 mv:16524 misc:3229 icu:5.25 pcu:989.00 scu:301.75 tlayer:3 pbqpoffset:3.55 pbfactor:1.51 avgQpOffsetCutree:-1.72;
in:57 out:60 type:b q:24.08 q-aq:24.00 q-noVbv:24.08 q-Rceq:1.00 tex:2000 mv:5445 misc:995 icu:0.25 pcu:940.00 scu:355.75 tlayer:4 pbqpoffset:6.55 pbfactor:2.13 avgQpOffsetCutree:0.00;
in:59 out:61 type:b q:23.72 q-aq:24.00 q-noVbv:23.72 q-Rceq:1.00 tex:1815 mv:5118 misc:1171 icu:0.50 pcu:882.00 scu:413.50 tlayer:4 pbqpoffset:6.55 pbfactor:2.13 avgQpOffsetCutree:0.00;
in:62 out:62 type:B q:20.18 q-aq:17.77 q-noVbv:20.18 q-Rceq:1.00 tex:38126 mv:15491 misc:4335 icu:20.00 pcu:955.00 scu:321.00 tlayer:3 pbqpoffset:3.55 pbfactor:1.51 avgQpOffsetCutree:-2.12;
in:61 out:63 type:b q:23.36 q-aq:23.00 q-noVbv:23.36 q-Rceq:1.00 tex:2460 mv:6164 misc:1280 icu:0.75 pcu:934.00 scu:361.25 tlayer:4 pbqpoffset:6.55 pbfactor:2.13 avgQpOffsetCutree:0.00;
in:63 out:64 type:b q:23.00 q-aq:23.00 q-noVbv:23.00 q-Rceq:1.00 tex:2690 mv:5246 misc:1752 icu:1.75 pcu:819.75 scu:474.50 tlayer:4 pbqpoffset:6.55 pbfactor:2.13 avgQpOffsetCutree:0.00;
in:80 out:65 type:k q:16.32 q-aq:10.23 q-noVbv:16.32 q-Rceq:1.00 tex:506909 mv:57106 misc:1873 icu:1227.25 pcu:64.75 scu:4.00 tlayer:0 pbqpoffset:0.53 pbfactor:1.06 avgQpOffsetCutree:-6.94;
in:72 out:66 type:B q:18.22 q-aq:12.63 q-noVbv:18.22 q-Rceq:1.00 tex:362905 mv:48447 misc:2480 icu:371.25 pcu:835.50 scu:89.25 tlayer:1 pbqpoffset:1.93 pbfactor:1.25 avgQpOffsetCutree:-5.67;
in:68 out:67 type:B q:19.85 q-aq:15.56 q-noVbv:19.85 q-Rceq:1.00 tex:66176 mv:31883 misc:4677 icu:29.25 pcu:957.75 scu:309.00 tlayer:2 pbqpoffset:3.57 pbfactor:1.51 avgQpOffsetCutree:-3.46;
in:66 out:68 type:B q:19.85 q-aq:17.95 q-noVbv:19.85 q-Rceq:1.00 tex:13936 mv:16399 misc:2905 icu:5.50 pcu:1005.25 scu:285.25 tlayer:3 pbqpoffset:3.57 pbfactor:1.51 avgQpOffsetCutree:-1.74;
in:65 out:69 type:b q:22.84 q-aq:23.00 q-noVbv:22.84 q-Rceq:1.00 tex:2097 mv:5748 misc:1115 icu:0.00 pcu:956.50 scu:339.50 tlayer:4 pbqpoffset:6.57 pbfactor:2.14 avgQpOffsetCutree:0.00;
in:67 out:70 type:b q:22.85 q-aq:23.00 q-noVbv:22.85 q-Rceq:1.00 tex:2330 mv:5310 misc:1104 icu:0.00 pcu:963.50 scu:332.50 tlayer:4 pbqpoffset:6.57 pbfactor:2.14 avgQpOffsetCutree:0.00;
in:70 out:71 type:B q:19.86 q-aq:17.93 q-noVbv:19.86 q-Rceq:1.00 tex:18595 mv:17037 misc:3256 icu:7.50 pcu:964.75 scu:323.75 tlayer:3 pbqpoffset:3.57 pbfactor:1.51 avgQpOffsetCutree:-1.73;
in:69 out:72 type:b q:22.86 q-aq:23.00 q-noVbv:22.86 q-Rceq:1.00 tex:3432 mv:5710 misc:1226 icu:0.00 pcu:960.25 scu:335.75 tlayer:4 pbqpoffset:6.57 pbfactor:2.14 avgQpOffsetCutree:0.00;
in:71 out:73 type:b q:22.86 q-aq:23.00 q-noVbv:22.86 q-Rceq:1.00 tex:3133 mv:5271 misc:1220 icu:0.25 pcu:931.50 scu:364.25 tlayer:4 pbqpoffset:6.57 pbfactor:2.14 avgQpOffsetCutree:0.00;
in:76 out:74 type:B q:19.45 q-aq:14.67 q-noVbv:19.45 q-Rceq:1.00 tex:140916 mv:29458 misc:4226 icu:83.25 pcu:1059.50 scu:153.25 tlayer:2 pbqpoffset:3.14 pbfactor:1.44 avgQpOffsetCutree:-4.15;
in:74 out:75 type:B q:19.87 q-aq:17.86 q-noVbv:19.87 q-Rceq:1.00 tex:12266 mv:16091 misc:2691 icu:6.00 pcu:1005.50 scu:284.50 tlayer:3 pbqpoffset:3.57 pbfactor:1.51 avgQpOffsetCutree:-1.82;
in:73 out:76 type:b q:22.87 q-aq:23.00 q-noVbv:22.87 q-Rceq:1.00 tex:3641 mv:5609 misc:1126 icu:0.75 pcu:995.25 scu:300.00 tlayer:4 pbqpoffset:6.57 pbfactor:2.14 avgQpOffsetCutree:0.00;
in:75 out:77 type:b q:22.87 q-aq:23.00 q-noVbv:22.87 q-Rceq:1.00 tex:1704 mv:5047 misc:905 icu:1.25 pcu:974.00 scu:320.75 tlayer:4 pbqpoffset:6.57 pbfactor:2.14 avgQpOffsetCutree:0.00;
in:78 out:78 type:B q:19.88 q-aq:17.24 q-noVbv:19.88 q-Rceq:1.00 tex:29809 mv:11165 misc:4074 icu:12.25 pcu:834.25 scu:449.50 tlayer:3 pbqpoffset:3.57 pbfactor:1.51 avgQpOffsetCutree:-2.21;
in:77 out:79 type:b q:22.88 q-aq:23.00 q-noVbv:22.88 q-Rceq:1.00 tex:801 mv:4202 misc:949 icu:0.00 pcu:895.75 scu:400.25 tlayer:4 pbqpoffset:6.57 pbfactor:2.14 avgQpOffsetCutree:0.00;
in:79 out:80 type:b q:22.88 q-aq:23.00 q-noVbv:22.88 q-Rceq:1.00 tex:2017 mv:3338 misc:1693 icu:4.00 pcu:743.75 scu:548.25 tlayer:4 pbqpoffset:6.57 pbfactor:2.14 avgQpOffsetCutree:0.00;
in:96 out:81 type:k q:16.40 q-aq:10.20 q-noVbv:16.40 q-Rceq:1.00 tex:537460 mv:56486 misc:2038 icu:1248.50 pcu:47.25 scu:0.25 tlayer:0 pbqpoffset:0.54 pbfactor:1.06 avgQpOffsetCutree:-6.96;
in:88 out:82 type:B q:18.37 q-aq:12.70 q-noVbv:18.37 q-Rceq:1.00 tex:348940 mv:48885 misc:2319 icu:392.50 pcu:885.50 scu:18.00 tlayer:1 pbqpoffset:2.01 pbfactor:1.26 avgQpOffsetCutree:-5.63;
in:84 out:83 type:B q:19.90 q-aq:15.66 q-noVbv:19.90 q-Rceq:1.00 tex:76383 mv:31831 misc:4562 icu:20.00 pcu:988.00 scu:288.00 tlayer:2 pbqpoffset:3.56 pbfactor:1.51 avgQpOffsetCutree:-3.47;
in:82 out:84 type:B q:19.89 q-aq:18.10 q-noVbv:19.89 q-Rceq:1.00 tex:25561 mv:16863 misc:3112 icu:5.00 pcu:994.00 scu:297.00 tlayer:3 pbqpoffset:3.56 pbfactor:1.51 avgQpOffsetCutree:-1.67;
in:81 out:85 type:b q:22.88 q-aq:23.00 q-noVbv:22.88 q-Rceq:1.00 tex:3219 mv:5000 misc:1221 icu:2.00 pcu:964.75 scu:329.25 tlayer:4 pbqpoffset:6.56 pbfactor:2.13 avgQpOffsetCutree:0.00;
in:83 out:86 type:b q:22.89 q-aq:23.00 q-noVbv:22.89 q-Rceq:1.00 tex:2430 mv:5424 misc:1170 icu:0.25 pcu:916.25 scu:379.50 tlayer:4 pbqpoffset:6.56 pbfactor:2.13 avgQpOffsetCutree:0.00;
in:86 out:87 type:B q:19.91 q-aq:18.05 q-noVbv:19.91 q-Rceq:1.00 tex:19644 mv:17364 misc:3296 icu:4.00 pcu:1008.25 scu:283.75 tlayer:3 pbqpoffset:3.56 pbfactor:1.51 avgQpOffsetCutree:-1.70;
in:85 out:88 type:b q:22.90 q-aq:23.00 q-noVbv:22.90 q-Rceq:1.00 tex:2305 mv:5654 misc:1049 icu:0.25 pcu:1015.75 scu:280.00 tlayer:4 pbqpoffset:6.56 pbfactor:2.13 avgQpOffsetCutree:0.00;
in:87 out:89 type:b q:22.91 q-aq:23.00 q-noVbv:22.91 q-Rceq:1.00 tex:2203 mv:5468 misc:1137 icu:0.75 pcu:923.75 scu:371.50 tlayer:4 pbqpoffset:6.56 pbfactor:2.13 avgQpOffsetCutree:0.00;
in:92 out:90 type:B q:19.48 q-aq:14.76 q-noVbv:19.48 q-Rceq:1.00 tex:146603 mv:29525 misc:4080 icu:71.25 pcu:1083.50 scu:141.25 tlayer:2 pbqpoffset:3.10 pbfactor:1.43 avgQpOffsetCutree:-4.14;
in:90 out:91 type:B q:19.93 q-aq:17.90 q-noVbv:19.93 q-Rceq:1.00 tex:17359 mv:16398 misc:3115 icu:3.00 pcu:979.75 scu:313.25 tlayer:3 pbqpoffset:3.56 pbfactor:1.51 avgQpOffsetCutree:-1.80;
in:89 out:92 type:b q:22.92 q-aq:23.00 q-noVbv:22.92 q-Rceq:1.00 tex:3215 mv:6183 misc:1274 icu:0.50 pcu:954.75 scu:340.75 tlayer:4 pbqpoffset:6.56 pbfactor:2.13 avgQpOffsetCutree:0.00;
in:91 out:93 type:b q:22.93 q-aq:23.00 q-noVbv:22.93 q-Rceq:1.00 tex:1736 mv:4780 misc:1020 icu:0.00 pcu:965.75 scu:330.25 tlayer:4 pbqpoffset:6.56 pbfactor:2.13 avgQpOffsetCutree:0.00;
in:94 out:94 type:B q:19.95 q-aq:17.41 q-noVbv:19.95 q-Rceq:1.00 tex:28186 mv:11400 misc:3998 icu:10.50 pcu:902.75 scu:382.75 tlayer:3 pbqpoffset:3.56 pbfactor:1.51 avgQpOffsetCutree:-2.16;
in:93 out:95 type:b q:22.94 q-aq:23.00 q-noVbv:22.94 q-Rceq:1.00 tex:1226 mv:4400 misc:1038 icu:0.50 pcu:875.25 scu:420.25 tlayer:4 pbqpoffset:6.56 pbfactor:2.13 avgQpOffsetCutree:0.00;
in:95 out:96 type:b q:22.95 q-aq:23.00 q-noVbv:22.95 q-Rceq:1.00 tex:1555 mv:3944 misc:1797 icu:0.75 pcu:706.75 scu:588.50 tlayer:4 pbqpoffset:6.56 pbfactor:2.13 avgQpOffsetCutree:0.00;
in:112 out:97 type:k q:16.58 q-aq:10.41 q-noVbv:16.58 q-Rceq:1.00 tex:505461 mv:53764 misc:1895 icu:1232.25 pcu:63.50 scu:0.25 tlayer:0 pbqpoffset:0.79 pbfactor:1.10 avgQpOffsetCutree:-6.88;
in:104 out:98 type:B q:18.34 q-aq:12.51 q-noVbv:18.34 q-Rceq:1.00 tex:350846 mv:48608 misc:2266 icu:330.00 pcu:959.25 scu:6.75 tlayer:1 pbqpoffset:1.85 pbfactor:1.24 avgQpOffsetCutree:-5.75;
in:100 out:99 type:B q:19.97 q-aq:15.81 q-noVbv:19.97 q-Rceq:1.00 tex:66986 mv:30125 misc:4369 icu:11.00 pcu:1014.00 scu:271.00 tlayer:2 pbqpoffset:3.52 pbfactor:1.50 avgQpOffsetCutree:-3.41;
in:98 out:100 type:B q:19.94 q-aq:18.27 q-noVbv:19.94 q-Rceq:1.00 tex:15692 mv:15734 misc:2870 icu:4.25 pcu:985.25 scu:306.50 tlayer:3 pbqpoffset:3.52 pbfactor:1.50 avgQpOffsetCutree:-1.63;
in:97 out:101 type:b q:22.93 q-aq:23.00 q-noVbv:22.93 q-Rceq:1.00 tex:2393 mv:5329 misc:1206 icu:1.00 pcu:857.25 scu:437.75 tlayer:4 pbqpoffset:6.52 pbfactor:2.12 avgQpOffsetCutree:0.00;
in:99 out:102 type:b q:22.95 q-aq:23.00 q-noVbv:22.95 q-Rceq:1.00 tex:3069 mv:5472 misc:1187 icu:0.25 pcu:898.00 scu:397.75 tlayer:4 pbqpoffset:6.52 pbfactor:2.12 avgQpOffsetCutree:0.00;
in:102 out:103 type:B q:19.99 q-aq:18.24 q-noVbv:19.99 q-Rceq:1.00 tex:17345 mv:16220 misc:3051 icu:4.00 pcu:1009.00 scu:283.00 tlayer:3 pbqpoffset:3.52 pbfactor:1.50 avgQpOffsetCutree:-1.69;
in:101 out:104 type:b q:22.98 q-aq:23.00 q-noVbv:22.98 q-Rceq:1.00 tex:3070 mv:5655 misc:1219 icu:0.00 pcu:888.25 scu:407.75 tlayer:4 pbqpoffset:6.52 pbfactor:2.12 avgQpOffsetCutree:0.00;
in:103 out:105 type:b q:23.00 q-aq:23.00 q-noVbv:23.00 q-Rceq:1.00 tex:2671 mv:5616 misc:1193 icu:0.00 pcu:927.50 scu:368.50 tlayer:4 pbqpoffset:6.52 pbfactor:2.12 avgQpOffsetCutree:0.00;
in:108 out:106 type:B q:19.55 q-aq:14.97 q-noVbv:19.55 q-Rceq:1.00 tex:133926 mv:26411 misc:4191 icu:72.50 pcu:1074.50 scu:149.00 tlayer:2 pbqpoffset:3.01 pbfactor:1.42 avgQpOffsetCutree:-4.13;
in:106 out:107 type:B q:20.03 q-aq:18.11 q-noVbv:20.03 q-Rceq:1.00 tex:11893 mv:14133 misc:2734 icu:3.75 pcu:976.75 scu:315.50 tlayer:3 pbqpoffset:3.52 pbfactor:1.50 avgQpOffsetCutree:-1.77;
in:105 out:108 type:b q:23.02 q-aq:23.00 q-noVbv:23.02 q-Rceq:1.00 tex:2866 mv:5747 misc:1267 icu:0.00 pcu:966.00 scu:330.00 tlayer:4 pbqpoffset:6.52 pbfactor:2.12 avgQpOffsetCutree:0.00;
in:107 out:109 type:b q:23.05 q-aq:23.00 q-noVbv:23.05 q-Rceq:1.00 tex:1290 mv:4568 misc:1006 icu:0.25 pcu:942.00 scu:353.75 tlayer:4 pbqpoffset:6.52 pbfactor:2.12 avgQpOffsetCutree:0.00;
in:110 out:110 type:B q:20.08 q-aq:17.30 q-noVbv:20.08 q-Rceq:1.00 tex:28789 mv:10242 misc:4145 icu:12.50 pcu:817.00 scu:466.50 tlayer:3 pbqpoffset:3.52 pbfactor:1.50 avgQpOffsetCutree:-2.26;
in:109 out:111 type:b q:23.07 q-aq:23.00 q-noVbv:23.07 q-Rceq:1.00 tex:491 mv:4160 misc:949 icu:0.25 pcu:879.75 scu:416.00 tlayer:4 pbqpoffset:6.52 pbfactor:2.12 avgQpOffsetCutree:0.00;
in:111 out:112 type:b q:23.09 q-aq:23.00 q-noVbv:23.09 q-Rceq:1.00 tex:1231 mv:3260 misc:1669 icu:2.00 pcu:529.25 scu:764.75 tlayer:4 pbqpoffset:6.52 pbfactor:2.12 avgQpOffsetCutree:0.00;
in:128 out:113 type:k q:16.61 q-aq:10.29 q-noVbv:16.61 q-Rceq:1.00 tex:512019 mv:54073 misc:1924 icu:1213.25 pcu:81.25 scu:1.50 tlayer:0 pbqpoffset:0.51 pbfactor:1.06 avgQpOffsetCutree:-7.02;
in:120 out:114 type:B q:18.34 q-aq:12.62 q-noVbv:18.34 q-Rceq:1.00 tex:373431 mv:47540 misc:2253 icu:336.25 pcu:898.00 scu:61.75 tlayer:1 pbqpoffset:1.74 pbfactor:1.22 avgQpOffsetCutree:-5.76;
in:116 out:115 type:B q:19.96 q-aq:15.99 q-noVbv:19.96 q-Rceq:1.00 tex:88447 mv:30074 misc:4215 icu:14.75 pcu:1033.75 scu:247.50 tlayer:2 pbqpoffset:3.37 pbfactor:1.48 avgQpOffsetCutree:-3.43;
in:114 out:116 type:B q:20.06 q-aq:18.13 q-noVbv:20.06 q-Rceq:1.00 tex:27408 mv:17197 misc:3307 icu:1.50 pcu:976.75 scu:317.75 tlayer:3 pbqpoffset:3.47 pbfactor:1.49 avgQpOffsetCutree:-1.72;
in:113 out:117 type:b q:23.06 q-aq:23.00 q-noVbv:23.06 q-Rceq:1.00 tex:2156 mv:4728 misc:1324 icu:0.25 pcu:867.25 scu:428.50 tlayer:4 pbqpoffset:6.47 pbfactor:2.11 avgQpOffsetCutree:0.00;
in:115 out:118 type:b q:23.06 q-aq:23.00 q-noVbv:23.06 q-Rceq:1.00 tex:2284 mv:5260 misc:1272 icu:0.00 pcu:911.00 scu:385.00 tlayer:4 pbqpoffset:6.47 pbfactor:2.11 avgQpOffsetCutree:0.00;
in:118 out:119 type:B q:20.07 q-aq:18.25 q-noVbv:20.07 q-Rceq:1.00 tex:22276 mv:16321 misc:3219 icu:4.75 pcu:999.25 scu:292.00 tlayer:3 pbqpoffset:3.47 pbfactor:1.49 avgQpOffsetCutree:-1.73;
in:117 out:120 type:b q:23.07 q-aq:23.00 q-noVbv:23.07 q-Rceq:1.00 tex:3051 mv:5069 misc:1264 icu:1.25 pcu:976.00 scu:318.75 tlayer:4 pbqpoffset:6.47 pbfactor:2.11 avgQpOffsetCutree:0.00;
in:119 out:121 type:b q:23.07 q-aq:23.00 q-noVbv:23.07 q-Rceq:1.00 tex:2192 mv:5095 misc:1217 icu:1.00 pcu:927.25 scu:367.75 tlayer:4 pbqpoffset:6.47 pbfactor:2.11 avgQpOffsetCutree:0.00;
in:124 out:122 type:B q:19.62 q-aq:14.90 q-noVbv:19.62 q-Rceq:1.00 tex:124841 mv:23374 misc:4057 icu:44.50 pcu:1066.00 scu:185.50 tlayer:2 pbqpoffset:3.02 pbfactor:1.42 avgQpOffsetCutree:-4.10;
in:122 out:123 type:B q:20.08 q-aq:18.17 q-noVbv:20.08 q-Rceq:1.00 tex:7086 mv:11425 misc:2329 icu:2.25 pcu:911.25 scu:382.50 tlayer:3 pbqpoffset:3.47 pbfactor:1.49 avgQpOffsetCutree:-1.69;
in:121 out:124 type:b q:23.07 q-aq:23.00 q-noVbv:23.07 q-Rceq:1.00 tex:1174 mv:5076 misc:998 icu:1.25 pcu:934.50 scu:360.25 tlayer:4 pbqpoffset:6.47 pbfactor:2.11 avgQpOffsetCutree:0.00;
in:123 out:125 type:b q:23.08 q-aq:23.00 q-noVbv:23.08 q-Rceq:1.00 tex:773 mv:4156 misc:927 icu:0.25 pcu:886.75 scu:409.00 tlayer:4 pbqpoffset:6.47 pbfactor:2.11 avgQpOffsetCutree:0.00;
in:126 out:126 type:B q:20.08 q-aq:17.42 q-noVbv:20.08 q-Rceq:1.00 tex:25703 mv:8813 misc:3572 icu:5.25 pcu:805.75 scu:485.00 tlayer:3 pbqpoffset:3.47 pbfactor:1.49 avgQpOffsetCutree:-2.29;
in:125 out:127 type:b q:23.08 q-aq:23.00 q-noVbv:23.08 q-Rceq:1.00 tex:294 mv:3399 misc:899 icu:1.00 pcu:788.25 scu:506.75 tlayer:4 pbqpoffset:6.47 pbfactor:2.11 avgQpOffsetCutree:0.00;
in:127 out:128 type:b q:23.09 q-aq:23.00 q-noVbv:23.09 q-Rceq:1.00 tex:988 mv:3065 misc:1523 icu:2.00 pcu:514.50 scu:779.50 tlayer:4 pbqpoffset:6.47 pbfactor:2.11 avgQpOffsetCutree:0.00;
in:144 out:129 type:k q:16.73 q-aq:10.33 q-noVbv:16.73 q-Rceq:1.00 tex:535259 mv:54703 misc:1894 icu:1196.50 pcu:99.25 scu:0.25 tlayer:0 pbqpoffset:0.55 pbfactor:1.07 avgQpOffsetCutree:-7.05;
in:136 out:130 type:B q:18.38 q-aq:12.71 q-noVbv:18.38 q-Rceq:1.00 tex:358650 mv:43484 misc:2610 icu:305.00 pcu:928.50 scu:62.50 tlayer:1 pbqpoffset:1.70 pbfactor:1.22 avgQpOffsetCutree:-5.62;
in:132 out:131 type:B q:20.08 q-aq:16.13 q-noVbv:20.08 q-Rceq:1.00 tex:78309 mv:27996 misc:4103 icu:9.00 pcu:1038.75 scu:248.25 tlayer:2 pbqpoffset:3.44 pbfactor:1.49 avgQpOffsetCutree:-3.36;
in:130 out:132 type:B q:20.07 q-aq:18.20 q-noVbv:20.07 q-Rceq:1.00 tex:25754 mv:15842 misc:3284 icu:1.25 pcu:935.50 scu:359.25 tlayer:3 pbqpoffset:3.44 pbfactor:1.49 avgQpOffsetCutree:-1.75;
in:129 out:133 type:b q:23.06 q-aq:23.00 q-noVbv:23.06 q-Rceq:1.00 tex:2017 mv:4413 misc:1338 icu:0.00 pcu:838.50 scu:457.50 tlayer:4 pbqpoffset:6.44 pbfactor:2.10 avgQpOffsetCutree:0.00;
in:131 out:134 type:b q:23.07 q-aq:23.00 q-noVbv:23.07 q-Rceq:1.00 tex:1672 mv:4513 misc:1303 icu:0.00 pcu:839.00 scu:457.00 tlayer:4 pbqpoffset:6.44 pbfactor:2.10 avgQpOffsetCutree:0.00;
in:134 out:135 type:B q:20.10 q-aq:18.29 q-noVbv:20.10 q-Rceq:1.00 tex:18594 mv:13819 misc:2883 icu:2.50 pcu:936.25 scu:357.25 tlayer:3 pbqpoffset:3.44 pbfactor:1.49 avgQpOffsetCutree:-1.68;
in:133 out:136 type:b q:23.09 q-aq:23.00 q-noVbv:23.09 q-Rceq:1.00 tex:1889 mv:4499 misc:1260 icu:0.25 pcu:899.25 scu:396.50 tlayer:4 pbqpoffset:6.44 pbfactor:2.10 avgQpOffsetCutree:0.00;
in:135 out:137 type:b q:23.11 q-aq:23.00 q-noVbv:23.11 q-Rceq:1.00 tex:1602 mv:4554 misc:1108 icu:0.00 pcu:918.50 scu:377.50 tlayer:4 pbqpoffset:6.44 pbfactor:2.10 avgQpOffsetCutree:0.00;
in:140 out:138 type:B q:19.43 q-aq:14.69 q-noVbv:19.43 q-Rceq:1.00 tex:158829 mv:24119 misc:4124 icu:59.75 pcu:1032.75 scu:203.50 tlayer:2 pbqpoffset:2.72 pbfactor:1.37 avgQpOffsetCutree:-4.24;
in:138 out:139 type:B q:20.13 q-aq:18.14 q-noVbv:20.13 q-Rceq:1.00 tex:17430 mv:13171 misc:2807 icu:0.75 pcu:882.25 scu:413.00 tlayer:3 pbqpoffset:3.44 pbfactor:1.49 avgQpOffsetCutree:-1.83;
in:137 out:140 type:b q:23.12 q-aq:23.00 q-noVbv:23.12 q-Rceq:1.00 tex:3209 mv:5158 misc:1409 icu:0.00 pcu:839.75 scu:456.25 tlayer:4 pbqpoffset:6.44 pbfactor:2.10 avgQpOffsetCutree:0.00;
in:139 out:141 type:b q:23.14 q-aq:23.00 q-noVbv:23.14 q-Rceq:1.00 tex:1026 mv:3985 misc:885 icu:0.00 pcu:887.25 scu:408.75 tlayer:4 pbqpoffset:6.44 pbfactor:2.10 avgQpOffsetCutree:0.00;
in:142 out:142 type:B q:20.16 q-aq:17.48 q-noVbv:20.16 q-Rceq:1.00 tex:22676 mv:8664 misc:3708 icu:2.75 pcu:788.50 scu:504.75 tlayer:3 pbqpoffset:3.44 pbfactor:1.49 avgQpOffsetCutree:-2.27;
in:141 out:143 type:b q:23.15 q-aq:23.00 q-noVbv:23.15 q-Rceq:1.00 tex:546 mv:3431 misc:895 icu:0.00 pcu:791.00 scu:505.00 tlayer:4 pbqpoffset:6.44 pbfactor:2.10 avgQpOffsetCutree:0.00;
in:143 out:144 type:b q:23.17 q-aq:23.00 q-noVbv:23.17 q-Rceq:1.00 tex:845 mv:2909 misc:1550 icu:1.50 pcu:553.75 scu:740.75 tlayer:4 pbqpoffset:6.44 pbfactor:2.10 avgQpOffsetCutree:0.00;
in:160 out:145 type:k q:16.78 q-aq:10.14 q-noVbv:16.78 q-Rceq:1.00 tex:507175 mv:56210 misc:1815 icu:1222.75 pcu:72.50 scu:0.75 tlayer:0 pbqpoffset:0.53 pbfactor:1.06 avgQpOffsetCutree:-7.12;
in:152 out:146 type:B q:18.26 q-aq:12.24 q-noVbv:18.26 q-Rceq:1.00 tex:386139 mv:43145 misc:2524 icu:292.50 pcu:923.50 scu:80.00 tlayer:1 pbqpoffset:1.51 pbfactor:1.19 avgQpOffsetCutree:-5.87;
in:148 out:147 type:B q:19.83 q-aq:15.93 q-noVbv:19.83 q-Rceq:1.00 tex:92641 mv:27458 misc:4085 icu:12.50 pcu:1051.00 scu:232.50 tlayer:2 pbqpoffset:3.09 pbfactor:1.43 avgQpOffsetCutree:-3.40;
in:146 out:148 type:B q:20.11 q-aq:18.41 q-noVbv:20.11 q-Rceq:1.00 tex:25949 mv:14102 misc:2853 icu:1.00 pcu:918.00 scu:377.00 tlayer:3 pbqpoffset:3.37 pbfactor:1.48 avgQpOffsetCutree:-1.67;
in:145 out:149 type:b q:23.11 q-aq:23.00 q-noVbv:23.11 q-Rceq:1.00 tex:2263 mv:4639 misc:1338 icu:0.00 pcu:837.50 scu:458.50 tlayer:4 pbqpoffset:6.37 pbfactor:2.09 avgQpOffsetCutree:0.00;
in:147 out:150 type:b q:23.12 q-aq:23.00 q-noVbv:23.12 q-Rceq:1.00 tex:1725 mv:4911 misc:1140 icu:0.00 pcu:859.75 scu:436.25 tlayer:4 pbqpoffset:6.37 pbfactor:2.09 avgQpOffsetCutree:0.00;
in:150 out:151 type:B q:20.12 q-aq:18.73 q-noVbv:20.12 q-Rceq:1.00 tex:18214 mv:14901 misc:3277 icu:4.00 pcu:979.50 scu:312.50 tlayer:3 pbqpoffset:3.37 pbfactor:1.48 avgQpOffsetCutree:-1.37;
in:149 out:152 type:b q:23.12 q-aq:23.00 q-noVbv:23.12 q-Rceq:1.00 tex:2791 mv:4951 misc:1138 icu:1.25 pcu:868.25 scu:426.50 tlayer:4 pbqpoffset:6.37 pbfactor:2.09 avgQpOffsetCutree:0.00;
in:151 out:153 type:b q:23.13 q-aq:23.00 q-noVbv:23.13 q-Rceq:1.00 tex:2408 mv:4517 misc:1171 icu:0.50 pcu:785.00 scu:510.50 tlayer:4 pbqpoffset:6.37 pbfactor:2.09 avgQpOffsetCutree:0.00;
in:156 out:154 type:B q:19.61 q-aq:15.08 q-noVbv:19.61 q-Rceq:1.00 tex:111620 mv:19973 misc:3783 icu:31.50 pcu:1018.75 scu:245.75 tlayer:2 pbqpoffset:2.85 pbfactor:1.39 avgQpOffsetCutree:-4.12;
in:154 out:155 type:B q:20.13 q-aq:18.15 q-noVbv:20.13 q-Rceq:1.00 tex:5937 mv:9416 misc:2143 icu:0.75 pcu:874.75 scu:420.50 tlayer:3 pbqpoffset:3.37 pbfactor:1.48 avgQpOffsetCutree:-1.79;
in:153 out:156 type:b q:23.13 q-aq:23.00 q-noVbv:23.13 q-Rceq:1.00 tex:555 mv:4438 misc:919 icu:0.00 pcu:917.75 scu:378.25 tlayer:4 pbqpoffset:6.37 pbfactor:2.09 avgQpOffsetCutree:0.00;
in:155 out:157 type:b q:23.14 q-aq:23.00 q-noVbv:23.14 q-Rceq:1.00 tex:197 mv:3482 misc:809 icu:0.00 pcu:783.25 scu:512.75 tlayer:4 pbqpoffset:6.37 pbfactor:2.09 avgQpOffsetCutree:0.00;
in:158 out:158 type:B q:20.14 q-aq:17.36 q-noVbv:20.14 q-Rceq:1.00 tex:22614 mv:7916 misc:3774 icu:3.75 pcu:658.50 scu:633.75 tlayer:3 pbqpoffset:3.37 pbfactor:1.48 avgQpOffsetCutree:-2.38;
in:157 out:159 type:b q:23.14 q-aq:23.00 q-noVbv:23.14 q-Rceq:1.00 tex:61 mv:2857 misc:770 icu:0.00 pcu:775.25 scu:520.75 tlayer:4 pbqpoffset:6.37 pbfactor:2.09 avgQpOffsetCutree:0.00;
in:159 out:160 type:b q:23.15 q-aq:23.00 q-noVbv:23.15 q-Rceq:1.00 tex:860 mv:2450 misc:1434 icu:0.00 pcu:391.75 scu:904.25 tlayer:4 pbqpoffset:6.37 pbfactor:2.09 avgQpOffsetCutree:0.00;
in:176 out:161 type:k q:16.59 q-aq:10.13 q-noVbv:16.59 q-Rceq:1.00 tex:485637 mv:52873 misc:2058 icu:1214.75 pcu:79.50 scu:1.75 tlayer:0 pbqpoffset:0.57 pbfactor:1.07 avgQpOffsetCutree:-6.90;
in:168 out:162 type:B q:18.13 q-aq:12.00 q-noVbv:18.13 q-Rceq:1.00 tex:378830 mv:41939 misc:2399 icu:335.00 pcu:853.50 scu:107.50 tlayer:1 pbqpoffset:1.45 pbfactor:1.18 avgQpOffsetCutree:-5.92;
in:164 out:163 type:B q:19.69 q-aq:15.84 q-noVbv:19.69 q-Rceq:1.00 tex:85421 mv:26238 misc:3941 icu:11.25 pcu:964.00 scu:320.75 tlayer:2 pbqpoffset:2.96 pbfactor:1.41 avgQpOffsetCutree:-3.34;
in:162 out:164 type:B q:20.06 q-aq:18.42 q-noVbv:20.06 q-Rceq:1.00 tex:23741 mv:13613 misc:2950 icu:0.75 pcu:916.25 scu:379.00 tlayer:3 pbqpoffset:3.30 pbfactor:1.46 avgQpOffsetCutree:-1.61;
in:161 out:165 type:b q:23.07 q-aq:23.00 q-noVbv:23.07 q-Rceq:1.00 tex:2187 mv:4211 misc:1330 icu:0.00 pcu:768.00 scu:528.00 tlayer:4 pbqpoffset:6.30 pbfactor:2.07 avgQpOffsetCutree:0.00;
in:163 out:166 type:b q:23.05 q-aq:23.00 q-noVbv:23.05 q-Rceq:1.00 tex:2305 mv:4857 misc:1134 icu:0.00 pcu:855.75 scu:440.25 tlayer:4 pbqpoffset:6.30 pbfactor:2.07 avgQpOffsetCutree:0.00;
in:166 out:167 type:B q:20.01 q-aq:18.25 q-noVbv:20.01 q-Rceq:1.00 tex:21640 mv:15034 misc:2990 icu:2.25 pcu:987.00 scu:306.75 tlayer:3 pbqpoffset:3.30 pbfactor:1.46 avgQpOffsetCutree:-1.65;
in:165 out:168 type:b q:23.02 q-aq:23.00 q-noVbv:23.02 q-Rceq:1.00 tex:2704 mv:4879 misc:1225 icu:0.50 pcu:912.00 scu:383.50 tlayer:4 pbqpoffset:6.30 pbfactor:2.07 avgQpOffsetCutree:0.00;
in:167 out:169 type:b q:23.00 q-aq:23.00 q-noVbv:23.00 q-Rceq:1.00 tex:1525 mv:4405 misc:1182 icu:1.00 pcu:819.25 scu:475.75 tlayer:4 pbqpoffset:6.30 pbfactor:2.07 avgQpOffsetCutree:0.00;
in:172 out:170 type:B q:19.50 q-aq:14.70 q-noVbv:19.50 q-Rceq:1.00 tex:104892 mv:18946 misc:3938 icu:33.25 pcu:989.25 scu:273.50 tlayer:2 pbqpoffset:2.86 pbfactor:1.39 avgQpOffsetCutree:-4.25;
in:170 out:171 type:B q:19.97 q-aq:18.50 q-noVbv:19.97 q-Rceq:1.00 tex:3857 mv:9166 misc:1897 icu:0.50 pcu:860.50 scu:435.00 tlayer:3 pbqpoffset:3.30 pbfactor:1.46 avgQpOffsetCutree:-1.63;
in:169 out:172 type:b q:22.98 q-aq:23.00 q-noVbv:22.98 q-Rceq:1.00 tex:659 mv:3927 misc:910 icu:0.00 pcu:855.75 scu:440.25 tlayer:4 pbqpoffset:6.30 pbfactor:2.07 avgQpOffsetCutree:0.00;
in:171 out:173 type:b q:22.95 q-aq:23.00 q-noVbv:22.95 q-Rceq:1.00 tex:211 mv:2943 misc:822 icu:0.00 pcu:679.50 scu:616.50 tlayer:4 pbqpoffset:6.30 pbfactor:2.07 avgQpOffsetCutree:0.00;
in:174 out:174 type:B q:19.92 q-aq:17.33 q-noVbv:19.92 q-Rceq:1.00 tex:21454 mv:7509 misc:3325 icu:2.75 pcu:621.00 scu:672.25 tlayer:3 pbqpoffset:3.30 pbfactor:1.46 avgQpOffsetCutree:-2.29;
in:173 out:175 type:b q:22.93 q-aq:23.00 q-noVbv:22.93 q-Rceq:1.00 tex:113 mv:2623 misc:904 icu:0.00 pcu:548.50 scu:747.50 tlayer:4 pbqpoffset:6.30 pbfactor:2.07 avgQpOffsetCutree:0.00;
in:175 out:176 type:b q:22.91 q-aq:23.00 q-noVbv:22.91 q-Rceq:1.00 tex:434 mv:2000 misc:1294 icu:0.00 pcu:345.00 scu:951.00 tlayer:4 pbqpoffset:6.30 pbfactor:2.07 avgQpOffsetCutree:0.00;
in:192 out:177 type:k q:16.76 q-aq:9.99 q-noVbv:16.76 q-Rceq:1.00 tex:538149 mv:56298 misc:1977 icu:1165.75 pcu:128.75 scu:1.50 tlayer:0 pbqpoffset:0.56 pbfactor:1.07 avgQpOffsetCutree:-7.24;
in:184 out:178 type:B q:18.11 q-aq:12.40 q-noVbv:18.11 q-Rceq:1.00 tex:343917 mv:41394 misc:2489 icu:331.25 pcu:826.25 scu:138.50 tlayer:1 pbqpoffset:1.44 pbfactor:1.18 avgQpOffsetCutree:-5.53;
in:180 out:179 type:B q:19.67 q-aq:15.55 q-noVbv:19.67 q-Rceq:1.00 tex:77880 mv:25556 misc:4156 icu:8.75 pcu:967.75 scu:319.50 tlayer:2 pbqpoffset:3.03 pbfactor:1.42 avgQpOffsetCutree:-3.41;
in:178 out:180 type:B q:19.88 q-aq:18.26 q-noVbv:19.88 q-Rceq:1.00 tex:18137 mv:12919 misc:2872 icu:0.75 pcu:902.75 scu:392.50 tlayer:3 pbqpoffset:3.27 pbfactor:1.46 avgQpOffsetCutree:-1.61;
in:177 out:181 type:b q:22.87 q-aq:23.00 q-noVbv:22.87 q-Rceq:1.00 tex:936 mv:3528 misc:1096 icu:0.00 pcu:738.25 scu:557.75 tlayer:4 pbqpoffset:6.27 pbfactor:2.06 avgQpOffsetCutree:0.00;
in:179 out:182 type:b q:22.89 q-aq:23.00 q-noVbv:22.89 q-Rceq:1.00 tex:1441 mv:4669 misc:1106 icu:0.00 pcu:867.50 scu:428.50 tlayer:4 pbqpoffset:6.27 pbfactor:2.06 avgQpOffsetCutree:0.00;
in:182 out:183 type:B q:19.92 q-aq:18.13 q-noVbv:19.92 q-Rceq:1.00 tex:17411 mv:14000 misc:3101 icu:0.75 pcu:930.25 scu:365.00 tlayer:3 pbqpoffset:3.27 pbfactor:1.46 avgQpOffsetCutree:-1.75;
in:181 out:184 type:b q:22.91 q-aq:23.00 q-noVbv:22.91 q-Rceq:1.00 tex:1579 mv:4123 misc:1090 icu:0.00 pcu:870.00 scu:426.00 tlayer:4 pbqpoffset:6.27 pbfactor:2.06 avgQpOffsetCutree:0.00;
in:183 out:185 type:b q:22.93 q-aq:23.00 q-noVbv:22.93 q-Rceq:1.00 tex:1479 mv:4569 misc:1136 icu:0.00 pcu:891.25 scu:404.75 tlayer:4 pbqpoffset:6.27 pbfactor:2.06 avgQpOffsetCutree:0.00;
in:188 out:186 type:B q:18.92 q-aq:14.31 q-noVbv:18.92 q-Rceq:1.00 tex:161496 mv:24640 misc:3976 icu:56.25 pcu:1023.25 scu:216.50 tlayer:2 pbqpoffset:2.20 pbfactor:1.29 avgQpOffsetCutree:-3.98;
in:186 out:187 type:B q:19.97 q-aq:18.13 q-noVbv:19.97 q-Rceq:1.00 tex:18425 mv:13799 misc:3160 icu:0.50 pcu:942.50 scu:353.00 tlayer:3 pbqpoffset:3.27 pbfactor:1.46 avgQpOffsetCutree:-1.78;
in:185 out:188 type:b q:22.96 q-aq:23.00 q-noVbv:22.96 q-Rceq:1.00 tex:2505 mv:4574 misc:1097 icu:0.00 pcu:937.75 scu:358.25 tlayer:4 pbqpoffset:6.27 pbfactor:2.06 avgQpOffsetCutree:0.00;
in:187 out:189 type:b q:22.98 q-aq:23.00 q-noVbv:22.98 q-Rceq:1.00 tex:1792 mv:4460 misc:1012 icu:0.00 pcu:946.00 scu:350.00 tlayer:4 pbqpoffset:6.27 pbfactor:2.06 avgQpOffsetCutree:0.00;
in:190 out:190 type:B q:20.01 q-aq:17.25 q-noVbv:20.01 q-Rceq:1.00 tex:39444 mv:10949 misc:4007 icu:9.00 pcu:809.25 scu:477.75 tlayer:3 pbqpoffset:3.27 pbfactor:1.46 avgQpOffsetCutree:-2.26;
in:189 out:191 type:b q:23.00 q-aq:23.00 q-noVbv:23.00 q-Rceq:1.00 tex:1184 mv:3949 misc:1051 icu:0.00 pcu:807.00 scu:489.00 tlayer:4 pbqpoffset:6.27 pbfactor:2.06 avgQpOffsetCutree:0.00;
in:191 out:192 type:b q:21.83 q-aq:22.00 q-noVbv:21.83 q-Rceq:1.00 tex:1756 mv:3966 misc:1742 icu:0.50 pcu:626.25 scu:669.25 tlayer:4 pbqpoffset:5.08 pbfactor:1.80 avgQpOffsetCutree:0.00;
in:208 out:193 type:k q:16.77 q-aq:10.11 q-noVbv:16.77 q-Rceq:1.00 tex:554155 mv:55830 misc:1919 icu:1149.00 pcu:146.50 scu:0.50 tlayer:0 pbqpoffset:0.55 pbfactor:1.07 avgQpOffsetCutree:-7.10;
in:200 out:194 type:B q:18.19 q-aq:12.34 q-noVbv:18.19 q-Rceq:1.00 tex:336133 mv:38169 misc:2482 icu:222.00 pcu:926.50 scu:147.50 tlayer:1 pbqpoffset:1.42 pbfactor:1.18 avgQpOffsetCutree:-5.58;
in:196 out:195 type:B q:19.96 q-aq:16.05 q-noVbv:19.96 q-Rceq:1.00 tex:50857 mv:22139 misc:4036 icu:6.25 pcu:935.75 scu:354.00 tlayer:2 pbqpoffset:3.20 pbfactor:1.45 avgQpOffsetCutree:-3.43;
in:194 out:196 type:B q:19.98 q-aq:18.12 q-noVbv:19.98 q-Rceq:1.00 tex:11461 mv:11067 misc:2416 icu:1.25 pcu:891.50 scu:403.25 tlayer:3 pbqpoffset:3.22 pbfactor:1.45 avgQpOffsetCutree:-1.75;
in:193 out:197 type:b q:22.98 q-aq:23.00 q-noVbv:22.98 q-Rceq:1.00 tex:1674 mv:3777 misc:1021 icu:0.00 pcu:750.00 scu:546.00 tlayer:4 pbqpoffset:6.22 pbfactor:2.05 avgQpOffsetCutree:0.00;
in:195 out:198 type:b q:22.98 q-aq:23.00 q-noVbv:22.98 q-Rceq:1.00 tex:1039 mv:4455 misc:1026 icu:0.00 pcu:871.25 scu:424.75 tlayer:4 pbqpoffset:6.22 pbfactor:2.05 avgQpOffsetCutree:0.00;
in:198 out:199 type:B q:19.98 q-aq:18.17 q-noVbv:19.98 q-Rceq:1.00 tex:15637 mv:13254 misc:2893 icu:1.25 pcu:922.75 scu:372.00 tlayer:3 pbqpoffset:3.22 pbfactor:1.45 avgQpOffsetCutree:-1.72;
in:197 out:200 type:b q:22.98 q-aq:23.00 q-noVbv:22.98 q-Rceq:1.00 tex:2206 mv:4354 misc:1088 icu:0.00 pcu:899.75 scu:396.25 tlayer:4 pbqpoffset:6.22 pbfactor:2.05 avgQpOffsetCutree:0.00;
in:199 out:201 type:b q:22.98 q-aq:23.00 q-noVbv:22.98 q-Rceq:1.00 tex:1275 mv:4416 misc:1149 icu:0.00 pcu:866.00 scu:430.00 tlayer:4 pbqpoffset:6.22 pbfactor:2.05 avgQpOffsetCutree:0.00;
in:204 out:202 type:B q:18.80 q-aq:14.19 q-noVbv:18.80 q-Rceq:1.00 tex:161147 mv:23132 misc:3809 icu:46.75 pcu:1033.75 scu:215.50 tlayer:2 pbqpoffset:2.03 pbfactor:1.26 avgQpOffsetCutree:-4.04;
in:202 out:203 type:B q:19.98 q-aq:18.14 q-noVbv:19.98 q-Rceq:1.00 tex:17520 mv:13957 misc:3267 icu:2.25 pcu:918.25 scu:375.50 tlayer:3 pbqpoffset:3.22 pbfactor:1.45 avgQpOffsetCutree:-1.70;
in:201 out:204 type:b q:22.98 q-aq:23.00 q-noVbv:22.98 q-Rceq:1.00 tex:1946 mv:4531 misc:1235 icu:1.00 pcu:841.75 scu:453.25 tlayer:4 pbqpoffset:6.22 pbfactor:2.05 avgQpOffsetCutree:0.00;
in:203 out:205 type:b q:22.98 q-aq:23.00 q-noVbv:22.98 q-Rceq:1.00 tex:1441 mv:4488 misc:1223 icu:1.00 pcu:878.25 scu:416.75 tlayer:4 pbqpoffset:6.22 pbfactor:2.05 avgQpOffsetCutree:0.00;
in:206 out:206 type:B q:19.98 q-aq:17.60 q-noVbv:19.98 q-Rceq:1.00 tex:20192 mv:8436 misc:3268 icu:1.25 pcu:798.50 scu:496.25 tlayer:3 pbqpoffset:3.22 pbfactor:1.45 avgQpOffsetCutree:-2.19;
in:205 out:207 type:b q:22.98 q-aq:23.00 q-noVbv:22.98 q-Rceq:1.00 tex:562 mv:3396 misc:938 icu:0.00 pcu:765.00 scu:531.00 tlayer:4 pbqpoffset:6.22 pbfactor:2.05 avgQpOffsetCutree:0.00;
in:207 out:208 type:b q:22.76 q-aq:23.00 q-noVbv:22.76 q-Rceq:1.00 tex:1039 mv:2858 misc:1311 icu:0.00 pcu:608.00 scu:688.00 tlayer:4 pbqpoffset:6.00 pbfactor:2.00 avgQpOffsetCutree:0.00;
in:224 out:209 type:k q:16.80 q-aq:10.11 q-noVbv:16.80 q-Rceq:1.00 tex:501231 mv:52168 misc:1889 icu:1214.25 pcu:80.75 scu:1.00 tlayer:0 pbqpoffset:0.49 pbfactor:1.06 avgQpOffsetCutree:-7.08;
in:216 out:210 type:B q:18.11 q-aq:12.02 q-noVbv:18.11 q-Rceq:1.00 tex:368383 mv:37632 misc:2521 icu:197.50 pcu:998.75 scu:99.75 tlayer:1 pbqpoffset:1.33 pbfactor:1.17 avgQpOffsetCutree:-5.94;
in:212 out:211 type:B q:19.69 q-aq:15.61 q-noVbv:19.69 q-Rceq:1.00 tex:62794 mv:23594 misc:4124 icu:8.50 pcu:978.25 scu:309.25 tlayer:2 pbqpoffset:2.91 pbfactor:1.40 avgQpOffsetCutree:-3.43;
in:210 out:212 type:B q:19.96 q-aq:18.19 q-noVbv:19.96 q-Rceq:1.00 tex:14742 mv:12219 misc:2647 icu:2.25 pcu:973.75 scu:320.00 tlayer:3 pbqpoffset:3.18 pbfactor:1.44 avgQpOffsetCutree:-1.74;
in:209 out:213 type:b q:22.95 q-aq:23.00 q-noVbv:22.95 q-Rceq:1.00 tex:1591 mv:3660 misc:1005 icu:0.00 pcu:747.50 scu:548.50 tlayer:4 pbqpoffset:6.18 pbfactor:2.04 avgQpOffsetCutree:0.00;
in:211 out:214 type:b q:22.96 q-aq:23.00 q-noVbv:22.96 q-Rceq:1.00 tex:2054 mv:4446 misc:1092 icu:0.25 pcu:892.00 scu:403.75 tlayer:4 pbqpoffset:6.18 pbfactor:2.04 avgQpOffsetCutree:0.00;
in:214 out:215 type:B q:19.96 q-aq:18.08 q-noVbv:19.96 q-Rceq:1.00 tex:17012 mv:12403 misc:2857 icu:1.25 pcu:926.00 scu:368.75 tlayer:3 pbqpoffset:3.18 pbfactor:1.44 avgQpOffsetCutree:-1.75;
in:213 out:216 type:b q:22.96 q-aq:23.00 q-noVbv:22.96 q-Rceq:1.00 tex:1203 mv:4379 misc:1066 icu:0.00 pcu:881.50 scu:414.50 tlayer:4 pbqpoffset:6.18 pbfactor:2.04 avgQpOffsetCutree:0.00;
in:215 out:217 type:b q:22.96 q-aq:23.00 q-noVbv:22.96 q-Rceq:1.00 tex:2191 mv:4868 misc:1197 icu:1.00 pcu:877.75 scu:417.25 tlayer:4 pbqpoffset:6.18 pbfactor:2.04 avgQpOffsetCutree:0.00;
in:220 out:218 type:B q:19.17 q-aq:14.55 q-noVbv:19.17 q-Rceq:1.00 tex:111994 mv:17373 misc:3745 icu:17.50 pcu:1002.00 scu:276.50 tlayer:2 pbqpoffset:2.38 pbfactor:1.32 avgQpOffsetCutree:-4.15;
in:218 out:219 type:B q:19.97 q-aq:18.40 q-noVbv:19.97 q-Rceq:1.00 tex:4053 mv:8770 misc:1913 icu:0.50 pcu:840.25 scu:455.25 tlayer:3 pbqpoffset:3.18 pbfactor:1.44 avgQpOffsetCutree:-1.73;
in:217 out:220 type:b q:22.97 q-aq:23.00 q-noVbv:22.97 q-Rceq:1.00 tex:630 mv:3677 misc:933 icu:0.00 pcu:754.50 scu:541.50 tlayer:4 pbqpoffset:6.18 pbfactor:2.04 avgQpOffsetCutree:0.00;
in:219 out:221 type:b q:22.97 q-aq:23.00 q-noVbv:22.97 q-Rceq:1.00 tex:314 mv:3285 misc:857 icu:0.00 pcu:706.50 scu:589.50 tlayer:4 pbqpoffset:6.18 pbfactor:2.04 avgQpOffsetCutree:0.00;
in:222 out:222 type:B q:19.97 q-aq:17.47 q-noVbv:19.97 q-Rceq:1.00 tex:15640 mv:5710 misc:2930 icu:2.50 pcu:613.25 scu:680.25 tlayer:3 pbqpoffset:3.18 pbfactor:1.44 avgQpOffsetCutree:-2.33;
in:221 out:223 type:b q:22.97 q-aq:23.00 q-noVbv:22.97 q-Rceq:1.00 tex:21 mv:2385 misc:842 icu:0.00 pcu:535.25 scu:760.75 tlayer:4 pbqpoffset:6.18 pbfactor:2.04 avgQpOffsetCutree:0.00;
in:223 out:224 type:b q:22.98 q-aq:23.00 q-noVbv:22.98 q-Rceq:1.00 tex:478 mv:1751 misc:1179 icu:1.25 pcu:287.00 scu:1007.75 tlayer:4 pbqpoffset:6.18 pbfactor:2.04 avgQpOffsetCutree:0.00;
in:240 out:225 type:k q:16.55 q-aq:10.68 q-noVbv:16.55 q-Rceq:1.00 tex:494280 mv:55127 misc:1897 icu:1170.25 pcu:125.25 scu:0.50 tlayer:0 pbqpoffset:0.46 pbfactor:1.05 avgQpOffsetCutree:-6.25;
in:232 out:226 type:B q:17.98 q-aq:11.90 q-noVbv:17.98 q-Rceq:1.00 tex:376921 mv:39023 misc:2904 icu:308.50 pcu:866.50 scu:121.00 tlayer:1 pbqpoffset:1.31 pbfactor:1.16 avgQpOffsetCutree:-5.79;
in:228 out:227 type:B q:19.15 q-aq:15.27 q-noVbv:19.15 q-Rceq:1.00 tex:102574 mv:24717 misc:3941 icu:10.50 pcu:994.25 scu:291.25 tlayer:2 pbqpoffset:2.42 pbfactor:1.32 avgQpOffsetCutree:-3.25;
in:226 out:228 type:B q:19.94 q-aq:18.08 q-noVbv:19.94 q-Rceq:1.00 tex:29859 mv:14663 misc:3190 icu:2.25 pcu:910.75 scu:383.00 tlayer:3 pbqpoffset:3.17 pbfactor:1.44 avgQpOffsetCutree:-1.81;
in:225 out:229 type:b q:22.95 q-aq:23.00 q-noVbv:22.95 q-Rceq:1.00 tex:1551 mv:3334 misc:1123 icu:0.00 pcu:662.50 scu:633.50 tlayer:4 pbqpoffset:6.17 pbfactor:2.04 avgQpOffsetCutree:0.00;
in:227 out:230 type:b q:22.92 q-aq:23.00 q-noVbv:22.92 q-Rceq:1.00 tex:1624 mv:3961 misc:1279 icu:0.00 pcu:755.00 scu:541.00 tlayer:4 pbqpoffset:6.17 pbfactor:2.04 avgQpOffsetCutree:0.00;
in:230 out:231 type:B q:19.87 q-aq:17.99 q-noVbv:19.87 q-Rceq:1.00 tex:16938 mv:12358 misc:2656 icu:0.50 pcu:974.25 scu:321.25 tlayer:3 pbqpoffset:3.17 pbfactor:1.44 avgQpOffsetCutree:-1.72;
in:229 out:232 type:b q:22.89 q-aq:23.00 q-noVbv:22.89 q-Rceq:1.00 tex:1057 mv:3883 misc:988 icu:0.00 pcu:799.50 scu:496.50 tlayer:4 pbqpoffset:6.17 pbfactor:2.04 avgQpOffsetCutree:0.00;
in:231 out:233 type:b q:22.86 q-aq:23.00 q-noVbv:22.86 q-Rceq:1.00 tex:1059 mv:4327 misc:1046 icu:0.00 pcu:840.25 scu:455.75 tlayer:4 pbqpoffset:6.17 pbfactor:2.04 avgQpOffsetCutree:0.00;
in:236 out:234 type:B q:18.80 q-aq:13.81 q-noVbv:18.80 q-Rceq:1.00 tex:136936 mv:19168 misc:3960 icu:29.50 pcu:1051.75 scu:214.75 tlayer:2 pbqpoffset:2.19 pbfactor:1.29 avgQpOffsetCutree:-4.32;
in:234 out:235 type:B q:19.81 q-aq:18.28 q-noVbv:19.81 q-Rceq:1.00 tex:10065 mv:10035 misc:2180 icu:2.00 pcu:891.00 scu:403.00 tlayer:3 pbqpoffset:3.17 pbfactor:1.44 avgQpOffsetCutree:-1.67;
in:233 out:236 type:b q:22.83 q-aq:23.00 q-noVbv:22.83 q-Rceq:1.00 tex:1667 mv:4168 misc:1109 icu:0.25 pcu:816.50 scu:479.25 tlayer:4 pbqpoffset:6.17 pbfactor:2.04 avgQpOffsetCutree:0.00;
in:235 out:237 type:b q:22.80 q-aq:23.00 q-noVbv:22.80 q-Rceq:1.00 tex:682 mv:3229 misc:905 icu:0.50 pcu:742.00 scu:553.50 tlayer:4 pbqpoffset:6.17 pbfactor:2.04 avgQpOffsetCutree:0.00;
in:238 out:238 type:B q:19.75 q-aq:17.39 q-noVbv:19.75 q-Rceq:1.00 tex:14647 mv:5930 misc:2863 icu:2.75 pcu:632.50 scu:660.75 tlayer:3 pbqpoffset:3.17 pbfactor:1.44 avgQpOffsetCutree:-2.24;
in:237 out:239 type:b q:22.76 q-aq:23.00 q-noVbv:22.76 q-Rceq:1.00 tex:186 mv:2467 misc:747 icu:0.00 pcu:614.75 scu:681.25 tlayer:4 pbqpoffset:6.17 pbfactor:2.04 avgQpOffsetCutree:0.00;
in:239 out:240 type:b q:22.73 q-aq:23.00 q-noVbv:22.73 q-Rceq:1.00 tex:372 mv:1926 misc:1094 icu:0.00 pcu:315.00 scu:981.00 tlayer:4 pbqpoffset:6.17 pbfactor:2.04 avgQpOffsetCutree:0.00;
in:249 out:241 type:k q:19.23 q-aq:14.76 q-noVbv:19.23 q-Rceq:1.00 tex:145245 mv:21057 misc:3394 icu:26.00 pcu:1025.00 scu:245.00 tlayer:0 pbqpoffset:0.27 pbfactor:1.03 avgQpOffsetCutree:-4.05;
in:245 out:242 type:B q:19.33 q-aq:14.73 q-noVbv:19.33 q-Rceq:1.00 tex:27724 mv:11930 misc:3402 icu:0.00 pcu:789.75 scu:506.25 tlayer:1 pbqpoffset:1.29 pbfactor:1.16 avgQpOffsetCutree:-3.77;
in:243 out:243 type:B q:18.50 q-aq:16.12 q-noVbv:18.50 q-Rceq:1.00 tex:16785 mv:11996 misc:2891 icu:0.00 pcu:859.50 scu:436.50 tlayer:2 pbqpoffset:1.06 pbfactor:1.13 avgQpOffsetCutree:-2.19;
in:242 out:244 type:B q:18.78 q-aq:18.39 q-noVbv:18.78 q-Rceq:1.00 tex:5931 mv:8010 misc:1819 icu:0.50 pcu:829.00 scu:466.50 tlayer:3 pbqpoffset:1.64 pbfactor:1.21 avgQpOffsetCutree:-0.74;
in:241 out:245 type:b q:19.04 q-aq:19.00 q-noVbv:19.04 q-Rceq:1.00 tex:2760 mv:4737 misc:1311 icu:0.00 pcu:734.50 scu:561.50 tlayer:4 pbqpoffset:2.20 pbfactor:1.29 avgQpOffsetCutree:0.00;
in:244 out:246 type:b q:21.30 q-aq:21.00 q-noVbv:21.30 q-Rceq:1.00 tex:280 mv:1694 misc:746 icu:0.00 pcu:423.00 scu:873.00 tlayer:3 pbqpoffset:3.57 pbfactor:1.51 avgQpOffsetCutree:0.00;
in:247 out:247 type:B q:21.56 q-aq:20.02 q-noVbv:21.56 q-Rceq:1.00 tex:142 mv:2398 misc:908 icu:0.00 pcu:502.00 scu:794.00 tlayer:2 pbqpoffset:2.93 pbfactor:1.40 avgQpOffsetCutree:-1.89;
in:246 out:248 type:b q:23.50 q-aq:23.35 q-noVbv:23.50 q-Rceq:1.00 tex:88 mv:1177 misc:559 icu:0.00 pcu:321.25 scu:974.75 tlayer:3 pbqpoffset:5.17 pbfactor:1.82 avgQpOffsetCutree:0.00;
in:248 out:249 type:b q:23.59 q-aq:24.00 q-noVbv:23.59 q-Rceq:1.00 tex:42 mv:762 misc:492 icu:0.00 pcu:230.00 scu:1066.00 tlayer:3 pbqpoffset:4.66 pbfactor:1.71 avgQpOffsetCutree:0.00;
