#options: cpuid=1173503 frame-threads=1 no-wpp no-pmode no-pme psnr no-ssim log-level=2 bitdepth=8 input-csp=1 fps=24000/1000 input-res=832x480 interlace=0 total-frames=240 level-idc=0 high-tier=1 uhd-bd=0 ref=4 no-allow-non-conformance no-repeat-headers annexb no-aud no-hrd info hash=0 no-temporal-layers open-gop min-keyint=1 keyint=5000 bframes=15 b-adapt=2 b-pyramid bframe-bias=0 rc-lookahead=40 lookahead-slices=0 scenecut=40 no-intra-refresh ctu=64 min-cu-size=8 rect amp max-tu-size=32 tu-inter-depth=3 tu-intra-depth=3 limit-tu=4 rdoq-level=2 dynamic-rd=0.00 no-ssim-rd signhide no-tskip nr-intra=0 nr-inter=0 no-constrained-intra strong-intra-smoothing max-merge=4 limit-refs=1 limit-modes me=3 subme=4 merange=57 temporal-mvp weightp weightb no-analyze-src-pics deblock=0:0 sao no-sao-non-deblock rd=6 no-early-skip rskip no-fast-intra no-tskip-fast no-cu-lossless b-intra rdpenalty=0 psy-rd=0.00 psy-rdoq=0.00 no-rd-refine analysis-reuse-mode=0 no-lossless cbqpoffs=0 crqpoffs=0 rc=abr bitrate=2000 qcomp=0.60 qpstep=4 stats-write=1 stats-read=0 slow-firstpass ipratio=1.40 pbratio=1.30 aq-mode=1 aq-strength=0.00 cutree zone-count=0 no-strict-cbr qg-size=64 no-rc-grain qpmax=69 qpmin=0 no-const-vbv sar=0 overscan=0 videoformat=5 range=0 colorprim=2 transfer=2 colormatrix=2 chromaloc=0 display-window=0 max-cll=0,0 min-luma=0 max-luma=255 log2-max-poc-lsb=8 vui-timing-info vui-hrd-info slices=1 opt-qp-pps opt-ref-list-length-pps no-multi-pass-opt-rps scenecut-bias=0.05 no-opt-cu-delta-qp no-aq-motion no-hdr no-hdr-opt no-dhdr10-opt analysis-reuse-level=5 scale-factor=0 refine-intra=0 refine-inter=0 refine-mv=0 no-limit-sao ctu-info=0 max-tlayer=4
in:0 out:0 type:I q:19.65 q-aq:15.53 q-noVbv:19.65 q-Rceq:0.98 tex:190831 mv:9425 misc:2384 icu:1560.00 pcu:0.00 scu:0.00 tlayer:0 pbqpoffset:0.00 pbfactor:1.00 avgQpOffsetCutree:-4.21;
in:16 out:1 type:k q:22.56 q-aq:17.84 q-noVbv:22.56 q-Rceq:0.98 tex:141449 mv:10888 misc:2215 icu:1177.75 pcu:331.75 scu:50.50 tlayer:0 pbqpoffset:0.00 pbfactor:1.00 avgQpOffsetCutree:-5.18;
in:8 out:2 type:B q:24.37 q-aq:20.00 q-noVbv:24.37 q-Rceq:0.98 tex:76796 mv:9401 misc:2459 icu:510.50 pcu:856.75 scu:192.75 tlayer:1 pbqpoffset:1.81 pbfactor:1.23 avgQpOffsetCutree:-4.20;
in:4 out:3 type:B q:25.28 q-aq:21.99 q-noVbv:25.28 q-Rceq:0.98 tex:16979 mv:3896 misc:2261 icu:15.25 pcu:719.75 scu:825.00 tlayer:2 pbqpoffset:2.72 pbfactor:1.37 avgQpOffsetCutree:-2.92;
in:2 out:4 type:B q:26.23 q-aq:25.14 q-noVbv:26.23 q-Rceq:0.98 tex:3360 mv:1724 misc:932 icu:3.50 pcu:408.75 scu:1147.75 tlayer:3 pbqpoffset:3.67 pbfactor:1.53 avgQpOffsetCutree:-1.54;
in:1 out:5 type:b q:29.23 q-aq:29.00 q-noVbv:29.23 q-Rceq:0.98 tex:4 mv:256 misc:228 icu:0.00 pcu:56.00 scu:1504.00 tlayer:4 pbqpoffset:6.67 pbfactor:2.16 avgQpOffsetCutree:0.00;
in:3 out:6 type:b q:29.23 q-aq:29.00 q-noVbv:29.23 q-Rceq:0.98 tex:2 mv:222 misc:192 icu:0.00 pcu:64.00 scu:1496.00 tlayer:4 pbqpoffset:6.67 pbfactor:2.16 avgQpOffsetCutree:0.00;
in:6 out:7 type:B q:26.23 q-aq:24.77 q-noVbv:26.23 q-Rceq:0.98 tex:2789 mv:1191 misc:740 icu:3.25 pcu:253.50 scu:1303.25 tlayer:3 pbqpoffset:3.67 pbfactor:1.53 avgQpOffsetCutree:-1.59;
in:5 out:8 type:b q:29.23 q-aq:29.00 q-noVbv:29.23 q-Rceq:0.98 tex:4 mv:248 misc:212 icu:0.00 pcu:84.00 scu:1476.00 tlayer:4 pbqpoffset:6.67 pbfactor:2.16 avgQpOffsetCutree:0.00;
in:7 out:9 type:b q:29.23 q-aq:29.00 q-noVbv:29.23 q-Rceq:0.98 tex:2 mv:167 misc:191 icu:0.00 pcu:40.00 scu:1520.00 tlayer:4 pbqpoffset:6.67 pbfactor:2.16 avgQpOffsetCutree:0.00;
in:12 out:10 type:B q:25.38 q-aq:22.11 q-noVbv:25.38 q-Rceq:0.98 tex:13940 mv:4010 misc:1778 icu:16.25 pcu:719.00 scu:824.75 tlayer:2 pbqpoffset:2.82 pbfactor:1.38 avgQpOffsetCutree:-2.95;
in:10 out:11 type:B q:26.23 q-aq:24.99 q-noVbv:26.23 q-Rceq:0.98 tex:3070 mv:1382 misc:852 icu:5.25 pcu:254.00 scu:1300.75 tlayer:3 pbqpoffset:3.67 pbfactor:1.53 avgQpOffsetCutree:-1.60;
in:9 out:12 type:b q:29.23 q-aq:29.00 q-noVbv:29.23 q-Rceq:0.98 tex:7 mv:248 misc:201 icu:0.00 pcu:77.00 scu:1483.00 tlayer:4 pbqpoffset:6.67 pbfactor:2.16 avgQpOffsetCutree:0.00;
in:11 out:13 type:b q:29.23 q-aq:29.00 q-noVbv:29.23 q-Rceq:0.98 tex:8 mv:315 misc:237 icu:0.00 pcu:112.00 scu:1448.00 tlayer:4 pbqpoffset:6.67 pbfactor:2.16 avgQpOffsetCutree:0.00;
in:14 out:14 type:B q:26.23 q-aq:24.92 q-noVbv:26.23 q-Rceq:0.98 tex:2342 mv:1190 misc:732 icu:4.00 pcu:266.50 scu:1289.50 tlayer:3 pbqpoffset:3.67 pbfactor:1.53 avgQpOffsetCutree:-1.63;
in:13 out:15 type:b q:29.23 q-aq:29.00 q-noVbv:29.23 q-Rceq:0.98 tex:6 mv:383 misc:203 icu:0.00 pcu:128.00 scu:1432.00 tlayer:4 pbqpoffset:6.67 pbfactor:2.16 avgQpOffsetCutree:0.00;
in:15 out:16 type:b q:29.23 q-aq:29.00 q-noVbv:29.23 q-Rceq:0.98 tex:4 mv:227 misc:225 icu:0.00 pcu:45.00 scu:1515.00 tlayer:4 pbqpoffset:6.67 pbfactor:2.16 avgQpOffsetCutree:0.00;
in:32 out:17 type:k q:18.56 q-aq:13.96 q-noVbv:18.56 q-Rceq:0.98 tex:204804 mv:11325 misc:2695 icu:1551.75 pcu:8.25 scu:0.00 tlayer:0 pbqpoffset:0.00 pbfactor:1.00 avgQpOffsetCutree:-5.25;
in:24 out:18 type:B q:22.30 q-aq:18.06 q-noVbv:22.30 q-Rceq:0.98 tex:116442 mv:8291 misc:2227 icu:859.75 pcu:567.75 scu:132.50 tlayer:1 pbqpoffset:1.74 pbfactor:1.22 avgQpOffsetCutree:-4.24;
in:20 out:19 type:B q:25.10 q-aq:21.70 q-noVbv:25.10 q-Rceq:0.98 tex:12000 mv:3100 misc:1812 icu:21.50 pcu:636.75 scu:901.75 tlayer:2 pbqpoffset:3.54 pbfactor:1.50 avgQpOffsetCutree:-3.02;
in:18 out:20 type:B q:25.67 q-aq:24.11 q-noVbv:25.67 q-Rceq:0.98 tex:2662 mv:1349 misc:925 icu:2.50 pcu:237.25 scu:1320.25 tlayer:3 pbqpoffset:3.61 pbfactor:1.52 avgQpOffsetCutree:-1.64;
in:17 out:21 type:b q:28.92 q-aq:29.00 q-noVbv:28.92 q-Rceq:0.98 tex:101 mv:419 misc:320 icu:0.00 pcu:148.50 scu:1411.50 tlayer:4 pbqpoffset:6.61 pbfactor:2.15 avgQpOffsetCutree:0.00;
in:19 out:22 type:b q:28.42 q-aq:28.00 q-noVbv:28.42 q-Rceq:0.98 tex:35 mv:412 misc:273 icu:0.00 pcu:115.00 scu:1445.00 tlayer:4 pbqpoffset:6.61 pbfactor:2.15 avgQpOffsetCutree:0.00;
in:22 out:23 type:B q:24.67 q-aq:23.21 q-noVbv:24.67 q-Rceq:0.98 tex:1284 mv:940 misc:720 icu:0.50 pcu:291.50 scu:1268.00 tlayer:3 pbqpoffset:3.61 pbfactor:1.52 avgQpOffsetCutree:-1.61;
in:21 out:24 type:b q:27.92 q-aq:28.00 q-noVbv:27.92 q-Rceq:0.98 tex:56 mv:390 misc:274 icu:0.00 pcu:105.00 scu:1455.00 tlayer:4 pbqpoffset:6.61 pbfactor:2.15 avgQpOffsetCutree:0.00;
in:23 out:25 type:b q:27.42 q-aq:27.00 q-noVbv:27.42 q-Rceq:0.98 tex:12 mv:148 misc:208 icu:0.00 pcu:33.00 scu:1527.00 tlayer:4 pbqpoffset:6.61 pbfactor:2.15 avgQpOffsetCutree:0.00;
in:28 out:26 type:B q:22.40 q-aq:19.12 q-noVbv:22.40 q-Rceq:0.98 tex:25504 mv:4330 misc:3086 icu:24.75 pcu:994.50 scu:540.75 tlayer:2 pbqpoffset:2.84 pbfactor:1.39 avgQpOffsetCutree:-2.91;
in:26 out:27 type:B q:23.67 q-aq:22.16 q-noVbv:23.67 q-Rceq:0.98 tex:3139 mv:1235 misc:898 icu:2.00 pcu:304.50 scu:1253.50 tlayer:3 pbqpoffset:3.61 pbfactor:1.52 avgQpOffsetCutree:-1.56;
in:25 out:28 type:b q:26.92 q-aq:27.00 q-noVbv:26.92 q-Rceq:0.98 tex:7 mv:265 misc:264 icu:0.00 pcu:33.50 scu:1526.50 tlayer:4 pbqpoffset:6.61 pbfactor:2.15 avgQpOffsetCutree:0.00;
in:27 out:29 type:b q:26.42 q-aq:26.00 q-noVbv:26.42 q-Rceq:0.98 tex:27 mv:303 misc:254 icu:0.00 pcu:120.25 scu:1439.75 tlayer:4 pbqpoffset:6.61 pbfactor:2.15 avgQpOffsetCutree:0.00;
in:30 out:30 type:B q:22.67 q-aq:21.36 q-noVbv:22.67 q-Rceq:0.98 tex:4852 mv:1689 misc:1467 icu:5.00 pcu:670.25 scu:884.75 tlayer:3 pbqpoffset:3.61 pbfactor:1.52 avgQpOffsetCutree:-1.58;
in:29 out:31 type:b q:25.92 q-aq:26.00 q-noVbv:25.92 q-Rceq:0.98 tex:23 mv:214 misc:219 icu:0.00 pcu:88.00 scu:1472.00 tlayer:4 pbqpoffset:6.61 pbfactor:2.15 avgQpOffsetCutree:0.00;
in:31 out:32 type:b q:25.42 q-aq:25.00 q-noVbv:25.42 q-Rceq:0.98 tex:393 mv:349 misc:522 icu:0.00 pcu:313.00 scu:1247.00 tlayer:4 pbqpoffset:6.61 pbfactor:2.15 avgQpOffsetCutree:0.00;
in:48 out:33 type:k q:14.56 q-aq:10.32 q-noVbv:14.56 q-Rceq:0.98 tex:300527 mv:14454 misc:2675 icu:1500.50 pcu:57.50 scu:2.00 tlayer:0 pbqpoffset:0.00 pbfactor:1.00 avgQpOffsetCutree:-5.14;
in:40 out:34 type:B q:18.32 q-aq:14.23 q-noVbv:18.32 q-Rceq:0.98 tex:148106 mv:17858 misc:3892 icu:629.00 pcu:800.75 scu:130.25 tlayer:1 pbqpoffset:1.76 pbfactor:1.23 avgQpOffsetCutree:-4.32;
in:36 out:35 type:B q:20.65 q-aq:17.40 q-noVbv:20.65 q-Rceq:0.98 tex:27762 mv:6696 misc:3454 icu:25.75 pcu:801.75 scu:732.50 tlayer:2 pbqpoffset:3.09 pbfactor:1.43 avgQpOffsetCutree:-2.91;
in:34 out:36 type:B q:21.69 q-aq:20.07 q-noVbv:21.69 q-Rceq:0.98 tex:4662 mv:1926 misc:1524 icu:1.00 pcu:324.25 scu:1234.75 tlayer:3 pbqpoffset:3.63 pbfactor:1.52 avgQpOffsetCutree:-1.61;
in:33 out:37 type:b q:24.94 q-aq:25.00 q-noVbv:24.94 q-Rceq:0.98 tex:64 mv:321 misc:271 icu:0.00 pcu:181.00 scu:1379.00 tlayer:4 pbqpoffset:6.63 pbfactor:2.15 avgQpOffsetCutree:0.00;
in:35 out:38 type:b q:24.44 q-aq:24.00 q-noVbv:24.44 q-Rceq:0.98 tex:9 mv:282 misc:333 icu:0.25 pcu:72.00 scu:1487.75 tlayer:4 pbqpoffset:6.63 pbfactor:2.15 avgQpOffsetCutree:0.00;
in:38 out:39 type:B q:20.69 q-aq:19.19 q-noVbv:20.69 q-Rceq:0.98 tex:4447 mv:1742 misc:1587 icu:6.00 pcu:260.00 scu:1294.00 tlayer:3 pbqpoffset:3.63 pbfactor:1.52 avgQpOffsetCutree:-1.63;
in:37 out:40 type:b q:23.94 q-aq:24.00 q-noVbv:23.94 q-Rceq:0.98 tex:23 mv:302 misc:371 icu:0.00 pcu:73.00 scu:1487.00 tlayer:4 pbqpoffset:6.63 pbfactor:2.15 avgQpOffsetCutree:0.00;
in:39 out:41 type:b q:23.44 q-aq:23.00 q-noVbv:23.44 q-Rceq:0.98 tex:15 mv:455 misc:370 icu:0.00 pcu:144.00 scu:1416.00 tlayer:4 pbqpoffset:6.63 pbfactor:2.15 avgQpOffsetCutree:0.00;
in:44 out:42 type:B q:18.39 q-aq:15.27 q-noVbv:18.39 q-Rceq:0.98 tex:39842 mv:6742 misc:4120 icu:40.25 pcu:746.75 scu:773.00 tlayer:2 pbqpoffset:2.83 pbfactor:1.39 avgQpOffsetCutree:-2.89;
in:42 out:43 type:B q:19.69 q-aq:18.33 q-noVbv:19.69 q-Rceq:0.98 tex:8369 mv:2342 misc:1801 icu:4.00 pcu:394.75 scu:1161.25 tlayer:3 pbqpoffset:3.63 pbfactor:1.52 avgQpOffsetCutree:-1.56;
in:41 out:44 type:b q:22.94 q-aq:23.00 q-noVbv:22.94 q-Rceq:0.98 tex:233 mv:455 misc:432 icu:0.00 pcu:126.75 scu:1433.25 tlayer:4 pbqpoffset:6.63 pbfactor:2.15 avgQpOffsetCutree:0.00;
in:43 out:45 type:b q:22.44 q-aq:22.00 q-noVbv:22.44 q-Rceq:0.98 tex:301 mv:440 misc:627 icu:0.00 pcu:153.25 scu:1406.75 tlayer:4 pbqpoffset:6.63 pbfactor:2.15 avgQpOffsetCutree:0.00;
in:46 out:46 type:B q:18.69 q-aq:17.20 q-noVbv:18.69 q-Rceq:0.98 tex:11016 mv:2558 misc:2066 icu:7.50 pcu:485.25 scu:1067.25 tlayer:3 pbqpoffset:3.63 pbfactor:1.52 avgQpOffsetCutree:-1.64;
in:45 out:47 type:b q:21.94 q-aq:22.00 q-noVbv:21.94 q-Rceq:0.98 tex:385 mv:391 misc:520 icu:0.00 pcu:145.50 scu:1414.50 tlayer:4 pbqpoffset:6.63 pbfactor:2.15 avgQpOffsetCutree:0.00;
in:47 out:48 type:b q:21.44 q-aq:21.00 q-noVbv:21.44 q-Rceq:0.98 tex:577 mv:514 misc:773 icu:0.00 pcu:72.25 scu:1487.75 tlayer:4 pbqpoffset:6.63 pbfactor:2.15 avgQpOffsetCutree:0.00;
in:64 out:49 type:k q:10.56 q-aq:6.37 q-noVbv:10.56 q-Rceq:0.98 tex:457118 mv:19861 misc:2917 icu:1541.00 pcu:19.00 scu:0.00 tlayer:0 pbqpoffset:0.67 pbfactor:1.08 avgQpOffsetCutree:-5.40;
in:56 out:50 type:B q:14.38 q-aq:11.20 q-noVbv:14.38 q-Rceq:0.98 tex:253700 mv:16356 misc:3360 icu:1290.50 pcu:244.00 scu:25.50 tlayer:1 pbqpoffset:1.82 pbfactor:1.23 avgQpOffsetCutree:-4.05;
in:52 out:51 type:B q:16.81 q-aq:14.04 q-noVbv:16.81 q-Rceq:0.98 tex:66508 mv:10295 misc:3909 icu:122.00 pcu:868.25 scu:569.75 tlayer:2 pbqpoffset:3.25 pbfactor:1.46 avgQpOffsetCutree:-2.85;
in:50 out:52 type:B q:17.74 q-aq:16.64 q-noVbv:17.74 q-Rceq:0.98 tex:13000 mv:2708 misc:2444 icu:4.50 pcu:488.25 scu:1067.25 tlayer:3 pbqpoffset:3.68 pbfactor:1.53 avgQpOffsetCutree:-1.55;
in:49 out:53 type:b q:20.99 q-aq:21.00 q-noVbv:20.99 q-Rceq:0.98 tex:810 mv:595 misc:659 icu:0.25 pcu:150.00 scu:1409.75 tlayer:4 pbqpoffset:6.68 pbfactor:2.16 avgQpOffsetCutree:0.00;
in:51 out:54 type:b q:20.49 q-aq:20.02 q-noVbv:20.49 q-Rceq:0.98 tex:1202 mv:738 misc:772 icu:0.00 pcu:194.75 scu:1365.25 tlayer:4 pbqpoffset:6.68 pbfactor:2.16 avgQpOffsetCutree:0.00;
in:54 out:55 type:B q:16.74 q-aq:15.48 q-noVbv:16.74 q-Rceq:0.98 tex:17832 mv:4112 misc:2888 icu:10.50 pcu:485.00 scu:1064.50 tlayer:3 pbqpoffset:3.68 pbfactor:1.53 avgQpOffsetCutree:-1.55;
in:53 out:56 type:b q:19.99 q-aq:20.00 q-noVbv:19.99 q-Rceq:0.98 tex:1269 mv:785 misc:970 icu:0.25 pcu:194.00 scu:1365.75 tlayer:4 pbqpoffset:6.68 pbfactor:2.16 avgQpOffsetCutree:0.00;
in:55 out:57 type:b q:19.49 q-aq:19.13 q-noVbv:19.49 q-Rceq:0.98 tex:921 mv:571 misc:804 icu:0.00 pcu:134.50 scu:1425.50 tlayer:4 pbqpoffset:6.68 pbfactor:2.16 avgQpOffsetCutree:0.00;
in:60 out:58 type:B q:14.03 q-aq:11.60 q-noVbv:14.03 q-Rceq:0.98 tex:117142 mv:17352 misc:5346 icu:299.75 pcu:997.00 scu:263.25 tlayer:2 pbqpoffset:2.47 pbfactor:1.33 avgQpOffsetCutree:-2.82;
in:58 out:59 type:B q:15.74 q-aq:14.48 q-noVbv:15.74 q-Rceq:0.98 tex:26604 mv:4613 misc:3967 icu:19.50 pcu:640.25 scu:900.25 tlayer:3 pbqpoffset:3.68 pbfactor:1.53 avgQpOffsetCutree:-1.55;
in:57 out:60 type:b q:18.99 q-aq:19.00 q-noVbv:18.99 q-Rceq:0.98 tex:1472 mv:705 misc:1151 icu:0.00 pcu:234.50 scu:1325.50 tlayer:4 pbqpoffset:6.68 pbfactor:2.16 avgQpOffsetCutree:0.00;
in:59 out:61 type:b q:18.49 q-aq:18.48 q-noVbv:18.49 q-Rceq:0.98 tex:4018 mv:1528 misc:1566 icu:1.00 pcu:316.25 scu:1242.75 tlayer:4 pbqpoffset:6.68 pbfactor:2.16 avgQpOffsetCutree:0.00;
in:62 out:62 type:B q:14.74 q-aq:13.53 q-noVbv:14.74 q-Rceq:0.98 tex:37901 mv:8330 misc:4793 icu:55.25 pcu:961.75 scu:543.00 tlayer:3 pbqpoffset:3.68 pbfactor:1.53 avgQpOffsetCutree:-1.55;
in:61 out:63 type:b q:17.99 q-aq:18.00 q-noVbv:17.99 q-Rceq:0.98 tex:1521 mv:738 misc:1133 icu:0.50 pcu:158.25 scu:1401.25 tlayer:4 pbqpoffset:6.68 pbfactor:2.16 avgQpOffsetCutree:0.00;
in:63 out:64 type:b q:17.49 q-aq:17.11 q-noVbv:17.49 q-Rceq:0.98 tex:3352 mv:1239 misc:1433 icu:1.00 pcu:395.25 scu:1163.75 tlayer:4 pbqpoffset:6.68 pbfactor:2.16 avgQpOffsetCutree:0.00;
in:80 out:65 type:k q:6.99 q-aq:2.75 q-noVbv:6.99 q-Rceq:0.98 tex:818735 mv:48604 misc:2453 icu:1338.50 pcu:216.50 scu:5.00 tlayer:0 pbqpoffset:0.61 pbfactor:1.07 avgQpOffsetCutree:-5.30;
in:72 out:66 type:B q:10.59 q-aq:7.05 q-noVbv:10.59 q-Rceq:0.98 tex:385704 mv:31686 misc:3450 icu:1132.00 pcu:399.75 scu:28.25 tlayer:1 pbqpoffset:1.81 pbfactor:1.23 avgQpOffsetCutree:-4.19;
in:68 out:67 type:B q:12.57 q-aq:9.73 q-noVbv:12.57 q-Rceq:0.98 tex:145090 mv:20886 misc:5536 icu:177.00 pcu:1053.00 scu:330.00 tlayer:2 pbqpoffset:2.91 pbfactor:1.40 avgQpOffsetCutree:-2.97;
in:66 out:68 type:B q:13.79 q-aq:12.39 q-noVbv:13.79 q-Rceq:0.98 tex:32989 mv:6473 misc:4138 icu:17.25 pcu:640.50 scu:902.25 tlayer:3 pbqpoffset:3.68 pbfactor:1.53 avgQpOffsetCutree:-1.60;
in:65 out:69 type:b q:17.02 q-aq:17.44 q-noVbv:17.02 q-Rceq:0.98 tex:1863 mv:745 misc:1000 icu:0.00 pcu:182.25 scu:1377.75 tlayer:4 pbqpoffset:6.68 pbfactor:2.16 avgQpOffsetCutree:0.00;
in:67 out:70 type:b q:16.57 q-aq:16.12 q-noVbv:16.57 q-Rceq:0.98 tex:1725 mv:1361 misc:1498 icu:0.00 pcu:391.25 scu:1168.75 tlayer:4 pbqpoffset:6.68 pbfactor:2.16 avgQpOffsetCutree:0.00;
in:70 out:71 type:B q:12.90 q-aq:11.45 q-noVbv:12.90 q-Rceq:0.98 tex:36240 mv:7330 misc:4782 icu:16.25 pcu:712.25 scu:831.50 tlayer:3 pbqpoffset:3.68 pbfactor:1.53 avgQpOffsetCutree:-1.63;
in:69 out:72 type:b q:16.12 q-aq:16.00 q-noVbv:16.12 q-Rceq:0.98 tex:1981 mv:632 misc:1107 icu:0.00 pcu:197.25 scu:1362.75 tlayer:4 pbqpoffset:6.68 pbfactor:2.16 avgQpOffsetCutree:0.00;
in:71 out:73 type:b q:15.68 q-aq:15.20 q-noVbv:15.68 q-Rceq:0.98 tex:2785 mv:713 misc:1374 icu:1.00 pcu:141.50 scu:1417.50 tlayer:4 pbqpoffset:6.68 pbfactor:2.16 avgQpOffsetCutree:0.00;
in:76 out:74 type:B q:10.51 q-aq:7.84 q-noVbv:10.51 q-Rceq:0.98 tex:123099 mv:16098 misc:5427 icu:175.00 pcu:737.75 scu:647.25 tlayer:2 pbqpoffset:2.63 pbfactor:1.35 avgQpOffsetCutree:-2.93;
in:74 out:75 type:B q:12.01 q-aq:10.69 q-noVbv:12.01 q-Rceq:0.98 tex:38921 mv:6865 misc:4758 icu:33.50 pcu:541.75 scu:984.75 tlayer:3 pbqpoffset:3.68 pbfactor:1.53 avgQpOffsetCutree:-1.58;
in:73 out:76 type:b q:15.23 q-aq:15.00 q-noVbv:15.23 q-Rceq:0.98 tex:4454 mv:1395 misc:1767 icu:1.25 pcu:326.00 scu:1232.75 tlayer:4 pbqpoffset:6.68 pbfactor:2.16 avgQpOffsetCutree:0.00;
in:75 out:77 type:b q:14.79 q-aq:15.00 q-noVbv:14.79 q-Rceq:0.98 tex:4261 mv:1072 misc:1811 icu:0.25 pcu:196.50 scu:1363.25 tlayer:4 pbqpoffset:6.68 pbfactor:2.16 avgQpOffsetCutree:0.00;
in:78 out:78 type:B q:11.12 q-aq:9.85 q-noVbv:11.12 q-Rceq:0.98 tex:48574 mv:7741 misc:4717 icu:27.00 pcu:606.25 scu:926.75 tlayer:3 pbqpoffset:3.68 pbfactor:1.53 avgQpOffsetCutree:-1.53;
in:77 out:79 type:b q:14.34 q-aq:14.03 q-noVbv:14.34 q-Rceq:0.98 tex:7296 mv:2175 misc:2105 icu:0.25 pcu:407.00 scu:1152.75 tlayer:4 pbqpoffset:6.68 pbfactor:2.16 avgQpOffsetCutree:0.00;
in:79 out:80 type:b q:13.89 q-aq:14.00 q-noVbv:13.89 q-Rceq:0.98 tex:6018 mv:1768 misc:1798 icu:0.00 pcu:316.50 scu:1243.50 tlayer:4 pbqpoffset:6.68 pbfactor:2.16 avgQpOffsetCutree:0.00;
in:96 out:81 type:k q:8.56 q-aq:3.94 q-noVbv:8.56 q-Rceq:0.98 tex:624409 mv:29615 misc:2744 icu:1523.50 pcu:35.25 scu:1.25 tlayer:0 pbqpoffset:0.63 pbfactor:1.08 avgQpOffsetCutree:-5.77;
in:88 out:82 type:B q:9.60 q-aq:6.20 q-noVbv:9.60 q-Rceq:0.98 tex:463160 mv:24314 misc:3118 icu:1403.75 pcu:141.50 scu:14.75 tlayer:1 pbqpoffset:1.83 pbfactor:1.23 avgQpOffsetCutree:-4.26;
in:84 out:83 type:B q:10.75 q-aq:7.93 q-noVbv:10.75 q-Rceq:0.98 tex:253575 mv:30493 misc:5644 icu:266.75 pcu:1115.25 scu:178.00 tlayer:2 pbqpoffset:3.37 pbfactor:1.48 avgQpOffsetCutree:-2.92;
in:82 out:84 type:B q:10.88 q-aq:9.50 q-noVbv:10.88 q-Rceq:0.98 tex:54378 mv:7860 misc:4666 icu:50.00 pcu:650.25 scu:859.75 tlayer:3 pbqpoffset:3.69 pbfactor:1.53 avgQpOffsetCutree:-1.59;
in:81 out:85 type:b q:13.78 q-aq:13.27 q-noVbv:13.78 q-Rceq:0.98 tex:7910 mv:1967 misc:2275 icu:0.50 pcu:352.00 scu:1207.50 tlayer:4 pbqpoffset:6.69 pbfactor:2.17 avgQpOffsetCutree:0.00;
in:83 out:86 type:b q:13.98 q-aq:13.99 q-noVbv:13.98 q-Rceq:0.98 tex:7299 mv:1990 misc:2135 icu:0.75 pcu:440.50 scu:1118.75 tlayer:4 pbqpoffset:6.69 pbfactor:2.17 avgQpOffsetCutree:0.00;
in:86 out:87 type:B q:11.27 q-aq:9.57 q-noVbv:11.27 q-Rceq:0.98 tex:50700 mv:9420 misc:4984 icu:31.75 pcu:610.75 scu:917.50 tlayer:3 pbqpoffset:3.69 pbfactor:1.53 avgQpOffsetCutree:-1.65;
in:85 out:88 type:b q:14.17 q-aq:14.01 q-noVbv:14.17 q-Rceq:0.98 tex:8585 mv:2180 misc:2435 icu:0.00 pcu:398.75 scu:1161.25 tlayer:4 pbqpoffset:6.69 pbfactor:2.17 avgQpOffsetCutree:0.00;
in:87 out:89 type:b q:14.37 q-aq:14.01 q-noVbv:14.37 q-Rceq:0.98 tex:5300 mv:2047 misc:2005 icu:0.25 pcu:408.25 scu:1151.50 tlayer:4 pbqpoffset:6.69 pbfactor:2.17 avgQpOffsetCutree:0.00;
in:92 out:90 type:B q:11.23 q-aq:8.49 q-noVbv:11.23 q-Rceq:0.98 tex:198401 mv:20973 misc:6170 icu:308.00 pcu:967.50 scu:284.50 tlayer:2 pbqpoffset:3.06 pbfactor:1.42 avgQpOffsetCutree:-2.89;
in:90 out:91 type:B q:11.66 q-aq:10.33 q-noVbv:11.66 q-Rceq:0.98 tex:52616 mv:8773 misc:5635 icu:69.25 pcu:720.00 scu:770.75 tlayer:3 pbqpoffset:3.69 pbfactor:1.53 avgQpOffsetCutree:-1.54;
in:89 out:92 type:b q:14.56 q-aq:14.03 q-noVbv:14.56 q-Rceq:0.98 tex:5501 mv:1653 misc:2534 icu:5.50 pcu:357.75 scu:1196.75 tlayer:4 pbqpoffset:6.69 pbfactor:2.17 avgQpOffsetCutree:0.00;
in:91 out:93 type:b q:14.76 q-aq:14.32 q-noVbv:14.76 q-Rceq:0.98 tex:3552 mv:1186 misc:2134 icu:0.25 pcu:250.50 scu:1309.25 tlayer:4 pbqpoffset:6.69 pbfactor:2.17 avgQpOffsetCutree:0.00;
in:94 out:94 type:B q:12.05 q-aq:10.61 q-noVbv:12.05 q-Rceq:0.98 tex:41566 mv:7524 misc:5062 icu:37.50 pcu:703.75 scu:818.75 tlayer:3 pbqpoffset:3.69 pbfactor:1.53 avgQpOffsetCutree:-1.55;
in:93 out:95 type:b q:14.95 q-aq:14.88 q-noVbv:14.95 q-Rceq:0.98 tex:1259 mv:744 misc:1493 icu:0.00 pcu:226.50 scu:1333.50 tlayer:4 pbqpoffset:6.69 pbfactor:2.17 avgQpOffsetCutree:0.00;
in:95 out:96 type:b q:15.15 q-aq:15.04 q-noVbv:15.15 q-Rceq:0.98 tex:2468 mv:956 misc:1416 icu:5.25 pcu:249.75 scu:1305.00 tlayer:4 pbqpoffset:6.69 pbfactor:2.17 avgQpOffsetCutree:0.00;
in:112 out:97 type:k q:9.82 q-aq:5.27 q-noVbv:9.82 q-Rceq:0.98 tex:571777 mv:32774 misc:2969 icu:1408.25 pcu:146.25 scu:5.50 tlayer:0 pbqpoffset:0.79 pbfactor:1.10 avgQpOffsetCutree:-5.50;
in:104 out:98 type:B q:10.99 q-aq:7.07 q-noVbv:10.99 q-Rceq:0.98 tex:413068 mv:33607 misc:3357 icu:1141.50 pcu:397.75 scu:20.75 tlayer:1 pbqpoffset:1.80 pbfactor:1.23 avgQpOffsetCutree:-4.45;
in:100 out:99 type:B q:11.91 q-aq:9.02 q-noVbv:11.91 q-Rceq:0.98 tex:126550 mv:18286 misc:5532 icu:116.75 pcu:1023.50 scu:419.75 tlayer:2 pbqpoffset:3.04 pbfactor:1.42 avgQpOffsetCutree:-2.94;
in:98 out:100 type:B q:12.38 q-aq:11.00 q-noVbv:12.38 q-Rceq:0.98 tex:36487 mv:5753 misc:4264 icu:21.50 pcu:617.50 scu:921.00 tlayer:3 pbqpoffset:3.67 pbfactor:1.53 avgQpOffsetCutree:-1.60;
in:97 out:101 type:b q:15.30 q-aq:15.02 q-noVbv:15.30 q-Rceq:0.98 tex:2218 mv:800 misc:1150 icu:0.00 pcu:158.75 scu:1401.25 tlayer:4 pbqpoffset:6.67 pbfactor:2.16 avgQpOffsetCutree:0.00;
in:99 out:102 type:b q:15.46 q-aq:15.07 q-noVbv:15.46 q-Rceq:0.98 tex:5300 mv:1514 misc:1930 icu:0.50 pcu:287.00 scu:1272.50 tlayer:4 pbqpoffset:6.67 pbfactor:2.16 avgQpOffsetCutree:0.00;
in:102 out:103 type:B q:12.70 q-aq:11.09 q-noVbv:12.70 q-Rceq:0.98 tex:30948 mv:5179 misc:3793 icu:10.25 pcu:540.00 scu:1009.75 tlayer:3 pbqpoffset:3.67 pbfactor:1.53 avgQpOffsetCutree:-1.69;
in:101 out:104 type:b q:15.62 q-aq:15.08 q-noVbv:15.62 q-Rceq:0.98 tex:3833 mv:1469 misc:1858 icu:0.00 pcu:235.75 scu:1324.25 tlayer:4 pbqpoffset:6.67 pbfactor:2.16 avgQpOffsetCutree:0.00;
in:103 out:105 type:b q:15.78 q-aq:15.75 q-noVbv:15.78 q-Rceq:0.98 tex:3371 mv:908 misc:1457 icu:0.00 pcu:212.00 scu:1348.00 tlayer:4 pbqpoffset:6.67 pbfactor:2.16 avgQpOffsetCutree:0.00;
in:108 out:106 type:B q:12.56 q-aq:9.42 q-noVbv:12.56 q-Rceq:0.98 tex:92116 mv:14300 misc:5264 icu:99.00 pcu:809.50 scu:651.50 tlayer:2 pbqpoffset:3.05 pbfactor:1.42 avgQpOffsetCutree:-3.16;
in:106 out:107 type:B q:13.01 q-aq:11.36 q-noVbv:13.01 q-Rceq:0.98 tex:33233 mv:5523 misc:3860 icu:11.25 pcu:614.00 scu:934.75 tlayer:3 pbqpoffset:3.67 pbfactor:1.53 avgQpOffsetCutree:-1.68;
in:105 out:108 type:b q:15.93 q-aq:16.02 q-noVbv:15.93 q-Rceq:0.98 tex:4029 mv:826 misc:1401 icu:0.00 pcu:180.50 scu:1379.50 tlayer:4 pbqpoffset:6.67 pbfactor:2.16 avgQpOffsetCutree:0.00;
in:107 out:109 type:b q:16.09 q-aq:16.00 q-noVbv:16.09 q-Rceq:0.98 tex:3327 mv:1075 misc:1286 icu:0.00 pcu:246.75 scu:1313.25 tlayer:4 pbqpoffset:6.67 pbfactor:2.16 avgQpOffsetCutree:0.00;
in:110 out:110 type:B q:13.33 q-aq:11.63 q-noVbv:13.33 q-Rceq:0.98 tex:31823 mv:5438 misc:3419 icu:17.50 pcu:558.00 scu:984.50 tlayer:3 pbqpoffset:3.67 pbfactor:1.53 avgQpOffsetCutree:-1.72;
in:109 out:111 type:b q:16.25 q-aq:16.01 q-noVbv:16.25 q-Rceq:0.98 tex:2145 mv:808 misc:1167 icu:0.00 pcu:181.75 scu:1378.25 tlayer:4 pbqpoffset:6.67 pbfactor:2.16 avgQpOffsetCutree:0.00;
in:111 out:112 type:b q:16.41 q-aq:16.02 q-noVbv:16.41 q-Rceq:0.98 tex:3072 mv:1152 misc:1504 icu:1.00 pcu:245.75 scu:1313.25 tlayer:4 pbqpoffset:6.66 pbfactor:2.16 avgQpOffsetCutree:0.00;
in:128 out:113 type:k q:10.21 q-aq:6.12 q-noVbv:10.21 q-Rceq:0.98 tex:510776 mv:24004 misc:2876 icu:1525.75 pcu:34.25 scu:0.00 tlayer:0 pbqpoffset:0.55 pbfactor:1.07 avgQpOffsetCutree:-5.42;
in:120 out:114 type:B q:11.86 q-aq:8.08 q-noVbv:11.86 q-Rceq:0.98 tex:387616 mv:19784 misc:3096 icu:1417.00 pcu:135.00 scu:8.00 tlayer:1 pbqpoffset:1.85 pbfactor:1.24 avgQpOffsetCutree:-4.60;
in:116 out:115 type:B q:13.63 q-aq:10.99 q-noVbv:13.63 q-Rceq:0.98 tex:90985 mv:15484 misc:4963 icu:98.00 pcu:967.00 scu:495.00 tlayer:2 pbqpoffset:3.71 pbfactor:1.53 avgQpOffsetCutree:-2.84;
in:114 out:116 type:B q:13.58 q-aq:12.11 q-noVbv:13.58 q-Rceq:0.98 tex:29967 mv:5726 misc:3667 icu:17.75 pcu:511.75 scu:1030.50 tlayer:3 pbqpoffset:3.71 pbfactor:1.53 avgQpOffsetCutree:-1.64;
in:113 out:117 type:b q:16.56 q-aq:16.08 q-noVbv:16.56 q-Rceq:0.98 tex:4934 mv:1324 misc:1414 icu:0.50 pcu:290.75 scu:1268.75 tlayer:4 pbqpoffset:6.71 pbfactor:2.17 avgQpOffsetCutree:0.00;
in:115 out:118 type:b q:16.60 q-aq:16.30 q-noVbv:16.60 q-Rceq:0.98 tex:4017 mv:1438 misc:1513 icu:0.00 pcu:298.50 scu:1261.50 tlayer:4 pbqpoffset:6.71 pbfactor:2.17 avgQpOffsetCutree:0.00;
in:118 out:119 type:B q:13.68 q-aq:12.09 q-noVbv:13.68 q-Rceq:0.98 tex:25849 mv:5951 misc:3456 icu:7.50 pcu:563.75 scu:988.75 tlayer:3 pbqpoffset:3.71 pbfactor:1.53 avgQpOffsetCutree:-1.65;
in:117 out:120 type:b q:16.65 q-aq:16.52 q-noVbv:16.65 q-Rceq:0.98 tex:1586 mv:914 misc:1284 icu:1.00 pcu:222.50 scu:1336.50 tlayer:4 pbqpoffset:6.71 pbfactor:2.17 avgQpOffsetCutree:0.00;
in:119 out:121 type:b q:16.70 q-aq:16.51 q-noVbv:16.70 q-Rceq:0.98 tex:1522 mv:950 misc:1120 icu:0.00 pcu:253.25 scu:1306.75 tlayer:4 pbqpoffset:6.71 pbfactor:2.17 avgQpOffsetCutree:0.00;
in:124 out:122 type:B q:13.58 q-aq:10.64 q-noVbv:13.58 q-Rceq:0.98 tex:81560 mv:10895 misc:5361 icu:103.25 pcu:943.00 scu:513.75 tlayer:2 pbqpoffset:3.47 pbfactor:1.49 avgQpOffsetCutree:-3.07;
in:122 out:123 type:B q:13.77 q-aq:12.30 q-noVbv:13.77 q-Rceq:0.98 tex:26109 mv:5745 misc:3922 icu:18.50 pcu:744.00 scu:797.50 tlayer:3 pbqpoffset:3.71 pbfactor:1.53 avgQpOffsetCutree:-1.64;
in:121 out:124 type:b q:16.75 q-aq:16.68 q-noVbv:16.75 q-Rceq:0.98 tex:1043 mv:691 misc:1234 icu:0.00 pcu:166.75 scu:1393.25 tlayer:4 pbqpoffset:6.71 pbfactor:2.17 avgQpOffsetCutree:0.00;
in:123 out:125 type:b q:16.80 q-aq:17.00 q-noVbv:16.80 q-Rceq:0.98 tex:1416 mv:854 misc:1386 icu:1.00 pcu:158.00 scu:1401.00 tlayer:4 pbqpoffset:6.71 pbfactor:2.17 avgQpOffsetCutree:0.00;
in:126 out:126 type:B q:13.87 q-aq:12.42 q-noVbv:13.87 q-Rceq:0.98 tex:36234 mv:7159 misc:4687 icu:54.25 pcu:887.00 scu:618.75 tlayer:3 pbqpoffset:3.71 pbfactor:1.53 avgQpOffsetCutree:-1.62;
in:125 out:127 type:b q:16.85 q-aq:17.00 q-noVbv:16.85 q-Rceq:0.98 tex:2359 mv:959 misc:1370 icu:0.00 pcu:208.50 scu:1351.50 tlayer:4 pbqpoffset:6.71 pbfactor:2.17 avgQpOffsetCutree:0.00;
in:127 out:128 type:b q:16.89 q-aq:17.00 q-noVbv:16.89 q-Rceq:0.98 tex:3920 mv:1647 misc:1569 icu:4.00 pcu:543.75 scu:1012.25 tlayer:4 pbqpoffset:6.71 pbfactor:2.17 avgQpOffsetCutree:0.00;
in:136 out:129 type:k q:10.32 q-aq:6.33 q-noVbv:10.32 q-Rceq:0.98 tex:477545 mv:38473 misc:3246 icu:1129.50 pcu:415.25 scu:15.25 tlayer:0 pbqpoffset:0.68 pbfactor:1.08 avgQpOffsetCutree:-4.62;
in:132 out:130 type:B q:12.18 q-aq:9.09 q-noVbv:12.18 q-Rceq:0.98 tex:165626 mv:25564 misc:6194 icu:127.00 pcu:1070.00 scu:363.00 tlayer:1 pbqpoffset:1.92 pbfactor:1.25 avgQpOffsetCutree:-3.07;
in:130 out:131 type:B q:13.44 q-aq:12.04 q-noVbv:13.44 q-Rceq:0.98 tex:28247 mv:4939 misc:3566 icu:6.50 pcu:579.50 scu:974.00 tlayer:2 pbqpoffset:3.20 pbfactor:1.45 avgQpOffsetCutree:-1.65;
in:129 out:132 type:b q:16.59 q-aq:16.08 q-noVbv:16.59 q-Rceq:0.98 tex:1158 mv:701 misc:1109 icu:0.00 pcu:121.50 scu:1438.50 tlayer:3 pbqpoffset:6.37 pbfactor:2.09 avgQpOffsetCutree:0.00;
in:131 out:133 type:b q:16.78 q-aq:17.00 q-noVbv:16.78 q-Rceq:0.98 tex:1107 mv:810 misc:1227 icu:0.00 pcu:220.50 scu:1339.50 tlayer:3 pbqpoffset:6.53 pbfactor:2.13 avgQpOffsetCutree:0.00;
in:134 out:134 type:B q:13.36 q-aq:11.91 q-noVbv:13.36 q-Rceq:0.98 tex:30234 mv:5549 misc:3833 icu:18.25 pcu:524.25 scu:1017.50 tlayer:2 pbqpoffset:3.07 pbfactor:1.43 avgQpOffsetCutree:-1.65;
in:133 out:135 type:b q:16.80 q-aq:17.00 q-noVbv:16.80 q-Rceq:0.98 tex:2952 mv:983 misc:1273 icu:0.00 pcu:241.00 scu:1319.00 tlayer:3 pbqpoffset:6.53 pbfactor:2.13 avgQpOffsetCutree:0.00;
in:135 out:136 type:b q:16.25 q-aq:16.00 q-noVbv:16.25 q-Rceq:0.98 tex:4072 mv:1189 misc:1299 icu:0.00 pcu:219.00 scu:1341.00 tlayer:3 pbqpoffset:5.95 pbfactor:1.99 avgQpOffsetCutree:0.00;
in:139 out:137 type:k q:10.53 q-aq:8.57 q-noVbv:10.53 q-Rceq:0.98 tex:232956 mv:40824 misc:5436 icu:127.50 pcu:1239.00 scu:193.50 tlayer:0 pbqpoffset:0.68 pbfactor:1.08 avgQpOffsetCutree:-1.94;
in:138 out:138 type:B q:11.48 q-aq:11.10 q-noVbv:11.48 q-Rceq:0.98 tex:20811 mv:10593 misc:3340 icu:4.75 pcu:809.50 scu:745.75 tlayer:1 pbqpoffset:1.02 pbfactor:1.13 avgQpOffsetCutree:-0.86;
in:137 out:139 type:b q:12.43 q-aq:12.04 q-noVbv:12.43 q-Rceq:0.98 tex:7168 mv:2616 misc:2176 icu:4.75 pcu:468.50 scu:1086.75 tlayer:2 pbqpoffset:2.04 pbfactor:1.27 avgQpOffsetCutree:0.00;
in:140 out:140 type:i q:18.92 q-aq:12.30 q-noVbv:18.92 q-Rceq:0.98 tex:219756 mv:23102 misc:3294 icu:1560.00 pcu:0.00 scu:0.00 tlayer:0 pbqpoffset:0.68 pbfactor:1.08 avgQpOffsetCutree:-5.47;
in:156 out:141 type:k q:17.83 q-aq:12.02 q-noVbv:17.83 q-Rceq:0.98 tex:215454 mv:21667 misc:3215 icu:1404.25 pcu:149.75 scu:6.00 tlayer:0 pbqpoffset:0.69 pbfactor:1.08 avgQpOffsetCutree:-5.52;
in:148 out:142 type:B q:19.79 q-aq:13.95 q-noVbv:19.79 q-Rceq:0.98 tex:74454 mv:17209 misc:4273 icu:232.50 pcu:1043.00 scu:284.50 tlayer:1 pbqpoffset:1.96 pbfactor:1.25 avgQpOffsetCutree:-4.67;
in:144 out:143 type:B q:20.99 q-aq:17.59 q-noVbv:20.99 q-Rceq:0.98 tex:8017 mv:4588 misc:2075 icu:7.00 pcu:692.50 scu:860.50 tlayer:2 pbqpoffset:3.16 pbfactor:1.44 avgQpOffsetCutree:-3.05;
in:142 out:144 type:B q:20.99 q-aq:19.70 q-noVbv:20.99 q-Rceq:0.98 tex:1416 mv:918 misc:714 icu:0.25 pcu:187.25 scu:1372.50 tlayer:3 pbqpoffset:3.16 pbfactor:1.44 avgQpOffsetCutree:-1.59;
in:141 out:145 type:b q:23.99 q-aq:24.00 q-noVbv:23.99 q-Rceq:0.98 tex:61 mv:119 misc:220 icu:0.00 pcu:40.00 scu:1520.00 tlayer:4 pbqpoffset:6.16 pbfactor:2.04 avgQpOffsetCutree:0.00;
in:143 out:146 type:b q:23.98 q-aq:24.00 q-noVbv:23.98 q-Rceq:0.98 tex:2 mv:184 misc:214 icu:0.00 pcu:4.00 scu:1556.00 tlayer:4 pbqpoffset:6.15 pbfactor:2.04 avgQpOffsetCutree:0.00;
in:146 out:147 type:B q:20.99 q-aq:19.27 q-noVbv:20.99 q-Rceq:0.98 tex:874 mv:830 misc:616 icu:0.25 pcu:193.50 scu:1366.25 tlayer:3 pbqpoffset:3.16 pbfactor:1.44 avgQpOffsetCutree:-1.71;
in:145 out:148 type:b q:23.99 q-aq:24.00 q-noVbv:23.99 q-Rceq:0.98 tex:168 mv:420 misc:332 icu:0.00 pcu:134.50 scu:1425.50 tlayer:4 pbqpoffset:6.16 pbfactor:2.04 avgQpOffsetCutree:0.00;
in:147 out:149 type:b q:23.98 q-aq:24.00 q-noVbv:23.98 q-Rceq:0.98 tex:37 mv:315 misc:264 icu:0.00 pcu:98.00 scu:1462.00 tlayer:4 pbqpoffset:6.15 pbfactor:2.04 avgQpOffsetCutree:0.00;
in:152 out:150 type:B q:19.97 q-aq:17.07 q-noVbv:19.97 q-Rceq:0.98 tex:29443 mv:9720 misc:2933 icu:33.00 pcu:1074.25 scu:452.75 tlayer:2 pbqpoffset:2.14 pbfactor:1.28 avgQpOffsetCutree:-2.55;
in:150 out:151 type:B q:20.99 q-aq:19.81 q-noVbv:20.99 q-Rceq:0.98 tex:1360 mv:1277 misc:787 icu:0.00 pcu:295.00 scu:1265.00 tlayer:3 pbqpoffset:3.16 pbfactor:1.44 avgQpOffsetCutree:-1.64;
in:149 out:152 type:b q:23.99 q-aq:24.00 q-noVbv:23.99 q-Rceq:0.98 tex:5 mv:174 misc:197 icu:0.00 pcu:68.00 scu:1492.00 tlayer:4 pbqpoffset:6.16 pbfactor:2.04 avgQpOffsetCutree:0.00;
in:151 out:153 type:b q:23.99 q-aq:24.00 q-noVbv:23.99 q-Rceq:0.98 tex:7 mv:234 misc:207 icu:0.00 pcu:128.00 scu:1432.00 tlayer:4 pbqpoffset:6.16 pbfactor:2.04 avgQpOffsetCutree:0.00;
in:154 out:154 type:B q:20.99 q-aq:19.85 q-noVbv:20.99 q-Rceq:0.98 tex:2450 mv:1335 misc:1007 icu:12.00 pcu:521.25 scu:1026.75 tlayer:3 pbqpoffset:3.16 pbfactor:1.44 avgQpOffsetCutree:-1.50;
in:153 out:155 type:b q:23.99 q-aq:24.00 q-noVbv:23.99 q-Rceq:0.98 tex:25 mv:228 misc:307 icu:0.00 pcu:92.00 scu:1468.00 tlayer:4 pbqpoffset:6.16 pbfactor:2.04 avgQpOffsetCutree:0.00;
in:155 out:156 type:b q:23.99 q-aq:24.00 q-noVbv:23.99 q-Rceq:0.98 tex:29 mv:154 misc:225 icu:0.00 pcu:68.00 scu:1492.00 tlayer:4 pbqpoffset:6.16 pbfactor:2.04 avgQpOffsetCutree:0.00;
in:172 out:157 type:k q:13.83 q-aq:6.92 q-noVbv:13.83 q-Rceq:0.98 tex:379224 mv:37146 misc:3454 icu:1406.25 pcu:142.00 scu:11.75 tlayer:0 pbqpoffset:0.67 pbfactor:1.08 avgQpOffsetCutree:-6.68;
in:164 out:158 type:B q:17.05 q-aq:11.22 q-noVbv:17.05 q-Rceq:0.98 tex:119373 mv:22270 misc:4261 icu:300.50 pcu:1046.75 scu:212.75 tlayer:1 pbqpoffset:1.22 pbfactor:1.15 avgQpOffsetCutree:-4.87;
in:160 out:159 type:B q:18.29 q-aq:14.96 q-noVbv:18.29 q-Rceq:0.98 tex:57464 mv:12265 misc:3391 icu:83.75 pcu:1101.75 scu:374.50 tlayer:2 pbqpoffset:1.46 pbfactor:1.18 avgQpOffsetCutree:-2.93;
in:158 out:160 type:B q:20.36 q-aq:19.12 q-noVbv:20.36 q-Rceq:0.98 tex:665 mv:875 misc:940 icu:0.00 pcu:327.50 scu:1232.50 tlayer:3 pbqpoffset:3.03 pbfactor:1.42 avgQpOffsetCutree:-1.50;
in:157 out:161 type:b q:23.61 q-aq:24.00 q-noVbv:23.61 q-Rceq:0.98 tex:23 mv:168 misc:233 icu:0.00 pcu:72.00 scu:1488.00 tlayer:4 pbqpoffset:6.03 pbfactor:2.01 avgQpOffsetCutree:0.00;
in:159 out:162 type:b q:23.11 q-aq:23.00 q-noVbv:23.11 q-Rceq:0.98 tex:85 mv:234 misc:297 icu:0.00 pcu:56.00 scu:1504.00 tlayer:4 pbqpoffset:6.03 pbfactor:2.01 avgQpOffsetCutree:0.00;
in:162 out:163 type:B q:19.36 q-aq:17.89 q-noVbv:19.36 q-Rceq:0.98 tex:2259 mv:1500 misc:1025 icu:0.00 pcu:316.00 scu:1244.00 tlayer:3 pbqpoffset:3.03 pbfactor:1.42 avgQpOffsetCutree:-1.64;
in:161 out:164 type:b q:22.61 q-aq:23.00 q-noVbv:22.61 q-Rceq:0.98 tex:142 mv:237 misc:285 icu:0.00 pcu:110.00 scu:1450.00 tlayer:4 pbqpoffset:6.03 pbfactor:2.01 avgQpOffsetCutree:0.00;
in:163 out:165 type:b q:22.11 q-aq:22.00 q-noVbv:22.11 q-Rceq:0.98 tex:295 mv:262 misc:355 icu:0.00 pcu:74.00 scu:1486.00 tlayer:4 pbqpoffset:6.03 pbfactor:2.01 avgQpOffsetCutree:0.00;
in:168 out:166 type:B q:16.82 q-aq:13.50 q-noVbv:16.82 q-Rceq:0.98 tex:55420 mv:14822 misc:3470 icu:34.50 pcu:1119.75 scu:405.75 tlayer:2 pbqpoffset:1.99 pbfactor:1.26 avgQpOffsetCutree:-2.81;
in:166 out:167 type:B q:18.36 q-aq:16.92 q-noVbv:18.36 q-Rceq:0.98 tex:2152 mv:1299 misc:1101 icu:0.25 pcu:300.75 scu:1259.00 tlayer:3 pbqpoffset:3.03 pbfactor:1.42 avgQpOffsetCutree:-1.62;
in:165 out:168 type:b q:21.61 q-aq:22.00 q-noVbv:21.61 q-Rceq:0.98 tex:132 mv:263 misc:405 icu:0.00 pcu:65.50 scu:1494.50 tlayer:4 pbqpoffset:6.03 pbfactor:2.01 avgQpOffsetCutree:0.00;
in:167 out:169 type:b q:21.11 q-aq:21.00 q-noVbv:21.11 q-Rceq:0.98 tex:77 mv:328 misc:355 icu:0.00 pcu:135.25 scu:1424.75 tlayer:4 pbqpoffset:6.03 pbfactor:2.01 avgQpOffsetCutree:0.00;
in:170 out:170 type:B q:17.36 q-aq:15.83 q-noVbv:17.36 q-Rceq:0.98 tex:5624 mv:2545 misc:1495 icu:8.00 pcu:388.25 scu:1163.75 tlayer:3 pbqpoffset:3.03 pbfactor:1.42 avgQpOffsetCutree:-1.53;
in:169 out:171 type:b q:20.61 q-aq:21.00 q-noVbv:20.61 q-Rceq:0.98 tex:299 mv:896 misc:549 icu:0.00 pcu:262.25 scu:1297.75 tlayer:4 pbqpoffset:6.03 pbfactor:2.01 avgQpOffsetCutree:0.00;
in:171 out:172 type:b q:20.11 q-aq:20.00 q-noVbv:20.11 q-Rceq:0.98 tex:33 mv:274 misc:397 icu:0.00 pcu:81.25 scu:1478.75 tlayer:4 pbqpoffset:6.03 pbfactor:2.01 avgQpOffsetCutree:0.00;
in:188 out:173 type:k q:9.83 q-aq:4.74 q-noVbv:9.83 q-Rceq:0.98 tex:504869 mv:47851 misc:3112 icu:1381.75 pcu:163.00 scu:15.25 tlayer:0 pbqpoffset:0.71 pbfactor:1.09 avgQpOffsetCutree:-5.34;
in:180 out:174 type:B q:13.13 q-aq:7.94 q-noVbv:13.13 q-Rceq:0.98 tex:224611 mv:37471 misc:4438 icu:641.25 pcu:823.00 scu:95.75 tlayer:1 pbqpoffset:1.30 pbfactor:1.16 avgQpOffsetCutree:-4.71;
in:176 out:175 type:B q:14.74 q-aq:11.41 q-noVbv:14.74 q-Rceq:0.98 tex:73088 mv:20309 misc:3771 icu:70.25 pcu:1167.50 scu:322.25 tlayer:2 pbqpoffset:1.91 pbfactor:1.25 avgQpOffsetCutree:-2.91;
in:174 out:176 type:B q:16.24 q-aq:14.53 q-noVbv:16.24 q-Rceq:0.98 tex:3544 mv:2049 misc:1591 icu:1.25 pcu:464.25 scu:1094.50 tlayer:3 pbqpoffset:2.90 pbfactor:1.40 avgQpOffsetCutree:-1.62;
in:173 out:177 type:b q:19.49 q-aq:19.00 q-noVbv:19.49 q-Rceq:0.98 tex:1027 mv:779 misc:666 icu:0.00 pcu:231.50 scu:1328.50 tlayer:4 pbqpoffset:5.90 pbfactor:1.98 avgQpOffsetCutree:0.00;
in:175 out:178 type:b q:18.99 q-aq:19.00 q-noVbv:18.99 q-Rceq:0.98 tex:729 mv:654 misc:673 icu:0.25 pcu:149.25 scu:1410.50 tlayer:4 pbqpoffset:5.90 pbfactor:1.98 avgQpOffsetCutree:0.00;
in:178 out:179 type:B q:15.24 q-aq:13.65 q-noVbv:15.24 q-Rceq:0.98 tex:4706 mv:3370 misc:1740 icu:3.00 pcu:606.50 scu:950.50 tlayer:3 pbqpoffset:2.90 pbfactor:1.40 avgQpOffsetCutree:-1.58;
in:177 out:180 type:b q:18.49 q-aq:18.00 q-noVbv:18.49 q-Rceq:0.98 tex:1471 mv:1300 misc:1061 icu:0.00 pcu:269.75 scu:1290.25 tlayer:4 pbqpoffset:5.90 pbfactor:1.98 avgQpOffsetCutree:0.00;
in:179 out:181 type:b q:17.99 q-aq:18.00 q-noVbv:17.99 q-Rceq:0.98 tex:511 mv:605 misc:724 icu:0.00 pcu:174.75 scu:1385.25 tlayer:4 pbqpoffset:5.90 pbfactor:1.98 avgQpOffsetCutree:0.00;
in:184 out:182 type:B q:12.49 q-aq:9.81 q-noVbv:12.49 q-Rceq:0.98 tex:106467 mv:24282 misc:4443 icu:146.25 pcu:1103.50 scu:310.25 tlayer:2 pbqpoffset:1.66 pbfactor:1.21 avgQpOffsetCutree:-2.44;
in:182 out:183 type:B q:14.24 q-aq:13.13 q-noVbv:14.24 q-Rceq:0.98 tex:4640 mv:3188 misc:1820 icu:13.00 pcu:575.25 scu:971.75 tlayer:3 pbqpoffset:2.90 pbfactor:1.40 avgQpOffsetCutree:-1.61;
in:181 out:184 type:b q:17.49 q-aq:17.35 q-noVbv:17.49 q-Rceq:0.98 tex:1019 mv:834 misc:851 icu:0.00 pcu:275.00 scu:1285.00 tlayer:4 pbqpoffset:5.90 pbfactor:1.98 avgQpOffsetCutree:0.00;
in:183 out:185 type:b q:16.99 q-aq:17.00 q-noVbv:16.99 q-Rceq:0.98 tex:534 mv:558 misc:740 icu:2.00 pcu:118.00 scu:1440.00 tlayer:4 pbqpoffset:5.90 pbfactor:1.98 avgQpOffsetCutree:0.00;
in:186 out:186 type:B q:13.24 q-aq:11.82 q-noVbv:13.24 q-Rceq:0.98 tex:40022 mv:9008 misc:3970 icu:95.75 pcu:801.00 scu:663.25 tlayer:3 pbqpoffset:2.90 pbfactor:1.40 avgQpOffsetCutree:-1.45;
in:185 out:187 type:b q:16.24 q-aq:16.00 q-noVbv:16.24 q-Rceq:0.98 tex:1995 mv:2318 misc:2023 icu:28.50 pcu:533.25 scu:998.25 tlayer:4 pbqpoffset:5.66 pbfactor:1.92 avgQpOffsetCutree:0.00;
in:187 out:188 type:b q:15.99 q-aq:16.00 q-noVbv:15.99 q-Rceq:0.98 tex:1094 mv:1226 misc:1040 icu:0.25 pcu:282.75 scu:1277.00 tlayer:4 pbqpoffset:5.90 pbfactor:1.98 avgQpOffsetCutree:0.00;
in:204 out:189 type:k q:9.33 q-aq:2.41 q-noVbv:9.33 q-Rceq:0.98 tex:691633 mv:51818 misc:2357 icu:1283.25 pcu:272.50 scu:4.25 tlayer:0 pbqpoffset:0.16 pbfactor:1.02 avgQpOffsetCutree:-6.83;
in:196 out:190 type:B q:10.53 q-aq:5.24 q-noVbv:10.53 q-Rceq:0.98 tex:355749 mv:42197 misc:4086 icu:642.25 pcu:820.50 scu:97.25 tlayer:1 pbqpoffset:0.95 pbfactor:1.12 avgQpOffsetCutree:-4.86;
in:192 out:191 type:B q:11.00 q-aq:8.15 q-noVbv:11.00 q-Rceq:0.98 tex:157998 mv:27905 misc:4553 icu:276.75 pcu:1049.75 scu:233.50 tlayer:2 pbqpoffset:1.29 pbfactor:1.16 avgQpOffsetCutree:-2.66;
in:190 out:192 type:B q:12.49 q-aq:10.70 q-noVbv:12.49 q-Rceq:0.98 tex:13679 mv:7418 misc:3783 icu:130.25 pcu:667.00 scu:762.75 tlayer:3 pbqpoffset:2.72 pbfactor:1.37 avgQpOffsetCutree:-1.69;
in:189 out:193 type:b q:14.45 q-aq:14.01 q-noVbv:14.45 q-Rceq:0.98 tex:10772 mv:5514 misc:2922 icu:19.50 pcu:764.75 scu:775.75 tlayer:4 pbqpoffset:4.65 pbfactor:1.71 avgQpOffsetCutree:0.00;
in:191 out:194 type:b q:13.36 q-aq:13.00 q-noVbv:13.36 q-Rceq:0.98 tex:22956 mv:6963 misc:3033 icu:29.50 pcu:870.75 scu:659.75 tlayer:4 pbqpoffset:3.62 pbfactor:1.52 avgQpOffsetCutree:0.00;
in:194 out:195 type:B q:12.36 q-aq:10.70 q-noVbv:12.36 q-Rceq:0.98 tex:10307 mv:5242 misc:2203 icu:8.25 pcu:765.00 scu:786.75 tlayer:3 pbqpoffset:2.72 pbfactor:1.37 avgQpOffsetCutree:-1.75;
in:193 out:196 type:b q:15.28 q-aq:15.00 q-noVbv:15.28 q-Rceq:0.98 tex:4373 mv:2504 misc:1379 icu:1.00 pcu:511.00 scu:1048.00 tlayer:4 pbqpoffset:5.61 pbfactor:1.91 avgQpOffsetCutree:0.00;
in:195 out:197 type:b q:15.33 q-aq:15.00 q-noVbv:15.33 q-Rceq:0.98 tex:1257 mv:1013 misc:858 icu:0.00 pcu:219.25 scu:1340.75 tlayer:4 pbqpoffset:5.72 pbfactor:1.94 avgQpOffsetCutree:0.00;
in:200 out:198 type:B q:11.71 q-aq:8.77 q-noVbv:11.71 q-Rceq:0.98 tex:95256 mv:23342 misc:4122 icu:109.50 pcu:1180.50 scu:270.00 tlayer:2 pbqpoffset:2.26 pbfactor:1.30 avgQpOffsetCutree:-2.64;
in:198 out:199 type:B q:12.24 q-aq:10.58 q-noVbv:12.24 q-Rceq:0.98 tex:7059 mv:4848 misc:1989 icu:17.75 pcu:746.00 scu:796.25 tlayer:3 pbqpoffset:2.72 pbfactor:1.37 avgQpOffsetCutree:-1.71;
in:197 out:200 type:b q:15.27 q-aq:15.00 q-noVbv:15.27 q-Rceq:0.98 tex:867 mv:1135 misc:990 icu:0.00 pcu:251.75 scu:1308.25 tlayer:4 pbqpoffset:5.72 pbfactor:1.94 avgQpOffsetCutree:0.00;
in:199 out:201 type:b q:13.79 q-aq:13.49 q-noVbv:13.79 q-Rceq:0.98 tex:4280 mv:3080 misc:1520 icu:5.00 pcu:703.25 scu:851.75 tlayer:4 pbqpoffset:4.31 pbfactor:1.64 avgQpOffsetCutree:0.00;
in:202 out:202 type:B q:12.11 q-aq:10.42 q-noVbv:12.11 q-Rceq:0.98 tex:9082 mv:5101 misc:2105 icu:20.00 pcu:654.50 scu:885.50 tlayer:3 pbqpoffset:2.72 pbfactor:1.37 avgQpOffsetCutree:-1.58;
in:201 out:203 type:b q:14.60 q-aq:14.29 q-noVbv:14.60 q-Rceq:0.98 tex:3165 mv:2161 misc:1378 icu:0.00 pcu:436.00 scu:1124.00 tlayer:4 pbqpoffset:5.18 pbfactor:1.82 avgQpOffsetCutree:0.00;
in:203 out:204 type:b q:15.08 q-aq:15.00 q-noVbv:15.08 q-Rceq:0.98 tex:552 mv:1432 misc:912 icu:1.00 pcu:357.50 scu:1201.50 tlayer:4 pbqpoffset:5.72 pbfactor:1.94 avgQpOffsetCutree:0.00;
in:220 out:205 type:k q:9.71 q-aq:4.43 q-noVbv:9.71 q-Rceq:0.98 tex:486144 mv:48518 misc:3234 icu:1336.50 pcu:199.00 scu:24.50 tlayer:0 pbqpoffset:0.03 pbfactor:1.00 avgQpOffsetCutree:-5.30;
in:212 out:206 type:B q:10.67 q-aq:5.54 q-noVbv:10.67 q-Rceq:0.98 tex:301681 mv:41674 misc:4037 icu:556.75 pcu:890.75 scu:112.50 tlayer:1 pbqpoffset:1.16 pbfactor:1.14 avgQpOffsetCutree:-4.69;
in:208 out:207 type:B q:11.42 q-aq:8.42 q-noVbv:11.42 q-Rceq:0.98 tex:86770 mv:26006 misc:3992 icu:89.75 pcu:1138.25 scu:332.00 tlayer:2 pbqpoffset:2.00 pbfactor:1.26 avgQpOffsetCutree:-2.73;
in:206 out:208 type:B q:11.96 q-aq:10.86 q-noVbv:11.96 q-Rceq:0.98 tex:9369 mv:5394 misc:2149 icu:6.25 pcu:712.75 scu:841.00 tlayer:3 pbqpoffset:2.59 pbfactor:1.35 avgQpOffsetCutree:-1.57;
in:205 out:209 type:b q:14.84 q-aq:14.88 q-noVbv:14.84 q-Rceq:0.98 tex:2215 mv:1527 misc:1066 icu:4.25 pcu:358.75 scu:1197.00 tlayer:4 pbqpoffset:5.49 pbfactor:1.89 avgQpOffsetCutree:0.00;
in:207 out:210 type:b q:14.99 q-aq:15.00 q-noVbv:14.99 q-Rceq:0.98 tex:643 mv:1584 misc:949 icu:1.00 pcu:451.50 scu:1107.50 tlayer:4 pbqpoffset:5.59 pbfactor:1.91 avgQpOffsetCutree:0.00;
in:210 out:211 type:B q:12.06 q-aq:10.42 q-noVbv:12.06 q-Rceq:0.98 tex:6972 mv:4550 misc:2062 icu:8.75 pcu:616.50 scu:934.75 tlayer:3 pbqpoffset:2.59 pbfactor:1.35 avgQpOffsetCutree:-1.54;
in:209 out:212 type:b q:15.04 q-aq:15.00 q-noVbv:15.04 q-Rceq:0.98 tex:2507 mv:1879 misc:1230 icu:0.00 pcu:362.75 scu:1197.25 tlayer:4 pbqpoffset:5.59 pbfactor:1.91 avgQpOffsetCutree:0.00;
in:211 out:213 type:b q:14.66 q-aq:14.45 q-noVbv:14.66 q-Rceq:0.98 tex:2315 mv:1471 misc:1206 icu:0.00 pcu:320.00 scu:1240.00 tlayer:4 pbqpoffset:5.16 pbfactor:1.82 avgQpOffsetCutree:0.00;
in:216 out:214 type:B q:11.27 q-aq:8.51 q-noVbv:11.27 q-Rceq:0.98 tex:115795 mv:27035 misc:4282 icu:153.25 pcu:1183.25 scu:223.50 tlayer:2 pbqpoffset:1.66 pbfactor:1.21 avgQpOffsetCutree:-2.63;
in:214 out:215 type:B q:12.16 q-aq:10.70 q-noVbv:12.16 q-Rceq:0.98 tex:7038 mv:4084 misc:1926 icu:12.50 pcu:564.50 scu:983.00 tlayer:3 pbqpoffset:2.59 pbfactor:1.35 avgQpOffsetCutree:-1.57;
in:213 out:216 type:b q:15.13 q-aq:15.00 q-noVbv:15.13 q-Rceq:0.98 tex:552 mv:1555 misc:925 icu:1.00 pcu:467.50 scu:1091.50 tlayer:4 pbqpoffset:5.59 pbfactor:1.91 avgQpOffsetCutree:0.00;
in:215 out:217 type:b q:15.18 q-aq:15.00 q-noVbv:15.18 q-Rceq:0.98 tex:566 mv:1279 misc:939 icu:0.00 pcu:270.25 scu:1289.75 tlayer:4 pbqpoffset:5.59 pbfactor:1.91 avgQpOffsetCutree:0.00;
in:218 out:218 type:B q:12.25 q-aq:10.92 q-noVbv:12.25 q-Rceq:0.98 tex:16009 mv:8342 misc:3841 icu:91.25 pcu:882.75 scu:586.00 tlayer:3 pbqpoffset:2.59 pbfactor:1.35 avgQpOffsetCutree:-1.43;
in:217 out:219 type:b q:14.76 q-aq:14.58 q-noVbv:14.76 q-Rceq:0.98 tex:1922 mv:2394 misc:2036 icu:12.00 pcu:514.25 scu:1033.75 tlayer:4 pbqpoffset:5.12 pbfactor:1.81 avgQpOffsetCutree:0.00;
in:219 out:220 type:b q:15.27 q-aq:15.00 q-noVbv:15.27 q-Rceq:0.98 tex:1035 mv:2110 misc:1703 icu:2.00 pcu:468.50 scu:1089.50 tlayer:4 pbqpoffset:5.59 pbfactor:1.91 avgQpOffsetCutree:0.00;
in:236 out:221 type:k q:8.69 q-aq:2.85 q-noVbv:8.69 q-Rceq:0.98 tex:670762 mv:53239 misc:2879 icu:1291.25 pcu:253.50 scu:15.25 tlayer:0 pbqpoffset:-0.10 pbfactor:0.99 avgQpOffsetCutree:-5.69;
in:228 out:222 type:B q:10.50 q-aq:5.18 q-noVbv:10.50 q-Rceq:0.98 tex:314022 mv:38825 misc:4217 icu:578.00 pcu:860.00 scu:122.00 tlayer:1 pbqpoffset:1.30 pbfactor:1.16 avgQpOffsetCutree:-4.71;
in:224 out:223 type:B q:10.72 q-aq:7.56 q-noVbv:10.72 q-Rceq:0.98 tex:145887 mv:31684 misc:4421 icu:251.25 pcu:1125.50 scu:183.25 tlayer:2 pbqpoffset:1.27 pbfactor:1.16 avgQpOffsetCutree:-2.84;
in:222 out:224 type:B q:12.18 q-aq:10.76 q-noVbv:12.18 q-Rceq:0.98 tex:13278 mv:6651 misc:3583 icu:97.50 pcu:706.75 scu:755.75 tlayer:3 pbqpoffset:2.60 pbfactor:1.35 avgQpOffsetCutree:-1.43;
in:221 out:225 type:b q:15.10 q-aq:15.00 q-noVbv:15.10 q-Rceq:0.98 tex:656 mv:1862 misc:1490 icu:1.00 pcu:468.00 scu:1091.00 tlayer:4 pbqpoffset:5.45 pbfactor:1.88 avgQpOffsetCutree:0.00;
in:223 out:226 type:b q:14.80 q-aq:14.97 q-noVbv:14.80 q-Rceq:0.98 tex:1708 mv:2559 misc:1757 icu:2.00 pcu:677.50 scu:880.50 tlayer:4 pbqpoffset:5.28 pbfactor:1.84 avgQpOffsetCutree:0.00;
in:226 out:227 type:B q:11.93 q-aq:10.23 q-noVbv:11.93 q-Rceq:0.98 tex:7201 mv:4545 misc:2238 icu:9.50 pcu:734.25 scu:816.25 tlayer:3 pbqpoffset:2.60 pbfactor:1.35 avgQpOffsetCutree:-1.56;
in:225 out:228 type:b q:14.99 q-aq:15.00 q-noVbv:14.99 q-Rceq:0.98 tex:935 mv:1371 misc:918 icu:0.00 pcu:349.75 scu:1210.25 tlayer:4 pbqpoffset:5.60 pbfactor:1.91 avgQpOffsetCutree:0.00;
in:227 out:229 type:b q:14.86 q-aq:15.00 q-noVbv:14.86 q-Rceq:0.98 tex:545 mv:887 misc:824 icu:0.00 pcu:176.00 scu:1384.00 tlayer:4 pbqpoffset:5.60 pbfactor:1.91 avgQpOffsetCutree:0.00;
in:232 out:230 type:B q:11.54 q-aq:8.59 q-noVbv:11.54 q-Rceq:0.98 tex:30921 mv:11139 misc:3044 icu:19.50 pcu:886.00 scu:654.50 tlayer:2 pbqpoffset:2.60 pbfactor:1.35 avgQpOffsetCutree:-2.69;
in:230 out:231 type:B q:11.67 q-aq:10.48 q-noVbv:11.67 q-Rceq:0.98 tex:8837 mv:5214 misc:1965 icu:16.75 pcu:920.25 scu:623.00 tlayer:3 pbqpoffset:2.60 pbfactor:1.35 avgQpOffsetCutree:-1.50;
in:229 out:232 type:b q:14.73 q-aq:15.00 q-noVbv:14.73 q-Rceq:0.98 tex:354 mv:1039 misc:759 icu:1.00 pcu:240.50 scu:1318.50 tlayer:4 pbqpoffset:5.60 pbfactor:1.91 avgQpOffsetCutree:0.00;
in:231 out:233 type:b q:14.19 q-aq:14.00 q-noVbv:14.19 q-Rceq:0.98 tex:1473 mv:2295 misc:1072 icu:1.00 pcu:560.50 scu:998.50 tlayer:4 pbqpoffset:5.18 pbfactor:1.82 avgQpOffsetCutree:0.00;
in:234 out:234 type:B q:11.42 q-aq:9.98 q-noVbv:11.42 q-Rceq:0.98 tex:7985 mv:5297 misc:1942 icu:3.50 pcu:770.75 scu:785.75 tlayer:3 pbqpoffset:2.60 pbfactor:1.35 avgQpOffsetCutree:-1.55;
in:233 out:235 type:b q:13.04 q-aq:13.00 q-noVbv:13.04 q-Rceq:0.98 tex:3194 mv:2552 misc:1278 icu:4.00 pcu:571.50 scu:984.50 tlayer:4 pbqpoffset:4.15 pbfactor:1.62 avgQpOffsetCutree:0.00;
in:235 out:236 type:b q:13.97 q-aq:14.00 q-noVbv:13.97 q-Rceq:0.98 tex:1130 mv:1303 misc:975 icu:0.25 pcu:346.25 scu:1213.50 tlayer:4 pbqpoffset:5.21 pbfactor:1.83 avgQpOffsetCutree:0.00;
in:239 out:237 type:k q:8.76 q-aq:7.25 q-noVbv:8.76 q-Rceq:0.98 tex:65525 mv:18257 misc:4082 icu:54.50 pcu:1017.50 scu:488.00 tlayer:0 pbqpoffset:-0.10 pbfactor:0.99 avgQpOffsetCutree:-1.47;
in:238 out:238 type:B q:9.32 q-aq:8.72 q-noVbv:9.32 q-Rceq:0.98 tex:15688 mv:8686 misc:2234 icu:8.50 pcu:1085.75 scu:465.75 tlayer:1 pbqpoffset:0.58 pbfactor:1.07 avgQpOffsetCutree:-0.88;
in:237 out:239 type:b q:10.43 q-aq:10.01 q-noVbv:10.43 q-Rceq:0.98 tex:3280 mv:3096 misc:1480 icu:5.00 pcu:599.75 scu:955.25 tlayer:2 pbqpoffset:1.71 pbfactor:1.22 avgQpOffsetCutree:0.00;
