#options: cpuid=1173503 frame-threads=1 no-wpp no-pmode no-pme psnr no-ssim log-level=2 bitdepth=8 input-csp=1 fps=24000/1000 input-res=832x480 interlace=0 total-frames=240 level-idc=0 high-tier=1 uhd-bd=0 ref=4 no-allow-non-conformance no-repeat-headers annexb no-aud no-hrd info hash=0 no-temporal-layers open-gop min-keyint=1 keyint=5000 bframes=15 b-adapt=2 b-pyramid bframe-bias=0 rc-lookahead=40 lookahead-slices=0 scenecut=40 no-intra-refresh ctu=64 min-cu-size=8 rect amp max-tu-size=32 tu-inter-depth=3 tu-intra-depth=3 limit-tu=4 rdoq-level=2 dynamic-rd=0.00 no-ssim-rd signhide no-tskip nr-intra=0 nr-inter=0 no-constrained-intra strong-intra-smoothing max-merge=4 limit-refs=1 limit-modes me=3 subme=4 merange=57 temporal-mvp weightp weightb no-analyze-src-pics deblock=0:0 sao no-sao-non-deblock rd=6 no-early-skip rskip no-fast-intra no-tskip-fast no-cu-lossless b-intra rdpenalty=0 psy-rd=0.00 psy-rdoq=0.00 no-rd-refine analysis-reuse-mode=0 no-lossless cbqpoffs=0 crqpoffs=0 rc=abr bitrate=2000 qcomp=0.60 qpstep=4 stats-write=1 stats-read=0 slow-firstpass ipratio=1.40 pbratio=1.30 aq-mode=1 aq-strength=0.00 cutree zone-count=0 no-strict-cbr qg-size=64 no-rc-grain qpmax=69 qpmin=0 no-const-vbv sar=0 overscan=0 videoformat=5 range=0 colorprim=2 transfer=2 colormatrix=2 chromaloc=0 display-window=0 max-cll=0,0 min-luma=0 max-luma=255 log2-max-poc-lsb=8 vui-timing-info vui-hrd-info slices=1 opt-qp-pps opt-ref-list-length-pps no-multi-pass-opt-rps scenecut-bias=0.05 no-opt-cu-delta-qp no-aq-motion no-hdr no-hdr-opt no-dhdr10-opt analysis-reuse-level=5 scale-factor=0 refine-intra=0 refine-inter=0 refine-mv=0 no-limit-sao ctu-info=0 max-tlayer=4
in:0 out:0 type:I q:18.55 q-aq:14.07 q-noVbv:18.55 q-Rceq:0.98 tex:203175 mv:20053 misc:2572 icu:1560.00 pcu:0.00 scu:0.00 tlayer:0 pbqpoffset:0.00 pbfactor:1.00 avgQpOffsetCutree:-4.09;
in:16 out:1 type:k q:21.47 q-aq:16.12 q-noVbv:21.47 q-Rceq:0.98 tex:156130 mv:21089 misc:2973 icu:993.00 pcu:518.50 scu:48.50 tlayer:0 pbqpoffset:0.00 pbfactor:1.00 avgQpOffsetCutree:-5.31;
in:8 out:2 type:B q:23.25 q-aq:17.90 q-noVbv:23.25 q-Rceq:0.98 tex:56797 mv:13418 misc:3489 icu:218.50 pcu:966.75 scu:374.75 tlayer:1 pbqpoffset:1.79 pbfactor:1.23 avgQpOffsetCutree:-4.41;
in:4 out:3 type:B q:24.69 q-aq:21.34 q-noVbv:24.69 q-Rceq:0.98 tex:14368 mv:4392 misc:1720 icu:84.50 pcu:895.50 scu:580.00 tlayer:2 pbqpoffset:3.22 pbfactor:1.45 avgQpOffsetCutree:-2.95;
in:2 out:4 type:B q:24.91 q-aq:24.60 q-noVbv:24.91 q-Rceq:0.98 tex:12128 mv:2648 misc:1144 icu:174.50 pcu:926.50 scu:459.00 tlayer:3 pbqpoffset:3.45 pbfactor:1.49 avgQpOffsetCutree:-0.89;
in:1 out:5 type:b q:24.18 q-aq:24.62 q-noVbv:24.18 q-Rceq:0.98 tex:12800 mv:3908 misc:1796 icu:347.75 pcu:785.50 scu:426.75 tlayer:4 pbqpoffset:2.72 pbfactor:1.37 avgQpOffsetCutree:0.00;
in:3 out:6 type:b q:24.18 q-aq:24.27 q-noVbv:24.18 q-Rceq:0.98 tex:9448 mv:2147 misc:1229 icu:183.00 pcu:867.00 scu:510.00 tlayer:4 pbqpoffset:2.72 pbfactor:1.37 avgQpOffsetCutree:0.00;
in:6 out:7 type:B q:24.91 q-aq:23.65 q-noVbv:24.91 q-Rceq:0.98 tex:639 mv:694 misc:595 icu:0.25 pcu:194.00 scu:1365.75 tlayer:3 pbqpoffset:3.45 pbfactor:1.49 avgQpOffsetCutree:-1.58;
in:5 out:8 type:b q:27.90 q-aq:28.00 q-noVbv:27.90 q-Rceq:0.98 tex:1 mv:66 misc:173 icu:0.00 pcu:4.00 scu:1556.00 tlayer:4 pbqpoffset:6.44 pbfactor:2.10 avgQpOffsetCutree:0.00;
in:7 out:9 type:b q:27.91 q-aq:28.00 q-noVbv:27.91 q-Rceq:0.98 tex:1 mv:52 misc:179 icu:0.00 pcu:16.00 scu:1544.00 tlayer:4 pbqpoffset:6.45 pbfactor:2.11 avgQpOffsetCutree:0.00;
in:12 out:10 type:B q:24.91 q-aq:21.38 q-noVbv:24.91 q-Rceq:0.98 tex:3852 mv:2133 misc:1175 icu:11.50 pcu:333.50 scu:1215.00 tlayer:2 pbqpoffset:3.45 pbfactor:1.49 avgQpOffsetCutree:-2.99;
in:10 out:11 type:B q:24.91 q-aq:23.15 q-noVbv:24.91 q-Rceq:0.98 tex:737 mv:654 misc:633 icu:4.00 pcu:144.25 scu:1411.75 tlayer:3 pbqpoffset:3.45 pbfactor:1.49 avgQpOffsetCutree:-1.51;
in:9 out:12 type:b q:27.68 q-aq:28.00 q-noVbv:27.68 q-Rceq:0.98 tex:0 mv:44 misc:180 icu:0.00 pcu:0.00 scu:1560.00 tlayer:4 pbqpoffset:6.22 pbfactor:2.05 avgQpOffsetCutree:0.00;
in:11 out:13 type:b q:27.82 q-aq:28.00 q-noVbv:27.82 q-Rceq:0.98 tex:0 mv:44 misc:180 icu:0.00 pcu:0.00 scu:1560.00 tlayer:4 pbqpoffset:6.36 pbfactor:2.08 avgQpOffsetCutree:0.00;
in:14 out:14 type:B q:24.91 q-aq:23.08 q-noVbv:24.91 q-Rceq:0.98 tex:729 mv:595 misc:524 icu:0.00 pcu:133.00 scu:1427.00 tlayer:3 pbqpoffset:3.45 pbfactor:1.49 avgQpOffsetCutree:-1.51;
in:13 out:15 type:b q:27.91 q-aq:28.00 q-noVbv:27.91 q-Rceq:0.98 tex:122 mv:214 misc:192 icu:0.50 pcu:21.00 scu:1538.50 tlayer:4 pbqpoffset:6.45 pbfactor:2.11 avgQpOffsetCutree:0.00;
in:15 out:16 type:b q:27.85 q-aq:28.00 q-noVbv:27.85 q-Rceq:0.98 tex:1 mv:315 misc:228 icu:0.00 pcu:44.00 scu:1516.00 tlayer:4 pbqpoffset:6.38 pbfactor:2.09 avgQpOffsetCutree:0.00;
in:20 out:17 type:k q:17.47 q-aq:13.66 q-noVbv:17.47 q-Rceq:0.98 tex:103142 mv:18791 misc:4243 icu:295.50 pcu:954.75 scu:309.75 tlayer:0 pbqpoffset:0.00 pbfactor:1.00 avgQpOffsetCutree:-3.19;
in:18 out:18 type:B q:21.36 q-aq:19.63 q-noVbv:21.36 q-Rceq:0.98 tex:3440 mv:1344 misc:1024 icu:2.75 pcu:228.75 scu:1328.50 tlayer:1 pbqpoffset:1.89 pbfactor:1.24 avgQpOffsetCutree:-1.60;
in:17 out:19 type:b q:23.45 q-aq:23.00 q-noVbv:23.45 q-Rceq:0.98 tex:6 mv:180 misc:358 icu:0.00 pcu:84.00 scu:1476.00 tlayer:2 pbqpoffset:2.99 pbfactor:1.41 avgQpOffsetCutree:0.00;
in:19 out:20 type:b q:21.35 q-aq:21.00 q-noVbv:21.35 q-Rceq:0.98 tex:6 mv:185 misc:337 icu:0.00 pcu:64.00 scu:1496.00 tlayer:2 pbqpoffset:2.89 pbfactor:1.40 avgQpOffsetCutree:0.00;
in:21 out:21 type:k q:13.47 q-aq:12.23 q-noVbv:13.47 q-Rceq:0.98 tex:124605 mv:14685 misc:3358 icu:677.50 pcu:684.25 scu:198.25 tlayer:0 pbqpoffset:0.00 pbfactor:1.00 avgQpOffsetCutree:-1.67;
in:26 out:22 type:k q:12.10 q-aq:7.93 q-noVbv:12.10 q-Rceq:0.98 tex:414208 mv:33412 misc:3124 icu:1335.75 pcu:209.50 scu:14.75 tlayer:0 pbqpoffset:0.00 pbfactor:1.00 avgQpOffsetCutree:-4.72;
in:24 out:23 type:B q:13.92 q-aq:12.96 q-noVbv:13.92 q-Rceq:0.98 tex:86954 mv:20558 misc:4168 icu:110.75 pcu:1053.75 scu:395.50 tlayer:1 pbqpoffset:1.28 pbfactor:1.16 avgQpOffsetCutree:-1.38;
in:23 out:24 type:B q:15.89 q-aq:16.39 q-noVbv:15.89 q-Rceq:0.98 tex:25272 mv:7010 misc:2438 icu:300.50 pcu:865.00 scu:394.50 tlayer:2 pbqpoffset:2.97 pbfactor:1.41 avgQpOffsetCutree:-0.42;
in:22 out:25 type:b q:15.43 q-aq:16.02 q-noVbv:15.43 q-Rceq:0.98 tex:8211 mv:3479 misc:1726 icu:253.00 pcu:467.00 scu:840.00 tlayer:3 pbqpoffset:2.24 pbfactor:1.30 avgQpOffsetCutree:0.00;
in:25 out:26 type:b q:18.30 q-aq:18.00 q-noVbv:18.30 q-Rceq:0.98 tex:415 mv:526 misc:931 icu:4.00 pcu:291.00 scu:1265.00 tlayer:2 pbqpoffset:5.93 pbfactor:1.98 avgQpOffsetCutree:0.00;
in:42 out:27 type:k q:10.48 q-aq:7.78 q-noVbv:10.48 q-Rceq:0.98 tex:370108 mv:26325 misc:2599 icu:1488.25 pcu:70.50 scu:1.25 tlayer:0 pbqpoffset:0.00 pbfactor:1.00 avgQpOffsetCutree:-3.59;
in:34 out:28 type:B q:12.60 q-aq:7.96 q-noVbv:12.60 q-Rceq:0.98 tex:366332 mv:31469 misc:3391 icu:1269.75 pcu:282.00 scu:8.25 tlayer:1 pbqpoffset:1.32 pbfactor:1.16 avgQpOffsetCutree:-4.82;
in:30 out:29 type:B q:13.53 q-aq:11.08 q-noVbv:13.53 q-Rceq:0.98 tex:115560 mv:21273 misc:4527 icu:445.25 pcu:862.75 scu:252.00 tlayer:2 pbqpoffset:1.84 pbfactor:1.24 avgQpOffsetCutree:-2.45;
in:28 out:30 type:B q:14.72 q-aq:13.53 q-noVbv:14.72 q-Rceq:0.98 tex:40351 mv:8461 misc:3308 icu:75.75 pcu:781.75 scu:702.50 tlayer:3 pbqpoffset:2.82 pbfactor:1.39 avgQpOffsetCutree:-1.44;
in:27 out:31 type:b q:18.18 q-aq:18.00 q-noVbv:18.18 q-Rceq:0.98 tex:541 mv:908 misc:871 icu:0.00 pcu:297.00 scu:1263.00 tlayer:4 pbqpoffset:6.18 pbfactor:2.04 avgQpOffsetCutree:0.00;
in:29 out:32 type:b q:17.92 q-aq:18.00 q-noVbv:17.92 q-Rceq:0.98 tex:548 mv:851 misc:1065 icu:11.00 pcu:226.50 scu:1322.50 tlayer:4 pbqpoffset:6.13 pbfactor:2.03 avgQpOffsetCutree:0.00;
in:32 out:33 type:B q:13.43 q-aq:12.20 q-noVbv:13.43 q-Rceq:0.98 tex:97717 mv:16492 misc:4191 icu:209.00 pcu:1066.75 scu:284.25 tlayer:3 pbqpoffset:1.94 pbfactor:1.25 avgQpOffsetCutree:-1.53;
in:31 out:34 type:b q:17.76 q-aq:18.00 q-noVbv:17.76 q-Rceq:0.98 tex:1148 mv:1292 misc:1232 icu:0.00 pcu:406.75 scu:1153.25 tlayer:4 pbqpoffset:6.17 pbfactor:2.04 avgQpOffsetCutree:0.00;
in:33 out:35 type:b q:17.57 q-aq:17.63 q-noVbv:17.57 q-Rceq:0.98 tex:773 mv:961 misc:898 icu:1.00 pcu:254.50 scu:1304.50 tlayer:4 pbqpoffset:6.18 pbfactor:2.04 avgQpOffsetCutree:0.00;
in:38 out:36 type:B q:12.60 q-aq:9.09 q-noVbv:12.60 q-Rceq:0.98 tex:176875 mv:28142 misc:4631 icu:375.50 pcu:1015.75 scu:168.75 tlayer:2 pbqpoffset:1.72 pbfactor:1.22 avgQpOffsetCutree:-3.39;
in:36 out:37 type:B q:14.13 q-aq:12.95 q-noVbv:14.13 q-Rceq:0.98 tex:42524 mv:9990 misc:3262 icu:41.25 pcu:877.00 scu:641.75 tlayer:3 pbqpoffset:3.04 pbfactor:1.42 avgQpOffsetCutree:-1.49;
in:35 out:38 type:b q:17.37 q-aq:17.00 q-noVbv:17.37 q-Rceq:0.98 tex:269 mv:1075 misc:896 icu:1.00 pcu:295.25 scu:1263.75 tlayer:4 pbqpoffset:6.18 pbfactor:2.04 avgQpOffsetCutree:0.00;
in:37 out:39 type:b q:17.17 q-aq:17.00 q-noVbv:17.17 q-Rceq:0.98 tex:203 mv:885 misc:824 icu:0.00 pcu:287.25 scu:1272.75 tlayer:4 pbqpoffset:6.18 pbfactor:2.04 avgQpOffsetCutree:0.00;
in:40 out:40 type:B q:12.59 q-aq:11.25 q-noVbv:12.59 q-Rceq:0.98 tex:105595 mv:21425 misc:4468 icu:158.75 pcu:1177.50 scu:223.75 tlayer:3 pbqpoffset:1.91 pbfactor:1.25 avgQpOffsetCutree:-1.56;
in:39 out:41 type:b q:16.97 q-aq:17.00 q-noVbv:16.97 q-Rceq:0.98 tex:1071 mv:905 misc:928 icu:0.00 pcu:236.25 scu:1323.75 tlayer:4 pbqpoffset:6.18 pbfactor:2.04 avgQpOffsetCutree:0.00;
in:41 out:42 type:b q:15.16 q-aq:15.00 q-noVbv:15.16 q-Rceq:0.98 tex:21019 mv:4353 misc:1940 icu:24.25 pcu:951.75 scu:584.00 tlayer:4 pbqpoffset:4.58 pbfactor:1.70 avgQpOffsetCutree:0.00;
in:58 out:43 type:k q:11.24 q-aq:7.00 q-noVbv:11.24 q-Rceq:0.98 tex:489613 mv:31632 misc:2923 icu:1401.50 pcu:158.00 scu:0.50 tlayer:0 pbqpoffset:0.00 pbfactor:1.00 avgQpOffsetCutree:-5.11;
in:50 out:44 type:B q:12.29 q-aq:7.53 q-noVbv:12.29 q-Rceq:0.98 tex:379369 mv:40377 misc:3878 icu:916.75 pcu:619.75 scu:23.50 tlayer:1 pbqpoffset:1.44 pbfactor:1.18 avgQpOffsetCutree:-4.97;
in:46 out:45 type:B q:13.97 q-aq:10.80 q-noVbv:13.97 q-Rceq:0.98 tex:124017 mv:24450 misc:4709 icu:228.00 pcu:1071.50 scu:260.50 tlayer:2 pbqpoffset:3.30 pbfactor:1.46 avgQpOffsetCutree:-3.03;
in:44 out:46 type:B q:13.88 q-aq:13.57 q-noVbv:13.88 q-Rceq:0.98 tex:54028 mv:10575 misc:2949 icu:321.75 pcu:892.00 scu:346.25 tlayer:3 pbqpoffset:3.30 pbfactor:1.46 avgQpOffsetCutree:-0.89;
in:43 out:47 type:b q:13.10 q-aq:13.95 q-noVbv:13.10 q-Rceq:0.98 tex:35859 mv:8737 misc:2700 icu:328.00 pcu:874.25 scu:357.75 tlayer:4 pbqpoffset:2.57 pbfactor:1.35 avgQpOffsetCutree:0.00;
in:45 out:48 type:b q:16.92 q-aq:17.00 q-noVbv:16.92 q-Rceq:0.98 tex:9703 mv:2978 misc:1559 icu:5.75 pcu:409.00 scu:1145.25 tlayer:4 pbqpoffset:6.30 pbfactor:2.07 avgQpOffsetCutree:0.00;
in:48 out:49 type:B q:14.06 q-aq:12.89 q-noVbv:14.06 q-Rceq:0.98 tex:77229 mv:14637 misc:3966 icu:56.25 pcu:1168.25 scu:335.50 tlayer:3 pbqpoffset:3.30 pbfactor:1.46 avgQpOffsetCutree:-1.47;
in:47 out:50 type:b q:17.00 q-aq:17.00 q-noVbv:17.00 q-Rceq:0.98 tex:516 mv:971 misc:857 icu:0.00 pcu:264.00 scu:1296.00 tlayer:4 pbqpoffset:6.29 pbfactor:2.07 avgQpOffsetCutree:0.00;
in:49 out:51 type:b q:17.11 q-aq:17.25 q-noVbv:17.11 q-Rceq:0.98 tex:2886 mv:788 misc:838 icu:6.75 pcu:193.75 scu:1359.50 tlayer:4 pbqpoffset:6.30 pbfactor:2.07 avgQpOffsetCutree:0.00;
in:54 out:52 type:B q:13.88 q-aq:10.48 q-noVbv:13.88 q-Rceq:0.98 tex:152487 mv:23125 misc:4924 icu:280.00 pcu:1065.00 scu:215.00 tlayer:2 pbqpoffset:2.83 pbfactor:1.39 avgQpOffsetCutree:-3.35;
in:52 out:53 type:B q:14.25 q-aq:13.00 q-noVbv:14.25 q-Rceq:0.98 tex:44982 mv:9654 misc:3420 icu:68.50 pcu:872.50 scu:619.00 tlayer:3 pbqpoffset:3.30 pbfactor:1.46 avgQpOffsetCutree:-1.48;
in:51 out:54 type:b q:17.21 q-aq:17.23 q-noVbv:17.21 q-Rceq:0.98 tex:3304 mv:916 misc:940 icu:4.50 pcu:174.50 scu:1381.00 tlayer:4 pbqpoffset:6.30 pbfactor:2.07 avgQpOffsetCutree:0.00;
in:53 out:55 type:b q:17.30 q-aq:17.01 q-noVbv:17.30 q-Rceq:0.98 tex:4476 mv:1317 misc:1071 icu:5.25 pcu:217.00 scu:1337.75 tlayer:4 pbqpoffset:6.30 pbfactor:2.07 avgQpOffsetCutree:0.00;
in:56 out:56 type:B q:14.12 q-aq:13.10 q-noVbv:14.12 q-Rceq:0.98 tex:103280 mv:16320 misc:4568 icu:119.50 pcu:1178.50 scu:262.00 tlayer:3 pbqpoffset:2.98 pbfactor:1.41 avgQpOffsetCutree:-1.39;
in:55 out:57 type:b q:17.39 q-aq:17.08 q-noVbv:17.39 q-Rceq:0.98 tex:4773 mv:1015 misc:1164 icu:8.25 pcu:213.00 scu:1338.75 tlayer:4 pbqpoffset:6.30 pbfactor:2.07 avgQpOffsetCutree:0.00;
in:57 out:58 type:b q:17.49 q-aq:17.07 q-noVbv:17.49 q-Rceq:0.98 tex:4779 mv:1131 misc:1538 icu:0.50 pcu:459.00 scu:1100.50 tlayer:4 pbqpoffset:6.30 pbfactor:2.07 avgQpOffsetCutree:0.00;
in:63 out:59 type:k q:13.20 q-aq:11.33 q-noVbv:13.20 q-Rceq:0.98 tex:255060 mv:20680 misc:2612 icu:1297.75 pcu:259.50 scu:2.75 tlayer:0 pbqpoffset:0.00 pbfactor:1.00 avgQpOffsetCutree:-2.64;
in:61 out:60 type:B q:13.84 q-aq:12.22 q-noVbv:13.84 q-Rceq:0.98 tex:127317 mv:12839 misc:4004 icu:338.00 pcu:1037.75 scu:184.25 tlayer:1 pbqpoffset:1.42 pbfactor:1.18 avgQpOffsetCutree:-1.83;
in:60 out:61 type:B q:14.87 q-aq:14.79 q-noVbv:14.87 q-Rceq:0.98 tex:48849 mv:7864 misc:3543 icu:60.25 pcu:780.75 scu:719.00 tlayer:2 pbqpoffset:2.85 pbfactor:1.39 avgQpOffsetCutree:-0.77;
in:59 out:62 type:b q:16.72 q-aq:17.01 q-noVbv:16.72 q-Rceq:0.98 tex:6351 mv:1905 misc:1288 icu:5.75 pcu:354.00 scu:1200.25 tlayer:3 pbqpoffset:5.09 pbfactor:1.80 avgQpOffsetCutree:0.00;
in:62 out:63 type:b q:16.08 q-aq:16.04 q-noVbv:16.08 q-Rceq:0.98 tex:44251 mv:4902 misc:2439 icu:64.75 pcu:1029.25 scu:466.00 tlayer:2 pbqpoffset:3.28 pbfactor:1.46 avgQpOffsetCutree:0.00;
in:72 out:64 type:k q:13.50 q-aq:8.08 q-noVbv:13.50 q-Rceq:0.98 tex:451756 mv:37529 misc:3323 icu:1105.00 pcu:448.75 scu:6.25 tlayer:0 pbqpoffset:0.45 pbfactor:1.05 avgQpOffsetCutree:-5.98;
in:68 out:65 type:B q:15.41 q-aq:11.77 q-noVbv:15.41 q-Rceq:0.98 tex:102495 mv:17403 misc:4518 icu:251.75 pcu:948.50 scu:359.75 tlayer:1 pbqpoffset:2.04 pbfactor:1.27 avgQpOffsetCutree:-3.51;
in:66 out:66 type:B q:16.21 q-aq:14.58 q-noVbv:16.21 q-Rceq:0.98 tex:58615 mv:11251 misc:3494 icu:71.75 pcu:1076.25 scu:412.00 tlayer:2 pbqpoffset:2.91 pbfactor:1.40 avgQpOffsetCutree:-1.83;
in:65 out:67 type:B q:16.45 q-aq:16.81 q-noVbv:16.45 q-Rceq:0.98 tex:43867 mv:7083 misc:2682 icu:351.25 pcu:911.50 scu:297.25 tlayer:3 pbqpoffset:3.19 pbfactor:1.45 avgQpOffsetCutree:-0.55;
in:64 out:68 type:b q:15.69 q-aq:16.43 q-noVbv:15.69 q-Rceq:0.98 tex:58416 mv:9574 misc:2914 icu:366.75 pcu:864.25 scu:329.00 tlayer:4 pbqpoffset:2.46 pbfactor:1.33 avgQpOffsetCutree:0.00;
in:67 out:69 type:b q:19.52 q-aq:19.51 q-noVbv:19.52 q-Rceq:0.98 tex:1842 mv:909 misc:817 icu:2.00 pcu:206.00 scu:1352.00 tlayer:3 pbqpoffset:6.19 pbfactor:2.04 avgQpOffsetCutree:0.00;
in:70 out:70 type:B q:16.62 q-aq:15.46 q-noVbv:16.62 q-Rceq:0.98 tex:7462 mv:2155 misc:1599 icu:5.25 pcu:298.50 scu:1256.25 tlayer:2 pbqpoffset:3.19 pbfactor:1.45 avgQpOffsetCutree:-1.61;
in:69 out:71 type:b q:19.59 q-aq:19.88 q-noVbv:19.59 q-Rceq:0.98 tex:1750 mv:598 misc:652 icu:0.75 pcu:140.25 scu:1419.00 tlayer:3 pbqpoffset:6.19 pbfactor:2.04 avgQpOffsetCutree:0.00;
in:71 out:72 type:b q:19.65 q-aq:19.87 q-noVbv:19.65 q-Rceq:0.98 tex:1618 mv:576 misc:590 icu:0.75 pcu:166.00 scu:1393.25 tlayer:3 pbqpoffset:6.19 pbfactor:2.04 avgQpOffsetCutree:0.00;
in:80 out:73 type:k q:12.41 q-aq:7.83 q-noVbv:12.41 q-Rceq:0.98 tex:324127 mv:43524 misc:4445 icu:590.75 pcu:902.75 scu:66.50 tlayer:0 pbqpoffset:0.12 pbfactor:1.01 avgQpOffsetCutree:-4.77;
in:76 out:74 type:B q:14.33 q-aq:11.32 q-noVbv:14.33 q-Rceq:0.98 tex:28818 mv:6641 misc:3317 icu:56.00 pcu:558.50 scu:945.50 tlayer:1 pbqpoffset:1.37 pbfactor:1.17 avgQpOffsetCutree:-3.11;
in:74 out:75 type:B q:15.28 q-aq:14.04 q-noVbv:15.28 q-Rceq:0.98 tex:10951 mv:3149 misc:1804 icu:6.00 pcu:489.00 scu:1065.00 tlayer:2 pbqpoffset:2.06 pbfactor:1.27 avgQpOffsetCutree:-1.62;
in:73 out:76 type:b q:17.76 q-aq:18.00 q-noVbv:17.76 q-Rceq:0.98 tex:2117 mv:755 misc:824 icu:1.50 pcu:181.75 scu:1376.75 tlayer:3 pbqpoffset:4.39 pbfactor:1.66 avgQpOffsetCutree:0.00;
in:75 out:77 type:b q:16.10 q-aq:16.01 q-noVbv:16.10 q-Rceq:0.98 tex:5125 mv:1259 misc:1280 icu:20.00 pcu:234.25 scu:1305.75 tlayer:3 pbqpoffset:3.01 pbfactor:1.42 avgQpOffsetCutree:0.00;
in:78 out:78 type:B q:15.26 q-aq:13.55 q-noVbv:15.26 q-Rceq:0.98 tex:11166 mv:2949 misc:1805 icu:9.25 pcu:451.00 scu:1099.75 tlayer:2 pbqpoffset:2.58 pbfactor:1.35 avgQpOffsetCutree:-1.71;
in:77 out:79 type:b q:17.61 q-aq:17.96 q-noVbv:17.61 q-Rceq:0.98 tex:1759 mv:525 misc:748 icu:0.25 pcu:102.25 scu:1457.50 tlayer:3 pbqpoffset:4.79 pbfactor:1.74 avgQpOffsetCutree:0.00;
in:79 out:80 type:b q:17.38 q-aq:17.01 q-noVbv:17.38 q-Rceq:0.98 tex:1559 mv:602 misc:807 icu:0.25 pcu:100.75 scu:1459.00 tlayer:3 pbqpoffset:4.83 pbfactor:1.75 avgQpOffsetCutree:0.00;
in:84 out:81 type:k q:12.06 q-aq:10.10 q-noVbv:12.06 q-Rceq:0.98 tex:195595 mv:25856 misc:3861 icu:682.50 pcu:667.25 scu:210.25 tlayer:0 pbqpoffset:-0.03 pbfactor:1.00 avgQpOffsetCutree:-2.38;
in:82 out:82 type:B q:13.20 q-aq:11.50 q-noVbv:13.20 q-Rceq:0.98 tex:55025 mv:11394 misc:3501 icu:116.75 pcu:1049.50 scu:393.75 tlayer:1 pbqpoffset:0.96 pbfactor:1.12 avgQpOffsetCutree:-1.79;
in:81 out:83 type:b q:14.42 q-aq:14.01 q-noVbv:14.42 q-Rceq:0.98 tex:4100 mv:1525 misc:1359 icu:0.25 pcu:292.25 scu:1267.50 tlayer:2 pbqpoffset:2.10 pbfactor:1.27 avgQpOffsetCutree:0.00;
in:83 out:84 type:b q:14.25 q-aq:14.03 q-noVbv:14.25 q-Rceq:0.98 tex:23469 mv:4749 misc:2166 icu:31.75 pcu:885.75 scu:642.50 tlayer:2 pbqpoffset:2.10 pbfactor:1.27 avgQpOffsetCutree:0.00;
in:98 out:85 type:k q:12.06 q-aq:10.25 q-noVbv:12.06 q-Rceq:0.98 tex:299792 mv:21067 misc:2821 icu:1520.25 pcu:39.75 scu:0.00 tlayer:0 pbqpoffset:0.18 pbfactor:1.02 avgQpOffsetCutree:-2.84;
in:91 out:86 type:B q:13.35 q-aq:10.04 q-noVbv:13.35 q-Rceq:0.98 tex:248685 mv:25216 misc:4043 icu:898.75 pcu:564.75 scu:96.50 tlayer:1 pbqpoffset:1.29 pbfactor:1.16 avgQpOffsetCutree:-3.94;
in:88 out:87 type:B q:13.36 q-aq:11.39 q-noVbv:13.36 q-Rceq:0.98 tex:131704 mv:25958 misc:4794 icu:219.25 pcu:1000.75 scu:340.00 tlayer:2 pbqpoffset:1.29 pbfactor:1.16 avgQpOffsetCutree:-2.30;
in:86 out:88 type:B q:15.12 q-aq:14.85 q-noVbv:15.12 q-Rceq:0.98 tex:43326 mv:7981 misc:2605 icu:316.25 pcu:681.00 scu:562.75 tlayer:3 pbqpoffset:3.05 pbfactor:1.42 avgQpOffsetCutree:-0.94;
in:85 out:89 type:b q:14.49 q-aq:15.10 q-noVbv:14.49 q-Rceq:0.98 tex:31531 mv:7527 misc:2654 icu:332.00 pcu:750.50 scu:477.50 tlayer:4 pbqpoffset:2.43 pbfactor:1.32 avgQpOffsetCutree:0.00;
in:87 out:90 type:b q:17.64 q-aq:17.70 q-noVbv:17.64 q-Rceq:0.98 tex:10062 mv:3917 misc:1909 icu:14.75 pcu:490.00 scu:1055.25 tlayer:4 pbqpoffset:5.57 pbfactor:1.90 avgQpOffsetCutree:0.00;
in:90 out:91 type:B q:15.22 q-aq:15.01 q-noVbv:15.22 q-Rceq:0.98 tex:43383 mv:7870 misc:3675 icu:33.25 pcu:982.50 scu:544.25 tlayer:3 pbqpoffset:3.16 pbfactor:1.44 avgQpOffsetCutree:-0.90;
in:89 out:92 type:b q:18.22 q-aq:18.00 q-noVbv:18.22 q-Rceq:0.98 tex:2130 mv:1096 misc:1446 icu:1.50 pcu:300.25 scu:1258.25 tlayer:4 pbqpoffset:6.16 pbfactor:2.04 avgQpOffsetCutree:0.00;
in:95 out:93 type:B q:13.35 q-aq:10.83 q-noVbv:13.35 q-Rceq:0.98 tex:230164 mv:27180 misc:4136 icu:657.75 pcu:869.25 scu:33.00 tlayer:2 pbqpoffset:1.29 pbfactor:1.16 avgQpOffsetCutree:-2.73;
in:93 out:94 type:B q:15.22 q-aq:14.19 q-noVbv:15.22 q-Rceq:0.98 tex:48287 mv:9231 misc:4114 icu:92.25 pcu:985.75 scu:482.00 tlayer:3 pbqpoffset:3.16 pbfactor:1.44 avgQpOffsetCutree:-1.33;
in:92 out:95 type:b q:17.46 q-aq:17.06 q-noVbv:17.46 q-Rceq:0.98 tex:28735 mv:7233 misc:2792 icu:27.25 pcu:914.50 scu:618.25 tlayer:4 pbqpoffset:5.40 pbfactor:1.87 avgQpOffsetCutree:0.00;
in:94 out:96 type:b q:17.15 q-aq:17.03 q-noVbv:17.15 q-Rceq:0.98 tex:18673 mv:5372 misc:2315 icu:27.50 pcu:679.00 scu:853.50 tlayer:4 pbqpoffset:5.09 pbfactor:1.80 avgQpOffsetCutree:0.00;
in:97 out:97 type:B q:15.01 q-aq:14.34 q-noVbv:15.01 q-Rceq:0.98 tex:68478 mv:10809 misc:3921 icu:81.00 pcu:1156.50 scu:322.50 tlayer:3 pbqpoffset:2.95 pbfactor:1.41 avgQpOffsetCutree:-1.07;
in:96 out:98 type:b q:15.98 q-aq:16.02 q-noVbv:15.98 q-Rceq:0.98 tex:48993 mv:9759 misc:3336 icu:57.00 pcu:1078.25 scu:424.75 tlayer:4 pbqpoffset:3.92 pbfactor:1.57 avgQpOffsetCutree:0.00;
in:99 out:99 type:k q:16.06 q-aq:16.13 q-noVbv:16.06 q-Rceq:0.98 tex:84551 mv:9203 misc:2870 icu:743.00 pcu:608.75 scu:208.25 tlayer:0 pbqpoffset:0.18 pbfactor:1.02 avgQpOffsetCutree:-0.83;
in:100 out:100 type:k q:19.39 q-aq:18.19 q-noVbv:19.39 q-Rceq:0.98 tex:50254 mv:6298 misc:1448 icu:745.25 pcu:814.75 scu:0.00 tlayer:0 pbqpoffset:0.18 pbfactor:1.02 avgQpOffsetCutree:-2.05;
in:103 out:101 type:k q:15.39 q-aq:15.09 q-noVbv:15.39 q-Rceq:0.98 tex:84758 mv:15898 misc:3952 icu:418.00 pcu:785.25 scu:356.75 tlayer:0 pbqpoffset:0.18 pbfactor:1.02 avgQpOffsetCutree:-1.47;
in:102 out:102 type:B q:18.34 q-aq:18.93 q-noVbv:18.34 q-Rceq:0.98 tex:39420 mv:6834 misc:2298 icu:674.25 pcu:629.75 scu:256.00 tlayer:1 pbqpoffset:1.62 pbfactor:1.21 avgQpOffsetCutree:-0.59;
in:101 out:103 type:b q:20.66 q-aq:21.41 q-noVbv:20.66 q-Rceq:0.98 tex:17736 mv:2699 misc:1285 icu:58.00 pcu:892.25 scu:609.75 tlayer:2 pbqpoffset:2.60 pbfactor:1.35 avgQpOffsetCutree:0.00;
in:104 out:104 type:k q:18.06 q-aq:17.94 q-noVbv:18.06 q-Rceq:0.98 tex:57037 mv:8330 misc:2505 icu:330.75 pcu:950.25 scu:279.00 tlayer:0 pbqpoffset:0.18 pbfactor:1.02 avgQpOffsetCutree:-1.17;
in:105 out:105 type:k q:14.06 q-aq:13.67 q-noVbv:14.06 q-Rceq:0.98 tex:99474 mv:10173 misc:3113 icu:630.75 pcu:813.50 scu:115.75 tlayer:0 pbqpoffset:0.18 pbfactor:1.02 avgQpOffsetCutree:-1.07;
in:106 out:106 type:k q:16.18 q-aq:16.15 q-noVbv:16.18 q-Rceq:0.98 tex:70618 mv:9421 misc:2657 icu:416.75 pcu:989.00 scu:154.25 tlayer:0 pbqpoffset:-0.04 pbfactor:0.99 avgQpOffsetCutree:-0.95;
in:107 out:107 type:k q:14.92 q-aq:15.23 q-noVbv:14.92 q-Rceq:0.98 tex:67818 mv:11326 misc:3536 icu:359.25 pcu:718.50 scu:482.25 tlayer:0 pbqpoffset:0.18 pbfactor:1.02 avgQpOffsetCutree:-0.83;
in:108 out:108 type:i q:13.55 q-aq:13.48 q-noVbv:13.55 q-Rceq:0.98 tex:193962 mv:18547 misc:2371 icu:1560.00 pcu:0.00 scu:0.00 tlayer:0 pbqpoffset:0.30 pbfactor:1.04 avgQpOffsetCutree:-1.55;
in:109 out:109 type:k q:13.25 q-aq:12.75 q-noVbv:13.25 q-Rceq:0.98 tex:177600 mv:13166 misc:2762 icu:695.75 pcu:864.25 scu:0.00 tlayer:0 pbqpoffset:0.30 pbfactor:1.04 avgQpOffsetCutree:-1.40;
in:110 out:110 type:k q:13.36 q-aq:13.47 q-noVbv:13.36 q-Rceq:0.98 tex:79958 mv:12184 misc:3194 icu:280.50 pcu:835.25 scu:444.25 tlayer:0 pbqpoffset:0.30 pbfactor:1.04 avgQpOffsetCutree:-0.81;
in:111 out:111 type:k q:13.37 q-aq:13.73 q-noVbv:13.37 q-Rceq:0.98 tex:116982 mv:15749 misc:2965 icu:761.75 pcu:709.50 scu:88.75 tlayer:0 pbqpoffset:0.30 pbfactor:1.04 avgQpOffsetCutree:-1.02;
in:112 out:112 type:k q:13.43 q-aq:13.68 q-noVbv:13.43 q-Rceq:0.98 tex:95777 mv:15417 misc:3710 icu:338.00 pcu:775.25 scu:446.75 tlayer:0 pbqpoffset:0.30 pbfactor:1.04 avgQpOffsetCutree:-1.05;
in:113 out:113 type:k q:13.46 q-aq:12.09 q-noVbv:13.46 q-Rceq:0.98 tex:148258 mv:15552 misc:2758 icu:888.25 pcu:619.00 scu:52.75 tlayer:0 pbqpoffset:0.30 pbfactor:1.04 avgQpOffsetCutree:-2.11;
in:116 out:114 type:k q:13.54 q-aq:12.41 q-noVbv:13.54 q-Rceq:0.98 tex:97018 mv:18102 misc:3912 icu:423.75 pcu:805.00 scu:331.25 tlayer:0 pbqpoffset:0.30 pbfactor:1.04 avgQpOffsetCutree:-1.81;
in:115 out:115 type:B q:14.93 q-aq:14.99 q-noVbv:14.93 q-Rceq:0.98 tex:75957 mv:7825 misc:2738 icu:384.50 pcu:867.50 scu:308.00 tlayer:1 pbqpoffset:1.41 pbfactor:1.18 avgQpOffsetCutree:-0.68;
in:114 out:116 type:b q:15.87 q-aq:16.04 q-noVbv:15.87 q-Rceq:0.98 tex:31789 mv:4795 misc:1832 icu:32.75 pcu:770.00 scu:757.25 tlayer:2 pbqpoffset:2.38 pbfactor:1.32 avgQpOffsetCutree:0.00;
in:117 out:117 type:k q:13.56 q-aq:12.76 q-noVbv:13.56 q-Rceq:0.98 tex:119705 mv:15881 misc:3390 icu:478.25 pcu:962.00 scu:119.75 tlayer:0 pbqpoffset:0.30 pbfactor:1.04 avgQpOffsetCutree:-1.31;
in:118 out:118 type:k q:13.61 q-aq:13.71 q-noVbv:13.61 q-Rceq:0.98 tex:56522 mv:13410 misc:3668 icu:190.50 pcu:937.75 scu:431.75 tlayer:0 pbqpoffset:0.30 pbfactor:1.04 avgQpOffsetCutree:-0.68;
in:119 out:119 type:k q:13.61 q-aq:14.03 q-noVbv:13.61 q-Rceq:0.98 tex:82899 mv:13200 misc:3053 icu:541.50 pcu:808.75 scu:209.75 tlayer:0 pbqpoffset:0.30 pbfactor:1.04 avgQpOffsetCutree:-0.64;
in:120 out:120 type:k q:13.63 q-aq:14.22 q-noVbv:13.63 q-Rceq:0.98 tex:50374 mv:13398 misc:3484 icu:259.00 pcu:767.25 scu:533.75 tlayer:0 pbqpoffset:0.30 pbfactor:1.04 avgQpOffsetCutree:-0.57;
in:121 out:121 type:i q:13.48 q-aq:12.79 q-noVbv:13.48 q-Rceq:0.98 tex:168995 mv:14091 misc:2138 icu:1560.00 pcu:0.00 scu:0.00 tlayer:0 pbqpoffset:0.29 pbfactor:1.03 avgQpOffsetCutree:-1.74;
in:124 out:122 type:k q:13.72 q-aq:13.30 q-noVbv:13.72 q-Rceq:0.98 tex:189525 mv:16736 misc:2827 icu:1464.75 pcu:95.25 scu:0.00 tlayer:0 pbqpoffset:0.29 pbfactor:1.03 avgQpOffsetCutree:-1.62;
in:123 out:123 type:B q:15.32 q-aq:15.77 q-noVbv:15.32 q-Rceq:0.98 tex:79471 mv:7263 misc:2250 icu:720.75 pcu:819.25 scu:20.00 tlayer:1 pbqpoffset:1.61 pbfactor:1.20 avgQpOffsetCutree:-0.64;
in:122 out:124 type:b q:16.32 q-aq:16.51 q-noVbv:16.32 q-Rceq:0.98 tex:74863 mv:5667 misc:2126 icu:248.75 pcu:1105.50 scu:205.75 tlayer:2 pbqpoffset:2.60 pbfactor:1.35 avgQpOffsetCutree:0.00;
in:125 out:125 type:k q:13.83 q-aq:13.37 q-noVbv:13.83 q-Rceq:0.98 tex:150335 mv:12318 misc:2907 icu:642.50 pcu:902.00 scu:15.50 tlayer:0 pbqpoffset:0.30 pbfactor:1.04 avgQpOffsetCutree:-1.50;
in:126 out:126 type:k q:13.90 q-aq:12.61 q-noVbv:13.90 q-Rceq:0.98 tex:159970 mv:13753 misc:2733 icu:944.75 pcu:602.50 scu:12.75 tlayer:0 pbqpoffset:-0.17 pbfactor:0.98 avgQpOffsetCutree:-1.85;
in:142 out:127 type:k q:13.98 q-aq:8.28 q-noVbv:13.98 q-Rceq:0.98 tex:398357 mv:28136 misc:3171 icu:1384.75 pcu:172.25 scu:3.00 tlayer:0 pbqpoffset:-0.17 pbfactor:0.98 avgQpOffsetCutree:-6.10;
in:134 out:128 type:B q:15.21 q-aq:9.99 q-noVbv:15.21 q-Rceq:0.98 tex:203670 mv:31088 misc:4618 icu:521.25 pcu:908.75 scu:130.00 tlayer:1 pbqpoffset:1.28 pbfactor:1.16 avgQpOffsetCutree:-4.95;
in:130 out:129 type:B q:15.99 q-aq:12.43 q-noVbv:15.99 q-Rceq:0.98 tex:100279 mv:19146 misc:4479 icu:221.25 pcu:1000.25 scu:338.50 tlayer:2 pbqpoffset:2.07 pbfactor:1.27 avgQpOffsetCutree:-3.26;
in:128 out:130 type:B q:16.60 q-aq:16.37 q-noVbv:16.60 q-Rceq:0.98 tex:58215 mv:12402 misc:3407 icu:442.75 pcu:824.50 scu:292.75 tlayer:3 pbqpoffset:2.69 pbfactor:1.36 avgQpOffsetCutree:-0.90;
in:127 out:131 type:b q:16.18 q-aq:17.17 q-noVbv:16.18 q-Rceq:0.98 tex:33933 mv:6015 misc:2172 icu:379.25 pcu:995.50 scu:185.25 tlayer:4 pbqpoffset:2.27 pbfactor:1.30 avgQpOffsetCutree:0.00;
in:129 out:132 type:b q:19.91 q-aq:20.00 q-noVbv:19.91 q-Rceq:0.98 tex:5500 mv:1919 misc:1125 icu:7.25 pcu:442.25 scu:1110.50 tlayer:4 pbqpoffset:6.00 pbfactor:2.00 avgQpOffsetCutree:0.00;
in:132 out:133 type:B q:16.93 q-aq:15.56 q-noVbv:16.93 q-Rceq:0.98 tex:26321 mv:6554 misc:2461 icu:16.00 pcu:771.50 scu:772.50 tlayer:3 pbqpoffset:3.00 pbfactor:1.41 avgQpOffsetCutree:-1.59;
in:131 out:134 type:b q:19.87 q-aq:20.00 q-noVbv:19.87 q-Rceq:0.98 tex:845 mv:430 misc:685 icu:0.25 pcu:66.00 scu:1493.75 tlayer:4 pbqpoffset:5.95 pbfactor:1.99 avgQpOffsetCutree:0.00;
in:133 out:135 type:b q:19.92 q-aq:20.00 q-noVbv:19.92 q-Rceq:0.98 tex:776 mv:511 misc:585 icu:0.00 pcu:160.50 scu:1399.50 tlayer:4 pbqpoffset:5.99 pbfactor:2.00 avgQpOffsetCutree:0.00;
in:138 out:136 type:B q:16.77 q-aq:13.36 q-noVbv:16.77 q-Rceq:0.98 tex:59944 mv:12989 misc:3619 icu:84.25 pcu:1036.00 scu:439.75 tlayer:2 pbqpoffset:2.81 pbfactor:1.38 avgQpOffsetCutree:-3.08;
in:136 out:137 type:B q:16.83 q-aq:15.88 q-noVbv:16.83 q-Rceq:0.98 tex:46785 mv:10551 misc:3264 icu:36.25 pcu:1066.75 scu:457.00 tlayer:3 pbqpoffset:2.88 pbfactor:1.40 avgQpOffsetCutree:-1.37;
in:135 out:138 type:b q:19.91 q-aq:20.00 q-noVbv:19.91 q-Rceq:0.98 tex:481 mv:387 misc:620 icu:0.25 pcu:91.50 scu:1468.25 tlayer:4 pbqpoffset:5.97 pbfactor:1.99 avgQpOffsetCutree:0.00;
in:137 out:139 type:b q:19.95 q-aq:20.00 q-noVbv:19.95 q-Rceq:0.98 tex:1917 mv:1134 misc:757 icu:0.25 pcu:282.00 scu:1277.75 tlayer:4 pbqpoffset:6.00 pbfactor:2.00 avgQpOffsetCutree:0.00;
in:140 out:140 type:B q:16.97 q-aq:15.72 q-noVbv:16.97 q-Rceq:0.98 tex:23868 mv:6372 misc:2320 icu:13.50 pcu:721.50 scu:825.00 tlayer:3 pbqpoffset:3.00 pbfactor:1.41 avgQpOffsetCutree:-1.56;
in:139 out:141 type:b q:19.96 q-aq:20.00 q-noVbv:19.96 q-Rceq:0.98 tex:912 mv:543 misc:569 icu:0.00 pcu:117.50 scu:1442.50 tlayer:4 pbqpoffset:6.00 pbfactor:2.00 avgQpOffsetCutree:0.00;
in:141 out:142 type:b q:19.92 q-aq:20.00 q-noVbv:19.92 q-Rceq:0.98 tex:767 mv:396 misc:621 icu:1.00 pcu:92.00 scu:1467.00 tlayer:4 pbqpoffset:5.95 pbfactor:1.99 avgQpOffsetCutree:0.00;
in:147 out:143 type:k q:13.21 q-aq:11.20 q-noVbv:13.21 q-Rceq:0.98 tex:138823 mv:19096 misc:3497 icu:943.00 pcu:518.50 scu:98.50 tlayer:0 pbqpoffset:0.35 pbfactor:1.04 avgQpOffsetCutree:-2.29;
in:145 out:144 type:B q:14.64 q-aq:12.80 q-noVbv:14.64 q-Rceq:0.98 tex:81850 mv:13439 misc:3831 icu:115.75 pcu:1097.00 scu:347.25 tlayer:1 pbqpoffset:1.12 pbfactor:1.14 avgQpOffsetCutree:-1.93;
in:144 out:145 type:B q:14.79 q-aq:14.70 q-noVbv:14.79 q-Rceq:0.98 tex:51645 mv:11513 misc:3202 icu:31.75 pcu:1036.00 scu:492.25 tlayer:2 pbqpoffset:1.12 pbfactor:1.14 avgQpOffsetCutree:-0.80;
in:143 out:146 type:b q:16.23 q-aq:16.00 q-noVbv:16.23 q-Rceq:0.98 tex:1182 mv:1351 misc:955 icu:0.00 pcu:327.50 scu:1232.50 tlayer:3 pbqpoffset:2.40 pbfactor:1.32 avgQpOffsetCutree:0.00;
in:146 out:147 type:b q:15.62 q-aq:15.35 q-noVbv:15.62 q-Rceq:0.98 tex:38490 mv:7368 misc:2710 icu:18.50 pcu:1028.00 scu:513.50 tlayer:2 pbqpoffset:2.25 pbfactor:1.30 avgQpOffsetCutree:0.00;
in:148 out:148 type:k q:19.02 q-aq:17.96 q-noVbv:19.02 q-Rceq:0.98 tex:45546 mv:8213 misc:2377 icu:361.25 pcu:884.00 scu:314.75 tlayer:0 pbqpoffset:0.23 pbfactor:1.03 avgQpOffsetCutree:-1.74;
in:149 out:149 type:k q:16.71 q-aq:14.19 q-noVbv:16.71 q-Rceq:0.98 tex:66045 mv:13597 misc:3438 icu:308.00 pcu:828.00 scu:424.00 tlayer:0 pbqpoffset:-0.17 pbfactor:0.98 avgQpOffsetCutree:-2.71;
in:161 out:150 type:k q:13.14 q-aq:11.57 q-noVbv:13.14 q-Rceq:0.98 tex:239539 mv:22848 misc:2933 icu:1514.75 pcu:45.25 scu:0.00 tlayer:0 pbqpoffset:0.16 pbfactor:1.02 avgQpOffsetCutree:-2.47;
in:155 out:151 type:B q:16.32 q-aq:12.92 q-noVbv:16.32 q-Rceq:0.98 tex:155723 mv:16758 misc:3727 icu:712.00 pcu:758.75 scu:89.25 tlayer:1 pbqpoffset:1.40 pbfactor:1.18 avgQpOffsetCutree:-3.84;
in:152 out:152 type:B q:17.21 q-aq:15.26 q-noVbv:17.21 q-Rceq:0.98 tex:73803 mv:14406 misc:3823 icu:99.50 pcu:1137.50 scu:323.00 tlayer:2 pbqpoffset:1.40 pbfactor:1.18 avgQpOffsetCutree:-2.21;
in:151 out:153 type:B q:19.37 q-aq:18.81 q-noVbv:19.37 q-Rceq:0.98 tex:12980 mv:4205 misc:1783 icu:2.75 pcu:759.00 scu:798.25 tlayer:3 pbqpoffset:3.26 pbfactor:1.46 avgQpOffsetCutree:-1.06;
in:150 out:154 type:b q:22.45 q-aq:22.34 q-noVbv:22.45 q-Rceq:0.98 tex:1846 mv:1537 misc:761 icu:0.00 pcu:331.00 scu:1229.00 tlayer:4 pbqpoffset:6.04 pbfactor:2.01 avgQpOffsetCutree:0.00;
in:154 out:155 type:B q:18.48 q-aq:18.19 q-noVbv:18.48 q-Rceq:0.98 tex:17252 mv:4789 misc:2383 icu:8.75 pcu:916.00 scu:635.25 tlayer:3 pbqpoffset:3.26 pbfactor:1.46 avgQpOffsetCutree:-0.88;
in:153 out:156 type:b q:21.77 q-aq:22.00 q-noVbv:21.77 q-Rceq:0.98 tex:491 mv:634 misc:579 icu:0.00 pcu:300.00 scu:1260.00 tlayer:4 pbqpoffset:6.25 pbfactor:2.06 avgQpOffsetCutree:0.00;
in:158 out:157 type:B q:15.86 q-aq:13.72 q-noVbv:15.86 q-Rceq:0.98 tex:106103 mv:14050 misc:4295 icu:317.25 pcu:1069.75 scu:173.00 tlayer:2 pbqpoffset:1.83 pbfactor:1.24 avgQpOffsetCutree:-2.31;
in:157 out:158 type:B q:17.59 q-aq:17.47 q-noVbv:17.59 q-Rceq:0.98 tex:16014 mv:4663 misc:2587 icu:7.00 pcu:866.00 scu:687.00 tlayer:3 pbqpoffset:3.26 pbfactor:1.46 avgQpOffsetCutree:-0.74;
in:156 out:159 type:b q:20.32 q-aq:20.00 q-noVbv:20.32 q-Rceq:0.98 tex:12582 mv:4272 misc:1674 icu:1.75 pcu:713.75 scu:844.50 tlayer:4 pbqpoffset:5.70 pbfactor:1.93 avgQpOffsetCutree:0.00;
in:160 out:160 type:B q:15.55 q-aq:15.43 q-noVbv:15.55 q-Rceq:0.98 tex:81027 mv:9230 misc:3375 icu:135.25 pcu:1090.50 scu:334.25 tlayer:3 pbqpoffset:2.12 pbfactor:1.28 avgQpOffsetCutree:-0.80;
in:159 out:161 type:b q:20.00 q-aq:20.00 q-noVbv:20.00 q-Rceq:0.98 tex:1765 mv:721 misc:794 icu:0.00 pcu:235.50 scu:1324.50 tlayer:4 pbqpoffset:6.26 pbfactor:2.06 avgQpOffsetCutree:0.00;
in:162 out:162 type:k q:17.13 q-aq:17.37 q-noVbv:17.13 q-Rceq:0.98 tex:64430 mv:9541 misc:2645 icu:745.00 pcu:591.75 scu:223.25 tlayer:0 pbqpoffset:0.15 pbfactor:1.02 avgQpOffsetCutree:-0.73;
in:163 out:163 type:k q:18.52 q-aq:17.25 q-noVbv:18.52 q-Rceq:0.98 tex:62657 mv:7933 misc:1826 icu:809.50 pcu:750.50 scu:0.00 tlayer:0 pbqpoffset:0.33 pbfactor:1.04 avgQpOffsetCutree:-2.10;
in:166 out:164 type:k q:14.52 q-aq:13.82 q-noVbv:14.52 q-Rceq:0.98 tex:98796 mv:16264 misc:3772 icu:511.50 pcu:834.00 scu:214.50 tlayer:0 pbqpoffset:0.16 pbfactor:1.02 avgQpOffsetCutree:-1.79;
in:165 out:165 type:B q:17.69 q-aq:18.20 q-noVbv:17.69 q-Rceq:0.98 tex:40404 mv:6577 misc:2819 icu:573.50 pcu:717.25 scu:269.25 tlayer:1 pbqpoffset:1.84 pbfactor:1.24 avgQpOffsetCutree:-0.55;
in:164 out:166 type:b q:19.74 q-aq:20.45 q-noVbv:19.74 q-Rceq:0.98 tex:22637 mv:4464 misc:1363 icu:26.75 pcu:1039.75 scu:493.50 tlayer:2 pbqpoffset:2.56 pbfactor:1.34 avgQpOffsetCutree:0.00;
in:167 out:167 type:k q:17.20 q-aq:16.56 q-noVbv:17.20 q-Rceq:0.98 tex:55035 mv:7301 misc:2424 icu:269.00 pcu:1052.25 scu:238.75 tlayer:0 pbqpoffset:0.45 pbfactor:1.05 avgQpOffsetCutree:-1.52;
in:168 out:168 type:k q:13.49 q-aq:12.86 q-noVbv:13.49 q-Rceq:0.98 tex:127211 mv:15018 misc:3803 icu:708.75 pcu:707.75 scu:143.50 tlayer:0 pbqpoffset:0.07 pbfactor:1.01 avgQpOffsetCutree:-1.41;
in:169 out:169 type:k q:17.49 q-aq:16.27 q-noVbv:17.49 q-Rceq:0.98 tex:72151 mv:9452 misc:2965 icu:452.00 pcu:922.75 scu:185.25 tlayer:0 pbqpoffset:0.30 pbfactor:1.04 avgQpOffsetCutree:-1.92;
in:170 out:170 type:k q:18.32 q-aq:15.11 q-noVbv:18.32 q-Rceq:0.98 tex:62382 mv:14028 misc:3734 icu:205.50 pcu:764.50 scu:590.00 tlayer:0 pbqpoffset:0.35 pbfactor:1.04 avgQpOffsetCutree:-3.54;
in:186 out:171 type:k q:14.32 q-aq:9.31 q-noVbv:14.32 q-Rceq:0.98 tex:392194 mv:30094 misc:3208 icu:1364.50 pcu:193.75 scu:1.75 tlayer:0 pbqpoffset:0.03 pbfactor:1.00 avgQpOffsetCutree:-5.77;
in:178 out:172 type:B q:17.72 q-aq:12.31 q-noVbv:17.72 q-Rceq:0.98 tex:175221 mv:31105 misc:4474 icu:526.00 pcu:961.50 scu:72.50 tlayer:1 pbqpoffset:1.40 pbfactor:1.18 avgQpOffsetCutree:-5.19;
in:174 out:173 type:B q:19.95 q-aq:16.10 q-noVbv:19.95 q-Rceq:0.98 tex:52582 mv:12078 misc:3308 icu:118.25 pcu:1017.75 scu:424.00 tlayer:2 pbqpoffset:2.63 pbfactor:1.35 avgQpOffsetCutree:-3.31;
in:172 out:174 type:B q:21.09 q-aq:19.60 q-noVbv:21.09 q-Rceq:0.98 tex:18806 mv:6377 misc:1953 icu:22.25 pcu:770.50 scu:767.25 tlayer:3 pbqpoffset:3.26 pbfactor:1.46 avgQpOffsetCutree:-1.63;
in:171 out:175 type:b q:24.34 q-aq:24.00 q-noVbv:24.34 q-Rceq:0.98 tex:2291 mv:1336 misc:749 icu:8.25 pcu:307.00 scu:1244.75 tlayer:4 pbqpoffset:6.26 pbfactor:2.06 avgQpOffsetCutree:0.00;
in:173 out:176 type:b q:23.84 q-aq:24.00 q-noVbv:23.84 q-Rceq:0.98 tex:493 mv:340 misc:391 icu:0.00 pcu:36.50 scu:1523.50 tlayer:4 pbqpoffset:6.26 pbfactor:2.06 avgQpOffsetCutree:0.00;
in:176 out:177 type:B q:20.09 q-aq:18.81 q-noVbv:20.09 q-Rceq:0.98 tex:32904 mv:9307 misc:2701 icu:45.75 pcu:936.25 scu:578.00 tlayer:3 pbqpoffset:3.26 pbfactor:1.46 avgQpOffsetCutree:-1.50;
in:175 out:178 type:b q:23.34 q-aq:23.00 q-noVbv:23.34 q-Rceq:0.98 tex:595 mv:309 misc:360 icu:0.00 pcu:51.50 scu:1508.50 tlayer:4 pbqpoffset:6.26 pbfactor:2.06 avgQpOffsetCutree:0.00;
in:177 out:179 type:b q:22.84 q-aq:23.00 q-noVbv:22.84 q-Rceq:0.98 tex:602 mv:304 misc:430 icu:0.00 pcu:30.50 scu:1529.50 tlayer:4 pbqpoffset:6.26 pbfactor:2.06 avgQpOffsetCutree:0.00;
in:182 out:180 type:B q:17.81 q-aq:13.72 q-noVbv:17.81 q-Rceq:0.98 tex:98236 mv:18578 misc:4810 icu:172.75 pcu:1120.75 scu:266.50 tlayer:2 pbqpoffset:2.48 pbfactor:1.33 avgQpOffsetCutree:-3.48;
in:180 out:181 type:B q:19.09 q-aq:17.70 q-noVbv:19.09 q-Rceq:0.98 tex:26470 mv:6698 misc:2136 icu:27.25 pcu:696.75 scu:836.00 tlayer:3 pbqpoffset:3.26 pbfactor:1.46 avgQpOffsetCutree:-1.49;
in:179 out:182 type:b q:22.34 q-aq:22.00 q-noVbv:22.34 q-Rceq:0.98 tex:473 mv:356 misc:467 icu:0.00 pcu:66.75 scu:1493.25 tlayer:4 pbqpoffset:6.26 pbfactor:2.06 avgQpOffsetCutree:0.00;
in:181 out:183 type:b q:21.84 q-aq:22.00 q-noVbv:21.84 q-Rceq:0.98 tex:883 mv:599 misc:494 icu:0.25 pcu:159.00 scu:1400.75 tlayer:4 pbqpoffset:6.26 pbfactor:2.06 avgQpOffsetCutree:0.00;
in:184 out:184 type:B q:17.65 q-aq:16.47 q-noVbv:17.65 q-Rceq:0.98 tex:61318 mv:13198 misc:3508 icu:56.75 pcu:1057.00 scu:446.25 tlayer:3 pbqpoffset:2.83 pbfactor:1.39 avgQpOffsetCutree:-1.40;
in:183 out:185 type:b q:21.34 q-aq:21.00 q-noVbv:21.34 q-Rceq:0.98 tex:1150 mv:484 misc:502 icu:0.00 pcu:138.00 scu:1422.00 tlayer:4 pbqpoffset:6.26 pbfactor:2.06 avgQpOffsetCutree:0.00;
in:185 out:186 type:b q:20.84 q-aq:21.00 q-noVbv:20.84 q-Rceq:0.98 tex:2144 mv:628 misc:788 icu:0.00 pcu:166.25 scu:1393.75 tlayer:4 pbqpoffset:6.26 pbfactor:2.06 avgQpOffsetCutree:0.00;
in:202 out:187 type:k q:12.72 q-aq:6.49 q-noVbv:12.72 q-Rceq:0.98 tex:543896 mv:38352 misc:3016 icu:1463.00 pcu:96.00 scu:1.00 tlayer:0 pbqpoffset:0.00 pbfactor:1.00 avgQpOffsetCutree:-7.03;
in:194 out:188 type:B q:15.02 q-aq:10.31 q-noVbv:15.02 q-Rceq:0.98 tex:219023 mv:29709 misc:4716 icu:531.25 pcu:932.00 scu:96.75 tlayer:1 pbqpoffset:1.50 pbfactor:1.19 avgQpOffsetCutree:-4.76;
in:190 out:189 type:B q:16.30 q-aq:13.90 q-noVbv:16.30 q-Rceq:0.98 tex:103654 mv:15640 misc:4498 icu:222.25 pcu:1126.00 scu:211.75 tlayer:2 pbqpoffset:2.38 pbfactor:1.32 avgQpOffsetCutree:-2.49;
in:188 out:190 type:B q:17.49 q-aq:16.27 q-noVbv:17.49 q-Rceq:0.98 tex:35696 mv:8124 misc:2684 icu:43.50 pcu:592.25 scu:924.25 tlayer:3 pbqpoffset:3.36 pbfactor:1.47 avgQpOffsetCutree:-1.55;
in:187 out:191 type:b q:20.59 q-aq:21.00 q-noVbv:20.59 q-Rceq:0.98 tex:1805 mv:784 misc:723 icu:0.50 pcu:150.50 scu:1409.00 tlayer:4 pbqpoffset:6.36 pbfactor:2.09 avgQpOffsetCutree:0.00;
in:189 out:192 type:b q:20.39 q-aq:20.04 q-noVbv:20.39 q-Rceq:0.98 tex:2360 mv:860 misc:956 icu:0.50 pcu:245.75 scu:1313.75 tlayer:4 pbqpoffset:6.36 pbfactor:2.09 avgQpOffsetCutree:0.00;
in:192 out:193 type:B q:16.66 q-aq:15.54 q-noVbv:16.66 q-Rceq:0.98 tex:66138 mv:12588 misc:3818 icu:92.50 pcu:1069.00 scu:398.50 tlayer:3 pbqpoffset:2.93 pbfactor:1.40 avgQpOffsetCutree:-1.50;
in:191 out:194 type:b q:20.19 q-aq:20.00 q-noVbv:20.19 q-Rceq:0.98 tex:2340 mv:986 misc:962 icu:0.00 pcu:335.00 scu:1225.00 tlayer:4 pbqpoffset:6.36 pbfactor:2.09 avgQpOffsetCutree:0.00;
in:193 out:195 type:b q:19.99 q-aq:20.00 q-noVbv:19.99 q-Rceq:0.98 tex:2181 mv:616 misc:675 icu:0.00 pcu:94.75 scu:1465.25 tlayer:4 pbqpoffset:6.36 pbfactor:2.09 avgQpOffsetCutree:0.00;
in:198 out:196 type:B q:16.05 q-aq:12.58 q-noVbv:16.05 q-Rceq:0.98 tex:87236 mv:17326 misc:4062 icu:138.50 pcu:1039.50 scu:382.00 tlayer:2 pbqpoffset:2.93 pbfactor:1.40 avgQpOffsetCutree:-3.23;
in:196 out:197 type:B q:16.69 q-aq:15.51 q-noVbv:16.69 q-Rceq:0.98 tex:36567 mv:7755 misc:2446 icu:30.75 pcu:739.50 scu:789.75 tlayer:3 pbqpoffset:3.36 pbfactor:1.47 avgQpOffsetCutree:-1.53;
in:195 out:198 type:b q:19.79 q-aq:20.00 q-noVbv:19.79 q-Rceq:0.98 tex:2500 mv:819 misc:681 icu:0.25 pcu:175.25 scu:1384.50 tlayer:4 pbqpoffset:6.36 pbfactor:2.09 avgQpOffsetCutree:0.00;
in:197 out:199 type:b q:19.59 q-aq:19.98 q-noVbv:19.59 q-Rceq:0.98 tex:2356 mv:862 misc:806 icu:1.00 pcu:122.50 scu:1436.50 tlayer:4 pbqpoffset:6.36 pbfactor:2.09 avgQpOffsetCutree:0.00;
in:200 out:200 type:B q:16.17 q-aq:15.08 q-noVbv:16.17 q-Rceq:0.98 tex:55300 mv:13463 misc:3333 icu:62.75 pcu:1045.25 scu:452.00 tlayer:3 pbqpoffset:3.24 pbfactor:1.45 avgQpOffsetCutree:-1.46;
in:199 out:201 type:b q:19.39 q-aq:19.00 q-noVbv:19.39 q-Rceq:0.98 tex:2882 mv:922 misc:796 icu:0.25 pcu:151.00 scu:1408.75 tlayer:4 pbqpoffset:6.36 pbfactor:2.09 avgQpOffsetCutree:0.00;
in:201 out:202 type:b q:19.19 q-aq:19.00 q-noVbv:19.19 q-Rceq:0.98 tex:2944 mv:1255 misc:825 icu:3.25 pcu:166.75 scu:1390.00 tlayer:4 pbqpoffset:6.36 pbfactor:2.09 avgQpOffsetCutree:0.00;
in:218 out:203 type:k q:12.72 q-aq:8.64 q-noVbv:12.72 q-Rceq:0.98 tex:397649 mv:34642 misc:3245 icu:1355.25 pcu:202.00 scu:2.75 tlayer:0 pbqpoffset:0.26 pbfactor:1.03 avgQpOffsetCutree:-4.69;
in:210 out:204 type:B q:14.08 q-aq:8.95 q-noVbv:14.08 q-Rceq:0.98 tex:266252 mv:41619 misc:4473 icu:599.75 pcu:904.00 scu:56.25 tlayer:1 pbqpoffset:1.36 pbfactor:1.17 avgQpOffsetCutree:-5.17;
in:206 out:205 type:B q:14.63 q-aq:11.38 q-noVbv:14.63 q-Rceq:0.98 tex:104566 mv:20292 misc:4334 icu:147.00 pcu:1007.00 scu:406.00 tlayer:2 pbqpoffset:1.90 pbfactor:1.25 avgQpOffsetCutree:-3.12;
in:204 out:206 type:B q:15.80 q-aq:14.64 q-noVbv:15.80 q-Rceq:0.98 tex:39325 mv:9275 misc:2680 icu:29.50 pcu:792.75 scu:737.75 tlayer:3 pbqpoffset:3.08 pbfactor:1.43 avgQpOffsetCutree:-1.54;
in:203 out:207 type:b q:18.54 q-aq:18.53 q-noVbv:18.54 q-Rceq:0.98 tex:2568 mv:526 misc:714 icu:0.00 pcu:154.75 scu:1405.25 tlayer:4 pbqpoffset:5.82 pbfactor:1.96 avgQpOffsetCutree:0.00;
in:205 out:208 type:b q:18.95 q-aq:19.00 q-noVbv:18.95 q-Rceq:0.98 tex:2983 mv:836 misc:797 icu:0.00 pcu:170.00 scu:1390.00 tlayer:4 pbqpoffset:6.22 pbfactor:2.05 avgQpOffsetCutree:0.00;
in:208 out:209 type:B q:14.91 q-aq:13.84 q-noVbv:14.91 q-Rceq:0.98 tex:70841 mv:14402 misc:3957 icu:73.00 pcu:1026.25 scu:460.75 tlayer:3 pbqpoffset:2.19 pbfactor:1.29 avgQpOffsetCutree:-1.41;
in:207 out:210 type:b q:18.74 q-aq:19.00 q-noVbv:18.74 q-Rceq:0.98 tex:3118 mv:802 misc:840 icu:0.75 pcu:91.50 scu:1467.75 tlayer:4 pbqpoffset:6.02 pbfactor:2.00 avgQpOffsetCutree:0.00;
in:209 out:211 type:b q:18.94 q-aq:19.00 q-noVbv:18.94 q-Rceq:0.98 tex:4619 mv:998 misc:847 icu:0.50 pcu:121.00 scu:1438.50 tlayer:4 pbqpoffset:6.22 pbfactor:2.05 avgQpOffsetCutree:0.00;
in:214 out:212 type:B q:14.67 q-aq:10.90 q-noVbv:14.67 q-Rceq:0.98 tex:135232 mv:23684 misc:4908 icu:193.75 pcu:1054.00 scu:312.25 tlayer:2 pbqpoffset:1.95 pbfactor:1.25 avgQpOffsetCutree:-3.57;
in:212 out:213 type:B q:15.94 q-aq:14.65 q-noVbv:15.94 q-Rceq:0.98 tex:38192 mv:8227 misc:2709 icu:21.00 pcu:755.00 scu:784.00 tlayer:3 pbqpoffset:3.22 pbfactor:1.45 avgQpOffsetCutree:-1.55;
in:211 out:214 type:b q:18.94 q-aq:19.00 q-noVbv:18.94 q-Rceq:0.98 tex:2835 mv:786 misc:835 icu:0.00 pcu:111.25 scu:1448.75 tlayer:4 pbqpoffset:6.22 pbfactor:2.05 avgQpOffsetCutree:0.00;
in:213 out:215 type:b q:18.94 q-aq:19.00 q-noVbv:18.94 q-Rceq:0.98 tex:1866 mv:711 misc:719 icu:0.00 pcu:179.00 scu:1381.00 tlayer:4 pbqpoffset:6.22 pbfactor:2.05 avgQpOffsetCutree:0.00;
in:216 out:216 type:B q:15.24 q-aq:14.11 q-noVbv:15.24 q-Rceq:0.98 tex:69523 mv:15112 misc:4077 icu:69.50 pcu:1047.50 scu:443.00 tlayer:3 pbqpoffset:2.52 pbfactor:1.34 avgQpOffsetCutree:-1.44;
in:215 out:217 type:b q:18.94 q-aq:19.00 q-noVbv:18.94 q-Rceq:0.98 tex:1887 mv:532 misc:605 icu:0.00 pcu:78.50 scu:1481.50 tlayer:4 pbqpoffset:6.22 pbfactor:2.05 avgQpOffsetCutree:0.00;
in:217 out:218 type:b q:18.94 q-aq:19.01 q-noVbv:18.94 q-Rceq:0.98 tex:2329 mv:819 misc:916 icu:5.25 pcu:282.00 scu:1272.75 tlayer:4 pbqpoffset:6.22 pbfactor:2.05 avgQpOffsetCutree:0.00;
in:224 out:219 type:k q:12.70 q-aq:11.63 q-noVbv:12.70 q-Rceq:0.98 tex:222124 mv:23009 misc:3131 icu:1426.00 pcu:131.00 scu:3.00 tlayer:0 pbqpoffset:0.26 pbfactor:1.03 avgQpOffsetCutree:-2.13;
in:221 out:220 type:B q:13.96 q-aq:11.73 q-noVbv:13.96 q-Rceq:0.98 tex:118654 mv:15762 misc:4696 icu:208.50 pcu:1152.50 scu:199.00 tlayer:1 pbqpoffset:1.25 pbfactor:1.16 avgQpOffsetCutree:-2.33;
in:220 out:221 type:B q:15.71 q-aq:15.29 q-noVbv:15.71 q-Rceq:0.98 tex:25507 mv:5242 misc:2475 icu:12.25 pcu:584.50 scu:963.25 tlayer:2 pbqpoffset:3.00 pbfactor:1.41 avgQpOffsetCutree:-0.89;
in:219 out:222 type:b q:18.45 q-aq:18.24 q-noVbv:18.45 q-Rceq:0.98 tex:2167 mv:1081 misc:928 icu:0.25 pcu:276.00 scu:1283.75 tlayer:3 pbqpoffset:5.73 pbfactor:1.94 avgQpOffsetCutree:0.00;
in:223 out:223 type:B q:14.18 q-aq:14.10 q-noVbv:14.18 q-Rceq:0.98 tex:123439 mv:7661 misc:2396 icu:365.25 pcu:1194.75 scu:0.00 tlayer:2 pbqpoffset:1.47 pbfactor:1.19 avgQpOffsetCutree:-0.87;
in:222 out:224 type:b q:17.64 q-aq:17.94 q-noVbv:17.64 q-Rceq:0.98 tex:21205 mv:2695 misc:1892 icu:10.75 pcu:1196.00 scu:353.25 tlayer:3 pbqpoffset:4.93 pbfactor:1.77 avgQpOffsetCutree:0.00;
in:239 out:225 type:k q:13.95 q-aq:8.59 q-noVbv:13.95 q-Rceq:0.98 tex:292934 mv:33417 misc:4241 icu:688.00 pcu:787.00 scu:85.00 tlayer:0 pbqpoffset:0.26 pbfactor:1.03 avgQpOffsetCutree:-5.48;
in:232 out:226 type:B q:16.32 q-aq:10.75 q-noVbv:16.32 q-Rceq:0.98 tex:77592 mv:12720 misc:4016 icu:32.75 pcu:1047.25 scu:480.00 tlayer:1 pbqpoffset:2.95 pbfactor:1.41 avgQpOffsetCutree:-4.69;
in:228 out:227 type:B q:15.15 q-aq:11.76 q-noVbv:15.15 q-Rceq:0.98 tex:53911 mv:11046 misc:3187 icu:43.50 pcu:1009.75 scu:506.75 tlayer:2 pbqpoffset:2.11 pbfactor:1.28 avgQpOffsetCutree:-3.10;
in:226 out:228 type:B q:15.24 q-aq:15.53 q-noVbv:15.24 q-Rceq:0.98 tex:30631 mv:4595 misc:2174 icu:147.75 pcu:627.75 scu:784.50 tlayer:3 pbqpoffset:2.37 pbfactor:1.32 avgQpOffsetCutree:-0.59;
in:225 out:229 type:b q:15.01 q-aq:17.53 q-noVbv:15.01 q-Rceq:0.98 tex:35003 mv:6065 misc:2476 icu:560.75 pcu:410.50 scu:588.75 tlayer:4 pbqpoffset:2.22 pbfactor:1.29 avgQpOffsetCutree:0.00;
in:227 out:230 type:b q:15.17 q-aq:16.33 q-noVbv:15.17 q-Rceq:0.98 tex:64058 mv:5877 misc:1729 icu:706.75 pcu:853.25 scu:0.00 tlayer:4 pbqpoffset:2.22 pbfactor:1.29 avgQpOffsetCutree:0.00;
in:230 out:231 type:B q:16.15 q-aq:15.58 q-noVbv:16.15 q-Rceq:0.98 tex:6039 mv:1853 misc:988 icu:6.75 pcu:421.00 scu:1132.25 tlayer:3 pbqpoffset:2.95 pbfactor:1.41 avgQpOffsetCutree:-1.69;
in:229 out:232 type:b q:18.96 q-aq:19.00 q-noVbv:18.96 q-Rceq:0.98 tex:756 mv:498 misc:450 icu:0.00 pcu:110.25 scu:1449.75 tlayer:4 pbqpoffset:5.84 pbfactor:1.96 avgQpOffsetCutree:0.00;
in:231 out:233 type:b q:19.09 q-aq:19.01 q-noVbv:19.09 q-Rceq:0.98 tex:964 mv:499 misc:513 icu:1.50 pcu:149.75 scu:1408.75 tlayer:4 pbqpoffset:5.80 pbfactor:1.96 avgQpOffsetCutree:0.00;
in:236 out:234 type:B q:16.65 q-aq:13.24 q-noVbv:16.65 q-Rceq:0.98 tex:6531 mv:3965 misc:1552 icu:1.00 pcu:912.00 scu:647.00 tlayer:2 pbqpoffset:2.95 pbfactor:1.41 avgQpOffsetCutree:-2.99;
in:234 out:235 type:B q:16.49 q-aq:14.90 q-noVbv:16.49 q-Rceq:0.98 tex:3338 mv:1401 misc:781 icu:6.75 pcu:213.25 scu:1340.00 tlayer:3 pbqpoffset:2.95 pbfactor:1.41 avgQpOffsetCutree:-1.81;
in:233 out:236 type:b q:19.18 q-aq:19.00 q-noVbv:19.18 q-Rceq:0.98 tex:1325 mv:435 misc:440 icu:1.00 pcu:82.50 scu:1476.50 tlayer:4 pbqpoffset:5.73 pbfactor:1.94 avgQpOffsetCutree:0.00;
in:235 out:237 type:b q:19.33 q-aq:19.00 q-noVbv:19.33 q-Rceq:0.98 tex:1033 mv:550 misc:433 icu:0.00 pcu:202.75 scu:1357.25 tlayer:4 pbqpoffset:5.71 pbfactor:1.93 avgQpOffsetCutree:0.00;
in:238 out:238 type:B q:16.82 q-aq:16.59 q-noVbv:16.82 q-Rceq:0.98 tex:1599 mv:1316 misc:749 icu:0.00 pcu:478.75 scu:1081.25 tlayer:3 pbqpoffset:2.95 pbfactor:1.41 avgQpOffsetCutree:-0.77;
in:237 out:239 type:b q:19.46 q-aq:19.00 q-noVbv:19.46 q-Rceq:0.98 tex:395 mv:661 misc:488 icu:0.00 pcu:410.00 scu:1150.00 tlayer:4 pbqpoffset:5.68 pbfactor:1.93 avgQpOffsetCutree:0.00;
