#options: cpuid=1173503 frame-threads=1 no-wpp no-pmode no-pme psnr no-ssim log-level=2 bitdepth=8 input-csp=1 fps=30000/1000 input-res=832x480 interlace=0 total-frames=300 level-idc=0 high-tier=1 uhd-bd=0 ref=4 no-allow-non-conformance no-repeat-headers annexb no-aud no-hrd info hash=0 no-temporal-layers open-gop min-keyint=1 keyint=5000 bframes=15 b-adapt=2 b-pyramid bframe-bias=0 rc-lookahead=40 lookahead-slices=0 scenecut=40 no-intra-refresh ctu=64 min-cu-size=8 rect amp max-tu-size=32 tu-inter-depth=3 tu-intra-depth=3 limit-tu=4 rdoq-level=2 dynamic-rd=0.00 no-ssim-rd signhide no-tskip nr-intra=0 nr-inter=0 no-constrained-intra strong-intra-smoothing max-merge=4 limit-refs=1 limit-modes me=3 subme=4 merange=57 temporal-mvp weightp weightb no-analyze-src-pics deblock=0:0 sao no-sao-non-deblock rd=6 no-early-skip rskip no-fast-intra no-tskip-fast no-cu-lossless b-intra rdpenalty=0 psy-rd=0.00 psy-rdoq=0.00 no-rd-refine analysis-reuse-mode=0 no-lossless cbqpoffs=0 crqpoffs=0 rc=abr bitrate=2000 qcomp=0.60 qpstep=4 stats-write=1 stats-read=0 slow-firstpass ipratio=1.40 pbratio=1.30 aq-mode=1 aq-strength=0.00 cutree zone-count=0 no-strict-cbr qg-size=64 no-rc-grain qpmax=69 qpmin=0 no-const-vbv sar=0 overscan=0 videoformat=5 range=0 colorprim=2 transfer=2 colormatrix=2 chromaloc=0 display-window=0 max-cll=0,0 min-luma=0 max-luma=255 log2-max-poc-lsb=8 vui-timing-info vui-hrd-info slices=1 opt-qp-pps opt-ref-list-length-pps no-multi-pass-opt-rps scenecut-bias=0.05 no-opt-cu-delta-qp no-aq-motion no-hdr no-hdr-opt no-dhdr10-opt analysis-reuse-level=5 scale-factor=0 refine-intra=0 refine-inter=0 refine-mv=0 no-limit-sao ctu-info=0 max-tlayer=4
in:0 out:0 type:I q:16.22 q-aq:12.75 q-noVbv:16.22 q-Rceq:1.08 tex:156540 mv:12184 misc:2500 icu:1560.00 pcu:0.00 scu:0.00 tlayer:0 pbqpoffset:0.00 pbfactor:1.00 avgQpOffsetCutree:-2.84;
in:8 out:1 type:k q:19.13 q-aq:14.26 q-noVbv:19.13 q-Rceq:1.08 tex:82450 mv:9778 misc:2748 icu:941.25 pcu:505.25 scu:113.50 tlayer:0 pbqpoffset:0.00 pbfactor:1.00 avgQpOffsetCutree:-3.73;
in:4 out:2 type:B q:20.30 q-aq:17.38 q-noVbv:20.30 q-Rceq:1.08 tex:8248 mv:2742 misc:1834 icu:89.75 pcu:585.00 scu:885.25 tlayer:1 pbqpoffset:1.17 pbfactor:1.14 avgQpOffsetCutree:-2.27;
in:2 out:3 type:B q:20.60 q-aq:19.79 q-noVbv:20.60 q-Rceq:1.08 tex:1669 mv:1291 misc:824 icu:8.00 pcu:303.75 scu:1248.25 tlayer:2 pbqpoffset:1.47 pbfactor:1.19 avgQpOffsetCutree:-1.22;
in:1 out:4 type:b q:22.12 q-aq:22.00 q-noVbv:22.12 q-Rceq:1.08 tex:9 mv:278 misc:409 icu:0.00 pcu:104.00 scu:1456.00 tlayer:3 pbqpoffset:2.99 pbfactor:1.41 avgQpOffsetCutree:0.00;
in:3 out:5 type:b q:22.65 q-aq:23.00 q-noVbv:22.65 q-Rceq:1.08 tex:85 mv:360 misc:363 icu:0.00 pcu:148.00 scu:1412.00 tlayer:3 pbqpoffset:3.52 pbfactor:1.50 avgQpOffsetCutree:0.00;
in:6 out:6 type:B q:21.02 q-aq:20.24 q-noVbv:21.02 q-Rceq:1.08 tex:558 mv:721 misc:729 icu:4.25 pcu:333.00 scu:1222.75 tlayer:2 pbqpoffset:1.89 pbfactor:1.24 avgQpOffsetCutree:-1.20;
in:5 out:7 type:b q:22.70 q-aq:23.00 q-noVbv:22.70 q-Rceq:1.08 tex:89 mv:748 misc:627 icu:0.00 pcu:282.00 scu:1278.00 tlayer:3 pbqpoffset:3.56 pbfactor:1.51 avgQpOffsetCutree:0.00;
in:7 out:8 type:b q:22.35 q-aq:22.00 q-noVbv:22.35 q-Rceq:1.08 tex:217 mv:477 misc:546 icu:5.00 pcu:155.00 scu:1400.00 tlayer:3 pbqpoffset:3.22 pbfactor:1.45 avgQpOffsetCutree:0.00;
in:24 out:9 type:k q:15.13 q-aq:10.94 q-noVbv:15.13 q-Rceq:1.08 tex:190613 mv:17948 misc:3111 icu:1366.25 pcu:188.75 scu:5.00 tlayer:0 pbqpoffset:0.00 pbfactor:1.00 avgQpOffsetCutree:-3.49;
in:16 out:10 type:B q:18.17 q-aq:14.76 q-noVbv:18.17 q-Rceq:1.08 tex:84470 mv:12366 misc:2908 icu:1068.50 pcu:417.25 scu:74.25 tlayer:1 pbqpoffset:1.03 pbfactor:1.13 avgQpOffsetCutree:-2.94;
in:12 out:11 type:B q:19.23 q-aq:16.77 q-noVbv:19.23 q-Rceq:1.08 tex:10458 mv:2508 misc:2066 icu:75.75 pcu:572.50 scu:911.75 tlayer:2 pbqpoffset:1.10 pbfactor:1.14 avgQpOffsetCutree:-2.23;
in:10 out:12 type:B q:20.75 q-aq:19.60 q-noVbv:20.75 q-Rceq:1.08 tex:1671 mv:973 misc:988 icu:4.25 pcu:320.75 scu:1235.00 tlayer:3 pbqpoffset:2.12 pbfactor:1.28 avgQpOffsetCutree:-1.23;
in:9 out:13 type:b q:23.49 q-aq:23.00 q-noVbv:23.49 q-Rceq:1.08 tex:103 mv:360 misc:457 icu:4.00 pcu:119.00 scu:1437.00 tlayer:4 pbqpoffset:4.60 pbfactor:1.70 avgQpOffsetCutree:0.00;
in:11 out:14 type:b q:22.92 q-aq:23.00 q-noVbv:22.92 q-Rceq:1.08 tex:422 mv:375 misc:459 icu:0.00 pcu:142.00 scu:1418.00 tlayer:4 pbqpoffset:4.54 pbfactor:1.69 avgQpOffsetCutree:0.00;
in:14 out:15 type:B q:19.80 q-aq:18.64 q-noVbv:19.80 q-Rceq:1.08 tex:2098 mv:1163 misc:1155 icu:15.00 pcu:264.75 scu:1280.25 tlayer:3 pbqpoffset:2.17 pbfactor:1.28 avgQpOffsetCutree:-1.29;
in:13 out:16 type:b q:22.50 q-aq:22.62 q-noVbv:22.50 q-Rceq:1.08 tex:568 mv:481 misc:543 icu:4.00 pcu:166.00 scu:1390.00 tlayer:4 pbqpoffset:4.62 pbfactor:1.71 avgQpOffsetCutree:0.00;
in:15 out:17 type:b q:21.93 q-aq:22.00 q-noVbv:21.93 q-Rceq:1.08 tex:55 mv:240 misc:417 icu:0.00 pcu:144.00 scu:1416.00 tlayer:4 pbqpoffset:4.54 pbfactor:1.69 avgQpOffsetCutree:0.00;
in:20 out:18 type:B q:17.17 q-aq:14.23 q-noVbv:17.17 q-Rceq:1.08 tex:20653 mv:3620 misc:2879 icu:95.00 pcu:741.75 scu:723.25 tlayer:2 pbqpoffset:1.03 pbfactor:1.13 avgQpOffsetCutree:-2.28;
in:18 out:19 type:B q:18.48 q-aq:17.03 q-noVbv:18.48 q-Rceq:1.08 tex:2043 mv:1145 misc:1548 icu:0.00 pcu:364.50 scu:1195.50 tlayer:3 pbqpoffset:1.84 pbfactor:1.24 avgQpOffsetCutree:-1.24;
in:17 out:20 type:b q:20.90 q-aq:21.00 q-noVbv:20.90 q-Rceq:1.08 tex:119 mv:280 misc:433 icu:0.00 pcu:128.00 scu:1432.00 tlayer:4 pbqpoffset:4.02 pbfactor:1.59 avgQpOffsetCutree:0.00;
in:19 out:21 type:b q:20.41 q-aq:20.00 q-noVbv:20.41 q-Rceq:1.08 tex:519 mv:639 misc:610 icu:0.00 pcu:222.75 scu:1337.25 tlayer:4 pbqpoffset:4.03 pbfactor:1.59 avgQpOffsetCutree:0.00;
in:22 out:22 type:B q:17.48 q-aq:16.27 q-noVbv:17.48 q-Rceq:1.08 tex:3277 mv:1708 misc:1591 icu:5.00 pcu:436.75 scu:1118.25 tlayer:3 pbqpoffset:1.84 pbfactor:1.24 avgQpOffsetCutree:-1.28;
in:21 out:23 type:b q:19.65 q-aq:20.00 q-noVbv:19.65 q-Rceq:1.08 tex:945 mv:1248 misc:1007 icu:0.00 pcu:371.50 scu:1188.50 tlayer:4 pbqpoffset:3.77 pbfactor:1.55 avgQpOffsetCutree:0.00;
in:23 out:24 type:b q:20.00 q-aq:20.00 q-noVbv:20.00 q-Rceq:1.08 tex:260 mv:797 misc:751 icu:0.00 pcu:284.00 scu:1276.00 tlayer:4 pbqpoffset:4.61 pbfactor:1.70 avgQpOffsetCutree:0.00;
in:40 out:25 type:k q:11.13 q-aq:6.86 q-noVbv:11.13 q-Rceq:1.08 tex:338287 mv:27258 misc:3247 icu:1507.25 pcu:52.75 scu:0.00 tlayer:0 pbqpoffset:0.00 pbfactor:1.00 avgQpOffsetCutree:-4.18;
in:32 out:26 type:B q:14.20 q-aq:10.95 q-noVbv:14.20 q-Rceq:1.08 tex:174606 mv:23358 misc:3676 icu:1231.00 pcu:304.50 scu:24.50 tlayer:1 pbqpoffset:1.07 pbfactor:1.13 avgQpOffsetCutree:-3.06;
in:28 out:27 type:B q:15.20 q-aq:12.28 q-noVbv:15.20 q-Rceq:1.08 tex:27685 mv:5223 misc:3868 icu:265.25 pcu:640.00 scu:654.75 tlayer:2 pbqpoffset:1.07 pbfactor:1.13 avgQpOffsetCutree:-2.33;
in:26 out:28 type:B q:16.69 q-aq:15.44 q-noVbv:16.69 q-Rceq:1.08 tex:3207 mv:1618 misc:2063 icu:18.00 pcu:440.75 scu:1101.25 tlayer:3 pbqpoffset:2.05 pbfactor:1.27 avgQpOffsetCutree:-1.26;
in:25 out:29 type:b q:19.39 q-aq:19.00 q-noVbv:19.39 q-Rceq:1.08 tex:288 mv:675 misc:837 icu:0.00 pcu:200.25 scu:1359.75 tlayer:4 pbqpoffset:4.51 pbfactor:1.68 avgQpOffsetCutree:0.00;
in:27 out:30 type:b q:19.07 q-aq:19.00 q-noVbv:19.07 q-Rceq:1.08 tex:153 mv:723 misc:748 icu:5.00 pcu:377.00 scu:1178.00 tlayer:4 pbqpoffset:4.68 pbfactor:1.72 avgQpOffsetCutree:0.00;
in:30 out:31 type:B q:15.58 q-aq:14.46 q-noVbv:15.58 q-Rceq:1.08 tex:9134 mv:3331 misc:3143 icu:54.00 pcu:603.00 scu:903.00 tlayer:3 pbqpoffset:1.94 pbfactor:1.25 avgQpOffsetCutree:-1.25;
in:29 out:32 type:b q:18.33 q-aq:18.00 q-noVbv:18.33 q-Rceq:1.08 tex:405 mv:954 misc:1025 icu:4.00 pcu:356.25 scu:1199.75 tlayer:4 pbqpoffset:4.44 pbfactor:1.67 avgQpOffsetCutree:0.00;
in:31 out:33 type:b q:17.76 q-aq:18.00 q-noVbv:17.76 q-Rceq:1.08 tex:375 mv:899 misc:1238 icu:16.00 pcu:297.00 scu:1247.00 tlayer:4 pbqpoffset:4.38 pbfactor:1.66 avgQpOffsetCutree:0.00;
in:36 out:34 type:B q:13.29 q-aq:10.60 q-noVbv:13.29 q-Rceq:1.08 tex:43548 mv:9298 misc:4306 icu:352.50 pcu:643.50 scu:564.00 tlayer:2 pbqpoffset:1.16 pbfactor:1.14 avgQpOffsetCutree:-2.32;
in:34 out:35 type:B q:14.96 q-aq:13.91 q-noVbv:14.96 q-Rceq:1.08 tex:6628 mv:3620 misc:2584 icu:83.00 pcu:549.50 scu:927.50 tlayer:3 pbqpoffset:2.33 pbfactor:1.31 avgQpOffsetCutree:-1.24;
in:33 out:36 type:b q:16.78 q-aq:17.00 q-noVbv:16.78 q-Rceq:1.08 tex:1219 mv:1137 misc:1116 icu:13.00 pcu:258.50 scu:1288.50 tlayer:4 pbqpoffset:3.90 pbfactor:1.57 avgQpOffsetCutree:0.00;
in:35 out:37 type:b q:17.06 q-aq:17.00 q-noVbv:17.06 q-Rceq:1.08 tex:485 mv:748 misc:951 icu:16.00 pcu:167.75 scu:1376.25 tlayer:4 pbqpoffset:4.68 pbfactor:1.72 avgQpOffsetCutree:0.00;
in:38 out:38 type:B q:14.20 q-aq:13.09 q-noVbv:14.20 q-Rceq:1.08 tex:6116 mv:3331 misc:2337 icu:99.00 pcu:641.50 scu:819.50 tlayer:3 pbqpoffset:2.56 pbfactor:1.34 avgQpOffsetCutree:-1.31;
in:37 out:39 type:b q:16.74 q-aq:17.00 q-noVbv:16.74 q-Rceq:1.08 tex:639 mv:1519 misc:986 icu:16.00 pcu:364.25 scu:1179.75 tlayer:4 pbqpoffset:4.86 pbfactor:1.75 avgQpOffsetCutree:0.00;
in:39 out:40 type:b q:17.02 q-aq:17.00 q-noVbv:17.02 q-Rceq:1.08 tex:850 mv:1664 misc:1094 icu:22.00 pcu:376.25 scu:1161.75 tlayer:4 pbqpoffset:5.64 pbfactor:1.92 avgQpOffsetCutree:0.00;
in:56 out:41 type:k q:8.28 q-aq:4.51 q-noVbv:8.28 q-Rceq:1.08 tex:459677 mv:36362 misc:2961 icu:1326.00 pcu:233.75 scu:0.25 tlayer:0 pbqpoffset:0.00 pbfactor:1.00 avgQpOffsetCutree:-3.48;
in:48 out:42 type:B q:10.56 q-aq:7.11 q-noVbv:10.56 q-Rceq:1.08 tex:246182 mv:25099 misc:3479 icu:1264.00 pcu:288.00 scu:8.00 tlayer:1 pbqpoffset:0.85 pbfactor:1.10 avgQpOffsetCutree:-3.18;
in:44 out:43 type:B q:11.27 q-aq:8.50 q-noVbv:11.27 q-Rceq:1.08 tex:76294 mv:13661 misc:4157 icu:715.75 pcu:457.75 scu:386.50 tlayer:2 pbqpoffset:0.85 pbfactor:1.10 avgQpOffsetCutree:-2.40;
in:42 out:44 type:B q:12.33 q-aq:11.17 q-noVbv:12.33 q-Rceq:1.08 tex:16255 mv:6207 misc:3202 icu:200.50 pcu:604.50 scu:755.00 tlayer:3 pbqpoffset:1.55 pbfactor:1.20 avgQpOffsetCutree:-1.32;
in:41 out:45 type:b q:14.83 q-aq:15.00 q-noVbv:14.83 q-Rceq:1.08 tex:1382 mv:2267 misc:1487 icu:44.25 pcu:512.25 scu:1003.50 tlayer:4 pbqpoffset:3.88 pbfactor:1.57 avgQpOffsetCutree:0.00;
in:43 out:46 type:b q:14.77 q-aq:14.89 q-noVbv:14.77 q-Rceq:1.08 tex:1152 mv:2501 misc:1219 icu:42.00 pcu:582.25 scu:935.75 tlayer:4 pbqpoffset:4.17 pbfactor:1.62 avgQpOffsetCutree:0.00;
in:46 out:47 type:B q:11.91 q-aq:10.80 q-noVbv:11.91 q-Rceq:1.08 tex:16698 mv:7340 misc:3458 icu:296.00 pcu:579.25 scu:684.75 tlayer:3 pbqpoffset:1.84 pbfactor:1.24 avgQpOffsetCutree:-1.30;
in:45 out:48 type:b q:14.00 q-aq:14.00 q-noVbv:14.00 q-Rceq:1.08 tex:1933 mv:2702 misc:1661 icu:61.00 pcu:494.25 scu:1004.75 tlayer:4 pbqpoffset:3.75 pbfactor:1.54 avgQpOffsetCutree:0.00;
in:47 out:49 type:b q:14.34 q-aq:14.00 q-noVbv:14.34 q-Rceq:1.08 tex:1516 mv:2604 misc:1952 icu:49.00 pcu:479.50 scu:1031.50 tlayer:4 pbqpoffset:4.45 pbfactor:1.67 avgQpOffsetCutree:0.00;
in:52 out:50 type:B q:9.85 q-aq:7.31 q-noVbv:9.85 q-Rceq:1.08 tex:106648 mv:17480 misc:4360 icu:806.50 pcu:508.75 scu:244.75 tlayer:2 pbqpoffset:0.85 pbfactor:1.10 avgQpOffsetCutree:-2.20;
in:50 out:51 type:B q:11.00 q-aq:9.82 q-noVbv:11.00 q-Rceq:1.08 tex:21655 mv:8164 misc:3709 icu:340.25 pcu:563.00 scu:656.75 tlayer:3 pbqpoffset:1.65 pbfactor:1.21 avgQpOffsetCutree:-1.27;
in:49 out:52 type:b q:13.95 q-aq:14.00 q-noVbv:13.95 q-Rceq:1.08 tex:1204 mv:2459 misc:2097 icu:39.50 pcu:422.75 scu:1097.75 tlayer:4 pbqpoffset:4.42 pbfactor:1.67 avgQpOffsetCutree:0.00;
in:51 out:53 type:b q:12.51 q-aq:12.00 q-noVbv:12.51 q-Rceq:1.08 tex:4804 mv:3760 misc:2164 icu:117.00 pcu:510.00 scu:933.00 tlayer:4 pbqpoffset:3.34 pbfactor:1.47 avgQpOffsetCutree:0.00;
in:54 out:54 type:B q:10.27 q-aq:9.15 q-noVbv:10.27 q-Rceq:1.08 tex:30523 mv:9109 misc:3696 icu:385.00 pcu:596.25 scu:578.75 tlayer:3 pbqpoffset:1.63 pbfactor:1.21 avgQpOffsetCutree:-1.23;
in:53 out:55 type:b q:12.00 q-aq:12.00 q-noVbv:12.00 q-Rceq:1.08 tex:4593 mv:2818 misc:2117 icu:101.00 pcu:492.00 scu:967.00 tlayer:4 pbqpoffset:3.18 pbfactor:1.44 avgQpOffsetCutree:0.00;
in:55 out:56 type:b q:11.57 q-aq:11.03 q-noVbv:11.57 q-Rceq:1.08 tex:6916 mv:4257 misc:2739 icu:110.75 pcu:464.75 scu:984.50 tlayer:4 pbqpoffset:3.11 pbfactor:1.43 avgQpOffsetCutree:0.00;
in:64 out:57 type:k q:9.12 q-aq:5.35 q-noVbv:9.12 q-Rceq:1.08 tex:324484 mv:22953 misc:3467 icu:1506.00 pcu:54.00 scu:0.00 tlayer:0 pbqpoffset:0.03 pbfactor:1.00 avgQpOffsetCutree:-3.67;
in:60 out:58 type:B q:9.65 q-aq:6.85 q-noVbv:9.65 q-Rceq:1.08 tex:158771 mv:18670 misc:4215 icu:1001.25 pcu:393.50 scu:165.25 tlayer:1 pbqpoffset:0.95 pbfactor:1.12 avgQpOffsetCutree:-2.37;
in:58 out:59 type:B q:10.92 q-aq:9.78 q-noVbv:10.92 q-Rceq:1.08 tex:21011 mv:8169 misc:3924 icu:281.50 pcu:641.25 scu:637.25 tlayer:2 pbqpoffset:2.43 pbfactor:1.32 avgQpOffsetCutree:-1.34;
in:57 out:60 type:b q:12.99 q-aq:12.98 q-noVbv:12.99 q-Rceq:1.08 tex:2883 mv:3849 misc:2268 icu:54.75 pcu:712.00 scu:793.25 tlayer:3 pbqpoffset:4.61 pbfactor:1.70 avgQpOffsetCutree:0.00;
in:59 out:61 type:b q:13.39 q-aq:13.00 q-noVbv:13.39 q-Rceq:1.08 tex:2382 mv:3877 misc:2165 icu:55.50 pcu:722.25 scu:782.25 tlayer:3 pbqpoffset:4.79 pbfactor:1.74 avgQpOffsetCutree:0.00;
in:62 out:62 type:B q:10.84 q-aq:9.66 q-noVbv:10.84 q-Rceq:1.08 tex:52422 mv:17983 misc:4891 icu:588.25 pcu:724.00 scu:247.75 tlayer:2 pbqpoffset:1.93 pbfactor:1.25 avgQpOffsetCutree:-1.25;
in:61 out:63 type:b q:13.57 q-aq:13.02 q-noVbv:13.57 q-Rceq:1.08 tex:3058 mv:4253 misc:2689 icu:80.25 pcu:665.25 scu:814.50 tlayer:3 pbqpoffset:4.77 pbfactor:1.73 avgQpOffsetCutree:0.00;
in:63 out:64 type:b q:13.83 q-aq:13.69 q-noVbv:13.83 q-Rceq:1.08 tex:3717 mv:5324 misc:2887 icu:89.25 pcu:912.75 scu:558.00 tlayer:3 pbqpoffset:4.82 pbfactor:1.74 avgQpOffsetCutree:0.00;
in:72 out:65 type:k q:9.59 q-aq:5.99 q-noVbv:9.59 q-Rceq:1.08 tex:365935 mv:37742 misc:3331 icu:1240.25 pcu:293.75 scu:26.00 tlayer:0 pbqpoffset:-0.10 pbfactor:0.99 avgQpOffsetCutree:-3.45;
in:68 out:66 type:B q:10.03 q-aq:7.46 q-noVbv:10.03 q-Rceq:1.08 tex:106698 mv:19785 misc:5165 icu:658.75 pcu:581.75 scu:319.50 tlayer:1 pbqpoffset:0.67 pbfactor:1.08 avgQpOffsetCutree:-2.24;
in:66 out:67 type:B q:10.69 q-aq:9.67 q-noVbv:10.69 q-Rceq:1.08 tex:27426 mv:9148 misc:3922 icu:342.75 pcu:637.00 scu:580.25 tlayer:2 pbqpoffset:1.46 pbfactor:1.18 avgQpOffsetCutree:-1.22;
in:65 out:68 type:b q:12.46 q-aq:12.00 q-noVbv:12.46 q-Rceq:1.08 tex:4307 mv:4441 misc:2564 icu:67.75 pcu:535.75 scu:956.50 tlayer:3 pbqpoffset:3.29 pbfactor:1.46 avgQpOffsetCutree:0.00;
in:67 out:69 type:b q:12.46 q-aq:12.00 q-noVbv:12.46 q-Rceq:1.08 tex:5487 mv:4044 misc:2357 icu:121.00 pcu:567.25 scu:871.75 tlayer:3 pbqpoffset:3.17 pbfactor:1.44 avgQpOffsetCutree:0.00;
in:70 out:70 type:B q:10.68 q-aq:9.57 q-noVbv:10.68 q-Rceq:1.08 tex:32271 mv:9007 misc:3850 icu:342.75 pcu:652.50 scu:564.75 tlayer:2 pbqpoffset:1.21 pbfactor:1.15 avgQpOffsetCutree:-1.23;
in:69 out:71 type:b q:13.09 q-aq:13.00 q-noVbv:13.09 q-Rceq:1.08 tex:2694 mv:3277 misc:2525 icu:23.50 pcu:623.75 scu:912.75 tlayer:3 pbqpoffset:3.68 pbfactor:1.53 avgQpOffsetCutree:0.00;
in:71 out:72 type:b q:12.48 q-aq:12.00 q-noVbv:12.48 q-Rceq:1.08 tex:4345 mv:3580 misc:2667 icu:39.50 pcu:599.25 scu:921.25 tlayer:3 pbqpoffset:2.95 pbfactor:1.41 avgQpOffsetCutree:0.00;
in:88 out:73 type:k q:9.98 q-aq:7.05 q-noVbv:9.98 q-Rceq:1.08 tex:336735 mv:34658 misc:3055 icu:1397.75 pcu:161.25 scu:1.00 tlayer:0 pbqpoffset:-0.07 pbfactor:0.99 avgQpOffsetCutree:-2.98;
in:80 out:74 type:B q:10.45 q-aq:7.41 q-noVbv:10.45 q-Rceq:1.08 tex:272171 mv:27467 misc:3554 icu:1320.00 pcu:209.00 scu:31.00 tlayer:1 pbqpoffset:0.66 pbfactor:1.08 avgQpOffsetCutree:-2.93;
in:76 out:75 type:B q:10.35 q-aq:8.06 q-noVbv:10.35 q-Rceq:1.08 tex:94873 mv:14605 misc:4650 icu:690.50 pcu:495.25 scu:374.25 tlayer:2 pbqpoffset:0.66 pbfactor:1.08 avgQpOffsetCutree:-2.11;
in:74 out:76 type:B q:11.05 q-aq:9.79 q-noVbv:11.05 q-Rceq:1.08 tex:22014 mv:6307 misc:4039 icu:253.00 pcu:552.25 scu:754.75 tlayer:3 pbqpoffset:1.41 pbfactor:1.18 avgQpOffsetCutree:-1.31;
in:73 out:77 type:b q:13.71 q-aq:13.31 q-noVbv:13.71 q-Rceq:1.08 tex:1721 mv:2339 misc:2012 icu:21.25 pcu:653.75 scu:885.00 tlayer:4 pbqpoffset:4.09 pbfactor:1.60 avgQpOffsetCutree:0.00;
in:75 out:78 type:b q:13.64 q-aq:13.20 q-noVbv:13.64 q-Rceq:1.08 tex:2364 mv:3516 misc:2120 icu:69.25 pcu:619.00 scu:871.75 tlayer:4 pbqpoffset:3.97 pbfactor:1.58 avgQpOffsetCutree:0.00;
in:78 out:79 type:B q:10.74 q-aq:9.69 q-noVbv:10.74 q-Rceq:1.08 tex:61121 mv:22992 misc:5167 icu:512.50 pcu:723.00 scu:324.50 tlayer:3 pbqpoffset:1.00 pbfactor:1.12 avgQpOffsetCutree:-1.17;
in:77 out:80 type:b q:13.22 q-aq:13.00 q-noVbv:13.22 q-Rceq:1.08 tex:1993 mv:2270 misc:2097 icu:31.00 pcu:547.75 scu:981.25 tlayer:4 pbqpoffset:3.50 pbfactor:1.50 avgQpOffsetCutree:0.00;
in:79 out:81 type:b q:13.31 q-aq:13.00 q-noVbv:13.31 q-Rceq:1.08 tex:1475 mv:2043 misc:2186 icu:22.00 pcu:479.00 scu:1059.00 tlayer:4 pbqpoffset:3.55 pbfactor:1.51 avgQpOffsetCutree:0.00;
in:84 out:82 type:B q:10.55 q-aq:8.25 q-noVbv:10.55 q-Rceq:1.08 tex:98354 mv:16465 misc:4589 icu:684.00 pcu:515.25 scu:360.75 tlayer:2 pbqpoffset:0.66 pbfactor:1.08 avgQpOffsetCutree:-2.09;
in:82 out:83 type:B q:11.22 q-aq:10.09 q-noVbv:11.22 q-Rceq:1.08 tex:28562 mv:8826 misc:3956 icu:371.75 pcu:594.00 scu:594.25 tlayer:3 pbqpoffset:1.39 pbfactor:1.17 avgQpOffsetCutree:-1.19;
in:81 out:84 type:b q:13.18 q-aq:13.00 q-noVbv:13.18 q-Rceq:1.08 tex:2487 mv:2569 misc:1992 icu:41.00 pcu:431.00 scu:1088.00 tlayer:4 pbqpoffset:3.37 pbfactor:1.48 avgQpOffsetCutree:0.00;
in:83 out:85 type:b q:13.20 q-aq:13.00 q-noVbv:13.20 q-Rceq:1.08 tex:1971 mv:2394 misc:2099 icu:30.25 pcu:446.50 scu:1083.25 tlayer:4 pbqpoffset:3.34 pbfactor:1.47 avgQpOffsetCutree:0.00;
in:86 out:86 type:B q:11.37 q-aq:10.44 q-noVbv:11.37 q-Rceq:1.08 tex:19612 mv:5960 misc:3772 icu:227.25 pcu:577.75 scu:755.00 tlayer:3 pbqpoffset:1.44 pbfactor:1.18 avgQpOffsetCutree:-1.12;
in:85 out:87 type:b q:12.94 q-aq:12.73 q-noVbv:12.94 q-Rceq:1.08 tex:2756 mv:2926 misc:2070 icu:59.25 pcu:508.00 scu:992.75 tlayer:4 pbqpoffset:3.03 pbfactor:1.42 avgQpOffsetCutree:0.00;
in:87 out:88 type:b q:13.13 q-aq:13.00 q-noVbv:13.13 q-Rceq:1.08 tex:3215 mv:2573 misc:2236 icu:68.25 pcu:317.50 scu:1174.25 tlayer:4 pbqpoffset:3.18 pbfactor:1.44 avgQpOffsetCutree:0.00;
in:96 out:89 type:k q:10.29 q-aq:6.68 q-noVbv:10.29 q-Rceq:1.08 tex:293317 mv:23527 misc:3284 icu:1510.00 pcu:50.00 scu:0.00 tlayer:0 pbqpoffset:-0.07 pbfactor:0.99 avgQpOffsetCutree:-3.52;
in:92 out:90 type:B q:11.06 q-aq:8.75 q-noVbv:11.06 q-Rceq:1.08 tex:79594 mv:11739 misc:4515 icu:671.00 pcu:418.50 scu:470.50 tlayer:1 pbqpoffset:0.93 pbfactor:1.11 avgQpOffsetCutree:-2.09;
in:90 out:91 type:B q:11.96 q-aq:11.05 q-noVbv:11.96 q-Rceq:1.08 tex:24918 mv:7270 misc:3956 icu:246.75 pcu:792.50 scu:520.75 tlayer:2 pbqpoffset:1.90 pbfactor:1.25 avgQpOffsetCutree:-1.07;
in:89 out:92 type:b q:13.19 q-aq:13.00 q-noVbv:13.19 q-Rceq:1.08 tex:4601 mv:3425 misc:3102 icu:33.00 pcu:779.50 scu:747.50 tlayer:3 pbqpoffset:3.17 pbfactor:1.44 avgQpOffsetCutree:0.00;
in:91 out:93 type:b q:13.68 q-aq:13.02 q-noVbv:13.68 q-Rceq:1.08 tex:6476 mv:4150 misc:2718 icu:133.50 pcu:606.50 scu:820.00 tlayer:3 pbqpoffset:3.58 pbfactor:1.51 avgQpOffsetCutree:0.00;
in:94 out:94 type:B q:12.55 q-aq:11.77 q-noVbv:12.55 q-Rceq:1.08 tex:11378 mv:4213 misc:3225 icu:168.50 pcu:574.75 scu:816.75 tlayer:2 pbqpoffset:2.33 pbfactor:1.31 avgQpOffsetCutree:-1.05;
in:93 out:95 type:b q:13.55 q-aq:13.06 q-noVbv:13.55 q-Rceq:1.08 tex:6093 mv:3398 misc:2245 icu:96.50 pcu:554.50 scu:909.00 tlayer:3 pbqpoffset:3.37 pbfactor:1.48 avgQpOffsetCutree:0.00;
in:95 out:96 type:b q:14.02 q-aq:14.00 q-noVbv:14.02 q-Rceq:1.08 tex:5041 mv:2321 misc:1982 icu:73.75 pcu:460.25 scu:1026.00 tlayer:3 pbqpoffset:3.76 pbfactor:1.54 avgQpOffsetCutree:0.00;
in:104 out:97 type:k q:10.32 q-aq:6.45 q-noVbv:10.32 q-Rceq:1.08 tex:287731 mv:24067 misc:3434 icu:1363.75 pcu:188.50 scu:7.75 tlayer:0 pbqpoffset:0.22 pbfactor:1.03 avgQpOffsetCutree:-3.50;
in:100 out:98 type:B q:11.00 q-aq:8.42 q-noVbv:11.00 q-Rceq:1.08 tex:76858 mv:12200 misc:4054 icu:758.50 pcu:415.25 scu:386.25 tlayer:1 pbqpoffset:0.69 pbfactor:1.08 avgQpOffsetCutree:-2.25;
in:98 out:99 type:B q:11.58 q-aq:10.46 q-noVbv:11.58 q-Rceq:1.08 tex:18396 mv:6430 misc:3678 icu:209.25 pcu:661.75 scu:689.00 tlayer:2 pbqpoffset:1.28 pbfactor:1.16 avgQpOffsetCutree:-1.25;
in:97 out:100 type:b q:13.30 q-aq:13.00 q-noVbv:13.30 q-Rceq:1.08 tex:3597 mv:3232 misc:2187 icu:54.00 pcu:521.25 scu:984.75 tlayer:3 pbqpoffset:3.01 pbfactor:1.42 avgQpOffsetCutree:0.00;
in:99 out:101 type:b q:13.74 q-aq:13.58 q-noVbv:13.74 q-Rceq:1.08 tex:3996 mv:2912 misc:2076 icu:71.75 pcu:646.25 scu:842.00 tlayer:3 pbqpoffset:3.44 pbfactor:1.49 avgQpOffsetCutree:0.00;
in:102 out:102 type:B q:11.50 q-aq:10.21 q-noVbv:11.50 q-Rceq:1.08 tex:28607 mv:9905 misc:3984 icu:389.25 pcu:604.25 scu:566.50 tlayer:2 pbqpoffset:1.18 pbfactor:1.15 avgQpOffsetCutree:-1.21;
in:101 out:103 type:b q:13.03 q-aq:13.00 q-noVbv:13.03 q-Rceq:1.08 tex:3416 mv:3602 misc:2062 icu:49.50 pcu:597.50 scu:913.00 tlayer:3 pbqpoffset:2.72 pbfactor:1.37 avgQpOffsetCutree:0.00;
in:103 out:104 type:b q:13.45 q-aq:13.00 q-noVbv:13.45 q-Rceq:1.08 tex:2956 mv:3909 misc:2207 icu:55.75 pcu:692.00 scu:812.25 tlayer:3 pbqpoffset:3.13 pbfactor:1.44 avgQpOffsetCutree:0.00;
in:112 out:105 type:k q:10.35 q-aq:6.66 q-noVbv:10.35 q-Rceq:1.08 tex:296392 mv:25267 misc:3189 icu:1292.75 pcu:265.00 scu:2.25 tlayer:0 pbqpoffset:-0.28 pbfactor:0.97 avgQpOffsetCutree:-3.31;
in:108 out:106 type:B q:10.89 q-aq:8.55 q-noVbv:10.89 q-Rceq:1.08 tex:82316 mv:12427 misc:3929 icu:849.00 pcu:370.75 scu:340.25 tlayer:1 pbqpoffset:0.55 pbfactor:1.07 avgQpOffsetCutree:-2.06;
in:106 out:107 type:B q:11.49 q-aq:10.38 q-noVbv:11.49 q-Rceq:1.08 tex:23420 mv:5716 misc:3400 icu:385.75 pcu:412.25 scu:762.00 tlayer:2 pbqpoffset:1.16 pbfactor:1.14 avgQpOffsetCutree:-1.18;
in:105 out:108 type:b q:13.01 q-aq:13.00 q-noVbv:13.01 q-Rceq:1.08 tex:3312 mv:2946 misc:2070 icu:63.75 pcu:495.75 scu:1000.50 tlayer:3 pbqpoffset:2.69 pbfactor:1.36 avgQpOffsetCutree:0.00;
in:107 out:109 type:b q:13.97 q-aq:14.00 q-noVbv:13.97 q-Rceq:1.08 tex:3158 mv:2158 misc:2292 icu:77.00 pcu:491.00 scu:992.00 tlayer:3 pbqpoffset:3.64 pbfactor:1.52 avgQpOffsetCutree:0.00;
in:110 out:110 type:B q:11.51 q-aq:10.65 q-noVbv:11.51 q-Rceq:1.08 tex:18882 mv:7098 misc:3716 icu:316.00 pcu:521.25 scu:722.75 tlayer:2 pbqpoffset:1.17 pbfactor:1.14 avgQpOffsetCutree:-1.07;
in:109 out:111 type:b q:12.75 q-aq:12.22 q-noVbv:12.75 q-Rceq:1.08 tex:9165 mv:3823 misc:1996 icu:206.25 pcu:359.00 scu:994.75 tlayer:3 pbqpoffset:2.41 pbfactor:1.32 avgQpOffsetCutree:0.00;
in:111 out:112 type:b q:12.67 q-aq:12.02 q-noVbv:12.67 q-Rceq:1.08 tex:6856 mv:3975 misc:2545 icu:100.00 pcu:600.50 scu:859.50 tlayer:3 pbqpoffset:2.32 pbfactor:1.31 avgQpOffsetCutree:0.00;
in:120 out:113 type:k q:10.39 q-aq:6.88 q-noVbv:10.39 q-Rceq:1.08 tex:257334 mv:25330 misc:3232 icu:1208.25 pcu:332.50 scu:19.25 tlayer:0 pbqpoffset:-0.28 pbfactor:0.97 avgQpOffsetCutree:-3.10;
in:116 out:114 type:B q:10.88 q-aq:8.38 q-noVbv:10.88 q-Rceq:1.08 tex:80984 mv:14644 misc:4100 icu:758.25 pcu:446.50 scu:355.25 tlayer:1 pbqpoffset:0.51 pbfactor:1.06 avgQpOffsetCutree:-2.10;
in:114 out:115 type:B q:11.28 q-aq:10.42 q-noVbv:11.28 q-Rceq:1.08 tex:16674 mv:7475 misc:3611 icu:246.75 pcu:697.00 scu:616.25 tlayer:2 pbqpoffset:0.92 pbfactor:1.11 avgQpOffsetCutree:-1.11;
in:113 out:116 type:b q:12.41 q-aq:12.00 q-noVbv:12.41 q-Rceq:1.08 tex:9132 mv:2684 misc:2320 icu:161.50 pcu:384.00 scu:1014.50 tlayer:3 pbqpoffset:2.06 pbfactor:1.27 avgQpOffsetCutree:0.00;
in:115 out:117 type:b q:12.37 q-aq:12.00 q-noVbv:12.37 q-Rceq:1.08 tex:7306 mv:3942 misc:2384 icu:120.50 pcu:423.25 scu:1016.25 tlayer:3 pbqpoffset:2.00 pbfactor:1.26 avgQpOffsetCutree:0.00;
in:118 out:118 type:B q:11.25 q-aq:10.20 q-noVbv:11.25 q-Rceq:1.08 tex:22461 mv:7908 misc:3559 icu:326.50 pcu:601.00 scu:632.50 tlayer:2 pbqpoffset:0.87 pbfactor:1.11 avgQpOffsetCutree:-1.16;
in:117 out:119 type:b q:12.59 q-aq:12.00 q-noVbv:12.59 q-Rceq:1.08 tex:4663 mv:3186 misc:2271 icu:110.25 pcu:470.50 scu:979.25 tlayer:3 pbqpoffset:2.21 pbfactor:1.29 avgQpOffsetCutree:0.00;
in:119 out:120 type:b q:12.45 q-aq:12.00 q-noVbv:12.45 q-Rceq:1.08 tex:6018 mv:3763 misc:2267 icu:102.25 pcu:523.25 scu:934.50 tlayer:3 pbqpoffset:2.06 pbfactor:1.27 avgQpOffsetCutree:0.00;
in:136 out:121 type:k q:10.38 q-aq:6.27 q-noVbv:10.38 q-Rceq:1.08 tex:325889 mv:28230 misc:3065 icu:1472.75 pcu:87.25 scu:0.00 tlayer:0 pbqpoffset:-0.08 pbfactor:0.99 avgQpOffsetCutree:-3.87;
in:128 out:122 type:B q:10.96 q-aq:7.67 q-noVbv:10.96 q-Rceq:1.08 tex:190220 mv:18681 misc:3643 icu:1278.25 pcu:258.00 scu:23.75 tlayer:1 pbqpoffset:0.58 pbfactor:1.07 avgQpOffsetCutree:-3.06;
in:124 out:123 type:B q:10.97 q-aq:8.49 q-noVbv:10.97 q-Rceq:1.08 tex:95536 mv:14389 misc:4419 icu:890.50 pcu:348.50 scu:321.00 tlayer:2 pbqpoffset:0.58 pbfactor:1.07 avgQpOffsetCutree:-2.25;
in:122 out:124 type:B q:12.15 q-aq:10.99 q-noVbv:12.15 q-Rceq:1.08 tex:17414 mv:7172 misc:4038 icu:242.75 pcu:607.50 scu:709.75 tlayer:3 pbqpoffset:1.76 pbfactor:1.23 avgQpOffsetCutree:-1.29;
in:121 out:125 type:b q:15.30 q-aq:15.00 q-noVbv:15.30 q-Rceq:1.08 tex:1500 mv:1461 misc:1991 icu:12.50 pcu:393.00 scu:1154.50 tlayer:4 pbqpoffset:4.91 pbfactor:1.76 avgQpOffsetCutree:0.00;
in:123 out:126 type:b q:15.25 q-aq:15.00 q-noVbv:15.25 q-Rceq:1.08 tex:1020 mv:1698 misc:2058 icu:4.50 pcu:457.50 scu:1098.00 tlayer:4 pbqpoffset:4.87 pbfactor:1.75 avgQpOffsetCutree:0.00;
in:126 out:127 type:B q:11.90 q-aq:10.81 q-noVbv:11.90 q-Rceq:1.08 tex:24048 mv:8567 misc:3993 icu:319.25 pcu:674.75 scu:566.00 tlayer:3 pbqpoffset:1.51 pbfactor:1.19 avgQpOffsetCutree:-1.15;
in:125 out:128 type:b q:13.71 q-aq:13.20 q-noVbv:13.71 q-Rceq:1.08 tex:4724 mv:2457 misc:2283 icu:60.50 pcu:453.75 scu:1045.75 tlayer:4 pbqpoffset:3.32 pbfactor:1.47 avgQpOffsetCutree:0.00;
in:127 out:129 type:b q:13.57 q-aq:13.02 q-noVbv:13.57 q-Rceq:1.08 tex:4959 mv:3286 misc:2283 icu:80.00 pcu:527.25 scu:952.75 tlayer:4 pbqpoffset:3.19 pbfactor:1.45 avgQpOffsetCutree:0.00;
in:132 out:130 type:B q:11.21 q-aq:8.61 q-noVbv:11.21 q-Rceq:1.08 tex:70244 mv:12834 misc:4034 icu:711.00 pcu:443.50 scu:405.50 tlayer:2 pbqpoffset:0.83 pbfactor:1.10 avgQpOffsetCutree:-2.22;
in:130 out:131 type:B q:12.12 q-aq:10.89 q-noVbv:12.12 q-Rceq:1.08 tex:19970 mv:6506 misc:3492 icu:256.50 pcu:613.75 scu:689.75 tlayer:3 pbqpoffset:1.74 pbfactor:1.22 avgQpOffsetCutree:-1.28;
in:129 out:132 type:b q:15.83 q-aq:16.00 q-noVbv:15.83 q-Rceq:1.08 tex:1347 mv:1293 misc:1744 icu:22.25 pcu:304.00 scu:1233.75 tlayer:4 pbqpoffset:5.44 pbfactor:1.88 avgQpOffsetCutree:0.00;
in:131 out:133 type:b q:15.06 q-aq:15.00 q-noVbv:15.06 q-Rceq:1.08 tex:1441 mv:1489 misc:1830 icu:22.00 pcu:390.75 scu:1147.25 tlayer:4 pbqpoffset:4.68 pbfactor:1.72 avgQpOffsetCutree:0.00;
in:134 out:134 type:B q:12.16 q-aq:11.06 q-noVbv:12.16 q-Rceq:1.08 tex:14597 mv:5021 misc:3086 icu:236.75 pcu:552.25 scu:771.00 tlayer:3 pbqpoffset:1.78 pbfactor:1.23 avgQpOffsetCutree:-1.21;
in:133 out:135 type:b q:14.29 q-aq:14.00 q-noVbv:14.29 q-Rceq:1.08 tex:1193 mv:1913 misc:1678 icu:13.25 pcu:579.50 scu:967.25 tlayer:4 pbqpoffset:3.91 pbfactor:1.57 avgQpOffsetCutree:0.00;
in:135 out:136 type:b q:14.15 q-aq:14.00 q-noVbv:14.15 q-Rceq:1.08 tex:1439 mv:1850 misc:1687 icu:30.25 pcu:457.75 scu:1072.00 tlayer:4 pbqpoffset:3.77 pbfactor:1.55 avgQpOffsetCutree:0.00;
in:152 out:137 type:k q:10.28 q-aq:6.62 q-noVbv:10.28 q-Rceq:1.08 tex:273668 mv:25853 misc:3055 icu:1288.50 pcu:262.75 scu:8.75 tlayer:0 pbqpoffset:-0.47 pbfactor:0.95 avgQpOffsetCutree:-3.30;
in:144 out:138 type:B q:10.91 q-aq:7.91 q-noVbv:10.91 q-Rceq:1.08 tex:207235 mv:27035 misc:3370 icu:1250.50 pcu:275.50 scu:34.00 tlayer:1 pbqpoffset:0.58 pbfactor:1.07 avgQpOffsetCutree:-2.79;
in:140 out:139 type:B q:10.94 q-aq:8.69 q-noVbv:10.94 q-Rceq:1.08 tex:73841 mv:14568 misc:4119 icu:760.75 pcu:472.00 scu:327.25 tlayer:2 pbqpoffset:0.58 pbfactor:1.07 avgQpOffsetCutree:-2.06;
in:138 out:140 type:B q:11.26 q-aq:10.10 q-noVbv:11.26 q-Rceq:1.08 tex:19783 mv:7492 misc:3541 icu:234.50 pcu:610.25 scu:715.25 tlayer:3 pbqpoffset:0.89 pbfactor:1.11 avgQpOffsetCutree:-1.19;
in:137 out:141 type:b q:12.66 q-aq:12.12 q-noVbv:12.66 q-Rceq:1.08 tex:4226 mv:2729 misc:2245 icu:64.00 pcu:415.00 scu:1081.00 tlayer:4 pbqpoffset:2.28 pbfactor:1.30 avgQpOffsetCutree:0.00;
in:139 out:142 type:b q:12.65 q-aq:12.11 q-noVbv:12.65 q-Rceq:1.08 tex:6534 mv:3400 misc:2394 icu:112.00 pcu:465.75 scu:982.25 tlayer:4 pbqpoffset:2.28 pbfactor:1.30 avgQpOffsetCutree:0.00;
in:142 out:143 type:B q:11.35 q-aq:10.36 q-noVbv:11.35 q-Rceq:1.08 tex:24416 mv:7006 misc:3266 icu:409.25 pcu:500.25 scu:650.50 tlayer:3 pbqpoffset:1.01 pbfactor:1.12 avgQpOffsetCutree:-1.10;
in:141 out:144 type:b q:12.06 q-aq:12.00 q-noVbv:12.06 q-Rceq:1.08 tex:4920 mv:2968 misc:2280 icu:97.75 pcu:535.00 scu:927.25 tlayer:4 pbqpoffset:1.71 pbfactor:1.22 avgQpOffsetCutree:0.00;
in:143 out:145 type:b q:12.68 q-aq:12.02 q-noVbv:12.68 q-Rceq:1.08 tex:7033 mv:3397 misc:2290 icu:187.75 pcu:452.75 scu:919.50 tlayer:4 pbqpoffset:2.34 pbfactor:1.31 avgQpOffsetCutree:0.00;
in:148 out:146 type:B q:10.89 q-aq:8.43 q-noVbv:10.89 q-Rceq:1.08 tex:81986 mv:11237 misc:3649 icu:883.25 pcu:278.25 scu:398.50 tlayer:2 pbqpoffset:0.58 pbfactor:1.07 avgQpOffsetCutree:-2.12;
in:146 out:147 type:B q:11.24 q-aq:10.19 q-noVbv:11.24 q-Rceq:1.08 tex:25754 mv:7956 misc:3602 icu:361.25 pcu:569.25 scu:629.50 tlayer:3 pbqpoffset:0.92 pbfactor:1.11 avgQpOffsetCutree:-1.22;
in:145 out:148 type:b q:12.55 q-aq:12.00 q-noVbv:12.55 q-Rceq:1.08 tex:3621 mv:4267 misc:2344 icu:62.25 pcu:733.00 scu:764.75 tlayer:4 pbqpoffset:2.22 pbfactor:1.29 avgQpOffsetCutree:0.00;
in:147 out:149 type:b q:12.80 q-aq:12.34 q-noVbv:12.80 q-Rceq:1.08 tex:3929 mv:3196 misc:2179 icu:53.50 pcu:671.50 scu:835.00 tlayer:4 pbqpoffset:2.48 pbfactor:1.33 avgQpOffsetCutree:0.00;
in:150 out:150 type:B q:11.48 q-aq:10.34 q-noVbv:11.48 q-Rceq:1.08 tex:15035 mv:5418 misc:3323 icu:207.00 pcu:548.75 scu:804.25 tlayer:3 pbqpoffset:1.18 pbfactor:1.15 avgQpOffsetCutree:-1.23;
in:149 out:151 type:b q:13.37 q-aq:13.00 q-noVbv:13.37 q-Rceq:1.08 tex:2741 mv:2999 misc:2156 icu:26.50 pcu:621.25 scu:912.25 tlayer:4 pbqpoffset:3.07 pbfactor:1.43 avgQpOffsetCutree:0.00;
in:151 out:152 type:b q:13.00 q-aq:13.00 q-noVbv:13.00 q-Rceq:1.08 tex:2371 mv:3240 misc:2141 icu:9.50 pcu:603.50 scu:947.00 tlayer:4 pbqpoffset:2.71 pbfactor:1.37 avgQpOffsetCutree:0.00;
in:160 out:153 type:k q:10.19 q-aq:7.16 q-noVbv:10.19 q-Rceq:1.08 tex:243683 mv:22425 misc:3396 icu:1487.25 pcu:72.75 scu:0.00 tlayer:0 pbqpoffset:-0.37 pbfactor:0.96 avgQpOffsetCutree:-3.03;
in:156 out:154 type:B q:10.82 q-aq:8.55 q-noVbv:10.82 q-Rceq:1.08 tex:91513 mv:12695 misc:4328 icu:837.00 pcu:404.50 scu:318.50 tlayer:1 pbqpoffset:0.58 pbfactor:1.07 avgQpOffsetCutree:-2.04;
in:154 out:155 type:B q:11.20 q-aq:10.26 q-noVbv:11.20 q-Rceq:1.08 tex:72061 mv:18249 misc:4338 icu:749.75 pcu:660.75 scu:149.50 tlayer:2 pbqpoffset:0.94 pbfactor:1.11 avgQpOffsetCutree:-1.14;
in:153 out:156 type:b q:13.49 q-aq:13.00 q-noVbv:13.49 q-Rceq:1.08 tex:2877 mv:2704 misc:2483 icu:30.50 pcu:611.00 scu:918.50 tlayer:3 pbqpoffset:3.22 pbfactor:1.45 avgQpOffsetCutree:0.00;
in:155 out:157 type:b q:13.62 q-aq:13.05 q-noVbv:13.62 q-Rceq:1.08 tex:5078 mv:2556 misc:3150 icu:44.00 pcu:512.25 scu:1003.75 tlayer:3 pbqpoffset:3.37 pbfactor:1.48 avgQpOffsetCutree:0.00;
in:158 out:158 type:B q:11.51 q-aq:10.42 q-noVbv:11.51 q-Rceq:1.08 tex:38580 mv:9614 misc:4326 icu:447.25 pcu:605.00 scu:507.75 tlayer:2 pbqpoffset:1.30 pbfactor:1.16 avgQpOffsetCutree:-1.21;
in:157 out:159 type:b q:14.89 q-aq:15.00 q-noVbv:14.89 q-Rceq:1.08 tex:1142 mv:1452 misc:1750 icu:6.50 pcu:347.00 scu:1206.50 tlayer:3 pbqpoffset:4.67 pbfactor:1.71 avgQpOffsetCutree:0.00;
in:159 out:160 type:b q:13.28 q-aq:13.00 q-noVbv:13.28 q-Rceq:1.08 tex:5028 mv:2406 misc:2422 icu:22.75 pcu:523.00 scu:1014.25 tlayer:3 pbqpoffset:3.08 pbfactor:1.43 avgQpOffsetCutree:0.00;
in:168 out:161 type:k q:10.26 q-aq:6.67 q-noVbv:10.26 q-Rceq:1.08 tex:309897 mv:36660 misc:2835 icu:1320.25 pcu:233.50 scu:6.25 tlayer:0 pbqpoffset:-0.44 pbfactor:0.95 avgQpOffsetCutree:-3.37;
in:164 out:162 type:B q:10.86 q-aq:8.46 q-noVbv:10.86 q-Rceq:1.08 tex:102984 mv:19235 misc:4389 icu:914.25 pcu:461.00 scu:184.75 tlayer:1 pbqpoffset:0.64 pbfactor:1.08 avgQpOffsetCutree:-2.12;
in:162 out:163 type:B q:11.14 q-aq:10.41 q-noVbv:11.14 q-Rceq:1.08 tex:57695 mv:24865 misc:5208 icu:634.00 pcu:653.25 scu:272.75 tlayer:2 pbqpoffset:0.94 pbfactor:1.11 avgQpOffsetCutree:-1.02;
in:161 out:164 type:b q:12.51 q-aq:12.05 q-noVbv:12.51 q-Rceq:1.08 tex:8583 mv:5057 misc:3032 icu:72.50 pcu:680.50 scu:807.00 tlayer:3 pbqpoffset:2.31 pbfactor:1.31 avgQpOffsetCutree:0.00;
in:163 out:165 type:b q:13.86 q-aq:13.84 q-noVbv:13.86 q-Rceq:1.08 tex:3116 mv:2223 misc:2317 icu:23.50 pcu:508.50 scu:1028.00 tlayer:3 pbqpoffset:3.64 pbfactor:1.52 avgQpOffsetCutree:0.00;
in:166 out:166 type:B q:11.76 q-aq:10.83 q-noVbv:11.76 q-Rceq:1.08 tex:8845 mv:4136 misc:3123 icu:100.75 pcu:576.25 scu:883.00 tlayer:2 pbqpoffset:1.52 pbfactor:1.19 avgQpOffsetCutree:-1.18;
in:165 out:167 type:b q:14.41 q-aq:14.00 q-noVbv:14.41 q-Rceq:1.08 tex:1371 mv:1709 misc:1816 icu:9.75 pcu:453.50 scu:1096.75 tlayer:3 pbqpoffset:4.18 pbfactor:1.62 avgQpOffsetCutree:0.00;
in:167 out:168 type:b q:14.21 q-aq:14.00 q-noVbv:14.21 q-Rceq:1.08 tex:2318 mv:2046 misc:2148 icu:15.25 pcu:565.75 scu:979.00 tlayer:3 pbqpoffset:3.96 pbfactor:1.58 avgQpOffsetCutree:0.00;
in:184 out:169 type:k q:10.39 q-aq:7.16 q-noVbv:10.39 q-Rceq:1.08 tex:247617 mv:18855 misc:3184 icu:1432.75 pcu:124.75 scu:2.50 tlayer:0 pbqpoffset:-0.31 pbfactor:0.96 avgQpOffsetCutree:-3.04;
in:176 out:170 type:B q:10.92 q-aq:7.99 q-noVbv:10.92 q-Rceq:1.08 tex:226227 mv:26585 misc:3148 icu:1333.25 pcu:210.50 scu:16.25 tlayer:1 pbqpoffset:0.60 pbfactor:1.07 avgQpOffsetCutree:-2.79;
in:172 out:171 type:B q:10.89 q-aq:8.71 q-noVbv:10.89 q-Rceq:1.08 tex:86936 mv:11578 misc:3878 icu:815.50 pcu:433.50 scu:311.00 tlayer:2 pbqpoffset:0.60 pbfactor:1.07 avgQpOffsetCutree:-2.01;
in:170 out:172 type:B q:11.48 q-aq:10.44 q-noVbv:11.48 q-Rceq:1.08 tex:12042 mv:4254 misc:3104 icu:136.00 pcu:562.50 scu:861.50 tlayer:3 pbqpoffset:1.20 pbfactor:1.15 avgQpOffsetCutree:-1.21;
in:169 out:173 type:b q:13.55 q-aq:13.05 q-noVbv:13.55 q-Rceq:1.08 tex:1594 mv:2237 misc:2297 icu:16.25 pcu:615.25 scu:928.50 tlayer:4 pbqpoffset:3.29 pbfactor:1.46 avgQpOffsetCutree:0.00;
in:171 out:174 type:b q:13.41 q-aq:13.00 q-noVbv:13.41 q-Rceq:1.08 tex:2510 mv:2991 misc:2443 icu:18.25 pcu:658.25 scu:883.50 tlayer:4 pbqpoffset:3.12 pbfactor:1.43 avgQpOffsetCutree:0.00;
in:174 out:175 type:B q:11.48 q-aq:10.33 q-noVbv:11.48 q-Rceq:1.08 tex:13196 mv:5120 misc:3556 icu:160.50 pcu:413.75 scu:985.75 tlayer:3 pbqpoffset:1.17 pbfactor:1.14 avgQpOffsetCutree:-1.22;
in:173 out:176 type:b q:14.43 q-aq:14.00 q-noVbv:14.43 q-Rceq:1.08 tex:2023 mv:2098 misc:2295 icu:17.00 pcu:530.00 scu:1013.00 tlayer:4 pbqpoffset:4.13 pbfactor:1.61 avgQpOffsetCutree:0.00;
in:175 out:177 type:b q:13.44 q-aq:13.00 q-noVbv:13.44 q-Rceq:1.08 tex:1796 mv:2349 misc:1951 icu:35.50 pcu:414.00 scu:1110.50 tlayer:4 pbqpoffset:3.12 pbfactor:1.43 avgQpOffsetCutree:0.00;
in:180 out:178 type:B q:10.96 q-aq:8.67 q-noVbv:10.96 q-Rceq:1.08 tex:109817 mv:13297 misc:3798 icu:932.00 pcu:422.75 scu:205.25 tlayer:2 pbqpoffset:0.60 pbfactor:1.07 avgQpOffsetCutree:-2.12;
in:178 out:179 type:B q:11.27 q-aq:10.01 q-noVbv:11.27 q-Rceq:1.08 tex:31648 mv:7808 misc:3520 icu:340.75 pcu:710.75 scu:508.50 tlayer:3 pbqpoffset:0.92 pbfactor:1.11 avgQpOffsetCutree:-1.25;
in:177 out:180 type:b q:14.20 q-aq:14.00 q-noVbv:14.20 q-Rceq:1.08 tex:741 mv:1163 misc:1968 icu:10.25 pcu:377.50 scu:1172.25 tlayer:4 pbqpoffset:3.86 pbfactor:1.56 avgQpOffsetCutree:0.00;
in:179 out:181 type:b q:13.57 q-aq:13.06 q-noVbv:13.57 q-Rceq:1.08 tex:1612 mv:2669 misc:1879 icu:21.00 pcu:752.25 scu:786.75 tlayer:4 pbqpoffset:3.22 pbfactor:1.45 avgQpOffsetCutree:0.00;
in:182 out:182 type:B q:11.49 q-aq:10.34 q-noVbv:11.49 q-Rceq:1.08 tex:24055 mv:6142 misc:3419 icu:262.50 pcu:561.75 scu:735.75 tlayer:3 pbqpoffset:1.12 pbfactor:1.14 avgQpOffsetCutree:-1.23;
in:181 out:183 type:b q:14.16 q-aq:14.00 q-noVbv:14.16 q-Rceq:1.08 tex:1655 mv:1781 misc:1892 icu:9.00 pcu:552.50 scu:998.50 tlayer:4 pbqpoffset:3.79 pbfactor:1.55 avgQpOffsetCutree:0.00;
in:183 out:184 type:b q:13.00 q-aq:12.87 q-noVbv:13.00 q-Rceq:1.08 tex:3616 mv:2041 misc:2103 icu:50.25 pcu:445.75 scu:1064.00 tlayer:4 pbqpoffset:2.61 pbfactor:1.35 avgQpOffsetCutree:0.00;
in:192 out:185 type:k q:10.72 q-aq:7.03 q-noVbv:10.72 q-Rceq:1.08 tex:281927 mv:23492 misc:3333 icu:1480.25 pcu:79.75 scu:0.00 tlayer:0 pbqpoffset:-0.56 pbfactor:0.94 avgQpOffsetCutree:-3.62;
in:188 out:186 type:B q:11.25 q-aq:9.11 q-noVbv:11.25 q-Rceq:1.08 tex:98374 mv:12526 misc:4068 icu:902.00 pcu:411.00 scu:247.00 tlayer:1 pbqpoffset:0.69 pbfactor:1.08 avgQpOffsetCutree:-2.09;
in:186 out:187 type:B q:12.10 q-aq:11.11 q-noVbv:12.10 q-Rceq:1.08 tex:19135 mv:6401 misc:4200 icu:172.25 pcu:635.50 scu:752.25 tlayer:2 pbqpoffset:1.62 pbfactor:1.21 avgQpOffsetCutree:-1.18;
in:185 out:188 type:b q:14.30 q-aq:14.00 q-noVbv:14.30 q-Rceq:1.08 tex:2119 mv:2468 misc:2517 icu:19.25 pcu:624.50 scu:916.25 tlayer:3 pbqpoffset:3.86 pbfactor:1.56 avgQpOffsetCutree:0.00;
in:187 out:189 type:b q:14.20 q-aq:14.00 q-noVbv:14.20 q-Rceq:1.08 tex:1819 mv:1981 misc:2224 icu:26.50 pcu:472.00 scu:1061.50 tlayer:3 pbqpoffset:3.68 pbfactor:1.53 avgQpOffsetCutree:0.00;
in:190 out:190 type:B q:12.06 q-aq:11.02 q-noVbv:12.06 q-Rceq:1.08 tex:24128 mv:6681 misc:4095 icu:247.75 pcu:590.00 scu:722.25 tlayer:2 pbqpoffset:1.42 pbfactor:1.18 avgQpOffsetCutree:-1.20;
in:189 out:191 type:b q:14.25 q-aq:14.00 q-noVbv:14.25 q-Rceq:1.08 tex:1597 mv:2234 misc:2001 icu:11.00 pcu:602.00 scu:947.00 tlayer:3 pbqpoffset:3.65 pbfactor:1.53 avgQpOffsetCutree:0.00;
in:191 out:192 type:b q:14.26 q-aq:14.00 q-noVbv:14.26 q-Rceq:1.08 tex:2991 mv:2853 misc:2116 icu:25.50 pcu:602.25 scu:932.25 tlayer:3 pbqpoffset:3.58 pbfactor:1.51 avgQpOffsetCutree:0.00;
in:208 out:193 type:k q:10.30 q-aq:6.47 q-noVbv:10.30 q-Rceq:1.08 tex:357551 mv:33828 misc:3117 icu:1393.00 pcu:160.75 scu:6.25 tlayer:0 pbqpoffset:-0.56 pbfactor:0.94 avgQpOffsetCutree:-3.57;
in:200 out:194 type:B q:11.22 q-aq:8.29 q-noVbv:11.22 q-Rceq:1.08 tex:244577 mv:30721 misc:3398 icu:1302.50 pcu:235.00 scu:22.50 tlayer:1 pbqpoffset:0.71 pbfactor:1.09 avgQpOffsetCutree:-2.89;
in:196 out:195 type:B q:11.32 q-aq:9.03 q-noVbv:11.32 q-Rceq:1.08 tex:82424 mv:13499 misc:4629 icu:636.25 pcu:574.25 scu:349.50 tlayer:2 pbqpoffset:0.71 pbfactor:1.09 avgQpOffsetCutree:-2.17;
in:194 out:196 type:B q:11.79 q-aq:10.73 q-noVbv:11.79 q-Rceq:1.08 tex:26210 mv:8363 misc:3587 icu:266.25 pcu:661.50 scu:632.25 tlayer:3 pbqpoffset:1.12 pbfactor:1.14 avgQpOffsetCutree:-1.26;
in:193 out:197 type:b q:14.80 q-aq:14.84 q-noVbv:14.80 q-Rceq:1.08 tex:1657 mv:1856 misc:2015 icu:14.25 pcu:426.50 scu:1119.25 tlayer:4 pbqpoffset:4.11 pbfactor:1.61 avgQpOffsetCutree:0.00;
in:195 out:198 type:b q:13.66 q-aq:13.14 q-noVbv:13.66 q-Rceq:1.08 tex:3069 mv:2901 misc:2294 icu:13.00 pcu:726.25 scu:820.75 tlayer:4 pbqpoffset:3.02 pbfactor:1.42 avgQpOffsetCutree:0.00;
in:198 out:199 type:B q:11.69 q-aq:10.55 q-noVbv:11.69 q-Rceq:1.08 tex:20106 mv:7427 misc:3651 icu:184.50 pcu:671.75 scu:703.75 tlayer:3 pbqpoffset:1.13 pbfactor:1.14 avgQpOffsetCutree:-1.22;
in:197 out:200 type:b q:13.50 q-aq:13.02 q-noVbv:13.50 q-Rceq:1.08 tex:3893 mv:2714 misc:2281 icu:30.75 pcu:565.50 scu:963.75 tlayer:4 pbqpoffset:2.92 pbfactor:1.40 avgQpOffsetCutree:0.00;
in:199 out:201 type:b q:13.70 q-aq:13.29 q-noVbv:13.70 q-Rceq:1.08 tex:3037 mv:2170 misc:2329 icu:24.50 pcu:546.50 scu:989.00 tlayer:4 pbqpoffset:3.16 pbfactor:1.44 avgQpOffsetCutree:0.00;
in:204 out:202 type:B q:11.11 q-aq:8.78 q-noVbv:11.11 q-Rceq:1.08 tex:74716 mv:12983 misc:4645 icu:516.00 pcu:564.00 scu:480.00 tlayer:2 pbqpoffset:0.71 pbfactor:1.09 avgQpOffsetCutree:-2.13;
in:202 out:203 type:B q:11.19 q-aq:9.95 q-noVbv:11.19 q-Rceq:1.08 tex:26644 mv:7633 misc:4171 icu:225.75 pcu:582.75 scu:751.50 tlayer:3 pbqpoffset:0.74 pbfactor:1.09 avgQpOffsetCutree:-1.28;
in:201 out:204 type:b q:13.12 q-aq:13.01 q-noVbv:13.12 q-Rceq:1.08 tex:5452 mv:3526 misc:2294 icu:30.50 pcu:644.25 scu:885.25 tlayer:4 pbqpoffset:2.64 pbfactor:1.36 avgQpOffsetCutree:0.00;
in:203 out:205 type:b q:14.18 q-aq:14.00 q-noVbv:14.18 q-Rceq:1.08 tex:1620 mv:2015 misc:2069 icu:33.50 pcu:538.00 scu:988.50 tlayer:4 pbqpoffset:3.75 pbfactor:1.54 avgQpOffsetCutree:0.00;
in:206 out:206 type:B q:11.56 q-aq:10.48 q-noVbv:11.56 q-Rceq:1.08 tex:18586 mv:7313 misc:3941 icu:187.00 pcu:646.75 scu:726.25 tlayer:3 pbqpoffset:1.21 pbfactor:1.15 avgQpOffsetCutree:-1.25;
in:205 out:207 type:b q:13.60 q-aq:13.00 q-noVbv:13.60 q-Rceq:1.08 tex:1812 mv:2470 misc:1886 icu:36.25 pcu:547.75 scu:976.00 tlayer:4 pbqpoffset:3.22 pbfactor:1.45 avgQpOffsetCutree:0.00;
in:207 out:208 type:b q:13.31 q-aq:13.00 q-noVbv:13.31 q-Rceq:1.08 tex:3017 mv:2623 misc:2088 icu:30.50 pcu:547.50 scu:982.00 tlayer:4 pbqpoffset:2.98 pbfactor:1.41 avgQpOffsetCutree:0.00;
in:216 out:209 type:k q:10.35 q-aq:7.05 q-noVbv:10.35 q-Rceq:1.08 tex:305918 mv:31073 misc:3009 icu:1327.25 pcu:220.75 scu:12.00 tlayer:0 pbqpoffset:-0.56 pbfactor:0.94 avgQpOffsetCutree:-3.13;
in:212 out:210 type:B q:10.96 q-aq:8.42 q-noVbv:10.96 q-Rceq:1.08 tex:81228 mv:14510 misc:4398 icu:602.25 pcu:595.50 scu:362.25 tlayer:1 pbqpoffset:0.63 pbfactor:1.08 avgQpOffsetCutree:-2.23;
in:210 out:211 type:B q:11.15 q-aq:9.96 q-noVbv:11.15 q-Rceq:1.08 tex:20823 mv:7693 misc:3692 icu:173.25 pcu:790.75 scu:596.00 tlayer:2 pbqpoffset:0.84 pbfactor:1.10 avgQpOffsetCutree:-1.23;
in:209 out:212 type:b q:12.99 q-aq:12.97 q-noVbv:12.99 q-Rceq:1.08 tex:2746 mv:2308 misc:1786 icu:40.50 pcu:451.00 scu:1068.50 tlayer:3 pbqpoffset:2.69 pbfactor:1.36 avgQpOffsetCutree:0.00;
in:211 out:213 type:b q:13.04 q-aq:13.00 q-noVbv:13.04 q-Rceq:1.08 tex:2523 mv:2881 misc:1884 icu:35.75 pcu:478.00 scu:1046.25 tlayer:3 pbqpoffset:2.72 pbfactor:1.37 avgQpOffsetCutree:0.00;
in:214 out:214 type:B q:11.40 q-aq:9.96 q-noVbv:11.40 q-Rceq:1.08 tex:16394 mv:5844 misc:3538 icu:191.00 pcu:645.00 scu:724.00 tlayer:2 pbqpoffset:1.06 pbfactor:1.13 avgQpOffsetCutree:-1.30;
in:213 out:215 type:b q:13.78 q-aq:13.64 q-noVbv:13.78 q-Rceq:1.08 tex:2278 mv:1971 misc:2431 icu:55.00 pcu:408.75 scu:1096.25 tlayer:3 pbqpoffset:3.45 pbfactor:1.49 avgQpOffsetCutree:0.00;
in:215 out:216 type:b q:13.92 q-aq:14.00 q-noVbv:13.92 q-Rceq:1.08 tex:1401 mv:1712 misc:2215 icu:20.50 pcu:382.75 scu:1156.75 tlayer:3 pbqpoffset:3.57 pbfactor:1.51 avgQpOffsetCutree:0.00;
in:232 out:217 type:k q:10.37 q-aq:6.48 q-noVbv:10.37 q-Rceq:1.08 tex:358058 mv:34411 misc:2891 icu:1509.25 pcu:50.00 scu:0.75 tlayer:0 pbqpoffset:-0.46 pbfactor:0.95 avgQpOffsetCutree:-3.75;
in:224 out:218 type:B q:11.04 q-aq:7.90 q-noVbv:11.04 q-Rceq:1.08 tex:210456 mv:21545 misc:3471 icu:1398.25 pcu:150.00 scu:11.75 tlayer:1 pbqpoffset:0.68 pbfactor:1.08 avgQpOffsetCutree:-3.08;
in:220 out:219 type:B q:11.04 q-aq:8.60 q-noVbv:11.04 q-Rceq:1.08 tex:89997 mv:14988 misc:4575 icu:775.75 pcu:461.25 scu:323.00 tlayer:2 pbqpoffset:0.68 pbfactor:1.08 avgQpOffsetCutree:-2.20;
in:218 out:220 type:B q:11.99 q-aq:10.87 q-noVbv:11.99 q-Rceq:1.08 tex:21738 mv:7559 misc:4071 icu:222.75 pcu:716.00 scu:621.25 tlayer:3 pbqpoffset:1.63 pbfactor:1.21 avgQpOffsetCutree:-1.25;
in:217 out:221 type:b q:14.64 q-aq:14.00 q-noVbv:14.64 q-Rceq:1.08 tex:1248 mv:2686 misc:2170 icu:16.25 pcu:638.00 scu:905.75 tlayer:4 pbqpoffset:4.29 pbfactor:1.64 avgQpOffsetCutree:0.00;
in:219 out:222 type:b q:14.47 q-aq:14.00 q-noVbv:14.47 q-Rceq:1.08 tex:2653 mv:2392 misc:2163 icu:30.00 pcu:655.75 scu:874.25 tlayer:4 pbqpoffset:4.12 pbfactor:1.61 avgQpOffsetCutree:0.00;
in:222 out:223 type:B q:12.11 q-aq:10.89 q-noVbv:12.11 q-Rceq:1.08 tex:15742 mv:6124 misc:3814 icu:227.25 pcu:662.75 scu:670.00 tlayer:3 pbqpoffset:1.75 pbfactor:1.22 avgQpOffsetCutree:-1.28;
in:221 out:224 type:b q:14.62 q-aq:14.05 q-noVbv:14.62 q-Rceq:1.08 tex:1717 mv:2535 misc:2188 icu:15.50 pcu:622.00 scu:922.50 tlayer:4 pbqpoffset:4.26 pbfactor:1.64 avgQpOffsetCutree:0.00;
in:223 out:225 type:b q:14.78 q-aq:14.91 q-noVbv:14.78 q-Rceq:1.08 tex:1414 mv:2125 misc:1677 icu:7.25 pcu:642.00 scu:910.75 tlayer:4 pbqpoffset:4.42 pbfactor:1.67 avgQpOffsetCutree:0.00;
in:228 out:226 type:B q:11.05 q-aq:8.51 q-noVbv:11.05 q-Rceq:1.08 tex:86456 mv:14831 misc:4033 icu:706.25 pcu:550.50 scu:303.25 tlayer:2 pbqpoffset:0.69 pbfactor:1.08 avgQpOffsetCutree:-2.24;
in:226 out:227 type:B q:12.09 q-aq:10.96 q-noVbv:12.09 q-Rceq:1.08 tex:23979 mv:6644 misc:3745 icu:295.50 pcu:482.00 scu:782.50 tlayer:3 pbqpoffset:1.73 pbfactor:1.22 avgQpOffsetCutree:-1.27;
in:225 out:228 type:b q:14.89 q-aq:15.00 q-noVbv:14.89 q-Rceq:1.08 tex:1272 mv:2170 misc:1606 icu:17.75 pcu:560.75 scu:981.50 tlayer:4 pbqpoffset:4.53 pbfactor:1.69 avgQpOffsetCutree:0.00;
in:227 out:229 type:b q:14.91 q-aq:15.00 q-noVbv:14.91 q-Rceq:1.08 tex:905 mv:2076 misc:1523 icu:8.00 pcu:798.50 scu:753.50 tlayer:4 pbqpoffset:4.54 pbfactor:1.69 avgQpOffsetCutree:0.00;
in:230 out:230 type:B q:12.21 q-aq:11.06 q-noVbv:12.21 q-Rceq:1.08 tex:19905 mv:5872 misc:3495 icu:237.00 pcu:525.75 scu:797.25 tlayer:3 pbqpoffset:1.85 pbfactor:1.24 avgQpOffsetCutree:-1.26;
in:229 out:231 type:b q:14.88 q-aq:14.97 q-noVbv:14.88 q-Rceq:1.08 tex:636 mv:1858 misc:1370 icu:0.00 pcu:563.00 scu:997.00 tlayer:4 pbqpoffset:4.51 pbfactor:1.68 avgQpOffsetCutree:0.00;
in:231 out:232 type:b q:14.54 q-aq:14.01 q-noVbv:14.54 q-Rceq:1.08 tex:2006 mv:1655 misc:1611 icu:28.00 pcu:383.50 scu:1148.50 tlayer:4 pbqpoffset:4.17 pbfactor:1.62 avgQpOffsetCutree:0.00;
in:248 out:233 type:k q:10.36 q-aq:7.07 q-noVbv:10.36 q-Rceq:1.08 tex:280567 mv:29280 misc:2985 icu:1394.25 pcu:162.75 scu:3.00 tlayer:0 pbqpoffset:-0.54 pbfactor:0.94 avgQpOffsetCutree:-3.11;
in:240 out:234 type:B q:11.02 q-aq:8.09 q-noVbv:11.02 q-Rceq:1.08 tex:202620 mv:29270 misc:3726 icu:1247.50 pcu:280.25 scu:32.25 tlayer:1 pbqpoffset:0.66 pbfactor:1.08 avgQpOffsetCutree:-2.83;
in:236 out:235 type:B q:11.03 q-aq:8.52 q-noVbv:11.03 q-Rceq:1.08 tex:75344 mv:13681 misc:4375 icu:649.75 pcu:501.25 scu:409.00 tlayer:2 pbqpoffset:0.66 pbfactor:1.08 avgQpOffsetCutree:-2.20;
in:234 out:236 type:B q:11.43 q-aq:10.27 q-noVbv:11.43 q-Rceq:1.08 tex:21915 mv:6621 misc:3760 icu:233.50 pcu:613.00 scu:713.50 tlayer:3 pbqpoffset:1.06 pbfactor:1.13 avgQpOffsetCutree:-1.23;
in:233 out:237 type:b q:13.43 q-aq:13.00 q-noVbv:13.43 q-Rceq:1.08 tex:2721 mv:2936 misc:2127 icu:26.50 pcu:657.25 scu:876.25 tlayer:4 pbqpoffset:3.06 pbfactor:1.42 avgQpOffsetCutree:0.00;
in:235 out:238 type:b q:13.31 q-aq:13.00 q-noVbv:13.31 q-Rceq:1.08 tex:4258 mv:3143 misc:2159 icu:55.75 pcu:622.75 scu:881.50 tlayer:4 pbqpoffset:2.95 pbfactor:1.41 avgQpOffsetCutree:0.00;
in:238 out:239 type:B q:11.44 q-aq:10.34 q-noVbv:11.44 q-Rceq:1.08 tex:19564 mv:7534 misc:3654 icu:282.75 pcu:574.25 scu:703.00 tlayer:3 pbqpoffset:1.08 pbfactor:1.13 avgQpOffsetCutree:-1.24;
in:237 out:240 type:b q:13.14 q-aq:13.00 q-noVbv:13.14 q-Rceq:1.08 tex:2213 mv:2140 misc:1983 icu:45.50 pcu:511.75 scu:1002.75 tlayer:4 pbqpoffset:2.77 pbfactor:1.38 avgQpOffsetCutree:0.00;
in:239 out:241 type:b q:13.82 q-aq:13.70 q-noVbv:13.82 q-Rceq:1.08 tex:1958 mv:2128 misc:2458 icu:28.25 pcu:584.75 scu:947.00 tlayer:4 pbqpoffset:3.46 pbfactor:1.49 avgQpOffsetCutree:0.00;
in:244 out:242 type:B q:11.02 q-aq:8.84 q-noVbv:11.02 q-Rceq:1.08 tex:69854 mv:13711 misc:4443 icu:660.75 pcu:467.75 scu:431.50 tlayer:2 pbqpoffset:0.66 pbfactor:1.08 avgQpOffsetCutree:-2.07;
in:242 out:243 type:B q:11.50 q-aq:10.53 q-noVbv:11.50 q-Rceq:1.08 tex:19649 mv:7608 misc:3799 icu:274.00 pcu:703.50 scu:582.50 tlayer:3 pbqpoffset:1.13 pbfactor:1.14 avgQpOffsetCutree:-1.14;
in:241 out:244 type:b q:12.52 q-aq:12.02 q-noVbv:12.52 q-Rceq:1.08 tex:3821 mv:4179 misc:2600 icu:58.50 pcu:714.00 scu:787.50 tlayer:4 pbqpoffset:2.16 pbfactor:1.28 avgQpOffsetCutree:0.00;
in:243 out:245 type:b q:12.71 q-aq:12.13 q-noVbv:12.71 q-Rceq:1.08 tex:5205 mv:4222 misc:2653 icu:73.50 pcu:670.25 scu:816.25 tlayer:4 pbqpoffset:2.35 pbfactor:1.31 avgQpOffsetCutree:0.00;
in:246 out:246 type:B q:11.59 q-aq:10.50 q-noVbv:11.59 q-Rceq:1.08 tex:24346 mv:6605 misc:3441 icu:362.00 pcu:472.50 scu:725.50 tlayer:3 pbqpoffset:1.23 pbfactor:1.15 avgQpOffsetCutree:-1.15;
in:245 out:247 type:b q:12.69 q-aq:12.03 q-noVbv:12.69 q-Rceq:1.08 tex:6431 mv:4642 misc:2935 icu:67.75 pcu:726.50 scu:765.75 tlayer:4 pbqpoffset:2.32 pbfactor:1.31 avgQpOffsetCutree:0.00;
in:247 out:248 type:b q:14.09 q-aq:14.00 q-noVbv:14.09 q-Rceq:1.08 tex:1577 mv:2389 misc:2106 icu:4.00 pcu:502.25 scu:1053.75 tlayer:4 pbqpoffset:3.73 pbfactor:1.54 avgQpOffsetCutree:0.00;
in:264 out:249 type:k q:10.27 q-aq:6.50 q-noVbv:10.27 q-Rceq:1.08 tex:324665 mv:33252 misc:3059 icu:1484.00 pcu:76.00 scu:0.00 tlayer:0 pbqpoffset:-0.42 pbfactor:0.95 avgQpOffsetCutree:-3.57;
in:256 out:250 type:B q:10.92 q-aq:7.91 q-noVbv:10.92 q-Rceq:1.08 tex:188423 mv:23879 misc:3554 icu:1362.00 pcu:165.50 scu:32.50 tlayer:1 pbqpoffset:0.60 pbfactor:1.07 avgQpOffsetCutree:-2.86;
in:252 out:251 type:B q:10.94 q-aq:8.70 q-noVbv:10.94 q-Rceq:1.08 tex:85227 mv:14117 misc:4600 icu:870.75 pcu:414.75 scu:274.50 tlayer:2 pbqpoffset:0.60 pbfactor:1.07 avgQpOffsetCutree:-2.07;
in:250 out:252 type:B q:11.95 q-aq:10.98 q-noVbv:11.95 q-Rceq:1.08 tex:12889 mv:6087 misc:3976 icu:186.75 pcu:598.25 scu:775.00 tlayer:3 pbqpoffset:1.60 pbfactor:1.20 avgQpOffsetCutree:-1.13;
in:249 out:253 type:b q:13.76 q-aq:13.37 q-noVbv:13.76 q-Rceq:1.08 tex:1992 mv:2804 misc:2796 icu:13.50 pcu:603.75 scu:942.75 tlayer:4 pbqpoffset:3.41 pbfactor:1.48 avgQpOffsetCutree:0.00;
in:251 out:254 type:b q:13.57 q-aq:13.00 q-noVbv:13.57 q-Rceq:1.08 tex:1975 mv:2791 misc:2434 icu:32.50 pcu:546.25 scu:981.25 tlayer:4 pbqpoffset:3.23 pbfactor:1.45 avgQpOffsetCutree:0.00;
in:254 out:255 type:B q:11.85 q-aq:10.95 q-noVbv:11.85 q-Rceq:1.08 tex:21061 mv:7022 misc:4133 icu:343.75 pcu:603.50 scu:612.75 tlayer:3 pbqpoffset:1.52 pbfactor:1.19 avgQpOffsetCutree:-1.10;
in:253 out:256 type:b q:14.38 q-aq:14.00 q-noVbv:14.38 q-Rceq:1.08 tex:2199 mv:2298 misc:2351 icu:35.00 pcu:645.75 scu:879.25 tlayer:4 pbqpoffset:4.05 pbfactor:1.60 avgQpOffsetCutree:0.00;
in:255 out:257 type:b q:13.70 q-aq:13.22 q-noVbv:13.70 q-Rceq:1.08 tex:3837 mv:3072 misc:2715 icu:58.75 pcu:586.25 scu:915.00 tlayer:4 pbqpoffset:3.38 pbfactor:1.48 avgQpOffsetCutree:0.00;
in:260 out:258 type:B q:10.89 q-aq:8.67 q-noVbv:10.89 q-Rceq:1.08 tex:117092 mv:29251 misc:4529 icu:933.25 pcu:492.75 scu:134.00 tlayer:2 pbqpoffset:0.60 pbfactor:1.07 avgQpOffsetCutree:-2.01;
in:258 out:259 type:B q:11.98 q-aq:10.69 q-noVbv:11.98 q-Rceq:1.08 tex:15746 mv:6312 misc:3142 icu:227.75 pcu:669.75 scu:662.50 tlayer:3 pbqpoffset:1.68 pbfactor:1.21 avgQpOffsetCutree:-1.23;
in:257 out:260 type:b q:13.86 q-aq:13.86 q-noVbv:13.86 q-Rceq:1.08 tex:2606 mv:3124 misc:1854 icu:21.00 pcu:694.25 scu:844.75 tlayer:4 pbqpoffset:3.55 pbfactor:1.51 avgQpOffsetCutree:0.00;
in:259 out:261 type:b q:14.50 q-aq:14.00 q-noVbv:14.50 q-Rceq:1.08 tex:1420 mv:2036 misc:2088 icu:3.00 pcu:634.25 scu:922.75 tlayer:4 pbqpoffset:4.20 pbfactor:1.63 avgQpOffsetCutree:0.00;
in:262 out:262 type:B q:11.73 q-aq:10.49 q-noVbv:11.73 q-Rceq:1.08 tex:15369 mv:5679 misc:3424 icu:205.50 pcu:690.75 scu:663.75 tlayer:3 pbqpoffset:1.45 pbfactor:1.18 avgQpOffsetCutree:-1.21;
in:261 out:263 type:b q:13.80 q-aq:13.50 q-noVbv:13.80 q-Rceq:1.08 tex:787 mv:2092 misc:1817 icu:13.50 pcu:610.50 scu:936.00 tlayer:4 pbqpoffset:3.51 pbfactor:1.50 avgQpOffsetCutree:0.00;
in:263 out:264 type:b q:14.14 q-aq:14.00 q-noVbv:14.14 q-Rceq:1.08 tex:1415 mv:2495 misc:1938 icu:16.00 pcu:783.50 scu:760.50 tlayer:4 pbqpoffset:3.86 pbfactor:1.56 avgQpOffsetCutree:0.00;
in:280 out:265 type:k q:10.24 q-aq:6.75 q-noVbv:10.24 q-Rceq:1.08 tex:292436 mv:30839 misc:3109 icu:1330.75 pcu:216.00 scu:13.25 tlayer:0 pbqpoffset:-0.53 pbfactor:0.94 avgQpOffsetCutree:-3.24;
in:272 out:266 type:B q:10.85 q-aq:7.93 q-noVbv:10.85 q-Rceq:1.08 tex:198960 mv:28394 misc:3318 icu:1240.00 pcu:283.00 scu:37.00 tlayer:1 pbqpoffset:0.59 pbfactor:1.07 avgQpOffsetCutree:-2.69;
in:268 out:267 type:B q:10.85 q-aq:8.53 q-noVbv:10.85 q-Rceq:1.08 tex:83884 mv:13280 misc:4164 icu:746.75 pcu:389.50 scu:423.75 tlayer:2 pbqpoffset:0.59 pbfactor:1.07 avgQpOffsetCutree:-2.02;
in:266 out:268 type:B q:11.34 q-aq:10.26 q-noVbv:11.34 q-Rceq:1.08 tex:23513 mv:8764 misc:3803 icu:245.75 pcu:685.00 scu:629.25 tlayer:3 pbqpoffset:1.07 pbfactor:1.13 avgQpOffsetCutree:-1.14;
in:265 out:269 type:b q:13.09 q-aq:13.00 q-noVbv:13.09 q-Rceq:1.08 tex:1324 mv:2073 misc:2067 icu:22.25 pcu:477.50 scu:1060.25 tlayer:4 pbqpoffset:2.82 pbfactor:1.39 avgQpOffsetCutree:0.00;
in:267 out:270 type:b q:13.35 q-aq:13.00 q-noVbv:13.35 q-Rceq:1.08 tex:1995 mv:2143 misc:1918 icu:22.50 pcu:565.50 scu:972.00 tlayer:4 pbqpoffset:3.08 pbfactor:1.43 avgQpOffsetCutree:0.00;
in:270 out:271 type:B q:11.50 q-aq:10.50 q-noVbv:11.50 q-Rceq:1.08 tex:19283 mv:6769 misc:3356 icu:284.75 pcu:648.50 scu:626.75 tlayer:3 pbqpoffset:1.24 pbfactor:1.15 avgQpOffsetCutree:-1.08;
in:269 out:272 type:b q:12.75 q-aq:12.11 q-noVbv:12.75 q-Rceq:1.08 tex:4771 mv:3057 misc:2220 icu:79.75 pcu:474.50 scu:1005.75 tlayer:4 pbqpoffset:2.49 pbfactor:1.33 avgQpOffsetCutree:0.00;
in:271 out:273 type:b q:12.71 q-aq:12.02 q-noVbv:12.71 q-Rceq:1.08 tex:5412 mv:2834 misc:2114 icu:103.00 pcu:461.75 scu:995.25 tlayer:4 pbqpoffset:2.45 pbfactor:1.33 avgQpOffsetCutree:0.00;
in:276 out:274 type:B q:10.84 q-aq:8.55 q-noVbv:10.84 q-Rceq:1.08 tex:65899 mv:14415 misc:4182 icu:752.75 pcu:403.75 scu:403.50 tlayer:2 pbqpoffset:0.59 pbfactor:1.07 avgQpOffsetCutree:-2.02;
in:274 out:275 type:B q:11.51 q-aq:10.36 q-noVbv:11.51 q-Rceq:1.08 tex:19725 mv:7418 misc:3441 icu:330.75 pcu:686.50 scu:542.75 tlayer:3 pbqpoffset:1.25 pbfactor:1.16 avgQpOffsetCutree:-1.20;
in:273 out:276 type:b q:13.29 q-aq:13.00 q-noVbv:13.29 q-Rceq:1.08 tex:1166 mv:1888 misc:1578 icu:16.50 pcu:516.25 scu:1027.25 tlayer:4 pbqpoffset:3.04 pbfactor:1.42 avgQpOffsetCutree:0.00;
in:275 out:277 type:b q:12.97 q-aq:13.00 q-noVbv:12.97 q-Rceq:1.08 tex:2742 mv:2024 misc:2018 icu:21.00 pcu:559.25 scu:979.75 tlayer:4 pbqpoffset:2.72 pbfactor:1.37 avgQpOffsetCutree:0.00;
in:278 out:278 type:B q:11.50 q-aq:10.43 q-noVbv:11.50 q-Rceq:1.08 tex:19999 mv:7692 misc:3525 icu:288.00 pcu:610.25 scu:661.75 tlayer:3 pbqpoffset:1.26 pbfactor:1.16 avgQpOffsetCutree:-1.16;
in:277 out:279 type:b q:13.10 q-aq:13.00 q-noVbv:13.10 q-Rceq:1.08 tex:3001 mv:2746 misc:2429 icu:52.00 pcu:573.00 scu:935.00 tlayer:4 pbqpoffset:2.85 pbfactor:1.39 avgQpOffsetCutree:0.00;
in:279 out:280 type:b q:13.40 q-aq:13.00 q-noVbv:13.40 q-Rceq:1.08 tex:1695 mv:2215 misc:2010 icu:9.00 pcu:509.00 scu:1042.00 tlayer:4 pbqpoffset:3.16 pbfactor:1.44 avgQpOffsetCutree:0.00;
in:296 out:281 type:k q:8.56 q-aq:4.48 q-noVbv:8.56 q-Rceq:1.08 tex:441369 mv:42895 misc:2840 icu:1490.00 pcu:70.00 scu:0.00 tlayer:0 pbqpoffset:-0.36 pbfactor:0.96 avgQpOffsetCutree:-3.82;
in:288 out:282 type:B q:10.00 q-aq:6.93 q-noVbv:10.00 q-Rceq:1.08 tex:223022 mv:25968 misc:3562 icu:1420.75 pcu:125.75 scu:13.50 tlayer:1 pbqpoffset:0.60 pbfactor:1.07 avgQpOffsetCutree:-2.98;
in:284 out:283 type:B q:10.42 q-aq:8.10 q-noVbv:10.42 q-Rceq:1.08 tex:105390 mv:19212 misc:4734 icu:926.75 pcu:409.50 scu:223.75 tlayer:2 pbqpoffset:0.60 pbfactor:1.07 avgQpOffsetCutree:-2.15;
in:282 out:284 type:B q:11.73 q-aq:10.82 q-noVbv:11.73 q-Rceq:1.08 tex:20588 mv:6877 misc:4303 icu:293.25 pcu:631.50 scu:635.25 tlayer:3 pbqpoffset:1.69 pbfactor:1.22 avgQpOffsetCutree:-1.10;
in:281 out:285 type:b q:13.63 q-aq:13.04 q-noVbv:13.63 q-Rceq:1.08 tex:1731 mv:1734 misc:2183 icu:23.25 pcu:317.50 scu:1219.25 tlayer:4 pbqpoffset:3.50 pbfactor:1.50 avgQpOffsetCutree:0.00;
in:283 out:286 type:b q:13.47 q-aq:13.00 q-noVbv:13.47 q-Rceq:1.08 tex:2331 mv:2530 misc:2307 icu:34.25 pcu:478.50 scu:1047.25 tlayer:4 pbqpoffset:3.54 pbfactor:1.51 avgQpOffsetCutree:0.00;
in:286 out:287 type:B q:11.60 q-aq:10.71 q-noVbv:11.60 q-Rceq:1.08 tex:20346 mv:8015 misc:4119 icu:292.00 pcu:640.75 scu:627.25 tlayer:3 pbqpoffset:1.99 pbfactor:1.26 avgQpOffsetCutree:-1.13;
in:285 out:288 type:b q:13.75 q-aq:13.62 q-noVbv:13.75 q-Rceq:1.08 tex:3078 mv:2352 misc:1882 icu:72.75 pcu:476.50 scu:1010.75 tlayer:4 pbqpoffset:4.03 pbfactor:1.59 avgQpOffsetCutree:0.00;
in:287 out:289 type:b q:12.98 q-aq:12.97 q-noVbv:12.98 q-Rceq:1.08 tex:3179 mv:2617 misc:2468 icu:28.75 pcu:537.25 scu:994.00 tlayer:4 pbqpoffset:3.47 pbfactor:1.49 avgQpOffsetCutree:0.00;
in:292 out:290 type:B q:9.81 q-aq:7.49 q-noVbv:9.81 q-Rceq:1.08 tex:105766 mv:18952 misc:4394 icu:838.75 pcu:445.50 scu:275.75 tlayer:2 pbqpoffset:0.83 pbfactor:1.10 avgQpOffsetCutree:-2.09;
in:290 out:291 type:B q:11.23 q-aq:10.35 q-noVbv:11.23 q-Rceq:1.08 tex:24970 mv:7968 misc:3734 icu:327.00 pcu:655.00 scu:578.00 tlayer:3 pbqpoffset:2.04 pbfactor:1.27 avgQpOffsetCutree:-1.15;
in:289 out:292 type:b q:12.84 q-aq:12.75 q-noVbv:12.84 q-Rceq:1.08 tex:6169 mv:3338 misc:2277 icu:99.00 pcu:517.25 scu:943.75 tlayer:4 pbqpoffset:3.55 pbfactor:1.51 avgQpOffsetCutree:0.00;
in:291 out:293 type:b q:12.37 q-aq:12.01 q-noVbv:12.37 q-Rceq:1.08 tex:6620 mv:3030 misc:2558 icu:123.50 pcu:467.25 scu:969.25 tlayer:4 pbqpoffset:3.29 pbfactor:1.46 avgQpOffsetCutree:0.00;
in:294 out:294 type:B q:10.63 q-aq:9.63 q-noVbv:10.63 q-Rceq:1.08 tex:26439 mv:8067 misc:3782 icu:320.75 pcu:600.00 scu:639.25 tlayer:3 pbqpoffset:1.86 pbfactor:1.24 avgQpOffsetCutree:-1.12;
in:293 out:295 type:b q:12.46 q-aq:12.00 q-noVbv:12.46 q-Rceq:1.08 tex:5958 mv:3236 misc:2606 icu:101.00 pcu:649.75 scu:809.25 tlayer:4 pbqpoffset:3.58 pbfactor:1.51 avgQpOffsetCutree:0.00;
in:295 out:296 type:b q:12.16 q-aq:12.00 q-noVbv:12.16 q-Rceq:1.08 tex:4591 mv:3068 misc:2445 icu:92.25 pcu:460.75 scu:1007.00 tlayer:4 pbqpoffset:3.50 pbfactor:1.50 avgQpOffsetCutree:0.00;
in:299 out:297 type:k q:8.73 q-aq:7.91 q-noVbv:8.73 q-Rceq:1.08 tex:86204 mv:20172 misc:4136 icu:590.25 pcu:567.00 scu:402.75 tlayer:0 pbqpoffset:-0.48 pbfactor:0.95 avgQpOffsetCutree:-0.89;
in:298 out:298 type:B q:9.81 q-aq:9.53 q-noVbv:9.81 q-Rceq:1.08 tex:17581 mv:12361 misc:2994 icu:80.00 pcu:680.00 scu:800.00 tlayer:1 pbqpoffset:1.13 pbfactor:1.14 avgQpOffsetCutree:-0.59;
in:297 out:299 type:b q:10.32 q-aq:10.00 q-noVbv:10.32 q-Rceq:1.08 tex:5754 mv:4694 misc:2504 icu:53.75 pcu:599.00 scu:907.25 tlayer:2 pbqpoffset:1.71 pbfactor:1.22 avgQpOffsetCutree:0.00;
