#options: cpuid=1173503 frame-threads=1 no-wpp no-pmode no-pme psnr no-ssim log-level=2 bitdepth=8 input-csp=1 fps=30000/1000 input-res=832x480 interlace=0 total-frames=300 level-idc=0 high-tier=1 uhd-bd=0 ref=4 no-allow-non-conformance no-repeat-headers annexb no-aud no-hrd info hash=0 no-temporal-layers open-gop min-keyint=1 keyint=5000 bframes=15 b-adapt=2 b-pyramid bframe-bias=0 rc-lookahead=40 lookahead-slices=0 scenecut=40 no-intra-refresh ctu=64 min-cu-size=8 rect amp max-tu-size=32 tu-inter-depth=3 tu-intra-depth=3 limit-tu=4 rdoq-level=2 dynamic-rd=0.00 no-ssim-rd signhide no-tskip nr-intra=0 nr-inter=0 no-constrained-intra strong-intra-smoothing max-merge=4 limit-refs=1 limit-modes me=3 subme=4 merange=57 temporal-mvp weightp weightb no-analyze-src-pics deblock=0:0 sao no-sao-non-deblock rd=6 no-early-skip rskip no-fast-intra no-tskip-fast no-cu-lossless b-intra rdpenalty=0 psy-rd=0.00 psy-rdoq=0.00 no-rd-refine analysis-reuse-mode=0 no-lossless cbqpoffs=0 crqpoffs=0 rc=abr bitrate=2000 qcomp=0.60 qpstep=4 stats-write=1 stats-read=0 slow-firstpass ipratio=1.40 pbratio=1.30 aq-mode=1 aq-strength=0.00 cutree zone-count=0 no-strict-cbr qg-size=64 no-rc-grain qpmax=69 qpmin=0 no-const-vbv sar=0 overscan=0 videoformat=5 range=0 colorprim=2 transfer=2 colormatrix=2 chromaloc=0 display-window=0 max-cll=0,0 min-luma=0 max-luma=255 log2-max-poc-lsb=8 vui-timing-info vui-hrd-info slices=1 opt-qp-pps opt-ref-list-length-pps no-multi-pass-opt-rps scenecut-bias=0.05 no-opt-cu-delta-qp no-aq-motion no-hdr no-hdr-opt no-dhdr10-opt analysis-reuse-level=5 scale-factor=0 refine-intra=0 refine-inter=0 refine-mv=0 no-limit-sao ctu-info=0 max-tlayer=4
in:0 out:0 type:I q:13.56 q-aq:7.92 q-noVbv:13.56 q-Rceq:1.08 tex:267248 mv:23186 misc:1726 icu:1560.00 pcu:0.00 scu:0.00 tlayer:0 pbqpoffset:0.00 pbfactor:1.00 avgQpOffsetCutree:-5.07;
in:16 out:1 type:k q:12.47 q-aq:6.65 q-noVbv:12.47 q-Rceq:1.08 tex:250110 mv:26025 misc:2089 icu:840.75 pcu:429.25 scu:290.00 tlayer:0 pbqpoffset:0.00 pbfactor:1.00 avgQpOffsetCutree:-5.28;
in:8 out:2 type:B q:13.64 q-aq:9.59 q-noVbv:13.64 q-Rceq:1.08 tex:98186 mv:17601 misc:2653 icu:267.25 pcu:830.25 scu:462.50 tlayer:1 pbqpoffset:1.16 pbfactor:1.14 avgQpOffsetCutree:-3.71;
in:4 out:3 type:B q:14.22 q-aq:11.58 q-noVbv:14.22 q-Rceq:1.08 tex:18432 mv:5963 misc:2197 icu:27.25 pcu:866.50 scu:666.25 tlayer:2 pbqpoffset:1.75 pbfactor:1.22 avgQpOffsetCutree:-2.56;
in:2 out:4 type:B q:14.60 q-aq:13.62 q-noVbv:14.60 q-Rceq:1.08 tex:4411 mv:3734 misc:1415 icu:10.00 pcu:746.25 scu:803.75 tlayer:3 pbqpoffset:2.13 pbfactor:1.28 avgQpOffsetCutree:-1.27;
in:1 out:5 type:b q:17.80 q-aq:18.00 q-noVbv:17.80 q-Rceq:1.08 tex:59 mv:623 misc:478 icu:0.00 pcu:284.00 scu:1276.00 tlayer:4 pbqpoffset:5.33 pbfactor:1.85 avgQpOffsetCutree:0.00;
in:3 out:6 type:b q:17.43 q-aq:17.00 q-noVbv:17.43 q-Rceq:1.08 tex:138 mv:1120 misc:686 icu:0.00 pcu:397.75 scu:1162.25 tlayer:4 pbqpoffset:4.96 pbfactor:1.77 avgQpOffsetCutree:0.00;
in:6 out:7 type:B q:15.18 q-aq:14.47 q-noVbv:15.18 q-Rceq:1.08 tex:1232 mv:2766 misc:1090 icu:12.00 pcu:685.25 scu:862.75 tlayer:3 pbqpoffset:2.71 pbfactor:1.37 avgQpOffsetCutree:-1.28;
in:5 out:8 type:b q:17.28 q-aq:17.00 q-noVbv:17.28 q-Rceq:1.08 tex:1683 mv:1630 misc:903 icu:4.00 pcu:428.25 scu:1127.75 tlayer:4 pbqpoffset:4.81 pbfactor:1.74 avgQpOffsetCutree:0.00;
in:7 out:9 type:b q:17.64 q-aq:18.00 q-noVbv:17.64 q-Rceq:1.08 tex:76 mv:640 misc:556 icu:0.00 pcu:249.00 scu:1311.00 tlayer:4 pbqpoffset:5.17 pbfactor:1.82 avgQpOffsetCutree:0.00;
in:12 out:10 type:B q:13.77 q-aq:11.16 q-noVbv:13.77 q-Rceq:1.08 tex:32869 mv:8369 misc:2314 icu:51.75 pcu:883.00 scu:625.25 tlayer:2 pbqpoffset:1.30 pbfactor:1.16 avgQpOffsetCutree:-2.60;
in:10 out:11 type:B q:14.82 q-aq:14.31 q-noVbv:14.82 q-Rceq:1.08 tex:1019 mv:2526 misc:1095 icu:12.00 pcu:615.00 scu:933.00 tlayer:3 pbqpoffset:2.35 pbfactor:1.31 avgQpOffsetCutree:-1.37;
in:9 out:12 type:b q:17.61 q-aq:18.00 q-noVbv:17.61 q-Rceq:1.08 tex:29 mv:877 misc:526 icu:4.00 pcu:376.00 scu:1180.00 tlayer:4 pbqpoffset:5.14 pbfactor:1.81 avgQpOffsetCutree:0.00;
in:11 out:13 type:b q:17.48 q-aq:17.00 q-noVbv:17.48 q-Rceq:1.08 tex:29 mv:1028 misc:639 icu:0.00 pcu:392.00 scu:1168.00 tlayer:4 pbqpoffset:5.01 pbfactor:1.78 avgQpOffsetCutree:0.00;
in:14 out:14 type:B q:14.47 q-aq:13.61 q-noVbv:14.47 q-Rceq:1.08 tex:11218 mv:3602 misc:1700 icu:8.50 pcu:850.25 scu:701.25 tlayer:3 pbqpoffset:2.00 pbfactor:1.26 avgQpOffsetCutree:-1.26;
in:13 out:15 type:b q:15.80 q-aq:16.00 q-noVbv:15.80 q-Rceq:1.08 tex:217 mv:1570 misc:837 icu:4.00 pcu:587.75 scu:968.25 tlayer:4 pbqpoffset:3.33 pbfactor:1.47 avgQpOffsetCutree:0.00;
in:15 out:16 type:b q:17.49 q-aq:17.00 q-noVbv:17.49 q-Rceq:1.08 tex:30 mv:853 misc:629 icu:4.00 pcu:324.00 scu:1232.00 tlayer:4 pbqpoffset:5.02 pbfactor:1.79 avgQpOffsetCutree:0.00;
in:32 out:17 type:k q:8.47 q-aq:3.02 q-noVbv:8.47 q-Rceq:1.08 tex:464144 mv:38157 misc:2483 icu:1104.25 pcu:231.25 scu:224.50 tlayer:0 pbqpoffset:0.00 pbfactor:1.00 avgQpOffsetCutree:-5.40;
in:24 out:18 type:B q:11.31 q-aq:7.89 q-noVbv:11.31 q-Rceq:1.08 tex:180525 mv:24827 misc:2616 icu:597.50 pcu:716.25 scu:246.25 tlayer:1 pbqpoffset:0.84 pbfactor:1.10 avgQpOffsetCutree:-3.47;
in:20 out:19 type:B q:13.65 q-aq:10.90 q-noVbv:13.65 q-Rceq:1.08 tex:34595 mv:8733 misc:2232 icu:73.75 pcu:913.25 scu:573.00 tlayer:2 pbqpoffset:2.18 pbfactor:1.29 avgQpOffsetCutree:-2.58;
in:18 out:20 type:B q:14.68 q-aq:13.59 q-noVbv:14.68 q-Rceq:1.08 tex:3134 mv:3708 misc:1310 icu:11.25 pcu:766.25 scu:782.50 tlayer:3 pbqpoffset:2.71 pbfactor:1.37 avgQpOffsetCutree:-1.35;
in:17 out:21 type:b q:17.83 q-aq:18.00 q-noVbv:17.83 q-Rceq:1.08 tex:27 mv:916 misc:641 icu:4.00 pcu:400.00 scu:1156.00 tlayer:4 pbqpoffset:5.61 pbfactor:1.91 avgQpOffsetCutree:0.00;
in:19 out:22 type:b q:17.35 q-aq:17.00 q-noVbv:17.35 q-Rceq:1.08 tex:673 mv:1459 misc:780 icu:0.00 pcu:436.50 scu:1123.50 tlayer:4 pbqpoffset:5.63 pbfactor:1.92 avgQpOffsetCutree:0.00;
in:22 out:23 type:B q:13.68 q-aq:12.63 q-noVbv:13.68 q-Rceq:1.08 tex:11415 mv:4461 misc:1828 icu:12.00 pcu:845.00 scu:703.00 tlayer:3 pbqpoffset:2.71 pbfactor:1.37 avgQpOffsetCutree:-1.35;
in:21 out:24 type:b q:16.82 q-aq:17.00 q-noVbv:16.82 q-Rceq:1.08 tex:52 mv:1074 misc:746 icu:0.00 pcu:314.25 scu:1245.75 tlayer:4 pbqpoffset:5.60 pbfactor:1.91 avgQpOffsetCutree:0.00;
in:23 out:25 type:b q:16.34 q-aq:16.00 q-noVbv:16.34 q-Rceq:1.08 tex:213 mv:1171 misc:744 icu:12.00 pcu:420.00 scu:1128.00 tlayer:4 pbqpoffset:5.62 pbfactor:1.91 avgQpOffsetCutree:0.00;
in:28 out:26 type:B q:10.84 q-aq:8.29 q-noVbv:10.84 q-Rceq:1.08 tex:82347 mv:13060 misc:3225 icu:413.50 pcu:709.50 scu:437.00 tlayer:2 pbqpoffset:1.37 pbfactor:1.17 avgQpOffsetCutree:-2.54;
in:26 out:27 type:B q:12.47 q-aq:11.42 q-noVbv:12.47 q-Rceq:1.08 tex:22299 mv:6089 misc:2356 icu:36.00 pcu:908.50 scu:615.50 tlayer:3 pbqpoffset:2.50 pbfactor:1.33 avgQpOffsetCutree:-1.27;
in:25 out:28 type:b q:15.87 q-aq:16.00 q-noVbv:15.87 q-Rceq:1.08 tex:262 mv:1302 misc:868 icu:9.00 pcu:410.00 scu:1141.00 tlayer:4 pbqpoffset:5.65 pbfactor:1.92 avgQpOffsetCutree:0.00;
in:27 out:29 type:b q:15.36 q-aq:15.00 q-noVbv:15.36 q-Rceq:1.08 tex:158 mv:1748 misc:950 icu:4.00 pcu:586.00 scu:970.00 tlayer:4 pbqpoffset:5.64 pbfactor:1.92 avgQpOffsetCutree:0.00;
in:30 out:30 type:B q:11.49 q-aq:10.52 q-noVbv:11.49 q-Rceq:1.08 tex:30494 mv:7411 misc:2695 icu:42.00 pcu:934.00 scu:584.00 tlayer:3 pbqpoffset:2.51 pbfactor:1.34 avgQpOffsetCutree:-1.28;
in:29 out:31 type:b q:14.87 q-aq:15.00 q-noVbv:14.87 q-Rceq:1.08 tex:73 mv:1767 misc:928 icu:4.00 pcu:546.00 scu:1010.00 tlayer:4 pbqpoffset:5.65 pbfactor:1.92 avgQpOffsetCutree:0.00;
in:31 out:32 type:b q:14.37 q-aq:14.00 q-noVbv:14.37 q-Rceq:1.08 tex:687 mv:2108 misc:1117 icu:13.00 pcu:549.50 scu:997.50 tlayer:4 pbqpoffset:5.65 pbfactor:1.92 avgQpOffsetCutree:0.00;
in:48 out:33 type:k q:8.30 q-aq:2.74 q-noVbv:8.30 q-Rceq:1.08 tex:507646 mv:44536 misc:2770 icu:871.00 pcu:549.00 scu:140.00 tlayer:0 pbqpoffset:0.00 pbfactor:1.00 avgQpOffsetCutree:-5.18;
in:40 out:34 type:B q:8.99 q-aq:5.04 q-noVbv:8.99 q-Rceq:1.08 tex:247548 mv:37111 misc:3093 icu:421.00 pcu:912.75 scu:226.25 tlayer:1 pbqpoffset:0.60 pbfactor:1.07 avgQpOffsetCutree:-3.70;
in:36 out:35 type:B q:9.45 q-aq:6.66 q-noVbv:9.45 q-Rceq:1.08 tex:85724 mv:20057 misc:3435 icu:343.25 pcu:945.00 scu:271.75 tlayer:2 pbqpoffset:1.02 pbfactor:1.13 avgQpOffsetCutree:-2.53;
in:34 out:36 type:B q:10.11 q-aq:8.93 q-noVbv:10.11 q-Rceq:1.08 tex:39059 mv:10951 misc:2758 icu:108.25 pcu:1043.00 scu:408.75 tlayer:3 pbqpoffset:1.66 pbfactor:1.21 avgQpOffsetCutree:-1.33;
in:33 out:37 type:b q:13.59 q-aq:13.31 q-noVbv:13.59 q-Rceq:1.08 tex:1714 mv:2414 misc:1096 icu:19.00 pcu:648.00 scu:893.00 tlayer:4 pbqpoffset:5.13 pbfactor:1.81 avgQpOffsetCutree:0.00;
in:35 out:38 type:b q:12.09 q-aq:11.99 q-noVbv:12.09 q-Rceq:1.08 tex:4617 mv:4258 misc:1461 icu:13.25 pcu:911.00 scu:635.75 tlayer:4 pbqpoffset:3.65 pbfactor:1.52 avgQpOffsetCutree:0.00;
in:38 out:39 type:B q:9.99 q-aq:8.77 q-noVbv:9.99 q-Rceq:1.08 tex:43083 mv:10475 misc:2826 icu:129.50 pcu:1010.25 scu:420.25 tlayer:3 pbqpoffset:1.58 pbfactor:1.20 avgQpOffsetCutree:-1.34;
in:37 out:40 type:b q:13.63 q-aq:13.68 q-noVbv:13.63 q-Rceq:1.08 tex:151 mv:2624 misc:1097 icu:2.00 pcu:667.00 scu:891.00 tlayer:4 pbqpoffset:5.21 pbfactor:1.83 avgQpOffsetCutree:0.00;
in:39 out:41 type:b q:12.96 q-aq:13.00 q-noVbv:12.96 q-Rceq:1.08 tex:898 mv:2829 misc:1057 icu:6.00 pcu:739.00 scu:815.00 tlayer:4 pbqpoffset:4.56 pbfactor:1.69 avgQpOffsetCutree:0.00;
in:44 out:42 type:B q:9.39 q-aq:6.48 q-noVbv:9.39 q-Rceq:1.08 tex:106510 mv:20904 misc:3474 icu:361.50 pcu:865.00 scu:333.50 tlayer:2 pbqpoffset:1.04 pbfactor:1.13 avgQpOffsetCutree:-2.54;
in:42 out:43 type:B q:9.83 q-aq:8.61 q-noVbv:9.83 q-Rceq:1.08 tex:47579 mv:12095 misc:2782 icu:122.50 pcu:1025.50 scu:412.00 tlayer:3 pbqpoffset:1.47 pbfactor:1.18 avgQpOffsetCutree:-1.30;
in:41 out:44 type:b q:13.24 q-aq:13.00 q-noVbv:13.24 q-Rceq:1.08 tex:815 mv:2928 misc:1097 icu:15.25 pcu:701.00 scu:843.75 tlayer:4 pbqpoffset:4.87 pbfactor:1.75 avgQpOffsetCutree:0.00;
in:43 out:45 type:b q:13.11 q-aq:13.00 q-noVbv:13.11 q-Rceq:1.08 tex:1231 mv:3048 misc:1145 icu:12.50 pcu:760.50 scu:787.00 tlayer:4 pbqpoffset:4.76 pbfactor:1.73 avgQpOffsetCutree:0.00;
in:46 out:46 type:B q:9.69 q-aq:8.47 q-noVbv:9.69 q-Rceq:1.08 tex:37498 mv:10630 misc:2424 icu:81.75 pcu:1065.25 scu:413.00 tlayer:3 pbqpoffset:1.36 pbfactor:1.17 avgQpOffsetCutree:-1.34;
in:45 out:47 type:b q:12.53 q-aq:12.19 q-noVbv:12.53 q-Rceq:1.08 tex:1766 mv:3527 misc:1115 icu:18.00 pcu:864.00 scu:678.00 tlayer:4 pbqpoffset:4.19 pbfactor:1.62 avgQpOffsetCutree:0.00;
in:47 out:48 type:b q:13.05 q-aq:13.00 q-noVbv:13.05 q-Rceq:1.08 tex:1335 mv:2823 misc:1114 icu:11.00 pcu:771.50 scu:777.50 tlayer:4 pbqpoffset:4.74 pbfactor:1.73 avgQpOffsetCutree:0.00;
in:64 out:49 type:k q:9.91 q-aq:4.51 q-noVbv:9.91 q-Rceq:1.08 tex:483264 mv:38223 misc:2489 icu:1364.50 pcu:165.25 scu:30.25 tlayer:0 pbqpoffset:0.03 pbfactor:1.00 avgQpOffsetCutree:-5.27;
in:56 out:50 type:B q:9.57 q-aq:5.71 q-noVbv:9.57 q-Rceq:1.08 tex:283870 mv:37741 misc:2997 icu:796.25 pcu:649.25 scu:114.50 tlayer:1 pbqpoffset:0.47 pbfactor:1.06 avgQpOffsetCutree:-3.55;
in:52 out:51 type:B q:10.58 q-aq:7.73 q-noVbv:10.58 q-Rceq:1.08 tex:79749 mv:16390 misc:3357 icu:326.75 pcu:936.00 scu:297.25 tlayer:2 pbqpoffset:1.87 pbfactor:1.24 avgQpOffsetCutree:-2.55;
in:50 out:52 type:B q:10.83 q-aq:9.64 q-noVbv:10.83 q-Rceq:1.08 tex:40242 mv:9656 misc:2694 icu:97.75 pcu:1144.50 scu:317.75 tlayer:3 pbqpoffset:2.33 pbfactor:1.31 avgQpOffsetCutree:-1.37;
in:49 out:53 type:b q:13.66 q-aq:13.13 q-noVbv:13.66 q-Rceq:1.08 tex:959 mv:2544 misc:1041 icu:14.00 pcu:657.75 scu:888.25 tlayer:4 pbqpoffset:5.26 pbfactor:1.84 avgQpOffsetCutree:0.00;
in:51 out:54 type:b q:13.88 q-aq:13.70 q-noVbv:13.88 q-Rceq:1.08 tex:1607 mv:2709 misc:1140 icu:8.00 pcu:676.50 scu:875.50 tlayer:4 pbqpoffset:5.27 pbfactor:1.84 avgQpOffsetCutree:0.00;
in:54 out:55 type:B q:11.23 q-aq:10.00 q-noVbv:11.23 q-Rceq:1.08 tex:39075 mv:9570 misc:2619 icu:83.00 pcu:1103.00 scu:374.00 tlayer:3 pbqpoffset:2.33 pbfactor:1.31 avgQpOffsetCutree:-1.37;
in:53 out:56 type:b q:14.06 q-aq:14.00 q-noVbv:14.06 q-Rceq:1.08 tex:571 mv:2589 misc:1152 icu:0.00 pcu:612.25 scu:947.75 tlayer:4 pbqpoffset:5.26 pbfactor:1.84 avgQpOffsetCutree:0.00;
in:55 out:57 type:b q:14.27 q-aq:14.00 q-noVbv:14.27 q-Rceq:1.08 tex:1078 mv:2475 misc:1007 icu:4.00 pcu:721.50 scu:834.50 tlayer:4 pbqpoffset:5.27 pbfactor:1.84 avgQpOffsetCutree:0.00;
in:60 out:58 type:B q:10.62 q-aq:7.75 q-noVbv:10.62 q-Rceq:1.08 tex:115270 mv:19558 misc:4004 icu:586.75 pcu:734.50 scu:238.75 tlayer:2 pbqpoffset:1.11 pbfactor:1.14 avgQpOffsetCutree:-2.62;
in:58 out:59 type:B q:11.53 q-aq:10.41 q-noVbv:11.53 q-Rceq:1.08 tex:37614 mv:9559 misc:3083 icu:78.00 pcu:1061.50 scu:420.50 tlayer:3 pbqpoffset:2.22 pbfactor:1.29 avgQpOffsetCutree:-1.29;
in:57 out:60 type:b q:14.50 q-aq:14.00 q-noVbv:14.50 q-Rceq:1.08 tex:672 mv:2732 misc:1308 icu:6.00 pcu:719.00 scu:835.00 tlayer:4 pbqpoffset:5.29 pbfactor:1.84 avgQpOffsetCutree:0.00;
in:59 out:61 type:b q:14.69 q-aq:14.42 q-noVbv:14.69 q-Rceq:1.08 tex:384 mv:1812 misc:1204 icu:1.00 pcu:562.75 scu:996.25 tlayer:4 pbqpoffset:5.28 pbfactor:1.84 avgQpOffsetCutree:0.00;
in:62 out:62 type:B q:11.79 q-aq:10.55 q-noVbv:11.79 q-Rceq:1.08 tex:47601 mv:9547 misc:3036 icu:55.75 pcu:1061.75 scu:442.50 tlayer:3 pbqpoffset:2.08 pbfactor:1.27 avgQpOffsetCutree:-1.36;
in:61 out:63 type:b q:14.63 q-aq:14.29 q-noVbv:14.63 q-Rceq:1.08 tex:10642 mv:3535 misc:2039 icu:1.25 pcu:860.75 scu:698.00 tlayer:4 pbqpoffset:5.02 pbfactor:1.79 avgQpOffsetCutree:0.00;
in:63 out:64 type:b q:14.97 q-aq:15.00 q-noVbv:14.97 q-Rceq:1.08 tex:1012 mv:2213 misc:1247 icu:8.00 pcu:570.25 scu:981.75 tlayer:4 pbqpoffset:5.16 pbfactor:1.82 avgQpOffsetCutree:0.00;
in:80 out:65 type:k q:11.62 q-aq:6.34 q-noVbv:11.62 q-Rceq:1.08 tex:407161 mv:42710 misc:2441 icu:1083.25 pcu:464.75 scu:12.00 tlayer:0 pbqpoffset:-0.29 pbfactor:0.97 avgQpOffsetCutree:-5.23;
in:72 out:66 type:B q:11.31 q-aq:7.46 q-noVbv:11.31 q-Rceq:1.08 tex:219626 mv:36004 misc:3322 icu:618.25 pcu:848.25 scu:93.50 tlayer:1 pbqpoffset:0.54 pbfactor:1.06 avgQpOffsetCutree:-3.55;
in:68 out:67 type:B q:11.80 q-aq:8.89 q-noVbv:11.80 q-Rceq:1.08 tex:67680 mv:14561 misc:3543 icu:381.50 pcu:899.75 scu:278.75 tlayer:2 pbqpoffset:1.46 pbfactor:1.18 avgQpOffsetCutree:-2.60;
in:66 out:68 type:B q:12.30 q-aq:11.22 q-noVbv:12.30 q-Rceq:1.08 tex:26351 mv:8504 misc:2873 icu:100.25 pcu:892.00 scu:567.75 tlayer:3 pbqpoffset:2.17 pbfactor:1.29 avgQpOffsetCutree:-1.24;
in:65 out:69 type:b q:14.46 q-aq:14.00 q-noVbv:14.46 q-Rceq:1.08 tex:12289 mv:3427 misc:1900 icu:4.00 pcu:852.50 scu:703.50 tlayer:4 pbqpoffset:4.44 pbfactor:1.67 avgQpOffsetCutree:0.00;
in:67 out:70 type:b q:13.69 q-aq:13.44 q-noVbv:13.69 q-Rceq:1.08 tex:3237 mv:3593 misc:1370 icu:38.25 pcu:888.50 scu:633.25 tlayer:4 pbqpoffset:3.46 pbfactor:1.49 avgQpOffsetCutree:0.00;
in:70 out:71 type:B q:12.27 q-aq:11.19 q-noVbv:12.27 q-Rceq:1.08 tex:34107 mv:9695 misc:2646 icu:135.50 pcu:1008.00 scu:416.50 tlayer:3 pbqpoffset:1.72 pbfactor:1.22 avgQpOffsetCutree:-1.30;
in:69 out:72 type:b q:14.84 q-aq:14.95 q-noVbv:14.84 q-Rceq:1.08 tex:11809 mv:2913 misc:1534 icu:12.00 pcu:801.75 scu:746.25 tlayer:4 pbqpoffset:4.40 pbfactor:1.66 avgQpOffsetCutree:0.00;
in:71 out:73 type:b q:14.99 q-aq:15.00 q-noVbv:14.99 q-Rceq:1.08 tex:717 mv:2551 misc:1124 icu:4.00 pcu:624.00 scu:932.00 tlayer:4 pbqpoffset:4.33 pbfactor:1.65 avgQpOffsetCutree:0.00;
in:76 out:74 type:B q:12.22 q-aq:9.27 q-noVbv:12.22 q-Rceq:1.08 tex:72135 mv:16520 misc:3249 icu:319.00 pcu:955.25 scu:285.75 tlayer:2 pbqpoffset:1.03 pbfactor:1.13 avgQpOffsetCutree:-2.58;
in:74 out:75 type:B q:12.52 q-aq:11.14 q-noVbv:12.52 q-Rceq:1.08 tex:41586 mv:10225 misc:2893 icu:112.00 pcu:983.50 scu:464.50 tlayer:3 pbqpoffset:1.54 pbfactor:1.19 avgQpOffsetCutree:-1.30;
in:73 out:76 type:b q:15.43 q-aq:15.00 q-noVbv:15.43 q-Rceq:1.08 tex:1224 mv:2595 misc:1101 icu:20.25 pcu:526.75 scu:1013.00 tlayer:4 pbqpoffset:4.56 pbfactor:1.69 avgQpOffsetCutree:0.00;
in:75 out:77 type:b q:15.46 q-aq:15.00 q-noVbv:15.46 q-Rceq:1.08 tex:3219 mv:2685 misc:1088 icu:12.00 pcu:705.00 scu:843.00 tlayer:4 pbqpoffset:4.37 pbfactor:1.66 avgQpOffsetCutree:0.00;
in:78 out:78 type:B q:13.16 q-aq:11.96 q-noVbv:13.16 q-Rceq:1.08 tex:36586 mv:8339 misc:2603 icu:86.25 pcu:1020.00 scu:453.75 tlayer:3 pbqpoffset:1.75 pbfactor:1.22 avgQpOffsetCutree:-1.35;
in:77 out:79 type:b q:15.26 q-aq:15.00 q-noVbv:15.26 q-Rceq:1.08 tex:8250 mv:3633 misc:1837 icu:6.00 pcu:801.50 scu:752.50 tlayer:4 pbqpoffset:3.95 pbfactor:1.58 avgQpOffsetCutree:0.00;
in:79 out:80 type:b q:15.19 q-aq:15.00 q-noVbv:15.19 q-Rceq:1.08 tex:11874 mv:3046 misc:1688 icu:21.25 pcu:756.50 scu:782.25 tlayer:4 pbqpoffset:3.67 pbfactor:1.53 avgQpOffsetCutree:0.00;
in:96 out:81 type:k q:12.18 q-aq:6.57 q-noVbv:12.18 q-Rceq:1.08 tex:443958 mv:38727 misc:2403 icu:1463.75 pcu:95.75 scu:0.50 tlayer:0 pbqpoffset:-0.54 pbfactor:0.94 avgQpOffsetCutree:-5.74;
in:88 out:82 type:B q:12.61 q-aq:8.86 q-noVbv:12.61 q-Rceq:1.08 tex:231589 mv:31651 misc:3128 icu:802.50 pcu:671.25 scu:86.25 tlayer:1 pbqpoffset:0.71 pbfactor:1.09 avgQpOffsetCutree:-3.60;
in:84 out:83 type:B q:13.75 q-aq:11.19 q-noVbv:13.75 q-Rceq:1.08 tex:57143 mv:11637 misc:3164 icu:210.25 pcu:901.75 scu:448.00 tlayer:2 pbqpoffset:1.99 pbfactor:1.26 avgQpOffsetCutree:-2.62;
in:82 out:84 type:B q:14.26 q-aq:13.21 q-noVbv:14.26 q-Rceq:1.08 tex:26296 mv:7707 misc:2413 icu:14.75 pcu:1021.25 scu:524.00 tlayer:3 pbqpoffset:2.56 pbfactor:1.34 avgQpOffsetCutree:-1.32;
in:81 out:85 type:b q:17.19 q-aq:17.00 q-noVbv:17.19 q-Rceq:1.08 tex:8672 mv:2155 misc:1525 icu:6.75 pcu:426.50 scu:1126.75 tlayer:4 pbqpoffset:5.53 pbfactor:1.89 avgQpOffsetCutree:0.00;
in:83 out:86 type:b q:17.02 q-aq:17.00 q-noVbv:17.02 q-Rceq:1.08 tex:997 mv:1916 misc:1079 icu:0.00 pcu:547.50 scu:1012.50 tlayer:4 pbqpoffset:5.29 pbfactor:1.84 avgQpOffsetCutree:0.00;
in:86 out:87 type:B q:14.40 q-aq:13.53 q-noVbv:14.40 q-Rceq:1.08 tex:26474 mv:6138 misc:2308 icu:34.00 pcu:934.75 scu:591.25 tlayer:3 pbqpoffset:2.56 pbfactor:1.34 avgQpOffsetCutree:-1.31;
in:85 out:88 type:b q:17.32 q-aq:17.00 q-noVbv:17.32 q-Rceq:1.08 tex:1938 mv:1900 misc:1090 icu:0.50 pcu:521.00 scu:1038.50 tlayer:4 pbqpoffset:5.52 pbfactor:1.89 avgQpOffsetCutree:0.00;
in:87 out:89 type:b q:17.39 q-aq:17.00 q-noVbv:17.39 q-Rceq:1.08 tex:5868 mv:2016 misc:1604 icu:4.25 pcu:521.25 scu:1034.50 tlayer:4 pbqpoffset:5.52 pbfactor:1.89 avgQpOffsetCutree:0.00;
in:92 out:90 type:B q:13.85 q-aq:10.99 q-noVbv:13.85 q-Rceq:1.08 tex:64981 mv:12322 misc:3953 icu:195.75 pcu:934.50 scu:429.75 tlayer:2 pbqpoffset:1.80 pbfactor:1.23 avgQpOffsetCutree:-2.63;
in:90 out:91 type:B q:14.21 q-aq:13.17 q-noVbv:14.21 q-Rceq:1.08 tex:29627 mv:8403 misc:3130 icu:41.75 pcu:1004.25 scu:514.00 tlayer:3 pbqpoffset:2.24 pbfactor:1.30 avgQpOffsetCutree:-1.34;
in:89 out:92 type:b q:16.61 q-aq:16.39 q-noVbv:16.61 q-Rceq:1.08 tex:2025 mv:1886 misc:1241 icu:1.25 pcu:546.50 scu:1012.25 tlayer:4 pbqpoffset:4.67 pbfactor:1.72 avgQpOffsetCutree:0.00;
in:91 out:93 type:b q:17.02 q-aq:17.00 q-noVbv:17.02 q-Rceq:1.08 tex:4347 mv:2196 misc:1265 icu:2.00 pcu:492.50 scu:1065.50 tlayer:4 pbqpoffset:5.02 pbfactor:1.78 avgQpOffsetCutree:0.00;
in:94 out:94 type:B q:14.68 q-aq:13.67 q-noVbv:14.68 q-Rceq:1.08 tex:24806 mv:6093 misc:2821 icu:17.25 pcu:871.25 scu:671.50 tlayer:3 pbqpoffset:2.56 pbfactor:1.34 avgQpOffsetCutree:-1.32;
in:93 out:95 type:b q:16.94 q-aq:17.00 q-noVbv:16.94 q-Rceq:1.08 tex:3670 mv:1935 misc:1147 icu:1.00 pcu:629.00 scu:930.00 tlayer:4 pbqpoffset:4.86 pbfactor:1.75 avgQpOffsetCutree:0.00;
in:95 out:96 type:b q:17.68 q-aq:17.88 q-noVbv:17.68 q-Rceq:1.08 tex:6375 mv:1546 misc:1359 icu:0.50 pcu:598.25 scu:961.25 tlayer:4 pbqpoffset:5.53 pbfactor:1.89 avgQpOffsetCutree:0.00;
in:112 out:97 type:k q:11.96 q-aq:6.23 q-noVbv:11.96 q-Rceq:1.08 tex:469175 mv:45361 misc:2800 icu:1198.50 pcu:355.25 scu:6.25 tlayer:0 pbqpoffset:0.31 pbfactor:1.04 avgQpOffsetCutree:-5.74;
in:104 out:98 type:B q:12.91 q-aq:8.68 q-noVbv:12.91 q-Rceq:1.08 tex:209338 mv:36296 misc:3590 icu:574.00 pcu:885.25 scu:100.75 tlayer:1 pbqpoffset:0.84 pbfactor:1.10 avgQpOffsetCutree:-3.91;
in:100 out:99 type:B q:13.85 q-aq:10.89 q-noVbv:13.85 q-Rceq:1.08 tex:43043 mv:10014 misc:3407 icu:144.25 pcu:904.25 scu:511.50 tlayer:2 pbqpoffset:1.72 pbfactor:1.22 avgQpOffsetCutree:-2.74;
in:98 out:100 type:B q:14.25 q-aq:13.22 q-noVbv:14.25 q-Rceq:1.08 tex:25461 mv:7226 misc:2481 icu:17.00 pcu:999.25 scu:543.75 tlayer:3 pbqpoffset:2.09 pbfactor:1.27 avgQpOffsetCutree:-1.42;
in:97 out:101 type:b q:17.81 q-aq:18.00 q-noVbv:17.81 q-Rceq:1.08 tex:185 mv:1105 misc:806 icu:0.00 pcu:351.00 scu:1209.00 tlayer:4 pbqpoffset:5.64 pbfactor:1.92 avgQpOffsetCutree:0.00;
in:99 out:102 type:b q:16.72 q-aq:16.98 q-noVbv:16.72 q-Rceq:1.08 tex:14679 mv:3654 misc:1587 icu:1.50 pcu:857.50 scu:701.00 tlayer:4 pbqpoffset:4.58 pbfactor:1.70 avgQpOffsetCutree:0.00;
in:102 out:103 type:B q:14.67 q-aq:13.58 q-noVbv:14.67 q-Rceq:1.08 tex:27205 mv:6829 misc:2478 icu:27.25 pcu:909.00 scu:623.75 tlayer:3 pbqpoffset:2.57 pbfactor:1.35 avgQpOffsetCutree:-1.43;
in:101 out:104 type:b q:17.31 q-aq:17.00 q-noVbv:17.31 q-Rceq:1.08 tex:8137 mv:2644 misc:1515 icu:0.50 pcu:585.25 scu:974.25 tlayer:4 pbqpoffset:5.19 pbfactor:1.82 avgQpOffsetCutree:0.00;
in:103 out:105 type:b q:17.12 q-aq:17.00 q-noVbv:17.12 q-Rceq:1.08 tex:7674 mv:1935 misc:1431 icu:0.00 pcu:510.50 scu:1049.50 tlayer:4 pbqpoffset:5.03 pbfactor:1.79 avgQpOffsetCutree:0.00;
in:108 out:106 type:B q:13.83 q-aq:10.59 q-noVbv:13.83 q-Rceq:1.08 tex:55752 mv:12103 misc:3465 icu:68.75 pcu:981.50 scu:509.75 tlayer:2 pbqpoffset:1.82 pbfactor:1.23 avgQpOffsetCutree:-2.75;
in:106 out:107 type:B q:14.23 q-aq:12.87 q-noVbv:14.23 q-Rceq:1.08 tex:30740 mv:8114 misc:2650 icu:18.00 pcu:999.50 scu:542.50 tlayer:3 pbqpoffset:2.18 pbfactor:1.29 avgQpOffsetCutree:-1.43;
in:105 out:108 type:b q:16.94 q-aq:17.00 q-noVbv:16.94 q-Rceq:1.08 tex:2473 mv:2247 misc:1096 icu:0.25 pcu:592.25 scu:967.50 tlayer:4 pbqpoffset:4.88 pbfactor:1.76 avgQpOffsetCutree:0.00;
in:107 out:109 type:b q:17.44 q-aq:17.00 q-noVbv:17.44 q-Rceq:1.08 tex:2236 mv:2048 misc:980 icu:0.50 pcu:494.75 scu:1064.75 tlayer:4 pbqpoffset:5.41 pbfactor:1.87 avgQpOffsetCutree:0.00;
in:110 out:110 type:B q:14.48 q-aq:13.57 q-noVbv:14.48 q-Rceq:1.08 tex:22029 mv:6522 misc:2393 icu:4.00 pcu:932.25 scu:623.75 tlayer:3 pbqpoffset:2.49 pbfactor:1.33 avgQpOffsetCutree:-1.44;
in:109 out:111 type:b q:16.86 q-aq:17.00 q-noVbv:16.86 q-Rceq:1.08 tex:10766 mv:2163 misc:1727 icu:1.00 pcu:590.00 scu:969.00 tlayer:4 pbqpoffset:4.86 pbfactor:1.75 avgQpOffsetCutree:0.00;
in:111 out:112 type:b q:16.84 q-aq:17.00 q-noVbv:16.84 q-Rceq:1.08 tex:3390 mv:1230 misc:876 icu:4.00 pcu:467.75 scu:1088.25 tlayer:4 pbqpoffset:4.86 pbfactor:1.75 avgQpOffsetCutree:0.00;
in:128 out:113 type:k q:12.48 q-aq:6.82 q-noVbv:12.48 q-Rceq:1.08 tex:495838 mv:43548 misc:2438 icu:1454.75 pcu:104.25 scu:1.00 tlayer:0 pbqpoffset:-0.26 pbfactor:0.97 avgQpOffsetCutree:-5.86;
in:120 out:114 type:B q:13.26 q-aq:9.21 q-noVbv:13.26 q-Rceq:1.08 tex:264050 mv:34177 misc:3269 icu:766.75 pcu:745.00 scu:48.25 tlayer:1 pbqpoffset:1.04 pbfactor:1.13 avgQpOffsetCutree:-3.92;
in:116 out:115 type:B q:14.86 q-aq:11.74 q-noVbv:14.86 q-Rceq:1.08 tex:41672 mv:8600 misc:2936 icu:37.00 pcu:855.75 scu:667.25 tlayer:2 pbqpoffset:2.77 pbfactor:1.38 avgQpOffsetCutree:-2.75;
in:114 out:116 type:B q:14.80 q-aq:13.59 q-noVbv:14.80 q-Rceq:1.08 tex:21655 mv:6806 misc:2371 icu:22.25 pcu:983.25 scu:554.50 tlayer:3 pbqpoffset:2.77 pbfactor:1.38 avgQpOffsetCutree:-1.43;
in:113 out:117 type:b q:17.71 q-aq:18.00 q-noVbv:17.71 q-Rceq:1.08 tex:120 mv:1098 misc:846 icu:0.00 pcu:338.75 scu:1221.25 tlayer:4 pbqpoffset:5.72 pbfactor:1.94 avgQpOffsetCutree:0.00;
in:115 out:118 type:b q:17.79 q-aq:18.00 q-noVbv:17.79 q-Rceq:1.08 tex:9306 mv:2347 misc:1531 icu:2.75 pcu:613.25 scu:944.00 tlayer:4 pbqpoffset:5.73 pbfactor:1.94 avgQpOffsetCutree:0.00;
in:118 out:119 type:B q:14.93 q-aq:13.99 q-noVbv:14.93 q-Rceq:1.08 tex:24377 mv:6288 misc:2287 icu:16.25 pcu:947.25 scu:596.50 tlayer:3 pbqpoffset:2.77 pbfactor:1.38 avgQpOffsetCutree:-1.47;
in:117 out:120 type:b q:17.85 q-aq:18.00 q-noVbv:17.85 q-Rceq:1.08 tex:4096 mv:1816 misc:1416 icu:4.00 pcu:564.00 scu:992.00 tlayer:4 pbqpoffset:5.72 pbfactor:1.94 avgQpOffsetCutree:0.00;
in:119 out:121 type:b q:17.92 q-aq:18.00 q-noVbv:17.92 q-Rceq:1.08 tex:969 mv:1091 misc:836 icu:0.00 pcu:397.75 scu:1162.25 tlayer:4 pbqpoffset:5.73 pbfactor:1.94 avgQpOffsetCutree:0.00;
in:124 out:122 type:B q:14.57 q-aq:11.60 q-noVbv:14.57 q-Rceq:1.08 tex:62847 mv:9886 misc:3563 icu:114.25 pcu:945.25 scu:500.50 tlayer:2 pbqpoffset:2.22 pbfactor:1.29 avgQpOffsetCutree:-2.80;
in:122 out:123 type:B q:15.06 q-aq:13.85 q-noVbv:15.06 q-Rceq:1.08 tex:39562 mv:8467 misc:3179 icu:12.00 pcu:897.50 scu:650.50 tlayer:3 pbqpoffset:2.77 pbfactor:1.38 avgQpOffsetCutree:-1.41;
in:121 out:124 type:b q:17.98 q-aq:18.00 q-noVbv:17.98 q-Rceq:1.08 tex:550 mv:1334 misc:1036 icu:0.00 pcu:398.00 scu:1162.00 tlayer:4 pbqpoffset:5.73 pbfactor:1.94 avgQpOffsetCutree:0.00;
in:123 out:125 type:b q:18.05 q-aq:18.00 q-noVbv:18.05 q-Rceq:1.08 tex:3235 mv:1382 misc:1375 icu:0.00 pcu:551.50 scu:1008.50 tlayer:4 pbqpoffset:5.73 pbfactor:1.94 avgQpOffsetCutree:0.00;
in:126 out:126 type:B q:15.19 q-aq:14.52 q-noVbv:15.19 q-Rceq:1.08 tex:27577 mv:5815 misc:2792 icu:20.25 pcu:754.25 scu:785.50 tlayer:3 pbqpoffset:2.77 pbfactor:1.38 avgQpOffsetCutree:-1.40;
in:125 out:127 type:b q:18.12 q-aq:18.00 q-noVbv:18.12 q-Rceq:1.08 tex:8090 mv:1857 misc:1533 icu:0.25 pcu:706.75 scu:853.00 tlayer:4 pbqpoffset:5.73 pbfactor:1.94 avgQpOffsetCutree:0.00;
in:127 out:128 type:b q:18.18 q-aq:18.00 q-noVbv:18.18 q-Rceq:1.08 tex:1067 mv:1204 misc:825 icu:0.00 pcu:402.00 scu:1158.00 tlayer:4 pbqpoffset:5.73 pbfactor:1.94 avgQpOffsetCutree:0.00;
in:144 out:129 type:k q:11.95 q-aq:6.33 q-noVbv:11.95 q-Rceq:1.08 tex:536522 mv:48885 misc:2705 icu:1176.75 pcu:379.25 scu:4.00 tlayer:0 pbqpoffset:-0.33 pbfactor:0.96 avgQpOffsetCutree:-5.78;
in:136 out:130 type:B q:13.20 q-aq:8.96 q-noVbv:13.20 q-Rceq:1.08 tex:238128 mv:37197 misc:3635 icu:600.25 pcu:874.00 scu:85.75 tlayer:1 pbqpoffset:0.98 pbfactor:1.12 avgQpOffsetCutree:-4.01;
in:132 out:131 type:B q:14.37 q-aq:11.22 q-noVbv:14.37 q-Rceq:1.08 tex:50900 mv:8999 misc:3149 icu:58.75 pcu:948.00 scu:553.25 tlayer:2 pbqpoffset:2.02 pbfactor:1.26 avgQpOffsetCutree:-2.87;
in:130 out:132 type:B q:15.26 q-aq:14.01 q-noVbv:15.26 q-Rceq:1.08 tex:21292 mv:5592 misc:2332 icu:19.25 pcu:812.50 scu:728.25 tlayer:3 pbqpoffset:2.85 pbfactor:1.39 avgQpOffsetCutree:-1.49;
in:129 out:133 type:b q:18.25 q-aq:18.00 q-noVbv:18.25 q-Rceq:1.08 tex:3130 mv:1413 misc:1201 icu:0.00 pcu:629.00 scu:931.00 tlayer:4 pbqpoffset:5.80 pbfactor:1.96 avgQpOffsetCutree:0.00;
in:131 out:134 type:b q:18.18 q-aq:18.00 q-noVbv:18.18 q-Rceq:1.08 tex:5404 mv:1662 misc:1558 icu:0.25 pcu:516.75 scu:1043.00 tlayer:4 pbqpoffset:5.80 pbfactor:1.95 avgQpOffsetCutree:0.00;
in:134 out:135 type:B q:14.62 q-aq:13.39 q-noVbv:14.62 q-Rceq:1.08 tex:35875 mv:8177 misc:2596 icu:20.75 pcu:1089.00 scu:450.25 tlayer:3 pbqpoffset:2.34 pbfactor:1.31 avgQpOffsetCutree:-1.42;
in:133 out:136 type:b q:18.11 q-aq:18.00 q-noVbv:18.11 q-Rceq:1.08 tex:6686 mv:1882 misc:1504 icu:0.00 pcu:522.00 scu:1038.00 tlayer:4 pbqpoffset:5.80 pbfactor:1.95 avgQpOffsetCutree:0.00;
in:135 out:137 type:b q:17.94 q-aq:18.00 q-noVbv:17.94 q-Rceq:1.08 tex:1200 mv:1191 misc:841 icu:0.00 pcu:327.00 scu:1233.00 tlayer:4 pbqpoffset:5.70 pbfactor:1.93 avgQpOffsetCutree:0.00;
in:140 out:138 type:B q:13.80 q-aq:10.66 q-noVbv:13.80 q-Rceq:1.08 tex:78284 mv:12922 misc:3250 icu:121.00 pcu:898.00 scu:541.00 tlayer:2 pbqpoffset:1.72 pbfactor:1.22 avgQpOffsetCutree:-2.90;
in:138 out:139 type:B q:14.81 q-aq:13.32 q-noVbv:14.81 q-Rceq:1.08 tex:33946 mv:6974 misc:2552 icu:6.50 pcu:878.50 scu:675.00 tlayer:3 pbqpoffset:2.66 pbfactor:1.36 avgQpOffsetCutree:-1.54;
in:137 out:140 type:b q:16.81 q-aq:17.00 q-noVbv:16.81 q-Rceq:1.08 tex:3249 mv:2524 misc:1243 icu:0.00 pcu:626.25 scu:933.75 tlayer:4 pbqpoffset:4.63 pbfactor:1.71 avgQpOffsetCutree:0.00;
in:139 out:141 type:b q:16.47 q-aq:16.00 q-noVbv:16.47 q-Rceq:1.08 tex:7064 mv:3492 misc:1308 icu:1.25 pcu:729.00 scu:829.75 tlayer:4 pbqpoffset:4.36 pbfactor:1.65 avgQpOffsetCutree:0.00;
in:142 out:142 type:B q:14.29 q-aq:13.05 q-noVbv:14.29 q-Rceq:1.08 tex:42951 mv:8926 misc:2787 icu:12.25 pcu:1043.75 scu:504.00 tlayer:3 pbqpoffset:2.28 pbfactor:1.30 avgQpOffsetCutree:-1.42;
in:141 out:143 type:b q:16.30 q-aq:16.00 q-noVbv:16.30 q-Rceq:1.08 tex:7761 mv:3100 misc:1307 icu:0.00 pcu:708.75 scu:851.25 tlayer:4 pbqpoffset:4.25 pbfactor:1.63 avgQpOffsetCutree:0.00;
in:143 out:144 type:b q:16.52 q-aq:16.25 q-noVbv:16.52 q-Rceq:1.08 tex:2778 mv:1998 misc:1152 icu:0.25 pcu:552.50 scu:1007.25 tlayer:4 pbqpoffset:4.54 pbfactor:1.69 avgQpOffsetCutree:0.00;
in:160 out:145 type:k q:13.07 q-aq:7.64 q-noVbv:13.07 q-Rceq:1.08 tex:528123 mv:45931 misc:2474 icu:1466.75 pcu:92.00 scu:1.25 tlayer:0 pbqpoffset:-0.74 pbfactor:0.92 avgQpOffsetCutree:-5.81;
in:152 out:146 type:B q:13.57 q-aq:9.62 q-noVbv:13.57 q-Rceq:1.08 tex:306575 mv:35789 misc:2948 icu:769.00 pcu:727.75 scu:63.25 tlayer:1 pbqpoffset:1.06 pbfactor:1.13 avgQpOffsetCutree:-3.96;
in:148 out:147 type:B q:14.86 q-aq:11.58 q-noVbv:14.86 q-Rceq:1.08 tex:55802 mv:9496 misc:3118 icu:39.75 pcu:865.00 scu:655.25 tlayer:2 pbqpoffset:2.63 pbfactor:1.36 avgQpOffsetCutree:-2.89;
in:146 out:148 type:B q:15.02 q-aq:13.67 q-noVbv:15.02 q-Rceq:1.08 tex:25629 mv:6645 misc:2742 icu:13.25 pcu:916.25 scu:630.50 tlayer:3 pbqpoffset:2.93 pbfactor:1.40 avgQpOffsetCutree:-1.45;
in:145 out:149 type:b q:17.90 q-aq:18.00 q-noVbv:17.90 q-Rceq:1.08 tex:9376 mv:2096 misc:1488 icu:4.00 pcu:574.75 scu:981.25 tlayer:4 pbqpoffset:5.89 pbfactor:1.97 avgQpOffsetCutree:0.00;
in:147 out:150 type:b q:18.05 q-aq:18.00 q-noVbv:18.05 q-Rceq:1.08 tex:9326 mv:2500 misc:1558 icu:0.25 pcu:621.25 scu:938.50 tlayer:4 pbqpoffset:5.89 pbfactor:1.97 avgQpOffsetCutree:0.00;
in:150 out:151 type:B q:15.30 q-aq:13.94 q-noVbv:15.30 q-Rceq:1.08 tex:31407 mv:7296 misc:2673 icu:2.75 pcu:854.25 scu:703.00 tlayer:3 pbqpoffset:2.93 pbfactor:1.40 avgQpOffsetCutree:-1.49;
in:149 out:152 type:b q:18.20 q-aq:18.00 q-noVbv:18.20 q-Rceq:1.08 tex:5656 mv:2051 misc:1565 icu:0.00 pcu:678.00 scu:882.00 tlayer:4 pbqpoffset:5.90 pbfactor:1.98 avgQpOffsetCutree:0.00;
in:151 out:153 type:b q:18.34 q-aq:18.00 q-noVbv:18.34 q-Rceq:1.08 tex:547 mv:1366 misc:927 icu:0.00 pcu:449.25 scu:1110.75 tlayer:4 pbqpoffset:5.90 pbfactor:1.98 avgQpOffsetCutree:0.00;
in:156 out:154 type:B q:15.15 q-aq:12.23 q-noVbv:15.15 q-Rceq:1.08 tex:74104 mv:9097 misc:3567 icu:86.50 pcu:959.75 scu:513.75 tlayer:2 pbqpoffset:2.36 pbfactor:1.31 avgQpOffsetCutree:-2.80;
in:154 out:155 type:B q:15.58 q-aq:14.59 q-noVbv:15.58 q-Rceq:1.08 tex:28031 mv:7018 misc:3047 icu:8.75 pcu:811.00 scu:740.25 tlayer:3 pbqpoffset:2.93 pbfactor:1.40 avgQpOffsetCutree:-1.37;
in:153 out:156 type:b q:18.47 q-aq:18.02 q-noVbv:18.47 q-Rceq:1.08 tex:6977 mv:1925 misc:1706 icu:0.00 pcu:495.25 scu:1064.75 tlayer:4 pbqpoffset:5.89 pbfactor:1.97 avgQpOffsetCutree:0.00;
in:155 out:157 type:b q:18.62 q-aq:18.88 q-noVbv:18.62 q-Rceq:1.08 tex:612 mv:1360 misc:868 icu:0.00 pcu:478.75 scu:1081.25 tlayer:4 pbqpoffset:5.90 pbfactor:1.98 avgQpOffsetCutree:0.00;
in:158 out:158 type:B q:15.86 q-aq:14.61 q-noVbv:15.86 q-Rceq:1.08 tex:37201 mv:7533 misc:3002 icu:22.00 pcu:877.00 scu:661.00 tlayer:3 pbqpoffset:2.93 pbfactor:1.40 avgQpOffsetCutree:-1.39;
in:157 out:159 type:b q:18.75 q-aq:19.00 q-noVbv:18.75 q-Rceq:1.08 tex:2929 mv:1433 misc:1494 icu:0.00 pcu:339.25 scu:1220.75 tlayer:4 pbqpoffset:5.89 pbfactor:1.97 avgQpOffsetCutree:0.00;
in:159 out:160 type:b q:18.90 q-aq:19.00 q-noVbv:18.90 q-Rceq:1.08 tex:8569 mv:1649 misc:1542 icu:0.25 pcu:446.50 scu:1113.25 tlayer:4 pbqpoffset:5.89 pbfactor:1.98 avgQpOffsetCutree:0.00;
in:176 out:161 type:k q:12.64 q-aq:7.17 q-noVbv:12.64 q-Rceq:1.08 tex:547545 mv:47687 misc:2616 icu:1098.75 pcu:453.25 scu:8.00 tlayer:0 pbqpoffset:-0.60 pbfactor:0.93 avgQpOffsetCutree:-5.77;
in:168 out:162 type:B q:14.01 q-aq:9.95 q-noVbv:14.01 q-Rceq:1.08 tex:238587 mv:33078 misc:3791 icu:449.50 pcu:987.25 scu:123.25 tlayer:1 pbqpoffset:1.15 pbfactor:1.14 avgQpOffsetCutree:-4.00;
in:164 out:163 type:B q:15.05 q-aq:12.04 q-noVbv:15.05 q-Rceq:1.08 tex:59444 mv:9737 misc:3395 icu:81.00 pcu:890.25 scu:588.75 tlayer:2 pbqpoffset:2.08 pbfactor:1.27 avgQpOffsetCutree:-2.79;
in:162 out:164 type:B q:16.02 q-aq:14.92 q-noVbv:16.02 q-Rceq:1.08 tex:17756 mv:4995 misc:2425 icu:4.50 pcu:661.75 scu:893.75 tlayer:3 pbqpoffset:3.00 pbfactor:1.41 avgQpOffsetCutree:-1.31;
in:161 out:165 type:b q:19.01 q-aq:19.00 q-noVbv:19.01 q-Rceq:1.08 tex:1116 mv:1187 misc:753 icu:0.00 pcu:277.25 scu:1282.75 tlayer:4 pbqpoffset:5.97 pbfactor:1.99 avgQpOffsetCutree:0.00;
in:163 out:166 type:b q:18.95 q-aq:19.00 q-noVbv:18.95 q-Rceq:1.08 tex:4553 mv:1922 misc:1397 icu:0.00 pcu:547.50 scu:1012.50 tlayer:4 pbqpoffset:5.96 pbfactor:1.99 avgQpOffsetCutree:0.00;
in:166 out:167 type:B q:15.58 q-aq:14.41 q-noVbv:15.58 q-Rceq:1.08 tex:45811 mv:8892 misc:3033 icu:20.25 pcu:950.00 scu:589.75 tlayer:3 pbqpoffset:2.66 pbfactor:1.36 avgQpOffsetCutree:-1.44;
in:165 out:168 type:b q:18.90 q-aq:19.00 q-noVbv:18.90 q-Rceq:1.08 tex:242 mv:933 misc:697 icu:0.00 pcu:277.25 scu:1282.75 tlayer:4 pbqpoffset:5.96 pbfactor:1.99 avgQpOffsetCutree:0.00;
in:167 out:169 type:b q:18.85 q-aq:19.00 q-noVbv:18.85 q-Rceq:1.08 tex:5444 mv:1351 misc:1269 icu:0.00 pcu:473.75 scu:1086.25 tlayer:4 pbqpoffset:5.97 pbfactor:1.99 avgQpOffsetCutree:0.00;
in:172 out:170 type:B q:14.76 q-aq:11.67 q-noVbv:14.76 q-Rceq:1.08 tex:69496 mv:11625 misc:3671 icu:75.25 pcu:880.00 scu:604.75 tlayer:2 pbqpoffset:2.01 pbfactor:1.26 avgQpOffsetCutree:-2.81;
in:170 out:171 type:B q:15.37 q-aq:14.19 q-noVbv:15.37 q-Rceq:1.08 tex:38039 mv:7954 misc:2839 icu:12.75 pcu:888.50 scu:658.75 tlayer:3 pbqpoffset:2.56 pbfactor:1.34 avgQpOffsetCutree:-1.41;
in:169 out:172 type:b q:18.80 q-aq:19.00 q-noVbv:18.80 q-Rceq:1.08 tex:823 mv:1178 misc:855 icu:0.00 pcu:335.50 scu:1224.50 tlayer:4 pbqpoffset:5.97 pbfactor:1.99 avgQpOffsetCutree:0.00;
in:171 out:173 type:b q:18.74 q-aq:19.00 q-noVbv:18.74 q-Rceq:1.08 tex:5069 mv:1509 misc:1430 icu:1.00 pcu:473.50 scu:1085.50 tlayer:4 pbqpoffset:5.96 pbfactor:1.99 avgQpOffsetCutree:0.00;
in:174 out:174 type:B q:15.20 q-aq:13.94 q-noVbv:15.20 q-Rceq:1.08 tex:41462 mv:7828 misc:2686 icu:8.50 pcu:912.50 scu:639.00 tlayer:3 pbqpoffset:2.50 pbfactor:1.33 avgQpOffsetCutree:-1.52;
in:173 out:175 type:b q:18.69 q-aq:19.00 q-noVbv:18.69 q-Rceq:1.08 tex:7499 mv:2415 misc:1654 icu:0.00 pcu:405.00 scu:1155.00 tlayer:4 pbqpoffset:5.97 pbfactor:1.99 avgQpOffsetCutree:0.00;
in:175 out:176 type:b q:18.64 q-aq:19.00 q-noVbv:18.64 q-Rceq:1.08 tex:736 mv:1093 misc:771 icu:0.00 pcu:293.75 scu:1266.25 tlayer:4 pbqpoffset:5.96 pbfactor:1.99 avgQpOffsetCutree:0.00;
in:192 out:177 type:k q:13.51 q-aq:8.36 q-noVbv:13.51 q-Rceq:1.08 tex:542681 mv:45338 misc:2453 icu:1471.00 pcu:89.00 scu:0.00 tlayer:0 pbqpoffset:-0.60 pbfactor:0.93 avgQpOffsetCutree:-5.74;
in:184 out:178 type:B q:14.33 q-aq:10.50 q-noVbv:14.33 q-Rceq:1.08 tex:299557 mv:32183 misc:3052 icu:707.00 pcu:812.25 scu:40.75 tlayer:1 pbqpoffset:1.25 pbfactor:1.16 avgQpOffsetCutree:-3.89;
in:180 out:179 type:B q:15.56 q-aq:12.68 q-noVbv:15.56 q-Rceq:1.08 tex:60974 mv:10213 misc:3461 icu:57.00 pcu:827.00 scu:676.00 tlayer:2 pbqpoffset:2.70 pbfactor:1.37 avgQpOffsetCutree:-2.78;
in:178 out:180 type:B q:15.84 q-aq:14.62 q-noVbv:15.84 q-Rceq:1.08 tex:35600 mv:7717 misc:3027 icu:19.00 pcu:852.00 scu:689.00 tlayer:3 pbqpoffset:3.09 pbfactor:1.43 avgQpOffsetCutree:-1.44;
in:177 out:181 type:b q:18.73 q-aq:19.00 q-noVbv:18.73 q-Rceq:1.08 tex:4341 mv:1966 misc:1461 icu:0.50 pcu:457.25 scu:1102.25 tlayer:4 pbqpoffset:6.03 pbfactor:2.01 avgQpOffsetCutree:0.00;
in:179 out:182 type:b q:18.84 q-aq:19.00 q-noVbv:18.84 q-Rceq:1.08 tex:2188 mv:1612 misc:1040 icu:0.00 pcu:333.75 scu:1226.25 tlayer:4 pbqpoffset:6.03 pbfactor:2.01 avgQpOffsetCutree:0.00;
in:182 out:183 type:B q:16.06 q-aq:14.68 q-noVbv:16.06 q-Rceq:1.08 tex:38567 mv:7774 misc:2987 icu:5.25 pcu:902.75 scu:652.00 tlayer:3 pbqpoffset:3.09 pbfactor:1.43 avgQpOffsetCutree:-1.35;
in:181 out:184 type:b q:18.96 q-aq:19.00 q-noVbv:18.96 q-Rceq:1.08 tex:2530 mv:1609 misc:997 icu:8.00 pcu:496.50 scu:1055.50 tlayer:4 pbqpoffset:6.04 pbfactor:2.01 avgQpOffsetCutree:0.00;
in:183 out:185 type:b q:19.07 q-aq:19.00 q-noVbv:19.07 q-Rceq:1.08 tex:3373 mv:1939 misc:1352 icu:0.00 pcu:486.25 scu:1073.75 tlayer:4 pbqpoffset:6.04 pbfactor:2.01 avgQpOffsetCutree:0.00;
in:188 out:186 type:B q:15.89 q-aq:13.11 q-noVbv:15.89 q-Rceq:1.08 tex:89843 mv:12422 misc:3975 icu:203.75 pcu:1056.25 scu:300.00 tlayer:2 pbqpoffset:2.59 pbfactor:1.35 avgQpOffsetCutree:-2.70;
in:186 out:187 type:B q:16.28 q-aq:15.11 q-noVbv:16.28 q-Rceq:1.08 tex:36421 mv:6824 misc:3387 icu:10.00 pcu:733.25 scu:816.75 tlayer:3 pbqpoffset:3.09 pbfactor:1.43 avgQpOffsetCutree:-1.44;
in:185 out:188 type:b q:19.18 q-aq:19.00 q-noVbv:19.18 q-Rceq:1.08 tex:2408 mv:1738 misc:974 icu:0.00 pcu:369.50 scu:1190.50 tlayer:4 pbqpoffset:6.05 pbfactor:2.01 avgQpOffsetCutree:0.00;
in:187 out:189 type:b q:19.28 q-aq:19.00 q-noVbv:19.28 q-Rceq:1.08 tex:5998 mv:1879 misc:1627 icu:0.00 pcu:559.00 scu:1001.00 tlayer:4 pbqpoffset:6.04 pbfactor:2.01 avgQpOffsetCutree:0.00;
in:190 out:190 type:B q:16.49 q-aq:15.22 q-noVbv:16.49 q-Rceq:1.08 tex:32225 mv:6350 misc:3009 icu:22.75 pcu:817.75 scu:719.50 tlayer:3 pbqpoffset:3.09 pbfactor:1.43 avgQpOffsetCutree:-1.43;
in:189 out:191 type:b q:19.14 q-aq:19.00 q-noVbv:19.14 q-Rceq:1.08 tex:7662 mv:2523 misc:1719 icu:4.00 pcu:591.00 scu:965.00 tlayer:4 pbqpoffset:5.79 pbfactor:1.95 avgQpOffsetCutree:0.00;
in:191 out:192 type:b q:19.50 q-aq:19.00 q-noVbv:19.50 q-Rceq:1.08 tex:3629 mv:1486 misc:1397 icu:4.00 pcu:506.75 scu:1049.25 tlayer:4 pbqpoffset:6.04 pbfactor:2.01 avgQpOffsetCutree:0.00;
in:208 out:193 type:k q:13.49 q-aq:8.36 q-noVbv:13.49 q-Rceq:1.08 tex:514593 mv:46699 misc:2628 icu:1152.00 pcu:406.50 scu:1.50 tlayer:0 pbqpoffset:-0.28 pbfactor:0.97 avgQpOffsetCutree:-5.56;
in:200 out:194 type:B q:14.79 q-aq:10.73 q-noVbv:14.79 q-Rceq:1.08 tex:248370 mv:35272 misc:3486 icu:522.25 pcu:940.50 scu:97.25 tlayer:1 pbqpoffset:1.29 pbfactor:1.16 avgQpOffsetCutree:-4.00;
in:196 out:195 type:B q:15.65 q-aq:12.82 q-noVbv:15.65 q-Rceq:1.08 tex:62029 mv:11180 misc:3799 icu:98.75 pcu:953.50 scu:507.75 tlayer:2 pbqpoffset:2.15 pbfactor:1.28 avgQpOffsetCutree:-2.74;
in:194 out:196 type:B q:16.14 q-aq:15.07 q-noVbv:16.14 q-Rceq:1.08 tex:22812 mv:6242 misc:2802 icu:16.50 pcu:763.75 scu:779.75 tlayer:3 pbqpoffset:2.63 pbfactor:1.35 avgQpOffsetCutree:-1.39;
in:193 out:197 type:b q:19.62 q-aq:19.98 q-noVbv:19.62 q-Rceq:1.08 tex:8456 mv:2194 misc:1526 icu:4.25 pcu:628.25 scu:927.50 tlayer:4 pbqpoffset:6.11 pbfactor:2.02 avgQpOffsetCutree:0.00;
in:195 out:198 type:b q:18.55 q-aq:18.26 q-noVbv:18.55 q-Rceq:1.08 tex:7901 mv:2734 misc:1541 icu:4.00 pcu:682.50 scu:873.50 tlayer:4 pbqpoffset:5.05 pbfactor:1.79 avgQpOffsetCutree:0.00;
in:198 out:199 type:B q:16.47 q-aq:15.47 q-noVbv:16.47 q-Rceq:1.08 tex:36560 mv:7130 misc:2806 icu:19.25 pcu:790.25 scu:750.50 tlayer:3 pbqpoffset:2.97 pbfactor:1.41 avgQpOffsetCutree:-1.34;
in:197 out:200 type:b q:19.61 q-aq:19.99 q-noVbv:19.61 q-Rceq:1.08 tex:4596 mv:1944 misc:1660 icu:0.00 pcu:542.50 scu:1017.50 tlayer:4 pbqpoffset:6.11 pbfactor:2.02 avgQpOffsetCutree:0.00;
in:199 out:201 type:b q:18.73 q-aq:19.00 q-noVbv:18.73 q-Rceq:1.08 tex:6855 mv:1938 misc:1455 icu:5.00 pcu:678.00 scu:877.00 tlayer:4 pbqpoffset:5.23 pbfactor:1.83 avgQpOffsetCutree:0.00;
in:204 out:202 type:B q:15.87 q-aq:13.05 q-noVbv:15.87 q-Rceq:1.08 tex:67413 mv:10355 misc:3512 icu:61.00 pcu:826.00 scu:673.00 tlayer:2 pbqpoffset:2.38 pbfactor:1.32 avgQpOffsetCutree:-2.71;
in:202 out:203 type:B q:16.01 q-aq:15.02 q-noVbv:16.01 q-Rceq:1.08 tex:38809 mv:9004 misc:3283 icu:24.25 pcu:865.25 scu:670.50 tlayer:3 pbqpoffset:2.51 pbfactor:1.34 avgQpOffsetCutree:-1.42;
in:201 out:204 type:b q:19.59 q-aq:19.82 q-noVbv:19.59 q-Rceq:1.08 tex:3059 mv:1390 misc:1527 icu:0.25 pcu:459.25 scu:1100.50 tlayer:4 pbqpoffset:6.09 pbfactor:2.02 avgQpOffsetCutree:0.00;
in:203 out:205 type:b q:19.35 q-aq:19.12 q-noVbv:19.35 q-Rceq:1.08 tex:7719 mv:2899 misc:1966 icu:8.00 pcu:598.50 scu:953.50 tlayer:4 pbqpoffset:5.86 pbfactor:1.97 avgQpOffsetCutree:0.00;
in:206 out:206 type:B q:16.59 q-aq:15.37 q-noVbv:16.59 q-Rceq:1.08 tex:34354 mv:6441 misc:2485 icu:10.00 pcu:855.75 scu:694.25 tlayer:3 pbqpoffset:3.10 pbfactor:1.43 avgQpOffsetCutree:-1.45;
in:205 out:207 type:b q:19.59 q-aq:19.89 q-noVbv:19.59 q-Rceq:1.08 tex:5929 mv:2370 misc:1629 icu:0.00 pcu:467.75 scu:1092.25 tlayer:4 pbqpoffset:6.10 pbfactor:2.02 avgQpOffsetCutree:0.00;
in:207 out:208 type:b q:19.58 q-aq:19.86 q-noVbv:19.58 q-Rceq:1.08 tex:3342 mv:1647 misc:1475 icu:4.00 pcu:471.00 scu:1085.00 tlayer:4 pbqpoffset:6.10 pbfactor:2.02 avgQpOffsetCutree:0.00;
in:224 out:209 type:k q:14.13 q-aq:9.20 q-noVbv:14.13 q-Rceq:1.08 tex:515182 mv:41378 misc:2384 icu:1464.25 pcu:95.75 scu:0.00 tlayer:0 pbqpoffset:-0.35 pbfactor:0.96 avgQpOffsetCutree:-5.46;
in:216 out:210 type:B q:15.13 q-aq:11.50 q-noVbv:15.13 q-Rceq:1.08 tex:288365 mv:32819 misc:2984 icu:696.25 pcu:818.00 scu:45.75 tlayer:1 pbqpoffset:1.33 pbfactor:1.17 avgQpOffsetCutree:-3.72;
in:212 out:211 type:B q:16.29 q-aq:13.45 q-noVbv:16.29 q-Rceq:1.08 tex:75765 mv:12547 misc:3952 icu:88.25 pcu:1161.25 scu:310.50 tlayer:2 pbqpoffset:2.64 pbfactor:1.36 avgQpOffsetCutree:-2.73;
in:210 out:212 type:B q:16.76 q-aq:15.49 q-noVbv:16.76 q-Rceq:1.08 tex:29779 mv:5854 misc:2871 icu:6.00 pcu:740.50 scu:813.50 tlayer:3 pbqpoffset:3.19 pbfactor:1.45 avgQpOffsetCutree:-1.43;
in:209 out:213 type:b q:19.68 q-aq:20.00 q-noVbv:19.68 q-Rceq:1.08 tex:4250 mv:2080 misc:1382 icu:4.00 pcu:502.00 scu:1054.00 tlayer:4 pbqpoffset:6.15 pbfactor:2.04 avgQpOffsetCutree:0.00;
in:211 out:214 type:b q:19.76 q-aq:20.00 q-noVbv:19.76 q-Rceq:1.08 tex:5171 mv:1801 misc:1420 icu:0.00 pcu:579.00 scu:981.00 tlayer:4 pbqpoffset:6.15 pbfactor:2.04 avgQpOffsetCutree:0.00;
in:214 out:215 type:B q:16.86 q-aq:15.66 q-noVbv:16.86 q-Rceq:1.08 tex:28546 mv:6620 misc:2818 icu:4.00 pcu:825.00 scu:731.00 tlayer:3 pbqpoffset:3.14 pbfactor:1.44 avgQpOffsetCutree:-1.43;
in:213 out:216 type:b q:19.83 q-aq:20.00 q-noVbv:19.83 q-Rceq:1.08 tex:5155 mv:1844 misc:1761 icu:4.00 pcu:554.50 scu:1001.50 tlayer:4 pbqpoffset:6.14 pbfactor:2.03 avgQpOffsetCutree:0.00;
in:215 out:217 type:b q:19.93 q-aq:20.00 q-noVbv:19.93 q-Rceq:1.08 tex:3901 mv:1572 misc:1335 icu:8.00 pcu:534.50 scu:1017.50 tlayer:4 pbqpoffset:6.17 pbfactor:2.04 avgQpOffsetCutree:0.00;
in:220 out:218 type:B q:16.34 q-aq:13.74 q-noVbv:16.34 q-Rceq:1.08 tex:80843 mv:11676 misc:4273 icu:216.50 pcu:1021.75 scu:321.75 tlayer:2 pbqpoffset:2.38 pbfactor:1.32 avgQpOffsetCutree:-2.63;
in:218 out:219 type:B q:17.08 q-aq:15.95 q-noVbv:17.08 q-Rceq:1.08 tex:36084 mv:6589 misc:2855 icu:23.75 pcu:789.25 scu:747.00 tlayer:3 pbqpoffset:3.19 pbfactor:1.45 avgQpOffsetCutree:-1.40;
in:217 out:220 type:b q:19.99 q-aq:20.00 q-noVbv:19.99 q-Rceq:1.08 tex:5367 mv:1829 misc:1628 icu:12.00 pcu:580.25 scu:967.75 tlayer:4 pbqpoffset:6.15 pbfactor:2.03 avgQpOffsetCutree:0.00;
in:219 out:221 type:b q:19.66 q-aq:20.00 q-noVbv:19.66 q-Rceq:1.08 tex:8601 mv:2545 misc:1438 icu:4.00 pcu:666.75 scu:889.25 tlayer:4 pbqpoffset:5.73 pbfactor:1.94 avgQpOffsetCutree:0.00;
in:222 out:222 type:B q:17.07 q-aq:16.29 q-noVbv:17.07 q-Rceq:1.08 tex:35324 mv:6290 misc:3426 icu:23.00 pcu:820.50 scu:716.50 tlayer:3 pbqpoffset:3.03 pbfactor:1.42 avgQpOffsetCutree:-1.33;
in:221 out:223 type:b q:20.16 q-aq:20.01 q-noVbv:20.16 q-Rceq:1.08 tex:9184 mv:2559 misc:1657 icu:4.00 pcu:618.25 scu:937.75 tlayer:4 pbqpoffset:6.16 pbfactor:2.04 avgQpOffsetCutree:0.00;
in:223 out:224 type:b q:20.22 q-aq:20.00 q-noVbv:20.22 q-Rceq:1.08 tex:2322 mv:1009 misc:1085 icu:4.00 pcu:562.00 scu:994.00 tlayer:4 pbqpoffset:6.14 pbfactor:2.03 avgQpOffsetCutree:0.00;
in:240 out:225 type:k q:13.93 q-aq:9.40 q-noVbv:13.93 q-Rceq:1.08 tex:497193 mv:43915 misc:2596 icu:1096.25 pcu:446.25 scu:17.50 tlayer:0 pbqpoffset:-0.10 pbfactor:0.99 avgQpOffsetCutree:-5.14;
in:232 out:226 type:B q:15.40 q-aq:11.64 q-noVbv:15.40 q-Rceq:1.08 tex:236865 mv:29395 misc:3156 icu:524.25 pcu:960.50 scu:75.25 tlayer:1 pbqpoffset:1.38 pbfactor:1.17 avgQpOffsetCutree:-3.78;
in:228 out:227 type:B q:16.50 q-aq:13.75 q-noVbv:16.50 q-Rceq:1.08 tex:56532 mv:8556 misc:3864 icu:113.25 pcu:801.25 scu:645.50 tlayer:2 pbqpoffset:2.43 pbfactor:1.32 avgQpOffsetCutree:-2.64;
in:226 out:228 type:B q:16.76 q-aq:15.80 q-noVbv:16.76 q-Rceq:1.08 tex:22159 mv:6125 misc:2484 icu:21.00 pcu:801.75 scu:737.25 tlayer:3 pbqpoffset:2.66 pbfactor:1.36 avgQpOffsetCutree:-1.36;
in:225 out:229 type:b q:19.92 q-aq:20.00 q-noVbv:19.92 q-Rceq:1.08 tex:4990 mv:1776 misc:1178 icu:12.00 pcu:489.50 scu:1058.50 tlayer:4 pbqpoffset:5.80 pbfactor:1.96 avgQpOffsetCutree:0.00;
in:227 out:230 type:b q:20.28 q-aq:20.00 q-noVbv:20.28 q-Rceq:1.08 tex:1122 mv:1759 misc:935 icu:12.00 pcu:482.75 scu:1065.25 tlayer:4 pbqpoffset:6.19 pbfactor:2.04 avgQpOffsetCutree:0.00;
in:230 out:231 type:B q:16.72 q-aq:15.97 q-noVbv:16.72 q-Rceq:1.08 tex:37501 mv:7816 misc:2907 icu:42.50 pcu:797.75 scu:719.75 tlayer:3 pbqpoffset:2.67 pbfactor:1.36 avgQpOffsetCutree:-1.32;
in:229 out:232 type:b q:20.25 q-aq:20.13 q-noVbv:20.25 q-Rceq:1.08 tex:4236 mv:1957 misc:1407 icu:0.00 pcu:522.50 scu:1037.50 tlayer:4 pbqpoffset:6.19 pbfactor:2.04 avgQpOffsetCutree:0.00;
in:231 out:233 type:b q:20.23 q-aq:20.00 q-noVbv:20.23 q-Rceq:1.08 tex:5502 mv:2038 misc:1388 icu:28.00 pcu:486.25 scu:1045.75 tlayer:4 pbqpoffset:6.19 pbfactor:2.04 avgQpOffsetCutree:0.00;
in:236 out:234 type:B q:16.14 q-aq:13.49 q-noVbv:16.14 q-Rceq:1.08 tex:68054 mv:12279 misc:3651 icu:159.00 pcu:1108.00 scu:293.00 tlayer:2 pbqpoffset:2.16 pbfactor:1.28 avgQpOffsetCutree:-2.63;
in:234 out:235 type:B q:17.02 q-aq:16.04 q-noVbv:17.02 q-Rceq:1.08 tex:35498 mv:6191 misc:2743 icu:31.00 pcu:718.00 scu:811.00 tlayer:3 pbqpoffset:3.02 pbfactor:1.42 avgQpOffsetCutree:-1.23;
in:233 out:236 type:b q:20.20 q-aq:20.00 q-noVbv:20.20 q-Rceq:1.08 tex:5639 mv:1823 misc:1410 icu:26.00 pcu:496.00 scu:1038.00 tlayer:4 pbqpoffset:6.18 pbfactor:2.04 avgQpOffsetCutree:0.00;
in:235 out:237 type:b q:19.76 q-aq:20.00 q-noVbv:19.76 q-Rceq:1.08 tex:4223 mv:2315 misc:1374 icu:12.00 pcu:623.75 scu:924.25 tlayer:4 pbqpoffset:5.77 pbfactor:1.95 avgQpOffsetCutree:0.00;
in:238 out:238 type:B q:17.07 q-aq:15.99 q-noVbv:17.07 q-Rceq:1.08 tex:34141 mv:5620 misc:2671 icu:47.50 pcu:758.25 scu:754.25 tlayer:3 pbqpoffset:3.12 pbfactor:1.43 avgQpOffsetCutree:-1.33;
in:237 out:239 type:b q:20.14 q-aq:20.00 q-noVbv:20.14 q-Rceq:1.08 tex:4177 mv:1755 misc:1540 icu:16.00 pcu:465.25 scu:1078.75 tlayer:4 pbqpoffset:6.17 pbfactor:2.04 avgQpOffsetCutree:0.00;
in:239 out:240 type:b q:20.12 q-aq:20.00 q-noVbv:20.12 q-Rceq:1.08 tex:7985 mv:1719 misc:1456 icu:12.00 pcu:573.50 scu:974.50 tlayer:4 pbqpoffset:6.18 pbfactor:2.04 avgQpOffsetCutree:0.00;
in:256 out:241 type:k q:15.02 q-aq:10.53 q-noVbv:15.02 q-Rceq:1.08 tex:493006 mv:40040 misc:2394 icu:1468.25 pcu:91.75 scu:0.00 tlayer:0 pbqpoffset:-0.20 pbfactor:0.98 avgQpOffsetCutree:-5.25;
in:248 out:242 type:B q:15.90 q-aq:12.58 q-noVbv:15.90 q-Rceq:1.08 tex:265011 mv:29564 misc:2857 icu:761.75 pcu:748.00 scu:50.25 tlayer:1 pbqpoffset:1.43 pbfactor:1.18 avgQpOffsetCutree:-3.58;
in:244 out:243 type:B q:17.05 q-aq:14.52 q-noVbv:17.05 q-Rceq:1.08 tex:63649 mv:8683 misc:3980 icu:108.75 pcu:798.00 scu:653.25 tlayer:2 pbqpoffset:2.85 pbfactor:1.39 avgQpOffsetCutree:-2.54;
in:242 out:244 type:B q:17.36 q-aq:16.50 q-noVbv:17.36 q-Rceq:1.08 tex:27129 mv:5244 misc:2443 icu:32.25 pcu:659.75 scu:868.00 tlayer:3 pbqpoffset:3.29 pbfactor:1.46 avgQpOffsetCutree:-1.30;
in:241 out:245 type:b q:20.24 q-aq:20.00 q-noVbv:20.24 q-Rceq:1.08 tex:7711 mv:2246 misc:1619 icu:8.00 pcu:520.75 scu:1031.25 tlayer:4 pbqpoffset:6.24 pbfactor:2.06 avgQpOffsetCutree:0.00;
in:243 out:246 type:b q:20.36 q-aq:20.00 q-noVbv:20.36 q-Rceq:1.08 tex:2822 mv:1748 misc:1278 icu:8.00 pcu:659.00 scu:893.00 tlayer:4 pbqpoffset:6.22 pbfactor:2.05 avgQpOffsetCutree:0.00;
in:246 out:247 type:B q:17.63 q-aq:16.69 q-noVbv:17.63 q-Rceq:1.08 tex:37087 mv:5907 misc:2838 icu:27.75 pcu:752.50 scu:779.75 tlayer:3 pbqpoffset:3.29 pbfactor:1.46 avgQpOffsetCutree:-1.24;
in:245 out:248 type:b q:20.50 q-aq:20.30 q-noVbv:20.50 q-Rceq:1.08 tex:4781 mv:2147 misc:1720 icu:4.00 pcu:781.50 scu:774.50 tlayer:4 pbqpoffset:6.23 pbfactor:2.05 avgQpOffsetCutree:0.00;
in:247 out:249 type:b q:20.65 q-aq:21.00 q-noVbv:20.65 q-Rceq:1.08 tex:5604 mv:1471 misc:1341 icu:0.00 pcu:389.50 scu:1170.50 tlayer:4 pbqpoffset:6.24 pbfactor:2.06 avgQpOffsetCutree:0.00;
in:252 out:250 type:B q:17.19 q-aq:14.94 q-noVbv:17.19 q-Rceq:1.08 tex:83664 mv:9921 misc:3967 icu:216.00 pcu:807.50 scu:536.50 tlayer:2 pbqpoffset:2.44 pbfactor:1.33 avgQpOffsetCutree:-2.47;
in:250 out:251 type:B q:17.75 q-aq:16.92 q-noVbv:17.75 q-Rceq:1.08 tex:30582 mv:6764 misc:3022 icu:68.25 pcu:757.00 scu:734.75 tlayer:3 pbqpoffset:3.13 pbfactor:1.44 avgQpOffsetCutree:-1.26;
in:249 out:252 type:b q:20.79 q-aq:21.00 q-noVbv:20.79 q-Rceq:1.08 tex:851 mv:1076 misc:913 icu:4.00 pcu:396.50 scu:1159.50 tlayer:4 pbqpoffset:6.25 pbfactor:2.06 avgQpOffsetCutree:0.00;
in:251 out:253 type:b q:20.90 q-aq:21.01 q-noVbv:20.90 q-Rceq:1.08 tex:9392 mv:3233 misc:1655 icu:13.75 pcu:521.50 scu:1024.75 tlayer:4 pbqpoffset:6.22 pbfactor:2.05 avgQpOffsetCutree:0.00;
in:254 out:254 type:B q:18.13 q-aq:17.33 q-noVbv:18.13 q-Rceq:1.08 tex:28124 mv:5370 misc:2986 icu:39.75 pcu:788.00 scu:732.25 tlayer:3 pbqpoffset:3.25 pbfactor:1.46 avgQpOffsetCutree:-1.28;
in:253 out:255 type:b q:20.70 q-aq:21.00 q-noVbv:20.70 q-Rceq:1.08 tex:4056 mv:2653 misc:1523 icu:12.25 pcu:666.50 scu:881.25 tlayer:4 pbqpoffset:5.88 pbfactor:1.97 avgQpOffsetCutree:0.00;
in:255 out:256 type:b q:20.50 q-aq:20.27 q-noVbv:20.50 q-Rceq:1.08 tex:4668 mv:2010 misc:1386 icu:8.00 pcu:604.00 scu:948.00 tlayer:4 pbqpoffset:5.55 pbfactor:1.90 avgQpOffsetCutree:0.00;
in:272 out:257 type:k q:15.43 q-aq:10.98 q-noVbv:15.43 q-Rceq:1.08 tex:481621 mv:43614 misc:2453 icu:1131.00 pcu:425.00 scu:4.00 tlayer:0 pbqpoffset:0.05 pbfactor:1.01 avgQpOffsetCutree:-5.22;
in:264 out:258 type:B q:16.74 q-aq:13.58 q-noVbv:16.74 q-Rceq:1.08 tex:215209 mv:30163 misc:2972 icu:540.25 pcu:960.50 scu:59.25 tlayer:1 pbqpoffset:1.52 pbfactor:1.19 avgQpOffsetCutree:-3.52;
in:260 out:259 type:B q:17.52 q-aq:15.35 q-noVbv:17.52 q-Rceq:1.08 tex:65710 mv:9950 misc:4108 icu:122.25 pcu:683.75 scu:754.00 tlayer:2 pbqpoffset:2.40 pbfactor:1.32 avgQpOffsetCutree:-2.36;
in:258 out:260 type:B q:18.15 q-aq:17.34 q-noVbv:18.15 q-Rceq:1.08 tex:21010 mv:5553 misc:2469 icu:73.00 pcu:607.50 scu:879.50 tlayer:3 pbqpoffset:3.08 pbfactor:1.43 avgQpOffsetCutree:-1.29;
in:257 out:261 type:b q:21.39 q-aq:21.01 q-noVbv:21.39 q-Rceq:1.08 tex:4581 mv:1905 misc:1426 icu:32.00 pcu:536.75 scu:991.25 tlayer:4 pbqpoffset:6.34 pbfactor:2.08 avgQpOffsetCutree:0.00;
in:259 out:262 type:b q:21.45 q-aq:21.15 q-noVbv:21.45 q-Rceq:1.08 tex:7076 mv:2732 misc:1672 icu:23.00 pcu:686.00 scu:851.00 tlayer:4 pbqpoffset:6.35 pbfactor:2.08 avgQpOffsetCutree:0.00;
in:262 out:263 type:B q:18.24 q-aq:17.64 q-noVbv:18.24 q-Rceq:1.08 tex:31552 mv:5750 misc:2650 icu:57.75 pcu:632.00 scu:870.25 tlayer:3 pbqpoffset:3.07 pbfactor:1.43 avgQpOffsetCutree:-1.15;
in:261 out:264 type:b q:21.50 q-aq:21.23 q-noVbv:21.50 q-Rceq:1.08 tex:8028 mv:2925 misc:1559 icu:4.00 pcu:735.50 scu:820.50 tlayer:4 pbqpoffset:6.35 pbfactor:2.08 avgQpOffsetCutree:0.00;
in:263 out:265 type:b q:20.59 q-aq:20.91 q-noVbv:20.59 q-Rceq:1.08 tex:2669 mv:1904 misc:1267 icu:4.00 pcu:624.75 scu:931.25 tlayer:4 pbqpoffset:5.39 pbfactor:1.86 avgQpOffsetCutree:0.00;
in:268 out:266 type:B q:17.85 q-aq:15.73 q-noVbv:17.85 q-Rceq:1.08 tex:60898 mv:9425 misc:3925 icu:179.75 pcu:664.75 scu:715.50 tlayer:2 pbqpoffset:2.52 pbfactor:1.34 avgQpOffsetCutree:-2.40;
in:266 out:267 type:B q:18.48 q-aq:17.70 q-noVbv:18.48 q-Rceq:1.08 tex:21654 mv:6876 misc:2582 icu:31.25 pcu:741.00 scu:787.75 tlayer:3 pbqpoffset:3.21 pbfactor:1.45 avgQpOffsetCutree:-1.16;
in:265 out:268 type:b q:19.93 q-aq:20.00 q-noVbv:19.93 q-Rceq:1.08 tex:12384 mv:3608 misc:1624 icu:17.00 pcu:747.50 scu:795.50 tlayer:4 pbqpoffset:4.68 pbfactor:1.72 avgQpOffsetCutree:0.00;
in:267 out:269 type:b q:20.49 q-aq:20.27 q-noVbv:20.49 q-Rceq:1.08 tex:8505 mv:3007 misc:1864 icu:20.00 pcu:749.50 scu:790.50 tlayer:4 pbqpoffset:5.19 pbfactor:1.82 avgQpOffsetCutree:0.00;
in:270 out:270 type:B q:18.65 q-aq:17.86 q-noVbv:18.65 q-Rceq:1.08 tex:25539 mv:5245 misc:2392 icu:30.75 pcu:499.50 scu:1029.75 tlayer:3 pbqpoffset:3.27 pbfactor:1.46 avgQpOffsetCutree:-1.16;
in:269 out:271 type:b q:21.17 q-aq:21.00 q-noVbv:21.17 q-Rceq:1.08 tex:8223 mv:2728 misc:1697 icu:24.25 pcu:621.25 scu:914.50 tlayer:4 pbqpoffset:5.82 pbfactor:1.96 avgQpOffsetCutree:0.00;
in:271 out:272 type:b q:20.42 q-aq:20.01 q-noVbv:20.42 q-Rceq:1.08 tex:3890 mv:1984 misc:1294 icu:17.00 pcu:541.75 scu:1001.25 tlayer:4 pbqpoffset:5.02 pbfactor:1.79 avgQpOffsetCutree:0.00;
in:288 out:273 type:k q:15.20 q-aq:11.14 q-noVbv:15.20 q-Rceq:1.08 tex:519852 mv:43167 misc:2277 icu:1433.75 pcu:126.25 scu:0.00 tlayer:0 pbqpoffset:-0.02 pbfactor:1.00 avgQpOffsetCutree:-4.88;
in:280 out:274 type:B q:16.89 q-aq:13.90 q-noVbv:16.89 q-Rceq:1.08 tex:260638 mv:26940 misc:2718 icu:671.00 pcu:859.50 scu:29.50 tlayer:1 pbqpoffset:1.57 pbfactor:1.20 avgQpOffsetCutree:-3.52;
in:276 out:275 type:B q:18.17 q-aq:15.95 q-noVbv:18.17 q-Rceq:1.08 tex:59615 mv:9512 misc:3649 icu:205.50 pcu:1088.50 scu:266.00 tlayer:2 pbqpoffset:2.80 pbfactor:1.38 avgQpOffsetCutree:-2.51;
in:274 out:276 type:B q:18.68 q-aq:17.86 q-noVbv:18.68 q-Rceq:1.08 tex:27742 mv:5699 misc:2943 icu:56.00 pcu:546.25 scu:957.75 tlayer:3 pbqpoffset:3.28 pbfactor:1.46 avgQpOffsetCutree:-1.21;
in:273 out:277 type:b q:21.80 q-aq:22.00 q-noVbv:21.80 q-Rceq:1.08 tex:5543 mv:2173 misc:1268 icu:5.50 pcu:442.25 scu:1112.25 tlayer:4 pbqpoffset:6.39 pbfactor:2.09 avgQpOffsetCutree:0.00;
in:275 out:278 type:b q:21.74 q-aq:22.00 q-noVbv:21.74 q-Rceq:1.08 tex:562 mv:1352 misc:950 icu:28.00 pcu:395.25 scu:1136.75 tlayer:4 pbqpoffset:6.35 pbfactor:2.08 avgQpOffsetCutree:0.00;
in:278 out:279 type:B q:18.65 q-aq:17.78 q-noVbv:18.65 q-Rceq:1.08 tex:29134 mv:4946 misc:2768 icu:48.25 pcu:691.50 scu:820.25 tlayer:3 pbqpoffset:3.31 pbfactor:1.47 avgQpOffsetCutree:-1.28;
in:277 out:280 type:b q:21.73 q-aq:22.00 q-noVbv:21.73 q-Rceq:1.08 tex:3588 mv:1746 misc:1354 icu:32.00 pcu:578.00 scu:950.00 tlayer:4 pbqpoffset:6.38 pbfactor:2.09 avgQpOffsetCutree:0.00;
in:279 out:281 type:b q:21.67 q-aq:22.00 q-noVbv:21.67 q-Rceq:1.08 tex:630 mv:1054 misc:1052 icu:0.00 pcu:370.50 scu:1189.50 tlayer:4 pbqpoffset:6.34 pbfactor:2.08 avgQpOffsetCutree:0.00;
in:284 out:282 type:B q:17.65 q-aq:15.63 q-noVbv:17.65 q-Rceq:1.08 tex:99856 mv:10019 misc:3541 icu:320.75 pcu:1113.50 scu:125.75 tlayer:2 pbqpoffset:2.39 pbfactor:1.32 avgQpOffsetCutree:-2.41;
in:282 out:283 type:B q:18.64 q-aq:18.03 q-noVbv:18.64 q-Rceq:1.08 tex:21613 mv:5220 misc:2655 icu:101.75 pcu:839.75 scu:618.50 tlayer:3 pbqpoffset:3.36 pbfactor:1.47 avgQpOffsetCutree:-1.22;
in:281 out:284 type:b q:21.66 q-aq:22.00 q-noVbv:21.66 q-Rceq:1.08 tex:1793 mv:1020 misc:1091 icu:4.00 pcu:505.00 scu:1051.00 tlayer:4 pbqpoffset:6.36 pbfactor:2.08 avgQpOffsetCutree:0.00;
in:283 out:285 type:b q:20.13 q-aq:20.02 q-noVbv:20.13 q-Rceq:1.08 tex:10934 mv:3100 misc:1758 icu:32.75 pcu:700.25 scu:827.00 tlayer:4 pbqpoffset:4.86 pbfactor:1.75 avgQpOffsetCutree:0.00;
in:286 out:286 type:B q:18.60 q-aq:17.93 q-noVbv:18.60 q-Rceq:1.08 tex:27131 mv:5108 misc:2425 icu:122.00 pcu:665.75 scu:772.25 tlayer:3 pbqpoffset:3.37 pbfactor:1.48 avgQpOffsetCutree:-1.29;
in:285 out:287 type:b q:21.62 q-aq:22.00 q-noVbv:21.62 q-Rceq:1.08 tex:8950 mv:2080 misc:1562 icu:4.25 pcu:583.50 scu:972.25 tlayer:4 pbqpoffset:6.37 pbfactor:2.09 avgQpOffsetCutree:0.00;
in:287 out:288 type:b q:21.58 q-aq:21.88 q-noVbv:21.58 q-Rceq:1.08 tex:375 mv:1111 misc:810 icu:12.00 pcu:504.00 scu:1044.00 tlayer:4 pbqpoffset:6.37 pbfactor:2.09 avgQpOffsetCutree:0.00;
in:299 out:289 type:k q:15.15 q-aq:13.30 q-noVbv:15.15 q-Rceq:1.08 tex:304745 mv:27303 misc:2888 icu:744.75 pcu:807.25 scu:8.00 tlayer:0 pbqpoffset:0.24 pbfactor:1.03 avgQpOffsetCutree:-2.69;
in:294 out:290 type:B q:16.65 q-aq:14.04 q-noVbv:16.65 q-Rceq:1.08 tex:166805 mv:18330 misc:3825 icu:345.50 pcu:1040.25 scu:174.25 tlayer:1 pbqpoffset:1.48 pbfactor:1.19 avgQpOffsetCutree:-2.88;
in:291 out:291 type:B q:17.03 q-aq:15.54 q-noVbv:17.03 q-Rceq:1.08 tex:91205 mv:11727 misc:3996 icu:155.00 pcu:815.50 scu:589.50 tlayer:2 pbqpoffset:1.84 pbfactor:1.24 avgQpOffsetCutree:-1.85;
in:290 out:292 type:B q:17.89 q-aq:17.91 q-noVbv:17.89 q-Rceq:1.08 tex:34118 mv:7460 misc:3062 icu:64.25 pcu:722.75 scu:773.00 tlayer:3 pbqpoffset:2.70 pbfactor:1.37 avgQpOffsetCutree:-0.73;
in:289 out:293 type:b q:21.06 q-aq:21.00 q-noVbv:21.06 q-Rceq:1.08 tex:349 mv:888 misc:883 icu:37.00 pcu:258.00 scu:1265.00 tlayer:4 pbqpoffset:5.87 pbfactor:1.97 avgQpOffsetCutree:0.00;
in:293 out:294 type:B q:18.50 q-aq:18.36 q-noVbv:18.50 q-Rceq:1.08 tex:33575 mv:6547 misc:2998 icu:18.00 pcu:726.75 scu:815.25 tlayer:3 pbqpoffset:3.32 pbfactor:1.47 avgQpOffsetCutree:-0.70;
in:292 out:295 type:b q:20.57 q-aq:20.63 q-noVbv:20.57 q-Rceq:1.08 tex:19007 mv:6300 misc:2453 icu:25.50 pcu:830.75 scu:703.75 tlayer:4 pbqpoffset:5.39 pbfactor:1.86 avgQpOffsetCutree:0.00;
in:297 out:296 type:B q:17.86 q-aq:16.33 q-noVbv:17.86 q-Rceq:1.08 tex:62273 mv:10714 misc:3653 icu:54.50 pcu:856.50 scu:649.00 tlayer:2 pbqpoffset:2.70 pbfactor:1.37 avgQpOffsetCutree:-1.59;
in:296 out:297 type:B q:18.47 q-aq:18.44 q-noVbv:18.47 q-Rceq:1.08 tex:42438 mv:11263 misc:3091 icu:27.00 pcu:845.25 scu:687.75 tlayer:3 pbqpoffset:3.31 pbfactor:1.47 avgQpOffsetCutree:-0.73;
in:295 out:298 type:b q:20.98 q-aq:21.00 q-noVbv:20.98 q-Rceq:1.08 tex:101 mv:1034 misc:825 icu:8.00 pcu:296.00 scu:1256.00 tlayer:4 pbqpoffset:5.81 pbfactor:1.96 avgQpOffsetCutree:0.00;
in:298 out:299 type:b q:20.94 q-aq:21.00 q-noVbv:20.94 q-Rceq:1.08 tex:6647 mv:3919 misc:1834 icu:0.00 pcu:816.50 scu:743.50 tlayer:3 pbqpoffset:5.79 pbfactor:1.95 avgQpOffsetCutree:0.00;
