#options: cpuid=1173503 frame-threads=1 no-wpp no-pmode no-pme psnr no-ssim log-level=2 bitdepth=8 input-csp=1 fps=25000/1000 input-res=768x432 interlace=0 total-frames=250 level-idc=0 high-tier=1 uhd-bd=0 ref=4 no-allow-non-conformance no-repeat-headers annexb no-aud no-hrd info hash=0 no-temporal-layers open-gop min-keyint=1 keyint=5000 bframes=15 b-adapt=2 b-pyramid bframe-bias=0 rc-lookahead=40 lookahead-slices=0 scenecut=40 no-intra-refresh ctu=64 min-cu-size=8 rect amp max-tu-size=32 tu-inter-depth=3 tu-intra-depth=3 limit-tu=4 rdoq-level=2 dynamic-rd=0.00 no-ssim-rd signhide no-tskip nr-intra=0 nr-inter=0 no-constrained-intra strong-intra-smoothing max-merge=4 limit-refs=1 limit-modes me=3 subme=4 merange=57 temporal-mvp weightp weightb no-analyze-src-pics deblock=0:0 sao no-sao-non-deblock rd=6 no-early-skip rskip no-fast-intra no-tskip-fast no-cu-lossless b-intra rdpenalty=0 psy-rd=0.00 psy-rdoq=0.00 no-rd-refine analysis-reuse-mode=0 no-lossless cbqpoffs=0 crqpoffs=0 rc=abr bitrate=2000 qcomp=0.60 qpstep=4 stats-write=1 stats-read=0 slow-firstpass ipratio=1.40 pbratio=1.30 aq-mode=1 aq-strength=0.00 cutree zone-count=0 no-strict-cbr qg-size=64 no-rc-grain qpmax=69 qpmin=0 no-const-vbv sar=0 overscan=0 videoformat=5 range=0 colorprim=2 transfer=2 colormatrix=2 chromaloc=0 display-window=0 max-cll=0,0 min-luma=0 max-luma=255 log2-max-poc-lsb=8 vui-timing-info vui-hrd-info slices=1 opt-qp-pps opt-ref-list-length-pps no-multi-pass-opt-rps scenecut-bias=0.05 no-opt-cu-delta-qp no-aq-motion no-hdr no-hdr-opt no-dhdr10-opt analysis-reuse-level=5 scale-factor=0 refine-intra=0 refine-inter=0 refine-mv=0 no-limit-sao ctu-info=0 max-tlayer=4
in:0 out:0 type:I q:18.92 q-aq:12.50 q-noVbv:18.92 q-Rceq:1.00 tex:237876 mv:31164 misc:2672 icu:1296.00 pcu:0.00 scu:0.00 tlayer:0 pbqpoffset:0.00 pbfactor:1.00 avgQpOffsetCutree:-5.61;
in:16 out:1 type:k q:17.83 q-aq:12.08 q-noVbv:17.83 q-Rceq:1.00 tex:246414 mv:32378 misc:2896 icu:1272.25 pcu:22.25 scu:1.50 tlayer:0 pbqpoffset:0.00 pbfactor:1.00 avgQpOffsetCutree:-5.77;
in:8 out:2 type:B q:19.56 q-aq:13.34 q-noVbv:19.56 q-Rceq:1.00 tex:188075 mv:31536 misc:3453 icu:746.50 pcu:390.50 scu:159.00 tlayer:1 pbqpoffset:1.73 pbfactor:1.22 avgQpOffsetCutree:-5.63;
in:4 out:3 type:B q:20.11 q-aq:16.69 q-noVbv:20.11 q-Rceq:1.00 tex:78827 mv:25290 misc:3203 icu:152.25 pcu:736.75 scu:407.00 tlayer:2 pbqpoffset:2.28 pbfactor:1.30 avgQpOffsetCutree:-3.11;
in:2 out:4 type:B q:21.42 q-aq:20.03 q-noVbv:21.42 q-Rceq:1.00 tex:24912 mv:16963 misc:2717 icu:27.75 pcu:722.25 scu:546.00 tlayer:3 pbqpoffset:3.59 pbfactor:1.51 avgQpOffsetCutree:-1.58;
in:1 out:5 type:b q:24.42 q-aq:24.14 q-noVbv:24.42 q-Rceq:1.00 tex:3866 mv:7452 misc:1754 icu:5.00 pcu:604.00 scu:687.00 tlayer:4 pbqpoffset:6.59 pbfactor:2.14 avgQpOffsetCutree:0.00;
in:3 out:6 type:b q:24.42 q-aq:24.17 q-noVbv:24.42 q-Rceq:1.00 tex:5027 mv:8285 misc:1864 icu:5.75 pcu:611.50 scu:678.75 tlayer:4 pbqpoffset:6.59 pbfactor:2.14 avgQpOffsetCutree:0.00;
in:6 out:7 type:B q:21.42 q-aq:20.06 q-noVbv:21.42 q-Rceq:1.00 tex:24358 mv:17761 misc:2873 icu:40.00 pcu:858.75 scu:397.25 tlayer:3 pbqpoffset:3.59 pbfactor:1.51 avgQpOffsetCutree:-1.61;
in:5 out:8 type:b q:24.42 q-aq:24.10 q-noVbv:24.42 q-Rceq:1.00 tex:4038 mv:7232 misc:1922 icu:5.50 pcu:571.00 scu:719.50 tlayer:4 pbqpoffset:6.59 pbfactor:2.14 avgQpOffsetCutree:0.00;
in:7 out:9 type:b q:24.42 q-aq:24.07 q-noVbv:24.42 q-Rceq:1.00 tex:4232 mv:7374 misc:1690 icu:5.00 pcu:542.50 scu:748.50 tlayer:4 pbqpoffset:6.59 pbfactor:2.14 avgQpOffsetCutree:0.00;
in:12 out:10 type:B q:20.94 q-aq:15.89 q-noVbv:20.94 q-Rceq:1.00 tex:73904 mv:15986 misc:3174 icu:150.25 pcu:583.25 scu:562.50 tlayer:2 pbqpoffset:3.11 pbfactor:1.43 avgQpOffsetCutree:-4.18;
in:10 out:11 type:B q:21.42 q-aq:19.70 q-noVbv:21.42 q-Rceq:1.00 tex:12005 mv:8715 misc:1968 icu:11.00 pcu:490.00 scu:795.00 tlayer:3 pbqpoffset:3.59 pbfactor:1.51 avgQpOffsetCutree:-1.78;
in:9 out:12 type:b q:24.42 q-aq:24.09 q-noVbv:24.42 q-Rceq:1.00 tex:1692 mv:5163 misc:1337 icu:4.75 pcu:432.00 scu:859.25 tlayer:4 pbqpoffset:6.59 pbfactor:2.14 avgQpOffsetCutree:0.00;
in:11 out:13 type:b q:24.42 q-aq:24.12 q-noVbv:24.42 q-Rceq:1.00 tex:772 mv:2939 misc:993 icu:0.25 pcu:322.50 scu:973.25 tlayer:4 pbqpoffset:6.59 pbfactor:2.14 avgQpOffsetCutree:0.00;
in:14 out:14 type:B q:21.42 q-aq:18.95 q-noVbv:21.42 q-Rceq:1.00 tex:20983 mv:5530 misc:2103 icu:46.75 pcu:339.00 scu:910.25 tlayer:3 pbqpoffset:3.59 pbfactor:1.51 avgQpOffsetCutree:-2.11;
in:13 out:15 type:b q:24.39 q-aq:24.00 q-noVbv:24.39 q-Rceq:1.00 tex:678 mv:1990 misc:860 icu:3.50 pcu:194.75 scu:1097.75 tlayer:4 pbqpoffset:6.56 pbfactor:2.13 avgQpOffsetCutree:0.00;
in:15 out:16 type:b q:24.42 q-aq:24.22 q-noVbv:24.42 q-Rceq:1.00 tex:6563 mv:2060 misc:1353 icu:65.50 pcu:149.75 scu:1080.75 tlayer:4 pbqpoffset:6.59 pbfactor:2.14 avgQpOffsetCutree:0.00;
in:31 out:17 type:k q:15.50 q-aq:11.31 q-noVbv:15.50 q-Rceq:1.00 tex:260668 mv:33058 misc:2922 icu:851.00 pcu:239.50 scu:205.50 tlayer:0 pbqpoffset:0.00 pbfactor:1.00 avgQpOffsetCutree:-4.33;
in:24 out:18 type:B q:18.14 q-aq:13.34 q-noVbv:18.14 q-Rceq:1.00 tex:121957 mv:21428 misc:3215 icu:474.75 pcu:330.00 scu:491.25 tlayer:1 pbqpoffset:1.55 pbfactor:1.20 avgQpOffsetCutree:-4.53;
in:20 out:19 type:B q:18.76 q-aq:15.81 q-noVbv:18.76 q-Rceq:1.00 tex:87614 mv:26239 misc:3139 icu:294.75 pcu:643.00 scu:358.25 tlayer:2 pbqpoffset:1.55 pbfactor:1.20 avgQpOffsetCutree:-2.86;
in:18 out:20 type:B q:20.28 q-aq:18.83 q-noVbv:20.28 q-Rceq:1.00 tex:29220 mv:17105 misc:3019 icu:71.75 pcu:729.50 scu:494.75 tlayer:3 pbqpoffset:2.76 pbfactor:1.38 avgQpOffsetCutree:-1.63;
in:17 out:21 type:b q:24.09 q-aq:24.00 q-noVbv:24.09 q-Rceq:1.00 tex:3123 mv:6461 misc:1760 icu:6.25 pcu:550.00 scu:739.75 tlayer:4 pbqpoffset:6.42 pbfactor:2.10 avgQpOffsetCutree:0.00;
in:19 out:22 type:b q:23.27 q-aq:23.03 q-noVbv:23.27 q-Rceq:1.00 tex:5722 mv:8817 misc:2101 icu:30.50 pcu:596.75 scu:668.75 tlayer:4 pbqpoffset:5.90 pbfactor:1.98 avgQpOffsetCutree:0.00;
in:22 out:23 type:B q:19.31 q-aq:18.01 q-noVbv:19.31 q-Rceq:1.00 tex:37145 mv:17657 misc:2694 icu:194.00 pcu:642.25 scu:459.75 tlayer:3 pbqpoffset:2.41 pbfactor:1.32 avgQpOffsetCutree:-1.58;
in:21 out:24 type:b q:22.35 q-aq:22.07 q-noVbv:22.35 q-Rceq:1.00 tex:7996 mv:9463 misc:2133 icu:38.25 pcu:648.25 scu:609.50 tlayer:4 pbqpoffset:5.30 pbfactor:1.84 avgQpOffsetCutree:0.00;
in:23 out:25 type:b q:23.16 q-aq:23.02 q-noVbv:23.16 q-Rceq:1.00 tex:5552 mv:7279 misc:1841 icu:71.25 pcu:448.00 scu:776.75 tlayer:4 pbqpoffset:6.42 pbfactor:2.10 avgQpOffsetCutree:0.00;
in:28 out:26 type:B q:18.75 q-aq:15.61 q-noVbv:18.75 q-Rceq:1.00 tex:49274 mv:12171 misc:2419 icu:278.25 pcu:339.25 scu:678.50 tlayer:2 pbqpoffset:2.78 pbfactor:1.38 avgQpOffsetCutree:-3.04;
in:26 out:27 type:B q:19.69 q-aq:17.87 q-noVbv:19.69 q-Rceq:1.00 tex:22134 mv:9220 misc:2366 icu:207.00 pcu:327.75 scu:761.25 tlayer:3 pbqpoffset:3.42 pbfactor:1.48 avgQpOffsetCutree:-1.81;
in:25 out:28 type:b q:22.85 q-aq:23.00 q-noVbv:22.85 q-Rceq:1.00 tex:4568 mv:4700 misc:1508 icu:72.75 pcu:349.75 scu:873.50 tlayer:4 pbqpoffset:6.42 pbfactor:2.10 avgQpOffsetCutree:0.00;
in:27 out:29 type:b q:22.54 q-aq:23.00 q-noVbv:22.54 q-Rceq:1.00 tex:5076 mv:3244 misc:1184 icu:74.75 pcu:332.00 scu:889.25 tlayer:4 pbqpoffset:6.42 pbfactor:2.10 avgQpOffsetCutree:0.00;
in:30 out:30 type:B q:19.07 q-aq:19.53 q-noVbv:19.07 q-Rceq:1.00 tex:13856 mv:5284 misc:1804 icu:107.50 pcu:243.75 scu:944.75 tlayer:3 pbqpoffset:3.42 pbfactor:1.48 avgQpOffsetCutree:-0.31;
in:29 out:31 type:b q:22.22 q-aq:22.00 q-noVbv:22.22 q-Rceq:1.00 tex:4691 mv:2778 misc:1339 icu:67.25 pcu:175.00 scu:1053.75 tlayer:4 pbqpoffset:6.42 pbfactor:2.10 avgQpOffsetCutree:0.00;
in:32 out:32 type:i q:18.58 q-aq:12.57 q-noVbv:18.58 q-Rceq:1.00 tex:243668 mv:30575 misc:2637 icu:1296.00 pcu:0.00 scu:0.00 tlayer:0 pbqpoffset:0.00 pbfactor:1.00 avgQpOffsetCutree:-5.35;
in:48 out:33 type:k q:17.49 q-aq:11.50 q-noVbv:17.49 q-Rceq:1.00 tex:245583 mv:33592 misc:2705 icu:1260.00 pcu:36.00 scu:0.00 tlayer:0 pbqpoffset:0.00 pbfactor:1.00 avgQpOffsetCutree:-5.99;
in:40 out:34 type:B q:19.18 q-aq:13.32 q-noVbv:19.18 q-Rceq:1.00 tex:189554 mv:29425 misc:3133 icu:702.75 pcu:284.00 scu:309.25 tlayer:1 pbqpoffset:1.68 pbfactor:1.21 avgQpOffsetCutree:-5.53;
in:36 out:35 type:B q:19.74 q-aq:15.98 q-noVbv:19.74 q-Rceq:1.00 tex:85092 mv:26084 misc:3248 icu:248.75 pcu:603.00 scu:444.25 tlayer:2 pbqpoffset:2.24 pbfactor:1.30 avgQpOffsetCutree:-3.22;
in:34 out:36 type:B q:20.96 q-aq:19.40 q-noVbv:20.96 q-Rceq:1.00 tex:25578 mv:15898 misc:3076 icu:135.75 pcu:623.00 scu:537.25 tlayer:3 pbqpoffset:3.47 pbfactor:1.49 avgQpOffsetCutree:-1.69;
in:33 out:37 type:b q:24.04 q-aq:24.01 q-noVbv:24.04 q-Rceq:1.00 tex:4613 mv:6460 misc:1631 icu:68.75 pcu:517.50 scu:709.75 tlayer:4 pbqpoffset:6.55 pbfactor:2.13 avgQpOffsetCutree:0.00;
in:35 out:38 type:b q:24.04 q-aq:24.00 q-noVbv:24.04 q-Rceq:1.00 tex:5624 mv:6495 misc:1713 icu:60.25 pcu:465.75 scu:770.00 tlayer:4 pbqpoffset:6.55 pbfactor:2.13 avgQpOffsetCutree:0.00;
in:38 out:39 type:B q:21.04 q-aq:19.30 q-noVbv:21.04 q-Rceq:1.00 tex:24963 mv:16651 misc:2962 icu:46.75 pcu:666.00 scu:583.25 tlayer:3 pbqpoffset:3.55 pbfactor:1.51 avgQpOffsetCutree:-1.79;
in:37 out:40 type:b q:24.04 q-aq:24.00 q-noVbv:24.04 q-Rceq:1.00 tex:3747 mv:6423 misc:1774 icu:14.50 pcu:502.50 scu:779.00 tlayer:4 pbqpoffset:6.55 pbfactor:2.13 avgQpOffsetCutree:0.00;
in:39 out:41 type:b q:24.04 q-aq:24.00 q-noVbv:24.04 q-Rceq:1.00 tex:2648 mv:6749 misc:1715 icu:6.50 pcu:574.75 scu:714.75 tlayer:4 pbqpoffset:6.55 pbfactor:2.13 avgQpOffsetCutree:0.00;
in:44 out:42 type:B q:20.16 q-aq:15.33 q-noVbv:20.16 q-Rceq:1.00 tex:78974 mv:17223 misc:3355 icu:175.25 pcu:530.00 scu:590.75 tlayer:2 pbqpoffset:2.67 pbfactor:1.36 avgQpOffsetCutree:-4.20;
in:42 out:43 type:B q:21.04 q-aq:19.37 q-noVbv:21.04 q-Rceq:1.00 tex:12438 mv:9703 misc:2211 icu:13.50 pcu:471.75 scu:810.75 tlayer:3 pbqpoffset:3.55 pbfactor:1.51 avgQpOffsetCutree:-1.83;
in:41 out:44 type:b q:24.04 q-aq:24.00 q-noVbv:24.04 q-Rceq:1.00 tex:1139 mv:4749 misc:1336 icu:3.25 pcu:414.75 scu:878.00 tlayer:4 pbqpoffset:6.55 pbfactor:2.13 avgQpOffsetCutree:0.00;
in:43 out:45 type:b q:24.04 q-aq:24.00 q-noVbv:24.04 q-Rceq:1.00 tex:1360 mv:3472 misc:1112 icu:4.25 pcu:364.75 scu:927.00 tlayer:4 pbqpoffset:6.55 pbfactor:2.13 avgQpOffsetCutree:0.00;
in:46 out:46 type:B q:21.04 q-aq:18.73 q-noVbv:21.04 q-Rceq:1.00 tex:27283 mv:5899 misc:2458 icu:73.00 pcu:335.00 scu:888.00 tlayer:3 pbqpoffset:3.55 pbfactor:1.51 avgQpOffsetCutree:-2.14;
in:45 out:47 type:b q:23.97 q-aq:24.00 q-noVbv:23.97 q-Rceq:1.00 tex:921 mv:1745 misc:814 icu:6.50 pcu:195.50 scu:1094.00 tlayer:4 pbqpoffset:6.48 pbfactor:2.11 avgQpOffsetCutree:0.00;
in:47 out:48 type:b q:24.04 q-aq:24.00 q-noVbv:24.04 q-Rceq:1.00 tex:5600 mv:2064 misc:1328 icu:19.50 pcu:127.25 scu:1149.25 tlayer:4 pbqpoffset:6.55 pbfactor:2.13 avgQpOffsetCutree:0.00;
in:64 out:49 type:k q:15.38 q-aq:9.61 q-noVbv:15.38 q-Rceq:1.00 tex:304117 mv:35940 misc:2951 icu:1244.25 pcu:50.25 scu:1.50 tlayer:0 pbqpoffset:0.59 pbfactor:1.07 avgQpOffsetCutree:-5.97;
in:56 out:50 type:B q:17.98 q-aq:12.57 q-noVbv:17.98 q-Rceq:1.00 tex:198748 mv:33490 misc:3514 icu:725.50 pcu:321.25 scu:249.25 tlayer:1 pbqpoffset:1.55 pbfactor:1.20 avgQpOffsetCutree:-5.30;
in:52 out:51 type:B q:19.01 q-aq:15.56 q-noVbv:19.01 q-Rceq:1.00 tex:86248 mv:26677 misc:3347 icu:192.50 pcu:733.00 scu:370.50 tlayer:2 pbqpoffset:2.05 pbfactor:1.27 avgQpOffsetCutree:-3.21;
in:50 out:52 type:B q:20.64 q-aq:19.24 q-noVbv:20.64 q-Rceq:1.00 tex:24738 mv:15503 misc:2871 icu:50.75 pcu:663.75 scu:581.50 tlayer:3 pbqpoffset:3.41 pbfactor:1.48 avgQpOffsetCutree:-1.64;
in:49 out:53 type:b q:23.77 q-aq:24.00 q-noVbv:23.77 q-Rceq:1.00 tex:2483 mv:4571 misc:1530 icu:4.25 pcu:396.50 scu:895.25 tlayer:4 pbqpoffset:6.41 pbfactor:2.10 avgQpOffsetCutree:0.00;
in:51 out:54 type:b q:23.51 q-aq:23.72 q-noVbv:23.51 q-Rceq:1.00 tex:4139 mv:7038 misc:1863 icu:4.75 pcu:541.25 scu:750.00 tlayer:4 pbqpoffset:6.41 pbfactor:2.10 avgQpOffsetCutree:0.00;
in:54 out:55 type:B q:20.11 q-aq:18.65 q-noVbv:20.11 q-Rceq:1.00 tex:26079 mv:17627 misc:2854 icu:32.50 pcu:804.25 scu:459.25 tlayer:3 pbqpoffset:3.41 pbfactor:1.48 avgQpOffsetCutree:-1.59;
in:53 out:56 type:b q:23.24 q-aq:23.01 q-noVbv:23.24 q-Rceq:1.00 tex:4222 mv:6598 misc:1892 icu:5.75 pcu:497.75 scu:792.50 tlayer:4 pbqpoffset:6.41 pbfactor:2.10 avgQpOffsetCutree:0.00;
in:55 out:57 type:b q:22.98 q-aq:23.00 q-noVbv:22.98 q-Rceq:1.00 tex:3843 mv:6772 misc:1761 icu:2.75 pcu:578.25 scu:715.00 tlayer:4 pbqpoffset:6.41 pbfactor:2.10 avgQpOffsetCutree:0.00;
in:60 out:58 type:B q:17.99 q-aq:13.29 q-noVbv:17.99 q-Rceq:1.00 tex:129028 mv:25328 misc:3652 icu:313.00 pcu:624.25 scu:358.75 tlayer:2 pbqpoffset:2.08 pbfactor:1.27 avgQpOffsetCutree:-4.17;
in:58 out:59 type:B q:19.58 q-aq:17.74 q-noVbv:19.58 q-Rceq:1.00 tex:19983 mv:14744 misc:2865 icu:25.00 pcu:626.50 scu:644.50 tlayer:3 pbqpoffset:3.41 pbfactor:1.48 avgQpOffsetCutree:-1.83;
in:57 out:60 type:b q:22.72 q-aq:23.00 q-noVbv:22.72 q-Rceq:1.00 tex:3629 mv:6489 misc:1698 icu:11.25 pcu:603.00 scu:681.75 tlayer:4 pbqpoffset:6.41 pbfactor:2.10 avgQpOffsetCutree:0.00;
in:59 out:61 type:b q:22.45 q-aq:22.17 q-noVbv:22.45 q-Rceq:1.00 tex:1845 mv:4937 misc:1402 icu:4.50 pcu:419.25 scu:872.25 tlayer:4 pbqpoffset:6.41 pbfactor:2.10 avgQpOffsetCutree:0.00;
in:62 out:62 type:B q:19.05 q-aq:16.85 q-noVbv:19.05 q-Rceq:1.00 tex:27334 mv:8684 misc:2942 icu:38.75 pcu:454.00 scu:803.25 tlayer:3 pbqpoffset:3.41 pbfactor:1.48 avgQpOffsetCutree:-2.12;
in:61 out:63 type:b q:22.19 q-aq:22.00 q-noVbv:22.19 q-Rceq:1.00 tex:955 mv:3025 misc:1188 icu:1.75 pcu:344.00 scu:950.25 tlayer:4 pbqpoffset:6.41 pbfactor:2.10 avgQpOffsetCutree:0.00;
in:63 out:64 type:b q:21.92 q-aq:22.00 q-noVbv:21.92 q-Rceq:1.00 tex:5829 mv:2705 misc:1530 icu:25.25 pcu:209.50 scu:1061.25 tlayer:4 pbqpoffset:6.41 pbfactor:2.10 avgQpOffsetCutree:0.00;
in:80 out:65 type:k q:12.11 q-aq:6.18 q-noVbv:12.11 q-Rceq:1.00 tex:413281 mv:36637 misc:2794 icu:1199.75 pcu:95.00 scu:1.25 tlayer:0 pbqpoffset:0.42 pbfactor:1.05 avgQpOffsetCutree:-6.17;
in:72 out:66 type:B q:15.21 q-aq:10.29 q-noVbv:15.21 q-Rceq:1.00 tex:257575 mv:33909 misc:3116 icu:802.25 pcu:243.75 scu:250.00 tlayer:1 pbqpoffset:1.47 pbfactor:1.18 avgQpOffsetCutree:-5.09;
in:68 out:67 type:B q:16.40 q-aq:13.15 q-noVbv:16.40 q-Rceq:1.00 tex:122417 mv:28948 misc:3467 icu:285.00 pcu:652.75 scu:358.25 tlayer:2 pbqpoffset:1.84 pbfactor:1.24 avgQpOffsetCutree:-3.16;
in:66 out:68 type:B q:18.30 q-aq:16.84 q-noVbv:18.30 q-Rceq:1.00 tex:34295 mv:18470 misc:2899 icu:48.00 pcu:797.75 scu:450.25 tlayer:3 pbqpoffset:3.33 pbfactor:1.47 avgQpOffsetCutree:-1.61;
in:65 out:69 type:b q:21.51 q-aq:21.49 q-noVbv:21.51 q-Rceq:1.00 tex:3257 mv:6374 misc:1881 icu:5.75 pcu:551.75 scu:738.50 tlayer:4 pbqpoffset:6.33 pbfactor:2.08 avgQpOffsetCutree:0.00;
in:67 out:70 type:b q:21.10 q-aq:21.00 q-noVbv:21.10 q-Rceq:1.00 tex:7408 mv:9228 misc:2100 icu:22.75 pcu:590.25 scu:683.00 tlayer:4 pbqpoffset:6.33 pbfactor:2.08 avgQpOffsetCutree:0.00;
in:70 out:71 type:B q:17.39 q-aq:16.06 q-noVbv:17.39 q-Rceq:1.00 tex:48141 mv:20290 misc:3169 icu:106.25 pcu:742.25 scu:447.50 tlayer:3 pbqpoffset:3.24 pbfactor:1.45 avgQpOffsetCutree:-1.55;
in:69 out:72 type:b q:20.69 q-aq:21.00 q-noVbv:20.69 q-Rceq:1.00 tex:8006 mv:8955 misc:1959 icu:16.75 pcu:610.50 scu:668.75 tlayer:4 pbqpoffset:6.33 pbfactor:2.08 avgQpOffsetCutree:0.00;
in:71 out:73 type:b q:20.28 q-aq:20.06 q-noVbv:20.28 q-Rceq:1.00 tex:9306 mv:9418 misc:2228 icu:43.00 pcu:500.75 scu:752.25 tlayer:4 pbqpoffset:6.33 pbfactor:2.08 avgQpOffsetCutree:0.00;
in:76 out:74 type:B q:14.92 q-aq:10.71 q-noVbv:14.92 q-Rceq:1.00 tex:174218 mv:26076 misc:3146 icu:371.75 pcu:513.50 scu:410.75 tlayer:2 pbqpoffset:1.99 pbfactor:1.26 avgQpOffsetCutree:-3.96;
in:74 out:75 type:B q:16.67 q-aq:15.02 q-noVbv:16.67 q-Rceq:1.00 tex:37870 mv:17105 misc:2761 icu:110.50 pcu:580.75 scu:604.75 tlayer:3 pbqpoffset:3.33 pbfactor:1.47 avgQpOffsetCutree:-1.80;
in:73 out:76 type:b q:19.87 q-aq:20.00 q-noVbv:19.87 q-Rceq:1.00 tex:7012 mv:8072 misc:1892 icu:33.75 pcu:486.50 scu:775.75 tlayer:4 pbqpoffset:6.33 pbfactor:2.08 avgQpOffsetCutree:0.00;
in:75 out:77 type:b q:19.47 q-aq:19.24 q-noVbv:19.47 q-Rceq:1.00 tex:5446 mv:5204 misc:1710 icu:47.75 pcu:368.75 scu:879.50 tlayer:4 pbqpoffset:6.33 pbfactor:2.08 avgQpOffsetCutree:0.00;
in:78 out:78 type:B q:15.85 q-aq:13.59 q-noVbv:15.85 q-Rceq:1.00 tex:61679 mv:11274 misc:2823 icu:167.75 pcu:399.00 scu:729.25 tlayer:3 pbqpoffset:3.33 pbfactor:1.47 avgQpOffsetCutree:-2.16;
in:77 out:79 type:b q:19.06 q-aq:19.01 q-noVbv:19.06 q-Rceq:1.00 tex:7249 mv:4356 misc:1387 icu:56.00 pcu:337.75 scu:902.25 tlayer:4 pbqpoffset:6.33 pbfactor:2.08 avgQpOffsetCutree:0.00;
in:79 out:80 type:b q:18.65 q-aq:19.00 q-noVbv:18.65 q-Rceq:1.00 tex:12255 mv:2964 misc:1637 icu:57.25 pcu:161.75 scu:1077.00 tlayer:4 pbqpoffset:6.33 pbfactor:2.08 avgQpOffsetCutree:0.00;
in:96 out:81 type:k q:12.39 q-aq:6.55 q-noVbv:12.39 q-Rceq:1.00 tex:396025 mv:36692 misc:2707 icu:1165.25 pcu:121.75 scu:9.00 tlayer:0 pbqpoffset:0.55 pbfactor:1.07 avgQpOffsetCutree:-6.23;
in:88 out:82 type:B q:13.63 q-aq:8.17 q-noVbv:13.63 q-Rceq:1.00 tex:311612 mv:37214 misc:2974 icu:739.25 pcu:290.50 scu:266.25 tlayer:1 pbqpoffset:1.38 pbfactor:1.17 avgQpOffsetCutree:-5.40;
in:84 out:83 type:B q:14.44 q-aq:10.97 q-noVbv:14.44 q-Rceq:1.00 tex:148066 mv:32937 misc:3517 icu:199.75 pcu:684.50 scu:411.75 tlayer:2 pbqpoffset:2.26 pbfactor:1.30 avgQpOffsetCutree:-3.36;
in:82 out:84 type:B q:15.39 q-aq:13.89 q-noVbv:15.39 q-Rceq:1.00 tex:51282 mv:20804 misc:3138 icu:63.25 pcu:664.50 scu:568.25 tlayer:3 pbqpoffset:3.25 pbfactor:1.45 avgQpOffsetCutree:-1.64;
in:81 out:85 type:b q:18.38 q-aq:18.13 q-noVbv:18.38 q-Rceq:1.00 tex:7099 mv:8333 misc:1992 icu:21.50 pcu:493.25 scu:781.25 tlayer:4 pbqpoffset:6.25 pbfactor:2.06 avgQpOffsetCutree:0.00;
in:83 out:86 type:b q:18.41 q-aq:18.08 q-noVbv:18.41 q-Rceq:1.00 tex:9758 mv:9955 misc:2223 icu:16.25 pcu:595.50 scu:684.25 tlayer:4 pbqpoffset:6.25 pbfactor:2.06 avgQpOffsetCutree:0.00;
in:86 out:87 type:B q:15.46 q-aq:14.03 q-noVbv:15.46 q-Rceq:1.00 tex:53502 mv:22557 misc:3301 icu:51.75 pcu:702.00 scu:542.25 tlayer:3 pbqpoffset:3.25 pbfactor:1.45 avgQpOffsetCutree:-1.60;
in:85 out:88 type:b q:18.44 q-aq:18.21 q-noVbv:18.44 q-Rceq:1.00 tex:9157 mv:9045 misc:2222 icu:6.50 pcu:605.25 scu:684.25 tlayer:4 pbqpoffset:6.25 pbfactor:2.06 avgQpOffsetCutree:0.00;
in:87 out:89 type:b q:18.48 q-aq:18.14 q-noVbv:18.48 q-Rceq:1.00 tex:7855 mv:10418 misc:2167 icu:8.00 pcu:607.00 scu:681.00 tlayer:4 pbqpoffset:6.25 pbfactor:2.06 avgQpOffsetCutree:0.00;
in:92 out:90 type:B q:14.45 q-aq:9.71 q-noVbv:14.45 q-Rceq:1.00 tex:185029 mv:27384 misc:3299 icu:282.75 pcu:592.00 scu:421.25 tlayer:2 pbqpoffset:2.13 pbfactor:1.28 avgQpOffsetCutree:-4.31;
in:90 out:91 type:B q:15.53 q-aq:14.00 q-noVbv:15.53 q-Rceq:1.00 tex:33601 mv:16540 misc:2931 icu:30.50 pcu:560.00 scu:705.50 tlayer:3 pbqpoffset:3.25 pbfactor:1.45 avgQpOffsetCutree:-1.82;
in:89 out:92 type:b q:18.51 q-aq:18.41 q-noVbv:18.51 q-Rceq:1.00 tex:5603 mv:8166 misc:2063 icu:6.25 pcu:525.75 scu:764.00 tlayer:4 pbqpoffset:6.25 pbfactor:2.06 avgQpOffsetCutree:0.00;
in:91 out:93 type:b q:18.55 q-aq:18.70 q-noVbv:18.55 q-Rceq:1.00 tex:3191 mv:4749 misc:1444 icu:8.25 pcu:337.75 scu:950.00 tlayer:4 pbqpoffset:6.25 pbfactor:2.06 avgQpOffsetCutree:0.00;
in:94 out:94 type:B q:15.60 q-aq:13.76 q-noVbv:15.60 q-Rceq:1.00 tex:53192 mv:10015 misc:2969 icu:78.75 pcu:373.00 scu:844.25 tlayer:3 pbqpoffset:3.25 pbfactor:1.45 avgQpOffsetCutree:-2.09;
in:93 out:95 type:b q:18.58 q-aq:18.79 q-noVbv:18.58 q-Rceq:1.00 tex:3388 mv:3709 misc:1367 icu:2.75 pcu:296.25 scu:997.00 tlayer:4 pbqpoffset:6.25 pbfactor:2.06 avgQpOffsetCutree:0.00;
in:95 out:96 type:b q:18.62 q-aq:18.95 q-noVbv:18.62 q-Rceq:1.00 tex:11150 mv:2806 misc:1636 icu:25.25 pcu:190.25 scu:1080.50 tlayer:4 pbqpoffset:6.25 pbfactor:2.06 avgQpOffsetCutree:0.00;
in:112 out:97 type:k q:12.75 q-aq:6.77 q-noVbv:12.75 q-Rceq:1.00 tex:404743 mv:37603 misc:2582 icu:1214.50 pcu:80.50 scu:1.00 tlayer:0 pbqpoffset:0.41 pbfactor:1.05 avgQpOffsetCutree:-6.29;
in:104 out:98 type:B q:13.92 q-aq:8.54 q-noVbv:13.92 q-Rceq:1.00 tex:303906 mv:37257 misc:3221 icu:788.25 pcu:246.50 scu:261.25 tlayer:1 pbqpoffset:1.35 pbfactor:1.17 avgQpOffsetCutree:-5.28;
in:100 out:99 type:B q:14.92 q-aq:11.67 q-noVbv:14.92 q-Rceq:1.00 tex:140564 mv:31857 misc:3299 icu:216.50 pcu:777.75 scu:301.75 tlayer:2 pbqpoffset:2.44 pbfactor:1.33 avgQpOffsetCutree:-3.19;
in:98 out:100 type:B q:15.65 q-aq:14.17 q-noVbv:15.65 q-Rceq:1.00 tex:47772 mv:20434 misc:3186 icu:51.75 pcu:745.50 scu:498.75 tlayer:3 pbqpoffset:3.22 pbfactor:1.45 avgQpOffsetCutree:-1.61;
in:97 out:101 type:b q:18.62 q-aq:18.86 q-noVbv:18.62 q-Rceq:1.00 tex:5286 mv:6894 misc:1868 icu:6.75 pcu:537.25 scu:752.00 tlayer:4 pbqpoffset:6.22 pbfactor:2.05 avgQpOffsetCutree:0.00;
in:99 out:102 type:b q:18.67 q-aq:19.00 q-noVbv:18.67 q-Rceq:1.00 tex:6923 mv:8904 misc:2157 icu:4.25 pcu:633.75 scu:658.00 tlayer:4 pbqpoffset:6.22 pbfactor:2.05 avgQpOffsetCutree:0.00;
in:102 out:103 type:B q:15.74 q-aq:13.98 q-noVbv:15.74 q-Rceq:1.00 tex:53145 mv:22491 misc:3404 icu:45.25 pcu:745.50 scu:505.25 tlayer:3 pbqpoffset:3.22 pbfactor:1.45 avgQpOffsetCutree:-1.77;
in:101 out:104 type:b q:18.71 q-aq:19.00 q-noVbv:18.71 q-Rceq:1.00 tex:6854 mv:9243 misc:1943 icu:6.50 pcu:665.00 scu:624.50 tlayer:4 pbqpoffset:6.22 pbfactor:2.05 avgQpOffsetCutree:0.00;
in:103 out:105 type:b q:18.76 q-aq:19.00 q-noVbv:18.76 q-Rceq:1.00 tex:7863 mv:9534 misc:2027 icu:12.25 pcu:589.25 scu:694.50 tlayer:4 pbqpoffset:6.22 pbfactor:2.05 avgQpOffsetCutree:0.00;
in:108 out:106 type:B q:14.58 q-aq:10.30 q-noVbv:14.58 q-Rceq:1.00 tex:196028 mv:29607 misc:3229 icu:359.25 pcu:573.75 scu:363.00 tlayer:2 pbqpoffset:1.92 pbfactor:1.25 avgQpOffsetCutree:-4.11;
in:106 out:107 type:B q:15.83 q-aq:14.12 q-noVbv:15.83 q-Rceq:1.00 tex:44152 mv:20550 misc:3282 icu:41.75 pcu:704.50 scu:549.75 tlayer:3 pbqpoffset:3.22 pbfactor:1.45 avgQpOffsetCutree:-1.81;
in:105 out:108 type:b q:18.81 q-aq:19.00 q-noVbv:18.81 q-Rceq:1.00 tex:7488 mv:9243 misc:2101 icu:7.50 pcu:658.75 scu:629.75 tlayer:4 pbqpoffset:6.22 pbfactor:2.05 avgQpOffsetCutree:0.00;
in:107 out:109 type:b q:18.85 q-aq:19.00 q-noVbv:18.85 q-Rceq:1.00 tex:4709 mv:7290 misc:1769 icu:6.25 pcu:465.00 scu:824.75 tlayer:4 pbqpoffset:6.22 pbfactor:2.05 avgQpOffsetCutree:0.00;
in:110 out:110 type:B q:15.92 q-aq:13.57 q-noVbv:15.92 q-Rceq:1.00 tex:44738 mv:10312 misc:2862 icu:83.75 pcu:369.75 scu:842.50 tlayer:3 pbqpoffset:3.22 pbfactor:1.45 avgQpOffsetCutree:-2.16;
in:109 out:111 type:b q:18.90 q-aq:19.00 q-noVbv:18.90 q-Rceq:1.00 tex:2970 mv:3660 misc:1362 icu:2.75 pcu:288.25 scu:1005.00 tlayer:4 pbqpoffset:6.22 pbfactor:2.05 avgQpOffsetCutree:0.00;
in:111 out:112 type:b q:18.94 q-aq:19.00 q-noVbv:18.94 q-Rceq:1.00 tex:8977 mv:3328 misc:1687 icu:15.00 pcu:210.50 scu:1070.50 tlayer:4 pbqpoffset:6.22 pbfactor:2.05 avgQpOffsetCutree:0.00;
in:128 out:113 type:k q:13.06 q-aq:6.96 q-noVbv:13.06 q-Rceq:1.00 tex:388187 mv:37499 misc:2738 icu:1157.00 pcu:133.75 scu:5.25 tlayer:0 pbqpoffset:0.33 pbfactor:1.04 avgQpOffsetCutree:-6.39;
in:120 out:114 type:B q:14.29 q-aq:8.75 q-noVbv:14.29 q-Rceq:1.00 tex:281334 mv:34850 misc:3168 icu:610.00 pcu:387.00 scu:299.00 tlayer:1 pbqpoffset:1.38 pbfactor:1.17 avgQpOffsetCutree:-5.45;
in:116 out:115 type:B q:14.99 q-aq:11.57 q-noVbv:14.99 q-Rceq:1.00 tex:126959 mv:30367 misc:3226 icu:199.50 pcu:668.25 scu:428.25 tlayer:2 pbqpoffset:2.16 pbfactor:1.28 avgQpOffsetCutree:-3.26;
in:114 out:116 type:B q:16.03 q-aq:14.52 q-noVbv:16.03 q-Rceq:1.00 tex:43375 mv:19605 misc:3140 icu:57.50 pcu:654.50 scu:584.00 tlayer:3 pbqpoffset:3.25 pbfactor:1.45 avgQpOffsetCutree:-1.65;
in:113 out:117 type:b q:19.01 q-aq:19.00 q-noVbv:19.01 q-Rceq:1.00 tex:6939 mv:7833 misc:1868 icu:6.50 pcu:537.50 scu:752.00 tlayer:4 pbqpoffset:6.25 pbfactor:2.06 avgQpOffsetCutree:0.00;
in:115 out:118 type:b q:19.05 q-aq:19.00 q-noVbv:19.05 q-Rceq:1.00 tex:8421 mv:9465 misc:2074 icu:12.75 pcu:544.25 scu:739.00 tlayer:4 pbqpoffset:6.25 pbfactor:2.06 avgQpOffsetCutree:0.00;
in:118 out:119 type:B q:16.11 q-aq:14.57 q-noVbv:16.11 q-Rceq:1.00 tex:46238 mv:20207 misc:3227 icu:63.50 pcu:653.75 scu:578.75 tlayer:3 pbqpoffset:3.25 pbfactor:1.45 avgQpOffsetCutree:-1.67;
in:117 out:120 type:b q:19.09 q-aq:19.00 q-noVbv:19.09 q-Rceq:1.00 tex:8363 mv:7949 misc:1760 icu:7.75 pcu:559.00 scu:729.25 tlayer:4 pbqpoffset:6.25 pbfactor:2.06 avgQpOffsetCutree:0.00;
in:119 out:121 type:b q:19.13 q-aq:19.03 q-noVbv:19.13 q-Rceq:1.00 tex:6318 mv:8060 misc:1966 icu:5.50 pcu:537.50 scu:753.00 tlayer:4 pbqpoffset:6.25 pbfactor:2.06 avgQpOffsetCutree:0.00;
in:124 out:122 type:B q:15.36 q-aq:10.66 q-noVbv:15.36 q-Rceq:1.00 tex:136064 mv:22276 misc:3268 icu:249.25 pcu:528.75 scu:518.00 tlayer:2 pbqpoffset:2.37 pbfactor:1.32 avgQpOffsetCutree:-4.23;
in:122 out:123 type:B q:16.19 q-aq:14.65 q-noVbv:16.19 q-Rceq:1.00 tex:28944 mv:13668 misc:2564 icu:46.25 pcu:483.75 scu:766.00 tlayer:3 pbqpoffset:3.25 pbfactor:1.45 avgQpOffsetCutree:-1.92;
in:121 out:124 type:b q:19.17 q-aq:19.00 q-noVbv:19.17 q-Rceq:1.00 tex:4176 mv:6735 misc:1641 icu:9.25 pcu:481.75 scu:805.00 tlayer:4 pbqpoffset:6.25 pbfactor:2.06 avgQpOffsetCutree:0.00;
in:123 out:125 type:b q:19.21 q-aq:19.01 q-noVbv:19.21 q-Rceq:1.00 tex:2873 mv:4511 misc:1456 icu:5.25 pcu:374.00 scu:916.75 tlayer:4 pbqpoffset:6.25 pbfactor:2.06 avgQpOffsetCutree:0.00;
in:126 out:126 type:B q:16.27 q-aq:14.23 q-noVbv:16.27 q-Rceq:1.00 tex:37878 mv:8919 misc:2707 icu:81.25 pcu:295.25 scu:919.50 tlayer:3 pbqpoffset:3.25 pbfactor:1.45 avgQpOffsetCutree:-2.18;
in:125 out:127 type:b q:19.22 q-aq:19.00 q-noVbv:19.22 q-Rceq:1.00 tex:2451 mv:2784 misc:1077 icu:4.00 pcu:234.50 scu:1057.50 tlayer:4 pbqpoffset:6.21 pbfactor:2.05 avgQpOffsetCutree:0.00;
in:127 out:128 type:b q:19.29 q-aq:19.00 q-noVbv:19.29 q-Rceq:1.00 tex:8098 mv:2330 misc:1444 icu:18.25 pcu:165.75 scu:1112.00 tlayer:4 pbqpoffset:6.25 pbfactor:2.06 avgQpOffsetCutree:0.00;
in:144 out:129 type:k q:13.13 q-aq:7.29 q-noVbv:13.13 q-Rceq:1.00 tex:388776 mv:39178 misc:2798 icu:1163.00 pcu:121.25 scu:11.75 tlayer:0 pbqpoffset:0.64 pbfactor:1.08 avgQpOffsetCutree:-6.25;
in:136 out:130 type:B q:14.49 q-aq:8.88 q-noVbv:14.49 q-Rceq:1.00 tex:270107 mv:32228 misc:3057 icu:574.50 pcu:362.75 scu:358.75 tlayer:1 pbqpoffset:1.40 pbfactor:1.18 avgQpOffsetCutree:-5.40;
in:132 out:131 type:B q:15.53 q-aq:12.23 q-noVbv:15.53 q-Rceq:1.00 tex:110549 mv:26456 misc:3067 icu:172.50 pcu:628.25 scu:495.25 tlayer:2 pbqpoffset:2.45 pbfactor:1.33 avgQpOffsetCutree:-3.12;
in:130 out:132 type:B q:16.33 q-aq:14.88 q-noVbv:16.33 q-Rceq:1.00 tex:43090 mv:18074 misc:2964 icu:49.00 pcu:599.00 scu:648.00 tlayer:3 pbqpoffset:3.26 pbfactor:1.46 avgQpOffsetCutree:-1.66;
in:129 out:133 type:b q:19.33 q-aq:19.01 q-noVbv:19.33 q-Rceq:1.00 tex:6449 mv:6947 misc:1868 icu:8.25 pcu:455.50 scu:832.25 tlayer:4 pbqpoffset:6.26 pbfactor:2.06 avgQpOffsetCutree:0.00;
in:131 out:134 type:b q:19.34 q-aq:19.04 q-noVbv:19.34 q-Rceq:1.00 tex:7881 mv:8423 misc:1984 icu:12.25 pcu:545.00 scu:738.75 tlayer:4 pbqpoffset:6.26 pbfactor:2.06 avgQpOffsetCutree:0.00;
in:134 out:135 type:B q:16.35 q-aq:14.72 q-noVbv:16.35 q-Rceq:1.00 tex:43595 mv:17913 misc:3044 icu:64.25 pcu:606.25 scu:625.50 tlayer:3 pbqpoffset:3.26 pbfactor:1.46 avgQpOffsetCutree:-1.76;
in:133 out:136 type:b q:19.35 q-aq:19.03 q-noVbv:19.35 q-Rceq:1.00 tex:7405 mv:7712 misc:1987 icu:14.50 pcu:488.25 scu:793.25 tlayer:4 pbqpoffset:6.26 pbfactor:2.06 avgQpOffsetCutree:0.00;
in:135 out:137 type:b q:19.35 q-aq:19.01 q-noVbv:19.35 q-Rceq:1.00 tex:7266 mv:7827 misc:1915 icu:9.00 pcu:526.00 scu:761.00 tlayer:4 pbqpoffset:6.26 pbfactor:2.06 avgQpOffsetCutree:0.00;
in:140 out:138 type:B q:15.29 q-aq:10.76 q-noVbv:15.29 q-Rceq:1.00 tex:153872 mv:23991 misc:3257 icu:265.50 pcu:574.50 scu:456.00 tlayer:2 pbqpoffset:2.18 pbfactor:1.29 avgQpOffsetCutree:-4.24;
in:138 out:139 type:B q:16.37 q-aq:14.95 q-noVbv:16.37 q-Rceq:1.00 tex:31485 mv:14498 misc:2769 icu:42.75 pcu:548.25 scu:705.00 tlayer:3 pbqpoffset:3.26 pbfactor:1.46 avgQpOffsetCutree:-1.76;
in:137 out:140 type:b q:19.36 q-aq:19.04 q-noVbv:19.36 q-Rceq:1.00 tex:6251 mv:7818 misc:1939 icu:8.25 pcu:520.00 scu:767.75 tlayer:4 pbqpoffset:6.26 pbfactor:2.06 avgQpOffsetCutree:0.00;
in:139 out:141 type:b q:19.37 q-aq:19.05 q-noVbv:19.37 q-Rceq:1.00 tex:3926 mv:5175 misc:1507 icu:2.75 pcu:358.25 scu:935.00 tlayer:4 pbqpoffset:6.26 pbfactor:2.06 avgQpOffsetCutree:0.00;
in:142 out:142 type:B q:16.38 q-aq:14.04 q-noVbv:16.38 q-Rceq:1.00 tex:36042 mv:8515 misc:2627 icu:69.00 pcu:318.25 scu:908.75 tlayer:3 pbqpoffset:3.26 pbfactor:1.46 avgQpOffsetCutree:-2.13;
in:141 out:143 type:b q:19.38 q-aq:19.01 q-noVbv:19.38 q-Rceq:1.00 tex:2984 mv:3122 misc:1062 icu:1.75 pcu:224.00 scu:1070.25 tlayer:4 pbqpoffset:6.26 pbfactor:2.06 avgQpOffsetCutree:0.00;
in:143 out:144 type:b q:19.39 q-aq:19.12 q-noVbv:19.39 q-Rceq:1.00 tex:6738 mv:2100 misc:1186 icu:18.75 pcu:126.50 scu:1150.75 tlayer:4 pbqpoffset:6.26 pbfactor:2.06 avgQpOffsetCutree:0.00;
in:160 out:145 type:k q:13.18 q-aq:7.12 q-noVbv:13.18 q-Rceq:1.00 tex:370170 mv:37555 misc:2739 icu:1170.25 pcu:121.00 scu:4.75 tlayer:0 pbqpoffset:0.46 pbfactor:1.05 avgQpOffsetCutree:-6.38;
in:152 out:146 type:B q:14.55 q-aq:8.85 q-noVbv:14.55 q-Rceq:1.00 tex:270698 mv:32783 misc:3255 icu:581.50 pcu:369.75 scu:344.75 tlayer:1 pbqpoffset:1.39 pbfactor:1.17 avgQpOffsetCutree:-5.50;
in:148 out:147 type:B q:15.22 q-aq:11.89 q-noVbv:15.22 q-Rceq:1.00 tex:126078 mv:27695 misc:3099 icu:215.00 pcu:629.75 scu:451.25 tlayer:2 pbqpoffset:2.08 pbfactor:1.27 avgQpOffsetCutree:-3.39;
in:146 out:148 type:B q:16.39 q-aq:15.01 q-noVbv:16.39 q-Rceq:1.00 tex:44080 mv:18085 misc:2963 icu:60.75 pcu:654.50 scu:580.75 tlayer:3 pbqpoffset:3.25 pbfactor:1.46 avgQpOffsetCutree:-1.62;
in:145 out:149 type:b q:19.39 q-aq:19.07 q-noVbv:19.39 q-Rceq:1.00 tex:8316 mv:8048 misc:1868 icu:9.50 pcu:600.00 scu:686.50 tlayer:4 pbqpoffset:6.25 pbfactor:2.06 avgQpOffsetCutree:0.00;
in:147 out:150 type:b q:19.40 q-aq:19.10 q-noVbv:19.40 q-Rceq:1.00 tex:8298 mv:8851 misc:2147 icu:14.50 pcu:491.50 scu:790.00 tlayer:4 pbqpoffset:6.25 pbfactor:2.06 avgQpOffsetCutree:0.00;
in:150 out:151 type:B q:16.40 q-aq:14.87 q-noVbv:16.40 q-Rceq:1.00 tex:48996 mv:20614 misc:3198 icu:72.50 pcu:604.25 scu:619.25 tlayer:3 pbqpoffset:3.25 pbfactor:1.46 avgQpOffsetCutree:-1.77;
in:149 out:152 type:b q:19.40 q-aq:19.07 q-noVbv:19.40 q-Rceq:1.00 tex:9449 mv:8615 misc:2192 icu:12.75 pcu:568.50 scu:714.75 tlayer:4 pbqpoffset:6.25 pbfactor:2.06 avgQpOffsetCutree:0.00;
in:151 out:153 type:b q:19.41 q-aq:19.07 q-noVbv:19.41 q-Rceq:1.00 tex:9169 mv:9134 misc:2121 icu:19.50 pcu:515.25 scu:761.25 tlayer:4 pbqpoffset:6.25 pbfactor:2.06 avgQpOffsetCutree:0.00;
in:156 out:154 type:B q:15.78 q-aq:11.38 q-noVbv:15.78 q-Rceq:1.00 tex:116547 mv:20505 misc:3324 icu:223.00 pcu:462.50 scu:610.50 tlayer:2 pbqpoffset:2.61 pbfactor:1.35 avgQpOffsetCutree:-4.21;
in:154 out:155 type:B q:16.42 q-aq:15.05 q-noVbv:16.42 q-Rceq:1.00 tex:20798 mv:11373 misc:2421 icu:32.00 pcu:447.75 scu:816.25 tlayer:3 pbqpoffset:3.25 pbfactor:1.46 avgQpOffsetCutree:-1.73;
in:153 out:156 type:b q:19.41 q-aq:19.15 q-noVbv:19.41 q-Rceq:1.00 tex:4930 mv:5900 misc:1626 icu:6.75 pcu:460.25 scu:829.00 tlayer:4 pbqpoffset:6.25 pbfactor:2.06 avgQpOffsetCutree:0.00;
in:155 out:157 type:b q:19.42 q-aq:19.05 q-noVbv:19.42 q-Rceq:1.00 tex:2503 mv:3183 misc:1170 icu:5.00 pcu:288.25 scu:1002.75 tlayer:4 pbqpoffset:6.25 pbfactor:2.06 avgQpOffsetCutree:0.00;
in:158 out:158 type:B q:16.43 q-aq:14.45 q-noVbv:16.43 q-Rceq:1.00 tex:32504 mv:6483 misc:2197 icu:49.50 pcu:232.50 scu:1014.00 tlayer:3 pbqpoffset:3.25 pbfactor:1.46 avgQpOffsetCutree:-2.02;
in:157 out:159 type:b q:19.20 q-aq:19.00 q-noVbv:19.20 q-Rceq:1.00 tex:2155 mv:1923 misc:946 icu:2.50 pcu:161.25 scu:1132.25 tlayer:4 pbqpoffset:6.03 pbfactor:2.01 avgQpOffsetCutree:0.00;
in:159 out:160 type:b q:19.43 q-aq:19.20 q-noVbv:19.43 q-Rceq:1.00 tex:8831 mv:1745 misc:1168 icu:46.50 pcu:103.50 scu:1146.00 tlayer:4 pbqpoffset:6.25 pbfactor:2.06 avgQpOffsetCutree:0.00;
in:176 out:161 type:k q:13.18 q-aq:6.87 q-noVbv:13.18 q-Rceq:1.00 tex:399472 mv:38242 misc:2846 icu:1151.25 pcu:139.25 scu:5.50 tlayer:0 pbqpoffset:0.37 pbfactor:1.04 avgQpOffsetCutree:-6.60;
in:168 out:162 type:B q:14.55 q-aq:8.89 q-noVbv:14.55 q-Rceq:1.00 tex:258342 mv:30534 misc:3212 icu:547.75 pcu:363.00 scu:385.25 tlayer:1 pbqpoffset:1.37 pbfactor:1.17 avgQpOffsetCutree:-5.45;
in:164 out:163 type:B q:15.40 q-aq:11.87 q-noVbv:15.40 q-Rceq:1.00 tex:114099 mv:25495 misc:2998 icu:214.00 pcu:611.75 scu:470.25 tlayer:2 pbqpoffset:2.22 pbfactor:1.29 avgQpOffsetCutree:-3.33;
in:162 out:164 type:B q:16.41 q-aq:15.03 q-noVbv:16.41 q-Rceq:1.00 tex:40889 mv:16869 misc:2962 icu:58.25 pcu:660.75 scu:577.00 tlayer:3 pbqpoffset:3.23 pbfactor:1.45 avgQpOffsetCutree:-1.64;
in:161 out:165 type:b q:19.41 q-aq:19.10 q-noVbv:19.41 q-Rceq:1.00 tex:6428 mv:6657 misc:1787 icu:4.00 pcu:473.50 scu:818.50 tlayer:4 pbqpoffset:6.23 pbfactor:2.05 avgQpOffsetCutree:0.00;
in:163 out:166 type:b q:19.41 q-aq:19.12 q-noVbv:19.41 q-Rceq:1.00 tex:7577 mv:8227 misc:1908 icu:10.25 pcu:524.75 scu:761.00 tlayer:4 pbqpoffset:6.23 pbfactor:2.05 avgQpOffsetCutree:0.00;
in:166 out:167 type:B q:16.41 q-aq:14.97 q-noVbv:16.41 q-Rceq:1.00 tex:43985 mv:17008 misc:3095 icu:74.00 pcu:582.75 scu:639.25 tlayer:3 pbqpoffset:3.23 pbfactor:1.45 avgQpOffsetCutree:-1.67;
in:165 out:168 type:b q:19.41 q-aq:19.11 q-noVbv:19.41 q-Rceq:1.00 tex:8807 mv:8843 misc:1982 icu:19.75 pcu:567.50 scu:708.75 tlayer:4 pbqpoffset:6.23 pbfactor:2.05 avgQpOffsetCutree:0.00;
in:167 out:169 type:b q:19.41 q-aq:19.15 q-noVbv:19.41 q-Rceq:1.00 tex:7293 mv:6809 misc:1778 icu:7.50 pcu:475.25 scu:813.25 tlayer:4 pbqpoffset:6.23 pbfactor:2.05 avgQpOffsetCutree:0.00;
in:172 out:170 type:B q:15.25 q-aq:10.71 q-noVbv:15.25 q-Rceq:1.00 tex:152478 mv:23557 misc:3165 icu:294.50 pcu:510.50 scu:491.00 tlayer:2 pbqpoffset:2.07 pbfactor:1.27 avgQpOffsetCutree:-4.15;
in:170 out:171 type:B q:16.41 q-aq:15.07 q-noVbv:16.41 q-Rceq:1.00 tex:33123 mv:15549 misc:2872 icu:36.25 pcu:574.75 scu:685.00 tlayer:3 pbqpoffset:3.23 pbfactor:1.45 avgQpOffsetCutree:-1.69;
in:169 out:172 type:b q:19.41 q-aq:19.13 q-noVbv:19.41 q-Rceq:1.00 tex:5821 mv:7415 misc:1820 icu:6.25 pcu:557.25 scu:732.50 tlayer:4 pbqpoffset:6.23 pbfactor:2.05 avgQpOffsetCutree:0.00;
in:171 out:173 type:b q:19.41 q-aq:19.06 q-noVbv:19.41 q-Rceq:1.00 tex:3286 mv:5237 misc:1365 icu:2.25 pcu:375.00 scu:918.75 tlayer:4 pbqpoffset:6.23 pbfactor:2.05 avgQpOffsetCutree:0.00;
in:174 out:174 type:B q:16.41 q-aq:14.14 q-noVbv:16.41 q-Rceq:1.00 tex:33419 mv:8041 misc:2572 icu:42.00 pcu:335.00 scu:919.00 tlayer:3 pbqpoffset:3.23 pbfactor:1.45 avgQpOffsetCutree:-2.07;
in:173 out:175 type:b q:19.37 q-aq:19.01 q-noVbv:19.37 q-Rceq:1.00 tex:1979 mv:2916 misc:1105 icu:1.00 pcu:246.75 scu:1048.25 tlayer:4 pbqpoffset:6.19 pbfactor:2.05 avgQpOffsetCutree:0.00;
in:175 out:176 type:b q:19.41 q-aq:19.05 q-noVbv:19.41 q-Rceq:1.00 tex:6230 mv:2105 misc:1257 icu:31.50 pcu:147.25 scu:1117.25 tlayer:4 pbqpoffset:6.23 pbfactor:2.05 avgQpOffsetCutree:0.00;
in:192 out:177 type:k q:13.22 q-aq:6.75 q-noVbv:13.22 q-Rceq:1.00 tex:408874 mv:40245 misc:2745 icu:1127.25 pcu:156.25 scu:12.50 tlayer:0 pbqpoffset:0.30 pbfactor:1.04 avgQpOffsetCutree:-6.71;
in:184 out:178 type:B q:14.56 q-aq:8.68 q-noVbv:14.56 q-Rceq:1.00 tex:268103 mv:33016 misc:3209 icu:481.25 pcu:456.75 scu:358.00 tlayer:1 pbqpoffset:1.36 pbfactor:1.17 avgQpOffsetCutree:-5.51;
in:180 out:179 type:B q:16.06 q-aq:12.35 q-noVbv:16.06 q-Rceq:1.00 tex:95517 mv:25795 misc:3152 icu:124.75 pcu:670.50 scu:500.75 tlayer:2 pbqpoffset:2.88 pbfactor:1.39 avgQpOffsetCutree:-3.48;
in:178 out:180 type:B q:16.41 q-aq:15.01 q-noVbv:16.41 q-Rceq:1.00 tex:36964 mv:16883 misc:2929 icu:24.50 pcu:689.75 scu:581.75 tlayer:3 pbqpoffset:3.22 pbfactor:1.45 avgQpOffsetCutree:-1.67;
in:177 out:181 type:b q:19.40 q-aq:19.07 q-noVbv:19.40 q-Rceq:1.00 tex:5391 mv:6632 misc:1793 icu:1.75 pcu:503.75 scu:790.50 tlayer:4 pbqpoffset:6.22 pbfactor:2.05 avgQpOffsetCutree:0.00;
in:179 out:182 type:b q:19.41 q-aq:19.03 q-noVbv:19.41 q-Rceq:1.00 tex:5664 mv:7114 misc:1782 icu:9.00 pcu:520.50 scu:766.50 tlayer:4 pbqpoffset:6.22 pbfactor:2.05 avgQpOffsetCutree:0.00;
in:182 out:183 type:B q:16.42 q-aq:14.88 q-noVbv:16.42 q-Rceq:1.00 tex:35487 mv:16892 misc:2917 icu:39.25 pcu:576.75 scu:680.00 tlayer:3 pbqpoffset:3.22 pbfactor:1.45 avgQpOffsetCutree:-1.67;
in:181 out:184 type:b q:19.42 q-aq:19.03 q-noVbv:19.42 q-Rceq:1.00 tex:5506 mv:6550 misc:1840 icu:12.00 pcu:509.75 scu:774.25 tlayer:4 pbqpoffset:6.22 pbfactor:2.05 avgQpOffsetCutree:0.00;
in:183 out:185 type:b q:19.42 q-aq:19.10 q-noVbv:19.42 q-Rceq:1.00 tex:4782 mv:7247 misc:1755 icu:3.25 pcu:518.25 scu:774.50 tlayer:4 pbqpoffset:6.22 pbfactor:2.05 avgQpOffsetCutree:0.00;
in:188 out:186 type:B q:15.29 q-aq:10.75 q-noVbv:15.29 q-Rceq:1.00 tex:157487 mv:27508 misc:3093 icu:282.25 pcu:577.75 scu:436.00 tlayer:2 pbqpoffset:2.08 pbfactor:1.27 avgQpOffsetCutree:-4.10;
in:186 out:187 type:B q:16.43 q-aq:14.78 q-noVbv:16.43 q-Rceq:1.00 tex:31484 mv:16549 misc:2911 icu:29.75 pcu:639.00 scu:627.25 tlayer:3 pbqpoffset:3.22 pbfactor:1.45 avgQpOffsetCutree:-1.86;
in:185 out:188 type:b q:19.43 q-aq:19.09 q-noVbv:19.43 q-Rceq:1.00 tex:5734 mv:7266 misc:1808 icu:4.75 pcu:515.75 scu:775.50 tlayer:4 pbqpoffset:6.22 pbfactor:2.05 avgQpOffsetCutree:0.00;
in:187 out:189 type:b q:19.43 q-aq:19.14 q-noVbv:19.43 q-Rceq:1.00 tex:3324 mv:6687 misc:1765 icu:5.00 pcu:486.00 scu:805.00 tlayer:4 pbqpoffset:6.22 pbfactor:2.05 avgQpOffsetCutree:0.00;
in:190 out:190 type:B q:16.44 q-aq:14.18 q-noVbv:16.44 q-Rceq:1.00 tex:38869 mv:9958 misc:2749 icu:63.00 pcu:403.25 scu:829.75 tlayer:3 pbqpoffset:3.22 pbfactor:1.45 avgQpOffsetCutree:-2.14;
in:189 out:191 type:b q:19.44 q-aq:19.06 q-noVbv:19.44 q-Rceq:1.00 tex:1988 mv:4064 misc:1356 icu:3.25 pcu:308.25 scu:984.50 tlayer:4 pbqpoffset:6.22 pbfactor:2.05 avgQpOffsetCutree:0.00;
in:191 out:192 type:b q:19.44 q-aq:19.09 q-noVbv:19.44 q-Rceq:1.00 tex:5556 mv:2568 misc:1452 icu:13.75 pcu:192.75 scu:1089.50 tlayer:4 pbqpoffset:6.22 pbfactor:2.05 avgQpOffsetCutree:0.00;
in:208 out:193 type:k q:13.26 q-aq:6.92 q-noVbv:13.26 q-Rceq:1.00 tex:409703 mv:41096 misc:2745 icu:1096.50 pcu:176.75 scu:22.75 tlayer:0 pbqpoffset:0.19 pbfactor:1.02 avgQpOffsetCutree:-6.58;
in:200 out:194 type:B q:14.59 q-aq:8.84 q-noVbv:14.59 q-Rceq:1.00 tex:284920 mv:35093 misc:3091 icu:522.50 pcu:473.00 scu:300.50 tlayer:1 pbqpoffset:1.35 pbfactor:1.17 avgQpOffsetCutree:-5.48;
in:196 out:195 type:B q:15.87 q-aq:11.97 q-noVbv:15.87 q-Rceq:1.00 tex:104159 mv:29034 misc:3439 icu:134.25 pcu:737.25 scu:424.50 tlayer:2 pbqpoffset:2.64 pbfactor:1.36 avgQpOffsetCutree:-3.46;
in:194 out:196 type:B q:16.44 q-aq:14.92 q-noVbv:16.44 q-Rceq:1.00 tex:35638 mv:18079 misc:2835 icu:28.00 pcu:648.75 scu:619.25 tlayer:3 pbqpoffset:3.21 pbfactor:1.45 avgQpOffsetCutree:-1.61;
in:193 out:197 type:b q:19.44 q-aq:19.03 q-noVbv:19.44 q-Rceq:1.00 tex:4308 mv:6856 misc:1764 icu:0.75 pcu:480.75 scu:814.50 tlayer:4 pbqpoffset:6.21 pbfactor:2.05 avgQpOffsetCutree:0.00;
in:195 out:198 type:b q:19.44 q-aq:19.13 q-noVbv:19.44 q-Rceq:1.00 tex:5489 mv:8360 misc:1959 icu:4.00 pcu:543.75 scu:748.25 tlayer:4 pbqpoffset:6.21 pbfactor:2.05 avgQpOffsetCutree:0.00;
in:198 out:199 type:B q:16.45 q-aq:14.61 q-noVbv:16.45 q-Rceq:1.00 tex:37695 mv:19433 misc:3064 icu:40.75 pcu:671.75 scu:583.50 tlayer:3 pbqpoffset:3.21 pbfactor:1.45 avgQpOffsetCutree:-1.71;
in:197 out:200 type:b q:19.45 q-aq:19.05 q-noVbv:19.45 q-Rceq:1.00 tex:4860 mv:7454 misc:1942 icu:8.00 pcu:483.50 scu:804.50 tlayer:4 pbqpoffset:6.21 pbfactor:2.05 avgQpOffsetCutree:0.00;
in:199 out:201 type:b q:19.45 q-aq:19.06 q-noVbv:19.45 q-Rceq:1.00 tex:5058 mv:9523 misc:1995 icu:5.00 pcu:644.50 scu:646.50 tlayer:4 pbqpoffset:6.21 pbfactor:2.05 avgQpOffsetCutree:0.00;
in:204 out:202 type:B q:15.44 q-aq:10.62 q-noVbv:15.44 q-Rceq:1.00 tex:154131 mv:24507 misc:3346 icu:233.50 pcu:608.25 scu:454.25 tlayer:2 pbqpoffset:2.18 pbfactor:1.29 avgQpOffsetCutree:-4.30;
in:202 out:203 type:B q:16.46 q-aq:14.79 q-noVbv:16.46 q-Rceq:1.00 tex:26391 mv:15233 misc:2712 icu:28.50 pcu:596.00 scu:671.50 tlayer:3 pbqpoffset:3.21 pbfactor:1.45 avgQpOffsetCutree:-1.83;
in:201 out:204 type:b q:19.46 q-aq:19.21 q-noVbv:19.46 q-Rceq:1.00 tex:5311 mv:7168 misc:1897 icu:7.50 pcu:563.00 scu:725.50 tlayer:4 pbqpoffset:6.21 pbfactor:2.05 avgQpOffsetCutree:0.00;
in:203 out:205 type:b q:19.46 q-aq:19.20 q-noVbv:19.46 q-Rceq:1.00 tex:2982 mv:5681 misc:1601 icu:3.50 pcu:439.75 scu:852.75 tlayer:4 pbqpoffset:6.21 pbfactor:2.05 avgQpOffsetCutree:0.00;
in:206 out:206 type:B q:16.47 q-aq:14.48 q-noVbv:16.47 q-Rceq:1.00 tex:30581 mv:7884 misc:2303 icu:59.25 pcu:291.25 scu:945.50 tlayer:3 pbqpoffset:3.21 pbfactor:1.45 avgQpOffsetCutree:-2.08;
in:205 out:207 type:b q:19.43 q-aq:19.00 q-noVbv:19.43 q-Rceq:1.00 tex:1849 mv:2954 misc:1077 icu:3.50 pcu:297.00 scu:995.50 tlayer:4 pbqpoffset:6.17 pbfactor:2.04 avgQpOffsetCutree:0.00;
in:207 out:208 type:b q:19.47 q-aq:19.49 q-noVbv:19.47 q-Rceq:1.00 tex:4677 mv:1922 misc:1169 icu:5.50 pcu:123.50 scu:1167.00 tlayer:4 pbqpoffset:6.21 pbfactor:2.05 avgQpOffsetCutree:0.00;
in:224 out:209 type:k q:13.31 q-aq:7.15 q-noVbv:13.31 q-Rceq:1.00 tex:396992 mv:40118 misc:2722 icu:1187.00 pcu:105.75 scu:3.25 tlayer:0 pbqpoffset:0.24 pbfactor:1.03 avgQpOffsetCutree:-6.49;
in:216 out:210 type:B q:14.66 q-aq:8.95 q-noVbv:14.66 q-Rceq:1.00 tex:300499 mv:37764 misc:3241 icu:572.75 pcu:475.50 scu:247.75 tlayer:1 pbqpoffset:1.38 pbfactor:1.17 avgQpOffsetCutree:-5.56;
in:212 out:211 type:B q:15.87 q-aq:12.44 q-noVbv:15.87 q-Rceq:1.00 tex:112132 mv:27088 misc:3092 icu:170.75 pcu:644.00 scu:481.25 tlayer:2 pbqpoffset:2.59 pbfactor:1.35 avgQpOffsetCutree:-3.22;
in:210 out:212 type:B q:16.51 q-aq:15.26 q-noVbv:16.51 q-Rceq:1.00 tex:36829 mv:17149 misc:2854 icu:42.00 pcu:657.75 scu:596.25 tlayer:3 pbqpoffset:3.24 pbfactor:1.45 avgQpOffsetCutree:-1.68;
in:209 out:213 type:b q:19.51 q-aq:19.39 q-noVbv:19.51 q-Rceq:1.00 tex:5624 mv:6831 misc:1801 icu:2.50 pcu:464.75 scu:828.75 tlayer:4 pbqpoffset:6.24 pbfactor:2.06 avgQpOffsetCutree:0.00;
in:211 out:214 type:b q:19.51 q-aq:19.52 q-noVbv:19.51 q-Rceq:1.00 tex:7145 mv:8272 misc:2063 icu:12.25 pcu:552.25 scu:731.50 tlayer:4 pbqpoffset:6.24 pbfactor:2.06 avgQpOffsetCutree:0.00;
in:214 out:215 type:B q:16.52 q-aq:14.97 q-noVbv:16.52 q-Rceq:1.00 tex:47496 mv:23252 misc:3372 icu:67.00 pcu:814.50 scu:414.50 tlayer:3 pbqpoffset:3.24 pbfactor:1.45 avgQpOffsetCutree:-1.66;
in:213 out:216 type:b q:19.52 q-aq:19.55 q-noVbv:19.52 q-Rceq:1.00 tex:6904 mv:9440 misc:2144 icu:12.50 pcu:604.00 scu:679.50 tlayer:4 pbqpoffset:6.24 pbfactor:2.06 avgQpOffsetCutree:0.00;
in:215 out:217 type:b q:19.53 q-aq:19.43 q-noVbv:19.53 q-Rceq:1.00 tex:6734 mv:9781 misc:2125 icu:4.50 pcu:654.00 scu:637.50 tlayer:4 pbqpoffset:6.24 pbfactor:2.06 avgQpOffsetCutree:0.00;
in:220 out:218 type:B q:15.83 q-aq:10.87 q-noVbv:15.83 q-Rceq:1.00 tex:132643 mv:23180 misc:3681 icu:196.25 pcu:579.25 scu:520.50 tlayer:2 pbqpoffset:2.53 pbfactor:1.34 avgQpOffsetCutree:-4.48;
in:218 out:219 type:B q:16.53 q-aq:14.99 q-noVbv:16.53 q-Rceq:1.00 tex:22635 mv:11148 misc:2457 icu:20.50 pcu:370.25 scu:905.25 tlayer:3 pbqpoffset:3.24 pbfactor:1.45 avgQpOffsetCutree:-1.88;
in:217 out:220 type:b q:19.53 q-aq:19.61 q-noVbv:19.53 q-Rceq:1.00 tex:4775 mv:6826 misc:1623 icu:4.00 pcu:545.75 scu:746.25 tlayer:4 pbqpoffset:6.24 pbfactor:2.06 avgQpOffsetCutree:0.00;
in:219 out:221 type:b q:19.54 q-aq:19.83 q-noVbv:19.54 q-Rceq:1.00 tex:2163 mv:3286 misc:1207 icu:2.00 pcu:220.25 scu:1073.75 tlayer:4 pbqpoffset:6.24 pbfactor:2.06 avgQpOffsetCutree:0.00;
in:222 out:222 type:B q:16.55 q-aq:14.83 q-noVbv:16.55 q-Rceq:1.00 tex:27828 mv:5378 misc:1762 icu:56.00 pcu:168.00 scu:1072.00 tlayer:3 pbqpoffset:3.24 pbfactor:1.45 avgQpOffsetCutree:-2.01;
in:221 out:223 type:b q:19.54 q-aq:19.84 q-noVbv:19.54 q-Rceq:1.00 tex:2848 mv:2143 misc:849 icu:2.25 pcu:138.75 scu:1155.00 tlayer:4 pbqpoffset:6.24 pbfactor:2.06 avgQpOffsetCutree:0.00;
in:223 out:224 type:b q:19.55 q-aq:19.99 q-noVbv:19.55 q-Rceq:1.00 tex:6746 mv:1559 misc:959 icu:13.00 pcu:118.25 scu:1164.75 tlayer:4 pbqpoffset:6.24 pbfactor:2.06 avgQpOffsetCutree:0.00;
in:240 out:225 type:k q:13.36 q-aq:8.22 q-noVbv:13.36 q-Rceq:1.00 tex:349965 mv:38183 misc:2604 icu:1159.50 pcu:132.75 scu:3.75 tlayer:0 pbqpoffset:0.25 pbfactor:1.03 avgQpOffsetCutree:-5.55;
in:232 out:226 type:B q:14.75 q-aq:8.79 q-noVbv:14.75 q-Rceq:1.00 tex:281007 mv:33023 misc:3074 icu:521.75 pcu:443.25 scu:331.00 tlayer:1 pbqpoffset:1.41 pbfactor:1.18 avgQpOffsetCutree:-5.73;
in:228 out:227 type:B q:15.55 q-aq:11.71 q-noVbv:15.55 q-Rceq:1.00 tex:119441 mv:27593 misc:3174 icu:190.25 pcu:609.75 scu:496.00 tlayer:2 pbqpoffset:2.23 pbfactor:1.29 avgQpOffsetCutree:-3.49;
in:226 out:228 type:B q:16.60 q-aq:14.93 q-noVbv:16.60 q-Rceq:1.00 tex:42162 mv:17797 misc:2921 icu:53.75 pcu:603.50 scu:638.75 tlayer:3 pbqpoffset:3.28 pbfactor:1.46 avgQpOffsetCutree:-1.68;
in:225 out:229 type:b q:19.59 q-aq:20.00 q-noVbv:19.59 q-Rceq:1.00 tex:5568 mv:6614 misc:1842 icu:6.00 pcu:492.00 scu:798.00 tlayer:4 pbqpoffset:6.28 pbfactor:2.07 avgQpOffsetCutree:0.00;
in:227 out:230 type:b q:19.60 q-aq:19.98 q-noVbv:19.60 q-Rceq:1.00 tex:6644 mv:7539 misc:1929 icu:10.50 pcu:461.25 scu:824.25 tlayer:4 pbqpoffset:6.28 pbfactor:2.07 avgQpOffsetCutree:0.00;
in:230 out:231 type:B q:16.61 q-aq:15.30 q-noVbv:16.61 q-Rceq:1.00 tex:43172 mv:18498 misc:2962 icu:57.50 pcu:559.00 scu:679.50 tlayer:3 pbqpoffset:3.28 pbfactor:1.46 avgQpOffsetCutree:-1.69;
in:229 out:232 type:b q:19.61 q-aq:19.99 q-noVbv:19.61 q-Rceq:1.00 tex:6566 mv:8346 misc:1936 icu:9.00 pcu:527.25 scu:759.75 tlayer:4 pbqpoffset:6.28 pbfactor:2.07 avgQpOffsetCutree:0.00;
in:231 out:233 type:b q:19.61 q-aq:19.99 q-noVbv:19.61 q-Rceq:1.00 tex:6647 mv:7418 misc:1871 icu:14.50 pcu:447.50 scu:834.00 tlayer:4 pbqpoffset:6.28 pbfactor:2.07 avgQpOffsetCutree:0.00;
in:236 out:234 type:B q:16.36 q-aq:11.72 q-noVbv:16.36 q-Rceq:1.00 tex:104385 mv:17671 misc:2976 icu:175.00 pcu:442.25 scu:678.75 tlayer:2 pbqpoffset:3.01 pbfactor:1.42 avgQpOffsetCutree:-4.13;
in:234 out:235 type:B q:16.62 q-aq:15.22 q-noVbv:16.62 q-Rceq:1.00 tex:21876 mv:11172 misc:2160 icu:25.75 pcu:389.50 scu:880.75 tlayer:3 pbqpoffset:3.28 pbfactor:1.46 avgQpOffsetCutree:-1.87;
in:233 out:236 type:b q:19.62 q-aq:20.00 q-noVbv:19.62 q-Rceq:1.00 tex:3229 mv:4826 misc:1449 icu:7.75 pcu:343.50 scu:944.75 tlayer:4 pbqpoffset:6.28 pbfactor:2.07 avgQpOffsetCutree:0.00;
in:235 out:237 type:b q:19.62 q-aq:20.00 q-noVbv:19.62 q-Rceq:1.00 tex:2000 mv:3480 misc:1088 icu:4.00 pcu:306.75 scu:985.25 tlayer:4 pbqpoffset:6.28 pbfactor:2.07 avgQpOffsetCutree:0.00;
in:238 out:238 type:B q:16.63 q-aq:14.93 q-noVbv:16.63 q-Rceq:1.00 tex:29682 mv:5895 misc:2071 icu:64.50 pcu:258.00 scu:973.50 tlayer:3 pbqpoffset:3.28 pbfactor:1.46 avgQpOffsetCutree:-2.00;
in:237 out:239 type:b q:19.49 q-aq:19.04 q-noVbv:19.49 q-Rceq:1.00 tex:2100 mv:1966 misc:990 icu:4.50 pcu:172.00 scu:1119.50 tlayer:4 pbqpoffset:6.14 pbfactor:2.03 avgQpOffsetCutree:0.00;
in:239 out:240 type:b q:19.63 q-aq:20.00 q-noVbv:19.63 q-Rceq:1.00 tex:6174 mv:1823 misc:1035 icu:24.00 pcu:92.00 scu:1180.00 tlayer:4 pbqpoffset:6.28 pbfactor:2.07 avgQpOffsetCutree:0.00;
in:249 out:241 type:k q:14.92 q-aq:11.77 q-noVbv:14.92 q-Rceq:1.00 tex:165028 mv:25431 misc:3181 icu:370.00 pcu:467.25 scu:458.75 tlayer:0 pbqpoffset:0.22 pbfactor:1.03 avgQpOffsetCutree:-3.20;
in:245 out:242 type:B q:16.02 q-aq:12.30 q-noVbv:16.02 q-Rceq:1.00 tex:67066 mv:13060 misc:2434 icu:166.50 pcu:271.50 scu:858.00 tlayer:1 pbqpoffset:1.79 pbfactor:1.23 avgQpOffsetCutree:-4.04;
in:243 out:243 type:B q:15.55 q-aq:13.94 q-noVbv:15.55 q-Rceq:1.00 tex:52519 mv:16662 misc:2787 icu:119.50 pcu:447.25 scu:729.25 tlayer:2 pbqpoffset:1.68 pbfactor:1.21 avgQpOffsetCutree:-1.92;
in:242 out:244 type:B q:15.86 q-aq:16.17 q-noVbv:15.86 q-Rceq:1.00 tex:24647 mv:13783 misc:2618 icu:45.75 pcu:506.50 scu:743.75 tlayer:3 pbqpoffset:2.16 pbfactor:1.28 avgQpOffsetCutree:-0.29;
in:241 out:245 type:b q:19.67 q-aq:20.00 q-noVbv:19.67 q-Rceq:1.00 tex:5833 mv:5724 misc:1691 icu:8.50 pcu:335.00 scu:952.50 tlayer:4 pbqpoffset:6.14 pbfactor:2.03 avgQpOffsetCutree:0.00;
in:244 out:246 type:b q:20.19 q-aq:20.02 q-noVbv:20.19 q-Rceq:1.00 tex:4328 mv:4712 misc:1488 icu:9.00 pcu:328.50 scu:958.50 tlayer:3 pbqpoffset:6.14 pbfactor:2.03 avgQpOffsetCutree:0.00;
in:247 out:247 type:B q:17.71 q-aq:16.23 q-noVbv:17.71 q-Rceq:1.00 tex:15848 mv:4319 misc:1417 icu:56.25 pcu:236.00 scu:1003.75 tlayer:2 pbqpoffset:3.14 pbfactor:1.44 avgQpOffsetCutree:-1.89;
in:246 out:248 type:b q:20.54 q-aq:20.88 q-noVbv:20.54 q-Rceq:1.00 tex:4310 mv:2829 misc:1085 icu:13.00 pcu:220.50 scu:1062.50 tlayer:3 pbqpoffset:6.14 pbfactor:2.03 avgQpOffsetCutree:0.00;
in:248 out:249 type:b q:20.13 q-aq:20.00 q-noVbv:20.13 q-Rceq:1.00 tex:2921 mv:1726 misc:825 icu:14.00 pcu:149.25 scu:1132.75 tlayer:3 pbqpoffset:5.39 pbfactor:1.86 avgQpOffsetCutree:0.00;
