000 (063.000.000) 2020-12-21 22:54:07 Job submitted from host: <10.0.0.63:9618?PrivAddr=%3c10.0.0.63:9618%3fsock%3dschedd_6827_5527%3e&PrivNet=ryzen7-1700x&addrs=10.0.0.63-9618&alias=ryzen7-1700x&noUDP&sock=schedd_6827_5527>
...
040 (063.000.000) 2020-12-21 22:54:13 Started transferring input files
	Transferring to host: <10.0.0.62:9618?addrs=10.0.0.62-9618&alias=e5-2620&noUDP&sock=slot6_3111_bb18_32>
...
040 (063.000.000) 2020-12-21 22:54:14 Finished transferring input files
...
001 (063.000.000) 2020-12-21 22:54:15 Job executing on host: <10.0.0.62:9618?addrs=10.0.0.62-9618&alias=e5-2620&noUDP&sock=startd_3076_7568>
...
006 (063.000.000) 2020-12-21 22:54:23 Image size of job updated: 268768
	187  -  MemoryUsage of job (MB)
	190560  -  ResidentSetSize of job (KB)
...
006 (063.000.000) 2020-12-21 22:59:23 Image size of job updated: 329392
	228  -  MemoryUsage of job (MB)
	233276  -  ResidentSetSize of job (KB)
...
040 (063.000.000) 2020-12-21 23:04:24 Started transferring output files
...
040 (063.000.000) 2020-12-21 23:04:26 Finished transferring output files
...
005 (063.000.000) 2020-12-21 23:04:26 Job terminated.
	(1) Normal termination (return value 0)
		Usr 0 00:10:08, Sys 0 00:00:00  -  Run Remote Usage
		Usr 0 00:00:00, Sys 0 00:00:00  -  Run Local Usage
		Usr 0 00:10:08, Sys 0 00:00:00  -  Total Remote Usage
		Usr 0 00:00:00, Sys 0 00:00:00  -  Total Local Usage
	3252888  -  Run Bytes Sent By Job
	4532560  -  Run Bytes Received By Job
	3252888  -  Total Bytes Sent By Job
	4532560  -  Total Bytes Received By Job
	Partitionable Resources :    Usage  Request Allocated 
	   Cpus                 :     1.00        1         1 
	   Disk (KB)            :  7617        4500   1939940 
	   Memory (MB)          :   228           5      4020 

	Job terminated of its own accord at 2020-12-22T04:04:49Z.
...
