#options: cpuid=1050111 frame-threads=1 no-wpp no-pmode no-pme psnr no-ssim log-level=2 bitdepth=8 input-csp=1 fps=25000/1000 input-res=768x432 interlace=0 total-frames=250 level-idc=0 high-tier=1 uhd-bd=0 ref=4 no-allow-non-conformance no-repeat-headers annexb no-aud no-hrd info hash=0 no-temporal-layers open-gop min-keyint=1 keyint=5000 bframes=15 b-adapt=2 b-pyramid bframe-bias=0 rc-lookahead=40 lookahead-slices=0 scenecut=40 no-intra-refresh ctu=64 min-cu-size=8 rect amp max-tu-size=32 tu-inter-depth=3 tu-intra-depth=3 limit-tu=4 rdoq-level=2 dynamic-rd=0.00 no-ssim-rd signhide no-tskip nr-intra=0 nr-inter=0 no-constrained-intra strong-intra-smoothing max-merge=4 limit-refs=1 limit-modes me=3 subme=4 merange=57 temporal-mvp weightp weightb no-analyze-src-pics deblock=0:0 sao no-sao-non-deblock rd=6 no-early-skip rskip no-fast-intra no-tskip-fast no-cu-lossless b-intra rdpenalty=0 psy-rd=0.00 psy-rdoq=0.00 no-rd-refine analysis-reuse-mode=0 no-lossless cbqpoffs=0 crqpoffs=0 rc=abr bitrate=2000 qcomp=0.60 qpstep=4 stats-write=1 stats-read=0 slow-firstpass ipratio=1.40 pbratio=1.30 aq-mode=1 aq-strength=0.00 cutree zone-count=0 no-strict-cbr qg-size=64 no-rc-grain qpmax=69 qpmin=0 no-const-vbv sar=0 overscan=0 videoformat=5 range=0 colorprim=2 transfer=2 colormatrix=2 chromaloc=0 display-window=0 max-cll=0,0 min-luma=0 max-luma=255 log2-max-poc-lsb=8 vui-timing-info vui-hrd-info slices=1 opt-qp-pps opt-ref-list-length-pps no-multi-pass-opt-rps scenecut-bias=0.05 no-opt-cu-delta-qp no-aq-motion no-hdr no-hdr-opt no-dhdr10-opt analysis-reuse-level=5 scale-factor=0 refine-intra=0 refine-inter=0 refine-mv=0 no-limit-sao ctu-info=0 max-tlayer=4
in:0 out:0 type:I q:25.21 q-aq:21.56 q-noVbv:25.21 q-Rceq:1.00 tex:296144 mv:38352 misc:2392 icu:1296.00 pcu:0.00 scu:0.00 tlayer:0 pbqpoffset:0.00 pbfactor:1.00 avgQpOffsetCutree:-4.89;
in:5 out:1 type:k q:28.12 q-aq:22.91 q-noVbv:28.12 q-Rceq:1.00 tex:143443 mv:28742 misc:3791 icu:458.75 pcu:779.50 scu:57.75 tlayer:0 pbqpoffset:0.00 pbfactor:1.00 avgQpOffsetCutree:-4.99;
in:3 out:2 type:B q:30.69 q-aq:28.76 q-noVbv:30.69 q-Rceq:1.00 tex:27392 mv:18955 misc:3373 icu:77.00 pcu:859.00 scu:360.00 tlayer:1 pbqpoffset:2.57 pbfactor:1.35 avgQpOffsetCutree:-2.08;
in:2 out:3 type:B q:31.19 q-aq:31.05 q-noVbv:31.19 q-Rceq:1.00 tex:10868 mv:13016 misc:2852 icu:25.50 pcu:740.50 scu:530.00 tlayer:2 pbqpoffset:3.06 pbfactor:1.42 avgQpOffsetCutree:-0.88;
in:1 out:4 type:b q:32.37 q-aq:32.11 q-noVbv:32.37 q-Rceq:1.00 tex:6706 mv:9882 misc:2188 icu:3.50 pcu:763.25 scu:529.25 tlayer:3 pbqpoffset:4.24 pbfactor:1.63 avgQpOffsetCutree:0.00;
in:4 out:5 type:b q:32.23 q-aq:32.04 q-noVbv:32.23 q-Rceq:1.00 tex:5965 mv:9410 misc:2073 icu:22.00 pcu:708.00 scu:566.00 tlayer:2 pbqpoffset:4.10 pbfactor:1.61 avgQpOffsetCutree:0.00;
in:17 out:6 type:k q:25.17 q-aq:21.92 q-noVbv:25.17 q-Rceq:1.00 tex:277304 mv:24318 misc:2194 icu:1234.50 pcu:60.50 scu:1.00 tlayer:0 pbqpoffset:0.00 pbfactor:1.00 avgQpOffsetCutree:-4.97;
in:11 out:7 type:B q:28.86 q-aq:24.84 q-noVbv:28.86 q-Rceq:1.00 tex:113491 mv:24454 misc:3487 icu:468.25 pcu:733.00 scu:94.75 tlayer:1 pbqpoffset:2.22 pbfactor:1.29 avgQpOffsetCutree:-4.18;
in:8 out:8 type:B q:30.83 q-aq:28.52 q-noVbv:30.83 q-Rceq:1.00 tex:32937 mv:18112 misc:3231 icu:95.00 pcu:894.50 scu:306.50 tlayer:2 pbqpoffset:3.44 pbfactor:1.49 avgQpOffsetCutree:-2.34;
in:7 out:9 type:B q:31.71 q-aq:31.54 q-noVbv:31.71 q-Rceq:1.00 tex:8659 mv:11945 misc:2636 icu:39.75 pcu:765.50 scu:490.75 tlayer:3 pbqpoffset:4.08 pbfactor:1.60 avgQpOffsetCutree:-0.82;
in:6 out:10 type:b q:34.96 q-aq:35.00 q-noVbv:34.96 q-Rceq:1.00 tex:3450 mv:7077 misc:1849 icu:22.25 pcu:663.00 scu:610.75 tlayer:4 pbqpoffset:7.08 pbfactor:2.27 avgQpOffsetCutree:0.00;
in:10 out:11 type:B q:30.97 q-aq:30.75 q-noVbv:30.97 q-Rceq:1.00 tex:9970 mv:12598 misc:2848 icu:20.50 pcu:745.75 scu:529.75 tlayer:3 pbqpoffset:4.08 pbfactor:1.60 avgQpOffsetCutree:-0.88;
in:9 out:12 type:b q:34.22 q-aq:34.00 q-noVbv:34.22 q-Rceq:1.00 tex:4254 mv:7408 misc:2058 icu:4.25 pcu:638.50 scu:653.25 tlayer:4 pbqpoffset:7.08 pbfactor:2.27 avgQpOffsetCutree:0.00;
in:14 out:13 type:B q:28.86 q-aq:26.28 q-noVbv:28.86 q-Rceq:1.00 tex:64856 mv:20337 misc:3527 icu:208.25 pcu:912.25 scu:175.50 tlayer:2 pbqpoffset:2.95 pbfactor:1.41 avgQpOffsetCutree:-2.54;
in:13 out:14 type:B q:30.24 q-aq:29.96 q-noVbv:30.24 q-Rceq:1.00 tex:9254 mv:11539 misc:2911 icu:25.75 pcu:705.75 scu:564.50 tlayer:3 pbqpoffset:4.08 pbfactor:1.60 avgQpOffsetCutree:-0.92;
in:12 out:15 type:b q:33.48 q-aq:33.57 q-noVbv:33.48 q-Rceq:1.00 tex:4420 mv:8182 misc:2126 icu:7.00 pcu:687.75 scu:601.25 tlayer:4 pbqpoffset:7.08 pbfactor:2.27 avgQpOffsetCutree:0.00;
in:16 out:16 type:B q:29.50 q-aq:30.88 q-noVbv:29.50 q-Rceq:1.00 tex:13759 mv:10876 misc:2909 icu:84.25 pcu:551.50 scu:660.25 tlayer:3 pbqpoffset:4.08 pbfactor:1.60 avgQpOffsetCutree:-0.06;
in:15 out:17 type:b q:32.74 q-aq:33.00 q-noVbv:32.74 q-Rceq:1.00 tex:2421 mv:6610 misc:1817 icu:28.75 pcu:600.00 scu:667.25 tlayer:4 pbqpoffset:7.08 pbfactor:2.27 avgQpOffsetCutree:0.00;
in:33 out:18 type:k q:25.06 q-aq:21.99 q-noVbv:25.06 q-Rceq:1.00 tex:254735 mv:25669 misc:2340 icu:1223.75 pcu:71.75 scu:0.50 tlayer:0 pbqpoffset:0.00 pbfactor:1.00 avgQpOffsetCutree:-5.14;
in:25 out:19 type:B q:27.83 q-aq:24.56 q-noVbv:27.83 q-Rceq:1.00 tex:141626 mv:22357 misc:2897 icu:668.50 pcu:618.00 scu:9.50 tlayer:1 pbqpoffset:2.71 pbfactor:1.37 avgQpOffsetCutree:-4.49;
in:21 out:20 type:B q:28.57 q-aq:25.40 q-noVbv:28.57 q-Rceq:1.00 tex:66195 mv:24191 misc:3750 icu:195.25 pcu:930.00 scu:170.75 tlayer:2 pbqpoffset:3.43 pbfactor:1.49 avgQpOffsetCutree:-3.18;
in:19 out:21 type:B q:29.74 q-aq:28.45 q-noVbv:29.74 q-Rceq:1.00 tex:21263 mv:17872 misc:3281 icu:63.25 pcu:878.50 scu:354.25 tlayer:3 pbqpoffset:4.58 pbfactor:1.70 avgQpOffsetCutree:-1.60;
in:18 out:22 type:b q:32.74 q-aq:33.00 q-noVbv:32.74 q-Rceq:1.00 tex:5215 mv:8465 misc:1968 icu:8.00 pcu:754.00 scu:534.00 tlayer:4 pbqpoffset:7.58 pbfactor:2.40 avgQpOffsetCutree:0.00;
in:20 out:23 type:b q:32.73 q-aq:33.00 q-noVbv:32.73 q-Rceq:1.00 tex:4991 mv:7971 misc:2086 icu:8.00 pcu:654.00 scu:634.00 tlayer:4 pbqpoffset:7.58 pbfactor:2.40 avgQpOffsetCutree:0.00;
in:23 out:24 type:B q:29.71 q-aq:28.36 q-noVbv:29.71 q-Rceq:1.00 tex:22703 mv:17217 misc:3384 icu:61.00 pcu:856.50 scu:378.50 tlayer:3 pbqpoffset:4.58 pbfactor:1.70 avgQpOffsetCutree:-1.67;
in:22 out:25 type:b q:32.72 q-aq:33.00 q-noVbv:32.72 q-Rceq:1.00 tex:4921 mv:8291 misc:2124 icu:12.75 pcu:673.00 scu:610.25 tlayer:4 pbqpoffset:7.58 pbfactor:2.40 avgQpOffsetCutree:0.00;
in:24 out:26 type:b q:32.70 q-aq:33.00 q-noVbv:32.70 q-Rceq:1.00 tex:4589 mv:8864 misc:2163 icu:9.50 pcu:735.50 scu:551.00 tlayer:4 pbqpoffset:7.58 pbfactor:2.40 avgQpOffsetCutree:0.00;
in:29 out:27 type:B q:27.96 q-aq:25.07 q-noVbv:27.96 q-Rceq:1.00 tex:94928 mv:22995 misc:3357 icu:412.75 pcu:814.00 scu:69.25 tlayer:2 pbqpoffset:2.87 pbfactor:1.39 avgQpOffsetCutree:-3.17;
in:27 out:28 type:B q:29.68 q-aq:28.49 q-noVbv:29.68 q-Rceq:1.00 tex:21766 mv:17749 misc:3365 icu:81.75 pcu:854.50 scu:359.75 tlayer:3 pbqpoffset:4.58 pbfactor:1.70 avgQpOffsetCutree:-1.50;
in:26 out:29 type:b q:32.69 q-aq:33.00 q-noVbv:32.69 q-Rceq:1.00 tex:5455 mv:8354 misc:2055 icu:9.75 pcu:710.25 scu:576.00 tlayer:4 pbqpoffset:7.58 pbfactor:2.40 avgQpOffsetCutree:0.00;
in:28 out:30 type:b q:32.67 q-aq:33.00 q-noVbv:32.67 q-Rceq:1.00 tex:4380 mv:8234 misc:2082 icu:9.25 pcu:700.00 scu:586.75 tlayer:4 pbqpoffset:7.58 pbfactor:2.40 avgQpOffsetCutree:0.00;
in:31 out:31 type:B q:29.33 q-aq:29.01 q-noVbv:29.33 q-Rceq:1.00 tex:27088 mv:15881 misc:3351 icu:116.00 pcu:846.00 scu:334.00 tlayer:3 pbqpoffset:4.26 pbfactor:1.63 avgQpOffsetCutree:-1.00;
in:30 out:32 type:b q:32.66 q-aq:33.00 q-noVbv:32.66 q-Rceq:1.00 tex:4375 mv:8435 misc:2054 icu:6.00 pcu:703.00 scu:587.00 tlayer:4 pbqpoffset:7.58 pbfactor:2.40 avgQpOffsetCutree:0.00;
in:32 out:33 type:b q:31.91 q-aq:32.00 q-noVbv:31.91 q-Rceq:1.00 tex:10605 mv:9141 misc:2590 icu:44.50 pcu:606.00 scu:645.50 tlayer:4 pbqpoffset:6.84 pbfactor:2.20 avgQpOffsetCutree:0.00;
in:49 out:34 type:k q:21.55 q-aq:18.25 q-noVbv:21.55 q-Rceq:1.00 tex:380328 mv:31828 misc:2236 icu:1257.00 pcu:39.00 scu:0.00 tlayer:0 pbqpoffset:0.00 pbfactor:1.00 avgQpOffsetCutree:-5.38;
in:41 out:35 type:B q:26.10 q-aq:22.62 q-noVbv:26.10 q-Rceq:1.00 tex:183796 mv:26853 misc:2839 icu:639.75 pcu:647.00 scu:9.25 tlayer:1 pbqpoffset:2.80 pbfactor:1.38 avgQpOffsetCutree:-4.59;
in:37 out:36 type:B q:27.54 q-aq:24.33 q-noVbv:27.54 q-Rceq:1.00 tex:77010 mv:25045 misc:4161 icu:201.00 pcu:900.25 scu:194.75 tlayer:2 pbqpoffset:3.36 pbfactor:1.47 avgQpOffsetCutree:-3.28;
in:35 out:37 type:B q:29.28 q-aq:28.15 q-noVbv:29.28 q-Rceq:1.00 tex:24481 mv:16909 misc:3074 icu:50.00 pcu:844.75 scu:401.25 tlayer:3 pbqpoffset:4.66 pbfactor:1.71 avgQpOffsetCutree:-1.53;
in:34 out:38 type:b q:32.50 q-aq:33.00 q-noVbv:32.50 q-Rceq:1.00 tex:6064 mv:8097 misc:1967 icu:2.00 pcu:720.00 scu:574.00 tlayer:4 pbqpoffset:7.66 pbfactor:2.42 avgQpOffsetCutree:0.00;
in:36 out:39 type:b q:32.06 q-aq:32.00 q-noVbv:32.06 q-Rceq:1.00 tex:5925 mv:8191 misc:2052 icu:6.75 pcu:714.50 scu:574.75 tlayer:4 pbqpoffset:7.66 pbfactor:2.42 avgQpOffsetCutree:0.00;
in:39 out:40 type:B q:28.34 q-aq:27.03 q-noVbv:28.34 q-Rceq:1.00 tex:33413 mv:20154 misc:3609 icu:70.00 pcu:908.00 scu:318.00 tlayer:3 pbqpoffset:4.59 pbfactor:1.70 avgQpOffsetCutree:-1.67;
in:38 out:41 type:b q:31.62 q-aq:32.00 q-noVbv:31.62 q-Rceq:1.00 tex:7834 mv:9640 misc:2246 icu:12.75 pcu:748.50 scu:534.75 tlayer:4 pbqpoffset:7.66 pbfactor:2.42 avgQpOffsetCutree:0.00;
in:40 out:42 type:b q:31.18 q-aq:31.02 q-noVbv:31.18 q-Rceq:1.00 tex:7605 mv:10758 misc:2477 icu:10.25 pcu:727.25 scu:558.50 tlayer:4 pbqpoffset:7.66 pbfactor:2.42 avgQpOffsetCutree:0.00;
in:45 out:43 type:B q:25.35 q-aq:22.26 q-noVbv:25.35 q-Rceq:1.00 tex:152678 mv:26519 misc:3619 icu:418.25 pcu:818.50 scu:59.25 tlayer:2 pbqpoffset:2.92 pbfactor:1.40 avgQpOffsetCutree:-3.34;
in:43 out:44 type:B q:27.52 q-aq:26.28 q-noVbv:27.52 q-Rceq:1.00 tex:34306 mv:22100 misc:3570 icu:68.00 pcu:882.25 scu:345.75 tlayer:3 pbqpoffset:4.66 pbfactor:1.71 avgQpOffsetCutree:-1.66;
in:42 out:45 type:b q:30.74 q-aq:31.00 q-noVbv:30.74 q-Rceq:1.00 tex:8294 mv:10543 misc:2419 icu:7.50 pcu:734.00 scu:554.50 tlayer:4 pbqpoffset:7.66 pbfactor:2.42 avgQpOffsetCutree:0.00;
in:44 out:46 type:b q:30.31 q-aq:30.07 q-noVbv:30.31 q-Rceq:1.00 tex:7865 mv:11065 misc:2518 icu:10.00 pcu:760.00 scu:526.00 tlayer:4 pbqpoffset:7.66 pbfactor:2.42 avgQpOffsetCutree:0.00;
in:47 out:47 type:B q:26.60 q-aq:26.35 q-noVbv:26.60 q-Rceq:1.00 tex:34852 mv:17308 misc:3520 icu:120.25 pcu:728.25 scu:447.50 tlayer:3 pbqpoffset:4.61 pbfactor:1.70 avgQpOffsetCutree:-0.95;
in:46 out:48 type:b q:29.87 q-aq:30.00 q-noVbv:29.87 q-Rceq:1.00 tex:4118 mv:8987 misc:2047 icu:11.50 pcu:727.25 scu:557.25 tlayer:4 pbqpoffset:7.66 pbfactor:2.42 avgQpOffsetCutree:0.00;
in:48 out:49 type:b q:28.05 q-aq:28.05 q-noVbv:28.05 q-Rceq:1.00 tex:25328 mv:13435 misc:3333 icu:88.00 pcu:636.75 scu:571.25 tlayer:4 pbqpoffset:6.28 pbfactor:2.07 avgQpOffsetCutree:0.00;
in:65 out:50 type:k q:21.29 q-aq:17.94 q-noVbv:21.29 q-Rceq:1.00 tex:390579 mv:32436 misc:2537 icu:1241.25 pcu:54.25 scu:0.50 tlayer:0 pbqpoffset:1.43 pbfactor:1.18 avgQpOffsetCutree:-5.59;
in:57 out:51 type:B q:24.32 q-aq:20.84 q-noVbv:24.32 q-Rceq:1.00 tex:212293 mv:29074 misc:2825 icu:698.75 pcu:576.75 scu:20.50 tlayer:1 pbqpoffset:2.90 pbfactor:1.40 avgQpOffsetCutree:-4.90;
in:53 out:52 type:B q:25.04 q-aq:22.42 q-noVbv:25.04 q-Rceq:1.00 tex:91711 mv:30244 misc:4021 icu:213.50 pcu:880.75 scu:201.75 tlayer:2 pbqpoffset:3.56 pbfactor:1.51 avgQpOffsetCutree:-3.09;
in:51 out:53 type:B q:26.28 q-aq:25.30 q-noVbv:26.28 q-Rceq:1.00 tex:33244 mv:21947 misc:3617 icu:69.00 pcu:837.75 scu:389.25 tlayer:3 pbqpoffset:4.77 pbfactor:1.73 avgQpOffsetCutree:-1.60;
in:50 out:54 type:b q:29.30 q-aq:29.19 q-noVbv:29.30 q-Rceq:1.00 tex:8018 mv:10517 misc:2481 icu:12.00 pcu:702.50 scu:581.50 tlayer:4 pbqpoffset:7.77 pbfactor:2.45 avgQpOffsetCutree:0.00;
in:52 out:55 type:b q:29.26 q-aq:29.12 q-noVbv:29.26 q-Rceq:1.00 tex:8276 mv:11768 misc:2556 icu:11.75 pcu:751.75 scu:532.50 tlayer:4 pbqpoffset:7.77 pbfactor:2.45 avgQpOffsetCutree:0.00;
in:55 out:56 type:B q:26.22 q-aq:25.19 q-noVbv:26.22 q-Rceq:1.00 tex:33678 mv:21107 misc:3695 icu:60.25 pcu:866.75 scu:369.00 tlayer:3 pbqpoffset:4.77 pbfactor:1.73 avgQpOffsetCutree:-1.67;
in:54 out:57 type:b q:29.23 q-aq:29.07 q-noVbv:29.23 q-Rceq:1.00 tex:8826 mv:10679 misc:2455 icu:13.50 pcu:763.00 scu:519.50 tlayer:4 pbqpoffset:7.77 pbfactor:2.45 avgQpOffsetCutree:0.00;
in:56 out:58 type:b q:29.20 q-aq:29.02 q-noVbv:29.20 q-Rceq:1.00 tex:6556 mv:10568 misc:2508 icu:11.00 pcu:659.75 scu:625.25 tlayer:4 pbqpoffset:7.77 pbfactor:2.45 avgQpOffsetCutree:0.00;
in:61 out:59 type:B q:24.69 q-aq:22.01 q-noVbv:24.69 q-Rceq:1.00 tex:137339 mv:24893 misc:3728 icu:332.00 pcu:899.00 scu:65.00 tlayer:2 pbqpoffset:3.34 pbfactor:1.47 avgQpOffsetCutree:-3.24;
in:59 out:60 type:B q:26.15 q-aq:25.01 q-noVbv:26.15 q-Rceq:1.00 tex:34874 mv:20371 misc:3595 icu:63.00 pcu:884.00 scu:349.00 tlayer:3 pbqpoffset:4.77 pbfactor:1.73 avgQpOffsetCutree:-1.64;
in:58 out:61 type:b q:29.17 q-aq:29.03 q-noVbv:29.17 q-Rceq:1.00 tex:8639 mv:9977 misc:2264 icu:10.75 pcu:798.50 scu:486.75 tlayer:4 pbqpoffset:7.77 pbfactor:2.45 avgQpOffsetCutree:0.00;
in:60 out:62 type:b q:29.13 q-aq:29.01 q-noVbv:29.13 q-Rceq:1.00 tex:7906 mv:10290 misc:2316 icu:11.00 pcu:789.00 scu:496.00 tlayer:4 pbqpoffset:7.77 pbfactor:2.45 avgQpOffsetCutree:0.00;
in:63 out:63 type:B q:25.91 q-aq:26.11 q-noVbv:25.91 q-Rceq:1.00 tex:38473 mv:16236 misc:3731 icu:114.25 pcu:848.50 scu:333.25 tlayer:3 pbqpoffset:4.59 pbfactor:1.70 avgQpOffsetCutree:-0.86;
in:62 out:64 type:b q:29.10 q-aq:29.00 q-noVbv:29.10 q-Rceq:1.00 tex:7720 mv:9284 misc:2324 icu:11.50 pcu:721.00 scu:563.50 tlayer:4 pbqpoffset:7.77 pbfactor:2.45 avgQpOffsetCutree:0.00;
in:64 out:65 type:b q:27.96 q-aq:28.04 q-noVbv:27.96 q-Rceq:1.00 tex:21142 mv:12076 misc:3078 icu:86.25 pcu:606.50 scu:603.25 tlayer:4 pbqpoffset:6.65 pbfactor:2.16 avgQpOffsetCutree:0.00;
in:69 out:66 type:k q:22.36 q-aq:18.05 q-noVbv:22.36 q-Rceq:1.00 tex:238909 mv:31088 misc:3731 icu:378.75 pcu:883.00 scu:34.25 tlayer:0 pbqpoffset:1.08 pbfactor:1.13 avgQpOffsetCutree:-5.34;
in:67 out:67 type:B q:24.23 q-aq:23.10 q-noVbv:24.23 q-Rceq:1.00 tex:44876 mv:23614 misc:3782 icu:74.25 pcu:897.75 scu:324.00 tlayer:1 pbqpoffset:2.41 pbfactor:1.32 avgQpOffsetCutree:-1.69;
in:66 out:68 type:b q:25.32 q-aq:25.34 q-noVbv:25.32 q-Rceq:1.00 tex:14211 mv:11492 misc:2785 icu:11.50 pcu:758.75 scu:525.75 tlayer:2 pbqpoffset:3.77 pbfactor:1.55 avgQpOffsetCutree:0.00;
in:68 out:69 type:b q:25.63 q-aq:26.00 q-noVbv:25.63 q-Rceq:1.00 tex:12985 mv:11953 misc:2806 icu:11.25 pcu:753.25 scu:531.50 tlayer:2 pbqpoffset:3.54 pbfactor:1.51 avgQpOffsetCutree:0.00;
in:73 out:70 type:k q:22.64 q-aq:18.37 q-noVbv:22.64 q-Rceq:1.00 tex:219885 mv:32272 misc:3675 icu:384.50 pcu:883.25 scu:28.25 tlayer:0 pbqpoffset:1.08 pbfactor:1.13 avgQpOffsetCutree:-5.13;
in:71 out:71 type:B q:24.28 q-aq:23.19 q-noVbv:24.28 q-Rceq:1.00 tex:42368 mv:23987 misc:3853 icu:58.25 pcu:934.25 scu:303.50 tlayer:1 pbqpoffset:1.78 pbfactor:1.23 avgQpOffsetCutree:-1.65;
in:70 out:72 type:b q:25.40 q-aq:25.56 q-noVbv:25.40 q-Rceq:1.00 tex:10823 mv:11350 misc:2819 icu:8.50 pcu:791.25 scu:496.25 tlayer:2 pbqpoffset:2.97 pbfactor:1.41 avgQpOffsetCutree:0.00;
in:72 out:73 type:b q:25.54 q-aq:26.00 q-noVbv:25.54 q-Rceq:1.00 tex:13425 mv:12454 misc:2497 icu:10.25 pcu:860.00 scu:425.75 tlayer:2 pbqpoffset:2.96 pbfactor:1.41 avgQpOffsetCutree:0.00;
in:88 out:74 type:k q:22.19 q-aq:18.46 q-noVbv:22.19 q-Rceq:1.00 tex:390855 mv:26542 misc:2227 icu:1162.25 pcu:133.75 scu:0.00 tlayer:0 pbqpoffset:1.58 pbfactor:1.20 avgQpOffsetCutree:-6.08;
in:81 out:75 type:B q:24.79 q-aq:22.18 q-noVbv:24.79 q-Rceq:1.00 tex:218750 mv:28461 misc:3693 icu:519.75 pcu:746.50 scu:29.75 tlayer:1 pbqpoffset:2.38 pbfactor:1.32 avgQpOffsetCutree:-3.92;
in:77 out:76 type:B q:25.46 q-aq:22.54 q-noVbv:25.46 q-Rceq:1.00 tex:114200 mv:23317 misc:3683 icu:294.75 pcu:927.75 scu:73.50 tlayer:2 pbqpoffset:2.94 pbfactor:1.40 avgQpOffsetCutree:-3.31;
in:75 out:77 type:B q:26.83 q-aq:25.82 q-noVbv:26.83 q-Rceq:1.00 tex:28390 mv:19262 misc:3500 icu:48.25 pcu:875.00 scu:372.75 tlayer:3 pbqpoffset:4.25 pbfactor:1.63 avgQpOffsetCutree:-1.56;
in:74 out:78 type:b q:29.86 q-aq:30.01 q-noVbv:29.86 q-Rceq:1.00 tex:7633 mv:9490 misc:2173 icu:7.00 pcu:680.00 scu:609.00 tlayer:4 pbqpoffset:7.25 pbfactor:2.31 avgQpOffsetCutree:0.00;
in:76 out:79 type:b q:29.80 q-aq:30.00 q-noVbv:29.80 q-Rceq:1.00 tex:7116 mv:9267 misc:2065 icu:5.00 pcu:772.50 scu:518.50 tlayer:4 pbqpoffset:7.25 pbfactor:2.31 avgQpOffsetCutree:0.00;
in:79 out:80 type:B q:26.30 q-aq:26.34 q-noVbv:26.30 q-Rceq:1.00 tex:47097 mv:16702 misc:3889 icu:122.50 pcu:794.00 scu:379.50 tlayer:3 pbqpoffset:3.84 pbfactor:1.56 avgQpOffsetCutree:-0.91;
in:78 out:81 type:b q:29.74 q-aq:30.00 q-noVbv:29.74 q-Rceq:1.00 tex:8179 mv:9205 misc:2248 icu:11.50 pcu:682.25 scu:602.25 tlayer:4 pbqpoffset:7.25 pbfactor:2.31 avgQpOffsetCutree:0.00;
in:80 out:82 type:b q:28.02 q-aq:28.12 q-noVbv:28.02 q-Rceq:1.00 tex:31130 mv:12823 misc:3367 icu:96.00 pcu:624.00 scu:576.00 tlayer:4 pbqpoffset:5.59 pbfactor:1.91 avgQpOffsetCutree:0.00;
in:85 out:83 type:B q:25.71 q-aq:23.00 q-noVbv:25.71 q-Rceq:1.00 tex:80331 mv:26161 misc:4452 icu:171.75 pcu:877.50 scu:246.75 tlayer:2 pbqpoffset:3.42 pbfactor:1.49 avgQpOffsetCutree:-2.90;
in:83 out:84 type:B q:26.52 q-aq:25.49 q-noVbv:26.52 q-Rceq:1.00 tex:36914 mv:19905 misc:3709 icu:61.25 pcu:835.75 scu:399.00 tlayer:3 pbqpoffset:4.17 pbfactor:1.62 avgQpOffsetCutree:-1.60;
in:82 out:85 type:b q:29.62 q-aq:30.00 q-noVbv:29.62 q-Rceq:1.00 tex:9120 mv:9500 misc:2260 icu:10.75 pcu:678.25 scu:607.00 tlayer:4 pbqpoffset:7.25 pbfactor:2.31 avgQpOffsetCutree:0.00;
in:84 out:86 type:b q:29.32 q-aq:29.26 q-noVbv:29.32 q-Rceq:1.00 tex:9101 mv:9950 misc:2509 icu:6.50 pcu:641.00 scu:648.50 tlayer:4 pbqpoffset:7.00 pbfactor:2.25 avgQpOffsetCutree:0.00;
in:87 out:87 type:B q:26.47 q-aq:26.54 q-noVbv:26.47 q-Rceq:1.00 tex:20376 mv:15138 misc:3118 icu:37.25 pcu:789.00 scu:469.75 tlayer:3 pbqpoffset:4.25 pbfactor:1.63 avgQpOffsetCutree:-0.85;
in:86 out:88 type:b q:29.50 q-aq:29.88 q-noVbv:29.50 q-Rceq:1.00 tex:8620 mv:10388 misc:2192 icu:6.25 pcu:779.50 scu:510.25 tlayer:4 pbqpoffset:7.25 pbfactor:2.31 avgQpOffsetCutree:0.00;
in:104 out:89 type:k q:21.78 q-aq:18.26 q-noVbv:21.78 q-Rceq:1.00 tex:380118 mv:25548 misc:2166 icu:1129.25 pcu:166.50 scu:0.25 tlayer:0 pbqpoffset:1.66 pbfactor:1.21 avgQpOffsetCutree:-5.84;
in:96 out:90 type:B q:24.97 q-aq:22.86 q-noVbv:24.97 q-Rceq:1.00 tex:169391 mv:29085 misc:3380 icu:621.00 pcu:627.50 scu:47.50 tlayer:1 pbqpoffset:2.98 pbfactor:1.41 avgQpOffsetCutree:-3.73;
in:92 out:91 type:B q:25.40 q-aq:22.23 q-noVbv:25.40 q-Rceq:1.00 tex:121051 mv:22991 misc:3734 icu:293.75 pcu:909.75 scu:92.50 tlayer:2 pbqpoffset:3.32 pbfactor:1.47 avgQpOffsetCutree:-3.63;
in:90 out:92 type:B q:26.99 q-aq:25.90 q-noVbv:26.99 q-Rceq:1.00 tex:30959 mv:18131 misc:3526 icu:61.75 pcu:815.50 scu:418.75 tlayer:3 pbqpoffset:4.85 pbfactor:1.75 avgQpOffsetCutree:-1.59;
in:89 out:93 type:b q:29.95 q-aq:30.01 q-noVbv:29.95 q-Rceq:1.00 tex:7988 mv:8992 misc:2172 icu:9.75 pcu:662.25 scu:624.00 tlayer:4 pbqpoffset:7.78 pbfactor:2.46 avgQpOffsetCutree:0.00;
in:91 out:94 type:b q:29.89 q-aq:30.00 q-noVbv:29.89 q-Rceq:1.00 tex:8269 mv:8973 misc:2086 icu:8.00 pcu:730.50 scu:557.50 tlayer:4 pbqpoffset:7.78 pbfactor:2.46 avgQpOffsetCutree:0.00;
in:94 out:95 type:B q:26.34 q-aq:24.52 q-noVbv:26.34 q-Rceq:1.00 tex:52138 mv:16820 misc:4274 icu:119.75 pcu:834.00 scu:342.25 tlayer:3 pbqpoffset:4.31 pbfactor:1.64 avgQpOffsetCutree:-2.14;
in:93 out:96 type:b q:29.91 q-aq:30.00 q-noVbv:29.91 q-Rceq:1.00 tex:8328 mv:8338 misc:2262 icu:10.50 pcu:700.00 scu:585.50 tlayer:4 pbqpoffset:7.85 pbfactor:2.48 avgQpOffsetCutree:0.00;
in:95 out:97 type:b q:28.75 q-aq:29.00 q-noVbv:28.75 q-Rceq:1.00 tex:11761 mv:8979 misc:2620 icu:21.00 pcu:640.75 scu:634.25 tlayer:4 pbqpoffset:6.74 pbfactor:2.18 avgQpOffsetCutree:0.00;
in:100 out:98 type:B q:25.68 q-aq:22.75 q-noVbv:25.68 q-Rceq:1.00 tex:83643 mv:24040 misc:3965 icu:161.50 pcu:940.25 scu:194.25 tlayer:2 pbqpoffset:3.80 pbfactor:1.55 avgQpOffsetCutree:-3.09;
in:98 out:99 type:B q:26.78 q-aq:25.68 q-noVbv:26.78 q-Rceq:1.00 tex:31180 mv:17242 misc:3474 icu:49.25 pcu:808.00 scu:438.75 tlayer:3 pbqpoffset:4.85 pbfactor:1.75 avgQpOffsetCutree:-1.66;
in:97 out:100 type:b q:29.81 q-aq:30.00 q-noVbv:29.81 q-Rceq:1.00 tex:9837 mv:8790 misc:2021 icu:6.50 pcu:648.25 scu:641.25 tlayer:4 pbqpoffset:7.85 pbfactor:2.48 avgQpOffsetCutree:0.00;
in:99 out:101 type:b q:29.76 q-aq:30.00 q-noVbv:29.76 q-Rceq:1.00 tex:9552 mv:9421 misc:2211 icu:11.00 pcu:679.75 scu:605.25 tlayer:4 pbqpoffset:7.85 pbfactor:2.48 avgQpOffsetCutree:0.00;
in:102 out:102 type:B q:26.68 q-aq:25.48 q-noVbv:26.68 q-Rceq:1.00 tex:31108 mv:18252 misc:3280 icu:55.50 pcu:840.00 scu:400.50 tlayer:3 pbqpoffset:4.85 pbfactor:1.75 avgQpOffsetCutree:-1.71;
in:101 out:103 type:b q:29.70 q-aq:30.00 q-noVbv:29.70 q-Rceq:1.00 tex:10076 mv:9500 misc:2168 icu:7.50 pcu:749.75 scu:538.75 tlayer:4 pbqpoffset:7.85 pbfactor:2.48 avgQpOffsetCutree:0.00;
in:103 out:104 type:b q:29.65 q-aq:30.00 q-noVbv:29.65 q-Rceq:1.00 tex:7964 mv:8765 misc:2231 icu:13.25 pcu:660.50 scu:622.25 tlayer:4 pbqpoffset:7.85 pbfactor:2.48 avgQpOffsetCutree:0.00;
in:120 out:105 type:k q:21.45 q-aq:17.81 q-noVbv:21.45 q-Rceq:1.00 tex:414162 mv:29915 misc:2419 icu:1134.25 pcu:161.75 scu:0.00 tlayer:0 pbqpoffset:1.77 pbfactor:1.23 avgQpOffsetCutree:-6.09;
in:112 out:106 type:B q:24.60 q-aq:22.20 q-noVbv:24.60 q-Rceq:1.00 tex:178731 mv:31480 misc:3101 icu:624.25 pcu:624.00 scu:47.75 tlayer:1 pbqpoffset:2.99 pbfactor:1.41 avgQpOffsetCutree:-3.72;
in:108 out:107 type:B q:25.36 q-aq:21.83 q-noVbv:25.36 q-Rceq:1.00 tex:119170 mv:23112 misc:3766 icu:249.00 pcu:958.50 scu:88.50 tlayer:2 pbqpoffset:3.66 pbfactor:1.53 avgQpOffsetCutree:-3.84;
in:106 out:108 type:B q:26.59 q-aq:25.63 q-noVbv:26.59 q-Rceq:1.00 tex:32363 mv:16877 misc:3288 icu:45.75 pcu:878.00 scu:372.25 tlayer:3 pbqpoffset:4.85 pbfactor:1.75 avgQpOffsetCutree:-1.51;
in:105 out:109 type:b q:29.61 q-aq:30.00 q-noVbv:29.61 q-Rceq:1.00 tex:10271 mv:9230 misc:2315 icu:7.50 pcu:678.00 scu:610.50 tlayer:4 pbqpoffset:7.85 pbfactor:2.48 avgQpOffsetCutree:0.00;
in:107 out:110 type:b q:29.57 q-aq:30.00 q-noVbv:29.57 q-Rceq:1.00 tex:8092 mv:8366 misc:2166 icu:7.25 pcu:633.50 scu:655.25 tlayer:4 pbqpoffset:7.85 pbfactor:2.48 avgQpOffsetCutree:0.00;
in:110 out:111 type:B q:26.19 q-aq:24.51 q-noVbv:26.19 q-Rceq:1.00 tex:52890 mv:17418 misc:3964 icu:108.25 pcu:889.50 scu:298.25 tlayer:3 pbqpoffset:4.54 pbfactor:1.69 avgQpOffsetCutree:-2.05;
in:109 out:112 type:b q:29.53 q-aq:30.00 q-noVbv:29.53 q-Rceq:1.00 tex:8427 mv:8608 misc:2317 icu:6.75 pcu:706.50 scu:582.75 tlayer:4 pbqpoffset:7.85 pbfactor:2.48 avgQpOffsetCutree:0.00;
in:111 out:113 type:b q:28.41 q-aq:28.53 q-noVbv:28.41 q-Rceq:1.00 tex:14921 mv:10030 misc:2921 icu:17.25 pcu:675.25 scu:603.50 tlayer:4 pbqpoffset:6.77 pbfactor:2.19 avgQpOffsetCutree:0.00;
in:116 out:114 type:B q:25.50 q-aq:22.49 q-noVbv:25.50 q-Rceq:1.00 tex:86817 mv:26474 misc:3965 icu:172.50 pcu:935.75 scu:187.75 tlayer:2 pbqpoffset:3.97 pbfactor:1.58 avgQpOffsetCutree:-3.19;
in:114 out:115 type:B q:26.43 q-aq:25.41 q-noVbv:26.43 q-Rceq:1.00 tex:32637 mv:19308 misc:3391 icu:45.25 pcu:888.00 scu:362.75 tlayer:3 pbqpoffset:4.85 pbfactor:1.75 avgQpOffsetCutree:-1.69;
in:113 out:116 type:b q:29.45 q-aq:29.89 q-noVbv:29.45 q-Rceq:1.00 tex:10610 mv:9778 misc:2340 icu:3.75 pcu:796.50 scu:495.75 tlayer:4 pbqpoffset:7.85 pbfactor:2.48 avgQpOffsetCutree:0.00;
in:115 out:117 type:b q:29.41 q-aq:29.40 q-noVbv:29.41 q-Rceq:1.00 tex:11788 mv:10327 misc:2469 icu:9.00 pcu:710.25 scu:576.75 tlayer:4 pbqpoffset:7.85 pbfactor:2.48 avgQpOffsetCutree:0.00;
in:118 out:118 type:B q:26.35 q-aq:25.12 q-noVbv:26.35 q-Rceq:1.00 tex:37837 mv:20127 misc:3652 icu:55.50 pcu:821.50 scu:419.00 tlayer:3 pbqpoffset:4.85 pbfactor:1.75 avgQpOffsetCutree:-1.83;
in:117 out:119 type:b q:29.37 q-aq:29.32 q-noVbv:29.37 q-Rceq:1.00 tex:10565 mv:10453 misc:2414 icu:8.75 pcu:720.00 scu:567.25 tlayer:4 pbqpoffset:7.85 pbfactor:2.48 avgQpOffsetCutree:0.00;
in:119 out:120 type:b q:29.33 q-aq:29.32 q-noVbv:29.33 q-Rceq:1.00 tex:10956 mv:9945 misc:2339 icu:8.00 pcu:653.25 scu:634.75 tlayer:4 pbqpoffset:7.85 pbfactor:2.48 avgQpOffsetCutree:0.00;
in:136 out:121 type:k q:21.61 q-aq:18.14 q-noVbv:21.61 q-Rceq:1.00 tex:420294 mv:26995 misc:2271 icu:1210.00 pcu:86.00 scu:0.00 tlayer:0 pbqpoffset:1.63 pbfactor:1.21 avgQpOffsetCutree:-5.99;
in:128 out:122 type:B q:24.61 q-aq:22.57 q-noVbv:24.61 q-Rceq:1.00 tex:171382 mv:29087 misc:3219 icu:625.75 pcu:605.25 scu:65.00 tlayer:1 pbqpoffset:3.08 pbfactor:1.43 avgQpOffsetCutree:-3.63;
in:124 out:123 type:B q:25.28 q-aq:21.81 q-noVbv:25.28 q-Rceq:1.00 tex:116070 mv:23411 misc:4279 icu:290.50 pcu:783.50 scu:222.00 tlayer:2 pbqpoffset:3.79 pbfactor:1.55 avgQpOffsetCutree:-3.83;
in:122 out:124 type:B q:26.42 q-aq:25.46 q-noVbv:26.42 q-Rceq:1.00 tex:33395 mv:18663 misc:3190 icu:47.25 pcu:848.75 scu:400.00 tlayer:3 pbqpoffset:4.94 pbfactor:1.77 avgQpOffsetCutree:-1.44;
in:121 out:125 type:b q:29.41 q-aq:29.54 q-noVbv:29.41 q-Rceq:1.00 tex:9338 mv:9270 misc:2328 icu:8.75 pcu:579.75 scu:707.50 tlayer:4 pbqpoffset:7.94 pbfactor:2.50 avgQpOffsetCutree:0.00;
in:123 out:126 type:b q:29.42 q-aq:29.68 q-noVbv:29.42 q-Rceq:1.00 tex:8282 mv:9577 misc:2381 icu:6.25 pcu:674.50 scu:615.25 tlayer:4 pbqpoffset:7.94 pbfactor:2.50 avgQpOffsetCutree:0.00;
in:126 out:127 type:B q:26.30 q-aq:24.74 q-noVbv:26.30 q-Rceq:1.00 tex:58843 mv:16716 misc:3561 icu:146.00 pcu:749.50 scu:400.50 tlayer:3 pbqpoffset:4.79 pbfactor:1.74 avgQpOffsetCutree:-1.99;
in:125 out:128 type:b q:29.45 q-aq:29.76 q-noVbv:29.45 q-Rceq:1.00 tex:10253 mv:9741 misc:2414 icu:11.00 pcu:653.00 scu:632.00 tlayer:4 pbqpoffset:7.94 pbfactor:2.50 avgQpOffsetCutree:0.00;
in:127 out:129 type:b q:29.12 q-aq:29.14 q-noVbv:29.12 q-Rceq:1.00 tex:14159 mv:9746 misc:2695 icu:21.25 pcu:740.25 scu:534.50 tlayer:4 pbqpoffset:7.59 pbfactor:2.40 avgQpOffsetCutree:0.00;
in:132 out:130 type:B q:25.76 q-aq:22.60 q-noVbv:25.76 q-Rceq:1.00 tex:83663 mv:25351 misc:4282 icu:190.75 pcu:848.50 scu:256.75 tlayer:2 pbqpoffset:4.18 pbfactor:1.62 avgQpOffsetCutree:-3.33;
in:130 out:131 type:B q:26.50 q-aq:25.03 q-noVbv:26.50 q-Rceq:1.00 tex:41763 mv:19124 misc:3265 icu:64.75 pcu:823.25 scu:408.00 tlayer:3 pbqpoffset:4.94 pbfactor:1.77 avgQpOffsetCutree:-1.90;
in:129 out:132 type:b q:29.49 q-aq:29.92 q-noVbv:29.49 q-Rceq:1.00 tex:13772 mv:10242 misc:2418 icu:15.00 pcu:722.75 scu:558.25 tlayer:4 pbqpoffset:7.94 pbfactor:2.50 avgQpOffsetCutree:0.00;
in:131 out:133 type:b q:29.50 q-aq:30.00 q-noVbv:29.50 q-Rceq:1.00 tex:9632 mv:9028 misc:2164 icu:13.25 pcu:685.25 scu:597.50 tlayer:4 pbqpoffset:7.94 pbfactor:2.50 avgQpOffsetCutree:0.00;
in:134 out:134 type:B q:26.53 q-aq:25.41 q-noVbv:26.53 q-Rceq:1.00 tex:39723 mv:18823 misc:3046 icu:81.00 pcu:800.75 scu:414.25 tlayer:3 pbqpoffset:4.94 pbfactor:1.77 avgQpOffsetCutree:-1.74;
in:133 out:135 type:b q:29.52 q-aq:30.00 q-noVbv:29.52 q-Rceq:1.00 tex:10100 mv:9377 misc:2243 icu:13.75 pcu:732.75 scu:549.50 tlayer:4 pbqpoffset:7.94 pbfactor:2.50 avgQpOffsetCutree:0.00;
in:135 out:136 type:b q:29.54 q-aq:30.00 q-noVbv:29.54 q-Rceq:1.00 tex:10115 mv:10514 misc:2235 icu:13.00 pcu:730.25 scu:552.75 tlayer:4 pbqpoffset:7.94 pbfactor:2.50 avgQpOffsetCutree:0.00;
in:140 out:137 type:k q:22.62 q-aq:18.92 q-noVbv:22.62 q-Rceq:1.00 tex:174326 mv:27746 misc:3848 icu:350.00 pcu:887.75 scu:58.25 tlayer:0 pbqpoffset:1.25 pbfactor:1.15 avgQpOffsetCutree:-4.70;
in:138 out:138 type:B q:24.56 q-aq:23.70 q-noVbv:24.56 q-Rceq:1.00 tex:43887 mv:17644 misc:3349 icu:84.75 pcu:827.50 scu:383.75 tlayer:1 pbqpoffset:2.44 pbfactor:1.33 avgQpOffsetCutree:-1.47;
in:137 out:139 type:b q:25.86 q-aq:26.03 q-noVbv:25.86 q-Rceq:1.00 tex:13399 mv:9772 misc:2501 icu:16.00 pcu:577.50 scu:702.50 tlayer:2 pbqpoffset:4.00 pbfactor:1.59 avgQpOffsetCutree:0.00;
in:139 out:140 type:b q:26.67 q-aq:27.03 q-noVbv:26.67 q-Rceq:1.00 tex:11064 mv:10411 misc:2413 icu:12.00 pcu:684.25 scu:599.75 tlayer:2 pbqpoffset:4.29 pbfactor:1.64 avgQpOffsetCutree:0.00;
in:156 out:141 type:k q:21.53 q-aq:17.82 q-noVbv:21.53 q-Rceq:1.00 tex:374106 mv:26639 misc:2343 icu:1140.75 pcu:155.25 scu:0.00 tlayer:0 pbqpoffset:1.85 pbfactor:1.24 avgQpOffsetCutree:-5.89;
in:148 out:142 type:B q:24.32 q-aq:20.84 q-noVbv:24.32 q-Rceq:1.00 tex:182419 mv:25608 misc:3453 icu:521.75 pcu:704.75 scu:69.50 tlayer:1 pbqpoffset:2.24 pbfactor:1.30 avgQpOffsetCutree:-4.46;
in:144 out:143 type:B q:24.60 q-aq:22.89 q-noVbv:24.60 q-Rceq:1.00 tex:121197 mv:23287 misc:3364 icu:423.00 pcu:778.25 scu:94.75 tlayer:2 pbqpoffset:2.24 pbfactor:1.30 avgQpOffsetCutree:-2.47;
in:142 out:144 type:B q:25.84 q-aq:24.39 q-noVbv:25.84 q-Rceq:1.00 tex:50311 mv:14995 misc:3326 icu:135.75 pcu:607.00 scu:553.25 tlayer:3 pbqpoffset:3.35 pbfactor:1.47 avgQpOffsetCutree:-1.92;
in:141 out:145 type:b q:29.66 q-aq:30.00 q-noVbv:29.66 q-Rceq:1.00 tex:7490 mv:8355 misc:2075 icu:14.00 pcu:518.25 scu:763.75 tlayer:4 pbqpoffset:7.11 pbfactor:2.27 avgQpOffsetCutree:0.00;
in:143 out:146 type:b q:27.89 q-aq:28.02 q-noVbv:27.89 q-Rceq:1.00 tex:13780 mv:9147 misc:2481 icu:46.50 pcu:637.50 scu:612.00 tlayer:4 pbqpoffset:5.47 pbfactor:1.88 avgQpOffsetCutree:0.00;
in:146 out:147 type:B q:26.12 q-aq:24.82 q-noVbv:26.12 q-Rceq:1.00 tex:34209 mv:18206 misc:3105 icu:74.75 pcu:841.25 scu:380.00 tlayer:3 pbqpoffset:3.90 pbfactor:1.57 avgQpOffsetCutree:-1.91;
in:145 out:148 type:b q:29.39 q-aq:29.31 q-noVbv:29.39 q-Rceq:1.00 tex:10480 mv:9488 misc:2176 icu:12.00 pcu:658.75 scu:625.25 tlayer:4 pbqpoffset:7.11 pbfactor:2.27 avgQpOffsetCutree:0.00;
in:147 out:149 type:b q:29.25 q-aq:29.12 q-noVbv:29.25 q-Rceq:1.00 tex:10880 mv:9669 misc:2195 icu:16.75 pcu:658.25 scu:621.00 tlayer:4 pbqpoffset:7.11 pbfactor:2.27 avgQpOffsetCutree:0.00;
in:152 out:150 type:B q:24.23 q-aq:21.47 q-noVbv:24.23 q-Rceq:1.00 tex:90815 mv:24039 misc:3954 icu:204.50 pcu:818.75 scu:272.75 tlayer:2 pbqpoffset:2.43 pbfactor:1.32 avgQpOffsetCutree:-3.18;
in:150 out:151 type:B q:25.72 q-aq:24.71 q-noVbv:25.72 q-Rceq:1.00 tex:38005 mv:18527 misc:3332 icu:77.75 pcu:870.75 scu:347.50 tlayer:3 pbqpoffset:3.78 pbfactor:1.55 avgQpOffsetCutree:-1.42;
in:149 out:152 type:b q:29.12 q-aq:29.06 q-noVbv:29.12 q-Rceq:1.00 tex:10261 mv:9483 misc:2192 icu:13.25 pcu:706.75 scu:576.00 tlayer:4 pbqpoffset:7.11 pbfactor:2.27 avgQpOffsetCutree:0.00;
in:151 out:153 type:b q:28.97 q-aq:29.04 q-noVbv:28.97 q-Rceq:1.00 tex:11285 mv:10051 misc:2304 icu:16.25 pcu:691.25 scu:588.50 tlayer:4 pbqpoffset:7.10 pbfactor:2.27 avgQpOffsetCutree:0.00;
in:154 out:154 type:B q:25.77 q-aq:24.69 q-noVbv:25.77 q-Rceq:1.00 tex:37918 mv:16398 misc:2988 icu:89.75 pcu:765.75 scu:440.50 tlayer:3 pbqpoffset:4.11 pbfactor:1.61 avgQpOffsetCutree:-1.74;
in:153 out:155 type:b q:28.84 q-aq:29.00 q-noVbv:28.84 q-Rceq:1.00 tex:11354 mv:9772 misc:2162 icu:22.00 pcu:676.25 scu:597.75 tlayer:4 pbqpoffset:7.11 pbfactor:2.27 avgQpOffsetCutree:0.00;
in:155 out:156 type:b q:28.70 q-aq:29.00 q-noVbv:28.70 q-Rceq:1.00 tex:10603 mv:9611 misc:2210 icu:18.00 pcu:607.50 scu:670.50 tlayer:4 pbqpoffset:7.11 pbfactor:2.27 avgQpOffsetCutree:0.00;
in:169 out:157 type:k q:21.70 q-aq:17.96 q-noVbv:21.70 q-Rceq:1.00 tex:351253 mv:23942 misc:2349 icu:1181.75 pcu:114.25 scu:0.00 tlayer:0 pbqpoffset:1.85 pbfactor:1.24 avgQpOffsetCutree:-5.79;
in:163 out:158 type:B q:24.30 q-aq:21.12 q-noVbv:24.30 q-Rceq:1.00 tex:173669 mv:23518 misc:2733 icu:458.50 pcu:812.50 scu:25.00 tlayer:1 pbqpoffset:2.68 pbfactor:1.36 avgQpOffsetCutree:-4.08;
in:160 out:159 type:B q:24.28 q-aq:23.35 q-noVbv:24.28 q-Rceq:1.00 tex:107978 mv:22645 misc:3609 icu:399.25 pcu:750.00 scu:146.75 tlayer:2 pbqpoffset:2.70 pbfactor:1.37 avgQpOffsetCutree:-1.80;
in:158 out:160 type:B q:24.96 q-aq:23.07 q-noVbv:24.96 q-Rceq:1.00 tex:60093 mv:17949 misc:3710 icu:163.00 pcu:767.25 scu:365.75 tlayer:3 pbqpoffset:3.41 pbfactor:1.48 avgQpOffsetCutree:-2.26;
in:157 out:161 type:b q:28.79 q-aq:29.00 q-noVbv:28.79 q-Rceq:1.00 tex:10860 mv:9654 misc:2222 icu:22.50 pcu:704.75 scu:568.75 tlayer:4 pbqpoffset:7.25 pbfactor:2.31 avgQpOffsetCutree:0.00;
in:159 out:162 type:b q:26.95 q-aq:27.07 q-noVbv:26.95 q-Rceq:1.00 tex:17642 mv:9626 misc:2532 icu:46.00 pcu:625.50 scu:624.50 tlayer:4 pbqpoffset:5.39 pbfactor:1.86 avgQpOffsetCutree:0.00;
in:162 out:163 type:B q:26.15 q-aq:26.46 q-noVbv:26.15 q-Rceq:1.00 tex:22068 mv:13790 misc:2686 icu:42.50 pcu:717.00 scu:536.50 tlayer:3 pbqpoffset:4.54 pbfactor:1.69 avgQpOffsetCutree:-0.66;
in:161 out:164 type:b q:27.61 q-aq:28.00 q-noVbv:27.61 q-Rceq:1.00 tex:14602 mv:10453 misc:2217 icu:13.25 pcu:728.75 scu:554.00 tlayer:4 pbqpoffset:6.02 pbfactor:2.00 avgQpOffsetCutree:0.00;
in:166 out:165 type:B q:25.08 q-aq:22.74 q-noVbv:25.08 q-Rceq:1.00 tex:59835 mv:20959 misc:3870 icu:127.25 pcu:875.25 scu:293.50 tlayer:2 pbqpoffset:3.42 pbfactor:1.49 avgQpOffsetCutree:-2.61;
in:165 out:166 type:B q:26.19 q-aq:25.93 q-noVbv:26.19 q-Rceq:1.00 tex:25025 mv:14462 misc:2857 icu:48.25 pcu:782.25 scu:465.50 tlayer:3 pbqpoffset:4.54 pbfactor:1.69 avgQpOffsetCutree:-0.98;
in:164 out:167 type:b q:28.65 q-aq:29.00 q-noVbv:28.65 q-Rceq:1.00 tex:11635 mv:9606 misc:2055 icu:21.50 pcu:676.00 scu:598.50 tlayer:4 pbqpoffset:7.02 pbfactor:2.25 avgQpOffsetCutree:0.00;
in:168 out:168 type:B q:26.23 q-aq:26.23 q-noVbv:26.23 q-Rceq:1.00 tex:21312 mv:13649 misc:2943 icu:43.25 pcu:715.00 scu:537.75 tlayer:3 pbqpoffset:4.54 pbfactor:1.69 avgQpOffsetCutree:-1.03;
in:167 out:169 type:b q:29.21 q-aq:29.06 q-noVbv:29.21 q-Rceq:1.00 tex:8395 mv:9047 misc:2046 icu:12.25 pcu:725.25 scu:558.50 tlayer:4 pbqpoffset:7.54 pbfactor:2.39 avgQpOffsetCutree:0.00;
in:183 out:170 type:k q:21.82 q-aq:18.39 q-noVbv:21.82 q-Rceq:1.00 tex:338815 mv:24046 misc:2259 icu:1238.50 pcu:57.50 scu:0.00 tlayer:0 pbqpoffset:1.85 pbfactor:1.24 avgQpOffsetCutree:-5.44;
in:176 out:171 type:B q:24.42 q-aq:22.16 q-noVbv:24.42 q-Rceq:1.00 tex:170329 mv:31538 misc:3317 icu:749.25 pcu:514.75 scu:32.00 tlayer:1 pbqpoffset:2.66 pbfactor:1.36 avgQpOffsetCutree:-3.44;
in:173 out:172 type:B q:24.39 q-aq:21.84 q-noVbv:24.39 q-Rceq:1.00 tex:107888 mv:22817 misc:3495 icu:320.25 pcu:876.00 scu:99.75 tlayer:2 pbqpoffset:2.66 pbfactor:1.36 avgQpOffsetCutree:-3.20;
in:171 out:173 type:B q:26.24 q-aq:25.03 q-noVbv:26.24 q-Rceq:1.00 tex:33283 mv:15601 misc:3188 icu:69.00 pcu:851.50 scu:375.50 tlayer:3 pbqpoffset:4.53 pbfactor:1.69 avgQpOffsetCutree:-1.68;
in:170 out:174 type:b q:29.23 q-aq:29.11 q-noVbv:29.23 q-Rceq:1.00 tex:8181 mv:8668 misc:2287 icu:15.50 pcu:640.75 scu:639.75 tlayer:4 pbqpoffset:7.53 pbfactor:2.39 avgQpOffsetCutree:0.00;
in:172 out:175 type:b q:28.95 q-aq:29.01 q-noVbv:28.95 q-Rceq:1.00 tex:8548 mv:9139 misc:2209 icu:17.50 pcu:710.25 scu:568.25 tlayer:4 pbqpoffset:7.22 pbfactor:2.30 avgQpOffsetCutree:0.00;
in:175 out:176 type:B q:25.38 q-aq:25.77 q-noVbv:25.38 q-Rceq:1.00 tex:41997 mv:16239 misc:3212 icu:139.25 pcu:832.25 scu:324.50 tlayer:3 pbqpoffset:3.63 pbfactor:1.52 avgQpOffsetCutree:-0.72;
in:174 out:177 type:b q:29.07 q-aq:29.02 q-noVbv:29.07 q-Rceq:1.00 tex:9071 mv:8480 misc:2289 icu:23.50 pcu:625.00 scu:647.50 tlayer:4 pbqpoffset:7.33 pbfactor:2.33 avgQpOffsetCutree:0.00;
in:180 out:178 type:B q:24.75 q-aq:22.52 q-noVbv:24.75 q-Rceq:1.00 tex:83823 mv:28951 misc:4570 icu:193.50 pcu:905.50 scu:197.00 tlayer:2 pbqpoffset:2.96 pbfactor:1.41 avgQpOffsetCutree:-2.74;
in:178 out:179 type:B q:25.81 q-aq:24.61 q-noVbv:25.81 q-Rceq:1.00 tex:41576 mv:20856 misc:3576 icu:89.00 pcu:939.00 scu:268.00 tlayer:3 pbqpoffset:4.03 pbfactor:1.59 avgQpOffsetCutree:-1.66;
in:177 out:180 type:b q:28.17 q-aq:28.11 q-noVbv:28.17 q-Rceq:1.00 tex:13941 mv:11525 misc:2486 icu:19.00 pcu:855.75 scu:421.25 tlayer:4 pbqpoffset:6.40 pbfactor:2.10 avgQpOffsetCutree:0.00;
in:179 out:181 type:b q:28.38 q-aq:28.42 q-noVbv:28.38 q-Rceq:1.00 tex:11722 mv:11326 misc:2392 icu:24.75 pcu:795.75 scu:475.50 tlayer:4 pbqpoffset:6.59 pbfactor:2.14 avgQpOffsetCutree:0.00;
in:182 out:182 type:B q:26.34 q-aq:26.58 q-noVbv:26.34 q-Rceq:1.00 tex:22844 mv:15332 misc:3040 icu:62.50 pcu:813.50 scu:420.00 tlayer:3 pbqpoffset:4.53 pbfactor:1.69 avgQpOffsetCutree:-0.78;
in:181 out:183 type:b q:28.47 q-aq:28.64 q-noVbv:28.47 q-Rceq:1.00 tex:10635 mv:10861 misc:2304 icu:24.50 pcu:839.50 scu:432.00 tlayer:4 pbqpoffset:6.67 pbfactor:2.16 avgQpOffsetCutree:0.00;
in:196 out:184 type:k q:22.28 q-aq:19.10 q-noVbv:22.28 q-Rceq:1.00 tex:299218 mv:24883 misc:2235 icu:1282.25 pcu:13.75 scu:0.00 tlayer:0 pbqpoffset:1.94 pbfactor:1.25 avgQpOffsetCutree:-5.11;
in:190 out:185 type:B q:24.71 q-aq:22.77 q-noVbv:24.71 q-Rceq:1.00 tex:150148 mv:27157 misc:2951 icu:586.75 pcu:690.25 scu:19.00 tlayer:1 pbqpoffset:2.65 pbfactor:1.36 avgQpOffsetCutree:-3.54;
in:187 out:186 type:B q:24.87 q-aq:22.59 q-noVbv:24.87 q-Rceq:1.00 tex:80816 mv:29023 misc:4009 icu:204.00 pcu:929.75 scu:162.25 tlayer:2 pbqpoffset:2.91 pbfactor:1.40 avgQpOffsetCutree:-2.72;
in:185 out:187 type:B q:25.81 q-aq:24.97 q-noVbv:25.81 q-Rceq:1.00 tex:38507 mv:20267 misc:3514 icu:90.00 pcu:950.00 scu:256.00 tlayer:3 pbqpoffset:3.92 pbfactor:1.57 avgQpOffsetCutree:-1.52;
in:184 out:188 type:b q:28.30 q-aq:28.25 q-noVbv:28.30 q-Rceq:1.00 tex:10376 mv:10253 misc:2291 icu:22.00 pcu:766.00 scu:508.00 tlayer:4 pbqpoffset:6.45 pbfactor:2.11 avgQpOffsetCutree:0.00;
in:186 out:189 type:b q:28.32 q-aq:28.35 q-noVbv:28.32 q-Rceq:1.00 tex:10797 mv:11085 misc:2478 icu:36.75 pcu:766.50 scu:492.75 tlayer:4 pbqpoffset:6.39 pbfactor:2.09 avgQpOffsetCutree:0.00;
in:189 out:190 type:B q:26.54 q-aq:26.79 q-noVbv:26.54 q-Rceq:1.00 tex:22319 mv:16180 misc:3221 icu:78.25 pcu:886.50 scu:331.25 tlayer:3 pbqpoffset:4.51 pbfactor:1.68 avgQpOffsetCutree:-0.78;
in:188 out:191 type:b q:28.74 q-aq:29.01 q-noVbv:28.74 q-Rceq:1.00 tex:11397 mv:10977 misc:2282 icu:33.50 pcu:840.25 scu:422.25 tlayer:4 pbqpoffset:6.75 pbfactor:2.18 avgQpOffsetCutree:0.00;
in:193 out:192 type:B q:24.82 q-aq:22.90 q-noVbv:24.82 q-Rceq:1.00 tex:120456 mv:24100 misc:3492 icu:412.00 pcu:831.75 scu:52.25 tlayer:2 pbqpoffset:2.65 pbfactor:1.36 avgQpOffsetCutree:-2.59;
in:192 out:193 type:B q:25.94 q-aq:27.10 q-noVbv:25.94 q-Rceq:1.00 tex:38488 mv:14719 misc:3441 icu:212.25 pcu:621.50 scu:462.25 tlayer:3 pbqpoffset:3.80 pbfactor:1.55 avgQpOffsetCutree:-0.14;
in:191 out:194 type:b q:27.61 q-aq:28.01 q-noVbv:27.61 q-Rceq:1.00 tex:16108 mv:10855 misc:2613 icu:69.50 pcu:760.50 scu:466.00 tlayer:4 pbqpoffset:5.51 pbfactor:1.89 avgQpOffsetCutree:0.00;
in:195 out:195 type:B q:26.75 q-aq:27.09 q-noVbv:26.75 q-Rceq:1.00 tex:21829 mv:15551 misc:2828 icu:68.75 pcu:814.25 scu:413.00 tlayer:3 pbqpoffset:4.51 pbfactor:1.68 avgQpOffsetCutree:-0.75;
in:194 out:196 type:b q:28.88 q-aq:29.03 q-noVbv:28.88 q-Rceq:1.00 tex:12051 mv:11034 misc:2307 icu:29.75 pcu:846.00 scu:420.25 tlayer:4 pbqpoffset:6.67 pbfactor:2.16 avgQpOffsetCutree:0.00;
in:212 out:197 type:k q:21.67 q-aq:18.14 q-noVbv:21.67 q-Rceq:1.00 tex:310315 mv:28447 misc:2182 icu:1279.75 pcu:16.25 scu:0.00 tlayer:0 pbqpoffset:1.11 pbfactor:1.14 avgQpOffsetCutree:-5.27;
in:204 out:198 type:B q:24.51 q-aq:21.55 q-noVbv:24.51 q-Rceq:1.00 tex:200290 mv:21291 misc:2291 icu:1038.50 pcu:253.00 scu:4.50 tlayer:1 pbqpoffset:2.53 pbfactor:1.34 avgQpOffsetCutree:-4.24;
in:200 out:199 type:B q:24.66 q-aq:22.24 q-noVbv:24.66 q-Rceq:1.00 tex:99353 mv:29647 misc:4296 icu:288.00 pcu:858.25 scu:149.75 tlayer:2 pbqpoffset:2.53 pbfactor:1.34 avgQpOffsetCutree:-3.21;
in:198 out:200 type:B q:25.58 q-aq:24.51 q-noVbv:25.58 q-Rceq:1.00 tex:43838 mv:21283 misc:3855 icu:121.50 pcu:880.75 scu:293.75 tlayer:3 pbqpoffset:3.38 pbfactor:1.48 avgQpOffsetCutree:-1.62;
in:197 out:201 type:b q:28.09 q-aq:28.08 q-noVbv:28.09 q-Rceq:1.00 tex:13896 mv:12713 misc:2423 icu:52.00 pcu:867.50 scu:376.50 tlayer:4 pbqpoffset:5.86 pbfactor:1.97 avgQpOffsetCutree:0.00;
in:199 out:202 type:b q:28.56 q-aq:29.00 q-noVbv:28.56 q-Rceq:1.00 tex:10630 mv:10978 misc:2272 icu:36.75 pcu:810.25 scu:449.00 tlayer:4 pbqpoffset:6.40 pbfactor:2.09 avgQpOffsetCutree:0.00;
in:202 out:203 type:B q:25.62 q-aq:24.69 q-noVbv:25.62 q-Rceq:1.00 tex:40264 mv:20223 misc:3849 icu:125.00 pcu:897.25 scu:273.75 tlayer:3 pbqpoffset:3.57 pbfactor:1.51 avgQpOffsetCutree:-1.54;
in:201 out:204 type:b q:28.34 q-aq:28.35 q-noVbv:28.34 q-Rceq:1.00 tex:11087 mv:10909 misc:2508 icu:46.25 pcu:765.25 scu:484.50 tlayer:4 pbqpoffset:6.25 pbfactor:2.06 avgQpOffsetCutree:0.00;
in:203 out:205 type:b q:28.48 q-aq:28.64 q-noVbv:28.48 q-Rceq:1.00 tex:11032 mv:11072 misc:2488 icu:52.00 pcu:785.75 scu:458.25 tlayer:4 pbqpoffset:6.47 pbfactor:2.11 avgQpOffsetCutree:0.00;
in:208 out:206 type:B q:24.35 q-aq:22.57 q-noVbv:24.35 q-Rceq:1.00 tex:120920 mv:24740 misc:3084 icu:632.75 pcu:628.25 scu:35.00 tlayer:2 pbqpoffset:2.53 pbfactor:1.34 avgQpOffsetCutree:-2.52;
in:206 out:207 type:B q:24.98 q-aq:23.59 q-noVbv:24.98 q-Rceq:1.00 tex:63962 mv:18495 misc:4119 icu:229.00 pcu:825.25 scu:241.75 tlayer:3 pbqpoffset:3.08 pbfactor:1.43 avgQpOffsetCutree:-1.89;
in:205 out:208 type:b q:28.74 q-aq:29.00 q-noVbv:28.74 q-Rceq:1.00 tex:10288 mv:10220 misc:2188 icu:42.50 pcu:788.25 scu:465.25 tlayer:4 pbqpoffset:6.80 pbfactor:2.19 avgQpOffsetCutree:0.00;
in:207 out:209 type:b q:26.97 q-aq:27.06 q-noVbv:26.97 q-Rceq:1.00 tex:17945 mv:10889 misc:2862 icu:100.25 pcu:663.75 scu:532.00 tlayer:4 pbqpoffset:5.11 pbfactor:1.80 avgQpOffsetCutree:0.00;
in:210 out:210 type:B q:25.43 q-aq:24.39 q-noVbv:25.43 q-Rceq:1.00 tex:42711 mv:19753 misc:3632 icu:114.00 pcu:871.25 scu:310.75 tlayer:3 pbqpoffset:3.69 pbfactor:1.53 avgQpOffsetCutree:-1.61;
in:209 out:211 type:b q:27.94 q-aq:28.05 q-noVbv:27.94 q-Rceq:1.00 tex:14496 mv:11637 misc:2443 icu:48.00 pcu:807.75 scu:440.25 tlayer:4 pbqpoffset:6.16 pbfactor:2.04 avgQpOffsetCutree:0.00;
in:211 out:212 type:b q:28.15 q-aq:28.09 q-noVbv:28.15 q-Rceq:1.00 tex:13814 mv:11583 misc:2403 icu:50.75 pcu:789.25 scu:456.00 tlayer:4 pbqpoffset:6.45 pbfactor:2.11 avgQpOffsetCutree:0.00;
in:228 out:213 type:k q:21.74 q-aq:18.55 q-noVbv:21.74 q-Rceq:1.00 tex:292083 mv:27411 misc:2066 icu:1262.50 pcu:33.50 scu:0.00 tlayer:0 pbqpoffset:1.54 pbfactor:1.20 avgQpOffsetCutree:-4.81;
in:220 out:214 type:B q:24.08 q-aq:21.27 q-noVbv:24.08 q-Rceq:1.00 tex:200352 mv:21711 misc:2449 icu:1017.25 pcu:275.25 scu:3.50 tlayer:1 pbqpoffset:2.37 pbfactor:1.32 avgQpOffsetCutree:-4.23;
in:216 out:215 type:B q:24.06 q-aq:21.59 q-noVbv:24.06 q-Rceq:1.00 tex:99595 mv:28261 misc:4240 icu:270.00 pcu:883.50 scu:142.50 tlayer:2 pbqpoffset:2.37 pbfactor:1.32 avgQpOffsetCutree:-3.10;
in:214 out:216 type:B q:24.86 q-aq:23.86 q-noVbv:24.86 q-Rceq:1.00 tex:43968 mv:20630 misc:3866 icu:141.00 pcu:853.00 scu:302.00 tlayer:3 pbqpoffset:3.19 pbfactor:1.44 avgQpOffsetCutree:-1.59;
in:213 out:217 type:b q:27.18 q-aq:27.09 q-noVbv:27.18 q-Rceq:1.00 tex:14687 mv:11296 misc:2513 icu:53.50 pcu:782.00 scu:460.50 tlayer:4 pbqpoffset:5.51 pbfactor:1.89 avgQpOffsetCutree:0.00;
in:215 out:218 type:b q:26.90 q-aq:27.03 q-noVbv:26.90 q-Rceq:1.00 tex:15493 mv:12383 misc:2420 icu:65.75 pcu:796.00 scu:434.25 tlayer:4 pbqpoffset:5.22 pbfactor:1.83 avgQpOffsetCutree:0.00;
in:218 out:219 type:B q:24.74 q-aq:23.76 q-noVbv:24.74 q-Rceq:1.00 tex:46219 mv:20387 misc:3946 icu:140.50 pcu:822.50 scu:333.00 tlayer:3 pbqpoffset:3.04 pbfactor:1.42 avgQpOffsetCutree:-1.56;
in:217 out:220 type:b q:26.92 q-aq:27.02 q-noVbv:26.92 q-Rceq:1.00 tex:15811 mv:11761 misc:2524 icu:62.50 pcu:720.25 scu:513.25 tlayer:4 pbqpoffset:5.23 pbfactor:1.83 avgQpOffsetCutree:0.00;
in:219 out:221 type:b q:26.91 q-aq:27.03 q-noVbv:26.91 q-Rceq:1.00 tex:14206 mv:13085 misc:2541 icu:49.00 pcu:787.75 scu:459.25 tlayer:4 pbqpoffset:5.21 pbfactor:1.83 avgQpOffsetCutree:0.00;
in:224 out:222 type:B q:24.10 q-aq:22.65 q-noVbv:24.10 q-Rceq:1.00 tex:113176 mv:24558 misc:3202 icu:574.00 pcu:651.50 scu:70.50 tlayer:2 pbqpoffset:2.37 pbfactor:1.32 avgQpOffsetCutree:-2.39;
in:222 out:223 type:B q:24.40 q-aq:22.98 q-noVbv:24.40 q-Rceq:1.00 tex:71731 mv:19748 misc:3977 icu:240.75 pcu:810.25 scu:245.00 tlayer:3 pbqpoffset:2.68 pbfactor:1.36 avgQpOffsetCutree:-1.95;
in:221 out:224 type:b q:27.42 q-aq:27.53 q-noVbv:27.42 q-Rceq:1.00 tex:14720 mv:11650 misc:2518 icu:55.50 pcu:770.75 scu:469.75 tlayer:4 pbqpoffset:5.71 pbfactor:1.93 avgQpOffsetCutree:0.00;
in:223 out:225 type:b q:26.06 q-aq:26.10 q-noVbv:26.06 q-Rceq:1.00 tex:23398 mv:12063 misc:2907 icu:107.75 pcu:723.00 scu:465.25 tlayer:4 pbqpoffset:4.34 pbfactor:1.65 avgQpOffsetCutree:0.00;
in:226 out:226 type:B q:25.03 q-aq:23.95 q-noVbv:25.03 q-Rceq:1.00 tex:40069 mv:19485 misc:3398 icu:112.25 pcu:887.75 scu:296.00 tlayer:3 pbqpoffset:3.30 pbfactor:1.46 avgQpOffsetCutree:-1.61;
in:225 out:227 type:b q:27.43 q-aq:27.50 q-noVbv:27.43 q-Rceq:1.00 tex:13346 mv:12173 misc:2513 icu:38.75 pcu:808.00 scu:449.25 tlayer:4 pbqpoffset:5.71 pbfactor:1.93 avgQpOffsetCutree:0.00;
in:227 out:228 type:b q:27.02 q-aq:27.04 q-noVbv:27.02 q-Rceq:1.00 tex:16008 mv:11563 misc:2389 icu:50.75 pcu:773.00 scu:472.25 tlayer:4 pbqpoffset:5.29 pbfactor:1.84 avgQpOffsetCutree:0.00;
in:244 out:229 type:k q:23.06 q-aq:20.37 q-noVbv:23.06 q-Rceq:1.00 tex:223168 mv:19258 misc:1902 icu:1290.50 pcu:5.50 scu:0.00 tlayer:0 pbqpoffset:1.53 pbfactor:1.19 avgQpOffsetCutree:-4.29;
in:236 out:230 type:B q:24.67 q-aq:21.90 q-noVbv:24.67 q-Rceq:1.00 tex:172797 mv:19971 misc:2224 icu:1000.00 pcu:291.50 scu:4.50 tlayer:1 pbqpoffset:2.28 pbfactor:1.30 avgQpOffsetCutree:-4.04;
in:232 out:231 type:B q:24.34 q-aq:22.01 q-noVbv:24.34 q-Rceq:1.00 tex:92329 mv:26740 misc:4011 icu:295.50 pcu:853.00 scu:147.50 tlayer:2 pbqpoffset:2.28 pbfactor:1.30 avgQpOffsetCutree:-2.94;
in:230 out:232 type:B q:24.95 q-aq:23.77 q-noVbv:24.95 q-Rceq:1.00 tex:45611 mv:20104 misc:3541 icu:148.75 pcu:861.50 scu:285.75 tlayer:3 pbqpoffset:3.05 pbfactor:1.42 avgQpOffsetCutree:-1.65;
in:229 out:233 type:b q:27.37 q-aq:27.35 q-noVbv:27.37 q-Rceq:1.00 tex:14419 mv:11335 misc:2582 icu:62.00 pcu:726.25 scu:507.75 tlayer:4 pbqpoffset:5.55 pbfactor:1.90 avgQpOffsetCutree:0.00;
in:231 out:234 type:b q:27.18 q-aq:27.12 q-noVbv:27.18 q-Rceq:1.00 tex:15090 mv:12834 misc:2372 icu:57.75 pcu:864.25 scu:374.00 tlayer:4 pbqpoffset:5.19 pbfactor:1.82 avgQpOffsetCutree:0.00;
in:234 out:235 type:B q:25.29 q-aq:24.21 q-noVbv:25.29 q-Rceq:1.00 tex:41584 mv:19668 misc:3468 icu:155.25 pcu:844.50 scu:296.25 tlayer:3 pbqpoffset:3.06 pbfactor:1.42 avgQpOffsetCutree:-1.59;
in:233 out:236 type:b q:27.58 q-aq:28.03 q-noVbv:27.58 q-Rceq:1.00 tex:13182 mv:11282 misc:2280 icu:68.00 pcu:728.00 scu:500.00 tlayer:4 pbqpoffset:5.43 pbfactor:1.87 avgQpOffsetCutree:0.00;
in:235 out:237 type:b q:27.58 q-aq:28.02 q-noVbv:27.58 q-Rceq:1.00 tex:13704 mv:11821 misc:2387 icu:65.00 pcu:816.50 scu:414.50 tlayer:4 pbqpoffset:5.27 pbfactor:1.84 avgQpOffsetCutree:0.00;
in:240 out:238 type:B q:25.00 q-aq:23.34 q-noVbv:25.00 q-Rceq:1.00 tex:95036 mv:21239 misc:3469 icu:620.00 pcu:577.00 scu:99.00 tlayer:2 pbqpoffset:2.28 pbfactor:1.30 avgQpOffsetCutree:-2.37;
in:238 out:239 type:B q:25.07 q-aq:23.65 q-noVbv:25.07 q-Rceq:1.00 tex:60488 mv:19317 misc:3803 icu:279.50 pcu:772.50 scu:244.00 tlayer:3 pbqpoffset:2.51 pbfactor:1.34 avgQpOffsetCutree:-1.88;
in:237 out:240 type:b q:27.87 q-aq:28.04 q-noVbv:27.87 q-Rceq:1.00 tex:13882 mv:11318 misc:2368 icu:84.25 pcu:732.75 scu:479.00 tlayer:4 pbqpoffset:5.39 pbfactor:1.86 avgQpOffsetCutree:0.00;
in:239 out:241 type:b q:27.43 q-aq:27.58 q-noVbv:27.43 q-Rceq:1.00 tex:15909 mv:10520 misc:2579 icu:116.25 pcu:672.50 scu:507.25 tlayer:4 pbqpoffset:4.78 pbfactor:1.74 avgQpOffsetCutree:0.00;
in:242 out:242 type:B q:25.90 q-aq:24.79 q-noVbv:25.90 q-Rceq:1.00 tex:37148 mv:16992 misc:3180 icu:161.25 pcu:803.00 scu:331.75 tlayer:3 pbqpoffset:3.01 pbfactor:1.42 avgQpOffsetCutree:-1.64;
in:241 out:243 type:b q:28.17 q-aq:28.14 q-noVbv:28.17 q-Rceq:1.00 tex:13543 mv:11573 misc:2268 icu:57.75 pcu:809.75 scu:428.50 tlayer:4 pbqpoffset:5.36 pbfactor:1.86 avgQpOffsetCutree:0.00;
in:243 out:244 type:b q:28.74 q-aq:29.04 q-noVbv:28.74 q-Rceq:1.00 tex:11109 mv:10257 misc:2066 icu:69.50 pcu:728.50 scu:498.00 tlayer:4 pbqpoffset:5.76 pbfactor:1.95 avgQpOffsetCutree:0.00;
in:249 out:245 type:k q:22.92 q-aq:21.97 q-noVbv:22.92 q-Rceq:1.00 tex:127691 mv:20252 misc:2737 icu:674.75 pcu:578.25 scu:43.00 tlayer:0 pbqpoffset:1.51 pbfactor:1.19 avgQpOffsetCutree:-2.15;
in:247 out:246 type:B q:25.05 q-aq:23.25 q-noVbv:25.05 q-Rceq:1.00 tex:46440 mv:19277 misc:3507 icu:168.25 pcu:849.75 scu:278.00 tlayer:1 pbqpoffset:2.08 pbfactor:1.27 avgQpOffsetCutree:-2.09;
in:246 out:247 type:B q:25.92 q-aq:25.86 q-noVbv:25.92 q-Rceq:1.00 tex:23205 mv:13957 misc:2742 icu:97.75 pcu:862.50 scu:335.75 tlayer:2 pbqpoffset:2.92 pbfactor:1.40 avgQpOffsetCutree:-0.87;
in:245 out:248 type:b q:27.44 q-aq:27.43 q-noVbv:27.44 q-Rceq:1.00 tex:12044 mv:11029 misc:2335 icu:65.75 pcu:776.25 scu:454.00 tlayer:3 pbqpoffset:4.41 pbfactor:1.66 avgQpOffsetCutree:0.00;
in:248 out:249 type:b q:28.02 q-aq:28.07 q-noVbv:28.02 q-Rceq:1.00 tex:9338 mv:8566 misc:2120 icu:52.00 pcu:633.50 scu:610.50 tlayer:2 pbqpoffset:5.07 pbfactor:1.80 avgQpOffsetCutree:0.00;
