#options: cpuid=1050111 frame-threads=1 no-wpp no-pmode no-pme psnr no-ssim log-level=2 bitdepth=8 input-csp=1 fps=25000/1000 input-res=768x432 interlace=0 total-frames=250 level-idc=0 high-tier=1 uhd-bd=0 ref=4 no-allow-non-conformance no-repeat-headers annexb no-aud no-hrd info hash=0 no-temporal-layers open-gop min-keyint=1 keyint=5000 bframes=15 b-adapt=2 b-pyramid bframe-bias=0 rc-lookahead=40 lookahead-slices=0 scenecut=40 no-intra-refresh ctu=64 min-cu-size=8 rect amp max-tu-size=32 tu-inter-depth=3 tu-intra-depth=3 limit-tu=4 rdoq-level=2 dynamic-rd=0.00 no-ssim-rd signhide no-tskip nr-intra=0 nr-inter=0 no-constrained-intra strong-intra-smoothing max-merge=4 limit-refs=1 limit-modes me=3 subme=4 merange=57 temporal-mvp weightp weightb no-analyze-src-pics deblock=0:0 sao no-sao-non-deblock rd=6 no-early-skip rskip no-fast-intra no-tskip-fast no-cu-lossless b-intra rdpenalty=0 psy-rd=0.00 psy-rdoq=0.00 no-rd-refine analysis-reuse-mode=0 no-lossless cbqpoffs=0 crqpoffs=0 rc=abr bitrate=2000 qcomp=0.60 qpstep=4 stats-write=1 stats-read=0 slow-firstpass ipratio=1.40 pbratio=1.30 aq-mode=1 aq-strength=0.00 cutree zone-count=0 no-strict-cbr qg-size=64 no-rc-grain qpmax=69 qpmin=0 no-const-vbv sar=0 overscan=0 videoformat=5 range=0 colorprim=2 transfer=2 colormatrix=2 chromaloc=0 display-window=0 max-cll=0,0 min-luma=0 max-luma=255 log2-max-poc-lsb=8 vui-timing-info vui-hrd-info slices=1 opt-qp-pps opt-ref-list-length-pps no-multi-pass-opt-rps scenecut-bias=0.05 no-opt-cu-delta-qp no-aq-motion no-hdr no-hdr-opt no-dhdr10-opt analysis-reuse-level=5 scale-factor=0 refine-intra=0 refine-inter=0 refine-mv=0 no-limit-sao ctu-info=0 max-tlayer=4
in:0 out:0 type:I q:24.75 q-aq:21.37 q-noVbv:24.75 q-Rceq:1.00 tex:301527 mv:39632 misc:2489 icu:1296.00 pcu:0.00 scu:0.00 tlayer:0 pbqpoffset:0.00 pbfactor:1.00 avgQpOffsetCutree:-4.71;
in:16 out:1 type:k q:27.66 q-aq:24.71 q-noVbv:27.66 q-Rceq:1.00 tex:210871 mv:30898 misc:1967 icu:1284.50 pcu:11.50 scu:0.00 tlayer:0 pbqpoffset:0.00 pbfactor:1.00 avgQpOffsetCutree:-4.93;
in:8 out:2 type:B q:30.74 q-aq:26.40 q-noVbv:30.74 q-Rceq:1.00 tex:123597 mv:22947 misc:2992 icu:536.25 pcu:735.00 scu:24.75 tlayer:1 pbqpoffset:3.07 pbfactor:1.43 avgQpOffsetCutree:-4.87;
in:4 out:3 type:B q:31.67 q-aq:28.40 q-noVbv:31.67 q-Rceq:1.00 tex:45339 mv:20505 misc:3652 icu:155.75 pcu:831.25 scu:309.00 tlayer:2 pbqpoffset:4.01 pbfactor:1.59 avgQpOffsetCutree:-3.05;
in:2 out:4 type:B q:32.60 q-aq:31.17 q-noVbv:32.60 q-Rceq:1.00 tex:18992 mv:14726 misc:2938 icu:55.75 pcu:838.75 scu:401.50 tlayer:3 pbqpoffset:4.94 pbfactor:1.77 avgQpOffsetCutree:-1.69;
in:1 out:5 type:b q:35.60 q-aq:36.00 q-noVbv:35.60 q-Rceq:1.00 tex:3047 mv:6454 misc:1635 icu:3.25 pcu:686.00 scu:606.75 tlayer:4 pbqpoffset:7.94 pbfactor:2.50 avgQpOffsetCutree:0.00;
in:3 out:6 type:b q:35.60 q-aq:36.00 q-noVbv:35.60 q-Rceq:1.00 tex:2129 mv:6169 misc:1670 icu:5.75 pcu:627.25 scu:663.00 tlayer:4 pbqpoffset:7.94 pbfactor:2.50 avgQpOffsetCutree:0.00;
in:6 out:7 type:B q:32.60 q-aq:30.97 q-noVbv:32.60 q-Rceq:1.00 tex:16146 mv:14009 misc:3005 icu:64.75 pcu:736.25 scu:495.00 tlayer:3 pbqpoffset:4.94 pbfactor:1.77 avgQpOffsetCutree:-1.72;
in:5 out:8 type:b q:35.60 q-aq:36.00 q-noVbv:35.60 q-Rceq:1.00 tex:2920 mv:5965 misc:1619 icu:17.50 pcu:623.25 scu:655.25 tlayer:4 pbqpoffset:7.94 pbfactor:2.50 avgQpOffsetCutree:0.00;
in:7 out:9 type:b q:35.60 q-aq:36.00 q-noVbv:35.60 q-Rceq:1.00 tex:2664 mv:5677 misc:1667 icu:6.50 pcu:569.25 scu:720.25 tlayer:4 pbqpoffset:7.94 pbfactor:2.50 avgQpOffsetCutree:0.00;
in:12 out:10 type:B q:31.10 q-aq:27.24 q-noVbv:31.10 q-Rceq:1.00 tex:75809 mv:19771 misc:3284 icu:276.75 pcu:915.50 scu:103.75 tlayer:2 pbqpoffset:3.44 pbfactor:1.49 avgQpOffsetCutree:-3.60;
in:10 out:11 type:B q:32.60 q-aq:31.19 q-noVbv:32.60 q-Rceq:1.00 tex:16726 mv:14355 misc:3023 icu:36.75 pcu:835.25 scu:424.00 tlayer:3 pbqpoffset:4.94 pbfactor:1.77 avgQpOffsetCutree:-1.63;
in:9 out:12 type:b q:35.60 q-aq:36.00 q-noVbv:35.60 q-Rceq:1.00 tex:3370 mv:5387 misc:1627 icu:7.25 pcu:613.00 scu:675.75 tlayer:4 pbqpoffset:7.94 pbfactor:2.50 avgQpOffsetCutree:0.00;
in:11 out:13 type:b q:35.60 q-aq:36.00 q-noVbv:35.60 q-Rceq:1.00 tex:2844 mv:6100 misc:1712 icu:7.00 pcu:632.75 scu:656.25 tlayer:4 pbqpoffset:7.94 pbfactor:2.50 avgQpOffsetCutree:0.00;
in:14 out:14 type:B q:32.45 q-aq:30.48 q-noVbv:32.45 q-Rceq:1.00 tex:26314 mv:16257 misc:3493 icu:98.50 pcu:825.25 scu:372.25 tlayer:3 pbqpoffset:4.79 pbfactor:1.74 avgQpOffsetCutree:-1.99;
in:13 out:15 type:b q:35.60 q-aq:36.00 q-noVbv:35.60 q-Rceq:1.00 tex:3757 mv:6106 misc:1785 icu:2.50 pcu:632.25 scu:661.25 tlayer:4 pbqpoffset:7.94 pbfactor:2.50 avgQpOffsetCutree:0.00;
in:15 out:16 type:b q:34.62 q-aq:35.00 q-noVbv:34.62 q-Rceq:1.00 tex:6107 mv:8027 misc:2338 icu:13.50 pcu:699.50 scu:583.00 tlayer:4 pbqpoffset:6.96 pbfactor:2.23 avgQpOffsetCutree:0.00;
in:32 out:17 type:k q:24.61 q-aq:21.45 q-noVbv:24.61 q-Rceq:1.00 tex:257145 mv:31209 misc:2358 icu:1285.50 pcu:10.00 scu:0.50 tlayer:0 pbqpoffset:0.00 pbfactor:1.00 avgQpOffsetCutree:-4.99;
in:24 out:18 type:B q:28.87 q-aq:24.87 q-noVbv:28.87 q-Rceq:1.00 tex:142452 mv:25101 misc:3295 icu:631.00 pcu:624.75 scu:40.25 tlayer:1 pbqpoffset:2.74 pbfactor:1.37 avgQpOffsetCutree:-4.45;
in:20 out:19 type:B q:30.21 q-aq:27.11 q-noVbv:30.21 q-Rceq:1.00 tex:54561 mv:21565 misc:3754 icu:181.25 pcu:888.25 scu:226.50 tlayer:2 pbqpoffset:3.31 pbfactor:1.47 avgQpOffsetCutree:-3.07;
in:18 out:20 type:B q:31.88 q-aq:30.87 q-noVbv:31.88 q-Rceq:1.00 tex:16828 mv:13689 misc:2907 icu:46.25 pcu:770.00 scu:479.75 tlayer:3 pbqpoffset:4.60 pbfactor:1.70 avgQpOffsetCutree:-1.46;
in:17 out:21 type:b q:35.07 q-aq:35.00 q-noVbv:35.07 q-Rceq:1.00 tex:4252 mv:6467 misc:1833 icu:5.50 pcu:626.75 scu:663.75 tlayer:4 pbqpoffset:7.60 pbfactor:2.41 avgQpOffsetCutree:0.00;
in:19 out:22 type:b q:34.69 q-aq:35.00 q-noVbv:34.69 q-Rceq:1.00 tex:4150 mv:6813 misc:1829 icu:8.50 pcu:648.75 scu:638.75 tlayer:4 pbqpoffset:7.60 pbfactor:2.41 avgQpOffsetCutree:0.00;
in:22 out:23 type:B q:31.12 q-aq:29.60 q-noVbv:31.12 q-Rceq:1.00 tex:21795 mv:15496 misc:3221 icu:45.50 pcu:861.00 scu:389.50 tlayer:3 pbqpoffset:4.60 pbfactor:1.70 avgQpOffsetCutree:-1.66;
in:21 out:24 type:b q:34.31 q-aq:34.03 q-noVbv:34.31 q-Rceq:1.00 tex:5243 mv:7309 misc:2112 icu:3.75 pcu:625.75 scu:666.50 tlayer:4 pbqpoffset:7.60 pbfactor:2.41 avgQpOffsetCutree:0.00;
in:23 out:25 type:b q:33.93 q-aq:34.00 q-noVbv:33.93 q-Rceq:1.00 tex:4461 mv:7400 misc:2043 icu:7.25 pcu:679.25 scu:609.50 tlayer:4 pbqpoffset:7.60 pbfactor:2.41 avgQpOffsetCutree:0.00;
in:28 out:26 type:B q:28.21 q-aq:24.73 q-noVbv:28.21 q-Rceq:1.00 tex:110318 mv:23453 misc:3421 icu:373.25 pcu:858.75 scu:64.00 tlayer:2 pbqpoffset:2.83 pbfactor:1.39 avgQpOffsetCutree:-3.55;
in:26 out:27 type:B q:30.36 q-aq:29.23 q-noVbv:30.36 q-Rceq:1.00 tex:22819 mv:18155 misc:3370 icu:76.75 pcu:841.75 scu:377.50 tlayer:3 pbqpoffset:4.60 pbfactor:1.70 avgQpOffsetCutree:-1.48;
in:25 out:28 type:b q:33.55 q-aq:34.00 q-noVbv:33.55 q-Rceq:1.00 tex:5096 mv:7855 misc:1937 icu:6.50 pcu:735.75 scu:553.75 tlayer:4 pbqpoffset:7.60 pbfactor:2.41 avgQpOffsetCutree:0.00;
in:27 out:29 type:b q:33.17 q-aq:33.00 q-noVbv:33.17 q-Rceq:1.00 tex:5150 mv:8242 misc:2136 icu:10.50 pcu:711.50 scu:574.00 tlayer:4 pbqpoffset:7.60 pbfactor:2.41 avgQpOffsetCutree:0.00;
in:30 out:30 type:B q:29.26 q-aq:27.37 q-noVbv:29.26 q-Rceq:1.00 tex:41876 mv:17750 misc:3694 icu:146.75 pcu:808.25 scu:341.00 tlayer:3 pbqpoffset:4.26 pbfactor:1.64 avgQpOffsetCutree:-1.94;
in:29 out:31 type:b q:32.78 q-aq:33.00 q-noVbv:32.78 q-Rceq:1.00 tex:6157 mv:8646 misc:2093 icu:13.50 pcu:703.50 scu:579.00 tlayer:4 pbqpoffset:7.60 pbfactor:2.41 avgQpOffsetCutree:0.00;
in:31 out:32 type:b q:32.00 q-aq:32.00 q-noVbv:32.00 q-Rceq:1.00 tex:12023 mv:9824 misc:2761 icu:20.00 pcu:762.50 scu:513.50 tlayer:4 pbqpoffset:7.20 pbfactor:2.30 avgQpOffsetCutree:0.00;
in:48 out:33 type:k q:21.60 q-aq:18.73 q-noVbv:21.60 q-Rceq:1.00 tex:341655 mv:34021 misc:2588 icu:1280.50 pcu:15.25 scu:0.25 tlayer:0 pbqpoffset:0.00 pbfactor:1.00 avgQpOffsetCutree:-5.05;
in:40 out:34 type:B q:25.88 q-aq:22.56 q-noVbv:25.88 q-Rceq:1.00 tex:202897 mv:27485 misc:2674 icu:665.25 pcu:616.75 scu:14.00 tlayer:1 pbqpoffset:2.77 pbfactor:1.38 avgQpOffsetCutree:-4.70;
in:36 out:35 type:B q:27.28 q-aq:24.40 q-noVbv:27.28 q-Rceq:1.00 tex:83210 mv:25211 misc:3963 icu:205.75 pcu:866.00 scu:224.25 tlayer:2 pbqpoffset:3.43 pbfactor:1.49 avgQpOffsetCutree:-3.19;
in:34 out:36 type:B q:28.87 q-aq:27.85 q-noVbv:28.87 q-Rceq:1.00 tex:27208 mv:18457 misc:3375 icu:42.25 pcu:826.75 scu:427.00 tlayer:3 pbqpoffset:4.64 pbfactor:1.71 avgQpOffsetCutree:-1.49;
in:33 out:37 type:b q:32.06 q-aq:32.00 q-noVbv:32.06 q-Rceq:1.00 tex:8592 mv:9118 misc:2226 icu:4.00 pcu:654.75 scu:637.25 tlayer:4 pbqpoffset:7.64 pbfactor:2.42 avgQpOffsetCutree:0.00;
in:35 out:38 type:b q:31.68 q-aq:32.00 q-noVbv:31.68 q-Rceq:1.00 tex:9244 mv:9440 misc:2108 icu:10.00 pcu:731.75 scu:554.25 tlayer:4 pbqpoffset:7.64 pbfactor:2.42 avgQpOffsetCutree:0.00;
in:38 out:39 type:B q:28.03 q-aq:26.85 q-noVbv:28.03 q-Rceq:1.00 tex:39103 mv:20721 misc:3584 icu:78.25 pcu:868.75 scu:349.00 tlayer:3 pbqpoffset:4.55 pbfactor:1.69 avgQpOffsetCutree:-1.65;
in:37 out:40 type:b q:31.30 q-aq:31.09 q-noVbv:31.30 q-Rceq:1.00 tex:10939 mv:10317 misc:2352 icu:18.50 pcu:790.75 scu:486.75 tlayer:4 pbqpoffset:7.64 pbfactor:2.42 avgQpOffsetCutree:0.00;
in:39 out:41 type:b q:30.93 q-aq:31.00 q-noVbv:30.93 q-Rceq:1.00 tex:10200 mv:10334 misc:2458 icu:14.75 pcu:721.25 scu:560.00 tlayer:4 pbqpoffset:7.64 pbfactor:2.42 avgQpOffsetCutree:0.00;
in:44 out:42 type:B q:25.28 q-aq:22.10 q-noVbv:25.28 q-Rceq:1.00 tex:161630 mv:26991 misc:3731 icu:384.00 pcu:868.25 scu:43.75 tlayer:2 pbqpoffset:2.93 pbfactor:1.40 avgQpOffsetCutree:-3.56;
in:42 out:43 type:B q:27.26 q-aq:25.96 q-noVbv:27.26 q-Rceq:1.00 tex:38449 mv:21671 misc:3584 icu:63.50 pcu:864.50 scu:368.00 tlayer:3 pbqpoffset:4.53 pbfactor:1.69 avgQpOffsetCutree:-1.67;
in:41 out:44 type:b q:30.55 q-aq:31.00 q-noVbv:30.55 q-Rceq:1.00 tex:9556 mv:10680 misc:2348 icu:8.25 pcu:729.75 scu:558.00 tlayer:4 pbqpoffset:7.64 pbfactor:2.42 avgQpOffsetCutree:0.00;
in:43 out:45 type:b q:30.17 q-aq:30.03 q-noVbv:30.17 q-Rceq:1.00 tex:11182 mv:11721 misc:2673 icu:9.75 pcu:726.75 scu:559.50 tlayer:4 pbqpoffset:7.64 pbfactor:2.42 avgQpOffsetCutree:0.00;
in:46 out:46 type:B q:25.87 q-aq:24.29 q-noVbv:25.87 q-Rceq:1.00 tex:71899 mv:22537 misc:3940 icu:169.75 pcu:859.50 scu:266.75 tlayer:3 pbqpoffset:3.89 pbfactor:1.57 avgQpOffsetCutree:-1.98;
in:45 out:47 type:b q:29.80 q-aq:30.00 q-noVbv:29.80 q-Rceq:1.00 tex:9469 mv:11225 misc:2594 icu:16.00 pcu:745.25 scu:534.75 tlayer:4 pbqpoffset:7.64 pbfactor:2.42 avgQpOffsetCutree:0.00;
in:47 out:48 type:b q:28.63 q-aq:29.00 q-noVbv:28.63 q-Rceq:1.00 tex:13486 mv:10979 misc:2703 icu:23.25 pcu:721.75 scu:551.00 tlayer:4 pbqpoffset:6.84 pbfactor:2.20 avgQpOffsetCutree:0.00;
in:64 out:49 type:k q:21.61 q-aq:18.50 q-noVbv:21.61 q-Rceq:1.00 tex:365848 mv:36966 misc:2490 icu:1278.75 pcu:16.75 scu:0.50 tlayer:0 pbqpoffset:1.94 pbfactor:1.25 avgQpOffsetCutree:-5.50;
in:56 out:50 type:B q:24.56 q-aq:21.24 q-noVbv:24.56 q-Rceq:1.00 tex:227206 mv:29556 misc:2782 icu:698.00 pcu:584.00 scu:14.00 tlayer:1 pbqpoffset:2.95 pbfactor:1.41 avgQpOffsetCutree:-4.85;
in:52 out:51 type:B q:25.04 q-aq:22.42 q-noVbv:25.04 q-Rceq:1.00 tex:104353 mv:31751 misc:4152 icu:220.00 pcu:921.75 scu:154.25 tlayer:2 pbqpoffset:3.44 pbfactor:1.49 avgQpOffsetCutree:-3.13;
in:50 out:52 type:B q:26.42 q-aq:25.40 q-noVbv:26.42 q-Rceq:1.00 tex:41709 mv:22846 misc:3533 icu:55.00 pcu:932.00 scu:309.00 tlayer:3 pbqpoffset:4.82 pbfactor:1.74 avgQpOffsetCutree:-1.67;
in:49 out:53 type:b q:29.42 q-aq:29.54 q-noVbv:29.42 q-Rceq:1.00 tex:13173 mv:11322 misc:2673 icu:6.25 pcu:754.25 scu:535.50 tlayer:4 pbqpoffset:7.82 pbfactor:2.47 avgQpOffsetCutree:0.00;
in:51 out:54 type:b q:29.42 q-aq:29.57 q-noVbv:29.42 q-Rceq:1.00 tex:11172 mv:11516 misc:2752 icu:7.00 pcu:757.25 scu:531.75 tlayer:4 pbqpoffset:7.82 pbfactor:2.47 avgQpOffsetCutree:0.00;
in:54 out:55 type:B q:26.42 q-aq:25.48 q-noVbv:26.42 q-Rceq:1.00 tex:40145 mv:22572 misc:3619 icu:60.75 pcu:908.25 scu:327.00 tlayer:3 pbqpoffset:4.82 pbfactor:1.74 avgQpOffsetCutree:-1.57;
in:53 out:56 type:b q:29.42 q-aq:29.55 q-noVbv:29.42 q-Rceq:1.00 tex:12192 mv:11230 misc:2682 icu:8.00 pcu:770.50 scu:517.50 tlayer:4 pbqpoffset:7.82 pbfactor:2.47 avgQpOffsetCutree:0.00;
in:55 out:57 type:b q:29.42 q-aq:29.43 q-noVbv:29.42 q-Rceq:1.00 tex:11907 mv:11027 misc:2666 icu:8.00 pcu:715.50 scu:572.50 tlayer:4 pbqpoffset:7.82 pbfactor:2.47 avgQpOffsetCutree:0.00;
in:60 out:58 type:B q:25.09 q-aq:22.12 q-noVbv:25.09 q-Rceq:1.00 tex:155474 mv:25265 misc:3757 icu:336.50 pcu:891.75 scu:67.75 tlayer:2 pbqpoffset:3.48 pbfactor:1.49 avgQpOffsetCutree:-3.52;
in:58 out:59 type:B q:26.43 q-aq:25.51 q-noVbv:26.43 q-Rceq:1.00 tex:39281 mv:21670 misc:3889 icu:61.75 pcu:903.25 scu:331.00 tlayer:3 pbqpoffset:4.82 pbfactor:1.74 avgQpOffsetCutree:-1.54;
in:57 out:60 type:b q:29.42 q-aq:29.43 q-noVbv:29.42 q-Rceq:1.00 tex:12220 mv:11717 misc:2791 icu:10.00 pcu:764.75 scu:521.25 tlayer:4 pbqpoffset:7.82 pbfactor:2.47 avgQpOffsetCutree:0.00;
in:59 out:61 type:b q:29.43 q-aq:29.44 q-noVbv:29.43 q-Rceq:1.00 tex:12243 mv:11465 misc:2564 icu:10.00 pcu:832.25 scu:453.75 tlayer:4 pbqpoffset:7.82 pbfactor:2.47 avgQpOffsetCutree:0.00;
in:62 out:62 type:B q:25.81 q-aq:24.24 q-noVbv:25.81 q-Rceq:1.00 tex:65956 mv:17995 misc:4353 icu:126.50 pcu:850.50 scu:319.00 tlayer:3 pbqpoffset:4.20 pbfactor:1.62 avgQpOffsetCutree:-2.09;
in:61 out:63 type:b q:29.43 q-aq:29.64 q-noVbv:29.43 q-Rceq:1.00 tex:11141 mv:11111 misc:2476 icu:5.25 pcu:793.75 scu:497.00 tlayer:4 pbqpoffset:7.82 pbfactor:2.47 avgQpOffsetCutree:0.00;
in:63 out:64 type:b q:27.88 q-aq:28.01 q-noVbv:27.88 q-Rceq:1.00 tex:29775 mv:13835 misc:3374 icu:40.00 pcu:790.50 scu:465.50 tlayer:4 pbqpoffset:6.26 pbfactor:2.06 avgQpOffsetCutree:0.00;
in:80 out:65 type:k q:21.88 q-aq:19.26 q-noVbv:21.88 q-Rceq:1.00 tex:383408 mv:42894 misc:2194 icu:1274.50 pcu:21.00 scu:0.50 tlayer:0 pbqpoffset:1.60 pbfactor:1.20 avgQpOffsetCutree:-5.19;
in:72 out:66 type:B q:24.88 q-aq:21.55 q-noVbv:24.88 q-Rceq:1.00 tex:225504 mv:27180 misc:3012 icu:660.50 pcu:620.50 scu:15.00 tlayer:1 pbqpoffset:3.14 pbfactor:1.44 avgQpOffsetCutree:-4.93;
in:68 out:67 type:B q:25.83 q-aq:22.92 q-noVbv:25.83 q-Rceq:1.00 tex:89297 mv:27092 misc:4531 icu:175.75 pcu:952.75 scu:167.50 tlayer:2 pbqpoffset:4.15 pbfactor:1.62 avgQpOffsetCutree:-3.30;
in:66 out:68 type:B q:26.65 q-aq:25.58 q-noVbv:26.65 q-Rceq:1.00 tex:32601 mv:19999 misc:3352 icu:51.75 pcu:891.00 scu:353.25 tlayer:3 pbqpoffset:5.00 pbfactor:1.78 avgQpOffsetCutree:-1.68;
in:65 out:69 type:b q:29.63 q-aq:30.00 q-noVbv:29.63 q-Rceq:1.00 tex:11646 mv:10498 misc:2336 icu:5.75 pcu:716.25 scu:574.00 tlayer:4 pbqpoffset:8.00 pbfactor:2.52 avgQpOffsetCutree:0.00;
in:67 out:70 type:b q:29.66 q-aq:30.00 q-noVbv:29.66 q-Rceq:1.00 tex:9221 mv:9955 misc:2304 icu:10.00 pcu:718.50 scu:567.50 tlayer:4 pbqpoffset:8.00 pbfactor:2.52 avgQpOffsetCutree:0.00;
in:70 out:71 type:B q:26.71 q-aq:25.40 q-noVbv:26.71 q-Rceq:1.00 tex:37492 mv:20594 misc:3994 icu:64.50 pcu:861.25 scu:370.25 tlayer:3 pbqpoffset:5.00 pbfactor:1.78 avgQpOffsetCutree:-1.75;
in:69 out:72 type:b q:29.70 q-aq:30.00 q-noVbv:29.70 q-Rceq:1.00 tex:10582 mv:10193 misc:2457 icu:10.50 pcu:729.00 scu:556.50 tlayer:4 pbqpoffset:8.00 pbfactor:2.52 avgQpOffsetCutree:0.00;
in:71 out:73 type:b q:29.73 q-aq:30.01 q-noVbv:29.73 q-Rceq:1.00 tex:10086 mv:10246 misc:2428 icu:10.75 pcu:729.50 scu:555.75 tlayer:4 pbqpoffset:8.00 pbfactor:2.52 avgQpOffsetCutree:0.00;
in:76 out:74 type:B q:25.74 q-aq:22.70 q-noVbv:25.74 q-Rceq:1.00 tex:139187 mv:23874 misc:3707 icu:312.00 pcu:929.75 scu:54.25 tlayer:2 pbqpoffset:3.92 pbfactor:1.57 avgQpOffsetCutree:-3.57;
in:74 out:75 type:B q:26.78 q-aq:25.80 q-noVbv:26.78 q-Rceq:1.00 tex:39049 mv:20720 misc:3983 icu:57.75 pcu:916.50 scu:321.75 tlayer:3 pbqpoffset:5.00 pbfactor:1.78 avgQpOffsetCutree:-1.55;
in:73 out:76 type:b q:29.76 q-aq:30.00 q-noVbv:29.76 q-Rceq:1.00 tex:12434 mv:10423 misc:2463 icu:8.00 pcu:777.00 scu:511.00 tlayer:4 pbqpoffset:8.00 pbfactor:2.52 avgQpOffsetCutree:0.00;
in:75 out:77 type:b q:29.80 q-aq:30.01 q-noVbv:29.80 q-Rceq:1.00 tex:11085 mv:11106 misc:2481 icu:8.00 pcu:770.25 scu:517.75 tlayer:4 pbqpoffset:8.00 pbfactor:2.52 avgQpOffsetCutree:0.00;
in:78 out:78 type:B q:26.44 q-aq:25.21 q-noVbv:26.44 q-Rceq:1.00 tex:64426 mv:19057 misc:3949 icu:134.75 pcu:812.00 scu:349.25 tlayer:3 pbqpoffset:4.60 pbfactor:1.70 avgQpOffsetCutree:-1.81;
in:77 out:79 type:b q:29.83 q-aq:30.01 q-noVbv:29.83 q-Rceq:1.00 tex:11286 mv:10057 misc:2545 icu:9.75 pcu:740.75 scu:545.50 tlayer:4 pbqpoffset:8.00 pbfactor:2.52 avgQpOffsetCutree:0.00;
in:79 out:80 type:b q:28.97 q-aq:29.05 q-noVbv:28.97 q-Rceq:1.00 tex:17927 mv:10226 misc:2975 icu:19.00 pcu:632.00 scu:645.00 tlayer:4 pbqpoffset:7.10 pbfactor:2.27 avgQpOffsetCutree:0.00;
in:96 out:81 type:k q:22.17 q-aq:19.23 q-noVbv:22.17 q-Rceq:1.00 tex:360215 mv:40084 misc:2253 icu:1277.00 pcu:18.50 scu:0.50 tlayer:0 pbqpoffset:1.64 pbfactor:1.21 avgQpOffsetCutree:-5.40;
in:88 out:82 type:B q:25.17 q-aq:21.91 q-noVbv:25.17 q-Rceq:1.00 tex:226528 mv:29106 misc:3830 icu:601.25 pcu:656.50 scu:38.25 tlayer:1 pbqpoffset:3.15 pbfactor:1.44 avgQpOffsetCutree:-4.92;
in:84 out:83 type:B q:25.85 q-aq:23.14 q-noVbv:25.85 q-Rceq:1.00 tex:98136 mv:26295 misc:4801 icu:163.00 pcu:918.00 scu:215.00 tlayer:2 pbqpoffset:3.89 pbfactor:1.57 avgQpOffsetCutree:-3.05;
in:82 out:84 type:B q:26.90 q-aq:25.76 q-noVbv:26.90 q-Rceq:1.00 tex:42107 mv:20682 misc:3891 icu:57.25 pcu:861.25 scu:377.50 tlayer:3 pbqpoffset:4.98 pbfactor:1.78 avgQpOffsetCutree:-1.71;
in:81 out:85 type:b q:29.70 q-aq:30.00 q-noVbv:29.70 q-Rceq:1.00 tex:17197 mv:10997 misc:2374 icu:5.75 pcu:773.75 scu:516.50 tlayer:4 pbqpoffset:7.81 pbfactor:2.46 avgQpOffsetCutree:0.00;
in:83 out:86 type:b q:29.47 q-aq:29.77 q-noVbv:29.47 q-Rceq:1.00 tex:13081 mv:11038 misc:2545 icu:8.00 pcu:804.50 scu:483.50 tlayer:4 pbqpoffset:7.53 pbfactor:2.39 avgQpOffsetCutree:0.00;
in:86 out:87 type:B q:26.83 q-aq:25.85 q-noVbv:26.83 q-Rceq:1.00 tex:40483 mv:19841 misc:3644 icu:55.75 pcu:900.00 scu:340.25 tlayer:3 pbqpoffset:4.84 pbfactor:1.75 avgQpOffsetCutree:-1.57;
in:85 out:88 type:b q:29.19 q-aq:29.18 q-noVbv:29.19 q-Rceq:1.00 tex:14576 mv:11580 misc:2540 icu:11.00 pcu:767.00 scu:518.00 tlayer:4 pbqpoffset:7.22 pbfactor:2.30 avgQpOffsetCutree:0.00;
in:87 out:89 type:b q:30.02 q-aq:30.03 q-noVbv:30.02 q-Rceq:1.00 tex:9630 mv:9606 misc:2460 icu:7.25 pcu:764.50 scu:524.25 tlayer:4 pbqpoffset:8.01 pbfactor:2.52 avgQpOffsetCutree:0.00;
in:92 out:90 type:B q:25.53 q-aq:22.48 q-noVbv:25.53 q-Rceq:1.00 tex:142712 mv:22134 misc:3794 icu:294.50 pcu:942.50 scu:59.00 tlayer:2 pbqpoffset:3.43 pbfactor:1.49 avgQpOffsetCutree:-3.63;
in:90 out:91 type:B q:27.07 q-aq:26.12 q-noVbv:27.07 q-Rceq:1.00 tex:33844 mv:19062 misc:3654 icu:55.75 pcu:852.25 scu:388.00 tlayer:3 pbqpoffset:5.01 pbfactor:1.78 avgQpOffsetCutree:-1.56;
in:89 out:92 type:b q:29.92 q-aq:30.01 q-noVbv:29.92 q-Rceq:1.00 tex:12428 mv:9901 misc:2415 icu:9.00 pcu:735.25 scu:551.75 tlayer:4 pbqpoffset:7.88 pbfactor:2.48 avgQpOffsetCutree:0.00;
in:91 out:93 type:b q:30.09 q-aq:30.04 q-noVbv:30.09 q-Rceq:1.00 tex:10006 mv:9679 misc:2275 icu:14.50 pcu:672.75 scu:608.75 tlayer:4 pbqpoffset:8.01 pbfactor:2.52 avgQpOffsetCutree:0.00;
in:94 out:94 type:B q:26.61 q-aq:24.87 q-noVbv:26.61 q-Rceq:1.00 tex:55333 mv:18592 misc:4299 icu:126.25 pcu:826.75 scu:343.00 tlayer:3 pbqpoffset:4.48 pbfactor:1.68 avgQpOffsetCutree:-2.20;
in:93 out:95 type:b q:30.13 q-aq:30.07 q-noVbv:30.13 q-Rceq:1.00 tex:10469 mv:10107 misc:2488 icu:8.75 pcu:739.75 scu:547.50 tlayer:4 pbqpoffset:8.01 pbfactor:2.52 avgQpOffsetCutree:0.00;
in:95 out:96 type:b q:29.50 q-aq:29.81 q-noVbv:29.50 q-Rceq:1.00 tex:12556 mv:8514 misc:2802 icu:19.00 pcu:613.25 scu:663.75 tlayer:4 pbqpoffset:7.35 pbfactor:2.34 avgQpOffsetCutree:0.00;
in:100 out:97 type:k q:23.25 q-aq:19.00 q-noVbv:23.25 q-Rceq:1.00 tex:227152 mv:28180 misc:3644 icu:328.75 pcu:936.50 scu:30.75 tlayer:0 pbqpoffset:1.64 pbfactor:1.21 avgQpOffsetCutree:-5.19;
in:98 out:98 type:B q:25.13 q-aq:24.11 q-noVbv:25.13 q-Rceq:1.00 tex:42306 mv:20181 misc:3937 icu:60.25 pcu:835.50 scu:400.25 tlayer:1 pbqpoffset:2.42 pbfactor:1.32 avgQpOffsetCutree:-1.66;
in:97 out:99 type:b q:26.00 q-aq:26.11 q-noVbv:26.00 q-Rceq:1.00 tex:19302 mv:11495 misc:2723 icu:11.00 pcu:723.50 scu:561.50 tlayer:2 pbqpoffset:3.56 pbfactor:1.51 avgQpOffsetCutree:0.00;
in:99 out:100 type:b q:26.54 q-aq:27.00 q-noVbv:26.54 q-Rceq:1.00 tex:16695 mv:12430 misc:2651 icu:12.00 pcu:760.75 scu:523.25 tlayer:2 pbqpoffset:3.56 pbfactor:1.51 avgQpOffsetCutree:0.00;
in:104 out:101 type:k q:23.79 q-aq:19.69 q-noVbv:23.79 q-Rceq:1.00 tex:198166 mv:26674 misc:3792 icu:319.00 pcu:950.00 scu:27.00 tlayer:0 pbqpoffset:1.64 pbfactor:1.21 avgQpOffsetCutree:-5.05;
in:102 out:102 type:B q:25.33 q-aq:24.29 q-noVbv:25.33 q-Rceq:1.00 tex:44883 mv:21080 misc:3701 icu:62.25 pcu:902.50 scu:331.25 tlayer:1 pbqpoffset:1.81 pbfactor:1.23 avgQpOffsetCutree:-1.66;
in:101 out:103 type:b q:26.33 q-aq:26.41 q-noVbv:26.33 q-Rceq:1.00 tex:17828 mv:12795 misc:2825 icu:21.50 pcu:850.25 scu:424.25 tlayer:2 pbqpoffset:2.94 pbfactor:1.41 avgQpOffsetCutree:0.00;
in:103 out:104 type:b q:26.64 q-aq:27.01 q-noVbv:26.64 q-Rceq:1.00 tex:16117 mv:12248 misc:2707 icu:12.50 pcu:716.25 scu:567.25 tlayer:2 pbqpoffset:2.99 pbfactor:1.41 avgQpOffsetCutree:0.00;
in:108 out:105 type:k q:23.60 q-aq:19.69 q-noVbv:23.60 q-Rceq:1.00 tex:202046 mv:29699 misc:3735 icu:300.25 pcu:953.25 scu:42.50 tlayer:0 pbqpoffset:1.64 pbfactor:1.21 avgQpOffsetCutree:-4.78;
in:106 out:106 type:B q:25.56 q-aq:24.82 q-noVbv:25.56 q-Rceq:1.00 tex:45500 mv:20158 misc:3662 icu:57.50 pcu:888.50 scu:350.00 tlayer:1 pbqpoffset:1.86 pbfactor:1.24 avgQpOffsetCutree:-1.48;
in:105 out:107 type:b q:26.85 q-aq:27.03 q-noVbv:26.85 q-Rceq:1.00 tex:17643 mv:11677 misc:2648 icu:11.25 pcu:793.00 scu:491.75 tlayer:2 pbqpoffset:3.11 pbfactor:1.43 avgQpOffsetCutree:0.00;
in:107 out:108 type:b q:27.42 q-aq:27.68 q-noVbv:27.42 q-Rceq:1.00 tex:12934 mv:10976 misc:2714 icu:9.50 pcu:668.00 scu:618.50 tlayer:2 pbqpoffset:3.77 pbfactor:1.55 avgQpOffsetCutree:0.00;
in:124 out:109 type:k q:22.60 q-aq:18.81 q-noVbv:22.60 q-Rceq:1.00 tex:383432 mv:28268 misc:2556 icu:984.50 pcu:311.50 scu:0.00 tlayer:0 pbqpoffset:1.82 pbfactor:1.23 avgQpOffsetCutree:-6.18;
in:116 out:110 type:B q:25.55 q-aq:21.94 q-noVbv:25.55 q-Rceq:1.00 tex:183555 mv:26610 misc:3339 icu:392.00 pcu:856.00 scu:48.00 tlayer:1 pbqpoffset:2.45 pbfactor:1.33 avgQpOffsetCutree:-4.65;
in:112 out:111 type:B q:26.19 q-aq:24.37 q-noVbv:26.19 q-Rceq:1.00 tex:122472 mv:24485 misc:4395 icu:373.50 pcu:718.25 scu:204.25 tlayer:2 pbqpoffset:2.83 pbfactor:1.39 avgQpOffsetCutree:-2.42;
in:110 out:112 type:B q:27.40 q-aq:25.92 q-noVbv:27.40 q-Rceq:1.00 tex:44638 mv:17227 misc:3839 icu:77.00 pcu:783.50 scu:435.50 tlayer:3 pbqpoffset:3.92 pbfactor:1.57 avgQpOffsetCutree:-1.95;
in:109 out:113 type:b q:30.85 q-aq:31.00 q-noVbv:30.85 q-Rceq:1.00 tex:9427 mv:8454 misc:2175 icu:6.25 pcu:669.25 scu:620.50 tlayer:4 pbqpoffset:7.31 pbfactor:2.33 avgQpOffsetCutree:0.00;
in:111 out:114 type:b q:29.70 q-aq:30.00 q-noVbv:29.70 q-Rceq:1.00 tex:13640 mv:9138 misc:2726 icu:10.00 pcu:649.75 scu:636.25 tlayer:4 pbqpoffset:6.28 pbfactor:2.07 avgQpOffsetCutree:0.00;
in:114 out:115 type:B q:27.54 q-aq:26.25 q-noVbv:27.54 q-Rceq:1.00 tex:32791 mv:17973 misc:3428 icu:36.50 pcu:904.25 scu:355.25 tlayer:3 pbqpoffset:4.31 pbfactor:1.65 avgQpOffsetCutree:-1.74;
in:113 out:116 type:b q:30.60 q-aq:31.00 q-noVbv:30.60 q-Rceq:1.00 tex:12078 mv:9559 misc:2355 icu:6.25 pcu:734.25 scu:555.50 tlayer:4 pbqpoffset:7.31 pbfactor:2.33 avgQpOffsetCutree:0.00;
in:115 out:117 type:b q:30.48 q-aq:30.81 q-noVbv:30.48 q-Rceq:1.00 tex:11598 mv:9583 misc:2547 icu:6.25 pcu:686.75 scu:603.00 tlayer:4 pbqpoffset:7.31 pbfactor:2.33 avgQpOffsetCutree:0.00;
in:120 out:118 type:B q:26.16 q-aq:23.06 q-noVbv:26.16 q-Rceq:1.00 tex:86291 mv:23672 misc:4165 icu:140.00 pcu:907.50 scu:248.50 tlayer:2 pbqpoffset:3.31 pbfactor:1.47 avgQpOffsetCutree:-3.39;
in:118 out:119 type:B q:27.29 q-aq:26.50 q-noVbv:27.29 q-Rceq:1.00 tex:35693 mv:18132 misc:3359 icu:62.00 pcu:879.00 scu:355.00 tlayer:3 pbqpoffset:4.31 pbfactor:1.65 avgQpOffsetCutree:-1.47;
in:117 out:120 type:b q:30.35 q-aq:30.32 q-noVbv:30.35 q-Rceq:1.00 tex:12526 mv:10596 misc:2526 icu:6.00 pcu:660.00 scu:630.00 tlayer:4 pbqpoffset:7.31 pbfactor:2.33 avgQpOffsetCutree:0.00;
in:119 out:121 type:b q:30.23 q-aq:30.13 q-noVbv:30.23 q-Rceq:1.00 tex:12553 mv:10365 misc:2410 icu:6.75 pcu:660.25 scu:629.00 tlayer:4 pbqpoffset:7.31 pbfactor:2.33 avgQpOffsetCutree:0.00;
in:122 out:122 type:B q:27.04 q-aq:26.20 q-noVbv:27.04 q-Rceq:1.00 tex:35335 mv:18254 misc:3243 icu:60.50 pcu:833.75 scu:401.75 tlayer:3 pbqpoffset:4.31 pbfactor:1.65 avgQpOffsetCutree:-1.34;
in:121 out:123 type:b q:30.10 q-aq:30.06 q-noVbv:30.10 q-Rceq:1.00 tex:11591 mv:10433 misc:2424 icu:9.00 pcu:626.75 scu:660.25 tlayer:4 pbqpoffset:7.31 pbfactor:2.33 avgQpOffsetCutree:0.00;
in:123 out:124 type:b q:29.98 q-aq:30.04 q-noVbv:29.98 q-Rceq:1.00 tex:11024 mv:10179 misc:2389 icu:7.00 pcu:594.75 scu:694.25 tlayer:4 pbqpoffset:7.31 pbfactor:2.33 avgQpOffsetCutree:0.00;
in:140 out:125 type:k q:22.64 q-aq:19.54 q-noVbv:22.64 q-Rceq:1.00 tex:359898 mv:24752 misc:2454 icu:894.25 pcu:401.75 scu:0.00 tlayer:0 pbqpoffset:2.00 pbfactor:1.26 avgQpOffsetCutree:-5.53;
in:132 out:126 type:B q:25.65 q-aq:22.29 q-noVbv:25.65 q-Rceq:1.00 tex:190625 mv:24213 misc:3138 icu:410.25 pcu:871.75 scu:14.00 tlayer:1 pbqpoffset:3.03 pbfactor:1.42 avgQpOffsetCutree:-4.79;
in:128 out:127 type:B q:25.91 q-aq:24.37 q-noVbv:25.91 q-Rceq:1.00 tex:122268 mv:25669 misc:3935 icu:448.50 pcu:683.00 scu:164.50 tlayer:2 pbqpoffset:3.30 pbfactor:1.46 avgQpOffsetCutree:-2.35;
in:126 out:128 type:B q:27.01 q-aq:25.34 q-noVbv:27.01 q-Rceq:1.00 tex:62926 mv:17955 misc:3503 icu:112.25 pcu:781.50 scu:402.25 tlayer:3 pbqpoffset:4.40 pbfactor:1.66 avgQpOffsetCutree:-2.13;
in:125 out:129 type:b q:30.50 q-aq:30.93 q-noVbv:30.50 q-Rceq:1.00 tex:12618 mv:10552 misc:2502 icu:10.25 pcu:655.50 scu:630.25 tlayer:4 pbqpoffset:7.89 pbfactor:2.49 avgQpOffsetCutree:0.00;
in:127 out:130 type:b q:29.96 q-aq:30.06 q-noVbv:29.96 q-Rceq:1.00 tex:15325 mv:9741 misc:2510 icu:26.00 pcu:642.75 scu:627.25 tlayer:4 pbqpoffset:7.35 pbfactor:2.34 avgQpOffsetCutree:0.00;
in:130 out:131 type:B q:27.45 q-aq:26.08 q-noVbv:27.45 q-Rceq:1.00 tex:40480 mv:17786 misc:3190 icu:67.75 pcu:907.00 scu:321.25 tlayer:3 pbqpoffset:4.84 pbfactor:1.75 avgQpOffsetCutree:-1.76;
in:129 out:132 type:b q:30.42 q-aq:30.48 q-noVbv:30.42 q-Rceq:1.00 tex:14362 mv:10429 misc:2449 icu:13.25 pcu:687.50 scu:595.25 tlayer:4 pbqpoffset:7.81 pbfactor:2.46 avgQpOffsetCutree:0.00;
in:131 out:133 type:b q:30.39 q-aq:30.39 q-noVbv:30.39 q-Rceq:1.00 tex:13631 mv:10269 misc:2580 icu:10.50 pcu:646.75 scu:638.75 tlayer:4 pbqpoffset:7.77 pbfactor:2.45 avgQpOffsetCutree:0.00;
in:136 out:134 type:B q:26.37 q-aq:23.63 q-noVbv:26.37 q-Rceq:1.00 tex:77058 mv:22642 misc:3676 icu:160.75 pcu:904.75 scu:230.50 tlayer:2 pbqpoffset:3.74 pbfactor:1.54 avgQpOffsetCutree:-3.13;
in:134 out:135 type:B q:27.08 q-aq:26.18 q-noVbv:27.08 q-Rceq:1.00 tex:43690 mv:18874 misc:3100 icu:71.00 pcu:812.25 scu:412.75 tlayer:3 pbqpoffset:4.45 pbfactor:1.67 avgQpOffsetCutree:-1.73;
in:133 out:136 type:b q:30.52 q-aq:31.00 q-noVbv:30.52 q-Rceq:1.00 tex:13927 mv:10189 misc:2244 icu:15.75 pcu:666.00 scu:614.25 tlayer:4 pbqpoffset:7.89 pbfactor:2.49 avgQpOffsetCutree:0.00;
in:135 out:137 type:b q:30.52 q-aq:31.00 q-noVbv:30.52 q-Rceq:1.00 tex:13674 mv:9778 misc:2244 icu:15.50 pcu:618.50 scu:662.00 tlayer:4 pbqpoffset:7.89 pbfactor:2.49 avgQpOffsetCutree:0.00;
in:138 out:138 type:B q:27.53 q-aq:26.74 q-noVbv:27.53 q-Rceq:1.00 tex:33351 mv:16493 misc:3060 icu:74.50 pcu:771.50 scu:450.00 tlayer:3 pbqpoffset:4.89 pbfactor:1.76 avgQpOffsetCutree:-1.56;
in:137 out:139 type:b q:30.53 q-aq:31.00 q-noVbv:30.53 q-Rceq:1.00 tex:10081 mv:8701 misc:2154 icu:17.75 pcu:615.00 scu:663.25 tlayer:4 pbqpoffset:7.89 pbfactor:2.49 avgQpOffsetCutree:0.00;
in:139 out:140 type:b q:30.53 q-aq:31.00 q-noVbv:30.53 q-Rceq:1.00 tex:11262 mv:9406 misc:2108 icu:14.50 pcu:599.00 scu:682.50 tlayer:4 pbqpoffset:7.89 pbfactor:2.49 avgQpOffsetCutree:0.00;
in:154 out:141 type:k q:22.67 q-aq:19.01 q-noVbv:22.67 q-Rceq:1.00 tex:349774 mv:24781 misc:2341 icu:962.50 pcu:333.50 scu:0.00 tlayer:0 pbqpoffset:2.01 pbfactor:1.26 avgQpOffsetCutree:-5.87;
in:147 out:142 type:B q:25.58 q-aq:22.23 q-noVbv:25.58 q-Rceq:1.00 tex:172402 mv:24598 misc:3624 icu:432.50 pcu:791.75 scu:71.75 tlayer:1 pbqpoffset:2.92 pbfactor:1.40 avgQpOffsetCutree:-4.28;
in:144 out:143 type:B q:25.84 q-aq:24.90 q-noVbv:25.84 q-Rceq:1.00 tex:86463 mv:21763 misc:3518 icu:356.25 pcu:650.00 scu:289.75 tlayer:2 pbqpoffset:3.19 pbfactor:1.45 avgQpOffsetCutree:-1.75;
in:142 out:144 type:B q:26.49 q-aq:25.18 q-noVbv:26.49 q-Rceq:1.00 tex:59962 mv:16423 misc:3343 icu:155.25 pcu:674.50 scu:466.25 tlayer:3 pbqpoffset:3.84 pbfactor:1.56 avgQpOffsetCutree:-1.90;
in:141 out:145 type:b q:30.42 q-aq:30.71 q-noVbv:30.42 q-Rceq:1.00 tex:12793 mv:9598 misc:2345 icu:17.50 pcu:613.75 scu:664.75 tlayer:4 pbqpoffset:7.78 pbfactor:2.46 avgQpOffsetCutree:0.00;
in:143 out:146 type:b q:28.49 q-aq:28.84 q-noVbv:28.49 q-Rceq:1.00 tex:19478 mv:11207 misc:2843 icu:39.50 pcu:612.00 scu:644.50 tlayer:4 pbqpoffset:5.85 pbfactor:1.97 avgQpOffsetCutree:0.00;
in:146 out:147 type:B q:27.44 q-aq:27.65 q-noVbv:27.44 q-Rceq:1.00 tex:21572 mv:12745 misc:2763 icu:34.00 pcu:629.75 scu:632.25 tlayer:3 pbqpoffset:4.79 pbfactor:1.74 avgQpOffsetCutree:-0.81;
in:145 out:148 type:b q:30.43 q-aq:30.59 q-noVbv:30.43 q-Rceq:1.00 tex:11848 mv:10355 misc:2357 icu:10.00 pcu:652.50 scu:633.50 tlayer:4 pbqpoffset:7.78 pbfactor:2.46 avgQpOffsetCutree:0.00;
in:151 out:149 type:B q:26.14 q-aq:23.50 q-noVbv:26.14 q-Rceq:1.00 tex:73982 mv:21515 misc:3887 icu:168.50 pcu:803.75 scu:323.75 tlayer:2 pbqpoffset:3.48 pbfactor:1.49 avgQpOffsetCutree:-2.97;
in:149 out:150 type:B q:26.80 q-aq:25.55 q-noVbv:26.80 q-Rceq:1.00 tex:41350 mv:17912 misc:3346 icu:82.25 pcu:851.75 scu:362.00 tlayer:3 pbqpoffset:4.14 pbfactor:1.61 avgQpOffsetCutree:-1.89;
in:148 out:151 type:b q:29.96 q-aq:30.04 q-noVbv:29.96 q-Rceq:1.00 tex:12592 mv:10307 misc:2285 icu:21.00 pcu:621.75 scu:653.25 tlayer:4 pbqpoffset:7.30 pbfactor:2.32 avgQpOffsetCutree:0.00;
in:150 out:152 type:b q:29.16 q-aq:29.14 q-noVbv:29.16 q-Rceq:1.00 tex:14874 mv:10978 misc:2620 icu:16.50 pcu:775.50 scu:504.00 tlayer:4 pbqpoffset:6.50 pbfactor:2.12 avgQpOffsetCutree:0.00;
in:153 out:153 type:B q:27.45 q-aq:27.53 q-noVbv:27.45 q-Rceq:1.00 tex:24341 mv:13687 misc:2852 icu:45.50 pcu:694.00 scu:556.50 tlayer:3 pbqpoffset:4.79 pbfactor:1.74 avgQpOffsetCutree:-0.94;
in:152 out:154 type:b q:30.15 q-aq:30.10 q-noVbv:30.15 q-Rceq:1.00 tex:13318 mv:10094 misc:2372 icu:16.00 pcu:575.75 scu:704.25 tlayer:4 pbqpoffset:7.48 pbfactor:2.37 avgQpOffsetCutree:0.00;
in:166 out:155 type:k q:23.01 q-aq:19.45 q-noVbv:23.01 q-Rceq:1.00 tex:312791 mv:23869 misc:2156 icu:945.00 pcu:350.75 scu:0.25 tlayer:0 pbqpoffset:1.73 pbfactor:1.22 avgQpOffsetCutree:-5.59;
in:160 out:156 type:B q:25.56 q-aq:23.52 q-noVbv:25.56 q-Rceq:1.00 tex:137723 mv:25892 misc:3321 icu:523.50 pcu:652.50 scu:120.00 tlayer:1 pbqpoffset:2.72 pbfactor:1.37 avgQpOffsetCutree:-3.02;
in:157 out:157 type:B q:25.86 q-aq:23.24 q-noVbv:25.86 q-Rceq:1.00 tex:87359 mv:21054 misc:3747 icu:226.50 pcu:751.00 scu:318.50 tlayer:2 pbqpoffset:3.11 pbfactor:1.43 avgQpOffsetCutree:-2.95;
in:156 out:158 type:B q:27.23 q-aq:27.50 q-noVbv:27.23 q-Rceq:1.00 tex:26614 mv:13977 misc:2865 icu:49.00 pcu:722.25 scu:524.75 tlayer:3 pbqpoffset:4.50 pbfactor:1.68 avgQpOffsetCutree:-0.86;
in:155 out:159 type:b q:29.89 q-aq:30.01 q-noVbv:29.89 q-Rceq:1.00 tex:13029 mv:10405 misc:2342 icu:18.75 pcu:696.25 scu:581.00 tlayer:4 pbqpoffset:7.19 pbfactor:2.29 avgQpOffsetCutree:0.00;
in:159 out:160 type:B q:26.28 q-aq:26.89 q-noVbv:26.28 q-Rceq:1.00 tex:46326 mv:16119 misc:3235 icu:119.50 pcu:794.00 scu:382.50 tlayer:3 pbqpoffset:3.47 pbfactor:1.49 avgQpOffsetCutree:-0.61;
in:158 out:161 type:b q:29.95 q-aq:30.03 q-noVbv:29.95 q-Rceq:1.00 tex:12316 mv:9611 misc:2417 icu:17.50 pcu:585.75 scu:692.75 tlayer:4 pbqpoffset:7.16 pbfactor:2.29 avgQpOffsetCutree:0.00;
in:163 out:162 type:B q:26.25 q-aq:24.36 q-noVbv:26.25 q-Rceq:1.00 tex:55734 mv:19099 misc:3391 icu:108.25 pcu:860.25 scu:327.50 tlayer:2 pbqpoffset:3.32 pbfactor:1.47 avgQpOffsetCutree:-2.41;
in:162 out:163 type:B q:27.49 q-aq:27.80 q-noVbv:27.49 q-Rceq:1.00 tex:21117 mv:13058 misc:2825 icu:36.50 pcu:649.75 scu:609.75 tlayer:3 pbqpoffset:4.59 pbfactor:1.70 avgQpOffsetCutree:-0.67;
in:161 out:164 type:b q:28.72 q-aq:29.01 q-noVbv:28.72 q-Rceq:1.00 tex:17096 mv:10272 misc:2336 icu:15.50 pcu:595.00 scu:685.50 tlayer:4 pbqpoffset:5.85 pbfactor:1.96 avgQpOffsetCutree:0.00;
in:165 out:165 type:B q:27.57 q-aq:27.39 q-noVbv:27.57 q-Rceq:1.00 tex:21958 mv:12291 misc:2719 icu:43.25 pcu:716.50 scu:536.25 tlayer:3 pbqpoffset:4.59 pbfactor:1.70 avgQpOffsetCutree:-1.03;
in:164 out:166 type:b q:30.09 q-aq:30.04 q-noVbv:30.09 q-Rceq:1.00 tex:11618 mv:9955 misc:2307 icu:26.50 pcu:667.50 scu:602.00 tlayer:4 pbqpoffset:7.14 pbfactor:2.28 avgQpOffsetCutree:0.00;
in:182 out:167 type:k q:22.71 q-aq:19.35 q-noVbv:22.71 q-Rceq:1.00 tex:322797 mv:25053 misc:2190 icu:1104.50 pcu:191.50 scu:0.00 tlayer:0 pbqpoffset:1.31 pbfactor:1.16 avgQpOffsetCutree:-5.40;
in:174 out:168 type:B q:25.53 q-aq:23.18 q-noVbv:25.53 q-Rceq:1.00 tex:167188 mv:20433 misc:2675 icu:696.50 pcu:581.50 scu:18.00 tlayer:1 pbqpoffset:2.67 pbfactor:1.36 avgQpOffsetCutree:-3.83;
in:170 out:169 type:B q:25.82 q-aq:23.00 q-noVbv:25.82 q-Rceq:1.00 tex:74949 mv:22885 misc:4102 icu:160.75 pcu:935.25 scu:200.00 tlayer:2 pbqpoffset:2.88 pbfactor:1.39 avgQpOffsetCutree:-3.21;
in:168 out:170 type:B q:27.36 q-aq:26.32 q-noVbv:27.36 q-Rceq:1.00 tex:30850 mv:15142 misc:3168 icu:64.00 pcu:790.75 scu:441.25 tlayer:3 pbqpoffset:4.38 pbfactor:1.66 avgQpOffsetCutree:-1.74;
in:167 out:171 type:b q:30.53 q-aq:31.00 q-noVbv:30.53 q-Rceq:1.00 tex:10364 mv:9702 misc:2110 icu:13.75 pcu:718.25 scu:564.00 tlayer:4 pbqpoffset:7.53 pbfactor:2.39 avgQpOffsetCutree:0.00;
in:169 out:172 type:b q:30.07 q-aq:30.04 q-noVbv:30.07 q-Rceq:1.00 tex:11409 mv:9276 misc:2203 icu:17.75 pcu:649.25 scu:629.00 tlayer:4 pbqpoffset:7.11 pbfactor:2.27 avgQpOffsetCutree:0.00;
in:172 out:173 type:B q:27.11 q-aq:25.97 q-noVbv:27.11 q-Rceq:1.00 tex:35949 mv:16837 misc:3406 icu:71.25 pcu:897.25 scu:327.50 tlayer:3 pbqpoffset:4.21 pbfactor:1.63 avgQpOffsetCutree:-1.64;
in:171 out:174 type:b q:29.75 q-aq:30.00 q-noVbv:29.75 q-Rceq:1.00 tex:13171 mv:10320 misc:2293 icu:21.25 pcu:789.50 scu:485.25 tlayer:4 pbqpoffset:6.83 pbfactor:2.20 avgQpOffsetCutree:0.00;
in:173 out:175 type:b q:29.79 q-aq:30.01 q-noVbv:29.79 q-Rceq:1.00 tex:12074 mv:9679 misc:2175 icu:21.50 pcu:693.50 scu:581.00 tlayer:4 pbqpoffset:6.91 pbfactor:2.22 avgQpOffsetCutree:0.00;
in:178 out:176 type:B q:25.45 q-aq:22.69 q-noVbv:25.45 q-Rceq:1.00 tex:136247 mv:26860 misc:3789 icu:326.00 pcu:897.00 scu:73.00 tlayer:2 pbqpoffset:2.67 pbfactor:1.36 avgQpOffsetCutree:-3.37;
in:176 out:177 type:B q:25.99 q-aq:25.70 q-noVbv:25.99 q-Rceq:1.00 tex:74442 mv:20369 misc:3837 icu:277.75 pcu:722.75 scu:295.50 tlayer:3 pbqpoffset:3.17 pbfactor:1.44 avgQpOffsetCutree:-1.16;
in:175 out:178 type:b q:28.10 q-aq:28.09 q-noVbv:28.10 q-Rceq:1.00 tex:20819 mv:11853 misc:2912 icu:44.25 pcu:751.50 scu:500.25 tlayer:4 pbqpoffset:5.26 pbfactor:1.84 avgQpOffsetCutree:0.00;
in:177 out:179 type:b q:28.84 q-aq:29.02 q-noVbv:28.84 q-Rceq:1.00 tex:17545 mv:11881 misc:2414 icu:22.25 pcu:785.25 scu:488.50 tlayer:4 pbqpoffset:6.03 pbfactor:2.01 avgQpOffsetCutree:0.00;
in:180 out:180 type:B q:26.69 q-aq:25.60 q-noVbv:26.69 q-Rceq:1.00 tex:38368 mv:19747 misc:3493 icu:77.50 pcu:945.50 scu:273.00 tlayer:3 pbqpoffset:3.94 pbfactor:1.58 avgQpOffsetCutree:-1.66;
in:179 out:181 type:b q:28.95 q-aq:29.05 q-noVbv:28.95 q-Rceq:1.00 tex:13612 mv:12015 misc:2525 icu:18.50 pcu:792.00 scu:485.50 tlayer:4 pbqpoffset:6.19 pbfactor:2.04 avgQpOffsetCutree:0.00;
in:181 out:182 type:b q:29.12 q-aq:29.09 q-noVbv:29.12 q-Rceq:1.00 tex:12593 mv:11913 misc:2582 icu:26.00 pcu:768.25 scu:501.75 tlayer:4 pbqpoffset:6.40 pbfactor:2.09 avgQpOffsetCutree:0.00;
in:198 out:183 type:k q:22.82 q-aq:19.52 q-noVbv:22.82 q-Rceq:1.00 tex:299501 mv:25488 misc:2155 icu:1268.25 pcu:27.75 scu:0.00 tlayer:0 pbqpoffset:1.89 pbfactor:1.24 avgQpOffsetCutree:-5.30;
in:190 out:184 type:B q:25.45 q-aq:23.30 q-noVbv:25.45 q-Rceq:1.00 tex:156215 mv:25699 misc:3118 icu:602.25 pcu:674.50 scu:19.25 tlayer:1 pbqpoffset:2.69 pbfactor:1.36 avgQpOffsetCutree:-3.72;
in:186 out:185 type:B q:25.61 q-aq:22.93 q-noVbv:25.61 q-Rceq:1.00 tex:90008 mv:28482 misc:4326 icu:204.75 pcu:942.00 scu:149.25 tlayer:2 pbqpoffset:2.88 pbfactor:1.39 avgQpOffsetCutree:-3.12;
in:184 out:186 type:B q:26.70 q-aq:25.63 q-noVbv:26.70 q-Rceq:1.00 tex:39704 mv:19361 misc:3463 icu:81.25 pcu:942.00 scu:272.75 tlayer:3 pbqpoffset:3.98 pbfactor:1.58 avgQpOffsetCutree:-1.62;
in:183 out:187 type:b q:29.30 q-aq:29.20 q-noVbv:29.30 q-Rceq:1.00 tex:12686 mv:11379 misc:2455 icu:36.00 pcu:795.25 scu:464.75 tlayer:4 pbqpoffset:6.59 pbfactor:2.14 avgQpOffsetCutree:0.00;
in:185 out:188 type:b q:29.29 q-aq:29.28 q-noVbv:29.29 q-Rceq:1.00 tex:12858 mv:11786 misc:2524 icu:31.00 pcu:868.50 scu:396.50 tlayer:4 pbqpoffset:6.56 pbfactor:2.13 avgQpOffsetCutree:0.00;
in:188 out:189 type:B q:26.83 q-aq:25.68 q-noVbv:26.83 q-Rceq:1.00 tex:39218 mv:19670 misc:3616 icu:109.25 pcu:906.00 scu:280.75 tlayer:3 pbqpoffset:4.08 pbfactor:1.60 avgQpOffsetCutree:-1.67;
in:187 out:190 type:b q:29.22 q-aq:29.20 q-noVbv:29.22 q-Rceq:1.00 tex:13376 mv:12463 misc:2433 icu:41.25 pcu:829.50 scu:425.25 tlayer:4 pbqpoffset:6.47 pbfactor:2.11 avgQpOffsetCutree:0.00;
in:189 out:191 type:b q:29.71 q-aq:30.01 q-noVbv:29.71 q-Rceq:1.00 tex:10882 mv:10669 misc:2289 icu:38.50 pcu:779.25 scu:478.25 tlayer:4 pbqpoffset:6.96 pbfactor:2.23 avgQpOffsetCutree:0.00;
in:194 out:192 type:B q:25.48 q-aq:22.84 q-noVbv:25.48 q-Rceq:1.00 tex:135791 mv:25260 misc:3893 icu:440.00 pcu:760.00 scu:96.00 tlayer:2 pbqpoffset:2.69 pbfactor:1.36 avgQpOffsetCutree:-3.28;
in:192 out:193 type:B q:26.03 q-aq:25.83 q-noVbv:26.03 q-Rceq:1.00 tex:66255 mv:20673 misc:3848 icu:340.75 pcu:682.00 scu:273.25 tlayer:3 pbqpoffset:3.25 pbfactor:1.46 avgQpOffsetCutree:-1.17;
in:191 out:194 type:b q:28.38 q-aq:28.50 q-noVbv:28.38 q-Rceq:1.00 tex:15266 mv:10977 misc:2733 icu:68.50 pcu:716.25 scu:511.25 tlayer:4 pbqpoffset:5.61 pbfactor:1.91 avgQpOffsetCutree:0.00;
in:193 out:195 type:b q:29.16 q-aq:29.15 q-noVbv:29.16 q-Rceq:1.00 tex:15868 mv:11640 misc:2492 icu:40.50 pcu:794.00 scu:461.50 tlayer:4 pbqpoffset:6.38 pbfactor:2.09 avgQpOffsetCutree:0.00;
in:196 out:196 type:B q:26.69 q-aq:25.84 q-noVbv:26.69 q-Rceq:1.00 tex:39209 mv:19023 misc:3504 icu:117.00 pcu:886.00 scu:293.00 tlayer:3 pbqpoffset:3.88 pbfactor:1.57 avgQpOffsetCutree:-1.51;
in:195 out:197 type:b q:29.40 q-aq:29.48 q-noVbv:29.40 q-Rceq:1.00 tex:15176 mv:11936 misc:2536 icu:40.50 pcu:831.25 scu:424.25 tlayer:4 pbqpoffset:6.61 pbfactor:2.15 avgQpOffsetCutree:0.00;
in:197 out:198 type:b q:29.25 q-aq:29.16 q-noVbv:29.25 q-Rceq:1.00 tex:14863 mv:12564 misc:2605 icu:38.00 pcu:783.00 scu:475.00 tlayer:4 pbqpoffset:6.44 pbfactor:2.10 avgQpOffsetCutree:0.00;
in:214 out:199 type:k q:22.76 q-aq:19.46 q-noVbv:22.76 q-Rceq:1.00 tex:285648 mv:25833 misc:2151 icu:1267.00 pcu:29.00 scu:0.00 tlayer:0 pbqpoffset:1.79 pbfactor:1.23 avgQpOffsetCutree:-5.09;
in:206 out:200 type:B q:25.39 q-aq:23.30 q-noVbv:25.39 q-Rceq:1.00 tex:178007 mv:20315 misc:2310 icu:988.75 pcu:299.75 scu:7.50 tlayer:1 pbqpoffset:2.60 pbfactor:1.35 avgQpOffsetCutree:-3.55;
in:202 out:201 type:B q:25.41 q-aq:23.24 q-noVbv:25.41 q-Rceq:1.00 tex:95497 mv:27504 misc:4487 icu:267.75 pcu:849.25 scu:179.00 tlayer:2 pbqpoffset:2.60 pbfactor:1.35 avgQpOffsetCutree:-3.06;
in:200 out:202 type:B q:26.15 q-aq:25.06 q-noVbv:26.15 q-Rceq:1.00 tex:49076 mv:20436 misc:3544 icu:136.50 pcu:909.75 scu:249.75 tlayer:3 pbqpoffset:3.34 pbfactor:1.47 avgQpOffsetCutree:-1.66;
in:199 out:203 type:b q:28.79 q-aq:29.01 q-noVbv:28.79 q-Rceq:1.00 tex:16730 mv:12524 misc:2498 icu:46.25 pcu:828.25 scu:421.50 tlayer:4 pbqpoffset:5.98 pbfactor:1.99 avgQpOffsetCutree:0.00;
in:201 out:204 type:b q:28.49 q-aq:28.87 q-noVbv:28.49 q-Rceq:1.00 tex:17096 mv:12140 misc:2580 icu:56.75 pcu:837.50 scu:401.75 tlayer:4 pbqpoffset:5.69 pbfactor:1.93 avgQpOffsetCutree:0.00;
in:204 out:205 type:B q:26.46 q-aq:25.56 q-noVbv:26.46 q-Rceq:1.00 tex:42786 mv:19184 misc:3414 icu:128.50 pcu:909.00 scu:258.50 tlayer:3 pbqpoffset:3.66 pbfactor:1.53 avgQpOffsetCutree:-1.47;
in:203 out:206 type:b q:28.78 q-aq:29.04 q-noVbv:28.78 q-Rceq:1.00 tex:14939 mv:11626 misc:2507 icu:49.75 pcu:789.00 scu:457.25 tlayer:4 pbqpoffset:5.97 pbfactor:1.99 avgQpOffsetCutree:0.00;
in:205 out:207 type:b q:29.11 q-aq:29.05 q-noVbv:29.11 q-Rceq:1.00 tex:12756 mv:11142 misc:2510 icu:37.25 pcu:820.50 scu:438.25 tlayer:4 pbqpoffset:6.31 pbfactor:2.07 avgQpOffsetCutree:0.00;
in:210 out:208 type:B q:25.38 q-aq:22.95 q-noVbv:25.38 q-Rceq:1.00 tex:124392 mv:24269 misc:3363 icu:431.00 pcu:785.50 scu:79.50 tlayer:2 pbqpoffset:2.60 pbfactor:1.35 avgQpOffsetCutree:-3.42;
in:208 out:209 type:B q:25.93 q-aq:25.65 q-noVbv:25.93 q-Rceq:1.00 tex:70326 mv:19261 misc:3797 icu:342.25 pcu:696.00 scu:257.75 tlayer:3 pbqpoffset:3.14 pbfactor:1.44 avgQpOffsetCutree:-1.17;
in:207 out:210 type:b q:27.65 q-aq:28.04 q-noVbv:27.65 q-Rceq:1.00 tex:25068 mv:13017 misc:2947 icu:110.50 pcu:754.00 scu:431.50 tlayer:4 pbqpoffset:4.87 pbfactor:1.75 avgQpOffsetCutree:0.00;
in:209 out:211 type:b q:28.67 q-aq:29.02 q-noVbv:28.67 q-Rceq:1.00 tex:17259 mv:12126 misc:2495 icu:44.25 pcu:809.25 scu:442.50 tlayer:4 pbqpoffset:5.89 pbfactor:1.98 avgQpOffsetCutree:0.00;
in:212 out:212 type:B q:26.50 q-aq:25.35 q-noVbv:26.50 q-Rceq:1.00 tex:41038 mv:16927 misc:3427 icu:131.00 pcu:890.75 scu:274.25 tlayer:3 pbqpoffset:3.73 pbfactor:1.54 avgQpOffsetCutree:-1.65;
in:211 out:213 type:b q:29.31 q-aq:29.19 q-noVbv:29.31 q-Rceq:1.00 tex:14519 mv:10560 misc:2401 icu:46.50 pcu:733.50 scu:516.00 tlayer:4 pbqpoffset:6.53 pbfactor:2.13 avgQpOffsetCutree:0.00;
in:213 out:214 type:b q:28.84 q-aq:29.03 q-noVbv:28.84 q-Rceq:1.00 tex:14785 mv:11440 misc:2455 icu:57.00 pcu:790.00 scu:449.00 tlayer:4 pbqpoffset:6.08 pbfactor:2.02 avgQpOffsetCutree:0.00;
in:224 out:215 type:k q:23.08 q-aq:20.12 q-noVbv:23.08 q-Rceq:1.00 tex:241694 mv:28081 misc:2145 icu:1291.00 pcu:5.00 scu:0.00 tlayer:0 pbqpoffset:1.59 pbfactor:1.20 avgQpOffsetCutree:-4.51;
in:219 out:216 type:B q:25.31 q-aq:22.59 q-noVbv:25.31 q-Rceq:1.00 tex:130995 mv:25915 misc:3114 icu:517.25 pcu:755.25 scu:23.50 tlayer:1 pbqpoffset:2.39 pbfactor:1.32 avgQpOffsetCutree:-3.76;
in:217 out:217 type:B q:25.66 q-aq:24.12 q-noVbv:25.66 q-Rceq:1.00 tex:55660 mv:22495 misc:3925 icu:179.50 pcu:892.00 scu:224.50 tlayer:2 pbqpoffset:2.80 pbfactor:1.38 avgQpOffsetCutree:-2.03;
in:216 out:218 type:B q:26.34 q-aq:26.37 q-noVbv:26.34 q-Rceq:1.00 tex:30510 mv:16400 misc:3202 icu:104.75 pcu:846.00 scu:345.25 tlayer:3 pbqpoffset:3.52 pbfactor:1.50 avgQpOffsetCutree:-0.82;
in:215 out:219 type:b q:27.79 q-aq:28.04 q-noVbv:27.79 q-Rceq:1.00 tex:18380 mv:12001 misc:2587 icu:62.00 pcu:815.50 scu:418.50 tlayer:4 pbqpoffset:4.99 pbfactor:1.78 avgQpOffsetCutree:0.00;
in:218 out:220 type:b q:27.84 q-aq:28.04 q-noVbv:27.84 q-Rceq:1.00 tex:17477 mv:12017 misc:2554 icu:63.75 pcu:775.25 scu:457.00 tlayer:3 pbqpoffset:4.95 pbfactor:1.77 avgQpOffsetCutree:0.00;
in:222 out:221 type:B q:25.41 q-aq:23.70 q-noVbv:25.41 q-Rceq:1.00 tex:89608 mv:21983 misc:3689 icu:281.75 pcu:900.50 scu:113.75 tlayer:2 pbqpoffset:2.39 pbfactor:1.32 avgQpOffsetCutree:-2.28;
in:221 out:222 type:B q:26.60 q-aq:26.85 q-noVbv:26.60 q-Rceq:1.00 tex:27388 mv:15110 misc:3062 icu:83.50 pcu:829.75 scu:382.75 tlayer:3 pbqpoffset:3.62 pbfactor:1.52 avgQpOffsetCutree:-0.70;
in:220 out:223 type:b q:28.12 q-aq:28.09 q-noVbv:28.12 q-Rceq:1.00 tex:15743 mv:12515 misc:2542 icu:46.50 pcu:846.25 scu:403.25 tlayer:4 pbqpoffset:5.17 pbfactor:1.82 avgQpOffsetCutree:0.00;
in:223 out:224 type:b q:27.31 q-aq:27.32 q-noVbv:27.31 q-Rceq:1.00 tex:20533 mv:12125 misc:3078 icu:93.50 pcu:676.50 scu:526.00 tlayer:3 pbqpoffset:4.27 pbfactor:1.64 avgQpOffsetCutree:0.00;
in:240 out:225 type:k q:22.56 q-aq:19.92 q-noVbv:22.56 q-Rceq:1.00 tex:225775 mv:23553 misc:2168 icu:1288.75 pcu:7.25 scu:0.00 tlayer:0 pbqpoffset:1.53 pbfactor:1.19 avgQpOffsetCutree:-4.22;
in:232 out:226 type:B q:25.09 q-aq:22.00 q-noVbv:25.09 q-Rceq:1.00 tex:188906 mv:21414 misc:2216 icu:1013.00 pcu:279.00 scu:4.00 tlayer:1 pbqpoffset:2.27 pbfactor:1.30 avgQpOffsetCutree:-4.16;
in:228 out:227 type:B q:25.22 q-aq:22.52 q-noVbv:25.22 q-Rceq:1.00 tex:90223 mv:24770 misc:4079 icu:218.50 pcu:955.50 scu:122.00 tlayer:2 pbqpoffset:2.27 pbfactor:1.30 avgQpOffsetCutree:-3.02;
in:226 out:228 type:B q:26.14 q-aq:25.16 q-noVbv:26.14 q-Rceq:1.00 tex:39329 mv:17243 misc:3076 icu:96.50 pcu:938.25 scu:261.25 tlayer:3 pbqpoffset:3.13 pbfactor:1.44 avgQpOffsetCutree:-1.56;
in:225 out:229 type:b q:28.31 q-aq:28.25 q-noVbv:28.31 q-Rceq:1.00 tex:16209 mv:12272 misc:2343 icu:42.50 pcu:873.00 scu:380.50 tlayer:4 pbqpoffset:5.26 pbfactor:1.84 avgQpOffsetCutree:0.00;
in:227 out:230 type:b q:28.16 q-aq:28.07 q-noVbv:28.16 q-Rceq:1.00 tex:17711 mv:11608 misc:2609 icu:53.75 pcu:843.75 scu:398.50 tlayer:4 pbqpoffset:5.18 pbfactor:1.82 avgQpOffsetCutree:0.00;
in:230 out:231 type:B q:25.78 q-aq:24.63 q-noVbv:25.78 q-Rceq:1.00 tex:46617 mv:19439 misc:3544 icu:133.50 pcu:893.50 scu:269.00 tlayer:3 pbqpoffset:2.89 pbfactor:1.40 avgQpOffsetCutree:-1.63;
in:229 out:232 type:b q:28.15 q-aq:28.07 q-noVbv:28.15 q-Rceq:1.00 tex:16898 mv:12124 misc:2682 icu:60.25 pcu:722.50 scu:513.25 tlayer:4 pbqpoffset:5.23 pbfactor:1.83 avgQpOffsetCutree:0.00;
in:231 out:233 type:b q:27.91 q-aq:28.04 q-noVbv:27.91 q-Rceq:1.00 tex:16067 mv:12117 misc:2488 icu:64.50 pcu:795.50 scu:436.00 tlayer:4 pbqpoffset:5.06 pbfactor:1.79 avgQpOffsetCutree:0.00;
in:236 out:234 type:B q:24.96 q-aq:22.44 q-noVbv:24.96 q-Rceq:1.00 tex:115068 mv:22334 misc:3390 icu:459.00 pcu:754.00 scu:83.00 tlayer:2 pbqpoffset:2.27 pbfactor:1.30 avgQpOffsetCutree:-3.32;
in:234 out:235 type:B q:25.71 q-aq:24.59 q-noVbv:25.71 q-Rceq:1.00 tex:44520 mv:18662 misc:3618 icu:131.75 pcu:840.25 scu:324.00 tlayer:3 pbqpoffset:2.96 pbfactor:1.41 avgQpOffsetCutree:-1.60;
in:233 out:236 type:b q:27.87 q-aq:28.03 q-noVbv:27.87 q-Rceq:1.00 tex:17295 mv:12930 misc:2343 icu:58.75 pcu:808.50 scu:428.75 tlayer:4 pbqpoffset:5.09 pbfactor:1.80 avgQpOffsetCutree:0.00;
in:235 out:237 type:b q:27.79 q-aq:28.03 q-noVbv:27.79 q-Rceq:1.00 tex:16692 mv:11684 misc:2360 icu:79.50 pcu:722.50 scu:494.00 tlayer:4 pbqpoffset:5.07 pbfactor:1.80 avgQpOffsetCutree:0.00;
in:238 out:238 type:B q:25.17 q-aq:23.86 q-noVbv:25.17 q-Rceq:1.00 tex:63874 mv:18388 misc:3930 icu:256.75 pcu:815.25 scu:224.00 tlayer:3 pbqpoffset:2.55 pbfactor:1.34 avgQpOffsetCutree:-1.79;
in:237 out:239 type:b q:27.66 q-aq:28.03 q-noVbv:27.66 q-Rceq:1.00 tex:17077 mv:12370 misc:2465 icu:77.25 pcu:784.00 scu:434.75 tlayer:4 pbqpoffset:5.00 pbfactor:1.78 avgQpOffsetCutree:0.00;
in:239 out:240 type:b q:26.87 q-aq:27.07 q-noVbv:26.87 q-Rceq:1.00 tex:23578 mv:11949 misc:2729 icu:115.25 pcu:668.25 scu:512.50 tlayer:4 pbqpoffset:4.28 pbfactor:1.64 avgQpOffsetCutree:0.00;
in:249 out:241 type:k q:23.73 q-aq:22.08 q-noVbv:23.73 q-Rceq:1.00 tex:178904 mv:18232 misc:2464 icu:1038.75 pcu:248.25 scu:9.00 tlayer:0 pbqpoffset:1.56 pbfactor:1.20 avgQpOffsetCutree:-3.00;
in:245 out:242 type:B q:25.38 q-aq:22.61 q-noVbv:25.38 q-Rceq:1.00 tex:147652 mv:17161 misc:2619 icu:822.75 pcu:419.25 scu:54.00 tlayer:1 pbqpoffset:2.17 pbfactor:1.28 avgQpOffsetCutree:-3.14;
in:243 out:243 type:B q:25.20 q-aq:23.61 q-noVbv:25.20 q-Rceq:1.00 tex:53642 mv:19355 misc:3387 icu:184.25 pcu:858.75 scu:253.00 tlayer:2 pbqpoffset:2.25 pbfactor:1.30 avgQpOffsetCutree:-1.99;
in:242 out:244 type:B q:25.74 q-aq:25.74 q-noVbv:25.74 q-Rceq:1.00 tex:30848 mv:15220 misc:2828 icu:103.50 pcu:861.50 scu:331.00 tlayer:3 pbqpoffset:2.92 pbfactor:1.40 avgQpOffsetCutree:-0.74;
in:241 out:245 type:b q:26.94 q-aq:27.07 q-noVbv:26.94 q-Rceq:1.00 tex:21533 mv:12407 misc:2388 icu:70.00 pcu:769.25 scu:456.75 tlayer:4 pbqpoffset:4.25 pbfactor:1.63 avgQpOffsetCutree:0.00;
in:244 out:246 type:b q:27.69 q-aq:28.02 q-noVbv:27.69 q-Rceq:1.00 tex:16993 mv:11332 misc:2347 icu:76.50 pcu:788.00 scu:431.50 tlayer:3 pbqpoffset:4.61 pbfactor:1.70 avgQpOffsetCutree:0.00;
in:247 out:247 type:B q:26.18 q-aq:25.33 q-noVbv:26.18 q-Rceq:1.00 tex:33020 mv:16438 misc:3086 icu:128.50 pcu:865.50 scu:302.00 tlayer:2 pbqpoffset:2.71 pbfactor:1.37 avgQpOffsetCutree:-1.48;
in:246 out:248 type:b q:28.21 q-aq:28.09 q-noVbv:28.21 q-Rceq:1.00 tex:13771 mv:10875 misc:2354 icu:51.25 pcu:784.25 scu:460.50 tlayer:3 pbqpoffset:4.87 pbfactor:1.76 avgQpOffsetCutree:0.00;
in:248 out:249 type:b q:28.95 q-aq:29.10 q-noVbv:28.95 q-Rceq:1.00 tex:12275 mv:9312 misc:2069 icu:60.00 pcu:723.25 scu:512.75 tlayer:3 pbqpoffset:5.35 pbfactor:1.85 avgQpOffsetCutree:0.00;
