#options: cpuid=1173503 frame-threads=1 no-wpp no-pmode no-pme psnr no-ssim log-level=2 bitdepth=8 input-csp=1 fps=25000/1000 input-res=768x432 interlace=0 total-frames=250 level-idc=0 high-tier=1 uhd-bd=0 ref=4 no-allow-non-conformance no-repeat-headers annexb no-aud no-hrd info hash=0 no-temporal-layers open-gop min-keyint=1 keyint=5000 bframes=15 b-adapt=2 b-pyramid bframe-bias=0 rc-lookahead=40 lookahead-slices=0 scenecut=40 no-intra-refresh ctu=64 min-cu-size=8 rect amp max-tu-size=32 tu-inter-depth=3 tu-intra-depth=3 limit-tu=4 rdoq-level=2 dynamic-rd=0.00 no-ssim-rd signhide no-tskip nr-intra=0 nr-inter=0 no-constrained-intra strong-intra-smoothing max-merge=4 limit-refs=1 limit-modes me=3 subme=4 merange=57 temporal-mvp weightp weightb no-analyze-src-pics deblock=0:0 sao no-sao-non-deblock rd=6 no-early-skip rskip no-fast-intra no-tskip-fast no-cu-lossless b-intra rdpenalty=0 psy-rd=0.00 psy-rdoq=0.00 no-rd-refine analysis-reuse-mode=0 no-lossless cbqpoffs=0 crqpoffs=0 rc=abr bitrate=2000 qcomp=0.60 qpstep=4 stats-write=1 stats-read=0 slow-firstpass ipratio=1.40 pbratio=1.30 aq-mode=1 aq-strength=0.00 cutree zone-count=0 no-strict-cbr qg-size=64 no-rc-grain qpmax=69 qpmin=0 no-const-vbv sar=0 overscan=0 videoformat=5 range=0 colorprim=2 transfer=2 colormatrix=2 chromaloc=0 display-window=0 max-cll=0,0 min-luma=0 max-luma=255 log2-max-poc-lsb=8 vui-timing-info vui-hrd-info slices=1 opt-qp-pps opt-ref-list-length-pps no-multi-pass-opt-rps scenecut-bias=0.05 no-opt-cu-delta-qp no-aq-motion no-hdr no-hdr-opt no-dhdr10-opt analysis-reuse-level=5 scale-factor=0 refine-intra=0 refine-inter=0 refine-mv=0 no-limit-sao ctu-info=0 max-tlayer=4
in:0 out:0 type:I q:19.93 q-aq:13.65 q-noVbv:19.93 q-Rceq:1.00 tex:209764 mv:29577 misc:2731 icu:1296.00 pcu:0.00 scu:0.00 tlayer:0 pbqpoffset:0.00 pbfactor:1.00 avgQpOffsetCutree:-5.50;
in:16 out:1 type:k q:18.85 q-aq:13.17 q-noVbv:18.85 q-Rceq:1.00 tex:226547 mv:30623 misc:2486 icu:1255.50 pcu:39.50 scu:1.00 tlayer:0 pbqpoffset:0.00 pbfactor:1.00 avgQpOffsetCutree:-5.65;
in:8 out:2 type:B q:20.58 q-aq:14.95 q-noVbv:20.58 q-Rceq:1.00 tex:159649 mv:28053 misc:3114 icu:718.75 pcu:434.75 scu:142.50 tlayer:1 pbqpoffset:1.74 pbfactor:1.22 avgQpOffsetCutree:-5.06;
in:4 out:3 type:B q:21.10 q-aq:17.54 q-noVbv:21.10 q-Rceq:1.00 tex:72822 mv:24955 misc:3263 icu:159.25 pcu:779.75 scu:357.00 tlayer:2 pbqpoffset:2.25 pbfactor:1.30 avgQpOffsetCutree:-3.21;
in:2 out:4 type:B q:22.45 q-aq:21.15 q-noVbv:22.45 q-Rceq:1.00 tex:23228 mv:17111 misc:2797 icu:24.25 pcu:743.50 scu:528.25 tlayer:3 pbqpoffset:3.60 pbfactor:1.52 avgQpOffsetCutree:-1.59;
in:1 out:5 type:b q:25.45 q-aq:25.21 q-noVbv:25.45 q-Rceq:1.00 tex:3869 mv:7538 misc:1833 icu:6.00 pcu:606.75 scu:683.25 tlayer:4 pbqpoffset:6.60 pbfactor:2.14 avgQpOffsetCutree:0.00;
in:3 out:6 type:b q:25.45 q-aq:25.17 q-noVbv:25.45 q-Rceq:1.00 tex:4119 mv:7200 misc:1713 icu:6.00 pcu:663.00 scu:627.00 tlayer:4 pbqpoffset:6.60 pbfactor:2.14 avgQpOffsetCutree:0.00;
in:6 out:7 type:B q:22.45 q-aq:20.80 q-noVbv:22.45 q-Rceq:1.00 tex:22235 mv:16065 misc:2820 icu:34.25 pcu:745.50 scu:516.25 tlayer:3 pbqpoffset:3.60 pbfactor:1.52 avgQpOffsetCutree:-1.66;
in:5 out:8 type:b q:25.45 q-aq:25.11 q-noVbv:25.45 q-Rceq:1.00 tex:3718 mv:7344 misc:1914 icu:8.50 pcu:657.50 scu:630.00 tlayer:4 pbqpoffset:6.60 pbfactor:2.14 avgQpOffsetCutree:0.00;
in:7 out:9 type:b q:25.45 q-aq:25.23 q-noVbv:25.45 q-Rceq:1.00 tex:3686 mv:7574 misc:1820 icu:4.00 pcu:585.00 scu:707.00 tlayer:4 pbqpoffset:6.60 pbfactor:2.14 avgQpOffsetCutree:0.00;
in:12 out:10 type:B q:20.86 q-aq:16.65 q-noVbv:20.86 q-Rceq:1.00 tex:104026 mv:22876 misc:3210 icu:340.25 pcu:635.00 scu:320.75 tlayer:2 pbqpoffset:2.01 pbfactor:1.26 avgQpOffsetCutree:-3.72;
in:10 out:11 type:B q:22.45 q-aq:20.86 q-noVbv:22.45 q-Rceq:1.00 tex:23979 mv:15794 misc:2891 icu:24.00 pcu:723.25 scu:548.75 tlayer:3 pbqpoffset:3.60 pbfactor:1.52 avgQpOffsetCutree:-1.74;
in:9 out:12 type:b q:25.45 q-aq:25.14 q-noVbv:25.45 q-Rceq:1.00 tex:4340 mv:7405 misc:1759 icu:6.00 pcu:582.00 scu:708.00 tlayer:4 pbqpoffset:6.60 pbfactor:2.14 avgQpOffsetCutree:0.00;
in:11 out:13 type:b q:25.45 q-aq:25.08 q-noVbv:25.45 q-Rceq:1.00 tex:3603 mv:7255 misc:1798 icu:4.50 pcu:622.00 scu:669.50 tlayer:4 pbqpoffset:6.60 pbfactor:2.14 avgQpOffsetCutree:0.00;
in:14 out:14 type:B q:21.97 q-aq:19.83 q-noVbv:21.97 q-Rceq:1.00 tex:39819 mv:14214 misc:3143 icu:98.50 pcu:658.25 scu:539.25 tlayer:3 pbqpoffset:3.12 pbfactor:1.43 avgQpOffsetCutree:-2.08;
in:13 out:15 type:b q:25.45 q-aq:25.10 q-noVbv:25.45 q-Rceq:1.00 tex:3549 mv:6540 misc:1695 icu:1.00 pcu:620.00 scu:675.00 tlayer:4 pbqpoffset:6.60 pbfactor:2.14 avgQpOffsetCutree:0.00;
in:15 out:16 type:b q:25.45 q-aq:25.19 q-noVbv:25.45 q-Rceq:1.00 tex:4382 mv:6011 misc:2023 icu:18.00 pcu:473.00 scu:805.00 tlayer:4 pbqpoffset:6.60 pbfactor:2.14 avgQpOffsetCutree:0.00;
in:32 out:17 type:k q:16.82 q-aq:11.70 q-noVbv:16.82 q-Rceq:1.00 tex:275270 mv:33570 misc:2880 icu:1261.00 pcu:34.75 scu:0.25 tlayer:0 pbqpoffset:0.00 pbfactor:1.00 avgQpOffsetCutree:-5.49;
in:24 out:18 type:B q:19.50 q-aq:15.02 q-noVbv:19.50 q-Rceq:1.00 tex:175657 mv:26776 misc:3175 icu:767.50 pcu:324.25 scu:204.25 tlayer:1 pbqpoffset:1.67 pbfactor:1.21 avgQpOffsetCutree:-4.63;
in:20 out:19 type:B q:20.48 q-aq:17.24 q-noVbv:20.48 q-Rceq:1.00 tex:78719 mv:24516 misc:3061 icu:327.50 pcu:612.25 scu:356.25 tlayer:2 pbqpoffset:2.15 pbfactor:1.28 avgQpOffsetCutree:-3.03;
in:18 out:20 type:B q:22.12 q-aq:20.54 q-noVbv:22.12 q-Rceq:1.00 tex:24268 mv:16636 misc:2936 icu:42.25 pcu:715.25 scu:538.50 tlayer:3 pbqpoffset:3.53 pbfactor:1.50 avgQpOffsetCutree:-1.72;
in:17 out:21 type:b q:25.25 q-aq:25.01 q-noVbv:25.25 q-Rceq:1.00 tex:4615 mv:7939 misc:1854 icu:8.25 pcu:706.75 scu:581.00 tlayer:4 pbqpoffset:6.53 pbfactor:2.13 avgQpOffsetCutree:0.00;
in:19 out:22 type:b q:24.99 q-aq:25.00 q-noVbv:24.99 q-Rceq:1.00 tex:4447 mv:7982 misc:1987 icu:13.25 pcu:635.00 scu:647.75 tlayer:4 pbqpoffset:6.53 pbfactor:2.13 avgQpOffsetCutree:0.00;
in:22 out:23 type:B q:21.17 q-aq:19.87 q-noVbv:21.17 q-Rceq:1.00 tex:35512 mv:18007 misc:2897 icu:232.75 pcu:626.25 scu:437.00 tlayer:3 pbqpoffset:3.09 pbfactor:1.43 avgQpOffsetCutree:-1.62;
in:21 out:24 type:b q:24.74 q-aq:25.00 q-noVbv:24.74 q-Rceq:1.00 tex:5965 mv:8605 misc:2078 icu:61.25 pcu:602.00 scu:632.75 tlayer:4 pbqpoffset:6.53 pbfactor:2.13 avgQpOffsetCutree:0.00;
in:23 out:25 type:b q:24.49 q-aq:24.47 q-noVbv:24.49 q-Rceq:1.00 tex:6639 mv:8689 misc:2144 icu:69.00 pcu:596.25 scu:630.75 tlayer:4 pbqpoffset:6.53 pbfactor:2.13 avgQpOffsetCutree:0.00;
in:28 out:26 type:B q:18.99 q-aq:15.41 q-noVbv:18.99 q-Rceq:1.00 tex:131519 mv:22823 misc:3266 icu:479.25 pcu:526.00 scu:290.75 tlayer:2 pbqpoffset:1.67 pbfactor:1.21 avgQpOffsetCutree:-3.58;
in:26 out:27 type:B q:21.11 q-aq:19.86 q-noVbv:21.11 q-Rceq:1.00 tex:27505 mv:16332 misc:2699 icu:244.75 pcu:553.75 scu:497.50 tlayer:3 pbqpoffset:3.53 pbfactor:1.50 avgQpOffsetCutree:-1.52;
in:25 out:28 type:b q:24.23 q-aq:24.06 q-noVbv:24.23 q-Rceq:1.00 tex:8337 mv:9388 misc:2139 icu:101.75 pcu:545.50 scu:648.75 tlayer:4 pbqpoffset:6.53 pbfactor:2.13 avgQpOffsetCutree:0.00;
in:27 out:29 type:b q:23.98 q-aq:24.00 q-noVbv:23.98 q-Rceq:1.00 tex:5119 mv:7330 misc:1671 icu:121.50 pcu:503.00 scu:671.50 tlayer:4 pbqpoffset:6.53 pbfactor:2.13 avgQpOffsetCutree:0.00;
in:30 out:30 type:B q:20.57 q-aq:18.54 q-noVbv:20.57 q-Rceq:1.00 tex:40381 mv:10505 misc:2874 icu:280.75 pcu:395.50 scu:619.75 tlayer:3 pbqpoffset:3.50 pbfactor:1.50 avgQpOffsetCutree:-2.02;
in:29 out:31 type:b q:23.73 q-aq:24.00 q-noVbv:23.73 q-Rceq:1.00 tex:5095 mv:4428 misc:1413 icu:161.25 pcu:290.75 scu:844.00 tlayer:4 pbqpoffset:6.53 pbfactor:2.13 avgQpOffsetCutree:0.00;
in:31 out:32 type:b q:23.47 q-aq:23.41 q-noVbv:23.47 q-Rceq:1.00 tex:9743 mv:3610 misc:1743 icu:136.00 pcu:250.00 scu:910.00 tlayer:4 pbqpoffset:6.53 pbfactor:2.13 avgQpOffsetCutree:0.00;
in:48 out:33 type:k q:13.76 q-aq:7.99 q-noVbv:13.76 q-Rceq:1.00 tex:377237 mv:38542 misc:2757 icu:1220.75 pcu:75.00 scu:0.25 tlayer:0 pbqpoffset:0.00 pbfactor:1.00 avgQpOffsetCutree:-6.15;
in:40 out:34 type:B q:16.90 q-aq:11.70 q-noVbv:16.90 q-Rceq:1.00 tex:235429 mv:34291 misc:3248 icu:776.50 pcu:281.00 scu:238.50 tlayer:1 pbqpoffset:1.61 pbfactor:1.20 avgQpOffsetCutree:-5.18;
in:36 out:35 type:B q:18.23 q-aq:14.71 q-noVbv:18.23 q-Rceq:1.00 tex:106253 mv:28804 misc:3431 icu:265.50 pcu:611.50 scu:419.00 tlayer:2 pbqpoffset:2.18 pbfactor:1.29 avgQpOffsetCutree:-3.28;
in:34 out:36 type:B q:19.72 q-aq:18.22 q-noVbv:19.72 q-Rceq:1.00 tex:34824 mv:17765 misc:3011 icu:141.50 pcu:635.00 scu:519.50 tlayer:3 pbqpoffset:3.29 pbfactor:1.46 avgQpOffsetCutree:-1.59;
in:33 out:37 type:b q:23.10 q-aq:23.01 q-noVbv:23.10 q-Rceq:1.00 tex:6885 mv:8436 misc:2111 icu:78.50 pcu:579.25 scu:638.25 tlayer:4 pbqpoffset:6.48 pbfactor:2.11 avgQpOffsetCutree:0.00;
in:35 out:38 type:b q:22.72 q-aq:23.00 q-noVbv:22.72 q-Rceq:1.00 tex:7102 mv:7981 misc:1925 icu:54.25 pcu:488.25 scu:753.50 tlayer:4 pbqpoffset:6.48 pbfactor:2.11 avgQpOffsetCutree:0.00;
in:38 out:39 type:B q:19.15 q-aq:17.46 q-noVbv:19.15 q-Rceq:1.00 tex:37409 mv:20110 misc:3233 icu:51.75 pcu:774.50 scu:469.75 tlayer:3 pbqpoffset:3.48 pbfactor:1.49 avgQpOffsetCutree:-1.74;
in:37 out:40 type:b q:22.34 q-aq:22.07 q-noVbv:22.34 q-Rceq:1.00 tex:5903 mv:7922 misc:1967 icu:10.00 pcu:572.00 scu:714.00 tlayer:4 pbqpoffset:6.48 pbfactor:2.11 avgQpOffsetCutree:0.00;
in:39 out:41 type:b q:21.96 q-aq:22.00 q-noVbv:21.96 q-Rceq:1.00 tex:6234 mv:9184 misc:2046 icu:8.75 pcu:602.25 scu:685.00 tlayer:4 pbqpoffset:6.48 pbfactor:2.11 avgQpOffsetCutree:0.00;
in:44 out:42 type:B q:16.29 q-aq:12.03 q-noVbv:16.29 q-Rceq:1.00 tex:182538 mv:32177 misc:3373 icu:412.75 pcu:582.00 scu:301.25 tlayer:2 pbqpoffset:1.76 pbfactor:1.23 avgQpOffsetCutree:-3.93;
in:42 out:43 type:B q:18.38 q-aq:16.85 q-noVbv:18.38 q-Rceq:1.00 tex:36551 mv:20234 misc:3255 icu:45.00 pcu:761.25 scu:489.75 tlayer:3 pbqpoffset:3.48 pbfactor:1.49 avgQpOffsetCutree:-1.67;
in:41 out:44 type:b q:21.57 q-aq:22.00 q-noVbv:21.57 q-Rceq:1.00 tex:4225 mv:8047 misc:2016 icu:6.25 pcu:616.25 scu:673.50 tlayer:4 pbqpoffset:6.48 pbfactor:2.11 avgQpOffsetCutree:0.00;
in:43 out:45 type:b q:21.19 q-aq:21.00 q-noVbv:21.19 q-Rceq:1.00 tex:6574 mv:9361 misc:2009 icu:7.25 pcu:634.75 scu:654.00 tlayer:4 pbqpoffset:6.48 pbfactor:2.11 avgQpOffsetCutree:0.00;
in:46 out:46 type:B q:17.62 q-aq:15.32 q-noVbv:17.62 q-Rceq:1.00 tex:56611 mv:15007 misc:3310 icu:64.50 pcu:653.75 scu:577.75 tlayer:3 pbqpoffset:3.48 pbfactor:1.49 avgQpOffsetCutree:-2.13;
in:45 out:47 type:b q:20.81 q-aq:21.00 q-noVbv:20.81 q-Rceq:1.00 tex:2950 mv:6251 misc:1631 icu:1.00 pcu:494.00 scu:801.00 tlayer:4 pbqpoffset:6.48 pbfactor:2.11 avgQpOffsetCutree:0.00;
in:47 out:48 type:b q:20.43 q-aq:20.12 q-noVbv:20.43 q-Rceq:1.00 tex:7944 mv:3972 misc:1988 icu:29.75 pcu:303.50 scu:962.75 tlayer:4 pbqpoffset:6.48 pbfactor:2.11 avgQpOffsetCutree:0.00;
in:64 out:49 type:k q:13.75 q-aq:8.37 q-noVbv:13.75 q-Rceq:1.00 tex:374256 mv:39185 misc:2623 icu:1212.50 pcu:83.50 scu:0.00 tlayer:0 pbqpoffset:0.60 pbfactor:1.07 avgQpOffsetCutree:-5.90;
in:56 out:50 type:B q:15.25 q-aq:10.06 q-noVbv:15.25 q-Rceq:1.00 tex:258210 mv:38087 misc:3103 icu:709.25 pcu:335.25 scu:251.50 tlayer:1 pbqpoffset:1.50 pbfactor:1.19 avgQpOffsetCutree:-5.08;
in:52 out:51 type:B q:15.75 q-aq:12.24 q-noVbv:15.75 q-Rceq:1.00 tex:131589 mv:34139 misc:3664 icu:198.50 pcu:733.50 scu:364.00 tlayer:2 pbqpoffset:1.99 pbfactor:1.26 avgQpOffsetCutree:-3.31;
in:50 out:52 type:B q:17.12 q-aq:15.61 q-noVbv:17.12 q-Rceq:1.00 tex:46521 mv:21539 misc:3100 icu:38.75 pcu:781.50 scu:475.75 tlayer:3 pbqpoffset:3.36 pbfactor:1.47 avgQpOffsetCutree:-1.71;
in:49 out:53 type:b q:20.12 q-aq:20.00 q-noVbv:20.12 q-Rceq:1.00 tex:7738 mv:9166 misc:2072 icu:4.00 pcu:574.50 scu:717.50 tlayer:4 pbqpoffset:6.36 pbfactor:2.08 avgQpOffsetCutree:0.00;
in:51 out:54 type:b q:20.12 q-aq:20.01 q-noVbv:20.12 q-Rceq:1.00 tex:8147 mv:9347 misc:2098 icu:4.75 pcu:602.50 scu:688.75 tlayer:4 pbqpoffset:6.36 pbfactor:2.08 avgQpOffsetCutree:0.00;
in:54 out:55 type:B q:17.12 q-aq:15.22 q-noVbv:17.12 q-Rceq:1.00 tex:47131 mv:22530 misc:3219 icu:46.75 pcu:793.75 scu:455.50 tlayer:3 pbqpoffset:3.36 pbfactor:1.47 avgQpOffsetCutree:-1.79;
in:53 out:56 type:b q:20.12 q-aq:20.01 q-noVbv:20.12 q-Rceq:1.00 tex:8144 mv:9489 misc:2055 icu:7.75 pcu:595.50 scu:692.75 tlayer:4 pbqpoffset:6.36 pbfactor:2.08 avgQpOffsetCutree:0.00;
in:55 out:57 type:b q:20.12 q-aq:20.00 q-noVbv:20.12 q-Rceq:1.00 tex:6638 mv:9333 misc:2085 icu:4.25 pcu:590.00 scu:701.75 tlayer:4 pbqpoffset:6.36 pbfactor:2.08 avgQpOffsetCutree:0.00;
in:60 out:58 type:B q:15.59 q-aq:11.73 q-noVbv:15.59 q-Rceq:1.00 tex:172563 mv:31028 misc:3337 icu:386.75 pcu:588.50 scu:320.75 tlayer:2 pbqpoffset:1.84 pbfactor:1.24 avgQpOffsetCutree:-3.68;
in:58 out:59 type:B q:17.11 q-aq:15.43 q-noVbv:17.11 q-Rceq:1.00 tex:40792 mv:21442 misc:3230 icu:51.00 pcu:741.75 scu:503.25 tlayer:3 pbqpoffset:3.36 pbfactor:1.47 avgQpOffsetCutree:-1.76;
in:57 out:60 type:b q:20.12 q-aq:20.00 q-noVbv:20.12 q-Rceq:1.00 tex:5713 mv:8479 misc:2016 icu:11.00 pcu:654.00 scu:631.00 tlayer:4 pbqpoffset:6.36 pbfactor:2.08 avgQpOffsetCutree:0.00;
in:59 out:61 type:b q:20.11 q-aq:20.01 q-noVbv:20.11 q-Rceq:1.00 tex:6388 mv:8459 misc:2073 icu:3.75 pcu:577.50 scu:714.75 tlayer:4 pbqpoffset:6.36 pbfactor:2.08 avgQpOffsetCutree:0.00;
in:62 out:62 type:B q:16.52 q-aq:14.35 q-noVbv:16.52 q-Rceq:1.00 tex:80327 mv:19537 misc:3800 icu:169.00 pcu:655.25 scu:471.75 tlayer:3 pbqpoffset:2.77 pbfactor:1.38 avgQpOffsetCutree:-2.13;
in:61 out:63 type:b q:20.11 q-aq:20.00 q-noVbv:20.11 q-Rceq:1.00 tex:5699 mv:8797 misc:2096 icu:8.75 pcu:623.50 scu:663.75 tlayer:4 pbqpoffset:6.36 pbfactor:2.08 avgQpOffsetCutree:0.00;
in:63 out:64 type:b q:20.11 q-aq:20.00 q-noVbv:20.11 q-Rceq:1.00 tex:9512 mv:5846 misc:2106 icu:32.00 pcu:479.75 scu:784.25 tlayer:4 pbqpoffset:6.36 pbfactor:2.08 avgQpOffsetCutree:0.00;
in:80 out:65 type:k q:14.26 q-aq:8.64 q-noVbv:14.26 q-Rceq:1.00 tex:348249 mv:37255 misc:2832 icu:1208.75 pcu:86.50 scu:0.75 tlayer:0 pbqpoffset:0.53 pbfactor:1.06 avgQpOffsetCutree:-6.10;
in:72 out:66 type:B q:15.44 q-aq:10.82 q-noVbv:15.44 q-Rceq:1.00 tex:251686 mv:35856 misc:3138 icu:777.00 pcu:309.25 scu:209.75 tlayer:1 pbqpoffset:1.44 pbfactor:1.18 avgQpOffsetCutree:-4.84;
in:68 out:67 type:B q:15.72 q-aq:12.52 q-noVbv:15.72 q-Rceq:1.00 tex:136185 mv:32202 misc:3365 icu:294.50 pcu:686.75 scu:314.75 tlayer:2 pbqpoffset:1.84 pbfactor:1.24 avgQpOffsetCutree:-3.16;
in:66 out:68 type:B q:17.11 q-aq:15.49 q-noVbv:17.11 q-Rceq:1.00 tex:47705 mv:21747 misc:3356 icu:63.75 pcu:749.00 scu:483.25 tlayer:3 pbqpoffset:3.30 pbfactor:1.46 avgQpOffsetCutree:-1.71;
in:65 out:69 type:b q:20.08 q-aq:20.00 q-noVbv:20.08 q-Rceq:1.00 tex:6449 mv:9021 misc:2042 icu:2.50 pcu:695.00 scu:598.50 tlayer:4 pbqpoffset:6.30 pbfactor:2.07 avgQpOffsetCutree:0.00;
in:67 out:70 type:b q:20.14 q-aq:20.00 q-noVbv:20.14 q-Rceq:1.00 tex:9608 mv:10388 misc:2340 icu:20.00 pcu:645.75 scu:630.25 tlayer:4 pbqpoffset:6.30 pbfactor:2.07 avgQpOffsetCutree:0.00;
in:70 out:71 type:B q:17.12 q-aq:15.84 q-noVbv:17.12 q-Rceq:1.00 tex:51307 mv:20832 misc:3125 icu:136.25 pcu:697.00 scu:462.75 tlayer:3 pbqpoffset:3.18 pbfactor:1.44 avgQpOffsetCutree:-1.53;
in:69 out:72 type:b q:20.21 q-aq:20.00 q-noVbv:20.21 q-Rceq:1.00 tex:9317 mv:9285 misc:2022 icu:31.50 pcu:667.75 scu:596.75 tlayer:4 pbqpoffset:6.30 pbfactor:2.07 avgQpOffsetCutree:0.00;
in:71 out:73 type:b q:20.27 q-aq:20.05 q-noVbv:20.27 q-Rceq:1.00 tex:9877 mv:11108 misc:2199 icu:44.25 pcu:684.75 scu:567.00 tlayer:4 pbqpoffset:6.30 pbfactor:2.07 avgQpOffsetCutree:0.00;
in:76 out:74 type:B q:15.65 q-aq:12.06 q-noVbv:15.65 q-Rceq:1.00 tex:174691 mv:29405 misc:3528 icu:498.00 pcu:514.75 scu:283.25 tlayer:2 pbqpoffset:1.52 pbfactor:1.19 avgQpOffsetCutree:-3.61;
in:74 out:75 type:B q:17.37 q-aq:15.97 q-noVbv:17.37 q-Rceq:1.00 tex:48501 mv:20936 misc:3147 icu:146.50 pcu:699.75 scu:449.75 tlayer:3 pbqpoffset:3.30 pbfactor:1.46 avgQpOffsetCutree:-1.61;
in:73 out:76 type:b q:20.34 q-aq:20.12 q-noVbv:20.34 q-Rceq:1.00 tex:8981 mv:9100 misc:2127 icu:44.00 pcu:648.75 scu:603.25 tlayer:4 pbqpoffset:6.30 pbfactor:2.07 avgQpOffsetCutree:0.00;
in:75 out:77 type:b q:20.40 q-aq:20.17 q-noVbv:20.40 q-Rceq:1.00 tex:9105 mv:9146 misc:2109 icu:60.00 pcu:611.75 scu:624.25 tlayer:4 pbqpoffset:6.30 pbfactor:2.07 avgQpOffsetCutree:0.00;
in:78 out:78 type:B q:17.28 q-aq:15.26 q-noVbv:17.28 q-Rceq:1.00 tex:64792 mv:15280 misc:3272 icu:175.75 pcu:542.75 scu:577.50 tlayer:3 pbqpoffset:3.08 pbfactor:1.43 avgQpOffsetCutree:-2.08;
in:77 out:79 type:b q:20.46 q-aq:20.30 q-noVbv:20.46 q-Rceq:1.00 tex:7470 mv:7294 misc:1732 icu:64.00 pcu:446.00 scu:786.00 tlayer:4 pbqpoffset:6.30 pbfactor:2.07 avgQpOffsetCutree:0.00;
in:79 out:80 type:b q:20.53 q-aq:20.77 q-noVbv:20.53 q-Rceq:1.00 tex:10743 mv:4884 misc:1957 icu:82.75 pcu:354.00 scu:859.25 tlayer:4 pbqpoffset:6.30 pbfactor:2.07 avgQpOffsetCutree:0.00;
in:96 out:81 type:k q:14.17 q-aq:8.41 q-noVbv:14.17 q-Rceq:1.00 tex:360581 mv:37052 misc:2823 icu:1176.75 pcu:109.75 scu:9.50 tlayer:0 pbqpoffset:0.48 pbfactor:1.06 avgQpOffsetCutree:-6.21;
in:88 out:82 type:B q:15.66 q-aq:10.52 q-noVbv:15.66 q-Rceq:1.00 tex:255376 mv:35306 misc:3270 icu:732.50 pcu:312.75 scu:250.75 tlayer:1 pbqpoffset:1.45 pbfactor:1.18 avgQpOffsetCutree:-5.08;
in:84 out:83 type:B q:16.38 q-aq:12.92 q-noVbv:16.38 q-Rceq:1.00 tex:121990 mv:31737 misc:3433 icu:202.75 pcu:742.50 scu:350.75 tlayer:2 pbqpoffset:2.14 pbfactor:1.28 avgQpOffsetCutree:-3.34;
in:82 out:84 type:B q:17.56 q-aq:16.14 q-noVbv:17.56 q-Rceq:1.00 tex:40989 mv:20436 misc:3199 icu:56.75 pcu:715.25 scu:524.00 tlayer:3 pbqpoffset:3.31 pbfactor:1.47 avgQpOffsetCutree:-1.69;
in:81 out:85 type:b q:20.56 q-aq:20.96 q-noVbv:20.56 q-Rceq:1.00 tex:5961 mv:8450 misc:1925 icu:17.25 pcu:650.75 scu:628.00 tlayer:4 pbqpoffset:6.31 pbfactor:2.07 avgQpOffsetCutree:0.00;
in:83 out:86 type:b q:20.55 q-aq:20.94 q-noVbv:20.55 q-Rceq:1.00 tex:6456 mv:9076 misc:1924 icu:21.25 pcu:614.50 scu:660.25 tlayer:4 pbqpoffset:6.31 pbfactor:2.07 avgQpOffsetCutree:0.00;
in:86 out:87 type:B q:17.54 q-aq:16.10 q-noVbv:17.54 q-Rceq:1.00 tex:44389 mv:21629 misc:3142 icu:39.00 pcu:792.25 scu:464.75 tlayer:3 pbqpoffset:3.31 pbfactor:1.47 avgQpOffsetCutree:-1.65;
in:85 out:88 type:b q:20.54 q-aq:20.77 q-noVbv:20.54 q-Rceq:1.00 tex:6385 mv:8701 misc:2194 icu:7.00 pcu:648.75 scu:640.25 tlayer:4 pbqpoffset:6.31 pbfactor:2.07 avgQpOffsetCutree:0.00;
in:87 out:89 type:b q:20.53 q-aq:20.73 q-noVbv:20.53 q-Rceq:1.00 tex:6026 mv:9544 misc:2206 icu:5.75 pcu:612.00 scu:678.25 tlayer:4 pbqpoffset:6.31 pbfactor:2.07 avgQpOffsetCutree:0.00;
in:92 out:90 type:B q:15.93 q-aq:11.96 q-noVbv:15.93 q-Rceq:1.00 tex:178843 mv:30275 misc:3282 icu:412.75 pcu:558.25 scu:325.00 tlayer:2 pbqpoffset:1.73 pbfactor:1.22 avgQpOffsetCutree:-3.81;
in:90 out:91 type:B q:17.51 q-aq:16.06 q-noVbv:17.51 q-Rceq:1.00 tex:40717 mv:21265 misc:3250 icu:56.75 pcu:776.00 scu:463.25 tlayer:3 pbqpoffset:3.31 pbfactor:1.47 avgQpOffsetCutree:-1.63;
in:89 out:92 type:b q:20.52 q-aq:20.67 q-noVbv:20.52 q-Rceq:1.00 tex:5895 mv:9163 misc:2022 icu:14.00 pcu:590.00 scu:692.00 tlayer:4 pbqpoffset:6.31 pbfactor:2.07 avgQpOffsetCutree:0.00;
in:91 out:93 type:b q:20.51 q-aq:20.43 q-noVbv:20.51 q-Rceq:1.00 tex:5927 mv:8955 misc:1950 icu:6.50 pcu:663.00 scu:626.50 tlayer:4 pbqpoffset:6.31 pbfactor:2.07 avgQpOffsetCutree:0.00;
in:94 out:94 type:B q:17.36 q-aq:14.98 q-noVbv:17.36 q-Rceq:1.00 tex:72620 mv:17925 misc:3567 icu:112.75 pcu:740.50 scu:442.75 tlayer:3 pbqpoffset:3.18 pbfactor:1.44 avgQpOffsetCutree:-2.20;
in:93 out:95 type:b q:20.50 q-aq:20.28 q-noVbv:20.50 q-Rceq:1.00 tex:5413 mv:8439 misc:2004 icu:4.75 pcu:595.50 scu:695.75 tlayer:4 pbqpoffset:6.31 pbfactor:2.07 avgQpOffsetCutree:0.00;
in:95 out:96 type:b q:20.49 q-aq:20.16 q-noVbv:20.49 q-Rceq:1.00 tex:6863 mv:4956 misc:1885 icu:15.00 pcu:422.00 scu:859.00 tlayer:4 pbqpoffset:6.31 pbfactor:2.07 avgQpOffsetCutree:0.00;
in:112 out:97 type:k q:14.36 q-aq:8.45 q-noVbv:14.36 q-Rceq:1.00 tex:356349 mv:37914 misc:2705 icu:1149.75 pcu:142.00 scu:4.25 tlayer:0 pbqpoffset:0.68 pbfactor:1.08 avgQpOffsetCutree:-6.32;
in:104 out:98 type:B q:15.70 q-aq:10.58 q-noVbv:15.70 q-Rceq:1.00 tex:254581 mv:35636 misc:3151 icu:755.25 pcu:335.75 scu:205.00 tlayer:1 pbqpoffset:1.43 pbfactor:1.18 avgQpOffsetCutree:-5.06;
in:100 out:99 type:B q:16.56 q-aq:13.00 q-noVbv:16.56 q-Rceq:1.00 tex:115370 mv:31509 misc:3465 icu:176.50 pcu:774.50 scu:345.00 tlayer:2 pbqpoffset:2.34 pbfactor:1.31 avgQpOffsetCutree:-3.28;
in:98 out:100 type:B q:17.49 q-aq:15.70 q-noVbv:17.49 q-Rceq:1.00 tex:37778 mv:21336 misc:3358 icu:35.50 pcu:746.50 scu:514.00 tlayer:3 pbqpoffset:3.30 pbfactor:1.46 avgQpOffsetCutree:-1.78;
in:97 out:101 type:b q:20.48 q-aq:20.12 q-noVbv:20.48 q-Rceq:1.00 tex:6447 mv:8919 misc:1850 icu:3.00 pcu:643.75 scu:649.25 tlayer:4 pbqpoffset:6.30 pbfactor:2.07 avgQpOffsetCutree:0.00;
in:99 out:102 type:b q:20.51 q-aq:20.32 q-noVbv:20.51 q-Rceq:1.00 tex:5262 mv:9438 misc:2004 icu:6.75 pcu:681.00 scu:608.25 tlayer:4 pbqpoffset:6.30 pbfactor:2.07 avgQpOffsetCutree:0.00;
in:102 out:103 type:B q:17.54 q-aq:16.00 q-noVbv:17.54 q-Rceq:1.00 tex:40740 mv:20853 misc:3183 icu:45.50 pcu:762.25 scu:488.25 tlayer:3 pbqpoffset:3.30 pbfactor:1.46 avgQpOffsetCutree:-1.73;
in:101 out:104 type:b q:20.53 q-aq:20.78 q-noVbv:20.53 q-Rceq:1.00 tex:4593 mv:8499 misc:1988 icu:5.00 pcu:660.00 scu:631.00 tlayer:4 pbqpoffset:6.30 pbfactor:2.07 avgQpOffsetCutree:0.00;
in:103 out:105 type:b q:20.55 q-aq:20.80 q-noVbv:20.55 q-Rceq:1.00 tex:5670 mv:8741 misc:1821 icu:3.25 pcu:644.75 scu:648.00 tlayer:4 pbqpoffset:6.30 pbfactor:2.07 avgQpOffsetCutree:0.00;
in:108 out:106 type:B q:16.03 q-aq:12.28 q-noVbv:16.03 q-Rceq:1.00 tex:165823 mv:28411 misc:3614 icu:417.75 pcu:547.75 scu:330.50 tlayer:2 pbqpoffset:1.71 pbfactor:1.22 avgQpOffsetCutree:-3.60;
in:106 out:107 type:B q:17.59 q-aq:16.02 q-noVbv:17.59 q-Rceq:1.00 tex:44543 mv:20798 misc:3203 icu:73.25 pcu:758.00 scu:464.75 tlayer:3 pbqpoffset:3.30 pbfactor:1.46 avgQpOffsetCutree:-1.75;
in:105 out:108 type:b q:20.58 q-aq:20.96 q-noVbv:20.58 q-Rceq:1.00 tex:5626 mv:8010 misc:1996 icu:7.50 pcu:607.50 scu:681.00 tlayer:4 pbqpoffset:6.30 pbfactor:2.07 avgQpOffsetCutree:0.00;
in:107 out:109 type:b q:20.60 q-aq:20.99 q-noVbv:20.60 q-Rceq:1.00 tex:7659 mv:9280 misc:1981 icu:15.50 pcu:640.50 scu:640.00 tlayer:4 pbqpoffset:6.30 pbfactor:2.07 avgQpOffsetCutree:0.00;
in:110 out:110 type:B q:17.09 q-aq:14.93 q-noVbv:17.09 q-Rceq:1.00 tex:67268 mv:17920 misc:3340 icu:158.25 pcu:580.00 scu:557.75 tlayer:3 pbqpoffset:2.75 pbfactor:1.37 avgQpOffsetCutree:-2.19;
in:109 out:111 type:b q:20.63 q-aq:21.00 q-noVbv:20.63 q-Rceq:1.00 tex:5071 mv:7550 misc:1859 icu:6.50 pcu:522.50 scu:767.00 tlayer:4 pbqpoffset:6.30 pbfactor:2.07 avgQpOffsetCutree:0.00;
in:111 out:112 type:b q:20.65 q-aq:21.00 q-noVbv:20.65 q-Rceq:1.00 tex:6996 mv:5039 misc:1821 icu:20.75 pcu:413.50 scu:861.75 tlayer:4 pbqpoffset:6.30 pbfactor:2.07 avgQpOffsetCutree:0.00;
in:128 out:113 type:k q:14.55 q-aq:8.58 q-noVbv:14.55 q-Rceq:1.00 tex:358361 mv:39671 misc:2776 icu:1156.50 pcu:133.25 scu:6.25 tlayer:0 pbqpoffset:0.52 pbfactor:1.06 avgQpOffsetCutree:-6.39;
in:120 out:114 type:B q:15.89 q-aq:10.63 q-noVbv:15.89 q-Rceq:1.00 tex:233733 mv:31735 misc:3156 icu:600.00 pcu:388.75 scu:307.25 tlayer:1 pbqpoffset:1.43 pbfactor:1.18 avgQpOffsetCutree:-5.22;
in:116 out:115 type:B q:16.61 q-aq:13.18 q-noVbv:16.61 q-Rceq:1.00 tex:104545 mv:28461 misc:3442 icu:193.75 pcu:683.50 scu:418.75 tlayer:2 pbqpoffset:2.20 pbfactor:1.29 avgQpOffsetCutree:-3.23;
in:114 out:116 type:B q:17.68 q-aq:16.20 q-noVbv:17.68 q-Rceq:1.00 tex:37208 mv:18732 misc:3028 icu:44.25 pcu:679.00 scu:572.75 tlayer:3 pbqpoffset:3.30 pbfactor:1.46 avgQpOffsetCutree:-1.70;
in:113 out:117 type:b q:20.67 q-aq:21.00 q-noVbv:20.67 q-Rceq:1.00 tex:6783 mv:8289 misc:1896 icu:6.75 pcu:497.25 scu:792.00 tlayer:4 pbqpoffset:6.30 pbfactor:2.07 avgQpOffsetCutree:0.00;
in:115 out:118 type:b q:20.70 q-aq:21.00 q-noVbv:20.70 q-Rceq:1.00 tex:5898 mv:8460 misc:1890 icu:6.25 pcu:608.50 scu:681.25 tlayer:4 pbqpoffset:6.30 pbfactor:2.07 avgQpOffsetCutree:0.00;
in:118 out:119 type:B q:17.73 q-aq:16.30 q-noVbv:17.73 q-Rceq:1.00 tex:37295 mv:19460 misc:3109 icu:61.75 pcu:716.25 scu:518.00 tlayer:3 pbqpoffset:3.30 pbfactor:1.46 avgQpOffsetCutree:-1.68;
in:117 out:120 type:b q:20.72 q-aq:21.00 q-noVbv:20.72 q-Rceq:1.00 tex:5670 mv:8556 misc:1998 icu:9.00 pcu:627.75 scu:659.25 tlayer:4 pbqpoffset:6.30 pbfactor:2.07 avgQpOffsetCutree:0.00;
in:119 out:121 type:b q:20.74 q-aq:21.00 q-noVbv:20.74 q-Rceq:1.00 tex:5999 mv:7897 misc:1776 icu:12.25 pcu:616.75 scu:667.00 tlayer:4 pbqpoffset:6.30 pbfactor:2.07 avgQpOffsetCutree:0.00;
in:124 out:122 type:B q:16.37 q-aq:12.44 q-noVbv:16.37 q-Rceq:1.00 tex:149019 mv:26987 misc:3474 icu:355.25 pcu:571.25 scu:369.50 tlayer:2 pbqpoffset:1.87 pbfactor:1.24 avgQpOffsetCutree:-3.77;
in:122 out:123 type:B q:17.78 q-aq:16.08 q-noVbv:17.78 q-Rceq:1.00 tex:35316 mv:18515 misc:2945 icu:67.50 pcu:675.25 scu:553.25 tlayer:3 pbqpoffset:3.30 pbfactor:1.46 avgQpOffsetCutree:-1.73;
in:121 out:124 type:b q:20.76 q-aq:21.00 q-noVbv:20.76 q-Rceq:1.00 tex:5126 mv:7723 misc:1903 icu:13.75 pcu:557.50 scu:724.75 tlayer:4 pbqpoffset:6.30 pbfactor:2.07 avgQpOffsetCutree:0.00;
in:123 out:125 type:b q:20.79 q-aq:21.00 q-noVbv:20.79 q-Rceq:1.00 tex:5834 mv:7946 misc:1820 icu:7.50 pcu:654.25 scu:634.25 tlayer:4 pbqpoffset:6.30 pbfactor:2.07 avgQpOffsetCutree:0.00;
in:126 out:126 type:B q:17.53 q-aq:15.35 q-noVbv:17.53 q-Rceq:1.00 tex:63237 mv:16366 misc:3277 icu:141.25 pcu:582.00 scu:572.75 tlayer:3 pbqpoffset:3.00 pbfactor:1.41 avgQpOffsetCutree:-2.23;
in:125 out:127 type:b q:20.81 q-aq:21.00 q-noVbv:20.81 q-Rceq:1.00 tex:4443 mv:7040 misc:1741 icu:9.00 pcu:452.25 scu:834.75 tlayer:4 pbqpoffset:6.30 pbfactor:2.07 avgQpOffsetCutree:0.00;
in:127 out:128 type:b q:20.83 q-aq:21.00 q-noVbv:20.83 q-Rceq:1.00 tex:5691 mv:4279 misc:1766 icu:19.00 pcu:341.75 scu:935.25 tlayer:4 pbqpoffset:6.30 pbfactor:2.07 avgQpOffsetCutree:0.00;
in:144 out:129 type:k q:14.27 q-aq:8.36 q-noVbv:14.27 q-Rceq:1.00 tex:370986 mv:40925 misc:2681 icu:1150.00 pcu:139.75 scu:6.25 tlayer:0 pbqpoffset:0.53 pbfactor:1.06 avgQpOffsetCutree:-6.29;
in:136 out:130 type:B q:15.85 q-aq:10.43 q-noVbv:15.85 q-Rceq:1.00 tex:242005 mv:32991 misc:3236 icu:561.25 pcu:481.00 scu:253.75 tlayer:1 pbqpoffset:1.44 pbfactor:1.18 avgQpOffsetCutree:-5.22;
in:132 out:131 type:B q:16.79 q-aq:13.31 q-noVbv:16.79 q-Rceq:1.00 tex:97587 mv:27125 misc:3288 icu:166.00 pcu:704.00 scu:426.00 tlayer:2 pbqpoffset:2.31 pbfactor:1.31 avgQpOffsetCutree:-3.23;
in:130 out:132 type:B q:17.82 q-aq:16.47 q-noVbv:17.82 q-Rceq:1.00 tex:35150 mv:18311 misc:2763 icu:44.00 pcu:688.50 scu:563.50 tlayer:3 pbqpoffset:3.31 pbfactor:1.47 avgQpOffsetCutree:-1.68;
in:129 out:133 type:b q:20.84 q-aq:21.00 q-noVbv:20.84 q-Rceq:1.00 tex:6371 mv:8108 misc:1817 icu:5.50 pcu:569.00 scu:721.50 tlayer:4 pbqpoffset:6.31 pbfactor:2.07 avgQpOffsetCutree:0.00;
in:131 out:134 type:b q:20.80 q-aq:21.00 q-noVbv:20.80 q-Rceq:1.00 tex:4955 mv:7607 misc:1862 icu:9.50 pcu:556.75 scu:729.75 tlayer:4 pbqpoffset:6.31 pbfactor:2.07 avgQpOffsetCutree:0.00;
in:134 out:135 type:B q:17.75 q-aq:16.24 q-noVbv:17.75 q-Rceq:1.00 tex:36778 mv:18409 misc:2949 icu:65.25 pcu:666.00 scu:564.75 tlayer:3 pbqpoffset:3.31 pbfactor:1.47 avgQpOffsetCutree:-1.77;
in:133 out:136 type:b q:20.77 q-aq:21.00 q-noVbv:20.77 q-Rceq:1.00 tex:5250 mv:8497 misc:1989 icu:15.75 pcu:509.50 scu:770.75 tlayer:4 pbqpoffset:6.31 pbfactor:2.07 avgQpOffsetCutree:0.00;
in:135 out:137 type:b q:20.73 q-aq:21.00 q-noVbv:20.73 q-Rceq:1.00 tex:5798 mv:7418 misc:1920 icu:5.75 pcu:662.75 scu:627.50 tlayer:4 pbqpoffset:6.31 pbfactor:2.07 avgQpOffsetCutree:0.00;
in:140 out:138 type:B q:16.16 q-aq:12.19 q-noVbv:16.16 q-Rceq:1.00 tex:151466 mv:27204 misc:3354 icu:322.75 pcu:645.75 scu:327.50 tlayer:2 pbqpoffset:1.82 pbfactor:1.23 avgQpOffsetCutree:-3.75;
in:138 out:139 type:B q:17.68 q-aq:16.47 q-noVbv:17.68 q-Rceq:1.00 tex:35541 mv:18373 misc:3118 icu:58.00 pcu:707.25 scu:530.75 tlayer:3 pbqpoffset:3.31 pbfactor:1.47 avgQpOffsetCutree:-1.58;
in:137 out:140 type:b q:20.70 q-aq:21.00 q-noVbv:20.70 q-Rceq:1.00 tex:4506 mv:6974 misc:1936 icu:8.00 pcu:504.50 scu:783.50 tlayer:4 pbqpoffset:6.31 pbfactor:2.07 avgQpOffsetCutree:0.00;
in:139 out:141 type:b q:20.66 q-aq:21.00 q-noVbv:20.66 q-Rceq:1.00 tex:5305 mv:8194 misc:1877 icu:9.00 pcu:582.75 scu:704.25 tlayer:4 pbqpoffset:6.31 pbfactor:2.07 avgQpOffsetCutree:0.00;
in:142 out:142 type:B q:17.17 q-aq:14.84 q-noVbv:17.17 q-Rceq:1.00 tex:67442 mv:16324 misc:3354 icu:129.00 pcu:645.25 scu:521.75 tlayer:3 pbqpoffset:2.87 pbfactor:1.39 avgQpOffsetCutree:-2.21;
in:141 out:143 type:b q:20.63 q-aq:21.00 q-noVbv:20.63 q-Rceq:1.00 tex:6329 mv:7136 misc:1751 icu:9.50 pcu:567.50 scu:719.00 tlayer:4 pbqpoffset:6.31 pbfactor:2.07 avgQpOffsetCutree:0.00;
in:143 out:144 type:b q:20.60 q-aq:21.00 q-noVbv:20.60 q-Rceq:1.00 tex:7340 mv:5175 misc:1797 icu:29.50 pcu:379.25 scu:887.25 tlayer:4 pbqpoffset:6.31 pbfactor:2.07 avgQpOffsetCutree:0.00;
in:160 out:145 type:k q:14.42 q-aq:8.47 q-noVbv:14.42 q-Rceq:1.00 tex:362139 mv:39828 misc:2833 icu:1112.75 pcu:168.50 scu:14.75 tlayer:0 pbqpoffset:0.42 pbfactor:1.05 avgQpOffsetCutree:-6.36;
in:152 out:146 type:B q:15.79 q-aq:10.50 q-noVbv:15.79 q-Rceq:1.00 tex:232467 mv:33883 misc:3218 icu:579.50 pcu:407.00 scu:309.50 tlayer:1 pbqpoffset:1.44 pbfactor:1.18 avgQpOffsetCutree:-5.14;
in:148 out:147 type:B q:16.41 q-aq:13.03 q-noVbv:16.41 q-Rceq:1.00 tex:112325 mv:27821 misc:3318 icu:200.75 pcu:662.75 scu:432.50 tlayer:2 pbqpoffset:2.10 pbfactor:1.27 avgQpOffsetCutree:-3.42;
in:146 out:148 type:B q:17.59 q-aq:16.02 q-noVbv:17.59 q-Rceq:1.00 tex:40467 mv:18244 misc:2985 icu:53.75 pcu:650.25 scu:592.00 tlayer:3 pbqpoffset:3.31 pbfactor:1.47 avgQpOffsetCutree:-1.85;
in:145 out:149 type:b q:20.59 q-aq:21.00 q-noVbv:20.59 q-Rceq:1.00 tex:7552 mv:9140 misc:2036 icu:6.75 pcu:571.75 scu:717.50 tlayer:4 pbqpoffset:6.31 pbfactor:2.07 avgQpOffsetCutree:0.00;
in:147 out:150 type:b q:20.60 q-aq:21.00 q-noVbv:20.60 q-Rceq:1.00 tex:7910 mv:8045 misc:1949 icu:20.50 pcu:514.00 scu:761.50 tlayer:4 pbqpoffset:6.31 pbfactor:2.07 avgQpOffsetCutree:0.00;
in:150 out:151 type:B q:17.63 q-aq:16.24 q-noVbv:17.63 q-Rceq:1.00 tex:41899 mv:18971 misc:3010 icu:69.00 pcu:665.75 scu:561.25 tlayer:3 pbqpoffset:3.31 pbfactor:1.47 avgQpOffsetCutree:-1.76;
in:149 out:152 type:b q:20.62 q-aq:21.00 q-noVbv:20.62 q-Rceq:1.00 tex:7212 mv:8549 misc:1975 icu:15.25 pcu:578.50 scu:702.25 tlayer:4 pbqpoffset:6.31 pbfactor:2.07 avgQpOffsetCutree:0.00;
in:151 out:153 type:b q:20.64 q-aq:21.00 q-noVbv:20.64 q-Rceq:1.00 tex:7558 mv:8596 misc:1950 icu:14.50 pcu:557.00 scu:724.50 tlayer:4 pbqpoffset:6.31 pbfactor:2.07 avgQpOffsetCutree:0.00;
in:156 out:154 type:B q:16.02 q-aq:11.96 q-noVbv:16.02 q-Rceq:1.00 tex:162061 mv:28375 misc:3420 icu:379.25 pcu:569.75 scu:347.00 tlayer:2 pbqpoffset:1.64 pbfactor:1.21 avgQpOffsetCutree:-3.87;
in:154 out:155 type:B q:17.67 q-aq:16.45 q-noVbv:17.67 q-Rceq:1.00 tex:38041 mv:18997 misc:2874 icu:77.25 pcu:685.75 scu:533.00 tlayer:3 pbqpoffset:3.31 pbfactor:1.47 avgQpOffsetCutree:-1.63;
in:153 out:156 type:b q:20.66 q-aq:21.00 q-noVbv:20.66 q-Rceq:1.00 tex:7194 mv:8471 misc:2007 icu:23.25 pcu:585.75 scu:687.00 tlayer:4 pbqpoffset:6.31 pbfactor:2.07 avgQpOffsetCutree:0.00;
in:155 out:157 type:b q:20.68 q-aq:21.00 q-noVbv:20.68 q-Rceq:1.00 tex:6275 mv:8017 misc:1860 icu:7.75 pcu:573.00 scu:715.25 tlayer:4 pbqpoffset:6.31 pbfactor:2.07 avgQpOffsetCutree:0.00;
in:158 out:158 type:B q:17.42 q-aq:15.17 q-noVbv:17.42 q-Rceq:1.00 tex:61019 mv:15926 misc:3031 icu:114.50 pcu:595.75 scu:585.75 tlayer:3 pbqpoffset:3.02 pbfactor:1.42 avgQpOffsetCutree:-2.14;
in:157 out:159 type:b q:20.70 q-aq:21.00 q-noVbv:20.70 q-Rceq:1.00 tex:4139 mv:7263 misc:1758 icu:6.00 pcu:574.50 scu:715.50 tlayer:4 pbqpoffset:6.31 pbfactor:2.07 avgQpOffsetCutree:0.00;
in:159 out:160 type:b q:20.71 q-aq:21.00 q-noVbv:20.71 q-Rceq:1.00 tex:6634 mv:4493 misc:1593 icu:9.00 pcu:419.00 scu:868.00 tlayer:4 pbqpoffset:6.31 pbfactor:2.07 avgQpOffsetCutree:0.00;
in:176 out:161 type:k q:14.23 q-aq:8.12 q-noVbv:14.23 q-Rceq:1.00 tex:377419 mv:39222 misc:2839 icu:1125.25 pcu:163.00 scu:7.75 tlayer:0 pbqpoffset:0.30 pbfactor:1.04 avgQpOffsetCutree:-6.47;
in:168 out:162 type:B q:15.74 q-aq:10.22 q-noVbv:15.74 q-Rceq:1.00 tex:243726 mv:33923 misc:3455 icu:559.25 pcu:464.00 scu:272.75 tlayer:1 pbqpoffset:1.42 pbfactor:1.18 avgQpOffsetCutree:-5.28;
in:164 out:163 type:B q:16.39 q-aq:12.95 q-noVbv:16.39 q-Rceq:1.00 tex:106968 mv:27268 misc:3380 icu:197.00 pcu:699.50 scu:399.50 tlayer:2 pbqpoffset:2.02 pbfactor:1.26 avgQpOffsetCutree:-3.22;
in:162 out:164 type:B q:17.67 q-aq:15.99 q-noVbv:17.67 q-Rceq:1.00 tex:40909 mv:18255 misc:3020 icu:52.00 pcu:692.00 scu:552.00 tlayer:3 pbqpoffset:3.28 pbfactor:1.46 avgQpOffsetCutree:-1.87;
in:161 out:165 type:b q:20.69 q-aq:21.00 q-noVbv:20.69 q-Rceq:1.00 tex:7527 mv:8239 misc:1810 icu:4.50 pcu:597.75 scu:693.75 tlayer:4 pbqpoffset:6.28 pbfactor:2.07 avgQpOffsetCutree:0.00;
in:163 out:166 type:b q:20.66 q-aq:21.00 q-noVbv:20.66 q-Rceq:1.00 tex:6239 mv:7995 misc:1918 icu:13.00 pcu:514.50 scu:768.50 tlayer:4 pbqpoffset:6.28 pbfactor:2.07 avgQpOffsetCutree:0.00;
in:166 out:167 type:B q:17.25 q-aq:15.75 q-noVbv:17.25 q-Rceq:1.00 tex:43753 mv:18618 misc:2925 icu:74.75 pcu:670.00 scu:551.25 tlayer:3 pbqpoffset:2.91 pbfactor:1.40 avgQpOffsetCutree:-1.63;
in:165 out:168 type:b q:20.64 q-aq:21.00 q-noVbv:20.64 q-Rceq:1.00 tex:8518 mv:8979 misc:1999 icu:17.50 pcu:604.25 scu:674.25 tlayer:4 pbqpoffset:6.28 pbfactor:2.07 avgQpOffsetCutree:0.00;
in:167 out:169 type:b q:20.62 q-aq:21.00 q-noVbv:20.62 q-Rceq:1.00 tex:6332 mv:7863 misc:1837 icu:11.50 pcu:592.75 scu:691.75 tlayer:4 pbqpoffset:6.28 pbfactor:2.07 avgQpOffsetCutree:0.00;
in:172 out:170 type:B q:16.08 q-aq:11.77 q-noVbv:16.08 q-Rceq:1.00 tex:154098 mv:25526 misc:3672 icu:333.00 pcu:538.25 scu:424.75 tlayer:2 pbqpoffset:1.80 pbfactor:1.23 avgQpOffsetCutree:-3.96;
in:170 out:171 type:B q:17.58 q-aq:16.12 q-noVbv:17.58 q-Rceq:1.00 tex:36651 mv:17876 misc:2897 icu:47.00 pcu:662.00 scu:587.00 tlayer:3 pbqpoffset:3.28 pbfactor:1.46 avgQpOffsetCutree:-1.75;
in:169 out:172 type:b q:20.59 q-aq:21.00 q-noVbv:20.59 q-Rceq:1.00 tex:5836 mv:7716 misc:1840 icu:11.75 pcu:628.50 scu:655.75 tlayer:4 pbqpoffset:6.28 pbfactor:2.07 avgQpOffsetCutree:0.00;
in:171 out:173 type:b q:20.57 q-aq:20.98 q-noVbv:20.57 q-Rceq:1.00 tex:4064 mv:7153 misc:1791 icu:5.25 pcu:528.00 scu:762.75 tlayer:4 pbqpoffset:6.28 pbfactor:2.07 avgQpOffsetCutree:0.00;
in:174 out:174 type:B q:17.53 q-aq:15.28 q-noVbv:17.53 q-Rceq:1.00 tex:51366 mv:13201 misc:3049 icu:78.50 pcu:532.00 scu:685.50 tlayer:3 pbqpoffset:3.28 pbfactor:1.46 avgQpOffsetCutree:-2.20;
in:173 out:175 type:b q:20.54 q-aq:20.85 q-noVbv:20.54 q-Rceq:1.00 tex:3579 mv:5911 misc:1662 icu:3.50 pcu:453.75 scu:838.75 tlayer:4 pbqpoffset:6.28 pbfactor:2.07 avgQpOffsetCutree:0.00;
in:175 out:176 type:b q:20.52 q-aq:20.84 q-noVbv:20.52 q-Rceq:1.00 tex:3840 mv:3623 misc:1505 icu:12.50 pcu:269.25 scu:1014.25 tlayer:4 pbqpoffset:6.28 pbfactor:2.07 avgQpOffsetCutree:0.00;
in:192 out:177 type:k q:14.14 q-aq:7.92 q-noVbv:14.14 q-Rceq:1.00 tex:380226 mv:41884 misc:2578 icu:1115.00 pcu:170.75 scu:10.25 tlayer:0 pbqpoffset:0.30 pbfactor:1.03 avgQpOffsetCutree:-6.57;
in:184 out:178 type:B q:15.56 q-aq:9.83 q-noVbv:15.56 q-Rceq:1.00 tex:250784 mv:35165 misc:3435 icu:498.25 pcu:505.25 scu:292.50 tlayer:1 pbqpoffset:1.38 pbfactor:1.17 avgQpOffsetCutree:-5.47;
in:180 out:179 type:B q:16.87 q-aq:12.86 q-noVbv:16.87 q-Rceq:1.00 tex:94797 mv:26885 misc:3358 icu:123.50 pcu:746.25 scu:426.25 tlayer:2 pbqpoffset:2.67 pbfactor:1.36 avgQpOffsetCutree:-3.60;
in:178 out:180 type:B q:17.46 q-aq:15.86 q-noVbv:17.46 q-Rceq:1.00 tex:33607 mv:17666 misc:2999 icu:30.25 pcu:652.00 scu:613.75 tlayer:3 pbqpoffset:3.24 pbfactor:1.45 avgQpOffsetCutree:-1.76;
in:177 out:181 type:b q:20.46 q-aq:20.17 q-noVbv:20.46 q-Rceq:1.00 tex:6655 mv:8750 misc:1963 icu:3.50 pcu:619.75 scu:672.75 tlayer:4 pbqpoffset:6.24 pbfactor:2.06 avgQpOffsetCutree:0.00;
in:179 out:182 type:b q:20.45 q-aq:20.10 q-noVbv:20.45 q-Rceq:1.00 tex:5729 mv:7471 misc:1936 icu:13.00 pcu:549.25 scu:733.75 tlayer:4 pbqpoffset:6.24 pbfactor:2.06 avgQpOffsetCutree:0.00;
in:182 out:183 type:B q:17.44 q-aq:15.82 q-noVbv:17.44 q-Rceq:1.00 tex:32109 mv:17297 misc:2970 icu:35.00 pcu:655.75 scu:605.25 tlayer:3 pbqpoffset:3.24 pbfactor:1.45 avgQpOffsetCutree:-1.60;
in:181 out:184 type:b q:20.44 q-aq:20.06 q-noVbv:20.44 q-Rceq:1.00 tex:4677 mv:7270 misc:1925 icu:7.75 pcu:497.00 scu:791.25 tlayer:4 pbqpoffset:6.24 pbfactor:2.06 avgQpOffsetCutree:0.00;
in:183 out:185 type:b q:20.43 q-aq:20.05 q-noVbv:20.43 q-Rceq:1.00 tex:4437 mv:7441 misc:2018 icu:5.75 pcu:522.00 scu:768.25 tlayer:4 pbqpoffset:6.24 pbfactor:2.06 avgQpOffsetCutree:0.00;
in:188 out:186 type:B q:15.98 q-aq:12.10 q-noVbv:15.98 q-Rceq:1.00 tex:151722 mv:26822 misc:3536 icu:317.75 pcu:599.50 scu:378.75 tlayer:2 pbqpoffset:1.82 pbfactor:1.23 avgQpOffsetCutree:-3.67;
in:186 out:187 type:B q:17.41 q-aq:15.89 q-noVbv:17.41 q-Rceq:1.00 tex:33333 mv:17487 misc:3076 icu:46.50 pcu:649.00 scu:600.50 tlayer:3 pbqpoffset:3.24 pbfactor:1.45 avgQpOffsetCutree:-1.74;
in:185 out:188 type:b q:20.42 q-aq:20.03 q-noVbv:20.42 q-Rceq:1.00 tex:4886 mv:6974 misc:1844 icu:7.75 pcu:489.75 scu:798.50 tlayer:4 pbqpoffset:6.24 pbfactor:2.06 avgQpOffsetCutree:0.00;
in:187 out:189 type:b q:20.41 q-aq:20.04 q-noVbv:20.41 q-Rceq:1.00 tex:6346 mv:9042 misc:2164 icu:7.00 pcu:600.50 scu:688.50 tlayer:4 pbqpoffset:6.24 pbfactor:2.06 avgQpOffsetCutree:0.00;
in:190 out:190 type:B q:16.81 q-aq:14.67 q-noVbv:16.81 q-Rceq:1.00 tex:74374 mv:19263 misc:3275 icu:142.00 pcu:684.25 scu:469.75 tlayer:3 pbqpoffset:2.66 pbfactor:1.36 avgQpOffsetCutree:-2.16;
in:189 out:191 type:b q:20.40 q-aq:20.02 q-noVbv:20.40 q-Rceq:1.00 tex:6204 mv:8435 misc:2241 icu:8.75 pcu:578.25 scu:709.00 tlayer:4 pbqpoffset:6.24 pbfactor:2.06 avgQpOffsetCutree:0.00;
in:191 out:192 type:b q:20.39 q-aq:20.04 q-noVbv:20.39 q-Rceq:1.00 tex:6476 mv:5529 misc:2099 icu:19.75 pcu:439.00 scu:837.25 tlayer:4 pbqpoffset:6.24 pbfactor:2.06 avgQpOffsetCutree:0.00;
in:208 out:193 type:k q:14.17 q-aq:8.13 q-noVbv:14.17 q-Rceq:1.00 tex:390926 mv:41407 misc:2667 icu:1127.50 pcu:158.25 scu:10.25 tlayer:0 pbqpoffset:0.32 pbfactor:1.04 avgQpOffsetCutree:-6.45;
in:200 out:194 type:B q:15.54 q-aq:9.97 q-noVbv:15.54 q-Rceq:1.00 tex:275423 mv:37086 misc:3451 icu:551.50 pcu:522.50 scu:222.00 tlayer:1 pbqpoffset:1.38 pbfactor:1.17 avgQpOffsetCutree:-5.42;
in:196 out:195 type:B q:16.52 q-aq:12.57 q-noVbv:16.52 q-Rceq:1.00 tex:108661 mv:30697 misc:3474 icu:163.50 pcu:775.00 scu:357.50 tlayer:2 pbqpoffset:2.37 pbfactor:1.32 avgQpOffsetCutree:-3.50;
in:194 out:196 type:B q:17.39 q-aq:15.86 q-noVbv:17.39 q-Rceq:1.00 tex:38763 mv:19219 misc:3162 icu:30.50 pcu:753.50 scu:512.00 tlayer:3 pbqpoffset:3.25 pbfactor:1.46 avgQpOffsetCutree:-1.64;
in:193 out:197 type:b q:20.39 q-aq:20.01 q-noVbv:20.39 q-Rceq:1.00 tex:5884 mv:8569 misc:1915 icu:5.75 pcu:619.25 scu:671.00 tlayer:4 pbqpoffset:6.25 pbfactor:2.06 avgQpOffsetCutree:0.00;
in:195 out:198 type:b q:20.39 q-aq:20.04 q-noVbv:20.39 q-Rceq:1.00 tex:7414 mv:9525 misc:2061 icu:6.50 pcu:645.00 scu:644.50 tlayer:4 pbqpoffset:6.25 pbfactor:2.06 avgQpOffsetCutree:0.00;
in:198 out:199 type:B q:17.40 q-aq:15.88 q-noVbv:17.40 q-Rceq:1.00 tex:34195 mv:19355 misc:3162 icu:51.75 pcu:697.75 scu:546.50 tlayer:3 pbqpoffset:3.25 pbfactor:1.46 avgQpOffsetCutree:-1.62;
in:197 out:200 type:b q:20.40 q-aq:20.02 q-noVbv:20.40 q-Rceq:1.00 tex:5268 mv:7272 misc:1980 icu:8.75 pcu:523.50 scu:763.75 tlayer:4 pbqpoffset:6.25 pbfactor:2.06 avgQpOffsetCutree:0.00;
in:199 out:201 type:b q:20.40 q-aq:20.04 q-noVbv:20.40 q-Rceq:1.00 tex:5562 mv:9303 misc:2023 icu:3.75 pcu:722.00 scu:570.25 tlayer:4 pbqpoffset:6.25 pbfactor:2.06 avgQpOffsetCutree:0.00;
in:204 out:202 type:B q:16.06 q-aq:11.78 q-noVbv:16.06 q-Rceq:1.00 tex:152200 mv:26659 misc:3645 icu:269.75 pcu:647.25 scu:379.00 tlayer:2 pbqpoffset:1.91 pbfactor:1.25 avgQpOffsetCutree:-3.91;
in:202 out:203 type:B q:17.40 q-aq:15.83 q-noVbv:17.40 q-Rceq:1.00 tex:33480 mv:18816 misc:3064 icu:42.50 pcu:722.75 scu:530.75 tlayer:3 pbqpoffset:3.25 pbfactor:1.46 avgQpOffsetCutree:-1.65;
in:201 out:204 type:b q:20.40 q-aq:20.06 q-noVbv:20.40 q-Rceq:1.00 tex:5126 mv:8029 misc:2005 icu:7.00 pcu:535.75 scu:753.25 tlayer:4 pbqpoffset:6.25 pbfactor:2.06 avgQpOffsetCutree:0.00;
in:203 out:205 type:b q:20.41 q-aq:20.08 q-noVbv:20.41 q-Rceq:1.00 tex:6336 mv:8676 misc:2004 icu:6.25 pcu:577.00 scu:712.75 tlayer:4 pbqpoffset:6.25 pbfactor:2.06 avgQpOffsetCutree:0.00;
in:206 out:206 type:B q:17.41 q-aq:15.09 q-noVbv:17.41 q-Rceq:1.00 tex:56507 mv:14265 misc:3084 icu:94.75 pcu:616.75 scu:584.50 tlayer:3 pbqpoffset:3.25 pbfactor:1.46 avgQpOffsetCutree:-2.19;
in:205 out:207 type:b q:20.41 q-aq:20.12 q-noVbv:20.41 q-Rceq:1.00 tex:4402 mv:6531 misc:1755 icu:3.00 pcu:527.00 scu:766.00 tlayer:4 pbqpoffset:6.25 pbfactor:2.06 avgQpOffsetCutree:0.00;
in:207 out:208 type:b q:20.41 q-aq:20.11 q-noVbv:20.41 q-Rceq:1.00 tex:4072 mv:3621 misc:1619 icu:5.50 pcu:290.00 scu:1000.50 tlayer:4 pbqpoffset:6.25 pbfactor:2.06 avgQpOffsetCutree:0.00;
in:224 out:209 type:k q:14.49 q-aq:8.41 q-noVbv:14.49 q-Rceq:1.00 tex:377058 mv:41808 misc:2662 icu:1117.25 pcu:169.50 scu:9.25 tlayer:0 pbqpoffset:0.28 pbfactor:1.03 avgQpOffsetCutree:-6.52;
in:216 out:210 type:B q:15.74 q-aq:10.32 q-noVbv:15.74 q-Rceq:1.00 tex:275876 mv:37358 misc:3302 icu:577.50 pcu:517.50 scu:201.00 tlayer:1 pbqpoffset:1.42 pbfactor:1.18 avgQpOffsetCutree:-5.29;
in:212 out:211 type:B q:16.52 q-aq:12.88 q-noVbv:16.52 q-Rceq:1.00 tex:111109 mv:30872 misc:3427 icu:174.00 pcu:745.50 scu:376.50 tlayer:2 pbqpoffset:2.27 pbfactor:1.30 avgQpOffsetCutree:-3.32;
in:210 out:212 type:B q:17.49 q-aq:15.97 q-noVbv:17.49 q-Rceq:1.00 tex:40041 mv:19789 misc:3002 icu:56.25 pcu:698.50 scu:541.25 tlayer:3 pbqpoffset:3.28 pbfactor:1.46 avgQpOffsetCutree:-1.56;
in:209 out:213 type:b q:20.47 q-aq:20.25 q-noVbv:20.47 q-Rceq:1.00 tex:6860 mv:8949 misc:2159 icu:4.25 pcu:627.25 scu:664.50 tlayer:4 pbqpoffset:6.28 pbfactor:2.07 avgQpOffsetCutree:0.00;
in:211 out:214 type:b q:20.51 q-aq:20.60 q-noVbv:20.51 q-Rceq:1.00 tex:7577 mv:9651 misc:2364 icu:10.25 pcu:582.00 scu:703.75 tlayer:4 pbqpoffset:6.28 pbfactor:2.07 avgQpOffsetCutree:0.00;
in:214 out:215 type:B q:17.57 q-aq:16.00 q-noVbv:17.57 q-Rceq:1.00 tex:41740 mv:22843 misc:3273 icu:54.25 pcu:807.25 scu:434.50 tlayer:3 pbqpoffset:3.28 pbfactor:1.46 avgQpOffsetCutree:-1.78;
in:213 out:216 type:b q:20.55 q-aq:20.81 q-noVbv:20.55 q-Rceq:1.00 tex:7068 mv:9737 misc:2275 icu:10.00 pcu:698.75 scu:587.25 tlayer:4 pbqpoffset:6.28 pbfactor:2.07 avgQpOffsetCutree:0.00;
in:215 out:217 type:b q:20.59 q-aq:20.98 q-noVbv:20.59 q-Rceq:1.00 tex:5814 mv:9833 misc:2081 icu:4.50 pcu:697.00 scu:594.50 tlayer:4 pbqpoffset:6.28 pbfactor:2.07 avgQpOffsetCutree:0.00;
in:220 out:218 type:B q:16.21 q-aq:11.42 q-noVbv:16.21 q-Rceq:1.00 tex:172503 mv:29497 misc:3664 icu:296.00 pcu:724.50 scu:275.50 tlayer:2 pbqpoffset:1.80 pbfactor:1.23 avgQpOffsetCutree:-4.45;
in:218 out:219 type:B q:17.65 q-aq:16.39 q-noVbv:17.65 q-Rceq:1.00 tex:31154 mv:16983 misc:2751 icu:52.25 pcu:613.50 scu:630.25 tlayer:3 pbqpoffset:3.28 pbfactor:1.46 avgQpOffsetCutree:-1.61;
in:217 out:220 type:b q:20.63 q-aq:21.00 q-noVbv:20.63 q-Rceq:1.00 tex:7289 mv:9476 misc:2059 icu:13.25 pcu:672.50 scu:610.25 tlayer:4 pbqpoffset:6.28 pbfactor:2.07 avgQpOffsetCutree:0.00;
in:219 out:221 type:b q:20.67 q-aq:21.00 q-noVbv:20.67 q-Rceq:1.00 tex:3317 mv:5687 misc:1540 icu:8.75 pcu:378.00 scu:909.25 tlayer:4 pbqpoffset:6.28 pbfactor:2.07 avgQpOffsetCutree:0.00;
in:222 out:222 type:B q:17.73 q-aq:15.57 q-noVbv:17.73 q-Rceq:1.00 tex:33664 mv:8075 misc:2613 icu:75.50 pcu:300.50 scu:920.00 tlayer:3 pbqpoffset:3.28 pbfactor:1.46 avgQpOffsetCutree:-2.10;
in:221 out:223 type:b q:20.71 q-aq:21.00 q-noVbv:20.71 q-Rceq:1.00 tex:3063 mv:3452 misc:1117 icu:8.00 pcu:305.25 scu:982.75 tlayer:4 pbqpoffset:6.28 pbfactor:2.07 avgQpOffsetCutree:0.00;
in:223 out:224 type:b q:20.75 q-aq:21.00 q-noVbv:20.75 q-Rceq:1.00 tex:6001 mv:2456 misc:1311 icu:21.50 pcu:175.00 scu:1099.50 tlayer:4 pbqpoffset:6.28 pbfactor:2.07 avgQpOffsetCutree:0.00;
in:240 out:225 type:k q:14.55 q-aq:9.44 q-noVbv:14.55 q-Rceq:1.00 tex:338513 mv:38305 misc:2814 icu:1149.25 pcu:135.25 scu:11.50 tlayer:0 pbqpoffset:0.32 pbfactor:1.04 avgQpOffsetCutree:-5.57;
in:232 out:226 type:B q:15.96 q-aq:10.46 q-noVbv:15.96 q-Rceq:1.00 tex:240681 mv:31751 misc:3184 icu:516.75 pcu:480.50 scu:298.75 tlayer:1 pbqpoffset:1.44 pbfactor:1.18 avgQpOffsetCutree:-5.26;
in:228 out:227 type:B q:16.67 q-aq:12.85 q-noVbv:16.67 q-Rceq:1.00 tex:105984 mv:26616 misc:3352 icu:168.25 pcu:629.25 scu:498.50 tlayer:2 pbqpoffset:2.16 pbfactor:1.28 avgQpOffsetCutree:-3.48;
in:226 out:228 type:B q:17.81 q-aq:16.28 q-noVbv:17.81 q-Rceq:1.00 tex:36576 mv:17862 misc:2970 icu:45.50 pcu:662.50 scu:588.00 tlayer:3 pbqpoffset:3.31 pbfactor:1.47 avgQpOffsetCutree:-1.73;
in:225 out:229 type:b q:20.80 q-aq:21.00 q-noVbv:20.80 q-Rceq:1.00 tex:5937 mv:8326 misc:1841 icu:7.75 pcu:559.75 scu:728.50 tlayer:4 pbqpoffset:6.31 pbfactor:2.07 avgQpOffsetCutree:0.00;
in:227 out:230 type:b q:20.81 q-aq:21.00 q-noVbv:20.81 q-Rceq:1.00 tex:6564 mv:8282 misc:1874 icu:15.25 pcu:542.25 scu:738.50 tlayer:4 pbqpoffset:6.31 pbfactor:2.07 avgQpOffsetCutree:0.00;
in:230 out:231 type:B q:17.82 q-aq:16.42 q-noVbv:17.82 q-Rceq:1.00 tex:38697 mv:18623 misc:3008 icu:52.75 pcu:644.50 scu:598.75 tlayer:3 pbqpoffset:3.31 pbfactor:1.47 avgQpOffsetCutree:-1.68;
in:229 out:232 type:b q:20.82 q-aq:21.00 q-noVbv:20.82 q-Rceq:1.00 tex:5572 mv:8024 misc:1924 icu:8.25 pcu:516.75 scu:771.00 tlayer:4 pbqpoffset:6.31 pbfactor:2.07 avgQpOffsetCutree:0.00;
in:231 out:233 type:b q:20.83 q-aq:21.00 q-noVbv:20.83 q-Rceq:1.00 tex:5938 mv:8444 misc:1994 icu:7.25 pcu:585.00 scu:703.75 tlayer:4 pbqpoffset:6.31 pbfactor:2.07 avgQpOffsetCutree:0.00;
in:236 out:234 type:B q:16.26 q-aq:12.35 q-noVbv:16.26 q-Rceq:1.00 tex:157815 mv:25986 misc:3311 icu:322.50 pcu:599.25 scu:374.25 tlayer:2 pbqpoffset:1.72 pbfactor:1.22 avgQpOffsetCutree:-3.75;
in:234 out:235 type:B q:17.84 q-aq:16.19 q-noVbv:17.84 q-Rceq:1.00 tex:36949 mv:18848 misc:2947 icu:60.75 pcu:639.75 scu:595.50 tlayer:3 pbqpoffset:3.31 pbfactor:1.47 avgQpOffsetCutree:-1.76;
in:233 out:236 type:b q:20.83 q-aq:21.00 q-noVbv:20.83 q-Rceq:1.00 tex:5837 mv:7366 misc:1877 icu:11.00 pcu:506.25 scu:778.75 tlayer:4 pbqpoffset:6.31 pbfactor:2.07 avgQpOffsetCutree:0.00;
in:235 out:237 type:b q:20.84 q-aq:21.00 q-noVbv:20.84 q-Rceq:1.00 tex:5020 mv:8892 misc:1968 icu:14.75 pcu:557.50 scu:723.75 tlayer:4 pbqpoffset:6.31 pbfactor:2.07 avgQpOffsetCutree:0.00;
in:238 out:238 type:B q:17.45 q-aq:15.09 q-noVbv:17.45 q-Rceq:1.00 tex:60477 mv:15976 misc:3323 icu:110.50 pcu:684.50 scu:501.00 tlayer:3 pbqpoffset:2.91 pbfactor:1.40 avgQpOffsetCutree:-2.16;
in:237 out:239 type:b q:20.85 q-aq:21.00 q-noVbv:20.85 q-Rceq:1.00 tex:3946 mv:7062 misc:1504 icu:11.50 pcu:577.75 scu:706.75 tlayer:4 pbqpoffset:6.31 pbfactor:2.07 avgQpOffsetCutree:0.00;
in:239 out:240 type:b q:20.86 q-aq:21.00 q-noVbv:20.86 q-Rceq:1.00 tex:5677 mv:4099 misc:1712 icu:21.75 pcu:308.75 scu:965.50 tlayer:4 pbqpoffset:6.31 pbfactor:2.07 avgQpOffsetCutree:0.00;
in:249 out:241 type:k q:16.59 q-aq:13.83 q-noVbv:16.59 q-Rceq:1.00 tex:149885 mv:24249 misc:3090 icu:403.25 pcu:464.25 scu:428.50 tlayer:0 pbqpoffset:0.24 pbfactor:1.03 avgQpOffsetCutree:-3.07;
in:245 out:242 type:B q:17.02 q-aq:13.37 q-noVbv:17.02 q-Rceq:1.00 tex:87506 mv:20417 misc:2965 icu:205.25 pcu:485.00 scu:605.75 tlayer:1 pbqpoffset:1.34 pbfactor:1.17 avgQpOffsetCutree:-3.68;
in:243 out:243 type:B q:16.72 q-aq:14.80 q-noVbv:16.72 q-Rceq:1.00 tex:59625 mv:20982 misc:2953 icu:120.75 pcu:585.50 scu:589.75 tlayer:2 pbqpoffset:1.49 pbfactor:1.19 avgQpOffsetCutree:-2.06;
in:242 out:244 type:B q:17.46 q-aq:17.39 q-noVbv:17.46 q-Rceq:1.00 tex:21468 mv:13828 misc:2688 icu:45.50 pcu:628.25 scu:622.25 tlayer:3 pbqpoffset:2.46 pbfactor:1.33 avgQpOffsetCutree:-0.58;
in:241 out:245 type:b q:19.45 q-aq:19.16 q-noVbv:19.45 q-Rceq:1.00 tex:9707 mv:9157 misc:2096 icu:19.00 pcu:547.00 scu:730.00 tlayer:4 pbqpoffset:4.68 pbfactor:1.72 avgQpOffsetCutree:0.00;
in:244 out:246 type:b q:20.39 q-aq:20.12 q-noVbv:20.39 q-Rceq:1.00 tex:7924 mv:7749 misc:1855 icu:14.00 pcu:561.25 scu:720.75 tlayer:3 pbqpoffset:4.93 pbfactor:1.77 avgQpOffsetCutree:0.00;
in:247 out:247 type:B q:19.34 q-aq:17.99 q-noVbv:19.34 q-Rceq:1.00 tex:18964 mv:9637 misc:2055 icu:58.25 pcu:480.25 scu:757.50 tlayer:2 pbqpoffset:3.20 pbfactor:1.45 avgQpOffsetCutree:-1.80;
in:246 out:248 type:b q:22.11 q-aq:22.06 q-noVbv:22.11 q-Rceq:1.00 tex:4444 mv:5367 misc:1445 icu:18.00 pcu:345.50 scu:932.50 tlayer:3 pbqpoffset:6.20 pbfactor:2.05 avgQpOffsetCutree:0.00;
in:248 out:249 type:b q:22.57 q-aq:22.99 q-noVbv:22.57 q-Rceq:1.00 tex:3003 mv:3174 misc:1079 icu:20.50 pcu:293.75 scu:981.75 tlayer:3 pbqpoffset:6.20 pbfactor:2.05 avgQpOffsetCutree:0.00;
