#options: cpuid=1173503 frame-threads=1 no-wpp no-pmode no-pme psnr no-ssim log-level=2 bitdepth=8 input-csp=1 fps=50000/1000 input-res=832x480 interlace=0 total-frames=500 level-idc=0 high-tier=1 uhd-bd=0 ref=4 no-allow-non-conformance no-repeat-headers annexb no-aud no-hrd info hash=0 no-temporal-layers open-gop min-keyint=1 keyint=5000 bframes=15 b-adapt=2 b-pyramid bframe-bias=0 rc-lookahead=40 lookahead-slices=0 scenecut=40 no-intra-refresh ctu=64 min-cu-size=8 rect amp max-tu-size=32 tu-inter-depth=3 tu-intra-depth=3 limit-tu=4 rdoq-level=2 dynamic-rd=0.00 no-ssim-rd signhide no-tskip nr-intra=0 nr-inter=0 no-constrained-intra strong-intra-smoothing max-merge=4 limit-refs=1 limit-modes me=3 subme=4 merange=57 temporal-mvp weightp weightb no-analyze-src-pics deblock=0:0 sao no-sao-non-deblock rd=6 no-early-skip rskip no-fast-intra no-tskip-fast no-cu-lossless b-intra rdpenalty=0 psy-rd=0.00 psy-rdoq=0.00 no-rd-refine analysis-reuse-mode=0 no-lossless cbqpoffs=0 crqpoffs=0 rc=abr bitrate=2000 qcomp=0.60 qpstep=4 stats-write=1 stats-read=0 slow-firstpass ipratio=1.40 pbratio=1.30 aq-mode=1 aq-strength=0.00 cutree zone-count=0 no-strict-cbr qg-size=64 no-rc-grain qpmax=69 qpmin=0 no-const-vbv sar=0 overscan=0 videoformat=5 range=0 colorprim=2 transfer=2 colormatrix=2 chromaloc=0 display-window=0 max-cll=0,0 min-luma=0 max-luma=255 log2-max-poc-lsb=8 vui-timing-info vui-hrd-info slices=1 opt-qp-pps opt-ref-list-length-pps no-multi-pass-opt-rps scenecut-bias=0.05 no-opt-cu-delta-qp no-aq-motion no-hdr no-hdr-opt no-dhdr10-opt analysis-reuse-level=5 scale-factor=0 refine-intra=0 refine-inter=0 refine-mv=0 no-limit-sao ctu-info=0 max-tlayer=4
in:0 out:0 type:I q:26.31 q-aq:20.36 q-noVbv:26.31 q-Rceq:1.32 tex:250348 mv:36665 misc:2827 icu:1560.00 pcu:0.00 scu:0.00 tlayer:0 pbqpoffset:0.00 pbfactor:1.00 avgQpOffsetCutree:-5.89;
in:16 out:1 type:k q:29.22 q-aq:21.59 q-noVbv:29.22 q-Rceq:1.32 tex:115102 mv:20707 misc:3759 icu:504.00 pcu:744.25 scu:311.75 tlayer:0 pbqpoffset:0.00 pbfactor:1.00 avgQpOffsetCutree:-6.48;
in:8 out:2 type:B q:31.41 q-aq:25.87 q-noVbv:31.41 q-Rceq:1.32 tex:39243 mv:15624 misc:2733 icu:183.75 pcu:760.00 scu:616.25 tlayer:1 pbqpoffset:2.19 pbfactor:1.29 avgQpOffsetCutree:-4.89;
in:4 out:3 type:B q:33.27 q-aq:29.38 q-noVbv:33.27 q-Rceq:1.32 tex:2673 mv:3818 misc:1357 icu:1.75 pcu:456.00 scu:1102.25 tlayer:2 pbqpoffset:4.05 pbfactor:1.60 avgQpOffsetCutree:-3.70;
in:2 out:4 type:B q:33.27 q-aq:31.64 q-noVbv:33.27 q-Rceq:1.32 tex:921 mv:2600 misc:1047 icu:0.25 pcu:353.00 scu:1206.75 tlayer:3 pbqpoffset:4.05 pbfactor:1.60 avgQpOffsetCutree:-1.79;
in:1 out:5 type:b q:36.27 q-aq:36.00 q-noVbv:36.27 q-Rceq:1.32 tex:8 mv:651 misc:413 icu:0.25 pcu:47.25 scu:1512.50 tlayer:4 pbqpoffset:7.05 pbfactor:2.26 avgQpOffsetCutree:0.00;
in:3 out:6 type:b q:36.27 q-aq:36.00 q-noVbv:36.27 q-Rceq:1.32 tex:50 mv:621 misc:361 icu:0.00 pcu:115.00 scu:1445.00 tlayer:4 pbqpoffset:7.05 pbfactor:2.26 avgQpOffsetCutree:0.00;
in:6 out:7 type:B q:33.27 q-aq:31.44 q-noVbv:33.27 q-Rceq:1.32 tex:284 mv:1418 misc:698 icu:0.00 pcu:222.50 scu:1337.50 tlayer:3 pbqpoffset:4.05 pbfactor:1.60 avgQpOffsetCutree:-1.89;
in:5 out:8 type:b q:36.27 q-aq:36.00 q-noVbv:36.27 q-Rceq:1.32 tex:4 mv:381 misc:271 icu:0.00 pcu:137.00 scu:1423.00 tlayer:4 pbqpoffset:7.05 pbfactor:2.26 avgQpOffsetCutree:0.00;
in:7 out:9 type:b q:36.27 q-aq:36.00 q-noVbv:36.27 q-Rceq:1.32 tex:3 mv:293 misc:264 icu:0.00 pcu:124.00 scu:1436.00 tlayer:4 pbqpoffset:7.05 pbfactor:2.26 avgQpOffsetCutree:0.00;
in:12 out:10 type:B q:32.56 q-aq:28.90 q-noVbv:32.56 q-Rceq:1.32 tex:5264 mv:6122 misc:1886 icu:24.25 pcu:401.50 scu:1134.25 tlayer:2 pbqpoffset:3.34 pbfactor:1.47 avgQpOffsetCutree:-3.38;
in:10 out:11 type:B q:33.27 q-aq:32.30 q-noVbv:33.27 q-Rceq:1.32 tex:611 mv:2368 misc:949 icu:0.50 pcu:256.50 scu:1303.00 tlayer:3 pbqpoffset:4.05 pbfactor:1.60 avgQpOffsetCutree:-1.76;
in:9 out:12 type:b q:36.27 q-aq:36.00 q-noVbv:36.27 q-Rceq:1.32 tex:2 mv:443 misc:355 icu:0.00 pcu:71.00 scu:1489.00 tlayer:4 pbqpoffset:7.05 pbfactor:2.26 avgQpOffsetCutree:0.00;
in:11 out:13 type:b q:36.27 q-aq:36.00 q-noVbv:36.27 q-Rceq:1.32 tex:28 mv:491 misc:385 icu:0.00 pcu:78.00 scu:1482.00 tlayer:4 pbqpoffset:7.05 pbfactor:2.26 avgQpOffsetCutree:0.00;
in:14 out:14 type:B q:33.27 q-aq:32.01 q-noVbv:33.27 q-Rceq:1.32 tex:1661 mv:2695 misc:1036 icu:1.50 pcu:240.75 scu:1317.75 tlayer:3 pbqpoffset:4.05 pbfactor:1.60 avgQpOffsetCutree:-1.54;
in:13 out:15 type:b q:36.27 q-aq:36.00 q-noVbv:36.27 q-Rceq:1.32 tex:26 mv:594 misc:420 icu:0.00 pcu:113.25 scu:1446.75 tlayer:4 pbqpoffset:7.05 pbfactor:2.26 avgQpOffsetCutree:0.00;
in:15 out:16 type:b q:36.27 q-aq:36.00 q-noVbv:36.27 q-Rceq:1.32 tex:55 mv:520 misc:377 icu:0.00 pcu:66.25 scu:1493.75 tlayer:4 pbqpoffset:7.05 pbfactor:2.26 avgQpOffsetCutree:0.00;
in:32 out:17 type:k q:25.22 q-aq:19.00 q-noVbv:25.22 q-Rceq:1.32 tex:252502 mv:33253 misc:3029 icu:1351.50 pcu:205.00 scu:3.50 tlayer:0 pbqpoffset:0.00 pbfactor:1.00 avgQpOffsetCutree:-6.40;
in:24 out:18 type:B q:29.04 q-aq:24.10 q-noVbv:29.04 q-Rceq:1.32 tex:65007 mv:16314 misc:2807 icu:360.25 pcu:605.25 scu:594.50 tlayer:1 pbqpoffset:1.82 pbfactor:1.23 avgQpOffsetCutree:-4.44;
in:20 out:19 type:B q:31.47 q-aq:27.71 q-noVbv:31.47 q-Rceq:1.32 tex:9201 mv:5439 misc:2320 icu:84.50 pcu:433.50 scu:1042.00 tlayer:2 pbqpoffset:3.25 pbfactor:1.46 avgQpOffsetCutree:-3.43;
in:18 out:20 type:B q:32.40 q-aq:31.34 q-noVbv:32.40 q-Rceq:1.32 tex:2689 mv:2784 misc:1087 icu:8.75 pcu:278.25 scu:1273.00 tlayer:3 pbqpoffset:3.68 pbfactor:1.53 avgQpOffsetCutree:-1.73;
in:17 out:21 type:b q:35.65 q-aq:36.00 q-noVbv:35.65 q-Rceq:1.32 tex:171 mv:694 misc:431 icu:0.25 pcu:88.75 scu:1471.00 tlayer:4 pbqpoffset:6.68 pbfactor:2.16 avgQpOffsetCutree:0.00;
in:19 out:22 type:b q:35.15 q-aq:35.00 q-noVbv:35.15 q-Rceq:1.32 tex:202 mv:777 misc:493 icu:0.00 pcu:114.50 scu:1445.50 tlayer:4 pbqpoffset:6.68 pbfactor:2.16 avgQpOffsetCutree:0.00;
in:22 out:23 type:B q:31.40 q-aq:30.11 q-noVbv:31.40 q-Rceq:1.32 tex:3762 mv:2227 misc:1011 icu:45.50 pcu:306.25 scu:1208.25 tlayer:3 pbqpoffset:3.68 pbfactor:1.53 avgQpOffsetCutree:-1.79;
in:21 out:24 type:b q:34.65 q-aq:35.00 q-noVbv:34.65 q-Rceq:1.32 tex:257 mv:840 misc:455 icu:4.25 pcu:163.75 scu:1392.00 tlayer:4 pbqpoffset:6.68 pbfactor:2.16 avgQpOffsetCutree:0.00;
in:23 out:25 type:b q:34.15 q-aq:34.00 q-noVbv:34.15 q-Rceq:1.32 tex:392 mv:989 misc:587 icu:4.75 pcu:121.50 scu:1433.75 tlayer:4 pbqpoffset:6.68 pbfactor:2.16 avgQpOffsetCutree:0.00;
in:28 out:26 type:B q:29.58 q-aq:25.69 q-noVbv:29.58 q-Rceq:1.32 tex:11173 mv:5835 misc:2568 icu:76.50 pcu:627.25 scu:856.25 tlayer:2 pbqpoffset:3.36 pbfactor:1.47 avgQpOffsetCutree:-3.50;
in:26 out:27 type:B q:30.40 q-aq:28.86 q-noVbv:30.40 q-Rceq:1.32 tex:3574 mv:2559 misc:1171 icu:37.25 pcu:260.25 scu:1262.50 tlayer:3 pbqpoffset:3.68 pbfactor:1.53 avgQpOffsetCutree:-1.86;
in:25 out:28 type:b q:33.65 q-aq:34.00 q-noVbv:33.65 q-Rceq:1.32 tex:554 mv:914 misc:580 icu:4.75 pcu:202.50 scu:1352.75 tlayer:4 pbqpoffset:6.68 pbfactor:2.16 avgQpOffsetCutree:0.00;
in:27 out:29 type:b q:33.15 q-aq:33.00 q-noVbv:33.15 q-Rceq:1.32 tex:800 mv:1022 misc:538 icu:8.75 pcu:178.50 scu:1372.75 tlayer:4 pbqpoffset:6.68 pbfactor:2.16 avgQpOffsetCutree:0.00;
in:30 out:30 type:B q:29.40 q-aq:28.25 q-noVbv:29.40 q-Rceq:1.32 tex:4412 mv:2551 misc:1085 icu:73.25 pcu:326.75 scu:1160.00 tlayer:3 pbqpoffset:3.68 pbfactor:1.53 avgQpOffsetCutree:-1.94;
in:29 out:31 type:b q:32.65 q-aq:33.00 q-noVbv:32.65 q-Rceq:1.32 tex:1127 mv:925 misc:492 icu:3.00 pcu:207.25 scu:1349.75 tlayer:4 pbqpoffset:6.68 pbfactor:2.16 avgQpOffsetCutree:0.00;
in:31 out:32 type:b q:32.15 q-aq:32.00 q-noVbv:32.15 q-Rceq:1.32 tex:697 mv:1006 misc:561 icu:2.00 pcu:273.25 scu:1284.75 tlayer:4 pbqpoffset:6.68 pbfactor:2.16 avgQpOffsetCutree:0.00;
in:48 out:33 type:k q:23.44 q-aq:16.20 q-noVbv:23.44 q-Rceq:1.32 tex:266997 mv:28464 misc:3819 icu:709.50 pcu:718.25 scu:132.25 tlayer:0 pbqpoffset:0.00 pbfactor:1.00 avgQpOffsetCutree:-6.53;
in:40 out:34 type:B q:26.19 q-aq:21.58 q-noVbv:26.19 q-Rceq:1.32 tex:65759 mv:16804 misc:2917 icu:358.75 pcu:730.75 scu:470.50 tlayer:1 pbqpoffset:1.86 pbfactor:1.24 avgQpOffsetCutree:-4.53;
in:36 out:35 type:B q:27.71 q-aq:24.28 q-noVbv:27.71 q-Rceq:1.32 tex:12428 mv:5686 misc:2230 icu:99.00 pcu:457.75 scu:1003.25 tlayer:2 pbqpoffset:2.93 pbfactor:1.40 avgQpOffsetCutree:-3.43;
in:34 out:36 type:B q:28.72 q-aq:27.56 q-noVbv:28.72 q-Rceq:1.32 tex:4297 mv:2399 misc:1144 icu:63.75 pcu:283.25 scu:1213.00 tlayer:3 pbqpoffset:3.73 pbfactor:1.54 avgQpOffsetCutree:-1.77;
in:33 out:37 type:b q:31.84 q-aq:32.00 q-noVbv:31.84 q-Rceq:1.32 tex:541 mv:980 misc:583 icu:1.25 pcu:167.25 scu:1391.50 tlayer:4 pbqpoffset:6.73 pbfactor:2.17 avgQpOffsetCutree:0.00;
in:35 out:38 type:b q:31.61 q-aq:32.00 q-noVbv:31.61 q-Rceq:1.32 tex:824 mv:906 misc:574 icu:12.00 pcu:183.25 scu:1364.75 tlayer:4 pbqpoffset:6.73 pbfactor:2.17 avgQpOffsetCutree:0.00;
in:38 out:39 type:B q:28.28 q-aq:26.82 q-noVbv:28.28 q-Rceq:1.32 tex:4386 mv:2658 misc:1236 icu:44.00 pcu:346.75 scu:1169.25 tlayer:3 pbqpoffset:3.73 pbfactor:1.54 avgQpOffsetCutree:-1.75;
in:37 out:40 type:b q:31.39 q-aq:31.03 q-noVbv:31.39 q-Rceq:1.32 tex:1012 mv:907 misc:513 icu:13.50 pcu:191.50 scu:1355.00 tlayer:4 pbqpoffset:6.73 pbfactor:2.17 avgQpOffsetCutree:0.00;
in:39 out:41 type:b q:31.17 q-aq:31.05 q-noVbv:31.17 q-Rceq:1.32 tex:854 mv:916 misc:494 icu:12.00 pcu:145.75 scu:1402.25 tlayer:4 pbqpoffset:6.73 pbfactor:2.17 avgQpOffsetCutree:0.00;
in:44 out:42 type:B q:26.78 q-aq:23.12 q-noVbv:26.78 q-Rceq:1.32 tex:17423 mv:6803 misc:2406 icu:64.50 pcu:477.00 scu:1018.50 tlayer:2 pbqpoffset:2.90 pbfactor:1.40 avgQpOffsetCutree:-3.46;
in:42 out:43 type:B q:27.83 q-aq:26.50 q-noVbv:27.83 q-Rceq:1.32 tex:4544 mv:2135 misc:1009 icu:34.00 pcu:257.00 scu:1269.00 tlayer:3 pbqpoffset:3.73 pbfactor:1.54 avgQpOffsetCutree:-1.79;
in:41 out:44 type:b q:30.94 q-aq:31.00 q-noVbv:30.94 q-Rceq:1.32 tex:726 mv:670 misc:452 icu:3.50 pcu:189.50 scu:1367.00 tlayer:4 pbqpoffset:6.73 pbfactor:2.17 avgQpOffsetCutree:0.00;
in:43 out:45 type:b q:30.72 q-aq:31.00 q-noVbv:30.72 q-Rceq:1.32 tex:634 mv:580 misc:402 icu:6.25 pcu:135.25 scu:1418.50 tlayer:4 pbqpoffset:6.73 pbfactor:2.17 avgQpOffsetCutree:0.00;
in:46 out:46 type:B q:27.39 q-aq:25.94 q-noVbv:27.39 q-Rceq:1.32 tex:5421 mv:2578 misc:1249 icu:37.00 pcu:279.00 scu:1244.00 tlayer:3 pbqpoffset:3.73 pbfactor:1.54 avgQpOffsetCutree:-1.74;
in:45 out:47 type:b q:30.50 q-aq:30.31 q-noVbv:30.50 q-Rceq:1.32 tex:409 mv:775 misc:472 icu:0.50 pcu:113.25 scu:1446.25 tlayer:4 pbqpoffset:6.73 pbfactor:2.17 avgQpOffsetCutree:0.00;
in:47 out:48 type:b q:30.28 q-aq:30.07 q-noVbv:30.28 q-Rceq:1.32 tex:760 mv:819 misc:533 icu:2.00 pcu:66.75 scu:1491.25 tlayer:4 pbqpoffset:6.73 pbfactor:2.17 avgQpOffsetCutree:0.00;
in:64 out:49 type:k q:23.14 q-aq:17.45 q-noVbv:23.14 q-Rceq:1.32 tex:311188 mv:37210 misc:3186 icu:1275.50 pcu:278.75 scu:5.75 tlayer:0 pbqpoffset:1.05 pbfactor:1.13 avgQpOffsetCutree:-6.66;
in:56 out:50 type:B q:25.27 q-aq:20.33 q-noVbv:25.27 q-Rceq:1.32 tex:102025 mv:18131 misc:3428 icu:429.50 pcu:664.25 scu:466.25 tlayer:1 pbqpoffset:1.98 pbfactor:1.26 avgQpOffsetCutree:-4.76;
in:52 out:51 type:B q:27.21 q-aq:23.60 q-noVbv:27.21 q-Rceq:1.32 tex:15773 mv:6958 misc:2325 icu:46.00 pcu:487.00 scu:1027.00 tlayer:2 pbqpoffset:3.85 pbfactor:1.56 avgQpOffsetCutree:-3.37;
in:50 out:52 type:B q:27.25 q-aq:25.69 q-noVbv:27.25 q-Rceq:1.32 tex:7260 mv:3788 misc:1520 icu:22.00 pcu:473.75 scu:1064.25 tlayer:3 pbqpoffset:3.85 pbfactor:1.56 avgQpOffsetCutree:-1.85;
in:49 out:53 type:b q:30.27 q-aq:30.25 q-noVbv:30.27 q-Rceq:1.32 tex:537 mv:996 misc:547 icu:0.00 pcu:86.50 scu:1473.50 tlayer:4 pbqpoffset:6.85 pbfactor:2.21 avgQpOffsetCutree:0.00;
in:51 out:54 type:b q:30.23 q-aq:30.14 q-noVbv:30.23 q-Rceq:1.32 tex:601 mv:769 misc:518 icu:2.00 pcu:102.00 scu:1456.00 tlayer:4 pbqpoffset:6.85 pbfactor:2.21 avgQpOffsetCutree:0.00;
in:54 out:55 type:B q:27.17 q-aq:25.51 q-noVbv:27.17 q-Rceq:1.32 tex:4312 mv:2898 misc:1454 icu:4.75 pcu:229.25 scu:1326.00 tlayer:3 pbqpoffset:3.85 pbfactor:1.56 avgQpOffsetCutree:-1.87;
in:53 out:56 type:b q:30.19 q-aq:30.13 q-noVbv:30.19 q-Rceq:1.32 tex:456 mv:717 misc:475 icu:2.00 pcu:70.25 scu:1487.75 tlayer:4 pbqpoffset:6.85 pbfactor:2.21 avgQpOffsetCutree:0.00;
in:55 out:57 type:b q:30.16 q-aq:30.12 q-noVbv:30.16 q-Rceq:1.32 tex:566 mv:667 misc:479 icu:0.00 pcu:108.75 scu:1451.25 tlayer:4 pbqpoffset:6.85 pbfactor:2.21 avgQpOffsetCutree:0.00;
in:60 out:58 type:B q:27.06 q-aq:22.59 q-noVbv:27.06 q-Rceq:1.32 tex:8917 mv:5253 misc:2710 icu:9.75 pcu:577.00 scu:973.25 tlayer:2 pbqpoffset:3.85 pbfactor:1.56 avgQpOffsetCutree:-3.96;
in:58 out:59 type:B q:27.10 q-aq:25.35 q-noVbv:27.10 q-Rceq:1.32 tex:838 mv:2197 misc:1053 icu:0.25 pcu:207.25 scu:1352.50 tlayer:3 pbqpoffset:3.85 pbfactor:1.56 avgQpOffsetCutree:-1.82;
in:57 out:60 type:b q:30.12 q-aq:30.00 q-noVbv:30.12 q-Rceq:1.32 tex:6 mv:827 misc:463 icu:0.00 pcu:100.50 scu:1459.50 tlayer:4 pbqpoffset:6.85 pbfactor:2.21 avgQpOffsetCutree:0.00;
in:59 out:61 type:b q:30.08 q-aq:30.00 q-noVbv:30.08 q-Rceq:1.32 tex:7 mv:546 misc:383 icu:0.00 pcu:153.00 scu:1407.00 tlayer:4 pbqpoffset:6.85 pbfactor:2.21 avgQpOffsetCutree:0.00;
in:62 out:62 type:B q:27.03 q-aq:24.72 q-noVbv:27.03 q-Rceq:1.32 tex:938 mv:1907 misc:1051 icu:0.00 pcu:224.00 scu:1336.00 tlayer:3 pbqpoffset:3.85 pbfactor:1.56 avgQpOffsetCutree:-2.14;
in:61 out:63 type:b q:30.04 q-aq:30.00 q-noVbv:30.04 q-Rceq:1.32 tex:2 mv:331 misc:275 icu:0.00 pcu:68.00 scu:1492.00 tlayer:4 pbqpoffset:6.85 pbfactor:2.21 avgQpOffsetCutree:0.00;
in:63 out:64 type:b q:30.01 q-aq:30.00 q-noVbv:30.01 q-Rceq:1.32 tex:13 mv:681 misc:418 icu:0.00 pcu:208.25 scu:1351.75 tlayer:4 pbqpoffset:6.85 pbfactor:2.21 avgQpOffsetCutree:0.00;
in:80 out:65 type:k q:19.87 q-aq:12.80 q-noVbv:19.87 q-Rceq:1.32 tex:407650 mv:33336 misc:3374 icu:915.50 pcu:630.50 scu:14.00 tlayer:0 pbqpoffset:0.68 pbfactor:1.08 avgQpOffsetCutree:-6.55;
in:72 out:66 type:B q:23.44 q-aq:18.49 q-noVbv:23.44 q-Rceq:1.32 tex:99041 mv:19090 misc:3349 icu:318.25 pcu:798.75 scu:443.00 tlayer:1 pbqpoffset:1.93 pbfactor:1.25 avgQpOffsetCutree:-4.65;
in:68 out:67 type:B q:24.95 q-aq:21.38 q-noVbv:24.95 q-Rceq:1.32 tex:22461 mv:7760 misc:2683 icu:19.50 pcu:726.50 scu:814.00 tlayer:2 pbqpoffset:2.62 pbfactor:1.35 avgQpOffsetCutree:-3.65;
in:66 out:68 type:B q:26.53 q-aq:24.97 q-noVbv:26.53 q-Rceq:1.32 tex:3094 mv:3201 misc:1553 icu:1.50 pcu:281.75 scu:1276.75 tlayer:3 pbqpoffset:3.79 pbfactor:1.55 avgQpOffsetCutree:-1.94;
in:65 out:69 type:b q:29.73 q-aq:30.00 q-noVbv:29.73 q-Rceq:1.32 tex:121 mv:695 misc:472 icu:0.00 pcu:178.50 scu:1381.50 tlayer:4 pbqpoffset:6.79 pbfactor:2.19 avgQpOffsetCutree:0.00;
in:67 out:70 type:b q:29.32 q-aq:29.01 q-noVbv:29.32 q-Rceq:1.32 tex:132 mv:585 misc:419 icu:0.00 pcu:29.25 scu:1530.75 tlayer:4 pbqpoffset:6.79 pbfactor:2.19 avgQpOffsetCutree:0.00;
in:70 out:71 type:B q:25.71 q-aq:24.20 q-noVbv:25.71 q-Rceq:1.32 tex:7920 mv:3685 misc:1579 icu:14.50 pcu:349.00 scu:1196.50 tlayer:3 pbqpoffset:3.79 pbfactor:1.55 avgQpOffsetCutree:-1.92;
in:69 out:72 type:b q:28.91 q-aq:29.00 q-noVbv:28.91 q-Rceq:1.32 tex:406 mv:797 misc:485 icu:0.25 pcu:91.00 scu:1468.75 tlayer:4 pbqpoffset:6.79 pbfactor:2.19 avgQpOffsetCutree:0.00;
in:71 out:73 type:b q:28.50 q-aq:29.00 q-noVbv:28.50 q-Rceq:1.32 tex:785 mv:828 misc:563 icu:0.75 pcu:129.75 scu:1429.50 tlayer:4 pbqpoffset:6.79 pbfactor:2.19 avgQpOffsetCutree:0.00;
in:76 out:74 type:B q:23.15 q-aq:19.58 q-noVbv:23.15 q-Rceq:1.32 tex:30978 mv:7089 misc:2389 icu:97.00 pcu:543.00 scu:920.00 tlayer:2 pbqpoffset:2.46 pbfactor:1.33 avgQpOffsetCutree:-3.32;
in:74 out:75 type:B q:24.89 q-aq:23.30 q-noVbv:24.89 q-Rceq:1.32 tex:9258 mv:3499 misc:1419 icu:30.50 pcu:380.00 scu:1149.50 tlayer:3 pbqpoffset:3.79 pbfactor:1.55 avgQpOffsetCutree:-1.77;
in:73 out:76 type:b q:28.10 q-aq:28.16 q-noVbv:28.10 q-Rceq:1.32 tex:692 mv:845 misc:535 icu:1.00 pcu:109.50 scu:1449.50 tlayer:4 pbqpoffset:6.79 pbfactor:2.19 avgQpOffsetCutree:0.00;
in:75 out:77 type:b q:27.69 q-aq:28.00 q-noVbv:27.69 q-Rceq:1.32 tex:1145 mv:884 misc:539 icu:1.50 pcu:170.25 scu:1388.25 tlayer:4 pbqpoffset:6.79 pbfactor:2.19 avgQpOffsetCutree:0.00;
in:78 out:78 type:B q:24.07 q-aq:22.32 q-noVbv:24.07 q-Rceq:1.32 tex:9133 mv:2727 misc:1444 icu:31.75 pcu:330.75 scu:1197.50 tlayer:3 pbqpoffset:3.79 pbfactor:1.55 avgQpOffsetCutree:-1.83;
in:77 out:79 type:b q:27.28 q-aq:27.05 q-noVbv:27.28 q-Rceq:1.32 tex:1075 mv:964 misc:585 icu:2.50 pcu:201.50 scu:1356.00 tlayer:4 pbqpoffset:6.79 pbfactor:2.19 avgQpOffsetCutree:0.00;
in:79 out:80 type:b q:26.87 q-aq:27.00 q-noVbv:26.87 q-Rceq:1.32 tex:1121 mv:602 misc:493 icu:3.00 pcu:145.00 scu:1412.00 tlayer:4 pbqpoffset:6.79 pbfactor:2.19 avgQpOffsetCutree:0.00;
in:96 out:81 type:k q:20.61 q-aq:15.38 q-noVbv:20.61 q-Rceq:1.32 tex:350601 mv:34301 misc:3234 icu:1327.00 pcu:226.75 scu:6.25 tlayer:0 pbqpoffset:0.73 pbfactor:1.09 avgQpOffsetCutree:-6.31;
in:88 out:82 type:B q:22.11 q-aq:17.58 q-noVbv:22.11 q-Rceq:1.32 tex:119109 mv:19412 misc:3535 icu:409.25 pcu:765.75 scu:385.00 tlayer:1 pbqpoffset:1.87 pbfactor:1.24 avgQpOffsetCutree:-4.60;
in:84 out:83 type:B q:23.79 q-aq:20.23 q-noVbv:23.79 q-Rceq:1.32 tex:21387 mv:6060 misc:2401 icu:66.50 pcu:540.50 scu:953.00 tlayer:2 pbqpoffset:3.73 pbfactor:1.54 avgQpOffsetCutree:-3.33;
in:82 out:84 type:B q:23.69 q-aq:22.45 q-noVbv:23.69 q-Rceq:1.32 tex:9516 mv:2890 misc:1434 icu:36.75 pcu:361.50 scu:1161.75 tlayer:3 pbqpoffset:3.73 pbfactor:1.54 avgQpOffsetCutree:-1.76;
in:81 out:85 type:b q:26.65 q-aq:27.00 q-noVbv:26.65 q-Rceq:1.32 tex:1809 mv:934 misc:593 icu:9.00 pcu:197.25 scu:1353.75 tlayer:4 pbqpoffset:6.73 pbfactor:2.18 avgQpOffsetCutree:0.00;
in:83 out:86 type:b q:26.74 q-aq:27.00 q-noVbv:26.74 q-Rceq:1.32 tex:1535 mv:906 misc:575 icu:7.75 pcu:101.50 scu:1450.75 tlayer:4 pbqpoffset:6.73 pbfactor:2.18 avgQpOffsetCutree:0.00;
in:86 out:87 type:B q:23.88 q-aq:22.57 q-noVbv:23.88 q-Rceq:1.32 tex:8387 mv:2589 misc:1432 icu:69.50 pcu:288.50 scu:1202.00 tlayer:3 pbqpoffset:3.73 pbfactor:1.54 avgQpOffsetCutree:-1.74;
in:85 out:88 type:b q:26.83 q-aq:27.00 q-noVbv:26.83 q-Rceq:1.32 tex:2018 mv:1004 misc:634 icu:8.25 pcu:127.50 scu:1424.25 tlayer:4 pbqpoffset:6.73 pbfactor:2.18 avgQpOffsetCutree:0.00;
in:87 out:89 type:b q:26.93 q-aq:27.00 q-noVbv:26.93 q-Rceq:1.32 tex:2363 mv:1072 misc:645 icu:1.25 pcu:146.50 scu:1412.25 tlayer:4 pbqpoffset:6.73 pbfactor:2.18 avgQpOffsetCutree:0.00;
in:92 out:90 type:B q:23.71 q-aq:19.76 q-noVbv:23.71 q-Rceq:1.32 tex:36506 mv:5815 misc:3183 icu:116.00 pcu:761.50 scu:682.50 tlayer:2 pbqpoffset:3.29 pbfactor:1.46 avgQpOffsetCutree:-3.71;
in:90 out:91 type:B q:24.06 q-aq:22.48 q-noVbv:24.06 q-Rceq:1.32 tex:9926 mv:3079 misc:1635 icu:72.50 pcu:346.75 scu:1140.75 tlayer:3 pbqpoffset:3.73 pbfactor:1.54 avgQpOffsetCutree:-1.85;
in:89 out:92 type:b q:27.02 q-aq:27.03 q-noVbv:27.02 q-Rceq:1.32 tex:2193 mv:1175 misc:656 icu:16.50 pcu:320.25 scu:1223.25 tlayer:4 pbqpoffset:6.73 pbfactor:2.18 avgQpOffsetCutree:0.00;
in:91 out:93 type:b q:27.11 q-aq:27.03 q-noVbv:27.11 q-Rceq:1.32 tex:2000 mv:1233 misc:703 icu:6.75 pcu:172.00 scu:1381.25 tlayer:4 pbqpoffset:6.73 pbfactor:2.18 avgQpOffsetCutree:0.00;
in:94 out:94 type:B q:24.25 q-aq:22.75 q-noVbv:24.25 q-Rceq:1.32 tex:9950 mv:2465 misc:1361 icu:36.50 pcu:468.25 scu:1055.25 tlayer:3 pbqpoffset:3.73 pbfactor:1.54 avgQpOffsetCutree:-1.97;
in:93 out:95 type:b q:27.20 q-aq:27.03 q-noVbv:27.20 q-Rceq:1.32 tex:2040 mv:1194 misc:662 icu:7.75 pcu:211.25 scu:1341.00 tlayer:4 pbqpoffset:6.73 pbfactor:2.18 avgQpOffsetCutree:0.00;
in:95 out:96 type:b q:27.30 q-aq:27.33 q-noVbv:27.30 q-Rceq:1.32 tex:1985 mv:1378 misc:669 icu:3.75 pcu:242.25 scu:1314.00 tlayer:4 pbqpoffset:6.73 pbfactor:2.18 avgQpOffsetCutree:0.00;
in:112 out:97 type:k q:20.31 q-aq:13.70 q-noVbv:20.31 q-Rceq:1.32 tex:334580 mv:33012 misc:4144 icu:701.75 pcu:788.50 scu:69.75 tlayer:0 pbqpoffset:0.55 pbfactor:1.07 avgQpOffsetCutree:-6.77;
in:104 out:98 type:B q:22.37 q-aq:17.97 q-noVbv:22.37 q-Rceq:1.32 tex:102972 mv:19306 misc:3474 icu:336.25 pcu:821.50 scu:402.25 tlayer:1 pbqpoffset:1.91 pbfactor:1.25 avgQpOffsetCutree:-4.28;
in:100 out:99 type:B q:23.28 q-aq:19.69 q-noVbv:23.28 q-Rceq:1.32 tex:29090 mv:7827 misc:2451 icu:113.50 pcu:652.75 scu:793.75 tlayer:2 pbqpoffset:2.74 pbfactor:1.37 avgQpOffsetCutree:-3.44;
in:98 out:100 type:B q:24.35 q-aq:22.74 q-noVbv:24.35 q-Rceq:1.32 tex:10675 mv:3849 misc:1716 icu:39.25 pcu:422.00 scu:1098.75 tlayer:3 pbqpoffset:3.77 pbfactor:1.55 avgQpOffsetCutree:-1.76;
in:97 out:101 type:b q:27.36 q-aq:27.14 q-noVbv:27.36 q-Rceq:1.32 tex:1650 mv:1221 misc:673 icu:4.00 pcu:176.25 scu:1379.75 tlayer:4 pbqpoffset:6.77 pbfactor:2.19 avgQpOffsetCutree:0.00;
in:99 out:102 type:b q:27.33 q-aq:27.17 q-noVbv:27.33 q-Rceq:1.32 tex:1863 mv:930 misc:583 icu:9.25 pcu:192.25 scu:1358.50 tlayer:4 pbqpoffset:6.77 pbfactor:2.19 avgQpOffsetCutree:0.00;
in:102 out:103 type:B q:24.27 q-aq:22.53 q-noVbv:24.27 q-Rceq:1.32 tex:9792 mv:3202 misc:1526 icu:43.75 pcu:408.50 scu:1107.75 tlayer:3 pbqpoffset:3.77 pbfactor:1.55 avgQpOffsetCutree:-1.83;
in:101 out:104 type:b q:27.29 q-aq:27.04 q-noVbv:27.29 q-Rceq:1.32 tex:1749 mv:998 misc:573 icu:3.00 pcu:224.00 scu:1333.00 tlayer:4 pbqpoffset:6.77 pbfactor:2.19 avgQpOffsetCutree:0.00;
in:103 out:105 type:b q:27.25 q-aq:27.01 q-noVbv:27.25 q-Rceq:1.32 tex:886 mv:1056 misc:594 icu:0.00 pcu:176.25 scu:1383.75 tlayer:4 pbqpoffset:6.77 pbfactor:2.19 avgQpOffsetCutree:0.00;
in:108 out:106 type:B q:23.51 q-aq:19.73 q-noVbv:23.51 q-Rceq:1.32 tex:28687 mv:7915 misc:2622 icu:66.00 pcu:520.50 scu:973.50 tlayer:2 pbqpoffset:3.13 pbfactor:1.44 avgQpOffsetCutree:-3.51;
in:106 out:107 type:B q:24.19 q-aq:22.41 q-noVbv:24.19 q-Rceq:1.32 tex:10560 mv:3860 misc:1604 icu:25.00 pcu:462.75 scu:1072.25 tlayer:3 pbqpoffset:3.77 pbfactor:1.55 avgQpOffsetCutree:-1.81;
in:105 out:108 type:b q:27.21 q-aq:27.00 q-noVbv:27.21 q-Rceq:1.32 tex:731 mv:735 misc:510 icu:0.00 pcu:171.75 scu:1388.25 tlayer:4 pbqpoffset:6.77 pbfactor:2.19 avgQpOffsetCutree:0.00;
in:107 out:109 type:b q:27.17 q-aq:27.02 q-noVbv:27.17 q-Rceq:1.32 tex:469 mv:682 misc:569 icu:0.25 pcu:54.50 scu:1505.25 tlayer:4 pbqpoffset:6.77 pbfactor:2.19 avgQpOffsetCutree:0.00;
in:110 out:110 type:B q:24.12 q-aq:22.52 q-noVbv:24.12 q-Rceq:1.32 tex:6896 mv:3549 misc:1547 icu:5.25 pcu:316.75 scu:1238.00 tlayer:3 pbqpoffset:3.77 pbfactor:1.55 avgQpOffsetCutree:-1.87;
in:109 out:111 type:b q:27.14 q-aq:27.00 q-noVbv:27.14 q-Rceq:1.32 tex:258 mv:598 misc:456 icu:0.25 pcu:57.50 scu:1502.25 tlayer:4 pbqpoffset:6.77 pbfactor:2.19 avgQpOffsetCutree:0.00;
in:111 out:112 type:b q:27.10 q-aq:27.00 q-noVbv:27.10 q-Rceq:1.32 tex:111 mv:625 misc:464 icu:0.00 pcu:103.00 scu:1457.00 tlayer:4 pbqpoffset:6.77 pbfactor:2.19 avgQpOffsetCutree:0.00;
in:128 out:113 type:k q:20.16 q-aq:14.89 q-noVbv:20.16 q-Rceq:1.32 tex:369197 mv:36748 misc:3327 icu:1345.00 pcu:208.25 scu:6.75 tlayer:0 pbqpoffset:0.79 pbfactor:1.10 avgQpOffsetCutree:-6.32;
in:120 out:114 type:B q:22.42 q-aq:16.97 q-noVbv:22.42 q-Rceq:1.32 tex:116735 mv:16527 misc:3642 icu:273.00 pcu:736.00 scu:551.00 tlayer:1 pbqpoffset:2.19 pbfactor:1.29 avgQpOffsetCutree:-4.86;
in:116 out:115 type:B q:24.05 q-aq:19.66 q-noVbv:24.05 q-Rceq:1.32 tex:19220 mv:7191 misc:2733 icu:9.50 pcu:539.00 scu:1011.50 tlayer:2 pbqpoffset:3.78 pbfactor:1.55 avgQpOffsetCutree:-3.84;
in:114 out:116 type:B q:24.07 q-aq:22.29 q-noVbv:24.07 q-Rceq:1.32 tex:2671 mv:2141 misc:1364 icu:0.25 pcu:230.25 scu:1329.50 tlayer:3 pbqpoffset:3.78 pbfactor:1.55 avgQpOffsetCutree:-1.94;
in:113 out:117 type:b q:27.08 q-aq:27.00 q-noVbv:27.08 q-Rceq:1.32 tex:87 mv:549 misc:380 icu:0.00 pcu:111.00 scu:1449.00 tlayer:4 pbqpoffset:6.78 pbfactor:2.19 avgQpOffsetCutree:0.00;
in:115 out:118 type:b q:27.06 q-aq:27.00 q-noVbv:27.06 q-Rceq:1.32 tex:17 mv:420 misc:307 icu:0.00 pcu:81.00 scu:1479.00 tlayer:4 pbqpoffset:6.78 pbfactor:2.19 avgQpOffsetCutree:0.00;
in:118 out:119 type:B q:24.03 q-aq:22.45 q-noVbv:24.03 q-Rceq:1.32 tex:3648 mv:2484 misc:1132 icu:0.00 pcu:243.50 scu:1316.50 tlayer:3 pbqpoffset:3.78 pbfactor:1.55 avgQpOffsetCutree:-1.77;
in:117 out:120 type:b q:27.00 q-aq:27.00 q-noVbv:27.00 q-Rceq:1.32 tex:4 mv:280 misc:308 icu:0.00 pcu:80.00 scu:1480.00 tlayer:4 pbqpoffset:6.74 pbfactor:2.18 avgQpOffsetCutree:0.00;
in:119 out:121 type:b q:27.02 q-aq:27.00 q-noVbv:27.02 q-Rceq:1.32 tex:25 mv:481 misc:366 icu:0.00 pcu:189.00 scu:1371.00 tlayer:4 pbqpoffset:6.78 pbfactor:2.19 avgQpOffsetCutree:0.00;
in:124 out:122 type:B q:23.73 q-aq:19.47 q-noVbv:23.73 q-Rceq:1.32 tex:30805 mv:7768 misc:3179 icu:48.75 pcu:804.50 scu:706.75 tlayer:2 pbqpoffset:3.53 pbfactor:1.50 avgQpOffsetCutree:-3.74;
in:122 out:123 type:B q:23.99 q-aq:22.21 q-noVbv:23.99 q-Rceq:1.32 tex:4671 mv:3156 misc:1653 icu:1.25 pcu:385.50 scu:1173.25 tlayer:3 pbqpoffset:3.78 pbfactor:1.55 avgQpOffsetCutree:-1.85;
in:121 out:124 type:b q:27.00 q-aq:27.00 q-noVbv:27.00 q-Rceq:1.32 tex:399 mv:741 misc:532 icu:0.00 pcu:141.50 scu:1418.50 tlayer:4 pbqpoffset:6.78 pbfactor:2.19 avgQpOffsetCutree:0.00;
in:123 out:125 type:b q:26.98 q-aq:27.00 q-noVbv:26.98 q-Rceq:1.32 tex:156 mv:567 misc:533 icu:0.00 pcu:39.00 scu:1521.00 tlayer:4 pbqpoffset:6.78 pbfactor:2.19 avgQpOffsetCutree:0.00;
in:126 out:126 type:B q:23.95 q-aq:22.29 q-noVbv:23.95 q-Rceq:1.32 tex:9333 mv:3454 misc:1573 icu:12.75 pcu:382.75 scu:1164.50 tlayer:3 pbqpoffset:3.78 pbfactor:1.55 avgQpOffsetCutree:-2.03;
in:125 out:127 type:b q:26.96 q-aq:27.00 q-noVbv:26.96 q-Rceq:1.32 tex:379 mv:583 misc:478 icu:0.00 pcu:77.75 scu:1482.25 tlayer:4 pbqpoffset:6.78 pbfactor:2.19 avgQpOffsetCutree:0.00;
in:127 out:128 type:b q:26.94 q-aq:27.00 q-noVbv:26.94 q-Rceq:1.32 tex:682 mv:960 misc:614 icu:0.25 pcu:169.75 scu:1390.00 tlayer:4 pbqpoffset:6.78 pbfactor:2.19 avgQpOffsetCutree:0.00;
in:144 out:129 type:k q:19.65 q-aq:13.34 q-noVbv:19.65 q-Rceq:1.32 tex:330063 mv:30889 misc:3928 icu:776.75 pcu:741.00 scu:42.25 tlayer:0 pbqpoffset:0.73 pbfactor:1.09 avgQpOffsetCutree:-6.41;
in:136 out:130 type:B q:21.75 q-aq:17.20 q-noVbv:21.75 q-Rceq:1.32 tex:99471 mv:18189 misc:3628 icu:332.50 pcu:852.75 scu:374.75 tlayer:1 pbqpoffset:1.84 pbfactor:1.24 avgQpOffsetCutree:-4.33;
in:132 out:131 type:B q:22.31 q-aq:18.74 q-noVbv:22.31 q-Rceq:1.32 tex:33862 mv:7544 misc:2882 icu:107.25 pcu:538.50 scu:914.25 tlayer:2 pbqpoffset:2.28 pbfactor:1.30 avgQpOffsetCutree:-3.49;
in:130 out:132 type:B q:23.80 q-aq:22.36 q-noVbv:23.80 q-Rceq:1.32 tex:12238 mv:4393 misc:1977 icu:38.00 pcu:429.50 scu:1092.50 tlayer:3 pbqpoffset:3.71 pbfactor:1.53 avgQpOffsetCutree:-1.79;
in:129 out:133 type:b q:26.83 q-aq:27.00 q-noVbv:26.83 q-Rceq:1.32 tex:1203 mv:1124 misc:697 icu:1.25 pcu:114.75 scu:1444.00 tlayer:4 pbqpoffset:6.71 pbfactor:2.17 avgQpOffsetCutree:0.00;
in:131 out:134 type:b q:26.77 q-aq:27.00 q-noVbv:26.77 q-Rceq:1.32 tex:1429 mv:1201 misc:650 icu:3.25 pcu:187.00 scu:1369.75 tlayer:4 pbqpoffset:6.71 pbfactor:2.17 avgQpOffsetCutree:0.00;
in:134 out:135 type:B q:23.64 q-aq:22.38 q-noVbv:23.64 q-Rceq:1.32 tex:11145 mv:3295 misc:1688 icu:48.25 pcu:408.00 scu:1103.75 tlayer:3 pbqpoffset:3.67 pbfactor:1.53 avgQpOffsetCutree:-1.79;
in:133 out:136 type:b q:26.71 q-aq:27.00 q-noVbv:26.71 q-Rceq:1.32 tex:1677 mv:1167 misc:700 icu:0.75 pcu:235.50 scu:1323.75 tlayer:4 pbqpoffset:6.71 pbfactor:2.17 avgQpOffsetCutree:0.00;
in:135 out:137 type:b q:26.64 q-aq:27.01 q-noVbv:26.64 q-Rceq:1.32 tex:2021 mv:1201 misc:674 icu:3.25 pcu:231.25 scu:1325.50 tlayer:4 pbqpoffset:6.71 pbfactor:2.17 avgQpOffsetCutree:0.00;
in:140 out:138 type:B q:22.53 q-aq:18.93 q-noVbv:22.53 q-Rceq:1.32 tex:28631 mv:6232 misc:2489 icu:119.75 pcu:416.50 scu:1023.75 tlayer:2 pbqpoffset:2.76 pbfactor:1.38 avgQpOffsetCutree:-3.48;
in:138 out:139 type:B q:23.55 q-aq:22.01 q-noVbv:23.55 q-Rceq:1.32 tex:11034 mv:3218 misc:1716 icu:45.75 pcu:395.25 scu:1119.00 tlayer:3 pbqpoffset:3.71 pbfactor:1.53 avgQpOffsetCutree:-1.89;
in:137 out:140 type:b q:26.58 q-aq:27.00 q-noVbv:26.58 q-Rceq:1.32 tex:1541 mv:1063 misc:628 icu:1.25 pcu:183.75 scu:1375.00 tlayer:4 pbqpoffset:6.71 pbfactor:2.17 avgQpOffsetCutree:0.00;
in:139 out:141 type:b q:26.51 q-aq:27.00 q-noVbv:26.51 q-Rceq:1.32 tex:2695 mv:972 misc:653 icu:5.00 pcu:165.50 scu:1389.50 tlayer:4 pbqpoffset:6.71 pbfactor:2.17 avgQpOffsetCutree:0.00;
in:142 out:142 type:B q:23.42 q-aq:22.05 q-noVbv:23.42 q-Rceq:1.32 tex:9956 mv:3010 misc:1546 icu:59.00 pcu:322.75 scu:1178.25 tlayer:3 pbqpoffset:3.71 pbfactor:1.53 avgQpOffsetCutree:-1.59;
in:141 out:143 type:b q:26.45 q-aq:26.18 q-noVbv:26.45 q-Rceq:1.32 tex:1578 mv:1135 misc:663 icu:2.50 pcu:225.25 scu:1332.25 tlayer:4 pbqpoffset:6.71 pbfactor:2.17 avgQpOffsetCutree:0.00;
in:143 out:144 type:b q:26.39 q-aq:26.03 q-noVbv:26.39 q-Rceq:1.32 tex:2021 mv:968 misc:667 icu:9.75 pcu:236.25 scu:1314.00 tlayer:4 pbqpoffset:6.71 pbfactor:2.17 avgQpOffsetCutree:0.00;
in:160 out:145 type:k q:20.39 q-aq:14.99 q-noVbv:20.39 q-Rceq:1.32 tex:353263 mv:35761 misc:3256 icu:1277.00 pcu:272.50 scu:10.50 tlayer:0 pbqpoffset:0.77 pbfactor:1.09 avgQpOffsetCutree:-6.52;
in:152 out:146 type:B q:21.85 q-aq:17.16 q-noVbv:21.85 q-Rceq:1.32 tex:119020 mv:16890 misc:3634 icu:433.75 pcu:640.50 scu:485.75 tlayer:1 pbqpoffset:1.83 pbfactor:1.24 avgQpOffsetCutree:-4.63;
in:148 out:147 type:B q:23.53 q-aq:19.91 q-noVbv:23.53 q-Rceq:1.32 tex:25561 mv:7174 misc:2473 icu:69.75 pcu:629.25 scu:861.00 tlayer:2 pbqpoffset:3.70 pbfactor:1.53 avgQpOffsetCutree:-3.41;
in:146 out:148 type:B q:23.44 q-aq:21.95 q-noVbv:23.44 q-Rceq:1.32 tex:11394 mv:3198 misc:1608 icu:74.50 pcu:392.25 scu:1093.25 tlayer:3 pbqpoffset:3.70 pbfactor:1.53 avgQpOffsetCutree:-1.82;
in:145 out:149 type:b q:26.39 q-aq:26.04 q-noVbv:26.39 q-Rceq:1.32 tex:2276 mv:1191 misc:677 icu:11.75 pcu:238.50 scu:1309.75 tlayer:4 pbqpoffset:6.70 pbfactor:2.17 avgQpOffsetCutree:0.00;
in:147 out:150 type:b q:26.48 q-aq:26.23 q-noVbv:26.48 q-Rceq:1.32 tex:2396 mv:948 misc:608 icu:4.75 pcu:191.75 scu:1363.50 tlayer:4 pbqpoffset:6.70 pbfactor:2.17 avgQpOffsetCutree:0.00;
in:150 out:151 type:B q:23.62 q-aq:22.12 q-noVbv:23.62 q-Rceq:1.32 tex:9095 mv:2606 misc:1547 icu:32.50 pcu:292.25 scu:1235.25 tlayer:3 pbqpoffset:3.70 pbfactor:1.53 avgQpOffsetCutree:-1.93;
in:149 out:152 type:b q:26.58 q-aq:27.00 q-noVbv:26.58 q-Rceq:1.32 tex:1619 mv:1110 misc:639 icu:8.50 pcu:165.75 scu:1385.75 tlayer:4 pbqpoffset:6.70 pbfactor:2.17 avgQpOffsetCutree:0.00;
in:151 out:153 type:b q:26.67 q-aq:27.00 q-noVbv:26.67 q-Rceq:1.32 tex:1704 mv:824 misc:576 icu:7.75 pcu:170.25 scu:1382.00 tlayer:4 pbqpoffset:6.70 pbfactor:2.17 avgQpOffsetCutree:0.00;
in:156 out:154 type:B q:23.72 q-aq:19.75 q-noVbv:23.72 q-Rceq:1.32 tex:25015 mv:6032 misc:2345 icu:96.25 pcu:603.50 scu:860.25 tlayer:2 pbqpoffset:3.51 pbfactor:1.50 avgQpOffsetCutree:-3.79;
in:154 out:155 type:B q:23.81 q-aq:22.10 q-noVbv:23.81 q-Rceq:1.32 tex:10155 mv:2983 misc:1614 icu:16.50 pcu:391.00 scu:1152.50 tlayer:3 pbqpoffset:3.70 pbfactor:1.53 avgQpOffsetCutree:-1.80;
in:153 out:156 type:b q:26.76 q-aq:27.00 q-noVbv:26.76 q-Rceq:1.32 tex:1491 mv:930 misc:571 icu:1.75 pcu:274.25 scu:1284.00 tlayer:4 pbqpoffset:6.70 pbfactor:2.17 avgQpOffsetCutree:0.00;
in:155 out:157 type:b q:26.86 q-aq:27.00 q-noVbv:26.86 q-Rceq:1.32 tex:1133 mv:810 misc:633 icu:0.50 pcu:151.75 scu:1407.75 tlayer:4 pbqpoffset:6.70 pbfactor:2.17 avgQpOffsetCutree:0.00;
in:158 out:158 type:B q:24.00 q-aq:22.29 q-noVbv:24.00 q-Rceq:1.32 tex:12902 mv:3848 misc:2330 icu:25.25 pcu:677.00 scu:857.75 tlayer:3 pbqpoffset:3.70 pbfactor:1.53 avgQpOffsetCutree:-1.89;
in:157 out:159 type:b q:26.95 q-aq:27.08 q-noVbv:26.95 q-Rceq:1.32 tex:1035 mv:797 misc:632 icu:3.00 pcu:95.50 scu:1461.50 tlayer:4 pbqpoffset:6.70 pbfactor:2.17 avgQpOffsetCutree:0.00;
in:159 out:160 type:b q:27.04 q-aq:27.09 q-noVbv:27.04 q-Rceq:1.32 tex:1523 mv:1092 misc:673 icu:2.25 pcu:262.50 scu:1295.25 tlayer:4 pbqpoffset:6.70 pbfactor:2.17 avgQpOffsetCutree:0.00;
in:176 out:161 type:k q:19.43 q-aq:12.56 q-noVbv:19.43 q-Rceq:1.32 tex:381957 mv:33198 misc:4029 icu:727.00 pcu:786.75 scu:46.25 tlayer:0 pbqpoffset:0.78 pbfactor:1.09 avgQpOffsetCutree:-6.80;
in:168 out:162 type:B q:21.79 q-aq:16.47 q-noVbv:21.79 q-Rceq:1.32 tex:98472 mv:16576 misc:3432 icu:265.25 pcu:774.25 scu:520.50 tlayer:1 pbqpoffset:1.88 pbfactor:1.24 avgQpOffsetCutree:-4.69;
in:164 out:163 type:B q:22.80 q-aq:18.99 q-noVbv:22.80 q-Rceq:1.32 tex:31787 mv:8798 misc:2655 icu:50.25 pcu:591.75 scu:918.00 tlayer:2 pbqpoffset:2.65 pbfactor:1.36 avgQpOffsetCutree:-3.54;
in:162 out:164 type:B q:24.01 q-aq:22.40 q-noVbv:24.01 q-Rceq:1.32 tex:10041 mv:3966 misc:1697 icu:9.25 pcu:422.50 scu:1128.25 tlayer:3 pbqpoffset:3.74 pbfactor:1.54 avgQpOffsetCutree:-1.76;
in:161 out:165 type:b q:27.07 q-aq:27.08 q-noVbv:27.07 q-Rceq:1.32 tex:997 mv:989 misc:638 icu:2.50 pcu:83.50 scu:1474.00 tlayer:4 pbqpoffset:6.74 pbfactor:2.18 avgQpOffsetCutree:0.00;
in:163 out:166 type:b q:26.95 q-aq:27.00 q-noVbv:26.95 q-Rceq:1.32 tex:1084 mv:1070 misc:582 icu:0.50 pcu:107.75 scu:1451.75 tlayer:4 pbqpoffset:6.74 pbfactor:2.18 avgQpOffsetCutree:0.00;
in:166 out:167 type:B q:23.77 q-aq:22.14 q-noVbv:23.77 q-Rceq:1.32 tex:7323 mv:3437 misc:1736 icu:0.75 pcu:300.00 scu:1259.25 tlayer:3 pbqpoffset:3.74 pbfactor:1.54 avgQpOffsetCutree:-1.79;
in:165 out:168 type:b q:26.83 q-aq:27.00 q-noVbv:26.83 q-Rceq:1.32 tex:385 mv:708 misc:523 icu:0.00 pcu:63.75 scu:1496.25 tlayer:4 pbqpoffset:6.74 pbfactor:2.18 avgQpOffsetCutree:0.00;
in:167 out:169 type:b q:26.71 q-aq:27.00 q-noVbv:26.71 q-Rceq:1.32 tex:210 mv:700 misc:498 icu:0.00 pcu:85.25 scu:1474.75 tlayer:4 pbqpoffset:6.74 pbfactor:2.18 avgQpOffsetCutree:0.00;
in:172 out:170 type:B q:23.41 q-aq:19.10 q-noVbv:23.41 q-Rceq:1.32 tex:24845 mv:7738 misc:2689 icu:14.00 pcu:609.00 scu:937.00 tlayer:2 pbqpoffset:3.74 pbfactor:1.54 avgQpOffsetCutree:-3.83;
in:170 out:171 type:B q:23.53 q-aq:21.26 q-noVbv:23.53 q-Rceq:1.32 tex:2648 mv:2049 misc:1159 icu:0.75 pcu:294.50 scu:1264.75 tlayer:3 pbqpoffset:3.74 pbfactor:1.54 avgQpOffsetCutree:-1.89;
in:169 out:172 type:b q:26.59 q-aq:27.00 q-noVbv:26.59 q-Rceq:1.32 tex:157 mv:560 misc:435 icu:0.00 pcu:134.00 scu:1426.00 tlayer:4 pbqpoffset:6.74 pbfactor:2.18 avgQpOffsetCutree:0.00;
in:171 out:173 type:b q:26.43 q-aq:26.91 q-noVbv:26.43 q-Rceq:1.32 tex:101 mv:324 misc:319 icu:0.00 pcu:132.75 scu:1427.25 tlayer:4 pbqpoffset:6.70 pbfactor:2.17 avgQpOffsetCutree:0.00;
in:174 out:174 type:B q:23.29 q-aq:21.41 q-noVbv:23.29 q-Rceq:1.32 tex:3963 mv:2167 misc:1230 icu:1.75 pcu:206.75 scu:1351.50 tlayer:3 pbqpoffset:3.74 pbfactor:1.54 avgQpOffsetCutree:-1.87;
in:173 out:175 type:b q:26.35 q-aq:26.00 q-noVbv:26.35 q-Rceq:1.32 tex:121 mv:577 misc:438 icu:0.00 pcu:88.75 scu:1471.25 tlayer:4 pbqpoffset:6.74 pbfactor:2.18 avgQpOffsetCutree:0.00;
in:175 out:176 type:b q:26.23 q-aq:26.00 q-noVbv:26.23 q-Rceq:1.32 tex:145 mv:888 misc:487 icu:0.00 pcu:152.00 scu:1408.00 tlayer:4 pbqpoffset:6.74 pbfactor:2.18 avgQpOffsetCutree:0.00;
in:192 out:177 type:k q:20.39 q-aq:14.89 q-noVbv:20.39 q-Rceq:1.32 tex:330908 mv:35570 misc:3194 icu:1288.00 pcu:267.00 scu:5.00 tlayer:0 pbqpoffset:0.71 pbfactor:1.09 avgQpOffsetCutree:-6.43;
in:184 out:178 type:B q:21.75 q-aq:16.73 q-noVbv:21.75 q-Rceq:1.32 tex:120370 mv:17076 misc:3386 icu:421.25 pcu:781.00 scu:357.75 tlayer:1 pbqpoffset:1.84 pbfactor:1.24 avgQpOffsetCutree:-4.70;
in:180 out:179 type:B q:22.95 q-aq:19.52 q-noVbv:22.95 q-Rceq:1.32 tex:29229 mv:7830 misc:2557 icu:42.25 pcu:520.75 scu:997.00 tlayer:2 pbqpoffset:3.28 pbfactor:1.46 avgQpOffsetCutree:-3.48;
in:178 out:180 type:B q:23.26 q-aq:21.57 q-noVbv:23.26 q-Rceq:1.32 tex:9996 mv:3881 misc:1659 icu:7.50 pcu:400.75 scu:1151.75 tlayer:3 pbqpoffset:3.71 pbfactor:1.53 avgQpOffsetCutree:-1.85;
in:177 out:181 type:b q:26.20 q-aq:26.00 q-noVbv:26.20 q-Rceq:1.32 tex:238 mv:923 misc:567 icu:0.00 pcu:98.00 scu:1462.00 tlayer:4 pbqpoffset:6.71 pbfactor:2.17 avgQpOffsetCutree:0.00;
in:179 out:182 type:b q:26.32 q-aq:26.13 q-noVbv:26.32 q-Rceq:1.32 tex:459 mv:878 misc:591 icu:0.00 pcu:88.75 scu:1471.25 tlayer:4 pbqpoffset:6.71 pbfactor:2.17 avgQpOffsetCutree:0.00;
in:182 out:183 type:B q:23.50 q-aq:22.01 q-noVbv:23.50 q-Rceq:1.32 tex:10332 mv:3738 misc:1618 icu:21.00 pcu:401.00 scu:1138.00 tlayer:3 pbqpoffset:3.71 pbfactor:1.53 avgQpOffsetCutree:-1.80;
in:181 out:184 type:b q:26.44 q-aq:26.32 q-noVbv:26.44 q-Rceq:1.32 tex:658 mv:1026 misc:620 icu:0.25 pcu:156.00 scu:1403.75 tlayer:4 pbqpoffset:6.71 pbfactor:2.17 avgQpOffsetCutree:0.00;
in:183 out:185 type:b q:26.56 q-aq:27.00 q-noVbv:26.56 q-Rceq:1.32 tex:1038 mv:850 misc:552 icu:2.00 pcu:146.75 scu:1411.25 tlayer:4 pbqpoffset:6.71 pbfactor:2.17 avgQpOffsetCutree:0.00;
in:188 out:186 type:B q:23.18 q-aq:19.23 q-noVbv:23.18 q-Rceq:1.32 tex:34146 mv:7172 misc:3418 icu:71.50 pcu:783.25 scu:705.25 tlayer:2 pbqpoffset:3.03 pbfactor:1.42 avgQpOffsetCutree:-3.71;
in:186 out:187 type:B q:23.74 q-aq:22.08 q-noVbv:23.74 q-Rceq:1.32 tex:11308 mv:3253 misc:1615 icu:36.00 pcu:386.25 scu:1137.75 tlayer:3 pbqpoffset:3.71 pbfactor:1.53 avgQpOffsetCutree:-1.78;
in:185 out:188 type:b q:26.68 q-aq:27.00 q-noVbv:26.68 q-Rceq:1.32 tex:1342 mv:1068 misc:638 icu:1.75 pcu:135.75 scu:1422.50 tlayer:4 pbqpoffset:6.71 pbfactor:2.17 avgQpOffsetCutree:0.00;
in:187 out:189 type:b q:26.80 q-aq:27.00 q-noVbv:26.80 q-Rceq:1.32 tex:1172 mv:1023 misc:613 icu:1.50 pcu:133.75 scu:1424.75 tlayer:4 pbqpoffset:6.71 pbfactor:2.17 avgQpOffsetCutree:0.00;
in:190 out:190 type:B q:23.98 q-aq:22.28 q-noVbv:23.98 q-Rceq:1.32 tex:9523 mv:2631 misc:1358 icu:55.00 pcu:396.00 scu:1109.00 tlayer:3 pbqpoffset:3.71 pbfactor:1.53 avgQpOffsetCutree:-1.99;
in:189 out:191 type:b q:26.92 q-aq:27.00 q-noVbv:26.92 q-Rceq:1.32 tex:1407 mv:1005 misc:652 icu:1.00 pcu:162.50 scu:1396.50 tlayer:4 pbqpoffset:6.71 pbfactor:2.17 avgQpOffsetCutree:0.00;
in:191 out:192 type:b q:27.04 q-aq:27.00 q-noVbv:27.04 q-Rceq:1.32 tex:1519 mv:840 misc:481 icu:3.00 pcu:191.25 scu:1365.75 tlayer:4 pbqpoffset:6.71 pbfactor:2.17 avgQpOffsetCutree:0.00;
in:208 out:193 type:k q:19.55 q-aq:13.10 q-noVbv:19.55 q-Rceq:1.32 tex:344841 mv:31239 misc:3888 icu:732.25 pcu:761.00 scu:66.75 tlayer:0 pbqpoffset:0.70 pbfactor:1.08 avgQpOffsetCutree:-6.45;
in:200 out:194 type:B q:21.80 q-aq:17.21 q-noVbv:21.80 q-Rceq:1.32 tex:103079 mv:17992 misc:3577 icu:322.25 pcu:762.75 scu:475.00 tlayer:1 pbqpoffset:1.82 pbfactor:1.23 avgQpOffsetCutree:-4.54;
in:196 out:195 type:B q:23.08 q-aq:19.62 q-noVbv:23.08 q-Rceq:1.32 tex:22243 mv:6376 misc:2589 icu:77.00 pcu:562.75 scu:920.25 tlayer:2 pbqpoffset:2.89 pbfactor:1.40 avgQpOffsetCutree:-3.38;
in:194 out:196 type:B q:23.98 q-aq:22.41 q-noVbv:23.98 q-Rceq:1.32 tex:7511 mv:3410 misc:1679 icu:22.25 pcu:307.50 scu:1230.25 tlayer:3 pbqpoffset:3.69 pbfactor:1.53 avgQpOffsetCutree:-1.78;
in:193 out:197 type:b q:27.03 q-aq:27.00 q-noVbv:27.03 q-Rceq:1.32 tex:1221 mv:1033 misc:626 icu:1.75 pcu:156.25 scu:1402.00 tlayer:4 pbqpoffset:6.69 pbfactor:2.17 avgQpOffsetCutree:0.00;
in:195 out:198 type:b q:26.92 q-aq:27.00 q-noVbv:26.92 q-Rceq:1.32 tex:1936 mv:1111 misc:633 icu:7.50 pcu:175.50 scu:1377.00 tlayer:4 pbqpoffset:6.69 pbfactor:2.17 avgQpOffsetCutree:0.00;
in:198 out:199 type:B q:23.77 q-aq:22.39 q-noVbv:23.77 q-Rceq:1.32 tex:11211 mv:3231 misc:2150 icu:71.75 pcu:453.25 scu:1035.00 tlayer:3 pbqpoffset:3.69 pbfactor:1.53 avgQpOffsetCutree:-1.62;
in:197 out:200 type:b q:26.82 q-aq:27.00 q-noVbv:26.82 q-Rceq:1.32 tex:1826 mv:988 misc:618 icu:10.75 pcu:165.00 scu:1384.25 tlayer:4 pbqpoffset:6.69 pbfactor:2.17 avgQpOffsetCutree:0.00;
in:199 out:201 type:b q:26.71 q-aq:27.01 q-noVbv:26.71 q-Rceq:1.32 tex:1788 mv:817 misc:555 icu:9.50 pcu:223.75 scu:1326.75 tlayer:4 pbqpoffset:6.69 pbfactor:2.17 avgQpOffsetCutree:0.00;
in:204 out:202 type:B q:22.47 q-aq:18.84 q-noVbv:22.47 q-Rceq:1.32 tex:27732 mv:7424 misc:2516 icu:97.75 pcu:562.75 scu:899.50 tlayer:2 pbqpoffset:2.71 pbfactor:1.37 avgQpOffsetCutree:-3.37;
in:202 out:203 type:B q:23.56 q-aq:22.32 q-noVbv:23.56 q-Rceq:1.32 tex:10064 mv:3165 misc:1707 icu:59.50 pcu:331.00 scu:1169.50 tlayer:3 pbqpoffset:3.69 pbfactor:1.53 avgQpOffsetCutree:-1.77;
in:201 out:204 type:b q:26.61 q-aq:27.00 q-noVbv:26.61 q-Rceq:1.32 tex:1679 mv:1075 misc:542 icu:11.50 pcu:183.75 scu:1364.75 tlayer:4 pbqpoffset:6.69 pbfactor:2.17 avgQpOffsetCutree:0.00;
in:203 out:205 type:b q:26.50 q-aq:26.96 q-noVbv:26.50 q-Rceq:1.32 tex:1900 mv:996 misc:608 icu:2.25 pcu:181.25 scu:1376.50 tlayer:4 pbqpoffset:6.69 pbfactor:2.17 avgQpOffsetCutree:0.00;
in:206 out:206 type:B q:23.34 q-aq:21.90 q-noVbv:23.34 q-Rceq:1.32 tex:9044 mv:2912 misc:1444 icu:48.75 pcu:344.75 scu:1166.50 tlayer:3 pbqpoffset:3.69 pbfactor:1.53 avgQpOffsetCutree:-1.82;
in:205 out:207 type:b q:26.40 q-aq:26.15 q-noVbv:26.40 q-Rceq:1.32 tex:2430 mv:1036 misc:566 icu:2.25 pcu:235.75 scu:1322.00 tlayer:4 pbqpoffset:6.69 pbfactor:2.17 avgQpOffsetCutree:0.00;
in:207 out:208 type:b q:26.29 q-aq:26.12 q-noVbv:26.29 q-Rceq:1.32 tex:1870 mv:1121 misc:705 icu:5.00 pcu:238.75 scu:1316.25 tlayer:4 pbqpoffset:6.69 pbfactor:2.17 avgQpOffsetCutree:0.00;
in:224 out:209 type:k q:20.86 q-aq:15.32 q-noVbv:20.86 q-Rceq:1.32 tex:373306 mv:39350 misc:3120 icu:1280.00 pcu:272.25 scu:7.75 tlayer:0 pbqpoffset:0.74 pbfactor:1.09 avgQpOffsetCutree:-6.75;
in:216 out:210 type:B q:22.13 q-aq:17.22 q-noVbv:22.13 q-Rceq:1.32 tex:123057 mv:18990 misc:3817 icu:390.50 pcu:764.25 scu:405.25 tlayer:1 pbqpoffset:1.93 pbfactor:1.25 avgQpOffsetCutree:-4.72;
in:212 out:211 type:B q:23.66 q-aq:20.29 q-noVbv:23.66 q-Rceq:1.32 tex:23497 mv:6758 misc:2457 icu:94.50 pcu:452.00 scu:1013.50 tlayer:2 pbqpoffset:3.79 pbfactor:1.55 avgQpOffsetCutree:-3.39;
in:210 out:212 type:B q:23.50 q-aq:21.97 q-noVbv:23.50 q-Rceq:1.32 tex:12110 mv:3848 misc:1866 icu:76.25 pcu:372.00 scu:1111.75 tlayer:3 pbqpoffset:3.79 pbfactor:1.55 avgQpOffsetCutree:-1.78;
in:209 out:213 type:b q:26.42 q-aq:26.11 q-noVbv:26.42 q-Rceq:1.32 tex:2508 mv:1494 misc:742 icu:7.25 pcu:212.25 scu:1340.50 tlayer:4 pbqpoffset:6.79 pbfactor:2.19 avgQpOffsetCutree:0.00;
in:211 out:214 type:b q:26.58 q-aq:27.00 q-noVbv:26.58 q-Rceq:1.32 tex:1288 mv:954 misc:566 icu:0.00 pcu:201.00 scu:1359.00 tlayer:4 pbqpoffset:6.79 pbfactor:2.19 avgQpOffsetCutree:0.00;
in:214 out:215 type:B q:23.83 q-aq:22.38 q-noVbv:23.83 q-Rceq:1.32 tex:10908 mv:3639 misc:1605 icu:25.50 pcu:387.75 scu:1146.75 tlayer:3 pbqpoffset:3.79 pbfactor:1.55 avgQpOffsetCutree:-1.79;
in:213 out:216 type:b q:26.75 q-aq:27.00 q-noVbv:26.75 q-Rceq:1.32 tex:933 mv:1282 misc:697 icu:0.50 pcu:182.50 scu:1377.00 tlayer:4 pbqpoffset:6.79 pbfactor:2.19 avgQpOffsetCutree:0.00;
in:215 out:217 type:b q:26.91 q-aq:27.00 q-noVbv:26.91 q-Rceq:1.32 tex:830 mv:745 misc:529 icu:0.00 pcu:81.00 scu:1479.00 tlayer:4 pbqpoffset:6.79 pbfactor:2.19 avgQpOffsetCutree:0.00;
in:220 out:218 type:B q:24.32 q-aq:19.93 q-noVbv:24.32 q-Rceq:1.32 tex:30818 mv:8837 misc:3369 icu:31.75 pcu:663.50 scu:864.75 tlayer:2 pbqpoffset:3.79 pbfactor:1.55 avgQpOffsetCutree:-3.78;
in:218 out:219 type:B q:24.16 q-aq:22.57 q-noVbv:24.16 q-Rceq:1.32 tex:7718 mv:3981 misc:1733 icu:5.50 pcu:354.75 scu:1199.75 tlayer:3 pbqpoffset:3.79 pbfactor:1.55 avgQpOffsetCutree:-1.77;
in:217 out:220 type:b q:27.07 q-aq:27.00 q-noVbv:27.07 q-Rceq:1.32 tex:524 mv:1026 misc:642 icu:0.50 pcu:167.75 scu:1391.75 tlayer:4 pbqpoffset:6.79 pbfactor:2.19 avgQpOffsetCutree:0.00;
in:219 out:221 type:b q:27.24 q-aq:27.03 q-noVbv:27.24 q-Rceq:1.32 tex:290 mv:770 misc:476 icu:2.00 pcu:76.25 scu:1481.75 tlayer:4 pbqpoffset:6.79 pbfactor:2.19 avgQpOffsetCutree:0.00;
in:222 out:222 type:B q:24.48 q-aq:22.83 q-noVbv:24.48 q-Rceq:1.32 tex:5161 mv:2945 misc:1566 icu:3.50 pcu:281.00 scu:1275.50 tlayer:3 pbqpoffset:3.79 pbfactor:1.55 avgQpOffsetCutree:-1.98;
in:221 out:223 type:b q:27.40 q-aq:27.00 q-noVbv:27.40 q-Rceq:1.32 tex:120 mv:702 misc:450 icu:0.00 pcu:38.25 scu:1521.75 tlayer:4 pbqpoffset:6.79 pbfactor:2.19 avgQpOffsetCutree:0.00;
in:223 out:224 type:b q:27.57 q-aq:28.00 q-noVbv:27.57 q-Rceq:1.32 tex:9 mv:721 misc:486 icu:0.00 pcu:124.75 scu:1435.25 tlayer:4 pbqpoffset:6.79 pbfactor:2.19 avgQpOffsetCutree:0.00;
in:240 out:225 type:k q:19.52 q-aq:13.22 q-noVbv:19.52 q-Rceq:1.32 tex:353648 mv:31912 misc:4104 icu:725.00 pcu:750.75 scu:84.25 tlayer:0 pbqpoffset:0.71 pbfactor:1.09 avgQpOffsetCutree:-6.25;
in:232 out:226 type:B q:22.14 q-aq:17.40 q-noVbv:22.14 q-Rceq:1.32 tex:99792 mv:19475 misc:3565 icu:238.25 pcu:960.25 scu:361.50 tlayer:1 pbqpoffset:1.95 pbfactor:1.25 avgQpOffsetCutree:-4.53;
in:228 out:227 type:B q:24.34 q-aq:20.59 q-noVbv:24.34 q-Rceq:1.32 tex:13554 mv:6298 misc:2260 icu:4.75 pcu:478.75 scu:1076.50 tlayer:2 pbqpoffset:3.81 pbfactor:1.55 avgQpOffsetCutree:-3.59;
in:226 out:228 type:B q:24.50 q-aq:22.46 q-noVbv:24.50 q-Rceq:1.32 tex:2820 mv:2661 misc:1359 icu:0.75 pcu:280.25 scu:1279.00 tlayer:3 pbqpoffset:3.81 pbfactor:1.55 avgQpOffsetCutree:-1.99;
in:225 out:229 type:b q:27.59 q-aq:28.00 q-noVbv:27.59 q-Rceq:1.32 tex:56 mv:506 misc:382 icu:0.25 pcu:130.50 scu:1429.25 tlayer:4 pbqpoffset:6.81 pbfactor:2.20 avgQpOffsetCutree:0.00;
in:227 out:230 type:b q:27.42 q-aq:27.00 q-noVbv:27.42 q-Rceq:1.32 tex:59 mv:527 misc:334 icu:0.00 pcu:128.25 scu:1431.75 tlayer:4 pbqpoffset:6.81 pbfactor:2.20 avgQpOffsetCutree:0.00;
in:230 out:231 type:B q:24.17 q-aq:22.45 q-noVbv:24.17 q-Rceq:1.32 tex:4326 mv:3259 misc:1623 icu:2.00 pcu:281.25 scu:1276.75 tlayer:3 pbqpoffset:3.81 pbfactor:1.55 avgQpOffsetCutree:-1.90;
in:229 out:232 type:b q:27.25 q-aq:27.00 q-noVbv:27.25 q-Rceq:1.32 tex:138 mv:644 misc:394 icu:0.00 pcu:138.75 scu:1421.25 tlayer:4 pbqpoffset:6.81 pbfactor:2.20 avgQpOffsetCutree:0.00;
in:231 out:233 type:b q:27.08 q-aq:27.00 q-noVbv:27.08 q-Rceq:1.32 tex:115 mv:764 misc:449 icu:0.00 pcu:111.50 scu:1448.50 tlayer:4 pbqpoffset:6.81 pbfactor:2.20 avgQpOffsetCutree:0.00;
in:236 out:234 type:B q:22.66 q-aq:19.13 q-noVbv:22.66 q-Rceq:1.32 tex:37992 mv:10499 misc:2805 icu:72.75 pcu:596.00 scu:891.25 tlayer:2 pbqpoffset:2.81 pbfactor:1.38 avgQpOffsetCutree:-3.48;
in:234 out:235 type:B q:23.83 q-aq:22.34 q-noVbv:23.83 q-Rceq:1.32 tex:9297 mv:4063 misc:1856 icu:4.00 pcu:419.25 scu:1136.75 tlayer:3 pbqpoffset:3.81 pbfactor:1.55 avgQpOffsetCutree:-1.81;
in:233 out:236 type:b q:26.92 q-aq:27.00 q-noVbv:26.92 q-Rceq:1.32 tex:118 mv:663 misc:523 icu:0.50 pcu:57.50 scu:1502.00 tlayer:4 pbqpoffset:6.81 pbfactor:2.20 avgQpOffsetCutree:0.00;
in:235 out:237 type:b q:26.75 q-aq:27.00 q-noVbv:26.75 q-Rceq:1.32 tex:288 mv:702 misc:506 icu:0.00 pcu:99.25 scu:1460.75 tlayer:4 pbqpoffset:6.81 pbfactor:2.20 avgQpOffsetCutree:0.00;
in:238 out:238 type:B q:23.49 q-aq:21.97 q-noVbv:23.49 q-Rceq:1.32 tex:12971 mv:4244 misc:2457 icu:11.00 pcu:451.00 scu:1098.00 tlayer:3 pbqpoffset:3.81 pbfactor:1.55 avgQpOffsetCutree:-1.70;
in:237 out:239 type:b q:26.58 q-aq:27.00 q-noVbv:26.58 q-Rceq:1.32 tex:647 mv:848 misc:513 icu:3.50 pcu:176.25 scu:1380.25 tlayer:4 pbqpoffset:6.81 pbfactor:2.20 avgQpOffsetCutree:0.00;
in:239 out:240 type:b q:26.41 q-aq:26.38 q-noVbv:26.41 q-Rceq:1.32 tex:1377 mv:1284 misc:723 icu:4.50 pcu:188.25 scu:1367.25 tlayer:4 pbqpoffset:6.81 pbfactor:2.20 avgQpOffsetCutree:0.00;
in:256 out:241 type:k q:20.77 q-aq:15.70 q-noVbv:20.77 q-Rceq:1.32 tex:357295 mv:37461 misc:3188 icu:1337.25 pcu:218.75 scu:4.00 tlayer:0 pbqpoffset:0.69 pbfactor:1.08 avgQpOffsetCutree:-6.33;
in:248 out:242 type:B q:22.07 q-aq:17.44 q-noVbv:22.07 q-Rceq:1.32 tex:133484 mv:19657 misc:3779 icu:461.00 pcu:689.25 scu:409.75 tlayer:1 pbqpoffset:1.92 pbfactor:1.25 avgQpOffsetCutree:-4.63;
in:244 out:243 type:B q:23.18 q-aq:19.79 q-noVbv:23.18 q-Rceq:1.32 tex:30757 mv:8421 misc:2750 icu:109.00 pcu:590.00 scu:861.00 tlayer:2 pbqpoffset:3.35 pbfactor:1.47 avgQpOffsetCutree:-3.45;
in:242 out:244 type:B q:23.46 q-aq:22.03 q-noVbv:23.46 q-Rceq:1.32 tex:12863 mv:4030 misc:1803 icu:51.00 pcu:414.00 scu:1095.00 tlayer:3 pbqpoffset:3.79 pbfactor:1.55 avgQpOffsetCutree:-1.80;
in:241 out:245 type:b q:26.38 q-aq:26.07 q-noVbv:26.38 q-Rceq:1.32 tex:1409 mv:1379 misc:804 icu:6.25 pcu:230.00 scu:1323.75 tlayer:4 pbqpoffset:6.79 pbfactor:2.19 avgQpOffsetCutree:0.00;
in:243 out:246 type:b q:26.54 q-aq:27.00 q-noVbv:26.54 q-Rceq:1.32 tex:1691 mv:1188 misc:689 icu:4.00 pcu:181.50 scu:1374.50 tlayer:4 pbqpoffset:6.79 pbfactor:2.19 avgQpOffsetCutree:0.00;
in:246 out:247 type:B q:23.77 q-aq:22.36 q-noVbv:23.77 q-Rceq:1.32 tex:9222 mv:2875 misc:1439 icu:35.50 pcu:358.00 scu:1166.50 tlayer:3 pbqpoffset:3.79 pbfactor:1.55 avgQpOffsetCutree:-1.85;
in:245 out:248 type:b q:26.70 q-aq:27.02 q-noVbv:26.70 q-Rceq:1.32 tex:1848 mv:828 misc:540 icu:5.75 pcu:167.25 scu:1387.00 tlayer:4 pbqpoffset:6.79 pbfactor:2.19 avgQpOffsetCutree:0.00;
in:247 out:249 type:b q:26.85 q-aq:27.00 q-noVbv:26.85 q-Rceq:1.32 tex:2189 mv:1320 misc:627 icu:7.00 pcu:197.00 scu:1356.00 tlayer:4 pbqpoffset:6.79 pbfactor:2.19 avgQpOffsetCutree:0.00;
in:252 out:250 type:B q:24.10 q-aq:20.16 q-noVbv:24.10 q-Rceq:1.32 tex:37373 mv:7318 misc:3381 icu:103.25 pcu:746.50 scu:710.25 tlayer:2 pbqpoffset:3.65 pbfactor:1.52 avgQpOffsetCutree:-3.69;
in:250 out:251 type:B q:24.09 q-aq:22.89 q-noVbv:24.09 q-Rceq:1.32 tex:9584 mv:3126 misc:1490 icu:45.00 pcu:364.00 scu:1151.00 tlayer:3 pbqpoffset:3.79 pbfactor:1.55 avgQpOffsetCutree:-1.78;
in:249 out:252 type:b q:27.01 q-aq:27.15 q-noVbv:27.01 q-Rceq:1.32 tex:1822 mv:1074 misc:632 icu:6.25 pcu:156.25 scu:1397.50 tlayer:4 pbqpoffset:6.79 pbfactor:2.19 avgQpOffsetCutree:0.00;
in:251 out:253 type:b q:27.17 q-aq:27.02 q-noVbv:27.17 q-Rceq:1.32 tex:1459 mv:1221 misc:688 icu:4.50 pcu:182.25 scu:1373.25 tlayer:4 pbqpoffset:6.79 pbfactor:2.19 avgQpOffsetCutree:0.00;
in:254 out:254 type:B q:24.40 q-aq:22.89 q-noVbv:24.40 q-Rceq:1.32 tex:9169 mv:2666 misc:1669 icu:68.25 pcu:310.00 scu:1181.75 tlayer:3 pbqpoffset:3.79 pbfactor:1.55 avgQpOffsetCutree:-1.93;
in:253 out:255 type:b q:27.32 q-aq:27.02 q-noVbv:27.32 q-Rceq:1.32 tex:2008 mv:1352 misc:672 icu:7.50 pcu:207.25 scu:1345.25 tlayer:4 pbqpoffset:6.79 pbfactor:2.19 avgQpOffsetCutree:0.00;
in:255 out:256 type:b q:27.48 q-aq:27.21 q-noVbv:27.48 q-Rceq:1.32 tex:1765 mv:1250 misc:689 icu:13.25 pcu:244.50 scu:1302.25 tlayer:4 pbqpoffset:6.79 pbfactor:2.19 avgQpOffsetCutree:0.00;
in:272 out:257 type:k q:20.19 q-aq:13.74 q-noVbv:20.19 q-Rceq:1.32 tex:342573 mv:34311 misc:4060 icu:735.00 pcu:745.75 scu:79.25 tlayer:0 pbqpoffset:0.79 pbfactor:1.09 avgQpOffsetCutree:-6.62;
in:264 out:258 type:B q:22.43 q-aq:17.91 q-noVbv:22.43 q-Rceq:1.32 tex:101112 mv:19595 misc:3317 icu:339.25 pcu:689.25 scu:531.50 tlayer:1 pbqpoffset:1.96 pbfactor:1.25 avgQpOffsetCutree:-4.44;
in:260 out:259 type:B q:24.00 q-aq:20.41 q-noVbv:24.00 q-Rceq:1.32 tex:20765 mv:7052 misc:2671 icu:45.25 pcu:660.50 scu:854.25 tlayer:2 pbqpoffset:3.38 pbfactor:1.48 avgQpOffsetCutree:-3.40;
in:258 out:260 type:B q:24.52 q-aq:23.25 q-noVbv:24.52 q-Rceq:1.32 tex:9125 mv:3365 misc:1934 icu:47.25 pcu:328.00 scu:1184.75 tlayer:3 pbqpoffset:3.82 pbfactor:1.55 avgQpOffsetCutree:-1.66;
in:257 out:261 type:b q:27.55 q-aq:28.00 q-noVbv:27.55 q-Rceq:1.32 tex:2415 mv:1172 misc:637 icu:12.00 pcu:190.75 scu:1357.25 tlayer:4 pbqpoffset:6.82 pbfactor:2.20 avgQpOffsetCutree:0.00;
in:259 out:262 type:b q:27.48 q-aq:27.39 q-noVbv:27.48 q-Rceq:1.32 tex:1615 mv:940 misc:541 icu:8.25 pcu:202.25 scu:1349.50 tlayer:4 pbqpoffset:6.82 pbfactor:2.20 avgQpOffsetCutree:0.00;
in:262 out:263 type:B q:24.37 q-aq:22.87 q-noVbv:24.37 q-Rceq:1.32 tex:8073 mv:2999 misc:1528 icu:34.00 pcu:347.00 scu:1179.00 tlayer:3 pbqpoffset:3.82 pbfactor:1.55 avgQpOffsetCutree:-1.81;
in:261 out:264 type:b q:27.41 q-aq:27.32 q-noVbv:27.41 q-Rceq:1.32 tex:1628 mv:853 misc:511 icu:5.50 pcu:136.75 scu:1417.75 tlayer:4 pbqpoffset:6.82 pbfactor:2.20 avgQpOffsetCutree:0.00;
in:263 out:265 type:b q:27.34 q-aq:27.00 q-noVbv:27.34 q-Rceq:1.32 tex:993 mv:798 misc:545 icu:1.00 pcu:215.50 scu:1343.50 tlayer:4 pbqpoffset:6.82 pbfactor:2.20 avgQpOffsetCutree:0.00;
in:268 out:266 type:B q:23.23 q-aq:19.81 q-noVbv:23.23 q-Rceq:1.32 tex:28392 mv:7276 misc:2508 icu:64.25 pcu:587.25 scu:908.50 tlayer:2 pbqpoffset:2.90 pbfactor:1.40 avgQpOffsetCutree:-3.27;
in:266 out:267 type:B q:24.23 q-aq:22.69 q-noVbv:24.23 q-Rceq:1.32 tex:12380 mv:3437 misc:2319 icu:26.25 pcu:548.75 scu:985.00 tlayer:3 pbqpoffset:3.82 pbfactor:1.55 avgQpOffsetCutree:-1.64;
in:265 out:268 type:b q:27.26 q-aq:27.05 q-noVbv:27.26 q-Rceq:1.32 tex:1183 mv:980 misc:677 icu:1.00 pcu:231.25 scu:1327.75 tlayer:4 pbqpoffset:6.82 pbfactor:2.20 avgQpOffsetCutree:0.00;
in:267 out:269 type:b q:27.19 q-aq:27.01 q-noVbv:27.19 q-Rceq:1.32 tex:1126 mv:902 misc:572 icu:4.25 pcu:145.00 scu:1410.75 tlayer:4 pbqpoffset:6.82 pbfactor:2.20 avgQpOffsetCutree:0.00;
in:270 out:270 type:B q:24.08 q-aq:22.45 q-noVbv:24.08 q-Rceq:1.32 tex:20028 mv:4249 misc:2435 icu:10.25 pcu:617.75 scu:932.00 tlayer:3 pbqpoffset:3.82 pbfactor:1.55 avgQpOffsetCutree:-1.70;
in:269 out:271 type:b q:27.12 q-aq:27.00 q-noVbv:27.12 q-Rceq:1.32 tex:842 mv:793 misc:589 icu:1.25 pcu:135.75 scu:1423.00 tlayer:4 pbqpoffset:6.82 pbfactor:2.20 avgQpOffsetCutree:0.00;
in:271 out:272 type:b q:27.05 q-aq:27.09 q-noVbv:27.05 q-Rceq:1.32 tex:1046 mv:1023 misc:675 icu:2.25 pcu:113.00 scu:1444.75 tlayer:4 pbqpoffset:6.82 pbfactor:2.20 avgQpOffsetCutree:0.00;
in:288 out:273 type:k q:20.85 q-aq:15.76 q-noVbv:20.85 q-Rceq:1.32 tex:374791 mv:37494 misc:3083 icu:1314.00 pcu:240.75 scu:5.25 tlayer:0 pbqpoffset:0.81 pbfactor:1.10 avgQpOffsetCutree:-6.38;
in:280 out:274 type:B q:22.51 q-aq:17.54 q-noVbv:22.51 q-Rceq:1.32 tex:154028 mv:22193 misc:3795 icu:358.00 pcu:1013.50 scu:188.50 tlayer:1 pbqpoffset:1.99 pbfactor:1.26 avgQpOffsetCutree:-4.97;
in:276 out:275 type:B q:24.21 q-aq:20.65 q-noVbv:24.21 q-Rceq:1.32 tex:21879 mv:7115 misc:2526 icu:18.00 pcu:513.00 scu:1029.00 tlayer:2 pbqpoffset:3.85 pbfactor:1.56 avgQpOffsetCutree:-3.36;
in:274 out:276 type:B q:24.12 q-aq:22.60 q-noVbv:24.12 q-Rceq:1.32 tex:9008 mv:3688 misc:2160 icu:6.25 pcu:445.50 scu:1108.25 tlayer:3 pbqpoffset:3.85 pbfactor:1.56 avgQpOffsetCutree:-1.68;
in:273 out:277 type:b q:27.08 q-aq:27.01 q-noVbv:27.08 q-Rceq:1.32 tex:871 mv:1174 misc:651 icu:0.50 pcu:137.00 scu:1422.50 tlayer:4 pbqpoffset:6.85 pbfactor:2.21 avgQpOffsetCutree:0.00;
in:275 out:278 type:b q:27.16 q-aq:27.01 q-noVbv:27.16 q-Rceq:1.32 tex:264 mv:591 misc:489 icu:0.00 pcu:77.50 scu:1482.50 tlayer:4 pbqpoffset:6.85 pbfactor:2.21 avgQpOffsetCutree:0.00;
in:278 out:279 type:B q:24.29 q-aq:22.63 q-noVbv:24.29 q-Rceq:1.32 tex:5222 mv:3079 misc:2107 icu:0.50 pcu:307.75 scu:1251.75 tlayer:3 pbqpoffset:3.85 pbfactor:1.56 avgQpOffsetCutree:-1.73;
in:277 out:280 type:b q:27.25 q-aq:27.01 q-noVbv:27.25 q-Rceq:1.32 tex:192 mv:561 misc:415 icu:0.00 pcu:101.00 scu:1459.00 tlayer:4 pbqpoffset:6.85 pbfactor:2.21 avgQpOffsetCutree:0.00;
in:279 out:281 type:b q:27.33 q-aq:27.00 q-noVbv:27.33 q-Rceq:1.32 tex:29 mv:628 misc:415 icu:0.00 pcu:148.25 scu:1411.75 tlayer:4 pbqpoffset:6.85 pbfactor:2.21 avgQpOffsetCutree:0.00;
in:284 out:282 type:B q:24.54 q-aq:20.21 q-noVbv:24.54 q-Rceq:1.32 tex:21220 mv:5905 misc:3259 icu:2.75 pcu:642.75 scu:914.50 tlayer:2 pbqpoffset:3.85 pbfactor:1.56 avgQpOffsetCutree:-3.79;
in:282 out:283 type:B q:24.46 q-aq:22.87 q-noVbv:24.46 q-Rceq:1.32 tex:2568 mv:2224 misc:1232 icu:0.25 pcu:359.00 scu:1200.75 tlayer:3 pbqpoffset:3.85 pbfactor:1.56 avgQpOffsetCutree:-1.80;
in:281 out:284 type:b q:27.41 q-aq:27.00 q-noVbv:27.41 q-Rceq:1.32 tex:177 mv:537 misc:454 icu:0.00 pcu:242.50 scu:1317.50 tlayer:4 pbqpoffset:6.85 pbfactor:2.21 avgQpOffsetCutree:0.00;
in:283 out:285 type:b q:27.50 q-aq:27.00 q-noVbv:27.50 q-Rceq:1.32 tex:194 mv:421 misc:345 icu:0.00 pcu:139.00 scu:1421.00 tlayer:4 pbqpoffset:6.85 pbfactor:2.21 avgQpOffsetCutree:0.00;
in:286 out:286 type:B q:24.62 q-aq:22.77 q-noVbv:24.62 q-Rceq:1.32 tex:6620 mv:3127 misc:2437 icu:2.50 pcu:394.00 scu:1163.50 tlayer:3 pbqpoffset:3.85 pbfactor:1.56 avgQpOffsetCutree:-1.96;
in:285 out:287 type:b q:27.58 q-aq:28.00 q-noVbv:27.58 q-Rceq:1.32 tex:101 mv:817 misc:474 icu:0.00 pcu:158.75 scu:1401.25 tlayer:4 pbqpoffset:6.85 pbfactor:2.21 avgQpOffsetCutree:0.00;
in:287 out:288 type:b q:27.66 q-aq:28.00 q-noVbv:27.66 q-Rceq:1.32 tex:70 mv:691 misc:503 icu:0.00 pcu:233.75 scu:1326.25 tlayer:4 pbqpoffset:6.85 pbfactor:2.21 avgQpOffsetCutree:0.00;
in:304 out:289 type:k q:20.03 q-aq:13.94 q-noVbv:20.03 q-Rceq:1.32 tex:332707 mv:33158 misc:3863 icu:781.75 pcu:722.25 scu:56.00 tlayer:0 pbqpoffset:0.79 pbfactor:1.10 avgQpOffsetCutree:-6.20;
in:296 out:290 type:B q:22.39 q-aq:17.72 q-noVbv:22.39 q-Rceq:1.32 tex:93483 mv:18371 misc:3482 icu:314.25 pcu:864.00 scu:381.75 tlayer:1 pbqpoffset:1.94 pbfactor:1.25 avgQpOffsetCutree:-4.39;
in:292 out:291 type:B q:23.24 q-aq:19.63 q-noVbv:23.24 q-Rceq:1.32 tex:26023 mv:7271 misc:2682 icu:51.25 pcu:622.75 scu:886.00 tlayer:2 pbqpoffset:2.59 pbfactor:1.35 avgQpOffsetCutree:-3.42;
in:290 out:292 type:B q:24.56 q-aq:23.12 q-noVbv:24.56 q-Rceq:1.32 tex:9640 mv:3362 misc:1710 icu:12.00 pcu:399.50 scu:1148.50 tlayer:3 pbqpoffset:3.81 pbfactor:1.55 avgQpOffsetCutree:-1.75;
in:289 out:293 type:b q:27.61 q-aq:28.00 q-noVbv:27.61 q-Rceq:1.32 tex:695 mv:864 misc:537 icu:1.50 pcu:122.75 scu:1435.75 tlayer:4 pbqpoffset:6.81 pbfactor:2.20 avgQpOffsetCutree:0.00;
in:291 out:294 type:b q:27.51 q-aq:28.00 q-noVbv:27.51 q-Rceq:1.32 tex:920 mv:1025 misc:607 icu:1.50 pcu:82.00 scu:1476.50 tlayer:4 pbqpoffset:6.81 pbfactor:2.20 avgQpOffsetCutree:0.00;
in:294 out:295 type:B q:24.30 q-aq:22.91 q-noVbv:24.30 q-Rceq:1.32 tex:18271 mv:4148 misc:2133 icu:21.75 pcu:457.00 scu:1081.25 tlayer:3 pbqpoffset:3.75 pbfactor:1.54 avgQpOffsetCutree:-1.77;
in:293 out:296 type:b q:27.41 q-aq:27.39 q-noVbv:27.41 q-Rceq:1.32 tex:976 mv:1147 misc:637 icu:0.25 pcu:197.00 scu:1362.75 tlayer:4 pbqpoffset:6.81 pbfactor:2.20 avgQpOffsetCutree:0.00;
in:295 out:297 type:b q:27.30 q-aq:27.18 q-noVbv:27.30 q-Rceq:1.32 tex:793 mv:943 misc:536 icu:0.25 pcu:186.00 scu:1373.75 tlayer:4 pbqpoffset:6.81 pbfactor:2.20 avgQpOffsetCutree:0.00;
in:300 out:298 type:B q:23.23 q-aq:19.68 q-noVbv:23.23 q-Rceq:1.32 tex:24699 mv:6625 misc:2340 icu:73.50 pcu:550.00 scu:936.50 tlayer:2 pbqpoffset:3.00 pbfactor:1.41 avgQpOffsetCutree:-3.22;
in:298 out:299 type:B q:24.15 q-aq:22.53 q-noVbv:24.15 q-Rceq:1.32 tex:11401 mv:3305 misc:2198 icu:31.50 pcu:410.00 scu:1118.50 tlayer:3 pbqpoffset:3.81 pbfactor:1.55 avgQpOffsetCutree:-1.63;
in:297 out:300 type:b q:27.20 q-aq:27.12 q-noVbv:27.20 q-Rceq:1.32 tex:1325 mv:889 misc:586 icu:2.00 pcu:92.50 scu:1465.50 tlayer:4 pbqpoffset:6.81 pbfactor:2.20 avgQpOffsetCutree:0.00;
in:299 out:301 type:b q:27.10 q-aq:27.00 q-noVbv:27.10 q-Rceq:1.32 tex:1103 mv:938 misc:615 icu:2.50 pcu:145.50 scu:1412.00 tlayer:4 pbqpoffset:6.81 pbfactor:2.20 avgQpOffsetCutree:0.00;
in:302 out:302 type:B q:23.94 q-aq:22.50 q-noVbv:23.94 q-Rceq:1.32 tex:8287 mv:2656 misc:1345 icu:36.50 pcu:319.75 scu:1203.75 tlayer:3 pbqpoffset:3.81 pbfactor:1.55 avgQpOffsetCutree:-1.76;
in:301 out:303 type:b q:27.00 q-aq:27.00 q-noVbv:27.00 q-Rceq:1.32 tex:1731 mv:699 misc:490 icu:6.00 pcu:150.00 scu:1404.00 tlayer:4 pbqpoffset:6.81 pbfactor:2.20 avgQpOffsetCutree:0.00;
in:303 out:304 type:b q:26.89 q-aq:27.00 q-noVbv:26.89 q-Rceq:1.32 tex:1281 mv:675 misc:444 icu:7.25 pcu:159.50 scu:1393.25 tlayer:4 pbqpoffset:6.81 pbfactor:2.20 avgQpOffsetCutree:0.00;
in:320 out:305 type:k q:20.87 q-aq:15.82 q-noVbv:20.87 q-Rceq:1.32 tex:351675 mv:36769 misc:2996 icu:1358.00 pcu:201.75 scu:0.25 tlayer:0 pbqpoffset:0.82 pbfactor:1.10 avgQpOffsetCutree:-6.28;
in:312 out:306 type:B q:22.36 q-aq:17.91 q-noVbv:22.36 q-Rceq:1.32 tex:122355 mv:17381 misc:3352 icu:389.00 pcu:768.50 scu:402.50 tlayer:1 pbqpoffset:1.91 pbfactor:1.25 avgQpOffsetCutree:-4.54;
in:308 out:307 type:B q:24.01 q-aq:20.63 q-noVbv:24.01 q-Rceq:1.32 tex:21547 mv:6146 misc:2339 icu:99.50 pcu:474.50 scu:986.00 tlayer:2 pbqpoffset:3.77 pbfactor:1.55 avgQpOffsetCutree:-3.20;
in:306 out:308 type:B q:23.91 q-aq:22.71 q-noVbv:23.91 q-Rceq:1.32 tex:9618 mv:2866 misc:1572 icu:37.75 pcu:389.00 scu:1133.25 tlayer:3 pbqpoffset:3.77 pbfactor:1.55 avgQpOffsetCutree:-1.74;
in:305 out:309 type:b q:26.86 q-aq:27.00 q-noVbv:26.86 q-Rceq:1.32 tex:1643 mv:1059 misc:634 icu:4.25 pcu:150.75 scu:1405.00 tlayer:4 pbqpoffset:6.77 pbfactor:2.19 avgQpOffsetCutree:0.00;
in:307 out:310 type:b q:26.96 q-aq:27.00 q-noVbv:26.96 q-Rceq:1.32 tex:1775 mv:1061 misc:644 icu:5.50 pcu:198.00 scu:1356.50 tlayer:4 pbqpoffset:6.77 pbfactor:2.19 avgQpOffsetCutree:0.00;
in:310 out:311 type:B q:24.12 q-aq:22.85 q-noVbv:24.12 q-Rceq:1.32 tex:9348 mv:2748 misc:1392 icu:58.75 pcu:306.25 scu:1195.00 tlayer:3 pbqpoffset:3.77 pbfactor:1.55 avgQpOffsetCutree:-1.80;
in:309 out:312 type:b q:27.07 q-aq:27.02 q-noVbv:27.07 q-Rceq:1.32 tex:1988 mv:890 misc:538 icu:6.75 pcu:188.00 scu:1365.25 tlayer:4 pbqpoffset:6.77 pbfactor:2.19 avgQpOffsetCutree:0.00;
in:311 out:313 type:b q:27.17 q-aq:27.05 q-noVbv:27.17 q-Rceq:1.32 tex:966 mv:1076 misc:566 icu:2.25 pcu:226.50 scu:1331.25 tlayer:4 pbqpoffset:6.77 pbfactor:2.19 avgQpOffsetCutree:0.00;
in:316 out:314 type:B q:24.23 q-aq:20.67 q-noVbv:24.23 q-Rceq:1.32 tex:22770 mv:5671 misc:2415 icu:97.50 pcu:525.25 scu:937.25 tlayer:2 pbqpoffset:3.57 pbfactor:1.51 avgQpOffsetCutree:-3.54;
in:314 out:315 type:B q:24.33 q-aq:22.80 q-noVbv:24.33 q-Rceq:1.32 tex:13820 mv:3057 misc:2219 icu:34.00 pcu:520.50 scu:1005.50 tlayer:3 pbqpoffset:3.77 pbfactor:1.55 avgQpOffsetCutree:-1.67;
in:313 out:316 type:b q:27.27 q-aq:27.02 q-noVbv:27.27 q-Rceq:1.32 tex:1767 mv:1202 misc:639 icu:7.25 pcu:205.00 scu:1347.75 tlayer:4 pbqpoffset:6.77 pbfactor:2.19 avgQpOffsetCutree:0.00;
in:315 out:317 type:b q:27.38 q-aq:27.41 q-noVbv:27.38 q-Rceq:1.32 tex:2447 mv:1144 misc:593 icu:12.25 pcu:202.75 scu:1345.00 tlayer:4 pbqpoffset:6.77 pbfactor:2.19 avgQpOffsetCutree:0.00;
in:318 out:318 type:B q:24.53 q-aq:23.16 q-noVbv:24.53 q-Rceq:1.32 tex:10332 mv:3232 misc:1796 icu:48.25 pcu:363.50 scu:1148.25 tlayer:3 pbqpoffset:3.77 pbfactor:1.55 avgQpOffsetCutree:-1.93;
in:317 out:319 type:b q:27.48 q-aq:27.25 q-noVbv:27.48 q-Rceq:1.32 tex:1587 mv:1145 misc:620 icu:2.25 pcu:158.00 scu:1399.75 tlayer:4 pbqpoffset:6.77 pbfactor:2.19 avgQpOffsetCutree:0.00;
in:319 out:320 type:b q:27.59 q-aq:28.09 q-noVbv:27.59 q-Rceq:1.32 tex:2248 mv:1218 misc:670 icu:7.25 pcu:233.25 scu:1319.50 tlayer:4 pbqpoffset:6.77 pbfactor:2.19 avgQpOffsetCutree:0.00;
in:336 out:321 type:k q:20.43 q-aq:14.01 q-noVbv:20.43 q-Rceq:1.32 tex:354625 mv:34647 misc:3920 icu:764.50 pcu:747.50 scu:48.00 tlayer:0 pbqpoffset:1.04 pbfactor:1.13 avgQpOffsetCutree:-6.72;
in:328 out:322 type:B q:22.64 q-aq:17.96 q-noVbv:22.64 q-Rceq:1.32 tex:101906 mv:19073 misc:3461 icu:315.75 pcu:831.75 scu:412.50 tlayer:1 pbqpoffset:1.99 pbfactor:1.26 avgQpOffsetCutree:-4.50;
in:324 out:323 type:B q:23.82 q-aq:20.02 q-noVbv:23.82 q-Rceq:1.32 tex:26167 mv:7076 misc:2685 icu:71.75 pcu:590.50 scu:897.75 tlayer:2 pbqpoffset:3.06 pbfactor:1.42 avgQpOffsetCutree:-3.42;
in:322 out:324 type:B q:24.67 q-aq:23.16 q-noVbv:24.67 q-Rceq:1.32 tex:10238 mv:3696 misc:1706 icu:32.25 pcu:413.50 scu:1114.25 tlayer:3 pbqpoffset:3.86 pbfactor:1.56 avgQpOffsetCutree:-1.81;
in:321 out:325 type:b q:27.69 q-aq:28.00 q-noVbv:27.69 q-Rceq:1.32 tex:1121 mv:983 misc:624 icu:0.75 pcu:252.00 scu:1307.25 tlayer:4 pbqpoffset:6.86 pbfactor:2.21 avgQpOffsetCutree:0.00;
in:323 out:326 type:b q:27.64 q-aq:28.00 q-noVbv:27.64 q-Rceq:1.32 tex:1465 mv:1399 misc:664 icu:7.00 pcu:176.00 scu:1377.00 tlayer:4 pbqpoffset:6.86 pbfactor:2.21 avgQpOffsetCutree:0.00;
in:326 out:327 type:B q:24.56 q-aq:22.99 q-noVbv:24.56 q-Rceq:1.32 tex:8196 mv:4136 misc:1700 icu:18.50 pcu:415.25 scu:1126.25 tlayer:3 pbqpoffset:3.86 pbfactor:1.56 avgQpOffsetCutree:-1.77;
in:325 out:328 type:b q:27.59 q-aq:28.00 q-noVbv:27.59 q-Rceq:1.32 tex:671 mv:837 misc:588 icu:0.00 pcu:186.75 scu:1373.25 tlayer:4 pbqpoffset:6.86 pbfactor:2.21 avgQpOffsetCutree:0.00;
in:327 out:329 type:b q:27.53 q-aq:28.00 q-noVbv:27.53 q-Rceq:1.32 tex:385 mv:930 misc:533 icu:0.25 pcu:134.75 scu:1425.00 tlayer:4 pbqpoffset:6.86 pbfactor:2.21 avgQpOffsetCutree:0.00;
in:332 out:330 type:B q:24.40 q-aq:20.70 q-noVbv:24.40 q-Rceq:1.32 tex:20679 mv:7310 misc:2651 icu:14.75 pcu:576.25 scu:969.00 tlayer:2 pbqpoffset:3.86 pbfactor:1.56 avgQpOffsetCutree:-3.48;
in:330 out:331 type:B q:24.45 q-aq:22.77 q-noVbv:24.45 q-Rceq:1.32 tex:6533 mv:3354 misc:1569 icu:5.25 pcu:303.50 scu:1251.25 tlayer:3 pbqpoffset:3.86 pbfactor:1.56 avgQpOffsetCutree:-1.82;
in:329 out:332 type:b q:27.48 q-aq:27.32 q-noVbv:27.48 q-Rceq:1.32 tex:151 mv:672 misc:505 icu:0.00 pcu:120.75 scu:1439.25 tlayer:4 pbqpoffset:6.86 pbfactor:2.21 avgQpOffsetCutree:0.00;
in:331 out:333 type:b q:27.42 q-aq:27.42 q-noVbv:27.42 q-Rceq:1.32 tex:321 mv:671 misc:496 icu:0.50 pcu:46.25 scu:1513.25 tlayer:4 pbqpoffset:6.86 pbfactor:2.21 avgQpOffsetCutree:0.00;
in:334 out:334 type:B q:24.34 q-aq:22.58 q-noVbv:24.34 q-Rceq:1.32 tex:2573 mv:2383 misc:1324 icu:1.50 pcu:247.50 scu:1311.00 tlayer:3 pbqpoffset:3.86 pbfactor:1.56 avgQpOffsetCutree:-1.81;
in:333 out:335 type:b q:27.37 q-aq:27.16 q-noVbv:27.37 q-Rceq:1.32 tex:200 mv:688 misc:440 icu:0.00 pcu:91.75 scu:1468.25 tlayer:4 pbqpoffset:6.86 pbfactor:2.21 avgQpOffsetCutree:0.00;
in:335 out:336 type:b q:27.32 q-aq:27.00 q-noVbv:27.32 q-Rceq:1.32 tex:7 mv:396 misc:365 icu:0.00 pcu:96.00 scu:1464.00 tlayer:4 pbqpoffset:6.86 pbfactor:2.21 avgQpOffsetCutree:0.00;
in:352 out:337 type:k q:20.69 q-aq:15.50 q-noVbv:20.69 q-Rceq:1.32 tex:358639 mv:36732 misc:3309 icu:1337.25 pcu:222.75 scu:0.00 tlayer:0 pbqpoffset:0.58 pbfactor:1.07 avgQpOffsetCutree:-6.30;
in:344 out:338 type:B q:22.56 q-aq:17.95 q-noVbv:22.56 q-Rceq:1.32 tex:133921 mv:20483 misc:3708 icu:378.25 pcu:678.75 scu:503.00 tlayer:1 pbqpoffset:1.99 pbfactor:1.26 avgQpOffsetCutree:-4.57;
in:340 out:339 type:B q:24.36 q-aq:20.86 q-noVbv:24.36 q-Rceq:1.32 tex:22900 mv:7905 misc:2739 icu:19.75 pcu:549.75 scu:990.50 tlayer:2 pbqpoffset:3.86 pbfactor:1.56 avgQpOffsetCutree:-3.32;
in:338 out:340 type:B q:24.32 q-aq:22.74 q-noVbv:24.32 q-Rceq:1.32 tex:1954 mv:1643 misc:987 icu:0.50 pcu:206.75 scu:1352.75 tlayer:3 pbqpoffset:3.86 pbfactor:1.56 avgQpOffsetCutree:-1.64;
in:337 out:341 type:b q:27.23 q-aq:27.00 q-noVbv:27.23 q-Rceq:1.32 tex:11 mv:410 misc:347 icu:0.00 pcu:140.00 scu:1420.00 tlayer:4 pbqpoffset:6.78 pbfactor:2.19 avgQpOffsetCutree:0.00;
in:339 out:342 type:b q:27.34 q-aq:27.00 q-noVbv:27.34 q-Rceq:1.32 tex:18 mv:535 misc:367 icu:0.00 pcu:104.00 scu:1456.00 tlayer:4 pbqpoffset:6.86 pbfactor:2.21 avgQpOffsetCutree:0.00;
in:342 out:343 type:B q:24.39 q-aq:22.51 q-noVbv:24.39 q-Rceq:1.32 tex:4848 mv:3009 misc:1439 icu:1.75 pcu:288.00 scu:1270.25 tlayer:3 pbqpoffset:3.86 pbfactor:1.56 avgQpOffsetCutree:-1.81;
in:341 out:344 type:b q:27.37 q-aq:27.29 q-noVbv:27.37 q-Rceq:1.32 tex:184 mv:683 misc:485 icu:0.50 pcu:53.00 scu:1506.50 tlayer:4 pbqpoffset:6.86 pbfactor:2.21 avgQpOffsetCutree:0.00;
in:343 out:345 type:b q:27.40 q-aq:27.30 q-noVbv:27.40 q-Rceq:1.32 tex:111 mv:630 misc:475 icu:0.00 pcu:55.25 scu:1504.75 tlayer:4 pbqpoffset:6.86 pbfactor:2.21 avgQpOffsetCutree:0.00;
in:348 out:346 type:B q:23.80 q-aq:19.92 q-noVbv:23.80 q-Rceq:1.32 tex:37756 mv:8272 misc:3300 icu:69.50 pcu:877.50 scu:613.00 tlayer:2 pbqpoffset:3.17 pbfactor:1.44 avgQpOffsetCutree:-3.56;
in:346 out:347 type:B q:24.45 q-aq:22.88 q-noVbv:24.45 q-Rceq:1.32 tex:7487 mv:3904 misc:1609 icu:9.75 pcu:398.75 scu:1151.50 tlayer:3 pbqpoffset:3.86 pbfactor:1.56 avgQpOffsetCutree:-1.86;
in:345 out:348 type:b q:27.44 q-aq:27.03 q-noVbv:27.44 q-Rceq:1.32 tex:208 mv:587 misc:485 icu:0.00 pcu:108.00 scu:1452.00 tlayer:4 pbqpoffset:6.86 pbfactor:2.21 avgQpOffsetCutree:0.00;
in:347 out:349 type:b q:27.47 q-aq:27.38 q-noVbv:27.47 q-Rceq:1.32 tex:520 mv:740 misc:596 icu:1.25 pcu:105.25 scu:1453.50 tlayer:4 pbqpoffset:6.86 pbfactor:2.21 avgQpOffsetCutree:0.00;
in:350 out:350 type:B q:24.52 q-aq:22.75 q-noVbv:24.52 q-Rceq:1.32 tex:11886 mv:4458 misc:1784 icu:43.25 pcu:364.00 scu:1152.75 tlayer:3 pbqpoffset:3.86 pbfactor:1.56 avgQpOffsetCutree:-2.03;
in:349 out:351 type:b q:27.50 q-aq:27.96 q-noVbv:27.50 q-Rceq:1.32 tex:730 mv:809 misc:573 icu:5.25 pcu:78.50 scu:1476.25 tlayer:4 pbqpoffset:6.86 pbfactor:2.21 avgQpOffsetCutree:0.00;
in:351 out:352 type:b q:27.53 q-aq:28.00 q-noVbv:27.53 q-Rceq:1.32 tex:1086 mv:1029 misc:669 icu:3.00 pcu:255.50 scu:1301.50 tlayer:4 pbqpoffset:6.86 pbfactor:2.21 avgQpOffsetCutree:0.00;
in:368 out:353 type:k q:20.13 q-aq:13.90 q-noVbv:20.13 q-Rceq:1.32 tex:341215 mv:31590 misc:3939 icu:736.75 pcu:750.25 scu:73.00 tlayer:0 pbqpoffset:1.00 pbfactor:1.12 avgQpOffsetCutree:-6.35;
in:360 out:354 type:B q:22.32 q-aq:17.72 q-noVbv:22.32 q-Rceq:1.32 tex:107035 mv:18968 misc:3749 icu:360.00 pcu:771.25 scu:428.75 tlayer:1 pbqpoffset:1.91 pbfactor:1.25 avgQpOffsetCutree:-4.48;
in:356 out:355 type:B q:23.43 q-aq:19.68 q-noVbv:23.43 q-Rceq:1.32 tex:27833 mv:6809 misc:2678 icu:96.50 pcu:550.50 scu:913.00 tlayer:2 pbqpoffset:2.88 pbfactor:1.39 avgQpOffsetCutree:-3.46;
in:354 out:356 type:B q:24.40 q-aq:22.92 q-noVbv:24.40 q-Rceq:1.32 tex:10300 mv:3394 misc:1738 icu:62.50 pcu:452.50 scu:1045.00 tlayer:3 pbqpoffset:3.78 pbfactor:1.55 avgQpOffsetCutree:-1.75;
in:353 out:357 type:b q:27.44 q-aq:27.26 q-noVbv:27.44 q-Rceq:1.32 tex:1449 mv:1101 misc:586 icu:10.50 pcu:169.75 scu:1379.75 tlayer:4 pbqpoffset:6.78 pbfactor:2.19 avgQpOffsetCutree:0.00;
in:355 out:358 type:b q:27.36 q-aq:27.15 q-noVbv:27.36 q-Rceq:1.32 tex:1942 mv:1042 misc:600 icu:7.00 pcu:249.00 scu:1304.00 tlayer:4 pbqpoffset:6.78 pbfactor:2.19 avgQpOffsetCutree:0.00;
in:358 out:359 type:B q:24.26 q-aq:22.68 q-noVbv:24.26 q-Rceq:1.32 tex:9035 mv:3218 misc:1659 icu:31.50 pcu:429.75 scu:1098.75 tlayer:3 pbqpoffset:3.78 pbfactor:1.55 avgQpOffsetCutree:-1.72;
in:357 out:360 type:b q:27.29 q-aq:27.17 q-noVbv:27.29 q-Rceq:1.32 tex:2001 mv:1046 misc:553 icu:11.50 pcu:149.75 scu:1398.75 tlayer:4 pbqpoffset:6.78 pbfactor:2.19 avgQpOffsetCutree:0.00;
in:359 out:361 type:b q:27.22 q-aq:27.21 q-noVbv:27.22 q-Rceq:1.32 tex:1744 mv:769 misc:535 icu:5.50 pcu:168.25 scu:1386.25 tlayer:4 pbqpoffset:6.78 pbfactor:2.19 avgQpOffsetCutree:0.00;
in:364 out:362 type:B q:23.12 q-aq:19.75 q-noVbv:23.12 q-Rceq:1.32 tex:25990 mv:6693 misc:2549 icu:120.50 pcu:520.00 scu:919.50 tlayer:2 pbqpoffset:2.85 pbfactor:1.39 avgQpOffsetCutree:-3.32;
in:362 out:363 type:B q:24.12 q-aq:22.99 q-noVbv:24.12 q-Rceq:1.32 tex:8828 mv:2739 misc:1897 icu:57.00 pcu:375.50 scu:1127.50 tlayer:3 pbqpoffset:3.78 pbfactor:1.55 avgQpOffsetCutree:-1.59;
in:361 out:364 type:b q:27.15 q-aq:27.07 q-noVbv:27.15 q-Rceq:1.32 tex:1486 mv:1006 misc:564 icu:1.00 pcu:214.75 scu:1344.25 tlayer:4 pbqpoffset:6.78 pbfactor:2.19 avgQpOffsetCutree:0.00;
in:363 out:365 type:b q:27.08 q-aq:27.00 q-noVbv:27.08 q-Rceq:1.32 tex:1972 mv:964 misc:568 icu:10.00 pcu:292.00 scu:1258.00 tlayer:4 pbqpoffset:6.78 pbfactor:2.19 avgQpOffsetCutree:0.00;
in:366 out:366 type:B q:23.98 q-aq:22.44 q-noVbv:23.98 q-Rceq:1.32 tex:9529 mv:2421 misc:1370 icu:54.00 pcu:330.50 scu:1175.50 tlayer:3 pbqpoffset:3.78 pbfactor:1.55 avgQpOffsetCutree:-1.84;
in:365 out:367 type:b q:27.01 q-aq:27.00 q-noVbv:27.01 q-Rceq:1.32 tex:2857 mv:762 misc:613 icu:7.75 pcu:212.25 scu:1340.00 tlayer:4 pbqpoffset:6.78 pbfactor:2.19 avgQpOffsetCutree:0.00;
in:367 out:368 type:b q:26.94 q-aq:27.01 q-noVbv:26.94 q-Rceq:1.32 tex:2367 mv:1155 misc:614 icu:3.50 pcu:329.75 scu:1226.75 tlayer:4 pbqpoffset:6.78 pbfactor:2.19 avgQpOffsetCutree:0.00;
in:384 out:369 type:k q:21.22 q-aq:15.94 q-noVbv:21.22 q-Rceq:1.32 tex:346715 mv:35691 misc:3122 icu:1356.75 pcu:202.25 scu:1.00 tlayer:0 pbqpoffset:0.64 pbfactor:1.08 avgQpOffsetCutree:-6.44;
in:376 out:370 type:B q:22.61 q-aq:18.00 q-noVbv:22.61 q-Rceq:1.32 tex:117677 mv:18667 misc:3400 icu:366.25 pcu:779.25 scu:414.50 tlayer:1 pbqpoffset:1.94 pbfactor:1.25 avgQpOffsetCutree:-4.58;
in:372 out:371 type:B q:24.21 q-aq:20.61 q-noVbv:24.21 q-Rceq:1.32 tex:24345 mv:6525 misc:2506 icu:63.00 pcu:568.25 scu:928.75 tlayer:2 pbqpoffset:3.81 pbfactor:1.55 avgQpOffsetCutree:-3.49;
in:370 out:372 type:B q:24.07 q-aq:22.39 q-noVbv:24.07 q-Rceq:1.32 tex:8455 mv:2659 misc:1334 icu:40.75 pcu:271.50 scu:1247.75 tlayer:3 pbqpoffset:3.81 pbfactor:1.55 avgQpOffsetCutree:-1.89;
in:369 out:373 type:b q:27.00 q-aq:27.00 q-noVbv:27.00 q-Rceq:1.32 tex:1504 mv:1005 misc:579 icu:9.50 pcu:143.50 scu:1407.00 tlayer:4 pbqpoffset:6.81 pbfactor:2.20 avgQpOffsetCutree:0.00;
in:371 out:374 type:b q:27.14 q-aq:27.12 q-noVbv:27.14 q-Rceq:1.32 tex:1737 mv:878 misc:521 icu:9.00 pcu:125.25 scu:1425.75 tlayer:4 pbqpoffset:6.81 pbfactor:2.20 avgQpOffsetCutree:0.00;
in:374 out:375 type:B q:24.34 q-aq:22.79 q-noVbv:24.34 q-Rceq:1.32 tex:9041 mv:2620 misc:1435 icu:42.00 pcu:317.25 scu:1200.75 tlayer:3 pbqpoffset:3.81 pbfactor:1.55 avgQpOffsetCutree:-1.87;
in:373 out:376 type:b q:27.28 q-aq:27.01 q-noVbv:27.28 q-Rceq:1.32 tex:1065 mv:592 misc:511 icu:0.25 pcu:179.00 scu:1380.75 tlayer:4 pbqpoffset:6.81 pbfactor:2.20 avgQpOffsetCutree:0.00;
in:375 out:377 type:b q:27.41 q-aq:27.05 q-noVbv:27.41 q-Rceq:1.32 tex:977 mv:903 misc:528 icu:1.25 pcu:163.50 scu:1395.25 tlayer:4 pbqpoffset:6.81 pbfactor:2.20 avgQpOffsetCutree:0.00;
in:380 out:378 type:B q:24.27 q-aq:20.22 q-noVbv:24.27 q-Rceq:1.32 tex:32082 mv:6821 misc:2873 icu:73.00 pcu:672.25 scu:814.75 tlayer:2 pbqpoffset:3.32 pbfactor:1.47 avgQpOffsetCutree:-3.61;
in:378 out:379 type:B q:24.62 q-aq:23.50 q-noVbv:24.62 q-Rceq:1.32 tex:9405 mv:3533 misc:1510 icu:21.25 pcu:330.25 scu:1208.50 tlayer:3 pbqpoffset:3.81 pbfactor:1.55 avgQpOffsetCutree:-1.77;
in:377 out:380 type:b q:27.55 q-aq:28.00 q-noVbv:27.55 q-Rceq:1.32 tex:801 mv:1054 misc:673 icu:2.25 pcu:163.75 scu:1394.00 tlayer:4 pbqpoffset:6.81 pbfactor:2.20 avgQpOffsetCutree:0.00;
in:379 out:381 type:b q:27.68 q-aq:28.00 q-noVbv:27.68 q-Rceq:1.32 tex:891 mv:848 misc:621 icu:2.00 pcu:134.75 scu:1423.25 tlayer:4 pbqpoffset:6.81 pbfactor:2.20 avgQpOffsetCutree:0.00;
in:382 out:382 type:B q:24.89 q-aq:23.22 q-noVbv:24.89 q-Rceq:1.32 tex:8434 mv:3723 misc:1691 icu:7.50 pcu:451.25 scu:1101.25 tlayer:3 pbqpoffset:3.81 pbfactor:1.55 avgQpOffsetCutree:-1.89;
in:381 out:383 type:b q:27.82 q-aq:28.00 q-noVbv:27.82 q-Rceq:1.32 tex:1288 mv:1202 misc:606 icu:3.25 pcu:141.00 scu:1415.75 tlayer:4 pbqpoffset:6.81 pbfactor:2.20 avgQpOffsetCutree:0.00;
in:383 out:384 type:b q:27.96 q-aq:28.01 q-noVbv:27.96 q-Rceq:1.32 tex:544 mv:796 misc:516 icu:0.25 pcu:161.50 scu:1398.25 tlayer:4 pbqpoffset:6.81 pbfactor:2.20 avgQpOffsetCutree:0.00;
in:400 out:385 type:k q:19.86 q-aq:13.03 q-noVbv:19.86 q-Rceq:1.32 tex:369260 mv:32762 misc:3962 icu:750.75 pcu:749.50 scu:59.75 tlayer:0 pbqpoffset:1.06 pbfactor:1.13 avgQpOffsetCutree:-6.53;
in:392 out:386 type:B q:22.41 q-aq:17.29 q-noVbv:22.41 q-Rceq:1.32 tex:129499 mv:22483 misc:3546 icu:334.50 pcu:811.00 scu:414.50 tlayer:1 pbqpoffset:1.87 pbfactor:1.24 avgQpOffsetCutree:-5.07;
in:388 out:387 type:B q:23.64 q-aq:19.92 q-noVbv:23.64 q-Rceq:1.32 tex:23621 mv:7434 misc:2505 icu:9.25 pcu:604.00 scu:946.75 tlayer:2 pbqpoffset:2.76 pbfactor:1.38 avgQpOffsetCutree:-3.57;
in:386 out:388 type:B q:24.78 q-aq:23.04 q-noVbv:24.78 q-Rceq:1.32 tex:5327 mv:3732 misc:1669 icu:4.75 pcu:328.00 scu:1227.25 tlayer:3 pbqpoffset:3.74 pbfactor:1.54 avgQpOffsetCutree:-1.85;
in:385 out:389 type:b q:27.87 q-aq:28.00 q-noVbv:27.87 q-Rceq:1.32 tex:381 mv:769 misc:522 icu:0.00 pcu:156.50 scu:1403.50 tlayer:4 pbqpoffset:6.74 pbfactor:2.18 avgQpOffsetCutree:0.00;
in:387 out:390 type:b q:27.70 q-aq:28.00 q-noVbv:27.70 q-Rceq:1.32 tex:194 mv:805 misc:473 icu:0.00 pcu:150.25 scu:1409.75 tlayer:4 pbqpoffset:6.74 pbfactor:2.18 avgQpOffsetCutree:0.00;
in:390 out:391 type:B q:24.45 q-aq:22.78 q-noVbv:24.45 q-Rceq:1.32 tex:1763 mv:2108 misc:1105 icu:0.25 pcu:229.25 scu:1330.50 tlayer:3 pbqpoffset:3.74 pbfactor:1.54 avgQpOffsetCutree:-1.86;
in:389 out:392 type:b q:27.53 q-aq:28.00 q-noVbv:27.53 q-Rceq:1.32 tex:8 mv:576 misc:376 icu:0.00 pcu:104.50 scu:1455.50 tlayer:4 pbqpoffset:6.74 pbfactor:2.18 avgQpOffsetCutree:0.00;
in:391 out:393 type:b q:27.36 q-aq:27.00 q-noVbv:27.36 q-Rceq:1.32 tex:5 mv:293 misc:294 icu:0.00 pcu:80.00 scu:1480.00 tlayer:4 pbqpoffset:6.74 pbfactor:2.18 avgQpOffsetCutree:0.00;
in:396 out:394 type:B q:23.13 q-aq:19.44 q-noVbv:23.13 q-Rceq:1.32 tex:29989 mv:8979 misc:2592 icu:25.00 pcu:619.50 scu:915.50 tlayer:2 pbqpoffset:2.94 pbfactor:1.40 avgQpOffsetCutree:-3.50;
in:394 out:395 type:B q:24.11 q-aq:22.44 q-noVbv:24.11 q-Rceq:1.32 tex:2624 mv:2458 misc:1166 icu:0.50 pcu:274.75 scu:1284.75 tlayer:3 pbqpoffset:3.74 pbfactor:1.54 avgQpOffsetCutree:-1.88;
in:393 out:396 type:b q:27.19 q-aq:27.00 q-noVbv:27.19 q-Rceq:1.32 tex:10 mv:381 misc:305 icu:0.00 pcu:140.00 scu:1420.00 tlayer:4 pbqpoffset:6.74 pbfactor:2.18 avgQpOffsetCutree:0.00;
in:395 out:397 type:b q:27.02 q-aq:27.00 q-noVbv:27.02 q-Rceq:1.32 tex:29 mv:621 misc:382 icu:0.00 pcu:136.50 scu:1423.50 tlayer:4 pbqpoffset:6.74 pbfactor:2.18 avgQpOffsetCutree:0.00;
in:398 out:398 type:B q:23.77 q-aq:22.18 q-noVbv:23.77 q-Rceq:1.32 tex:6321 mv:2977 misc:1510 icu:3.25 pcu:182.00 scu:1374.75 tlayer:3 pbqpoffset:3.74 pbfactor:1.54 avgQpOffsetCutree:-1.87;
in:397 out:399 type:b q:26.85 q-aq:27.00 q-noVbv:26.85 q-Rceq:1.32 tex:201 mv:658 misc:461 icu:0.00 pcu:102.75 scu:1457.25 tlayer:4 pbqpoffset:6.74 pbfactor:2.18 avgQpOffsetCutree:0.00;
in:399 out:400 type:b q:26.68 q-aq:27.00 q-noVbv:26.68 q-Rceq:1.32 tex:217 mv:811 misc:548 icu:0.25 pcu:122.75 scu:1437.00 tlayer:4 pbqpoffset:6.74 pbfactor:2.18 avgQpOffsetCutree:0.00;
in:416 out:401 type:k q:20.98 q-aq:16.04 q-noVbv:20.98 q-Rceq:1.32 tex:323832 mv:35253 misc:3147 icu:1295.00 pcu:246.25 scu:18.75 tlayer:0 pbqpoffset:0.55 pbfactor:1.07 avgQpOffsetCutree:-6.14;
in:408 out:402 type:B q:22.23 q-aq:17.88 q-noVbv:22.23 q-Rceq:1.32 tex:129677 mv:20534 misc:3781 icu:416.50 pcu:702.50 scu:441.00 tlayer:1 pbqpoffset:1.81 pbfactor:1.23 avgQpOffsetCutree:-4.54;
in:404 out:403 type:B q:23.55 q-aq:20.23 q-noVbv:23.55 q-Rceq:1.32 tex:26786 mv:7875 misc:2483 icu:67.00 pcu:581.50 scu:911.50 tlayer:2 pbqpoffset:3.41 pbfactor:1.48 avgQpOffsetCutree:-3.37;
in:402 out:404 type:B q:23.67 q-aq:22.53 q-noVbv:23.67 q-Rceq:1.32 tex:11040 mv:3845 misc:1619 icu:16.25 pcu:447.75 scu:1096.00 tlayer:3 pbqpoffset:3.68 pbfactor:1.53 avgQpOffsetCutree:-1.79;
in:401 out:405 type:b q:26.60 q-aq:27.00 q-noVbv:26.60 q-Rceq:1.32 tex:1364 mv:1084 misc:576 icu:3.00 pcu:222.50 scu:1334.50 tlayer:4 pbqpoffset:6.68 pbfactor:2.16 avgQpOffsetCutree:0.00;
in:403 out:406 type:b q:26.74 q-aq:27.00 q-noVbv:26.74 q-Rceq:1.32 tex:1319 mv:829 misc:548 icu:2.50 pcu:245.75 scu:1311.75 tlayer:4 pbqpoffset:6.68 pbfactor:2.16 avgQpOffsetCutree:0.00;
in:406 out:407 type:B q:23.96 q-aq:22.40 q-noVbv:23.96 q-Rceq:1.32 tex:10395 mv:3254 misc:1575 icu:25.00 pcu:286.25 scu:1248.75 tlayer:3 pbqpoffset:3.68 pbfactor:1.53 avgQpOffsetCutree:-1.80;
in:405 out:408 type:b q:26.89 q-aq:27.00 q-noVbv:26.89 q-Rceq:1.32 tex:1663 mv:1058 misc:567 icu:2.00 pcu:162.25 scu:1395.75 tlayer:4 pbqpoffset:6.68 pbfactor:2.16 avgQpOffsetCutree:0.00;
in:407 out:409 type:b q:27.03 q-aq:27.01 q-noVbv:27.03 q-Rceq:1.32 tex:883 mv:949 misc:544 icu:3.50 pcu:119.50 scu:1437.00 tlayer:4 pbqpoffset:6.68 pbfactor:2.16 avgQpOffsetCutree:0.00;
in:412 out:410 type:B q:23.89 q-aq:19.89 q-noVbv:23.89 q-Rceq:1.32 tex:32194 mv:7595 misc:2979 icu:68.00 pcu:765.00 scu:727.00 tlayer:2 pbqpoffset:3.19 pbfactor:1.45 avgQpOffsetCutree:-3.55;
in:410 out:411 type:B q:24.24 q-aq:22.57 q-noVbv:24.24 q-Rceq:1.32 tex:10681 mv:3609 misc:1662 icu:43.75 pcu:384.25 scu:1132.00 tlayer:3 pbqpoffset:3.68 pbfactor:1.53 avgQpOffsetCutree:-1.72;
in:409 out:412 type:b q:27.17 q-aq:27.04 q-noVbv:27.17 q-Rceq:1.32 tex:972 mv:939 misc:625 icu:0.25 pcu:173.75 scu:1386.00 tlayer:4 pbqpoffset:6.68 pbfactor:2.16 avgQpOffsetCutree:0.00;
in:411 out:413 type:b q:27.31 q-aq:27.09 q-noVbv:27.31 q-Rceq:1.32 tex:1418 mv:836 misc:522 icu:1.50 pcu:296.25 scu:1262.25 tlayer:4 pbqpoffset:6.68 pbfactor:2.16 avgQpOffsetCutree:0.00;
in:414 out:414 type:B q:24.52 q-aq:22.94 q-noVbv:24.52 q-Rceq:1.32 tex:8627 mv:3140 misc:1617 icu:41.75 pcu:341.50 scu:1176.75 tlayer:3 pbqpoffset:3.68 pbfactor:1.53 avgQpOffsetCutree:-1.79;
in:413 out:415 type:b q:27.45 q-aq:27.22 q-noVbv:27.45 q-Rceq:1.32 tex:1274 mv:1097 misc:621 icu:7.50 pcu:179.25 scu:1373.25 tlayer:4 pbqpoffset:6.68 pbfactor:2.16 avgQpOffsetCutree:0.00;
in:415 out:416 type:b q:27.59 q-aq:28.00 q-noVbv:27.59 q-Rceq:1.32 tex:1626 mv:1164 misc:706 icu:7.00 pcu:223.75 scu:1329.25 tlayer:4 pbqpoffset:6.68 pbfactor:2.16 avgQpOffsetCutree:0.00;
in:432 out:417 type:k q:20.62 q-aq:14.33 q-noVbv:20.62 q-Rceq:1.32 tex:302640 mv:32740 misc:3964 icu:746.00 pcu:756.00 scu:58.00 tlayer:0 pbqpoffset:0.99 pbfactor:1.12 avgQpOffsetCutree:-6.38;
in:424 out:418 type:B q:22.70 q-aq:18.52 q-noVbv:22.70 q-Rceq:1.32 tex:97680 mv:17282 misc:3278 icu:371.75 pcu:776.25 scu:412.00 tlayer:1 pbqpoffset:1.89 pbfactor:1.24 avgQpOffsetCutree:-4.17;
in:420 out:419 type:B q:23.72 q-aq:20.02 q-noVbv:23.72 q-Rceq:1.32 tex:26969 mv:6644 misc:2523 icu:121.00 pcu:681.00 scu:758.00 tlayer:2 pbqpoffset:2.82 pbfactor:1.39 avgQpOffsetCutree:-3.39;
in:418 out:420 type:B q:24.70 q-aq:23.25 q-noVbv:24.70 q-Rceq:1.32 tex:8116 mv:2526 misc:1534 icu:79.00 pcu:315.75 scu:1165.25 tlayer:3 pbqpoffset:3.76 pbfactor:1.54 avgQpOffsetCutree:-1.74;
in:417 out:421 type:b q:27.72 q-aq:28.00 q-noVbv:27.72 q-Rceq:1.32 tex:1630 mv:954 misc:656 icu:6.75 pcu:178.75 scu:1374.50 tlayer:4 pbqpoffset:6.76 pbfactor:2.18 avgQpOffsetCutree:0.00;
in:419 out:422 type:b q:27.68 q-aq:28.01 q-noVbv:27.68 q-Rceq:1.32 tex:2323 mv:1024 misc:573 icu:12.25 pcu:261.75 scu:1286.00 tlayer:4 pbqpoffset:6.76 pbfactor:2.18 avgQpOffsetCutree:0.00;
in:422 out:423 type:B q:24.61 q-aq:23.45 q-noVbv:24.61 q-Rceq:1.32 tex:9123 mv:2792 misc:1485 icu:51.25 pcu:301.25 scu:1207.50 tlayer:3 pbqpoffset:3.76 pbfactor:1.54 avgQpOffsetCutree:-1.71;
in:421 out:424 type:b q:27.63 q-aq:28.00 q-noVbv:27.63 q-Rceq:1.32 tex:1394 mv:1303 misc:663 icu:6.25 pcu:190.00 scu:1363.75 tlayer:4 pbqpoffset:6.76 pbfactor:2.18 avgQpOffsetCutree:0.00;
in:423 out:425 type:b q:27.58 q-aq:28.00 q-noVbv:27.58 q-Rceq:1.32 tex:1608 mv:1337 misc:647 icu:13.50 pcu:208.00 scu:1338.50 tlayer:4 pbqpoffset:6.76 pbfactor:2.18 avgQpOffsetCutree:0.00;
in:428 out:426 type:B q:23.51 q-aq:19.90 q-noVbv:23.51 q-Rceq:1.32 tex:28650 mv:8593 misc:2749 icu:108.00 pcu:545.25 scu:906.75 tlayer:2 pbqpoffset:2.80 pbfactor:1.38 avgQpOffsetCutree:-3.41;
in:426 out:427 type:B q:24.52 q-aq:23.08 q-noVbv:24.52 q-Rceq:1.32 tex:8934 mv:3447 misc:1707 icu:45.75 pcu:300.50 scu:1213.75 tlayer:3 pbqpoffset:3.76 pbfactor:1.54 avgQpOffsetCutree:-1.80;
in:425 out:428 type:b q:27.54 q-aq:28.00 q-noVbv:27.54 q-Rceq:1.32 tex:2074 mv:1343 misc:655 icu:5.50 pcu:157.00 scu:1397.50 tlayer:4 pbqpoffset:6.76 pbfactor:2.18 avgQpOffsetCutree:0.00;
in:427 out:429 type:b q:27.49 q-aq:27.41 q-noVbv:27.49 q-Rceq:1.32 tex:1718 mv:978 misc:592 icu:7.75 pcu:175.25 scu:1377.00 tlayer:4 pbqpoffset:6.76 pbfactor:2.18 avgQpOffsetCutree:0.00;
in:430 out:430 type:B q:24.43 q-aq:22.79 q-noVbv:24.43 q-Rceq:1.32 tex:11546 mv:4060 misc:1794 icu:68.00 pcu:340.25 scu:1151.75 tlayer:3 pbqpoffset:3.76 pbfactor:1.54 avgQpOffsetCutree:-1.82;
in:429 out:431 type:b q:27.45 q-aq:27.21 q-noVbv:27.45 q-Rceq:1.32 tex:1765 mv:1139 misc:640 icu:9.25 pcu:224.50 scu:1326.25 tlayer:4 pbqpoffset:6.76 pbfactor:2.18 avgQpOffsetCutree:0.00;
in:431 out:432 type:b q:27.40 q-aq:27.52 q-noVbv:27.40 q-Rceq:1.32 tex:1517 mv:1326 misc:661 icu:8.00 pcu:257.50 scu:1294.50 tlayer:4 pbqpoffset:6.76 pbfactor:2.18 avgQpOffsetCutree:0.00;
in:448 out:433 type:k q:21.23 q-aq:15.75 q-noVbv:21.23 q-Rceq:1.32 tex:354462 mv:37613 misc:3269 icu:1294.50 pcu:262.75 scu:2.75 tlayer:0 pbqpoffset:0.72 pbfactor:1.09 avgQpOffsetCutree:-6.65;
in:440 out:434 type:B q:22.90 q-aq:18.33 q-noVbv:22.90 q-Rceq:1.32 tex:126293 mv:19493 misc:3910 icu:386.75 pcu:800.50 scu:372.75 tlayer:1 pbqpoffset:1.97 pbfactor:1.26 avgQpOffsetCutree:-4.59;
in:436 out:435 type:B q:24.61 q-aq:20.65 q-noVbv:24.61 q-Rceq:1.32 tex:23498 mv:7423 misc:2599 icu:68.75 pcu:522.00 scu:969.25 tlayer:2 pbqpoffset:3.84 pbfactor:1.56 avgQpOffsetCutree:-3.51;
in:434 out:436 type:B q:24.54 q-aq:23.27 q-noVbv:24.54 q-Rceq:1.32 tex:10467 mv:3638 misc:1631 icu:35.75 pcu:344.75 scu:1179.50 tlayer:3 pbqpoffset:3.84 pbfactor:1.56 avgQpOffsetCutree:-1.85;
in:433 out:437 type:b q:27.50 q-aq:27.37 q-noVbv:27.50 q-Rceq:1.32 tex:916 mv:1005 misc:631 icu:1.50 pcu:228.25 scu:1330.25 tlayer:4 pbqpoffset:6.84 pbfactor:2.20 avgQpOffsetCutree:0.00;
in:435 out:438 type:b q:27.57 q-aq:28.00 q-noVbv:27.57 q-Rceq:1.32 tex:866 mv:954 misc:556 icu:0.25 pcu:130.75 scu:1429.00 tlayer:4 pbqpoffset:6.84 pbfactor:2.20 avgQpOffsetCutree:0.00;
in:438 out:439 type:B q:24.69 q-aq:23.45 q-noVbv:24.69 q-Rceq:1.32 tex:8434 mv:3669 misc:1633 icu:18.00 pcu:293.00 scu:1249.00 tlayer:3 pbqpoffset:3.84 pbfactor:1.56 avgQpOffsetCutree:-1.83;
in:437 out:440 type:b q:27.65 q-aq:28.00 q-noVbv:27.65 q-Rceq:1.32 tex:504 mv:892 misc:572 icu:0.25 pcu:105.25 scu:1454.50 tlayer:4 pbqpoffset:6.84 pbfactor:2.20 avgQpOffsetCutree:0.00;
in:439 out:441 type:b q:27.72 q-aq:28.00 q-noVbv:27.72 q-Rceq:1.32 tex:65 mv:771 misc:476 icu:0.00 pcu:95.75 scu:1464.25 tlayer:4 pbqpoffset:6.84 pbfactor:2.20 avgQpOffsetCutree:0.00;
in:444 out:442 type:B q:24.91 q-aq:20.89 q-noVbv:24.91 q-Rceq:1.32 tex:14495 mv:6364 misc:2493 icu:14.50 pcu:578.00 scu:967.50 tlayer:2 pbqpoffset:3.84 pbfactor:1.56 avgQpOffsetCutree:-3.75;
in:442 out:443 type:B q:24.84 q-aq:23.24 q-noVbv:24.84 q-Rceq:1.32 tex:5717 mv:3516 misc:2239 icu:0.75 pcu:404.25 scu:1155.00 tlayer:3 pbqpoffset:3.84 pbfactor:1.56 avgQpOffsetCutree:-1.63;
in:441 out:444 type:b q:27.80 q-aq:28.00 q-noVbv:27.80 q-Rceq:1.32 tex:177 mv:837 misc:514 icu:0.00 pcu:39.50 scu:1520.50 tlayer:4 pbqpoffset:6.84 pbfactor:2.20 avgQpOffsetCutree:0.00;
in:443 out:445 type:b q:27.87 q-aq:28.00 q-noVbv:27.87 q-Rceq:1.32 tex:75 mv:740 misc:481 icu:0.00 pcu:115.00 scu:1445.00 tlayer:4 pbqpoffset:6.84 pbfactor:2.20 avgQpOffsetCutree:0.00;
in:446 out:446 type:B q:24.99 q-aq:23.05 q-noVbv:24.99 q-Rceq:1.32 tex:2254 mv:2202 misc:1072 icu:1.75 pcu:224.25 scu:1334.00 tlayer:3 pbqpoffset:3.84 pbfactor:1.56 avgQpOffsetCutree:-2.05;
in:445 out:447 type:b q:27.95 q-aq:28.00 q-noVbv:27.95 q-Rceq:1.32 tex:8 mv:567 misc:753 icu:0.00 pcu:103.00 scu:1457.00 tlayer:4 pbqpoffset:6.84 pbfactor:2.20 avgQpOffsetCutree:0.00;
in:447 out:448 type:b q:28.03 q-aq:28.00 q-noVbv:28.03 q-Rceq:1.32 tex:6 mv:449 misc:329 icu:0.00 pcu:169.00 scu:1391.00 tlayer:4 pbqpoffset:6.84 pbfactor:2.20 avgQpOffsetCutree:0.00;
in:464 out:449 type:k q:20.19 q-aq:13.82 q-noVbv:20.19 q-Rceq:1.32 tex:328108 mv:32045 misc:3847 icu:809.00 pcu:697.25 scu:53.75 tlayer:0 pbqpoffset:1.00 pbfactor:1.12 avgQpOffsetCutree:-6.38;
in:456 out:450 type:B q:22.69 q-aq:17.85 q-noVbv:22.69 q-Rceq:1.32 tex:104283 mv:19891 misc:3746 icu:334.75 pcu:752.75 scu:472.50 tlayer:1 pbqpoffset:1.98 pbfactor:1.26 avgQpOffsetCutree:-4.61;
in:452 out:451 type:B q:24.13 q-aq:20.33 q-noVbv:24.13 q-Rceq:1.32 tex:21775 mv:7825 misc:2520 icu:19.75 pcu:538.50 scu:1001.75 tlayer:2 pbqpoffset:3.17 pbfactor:1.44 avgQpOffsetCutree:-3.52;
in:450 out:452 type:B q:24.94 q-aq:23.31 q-noVbv:24.94 q-Rceq:1.32 tex:3348 mv:2814 misc:1398 icu:2.00 pcu:248.25 scu:1309.75 tlayer:3 pbqpoffset:3.85 pbfactor:1.56 avgQpOffsetCutree:-1.87;
in:449 out:453 type:b q:28.01 q-aq:28.00 q-noVbv:28.01 q-Rceq:1.32 tex:236 mv:598 misc:454 icu:0.50 pcu:99.50 scu:1460.00 tlayer:4 pbqpoffset:6.85 pbfactor:2.21 avgQpOffsetCutree:0.00;
in:451 out:454 type:b q:27.88 q-aq:28.00 q-noVbv:27.88 q-Rceq:1.32 tex:34 mv:576 misc:422 icu:0.00 pcu:72.50 scu:1487.50 tlayer:4 pbqpoffset:6.85 pbfactor:2.21 avgQpOffsetCutree:0.00;
in:454 out:455 type:B q:24.68 q-aq:23.17 q-noVbv:24.68 q-Rceq:1.32 tex:7700 mv:3774 misc:1646 icu:8.00 pcu:385.00 scu:1167.00 tlayer:3 pbqpoffset:3.85 pbfactor:1.56 avgQpOffsetCutree:-1.83;
in:453 out:456 type:b q:27.75 q-aq:28.00 q-noVbv:27.75 q-Rceq:1.32 tex:242 mv:699 misc:507 icu:0.50 pcu:26.25 scu:1533.25 tlayer:4 pbqpoffset:6.85 pbfactor:2.21 avgQpOffsetCutree:0.00;
in:455 out:457 type:b q:27.62 q-aq:28.00 q-noVbv:27.62 q-Rceq:1.32 tex:373 mv:670 misc:509 icu:0.25 pcu:61.00 scu:1498.75 tlayer:4 pbqpoffset:6.85 pbfactor:2.21 avgQpOffsetCutree:0.00;
in:460 out:458 type:B q:23.23 q-aq:19.55 q-noVbv:23.23 q-Rceq:1.32 tex:36998 mv:8848 misc:2666 icu:123.50 pcu:486.50 scu:950.00 tlayer:2 pbqpoffset:2.78 pbfactor:1.38 avgQpOffsetCutree:-3.45;
in:458 out:459 type:B q:24.43 q-aq:23.01 q-noVbv:24.43 q-Rceq:1.32 tex:10591 mv:3806 misc:1619 icu:24.25 pcu:404.25 scu:1131.50 tlayer:3 pbqpoffset:3.85 pbfactor:1.56 avgQpOffsetCutree:-1.83;
in:457 out:460 type:b q:27.49 q-aq:27.23 q-noVbv:27.49 q-Rceq:1.32 tex:499 mv:855 misc:542 icu:0.50 pcu:112.25 scu:1447.25 tlayer:4 pbqpoffset:6.85 pbfactor:2.21 avgQpOffsetCutree:0.00;
in:459 out:461 type:b q:27.36 q-aq:27.28 q-noVbv:27.36 q-Rceq:1.32 tex:741 mv:988 misc:543 icu:0.50 pcu:137.25 scu:1422.25 tlayer:4 pbqpoffset:6.85 pbfactor:2.21 avgQpOffsetCutree:0.00;
in:462 out:462 type:B q:24.17 q-aq:22.51 q-noVbv:24.17 q-Rceq:1.32 tex:12377 mv:3853 misc:1634 icu:38.50 pcu:383.75 scu:1137.75 tlayer:3 pbqpoffset:3.85 pbfactor:1.56 avgQpOffsetCutree:-1.78;
in:461 out:463 type:b q:27.23 q-aq:27.01 q-noVbv:27.23 q-Rceq:1.32 tex:1611 mv:1029 misc:664 icu:0.25 pcu:191.50 scu:1368.25 tlayer:4 pbqpoffset:6.85 pbfactor:2.21 avgQpOffsetCutree:0.00;
in:463 out:464 type:b q:27.10 q-aq:27.01 q-noVbv:27.10 q-Rceq:1.32 tex:1800 mv:1380 misc:764 icu:20.50 pcu:94.25 scu:1445.25 tlayer:4 pbqpoffset:6.85 pbfactor:2.21 avgQpOffsetCutree:0.00;
in:480 out:465 type:k q:20.93 q-aq:15.88 q-noVbv:20.93 q-Rceq:1.32 tex:310880 mv:34750 misc:3354 icu:1290.50 pcu:264.25 scu:5.25 tlayer:0 pbqpoffset:0.56 pbfactor:1.07 avgQpOffsetCutree:-6.08;
in:472 out:466 type:B q:22.46 q-aq:18.01 q-noVbv:22.46 q-Rceq:1.32 tex:125248 mv:18094 misc:3394 icu:426.25 pcu:785.75 scu:348.00 tlayer:1 pbqpoffset:1.90 pbfactor:1.25 avgQpOffsetCutree:-4.49;
in:468 out:467 type:B q:23.76 q-aq:20.19 q-noVbv:23.76 q-Rceq:1.32 tex:28362 mv:7387 misc:2459 icu:110.50 pcu:554.50 scu:895.00 tlayer:2 pbqpoffset:3.38 pbfactor:1.48 avgQpOffsetCutree:-3.37;
in:466 out:468 type:B q:24.05 q-aq:22.46 q-noVbv:24.05 q-Rceq:1.32 tex:10294 mv:3095 misc:1659 icu:32.75 pcu:311.50 scu:1215.75 tlayer:3 pbqpoffset:3.76 pbfactor:1.54 avgQpOffsetCutree:-1.81;
in:465 out:469 type:b q:27.00 q-aq:27.09 q-noVbv:27.00 q-Rceq:1.32 tex:2143 mv:956 misc:629 icu:4.75 pcu:225.50 scu:1329.75 tlayer:4 pbqpoffset:6.76 pbfactor:2.18 avgQpOffsetCutree:0.00;
in:467 out:470 type:b q:27.09 q-aq:27.03 q-noVbv:27.09 q-Rceq:1.32 tex:1898 mv:968 misc:590 icu:5.25 pcu:176.00 scu:1378.75 tlayer:4 pbqpoffset:6.76 pbfactor:2.18 avgQpOffsetCutree:0.00;
in:470 out:471 type:B q:24.23 q-aq:23.03 q-noVbv:24.23 q-Rceq:1.32 tex:10185 mv:2970 misc:1421 icu:53.25 pcu:266.25 scu:1240.50 tlayer:3 pbqpoffset:3.76 pbfactor:1.54 avgQpOffsetCutree:-1.83;
in:469 out:472 type:b q:27.19 q-aq:27.21 q-noVbv:27.19 q-Rceq:1.32 tex:1920 mv:976 misc:592 icu:9.25 pcu:225.25 scu:1325.50 tlayer:4 pbqpoffset:6.76 pbfactor:2.18 avgQpOffsetCutree:0.00;
in:471 out:473 type:b q:27.28 q-aq:27.03 q-noVbv:27.28 q-Rceq:1.32 tex:1802 mv:1088 misc:630 icu:12.00 pcu:176.25 scu:1371.75 tlayer:4 pbqpoffset:6.76 pbfactor:2.18 avgQpOffsetCutree:0.00;
in:476 out:474 type:B q:24.19 q-aq:20.31 q-noVbv:24.19 q-Rceq:1.32 tex:26915 mv:6837 misc:3128 icu:107.00 pcu:675.75 scu:777.25 tlayer:2 pbqpoffset:3.44 pbfactor:1.49 avgQpOffsetCutree:-3.55;
in:474 out:475 type:B q:24.42 q-aq:23.04 q-noVbv:24.42 q-Rceq:1.32 tex:8722 mv:2610 misc:1524 icu:76.50 pcu:436.75 scu:1046.75 tlayer:3 pbqpoffset:3.76 pbfactor:1.54 avgQpOffsetCutree:-1.67;
in:473 out:476 type:b q:27.37 q-aq:27.40 q-noVbv:27.37 q-Rceq:1.32 tex:1968 mv:1047 misc:681 icu:16.25 pcu:197.50 scu:1346.25 tlayer:4 pbqpoffset:6.76 pbfactor:2.18 avgQpOffsetCutree:0.00;
in:475 out:477 type:b q:27.46 q-aq:27.24 q-noVbv:27.46 q-Rceq:1.32 tex:1947 mv:1228 misc:601 icu:4.25 pcu:225.50 scu:1330.25 tlayer:4 pbqpoffset:6.76 pbfactor:2.18 avgQpOffsetCutree:0.00;
in:478 out:478 type:B q:24.60 q-aq:23.17 q-noVbv:24.60 q-Rceq:1.32 tex:8695 mv:3591 misc:1762 icu:41.00 pcu:383.75 scu:1135.25 tlayer:3 pbqpoffset:3.76 pbfactor:1.54 avgQpOffsetCutree:-1.74;
in:477 out:479 type:b q:27.56 q-aq:28.00 q-noVbv:27.56 q-Rceq:1.32 tex:1900 mv:1261 misc:751 icu:9.25 pcu:200.75 scu:1350.00 tlayer:4 pbqpoffset:6.76 pbfactor:2.18 avgQpOffsetCutree:0.00;
in:479 out:480 type:b q:27.65 q-aq:28.00 q-noVbv:27.65 q-Rceq:1.32 tex:1333 mv:1117 misc:702 icu:3.25 pcu:196.75 scu:1360.00 tlayer:4 pbqpoffset:6.76 pbfactor:2.18 avgQpOffsetCutree:0.00;
in:496 out:481 type:k q:21.37 q-aq:16.19 q-noVbv:21.37 q-Rceq:1.32 tex:234708 mv:27191 misc:4101 icu:726.75 pcu:753.75 scu:79.50 tlayer:0 pbqpoffset:1.05 pbfactor:1.13 avgQpOffsetCutree:-5.38;
in:488 out:482 type:B q:23.09 q-aq:18.38 q-noVbv:23.09 q-Rceq:1.32 tex:95725 mv:18482 misc:3569 icu:333.00 pcu:812.25 scu:414.75 tlayer:1 pbqpoffset:1.94 pbfactor:1.25 avgQpOffsetCutree:-4.37;
in:484 out:483 type:B q:24.05 q-aq:20.37 q-noVbv:24.05 q-Rceq:1.32 tex:23204 mv:7016 misc:2428 icu:76.00 pcu:591.00 scu:893.00 tlayer:2 pbqpoffset:3.01 pbfactor:1.42 avgQpOffsetCutree:-3.40;
in:482 out:484 type:B q:24.79 q-aq:23.39 q-noVbv:24.79 q-Rceq:1.32 tex:9002 mv:3039 misc:1607 icu:33.00 pcu:420.25 scu:1106.75 tlayer:3 pbqpoffset:3.80 pbfactor:1.55 avgQpOffsetCutree:-1.73;
in:481 out:485 type:b q:27.76 q-aq:28.00 q-noVbv:27.76 q-Rceq:1.32 tex:1229 mv:1125 misc:678 icu:5.50 pcu:178.00 scu:1376.50 tlayer:4 pbqpoffset:6.80 pbfactor:2.19 avgQpOffsetCutree:0.00;
in:483 out:486 type:b q:27.82 q-aq:28.00 q-noVbv:27.82 q-Rceq:1.32 tex:1189 mv:814 misc:493 icu:1.00 pcu:264.75 scu:1294.25 tlayer:4 pbqpoffset:6.80 pbfactor:2.19 avgQpOffsetCutree:0.00;
in:486 out:487 type:B q:24.90 q-aq:23.18 q-noVbv:24.90 q-Rceq:1.32 tex:8701 mv:3371 misc:1584 icu:26.75 pcu:422.00 scu:1111.25 tlayer:3 pbqpoffset:3.80 pbfactor:1.55 avgQpOffsetCutree:-1.80;
in:485 out:488 type:b q:27.87 q-aq:28.00 q-noVbv:27.87 q-Rceq:1.32 tex:831 mv:922 misc:623 icu:0.00 pcu:207.75 scu:1352.25 tlayer:4 pbqpoffset:6.80 pbfactor:2.19 avgQpOffsetCutree:0.00;
in:487 out:489 type:b q:27.93 q-aq:28.16 q-noVbv:27.93 q-Rceq:1.32 tex:827 mv:994 misc:635 icu:2.75 pcu:106.00 scu:1451.25 tlayer:4 pbqpoffset:6.80 pbfactor:2.19 avgQpOffsetCutree:0.00;
in:492 out:490 type:B q:24.16 q-aq:20.71 q-noVbv:24.16 q-Rceq:1.32 tex:24981 mv:8073 misc:2458 icu:44.50 pcu:621.00 scu:894.50 tlayer:2 pbqpoffset:2.90 pbfactor:1.40 avgQpOffsetCutree:-3.40;
in:490 out:491 type:B q:25.01 q-aq:23.42 q-noVbv:25.01 q-Rceq:1.32 tex:7870 mv:3741 misc:1597 icu:21.75 pcu:420.25 scu:1118.00 tlayer:3 pbqpoffset:3.80 pbfactor:1.55 avgQpOffsetCutree:-1.79;
in:489 out:492 type:b q:27.98 q-aq:28.00 q-noVbv:27.98 q-Rceq:1.32 tex:836 mv:1044 misc:624 icu:0.75 pcu:143.00 scu:1416.25 tlayer:4 pbqpoffset:6.80 pbfactor:2.19 avgQpOffsetCutree:0.00;
in:491 out:493 type:b q:28.04 q-aq:28.00 q-noVbv:28.04 q-Rceq:1.32 tex:957 mv:970 misc:553 icu:0.00 pcu:150.00 scu:1410.00 tlayer:4 pbqpoffset:6.80 pbfactor:2.19 avgQpOffsetCutree:0.00;
in:494 out:494 type:B q:25.12 q-aq:23.64 q-noVbv:25.12 q-Rceq:1.32 tex:8110 mv:3471 misc:1547 icu:9.25 pcu:296.00 scu:1254.75 tlayer:3 pbqpoffset:3.80 pbfactor:1.55 avgQpOffsetCutree:-1.82;
in:493 out:495 type:b q:28.09 q-aq:28.10 q-noVbv:28.09 q-Rceq:1.32 tex:583 mv:1043 misc:598 icu:0.25 pcu:134.00 scu:1425.75 tlayer:4 pbqpoffset:6.80 pbfactor:2.19 avgQpOffsetCutree:0.00;
in:495 out:496 type:b q:28.15 q-aq:28.01 q-noVbv:28.15 q-Rceq:1.32 tex:326 mv:709 misc:501 icu:0.25 pcu:46.25 scu:1513.50 tlayer:4 pbqpoffset:6.80 pbfactor:2.19 avgQpOffsetCutree:0.00;
in:499 out:497 type:k q:21.24 q-aq:19.57 q-noVbv:21.24 q-Rceq:1.32 tex:45638 mv:11152 misc:3194 icu:49.25 pcu:638.00 scu:872.75 tlayer:0 pbqpoffset:0.84 pbfactor:1.10 avgQpOffsetCutree:-1.46;
in:498 out:498 type:B q:23.34 q-aq:22.73 q-noVbv:23.34 q-Rceq:1.32 tex:3898 mv:4575 misc:1623 icu:1.50 pcu:588.50 scu:970.00 tlayer:1 pbqpoffset:2.06 pbfactor:1.27 avgQpOffsetCutree:-1.03;
in:497 out:499 type:b q:24.32 q-aq:24.00 q-noVbv:24.32 q-Rceq:1.32 tex:622 mv:1016 misc:674 icu:0.00 pcu:199.00 scu:1361.00 tlayer:2 pbqpoffset:2.99 pbfactor:1.41 avgQpOffsetCutree:0.00;
