#options: cpuid=1050111 frame-threads=1 no-wpp no-pmode no-pme psnr no-ssim log-level=2 bitdepth=8 input-csp=1 fps=25000/1000 input-res=832x480 interlace=0 total-frames=250 level-idc=0 high-tier=1 uhd-bd=0 ref=4 no-allow-non-conformance no-repeat-headers annexb no-aud no-hrd info hash=0 no-temporal-layers open-gop min-keyint=1 keyint=5000 bframes=15 b-adapt=2 b-pyramid bframe-bias=0 rc-lookahead=40 lookahead-slices=0 scenecut=40 no-intra-refresh ctu=64 min-cu-size=8 rect amp max-tu-size=32 tu-inter-depth=3 tu-intra-depth=3 limit-tu=4 rdoq-level=2 dynamic-rd=0.00 no-ssim-rd signhide no-tskip nr-intra=0 nr-inter=0 no-constrained-intra strong-intra-smoothing max-merge=4 limit-refs=1 limit-modes me=3 subme=4 merange=57 temporal-mvp weightp weightb no-analyze-src-pics deblock=0:0 sao no-sao-non-deblock rd=6 no-early-skip rskip no-fast-intra no-tskip-fast no-cu-lossless b-intra rdpenalty=0 psy-rd=0.00 psy-rdoq=0.00 no-rd-refine analysis-reuse-mode=0 no-lossless cbqpoffs=0 crqpoffs=0 rc=abr bitrate=2000 qcomp=0.60 qpstep=4 stats-write=1 stats-read=0 slow-firstpass ipratio=1.40 pbratio=1.30 aq-mode=1 aq-strength=0.00 cutree zone-count=0 no-strict-cbr qg-size=64 no-rc-grain qpmax=69 qpmin=0 no-const-vbv sar=0 overscan=0 videoformat=5 range=0 colorprim=2 transfer=2 colormatrix=2 chromaloc=0 display-window=0 max-cll=0,0 min-luma=0 max-luma=255 log2-max-poc-lsb=8 vui-timing-info vui-hrd-info slices=1 opt-qp-pps opt-ref-list-length-pps no-multi-pass-opt-rps scenecut-bias=0.05 no-opt-cu-delta-qp no-aq-motion no-hdr no-hdr-opt no-dhdr10-opt analysis-reuse-level=5 scale-factor=0 refine-intra=0 refine-inter=0 refine-mv=0 no-limit-sao ctu-info=0 max-tlayer=4
in:0 out:0 type:I q:18.16 q-aq:8.98 q-noVbv:18.16 q-Rceq:1.00 tex:486085 mv:23322 misc:3017 icu:1560.00 pcu:0.00 scu:0.00 tlayer:0 pbqpoffset:0.00 pbfactor:1.00 avgQpOffsetCutree:-7.81;
in:16 out:1 type:k q:21.07 q-aq:12.26 q-noVbv:21.07 q-Rceq:1.00 tex:113361 mv:16390 misc:4609 icu:59.75 pcu:1303.25 scu:197.00 tlayer:0 pbqpoffset:0.00 pbfactor:1.00 avgQpOffsetCutree:-7.37;
in:8 out:2 type:B q:22.69 q-aq:16.44 q-noVbv:22.69 q-Rceq:1.00 tex:17324 mv:5156 misc:2272 icu:0.50 pcu:999.75 scu:559.75 tlayer:1 pbqpoffset:1.62 pbfactor:1.21 avgQpOffsetCutree:-4.56;
in:4 out:3 type:B q:22.86 q-aq:20.24 q-noVbv:22.86 q-Rceq:1.00 tex:338 mv:1110 misc:776 icu:0.00 pcu:306.50 scu:1253.50 tlayer:2 pbqpoffset:1.79 pbfactor:1.23 avgQpOffsetCutree:-3.20;
in:2 out:4 type:B q:24.55 q-aq:25.00 q-noVbv:24.55 q-Rceq:1.00 tex:18 mv:131 misc:187 icu:4.00 pcu:84.00 scu:1472.00 tlayer:3 pbqpoffset:3.48 pbfactor:1.50 avgQpOffsetCutree:-1.65;
in:1 out:5 type:b q:27.38 q-aq:27.00 q-noVbv:27.38 q-Rceq:1.00 tex:3 mv:75 misc:154 icu:0.00 pcu:48.00 scu:1512.00 tlayer:4 pbqpoffset:6.31 pbfactor:2.07 avgQpOffsetCutree:0.00;
in:3 out:6 type:b q:26.87 q-aq:27.00 q-noVbv:26.87 q-Rceq:1.00 tex:5 mv:176 misc:195 icu:0.00 pcu:112.00 scu:1448.00 tlayer:4 pbqpoffset:5.80 pbfactor:1.95 avgQpOffsetCutree:0.00;
in:6 out:7 type:B q:23.50 q-aq:22.44 q-noVbv:23.50 q-Rceq:1.00 tex:50 mv:410 misc:292 icu:0.00 pcu:259.00 scu:1301.00 tlayer:3 pbqpoffset:2.43 pbfactor:1.32 avgQpOffsetCutree:-1.72;
in:5 out:8 type:b q:25.59 q-aq:26.00 q-noVbv:25.59 q-Rceq:1.00 tex:4 mv:161 misc:171 icu:0.00 pcu:52.00 scu:1508.00 tlayer:4 pbqpoffset:4.52 pbfactor:1.69 avgQpOffsetCutree:0.00;
in:7 out:9 type:b q:23.83 q-aq:24.00 q-noVbv:23.83 q-Rceq:1.00 tex:238 mv:781 misc:645 icu:0.00 pcu:314.75 scu:1245.25 tlayer:4 pbqpoffset:2.75 pbfactor:1.37 avgQpOffsetCutree:0.00;
in:12 out:10 type:B q:23.07 q-aq:18.05 q-noVbv:23.07 q-Rceq:1.00 tex:951 mv:1123 misc:854 icu:0.00 pcu:579.00 scu:981.00 tlayer:2 pbqpoffset:1.99 pbfactor:1.26 avgQpOffsetCutree:-3.60;
in:10 out:11 type:B q:23.33 q-aq:23.00 q-noVbv:23.33 q-Rceq:1.00 tex:16 mv:494 misc:306 icu:0.00 pcu:256.00 scu:1304.00 tlayer:3 pbqpoffset:2.26 pbfactor:1.30 avgQpOffsetCutree:-1.54;
in:9 out:12 type:b q:24.88 q-aq:25.00 q-noVbv:24.88 q-Rceq:1.00 tex:0 mv:63 misc:185 icu:0.00 pcu:0.00 scu:1560.00 tlayer:4 pbqpoffset:3.81 pbfactor:1.55 avgQpOffsetCutree:0.00;
in:11 out:13 type:b q:23.83 q-aq:24.00 q-noVbv:23.83 q-Rceq:1.00 tex:621 mv:645 misc:382 icu:0.00 pcu:243.00 scu:1317.00 tlayer:4 pbqpoffset:2.75 pbfactor:1.37 avgQpOffsetCutree:0.00;
in:14 out:14 type:B q:22.99 q-aq:23.00 q-noVbv:22.99 q-Rceq:1.00 tex:1 mv:32 misc:175 icu:0.00 pcu:16.00 scu:1544.00 tlayer:3 pbqpoffset:1.91 pbfactor:1.25 avgQpOffsetCutree:-1.53;
in:13 out:15 type:b q:24.25 q-aq:24.00 q-noVbv:24.25 q-Rceq:1.00 tex:27 mv:42 misc:195 icu:0.00 pcu:17.00 scu:1543.00 tlayer:4 pbqpoffset:3.18 pbfactor:1.44 avgQpOffsetCutree:0.00;
in:15 out:16 type:b q:23.83 q-aq:24.00 q-noVbv:23.83 q-Rceq:1.00 tex:6 mv:189 misc:197 icu:0.00 pcu:128.00 scu:1432.00 tlayer:4 pbqpoffset:2.75 pbfactor:1.37 avgQpOffsetCutree:0.00;
in:32 out:17 type:k q:17.07 q-aq:10.12 q-noVbv:17.07 q-Rceq:1.00 tex:425656 mv:27638 misc:3186 icu:1521.75 pcu:37.50 scu:0.75 tlayer:0 pbqpoffset:0.00 pbfactor:1.00 avgQpOffsetCutree:-7.67;
in:24 out:18 type:B q:22.32 q-aq:15.95 q-noVbv:22.32 q-Rceq:1.00 tex:28231 mv:2992 misc:1753 icu:20.75 pcu:817.50 scu:721.75 tlayer:1 pbqpoffset:3.25 pbfactor:1.46 avgQpOffsetCutree:-4.75;
in:20 out:19 type:B q:23.32 q-aq:19.07 q-noVbv:23.32 q-Rceq:1.00 tex:1868 mv:1211 misc:945 icu:0.00 pcu:540.25 scu:1019.75 tlayer:2 pbqpoffset:3.25 pbfactor:1.46 avgQpOffsetCutree:-3.45;
in:18 out:20 type:B q:23.82 q-aq:23.37 q-noVbv:23.82 q-Rceq:1.00 tex:410 mv:80 misc:238 icu:0.00 pcu:62.00 scu:1498.00 tlayer:3 pbqpoffset:3.25 pbfactor:1.46 avgQpOffsetCutree:-1.75;
in:17 out:21 type:b q:27.07 q-aq:27.00 q-noVbv:27.07 q-Rceq:1.00 tex:225 mv:131 misc:244 icu:0.00 pcu:44.00 scu:1516.00 tlayer:4 pbqpoffset:6.25 pbfactor:2.06 avgQpOffsetCutree:0.00;
in:19 out:22 type:b q:26.57 q-aq:27.00 q-noVbv:26.57 q-Rceq:1.00 tex:0 mv:9 misc:175 icu:0.00 pcu:0.00 scu:1560.00 tlayer:4 pbqpoffset:6.25 pbfactor:2.06 avgQpOffsetCutree:0.00;
in:22 out:23 type:B q:22.82 q-aq:22.27 q-noVbv:22.82 q-Rceq:1.00 tex:112 mv:374 misc:330 icu:0.00 pcu:196.00 scu:1364.00 tlayer:3 pbqpoffset:3.25 pbfactor:1.46 avgQpOffsetCutree:-1.62;
in:21 out:24 type:b q:26.07 q-aq:26.00 q-noVbv:26.07 q-Rceq:1.00 tex:0 mv:13 misc:171 icu:0.00 pcu:0.00 scu:1560.00 tlayer:4 pbqpoffset:6.25 pbfactor:2.06 avgQpOffsetCutree:0.00;
in:23 out:25 type:b q:25.57 q-aq:26.00 q-noVbv:25.57 q-Rceq:1.00 tex:2 mv:69 misc:185 icu:0.00 pcu:32.00 scu:1528.00 tlayer:4 pbqpoffset:6.25 pbfactor:2.06 avgQpOffsetCutree:0.00;
in:28 out:26 type:B q:21.32 q-aq:16.09 q-noVbv:21.32 q-Rceq:1.00 tex:52596 mv:2269 misc:3079 icu:8.25 pcu:1060.50 scu:491.25 tlayer:2 pbqpoffset:3.25 pbfactor:1.46 avgQpOffsetCutree:-4.17;
in:26 out:27 type:B q:21.82 q-aq:21.51 q-noVbv:21.82 q-Rceq:1.00 tex:287 mv:116 misc:261 icu:0.00 pcu:75.25 scu:1484.75 tlayer:3 pbqpoffset:3.25 pbfactor:1.46 avgQpOffsetCutree:-1.80;
in:25 out:28 type:b q:25.07 q-aq:25.00 q-noVbv:25.07 q-Rceq:1.00 tex:412 mv:557 misc:295 icu:0.00 pcu:253.00 scu:1307.00 tlayer:4 pbqpoffset:6.25 pbfactor:2.06 avgQpOffsetCutree:0.00;
in:27 out:29 type:b q:24.37 q-aq:24.00 q-noVbv:24.37 q-Rceq:1.00 tex:0 mv:8 misc:200 icu:0.00 pcu:0.00 scu:1560.00 tlayer:4 pbqpoffset:6.04 pbfactor:2.01 avgQpOffsetCutree:0.00;
in:30 out:30 type:B q:20.82 q-aq:19.76 q-noVbv:20.82 q-Rceq:1.00 tex:6480 mv:782 misc:882 icu:0.00 pcu:299.50 scu:1260.50 tlayer:3 pbqpoffset:3.25 pbfactor:1.46 avgQpOffsetCutree:-1.20;
in:29 out:31 type:b q:24.07 q-aq:24.00 q-noVbv:24.07 q-Rceq:1.00 tex:162 mv:382 misc:312 icu:0.00 pcu:233.00 scu:1327.00 tlayer:4 pbqpoffset:6.25 pbfactor:2.06 avgQpOffsetCutree:0.00;
in:31 out:32 type:b q:23.57 q-aq:24.00 q-noVbv:23.57 q-Rceq:1.00 tex:20 mv:187 misc:241 icu:0.00 pcu:112.00 scu:1448.00 tlayer:4 pbqpoffset:6.25 pbfactor:2.06 avgQpOffsetCutree:0.00;
in:48 out:33 type:k q:13.07 q-aq:6.45 q-noVbv:13.07 q-Rceq:1.00 tex:489984 mv:39834 misc:3718 icu:365.75 pcu:1152.25 scu:42.00 tlayer:0 pbqpoffset:0.00 pbfactor:1.00 avgQpOffsetCutree:-6.39;
in:40 out:34 type:B q:16.44 q-aq:10.39 q-noVbv:16.44 q-Rceq:1.00 tex:69841 mv:22964 misc:5411 icu:46.75 pcu:1166.50 scu:346.75 tlayer:1 pbqpoffset:1.37 pbfactor:1.17 avgQpOffsetCutree:-4.91;
in:36 out:35 type:B q:18.49 q-aq:15.67 q-noVbv:18.49 q-Rceq:1.00 tex:2349 mv:1664 misc:1131 icu:0.00 pcu:394.75 scu:1165.25 tlayer:2 pbqpoffset:2.42 pbfactor:1.32 avgQpOffsetCutree:-2.92;
in:34 out:36 type:B q:18.96 q-aq:18.46 q-noVbv:18.96 q-Rceq:1.00 tex:99 mv:1384 misc:597 icu:0.00 pcu:584.00 scu:976.00 tlayer:3 pbqpoffset:2.39 pbfactor:1.32 avgQpOffsetCutree:-1.72;
in:33 out:37 type:b q:21.71 q-aq:22.00 q-noVbv:21.71 q-Rceq:1.00 tex:4 mv:143 misc:237 icu:0.00 pcu:64.00 scu:1496.00 tlayer:4 pbqpoffset:4.88 pbfactor:1.76 avgQpOffsetCutree:0.00;
in:35 out:38 type:b q:18.82 q-aq:19.00 q-noVbv:18.82 q-Rceq:1.00 tex:1504 mv:1467 misc:885 icu:0.00 pcu:604.75 scu:955.25 tlayer:4 pbqpoffset:2.50 pbfactor:1.34 avgQpOffsetCutree:0.00;
in:38 out:39 type:B q:17.28 q-aq:15.49 q-noVbv:17.28 q-Rceq:1.00 tex:987 mv:1718 misc:935 icu:0.00 pcu:485.25 scu:1074.75 tlayer:3 pbqpoffset:1.71 pbfactor:1.22 avgQpOffsetCutree:-1.58;
in:37 out:40 type:b q:21.61 q-aq:22.00 q-noVbv:21.61 q-Rceq:1.00 tex:12 mv:334 misc:334 icu:0.00 pcu:176.00 scu:1384.00 tlayer:4 pbqpoffset:5.79 pbfactor:1.95 avgQpOffsetCutree:0.00;
in:39 out:41 type:b q:19.61 q-aq:20.00 q-noVbv:19.61 q-Rceq:1.00 tex:1034 mv:400 misc:518 icu:0.50 pcu:160.25 scu:1399.25 tlayer:4 pbqpoffset:4.29 pbfactor:1.64 avgQpOffsetCutree:0.00;
in:44 out:42 type:B q:15.44 q-aq:11.23 q-noVbv:15.44 q-Rceq:1.00 tex:17480 mv:7589 misc:3035 icu:10.75 pcu:796.25 scu:753.00 tlayer:2 pbqpoffset:1.37 pbfactor:1.17 avgQpOffsetCutree:-3.43;
in:42 out:43 type:B q:16.03 q-aq:13.85 q-noVbv:16.03 q-Rceq:1.00 tex:9128 mv:3778 misc:1838 icu:0.00 pcu:587.50 scu:972.50 tlayer:3 pbqpoffset:1.46 pbfactor:1.18 avgQpOffsetCutree:-1.80;
in:41 out:44 type:b q:17.77 q-aq:18.00 q-noVbv:17.77 q-Rceq:1.00 tex:672 mv:411 misc:589 icu:0.00 pcu:86.50 scu:1473.50 tlayer:4 pbqpoffset:2.95 pbfactor:1.41 avgQpOffsetCutree:0.00;
in:43 out:45 type:b q:17.16 q-aq:17.00 q-noVbv:17.16 q-Rceq:1.00 tex:1093 mv:1367 misc:820 icu:0.00 pcu:423.25 scu:1136.75 tlayer:4 pbqpoffset:2.83 pbfactor:1.39 avgQpOffsetCutree:0.00;
in:46 out:46 type:B q:14.94 q-aq:13.43 q-noVbv:14.94 q-Rceq:1.00 tex:17900 mv:7493 misc:2935 icu:10.50 pcu:699.00 scu:850.50 tlayer:3 pbqpoffset:1.37 pbfactor:1.17 avgQpOffsetCutree:-1.45;
in:45 out:47 type:b q:16.32 q-aq:16.00 q-noVbv:16.32 q-Rceq:1.00 tex:515 mv:1833 misc:916 icu:0.00 pcu:514.50 scu:1045.50 tlayer:4 pbqpoffset:2.50 pbfactor:1.34 avgQpOffsetCutree:0.00;
in:47 out:48 type:b q:15.82 q-aq:16.00 q-noVbv:15.82 q-Rceq:1.00 tex:2860 mv:1295 misc:1013 icu:4.25 pcu:347.75 scu:1208.00 tlayer:4 pbqpoffset:2.50 pbfactor:1.34 avgQpOffsetCutree:0.00;
in:56 out:49 type:k q:10.16 q-aq:5.03 q-noVbv:10.16 q-Rceq:1.00 tex:632182 mv:51028 misc:3422 icu:637.75 pcu:913.50 scu:8.75 tlayer:0 pbqpoffset:0.00 pbfactor:1.00 avgQpOffsetCutree:-5.40;
in:52 out:50 type:B q:12.48 q-aq:9.28 q-noVbv:12.48 q-Rceq:1.00 tex:57548 mv:11343 misc:4677 icu:116.00 pcu:802.50 scu:641.50 tlayer:1 pbqpoffset:0.86 pbfactor:1.10 avgQpOffsetCutree:-3.21;
in:50 out:51 type:B q:13.80 q-aq:12.43 q-noVbv:13.80 q-Rceq:1.00 tex:7948 mv:3300 misc:2184 icu:7.00 pcu:529.00 scu:1024.00 tlayer:2 pbqpoffset:1.46 pbfactor:1.18 avgQpOffsetCutree:-1.60;
in:49 out:52 type:b q:14.79 q-aq:14.50 q-noVbv:14.79 q-Rceq:1.00 tex:3653 mv:2015 misc:1276 icu:6.00 pcu:295.50 scu:1258.50 tlayer:3 pbqpoffset:2.08 pbfactor:1.27 avgQpOffsetCutree:0.00;
in:51 out:53 type:b q:14.93 q-aq:15.01 q-noVbv:14.93 q-Rceq:1.00 tex:2130 mv:1105 misc:997 icu:4.50 pcu:222.75 scu:1332.75 tlayer:3 pbqpoffset:2.95 pbfactor:1.41 avgQpOffsetCutree:0.00;
in:54 out:54 type:B q:12.09 q-aq:10.54 q-noVbv:12.09 q-Rceq:1.00 tex:19384 mv:5561 misc:3415 icu:45.00 pcu:634.50 scu:880.50 tlayer:2 pbqpoffset:1.20 pbfactor:1.15 avgQpOffsetCutree:-1.59;
in:53 out:55 type:b q:13.82 q-aq:13.90 q-noVbv:13.82 q-Rceq:1.00 tex:5011 mv:2162 misc:1339 icu:12.50 pcu:372.50 scu:1175.00 tlayer:3 pbqpoffset:2.56 pbfactor:1.34 avgQpOffsetCutree:0.00;
in:55 out:56 type:b q:12.99 q-aq:13.00 q-noVbv:12.99 q-Rceq:1.00 tex:6078 mv:2953 misc:1793 icu:11.00 pcu:529.50 scu:1019.50 tlayer:3 pbqpoffset:2.47 pbfactor:1.33 avgQpOffsetCutree:0.00;
in:64 out:57 type:k q:10.67 q-aq:5.62 q-noVbv:10.67 q-Rceq:1.00 tex:713640 mv:34550 misc:2986 icu:1519.50 pcu:40.50 scu:0.00 tlayer:0 pbqpoffset:0.48 pbfactor:1.06 avgQpOffsetCutree:-6.46;
in:60 out:58 type:B q:13.40 q-aq:10.84 q-noVbv:13.40 q-Rceq:1.00 tex:148596 mv:10792 misc:4108 icu:81.50 pcu:1270.75 scu:207.75 tlayer:1 pbqpoffset:2.98 pbfactor:1.41 avgQpOffsetCutree:-2.84;
in:58 out:59 type:B q:13.67 q-aq:12.25 q-noVbv:13.67 q-Rceq:1.00 tex:24613 mv:5581 misc:4014 icu:60.50 pcu:678.25 scu:821.25 tlayer:2 pbqpoffset:3.38 pbfactor:1.48 avgQpOffsetCutree:-1.59;
in:57 out:60 type:b q:16.61 q-aq:16.14 q-noVbv:16.61 q-Rceq:1.00 tex:1611 mv:1131 misc:1146 icu:4.00 pcu:311.75 scu:1244.25 tlayer:3 pbqpoffset:6.38 pbfactor:2.09 avgQpOffsetCutree:0.00;
in:59 out:61 type:b q:16.74 q-aq:16.56 q-noVbv:16.74 q-Rceq:1.00 tex:1700 mv:1312 misc:1260 icu:0.00 pcu:318.75 scu:1241.25 tlayer:3 pbqpoffset:6.38 pbfactor:2.09 avgQpOffsetCutree:0.00;
in:62 out:62 type:B q:13.93 q-aq:12.57 q-noVbv:13.93 q-Rceq:1.00 tex:22560 mv:5710 misc:4186 icu:72.25 pcu:584.75 scu:903.00 tlayer:2 pbqpoffset:3.38 pbfactor:1.48 avgQpOffsetCutree:-1.54;
in:61 out:63 type:b q:16.86 q-aq:17.00 q-noVbv:16.86 q-Rceq:1.00 tex:4645 mv:2289 misc:1754 icu:31.00 pcu:505.50 scu:1023.50 tlayer:3 pbqpoffset:6.38 pbfactor:2.09 avgQpOffsetCutree:0.00;
in:63 out:64 type:b q:16.99 q-aq:17.00 q-noVbv:16.99 q-Rceq:1.00 tex:8866 mv:1684 misc:1362 icu:22.00 pcu:1538.00 scu:0.00 tlayer:3 pbqpoffset:6.38 pbfactor:2.09 avgQpOffsetCutree:0.00;
in:72 out:65 type:k q:11.32 q-aq:5.42 q-noVbv:11.32 q-Rceq:1.00 tex:611799 mv:42375 misc:3210 icu:407.00 pcu:1124.75 scu:28.25 tlayer:0 pbqpoffset:0.48 pbfactor:1.06 avgQpOffsetCutree:-6.32;
in:68 out:66 type:B q:12.78 q-aq:9.26 q-noVbv:12.78 q-Rceq:1.00 tex:67541 mv:11062 misc:4765 icu:34.00 pcu:887.50 scu:638.50 tlayer:1 pbqpoffset:1.78 pbfactor:1.23 avgQpOffsetCutree:-3.40;
in:66 out:67 type:B q:13.29 q-aq:11.90 q-noVbv:13.29 q-Rceq:1.00 tex:30278 mv:7478 misc:3748 icu:10.00 pcu:814.25 scu:735.75 tlayer:2 pbqpoffset:2.45 pbfactor:1.33 avgQpOffsetCutree:-1.61;
in:65 out:68 type:b q:14.12 q-aq:14.04 q-noVbv:14.12 q-Rceq:1.00 tex:9959 mv:3224 misc:2097 icu:4.00 pcu:520.00 scu:1036.00 tlayer:3 pbqpoffset:3.37 pbfactor:1.48 avgQpOffsetCutree:0.00;
in:67 out:69 type:b q:15.73 q-aq:15.49 q-noVbv:15.73 q-Rceq:1.00 tex:3241 mv:1464 misc:1015 icu:4.00 pcu:353.25 scu:1202.75 tlayer:3 pbqpoffset:4.81 pbfactor:1.74 avgQpOffsetCutree:0.00;
in:70 out:70 type:B q:14.09 q-aq:12.39 q-noVbv:14.09 q-Rceq:1.00 tex:10680 mv:3715 misc:2613 icu:0.75 pcu:540.75 scu:1018.50 tlayer:2 pbqpoffset:2.93 pbfactor:1.40 avgQpOffsetCutree:-1.71;
in:69 out:71 type:b q:16.23 q-aq:16.00 q-noVbv:16.23 q-Rceq:1.00 tex:1491 mv:1502 misc:1007 icu:0.00 pcu:228.25 scu:1331.75 tlayer:3 pbqpoffset:5.15 pbfactor:1.81 avgQpOffsetCutree:0.00;
in:71 out:72 type:b q:15.93 q-aq:16.00 q-noVbv:15.93 q-Rceq:1.00 tex:2140 mv:1329 misc:971 icu:1.00 pcu:281.00 scu:1278.00 tlayer:3 pbqpoffset:4.69 pbfactor:1.72 avgQpOffsetCutree:0.00;
in:80 out:73 type:k q:10.91 q-aq:5.85 q-noVbv:10.91 q-Rceq:1.00 tex:639564 mv:48352 misc:3372 icu:647.00 pcu:905.75 scu:7.25 tlayer:0 pbqpoffset:0.25 pbfactor:1.03 avgQpOffsetCutree:-5.89;
in:76 out:74 type:B q:12.83 q-aq:9.82 q-noVbv:12.83 q-Rceq:1.00 tex:89061 mv:13897 misc:5274 icu:61.50 pcu:960.25 scu:538.25 tlayer:1 pbqpoffset:1.72 pbfactor:1.22 avgQpOffsetCutree:-3.19;
in:74 out:75 type:B q:13.56 q-aq:12.30 q-noVbv:13.56 q-Rceq:1.00 tex:99807 mv:8092 misc:3541 icu:39.00 pcu:1275.75 scu:245.25 tlayer:2 pbqpoffset:2.34 pbfactor:1.31 avgQpOffsetCutree:-1.57;
in:73 out:76 type:b q:16.45 q-aq:16.01 q-noVbv:16.45 q-Rceq:1.00 tex:5347 mv:1895 misc:1350 icu:4.25 pcu:254.75 scu:1301.00 tlayer:3 pbqpoffset:5.18 pbfactor:1.82 avgQpOffsetCutree:0.00;
in:75 out:77 type:b q:16.57 q-aq:16.09 q-noVbv:16.57 q-Rceq:1.00 tex:5000 mv:2022 misc:1658 icu:6.25 pcu:312.75 scu:1241.00 tlayer:3 pbqpoffset:5.40 pbfactor:1.87 avgQpOffsetCutree:0.00;
in:78 out:78 type:B q:14.07 q-aq:12.58 q-noVbv:14.07 q-Rceq:1.00 tex:22166 mv:5511 misc:2963 icu:1.50 pcu:752.25 scu:806.25 tlayer:2 pbqpoffset:3.05 pbfactor:1.42 avgQpOffsetCutree:-1.61;
in:77 out:79 type:b q:16.37 q-aq:16.00 q-noVbv:16.37 q-Rceq:1.00 tex:3350 mv:1806 misc:1284 icu:0.00 pcu:395.75 scu:1164.25 tlayer:3 pbqpoffset:5.30 pbfactor:1.84 avgQpOffsetCutree:0.00;
in:79 out:80 type:b q:15.47 q-aq:15.00 q-noVbv:15.47 q-Rceq:1.00 tex:5156 mv:2456 misc:1636 icu:1.00 pcu:336.00 scu:1223.00 tlayer:3 pbqpoffset:4.50 pbfactor:1.68 avgQpOffsetCutree:0.00;
in:88 out:81 type:k q:11.55 q-aq:7.07 q-noVbv:11.55 q-Rceq:1.00 tex:579523 mv:46534 misc:3615 icu:808.75 pcu:738.25 scu:13.00 tlayer:0 pbqpoffset:0.25 pbfactor:1.03 avgQpOffsetCutree:-5.45;
in:84 out:82 type:B q:13.16 q-aq:10.13 q-noVbv:13.16 q-Rceq:1.00 tex:87289 mv:14078 misc:5457 icu:55.00 pcu:927.50 scu:577.50 tlayer:1 pbqpoffset:1.93 pbfactor:1.25 avgQpOffsetCutree:-3.25;
in:82 out:83 type:B q:14.29 q-aq:12.90 q-noVbv:14.29 q-Rceq:1.00 tex:25024 mv:5357 misc:3475 icu:9.00 pcu:660.25 scu:890.75 tlayer:2 pbqpoffset:3.22 pbfactor:1.45 avgQpOffsetCutree:-1.64;
in:81 out:84 type:b q:16.79 q-aq:16.99 q-noVbv:16.79 q-Rceq:1.00 tex:3261 mv:1343 misc:1476 icu:0.00 pcu:291.75 scu:1268.25 tlayer:3 pbqpoffset:5.79 pbfactor:1.95 avgQpOffsetCutree:0.00;
in:83 out:85 type:b q:17.08 q-aq:17.00 q-noVbv:17.08 q-Rceq:1.00 tex:1289 mv:843 misc:868 icu:0.25 pcu:193.75 scu:1366.00 tlayer:3 pbqpoffset:5.93 pbfactor:1.98 avgQpOffsetCutree:0.00;
in:86 out:86 type:B q:14.76 q-aq:13.27 q-noVbv:14.76 q-Rceq:1.00 tex:21624 mv:6309 misc:3547 icu:4.50 pcu:671.25 scu:884.25 tlayer:2 pbqpoffset:3.36 pbfactor:1.47 avgQpOffsetCutree:-1.67;
in:85 out:87 type:b q:17.58 q-aq:17.08 q-noVbv:17.58 q-Rceq:1.00 tex:2084 mv:1222 misc:926 icu:0.00 pcu:255.50 scu:1304.50 tlayer:3 pbqpoffset:6.27 pbfactor:2.06 avgQpOffsetCutree:0.00;
in:87 out:88 type:b q:17.07 q-aq:17.00 q-noVbv:17.07 q-Rceq:1.00 tex:4363 mv:1779 misc:1282 icu:1.00 pcu:312.25 scu:1246.75 tlayer:3 pbqpoffset:5.59 pbfactor:1.91 avgQpOffsetCutree:0.00;
in:92 out:89 type:k q:15.31 q-aq:10.68 q-noVbv:15.31 q-Rceq:1.00 tex:487849 mv:22032 misc:2935 icu:1056.00 pcu:498.75 scu:5.25 tlayer:0 pbqpoffset:0.25 pbfactor:1.03 avgQpOffsetCutree:-5.85;
in:90 out:90 type:B q:17.02 q-aq:15.43 q-noVbv:17.02 q-Rceq:1.00 tex:12159 mv:4275 misc:2990 icu:5.75 pcu:597.50 scu:956.75 tlayer:1 pbqpoffset:3.59 pbfactor:1.51 avgQpOffsetCutree:-1.79;
in:89 out:91 type:b q:18.51 q-aq:18.04 q-noVbv:18.51 q-Rceq:1.00 tex:3864 mv:1391 misc:1297 icu:0.00 pcu:415.00 scu:1145.00 tlayer:2 pbqpoffset:6.02 pbfactor:2.00 avgQpOffsetCutree:0.00;
in:91 out:92 type:b q:20.37 q-aq:20.00 q-noVbv:20.37 q-Rceq:1.00 tex:2438 mv:1426 misc:1056 icu:0.00 pcu:364.50 scu:1195.50 tlayer:2 pbqpoffset:6.00 pbfactor:2.00 avgQpOffsetCutree:0.00;
in:96 out:93 type:k q:14.96 q-aq:9.44 q-noVbv:14.96 q-Rceq:1.00 tex:517151 mv:33367 misc:3778 icu:949.75 pcu:573.50 scu:36.75 tlayer:0 pbqpoffset:0.23 pbfactor:1.03 avgQpOffsetCutree:-6.41;
in:94 out:94 type:B q:18.11 q-aq:16.73 q-noVbv:18.11 q-Rceq:1.00 tex:11998 mv:4349 misc:2621 icu:3.25 pcu:650.75 scu:906.00 tlayer:1 pbqpoffset:2.98 pbfactor:1.41 avgQpOffsetCutree:-1.72;
in:93 out:95 type:b q:19.96 q-aq:20.00 q-noVbv:19.96 q-Rceq:1.00 tex:1328 mv:824 misc:768 icu:0.00 pcu:192.00 scu:1368.00 tlayer:2 pbqpoffset:4.74 pbfactor:1.73 avgQpOffsetCutree:0.00;
in:95 out:96 type:b q:20.12 q-aq:20.00 q-noVbv:20.12 q-Rceq:1.00 tex:1767 mv:1121 misc:880 icu:0.00 pcu:231.50 scu:1328.50 tlayer:2 pbqpoffset:5.08 pbfactor:1.80 avgQpOffsetCutree:0.00;
in:104 out:97 type:k q:12.19 q-aq:6.48 q-noVbv:12.19 q-Rceq:1.00 tex:603753 mv:51511 misc:3528 icu:661.00 pcu:892.75 scu:6.25 tlayer:0 pbqpoffset:0.23 pbfactor:1.03 avgQpOffsetCutree:-6.17;
in:100 out:98 type:B q:14.99 q-aq:11.89 q-noVbv:14.99 q-Rceq:1.00 tex:72857 mv:13229 misc:4858 icu:34.25 pcu:900.50 scu:625.25 tlayer:1 pbqpoffset:1.42 pbfactor:1.18 avgQpOffsetCutree:-3.15;
in:98 out:99 type:B q:16.23 q-aq:14.75 q-noVbv:16.23 q-Rceq:1.00 tex:18191 mv:5332 misc:2957 icu:2.75 pcu:713.25 scu:844.00 tlayer:2 pbqpoffset:1.97 pbfactor:1.26 avgQpOffsetCutree:-1.68;
in:97 out:100 type:b q:18.39 q-aq:18.00 q-noVbv:18.39 q-Rceq:1.00 tex:3423 mv:1297 misc:1080 icu:0.00 pcu:265.75 scu:1294.25 tlayer:3 pbqpoffset:3.78 pbfactor:1.55 avgQpOffsetCutree:0.00;
in:99 out:101 type:b q:16.47 q-aq:16.08 q-noVbv:16.47 q-Rceq:1.00 tex:75987 mv:4208 misc:2653 icu:9.00 pcu:1163.25 scu:387.75 tlayer:3 pbqpoffset:2.55 pbfactor:1.34 avgQpOffsetCutree:0.00;
in:102 out:102 type:B q:14.30 q-aq:13.15 q-noVbv:14.30 q-Rceq:1.00 tex:110505 mv:9984 misc:3327 icu:13.75 pcu:1283.00 scu:263.25 tlayer:2 pbqpoffset:1.42 pbfactor:1.18 avgQpOffsetCutree:-1.54;
in:101 out:103 type:b q:16.14 q-aq:16.00 q-noVbv:16.14 q-Rceq:1.00 tex:3114 mv:1709 misc:1249 icu:0.00 pcu:284.00 scu:1276.00 tlayer:3 pbqpoffset:2.91 pbfactor:1.40 avgQpOffsetCutree:0.00;
in:103 out:104 type:b q:15.09 q-aq:15.00 q-noVbv:15.09 q-Rceq:1.00 tex:9711 mv:2583 misc:1882 icu:1.00 pcu:384.00 scu:1175.00 tlayer:3 pbqpoffset:2.55 pbfactor:1.34 avgQpOffsetCutree:0.00;
in:112 out:105 type:k q:14.54 q-aq:9.29 q-noVbv:14.54 q-Rceq:1.00 tex:417913 mv:42679 misc:3688 icu:629.25 pcu:913.75 scu:17.00 tlayer:0 pbqpoffset:0.23 pbfactor:1.03 avgQpOffsetCutree:-6.02;
in:108 out:106 type:B q:14.68 q-aq:11.73 q-noVbv:14.68 q-Rceq:1.00 tex:149068 mv:14338 misc:3946 icu:122.25 pcu:1288.75 scu:149.00 tlayer:1 pbqpoffset:1.31 pbfactor:1.16 avgQpOffsetCutree:-3.25;
in:106 out:107 type:B q:15.19 q-aq:13.99 q-noVbv:15.19 q-Rceq:1.00 tex:25013 mv:4627 misc:3248 icu:1.50 pcu:683.25 scu:875.25 tlayer:2 pbqpoffset:2.41 pbfactor:1.32 avgQpOffsetCutree:-1.54;
in:105 out:108 type:b q:16.15 q-aq:16.00 q-noVbv:16.15 q-Rceq:1.00 tex:7397 mv:1599 misc:1772 icu:3.25 pcu:352.00 scu:1204.75 tlayer:3 pbqpoffset:3.67 pbfactor:1.53 avgQpOffsetCutree:0.00;
in:107 out:109 type:b q:17.28 q-aq:17.00 q-noVbv:17.28 q-Rceq:1.00 tex:3966 mv:1580 misc:1222 icu:0.00 pcu:321.75 scu:1238.25 tlayer:3 pbqpoffset:4.21 pbfactor:1.63 avgQpOffsetCutree:0.00;
in:110 out:110 type:B q:16.35 q-aq:14.75 q-noVbv:16.35 q-Rceq:1.00 tex:12788 mv:2996 misc:2352 icu:1.25 pcu:499.00 scu:1059.75 tlayer:2 pbqpoffset:2.40 pbfactor:1.32 avgQpOffsetCutree:-1.72;
in:109 out:111 type:b q:18.29 q-aq:18.00 q-noVbv:18.29 q-Rceq:1.00 tex:3012 mv:1289 misc:1035 icu:0.00 pcu:251.25 scu:1308.75 tlayer:3 pbqpoffset:4.63 pbfactor:1.71 avgQpOffsetCutree:0.00;
in:111 out:112 type:b q:19.10 q-aq:19.00 q-noVbv:19.10 q-Rceq:1.00 tex:850 mv:839 misc:767 icu:0.25 pcu:187.75 scu:1372.00 tlayer:3 pbqpoffset:4.85 pbfactor:1.75 avgQpOffsetCutree:0.00;
in:120 out:113 type:k q:14.59 q-aq:9.75 q-noVbv:14.59 q-Rceq:1.00 tex:441844 mv:48581 misc:3855 icu:697.75 pcu:844.25 scu:18.00 tlayer:0 pbqpoffset:-0.27 pbfactor:0.97 avgQpOffsetCutree:-5.80;
in:116 out:114 type:B q:16.47 q-aq:13.66 q-noVbv:16.47 q-Rceq:1.00 tex:61342 mv:11081 misc:4697 icu:16.50 pcu:907.50 scu:636.00 tlayer:1 pbqpoffset:1.91 pbfactor:1.25 avgQpOffsetCutree:-2.94;
in:114 out:115 type:B q:17.06 q-aq:15.74 q-noVbv:17.06 q-Rceq:1.00 tex:20702 mv:4410 misc:2872 icu:0.50 pcu:624.00 scu:935.50 tlayer:2 pbqpoffset:2.50 pbfactor:1.34 avgQpOffsetCutree:-1.63;
in:113 out:116 type:b q:18.75 q-aq:19.00 q-noVbv:18.75 q-Rceq:1.00 tex:4617 mv:1867 misc:1316 icu:0.50 pcu:311.00 scu:1248.50 tlayer:3 pbqpoffset:4.21 pbfactor:1.63 avgQpOffsetCutree:0.00;
in:115 out:117 type:b q:19.11 q-aq:19.00 q-noVbv:19.11 q-Rceq:1.00 tex:2691 mv:1327 misc:1102 icu:0.00 pcu:233.50 scu:1326.50 tlayer:3 pbqpoffset:4.55 pbfactor:1.69 avgQpOffsetCutree:0.00;
in:118 out:118 type:B q:17.96 q-aq:16.51 q-noVbv:17.96 q-Rceq:1.00 tex:8975 mv:3762 misc:2167 icu:0.25 pcu:754.50 scu:805.25 tlayer:2 pbqpoffset:3.38 pbfactor:1.48 avgQpOffsetCutree:-1.66;
in:117 out:119 type:b q:19.04 q-aq:19.00 q-noVbv:19.04 q-Rceq:1.00 tex:1130 mv:931 misc:675 icu:0.00 pcu:135.25 scu:1424.75 tlayer:3 pbqpoffset:4.47 pbfactor:1.68 avgQpOffsetCutree:0.00;
in:119 out:120 type:b q:20.66 q-aq:21.00 q-noVbv:20.66 q-Rceq:1.00 tex:1841 mv:1023 misc:880 icu:0.00 pcu:143.00 scu:1417.00 tlayer:3 pbqpoffset:6.07 pbfactor:2.02 avgQpOffsetCutree:0.00;
in:124 out:121 type:k q:18.42 q-aq:13.99 q-noVbv:18.42 q-Rceq:1.00 tex:387575 mv:21397 misc:3084 icu:765.25 pcu:784.75 scu:10.00 tlayer:0 pbqpoffset:0.38 pbfactor:1.05 avgQpOffsetCutree:-5.62;
in:122 out:122 type:B q:19.41 q-aq:18.00 q-noVbv:19.41 q-Rceq:1.00 tex:10326 mv:3185 misc:1985 icu:43.25 pcu:521.75 scu:995.00 tlayer:1 pbqpoffset:2.90 pbfactor:1.40 avgQpOffsetCutree:-1.66;
in:121 out:123 type:b q:21.90 q-aq:22.00 q-noVbv:21.90 q-Rceq:1.00 tex:1248 mv:708 misc:612 icu:4.00 pcu:115.50 scu:1440.50 tlayer:2 pbqpoffset:6.35 pbfactor:2.08 avgQpOffsetCutree:0.00;
in:123 out:124 type:b q:23.43 q-aq:23.37 q-noVbv:23.43 q-Rceq:1.00 tex:3627 mv:986 misc:611 icu:72.25 pcu:102.75 scu:1385.00 tlayer:2 pbqpoffset:5.97 pbfactor:1.99 avgQpOffsetCutree:0.00;
in:128 out:125 type:k q:18.91 q-aq:13.45 q-noVbv:18.91 q-Rceq:1.00 tex:394945 mv:28510 misc:3705 icu:928.25 pcu:603.50 scu:28.25 tlayer:0 pbqpoffset:0.38 pbfactor:1.05 avgQpOffsetCutree:-6.49;
in:126 out:126 type:B q:21.71 q-aq:20.66 q-noVbv:21.71 q-Rceq:1.00 tex:8977 mv:3239 misc:1512 icu:58.25 pcu:500.00 scu:1001.75 tlayer:1 pbqpoffset:3.04 pbfactor:1.42 avgQpOffsetCutree:-1.61;
in:125 out:127 type:b q:24.19 q-aq:24.01 q-noVbv:24.19 q-Rceq:1.00 tex:3106 mv:1233 misc:805 icu:5.75 pcu:192.00 scu:1362.25 tlayer:2 pbqpoffset:5.65 pbfactor:1.92 avgQpOffsetCutree:0.00;
in:127 out:128 type:b q:24.14 q-aq:24.02 q-noVbv:24.14 q-Rceq:1.00 tex:1966 mv:1042 misc:704 icu:18.50 pcu:172.50 scu:1369.00 tlayer:2 pbqpoffset:5.35 pbfactor:1.86 avgQpOffsetCutree:0.00;
in:136 out:129 type:k q:14.91 q-aq:9.09 q-noVbv:14.91 q-Rceq:1.00 tex:503207 mv:47984 misc:3449 icu:604.50 pcu:940.25 scu:15.25 tlayer:0 pbqpoffset:0.50 pbfactor:1.06 avgQpOffsetCutree:-6.62;
in:132 out:130 type:B q:18.58 q-aq:15.44 q-noVbv:18.58 q-Rceq:1.00 tex:50103 mv:9973 misc:4228 icu:11.00 pcu:900.25 scu:648.75 tlayer:1 pbqpoffset:1.67 pbfactor:1.21 avgQpOffsetCutree:-3.21;
in:130 out:131 type:B q:20.03 q-aq:18.81 q-noVbv:20.03 q-Rceq:1.00 tex:44260 mv:4945 misc:2827 icu:12.75 pcu:936.50 scu:610.75 tlayer:2 pbqpoffset:2.12 pbfactor:1.28 avgQpOffsetCutree:-1.58;
in:129 out:132 type:b q:22.54 q-aq:22.86 q-noVbv:22.54 q-Rceq:1.00 tex:1598 mv:833 misc:585 icu:0.00 pcu:128.00 scu:1432.00 tlayer:3 pbqpoffset:4.13 pbfactor:1.61 avgQpOffsetCutree:0.00;
in:131 out:133 type:b q:21.32 q-aq:21.00 q-noVbv:21.32 q-Rceq:1.00 tex:1262 mv:767 misc:723 icu:0.00 pcu:138.25 scu:1421.75 tlayer:3 pbqpoffset:3.91 pbfactor:1.57 avgQpOffsetCutree:0.00;
in:134 out:134 type:B q:17.95 q-aq:16.64 q-noVbv:17.95 q-Rceq:1.00 tex:69199 mv:6394 misc:3271 icu:10.50 pcu:1071.50 scu:478.00 tlayer:2 pbqpoffset:2.03 pbfactor:1.26 avgQpOffsetCutree:-1.67;
in:133 out:135 type:b q:20.44 q-aq:20.15 q-noVbv:20.44 q-Rceq:1.00 tex:2370 mv:1224 misc:974 icu:0.00 pcu:185.50 scu:1374.50 tlayer:3 pbqpoffset:4.03 pbfactor:1.59 avgQpOffsetCutree:0.00;
in:135 out:136 type:b q:18.96 q-aq:19.00 q-noVbv:18.96 q-Rceq:1.00 tex:6278 mv:1809 misc:1217 icu:0.00 pcu:398.50 scu:1161.50 tlayer:3 pbqpoffset:3.55 pbfactor:1.51 avgQpOffsetCutree:0.00;
in:144 out:137 type:k q:15.53 q-aq:10.06 q-noVbv:15.53 q-Rceq:1.00 tex:449021 mv:48053 misc:3942 icu:528.75 pcu:1018.25 scu:13.00 tlayer:0 pbqpoffset:0.15 pbfactor:1.02 avgQpOffsetCutree:-6.50;
in:140 out:138 type:B q:17.22 q-aq:13.93 q-noVbv:17.22 q-Rceq:1.00 tex:55499 mv:10131 misc:4402 icu:10.50 pcu:799.50 scu:750.00 tlayer:1 pbqpoffset:1.99 pbfactor:1.26 avgQpOffsetCutree:-3.43;
in:138 out:139 type:B q:17.36 q-aq:15.97 q-noVbv:17.36 q-Rceq:1.00 tex:78632 mv:5642 misc:3406 icu:0.75 pcu:1048.00 scu:511.25 tlayer:2 pbqpoffset:2.30 pbfactor:1.30 avgQpOffsetCutree:-1.72;
in:137 out:140 type:b q:20.20 q-aq:20.00 q-noVbv:20.20 q-Rceq:1.00 tex:2004 mv:836 misc:752 icu:0.00 pcu:167.25 scu:1392.75 tlayer:3 pbqpoffset:5.21 pbfactor:1.83 avgQpOffsetCutree:0.00;
in:139 out:141 type:b q:20.18 q-aq:20.00 q-noVbv:20.18 q-Rceq:1.00 tex:1260 mv:790 misc:686 icu:0.00 pcu:137.75 scu:1422.25 tlayer:3 pbqpoffset:5.04 pbfactor:1.79 avgQpOffsetCutree:0.00;
in:142 out:142 type:B q:18.51 q-aq:17.07 q-noVbv:18.51 q-Rceq:1.00 tex:4508 mv:2022 misc:1454 icu:1.25 pcu:349.75 scu:1209.00 tlayer:2 pbqpoffset:3.13 pbfactor:1.44 avgQpOffsetCutree:-1.75;
in:141 out:143 type:b q:18.68 q-aq:18.88 q-noVbv:18.68 q-Rceq:1.00 tex:58752 mv:4470 misc:2754 icu:1.50 pcu:1037.50 scu:521.00 tlayer:3 pbqpoffset:3.38 pbfactor:1.48 avgQpOffsetCutree:0.00;
in:143 out:144 type:b q:20.11 q-aq:20.00 q-noVbv:20.11 q-Rceq:1.00 tex:1903 mv:998 misc:739 icu:1.25 pcu:245.50 scu:1313.25 tlayer:3 pbqpoffset:4.65 pbfactor:1.71 avgQpOffsetCutree:0.00;
in:152 out:145 type:k q:15.69 q-aq:10.82 q-noVbv:15.69 q-Rceq:1.00 tex:412816 mv:48103 misc:4289 icu:439.25 pcu:1093.50 scu:27.25 tlayer:0 pbqpoffset:0.59 pbfactor:1.07 avgQpOffsetCutree:-5.99;
in:148 out:146 type:B q:17.82 q-aq:14.53 q-noVbv:17.82 q-Rceq:1.00 tex:55202 mv:10484 misc:4386 icu:6.75 pcu:889.50 scu:663.75 tlayer:1 pbqpoffset:2.21 pbfactor:1.29 avgQpOffsetCutree:-3.40;
in:146 out:147 type:B q:18.09 q-aq:16.79 q-noVbv:18.09 q-Rceq:1.00 tex:66635 mv:5064 misc:3029 icu:0.25 pcu:1009.25 scu:550.50 tlayer:2 pbqpoffset:2.51 pbfactor:1.34 avgQpOffsetCutree:-1.70;
in:145 out:148 type:b q:20.02 q-aq:20.00 q-noVbv:20.02 q-Rceq:1.00 tex:1863 mv:1105 misc:800 icu:0.00 pcu:242.75 scu:1317.25 tlayer:3 pbqpoffset:4.47 pbfactor:1.68 avgQpOffsetCutree:0.00;
in:147 out:149 type:b q:20.47 q-aq:20.01 q-noVbv:20.47 q-Rceq:1.00 tex:772 mv:765 misc:615 icu:0.00 pcu:132.00 scu:1428.00 tlayer:3 pbqpoffset:4.87 pbfactor:1.76 avgQpOffsetCutree:0.00;
in:150 out:150 type:B q:18.59 q-aq:17.15 q-noVbv:18.59 q-Rceq:1.00 tex:61503 mv:4343 misc:2714 icu:6.50 pcu:1068.50 scu:485.00 tlayer:2 pbqpoffset:2.93 pbfactor:1.40 avgQpOffsetCutree:-1.74;
in:149 out:151 type:b q:21.44 q-aq:21.00 q-noVbv:21.44 q-Rceq:1.00 tex:918 mv:669 misc:565 icu:0.00 pcu:171.00 scu:1389.00 tlayer:3 pbqpoffset:5.81 pbfactor:1.96 avgQpOffsetCutree:0.00;
in:151 out:152 type:b q:20.76 q-aq:21.00 q-noVbv:20.76 q-Rceq:1.00 tex:1682 mv:982 misc:640 icu:0.00 pcu:228.00 scu:1332.00 tlayer:3 pbqpoffset:5.09 pbfactor:1.80 avgQpOffsetCutree:0.00;
in:156 out:153 type:k q:19.88 q-aq:15.40 q-noVbv:19.88 q-Rceq:1.00 tex:377847 mv:21671 misc:3114 icu:543.25 pcu:1012.25 scu:4.50 tlayer:0 pbqpoffset:0.62 pbfactor:1.07 avgQpOffsetCutree:-5.95;
in:154 out:154 type:B q:21.35 q-aq:19.93 q-noVbv:21.35 q-Rceq:1.00 tex:5711 mv:3280 misc:1593 icu:1.50 pcu:564.25 scu:994.25 tlayer:1 pbqpoffset:3.56 pbfactor:1.51 avgQpOffsetCutree:-1.74;
in:153 out:155 type:b q:22.29 q-aq:22.00 q-noVbv:22.29 q-Rceq:1.00 tex:544 mv:789 misc:603 icu:0.00 pcu:169.75 scu:1390.25 tlayer:2 pbqpoffset:5.56 pbfactor:1.90 avgQpOffsetCutree:0.00;
in:155 out:156 type:b q:24.60 q-aq:25.00 q-noVbv:24.60 q-Rceq:1.00 tex:152 mv:610 misc:414 icu:0.00 pcu:122.00 scu:1438.00 tlayer:2 pbqpoffset:5.77 pbfactor:1.95 avgQpOffsetCutree:0.00;
in:160 out:157 type:k q:20.89 q-aq:15.57 q-noVbv:20.89 q-Rceq:1.00 tex:374361 mv:26422 misc:3721 icu:872.50 pcu:672.75 scu:14.75 tlayer:0 pbqpoffset:0.62 pbfactor:1.07 avgQpOffsetCutree:-6.67;
in:158 out:158 type:B q:24.00 q-aq:22.45 q-noVbv:24.00 q-Rceq:1.00 tex:4657 mv:3105 misc:1286 icu:14.25 pcu:672.75 scu:873.00 tlayer:1 pbqpoffset:3.62 pbfactor:1.52 avgQpOffsetCutree:-1.71;
in:157 out:159 type:b q:26.27 q-aq:26.00 q-noVbv:26.27 q-Rceq:1.00 tex:257 mv:634 misc:405 icu:0.00 pcu:149.00 scu:1411.00 tlayer:2 pbqpoffset:6.14 pbfactor:2.03 avgQpOffsetCutree:0.00;
in:159 out:160 type:b q:25.95 q-aq:26.02 q-noVbv:25.95 q-Rceq:1.00 tex:1409 mv:764 misc:523 icu:4.00 pcu:159.50 scu:1396.50 tlayer:2 pbqpoffset:5.32 pbfactor:1.85 avgQpOffsetCutree:0.00;
in:168 out:161 type:k q:16.89 q-aq:11.20 q-noVbv:16.89 q-Rceq:1.00 tex:461505 mv:42561 misc:3918 icu:536.50 pcu:1009.25 scu:14.25 tlayer:0 pbqpoffset:0.28 pbfactor:1.03 avgQpOffsetCutree:-6.77;
in:164 out:162 type:B q:20.86 q-aq:17.47 q-noVbv:20.86 q-Rceq:1.00 tex:43775 mv:8987 misc:3958 icu:23.75 pcu:737.00 scu:799.25 tlayer:1 pbqpoffset:1.97 pbfactor:1.26 avgQpOffsetCutree:-3.45;
in:162 out:163 type:B q:22.55 q-aq:21.20 q-noVbv:22.55 q-Rceq:1.00 tex:32913 mv:5048 misc:2383 icu:2.75 pcu:856.00 scu:701.25 tlayer:2 pbqpoffset:2.67 pbfactor:1.36 avgQpOffsetCutree:-1.69;
in:161 out:164 type:b q:25.33 q-aq:25.14 q-noVbv:25.33 q-Rceq:1.00 tex:2339 mv:1317 misc:728 icu:1.75 pcu:174.00 scu:1384.25 tlayer:3 pbqpoffset:4.95 pbfactor:1.77 avgQpOffsetCutree:0.00;
in:163 out:165 type:b q:24.50 q-aq:24.11 q-noVbv:24.50 q-Rceq:1.00 tex:662 mv:732 misc:542 icu:0.00 pcu:205.75 scu:1354.25 tlayer:3 pbqpoffset:5.11 pbfactor:1.80 avgQpOffsetCutree:0.00;
in:166 out:166 type:B q:21.09 q-aq:19.60 q-noVbv:21.09 q-Rceq:1.00 tex:7690 mv:2661 misc:1729 icu:3.50 pcu:355.50 scu:1201.00 tlayer:2 pbqpoffset:3.21 pbfactor:1.45 avgQpOffsetCutree:-1.69;
in:165 out:167 type:b q:24.21 q-aq:24.00 q-noVbv:24.21 q-Rceq:1.00 tex:352 mv:872 misc:544 icu:0.00 pcu:242.75 scu:1317.25 tlayer:3 pbqpoffset:5.83 pbfactor:1.96 avgQpOffsetCutree:0.00;
in:167 out:168 type:b q:22.28 q-aq:22.02 q-noVbv:22.28 q-Rceq:1.00 tex:1887 mv:1198 misc:827 icu:0.25 pcu:284.50 scu:1275.25 tlayer:3 pbqpoffset:4.89 pbfactor:1.76 avgQpOffsetCutree:0.00;
in:176 out:169 type:k q:16.35 q-aq:10.82 q-noVbv:16.35 q-Rceq:1.00 tex:465828 mv:45895 misc:3621 icu:542.00 pcu:1009.50 scu:8.50 tlayer:0 pbqpoffset:0.18 pbfactor:1.02 avgQpOffsetCutree:-6.77;
in:172 out:170 type:B q:18.76 q-aq:15.63 q-noVbv:18.76 q-Rceq:1.00 tex:52582 mv:10100 misc:4286 icu:20.25 pcu:885.00 scu:654.75 tlayer:1 pbqpoffset:2.15 pbfactor:1.28 avgQpOffsetCutree:-3.35;
in:170 out:171 type:B q:19.13 q-aq:17.88 q-noVbv:19.13 q-Rceq:1.00 tex:73123 mv:5614 misc:2791 icu:6.00 pcu:1266.25 scu:287.75 tlayer:2 pbqpoffset:2.38 pbfactor:1.32 avgQpOffsetCutree:-1.76;
in:169 out:172 type:b q:21.91 q-aq:22.01 q-noVbv:21.91 q-Rceq:1.00 tex:4524 mv:1476 misc:920 icu:0.00 pcu:171.00 scu:1389.00 tlayer:3 pbqpoffset:5.09 pbfactor:1.80 avgQpOffsetCutree:0.00;
in:171 out:173 type:b q:21.73 q-aq:22.00 q-noVbv:21.73 q-Rceq:1.00 tex:2768 mv:1374 misc:978 icu:0.25 pcu:263.50 scu:1296.25 tlayer:3 pbqpoffset:5.04 pbfactor:1.79 avgQpOffsetCutree:0.00;
in:174 out:174 type:B q:19.26 q-aq:17.90 q-noVbv:19.26 q-Rceq:1.00 tex:64023 mv:5833 misc:2944 icu:2.00 pcu:1136.50 scu:421.50 tlayer:2 pbqpoffset:2.78 pbfactor:1.38 avgQpOffsetCutree:-1.70;
in:173 out:175 type:b q:21.48 q-aq:21.18 q-noVbv:21.48 q-Rceq:1.00 tex:3147 mv:1200 misc:877 icu:1.00 pcu:158.25 scu:1400.75 tlayer:3 pbqpoffset:4.93 pbfactor:1.77 avgQpOffsetCutree:0.00;
in:175 out:176 type:b q:21.93 q-aq:22.01 q-noVbv:21.93 q-Rceq:1.00 tex:2620 mv:1110 misc:814 icu:0.25 pcu:163.25 scu:1396.50 tlayer:3 pbqpoffset:5.52 pbfactor:1.89 avgQpOffsetCutree:0.00;
in:184 out:177 type:k q:16.30 q-aq:11.20 q-noVbv:16.30 q-Rceq:1.00 tex:396057 mv:42654 misc:3785 icu:402.50 pcu:1134.25 scu:23.25 tlayer:0 pbqpoffset:0.59 pbfactor:1.07 avgQpOffsetCutree:-6.22;
in:180 out:178 type:B q:18.10 q-aq:14.81 q-noVbv:18.10 q-Rceq:1.00 tex:114256 mv:10201 misc:3599 icu:9.75 pcu:1320.25 scu:230.00 tlayer:1 pbqpoffset:1.78 pbfactor:1.23 avgQpOffsetCutree:-3.52;
in:178 out:179 type:B q:18.99 q-aq:17.45 q-noVbv:18.99 q-Rceq:1.00 tex:14268 mv:4566 misc:2398 icu:0.25 pcu:756.50 scu:803.25 tlayer:2 pbqpoffset:2.66 pbfactor:1.36 avgQpOffsetCutree:-1.79;
in:177 out:180 type:b q:20.43 q-aq:20.06 q-noVbv:20.43 q-Rceq:1.00 tex:1572 mv:990 misc:678 icu:0.00 pcu:303.25 scu:1256.75 tlayer:3 pbqpoffset:4.09 pbfactor:1.60 avgQpOffsetCutree:0.00;
in:179 out:181 type:b q:21.40 q-aq:21.00 q-noVbv:21.40 q-Rceq:1.00 tex:773 mv:805 misc:662 icu:0.00 pcu:123.25 scu:1436.75 tlayer:3 pbqpoffset:5.07 pbfactor:1.80 avgQpOffsetCutree:0.00;
in:182 out:182 type:B q:19.48 q-aq:18.09 q-noVbv:19.48 q-Rceq:1.00 tex:11217 mv:2863 misc:1736 icu:4.50 pcu:416.00 scu:1139.50 tlayer:2 pbqpoffset:3.17 pbfactor:1.44 avgQpOffsetCutree:-1.78;
in:181 out:183 type:b q:21.45 q-aq:21.00 q-noVbv:21.45 q-Rceq:1.00 tex:980 mv:811 misc:609 icu:0.00 pcu:88.00 scu:1472.00 tlayer:3 pbqpoffset:5.13 pbfactor:1.81 avgQpOffsetCutree:0.00;
in:183 out:184 type:b q:21.12 q-aq:21.00 q-noVbv:21.12 q-Rceq:1.00 tex:1281 mv:891 misc:748 icu:0.00 pcu:144.25 scu:1415.75 tlayer:3 pbqpoffset:4.81 pbfactor:1.74 avgQpOffsetCutree:0.00;
in:188 out:185 type:k q:20.71 q-aq:16.01 q-noVbv:20.71 q-Rceq:1.00 tex:373876 mv:21410 misc:3114 icu:505.75 pcu:1037.50 scu:16.75 tlayer:0 pbqpoffset:0.67 pbfactor:1.08 avgQpOffsetCutree:-6.19;
in:186 out:186 type:B q:22.03 q-aq:20.53 q-noVbv:22.03 q-Rceq:1.00 tex:6184 mv:3651 misc:1453 icu:3.00 pcu:782.50 scu:774.50 tlayer:1 pbqpoffset:3.53 pbfactor:1.50 avgQpOffsetCutree:-1.75;
in:185 out:187 type:b q:23.62 q-aq:24.00 q-noVbv:23.62 q-Rceq:1.00 tex:743 mv:914 misc:615 icu:0.00 pcu:254.50 scu:1305.50 tlayer:2 pbqpoffset:6.22 pbfactor:2.05 avgQpOffsetCutree:0.00;
in:187 out:188 type:b q:25.45 q-aq:25.38 q-noVbv:25.45 q-Rceq:1.00 tex:455 mv:906 misc:503 icu:0.00 pcu:213.25 scu:1346.75 tlayer:2 pbqpoffset:5.84 pbfactor:1.96 avgQpOffsetCutree:0.00;
in:192 out:189 type:k q:21.07 q-aq:15.28 q-noVbv:21.07 q-Rceq:1.00 tex:380881 mv:28075 misc:3868 icu:778.75 pcu:738.50 scu:42.75 tlayer:0 pbqpoffset:0.67 pbfactor:1.08 avgQpOffsetCutree:-6.97;
in:190 out:190 type:B q:24.36 q-aq:22.99 q-noVbv:24.36 q-Rceq:1.00 tex:5010 mv:3135 misc:1119 icu:2.25 pcu:881.25 scu:676.50 tlayer:1 pbqpoffset:3.47 pbfactor:1.49 avgQpOffsetCutree:-1.74;
in:189 out:191 type:b q:26.37 q-aq:26.41 q-noVbv:26.37 q-Rceq:1.00 tex:518 mv:710 misc:588 icu:0.00 pcu:231.75 scu:1328.25 tlayer:2 pbqpoffset:5.57 pbfactor:1.90 avgQpOffsetCutree:0.00;
in:191 out:192 type:b q:27.44 q-aq:27.00 q-noVbv:27.44 q-Rceq:1.00 tex:422 mv:719 misc:515 icu:0.25 pcu:206.25 scu:1353.50 tlayer:2 pbqpoffset:6.46 pbfactor:2.11 avgQpOffsetCutree:0.00;
in:200 out:193 type:k q:17.07 q-aq:10.94 q-noVbv:17.07 q-Rceq:1.00 tex:445519 mv:42199 misc:3882 icu:499.00 pcu:1046.75 scu:14.25 tlayer:0 pbqpoffset:0.53 pbfactor:1.06 avgQpOffsetCutree:-6.88;
in:196 out:194 type:B q:20.84 q-aq:17.40 q-noVbv:20.84 q-Rceq:1.00 tex:68890 mv:7974 misc:3632 icu:11.00 pcu:1110.25 scu:438.75 tlayer:1 pbqpoffset:1.78 pbfactor:1.23 avgQpOffsetCutree:-3.41;
in:194 out:195 type:B q:22.36 q-aq:20.96 q-noVbv:22.36 q-Rceq:1.00 tex:6961 mv:2888 misc:1359 icu:7.50 pcu:548.75 scu:1003.75 tlayer:2 pbqpoffset:2.29 pbfactor:1.30 avgQpOffsetCutree:-1.77;
in:193 out:196 type:b q:24.46 q-aq:24.25 q-noVbv:24.46 q-Rceq:1.00 tex:1247 mv:768 misc:545 icu:0.00 pcu:132.75 scu:1427.25 tlayer:3 pbqpoffset:3.90 pbfactor:1.57 avgQpOffsetCutree:0.00;
in:195 out:197 type:b q:23.71 q-aq:24.00 q-noVbv:23.71 q-Rceq:1.00 tex:1649 mv:884 misc:675 icu:5.00 pcu:217.75 scu:1337.25 tlayer:3 pbqpoffset:4.15 pbfactor:1.62 avgQpOffsetCutree:0.00;
in:198 out:198 type:B q:20.75 q-aq:19.23 q-noVbv:20.75 q-Rceq:1.00 tex:9386 mv:2736 misc:1542 icu:1.75 pcu:422.75 scu:1135.50 tlayer:2 pbqpoffset:2.69 pbfactor:1.36 avgQpOffsetCutree:-1.79;
in:197 out:199 type:b q:22.82 q-aq:23.00 q-noVbv:22.82 q-Rceq:1.00 tex:1320 mv:670 misc:522 icu:0.25 pcu:111.75 scu:1448.00 tlayer:3 pbqpoffset:4.26 pbfactor:1.64 avgQpOffsetCutree:0.00;
in:199 out:200 type:b q:21.60 q-aq:22.00 q-noVbv:21.60 q-Rceq:1.00 tex:1365 mv:951 misc:684 icu:0.25 pcu:142.75 scu:1417.00 tlayer:3 pbqpoffset:4.03 pbfactor:1.59 avgQpOffsetCutree:0.00;
in:208 out:201 type:k q:16.67 q-aq:11.46 q-noVbv:16.67 q-Rceq:1.00 tex:402897 mv:42355 misc:4188 icu:472.00 pcu:1075.25 scu:12.75 tlayer:0 pbqpoffset:0.47 pbfactor:1.06 avgQpOffsetCutree:-6.30;
in:204 out:202 type:B q:18.57 q-aq:15.40 q-noVbv:18.57 q-Rceq:1.00 tex:106344 mv:10581 misc:4091 icu:30.75 pcu:1126.00 scu:403.25 tlayer:1 pbqpoffset:1.70 pbfactor:1.22 avgQpOffsetCutree:-3.38;
in:202 out:203 type:B q:19.99 q-aq:18.31 q-noVbv:19.99 q-Rceq:1.00 tex:13568 mv:4059 misc:2133 icu:3.75 pcu:547.25 scu:1009.00 tlayer:2 pbqpoffset:3.02 pbfactor:1.42 avgQpOffsetCutree:-1.78;
in:201 out:204 type:b q:22.62 q-aq:23.00 q-noVbv:22.62 q-Rceq:1.00 tex:1502 mv:827 misc:743 icu:0.25 pcu:262.75 scu:1297.00 tlayer:3 pbqpoffset:5.60 pbfactor:1.91 avgQpOffsetCutree:0.00;
in:203 out:205 type:b q:21.71 q-aq:22.01 q-noVbv:21.71 q-Rceq:1.00 tex:2969 mv:1131 misc:836 icu:1.00 pcu:273.00 scu:1286.00 tlayer:3 pbqpoffset:4.80 pbfactor:1.74 avgQpOffsetCutree:0.00;
in:206 out:206 type:B q:19.57 q-aq:18.16 q-noVbv:19.57 q-Rceq:1.00 tex:18307 mv:4639 misc:2326 icu:2.50 pcu:715.00 scu:842.50 tlayer:2 pbqpoffset:2.80 pbfactor:1.38 avgQpOffsetCutree:-1.80;
in:205 out:207 type:b q:21.91 q-aq:22.00 q-noVbv:21.91 q-Rceq:1.00 tex:3134 mv:1094 misc:796 icu:0.00 pcu:297.50 scu:1262.50 tlayer:3 pbqpoffset:5.09 pbfactor:1.80 avgQpOffsetCutree:0.00;
in:207 out:208 type:b q:21.54 q-aq:21.38 q-noVbv:21.54 q-Rceq:1.00 tex:2354 mv:1094 misc:784 icu:0.25 pcu:207.75 scu:1352.00 tlayer:3 pbqpoffset:4.82 pbfactor:1.75 avgQpOffsetCutree:0.00;
in:216 out:209 type:k q:16.63 q-aq:12.22 q-noVbv:16.63 q-Rceq:1.00 tex:371505 mv:42124 misc:4515 icu:568.50 pcu:965.00 scu:26.50 tlayer:0 pbqpoffset:0.75 pbfactor:1.09 avgQpOffsetCutree:-5.68;
in:212 out:210 type:B q:18.80 q-aq:15.73 q-noVbv:18.80 q-Rceq:1.00 tex:58795 mv:10590 misc:4407 icu:66.25 pcu:840.00 scu:653.75 tlayer:1 pbqpoffset:2.15 pbfactor:1.28 avgQpOffsetCutree:-3.30;
in:210 out:211 type:B q:19.64 q-aq:18.35 q-noVbv:19.64 q-Rceq:1.00 tex:57506 mv:4557 misc:3025 icu:3.00 pcu:1017.00 scu:540.00 tlayer:2 pbqpoffset:2.98 pbfactor:1.41 avgQpOffsetCutree:-1.66;
in:209 out:212 type:b q:22.29 q-aq:22.03 q-noVbv:22.29 q-Rceq:1.00 tex:3162 mv:954 misc:972 icu:0.00 pcu:117.00 scu:1443.00 tlayer:3 pbqpoffset:5.62 pbfactor:1.91 avgQpOffsetCutree:0.00;
in:211 out:213 type:b q:22.28 q-aq:22.07 q-noVbv:22.28 q-Rceq:1.00 tex:2341 mv:1029 misc:694 icu:0.25 pcu:169.00 scu:1390.75 tlayer:3 pbqpoffset:5.62 pbfactor:1.91 avgQpOffsetCutree:0.00;
in:214 out:214 type:B q:20.25 q-aq:18.97 q-noVbv:20.25 q-Rceq:1.00 tex:10851 mv:3584 misc:1997 icu:4.50 pcu:479.25 scu:1076.25 tlayer:2 pbqpoffset:3.61 pbfactor:1.52 avgQpOffsetCutree:-1.76;
in:213 out:215 type:b q:22.94 q-aq:23.00 q-noVbv:22.94 q-Rceq:1.00 tex:1497 mv:1111 misc:648 icu:0.00 pcu:220.25 scu:1339.75 tlayer:3 pbqpoffset:6.30 pbfactor:2.07 avgQpOffsetCutree:0.00;
in:215 out:216 type:b q:22.76 q-aq:23.00 q-noVbv:22.76 q-Rceq:1.00 tex:2098 mv:1083 misc:723 icu:0.00 pcu:139.25 scu:1420.75 tlayer:3 pbqpoffset:6.13 pbfactor:2.03 avgQpOffsetCutree:0.00;
in:224 out:217 type:k q:19.12 q-aq:14.66 q-noVbv:19.12 q-Rceq:1.00 tex:471322 mv:29029 misc:3121 icu:1527.00 pcu:33.00 scu:0.00 tlayer:0 pbqpoffset:0.89 pbfactor:1.11 avgQpOffsetCutree:-6.73;
in:220 out:218 type:B q:21.37 q-aq:18.66 q-noVbv:21.37 q-Rceq:1.00 tex:92021 mv:9969 misc:3306 icu:33.75 pcu:1213.00 scu:313.25 tlayer:1 pbqpoffset:3.50 pbfactor:1.50 avgQpOffsetCutree:-3.25;
in:218 out:219 type:B q:21.46 q-aq:20.10 q-noVbv:21.46 q-Rceq:1.00 tex:10931 mv:3516 misc:1857 icu:5.75 pcu:419.00 scu:1135.25 tlayer:2 pbqpoffset:4.21 pbfactor:1.63 avgQpOffsetCutree:-1.75;
in:217 out:220 type:b q:24.15 q-aq:24.00 q-noVbv:24.15 q-Rceq:1.00 tex:1416 mv:790 misc:650 icu:0.00 pcu:179.00 scu:1381.00 tlayer:3 pbqpoffset:7.21 pbfactor:2.30 avgQpOffsetCutree:0.00;
in:219 out:221 type:b q:24.77 q-aq:25.00 q-noVbv:24.77 q-Rceq:1.00 tex:894 mv:659 misc:535 icu:0.00 pcu:101.00 scu:1459.00 tlayer:3 pbqpoffset:7.21 pbfactor:2.30 avgQpOffsetCutree:0.00;
in:222 out:222 type:B q:22.70 q-aq:21.40 q-noVbv:22.70 q-Rceq:1.00 tex:10291 mv:4093 misc:1744 icu:1.75 pcu:768.00 scu:790.25 tlayer:2 pbqpoffset:4.21 pbfactor:1.63 avgQpOffsetCutree:-1.71;
in:221 out:223 type:b q:25.39 q-aq:25.26 q-noVbv:25.39 q-Rceq:1.00 tex:219 mv:831 misc:518 icu:0.00 pcu:167.75 scu:1392.25 tlayer:3 pbqpoffset:7.21 pbfactor:2.30 avgQpOffsetCutree:0.00;
in:223 out:224 type:b q:26.01 q-aq:26.00 q-noVbv:26.01 q-Rceq:1.00 tex:500 mv:725 misc:511 icu:0.00 pcu:82.25 scu:1477.75 tlayer:3 pbqpoffset:7.21 pbfactor:2.30 avgQpOffsetCutree:0.00;
in:232 out:225 type:k q:15.76 q-aq:10.53 q-noVbv:15.76 q-Rceq:1.00 tex:485340 mv:39263 misc:3765 icu:638.00 pcu:916.75 scu:5.25 tlayer:0 pbqpoffset:0.79 pbfactor:1.10 avgQpOffsetCutree:-6.30;
in:228 out:226 type:B q:19.75 q-aq:16.59 q-noVbv:19.75 q-Rceq:1.00 tex:47653 mv:9308 misc:3823 icu:5.25 pcu:750.50 scu:804.25 tlayer:1 pbqpoffset:2.31 pbfactor:1.31 avgQpOffsetCutree:-3.22;
in:226 out:227 type:B q:21.60 q-aq:20.30 q-noVbv:21.60 q-Rceq:1.00 tex:12327 mv:3227 misc:1950 icu:1.50 pcu:376.50 scu:1182.00 tlayer:2 pbqpoffset:3.32 pbfactor:1.47 avgQpOffsetCutree:-1.73;
in:225 out:228 type:b q:24.58 q-aq:25.00 q-noVbv:24.58 q-Rceq:1.00 tex:567 mv:644 misc:493 icu:0.00 pcu:154.75 scu:1405.25 tlayer:3 pbqpoffset:5.88 pbfactor:1.97 avgQpOffsetCutree:0.00;
in:227 out:229 type:b q:23.64 q-aq:24.00 q-noVbv:23.64 q-Rceq:1.00 tex:1283 mv:968 misc:637 icu:0.50 pcu:170.75 scu:1388.75 tlayer:3 pbqpoffset:5.78 pbfactor:1.95 avgQpOffsetCutree:0.00;
in:230 out:230 type:B q:19.94 q-aq:18.69 q-noVbv:19.94 q-Rceq:1.00 tex:15173 mv:3849 misc:2098 icu:0.75 pcu:540.50 scu:1018.75 tlayer:2 pbqpoffset:3.34 pbfactor:1.47 avgQpOffsetCutree:-1.70;
in:229 out:231 type:b q:22.48 q-aq:22.41 q-noVbv:22.48 q-Rceq:1.00 tex:2175 mv:1390 misc:931 icu:0.25 pcu:241.75 scu:1318.00 tlayer:3 pbqpoffset:5.46 pbfactor:1.88 avgQpOffsetCutree:0.00;
in:231 out:232 type:b q:22.30 q-aq:22.01 q-noVbv:22.30 q-Rceq:1.00 tex:1616 mv:732 misc:612 icu:0.25 pcu:114.00 scu:1445.75 tlayer:3 pbqpoffset:6.12 pbfactor:2.03 avgQpOffsetCutree:0.00;
in:240 out:233 type:k q:15.52 q-aq:10.70 q-noVbv:15.52 q-Rceq:1.00 tex:419343 mv:39664 misc:3913 icu:532.25 pcu:1011.50 scu:16.25 tlayer:0 pbqpoffset:0.69 pbfactor:1.08 avgQpOffsetCutree:-5.85;
in:236 out:234 type:B q:17.70 q-aq:14.53 q-noVbv:17.70 q-Rceq:1.00 tex:55853 mv:8825 misc:4162 icu:17.25 pcu:930.75 scu:612.00 tlayer:1 pbqpoffset:2.06 pbfactor:1.27 avgQpOffsetCutree:-3.36;
in:234 out:235 type:B q:18.14 q-aq:16.92 q-noVbv:18.14 q-Rceq:1.00 tex:63648 mv:5381 misc:3123 icu:1.75 pcu:1080.00 scu:478.25 tlayer:2 pbqpoffset:2.44 pbfactor:1.32 avgQpOffsetCutree:-1.65;
in:233 out:236 type:b q:21.09 q-aq:21.11 q-noVbv:21.09 q-Rceq:1.00 tex:1484 mv:649 misc:595 icu:0.00 pcu:93.25 scu:1466.75 tlayer:3 pbqpoffset:5.35 pbfactor:1.86 avgQpOffsetCutree:0.00;
in:235 out:237 type:b q:20.96 q-aq:21.00 q-noVbv:20.96 q-Rceq:1.00 tex:936 mv:595 misc:597 icu:0.00 pcu:86.75 scu:1473.25 tlayer:3 pbqpoffset:5.29 pbfactor:1.84 avgQpOffsetCutree:0.00;
in:238 out:238 type:B q:18.59 q-aq:17.03 q-noVbv:18.59 q-Rceq:1.00 tex:14906 mv:3543 misc:2023 icu:4.50 pcu:480.00 scu:1075.50 tlayer:2 pbqpoffset:3.01 pbfactor:1.42 avgQpOffsetCutree:-1.75;
in:237 out:239 type:b q:20.98 q-aq:21.01 q-noVbv:20.98 q-Rceq:1.00 tex:1893 mv:1004 misc:847 icu:0.00 pcu:154.75 scu:1405.25 tlayer:3 pbqpoffset:5.37 pbfactor:1.86 avgQpOffsetCutree:0.00;
in:239 out:240 type:b q:20.73 q-aq:21.00 q-noVbv:20.73 q-Rceq:1.00 tex:2646 mv:1117 misc:813 icu:0.00 pcu:186.25 scu:1373.75 tlayer:3 pbqpoffset:5.18 pbfactor:1.82 avgQpOffsetCutree:0.00;
in:249 out:241 type:k q:17.02 q-aq:14.06 q-noVbv:17.02 q-Rceq:1.00 tex:260675 mv:31222 misc:4567 icu:485.75 pcu:1002.25 scu:72.00 tlayer:0 pbqpoffset:0.60 pbfactor:1.07 avgQpOffsetCutree:-3.99;
in:245 out:242 type:B q:18.21 q-aq:14.82 q-noVbv:18.21 q-Rceq:1.00 tex:160721 mv:25021 misc:5114 icu:206.75 pcu:1178.25 scu:175.00 tlayer:1 pbqpoffset:1.85 pbfactor:1.24 avgQpOffsetCutree:-3.52;
in:243 out:243 type:B q:17.89 q-aq:16.23 q-noVbv:17.89 q-Rceq:1.00 tex:148147 mv:22583 misc:4366 icu:114.00 pcu:1292.75 scu:153.25 tlayer:2 pbqpoffset:1.87 pbfactor:1.24 avgQpOffsetCutree:-2.06;
in:242 out:244 type:B q:18.47 q-aq:18.23 q-noVbv:18.47 q-Rceq:1.00 tex:57623 mv:11157 misc:3716 icu:5.25 pcu:1104.75 scu:450.00 tlayer:3 pbqpoffset:2.62 pbfactor:1.35 avgQpOffsetCutree:-0.99;
in:241 out:245 type:b q:20.76 q-aq:21.00 q-noVbv:20.76 q-Rceq:1.00 tex:2412 mv:1025 misc:875 icu:1.00 pcu:267.75 scu:1291.25 tlayer:4 pbqpoffset:5.07 pbfactor:1.80 avgQpOffsetCutree:0.00;
in:244 out:246 type:b q:19.17 q-aq:19.11 q-noVbv:19.17 q-Rceq:1.00 tex:36091 mv:13407 misc:3262 icu:7.25 pcu:1073.50 scu:479.25 tlayer:3 pbqpoffset:2.98 pbfactor:1.41 avgQpOffsetCutree:0.00;
in:247 out:247 type:B q:19.47 q-aq:18.25 q-noVbv:19.47 q-Rceq:1.00 tex:48883 mv:11849 misc:3396 icu:46.25 pcu:947.50 scu:566.25 tlayer:2 pbqpoffset:2.78 pbfactor:1.38 avgQpOffsetCutree:-1.64;
in:246 out:248 type:b q:20.66 q-aq:21.00 q-noVbv:20.66 q-Rceq:1.00 tex:15358 mv:7469 misc:1957 icu:5.25 pcu:922.00 scu:632.75 tlayer:3 pbqpoffset:4.14 pbfactor:1.61 avgQpOffsetCutree:0.00;
in:248 out:249 type:b q:21.97 q-aq:22.00 q-noVbv:21.97 q-Rceq:1.00 tex:11435 mv:6476 misc:1905 icu:6.25 pcu:733.75 scu:820.00 tlayer:3 pbqpoffset:5.11 pbfactor:1.81 avgQpOffsetCutree:0.00;
