000 (056.000.000) 2020-12-21 22:54:03 Job submitted from host: <10.0.0.63:9618?PrivAddr=%3c10.0.0.63:9618%3fsock%3dschedd_6827_5527%3e&PrivNet=ryzen7-1700x&addrs=10.0.0.63-9618&alias=ryzen7-1700x&noUDP&sock=schedd_6827_5527>
...
040 (056.000.000) 2020-12-21 22:54:14 Started transferring input files
	Transferring to host: <10.0.0.63:9618?PrivAddr=%3c10.0.0.63:9618%3fsock%3dslot15_6886_8f51_32%3e&PrivNet=ryzen7-1700x&addrs=10.0.0.63-9618&alias=ryzen7-1700x&noUDP&sock=slot15_6886_8f51_32>
...
040 (056.000.000) 2020-12-21 22:54:14 Finished transferring input files
...
001 (056.000.000) 2020-12-21 22:54:15 Job executing on host: <10.0.0.63:9618?sock=startd_6827_5527>
...
006 (056.000.000) 2020-12-21 22:54:24 Image size of job updated: 206672
	202  -  MemoryUsage of job (MB)
	206672  -  ResidentSetSize of job (KB)
...
006 (056.000.000) 2020-12-21 22:59:25 Image size of job updated: 329136
	232  -  MemoryUsage of job (MB)
	236848  -  ResidentSetSize of job (KB)
...
040 (056.000.000) 2020-12-21 23:03:56 Started transferring output files
...
040 (056.000.000) 2020-12-21 23:03:57 Finished transferring output files
...
005 (056.000.000) 2020-12-21 23:03:57 Job terminated.
	(1) Normal termination (return value 0)
		Usr 0 00:09:39, Sys 0 00:00:00  -  Run Remote Usage
		Usr 0 00:00:00, Sys 0 00:00:00  -  Run Local Usage
		Usr 0 00:09:39, Sys 0 00:00:00  -  Total Remote Usage
		Usr 0 00:00:00, Sys 0 00:00:00  -  Total Local Usage
	3935259  -  Run Bytes Sent By Job
	4532560  -  Run Bytes Received By Job
	3935259  -  Total Bytes Sent By Job
	4532560  -  Total Bytes Received By Job
	Partitionable Resources :    Usage  Request Allocated 
	   Cpus                 :     1.00        1         1 
	   Disk (KB)            :  8285        4500   2904372 
	   Memory (MB)          :   232           5      2000 

	Job terminated of its own accord at 2020-12-22T04:03:56Z.
...
