#options: cpuid=1173503 frame-threads=1 no-wpp no-pmode no-pme psnr no-ssim log-level=2 bitdepth=8 input-csp=1 fps=50000/1000 input-res=768x432 interlace=0 total-frames=500 level-idc=0 high-tier=1 uhd-bd=0 ref=4 no-allow-non-conformance no-repeat-headers annexb no-aud no-hrd info hash=0 no-temporal-layers open-gop min-keyint=1 keyint=5000 bframes=15 b-adapt=2 b-pyramid bframe-bias=0 rc-lookahead=40 lookahead-slices=0 scenecut=40 no-intra-refresh ctu=64 min-cu-size=8 rect amp max-tu-size=32 tu-inter-depth=3 tu-intra-depth=3 limit-tu=4 rdoq-level=2 dynamic-rd=0.00 no-ssim-rd signhide no-tskip nr-intra=0 nr-inter=0 no-constrained-intra strong-intra-smoothing max-merge=4 limit-refs=1 limit-modes me=3 subme=4 merange=57 temporal-mvp weightp weightb no-analyze-src-pics deblock=0:0 sao no-sao-non-deblock rd=6 no-early-skip rskip no-fast-intra no-tskip-fast no-cu-lossless b-intra rdpenalty=0 psy-rd=0.00 psy-rdoq=0.00 no-rd-refine analysis-reuse-mode=0 no-lossless cbqpoffs=0 crqpoffs=0 rc=abr bitrate=2000 qcomp=0.60 qpstep=4 stats-write=1 stats-read=0 slow-firstpass ipratio=1.40 pbratio=1.30 aq-mode=1 aq-strength=0.00 cutree zone-count=0 no-strict-cbr qg-size=64 no-rc-grain qpmax=69 qpmin=0 no-const-vbv sar=0 overscan=0 videoformat=5 range=0 colorprim=2 transfer=2 colormatrix=2 chromaloc=0 display-window=0 max-cll=0,0 min-luma=0 max-luma=255 log2-max-poc-lsb=8 vui-timing-info vui-hrd-info slices=1 opt-qp-pps opt-ref-list-length-pps no-multi-pass-opt-rps scenecut-bias=0.05 no-opt-cu-delta-qp no-aq-motion no-hdr no-hdr-opt no-dhdr10-opt analysis-reuse-level=5 scale-factor=0 refine-intra=0 refine-inter=0 refine-mv=0 no-limit-sao ctu-info=0 max-tlayer=4
in:0 out:0 type:I q:22.40 q-aq:18.54 q-noVbv:22.40 q-Rceq:1.32 tex:934 mv:725 misc:453 icu:1296.00 pcu:0.00 scu:0.00 tlayer:0 pbqpoffset:0.00 pbfactor:1.00 avgQpOffsetCutree:-2.21;
in:1 out:1 type:k q:25.31 q-aq:25.00 q-noVbv:25.31 q-Rceq:1.32 tex:0 mv:7 misc:137 icu:0.00 pcu:0.00 scu:1296.00 tlayer:0 pbqpoffset:0.00 pbfactor:1.00 avgQpOffsetCutree:-1.21;
in:2 out:2 type:i q:33.85 q-aq:25.69 q-noVbv:33.85 q-Rceq:1.32 tex:269944 mv:53452 misc:2172 icu:1296.00 pcu:0.00 scu:0.00 tlayer:0 pbqpoffset:0.00 pbfactor:1.00 avgQpOffsetCutree:-8.01;
in:18 out:3 type:k q:32.76 q-aq:23.29 q-noVbv:32.76 q-Rceq:1.32 tex:327614 mv:37306 misc:3136 icu:684.50 pcu:609.00 scu:2.50 tlayer:0 pbqpoffset:0.00 pbfactor:1.00 avgQpOffsetCutree:-7.91;
in:10 out:4 type:B q:35.75 q-aq:28.25 q-noVbv:35.75 q-Rceq:1.32 tex:31019 mv:14929 misc:3980 icu:26.00 pcu:971.50 scu:298.50 tlayer:1 pbqpoffset:2.99 pbfactor:1.41 avgQpOffsetCutree:-5.91;
in:6 out:5 type:B q:37.15 q-aq:33.02 q-noVbv:37.15 q-Rceq:1.32 tex:1238 mv:3262 misc:1060 icu:2.25 pcu:483.50 scu:810.25 tlayer:2 pbqpoffset:4.38 pbfactor:1.66 avgQpOffsetCutree:-3.59;
in:4 out:6 type:B q:37.23 q-aq:35.36 q-noVbv:37.23 q-Rceq:1.32 tex:273 mv:1959 misc:744 icu:1.50 pcu:277.25 scu:1017.25 tlayer:3 pbqpoffset:4.47 pbfactor:1.68 avgQpOffsetCutree:-1.79;
in:3 out:7 type:b q:40.20 q-aq:40.00 q-noVbv:40.20 q-Rceq:1.32 tex:2 mv:397 misc:321 icu:0.25 pcu:79.25 scu:1216.50 tlayer:4 pbqpoffset:7.43 pbfactor:2.36 avgQpOffsetCutree:0.00;
in:5 out:8 type:b q:40.20 q-aq:40.00 q-noVbv:40.20 q-Rceq:1.32 tex:2 mv:531 misc:347 icu:0.00 pcu:158.75 scu:1137.25 tlayer:4 pbqpoffset:7.44 pbfactor:2.36 avgQpOffsetCutree:0.00;
in:8 out:9 type:B q:37.23 q-aq:36.61 q-noVbv:37.23 q-Rceq:1.32 tex:295 mv:1916 misc:805 icu:0.00 pcu:372.75 scu:923.25 tlayer:3 pbqpoffset:4.47 pbfactor:1.68 avgQpOffsetCutree:-1.81;
in:7 out:10 type:b q:40.20 q-aq:40.00 q-noVbv:40.20 q-Rceq:1.32 tex:4 mv:634 misc:418 icu:0.25 pcu:142.00 scu:1153.75 tlayer:4 pbqpoffset:7.43 pbfactor:2.36 avgQpOffsetCutree:0.00;
in:9 out:11 type:b q:40.20 q-aq:40.00 q-noVbv:40.20 q-Rceq:1.32 tex:4 mv:619 misc:393 icu:0.00 pcu:193.00 scu:1103.00 tlayer:4 pbqpoffset:7.44 pbfactor:2.36 avgQpOffsetCutree:0.00;
in:14 out:12 type:B q:35.81 q-aq:31.91 q-noVbv:35.81 q-Rceq:1.32 tex:5844 mv:5708 misc:1960 icu:5.00 pcu:743.50 scu:547.50 tlayer:2 pbqpoffset:3.05 pbfactor:1.42 avgQpOffsetCutree:-3.28;
in:12 out:13 type:B q:37.23 q-aq:35.58 q-noVbv:37.23 q-Rceq:1.32 tex:354 mv:1846 misc:816 icu:0.25 pcu:284.25 scu:1011.50 tlayer:3 pbqpoffset:4.47 pbfactor:1.68 avgQpOffsetCutree:-1.76;
in:11 out:14 type:b q:40.20 q-aq:40.00 q-noVbv:40.20 q-Rceq:1.32 tex:3 mv:543 misc:326 icu:0.00 pcu:109.50 scu:1186.50 tlayer:4 pbqpoffset:7.44 pbfactor:2.36 avgQpOffsetCutree:0.00;
in:13 out:15 type:b q:40.21 q-aq:40.00 q-noVbv:40.21 q-Rceq:1.32 tex:50 mv:560 misc:382 icu:0.00 pcu:171.00 scu:1125.00 tlayer:4 pbqpoffset:7.44 pbfactor:2.36 avgQpOffsetCutree:0.00;
in:16 out:16 type:B q:36.15 q-aq:35.43 q-noVbv:36.15 q-Rceq:1.32 tex:458 mv:2453 misc:993 icu:0.50 pcu:474.75 scu:820.75 tlayer:3 pbqpoffset:3.39 pbfactor:1.48 avgQpOffsetCutree:-1.03;
in:15 out:17 type:b q:40.20 q-aq:40.00 q-noVbv:40.20 q-Rceq:1.32 tex:2 mv:549 misc:369 icu:0.00 pcu:83.25 scu:1212.75 tlayer:4 pbqpoffset:7.43 pbfactor:2.36 avgQpOffsetCutree:0.00;
in:17 out:18 type:b q:40.21 q-aq:40.00 q-noVbv:40.21 q-Rceq:1.32 tex:30 mv:630 misc:460 icu:0.00 pcu:172.00 scu:1124.00 tlayer:4 pbqpoffset:7.45 pbfactor:2.36 avgQpOffsetCutree:0.00;
in:34 out:19 type:k q:30.32 q-aq:22.42 q-noVbv:30.32 q-Rceq:1.32 tex:325856 mv:32101 misc:3259 icu:485.50 pcu:803.75 scu:6.75 tlayer:0 pbqpoffset:0.00 pbfactor:1.00 avgQpOffsetCutree:-7.78;
in:26 out:20 type:B q:32.50 q-aq:25.12 q-noVbv:32.50 q-Rceq:1.32 tex:74049 mv:20211 misc:4180 icu:31.75 pcu:1088.00 scu:176.25 tlayer:1 pbqpoffset:2.19 pbfactor:1.29 avgQpOffsetCutree:-5.77;
in:22 out:21 type:B q:33.50 q-aq:30.24 q-noVbv:33.50 q-Rceq:1.32 tex:6493 mv:6365 misc:1486 icu:2.25 pcu:821.00 scu:472.75 tlayer:2 pbqpoffset:3.18 pbfactor:1.44 avgQpOffsetCutree:-2.70;
in:20 out:22 type:B q:33.92 q-aq:32.74 q-noVbv:33.92 q-Rceq:1.32 tex:1577 mv:4261 misc:1218 icu:0.00 pcu:674.75 scu:621.25 tlayer:3 pbqpoffset:3.60 pbfactor:1.52 avgQpOffsetCutree:-1.77;
in:19 out:23 type:b q:36.89 q-aq:37.00 q-noVbv:36.89 q-Rceq:1.32 tex:265 mv:1285 misc:634 icu:0.00 pcu:246.50 scu:1049.50 tlayer:4 pbqpoffset:6.57 pbfactor:2.14 avgQpOffsetCutree:0.00;
in:21 out:24 type:b q:36.90 q-aq:37.00 q-noVbv:36.90 q-Rceq:1.32 tex:239 mv:1263 misc:618 icu:0.00 pcu:259.50 scu:1036.50 tlayer:4 pbqpoffset:6.59 pbfactor:2.14 avgQpOffsetCutree:0.00;
in:24 out:25 type:B q:33.92 q-aq:32.03 q-noVbv:33.92 q-Rceq:1.32 tex:1515 mv:3757 misc:1232 icu:0.75 pcu:641.00 scu:654.25 tlayer:3 pbqpoffset:3.60 pbfactor:1.52 avgQpOffsetCutree:-2.25;
in:23 out:26 type:b q:36.90 q-aq:37.00 q-noVbv:36.90 q-Rceq:1.32 tex:49 mv:1147 misc:596 icu:0.00 pcu:181.50 scu:1114.50 tlayer:4 pbqpoffset:6.59 pbfactor:2.14 avgQpOffsetCutree:0.00;
in:25 out:27 type:b q:36.89 q-aq:37.00 q-noVbv:36.89 q-Rceq:1.32 tex:55 mv:1315 misc:686 icu:0.25 pcu:248.00 scu:1047.75 tlayer:4 pbqpoffset:6.58 pbfactor:2.14 avgQpOffsetCutree:0.00;
in:30 out:28 type:B q:32.77 q-aq:28.97 q-noVbv:32.77 q-Rceq:1.32 tex:21556 mv:10354 misc:3834 icu:12.00 pcu:885.00 scu:399.00 tlayer:2 pbqpoffset:2.45 pbfactor:1.33 avgQpOffsetCutree:-3.23;
in:28 out:29 type:B q:33.92 q-aq:32.46 q-noVbv:33.92 q-Rceq:1.32 tex:1681 mv:3684 misc:1379 icu:0.75 pcu:590.75 scu:704.50 tlayer:3 pbqpoffset:3.60 pbfactor:1.52 avgQpOffsetCutree:-1.44;
in:27 out:30 type:b q:36.78 q-aq:37.00 q-noVbv:36.78 q-Rceq:1.32 tex:81 mv:991 misc:576 icu:0.00 pcu:123.50 scu:1172.50 tlayer:4 pbqpoffset:6.47 pbfactor:2.11 avgQpOffsetCutree:0.00;
in:29 out:31 type:b q:36.89 q-aq:37.00 q-noVbv:36.89 q-Rceq:1.32 tex:186 mv:1510 misc:728 icu:0.25 pcu:256.75 scu:1039.00 tlayer:4 pbqpoffset:6.58 pbfactor:2.14 avgQpOffsetCutree:0.00;
in:32 out:32 type:B q:32.24 q-aq:31.50 q-noVbv:32.24 q-Rceq:1.32 tex:4499 mv:2848 misc:1309 icu:1.50 pcu:249.00 scu:1045.50 tlayer:3 pbqpoffset:1.93 pbfactor:1.25 avgQpOffsetCutree:-1.21;
in:31 out:33 type:b q:35.40 q-aq:35.00 q-noVbv:35.40 q-Rceq:1.32 tex:414 mv:2188 misc:1110 icu:0.75 pcu:356.50 scu:938.75 tlayer:4 pbqpoffset:5.08 pbfactor:1.80 avgQpOffsetCutree:0.00;
in:33 out:34 type:b q:36.28 q-aq:36.00 q-noVbv:36.28 q-Rceq:1.32 tex:220 mv:1122 misc:594 icu:0.00 pcu:130.00 scu:1166.00 tlayer:4 pbqpoffset:5.97 pbfactor:1.99 avgQpOffsetCutree:0.00;
in:48 out:35 type:k q:29.50 q-aq:22.42 q-noVbv:29.50 q-Rceq:1.32 tex:333097 mv:43132 misc:3075 icu:905.25 pcu:385.00 scu:5.75 tlayer:0 pbqpoffset:0.00 pbfactor:1.00 avgQpOffsetCutree:-7.55;
in:41 out:36 type:B q:32.06 q-aq:24.85 q-noVbv:32.06 q-Rceq:1.32 tex:61379 mv:15135 misc:4846 icu:42.50 pcu:911.00 scu:342.50 tlayer:1 pbqpoffset:2.16 pbfactor:1.28 avgQpOffsetCutree:-5.65;
in:38 out:37 type:B q:33.80 q-aq:29.98 q-noVbv:33.80 q-Rceq:1.32 tex:4199 mv:5344 misc:1689 icu:2.50 pcu:733.75 scu:559.75 tlayer:2 pbqpoffset:3.72 pbfactor:1.54 avgQpOffsetCutree:-3.36;
in:36 out:38 type:B q:33.92 q-aq:31.81 q-noVbv:33.92 q-Rceq:1.32 tex:1596 mv:2658 misc:1090 icu:0.50 pcu:394.75 scu:900.75 tlayer:3 pbqpoffset:3.72 pbfactor:1.54 avgQpOffsetCutree:-2.07;
in:35 out:39 type:b q:36.95 q-aq:37.00 q-noVbv:36.95 q-Rceq:1.32 tex:155 mv:983 misc:526 icu:0.00 pcu:153.00 scu:1143.00 tlayer:4 pbqpoffset:6.69 pbfactor:2.17 avgQpOffsetCutree:0.00;
in:37 out:40 type:b q:35.96 q-aq:36.00 q-noVbv:35.96 q-Rceq:1.32 tex:237 mv:912 misc:555 icu:0.75 pcu:101.25 scu:1194.00 tlayer:4 pbqpoffset:5.82 pbfactor:1.96 avgQpOffsetCutree:0.00;
in:40 out:41 type:B q:33.68 q-aq:33.72 q-noVbv:33.68 q-Rceq:1.32 tex:701 mv:2391 misc:964 icu:0.00 pcu:479.75 scu:816.25 tlayer:3 pbqpoffset:3.72 pbfactor:1.54 avgQpOffsetCutree:-0.87;
in:39 out:42 type:b q:35.69 q-aq:36.00 q-noVbv:35.69 q-Rceq:1.32 tex:128 mv:1174 misc:634 icu:0.00 pcu:226.75 scu:1069.25 tlayer:4 pbqpoffset:5.67 pbfactor:1.92 avgQpOffsetCutree:0.00;
in:45 out:43 type:B q:32.01 q-aq:27.09 q-noVbv:32.01 q-Rceq:1.32 tex:16917 mv:9795 misc:3832 icu:18.00 pcu:896.50 scu:381.50 tlayer:2 pbqpoffset:2.33 pbfactor:1.31 avgQpOffsetCutree:-3.92;
in:43 out:44 type:B q:33.51 q-aq:32.40 q-noVbv:33.51 q-Rceq:1.32 tex:687 mv:3625 misc:944 icu:0.50 pcu:748.00 scu:547.50 tlayer:3 pbqpoffset:3.72 pbfactor:1.54 avgQpOffsetCutree:-2.04;
in:42 out:45 type:b q:36.55 q-aq:37.00 q-noVbv:36.55 q-Rceq:1.32 tex:102 mv:1359 misc:635 icu:0.00 pcu:359.00 scu:937.00 tlayer:4 pbqpoffset:6.70 pbfactor:2.17 avgQpOffsetCutree:0.00;
in:44 out:46 type:b q:36.43 q-aq:36.00 q-noVbv:36.43 q-Rceq:1.32 tex:15 mv:1645 misc:652 icu:0.00 pcu:458.50 scu:837.50 tlayer:4 pbqpoffset:6.70 pbfactor:2.17 avgQpOffsetCutree:0.00;
in:47 out:47 type:B q:33.27 q-aq:32.65 q-noVbv:33.27 q-Rceq:1.32 tex:932 mv:2389 misc:1119 icu:6.25 pcu:736.75 scu:553.00 tlayer:3 pbqpoffset:3.72 pbfactor:1.54 avgQpOffsetCutree:-1.01;
in:46 out:48 type:b q:36.31 q-aq:36.00 q-noVbv:36.31 q-Rceq:1.32 tex:335 mv:1168 misc:561 icu:0.00 pcu:392.50 scu:903.50 tlayer:4 pbqpoffset:6.70 pbfactor:2.17 avgQpOffsetCutree:0.00;
in:56 out:49 type:k q:30.63 q-aq:22.33 q-noVbv:30.63 q-Rceq:1.32 tex:191688 mv:25984 misc:4368 icu:110.75 pcu:1108.25 scu:77.00 tlayer:0 pbqpoffset:0.00 pbfactor:1.00 avgQpOffsetCutree:-7.80;
in:52 out:50 type:B q:31.86 q-aq:28.27 q-noVbv:31.86 q-Rceq:1.32 tex:11763 mv:7679 misc:2110 icu:7.50 pcu:820.00 scu:468.50 tlayer:1 pbqpoffset:1.80 pbfactor:1.23 avgQpOffsetCutree:-3.05;
in:50 out:51 type:B q:33.35 q-aq:31.87 q-noVbv:33.35 q-Rceq:1.32 tex:743 mv:3511 misc:1106 icu:0.25 pcu:594.00 scu:701.75 tlayer:2 pbqpoffset:3.57 pbfactor:1.51 avgQpOffsetCutree:-1.91;
in:49 out:52 type:b q:34.15 q-aq:34.00 q-noVbv:34.15 q-Rceq:1.32 tex:206 mv:1412 misc:670 icu:0.25 pcu:182.00 scu:1113.75 tlayer:3 pbqpoffset:4.51 pbfactor:1.68 avgQpOffsetCutree:0.00;
in:51 out:53 type:b q:34.28 q-aq:34.00 q-noVbv:34.28 q-Rceq:1.32 tex:161 mv:1764 misc:779 icu:0.00 pcu:381.25 scu:914.75 tlayer:3 pbqpoffset:4.36 pbfactor:1.66 avgQpOffsetCutree:0.00;
in:54 out:54 type:B q:32.86 q-aq:31.16 q-noVbv:32.86 q-Rceq:1.32 tex:1453 mv:3852 misc:1231 icu:3.25 pcu:606.00 scu:686.75 tlayer:2 pbqpoffset:2.51 pbfactor:1.34 avgQpOffsetCutree:-1.89;
in:53 out:55 type:b q:33.48 q-aq:33.75 q-noVbv:33.48 q-Rceq:1.32 tex:272 mv:3039 misc:937 icu:0.25 pcu:635.00 scu:660.75 tlayer:3 pbqpoffset:3.28 pbfactor:1.46 avgQpOffsetCutree:0.00;
in:55 out:56 type:b q:34.67 q-aq:35.00 q-noVbv:34.67 q-Rceq:1.32 tex:164 mv:1774 misc:758 icu:0.25 pcu:386.00 scu:909.75 tlayer:3 pbqpoffset:4.18 pbfactor:1.62 avgQpOffsetCutree:0.00;
in:72 out:57 type:k q:27.98 q-aq:20.31 q-noVbv:27.98 q-Rceq:1.32 tex:380385 mv:35760 misc:3151 icu:577.25 pcu:716.50 scu:2.25 tlayer:0 pbqpoffset:1.47 pbfactor:1.19 avgQpOffsetCutree:-8.01;
in:64 out:58 type:B q:31.00 q-aq:26.01 q-noVbv:31.00 q-Rceq:1.32 tex:111449 mv:20174 misc:4401 icu:97.50 pcu:921.00 scu:277.50 tlayer:1 pbqpoffset:1.70 pbfactor:1.22 avgQpOffsetCutree:-4.21;
in:60 out:59 type:B q:32.04 q-aq:27.00 q-noVbv:32.04 q-Rceq:1.32 tex:15603 mv:9348 misc:3313 icu:21.75 pcu:648.50 scu:625.75 tlayer:2 pbqpoffset:2.07 pbfactor:1.27 avgQpOffsetCutree:-4.05;
in:58 out:60 type:B q:33.86 q-aq:32.04 q-noVbv:33.86 q-Rceq:1.32 tex:920 mv:3448 misc:1048 icu:0.50 pcu:507.50 scu:788.00 tlayer:3 pbqpoffset:3.57 pbfactor:1.51 avgQpOffsetCutree:-2.19;
in:57 out:61 type:b q:37.02 q-aq:37.00 q-noVbv:37.02 q-Rceq:1.32 tex:252 mv:1008 misc:548 icu:0.50 pcu:158.00 scu:1137.50 tlayer:4 pbqpoffset:6.55 pbfactor:2.13 avgQpOffsetCutree:0.00;
in:59 out:62 type:b q:35.63 q-aq:36.00 q-noVbv:35.63 q-Rceq:1.32 tex:142 mv:1822 misc:724 icu:0.00 pcu:407.25 scu:888.75 tlayer:4 pbqpoffset:5.50 pbfactor:1.89 avgQpOffsetCutree:0.00;
in:62 out:63 type:B q:32.83 q-aq:30.25 q-noVbv:32.83 q-Rceq:1.32 tex:3285 mv:4068 misc:1863 icu:8.00 pcu:633.75 scu:654.25 tlayer:3 pbqpoffset:3.19 pbfactor:1.45 avgQpOffsetCutree:-2.32;
in:61 out:64 type:b q:36.32 q-aq:36.00 q-noVbv:36.32 q-Rceq:1.32 tex:151 mv:1500 misc:597 icu:0.00 pcu:442.25 scu:853.75 tlayer:4 pbqpoffset:6.52 pbfactor:2.12 avgQpOffsetCutree:0.00;
in:63 out:65 type:b q:34.40 q-aq:34.01 q-noVbv:34.40 q-Rceq:1.32 tex:313 mv:1295 misc:784 icu:0.00 pcu:295.00 scu:1001.00 tlayer:4 pbqpoffset:4.93 pbfactor:1.77 avgQpOffsetCutree:0.00;
in:68 out:66 type:B q:31.48 q-aq:27.46 q-noVbv:31.48 q-Rceq:1.32 tex:14323 mv:8546 misc:2323 icu:12.25 pcu:800.00 scu:483.75 tlayer:2 pbqpoffset:2.84 pbfactor:1.39 avgQpOffsetCutree:-3.31;
in:66 out:67 type:B q:32.54 q-aq:30.91 q-noVbv:32.54 q-Rceq:1.32 tex:1736 mv:3781 misc:1243 icu:0.25 pcu:631.50 scu:664.25 tlayer:3 pbqpoffset:3.57 pbfactor:1.51 avgQpOffsetCutree:-1.28;
in:65 out:68 type:b q:35.70 q-aq:36.00 q-noVbv:35.70 q-Rceq:1.32 tex:13 mv:1134 misc:613 icu:0.00 pcu:201.75 scu:1094.25 tlayer:4 pbqpoffset:6.56 pbfactor:2.13 avgQpOffsetCutree:0.00;
in:67 out:69 type:b q:35.36 q-aq:35.00 q-noVbv:35.36 q-Rceq:1.32 tex:171 mv:1838 misc:767 icu:1.25 pcu:342.50 scu:952.25 tlayer:4 pbqpoffset:6.56 pbfactor:2.13 avgQpOffsetCutree:0.00;
in:70 out:70 type:B q:31.87 q-aq:30.24 q-noVbv:31.87 q-Rceq:1.32 tex:2635 mv:4279 misc:1422 icu:2.00 pcu:534.50 scu:759.50 tlayer:3 pbqpoffset:3.57 pbfactor:1.51 avgQpOffsetCutree:-1.63;
in:69 out:71 type:b q:34.06 q-aq:34.00 q-noVbv:34.06 q-Rceq:1.32 tex:426 mv:2289 misc:853 icu:0.00 pcu:532.00 scu:764.00 tlayer:4 pbqpoffset:5.58 pbfactor:1.91 avgQpOffsetCutree:0.00;
in:71 out:72 type:b q:34.70 q-aq:35.00 q-noVbv:34.70 q-Rceq:1.32 tex:147 mv:1376 misc:637 icu:0.25 pcu:230.75 scu:1065.00 tlayer:4 pbqpoffset:6.56 pbfactor:2.13 avgQpOffsetCutree:0.00;
in:86 out:73 type:k q:28.62 q-aq:21.54 q-noVbv:28.62 q-Rceq:1.32 tex:312079 mv:29841 misc:3408 icu:500.50 pcu:790.75 scu:4.75 tlayer:0 pbqpoffset:0.60 pbfactor:1.07 avgQpOffsetCutree:-8.12;
in:79 out:74 type:B q:30.23 q-aq:25.68 q-noVbv:30.23 q-Rceq:1.32 tex:59793 mv:17102 misc:4385 icu:74.50 pcu:899.25 scu:322.25 tlayer:1 pbqpoffset:1.93 pbfactor:1.25 avgQpOffsetCutree:-4.14;
in:76 out:75 type:B q:31.37 q-aq:26.67 q-noVbv:31.37 q-Rceq:1.32 tex:14341 mv:10617 misc:2866 icu:7.25 pcu:895.75 scu:393.00 tlayer:2 pbqpoffset:3.21 pbfactor:1.45 avgQpOffsetCutree:-3.84;
in:74 out:76 type:B q:31.86 q-aq:30.69 q-noVbv:31.86 q-Rceq:1.32 tex:3561 mv:5786 misc:1405 icu:1.00 pcu:792.00 scu:503.00 tlayer:3 pbqpoffset:3.79 pbfactor:1.55 avgQpOffsetCutree:-1.48;
in:73 out:77 type:b q:32.92 q-aq:33.00 q-noVbv:32.92 q-Rceq:1.32 tex:1017 mv:3657 misc:1062 icu:0.00 pcu:708.00 scu:588.00 tlayer:4 pbqpoffset:4.90 pbfactor:1.76 avgQpOffsetCutree:0.00;
in:75 out:78 type:b q:34.67 q-aq:35.00 q-noVbv:34.67 q-Rceq:1.32 tex:452 mv:1996 misc:824 icu:0.75 pcu:351.75 scu:943.50 tlayer:4 pbqpoffset:6.56 pbfactor:2.13 avgQpOffsetCutree:0.00;
in:78 out:79 type:B q:31.81 q-aq:31.85 q-noVbv:31.81 q-Rceq:1.32 tex:604 mv:3095 misc:949 icu:0.25 pcu:669.75 scu:626.00 tlayer:3 pbqpoffset:3.56 pbfactor:1.51 avgQpOffsetCutree:-0.34;
in:77 out:80 type:b q:34.06 q-aq:34.00 q-noVbv:34.06 q-Rceq:1.32 tex:421 mv:1998 misc:765 icu:0.00 pcu:358.50 scu:937.50 tlayer:4 pbqpoffset:5.85 pbfactor:1.97 avgQpOffsetCutree:0.00;
in:83 out:81 type:B q:31.79 q-aq:26.78 q-noVbv:31.79 q-Rceq:1.32 tex:17524 mv:9183 misc:3469 icu:21.00 pcu:686.25 scu:588.75 tlayer:2 pbqpoffset:3.31 pbfactor:1.47 avgQpOffsetCutree:-4.11;
in:81 out:82 type:B q:30.69 q-aq:28.09 q-noVbv:30.69 q-Rceq:1.32 tex:26374 mv:8711 misc:3299 icu:12.75 pcu:856.75 scu:426.50 tlayer:3 pbqpoffset:2.30 pbfactor:1.30 avgQpOffsetCutree:-2.41;
in:80 out:83 type:b q:35.04 q-aq:35.00 q-noVbv:35.04 q-Rceq:1.32 tex:541 mv:1227 misc:760 icu:1.25 pcu:101.50 scu:1193.25 tlayer:4 pbqpoffset:6.70 pbfactor:2.17 avgQpOffsetCutree:0.00;
in:82 out:84 type:b q:33.04 q-aq:33.00 q-noVbv:33.04 q-Rceq:1.32 tex:682 mv:1981 misc:873 icu:1.25 pcu:332.50 scu:962.25 tlayer:4 pbqpoffset:4.61 pbfactor:1.70 avgQpOffsetCutree:0.00;
in:85 out:85 type:B q:32.36 q-aq:31.91 q-noVbv:32.36 q-Rceq:1.32 tex:838 mv:2935 misc:1059 icu:0.75 pcu:516.50 scu:778.75 tlayer:3 pbqpoffset:3.79 pbfactor:1.55 avgQpOffsetCutree:-0.99;
in:84 out:86 type:b q:34.55 q-aq:35.00 q-noVbv:34.55 q-Rceq:1.32 tex:261 mv:1386 misc:649 icu:1.00 pcu:327.00 scu:968.00 tlayer:4 pbqpoffset:6.02 pbfactor:2.01 avgQpOffsetCutree:0.00;
in:98 out:87 type:k q:28.51 q-aq:21.48 q-noVbv:28.51 q-Rceq:1.32 tex:363865 mv:34102 misc:3321 icu:521.50 pcu:770.50 scu:4.00 tlayer:0 pbqpoffset:0.72 pbfactor:1.09 avgQpOffsetCutree:-7.89;
in:92 out:88 type:B q:30.92 q-aq:24.69 q-noVbv:30.92 q-Rceq:1.32 tex:59697 mv:15913 misc:4926 icu:50.00 pcu:964.50 scu:281.50 tlayer:1 pbqpoffset:2.35 pbfactor:1.31 avgQpOffsetCutree:-5.05;
in:89 out:89 type:B q:32.43 q-aq:29.57 q-noVbv:32.43 q-Rceq:1.32 tex:6009 mv:6199 misc:1688 icu:3.50 pcu:805.25 scu:487.25 tlayer:2 pbqpoffset:3.84 pbfactor:1.56 avgQpOffsetCutree:-2.51;
in:88 out:90 type:B q:32.44 q-aq:32.04 q-noVbv:32.44 q-Rceq:1.32 tex:1108 mv:3608 misc:1196 icu:2.25 pcu:599.00 scu:694.75 tlayer:3 pbqpoffset:3.84 pbfactor:1.56 avgQpOffsetCutree:-1.04;
in:87 out:91 type:b q:35.43 q-aq:35.00 q-noVbv:35.43 q-Rceq:1.32 tex:267 mv:1912 misc:813 icu:0.75 pcu:407.50 scu:887.75 tlayer:4 pbqpoffset:6.82 pbfactor:2.20 avgQpOffsetCutree:0.00;
in:91 out:92 type:B q:32.41 q-aq:32.30 q-noVbv:32.41 q-Rceq:1.32 tex:673 mv:3012 misc:995 icu:0.50 pcu:420.25 scu:875.25 tlayer:3 pbqpoffset:3.84 pbfactor:1.56 avgQpOffsetCutree:-0.94;
in:90 out:93 type:b q:34.92 q-aq:35.00 q-noVbv:34.92 q-Rceq:1.32 tex:209 mv:1955 misc:820 icu:0.50 pcu:366.50 scu:929.00 tlayer:4 pbqpoffset:6.34 pbfactor:2.08 avgQpOffsetCutree:0.00;
in:95 out:94 type:B q:31.36 q-aq:30.11 q-noVbv:31.36 q-Rceq:1.32 tex:5176 mv:4851 misc:1837 icu:19.00 pcu:525.25 scu:751.75 tlayer:2 pbqpoffset:2.83 pbfactor:1.39 avgQpOffsetCutree:-1.39;
in:94 out:95 type:B q:32.38 q-aq:32.03 q-noVbv:32.38 q-Rceq:1.32 tex:787 mv:2370 misc:835 icu:0.75 pcu:380.50 scu:914.75 tlayer:3 pbqpoffset:3.84 pbfactor:1.56 avgQpOffsetCutree:-0.85;
in:93 out:96 type:b q:35.37 q-aq:35.00 q-noVbv:35.37 q-Rceq:1.32 tex:228 mv:1605 misc:695 icu:0.00 pcu:254.75 scu:1041.25 tlayer:4 pbqpoffset:6.82 pbfactor:2.20 avgQpOffsetCutree:0.00;
in:97 out:97 type:B q:32.15 q-aq:30.76 q-noVbv:32.15 q-Rceq:1.32 tex:3248 mv:3127 misc:1441 icu:1.00 pcu:358.50 scu:936.50 tlayer:3 pbqpoffset:3.64 pbfactor:1.52 avgQpOffsetCutree:-1.80;
in:96 out:98 type:b q:35.14 q-aq:35.00 q-noVbv:35.14 q-Rceq:1.32 tex:617 mv:1612 misc:883 icu:0.00 pcu:195.25 scu:1100.75 tlayer:4 pbqpoffset:6.62 pbfactor:2.15 avgQpOffsetCutree:0.00;
in:114 out:99 type:k q:27.32 q-aq:20.50 q-noVbv:27.32 q-Rceq:1.32 tex:370915 mv:31124 misc:3457 icu:502.25 pcu:788.25 scu:5.50 tlayer:0 pbqpoffset:0.57 pbfactor:1.07 avgQpOffsetCutree:-7.67;
in:106 out:100 type:B q:30.02 q-aq:22.92 q-noVbv:30.02 q-Rceq:1.32 tex:133926 mv:20253 misc:4565 icu:67.00 pcu:1059.50 scu:169.50 tlayer:1 pbqpoffset:2.11 pbfactor:1.28 avgQpOffsetCutree:-5.90;
in:102 out:101 type:B q:31.02 q-aq:26.99 q-noVbv:31.02 q-Rceq:1.32 tex:16277 mv:9358 misc:2565 icu:11.25 pcu:810.50 scu:474.25 tlayer:2 pbqpoffset:2.81 pbfactor:1.38 avgQpOffsetCutree:-3.45;
in:100 out:102 type:B q:32.18 q-aq:30.27 q-noVbv:32.18 q-Rceq:1.32 tex:3668 mv:5248 misc:1396 icu:1.50 pcu:681.50 scu:613.00 tlayer:3 pbqpoffset:3.82 pbfactor:1.56 avgQpOffsetCutree:-2.26;
in:99 out:103 type:b q:35.25 q-aq:35.00 q-noVbv:35.25 q-Rceq:1.32 tex:308 mv:1835 misc:833 icu:0.00 pcu:263.25 scu:1032.75 tlayer:4 pbqpoffset:6.82 pbfactor:2.20 avgQpOffsetCutree:0.00;
in:101 out:104 type:b q:34.60 q-aq:35.00 q-noVbv:34.60 q-Rceq:1.32 tex:568 mv:1798 misc:778 icu:0.50 pcu:340.25 scu:955.25 tlayer:4 pbqpoffset:6.31 pbfactor:2.07 avgQpOffsetCutree:0.00;
in:104 out:105 type:B q:31.88 q-aq:30.40 q-noVbv:31.88 q-Rceq:1.32 tex:2291 mv:4569 misc:1532 icu:1.00 pcu:617.00 scu:678.00 tlayer:3 pbqpoffset:3.82 pbfactor:1.56 avgQpOffsetCutree:-1.37;
in:103 out:106 type:b q:33.46 q-aq:33.12 q-noVbv:33.46 q-Rceq:1.32 tex:659 mv:2712 misc:949 icu:0.25 pcu:534.50 scu:761.25 tlayer:4 pbqpoffset:5.33 pbfactor:1.85 avgQpOffsetCutree:0.00;
in:105 out:107 type:b q:34.80 q-aq:35.00 q-noVbv:34.80 q-Rceq:1.32 tex:104 mv:1629 misc:763 icu:0.00 pcu:278.00 scu:1018.00 tlayer:4 pbqpoffset:6.82 pbfactor:2.20 avgQpOffsetCutree:0.00;
in:110 out:108 type:B q:30.39 q-aq:27.35 q-noVbv:30.39 q-Rceq:1.32 tex:13340 mv:8078 misc:3038 icu:24.50 pcu:719.75 scu:551.75 tlayer:2 pbqpoffset:2.78 pbfactor:1.38 avgQpOffsetCutree:-2.64;
in:108 out:109 type:B q:31.59 q-aq:28.99 q-noVbv:31.59 q-Rceq:1.32 tex:1711 mv:4107 misc:1294 icu:1.75 pcu:681.25 scu:613.00 tlayer:3 pbqpoffset:3.82 pbfactor:1.56 avgQpOffsetCutree:-2.57;
in:107 out:110 type:b q:34.65 q-aq:35.00 q-noVbv:34.65 q-Rceq:1.32 tex:185 mv:1583 misc:704 icu:0.00 pcu:305.25 scu:990.75 tlayer:4 pbqpoffset:6.81 pbfactor:2.20 avgQpOffsetCutree:0.00;
in:109 out:111 type:b q:33.73 q-aq:34.00 q-noVbv:33.73 q-Rceq:1.32 tex:101 mv:1889 misc:722 icu:0.75 pcu:355.50 scu:939.75 tlayer:4 pbqpoffset:6.04 pbfactor:2.01 avgQpOffsetCutree:0.00;
in:112 out:112 type:B q:30.06 q-aq:29.76 q-noVbv:30.06 q-Rceq:1.32 tex:10043 mv:3863 misc:1598 icu:4.50 pcu:306.50 scu:985.00 tlayer:3 pbqpoffset:2.59 pbfactor:1.35 avgQpOffsetCutree:-0.71;
in:111 out:113 type:b q:31.23 q-aq:31.00 q-noVbv:31.23 q-Rceq:1.32 tex:674 mv:1809 misc:1077 icu:1.50 pcu:425.00 scu:869.50 tlayer:4 pbqpoffset:3.69 pbfactor:1.53 avgQpOffsetCutree:0.00;
in:113 out:114 type:b q:33.38 q-aq:33.00 q-noVbv:33.38 q-Rceq:1.32 tex:851 mv:1642 misc:787 icu:0.00 pcu:195.50 scu:1100.50 tlayer:4 pbqpoffset:5.99 pbfactor:2.00 avgQpOffsetCutree:0.00;
in:130 out:115 type:k q:27.26 q-aq:20.37 q-noVbv:27.26 q-Rceq:1.32 tex:369208 mv:34158 misc:3514 icu:487.50 pcu:804.75 scu:3.75 tlayer:0 pbqpoffset:0.57 pbfactor:1.07 avgQpOffsetCutree:-7.97;
in:122 out:116 type:B q:29.46 q-aq:22.77 q-noVbv:29.46 q-Rceq:1.32 tex:122856 mv:18487 misc:3441 icu:70.00 pcu:1180.00 scu:46.00 tlayer:1 pbqpoffset:2.17 pbfactor:1.28 avgQpOffsetCutree:-5.84;
in:118 out:117 type:B q:30.23 q-aq:25.27 q-noVbv:30.23 q-Rceq:1.32 tex:26103 mv:12522 misc:3775 icu:4.50 pcu:833.25 scu:458.25 tlayer:2 pbqpoffset:2.92 pbfactor:1.40 avgQpOffsetCutree:-4.16;
in:116 out:118 type:B q:31.17 q-aq:29.87 q-noVbv:31.17 q-Rceq:1.32 tex:4642 mv:4849 misc:1405 icu:1.25 pcu:743.00 scu:551.75 tlayer:3 pbqpoffset:3.86 pbfactor:1.56 avgQpOffsetCutree:-1.68;
in:115 out:119 type:b q:33.11 q-aq:33.00 q-noVbv:33.11 q-Rceq:1.32 tex:770 mv:2453 misc:913 icu:0.00 pcu:368.00 scu:928.00 tlayer:4 pbqpoffset:5.80 pbfactor:1.95 avgQpOffsetCutree:0.00;
in:117 out:120 type:b q:34.16 q-aq:34.00 q-noVbv:34.16 q-Rceq:1.32 tex:392 mv:1786 misc:782 icu:0.00 pcu:272.75 scu:1023.25 tlayer:4 pbqpoffset:6.85 pbfactor:2.21 avgQpOffsetCutree:0.00;
in:120 out:121 type:B q:31.05 q-aq:29.89 q-noVbv:31.05 q-Rceq:1.32 tex:2980 mv:4884 misc:1448 icu:0.00 pcu:779.25 scu:516.75 tlayer:3 pbqpoffset:3.75 pbfactor:1.54 avgQpOffsetCutree:-1.35;
in:119 out:122 type:b q:33.07 q-aq:33.00 q-noVbv:33.07 q-Rceq:1.32 tex:650 mv:2074 misc:892 icu:0.25 pcu:389.75 scu:906.00 tlayer:4 pbqpoffset:5.77 pbfactor:1.95 avgQpOffsetCutree:0.00;
in:121 out:123 type:b q:33.39 q-aq:33.00 q-noVbv:33.39 q-Rceq:1.32 tex:410 mv:1909 misc:817 icu:0.00 pcu:352.25 scu:943.75 tlayer:4 pbqpoffset:6.10 pbfactor:2.02 avgQpOffsetCutree:0.00;
in:126 out:124 type:B q:30.26 q-aq:26.25 q-noVbv:30.26 q-Rceq:1.32 tex:17141 mv:8291 misc:3848 icu:27.75 pcu:723.75 scu:544.50 tlayer:2 pbqpoffset:2.98 pbfactor:1.41 avgQpOffsetCutree:-3.44;
in:124 out:125 type:B q:31.15 q-aq:29.06 q-noVbv:31.15 q-Rceq:1.32 tex:1153 mv:3775 misc:1144 icu:0.75 pcu:682.50 scu:612.75 tlayer:3 pbqpoffset:3.86 pbfactor:1.56 avgQpOffsetCutree:-1.77;
in:123 out:126 type:b q:34.14 q-aq:34.00 q-noVbv:34.14 q-Rceq:1.32 tex:506 mv:1551 misc:695 icu:0.00 pcu:356.25 scu:939.75 tlayer:4 pbqpoffset:6.85 pbfactor:2.21 avgQpOffsetCutree:0.00;
in:125 out:127 type:b q:34.13 q-aq:34.00 q-noVbv:34.13 q-Rceq:1.32 tex:344 mv:1657 misc:687 icu:0.00 pcu:431.75 scu:864.25 tlayer:4 pbqpoffset:6.85 pbfactor:2.21 avgQpOffsetCutree:0.00;
in:128 out:128 type:B q:30.63 q-aq:30.21 q-noVbv:30.63 q-Rceq:1.32 tex:8057 mv:4312 misc:1623 icu:6.75 pcu:462.25 scu:827.00 tlayer:3 pbqpoffset:3.36 pbfactor:1.47 avgQpOffsetCutree:-0.94;
in:127 out:129 type:b q:33.37 q-aq:33.00 q-noVbv:33.37 q-Rceq:1.32 tex:150 mv:1225 misc:729 icu:0.00 pcu:363.50 scu:932.50 tlayer:4 pbqpoffset:6.10 pbfactor:2.02 avgQpOffsetCutree:0.00;
in:129 out:130 type:b q:32.04 q-aq:32.00 q-noVbv:32.04 q-Rceq:1.32 tex:929 mv:3277 misc:1050 icu:1.25 pcu:674.00 scu:620.75 tlayer:4 pbqpoffset:4.77 pbfactor:1.74 avgQpOffsetCutree:0.00;
in:146 out:131 type:k q:27.31 q-aq:20.49 q-noVbv:27.31 q-Rceq:1.32 tex:393464 mv:38549 misc:3387 icu:610.50 pcu:682.00 scu:3.50 tlayer:0 pbqpoffset:0.79 pbfactor:1.10 avgQpOffsetCutree:-7.89;
in:138 out:132 type:B q:29.62 q-aq:23.20 q-noVbv:29.62 q-Rceq:1.32 tex:97209 mv:21709 misc:5202 icu:73.25 pcu:997.00 scu:225.75 tlayer:1 pbqpoffset:2.33 pbfactor:1.31 avgQpOffsetCutree:-5.50;
in:134 out:133 type:B q:30.93 q-aq:27.02 q-noVbv:30.93 q-Rceq:1.32 tex:14398 mv:9026 misc:2368 icu:10.00 pcu:921.25 scu:364.75 tlayer:2 pbqpoffset:3.65 pbfactor:1.52 avgQpOffsetCutree:-3.33;
in:132 out:134 type:B q:31.18 q-aq:29.43 q-noVbv:31.18 q-Rceq:1.32 tex:5163 mv:5197 misc:1496 icu:1.50 pcu:685.75 scu:608.75 tlayer:3 pbqpoffset:3.91 pbfactor:1.57 avgQpOffsetCutree:-1.91;
in:131 out:135 type:b q:34.17 q-aq:34.00 q-noVbv:34.17 q-Rceq:1.32 tex:403 mv:1986 misc:899 icu:1.00 pcu:252.50 scu:1042.50 tlayer:4 pbqpoffset:6.90 pbfactor:2.22 avgQpOffsetCutree:0.00;
in:133 out:136 type:b q:33.51 q-aq:34.00 q-noVbv:33.51 q-Rceq:1.32 tex:583 mv:2365 misc:852 icu:0.00 pcu:462.50 scu:833.50 tlayer:4 pbqpoffset:6.24 pbfactor:2.06 avgQpOffsetCutree:0.00;
in:136 out:137 type:B q:31.19 q-aq:29.92 q-noVbv:31.19 q-Rceq:1.32 tex:3247 mv:5582 misc:1627 icu:1.00 pcu:851.00 scu:444.00 tlayer:3 pbqpoffset:3.91 pbfactor:1.57 avgQpOffsetCutree:-1.78;
in:135 out:138 type:b q:34.09 q-aq:34.00 q-noVbv:34.09 q-Rceq:1.32 tex:636 mv:2091 misc:873 icu:0.25 pcu:345.25 scu:950.50 tlayer:4 pbqpoffset:6.81 pbfactor:2.20 avgQpOffsetCutree:0.00;
in:137 out:139 type:b q:34.19 q-aq:34.00 q-noVbv:34.19 q-Rceq:1.32 tex:547 mv:2454 misc:919 icu:1.00 pcu:460.75 scu:834.25 tlayer:4 pbqpoffset:6.90 pbfactor:2.22 avgQpOffsetCutree:0.00;
in:142 out:140 type:B q:29.95 q-aq:25.97 q-noVbv:29.95 q-Rceq:1.32 tex:34665 mv:13436 misc:4851 icu:27.25 pcu:854.75 scu:414.00 tlayer:2 pbqpoffset:2.64 pbfactor:1.36 avgQpOffsetCutree:-3.49;
in:140 out:141 type:B q:31.21 q-aq:29.31 q-noVbv:31.21 q-Rceq:1.32 tex:3328 mv:5390 misc:1530 icu:3.50 pcu:737.50 scu:555.00 tlayer:3 pbqpoffset:3.91 pbfactor:1.57 avgQpOffsetCutree:-2.00;
in:139 out:142 type:b q:34.19 q-aq:34.00 q-noVbv:34.19 q-Rceq:1.32 tex:524 mv:2787 misc:1001 icu:0.00 pcu:486.75 scu:809.25 tlayer:4 pbqpoffset:6.90 pbfactor:2.22 avgQpOffsetCutree:0.00;
in:141 out:143 type:b q:34.20 q-aq:34.00 q-noVbv:34.20 q-Rceq:1.32 tex:440 mv:2347 misc:885 icu:0.25 pcu:441.75 scu:854.00 tlayer:4 pbqpoffset:6.90 pbfactor:2.22 avgQpOffsetCutree:0.00;
in:144 out:144 type:B q:31.02 q-aq:30.60 q-noVbv:31.02 q-Rceq:1.32 tex:5943 mv:4652 misc:1749 icu:4.75 pcu:511.75 scu:779.50 tlayer:3 pbqpoffset:3.71 pbfactor:1.54 avgQpOffsetCutree:-1.16;
in:143 out:145 type:b q:32.43 q-aq:32.48 q-noVbv:32.43 q-Rceq:1.32 tex:777 mv:2547 misc:1092 icu:0.50 pcu:471.25 scu:824.25 tlayer:4 pbqpoffset:5.12 pbfactor:1.81 avgQpOffsetCutree:0.00;
in:145 out:146 type:b q:34.21 q-aq:34.00 q-noVbv:34.21 q-Rceq:1.32 tex:350 mv:2331 misc:847 icu:0.00 pcu:446.50 scu:849.50 tlayer:4 pbqpoffset:6.90 pbfactor:2.22 avgQpOffsetCutree:0.00;
in:162 out:147 type:k q:27.65 q-aq:21.13 q-noVbv:27.65 q-Rceq:1.32 tex:358748 mv:36259 misc:3457 icu:597.75 pcu:695.75 scu:2.50 tlayer:0 pbqpoffset:0.40 pbfactor:1.05 avgQpOffsetCutree:-7.61;
in:154 out:148 type:B q:29.52 q-aq:23.11 q-noVbv:29.52 q-Rceq:1.32 tex:115579 mv:20882 misc:4419 icu:67.50 pcu:1075.25 scu:153.25 tlayer:1 pbqpoffset:2.04 pbfactor:1.27 avgQpOffsetCutree:-5.85;
in:150 out:149 type:B q:31.08 q-aq:27.61 q-noVbv:31.08 q-Rceq:1.32 tex:13498 mv:9448 misc:2206 icu:7.50 pcu:938.00 scu:350.50 tlayer:2 pbqpoffset:3.68 pbfactor:1.53 avgQpOffsetCutree:-2.84;
in:148 out:150 type:B q:31.26 q-aq:29.42 q-noVbv:31.26 q-Rceq:1.32 tex:4372 mv:5050 misc:1322 icu:2.50 pcu:633.25 scu:660.25 tlayer:3 pbqpoffset:3.90 pbfactor:1.57 avgQpOffsetCutree:-2.07;
in:147 out:151 type:b q:34.23 q-aq:34.00 q-noVbv:34.23 q-Rceq:1.32 tex:581 mv:1734 misc:773 icu:0.25 pcu:194.00 scu:1101.75 tlayer:4 pbqpoffset:6.89 pbfactor:2.22 avgQpOffsetCutree:0.00;
in:149 out:152 type:b q:33.70 q-aq:34.00 q-noVbv:33.70 q-Rceq:1.32 tex:526 mv:2893 misc:933 icu:0.50 pcu:510.00 scu:785.50 tlayer:4 pbqpoffset:6.33 pbfactor:2.08 avgQpOffsetCutree:0.00;
in:152 out:153 type:B q:31.35 q-aq:30.32 q-noVbv:31.35 q-Rceq:1.32 tex:3000 mv:4788 misc:1428 icu:3.00 pcu:666.25 scu:626.75 tlayer:3 pbqpoffset:3.90 pbfactor:1.57 avgQpOffsetCutree:-1.39;
in:151 out:154 type:b q:33.69 q-aq:34.00 q-noVbv:33.69 q-Rceq:1.32 tex:612 mv:2539 misc:929 icu:1.50 pcu:466.00 scu:828.50 tlayer:4 pbqpoffset:6.27 pbfactor:2.06 avgQpOffsetCutree:0.00;
in:153 out:155 type:b q:34.35 q-aq:34.00 q-noVbv:34.35 q-Rceq:1.32 tex:395 mv:1514 misc:715 icu:0.00 pcu:278.00 scu:1018.00 tlayer:4 pbqpoffset:6.89 pbfactor:2.22 avgQpOffsetCutree:0.00;
in:158 out:156 type:B q:30.22 q-aq:26.80 q-noVbv:30.22 q-Rceq:1.32 tex:14923 mv:6846 misc:3223 icu:30.75 pcu:784.00 scu:481.25 tlayer:2 pbqpoffset:2.65 pbfactor:1.36 avgQpOffsetCutree:-3.07;
in:156 out:157 type:B q:31.43 q-aq:29.79 q-noVbv:31.43 q-Rceq:1.32 tex:1545 mv:3710 misc:1257 icu:0.75 pcu:520.25 scu:775.00 tlayer:3 pbqpoffset:3.90 pbfactor:1.57 avgQpOffsetCutree:-2.19;
in:155 out:158 type:b q:34.40 q-aq:34.00 q-noVbv:34.40 q-Rceq:1.32 tex:367 mv:1767 misc:730 icu:0.50 pcu:403.75 scu:891.75 tlayer:4 pbqpoffset:6.89 pbfactor:2.22 avgQpOffsetCutree:0.00;
in:157 out:159 type:b q:34.44 q-aq:34.00 q-noVbv:34.44 q-Rceq:1.32 tex:340 mv:1410 misc:658 icu:0.00 pcu:312.50 scu:983.50 tlayer:4 pbqpoffset:6.89 pbfactor:2.22 avgQpOffsetCutree:0.00;
in:160 out:160 type:B q:30.72 q-aq:29.14 q-noVbv:30.72 q-Rceq:1.32 tex:7295 mv:4380 misc:2085 icu:10.75 pcu:485.00 scu:800.25 tlayer:3 pbqpoffset:3.10 pbfactor:1.43 avgQpOffsetCutree:-1.67;
in:159 out:161 type:b q:32.06 q-aq:32.00 q-noVbv:32.06 q-Rceq:1.32 tex:103 mv:1336 misc:809 icu:0.00 pcu:293.50 scu:1002.50 tlayer:4 pbqpoffset:4.47 pbfactor:1.68 avgQpOffsetCutree:0.00;
in:161 out:162 type:b q:34.53 q-aq:35.00 q-noVbv:34.53 q-Rceq:1.32 tex:318 mv:1117 misc:637 icu:0.00 pcu:292.50 scu:1003.50 tlayer:4 pbqpoffset:6.89 pbfactor:2.22 avgQpOffsetCutree:0.00;
in:176 out:163 type:k q:27.83 q-aq:21.15 q-noVbv:27.83 q-Rceq:1.32 tex:390994 mv:43223 misc:3039 icu:740.00 pcu:552.50 scu:3.50 tlayer:0 pbqpoffset:0.82 pbfactor:1.10 avgQpOffsetCutree:-7.64;
in:169 out:164 type:B q:29.92 q-aq:23.06 q-noVbv:29.92 q-Rceq:1.32 tex:127365 mv:19880 misc:3691 icu:85.00 pcu:1142.25 scu:68.75 tlayer:1 pbqpoffset:2.18 pbfactor:1.29 avgQpOffsetCutree:-5.77;
in:166 out:165 type:B q:31.22 q-aq:26.96 q-noVbv:31.22 q-Rceq:1.32 tex:12627 mv:9587 misc:2930 icu:12.50 pcu:835.50 scu:448.00 tlayer:2 pbqpoffset:3.52 pbfactor:1.50 avgQpOffsetCutree:-3.63;
in:164 out:166 type:B q:31.55 q-aq:29.81 q-noVbv:31.55 q-Rceq:1.32 tex:2582 mv:4625 misc:1401 icu:1.00 pcu:712.50 scu:582.50 tlayer:3 pbqpoffset:3.87 pbfactor:1.56 avgQpOffsetCutree:-1.94;
in:163 out:167 type:b q:33.72 q-aq:34.00 q-noVbv:33.72 q-Rceq:1.32 tex:211 mv:2447 misc:886 icu:0.00 pcu:647.75 scu:648.25 tlayer:4 pbqpoffset:6.05 pbfactor:2.01 avgQpOffsetCutree:0.00;
in:165 out:168 type:b q:33.86 q-aq:34.00 q-noVbv:33.86 q-Rceq:1.32 tex:156 mv:1270 misc:686 icu:0.00 pcu:312.25 scu:983.75 tlayer:4 pbqpoffset:6.16 pbfactor:2.04 avgQpOffsetCutree:0.00;
in:168 out:169 type:B q:31.60 q-aq:31.46 q-noVbv:31.60 q-Rceq:1.32 tex:958 mv:2480 misc:1010 icu:1.25 pcu:442.75 scu:852.00 tlayer:3 pbqpoffset:3.87 pbfactor:1.56 avgQpOffsetCutree:-0.93;
in:167 out:170 type:b q:33.54 q-aq:34.00 q-noVbv:33.54 q-Rceq:1.32 tex:252 mv:1568 misc:716 icu:0.00 pcu:402.50 scu:893.50 tlayer:4 pbqpoffset:5.82 pbfactor:1.96 avgQpOffsetCutree:0.00;
in:173 out:171 type:B q:30.83 q-aq:26.25 q-noVbv:30.83 q-Rceq:1.32 tex:36448 mv:12126 misc:4578 icu:25.50 pcu:985.75 scu:284.75 tlayer:2 pbqpoffset:3.04 pbfactor:1.42 avgQpOffsetCutree:-3.77;
in:171 out:172 type:B q:31.64 q-aq:30.09 q-noVbv:31.64 q-Rceq:1.32 tex:2391 mv:4443 misc:1638 icu:3.75 pcu:614.50 scu:677.75 tlayer:3 pbqpoffset:3.87 pbfactor:1.56 avgQpOffsetCutree:-1.71;
in:170 out:173 type:b q:34.61 q-aq:35.00 q-noVbv:34.61 q-Rceq:1.32 tex:203 mv:1457 misc:732 icu:0.50 pcu:364.00 scu:931.50 tlayer:4 pbqpoffset:6.86 pbfactor:2.21 avgQpOffsetCutree:0.00;
in:172 out:174 type:b q:34.57 q-aq:35.00 q-noVbv:34.57 q-Rceq:1.32 tex:138 mv:1089 misc:621 icu:0.00 pcu:230.00 scu:1066.00 tlayer:4 pbqpoffset:6.79 pbfactor:2.19 avgQpOffsetCutree:0.00;
in:175 out:175 type:B q:31.69 q-aq:31.37 q-noVbv:31.69 q-Rceq:1.32 tex:1785 mv:3179 misc:1580 icu:4.75 pcu:584.25 scu:707.00 tlayer:3 pbqpoffset:3.87 pbfactor:1.56 avgQpOffsetCutree:-0.94;
in:174 out:176 type:b q:34.65 q-aq:35.00 q-noVbv:34.65 q-Rceq:1.32 tex:180 mv:1563 misc:673 icu:0.00 pcu:401.75 scu:894.25 tlayer:4 pbqpoffset:6.85 pbfactor:2.21 avgQpOffsetCutree:0.00;
in:192 out:177 type:k q:27.55 q-aq:20.92 q-noVbv:27.55 q-Rceq:1.32 tex:380683 mv:45735 misc:2790 icu:940.00 pcu:351.75 scu:4.25 tlayer:0 pbqpoffset:0.86 pbfactor:1.10 avgQpOffsetCutree:-7.53;
in:184 out:178 type:B q:29.98 q-aq:22.70 q-noVbv:29.98 q-Rceq:1.32 tex:144051 mv:22499 misc:4626 icu:66.25 pcu:1055.00 scu:174.75 tlayer:1 pbqpoffset:2.29 pbfactor:1.30 avgQpOffsetCutree:-6.08;
in:180 out:179 type:B q:31.61 q-aq:27.51 q-noVbv:31.61 q-Rceq:1.32 tex:12142 mv:7133 misc:2117 icu:3.25 pcu:780.50 scu:512.25 tlayer:2 pbqpoffset:3.85 pbfactor:1.56 avgQpOffsetCutree:-3.38;
in:178 out:180 type:B q:31.65 q-aq:30.15 q-noVbv:31.65 q-Rceq:1.32 tex:2391 mv:3323 misc:1238 icu:0.50 pcu:433.50 scu:862.00 tlayer:3 pbqpoffset:3.85 pbfactor:1.56 avgQpOffsetCutree:-1.88;
in:177 out:181 type:b q:34.36 q-aq:34.00 q-noVbv:34.36 q-Rceq:1.32 tex:200 mv:1270 misc:650 icu:0.00 pcu:138.25 scu:1157.75 tlayer:4 pbqpoffset:6.55 pbfactor:2.13 avgQpOffsetCutree:0.00;
in:179 out:182 type:b q:34.24 q-aq:34.00 q-noVbv:34.24 q-Rceq:1.32 tex:239 mv:1553 misc:736 icu:0.00 pcu:303.25 scu:992.75 tlayer:4 pbqpoffset:6.46 pbfactor:2.11 avgQpOffsetCutree:0.00;
in:182 out:183 type:B q:31.58 q-aq:30.05 q-noVbv:31.58 q-Rceq:1.32 tex:3878 mv:4343 misc:1523 icu:0.25 pcu:689.50 scu:606.25 tlayer:3 pbqpoffset:3.85 pbfactor:1.56 avgQpOffsetCutree:-1.81;
in:181 out:184 type:b q:34.58 q-aq:35.00 q-noVbv:34.58 q-Rceq:1.32 tex:116 mv:1521 misc:731 icu:0.00 pcu:219.75 scu:1076.25 tlayer:4 pbqpoffset:6.84 pbfactor:2.20 avgQpOffsetCutree:0.00;
in:183 out:185 type:b q:34.55 q-aq:35.00 q-noVbv:34.55 q-Rceq:1.32 tex:214 mv:1454 misc:724 icu:0.00 pcu:256.00 scu:1040.00 tlayer:4 pbqpoffset:6.85 pbfactor:2.21 avgQpOffsetCutree:0.00;
in:188 out:186 type:B q:31.18 q-aq:26.13 q-noVbv:31.18 q-Rceq:1.32 tex:17150 mv:7048 misc:3314 icu:26.50 pcu:1062.75 scu:206.75 tlayer:2 pbqpoffset:3.56 pbfactor:1.51 avgQpOffsetCutree:-4.13;
in:186 out:187 type:B q:31.51 q-aq:29.64 q-noVbv:31.51 q-Rceq:1.32 tex:1023 mv:3382 misc:1339 icu:1.00 pcu:505.25 scu:789.75 tlayer:3 pbqpoffset:3.85 pbfactor:1.56 avgQpOffsetCutree:-1.93;
in:185 out:188 type:b q:34.52 q-aq:35.00 q-noVbv:34.52 q-Rceq:1.32 tex:240 mv:1256 misc:616 icu:0.25 pcu:173.25 scu:1122.50 tlayer:4 pbqpoffset:6.85 pbfactor:2.21 avgQpOffsetCutree:0.00;
in:187 out:189 type:b q:34.48 q-aq:34.44 q-noVbv:34.48 q-Rceq:1.32 tex:255 mv:1185 misc:656 icu:0.00 pcu:265.50 scu:1030.50 tlayer:4 pbqpoffset:6.84 pbfactor:2.20 avgQpOffsetCutree:0.00;
in:190 out:190 type:B q:31.42 q-aq:28.49 q-noVbv:31.42 q-Rceq:1.32 tex:2102 mv:2406 misc:1748 icu:3.25 pcu:814.25 scu:478.50 tlayer:3 pbqpoffset:3.84 pbfactor:1.56 avgQpOffsetCutree:-2.52;
in:189 out:191 type:b q:34.44 q-aq:34.00 q-noVbv:34.44 q-Rceq:1.32 tex:8 mv:1100 misc:596 icu:0.00 pcu:314.25 scu:981.75 tlayer:4 pbqpoffset:6.84 pbfactor:2.20 avgQpOffsetCutree:0.00;
in:191 out:192 type:b q:34.41 q-aq:34.00 q-noVbv:34.41 q-Rceq:1.32 tex:178 mv:1234 misc:876 icu:2.00 pcu:515.25 scu:778.75 tlayer:4 pbqpoffset:6.84 pbfactor:2.20 avgQpOffsetCutree:0.00;
in:208 out:193 type:k q:28.18 q-aq:21.44 q-noVbv:28.18 q-Rceq:1.32 tex:366072 mv:39669 misc:2995 icu:685.75 pcu:606.75 scu:3.50 tlayer:0 pbqpoffset:0.91 pbfactor:1.11 avgQpOffsetCutree:-7.77;
in:200 out:194 type:B q:30.36 q-aq:23.52 q-noVbv:30.36 q-Rceq:1.32 tex:124188 mv:22053 misc:3591 icu:77.50 pcu:1169.75 scu:48.75 tlayer:1 pbqpoffset:2.49 pbfactor:1.33 avgQpOffsetCutree:-5.78;
in:196 out:195 type:B q:31.60 q-aq:27.81 q-noVbv:31.60 q-Rceq:1.32 tex:12403 mv:7946 misc:2259 icu:6.00 pcu:765.75 scu:524.25 tlayer:2 pbqpoffset:3.89 pbfactor:1.57 avgQpOffsetCutree:-3.18;
in:194 out:196 type:B q:31.52 q-aq:29.75 q-noVbv:31.52 q-Rceq:1.32 tex:4956 mv:3934 misc:1374 icu:1.25 pcu:467.50 scu:827.25 tlayer:3 pbqpoffset:3.89 pbfactor:1.57 avgQpOffsetCutree:-1.85;
in:193 out:197 type:b q:34.47 q-aq:34.35 q-noVbv:34.47 q-Rceq:1.32 tex:393 mv:1320 misc:759 icu:0.25 pcu:118.25 scu:1177.50 tlayer:4 pbqpoffset:6.88 pbfactor:2.22 avgQpOffsetCutree:0.00;
in:195 out:198 type:b q:34.55 q-aq:35.00 q-noVbv:34.55 q-Rceq:1.32 tex:171 mv:1474 misc:739 icu:0.00 pcu:261.00 scu:1035.00 tlayer:4 pbqpoffset:6.88 pbfactor:2.21 avgQpOffsetCutree:0.00;
in:198 out:199 type:B q:31.68 q-aq:30.15 q-noVbv:31.68 q-Rceq:1.32 tex:2515 mv:4856 misc:1341 icu:2.25 pcu:721.00 scu:572.75 tlayer:3 pbqpoffset:3.89 pbfactor:1.57 avgQpOffsetCutree:-1.69;
in:197 out:200 type:b q:34.63 q-aq:35.00 q-noVbv:34.63 q-Rceq:1.32 tex:194 mv:1911 misc:855 icu:0.00 pcu:421.50 scu:874.50 tlayer:4 pbqpoffset:6.88 pbfactor:2.21 avgQpOffsetCutree:0.00;
in:199 out:201 type:b q:34.71 q-aq:35.00 q-noVbv:34.71 q-Rceq:1.32 tex:335 mv:1450 misc:743 icu:0.00 pcu:306.25 scu:989.75 tlayer:4 pbqpoffset:6.88 pbfactor:2.21 avgQpOffsetCutree:0.00;
in:204 out:202 type:B q:30.96 q-aq:25.65 q-noVbv:30.96 q-Rceq:1.32 tex:50623 mv:16108 misc:4957 icu:29.50 pcu:971.25 scu:295.25 tlayer:2 pbqpoffset:2.94 pbfactor:1.40 avgQpOffsetCutree:-4.36;
in:202 out:203 type:B q:31.83 q-aq:29.93 q-noVbv:31.83 q-Rceq:1.32 tex:3678 mv:5377 misc:1633 icu:1.25 pcu:824.25 scu:470.50 tlayer:3 pbqpoffset:3.89 pbfactor:1.57 avgQpOffsetCutree:-1.98;
in:201 out:204 type:b q:34.79 q-aq:35.00 q-noVbv:34.79 q-Rceq:1.32 tex:220 mv:1568 misc:748 icu:0.00 pcu:319.50 scu:976.50 tlayer:4 pbqpoffset:6.88 pbfactor:2.21 avgQpOffsetCutree:0.00;
in:203 out:205 type:b q:34.87 q-aq:35.00 q-noVbv:34.87 q-Rceq:1.32 tex:348 mv:1480 misc:652 icu:0.00 pcu:251.00 scu:1045.00 tlayer:4 pbqpoffset:6.88 pbfactor:2.21 avgQpOffsetCutree:0.00;
in:206 out:206 type:B q:31.99 q-aq:28.94 q-noVbv:31.99 q-Rceq:1.32 tex:3733 mv:4703 misc:2452 icu:5.00 pcu:682.00 scu:609.00 tlayer:3 pbqpoffset:3.89 pbfactor:1.57 avgQpOffsetCutree:-2.63;
in:205 out:207 type:b q:33.64 q-aq:34.00 q-noVbv:33.64 q-Rceq:1.32 tex:405 mv:1884 misc:831 icu:0.00 pcu:493.75 scu:802.25 tlayer:4 pbqpoffset:5.57 pbfactor:1.90 avgQpOffsetCutree:0.00;
in:207 out:208 type:b q:35.01 q-aq:35.00 q-noVbv:35.01 q-Rceq:1.32 tex:339 mv:1227 misc:802 icu:0.00 pcu:258.00 scu:1038.00 tlayer:4 pbqpoffset:6.87 pbfactor:2.21 avgQpOffsetCutree:0.00;
in:224 out:209 type:k q:27.90 q-aq:20.87 q-noVbv:27.90 q-Rceq:1.32 tex:387687 mv:45340 misc:2973 icu:874.50 pcu:417.00 scu:4.50 tlayer:0 pbqpoffset:0.90 pbfactor:1.11 avgQpOffsetCutree:-7.77;
in:216 out:210 type:B q:30.43 q-aq:22.72 q-noVbv:30.43 q-Rceq:1.32 tex:141310 mv:22927 misc:4451 icu:83.25 pcu:1059.00 scu:153.75 tlayer:1 pbqpoffset:2.39 pbfactor:1.32 avgQpOffsetCutree:-6.31;
in:212 out:211 type:B q:32.00 q-aq:27.48 q-noVbv:32.00 q-Rceq:1.32 tex:9814 mv:7679 misc:2451 icu:8.00 pcu:812.75 scu:475.25 tlayer:2 pbqpoffset:3.89 pbfactor:1.57 avgQpOffsetCutree:-3.70;
in:210 out:212 type:B q:32.03 q-aq:30.52 q-noVbv:32.03 q-Rceq:1.32 tex:1759 mv:4026 misc:1359 icu:2.75 pcu:646.00 scu:647.25 tlayer:3 pbqpoffset:3.89 pbfactor:1.57 avgQpOffsetCutree:-2.00;
in:209 out:213 type:b q:33.26 q-aq:33.00 q-noVbv:33.26 q-Rceq:1.32 tex:559 mv:2508 misc:861 icu:0.00 pcu:530.00 scu:766.00 tlayer:4 pbqpoffset:5.10 pbfactor:1.80 avgQpOffsetCutree:0.00;
in:211 out:214 type:b q:35.00 q-aq:35.00 q-noVbv:35.00 q-Rceq:1.32 tex:267 mv:1452 misc:689 icu:0.00 pcu:349.25 scu:946.75 tlayer:4 pbqpoffset:6.87 pbfactor:2.21 avgQpOffsetCutree:0.00;
in:214 out:215 type:B q:31.96 q-aq:30.10 q-noVbv:31.96 q-Rceq:1.32 tex:2549 mv:3918 misc:1453 icu:1.75 pcu:533.75 scu:760.50 tlayer:3 pbqpoffset:3.89 pbfactor:1.57 avgQpOffsetCutree:-1.98;
in:213 out:216 type:b q:34.97 q-aq:35.00 q-noVbv:34.97 q-Rceq:1.32 tex:125 mv:1192 misc:635 icu:0.00 pcu:262.00 scu:1034.00 tlayer:4 pbqpoffset:6.88 pbfactor:2.21 avgQpOffsetCutree:0.00;
in:215 out:217 type:b q:34.93 q-aq:35.00 q-noVbv:34.93 q-Rceq:1.32 tex:272 mv:1721 misc:727 icu:0.00 pcu:316.50 scu:979.50 tlayer:4 pbqpoffset:6.87 pbfactor:2.21 avgQpOffsetCutree:0.00;
in:220 out:218 type:B q:31.85 q-aq:25.99 q-noVbv:31.85 q-Rceq:1.32 tex:14839 mv:6756 misc:2973 icu:25.00 pcu:587.00 scu:684.00 tlayer:2 pbqpoffset:3.89 pbfactor:1.57 avgQpOffsetCutree:-4.83;
in:218 out:219 type:B q:31.89 q-aq:30.18 q-noVbv:31.89 q-Rceq:1.32 tex:1581 mv:2876 misc:1015 icu:0.50 pcu:439.75 scu:855.75 tlayer:3 pbqpoffset:3.89 pbfactor:1.57 avgQpOffsetCutree:-1.94;
in:217 out:220 type:b q:34.88 q-aq:35.00 q-noVbv:34.88 q-Rceq:1.32 tex:94 mv:1534 misc:708 icu:0.00 pcu:309.50 scu:986.50 tlayer:4 pbqpoffset:6.86 pbfactor:2.21 avgQpOffsetCutree:0.00;
in:219 out:221 type:b q:34.84 q-aq:35.00 q-noVbv:34.84 q-Rceq:1.32 tex:215 mv:1020 misc:549 icu:1.00 pcu:236.00 scu:1059.00 tlayer:4 pbqpoffset:6.86 pbfactor:2.21 avgQpOffsetCutree:0.00;
in:222 out:222 type:B q:31.82 q-aq:29.38 q-noVbv:31.82 q-Rceq:1.32 tex:2207 mv:3014 misc:1491 icu:5.50 pcu:603.00 scu:687.50 tlayer:3 pbqpoffset:3.89 pbfactor:1.57 avgQpOffsetCutree:-2.25;
in:221 out:223 type:b q:34.81 q-aq:35.00 q-noVbv:34.81 q-Rceq:1.32 tex:149 mv:1061 misc:630 icu:0.25 pcu:232.00 scu:1063.75 tlayer:4 pbqpoffset:6.86 pbfactor:2.21 avgQpOffsetCutree:0.00;
in:223 out:224 type:b q:34.78 q-aq:35.00 q-noVbv:34.78 q-Rceq:1.32 tex:226 mv:795 misc:619 icu:3.00 pcu:149.00 scu:1144.00 tlayer:4 pbqpoffset:6.87 pbfactor:2.21 avgQpOffsetCutree:0.00;
in:240 out:225 type:k q:28.46 q-aq:21.81 q-noVbv:28.46 q-Rceq:1.32 tex:372244 mv:40900 misc:3168 icu:751.75 pcu:542.00 scu:2.25 tlayer:0 pbqpoffset:0.90 pbfactor:1.11 avgQpOffsetCutree:-7.62;
in:232 out:226 type:B q:30.53 q-aq:23.26 q-noVbv:30.53 q-Rceq:1.32 tex:123878 mv:23468 misc:4614 icu:61.50 pcu:1029.00 scu:205.50 tlayer:1 pbqpoffset:2.35 pbfactor:1.31 avgQpOffsetCutree:-6.02;
in:228 out:227 type:B q:31.91 q-aq:27.29 q-noVbv:31.91 q-Rceq:1.32 tex:14181 mv:9303 misc:2412 icu:3.00 pcu:893.50 scu:399.50 tlayer:2 pbqpoffset:3.87 pbfactor:1.56 avgQpOffsetCutree:-3.92;
in:226 out:228 type:B q:31.84 q-aq:29.29 q-noVbv:31.84 q-Rceq:1.32 tex:4972 mv:5074 misc:1522 icu:1.25 pcu:770.00 scu:524.75 tlayer:3 pbqpoffset:3.87 pbfactor:1.56 avgQpOffsetCutree:-2.45;
in:225 out:229 type:b q:34.78 q-aq:35.00 q-noVbv:34.78 q-Rceq:1.32 tex:88 mv:1803 misc:773 icu:0.00 pcu:382.75 scu:913.25 tlayer:4 pbqpoffset:6.85 pbfactor:2.21 avgQpOffsetCutree:0.00;
in:227 out:230 type:b q:34.85 q-aq:35.00 q-noVbv:34.85 q-Rceq:1.32 tex:187 mv:1695 misc:814 icu:0.00 pcu:337.50 scu:958.50 tlayer:4 pbqpoffset:6.84 pbfactor:2.20 avgQpOffsetCutree:0.00;
in:230 out:231 type:B q:31.98 q-aq:30.39 q-noVbv:31.98 q-Rceq:1.32 tex:2456 mv:5221 misc:1451 icu:1.25 pcu:803.00 scu:491.75 tlayer:3 pbqpoffset:3.87 pbfactor:1.56 avgQpOffsetCutree:-1.83;
in:229 out:232 type:b q:34.92 q-aq:35.00 q-noVbv:34.92 q-Rceq:1.32 tex:324 mv:1880 misc:764 icu:0.00 pcu:406.75 scu:889.25 tlayer:4 pbqpoffset:6.85 pbfactor:2.21 avgQpOffsetCutree:0.00;
in:231 out:233 type:b q:34.99 q-aq:35.00 q-noVbv:34.99 q-Rceq:1.32 tex:424 mv:1818 misc:742 icu:0.25 pcu:409.50 scu:886.25 tlayer:4 pbqpoffset:6.85 pbfactor:2.21 avgQpOffsetCutree:0.00;
in:236 out:234 type:B q:31.22 q-aq:25.75 q-noVbv:31.22 q-Rceq:1.32 tex:38909 mv:12344 misc:4643 icu:17.50 pcu:879.75 scu:398.75 tlayer:2 pbqpoffset:2.91 pbfactor:1.40 avgQpOffsetCutree:-4.50;
in:234 out:235 type:B q:32.12 q-aq:29.70 q-noVbv:32.12 q-Rceq:1.32 tex:2577 mv:4308 misc:1507 icu:0.50 pcu:626.50 scu:669.00 tlayer:3 pbqpoffset:3.87 pbfactor:1.56 avgQpOffsetCutree:-2.22;
in:233 out:236 type:b q:35.06 q-aq:35.00 q-noVbv:35.06 q-Rceq:1.32 tex:329 mv:1779 misc:780 icu:0.25 pcu:395.75 scu:900.00 tlayer:4 pbqpoffset:6.85 pbfactor:2.21 avgQpOffsetCutree:0.00;
in:235 out:237 type:b q:35.14 q-aq:35.00 q-noVbv:35.14 q-Rceq:1.32 tex:236 mv:1234 misc:618 icu:0.00 pcu:263.50 scu:1032.50 tlayer:4 pbqpoffset:6.86 pbfactor:2.21 avgQpOffsetCutree:0.00;
in:238 out:238 type:B q:32.26 q-aq:29.98 q-noVbv:32.26 q-Rceq:1.32 tex:2129 mv:3119 misc:1568 icu:1.00 pcu:656.50 scu:638.50 tlayer:3 pbqpoffset:3.87 pbfactor:1.56 avgQpOffsetCutree:-2.12;
in:237 out:239 type:b q:35.21 q-aq:35.00 q-noVbv:35.21 q-Rceq:1.32 tex:24 mv:1237 misc:643 icu:0.00 pcu:268.50 scu:1027.50 tlayer:4 pbqpoffset:6.86 pbfactor:2.21 avgQpOffsetCutree:0.00;
in:239 out:240 type:b q:33.38 q-aq:33.00 q-noVbv:33.38 q-Rceq:1.32 tex:399 mv:1507 misc:1046 icu:0.00 pcu:401.75 scu:894.25 tlayer:4 pbqpoffset:4.96 pbfactor:1.77 avgQpOffsetCutree:0.00;
in:256 out:241 type:k q:29.31 q-aq:22.25 q-noVbv:29.31 q-Rceq:1.32 tex:366542 mv:40683 misc:3007 icu:795.00 pcu:497.50 scu:3.50 tlayer:0 pbqpoffset:0.93 pbfactor:1.11 avgQpOffsetCutree:-7.86;
in:248 out:242 type:B q:31.26 q-aq:24.12 q-noVbv:31.26 q-Rceq:1.32 tex:134145 mv:21662 misc:4785 icu:60.25 pcu:1037.75 scu:198.00 tlayer:1 pbqpoffset:2.38 pbfactor:1.32 avgQpOffsetCutree:-5.80;
in:244 out:243 type:B q:32.57 q-aq:27.96 q-noVbv:32.57 q-Rceq:1.32 tex:13971 mv:7116 misc:2345 icu:2.50 pcu:695.00 scu:598.50 tlayer:2 pbqpoffset:3.90 pbfactor:1.57 avgQpOffsetCutree:-3.84;
in:242 out:244 type:B q:32.46 q-aq:30.33 q-noVbv:32.46 q-Rceq:1.32 tex:2679 mv:3274 misc:1183 icu:1.75 pcu:480.25 scu:814.00 tlayer:3 pbqpoffset:3.90 pbfactor:1.57 avgQpOffsetCutree:-2.29;
in:241 out:245 type:b q:35.40 q-aq:35.00 q-noVbv:35.40 q-Rceq:1.32 tex:105 mv:1069 misc:666 icu:0.00 pcu:155.25 scu:1140.75 tlayer:4 pbqpoffset:6.88 pbfactor:2.21 avgQpOffsetCutree:0.00;
in:243 out:246 type:b q:35.49 q-aq:35.43 q-noVbv:35.49 q-Rceq:1.32 tex:455 mv:1008 misc:641 icu:0.00 pcu:193.00 scu:1103.00 tlayer:4 pbqpoffset:6.87 pbfactor:2.21 avgQpOffsetCutree:0.00;
in:246 out:247 type:B q:32.68 q-aq:30.91 q-noVbv:32.68 q-Rceq:1.32 tex:3091 mv:3865 misc:1564 icu:1.00 pcu:573.00 scu:722.00 tlayer:3 pbqpoffset:3.90 pbfactor:1.57 avgQpOffsetCutree:-1.94;
in:245 out:248 type:b q:35.43 q-aq:35.00 q-noVbv:35.43 q-Rceq:1.32 tex:471 mv:1259 misc:662 icu:0.00 pcu:247.25 scu:1048.75 tlayer:4 pbqpoffset:6.70 pbfactor:2.17 avgQpOffsetCutree:0.00;
in:247 out:249 type:b q:35.72 q-aq:36.00 q-noVbv:35.72 q-Rceq:1.32 tex:198 mv:1175 misc:651 icu:0.25 pcu:193.00 scu:1102.75 tlayer:4 pbqpoffset:6.89 pbfactor:2.22 avgQpOffsetCutree:0.00;
in:252 out:250 type:B q:31.80 q-aq:26.33 q-noVbv:31.80 q-Rceq:1.32 tex:45862 mv:12480 misc:4466 icu:20.25 pcu:1033.00 scu:242.75 tlayer:2 pbqpoffset:2.71 pbfactor:1.37 avgQpOffsetCutree:-4.43;
in:250 out:251 type:B q:32.89 q-aq:31.60 q-noVbv:32.89 q-Rceq:1.32 tex:1924 mv:4250 misc:1394 icu:0.25 pcu:632.25 scu:663.50 tlayer:3 pbqpoffset:3.90 pbfactor:1.57 avgQpOffsetCutree:-1.59;
in:249 out:252 type:b q:34.80 q-aq:35.00 q-noVbv:34.80 q-Rceq:1.32 tex:460 mv:2130 misc:826 icu:0.00 pcu:492.50 scu:803.50 tlayer:4 pbqpoffset:5.87 pbfactor:1.97 avgQpOffsetCutree:0.00;
in:251 out:253 type:b q:35.94 q-aq:36.00 q-noVbv:35.94 q-Rceq:1.32 tex:153 mv:1322 misc:653 icu:0.00 pcu:297.25 scu:998.75 tlayer:4 pbqpoffset:6.89 pbfactor:2.22 avgQpOffsetCutree:0.00;
in:254 out:254 type:B q:33.10 q-aq:30.29 q-noVbv:33.10 q-Rceq:1.32 tex:1967 mv:2788 misc:1469 icu:1.00 pcu:533.50 scu:761.50 tlayer:3 pbqpoffset:3.90 pbfactor:1.57 avgQpOffsetCutree:-2.46;
in:253 out:255 type:b q:36.04 q-aq:36.00 q-noVbv:36.04 q-Rceq:1.32 tex:162 mv:1232 misc:606 icu:0.00 pcu:338.75 scu:957.25 tlayer:4 pbqpoffset:6.89 pbfactor:2.22 avgQpOffsetCutree:0.00;
in:255 out:256 type:b q:35.19 q-aq:35.00 q-noVbv:35.19 q-Rceq:1.32 tex:245 mv:1256 misc:795 icu:0.00 pcu:564.75 scu:731.25 tlayer:4 pbqpoffset:5.94 pbfactor:1.99 avgQpOffsetCutree:0.00;
in:272 out:257 type:k q:29.22 q-aq:21.58 q-noVbv:29.22 q-Rceq:1.32 tex:399698 mv:36692 misc:3282 icu:602.50 pcu:686.75 scu:6.75 tlayer:0 pbqpoffset:0.88 pbfactor:1.11 avgQpOffsetCutree:-7.93;
in:264 out:258 type:B q:31.39 q-aq:23.91 q-noVbv:31.39 q-Rceq:1.32 tex:160439 mv:24250 misc:4655 icu:84.50 pcu:988.00 scu:223.50 tlayer:1 pbqpoffset:2.12 pbfactor:1.28 avgQpOffsetCutree:-6.09;
in:260 out:259 type:B q:32.65 q-aq:28.65 q-noVbv:32.65 q-Rceq:1.32 tex:9008 mv:7119 misc:2145 icu:4.50 pcu:728.75 scu:562.75 tlayer:2 pbqpoffset:3.36 pbfactor:1.48 avgQpOffsetCutree:-3.43;
in:258 out:260 type:B q:32.94 q-aq:30.47 q-noVbv:32.94 q-Rceq:1.32 tex:2174 mv:4277 misc:1437 icu:0.75 pcu:772.25 scu:523.00 tlayer:3 pbqpoffset:3.64 pbfactor:1.52 avgQpOffsetCutree:-2.27;
in:257 out:261 type:b q:34.23 q-aq:34.00 q-noVbv:34.23 q-Rceq:1.32 tex:435 mv:2586 misc:787 icu:0.00 pcu:612.25 scu:683.75 tlayer:4 pbqpoffset:4.92 pbfactor:1.77 avgQpOffsetCutree:0.00;
in:259 out:262 type:b q:36.11 q-aq:36.00 q-noVbv:36.11 q-Rceq:1.32 tex:305 mv:1497 misc:670 icu:0.00 pcu:430.25 scu:865.75 tlayer:4 pbqpoffset:6.82 pbfactor:2.20 avgQpOffsetCutree:0.00;
in:262 out:263 type:B q:33.10 q-aq:31.88 q-noVbv:33.10 q-Rceq:1.32 tex:1330 mv:3359 misc:1135 icu:5.25 pcu:584.75 scu:706.00 tlayer:3 pbqpoffset:3.82 pbfactor:1.56 avgQpOffsetCutree:-1.45;
in:261 out:264 type:b q:35.68 q-aq:36.00 q-noVbv:35.68 q-Rceq:1.32 tex:245 mv:822 misc:501 icu:1.25 pcu:165.50 scu:1129.25 tlayer:4 pbqpoffset:6.40 pbfactor:2.09 avgQpOffsetCutree:0.00;
in:263 out:265 type:b q:35.52 q-aq:36.00 q-noVbv:35.52 q-Rceq:1.32 tex:333 mv:1059 misc:600 icu:4.50 pcu:227.25 scu:1064.25 tlayer:4 pbqpoffset:6.25 pbfactor:2.06 avgQpOffsetCutree:0.00;
in:268 out:266 type:B q:31.85 q-aq:26.85 q-noVbv:31.85 q-Rceq:1.32 tex:35968 mv:9409 misc:4207 icu:41.75 pcu:742.00 scu:512.25 tlayer:2 pbqpoffset:2.61 pbfactor:1.35 avgQpOffsetCutree:-4.15;
in:266 out:267 type:B q:33.08 q-aq:31.59 q-noVbv:33.08 q-Rceq:1.32 tex:3123 mv:4004 misc:1337 icu:13.00 pcu:755.00 scu:528.00 tlayer:3 pbqpoffset:3.82 pbfactor:1.56 avgQpOffsetCutree:-1.81;
in:265 out:268 type:b q:34.61 q-aq:35.00 q-noVbv:34.61 q-Rceq:1.32 tex:360 mv:1268 misc:724 icu:0.00 pcu:266.75 scu:1029.25 tlayer:4 pbqpoffset:5.36 pbfactor:1.86 avgQpOffsetCutree:0.00;
in:267 out:269 type:b q:34.36 q-aq:34.00 q-noVbv:34.36 q-Rceq:1.32 tex:321 mv:2198 misc:857 icu:1.25 pcu:577.75 scu:717.00 tlayer:4 pbqpoffset:5.12 pbfactor:1.81 avgQpOffsetCutree:0.00;
in:270 out:270 type:B q:33.05 q-aq:30.26 q-noVbv:33.05 q-Rceq:1.32 tex:2270 mv:2473 misc:1633 icu:11.50 pcu:594.00 scu:690.50 tlayer:3 pbqpoffset:3.82 pbfactor:1.56 avgQpOffsetCutree:-2.44;
in:269 out:271 type:b q:34.67 q-aq:35.00 q-noVbv:34.67 q-Rceq:1.32 tex:102 mv:1175 misc:555 icu:0.00 pcu:208.00 scu:1088.00 tlayer:4 pbqpoffset:5.44 pbfactor:1.87 avgQpOffsetCutree:0.00;
in:271 out:272 type:b q:36.03 q-aq:36.00 q-noVbv:36.03 q-Rceq:1.32 tex:178 mv:906 misc:612 icu:1.00 pcu:370.50 scu:924.50 tlayer:4 pbqpoffset:6.81 pbfactor:2.20 avgQpOffsetCutree:0.00;
in:288 out:273 type:k q:29.65 q-aq:22.12 q-noVbv:29.65 q-Rceq:1.32 tex:376426 mv:44355 misc:3139 icu:888.75 pcu:405.50 scu:1.75 tlayer:0 pbqpoffset:0.86 pbfactor:1.10 avgQpOffsetCutree:-7.95;
in:280 out:274 type:B q:31.74 q-aq:23.74 q-noVbv:31.74 q-Rceq:1.32 tex:167470 mv:20973 misc:4501 icu:67.25 pcu:1047.75 scu:181.00 tlayer:1 pbqpoffset:2.30 pbfactor:1.31 avgQpOffsetCutree:-6.38;
in:276 out:275 type:B q:32.48 q-aq:28.05 q-noVbv:32.48 q-Rceq:1.32 tex:16065 mv:7041 misc:2470 icu:1.25 pcu:708.25 scu:586.50 tlayer:2 pbqpoffset:3.16 pbfactor:1.44 avgQpOffsetCutree:-3.67;
in:274 out:276 type:B q:32.67 q-aq:31.90 q-noVbv:32.67 q-Rceq:1.32 tex:1600 mv:2186 misc:950 icu:0.00 pcu:343.25 scu:952.75 tlayer:3 pbqpoffset:3.40 pbfactor:1.48 avgQpOffsetCutree:-1.02;
in:273 out:277 type:b q:35.98 q-aq:36.00 q-noVbv:35.98 q-Rceq:1.32 tex:73 mv:613 misc:498 icu:0.00 pcu:139.50 scu:1156.50 tlayer:4 pbqpoffset:6.74 pbfactor:2.18 avgQpOffsetCutree:0.00;
in:275 out:278 type:b q:36.06 q-aq:36.00 q-noVbv:36.06 q-Rceq:1.32 tex:4 mv:954 misc:474 icu:0.00 pcu:320.00 scu:976.00 tlayer:4 pbqpoffset:6.76 pbfactor:2.18 avgQpOffsetCutree:0.00;
in:278 out:279 type:B q:33.06 q-aq:31.33 q-noVbv:33.06 q-Rceq:1.32 tex:3076 mv:3386 misc:1154 icu:1.00 pcu:636.00 scu:659.00 tlayer:3 pbqpoffset:3.68 pbfactor:1.53 avgQpOffsetCutree:-1.57;
in:277 out:280 type:b q:36.11 q-aq:36.00 q-noVbv:36.11 q-Rceq:1.32 tex:3 mv:1397 misc:592 icu:0.00 pcu:409.00 scu:887.00 tlayer:4 pbqpoffset:6.76 pbfactor:2.18 avgQpOffsetCutree:0.00;
in:279 out:281 type:b q:36.17 q-aq:36.00 q-noVbv:36.17 q-Rceq:1.32 tex:5 mv:1552 misc:603 icu:0.00 pcu:487.00 scu:809.00 tlayer:4 pbqpoffset:6.76 pbfactor:2.18 avgQpOffsetCutree:0.00;
in:284 out:282 type:B q:32.78 q-aq:26.23 q-noVbv:32.78 q-Rceq:1.32 tex:9888 mv:5467 misc:3333 icu:1.25 pcu:792.50 scu:502.25 tlayer:2 pbqpoffset:3.24 pbfactor:1.45 avgQpOffsetCutree:-5.12;
in:282 out:283 type:B q:33.25 q-aq:31.87 q-noVbv:33.25 q-Rceq:1.32 tex:241 mv:2184 misc:711 icu:0.50 pcu:597.00 scu:698.50 tlayer:3 pbqpoffset:3.76 pbfactor:1.54 avgQpOffsetCutree:-1.38;
in:281 out:284 type:b q:36.19 q-aq:36.00 q-noVbv:36.19 q-Rceq:1.32 tex:8 mv:1094 misc:578 icu:0.00 pcu:319.25 scu:976.75 tlayer:4 pbqpoffset:6.73 pbfactor:2.18 avgQpOffsetCutree:0.00;
in:283 out:285 type:b q:36.24 q-aq:36.00 q-noVbv:36.24 q-Rceq:1.32 tex:5 mv:444 misc:335 icu:0.00 pcu:173.00 scu:1123.00 tlayer:4 pbqpoffset:6.73 pbfactor:2.18 avgQpOffsetCutree:0.00;
in:286 out:286 type:B q:33.36 q-aq:31.05 q-noVbv:33.36 q-Rceq:1.32 tex:219 mv:806 misc:759 icu:2.00 pcu:149.75 scu:1144.25 tlayer:3 pbqpoffset:3.76 pbfactor:1.54 avgQpOffsetCutree:-2.66;
in:285 out:287 type:b q:36.29 q-aq:36.00 q-noVbv:36.29 q-Rceq:1.32 tex:4 mv:395 misc:337 icu:0.00 pcu:97.00 scu:1199.00 tlayer:4 pbqpoffset:6.73 pbfactor:2.18 avgQpOffsetCutree:0.00;
in:287 out:288 type:b q:36.35 q-aq:36.00 q-noVbv:36.35 q-Rceq:1.32 tex:5 mv:285 misc:350 icu:0.00 pcu:94.00 scu:1202.00 tlayer:4 pbqpoffset:6.73 pbfactor:2.18 avgQpOffsetCutree:0.00;
in:304 out:289 type:k q:30.00 q-aq:22.32 q-noVbv:30.00 q-Rceq:1.32 tex:386067 mv:33835 misc:3234 icu:518.50 pcu:769.50 scu:8.00 tlayer:0 pbqpoffset:0.84 pbfactor:1.10 avgQpOffsetCutree:-8.09;
in:296 out:290 type:B q:31.72 q-aq:24.67 q-noVbv:31.72 q-Rceq:1.32 tex:166118 mv:23433 misc:4905 icu:71.50 pcu:967.75 scu:256.75 tlayer:1 pbqpoffset:1.90 pbfactor:1.25 avgQpOffsetCutree:-5.96;
in:292 out:291 type:B q:33.08 q-aq:29.42 q-noVbv:33.08 q-Rceq:1.32 tex:17989 mv:8700 misc:2375 icu:15.25 pcu:914.25 scu:366.50 tlayer:2 pbqpoffset:3.34 pbfactor:1.47 avgQpOffsetCutree:-3.04;
in:290 out:292 type:B q:33.28 q-aq:31.58 q-noVbv:33.28 q-Rceq:1.32 tex:4153 mv:3606 misc:1329 icu:0.00 pcu:660.25 scu:635.75 tlayer:3 pbqpoffset:3.59 pbfactor:1.51 avgQpOffsetCutree:-1.70;
in:289 out:293 type:b q:35.67 q-aq:36.00 q-noVbv:35.67 q-Rceq:1.32 tex:9 mv:1218 misc:645 icu:0.00 pcu:337.50 scu:958.50 tlayer:4 pbqpoffset:6.00 pbfactor:2.00 avgQpOffsetCutree:0.00;
in:291 out:294 type:b q:34.52 q-aq:35.00 q-noVbv:34.52 q-Rceq:1.32 tex:6 mv:1427 misc:679 icu:0.00 pcu:460.25 scu:835.75 tlayer:4 pbqpoffset:4.80 pbfactor:1.74 avgQpOffsetCutree:0.00;
in:294 out:295 type:B q:33.54 q-aq:31.28 q-noVbv:33.54 q-Rceq:1.32 tex:2670 mv:4005 misc:1253 icu:0.00 pcu:824.50 scu:471.50 tlayer:3 pbqpoffset:3.77 pbfactor:1.54 avgQpOffsetCutree:-1.98;
in:293 out:296 type:b q:35.80 q-aq:36.00 q-noVbv:35.80 q-Rceq:1.32 tex:152 mv:1137 misc:535 icu:0.00 pcu:416.00 scu:880.00 tlayer:4 pbqpoffset:6.04 pbfactor:2.01 avgQpOffsetCutree:0.00;
in:295 out:297 type:b q:35.18 q-aq:35.00 q-noVbv:35.18 q-Rceq:1.32 tex:464 mv:1115 misc:597 icu:0.00 pcu:351.00 scu:945.00 tlayer:4 pbqpoffset:5.38 pbfactor:1.86 avgQpOffsetCutree:0.00;
in:300 out:298 type:B q:32.33 q-aq:26.86 q-noVbv:32.33 q-Rceq:1.32 tex:50177 mv:11975 misc:4808 icu:34.25 pcu:938.75 scu:323.00 tlayer:2 pbqpoffset:2.42 pbfactor:1.32 avgQpOffsetCutree:-4.41;
in:298 out:299 type:B q:33.63 q-aq:32.08 q-noVbv:33.63 q-Rceq:1.32 tex:1294 mv:3144 misc:1106 icu:0.00 pcu:788.25 scu:507.75 tlayer:3 pbqpoffset:3.77 pbfactor:1.54 avgQpOffsetCutree:-1.62;
in:297 out:300 type:b q:36.61 q-aq:37.00 q-noVbv:36.61 q-Rceq:1.32 tex:2 mv:951 misc:519 icu:0.00 pcu:349.00 scu:947.00 tlayer:4 pbqpoffset:6.77 pbfactor:2.18 avgQpOffsetCutree:0.00;
in:299 out:301 type:b q:36.36 q-aq:36.00 q-noVbv:36.36 q-Rceq:1.32 tex:45 mv:1746 misc:625 icu:0.00 pcu:576.00 scu:720.00 tlayer:4 pbqpoffset:6.47 pbfactor:2.11 avgQpOffsetCutree:0.00;
in:302 out:302 type:B q:33.72 q-aq:31.05 q-noVbv:33.72 q-Rceq:1.32 tex:2314 mv:1553 misc:1109 icu:0.25 pcu:394.75 scu:901.00 tlayer:3 pbqpoffset:3.77 pbfactor:1.54 avgQpOffsetCutree:-2.59;
in:301 out:303 type:b q:35.99 q-aq:36.00 q-noVbv:35.99 q-Rceq:1.32 tex:11 mv:573 misc:408 icu:1.00 pcu:183.00 scu:1112.00 tlayer:4 pbqpoffset:6.06 pbfactor:2.01 avgQpOffsetCutree:0.00;
in:303 out:304 type:b q:34.51 q-aq:35.00 q-noVbv:34.51 q-Rceq:1.32 tex:274 mv:714 misc:524 icu:5.00 pcu:251.00 scu:1040.00 tlayer:4 pbqpoffset:4.53 pbfactor:1.69 avgQpOffsetCutree:0.00;
in:320 out:305 type:k q:30.11 q-aq:22.45 q-noVbv:30.11 q-Rceq:1.32 tex:363502 mv:43039 misc:2795 icu:750.00 pcu:539.75 scu:6.25 tlayer:0 pbqpoffset:0.94 pbfactor:1.11 avgQpOffsetCutree:-7.86;
in:312 out:306 type:B q:31.91 q-aq:24.98 q-noVbv:31.91 q-Rceq:1.32 tex:167117 mv:15297 misc:5098 icu:43.25 pcu:926.00 scu:326.75 tlayer:1 pbqpoffset:1.85 pbfactor:1.24 avgQpOffsetCutree:-5.77;
in:308 out:307 type:B q:33.74 q-aq:29.29 q-noVbv:33.74 q-Rceq:1.32 tex:12375 mv:4893 misc:2284 icu:24.00 pcu:651.50 scu:620.50 tlayer:2 pbqpoffset:3.72 pbfactor:1.54 avgQpOffsetCutree:-3.74;
in:306 out:308 type:B q:33.73 q-aq:32.17 q-noVbv:33.73 q-Rceq:1.32 tex:384 mv:1447 misc:713 icu:1.00 pcu:332.75 scu:962.25 tlayer:3 pbqpoffset:3.72 pbfactor:1.54 avgQpOffsetCutree:-1.70;
in:305 out:309 type:b q:34.73 q-aq:35.00 q-noVbv:34.73 q-Rceq:1.32 tex:114 mv:266 misc:308 icu:0.00 pcu:84.00 scu:1212.00 tlayer:4 pbqpoffset:4.72 pbfactor:1.72 avgQpOffsetCutree:0.00;
in:307 out:310 type:b q:34.61 q-aq:35.00 q-noVbv:34.61 q-Rceq:1.32 tex:136 mv:386 misc:374 icu:0.00 pcu:155.25 scu:1140.75 tlayer:4 pbqpoffset:4.59 pbfactor:1.70 avgQpOffsetCutree:0.00;
in:310 out:311 type:B q:33.76 q-aq:32.42 q-noVbv:33.76 q-Rceq:1.32 tex:1201 mv:3263 misc:976 icu:4.00 pcu:837.75 scu:454.25 tlayer:3 pbqpoffset:3.72 pbfactor:1.54 avgQpOffsetCutree:-1.65;
in:309 out:312 type:b q:34.08 q-aq:34.00 q-noVbv:34.08 q-Rceq:1.32 tex:638 mv:1669 misc:693 icu:2.00 pcu:470.50 scu:823.50 tlayer:4 pbqpoffset:4.04 pbfactor:1.59 avgQpOffsetCutree:0.00;
in:311 out:313 type:b q:34.10 q-aq:34.00 q-noVbv:34.10 q-Rceq:1.32 tex:824 mv:1923 misc:693 icu:0.00 pcu:648.00 scu:648.00 tlayer:4 pbqpoffset:4.05 pbfactor:1.60 avgQpOffsetCutree:0.00;
in:316 out:314 type:B q:31.94 q-aq:27.01 q-noVbv:31.94 q-Rceq:1.32 tex:48113 mv:8562 misc:4693 icu:24.25 pcu:760.50 scu:511.25 tlayer:2 pbqpoffset:1.85 pbfactor:1.24 avgQpOffsetCutree:-4.06;
in:314 out:315 type:B q:33.79 q-aq:31.94 q-noVbv:33.79 q-Rceq:1.32 tex:588 mv:2681 misc:883 icu:0.00 pcu:739.25 scu:556.75 tlayer:3 pbqpoffset:3.72 pbfactor:1.54 avgQpOffsetCutree:-2.01;
in:313 out:316 type:b q:34.35 q-aq:34.00 q-noVbv:34.35 q-Rceq:1.32 tex:1512 mv:1681 misc:735 icu:0.00 pcu:474.00 scu:822.00 tlayer:4 pbqpoffset:4.28 pbfactor:1.64 avgQpOffsetCutree:0.00;
in:315 out:317 type:b q:34.12 q-aq:34.00 q-noVbv:34.12 q-Rceq:1.32 tex:117 mv:1855 misc:628 icu:0.00 pcu:569.00 scu:727.00 tlayer:4 pbqpoffset:4.05 pbfactor:1.60 avgQpOffsetCutree:0.00;
in:318 out:318 type:B q:32.27 q-aq:29.58 q-noVbv:32.27 q-Rceq:1.32 tex:5040 mv:2197 misc:1739 icu:6.75 pcu:709.00 scu:580.25 tlayer:3 pbqpoffset:2.17 pbfactor:1.28 avgQpOffsetCutree:-2.31;
in:317 out:319 type:b q:33.94 q-aq:34.00 q-noVbv:33.94 q-Rceq:1.32 tex:11 mv:1256 misc:549 icu:1.00 pcu:505.25 scu:789.75 tlayer:4 pbqpoffset:3.85 pbfactor:1.56 avgQpOffsetCutree:0.00;
in:319 out:320 type:b q:33.15 q-aq:33.00 q-noVbv:33.15 q-Rceq:1.32 tex:31 mv:443 misc:526 icu:0.00 pcu:274.25 scu:1021.75 tlayer:4 pbqpoffset:3.05 pbfactor:1.42 avgQpOffsetCutree:0.00;
in:336 out:321 type:k q:29.96 q-aq:22.02 q-noVbv:29.96 q-Rceq:1.32 tex:356071 mv:32342 misc:3363 icu:520.25 pcu:768.50 scu:7.25 tlayer:0 pbqpoffset:0.84 pbfactor:1.10 avgQpOffsetCutree:-8.17;
in:328 out:322 type:B q:32.07 q-aq:24.36 q-noVbv:32.07 q-Rceq:1.32 tex:151621 mv:21975 misc:4476 icu:46.75 pcu:1017.75 scu:231.50 tlayer:1 pbqpoffset:2.03 pbfactor:1.26 avgQpOffsetCutree:-6.14;
in:324 out:323 type:B q:33.54 q-aq:29.19 q-noVbv:33.54 q-Rceq:1.32 tex:16370 mv:8066 misc:2260 icu:2.00 pcu:940.50 scu:353.50 tlayer:2 pbqpoffset:3.46 pbfactor:1.49 avgQpOffsetCutree:-3.59;
in:322 out:324 type:B q:33.69 q-aq:31.97 q-noVbv:33.69 q-Rceq:1.32 tex:1573 mv:2524 misc:911 icu:0.00 pcu:657.75 scu:638.25 tlayer:3 pbqpoffset:3.60 pbfactor:1.52 avgQpOffsetCutree:-1.77;
in:321 out:325 type:b q:35.04 q-aq:35.00 q-noVbv:35.04 q-Rceq:1.32 tex:229 mv:2426 misc:705 icu:1.00 pcu:689.50 scu:605.50 tlayer:4 pbqpoffset:4.94 pbfactor:1.77 avgQpOffsetCutree:0.00;
in:323 out:326 type:b q:34.92 q-aq:35.00 q-noVbv:34.92 q-Rceq:1.32 tex:155 mv:1788 misc:609 icu:0.00 pcu:573.00 scu:723.00 tlayer:4 pbqpoffset:4.83 pbfactor:1.75 avgQpOffsetCutree:0.00;
in:326 out:327 type:B q:33.76 q-aq:32.06 q-noVbv:33.76 q-Rceq:1.32 tex:1699 mv:3165 misc:944 icu:0.00 pcu:779.00 scu:517.00 tlayer:3 pbqpoffset:3.70 pbfactor:1.53 avgQpOffsetCutree:-1.85;
in:325 out:328 type:b q:36.77 q-aq:37.00 q-noVbv:36.77 q-Rceq:1.32 tex:4 mv:785 misc:467 icu:0.00 pcu:251.00 scu:1045.00 tlayer:4 pbqpoffset:6.70 pbfactor:2.17 avgQpOffsetCutree:0.00;
in:327 out:329 type:b q:36.73 q-aq:37.00 q-noVbv:36.73 q-Rceq:1.32 tex:4 mv:830 misc:494 icu:0.00 pcu:302.00 scu:994.00 tlayer:4 pbqpoffset:6.69 pbfactor:2.17 avgQpOffsetCutree:0.00;
in:332 out:330 type:B q:32.54 q-aq:27.06 q-noVbv:32.54 q-Rceq:1.32 tex:39102 mv:9472 misc:4194 icu:14.25 pcu:895.75 scu:386.00 tlayer:2 pbqpoffset:2.54 pbfactor:1.34 avgQpOffsetCutree:-4.40;
in:330 out:331 type:B q:33.72 q-aq:32.00 q-noVbv:33.72 q-Rceq:1.32 tex:3904 mv:3942 misc:1258 icu:0.00 pcu:919.00 scu:377.00 tlayer:3 pbqpoffset:3.70 pbfactor:1.53 avgQpOffsetCutree:-1.81;
in:329 out:332 type:b q:36.73 q-aq:37.00 q-noVbv:36.73 q-Rceq:1.32 tex:10 mv:1117 misc:553 icu:0.00 pcu:397.00 scu:899.00 tlayer:4 pbqpoffset:6.70 pbfactor:2.17 avgQpOffsetCutree:0.00;
in:331 out:333 type:b q:36.59 q-aq:37.00 q-noVbv:36.59 q-Rceq:1.32 tex:4 mv:1508 misc:576 icu:0.00 pcu:516.00 scu:780.00 tlayer:4 pbqpoffset:6.58 pbfactor:2.14 avgQpOffsetCutree:0.00;
in:334 out:334 type:B q:33.69 q-aq:31.46 q-noVbv:33.69 q-Rceq:1.32 tex:6130 mv:3373 misc:1721 icu:0.00 pcu:748.00 scu:548.00 tlayer:3 pbqpoffset:3.70 pbfactor:1.53 avgQpOffsetCutree:-2.18;
in:333 out:335 type:b q:36.43 q-aq:36.00 q-noVbv:36.43 q-Rceq:1.32 tex:4 mv:1270 misc:598 icu:0.00 pcu:514.00 scu:782.00 tlayer:4 pbqpoffset:6.44 pbfactor:2.10 avgQpOffsetCutree:0.00;
in:335 out:336 type:b q:36.68 q-aq:37.00 q-noVbv:36.68 q-Rceq:1.32 tex:4 mv:1513 misc:611 icu:0.00 pcu:503.00 scu:793.00 tlayer:4 pbqpoffset:6.70 pbfactor:2.17 avgQpOffsetCutree:0.00;
in:352 out:337 type:k q:29.62 q-aq:21.56 q-noVbv:29.62 q-Rceq:1.32 tex:394759 mv:30619 misc:3454 icu:358.50 pcu:925.25 scu:12.25 tlayer:0 pbqpoffset:0.90 pbfactor:1.11 avgQpOffsetCutree:-7.97;
in:344 out:338 type:B q:31.84 q-aq:23.18 q-noVbv:31.84 q-Rceq:1.32 tex:66867 mv:10889 misc:4708 icu:6.75 pcu:648.75 scu:640.50 tlayer:1 pbqpoffset:2.04 pbfactor:1.27 avgQpOffsetCutree:-6.82;
in:340 out:339 type:B q:33.51 q-aq:27.73 q-noVbv:33.51 q-Rceq:1.32 tex:4408 mv:4018 misc:1558 icu:1.00 pcu:663.25 scu:631.75 tlayer:2 pbqpoffset:3.63 pbfactor:1.52 avgQpOffsetCutree:-4.65;
in:338 out:340 type:B q:33.55 q-aq:34.00 q-noVbv:33.55 q-Rceq:1.32 tex:7 mv:365 misc:388 icu:0.00 pcu:95.00 scu:1201.00 tlayer:3 pbqpoffset:3.63 pbfactor:1.52 avgQpOffsetCutree:-2.07;
in:337 out:341 type:b q:36.25 q-aq:36.00 q-noVbv:36.25 q-Rceq:1.32 tex:5 mv:714 misc:521 icu:0.00 pcu:255.00 scu:1041.00 tlayer:4 pbqpoffset:6.31 pbfactor:2.07 avgQpOffsetCutree:0.00;
in:339 out:342 type:b q:36.21 q-aq:36.00 q-noVbv:36.21 q-Rceq:1.32 tex:1 mv:100 misc:219 icu:0.00 pcu:37.00 scu:1259.00 tlayer:4 pbqpoffset:6.31 pbfactor:2.07 avgQpOffsetCutree:0.00;
in:342 out:343 type:B q:33.47 q-aq:33.00 q-noVbv:33.47 q-Rceq:1.32 tex:9 mv:616 misc:463 icu:0.00 pcu:216.00 scu:1080.00 tlayer:3 pbqpoffset:3.63 pbfactor:1.52 avgQpOffsetCutree:-2.00;
in:341 out:344 type:b q:36.17 q-aq:36.00 q-noVbv:36.17 q-Rceq:1.32 tex:6 mv:256 misc:306 icu:0.00 pcu:48.00 scu:1248.00 tlayer:4 pbqpoffset:6.31 pbfactor:2.07 avgQpOffsetCutree:0.00;
in:343 out:345 type:b q:36.13 q-aq:36.00 q-noVbv:36.13 q-Rceq:1.32 tex:6 mv:221 misc:261 icu:0.00 pcu:124.00 scu:1172.00 tlayer:4 pbqpoffset:6.31 pbfactor:2.07 avgQpOffsetCutree:0.00;
in:348 out:346 type:B q:32.34 q-aq:26.03 q-noVbv:32.34 q-Rceq:1.32 tex:78919 mv:10187 misc:4006 icu:1.25 pcu:857.25 scu:437.50 tlayer:2 pbqpoffset:2.63 pbfactor:1.36 avgQpOffsetCutree:-4.89;
in:346 out:347 type:B q:33.38 q-aq:31.25 q-noVbv:33.38 q-Rceq:1.32 tex:108 mv:2047 misc:613 icu:0.00 pcu:692.25 scu:603.75 tlayer:3 pbqpoffset:3.63 pbfactor:1.52 avgQpOffsetCutree:-2.44;
in:345 out:348 type:b q:36.08 q-aq:36.00 q-noVbv:36.08 q-Rceq:1.32 tex:4 mv:318 misc:350 icu:0.00 pcu:124.00 scu:1172.00 tlayer:4 pbqpoffset:6.31 pbfactor:2.07 avgQpOffsetCutree:0.00;
in:347 out:349 type:b q:36.04 q-aq:36.00 q-noVbv:36.04 q-Rceq:1.32 tex:5 mv:871 misc:492 icu:0.00 pcu:340.00 scu:956.00 tlayer:4 pbqpoffset:6.31 pbfactor:2.07 avgQpOffsetCutree:0.00;
in:350 out:350 type:B q:33.30 q-aq:31.83 q-noVbv:33.30 q-Rceq:1.32 tex:407 mv:840 misc:641 icu:0.00 pcu:209.75 scu:1086.25 tlayer:3 pbqpoffset:3.63 pbfactor:1.52 avgQpOffsetCutree:-1.99;
in:349 out:351 type:b q:36.00 q-aq:36.00 q-noVbv:36.00 q-Rceq:1.32 tex:2 mv:227 misc:299 icu:0.00 pcu:113.00 scu:1183.00 tlayer:4 pbqpoffset:6.31 pbfactor:2.07 avgQpOffsetCutree:0.00;
in:351 out:352 type:b q:36.05 q-aq:36.00 q-noVbv:36.05 q-Rceq:1.32 tex:6 mv:1005 misc:525 icu:0.00 pcu:403.00 scu:893.00 tlayer:4 pbqpoffset:6.40 pbfactor:2.09 avgQpOffsetCutree:0.00;
in:368 out:353 type:k q:29.97 q-aq:23.19 q-noVbv:29.97 q-Rceq:1.32 tex:345786 mv:51500 misc:2898 icu:1057.25 pcu:231.50 scu:7.25 tlayer:0 pbqpoffset:0.90 pbfactor:1.11 avgQpOffsetCutree:-7.01;
in:360 out:354 type:B q:31.71 q-aq:24.44 q-noVbv:31.71 q-Rceq:1.32 tex:139984 mv:23553 misc:5015 icu:58.50 pcu:1009.00 scu:228.50 tlayer:1 pbqpoffset:1.91 pbfactor:1.25 avgQpOffsetCutree:-5.92;
in:356 out:355 type:B q:32.94 q-aq:29.39 q-noVbv:32.94 q-Rceq:1.32 tex:10178 mv:7627 misc:2051 icu:3.50 pcu:956.25 scu:336.25 tlayer:2 pbqpoffset:3.23 pbfactor:1.45 avgQpOffsetCutree:-3.11;
in:354 out:356 type:B q:33.28 q-aq:33.00 q-noVbv:33.28 q-Rceq:1.32 tex:38 mv:1653 misc:693 icu:0.00 pcu:462.25 scu:833.75 tlayer:3 pbqpoffset:3.61 pbfactor:1.52 avgQpOffsetCutree:-1.15;
in:353 out:357 type:b q:35.94 q-aq:36.00 q-noVbv:35.94 q-Rceq:1.32 tex:6 mv:215 misc:299 icu:0.00 pcu:70.00 scu:1226.00 tlayer:4 pbqpoffset:6.29 pbfactor:2.07 avgQpOffsetCutree:0.00;
in:355 out:358 type:b q:36.30 q-aq:36.00 q-noVbv:36.30 q-Rceq:1.32 tex:6 mv:1241 misc:521 icu:0.00 pcu:450.00 scu:846.00 tlayer:4 pbqpoffset:6.61 pbfactor:2.15 avgQpOffsetCutree:0.00;
in:358 out:359 type:B q:33.37 q-aq:31.72 q-noVbv:33.37 q-Rceq:1.32 tex:1126 mv:3731 misc:831 icu:1.00 pcu:930.00 scu:365.00 tlayer:3 pbqpoffset:3.61 pbfactor:1.52 avgQpOffsetCutree:-1.67;
in:357 out:360 type:b q:36.34 q-aq:36.00 q-noVbv:36.34 q-Rceq:1.32 tex:57 mv:1666 misc:581 icu:0.00 pcu:530.00 scu:766.00 tlayer:4 pbqpoffset:6.61 pbfactor:2.15 avgQpOffsetCutree:0.00;
in:359 out:361 type:b q:36.39 q-aq:36.00 q-noVbv:36.39 q-Rceq:1.32 tex:7 mv:1658 misc:559 icu:0.00 pcu:514.00 scu:782.00 tlayer:4 pbqpoffset:6.61 pbfactor:2.15 avgQpOffsetCutree:0.00;
in:364 out:362 type:B q:32.26 q-aq:27.07 q-noVbv:32.26 q-Rceq:1.32 tex:21448 mv:8500 misc:3860 icu:24.50 pcu:947.00 scu:324.50 tlayer:2 pbqpoffset:2.38 pbfactor:1.32 avgQpOffsetCutree:-4.21;
in:362 out:363 type:B q:33.45 q-aq:31.01 q-noVbv:33.45 q-Rceq:1.32 tex:404 mv:4318 misc:1038 icu:3.00 pcu:961.00 scu:332.00 tlayer:3 pbqpoffset:3.61 pbfactor:1.52 avgQpOffsetCutree:-1.94;
in:361 out:364 type:b q:36.43 q-aq:36.00 q-noVbv:36.43 q-Rceq:1.32 tex:7 mv:1615 misc:546 icu:0.00 pcu:595.00 scu:701.00 tlayer:4 pbqpoffset:6.61 pbfactor:2.15 avgQpOffsetCutree:0.00;
in:363 out:365 type:b q:36.47 q-aq:36.00 q-noVbv:36.47 q-Rceq:1.32 tex:26 mv:1832 misc:590 icu:0.00 pcu:675.00 scu:621.00 tlayer:4 pbqpoffset:6.61 pbfactor:2.15 avgQpOffsetCutree:0.00;
in:366 out:366 type:B q:33.40 q-aq:30.92 q-noVbv:33.40 q-Rceq:1.32 tex:2260 mv:4105 misc:2187 icu:17.25 pcu:674.00 scu:604.75 tlayer:3 pbqpoffset:3.48 pbfactor:1.49 avgQpOffsetCutree:-2.28;
in:365 out:367 type:b q:36.52 q-aq:37.00 q-noVbv:36.52 q-Rceq:1.32 tex:47 mv:1598 misc:587 icu:0.00 pcu:654.00 scu:642.00 tlayer:4 pbqpoffset:6.61 pbfactor:2.15 avgQpOffsetCutree:0.00;
in:367 out:368 type:b q:33.74 q-aq:34.00 q-noVbv:33.74 q-Rceq:1.32 tex:128 mv:2914 misc:1230 icu:2.00 pcu:734.00 scu:560.00 tlayer:4 pbqpoffset:3.79 pbfactor:1.55 avgQpOffsetCutree:0.00;
in:384 out:369 type:k q:31.67 q-aq:25.37 q-noVbv:31.67 q-Rceq:1.32 tex:256755 mv:45635 misc:2386 icu:1251.00 pcu:42.25 scu:2.75 tlayer:0 pbqpoffset:0.75 pbfactor:1.09 avgQpOffsetCutree:-7.06;
in:376 out:370 type:B q:33.10 q-aq:26.01 q-noVbv:33.10 q-Rceq:1.32 tex:141465 mv:35307 misc:4428 icu:84.00 pcu:1074.75 scu:137.25 tlayer:1 pbqpoffset:2.28 pbfactor:1.30 avgQpOffsetCutree:-6.12;
in:372 out:371 type:B q:34.32 q-aq:30.11 q-noVbv:34.32 q-Rceq:1.32 tex:18746 mv:15112 misc:2990 icu:6.00 pcu:1040.75 scu:249.25 tlayer:2 pbqpoffset:3.92 pbfactor:1.57 avgQpOffsetCutree:-3.46;
in:370 out:372 type:B q:34.10 q-aq:32.32 q-noVbv:34.10 q-Rceq:1.32 tex:1546 mv:5079 misc:1063 icu:5.00 pcu:977.00 scu:314.00 tlayer:3 pbqpoffset:3.92 pbfactor:1.57 avgQpOffsetCutree:-1.82;
in:369 out:373 type:b q:37.00 q-aq:37.00 q-noVbv:37.00 q-Rceq:1.32 tex:20 mv:1600 misc:564 icu:4.00 pcu:532.00 scu:760.00 tlayer:4 pbqpoffset:6.92 pbfactor:2.23 avgQpOffsetCutree:0.00;
in:371 out:374 type:b q:37.21 q-aq:37.00 q-noVbv:37.21 q-Rceq:1.32 tex:75 mv:1519 misc:574 icu:1.00 pcu:489.25 scu:805.75 tlayer:4 pbqpoffset:6.92 pbfactor:2.23 avgQpOffsetCutree:0.00;
in:374 out:375 type:B q:34.53 q-aq:32.99 q-noVbv:34.53 q-Rceq:1.32 tex:1253 mv:4367 misc:900 icu:0.00 pcu:932.50 scu:363.50 tlayer:3 pbqpoffset:3.92 pbfactor:1.57 avgQpOffsetCutree:-1.72;
in:373 out:376 type:b q:37.42 q-aq:37.00 q-noVbv:37.42 q-Rceq:1.32 tex:9 mv:1760 misc:631 icu:0.00 pcu:619.00 scu:677.00 tlayer:4 pbqpoffset:6.92 pbfactor:2.23 avgQpOffsetCutree:0.00;
in:375 out:377 type:b q:37.64 q-aq:38.00 q-noVbv:37.64 q-Rceq:1.32 tex:9 mv:1134 misc:449 icu:0.00 pcu:277.00 scu:1019.00 tlayer:4 pbqpoffset:6.92 pbfactor:2.23 avgQpOffsetCutree:0.00;
in:380 out:378 type:B q:34.76 q-aq:29.47 q-noVbv:34.76 q-Rceq:1.32 tex:14251 mv:14161 misc:3668 icu:28.75 pcu:1043.25 scu:224.00 tlayer:2 pbqpoffset:3.52 pbfactor:1.50 avgQpOffsetCutree:-4.24;
in:378 out:379 type:B q:34.96 q-aq:34.43 q-noVbv:34.96 q-Rceq:1.32 tex:86 mv:5432 misc:778 icu:2.00 pcu:1090.00 scu:204.00 tlayer:3 pbqpoffset:3.92 pbfactor:1.57 avgQpOffsetCutree:-1.81;
in:377 out:380 type:b q:37.85 q-aq:38.00 q-noVbv:37.85 q-Rceq:1.32 tex:6 mv:1903 misc:635 icu:0.00 pcu:571.00 scu:725.00 tlayer:4 pbqpoffset:6.92 pbfactor:2.23 avgQpOffsetCutree:0.00;
in:379 out:381 type:b q:38.07 q-aq:38.00 q-noVbv:38.07 q-Rceq:1.32 tex:27 mv:2125 misc:624 icu:0.00 pcu:664.00 scu:632.00 tlayer:4 pbqpoffset:6.92 pbfactor:2.23 avgQpOffsetCutree:0.00;
in:382 out:382 type:B q:35.39 q-aq:33.20 q-noVbv:35.39 q-Rceq:1.32 tex:1166 mv:6018 misc:2064 icu:22.25 pcu:929.50 scu:344.25 tlayer:3 pbqpoffset:3.92 pbfactor:1.57 avgQpOffsetCutree:-2.28;
in:381 out:383 type:b q:38.28 q-aq:38.14 q-noVbv:38.28 q-Rceq:1.32 tex:80 mv:2584 misc:680 icu:6.00 pcu:800.00 scu:490.00 tlayer:4 pbqpoffset:6.92 pbfactor:2.23 avgQpOffsetCutree:0.00;
in:383 out:384 type:b q:38.06 q-aq:38.00 q-noVbv:38.06 q-Rceq:1.32 tex:163 mv:3116 misc:929 icu:21.00 pcu:853.00 scu:422.00 tlayer:4 pbqpoffset:6.49 pbfactor:2.12 avgQpOffsetCutree:0.00;
in:393 out:385 type:k q:33.49 q-aq:26.00 q-noVbv:33.49 q-Rceq:1.32 tex:173939 mv:43866 misc:3843 icu:209.50 pcu:1011.50 scu:75.00 tlayer:0 pbqpoffset:0.70 pbfactor:1.08 avgQpOffsetCutree:-6.88;
in:389 out:386 type:B q:34.93 q-aq:29.81 q-noVbv:34.93 q-Rceq:1.32 tex:17239 mv:18629 misc:3372 icu:0.50 pcu:1053.25 scu:242.25 tlayer:1 pbqpoffset:2.24 pbfactor:1.30 avgQpOffsetCutree:-4.11;
in:387 out:387 type:B q:35.57 q-aq:33.18 q-noVbv:35.57 q-Rceq:1.32 tex:1084 mv:7466 misc:1114 icu:2.25 pcu:1066.00 scu:227.75 tlayer:2 pbqpoffset:3.29 pbfactor:1.46 avgQpOffsetCutree:-2.29;
in:386 out:388 type:B q:35.95 q-aq:36.00 q-noVbv:35.95 q-Rceq:1.32 tex:114 mv:3563 misc:683 icu:0.00 pcu:897.75 scu:398.25 tlayer:3 pbqpoffset:3.87 pbfactor:1.56 avgQpOffsetCutree:-0.92;
in:385 out:389 type:b q:37.26 q-aq:37.00 q-noVbv:37.26 q-Rceq:1.32 tex:193 mv:2443 misc:692 icu:5.00 pcu:706.75 scu:584.25 tlayer:4 pbqpoffset:5.38 pbfactor:1.86 avgQpOffsetCutree:0.00;
in:388 out:390 type:b q:38.31 q-aq:38.00 q-noVbv:38.31 q-Rceq:1.32 tex:59 mv:1209 misc:468 icu:0.00 pcu:324.00 scu:972.00 tlayer:3 pbqpoffset:5.83 pbfactor:1.96 avgQpOffsetCutree:0.00;
in:391 out:391 type:B q:36.07 q-aq:33.84 q-noVbv:36.07 q-Rceq:1.32 tex:900 mv:6144 misc:1060 icu:0.25 pcu:1078.75 scu:217.00 tlayer:2 pbqpoffset:2.99 pbfactor:1.41 avgQpOffsetCutree:-2.10;
in:390 out:392 type:b q:38.41 q-aq:38.00 q-noVbv:38.41 q-Rceq:1.32 tex:59 mv:1309 misc:552 icu:0.00 pcu:370.25 scu:925.75 tlayer:3 pbqpoffset:5.52 pbfactor:1.89 avgQpOffsetCutree:0.00;
in:392 out:393 type:b q:38.08 q-aq:38.00 q-noVbv:38.08 q-Rceq:1.32 tex:39 mv:2084 misc:573 icu:0.00 pcu:803.00 scu:493.00 tlayer:3 pbqpoffset:4.80 pbfactor:1.74 avgQpOffsetCutree:0.00;
in:407 out:394 type:k q:31.73 q-aq:24.78 q-noVbv:31.73 q-Rceq:1.32 tex:248361 mv:42704 misc:3263 icu:830.75 pcu:456.75 scu:8.50 tlayer:0 pbqpoffset:0.63 pbfactor:1.08 avgQpOffsetCutree:-7.01;
in:400 out:395 type:B q:34.52 q-aq:29.59 q-noVbv:34.52 q-Rceq:1.32 tex:86994 mv:30376 misc:4590 icu:154.25 pcu:919.50 scu:222.25 tlayer:1 pbqpoffset:1.91 pbfactor:1.25 avgQpOffsetCutree:-4.08;
in:397 out:396 type:B q:36.18 q-aq:31.54 q-noVbv:36.18 q-Rceq:1.32 tex:5781 mv:15661 misc:2918 icu:5.00 pcu:1078.50 scu:212.50 tlayer:2 pbqpoffset:3.19 pbfactor:1.45 avgQpOffsetCutree:-3.82;
in:395 out:397 type:B q:36.98 q-aq:36.94 q-noVbv:36.98 q-Rceq:1.32 tex:24 mv:5331 misc:733 icu:0.25 pcu:1043.50 scu:252.25 tlayer:3 pbqpoffset:3.74 pbfactor:1.54 avgQpOffsetCutree:-1.83;
in:394 out:398 type:b q:40.10 q-aq:40.00 q-noVbv:40.10 q-Rceq:1.32 tex:51 mv:1441 misc:476 icu:0.00 pcu:715.75 scu:580.25 tlayer:4 pbqpoffset:6.74 pbfactor:2.18 avgQpOffsetCutree:0.00;
in:396 out:399 type:b q:39.85 q-aq:40.00 q-noVbv:39.85 q-Rceq:1.32 tex:10 mv:1617 misc:525 icu:0.00 pcu:599.25 scu:696.75 tlayer:4 pbqpoffset:6.74 pbfactor:2.18 avgQpOffsetCutree:0.00;
in:399 out:400 type:B q:36.47 q-aq:36.00 q-noVbv:36.47 q-Rceq:1.32 tex:249 mv:4414 misc:937 icu:1.00 pcu:1067.75 scu:227.25 tlayer:3 pbqpoffset:3.74 pbfactor:1.54 avgQpOffsetCutree:-0.86;
in:398 out:401 type:b q:39.60 q-aq:40.00 q-noVbv:39.60 q-Rceq:1.32 tex:47 mv:1538 misc:575 icu:0.00 pcu:522.00 scu:774.00 tlayer:4 pbqpoffset:6.74 pbfactor:2.18 avgQpOffsetCutree:0.00;
in:404 out:402 type:B q:35.84 q-aq:32.33 q-noVbv:35.84 q-Rceq:1.32 tex:2825 mv:11493 misc:2098 icu:2.25 pcu:1013.50 scu:280.25 tlayer:2 pbqpoffset:3.74 pbfactor:1.54 avgQpOffsetCutree:-3.17;
in:402 out:403 type:B q:36.09 q-aq:34.54 q-noVbv:36.09 q-Rceq:1.32 tex:272 mv:5398 misc:978 icu:0.25 pcu:918.75 scu:377.00 tlayer:3 pbqpoffset:3.74 pbfactor:1.54 avgQpOffsetCutree:-1.86;
in:401 out:404 type:b q:39.22 q-aq:39.00 q-noVbv:39.22 q-Rceq:1.32 tex:3 mv:1435 misc:522 icu:0.00 pcu:439.00 scu:857.00 tlayer:4 pbqpoffset:6.74 pbfactor:2.18 avgQpOffsetCutree:0.00;
in:403 out:405 type:b q:38.97 q-aq:39.00 q-noVbv:38.97 q-Rceq:1.32 tex:6 mv:1251 misc:487 icu:0.00 pcu:319.00 scu:977.00 tlayer:4 pbqpoffset:6.74 pbfactor:2.18 avgQpOffsetCutree:0.00;
in:406 out:406 type:B q:35.59 q-aq:35.01 q-noVbv:35.59 q-Rceq:1.32 tex:282 mv:4095 misc:807 icu:0.00 pcu:908.25 scu:387.75 tlayer:3 pbqpoffset:3.74 pbfactor:1.54 avgQpOffsetCutree:-0.99;
in:405 out:407 type:b q:38.72 q-aq:39.00 q-noVbv:38.72 q-Rceq:1.32 tex:20 mv:1486 misc:534 icu:0.00 pcu:367.25 scu:928.75 tlayer:4 pbqpoffset:6.74 pbfactor:2.18 avgQpOffsetCutree:0.00;
in:413 out:408 type:k q:34.47 q-aq:27.25 q-noVbv:34.47 q-Rceq:1.32 tex:85712 mv:30233 misc:3495 icu:160.50 pcu:1048.75 scu:86.75 tlayer:0 pbqpoffset:0.63 pbfactor:1.08 avgQpOffsetCutree:-6.20;
in:410 out:409 type:B q:34.98 q-aq:31.99 q-noVbv:34.98 q-Rceq:1.32 tex:4322 mv:11040 misc:2358 icu:4.75 pcu:983.00 scu:308.25 tlayer:1 pbqpoffset:1.88 pbfactor:1.24 avgQpOffsetCutree:-2.70;
in:409 out:410 type:B q:35.60 q-aq:35.72 q-noVbv:35.60 q-Rceq:1.32 tex:637 mv:4839 misc:884 icu:0.00 pcu:1008.75 scu:287.25 tlayer:2 pbqpoffset:2.96 pbfactor:1.41 avgQpOffsetCutree:-0.80;
in:408 out:411 type:b q:36.20 q-aq:36.00 q-noVbv:36.20 q-Rceq:1.32 tex:338 mv:3571 misc:787 icu:0.00 pcu:938.00 scu:358.00 tlayer:3 pbqpoffset:4.01 pbfactor:1.59 avgQpOffsetCutree:0.00;
in:412 out:412 type:B q:36.82 q-aq:36.02 q-noVbv:36.82 q-Rceq:1.32 tex:123 mv:3528 misc:789 icu:0.50 pcu:759.25 scu:536.25 tlayer:2 pbqpoffset:2.81 pbfactor:1.38 avgQpOffsetCutree:-1.11;
in:411 out:413 type:b q:37.41 q-aq:37.00 q-noVbv:37.41 q-Rceq:1.32 tex:97 mv:2377 misc:806 icu:0.00 pcu:530.50 scu:765.50 tlayer:3 pbqpoffset:3.85 pbfactor:1.56 avgQpOffsetCutree:0.00;
in:422 out:414 type:k q:33.33 q-aq:25.36 q-noVbv:33.33 q-Rceq:1.32 tex:195426 mv:34905 misc:2989 icu:521.75 pcu:761.00 scu:13.25 tlayer:0 pbqpoffset:0.61 pbfactor:1.07 avgQpOffsetCutree:-7.28;
in:418 out:415 type:B q:35.83 q-aq:30.78 q-noVbv:35.83 q-Rceq:1.32 tex:17204 mv:17960 misc:3540 icu:20.00 pcu:1001.25 scu:274.75 tlayer:1 pbqpoffset:1.99 pbfactor:1.26 avgQpOffsetCutree:-4.12;
in:416 out:416 type:B q:36.90 q-aq:35.40 q-noVbv:36.90 q-Rceq:1.32 tex:904 mv:5797 misc:1403 icu:1.75 pcu:979.75 scu:314.50 tlayer:2 pbqpoffset:2.81 pbfactor:1.38 avgQpOffsetCutree:-1.48;
in:415 out:417 type:B q:36.89 q-aq:36.13 q-noVbv:36.89 q-Rceq:1.32 tex:878 mv:5349 misc:885 icu:1.00 pcu:1138.50 scu:156.50 tlayer:3 pbqpoffset:2.67 pbfactor:1.36 avgQpOffsetCutree:-1.13;
in:414 out:418 type:b q:40.68 q-aq:41.00 q-noVbv:40.68 q-Rceq:1.32 tex:22 mv:811 misc:423 icu:0.00 pcu:97.00 scu:1199.00 tlayer:4 pbqpoffset:6.34 pbfactor:2.08 avgQpOffsetCutree:0.00;
in:417 out:419 type:b q:40.47 q-aq:40.00 q-noVbv:40.47 q-Rceq:1.32 tex:2 mv:742 misc:360 icu:0.00 pcu:221.00 scu:1075.00 tlayer:3 pbqpoffset:6.50 pbfactor:2.12 avgQpOffsetCutree:0.00;
in:420 out:420 type:B q:37.09 q-aq:35.83 q-noVbv:37.09 q-Rceq:1.32 tex:155 mv:4012 misc:721 icu:0.25 pcu:924.25 scu:371.50 tlayer:2 pbqpoffset:3.50 pbfactor:1.50 avgQpOffsetCutree:-1.70;
in:419 out:421 type:b q:40.22 q-aq:40.00 q-noVbv:40.22 q-Rceq:1.32 tex:4 mv:1126 misc:478 icu:0.00 pcu:601.00 scu:695.00 tlayer:3 pbqpoffset:6.50 pbfactor:2.12 avgQpOffsetCutree:0.00;
in:421 out:422 type:b q:39.96 q-aq:40.00 q-noVbv:39.96 q-Rceq:1.32 tex:5 mv:885 misc:398 icu:0.00 pcu:270.00 scu:1026.00 tlayer:3 pbqpoffset:6.50 pbfactor:2.12 avgQpOffsetCutree:0.00;
in:435 out:423 type:k q:30.75 q-aq:22.87 q-noVbv:30.75 q-Rceq:1.32 tex:255736 mv:40418 misc:3054 icu:749.75 pcu:543.25 scu:3.00 tlayer:0 pbqpoffset:0.92 pbfactor:1.11 avgQpOffsetCutree:-7.37;
in:429 out:424 type:B q:33.81 q-aq:27.99 q-noVbv:33.81 q-Rceq:1.32 tex:58111 mv:21063 misc:3410 icu:25.00 pcu:1152.75 scu:118.25 tlayer:1 pbqpoffset:1.87 pbfactor:1.24 avgQpOffsetCutree:-4.65;
in:426 out:425 type:B q:35.84 q-aq:32.34 q-noVbv:35.84 q-Rceq:1.32 tex:4939 mv:10119 misc:1990 icu:3.75 pcu:991.75 scu:300.50 tlayer:2 pbqpoffset:3.30 pbfactor:1.46 avgQpOffsetCutree:-2.97;
in:424 out:426 type:B q:36.58 q-aq:35.23 q-noVbv:36.58 q-Rceq:1.32 tex:438 mv:4268 misc:958 icu:0.00 pcu:852.50 scu:443.50 tlayer:3 pbqpoffset:3.64 pbfactor:1.52 avgQpOffsetCutree:-1.69;
in:423 out:427 type:b q:39.78 q-aq:40.00 q-noVbv:39.78 q-Rceq:1.32 tex:1 mv:555 misc:340 icu:0.00 pcu:128.00 scu:1168.00 tlayer:4 pbqpoffset:6.64 pbfactor:2.15 avgQpOffsetCutree:0.00;
in:425 out:428 type:b q:39.38 q-aq:39.00 q-noVbv:39.38 q-Rceq:1.32 tex:13 mv:1035 misc:472 icu:0.00 pcu:429.25 scu:866.75 tlayer:4 pbqpoffset:6.64 pbfactor:2.15 avgQpOffsetCutree:0.00;
in:428 out:429 type:B q:35.78 q-aq:36.00 q-noVbv:35.78 q-Rceq:1.32 tex:3 mv:2666 misc:707 icu:0.00 pcu:711.25 scu:584.75 tlayer:3 pbqpoffset:3.64 pbfactor:1.52 avgQpOffsetCutree:-0.91;
in:427 out:430 type:b q:38.98 q-aq:39.00 q-noVbv:38.98 q-Rceq:1.32 tex:8 mv:933 misc:499 icu:0.75 pcu:350.00 scu:945.25 tlayer:4 pbqpoffset:6.64 pbfactor:2.15 avgQpOffsetCutree:0.00;
in:432 out:431 type:B q:34.17 q-aq:32.15 q-noVbv:34.17 q-Rceq:1.32 tex:7355 mv:9478 misc:2247 icu:8.25 pcu:992.25 scu:295.50 tlayer:2 pbqpoffset:2.82 pbfactor:1.39 avgQpOffsetCutree:-2.06;
in:431 out:432 type:B q:35.18 q-aq:34.86 q-noVbv:35.18 q-Rceq:1.32 tex:235 mv:3761 misc:924 icu:0.00 pcu:1016.00 scu:280.00 tlayer:3 pbqpoffset:3.64 pbfactor:1.52 avgQpOffsetCutree:-0.92;
in:430 out:433 type:b q:38.38 q-aq:38.00 q-noVbv:38.38 q-Rceq:1.32 tex:7 mv:1281 misc:512 icu:0.00 pcu:487.00 scu:809.00 tlayer:4 pbqpoffset:6.64 pbfactor:2.15 avgQpOffsetCutree:0.00;
in:434 out:434 type:B q:34.59 q-aq:34.14 q-noVbv:34.59 q-Rceq:1.32 tex:107 mv:3095 misc:774 icu:0.25 pcu:758.75 scu:537.00 tlayer:3 pbqpoffset:3.64 pbfactor:1.52 avgQpOffsetCutree:-0.93;
in:433 out:435 type:b q:37.78 q-aq:38.00 q-noVbv:37.78 q-Rceq:1.32 tex:4 mv:1049 misc:467 icu:0.00 pcu:384.25 scu:911.75 tlayer:4 pbqpoffset:6.64 pbfactor:2.15 avgQpOffsetCutree:0.00;
in:439 out:436 type:k q:33.76 q-aq:24.87 q-noVbv:33.76 q-Rceq:1.32 tex:71585 mv:21362 misc:4661 icu:61.50 pcu:979.50 scu:255.00 tlayer:0 pbqpoffset:0.92 pbfactor:1.11 avgQpOffsetCutree:-7.12;
in:437 out:437 type:B q:33.79 q-aq:32.03 q-noVbv:33.79 q-Rceq:1.32 tex:695 mv:5985 misc:1032 icu:0.50 pcu:975.50 scu:320.00 tlayer:1 pbqpoffset:1.54 pbfactor:1.19 avgQpOffsetCutree:-1.74;
in:436 out:438 type:b q:34.17 q-aq:34.00 q-noVbv:34.17 q-Rceq:1.32 tex:197 mv:2890 misc:769 icu:0.00 pcu:727.50 scu:568.50 tlayer:2 pbqpoffset:2.67 pbfactor:1.36 avgQpOffsetCutree:0.00;
in:438 out:439 type:b q:35.68 q-aq:36.00 q-noVbv:35.68 q-Rceq:1.32 tex:16 mv:2018 misc:606 icu:0.00 pcu:701.25 scu:594.75 tlayer:2 pbqpoffset:2.67 pbfactor:1.36 avgQpOffsetCutree:0.00;
in:451 out:440 type:k q:30.65 q-aq:21.92 q-noVbv:30.65 q-Rceq:1.32 tex:259557 mv:36063 misc:3116 icu:657.25 pcu:635.00 scu:3.75 tlayer:0 pbqpoffset:0.87 pbfactor:1.11 avgQpOffsetCutree:-7.71;
in:445 out:441 type:B q:33.74 q-aq:28.71 q-noVbv:33.74 q-Rceq:1.32 tex:34597 mv:16749 misc:3694 icu:31.75 pcu:1045.75 scu:218.50 tlayer:1 pbqpoffset:1.53 pbfactor:1.19 avgQpOffsetCutree:-4.03;
in:442 out:442 type:B q:36.06 q-aq:33.00 q-noVbv:36.06 q-Rceq:1.32 tex:883 mv:5620 misc:1177 icu:1.50 pcu:938.25 scu:356.25 tlayer:2 pbqpoffset:3.07 pbfactor:1.43 avgQpOffsetCutree:-2.66;
in:441 out:443 type:B q:36.55 q-aq:36.43 q-noVbv:36.55 q-Rceq:1.32 tex:16 mv:1971 misc:629 icu:0.25 pcu:613.50 scu:682.25 tlayer:3 pbqpoffset:3.31 pbfactor:1.47 avgQpOffsetCutree:-0.92;
in:440 out:444 type:b q:39.81 q-aq:40.00 q-noVbv:39.81 q-Rceq:1.32 tex:3 mv:420 misc:281 icu:0.00 pcu:243.00 scu:1053.00 tlayer:4 pbqpoffset:6.31 pbfactor:2.07 avgQpOffsetCutree:0.00;
in:444 out:445 type:B q:35.77 q-aq:35.59 q-noVbv:35.77 q-Rceq:1.32 tex:64 mv:2326 misc:618 icu:0.00 pcu:771.50 scu:524.50 tlayer:3 pbqpoffset:3.31 pbfactor:1.47 avgQpOffsetCutree:-0.88;
in:443 out:446 type:b q:39.03 q-aq:39.00 q-noVbv:39.03 q-Rceq:1.32 tex:2 mv:597 misc:329 icu:0.00 pcu:214.00 scu:1082.00 tlayer:4 pbqpoffset:6.31 pbfactor:2.07 avgQpOffsetCutree:0.00;
in:448 out:447 type:B q:33.67 q-aq:31.23 q-noVbv:33.67 q-Rceq:1.32 tex:8405 mv:6330 misc:2313 icu:0.75 pcu:888.25 scu:407.00 tlayer:2 pbqpoffset:2.24 pbfactor:1.30 avgQpOffsetCutree:-2.17;
in:447 out:448 type:B q:34.13 q-aq:33.80 q-noVbv:34.13 q-Rceq:1.32 tex:1301 mv:4290 misc:1225 icu:8.25 pcu:995.25 scu:292.50 tlayer:3 pbqpoffset:2.44 pbfactor:1.33 avgQpOffsetCutree:-0.93;
in:446 out:449 type:b q:38.26 q-aq:38.00 q-noVbv:38.26 q-Rceq:1.32 tex:7 mv:837 misc:428 icu:0.00 pcu:384.00 scu:912.00 tlayer:4 pbqpoffset:6.31 pbfactor:2.07 avgQpOffsetCutree:0.00;
in:450 out:450 type:B q:34.22 q-aq:34.00 q-noVbv:34.22 q-Rceq:1.32 tex:10 mv:2006 misc:592 icu:0.00 pcu:629.00 scu:667.00 tlayer:3 pbqpoffset:3.31 pbfactor:1.47 avgQpOffsetCutree:-0.94;
in:449 out:451 type:b q:37.18 q-aq:37.00 q-noVbv:37.18 q-Rceq:1.32 tex:6 mv:832 misc:450 icu:0.00 pcu:384.00 scu:912.00 tlayer:4 pbqpoffset:6.01 pbfactor:2.00 avgQpOffsetCutree:0.00;
in:467 out:452 type:k q:28.53 q-aq:19.87 q-noVbv:28.53 q-Rceq:1.32 tex:304283 mv:39256 misc:3157 icu:681.50 pcu:609.25 scu:5.25 tlayer:0 pbqpoffset:0.74 pbfactor:1.09 avgQpOffsetCutree:-8.03;
in:459 out:453 type:B q:31.22 q-aq:24.78 q-noVbv:31.22 q-Rceq:1.32 tex:82641 mv:20086 misc:4025 icu:76.50 pcu:1093.75 scu:125.75 tlayer:1 pbqpoffset:1.63 pbfactor:1.21 avgQpOffsetCutree:-5.18;
in:455 out:454 type:B q:32.76 q-aq:28.71 q-noVbv:32.76 q-Rceq:1.32 tex:8971 mv:9658 misc:2411 icu:2.00 pcu:904.50 scu:389.50 tlayer:2 pbqpoffset:2.64 pbfactor:1.36 avgQpOffsetCutree:-3.42;
in:453 out:455 type:B q:33.88 q-aq:32.25 q-noVbv:33.88 q-Rceq:1.32 tex:479 mv:3504 misc:825 icu:0.00 pcu:785.25 scu:510.75 tlayer:3 pbqpoffset:3.49 pbfactor:1.50 avgQpOffsetCutree:-1.69;
in:452 out:456 type:b q:35.87 q-aq:36.00 q-noVbv:35.87 q-Rceq:1.32 tex:8 mv:1263 misc:561 icu:0.00 pcu:441.25 scu:854.75 tlayer:4 pbqpoffset:5.36 pbfactor:1.86 avgQpOffsetCutree:0.00;
in:454 out:457 type:b q:35.71 q-aq:36.00 q-noVbv:35.71 q-Rceq:1.32 tex:9 mv:1170 misc:541 icu:0.00 pcu:501.25 scu:794.75 tlayer:4 pbqpoffset:5.46 pbfactor:1.88 avgQpOffsetCutree:0.00;
in:457 out:458 type:B q:33.19 q-aq:31.22 q-noVbv:33.19 q-Rceq:1.32 tex:495 mv:3531 misc:822 icu:1.00 pcu:790.75 scu:504.25 tlayer:3 pbqpoffset:3.34 pbfactor:1.47 avgQpOffsetCutree:-1.73;
in:456 out:459 type:b q:35.20 q-aq:35.00 q-noVbv:35.20 q-Rceq:1.32 tex:9 mv:1371 misc:524 icu:0.00 pcu:583.50 scu:712.50 tlayer:4 pbqpoffset:5.21 pbfactor:1.83 avgQpOffsetCutree:0.00;
in:458 out:460 type:b q:35.07 q-aq:35.00 q-noVbv:35.07 q-Rceq:1.32 tex:7 mv:1222 misc:499 icu:0.00 pcu:384.00 scu:912.00 tlayer:4 pbqpoffset:5.35 pbfactor:1.85 avgQpOffsetCutree:0.00;
in:463 out:461 type:B q:30.91 q-aq:28.56 q-noVbv:30.91 q-Rceq:1.32 tex:25715 mv:10911 misc:3782 icu:26.00 pcu:934.50 scu:335.50 tlayer:2 pbqpoffset:1.85 pbfactor:1.24 avgQpOffsetCutree:-2.15;
in:461 out:462 type:B q:32.81 q-aq:31.07 q-noVbv:32.81 q-Rceq:1.32 tex:2643 mv:3907 misc:1186 icu:0.00 pcu:835.00 scu:461.00 tlayer:3 pbqpoffset:3.49 pbfactor:1.50 avgQpOffsetCutree:-1.71;
in:460 out:463 type:b q:34.96 q-aq:35.00 q-noVbv:34.96 q-Rceq:1.32 tex:64 mv:1633 misc:607 icu:0.00 pcu:531.25 scu:764.75 tlayer:4 pbqpoffset:5.51 pbfactor:1.89 avgQpOffsetCutree:0.00;
in:462 out:464 type:b q:35.68 q-aq:36.00 q-noVbv:35.68 q-Rceq:1.32 tex:7 mv:1117 misc:492 icu:0.00 pcu:414.00 scu:882.00 tlayer:4 pbqpoffset:6.49 pbfactor:2.12 avgQpOffsetCutree:0.00;
in:465 out:465 type:B q:31.32 q-aq:29.03 q-noVbv:31.32 q-Rceq:1.32 tex:4705 mv:4411 misc:1676 icu:0.00 pcu:792.25 scu:503.75 tlayer:3 pbqpoffset:2.53 pbfactor:1.34 avgQpOffsetCutree:-2.13;
in:464 out:466 type:b q:32.29 q-aq:32.00 q-noVbv:32.29 q-Rceq:1.32 tex:1226 mv:2554 misc:1028 icu:0.00 pcu:685.00 scu:611.00 tlayer:4 pbqpoffset:3.36 pbfactor:1.47 avgQpOffsetCutree:0.00;
in:466 out:467 type:b q:34.87 q-aq:35.00 q-noVbv:34.87 q-Rceq:1.32 tex:6 mv:1215 misc:523 icu:0.00 pcu:387.00 scu:909.00 tlayer:4 pbqpoffset:6.21 pbfactor:2.05 avgQpOffsetCutree:0.00;
in:480 out:468 type:k q:28.18 q-aq:19.95 q-noVbv:28.18 q-Rceq:1.32 tex:321299 mv:35082 misc:3083 icu:685.25 pcu:604.00 scu:6.75 tlayer:0 pbqpoffset:0.50 pbfactor:1.06 avgQpOffsetCutree:-7.41;
in:474 out:469 type:B q:29.88 q-aq:23.17 q-noVbv:29.88 q-Rceq:1.32 tex:79181 mv:13975 misc:4356 icu:6.25 pcu:966.25 scu:323.50 tlayer:1 pbqpoffset:1.54 pbfactor:1.19 avgQpOffsetCutree:-5.32;
in:471 out:470 type:B q:30.71 q-aq:27.16 q-noVbv:30.71 q-Rceq:1.32 tex:12350 mv:6517 misc:1965 icu:0.00 pcu:840.00 scu:456.00 tlayer:2 pbqpoffset:2.29 pbfactor:1.30 avgQpOffsetCutree:-2.95;
in:469 out:471 type:B q:30.73 q-aq:28.72 q-noVbv:30.73 q-Rceq:1.32 tex:6306 mv:3810 misc:1124 icu:0.25 pcu:736.75 scu:559.00 tlayer:3 pbqpoffset:2.26 pbfactor:1.30 avgQpOffsetCutree:-1.82;
in:468 out:472 type:b q:34.87 q-aq:35.00 q-noVbv:34.87 q-Rceq:1.32 tex:7 mv:713 misc:520 icu:0.00 pcu:299.00 scu:997.00 tlayer:4 pbqpoffset:6.37 pbfactor:2.09 avgQpOffsetCutree:0.00;
in:470 out:473 type:b q:32.82 q-aq:33.00 q-noVbv:32.82 q-Rceq:1.32 tex:7 mv:1612 misc:557 icu:0.00 pcu:496.00 scu:800.00 tlayer:4 pbqpoffset:4.38 pbfactor:1.66 avgQpOffsetCutree:0.00;
in:473 out:474 type:B q:31.64 q-aq:31.03 q-noVbv:31.64 q-Rceq:1.32 tex:110 mv:2322 misc:712 icu:0.00 pcu:703.25 scu:592.75 tlayer:3 pbqpoffset:3.27 pbfactor:1.46 avgQpOffsetCutree:-1.20;
in:472 out:475 type:b q:34.80 q-aq:35.00 q-noVbv:34.80 q-Rceq:1.32 tex:10 mv:863 misc:479 icu:0.00 pcu:287.50 scu:1008.50 tlayer:4 pbqpoffset:6.40 pbfactor:2.10 avgQpOffsetCutree:0.00;
in:477 out:476 type:B q:30.77 q-aq:26.72 q-noVbv:30.77 q-Rceq:1.32 tex:22437 mv:7297 misc:3130 icu:0.50 pcu:742.75 scu:552.75 tlayer:2 pbqpoffset:2.51 pbfactor:1.34 avgQpOffsetCutree:-3.42;
in:476 out:477 type:B q:30.93 q-aq:30.74 q-noVbv:30.93 q-Rceq:1.32 tex:668 mv:2250 misc:778 icu:0.00 pcu:581.75 scu:714.25 tlayer:3 pbqpoffset:2.65 pbfactor:1.36 avgQpOffsetCutree:-0.91;
in:475 out:478 type:b q:33.20 q-aq:33.00 q-noVbv:33.20 q-Rceq:1.32 tex:48 mv:1909 misc:619 icu:0.00 pcu:564.75 scu:731.25 tlayer:4 pbqpoffset:4.89 pbfactor:1.76 avgQpOffsetCutree:0.00;
in:479 out:479 type:B q:31.57 q-aq:30.72 q-noVbv:31.57 q-Rceq:1.32 tex:1018 mv:2664 misc:1246 icu:0.00 pcu:716.25 scu:579.75 tlayer:3 pbqpoffset:3.36 pbfactor:1.47 avgQpOffsetCutree:-0.98;
in:478 out:480 type:b q:34.21 q-aq:34.00 q-noVbv:34.21 q-Rceq:1.32 tex:52 mv:1316 misc:528 icu:0.00 pcu:426.00 scu:870.00 tlayer:4 pbqpoffset:5.98 pbfactor:2.00 avgQpOffsetCutree:0.00;
in:496 out:481 type:k q:30.02 q-aq:24.77 q-noVbv:30.02 q-Rceq:1.32 tex:157093 mv:16791 misc:3508 icu:147.75 pcu:1054.50 scu:93.75 tlayer:0 pbqpoffset:0.64 pbfactor:1.08 avgQpOffsetCutree:-4.60;
in:488 out:482 type:B q:30.68 q-aq:23.05 q-noVbv:30.68 q-Rceq:1.32 tex:84757 mv:17698 misc:4457 icu:1.75 pcu:981.75 scu:312.50 tlayer:1 pbqpoffset:1.58 pbfactor:1.20 avgQpOffsetCutree:-6.01;
in:484 out:483 type:B q:30.43 q-aq:26.00 q-noVbv:30.43 q-Rceq:1.32 tex:13097 mv:6736 misc:2263 icu:0.75 pcu:737.50 scu:557.75 tlayer:2 pbqpoffset:1.79 pbfactor:1.23 avgQpOffsetCutree:-3.62;
in:482 out:484 type:B q:31.69 q-aq:30.12 q-noVbv:31.69 q-Rceq:1.32 tex:1095 mv:1728 misc:873 icu:0.00 pcu:504.25 scu:791.75 tlayer:3 pbqpoffset:3.28 pbfactor:1.46 avgQpOffsetCutree:-2.33;
in:481 out:485 type:b q:34.25 q-aq:34.00 q-noVbv:34.25 q-Rceq:1.32 tex:3 mv:763 misc:506 icu:0.00 pcu:230.00 scu:1066.00 tlayer:4 pbqpoffset:5.96 pbfactor:1.99 avgQpOffsetCutree:0.00;
in:483 out:486 type:b q:34.81 q-aq:35.00 q-noVbv:34.81 q-Rceq:1.32 tex:9 mv:1141 misc:530 icu:0.00 pcu:400.00 scu:896.00 tlayer:4 pbqpoffset:6.28 pbfactor:2.07 avgQpOffsetCutree:0.00;
in:486 out:487 type:B q:32.15 q-aq:30.67 q-noVbv:32.15 q-Rceq:1.32 tex:305 mv:2048 misc:727 icu:0.00 pcu:591.25 scu:704.75 tlayer:3 pbqpoffset:3.28 pbfactor:1.46 avgQpOffsetCutree:-1.29;
in:485 out:488 type:b q:34.81 q-aq:35.00 q-noVbv:34.81 q-Rceq:1.32 tex:6 mv:1580 misc:510 icu:0.00 pcu:541.00 scu:755.00 tlayer:4 pbqpoffset:6.06 pbfactor:2.01 avgQpOffsetCutree:0.00;
in:487 out:489 type:b q:35.18 q-aq:35.00 q-noVbv:35.18 q-Rceq:1.32 tex:5 mv:1244 misc:503 icu:0.00 pcu:406.25 scu:889.75 tlayer:4 pbqpoffset:6.19 pbfactor:2.05 avgQpOffsetCutree:0.00;
in:492 out:490 type:B q:31.60 q-aq:26.48 q-noVbv:31.60 q-Rceq:1.32 tex:23097 mv:8231 misc:3176 icu:0.25 pcu:833.50 scu:462.25 tlayer:2 pbqpoffset:2.04 pbfactor:1.27 avgQpOffsetCutree:-4.14;
in:490 out:491 type:B q:32.61 q-aq:31.14 q-noVbv:32.61 q-Rceq:1.32 tex:441 mv:1860 misc:715 icu:0.00 pcu:518.00 scu:778.00 tlayer:3 pbqpoffset:3.28 pbfactor:1.46 avgQpOffsetCutree:-1.77;
in:489 out:492 type:b q:35.17 q-aq:35.00 q-noVbv:35.17 q-Rceq:1.32 tex:6 mv:1303 misc:595 icu:0.00 pcu:449.50 scu:846.50 tlayer:4 pbqpoffset:5.96 pbfactor:1.99 avgQpOffsetCutree:0.00;
in:491 out:493 type:b q:35.54 q-aq:36.00 q-noVbv:35.54 q-Rceq:1.32 tex:4 mv:851 misc:505 icu:0.00 pcu:300.00 scu:996.00 tlayer:4 pbqpoffset:6.10 pbfactor:2.02 avgQpOffsetCutree:0.00;
in:494 out:494 type:B q:32.57 q-aq:29.64 q-noVbv:32.57 q-Rceq:1.32 tex:3346 mv:3294 misc:1624 icu:0.50 pcu:607.00 scu:688.50 tlayer:3 pbqpoffset:2.78 pbfactor:1.38 avgQpOffsetCutree:-2.48;
in:493 out:495 type:b q:35.68 q-aq:36.00 q-noVbv:35.68 q-Rceq:1.32 tex:8 mv:1051 misc:469 icu:0.00 pcu:355.25 scu:940.75 tlayer:4 pbqpoffset:6.00 pbfactor:2.00 avgQpOffsetCutree:0.00;
in:495 out:496 type:b q:35.89 q-aq:36.00 q-noVbv:35.89 q-Rceq:1.32 tex:10 mv:815 misc:519 icu:0.00 pcu:257.25 scu:1038.75 tlayer:4 pbqpoffset:5.98 pbfactor:2.00 avgQpOffsetCutree:0.00;
in:499 out:497 type:k q:29.71 q-aq:27.01 q-noVbv:29.71 q-Rceq:1.32 tex:4248 mv:4807 misc:2009 icu:0.00 pcu:679.25 scu:616.75 tlayer:0 pbqpoffset:0.40 pbfactor:1.05 avgQpOffsetCutree:-1.74;
in:498 out:498 type:B q:32.98 q-aq:33.00 q-noVbv:32.98 q-Rceq:1.32 tex:140 mv:1212 misc:520 icu:0.00 pcu:361.25 scu:934.75 tlayer:1 pbqpoffset:3.16 pbfactor:1.44 avgQpOffsetCutree:-0.74;
in:497 out:499 type:b q:34.14 q-aq:34.00 q-noVbv:34.14 q-Rceq:1.32 tex:6 mv:1719 misc:539 icu:0.00 pcu:584.00 scu:712.00 tlayer:2 pbqpoffset:4.22 pbfactor:1.63 avgQpOffsetCutree:0.00;
