000 (050.000.000) 2020-12-21 22:54:00 Job submitted from host: <10.0.0.63:9618?PrivAddr=%3c10.0.0.63:9618%3fsock%3dschedd_6827_5527%3e&PrivNet=ryzen7-1700x&addrs=10.0.0.63-9618&alias=ryzen7-1700x&noUDP&sock=schedd_6827_5527>
...
040 (050.000.000) 2020-12-21 22:54:14 Started transferring input files
	Transferring to host: <10.0.0.63:9618?PrivAddr=%3c10.0.0.63:9618%3fsock%3dslot9_6886_8f51_27%3e&PrivNet=ryzen7-1700x&addrs=10.0.0.63-9618&alias=ryzen7-1700x&noUDP&sock=slot9_6886_8f51_27>
...
040 (050.000.000) 2020-12-21 22:54:14 Finished transferring input files
...
001 (050.000.000) 2020-12-21 22:54:15 Job executing on host: <10.0.0.63:9618?sock=startd_6827_5527>
...
006 (050.000.000) 2020-12-21 22:54:24 Image size of job updated: 192284
	188  -  MemoryUsage of job (MB)
	192284  -  ResidentSetSize of job (KB)
...
006 (050.000.000) 2020-12-21 22:59:25 Image size of job updated: 328892
	228  -  MemoryUsage of job (MB)
	233144  -  ResidentSetSize of job (KB)
...
040 (050.000.000) 2020-12-21 23:01:59 Started transferring output files
...
040 (050.000.000) 2020-12-21 23:01:59 Finished transferring output files
...
005 (050.000.000) 2020-12-21 23:02:00 Job terminated.
	(1) Normal termination (return value 0)
		Usr 0 00:07:41, Sys 0 00:00:00  -  Run Remote Usage
		Usr 0 00:00:00, Sys 0 00:00:00  -  Run Local Usage
		Usr 0 00:07:41, Sys 0 00:00:00  -  Total Remote Usage
		Usr 0 00:00:00, Sys 0 00:00:00  -  Total Local Usage
	3385098  -  Run Bytes Sent By Job
	4532560  -  Run Bytes Received By Job
	3385098  -  Total Bytes Sent By Job
	4532560  -  Total Bytes Received By Job
	Partitionable Resources :    Usage  Request Allocated 
	   Cpus                 :     1.00        1         1 
	   Disk (KB)            :  7747        4500   2904372 
	   Memory (MB)          :   228           5      2000 

	Job terminated of its own accord at 2020-12-22T04:01:59Z.
...
