#options: cpuid=1173503 frame-threads=1 no-wpp no-pmode no-pme psnr no-ssim log-level=2 bitdepth=8 input-csp=1 fps=25000/1000 input-res=768x432 interlace=0 total-frames=250 level-idc=0 high-tier=1 uhd-bd=0 ref=4 no-allow-non-conformance no-repeat-headers annexb no-aud no-hrd info hash=0 no-temporal-layers open-gop min-keyint=1 keyint=5000 bframes=15 b-adapt=2 b-pyramid bframe-bias=0 rc-lookahead=40 lookahead-slices=0 scenecut=40 no-intra-refresh ctu=64 min-cu-size=8 rect amp max-tu-size=32 tu-inter-depth=3 tu-intra-depth=3 limit-tu=4 rdoq-level=2 dynamic-rd=0.00 no-ssim-rd signhide no-tskip nr-intra=0 nr-inter=0 no-constrained-intra strong-intra-smoothing max-merge=4 limit-refs=1 limit-modes me=3 subme=4 merange=57 temporal-mvp weightp weightb no-analyze-src-pics deblock=0:0 sao no-sao-non-deblock rd=6 no-early-skip rskip no-fast-intra no-tskip-fast no-cu-lossless b-intra rdpenalty=0 psy-rd=0.00 psy-rdoq=0.00 no-rd-refine analysis-reuse-mode=0 no-lossless cbqpoffs=0 crqpoffs=0 rc=abr bitrate=2000 qcomp=0.60 qpstep=4 stats-write=1 stats-read=0 slow-firstpass ipratio=1.40 pbratio=1.30 aq-mode=1 aq-strength=0.00 cutree zone-count=0 no-strict-cbr qg-size=64 no-rc-grain qpmax=69 qpmin=0 no-const-vbv sar=0 overscan=0 videoformat=5 range=0 colorprim=2 transfer=2 colormatrix=2 chromaloc=0 display-window=0 max-cll=0,0 min-luma=0 max-luma=255 log2-max-poc-lsb=8 vui-timing-info vui-hrd-info slices=1 opt-qp-pps opt-ref-list-length-pps no-multi-pass-opt-rps scenecut-bias=0.05 no-opt-cu-delta-qp no-aq-motion no-hdr no-hdr-opt no-dhdr10-opt analysis-reuse-level=5 scale-factor=0 refine-intra=0 refine-inter=0 refine-mv=0 no-limit-sao ctu-info=0 max-tlayer=4
in:0 out:0 type:I q:20.30 q-aq:11.96 q-noVbv:20.30 q-Rceq:1.00 tex:441741 mv:24933 misc:2542 icu:1296.00 pcu:0.00 scu:0.00 tlayer:0 pbqpoffset:0.00 pbfactor:1.00 avgQpOffsetCutree:-7.29;
in:16 out:1 type:k q:19.22 q-aq:11.98 q-noVbv:19.22 q-Rceq:1.00 tex:436851 mv:22664 misc:2293 icu:1199.00 pcu:97.00 scu:0.00 tlayer:0 pbqpoffset:0.00 pbfactor:1.00 avgQpOffsetCutree:-7.43;
in:8 out:2 type:B q:21.13 q-aq:14.61 q-noVbv:21.13 q-Rceq:1.00 tex:298981 mv:20447 misc:2964 icu:313.50 pcu:978.75 scu:3.75 tlayer:1 pbqpoffset:1.91 pbfactor:1.25 avgQpOffsetCutree:-5.79;
in:4 out:3 type:B q:21.77 q-aq:18.04 q-noVbv:21.77 q-Rceq:1.00 tex:100163 mv:19729 misc:3980 icu:62.00 pcu:1084.00 scu:150.00 tlayer:2 pbqpoffset:2.55 pbfactor:1.34 avgQpOffsetCutree:-3.16;
in:2 out:4 type:B q:22.89 q-aq:21.16 q-noVbv:22.89 q-Rceq:1.00 tex:26082 mv:11309 misc:2977 icu:16.75 pcu:794.50 scu:484.75 tlayer:3 pbqpoffset:3.67 pbfactor:1.53 avgQpOffsetCutree:-1.84;
in:1 out:5 type:b q:25.99 q-aq:26.00 q-noVbv:25.99 q-Rceq:1.00 tex:3418 mv:3682 misc:1236 icu:1.50 pcu:560.00 scu:734.50 tlayer:4 pbqpoffset:6.77 pbfactor:2.19 avgQpOffsetCutree:0.00;
in:3 out:6 type:b q:25.40 q-aq:25.05 q-noVbv:25.40 q-Rceq:1.00 tex:10114 mv:6752 misc:1990 icu:2.50 pcu:753.25 scu:540.25 tlayer:4 pbqpoffset:6.18 pbfactor:2.04 avgQpOffsetCutree:0.00;
in:6 out:7 type:B q:22.28 q-aq:20.46 q-noVbv:22.28 q-Rceq:1.00 tex:36004 mv:13425 misc:3539 icu:10.75 pcu:848.00 scu:437.25 tlayer:3 pbqpoffset:3.07 pbfactor:1.43 avgQpOffsetCutree:-1.79;
in:5 out:8 type:b q:25.25 q-aq:25.03 q-noVbv:25.25 q-Rceq:1.00 tex:9214 mv:5261 misc:1829 icu:0.00 pcu:543.25 scu:752.75 tlayer:4 pbqpoffset:6.04 pbfactor:2.01 avgQpOffsetCutree:0.00;
in:7 out:9 type:b q:24.72 q-aq:25.00 q-noVbv:24.72 q-Rceq:1.00 tex:6158 mv:3916 misc:1310 icu:4.00 pcu:412.75 scu:879.25 tlayer:4 pbqpoffset:5.50 pbfactor:1.89 avgQpOffsetCutree:0.00;
in:12 out:10 type:B q:21.13 q-aq:16.26 q-noVbv:21.13 q-Rceq:1.00 tex:164915 mv:16970 misc:3899 icu:59.25 pcu:1146.25 scu:90.50 tlayer:2 pbqpoffset:1.91 pbfactor:1.25 avgQpOffsetCutree:-4.12;
in:10 out:11 type:B q:22.99 q-aq:20.92 q-noVbv:22.99 q-Rceq:1.00 tex:29657 mv:11193 misc:3358 icu:3.25 pcu:838.50 scu:454.25 tlayer:3 pbqpoffset:3.77 pbfactor:1.55 avgQpOffsetCutree:-1.91;
in:9 out:12 type:b q:25.45 q-aq:25.09 q-noVbv:25.45 q-Rceq:1.00 tex:6332 mv:4567 misc:1637 icu:0.50 pcu:568.75 scu:726.75 tlayer:4 pbqpoffset:6.23 pbfactor:2.05 avgQpOffsetCutree:0.00;
in:11 out:13 type:b q:25.99 q-aq:26.01 q-noVbv:25.99 q-Rceq:1.00 tex:6751 mv:3841 misc:984 icu:1.50 pcu:319.50 scu:975.00 tlayer:4 pbqpoffset:6.77 pbfactor:2.19 avgQpOffsetCutree:0.00;
in:14 out:14 type:B q:21.85 q-aq:19.40 q-noVbv:21.85 q-Rceq:1.00 tex:50744 mv:9907 misc:4157 icu:14.00 pcu:898.50 scu:383.50 tlayer:3 pbqpoffset:2.63 pbfactor:1.35 avgQpOffsetCutree:-2.27;
in:13 out:15 type:b q:24.73 q-aq:25.00 q-noVbv:24.73 q-Rceq:1.00 tex:7207 mv:3451 misc:1190 icu:0.00 pcu:499.25 scu:796.75 tlayer:4 pbqpoffset:5.52 pbfactor:1.89 avgQpOffsetCutree:0.00;
in:15 out:16 type:b q:23.53 q-aq:24.00 q-noVbv:23.53 q-Rceq:1.00 tex:10780 mv:3957 misc:1855 icu:1.25 pcu:535.25 scu:759.50 tlayer:4 pbqpoffset:4.31 pbfactor:1.65 avgQpOffsetCutree:0.00;
in:25 out:17 type:k q:20.28 q-aq:12.58 q-noVbv:20.28 q-Rceq:1.00 tex:361682 mv:20555 misc:2963 icu:337.25 pcu:957.00 scu:1.75 tlayer:0 pbqpoffset:0.00 pbfactor:1.00 avgQpOffsetCutree:-7.89;
in:21 out:18 type:B q:21.09 q-aq:16.54 q-noVbv:21.09 q-Rceq:1.00 tex:115941 mv:21382 misc:4077 icu:47.50 pcu:1152.75 scu:95.75 tlayer:1 pbqpoffset:1.28 pbfactor:1.16 avgQpOffsetCutree:-3.59;
in:19 out:19 type:B q:21.50 q-aq:18.63 q-noVbv:21.50 q-Rceq:1.00 tex:61895 mv:15827 misc:4142 icu:14.25 pcu:999.00 scu:282.75 tlayer:2 pbqpoffset:1.92 pbfactor:1.25 avgQpOffsetCutree:-2.39;
in:18 out:20 type:B q:22.59 q-aq:22.33 q-noVbv:22.59 q-Rceq:1.00 tex:15704 mv:7626 misc:2726 icu:1.75 pcu:798.50 scu:495.75 tlayer:3 pbqpoffset:3.13 pbfactor:1.44 avgQpOffsetCutree:-0.80;
in:17 out:21 type:b q:23.75 q-aq:24.00 q-noVbv:23.75 q-Rceq:1.00 tex:4449 mv:2712 misc:1191 icu:0.00 pcu:509.75 scu:786.25 tlayer:4 pbqpoffset:4.42 pbfactor:1.67 avgQpOffsetCutree:0.00;
in:20 out:22 type:b q:23.66 q-aq:24.00 q-noVbv:23.66 q-Rceq:1.00 tex:10527 mv:5624 misc:1737 icu:2.00 pcu:553.50 scu:740.50 tlayer:3 pbqpoffset:3.97 pbfactor:1.58 avgQpOffsetCutree:0.00;
in:23 out:23 type:B q:22.80 q-aq:20.80 q-noVbv:22.80 q-Rceq:1.00 tex:22239 mv:11132 misc:3189 icu:3.50 pcu:937.75 scu:354.75 tlayer:2 pbqpoffset:2.76 pbfactor:1.38 avgQpOffsetCutree:-1.87;
in:22 out:24 type:b q:23.95 q-aq:24.00 q-noVbv:23.95 q-Rceq:1.00 tex:4099 mv:3302 misc:1271 icu:2.00 pcu:459.25 scu:834.75 tlayer:3 pbqpoffset:4.03 pbfactor:1.59 avgQpOffsetCutree:0.00;
in:24 out:25 type:b q:24.11 q-aq:24.01 q-noVbv:24.11 q-Rceq:1.00 tex:6063 mv:4443 misc:1454 icu:0.50 pcu:509.00 scu:786.50 tlayer:3 pbqpoffset:3.94 pbfactor:1.58 avgQpOffsetCutree:0.00;
in:41 out:26 type:k q:20.48 q-aq:12.58 q-noVbv:20.48 q-Rceq:1.00 tex:413114 mv:12825 misc:2173 icu:906.00 pcu:390.00 scu:0.00 tlayer:0 pbqpoffset:0.00 pbfactor:1.00 avgQpOffsetCutree:-8.18;
in:33 out:27 type:B q:21.56 q-aq:15.84 q-noVbv:21.56 q-Rceq:1.00 tex:203869 mv:17208 misc:3331 icu:148.75 pcu:1134.25 scu:13.00 tlayer:1 pbqpoffset:1.17 pbfactor:1.15 avgQpOffsetCutree:-5.05;
in:29 out:28 type:B q:21.51 q-aq:17.84 q-noVbv:21.51 q-Rceq:1.00 tex:153498 mv:17909 misc:3385 icu:58.25 pcu:1182.25 scu:55.50 tlayer:2 pbqpoffset:1.17 pbfactor:1.15 avgQpOffsetCutree:-3.27;
in:27 out:29 type:B q:23.02 q-aq:20.72 q-noVbv:23.02 q-Rceq:1.00 tex:30967 mv:9636 misc:3541 icu:4.75 pcu:809.50 scu:481.75 tlayer:3 pbqpoffset:2.72 pbfactor:1.37 avgQpOffsetCutree:-2.08;
in:26 out:30 type:b q:25.24 q-aq:25.01 q-noVbv:25.24 q-Rceq:1.00 tex:4701 mv:2864 misc:1331 icu:0.00 pcu:461.00 scu:835.00 tlayer:4 pbqpoffset:4.95 pbfactor:1.77 avgQpOffsetCutree:0.00;
in:28 out:31 type:b q:25.08 q-aq:25.00 q-noVbv:25.08 q-Rceq:1.00 tex:8899 mv:4188 misc:1769 icu:0.00 pcu:513.00 scu:783.00 tlayer:4 pbqpoffset:4.76 pbfactor:1.73 avgQpOffsetCutree:0.00;
in:31 out:32 type:B q:23.40 q-aq:22.76 q-noVbv:23.40 q-Rceq:1.00 tex:12992 mv:5106 misc:2030 icu:3.50 pcu:567.75 scu:724.75 tlayer:3 pbqpoffset:3.04 pbfactor:1.42 avgQpOffsetCutree:-1.23;
in:30 out:33 type:b q:26.38 q-aq:26.04 q-noVbv:26.38 q-Rceq:1.00 tex:2220 mv:2141 misc:703 icu:0.00 pcu:342.50 scu:953.50 tlayer:4 pbqpoffset:6.04 pbfactor:2.01 avgQpOffsetCutree:0.00;
in:32 out:34 type:b q:23.05 q-aq:23.01 q-noVbv:23.05 q-Rceq:1.00 tex:12858 mv:3916 misc:1802 icu:9.25 pcu:402.00 scu:884.75 tlayer:4 pbqpoffset:2.68 pbfactor:1.36 avgQpOffsetCutree:0.00;
in:37 out:35 type:B q:22.45 q-aq:18.46 q-noVbv:22.45 q-Rceq:1.00 tex:49043 mv:14953 misc:3804 icu:21.25 pcu:869.00 scu:405.75 tlayer:2 pbqpoffset:2.02 pbfactor:1.26 avgQpOffsetCutree:-3.21;
in:35 out:36 type:B q:23.37 q-aq:21.51 q-noVbv:23.37 q-Rceq:1.00 tex:18530 mv:7990 misc:2048 icu:2.50 pcu:749.00 scu:544.50 tlayer:3 pbqpoffset:2.96 pbfactor:1.41 avgQpOffsetCutree:-1.85;
in:34 out:37 type:b q:26.43 q-aq:26.16 q-noVbv:26.43 q-Rceq:1.00 tex:4109 mv:3226 misc:1009 icu:0.75 pcu:449.25 scu:846.00 tlayer:4 pbqpoffset:6.04 pbfactor:2.01 avgQpOffsetCutree:0.00;
in:36 out:38 type:b q:25.92 q-aq:26.00 q-noVbv:25.92 q-Rceq:1.00 tex:4606 mv:2593 misc:921 icu:0.50 pcu:400.00 scu:895.50 tlayer:4 pbqpoffset:5.50 pbfactor:1.89 avgQpOffsetCutree:0.00;
in:39 out:39 type:B q:22.74 q-aq:20.12 q-noVbv:22.74 q-Rceq:1.00 tex:26451 mv:9372 misc:2497 icu:33.25 pcu:756.50 scu:506.25 tlayer:3 pbqpoffset:2.29 pbfactor:1.30 avgQpOffsetCutree:-2.25;
in:38 out:40 type:b q:26.13 q-aq:26.04 q-noVbv:26.13 q-Rceq:1.00 tex:6893 mv:3351 misc:1100 icu:5.50 pcu:313.50 scu:977.00 tlayer:4 pbqpoffset:5.68 pbfactor:1.93 avgQpOffsetCutree:0.00;
in:40 out:41 type:b q:24.84 q-aq:25.01 q-noVbv:24.84 q-Rceq:1.00 tex:8142 mv:4445 misc:1293 icu:2.50 pcu:498.00 scu:795.50 tlayer:4 pbqpoffset:4.37 pbfactor:1.66 avgQpOffsetCutree:0.00;
in:57 out:42 type:k q:20.38 q-aq:12.93 q-noVbv:20.38 q-Rceq:1.00 tex:424324 mv:14967 misc:2237 icu:743.25 pcu:552.75 scu:0.00 tlayer:0 pbqpoffset:0.00 pbfactor:1.00 avgQpOffsetCutree:-7.96;
in:49 out:43 type:B q:21.76 q-aq:16.37 q-noVbv:21.76 q-Rceq:1.00 tex:173335 mv:18344 misc:3537 icu:145.25 pcu:1115.75 scu:35.00 tlayer:1 pbqpoffset:1.32 pbfactor:1.16 avgQpOffsetCutree:-4.82;
in:45 out:44 type:B q:22.28 q-aq:17.83 q-noVbv:22.28 q-Rceq:1.00 tex:75037 mv:14426 misc:4225 icu:70.00 pcu:988.25 scu:237.75 tlayer:2 pbqpoffset:1.82 pbfactor:1.23 avgQpOffsetCutree:-3.58;
in:43 out:45 type:B q:23.61 q-aq:22.79 q-noVbv:23.61 q-Rceq:1.00 tex:19194 mv:7383 misc:2079 icu:13.75 pcu:694.75 scu:587.50 tlayer:3 pbqpoffset:3.14 pbfactor:1.44 avgQpOffsetCutree:-1.12;
in:42 out:46 type:b q:26.66 q-aq:27.00 q-noVbv:26.66 q-Rceq:1.00 tex:6286 mv:3266 misc:1144 icu:0.75 pcu:314.25 scu:981.00 tlayer:4 pbqpoffset:6.19 pbfactor:2.04 avgQpOffsetCutree:0.00;
in:44 out:47 type:b q:24.24 q-aq:24.08 q-noVbv:24.24 q-Rceq:1.00 tex:14397 mv:4883 misc:1264 icu:3.75 pcu:583.75 scu:708.50 tlayer:4 pbqpoffset:3.78 pbfactor:1.55 avgQpOffsetCutree:0.00;
in:47 out:48 type:B q:22.36 q-aq:21.63 q-noVbv:22.36 q-Rceq:1.00 tex:42299 mv:9464 misc:3589 icu:20.25 pcu:768.50 scu:507.25 tlayer:3 pbqpoffset:1.92 pbfactor:1.25 avgQpOffsetCutree:-1.13;
in:46 out:49 type:b q:25.67 q-aq:26.01 q-noVbv:25.67 q-Rceq:1.00 tex:9940 mv:4806 misc:1478 icu:1.50 pcu:545.00 scu:749.50 tlayer:4 pbqpoffset:5.22 pbfactor:1.83 avgQpOffsetCutree:0.00;
in:48 out:50 type:b q:24.01 q-aq:24.05 q-noVbv:24.01 q-Rceq:1.00 tex:15793 mv:3428 misc:1643 icu:7.75 pcu:427.25 scu:861.00 tlayer:4 pbqpoffset:3.57 pbfactor:1.51 avgQpOffsetCutree:0.00;
in:53 out:51 type:B q:22.19 q-aq:17.78 q-noVbv:22.19 q-Rceq:1.00 tex:36724 mv:13417 misc:3387 icu:48.75 pcu:822.50 scu:424.75 tlayer:2 pbqpoffset:1.78 pbfactor:1.23 avgQpOffsetCutree:-3.49;
in:51 out:52 type:B q:23.17 q-aq:21.08 q-noVbv:23.17 q-Rceq:1.00 tex:17431 mv:6493 misc:1828 icu:46.00 pcu:687.00 scu:563.00 tlayer:3 pbqpoffset:2.75 pbfactor:1.37 avgQpOffsetCutree:-1.66;
in:50 out:53 type:b q:24.00 q-aq:24.07 q-noVbv:24.00 q-Rceq:1.00 tex:11987 mv:4203 misc:978 icu:32.25 pcu:551.75 scu:712.00 tlayer:4 pbqpoffset:3.58 pbfactor:1.51 avgQpOffsetCutree:0.00;
in:52 out:54 type:b q:24.35 q-aq:24.09 q-noVbv:24.35 q-Rceq:1.00 tex:10666 mv:3874 misc:1060 icu:29.75 pcu:533.75 scu:732.50 tlayer:4 pbqpoffset:3.94 pbfactor:1.58 avgQpOffsetCutree:0.00;
in:55 out:55 type:B q:23.20 q-aq:21.26 q-noVbv:23.20 q-Rceq:1.00 tex:18841 mv:7974 misc:2009 icu:38.00 pcu:685.25 scu:572.75 tlayer:3 pbqpoffset:2.81 pbfactor:1.38 avgQpOffsetCutree:-1.82;
in:54 out:56 type:b q:24.35 q-aq:24.07 q-noVbv:24.35 q-Rceq:1.00 tex:11050 mv:4756 misc:1210 icu:11.50 pcu:556.25 scu:728.25 tlayer:4 pbqpoffset:3.95 pbfactor:1.58 avgQpOffsetCutree:0.00;
in:56 out:57 type:b q:24.36 q-aq:24.13 q-noVbv:24.36 q-Rceq:1.00 tex:8236 mv:4646 misc:1222 icu:11.50 pcu:478.75 scu:805.75 tlayer:4 pbqpoffset:3.97 pbfactor:1.58 avgQpOffsetCutree:0.00;
in:69 out:58 type:k q:18.84 q-aq:11.52 q-noVbv:18.84 q-Rceq:1.00 tex:470010 mv:19856 misc:2358 icu:798.50 pcu:497.25 scu:0.25 tlayer:0 pbqpoffset:0.77 pbfactor:1.09 avgQpOffsetCutree:-7.78;
in:63 out:59 type:B q:20.98 q-aq:17.12 q-noVbv:20.98 q-Rceq:1.00 tex:121224 mv:13418 misc:3158 icu:118.50 pcu:1177.25 scu:0.25 tlayer:1 pbqpoffset:1.36 pbfactor:1.17 avgQpOffsetCutree:-3.27;
in:60 out:60 type:B q:22.18 q-aq:19.11 q-noVbv:22.18 q-Rceq:1.00 tex:34837 mv:14179 misc:3392 icu:47.25 pcu:849.00 scu:399.75 tlayer:2 pbqpoffset:2.18 pbfactor:1.29 avgQpOffsetCutree:-2.73;
in:59 out:61 type:B q:22.95 q-aq:22.23 q-noVbv:22.95 q-Rceq:1.00 tex:14763 mv:7081 misc:1900 icu:34.50 pcu:730.50 scu:531.00 tlayer:3 pbqpoffset:2.83 pbfactor:1.39 avgQpOffsetCutree:-1.04;
in:58 out:62 type:b q:24.27 q-aq:24.07 q-noVbv:24.27 q-Rceq:1.00 tex:7188 mv:3877 misc:1343 icu:0.75 pcu:517.50 scu:777.75 tlayer:4 pbqpoffset:4.01 pbfactor:1.59 avgQpOffsetCutree:0.00;
in:62 out:63 type:B q:22.97 q-aq:22.13 q-noVbv:22.97 q-Rceq:1.00 tex:13544 mv:5831 misc:1529 icu:21.75 pcu:611.25 scu:663.00 tlayer:3 pbqpoffset:3.23 pbfactor:1.45 avgQpOffsetCutree:-0.95;
in:61 out:64 type:b q:24.93 q-aq:25.02 q-noVbv:24.93 q-Rceq:1.00 tex:8331 mv:4302 misc:1199 icu:15.25 pcu:555.50 scu:725.25 tlayer:4 pbqpoffset:5.06 pbfactor:1.79 avgQpOffsetCutree:0.00;
in:66 out:65 type:B q:20.59 q-aq:16.15 q-noVbv:20.59 q-Rceq:1.00 tex:142583 mv:17579 misc:3038 icu:84.75 pcu:1208.50 scu:2.75 tlayer:2 pbqpoffset:1.36 pbfactor:1.17 avgQpOffsetCutree:-3.60;
in:65 out:66 type:B q:21.82 q-aq:20.00 q-noVbv:21.82 q-Rceq:1.00 tex:29617 mv:5929 misc:2718 icu:17.00 pcu:479.75 scu:799.25 tlayer:3 pbqpoffset:2.46 pbfactor:1.33 avgQpOffsetCutree:-1.69;
in:64 out:67 type:b q:22.49 q-aq:22.33 q-noVbv:22.49 q-Rceq:1.00 tex:23612 mv:4903 misc:2445 icu:24.50 pcu:454.75 scu:816.75 tlayer:4 pbqpoffset:3.01 pbfactor:1.42 avgQpOffsetCutree:0.00;
in:68 out:68 type:B q:22.08 q-aq:21.98 q-noVbv:22.08 q-Rceq:1.00 tex:20368 mv:7676 misc:2236 icu:7.50 pcu:763.50 scu:525.00 tlayer:3 pbqpoffset:3.12 pbfactor:1.43 avgQpOffsetCutree:-0.76;
in:67 out:69 type:b q:23.59 q-aq:24.01 q-noVbv:23.59 q-Rceq:1.00 tex:12870 mv:6476 misc:1462 icu:6.25 pcu:637.25 scu:652.50 tlayer:4 pbqpoffset:4.49 pbfactor:1.68 avgQpOffsetCutree:0.00;
in:83 out:70 type:k q:18.49 q-aq:11.74 q-noVbv:18.49 q-Rceq:1.00 tex:470905 mv:16817 misc:2350 icu:923.50 pcu:372.50 scu:0.00 tlayer:0 pbqpoffset:0.13 pbfactor:1.02 avgQpOffsetCutree:-7.50;
in:76 out:71 type:B q:20.05 q-aq:15.07 q-noVbv:20.05 q-Rceq:1.00 tex:160129 mv:19494 misc:3545 icu:169.00 pcu:1074.25 scu:52.75 tlayer:1 pbqpoffset:1.38 pbfactor:1.17 avgQpOffsetCutree:-4.37;
in:73 out:72 type:B q:20.95 q-aq:17.10 q-noVbv:20.95 q-Rceq:1.00 tex:54047 mv:15540 misc:4165 icu:54.75 pcu:815.50 scu:425.75 tlayer:2 pbqpoffset:2.21 pbfactor:1.29 avgQpOffsetCutree:-3.10;
in:71 out:73 type:B q:21.82 q-aq:20.19 q-noVbv:21.82 q-Rceq:1.00 tex:28594 mv:9772 misc:2762 icu:21.50 pcu:635.75 scu:638.75 tlayer:3 pbqpoffset:3.03 pbfactor:1.42 avgQpOffsetCutree:-1.66;
in:70 out:74 type:b q:25.06 q-aq:25.11 q-noVbv:25.06 q-Rceq:1.00 tex:10067 mv:3707 misc:1194 icu:9.00 pcu:434.50 scu:852.50 tlayer:4 pbqpoffset:6.25 pbfactor:2.06 avgQpOffsetCutree:0.00;
in:72 out:75 type:b q:23.37 q-aq:23.14 q-noVbv:23.37 q-Rceq:1.00 tex:9904 mv:4516 misc:1404 icu:12.75 pcu:487.50 scu:795.75 tlayer:4 pbqpoffset:4.60 pbfactor:1.70 avgQpOffsetCutree:0.00;
in:75 out:76 type:B q:21.63 q-aq:21.58 q-noVbv:21.63 q-Rceq:1.00 tex:14140 mv:5600 misc:1516 icu:24.50 pcu:582.00 scu:689.50 tlayer:3 pbqpoffset:2.94 pbfactor:1.40 avgQpOffsetCutree:-0.67;
in:74 out:77 type:b q:24.02 q-aq:24.12 q-noVbv:24.02 q-Rceq:1.00 tex:9528 mv:5444 misc:1404 icu:23.50 pcu:595.25 scu:677.25 tlayer:4 pbqpoffset:5.30 pbfactor:1.85 avgQpOffsetCutree:0.00;
in:80 out:78 type:B q:20.21 q-aq:17.49 q-noVbv:20.21 q-Rceq:1.00 tex:103681 mv:12215 misc:4008 icu:105.00 pcu:1013.50 scu:177.50 tlayer:2 pbqpoffset:1.64 pbfactor:1.21 avgQpOffsetCutree:-2.27;
in:78 out:79 type:B q:20.05 q-aq:17.17 q-noVbv:20.05 q-Rceq:1.00 tex:98371 mv:16378 misc:4811 icu:84.50 pcu:952.50 scu:259.00 tlayer:3 pbqpoffset:1.44 pbfactor:1.18 avgQpOffsetCutree:-2.43;
in:77 out:80 type:b q:22.37 q-aq:22.12 q-noVbv:22.37 q-Rceq:1.00 tex:15927 mv:7211 misc:2030 icu:29.75 pcu:709.25 scu:557.00 tlayer:4 pbqpoffset:3.73 pbfactor:1.54 avgQpOffsetCutree:0.00;
in:79 out:81 type:b q:21.92 q-aq:22.05 q-noVbv:21.92 q-Rceq:1.00 tex:12149 mv:4774 misc:1853 icu:30.75 pcu:560.25 scu:705.00 tlayer:4 pbqpoffset:3.33 pbfactor:1.47 avgQpOffsetCutree:0.00;
in:82 out:82 type:B q:21.13 q-aq:20.38 q-noVbv:21.13 q-Rceq:1.00 tex:19191 mv:6668 misc:1989 icu:31.00 pcu:488.00 scu:777.00 tlayer:3 pbqpoffset:2.61 pbfactor:1.35 avgQpOffsetCutree:-1.19;
in:81 out:83 type:b q:23.76 q-aq:24.02 q-noVbv:23.76 q-Rceq:1.00 tex:8906 mv:4750 misc:1288 icu:32.50 pcu:413.50 scu:850.00 tlayer:4 pbqpoffset:5.22 pbfactor:1.83 avgQpOffsetCutree:0.00;
in:94 out:84 type:k q:17.87 q-aq:10.86 q-noVbv:17.87 q-Rceq:1.00 tex:478546 mv:23859 misc:2667 icu:339.75 pcu:955.75 scu:0.50 tlayer:0 pbqpoffset:0.04 pbfactor:1.00 avgQpOffsetCutree:-7.50;
in:89 out:85 type:B q:19.56 q-aq:14.24 q-noVbv:19.56 q-Rceq:1.00 tex:159556 mv:27159 misc:4365 icu:105.75 pcu:1095.25 scu:95.00 tlayer:1 pbqpoffset:1.41 pbfactor:1.18 avgQpOffsetCutree:-4.36;
in:86 out:86 type:B q:20.34 q-aq:17.11 q-noVbv:20.34 q-Rceq:1.00 tex:49915 mv:16164 misc:3937 icu:86.50 pcu:866.75 scu:342.75 tlayer:2 pbqpoffset:2.02 pbfactor:1.26 avgQpOffsetCutree:-2.66;
in:85 out:87 type:B q:21.59 q-aq:21.51 q-noVbv:21.59 q-Rceq:1.00 tex:14906 mv:7841 misc:2541 icu:50.75 pcu:702.75 scu:542.50 tlayer:3 pbqpoffset:3.21 pbfactor:1.45 avgQpOffsetCutree:-0.67;
in:84 out:88 type:b q:21.98 q-aq:22.01 q-noVbv:21.98 q-Rceq:1.00 tex:13180 mv:6419 misc:1681 icu:53.25 pcu:582.00 scu:660.75 tlayer:4 pbqpoffset:3.54 pbfactor:1.51 avgQpOffsetCutree:0.00;
in:88 out:89 type:B q:21.39 q-aq:21.50 q-noVbv:21.39 q-Rceq:1.00 tex:12422 mv:6530 misc:2272 icu:16.50 pcu:539.50 scu:740.00 tlayer:3 pbqpoffset:3.18 pbfactor:1.44 avgQpOffsetCutree:-0.56;
in:87 out:90 type:b q:23.03 q-aq:23.00 q-noVbv:23.03 q-Rceq:1.00 tex:8128 mv:5066 misc:1590 icu:35.75 pcu:520.50 scu:739.75 tlayer:4 pbqpoffset:4.76 pbfactor:1.73 avgQpOffsetCutree:0.00;
in:92 out:91 type:B q:20.05 q-aq:17.08 q-noVbv:20.05 q-Rceq:1.00 tex:67389 mv:19077 misc:4126 icu:24.00 pcu:998.25 scu:273.75 tlayer:2 pbqpoffset:2.06 pbfactor:1.27 avgQpOffsetCutree:-2.45;
in:91 out:92 type:B q:21.25 q-aq:20.41 q-noVbv:21.25 q-Rceq:1.00 tex:18853 mv:10333 misc:2998 icu:13.75 pcu:749.25 scu:533.00 tlayer:3 pbqpoffset:3.21 pbfactor:1.45 avgQpOffsetCutree:-1.13;
in:90 out:93 type:b q:22.89 q-aq:23.00 q-noVbv:22.89 q-Rceq:1.00 tex:5542 mv:5399 misc:1467 icu:3.75 pcu:717.50 scu:574.75 tlayer:4 pbqpoffset:4.79 pbfactor:1.74 avgQpOffsetCutree:0.00;
in:93 out:94 type:b q:21.28 q-aq:21.00 q-noVbv:21.28 q-Rceq:1.00 tex:7599 mv:5253 misc:2092 icu:1.75 pcu:611.50 scu:682.75 tlayer:3 pbqpoffset:3.35 pbfactor:1.47 avgQpOffsetCutree:0.00;
in:105 out:95 type:k q:18.98 q-aq:11.35 q-noVbv:18.98 q-Rceq:1.00 tex:530320 mv:21833 misc:2103 icu:787.50 pcu:508.50 scu:0.00 tlayer:0 pbqpoffset:1.26 pbfactor:1.16 avgQpOffsetCutree:-8.48;
in:100 out:96 type:B q:20.08 q-aq:14.57 q-noVbv:20.08 q-Rceq:1.00 tex:198164 mv:21381 misc:3607 icu:110.50 pcu:1145.00 scu:40.50 tlayer:1 pbqpoffset:1.60 pbfactor:1.20 avgQpOffsetCutree:-5.02;
in:97 out:97 type:B q:20.30 q-aq:16.63 q-noVbv:20.30 q-Rceq:1.00 tex:117527 mv:14081 misc:4472 icu:63.25 pcu:1074.00 scu:158.75 tlayer:2 pbqpoffset:2.12 pbfactor:1.28 avgQpOffsetCutree:-3.01;
in:96 out:98 type:B q:21.25 q-aq:21.89 q-noVbv:21.25 q-Rceq:1.00 tex:19128 mv:5367 misc:2553 icu:22.50 pcu:368.25 scu:905.25 tlayer:3 pbqpoffset:3.17 pbfactor:1.44 avgQpOffsetCutree:-0.10;
in:95 out:99 type:b q:23.09 q-aq:23.00 q-noVbv:23.09 q-Rceq:1.00 tex:2766 mv:2560 misc:1330 icu:3.50 pcu:379.00 scu:913.50 tlayer:4 pbqpoffset:5.12 pbfactor:1.81 avgQpOffsetCutree:0.00;
in:99 out:100 type:B q:21.60 q-aq:21.31 q-noVbv:21.60 q-Rceq:1.00 tex:9775 mv:4936 misc:1833 icu:1.00 pcu:524.00 scu:771.00 tlayer:3 pbqpoffset:3.23 pbfactor:1.45 avgQpOffsetCutree:-0.55;
in:98 out:101 type:b q:24.50 q-aq:24.29 q-noVbv:24.50 q-Rceq:1.00 tex:4956 mv:4078 misc:1398 icu:0.50 pcu:567.75 scu:727.75 tlayer:4 pbqpoffset:6.23 pbfactor:2.05 avgQpOffsetCutree:0.00;
in:103 out:102 type:B q:21.71 q-aq:18.93 q-noVbv:21.71 q-Rceq:1.00 tex:36359 mv:12993 misc:3064 icu:21.50 pcu:918.25 scu:356.25 tlayer:2 pbqpoffset:2.94 pbfactor:1.40 avgQpOffsetCutree:-2.23;
in:102 out:103 type:B q:21.90 q-aq:21.15 q-noVbv:21.90 q-Rceq:1.00 tex:15815 mv:6927 misc:2322 icu:11.25 pcu:648.75 scu:636.00 tlayer:3 pbqpoffset:3.23 pbfactor:1.45 avgQpOffsetCutree:-0.93;
in:101 out:104 type:b q:24.32 q-aq:24.03 q-noVbv:24.32 q-Rceq:1.00 tex:7877 mv:4926 misc:1485 icu:30.50 pcu:541.25 scu:724.25 tlayer:4 pbqpoffset:5.75 pbfactor:1.94 avgQpOffsetCutree:0.00;
in:104 out:105 type:b q:23.66 q-aq:24.00 q-noVbv:23.66 q-Rceq:1.00 tex:4286 mv:4277 misc:1333 icu:10.25 pcu:586.25 scu:699.50 tlayer:3 pbqpoffset:4.79 pbfactor:1.74 avgQpOffsetCutree:0.00;
in:121 out:106 type:k q:18.33 q-aq:12.29 q-noVbv:18.33 q-Rceq:1.00 tex:512878 mv:13602 misc:2088 icu:695.75 pcu:600.25 scu:0.00 tlayer:0 pbqpoffset:0.28 pbfactor:1.03 avgQpOffsetCutree:-7.33;
in:113 out:107 type:B q:20.34 q-aq:15.79 q-noVbv:20.34 q-Rceq:1.00 tex:312318 mv:26645 misc:2685 icu:144.75 pcu:1149.25 scu:2.00 tlayer:1 pbqpoffset:1.68 pbfactor:1.21 avgQpOffsetCutree:-4.84;
in:109 out:108 type:B q:22.36 q-aq:18.08 q-noVbv:22.36 q-Rceq:1.00 tex:93026 mv:13260 misc:3994 icu:15.75 pcu:1074.50 scu:205.75 tlayer:2 pbqpoffset:3.55 pbfactor:1.51 avgQpOffsetCutree:-3.48;
in:107 out:109 type:B q:22.44 q-aq:20.26 q-noVbv:22.44 q-Rceq:1.00 tex:22684 mv:10117 misc:3103 icu:3.00 pcu:801.00 scu:492.00 tlayer:3 pbqpoffset:3.55 pbfactor:1.51 avgQpOffsetCutree:-1.94;
in:106 out:110 type:b q:25.48 q-aq:25.24 q-noVbv:25.48 q-Rceq:1.00 tex:5648 mv:3455 misc:1193 icu:1.50 pcu:572.50 scu:722.00 tlayer:4 pbqpoffset:6.55 pbfactor:2.13 avgQpOffsetCutree:0.00;
in:108 out:111 type:b q:25.40 q-aq:25.01 q-noVbv:25.40 q-Rceq:1.00 tex:2913 mv:2905 misc:1006 icu:0.00 pcu:549.50 scu:746.50 tlayer:4 pbqpoffset:6.55 pbfactor:2.13 avgQpOffsetCutree:0.00;
in:111 out:112 type:B q:22.28 q-aq:20.72 q-noVbv:22.28 q-Rceq:1.00 tex:36088 mv:7680 misc:3872 icu:22.00 pcu:779.25 scu:494.75 tlayer:3 pbqpoffset:3.55 pbfactor:1.51 avgQpOffsetCutree:-1.53;
in:110 out:113 type:b q:25.32 q-aq:25.00 q-noVbv:25.32 q-Rceq:1.00 tex:3123 mv:2612 misc:993 icu:0.00 pcu:450.50 scu:845.50 tlayer:4 pbqpoffset:6.54 pbfactor:2.13 avgQpOffsetCutree:0.00;
in:112 out:114 type:b q:25.24 q-aq:25.01 q-noVbv:25.24 q-Rceq:1.00 tex:3384 mv:2320 misc:992 icu:0.50 pcu:162.75 scu:1132.75 tlayer:4 pbqpoffset:6.54 pbfactor:2.13 avgQpOffsetCutree:0.00;
in:117 out:115 type:B q:22.04 q-aq:17.27 q-noVbv:22.04 q-Rceq:1.00 tex:68242 mv:18627 misc:4371 icu:45.75 pcu:914.50 scu:335.75 tlayer:2 pbqpoffset:3.55 pbfactor:1.51 avgQpOffsetCutree:-3.75;
in:115 out:116 type:B q:22.12 q-aq:19.89 q-noVbv:22.12 q-Rceq:1.00 tex:28132 mv:11457 misc:2987 icu:2.75 pcu:667.00 scu:626.25 tlayer:3 pbqpoffset:3.55 pbfactor:1.51 avgQpOffsetCutree:-1.99;
in:114 out:117 type:b q:25.16 q-aq:25.00 q-noVbv:25.16 q-Rceq:1.00 tex:3667 mv:2736 misc:1261 icu:0.00 pcu:323.25 scu:972.75 tlayer:4 pbqpoffset:6.55 pbfactor:2.13 avgQpOffsetCutree:0.00;
in:116 out:118 type:b q:24.27 q-aq:24.15 q-noVbv:24.27 q-Rceq:1.00 tex:10436 mv:5895 misc:1645 icu:30.50 pcu:548.00 scu:717.50 tlayer:4 pbqpoffset:5.73 pbfactor:1.94 avgQpOffsetCutree:0.00;
in:119 out:119 type:B q:21.96 q-aq:19.90 q-noVbv:21.96 q-Rceq:1.00 tex:24693 mv:10160 misc:2859 icu:7.00 pcu:743.25 scu:545.75 tlayer:3 pbqpoffset:3.55 pbfactor:1.51 avgQpOffsetCutree:-1.75;
in:118 out:120 type:b q:25.00 q-aq:25.02 q-noVbv:25.00 q-Rceq:1.00 tex:7342 mv:4549 misc:1205 icu:0.50 pcu:538.25 scu:757.25 tlayer:4 pbqpoffset:6.55 pbfactor:2.13 avgQpOffsetCutree:0.00;
in:120 out:121 type:b q:24.92 q-aq:25.00 q-noVbv:24.92 q-Rceq:1.00 tex:5090 mv:3856 misc:1182 icu:0.75 pcu:479.00 scu:816.25 tlayer:4 pbqpoffset:6.54 pbfactor:2.13 avgQpOffsetCutree:0.00;
in:126 out:122 type:k q:21.21 q-aq:14.18 q-noVbv:21.21 q-Rceq:1.00 tex:166981 mv:21669 misc:4502 icu:76.50 pcu:1010.50 scu:209.00 tlayer:0 pbqpoffset:0.23 pbfactor:1.03 avgQpOffsetCutree:-7.62;
in:124 out:123 type:B q:23.57 q-aq:21.13 q-noVbv:23.57 q-Rceq:1.00 tex:16823 mv:9950 misc:2531 icu:4.75 pcu:810.00 scu:481.25 tlayer:1 pbqpoffset:3.51 pbfactor:1.50 avgQpOffsetCutree:-2.12;
in:123 out:124 type:B q:23.00 q-aq:22.64 q-noVbv:23.00 q-Rceq:1.00 tex:7813 mv:5505 misc:1698 icu:2.00 pcu:732.50 scu:561.50 tlayer:2 pbqpoffset:3.51 pbfactor:1.50 avgQpOffsetCutree:-0.68;
in:122 out:125 type:b q:25.42 q-aq:25.15 q-noVbv:25.42 q-Rceq:1.00 tex:6152 mv:3977 misc:1367 icu:1.25 pcu:474.25 scu:820.50 tlayer:3 pbqpoffset:6.51 pbfactor:2.12 avgQpOffsetCutree:0.00;
in:125 out:126 type:b q:25.73 q-aq:26.00 q-noVbv:25.73 q-Rceq:1.00 tex:2592 mv:3122 misc:1006 icu:3.50 pcu:494.75 scu:797.75 tlayer:2 pbqpoffset:5.09 pbfactor:1.80 avgQpOffsetCutree:0.00;
in:142 out:127 type:k q:17.81 q-aq:10.12 q-noVbv:17.81 q-Rceq:1.00 tex:628235 mv:22689 misc:1996 icu:954.75 pcu:341.25 scu:0.00 tlayer:0 pbqpoffset:0.25 pbfactor:1.03 avgQpOffsetCutree:-8.59;
in:134 out:128 type:B q:21.02 q-aq:14.96 q-noVbv:21.02 q-Rceq:1.00 tex:264854 mv:21904 misc:3450 icu:155.25 pcu:1113.75 scu:27.00 tlayer:1 pbqpoffset:1.51 pbfactor:1.19 avgQpOffsetCutree:-6.00;
in:130 out:129 type:B q:21.87 q-aq:17.24 q-noVbv:21.87 q-Rceq:1.00 tex:177175 mv:17564 misc:3069 icu:35.75 pcu:1244.25 scu:16.00 tlayer:2 pbqpoffset:1.51 pbfactor:1.19 avgQpOffsetCutree:-3.84;
in:128 out:130 type:B q:22.48 q-aq:21.60 q-noVbv:22.48 q-Rceq:1.00 tex:96237 mv:15240 misc:3795 icu:83.00 pcu:776.50 scu:436.50 tlayer:3 pbqpoffset:1.69 pbfactor:1.22 avgQpOffsetCutree:-1.29;
in:127 out:131 type:b q:25.96 q-aq:26.00 q-noVbv:25.96 q-Rceq:1.00 tex:2664 mv:2292 misc:1044 icu:5.50 pcu:442.75 scu:847.75 tlayer:4 pbqpoffset:4.96 pbfactor:1.77 avgQpOffsetCutree:0.00;
in:129 out:132 type:b q:25.18 q-aq:25.00 q-noVbv:25.18 q-Rceq:1.00 tex:12502 mv:5982 misc:2140 icu:0.00 pcu:582.00 scu:714.00 tlayer:4 pbqpoffset:4.61 pbfactor:1.70 avgQpOffsetCutree:0.00;
in:132 out:133 type:B q:23.31 q-aq:21.34 q-noVbv:23.31 q-Rceq:1.00 tex:26923 mv:11617 misc:3132 icu:0.00 pcu:804.00 scu:492.00 tlayer:3 pbqpoffset:3.37 pbfactor:1.48 avgQpOffsetCutree:-1.98;
in:131 out:134 type:b q:25.84 q-aq:26.00 q-noVbv:25.84 q-Rceq:1.00 tex:3296 mv:3532 misc:1220 icu:0.00 pcu:520.25 scu:775.75 tlayer:4 pbqpoffset:5.69 pbfactor:1.93 avgQpOffsetCutree:0.00;
in:133 out:135 type:b q:24.59 q-aq:25.00 q-noVbv:24.59 q-Rceq:1.00 tex:4089 mv:4230 misc:1401 icu:0.00 pcu:703.25 scu:592.75 tlayer:4 pbqpoffset:4.86 pbfactor:1.75 avgQpOffsetCutree:0.00;
in:138 out:136 type:B q:21.45 q-aq:17.23 q-noVbv:21.45 q-Rceq:1.00 tex:100667 mv:18694 misc:4047 icu:10.00 pcu:1102.75 scu:183.25 tlayer:2 pbqpoffset:2.79 pbfactor:1.38 avgQpOffsetCutree:-3.41;
in:136 out:137 type:B q:22.46 q-aq:20.37 q-noVbv:22.46 q-Rceq:1.00 tex:29360 mv:11300 misc:3572 icu:1.75 pcu:883.75 scu:410.50 tlayer:3 pbqpoffset:3.37 pbfactor:1.48 avgQpOffsetCutree:-1.91;
in:135 out:138 type:b q:25.67 q-aq:26.00 q-noVbv:25.67 q-Rceq:1.00 tex:6387 mv:3525 misc:1336 icu:0.00 pcu:551.75 scu:744.25 tlayer:4 pbqpoffset:6.37 pbfactor:2.09 avgQpOffsetCutree:0.00;
in:137 out:139 type:b q:25.24 q-aq:25.05 q-noVbv:25.24 q-Rceq:1.00 tex:6047 mv:4740 misc:1373 icu:3.00 pcu:627.75 scu:665.25 tlayer:4 pbqpoffset:6.37 pbfactor:2.09 avgQpOffsetCutree:0.00;
in:140 out:140 type:B q:21.61 q-aq:18.97 q-noVbv:21.61 q-Rceq:1.00 tex:34966 mv:13172 misc:3822 icu:5.75 pcu:846.50 scu:443.75 tlayer:3 pbqpoffset:3.37 pbfactor:1.48 avgQpOffsetCutree:-2.34;
in:139 out:141 type:b q:24.53 q-aq:25.00 q-noVbv:24.53 q-Rceq:1.00 tex:7755 mv:5086 misc:1535 icu:0.75 pcu:597.25 scu:698.00 tlayer:4 pbqpoffset:6.08 pbfactor:2.02 avgQpOffsetCutree:0.00;
in:141 out:142 type:b q:24.40 q-aq:24.07 q-noVbv:24.40 q-Rceq:1.00 tex:4964 mv:3819 misc:1401 icu:0.25 pcu:530.25 scu:765.50 tlayer:4 pbqpoffset:6.37 pbfactor:2.09 avgQpOffsetCutree:0.00;
in:158 out:143 type:k q:18.53 q-aq:10.67 q-noVbv:18.53 q-Rceq:1.00 tex:598684 mv:17398 misc:2062 icu:660.00 pcu:636.00 scu:0.00 tlayer:0 pbqpoffset:0.28 pbfactor:1.03 avgQpOffsetCutree:-8.74;
in:150 out:144 type:B q:19.73 q-aq:13.64 q-noVbv:19.73 q-Rceq:1.00 tex:257614 mv:23265 misc:3433 icu:96.50 pcu:1178.75 scu:20.75 tlayer:1 pbqpoffset:1.56 pbfactor:1.20 avgQpOffsetCutree:-6.16;
in:146 out:145 type:B q:19.70 q-aq:15.59 q-noVbv:19.70 q-Rceq:1.00 tex:171227 mv:17489 misc:4156 icu:70.25 pcu:1085.50 scu:140.25 tlayer:2 pbqpoffset:1.71 pbfactor:1.22 avgQpOffsetCutree:-3.76;
in:144 out:146 type:B q:20.11 q-aq:18.89 q-noVbv:20.11 q-Rceq:1.00 tex:124418 mv:13692 misc:4546 icu:62.75 pcu:886.50 scu:346.75 tlayer:3 pbqpoffset:2.21 pbfactor:1.29 avgQpOffsetCutree:-1.38;
in:143 out:147 type:b q:21.92 q-aq:22.04 q-noVbv:21.92 q-Rceq:1.00 tex:7305 mv:3063 misc:1712 icu:1.00 pcu:475.50 scu:819.50 tlayer:4 pbqpoffset:4.06 pbfactor:1.60 avgQpOffsetCutree:0.00;
in:145 out:148 type:b q:23.17 q-aq:23.01 q-noVbv:23.17 q-Rceq:1.00 tex:7750 mv:4576 misc:1650 icu:9.00 pcu:485.25 scu:801.75 tlayer:4 pbqpoffset:5.22 pbfactor:1.83 avgQpOffsetCutree:0.00;
in:148 out:149 type:B q:21.50 q-aq:19.93 q-noVbv:21.50 q-Rceq:1.00 tex:22974 mv:9724 misc:2670 icu:9.25 pcu:721.00 scu:565.75 tlayer:3 pbqpoffset:3.42 pbfactor:1.48 avgQpOffsetCutree:-1.55;
in:147 out:150 type:b q:23.39 q-aq:23.01 q-noVbv:23.39 q-Rceq:1.00 tex:4937 mv:4521 misc:1518 icu:5.75 pcu:563.25 scu:727.00 tlayer:4 pbqpoffset:5.35 pbfactor:1.86 avgQpOffsetCutree:0.00;
in:149 out:151 type:b q:24.55 q-aq:25.00 q-noVbv:24.55 q-Rceq:1.00 tex:1049 mv:2919 misc:952 icu:0.00 pcu:495.75 scu:800.25 tlayer:4 pbqpoffset:6.42 pbfactor:2.10 avgQpOffsetCutree:0.00;
in:154 out:152 type:B q:20.81 q-aq:16.36 q-noVbv:20.81 q-Rceq:1.00 tex:85663 mv:19827 misc:4270 icu:40.75 pcu:920.25 scu:335.00 tlayer:2 pbqpoffset:2.46 pbfactor:1.33 avgQpOffsetCutree:-3.68;
in:152 out:153 type:B q:21.68 q-aq:20.20 q-noVbv:21.68 q-Rceq:1.00 tex:16842 mv:9077 misc:2801 icu:8.25 pcu:720.50 scu:567.25 tlayer:3 pbqpoffset:3.42 pbfactor:1.48 avgQpOffsetCutree:-1.56;
in:151 out:154 type:b q:24.64 q-aq:25.00 q-noVbv:24.64 q-Rceq:1.00 tex:2626 mv:3247 misc:1111 icu:6.25 pcu:512.00 scu:777.75 tlayer:4 pbqpoffset:6.42 pbfactor:2.10 avgQpOffsetCutree:0.00;
in:153 out:155 type:b q:24.73 q-aq:25.00 q-noVbv:24.73 q-Rceq:1.00 tex:2354 mv:3004 misc:1082 icu:0.75 pcu:427.00 scu:868.25 tlayer:4 pbqpoffset:6.42 pbfactor:2.10 avgQpOffsetCutree:0.00;
in:156 out:156 type:B q:21.71 q-aq:21.13 q-noVbv:21.71 q-Rceq:1.00 tex:17988 mv:9302 misc:2566 icu:8.50 pcu:747.25 scu:540.25 tlayer:3 pbqpoffset:3.27 pbfactor:1.46 avgQpOffsetCutree:-1.23;
in:155 out:157 type:b q:24.80 q-aq:25.00 q-noVbv:24.80 q-Rceq:1.00 tex:4731 mv:3259 misc:1138 icu:0.00 pcu:380.25 scu:915.75 tlayer:4 pbqpoffset:6.40 pbfactor:2.10 avgQpOffsetCutree:0.00;
in:157 out:158 type:b q:23.33 q-aq:23.03 q-noVbv:23.33 q-Rceq:1.00 tex:9026 mv:5590 misc:1576 icu:4.25 pcu:629.00 scu:662.75 tlayer:4 pbqpoffset:4.85 pbfactor:1.75 avgQpOffsetCutree:0.00;
in:174 out:159 type:k q:19.04 q-aq:11.26 q-noVbv:19.04 q-Rceq:1.00 tex:547835 mv:15360 misc:2117 icu:590.50 pcu:705.50 scu:0.00 tlayer:0 pbqpoffset:0.55 pbfactor:1.07 avgQpOffsetCutree:-8.66;
in:166 out:160 type:B q:20.32 q-aq:14.61 q-noVbv:20.32 q-Rceq:1.00 tex:262437 mv:16349 misc:3198 icu:86.50 pcu:1203.00 scu:6.50 tlayer:1 pbqpoffset:1.53 pbfactor:1.19 avgQpOffsetCutree:-6.02;
in:162 out:161 type:B q:20.30 q-aq:15.90 q-noVbv:20.30 q-Rceq:1.00 tex:169723 mv:15854 misc:4391 icu:47.25 pcu:1129.75 scu:119.00 tlayer:2 pbqpoffset:1.64 pbfactor:1.21 avgQpOffsetCutree:-3.94;
in:160 out:162 type:B q:20.93 q-aq:20.69 q-noVbv:20.93 q-Rceq:1.00 tex:71941 mv:9300 misc:3335 icu:35.75 pcu:694.75 scu:565.50 tlayer:3 pbqpoffset:2.33 pbfactor:1.31 avgQpOffsetCutree:-0.71;
in:159 out:163 type:b q:22.12 q-aq:22.03 q-noVbv:22.12 q-Rceq:1.00 tex:15822 mv:5730 misc:2416 icu:6.50 pcu:597.00 scu:692.50 tlayer:4 pbqpoffset:3.56 pbfactor:1.51 avgQpOffsetCutree:0.00;
in:161 out:164 type:b q:23.03 q-aq:23.00 q-noVbv:23.03 q-Rceq:1.00 tex:9309 mv:4514 misc:1425 icu:1.25 pcu:548.00 scu:746.75 tlayer:4 pbqpoffset:4.40 pbfactor:1.66 avgQpOffsetCutree:0.00;
in:164 out:165 type:B q:21.78 q-aq:19.52 q-noVbv:21.78 q-Rceq:1.00 tex:25203 mv:11347 misc:2898 icu:3.25 pcu:850.50 scu:442.25 tlayer:3 pbqpoffset:3.06 pbfactor:1.42 avgQpOffsetCutree:-1.92;
in:163 out:166 type:b q:23.78 q-aq:24.00 q-noVbv:23.78 q-Rceq:1.00 tex:4732 mv:4619 misc:1393 icu:0.50 pcu:618.25 scu:677.25 tlayer:4 pbqpoffset:5.08 pbfactor:1.80 avgQpOffsetCutree:0.00;
in:165 out:167 type:b q:23.78 q-aq:24.00 q-noVbv:23.78 q-Rceq:1.00 tex:2483 mv:3227 misc:1090 icu:0.75 pcu:605.50 scu:689.75 tlayer:4 pbqpoffset:5.02 pbfactor:1.79 avgQpOffsetCutree:0.00;
in:170 out:168 type:B q:21.43 q-aq:16.75 q-noVbv:21.43 q-Rceq:1.00 tex:77367 mv:17077 misc:3164 icu:29.75 pcu:1117.00 scu:149.25 tlayer:2 pbqpoffset:2.51 pbfactor:1.34 avgQpOffsetCutree:-3.77;
in:168 out:169 type:B q:21.81 q-aq:19.41 q-noVbv:21.81 q-Rceq:1.00 tex:37107 mv:12906 misc:3259 icu:11.00 pcu:810.50 scu:474.50 tlayer:3 pbqpoffset:2.96 pbfactor:1.41 avgQpOffsetCutree:-2.09;
in:167 out:170 type:b q:24.89 q-aq:25.00 q-noVbv:24.89 q-Rceq:1.00 tex:8686 mv:5563 misc:1823 icu:0.50 pcu:591.25 scu:704.25 tlayer:4 pbqpoffset:6.07 pbfactor:2.02 avgQpOffsetCutree:0.00;
in:169 out:171 type:b q:22.46 q-aq:22.33 q-noVbv:22.46 q-Rceq:1.00 tex:7488 mv:5253 misc:1651 icu:1.00 pcu:686.00 scu:609.00 tlayer:4 pbqpoffset:3.58 pbfactor:1.51 avgQpOffsetCutree:0.00;
in:172 out:172 type:B q:22.37 q-aq:20.82 q-noVbv:22.37 q-Rceq:1.00 tex:11159 mv:7042 misc:2007 icu:4.50 pcu:737.75 scu:553.75 tlayer:3 pbqpoffset:3.39 pbfactor:1.48 avgQpOffsetCutree:-1.43;
in:171 out:173 type:b q:25.34 q-aq:25.07 q-noVbv:25.34 q-Rceq:1.00 tex:5075 mv:3630 misc:1279 icu:3.75 pcu:503.75 scu:788.50 tlayer:4 pbqpoffset:6.39 pbfactor:2.09 avgQpOffsetCutree:0.00;
in:173 out:174 type:b q:25.41 q-aq:25.14 q-noVbv:25.41 q-Rceq:1.00 tex:766 mv:1859 misc:783 icu:0.00 pcu:418.00 scu:878.00 tlayer:4 pbqpoffset:6.39 pbfactor:2.09 avgQpOffsetCutree:0.00;
in:190 out:175 type:k q:19.32 q-aq:11.61 q-noVbv:19.32 q-Rceq:1.00 tex:517925 mv:10875 misc:2088 icu:386.00 pcu:910.00 scu:0.00 tlayer:0 pbqpoffset:0.10 pbfactor:1.01 avgQpOffsetCutree:-8.80;
in:182 out:176 type:B q:20.78 q-aq:14.90 q-noVbv:20.78 q-Rceq:1.00 tex:241867 mv:21384 misc:3605 icu:89.75 pcu:1174.25 scu:32.00 tlayer:1 pbqpoffset:1.59 pbfactor:1.20 avgQpOffsetCutree:-5.93;
in:178 out:177 type:B q:21.25 q-aq:17.02 q-noVbv:21.25 q-Rceq:1.00 tex:128381 mv:15005 misc:4230 icu:37.00 pcu:1121.50 scu:137.50 tlayer:2 pbqpoffset:2.14 pbfactor:1.28 avgQpOffsetCutree:-3.62;
in:176 out:178 type:B q:21.35 q-aq:20.36 q-noVbv:21.35 q-Rceq:1.00 tex:92257 mv:11439 misc:4376 icu:20.00 pcu:898.25 scu:377.75 tlayer:3 pbqpoffset:2.27 pbfactor:1.30 avgQpOffsetCutree:-1.25;
in:175 out:179 type:b q:23.06 q-aq:23.00 q-noVbv:23.06 q-Rceq:1.00 tex:1151 mv:1613 misc:1132 icu:0.00 pcu:271.25 scu:1024.75 tlayer:4 pbqpoffset:4.00 pbfactor:1.59 avgQpOffsetCutree:0.00;
in:177 out:180 type:b q:24.16 q-aq:24.01 q-noVbv:24.16 q-Rceq:1.00 tex:7075 mv:4218 misc:1483 icu:5.50 pcu:508.00 scu:782.50 tlayer:4 pbqpoffset:5.06 pbfactor:1.79 avgQpOffsetCutree:0.00;
in:180 out:181 type:B q:22.61 q-aq:20.59 q-noVbv:22.61 q-Rceq:1.00 tex:15756 mv:8778 misc:2618 icu:1.75 pcu:777.00 scu:517.25 tlayer:3 pbqpoffset:3.46 pbfactor:1.49 avgQpOffsetCutree:-2.27;
in:179 out:182 type:b q:25.51 q-aq:25.77 q-noVbv:25.51 q-Rceq:1.00 tex:1572 mv:3666 misc:1162 icu:0.00 pcu:659.00 scu:637.00 tlayer:4 pbqpoffset:6.38 pbfactor:2.09 avgQpOffsetCutree:0.00;
in:181 out:183 type:b q:25.52 q-aq:25.88 q-noVbv:25.52 q-Rceq:1.00 tex:4065 mv:3231 misc:1032 icu:4.75 pcu:487.00 scu:804.25 tlayer:4 pbqpoffset:6.35 pbfactor:2.08 avgQpOffsetCutree:0.00;
in:186 out:184 type:B q:21.28 q-aq:16.80 q-noVbv:21.28 q-Rceq:1.00 tex:68892 mv:17236 misc:3928 icu:51.00 pcu:993.25 scu:251.75 tlayer:2 pbqpoffset:2.03 pbfactor:1.26 avgQpOffsetCutree:-3.71;
in:184 out:185 type:B q:22.10 q-aq:19.65 q-noVbv:22.10 q-Rceq:1.00 tex:31010 mv:10478 misc:3096 icu:18.50 pcu:736.25 scu:541.25 tlayer:3 pbqpoffset:2.88 pbfactor:1.40 avgQpOffsetCutree:-2.11;
in:183 out:186 type:b q:25.66 q-aq:26.00 q-noVbv:25.66 q-Rceq:1.00 tex:5683 mv:3930 misc:1275 icu:3.50 pcu:564.25 scu:728.25 tlayer:4 pbqpoffset:6.46 pbfactor:2.11 avgQpOffsetCutree:0.00;
in:185 out:187 type:b q:23.63 q-aq:24.09 q-noVbv:23.63 q-Rceq:1.00 tex:10682 mv:5082 misc:1372 icu:45.50 pcu:603.75 scu:646.75 tlayer:4 pbqpoffset:4.40 pbfactor:1.66 avgQpOffsetCutree:0.00;
in:188 out:188 type:B q:22.74 q-aq:20.96 q-noVbv:22.74 q-Rceq:1.00 tex:14093 mv:8008 misc:2155 icu:13.25 pcu:748.25 scu:534.50 tlayer:3 pbqpoffset:3.46 pbfactor:1.49 avgQpOffsetCutree:-1.72;
in:187 out:189 type:b q:23.80 q-aq:24.03 q-noVbv:23.80 q-Rceq:1.00 tex:8451 mv:5298 misc:1387 icu:10.00 pcu:624.75 scu:661.25 tlayer:4 pbqpoffset:4.54 pbfactor:1.69 avgQpOffsetCutree:0.00;
in:189 out:190 type:b q:24.80 q-aq:25.00 q-noVbv:24.80 q-Rceq:1.00 tex:2469 mv:2669 misc:902 icu:4.75 pcu:509.50 scu:781.75 tlayer:4 pbqpoffset:5.49 pbfactor:1.89 avgQpOffsetCutree:0.00;
in:206 out:191 type:k q:18.88 q-aq:11.15 q-noVbv:18.88 q-Rceq:1.00 tex:599586 mv:16010 misc:2308 icu:353.00 pcu:943.00 scu:0.00 tlayer:0 pbqpoffset:0.36 pbfactor:1.04 avgQpOffsetCutree:-8.70;
in:198 out:192 type:B q:20.71 q-aq:14.44 q-noVbv:20.71 q-Rceq:1.00 tex:241857 mv:21614 misc:3857 icu:42.00 pcu:1189.50 scu:64.50 tlayer:1 pbqpoffset:1.61 pbfactor:1.20 avgQpOffsetCutree:-6.14;
in:194 out:193 type:B q:20.82 q-aq:16.29 q-noVbv:20.82 q-Rceq:1.00 tex:168789 mv:13866 misc:4225 icu:27.00 pcu:1117.75 scu:151.25 tlayer:2 pbqpoffset:1.61 pbfactor:1.20 avgQpOffsetCutree:-4.18;
in:192 out:194 type:B q:21.26 q-aq:19.46 q-noVbv:21.26 q-Rceq:1.00 tex:85131 mv:9232 misc:4141 icu:34.50 pcu:807.50 scu:454.00 tlayer:3 pbqpoffset:2.00 pbfactor:1.26 avgQpOffsetCutree:-1.73;
in:191 out:195 type:b q:25.77 q-aq:26.00 q-noVbv:25.77 q-Rceq:1.00 tex:348 mv:1555 misc:1057 icu:0.00 pcu:313.50 scu:982.50 tlayer:4 pbqpoffset:6.48 pbfactor:2.11 avgQpOffsetCutree:0.00;
in:193 out:196 type:b q:25.70 q-aq:26.00 q-noVbv:25.70 q-Rceq:1.00 tex:3433 mv:3403 misc:940 icu:7.00 pcu:497.75 scu:791.25 tlayer:4 pbqpoffset:6.46 pbfactor:2.11 avgQpOffsetCutree:0.00;
in:196 out:197 type:B q:22.63 q-aq:20.47 q-noVbv:22.63 q-Rceq:1.00 tex:21479 mv:9846 misc:2707 icu:0.00 pcu:870.50 scu:425.50 tlayer:3 pbqpoffset:3.48 pbfactor:1.49 avgQpOffsetCutree:-2.05;
in:195 out:198 type:b q:23.04 q-aq:23.00 q-noVbv:23.04 q-Rceq:1.00 tex:7059 mv:4397 misc:1376 icu:1.00 pcu:708.25 scu:586.75 tlayer:4 pbqpoffset:3.85 pbfactor:1.56 avgQpOffsetCutree:0.00;
in:197 out:199 type:b q:25.60 q-aq:26.00 q-noVbv:25.60 q-Rceq:1.00 tex:1024 mv:3239 misc:1081 icu:0.00 pcu:663.50 scu:632.50 tlayer:4 pbqpoffset:6.48 pbfactor:2.11 avgQpOffsetCutree:0.00;
in:202 out:200 type:B q:21.44 q-aq:16.28 q-noVbv:21.44 q-Rceq:1.00 tex:87299 mv:18944 misc:3909 icu:11.75 pcu:988.50 scu:295.75 tlayer:2 pbqpoffset:2.45 pbfactor:1.33 avgQpOffsetCutree:-4.14;
in:200 out:201 type:B q:22.30 q-aq:19.77 q-noVbv:22.30 q-Rceq:1.00 tex:21571 mv:9969 misc:3172 icu:3.25 pcu:795.00 scu:497.75 tlayer:3 pbqpoffset:3.25 pbfactor:1.46 avgQpOffsetCutree:-2.16;
in:199 out:202 type:b q:25.50 q-aq:25.48 q-noVbv:25.50 q-Rceq:1.00 tex:2671 mv:2996 misc:1125 icu:0.00 pcu:410.50 scu:885.50 tlayer:4 pbqpoffset:6.42 pbfactor:2.10 avgQpOffsetCutree:0.00;
in:201 out:203 type:b q:24.10 q-aq:24.00 q-noVbv:24.10 q-Rceq:1.00 tex:6787 mv:4968 misc:1573 icu:1.00 pcu:583.50 scu:711.50 tlayer:4 pbqpoffset:5.08 pbfactor:1.80 avgQpOffsetCutree:0.00;
in:204 out:204 type:B q:22.21 q-aq:19.39 q-noVbv:22.21 q-Rceq:1.00 tex:22135 mv:10880 misc:2817 icu:0.50 pcu:825.25 scu:470.25 tlayer:3 pbqpoffset:3.27 pbfactor:1.46 avgQpOffsetCutree:-2.43;
in:203 out:205 type:b q:23.42 q-aq:23.08 q-noVbv:23.42 q-Rceq:1.00 tex:4169 mv:4877 misc:1522 icu:0.00 pcu:696.75 scu:599.25 tlayer:4 pbqpoffset:4.45 pbfactor:1.67 avgQpOffsetCutree:0.00;
in:205 out:206 type:b q:25.35 q-aq:25.00 q-noVbv:25.35 q-Rceq:1.00 tex:2071 mv:2999 misc:1050 icu:0.00 pcu:409.00 scu:887.00 tlayer:4 pbqpoffset:6.44 pbfactor:2.10 avgQpOffsetCutree:0.00;
in:222 out:207 type:k q:19.14 q-aq:12.01 q-noVbv:19.14 q-Rceq:1.00 tex:562950 mv:10101 misc:1845 icu:419.25 pcu:876.75 scu:0.00 tlayer:0 pbqpoffset:0.73 pbfactor:1.09 avgQpOffsetCutree:-8.60;
in:214 out:208 type:B q:21.59 q-aq:15.36 q-noVbv:21.59 q-Rceq:1.00 tex:199213 mv:20656 misc:4043 icu:23.25 pcu:1205.25 scu:67.50 tlayer:1 pbqpoffset:2.58 pbfactor:1.35 avgQpOffsetCutree:-6.12;
in:210 out:209 type:B q:21.79 q-aq:17.11 q-noVbv:21.79 q-Rceq:1.00 tex:168874 mv:14597 misc:3585 icu:14.50 pcu:1266.75 scu:14.75 tlayer:2 pbqpoffset:2.85 pbfactor:1.39 avgQpOffsetCutree:-4.02;
in:208 out:210 type:B q:22.55 q-aq:20.90 q-noVbv:22.55 q-Rceq:1.00 tex:80774 mv:11699 misc:4167 icu:7.25 pcu:836.50 scu:452.25 tlayer:3 pbqpoffset:3.63 pbfactor:1.52 avgQpOffsetCutree:-1.55;
in:207 out:211 type:b q:23.43 q-aq:23.41 q-noVbv:23.43 q-Rceq:1.00 tex:3226 mv:3026 misc:1644 icu:0.00 pcu:477.75 scu:818.25 tlayer:4 pbqpoffset:4.53 pbfactor:1.69 avgQpOffsetCutree:0.00;
in:209 out:212 type:b q:25.60 q-aq:26.00 q-noVbv:25.60 q-Rceq:1.00 tex:2244 mv:4037 misc:1343 icu:0.00 pcu:572.50 scu:723.50 tlayer:4 pbqpoffset:6.67 pbfactor:2.16 avgQpOffsetCutree:0.00;
in:212 out:213 type:B q:22.64 q-aq:20.56 q-noVbv:22.64 q-Rceq:1.00 tex:22314 mv:9311 misc:2879 icu:0.50 pcu:800.75 scu:494.75 tlayer:3 pbqpoffset:3.67 pbfactor:1.53 avgQpOffsetCutree:-1.94;
in:211 out:214 type:b q:25.63 q-aq:26.00 q-noVbv:25.63 q-Rceq:1.00 tex:2676 mv:3616 misc:1116 icu:0.00 pcu:551.50 scu:744.50 tlayer:4 pbqpoffset:6.67 pbfactor:2.16 avgQpOffsetCutree:0.00;
in:213 out:215 type:b q:25.49 q-aq:25.68 q-noVbv:25.49 q-Rceq:1.00 tex:2900 mv:3465 misc:1227 icu:0.00 pcu:546.00 scu:750.00 tlayer:4 pbqpoffset:6.50 pbfactor:2.12 avgQpOffsetCutree:0.00;
in:218 out:216 type:B q:22.74 q-aq:18.00 q-noVbv:22.74 q-Rceq:1.00 tex:31201 mv:13144 misc:3631 icu:2.25 pcu:822.25 scu:471.50 tlayer:2 pbqpoffset:3.67 pbfactor:1.53 avgQpOffsetCutree:-3.75;
in:216 out:217 type:B q:22.71 q-aq:20.13 q-noVbv:22.71 q-Rceq:1.00 tex:25146 mv:10120 misc:2830 icu:0.75 pcu:795.50 scu:499.75 tlayer:3 pbqpoffset:3.67 pbfactor:1.53 avgQpOffsetCutree:-2.23;
in:215 out:218 type:b q:25.69 q-aq:26.00 q-noVbv:25.69 q-Rceq:1.00 tex:4177 mv:3647 misc:1232 icu:0.00 pcu:526.50 scu:769.50 tlayer:4 pbqpoffset:6.67 pbfactor:2.16 avgQpOffsetCutree:0.00;
in:217 out:219 type:b q:25.72 q-aq:26.00 q-noVbv:25.72 q-Rceq:1.00 tex:2549 mv:2252 misc:975 icu:0.25 pcu:381.75 scu:914.00 tlayer:4 pbqpoffset:6.67 pbfactor:2.16 avgQpOffsetCutree:0.00;
in:220 out:220 type:B q:22.77 q-aq:21.44 q-noVbv:22.77 q-Rceq:1.00 tex:2312 mv:3772 misc:1228 icu:0.00 pcu:723.00 scu:573.00 tlayer:3 pbqpoffset:3.67 pbfactor:1.53 avgQpOffsetCutree:-1.55;
in:219 out:221 type:b q:25.76 q-aq:26.00 q-noVbv:25.76 q-Rceq:1.00 tex:1141 mv:2316 misc:823 icu:0.00 pcu:306.00 scu:990.00 tlayer:4 pbqpoffset:6.67 pbfactor:2.16 avgQpOffsetCutree:0.00;
in:221 out:222 type:b q:25.71 q-aq:26.00 q-noVbv:25.71 q-Rceq:1.00 tex:11 mv:806 misc:415 icu:0.00 pcu:169.00 scu:1127.00 tlayer:4 pbqpoffset:6.59 pbfactor:2.14 avgQpOffsetCutree:0.00;
in:238 out:223 type:k q:18.73 q-aq:12.06 q-noVbv:18.73 q-Rceq:1.00 tex:552800 mv:13173 misc:2019 icu:412.00 pcu:884.00 scu:0.00 tlayer:0 pbqpoffset:0.29 pbfactor:1.03 avgQpOffsetCutree:-8.00;
in:230 out:224 type:B q:21.49 q-aq:15.42 q-noVbv:21.49 q-Rceq:1.00 tex:219689 mv:21294 misc:3681 icu:16.50 pcu:1249.25 scu:30.25 tlayer:1 pbqpoffset:2.55 pbfactor:1.34 avgQpOffsetCutree:-6.15;
in:226 out:225 type:B q:21.84 q-aq:17.28 q-noVbv:21.84 q-Rceq:1.00 tex:181435 mv:18318 misc:4223 icu:25.75 pcu:1151.75 scu:118.50 tlayer:2 pbqpoffset:2.80 pbfactor:1.38 avgQpOffsetCutree:-4.10;
in:224 out:226 type:B q:22.27 q-aq:21.45 q-noVbv:22.27 q-Rceq:1.00 tex:91948 mv:11011 misc:3433 icu:12.25 pcu:1222.25 scu:61.50 tlayer:3 pbqpoffset:3.19 pbfactor:1.44 avgQpOffsetCutree:-1.18;
in:223 out:227 type:b q:25.93 q-aq:26.00 q-noVbv:25.93 q-Rceq:1.00 tex:115 mv:1103 misc:782 icu:0.00 pcu:223.50 scu:1072.50 tlayer:4 pbqpoffset:6.82 pbfactor:2.20 avgQpOffsetCutree:0.00;
in:225 out:228 type:b q:24.56 q-aq:25.00 q-noVbv:24.56 q-Rceq:1.00 tex:2433 mv:3225 misc:1262 icu:0.00 pcu:473.75 scu:822.25 tlayer:4 pbqpoffset:5.50 pbfactor:1.89 avgQpOffsetCutree:0.00;
in:228 out:229 type:B q:22.81 q-aq:20.44 q-noVbv:22.81 q-Rceq:1.00 tex:26626 mv:9669 misc:3793 icu:2.25 pcu:869.50 scu:424.25 tlayer:3 pbqpoffset:3.82 pbfactor:1.56 avgQpOffsetCutree:-2.08;
in:227 out:230 type:b q:25.83 q-aq:26.00 q-noVbv:25.83 q-Rceq:1.00 tex:3260 mv:3099 misc:1121 icu:0.25 pcu:571.75 scu:724.00 tlayer:4 pbqpoffset:6.82 pbfactor:2.20 avgQpOffsetCutree:0.00;
in:229 out:231 type:b q:25.07 q-aq:25.00 q-noVbv:25.07 q-Rceq:1.00 tex:4722 mv:4435 misc:1483 icu:0.00 pcu:604.00 scu:692.00 tlayer:4 pbqpoffset:6.11 pbfactor:2.03 avgQpOffsetCutree:0.00;
in:234 out:232 type:B q:22.66 q-aq:18.20 q-noVbv:22.66 q-Rceq:1.00 tex:53098 mv:15506 misc:3988 icu:3.00 pcu:917.00 scu:376.00 tlayer:2 pbqpoffset:3.82 pbfactor:1.56 avgQpOffsetCutree:-3.60;
in:232 out:233 type:B q:22.71 q-aq:22.39 q-noVbv:22.71 q-Rceq:1.00 tex:12885 mv:7386 misc:2265 icu:3.00 pcu:753.25 scu:539.75 tlayer:3 pbqpoffset:3.82 pbfactor:1.56 avgQpOffsetCutree:-0.82;
in:231 out:234 type:b q:25.73 q-aq:26.00 q-noVbv:25.73 q-Rceq:1.00 tex:3560 mv:2944 misc:1096 icu:0.25 pcu:402.50 scu:893.25 tlayer:4 pbqpoffset:6.82 pbfactor:2.20 avgQpOffsetCutree:0.00;
in:233 out:235 type:b q:25.68 q-aq:26.00 q-noVbv:25.68 q-Rceq:1.00 tex:3227 mv:2891 misc:1042 icu:0.00 pcu:515.00 scu:781.00 tlayer:4 pbqpoffset:6.82 pbfactor:2.20 avgQpOffsetCutree:0.00;
in:236 out:236 type:B q:22.60 q-aq:19.74 q-noVbv:22.60 q-Rceq:1.00 tex:11462 mv:7032 misc:2274 icu:0.50 pcu:659.75 scu:635.75 tlayer:3 pbqpoffset:3.82 pbfactor:1.56 avgQpOffsetCutree:-2.39;
in:235 out:237 type:b q:25.63 q-aq:26.00 q-noVbv:25.63 q-Rceq:1.00 tex:2866 mv:3574 misc:1040 icu:0.00 pcu:611.75 scu:684.25 tlayer:4 pbqpoffset:6.82 pbfactor:2.20 avgQpOffsetCutree:0.00;
in:237 out:238 type:b q:25.56 q-aq:26.00 q-noVbv:25.56 q-Rceq:1.00 tex:1184 mv:1836 misc:740 icu:0.00 pcu:436.75 scu:859.25 tlayer:4 pbqpoffset:6.81 pbfactor:2.20 avgQpOffsetCutree:0.00;
in:249 out:239 type:k q:20.65 q-aq:15.94 q-noVbv:20.65 q-Rceq:1.00 tex:341069 mv:7633 misc:2178 icu:225.25 pcu:1070.75 scu:0.00 tlayer:0 pbqpoffset:0.46 pbfactor:1.05 avgQpOffsetCutree:-5.53;
in:244 out:240 type:B q:21.46 q-aq:16.35 q-noVbv:21.46 q-Rceq:1.00 tex:169401 mv:14218 misc:4189 icu:77.25 pcu:1091.25 scu:127.50 tlayer:1 pbqpoffset:1.68 pbfactor:1.21 avgQpOffsetCutree:-5.23;
in:241 out:241 type:B q:20.94 q-aq:18.25 q-noVbv:20.94 q-Rceq:1.00 tex:149680 mv:12491 misc:4541 icu:29.25 pcu:1120.50 scu:146.25 tlayer:2 pbqpoffset:1.68 pbfactor:1.21 avgQpOffsetCutree:-2.77;
in:240 out:242 type:B q:21.67 q-aq:22.25 q-noVbv:21.67 q-Rceq:1.00 tex:7436 mv:2384 misc:1612 icu:10.50 pcu:353.50 scu:932.00 tlayer:3 pbqpoffset:2.59 pbfactor:1.35 avgQpOffsetCutree:-0.16;
in:239 out:243 type:b q:22.09 q-aq:22.00 q-noVbv:22.09 q-Rceq:1.00 tex:570 mv:1519 misc:1199 icu:0.00 pcu:470.75 scu:825.25 tlayer:4 pbqpoffset:3.18 pbfactor:1.44 avgQpOffsetCutree:0.00;
in:243 out:244 type:B q:23.15 q-aq:22.53 q-noVbv:23.15 q-Rceq:1.00 tex:8340 mv:4931 misc:1585 icu:26.00 pcu:550.75 scu:719.25 tlayer:3 pbqpoffset:3.55 pbfactor:1.51 avgQpOffsetCutree:-1.09;
in:242 out:245 type:b q:23.50 q-aq:23.42 q-noVbv:23.50 q-Rceq:1.00 tex:6542 mv:3672 misc:1250 icu:0.00 pcu:482.00 scu:814.00 tlayer:4 pbqpoffset:4.07 pbfactor:1.60 avgQpOffsetCutree:0.00;
in:247 out:246 type:B q:23.13 q-aq:21.16 q-noVbv:23.13 q-Rceq:1.00 tex:9640 mv:5437 misc:2091 icu:6.25 pcu:602.25 scu:687.50 tlayer:2 pbqpoffset:2.82 pbfactor:1.39 avgQpOffsetCutree:-2.16;
in:246 out:247 type:B q:23.12 q-aq:22.83 q-noVbv:23.12 q-Rceq:1.00 tex:6093 mv:3850 misc:1233 icu:2.50 pcu:527.00 scu:766.50 tlayer:3 pbqpoffset:2.99 pbfactor:1.41 avgQpOffsetCutree:-1.01;
in:245 out:248 type:b q:25.08 q-aq:25.14 q-noVbv:25.08 q-Rceq:1.00 tex:2766 mv:2976 misc:930 icu:3.50 pcu:316.00 scu:976.50 tlayer:4 pbqpoffset:5.13 pbfactor:1.81 avgQpOffsetCutree:0.00;
in:248 out:249 type:b q:25.47 q-aq:25.17 q-noVbv:25.47 q-Rceq:1.00 tex:755 mv:1888 misc:789 icu:2.25 pcu:381.00 scu:912.75 tlayer:3 pbqpoffset:4.99 pbfactor:1.78 avgQpOffsetCutree:0.00;
