#options: cpuid=1050111 frame-threads=1 no-wpp no-pmode no-pme psnr no-ssim log-level=2 bitdepth=8 input-csp=1 fps=25000/1000 input-res=768x432 interlace=0 total-frames=250 level-idc=0 high-tier=1 uhd-bd=0 ref=4 no-allow-non-conformance no-repeat-headers annexb no-aud no-hrd info hash=0 no-temporal-layers open-gop min-keyint=1 keyint=5000 bframes=15 b-adapt=2 b-pyramid bframe-bias=0 rc-lookahead=40 lookahead-slices=0 scenecut=40 no-intra-refresh ctu=64 min-cu-size=8 rect amp max-tu-size=32 tu-inter-depth=3 tu-intra-depth=3 limit-tu=4 rdoq-level=2 dynamic-rd=0.00 no-ssim-rd signhide no-tskip nr-intra=0 nr-inter=0 no-constrained-intra strong-intra-smoothing max-merge=4 limit-refs=1 limit-modes me=3 subme=4 merange=57 temporal-mvp weightp weightb no-analyze-src-pics deblock=0:0 sao no-sao-non-deblock rd=6 no-early-skip rskip no-fast-intra no-tskip-fast no-cu-lossless b-intra rdpenalty=0 psy-rd=0.00 psy-rdoq=0.00 no-rd-refine analysis-reuse-mode=0 no-lossless cbqpoffs=0 crqpoffs=0 rc=abr bitrate=2000 qcomp=0.60 qpstep=4 stats-write=1 stats-read=0 slow-firstpass ipratio=1.40 pbratio=1.30 aq-mode=1 aq-strength=0.00 cutree zone-count=0 no-strict-cbr qg-size=64 no-rc-grain qpmax=69 qpmin=0 no-const-vbv sar=0 overscan=0 videoformat=5 range=0 colorprim=2 transfer=2 colormatrix=2 chromaloc=0 display-window=0 max-cll=0,0 min-luma=0 max-luma=255 log2-max-poc-lsb=8 vui-timing-info vui-hrd-info slices=1 opt-qp-pps opt-ref-list-length-pps no-multi-pass-opt-rps scenecut-bias=0.05 no-opt-cu-delta-qp no-aq-motion no-hdr no-hdr-opt no-dhdr10-opt analysis-reuse-level=5 scale-factor=0 refine-intra=0 refine-inter=0 refine-mv=0 no-limit-sao ctu-info=0 max-tlayer=4
in:0 out:0 type:I q:19.35 q-aq:12.49 q-noVbv:19.35 q-Rceq:1.00 tex:328064 mv:44739 misc:2205 icu:1296.00 pcu:0.00 scu:0.00 tlayer:0 pbqpoffset:0.00 pbfactor:1.00 avgQpOffsetCutree:-5.96;
in:16 out:1 type:k q:18.27 q-aq:12.38 q-noVbv:18.27 q-Rceq:1.00 tex:346330 mv:46117 misc:2129 icu:1283.00 pcu:13.00 scu:0.00 tlayer:0 pbqpoffset:0.00 pbfactor:1.00 avgQpOffsetCutree:-6.44;
in:8 out:2 type:B q:20.05 q-aq:14.55 q-noVbv:20.05 q-Rceq:1.00 tex:323961 mv:43316 misc:2731 icu:818.50 pcu:436.75 scu:40.75 tlayer:1 pbqpoffset:1.79 pbfactor:1.23 avgQpOffsetCutree:-5.30;
in:4 out:3 type:B q:21.24 q-aq:17.16 q-noVbv:21.24 q-Rceq:1.00 tex:107446 mv:32953 misc:4097 icu:101.75 pcu:1033.50 scu:160.75 tlayer:2 pbqpoffset:2.98 pbfactor:1.41 avgQpOffsetCutree:-3.24;
in:2 out:4 type:B q:21.92 q-aq:20.84 q-noVbv:21.92 q-Rceq:1.00 tex:9149 mv:14258 misc:3177 icu:14.25 pcu:900.25 scu:381.50 tlayer:3 pbqpoffset:3.65 pbfactor:1.52 avgQpOffsetCutree:-1.44;
in:1 out:5 type:b q:24.92 q-aq:25.00 q-noVbv:24.92 q-Rceq:1.00 tex:788 mv:4400 misc:916 icu:1.00 pcu:955.50 scu:339.50 tlayer:4 pbqpoffset:6.65 pbfactor:2.16 avgQpOffsetCutree:0.00;
in:3 out:6 type:b q:24.92 q-aq:25.00 q-noVbv:24.92 q-Rceq:1.00 tex:2151 mv:5942 misc:1259 icu:2.25 pcu:955.25 scu:338.50 tlayer:4 pbqpoffset:6.65 pbfactor:2.16 avgQpOffsetCutree:0.00;
in:6 out:7 type:B q:21.92 q-aq:19.40 q-noVbv:21.92 q-Rceq:1.00 tex:45419 mv:22058 misc:4555 icu:23.75 pcu:997.75 scu:274.50 tlayer:3 pbqpoffset:3.65 pbfactor:1.52 avgQpOffsetCutree:-2.19;
in:5 out:8 type:b q:24.92 q-aq:25.00 q-noVbv:24.92 q-Rceq:1.00 tex:1514 mv:5066 misc:1148 icu:1.00 pcu:976.50 scu:318.50 tlayer:4 pbqpoffset:6.65 pbfactor:2.16 avgQpOffsetCutree:0.00;
in:7 out:9 type:b q:24.92 q-aq:25.00 q-noVbv:24.92 q-Rceq:1.00 tex:2649 mv:5778 misc:1253 icu:2.75 pcu:989.00 scu:304.25 tlayer:4 pbqpoffset:6.65 pbfactor:2.16 avgQpOffsetCutree:0.00;
in:12 out:10 type:B q:21.03 q-aq:16.11 q-noVbv:21.03 q-Rceq:1.00 tex:143708 mv:31064 misc:3852 icu:139.50 pcu:1056.25 scu:100.25 tlayer:2 pbqpoffset:2.76 pbfactor:1.38 avgQpOffsetCutree:-3.94;
in:10 out:11 type:B q:21.92 q-aq:20.27 q-noVbv:21.92 q-Rceq:1.00 tex:14946 mv:14355 misc:2883 icu:11.00 pcu:1017.00 scu:268.00 tlayer:3 pbqpoffset:3.65 pbfactor:1.52 avgQpOffsetCutree:-1.71;
in:9 out:12 type:b q:24.92 q-aq:25.00 q-noVbv:24.92 q-Rceq:1.00 tex:1519 mv:4890 misc:983 icu:1.00 pcu:938.00 scu:357.00 tlayer:4 pbqpoffset:6.65 pbfactor:2.16 avgQpOffsetCutree:0.00;
in:11 out:13 type:b q:24.92 q-aq:25.00 q-noVbv:24.92 q-Rceq:1.00 tex:938 mv:4729 misc:997 icu:2.00 pcu:927.25 scu:366.75 tlayer:4 pbqpoffset:6.65 pbfactor:2.16 avgQpOffsetCutree:0.00;
in:14 out:14 type:B q:21.79 q-aq:19.25 q-noVbv:21.79 q-Rceq:1.00 tex:51387 mv:16712 misc:4221 icu:42.50 pcu:990.00 scu:263.50 tlayer:3 pbqpoffset:3.53 pbfactor:1.50 avgQpOffsetCutree:-2.16;
in:13 out:15 type:b q:24.92 q-aq:25.00 q-noVbv:24.92 q-Rceq:1.00 tex:2195 mv:5101 misc:1048 icu:0.50 pcu:937.00 scu:358.50 tlayer:4 pbqpoffset:6.65 pbfactor:2.16 avgQpOffsetCutree:0.00;
in:15 out:16 type:b q:24.92 q-aq:25.00 q-noVbv:24.92 q-Rceq:1.00 tex:2765 mv:5047 misc:1628 icu:1.25 pcu:943.25 scu:351.50 tlayer:4 pbqpoffset:6.65 pbfactor:2.16 avgQpOffsetCutree:0.00;
in:32 out:17 type:k q:19.11 q-aq:13.28 q-noVbv:19.11 q-Rceq:1.00 tex:344088 mv:45118 misc:2202 icu:1269.25 pcu:22.50 scu:4.25 tlayer:0 pbqpoffset:0.00 pbfactor:1.00 avgQpOffsetCutree:-6.59;
in:24 out:18 type:B q:20.35 q-aq:15.09 q-noVbv:20.35 q-Rceq:1.00 tex:279872 mv:40821 misc:2931 icu:652.50 pcu:605.50 scu:38.00 tlayer:1 pbqpoffset:1.67 pbfactor:1.21 avgQpOffsetCutree:-5.38;
in:20 out:19 type:B q:21.67 q-aq:18.01 q-noVbv:21.67 q-Rceq:1.00 tex:78298 mv:29926 misc:4488 icu:45.25 pcu:1027.75 scu:223.00 tlayer:2 pbqpoffset:3.19 pbfactor:1.45 avgQpOffsetCutree:-3.01;
in:18 out:20 type:B q:21.90 q-aq:20.72 q-noVbv:21.90 q-Rceq:1.00 tex:11014 mv:14158 misc:3164 icu:11.00 pcu:980.25 scu:304.75 tlayer:3 pbqpoffset:3.53 pbfactor:1.50 avgQpOffsetCutree:-1.36;
in:17 out:21 type:b q:24.85 q-aq:25.00 q-noVbv:24.85 q-Rceq:1.00 tex:929 mv:4388 misc:907 icu:0.25 pcu:940.50 scu:355.25 tlayer:4 pbqpoffset:6.53 pbfactor:2.13 avgQpOffsetCutree:0.00;
in:19 out:22 type:b q:24.95 q-aq:25.00 q-noVbv:24.95 q-Rceq:1.00 tex:2094 mv:5153 misc:1105 icu:1.50 pcu:944.75 scu:349.75 tlayer:4 pbqpoffset:6.53 pbfactor:2.13 avgQpOffsetCutree:0.00;
in:22 out:23 type:B q:22.11 q-aq:19.98 q-noVbv:22.11 q-Rceq:1.00 tex:18704 mv:17683 misc:4061 icu:12.00 pcu:925.50 scu:358.50 tlayer:3 pbqpoffset:3.53 pbfactor:1.50 avgQpOffsetCutree:-1.87;
in:21 out:24 type:b q:25.06 q-aq:25.00 q-noVbv:25.06 q-Rceq:1.00 tex:1806 mv:5025 misc:1081 icu:2.75 pcu:924.75 scu:368.50 tlayer:4 pbqpoffset:6.53 pbfactor:2.13 avgQpOffsetCutree:0.00;
in:23 out:25 type:b q:25.17 q-aq:25.00 q-noVbv:25.17 q-Rceq:1.00 tex:1611 mv:4506 misc:1059 icu:1.75 pcu:782.50 scu:511.75 tlayer:4 pbqpoffset:6.53 pbfactor:2.13 avgQpOffsetCutree:0.00;
in:28 out:26 type:B q:21.45 q-aq:16.98 q-noVbv:21.45 q-Rceq:1.00 tex:135383 mv:27335 misc:4186 icu:121.25 pcu:1043.75 scu:131.00 tlayer:2 pbqpoffset:2.55 pbfactor:1.34 avgQpOffsetCutree:-3.94;
in:26 out:27 type:B q:22.33 q-aq:20.39 q-noVbv:22.33 q-Rceq:1.00 tex:13123 mv:16420 misc:3113 icu:8.75 pcu:977.25 scu:310.00 tlayer:3 pbqpoffset:3.53 pbfactor:1.50 avgQpOffsetCutree:-1.75;
in:25 out:28 type:b q:25.27 q-aq:25.00 q-noVbv:25.27 q-Rceq:1.00 tex:1668 mv:5014 misc:1118 icu:0.25 pcu:894.25 scu:401.50 tlayer:4 pbqpoffset:6.53 pbfactor:2.13 avgQpOffsetCutree:0.00;
in:27 out:29 type:b q:25.38 q-aq:25.07 q-noVbv:25.38 q-Rceq:1.00 tex:1439 mv:4479 misc:986 icu:2.25 pcu:851.50 scu:442.25 tlayer:4 pbqpoffset:6.53 pbfactor:2.13 avgQpOffsetCutree:0.00;
in:30 out:30 type:B q:22.44 q-aq:19.65 q-noVbv:22.44 q-Rceq:1.00 tex:56201 mv:16050 misc:4533 icu:29.50 pcu:1014.25 scu:252.25 tlayer:3 pbqpoffset:3.44 pbfactor:1.49 avgQpOffsetCutree:-2.32;
in:29 out:31 type:b q:25.48 q-aq:25.19 q-noVbv:25.48 q-Rceq:1.00 tex:1550 mv:4323 misc:1015 icu:2.75 pcu:863.00 scu:430.25 tlayer:4 pbqpoffset:6.53 pbfactor:2.13 avgQpOffsetCutree:0.00;
in:31 out:32 type:b q:25.17 q-aq:25.00 q-noVbv:25.17 q-Rceq:1.00 tex:5641 mv:5995 misc:1876 icu:4.75 pcu:952.50 scu:338.75 tlayer:4 pbqpoffset:6.11 pbfactor:2.03 avgQpOffsetCutree:0.00;
in:48 out:33 type:k q:19.27 q-aq:13.38 q-noVbv:19.27 q-Rceq:1.00 tex:358271 mv:47199 misc:2266 icu:1245.25 pcu:50.00 scu:0.75 tlayer:0 pbqpoffset:0.00 pbfactor:1.00 avgQpOffsetCutree:-6.74;
in:40 out:34 type:B q:20.94 q-aq:15.43 q-noVbv:20.94 q-Rceq:1.00 tex:243018 mv:42072 misc:3134 icu:403.75 pcu:807.75 scu:84.50 tlayer:1 pbqpoffset:1.75 pbfactor:1.22 avgQpOffsetCutree:-5.37;
in:36 out:35 type:B q:22.69 q-aq:18.52 q-noVbv:22.69 q-Rceq:1.00 tex:53018 mv:27780 misc:4306 icu:34.00 pcu:1001.50 scu:260.50 tlayer:2 pbqpoffset:3.54 pbfactor:1.50 avgQpOffsetCutree:-3.30;
in:34 out:36 type:B q:22.67 q-aq:21.17 q-noVbv:22.67 q-Rceq:1.00 tex:11003 mv:12977 misc:2836 icu:9.75 pcu:983.00 scu:303.25 tlayer:3 pbqpoffset:3.54 pbfactor:1.50 avgQpOffsetCutree:-1.58;
in:33 out:37 type:b q:25.66 q-aq:26.00 q-noVbv:25.66 q-Rceq:1.00 tex:1284 mv:4630 misc:942 icu:1.75 pcu:969.75 scu:324.50 tlayer:4 pbqpoffset:6.54 pbfactor:2.13 avgQpOffsetCutree:0.00;
in:35 out:38 type:b q:25.68 q-aq:26.00 q-noVbv:25.68 q-Rceq:1.00 tex:1455 mv:4777 misc:1000 icu:5.25 pcu:873.75 scu:417.00 tlayer:4 pbqpoffset:6.54 pbfactor:2.13 avgQpOffsetCutree:0.00;
in:38 out:39 type:B q:22.71 q-aq:20.90 q-noVbv:22.71 q-Rceq:1.00 tex:11626 mv:13709 misc:2801 icu:9.25 pcu:1007.25 scu:279.50 tlayer:3 pbqpoffset:3.54 pbfactor:1.50 avgQpOffsetCutree:-1.68;
in:37 out:40 type:b q:25.70 q-aq:26.00 q-noVbv:25.70 q-Rceq:1.00 tex:1514 mv:4382 misc:1008 icu:4.75 pcu:832.25 scu:459.00 tlayer:4 pbqpoffset:6.54 pbfactor:2.13 avgQpOffsetCutree:0.00;
in:39 out:41 type:b q:25.72 q-aq:26.00 q-noVbv:25.72 q-Rceq:1.00 tex:856 mv:3919 misc:889 icu:0.50 pcu:802.75 scu:492.75 tlayer:4 pbqpoffset:6.54 pbfactor:2.13 avgQpOffsetCutree:0.00;
in:44 out:42 type:B q:21.95 q-aq:17.18 q-noVbv:21.95 q-Rceq:1.00 tex:122339 mv:26824 misc:4485 icu:88.50 pcu:1050.25 scu:157.25 tlayer:2 pbqpoffset:2.72 pbfactor:1.37 avgQpOffsetCutree:-4.02;
in:42 out:43 type:B q:22.75 q-aq:21.04 q-noVbv:22.75 q-Rceq:1.00 tex:14620 mv:13443 misc:2873 icu:2.50 pcu:957.75 scu:335.75 tlayer:3 pbqpoffset:3.54 pbfactor:1.50 avgQpOffsetCutree:-1.64;
in:41 out:44 type:b q:25.74 q-aq:26.00 q-noVbv:25.74 q-Rceq:1.00 tex:1316 mv:4119 misc:877 icu:0.00 pcu:918.25 scu:377.75 tlayer:4 pbqpoffset:6.54 pbfactor:2.13 avgQpOffsetCutree:0.00;
in:43 out:45 type:b q:25.76 q-aq:26.00 q-noVbv:25.76 q-Rceq:1.00 tex:1035 mv:4083 misc:906 icu:1.25 pcu:828.50 scu:466.25 tlayer:4 pbqpoffset:6.54 pbfactor:2.13 avgQpOffsetCutree:0.00;
in:46 out:46 type:B q:22.79 q-aq:20.30 q-noVbv:22.79 q-Rceq:1.00 tex:35351 mv:14572 misc:3941 icu:15.25 pcu:986.50 scu:294.25 tlayer:3 pbqpoffset:3.54 pbfactor:1.50 avgQpOffsetCutree:-2.07;
in:45 out:47 type:b q:25.78 q-aq:26.00 q-noVbv:25.78 q-Rceq:1.00 tex:1203 mv:4168 misc:949 icu:0.00 pcu:891.50 scu:404.50 tlayer:4 pbqpoffset:6.54 pbfactor:2.13 avgQpOffsetCutree:0.00;
in:47 out:48 type:b q:25.64 q-aq:26.00 q-noVbv:25.64 q-Rceq:1.00 tex:2306 mv:4755 misc:1427 icu:1.00 pcu:948.75 scu:346.25 tlayer:4 pbqpoffset:6.37 pbfactor:2.09 avgQpOffsetCutree:0.00;
in:64 out:49 type:k q:16.76 q-aq:10.76 q-noVbv:16.76 q-Rceq:1.00 tex:511829 mv:56663 misc:2004 icu:1224.50 pcu:68.75 scu:2.75 tlayer:0 pbqpoffset:0.65 pbfactor:1.08 avgQpOffsetCutree:-6.80;
in:56 out:50 type:B q:19.85 q-aq:14.20 q-noVbv:19.85 q-Rceq:1.00 tex:277256 mv:48022 misc:2602 icu:404.50 pcu:878.75 scu:12.75 tlayer:1 pbqpoffset:1.84 pbfactor:1.24 avgQpOffsetCutree:-5.37;
in:52 out:51 type:B q:22.19 q-aq:17.77 q-noVbv:22.19 q-Rceq:1.00 tex:48298 mv:28942 misc:4464 icu:17.50 pcu:992.25 scu:286.25 tlayer:2 pbqpoffset:3.55 pbfactor:1.51 avgQpOffsetCutree:-3.50;
in:50 out:52 type:B q:22.51 q-aq:20.86 q-noVbv:22.51 q-Rceq:1.00 tex:12312 mv:13202 misc:2558 icu:2.75 pcu:997.75 scu:295.50 tlayer:3 pbqpoffset:3.55 pbfactor:1.51 avgQpOffsetCutree:-1.61;
in:49 out:53 type:b q:25.66 q-aq:26.00 q-noVbv:25.66 q-Rceq:1.00 tex:1006 mv:4420 misc:910 icu:1.25 pcu:900.75 scu:394.00 tlayer:4 pbqpoffset:6.55 pbfactor:2.13 avgQpOffsetCutree:0.00;
in:51 out:54 type:b q:25.35 q-aq:25.00 q-noVbv:25.35 q-Rceq:1.00 tex:1227 mv:4101 misc:928 icu:0.25 pcu:814.00 scu:481.75 tlayer:4 pbqpoffset:6.55 pbfactor:2.13 avgQpOffsetCutree:0.00;
in:54 out:55 type:B q:21.88 q-aq:20.03 q-noVbv:21.88 q-Rceq:1.00 tex:11997 mv:14840 misc:2971 icu:4.50 pcu:937.00 scu:354.50 tlayer:3 pbqpoffset:3.55 pbfactor:1.51 avgQpOffsetCutree:-1.72;
in:53 out:56 type:b q:25.03 q-aq:25.00 q-noVbv:25.03 q-Rceq:1.00 tex:1395 mv:4550 misc:943 icu:0.50 pcu:863.75 scu:431.75 tlayer:4 pbqpoffset:6.55 pbfactor:2.13 avgQpOffsetCutree:0.00;
in:55 out:57 type:b q:24.72 q-aq:25.00 q-noVbv:24.72 q-Rceq:1.00 tex:1200 mv:4600 misc:984 icu:0.00 pcu:860.00 scu:436.00 tlayer:4 pbqpoffset:6.55 pbfactor:2.13 avgQpOffsetCutree:0.00;
in:60 out:58 type:B q:20.31 q-aq:15.63 q-noVbv:20.31 q-Rceq:1.00 tex:144041 mv:31922 misc:3989 icu:108.00 pcu:1068.00 scu:120.00 tlayer:2 pbqpoffset:2.92 pbfactor:1.40 avgQpOffsetCutree:-3.88;
in:58 out:59 type:B q:21.25 q-aq:19.46 q-noVbv:21.25 q-Rceq:1.00 tex:14686 mv:15713 misc:3225 icu:5.75 pcu:959.00 scu:331.25 tlayer:3 pbqpoffset:3.55 pbfactor:1.51 avgQpOffsetCutree:-1.70;
in:57 out:60 type:b q:24.41 q-aq:24.02 q-noVbv:24.41 q-Rceq:1.00 tex:1618 mv:5449 misc:1109 icu:0.50 pcu:934.00 scu:361.50 tlayer:4 pbqpoffset:6.55 pbfactor:2.13 avgQpOffsetCutree:0.00;
in:59 out:61 type:b q:24.09 q-aq:24.00 q-noVbv:24.09 q-Rceq:1.00 tex:2118 mv:4848 misc:1098 icu:0.25 pcu:880.00 scu:415.75 tlayer:4 pbqpoffset:6.55 pbfactor:2.13 avgQpOffsetCutree:0.00;
in:62 out:62 type:B q:20.62 q-aq:18.19 q-noVbv:20.62 q-Rceq:1.00 tex:43545 mv:16577 misc:4406 icu:33.00 pcu:960.25 scu:302.75 tlayer:3 pbqpoffset:3.55 pbfactor:1.51 avgQpOffsetCutree:-2.10;
in:61 out:63 type:b q:23.78 q-aq:24.00 q-noVbv:23.78 q-Rceq:1.00 tex:2248 mv:5569 misc:1175 icu:0.75 pcu:931.50 scu:363.75 tlayer:4 pbqpoffset:6.55 pbfactor:2.13 avgQpOffsetCutree:0.00;
in:63 out:64 type:b q:23.29 q-aq:23.00 q-noVbv:23.29 q-Rceq:1.00 tex:8631 mv:7015 misc:2298 icu:2.75 pcu:876.25 scu:417.00 tlayer:4 pbqpoffset:6.38 pbfactor:2.09 avgQpOffsetCutree:0.00;
in:80 out:65 type:k q:16.74 q-aq:10.67 q-noVbv:16.74 q-Rceq:1.00 tex:529682 mv:56784 misc:1862 icu:1210.00 pcu:83.25 scu:2.75 tlayer:0 pbqpoffset:0.53 pbfactor:1.06 avgQpOffsetCutree:-6.96;
in:72 out:66 type:B q:18.79 q-aq:13.24 q-noVbv:18.79 q-Rceq:1.00 tex:335556 mv:47636 misc:2616 icu:312.75 pcu:910.25 scu:73.00 tlayer:1 pbqpoffset:2.04 pbfactor:1.27 avgQpOffsetCutree:-5.56;
in:68 out:67 type:B q:20.35 q-aq:16.04 q-noVbv:20.35 q-Rceq:1.00 tex:69497 mv:31928 misc:4495 icu:26.25 pcu:1014.75 scu:255.00 tlayer:2 pbqpoffset:3.59 pbfactor:1.51 avgQpOffsetCutree:-3.47;
in:66 out:68 type:B q:20.35 q-aq:18.28 q-noVbv:20.35 q-Rceq:1.00 tex:16167 mv:15870 misc:2883 icu:6.00 pcu:1016.75 scu:273.25 tlayer:3 pbqpoffset:3.59 pbfactor:1.51 avgQpOffsetCutree:-1.73;
in:65 out:69 type:b q:23.35 q-aq:23.00 q-noVbv:23.35 q-Rceq:1.00 tex:2522 mv:5629 misc:1137 icu:0.00 pcu:960.50 scu:335.50 tlayer:4 pbqpoffset:6.59 pbfactor:2.14 avgQpOffsetCutree:0.00;
in:67 out:70 type:b q:23.35 q-aq:23.00 q-noVbv:23.35 q-Rceq:1.00 tex:2542 mv:5525 misc:1109 icu:0.00 pcu:947.25 scu:348.75 tlayer:4 pbqpoffset:6.59 pbfactor:2.14 avgQpOffsetCutree:0.00;
in:70 out:71 type:B q:20.34 q-aq:18.51 q-noVbv:20.34 q-Rceq:1.00 tex:21521 mv:17260 misc:3371 icu:6.50 pcu:982.75 scu:306.75 tlayer:3 pbqpoffset:3.59 pbfactor:1.51 avgQpOffsetCutree:-1.71;
in:69 out:72 type:b q:23.35 q-aq:23.00 q-noVbv:23.35 q-Rceq:1.00 tex:3746 mv:5945 misc:1213 icu:1.50 pcu:937.00 scu:357.50 tlayer:4 pbqpoffset:6.59 pbfactor:2.14 avgQpOffsetCutree:0.00;
in:71 out:73 type:b q:23.34 q-aq:23.00 q-noVbv:23.34 q-Rceq:1.00 tex:3211 mv:5561 misc:1260 icu:1.75 pcu:1000.75 scu:293.50 tlayer:4 pbqpoffset:6.59 pbfactor:2.14 avgQpOffsetCutree:0.00;
in:76 out:74 type:B q:19.97 q-aq:15.25 q-noVbv:19.97 q-Rceq:1.00 tex:144994 mv:29408 misc:4294 icu:74.75 pcu:1082.25 scu:139.00 tlayer:2 pbqpoffset:3.23 pbfactor:1.45 avgQpOffsetCutree:-4.09;
in:74 out:75 type:B q:20.34 q-aq:18.48 q-noVbv:20.34 q-Rceq:1.00 tex:17081 mv:16059 misc:3028 icu:7.50 pcu:978.50 scu:310.00 tlayer:3 pbqpoffset:3.59 pbfactor:1.51 avgQpOffsetCutree:-1.72;
in:73 out:76 type:b q:23.34 q-aq:23.00 q-noVbv:23.34 q-Rceq:1.00 tex:3307 mv:5312 misc:1253 icu:0.50 pcu:934.00 scu:361.50 tlayer:4 pbqpoffset:6.59 pbfactor:2.14 avgQpOffsetCutree:0.00;
in:75 out:77 type:b q:23.34 q-aq:23.00 q-noVbv:23.34 q-Rceq:1.00 tex:1830 mv:5173 misc:1021 icu:0.00 pcu:1002.25 scu:293.75 tlayer:4 pbqpoffset:6.59 pbfactor:2.14 avgQpOffsetCutree:0.00;
in:78 out:78 type:B q:20.34 q-aq:17.72 q-noVbv:20.34 q-Rceq:1.00 tex:27648 mv:11026 misc:4062 icu:18.00 pcu:878.50 scu:399.50 tlayer:3 pbqpoffset:3.59 pbfactor:1.51 avgQpOffsetCutree:-2.16;
in:77 out:79 type:b q:23.34 q-aq:23.00 q-noVbv:23.34 q-Rceq:1.00 tex:1581 mv:4361 misc:970 icu:0.25 pcu:936.00 scu:359.75 tlayer:4 pbqpoffset:6.59 pbfactor:2.14 avgQpOffsetCutree:0.00;
in:79 out:80 type:b q:23.10 q-aq:23.00 q-noVbv:23.10 q-Rceq:1.00 tex:3463 mv:4200 misc:1833 icu:4.50 pcu:764.50 scu:527.00 tlayer:4 pbqpoffset:6.36 pbfactor:2.09 avgQpOffsetCutree:0.00;
in:96 out:81 type:k q:16.84 q-aq:10.69 q-noVbv:16.84 q-Rceq:1.00 tex:491507 mv:53997 misc:2000 icu:1244.50 pcu:50.00 scu:1.50 tlayer:0 pbqpoffset:0.54 pbfactor:1.06 avgQpOffsetCutree:-6.97;
in:88 out:82 type:B q:18.86 q-aq:13.06 q-noVbv:18.86 q-Rceq:1.00 tex:340250 mv:48810 misc:2428 icu:301.00 pcu:989.00 scu:6.00 tlayer:1 pbqpoffset:2.08 pbfactor:1.27 avgQpOffsetCutree:-5.74;
in:84 out:83 type:B q:20.36 q-aq:16.07 q-noVbv:20.36 q-Rceq:1.00 tex:68605 mv:30353 misc:4370 icu:17.25 pcu:999.75 scu:279.00 tlayer:2 pbqpoffset:3.60 pbfactor:1.52 avgQpOffsetCutree:-3.46;
in:82 out:84 type:B q:20.35 q-aq:18.45 q-noVbv:20.35 q-Rceq:1.00 tex:17298 mv:15187 misc:2827 icu:3.75 pcu:992.25 scu:300.00 tlayer:3 pbqpoffset:3.60 pbfactor:1.52 avgQpOffsetCutree:-1.71;
in:81 out:85 type:b q:23.34 q-aq:23.00 q-noVbv:23.34 q-Rceq:1.00 tex:3372 mv:5581 misc:1103 icu:2.25 pcu:949.50 scu:344.25 tlayer:4 pbqpoffset:6.60 pbfactor:2.14 avgQpOffsetCutree:0.00;
in:83 out:86 type:b q:23.36 q-aq:23.01 q-noVbv:23.36 q-Rceq:1.00 tex:2864 mv:5611 misc:1157 icu:0.00 pcu:932.50 scu:363.50 tlayer:4 pbqpoffset:6.60 pbfactor:2.14 avgQpOffsetCutree:0.00;
in:86 out:87 type:B q:20.37 q-aq:18.55 q-noVbv:20.37 q-Rceq:1.00 tex:19999 mv:17170 misc:3023 icu:3.50 pcu:1023.75 scu:268.75 tlayer:3 pbqpoffset:3.60 pbfactor:1.52 avgQpOffsetCutree:-1.70;
in:85 out:88 type:b q:23.37 q-aq:23.00 q-noVbv:23.37 q-Rceq:1.00 tex:2683 mv:6432 misc:1277 icu:0.00 pcu:963.50 scu:332.50 tlayer:4 pbqpoffset:6.60 pbfactor:2.14 avgQpOffsetCutree:0.00;
in:87 out:89 type:b q:23.38 q-aq:23.00 q-noVbv:23.38 q-Rceq:1.00 tex:2525 mv:5804 misc:1207 icu:0.25 pcu:945.75 scu:350.00 tlayer:4 pbqpoffset:6.60 pbfactor:2.14 avgQpOffsetCutree:0.00;
in:92 out:90 type:B q:20.16 q-aq:15.40 q-noVbv:20.16 q-Rceq:1.00 tex:116053 mv:25516 misc:4135 icu:61.75 pcu:1069.00 scu:165.25 tlayer:2 pbqpoffset:3.34 pbfactor:1.47 avgQpOffsetCutree:-4.05;
in:90 out:91 type:B q:20.40 q-aq:18.48 q-noVbv:20.40 q-Rceq:1.00 tex:7396 mv:13142 misc:2518 icu:1.50 pcu:980.75 scu:313.75 tlayer:3 pbqpoffset:3.60 pbfactor:1.52 avgQpOffsetCutree:-1.76;
in:89 out:92 type:b q:23.39 q-aq:23.00 q-noVbv:23.39 q-Rceq:1.00 tex:1627 mv:5069 misc:1080 icu:0.00 pcu:900.00 scu:396.00 tlayer:4 pbqpoffset:6.60 pbfactor:2.14 avgQpOffsetCutree:0.00;
in:91 out:93 type:b q:23.40 q-aq:23.00 q-noVbv:23.40 q-Rceq:1.00 tex:1291 mv:4332 misc:1009 icu:0.00 pcu:885.00 scu:411.00 tlayer:4 pbqpoffset:6.60 pbfactor:2.14 avgQpOffsetCutree:0.00;
in:94 out:94 type:B q:20.42 q-aq:17.80 q-noVbv:20.42 q-Rceq:1.00 tex:26021 mv:10321 misc:4098 icu:11.25 pcu:805.25 scu:479.50 tlayer:3 pbqpoffset:3.60 pbfactor:1.52 avgQpOffsetCutree:-2.24;
in:93 out:95 type:b q:23.42 q-aq:23.00 q-noVbv:23.42 q-Rceq:1.00 tex:769 mv:4006 misc:993 icu:0.00 pcu:869.00 scu:427.00 tlayer:4 pbqpoffset:6.60 pbfactor:2.14 avgQpOffsetCutree:0.00;
in:95 out:96 type:b q:23.43 q-aq:23.10 q-noVbv:23.43 q-Rceq:1.00 tex:1313 mv:3033 misc:1670 icu:2.50 pcu:548.75 scu:744.75 tlayer:4 pbqpoffset:6.60 pbfactor:2.14 avgQpOffsetCutree:0.00;
in:112 out:97 type:k q:16.75 q-aq:10.31 q-noVbv:16.75 q-Rceq:1.00 tex:550829 mv:58249 misc:1810 icu:1219.00 pcu:76.75 scu:0.25 tlayer:0 pbqpoffset:0.79 pbfactor:1.10 avgQpOffsetCutree:-7.11;
in:104 out:98 type:B q:18.75 q-aq:12.99 q-noVbv:18.75 q-Rceq:1.00 tex:334571 mv:48725 misc:2600 icu:366.00 pcu:914.00 scu:16.00 tlayer:1 pbqpoffset:1.96 pbfactor:1.25 avgQpOffsetCutree:-5.62;
in:100 out:99 type:B q:20.36 q-aq:16.15 q-noVbv:20.36 q-Rceq:1.00 tex:71194 mv:30277 misc:4401 icu:17.50 pcu:969.75 scu:308.75 tlayer:2 pbqpoffset:3.54 pbfactor:1.51 avgQpOffsetCutree:-3.43;
in:98 out:100 type:B q:20.37 q-aq:18.64 q-noVbv:20.37 q-Rceq:1.00 tex:21504 mv:16110 misc:3026 icu:4.00 pcu:992.00 scu:300.00 tlayer:3 pbqpoffset:3.54 pbfactor:1.51 avgQpOffsetCutree:-1.62;
in:97 out:101 type:b q:23.37 q-aq:23.00 q-noVbv:23.37 q-Rceq:1.00 tex:1935 mv:5245 misc:1244 icu:0.25 pcu:934.75 scu:361.00 tlayer:4 pbqpoffset:6.54 pbfactor:2.13 avgQpOffsetCutree:0.00;
in:99 out:102 type:b q:23.36 q-aq:23.00 q-noVbv:23.36 q-Rceq:1.00 tex:2686 mv:5308 misc:1118 icu:0.00 pcu:913.00 scu:383.00 tlayer:4 pbqpoffset:6.54 pbfactor:2.13 avgQpOffsetCutree:0.00;
in:102 out:103 type:B q:20.35 q-aq:18.34 q-noVbv:20.35 q-Rceq:1.00 tex:18496 mv:15907 misc:2973 icu:3.00 pcu:1014.75 scu:278.25 tlayer:3 pbqpoffset:3.54 pbfactor:1.51 avgQpOffsetCutree:-1.77;
in:101 out:104 type:b q:23.35 q-aq:23.00 q-noVbv:23.35 q-Rceq:1.00 tex:3224 mv:5686 misc:1322 icu:0.25 pcu:899.00 scu:396.75 tlayer:4 pbqpoffset:6.54 pbfactor:2.13 avgQpOffsetCutree:0.00;
in:103 out:105 type:b q:23.34 q-aq:23.00 q-noVbv:23.34 q-Rceq:1.00 tex:2955 mv:5362 misc:1091 icu:0.25 pcu:999.00 scu:296.75 tlayer:4 pbqpoffset:6.54 pbfactor:2.13 avgQpOffsetCutree:0.00;
in:108 out:106 type:B q:19.71 q-aq:15.00 q-noVbv:19.71 q-Rceq:1.00 tex:152077 mv:28608 misc:3915 icu:95.00 pcu:1082.75 scu:118.25 tlayer:2 pbqpoffset:2.94 pbfactor:1.40 avgQpOffsetCutree:-4.10;
in:106 out:107 type:B q:20.33 q-aq:18.52 q-noVbv:20.33 q-Rceq:1.00 tex:16958 mv:15911 misc:3011 icu:7.25 pcu:981.00 scu:307.75 tlayer:3 pbqpoffset:3.54 pbfactor:1.51 avgQpOffsetCutree:-1.67;
in:105 out:108 type:b q:23.33 q-aq:23.00 q-noVbv:23.33 q-Rceq:1.00 tex:3474 mv:5773 misc:1361 icu:0.00 pcu:970.50 scu:325.50 tlayer:4 pbqpoffset:6.54 pbfactor:2.13 avgQpOffsetCutree:0.00;
in:107 out:109 type:b q:23.32 q-aq:23.00 q-noVbv:23.32 q-Rceq:1.00 tex:2661 mv:5274 misc:1249 icu:0.75 pcu:906.00 scu:389.25 tlayer:4 pbqpoffset:6.54 pbfactor:2.13 avgQpOffsetCutree:0.00;
in:110 out:110 type:B q:20.30 q-aq:17.67 q-noVbv:20.30 q-Rceq:1.00 tex:25661 mv:10840 misc:3787 icu:12.25 pcu:871.00 scu:412.75 tlayer:3 pbqpoffset:3.54 pbfactor:1.51 avgQpOffsetCutree:-2.22;
in:109 out:111 type:b q:23.31 q-aq:23.00 q-noVbv:23.31 q-Rceq:1.00 tex:1006 mv:4760 misc:1090 icu:1.00 pcu:964.25 scu:330.75 tlayer:4 pbqpoffset:6.54 pbfactor:2.13 avgQpOffsetCutree:0.00;
in:111 out:112 type:b q:23.30 q-aq:23.00 q-noVbv:23.30 q-Rceq:1.00 tex:1354 mv:3702 misc:1768 icu:2.00 pcu:646.50 scu:647.50 tlayer:4 pbqpoffset:6.54 pbfactor:2.13 avgQpOffsetCutree:0.00;
in:128 out:113 type:k q:16.82 q-aq:10.40 q-noVbv:16.82 q-Rceq:1.00 tex:532289 mv:55938 misc:1997 icu:1218.50 pcu:76.50 scu:1.00 tlayer:0 pbqpoffset:0.51 pbfactor:1.06 avgQpOffsetCutree:-7.06;
in:120 out:114 type:B q:18.61 q-aq:12.86 q-noVbv:18.61 q-Rceq:1.00 tex:358395 mv:45238 misc:2311 icu:275.25 pcu:957.25 scu:63.50 tlayer:1 pbqpoffset:1.82 pbfactor:1.23 avgQpOffsetCutree:-5.69;
in:116 out:115 type:B q:20.24 q-aq:16.13 q-noVbv:20.24 q-Rceq:1.00 tex:66339 mv:28665 misc:4396 icu:10.75 pcu:992.50 scu:292.75 tlayer:2 pbqpoffset:3.47 pbfactor:1.49 avgQpOffsetCutree:-3.45;
in:114 out:116 type:B q:20.23 q-aq:18.32 q-noVbv:20.23 q-Rceq:1.00 tex:13941 mv:13715 misc:2792 icu:1.75 pcu:966.50 scu:327.75 tlayer:3 pbqpoffset:3.47 pbfactor:1.49 avgQpOffsetCutree:-1.70;
in:113 out:117 type:b q:23.23 q-aq:23.00 q-noVbv:23.23 q-Rceq:1.00 tex:2216 mv:4990 misc:1010 icu:0.25 pcu:945.00 scu:350.75 tlayer:4 pbqpoffset:6.47 pbfactor:2.11 avgQpOffsetCutree:0.00;
in:115 out:118 type:b q:23.23 q-aq:23.00 q-noVbv:23.23 q-Rceq:1.00 tex:2384 mv:5170 misc:1142 icu:0.00 pcu:941.75 scu:354.25 tlayer:4 pbqpoffset:6.47 pbfactor:2.11 avgQpOffsetCutree:0.00;
in:118 out:119 type:B q:20.25 q-aq:18.27 q-noVbv:20.25 q-Rceq:1.00 tex:21249 mv:16655 misc:3232 icu:2.50 pcu:963.75 scu:329.75 tlayer:3 pbqpoffset:3.47 pbfactor:1.49 avgQpOffsetCutree:-1.70;
in:117 out:120 type:b q:23.24 q-aq:23.00 q-noVbv:23.24 q-Rceq:1.00 tex:3014 mv:5414 misc:1244 icu:0.25 pcu:948.00 scu:347.75 tlayer:4 pbqpoffset:6.47 pbfactor:2.11 avgQpOffsetCutree:0.00;
in:119 out:121 type:b q:23.25 q-aq:23.00 q-noVbv:23.25 q-Rceq:1.00 tex:2464 mv:5696 misc:1296 icu:0.75 pcu:921.75 scu:373.50 tlayer:4 pbqpoffset:6.47 pbfactor:2.11 avgQpOffsetCutree:0.00;
in:124 out:122 type:B q:19.68 q-aq:15.07 q-noVbv:19.68 q-Rceq:1.00 tex:132551 mv:25342 misc:3811 icu:52.25 pcu:1079.00 scu:164.75 tlayer:2 pbqpoffset:2.88 pbfactor:1.39 avgQpOffsetCutree:-4.14;
in:122 out:123 type:B q:20.27 q-aq:18.26 q-noVbv:20.27 q-Rceq:1.00 tex:8528 mv:12694 misc:2714 icu:1.50 pcu:924.50 scu:370.00 tlayer:3 pbqpoffset:3.47 pbfactor:1.49 avgQpOffsetCutree:-1.82;
in:121 out:124 type:b q:23.26 q-aq:23.00 q-noVbv:23.26 q-Rceq:1.00 tex:1179 mv:5275 misc:1146 icu:0.50 pcu:878.75 scu:416.75 tlayer:4 pbqpoffset:6.47 pbfactor:2.11 avgQpOffsetCutree:0.00;
in:123 out:125 type:b q:23.27 q-aq:23.00 q-noVbv:23.27 q-Rceq:1.00 tex:872 mv:4595 misc:933 icu:0.25 pcu:869.75 scu:426.00 tlayer:4 pbqpoffset:6.47 pbfactor:2.11 avgQpOffsetCutree:0.00;
in:126 out:126 type:B q:20.28 q-aq:17.53 q-noVbv:20.28 q-Rceq:1.00 tex:24499 mv:9115 misc:3930 icu:7.00 pcu:772.25 scu:516.75 tlayer:3 pbqpoffset:3.47 pbfactor:1.49 avgQpOffsetCutree:-2.25;
in:125 out:127 type:b q:23.28 q-aq:23.00 q-noVbv:23.28 q-Rceq:1.00 tex:491 mv:3893 misc:888 icu:1.00 pcu:841.75 scu:453.25 tlayer:4 pbqpoffset:6.47 pbfactor:2.11 avgQpOffsetCutree:0.00;
in:127 out:128 type:b q:22.63 q-aq:23.00 q-noVbv:22.63 q-Rceq:1.00 tex:1248 mv:3066 misc:1622 icu:0.00 pcu:628.25 scu:667.75 tlayer:4 pbqpoffset:5.81 pbfactor:1.96 avgQpOffsetCutree:0.00;
in:144 out:129 type:k q:16.91 q-aq:10.42 q-noVbv:16.91 q-Rceq:1.00 tex:534392 mv:54950 misc:1898 icu:1218.50 pcu:76.50 scu:1.00 tlayer:0 pbqpoffset:0.55 pbfactor:1.07 avgQpOffsetCutree:-7.06;
in:136 out:130 type:B q:18.55 q-aq:12.75 q-noVbv:18.55 q-Rceq:1.00 tex:357759 mv:43787 misc:2518 icu:272.50 pcu:952.25 scu:71.25 tlayer:1 pbqpoffset:1.68 pbfactor:1.21 avgQpOffsetCutree:-5.74;
in:132 out:131 type:B q:20.26 q-aq:16.34 q-noVbv:20.26 q-Rceq:1.00 tex:71393 mv:26909 misc:4234 icu:13.75 pcu:982.25 scu:300.00 tlayer:2 pbqpoffset:3.42 pbfactor:1.48 avgQpOffsetCutree:-3.36;
in:130 out:132 type:B q:20.25 q-aq:18.49 q-noVbv:20.25 q-Rceq:1.00 tex:18698 mv:14564 misc:2978 icu:2.00 pcu:961.25 scu:332.75 tlayer:3 pbqpoffset:3.42 pbfactor:1.48 avgQpOffsetCutree:-1.66;
in:129 out:133 type:b q:23.25 q-aq:23.00 q-noVbv:23.25 q-Rceq:1.00 tex:2092 mv:5165 misc:1183 icu:0.00 pcu:845.00 scu:451.00 tlayer:4 pbqpoffset:6.42 pbfactor:2.10 avgQpOffsetCutree:0.00;
in:131 out:134 type:b q:23.26 q-aq:23.00 q-noVbv:23.26 q-Rceq:1.00 tex:2298 mv:5066 misc:1212 icu:0.00 pcu:883.00 scu:413.00 tlayer:4 pbqpoffset:6.42 pbfactor:2.10 avgQpOffsetCutree:0.00;
in:134 out:135 type:B q:20.28 q-aq:18.40 q-noVbv:20.28 q-Rceq:1.00 tex:21401 mv:15201 misc:3078 icu:1.50 pcu:978.25 scu:316.25 tlayer:3 pbqpoffset:3.42 pbfactor:1.48 avgQpOffsetCutree:-1.72;
in:133 out:136 type:b q:23.27 q-aq:23.00 q-noVbv:23.27 q-Rceq:1.00 tex:2618 mv:4915 misc:1171 icu:0.25 pcu:956.00 scu:339.75 tlayer:4 pbqpoffset:6.42 pbfactor:2.10 avgQpOffsetCutree:0.00;
in:135 out:137 type:b q:23.28 q-aq:23.00 q-noVbv:23.28 q-Rceq:1.00 tex:2392 mv:5090 misc:1190 icu:0.25 pcu:980.50 scu:315.25 tlayer:4 pbqpoffset:6.42 pbfactor:2.10 avgQpOffsetCutree:0.00;
in:140 out:138 type:B q:19.77 q-aq:15.10 q-noVbv:19.77 q-Rceq:1.00 tex:129289 mv:23565 misc:3946 icu:50.25 pcu:1051.50 scu:194.25 tlayer:2 pbqpoffset:2.88 pbfactor:1.40 avgQpOffsetCutree:-4.15;
in:138 out:139 type:B q:20.30 q-aq:18.44 q-noVbv:20.30 q-Rceq:1.00 tex:10550 mv:12276 misc:2606 icu:1.25 pcu:930.00 scu:364.75 tlayer:3 pbqpoffset:3.42 pbfactor:1.48 avgQpOffsetCutree:-1.77;
in:137 out:140 type:b q:23.29 q-aq:23.00 q-noVbv:23.29 q-Rceq:1.00 tex:2131 mv:4702 misc:1047 icu:0.00 pcu:887.50 scu:408.50 tlayer:4 pbqpoffset:6.42 pbfactor:2.10 avgQpOffsetCutree:0.00;
in:139 out:141 type:b q:23.30 q-aq:23.00 q-noVbv:23.30 q-Rceq:1.00 tex:1098 mv:4428 misc:890 icu:0.25 pcu:910.75 scu:385.00 tlayer:4 pbqpoffset:6.42 pbfactor:2.10 avgQpOffsetCutree:0.00;
in:142 out:142 type:B q:20.32 q-aq:17.75 q-noVbv:20.32 q-Rceq:1.00 tex:20942 mv:7837 misc:3629 icu:3.00 pcu:772.00 scu:521.00 tlayer:3 pbqpoffset:3.42 pbfactor:1.48 avgQpOffsetCutree:-2.21;
in:141 out:143 type:b q:23.31 q-aq:23.00 q-noVbv:23.31 q-Rceq:1.00 tex:609 mv:3599 misc:912 icu:0.00 pcu:802.50 scu:493.50 tlayer:4 pbqpoffset:6.42 pbfactor:2.10 avgQpOffsetCutree:0.00;
in:143 out:144 type:b q:23.33 q-aq:23.00 q-noVbv:23.33 q-Rceq:1.00 tex:808 mv:3181 misc:1579 icu:6.00 pcu:536.25 scu:753.75 tlayer:4 pbqpoffset:6.42 pbfactor:2.10 avgQpOffsetCutree:0.00;
in:160 out:145 type:k q:16.87 q-aq:10.40 q-noVbv:16.87 q-Rceq:1.00 tex:525770 mv:55008 misc:2150 icu:1195.25 pcu:97.75 scu:3.00 tlayer:0 pbqpoffset:0.53 pbfactor:1.06 avgQpOffsetCutree:-6.95;
in:152 out:146 type:B q:18.38 q-aq:12.41 q-noVbv:18.38 q-Rceq:1.00 tex:361377 mv:43740 misc:2315 icu:340.75 pcu:950.25 scu:5.00 tlayer:1 pbqpoffset:1.49 pbfactor:1.19 avgQpOffsetCutree:-5.78;
in:148 out:147 type:B q:19.91 q-aq:15.90 q-noVbv:19.91 q-Rceq:1.00 tex:80835 mv:27322 misc:4195 icu:9.75 pcu:1032.50 scu:253.75 tlayer:2 pbqpoffset:3.01 pbfactor:1.42 avgQpOffsetCutree:-3.40;
in:146 out:148 type:B q:20.26 q-aq:18.56 q-noVbv:20.26 q-Rceq:1.00 tex:27324 mv:14795 misc:2977 icu:2.00 pcu:935.75 scu:358.25 tlayer:3 pbqpoffset:3.35 pbfactor:1.47 avgQpOffsetCutree:-1.67;
in:145 out:149 type:b q:23.26 q-aq:23.00 q-noVbv:23.26 q-Rceq:1.00 tex:2046 mv:4410 misc:1304 icu:0.00 pcu:859.50 scu:436.50 tlayer:4 pbqpoffset:6.35 pbfactor:2.08 avgQpOffsetCutree:0.00;
in:147 out:150 type:b q:23.26 q-aq:23.00 q-noVbv:23.26 q-Rceq:1.00 tex:1761 mv:4925 misc:1154 icu:0.00 pcu:851.75 scu:444.25 tlayer:4 pbqpoffset:6.35 pbfactor:2.08 avgQpOffsetCutree:0.00;
in:150 out:151 type:B q:20.25 q-aq:18.47 q-noVbv:20.25 q-Rceq:1.00 tex:19495 mv:13520 misc:2865 icu:2.75 pcu:971.25 scu:322.00 tlayer:3 pbqpoffset:3.35 pbfactor:1.47 avgQpOffsetCutree:-1.68;
in:149 out:152 type:b q:23.25 q-aq:23.00 q-noVbv:23.25 q-Rceq:1.00 tex:2866 mv:5361 misc:1253 icu:0.75 pcu:883.50 scu:411.75 tlayer:4 pbqpoffset:6.35 pbfactor:2.08 avgQpOffsetCutree:0.00;
in:151 out:153 type:b q:23.25 q-aq:23.00 q-noVbv:23.25 q-Rceq:1.00 tex:2010 mv:4655 misc:1039 icu:0.50 pcu:913.00 scu:382.50 tlayer:4 pbqpoffset:6.35 pbfactor:2.08 avgQpOffsetCutree:0.00;
in:156 out:154 type:B q:19.34 q-aq:14.53 q-noVbv:19.34 q-Rceq:1.00 tex:147660 mv:24848 misc:3708 icu:40.75 pcu:1148.75 scu:106.50 tlayer:2 pbqpoffset:2.46 pbfactor:1.33 avgQpOffsetCutree:-4.20;
in:154 out:155 type:B q:20.24 q-aq:18.28 q-noVbv:20.24 q-Rceq:1.00 tex:14746 mv:12524 misc:2690 icu:1.25 pcu:924.75 scu:370.00 tlayer:3 pbqpoffset:3.35 pbfactor:1.47 avgQpOffsetCutree:-1.84;
in:153 out:156 type:b q:23.24 q-aq:23.00 q-noVbv:23.24 q-Rceq:1.00 tex:2984 mv:5174 misc:1090 icu:0.25 pcu:919.25 scu:376.50 tlayer:4 pbqpoffset:6.35 pbfactor:2.08 avgQpOffsetCutree:0.00;
in:155 out:157 type:b q:23.24 q-aq:23.00 q-noVbv:23.24 q-Rceq:1.00 tex:686 mv:4013 misc:877 icu:0.00 pcu:894.25 scu:401.75 tlayer:4 pbqpoffset:6.35 pbfactor:2.08 avgQpOffsetCutree:0.00;
in:158 out:158 type:B q:20.23 q-aq:17.73 q-noVbv:20.23 q-Rceq:1.00 tex:17593 mv:7485 misc:3530 icu:3.75 pcu:738.50 scu:553.75 tlayer:3 pbqpoffset:3.35 pbfactor:1.47 avgQpOffsetCutree:-2.17;
in:157 out:159 type:b q:23.23 q-aq:23.00 q-noVbv:23.23 q-Rceq:1.00 tex:88 mv:3239 misc:793 icu:0.00 pcu:863.75 scu:432.25 tlayer:4 pbqpoffset:6.35 pbfactor:2.08 avgQpOffsetCutree:0.00;
in:159 out:160 type:b q:23.13 q-aq:23.00 q-noVbv:23.13 q-Rceq:1.00 tex:846 mv:2819 misc:1351 icu:1.25 pcu:549.75 scu:745.00 tlayer:4 pbqpoffset:6.25 pbfactor:2.06 avgQpOffsetCutree:0.00;
in:176 out:161 type:k q:17.01 q-aq:10.31 q-noVbv:17.01 q-Rceq:1.00 tex:520518 mv:56841 misc:1889 icu:1172.25 pcu:119.75 scu:4.00 tlayer:0 pbqpoffset:0.57 pbfactor:1.07 avgQpOffsetCutree:-7.14;
in:168 out:162 type:B q:18.41 q-aq:12.53 q-noVbv:18.41 q-Rceq:1.00 tex:356297 mv:41343 misc:2264 icu:245.75 pcu:963.25 scu:87.00 tlayer:1 pbqpoffset:1.47 pbfactor:1.19 avgQpOffsetCutree:-5.73;
in:164 out:163 type:B q:19.91 q-aq:15.97 q-noVbv:19.91 q-Rceq:1.00 tex:77006 mv:25442 misc:3872 icu:8.75 pcu:983.25 scu:304.00 tlayer:2 pbqpoffset:3.00 pbfactor:1.41 avgQpOffsetCutree:-3.41;
in:162 out:164 type:B q:20.18 q-aq:18.34 q-noVbv:20.18 q-Rceq:1.00 tex:25700 mv:14297 misc:2939 icu:1.50 pcu:960.00 scu:334.50 tlayer:3 pbqpoffset:3.29 pbfactor:1.46 avgQpOffsetCutree:-1.72;
in:161 out:165 type:b q:23.17 q-aq:23.00 q-noVbv:23.17 q-Rceq:1.00 tex:2069 mv:4246 misc:1261 icu:0.00 pcu:777.00 scu:519.00 tlayer:4 pbqpoffset:6.29 pbfactor:2.07 avgQpOffsetCutree:0.00;
in:163 out:166 type:b q:23.19 q-aq:23.00 q-noVbv:23.19 q-Rceq:1.00 tex:1727 mv:4565 misc:1116 icu:0.00 pcu:871.25 scu:424.75 tlayer:4 pbqpoffset:6.29 pbfactor:2.07 avgQpOffsetCutree:0.00;
in:166 out:167 type:B q:20.22 q-aq:18.34 q-noVbv:20.22 q-Rceq:1.00 tex:19684 mv:13495 misc:2773 icu:1.25 pcu:951.00 scu:343.75 tlayer:3 pbqpoffset:3.29 pbfactor:1.46 avgQpOffsetCutree:-1.71;
in:165 out:168 type:b q:23.21 q-aq:23.00 q-noVbv:23.21 q-Rceq:1.00 tex:2595 mv:4935 misc:1214 icu:0.25 pcu:901.00 scu:394.75 tlayer:4 pbqpoffset:6.29 pbfactor:2.07 avgQpOffsetCutree:0.00;
in:167 out:169 type:b q:23.23 q-aq:23.00 q-noVbv:23.23 q-Rceq:1.00 tex:1957 mv:5061 misc:1142 icu:0.50 pcu:928.25 scu:367.25 tlayer:4 pbqpoffset:6.29 pbfactor:2.07 avgQpOffsetCutree:0.00;
in:172 out:170 type:B q:19.39 q-aq:14.55 q-noVbv:19.39 q-Rceq:1.00 tex:140959 mv:23431 misc:3986 icu:41.75 pcu:1052.50 scu:201.75 tlayer:2 pbqpoffset:2.42 pbfactor:1.32 avgQpOffsetCutree:-4.22;
in:170 out:171 type:B q:20.25 q-aq:18.24 q-noVbv:20.25 q-Rceq:1.00 tex:13578 mv:12492 misc:2810 icu:0.50 pcu:879.50 scu:416.00 tlayer:3 pbqpoffset:3.29 pbfactor:1.46 avgQpOffsetCutree:-1.87;
in:169 out:172 type:b q:23.24 q-aq:23.00 q-noVbv:23.24 q-Rceq:1.00 tex:2565 mv:5229 misc:1334 icu:0.25 pcu:846.75 scu:449.00 tlayer:4 pbqpoffset:6.29 pbfactor:2.07 avgQpOffsetCutree:0.00;
in:171 out:173 type:b q:23.26 q-aq:23.00 q-noVbv:23.26 q-Rceq:1.00 tex:512 mv:3946 misc:966 icu:0.00 pcu:854.50 scu:441.50 tlayer:4 pbqpoffset:6.29 pbfactor:2.07 avgQpOffsetCutree:0.00;
in:174 out:174 type:B q:20.29 q-aq:17.75 q-noVbv:20.29 q-Rceq:1.00 tex:17109 mv:7250 misc:3393 icu:2.50 pcu:731.75 scu:561.75 tlayer:3 pbqpoffset:3.29 pbfactor:1.46 avgQpOffsetCutree:-2.17;
in:173 out:175 type:b q:23.28 q-aq:23.00 q-noVbv:23.28 q-Rceq:1.00 tex:305 mv:3263 misc:872 icu:0.00 pcu:789.50 scu:506.50 tlayer:4 pbqpoffset:6.29 pbfactor:2.07 avgQpOffsetCutree:0.00;
in:175 out:176 type:b q:23.30 q-aq:23.00 q-noVbv:23.30 q-Rceq:1.00 tex:983 mv:2638 misc:1475 icu:3.00 pcu:552.50 scu:740.50 tlayer:4 pbqpoffset:6.29 pbfactor:2.07 avgQpOffsetCutree:0.00;
in:192 out:177 type:k q:16.98 q-aq:10.24 q-noVbv:16.98 q-Rceq:1.00 tex:550586 mv:56451 misc:1955 icu:1147.25 pcu:147.75 scu:1.00 tlayer:0 pbqpoffset:0.62 pbfactor:1.07 avgQpOffsetCutree:-7.20;
in:184 out:178 type:B q:18.40 q-aq:12.38 q-noVbv:18.40 q-Rceq:1.00 tex:351865 mv:40882 misc:2453 icu:253.75 pcu:942.00 scu:100.25 tlayer:1 pbqpoffset:1.40 pbfactor:1.18 avgQpOffsetCutree:-5.70;
in:180 out:179 type:B q:19.89 q-aq:15.85 q-noVbv:19.89 q-Rceq:1.00 tex:79431 mv:24916 misc:3909 icu:7.00 pcu:1009.00 scu:280.00 tlayer:2 pbqpoffset:2.89 pbfactor:1.40 avgQpOffsetCutree:-3.38;
in:178 out:180 type:B q:20.26 q-aq:18.49 q-noVbv:20.26 q-Rceq:1.00 tex:23482 mv:12511 misc:2751 icu:0.50 pcu:966.75 scu:328.75 tlayer:3 pbqpoffset:3.25 pbfactor:1.46 avgQpOffsetCutree:-1.66;
in:177 out:181 type:b q:23.26 q-aq:23.00 q-noVbv:23.26 q-Rceq:1.00 tex:1767 mv:3880 misc:1129 icu:0.00 pcu:791.25 scu:504.75 tlayer:4 pbqpoffset:6.25 pbfactor:2.06 avgQpOffsetCutree:0.00;
in:179 out:182 type:b q:23.26 q-aq:23.00 q-noVbv:23.26 q-Rceq:1.00 tex:1211 mv:3937 misc:1004 icu:0.00 pcu:883.75 scu:412.25 tlayer:4 pbqpoffset:6.25 pbfactor:2.06 avgQpOffsetCutree:0.00;
in:182 out:183 type:B q:20.25 q-aq:18.41 q-noVbv:20.25 q-Rceq:1.00 tex:19141 mv:13918 misc:3165 icu:1.00 pcu:969.25 scu:325.75 tlayer:3 pbqpoffset:3.25 pbfactor:1.46 avgQpOffsetCutree:-1.74;
in:181 out:184 type:b q:23.26 q-aq:23.00 q-noVbv:23.26 q-Rceq:1.00 tex:2017 mv:4672 misc:1119 icu:0.25 pcu:831.50 scu:464.25 tlayer:4 pbqpoffset:6.25 pbfactor:2.06 avgQpOffsetCutree:0.00;
in:183 out:185 type:b q:23.25 q-aq:23.00 q-noVbv:23.25 q-Rceq:1.00 tex:1806 mv:4611 misc:1191 icu:0.00 pcu:825.00 scu:471.00 tlayer:4 pbqpoffset:6.25 pbfactor:2.06 avgQpOffsetCutree:0.00;
in:188 out:186 type:B q:19.23 q-aq:14.75 q-noVbv:19.23 q-Rceq:1.00 tex:148726 mv:22158 misc:3740 icu:40.75 pcu:1061.25 scu:194.00 tlayer:2 pbqpoffset:2.24 pbfactor:1.30 avgQpOffsetCutree:-4.16;
in:186 out:187 type:B q:20.25 q-aq:18.25 q-noVbv:20.25 q-Rceq:1.00 tex:14308 mv:12019 misc:2833 icu:1.25 pcu:880.25 scu:414.50 tlayer:3 pbqpoffset:3.25 pbfactor:1.46 avgQpOffsetCutree:-1.80;
in:185 out:188 type:b q:23.25 q-aq:23.00 q-noVbv:23.25 q-Rceq:1.00 tex:2404 mv:5212 misc:1232 icu:0.00 pcu:902.25 scu:393.75 tlayer:4 pbqpoffset:6.25 pbfactor:2.06 avgQpOffsetCutree:0.00;
in:187 out:189 type:b q:23.24 q-aq:23.00 q-noVbv:23.24 q-Rceq:1.00 tex:732 mv:3740 misc:848 icu:0.00 pcu:842.75 scu:453.25 tlayer:4 pbqpoffset:6.25 pbfactor:2.06 avgQpOffsetCutree:0.00;
in:190 out:190 type:B q:20.24 q-aq:17.66 q-noVbv:20.24 q-Rceq:1.00 tex:19179 mv:7364 misc:3241 icu:2.25 pcu:784.75 scu:509.00 tlayer:3 pbqpoffset:3.25 pbfactor:1.46 avgQpOffsetCutree:-2.18;
in:189 out:191 type:b q:23.24 q-aq:23.00 q-noVbv:23.24 q-Rceq:1.00 tex:208 mv:2934 misc:794 icu:0.00 pcu:737.50 scu:558.50 tlayer:4 pbqpoffset:6.25 pbfactor:2.06 avgQpOffsetCutree:0.00;
in:191 out:192 type:b q:23.24 q-aq:23.00 q-noVbv:23.24 q-Rceq:1.00 tex:657 mv:2545 misc:1414 icu:0.00 pcu:495.00 scu:801.00 tlayer:4 pbqpoffset:6.25 pbfactor:2.06 avgQpOffsetCutree:0.00;
in:208 out:193 type:k q:17.11 q-aq:10.29 q-noVbv:17.11 q-Rceq:1.00 tex:545077 mv:56054 misc:1909 icu:1154.25 pcu:140.50 scu:1.25 tlayer:0 pbqpoffset:0.58 pbfactor:1.07 avgQpOffsetCutree:-7.18;
in:200 out:194 type:B q:18.46 q-aq:12.44 q-noVbv:18.46 q-Rceq:1.00 tex:346390 mv:38752 misc:2578 icu:185.25 pcu:990.75 scu:120.00 tlayer:1 pbqpoffset:1.42 pbfactor:1.18 avgQpOffsetCutree:-5.68;
in:196 out:195 type:B q:20.02 q-aq:16.22 q-noVbv:20.02 q-Rceq:1.00 tex:61591 mv:22673 misc:4000 icu:6.25 pcu:965.75 scu:324.00 tlayer:2 pbqpoffset:3.01 pbfactor:1.42 avgQpOffsetCutree:-3.36;
in:194 out:196 type:B q:20.20 q-aq:18.43 q-noVbv:20.20 q-Rceq:1.00 tex:15244 mv:11097 misc:2715 icu:1.25 pcu:865.50 scu:429.25 tlayer:3 pbqpoffset:3.21 pbfactor:1.45 avgQpOffsetCutree:-1.72;
in:193 out:197 type:b q:23.19 q-aq:23.00 q-noVbv:23.19 q-Rceq:1.00 tex:1573 mv:3697 misc:1114 icu:0.00 pcu:818.25 scu:477.75 tlayer:4 pbqpoffset:6.21 pbfactor:2.05 avgQpOffsetCutree:0.00;
in:195 out:198 type:b q:23.21 q-aq:23.00 q-noVbv:23.21 q-Rceq:1.00 tex:1322 mv:4341 misc:1137 icu:0.00 pcu:856.50 scu:439.50 tlayer:4 pbqpoffset:6.21 pbfactor:2.05 avgQpOffsetCutree:0.00;
in:198 out:199 type:B q:20.23 q-aq:18.51 q-noVbv:20.23 q-Rceq:1.00 tex:18119 mv:12991 misc:2898 icu:0.75 pcu:956.50 scu:338.75 tlayer:3 pbqpoffset:3.21 pbfactor:1.45 avgQpOffsetCutree:-1.66;
in:197 out:200 type:b q:23.23 q-aq:23.00 q-noVbv:23.23 q-Rceq:1.00 tex:1878 mv:4395 misc:1231 icu:0.00 pcu:840.00 scu:456.00 tlayer:4 pbqpoffset:6.21 pbfactor:2.05 avgQpOffsetCutree:0.00;
in:199 out:201 type:b q:23.24 q-aq:23.00 q-noVbv:23.24 q-Rceq:1.00 tex:1707 mv:4463 misc:1062 icu:0.00 pcu:890.00 scu:406.00 tlayer:4 pbqpoffset:6.21 pbfactor:2.05 avgQpOffsetCutree:0.00;
in:204 out:202 type:B q:19.23 q-aq:14.31 q-noVbv:19.23 q-Rceq:1.00 tex:150885 mv:21510 misc:3669 icu:35.75 pcu:1046.50 scu:213.75 tlayer:2 pbqpoffset:2.15 pbfactor:1.28 avgQpOffsetCutree:-4.22;
in:202 out:203 type:B q:20.26 q-aq:18.45 q-noVbv:20.26 q-Rceq:1.00 tex:15238 mv:11329 misc:2721 icu:0.75 pcu:901.75 scu:393.50 tlayer:3 pbqpoffset:3.21 pbfactor:1.45 avgQpOffsetCutree:-1.82;
in:201 out:204 type:b q:23.26 q-aq:23.00 q-noVbv:23.26 q-Rceq:1.00 tex:2090 mv:4743 misc:1175 icu:1.00 pcu:899.50 scu:395.50 tlayer:4 pbqpoffset:6.21 pbfactor:2.05 avgQpOffsetCutree:0.00;
in:203 out:205 type:b q:23.27 q-aq:23.00 q-noVbv:23.27 q-Rceq:1.00 tex:700 mv:3784 misc:900 icu:0.00 pcu:818.00 scu:478.00 tlayer:4 pbqpoffset:6.21 pbfactor:2.05 avgQpOffsetCutree:0.00;
in:206 out:206 type:B q:20.30 q-aq:17.86 q-noVbv:20.30 q-Rceq:1.00 tex:13719 mv:6585 misc:3056 icu:3.50 pcu:715.50 scu:577.00 tlayer:3 pbqpoffset:3.21 pbfactor:1.45 avgQpOffsetCutree:-2.16;
in:205 out:207 type:b q:23.29 q-aq:23.00 q-noVbv:23.29 q-Rceq:1.00 tex:291 mv:2861 misc:832 icu:0.00 pcu:728.75 scu:567.25 tlayer:4 pbqpoffset:6.21 pbfactor:2.05 avgQpOffsetCutree:0.00;
in:207 out:208 type:b q:23.30 q-aq:23.00 q-noVbv:23.30 q-Rceq:1.00 tex:992 mv:2556 misc:1340 icu:1.00 pcu:556.25 scu:738.75 tlayer:4 pbqpoffset:6.21 pbfactor:2.05 avgQpOffsetCutree:0.00;
in:224 out:209 type:k q:17.05 q-aq:10.29 q-noVbv:17.05 q-Rceq:1.00 tex:523971 mv:55058 misc:1915 icu:1180.00 pcu:114.50 scu:1.50 tlayer:0 pbqpoffset:0.51 pbfactor:1.06 avgQpOffsetCutree:-7.10;
in:216 out:210 type:B q:18.38 q-aq:12.18 q-noVbv:18.38 q-Rceq:1.00 tex:359106 mv:36895 misc:2615 icu:203.75 pcu:993.00 scu:99.25 tlayer:1 pbqpoffset:1.31 pbfactor:1.16 avgQpOffsetCutree:-5.84;
in:212 out:211 type:B q:19.77 q-aq:15.75 q-noVbv:19.77 q-Rceq:1.00 tex:69544 mv:23159 misc:4129 icu:5.75 pcu:991.00 scu:299.25 tlayer:2 pbqpoffset:2.68 pbfactor:1.36 avgQpOffsetCutree:-3.46;
in:210 out:212 type:B q:20.27 q-aq:18.26 q-noVbv:20.27 q-Rceq:1.00 tex:18425 mv:12484 misc:2707 icu:1.75 pcu:979.00 scu:315.25 tlayer:3 pbqpoffset:3.17 pbfactor:1.44 avgQpOffsetCutree:-1.79;
in:209 out:213 type:b q:23.27 q-aq:23.00 q-noVbv:23.27 q-Rceq:1.00 tex:1553 mv:3796 misc:1147 icu:0.00 pcu:738.50 scu:557.50 tlayer:4 pbqpoffset:6.17 pbfactor:2.04 avgQpOffsetCutree:0.00;
in:211 out:214 type:b q:23.27 q-aq:23.00 q-noVbv:23.27 q-Rceq:1.00 tex:1792 mv:3915 misc:1197 icu:0.00 pcu:822.00 scu:474.00 tlayer:4 pbqpoffset:6.17 pbfactor:2.04 avgQpOffsetCutree:0.00;
in:214 out:215 type:B q:20.26 q-aq:18.49 q-noVbv:20.26 q-Rceq:1.00 tex:16557 mv:12140 misc:2623 icu:2.25 pcu:966.75 scu:327.00 tlayer:3 pbqpoffset:3.17 pbfactor:1.44 avgQpOffsetCutree:-1.70;
in:213 out:216 type:b q:23.26 q-aq:23.00 q-noVbv:23.26 q-Rceq:1.00 tex:1765 mv:4257 misc:1114 icu:0.00 pcu:809.00 scu:487.00 tlayer:4 pbqpoffset:6.17 pbfactor:2.04 avgQpOffsetCutree:0.00;
in:215 out:217 type:b q:23.25 q-aq:23.00 q-noVbv:23.25 q-Rceq:1.00 tex:1754 mv:4648 misc:1118 icu:0.25 pcu:846.50 scu:449.25 tlayer:4 pbqpoffset:6.17 pbfactor:2.04 avgQpOffsetCutree:0.00;
in:220 out:218 type:B q:19.23 q-aq:14.44 q-noVbv:19.23 q-Rceq:1.00 tex:126049 mv:19512 misc:3991 icu:23.50 pcu:1034.25 scu:238.25 tlayer:2 pbqpoffset:2.17 pbfactor:1.28 avgQpOffsetCutree:-4.20;
in:218 out:219 type:B q:20.24 q-aq:18.43 q-noVbv:20.24 q-Rceq:1.00 tex:8534 mv:10833 misc:2241 icu:0.00 pcu:921.50 scu:374.50 tlayer:3 pbqpoffset:3.17 pbfactor:1.44 avgQpOffsetCutree:-1.78;
in:217 out:220 type:b q:23.24 q-aq:23.00 q-noVbv:23.24 q-Rceq:1.00 tex:1361 mv:4157 misc:1010 icu:0.00 pcu:815.50 scu:480.50 tlayer:4 pbqpoffset:6.17 pbfactor:2.04 avgQpOffsetCutree:0.00;
in:219 out:221 type:b q:23.24 q-aq:23.00 q-noVbv:23.24 q-Rceq:1.00 tex:221 mv:3624 misc:891 icu:0.00 pcu:725.00 scu:571.00 tlayer:4 pbqpoffset:6.17 pbfactor:2.04 avgQpOffsetCutree:0.00;
in:222 out:222 type:B q:20.23 q-aq:17.65 q-noVbv:20.23 q-Rceq:1.00 tex:15352 mv:6017 misc:3031 icu:1.75 pcu:699.00 scu:595.25 tlayer:3 pbqpoffset:3.17 pbfactor:1.44 avgQpOffsetCutree:-2.32;
in:221 out:223 type:b q:23.23 q-aq:23.00 q-noVbv:23.23 q-Rceq:1.00 tex:246 mv:2401 misc:769 icu:0.00 pcu:614.75 scu:681.25 tlayer:4 pbqpoffset:6.17 pbfactor:2.04 avgQpOffsetCutree:0.00;
in:223 out:224 type:b q:23.22 q-aq:23.00 q-noVbv:23.22 q-Rceq:1.00 tex:823 mv:2170 misc:1423 icu:2.00 pcu:372.00 scu:922.00 tlayer:4 pbqpoffset:6.17 pbfactor:2.04 avgQpOffsetCutree:0.00;
in:240 out:225 type:k q:16.95 q-aq:10.98 q-noVbv:16.95 q-Rceq:1.00 tex:503423 mv:55988 misc:1765 icu:1138.75 pcu:157.00 scu:0.25 tlayer:0 pbqpoffset:0.43 pbfactor:1.05 avgQpOffsetCutree:-6.28;
in:232 out:226 type:B q:18.28 q-aq:12.20 q-noVbv:18.28 q-Rceq:1.00 tex:364691 mv:38890 misc:2651 icu:238.50 pcu:993.75 scu:63.75 tlayer:1 pbqpoffset:1.28 pbfactor:1.16 avgQpOffsetCutree:-5.65;
in:228 out:227 type:B q:19.43 q-aq:15.15 q-noVbv:19.43 q-Rceq:1.00 tex:97836 mv:24242 misc:3922 icu:8.00 pcu:1012.25 scu:275.75 tlayer:2 pbqpoffset:2.40 pbfactor:1.32 avgQpOffsetCutree:-3.42;
in:226 out:228 type:B q:20.18 q-aq:18.33 q-noVbv:20.18 q-Rceq:1.00 tex:24922 mv:12056 misc:2830 icu:2.25 pcu:919.75 scu:374.00 tlayer:3 pbqpoffset:3.14 pbfactor:1.44 avgQpOffsetCutree:-1.70;
in:225 out:229 type:b q:23.18 q-aq:23.00 q-noVbv:23.18 q-Rceq:1.00 tex:952 mv:3208 misc:1136 icu:0.00 pcu:669.50 scu:626.50 tlayer:4 pbqpoffset:6.14 pbfactor:2.03 avgQpOffsetCutree:0.00;
in:227 out:230 type:b q:23.17 q-aq:23.00 q-noVbv:23.17 q-Rceq:1.00 tex:1657 mv:3707 misc:1188 icu:0.00 pcu:769.50 scu:526.50 tlayer:4 pbqpoffset:6.14 pbfactor:2.03 avgQpOffsetCutree:0.00;
in:230 out:231 type:B q:20.15 q-aq:18.23 q-noVbv:20.15 q-Rceq:1.00 tex:23179 mv:14518 misc:2991 icu:0.50 pcu:1004.25 scu:291.25 tlayer:3 pbqpoffset:3.14 pbfactor:1.44 avgQpOffsetCutree:-1.79;
in:229 out:232 type:b q:23.16 q-aq:23.00 q-noVbv:23.16 q-Rceq:1.00 tex:1147 mv:3725 misc:1152 icu:0.00 pcu:755.00 scu:541.00 tlayer:4 pbqpoffset:6.14 pbfactor:2.03 avgQpOffsetCutree:0.00;
in:231 out:233 type:b q:23.15 q-aq:23.00 q-noVbv:23.15 q-Rceq:1.00 tex:1155 mv:3882 misc:1083 icu:0.00 pcu:765.25 scu:530.75 tlayer:4 pbqpoffset:6.14 pbfactor:2.03 avgQpOffsetCutree:0.00;
in:236 out:234 type:B q:18.96 q-aq:14.08 q-noVbv:18.96 q-Rceq:1.00 tex:155533 mv:21275 misc:3760 icu:37.25 pcu:1068.00 scu:190.75 tlayer:2 pbqpoffset:1.99 pbfactor:1.26 avgQpOffsetCutree:-4.21;
in:234 out:235 type:B q:20.13 q-aq:18.63 q-noVbv:20.13 q-Rceq:1.00 tex:15364 mv:11004 misc:2552 icu:2.25 pcu:916.25 scu:377.50 tlayer:3 pbqpoffset:3.14 pbfactor:1.44 avgQpOffsetCutree:-1.64;
in:233 out:236 type:b q:23.14 q-aq:23.00 q-noVbv:23.14 q-Rceq:1.00 tex:2178 mv:3993 misc:1117 icu:1.00 pcu:799.00 scu:496.00 tlayer:4 pbqpoffset:6.14 pbfactor:2.03 avgQpOffsetCutree:0.00;
in:235 out:237 type:b q:23.13 q-aq:23.00 q-noVbv:23.13 q-Rceq:1.00 tex:811 mv:3583 misc:926 icu:1.00 pcu:783.00 scu:512.00 tlayer:4 pbqpoffset:6.14 pbfactor:2.03 avgQpOffsetCutree:0.00;
in:238 out:238 type:B q:20.11 q-aq:17.56 q-noVbv:20.11 q-Rceq:1.00 tex:16876 mv:6762 misc:3210 icu:1.00 pcu:693.50 scu:601.50 tlayer:3 pbqpoffset:3.14 pbfactor:1.44 avgQpOffsetCutree:-2.26;
in:237 out:239 type:b q:23.11 q-aq:23.00 q-noVbv:23.11 q-Rceq:1.00 tex:230 mv:2925 misc:845 icu:0.00 pcu:731.00 scu:565.00 tlayer:4 pbqpoffset:6.14 pbfactor:2.03 avgQpOffsetCutree:0.00;
in:239 out:240 type:b q:22.13 q-aq:22.00 q-noVbv:22.13 q-Rceq:1.00 tex:2064 mv:2734 misc:1402 icu:2.00 pcu:543.75 scu:750.25 tlayer:4 pbqpoffset:5.18 pbfactor:1.82 avgQpOffsetCutree:0.00;
in:249 out:241 type:k q:19.59 q-aq:15.07 q-noVbv:19.59 q-Rceq:1.00 tex:139452 mv:19295 misc:3613 icu:25.75 pcu:1026.00 scu:244.25 tlayer:0 pbqpoffset:0.25 pbfactor:1.03 avgQpOffsetCutree:-4.07;
in:245 out:242 type:B q:19.59 q-aq:14.85 q-noVbv:19.59 q-Rceq:1.00 tex:26359 mv:10844 misc:3061 icu:0.00 pcu:797.25 scu:498.75 tlayer:1 pbqpoffset:1.18 pbfactor:1.15 avgQpOffsetCutree:-3.72;
in:243 out:243 type:B q:18.90 q-aq:16.38 q-noVbv:18.90 q-Rceq:1.00 tex:17398 mv:12109 misc:2861 icu:0.00 pcu:815.25 scu:480.75 tlayer:2 pbqpoffset:1.07 pbfactor:1.13 avgQpOffsetCutree:-2.21;
in:242 out:244 type:B q:19.02 q-aq:18.48 q-noVbv:19.02 q-Rceq:1.00 tex:7476 mv:7508 misc:1904 icu:0.75 pcu:737.00 scu:558.25 tlayer:3 pbqpoffset:1.48 pbfactor:1.19 avgQpOffsetCutree:-0.71;
in:241 out:245 type:b q:19.45 q-aq:19.00 q-noVbv:19.45 q-Rceq:1.00 tex:3931 mv:5118 misc:1343 icu:0.00 pcu:775.00 scu:521.00 tlayer:4 pbqpoffset:2.20 pbfactor:1.29 avgQpOffsetCutree:0.00;
in:244 out:246 type:b q:21.84 q-aq:22.00 q-noVbv:21.84 q-Rceq:1.00 tex:163 mv:1688 misc:685 icu:0.00 pcu:442.00 scu:854.00 tlayer:3 pbqpoffset:3.72 pbfactor:1.54 avgQpOffsetCutree:0.00;
in:247 out:247 type:B q:21.42 q-aq:19.27 q-noVbv:21.42 q-Rceq:1.00 tex:199 mv:2278 misc:907 icu:0.00 pcu:510.75 scu:785.25 tlayer:2 pbqpoffset:2.42 pbfactor:1.32 avgQpOffsetCutree:-1.80;
in:246 out:248 type:b q:24.06 q-aq:24.00 q-noVbv:24.06 q-Rceq:1.00 tex:20 mv:1012 misc:512 icu:0.00 pcu:303.00 scu:993.00 tlayer:3 pbqpoffset:5.35 pbfactor:1.86 avgQpOffsetCutree:0.00;
in:248 out:249 type:b q:23.96 q-aq:24.00 q-noVbv:23.96 q-Rceq:1.00 tex:18 mv:581 misc:425 icu:0.00 pcu:225.00 scu:1071.00 tlayer:3 pbqpoffset:4.67 pbfactor:1.71 avgQpOffsetCutree:0.00;
