000 (011.000.000) 2020-12-21 07:19:58 Job submitted from host: <10.0.0.63:9618?PrivAddr=%3c10.0.0.63:9618%3fsock%3dschedd_6827_5527%3e&PrivNet=ryzen7-1700x&addrs=10.0.0.63-9618&alias=ryzen7-1700x&noUDP&sock=schedd_6827_5527>
...
040 (011.000.000) 2020-12-21 07:20:13 Entered queue to transfer input files
	Transferring to host: <10.0.0.63:9618?PrivAddr=%3c10.0.0.63:9618%3fsock%3dslot10_6886_8f51_12%3e&PrivNet=ryzen7-1700x&addrs=10.0.0.63-9618&alias=ryzen7-1700x&noUDP&sock=slot10_6886_8f51_12>
...
040 (011.000.000) 2020-12-21 07:20:14 Started transferring input files
	Seconds spent in queue: 1
...
040 (011.000.000) 2020-12-21 07:20:14 Finished transferring input files
...
001 (011.000.000) 2020-12-21 07:20:15 Job executing on host: <10.0.0.63:9618?sock=startd_6827_5527>
...
006 (011.000.000) 2020-12-21 07:20:24 Image size of job updated: 283284
	179  -  MemoryUsage of job (MB)
	182652  -  ResidentSetSize of job (KB)
...
006 (011.000.000) 2020-12-21 07:25:24 Image size of job updated: 329624
	232  -  MemoryUsage of job (MB)
	236656  -  ResidentSetSize of job (KB)
...
040 (011.000.000) 2020-12-21 07:28:15 Started transferring output files
	Seconds spent in queue: 482
...
040 (011.000.000) 2020-12-21 07:28:16 Finished transferring output files
...
005 (011.000.000) 2020-12-21 07:28:16 Job terminated.
	(1) Normal termination (return value 0)
		Usr 0 00:07:53, Sys 0 00:00:00  -  Run Remote Usage
		Usr 0 00:00:00, Sys 0 00:00:00  -  Run Local Usage
		Usr 0 00:07:53, Sys 0 00:00:00  -  Total Remote Usage
		Usr 0 00:00:00, Sys 0 00:00:00  -  Total Local Usage
	3341857  -  Run Bytes Sent By Job
	4532560  -  Run Bytes Received By Job
	3341857  -  Total Bytes Sent By Job
	4532560  -  Total Bytes Received By Job
	Partitionable Resources :    Usage  Request Allocated 
	   Cpus                 :     1.00        1         1 
	   Disk (KB)            :  7705        4500   2904372 
	   Memory (MB)          :   232           5      2000 

	Job terminated of its own accord at 2020-12-21T12:28:15Z.
...
