#options: cpuid=1173503 frame-threads=1 no-wpp no-pmode no-pme psnr no-ssim log-level=2 bitdepth=8 input-csp=1 fps=25000/1000 input-res=768x432 interlace=0 total-frames=250 level-idc=0 high-tier=1 uhd-bd=0 ref=4 no-allow-non-conformance no-repeat-headers annexb no-aud no-hrd info hash=0 no-temporal-layers open-gop min-keyint=1 keyint=5000 bframes=15 b-adapt=2 b-pyramid bframe-bias=0 rc-lookahead=40 lookahead-slices=0 scenecut=40 no-intra-refresh ctu=64 min-cu-size=8 rect amp max-tu-size=32 tu-inter-depth=3 tu-intra-depth=3 limit-tu=4 rdoq-level=2 dynamic-rd=0.00 no-ssim-rd signhide no-tskip nr-intra=0 nr-inter=0 no-constrained-intra strong-intra-smoothing max-merge=4 limit-refs=1 limit-modes me=3 subme=4 merange=57 temporal-mvp weightp weightb no-analyze-src-pics deblock=0:0 sao no-sao-non-deblock rd=6 no-early-skip rskip no-fast-intra no-tskip-fast no-cu-lossless b-intra rdpenalty=0 psy-rd=0.00 psy-rdoq=0.00 no-rd-refine analysis-reuse-mode=0 no-lossless cbqpoffs=0 crqpoffs=0 rc=abr bitrate=2000 qcomp=0.60 qpstep=4 stats-write=1 stats-read=0 slow-firstpass ipratio=1.40 pbratio=1.30 aq-mode=1 aq-strength=0.00 cutree zone-count=0 no-strict-cbr qg-size=64 no-rc-grain qpmax=69 qpmin=0 no-const-vbv sar=0 overscan=0 videoformat=5 range=0 colorprim=2 transfer=2 colormatrix=2 chromaloc=0 display-window=0 max-cll=0,0 min-luma=0 max-luma=255 log2-max-poc-lsb=8 vui-timing-info vui-hrd-info slices=1 opt-qp-pps opt-ref-list-length-pps no-multi-pass-opt-rps scenecut-bias=0.05 no-opt-cu-delta-qp no-aq-motion no-hdr no-hdr-opt no-dhdr10-opt analysis-reuse-level=5 scale-factor=0 refine-intra=0 refine-inter=0 refine-mv=0 no-limit-sao ctu-info=0 max-tlayer=4
in:0 out:0 type:I q:21.44 q-aq:18.38 q-noVbv:21.44 q-Rceq:1.00 tex:142584 mv:24307 misc:2341 icu:1296.00 pcu:0.00 scu:0.00 tlayer:0 pbqpoffset:0.00 pbfactor:1.00 avgQpOffsetCutree:-3.26;
in:4 out:1 type:k q:24.35 q-aq:20.27 q-noVbv:24.35 q-Rceq:1.00 tex:80232 mv:18560 misc:2704 icu:767.75 pcu:307.00 scu:221.25 tlayer:0 pbqpoffset:0.00 pbfactor:1.00 avgQpOffsetCutree:-3.91;
in:2 out:2 type:B q:25.97 q-aq:25.16 q-noVbv:25.97 q-Rceq:1.00 tex:24257 mv:13880 misc:2719 icu:287.50 pcu:570.75 scu:437.75 tlayer:1 pbqpoffset:1.62 pbfactor:1.21 avgQpOffsetCutree:-1.50;
in:1 out:3 type:b q:27.10 q-aq:27.06 q-noVbv:27.10 q-Rceq:1.00 tex:10508 mv:9844 misc:2264 icu:125.75 pcu:594.75 scu:575.50 tlayer:2 pbqpoffset:2.75 pbfactor:1.37 avgQpOffsetCutree:0.00;
in:3 out:4 type:b q:27.38 q-aq:27.35 q-noVbv:27.38 q-Rceq:1.00 tex:7962 mv:8835 misc:2227 icu:128.50 pcu:545.75 scu:621.75 tlayer:2 pbqpoffset:3.03 pbfactor:1.42 avgQpOffsetCutree:0.00;
in:20 out:5 type:k q:20.35 q-aq:16.09 q-noVbv:20.35 q-Rceq:1.00 tex:202176 mv:28545 misc:2511 icu:1254.25 pcu:41.75 scu:0.00 tlayer:0 pbqpoffset:0.00 pbfactor:1.00 avgQpOffsetCutree:-4.31;
in:12 out:6 type:B q:23.93 q-aq:19.99 q-noVbv:23.93 q-Rceq:1.00 tex:106816 mv:19508 misc:2676 icu:1070.50 pcu:177.00 scu:48.50 tlayer:1 pbqpoffset:1.58 pbfactor:1.20 avgQpOffsetCutree:-3.93;
in:8 out:7 type:B q:24.93 q-aq:22.69 q-noVbv:24.93 q-Rceq:1.00 tex:52022 mv:15585 misc:2569 icu:638.00 pcu:416.50 scu:241.50 tlayer:2 pbqpoffset:1.58 pbfactor:1.20 avgQpOffsetCutree:-2.38;
in:6 out:8 type:B q:25.60 q-aq:24.66 q-noVbv:25.60 q-Rceq:1.00 tex:27403 mv:13873 misc:2660 icu:376.25 pcu:578.25 scu:341.50 tlayer:3 pbqpoffset:1.75 pbfactor:1.22 avgQpOffsetCutree:-1.46;
in:5 out:9 type:b q:28.56 q-aq:29.00 q-noVbv:28.56 q-Rceq:1.00 tex:6870 mv:7465 misc:1977 icu:122.00 pcu:473.00 scu:701.00 tlayer:4 pbqpoffset:4.46 pbfactor:1.67 avgQpOffsetCutree:0.00;
in:7 out:10 type:b q:27.20 q-aq:27.10 q-noVbv:27.20 q-Rceq:1.00 tex:11001 mv:9287 misc:2112 icu:211.25 pcu:516.75 scu:568.00 tlayer:4 pbqpoffset:3.60 pbfactor:1.52 avgQpOffsetCutree:0.00;
in:10 out:11 type:B q:24.52 q-aq:23.21 q-noVbv:24.52 q-Rceq:1.00 tex:31134 mv:14885 misc:2773 icu:347.25 pcu:523.75 scu:425.00 tlayer:3 pbqpoffset:1.68 pbfactor:1.21 avgQpOffsetCutree:-1.68;
in:9 out:12 type:b q:27.46 q-aq:27.35 q-noVbv:27.46 q-Rceq:1.00 tex:8455 mv:8401 misc:2136 icu:162.75 pcu:517.25 scu:616.00 tlayer:4 pbqpoffset:4.37 pbfactor:1.66 avgQpOffsetCutree:0.00;
in:11 out:13 type:b q:27.02 q-aq:27.04 q-noVbv:27.02 q-Rceq:1.00 tex:8998 mv:8676 misc:2174 icu:86.50 pcu:547.25 scu:662.25 tlayer:4 pbqpoffset:4.43 pbfactor:1.67 avgQpOffsetCutree:0.00;
in:16 out:14 type:B q:22.93 q-aq:20.50 q-noVbv:22.93 q-Rceq:1.00 tex:79001 mv:18752 misc:2639 icu:747.25 pcu:230.25 scu:318.50 tlayer:2 pbqpoffset:1.58 pbfactor:1.20 avgQpOffsetCutree:-2.65;
in:14 out:15 type:B q:23.47 q-aq:21.91 q-noVbv:23.47 q-Rceq:1.00 tex:47575 mv:14714 misc:2687 icu:391.75 pcu:418.50 scu:485.75 tlayer:3 pbqpoffset:1.62 pbfactor:1.21 avgQpOffsetCutree:-1.84;
in:13 out:16 type:b q:26.58 q-aq:27.00 q-noVbv:26.58 q-Rceq:1.00 tex:8622 mv:8122 misc:2008 icu:80.75 pcu:534.00 scu:681.25 tlayer:4 pbqpoffset:4.48 pbfactor:1.68 avgQpOffsetCutree:0.00;
in:15 out:17 type:b q:25.48 q-aq:25.42 q-noVbv:25.48 q-Rceq:1.00 tex:13524 mv:7630 misc:2254 icu:152.00 pcu:401.00 scu:743.00 tlayer:4 pbqpoffset:3.88 pbfactor:1.57 avgQpOffsetCutree:0.00;
in:18 out:18 type:B q:22.68 q-aq:21.86 q-noVbv:22.68 q-Rceq:1.00 tex:39107 mv:15437 misc:2728 icu:252.00 pcu:571.75 scu:472.25 tlayer:3 pbqpoffset:1.83 pbfactor:1.24 avgQpOffsetCutree:-1.53;
in:17 out:19 type:b q:25.89 q-aq:26.00 q-noVbv:25.89 q-Rceq:1.00 tex:9693 mv:8710 misc:2013 icu:85.50 pcu:542.50 scu:668.00 tlayer:4 pbqpoffset:4.80 pbfactor:1.74 avgQpOffsetCutree:0.00;
in:19 out:20 type:b q:24.70 q-aq:25.00 q-noVbv:24.70 q-Rceq:1.00 tex:12671 mv:10027 misc:2174 icu:136.50 pcu:569.00 scu:590.50 tlayer:4 pbqpoffset:4.10 pbfactor:1.61 avgQpOffsetCutree:0.00;
in:24 out:21 type:k q:17.83 q-aq:14.48 q-noVbv:17.83 q-Rceq:1.00 tex:164067 mv:27566 misc:2935 icu:903.00 pcu:209.75 scu:183.25 tlayer:0 pbqpoffset:0.00 pbfactor:1.00 avgQpOffsetCutree:-3.43;
in:22 out:22 type:B q:20.71 q-aq:19.98 q-noVbv:20.71 q-Rceq:1.00 tex:56212 mv:18180 misc:3032 icu:444.50 pcu:472.25 scu:379.25 tlayer:1 pbqpoffset:1.61 pbfactor:1.21 avgQpOffsetCutree:-1.41;
in:21 out:23 type:b q:22.47 q-aq:22.62 q-noVbv:22.47 q-Rceq:1.00 tex:21754 mv:11363 misc:2499 icu:192.25 pcu:541.75 scu:562.00 tlayer:2 pbqpoffset:2.75 pbfactor:1.37 avgQpOffsetCutree:0.00;
in:23 out:24 type:b q:21.21 q-aq:21.11 q-noVbv:21.21 q-Rceq:1.00 tex:28917 mv:12500 misc:2583 icu:223.25 pcu:572.50 scu:500.25 tlayer:2 pbqpoffset:2.75 pbfactor:1.37 avgQpOffsetCutree:0.00;
in:32 out:25 type:k q:17.50 q-aq:14.04 q-noVbv:17.50 q-Rceq:1.00 tex:198548 mv:27055 misc:2813 icu:1241.50 pcu:54.50 scu:0.00 tlayer:0 pbqpoffset:0.00 pbfactor:1.00 avgQpOffsetCutree:-3.99;
in:28 out:26 type:B q:19.23 q-aq:17.08 q-noVbv:19.23 q-Rceq:1.00 tex:122126 mv:21083 misc:2687 icu:951.75 pcu:138.50 scu:205.75 tlayer:1 pbqpoffset:1.57 pbfactor:1.20 avgQpOffsetCutree:-2.85;
in:26 out:27 type:B q:19.31 q-aq:18.44 q-noVbv:19.31 q-Rceq:1.00 tex:67065 mv:20309 misc:3274 icu:431.25 pcu:473.75 scu:391.00 tlayer:2 pbqpoffset:1.57 pbfactor:1.20 avgQpOffsetCutree:-1.53;
in:25 out:28 type:b q:20.92 q-aq:21.06 q-noVbv:20.92 q-Rceq:1.00 tex:26060 mv:13053 misc:2807 icu:172.00 pcu:570.50 scu:553.50 tlayer:3 pbqpoffset:3.13 pbfactor:1.43 avgQpOffsetCutree:0.00;
in:27 out:29 type:b q:20.61 q-aq:21.04 q-noVbv:20.61 q-Rceq:1.00 tex:30682 mv:11832 misc:2662 icu:215.75 pcu:539.75 scu:540.50 tlayer:3 pbqpoffset:2.90 pbfactor:1.40 avgQpOffsetCutree:0.00;
in:30 out:30 type:B q:19.15 q-aq:17.92 q-noVbv:19.15 q-Rceq:1.00 tex:83730 mv:18996 misc:2970 icu:570.00 pcu:403.50 scu:322.50 tlayer:2 pbqpoffset:1.57 pbfactor:1.20 avgQpOffsetCutree:-1.64;
in:29 out:31 type:b q:21.29 q-aq:21.22 q-noVbv:21.29 q-Rceq:1.00 tex:22810 mv:11890 misc:2612 icu:160.50 pcu:583.00 scu:552.50 tlayer:3 pbqpoffset:3.66 pbfactor:1.53 avgQpOffsetCutree:0.00;
in:31 out:32 type:b q:20.77 q-aq:21.02 q-noVbv:20.77 q-Rceq:1.00 tex:30174 mv:9740 misc:2630 icu:192.25 pcu:554.00 scu:549.75 tlayer:3 pbqpoffset:3.23 pbfactor:1.45 avgQpOffsetCutree:0.00;
in:46 out:33 type:k q:16.82 q-aq:12.47 q-noVbv:16.82 q-Rceq:1.00 tex:245844 mv:33191 misc:3149 icu:1121.50 pcu:104.25 scu:70.25 tlayer:0 pbqpoffset:0.00 pbfactor:1.00 avgQpOffsetCutree:-4.59;
in:39 out:34 type:B q:18.77 q-aq:15.19 q-noVbv:18.77 q-Rceq:1.00 tex:130726 mv:20959 misc:3003 icu:814.75 pcu:199.00 scu:282.25 tlayer:1 pbqpoffset:1.61 pbfactor:1.20 avgQpOffsetCutree:-3.90;
in:36 out:35 type:B q:18.91 q-aq:17.25 q-noVbv:18.91 q-Rceq:1.00 tex:88589 mv:20694 misc:3013 icu:528.00 pcu:400.00 scu:368.00 tlayer:2 pbqpoffset:1.61 pbfactor:1.20 avgQpOffsetCutree:-2.48;
in:34 out:36 type:B q:19.30 q-aq:18.53 q-noVbv:19.30 q-Rceq:1.00 tex:56062 mv:18657 misc:3145 icu:314.25 pcu:542.25 scu:439.50 tlayer:3 pbqpoffset:1.90 pbfactor:1.25 avgQpOffsetCutree:-1.51;
in:33 out:37 type:b q:21.86 q-aq:22.07 q-noVbv:21.86 q-Rceq:1.00 tex:18712 mv:11473 misc:2495 icu:138.50 pcu:627.00 scu:530.50 tlayer:4 pbqpoffset:4.41 pbfactor:1.66 avgQpOffsetCutree:0.00;
in:35 out:38 type:b q:21.67 q-aq:22.03 q-noVbv:21.67 q-Rceq:1.00 tex:22007 mv:11655 misc:2370 icu:160.25 pcu:558.00 scu:577.75 tlayer:4 pbqpoffset:4.32 pbfactor:1.65 avgQpOffsetCutree:0.00;
in:38 out:39 type:B q:19.95 q-aq:19.98 q-noVbv:19.95 q-Rceq:1.00 tex:37756 mv:15395 misc:3105 icu:197.25 pcu:563.50 scu:535.25 tlayer:3 pbqpoffset:2.74 pbfactor:1.37 avgQpOffsetCutree:-0.63;
in:37 out:40 type:b q:22.10 q-aq:22.08 q-noVbv:22.10 q-Rceq:1.00 tex:18536 mv:10920 misc:2344 icu:119.00 pcu:619.75 scu:557.25 tlayer:4 pbqpoffset:4.85 pbfactor:1.75 avgQpOffsetCutree:0.00;
in:43 out:41 type:B q:18.58 q-aq:16.74 q-noVbv:18.58 q-Rceq:1.00 tex:95108 mv:20649 misc:2987 icu:475.75 pcu:364.00 scu:456.25 tlayer:2 pbqpoffset:1.61 pbfactor:1.20 avgQpOffsetCutree:-2.48;
in:41 out:42 type:B q:19.06 q-aq:17.84 q-noVbv:19.06 q-Rceq:1.00 tex:63481 mv:19104 misc:3007 icu:261.75 pcu:595.50 scu:438.75 tlayer:3 pbqpoffset:1.99 pbfactor:1.26 avgQpOffsetCutree:-1.63;
in:40 out:43 type:b q:21.96 q-aq:22.03 q-noVbv:21.96 q-Rceq:1.00 tex:18323 mv:10269 misc:2200 icu:107.00 pcu:550.25 scu:638.75 tlayer:4 pbqpoffset:4.85 pbfactor:1.75 avgQpOffsetCutree:0.00;
in:42 out:44 type:b q:21.97 q-aq:22.04 q-noVbv:21.97 q-Rceq:1.00 tex:16222 mv:10141 misc:2213 icu:83.75 pcu:549.25 scu:663.00 tlayer:4 pbqpoffset:4.96 pbfactor:1.77 avgQpOffsetCutree:0.00;
in:45 out:45 type:B q:20.35 q-aq:20.62 q-noVbv:20.35 q-Rceq:1.00 tex:25141 mv:11988 misc:2599 icu:173.25 pcu:434.00 scu:688.75 tlayer:3 pbqpoffset:3.47 pbfactor:1.49 avgQpOffsetCutree:-0.54;
in:44 out:46 type:b q:22.75 q-aq:23.00 q-noVbv:22.75 q-Rceq:1.00 tex:13365 mv:9118 misc:2141 icu:87.75 pcu:502.00 scu:706.25 tlayer:4 pbqpoffset:5.83 pbfactor:1.96 avgQpOffsetCutree:0.00;
in:50 out:47 type:k q:17.65 q-aq:12.26 q-noVbv:17.65 q-Rceq:1.00 tex:278576 mv:34440 misc:2696 icu:1230.75 pcu:63.75 scu:1.50 tlayer:0 pbqpoffset:0.00 pbfactor:1.00 avgQpOffsetCutree:-5.62;
in:48 out:48 type:B q:18.76 q-aq:17.57 q-noVbv:18.76 q-Rceq:1.00 tex:67197 mv:16891 misc:3216 icu:488.00 pcu:327.75 scu:480.25 tlayer:1 pbqpoffset:1.52 pbfactor:1.19 avgQpOffsetCutree:-1.62;
in:47 out:49 type:b q:19.69 q-aq:20.01 q-noVbv:19.69 q-Rceq:1.00 tex:35373 mv:11665 misc:2858 icu:246.25 pcu:533.25 scu:516.50 tlayer:2 pbqpoffset:2.66 pbfactor:1.36 avgQpOffsetCutree:0.00;
in:49 out:50 type:b q:22.34 q-aq:22.25 q-noVbv:22.34 q-Rceq:1.00 tex:12866 mv:8120 misc:1918 icu:110.50 pcu:394.75 scu:790.75 tlayer:2 pbqpoffset:4.89 pbfactor:1.76 avgQpOffsetCutree:0.00;
in:66 out:51 type:k q:15.30 q-aq:9.26 q-noVbv:15.30 q-Rceq:1.00 tex:400542 mv:41468 misc:2622 icu:1233.50 pcu:53.00 scu:9.50 tlayer:0 pbqpoffset:0.00 pbfactor:1.00 avgQpOffsetCutree:-6.40;
in:58 out:52 type:B q:17.94 q-aq:13.17 q-noVbv:17.94 q-Rceq:1.00 tex:155189 mv:25242 misc:3513 icu:688.25 pcu:406.50 scu:201.25 tlayer:1 pbqpoffset:1.46 pbfactor:1.18 avgQpOffsetCutree:-4.43;
in:54 out:53 type:B q:18.79 q-aq:15.55 q-noVbv:18.79 q-Rceq:1.00 tex:75532 mv:17737 misc:2867 icu:396.00 pcu:433.25 scu:466.75 tlayer:2 pbqpoffset:1.72 pbfactor:1.22 avgQpOffsetCutree:-3.26;
in:52 out:54 type:B q:19.98 q-aq:18.66 q-noVbv:19.98 q-Rceq:1.00 tex:38405 mv:14255 misc:2564 icu:176.75 pcu:622.75 scu:496.50 tlayer:3 pbqpoffset:2.63 pbfactor:1.35 avgQpOffsetCutree:-1.84;
in:51 out:55 type:b q:23.83 q-aq:24.01 q-noVbv:23.83 q-Rceq:1.00 tex:8691 mv:7867 misc:1730 icu:63.75 pcu:500.00 scu:732.25 tlayer:4 pbqpoffset:6.33 pbfactor:2.08 avgQpOffsetCutree:0.00;
in:53 out:56 type:b q:23.54 q-aq:24.00 q-noVbv:23.54 q-Rceq:1.00 tex:11393 mv:8017 misc:1798 icu:78.50 pcu:414.75 scu:802.75 tlayer:4 pbqpoffset:6.33 pbfactor:2.08 avgQpOffsetCutree:0.00;
in:56 out:57 type:B q:20.10 q-aq:19.39 q-noVbv:20.10 q-Rceq:1.00 tex:33368 mv:12076 misc:2148 icu:158.25 pcu:457.50 scu:680.25 tlayer:3 pbqpoffset:3.33 pbfactor:1.47 avgQpOffsetCutree:-1.36;
in:55 out:58 type:b q:23.24 q-aq:23.20 q-noVbv:23.24 q-Rceq:1.00 tex:10659 mv:6892 misc:1673 icu:60.50 pcu:366.50 scu:869.00 tlayer:4 pbqpoffset:6.33 pbfactor:2.08 avgQpOffsetCutree:0.00;
in:57 out:59 type:b q:22.95 q-aq:23.00 q-noVbv:22.95 q-Rceq:1.00 tex:11137 mv:7454 misc:1753 icu:56.50 pcu:400.50 scu:839.00 tlayer:4 pbqpoffset:6.33 pbfactor:2.08 avgQpOffsetCutree:0.00;
in:62 out:60 type:B q:17.35 q-aq:14.13 q-noVbv:17.35 q-Rceq:1.00 tex:124635 mv:20618 misc:3667 icu:488.50 pcu:431.25 scu:376.25 tlayer:2 pbqpoffset:1.46 pbfactor:1.18 avgQpOffsetCutree:-3.17;
in:60 out:61 type:B q:19.28 q-aq:17.60 q-noVbv:19.28 q-Rceq:1.00 tex:41499 mv:11469 misc:2216 icu:198.75 pcu:292.00 scu:805.25 tlayer:3 pbqpoffset:3.10 pbfactor:1.43 avgQpOffsetCutree:-2.20;
in:59 out:62 type:b q:22.65 q-aq:23.00 q-noVbv:22.65 q-Rceq:1.00 tex:13127 mv:6988 misc:1605 icu:89.00 pcu:295.00 scu:912.00 tlayer:4 pbqpoffset:6.33 pbfactor:2.08 avgQpOffsetCutree:0.00;
in:61 out:63 type:b q:22.36 q-aq:22.45 q-noVbv:22.36 q-Rceq:1.00 tex:11151 mv:6652 misc:1509 icu:76.50 pcu:303.75 scu:915.75 tlayer:4 pbqpoffset:6.33 pbfactor:2.08 avgQpOffsetCutree:0.00;
in:64 out:64 type:B q:18.44 q-aq:17.41 q-noVbv:18.44 q-Rceq:1.00 tex:47904 mv:11586 misc:1878 icu:313.00 pcu:211.50 scu:771.50 tlayer:3 pbqpoffset:2.85 pbfactor:1.39 avgQpOffsetCutree:-1.63;
in:63 out:65 type:b q:21.93 q-aq:22.02 q-noVbv:21.93 q-Rceq:1.00 tex:14283 mv:6623 misc:1702 icu:95.75 pcu:302.00 scu:898.25 tlayer:4 pbqpoffset:6.19 pbfactor:2.04 avgQpOffsetCutree:0.00;
in:65 out:66 type:b q:21.77 q-aq:22.00 q-noVbv:21.77 q-Rceq:1.00 tex:12178 mv:7160 misc:1534 icu:58.50 pcu:336.25 scu:901.25 tlayer:4 pbqpoffset:6.33 pbfactor:2.08 avgQpOffsetCutree:0.00;
in:78 out:67 type:k q:14.79 q-aq:9.50 q-noVbv:14.79 q-Rceq:1.00 tex:256431 mv:28644 misc:3317 icu:561.50 pcu:373.50 scu:361.00 tlayer:0 pbqpoffset:0.44 pbfactor:1.05 avgQpOffsetCutree:-5.23;
in:72 out:68 type:B q:16.49 q-aq:12.11 q-noVbv:16.49 q-Rceq:1.00 tex:97382 mv:15636 misc:2350 icu:390.50 pcu:179.50 scu:726.00 tlayer:1 pbqpoffset:1.45 pbfactor:1.18 avgQpOffsetCutree:-4.50;
in:69 out:69 type:B q:16.75 q-aq:14.05 q-noVbv:16.75 q-Rceq:1.00 tex:64721 mv:14482 misc:2605 icu:247.00 pcu:364.75 scu:684.25 tlayer:2 pbqpoffset:1.58 pbfactor:1.20 avgQpOffsetCutree:-2.84;
in:68 out:70 type:B q:18.03 q-aq:17.83 q-noVbv:18.03 q-Rceq:1.00 tex:32748 mv:11114 misc:2178 icu:142.25 pcu:372.00 scu:781.75 tlayer:3 pbqpoffset:2.82 pbfactor:1.38 avgQpOffsetCutree:-0.57;
in:67 out:71 type:b q:20.43 q-aq:20.50 q-noVbv:20.43 q-Rceq:1.00 tex:15458 mv:7811 misc:1771 icu:63.25 pcu:405.75 scu:827.00 tlayer:4 pbqpoffset:5.17 pbfactor:1.82 avgQpOffsetCutree:0.00;
in:71 out:72 type:B q:18.40 q-aq:19.03 q-noVbv:18.40 q-Rceq:1.00 tex:25774 mv:8115 misc:1703 icu:143.25 pcu:270.25 scu:882.50 tlayer:3 pbqpoffset:3.31 pbfactor:1.47 avgQpOffsetCutree:-0.26;
in:70 out:73 type:b q:20.95 q-aq:21.04 q-noVbv:20.95 q-Rceq:1.00 tex:12375 mv:6311 misc:1426 icu:74.25 pcu:265.25 scu:956.50 tlayer:4 pbqpoffset:5.82 pbfactor:1.96 avgQpOffsetCutree:0.00;
in:75 out:74 type:B q:16.36 q-aq:14.03 q-noVbv:16.36 q-Rceq:1.00 tex:70636 mv:12797 misc:1855 icu:277.50 pcu:276.00 scu:742.50 tlayer:2 pbqpoffset:1.45 pbfactor:1.18 avgQpOffsetCutree:-2.67;
in:74 out:75 type:B q:18.27 q-aq:18.53 q-noVbv:18.27 q-Rceq:1.00 tex:26206 mv:9559 misc:1763 icu:123.50 pcu:285.75 scu:886.75 tlayer:3 pbqpoffset:3.31 pbfactor:1.47 avgQpOffsetCutree:-0.25;
in:73 out:76 type:b q:20.80 q-aq:21.01 q-noVbv:20.80 q-Rceq:1.00 tex:13241 mv:6816 misc:1431 icu:84.00 pcu:274.75 scu:937.25 tlayer:4 pbqpoffset:5.80 pbfactor:1.95 avgQpOffsetCutree:0.00;
in:77 out:77 type:B q:16.94 q-aq:17.17 q-noVbv:16.94 q-Rceq:1.00 tex:40434 mv:11967 misc:1871 icu:182.75 pcu:259.25 scu:854.00 tlayer:3 pbqpoffset:2.11 pbfactor:1.28 avgQpOffsetCutree:-0.31;
in:76 out:78 type:b q:19.04 q-aq:19.08 q-noVbv:19.04 q-Rceq:1.00 tex:22652 mv:8645 misc:1671 icu:102.50 pcu:293.00 scu:900.50 tlayer:4 pbqpoffset:4.16 pbfactor:1.62 avgQpOffsetCutree:0.00;
in:94 out:79 type:k q:16.04 q-aq:10.80 q-noVbv:16.04 q-Rceq:1.00 tex:365073 mv:40176 misc:2879 icu:1157.25 pcu:137.25 scu:1.50 tlayer:0 pbqpoffset:0.00 pbfactor:1.00 avgQpOffsetCutree:-5.79;
in:86 out:80 type:B q:16.83 q-aq:11.63 q-noVbv:16.83 q-Rceq:1.00 tex:234675 mv:28001 misc:3244 icu:672.00 pcu:407.50 scu:216.50 tlayer:1 pbqpoffset:1.42 pbfactor:1.18 avgQpOffsetCutree:-5.13;
in:82 out:81 type:B q:16.52 q-aq:12.52 q-noVbv:16.52 q-Rceq:1.00 tex:100903 mv:14915 misc:1886 icu:422.50 pcu:102.50 scu:771.00 tlayer:2 pbqpoffset:1.42 pbfactor:1.18 avgQpOffsetCutree:-4.04;
in:80 out:82 type:B q:16.81 q-aq:16.21 q-noVbv:16.81 q-Rceq:1.00 tex:61966 mv:11812 misc:1718 icu:343.75 pcu:116.00 scu:836.25 tlayer:3 pbqpoffset:1.86 pbfactor:1.24 avgQpOffsetCutree:-1.59;
in:79 out:83 type:b q:19.47 q-aq:19.69 q-noVbv:19.47 q-Rceq:1.00 tex:28167 mv:7177 misc:1688 icu:173.00 pcu:197.75 scu:925.25 tlayer:4 pbqpoffset:4.60 pbfactor:1.70 avgQpOffsetCutree:0.00;
in:81 out:84 type:b q:19.76 q-aq:20.02 q-noVbv:19.76 q-Rceq:1.00 tex:24865 mv:9119 misc:1640 icu:123.00 pcu:283.50 scu:889.50 tlayer:4 pbqpoffset:4.73 pbfactor:1.73 avgQpOffsetCutree:0.00;
in:84 out:85 type:B q:17.14 q-aq:16.39 q-noVbv:17.14 q-Rceq:1.00 tex:61075 mv:12457 misc:1660 icu:242.75 pcu:216.50 scu:836.75 tlayer:3 pbqpoffset:1.89 pbfactor:1.24 avgQpOffsetCutree:-1.69;
in:83 out:86 type:b q:19.83 q-aq:20.07 q-noVbv:19.83 q-Rceq:1.00 tex:23507 mv:8796 misc:1689 icu:105.25 pcu:267.50 scu:923.25 tlayer:4 pbqpoffset:4.65 pbfactor:1.71 avgQpOffsetCutree:0.00;
in:85 out:87 type:b q:19.83 q-aq:20.06 q-noVbv:19.83 q-Rceq:1.00 tex:24042 mv:8882 misc:1652 icu:130.50 pcu:283.00 scu:882.50 tlayer:4 pbqpoffset:4.50 pbfactor:1.68 avgQpOffsetCutree:0.00;
in:90 out:88 type:B q:17.14 q-aq:14.12 q-noVbv:17.14 q-Rceq:1.00 tex:96954 mv:16556 misc:2826 icu:404.00 pcu:463.50 scu:428.50 tlayer:2 pbqpoffset:1.42 pbfactor:1.18 avgQpOffsetCutree:-3.24;
in:88 out:89 type:B q:17.14 q-aq:15.90 q-noVbv:17.14 q-Rceq:1.00 tex:65254 mv:14274 misc:2240 icu:288.75 pcu:381.25 scu:626.00 tlayer:3 pbqpoffset:1.57 pbfactor:1.20 avgQpOffsetCutree:-2.05;
in:87 out:90 type:b q:19.82 q-aq:20.05 q-noVbv:19.82 q-Rceq:1.00 tex:25369 mv:9125 misc:1762 icu:147.00 pcu:288.00 scu:861.00 tlayer:4 pbqpoffset:4.33 pbfactor:1.65 avgQpOffsetCutree:0.00;
in:89 out:91 type:b q:19.12 q-aq:19.21 q-noVbv:19.12 q-Rceq:1.00 tex:31249 mv:10393 misc:1958 icu:152.00 pcu:367.75 scu:776.25 tlayer:4 pbqpoffset:3.47 pbfactor:1.49 avgQpOffsetCutree:0.00;
in:92 out:92 type:B q:17.66 q-aq:16.27 q-noVbv:17.66 q-Rceq:1.00 tex:58849 mv:14140 misc:2451 icu:278.25 pcu:374.75 scu:643.00 tlayer:3 pbqpoffset:1.78 pbfactor:1.23 avgQpOffsetCutree:-1.90;
in:91 out:93 type:b q:19.66 q-aq:20.02 q-noVbv:19.66 q-Rceq:1.00 tex:26054 mv:9755 misc:2183 icu:147.75 pcu:404.25 scu:744.00 tlayer:4 pbqpoffset:3.86 pbfactor:1.56 avgQpOffsetCutree:0.00;
in:93 out:94 type:b q:20.51 q-aq:20.95 q-noVbv:20.51 q-Rceq:1.00 tex:20101 mv:8461 misc:1934 icu:129.75 pcu:313.25 scu:853.00 tlayer:4 pbqpoffset:4.55 pbfactor:1.69 avgQpOffsetCutree:0.00;
in:108 out:95 type:k q:16.10 q-aq:10.49 q-noVbv:16.10 q-Rceq:1.00 tex:377213 mv:41335 misc:2724 icu:1216.00 pcu:79.50 scu:0.50 tlayer:0 pbqpoffset:0.39 pbfactor:1.05 avgQpOffsetCutree:-6.17;
in:101 out:96 type:B q:17.60 q-aq:13.11 q-noVbv:17.60 q-Rceq:1.00 tex:180241 mv:24419 misc:3460 icu:633.75 pcu:399.50 scu:262.75 tlayer:1 pbqpoffset:1.53 pbfactor:1.19 avgQpOffsetCutree:-4.60;
in:98 out:97 type:B q:17.58 q-aq:14.50 q-noVbv:17.58 q-Rceq:1.00 tex:126306 mv:18622 misc:3128 icu:493.25 pcu:281.25 scu:521.50 tlayer:2 pbqpoffset:1.53 pbfactor:1.19 avgQpOffsetCutree:-3.31;
in:96 out:98 type:B q:17.96 q-aq:17.40 q-noVbv:17.96 q-Rceq:1.00 tex:69902 mv:14336 misc:2194 icu:415.00 pcu:161.25 scu:719.75 tlayer:3 pbqpoffset:1.91 pbfactor:1.25 avgQpOffsetCutree:-1.42;
in:95 out:99 type:b q:21.11 q-aq:21.17 q-noVbv:21.11 q-Rceq:1.00 tex:21287 mv:6694 misc:1683 icu:195.25 pcu:221.75 scu:879.00 tlayer:4 pbqpoffset:5.07 pbfactor:1.80 avgQpOffsetCutree:0.00;
in:97 out:100 type:b q:21.43 q-aq:21.48 q-noVbv:21.43 q-Rceq:1.00 tex:18915 mv:9931 misc:2010 icu:101.25 pcu:383.00 scu:811.75 tlayer:4 pbqpoffset:5.38 pbfactor:1.86 avgQpOffsetCutree:0.00;
in:100 out:101 type:B q:18.95 q-aq:19.56 q-noVbv:18.95 q-Rceq:1.00 tex:38025 mv:12635 misc:2452 icu:194.00 pcu:391.75 scu:710.25 tlayer:3 pbqpoffset:2.88 pbfactor:1.39 avgQpOffsetCutree:-0.46;
in:99 out:102 type:b q:20.90 q-aq:21.06 q-noVbv:20.90 q-Rceq:1.00 tex:22493 mv:9583 misc:2068 icu:138.75 pcu:374.75 scu:782.50 tlayer:4 pbqpoffset:4.84 pbfactor:1.75 avgQpOffsetCutree:0.00;
in:105 out:103 type:B q:17.85 q-aq:15.36 q-noVbv:17.85 q-Rceq:1.00 tex:78893 mv:15881 misc:2522 icu:329.00 pcu:328.75 scu:638.25 tlayer:2 pbqpoffset:1.76 pbfactor:1.23 avgQpOffsetCutree:-2.90;
in:103 out:104 type:B q:18.31 q-aq:17.91 q-noVbv:18.31 q-Rceq:1.00 tex:54919 mv:14609 misc:2376 icu:246.75 pcu:351.00 scu:698.25 tlayer:3 pbqpoffset:2.23 pbfactor:1.29 avgQpOffsetCutree:-1.56;
in:102 out:105 type:b q:21.29 q-aq:21.28 q-noVbv:21.29 q-Rceq:1.00 tex:18825 mv:8586 misc:1933 icu:103.75 pcu:396.75 scu:795.50 tlayer:4 pbqpoffset:5.22 pbfactor:1.83 avgQpOffsetCutree:0.00;
in:104 out:106 type:b q:21.64 q-aq:22.00 q-noVbv:21.64 q-Rceq:1.00 tex:19548 mv:8941 misc:1887 icu:107.00 pcu:395.25 scu:793.75 tlayer:4 pbqpoffset:5.56 pbfactor:1.90 avgQpOffsetCutree:0.00;
in:107 out:107 type:B q:19.49 q-aq:19.69 q-noVbv:19.49 q-Rceq:1.00 tex:29453 mv:11403 misc:1992 icu:138.50 pcu:413.25 scu:744.25 tlayer:3 pbqpoffset:3.39 pbfactor:1.48 avgQpOffsetCutree:-0.52;
in:106 out:108 type:b q:22.48 q-aq:22.56 q-noVbv:22.48 q-Rceq:1.00 tex:14306 mv:7281 misc:1765 icu:84.00 pcu:360.25 scu:851.75 tlayer:4 pbqpoffset:6.39 pbfactor:2.09 avgQpOffsetCutree:0.00;
in:124 out:109 type:k q:15.76 q-aq:10.82 q-noVbv:15.76 q-Rceq:1.00 tex:380905 mv:40901 misc:2554 icu:1244.50 pcu:51.50 scu:0.00 tlayer:0 pbqpoffset:0.33 pbfactor:1.04 avgQpOffsetCutree:-5.66;
in:116 out:110 type:B q:17.56 q-aq:12.73 q-noVbv:17.56 q-Rceq:1.00 tex:218864 mv:30422 misc:3354 icu:752.50 pcu:386.50 scu:157.00 tlayer:1 pbqpoffset:1.63 pbfactor:1.21 avgQpOffsetCutree:-4.91;
in:112 out:111 type:B q:17.65 q-aq:15.24 q-noVbv:17.65 q-Rceq:1.00 tex:131367 mv:20352 misc:3105 icu:477.50 pcu:467.25 scu:351.25 tlayer:2 pbqpoffset:1.63 pbfactor:1.21 avgQpOffsetCutree:-2.89;
in:110 out:112 type:B q:18.92 q-aq:17.29 q-noVbv:18.92 q-Rceq:1.00 tex:61099 mv:13883 misc:2474 icu:241.00 pcu:304.50 scu:750.50 tlayer:3 pbqpoffset:2.86 pbfactor:1.39 avgQpOffsetCutree:-1.86;
in:109 out:113 type:b q:22.58 q-aq:23.00 q-noVbv:22.58 q-Rceq:1.00 tex:12119 mv:8033 misc:1624 icu:49.75 pcu:378.75 scu:867.50 tlayer:4 pbqpoffset:6.50 pbfactor:2.12 avgQpOffsetCutree:0.00;
in:111 out:114 type:b q:20.52 q-aq:20.76 q-noVbv:20.52 q-Rceq:1.00 tex:27943 mv:8773 misc:2244 icu:146.00 pcu:407.75 scu:742.25 tlayer:4 pbqpoffset:4.48 pbfactor:1.68 avgQpOffsetCutree:0.00;
in:114 out:115 type:B q:18.61 q-aq:17.89 q-noVbv:18.61 q-Rceq:1.00 tex:52056 mv:15751 misc:2593 icu:169.75 pcu:475.25 scu:651.00 tlayer:3 pbqpoffset:2.64 pbfactor:1.36 avgQpOffsetCutree:-1.77;
in:113 out:116 type:b q:22.49 q-aq:22.56 q-noVbv:22.49 q-Rceq:1.00 tex:11705 mv:8309 misc:1874 icu:54.50 pcu:463.50 scu:778.00 tlayer:4 pbqpoffset:6.50 pbfactor:2.12 avgQpOffsetCutree:0.00;
in:115 out:117 type:b q:22.45 q-aq:22.51 q-noVbv:22.45 q-Rceq:1.00 tex:12237 mv:7443 misc:1832 icu:67.75 pcu:343.50 scu:884.75 tlayer:4 pbqpoffset:6.50 pbfactor:2.12 avgQpOffsetCutree:0.00;
in:120 out:118 type:B q:17.48 q-aq:14.79 q-noVbv:17.48 q-Rceq:1.00 tex:100107 mv:21130 misc:3115 icu:371.25 pcu:559.25 scu:365.50 tlayer:2 pbqpoffset:1.63 pbfactor:1.21 avgQpOffsetCutree:-2.88;
in:118 out:119 type:B q:18.72 q-aq:17.36 q-noVbv:18.72 q-Rceq:1.00 tex:51125 mv:16319 misc:2756 icu:193.75 pcu:511.75 scu:590.50 tlayer:3 pbqpoffset:2.83 pbfactor:1.39 avgQpOffsetCutree:-1.82;
in:117 out:120 type:b q:22.41 q-aq:22.47 q-noVbv:22.41 q-Rceq:1.00 tex:11392 mv:8318 misc:2074 icu:62.50 pcu:427.50 scu:806.00 tlayer:4 pbqpoffset:6.50 pbfactor:2.12 avgQpOffsetCutree:0.00;
in:119 out:121 type:b q:22.37 q-aq:22.23 q-noVbv:22.37 q-Rceq:1.00 tex:10717 mv:7809 misc:1954 icu:66.25 pcu:388.75 scu:841.00 tlayer:4 pbqpoffset:6.50 pbfactor:2.12 avgQpOffsetCutree:0.00;
in:122 out:122 type:B q:18.25 q-aq:16.61 q-noVbv:18.25 q-Rceq:1.00 tex:62683 mv:17049 misc:2868 icu:227.50 pcu:577.00 scu:491.50 tlayer:3 pbqpoffset:2.44 pbfactor:1.33 avgQpOffsetCutree:-1.80;
in:121 out:123 type:b q:21.08 q-aq:21.09 q-noVbv:21.08 q-Rceq:1.00 tex:19181 mv:11140 misc:2303 icu:90.75 pcu:609.25 scu:596.00 tlayer:4 pbqpoffset:5.25 pbfactor:1.84 avgQpOffsetCutree:0.00;
in:123 out:124 type:b q:21.20 q-aq:21.11 q-noVbv:21.20 q-Rceq:1.00 tex:18041 mv:10655 misc:2384 icu:79.50 pcu:570.75 scu:645.75 tlayer:4 pbqpoffset:5.41 pbfactor:1.87 avgQpOffsetCutree:0.00;
in:140 out:125 type:k q:16.70 q-aq:12.43 q-noVbv:16.70 q-Rceq:1.00 tex:302259 mv:38236 misc:2737 icu:1261.25 pcu:34.75 scu:0.00 tlayer:0 pbqpoffset:0.31 pbfactor:1.04 avgQpOffsetCutree:-5.05;
in:132 out:126 type:B q:17.89 q-aq:13.84 q-noVbv:17.89 q-Rceq:1.00 tex:212593 mv:31406 misc:3209 icu:887.50 pcu:372.25 scu:36.25 tlayer:1 pbqpoffset:1.66 pbfactor:1.21 avgQpOffsetCutree:-4.48;
in:128 out:127 type:B q:17.65 q-aq:15.66 q-noVbv:17.65 q-Rceq:1.00 tex:152616 mv:23555 misc:3653 icu:586.50 pcu:488.50 scu:221.00 tlayer:2 pbqpoffset:1.66 pbfactor:1.21 avgQpOffsetCutree:-2.42;
in:126 out:128 type:B q:17.65 q-aq:15.95 q-noVbv:17.65 q-Rceq:1.00 tex:89788 mv:17614 misc:3350 icu:307.50 pcu:624.25 scu:364.25 tlayer:3 pbqpoffset:1.77 pbfactor:1.23 avgQpOffsetCutree:-1.97;
in:125 out:129 type:b q:20.57 q-aq:20.96 q-noVbv:20.57 q-Rceq:1.00 tex:19597 mv:10700 misc:2223 icu:86.00 pcu:580.50 scu:629.50 tlayer:4 pbqpoffset:4.75 pbfactor:1.73 avgQpOffsetCutree:0.00;
in:127 out:130 type:b q:19.32 q-aq:19.31 q-noVbv:19.32 q-Rceq:1.00 tex:34641 mv:10585 misc:2582 icu:163.75 pcu:541.25 scu:591.00 tlayer:4 pbqpoffset:3.38 pbfactor:1.48 avgQpOffsetCutree:0.00;
in:130 out:131 type:B q:18.21 q-aq:17.35 q-noVbv:18.21 q-Rceq:1.00 tex:60619 mv:17402 misc:2747 icu:224.50 pcu:584.50 scu:487.00 tlayer:3 pbqpoffset:2.10 pbfactor:1.27 avgQpOffsetCutree:-1.45;
in:129 out:132 type:b q:20.48 q-aq:20.60 q-noVbv:20.48 q-Rceq:1.00 tex:20816 mv:11211 misc:2277 icu:84.50 pcu:550.75 scu:660.75 tlayer:4 pbqpoffset:4.43 pbfactor:1.67 avgQpOffsetCutree:0.00;
in:131 out:133 type:b q:20.27 q-aq:20.31 q-noVbv:20.27 q-Rceq:1.00 tex:22317 mv:11795 misc:2400 icu:99.00 pcu:511.00 scu:686.00 tlayer:4 pbqpoffset:4.10 pbfactor:1.61 avgQpOffsetCutree:0.00;
in:136 out:134 type:B q:18.12 q-aq:14.82 q-noVbv:18.12 q-Rceq:1.00 tex:108003 mv:23423 misc:3638 icu:453.25 pcu:600.25 scu:242.50 tlayer:2 pbqpoffset:1.66 pbfactor:1.21 avgQpOffsetCutree:-3.26;
in:134 out:135 type:B q:18.97 q-aq:18.02 q-noVbv:18.97 q-Rceq:1.00 tex:53684 mv:16758 misc:2950 icu:252.00 pcu:514.25 scu:529.75 tlayer:3 pbqpoffset:2.62 pbfactor:1.35 avgQpOffsetCutree:-1.51;
in:133 out:136 type:b q:21.31 q-aq:21.20 q-noVbv:21.31 q-Rceq:1.00 tex:17381 mv:10672 misc:2259 icu:104.50 pcu:501.75 scu:689.75 tlayer:4 pbqpoffset:5.02 pbfactor:1.79 avgQpOffsetCutree:0.00;
in:135 out:137 type:b q:22.82 q-aq:23.00 q-noVbv:22.82 q-Rceq:1.00 tex:13175 mv:9309 misc:2060 icu:76.25 pcu:541.00 scu:678.75 tlayer:4 pbqpoffset:6.41 pbfactor:2.10 avgQpOffsetCutree:0.00;
in:138 out:138 type:B q:18.99 q-aq:17.83 q-noVbv:18.99 q-Rceq:1.00 tex:57637 mv:18695 misc:3316 icu:238.25 pcu:626.50 scu:431.25 tlayer:3 pbqpoffset:2.41 pbfactor:1.32 avgQpOffsetCutree:-1.66;
in:137 out:139 type:b q:22.75 q-aq:23.00 q-noVbv:22.75 q-Rceq:1.00 tex:15743 mv:9904 misc:2313 icu:97.00 pcu:526.50 scu:672.50 tlayer:4 pbqpoffset:6.23 pbfactor:2.05 avgQpOffsetCutree:0.00;
in:139 out:140 type:b q:21.15 q-aq:21.19 q-noVbv:21.15 q-Rceq:1.00 tex:19055 mv:11534 misc:2411 icu:95.50 pcu:573.75 scu:626.75 tlayer:4 pbqpoffset:4.51 pbfactor:1.68 avgQpOffsetCutree:0.00;
in:156 out:141 type:k q:17.14 q-aq:13.24 q-noVbv:17.14 q-Rceq:1.00 tex:269660 mv:34846 misc:2710 icu:1251.25 pcu:44.50 scu:0.25 tlayer:0 pbqpoffset:0.28 pbfactor:1.03 avgQpOffsetCutree:-4.56;
in:148 out:142 type:B q:18.54 q-aq:15.02 q-noVbv:18.54 q-Rceq:1.00 tex:199139 mv:28815 misc:3022 icu:1008.75 pcu:269.50 scu:17.75 tlayer:1 pbqpoffset:1.62 pbfactor:1.21 avgQpOffsetCutree:-4.13;
in:144 out:143 type:B q:18.43 q-aq:16.52 q-noVbv:18.43 q-Rceq:1.00 tex:131592 mv:22408 misc:3400 icu:674.25 pcu:497.50 scu:124.25 tlayer:2 pbqpoffset:1.62 pbfactor:1.21 avgQpOffsetCutree:-2.23;
in:142 out:144 type:B q:18.38 q-aq:16.54 q-noVbv:18.38 q-Rceq:1.00 tex:83501 mv:18370 misc:3609 icu:406.75 pcu:572.50 scu:316.75 tlayer:3 pbqpoffset:1.62 pbfactor:1.21 avgQpOffsetCutree:-2.04;
in:141 out:145 type:b q:21.27 q-aq:21.16 q-noVbv:21.27 q-Rceq:1.00 tex:17580 mv:10490 misc:2458 icu:100.25 pcu:546.00 scu:649.75 tlayer:4 pbqpoffset:4.54 pbfactor:1.69 avgQpOffsetCutree:0.00;
in:143 out:146 type:b q:20.42 q-aq:20.35 q-noVbv:20.42 q-Rceq:1.00 tex:27940 mv:9718 misc:2950 icu:167.25 pcu:558.50 scu:570.25 tlayer:4 pbqpoffset:3.63 pbfactor:1.52 avgQpOffsetCutree:0.00;
in:146 out:147 type:B q:18.73 q-aq:17.07 q-noVbv:18.73 q-Rceq:1.00 tex:58015 mv:19313 misc:3288 icu:246.00 pcu:681.75 scu:368.25 tlayer:3 pbqpoffset:1.86 pbfactor:1.24 avgQpOffsetCutree:-1.87;
in:145 out:148 type:b q:20.93 q-aq:21.10 q-noVbv:20.93 q-Rceq:1.00 tex:18039 mv:11203 misc:2454 icu:89.50 pcu:640.25 scu:566.25 tlayer:4 pbqpoffset:4.10 pbfactor:1.60 avgQpOffsetCutree:0.00;
in:147 out:149 type:b q:21.54 q-aq:21.81 q-noVbv:21.54 q-Rceq:1.00 tex:16461 mv:9993 misc:2282 icu:85.25 pcu:618.75 scu:592.00 tlayer:4 pbqpoffset:4.64 pbfactor:1.71 avgQpOffsetCutree:0.00;
in:152 out:150 type:B q:18.65 q-aq:15.80 q-noVbv:18.65 q-Rceq:1.00 tex:105758 mv:23522 misc:3704 icu:497.25 pcu:598.50 scu:200.25 tlayer:2 pbqpoffset:1.62 pbfactor:1.21 avgQpOffsetCutree:-2.90;
in:150 out:151 type:B q:18.92 q-aq:18.05 q-noVbv:18.92 q-Rceq:1.00 tex:54657 mv:17783 misc:3352 icu:262.50 pcu:621.00 scu:412.50 tlayer:3 pbqpoffset:1.94 pbfactor:1.25 avgQpOffsetCutree:-1.51;
in:149 out:152 type:b q:21.78 q-aq:22.00 q-noVbv:21.78 q-Rceq:1.00 tex:16550 mv:10120 misc:2354 icu:104.50 pcu:553.50 scu:638.00 tlayer:4 pbqpoffset:4.83 pbfactor:1.75 avgQpOffsetCutree:0.00;
in:151 out:153 type:b q:20.94 q-aq:21.04 q-noVbv:20.94 q-Rceq:1.00 tex:20969 mv:12470 misc:2537 icu:127.00 pcu:637.25 scu:531.75 tlayer:4 pbqpoffset:3.94 pbfactor:1.58 avgQpOffsetCutree:0.00;
in:154 out:154 type:B q:18.89 q-aq:18.06 q-noVbv:18.89 q-Rceq:1.00 tex:56848 mv:20396 misc:3260 icu:284.00 pcu:659.25 scu:352.75 tlayer:3 pbqpoffset:1.81 pbfactor:1.23 avgQpOffsetCutree:-1.29;
in:153 out:155 type:b q:21.10 q-aq:21.07 q-noVbv:21.10 q-Rceq:1.00 tex:19473 mv:11988 misc:2547 icu:112.50 pcu:619.25 scu:564.25 tlayer:4 pbqpoffset:4.04 pbfactor:1.59 avgQpOffsetCutree:0.00;
in:155 out:156 type:b q:21.48 q-aq:21.61 q-noVbv:21.48 q-Rceq:1.00 tex:17725 mv:11197 misc:2582 icu:115.25 pcu:617.00 scu:563.75 tlayer:4 pbqpoffset:4.37 pbfactor:1.66 avgQpOffsetCutree:0.00;
in:165 out:157 type:k q:18.06 q-aq:13.88 q-noVbv:18.06 q-Rceq:1.00 tex:244424 mv:34486 misc:2770 icu:1260.00 pcu:36.00 scu:0.00 tlayer:0 pbqpoffset:0.39 pbfactor:1.05 avgQpOffsetCutree:-4.71;
in:161 out:158 type:B q:19.24 q-aq:16.58 q-noVbv:19.24 q-Rceq:1.00 tex:135543 mv:26384 misc:3225 icu:803.75 pcu:399.00 scu:93.25 tlayer:1 pbqpoffset:1.59 pbfactor:1.20 avgQpOffsetCutree:-2.91;
in:159 out:159 type:B q:19.04 q-aq:18.10 q-noVbv:19.04 q-Rceq:1.00 tex:83754 mv:18828 misc:3298 icu:581.00 pcu:499.75 scu:215.25 tlayer:2 pbqpoffset:1.59 pbfactor:1.20 avgQpOffsetCutree:-1.44;
in:158 out:160 type:B q:19.70 q-aq:19.79 q-noVbv:19.70 q-Rceq:1.00 tex:35351 mv:15015 misc:3386 icu:205.50 pcu:548.00 scu:542.50 tlayer:3 pbqpoffset:2.35 pbfactor:1.31 avgQpOffsetCutree:-0.63;
in:157 out:161 type:b q:20.78 q-aq:21.01 q-noVbv:20.78 q-Rceq:1.00 tex:21490 mv:12619 misc:2579 icu:152.25 pcu:570.25 scu:573.50 tlayer:4 pbqpoffset:3.54 pbfactor:1.50 avgQpOffsetCutree:0.00;
in:160 out:162 type:b q:20.32 q-aq:20.23 q-noVbv:20.32 q-Rceq:1.00 tex:41198 mv:14373 misc:3573 icu:280.25 pcu:487.00 scu:528.75 tlayer:3 pbqpoffset:2.77 pbfactor:1.38 avgQpOffsetCutree:0.00;
in:163 out:163 type:B q:19.55 q-aq:18.11 q-noVbv:19.55 q-Rceq:1.00 tex:57636 mv:21371 misc:3633 icu:257.00 pcu:679.75 scu:359.25 tlayer:2 pbqpoffset:1.69 pbfactor:1.22 avgQpOffsetCutree:-1.64;
in:162 out:164 type:b q:22.02 q-aq:22.02 q-noVbv:22.02 q-Rceq:1.00 tex:15511 mv:11760 misc:2545 icu:76.25 pcu:731.25 scu:488.50 tlayer:3 pbqpoffset:4.26 pbfactor:1.64 avgQpOffsetCutree:0.00;
in:164 out:165 type:b q:21.83 q-aq:22.01 q-noVbv:21.83 q-Rceq:1.00 tex:15301 mv:12854 misc:2629 icu:73.75 pcu:726.75 scu:495.50 tlayer:3 pbqpoffset:3.87 pbfactor:1.56 avgQpOffsetCutree:0.00;
in:177 out:166 type:k q:17.60 q-aq:12.64 q-noVbv:17.60 q-Rceq:1.00 tex:275062 mv:35420 misc:2566 icu:1266.50 pcu:29.50 scu:0.00 tlayer:0 pbqpoffset:0.50 pbfactor:1.06 avgQpOffsetCutree:-5.38;
in:171 out:167 type:B q:19.40 q-aq:15.87 q-noVbv:19.40 q-Rceq:1.00 tex:154339 mv:27628 misc:3105 icu:884.75 pcu:364.00 scu:47.25 tlayer:1 pbqpoffset:1.57 pbfactor:1.20 avgQpOffsetCutree:-3.76;
in:168 out:168 type:B q:19.51 q-aq:17.54 q-noVbv:19.51 q-Rceq:1.00 tex:73985 mv:21700 misc:3291 icu:411.00 pcu:610.25 scu:274.75 tlayer:2 pbqpoffset:1.57 pbfactor:1.20 avgQpOffsetCutree:-2.19;
in:167 out:169 type:B q:20.74 q-aq:20.74 q-noVbv:20.74 q-Rceq:1.00 tex:26651 mv:15693 misc:3088 icu:176.25 pcu:686.25 scu:433.50 tlayer:3 pbqpoffset:2.76 pbfactor:1.38 avgQpOffsetCutree:-0.69;
in:166 out:170 type:b q:22.62 q-aq:23.00 q-noVbv:22.62 q-Rceq:1.00 tex:11222 mv:10671 misc:2419 icu:65.25 pcu:645.50 scu:585.25 tlayer:4 pbqpoffset:4.60 pbfactor:1.70 avgQpOffsetCutree:0.00;
in:170 out:171 type:B q:20.37 q-aq:20.45 q-noVbv:20.37 q-Rceq:1.00 tex:30189 mv:14568 misc:3019 icu:184.75 pcu:546.50 scu:564.75 tlayer:3 pbqpoffset:2.50 pbfactor:1.34 avgQpOffsetCutree:-0.71;
in:169 out:172 type:b q:22.12 q-aq:22.05 q-noVbv:22.12 q-Rceq:1.00 tex:14647 mv:11075 misc:2630 icu:89.25 pcu:652.00 scu:554.75 tlayer:4 pbqpoffset:4.21 pbfactor:1.63 avgQpOffsetCutree:0.00;
in:174 out:173 type:B q:19.28 q-aq:17.36 q-noVbv:19.28 q-Rceq:1.00 tex:86171 mv:19493 misc:3416 icu:523.25 pcu:508.25 scu:264.50 tlayer:2 pbqpoffset:1.57 pbfactor:1.20 avgQpOffsetCutree:-2.16;
in:173 out:174 type:B q:20.73 q-aq:20.99 q-noVbv:20.73 q-Rceq:1.00 tex:22334 mv:11873 misc:2745 icu:135.25 pcu:583.25 scu:577.50 tlayer:3 pbqpoffset:2.98 pbfactor:1.41 avgQpOffsetCutree:-0.64;
in:172 out:175 type:b q:22.11 q-aq:22.01 q-noVbv:22.11 q-Rceq:1.00 tex:14309 mv:9586 misc:2289 icu:96.25 pcu:556.00 scu:643.75 tlayer:4 pbqpoffset:4.32 pbfactor:1.65 avgQpOffsetCutree:0.00;
in:176 out:176 type:B q:20.11 q-aq:20.94 q-noVbv:20.11 q-Rceq:1.00 tex:29661 mv:11749 misc:2990 icu:201.50 pcu:460.75 scu:633.75 tlayer:3 pbqpoffset:2.47 pbfactor:1.33 avgQpOffsetCutree:-0.17;
in:175 out:177 type:b q:20.85 q-aq:21.01 q-noVbv:20.85 q-Rceq:1.00 tex:25724 mv:9867 misc:2681 icu:191.00 pcu:458.00 scu:647.00 tlayer:4 pbqpoffset:3.18 pbfactor:1.44 avgQpOffsetCutree:0.00;
in:193 out:178 type:k q:16.16 q-aq:10.35 q-noVbv:16.16 q-Rceq:1.00 tex:341121 mv:40089 misc:2766 icu:1261.00 pcu:35.00 scu:0.00 tlayer:0 pbqpoffset:0.52 pbfactor:1.06 avgQpOffsetCutree:-6.05;
in:185 out:179 type:B q:18.35 q-aq:13.70 q-noVbv:18.35 q-Rceq:1.00 tex:181507 mv:26467 misc:3066 icu:811.00 pcu:404.50 scu:80.50 tlayer:1 pbqpoffset:1.48 pbfactor:1.19 avgQpOffsetCutree:-4.56;
in:181 out:180 type:B q:18.71 q-aq:15.57 q-noVbv:18.71 q-Rceq:1.00 tex:91246 mv:21548 misc:3238 icu:434.75 pcu:597.50 scu:263.75 tlayer:2 pbqpoffset:1.48 pbfactor:1.19 avgQpOffsetCutree:-3.09;
in:179 out:181 type:B q:19.11 q-aq:17.62 q-noVbv:19.11 q-Rceq:1.00 tex:46528 mv:16376 misc:2896 icu:238.25 pcu:638.25 scu:419.50 tlayer:3 pbqpoffset:1.69 pbfactor:1.22 avgQpOffsetCutree:-1.63;
in:178 out:182 type:b q:21.65 q-aq:22.00 q-noVbv:21.65 q-Rceq:1.00 tex:11749 mv:9125 misc:2070 icu:75.75 pcu:599.25 scu:621.00 tlayer:4 pbqpoffset:4.14 pbfactor:1.61 avgQpOffsetCutree:0.00;
in:180 out:183 type:b q:21.12 q-aq:21.04 q-noVbv:21.12 q-Rceq:1.00 tex:15169 mv:10969 misc:2198 icu:100.25 pcu:609.00 scu:586.75 tlayer:4 pbqpoffset:3.79 pbfactor:1.55 avgQpOffsetCutree:0.00;
in:183 out:184 type:B q:18.99 q-aq:17.54 q-noVbv:18.99 q-Rceq:1.00 tex:46010 mv:15344 misc:2974 icu:234.50 pcu:583.50 scu:478.00 tlayer:3 pbqpoffset:1.93 pbfactor:1.25 avgQpOffsetCutree:-1.75;
in:182 out:185 type:b q:21.74 q-aq:22.00 q-noVbv:21.74 q-Rceq:1.00 tex:11574 mv:8135 misc:2043 icu:80.25 pcu:573.25 scu:642.50 tlayer:4 pbqpoffset:4.59 pbfactor:1.70 avgQpOffsetCutree:0.00;
in:184 out:186 type:b q:22.00 q-aq:22.02 q-noVbv:22.00 q-Rceq:1.00 tex:11271 mv:7843 misc:1806 icu:87.75 pcu:540.75 scu:667.50 tlayer:4 pbqpoffset:5.03 pbfactor:1.79 avgQpOffsetCutree:0.00;
in:189 out:187 type:B q:17.99 q-aq:14.81 q-noVbv:17.99 q-Rceq:1.00 tex:110131 mv:19889 misc:3164 icu:509.00 pcu:514.00 scu:273.00 tlayer:2 pbqpoffset:1.48 pbfactor:1.19 avgQpOffsetCutree:-3.01;
in:187 out:188 type:B q:18.85 q-aq:17.83 q-noVbv:18.85 q-Rceq:1.00 tex:36780 mv:13506 misc:2842 icu:232.50 pcu:589.25 scu:474.25 tlayer:3 pbqpoffset:2.15 pbfactor:1.28 avgQpOffsetCutree:-1.57;
in:186 out:189 type:b q:21.78 q-aq:22.00 q-noVbv:21.78 q-Rceq:1.00 tex:9966 mv:7479 misc:1875 icu:72.50 pcu:544.50 scu:679.00 tlayer:4 pbqpoffset:5.00 pbfactor:1.78 avgQpOffsetCutree:0.00;
in:188 out:190 type:b q:21.80 q-aq:22.00 q-noVbv:21.80 q-Rceq:1.00 tex:11814 mv:8567 misc:1899 icu:99.25 pcu:660.25 scu:536.50 tlayer:4 pbqpoffset:5.19 pbfactor:1.82 avgQpOffsetCutree:0.00;
in:191 out:191 type:B q:18.45 q-aq:18.08 q-noVbv:18.45 q-Rceq:1.00 tex:45427 mv:12914 misc:3267 icu:268.75 pcu:516.25 scu:511.00 tlayer:3 pbqpoffset:2.11 pbfactor:1.28 avgQpOffsetCutree:-0.86;
in:190 out:192 type:b q:22.77 q-aq:23.00 q-noVbv:22.77 q-Rceq:1.00 tex:8378 mv:6807 misc:1775 icu:53.00 pcu:576.25 scu:666.75 tlayer:4 pbqpoffset:6.34 pbfactor:2.08 avgQpOffsetCutree:0.00;
in:192 out:193 type:b q:20.31 q-aq:20.24 q-noVbv:20.31 q-Rceq:1.00 tex:19526 mv:8216 misc:2474 icu:105.00 pcu:520.25 scu:670.75 tlayer:4 pbqpoffset:4.06 pbfactor:1.60 avgQpOffsetCutree:0.00;
in:209 out:194 type:k q:15.12 q-aq:9.27 q-noVbv:15.12 q-Rceq:1.00 tex:387057 mv:44157 misc:2434 icu:1247.50 pcu:48.00 scu:0.50 tlayer:0 pbqpoffset:0.49 pbfactor:1.06 avgQpOffsetCutree:-6.12;
in:201 out:195 type:B q:16.98 q-aq:11.79 q-noVbv:16.98 q-Rceq:1.00 tex:208455 mv:27974 misc:3347 icu:633.00 pcu:519.25 scu:143.75 tlayer:1 pbqpoffset:1.34 pbfactor:1.17 avgQpOffsetCutree:-4.97;
in:197 out:196 type:B q:17.31 q-aq:14.53 q-noVbv:17.31 q-Rceq:1.00 tex:74074 mv:19043 misc:3379 icu:302.25 pcu:560.75 scu:433.00 tlayer:2 pbqpoffset:1.41 pbfactor:1.18 avgQpOffsetCutree:-2.59;
in:195 out:197 type:B q:18.67 q-aq:17.56 q-noVbv:18.67 q-Rceq:1.00 tex:34782 mv:14090 misc:2840 icu:117.75 pcu:671.00 scu:507.25 tlayer:3 pbqpoffset:2.64 pbfactor:1.36 avgQpOffsetCutree:-1.51;
in:194 out:198 type:b q:22.01 q-aq:22.10 q-noVbv:22.01 q-Rceq:1.00 tex:9100 mv:7140 misc:1552 icu:38.50 pcu:617.25 scu:640.25 tlayer:4 pbqpoffset:5.92 pbfactor:1.98 avgQpOffsetCutree:0.00;
in:196 out:199 type:b q:21.11 q-aq:21.03 q-noVbv:21.11 q-Rceq:1.00 tex:11786 mv:8386 misc:2012 icu:78.00 pcu:578.25 scu:639.75 tlayer:4 pbqpoffset:5.15 pbfactor:1.81 avgQpOffsetCutree:0.00;
in:199 out:200 type:B q:18.77 q-aq:16.97 q-noVbv:18.77 q-Rceq:1.00 tex:33411 mv:12460 misc:2545 icu:182.00 pcu:385.75 scu:728.25 tlayer:3 pbqpoffset:3.00 pbfactor:1.41 avgQpOffsetCutree:-2.11;
in:198 out:201 type:b q:22.04 q-aq:22.10 q-noVbv:22.04 q-Rceq:1.00 tex:10249 mv:6871 misc:1664 icu:69.50 pcu:359.75 scu:866.75 tlayer:4 pbqpoffset:6.21 pbfactor:2.05 avgQpOffsetCutree:0.00;
in:200 out:202 type:b q:21.91 q-aq:22.01 q-noVbv:21.91 q-Rceq:1.00 tex:9369 mv:6672 misc:1815 icu:55.00 pcu:407.50 scu:833.50 tlayer:4 pbqpoffset:6.21 pbfactor:2.05 avgQpOffsetCutree:0.00;
in:205 out:203 type:B q:16.72 q-aq:13.82 q-noVbv:16.72 q-Rceq:1.00 tex:86014 mv:17056 misc:2986 icu:400.50 pcu:322.25 scu:573.25 tlayer:2 pbqpoffset:1.34 pbfactor:1.17 avgQpOffsetCutree:-2.82;
in:203 out:204 type:B q:18.19 q-aq:16.85 q-noVbv:18.19 q-Rceq:1.00 tex:38340 mv:11976 misc:2228 icu:174.00 pcu:424.00 scu:698.00 tlayer:3 pbqpoffset:2.68 pbfactor:1.36 avgQpOffsetCutree:-1.85;
in:202 out:205 type:b q:21.78 q-aq:22.00 q-noVbv:21.78 q-Rceq:1.00 tex:10398 mv:6905 misc:1673 icu:58.00 pcu:313.75 scu:924.25 tlayer:4 pbqpoffset:6.21 pbfactor:2.05 avgQpOffsetCutree:0.00;
in:204 out:206 type:b q:21.65 q-aq:22.02 q-noVbv:21.65 q-Rceq:1.00 tex:11948 mv:7168 misc:1532 icu:90.50 pcu:365.25 scu:840.25 tlayer:4 pbqpoffset:6.21 pbfactor:2.05 avgQpOffsetCutree:0.00;
in:207 out:207 type:B q:16.67 q-aq:15.66 q-noVbv:16.67 q-Rceq:1.00 tex:59568 mv:15710 misc:3274 icu:262.25 pcu:645.75 scu:388.00 tlayer:3 pbqpoffset:1.42 pbfactor:1.18 avgQpOffsetCutree:-1.28;
in:206 out:208 type:b q:21.43 q-aq:21.30 q-noVbv:21.43 q-Rceq:1.00 tex:12545 mv:7263 misc:1920 icu:84.25 pcu:449.25 scu:762.50 tlayer:4 pbqpoffset:6.12 pbfactor:2.03 avgQpOffsetCutree:0.00;
in:208 out:209 type:b q:20.52 q-aq:20.72 q-noVbv:20.52 q-Rceq:1.00 tex:20318 mv:7767 misc:2011 icu:153.00 pcu:208.25 scu:934.75 tlayer:4 pbqpoffset:5.34 pbfactor:1.85 avgQpOffsetCutree:0.00;
in:222 out:210 type:k q:15.15 q-aq:10.22 q-noVbv:15.15 q-Rceq:1.00 tex:277341 mv:34441 misc:3146 icu:703.50 pcu:509.50 scu:83.00 tlayer:0 pbqpoffset:0.45 pbfactor:1.05 avgQpOffsetCutree:-4.86;
in:216 out:211 type:B q:16.34 q-aq:12.78 q-noVbv:16.34 q-Rceq:1.00 tex:100036 mv:21275 misc:3553 icu:491.50 pcu:424.25 scu:380.25 tlayer:1 pbqpoffset:1.20 pbfactor:1.15 avgQpOffsetCutree:-3.38;
in:213 out:212 type:B q:16.33 q-aq:13.76 q-noVbv:16.33 q-Rceq:1.00 tex:76225 mv:18165 misc:2882 icu:322.25 pcu:450.75 scu:523.00 tlayer:2 pbqpoffset:1.20 pbfactor:1.15 avgQpOffsetCutree:-2.66;
in:211 out:213 type:B q:16.73 q-aq:15.55 q-noVbv:16.73 q-Rceq:1.00 tex:45964 mv:14257 misc:2339 icu:166.50 pcu:448.50 scu:681.00 tlayer:3 pbqpoffset:1.61 pbfactor:1.20 avgQpOffsetCutree:-1.62;
in:210 out:214 type:b q:19.87 q-aq:20.05 q-noVbv:19.87 q-Rceq:1.00 tex:13141 mv:6759 misc:1740 icu:70.75 pcu:276.75 scu:948.50 tlayer:4 pbqpoffset:4.75 pbfactor:1.73 avgQpOffsetCutree:0.00;
in:212 out:215 type:b q:19.59 q-aq:19.99 q-noVbv:19.59 q-Rceq:1.00 tex:13540 mv:8110 misc:1846 icu:73.75 pcu:429.75 scu:792.50 tlayer:4 pbqpoffset:4.46 pbfactor:1.67 avgQpOffsetCutree:0.00;
in:215 out:216 type:B q:17.50 q-aq:18.05 q-noVbv:17.50 q-Rceq:1.00 tex:26833 mv:11661 misc:2186 icu:134.75 pcu:354.75 scu:806.50 tlayer:3 pbqpoffset:2.37 pbfactor:1.31 avgQpOffsetCutree:-0.53;
in:214 out:217 type:b q:18.97 q-aq:19.00 q-noVbv:18.97 q-Rceq:1.00 tex:16553 mv:8683 misc:1876 icu:86.25 pcu:350.25 scu:859.50 tlayer:4 pbqpoffset:3.83 pbfactor:1.56 avgQpOffsetCutree:0.00;
in:219 out:218 type:B q:16.35 q-aq:13.59 q-noVbv:16.35 q-Rceq:1.00 tex:71056 mv:20801 misc:3151 icu:300.25 pcu:513.00 scu:482.75 tlayer:2 pbqpoffset:1.20 pbfactor:1.15 avgQpOffsetCutree:-2.82;
in:218 out:219 type:B q:16.80 q-aq:16.42 q-noVbv:16.80 q-Rceq:1.00 tex:35409 mv:14421 misc:2666 icu:140.25 pcu:520.75 scu:635.00 tlayer:3 pbqpoffset:1.66 pbfactor:1.21 avgQpOffsetCutree:-1.10;
in:217 out:220 type:b q:18.67 q-aq:19.01 q-noVbv:18.67 q-Rceq:1.00 tex:18142 mv:9265 misc:2017 icu:92.25 pcu:432.75 scu:771.00 tlayer:4 pbqpoffset:3.53 pbfactor:1.50 avgQpOffsetCutree:0.00;
in:221 out:221 type:B q:17.93 q-aq:18.10 q-noVbv:17.93 q-Rceq:1.00 tex:24341 mv:10154 misc:1985 icu:115.25 pcu:298.50 scu:882.25 tlayer:3 pbqpoffset:2.78 pbfactor:1.38 avgQpOffsetCutree:-0.45;
in:220 out:222 type:b q:19.67 q-aq:20.02 q-noVbv:19.67 q-Rceq:1.00 tex:13471 mv:8323 misc:1902 icu:70.00 pcu:473.00 scu:753.00 tlayer:4 pbqpoffset:4.52 pbfactor:1.69 avgQpOffsetCutree:0.00;
in:237 out:223 type:k q:15.72 q-aq:11.17 q-noVbv:15.72 q-Rceq:1.00 tex:345478 mv:41215 misc:2707 icu:1252.00 pcu:44.00 scu:0.00 tlayer:0 pbqpoffset:0.43 pbfactor:1.05 avgQpOffsetCutree:-5.14;
in:230 out:224 type:B q:16.76 q-aq:11.75 q-noVbv:16.76 q-Rceq:1.00 tex:188823 mv:26688 misc:3265 icu:774.50 pcu:216.75 scu:304.75 tlayer:1 pbqpoffset:1.31 pbfactor:1.16 avgQpOffsetCutree:-4.98;
in:226 out:225 type:B q:16.61 q-aq:12.91 q-noVbv:16.61 q-Rceq:1.00 tex:141287 mv:25427 misc:3494 icu:550.00 pcu:405.00 scu:341.00 tlayer:2 pbqpoffset:1.31 pbfactor:1.16 avgQpOffsetCutree:-3.65;
in:224 out:226 type:B q:17.75 q-aq:16.65 q-noVbv:17.75 q-Rceq:1.00 tex:59724 mv:15465 misc:2971 icu:336.50 pcu:325.00 scu:634.50 tlayer:3 pbqpoffset:2.52 pbfactor:1.34 avgQpOffsetCutree:-1.51;
in:223 out:227 type:b q:20.76 q-aq:21.02 q-noVbv:20.76 q-Rceq:1.00 tex:17842 mv:7009 misc:2021 icu:144.00 pcu:358.50 scu:793.50 tlayer:4 pbqpoffset:5.57 pbfactor:1.90 avgQpOffsetCutree:0.00;
in:225 out:228 type:b q:21.44 q-aq:21.49 q-noVbv:21.44 q-Rceq:1.00 tex:11466 mv:8066 misc:1924 icu:60.50 pcu:578.00 scu:657.50 tlayer:4 pbqpoffset:6.17 pbfactor:2.04 avgQpOffsetCutree:0.00;
in:228 out:229 type:B q:18.55 q-aq:17.56 q-noVbv:18.55 q-Rceq:1.00 tex:45350 mv:15542 misc:2644 icu:201.50 pcu:470.75 scu:623.75 tlayer:3 pbqpoffset:3.17 pbfactor:1.44 avgQpOffsetCutree:-1.49;
in:227 out:230 type:b q:21.51 q-aq:21.94 q-noVbv:21.51 q-Rceq:1.00 tex:13584 mv:8028 misc:1948 icu:74.00 pcu:516.25 scu:705.75 tlayer:4 pbqpoffset:6.17 pbfactor:2.04 avgQpOffsetCutree:0.00;
in:229 out:231 type:b q:21.59 q-aq:22.00 q-noVbv:21.59 q-Rceq:1.00 tex:12279 mv:8596 misc:1869 icu:65.50 pcu:446.25 scu:784.25 tlayer:4 pbqpoffset:6.17 pbfactor:2.04 avgQpOffsetCutree:0.00;
in:234 out:232 type:B q:16.94 q-aq:15.02 q-noVbv:16.94 q-Rceq:1.00 tex:99101 mv:20545 misc:2786 icu:428.50 pcu:356.75 scu:510.75 tlayer:2 pbqpoffset:1.33 pbfactor:1.17 avgQpOffsetCutree:-2.59;
in:232 out:233 type:B q:17.65 q-aq:16.67 q-noVbv:17.65 q-Rceq:1.00 tex:62235 mv:16836 misc:2561 icu:244.75 pcu:476.25 scu:575.00 tlayer:3 pbqpoffset:2.12 pbfactor:1.28 avgQpOffsetCutree:-1.68;
in:231 out:234 type:b q:21.25 q-aq:21.28 q-noVbv:21.25 q-Rceq:1.00 tex:17228 mv:9831 misc:2093 icu:86.00 pcu:465.25 scu:744.75 tlayer:4 pbqpoffset:5.76 pbfactor:1.95 avgQpOffsetCutree:0.00;
in:233 out:235 type:b q:21.38 q-aq:21.63 q-noVbv:21.38 q-Rceq:1.00 tex:15691 mv:10292 misc:2305 icu:77.25 pcu:479.25 scu:739.50 tlayer:4 pbqpoffset:5.82 pbfactor:1.96 avgQpOffsetCutree:0.00;
in:236 out:236 type:B q:18.11 q-aq:18.46 q-noVbv:18.11 q-Rceq:1.00 tex:44739 mv:15545 misc:2828 icu:203.75 pcu:480.00 scu:612.25 tlayer:3 pbqpoffset:2.43 pbfactor:1.32 avgQpOffsetCutree:-0.56;
in:235 out:237 type:b q:20.53 q-aq:20.96 q-noVbv:20.53 q-Rceq:1.00 tex:20300 mv:10001 misc:2163 icu:111.00 pcu:457.50 scu:727.50 tlayer:4 pbqpoffset:4.89 pbfactor:1.76 avgQpOffsetCutree:0.00;
in:249 out:238 type:k q:17.93 q-aq:15.21 q-noVbv:17.93 q-Rceq:1.00 tex:244017 mv:34470 misc:2569 icu:1248.75 pcu:47.25 scu:0.00 tlayer:0 pbqpoffset:0.34 pbfactor:1.04 avgQpOffsetCutree:-3.60;
in:243 out:239 type:B q:18.45 q-aq:14.75 q-noVbv:18.45 q-Rceq:1.00 tex:152611 mv:26316 misc:3209 icu:799.75 pcu:216.25 scu:280.00 tlayer:1 pbqpoffset:1.63 pbfactor:1.21 avgQpOffsetCutree:-4.23;
in:240 out:240 type:B q:17.90 q-aq:16.63 q-noVbv:17.90 q-Rceq:1.00 tex:93786 mv:20126 misc:2760 icu:563.50 pcu:280.75 scu:451.75 tlayer:2 pbqpoffset:1.63 pbfactor:1.21 avgQpOffsetCutree:-2.12;
in:239 out:241 type:B q:18.63 q-aq:19.21 q-noVbv:18.63 q-Rceq:1.00 tex:58719 mv:14314 misc:2615 icu:347.50 pcu:336.25 scu:612.25 tlayer:3 pbqpoffset:2.55 pbfactor:1.34 avgQpOffsetCutree:-0.39;
in:238 out:242 type:b q:22.27 q-aq:22.47 q-noVbv:22.27 q-Rceq:1.00 tex:15752 mv:9057 misc:2079 icu:108.25 pcu:427.25 scu:760.50 tlayer:4 pbqpoffset:6.37 pbfactor:2.09 avgQpOffsetCutree:0.00;
in:242 out:243 type:B q:20.13 q-aq:20.48 q-noVbv:20.13 q-Rceq:1.00 tex:32117 mv:14494 misc:2797 icu:127.75 pcu:503.00 scu:665.25 tlayer:3 pbqpoffset:3.50 pbfactor:1.50 avgQpOffsetCutree:-0.47;
in:241 out:244 type:b q:22.07 q-aq:22.14 q-noVbv:22.07 q-Rceq:1.00 tex:18224 mv:11244 misc:2300 icu:93.00 pcu:484.50 scu:718.50 tlayer:4 pbqpoffset:5.62 pbfactor:1.91 avgQpOffsetCutree:0.00;
in:246 out:245 type:B q:19.28 q-aq:17.26 q-noVbv:19.28 q-Rceq:1.00 tex:82417 mv:21126 misc:2961 icu:356.75 pcu:466.50 scu:472.75 tlayer:2 pbqpoffset:1.91 pbfactor:1.25 avgQpOffsetCutree:-2.59;
in:245 out:246 type:B q:20.69 q-aq:21.02 q-noVbv:20.69 q-Rceq:1.00 tex:26822 mv:13610 misc:2856 icu:128.00 pcu:480.50 scu:687.50 tlayer:3 pbqpoffset:3.50 pbfactor:1.50 avgQpOffsetCutree:-0.50;
in:244 out:247 type:b q:23.36 q-aq:23.48 q-noVbv:23.36 q-Rceq:1.00 tex:11974 mv:9387 misc:2303 icu:66.75 pcu:510.25 scu:719.00 tlayer:4 pbqpoffset:6.36 pbfactor:2.08 avgQpOffsetCutree:0.00;
in:248 out:248 type:B q:21.20 q-aq:21.47 q-noVbv:21.20 q-Rceq:1.00 tex:29648 mv:14104 misc:2704 icu:143.50 pcu:550.25 scu:602.25 tlayer:3 pbqpoffset:3.46 pbfactor:1.49 avgQpOffsetCutree:-0.49;
in:247 out:249 type:b q:24.05 q-aq:24.13 q-noVbv:24.05 q-Rceq:1.00 tex:11368 mv:9359 misc:2065 icu:75.50 pcu:519.25 scu:701.25 tlayer:4 pbqpoffset:6.50 pbfactor:2.12 avgQpOffsetCutree:0.00;
