#options: cpuid=1173503 frame-threads=1 no-wpp no-pmode no-pme psnr no-ssim log-level=2 bitdepth=8 input-csp=1 fps=25000/1000 input-res=768x432 interlace=0 total-frames=250 level-idc=0 high-tier=1 uhd-bd=0 ref=4 no-allow-non-conformance no-repeat-headers annexb no-aud no-hrd info hash=0 no-temporal-layers open-gop min-keyint=1 keyint=5000 bframes=15 b-adapt=2 b-pyramid bframe-bias=0 rc-lookahead=40 lookahead-slices=0 scenecut=40 no-intra-refresh ctu=64 min-cu-size=8 rect amp max-tu-size=32 tu-inter-depth=3 tu-intra-depth=3 limit-tu=4 rdoq-level=2 dynamic-rd=0.00 no-ssim-rd signhide no-tskip nr-intra=0 nr-inter=0 no-constrained-intra strong-intra-smoothing max-merge=4 limit-refs=1 limit-modes me=3 subme=4 merange=57 temporal-mvp weightp weightb no-analyze-src-pics deblock=0:0 sao no-sao-non-deblock rd=6 no-early-skip rskip no-fast-intra no-tskip-fast no-cu-lossless b-intra rdpenalty=0 psy-rd=0.00 psy-rdoq=0.00 no-rd-refine analysis-reuse-mode=0 no-lossless cbqpoffs=0 crqpoffs=0 rc=abr bitrate=2000 qcomp=0.60 qpstep=4 stats-write=1 stats-read=0 slow-firstpass ipratio=1.40 pbratio=1.30 aq-mode=1 aq-strength=0.00 cutree zone-count=0 no-strict-cbr qg-size=64 no-rc-grain qpmax=69 qpmin=0 no-const-vbv sar=0 overscan=0 videoformat=5 range=0 colorprim=2 transfer=2 colormatrix=2 chromaloc=0 display-window=0 max-cll=0,0 min-luma=0 max-luma=255 log2-max-poc-lsb=8 vui-timing-info vui-hrd-info slices=1 opt-qp-pps opt-ref-list-length-pps no-multi-pass-opt-rps scenecut-bias=0.05 no-opt-cu-delta-qp no-aq-motion no-hdr no-hdr-opt no-dhdr10-opt analysis-reuse-level=5 scale-factor=0 refine-intra=0 refine-inter=0 refine-mv=0 no-limit-sao ctu-info=0 max-tlayer=4
in:0 out:0 type:I q:27.38 q-aq:28.96 q-noVbv:27.38 q-Rceq:1.00 tex:120470 mv:15391 misc:1955 icu:1296.00 pcu:0.00 scu:0.00 tlayer:0 pbqpoffset:0.00 pbfactor:1.00 avgQpOffsetCutree:-0.84;
in:3 out:1 type:k q:30.29 q-aq:28.92 q-noVbv:30.29 q-Rceq:1.00 tex:90523 mv:12981 misc:1984 icu:1179.75 pcu:114.50 scu:1.75 tlayer:0 pbqpoffset:0.00 pbfactor:1.00 avgQpOffsetCutree:-1.98;
in:2 out:2 type:B q:32.61 q-aq:33.37 q-noVbv:32.61 q-Rceq:1.00 tex:50741 mv:11390 misc:2461 icu:788.50 pcu:380.25 scu:127.25 tlayer:1 pbqpoffset:2.32 pbfactor:1.31 avgQpOffsetCutree:-0.40;
in:1 out:3 type:b q:33.75 q-aq:34.18 q-noVbv:33.75 q-Rceq:1.00 tex:48143 mv:12507 misc:2198 icu:739.75 pcu:477.00 scu:79.25 tlayer:2 pbqpoffset:3.46 pbfactor:1.49 avgQpOffsetCutree:0.00;
in:19 out:4 type:k q:28.11 q-aq:26.27 q-noVbv:28.11 q-Rceq:1.00 tex:117967 mv:12724 misc:2029 icu:1255.50 pcu:39.75 scu:0.75 tlayer:0 pbqpoffset:0.00 pbfactor:1.00 avgQpOffsetCutree:-2.41;
in:11 out:5 type:B q:31.17 q-aq:29.80 q-noVbv:31.17 q-Rceq:1.00 tex:62805 mv:8511 misc:1956 icu:1238.00 pcu:55.75 scu:2.25 tlayer:1 pbqpoffset:1.97 pbfactor:1.26 avgQpOffsetCutree:-1.87;
in:7 out:6 type:B q:31.72 q-aq:30.69 q-noVbv:31.72 q-Rceq:1.00 tex:52928 mv:9596 misc:1996 icu:1121.25 pcu:140.75 scu:34.00 tlayer:2 pbqpoffset:1.97 pbfactor:1.26 avgQpOffsetCutree:-1.62;
in:5 out:7 type:B q:31.99 q-aq:31.67 q-noVbv:31.99 q-Rceq:1.00 tex:43046 mv:10360 misc:2306 icu:893.00 pcu:268.00 scu:135.00 tlayer:3 pbqpoffset:1.97 pbfactor:1.26 avgQpOffsetCutree:-1.13;
in:4 out:8 type:b q:33.26 q-aq:33.47 q-noVbv:33.26 q-Rceq:1.00 tex:31637 mv:11025 misc:2410 icu:610.25 pcu:385.50 scu:300.25 tlayer:4 pbqpoffset:3.11 pbfactor:1.43 avgQpOffsetCutree:0.00;
in:6 out:9 type:b q:32.99 q-aq:33.24 q-noVbv:32.99 q-Rceq:1.00 tex:23447 mv:8818 misc:2143 icu:527.50 pcu:377.25 scu:391.25 tlayer:4 pbqpoffset:3.11 pbfactor:1.43 avgQpOffsetCutree:0.00;
in:9 out:10 type:B q:31.44 q-aq:31.56 q-noVbv:31.44 q-Rceq:1.00 tex:46192 mv:9806 misc:2026 icu:989.75 pcu:195.00 scu:111.25 tlayer:3 pbqpoffset:1.97 pbfactor:1.26 avgQpOffsetCutree:-0.85;
in:8 out:11 type:b q:32.72 q-aq:33.13 q-noVbv:32.72 q-Rceq:1.00 tex:28558 mv:8553 misc:2161 icu:689.50 pcu:280.00 scu:326.50 tlayer:4 pbqpoffset:3.11 pbfactor:1.43 avgQpOffsetCutree:0.00;
in:10 out:12 type:b q:32.44 q-aq:32.69 q-noVbv:32.44 q-Rceq:1.00 tex:30058 mv:10520 misc:2414 icu:638.50 pcu:412.50 scu:245.00 tlayer:4 pbqpoffset:3.11 pbfactor:1.43 avgQpOffsetCutree:0.00;
in:15 out:13 type:B q:30.63 q-aq:30.24 q-noVbv:30.63 q-Rceq:1.00 tex:65195 mv:9417 misc:1844 icu:1217.00 pcu:71.00 scu:8.00 tlayer:2 pbqpoffset:1.97 pbfactor:1.26 avgQpOffsetCutree:-1.21;
in:13 out:14 type:B q:30.90 q-aq:30.72 q-noVbv:30.90 q-Rceq:1.00 tex:51569 mv:9340 misc:2107 icu:989.75 pcu:235.00 scu:71.25 tlayer:3 pbqpoffset:1.97 pbfactor:1.26 avgQpOffsetCutree:-1.01;
in:12 out:15 type:b q:32.17 q-aq:32.32 q-noVbv:32.17 q-Rceq:1.00 tex:33309 mv:10553 misc:2394 icu:571.50 pcu:416.50 scu:308.00 tlayer:4 pbqpoffset:3.11 pbfactor:1.43 avgQpOffsetCutree:0.00;
in:14 out:16 type:b q:31.90 q-aq:32.21 q-noVbv:31.90 q-Rceq:1.00 tex:34330 mv:10721 misc:2493 icu:609.50 pcu:396.00 scu:290.50 tlayer:4 pbqpoffset:3.11 pbfactor:1.43 avgQpOffsetCutree:0.00;
in:17 out:17 type:B q:30.35 q-aq:30.64 q-noVbv:30.35 q-Rceq:1.00 tex:84570 mv:14010 misc:2324 icu:1030.75 pcu:224.00 scu:41.25 tlayer:3 pbqpoffset:1.97 pbfactor:1.26 avgQpOffsetCutree:-0.79;
in:16 out:18 type:b q:31.62 q-aq:32.24 q-noVbv:31.62 q-Rceq:1.00 tex:73647 mv:13337 misc:2424 icu:813.00 pcu:419.00 scu:64.00 tlayer:4 pbqpoffset:3.11 pbfactor:1.43 avgQpOffsetCutree:0.00;
in:18 out:19 type:b q:31.35 q-aq:31.66 q-noVbv:31.35 q-Rceq:1.00 tex:49530 mv:14544 misc:2526 icu:656.75 pcu:445.25 scu:194.00 tlayer:4 pbqpoffset:3.11 pbfactor:1.43 avgQpOffsetCutree:0.00;
in:34 out:20 type:k q:26.54 q-aq:25.50 q-noVbv:26.54 q-Rceq:1.00 tex:122578 mv:12881 misc:1949 icu:1254.50 pcu:41.50 scu:0.00 tlayer:0 pbqpoffset:0.00 pbfactor:1.00 avgQpOffsetCutree:-2.01;
in:27 out:21 type:B q:29.31 q-aq:28.04 q-noVbv:29.31 q-Rceq:1.00 tex:79190 mv:9607 misc:1923 icu:1223.00 pcu:72.75 scu:0.25 tlayer:1 pbqpoffset:2.03 pbfactor:1.27 avgQpOffsetCutree:-1.98;
in:23 out:22 type:B q:29.72 q-aq:29.08 q-noVbv:29.72 q-Rceq:1.00 tex:65607 mv:11301 misc:2108 icu:1116.25 pcu:157.25 scu:22.50 tlayer:2 pbqpoffset:2.03 pbfactor:1.27 avgQpOffsetCutree:-1.48;
in:21 out:23 type:B q:29.93 q-aq:29.93 q-noVbv:29.93 q-Rceq:1.00 tex:55689 mv:12140 misc:2411 icu:928.50 pcu:265.00 scu:102.50 tlayer:3 pbqpoffset:2.03 pbfactor:1.27 avgQpOffsetCutree:-1.02;
in:20 out:24 type:b q:31.17 q-aq:31.48 q-noVbv:31.17 q-Rceq:1.00 tex:33010 mv:11404 misc:2578 icu:589.00 pcu:412.75 scu:294.25 tlayer:4 pbqpoffset:3.17 pbfactor:1.44 avgQpOffsetCutree:0.00;
in:22 out:25 type:b q:30.96 q-aq:31.28 q-noVbv:30.96 q-Rceq:1.00 tex:30349 mv:11232 misc:2571 icu:532.75 pcu:415.75 scu:347.50 tlayer:4 pbqpoffset:3.17 pbfactor:1.44 avgQpOffsetCutree:0.00;
in:25 out:26 type:B q:29.51 q-aq:29.66 q-noVbv:29.51 q-Rceq:1.00 tex:54822 mv:10682 misc:2088 icu:923.25 pcu:289.00 scu:83.75 tlayer:3 pbqpoffset:2.03 pbfactor:1.27 avgQpOffsetCutree:-0.86;
in:24 out:27 type:b q:30.76 q-aq:31.18 q-noVbv:30.76 q-Rceq:1.00 tex:35428 mv:10863 misc:2565 icu:576.75 pcu:413.00 scu:306.25 tlayer:4 pbqpoffset:3.17 pbfactor:1.44 avgQpOffsetCutree:0.00;
in:26 out:28 type:b q:30.55 q-aq:31.13 q-noVbv:30.55 q-Rceq:1.00 tex:40134 mv:11391 misc:2603 icu:563.50 pcu:440.25 scu:292.25 tlayer:4 pbqpoffset:3.17 pbfactor:1.44 avgQpOffsetCutree:0.00;
in:31 out:29 type:B q:28.89 q-aq:28.61 q-noVbv:28.89 q-Rceq:1.00 tex:77939 mv:10719 misc:1942 icu:1154.00 pcu:135.75 scu:6.25 tlayer:2 pbqpoffset:2.03 pbfactor:1.27 avgQpOffsetCutree:-1.21;
in:29 out:30 type:B q:29.10 q-aq:29.12 q-noVbv:29.10 q-Rceq:1.00 tex:62614 mv:12026 misc:2280 icu:919.00 pcu:314.00 scu:63.00 tlayer:3 pbqpoffset:2.03 pbfactor:1.27 avgQpOffsetCutree:-0.95;
in:28 out:31 type:b q:30.34 q-aq:30.55 q-noVbv:30.34 q-Rceq:1.00 tex:39717 mv:12541 misc:2566 icu:564.00 pcu:432.00 scu:300.00 tlayer:4 pbqpoffset:3.17 pbfactor:1.44 avgQpOffsetCutree:0.00;
in:30 out:32 type:b q:30.13 q-aq:30.51 q-noVbv:30.13 q-Rceq:1.00 tex:43722 mv:12043 misc:2547 icu:621.00 pcu:378.75 scu:296.25 tlayer:4 pbqpoffset:3.17 pbfactor:1.44 avgQpOffsetCutree:0.00;
in:33 out:33 type:B q:28.68 q-aq:29.28 q-noVbv:28.68 q-Rceq:1.00 tex:69307 mv:13742 misc:2631 icu:764.75 pcu:381.75 scu:149.50 tlayer:3 pbqpoffset:2.03 pbfactor:1.27 avgQpOffsetCutree:-0.57;
in:32 out:34 type:b q:29.92 q-aq:30.37 q-noVbv:29.92 q-Rceq:1.00 tex:70187 mv:15232 misc:2461 icu:824.75 pcu:384.25 scu:87.00 tlayer:4 pbqpoffset:3.17 pbfactor:1.44 avgQpOffsetCutree:0.00;
in:46 out:35 type:k q:26.19 q-aq:25.18 q-noVbv:26.19 q-Rceq:1.00 tex:124200 mv:13277 misc:2019 icu:1209.75 pcu:85.75 scu:0.50 tlayer:0 pbqpoffset:0.00 pbfactor:1.00 avgQpOffsetCutree:-2.28;
in:40 out:36 type:B q:28.49 q-aq:27.74 q-noVbv:28.49 q-Rceq:1.00 tex:86816 mv:11201 misc:1895 icu:1190.50 pcu:104.25 scu:1.25 tlayer:1 pbqpoffset:2.13 pbfactor:1.28 avgQpOffsetCutree:-1.79;
in:37 out:37 type:B q:28.58 q-aq:28.59 q-noVbv:28.58 q-Rceq:1.00 tex:81021 mv:12935 misc:2108 icu:1084.50 pcu:200.50 scu:11.00 tlayer:2 pbqpoffset:2.13 pbfactor:1.28 avgQpOffsetCutree:-1.16;
in:36 out:38 type:B q:28.61 q-aq:29.31 q-noVbv:28.61 q-Rceq:1.00 tex:61484 mv:13293 misc:2415 icu:847.00 pcu:339.00 scu:110.00 tlayer:3 pbqpoffset:2.13 pbfactor:1.28 avgQpOffsetCutree:-0.50;
in:35 out:39 type:b q:29.77 q-aq:30.29 q-noVbv:29.77 q-Rceq:1.00 tex:44320 mv:13766 misc:2546 icu:613.25 pcu:485.25 scu:197.50 tlayer:4 pbqpoffset:3.27 pbfactor:1.46 avgQpOffsetCutree:0.00;
in:39 out:40 type:B q:28.52 q-aq:29.34 q-noVbv:28.52 q-Rceq:1.00 tex:56138 mv:12998 misc:2632 icu:771.75 pcu:359.00 scu:165.25 tlayer:3 pbqpoffset:2.13 pbfactor:1.28 avgQpOffsetCutree:-0.41;
in:38 out:41 type:b q:29.68 q-aq:30.20 q-noVbv:29.68 q-Rceq:1.00 tex:45254 mv:13393 misc:2761 icu:644.25 pcu:424.00 scu:227.75 tlayer:4 pbqpoffset:3.27 pbfactor:1.46 avgQpOffsetCutree:0.00;
in:43 out:42 type:B q:28.40 q-aq:28.19 q-noVbv:28.40 q-Rceq:1.00 tex:78693 mv:11881 misc:2058 icu:1077.75 pcu:203.00 scu:15.25 tlayer:2 pbqpoffset:2.13 pbfactor:1.28 avgQpOffsetCutree:-1.27;
in:42 out:43 type:B q:28.43 q-aq:29.40 q-noVbv:28.43 q-Rceq:1.00 tex:57540 mv:12457 misc:2499 icu:745.25 pcu:379.50 scu:171.25 tlayer:3 pbqpoffset:2.13 pbfactor:1.28 avgQpOffsetCutree:-0.37;
in:41 out:44 type:b q:29.60 q-aq:30.19 q-noVbv:29.60 q-Rceq:1.00 tex:41744 mv:12903 misc:2601 icu:613.75 pcu:454.25 scu:228.00 tlayer:4 pbqpoffset:3.27 pbfactor:1.46 avgQpOffsetCutree:0.00;
in:45 out:45 type:B q:28.34 q-aq:28.99 q-noVbv:28.34 q-Rceq:1.00 tex:60429 mv:12741 misc:2366 icu:814.25 pcu:353.25 scu:128.50 tlayer:3 pbqpoffset:2.13 pbfactor:1.28 avgQpOffsetCutree:-0.54;
in:44 out:46 type:b q:29.51 q-aq:30.20 q-noVbv:29.51 q-Rceq:1.00 tex:48289 mv:13339 misc:2516 icu:602.75 pcu:476.50 scu:216.75 tlayer:4 pbqpoffset:3.27 pbfactor:1.46 avgQpOffsetCutree:0.00;
in:62 out:47 type:k q:26.27 q-aq:25.40 q-noVbv:26.27 q-Rceq:1.00 tex:121951 mv:12178 misc:1967 icu:1217.00 pcu:78.75 scu:0.25 tlayer:0 pbqpoffset:1.19 pbfactor:1.15 avgQpOffsetCutree:-2.23;
in:54 out:48 type:B q:28.42 q-aq:27.63 q-noVbv:28.42 q-Rceq:1.00 tex:96421 mv:11545 misc:2010 icu:1188.25 pcu:107.75 scu:0.00 tlayer:1 pbqpoffset:2.19 pbfactor:1.29 avgQpOffsetCutree:-1.92;
in:50 out:49 type:B q:28.40 q-aq:28.00 q-noVbv:28.40 q-Rceq:1.00 tex:95056 mv:11613 misc:1835 icu:1111.50 pcu:182.25 scu:2.25 tlayer:2 pbqpoffset:2.19 pbfactor:1.29 avgQpOffsetCutree:-1.60;
in:48 out:50 type:B q:28.39 q-aq:29.38 q-noVbv:28.39 q-Rceq:1.00 tex:83633 mv:16038 misc:2465 icu:1023.50 pcu:234.50 scu:38.00 tlayer:3 pbqpoffset:2.19 pbfactor:1.29 avgQpOffsetCutree:-0.52;
in:47 out:51 type:b q:29.52 q-aq:30.24 q-noVbv:29.52 q-Rceq:1.00 tex:43673 mv:11356 misc:2227 icu:708.50 pcu:386.50 scu:201.00 tlayer:4 pbqpoffset:3.33 pbfactor:1.47 avgQpOffsetCutree:0.00;
in:49 out:52 type:b q:29.53 q-aq:30.26 q-noVbv:29.53 q-Rceq:1.00 tex:51548 mv:15258 misc:2706 icu:569.50 pcu:520.75 scu:205.75 tlayer:4 pbqpoffset:3.33 pbfactor:1.47 avgQpOffsetCutree:0.00;
in:52 out:53 type:B q:28.41 q-aq:28.76 q-noVbv:28.41 q-Rceq:1.00 tex:67108 mv:14526 misc:2310 icu:941.50 pcu:314.25 scu:40.25 tlayer:3 pbqpoffset:2.19 pbfactor:1.29 avgQpOffsetCutree:-0.84;
in:51 out:54 type:b q:29.54 q-aq:30.24 q-noVbv:29.54 q-Rceq:1.00 tex:44108 mv:13699 misc:2721 icu:637.75 pcu:424.75 scu:233.50 tlayer:4 pbqpoffset:3.33 pbfactor:1.47 avgQpOffsetCutree:0.00;
in:53 out:55 type:b q:29.55 q-aq:30.26 q-noVbv:29.55 q-Rceq:1.00 tex:50228 mv:13680 misc:2508 icu:659.75 pcu:465.25 scu:171.00 tlayer:4 pbqpoffset:3.33 pbfactor:1.47 avgQpOffsetCutree:0.00;
in:58 out:56 type:B q:28.44 q-aq:27.93 q-noVbv:28.44 q-Rceq:1.00 tex:84463 mv:12480 misc:1753 icu:1086.75 pcu:202.50 scu:6.75 tlayer:2 pbqpoffset:2.19 pbfactor:1.29 avgQpOffsetCutree:-1.64;
in:56 out:57 type:B q:28.43 q-aq:28.73 q-noVbv:28.43 q-Rceq:1.00 tex:68044 mv:13420 misc:2192 icu:936.75 pcu:320.75 scu:38.50 tlayer:3 pbqpoffset:2.19 pbfactor:1.29 avgQpOffsetCutree:-0.89;
in:55 out:58 type:b q:29.56 q-aq:30.19 q-noVbv:29.56 q-Rceq:1.00 tex:45187 mv:12668 misc:2313 icu:614.25 pcu:457.25 scu:224.50 tlayer:4 pbqpoffset:3.33 pbfactor:1.47 avgQpOffsetCutree:0.00;
in:57 out:59 type:b q:29.57 q-aq:30.23 q-noVbv:29.57 q-Rceq:1.00 tex:43466 mv:12225 misc:2389 icu:570.00 pcu:492.00 scu:234.00 tlayer:4 pbqpoffset:3.33 pbfactor:1.47 avgQpOffsetCutree:0.00;
in:60 out:60 type:B q:28.45 q-aq:28.58 q-noVbv:28.45 q-Rceq:1.00 tex:71485 mv:15180 misc:2551 icu:847.00 pcu:392.75 scu:56.25 tlayer:3 pbqpoffset:2.19 pbfactor:1.29 avgQpOffsetCutree:-0.99;
in:59 out:61 type:b q:29.58 q-aq:30.28 q-noVbv:29.58 q-Rceq:1.00 tex:44775 mv:13808 misc:2585 icu:558.25 pcu:497.25 scu:240.50 tlayer:4 pbqpoffset:3.33 pbfactor:1.47 avgQpOffsetCutree:0.00;
in:61 out:62 type:b q:29.59 q-aq:30.23 q-noVbv:29.59 q-Rceq:1.00 tex:41410 mv:14087 misc:2623 icu:532.50 pcu:485.25 scu:278.25 tlayer:4 pbqpoffset:3.33 pbfactor:1.47 avgQpOffsetCutree:0.00;
in:66 out:63 type:k q:26.82 q-aq:26.02 q-noVbv:26.82 q-Rceq:1.00 tex:117796 mv:12265 misc:1931 icu:1179.25 pcu:116.50 scu:0.25 tlayer:0 pbqpoffset:0.00 pbfactor:1.00 avgQpOffsetCutree:-2.26;
in:64 out:64 type:B q:28.76 q-aq:29.57 q-noVbv:28.76 q-Rceq:1.00 tex:80875 mv:15796 misc:2449 icu:1032.75 pcu:238.75 scu:24.50 tlayer:1 pbqpoffset:2.21 pbfactor:1.29 avgQpOffsetCutree:-0.59;
in:63 out:65 type:b q:29.76 q-aq:30.32 q-noVbv:29.76 q-Rceq:1.00 tex:48778 mv:13097 misc:2485 icu:712.75 pcu:382.00 scu:201.25 tlayer:2 pbqpoffset:3.35 pbfactor:1.47 avgQpOffsetCutree:0.00;
in:65 out:66 type:b q:30.03 q-aq:30.46 q-noVbv:30.03 q-Rceq:1.00 tex:49828 mv:15657 misc:2667 icu:612.50 pcu:504.00 scu:179.50 tlayer:2 pbqpoffset:3.35 pbfactor:1.47 avgQpOffsetCutree:0.00;
in:82 out:67 type:k q:26.53 q-aq:25.35 q-noVbv:26.53 q-Rceq:1.00 tex:127841 mv:12457 misc:2102 icu:1243.75 pcu:51.75 scu:0.50 tlayer:0 pbqpoffset:0.00 pbfactor:1.00 avgQpOffsetCutree:-2.51;
in:74 out:68 type:B q:28.92 q-aq:27.99 q-noVbv:28.92 q-Rceq:1.00 tex:93111 mv:10790 misc:1923 icu:1197.75 pcu:98.00 scu:0.25 tlayer:1 pbqpoffset:2.24 pbfactor:1.30 avgQpOffsetCutree:-1.98;
in:70 out:69 type:B q:28.99 q-aq:28.57 q-noVbv:28.99 q-Rceq:1.00 tex:85578 mv:12673 misc:2157 icu:1093.75 pcu:191.00 scu:11.25 tlayer:2 pbqpoffset:2.24 pbfactor:1.30 avgQpOffsetCutree:-1.51;
in:68 out:70 type:B q:29.03 q-aq:29.22 q-noVbv:29.03 q-Rceq:1.00 tex:68114 mv:13857 misc:2117 icu:943.00 pcu:316.25 scu:36.75 tlayer:3 pbqpoffset:2.24 pbfactor:1.30 avgQpOffsetCutree:-0.93;
in:67 out:71 type:b q:30.18 q-aq:30.63 q-noVbv:30.18 q-Rceq:1.00 tex:42454 mv:13884 misc:2526 icu:590.50 pcu:495.75 scu:209.75 tlayer:4 pbqpoffset:3.38 pbfactor:1.48 avgQpOffsetCutree:0.00;
in:69 out:72 type:b q:30.14 q-aq:30.58 q-noVbv:30.14 q-Rceq:1.00 tex:45521 mv:14530 misc:2669 icu:610.75 pcu:486.75 scu:198.50 tlayer:4 pbqpoffset:3.38 pbfactor:1.48 avgQpOffsetCutree:0.00;
in:72 out:73 type:B q:28.95 q-aq:29.14 q-noVbv:28.95 q-Rceq:1.00 tex:66237 mv:13129 misc:2202 icu:928.00 pcu:323.00 scu:45.00 tlayer:3 pbqpoffset:2.24 pbfactor:1.30 avgQpOffsetCutree:-0.91;
in:71 out:74 type:b q:30.11 q-aq:30.41 q-noVbv:30.11 q-Rceq:1.00 tex:38243 mv:12304 misc:2525 icu:567.50 pcu:431.75 scu:296.75 tlayer:4 pbqpoffset:3.38 pbfactor:1.48 avgQpOffsetCutree:0.00;
in:73 out:75 type:b q:30.07 q-aq:30.43 q-noVbv:30.07 q-Rceq:1.00 tex:45634 mv:13149 misc:2617 icu:591.75 pcu:480.25 scu:224.00 tlayer:4 pbqpoffset:3.38 pbfactor:1.48 avgQpOffsetCutree:0.00;
in:78 out:76 type:B q:28.84 q-aq:28.51 q-noVbv:28.84 q-Rceq:1.00 tex:87101 mv:12170 misc:2097 icu:1162.25 pcu:130.50 scu:3.25 tlayer:2 pbqpoffset:2.24 pbfactor:1.30 avgQpOffsetCutree:-1.47;
in:76 out:77 type:B q:28.88 q-aq:29.11 q-noVbv:28.88 q-Rceq:1.00 tex:67497 mv:13516 misc:2307 icu:916.25 pcu:315.75 scu:64.00 tlayer:3 pbqpoffset:2.24 pbfactor:1.30 avgQpOffsetCutree:-0.91;
in:75 out:78 type:b q:30.03 q-aq:30.40 q-noVbv:30.03 q-Rceq:1.00 tex:45178 mv:13298 misc:2532 icu:613.00 pcu:477.50 scu:205.50 tlayer:4 pbqpoffset:3.38 pbfactor:1.48 avgQpOffsetCutree:0.00;
in:77 out:79 type:b q:30.00 q-aq:30.37 q-noVbv:30.00 q-Rceq:1.00 tex:45441 mv:13937 misc:2702 icu:616.00 pcu:489.75 scu:190.25 tlayer:4 pbqpoffset:3.38 pbfactor:1.48 avgQpOffsetCutree:0.00;
in:80 out:80 type:B q:28.81 q-aq:29.69 q-noVbv:28.81 q-Rceq:1.00 tex:82429 mv:15800 misc:2235 icu:1062.75 pcu:206.75 scu:26.50 tlayer:3 pbqpoffset:2.24 pbfactor:1.30 avgQpOffsetCutree:-0.60;
in:79 out:81 type:b q:29.96 q-aq:30.45 q-noVbv:29.96 q-Rceq:1.00 tex:52160 mv:12827 misc:2589 icu:740.50 pcu:381.25 scu:174.25 tlayer:4 pbqpoffset:3.38 pbfactor:1.48 avgQpOffsetCutree:0.00;
in:81 out:82 type:b q:29.92 q-aq:30.42 q-noVbv:29.92 q-Rceq:1.00 tex:53849 mv:16647 misc:2616 icu:610.00 pcu:503.75 scu:182.25 tlayer:4 pbqpoffset:3.38 pbfactor:1.48 avgQpOffsetCutree:0.00;
in:98 out:83 type:k q:26.66 q-aq:25.65 q-noVbv:26.66 q-Rceq:1.00 tex:134550 mv:13385 misc:1961 icu:1244.25 pcu:51.75 scu:0.00 tlayer:0 pbqpoffset:1.56 pbfactor:1.20 avgQpOffsetCutree:-2.55;
in:90 out:84 type:B q:28.93 q-aq:28.12 q-noVbv:28.93 q-Rceq:1.00 tex:93341 mv:10947 misc:2032 icu:1186.75 pcu:108.50 scu:0.75 tlayer:1 pbqpoffset:2.34 pbfactor:1.31 avgQpOffsetCutree:-2.02;
in:86 out:85 type:B q:28.90 q-aq:28.48 q-noVbv:28.90 q-Rceq:1.00 tex:83879 mv:12179 misc:2134 icu:1089.75 pcu:194.75 scu:11.50 tlayer:2 pbqpoffset:2.34 pbfactor:1.31 avgQpOffsetCutree:-1.55;
in:84 out:86 type:B q:28.88 q-aq:28.99 q-noVbv:28.88 q-Rceq:1.00 tex:66534 mv:12844 misc:2502 icu:902.00 pcu:317.00 scu:77.00 tlayer:3 pbqpoffset:2.34 pbfactor:1.31 avgQpOffsetCutree:-1.00;
in:83 out:87 type:b q:30.01 q-aq:30.43 q-noVbv:30.01 q-Rceq:1.00 tex:42694 mv:13354 misc:2808 icu:571.25 pcu:466.00 scu:258.75 tlayer:4 pbqpoffset:3.47 pbfactor:1.49 avgQpOffsetCutree:0.00;
in:85 out:88 type:b q:30.03 q-aq:30.48 q-noVbv:30.03 q-Rceq:1.00 tex:45021 mv:13988 misc:2647 icu:606.00 pcu:467.00 scu:223.00 tlayer:4 pbqpoffset:3.47 pbfactor:1.49 avgQpOffsetCutree:0.00;
in:88 out:89 type:B q:28.92 q-aq:29.07 q-noVbv:28.92 q-Rceq:1.00 tex:67331 mv:13672 misc:2333 icu:924.25 pcu:305.25 scu:66.50 tlayer:3 pbqpoffset:2.34 pbfactor:1.31 avgQpOffsetCutree:-0.95;
in:87 out:90 type:b q:30.04 q-aq:30.52 q-noVbv:30.04 q-Rceq:1.00 tex:44263 mv:13513 misc:2528 icu:616.25 pcu:475.25 scu:204.50 tlayer:4 pbqpoffset:3.47 pbfactor:1.49 avgQpOffsetCutree:0.00;
in:89 out:91 type:b q:30.06 q-aq:30.46 q-noVbv:30.06 q-Rceq:1.00 tex:44548 mv:13570 misc:2650 icu:632.25 pcu:440.75 scu:223.00 tlayer:4 pbqpoffset:3.47 pbfactor:1.49 avgQpOffsetCutree:0.00;
in:94 out:92 type:B q:28.97 q-aq:28.72 q-noVbv:28.97 q-Rceq:1.00 tex:86085 mv:11913 misc:2130 icu:1113.00 pcu:175.75 scu:7.25 tlayer:2 pbqpoffset:2.34 pbfactor:1.31 avgQpOffsetCutree:-1.52;
in:92 out:93 type:B q:28.95 q-aq:29.10 q-noVbv:28.95 q-Rceq:1.00 tex:67488 mv:12187 misc:2301 icu:913.75 pcu:302.25 scu:80.00 tlayer:3 pbqpoffset:2.34 pbfactor:1.31 avgQpOffsetCutree:-0.95;
in:91 out:94 type:b q:30.08 q-aq:30.52 q-noVbv:30.08 q-Rceq:1.00 tex:43035 mv:13284 misc:2585 icu:618.00 pcu:436.25 scu:241.75 tlayer:4 pbqpoffset:3.47 pbfactor:1.49 avgQpOffsetCutree:0.00;
in:93 out:95 type:b q:30.09 q-aq:30.55 q-noVbv:30.09 q-Rceq:1.00 tex:46286 mv:13412 misc:2678 icu:619.25 pcu:453.50 scu:223.25 tlayer:4 pbqpoffset:3.47 pbfactor:1.49 avgQpOffsetCutree:0.00;
in:96 out:96 type:B q:28.98 q-aq:30.01 q-noVbv:28.98 q-Rceq:1.00 tex:82878 mv:16460 misc:2390 icu:1034.75 pcu:202.25 scu:59.00 tlayer:3 pbqpoffset:2.34 pbfactor:1.31 avgQpOffsetCutree:-0.56;
in:95 out:97 type:b q:30.11 q-aq:30.56 q-noVbv:30.11 q-Rceq:1.00 tex:48166 mv:12573 misc:2509 icu:710.25 pcu:345.50 scu:240.25 tlayer:4 pbqpoffset:3.47 pbfactor:1.49 avgQpOffsetCutree:0.00;
in:97 out:98 type:b q:30.13 q-aq:30.71 q-noVbv:30.13 q-Rceq:1.00 tex:55642 mv:16565 misc:2785 icu:598.50 pcu:488.25 scu:209.25 tlayer:4 pbqpoffset:3.47 pbfactor:1.49 avgQpOffsetCutree:0.00;
in:114 out:99 type:k q:26.65 q-aq:25.68 q-noVbv:26.65 q-Rceq:1.00 tex:130872 mv:13192 misc:2128 icu:1224.50 pcu:71.00 scu:0.50 tlayer:0 pbqpoffset:1.05 pbfactor:1.13 avgQpOffsetCutree:-2.47;
in:106 out:100 type:B q:29.04 q-aq:28.11 q-noVbv:29.04 q-Rceq:1.00 tex:89743 mv:12183 misc:2082 icu:1173.75 pcu:122.00 scu:0.25 tlayer:1 pbqpoffset:2.38 pbfactor:1.32 avgQpOffsetCutree:-1.99;
in:102 out:101 type:B q:29.04 q-aq:28.57 q-noVbv:29.04 q-Rceq:1.00 tex:83135 mv:12335 misc:2034 icu:1111.50 pcu:175.00 scu:9.50 tlayer:2 pbqpoffset:2.38 pbfactor:1.32 avgQpOffsetCutree:-1.55;
in:100 out:102 type:B q:29.04 q-aq:29.19 q-noVbv:29.04 q-Rceq:1.00 tex:67891 mv:13529 misc:2468 icu:943.00 pcu:261.50 scu:91.50 tlayer:3 pbqpoffset:2.38 pbfactor:1.32 avgQpOffsetCutree:-1.01;
in:99 out:103 type:b q:30.18 q-aq:30.60 q-noVbv:30.18 q-Rceq:1.00 tex:44594 mv:13365 misc:2617 icu:605.50 pcu:455.50 scu:235.00 tlayer:4 pbqpoffset:3.52 pbfactor:1.50 avgQpOffsetCutree:0.00;
in:101 out:104 type:b q:30.18 q-aq:30.61 q-noVbv:30.18 q-Rceq:1.00 tex:43288 mv:12704 misc:2648 icu:617.25 pcu:414.00 scu:264.75 tlayer:4 pbqpoffset:3.52 pbfactor:1.50 avgQpOffsetCutree:0.00;
in:104 out:105 type:B q:29.04 q-aq:29.12 q-noVbv:29.04 q-Rceq:1.00 tex:67225 mv:13168 misc:2383 icu:912.75 pcu:290.50 scu:92.75 tlayer:3 pbqpoffset:2.38 pbfactor:1.32 avgQpOffsetCutree:-1.00;
in:103 out:106 type:b q:30.18 q-aq:30.58 q-noVbv:30.18 q-Rceq:1.00 tex:46298 mv:12924 misc:2498 icu:620.00 pcu:439.00 scu:237.00 tlayer:4 pbqpoffset:3.52 pbfactor:1.50 avgQpOffsetCutree:0.00;
in:105 out:107 type:b q:30.18 q-aq:30.56 q-noVbv:30.18 q-Rceq:1.00 tex:39112 mv:11726 misc:2594 icu:615.50 pcu:389.00 scu:291.50 tlayer:4 pbqpoffset:3.52 pbfactor:1.50 avgQpOffsetCutree:0.00;
in:110 out:108 type:B q:29.04 q-aq:28.68 q-noVbv:29.04 q-Rceq:1.00 tex:80158 mv:11539 misc:2167 icu:1115.25 pcu:156.00 scu:24.75 tlayer:2 pbqpoffset:2.38 pbfactor:1.32 avgQpOffsetCutree:-1.46;
in:108 out:109 type:B q:29.04 q-aq:29.40 q-noVbv:29.04 q-Rceq:1.00 tex:64593 mv:12344 misc:2343 icu:943.25 pcu:265.25 scu:87.50 tlayer:3 pbqpoffset:2.38 pbfactor:1.32 avgQpOffsetCutree:-0.85;
in:107 out:110 type:b q:30.17 q-aq:30.53 q-noVbv:30.17 q-Rceq:1.00 tex:43661 mv:13162 misc:2513 icu:612.50 pcu:416.75 scu:266.75 tlayer:4 pbqpoffset:3.52 pbfactor:1.50 avgQpOffsetCutree:0.00;
in:109 out:111 type:b q:30.17 q-aq:30.60 q-noVbv:30.17 q-Rceq:1.00 tex:44404 mv:13222 misc:2334 icu:661.25 pcu:390.25 scu:244.50 tlayer:4 pbqpoffset:3.52 pbfactor:1.50 avgQpOffsetCutree:0.00;
in:112 out:112 type:B q:29.04 q-aq:29.97 q-noVbv:29.04 q-Rceq:1.00 tex:78939 mv:16089 misc:2236 icu:1031.00 pcu:244.25 scu:20.75 tlayer:3 pbqpoffset:2.38 pbfactor:1.32 avgQpOffsetCutree:-0.58;
in:111 out:113 type:b q:30.17 q-aq:30.69 q-noVbv:30.17 q-Rceq:1.00 tex:56114 mv:13060 misc:2538 icu:746.25 pcu:387.00 scu:162.75 tlayer:4 pbqpoffset:3.52 pbfactor:1.50 avgQpOffsetCutree:0.00;
in:113 out:114 type:b q:30.17 q-aq:30.70 q-noVbv:30.17 q-Rceq:1.00 tex:55274 mv:14776 misc:2582 icu:673.25 pcu:387.75 scu:235.00 tlayer:4 pbqpoffset:3.52 pbfactor:1.50 avgQpOffsetCutree:0.00;
in:130 out:115 type:k q:26.62 q-aq:25.60 q-noVbv:26.62 q-Rceq:1.00 tex:121323 mv:12655 misc:1926 icu:1213.25 pcu:82.50 scu:0.25 tlayer:0 pbqpoffset:0.94 pbfactor:1.12 avgQpOffsetCutree:-2.31;
in:122 out:116 type:B q:28.92 q-aq:28.00 q-noVbv:28.92 q-Rceq:1.00 tex:84601 mv:10610 misc:2053 icu:1188.00 pcu:97.25 scu:10.75 tlayer:1 pbqpoffset:2.28 pbfactor:1.30 avgQpOffsetCutree:-1.87;
in:118 out:117 type:B q:28.93 q-aq:28.66 q-noVbv:28.93 q-Rceq:1.00 tex:77519 mv:12056 misc:2297 icu:1089.00 pcu:154.50 scu:52.50 tlayer:2 pbqpoffset:2.28 pbfactor:1.30 avgQpOffsetCutree:-1.36;
in:116 out:118 type:B q:28.93 q-aq:29.15 q-noVbv:28.93 q-Rceq:1.00 tex:66630 mv:11645 misc:2213 icu:942.25 pcu:241.75 scu:112.00 tlayer:3 pbqpoffset:2.28 pbfactor:1.30 avgQpOffsetCutree:-0.95;
in:115 out:119 type:b q:30.07 q-aq:30.50 q-noVbv:30.07 q-Rceq:1.00 tex:45033 mv:12582 misc:2313 icu:656.75 pcu:396.00 scu:243.25 tlayer:4 pbqpoffset:3.42 pbfactor:1.48 avgQpOffsetCutree:0.00;
in:117 out:120 type:b q:30.06 q-aq:30.47 q-noVbv:30.06 q-Rceq:1.00 tex:44126 mv:11740 misc:2558 icu:675.25 pcu:362.75 scu:258.00 tlayer:4 pbqpoffset:3.42 pbfactor:1.48 avgQpOffsetCutree:0.00;
in:120 out:121 type:B q:28.92 q-aq:29.21 q-noVbv:28.92 q-Rceq:1.00 tex:66894 mv:11774 misc:2244 icu:983.75 pcu:234.50 scu:77.75 tlayer:3 pbqpoffset:2.28 pbfactor:1.30 avgQpOffsetCutree:-0.87;
in:119 out:122 type:b q:30.06 q-aq:30.48 q-noVbv:30.06 q-Rceq:1.00 tex:45860 mv:13151 misc:2645 icu:675.00 pcu:423.25 scu:197.75 tlayer:4 pbqpoffset:3.42 pbfactor:1.48 avgQpOffsetCutree:0.00;
in:121 out:123 type:b q:30.06 q-aq:30.45 q-noVbv:30.06 q-Rceq:1.00 tex:45817 mv:12569 misc:2358 icu:667.50 pcu:425.00 scu:203.50 tlayer:4 pbqpoffset:3.42 pbfactor:1.48 avgQpOffsetCutree:0.00;
in:126 out:124 type:B q:28.91 q-aq:28.70 q-noVbv:28.91 q-Rceq:1.00 tex:82506 mv:12009 misc:1997 icu:1148.25 pcu:136.25 scu:11.50 tlayer:2 pbqpoffset:2.28 pbfactor:1.30 avgQpOffsetCutree:-1.43;
in:124 out:125 type:B q:28.91 q-aq:29.16 q-noVbv:28.91 q-Rceq:1.00 tex:68456 mv:12579 misc:2261 icu:938.50 pcu:286.00 scu:71.50 tlayer:3 pbqpoffset:2.28 pbfactor:1.30 avgQpOffsetCutree:-0.92;
in:123 out:126 type:b q:30.05 q-aq:30.47 q-noVbv:30.05 q-Rceq:1.00 tex:45165 mv:13473 misc:2602 icu:637.00 pcu:439.25 scu:219.75 tlayer:4 pbqpoffset:3.42 pbfactor:1.48 avgQpOffsetCutree:0.00;
in:125 out:127 type:b q:30.05 q-aq:30.49 q-noVbv:30.05 q-Rceq:1.00 tex:44739 mv:13034 misc:2595 icu:634.50 pcu:381.75 scu:279.75 tlayer:4 pbqpoffset:3.42 pbfactor:1.48 avgQpOffsetCutree:0.00;
in:128 out:128 type:B q:28.91 q-aq:29.80 q-noVbv:28.91 q-Rceq:1.00 tex:81058 mv:14750 misc:2376 icu:1074.75 pcu:187.00 scu:34.25 tlayer:3 pbqpoffset:2.28 pbfactor:1.30 avgQpOffsetCutree:-0.57;
in:127 out:129 type:b q:30.04 q-aq:30.50 q-noVbv:30.04 q-Rceq:1.00 tex:51564 mv:13024 misc:2660 icu:782.75 pcu:353.50 scu:159.75 tlayer:4 pbqpoffset:3.42 pbfactor:1.48 avgQpOffsetCutree:0.00;
in:129 out:130 type:b q:30.04 q-aq:30.45 q-noVbv:30.04 q-Rceq:1.00 tex:53657 mv:15539 misc:2836 icu:672.50 pcu:447.75 scu:175.75 tlayer:4 pbqpoffset:3.42 pbfactor:1.48 avgQpOffsetCutree:0.00;
in:146 out:131 type:k q:26.46 q-aq:25.35 q-noVbv:26.46 q-Rceq:1.00 tex:123679 mv:12629 misc:2108 icu:1241.75 pcu:53.75 scu:0.50 tlayer:0 pbqpoffset:1.05 pbfactor:1.13 avgQpOffsetCutree:-2.43;
in:138 out:132 type:B q:28.76 q-aq:27.95 q-noVbv:28.76 q-Rceq:1.00 tex:90988 mv:10534 misc:2102 icu:1203.50 pcu:92.00 scu:0.50 tlayer:1 pbqpoffset:2.23 pbfactor:1.29 avgQpOffsetCutree:-1.88;
in:134 out:133 type:B q:28.80 q-aq:28.35 q-noVbv:28.80 q-Rceq:1.00 tex:81450 mv:11199 misc:2103 icu:1108.75 pcu:176.75 scu:10.50 tlayer:2 pbqpoffset:2.23 pbfactor:1.29 avgQpOffsetCutree:-1.50;
in:132 out:134 type:B q:28.82 q-aq:29.00 q-noVbv:28.82 q-Rceq:1.00 tex:68168 mv:12620 misc:2252 icu:977.00 pcu:266.50 scu:52.50 tlayer:3 pbqpoffset:2.23 pbfactor:1.29 avgQpOffsetCutree:-0.92;
in:131 out:135 type:b q:29.97 q-aq:30.32 q-noVbv:29.97 q-Rceq:1.00 tex:44798 mv:13294 misc:2604 icu:640.75 pcu:434.00 scu:221.25 tlayer:4 pbqpoffset:3.36 pbfactor:1.47 avgQpOffsetCutree:0.00;
in:133 out:136 type:b q:29.95 q-aq:30.35 q-noVbv:29.95 q-Rceq:1.00 tex:44774 mv:13112 misc:2434 icu:624.25 pcu:517.50 scu:154.25 tlayer:4 pbqpoffset:3.36 pbfactor:1.47 avgQpOffsetCutree:0.00;
in:136 out:137 type:B q:28.78 q-aq:29.17 q-noVbv:28.78 q-Rceq:1.00 tex:65950 mv:12953 misc:2193 icu:968.00 pcu:265.25 scu:62.75 tlayer:3 pbqpoffset:2.23 pbfactor:1.29 avgQpOffsetCutree:-0.77;
in:135 out:138 type:b q:29.93 q-aq:30.34 q-noVbv:29.93 q-Rceq:1.00 tex:44307 mv:12907 misc:2506 icu:623.50 pcu:469.50 scu:203.00 tlayer:4 pbqpoffset:3.36 pbfactor:1.47 avgQpOffsetCutree:0.00;
in:137 out:139 type:b q:29.91 q-aq:30.41 q-noVbv:29.91 q-Rceq:1.00 tex:48040 mv:13528 misc:2712 icu:660.75 pcu:402.25 scu:233.00 tlayer:4 pbqpoffset:3.36 pbfactor:1.47 avgQpOffsetCutree:0.00;
in:142 out:140 type:B q:28.73 q-aq:28.42 q-noVbv:28.73 q-Rceq:1.00 tex:85724 mv:10326 misc:1918 icu:1174.25 pcu:108.25 scu:13.50 tlayer:2 pbqpoffset:2.23 pbfactor:1.29 avgQpOffsetCutree:-1.37;
in:140 out:141 type:B q:28.75 q-aq:28.89 q-noVbv:28.75 q-Rceq:1.00 tex:69767 mv:11869 misc:2204 icu:996.25 pcu:238.50 scu:61.25 tlayer:3 pbqpoffset:2.23 pbfactor:1.29 avgQpOffsetCutree:-0.95;
in:139 out:142 type:b q:29.89 q-aq:30.37 q-noVbv:29.89 q-Rceq:1.00 tex:47252 mv:13007 misc:2645 icu:666.50 pcu:393.50 scu:236.00 tlayer:4 pbqpoffset:3.36 pbfactor:1.47 avgQpOffsetCutree:0.00;
in:141 out:143 type:b q:29.87 q-aq:30.33 q-noVbv:29.87 q-Rceq:1.00 tex:45963 mv:12731 misc:2586 icu:673.00 pcu:386.75 scu:236.25 tlayer:4 pbqpoffset:3.36 pbfactor:1.47 avgQpOffsetCutree:0.00;
in:144 out:144 type:B q:28.71 q-aq:29.64 q-noVbv:28.71 q-Rceq:1.00 tex:77586 mv:15301 misc:2305 icu:1043.50 pcu:227.50 scu:25.00 tlayer:3 pbqpoffset:2.23 pbfactor:1.29 avgQpOffsetCutree:-0.55;
in:143 out:145 type:b q:29.85 q-aq:30.34 q-noVbv:29.85 q-Rceq:1.00 tex:42703 mv:11507 misc:2630 icu:671.00 pcu:345.25 scu:279.75 tlayer:4 pbqpoffset:3.36 pbfactor:1.47 avgQpOffsetCutree:0.00;
in:145 out:146 type:b q:29.83 q-aq:30.36 q-noVbv:29.83 q-Rceq:1.00 tex:53534 mv:14226 misc:2584 icu:620.50 pcu:486.50 scu:189.00 tlayer:4 pbqpoffset:3.36 pbfactor:1.47 avgQpOffsetCutree:0.00;
in:162 out:147 type:k q:26.64 q-aq:25.61 q-noVbv:26.64 q-Rceq:1.00 tex:120489 mv:11926 misc:2049 icu:1209.75 pcu:86.00 scu:0.25 tlayer:0 pbqpoffset:1.06 pbfactor:1.13 avgQpOffsetCutree:-2.44;
in:154 out:148 type:B q:28.78 q-aq:28.04 q-noVbv:28.78 q-Rceq:1.00 tex:92848 mv:11723 misc:1893 icu:1194.00 pcu:101.00 scu:1.00 tlayer:1 pbqpoffset:2.23 pbfactor:1.29 avgQpOffsetCutree:-1.93;
in:150 out:149 type:B q:28.74 q-aq:28.36 q-noVbv:28.74 q-Rceq:1.00 tex:80005 mv:11557 misc:2190 icu:1128.75 pcu:156.75 scu:10.50 tlayer:2 pbqpoffset:2.23 pbfactor:1.29 avgQpOffsetCutree:-1.49;
in:148 out:150 type:B q:28.71 q-aq:28.92 q-noVbv:28.71 q-Rceq:1.00 tex:69298 mv:13023 misc:2359 icu:956.00 pcu:291.00 scu:49.00 tlayer:3 pbqpoffset:2.23 pbfactor:1.29 avgQpOffsetCutree:-0.92;
in:147 out:151 type:b q:29.84 q-aq:30.35 q-noVbv:29.84 q-Rceq:1.00 tex:46684 mv:13547 misc:2441 icu:656.50 pcu:477.75 scu:161.75 tlayer:4 pbqpoffset:3.37 pbfactor:1.48 avgQpOffsetCutree:0.00;
in:149 out:152 type:b q:29.86 q-aq:30.30 q-noVbv:29.86 q-Rceq:1.00 tex:45154 mv:12796 misc:2594 icu:632.75 pcu:425.75 scu:237.50 tlayer:4 pbqpoffset:3.37 pbfactor:1.48 avgQpOffsetCutree:0.00;
in:152 out:153 type:B q:28.76 q-aq:29.11 q-noVbv:28.76 q-Rceq:1.00 tex:70615 mv:12624 misc:2065 icu:977.00 pcu:276.75 scu:42.25 tlayer:3 pbqpoffset:2.23 pbfactor:1.29 avgQpOffsetCutree:-0.89;
in:151 out:154 type:b q:29.88 q-aq:30.37 q-noVbv:29.88 q-Rceq:1.00 tex:46020 mv:13482 misc:2674 icu:614.75 pcu:495.00 scu:186.25 tlayer:4 pbqpoffset:3.37 pbfactor:1.48 avgQpOffsetCutree:0.00;
in:153 out:155 type:b q:29.91 q-aq:30.45 q-noVbv:29.91 q-Rceq:1.00 tex:45948 mv:13040 misc:2540 icu:614.25 pcu:455.75 scu:226.00 tlayer:4 pbqpoffset:3.37 pbfactor:1.48 avgQpOffsetCutree:0.00;
in:158 out:156 type:B q:28.83 q-aq:28.61 q-noVbv:28.83 q-Rceq:1.00 tex:82060 mv:11923 misc:2105 icu:1153.25 pcu:134.50 scu:8.25 tlayer:2 pbqpoffset:2.23 pbfactor:1.29 avgQpOffsetCutree:-1.43;
in:156 out:157 type:B q:28.80 q-aq:29.13 q-noVbv:28.80 q-Rceq:1.00 tex:70540 mv:13563 misc:2289 icu:928.50 pcu:316.50 scu:51.00 tlayer:3 pbqpoffset:2.23 pbfactor:1.29 avgQpOffsetCutree:-0.95;
in:155 out:158 type:b q:29.93 q-aq:30.47 q-noVbv:29.93 q-Rceq:1.00 tex:46625 mv:12685 misc:2474 icu:611.50 pcu:408.75 scu:275.75 tlayer:4 pbqpoffset:3.37 pbfactor:1.48 avgQpOffsetCutree:0.00;
in:157 out:159 type:b q:29.95 q-aq:30.41 q-noVbv:29.95 q-Rceq:1.00 tex:43905 mv:11980 misc:2467 icu:628.50 pcu:382.00 scu:285.50 tlayer:4 pbqpoffset:3.37 pbfactor:1.48 avgQpOffsetCutree:0.00;
in:160 out:160 type:B q:28.85 q-aq:29.76 q-noVbv:28.85 q-Rceq:1.00 tex:79819 mv:15188 misc:2209 icu:1063.00 pcu:211.75 scu:21.25 tlayer:3 pbqpoffset:2.23 pbfactor:1.29 avgQpOffsetCutree:-0.51;
in:159 out:161 type:b q:29.97 q-aq:30.46 q-noVbv:29.97 q-Rceq:1.00 tex:50315 mv:13314 misc:2611 icu:702.00 pcu:395.25 scu:198.75 tlayer:4 pbqpoffset:3.37 pbfactor:1.48 avgQpOffsetCutree:0.00;
in:161 out:162 type:b q:30.00 q-aq:30.46 q-noVbv:30.00 q-Rceq:1.00 tex:52756 mv:15290 misc:2474 icu:654.75 pcu:438.00 scu:203.25 tlayer:4 pbqpoffset:3.37 pbfactor:1.48 avgQpOffsetCutree:0.00;
in:178 out:163 type:k q:26.20 q-aq:25.07 q-noVbv:26.20 q-Rceq:1.00 tex:127126 mv:12124 misc:2086 icu:1223.25 pcu:72.75 scu:0.00 tlayer:0 pbqpoffset:1.09 pbfactor:1.13 avgQpOffsetCutree:-2.42;
in:170 out:164 type:B q:28.60 q-aq:27.73 q-noVbv:28.60 q-Rceq:1.00 tex:90613 mv:10543 misc:1924 icu:1188.25 pcu:106.50 scu:1.25 tlayer:1 pbqpoffset:2.18 pbfactor:1.29 avgQpOffsetCutree:-1.83;
in:166 out:165 type:B q:28.71 q-aq:28.33 q-noVbv:28.71 q-Rceq:1.00 tex:82325 mv:12626 misc:2065 icu:1104.50 pcu:187.00 scu:4.50 tlayer:2 pbqpoffset:2.18 pbfactor:1.29 avgQpOffsetCutree:-1.47;
in:164 out:166 type:B q:28.77 q-aq:28.84 q-noVbv:28.77 q-Rceq:1.00 tex:66652 mv:13680 misc:2196 icu:939.00 pcu:322.50 scu:34.50 tlayer:3 pbqpoffset:2.18 pbfactor:1.29 avgQpOffsetCutree:-0.98;
in:163 out:167 type:b q:29.93 q-aq:30.36 q-noVbv:29.93 q-Rceq:1.00 tex:42434 mv:13466 misc:2500 icu:593.25 pcu:471.75 scu:231.00 tlayer:4 pbqpoffset:3.32 pbfactor:1.47 avgQpOffsetCutree:0.00;
in:165 out:168 type:b q:29.87 q-aq:30.32 q-noVbv:29.87 q-Rceq:1.00 tex:44821 mv:12889 misc:2538 icu:669.25 pcu:401.25 scu:225.50 tlayer:4 pbqpoffset:3.32 pbfactor:1.47 avgQpOffsetCutree:0.00;
in:168 out:169 type:B q:28.66 q-aq:28.80 q-noVbv:28.66 q-Rceq:1.00 tex:68473 mv:13722 misc:1981 icu:920.25 pcu:358.00 scu:17.75 tlayer:3 pbqpoffset:2.18 pbfactor:1.29 avgQpOffsetCutree:-0.91;
in:167 out:170 type:b q:29.82 q-aq:30.25 q-noVbv:29.82 q-Rceq:1.00 tex:42295 mv:13281 misc:2536 icu:620.25 pcu:467.75 scu:208.00 tlayer:4 pbqpoffset:3.32 pbfactor:1.47 avgQpOffsetCutree:0.00;
in:169 out:171 type:b q:29.76 q-aq:30.24 q-noVbv:29.76 q-Rceq:1.00 tex:43564 mv:12482 misc:2490 icu:651.75 pcu:417.00 scu:227.25 tlayer:4 pbqpoffset:3.32 pbfactor:1.47 avgQpOffsetCutree:0.00;
in:174 out:172 type:B q:28.49 q-aq:28.00 q-noVbv:28.49 q-Rceq:1.00 tex:82455 mv:11035 misc:1990 icu:1147.50 pcu:142.75 scu:5.75 tlayer:2 pbqpoffset:2.18 pbfactor:1.29 avgQpOffsetCutree:-1.43;
in:172 out:173 type:B q:28.54 q-aq:28.90 q-noVbv:28.54 q-Rceq:1.00 tex:66561 mv:13131 misc:2164 icu:955.00 pcu:286.75 scu:54.25 tlayer:3 pbqpoffset:2.18 pbfactor:1.29 avgQpOffsetCutree:-0.76;
in:171 out:174 type:b q:29.71 q-aq:30.18 q-noVbv:29.71 q-Rceq:1.00 tex:42126 mv:12128 misc:2434 icu:651.50 pcu:428.50 scu:216.00 tlayer:4 pbqpoffset:3.32 pbfactor:1.47 avgQpOffsetCutree:0.00;
in:173 out:175 type:b q:29.65 q-aq:30.18 q-noVbv:29.65 q-Rceq:1.00 tex:46748 mv:13125 misc:2519 icu:668.50 pcu:412.00 scu:215.50 tlayer:4 pbqpoffset:3.32 pbfactor:1.47 avgQpOffsetCutree:0.00;
in:176 out:176 type:B q:28.43 q-aq:29.19 q-noVbv:28.43 q-Rceq:1.00 tex:82140 mv:15342 misc:2214 icu:1077.75 pcu:203.75 scu:14.50 tlayer:3 pbqpoffset:2.18 pbfactor:1.29 avgQpOffsetCutree:-0.56;
in:175 out:177 type:b q:29.60 q-aq:30.19 q-noVbv:29.60 q-Rceq:1.00 tex:54199 mv:12781 misc:2500 icu:786.25 pcu:352.75 scu:157.00 tlayer:4 pbqpoffset:3.32 pbfactor:1.47 avgQpOffsetCutree:0.00;
in:177 out:178 type:b q:29.54 q-aq:30.21 q-noVbv:29.54 q-Rceq:1.00 tex:54611 mv:15007 misc:2558 icu:660.00 pcu:449.50 scu:186.50 tlayer:4 pbqpoffset:3.32 pbfactor:1.47 avgQpOffsetCutree:0.00;
in:194 out:179 type:k q:26.14 q-aq:25.43 q-noVbv:26.14 q-Rceq:1.00 tex:124316 mv:11633 misc:2003 icu:1212.50 pcu:83.50 scu:0.00 tlayer:0 pbqpoffset:1.12 pbfactor:1.14 avgQpOffsetCutree:-2.09;
in:186 out:180 type:B q:28.31 q-aq:27.49 q-noVbv:28.31 q-Rceq:1.00 tex:92549 mv:11223 misc:1972 icu:1166.50 pcu:128.00 scu:1.50 tlayer:1 pbqpoffset:2.14 pbfactor:1.28 avgQpOffsetCutree:-1.83;
in:182 out:181 type:B q:28.33 q-aq:27.91 q-noVbv:28.33 q-Rceq:1.00 tex:83442 mv:11969 misc:1925 icu:1094.00 pcu:193.25 scu:8.75 tlayer:2 pbqpoffset:2.14 pbfactor:1.28 avgQpOffsetCutree:-1.48;
in:180 out:182 type:B q:28.33 q-aq:28.60 q-noVbv:28.33 q-Rceq:1.00 tex:71812 mv:13522 misc:2194 icu:949.00 pcu:305.25 scu:41.75 tlayer:3 pbqpoffset:2.14 pbfactor:1.28 avgQpOffsetCutree:-0.85;
in:179 out:183 type:b q:29.47 q-aq:30.03 q-noVbv:29.47 q-Rceq:1.00 tex:43900 mv:12486 misc:2774 icu:674.00 pcu:365.25 scu:256.75 tlayer:4 pbqpoffset:3.28 pbfactor:1.46 avgQpOffsetCutree:0.00;
in:181 out:184 type:b q:29.46 q-aq:29.94 q-noVbv:29.46 q-Rceq:1.00 tex:44779 mv:12644 misc:2633 icu:603.50 pcu:447.00 scu:245.50 tlayer:4 pbqpoffset:3.28 pbfactor:1.46 avgQpOffsetCutree:0.00;
in:184 out:185 type:B q:28.32 q-aq:28.47 q-noVbv:28.32 q-Rceq:1.00 tex:69218 mv:12179 misc:2163 icu:983.25 pcu:252.75 scu:60.00 tlayer:3 pbqpoffset:2.14 pbfactor:1.28 avgQpOffsetCutree:-0.95;
in:183 out:186 type:b q:29.46 q-aq:30.04 q-noVbv:29.46 q-Rceq:1.00 tex:45907 mv:13201 misc:2684 icu:648.50 pcu:407.00 scu:240.50 tlayer:4 pbqpoffset:3.28 pbfactor:1.46 avgQpOffsetCutree:0.00;
in:185 out:187 type:b q:29.45 q-aq:29.86 q-noVbv:29.45 q-Rceq:1.00 tex:45710 mv:12309 misc:2549 icu:665.50 pcu:409.25 scu:221.25 tlayer:4 pbqpoffset:3.28 pbfactor:1.46 avgQpOffsetCutree:0.00;
in:190 out:188 type:B q:28.30 q-aq:27.99 q-noVbv:28.30 q-Rceq:1.00 tex:83803 mv:11183 misc:2006 icu:1136.75 pcu:149.50 scu:9.75 tlayer:2 pbqpoffset:2.14 pbfactor:1.28 avgQpOffsetCutree:-1.38;
in:188 out:189 type:B q:28.31 q-aq:28.46 q-noVbv:28.31 q-Rceq:1.00 tex:70206 mv:12572 misc:2102 icu:973.00 pcu:291.00 scu:32.00 tlayer:3 pbqpoffset:2.14 pbfactor:1.28 avgQpOffsetCutree:-0.88;
in:187 out:190 type:b q:29.44 q-aq:29.82 q-noVbv:29.44 q-Rceq:1.00 tex:42517 mv:12328 misc:2651 icu:674.25 pcu:400.25 scu:221.50 tlayer:4 pbqpoffset:3.28 pbfactor:1.46 avgQpOffsetCutree:0.00;
in:189 out:191 type:b q:29.44 q-aq:29.79 q-noVbv:29.44 q-Rceq:1.00 tex:41064 mv:12474 misc:2582 icu:612.00 pcu:465.50 scu:218.50 tlayer:4 pbqpoffset:3.28 pbfactor:1.46 avgQpOffsetCutree:0.00;
in:192 out:192 type:B q:28.29 q-aq:29.10 q-noVbv:28.29 q-Rceq:1.00 tex:77668 mv:14856 misc:2084 icu:1066.25 pcu:219.25 scu:10.50 tlayer:3 pbqpoffset:2.14 pbfactor:1.28 avgQpOffsetCutree:-0.52;
in:191 out:193 type:b q:29.43 q-aq:29.89 q-noVbv:29.43 q-Rceq:1.00 tex:45444 mv:12796 misc:2632 icu:708.25 pcu:400.75 scu:187.00 tlayer:4 pbqpoffset:3.28 pbfactor:1.46 avgQpOffsetCutree:0.00;
in:193 out:194 type:b q:29.42 q-aq:29.88 q-noVbv:29.42 q-Rceq:1.00 tex:54339 mv:14619 misc:2554 icu:660.25 pcu:480.75 scu:155.00 tlayer:4 pbqpoffset:3.28 pbfactor:1.46 avgQpOffsetCutree:0.00;
in:210 out:195 type:k q:26.09 q-aq:25.38 q-noVbv:26.09 q-Rceq:1.00 tex:124510 mv:12524 misc:1918 icu:1224.25 pcu:71.50 scu:0.25 tlayer:0 pbqpoffset:1.28 pbfactor:1.16 avgQpOffsetCutree:-2.10;
in:202 out:196 type:B q:28.27 q-aq:27.44 q-noVbv:28.27 q-Rceq:1.00 tex:91658 mv:11054 misc:1896 icu:1170.75 pcu:124.75 scu:0.50 tlayer:1 pbqpoffset:2.15 pbfactor:1.28 avgQpOffsetCutree:-1.87;
in:198 out:197 type:B q:28.28 q-aq:27.80 q-noVbv:28.28 q-Rceq:1.00 tex:79684 mv:11556 misc:2112 icu:1115.25 pcu:161.00 scu:19.75 tlayer:2 pbqpoffset:2.15 pbfactor:1.28 avgQpOffsetCutree:-1.49;
in:196 out:198 type:B q:28.29 q-aq:28.59 q-noVbv:28.29 q-Rceq:1.00 tex:70377 mv:12631 misc:2352 icu:980.75 pcu:258.00 scu:57.25 tlayer:3 pbqpoffset:2.15 pbfactor:1.28 avgQpOffsetCutree:-0.81;
in:195 out:199 type:b q:29.42 q-aq:29.93 q-noVbv:29.42 q-Rceq:1.00 tex:44607 mv:12025 misc:2600 icu:676.25 pcu:409.00 scu:210.75 tlayer:4 pbqpoffset:3.29 pbfactor:1.46 avgQpOffsetCutree:0.00;
in:197 out:200 type:b q:29.42 q-aq:29.95 q-noVbv:29.42 q-Rceq:1.00 tex:48036 mv:13968 misc:2468 icu:610.25 pcu:481.50 scu:204.25 tlayer:4 pbqpoffset:3.29 pbfactor:1.46 avgQpOffsetCutree:0.00;
in:200 out:201 type:B q:28.27 q-aq:28.30 q-noVbv:28.27 q-Rceq:1.00 tex:69321 mv:12467 misc:2204 icu:974.75 pcu:275.00 scu:46.25 tlayer:3 pbqpoffset:2.15 pbfactor:1.28 avgQpOffsetCutree:-0.95;
in:199 out:202 type:b q:29.41 q-aq:29.89 q-noVbv:29.41 q-Rceq:1.00 tex:48863 mv:12344 misc:2449 icu:652.75 pcu:444.00 scu:199.25 tlayer:4 pbqpoffset:3.29 pbfactor:1.46 avgQpOffsetCutree:0.00;
in:201 out:203 type:b q:29.40 q-aq:29.84 q-noVbv:29.40 q-Rceq:1.00 tex:49338 mv:12262 misc:2560 icu:662.50 pcu:434.75 scu:198.75 tlayer:4 pbqpoffset:3.29 pbfactor:1.46 avgQpOffsetCutree:0.00;
in:206 out:204 type:B q:28.25 q-aq:27.98 q-noVbv:28.25 q-Rceq:1.00 tex:81977 mv:10848 misc:1943 icu:1147.25 pcu:141.75 scu:7.00 tlayer:2 pbqpoffset:2.15 pbfactor:1.28 avgQpOffsetCutree:-1.34;
in:204 out:205 type:B q:28.26 q-aq:28.45 q-noVbv:28.26 q-Rceq:1.00 tex:65534 mv:12224 misc:2218 icu:978.75 pcu:272.00 scu:45.25 tlayer:3 pbqpoffset:2.15 pbfactor:1.28 avgQpOffsetCutree:-0.81;
in:203 out:206 type:b q:29.40 q-aq:29.75 q-noVbv:29.40 q-Rceq:1.00 tex:42279 mv:12751 misc:2322 icu:653.75 pcu:459.75 scu:182.50 tlayer:4 pbqpoffset:3.29 pbfactor:1.46 avgQpOffsetCutree:0.00;
in:205 out:207 type:b q:29.39 q-aq:29.75 q-noVbv:29.39 q-Rceq:1.00 tex:44496 mv:12933 misc:2507 icu:674.75 pcu:432.50 scu:188.75 tlayer:4 pbqpoffset:3.29 pbfactor:1.46 avgQpOffsetCutree:0.00;
in:208 out:208 type:B q:28.25 q-aq:29.06 q-noVbv:28.25 q-Rceq:1.00 tex:79113 mv:13760 misc:2159 icu:1095.50 pcu:184.50 scu:16.00 tlayer:3 pbqpoffset:2.15 pbfactor:1.28 avgQpOffsetCutree:-0.53;
in:207 out:209 type:b q:29.39 q-aq:29.82 q-noVbv:29.39 q-Rceq:1.00 tex:48512 mv:12348 misc:2652 icu:748.25 pcu:370.25 scu:177.50 tlayer:4 pbqpoffset:3.29 pbfactor:1.46 avgQpOffsetCutree:0.00;
in:209 out:210 type:b q:29.38 q-aq:29.88 q-noVbv:29.38 q-Rceq:1.00 tex:54977 mv:15598 misc:2521 icu:725.75 pcu:404.00 scu:166.25 tlayer:4 pbqpoffset:3.29 pbfactor:1.46 avgQpOffsetCutree:0.00;
in:220 out:211 type:k q:26.13 q-aq:25.51 q-noVbv:26.13 q-Rceq:1.00 tex:114015 mv:12353 misc:2184 icu:1210.00 pcu:86.00 scu:0.00 tlayer:0 pbqpoffset:1.09 pbfactor:1.13 avgQpOffsetCutree:-1.86;
in:215 out:212 type:B q:28.21 q-aq:27.66 q-noVbv:28.21 q-Rceq:1.00 tex:81430 mv:10857 misc:1881 icu:1163.25 pcu:131.75 scu:1.00 tlayer:1 pbqpoffset:2.10 pbfactor:1.27 avgQpOffsetCutree:-1.57;
in:213 out:213 type:B q:28.20 q-aq:28.42 q-noVbv:28.20 q-Rceq:1.00 tex:73153 mv:12401 misc:1910 icu:1043.75 pcu:229.00 scu:23.25 tlayer:2 pbqpoffset:2.10 pbfactor:1.27 avgQpOffsetCutree:-0.90;
in:212 out:214 type:B q:28.20 q-aq:28.83 q-noVbv:28.20 q-Rceq:1.00 tex:61443 mv:11490 misc:2259 icu:917.00 pcu:273.25 scu:105.75 tlayer:3 pbqpoffset:2.10 pbfactor:1.27 avgQpOffsetCutree:-0.49;
in:211 out:215 type:b q:29.33 q-aq:29.78 q-noVbv:29.33 q-Rceq:1.00 tex:48775 mv:13551 misc:2586 icu:676.50 pcu:399.50 scu:220.00 tlayer:4 pbqpoffset:3.24 pbfactor:1.45 avgQpOffsetCutree:0.00;
in:214 out:216 type:b q:29.34 q-aq:29.79 q-noVbv:29.34 q-Rceq:1.00 tex:47490 mv:12936 misc:2422 icu:705.00 pcu:396.00 scu:195.00 tlayer:3 pbqpoffset:3.24 pbfactor:1.45 avgQpOffsetCutree:0.00;
in:218 out:217 type:B q:28.22 q-aq:28.11 q-noVbv:28.22 q-Rceq:1.00 tex:74465 mv:12171 misc:2100 icu:1063.75 pcu:212.50 scu:19.75 tlayer:2 pbqpoffset:2.10 pbfactor:1.27 avgQpOffsetCutree:-1.12;
in:217 out:218 type:B q:28.22 q-aq:29.00 q-noVbv:28.22 q-Rceq:1.00 tex:58503 mv:12384 misc:2313 icu:885.00 pcu:300.25 scu:110.75 tlayer:3 pbqpoffset:2.10 pbfactor:1.27 avgQpOffsetCutree:-0.41;
in:216 out:219 type:b q:29.35 q-aq:29.75 q-noVbv:29.35 q-Rceq:1.00 tex:47885 mv:12874 misc:2537 icu:737.50 pcu:376.00 scu:182.50 tlayer:4 pbqpoffset:3.24 pbfactor:1.45 avgQpOffsetCutree:0.00;
in:219 out:220 type:b q:29.36 q-aq:29.72 q-noVbv:29.36 q-Rceq:1.00 tex:42487 mv:12431 misc:2498 icu:670.75 pcu:405.25 scu:220.00 tlayer:3 pbqpoffset:3.24 pbfactor:1.45 avgQpOffsetCutree:0.00;
in:225 out:221 type:k q:26.52 q-aq:26.63 q-noVbv:26.52 q-Rceq:1.00 tex:116779 mv:11814 misc:2023 icu:1225.50 pcu:70.25 scu:0.25 tlayer:0 pbqpoffset:1.09 pbfactor:1.13 avgQpOffsetCutree:-1.40;
in:223 out:222 type:B q:28.48 q-aq:28.90 q-noVbv:28.48 q-Rceq:1.00 tex:71397 mv:11689 misc:1954 icu:1122.25 pcu:162.75 scu:11.00 tlayer:1 pbqpoffset:2.12 pbfactor:1.28 avgQpOffsetCutree:-0.79;
in:222 out:223 type:B q:28.40 q-aq:29.27 q-noVbv:28.40 q-Rceq:1.00 tex:55611 mv:11866 misc:2355 icu:867.50 pcu:309.00 scu:119.50 tlayer:2 pbqpoffset:2.12 pbfactor:1.28 avgQpOffsetCutree:-0.39;
in:221 out:224 type:b q:29.46 q-aq:29.82 q-noVbv:29.46 q-Rceq:1.00 tex:42698 mv:12839 misc:2535 icu:668.25 pcu:417.50 scu:210.25 tlayer:3 pbqpoffset:3.25 pbfactor:1.46 avgQpOffsetCutree:0.00;
in:224 out:225 type:b q:29.69 q-aq:30.29 q-noVbv:29.69 q-Rceq:1.00 tex:67853 mv:14378 misc:2449 icu:907.75 pcu:327.75 scu:60.50 tlayer:2 pbqpoffset:3.25 pbfactor:1.46 avgQpOffsetCutree:0.00;
in:241 out:226 type:k q:26.55 q-aq:26.21 q-noVbv:26.55 q-Rceq:1.00 tex:121442 mv:12529 misc:2029 icu:1219.75 pcu:75.50 scu:0.75 tlayer:0 pbqpoffset:1.05 pbfactor:1.13 avgQpOffsetCutree:-1.85;
in:233 out:227 type:B q:28.73 q-aq:28.06 q-noVbv:28.73 q-Rceq:1.00 tex:87949 mv:12254 misc:2005 icu:1197.25 pcu:97.75 scu:1.00 tlayer:1 pbqpoffset:2.20 pbfactor:1.29 avgQpOffsetCutree:-1.77;
in:229 out:228 type:B q:28.72 q-aq:28.42 q-noVbv:28.72 q-Rceq:1.00 tex:79884 mv:12218 misc:2090 icu:1133.25 pcu:156.75 scu:6.00 tlayer:2 pbqpoffset:2.20 pbfactor:1.29 avgQpOffsetCutree:-1.40;
in:227 out:229 type:B q:28.72 q-aq:28.90 q-noVbv:28.72 q-Rceq:1.00 tex:65807 mv:12102 misc:2107 icu:1011.50 pcu:245.50 scu:39.00 tlayer:3 pbqpoffset:2.20 pbfactor:1.29 avgQpOffsetCutree:-0.84;
in:226 out:230 type:b q:29.85 q-aq:30.26 q-noVbv:29.85 q-Rceq:1.00 tex:48783 mv:12938 misc:2447 icu:718.00 pcu:408.25 scu:169.75 tlayer:4 pbqpoffset:3.33 pbfactor:1.47 avgQpOffsetCutree:0.00;
in:228 out:231 type:b q:29.85 q-aq:30.25 q-noVbv:29.85 q-Rceq:1.00 tex:47686 mv:12320 misc:2482 icu:701.25 pcu:412.50 scu:182.25 tlayer:4 pbqpoffset:3.33 pbfactor:1.47 avgQpOffsetCutree:0.00;
in:231 out:232 type:B q:28.72 q-aq:28.99 q-noVbv:28.72 q-Rceq:1.00 tex:67726 mv:12288 misc:2346 icu:1011.25 pcu:223.75 scu:61.00 tlayer:3 pbqpoffset:2.20 pbfactor:1.29 avgQpOffsetCutree:-0.84;
in:230 out:233 type:b q:29.86 q-aq:30.30 q-noVbv:29.86 q-Rceq:1.00 tex:47465 mv:12606 misc:2473 icu:676.75 pcu:395.75 scu:223.50 tlayer:4 pbqpoffset:3.33 pbfactor:1.47 avgQpOffsetCutree:0.00;
in:232 out:234 type:b q:29.86 q-aq:30.35 q-noVbv:29.86 q-Rceq:1.00 tex:49029 mv:12619 misc:2360 icu:737.50 pcu:407.75 scu:150.75 tlayer:4 pbqpoffset:3.33 pbfactor:1.47 avgQpOffsetCutree:0.00;
in:237 out:235 type:B q:28.73 q-aq:28.42 q-noVbv:28.73 q-Rceq:1.00 tex:80363 mv:10786 misc:2003 icu:1190.25 pcu:102.00 scu:3.75 tlayer:2 pbqpoffset:2.20 pbfactor:1.29 avgQpOffsetCutree:-1.47;
in:235 out:236 type:B q:28.73 q-aq:29.10 q-noVbv:28.73 q-Rceq:1.00 tex:69999 mv:12039 misc:2154 icu:1026.50 pcu:228.50 scu:41.00 tlayer:3 pbqpoffset:2.20 pbfactor:1.29 avgQpOffsetCutree:-0.79;
in:234 out:237 type:b q:29.86 q-aq:30.30 q-noVbv:29.86 q-Rceq:1.00 tex:45248 mv:13044 misc:2452 icu:735.00 pcu:407.00 scu:154.00 tlayer:4 pbqpoffset:3.33 pbfactor:1.47 avgQpOffsetCutree:0.00;
in:236 out:238 type:b q:29.87 q-aq:30.30 q-noVbv:29.87 q-Rceq:1.00 tex:44923 mv:12619 misc:2562 icu:709.75 pcu:387.50 scu:198.75 tlayer:4 pbqpoffset:3.33 pbfactor:1.47 avgQpOffsetCutree:0.00;
in:239 out:239 type:B q:28.74 q-aq:29.57 q-noVbv:28.74 q-Rceq:1.00 tex:70696 mv:12530 misc:2214 icu:1034.75 pcu:228.50 scu:32.75 tlayer:3 pbqpoffset:2.20 pbfactor:1.29 avgQpOffsetCutree:-0.48;
in:238 out:240 type:b q:29.87 q-aq:30.29 q-noVbv:29.87 q-Rceq:1.00 tex:43663 mv:12209 misc:2456 icu:715.50 pcu:401.25 scu:179.25 tlayer:4 pbqpoffset:3.33 pbfactor:1.47 avgQpOffsetCutree:0.00;
in:240 out:241 type:b q:29.87 q-aq:30.42 q-noVbv:29.87 q-Rceq:1.00 tex:64239 mv:14591 misc:2610 icu:932.00 pcu:270.75 scu:93.25 tlayer:4 pbqpoffset:3.33 pbfactor:1.47 avgQpOffsetCutree:0.00;
in:249 out:242 type:k q:26.48 q-aq:26.65 q-noVbv:26.48 q-Rceq:1.00 tex:100681 mv:11155 misc:1876 icu:1225.00 pcu:71.00 scu:0.00 tlayer:0 pbqpoffset:1.01 pbfactor:1.12 avgQpOffsetCutree:-1.08;
in:245 out:243 type:B q:28.64 q-aq:28.44 q-noVbv:28.64 q-Rceq:1.00 tex:76791 mv:12956 misc:1981 icu:1136.00 pcu:156.75 scu:3.25 tlayer:1 pbqpoffset:2.12 pbfactor:1.28 avgQpOffsetCutree:-1.33;
in:243 out:244 type:B q:28.65 q-aq:28.89 q-noVbv:28.65 q-Rceq:1.00 tex:61216 mv:13352 misc:2216 icu:994.75 pcu:264.75 scu:36.50 tlayer:2 pbqpoffset:2.12 pbfactor:1.28 avgQpOffsetCutree:-0.88;
in:242 out:245 type:b q:29.80 q-aq:30.26 q-noVbv:29.80 q-Rceq:1.00 tex:43647 mv:13334 misc:2411 icu:653.75 pcu:462.50 scu:179.75 tlayer:3 pbqpoffset:3.26 pbfactor:1.46 avgQpOffsetCutree:0.00;
in:244 out:246 type:b q:29.78 q-aq:30.29 q-noVbv:29.78 q-Rceq:1.00 tex:47380 mv:12471 misc:2501 icu:736.25 pcu:388.25 scu:171.50 tlayer:3 pbqpoffset:3.26 pbfactor:1.46 avgQpOffsetCutree:0.00;
in:247 out:247 type:B q:28.62 q-aq:28.82 q-noVbv:28.62 q-Rceq:1.00 tex:66975 mv:11654 misc:2019 icu:1007.50 pcu:258.25 scu:30.25 tlayer:2 pbqpoffset:2.12 pbfactor:1.28 avgQpOffsetCutree:-0.89;
in:246 out:248 type:b q:29.76 q-aq:30.26 q-noVbv:29.76 q-Rceq:1.00 tex:46587 mv:12524 misc:2417 icu:662.25 pcu:453.00 scu:180.75 tlayer:3 pbqpoffset:3.26 pbfactor:1.46 avgQpOffsetCutree:0.00;
in:248 out:249 type:b q:29.75 q-aq:30.30 q-noVbv:29.75 q-Rceq:1.00 tex:47746 mv:12893 misc:2417 icu:669.75 pcu:416.75 scu:209.50 tlayer:3 pbqpoffset:3.26 pbfactor:1.46 avgQpOffsetCutree:0.00;
