000 (008.000.000) 2020-12-21 07:19:56 Job submitted from host: <10.0.0.63:9618?PrivAddr=%3c10.0.0.63:9618%3fsock%3dschedd_6827_5527%3e&PrivNet=ryzen7-1700x&addrs=10.0.0.63-9618&alias=ryzen7-1700x&noUDP&sock=schedd_6827_5527>
...
040 (008.000.000) 2020-12-21 07:20:13 Entered queue to transfer input files
	Transferring to host: <10.0.0.63:9618?PrivAddr=%3c10.0.0.63:9618%3fsock%3dslot7_6886_8f51_9%3e&PrivNet=ryzen7-1700x&addrs=10.0.0.63-9618&alias=ryzen7-1700x&noUDP&sock=slot7_6886_8f51_9>
...
040 (008.000.000) 2020-12-21 07:20:14 Started transferring input files
	Seconds spent in queue: 1
...
040 (008.000.000) 2020-12-21 07:20:14 Finished transferring input files
...
001 (008.000.000) 2020-12-21 07:20:15 Job executing on host: <10.0.0.63:9618?sock=startd_6827_5527>
...
006 (008.000.000) 2020-12-21 07:20:24 Image size of job updated: 305580
	202  -  MemoryUsage of job (MB)
	206500  -  ResidentSetSize of job (KB)
...
006 (008.000.000) 2020-12-21 07:25:24 Image size of job updated: 328868
	232  -  MemoryUsage of job (MB)
	236612  -  ResidentSetSize of job (KB)
...
040 (008.000.000) 2020-12-21 07:29:23 Started transferring output files
	Seconds spent in queue: 550
...
040 (008.000.000) 2020-12-21 07:29:24 Finished transferring output files
...
005 (008.000.000) 2020-12-21 07:29:24 Job terminated.
	(1) Normal termination (return value 0)
		Usr 0 00:09:04, Sys 0 00:00:00  -  Run Remote Usage
		Usr 0 00:00:00, Sys 0 00:00:00  -  Run Local Usage
		Usr 0 00:09:04, Sys 0 00:00:00  -  Total Remote Usage
		Usr 0 00:00:00, Sys 0 00:00:00  -  Total Local Usage
	3873065  -  Run Bytes Sent By Job
	4532560  -  Run Bytes Received By Job
	3873065  -  Total Bytes Sent By Job
	4532560  -  Total Bytes Received By Job
	Partitionable Resources :    Usage  Request Allocated 
	   Cpus                 :     1.00        1         1 
	   Disk (KB)            :  8224        4500   2904372 
	   Memory (MB)          :   232           5      2000 

	Job terminated of its own accord at 2020-12-21T12:29:23Z.
...
