#options: cpuid=1173503 frame-threads=1 no-wpp no-pmode no-pme psnr no-ssim log-level=2 bitdepth=8 input-csp=1 fps=50000/1000 input-res=768x432 interlace=0 total-frames=500 level-idc=0 high-tier=1 uhd-bd=0 ref=4 no-allow-non-conformance no-repeat-headers annexb no-aud no-hrd info hash=0 no-temporal-layers open-gop min-keyint=1 keyint=5000 bframes=15 b-adapt=2 b-pyramid bframe-bias=0 rc-lookahead=40 lookahead-slices=0 scenecut=40 no-intra-refresh ctu=64 min-cu-size=8 rect amp max-tu-size=32 tu-inter-depth=3 tu-intra-depth=3 limit-tu=4 rdoq-level=2 dynamic-rd=0.00 no-ssim-rd signhide no-tskip nr-intra=0 nr-inter=0 no-constrained-intra strong-intra-smoothing max-merge=4 limit-refs=1 limit-modes me=3 subme=4 merange=57 temporal-mvp weightp weightb no-analyze-src-pics deblock=0:0 sao no-sao-non-deblock rd=6 no-early-skip rskip no-fast-intra no-tskip-fast no-cu-lossless b-intra rdpenalty=0 psy-rd=0.00 psy-rdoq=0.00 no-rd-refine analysis-reuse-mode=0 no-lossless cbqpoffs=0 crqpoffs=0 rc=abr bitrate=2000 qcomp=0.60 qpstep=4 stats-write=1 stats-read=0 slow-firstpass ipratio=1.40 pbratio=1.30 aq-mode=1 aq-strength=0.00 cutree zone-count=0 no-strict-cbr qg-size=64 no-rc-grain qpmax=69 qpmin=0 no-const-vbv sar=0 overscan=0 videoformat=5 range=0 colorprim=2 transfer=2 colormatrix=2 chromaloc=0 display-window=0 max-cll=0,0 min-luma=0 max-luma=255 log2-max-poc-lsb=8 vui-timing-info vui-hrd-info slices=1 opt-qp-pps opt-ref-list-length-pps no-multi-pass-opt-rps scenecut-bias=0.05 no-opt-cu-delta-qp no-aq-motion no-hdr no-hdr-opt no-dhdr10-opt analysis-reuse-level=5 scale-factor=0 refine-intra=0 refine-inter=0 refine-mv=0 no-limit-sao ctu-info=0 max-tlayer=4
in:0 out:0 type:I q:22.40 q-aq:18.66 q-noVbv:22.40 q-Rceq:1.32 tex:960 mv:673 misc:423 icu:1296.00 pcu:0.00 scu:0.00 tlayer:0 pbqpoffset:0.00 pbfactor:1.00 avgQpOffsetCutree:-2.19;
in:1 out:1 type:k q:25.31 q-aq:25.00 q-noVbv:25.31 q-Rceq:1.32 tex:0 mv:7 misc:137 icu:0.00 pcu:0.00 scu:1296.00 tlayer:0 pbqpoffset:0.00 pbfactor:1.00 avgQpOffsetCutree:-1.16;
in:2 out:2 type:i q:33.94 q-aq:25.09 q-noVbv:33.94 q-Rceq:1.32 tex:328677 mv:48034 misc:1857 icu:1296.00 pcu:0.00 scu:0.00 tlayer:0 pbqpoffset:0.00 pbfactor:1.00 avgQpOffsetCutree:-8.41;
in:18 out:3 type:k q:32.86 q-aq:23.50 q-noVbv:32.86 q-Rceq:1.32 tex:302071 mv:33454 misc:2275 icu:873.75 pcu:407.00 scu:15.25 tlayer:0 pbqpoffset:0.00 pbfactor:1.00 avgQpOffsetCutree:-7.87;
in:10 out:4 type:B q:37.25 q-aq:29.31 q-noVbv:37.25 q-Rceq:1.32 tex:20877 mv:5102 misc:2517 icu:3.50 pcu:695.75 scu:596.75 tlayer:1 pbqpoffset:4.39 pbfactor:1.66 avgQpOffsetCutree:-6.19;
in:6 out:5 type:B q:37.25 q-aq:33.40 q-noVbv:37.25 q-Rceq:1.32 tex:57 mv:1216 misc:527 icu:0.00 pcu:439.00 scu:857.00 tlayer:2 pbqpoffset:4.39 pbfactor:1.66 avgQpOffsetCutree:-3.84;
in:4 out:6 type:B q:37.25 q-aq:37.00 q-noVbv:37.25 q-Rceq:1.32 tex:5 mv:391 misc:332 icu:0.00 pcu:133.00 scu:1163.00 tlayer:3 pbqpoffset:4.39 pbfactor:1.66 avgQpOffsetCutree:-1.44;
in:3 out:7 type:b q:39.93 q-aq:40.00 q-noVbv:39.93 q-Rceq:1.32 tex:1 mv:31 misc:176 icu:0.00 pcu:20.00 scu:1276.00 tlayer:4 pbqpoffset:7.07 pbfactor:2.26 avgQpOffsetCutree:0.00;
in:5 out:8 type:b q:39.93 q-aq:40.00 q-noVbv:39.93 q-Rceq:1.32 tex:2 mv:170 misc:212 icu:0.00 pcu:164.00 scu:1132.00 tlayer:4 pbqpoffset:7.07 pbfactor:2.26 avgQpOffsetCutree:0.00;
in:8 out:9 type:B q:37.25 q-aq:37.00 q-noVbv:37.25 q-Rceq:1.32 tex:5 mv:282 misc:281 icu:0.00 pcu:136.00 scu:1160.00 tlayer:3 pbqpoffset:4.39 pbfactor:1.66 avgQpOffsetCutree:-1.97;
in:7 out:10 type:b q:39.93 q-aq:40.00 q-noVbv:39.93 q-Rceq:1.32 tex:0 mv:42 misc:166 icu:0.00 pcu:48.00 scu:1248.00 tlayer:4 pbqpoffset:7.07 pbfactor:2.26 avgQpOffsetCutree:0.00;
in:9 out:11 type:b q:39.93 q-aq:40.00 q-noVbv:39.93 q-Rceq:1.32 tex:0 mv:8 misc:168 icu:0.00 pcu:0.00 scu:1296.00 tlayer:4 pbqpoffset:7.07 pbfactor:2.26 avgQpOffsetCutree:0.00;
in:14 out:12 type:B q:37.25 q-aq:37.00 q-noVbv:37.25 q-Rceq:1.32 tex:3 mv:154 misc:243 icu:0.00 pcu:54.00 scu:1242.00 tlayer:2 pbqpoffset:4.39 pbfactor:1.66 avgQpOffsetCutree:-2.00;
in:12 out:13 type:B q:37.25 q-aq:37.00 q-noVbv:37.25 q-Rceq:1.32 tex:3 mv:104 misc:197 icu:0.00 pcu:32.00 scu:1264.00 tlayer:3 pbqpoffset:4.39 pbfactor:1.66 avgQpOffsetCutree:-1.97;
in:11 out:14 type:b q:39.93 q-aq:40.00 q-noVbv:39.93 q-Rceq:1.32 tex:1 mv:38 misc:161 icu:0.00 pcu:32.00 scu:1264.00 tlayer:4 pbqpoffset:7.07 pbfactor:2.26 avgQpOffsetCutree:0.00;
in:13 out:15 type:b q:39.93 q-aq:40.00 q-noVbv:39.93 q-Rceq:1.32 tex:0 mv:12 misc:164 icu:0.00 pcu:16.00 scu:1280.00 tlayer:4 pbqpoffset:7.07 pbfactor:2.26 avgQpOffsetCutree:0.00;
in:16 out:16 type:B q:37.25 q-aq:37.00 q-noVbv:37.25 q-Rceq:1.32 tex:6 mv:374 misc:316 icu:0.00 pcu:125.00 scu:1171.00 tlayer:3 pbqpoffset:4.39 pbfactor:1.66 avgQpOffsetCutree:-1.80;
in:15 out:17 type:b q:39.93 q-aq:40.00 q-noVbv:39.93 q-Rceq:1.32 tex:1 mv:25 misc:174 icu:0.00 pcu:20.00 scu:1276.00 tlayer:4 pbqpoffset:7.07 pbfactor:2.26 avgQpOffsetCutree:0.00;
in:17 out:18 type:b q:39.93 q-aq:40.00 q-noVbv:39.93 q-Rceq:1.32 tex:0 mv:48 misc:168 icu:0.00 pcu:20.00 scu:1276.00 tlayer:4 pbqpoffset:7.07 pbfactor:2.26 avgQpOffsetCutree:0.00;
in:34 out:19 type:k q:30.21 q-aq:22.13 q-noVbv:30.21 q-Rceq:1.32 tex:367379 mv:32526 misc:2903 icu:557.75 pcu:728.50 scu:9.75 tlayer:0 pbqpoffset:0.00 pbfactor:1.00 avgQpOffsetCutree:-8.00;
in:26 out:20 type:B q:31.89 q-aq:24.61 q-noVbv:31.89 q-Rceq:1.32 tex:182033 mv:19437 misc:3546 icu:31.75 pcu:1034.00 scu:230.25 tlayer:1 pbqpoffset:1.68 pbfactor:1.21 avgQpOffsetCutree:-5.98;
in:22 out:21 type:B q:33.19 q-aq:28.48 q-noVbv:33.19 q-Rceq:1.32 tex:28257 mv:11662 misc:3105 icu:11.25 pcu:900.50 scu:384.25 tlayer:2 pbqpoffset:2.97 pbfactor:1.41 avgQpOffsetCutree:-3.79;
in:20 out:22 type:B q:33.76 q-aq:31.22 q-noVbv:33.76 q-Rceq:1.32 tex:1584 mv:2933 misc:955 icu:5.25 pcu:741.75 scu:549.00 tlayer:3 pbqpoffset:3.55 pbfactor:1.51 avgQpOffsetCutree:-2.40;
in:19 out:23 type:b q:36.48 q-aq:36.00 q-noVbv:36.48 q-Rceq:1.32 tex:4 mv:1095 misc:525 icu:0.00 pcu:414.00 scu:882.00 tlayer:4 pbqpoffset:6.27 pbfactor:2.06 avgQpOffsetCutree:0.00;
in:21 out:24 type:b q:36.44 q-aq:36.00 q-noVbv:36.44 q-Rceq:1.32 tex:9 mv:852 misc:475 icu:0.00 pcu:380.00 scu:916.00 tlayer:4 pbqpoffset:6.22 pbfactor:2.05 avgQpOffsetCutree:0.00;
in:24 out:25 type:B q:33.76 q-aq:32.74 q-noVbv:33.76 q-Rceq:1.32 tex:715 mv:2979 misc:818 icu:0.00 pcu:813.00 scu:483.00 tlayer:3 pbqpoffset:3.55 pbfactor:1.51 avgQpOffsetCutree:-1.71;
in:23 out:26 type:b q:36.76 q-aq:37.00 q-noVbv:36.76 q-Rceq:1.32 tex:8 mv:1518 misc:522 icu:0.00 pcu:573.00 scu:723.00 tlayer:4 pbqpoffset:6.55 pbfactor:2.13 avgQpOffsetCutree:0.00;
in:25 out:27 type:b q:36.44 q-aq:36.00 q-noVbv:36.44 q-Rceq:1.32 tex:11 mv:1380 misc:561 icu:0.00 pcu:487.00 scu:809.00 tlayer:4 pbqpoffset:6.22 pbfactor:2.05 avgQpOffsetCutree:0.00;
in:30 out:28 type:B q:33.76 q-aq:32.07 q-noVbv:33.76 q-Rceq:1.32 tex:356 mv:1075 misc:809 icu:0.00 pcu:515.00 scu:781.00 tlayer:2 pbqpoffset:3.55 pbfactor:1.51 avgQpOffsetCutree:-2.03;
in:28 out:29 type:B q:33.76 q-aq:34.00 q-noVbv:33.76 q-Rceq:1.32 tex:5 mv:212 misc:263 icu:0.00 pcu:58.00 scu:1238.00 tlayer:3 pbqpoffset:3.55 pbfactor:1.51 avgQpOffsetCutree:-1.99;
in:27 out:30 type:b q:36.44 q-aq:36.00 q-noVbv:36.44 q-Rceq:1.32 tex:1 mv:44 misc:187 icu:0.00 pcu:36.00 scu:1260.00 tlayer:4 pbqpoffset:6.22 pbfactor:2.05 avgQpOffsetCutree:0.00;
in:29 out:31 type:b q:36.44 q-aq:36.00 q-noVbv:36.44 q-Rceq:1.32 tex:3 mv:52 misc:201 icu:0.00 pcu:56.00 scu:1240.00 tlayer:4 pbqpoffset:6.22 pbfactor:2.05 avgQpOffsetCutree:0.00;
in:32 out:32 type:B q:33.44 q-aq:33.89 q-noVbv:33.44 q-Rceq:1.32 tex:69 mv:552 misc:427 icu:0.00 pcu:133.25 scu:1162.75 tlayer:3 pbqpoffset:3.23 pbfactor:1.45 avgQpOffsetCutree:-0.54;
in:31 out:33 type:b q:36.44 q-aq:36.00 q-noVbv:36.44 q-Rceq:1.32 tex:3 mv:292 misc:385 icu:0.00 pcu:124.00 scu:1172.00 tlayer:4 pbqpoffset:6.22 pbfactor:2.05 avgQpOffsetCutree:0.00;
in:33 out:34 type:b q:36.44 q-aq:36.00 q-noVbv:36.44 q-Rceq:1.32 tex:5 mv:376 misc:307 icu:0.00 pcu:148.00 scu:1148.00 tlayer:4 pbqpoffset:6.22 pbfactor:2.05 avgQpOffsetCutree:0.00;
in:50 out:35 type:k q:29.96 q-aq:22.46 q-noVbv:29.96 q-Rceq:1.32 tex:332809 mv:33518 misc:2977 icu:768.25 pcu:522.50 scu:5.25 tlayer:0 pbqpoffset:0.00 pbfactor:1.00 avgQpOffsetCutree:-7.85;
in:42 out:36 type:B q:32.03 q-aq:24.75 q-noVbv:32.03 q-Rceq:1.32 tex:144383 mv:15282 misc:3223 icu:34.00 pcu:1024.50 scu:237.50 tlayer:1 pbqpoffset:1.95 pbfactor:1.25 avgQpOffsetCutree:-6.18;
in:38 out:37 type:B q:33.16 q-aq:29.65 q-noVbv:33.16 q-Rceq:1.32 tex:3387 mv:4663 misc:1558 icu:0.25 pcu:767.25 scu:528.50 tlayer:2 pbqpoffset:3.01 pbfactor:1.42 avgQpOffsetCutree:-3.23;
in:36 out:38 type:B q:33.93 q-aq:31.23 q-noVbv:33.93 q-Rceq:1.32 tex:6892 mv:5150 misc:1798 icu:1.00 pcu:844.75 scu:450.25 tlayer:3 pbqpoffset:3.75 pbfactor:1.54 avgQpOffsetCutree:-2.36;
in:35 out:39 type:b q:36.95 q-aq:37.00 q-noVbv:36.95 q-Rceq:1.32 tex:6 mv:897 misc:465 icu:0.00 pcu:316.00 scu:980.00 tlayer:4 pbqpoffset:6.75 pbfactor:2.18 avgQpOffsetCutree:0.00;
in:37 out:40 type:b q:36.92 q-aq:37.00 q-noVbv:36.92 q-Rceq:1.32 tex:9 mv:1329 misc:518 icu:0.00 pcu:442.00 scu:854.00 tlayer:4 pbqpoffset:6.75 pbfactor:2.18 avgQpOffsetCutree:0.00;
in:40 out:41 type:B q:33.87 q-aq:31.61 q-noVbv:33.87 q-Rceq:1.32 tex:112 mv:1967 misc:697 icu:0.00 pcu:557.50 scu:738.50 tlayer:3 pbqpoffset:3.75 pbfactor:1.54 avgQpOffsetCutree:-2.26;
in:39 out:42 type:b q:36.89 q-aq:37.00 q-noVbv:36.89 q-Rceq:1.32 tex:10 mv:1352 misc:518 icu:0.00 pcu:499.00 scu:797.00 tlayer:4 pbqpoffset:6.75 pbfactor:2.18 avgQpOffsetCutree:0.00;
in:41 out:43 type:b q:36.53 q-aq:37.00 q-noVbv:36.53 q-Rceq:1.32 tex:7 mv:420 misc:349 icu:0.00 pcu:232.00 scu:1064.00 tlayer:4 pbqpoffset:6.43 pbfactor:2.10 avgQpOffsetCutree:0.00;
in:46 out:44 type:B q:33.51 q-aq:30.15 q-noVbv:33.51 q-Rceq:1.32 tex:1427 mv:3002 misc:1675 icu:4.25 pcu:596.25 scu:695.50 tlayer:2 pbqpoffset:3.48 pbfactor:1.50 avgQpOffsetCutree:-2.65;
in:44 out:45 type:B q:33.81 q-aq:30.68 q-noVbv:33.81 q-Rceq:1.32 tex:147 mv:1587 misc:674 icu:0.00 pcu:491.00 scu:805.00 tlayer:3 pbqpoffset:3.75 pbfactor:1.54 avgQpOffsetCutree:-2.17;
in:43 out:46 type:b q:36.50 q-aq:37.00 q-noVbv:36.50 q-Rceq:1.32 tex:5 mv:346 misc:345 icu:0.00 pcu:204.00 scu:1092.00 tlayer:4 pbqpoffset:6.43 pbfactor:2.10 avgQpOffsetCutree:0.00;
in:45 out:47 type:b q:36.47 q-aq:36.00 q-noVbv:36.47 q-Rceq:1.32 tex:4 mv:425 misc:379 icu:0.00 pcu:178.00 scu:1118.00 tlayer:4 pbqpoffset:6.43 pbfactor:2.10 avgQpOffsetCutree:0.00;
in:48 out:48 type:B q:31.99 q-aq:31.75 q-noVbv:31.99 q-Rceq:1.32 tex:14547 mv:4723 misc:2242 icu:19.75 pcu:748.50 scu:527.75 tlayer:3 pbqpoffset:1.99 pbfactor:1.26 avgQpOffsetCutree:-0.92;
in:47 out:49 type:b q:36.44 q-aq:36.00 q-noVbv:36.44 q-Rceq:1.32 tex:44 mv:385 misc:331 icu:0.00 pcu:97.00 scu:1199.00 tlayer:4 pbqpoffset:6.43 pbfactor:2.10 avgQpOffsetCutree:0.00;
in:49 out:50 type:b q:36.73 q-aq:37.00 q-noVbv:36.73 q-Rceq:1.32 tex:6 mv:824 misc:466 icu:0.00 pcu:252.25 scu:1043.75 tlayer:4 pbqpoffset:6.75 pbfactor:2.18 avgQpOffsetCutree:0.00;
in:66 out:51 type:k q:29.24 q-aq:22.75 q-noVbv:29.24 q-Rceq:1.32 tex:311374 mv:30877 misc:2933 icu:944.75 pcu:348.00 scu:3.25 tlayer:0 pbqpoffset:1.39 pbfactor:1.17 avgQpOffsetCutree:-6.97;
in:58 out:52 type:B q:32.51 q-aq:25.08 q-noVbv:32.51 q-Rceq:1.32 tex:77243 mv:12347 misc:3338 icu:25.75 pcu:1018.75 scu:251.50 tlayer:1 pbqpoffset:2.91 pbfactor:1.40 avgQpOffsetCutree:-5.87;
in:54 out:53 type:B q:33.63 q-aq:29.74 q-noVbv:33.63 q-Rceq:1.32 tex:569 mv:6377 misc:1662 icu:0.00 pcu:885.50 scu:410.50 tlayer:2 pbqpoffset:3.85 pbfactor:1.56 avgQpOffsetCutree:-3.32;
in:52 out:54 type:B q:33.72 q-aq:31.34 q-noVbv:33.72 q-Rceq:1.32 tex:110 mv:3392 misc:890 icu:0.00 pcu:759.75 scu:536.25 tlayer:3 pbqpoffset:3.85 pbfactor:1.56 avgQpOffsetCutree:-2.21;
in:51 out:55 type:b q:36.77 q-aq:37.00 q-noVbv:36.77 q-Rceq:1.32 tex:9 mv:1441 misc:534 icu:0.00 pcu:480.00 scu:816.00 tlayer:4 pbqpoffset:6.85 pbfactor:2.21 avgQpOffsetCutree:0.00;
in:53 out:56 type:b q:36.68 q-aq:37.00 q-noVbv:36.68 q-Rceq:1.32 tex:6 mv:1593 misc:585 icu:0.00 pcu:572.00 scu:724.00 tlayer:4 pbqpoffset:6.85 pbfactor:2.21 avgQpOffsetCutree:0.00;
in:56 out:57 type:B q:33.54 q-aq:32.85 q-noVbv:33.54 q-Rceq:1.32 tex:93 mv:2961 misc:826 icu:0.00 pcu:650.00 scu:646.00 tlayer:3 pbqpoffset:3.85 pbfactor:1.56 avgQpOffsetCutree:-1.85;
in:55 out:58 type:b q:36.59 q-aq:37.00 q-noVbv:36.59 q-Rceq:1.32 tex:4 mv:1169 misc:491 icu:0.00 pcu:458.00 scu:838.00 tlayer:4 pbqpoffset:6.85 pbfactor:2.21 avgQpOffsetCutree:0.00;
in:57 out:59 type:b q:36.17 q-aq:36.00 q-noVbv:36.17 q-Rceq:1.32 tex:3 mv:803 misc:418 icu:0.00 pcu:388.00 scu:908.00 tlayer:4 pbqpoffset:6.53 pbfactor:2.13 avgQpOffsetCutree:0.00;
in:62 out:60 type:B q:32.65 q-aq:28.84 q-noVbv:32.65 q-Rceq:1.32 tex:11527 mv:8117 misc:3260 icu:53.50 pcu:631.50 scu:611.00 tlayer:2 pbqpoffset:3.23 pbfactor:1.45 avgQpOffsetCutree:-3.17;
in:60 out:61 type:B q:33.36 q-aq:32.13 q-noVbv:33.36 q-Rceq:1.32 tex:162 mv:3446 misc:1128 icu:3.00 pcu:669.00 scu:624.00 tlayer:3 pbqpoffset:3.85 pbfactor:1.56 avgQpOffsetCutree:-1.82;
in:59 out:62 type:b q:36.08 q-aq:36.00 q-noVbv:36.08 q-Rceq:1.32 tex:7 mv:1011 misc:550 icu:0.00 pcu:445.00 scu:851.00 tlayer:4 pbqpoffset:6.53 pbfactor:2.13 avgQpOffsetCutree:0.00;
in:61 out:63 type:b q:35.99 q-aq:36.00 q-noVbv:35.99 q-Rceq:1.32 tex:69 mv:1524 misc:639 icu:5.00 pcu:468.00 scu:823.00 tlayer:4 pbqpoffset:6.53 pbfactor:2.13 avgQpOffsetCutree:0.00;
in:64 out:64 type:B q:32.58 q-aq:31.83 q-noVbv:32.58 q-Rceq:1.32 tex:9311 mv:4179 misc:1774 icu:21.00 pcu:630.50 scu:644.50 tlayer:3 pbqpoffset:3.25 pbfactor:1.46 avgQpOffsetCutree:-1.15;
in:63 out:65 type:b q:36.23 q-aq:36.00 q-noVbv:36.23 q-Rceq:1.32 tex:246 mv:2304 misc:1010 icu:5.00 pcu:444.50 scu:846.50 tlayer:4 pbqpoffset:6.85 pbfactor:2.21 avgQpOffsetCutree:0.00;
in:65 out:66 type:b q:36.14 q-aq:36.00 q-noVbv:36.14 q-Rceq:1.32 tex:6 mv:1333 misc:581 icu:0.00 pcu:460.00 scu:836.00 tlayer:4 pbqpoffset:6.85 pbfactor:2.21 avgQpOffsetCutree:0.00;
in:82 out:67 type:k q:29.76 q-aq:23.18 q-noVbv:29.76 q-Rceq:1.32 tex:306274 mv:27808 misc:2854 icu:835.50 pcu:460.25 scu:0.25 tlayer:0 pbqpoffset:0.55 pbfactor:1.07 avgQpOffsetCutree:-7.27;
in:74 out:68 type:B q:31.56 q-aq:25.76 q-noVbv:31.56 q-Rceq:1.32 tex:162355 mv:12837 misc:3424 icu:127.25 pcu:1023.00 scu:145.75 tlayer:1 pbqpoffset:2.06 pbfactor:1.27 avgQpOffsetCutree:-5.51;
in:70 out:69 type:B q:32.16 q-aq:28.27 q-noVbv:32.16 q-Rceq:1.32 tex:37066 mv:13307 misc:3851 icu:49.25 pcu:866.50 scu:380.25 tlayer:2 pbqpoffset:2.79 pbfactor:1.38 avgQpOffsetCutree:-3.32;
in:68 out:70 type:B q:33.21 q-aq:31.43 q-noVbv:33.21 q-Rceq:1.32 tex:3145 mv:4915 misc:1452 icu:20.75 pcu:760.00 scu:515.25 tlayer:3 pbqpoffset:3.91 pbfactor:1.57 avgQpOffsetCutree:-1.81;
in:67 out:71 type:b q:34.11 q-aq:34.00 q-noVbv:34.11 q-Rceq:1.32 tex:939 mv:1913 misc:796 icu:5.00 pcu:444.75 scu:846.25 tlayer:4 pbqpoffset:4.84 pbfactor:1.75 avgQpOffsetCutree:0.00;
in:69 out:72 type:b q:35.59 q-aq:36.00 q-noVbv:35.59 q-Rceq:1.32 tex:144 mv:1234 misc:494 icu:0.00 pcu:415.25 scu:880.75 tlayer:4 pbqpoffset:6.26 pbfactor:2.06 avgQpOffsetCutree:0.00;
in:72 out:73 type:B q:33.14 q-aq:31.12 q-noVbv:33.14 q-Rceq:1.32 tex:2728 mv:3458 misc:1430 icu:12.00 pcu:586.50 scu:697.50 tlayer:3 pbqpoffset:3.70 pbfactor:1.53 avgQpOffsetCutree:-2.01;
in:71 out:74 type:b q:34.95 q-aq:35.00 q-noVbv:34.95 q-Rceq:1.32 tex:459 mv:1482 misc:651 icu:6.00 pcu:363.00 scu:927.00 tlayer:4 pbqpoffset:5.55 pbfactor:1.90 avgQpOffsetCutree:0.00;
in:73 out:75 type:b q:35.77 q-aq:36.00 q-noVbv:35.77 q-Rceq:1.32 tex:12 mv:1365 misc:519 icu:0.00 pcu:483.00 scu:813.00 tlayer:4 pbqpoffset:6.30 pbfactor:2.07 avgQpOffsetCutree:0.00;
in:78 out:76 type:B q:32.92 q-aq:28.88 q-noVbv:32.92 q-Rceq:1.32 tex:8286 mv:5119 misc:2347 icu:36.00 pcu:833.25 scu:426.75 tlayer:2 pbqpoffset:3.29 pbfactor:1.46 avgQpOffsetCutree:-3.25;
in:76 out:77 type:B q:33.49 q-aq:32.48 q-noVbv:33.49 q-Rceq:1.32 tex:57 mv:2421 misc:858 icu:3.00 pcu:785.50 scu:507.50 tlayer:3 pbqpoffset:3.93 pbfactor:1.57 avgQpOffsetCutree:-1.72;
in:75 out:78 type:b q:35.90 q-aq:36.00 q-noVbv:35.90 q-Rceq:1.32 tex:7 mv:1131 misc:438 icu:0.00 pcu:306.00 scu:990.00 tlayer:4 pbqpoffset:6.36 pbfactor:2.09 avgQpOffsetCutree:0.00;
in:77 out:79 type:b q:36.52 q-aq:37.00 q-noVbv:36.52 q-Rceq:1.32 tex:2 mv:916 misc:522 icu:0.00 pcu:303.00 scu:993.00 tlayer:4 pbqpoffset:6.93 pbfactor:2.23 avgQpOffsetCutree:0.00;
in:80 out:80 type:B q:32.06 q-aq:31.57 q-noVbv:32.06 q-Rceq:1.32 tex:18216 mv:4843 misc:2645 icu:58.75 pcu:614.50 scu:622.75 tlayer:3 pbqpoffset:2.36 pbfactor:1.31 avgQpOffsetCutree:-0.98;
in:79 out:81 type:b q:36.59 q-aq:37.00 q-noVbv:36.59 q-Rceq:1.32 tex:97 mv:1431 misc:776 icu:3.25 pcu:522.50 scu:770.25 tlayer:4 pbqpoffset:6.93 pbfactor:2.23 avgQpOffsetCutree:0.00;
in:81 out:82 type:b q:36.11 q-aq:36.00 q-noVbv:36.11 q-Rceq:1.32 tex:15 mv:742 misc:475 icu:4.00 pcu:212.50 scu:1079.50 tlayer:4 pbqpoffset:6.38 pbfactor:2.09 avgQpOffsetCutree:0.00;
in:96 out:83 type:k q:29.53 q-aq:22.83 q-noVbv:29.53 q-Rceq:1.32 tex:315219 mv:37845 misc:2432 icu:1079.00 pcu:213.75 scu:3.25 tlayer:0 pbqpoffset:0.55 pbfactor:1.07 avgQpOffsetCutree:-7.18;
in:89 out:84 type:B q:31.84 q-aq:25.55 q-noVbv:31.84 q-Rceq:1.32 tex:107883 mv:16264 misc:4045 icu:115.75 pcu:994.25 scu:186.00 tlayer:1 pbqpoffset:2.19 pbfactor:1.29 avgQpOffsetCutree:-5.35;
in:86 out:85 type:B q:33.56 q-aq:30.14 q-noVbv:33.56 q-Rceq:1.32 tex:8339 mv:5920 misc:2149 icu:23.50 pcu:753.00 scu:519.50 tlayer:2 pbqpoffset:3.87 pbfactor:1.56 avgQpOffsetCutree:-3.01;
in:84 out:86 type:B q:33.66 q-aq:31.89 q-noVbv:33.66 q-Rceq:1.32 tex:2073 mv:3579 misc:1124 icu:1.00 pcu:723.50 scu:571.50 tlayer:3 pbqpoffset:3.93 pbfactor:1.58 avgQpOffsetCutree:-1.77;
in:83 out:87 type:b q:36.21 q-aq:36.00 q-noVbv:36.21 q-Rceq:1.32 tex:50 mv:1545 misc:581 icu:0.00 pcu:432.25 scu:863.75 tlayer:4 pbqpoffset:6.47 pbfactor:2.11 avgQpOffsetCutree:0.00;
in:85 out:88 type:b q:36.61 q-aq:37.00 q-noVbv:36.61 q-Rceq:1.32 tex:49 mv:1404 misc:579 icu:0.00 pcu:398.00 scu:898.00 tlayer:4 pbqpoffset:6.90 pbfactor:2.22 avgQpOffsetCutree:0.00;
in:88 out:89 type:B q:33.59 q-aq:33.21 q-noVbv:33.59 q-Rceq:1.32 tex:705 mv:2749 misc:930 icu:4.25 pcu:701.75 scu:590.00 tlayer:3 pbqpoffset:3.93 pbfactor:1.58 avgQpOffsetCutree:-0.94;
in:87 out:90 type:b q:35.95 q-aq:36.00 q-noVbv:35.95 q-Rceq:1.32 tex:11 mv:1358 misc:511 icu:0.00 pcu:351.00 scu:945.00 tlayer:4 pbqpoffset:6.27 pbfactor:2.06 avgQpOffsetCutree:0.00;
in:93 out:91 type:B q:32.21 q-aq:27.98 q-noVbv:32.21 q-Rceq:1.32 tex:44255 mv:10629 misc:4108 icu:59.50 pcu:961.25 scu:275.25 tlayer:2 pbqpoffset:2.63 pbfactor:1.35 avgQpOffsetCutree:-3.58;
in:91 out:92 type:B q:33.55 q-aq:32.17 q-noVbv:33.55 q-Rceq:1.32 tex:1488 mv:3571 misc:893 icu:5.00 pcu:891.00 scu:400.00 tlayer:3 pbqpoffset:3.93 pbfactor:1.58 avgQpOffsetCutree:-1.56;
in:90 out:93 type:b q:36.34 q-aq:36.00 q-noVbv:36.34 q-Rceq:1.32 tex:9 mv:1718 misc:529 icu:0.00 pcu:541.00 scu:755.00 tlayer:4 pbqpoffset:6.72 pbfactor:2.17 avgQpOffsetCutree:0.00;
in:92 out:94 type:b q:36.53 q-aq:37.00 q-noVbv:36.53 q-Rceq:1.32 tex:2 mv:1262 misc:520 icu:0.00 pcu:405.00 scu:891.00 tlayer:4 pbqpoffset:6.93 pbfactor:2.23 avgQpOffsetCutree:0.00;
in:95 out:95 type:B q:33.20 q-aq:33.00 q-noVbv:33.20 q-Rceq:1.32 tex:3205 mv:3164 misc:1567 icu:14.00 pcu:600.50 scu:681.50 tlayer:3 pbqpoffset:3.65 pbfactor:1.52 avgQpOffsetCutree:-0.87;
in:94 out:96 type:b q:36.39 q-aq:36.00 q-noVbv:36.39 q-Rceq:1.32 tex:10 mv:1315 misc:571 icu:0.00 pcu:484.00 scu:812.00 tlayer:4 pbqpoffset:6.82 pbfactor:2.20 avgQpOffsetCutree:0.00;
in:112 out:97 type:k q:28.51 q-aq:21.62 q-noVbv:28.51 q-Rceq:1.32 tex:356287 mv:40817 misc:2208 icu:1095.00 pcu:200.00 scu:1.00 tlayer:0 pbqpoffset:0.75 pbfactor:1.09 avgQpOffsetCutree:-7.46;
in:104 out:98 type:B q:31.07 q-aq:24.45 q-noVbv:31.07 q-Rceq:1.32 tex:174860 mv:21719 misc:4101 icu:130.25 pcu:1042.75 scu:123.00 tlayer:1 pbqpoffset:2.05 pbfactor:1.27 avgQpOffsetCutree:-5.59;
in:100 out:99 type:B q:32.51 q-aq:28.13 q-noVbv:32.51 q-Rceq:1.32 tex:18563 mv:9571 misc:3066 icu:8.25 pcu:850.25 scu:437.50 tlayer:2 pbqpoffset:3.24 pbfactor:1.45 avgQpOffsetCutree:-3.69;
in:98 out:100 type:B q:33.32 q-aq:31.71 q-noVbv:33.32 q-Rceq:1.32 tex:1184 mv:3157 misc:1003 icu:0.00 pcu:720.75 scu:575.25 tlayer:3 pbqpoffset:3.92 pbfactor:1.57 avgQpOffsetCutree:-1.64;
in:97 out:101 type:b q:35.34 q-aq:35.00 q-noVbv:35.34 q-Rceq:1.32 tex:8 mv:1209 misc:543 icu:0.00 pcu:351.25 scu:944.75 tlayer:4 pbqpoffset:5.87 pbfactor:1.97 avgQpOffsetCutree:0.00;
in:99 out:102 type:b q:35.86 q-aq:36.00 q-noVbv:35.86 q-Rceq:1.32 tex:11 mv:1235 misc:578 icu:0.00 pcu:305.50 scu:990.50 tlayer:4 pbqpoffset:6.52 pbfactor:2.12 avgQpOffsetCutree:0.00;
in:102 out:103 type:B q:33.01 q-aq:31.36 q-noVbv:33.01 q-Rceq:1.32 tex:4401 mv:4141 misc:1322 icu:2.50 pcu:838.50 scu:455.00 tlayer:3 pbqpoffset:3.86 pbfactor:1.56 avgQpOffsetCutree:-1.67;
in:101 out:104 type:b q:36.05 q-aq:36.00 q-noVbv:36.05 q-Rceq:1.32 tex:3 mv:971 misc:522 icu:0.00 pcu:349.00 scu:947.00 tlayer:4 pbqpoffset:6.84 pbfactor:2.20 avgQpOffsetCutree:0.00;
in:103 out:105 type:b q:34.39 q-aq:34.00 q-noVbv:34.39 q-Rceq:1.32 tex:46 mv:1735 misc:699 icu:0.00 pcu:510.00 scu:786.00 tlayer:4 pbqpoffset:5.31 pbfactor:1.85 avgQpOffsetCutree:0.00;
in:108 out:106 type:B q:31.41 q-aq:26.05 q-noVbv:31.41 q-Rceq:1.32 tex:43704 mv:8669 misc:3611 icu:34.50 pcu:1082.00 scu:179.50 tlayer:2 pbqpoffset:2.64 pbfactor:1.36 avgQpOffsetCutree:-4.33;
in:106 out:107 type:B q:32.81 q-aq:31.14 q-noVbv:32.81 q-Rceq:1.32 tex:1712 mv:3291 misc:1181 icu:1.00 pcu:720.25 scu:574.75 tlayer:3 pbqpoffset:3.92 pbfactor:1.57 avgQpOffsetCutree:-1.55;
in:105 out:108 type:b q:34.76 q-aq:35.00 q-noVbv:34.76 q-Rceq:1.32 tex:12 mv:1799 misc:589 icu:0.00 pcu:521.25 scu:774.75 tlayer:4 pbqpoffset:5.81 pbfactor:1.96 avgQpOffsetCutree:0.00;
in:107 out:109 type:b q:35.75 q-aq:36.00 q-noVbv:35.75 q-Rceq:1.32 tex:9 mv:945 misc:486 icu:0.00 pcu:269.00 scu:1027.00 tlayer:4 pbqpoffset:6.92 pbfactor:2.22 avgQpOffsetCutree:0.00;
in:110 out:110 type:B q:32.06 q-aq:29.07 q-noVbv:32.06 q-Rceq:1.32 tex:1594 mv:2167 misc:1519 icu:5.00 pcu:628.50 scu:662.50 tlayer:3 pbqpoffset:3.42 pbfactor:1.48 avgQpOffsetCutree:-2.55;
in:109 out:111 type:b q:35.62 q-aq:36.00 q-noVbv:35.62 q-Rceq:1.32 tex:16 mv:973 misc:467 icu:0.00 pcu:454.00 scu:842.00 tlayer:4 pbqpoffset:6.92 pbfactor:2.22 avgQpOffsetCutree:0.00;
in:111 out:112 type:b q:34.22 q-aq:34.00 q-noVbv:34.22 q-Rceq:1.32 tex:168 mv:1138 misc:662 icu:4.00 pcu:404.00 scu:888.00 tlayer:4 pbqpoffset:5.65 pbfactor:1.92 avgQpOffsetCutree:0.00;
in:128 out:113 type:k q:28.37 q-aq:21.50 q-noVbv:28.37 q-Rceq:1.32 tex:392017 mv:43604 misc:2515 icu:988.00 pcu:307.25 scu:0.75 tlayer:0 pbqpoffset:0.85 pbfactor:1.10 avgQpOffsetCutree:-7.60;
in:120 out:114 type:B q:30.59 q-aq:23.82 q-noVbv:30.59 q-Rceq:1.32 tex:177376 mv:22770 misc:4166 icu:109.75 pcu:1063.50 scu:122.75 tlayer:1 pbqpoffset:2.15 pbfactor:1.28 avgQpOffsetCutree:-5.77;
in:116 out:115 type:B q:31.82 q-aq:27.62 q-noVbv:31.82 q-Rceq:1.32 tex:20510 mv:9881 misc:2561 icu:12.75 pcu:923.75 scu:359.50 tlayer:2 pbqpoffset:3.35 pbfactor:1.47 avgQpOffsetCutree:-3.56;
in:114 out:116 type:B q:32.43 q-aq:30.61 q-noVbv:32.43 q-Rceq:1.32 tex:4753 mv:3852 misc:1155 icu:10.25 pcu:703.25 scu:582.50 tlayer:3 pbqpoffset:3.94 pbfactor:1.58 avgQpOffsetCutree:-1.69;
in:113 out:117 type:b q:34.19 q-aq:34.00 q-noVbv:34.19 q-Rceq:1.32 tex:178 mv:1556 misc:682 icu:4.00 pcu:467.50 scu:824.50 tlayer:4 pbqpoffset:5.69 pbfactor:1.93 avgQpOffsetCutree:0.00;
in:115 out:118 type:b q:35.00 q-aq:35.00 q-noVbv:35.00 q-Rceq:1.32 tex:6 mv:1747 misc:647 icu:0.00 pcu:530.00 scu:766.00 tlayer:4 pbqpoffset:6.51 pbfactor:2.12 avgQpOffsetCutree:0.00;
in:118 out:119 type:B q:32.40 q-aq:30.73 q-noVbv:32.40 q-Rceq:1.32 tex:2285 mv:3957 misc:1086 icu:10.25 pcu:776.50 scu:509.25 tlayer:3 pbqpoffset:3.94 pbfactor:1.58 avgQpOffsetCutree:-1.70;
in:117 out:120 type:b q:34.35 q-aq:34.00 q-noVbv:34.35 q-Rceq:1.32 tex:863 mv:2035 misc:734 icu:4.00 pcu:535.50 scu:756.50 tlayer:4 pbqpoffset:5.89 pbfactor:1.97 avgQpOffsetCutree:0.00;
in:119 out:121 type:b q:35.39 q-aq:35.00 q-noVbv:35.39 q-Rceq:1.32 tex:61 mv:1790 misc:709 icu:0.00 pcu:497.75 scu:798.25 tlayer:4 pbqpoffset:6.94 pbfactor:2.23 avgQpOffsetCutree:0.00;
in:124 out:122 type:B q:31.02 q-aq:26.13 q-noVbv:31.02 q-Rceq:1.32 tex:77039 mv:11960 misc:4401 icu:34.50 pcu:1017.50 scu:244.00 tlayer:2 pbqpoffset:2.62 pbfactor:1.35 avgQpOffsetCutree:-4.10;
in:122 out:123 type:B q:32.37 q-aq:31.03 q-noVbv:32.37 q-Rceq:1.32 tex:2441 mv:3734 misc:1441 icu:5.00 pcu:795.00 scu:496.00 tlayer:3 pbqpoffset:3.94 pbfactor:1.58 avgQpOffsetCutree:-1.51;
in:121 out:124 type:b q:35.37 q-aq:35.00 q-noVbv:35.37 q-Rceq:1.32 tex:195 mv:1599 misc:638 icu:0.00 pcu:448.00 scu:848.00 tlayer:4 pbqpoffset:6.94 pbfactor:2.23 avgQpOffsetCutree:0.00;
in:123 out:125 type:b q:35.25 q-aq:35.00 q-noVbv:35.25 q-Rceq:1.32 tex:14 mv:1399 misc:635 icu:0.00 pcu:368.75 scu:927.25 tlayer:4 pbqpoffset:6.83 pbfactor:2.20 avgQpOffsetCutree:0.00;
in:126 out:126 type:B q:32.02 q-aq:29.24 q-noVbv:32.02 q-Rceq:1.32 tex:4459 mv:2619 misc:1618 icu:0.00 pcu:796.00 scu:500.00 tlayer:3 pbqpoffset:3.63 pbfactor:1.52 avgQpOffsetCutree:-2.40;
in:125 out:127 type:b q:35.34 q-aq:35.00 q-noVbv:35.34 q-Rceq:1.32 tex:131 mv:1015 misc:550 icu:0.00 pcu:305.75 scu:990.25 tlayer:4 pbqpoffset:6.94 pbfactor:2.23 avgQpOffsetCutree:0.00;
in:127 out:128 type:b q:35.32 q-aq:35.00 q-noVbv:35.32 q-Rceq:1.32 tex:318 mv:1067 misc:687 icu:0.00 pcu:447.25 scu:848.75 tlayer:4 pbqpoffset:6.94 pbfactor:2.23 avgQpOffsetCutree:0.00;
in:140 out:129 type:k q:27.97 q-aq:19.87 q-noVbv:27.97 q-Rceq:1.32 tex:230630 mv:20490 misc:3744 icu:189.00 pcu:1076.25 scu:30.75 tlayer:0 pbqpoffset:0.93 pbfactor:1.11 avgQpOffsetCutree:-7.35;
in:134 out:130 type:B q:29.92 q-aq:23.82 q-noVbv:29.92 q-Rceq:1.32 tex:26126 mv:12830 misc:4180 icu:11.00 pcu:852.25 scu:432.75 tlayer:1 pbqpoffset:1.74 pbfactor:1.22 avgQpOffsetCutree:-4.88;
in:131 out:131 type:B q:30.34 q-aq:27.27 q-noVbv:30.34 q-Rceq:1.32 tex:4634 mv:4189 misc:1345 icu:2.25 pcu:751.25 scu:542.50 tlayer:2 pbqpoffset:2.07 pbfactor:1.27 avgQpOffsetCutree:-2.40;
in:130 out:132 type:B q:31.91 q-aq:31.88 q-noVbv:31.91 q-Rceq:1.32 tex:558 mv:2096 misc:938 icu:0.00 pcu:511.00 scu:785.00 tlayer:3 pbqpoffset:3.61 pbfactor:1.52 avgQpOffsetCutree:-0.56;
in:129 out:133 type:b q:34.84 q-aq:35.00 q-noVbv:34.84 q-Rceq:1.32 tex:10 mv:690 misc:436 icu:0.00 pcu:208.50 scu:1087.50 tlayer:4 pbqpoffset:6.50 pbfactor:2.12 avgQpOffsetCutree:0.00;
in:133 out:134 type:B q:31.81 q-aq:31.03 q-noVbv:31.81 q-Rceq:1.32 tex:589 mv:2325 misc:854 icu:0.00 pcu:560.50 scu:735.50 tlayer:3 pbqpoffset:3.61 pbfactor:1.52 avgQpOffsetCutree:-1.11;
in:132 out:135 type:b q:33.52 q-aq:34.00 q-noVbv:33.52 q-Rceq:1.32 tex:127 mv:1830 misc:691 icu:0.00 pcu:496.00 scu:800.00 tlayer:4 pbqpoffset:5.28 pbfactor:1.84 avgQpOffsetCutree:0.00;
in:137 out:136 type:B q:30.24 q-aq:27.72 q-noVbv:30.24 q-Rceq:1.32 tex:267 mv:4728 misc:1333 icu:1.00 pcu:842.50 scu:452.50 tlayer:2 pbqpoffset:2.17 pbfactor:1.29 avgQpOffsetCutree:-2.54;
in:136 out:137 type:B q:31.00 q-aq:30.99 q-noVbv:31.00 q-Rceq:1.32 tex:39 mv:2208 misc:785 icu:0.00 pcu:593.25 scu:702.75 tlayer:3 pbqpoffset:2.89 pbfactor:1.40 avgQpOffsetCutree:-0.61;
in:135 out:138 type:b q:34.75 q-aq:35.00 q-noVbv:34.75 q-Rceq:1.32 tex:17 mv:911 misc:480 icu:0.00 pcu:315.00 scu:981.00 tlayer:4 pbqpoffset:6.61 pbfactor:2.15 avgQpOffsetCutree:0.00;
in:139 out:139 type:B q:31.61 q-aq:32.00 q-noVbv:31.61 q-Rceq:1.32 tex:14 mv:1726 misc:620 icu:0.00 pcu:596.00 scu:700.00 tlayer:3 pbqpoffset:3.61 pbfactor:1.52 avgQpOffsetCutree:-1.19;
in:138 out:140 type:b q:34.65 q-aq:35.00 q-noVbv:34.65 q-Rceq:1.32 tex:5 mv:891 misc:440 icu:0.00 pcu:475.00 scu:821.00 tlayer:4 pbqpoffset:6.61 pbfactor:2.15 avgQpOffsetCutree:0.00;
in:156 out:141 type:k q:28.60 q-aq:21.16 q-noVbv:28.60 q-Rceq:1.32 tex:317729 mv:23643 misc:3028 icu:547.00 pcu:744.50 scu:4.50 tlayer:0 pbqpoffset:0.93 pbfactor:1.11 avgQpOffsetCutree:-7.99;
in:148 out:142 type:B q:29.98 q-aq:24.15 q-noVbv:29.98 q-Rceq:1.32 tex:131800 mv:19735 misc:4361 icu:100.25 pcu:1019.75 scu:176.00 tlayer:1 pbqpoffset:1.70 pbfactor:1.22 avgQpOffsetCutree:-5.17;
in:144 out:143 type:B q:29.83 q-aq:26.83 q-noVbv:29.83 q-Rceq:1.32 tex:132652 mv:20518 misc:3958 icu:225.25 pcu:854.00 scu:216.75 tlayer:2 pbqpoffset:1.70 pbfactor:1.22 avgQpOffsetCutree:-2.76;
in:142 out:144 type:B q:31.61 q-aq:29.62 q-noVbv:31.61 q-Rceq:1.32 tex:1075 mv:2406 misc:1343 icu:0.00 pcu:604.00 scu:692.00 tlayer:3 pbqpoffset:3.56 pbfactor:1.51 avgQpOffsetCutree:-2.03;
in:141 out:145 type:b q:34.57 q-aq:35.00 q-noVbv:34.57 q-Rceq:1.32 tex:11 mv:762 misc:427 icu:0.00 pcu:267.00 scu:1029.00 tlayer:4 pbqpoffset:6.56 pbfactor:2.13 avgQpOffsetCutree:0.00;
in:143 out:146 type:b q:34.39 q-aq:34.00 q-noVbv:34.39 q-Rceq:1.32 tex:101 mv:1177 misc:722 icu:1.00 pcu:389.00 scu:906.00 tlayer:4 pbqpoffset:6.30 pbfactor:2.07 avgQpOffsetCutree:0.00;
in:146 out:147 type:B q:31.36 q-aq:29.41 q-noVbv:31.36 q-Rceq:1.32 tex:10109 mv:5856 misc:2195 icu:14.75 pcu:810.25 scu:471.00 tlayer:3 pbqpoffset:3.16 pbfactor:1.44 avgQpOffsetCutree:-1.78;
in:145 out:148 type:b q:34.73 q-aq:35.00 q-noVbv:34.73 q-Rceq:1.32 tex:11 mv:1423 misc:718 icu:0.00 pcu:381.50 scu:914.50 tlayer:4 pbqpoffset:6.56 pbfactor:2.13 avgQpOffsetCutree:0.00;
in:147 out:149 type:b q:33.33 q-aq:33.00 q-noVbv:33.33 q-Rceq:1.32 tex:347 mv:2693 misc:768 icu:0.00 pcu:650.50 scu:645.50 tlayer:4 pbqpoffset:5.08 pbfactor:1.80 avgQpOffsetCutree:0.00;
in:152 out:150 type:B q:31.86 q-aq:27.79 q-noVbv:31.86 q-Rceq:1.32 tex:6640 mv:7835 misc:2245 icu:5.75 pcu:865.75 scu:424.50 tlayer:2 pbqpoffset:3.42 pbfactor:1.48 avgQpOffsetCutree:-3.44;
in:150 out:151 type:B q:31.92 q-aq:30.17 q-noVbv:31.92 q-Rceq:1.32 tex:4907 mv:4536 misc:1357 icu:5.75 pcu:893.25 scu:397.00 tlayer:3 pbqpoffset:3.56 pbfactor:1.51 avgQpOffsetCutree:-1.67;
in:149 out:152 type:b q:34.21 q-aq:34.00 q-noVbv:34.21 q-Rceq:1.32 tex:238 mv:2002 misc:696 icu:0.00 pcu:573.75 scu:722.25 tlayer:4 pbqpoffset:5.89 pbfactor:1.97 avgQpOffsetCutree:0.00;
in:151 out:153 type:b q:34.76 q-aq:35.00 q-noVbv:34.76 q-Rceq:1.32 tex:79 mv:1830 misc:627 icu:0.00 pcu:624.00 scu:672.00 tlayer:4 pbqpoffset:6.36 pbfactor:2.09 avgQpOffsetCutree:0.00;
in:154 out:154 type:B q:32.08 q-aq:31.30 q-noVbv:32.08 q-Rceq:1.32 tex:202 mv:2805 misc:761 icu:0.25 pcu:685.00 scu:610.75 tlayer:3 pbqpoffset:3.56 pbfactor:1.51 avgQpOffsetCutree:-1.84;
in:153 out:155 type:b q:35.04 q-aq:35.00 q-noVbv:35.04 q-Rceq:1.32 tex:23 mv:1431 misc:578 icu:0.00 pcu:605.25 scu:690.75 tlayer:4 pbqpoffset:6.56 pbfactor:2.13 avgQpOffsetCutree:0.00;
in:155 out:156 type:b q:35.12 q-aq:35.00 q-noVbv:35.12 q-Rceq:1.32 tex:7 mv:837 misc:452 icu:0.00 pcu:328.00 scu:968.00 tlayer:4 pbqpoffset:6.56 pbfactor:2.13 avgQpOffsetCutree:0.00;
in:172 out:157 type:k q:29.39 q-aq:22.74 q-noVbv:29.39 q-Rceq:1.32 tex:297745 mv:30564 misc:3027 icu:580.25 pcu:709.25 scu:6.50 tlayer:0 pbqpoffset:0.92 pbfactor:1.11 avgQpOffsetCutree:-7.36;
in:164 out:158 type:B q:31.03 q-aq:25.24 q-noVbv:31.03 q-Rceq:1.32 tex:157467 mv:21933 misc:4128 icu:182.00 pcu:974.25 scu:139.75 tlayer:1 pbqpoffset:2.03 pbfactor:1.26 avgQpOffsetCutree:-5.32;
in:160 out:159 type:B q:30.83 q-aq:27.77 q-noVbv:30.83 q-Rceq:1.32 tex:101509 mv:21401 misc:4114 icu:306.00 pcu:744.00 scu:246.00 tlayer:2 pbqpoffset:2.03 pbfactor:1.26 avgQpOffsetCutree:-2.71;
in:158 out:160 type:B q:32.59 q-aq:29.65 q-noVbv:32.59 q-Rceq:1.32 tex:496 mv:2212 misc:1364 icu:0.00 pcu:601.25 scu:694.75 tlayer:3 pbqpoffset:3.90 pbfactor:1.57 avgQpOffsetCutree:-2.47;
in:157 out:161 type:b q:35.54 q-aq:36.00 q-noVbv:35.54 q-Rceq:1.32 tex:3 mv:851 misc:434 icu:0.00 pcu:536.00 scu:760.00 tlayer:4 pbqpoffset:6.90 pbfactor:2.22 avgQpOffsetCutree:0.00;
in:159 out:162 type:b q:35.64 q-aq:36.00 q-noVbv:35.64 q-Rceq:1.32 tex:37 mv:1247 misc:628 icu:0.00 pcu:447.00 scu:849.00 tlayer:4 pbqpoffset:6.90 pbfactor:2.22 avgQpOffsetCutree:0.00;
in:162 out:163 type:B q:32.79 q-aq:31.12 q-noVbv:32.79 q-Rceq:1.32 tex:6529 mv:5911 misc:2032 icu:28.25 pcu:822.25 scu:445.50 tlayer:3 pbqpoffset:3.90 pbfactor:1.57 avgQpOffsetCutree:-1.79;
in:161 out:164 type:b q:35.74 q-aq:36.00 q-noVbv:35.74 q-Rceq:1.32 tex:32 mv:1476 misc:676 icu:4.00 pcu:567.50 scu:724.50 tlayer:4 pbqpoffset:6.90 pbfactor:2.22 avgQpOffsetCutree:0.00;
in:163 out:165 type:b q:35.32 q-aq:35.00 q-noVbv:35.32 q-Rceq:1.32 tex:346 mv:2167 misc:743 icu:12.00 pcu:603.25 scu:680.75 tlayer:4 pbqpoffset:6.38 pbfactor:2.09 avgQpOffsetCutree:0.00;
in:168 out:166 type:B q:32.50 q-aq:28.44 q-noVbv:32.50 q-Rceq:1.32 tex:20775 mv:12110 misc:3515 icu:57.00 pcu:887.75 scu:351.25 tlayer:2 pbqpoffset:3.31 pbfactor:1.47 avgQpOffsetCutree:-3.41;
in:166 out:167 type:B q:32.99 q-aq:31.68 q-noVbv:32.99 q-Rceq:1.32 tex:2530 mv:3814 misc:1408 icu:24.00 pcu:842.50 scu:429.50 tlayer:3 pbqpoffset:3.90 pbfactor:1.57 avgQpOffsetCutree:-1.62;
in:165 out:168 type:b q:35.40 q-aq:35.00 q-noVbv:35.40 q-Rceq:1.32 tex:52 mv:1500 misc:616 icu:0.00 pcu:436.25 scu:859.75 tlayer:4 pbqpoffset:6.35 pbfactor:2.08 avgQpOffsetCutree:0.00;
in:167 out:169 type:b q:35.71 q-aq:36.00 q-noVbv:35.71 q-Rceq:1.32 tex:15 mv:1572 misc:573 icu:4.00 pcu:521.50 scu:770.50 tlayer:4 pbqpoffset:6.57 pbfactor:2.14 avgQpOffsetCutree:0.00;
in:170 out:170 type:B q:33.19 q-aq:31.63 q-noVbv:33.19 q-Rceq:1.32 tex:2606 mv:4570 misc:1600 icu:7.00 pcu:786.75 scu:502.25 tlayer:3 pbqpoffset:3.90 pbfactor:1.57 avgQpOffsetCutree:-1.54;
in:169 out:171 type:b q:35.46 q-aq:35.00 q-noVbv:35.46 q-Rceq:1.32 tex:366 mv:1742 misc:716 icu:5.00 pcu:508.00 scu:783.00 tlayer:4 pbqpoffset:6.21 pbfactor:2.05 avgQpOffsetCutree:0.00;
in:171 out:172 type:b q:34.42 q-aq:34.00 q-noVbv:34.42 q-Rceq:1.32 tex:362 mv:2136 misc:878 icu:12.50 pcu:525.75 scu:757.75 tlayer:4 pbqpoffset:5.08 pbfactor:1.80 avgQpOffsetCutree:0.00;
in:180 out:173 type:k q:32.98 q-aq:25.43 q-noVbv:32.98 q-Rceq:1.32 tex:205782 mv:27161 misc:2745 icu:406.25 pcu:879.00 scu:10.75 tlayer:0 pbqpoffset:0.94 pbfactor:1.11 avgQpOffsetCutree:-8.00;
in:176 out:174 type:B q:33.28 q-aq:30.31 q-noVbv:33.28 q-Rceq:1.32 tex:44112 mv:11825 misc:3487 icu:87.50 pcu:891.25 scu:317.25 tlayer:1 pbqpoffset:2.09 pbfactor:1.27 avgQpOffsetCutree:-2.63;
in:174 out:175 type:B q:33.21 q-aq:30.54 q-noVbv:33.21 q-Rceq:1.32 tex:3319 mv:3205 misc:1700 icu:18.75 pcu:651.50 scu:625.75 tlayer:2 pbqpoffset:2.92 pbfactor:1.40 avgQpOffsetCutree:-2.39;
in:173 out:176 type:b q:36.74 q-aq:37.00 q-noVbv:36.74 q-Rceq:1.32 tex:6 mv:1264 misc:578 icu:0.00 pcu:416.00 scu:880.00 tlayer:3 pbqpoffset:6.90 pbfactor:2.22 avgQpOffsetCutree:0.00;
in:175 out:177 type:b q:36.48 q-aq:36.01 q-noVbv:36.48 q-Rceq:1.32 tex:100 mv:1220 misc:776 icu:4.00 pcu:449.50 scu:842.50 tlayer:3 pbqpoffset:5.74 pbfactor:1.94 avgQpOffsetCutree:0.00;
in:178 out:178 type:B q:35.98 q-aq:35.32 q-noVbv:35.98 q-Rceq:1.32 tex:891 mv:2277 misc:968 icu:8.00 pcu:574.50 scu:713.50 tlayer:2 pbqpoffset:3.90 pbfactor:1.57 avgQpOffsetCutree:-1.65;
in:177 out:179 type:b q:38.27 q-aq:38.00 q-noVbv:38.27 q-Rceq:1.32 tex:1 mv:727 misc:456 icu:0.00 pcu:236.00 scu:1060.00 tlayer:3 pbqpoffset:6.64 pbfactor:2.15 avgQpOffsetCutree:0.00;
in:179 out:180 type:b q:39.43 q-aq:39.00 q-noVbv:39.43 q-Rceq:1.32 tex:9 mv:846 misc:505 icu:0.00 pcu:375.00 scu:921.00 tlayer:3 pbqpoffset:6.90 pbfactor:2.22 avgQpOffsetCutree:0.00;
in:196 out:181 type:k q:29.33 q-aq:21.54 q-noVbv:29.33 q-Rceq:1.32 tex:332343 mv:33224 misc:3041 icu:509.50 pcu:783.25 scu:3.25 tlayer:0 pbqpoffset:0.61 pbfactor:1.07 avgQpOffsetCutree:-7.64;
in:188 out:182 type:B q:33.42 q-aq:26.74 q-noVbv:33.42 q-Rceq:1.32 tex:67015 mv:15076 misc:4269 icu:111.50 pcu:950.75 scu:233.75 tlayer:1 pbqpoffset:2.27 pbfactor:1.30 avgQpOffsetCutree:-5.23;
in:184 out:183 type:B q:35.79 q-aq:32.43 q-noVbv:35.79 q-Rceq:1.32 tex:4674 mv:5073 misc:1661 icu:24.75 pcu:744.25 scu:527.00 tlayer:2 pbqpoffset:3.72 pbfactor:1.54 avgQpOffsetCutree:-3.34;
in:182 out:184 type:B q:36.28 q-aq:33.95 q-noVbv:36.28 q-Rceq:1.32 tex:882 mv:2569 misc:957 icu:4.00 pcu:650.50 scu:641.50 tlayer:3 pbqpoffset:3.75 pbfactor:1.54 avgQpOffsetCutree:-1.68;
in:181 out:185 type:b q:39.51 q-aq:40.00 q-noVbv:39.51 q-Rceq:1.32 tex:1 mv:529 misc:382 icu:0.00 pcu:219.00 scu:1077.00 tlayer:4 pbqpoffset:6.75 pbfactor:2.18 avgQpOffsetCutree:0.00;
in:183 out:186 type:b q:39.05 q-aq:39.00 q-noVbv:39.05 q-Rceq:1.32 tex:3 mv:700 misc:441 icu:0.00 pcu:285.00 scu:1011.00 tlayer:4 pbqpoffset:6.75 pbfactor:2.18 avgQpOffsetCutree:0.00;
in:186 out:187 type:B q:35.37 q-aq:32.97 q-noVbv:35.37 q-Rceq:1.32 tex:1083 mv:2829 misc:968 icu:2.00 pcu:639.00 scu:655.00 tlayer:3 pbqpoffset:3.75 pbfactor:1.54 avgQpOffsetCutree:-1.91;
in:185 out:188 type:b q:38.59 q-aq:39.00 q-noVbv:38.59 q-Rceq:1.32 tex:6 mv:662 misc:420 icu:4.00 pcu:208.00 scu:1084.00 tlayer:4 pbqpoffset:6.75 pbfactor:2.18 avgQpOffsetCutree:0.00;
in:187 out:189 type:b q:38.14 q-aq:38.00 q-noVbv:38.14 q-Rceq:1.32 tex:5 mv:468 misc:351 icu:0.00 pcu:126.00 scu:1170.00 tlayer:4 pbqpoffset:6.75 pbfactor:2.18 avgQpOffsetCutree:0.00;
in:192 out:190 type:B q:32.13 q-aq:29.13 q-noVbv:32.13 q-Rceq:1.32 tex:55020 mv:13742 misc:3542 icu:120.75 pcu:920.50 scu:254.75 tlayer:2 pbqpoffset:1.89 pbfactor:1.24 avgQpOffsetCutree:-2.61;
in:190 out:191 type:B q:34.45 q-aq:31.68 q-noVbv:34.45 q-Rceq:1.32 tex:172 mv:1717 misc:1175 icu:1.00 pcu:518.75 scu:776.25 tlayer:3 pbqpoffset:3.75 pbfactor:1.54 avgQpOffsetCutree:-2.37;
in:189 out:192 type:b q:37.68 q-aq:38.00 q-noVbv:37.68 q-Rceq:1.32 tex:3 mv:574 misc:367 icu:0.00 pcu:223.00 scu:1073.00 tlayer:4 pbqpoffset:6.75 pbfactor:2.18 avgQpOffsetCutree:0.00;
in:191 out:193 type:b q:36.78 q-aq:37.00 q-noVbv:36.78 q-Rceq:1.32 tex:17 mv:1085 misc:722 icu:1.00 pcu:463.00 scu:832.00 tlayer:4 pbqpoffset:6.30 pbfactor:2.07 avgQpOffsetCutree:0.00;
in:194 out:194 type:B q:33.54 q-aq:32.26 q-noVbv:33.54 q-Rceq:1.32 tex:2412 mv:3582 misc:1182 icu:19.25 pcu:775.75 scu:501.00 tlayer:3 pbqpoffset:3.75 pbfactor:1.54 avgQpOffsetCutree:-1.69;
in:193 out:195 type:b q:35.69 q-aq:36.00 q-noVbv:35.69 q-Rceq:1.32 tex:9 mv:1423 misc:632 icu:0.00 pcu:422.25 scu:873.75 tlayer:4 pbqpoffset:5.67 pbfactor:1.92 avgQpOffsetCutree:0.00;
in:195 out:196 type:b q:35.19 q-aq:35.00 q-noVbv:35.19 q-Rceq:1.32 tex:50 mv:1868 misc:666 icu:4.00 pcu:605.00 scu:687.00 tlayer:4 pbqpoffset:5.63 pbfactor:1.92 avgQpOffsetCutree:0.00;
in:212 out:197 type:k q:29.20 q-aq:21.87 q-noVbv:29.20 q-Rceq:1.32 tex:298116 mv:34757 misc:2823 icu:630.75 pcu:662.50 scu:2.75 tlayer:0 pbqpoffset:0.56 pbfactor:1.07 avgQpOffsetCutree:-7.60;
in:204 out:198 type:B q:31.09 q-aq:24.82 q-noVbv:31.09 q-Rceq:1.32 tex:101005 mv:19253 misc:4278 icu:170.75 pcu:988.25 scu:137.00 tlayer:1 pbqpoffset:1.82 pbfactor:1.23 avgQpOffsetCutree:-5.17;
in:200 out:199 type:B q:32.40 q-aq:28.52 q-noVbv:32.40 q-Rceq:1.32 tex:18341 mv:8850 misc:2857 icu:26.75 pcu:930.00 scu:339.25 tlayer:2 pbqpoffset:3.10 pbfactor:1.43 avgQpOffsetCutree:-3.31;
in:198 out:200 type:B q:32.96 q-aq:31.44 q-noVbv:32.96 q-Rceq:1.32 tex:6277 mv:4574 misc:1645 icu:18.00 pcu:828.50 scu:449.50 tlayer:3 pbqpoffset:3.65 pbfactor:1.52 avgQpOffsetCutree:-1.89;
in:197 out:201 type:b q:35.28 q-aq:35.00 q-noVbv:35.28 q-Rceq:1.32 tex:175 mv:1850 misc:703 icu:6.00 pcu:494.25 scu:795.75 tlayer:4 pbqpoffset:5.96 pbfactor:1.99 avgQpOffsetCutree:0.00;
in:199 out:202 type:b q:35.33 q-aq:35.00 q-noVbv:35.33 q-Rceq:1.32 tex:62 mv:1926 misc:708 icu:0.00 pcu:551.50 scu:744.50 tlayer:4 pbqpoffset:6.02 pbfactor:2.00 avgQpOffsetCutree:0.00;
in:202 out:203 type:B q:32.97 q-aq:32.06 q-noVbv:32.97 q-Rceq:1.32 tex:777 mv:3161 misc:918 icu:9.00 pcu:857.75 scu:429.25 tlayer:3 pbqpoffset:3.69 pbfactor:1.53 avgQpOffsetCutree:-1.68;
in:201 out:204 type:b q:35.12 q-aq:35.00 q-noVbv:35.12 q-Rceq:1.32 tex:147 mv:1634 misc:643 icu:0.00 pcu:493.50 scu:802.50 tlayer:4 pbqpoffset:5.83 pbfactor:1.96 avgQpOffsetCutree:0.00;
in:203 out:205 type:b q:35.97 q-aq:36.00 q-noVbv:35.97 q-Rceq:1.32 tex:17 mv:1121 misc:542 icu:4.00 pcu:437.00 scu:855.00 tlayer:4 pbqpoffset:6.69 pbfactor:2.17 avgQpOffsetCutree:0.00;
in:208 out:206 type:B q:31.06 q-aq:28.03 q-noVbv:31.06 q-Rceq:1.32 tex:80212 mv:18041 misc:3939 icu:181.75 pcu:846.50 scu:267.75 tlayer:2 pbqpoffset:1.82 pbfactor:1.23 avgQpOffsetCutree:-2.63;
in:206 out:207 type:B q:32.94 q-aq:30.25 q-noVbv:32.94 q-Rceq:1.32 tex:879 mv:1634 misc:1263 icu:16.00 pcu:562.00 scu:718.00 tlayer:3 pbqpoffset:3.69 pbfactor:1.53 avgQpOffsetCutree:-2.58;
in:205 out:208 type:b q:35.95 q-aq:36.00 q-noVbv:35.95 q-Rceq:1.32 tex:12 mv:866 misc:450 icu:4.00 pcu:387.00 scu:905.00 tlayer:4 pbqpoffset:6.69 pbfactor:2.17 avgQpOffsetCutree:0.00;
in:207 out:209 type:b q:35.93 q-aq:36.00 q-noVbv:35.93 q-Rceq:1.32 tex:74 mv:1280 misc:590 icu:1.00 pcu:418.00 scu:877.00 tlayer:4 pbqpoffset:6.68 pbfactor:2.16 avgQpOffsetCutree:0.00;
in:210 out:210 type:B q:32.50 q-aq:30.91 q-noVbv:32.50 q-Rceq:1.32 tex:4427 mv:4222 misc:1479 icu:6.25 pcu:824.00 scu:465.75 tlayer:3 pbqpoffset:3.28 pbfactor:1.46 avgQpOffsetCutree:-1.68;
in:209 out:211 type:b q:34.01 q-aq:34.00 q-noVbv:34.01 q-Rceq:1.32 tex:239 mv:1740 misc:725 icu:0.00 pcu:553.50 scu:742.50 tlayer:4 pbqpoffset:4.78 pbfactor:1.74 avgQpOffsetCutree:0.00;
in:211 out:212 type:b q:34.23 q-aq:34.00 q-noVbv:34.23 q-Rceq:1.32 tex:175 mv:2078 misc:675 icu:0.00 pcu:652.75 scu:643.25 tlayer:4 pbqpoffset:5.02 pbfactor:1.79 avgQpOffsetCutree:0.00;
in:228 out:213 type:k q:29.45 q-aq:21.63 q-noVbv:29.45 q-Rceq:1.32 tex:290644 mv:30780 misc:3000 icu:596.50 pcu:696.75 scu:2.75 tlayer:0 pbqpoffset:0.90 pbfactor:1.11 avgQpOffsetCutree:-7.78;
in:220 out:214 type:B q:31.17 q-aq:25.15 q-noVbv:31.17 q-Rceq:1.32 tex:98415 mv:17020 misc:4109 icu:133.75 pcu:964.25 scu:198.00 tlayer:1 pbqpoffset:1.84 pbfactor:1.24 avgQpOffsetCutree:-4.97;
in:216 out:215 type:B q:32.04 q-aq:28.32 q-noVbv:32.04 q-Rceq:1.32 tex:18590 mv:9962 misc:3128 icu:26.25 pcu:859.50 scu:410.25 tlayer:2 pbqpoffset:2.78 pbfactor:1.38 avgQpOffsetCutree:-3.14;
in:214 out:216 type:B q:32.87 q-aq:31.81 q-noVbv:32.87 q-Rceq:1.32 tex:3430 mv:4178 misc:1400 icu:6.50 pcu:719.00 scu:570.50 tlayer:3 pbqpoffset:3.64 pbfactor:1.52 avgQpOffsetCutree:-1.57;
in:213 out:217 type:b q:34.02 q-aq:34.00 q-noVbv:34.02 q-Rceq:1.32 tex:91 mv:1576 misc:605 icu:0.00 pcu:542.75 scu:753.25 tlayer:4 pbqpoffset:4.80 pbfactor:1.74 avgQpOffsetCutree:0.00;
in:215 out:218 type:b q:33.74 q-aq:34.00 q-noVbv:33.74 q-Rceq:1.32 tex:407 mv:1974 misc:723 icu:5.00 pcu:587.25 scu:703.75 tlayer:4 pbqpoffset:4.49 pbfactor:1.68 avgQpOffsetCutree:0.00;
in:218 out:219 type:B q:32.68 q-aq:31.34 q-noVbv:32.68 q-Rceq:1.32 tex:1913 mv:3671 misc:1384 icu:2.25 pcu:659.00 scu:634.75 tlayer:3 pbqpoffset:3.39 pbfactor:1.48 avgQpOffsetCutree:-1.75;
in:217 out:220 type:b q:35.98 q-aq:36.00 q-noVbv:35.98 q-Rceq:1.32 tex:101 mv:1152 misc:563 icu:4.00 pcu:335.50 scu:956.50 tlayer:4 pbqpoffset:6.70 pbfactor:2.17 avgQpOffsetCutree:0.00;
in:219 out:221 type:b q:34.51 q-aq:35.00 q-noVbv:34.51 q-Rceq:1.32 tex:6 mv:1008 misc:498 icu:0.00 pcu:481.50 scu:814.50 tlayer:4 pbqpoffset:5.19 pbfactor:1.82 avgQpOffsetCutree:0.00;
in:224 out:222 type:B q:31.23 q-aq:28.19 q-noVbv:31.23 q-Rceq:1.32 tex:63778 mv:16048 misc:3974 icu:158.50 pcu:844.75 scu:292.75 tlayer:2 pbqpoffset:1.84 pbfactor:1.24 avgQpOffsetCutree:-2.69;
in:222 out:223 type:B q:32.52 q-aq:30.11 q-noVbv:32.52 q-Rceq:1.32 tex:1152 mv:1866 misc:1494 icu:0.00 pcu:627.00 scu:669.00 tlayer:3 pbqpoffset:3.17 pbfactor:1.44 avgQpOffsetCutree:-2.14;
in:221 out:224 type:b q:34.37 q-aq:34.00 q-noVbv:34.37 q-Rceq:1.32 tex:9 mv:992 misc:495 icu:0.00 pcu:451.00 scu:845.00 tlayer:4 pbqpoffset:5.03 pbfactor:1.79 avgQpOffsetCutree:0.00;
in:223 out:225 type:b q:32.35 q-aq:32.07 q-noVbv:32.35 q-Rceq:1.32 tex:184 mv:1036 misc:868 icu:0.00 pcu:428.00 scu:868.00 tlayer:4 pbqpoffset:2.97 pbfactor:1.41 avgQpOffsetCutree:0.00;
in:226 out:226 type:B q:32.97 q-aq:30.99 q-noVbv:32.97 q-Rceq:1.32 tex:3280 mv:4094 misc:1354 icu:12.00 pcu:828.50 scu:455.50 tlayer:3 pbqpoffset:3.55 pbfactor:1.51 avgQpOffsetCutree:-1.79;
in:225 out:227 type:b q:34.12 q-aq:34.00 q-noVbv:34.12 q-Rceq:1.32 tex:238 mv:1742 misc:676 icu:0.00 pcu:519.75 scu:776.25 tlayer:4 pbqpoffset:4.72 pbfactor:1.72 avgQpOffsetCutree:0.00;
in:227 out:228 type:b q:34.90 q-aq:35.00 q-noVbv:34.90 q-Rceq:1.32 tex:126 mv:1505 misc:569 icu:0.00 pcu:594.00 scu:702.00 tlayer:4 pbqpoffset:5.46 pbfactor:1.88 avgQpOffsetCutree:0.00;
in:244 out:229 type:k q:29.12 q-aq:21.36 q-noVbv:29.12 q-Rceq:1.32 tex:274019 mv:30992 misc:3101 icu:557.25 pcu:729.25 scu:9.50 tlayer:0 pbqpoffset:0.26 pbfactor:1.03 avgQpOffsetCutree:-7.69;
in:236 out:230 type:B q:31.08 q-aq:25.01 q-noVbv:31.08 q-Rceq:1.32 tex:104917 mv:18437 misc:3934 icu:181.50 pcu:983.00 scu:131.50 tlayer:1 pbqpoffset:1.79 pbfactor:1.23 avgQpOffsetCutree:-5.04;
in:232 out:231 type:B q:31.85 q-aq:27.76 q-noVbv:31.85 q-Rceq:1.32 tex:18998 mv:9262 misc:2916 icu:31.25 pcu:800.50 scu:464.25 tlayer:2 pbqpoffset:2.48 pbfactor:1.33 avgQpOffsetCutree:-3.38;
in:230 out:232 type:B q:32.75 q-aq:31.05 q-noVbv:32.75 q-Rceq:1.32 tex:4487 mv:3781 misc:1324 icu:6.50 pcu:793.25 scu:496.25 tlayer:3 pbqpoffset:3.34 pbfactor:1.47 avgQpOffsetCutree:-1.68;
in:229 out:233 type:b q:34.40 q-aq:34.03 q-noVbv:34.40 q-Rceq:1.32 tex:480 mv:1935 misc:753 icu:1.00 pcu:549.00 scu:746.00 tlayer:4 pbqpoffset:4.97 pbfactor:1.77 avgQpOffsetCutree:0.00;
in:231 out:234 type:b q:33.67 q-aq:34.00 q-noVbv:33.67 q-Rceq:1.32 tex:368 mv:1875 misc:653 icu:0.00 pcu:635.25 scu:660.75 tlayer:4 pbqpoffset:4.28 pbfactor:1.64 avgQpOffsetCutree:0.00;
in:234 out:235 type:B q:32.97 q-aq:31.07 q-noVbv:32.97 q-Rceq:1.32 tex:3312 mv:3864 misc:1336 icu:6.00 pcu:734.75 scu:555.25 tlayer:3 pbqpoffset:3.64 pbfactor:1.52 avgQpOffsetCutree:-2.00;
in:233 out:236 type:b q:34.53 q-aq:35.00 q-noVbv:34.53 q-Rceq:1.32 tex:536 mv:1485 misc:683 icu:2.00 pcu:438.50 scu:855.50 tlayer:4 pbqpoffset:5.18 pbfactor:1.82 avgQpOffsetCutree:0.00;
in:235 out:237 type:b q:35.03 q-aq:35.00 q-noVbv:35.03 q-Rceq:1.32 tex:129 mv:1485 misc:570 icu:1.00 pcu:512.25 scu:782.75 tlayer:4 pbqpoffset:5.72 pbfactor:1.94 avgQpOffsetCutree:0.00;
in:240 out:238 type:B q:31.00 q-aq:27.88 q-noVbv:31.00 q-Rceq:1.32 tex:69980 mv:15684 misc:3568 icu:168.50 pcu:820.25 scu:307.25 tlayer:2 pbqpoffset:1.79 pbfactor:1.23 avgQpOffsetCutree:-2.72;
in:238 out:239 type:B q:32.39 q-aq:29.64 q-noVbv:32.39 q-Rceq:1.32 tex:1719 mv:2685 misc:1572 icu:6.00 pcu:570.50 scu:719.50 tlayer:3 pbqpoffset:3.15 pbfactor:1.44 avgQpOffsetCutree:-2.29;
in:237 out:240 type:b q:35.33 q-aq:35.00 q-noVbv:35.33 q-Rceq:1.32 tex:118 mv:1233 misc:577 icu:0.00 pcu:473.00 scu:823.00 tlayer:4 pbqpoffset:6.06 pbfactor:2.02 avgQpOffsetCutree:0.00;
in:239 out:241 type:b q:33.96 q-aq:34.00 q-noVbv:33.96 q-Rceq:1.32 tex:276 mv:1379 misc:761 icu:0.00 pcu:460.25 scu:835.75 tlayer:4 pbqpoffset:4.74 pbfactor:1.73 avgQpOffsetCutree:0.00;
in:242 out:242 type:B q:32.06 q-aq:30.30 q-noVbv:32.06 q-Rceq:1.32 tex:5831 mv:4461 misc:1564 icu:14.50 pcu:689.00 scu:592.50 tlayer:3 pbqpoffset:2.90 pbfactor:1.40 avgQpOffsetCutree:-1.79;
in:241 out:243 type:b q:33.06 q-aq:33.00 q-noVbv:33.06 q-Rceq:1.32 tex:852 mv:1936 misc:764 icu:5.00 pcu:566.75 scu:724.25 tlayer:4 pbqpoffset:3.88 pbfactor:1.57 avgQpOffsetCutree:0.00;
in:243 out:244 type:b q:32.90 q-aq:33.00 q-noVbv:32.90 q-Rceq:1.32 tex:692 mv:2299 misc:809 icu:1.00 pcu:654.75 scu:640.25 tlayer:4 pbqpoffset:3.76 pbfactor:1.54 avgQpOffsetCutree:0.00;
in:260 out:245 type:k q:28.85 q-aq:21.45 q-noVbv:28.85 q-Rceq:1.32 tex:267238 mv:32030 misc:2868 icu:690.75 pcu:598.50 scu:6.75 tlayer:0 pbqpoffset:0.86 pbfactor:1.10 avgQpOffsetCutree:-7.44;
in:252 out:246 type:B q:31.00 q-aq:24.48 q-noVbv:31.00 q-Rceq:1.32 tex:82646 mv:18034 misc:4312 icu:183.25 pcu:940.50 scu:172.25 tlayer:1 pbqpoffset:2.01 pbfactor:1.26 avgQpOffsetCutree:-5.28;
in:248 out:247 type:B q:32.39 q-aq:27.85 q-noVbv:32.39 q-Rceq:1.32 tex:8511 mv:8048 misc:2433 icu:7.00 pcu:835.25 scu:453.75 tlayer:2 pbqpoffset:3.34 pbfactor:1.47 avgQpOffsetCutree:-3.57;
in:246 out:248 type:B q:32.69 q-aq:30.79 q-noVbv:32.69 q-Rceq:1.32 tex:6477 mv:5091 misc:1616 icu:15.00 pcu:813.75 scu:467.25 tlayer:3 pbqpoffset:3.61 pbfactor:1.52 avgQpOffsetCutree:-1.96;
in:245 out:249 type:b q:34.28 q-aq:34.00 q-noVbv:34.28 q-Rceq:1.32 tex:1250 mv:2098 misc:796 icu:5.00 pcu:464.75 scu:826.25 tlayer:4 pbqpoffset:5.18 pbfactor:1.82 avgQpOffsetCutree:0.00;
in:247 out:250 type:b q:35.73 q-aq:36.00 q-noVbv:35.73 q-Rceq:1.32 tex:5 mv:1373 misc:510 icu:0.00 pcu:398.00 scu:898.00 tlayer:4 pbqpoffset:6.66 pbfactor:2.16 avgQpOffsetCutree:0.00;
in:250 out:251 type:B q:32.68 q-aq:30.74 q-noVbv:32.68 q-Rceq:1.32 tex:275 mv:2425 misc:828 icu:0.00 pcu:733.00 scu:563.00 tlayer:3 pbqpoffset:3.66 pbfactor:1.53 avgQpOffsetCutree:-1.54;
in:249 out:252 type:b q:35.69 q-aq:36.00 q-noVbv:35.69 q-Rceq:1.32 tex:8 mv:1166 misc:594 icu:0.00 pcu:483.75 scu:812.25 tlayer:4 pbqpoffset:6.66 pbfactor:2.16 avgQpOffsetCutree:0.00;
in:251 out:253 type:b q:35.66 q-aq:36.00 q-noVbv:35.66 q-Rceq:1.32 tex:8 mv:660 misc:412 icu:0.00 pcu:297.00 scu:999.00 tlayer:4 pbqpoffset:6.66 pbfactor:2.16 avgQpOffsetCutree:0.00;
in:256 out:254 type:B q:30.71 q-aq:27.52 q-noVbv:30.71 q-Rceq:1.32 tex:75049 mv:16221 misc:3530 icu:251.50 pcu:813.50 scu:231.00 tlayer:2 pbqpoffset:1.80 pbfactor:1.23 avgQpOffsetCutree:-2.79;
in:254 out:255 type:B q:32.13 q-aq:29.54 q-noVbv:32.13 q-Rceq:1.32 tex:639 mv:2000 misc:1361 icu:0.25 pcu:710.50 scu:585.25 tlayer:3 pbqpoffset:3.18 pbfactor:1.44 avgQpOffsetCutree:-2.17;
in:253 out:256 type:b q:35.63 q-aq:36.00 q-noVbv:35.63 q-Rceq:1.32 tex:6 mv:762 misc:432 icu:0.00 pcu:320.00 scu:976.00 tlayer:4 pbqpoffset:6.66 pbfactor:2.16 avgQpOffsetCutree:0.00;
in:255 out:257 type:b q:34.08 q-aq:34.00 q-noVbv:34.08 q-Rceq:1.32 tex:73 mv:1329 misc:782 icu:0.00 pcu:507.00 scu:789.00 tlayer:4 pbqpoffset:5.14 pbfactor:1.81 avgQpOffsetCutree:0.00;
in:258 out:258 type:B q:32.55 q-aq:31.04 q-noVbv:32.55 q-Rceq:1.32 tex:5410 mv:4346 misc:1548 icu:17.25 pcu:688.25 scu:590.50 tlayer:3 pbqpoffset:3.66 pbfactor:1.53 avgQpOffsetCutree:-1.75;
in:257 out:259 type:b q:33.75 q-aq:34.00 q-noVbv:33.75 q-Rceq:1.32 tex:532 mv:1497 misc:763 icu:0.25 pcu:443.00 scu:852.75 tlayer:4 pbqpoffset:4.85 pbfactor:1.75 avgQpOffsetCutree:0.00;
in:259 out:260 type:b q:33.98 q-aq:34.00 q-noVbv:33.98 q-Rceq:1.32 tex:278 mv:1940 misc:678 icu:5.00 pcu:542.50 scu:748.50 tlayer:4 pbqpoffset:5.11 pbfactor:1.81 avgQpOffsetCutree:0.00;
in:276 out:261 type:k q:28.75 q-aq:20.93 q-noVbv:28.75 q-Rceq:1.32 tex:277842 mv:31653 misc:3049 icu:679.50 pcu:616.25 scu:0.25 tlayer:0 pbqpoffset:0.94 pbfactor:1.11 avgQpOffsetCutree:-7.65;
in:268 out:262 type:B q:30.61 q-aq:24.89 q-noVbv:30.61 q-Rceq:1.32 tex:108965 mv:17718 misc:3861 icu:189.50 pcu:1013.00 scu:93.50 tlayer:1 pbqpoffset:1.81 pbfactor:1.23 avgQpOffsetCutree:-4.85;
in:264 out:263 type:B q:31.43 q-aq:27.21 q-noVbv:31.43 q-Rceq:1.32 tex:21767 mv:11657 misc:3448 icu:82.00 pcu:749.50 scu:464.50 tlayer:2 pbqpoffset:2.60 pbfactor:1.35 avgQpOffsetCutree:-3.49;
in:262 out:264 type:B q:32.24 q-aq:30.80 q-noVbv:32.24 q-Rceq:1.32 tex:7946 mv:4907 misc:1739 icu:18.00 pcu:769.50 scu:508.50 tlayer:3 pbqpoffset:3.40 pbfactor:1.48 avgQpOffsetCutree:-1.64;
in:261 out:265 type:b q:33.29 q-aq:33.00 q-noVbv:33.29 q-Rceq:1.32 tex:643 mv:2208 misc:845 icu:13.00 pcu:513.50 scu:769.50 tlayer:4 pbqpoffset:4.45 pbfactor:1.67 avgQpOffsetCutree:0.00;
in:263 out:266 type:b q:33.68 q-aq:34.00 q-noVbv:33.68 q-Rceq:1.32 tex:241 mv:1856 misc:783 icu:6.00 pcu:470.50 scu:819.50 tlayer:4 pbqpoffset:4.84 pbfactor:1.75 avgQpOffsetCutree:0.00;
in:266 out:267 type:B q:32.26 q-aq:30.48 q-noVbv:32.26 q-Rceq:1.32 tex:5373 mv:5050 misc:1641 icu:5.75 pcu:760.75 scu:529.50 tlayer:3 pbqpoffset:3.44 pbfactor:1.49 avgQpOffsetCutree:-1.75;
in:265 out:268 type:b q:33.25 q-aq:33.00 q-noVbv:33.25 q-Rceq:1.32 tex:773 mv:2137 misc:762 icu:3.00 pcu:569.75 scu:723.25 tlayer:4 pbqpoffset:4.43 pbfactor:1.67 avgQpOffsetCutree:0.00;
in:267 out:269 type:b q:34.96 q-aq:35.00 q-noVbv:34.96 q-Rceq:1.32 tex:16 mv:1313 misc:591 icu:0.00 pcu:405.50 scu:890.50 tlayer:4 pbqpoffset:6.15 pbfactor:2.04 avgQpOffsetCutree:0.00;
in:272 out:270 type:B q:30.64 q-aq:27.47 q-noVbv:30.64 q-Rceq:1.32 tex:62086 mv:13450 misc:3552 icu:152.75 pcu:886.25 scu:257.00 tlayer:2 pbqpoffset:1.86 pbfactor:1.24 avgQpOffsetCutree:-2.83;
in:270 out:271 type:B q:31.86 q-aq:29.46 q-noVbv:31.86 q-Rceq:1.32 tex:8822 mv:4971 misc:2367 icu:13.50 pcu:618.25 scu:664.25 tlayer:3 pbqpoffset:3.07 pbfactor:1.43 avgQpOffsetCutree:-2.20;
in:269 out:272 type:b q:35.13 q-aq:35.00 q-noVbv:35.13 q-Rceq:1.32 tex:350 mv:1233 misc:553 icu:3.00 pcu:433.25 scu:859.75 tlayer:4 pbqpoffset:6.34 pbfactor:2.08 avgQpOffsetCutree:0.00;
in:271 out:273 type:b q:32.67 q-aq:33.00 q-noVbv:32.67 q-Rceq:1.32 tex:751 mv:1449 misc:992 icu:6.00 pcu:436.25 scu:853.75 tlayer:4 pbqpoffset:3.89 pbfactor:1.57 avgQpOffsetCutree:0.00;
in:274 out:274 type:B q:32.43 q-aq:30.79 q-noVbv:32.43 q-Rceq:1.32 tex:2977 mv:3871 misc:1328 icu:12.00 pcu:749.25 scu:534.75 tlayer:3 pbqpoffset:3.67 pbfactor:1.53 avgQpOffsetCutree:-1.78;
in:273 out:275 type:b q:33.77 q-aq:34.00 q-noVbv:33.77 q-Rceq:1.32 tex:253 mv:1710 misc:653 icu:0.00 pcu:471.75 scu:824.25 tlayer:4 pbqpoffset:5.00 pbfactor:1.78 avgQpOffsetCutree:0.00;
in:275 out:276 type:b q:34.07 q-aq:34.00 q-noVbv:34.07 q-Rceq:1.32 tex:194 mv:1919 misc:663 icu:13.00 pcu:599.00 scu:684.00 tlayer:4 pbqpoffset:5.32 pbfactor:1.85 avgQpOffsetCutree:0.00;
in:288 out:277 type:k q:29.67 q-aq:22.21 q-noVbv:29.67 q-Rceq:1.32 tex:250261 mv:35781 misc:2782 icu:947.50 pcu:343.75 scu:4.75 tlayer:0 pbqpoffset:0.70 pbfactor:1.08 avgQpOffsetCutree:-7.18;
in:282 out:278 type:B q:31.01 q-aq:24.87 q-noVbv:31.01 q-Rceq:1.32 tex:75215 mv:13757 misc:3700 icu:99.75 pcu:932.75 scu:263.50 tlayer:1 pbqpoffset:1.80 pbfactor:1.23 avgQpOffsetCutree:-5.03;
in:279 out:279 type:B q:31.93 q-aq:28.79 q-noVbv:31.93 q-Rceq:1.32 tex:9599 mv:6754 misc:2319 icu:29.25 pcu:708.75 scu:558.00 tlayer:2 pbqpoffset:2.96 pbfactor:1.41 avgQpOffsetCutree:-2.74;
in:278 out:280 type:B q:32.49 q-aq:32.42 q-noVbv:32.49 q-Rceq:1.32 tex:1195 mv:3028 misc:1033 icu:0.75 pcu:681.00 scu:614.25 tlayer:3 pbqpoffset:3.59 pbfactor:1.51 avgQpOffsetCutree:-0.75;
in:277 out:281 type:b q:33.06 q-aq:33.00 q-noVbv:33.06 q-Rceq:1.32 tex:706 mv:2258 misc:804 icu:9.00 pcu:553.25 scu:733.75 tlayer:4 pbqpoffset:4.23 pbfactor:1.63 avgQpOffsetCutree:0.00;
in:281 out:282 type:B q:32.76 q-aq:32.59 q-noVbv:32.76 q-Rceq:1.32 tex:455 mv:1822 misc:675 icu:4.00 pcu:415.00 scu:877.00 tlayer:3 pbqpoffset:3.62 pbfactor:1.52 avgQpOffsetCutree:-0.77;
in:280 out:283 type:b q:34.34 q-aq:34.00 q-noVbv:34.34 q-Rceq:1.32 tex:126 mv:1901 misc:677 icu:0.00 pcu:523.50 scu:772.50 tlayer:4 pbqpoffset:5.28 pbfactor:1.84 avgQpOffsetCutree:0.00;
in:285 out:284 type:B q:31.52 q-aq:27.47 q-noVbv:31.52 q-Rceq:1.32 tex:27341 mv:8903 misc:3732 icu:63.50 pcu:726.75 scu:505.75 tlayer:2 pbqpoffset:2.08 pbfactor:1.27 avgQpOffsetCutree:-3.30;
in:284 out:285 type:B q:32.78 q-aq:32.41 q-noVbv:32.78 q-Rceq:1.32 tex:1057 mv:2990 misc:1001 icu:0.00 pcu:635.00 scu:661.00 tlayer:3 pbqpoffset:3.42 pbfactor:1.48 avgQpOffsetCutree:-0.98;
in:283 out:286 type:b q:33.99 q-aq:34.00 q-noVbv:33.99 q-Rceq:1.32 tex:993 mv:2058 misc:693 icu:1.00 pcu:549.25 scu:745.75 tlayer:4 pbqpoffset:4.70 pbfactor:1.72 avgQpOffsetCutree:0.00;
in:287 out:287 type:B q:32.35 q-aq:31.79 q-noVbv:32.35 q-Rceq:1.32 tex:2388 mv:3403 misc:1569 icu:7.00 pcu:621.25 scu:667.75 tlayer:3 pbqpoffset:2.76 pbfactor:1.38 avgQpOffsetCutree:-1.00;
in:286 out:288 type:b q:34.39 q-aq:34.00 q-noVbv:34.39 q-Rceq:1.32 tex:286 mv:1685 misc:621 icu:0.00 pcu:434.00 scu:862.00 tlayer:4 pbqpoffset:4.87 pbfactor:1.75 avgQpOffsetCutree:0.00;
in:304 out:289 type:k q:27.91 q-aq:20.60 q-noVbv:27.91 q-Rceq:1.32 tex:246436 mv:33577 misc:2363 icu:1228.50 pcu:66.75 scu:0.75 tlayer:0 pbqpoffset:0.66 pbfactor:1.08 avgQpOffsetCutree:-6.91;
in:296 out:290 type:B q:30.50 q-aq:23.45 q-noVbv:30.50 q-Rceq:1.32 tex:154750 mv:19925 misc:3061 icu:263.75 pcu:975.25 scu:57.00 tlayer:1 pbqpoffset:1.71 pbfactor:1.22 avgQpOffsetCutree:-5.80;
in:292 out:291 type:B q:31.86 q-aq:27.70 q-noVbv:31.86 q-Rceq:1.32 tex:16259 mv:9148 misc:3009 icu:46.25 pcu:759.50 scu:490.25 tlayer:2 pbqpoffset:2.63 pbfactor:1.35 avgQpOffsetCutree:-3.48;
in:290 out:292 type:B q:32.53 q-aq:31.25 q-noVbv:32.53 q-Rceq:1.32 tex:2442 mv:3846 misc:1432 icu:8.75 pcu:684.50 scu:602.75 tlayer:3 pbqpoffset:3.08 pbfactor:1.43 avgQpOffsetCutree:-1.60;
in:289 out:293 type:b q:35.26 q-aq:35.00 q-noVbv:35.26 q-Rceq:1.32 tex:24 mv:1339 misc:589 icu:4.00 pcu:311.50 scu:980.50 tlayer:4 pbqpoffset:5.70 pbfactor:1.93 avgQpOffsetCutree:0.00;
in:291 out:294 type:b q:33.52 q-aq:34.00 q-noVbv:33.52 q-Rceq:1.32 tex:300 mv:1878 misc:734 icu:0.00 pcu:551.00 scu:745.00 tlayer:4 pbqpoffset:4.18 pbfactor:1.62 avgQpOffsetCutree:0.00;
in:294 out:295 type:B q:32.44 q-aq:31.02 q-noVbv:32.44 q-Rceq:1.32 tex:3612 mv:4279 misc:1517 icu:13.50 pcu:735.50 scu:547.00 tlayer:3 pbqpoffset:3.42 pbfactor:1.49 avgQpOffsetCutree:-1.72;
in:293 out:296 type:b q:34.07 q-aq:34.00 q-noVbv:34.07 q-Rceq:1.32 tex:550 mv:1964 misc:766 icu:5.00 pcu:584.50 scu:706.50 tlayer:4 pbqpoffset:4.95 pbfactor:1.77 avgQpOffsetCutree:0.00;
in:295 out:297 type:b q:33.88 q-aq:34.00 q-noVbv:33.88 q-Rceq:1.32 tex:98 mv:1870 misc:680 icu:5.00 pcu:530.00 scu:761.00 tlayer:4 pbqpoffset:4.98 pbfactor:1.78 avgQpOffsetCutree:0.00;
in:300 out:298 type:B q:30.71 q-aq:25.30 q-noVbv:30.71 q-Rceq:1.32 tex:45575 mv:10928 misc:3713 icu:99.00 pcu:812.50 scu:384.50 tlayer:2 pbqpoffset:2.36 pbfactor:1.31 avgQpOffsetCutree:-4.29;
in:298 out:299 type:B q:32.14 q-aq:30.31 q-noVbv:32.14 q-Rceq:1.32 tex:3610 mv:4175 misc:1551 icu:6.50 pcu:685.00 scu:604.50 tlayer:3 pbqpoffset:3.57 pbfactor:1.51 avgQpOffsetCutree:-1.94;
in:297 out:300 type:b q:35.25 q-aq:35.00 q-noVbv:35.25 q-Rceq:1.32 tex:124 mv:1612 misc:624 icu:0.00 pcu:430.75 scu:865.25 tlayer:4 pbqpoffset:6.57 pbfactor:2.14 avgQpOffsetCutree:0.00;
in:299 out:301 type:b q:35.03 q-aq:35.00 q-noVbv:35.03 q-Rceq:1.32 tex:10 mv:1409 misc:589 icu:4.00 pcu:338.25 scu:953.75 tlayer:4 pbqpoffset:6.57 pbfactor:2.14 avgQpOffsetCutree:0.00;
in:302 out:302 type:B q:31.60 q-aq:29.30 q-noVbv:31.60 q-Rceq:1.32 tex:3454 mv:2742 misc:1860 icu:8.25 pcu:764.75 scu:523.00 tlayer:3 pbqpoffset:3.47 pbfactor:1.49 avgQpOffsetCutree:-2.19;
in:301 out:303 type:b q:33.75 q-aq:34.00 q-noVbv:33.75 q-Rceq:1.32 tex:10 mv:1299 misc:563 icu:0.00 pcu:419.25 scu:876.75 tlayer:4 pbqpoffset:5.51 pbfactor:1.89 avgQpOffsetCutree:0.00;
in:303 out:304 type:b q:32.55 q-aq:33.00 q-noVbv:32.55 q-Rceq:1.32 tex:38 mv:664 misc:658 icu:0.00 pcu:383.00 scu:913.00 tlayer:4 pbqpoffset:4.53 pbfactor:1.69 avgQpOffsetCutree:0.00;
in:316 out:305 type:k q:28.45 q-aq:20.90 q-noVbv:28.45 q-Rceq:1.32 tex:203429 mv:25657 misc:3394 icu:391.00 pcu:769.00 scu:136.00 tlayer:0 pbqpoffset:0.66 pbfactor:1.08 avgQpOffsetCutree:-7.05;
in:310 out:306 type:B q:29.79 q-aq:24.41 q-noVbv:29.79 q-Rceq:1.32 tex:62656 mv:17429 misc:3867 icu:115.25 pcu:895.00 scu:285.75 tlayer:1 pbqpoffset:1.61 pbfactor:1.20 avgQpOffsetCutree:-4.49;
in:307 out:307 type:B q:30.26 q-aq:26.90 q-noVbv:30.26 q-Rceq:1.32 tex:17026 mv:10264 misc:3070 icu:48.50 pcu:686.25 scu:561.25 tlayer:2 pbqpoffset:2.21 pbfactor:1.29 avgQpOffsetCutree:-2.83;
in:306 out:308 type:B q:30.60 q-aq:30.78 q-noVbv:30.60 q-Rceq:1.32 tex:2761 mv:3132 misc:1339 icu:12.75 pcu:637.75 scu:645.50 tlayer:3 pbqpoffset:2.60 pbfactor:1.35 avgQpOffsetCutree:-0.59;
in:305 out:309 type:b q:32.64 q-aq:33.00 q-noVbv:32.64 q-Rceq:1.32 tex:296 mv:1685 misc:611 icu:4.00 pcu:421.25 scu:870.75 tlayer:4 pbqpoffset:4.68 pbfactor:1.72 avgQpOffsetCutree:0.00;
in:309 out:310 type:B q:31.01 q-aq:30.78 q-noVbv:31.01 q-Rceq:1.32 tex:2079 mv:3765 misc:1236 icu:20.00 pcu:707.75 scu:568.25 tlayer:3 pbqpoffset:2.88 pbfactor:1.39 avgQpOffsetCutree:-0.90;
in:308 out:311 type:b q:31.34 q-aq:31.00 q-noVbv:31.34 q-Rceq:1.32 tex:2285 mv:3142 misc:1141 icu:6.25 pcu:592.75 scu:697.00 tlayer:4 pbqpoffset:3.25 pbfactor:1.45 avgQpOffsetCutree:0.00;
in:313 out:312 type:B q:30.54 q-aq:27.52 q-noVbv:30.54 q-Rceq:1.32 tex:14381 mv:7780 misc:2679 icu:22.25 pcu:683.00 scu:590.75 tlayer:2 pbqpoffset:2.23 pbfactor:1.29 avgQpOffsetCutree:-2.67;
in:312 out:313 type:B q:30.95 q-aq:30.46 q-noVbv:30.95 q-Rceq:1.32 tex:4188 mv:3897 misc:1499 icu:18.25 pcu:696.50 scu:581.25 tlayer:3 pbqpoffset:2.68 pbfactor:1.36 avgQpOffsetCutree:-1.02;
in:311 out:314 type:b q:32.26 q-aq:32.00 q-noVbv:32.26 q-Rceq:1.32 tex:1495 mv:2616 misc:945 icu:1.25 pcu:619.75 scu:675.00 tlayer:4 pbqpoffset:4.03 pbfactor:1.59 avgQpOffsetCutree:0.00;
in:315 out:315 type:B q:31.83 q-aq:31.40 q-noVbv:31.83 q-Rceq:1.32 tex:1545 mv:3513 misc:1062 icu:4.00 pcu:690.75 scu:601.25 tlayer:3 pbqpoffset:3.43 pbfactor:1.49 avgQpOffsetCutree:-1.06;
in:314 out:316 type:b q:32.54 q-aq:33.00 q-noVbv:32.54 q-Rceq:1.32 tex:768 mv:2088 misc:776 icu:3.00 pcu:514.25 scu:778.75 tlayer:4 pbqpoffset:4.18 pbfactor:1.62 avgQpOffsetCutree:0.00;
in:328 out:317 type:k q:29.03 q-aq:21.30 q-noVbv:29.03 q-Rceq:1.32 tex:221097 mv:24394 misc:2821 icu:746.00 pcu:542.25 scu:7.75 tlayer:0 pbqpoffset:0.67 pbfactor:1.08 avgQpOffsetCutree:-7.26;
in:322 out:318 type:B q:30.30 q-aq:24.93 q-noVbv:30.30 q-Rceq:1.32 tex:83499 mv:16958 misc:4135 icu:169.50 pcu:917.25 scu:209.25 tlayer:1 pbqpoffset:1.56 pbfactor:1.20 avgQpOffsetCutree:-4.51;
in:319 out:319 type:B q:30.15 q-aq:28.55 q-noVbv:30.15 q-Rceq:1.32 tex:25278 mv:9876 misc:3358 icu:47.75 pcu:674.75 scu:573.50 tlayer:2 pbqpoffset:1.56 pbfactor:1.20 avgQpOffsetCutree:-1.68;
in:318 out:320 type:B q:31.97 q-aq:32.09 q-noVbv:31.97 q-Rceq:1.32 tex:757 mv:2119 misc:780 icu:7.25 pcu:490.50 scu:798.25 tlayer:3 pbqpoffset:3.42 pbfactor:1.48 avgQpOffsetCutree:-0.47;
in:317 out:321 type:b q:34.12 q-aq:34.00 q-noVbv:34.12 q-Rceq:1.32 tex:264 mv:1419 misc:549 icu:0.00 pcu:443.00 scu:853.00 tlayer:4 pbqpoffset:5.62 pbfactor:1.91 avgQpOffsetCutree:0.00;
in:321 out:322 type:B q:30.83 q-aq:29.40 q-noVbv:30.83 q-Rceq:1.32 tex:7160 mv:4202 misc:2166 icu:9.50 pcu:522.00 scu:764.50 tlayer:3 pbqpoffset:2.14 pbfactor:1.28 avgQpOffsetCutree:-1.55;
in:320 out:323 type:b q:31.44 q-aq:31.11 q-noVbv:31.44 q-Rceq:1.32 tex:9732 mv:3993 misc:2099 icu:18.00 pcu:618.75 scu:659.25 tlayer:4 pbqpoffset:2.79 pbfactor:1.38 avgQpOffsetCutree:0.00;
in:325 out:324 type:B q:31.21 q-aq:27.92 q-noVbv:31.21 q-Rceq:1.32 tex:11573 mv:8369 misc:2650 icu:19.75 pcu:753.00 scu:523.25 tlayer:2 pbqpoffset:2.33 pbfactor:1.31 avgQpOffsetCutree:-2.77;
in:324 out:325 type:B q:31.87 q-aq:31.16 q-noVbv:31.87 q-Rceq:1.32 tex:2244 mv:3084 misc:1144 icu:20.50 pcu:676.25 scu:599.25 tlayer:3 pbqpoffset:3.03 pbfactor:1.42 avgQpOffsetCutree:-0.99;
in:323 out:326 type:b q:33.25 q-aq:33.00 q-noVbv:33.25 q-Rceq:1.32 tex:136 mv:2106 misc:694 icu:8.00 pcu:616.00 scu:672.00 tlayer:4 pbqpoffset:4.45 pbfactor:1.67 avgQpOffsetCutree:0.00;
in:327 out:327 type:B q:31.89 q-aq:31.47 q-noVbv:31.89 q-Rceq:1.32 tex:1673 mv:3002 misc:1101 icu:3.25 pcu:676.00 scu:616.75 tlayer:3 pbqpoffset:2.90 pbfactor:1.40 avgQpOffsetCutree:-1.00;
in:326 out:328 type:b q:32.65 q-aq:33.00 q-noVbv:32.65 q-Rceq:1.32 tex:1119 mv:2547 misc:846 icu:1.00 pcu:655.00 scu:640.00 tlayer:4 pbqpoffset:3.71 pbfactor:1.54 avgQpOffsetCutree:0.00;
in:344 out:329 type:k q:27.39 q-aq:19.34 q-noVbv:27.39 q-Rceq:1.32 tex:233772 mv:28575 misc:2757 icu:846.25 pcu:443.25 scu:6.50 tlayer:0 pbqpoffset:0.62 pbfactor:1.07 avgQpOffsetCutree:-7.36;
in:336 out:330 type:B q:29.82 q-aq:24.33 q-noVbv:29.82 q-Rceq:1.32 tex:120058 mv:19522 misc:3500 icu:371.00 pcu:822.00 scu:103.00 tlayer:1 pbqpoffset:1.61 pbfactor:1.20 avgQpOffsetCutree:-4.59;
in:332 out:331 type:B q:30.52 q-aq:25.18 q-noVbv:30.52 q-Rceq:1.32 tex:43794 mv:12459 misc:4027 icu:87.00 pcu:781.00 scu:428.00 tlayer:2 pbqpoffset:1.90 pbfactor:1.25 avgQpOffsetCutree:-4.33;
in:330 out:332 type:B q:32.22 q-aq:30.61 q-noVbv:32.22 q-Rceq:1.32 tex:4242 mv:4199 misc:1591 icu:10.50 pcu:713.75 scu:571.75 tlayer:3 pbqpoffset:3.39 pbfactor:1.48 avgQpOffsetCutree:-1.77;
in:329 out:333 type:b q:33.78 q-aq:34.00 q-noVbv:33.78 q-Rceq:1.32 tex:478 mv:1915 misc:639 icu:1.00 pcu:555.25 scu:739.75 tlayer:4 pbqpoffset:4.85 pbfactor:1.75 avgQpOffsetCutree:0.00;
in:331 out:334 type:b q:35.20 q-aq:35.00 q-noVbv:35.20 q-Rceq:1.32 tex:100 mv:1249 misc:571 icu:8.00 pcu:429.00 scu:859.00 tlayer:4 pbqpoffset:6.47 pbfactor:2.11 avgQpOffsetCutree:0.00;
in:334 out:335 type:B q:31.03 q-aq:28.34 q-noVbv:31.03 q-Rceq:1.32 tex:4681 mv:3809 misc:1982 icu:13.25 pcu:645.50 scu:637.25 tlayer:3 pbqpoffset:2.61 pbfactor:1.35 avgQpOffsetCutree:-2.33;
in:333 out:336 type:b q:34.18 q-aq:34.00 q-noVbv:34.18 q-Rceq:1.32 tex:35 mv:1286 misc:543 icu:0.00 pcu:430.00 scu:866.00 tlayer:4 pbqpoffset:5.66 pbfactor:1.92 avgQpOffsetCutree:0.00;
in:335 out:337 type:b q:32.07 q-aq:32.00 q-noVbv:32.07 q-Rceq:1.32 tex:133 mv:1409 misc:842 icu:2.00 pcu:498.50 scu:795.50 tlayer:4 pbqpoffset:3.75 pbfactor:1.54 avgQpOffsetCutree:0.00;
in:340 out:338 type:B q:30.42 q-aq:26.14 q-noVbv:30.42 q-Rceq:1.32 tex:22009 mv:10337 misc:3342 icu:49.25 pcu:715.00 scu:531.75 tlayer:2 pbqpoffset:2.62 pbfactor:1.35 avgQpOffsetCutree:-3.56;
in:338 out:339 type:B q:31.36 q-aq:29.51 q-noVbv:31.36 q-Rceq:1.32 tex:4717 mv:4647 misc:1620 icu:7.00 pcu:685.00 scu:604.00 tlayer:3 pbqpoffset:3.35 pbfactor:1.47 avgQpOffsetCutree:-1.90;
in:337 out:340 type:b q:33.47 q-aq:33.00 q-noVbv:33.47 q-Rceq:1.32 tex:280 mv:1859 misc:733 icu:0.00 pcu:462.75 scu:833.25 tlayer:4 pbqpoffset:5.37 pbfactor:1.86 avgQpOffsetCutree:0.00;
in:339 out:341 type:b q:34.37 q-aq:34.00 q-noVbv:34.37 q-Rceq:1.32 tex:368 mv:1551 misc:577 icu:0.00 pcu:428.00 scu:868.00 tlayer:4 pbqpoffset:6.47 pbfactor:2.11 avgQpOffsetCutree:0.00;
in:342 out:342 type:B q:31.06 q-aq:28.92 q-noVbv:31.06 q-Rceq:1.32 tex:6209 mv:4481 misc:1814 icu:7.00 pcu:655.25 scu:633.75 tlayer:3 pbqpoffset:3.47 pbfactor:1.49 avgQpOffsetCutree:-1.93;
in:341 out:343 type:b q:33.62 q-aq:34.00 q-noVbv:33.62 q-Rceq:1.32 tex:502 mv:1525 misc:589 icu:0.00 pcu:459.00 scu:837.00 tlayer:4 pbqpoffset:5.92 pbfactor:1.98 avgQpOffsetCutree:0.00;
in:343 out:344 type:b q:32.75 q-aq:33.00 q-noVbv:32.75 q-Rceq:1.32 tex:632 mv:1909 misc:667 icu:7.00 pcu:570.00 scu:719.00 tlayer:4 pbqpoffset:5.26 pbfactor:1.84 avgQpOffsetCutree:0.00;
in:353 out:345 type:k q:29.11 q-aq:20.87 q-noVbv:29.11 q-Rceq:1.32 tex:211373 mv:27779 misc:2800 icu:805.75 pcu:485.75 scu:4.50 tlayer:0 pbqpoffset:0.62 pbfactor:1.07 avgQpOffsetCutree:-7.47;
in:349 out:346 type:B q:30.03 q-aq:25.17 q-noVbv:30.03 q-Rceq:1.32 tex:50809 mv:12342 misc:3537 icu:103.75 pcu:734.50 scu:457.75 tlayer:1 pbqpoffset:1.69 pbfactor:1.22 avgQpOffsetCutree:-4.04;
in:347 out:347 type:B q:30.66 q-aq:28.17 q-noVbv:30.66 q-Rceq:1.32 tex:9615 mv:6536 misc:2449 icu:28.75 pcu:651.00 scu:616.25 tlayer:2 pbqpoffset:2.70 pbfactor:1.37 avgQpOffsetCutree:-2.40;
in:346 out:348 type:B q:31.23 q-aq:30.76 q-noVbv:31.23 q-Rceq:1.32 tex:2804 mv:3418 misc:1314 icu:5.00 pcu:577.00 scu:714.00 tlayer:3 pbqpoffset:3.46 pbfactor:1.49 avgQpOffsetCutree:-1.10;
in:345 out:349 type:b q:32.36 q-aq:32.00 q-noVbv:32.36 q-Rceq:1.32 tex:2240 mv:2378 misc:870 icu:10.00 pcu:562.25 scu:723.75 tlayer:4 pbqpoffset:4.78 pbfactor:1.74 avgQpOffsetCutree:0.00;
in:348 out:350 type:b q:33.47 q-aq:33.00 q-noVbv:33.47 q-Rceq:1.32 tex:724 mv:2069 misc:655 icu:2.00 pcu:583.50 scu:710.50 tlayer:3 pbqpoffset:5.32 pbfactor:1.85 avgQpOffsetCutree:0.00;
in:351 out:351 type:B q:31.46 q-aq:31.02 q-noVbv:31.46 q-Rceq:1.32 tex:4222 mv:3921 misc:1865 icu:27.00 pcu:594.25 scu:674.75 tlayer:2 pbqpoffset:2.73 pbfactor:1.37 avgQpOffsetCutree:-1.10;
in:350 out:352 type:b q:33.89 q-aq:34.00 q-noVbv:33.89 q-Rceq:1.32 tex:540 mv:1496 misc:628 icu:7.00 pcu:478.75 scu:810.25 tlayer:3 pbqpoffset:5.35 pbfactor:1.86 avgQpOffsetCutree:0.00;
in:352 out:353 type:b q:31.65 q-aq:32.00 q-noVbv:31.65 q-Rceq:1.32 tex:2780 mv:2229 misc:1215 icu:7.75 pcu:463.50 scu:824.75 tlayer:3 pbqpoffset:2.73 pbfactor:1.37 avgQpOffsetCutree:0.00;
in:369 out:354 type:k q:26.42 q-aq:18.33 q-noVbv:26.42 q-Rceq:1.32 tex:275721 mv:31402 misc:2621 icu:911.50 pcu:381.25 scu:3.25 tlayer:0 pbqpoffset:0.57 pbfactor:1.07 avgQpOffsetCutree:-7.18;
in:361 out:355 type:B q:29.33 q-aq:22.78 q-noVbv:29.33 q-Rceq:1.32 tex:120442 mv:17619 misc:3163 icu:228.00 pcu:797.00 scu:271.00 tlayer:1 pbqpoffset:1.56 pbfactor:1.20 avgQpOffsetCutree:-5.42;
in:357 out:356 type:B q:30.42 q-aq:26.14 q-noVbv:30.42 q-Rceq:1.32 tex:24186 mv:10641 misc:3181 icu:43.00 pcu:663.75 scu:589.25 tlayer:2 pbqpoffset:1.98 pbfactor:1.26 avgQpOffsetCutree:-3.61;
in:355 out:357 type:B q:31.48 q-aq:29.78 q-noVbv:31.48 q-Rceq:1.32 tex:6130 mv:4302 misc:1584 icu:11.00 pcu:636.50 scu:648.50 tlayer:3 pbqpoffset:2.71 pbfactor:1.37 avgQpOffsetCutree:-1.76;
in:354 out:358 type:b q:32.40 q-aq:32.00 q-noVbv:32.40 q-Rceq:1.32 tex:1124 mv:2023 misc:765 icu:0.00 pcu:504.50 scu:791.50 tlayer:4 pbqpoffset:3.45 pbfactor:1.49 avgQpOffsetCutree:0.00;
in:356 out:359 type:b q:32.77 q-aq:33.00 q-noVbv:32.77 q-Rceq:1.32 tex:317 mv:1783 misc:636 icu:0.25 pcu:490.50 scu:805.25 tlayer:4 pbqpoffset:4.16 pbfactor:1.62 avgQpOffsetCutree:0.00;
in:359 out:360 type:B q:31.00 q-aq:29.46 q-noVbv:31.00 q-Rceq:1.32 tex:6454 mv:5203 misc:1807 icu:13.25 pcu:593.25 scu:689.50 tlayer:3 pbqpoffset:2.89 pbfactor:1.40 avgQpOffsetCutree:-1.79;
in:358 out:361 type:b q:32.39 q-aq:32.01 q-noVbv:32.39 q-Rceq:1.32 tex:1893 mv:2449 misc:962 icu:7.00 pcu:546.00 scu:743.00 tlayer:4 pbqpoffset:4.12 pbfactor:1.61 avgQpOffsetCutree:0.00;
in:360 out:362 type:b q:31.78 q-aq:32.00 q-noVbv:31.78 q-Rceq:1.32 tex:950 mv:2175 misc:851 icu:2.25 pcu:487.25 scu:806.50 tlayer:4 pbqpoffset:3.84 pbfactor:1.56 avgQpOffsetCutree:0.00;
in:365 out:363 type:B q:28.66 q-aq:24.21 q-noVbv:28.66 q-Rceq:1.32 tex:69061 mv:13711 misc:3484 icu:161.75 pcu:723.00 scu:411.25 tlayer:2 pbqpoffset:1.56 pbfactor:1.20 avgQpOffsetCutree:-3.67;
in:363 out:364 type:B q:29.96 q-aq:28.37 q-noVbv:29.96 q-Rceq:1.32 tex:9685 mv:6262 misc:2141 icu:17.25 pcu:674.75 scu:604.00 tlayer:3 pbqpoffset:2.53 pbfactor:1.34 avgQpOffsetCutree:-1.67;
in:362 out:365 type:b q:31.36 q-aq:31.01 q-noVbv:31.36 q-Rceq:1.32 tex:2793 mv:3389 misc:1154 icu:7.00 pcu:629.00 scu:660.00 tlayer:4 pbqpoffset:3.76 pbfactor:1.54 avgQpOffsetCutree:0.00;
in:364 out:366 type:b q:30.85 q-aq:31.00 q-noVbv:30.85 q-Rceq:1.32 tex:4247 mv:3564 misc:1277 icu:11.00 pcu:537.25 scu:747.75 tlayer:4 pbqpoffset:3.59 pbfactor:1.51 avgQpOffsetCutree:0.00;
in:367 out:367 type:B q:29.56 q-aq:29.01 q-noVbv:29.56 q-Rceq:1.32 tex:8267 mv:4337 misc:1956 icu:15.50 pcu:537.75 scu:742.75 tlayer:3 pbqpoffset:2.80 pbfactor:1.38 avgQpOffsetCutree:-1.11;
in:366 out:368 type:b q:32.23 q-aq:32.00 q-noVbv:32.23 q-Rceq:1.32 tex:664 mv:2321 misc:863 icu:1.25 pcu:417.50 scu:877.25 tlayer:4 pbqpoffset:5.31 pbfactor:1.85 avgQpOffsetCutree:0.00;
in:368 out:369 type:b q:29.29 q-aq:29.02 q-noVbv:29.29 q-Rceq:1.32 tex:10833 mv:4409 misc:1934 icu:15.25 pcu:501.00 scu:779.75 tlayer:4 pbqpoffset:2.70 pbfactor:1.37 avgQpOffsetCutree:0.00;
in:385 out:370 type:k q:26.69 q-aq:19.13 q-noVbv:26.69 q-Rceq:1.32 tex:248081 mv:27493 misc:2410 icu:1018.25 pcu:276.25 scu:1.50 tlayer:0 pbqpoffset:0.42 pbfactor:1.05 avgQpOffsetCutree:-7.03;
in:377 out:371 type:B q:28.16 q-aq:21.87 q-noVbv:28.16 q-Rceq:1.32 tex:124650 mv:21905 misc:3293 icu:335.25 pcu:708.75 scu:252.00 tlayer:1 pbqpoffset:1.61 pbfactor:1.20 avgQpOffsetCutree:-5.43;
in:373 out:372 type:B q:29.15 q-aq:24.91 q-noVbv:29.15 q-Rceq:1.32 tex:30984 mv:12713 misc:3271 icu:55.25 pcu:713.75 scu:527.00 tlayer:2 pbqpoffset:2.66 pbfactor:1.36 avgQpOffsetCutree:-3.58;
in:371 out:373 type:B q:29.93 q-aq:28.45 q-noVbv:29.93 q-Rceq:1.32 tex:9152 mv:6375 misc:1913 icu:5.75 pcu:683.75 scu:606.50 tlayer:3 pbqpoffset:3.47 pbfactor:1.49 avgQpOffsetCutree:-1.75;
in:370 out:374 type:b q:32.41 q-aq:32.05 q-noVbv:32.41 q-Rceq:1.32 tex:1671 mv:2798 misc:931 icu:0.25 pcu:596.50 scu:699.25 tlayer:4 pbqpoffset:5.97 pbfactor:1.99 avgQpOffsetCutree:0.00;
in:372 out:375 type:b q:32.24 q-aq:32.03 q-noVbv:32.24 q-Rceq:1.32 tex:2495 mv:3114 misc:1111 icu:2.25 pcu:574.75 scu:719.00 tlayer:4 pbqpoffset:5.77 pbfactor:1.95 avgQpOffsetCutree:0.00;
in:375 out:376 type:B q:29.99 q-aq:28.53 q-noVbv:29.99 q-Rceq:1.32 tex:9492 mv:6635 misc:1769 icu:6.75 pcu:656.25 scu:633.00 tlayer:3 pbqpoffset:3.47 pbfactor:1.49 avgQpOffsetCutree:-1.69;
in:374 out:377 type:b q:32.28 q-aq:32.03 q-noVbv:32.28 q-Rceq:1.32 tex:2002 mv:2842 misc:1036 icu:1.00 pcu:544.75 scu:750.25 tlayer:4 pbqpoffset:5.77 pbfactor:1.95 avgQpOffsetCutree:0.00;
in:376 out:378 type:b q:33.01 q-aq:33.00 q-noVbv:33.01 q-Rceq:1.32 tex:1227 mv:2384 misc:893 icu:0.50 pcu:371.75 scu:923.75 tlayer:4 pbqpoffset:6.47 pbfactor:2.11 avgQpOffsetCutree:0.00;
in:381 out:379 type:B q:28.90 q-aq:24.19 q-noVbv:28.90 q-Rceq:1.32 tex:42637 mv:10558 misc:3709 icu:126.00 pcu:685.75 scu:484.25 tlayer:2 pbqpoffset:2.28 pbfactor:1.30 avgQpOffsetCutree:-3.88;
in:379 out:380 type:B q:30.06 q-aq:28.06 q-noVbv:30.06 q-Rceq:1.32 tex:5571 mv:4977 misc:1620 icu:16.50 pcu:701.50 scu:578.00 tlayer:3 pbqpoffset:3.47 pbfactor:1.49 avgQpOffsetCutree:-1.86;
in:378 out:381 type:b q:33.00 q-aq:33.00 q-noVbv:33.00 q-Rceq:1.32 tex:1021 mv:2393 misc:874 icu:2.25 pcu:478.00 scu:815.75 tlayer:4 pbqpoffset:6.43 pbfactor:2.10 avgQpOffsetCutree:0.00;
in:380 out:382 type:b q:33.08 q-aq:33.00 q-noVbv:33.08 q-Rceq:1.32 tex:270 mv:1794 misc:712 icu:0.00 pcu:359.75 scu:936.25 tlayer:4 pbqpoffset:6.47 pbfactor:2.11 avgQpOffsetCutree:0.00;
in:383 out:383 type:B q:29.77 q-aq:29.09 q-noVbv:29.77 q-Rceq:1.32 tex:3569 mv:3058 misc:1413 icu:5.50 pcu:553.00 scu:737.50 tlayer:3 pbqpoffset:3.12 pbfactor:1.43 avgQpOffsetCutree:-0.96;
in:382 out:384 type:b q:33.11 q-aq:33.00 q-noVbv:33.11 q-Rceq:1.32 tex:207 mv:1626 misc:647 icu:0.00 pcu:420.25 scu:875.75 tlayer:4 pbqpoffset:6.47 pbfactor:2.11 avgQpOffsetCutree:0.00;
in:384 out:385 type:b q:29.53 q-aq:30.00 q-noVbv:29.53 q-Rceq:1.32 tex:7488 mv:3294 misc:1794 icu:25.75 pcu:509.75 scu:760.50 tlayer:4 pbqpoffset:2.86 pbfactor:1.39 avgQpOffsetCutree:0.00;
in:401 out:386 type:k q:27.10 q-aq:19.37 q-noVbv:27.10 q-Rceq:1.32 tex:258929 mv:30134 misc:2657 icu:1020.50 pcu:271.50 scu:4.00 tlayer:0 pbqpoffset:0.47 pbfactor:1.06 avgQpOffsetCutree:-7.19;
in:393 out:387 type:B q:28.61 q-aq:22.12 q-noVbv:28.61 q-Rceq:1.32 tex:129160 mv:19489 misc:3687 icu:301.00 pcu:689.50 scu:305.50 tlayer:1 pbqpoffset:1.72 pbfactor:1.22 avgQpOffsetCutree:-5.60;
in:389 out:388 type:B q:29.84 q-aq:25.43 q-noVbv:29.84 q-Rceq:1.32 tex:27671 mv:11207 misc:3034 icu:41.25 pcu:688.00 scu:566.75 tlayer:2 pbqpoffset:3.05 pbfactor:1.42 avgQpOffsetCutree:-3.55;
in:387 out:389 type:B q:30.32 q-aq:28.54 q-noVbv:30.32 q-Rceq:1.32 tex:5944 mv:5759 misc:1817 icu:6.50 pcu:756.75 scu:532.75 tlayer:3 pbqpoffset:3.58 pbfactor:1.51 avgQpOffsetCutree:-1.76;
in:386 out:390 type:b q:33.30 q-aq:33.02 q-noVbv:33.30 q-Rceq:1.32 tex:909 mv:2639 misc:900 icu:0.75 pcu:571.75 scu:723.50 tlayer:4 pbqpoffset:6.58 pbfactor:2.14 avgQpOffsetCutree:0.00;
in:388 out:391 type:b q:33.35 q-aq:33.04 q-noVbv:33.35 q-Rceq:1.32 tex:1020 mv:2206 misc:886 icu:0.25 pcu:538.50 scu:757.25 tlayer:4 pbqpoffset:6.58 pbfactor:2.14 avgQpOffsetCutree:0.00;
in:391 out:392 type:B q:30.42 q-aq:28.64 q-noVbv:30.42 q-Rceq:1.32 tex:6210 mv:5781 misc:1753 icu:8.75 pcu:734.25 scu:553.00 tlayer:3 pbqpoffset:3.58 pbfactor:1.51 avgQpOffsetCutree:-1.79;
in:390 out:393 type:b q:33.40 q-aq:33.05 q-noVbv:33.40 q-Rceq:1.32 tex:917 mv:2470 misc:925 icu:0.00 pcu:484.75 scu:811.25 tlayer:4 pbqpoffset:6.58 pbfactor:2.14 avgQpOffsetCutree:0.00;
in:392 out:394 type:b q:33.45 q-aq:33.16 q-noVbv:33.45 q-Rceq:1.32 tex:989 mv:2448 misc:899 icu:2.50 pcu:546.00 scu:747.50 tlayer:4 pbqpoffset:6.58 pbfactor:2.14 avgQpOffsetCutree:0.00;
in:397 out:395 type:B q:29.34 q-aq:25.00 q-noVbv:29.34 q-Rceq:1.32 tex:46284 mv:11438 misc:3662 icu:98.50 pcu:712.50 scu:485.00 tlayer:2 pbqpoffset:2.34 pbfactor:1.31 avgQpOffsetCutree:-3.56;
in:395 out:396 type:B q:30.53 q-aq:28.97 q-noVbv:30.53 q-Rceq:1.32 tex:6869 mv:5745 misc:1666 icu:6.00 pcu:738.50 scu:551.50 tlayer:3 pbqpoffset:3.58 pbfactor:1.51 avgQpOffsetCutree:-1.75;
in:394 out:397 type:b q:33.50 q-aq:34.00 q-noVbv:33.50 q-Rceq:1.32 tex:863 mv:2369 misc:824 icu:0.00 pcu:479.75 scu:816.25 tlayer:4 pbqpoffset:6.58 pbfactor:2.14 avgQpOffsetCutree:0.00;
in:396 out:398 type:b q:33.55 q-aq:34.00 q-noVbv:33.55 q-Rceq:1.32 tex:661 mv:2284 misc:831 icu:1.00 pcu:539.75 scu:755.25 tlayer:4 pbqpoffset:6.58 pbfactor:2.14 avgQpOffsetCutree:0.00;
in:399 out:399 type:B q:30.07 q-aq:29.50 q-noVbv:30.07 q-Rceq:1.32 tex:11668 mv:5817 misc:2259 icu:28.75 pcu:668.75 scu:598.50 tlayer:3 pbqpoffset:3.03 pbfactor:1.42 avgQpOffsetCutree:-0.98;
in:398 out:400 type:b q:33.00 q-aq:33.00 q-noVbv:33.00 q-Rceq:1.32 tex:1483 mv:2655 misc:950 icu:8.25 pcu:552.00 scu:735.75 tlayer:4 pbqpoffset:5.98 pbfactor:1.99 avgQpOffsetCutree:0.00;
in:400 out:401 type:b q:31.11 q-aq:31.00 q-noVbv:31.11 q-Rceq:1.32 tex:5742 mv:3033 misc:1393 icu:13.75 pcu:596.25 scu:686.00 tlayer:4 pbqpoffset:4.04 pbfactor:1.59 avgQpOffsetCutree:0.00;
in:417 out:402 type:k q:27.03 q-aq:19.02 q-noVbv:27.03 q-Rceq:1.32 tex:253683 mv:28802 misc:2611 icu:1013.25 pcu:281.75 scu:1.00 tlayer:0 pbqpoffset:0.38 pbfactor:1.05 avgQpOffsetCutree:-7.35;
in:409 out:403 type:B q:28.79 q-aq:22.57 q-noVbv:28.79 q-Rceq:1.32 tex:126450 mv:18961 misc:3397 icu:391.00 pcu:843.50 scu:61.50 tlayer:1 pbqpoffset:1.72 pbfactor:1.22 avgQpOffsetCutree:-5.41;
in:405 out:404 type:B q:29.96 q-aq:25.66 q-noVbv:29.96 q-Rceq:1.32 tex:25465 mv:11242 misc:3061 icu:37.75 pcu:773.50 scu:484.75 tlayer:2 pbqpoffset:2.88 pbfactor:1.39 avgQpOffsetCutree:-3.52;
in:403 out:405 type:B q:30.67 q-aq:29.21 q-noVbv:30.67 q-Rceq:1.32 tex:5625 mv:5718 misc:1657 icu:8.50 pcu:798.75 scu:488.75 tlayer:3 pbqpoffset:3.59 pbfactor:1.51 avgQpOffsetCutree:-1.74;
in:402 out:406 type:b q:33.66 q-aq:34.00 q-noVbv:33.66 q-Rceq:1.32 tex:1108 mv:2463 misc:917 icu:0.50 pcu:496.75 scu:798.75 tlayer:4 pbqpoffset:6.57 pbfactor:2.14 avgQpOffsetCutree:0.00;
in:404 out:407 type:b q:32.70 q-aq:33.00 q-noVbv:32.70 q-Rceq:1.32 tex:1012 mv:2396 misc:848 icu:1.50 pcu:514.75 scu:779.75 tlayer:4 pbqpoffset:5.62 pbfactor:1.91 avgQpOffsetCutree:0.00;
in:407 out:408 type:B q:30.66 q-aq:29.30 q-noVbv:30.66 q-Rceq:1.32 tex:6051 mv:5623 misc:1806 icu:6.50 pcu:739.75 scu:549.75 tlayer:3 pbqpoffset:3.59 pbfactor:1.51 avgQpOffsetCutree:-1.65;
in:406 out:409 type:b q:32.79 q-aq:33.00 q-noVbv:32.79 q-Rceq:1.32 tex:1171 mv:2532 misc:825 icu:1.00 pcu:543.75 scu:751.25 tlayer:4 pbqpoffset:5.71 pbfactor:1.93 avgQpOffsetCutree:0.00;
in:408 out:410 type:b q:32.28 q-aq:32.00 q-noVbv:32.28 q-Rceq:1.32 tex:1319 mv:2742 misc:907 icu:0.50 pcu:548.75 scu:746.75 tlayer:4 pbqpoffset:5.21 pbfactor:1.83 avgQpOffsetCutree:0.00;
in:413 out:411 type:B q:29.17 q-aq:24.92 q-noVbv:29.17 q-Rceq:1.32 tex:48748 mv:11485 misc:3575 icu:94.00 pcu:746.00 scu:456.00 tlayer:2 pbqpoffset:2.12 pbfactor:1.28 avgQpOffsetCutree:-3.64;
in:411 out:412 type:B q:30.64 q-aq:28.90 q-noVbv:30.64 q-Rceq:1.32 tex:5656 mv:5472 misc:1632 icu:4.00 pcu:712.50 scu:579.50 tlayer:3 pbqpoffset:3.59 pbfactor:1.51 avgQpOffsetCutree:-1.76;
in:410 out:413 type:b q:32.36 q-aq:32.05 q-noVbv:32.36 q-Rceq:1.32 tex:1552 mv:2940 misc:956 icu:2.00 pcu:534.75 scu:759.25 tlayer:4 pbqpoffset:5.30 pbfactor:1.84 avgQpOffsetCutree:0.00;
in:412 out:414 type:b q:33.64 q-aq:34.00 q-noVbv:33.64 q-Rceq:1.32 tex:760 mv:2307 misc:821 icu:0.25 pcu:489.00 scu:806.75 tlayer:4 pbqpoffset:6.59 pbfactor:2.14 avgQpOffsetCutree:0.00;
in:415 out:415 type:B q:30.17 q-aq:29.66 q-noVbv:30.17 q-Rceq:1.32 tex:6433 mv:4616 misc:1967 icu:13.00 pcu:704.50 scu:578.50 tlayer:3 pbqpoffset:3.13 pbfactor:1.44 avgQpOffsetCutree:-0.91;
in:414 out:416 type:b q:33.29 q-aq:33.01 q-noVbv:33.29 q-Rceq:1.32 tex:1058 mv:2237 misc:873 icu:0.50 pcu:490.50 scu:805.00 tlayer:4 pbqpoffset:6.24 pbfactor:2.06 avgQpOffsetCutree:0.00;
in:416 out:417 type:b q:30.70 q-aq:31.00 q-noVbv:30.70 q-Rceq:1.32 tex:4258 mv:3088 misc:1246 icu:13.00 pcu:582.00 scu:701.00 tlayer:4 pbqpoffset:3.66 pbfactor:1.53 avgQpOffsetCutree:0.00;
in:433 out:418 type:k q:27.10 q-aq:19.39 q-noVbv:27.10 q-Rceq:1.32 tex:243296 mv:29499 misc:2597 icu:994.75 pcu:296.50 scu:4.75 tlayer:0 pbqpoffset:0.46 pbfactor:1.05 avgQpOffsetCutree:-7.10;
in:425 out:419 type:B q:28.74 q-aq:22.66 q-noVbv:28.74 q-Rceq:1.32 tex:114554 mv:18057 misc:3653 icu:263.50 pcu:728.00 scu:304.50 tlayer:1 pbqpoffset:1.68 pbfactor:1.21 avgQpOffsetCutree:-5.40;
in:421 out:420 type:B q:29.82 q-aq:25.62 q-noVbv:29.82 q-Rceq:1.32 tex:21220 mv:10544 misc:3076 icu:45.25 pcu:695.50 scu:555.25 tlayer:2 pbqpoffset:2.77 pbfactor:1.38 avgQpOffsetCutree:-3.58;
in:419 out:421 type:B q:30.58 q-aq:29.02 q-noVbv:30.58 q-Rceq:1.32 tex:5735 mv:5741 misc:1540 icu:4.75 pcu:690.75 scu:600.50 tlayer:3 pbqpoffset:3.54 pbfactor:1.51 avgQpOffsetCutree:-1.77;
in:418 out:422 type:b q:32.72 q-aq:33.00 q-noVbv:32.72 q-Rceq:1.32 tex:1510 mv:2937 misc:889 icu:1.00 pcu:524.50 scu:770.50 tlayer:4 pbqpoffset:5.69 pbfactor:1.93 avgQpOffsetCutree:0.00;
in:420 out:423 type:b q:32.77 q-aq:33.00 q-noVbv:32.77 q-Rceq:1.32 tex:1197 mv:2863 misc:932 icu:0.50 pcu:520.25 scu:775.25 tlayer:4 pbqpoffset:5.72 pbfactor:1.94 avgQpOffsetCutree:0.00;
in:423 out:424 type:B q:30.60 q-aq:29.15 q-noVbv:30.60 q-Rceq:1.32 tex:5014 mv:5154 misc:1616 icu:3.00 pcu:661.50 scu:631.50 tlayer:3 pbqpoffset:3.54 pbfactor:1.51 avgQpOffsetCutree:-1.64;
in:422 out:425 type:b q:33.60 q-aq:34.00 q-noVbv:33.60 q-Rceq:1.32 tex:708 mv:2160 misc:828 icu:0.25 pcu:420.75 scu:875.00 tlayer:4 pbqpoffset:6.54 pbfactor:2.13 avgQpOffsetCutree:0.00;
in:424 out:426 type:b q:32.52 q-aq:33.00 q-noVbv:32.52 q-Rceq:1.32 tex:857 mv:2156 misc:899 icu:0.50 pcu:443.75 scu:851.75 tlayer:4 pbqpoffset:5.46 pbfactor:1.88 avgQpOffsetCutree:0.00;
in:429 out:427 type:B q:29.05 q-aq:25.00 q-noVbv:29.05 q-Rceq:1.32 tex:51296 mv:11866 misc:3598 icu:106.50 pcu:718.25 scu:471.25 tlayer:2 pbqpoffset:1.97 pbfactor:1.26 avgQpOffsetCutree:-3.46;
in:427 out:428 type:B q:30.39 q-aq:29.37 q-noVbv:30.39 q-Rceq:1.32 tex:6751 mv:5644 misc:1741 icu:10.00 pcu:727.00 scu:559.00 tlayer:3 pbqpoffset:3.32 pbfactor:1.47 avgQpOffsetCutree:-1.51;
in:426 out:429 type:b q:32.20 q-aq:32.01 q-noVbv:32.20 q-Rceq:1.32 tex:1913 mv:2945 misc:990 icu:0.25 pcu:468.75 scu:827.00 tlayer:4 pbqpoffset:5.13 pbfactor:1.81 avgQpOffsetCutree:0.00;
in:428 out:430 type:b q:31.60 q-aq:32.00 q-noVbv:31.60 q-Rceq:1.32 tex:1815 mv:3387 misc:1038 icu:1.25 pcu:538.75 scu:756.00 tlayer:4 pbqpoffset:4.52 pbfactor:1.69 avgQpOffsetCutree:0.00;
in:431 out:431 type:B q:29.94 q-aq:29.38 q-noVbv:29.94 q-Rceq:1.32 tex:6209 mv:4975 misc:2072 icu:16.25 pcu:621.25 scu:658.50 tlayer:3 pbqpoffset:2.85 pbfactor:1.39 avgQpOffsetCutree:-1.00;
in:430 out:432 type:b q:32.54 q-aq:33.00 q-noVbv:32.54 q-Rceq:1.32 tex:887 mv:2595 misc:934 icu:0.00 pcu:539.50 scu:756.50 tlayer:4 pbqpoffset:5.45 pbfactor:1.88 avgQpOffsetCutree:0.00;
in:432 out:433 type:b q:30.62 q-aq:31.00 q-noVbv:30.62 q-Rceq:1.32 tex:4040 mv:3311 misc:1417 icu:11.75 pcu:600.25 scu:684.00 tlayer:4 pbqpoffset:3.52 pbfactor:1.50 avgQpOffsetCutree:0.00;
in:449 out:434 type:k q:26.44 q-aq:18.61 q-noVbv:26.44 q-Rceq:1.32 tex:241468 mv:30274 misc:2586 icu:1063.50 pcu:229.75 scu:2.75 tlayer:0 pbqpoffset:0.48 pbfactor:1.06 avgQpOffsetCutree:-7.13;
in:441 out:435 type:B q:28.45 q-aq:22.31 q-noVbv:28.45 q-Rceq:1.32 tex:110621 mv:18729 misc:3482 icu:251.50 pcu:702.25 scu:342.25 tlayer:1 pbqpoffset:1.68 pbfactor:1.21 avgQpOffsetCutree:-5.34;
in:437 out:436 type:B q:29.80 q-aq:25.53 q-noVbv:29.80 q-Rceq:1.32 tex:17493 mv:9961 misc:3034 icu:33.25 pcu:682.75 scu:580.00 tlayer:2 pbqpoffset:2.86 pbfactor:1.39 avgQpOffsetCutree:-3.51;
in:435 out:437 type:B q:30.56 q-aq:28.54 q-noVbv:30.56 q-Rceq:1.32 tex:5491 mv:5385 misc:1420 icu:9.00 pcu:683.25 scu:603.75 tlayer:3 pbqpoffset:3.55 pbfactor:1.51 avgQpOffsetCutree:-1.79;
in:434 out:438 type:b q:32.39 q-aq:32.06 q-noVbv:32.39 q-Rceq:1.32 tex:1529 mv:3319 misc:984 icu:5.00 pcu:531.75 scu:759.25 tlayer:4 pbqpoffset:5.33 pbfactor:1.85 avgQpOffsetCutree:0.00;
in:436 out:439 type:b q:33.52 q-aq:34.00 q-noVbv:33.52 q-Rceq:1.32 tex:1024 mv:2451 misc:901 icu:0.25 pcu:420.75 scu:875.00 tlayer:4 pbqpoffset:6.55 pbfactor:2.13 avgQpOffsetCutree:0.00;
in:439 out:440 type:B q:30.40 q-aq:28.72 q-noVbv:30.40 q-Rceq:1.32 tex:5498 mv:5183 misc:1503 icu:6.75 pcu:707.25 scu:582.00 tlayer:3 pbqpoffset:3.55 pbfactor:1.51 avgQpOffsetCutree:-1.70;
in:438 out:441 type:b q:33.44 q-aq:33.17 q-noVbv:33.44 q-Rceq:1.32 tex:901 mv:2274 misc:873 icu:2.25 pcu:387.00 scu:906.75 tlayer:4 pbqpoffset:6.55 pbfactor:2.13 avgQpOffsetCutree:0.00;
in:440 out:442 type:b q:33.07 q-aq:33.00 q-noVbv:33.07 q-Rceq:1.32 tex:1112 mv:2472 misc:888 icu:2.00 pcu:502.25 scu:791.75 tlayer:4 pbqpoffset:6.26 pbfactor:2.06 avgQpOffsetCutree:0.00;
in:445 out:443 type:B q:28.71 q-aq:24.57 q-noVbv:28.71 q-Rceq:1.32 tex:40244 mv:11698 misc:3842 icu:83.25 pcu:681.50 scu:531.25 tlayer:2 pbqpoffset:2.10 pbfactor:1.27 avgQpOffsetCutree:-3.47;
in:443 out:444 type:B q:30.24 q-aq:28.76 q-noVbv:30.24 q-Rceq:1.32 tex:5588 mv:5432 misc:1596 icu:4.75 pcu:690.50 scu:600.75 tlayer:3 pbqpoffset:3.55 pbfactor:1.51 avgQpOffsetCutree:-1.68;
in:442 out:445 type:b q:33.28 q-aq:33.01 q-noVbv:33.28 q-Rceq:1.32 tex:1709 mv:2724 misc:919 icu:2.00 pcu:507.00 scu:787.00 tlayer:4 pbqpoffset:6.55 pbfactor:2.13 avgQpOffsetCutree:0.00;
in:444 out:446 type:b q:33.19 q-aq:33.00 q-noVbv:33.19 q-Rceq:1.32 tex:1048 mv:2055 misc:833 icu:0.25 pcu:402.75 scu:893.00 tlayer:4 pbqpoffset:6.55 pbfactor:2.13 avgQpOffsetCutree:0.00;
in:447 out:447 type:B q:30.02 q-aq:29.34 q-noVbv:30.02 q-Rceq:1.32 tex:4209 mv:3911 misc:1776 icu:11.50 pcu:500.00 scu:784.50 tlayer:3 pbqpoffset:3.49 pbfactor:1.50 avgQpOffsetCutree:-0.93;
in:446 out:448 type:b q:33.11 q-aq:33.00 q-noVbv:33.11 q-Rceq:1.32 tex:613 mv:2211 misc:832 icu:0.00 pcu:432.50 scu:863.50 tlayer:4 pbqpoffset:6.55 pbfactor:2.13 avgQpOffsetCutree:0.00;
in:448 out:449 type:b q:30.45 q-aq:30.31 q-noVbv:30.45 q-Rceq:1.32 tex:4072 mv:3311 misc:1505 icu:10.00 pcu:437.75 scu:848.25 tlayer:4 pbqpoffset:3.97 pbfactor:1.58 avgQpOffsetCutree:0.00;
in:465 out:450 type:k q:26.12 q-aq:18.75 q-noVbv:26.12 q-Rceq:1.32 tex:237385 mv:28561 misc:2494 icu:1053.00 pcu:238.50 scu:4.50 tlayer:0 pbqpoffset:0.44 pbfactor:1.05 avgQpOffsetCutree:-6.81;
in:457 out:451 type:B q:27.96 q-aq:21.72 q-noVbv:27.96 q-Rceq:1.32 tex:118940 mv:20354 misc:3506 icu:369.50 pcu:621.00 scu:305.50 tlayer:1 pbqpoffset:1.68 pbfactor:1.21 avgQpOffsetCutree:-5.20;
in:453 out:452 type:B q:29.06 q-aq:24.84 q-noVbv:29.06 q-Rceq:1.32 tex:24571 mv:11373 misc:3200 icu:48.75 pcu:690.25 scu:557.00 tlayer:2 pbqpoffset:2.70 pbfactor:1.37 avgQpOffsetCutree:-3.52;
in:451 out:453 type:B q:29.72 q-aq:27.98 q-noVbv:29.72 q-Rceq:1.32 tex:6800 mv:5900 misc:1772 icu:9.00 pcu:635.25 scu:651.75 tlayer:3 pbqpoffset:3.31 pbfactor:1.47 avgQpOffsetCutree:-1.69;
in:450 out:454 type:b q:32.75 q-aq:33.00 q-noVbv:32.75 q-Rceq:1.32 tex:1304 mv:2603 misc:949 icu:0.50 pcu:477.50 scu:818.00 tlayer:4 pbqpoffset:6.33 pbfactor:2.08 avgQpOffsetCutree:0.00;
in:452 out:455 type:b q:32.30 q-aq:32.01 q-noVbv:32.30 q-Rceq:1.32 tex:1184 mv:2845 misc:931 icu:0.50 pcu:561.00 scu:734.50 tlayer:4 pbqpoffset:5.92 pbfactor:1.98 avgQpOffsetCutree:0.00;
in:455 out:456 type:B q:29.86 q-aq:28.23 q-noVbv:29.86 q-Rceq:1.32 tex:6800 mv:5875 misc:1781 icu:11.25 pcu:753.00 scu:531.75 tlayer:3 pbqpoffset:3.54 pbfactor:1.51 avgQpOffsetCutree:-1.70;
in:454 out:457 type:b q:32.76 q-aq:33.00 q-noVbv:32.76 q-Rceq:1.32 tex:831 mv:2316 misc:925 icu:0.50 pcu:454.50 scu:841.00 tlayer:4 pbqpoffset:6.42 pbfactor:2.10 avgQpOffsetCutree:0.00;
in:456 out:458 type:b q:32.26 q-aq:32.01 q-noVbv:32.26 q-Rceq:1.32 tex:1165 mv:2649 misc:914 icu:0.00 pcu:499.00 scu:797.00 tlayer:4 pbqpoffset:5.96 pbfactor:1.99 avgQpOffsetCutree:0.00;
in:461 out:459 type:B q:28.22 q-aq:24.40 q-noVbv:28.22 q-Rceq:1.32 tex:48362 mv:12863 misc:3783 icu:106.00 pcu:663.50 scu:526.50 tlayer:2 pbqpoffset:2.02 pbfactor:1.26 avgQpOffsetCutree:-3.36;
in:459 out:460 type:B q:29.78 q-aq:28.34 q-noVbv:29.78 q-Rceq:1.32 tex:6594 mv:6213 misc:1897 icu:9.00 pcu:695.50 scu:591.50 tlayer:3 pbqpoffset:3.54 pbfactor:1.51 avgQpOffsetCutree:-1.72;
in:458 out:461 type:b q:32.08 q-aq:32.00 q-noVbv:32.08 q-Rceq:1.32 tex:1684 mv:2799 misc:933 icu:0.25 pcu:583.75 scu:712.00 tlayer:4 pbqpoffset:5.82 pbfactor:1.96 avgQpOffsetCutree:0.00;
in:460 out:462 type:b q:31.07 q-aq:31.00 q-noVbv:31.07 q-Rceq:1.32 tex:1784 mv:2805 misc:955 icu:1.25 pcu:494.25 scu:800.50 tlayer:4 pbqpoffset:4.85 pbfactor:1.75 avgQpOffsetCutree:0.00;
in:463 out:463 type:B q:29.00 q-aq:28.57 q-noVbv:29.00 q-Rceq:1.32 tex:12586 mv:6272 misc:2422 icu:29.00 pcu:608.50 scu:658.50 tlayer:3 pbqpoffset:2.84 pbfactor:1.39 avgQpOffsetCutree:-0.99;
in:462 out:464 type:b q:32.53 q-aq:33.00 q-noVbv:32.53 q-Rceq:1.32 tex:1125 mv:2289 misc:818 icu:2.50 pcu:569.00 scu:724.50 tlayer:4 pbqpoffset:6.35 pbfactor:2.08 avgQpOffsetCutree:0.00;
in:464 out:465 type:b q:29.85 q-aq:30.00 q-noVbv:29.85 q-Rceq:1.32 tex:4897 mv:2952 misc:1439 icu:7.50 pcu:524.75 scu:763.75 tlayer:4 pbqpoffset:3.71 pbfactor:1.54 avgQpOffsetCutree:0.00;
in:475 out:466 type:k q:26.94 q-aq:19.89 q-noVbv:26.94 q-Rceq:1.32 tex:162506 mv:24120 misc:2774 icu:515.00 pcu:674.25 scu:106.75 tlayer:0 pbqpoffset:0.59 pbfactor:1.07 avgQpOffsetCutree:-6.34;
in:470 out:467 type:B q:28.10 q-aq:23.25 q-noVbv:28.10 q-Rceq:1.32 tex:46238 mv:14708 misc:3502 icu:66.00 pcu:709.50 scu:520.50 tlayer:1 pbqpoffset:1.57 pbfactor:1.20 avgQpOffsetCutree:-4.07;
in:468 out:468 type:B q:28.40 q-aq:26.31 q-noVbv:28.40 q-Rceq:1.32 tex:11550 mv:7934 misc:2324 icu:16.75 pcu:623.50 scu:655.75 tlayer:2 pbqpoffset:2.04 pbfactor:1.27 avgQpOffsetCutree:-1.87;
in:467 out:469 type:B q:29.11 q-aq:28.75 q-noVbv:29.11 q-Rceq:1.32 tex:4050 mv:4477 misc:1401 icu:2.50 pcu:628.00 scu:665.50 tlayer:3 pbqpoffset:2.83 pbfactor:1.39 avgQpOffsetCutree:-0.89;
in:466 out:470 type:b q:30.74 q-aq:31.00 q-noVbv:30.74 q-Rceq:1.32 tex:2444 mv:2962 misc:1058 icu:3.75 pcu:495.50 scu:796.75 tlayer:4 pbqpoffset:4.54 pbfactor:1.69 avgQpOffsetCutree:0.00;
in:469 out:471 type:b q:29.96 q-aq:30.00 q-noVbv:29.96 q-Rceq:1.32 tex:2359 mv:3752 misc:1057 icu:5.50 pcu:595.75 scu:694.75 tlayer:3 pbqpoffset:3.52 pbfactor:1.50 avgQpOffsetCutree:0.00;
in:473 out:472 type:B q:28.69 q-aq:26.80 q-noVbv:28.69 q-Rceq:1.32 tex:13833 mv:7999 misc:2400 icu:20.25 pcu:646.50 scu:629.25 tlayer:2 pbqpoffset:1.91 pbfactor:1.25 avgQpOffsetCutree:-1.92;
in:472 out:473 type:B q:29.29 q-aq:29.29 q-noVbv:29.29 q-Rceq:1.32 tex:4691 mv:5237 misc:1552 icu:5.00 pcu:620.25 scu:670.75 tlayer:3 pbqpoffset:2.60 pbfactor:1.35 avgQpOffsetCutree:-0.74;
in:471 out:474 type:b q:30.19 q-aq:30.01 q-noVbv:30.19 q-Rceq:1.32 tex:3269 mv:3574 misc:1125 icu:4.75 pcu:602.75 scu:688.50 tlayer:4 pbqpoffset:3.58 pbfactor:1.51 avgQpOffsetCutree:0.00;
in:474 out:475 type:b q:30.24 q-aq:30.04 q-noVbv:30.24 q-Rceq:1.32 tex:2844 mv:3573 misc:1095 icu:2.50 pcu:567.00 scu:726.50 tlayer:3 pbqpoffset:3.39 pbfactor:1.48 avgQpOffsetCutree:0.00;
in:488 out:476 type:k q:26.54 q-aq:19.58 q-noVbv:26.54 q-Rceq:1.32 tex:193566 mv:25360 misc:2658 icu:1010.25 pcu:273.75 scu:12.00 tlayer:0 pbqpoffset:0.54 pbfactor:1.06 avgQpOffsetCutree:-6.46;
in:482 out:477 type:B q:28.28 q-aq:23.21 q-noVbv:28.28 q-Rceq:1.32 tex:94519 mv:18637 misc:3436 icu:193.75 pcu:652.75 scu:449.50 tlayer:1 pbqpoffset:1.56 pbfactor:1.20 avgQpOffsetCutree:-4.60;
in:479 out:478 type:B q:28.41 q-aq:26.62 q-noVbv:28.41 q-Rceq:1.32 tex:27781 mv:10930 misc:3265 icu:63.50 pcu:686.75 scu:545.75 tlayer:2 pbqpoffset:1.59 pbfactor:1.20 avgQpOffsetCutree:-1.75;
in:477 out:479 type:B q:29.96 q-aq:28.25 q-noVbv:29.96 q-Rceq:1.32 tex:6701 mv:6604 misc:1863 icu:14.25 pcu:700.25 scu:581.50 tlayer:3 pbqpoffset:3.09 pbfactor:1.43 avgQpOffsetCutree:-1.75;
in:476 out:480 type:b q:31.73 q-aq:32.00 q-noVbv:31.73 q-Rceq:1.32 tex:1812 mv:3085 misc:1007 icu:0.00 pcu:565.75 scu:730.25 tlayer:4 pbqpoffset:4.83 pbfactor:1.75 avgQpOffsetCutree:0.00;
in:478 out:481 type:b q:32.32 q-aq:32.03 q-noVbv:32.32 q-Rceq:1.32 tex:919 mv:2858 misc:943 icu:0.00 pcu:586.00 scu:710.00 tlayer:4 pbqpoffset:5.47 pbfactor:1.88 avgQpOffsetCutree:0.00;
in:481 out:482 type:B q:29.20 q-aq:27.95 q-noVbv:29.20 q-Rceq:1.32 tex:10180 mv:4694 misc:2158 icu:8.00 pcu:592.25 scu:695.75 tlayer:3 pbqpoffset:2.44 pbfactor:1.33 avgQpOffsetCutree:-1.48;
in:480 out:483 type:b q:29.66 q-aq:30.00 q-noVbv:29.66 q-Rceq:1.32 tex:11057 mv:4273 misc:2030 icu:26.75 pcu:647.50 scu:621.75 tlayer:4 pbqpoffset:2.87 pbfactor:1.39 avgQpOffsetCutree:0.00;
in:485 out:484 type:B q:29.12 q-aq:25.88 q-noVbv:29.12 q-Rceq:1.32 tex:17657 mv:9217 misc:2478 icu:20.25 pcu:675.25 scu:600.50 tlayer:2 pbqpoffset:2.49 pbfactor:1.33 avgQpOffsetCutree:-2.68;
in:484 out:485 type:B q:30.03 q-aq:29.65 q-noVbv:30.03 q-Rceq:1.32 tex:4712 mv:4666 misc:1390 icu:5.25 pcu:610.25 scu:680.50 tlayer:3 pbqpoffset:3.36 pbfactor:1.47 avgQpOffsetCutree:-0.94;
in:483 out:486 type:b q:31.77 q-aq:32.00 q-noVbv:31.77 q-Rceq:1.32 tex:2407 mv:3450 misc:1111 icu:3.50 pcu:588.25 scu:704.25 tlayer:4 pbqpoffset:5.07 pbfactor:1.80 avgQpOffsetCutree:0.00;
in:487 out:487 type:B q:29.99 q-aq:29.60 q-noVbv:29.99 q-Rceq:1.32 tex:2711 mv:4244 misc:1245 icu:3.50 pcu:714.25 scu:578.25 tlayer:3 pbqpoffset:3.42 pbfactor:1.48 avgQpOffsetCutree:-0.80;
in:486 out:488 type:b q:31.64 q-aq:32.00 q-noVbv:31.64 q-Rceq:1.32 tex:1550 mv:3209 misc:977 icu:4.25 pcu:565.25 scu:726.50 tlayer:4 pbqpoffset:5.04 pbfactor:1.79 avgQpOffsetCutree:0.00;
in:499 out:489 type:k q:28.40 q-aq:24.73 q-noVbv:28.40 q-Rceq:1.32 tex:114375 mv:21702 misc:2651 icu:924.00 pcu:362.75 scu:9.25 tlayer:0 pbqpoffset:0.55 pbfactor:1.07 avgQpOffsetCutree:-3.68;
in:494 out:490 type:B q:29.20 q-aq:25.39 q-noVbv:29.20 q-Rceq:1.32 tex:54264 mv:16282 misc:3526 icu:139.50 pcu:683.50 scu:473.00 tlayer:1 pbqpoffset:1.65 pbfactor:1.21 avgQpOffsetCutree:-3.42;
in:491 out:491 type:B q:29.74 q-aq:26.74 q-noVbv:29.74 q-Rceq:1.32 tex:17516 mv:9828 misc:2728 icu:41.75 pcu:667.25 scu:587.00 tlayer:2 pbqpoffset:2.69 pbfactor:1.36 avgQpOffsetCutree:-2.75;
in:490 out:492 type:B q:30.39 q-aq:30.00 q-noVbv:30.39 q-Rceq:1.32 tex:3568 mv:4890 misc:1358 icu:5.00 pcu:764.00 scu:527.00 tlayer:3 pbqpoffset:3.51 pbfactor:1.50 avgQpOffsetCutree:-0.81;
in:489 out:493 type:b q:31.86 q-aq:32.00 q-noVbv:31.86 q-Rceq:1.32 tex:1975 mv:3561 misc:1048 icu:5.00 pcu:641.00 scu:650.00 tlayer:4 pbqpoffset:5.14 pbfactor:1.81 avgQpOffsetCutree:0.00;
in:493 out:494 type:B q:30.90 q-aq:30.66 q-noVbv:30.90 q-Rceq:1.32 tex:2600 mv:4257 misc:1303 icu:6.75 pcu:570.50 scu:718.75 tlayer:3 pbqpoffset:3.51 pbfactor:1.50 avgQpOffsetCutree:-0.74;
in:492 out:495 type:b q:31.96 q-aq:32.00 q-noVbv:31.96 q-Rceq:1.32 tex:1652 mv:3472 misc:1044 icu:1.50 pcu:517.00 scu:777.50 tlayer:4 pbqpoffset:4.74 pbfactor:1.73 avgQpOffsetCutree:0.00;
in:497 out:496 type:B q:30.49 q-aq:27.97 q-noVbv:30.49 q-Rceq:1.32 tex:15801 mv:6206 misc:2393 icu:17.50 pcu:585.75 scu:692.75 tlayer:2 pbqpoffset:2.43 pbfactor:1.32 avgQpOffsetCutree:-2.30;
in:496 out:497 type:B q:30.66 q-aq:31.54 q-noVbv:30.66 q-Rceq:1.32 tex:5142 mv:3238 misc:1644 icu:12.50 pcu:696.75 scu:586.75 tlayer:3 pbqpoffset:2.76 pbfactor:1.38 avgQpOffsetCutree:-0.16;
in:495 out:498 type:b q:31.52 q-aq:32.00 q-noVbv:31.52 q-Rceq:1.32 tex:2972 mv:2970 misc:1274 icu:5.25 pcu:554.00 scu:736.75 tlayer:4 pbqpoffset:3.79 pbfactor:1.55 avgQpOffsetCutree:0.00;
in:498 out:499 type:b q:33.88 q-aq:34.00 q-noVbv:33.88 q-Rceq:1.32 tex:460 mv:1968 misc:780 icu:1.25 pcu:463.75 scu:831.00 tlayer:3 pbqpoffset:5.65 pbfactor:1.92 avgQpOffsetCutree:0.00;
