#options: cpuid=1050111 frame-threads=1 no-wpp no-pmode no-pme psnr no-ssim log-level=2 bitdepth=8 input-csp=1 fps=25000/1000 input-res=832x480 interlace=0 total-frames=250 level-idc=0 high-tier=1 uhd-bd=0 ref=4 no-allow-non-conformance no-repeat-headers annexb no-aud no-hrd info hash=0 no-temporal-layers open-gop min-keyint=1 keyint=5000 bframes=15 b-adapt=2 b-pyramid bframe-bias=0 rc-lookahead=40 lookahead-slices=0 scenecut=40 no-intra-refresh ctu=64 min-cu-size=8 rect amp max-tu-size=32 tu-inter-depth=3 tu-intra-depth=3 limit-tu=4 rdoq-level=2 dynamic-rd=0.00 no-ssim-rd signhide no-tskip nr-intra=0 nr-inter=0 no-constrained-intra strong-intra-smoothing max-merge=4 limit-refs=1 limit-modes me=3 subme=4 merange=57 temporal-mvp weightp weightb no-analyze-src-pics deblock=0:0 sao no-sao-non-deblock rd=6 no-early-skip rskip no-fast-intra no-tskip-fast no-cu-lossless b-intra rdpenalty=0 psy-rd=0.00 psy-rdoq=0.00 no-rd-refine analysis-reuse-mode=0 no-lossless cbqpoffs=0 crqpoffs=0 rc=abr bitrate=2000 qcomp=0.60 qpstep=4 stats-write=1 stats-read=0 slow-firstpass ipratio=1.40 pbratio=1.30 aq-mode=1 aq-strength=0.00 cutree zone-count=0 no-strict-cbr qg-size=64 no-rc-grain qpmax=69 qpmin=0 no-const-vbv sar=0 overscan=0 videoformat=5 range=0 colorprim=2 transfer=2 colormatrix=2 chromaloc=0 display-window=0 max-cll=0,0 min-luma=0 max-luma=255 log2-max-poc-lsb=8 vui-timing-info vui-hrd-info slices=1 opt-qp-pps opt-ref-list-length-pps no-multi-pass-opt-rps scenecut-bias=0.05 no-opt-cu-delta-qp no-aq-motion no-hdr no-hdr-opt no-dhdr10-opt analysis-reuse-level=5 scale-factor=0 refine-intra=0 refine-inter=0 refine-mv=0 no-limit-sao ctu-info=0 max-tlayer=4
in:0 out:0 type:I q:19.65 q-aq:10.77 q-noVbv:19.65 q-Rceq:1.00 tex:541473 mv:39587 misc:2844 icu:1560.00 pcu:0.00 scu:0.00 tlayer:0 pbqpoffset:0.00 pbfactor:1.00 avgQpOffsetCutree:-7.95;
in:12 out:1 type:k q:22.56 q-aq:13.78 q-noVbv:22.56 q-Rceq:1.00 tex:205036 mv:19024 misc:4764 icu:105.75 pcu:1355.00 scu:99.25 tlayer:0 pbqpoffset:0.00 pbfactor:1.00 avgQpOffsetCutree:-8.19;
in:6 out:2 type:B q:24.44 q-aq:18.77 q-noVbv:24.44 q-Rceq:1.00 tex:27037 mv:8069 misc:3366 icu:1.25 pcu:1096.75 scu:462.00 tlayer:1 pbqpoffset:1.87 pbfactor:1.24 avgQpOffsetCutree:-4.34;
in:3 out:3 type:B q:25.08 q-aq:20.79 q-noVbv:25.08 q-Rceq:1.00 tex:1263 mv:2191 misc:1002 icu:0.00 pcu:652.00 scu:908.00 tlayer:2 pbqpoffset:2.51 pbfactor:1.34 avgQpOffsetCutree:-2.81;
in:2 out:4 type:B q:25.18 q-aq:24.79 q-noVbv:25.18 q-Rceq:1.00 tex:87 mv:869 misc:532 icu:0.00 pcu:586.00 scu:974.00 tlayer:3 pbqpoffset:2.62 pbfactor:1.35 avgQpOffsetCutree:-0.85;
in:1 out:5 type:b q:25.57 q-aq:26.00 q-noVbv:25.57 q-Rceq:1.00 tex:1 mv:29 misc:154 icu:0.00 pcu:16.00 scu:1544.00 tlayer:4 pbqpoffset:3.01 pbfactor:1.42 avgQpOffsetCutree:0.00;
in:5 out:6 type:B q:25.39 q-aq:24.99 q-noVbv:25.39 q-Rceq:1.00 tex:112 mv:785 misc:455 icu:0.00 pcu:495.00 scu:1065.00 tlayer:3 pbqpoffset:2.82 pbfactor:1.39 avgQpOffsetCutree:-0.87;
in:4 out:7 type:b q:27.67 q-aq:28.00 q-noVbv:27.67 q-Rceq:1.00 tex:36 mv:608 misc:324 icu:0.00 pcu:402.00 scu:1158.00 tlayer:4 pbqpoffset:5.11 pbfactor:1.80 avgQpOffsetCutree:0.00;
in:9 out:8 type:B q:25.07 q-aq:23.10 q-noVbv:25.07 q-Rceq:1.00 tex:1302 mv:1326 misc:716 icu:0.00 pcu:724.25 scu:835.75 tlayer:2 pbqpoffset:2.51 pbfactor:1.34 avgQpOffsetCutree:-2.28;
in:8 out:9 type:B q:24.97 q-aq:24.98 q-noVbv:24.97 q-Rceq:1.00 tex:1567 mv:2963 misc:1150 icu:0.00 pcu:806.75 scu:753.25 tlayer:3 pbqpoffset:2.41 pbfactor:1.32 avgQpOffsetCutree:-0.81;
in:7 out:10 type:b q:25.66 q-aq:26.00 q-noVbv:25.66 q-Rceq:1.00 tex:3 mv:72 misc:189 icu:0.00 pcu:48.00 scu:1512.00 tlayer:4 pbqpoffset:3.10 pbfactor:1.43 avgQpOffsetCutree:0.00;
in:11 out:11 type:B q:25.48 q-aq:25.25 q-noVbv:25.48 q-Rceq:1.00 tex:270 mv:1154 misc:576 icu:0.00 pcu:632.00 scu:928.00 tlayer:3 pbqpoffset:2.91 pbfactor:1.40 avgQpOffsetCutree:-0.98;
in:10 out:12 type:b q:25.57 q-aq:26.00 q-noVbv:25.57 q-Rceq:1.00 tex:32 mv:703 misc:377 icu:0.00 pcu:448.00 scu:1112.00 tlayer:4 pbqpoffset:3.01 pbfactor:1.42 avgQpOffsetCutree:0.00;
in:25 out:13 type:k q:18.56 q-aq:11.07 q-noVbv:18.56 q-Rceq:1.00 tex:410277 mv:25963 misc:3432 icu:576.50 pcu:976.25 scu:7.25 tlayer:0 pbqpoffset:0.00 pbfactor:1.00 avgQpOffsetCutree:-7.34;
in:19 out:14 type:B q:21.90 q-aq:15.73 q-noVbv:21.90 q-Rceq:1.00 tex:64294 mv:10315 misc:4199 icu:2.75 pcu:1090.75 scu:466.50 tlayer:1 pbqpoffset:1.49 pbfactor:1.19 avgQpOffsetCutree:-4.86;
in:16 out:15 type:B q:23.19 q-aq:20.11 q-noVbv:23.19 q-Rceq:1.00 tex:11457 mv:3787 misc:1700 icu:1.75 pcu:588.50 scu:969.75 tlayer:2 pbqpoffset:1.86 pbfactor:1.24 avgQpOffsetCutree:-2.51;
in:14 out:16 type:B q:24.46 q-aq:23.75 q-noVbv:24.46 q-Rceq:1.00 tex:378 mv:400 misc:478 icu:0.00 pcu:190.50 scu:1369.50 tlayer:3 pbqpoffset:2.51 pbfactor:1.34 avgQpOffsetCutree:-1.45;
in:13 out:17 type:b q:25.83 q-aq:26.00 q-noVbv:25.83 q-Rceq:1.00 tex:1 mv:34 misc:181 icu:0.00 pcu:16.00 scu:1544.00 tlayer:4 pbqpoffset:3.57 pbfactor:1.51 avgQpOffsetCutree:0.00;
in:15 out:18 type:b q:24.56 q-aq:25.00 q-noVbv:24.56 q-Rceq:1.00 tex:6 mv:167 misc:275 icu:0.00 pcu:88.00 scu:1472.00 tlayer:4 pbqpoffset:2.92 pbfactor:1.40 avgQpOffsetCutree:0.00;
in:18 out:19 type:B q:23.54 q-aq:22.59 q-noVbv:23.54 q-Rceq:1.00 tex:2725 mv:1603 misc:1224 icu:0.00 pcu:573.00 scu:987.00 tlayer:3 pbqpoffset:2.82 pbfactor:1.39 avgQpOffsetCutree:-1.16;
in:17 out:20 type:b q:24.98 q-aq:25.00 q-noVbv:24.98 q-Rceq:1.00 tex:152 mv:892 misc:500 icu:0.00 pcu:489.00 scu:1071.00 tlayer:4 pbqpoffset:3.96 pbfactor:1.58 avgQpOffsetCutree:0.00;
in:22 out:21 type:B q:22.13 q-aq:19.09 q-noVbv:22.13 q-Rceq:1.00 tex:21324 mv:4997 misc:2575 icu:0.25 pcu:777.25 scu:782.50 tlayer:2 pbqpoffset:2.64 pbfactor:1.36 avgQpOffsetCutree:-2.65;
in:21 out:22 type:B q:22.62 q-aq:22.02 q-noVbv:22.62 q-Rceq:1.00 tex:2069 mv:1935 misc:1052 icu:0.00 pcu:541.50 scu:1018.50 tlayer:3 pbqpoffset:2.83 pbfactor:1.39 avgQpOffsetCutree:-1.04;
in:20 out:23 type:b q:24.07 q-aq:24.00 q-noVbv:24.07 q-Rceq:1.00 tex:1052 mv:1188 misc:760 icu:0.00 pcu:333.00 scu:1227.00 tlayer:4 pbqpoffset:3.97 pbfactor:1.58 avgQpOffsetCutree:0.00;
in:24 out:24 type:B q:20.72 q-aq:20.34 q-noVbv:20.72 q-Rceq:1.00 tex:11268 mv:3334 misc:1734 icu:0.50 pcu:647.25 scu:912.25 tlayer:3 pbqpoffset:1.85 pbfactor:1.24 avgQpOffsetCutree:-0.82;
in:23 out:25 type:b q:24.24 q-aq:24.00 q-noVbv:24.24 q-Rceq:1.00 tex:7 mv:168 misc:201 icu:0.00 pcu:96.00 scu:1464.00 tlayer:4 pbqpoffset:5.06 pbfactor:1.79 avgQpOffsetCutree:0.00;
in:34 out:26 type:k q:15.01 q-aq:6.96 q-noVbv:15.01 q-Rceq:1.00 tex:700971 mv:37939 misc:3194 icu:1036.75 pcu:520.50 scu:2.75 tlayer:0 pbqpoffset:0.00 pbfactor:1.00 avgQpOffsetCutree:-8.04;
in:30 out:27 type:B q:17.93 q-aq:14.80 q-noVbv:17.93 q-Rceq:1.00 tex:25643 mv:4395 misc:2482 icu:3.00 pcu:756.75 scu:800.25 tlayer:1 pbqpoffset:1.34 pbfactor:1.17 avgQpOffsetCutree:-2.80;
in:28 out:28 type:B q:20.24 q-aq:17.04 q-noVbv:20.24 q-Rceq:1.00 tex:5359 mv:2047 misc:1042 icu:0.00 pcu:520.50 scu:1039.50 tlayer:2 pbqpoffset:2.86 pbfactor:1.39 avgQpOffsetCutree:-2.81;
in:27 out:29 type:B q:20.44 q-aq:19.49 q-noVbv:20.44 q-Rceq:1.00 tex:3041 mv:1402 misc:781 icu:0.00 pcu:476.50 scu:1083.50 tlayer:3 pbqpoffset:2.66 pbfactor:1.36 avgQpOffsetCutree:-1.67;
in:26 out:30 type:b q:23.61 q-aq:24.00 q-noVbv:23.61 q-Rceq:1.00 tex:208 mv:510 misc:426 icu:0.00 pcu:271.50 scu:1288.50 tlayer:4 pbqpoffset:5.44 pbfactor:1.87 avgQpOffsetCutree:0.00;
in:29 out:31 type:b q:19.71 q-aq:20.00 q-noVbv:19.71 q-Rceq:1.00 tex:120 mv:843 misc:445 icu:0.00 pcu:483.00 scu:1077.00 tlayer:3 pbqpoffset:2.72 pbfactor:1.37 avgQpOffsetCutree:0.00;
in:32 out:32 type:B q:17.14 q-aq:15.86 q-noVbv:17.14 q-Rceq:1.00 tex:23347 mv:4055 misc:2382 icu:0.00 pcu:767.00 scu:793.00 tlayer:2 pbqpoffset:1.34 pbfactor:1.17 avgQpOffsetCutree:-1.45;
in:31 out:33 type:b q:20.17 q-aq:20.00 q-noVbv:20.17 q-Rceq:1.00 tex:613 mv:678 misc:485 icu:0.00 pcu:444.00 scu:1116.00 tlayer:3 pbqpoffset:3.98 pbfactor:1.58 avgQpOffsetCutree:0.00;
in:33 out:34 type:b q:18.70 q-aq:19.00 q-noVbv:18.70 q-Rceq:1.00 tex:459 mv:981 misc:656 icu:0.00 pcu:381.50 scu:1178.50 tlayer:3 pbqpoffset:3.29 pbfactor:1.46 avgQpOffsetCutree:0.00;
in:50 out:35 type:k q:15.60 q-aq:9.12 q-noVbv:15.60 q-Rceq:1.00 tex:407105 mv:48184 misc:3943 icu:352.00 pcu:1181.00 scu:27.00 tlayer:0 pbqpoffset:0.00 pbfactor:1.00 avgQpOffsetCutree:-6.81;
in:42 out:36 type:B q:16.46 q-aq:10.72 q-noVbv:16.46 q-Rceq:1.00 tex:124587 mv:29300 misc:5105 icu:16.25 pcu:1256.00 scu:287.75 tlayer:1 pbqpoffset:1.15 pbfactor:1.14 avgQpOffsetCutree:-5.20;
in:38 out:37 type:B q:16.99 q-aq:13.05 q-noVbv:16.99 q-Rceq:1.00 tex:22976 mv:7789 misc:3355 icu:0.00 pcu:1000.00 scu:560.00 tlayer:2 pbqpoffset:1.84 pbfactor:1.24 avgQpOffsetCutree:-3.47;
in:36 out:38 type:B q:17.12 q-aq:15.74 q-noVbv:17.12 q-Rceq:1.00 tex:3970 mv:3783 misc:1655 icu:0.00 pcu:851.00 scu:709.00 tlayer:3 pbqpoffset:2.04 pbfactor:1.27 avgQpOffsetCutree:-1.54;
in:35 out:39 type:b q:19.24 q-aq:19.00 q-noVbv:19.24 q-Rceq:1.00 tex:15 mv:289 misc:320 icu:0.00 pcu:141.00 scu:1419.00 tlayer:4 pbqpoffset:4.19 pbfactor:1.62 avgQpOffsetCutree:0.00;
in:37 out:40 type:b q:18.13 q-aq:18.00 q-noVbv:18.13 q-Rceq:1.00 tex:47 mv:941 misc:508 icu:0.00 pcu:247.00 scu:1313.00 tlayer:4 pbqpoffset:3.01 pbfactor:1.42 avgQpOffsetCutree:0.00;
in:40 out:41 type:B q:16.55 q-aq:15.13 q-noVbv:16.55 q-Rceq:1.00 tex:18051 mv:6891 misc:2378 icu:6.00 pcu:1033.00 scu:521.00 tlayer:3 pbqpoffset:1.32 pbfactor:1.16 avgQpOffsetCutree:-1.65;
in:39 out:42 type:b q:17.64 q-aq:17.19 q-noVbv:17.64 q-Rceq:1.00 tex:1124 mv:2402 misc:770 icu:0.00 pcu:712.25 scu:847.75 tlayer:4 pbqpoffset:2.45 pbfactor:1.33 avgQpOffsetCutree:0.00;
in:41 out:43 type:b q:18.52 q-aq:18.50 q-noVbv:18.52 q-Rceq:1.00 tex:246 mv:666 misc:352 icu:0.00 pcu:187.75 scu:1372.25 tlayer:4 pbqpoffset:3.26 pbfactor:1.46 avgQpOffsetCutree:0.00;
in:46 out:44 type:B q:16.42 q-aq:12.85 q-noVbv:16.42 q-Rceq:1.00 tex:67801 mv:24416 misc:4767 icu:21.50 pcu:1248.25 scu:290.25 tlayer:2 pbqpoffset:0.97 pbfactor:1.12 avgQpOffsetCutree:-3.35;
in:44 out:45 type:B q:17.00 q-aq:15.36 q-noVbv:17.00 q-Rceq:1.00 tex:14386 mv:10525 misc:2961 icu:4.00 pcu:1101.50 scu:454.50 tlayer:3 pbqpoffset:1.62 pbfactor:1.21 avgQpOffsetCutree:-1.68;
in:43 out:46 type:b q:18.29 q-aq:18.00 q-noVbv:18.29 q-Rceq:1.00 tex:526 mv:1242 misc:680 icu:0.00 pcu:523.25 scu:1036.75 tlayer:4 pbqpoffset:2.95 pbfactor:1.41 avgQpOffsetCutree:0.00;
in:45 out:47 type:b q:17.93 q-aq:18.00 q-noVbv:17.93 q-Rceq:1.00 tex:357 mv:947 misc:480 icu:0.00 pcu:410.75 scu:1149.25 tlayer:4 pbqpoffset:2.52 pbfactor:1.34 avgQpOffsetCutree:0.00;
in:48 out:48 type:B q:16.70 q-aq:15.35 q-noVbv:16.70 q-Rceq:1.00 tex:40204 mv:22993 misc:4299 icu:19.50 pcu:1225.50 scu:315.00 tlayer:3 pbqpoffset:1.18 pbfactor:1.15 avgQpOffsetCutree:-1.57;
in:47 out:49 type:b q:17.71 q-aq:17.76 q-noVbv:17.71 q-Rceq:1.00 tex:1776 mv:2536 misc:856 icu:6.00 pcu:600.50 scu:953.50 tlayer:4 pbqpoffset:2.22 pbfactor:1.29 avgQpOffsetCutree:0.00;
in:49 out:50 type:b q:17.75 q-aq:18.00 q-noVbv:17.75 q-Rceq:1.00 tex:781 mv:1315 misc:720 icu:4.00 pcu:470.00 scu:1086.00 tlayer:4 pbqpoffset:2.19 pbfactor:1.29 avgQpOffsetCutree:0.00;
in:56 out:51 type:k q:15.01 q-aq:9.28 q-noVbv:15.01 q-Rceq:1.00 tex:357134 mv:58315 misc:3375 icu:240.75 pcu:1279.25 scu:40.00 tlayer:0 pbqpoffset:0.00 pbfactor:1.00 avgQpOffsetCutree:-6.11;
in:53 out:52 type:B q:16.56 q-aq:13.70 q-noVbv:16.56 q-Rceq:1.00 tex:63180 mv:16607 misc:4437 icu:7.25 pcu:1100.75 scu:452.00 tlayer:1 pbqpoffset:1.25 pbfactor:1.16 avgQpOffsetCutree:-2.62;
in:52 out:53 type:B q:16.68 q-aq:16.15 q-noVbv:16.68 q-Rceq:1.00 tex:20896 mv:15172 misc:3700 icu:6.50 pcu:1013.50 scu:540.00 tlayer:2 pbqpoffset:1.28 pbfactor:1.16 avgQpOffsetCutree:-1.01;
in:51 out:54 type:b q:18.27 q-aq:18.38 q-noVbv:18.27 q-Rceq:1.00 tex:1106 mv:1287 misc:695 icu:0.25 pcu:503.50 scu:1056.25 tlayer:3 pbqpoffset:2.77 pbfactor:1.38 avgQpOffsetCutree:0.00;
in:55 out:55 type:B q:16.71 q-aq:16.15 q-noVbv:16.71 q-Rceq:1.00 tex:20656 mv:9840 misc:3352 icu:7.00 pcu:974.00 scu:579.00 tlayer:2 pbqpoffset:1.60 pbfactor:1.20 avgQpOffsetCutree:-0.98;
in:54 out:56 type:b q:17.62 q-aq:17.27 q-noVbv:17.62 q-Rceq:1.00 tex:6899 mv:7757 misc:2120 icu:2.75 pcu:985.00 scu:572.25 tlayer:3 pbqpoffset:2.42 pbfactor:1.32 avgQpOffsetCutree:0.00;
in:60 out:57 type:k q:15.32 q-aq:10.06 q-noVbv:15.32 q-Rceq:1.00 tex:549251 mv:41523 misc:3426 icu:688.75 pcu:860.50 scu:10.75 tlayer:0 pbqpoffset:0.00 pbfactor:1.00 avgQpOffsetCutree:-5.94;
in:58 out:58 type:B q:17.07 q-aq:15.43 q-noVbv:17.07 q-Rceq:1.00 tex:21035 mv:6577 misc:2620 icu:0.50 pcu:1086.75 scu:472.75 tlayer:1 pbqpoffset:1.90 pbfactor:1.25 avgQpOffsetCutree:-1.69;
in:57 out:59 type:b q:18.56 q-aq:18.39 q-noVbv:18.56 q-Rceq:1.00 tex:969 mv:1380 misc:851 icu:2.00 pcu:379.50 scu:1178.50 tlayer:2 pbqpoffset:3.47 pbfactor:1.49 avgQpOffsetCutree:0.00;
in:59 out:60 type:b q:18.61 q-aq:18.46 q-noVbv:18.61 q-Rceq:1.00 tex:729 mv:1607 misc:904 icu:0.00 pcu:612.00 scu:948.00 tlayer:2 pbqpoffset:3.37 pbfactor:1.48 avgQpOffsetCutree:0.00;
in:64 out:61 type:k q:15.90 q-aq:10.38 q-noVbv:15.90 q-Rceq:1.00 tex:521071 mv:42301 misc:3476 icu:871.75 pcu:648.25 scu:40.00 tlayer:0 pbqpoffset:0.74 pbfactor:1.09 avgQpOffsetCutree:-6.22;
in:62 out:62 type:B q:17.99 q-aq:16.34 q-noVbv:17.99 q-Rceq:1.00 tex:10790 mv:7414 misc:2692 icu:1.50 pcu:901.50 scu:657.00 tlayer:1 pbqpoffset:2.38 pbfactor:1.32 avgQpOffsetCutree:-1.74;
in:61 out:63 type:b q:19.27 q-aq:19.00 q-noVbv:19.27 q-Rceq:1.00 tex:187 mv:1602 misc:587 icu:0.00 pcu:985.50 scu:574.50 tlayer:2 pbqpoffset:3.80 pbfactor:1.55 avgQpOffsetCutree:0.00;
in:63 out:64 type:b q:18.93 q-aq:19.00 q-noVbv:18.93 q-Rceq:1.00 tex:7695 mv:3687 misc:1722 icu:0.00 pcu:951.75 scu:608.25 tlayer:2 pbqpoffset:3.18 pbfactor:1.44 avgQpOffsetCutree:0.00;
in:68 out:65 type:k q:16.39 q-aq:10.56 q-noVbv:16.39 q-Rceq:1.00 tex:425051 mv:49256 misc:3885 icu:335.50 pcu:1170.00 scu:54.50 tlayer:0 pbqpoffset:0.74 pbfactor:1.09 avgQpOffsetCutree:-6.43;
in:66 out:66 type:B q:18.02 q-aq:16.24 q-noVbv:18.02 q-Rceq:1.00 tex:20409 mv:8073 misc:2654 icu:0.00 pcu:1072.75 scu:487.25 tlayer:1 pbqpoffset:1.88 pbfactor:1.24 avgQpOffsetCutree:-1.72;
in:65 out:67 type:b q:19.08 q-aq:19.00 q-noVbv:19.08 q-Rceq:1.00 tex:500 mv:1874 misc:778 icu:0.00 pcu:1029.00 scu:531.00 tlayer:2 pbqpoffset:3.06 pbfactor:1.42 avgQpOffsetCutree:0.00;
in:67 out:68 type:b q:19.51 q-aq:19.02 q-noVbv:19.51 q-Rceq:1.00 tex:1109 mv:2202 misc:1321 icu:0.00 pcu:699.00 scu:861.00 tlayer:2 pbqpoffset:3.25 pbfactor:1.45 avgQpOffsetCutree:0.00;
in:73 out:69 type:k q:17.93 q-aq:12.21 q-noVbv:17.93 q-Rceq:1.00 tex:307740 mv:50574 misc:3910 icu:143.75 pcu:1340.75 scu:75.50 tlayer:0 pbqpoffset:0.74 pbfactor:1.09 avgQpOffsetCutree:-6.28;
in:71 out:70 type:B q:18.65 q-aq:16.40 q-noVbv:18.65 q-Rceq:1.00 tex:66540 mv:21220 misc:3984 icu:2.75 pcu:1200.25 scu:357.00 tlayer:1 pbqpoffset:1.33 pbfactor:1.17 avgQpOffsetCutree:-2.28;
in:70 out:71 type:B q:18.83 q-aq:18.36 q-noVbv:18.83 q-Rceq:1.00 tex:15355 mv:11791 misc:3326 icu:0.50 pcu:950.50 scu:609.00 tlayer:2 pbqpoffset:1.82 pbfactor:1.23 avgQpOffsetCutree:-0.93;
in:69 out:72 type:b q:19.16 q-aq:19.00 q-noVbv:19.16 q-Rceq:1.00 tex:4082 mv:2740 misc:1474 icu:0.00 pcu:704.50 scu:855.50 tlayer:3 pbqpoffset:2.46 pbfactor:1.33 avgQpOffsetCutree:0.00;
in:72 out:73 type:b q:20.08 q-aq:20.00 q-noVbv:20.08 q-Rceq:1.00 tex:15426 mv:13580 misc:2858 icu:0.00 pcu:1073.00 scu:487.00 tlayer:2 pbqpoffset:2.46 pbfactor:1.33 avgQpOffsetCutree:0.00;
in:77 out:74 type:k q:19.74 q-aq:14.30 q-noVbv:19.74 q-Rceq:1.00 tex:259352 mv:41306 misc:3750 icu:122.75 pcu:1333.25 scu:104.00 tlayer:0 pbqpoffset:0.74 pbfactor:1.09 avgQpOffsetCutree:-6.01;
in:75 out:75 type:B q:20.52 q-aq:19.10 q-noVbv:20.52 q-Rceq:1.00 tex:21536 mv:11388 misc:3324 icu:9.50 pcu:1065.25 scu:485.25 tlayer:1 pbqpoffset:1.69 pbfactor:1.22 avgQpOffsetCutree:-1.69;
in:74 out:76 type:b q:20.84 q-aq:21.00 q-noVbv:20.84 q-Rceq:1.00 tex:8483 mv:9373 misc:2344 icu:0.00 pcu:1067.50 scu:492.50 tlayer:2 pbqpoffset:2.46 pbfactor:1.33 avgQpOffsetCutree:0.00;
in:76 out:77 type:b q:21.74 q-aq:22.00 q-noVbv:21.74 q-Rceq:1.00 tex:8272 mv:8579 misc:2173 icu:0.00 pcu:1147.00 scu:413.00 tlayer:2 pbqpoffset:2.45 pbfactor:1.33 avgQpOffsetCutree:0.00;
in:82 out:78 type:k q:20.28 q-aq:14.72 q-noVbv:20.28 q-Rceq:1.00 tex:294275 mv:48945 misc:3444 icu:260.75 pcu:1244.25 scu:55.00 tlayer:0 pbqpoffset:-0.03 pbfactor:1.00 avgQpOffsetCutree:-6.26;
in:80 out:79 type:B q:21.82 q-aq:19.60 q-noVbv:21.82 q-Rceq:1.00 tex:57212 mv:30609 misc:4027 icu:33.75 pcu:1250.00 scu:276.25 tlayer:1 pbqpoffset:1.76 pbfactor:1.23 avgQpOffsetCutree:-2.30;
in:79 out:80 type:B q:22.43 q-aq:22.03 q-noVbv:22.43 q-Rceq:1.00 tex:8002 mv:10324 misc:2754 icu:1.00 pcu:1108.75 scu:450.25 tlayer:2 pbqpoffset:2.48 pbfactor:1.33 avgQpOffsetCutree:-1.03;
in:78 out:81 type:b q:24.10 q-aq:24.00 q-noVbv:24.10 q-Rceq:1.00 tex:1801 mv:5248 misc:1527 icu:0.00 pcu:1085.00 scu:475.00 tlayer:3 pbqpoffset:4.25 pbfactor:1.63 avgQpOffsetCutree:0.00;
in:81 out:82 type:b q:24.33 q-aq:24.00 q-noVbv:24.33 q-Rceq:1.00 tex:492 mv:1549 misc:663 icu:0.00 pcu:669.00 scu:891.00 tlayer:2 pbqpoffset:4.16 pbfactor:1.62 avgQpOffsetCutree:0.00;
in:86 out:83 type:k q:21.15 q-aq:15.55 q-noVbv:21.15 q-Rceq:1.00 tex:255444 mv:43640 misc:3524 icu:225.75 pcu:1239.75 scu:94.50 tlayer:0 pbqpoffset:-0.03 pbfactor:1.00 avgQpOffsetCutree:-6.28;
in:84 out:84 type:B q:22.71 q-aq:21.07 q-noVbv:22.71 q-Rceq:1.00 tex:14638 mv:14574 misc:2964 icu:2.50 pcu:1152.25 scu:405.25 tlayer:1 pbqpoffset:1.99 pbfactor:1.26 avgQpOffsetCutree:-1.66;
in:83 out:85 type:b q:24.18 q-aq:24.00 q-noVbv:24.18 q-Rceq:1.00 tex:106 mv:1561 misc:541 icu:0.00 pcu:867.50 scu:692.50 tlayer:2 pbqpoffset:3.68 pbfactor:1.53 avgQpOffsetCutree:0.00;
in:85 out:86 type:b q:24.35 q-aq:24.00 q-noVbv:24.35 q-Rceq:1.00 tex:69 mv:1523 misc:760 icu:0.00 pcu:852.00 scu:708.00 tlayer:2 pbqpoffset:3.42 pbfactor:1.48 avgQpOffsetCutree:0.00;
in:90 out:87 type:k q:21.14 q-aq:15.52 q-noVbv:21.14 q-Rceq:1.00 tex:315077 mv:39729 misc:3618 icu:256.50 pcu:1228.00 scu:75.50 tlayer:0 pbqpoffset:-0.03 pbfactor:1.00 avgQpOffsetCutree:-6.27;
in:88 out:88 type:B q:23.05 q-aq:21.85 q-noVbv:23.05 q-Rceq:1.00 tex:33540 mv:20041 misc:4059 icu:25.75 pcu:1136.00 scu:398.25 tlayer:1 pbqpoffset:1.90 pbfactor:1.25 avgQpOffsetCutree:-1.56;
in:87 out:89 type:b q:24.69 q-aq:25.00 q-noVbv:24.69 q-Rceq:1.00 tex:72 mv:1605 misc:571 icu:0.00 pcu:926.00 scu:634.00 tlayer:2 pbqpoffset:3.54 pbfactor:1.50 avgQpOffsetCutree:0.00;
in:89 out:90 type:b q:24.13 q-aq:24.00 q-noVbv:24.13 q-Rceq:1.00 tex:309 mv:1740 misc:1023 icu:0.00 pcu:1088.25 scu:471.75 tlayer:2 pbqpoffset:2.98 pbfactor:1.41 avgQpOffsetCutree:0.00;
in:94 out:91 type:k q:21.88 q-aq:16.13 q-noVbv:21.88 q-Rceq:1.00 tex:358653 mv:33458 misc:3633 icu:375.25 pcu:1154.50 scu:30.25 tlayer:0 pbqpoffset:-0.07 pbfactor:0.99 avgQpOffsetCutree:-6.48;
in:92 out:92 type:B q:23.61 q-aq:22.05 q-noVbv:23.61 q-Rceq:1.00 tex:9263 mv:11909 misc:2764 icu:1.00 pcu:1096.75 scu:462.25 tlayer:1 pbqpoffset:2.10 pbfactor:1.27 avgQpOffsetCutree:-1.68;
in:91 out:93 type:b q:25.00 q-aq:25.00 q-noVbv:25.00 q-Rceq:1.00 tex:17 mv:1451 misc:388 icu:0.00 pcu:1045.00 scu:515.00 tlayer:2 pbqpoffset:3.68 pbfactor:1.53 avgQpOffsetCutree:0.00;
in:93 out:94 type:b q:25.47 q-aq:25.00 q-noVbv:25.47 q-Rceq:1.00 tex:94 mv:1421 misc:549 icu:0.00 pcu:894.00 scu:666.00 tlayer:2 pbqpoffset:3.77 pbfactor:1.55 avgQpOffsetCutree:0.00;
in:100 out:95 type:k q:19.80 q-aq:14.03 q-noVbv:19.80 q-Rceq:1.00 tex:389523 mv:47838 misc:3695 icu:470.50 pcu:1059.25 scu:30.25 tlayer:0 pbqpoffset:-0.17 pbfactor:0.98 avgQpOffsetCutree:-6.42;
in:97 out:96 type:B q:22.45 q-aq:19.69 q-noVbv:22.45 q-Rceq:1.00 tex:68945 mv:22414 misc:4505 icu:39.00 pcu:1151.00 scu:370.00 tlayer:1 pbqpoffset:1.61 pbfactor:1.20 avgQpOffsetCutree:-2.71;
in:96 out:97 type:B q:23.30 q-aq:23.09 q-noVbv:23.30 q-Rceq:1.00 tex:12627 mv:13954 misc:3507 icu:5.50 pcu:1088.75 scu:465.75 tlayer:2 pbqpoffset:2.12 pbfactor:1.28 avgQpOffsetCutree:-0.95;
in:95 out:98 type:b q:25.37 q-aq:25.12 q-noVbv:25.37 q-Rceq:1.00 tex:130 mv:1246 misc:360 icu:0.00 pcu:913.50 scu:646.50 tlayer:3 pbqpoffset:3.83 pbfactor:1.56 avgQpOffsetCutree:0.00;
in:99 out:99 type:B q:22.66 q-aq:22.28 q-noVbv:22.66 q-Rceq:1.00 tex:5545 mv:8583 misc:2440 icu:5.00 pcu:943.00 scu:612.00 tlayer:2 pbqpoffset:2.51 pbfactor:1.34 avgQpOffsetCutree:-0.96;
in:98 out:100 type:b q:24.02 q-aq:24.00 q-noVbv:24.02 q-Rceq:1.00 tex:1316 mv:5754 misc:1130 icu:1.75 pcu:1090.75 scu:467.50 tlayer:3 pbqpoffset:3.53 pbfactor:1.50 avgQpOffsetCutree:0.00;
in:104 out:101 type:k q:21.37 q-aq:15.86 q-noVbv:21.37 q-Rceq:1.00 tex:194788 mv:54080 misc:4044 icu:241.75 pcu:1189.75 scu:128.50 tlayer:0 pbqpoffset:-0.17 pbfactor:0.98 avgQpOffsetCutree:-6.00;
in:102 out:102 type:B q:22.04 q-aq:20.44 q-noVbv:22.04 q-Rceq:1.00 tex:9457 mv:8796 misc:2827 icu:0.00 pcu:1132.50 scu:427.50 tlayer:1 pbqpoffset:1.45 pbfactor:1.18 avgQpOffsetCutree:-1.73;
in:101 out:103 type:b q:23.27 q-aq:23.00 q-noVbv:23.27 q-Rceq:1.00 tex:333 mv:1740 misc:783 icu:0.00 pcu:376.00 scu:1184.00 tlayer:2 pbqpoffset:3.08 pbfactor:1.43 avgQpOffsetCutree:0.00;
in:103 out:104 type:b q:23.57 q-aq:24.00 q-noVbv:23.57 q-Rceq:1.00 tex:284 mv:2501 misc:1167 icu:0.00 pcu:1012.75 scu:547.25 tlayer:2 pbqpoffset:2.59 pbfactor:1.35 avgQpOffsetCutree:0.00;
in:108 out:105 type:k q:21.52 q-aq:16.05 q-noVbv:21.52 q-Rceq:1.00 tex:284186 mv:46944 misc:3598 icu:267.75 pcu:1211.50 scu:80.75 tlayer:0 pbqpoffset:-0.17 pbfactor:0.98 avgQpOffsetCutree:-6.09;
in:106 out:106 type:B q:23.23 q-aq:21.86 q-noVbv:23.23 q-Rceq:1.00 tex:3127 mv:6621 misc:1956 icu:2.25 pcu:1155.75 scu:402.00 tlayer:1 pbqpoffset:1.78 pbfactor:1.23 avgQpOffsetCutree:-1.71;
in:105 out:107 type:b q:24.05 q-aq:24.00 q-noVbv:24.05 q-Rceq:1.00 tex:1426 mv:3085 misc:1361 icu:0.00 pcu:925.75 scu:634.25 tlayer:2 pbqpoffset:2.64 pbfactor:1.36 avgQpOffsetCutree:0.00;
in:107 out:108 type:b q:24.37 q-aq:24.00 q-noVbv:24.37 q-Rceq:1.00 tex:158 mv:1788 misc:798 icu:0.00 pcu:1085.00 scu:475.00 tlayer:2 pbqpoffset:2.88 pbfactor:1.40 avgQpOffsetCutree:0.00;
in:112 out:109 type:k q:20.85 q-aq:15.25 q-noVbv:20.85 q-Rceq:1.00 tex:220149 mv:59420 misc:3639 icu:283.75 pcu:1181.75 scu:94.50 tlayer:0 pbqpoffset:-0.17 pbfactor:0.98 avgQpOffsetCutree:-6.04;
in:110 out:110 type:B q:22.82 q-aq:21.32 q-noVbv:22.82 q-Rceq:1.00 tex:3274 mv:7184 misc:2382 icu:0.50 pcu:867.00 scu:692.50 tlayer:1 pbqpoffset:1.63 pbfactor:1.21 avgQpOffsetCutree:-1.65;
in:109 out:111 type:b q:24.47 q-aq:24.00 q-noVbv:24.47 q-Rceq:1.00 tex:38 mv:1527 misc:547 icu:0.00 pcu:704.75 scu:855.25 tlayer:2 pbqpoffset:3.11 pbfactor:1.43 avgQpOffsetCutree:0.00;
in:111 out:112 type:b q:23.81 q-aq:24.00 q-noVbv:23.81 q-Rceq:1.00 tex:166 mv:2024 misc:1138 icu:0.00 pcu:512.25 scu:1047.75 tlayer:2 pbqpoffset:2.79 pbfactor:1.38 avgQpOffsetCutree:0.00;
in:116 out:113 type:k q:21.63 q-aq:16.14 q-noVbv:21.63 q-Rceq:1.00 tex:305907 mv:54552 misc:3669 icu:361.50 pcu:1133.00 scu:65.50 tlayer:0 pbqpoffset:-0.08 pbfactor:0.99 avgQpOffsetCutree:-6.23;
in:114 out:114 type:B q:23.57 q-aq:22.22 q-noVbv:23.57 q-Rceq:1.00 tex:7665 mv:8819 misc:3044 icu:1.75 pcu:788.25 scu:770.00 tlayer:1 pbqpoffset:2.33 pbfactor:1.31 avgQpOffsetCutree:-1.67;
in:113 out:115 type:b q:24.01 q-aq:24.00 q-noVbv:24.01 q-Rceq:1.00 tex:602 mv:2681 misc:1205 icu:0.00 pcu:935.25 scu:624.75 tlayer:2 pbqpoffset:2.97 pbfactor:1.41 avgQpOffsetCutree:0.00;
in:115 out:116 type:b q:24.69 q-aq:25.00 q-noVbv:24.69 q-Rceq:1.00 tex:230 mv:2639 misc:987 icu:0.00 pcu:979.50 scu:580.50 tlayer:2 pbqpoffset:3.26 pbfactor:1.46 avgQpOffsetCutree:0.00;
in:124 out:117 type:k q:19.46 q-aq:13.99 q-noVbv:19.46 q-Rceq:1.00 tex:548529 mv:51626 misc:3565 icu:777.50 pcu:780.00 scu:2.50 tlayer:0 pbqpoffset:0.24 pbfactor:1.03 avgQpOffsetCutree:-6.57;
in:120 out:118 type:B q:22.56 q-aq:19.22 q-noVbv:22.56 q-Rceq:1.00 tex:131935 mv:46540 misc:3685 icu:158.00 pcu:1257.00 scu:145.00 tlayer:1 pbqpoffset:2.01 pbfactor:1.26 avgQpOffsetCutree:-3.47;
in:118 out:119 type:B q:24.74 q-aq:23.05 q-noVbv:24.74 q-Rceq:1.00 tex:596 mv:6162 misc:1714 icu:1.50 pcu:1045.00 scu:513.50 tlayer:2 pbqpoffset:3.65 pbfactor:1.52 avgQpOffsetCutree:-1.72;
in:117 out:120 type:b q:27.36 q-aq:27.00 q-noVbv:27.36 q-Rceq:1.00 tex:18 mv:1472 misc:390 icu:0.00 pcu:928.00 scu:632.00 tlayer:3 pbqpoffset:6.00 pbfactor:2.00 avgQpOffsetCutree:0.00;
in:119 out:121 type:b q:26.63 q-aq:27.00 q-noVbv:26.63 q-Rceq:1.00 tex:13 mv:1384 misc:451 icu:0.00 pcu:715.25 scu:844.75 tlayer:3 pbqpoffset:5.82 pbfactor:1.96 avgQpOffsetCutree:0.00;
in:122 out:122 type:B q:22.98 q-aq:21.76 q-noVbv:22.98 q-Rceq:1.00 tex:4097 mv:6321 misc:2102 icu:43.25 pcu:894.00 scu:622.75 tlayer:2 pbqpoffset:2.98 pbfactor:1.41 avgQpOffsetCutree:-1.69;
in:121 out:123 type:b q:26.56 q-aq:27.00 q-noVbv:26.56 q-Rceq:1.00 tex:438 mv:1227 misc:607 icu:4.00 pcu:295.25 scu:1260.75 tlayer:3 pbqpoffset:6.28 pbfactor:2.07 avgQpOffsetCutree:0.00;
in:123 out:124 type:b q:24.80 q-aq:25.00 q-noVbv:24.80 q-Rceq:1.00 tex:2501 mv:1852 misc:863 icu:49.00 pcu:425.00 scu:1086.00 tlayer:3 pbqpoffset:5.07 pbfactor:1.80 avgQpOffsetCutree:0.00;
in:132 out:125 type:k q:20.23 q-aq:14.73 q-noVbv:20.23 q-Rceq:1.00 tex:511165 mv:51933 misc:3358 icu:661.75 pcu:888.25 scu:10.00 tlayer:0 pbqpoffset:0.26 pbfactor:1.03 avgQpOffsetCutree:-6.80;
in:128 out:126 type:B q:22.25 q-aq:19.17 q-noVbv:22.25 q-Rceq:1.00 tex:159429 mv:32743 misc:4644 icu:191.50 pcu:1193.00 scu:175.50 tlayer:1 pbqpoffset:2.40 pbfactor:1.32 avgQpOffsetCutree:-3.35;
in:126 out:127 type:B q:23.09 q-aq:21.93 q-noVbv:23.09 q-Rceq:1.00 tex:6459 mv:6363 misc:1986 icu:62.00 pcu:1038.00 scu:460.00 tlayer:2 pbqpoffset:3.43 pbfactor:1.49 avgQpOffsetCutree:-1.69;
in:125 out:128 type:b q:25.37 q-aq:25.08 q-noVbv:25.37 q-Rceq:1.00 tex:2228 mv:2397 misc:1327 icu:22.00 pcu:800.75 scu:737.25 tlayer:3 pbqpoffset:5.81 pbfactor:1.96 avgQpOffsetCutree:0.00;
in:127 out:129 type:b q:25.93 q-aq:26.00 q-noVbv:25.93 q-Rceq:1.00 tex:1095 mv:1816 misc:617 icu:15.00 pcu:591.25 scu:953.75 tlayer:3 pbqpoffset:6.18 pbfactor:2.04 avgQpOffsetCutree:0.00;
in:130 out:130 type:B q:23.90 q-aq:22.93 q-noVbv:23.90 q-Rceq:1.00 tex:3463 mv:7239 misc:1722 icu:11.25 pcu:1181.25 scu:367.50 tlayer:2 pbqpoffset:3.87 pbfactor:1.56 avgQpOffsetCutree:-1.66;
in:129 out:131 type:b q:25.51 q-aq:26.00 q-noVbv:25.51 q-Rceq:1.00 tex:181 mv:2012 misc:887 icu:0.00 pcu:712.50 scu:847.50 tlayer:3 pbqpoffset:5.57 pbfactor:1.90 avgQpOffsetCutree:0.00;
in:131 out:132 type:b q:26.09 q-aq:26.00 q-noVbv:26.09 q-Rceq:1.00 tex:355 mv:2123 misc:706 icu:0.00 pcu:807.50 scu:752.50 tlayer:3 pbqpoffset:5.96 pbfactor:1.99 avgQpOffsetCutree:0.00;
in:136 out:133 type:k q:22.85 q-aq:16.98 q-noVbv:22.85 q-Rceq:1.00 tex:173171 mv:60549 misc:4496 icu:249.25 pcu:1197.75 scu:113.00 tlayer:0 pbqpoffset:0.18 pbfactor:1.02 avgQpOffsetCutree:-6.51;
in:134 out:134 type:B q:23.54 q-aq:22.18 q-noVbv:23.54 q-Rceq:1.00 tex:1966 mv:8326 misc:2540 icu:2.25 pcu:1051.25 scu:506.50 tlayer:1 pbqpoffset:2.01 pbfactor:1.26 avgQpOffsetCutree:-1.70;
in:133 out:135 type:b q:24.32 q-aq:24.00 q-noVbv:24.32 q-Rceq:1.00 tex:208 mv:1972 misc:868 icu:0.25 pcu:753.00 scu:806.75 tlayer:2 pbqpoffset:3.44 pbfactor:1.49 avgQpOffsetCutree:0.00;
in:135 out:136 type:b q:25.58 q-aq:26.00 q-noVbv:25.58 q-Rceq:1.00 tex:147 mv:2145 misc:476 icu:0.00 pcu:1097.50 scu:462.50 tlayer:2 pbqpoffset:3.39 pbfactor:1.48 avgQpOffsetCutree:0.00;
in:140 out:137 type:k q:22.20 q-aq:15.99 q-noVbv:22.20 q-Rceq:1.00 tex:310012 mv:57697 misc:3907 icu:234.00 pcu:1246.00 scu:80.00 tlayer:0 pbqpoffset:0.17 pbfactor:1.02 avgQpOffsetCutree:-6.74;
in:138 out:138 type:B q:24.35 q-aq:23.04 q-noVbv:24.35 q-Rceq:1.00 tex:1089 mv:7007 misc:2112 icu:0.25 pcu:892.75 scu:667.00 tlayer:1 pbqpoffset:1.83 pbfactor:1.23 avgQpOffsetCutree:-1.73;
in:137 out:139 type:b q:25.42 q-aq:25.37 q-noVbv:25.42 q-Rceq:1.00 tex:412 mv:2630 misc:1206 icu:0.00 pcu:897.25 scu:662.75 tlayer:2 pbqpoffset:2.74 pbfactor:1.37 avgQpOffsetCutree:0.00;
in:139 out:140 type:b q:25.22 q-aq:25.00 q-noVbv:25.22 q-Rceq:1.00 tex:72 mv:2740 misc:1036 icu:0.00 pcu:773.25 scu:786.75 tlayer:2 pbqpoffset:2.85 pbfactor:1.39 avgQpOffsetCutree:0.00;
in:146 out:141 type:k q:20.70 q-aq:14.74 q-noVbv:20.70 q-Rceq:1.00 tex:413166 mv:64078 misc:3748 icu:302.25 pcu:1204.00 scu:53.75 tlayer:0 pbqpoffset:0.42 pbfactor:1.05 avgQpOffsetCutree:-6.92;
in:143 out:142 type:B q:23.49 q-aq:20.62 q-noVbv:23.49 q-Rceq:1.00 tex:70393 mv:28408 misc:4767 icu:11.50 pcu:1144.75 scu:403.75 tlayer:1 pbqpoffset:2.04 pbfactor:1.27 avgQpOffsetCutree:-2.90;
in:142 out:143 type:B q:24.90 q-aq:24.32 q-noVbv:24.90 q-Rceq:1.00 tex:3463 mv:10265 misc:2136 icu:0.75 pcu:1085.50 scu:473.75 tlayer:2 pbqpoffset:3.20 pbfactor:1.45 avgQpOffsetCutree:-1.04;
in:141 out:144 type:b q:25.83 q-aq:26.00 q-noVbv:25.83 q-Rceq:1.00 tex:291 mv:2446 misc:1047 icu:0.00 pcu:580.50 scu:979.50 tlayer:3 pbqpoffset:3.88 pbfactor:1.57 avgQpOffsetCutree:0.00;
in:145 out:145 type:B q:24.07 q-aq:23.90 q-noVbv:24.07 q-Rceq:1.00 tex:9052 mv:9977 misc:2531 icu:0.25 pcu:1039.50 scu:520.25 tlayer:2 pbqpoffset:3.12 pbfactor:1.43 avgQpOffsetCutree:-0.90;
in:144 out:146 type:b q:24.39 q-aq:24.17 q-noVbv:24.39 q-Rceq:1.00 tex:13420 mv:16772 misc:3192 icu:3.25 pcu:1097.00 scu:459.75 tlayer:3 pbqpoffset:3.19 pbfactor:1.45 avgQpOffsetCutree:0.00;
in:154 out:147 type:k q:20.83 q-aq:15.26 q-noVbv:20.83 q-Rceq:1.00 tex:480832 mv:65441 misc:3511 icu:399.75 pcu:1134.75 scu:25.50 tlayer:0 pbqpoffset:0.41 pbfactor:1.05 avgQpOffsetCutree:-7.02;
in:150 out:148 type:B q:23.84 q-aq:20.09 q-noVbv:23.84 q-Rceq:1.00 tex:87488 mv:34901 misc:4379 icu:10.75 pcu:1294.75 scu:254.50 tlayer:1 pbqpoffset:3.08 pbfactor:1.43 avgQpOffsetCutree:-3.74;
in:148 out:149 type:B q:24.63 q-aq:23.05 q-noVbv:24.63 q-Rceq:1.00 tex:10571 mv:18076 misc:3169 icu:0.50 pcu:1171.75 scu:387.75 tlayer:2 pbqpoffset:3.90 pbfactor:1.57 avgQpOffsetCutree:-1.80;
in:147 out:150 type:b q:27.61 q-aq:28.00 q-noVbv:27.61 q-Rceq:1.00 tex:53 mv:2324 misc:639 icu:0.00 pcu:832.50 scu:727.50 tlayer:3 pbqpoffset:6.90 pbfactor:2.22 avgQpOffsetCutree:0.00;
in:149 out:151 type:b q:27.41 q-aq:27.00 q-noVbv:27.41 q-Rceq:1.00 tex:13 mv:2048 misc:931 icu:0.00 pcu:592.25 scu:967.75 tlayer:3 pbqpoffset:6.67 pbfactor:2.16 avgQpOffsetCutree:0.00;
in:152 out:152 type:B q:24.14 q-aq:22.85 q-noVbv:24.14 q-Rceq:1.00 tex:49416 mv:25635 misc:4589 icu:10.50 pcu:1132.25 scu:417.25 tlayer:2 pbqpoffset:3.34 pbfactor:1.47 avgQpOffsetCutree:-1.73;
in:151 out:153 type:b q:27.14 q-aq:27.00 q-noVbv:27.14 q-Rceq:1.00 tex:16 mv:1533 misc:387 icu:0.00 pcu:1114.00 scu:446.00 tlayer:3 pbqpoffset:6.36 pbfactor:2.08 avgQpOffsetCutree:0.00;
in:153 out:154 type:b q:26.90 q-aq:27.00 q-noVbv:26.90 q-Rceq:1.00 tex:16 mv:1683 misc:445 icu:0.00 pcu:1069.25 scu:490.75 tlayer:3 pbqpoffset:6.08 pbfactor:2.02 avgQpOffsetCutree:0.00;
in:162 out:155 type:k q:21.93 q-aq:16.54 q-noVbv:21.93 q-Rceq:1.00 tex:550994 mv:49892 misc:3538 icu:731.00 pcu:825.50 scu:3.50 tlayer:0 pbqpoffset:0.32 pbfactor:1.04 avgQpOffsetCutree:-7.14;
in:158 out:156 type:B q:24.68 q-aq:21.38 q-noVbv:24.68 q-Rceq:1.00 tex:68826 mv:31857 misc:4133 icu:33.25 pcu:1285.75 scu:241.00 tlayer:1 pbqpoffset:3.29 pbfactor:1.46 avgQpOffsetCutree:-3.44;
in:156 out:157 type:B q:25.27 q-aq:23.61 q-noVbv:25.27 q-Rceq:1.00 tex:9746 mv:16979 misc:2891 icu:9.00 pcu:1149.25 scu:401.75 tlayer:2 pbqpoffset:4.16 pbfactor:1.62 avgQpOffsetCutree:-1.77;
in:155 out:158 type:b q:27.55 q-aq:28.00 q-noVbv:27.55 q-Rceq:1.00 tex:131 mv:1891 misc:650 icu:0.00 pcu:1141.25 scu:418.75 tlayer:3 pbqpoffset:6.58 pbfactor:2.14 avgQpOffsetCutree:0.00;
in:157 out:159 type:b q:28.35 q-aq:28.00 q-noVbv:28.35 q-Rceq:1.00 tex:147 mv:2471 misc:734 icu:0.25 pcu:856.25 scu:703.50 tlayer:3 pbqpoffset:7.10 pbfactor:2.27 avgQpOffsetCutree:0.00;
in:160 out:160 type:B q:25.17 q-aq:23.79 q-noVbv:25.17 q-Rceq:1.00 tex:39935 mv:22198 misc:4467 icu:57.25 pcu:1182.75 scu:320.00 tlayer:2 pbqpoffset:3.52 pbfactor:1.50 avgQpOffsetCutree:-1.75;
in:159 out:161 type:b q:27.64 q-aq:28.12 q-noVbv:27.64 q-Rceq:1.00 tex:1052 mv:3219 misc:817 icu:10.50 pcu:819.00 scu:730.50 tlayer:3 pbqpoffset:6.12 pbfactor:2.03 avgQpOffsetCutree:0.00;
in:161 out:162 type:b q:28.21 q-aq:28.74 q-noVbv:28.21 q-Rceq:1.00 tex:1278 mv:3289 misc:865 icu:3.75 pcu:619.25 scu:937.00 tlayer:3 pbqpoffset:6.42 pbfactor:2.10 avgQpOffsetCutree:0.00;
in:168 out:163 type:k q:23.27 q-aq:17.77 q-noVbv:23.27 q-Rceq:1.00 tex:273380 mv:61481 misc:3531 icu:365.50 pcu:1156.00 scu:38.50 tlayer:0 pbqpoffset:0.31 pbfactor:1.04 avgQpOffsetCutree:-6.89;
in:165 out:164 type:B q:25.30 q-aq:22.61 q-noVbv:25.30 q-Rceq:1.00 tex:46298 mv:25515 misc:4699 icu:40.50 pcu:1133.00 scu:386.50 tlayer:1 pbqpoffset:2.70 pbfactor:1.37 avgQpOffsetCutree:-2.78;
in:164 out:165 type:B q:26.09 q-aq:25.73 q-noVbv:26.09 q-Rceq:1.00 tex:5127 mv:15686 misc:2427 icu:8.50 pcu:1248.25 scu:303.25 tlayer:2 pbqpoffset:3.71 pbfactor:1.53 avgQpOffsetCutree:-1.03;
in:163 out:166 type:b q:28.74 q-aq:29.00 q-noVbv:28.74 q-Rceq:1.00 tex:498 mv:2299 misc:843 icu:0.00 pcu:469.00 scu:1091.00 tlayer:3 pbqpoffset:6.58 pbfactor:2.14 avgQpOffsetCutree:0.00;
in:167 out:167 type:B q:26.43 q-aq:26.16 q-noVbv:26.43 q-Rceq:1.00 tex:5984 mv:11543 misc:2273 icu:5.00 pcu:1207.75 scu:347.25 tlayer:2 pbqpoffset:3.38 pbfactor:1.48 avgQpOffsetCutree:-0.99;
in:166 out:168 type:b q:27.78 q-aq:28.01 q-noVbv:27.78 q-Rceq:1.00 tex:3037 mv:8134 misc:1917 icu:2.00 pcu:1028.25 scu:529.75 tlayer:3 pbqpoffset:4.96 pbfactor:1.77 avgQpOffsetCutree:0.00;
in:176 out:169 type:k q:21.72 q-aq:16.18 q-noVbv:21.72 q-Rceq:1.00 tex:306114 mv:69257 misc:3677 icu:380.75 pcu:1139.50 scu:39.75 tlayer:0 pbqpoffset:0.40 pbfactor:1.05 avgQpOffsetCutree:-7.13;
in:172 out:170 type:B q:25.49 q-aq:21.76 q-noVbv:25.49 q-Rceq:1.00 tex:14933 mv:18880 misc:3979 icu:46.25 pcu:990.00 scu:523.75 tlayer:1 pbqpoffset:3.00 pbfactor:1.41 avgQpOffsetCutree:-3.52;
in:170 out:171 type:B q:26.56 q-aq:25.19 q-noVbv:26.56 q-Rceq:1.00 tex:7227 mv:9879 misc:2398 icu:7.75 pcu:1122.50 scu:429.75 tlayer:2 pbqpoffset:3.68 pbfactor:1.53 avgQpOffsetCutree:-1.71;
in:169 out:172 type:b q:29.18 q-aq:29.04 q-noVbv:29.18 q-Rceq:1.00 tex:962 mv:2961 misc:813 icu:2.25 pcu:794.00 scu:763.75 tlayer:3 pbqpoffset:6.11 pbfactor:2.02 avgQpOffsetCutree:0.00;
in:171 out:173 type:b q:29.01 q-aq:29.00 q-noVbv:29.01 q-Rceq:1.00 tex:252 mv:3143 misc:725 icu:0.75 pcu:1152.50 scu:406.75 tlayer:3 pbqpoffset:6.33 pbfactor:2.08 avgQpOffsetCutree:0.00;
in:174 out:174 type:B q:26.00 q-aq:24.32 q-noVbv:26.00 q-Rceq:1.00 tex:4551 mv:8683 misc:2246 icu:4.50 pcu:1049.50 scu:506.00 tlayer:2 pbqpoffset:3.90 pbfactor:1.57 avgQpOffsetCutree:-1.80;
in:173 out:175 type:b q:28.43 q-aq:28.87 q-noVbv:28.43 q-Rceq:1.00 tex:401 mv:2705 misc:814 icu:2.25 pcu:1038.75 scu:519.00 tlayer:3 pbqpoffset:6.13 pbfactor:2.03 avgQpOffsetCutree:0.00;
in:175 out:176 type:b q:28.79 q-aq:29.00 q-noVbv:28.79 q-Rceq:1.00 tex:476 mv:2255 misc:669 icu:0.50 pcu:647.25 scu:912.25 tlayer:3 pbqpoffset:6.88 pbfactor:2.21 avgQpOffsetCutree:0.00;
in:184 out:177 type:k q:21.11 q-aq:15.63 q-noVbv:21.11 q-Rceq:1.00 tex:288345 mv:61032 misc:3783 icu:386.00 pcu:1138.75 scu:35.25 tlayer:0 pbqpoffset:0.65 pbfactor:1.08 avgQpOffsetCutree:-6.92;
in:180 out:178 type:B q:24.66 q-aq:20.82 q-noVbv:24.66 q-Rceq:1.00 tex:18976 mv:18857 misc:4135 icu:7.25 pcu:1112.75 scu:440.00 tlayer:1 pbqpoffset:3.25 pbfactor:1.46 avgQpOffsetCutree:-3.63;
in:178 out:179 type:B q:25.68 q-aq:24.11 q-noVbv:25.68 q-Rceq:1.00 tex:2317 mv:8453 misc:1934 icu:0.50 pcu:1140.25 scu:419.25 tlayer:2 pbqpoffset:4.11 pbfactor:1.61 avgQpOffsetCutree:-1.83;
in:177 out:180 type:b q:28.56 q-aq:29.00 q-noVbv:28.56 q-Rceq:1.00 tex:186 mv:1955 misc:659 icu:0.00 pcu:686.50 scu:873.50 tlayer:3 pbqpoffset:6.92 pbfactor:2.22 avgQpOffsetCutree:0.00;
in:179 out:181 type:b q:28.12 q-aq:28.00 q-noVbv:28.12 q-Rceq:1.00 tex:17 mv:1760 misc:543 icu:0.00 pcu:939.50 scu:620.50 tlayer:3 pbqpoffset:6.63 pbfactor:2.15 avgQpOffsetCutree:0.00;
in:182 out:182 type:B q:25.38 q-aq:23.70 q-noVbv:25.38 q-Rceq:1.00 tex:2599 mv:6470 misc:2011 icu:2.25 pcu:897.25 scu:660.50 tlayer:2 pbqpoffset:4.12 pbfactor:1.61 avgQpOffsetCutree:-1.74;
in:181 out:183 type:b q:27.85 q-aq:28.00 q-noVbv:27.85 q-Rceq:1.00 tex:247 mv:2125 misc:780 icu:0.25 pcu:440.50 scu:1119.25 tlayer:3 pbqpoffset:6.51 pbfactor:2.12 avgQpOffsetCutree:0.00;
in:183 out:184 type:b q:26.97 q-aq:27.00 q-noVbv:26.97 q-Rceq:1.00 tex:381 mv:1967 misc:684 icu:0.00 pcu:939.50 scu:620.50 tlayer:3 pbqpoffset:5.78 pbfactor:1.95 avgQpOffsetCutree:0.00;
in:188 out:185 type:k q:22.18 q-aq:16.62 q-noVbv:22.18 q-Rceq:1.00 tex:439144 mv:44202 misc:3654 icu:302.25 pcu:1227.50 scu:30.25 tlayer:0 pbqpoffset:0.65 pbfactor:1.08 avgQpOffsetCutree:-6.79;
in:186 out:186 type:B q:24.21 q-aq:22.73 q-noVbv:24.21 q-Rceq:1.00 tex:4445 mv:8656 misc:2203 icu:2.50 pcu:1116.00 scu:441.50 tlayer:1 pbqpoffset:2.57 pbfactor:1.35 avgQpOffsetCutree:-1.83;
in:185 out:187 type:b q:25.99 q-aq:26.00 q-noVbv:25.99 q-Rceq:1.00 tex:451 mv:2296 misc:901 icu:0.25 pcu:417.75 scu:1142.00 tlayer:2 pbqpoffset:4.61 pbfactor:1.70 avgQpOffsetCutree:0.00;
in:187 out:188 type:b q:26.71 q-aq:27.00 q-noVbv:26.71 q-Rceq:1.00 tex:213 mv:2149 misc:774 icu:0.25 pcu:440.75 scu:1119.00 tlayer:2 pbqpoffset:4.79 pbfactor:1.74 avgQpOffsetCutree:0.00;
in:192 out:189 type:k q:22.85 q-aq:17.04 q-noVbv:22.85 q-Rceq:1.00 tex:438881 mv:42176 misc:3823 icu:555.25 pcu:973.00 scu:31.75 tlayer:0 pbqpoffset:0.87 pbfactor:1.11 avgQpOffsetCutree:-7.00;
in:190 out:190 type:B q:24.93 q-aq:23.22 q-noVbv:24.93 q-Rceq:1.00 tex:6560 mv:8773 misc:1955 icu:7.00 pcu:1132.50 scu:420.50 tlayer:1 pbqpoffset:2.41 pbfactor:1.32 avgQpOffsetCutree:-1.78;
in:189 out:191 type:b q:26.23 q-aq:26.00 q-noVbv:26.23 q-Rceq:1.00 tex:111 mv:2330 misc:727 icu:0.00 pcu:731.50 scu:828.50 tlayer:2 pbqpoffset:3.88 pbfactor:1.57 avgQpOffsetCutree:0.00;
in:191 out:192 type:b q:27.28 q-aq:27.14 q-noVbv:27.28 q-Rceq:1.00 tex:442 mv:2083 misc:811 icu:1.00 pcu:348.50 scu:1210.50 tlayer:2 pbqpoffset:4.59 pbfactor:1.70 avgQpOffsetCutree:0.00;
in:200 out:193 type:k q:21.08 q-aq:15.21 q-noVbv:21.08 q-Rceq:1.00 tex:328981 mv:63100 misc:4047 icu:366.00 pcu:1165.75 scu:28.25 tlayer:0 pbqpoffset:0.46 pbfactor:1.06 avgQpOffsetCutree:-7.15;
in:196 out:194 type:B q:24.67 q-aq:20.79 q-noVbv:24.67 q-Rceq:1.00 tex:16420 mv:15332 misc:4144 icu:23.50 pcu:785.25 scu:751.25 tlayer:1 pbqpoffset:2.70 pbfactor:1.37 avgQpOffsetCutree:-3.58;
in:194 out:195 type:B q:25.64 q-aq:24.35 q-noVbv:25.64 q-Rceq:1.00 tex:4705 mv:8621 misc:1994 icu:11.50 pcu:1065.25 scu:483.25 tlayer:2 pbqpoffset:3.24 pbfactor:1.45 avgQpOffsetCutree:-1.83;
in:193 out:196 type:b q:28.23 q-aq:28.10 q-noVbv:28.23 q-Rceq:1.00 tex:615 mv:2512 misc:849 icu:1.75 pcu:471.50 scu:1086.75 tlayer:3 pbqpoffset:5.60 pbfactor:1.91 avgQpOffsetCutree:0.00;
in:195 out:197 type:b q:27.90 q-aq:28.00 q-noVbv:27.90 q-Rceq:1.00 tex:282 mv:2376 misc:966 icu:0.75 pcu:514.25 scu:1045.00 tlayer:3 pbqpoffset:5.72 pbfactor:1.94 avgQpOffsetCutree:0.00;
in:198 out:198 type:B q:24.90 q-aq:23.21 q-noVbv:24.90 q-Rceq:1.00 tex:7711 mv:7896 misc:2793 icu:8.50 pcu:747.25 scu:804.25 tlayer:2 pbqpoffset:3.38 pbfactor:1.48 avgQpOffsetCutree:-1.82;
in:197 out:199 type:b q:27.47 q-aq:27.86 q-noVbv:27.47 q-Rceq:1.00 tex:321 mv:2427 misc:972 icu:1.25 pcu:516.75 scu:1042.00 tlayer:3 pbqpoffset:5.73 pbfactor:1.94 avgQpOffsetCutree:0.00;
in:199 out:200 type:b q:26.77 q-aq:27.00 q-noVbv:26.77 q-Rceq:1.00 tex:479 mv:2328 misc:921 icu:0.50 pcu:508.00 scu:1051.50 tlayer:3 pbqpoffset:5.47 pbfactor:1.88 avgQpOffsetCutree:0.00;
in:208 out:201 type:k q:20.75 q-aq:15.54 q-noVbv:20.75 q-Rceq:1.00 tex:297983 mv:64194 misc:4063 icu:449.50 pcu:1076.50 scu:34.00 tlayer:0 pbqpoffset:0.60 pbfactor:1.07 avgQpOffsetCutree:-6.74;
in:204 out:202 type:B q:23.71 q-aq:20.03 q-noVbv:23.71 q-Rceq:1.00 tex:31156 mv:20097 misc:4707 icu:44.75 pcu:998.75 scu:516.50 tlayer:1 pbqpoffset:2.80 pbfactor:1.38 avgQpOffsetCutree:-3.56;
in:202 out:203 type:B q:24.74 q-aq:23.27 q-noVbv:24.74 q-Rceq:1.00 tex:5252 mv:8359 misc:2285 icu:8.00 pcu:1171.50 scu:380.50 tlayer:2 pbqpoffset:3.75 pbfactor:1.54 avgQpOffsetCutree:-1.81;
in:201 out:204 type:b q:27.16 q-aq:27.12 q-noVbv:27.16 q-Rceq:1.00 tex:632 mv:2544 misc:1000 icu:0.50 pcu:507.50 scu:1052.00 tlayer:3 pbqpoffset:6.13 pbfactor:2.03 avgQpOffsetCutree:0.00;
in:203 out:205 type:b q:26.79 q-aq:27.00 q-noVbv:26.79 q-Rceq:1.00 tex:353 mv:2701 misc:930 icu:0.25 pcu:766.75 scu:793.00 tlayer:3 pbqpoffset:5.83 pbfactor:1.96 avgQpOffsetCutree:0.00;
in:206 out:206 type:B q:24.48 q-aq:23.13 q-noVbv:24.48 q-Rceq:1.00 tex:7289 mv:9845 misc:2514 icu:16.25 pcu:1069.75 scu:474.00 tlayer:2 pbqpoffset:3.66 pbfactor:1.53 avgQpOffsetCutree:-1.80;
in:205 out:207 type:b q:27.39 q-aq:27.18 q-noVbv:27.39 q-Rceq:1.00 tex:908 mv:2677 misc:943 icu:2.00 pcu:449.50 scu:1108.50 tlayer:3 pbqpoffset:6.52 pbfactor:2.12 avgQpOffsetCutree:0.00;
in:207 out:208 type:b q:26.73 q-aq:27.00 q-noVbv:26.73 q-Rceq:1.00 tex:606 mv:2715 misc:799 icu:0.00 pcu:979.75 scu:580.25 tlayer:3 pbqpoffset:5.94 pbfactor:1.99 avgQpOffsetCutree:0.00;
in:216 out:209 type:k q:20.36 q-aq:15.63 q-noVbv:20.36 q-Rceq:1.00 tex:325808 mv:61334 misc:4122 icu:547.25 pcu:979.50 scu:33.25 tlayer:0 pbqpoffset:0.90 pbfactor:1.11 avgQpOffsetCutree:-6.41;
in:212 out:210 type:B q:23.21 q-aq:20.00 q-noVbv:23.21 q-Rceq:1.00 tex:51081 mv:20637 misc:3914 icu:74.00 pcu:1162.75 scu:323.25 tlayer:1 pbqpoffset:2.65 pbfactor:1.36 avgQpOffsetCutree:-3.50;
in:210 out:211 type:B q:24.77 q-aq:23.38 q-noVbv:24.77 q-Rceq:1.00 tex:7193 mv:7652 misc:2483 icu:21.00 pcu:722.75 scu:816.25 tlayer:2 pbqpoffset:4.12 pbfactor:1.61 avgQpOffsetCutree:-1.73;
in:209 out:212 type:b q:27.45 q-aq:28.00 q-noVbv:27.45 q-Rceq:1.00 tex:666 mv:2543 misc:1127 icu:0.50 pcu:440.00 scu:1119.50 tlayer:3 pbqpoffset:6.75 pbfactor:2.18 avgQpOffsetCutree:0.00;
in:211 out:213 type:b q:26.52 q-aq:27.00 q-noVbv:26.52 q-Rceq:1.00 tex:872 mv:3243 misc:1093 icu:1.50 pcu:881.00 scu:677.50 tlayer:3 pbqpoffset:5.92 pbfactor:1.98 avgQpOffsetCutree:0.00;
in:214 out:214 type:B q:24.52 q-aq:23.32 q-noVbv:24.52 q-Rceq:1.00 tex:9603 mv:9948 misc:2929 icu:15.75 pcu:992.25 scu:552.00 tlayer:2 pbqpoffset:4.06 pbfactor:1.60 avgQpOffsetCutree:-1.76;
in:213 out:215 type:b q:27.61 q-aq:28.00 q-noVbv:27.61 q-Rceq:1.00 tex:995 mv:2589 misc:840 icu:2.25 pcu:677.25 scu:880.50 tlayer:3 pbqpoffset:7.11 pbfactor:2.27 avgQpOffsetCutree:0.00;
in:215 out:216 type:b q:27.44 q-aq:27.53 q-noVbv:27.44 q-Rceq:1.00 tex:834 mv:2367 misc:999 icu:3.75 pcu:328.00 scu:1228.25 tlayer:3 pbqpoffset:7.03 pbfactor:2.25 avgQpOffsetCutree:0.00;
in:220 out:217 type:k q:22.25 q-aq:17.47 q-noVbv:22.25 q-Rceq:1.00 tex:419103 mv:47676 misc:3981 icu:407.75 pcu:1137.50 scu:14.75 tlayer:0 pbqpoffset:1.16 pbfactor:1.14 avgQpOffsetCutree:-6.29;
in:218 out:218 type:B q:24.14 q-aq:23.00 q-noVbv:24.14 q-Rceq:1.00 tex:11104 mv:11099 misc:2893 icu:12.75 pcu:964.25 scu:583.00 tlayer:1 pbqpoffset:2.84 pbfactor:1.39 avgQpOffsetCutree:-1.72;
in:217 out:219 type:b q:25.66 q-aq:26.00 q-noVbv:25.66 q-Rceq:1.00 tex:1154 mv:3273 misc:1237 icu:2.00 pcu:509.50 scu:1048.50 tlayer:2 pbqpoffset:4.82 pbfactor:1.75 avgQpOffsetCutree:0.00;
in:219 out:220 type:b q:26.53 q-aq:27.00 q-noVbv:26.53 q-Rceq:1.00 tex:1097 mv:3401 misc:1254 icu:0.75 pcu:612.25 scu:947.00 tlayer:2 pbqpoffset:4.75 pbfactor:1.73 avgQpOffsetCutree:0.00;
in:224 out:221 type:k q:22.72 q-aq:17.62 q-noVbv:22.72 q-Rceq:1.00 tex:428340 mv:47731 misc:3801 icu:694.50 pcu:820.50 scu:45.00 tlayer:0 pbqpoffset:1.16 pbfactor:1.14 avgQpOffsetCutree:-6.41;
in:222 out:222 type:B q:25.02 q-aq:23.92 q-noVbv:25.02 q-Rceq:1.00 tex:8431 mv:10221 misc:2236 icu:6.25 pcu:1136.50 scu:417.25 tlayer:1 pbqpoffset:2.54 pbfactor:1.34 avgQpOffsetCutree:-1.78;
in:221 out:223 type:b q:27.47 q-aq:27.69 q-noVbv:27.47 q-Rceq:1.00 tex:748 mv:2877 misc:1143 icu:0.00 pcu:446.25 scu:1113.75 tlayer:2 pbqpoffset:5.10 pbfactor:1.80 avgQpOffsetCutree:0.00;
in:223 out:224 type:b q:26.88 q-aq:27.00 q-noVbv:26.88 q-Rceq:1.00 tex:1058 mv:2464 misc:1110 icu:0.50 pcu:305.00 scu:1254.50 tlayer:2 pbqpoffset:4.28 pbfactor:1.64 avgQpOffsetCutree:0.00;
in:232 out:225 type:k q:20.79 q-aq:15.90 q-noVbv:20.79 q-Rceq:1.00 tex:299324 mv:54349 misc:3935 icu:500.50 pcu:1027.75 scu:31.75 tlayer:0 pbqpoffset:1.11 pbfactor:1.14 avgQpOffsetCutree:-6.36;
in:228 out:226 type:B q:24.20 q-aq:20.90 q-noVbv:24.20 q-Rceq:1.00 tex:27848 mv:19709 misc:4203 icu:23.75 pcu:1013.50 scu:522.75 tlayer:1 pbqpoffset:2.44 pbfactor:1.33 avgQpOffsetCutree:-3.43;
in:226 out:227 type:B q:25.62 q-aq:24.42 q-noVbv:25.62 q-Rceq:1.00 tex:7635 mv:8966 misc:2503 icu:7.00 pcu:813.50 scu:739.50 tlayer:2 pbqpoffset:3.38 pbfactor:1.48 avgQpOffsetCutree:-1.78;
in:225 out:228 type:b q:28.04 q-aq:28.00 q-noVbv:28.04 q-Rceq:1.00 tex:1241 mv:2659 misc:1140 icu:0.50 pcu:222.50 scu:1337.00 tlayer:3 pbqpoffset:5.56 pbfactor:1.90 avgQpOffsetCutree:0.00;
in:227 out:229 type:b q:27.65 q-aq:28.00 q-noVbv:27.65 q-Rceq:1.00 tex:1096 mv:3002 misc:1342 icu:0.50 pcu:317.25 scu:1242.25 tlayer:3 pbqpoffset:5.65 pbfactor:1.92 avgQpOffsetCutree:0.00;
in:230 out:230 type:B q:24.68 q-aq:23.54 q-noVbv:24.68 q-Rceq:1.00 tex:6826 mv:10050 misc:2556 icu:5.25 pcu:962.25 scu:592.50 tlayer:2 pbqpoffset:3.41 pbfactor:1.48 avgQpOffsetCutree:-1.72;
in:229 out:231 type:b q:27.14 q-aq:27.36 q-noVbv:27.14 q-Rceq:1.00 tex:1480 mv:2819 misc:957 icu:1.00 pcu:694.25 scu:864.75 tlayer:3 pbqpoffset:5.63 pbfactor:1.92 avgQpOffsetCutree:0.00;
in:231 out:232 type:b q:26.88 q-aq:27.24 q-noVbv:26.88 q-Rceq:1.00 tex:1034 mv:2538 misc:1164 icu:0.25 pcu:305.25 scu:1254.50 tlayer:3 pbqpoffset:5.85 pbfactor:1.97 avgQpOffsetCutree:0.00;
in:236 out:233 type:k q:20.97 q-aq:16.15 q-noVbv:20.97 q-Rceq:1.00 tex:339921 mv:52973 misc:3786 icu:256.75 pcu:1252.00 scu:51.25 tlayer:0 pbqpoffset:1.07 pbfactor:1.13 avgQpOffsetCutree:-5.86;
in:234 out:234 type:B q:22.88 q-aq:21.84 q-noVbv:22.88 q-Rceq:1.00 tex:8040 mv:9649 misc:2439 icu:3.00 pcu:1044.25 scu:512.75 tlayer:1 pbqpoffset:2.01 pbfactor:1.26 avgQpOffsetCutree:-1.72;
in:233 out:235 type:b q:23.96 q-aq:24.04 q-noVbv:23.96 q-Rceq:1.00 tex:1386 mv:2737 misc:1477 icu:0.00 pcu:513.00 scu:1047.00 tlayer:2 pbqpoffset:3.13 pbfactor:1.44 avgQpOffsetCutree:0.00;
in:235 out:236 type:b q:24.46 q-aq:24.68 q-noVbv:24.46 q-Rceq:1.00 tex:846 mv:2456 misc:938 icu:0.25 pcu:665.75 scu:894.00 tlayer:2 pbqpoffset:3.53 pbfactor:1.50 avgQpOffsetCutree:0.00;
in:249 out:237 type:k q:21.70 q-aq:18.85 q-noVbv:21.70 q-Rceq:1.00 tex:350994 mv:61809 misc:3261 icu:591.00 pcu:951.25 scu:17.75 tlayer:0 pbqpoffset:1.12 pbfactor:1.14 avgQpOffsetCutree:-4.64;
in:243 out:238 type:B q:24.21 q-aq:20.15 q-noVbv:24.21 q-Rceq:1.00 tex:148492 mv:39088 misc:4588 icu:151.00 pcu:1268.50 scu:140.50 tlayer:1 pbqpoffset:2.85 pbfactor:1.39 avgQpOffsetCutree:-4.21;
in:240 out:239 type:B q:24.13 q-aq:21.28 q-noVbv:24.13 q-Rceq:1.00 tex:88903 mv:50694 misc:4779 icu:145.25 pcu:1224.50 scu:190.25 tlayer:2 pbqpoffset:2.94 pbfactor:1.40 avgQpOffsetCutree:-3.15;
in:238 out:240 type:B q:25.00 q-aq:23.87 q-noVbv:25.00 q-Rceq:1.00 tex:3895 mv:8529 misc:2248 icu:2.50 pcu:1016.25 scu:541.25 tlayer:3 pbqpoffset:3.92 pbfactor:1.57 avgQpOffsetCutree:-1.72;
in:237 out:241 type:b q:27.94 q-aq:28.00 q-noVbv:27.94 q-Rceq:1.00 tex:193 mv:2302 misc:769 icu:0.00 pcu:765.75 scu:794.25 tlayer:4 pbqpoffset:6.92 pbfactor:2.22 avgQpOffsetCutree:0.00;
in:239 out:242 type:b q:28.05 q-aq:28.32 q-noVbv:28.05 q-Rceq:1.00 tex:491 mv:2145 misc:764 icu:0.00 pcu:817.50 scu:742.50 tlayer:4 pbqpoffset:6.92 pbfactor:2.22 avgQpOffsetCutree:0.00;
in:242 out:243 type:B q:25.22 q-aq:25.23 q-noVbv:25.22 q-Rceq:1.00 tex:11255 mv:12925 misc:3060 icu:7.75 pcu:1150.00 scu:402.25 tlayer:3 pbqpoffset:3.92 pbfactor:1.57 avgQpOffsetCutree:-0.91;
in:241 out:244 type:b q:27.48 q-aq:27.96 q-noVbv:27.48 q-Rceq:1.00 tex:1087 mv:3108 misc:1261 icu:0.50 pcu:906.00 scu:653.50 tlayer:4 pbqpoffset:6.23 pbfactor:2.05 avgQpOffsetCutree:0.00;
in:246 out:245 type:B q:25.45 q-aq:22.70 q-noVbv:25.45 q-Rceq:1.00 tex:30502 mv:14962 misc:3280 icu:15.50 pcu:1094.75 scu:449.75 tlayer:2 pbqpoffset:3.92 pbfactor:1.57 avgQpOffsetCutree:-2.79;
in:245 out:246 type:B q:25.39 q-aq:24.83 q-noVbv:25.39 q-Rceq:1.00 tex:12720 mv:11458 misc:2950 icu:2.25 pcu:1066.25 scu:491.50 tlayer:3 pbqpoffset:3.92 pbfactor:1.57 avgQpOffsetCutree:-1.15;
in:244 out:247 type:b q:26.87 q-aq:27.00 q-noVbv:26.87 q-Rceq:1.00 tex:7118 mv:9507 misc:1679 icu:6.75 pcu:1212.00 scu:341.25 tlayer:4 pbqpoffset:5.45 pbfactor:1.88 avgQpOffsetCutree:0.00;
in:248 out:248 type:B q:25.56 q-aq:25.14 q-noVbv:25.56 q-Rceq:1.00 tex:9761 mv:6525 misc:2018 icu:12.50 pcu:784.00 scu:763.50 tlayer:3 pbqpoffset:3.92 pbfactor:1.57 avgQpOffsetCutree:-1.16;
in:247 out:249 type:b q:28.48 q-aq:28.80 q-noVbv:28.48 q-Rceq:1.00 tex:1467 mv:2904 misc:965 icu:1.25 pcu:501.50 scu:1057.25 tlayer:4 pbqpoffset:6.90 pbfactor:2.22 avgQpOffsetCutree:0.00;
