#options: cpuid=1173503 frame-threads=1 no-wpp no-pmode no-pme psnr no-ssim log-level=2 bitdepth=8 input-csp=1 fps=50000/1000 input-res=768x432 interlace=0 total-frames=500 level-idc=0 high-tier=1 uhd-bd=0 ref=4 no-allow-non-conformance no-repeat-headers annexb no-aud no-hrd info hash=0 no-temporal-layers open-gop min-keyint=1 keyint=5000 bframes=15 b-adapt=2 b-pyramid bframe-bias=0 rc-lookahead=40 lookahead-slices=0 scenecut=40 no-intra-refresh ctu=64 min-cu-size=8 rect amp max-tu-size=32 tu-inter-depth=3 tu-intra-depth=3 limit-tu=4 rdoq-level=2 dynamic-rd=0.00 no-ssim-rd signhide no-tskip nr-intra=0 nr-inter=0 no-constrained-intra strong-intra-smoothing max-merge=4 limit-refs=1 limit-modes me=3 subme=4 merange=57 temporal-mvp weightp weightb no-analyze-src-pics deblock=0:0 sao no-sao-non-deblock rd=6 no-early-skip rskip no-fast-intra no-tskip-fast no-cu-lossless b-intra rdpenalty=0 psy-rd=0.00 psy-rdoq=0.00 no-rd-refine analysis-reuse-mode=0 no-lossless cbqpoffs=0 crqpoffs=0 rc=abr bitrate=2000 qcomp=0.60 qpstep=4 stats-write=1 stats-read=0 slow-firstpass ipratio=1.40 pbratio=1.30 aq-mode=1 aq-strength=0.00 cutree zone-count=0 no-strict-cbr qg-size=64 no-rc-grain qpmax=69 qpmin=0 no-const-vbv sar=0 overscan=0 videoformat=5 range=0 colorprim=2 transfer=2 colormatrix=2 chromaloc=0 display-window=0 max-cll=0,0 min-luma=0 max-luma=255 log2-max-poc-lsb=8 vui-timing-info vui-hrd-info slices=1 opt-qp-pps opt-ref-list-length-pps no-multi-pass-opt-rps scenecut-bias=0.05 no-opt-cu-delta-qp no-aq-motion no-hdr no-hdr-opt no-dhdr10-opt analysis-reuse-level=5 scale-factor=0 refine-intra=0 refine-inter=0 refine-mv=0 no-limit-sao ctu-info=0 max-tlayer=4
in:0 out:0 type:I q:22.40 q-aq:19.47 q-noVbv:22.40 q-Rceq:1.32 tex:874 mv:672 misc:438 icu:1296.00 pcu:0.00 scu:0.00 tlayer:0 pbqpoffset:0.00 pbfactor:1.00 avgQpOffsetCutree:-2.28;
in:1 out:1 type:k q:25.31 q-aq:25.00 q-noVbv:25.31 q-Rceq:1.32 tex:0 mv:7 misc:137 icu:0.00 pcu:0.00 scu:1296.00 tlayer:0 pbqpoffset:0.00 pbfactor:1.00 avgQpOffsetCutree:-1.30;
in:2 out:2 type:i q:34.37 q-aq:25.06 q-noVbv:34.37 q-Rceq:1.32 tex:330340 mv:46607 misc:1981 icu:1296.00 pcu:0.00 scu:0.00 tlayer:0 pbqpoffset:0.00 pbfactor:1.00 avgQpOffsetCutree:-8.72;
in:18 out:3 type:k q:33.28 q-aq:22.87 q-noVbv:33.28 q-Rceq:1.32 tex:363626 mv:24941 misc:2537 icu:366.75 pcu:921.00 scu:8.25 tlayer:0 pbqpoffset:0.00 pbfactor:1.00 avgQpOffsetCutree:-8.27;
in:10 out:4 type:B q:37.64 q-aq:30.59 q-noVbv:37.64 q-Rceq:1.32 tex:7391 mv:3032 misc:1897 icu:6.75 pcu:500.50 scu:788.75 tlayer:1 pbqpoffset:4.36 pbfactor:1.65 avgQpOffsetCutree:-5.65;
in:6 out:5 type:B q:37.64 q-aq:34.44 q-noVbv:37.64 q-Rceq:1.32 tex:58 mv:1759 misc:559 icu:0.00 pcu:563.00 scu:733.00 tlayer:2 pbqpoffset:4.36 pbfactor:1.65 avgQpOffsetCutree:-3.43;
in:4 out:6 type:B q:37.64 q-aq:38.00 q-noVbv:37.64 q-Rceq:1.32 tex:8 mv:283 misc:293 icu:0.00 pcu:129.00 scu:1167.00 tlayer:3 pbqpoffset:4.36 pbfactor:1.65 avgQpOffsetCutree:-1.44;
in:3 out:7 type:b q:40.32 q-aq:40.00 q-noVbv:40.32 q-Rceq:1.32 tex:1 mv:35 misc:172 icu:0.00 pcu:20.00 scu:1276.00 tlayer:4 pbqpoffset:7.03 pbfactor:2.25 avgQpOffsetCutree:0.00;
in:5 out:8 type:b q:40.32 q-aq:40.00 q-noVbv:40.32 q-Rceq:1.32 tex:0 mv:129 misc:199 icu:0.00 pcu:113.00 scu:1183.00 tlayer:4 pbqpoffset:7.03 pbfactor:2.25 avgQpOffsetCutree:0.00;
in:8 out:9 type:B q:37.64 q-aq:38.00 q-noVbv:37.64 q-Rceq:1.32 tex:2 mv:294 misc:272 icu:0.00 pcu:128.00 scu:1168.00 tlayer:3 pbqpoffset:4.36 pbfactor:1.65 avgQpOffsetCutree:-1.92;
in:7 out:10 type:b q:40.32 q-aq:40.00 q-noVbv:40.32 q-Rceq:1.32 tex:0 mv:90 misc:182 icu:0.00 pcu:52.00 scu:1244.00 tlayer:4 pbqpoffset:7.03 pbfactor:2.25 avgQpOffsetCutree:0.00;
in:9 out:11 type:b q:40.32 q-aq:40.00 q-noVbv:40.32 q-Rceq:1.32 tex:0 mv:8 misc:168 icu:0.00 pcu:0.00 scu:1296.00 tlayer:4 pbqpoffset:7.03 pbfactor:2.25 avgQpOffsetCutree:0.00;
in:14 out:12 type:B q:36.60 q-aq:31.74 q-noVbv:36.60 q-Rceq:1.32 tex:205 mv:2543 misc:1004 icu:0.00 pcu:676.00 scu:620.00 tlayer:2 pbqpoffset:3.32 pbfactor:1.47 avgQpOffsetCutree:-3.28;
in:12 out:13 type:B q:37.64 q-aq:38.00 q-noVbv:37.64 q-Rceq:1.32 tex:4 mv:1321 misc:507 icu:0.00 pcu:425.00 scu:871.00 tlayer:3 pbqpoffset:4.36 pbfactor:1.65 avgQpOffsetCutree:-2.56;
in:11 out:14 type:b q:40.32 q-aq:40.00 q-noVbv:40.32 q-Rceq:1.32 tex:0 mv:124 misc:180 icu:0.00 pcu:32.00 scu:1264.00 tlayer:4 pbqpoffset:7.03 pbfactor:2.25 avgQpOffsetCutree:0.00;
in:13 out:15 type:b q:40.32 q-aq:40.00 q-noVbv:40.32 q-Rceq:1.32 tex:0 mv:67 misc:181 icu:0.00 pcu:36.00 scu:1260.00 tlayer:4 pbqpoffset:7.03 pbfactor:2.25 avgQpOffsetCutree:0.00;
in:16 out:16 type:B q:37.64 q-aq:38.00 q-noVbv:37.64 q-Rceq:1.32 tex:2 mv:191 misc:231 icu:0.00 pcu:69.00 scu:1227.00 tlayer:3 pbqpoffset:4.36 pbfactor:1.65 avgQpOffsetCutree:-1.80;
in:15 out:17 type:b q:39.57 q-aq:40.00 q-noVbv:39.57 q-Rceq:1.32 tex:1 mv:484 misc:355 icu:0.00 pcu:209.00 scu:1087.00 tlayer:4 pbqpoffset:6.29 pbfactor:2.07 avgQpOffsetCutree:0.00;
in:17 out:18 type:b q:40.32 q-aq:40.00 q-noVbv:40.32 q-Rceq:1.32 tex:0 mv:22 misc:162 icu:0.00 pcu:16.00 scu:1280.00 tlayer:4 pbqpoffset:7.03 pbfactor:2.25 avgQpOffsetCutree:0.00;
in:34 out:19 type:k q:30.27 q-aq:21.73 q-noVbv:30.27 q-Rceq:1.32 tex:388810 mv:30623 misc:2959 icu:455.50 pcu:832.25 scu:8.25 tlayer:0 pbqpoffset:0.00 pbfactor:1.00 avgQpOffsetCutree:-7.82;
in:26 out:20 type:B q:31.79 q-aq:23.93 q-noVbv:31.79 q-Rceq:1.32 tex:132424 mv:18935 misc:3441 icu:29.75 pcu:1076.00 scu:190.25 tlayer:1 pbqpoffset:1.51 pbfactor:1.19 avgQpOffsetCutree:-6.07;
in:22 out:21 type:B q:33.15 q-aq:28.69 q-noVbv:33.15 q-Rceq:1.32 tex:6464 mv:5283 misc:1773 icu:0.00 pcu:830.25 scu:465.75 tlayer:2 pbqpoffset:2.88 pbfactor:1.39 avgQpOffsetCutree:-3.59;
in:20 out:22 type:B q:33.65 q-aq:32.23 q-noVbv:33.65 q-Rceq:1.32 tex:53 mv:2034 misc:785 icu:0.00 pcu:654.00 scu:642.00 tlayer:3 pbqpoffset:3.38 pbfactor:1.48 avgQpOffsetCutree:-1.66;
in:19 out:23 type:b q:36.33 q-aq:36.00 q-noVbv:36.33 q-Rceq:1.32 tex:4 mv:555 misc:417 icu:0.00 pcu:202.00 scu:1094.00 tlayer:4 pbqpoffset:6.06 pbfactor:2.01 avgQpOffsetCutree:0.00;
in:21 out:24 type:b q:36.33 q-aq:36.00 q-noVbv:36.33 q-Rceq:1.32 tex:8 mv:416 misc:360 icu:0.00 pcu:222.00 scu:1074.00 tlayer:4 pbqpoffset:6.06 pbfactor:2.01 avgQpOffsetCutree:0.00;
in:24 out:25 type:B q:33.65 q-aq:31.79 q-noVbv:33.65 q-Rceq:1.32 tex:447 mv:2986 misc:655 icu:0.00 pcu:847.75 scu:448.25 tlayer:3 pbqpoffset:3.38 pbfactor:1.48 avgQpOffsetCutree:-1.71;
in:23 out:26 type:b q:36.65 q-aq:37.00 q-noVbv:36.65 q-Rceq:1.32 tex:4 mv:892 misc:440 icu:0.00 pcu:297.00 scu:999.00 tlayer:4 pbqpoffset:6.38 pbfactor:2.09 avgQpOffsetCutree:0.00;
in:25 out:27 type:b q:36.33 q-aq:36.00 q-noVbv:36.33 q-Rceq:1.32 tex:9 mv:1419 misc:500 icu:4.00 pcu:487.00 scu:805.00 tlayer:4 pbqpoffset:6.06 pbfactor:2.01 avgQpOffsetCutree:0.00;
in:30 out:28 type:B q:33.65 q-aq:31.64 q-noVbv:33.65 q-Rceq:1.32 tex:690 mv:771 misc:827 icu:0.00 pcu:305.50 scu:990.50 tlayer:2 pbqpoffset:3.38 pbfactor:1.48 avgQpOffsetCutree:-2.06;
in:28 out:29 type:B q:33.65 q-aq:34.00 q-noVbv:33.65 q-Rceq:1.32 tex:5 mv:462 misc:381 icu:0.00 pcu:204.00 scu:1092.00 tlayer:3 pbqpoffset:3.38 pbfactor:1.48 avgQpOffsetCutree:-2.05;
in:27 out:30 type:b q:36.33 q-aq:36.00 q-noVbv:36.33 q-Rceq:1.32 tex:2 mv:47 misc:183 icu:0.00 pcu:48.00 scu:1248.00 tlayer:4 pbqpoffset:6.06 pbfactor:2.01 avgQpOffsetCutree:0.00;
in:29 out:31 type:b q:36.33 q-aq:36.00 q-noVbv:36.33 q-Rceq:1.32 tex:1 mv:54 misc:185 icu:0.00 pcu:64.00 scu:1232.00 tlayer:4 pbqpoffset:6.06 pbfactor:2.01 avgQpOffsetCutree:0.00;
in:32 out:32 type:B q:32.46 q-aq:32.93 q-noVbv:32.46 q-Rceq:1.32 tex:40 mv:370 misc:366 icu:0.00 pcu:115.25 scu:1180.75 tlayer:3 pbqpoffset:2.19 pbfactor:1.29 avgQpOffsetCutree:-0.52;
in:31 out:33 type:b q:36.65 q-aq:37.00 q-noVbv:36.65 q-Rceq:1.32 tex:7 mv:1286 misc:531 icu:0.00 pcu:518.00 scu:778.00 tlayer:4 pbqpoffset:6.38 pbfactor:2.09 avgQpOffsetCutree:0.00;
in:33 out:34 type:b q:36.33 q-aq:36.00 q-noVbv:36.33 q-Rceq:1.32 tex:1 mv:285 misc:306 icu:0.00 pcu:118.25 scu:1177.75 tlayer:4 pbqpoffset:6.06 pbfactor:2.01 avgQpOffsetCutree:0.00;
in:50 out:35 type:k q:30.34 q-aq:22.81 q-noVbv:30.34 q-Rceq:1.32 tex:325429 mv:30442 misc:3233 icu:638.00 pcu:650.75 scu:7.25 tlayer:0 pbqpoffset:0.00 pbfactor:1.00 avgQpOffsetCutree:-7.75;
in:42 out:36 type:B q:32.12 q-aq:24.84 q-noVbv:32.12 q-Rceq:1.32 tex:130746 mv:17021 misc:3497 icu:44.00 pcu:1038.25 scu:213.75 tlayer:1 pbqpoffset:1.81 pbfactor:1.23 avgQpOffsetCutree:-6.04;
in:38 out:37 type:B q:32.84 q-aq:29.02 q-noVbv:32.84 q-Rceq:1.32 tex:4080 mv:4830 misc:1642 icu:5.00 pcu:786.50 scu:504.50 tlayer:2 pbqpoffset:2.56 pbfactor:1.34 avgQpOffsetCutree:-3.18;
in:36 out:38 type:B q:33.87 q-aq:31.40 q-noVbv:33.87 q-Rceq:1.32 tex:2092 mv:3986 misc:1410 icu:2.25 pcu:778.25 scu:515.50 tlayer:3 pbqpoffset:3.59 pbfactor:1.51 avgQpOffsetCutree:-2.22;
in:35 out:39 type:b q:36.87 q-aq:37.00 q-noVbv:36.87 q-Rceq:1.32 tex:8 mv:484 misc:380 icu:0.00 pcu:168.00 scu:1128.00 tlayer:4 pbqpoffset:6.59 pbfactor:2.14 avgQpOffsetCutree:0.00;
in:37 out:40 type:b q:36.82 q-aq:37.00 q-noVbv:36.82 q-Rceq:1.32 tex:8 mv:1045 misc:475 icu:4.00 pcu:364.00 scu:928.00 tlayer:4 pbqpoffset:6.53 pbfactor:2.13 avgQpOffsetCutree:0.00;
in:40 out:41 type:B q:33.89 q-aq:32.02 q-noVbv:33.89 q-Rceq:1.32 tex:254 mv:2548 misc:774 icu:0.00 pcu:663.00 scu:633.00 tlayer:3 pbqpoffset:3.59 pbfactor:1.51 avgQpOffsetCutree:-2.23;
in:39 out:42 type:b q:36.89 q-aq:37.00 q-noVbv:36.89 q-Rceq:1.32 tex:11 mv:1379 misc:514 icu:0.00 pcu:518.00 scu:778.00 tlayer:4 pbqpoffset:6.59 pbfactor:2.14 avgQpOffsetCutree:0.00;
in:41 out:43 type:b q:36.57 q-aq:37.00 q-noVbv:36.57 q-Rceq:1.32 tex:6 mv:693 misc:437 icu:0.00 pcu:306.00 scu:990.00 tlayer:4 pbqpoffset:6.27 pbfactor:2.06 avgQpOffsetCutree:0.00;
in:46 out:44 type:B q:33.59 q-aq:29.49 q-noVbv:33.59 q-Rceq:1.32 tex:1438 mv:3504 misc:1794 icu:8.00 pcu:524.00 scu:764.00 tlayer:2 pbqpoffset:3.27 pbfactor:1.46 avgQpOffsetCutree:-2.94;
in:44 out:45 type:B q:33.91 q-aq:33.33 q-noVbv:33.91 q-Rceq:1.32 tex:62 mv:1579 misc:719 icu:0.00 pcu:470.00 scu:826.00 tlayer:3 pbqpoffset:3.59 pbfactor:1.51 avgQpOffsetCutree:-1.93;
in:43 out:46 type:b q:36.58 q-aq:37.00 q-noVbv:36.58 q-Rceq:1.32 tex:2 mv:454 misc:328 icu:0.00 pcu:225.00 scu:1071.00 tlayer:4 pbqpoffset:6.27 pbfactor:2.06 avgQpOffsetCutree:0.00;
in:45 out:47 type:b q:36.59 q-aq:37.00 q-noVbv:36.59 q-Rceq:1.32 tex:6 mv:855 misc:459 icu:0.00 pcu:329.00 scu:967.00 tlayer:4 pbqpoffset:6.27 pbfactor:2.06 avgQpOffsetCutree:0.00;
in:48 out:48 type:B q:32.06 q-aq:31.63 q-noVbv:32.06 q-Rceq:1.32 tex:15316 mv:4949 misc:2279 icu:24.00 pcu:677.00 scu:595.00 tlayer:3 pbqpoffset:1.73 pbfactor:1.22 avgQpOffsetCutree:-1.00;
in:47 out:49 type:b q:36.92 q-aq:37.00 q-noVbv:36.92 q-Rceq:1.32 tex:153 mv:1818 misc:661 icu:6.25 pcu:437.25 scu:852.50 tlayer:4 pbqpoffset:6.59 pbfactor:2.14 avgQpOffsetCutree:0.00;
in:49 out:50 type:b q:36.93 q-aq:37.00 q-noVbv:36.93 q-Rceq:1.32 tex:3 mv:924 misc:457 icu:0.00 pcu:294.00 scu:1002.00 tlayer:4 pbqpoffset:6.59 pbfactor:2.14 avgQpOffsetCutree:0.00;
in:66 out:51 type:k q:30.44 q-aq:23.26 q-noVbv:30.44 q-Rceq:1.32 tex:311124 mv:23822 misc:3110 icu:447.75 pcu:843.00 scu:5.25 tlayer:0 pbqpoffset:1.36 pbfactor:1.17 avgQpOffsetCutree:-7.56;
in:58 out:52 type:B q:32.29 q-aq:25.87 q-noVbv:32.29 q-Rceq:1.32 tex:130179 mv:15798 misc:3583 icu:68.00 pcu:1061.50 scu:166.50 tlayer:1 pbqpoffset:1.90 pbfactor:1.25 avgQpOffsetCutree:-5.49;
in:54 out:53 type:B q:32.91 q-aq:28.85 q-noVbv:32.91 q-Rceq:1.32 tex:18441 mv:10922 misc:3141 icu:3.75 pcu:863.00 scu:429.25 tlayer:2 pbqpoffset:2.55 pbfactor:1.34 avgQpOffsetCutree:-3.40;
in:52 out:54 type:B q:33.41 q-aq:31.14 q-noVbv:33.41 q-Rceq:1.32 tex:7195 mv:5002 misc:1395 icu:2.00 pcu:768.50 scu:525.50 tlayer:3 pbqpoffset:3.06 pbfactor:1.42 avgQpOffsetCutree:-2.05;
in:51 out:55 type:b q:37.11 q-aq:37.00 q-noVbv:37.11 q-Rceq:1.32 tex:5 mv:1074 misc:513 icu:0.00 pcu:308.00 scu:988.00 tlayer:4 pbqpoffset:6.76 pbfactor:2.18 avgQpOffsetCutree:0.00;
in:53 out:56 type:b q:37.12 q-aq:37.00 q-noVbv:37.12 q-Rceq:1.32 tex:7 mv:1302 misc:491 icu:0.00 pcu:409.00 scu:887.00 tlayer:4 pbqpoffset:6.76 pbfactor:2.18 avgQpOffsetCutree:0.00;
in:56 out:57 type:B q:33.58 q-aq:32.00 q-noVbv:33.58 q-Rceq:1.32 tex:3441 mv:2967 misc:1144 icu:7.00 pcu:664.50 scu:624.50 tlayer:3 pbqpoffset:3.20 pbfactor:1.45 avgQpOffsetCutree:-1.73;
in:55 out:58 type:b q:34.79 q-aq:35.00 q-noVbv:34.79 q-Rceq:1.32 tex:209 mv:1905 misc:598 icu:0.00 pcu:604.00 scu:692.00 tlayer:4 pbqpoffset:4.42 pbfactor:1.67 avgQpOffsetCutree:0.00;
in:57 out:59 type:b q:35.44 q-aq:35.00 q-noVbv:35.44 q-Rceq:1.32 tex:109 mv:1493 misc:534 icu:0.00 pcu:497.00 scu:799.00 tlayer:4 pbqpoffset:5.06 pbfactor:1.79 avgQpOffsetCutree:0.00;
in:62 out:60 type:B q:33.14 q-aq:29.42 q-noVbv:33.14 q-Rceq:1.32 tex:9052 mv:5408 misc:2420 icu:33.00 pcu:1008.75 scu:254.25 tlayer:2 pbqpoffset:2.73 pbfactor:1.37 avgQpOffsetCutree:-3.09;
in:60 out:61 type:B q:34.16 q-aq:33.29 q-noVbv:34.16 q-Rceq:1.32 tex:472 mv:2888 misc:712 icu:12.25 pcu:711.75 scu:572.00 tlayer:3 pbqpoffset:3.76 pbfactor:1.54 avgQpOffsetCutree:-1.64;
in:59 out:62 type:b q:36.92 q-aq:37.00 q-noVbv:36.92 q-Rceq:1.32 tex:203 mv:1337 misc:636 icu:9.50 pcu:437.00 scu:849.50 tlayer:4 pbqpoffset:6.53 pbfactor:2.13 avgQpOffsetCutree:0.00;
in:61 out:63 type:b q:37.17 q-aq:37.00 q-noVbv:37.17 q-Rceq:1.32 tex:126 mv:1324 misc:614 icu:1.00 pcu:441.50 scu:853.50 tlayer:4 pbqpoffset:6.76 pbfactor:2.18 avgQpOffsetCutree:0.00;
in:64 out:64 type:B q:32.83 q-aq:31.98 q-noVbv:32.83 q-Rceq:1.32 tex:9487 mv:3808 misc:1769 icu:15.00 pcu:598.50 scu:682.50 tlayer:3 pbqpoffset:2.41 pbfactor:1.32 avgQpOffsetCutree:-1.14;
in:63 out:65 type:b q:37.18 q-aq:37.00 q-noVbv:37.18 q-Rceq:1.32 tex:11 mv:1607 misc:638 icu:3.00 pcu:607.00 scu:686.00 tlayer:4 pbqpoffset:6.76 pbfactor:2.18 avgQpOffsetCutree:0.00;
in:65 out:66 type:b q:35.77 q-aq:36.00 q-noVbv:35.77 q-Rceq:1.32 tex:8 mv:1229 misc:491 icu:0.00 pcu:337.25 scu:958.75 tlayer:4 pbqpoffset:5.34 pbfactor:1.85 avgQpOffsetCutree:0.00;
in:82 out:67 type:k q:29.88 q-aq:22.75 q-noVbv:29.88 q-Rceq:1.32 tex:312551 mv:22219 misc:3334 icu:392.75 pcu:893.50 scu:9.75 tlayer:0 pbqpoffset:0.38 pbfactor:1.04 avgQpOffsetCutree:-7.41;
in:74 out:68 type:B q:32.03 q-aq:25.94 q-noVbv:32.03 q-Rceq:1.32 tex:110304 mv:17126 misc:3962 icu:86.75 pcu:995.75 scu:213.50 tlayer:1 pbqpoffset:1.87 pbfactor:1.24 avgQpOffsetCutree:-5.08;
in:70 out:69 type:B q:32.78 q-aq:28.67 q-noVbv:32.78 q-Rceq:1.32 tex:18561 mv:10185 misc:3102 icu:32.25 pcu:824.25 scu:439.50 tlayer:2 pbqpoffset:2.48 pbfactor:1.33 avgQpOffsetCutree:-3.49;
in:68 out:70 type:B q:33.87 q-aq:32.41 q-noVbv:33.87 q-Rceq:1.32 tex:1874 mv:2784 misc:958 icu:3.00 pcu:674.25 scu:618.75 tlayer:3 pbqpoffset:3.50 pbfactor:1.50 avgQpOffsetCutree:-1.66;
in:67 out:71 type:b q:34.91 q-aq:35.00 q-noVbv:34.91 q-Rceq:1.32 tex:7 mv:1737 misc:656 icu:0.00 pcu:470.50 scu:825.50 tlayer:4 pbqpoffset:4.51 pbfactor:1.68 avgQpOffsetCutree:0.00;
in:69 out:72 type:b q:35.07 q-aq:35.00 q-noVbv:35.07 q-Rceq:1.32 tex:194 mv:1730 misc:628 icu:1.00 pcu:554.50 scu:740.50 tlayer:4 pbqpoffset:4.74 pbfactor:1.73 avgQpOffsetCutree:0.00;
in:72 out:73 type:B q:33.13 q-aq:31.30 q-noVbv:33.13 q-Rceq:1.32 tex:4201 mv:4204 misc:1299 icu:4.25 pcu:839.00 scu:452.75 tlayer:3 pbqpoffset:2.90 pbfactor:1.40 avgQpOffsetCutree:-1.87;
in:71 out:74 type:b q:34.62 q-aq:35.00 q-noVbv:34.62 q-Rceq:1.32 tex:53 mv:1798 misc:629 icu:1.00 pcu:516.00 scu:779.00 tlayer:4 pbqpoffset:4.36 pbfactor:1.65 avgQpOffsetCutree:0.00;
in:73 out:75 type:b q:34.08 q-aq:34.00 q-noVbv:34.08 q-Rceq:1.32 tex:121 mv:2323 misc:628 icu:1.00 pcu:678.00 scu:617.00 tlayer:4 pbqpoffset:3.89 pbfactor:1.57 avgQpOffsetCutree:0.00;
in:78 out:76 type:B q:32.19 q-aq:28.69 q-noVbv:32.19 q-Rceq:1.32 tex:21828 mv:8809 misc:3283 icu:49.75 pcu:869.00 scu:377.25 tlayer:2 pbqpoffset:2.17 pbfactor:1.28 avgQpOffsetCutree:-2.92;
in:76 out:77 type:B q:32.58 q-aq:31.19 q-noVbv:32.58 q-Rceq:1.32 tex:1119 mv:3274 misc:1055 icu:7.00 pcu:728.00 scu:561.00 tlayer:3 pbqpoffset:2.49 pbfactor:1.33 avgQpOffsetCutree:-1.59;
in:75 out:78 type:b q:33.98 q-aq:34.00 q-noVbv:33.98 q-Rceq:1.32 tex:944 mv:1490 misc:614 icu:0.00 pcu:463.25 scu:832.75 tlayer:4 pbqpoffset:3.86 pbfactor:1.56 avgQpOffsetCutree:0.00;
in:77 out:79 type:b q:35.50 q-aq:36.00 q-noVbv:35.50 q-Rceq:1.32 tex:6 mv:899 misc:567 icu:0.00 pcu:336.00 scu:960.00 tlayer:4 pbqpoffset:5.45 pbfactor:1.88 avgQpOffsetCutree:0.00;
in:80 out:80 type:B q:31.82 q-aq:31.31 q-noVbv:31.82 q-Rceq:1.32 tex:17861 mv:4351 misc:2252 icu:36.50 pcu:744.25 scu:515.25 tlayer:3 pbqpoffset:1.87 pbfactor:1.24 avgQpOffsetCutree:-1.02;
in:79 out:81 type:b q:33.05 q-aq:33.00 q-noVbv:33.05 q-Rceq:1.32 tex:403 mv:1498 misc:827 icu:13.25 pcu:436.75 scu:846.00 tlayer:4 pbqpoffset:3.07 pbfactor:1.42 avgQpOffsetCutree:0.00;
in:81 out:82 type:b q:34.14 q-aq:34.00 q-noVbv:34.14 q-Rceq:1.32 tex:12 mv:974 misc:614 icu:1.00 pcu:259.00 scu:1036.00 tlayer:4 pbqpoffset:4.22 pbfactor:1.63 avgQpOffsetCutree:0.00;
in:96 out:83 type:k q:29.71 q-aq:22.77 q-noVbv:29.71 q-Rceq:1.32 tex:349403 mv:36907 misc:2706 icu:821.50 pcu:469.00 scu:5.50 tlayer:0 pbqpoffset:0.38 pbfactor:1.04 avgQpOffsetCutree:-7.20;
in:89 out:84 type:B q:31.62 q-aq:25.07 q-noVbv:31.62 q-Rceq:1.32 tex:118855 mv:15121 misc:4272 icu:103.50 pcu:992.00 scu:200.50 tlayer:1 pbqpoffset:1.83 pbfactor:1.24 avgQpOffsetCutree:-5.40;
in:86 out:85 type:B q:32.68 q-aq:29.05 q-noVbv:32.68 q-Rceq:1.32 tex:9481 mv:7065 misc:2606 icu:21.25 pcu:811.75 scu:463.00 tlayer:2 pbqpoffset:2.85 pbfactor:1.39 avgQpOffsetCutree:-3.03;
in:84 out:86 type:B q:33.19 q-aq:31.59 q-noVbv:33.19 q-Rceq:1.32 tex:2282 mv:2864 misc:934 icu:2.50 pcu:682.50 scu:611.00 tlayer:3 pbqpoffset:3.33 pbfactor:1.47 avgQpOffsetCutree:-1.75;
in:83 out:87 type:b q:34.39 q-aq:34.00 q-noVbv:34.39 q-Rceq:1.32 tex:149 mv:2290 misc:729 icu:1.00 pcu:580.75 scu:714.25 tlayer:4 pbqpoffset:4.52 pbfactor:1.69 avgQpOffsetCutree:0.00;
in:85 out:88 type:b q:34.55 q-aq:35.00 q-noVbv:34.55 q-Rceq:1.32 tex:105 mv:1792 misc:639 icu:0.00 pcu:514.00 scu:782.00 tlayer:4 pbqpoffset:4.71 pbfactor:1.72 avgQpOffsetCutree:0.00;
in:88 out:89 type:B q:32.93 q-aq:32.54 q-noVbv:32.93 q-Rceq:1.32 tex:594 mv:2792 misc:1086 icu:1.00 pcu:659.50 scu:635.50 tlayer:3 pbqpoffset:3.12 pbfactor:1.43 avgQpOffsetCutree:-0.91;
in:87 out:90 type:b q:33.90 q-aq:34.00 q-noVbv:33.90 q-Rceq:1.32 tex:34 mv:2040 misc:670 icu:0.00 pcu:565.25 scu:730.75 tlayer:4 pbqpoffset:4.08 pbfactor:1.60 avgQpOffsetCutree:0.00;
in:93 out:91 type:B q:31.92 q-aq:27.29 q-noVbv:31.92 q-Rceq:1.32 tex:27812 mv:8367 misc:3349 icu:43.50 pcu:988.25 scu:264.25 tlayer:2 pbqpoffset:2.18 pbfactor:1.29 avgQpOffsetCutree:-3.79;
in:91 out:92 type:B q:33.46 q-aq:31.83 q-noVbv:33.46 q-Rceq:1.32 tex:1271 mv:3151 misc:970 icu:4.00 pcu:755.75 scu:536.25 tlayer:3 pbqpoffset:3.69 pbfactor:1.53 avgQpOffsetCutree:-1.59;
in:90 out:93 type:b q:34.48 q-aq:34.00 q-noVbv:34.48 q-Rceq:1.32 tex:163 mv:2118 misc:591 icu:0.00 pcu:660.00 scu:636.00 tlayer:4 pbqpoffset:4.70 pbfactor:1.72 avgQpOffsetCutree:0.00;
in:92 out:94 type:b q:35.48 q-aq:35.00 q-noVbv:35.48 q-Rceq:1.32 tex:5 mv:1663 misc:508 icu:0.00 pcu:581.00 scu:715.00 tlayer:4 pbqpoffset:5.72 pbfactor:1.94 avgQpOffsetCutree:0.00;
in:95 out:95 type:B q:33.42 q-aq:33.21 q-noVbv:33.42 q-Rceq:1.32 tex:503 mv:1790 misc:1091 icu:0.00 pcu:563.25 scu:732.75 tlayer:3 pbqpoffset:3.69 pbfactor:1.53 avgQpOffsetCutree:-0.87;
in:94 out:96 type:b q:35.82 q-aq:36.00 q-noVbv:35.82 q-Rceq:1.32 tex:8 mv:1089 misc:511 icu:0.00 pcu:432.00 scu:864.00 tlayer:4 pbqpoffset:6.08 pbfactor:2.02 avgQpOffsetCutree:0.00;
in:112 out:97 type:k q:28.90 q-aq:21.87 q-noVbv:28.90 q-Rceq:1.32 tex:380837 mv:39782 misc:2845 icu:909.00 pcu:383.50 scu:3.50 tlayer:0 pbqpoffset:0.59 pbfactor:1.07 avgQpOffsetCutree:-7.40;
in:104 out:98 type:B q:31.18 q-aq:24.48 q-noVbv:31.18 q-Rceq:1.32 tex:164351 mv:22023 misc:3906 icu:102.00 pcu:1080.00 scu:114.00 tlayer:1 pbqpoffset:1.88 pbfactor:1.24 avgQpOffsetCutree:-5.47;
in:100 out:99 type:B q:31.99 q-aq:27.21 q-noVbv:31.99 q-Rceq:1.32 tex:21404 mv:9965 misc:3167 icu:20.25 pcu:849.00 scu:426.75 tlayer:2 pbqpoffset:2.48 pbfactor:1.33 avgQpOffsetCutree:-3.83;
in:98 out:100 type:B q:32.62 q-aq:31.22 q-noVbv:32.62 q-Rceq:1.32 tex:2018 mv:3248 misc:1054 icu:0.00 pcu:633.00 scu:663.00 tlayer:3 pbqpoffset:3.01 pbfactor:1.42 avgQpOffsetCutree:-1.54;
in:97 out:101 type:b q:33.84 q-aq:34.00 q-noVbv:33.84 q-Rceq:1.32 tex:105 mv:1367 misc:664 icu:0.50 pcu:335.00 scu:960.50 tlayer:4 pbqpoffset:4.18 pbfactor:1.62 avgQpOffsetCutree:0.00;
in:99 out:102 type:b q:34.91 q-aq:35.00 q-noVbv:34.91 q-Rceq:1.32 tex:58 mv:1437 misc:609 icu:0.00 pcu:444.50 scu:851.50 tlayer:4 pbqpoffset:5.35 pbfactor:1.86 avgQpOffsetCutree:0.00;
in:102 out:103 type:B q:33.15 q-aq:31.55 q-noVbv:33.15 q-Rceq:1.32 tex:1290 mv:3315 misc:1187 icu:5.00 pcu:694.50 scu:596.50 tlayer:3 pbqpoffset:3.74 pbfactor:1.54 avgQpOffsetCutree:-1.68;
in:101 out:104 type:b q:35.24 q-aq:35.00 q-noVbv:35.24 q-Rceq:1.32 tex:52 mv:1051 misc:513 icu:0.00 pcu:303.00 scu:993.00 tlayer:4 pbqpoffset:5.78 pbfactor:1.95 avgQpOffsetCutree:0.00;
in:103 out:105 type:b q:33.23 q-aq:33.00 q-noVbv:33.23 q-Rceq:1.32 tex:530 mv:2222 misc:736 icu:0.00 pcu:626.75 scu:669.25 tlayer:4 pbqpoffset:3.87 pbfactor:1.56 avgQpOffsetCutree:0.00;
in:108 out:106 type:B q:31.07 q-aq:25.78 q-noVbv:31.07 q-Rceq:1.32 tex:71039 mv:11903 misc:4138 icu:43.25 pcu:1057.75 scu:195.00 tlayer:2 pbqpoffset:1.97 pbfactor:1.26 avgQpOffsetCutree:-4.33;
in:106 out:107 type:B q:32.33 q-aq:30.46 q-noVbv:32.33 q-Rceq:1.32 tex:1754 mv:4006 misc:1392 icu:3.00 pcu:653.25 scu:639.75 tlayer:3 pbqpoffset:3.13 pbfactor:1.44 avgQpOffsetCutree:-1.81;
in:105 out:108 type:b q:33.25 q-aq:33.00 q-noVbv:33.25 q-Rceq:1.32 tex:1732 mv:3079 misc:917 icu:4.00 pcu:695.00 scu:597.00 tlayer:4 pbqpoffset:4.00 pbfactor:1.59 avgQpOffsetCutree:0.00;
in:107 out:109 type:b q:35.30 q-aq:35.00 q-noVbv:35.30 q-Rceq:1.32 tex:13 mv:1441 misc:562 icu:0.00 pcu:446.50 scu:849.50 tlayer:4 pbqpoffset:6.15 pbfactor:2.03 avgQpOffsetCutree:0.00;
in:110 out:110 type:B q:32.09 q-aq:29.39 q-noVbv:32.09 q-Rceq:1.32 tex:1335 mv:2360 misc:1433 icu:1.00 pcu:801.00 scu:494.00 tlayer:3 pbqpoffset:3.09 pbfactor:1.43 avgQpOffsetCutree:-2.42;
in:109 out:111 type:b q:35.79 q-aq:36.00 q-noVbv:35.79 q-Rceq:1.32 tex:8 mv:1221 misc:475 icu:0.00 pcu:438.00 scu:858.00 tlayer:4 pbqpoffset:6.74 pbfactor:2.18 avgQpOffsetCutree:0.00;
in:111 out:112 type:b q:33.30 q-aq:33.00 q-noVbv:33.30 q-Rceq:1.32 tex:83 mv:1296 misc:789 icu:1.00 pcu:440.00 scu:855.00 tlayer:4 pbqpoffset:4.35 pbfactor:1.65 avgQpOffsetCutree:0.00;
in:120 out:113 type:k q:31.08 q-aq:22.98 q-noVbv:31.08 q-Rceq:1.32 tex:200266 mv:22973 misc:3689 icu:121.25 pcu:1093.00 scu:81.75 tlayer:0 pbqpoffset:0.76 pbfactor:1.09 avgQpOffsetCutree:-7.60;
in:116 out:114 type:B q:31.70 q-aq:27.74 q-noVbv:31.70 q-Rceq:1.32 tex:32158 mv:9466 misc:2864 icu:22.25 pcu:859.75 scu:414.00 tlayer:1 pbqpoffset:1.71 pbfactor:1.22 avgQpOffsetCutree:-3.38;
in:114 out:115 type:B q:31.23 q-aq:29.32 q-noVbv:31.23 q-Rceq:1.32 tex:12162 mv:5446 misc:1656 icu:14.75 pcu:805.75 scu:475.50 tlayer:2 pbqpoffset:1.78 pbfactor:1.23 avgQpOffsetCutree:-1.84;
in:113 out:116 type:b q:32.02 q-aq:32.00 q-noVbv:32.02 q-Rceq:1.32 tex:740 mv:2019 misc:937 icu:8.00 pcu:433.00 scu:855.00 tlayer:3 pbqpoffset:2.85 pbfactor:1.39 avgQpOffsetCutree:0.00;
in:115 out:117 type:b q:32.56 q-aq:33.00 q-noVbv:32.56 q-Rceq:1.32 tex:157 mv:2104 misc:699 icu:0.00 pcu:558.25 scu:737.75 tlayer:3 pbqpoffset:2.85 pbfactor:1.39 avgQpOffsetCutree:0.00;
in:118 out:118 type:B q:32.24 q-aq:30.69 q-noVbv:32.24 q-Rceq:1.32 tex:4081 mv:3447 misc:1184 icu:7.25 pcu:651.50 scu:637.25 tlayer:2 pbqpoffset:1.71 pbfactor:1.22 avgQpOffsetCutree:-1.63;
in:117 out:119 type:b q:33.11 q-aq:33.00 q-noVbv:33.11 q-Rceq:1.32 tex:165 mv:2172 misc:863 icu:4.00 pcu:540.75 scu:751.25 tlayer:3 pbqpoffset:2.85 pbfactor:1.39 avgQpOffsetCutree:0.00;
in:119 out:120 type:b q:34.08 q-aq:34.00 q-noVbv:34.08 q-Rceq:1.32 tex:54 mv:1722 misc:656 icu:0.00 pcu:502.25 scu:793.75 tlayer:3 pbqpoffset:3.28 pbfactor:1.46 avgQpOffsetCutree:0.00;
in:136 out:121 type:k q:28.95 q-aq:21.14 q-noVbv:28.95 q-Rceq:1.32 tex:351314 mv:26825 misc:2957 icu:528.25 pcu:766.00 scu:1.75 tlayer:0 pbqpoffset:0.73 pbfactor:1.09 avgQpOffsetCutree:-7.85;
in:128 out:122 type:B q:31.65 q-aq:26.68 q-noVbv:31.65 q-Rceq:1.32 tex:156067 mv:21505 misc:3668 icu:263.50 pcu:892.75 scu:139.75 tlayer:1 pbqpoffset:1.64 pbfactor:1.21 avgQpOffsetCutree:-4.26;
in:124 out:123 type:B q:32.89 q-aq:27.48 q-noVbv:32.89 q-Rceq:1.32 tex:12248 mv:5180 misc:2644 icu:28.75 pcu:758.25 scu:509.00 tlayer:2 pbqpoffset:2.34 pbfactor:1.31 avgQpOffsetCutree:-4.27;
in:122 out:124 type:B q:34.32 q-aq:32.21 q-noVbv:34.32 q-Rceq:1.32 tex:152 mv:2181 misc:803 icu:0.00 pcu:660.00 scu:636.00 tlayer:3 pbqpoffset:3.51 pbfactor:1.50 avgQpOffsetCutree:-1.65;
in:121 out:125 type:b q:37.25 q-aq:37.00 q-noVbv:37.25 q-Rceq:1.32 tex:5 mv:1046 misc:509 icu:0.00 pcu:387.50 scu:908.50 tlayer:4 pbqpoffset:6.31 pbfactor:2.07 avgQpOffsetCutree:0.00;
in:123 out:126 type:b q:36.86 q-aq:37.00 q-noVbv:36.86 q-Rceq:1.32 tex:5 mv:767 misc:412 icu:0.00 pcu:215.00 scu:1081.00 tlayer:4 pbqpoffset:6.19 pbfactor:2.04 avgQpOffsetCutree:0.00;
in:126 out:127 type:B q:32.91 q-aq:30.08 q-noVbv:32.91 q-Rceq:1.32 tex:1211 mv:2499 misc:1466 icu:1.50 pcu:813.00 scu:481.50 tlayer:3 pbqpoffset:2.64 pbfactor:1.36 avgQpOffsetCutree:-2.38;
in:125 out:128 type:b q:36.92 q-aq:37.00 q-noVbv:36.92 q-Rceq:1.32 tex:1 mv:940 misc:459 icu:0.00 pcu:304.00 scu:992.00 tlayer:4 pbqpoffset:6.51 pbfactor:2.12 avgQpOffsetCutree:0.00;
in:127 out:129 type:b q:36.03 q-aq:36.00 q-noVbv:36.03 q-Rceq:1.32 tex:10 mv:783 misc:575 icu:0.00 pcu:422.00 scu:874.00 tlayer:4 pbqpoffset:5.88 pbfactor:1.97 avgQpOffsetCutree:0.00;
in:132 out:130 type:B q:31.53 q-aq:27.31 q-noVbv:31.53 q-Rceq:1.32 tex:33553 mv:11353 misc:3550 icu:38.50 pcu:850.00 scu:407.50 tlayer:2 pbqpoffset:2.05 pbfactor:1.27 avgQpOffsetCutree:-3.50;
in:130 out:131 type:B q:33.25 q-aq:32.09 q-noVbv:33.25 q-Rceq:1.32 tex:1781 mv:2896 misc:1139 icu:0.00 pcu:705.00 scu:591.00 tlayer:3 pbqpoffset:3.51 pbfactor:1.50 avgQpOffsetCutree:-1.37;
in:129 out:132 type:b q:36.36 q-aq:36.00 q-noVbv:36.36 q-Rceq:1.32 tex:40 mv:867 misc:501 icu:0.00 pcu:224.50 scu:1071.50 tlayer:4 pbqpoffset:6.48 pbfactor:2.11 avgQpOffsetCutree:0.00;
in:131 out:133 type:b q:35.35 q-aq:35.00 q-noVbv:35.35 q-Rceq:1.32 tex:144 mv:1959 misc:617 icu:0.00 pcu:534.50 scu:761.50 tlayer:4 pbqpoffset:5.74 pbfactor:1.94 avgQpOffsetCutree:0.00;
in:134 out:134 type:B q:32.72 q-aq:31.05 q-noVbv:32.72 q-Rceq:1.32 tex:1377 mv:3936 misc:1151 icu:0.50 pcu:765.75 scu:529.75 tlayer:3 pbqpoffset:3.51 pbfactor:1.50 avgQpOffsetCutree:-2.09;
in:133 out:135 type:b q:35.85 q-aq:36.00 q-noVbv:35.85 q-Rceq:1.32 tex:4 mv:1177 misc:555 icu:0.00 pcu:359.50 scu:936.50 tlayer:4 pbqpoffset:6.51 pbfactor:2.12 avgQpOffsetCutree:0.00;
in:135 out:136 type:b q:35.59 q-aq:36.00 q-noVbv:35.59 q-Rceq:1.32 tex:8 mv:1044 misc:508 icu:0.00 pcu:360.25 scu:935.75 tlayer:4 pbqpoffset:6.51 pbfactor:2.12 avgQpOffsetCutree:0.00;
in:152 out:137 type:k q:29.52 q-aq:22.06 q-noVbv:29.52 q-Rceq:1.32 tex:311662 mv:30386 misc:3064 icu:403.50 pcu:878.25 scu:14.25 tlayer:0 pbqpoffset:0.69 pbfactor:1.08 avgQpOffsetCutree:-7.91;
in:144 out:138 type:B q:31.08 q-aq:25.85 q-noVbv:31.08 q-Rceq:1.32 tex:162855 mv:22298 misc:4175 icu:206.75 pcu:919.75 scu:169.50 tlayer:1 pbqpoffset:1.85 pbfactor:1.24 avgQpOffsetCutree:-4.57;
in:140 out:139 type:B q:30.94 q-aq:25.88 q-noVbv:30.94 q-Rceq:1.32 tex:84799 mv:15409 misc:4408 icu:56.75 pcu:922.00 scu:317.25 tlayer:2 pbqpoffset:1.85 pbfactor:1.24 avgQpOffsetCutree:-4.23;
in:138 out:140 type:B q:32.52 q-aq:30.58 q-noVbv:32.52 q-Rceq:1.32 tex:2445 mv:4696 misc:1555 icu:5.00 pcu:886.75 scu:404.25 tlayer:3 pbqpoffset:3.50 pbfactor:1.50 avgQpOffsetCutree:-1.68;
in:137 out:141 type:b q:34.69 q-aq:35.00 q-noVbv:34.69 q-Rceq:1.32 tex:14 mv:1838 misc:676 icu:0.00 pcu:539.75 scu:756.25 tlayer:4 pbqpoffset:5.71 pbfactor:1.93 avgQpOffsetCutree:0.00;
in:139 out:142 type:b q:35.77 q-aq:36.00 q-noVbv:35.77 q-Rceq:1.32 tex:5 mv:830 misc:509 icu:0.00 pcu:222.00 scu:1074.00 tlayer:4 pbqpoffset:6.71 pbfactor:2.17 avgQpOffsetCutree:0.00;
in:142 out:143 type:B q:32.12 q-aq:29.65 q-noVbv:32.12 q-Rceq:1.32 tex:2963 mv:3133 misc:1952 icu:16.00 pcu:709.75 scu:570.25 tlayer:3 pbqpoffset:2.95 pbfactor:1.41 avgQpOffsetCutree:-2.27;
in:141 out:144 type:b q:35.84 q-aq:36.00 q-noVbv:35.84 q-Rceq:1.32 tex:6 mv:1088 misc:594 icu:0.00 pcu:347.00 scu:949.00 tlayer:4 pbqpoffset:6.71 pbfactor:2.17 avgQpOffsetCutree:0.00;
in:143 out:145 type:b q:33.50 q-aq:34.00 q-noVbv:33.50 q-Rceq:1.32 tex:167 mv:1511 misc:890 icu:0.00 pcu:533.00 scu:763.00 tlayer:4 pbqpoffset:4.31 pbfactor:1.64 avgQpOffsetCutree:0.00;
in:148 out:146 type:B q:31.88 q-aq:27.51 q-noVbv:31.88 q-Rceq:1.32 tex:24243 mv:10607 misc:3150 icu:11.50 pcu:878.25 scu:406.25 tlayer:2 pbqpoffset:2.50 pbfactor:1.33 avgQpOffsetCutree:-3.53;
in:146 out:147 type:B q:32.44 q-aq:30.83 q-noVbv:32.44 q-Rceq:1.32 tex:5738 mv:4408 misc:1446 icu:0.00 pcu:780.25 scu:515.75 tlayer:3 pbqpoffset:3.14 pbfactor:1.44 avgQpOffsetCutree:-1.76;
in:145 out:148 type:b q:35.09 q-aq:35.00 q-noVbv:35.09 q-Rceq:1.32 tex:14 mv:1299 misc:743 icu:0.00 pcu:379.25 scu:916.75 tlayer:4 pbqpoffset:5.82 pbfactor:1.96 avgQpOffsetCutree:0.00;
in:147 out:149 type:b q:34.65 q-aq:35.00 q-noVbv:34.65 q-Rceq:1.32 tex:3 mv:1710 misc:615 icu:0.00 pcu:483.00 scu:813.00 tlayer:4 pbqpoffset:5.31 pbfactor:1.85 avgQpOffsetCutree:0.00;
in:150 out:150 type:B q:33.16 q-aq:31.31 q-noVbv:33.16 q-Rceq:1.32 tex:2470 mv:3726 misc:1292 icu:1.00 pcu:853.50 scu:441.50 tlayer:3 pbqpoffset:3.71 pbfactor:1.54 avgQpOffsetCutree:-1.75;
in:149 out:151 type:b q:34.94 q-aq:35.00 q-noVbv:34.94 q-Rceq:1.32 tex:7 mv:1940 misc:717 icu:0.00 pcu:540.50 scu:755.50 tlayer:4 pbqpoffset:5.53 pbfactor:1.89 avgQpOffsetCutree:0.00;
in:151 out:152 type:b q:34.56 q-aq:35.00 q-noVbv:34.56 q-Rceq:1.32 tex:11 mv:1825 misc:644 icu:0.00 pcu:503.00 scu:793.00 tlayer:4 pbqpoffset:5.08 pbfactor:1.80 avgQpOffsetCutree:0.00;
in:168 out:153 type:k q:30.00 q-aq:22.56 q-noVbv:30.00 q-Rceq:1.32 tex:287336 mv:33660 misc:3300 icu:422.50 pcu:859.75 scu:13.75 tlayer:0 pbqpoffset:0.74 pbfactor:1.09 avgQpOffsetCutree:-7.81;
in:160 out:154 type:B q:31.68 q-aq:26.86 q-noVbv:31.68 q-Rceq:1.32 tex:150565 mv:24807 misc:3852 icu:218.75 pcu:924.50 scu:152.75 tlayer:1 pbqpoffset:1.92 pbfactor:1.25 avgQpOffsetCutree:-4.27;
in:156 out:155 type:B q:32.49 q-aq:26.91 q-noVbv:32.49 q-Rceq:1.32 tex:23221 mv:7955 misc:3408 icu:18.25 pcu:866.00 scu:411.75 tlayer:2 pbqpoffset:2.85 pbfactor:1.39 avgQpOffsetCutree:-4.39;
in:154 out:156 type:B q:33.37 q-aq:32.80 q-noVbv:33.37 q-Rceq:1.32 tex:724 mv:2716 misc:912 icu:0.00 pcu:700.25 scu:595.75 tlayer:3 pbqpoffset:3.79 pbfactor:1.55 avgQpOffsetCutree:-1.78;
in:153 out:157 type:b q:36.34 q-aq:36.00 q-noVbv:36.34 q-Rceq:1.32 tex:15 mv:1547 misc:606 icu:0.00 pcu:497.25 scu:798.75 tlayer:4 pbqpoffset:6.79 pbfactor:2.19 avgQpOffsetCutree:0.00;
in:155 out:158 type:b q:36.40 q-aq:36.00 q-noVbv:36.40 q-Rceq:1.32 tex:67 mv:869 misc:480 icu:0.00 pcu:285.25 scu:1010.75 tlayer:4 pbqpoffset:6.79 pbfactor:2.19 avgQpOffsetCutree:0.00;
in:158 out:159 type:B q:33.10 q-aq:30.72 q-noVbv:33.10 q-Rceq:1.32 tex:836 mv:2002 misc:1522 icu:0.25 pcu:703.00 scu:592.75 tlayer:3 pbqpoffset:3.40 pbfactor:1.48 avgQpOffsetCutree:-2.31;
in:157 out:160 type:b q:36.46 q-aq:36.00 q-noVbv:36.46 q-Rceq:1.32 tex:6 mv:896 misc:474 icu:0.00 pcu:360.00 scu:936.00 tlayer:4 pbqpoffset:6.79 pbfactor:2.19 avgQpOffsetCutree:0.00;
in:159 out:161 type:b q:34.92 q-aq:35.00 q-noVbv:34.92 q-Rceq:1.32 tex:165 mv:1380 misc:799 icu:0.00 pcu:577.50 scu:718.50 tlayer:4 pbqpoffset:5.19 pbfactor:1.82 avgQpOffsetCutree:0.00;
in:164 out:162 type:B q:32.66 q-aq:28.44 q-noVbv:32.66 q-Rceq:1.32 tex:26843 mv:11239 misc:3310 icu:45.75 pcu:918.25 scu:332.00 tlayer:2 pbqpoffset:2.78 pbfactor:1.38 avgQpOffsetCutree:-3.45;
in:162 out:163 type:B q:33.51 q-aq:32.09 q-noVbv:33.51 q-Rceq:1.32 tex:3318 mv:4001 misc:1401 icu:13.25 pcu:750.25 scu:532.50 tlayer:3 pbqpoffset:3.69 pbfactor:1.53 avgQpOffsetCutree:-1.75;
in:161 out:164 type:b q:35.21 q-aq:35.00 q-noVbv:35.21 q-Rceq:1.32 tex:85 mv:1514 misc:801 icu:0.00 pcu:435.00 scu:861.00 tlayer:4 pbqpoffset:5.42 pbfactor:1.87 avgQpOffsetCutree:0.00;
in:163 out:165 type:b q:34.82 q-aq:35.00 q-noVbv:34.82 q-Rceq:1.32 tex:116 mv:1782 misc:758 icu:0.00 pcu:502.50 scu:793.50 tlayer:4 pbqpoffset:4.97 pbfactor:1.77 avgQpOffsetCutree:0.00;
in:166 out:166 type:B q:33.44 q-aq:32.27 q-noVbv:33.44 q-Rceq:1.32 tex:2008 mv:3492 misc:1316 icu:9.25 pcu:759.25 scu:527.50 tlayer:3 pbqpoffset:3.50 pbfactor:1.50 avgQpOffsetCutree:-1.67;
in:165 out:167 type:b q:34.72 q-aq:35.00 q-noVbv:34.72 q-Rceq:1.32 tex:13 mv:1447 misc:620 icu:0.00 pcu:440.00 scu:856.00 tlayer:4 pbqpoffset:4.80 pbfactor:1.74 avgQpOffsetCutree:0.00;
in:167 out:168 type:b q:35.22 q-aq:35.00 q-noVbv:35.22 q-Rceq:1.32 tex:9 mv:1801 misc:710 icu:0.00 pcu:579.75 scu:716.25 tlayer:4 pbqpoffset:5.25 pbfactor:1.83 avgQpOffsetCutree:0.00;
in:184 out:169 type:k q:30.10 q-aq:22.64 q-noVbv:30.10 q-Rceq:1.32 tex:282714 mv:33288 misc:2910 icu:400.00 pcu:886.00 scu:10.00 tlayer:0 pbqpoffset:0.69 pbfactor:1.08 avgQpOffsetCutree:-7.95;
in:176 out:170 type:B q:31.98 q-aq:26.98 q-noVbv:31.98 q-Rceq:1.32 tex:134460 mv:21802 misc:3762 icu:172.75 pcu:998.00 scu:125.25 tlayer:1 pbqpoffset:1.93 pbfactor:1.25 avgQpOffsetCutree:-4.30;
in:172 out:171 type:B q:32.53 q-aq:27.40 q-noVbv:32.53 q-Rceq:1.32 tex:33487 mv:11980 misc:4109 icu:67.75 pcu:929.00 scu:299.25 tlayer:2 pbqpoffset:2.50 pbfactor:1.33 avgQpOffsetCutree:-4.08;
in:170 out:172 type:B q:33.81 q-aq:32.15 q-noVbv:33.81 q-Rceq:1.32 tex:2423 mv:3734 misc:1339 icu:6.25 pcu:806.00 scu:483.75 tlayer:3 pbqpoffset:3.80 pbfactor:1.55 avgQpOffsetCutree:-1.71;
in:169 out:173 type:b q:35.44 q-aq:35.00 q-noVbv:35.44 q-Rceq:1.32 tex:224 mv:1797 misc:707 icu:0.00 pcu:541.25 scu:754.75 tlayer:4 pbqpoffset:5.43 pbfactor:1.87 avgQpOffsetCutree:0.00;
in:171 out:174 type:b q:35.38 q-aq:35.00 q-noVbv:35.38 q-Rceq:1.32 tex:70 mv:1820 misc:718 icu:0.00 pcu:568.75 scu:727.25 tlayer:4 pbqpoffset:5.36 pbfactor:1.86 avgQpOffsetCutree:0.00;
in:174 out:175 type:B q:33.05 q-aq:30.12 q-noVbv:33.05 q-Rceq:1.32 tex:3245 mv:3155 misc:1856 icu:20.00 pcu:679.50 scu:596.50 tlayer:3 pbqpoffset:3.01 pbfactor:1.42 avgQpOffsetCutree:-2.49;
in:173 out:176 type:b q:36.83 q-aq:37.00 q-noVbv:36.83 q-Rceq:1.32 tex:6 mv:1247 misc:515 icu:4.00 pcu:446.00 scu:846.00 tlayer:4 pbqpoffset:6.80 pbfactor:2.19 avgQpOffsetCutree:0.00;
in:175 out:177 type:b q:36.84 q-aq:37.00 q-noVbv:36.84 q-Rceq:1.32 tex:2 mv:723 misc:595 icu:0.00 pcu:383.00 scu:913.00 tlayer:4 pbqpoffset:6.80 pbfactor:2.19 avgQpOffsetCutree:0.00;
in:180 out:178 type:B q:33.23 q-aq:29.04 q-noVbv:33.23 q-Rceq:1.32 tex:16863 mv:9219 misc:2662 icu:49.75 pcu:935.25 scu:311.00 tlayer:2 pbqpoffset:3.15 pbfactor:1.44 avgQpOffsetCutree:-3.54;
in:178 out:179 type:B q:33.83 q-aq:32.21 q-noVbv:33.83 q-Rceq:1.32 tex:2262 mv:3493 misc:1333 icu:9.25 pcu:793.75 scu:493.00 tlayer:3 pbqpoffset:3.77 pbfactor:1.54 avgQpOffsetCutree:-1.73;
in:177 out:180 type:b q:36.33 q-aq:36.00 q-noVbv:36.33 q-Rceq:1.32 tex:7 mv:1190 misc:627 icu:0.00 pcu:355.25 scu:940.75 tlayer:4 pbqpoffset:6.28 pbfactor:2.07 avgQpOffsetCutree:0.00;
in:179 out:181 type:b q:36.65 q-aq:37.00 q-noVbv:36.65 q-Rceq:1.32 tex:9 mv:1146 misc:541 icu:4.00 pcu:459.00 scu:833.00 tlayer:4 pbqpoffset:6.58 pbfactor:2.14 avgQpOffsetCutree:0.00;
in:182 out:182 type:B q:33.88 q-aq:33.13 q-noVbv:33.88 q-Rceq:1.32 tex:1339 mv:3370 misc:1171 icu:14.00 pcu:724.50 scu:557.50 tlayer:3 pbqpoffset:3.80 pbfactor:1.55 avgQpOffsetCutree:-1.71;
in:181 out:183 type:b q:36.87 q-aq:37.00 q-noVbv:36.87 q-Rceq:1.32 tex:12 mv:1270 misc:614 icu:4.00 pcu:336.00 scu:956.00 tlayer:4 pbqpoffset:6.80 pbfactor:2.19 avgQpOffsetCutree:0.00;
in:183 out:184 type:b q:36.89 q-aq:37.00 q-noVbv:36.89 q-Rceq:1.32 tex:13 mv:1104 misc:547 icu:0.00 pcu:333.00 scu:963.00 tlayer:4 pbqpoffset:6.80 pbfactor:2.19 avgQpOffsetCutree:0.00;
in:200 out:185 type:k q:29.62 q-aq:22.17 q-noVbv:29.62 q-Rceq:1.32 tex:286149 mv:31764 misc:3119 icu:373.50 pcu:907.75 scu:14.75 tlayer:0 pbqpoffset:0.69 pbfactor:1.08 avgQpOffsetCutree:-7.62;
in:192 out:186 type:B q:31.69 q-aq:26.30 q-noVbv:31.69 q-Rceq:1.32 tex:145505 mv:25264 misc:3511 icu:201.25 pcu:958.25 scu:136.50 tlayer:1 pbqpoffset:1.84 pbfactor:1.24 avgQpOffsetCutree:-4.58;
in:188 out:187 type:B q:31.86 q-aq:26.58 q-noVbv:31.86 q-Rceq:1.32 tex:70090 mv:12694 misc:4360 icu:49.75 pcu:842.00 scu:404.25 tlayer:2 pbqpoffset:1.88 pbfactor:1.24 avgQpOffsetCutree:-4.27;
in:186 out:188 type:B q:33.64 q-aq:31.48 q-noVbv:33.64 q-Rceq:1.32 tex:2595 mv:4178 misc:1339 icu:11.00 pcu:834.75 scu:450.25 tlayer:3 pbqpoffset:3.60 pbfactor:1.52 avgQpOffsetCutree:-1.86;
in:185 out:189 type:b q:36.77 q-aq:37.00 q-noVbv:36.77 q-Rceq:1.32 tex:64 mv:1378 misc:574 icu:8.00 pcu:442.00 scu:846.00 tlayer:4 pbqpoffset:6.70 pbfactor:2.17 avgQpOffsetCutree:0.00;
in:187 out:190 type:b q:36.71 q-aq:37.00 q-noVbv:36.71 q-Rceq:1.32 tex:8 mv:641 misc:383 icu:0.00 pcu:189.00 scu:1107.00 tlayer:4 pbqpoffset:6.70 pbfactor:2.17 avgQpOffsetCutree:0.00;
in:190 out:191 type:B q:33.15 q-aq:30.53 q-noVbv:33.15 q-Rceq:1.32 tex:1677 mv:2536 misc:1715 icu:20.25 pcu:694.25 scu:581.50 tlayer:3 pbqpoffset:3.24 pbfactor:1.45 avgQpOffsetCutree:-2.27;
in:189 out:192 type:b q:36.65 q-aq:37.00 q-noVbv:36.65 q-Rceq:1.32 tex:10 mv:959 misc:479 icu:0.00 pcu:283.00 scu:1013.00 tlayer:4 pbqpoffset:6.70 pbfactor:2.17 avgQpOffsetCutree:0.00;
in:191 out:193 type:b q:34.21 q-aq:34.00 q-noVbv:34.21 q-Rceq:1.32 tex:94 mv:1234 misc:864 icu:7.00 pcu:469.25 scu:819.75 tlayer:4 pbqpoffset:4.32 pbfactor:1.65 avgQpOffsetCutree:0.00;
in:196 out:194 type:B q:32.31 q-aq:28.36 q-noVbv:32.31 q-Rceq:1.32 tex:19091 mv:9836 misc:2921 icu:71.50 pcu:900.25 scu:324.25 tlayer:2 pbqpoffset:2.58 pbfactor:1.35 avgQpOffsetCutree:-3.46;
in:194 out:195 type:B q:33.00 q-aq:31.64 q-noVbv:33.00 q-Rceq:1.32 tex:1735 mv:3973 misc:1372 icu:2.50 pcu:805.00 scu:488.50 tlayer:3 pbqpoffset:3.20 pbfactor:1.45 avgQpOffsetCutree:-1.70;
in:193 out:196 type:b q:34.05 q-aq:34.00 q-noVbv:34.05 q-Rceq:1.32 tex:239 mv:1910 misc:723 icu:0.00 pcu:574.00 scu:722.00 tlayer:4 pbqpoffset:4.22 pbfactor:1.63 avgQpOffsetCutree:0.00;
in:195 out:197 type:b q:34.08 q-aq:34.00 q-noVbv:34.08 q-Rceq:1.32 tex:252 mv:2072 misc:756 icu:4.00 pcu:595.00 scu:697.00 tlayer:4 pbqpoffset:4.31 pbfactor:1.65 avgQpOffsetCutree:0.00;
in:198 out:198 type:B q:32.86 q-aq:31.22 q-noVbv:32.86 q-Rceq:1.32 tex:3065 mv:4498 misc:1429 icu:5.00 pcu:839.75 scu:451.25 tlayer:3 pbqpoffset:3.18 pbfactor:1.44 avgQpOffsetCutree:-1.86;
in:197 out:199 type:b q:35.32 q-aq:35.00 q-noVbv:35.32 q-Rceq:1.32 tex:143 mv:1556 misc:645 icu:0.00 pcu:444.25 scu:851.75 tlayer:4 pbqpoffset:5.61 pbfactor:1.91 avgQpOffsetCutree:0.00;
in:199 out:200 type:b q:34.42 q-aq:34.09 q-noVbv:34.42 q-Rceq:1.32 tex:349 mv:2204 misc:671 icu:0.00 pcu:661.75 scu:634.25 tlayer:4 pbqpoffset:4.77 pbfactor:1.74 avgQpOffsetCutree:0.00;
in:210 out:201 type:k q:32.03 q-aq:24.52 q-noVbv:32.03 q-Rceq:1.32 tex:217389 mv:30671 misc:2812 icu:374.75 pcu:905.25 scu:16.00 tlayer:0 pbqpoffset:0.71 pbfactor:1.09 avgQpOffsetCutree:-7.61;
in:205 out:202 type:B q:32.69 q-aq:27.50 q-noVbv:32.69 q-Rceq:1.32 tex:32690 mv:12127 misc:3863 icu:85.75 pcu:915.75 scu:294.50 tlayer:1 pbqpoffset:1.87 pbfactor:1.24 avgQpOffsetCutree:-4.22;
in:203 out:203 type:B q:33.96 q-aq:31.71 q-noVbv:33.96 q-Rceq:1.32 tex:1657 mv:3584 misc:1071 icu:17.00 pcu:788.00 scu:491.00 tlayer:2 pbqpoffset:3.62 pbfactor:1.52 avgQpOffsetCutree:-2.06;
in:202 out:204 type:B q:33.49 q-aq:33.23 q-noVbv:33.49 q-Rceq:1.32 tex:1838 mv:3277 misc:1013 icu:6.00 pcu:688.00 scu:602.00 tlayer:3 pbqpoffset:3.39 pbfactor:1.48 avgQpOffsetCutree:-1.00;
in:201 out:205 type:b q:34.28 q-aq:34.00 q-noVbv:34.28 q-Rceq:1.32 tex:1056 mv:2656 misc:832 icu:4.00 pcu:732.75 scu:559.25 tlayer:4 pbqpoffset:4.43 pbfactor:1.67 avgQpOffsetCutree:0.00;
in:204 out:206 type:b q:37.20 q-aq:37.00 q-noVbv:37.20 q-Rceq:1.32 tex:4 mv:1083 misc:489 icu:0.00 pcu:392.00 scu:904.00 tlayer:3 pbqpoffset:6.62 pbfactor:2.15 avgQpOffsetCutree:0.00;
in:208 out:207 type:B q:33.30 q-aq:32.55 q-noVbv:33.30 q-Rceq:1.32 tex:7695 mv:4736 misc:2057 icu:64.75 pcu:588.00 scu:643.25 tlayer:2 pbqpoffset:1.76 pbfactor:1.22 avgQpOffsetCutree:-1.24;
in:207 out:208 type:B q:34.38 q-aq:34.12 q-noVbv:34.38 q-Rceq:1.32 tex:96 mv:1556 misc:972 icu:4.00 pcu:549.00 scu:743.00 tlayer:3 pbqpoffset:3.08 pbfactor:1.43 avgQpOffsetCutree:-1.04;
in:206 out:209 type:b q:37.68 q-aq:38.00 q-noVbv:37.68 q-Rceq:1.32 tex:5 mv:682 misc:425 icu:0.00 pcu:281.00 scu:1015.00 tlayer:4 pbqpoffset:6.62 pbfactor:2.15 avgQpOffsetCutree:0.00;
in:209 out:210 type:b q:35.46 q-aq:35.00 q-noVbv:35.46 q-Rceq:1.32 tex:24 mv:1318 misc:562 icu:1.00 pcu:483.00 scu:812.00 tlayer:3 pbqpoffset:3.68 pbfactor:1.53 avgQpOffsetCutree:0.00;
in:224 out:211 type:k q:30.14 q-aq:22.01 q-noVbv:30.14 q-Rceq:1.32 tex:305133 mv:37669 misc:2710 icu:711.25 pcu:580.25 scu:4.50 tlayer:0 pbqpoffset:0.79 pbfactor:1.10 avgQpOffsetCutree:-7.60;
in:217 out:212 type:B q:32.78 q-aq:25.70 q-noVbv:32.78 q-Rceq:1.32 tex:92833 mv:19060 misc:4603 icu:116.25 pcu:971.00 scu:208.75 tlayer:1 pbqpoffset:1.70 pbfactor:1.22 avgQpOffsetCutree:-5.51;
in:214 out:213 type:B q:33.93 q-aq:30.35 q-noVbv:33.93 q-Rceq:1.32 tex:8189 mv:6019 misc:2128 icu:5.75 pcu:781.00 scu:509.25 tlayer:2 pbqpoffset:2.44 pbfactor:1.33 avgQpOffsetCutree:-2.97;
in:212 out:214 type:B q:34.76 q-aq:32.53 q-noVbv:34.76 q-Rceq:1.32 tex:802 mv:3043 misc:907 icu:3.00 pcu:756.50 scu:536.50 tlayer:3 pbqpoffset:3.00 pbfactor:1.41 avgQpOffsetCutree:-1.78;
in:211 out:215 type:b q:35.78 q-aq:36.00 q-noVbv:35.78 q-Rceq:1.32 tex:6 mv:1600 misc:578 icu:0.00 pcu:478.75 scu:817.25 tlayer:4 pbqpoffset:3.89 pbfactor:1.57 avgQpOffsetCutree:0.00;
in:213 out:216 type:b q:35.44 q-aq:35.00 q-noVbv:35.44 q-Rceq:1.32 tex:11 mv:1586 misc:563 icu:0.00 pcu:472.50 scu:823.50 tlayer:4 pbqpoffset:3.82 pbfactor:1.55 avgQpOffsetCutree:0.00;
in:216 out:217 type:B q:34.78 q-aq:34.18 q-noVbv:34.78 q-Rceq:1.32 tex:89 mv:1806 misc:585 icu:0.00 pcu:560.75 scu:735.25 tlayer:3 pbqpoffset:3.56 pbfactor:1.51 avgQpOffsetCutree:-0.99;
in:215 out:218 type:b q:35.34 q-aq:35.00 q-noVbv:35.34 q-Rceq:1.32 tex:83 mv:1484 misc:553 icu:0.00 pcu:413.75 scu:882.25 tlayer:4 pbqpoffset:3.99 pbfactor:1.59 avgQpOffsetCutree:0.00;
in:221 out:219 type:B q:32.51 q-aq:28.21 q-noVbv:32.51 q-Rceq:1.32 tex:29167 mv:9109 misc:3572 icu:44.25 pcu:866.50 scu:385.25 tlayer:2 pbqpoffset:1.97 pbfactor:1.26 avgQpOffsetCutree:-3.53;
in:219 out:220 type:B q:34.26 q-aq:32.70 q-noVbv:34.26 q-Rceq:1.32 tex:1355 mv:2888 misc:989 icu:8.00 pcu:711.50 scu:576.50 tlayer:3 pbqpoffset:3.44 pbfactor:1.49 avgQpOffsetCutree:-1.71;
in:218 out:221 type:b q:35.99 q-aq:36.00 q-noVbv:35.99 q-Rceq:1.32 tex:121 mv:1002 misc:525 icu:0.00 pcu:283.75 scu:1012.25 tlayer:4 pbqpoffset:5.04 pbfactor:1.79 avgQpOffsetCutree:0.00;
in:220 out:222 type:b q:34.88 q-aq:35.00 q-noVbv:34.88 q-Rceq:1.32 tex:39 mv:1238 misc:515 icu:0.00 pcu:481.25 scu:814.75 tlayer:4 pbqpoffset:4.20 pbfactor:1.62 avgQpOffsetCutree:0.00;
in:223 out:223 type:B q:32.46 q-aq:32.03 q-noVbv:32.46 q-Rceq:1.32 tex:3904 mv:3762 misc:1774 icu:12.25 pcu:756.75 scu:527.00 tlayer:3 pbqpoffset:2.19 pbfactor:1.29 avgQpOffsetCutree:-0.96;
in:222 out:224 type:b q:33.94 q-aq:34.00 q-noVbv:33.94 q-Rceq:1.32 tex:1614 mv:2250 misc:840 icu:1.00 pcu:575.50 scu:719.50 tlayer:4 pbqpoffset:3.52 pbfactor:1.50 avgQpOffsetCutree:0.00;
in:240 out:225 type:k q:29.07 q-aq:21.30 q-noVbv:29.07 q-Rceq:1.32 tex:317881 mv:44648 misc:2663 icu:827.00 pcu:462.25 scu:6.75 tlayer:0 pbqpoffset:0.80 pbfactor:1.10 avgQpOffsetCutree:-7.46;
in:232 out:226 type:B q:31.26 q-aq:23.82 q-noVbv:31.26 q-Rceq:1.32 tex:139241 mv:22980 misc:4035 icu:202.50 pcu:988.00 scu:105.50 tlayer:1 pbqpoffset:1.66 pbfactor:1.21 avgQpOffsetCutree:-5.91;
in:228 out:227 type:B q:32.05 q-aq:27.74 q-noVbv:32.05 q-Rceq:1.32 tex:15053 mv:9158 misc:2869 icu:33.75 pcu:805.25 scu:457.00 tlayer:2 pbqpoffset:2.18 pbfactor:1.29 avgQpOffsetCutree:-3.54;
in:226 out:228 type:B q:33.12 q-aq:30.87 q-noVbv:33.12 q-Rceq:1.32 tex:2248 mv:3944 misc:1320 icu:2.25 pcu:864.00 scu:429.75 tlayer:3 pbqpoffset:3.11 pbfactor:1.43 avgQpOffsetCutree:-1.79;
in:225 out:229 type:b q:34.16 q-aq:34.00 q-noVbv:34.16 q-Rceq:1.32 tex:119 mv:1807 misc:610 icu:0.00 pcu:593.50 scu:702.50 tlayer:4 pbqpoffset:4.09 pbfactor:1.60 avgQpOffsetCutree:0.00;
in:227 out:230 type:b q:34.44 q-aq:34.00 q-noVbv:34.44 q-Rceq:1.32 tex:177 mv:2120 misc:639 icu:0.00 pcu:669.25 scu:626.75 tlayer:4 pbqpoffset:4.50 pbfactor:1.68 avgQpOffsetCutree:0.00;
in:230 out:231 type:B q:32.68 q-aq:30.58 q-noVbv:32.68 q-Rceq:1.32 tex:3298 mv:3714 misc:1188 icu:9.00 pcu:716.25 scu:570.75 tlayer:3 pbqpoffset:2.94 pbfactor:1.41 avgQpOffsetCutree:-1.91;
in:229 out:232 type:b q:34.11 q-aq:34.00 q-noVbv:34.11 q-Rceq:1.32 tex:812 mv:2018 misc:674 icu:4.00 pcu:546.00 scu:746.00 tlayer:4 pbqpoffset:4.30 pbfactor:1.64 avgQpOffsetCutree:0.00;
in:231 out:233 type:b q:33.74 q-aq:34.00 q-noVbv:33.74 q-Rceq:1.32 tex:11 mv:1829 misc:576 icu:0.00 pcu:623.00 scu:673.00 tlayer:4 pbqpoffset:4.07 pbfactor:1.60 avgQpOffsetCutree:0.00;
in:236 out:234 type:B q:31.08 q-aq:26.04 q-noVbv:31.08 q-Rceq:1.32 tex:58270 mv:13272 misc:4802 icu:63.75 pcu:818.25 scu:414.00 tlayer:2 pbqpoffset:1.75 pbfactor:1.22 avgQpOffsetCutree:-4.06;
in:234 out:235 type:B q:32.85 q-aq:30.87 q-noVbv:32.85 q-Rceq:1.32 tex:3687 mv:3827 misc:1438 icu:4.00 pcu:775.50 scu:516.50 tlayer:3 pbqpoffset:3.38 pbfactor:1.48 avgQpOffsetCutree:-1.88;
in:233 out:236 type:b q:34.51 q-aq:35.00 q-noVbv:34.51 q-Rceq:1.32 tex:394 mv:1535 misc:543 icu:0.00 pcu:497.25 scu:798.75 tlayer:4 pbqpoffset:4.97 pbfactor:1.78 avgQpOffsetCutree:0.00;
in:235 out:237 type:b q:33.90 q-aq:34.00 q-noVbv:33.90 q-Rceq:1.32 tex:420 mv:2154 misc:730 icu:0.00 pcu:635.50 scu:660.50 tlayer:4 pbqpoffset:4.50 pbfactor:1.68 avgQpOffsetCutree:0.00;
in:238 out:238 type:B q:31.99 q-aq:29.44 q-noVbv:31.99 q-Rceq:1.32 tex:6887 mv:3992 misc:2145 icu:19.50 pcu:683.50 scu:593.00 tlayer:3 pbqpoffset:2.79 pbfactor:1.38 avgQpOffsetCutree:-2.29;
in:237 out:239 type:b q:34.45 q-aq:34.14 q-noVbv:34.45 q-Rceq:1.32 tex:249 mv:1575 misc:624 icu:0.00 pcu:458.50 scu:837.50 tlayer:4 pbqpoffset:5.18 pbfactor:1.82 avgQpOffsetCutree:0.00;
in:239 out:240 type:b q:32.73 q-aq:33.00 q-noVbv:32.73 q-Rceq:1.32 tex:690 mv:1964 misc:1018 icu:0.00 pcu:575.00 scu:721.00 tlayer:4 pbqpoffset:3.60 pbfactor:1.52 avgQpOffsetCutree:0.00;
in:256 out:241 type:k q:29.31 q-aq:21.82 q-noVbv:29.31 q-Rceq:1.32 tex:279621 mv:37728 misc:2523 icu:1065.75 pcu:227.00 scu:3.25 tlayer:0 pbqpoffset:0.70 pbfactor:1.08 avgQpOffsetCutree:-7.39;
in:248 out:242 type:B q:30.92 q-aq:23.92 q-noVbv:30.92 q-Rceq:1.32 tex:151004 mv:22177 misc:3715 icu:166.50 pcu:1024.00 scu:105.50 tlayer:1 pbqpoffset:1.73 pbfactor:1.22 avgQpOffsetCutree:-5.76;
in:244 out:243 type:B q:31.63 q-aq:27.65 q-noVbv:31.63 q-Rceq:1.32 tex:25196 mv:10560 misc:3164 icu:45.25 pcu:866.00 scu:384.75 tlayer:2 pbqpoffset:2.50 pbfactor:1.33 avgQpOffsetCutree:-3.31;
in:242 out:244 type:B q:31.96 q-aq:30.46 q-noVbv:31.96 q-Rceq:1.32 tex:5151 mv:4551 misc:1586 icu:16.25 pcu:724.50 scu:555.25 tlayer:3 pbqpoffset:2.86 pbfactor:1.39 avgQpOffsetCutree:-1.73;
in:241 out:245 type:b q:32.74 q-aq:33.00 q-noVbv:32.74 q-Rceq:1.32 tex:493 mv:1923 misc:712 icu:9.00 pcu:572.00 scu:715.00 tlayer:4 pbqpoffset:3.66 pbfactor:1.53 avgQpOffsetCutree:0.00;
in:243 out:246 type:b q:32.73 q-aq:33.00 q-noVbv:32.73 q-Rceq:1.32 tex:1050 mv:2319 misc:815 icu:1.00 pcu:714.50 scu:580.50 tlayer:4 pbqpoffset:3.62 pbfactor:1.52 avgQpOffsetCutree:0.00;
in:246 out:247 type:B q:32.38 q-aq:30.20 q-noVbv:32.38 q-Rceq:1.32 tex:4157 mv:4638 misc:1549 icu:9.00 pcu:805.25 scu:481.75 tlayer:3 pbqpoffset:3.22 pbfactor:1.45 avgQpOffsetCutree:-1.93;
in:245 out:248 type:b q:34.05 q-aq:34.00 q-noVbv:34.05 q-Rceq:1.32 tex:589 mv:1820 misc:719 icu:5.00 pcu:428.00 scu:863.00 tlayer:4 pbqpoffset:4.91 pbfactor:1.76 avgQpOffsetCutree:0.00;
in:247 out:249 type:b q:34.58 q-aq:35.00 q-noVbv:34.58 q-Rceq:1.32 tex:322 mv:1587 misc:635 icu:1.00 pcu:442.75 scu:852.25 tlayer:4 pbqpoffset:5.40 pbfactor:1.87 avgQpOffsetCutree:0.00;
in:252 out:250 type:B q:31.46 q-aq:26.09 q-noVbv:31.46 q-Rceq:1.32 tex:42771 mv:11418 misc:4267 icu:53.00 pcu:855.25 scu:387.75 tlayer:2 pbqpoffset:2.21 pbfactor:1.29 avgQpOffsetCutree:-4.26;
in:250 out:251 type:B q:32.81 q-aq:30.99 q-noVbv:32.81 q-Rceq:1.32 tex:2169 mv:3259 misc:1188 icu:2.50 pcu:664.50 scu:629.00 tlayer:3 pbqpoffset:3.59 pbfactor:1.51 avgQpOffsetCutree:-1.64;
in:249 out:252 type:b q:34.63 q-aq:35.00 q-noVbv:34.63 q-Rceq:1.32 tex:431 mv:1922 misc:695 icu:0.25 pcu:545.25 scu:750.50 tlayer:4 pbqpoffset:5.42 pbfactor:1.87 avgQpOffsetCutree:0.00;
in:251 out:253 type:b q:35.70 q-aq:36.00 q-noVbv:35.70 q-Rceq:1.32 tex:6 mv:881 misc:481 icu:0.00 pcu:305.00 scu:991.00 tlayer:4 pbqpoffset:6.47 pbfactor:2.11 avgQpOffsetCutree:0.00;
in:254 out:254 type:B q:32.31 q-aq:30.04 q-noVbv:32.31 q-Rceq:1.32 tex:1971 mv:2052 misc:1497 icu:4.50 pcu:623.75 scu:667.75 tlayer:3 pbqpoffset:3.03 pbfactor:1.42 avgQpOffsetCutree:-2.17;
in:253 out:255 type:b q:35.32 q-aq:35.00 q-noVbv:35.32 q-Rceq:1.32 tex:11 mv:941 misc:504 icu:0.00 pcu:428.00 scu:868.00 tlayer:4 pbqpoffset:6.05 pbfactor:2.01 avgQpOffsetCutree:0.00;
in:255 out:256 type:b q:32.60 q-aq:33.00 q-noVbv:32.60 q-Rceq:1.32 tex:227 mv:989 misc:808 icu:0.00 pcu:441.00 scu:855.00 tlayer:4 pbqpoffset:3.31 pbfactor:1.47 avgQpOffsetCutree:0.00;
in:260 out:257 type:k q:33.31 q-aq:24.63 q-noVbv:33.31 q-Rceq:1.32 tex:77780 mv:18030 misc:4526 icu:84.75 pcu:882.50 scu:328.75 tlayer:0 pbqpoffset:0.70 pbfactor:1.08 avgQpOffsetCutree:-7.40;
in:258 out:258 type:B q:32.85 q-aq:31.21 q-noVbv:32.85 q-Rceq:1.32 tex:3699 mv:3862 misc:1399 icu:3.50 pcu:634.00 scu:658.50 tlayer:1 pbqpoffset:1.53 pbfactor:1.19 avgQpOffsetCutree:-1.73;
in:257 out:259 type:b q:32.98 q-aq:33.00 q-noVbv:32.98 q-Rceq:1.32 tex:1033 mv:2139 misc:924 icu:3.25 pcu:504.25 scu:788.50 tlayer:2 pbqpoffset:2.67 pbfactor:1.36 avgQpOffsetCutree:0.00;
in:259 out:260 type:b q:34.98 q-aq:35.00 q-noVbv:34.98 q-Rceq:1.32 tex:250 mv:1454 misc:608 icu:0.00 pcu:432.00 scu:864.00 tlayer:2 pbqpoffset:2.67 pbfactor:1.36 avgQpOffsetCutree:0.00;
in:276 out:261 type:k q:29.33 q-aq:20.76 q-noVbv:29.33 q-Rceq:1.32 tex:298053 mv:31149 misc:3086 icu:633.00 pcu:657.50 scu:5.50 tlayer:0 pbqpoffset:0.56 pbfactor:1.07 avgQpOffsetCutree:-7.67;
in:268 out:262 type:B q:32.76 q-aq:26.55 q-noVbv:32.76 q-Rceq:1.32 tex:88107 mv:17550 misc:3639 icu:126.00 pcu:1005.75 scu:164.25 tlayer:1 pbqpoffset:1.44 pbfactor:1.18 avgQpOffsetCutree:-4.87;
in:264 out:263 type:B q:34.20 q-aq:30.13 q-noVbv:34.20 q-Rceq:1.32 tex:9364 mv:8152 misc:2620 icu:33.75 pcu:709.25 scu:553.00 tlayer:2 pbqpoffset:1.89 pbfactor:1.24 avgQpOffsetCutree:-3.45;
in:262 out:264 type:B q:35.35 q-aq:34.57 q-noVbv:35.35 q-Rceq:1.32 tex:389 mv:2470 misc:741 icu:1.00 pcu:636.75 scu:658.25 tlayer:3 pbqpoffset:2.54 pbfactor:1.34 avgQpOffsetCutree:-1.71;
in:261 out:265 type:b q:36.39 q-aq:36.00 q-noVbv:36.39 q-Rceq:1.32 tex:86 mv:1280 misc:554 icu:1.00 pcu:385.25 scu:909.75 tlayer:4 pbqpoffset:3.32 pbfactor:1.47 avgQpOffsetCutree:0.00;
in:263 out:266 type:b q:36.11 q-aq:36.00 q-noVbv:36.11 q-Rceq:1.32 tex:111 mv:1417 misc:592 icu:1.50 pcu:430.75 scu:863.75 tlayer:4 pbqpoffset:3.55 pbfactor:1.51 avgQpOffsetCutree:0.00;
in:266 out:267 type:B q:34.48 q-aq:32.64 q-noVbv:34.48 q-Rceq:1.32 tex:1079 mv:3195 misc:1014 icu:0.25 pcu:750.25 scu:545.50 tlayer:3 pbqpoffset:2.66 pbfactor:1.36 avgQpOffsetCutree:-1.96;
in:265 out:268 type:b q:35.45 q-aq:35.00 q-noVbv:35.45 q-Rceq:1.32 tex:171 mv:1617 misc:604 icu:0.00 pcu:541.50 scu:754.50 tlayer:4 pbqpoffset:3.38 pbfactor:1.48 avgQpOffsetCutree:0.00;
in:267 out:269 type:b q:35.66 q-aq:36.00 q-noVbv:35.66 q-Rceq:1.32 tex:150 mv:1180 misc:550 icu:1.00 pcu:434.25 scu:860.75 tlayer:4 pbqpoffset:4.10 pbfactor:1.61 avgQpOffsetCutree:0.00;
in:272 out:270 type:B q:31.77 q-aq:28.47 q-noVbv:31.77 q-Rceq:1.32 tex:47024 mv:12990 misc:3770 icu:113.75 pcu:892.75 scu:289.50 tlayer:2 pbqpoffset:1.44 pbfactor:1.18 avgQpOffsetCutree:-2.82;
in:270 out:271 type:B q:33.42 q-aq:31.22 q-noVbv:33.42 q-Rceq:1.32 tex:3022 mv:2857 misc:1673 icu:2.00 pcu:522.25 scu:771.75 tlayer:3 pbqpoffset:2.59 pbfactor:1.35 avgQpOffsetCutree:-2.16;
in:269 out:272 type:b q:36.30 q-aq:36.00 q-noVbv:36.30 q-Rceq:1.32 tex:4 mv:1011 misc:489 icu:0.00 pcu:352.00 scu:944.00 tlayer:4 pbqpoffset:5.23 pbfactor:1.83 avgQpOffsetCutree:0.00;
in:271 out:273 type:b q:33.82 q-aq:34.00 q-noVbv:33.82 q-Rceq:1.32 tex:579 mv:1647 misc:926 icu:4.00 pcu:509.75 scu:782.25 tlayer:4 pbqpoffset:3.25 pbfactor:1.45 avgQpOffsetCutree:0.00;
in:274 out:274 type:B q:32.81 q-aq:31.21 q-noVbv:32.81 q-Rceq:1.32 tex:2293 mv:3354 misc:1265 icu:6.25 pcu:662.25 scu:627.50 tlayer:3 pbqpoffset:2.98 pbfactor:1.41 avgQpOffsetCutree:-1.73;
in:273 out:275 type:b q:33.73 q-aq:34.00 q-noVbv:33.73 q-Rceq:1.32 tex:238 mv:1633 misc:641 icu:0.00 pcu:451.00 scu:845.00 tlayer:4 pbqpoffset:3.66 pbfactor:1.53 avgQpOffsetCutree:0.00;
in:275 out:276 type:b q:33.68 q-aq:34.00 q-noVbv:33.68 q-Rceq:1.32 tex:49 mv:1769 misc:694 icu:0.00 pcu:555.00 scu:741.00 tlayer:4 pbqpoffset:4.11 pbfactor:1.61 avgQpOffsetCutree:0.00;
in:292 out:277 type:k q:28.81 q-aq:20.82 q-noVbv:28.81 q-Rceq:1.32 tex:251236 mv:29271 misc:3109 icu:601.00 pcu:686.00 scu:9.00 tlayer:0 pbqpoffset:0.52 pbfactor:1.06 avgQpOffsetCutree:-7.53;
in:284 out:278 type:B q:30.68 q-aq:24.55 q-noVbv:30.68 q-Rceq:1.32 tex:102278 mv:18424 misc:3506 icu:116.75 pcu:969.25 scu:210.00 tlayer:1 pbqpoffset:1.62 pbfactor:1.21 avgQpOffsetCutree:-5.00;
in:280 out:279 type:B q:31.32 q-aq:26.97 q-noVbv:31.32 q-Rceq:1.32 tex:25561 mv:10551 misc:3560 icu:44.50 pcu:782.50 scu:469.00 tlayer:2 pbqpoffset:2.13 pbfactor:1.28 avgQpOffsetCutree:-3.54;
in:278 out:280 type:B q:31.88 q-aq:30.53 q-noVbv:31.88 q-Rceq:1.32 tex:3728 mv:4683 misc:1669 icu:9.50 pcu:740.25 scu:546.25 tlayer:3 pbqpoffset:2.62 pbfactor:1.35 avgQpOffsetCutree:-1.63;
in:277 out:281 type:b q:32.68 q-aq:33.00 q-noVbv:32.68 q-Rceq:1.32 tex:873 mv:2315 misc:820 icu:6.00 pcu:629.00 scu:661.00 tlayer:4 pbqpoffset:3.38 pbfactor:1.48 avgQpOffsetCutree:0.00;
in:279 out:282 type:b q:33.93 q-aq:34.00 q-noVbv:33.93 q-Rceq:1.32 tex:24 mv:1734 misc:586 icu:8.00 pcu:491.75 scu:796.25 tlayer:4 pbqpoffset:4.70 pbfactor:1.72 avgQpOffsetCutree:0.00;
in:282 out:283 type:B q:31.96 q-aq:30.40 q-noVbv:31.96 q-Rceq:1.32 tex:3518 mv:4432 misc:1586 icu:20.75 pcu:726.75 scu:548.50 tlayer:3 pbqpoffset:2.83 pbfactor:1.39 avgQpOffsetCutree:-1.69;
in:281 out:284 type:b q:33.69 q-aq:34.00 q-noVbv:33.69 q-Rceq:1.32 tex:11 mv:1599 misc:558 icu:0.00 pcu:527.25 scu:768.75 tlayer:4 pbqpoffset:4.53 pbfactor:1.69 avgQpOffsetCutree:0.00;
in:283 out:285 type:b q:33.15 q-aq:33.00 q-noVbv:33.15 q-Rceq:1.32 tex:281 mv:2114 misc:709 icu:0.00 pcu:577.00 scu:719.00 tlayer:4 pbqpoffset:4.05 pbfactor:1.60 avgQpOffsetCutree:0.00;
in:288 out:286 type:B q:30.55 q-aq:27.24 q-noVbv:30.55 q-Rceq:1.32 tex:67629 mv:14185 misc:3666 icu:126.25 pcu:754.50 scu:415.25 tlayer:2 pbqpoffset:1.62 pbfactor:1.21 avgQpOffsetCutree:-2.85;
in:286 out:287 type:B q:31.21 q-aq:28.69 q-noVbv:31.21 q-Rceq:1.32 tex:8048 mv:4249 misc:2319 icu:27.50 pcu:634.75 scu:633.75 tlayer:3 pbqpoffset:2.21 pbfactor:1.29 avgQpOffsetCutree:-2.23;
in:285 out:288 type:b q:32.95 q-aq:33.00 q-noVbv:32.95 q-Rceq:1.32 tex:461 mv:2169 misc:770 icu:0.25 pcu:570.50 scu:725.25 tlayer:4 pbqpoffset:3.91 pbfactor:1.57 avgQpOffsetCutree:0.00;
in:287 out:289 type:b q:32.05 q-aq:32.00 q-noVbv:32.05 q-Rceq:1.32 tex:462 mv:1942 misc:956 icu:7.00 pcu:492.50 scu:796.50 tlayer:4 pbqpoffset:3.08 pbfactor:1.43 avgQpOffsetCutree:0.00;
in:290 out:290 type:B q:31.51 q-aq:30.14 q-noVbv:31.51 q-Rceq:1.32 tex:5324 mv:4103 misc:1565 icu:14.00 pcu:699.50 scu:582.50 tlayer:3 pbqpoffset:2.64 pbfactor:1.36 avgQpOffsetCutree:-1.59;
in:289 out:291 type:b q:33.66 q-aq:34.00 q-noVbv:33.66 q-Rceq:1.32 tex:151 mv:1532 misc:605 icu:8.00 pcu:373.50 scu:914.50 tlayer:4 pbqpoffset:4.76 pbfactor:1.73 avgQpOffsetCutree:0.00;
in:291 out:292 type:b q:32.49 q-aq:32.06 q-noVbv:32.49 q-Rceq:1.32 tex:608 mv:2291 misc:845 icu:17.00 pcu:546.75 scu:732.25 tlayer:4 pbqpoffset:3.65 pbfactor:1.52 avgQpOffsetCutree:0.00;
in:304 out:293 type:k q:29.77 q-aq:22.01 q-noVbv:29.77 q-Rceq:1.32 tex:240625 mv:33284 misc:2675 icu:1013.00 pcu:273.00 scu:10.00 tlayer:0 pbqpoffset:0.61 pbfactor:1.07 avgQpOffsetCutree:-7.28;
in:298 out:294 type:B q:30.94 q-aq:24.64 q-noVbv:30.94 q-Rceq:1.32 tex:79472 mv:16335 misc:3601 icu:105.25 pcu:943.25 scu:247.50 tlayer:1 pbqpoffset:1.65 pbfactor:1.21 avgQpOffsetCutree:-5.10;
in:295 out:295 type:B q:31.62 q-aq:28.49 q-noVbv:31.62 q-Rceq:1.32 tex:13051 mv:7819 misc:2538 icu:25.25 pcu:775.50 scu:495.25 tlayer:2 pbqpoffset:2.57 pbfactor:1.35 avgQpOffsetCutree:-2.74;
in:294 out:296 type:B q:32.22 q-aq:32.01 q-noVbv:32.22 q-Rceq:1.32 tex:1810 mv:3196 misc:1162 icu:1.00 pcu:660.00 scu:635.00 tlayer:3 pbqpoffset:3.26 pbfactor:1.46 avgQpOffsetCutree:-0.89;
in:293 out:297 type:b q:33.08 q-aq:33.00 q-noVbv:33.08 q-Rceq:1.32 tex:765 mv:2800 misc:963 icu:5.25 pcu:669.25 scu:621.50 tlayer:4 pbqpoffset:4.20 pbfactor:1.62 avgQpOffsetCutree:0.00;
in:297 out:298 type:B q:32.72 q-aq:32.47 q-noVbv:32.72 q-Rceq:1.32 tex:1427 mv:2680 misc:1045 icu:0.00 pcu:586.00 scu:710.00 tlayer:3 pbqpoffset:3.52 pbfactor:1.50 avgQpOffsetCutree:-0.88;
in:296 out:299 type:b q:33.20 q-aq:33.00 q-noVbv:33.20 q-Rceq:1.32 tex:712 mv:2243 misc:757 icu:1.25 pcu:626.00 scu:668.75 tlayer:4 pbqpoffset:4.08 pbfactor:1.60 avgQpOffsetCutree:0.00;
in:301 out:300 type:B q:31.61 q-aq:27.70 q-noVbv:31.61 q-Rceq:1.32 tex:20760 mv:9530 misc:3382 icu:41.75 pcu:777.75 scu:476.50 tlayer:2 pbqpoffset:2.09 pbfactor:1.27 avgQpOffsetCutree:-3.22;
in:300 out:301 type:B q:32.72 q-aq:32.58 q-noVbv:32.72 q-Rceq:1.32 tex:930 mv:2328 misc:934 icu:5.00 pcu:574.25 scu:716.75 tlayer:3 pbqpoffset:3.27 pbfactor:1.46 avgQpOffsetCutree:-0.80;
in:299 out:302 type:b q:35.45 q-aq:35.00 q-noVbv:35.45 q-Rceq:1.32 tex:303 mv:1645 misc:644 icu:7.00 pcu:498.50 scu:790.50 tlayer:4 pbqpoffset:6.08 pbfactor:2.02 avgQpOffsetCutree:0.00;
in:303 out:303 type:B q:32.49 q-aq:31.57 q-noVbv:32.49 q-Rceq:1.32 tex:1621 mv:2487 misc:1436 icu:5.00 pcu:641.00 scu:650.00 tlayer:3 pbqpoffset:2.80 pbfactor:1.38 avgQpOffsetCutree:-1.21;
in:302 out:304 type:b q:35.27 q-aq:35.00 q-noVbv:35.27 q-Rceq:1.32 tex:64 mv:1197 misc:531 icu:0.00 pcu:414.25 scu:881.75 tlayer:4 pbqpoffset:5.67 pbfactor:1.92 avgQpOffsetCutree:0.00;
in:316 out:305 type:k q:28.92 q-aq:21.02 q-noVbv:28.92 q-Rceq:1.32 tex:210519 mv:25877 misc:3236 icu:393.25 pcu:761.25 scu:141.50 tlayer:0 pbqpoffset:0.59 pbfactor:1.07 avgQpOffsetCutree:-7.06;
in:310 out:306 type:B q:30.90 q-aq:25.37 q-noVbv:30.90 q-Rceq:1.32 tex:48038 mv:14466 misc:3856 icu:63.50 pcu:783.00 scu:449.50 tlayer:1 pbqpoffset:1.56 pbfactor:1.20 avgQpOffsetCutree:-4.40;
in:307 out:307 type:B q:31.40 q-aq:28.40 q-noVbv:31.40 q-Rceq:1.32 tex:9823 mv:7398 misc:2419 icu:39.75 pcu:729.75 scu:526.50 tlayer:2 pbqpoffset:1.84 pbfactor:1.24 avgQpOffsetCutree:-2.63;
in:306 out:308 type:B q:31.90 q-aq:31.97 q-noVbv:31.90 q-Rceq:1.32 tex:1003 mv:2629 misc:904 icu:7.00 pcu:565.75 scu:723.25 tlayer:3 pbqpoffset:2.27 pbfactor:1.30 avgQpOffsetCutree:-0.67;
in:305 out:309 type:b q:33.63 q-aq:34.00 q-noVbv:33.63 q-Rceq:1.32 tex:64 mv:1328 misc:544 icu:5.00 pcu:285.00 scu:1006.00 tlayer:4 pbqpoffset:3.93 pbfactor:1.57 avgQpOffsetCutree:0.00;
in:309 out:310 type:B q:31.70 q-aq:30.95 q-noVbv:31.70 q-Rceq:1.32 tex:2101 mv:3778 misc:1249 icu:10.50 pcu:779.75 scu:505.75 tlayer:3 pbqpoffset:2.28 pbfactor:1.30 avgQpOffsetCutree:-1.09;
in:308 out:311 type:b q:32.18 q-aq:32.00 q-noVbv:32.18 q-Rceq:1.32 tex:1283 mv:2693 misc:912 icu:2.00 pcu:613.50 scu:680.50 tlayer:4 pbqpoffset:2.69 pbfactor:1.36 avgQpOffsetCutree:0.00;
in:313 out:312 type:B q:31.02 q-aq:28.09 q-noVbv:31.02 q-Rceq:1.32 tex:11290 mv:7280 misc:2526 icu:29.75 pcu:695.75 scu:570.50 tlayer:2 pbqpoffset:1.89 pbfactor:1.24 avgQpOffsetCutree:-2.64;
in:312 out:313 type:B q:31.49 q-aq:31.12 q-noVbv:31.49 q-Rceq:1.32 tex:2552 mv:3378 misc:1294 icu:15.00 pcu:682.50 scu:598.50 tlayer:3 pbqpoffset:2.29 pbfactor:1.30 avgQpOffsetCutree:-0.97;
in:311 out:314 type:b q:32.76 q-aq:33.00 q-noVbv:32.76 q-Rceq:1.32 tex:568 mv:1965 misc:667 icu:10.00 pcu:622.50 scu:663.50 tlayer:4 pbqpoffset:3.49 pbfactor:1.50 avgQpOffsetCutree:0.00;
in:315 out:315 type:B q:31.80 q-aq:31.30 q-noVbv:31.80 q-Rceq:1.32 tex:1371 mv:3045 misc:1016 icu:13.25 pcu:646.50 scu:636.25 tlayer:3 pbqpoffset:2.82 pbfactor:1.38 avgQpOffsetCutree:-1.09;
in:314 out:316 type:b q:32.51 q-aq:33.00 q-noVbv:32.51 q-Rceq:1.32 tex:854 mv:2375 misc:771 icu:8.00 pcu:613.00 scu:675.00 tlayer:4 pbqpoffset:3.46 pbfactor:1.49 avgQpOffsetCutree:0.00;
in:332 out:317 type:k q:27.99 q-aq:20.22 q-noVbv:27.99 q-Rceq:1.32 tex:232343 mv:27829 misc:2948 icu:728.00 pcu:562.50 scu:5.50 tlayer:0 pbqpoffset:0.31 pbfactor:1.04 avgQpOffsetCutree:-7.26;
in:324 out:318 type:B q:29.98 q-aq:23.44 q-noVbv:29.98 q-Rceq:1.32 tex:115467 mv:21071 misc:3758 icu:245.25 pcu:935.25 scu:115.50 tlayer:1 pbqpoffset:1.53 pbfactor:1.19 avgQpOffsetCutree:-5.48;
in:320 out:319 type:B q:30.21 q-aq:26.51 q-noVbv:30.21 q-Rceq:1.32 tex:84280 mv:15678 misc:3818 icu:182.00 pcu:824.00 scu:290.00 tlayer:2 pbqpoffset:1.53 pbfactor:1.19 avgQpOffsetCutree:-3.09;
in:318 out:320 type:B q:31.41 q-aq:29.32 q-noVbv:31.41 q-Rceq:1.32 tex:9892 mv:5582 misc:2302 icu:12.75 pcu:672.75 scu:610.50 tlayer:3 pbqpoffset:2.61 pbfactor:1.35 avgQpOffsetCutree:-2.03;
in:317 out:321 type:b q:34.43 q-aq:34.00 q-noVbv:34.43 q-Rceq:1.32 tex:6 mv:1313 misc:537 icu:0.00 pcu:411.00 scu:885.00 tlayer:4 pbqpoffset:5.57 pbfactor:1.90 avgQpOffsetCutree:0.00;
in:319 out:322 type:b q:32.75 q-aq:33.00 q-noVbv:32.75 q-Rceq:1.32 tex:999 mv:2401 misc:1008 icu:14.50 pcu:493.50 scu:788.00 tlayer:4 pbqpoffset:4.01 pbfactor:1.59 avgQpOffsetCutree:0.00;
in:322 out:323 type:B q:31.11 q-aq:29.39 q-noVbv:31.11 q-Rceq:1.32 tex:5129 mv:4917 misc:1834 icu:6.50 pcu:694.75 scu:594.75 tlayer:3 pbqpoffset:2.54 pbfactor:1.34 avgQpOffsetCutree:-1.70;
in:321 out:324 type:b q:33.02 q-aq:33.00 q-noVbv:33.02 q-Rceq:1.32 tex:434 mv:1746 misc:716 icu:0.00 pcu:509.75 scu:786.25 tlayer:4 pbqpoffset:4.39 pbfactor:1.66 avgQpOffsetCutree:0.00;
in:323 out:325 type:b q:32.92 q-aq:33.00 q-noVbv:32.92 q-Rceq:1.32 tex:92 mv:1961 misc:667 icu:0.00 pcu:579.00 scu:717.00 tlayer:4 pbqpoffset:4.41 pbfactor:1.66 avgQpOffsetCutree:0.00;
in:328 out:326 type:B q:30.38 q-aq:25.83 q-noVbv:30.38 q-Rceq:1.32 tex:28171 mv:11311 misc:3518 icu:54.50 pcu:747.25 scu:494.25 tlayer:2 pbqpoffset:2.16 pbfactor:1.28 avgQpOffsetCutree:-3.66;
in:326 out:327 type:B q:31.10 q-aq:29.43 q-noVbv:31.10 q-Rceq:1.32 tex:7870 mv:5612 misc:2086 icu:9.00 pcu:721.00 scu:566.00 tlayer:3 pbqpoffset:2.77 pbfactor:1.38 avgQpOffsetCutree:-1.76;
in:325 out:328 type:b q:32.59 q-aq:33.00 q-noVbv:32.59 q-Rceq:1.32 tex:495 mv:2166 misc:779 icu:7.00 pcu:562.25 scu:726.75 tlayer:4 pbqpoffset:4.19 pbfactor:1.62 avgQpOffsetCutree:0.00;
in:327 out:329 type:b q:32.17 q-aq:32.00 q-noVbv:32.17 q-Rceq:1.32 tex:1105 mv:2611 misc:964 icu:5.00 pcu:633.25 scu:657.75 tlayer:4 pbqpoffset:3.89 pbfactor:1.57 avgQpOffsetCutree:0.00;
in:330 out:330 type:B q:31.22 q-aq:29.32 q-noVbv:31.22 q-Rceq:1.32 tex:5143 mv:5015 misc:1786 icu:5.50 pcu:697.00 scu:593.50 tlayer:3 pbqpoffset:3.11 pbfactor:1.43 avgQpOffsetCutree:-1.93;
in:329 out:331 type:b q:33.07 q-aq:33.00 q-noVbv:33.07 q-Rceq:1.32 tex:929 mv:2282 misc:765 icu:0.00 pcu:679.50 scu:616.50 tlayer:4 pbqpoffset:4.90 pbfactor:1.76 avgQpOffsetCutree:0.00;
in:331 out:332 type:b q:34.11 q-aq:34.00 q-noVbv:34.11 q-Rceq:1.32 tex:63 mv:1546 misc:551 icu:2.00 pcu:522.25 scu:771.75 tlayer:4 pbqpoffset:6.06 pbfactor:2.01 avgQpOffsetCutree:0.00;
in:336 out:333 type:k q:31.99 q-aq:24.03 q-noVbv:31.99 q-Rceq:1.32 tex:162217 mv:26934 misc:3089 icu:675.50 pcu:576.75 scu:43.75 tlayer:0 pbqpoffset:0.31 pbfactor:1.04 avgQpOffsetCutree:-7.25;
in:334 out:334 type:B q:31.73 q-aq:29.23 q-noVbv:31.73 q-Rceq:1.32 tex:12844 mv:6145 misc:2699 icu:34.00 pcu:662.25 scu:599.75 tlayer:1 pbqpoffset:1.74 pbfactor:1.22 avgQpOffsetCutree:-2.22;
in:333 out:335 type:b q:32.62 q-aq:33.00 q-noVbv:32.62 q-Rceq:1.32 tex:1145 mv:2043 misc:764 icu:6.00 pcu:568.00 scu:722.00 tlayer:2 pbqpoffset:3.62 pbfactor:1.52 avgQpOffsetCutree:0.00;
in:335 out:336 type:b q:33.69 q-aq:34.00 q-noVbv:33.69 q-Rceq:1.32 tex:213 mv:1561 misc:842 icu:0.00 pcu:557.00 scu:739.00 tlayer:2 pbqpoffset:2.70 pbfactor:1.37 avgQpOffsetCutree:0.00;
in:352 out:337 type:k q:27.99 q-aq:19.22 q-noVbv:27.99 q-Rceq:1.32 tex:260068 mv:32724 misc:2408 icu:1026.00 pcu:265.25 scu:4.75 tlayer:0 pbqpoffset:0.48 pbfactor:1.06 avgQpOffsetCutree:-7.39;
in:344 out:338 type:B q:31.49 q-aq:24.26 q-noVbv:31.49 q-Rceq:1.32 tex:98529 mv:16891 misc:3420 icu:199.75 pcu:836.25 scu:260.00 tlayer:1 pbqpoffset:1.50 pbfactor:1.19 avgQpOffsetCutree:-5.68;
in:340 out:339 type:B q:33.07 q-aq:28.70 q-noVbv:33.07 q-Rceq:1.32 tex:9386 mv:6489 misc:2429 icu:15.25 pcu:709.50 scu:571.25 tlayer:2 pbqpoffset:2.07 pbfactor:1.27 avgQpOffsetCutree:-3.57;
in:338 out:340 type:B q:34.30 q-aq:32.17 q-noVbv:34.30 q-Rceq:1.32 tex:1257 mv:2807 misc:1160 icu:6.50 pcu:613.25 scu:676.25 tlayer:3 pbqpoffset:2.81 pbfactor:1.38 avgQpOffsetCutree:-1.73;
in:337 out:341 type:b q:36.50 q-aq:37.00 q-noVbv:36.50 q-Rceq:1.32 tex:56 mv:741 misc:435 icu:0.00 pcu:285.00 scu:1011.00 tlayer:4 pbqpoffset:4.76 pbfactor:1.73 avgQpOffsetCutree:0.00;
in:339 out:342 type:b q:35.89 q-aq:36.00 q-noVbv:35.89 q-Rceq:1.32 tex:133 mv:730 misc:449 icu:1.00 pcu:302.00 scu:993.00 tlayer:4 pbqpoffset:4.65 pbfactor:1.71 avgQpOffsetCutree:0.00;
in:342 out:343 type:B q:33.55 q-aq:31.71 q-noVbv:33.55 q-Rceq:1.32 tex:1468 mv:2595 misc:1137 icu:8.00 pcu:535.50 scu:752.50 tlayer:3 pbqpoffset:3.05 pbfactor:1.42 avgQpOffsetCutree:-1.83;
in:341 out:344 type:b q:35.89 q-aq:36.00 q-noVbv:35.89 q-Rceq:1.32 tex:52 mv:1221 misc:487 icu:0.00 pcu:407.00 scu:889.00 tlayer:4 pbqpoffset:5.15 pbfactor:1.81 avgQpOffsetCutree:0.00;
in:343 out:345 type:b q:34.77 q-aq:35.00 q-noVbv:34.77 q-Rceq:1.32 tex:220 mv:1285 misc:511 icu:1.00 pcu:377.00 scu:918.00 tlayer:4 pbqpoffset:4.53 pbfactor:1.69 avgQpOffsetCutree:0.00;
in:348 out:346 type:B q:30.64 q-aq:25.67 q-noVbv:30.64 q-Rceq:1.32 tex:45474 mv:11804 misc:3882 icu:86.75 pcu:715.50 scu:493.75 tlayer:2 pbqpoffset:1.65 pbfactor:1.21 avgQpOffsetCutree:-4.10;
in:346 out:347 type:B q:32.34 q-aq:30.41 q-noVbv:32.34 q-Rceq:1.32 tex:3736 mv:3584 misc:1416 icu:9.25 pcu:650.50 scu:636.25 tlayer:3 pbqpoffset:2.85 pbfactor:1.39 avgQpOffsetCutree:-2.05;
in:345 out:348 type:b q:34.25 q-aq:34.00 q-noVbv:34.25 q-Rceq:1.32 tex:682 mv:1832 misc:718 icu:7.00 pcu:474.00 scu:815.00 tlayer:4 pbqpoffset:4.51 pbfactor:1.68 avgQpOffsetCutree:0.00;
in:347 out:349 type:b q:34.03 q-aq:34.00 q-noVbv:34.03 q-Rceq:1.32 tex:361 mv:1791 misc:624 icu:2.00 pcu:560.25 scu:733.75 tlayer:4 pbqpoffset:4.79 pbfactor:1.74 avgQpOffsetCutree:0.00;
in:350 out:350 type:B q:30.72 q-aq:28.35 q-noVbv:30.72 q-Rceq:1.32 tex:15001 mv:6954 misc:3029 icu:25.00 pcu:583.25 scu:687.75 tlayer:3 pbqpoffset:2.23 pbfactor:1.29 avgQpOffsetCutree:-2.23;
in:349 out:351 type:b q:33.51 q-aq:34.00 q-noVbv:33.51 q-Rceq:1.32 tex:350 mv:1708 misc:646 icu:0.00 pcu:496.00 scu:800.00 tlayer:4 pbqpoffset:4.77 pbfactor:1.73 avgQpOffsetCutree:0.00;
in:351 out:352 type:b q:31.95 q-aq:32.00 q-noVbv:31.95 q-Rceq:1.32 tex:1569 mv:2086 misc:1057 icu:1.00 pcu:489.75 scu:805.25 tlayer:4 pbqpoffset:3.71 pbfactor:1.53 avgQpOffsetCutree:0.00;
in:360 out:353 type:k q:28.79 q-aq:20.83 q-noVbv:28.79 q-Rceq:1.32 tex:164355 mv:24071 misc:3094 icu:352.50 pcu:740.50 scu:203.00 tlayer:0 pbqpoffset:0.52 pbfactor:1.06 avgQpOffsetCutree:-7.04;
in:356 out:354 type:B q:29.80 q-aq:25.65 q-noVbv:29.80 q-Rceq:1.32 tex:30560 mv:12034 misc:3342 icu:46.00 pcu:638.75 scu:611.25 tlayer:1 pbqpoffset:1.41 pbfactor:1.18 avgQpOffsetCutree:-3.53;
in:354 out:355 type:B q:29.60 q-aq:27.77 q-noVbv:29.60 q-Rceq:1.32 tex:9389 mv:5619 misc:2192 icu:3.00 pcu:606.75 scu:686.25 tlayer:2 pbqpoffset:1.41 pbfactor:1.18 avgQpOffsetCutree:-1.87;
in:353 out:356 type:b q:30.64 q-aq:31.00 q-noVbv:30.64 q-Rceq:1.32 tex:1936 mv:2283 misc:901 icu:2.00 pcu:472.00 scu:822.00 tlayer:3 pbqpoffset:2.54 pbfactor:1.34 avgQpOffsetCutree:0.00;
in:355 out:357 type:b q:30.84 q-aq:31.00 q-noVbv:30.84 q-Rceq:1.32 tex:2478 mv:2596 misc:1054 icu:8.50 pcu:510.00 scu:777.50 tlayer:3 pbqpoffset:2.54 pbfactor:1.34 avgQpOffsetCutree:0.00;
in:358 out:358 type:B q:30.24 q-aq:28.54 q-noVbv:30.24 q-Rceq:1.32 tex:9819 mv:5267 misc:2018 icu:21.75 pcu:617.25 scu:657.00 tlayer:2 pbqpoffset:1.64 pbfactor:1.21 avgQpOffsetCutree:-1.76;
in:357 out:359 type:b q:31.04 q-aq:31.00 q-noVbv:31.04 q-Rceq:1.32 tex:2336 mv:2794 misc:1054 icu:2.75 pcu:628.25 scu:665.00 tlayer:3 pbqpoffset:2.54 pbfactor:1.34 avgQpOffsetCutree:0.00;
in:359 out:360 type:b q:31.24 q-aq:31.00 q-noVbv:31.24 q-Rceq:1.32 tex:2873 mv:3184 misc:1119 icu:6.50 pcu:578.75 scu:710.75 tlayer:3 pbqpoffset:2.54 pbfactor:1.34 avgQpOffsetCutree:0.00;
in:370 out:361 type:k q:28.48 q-aq:20.52 q-noVbv:28.48 q-Rceq:1.32 tex:208808 mv:26847 misc:2577 icu:799.75 pcu:479.50 scu:16.75 tlayer:0 pbqpoffset:0.42 pbfactor:1.05 avgQpOffsetCutree:-7.05;
in:365 out:362 type:B q:30.06 q-aq:25.40 q-noVbv:30.06 q-Rceq:1.32 tex:61856 mv:15231 misc:3409 icu:115.00 pcu:778.50 scu:402.50 tlayer:1 pbqpoffset:1.42 pbfactor:1.18 avgQpOffsetCutree:-3.91;
in:363 out:363 type:B q:30.49 q-aq:28.33 q-noVbv:30.49 q-Rceq:1.32 tex:11728 mv:7885 misc:2403 icu:27.00 pcu:667.25 scu:601.75 tlayer:2 pbqpoffset:1.79 pbfactor:1.23 avgQpOffsetCutree:-2.06;
in:362 out:364 type:B q:30.98 q-aq:30.79 q-noVbv:30.98 q-Rceq:1.32 tex:4140 mv:4091 misc:1457 icu:7.25 pcu:624.50 scu:664.25 tlayer:3 pbqpoffset:2.25 pbfactor:1.30 avgQpOffsetCutree:-0.86;
in:361 out:365 type:b q:31.54 q-aq:32.00 q-noVbv:31.54 q-Rceq:1.32 tex:1756 mv:2908 misc:1016 icu:2.50 pcu:586.25 scu:707.25 tlayer:4 pbqpoffset:2.77 pbfactor:1.38 avgQpOffsetCutree:0.00;
in:364 out:366 type:b q:31.50 q-aq:32.00 q-noVbv:31.50 q-Rceq:1.32 tex:2528 mv:3011 misc:1069 icu:1.00 pcu:598.00 scu:697.00 tlayer:3 pbqpoffset:2.83 pbfactor:1.39 avgQpOffsetCutree:0.00;
in:368 out:367 type:B q:29.96 q-aq:28.71 q-noVbv:29.96 q-Rceq:1.32 tex:21064 mv:7883 misc:2869 icu:35.50 pcu:549.00 scu:711.50 tlayer:2 pbqpoffset:1.42 pbfactor:1.18 avgQpOffsetCutree:-1.45;
in:367 out:368 type:B q:30.83 q-aq:30.66 q-noVbv:30.83 q-Rceq:1.32 tex:5311 mv:4292 misc:1997 icu:12.25 pcu:509.75 scu:774.00 tlayer:3 pbqpoffset:2.25 pbfactor:1.30 avgQpOffsetCutree:-0.80;
in:366 out:369 type:b q:32.48 q-aq:32.14 q-noVbv:32.48 q-Rceq:1.32 tex:1321 mv:2240 misc:991 icu:2.25 pcu:447.00 scu:846.75 tlayer:4 pbqpoffset:3.88 pbfactor:1.56 avgQpOffsetCutree:0.00;
in:369 out:370 type:b q:32.34 q-aq:32.01 q-noVbv:32.34 q-Rceq:1.32 tex:1431 mv:2583 misc:1018 icu:0.25 pcu:477.50 scu:818.25 tlayer:3 pbqpoffset:3.83 pbfactor:1.56 avgQpOffsetCutree:0.00;
in:384 out:371 type:k q:27.19 q-aq:18.96 q-noVbv:27.19 q-Rceq:1.32 tex:251941 mv:33225 misc:2354 icu:1036.25 pcu:253.75 scu:6.00 tlayer:0 pbqpoffset:0.39 pbfactor:1.05 avgQpOffsetCutree:-7.32;
in:377 out:372 type:B q:29.38 q-aq:23.01 q-noVbv:29.38 q-Rceq:1.32 tex:100779 mv:18662 misc:3639 icu:235.50 pcu:770.75 scu:289.75 tlayer:1 pbqpoffset:1.55 pbfactor:1.20 avgQpOffsetCutree:-5.25;
in:374 out:373 type:B q:30.66 q-aq:26.87 q-noVbv:30.66 q-Rceq:1.32 tex:19213 mv:10182 misc:2837 icu:28.75 pcu:690.00 scu:577.25 tlayer:2 pbqpoffset:2.55 pbfactor:1.34 avgQpOffsetCutree:-3.13;
in:372 out:374 type:B q:31.52 q-aq:29.81 q-noVbv:31.52 q-Rceq:1.32 tex:7184 mv:5968 misc:1832 icu:8.75 pcu:691.75 scu:595.50 tlayer:3 pbqpoffset:3.22 pbfactor:1.45 avgQpOffsetCutree:-1.84;
in:371 out:375 type:b q:33.45 q-aq:33.08 q-noVbv:33.45 q-Rceq:1.32 tex:1030 mv:2517 misc:909 icu:0.50 pcu:560.50 scu:735.00 tlayer:4 pbqpoffset:5.06 pbfactor:1.79 avgQpOffsetCutree:0.00;
in:373 out:376 type:b q:33.54 q-aq:34.00 q-noVbv:33.54 q-Rceq:1.32 tex:883 mv:2150 misc:783 icu:1.50 pcu:495.25 scu:799.25 tlayer:4 pbqpoffset:5.34 pbfactor:1.85 avgQpOffsetCutree:0.00;
in:376 out:377 type:B q:31.34 q-aq:31.27 q-noVbv:31.34 q-Rceq:1.32 tex:3374 mv:3926 misc:1204 icu:3.25 pcu:580.50 scu:712.25 tlayer:3 pbqpoffset:3.41 pbfactor:1.48 avgQpOffsetCutree:-0.91;
in:375 out:378 type:b q:33.25 q-aq:33.01 q-noVbv:33.25 q-Rceq:1.32 tex:1384 mv:2416 misc:896 icu:1.25 pcu:450.50 scu:844.25 tlayer:4 pbqpoffset:5.23 pbfactor:1.83 avgQpOffsetCutree:0.00;
in:381 out:379 type:B q:29.26 q-aq:24.89 q-noVbv:29.26 q-Rceq:1.32 tex:49330 mv:11424 misc:3958 icu:153.50 pcu:674.75 scu:467.75 tlayer:2 pbqpoffset:1.79 pbfactor:1.23 avgQpOffsetCutree:-3.64;
in:379 out:380 type:B q:31.06 q-aq:29.40 q-noVbv:31.06 q-Rceq:1.32 tex:6010 mv:5166 misc:1792 icu:22.00 pcu:655.50 scu:618.50 tlayer:3 pbqpoffset:3.41 pbfactor:1.48 avgQpOffsetCutree:-1.86;
in:378 out:381 type:b q:33.22 q-aq:33.00 q-noVbv:33.22 q-Rceq:1.32 tex:831 mv:2387 misc:854 icu:1.00 pcu:514.50 scu:780.50 tlayer:4 pbqpoffset:5.48 pbfactor:1.88 avgQpOffsetCutree:0.00;
in:380 out:382 type:b q:33.97 q-aq:34.00 q-noVbv:33.97 q-Rceq:1.32 tex:444 mv:1959 misc:725 icu:0.25 pcu:491.50 scu:804.25 tlayer:4 pbqpoffset:6.41 pbfactor:2.10 avgQpOffsetCutree:0.00;
in:383 out:383 type:B q:30.06 q-aq:29.67 q-noVbv:30.06 q-Rceq:1.32 tex:7277 mv:4958 misc:2069 icu:12.75 pcu:595.50 scu:687.75 tlayer:3 pbqpoffset:2.77 pbfactor:1.38 avgQpOffsetCutree:-0.89;
in:382 out:384 type:b q:33.66 q-aq:34.00 q-noVbv:33.66 q-Rceq:1.32 tex:676 mv:1887 misc:749 icu:0.25 pcu:391.75 scu:904.00 tlayer:4 pbqpoffset:6.28 pbfactor:2.07 avgQpOffsetCutree:0.00;
in:400 out:385 type:k q:27.11 q-aq:19.65 q-noVbv:27.11 q-Rceq:1.32 tex:258327 mv:32665 misc:2344 icu:1111.50 pcu:176.50 scu:8.00 tlayer:0 pbqpoffset:0.53 pbfactor:1.06 avgQpOffsetCutree:-6.91;
in:392 out:386 type:B q:28.78 q-aq:22.25 q-noVbv:28.78 q-Rceq:1.32 tex:140255 mv:21079 misc:3418 icu:310.50 pcu:863.75 scu:121.75 tlayer:1 pbqpoffset:1.63 pbfactor:1.21 avgQpOffsetCutree:-5.63;
in:388 out:387 type:B q:29.85 q-aq:25.51 q-noVbv:29.85 q-Rceq:1.32 tex:27985 mv:12173 misc:3426 icu:34.50 pcu:666.50 scu:595.00 tlayer:2 pbqpoffset:2.68 pbfactor:1.36 avgQpOffsetCutree:-3.72;
in:386 out:388 type:B q:30.62 q-aq:28.70 q-noVbv:30.62 q-Rceq:1.32 tex:5400 mv:5217 misc:1767 icu:6.00 pcu:661.75 scu:628.25 tlayer:3 pbqpoffset:3.43 pbfactor:1.49 avgQpOffsetCutree:-1.94;
in:385 out:389 type:b q:32.06 q-aq:32.00 q-noVbv:32.06 q-Rceq:1.32 tex:1754 mv:2407 misc:967 icu:4.50 pcu:414.75 scu:876.75 tlayer:4 pbqpoffset:4.87 pbfactor:1.76 avgQpOffsetCutree:0.00;
in:387 out:390 type:b q:32.82 q-aq:33.00 q-noVbv:32.82 q-Rceq:1.32 tex:878 mv:2523 misc:895 icu:3.25 pcu:628.75 scu:664.00 tlayer:4 pbqpoffset:5.64 pbfactor:1.92 avgQpOffsetCutree:0.00;
in:390 out:391 type:B q:30.66 q-aq:28.86 q-noVbv:30.66 q-Rceq:1.32 tex:7642 mv:5769 misc:1533 icu:8.50 pcu:776.00 scu:511.50 tlayer:3 pbqpoffset:3.50 pbfactor:1.50 avgQpOffsetCutree:-1.89;
in:389 out:392 type:b q:33.31 q-aq:33.06 q-noVbv:33.31 q-Rceq:1.32 tex:1218 mv:2231 misc:887 icu:2.50 pcu:539.50 scu:754.00 tlayer:4 pbqpoffset:6.14 pbfactor:2.03 avgQpOffsetCutree:0.00;
in:391 out:393 type:b q:33.18 q-aq:33.00 q-noVbv:33.18 q-Rceq:1.32 tex:869 mv:2395 misc:880 icu:0.00 pcu:511.00 scu:785.00 tlayer:4 pbqpoffset:6.02 pbfactor:2.01 avgQpOffsetCutree:0.00;
in:396 out:394 type:B q:29.18 q-aq:24.51 q-noVbv:29.18 q-Rceq:1.32 tex:56079 mv:11658 misc:3943 icu:70.50 pcu:738.50 scu:487.00 tlayer:2 pbqpoffset:2.05 pbfactor:1.27 avgQpOffsetCutree:-3.95;
in:394 out:395 type:B q:30.64 q-aq:29.25 q-noVbv:30.64 q-Rceq:1.32 tex:8239 mv:5746 misc:1823 icu:10.25 pcu:716.00 scu:569.75 tlayer:3 pbqpoffset:3.50 pbfactor:1.50 avgQpOffsetCutree:-1.73;
in:393 out:396 type:b q:33.17 q-aq:33.00 q-noVbv:33.17 q-Rceq:1.32 tex:1653 mv:2407 misc:924 icu:0.00 pcu:465.00 scu:831.00 tlayer:4 pbqpoffset:6.02 pbfactor:2.01 avgQpOffsetCutree:0.00;
in:395 out:397 type:b q:32.66 q-aq:33.00 q-noVbv:32.66 q-Rceq:1.32 tex:914 mv:2446 misc:848 icu:0.00 pcu:525.25 scu:770.75 tlayer:4 pbqpoffset:5.52 pbfactor:1.89 avgQpOffsetCutree:0.00;
in:398 out:398 type:B q:29.89 q-aq:27.81 q-noVbv:29.89 q-Rceq:1.32 tex:16853 mv:6501 misc:2646 icu:30.00 pcu:709.00 scu:557.00 tlayer:3 pbqpoffset:2.76 pbfactor:1.38 avgQpOffsetCutree:-2.01;
in:397 out:399 type:b q:32.67 q-aq:33.00 q-noVbv:32.67 q-Rceq:1.32 tex:871 mv:2387 misc:814 icu:0.25 pcu:499.25 scu:796.50 tlayer:4 pbqpoffset:5.55 pbfactor:1.90 avgQpOffsetCutree:0.00;
in:399 out:400 type:b q:30.41 q-aq:30.10 q-noVbv:30.41 q-Rceq:1.32 tex:6769 mv:3907 misc:1812 icu:12.00 pcu:538.75 scu:745.25 tlayer:4 pbqpoffset:3.30 pbfactor:1.46 avgQpOffsetCutree:0.00;
in:404 out:401 type:k q:30.11 q-aq:21.92 q-noVbv:30.11 q-Rceq:1.32 tex:102031 mv:20067 misc:3966 icu:160.00 pcu:705.75 scu:430.25 tlayer:0 pbqpoffset:0.37 pbfactor:1.04 avgQpOffsetCutree:-6.88;
in:402 out:402 type:B q:30.09 q-aq:27.98 q-noVbv:30.09 q-Rceq:1.32 tex:7641 mv:6308 misc:1987 icu:3.00 pcu:699.25 scu:593.75 tlayer:1 pbqpoffset:1.48 pbfactor:1.19 avgQpOffsetCutree:-1.85;
in:401 out:403 type:b q:30.48 q-aq:30.55 q-noVbv:30.48 q-Rceq:1.32 tex:2892 mv:3350 misc:1198 icu:8.00 pcu:544.75 scu:743.25 tlayer:2 pbqpoffset:2.62 pbfactor:1.35 avgQpOffsetCutree:0.00;
in:403 out:404 type:b q:31.98 q-aq:32.00 q-noVbv:31.98 q-Rceq:1.32 tex:1338 mv:3263 misc:903 icu:0.50 pcu:653.00 scu:642.50 tlayer:2 pbqpoffset:2.62 pbfactor:1.35 avgQpOffsetCutree:0.00;
in:416 out:405 type:k q:28.38 q-aq:20.01 q-noVbv:28.38 q-Rceq:1.32 tex:231167 mv:30729 misc:2408 icu:1045.00 pcu:241.00 scu:10.00 tlayer:0 pbqpoffset:0.37 pbfactor:1.04 avgQpOffsetCutree:-7.30;
in:410 out:406 type:B q:30.68 q-aq:24.74 q-noVbv:30.68 q-Rceq:1.32 tex:69688 mv:14920 misc:3688 icu:160.25 pcu:788.50 scu:347.25 tlayer:1 pbqpoffset:1.43 pbfactor:1.18 avgQpOffsetCutree:-4.91;
in:407 out:407 type:B q:32.24 q-aq:29.43 q-noVbv:32.24 q-Rceq:1.32 tex:7652 mv:6003 misc:1929 icu:8.00 pcu:727.00 scu:561.00 tlayer:2 pbqpoffset:2.56 pbfactor:1.34 avgQpOffsetCutree:-2.63;
in:406 out:408 type:B q:33.03 q-aq:32.91 q-noVbv:33.03 q-Rceq:1.32 tex:1327 mv:3267 misc:1006 icu:1.00 pcu:533.00 scu:762.00 tlayer:3 pbqpoffset:3.20 pbfactor:1.45 avgQpOffsetCutree:-0.86;
in:405 out:409 type:b q:34.49 q-aq:34.17 q-noVbv:34.49 q-Rceq:1.32 tex:457 mv:2146 misc:781 icu:0.75 pcu:481.25 scu:814.00 tlayer:4 pbqpoffset:4.52 pbfactor:1.69 avgQpOffsetCutree:0.00;
in:409 out:410 type:B q:32.69 q-aq:32.78 q-noVbv:32.69 q-Rceq:1.32 tex:1522 mv:2848 misc:1086 icu:1.00 pcu:508.75 scu:786.25 tlayer:3 pbqpoffset:3.29 pbfactor:1.46 avgQpOffsetCutree:-0.91;
in:408 out:411 type:b q:33.90 q-aq:34.00 q-noVbv:33.90 q-Rceq:1.32 tex:842 mv:2181 misc:793 icu:5.00 pcu:440.50 scu:850.50 tlayer:4 pbqpoffset:4.36 pbfactor:1.65 avgQpOffsetCutree:0.00;
in:413 out:412 type:B q:30.55 q-aq:26.67 q-noVbv:30.55 q-Rceq:1.32 tex:30737 mv:9574 misc:3473 icu:40.00 pcu:709.50 scu:546.50 tlayer:2 pbqpoffset:1.73 pbfactor:1.22 avgQpOffsetCutree:-3.29;
in:412 out:413 type:B q:32.25 q-aq:32.04 q-noVbv:32.25 q-Rceq:1.32 tex:1636 mv:3088 misc:1028 icu:1.00 pcu:568.00 scu:727.00 tlayer:3 pbqpoffset:3.29 pbfactor:1.46 avgQpOffsetCutree:-0.89;
in:411 out:414 type:b q:34.09 q-aq:34.00 q-noVbv:34.09 q-Rceq:1.32 tex:659 mv:2264 misc:789 icu:0.25 pcu:460.00 scu:835.75 tlayer:4 pbqpoffset:4.99 pbfactor:1.78 avgQpOffsetCutree:0.00;
in:415 out:415 type:B q:30.78 q-aq:30.25 q-noVbv:30.78 q-Rceq:1.32 tex:6515 mv:5676 misc:2217 icu:10.50 pcu:644.25 scu:641.25 tlayer:3 pbqpoffset:2.25 pbfactor:1.30 avgQpOffsetCutree:-0.82;
in:414 out:416 type:b q:33.34 q-aq:33.02 q-noVbv:33.34 q-Rceq:1.32 tex:1540 mv:2568 misc:988 icu:4.00 pcu:562.00 scu:730.00 tlayer:4 pbqpoffset:4.66 pbfactor:1.71 avgQpOffsetCutree:0.00;
in:432 out:417 type:k q:27.01 q-aq:19.12 q-noVbv:27.01 q-Rceq:1.32 tex:251800 mv:32137 misc:2311 icu:1089.00 pcu:200.25 scu:6.75 tlayer:0 pbqpoffset:0.29 pbfactor:1.03 avgQpOffsetCutree:-7.13;
in:424 out:418 type:B q:29.30 q-aq:23.00 q-noVbv:29.30 q-Rceq:1.32 tex:122939 mv:19604 misc:3521 icu:292.50 pcu:716.50 scu:287.00 tlayer:1 pbqpoffset:1.60 pbfactor:1.20 avgQpOffsetCutree:-5.40;
in:420 out:419 type:B q:30.25 q-aq:25.92 q-noVbv:30.25 q-Rceq:1.32 tex:23797 mv:11212 misc:3295 icu:25.25 pcu:736.50 scu:534.25 tlayer:2 pbqpoffset:2.21 pbfactor:1.29 avgQpOffsetCutree:-3.71;
in:418 out:420 type:B q:31.60 q-aq:30.12 q-noVbv:31.60 q-Rceq:1.32 tex:4279 mv:4287 misc:1386 icu:5.50 pcu:600.00 scu:690.50 tlayer:3 pbqpoffset:3.39 pbfactor:1.48 avgQpOffsetCutree:-1.80;
in:417 out:421 type:b q:33.03 q-aq:33.00 q-noVbv:33.03 q-Rceq:1.32 tex:1025 mv:2382 misc:889 icu:1.50 pcu:390.00 scu:904.50 tlayer:4 pbqpoffset:4.73 pbfactor:1.73 avgQpOffsetCutree:0.00;
in:419 out:422 type:b q:32.82 q-aq:33.00 q-noVbv:32.82 q-Rceq:1.32 tex:1492 mv:2770 misc:954 icu:0.75 pcu:505.25 scu:790.00 tlayer:4 pbqpoffset:4.69 pbfactor:1.72 avgQpOffsetCutree:0.00;
in:422 out:423 type:B q:31.26 q-aq:29.58 q-noVbv:31.26 q-Rceq:1.32 tex:5410 mv:5115 misc:1547 icu:1.50 pcu:761.25 scu:533.25 tlayer:3 pbqpoffset:3.39 pbfactor:1.48 avgQpOffsetCutree:-1.80;
in:421 out:424 type:b q:33.36 q-aq:33.02 q-noVbv:33.36 q-Rceq:1.32 tex:1089 mv:2916 misc:1019 icu:1.25 pcu:453.50 scu:841.25 tlayer:4 pbqpoffset:5.40 pbfactor:1.87 avgQpOffsetCutree:0.00;
in:423 out:425 type:b q:32.54 q-aq:33.00 q-noVbv:32.54 q-Rceq:1.32 tex:755 mv:1951 misc:870 icu:0.25 pcu:398.75 scu:897.00 tlayer:4 pbqpoffset:4.75 pbfactor:1.73 avgQpOffsetCutree:0.00;
in:428 out:426 type:B q:29.09 q-aq:24.72 q-noVbv:29.09 q-Rceq:1.32 tex:57608 mv:12388 misc:3732 icu:121.25 pcu:721.00 scu:453.75 tlayer:2 pbqpoffset:1.73 pbfactor:1.22 avgQpOffsetCutree:-3.63;
in:426 out:427 type:B q:30.58 q-aq:29.23 q-noVbv:30.58 q-Rceq:1.32 tex:8150 mv:5344 misc:1802 icu:7.00 pcu:693.00 scu:596.00 tlayer:3 pbqpoffset:3.05 pbfactor:1.42 avgQpOffsetCutree:-1.58;
in:425 out:428 type:b q:32.20 q-aq:32.01 q-noVbv:32.20 q-Rceq:1.32 tex:1698 mv:2515 misc:1019 icu:1.00 pcu:389.25 scu:905.75 tlayer:4 pbqpoffset:4.59 pbfactor:1.70 avgQpOffsetCutree:0.00;
in:427 out:429 type:b q:31.39 q-aq:31.19 q-noVbv:31.39 q-Rceq:1.32 tex:1688 mv:3269 misc:1083 icu:0.75 pcu:574.50 scu:720.75 tlayer:4 pbqpoffset:3.95 pbfactor:1.58 avgQpOffsetCutree:0.00;
in:430 out:430 type:B q:29.57 q-aq:27.72 q-noVbv:29.57 q-Rceq:1.32 tex:17521 mv:7767 misc:2976 icu:26.25 pcu:657.00 scu:612.75 tlayer:3 pbqpoffset:2.39 pbfactor:1.32 avgQpOffsetCutree:-1.96;
in:429 out:431 type:b q:31.41 q-aq:31.16 q-noVbv:31.41 q-Rceq:1.32 tex:2342 mv:3481 misc:1065 icu:9.75 pcu:574.25 scu:712.00 tlayer:4 pbqpoffset:4.14 pbfactor:1.61 avgQpOffsetCutree:0.00;
in:431 out:432 type:b q:30.16 q-aq:30.01 q-noVbv:30.16 q-Rceq:1.32 tex:5711 mv:4534 misc:1675 icu:12.00 pcu:626.00 scu:658.00 tlayer:4 pbqpoffset:3.06 pbfactor:1.42 avgQpOffsetCutree:0.00;
in:438 out:433 type:k q:29.06 q-aq:21.05 q-noVbv:29.06 q-Rceq:1.32 tex:118748 mv:20842 misc:3986 icu:225.75 pcu:691.50 scu:378.75 tlayer:0 pbqpoffset:0.41 pbfactor:1.05 avgQpOffsetCutree:-6.82;
in:435 out:434 type:B q:29.50 q-aq:26.39 q-noVbv:29.50 q-Rceq:1.32 tex:14991 mv:8733 misc:2740 icu:13.50 pcu:693.00 scu:589.50 tlayer:1 pbqpoffset:1.46 pbfactor:1.18 avgQpOffsetCutree:-2.72;
in:434 out:435 type:B q:29.40 q-aq:29.12 q-noVbv:29.40 q-Rceq:1.32 tex:4429 mv:4762 misc:1353 icu:4.00 pcu:693.25 scu:598.75 tlayer:2 pbqpoffset:1.71 pbfactor:1.22 avgQpOffsetCutree:-0.97;
in:433 out:436 type:b q:29.96 q-aq:30.02 q-noVbv:29.96 q-Rceq:1.32 tex:3136 mv:4117 misc:1179 icu:4.50 pcu:641.50 scu:650.00 tlayer:3 pbqpoffset:2.60 pbfactor:1.35 avgQpOffsetCutree:0.00;
in:437 out:437 type:B q:30.74 q-aq:30.62 q-noVbv:30.74 q-Rceq:1.32 tex:2891 mv:3742 misc:1111 icu:3.50 pcu:635.00 scu:657.50 tlayer:2 pbqpoffset:2.02 pbfactor:1.26 avgQpOffsetCutree:-0.91;
in:436 out:438 type:b q:31.05 q-aq:31.02 q-noVbv:31.05 q-Rceq:1.32 tex:2182 mv:3599 misc:1019 icu:2.75 pcu:623.50 scu:669.75 tlayer:3 pbqpoffset:2.67 pbfactor:1.36 avgQpOffsetCutree:0.00;
in:450 out:439 type:k q:27.21 q-aq:18.82 q-noVbv:27.21 q-Rceq:1.32 tex:234171 mv:28277 misc:2600 icu:913.75 pcu:368.25 scu:14.00 tlayer:0 pbqpoffset:0.50 pbfactor:1.06 avgQpOffsetCutree:-7.26;
in:444 out:440 type:B q:29.54 q-aq:24.28 q-noVbv:29.54 q-Rceq:1.32 tex:55710 mv:15075 misc:3751 icu:97.75 pcu:769.50 scu:428.75 tlayer:1 pbqpoffset:1.40 pbfactor:1.18 avgQpOffsetCutree:-4.34;
in:441 out:441 type:B q:30.75 q-aq:27.66 q-noVbv:30.75 q-Rceq:1.32 tex:11261 mv:7268 misc:2367 icu:13.50 pcu:713.00 scu:569.50 tlayer:2 pbqpoffset:2.15 pbfactor:1.28 avgQpOffsetCutree:-2.77;
in:440 out:442 type:B q:31.98 q-aq:31.98 q-noVbv:31.98 q-Rceq:1.32 tex:1864 mv:3304 misc:1048 icu:3.50 pcu:548.50 scu:744.00 tlayer:3 pbqpoffset:3.22 pbfactor:1.45 avgQpOffsetCutree:-0.77;
in:439 out:443 type:b q:33.66 q-aq:34.00 q-noVbv:33.66 q-Rceq:1.32 tex:757 mv:2317 misc:846 icu:0.75 pcu:314.25 scu:981.00 tlayer:4 pbqpoffset:4.75 pbfactor:1.73 avgQpOffsetCutree:0.00;
in:443 out:444 type:B q:31.56 q-aq:31.25 q-noVbv:31.56 q-Rceq:1.32 tex:2012 mv:3491 misc:1121 icu:0.00 pcu:668.25 scu:627.75 tlayer:3 pbqpoffset:3.27 pbfactor:1.46 avgQpOffsetCutree:-0.76;
in:442 out:445 type:b q:33.64 q-aq:34.00 q-noVbv:33.64 q-Rceq:1.32 tex:1091 mv:2094 misc:871 icu:0.00 pcu:458.25 scu:837.75 tlayer:4 pbqpoffset:5.20 pbfactor:1.82 avgQpOffsetCutree:0.00;
in:447 out:446 type:B q:29.18 q-aq:28.01 q-noVbv:29.18 q-Rceq:1.32 tex:19315 mv:8745 misc:3100 icu:38.25 pcu:728.00 scu:529.75 tlayer:2 pbqpoffset:1.51 pbfactor:1.19 avgQpOffsetCutree:-1.40;
in:446 out:447 type:B q:31.07 q-aq:30.89 q-noVbv:31.07 q-Rceq:1.32 tex:2794 mv:3908 misc:1370 icu:2.00 pcu:610.00 scu:684.00 tlayer:3 pbqpoffset:3.25 pbfactor:1.46 avgQpOffsetCutree:-0.81;
in:445 out:448 type:b q:32.42 q-aq:32.12 q-noVbv:32.42 q-Rceq:1.32 tex:1985 mv:2758 misc:1001 icu:0.75 pcu:434.00 scu:861.25 tlayer:4 pbqpoffset:4.43 pbfactor:1.67 avgQpOffsetCutree:0.00;
in:449 out:449 type:B q:29.43 q-aq:28.07 q-noVbv:29.43 q-Rceq:1.32 tex:9013 mv:5721 misc:2170 icu:8.75 pcu:622.25 scu:665.00 tlayer:3 pbqpoffset:2.06 pbfactor:1.27 avgQpOffsetCutree:-1.49;
in:448 out:450 type:b q:30.42 q-aq:30.17 q-noVbv:30.42 q-Rceq:1.32 tex:4641 mv:4298 misc:1821 icu:5.75 pcu:572.75 scu:717.50 tlayer:4 pbqpoffset:2.90 pbfactor:1.40 avgQpOffsetCutree:0.00;
in:464 out:451 type:k q:26.49 q-aq:18.64 q-noVbv:26.49 q-Rceq:1.32 tex:235644 mv:30698 misc:2306 icu:1076.00 pcu:215.25 scu:4.75 tlayer:0 pbqpoffset:0.34 pbfactor:1.04 avgQpOffsetCutree:-6.96;
in:457 out:452 type:B q:28.38 q-aq:22.40 q-noVbv:28.38 q-Rceq:1.32 tex:101116 mv:18439 misc:3613 icu:220.75 pcu:729.25 scu:346.00 tlayer:1 pbqpoffset:1.53 pbfactor:1.19 avgQpOffsetCutree:-5.02;
in:454 out:453 type:B q:29.23 q-aq:25.48 q-noVbv:29.23 q-Rceq:1.32 tex:19834 mv:10655 misc:3127 icu:34.25 pcu:701.50 scu:560.25 tlayer:2 pbqpoffset:2.22 pbfactor:1.29 avgQpOffsetCutree:-3.07;
in:452 out:454 type:B q:29.70 q-aq:28.33 q-noVbv:29.70 q-Rceq:1.32 tex:7172 mv:5822 misc:1654 icu:10.50 pcu:652.50 scu:633.00 tlayer:3 pbqpoffset:2.59 pbfactor:1.35 avgQpOffsetCutree:-1.72;
in:451 out:455 type:b q:31.76 q-aq:32.00 q-noVbv:31.76 q-Rceq:1.32 tex:1838 mv:2811 misc:1023 icu:4.75 pcu:499.75 scu:791.50 tlayer:4 pbqpoffset:4.60 pbfactor:1.70 avgQpOffsetCutree:0.00;
in:453 out:456 type:b q:31.96 q-aq:32.00 q-noVbv:31.96 q-Rceq:1.32 tex:1246 mv:2735 misc:883 icu:0.75 pcu:573.00 scu:722.25 tlayer:4 pbqpoffset:4.91 pbfactor:1.76 avgQpOffsetCutree:0.00;
in:456 out:457 type:B q:30.13 q-aq:30.09 q-noVbv:30.13 q-Rceq:1.32 tex:2879 mv:3430 misc:1059 icu:7.25 pcu:608.25 scu:680.50 tlayer:3 pbqpoffset:3.23 pbfactor:1.45 avgQpOffsetCutree:-0.75;
in:455 out:458 type:b q:31.67 q-aq:32.00 q-noVbv:31.67 q-Rceq:1.32 tex:1697 mv:2554 misc:909 icu:2.50 pcu:439.00 scu:854.50 tlayer:4 pbqpoffset:4.71 pbfactor:1.72 avgQpOffsetCutree:0.00;
in:461 out:459 type:B q:28.18 q-aq:24.15 q-noVbv:28.18 q-Rceq:1.32 tex:55451 mv:13138 misc:3803 icu:111.00 pcu:717.00 scu:468.00 tlayer:2 pbqpoffset:1.53 pbfactor:1.19 avgQpOffsetCutree:-3.33;
in:459 out:460 type:B q:29.61 q-aq:28.21 q-noVbv:29.61 q-Rceq:1.32 tex:7694 mv:6266 misc:1984 icu:13.50 pcu:759.75 scu:522.75 tlayer:3 pbqpoffset:2.87 pbfactor:1.39 avgQpOffsetCutree:-1.63;
in:458 out:461 type:b q:30.91 q-aq:31.00 q-noVbv:30.91 q-Rceq:1.32 tex:2644 mv:3238 misc:990 icu:0.50 pcu:599.00 scu:696.50 tlayer:4 pbqpoffset:4.11 pbfactor:1.61 avgQpOffsetCutree:0.00;
in:460 out:462 type:b q:30.41 q-aq:30.18 q-noVbv:30.41 q-Rceq:1.32 tex:1870 mv:3361 misc:1089 icu:0.50 pcu:599.25 scu:696.25 tlayer:4 pbqpoffset:3.72 pbfactor:1.54 avgQpOffsetCutree:0.00;
in:463 out:463 type:B q:28.62 q-aq:28.39 q-noVbv:28.62 q-Rceq:1.32 tex:16506 mv:7488 misc:2758 icu:26.00 pcu:627.75 scu:642.25 tlayer:3 pbqpoffset:2.08 pbfactor:1.27 avgQpOffsetCutree:-0.76;
in:462 out:464 type:b q:31.06 q-aq:31.00 q-noVbv:31.06 q-Rceq:1.32 tex:2584 mv:2954 misc:1046 icu:3.25 pcu:520.00 scu:772.75 tlayer:4 pbqpoffset:4.46 pbfactor:1.67 avgQpOffsetCutree:0.00;
in:472 out:465 type:k q:27.59 q-aq:20.03 q-noVbv:27.59 q-Rceq:1.32 tex:159214 mv:24194 misc:2720 icu:454.75 pcu:821.75 scu:19.50 tlayer:0 pbqpoffset:0.29 pbfactor:1.03 avgQpOffsetCutree:-6.51;
in:468 out:466 type:B q:28.52 q-aq:24.44 q-noVbv:28.52 q-Rceq:1.32 tex:30593 mv:11791 misc:3472 icu:46.00 pcu:701.75 scu:548.25 tlayer:1 pbqpoffset:1.48 pbfactor:1.19 avgQpOffsetCutree:-3.40;
in:466 out:467 type:B q:28.75 q-aq:26.87 q-noVbv:28.75 q-Rceq:1.32 tex:9960 mv:6493 misc:2139 icu:10.00 pcu:643.25 scu:642.75 tlayer:2 pbqpoffset:1.99 pbfactor:1.26 avgQpOffsetCutree:-1.91;
in:465 out:468 type:b q:29.99 q-aq:30.00 q-noVbv:29.99 q-Rceq:1.32 tex:2438 mv:3256 misc:994 icu:0.50 pcu:586.50 scu:709.00 tlayer:3 pbqpoffset:3.36 pbfactor:1.47 avgQpOffsetCutree:0.00;
in:467 out:469 type:b q:30.15 q-aq:30.02 q-noVbv:30.15 q-Rceq:1.32 tex:2354 mv:3229 misc:1025 icu:3.00 pcu:585.00 scu:708.00 tlayer:3 pbqpoffset:3.24 pbfactor:1.45 avgQpOffsetCutree:0.00;
in:470 out:470 type:B q:29.14 q-aq:27.56 q-noVbv:29.14 q-Rceq:1.32 tex:8271 mv:6924 misc:2109 icu:11.75 pcu:677.25 scu:607.00 tlayer:2 pbqpoffset:1.82 pbfactor:1.23 avgQpOffsetCutree:-1.79;
in:469 out:471 type:b q:30.32 q-aq:30.04 q-noVbv:30.32 q-Rceq:1.32 tex:2471 mv:3741 misc:1076 icu:1.25 pcu:626.00 scu:668.75 tlayer:3 pbqpoffset:3.15 pbfactor:1.44 avgQpOffsetCutree:0.00;
in:471 out:472 type:b q:30.14 q-aq:30.02 q-noVbv:30.14 q-Rceq:1.32 tex:3242 mv:3649 misc:1213 icu:3.50 pcu:633.75 scu:658.75 tlayer:3 pbqpoffset:2.69 pbfactor:1.36 avgQpOffsetCutree:0.00;
in:488 out:473 type:k q:26.38 q-aq:19.20 q-noVbv:26.38 q-Rceq:1.32 tex:201775 mv:27874 misc:2623 icu:980.25 pcu:303.25 scu:12.50 tlayer:0 pbqpoffset:0.47 pbfactor:1.06 avgQpOffsetCutree:-6.63;
in:480 out:474 type:B q:28.54 q-aq:23.59 q-noVbv:28.54 q-Rceq:1.32 tex:128140 mv:24804 misc:3080 icu:538.75 pcu:710.75 scu:46.50 tlayer:1 pbqpoffset:1.55 pbfactor:1.20 avgQpOffsetCutree:-4.37;
in:476 out:475 type:B q:29.19 q-aq:24.75 q-noVbv:29.19 q-Rceq:1.32 tex:47505 mv:13668 misc:3619 icu:97.25 pcu:686.00 scu:512.75 tlayer:2 pbqpoffset:1.90 pbfactor:1.25 avgQpOffsetCutree:-3.77;
in:474 out:476 type:B q:30.76 q-aq:29.34 q-noVbv:30.76 q-Rceq:1.32 tex:6527 mv:6011 misc:1814 icu:6.25 pcu:615.25 scu:674.50 tlayer:3 pbqpoffset:3.32 pbfactor:1.47 avgQpOffsetCutree:-1.59;
in:473 out:477 type:b q:32.76 q-aq:33.00 q-noVbv:32.76 q-Rceq:1.32 tex:1616 mv:2957 misc:931 icu:1.25 pcu:462.25 scu:832.50 tlayer:4 pbqpoffset:5.25 pbfactor:1.83 avgQpOffsetCutree:0.00;
in:475 out:478 type:b q:32.41 q-aq:32.06 q-noVbv:32.41 q-Rceq:1.32 tex:1386 mv:3052 misc:946 icu:0.25 pcu:532.75 scu:763.00 tlayer:4 pbqpoffset:5.05 pbfactor:1.79 avgQpOffsetCutree:0.00;
in:478 out:479 type:B q:29.68 q-aq:27.59 q-noVbv:29.68 q-Rceq:1.32 tex:18787 mv:7831 misc:2950 icu:59.25 pcu:609.50 scu:627.25 tlayer:3 pbqpoffset:2.55 pbfactor:1.34 avgQpOffsetCutree:-2.06;
in:477 out:480 type:b q:32.38 q-aq:32.07 q-noVbv:32.38 q-Rceq:1.32 tex:1807 mv:3057 misc:1000 icu:0.00 pcu:629.25 scu:666.75 tlayer:4 pbqpoffset:5.17 pbfactor:1.82 avgQpOffsetCutree:0.00;
in:479 out:481 type:b q:31.03 q-aq:31.00 q-noVbv:31.03 q-Rceq:1.32 tex:6168 mv:4068 misc:1644 icu:6.50 pcu:643.25 scu:646.25 tlayer:4 pbqpoffset:3.97 pbfactor:1.58 avgQpOffsetCutree:0.00;
in:484 out:482 type:B q:29.01 q-aq:24.81 q-noVbv:29.01 q-Rceq:1.32 tex:34458 mv:12668 misc:3290 icu:42.25 pcu:681.50 scu:572.25 tlayer:2 pbqpoffset:2.33 pbfactor:1.31 avgQpOffsetCutree:-3.54;
in:482 out:483 type:B q:30.00 q-aq:28.68 q-noVbv:30.00 q-Rceq:1.32 tex:8452 mv:6428 misc:1744 icu:4.75 pcu:654.50 scu:636.75 tlayer:3 pbqpoffset:3.17 pbfactor:1.44 avgQpOffsetCutree:-1.80;
in:481 out:484 type:b q:31.81 q-aq:32.00 q-noVbv:31.81 q-Rceq:1.32 tex:1519 mv:2594 misc:967 icu:0.50 pcu:474.00 scu:821.50 tlayer:4 pbqpoffset:4.91 pbfactor:1.76 avgQpOffsetCutree:0.00;
in:483 out:485 type:b q:32.30 q-aq:32.02 q-noVbv:32.30 q-Rceq:1.32 tex:1506 mv:3634 misc:1092 icu:1.00 pcu:631.75 scu:663.25 tlayer:4 pbqpoffset:5.55 pbfactor:1.90 avgQpOffsetCutree:0.00;
in:486 out:486 type:B q:29.82 q-aq:28.26 q-noVbv:29.82 q-Rceq:1.32 tex:7293 mv:6236 misc:1735 icu:19.75 pcu:642.50 scu:633.75 tlayer:3 pbqpoffset:3.29 pbfactor:1.46 avgQpOffsetCutree:-1.79;
in:485 out:487 type:b q:32.14 q-aq:32.00 q-noVbv:32.14 q-Rceq:1.32 tex:1890 mv:3145 misc:981 icu:0.75 pcu:557.75 scu:737.50 tlayer:4 pbqpoffset:5.54 pbfactor:1.90 avgQpOffsetCutree:0.00;
in:487 out:488 type:b q:31.93 q-aq:32.00 q-noVbv:31.93 q-Rceq:1.32 tex:1125 mv:3143 misc:988 icu:5.25 pcu:540.00 scu:750.75 tlayer:4 pbqpoffset:5.48 pbfactor:1.88 avgQpOffsetCutree:0.00;
in:499 out:489 type:k q:29.22 q-aq:25.67 q-noVbv:29.22 q-Rceq:1.32 tex:97016 mv:22170 misc:2830 icu:752.00 pcu:492.75 scu:51.25 tlayer:0 pbqpoffset:0.33 pbfactor:1.04 avgQpOffsetCutree:-3.61;
in:494 out:490 type:B q:29.60 q-aq:25.78 q-noVbv:29.60 q-Rceq:1.32 tex:53057 mv:15936 misc:3599 icu:122.25 pcu:699.50 scu:474.25 tlayer:1 pbqpoffset:1.67 pbfactor:1.21 avgQpOffsetCutree:-3.47;
in:491 out:491 type:B q:29.65 q-aq:26.89 q-noVbv:29.65 q-Rceq:1.32 tex:18914 mv:10979 misc:2859 icu:40.00 pcu:720.00 scu:536.00 tlayer:2 pbqpoffset:2.50 pbfactor:1.33 avgQpOffsetCutree:-2.67;
in:490 out:492 type:B q:30.12 q-aq:29.92 q-noVbv:30.12 q-Rceq:1.32 tex:3737 mv:4953 misc:1502 icu:8.25 pcu:607.75 scu:680.00 tlayer:3 pbqpoffset:3.23 pbfactor:1.45 avgQpOffsetCutree:-0.77;
in:489 out:493 type:b q:31.14 q-aq:31.01 q-noVbv:31.14 q-Rceq:1.32 tex:3101 mv:3829 misc:1198 icu:6.50 pcu:588.25 scu:701.25 tlayer:4 pbqpoffset:4.51 pbfactor:1.68 avgQpOffsetCutree:0.00;
in:493 out:494 type:B q:30.88 q-aq:30.25 q-noVbv:30.88 q-Rceq:1.32 tex:3031 mv:4509 misc:1364 icu:6.50 pcu:676.25 scu:613.25 tlayer:3 pbqpoffset:3.21 pbfactor:1.45 avgQpOffsetCutree:-0.89;
in:492 out:495 type:b q:31.63 q-aq:32.00 q-noVbv:31.63 q-Rceq:1.32 tex:2601 mv:3497 misc:1246 icu:1.50 pcu:583.25 scu:711.25 tlayer:4 pbqpoffset:4.22 pbfactor:1.63 avgQpOffsetCutree:0.00;
in:497 out:496 type:B q:30.95 q-aq:28.52 q-noVbv:30.95 q-Rceq:1.32 tex:14842 mv:6117 misc:2657 icu:19.25 pcu:519.00 scu:757.75 tlayer:2 pbqpoffset:2.24 pbfactor:1.30 avgQpOffsetCutree:-2.29;
in:496 out:497 type:B q:30.98 q-aq:31.71 q-noVbv:30.98 q-Rceq:1.32 tex:4157 mv:3121 misc:1634 icu:9.00 pcu:656.50 scu:630.50 tlayer:3 pbqpoffset:2.54 pbfactor:1.34 avgQpOffsetCutree:-0.27;
in:495 out:498 type:b q:31.62 q-aq:32.00 q-noVbv:31.62 q-Rceq:1.32 tex:3666 mv:3711 misc:1327 icu:1.50 pcu:588.75 scu:705.75 tlayer:4 pbqpoffset:3.44 pbfactor:1.49 avgQpOffsetCutree:0.00;
in:498 out:499 type:b q:34.05 q-aq:34.00 q-noVbv:34.05 q-Rceq:1.32 tex:613 mv:1982 misc:837 icu:0.75 pcu:416.25 scu:879.00 tlayer:3 pbqpoffset:5.08 pbfactor:1.80 avgQpOffsetCutree:0.00;
