#options: cpuid=1173503 frame-threads=1 no-wpp no-pmode no-pme psnr no-ssim log-level=2 bitdepth=8 input-csp=1 fps=50000/1000 input-res=832x480 interlace=0 total-frames=500 level-idc=0 high-tier=1 uhd-bd=0 ref=4 no-allow-non-conformance no-repeat-headers annexb no-aud no-hrd info hash=0 no-temporal-layers open-gop min-keyint=1 keyint=5000 bframes=15 b-adapt=2 b-pyramid bframe-bias=0 rc-lookahead=40 lookahead-slices=0 scenecut=40 no-intra-refresh ctu=64 min-cu-size=8 rect amp max-tu-size=32 tu-inter-depth=3 tu-intra-depth=3 limit-tu=4 rdoq-level=2 dynamic-rd=0.00 no-ssim-rd signhide no-tskip nr-intra=0 nr-inter=0 no-constrained-intra strong-intra-smoothing max-merge=4 limit-refs=1 limit-modes me=3 subme=4 merange=57 temporal-mvp weightp weightb no-analyze-src-pics deblock=0:0 sao no-sao-non-deblock rd=6 no-early-skip rskip no-fast-intra no-tskip-fast no-cu-lossless b-intra rdpenalty=0 psy-rd=0.00 psy-rdoq=0.00 no-rd-refine analysis-reuse-mode=0 no-lossless cbqpoffs=0 crqpoffs=0 rc=abr bitrate=2000 qcomp=0.60 qpstep=4 stats-write=1 stats-read=0 slow-firstpass ipratio=1.40 pbratio=1.30 aq-mode=1 aq-strength=0.00 cutree zone-count=0 no-strict-cbr qg-size=64 no-rc-grain qpmax=69 qpmin=0 no-const-vbv sar=0 overscan=0 videoformat=5 range=0 colorprim=2 transfer=2 colormatrix=2 chromaloc=0 display-window=0 max-cll=0,0 min-luma=0 max-luma=255 log2-max-poc-lsb=8 vui-timing-info vui-hrd-info slices=1 opt-qp-pps opt-ref-list-length-pps no-multi-pass-opt-rps scenecut-bias=0.05 no-opt-cu-delta-qp no-aq-motion no-hdr no-hdr-opt no-dhdr10-opt analysis-reuse-level=5 scale-factor=0 refine-intra=0 refine-inter=0 refine-mv=0 no-limit-sao ctu-info=0 max-tlayer=4
in:0 out:0 type:I q:27.54 q-aq:21.22 q-noVbv:27.54 q-Rceq:1.32 tex:296591 mv:48554 misc:2959 icu:1560.00 pcu:0.00 scu:0.00 tlayer:0 pbqpoffset:0.00 pbfactor:1.00 avgQpOffsetCutree:-6.33;
in:16 out:1 type:k q:30.45 q-aq:22.40 q-noVbv:30.45 q-Rceq:1.32 tex:130920 mv:24811 misc:3853 icu:520.50 pcu:606.50 scu:433.00 tlayer:0 pbqpoffset:0.00 pbfactor:1.00 avgQpOffsetCutree:-6.85;
in:8 out:2 type:B q:32.76 q-aq:27.25 q-noVbv:32.76 q-Rceq:1.32 tex:61577 mv:21081 misc:2814 icu:185.00 pcu:661.25 scu:713.75 tlayer:1 pbqpoffset:2.31 pbfactor:1.31 avgQpOffsetCutree:-4.96;
in:4 out:3 type:B q:34.62 q-aq:30.71 q-noVbv:34.62 q-Rceq:1.32 tex:5424 mv:7189 misc:1979 icu:19.00 pcu:527.00 scu:1014.00 tlayer:2 pbqpoffset:4.17 pbfactor:1.62 avgQpOffsetCutree:-3.76;
in:2 out:4 type:B q:34.62 q-aq:33.10 q-noVbv:34.62 q-Rceq:1.32 tex:2817 mv:4754 misc:1453 icu:5.50 pcu:460.25 scu:1094.25 tlayer:3 pbqpoffset:4.17 pbfactor:1.62 avgQpOffsetCutree:-1.87;
in:1 out:5 type:b q:37.62 q-aq:38.00 q-noVbv:37.62 q-Rceq:1.32 tex:115 mv:1315 misc:586 icu:0.00 pcu:171.00 scu:1389.00 tlayer:4 pbqpoffset:7.17 pbfactor:2.29 avgQpOffsetCutree:0.00;
in:3 out:6 type:b q:37.62 q-aq:38.00 q-noVbv:37.62 q-Rceq:1.32 tex:152 mv:1162 misc:478 icu:0.00 pcu:215.50 scu:1344.50 tlayer:4 pbqpoffset:7.17 pbfactor:2.29 avgQpOffsetCutree:0.00;
in:6 out:7 type:B q:34.62 q-aq:32.78 q-noVbv:34.62 q-Rceq:1.32 tex:1449 mv:3247 misc:1096 icu:0.25 pcu:412.25 scu:1147.50 tlayer:3 pbqpoffset:4.17 pbfactor:1.62 avgQpOffsetCutree:-1.93;
in:5 out:8 type:b q:37.62 q-aq:38.00 q-noVbv:37.62 q-Rceq:1.32 tex:5 mv:745 misc:394 icu:0.00 pcu:225.00 scu:1335.00 tlayer:4 pbqpoffset:7.17 pbfactor:2.29 avgQpOffsetCutree:0.00;
in:7 out:9 type:b q:37.62 q-aq:38.00 q-noVbv:37.62 q-Rceq:1.32 tex:3 mv:547 misc:362 icu:0.00 pcu:158.00 scu:1402.00 tlayer:4 pbqpoffset:7.17 pbfactor:2.29 avgQpOffsetCutree:0.00;
in:12 out:10 type:B q:33.64 q-aq:29.50 q-noVbv:33.64 q-Rceq:1.32 tex:11288 mv:10212 misc:2572 icu:30.25 pcu:578.00 scu:951.75 tlayer:2 pbqpoffset:3.19 pbfactor:1.45 avgQpOffsetCutree:-3.66;
in:10 out:11 type:B q:34.62 q-aq:32.97 q-noVbv:34.62 q-Rceq:1.32 tex:2386 mv:4547 misc:1419 icu:2.00 pcu:474.75 scu:1083.25 tlayer:3 pbqpoffset:4.17 pbfactor:1.62 avgQpOffsetCutree:-1.81;
in:9 out:12 type:b q:37.62 q-aq:38.00 q-noVbv:37.62 q-Rceq:1.32 tex:208 mv:924 misc:444 icu:0.00 pcu:202.25 scu:1357.75 tlayer:4 pbqpoffset:7.17 pbfactor:2.29 avgQpOffsetCutree:0.00;
in:11 out:13 type:b q:37.62 q-aq:38.00 q-noVbv:37.62 q-Rceq:1.32 tex:128 mv:1085 misc:531 icu:0.00 pcu:188.25 scu:1371.75 tlayer:4 pbqpoffset:7.17 pbfactor:2.29 avgQpOffsetCutree:0.00;
in:14 out:14 type:B q:34.62 q-aq:33.24 q-noVbv:34.62 q-Rceq:1.32 tex:3507 mv:5256 misc:1541 icu:5.50 pcu:493.25 scu:1061.25 tlayer:3 pbqpoffset:4.17 pbfactor:1.62 avgQpOffsetCutree:-1.76;
in:13 out:15 type:b q:37.62 q-aq:38.00 q-noVbv:37.62 q-Rceq:1.32 tex:97 mv:1118 misc:577 icu:0.00 pcu:181.25 scu:1378.75 tlayer:4 pbqpoffset:7.17 pbfactor:2.29 avgQpOffsetCutree:0.00;
in:15 out:16 type:b q:37.62 q-aq:38.00 q-noVbv:37.62 q-Rceq:1.32 tex:267 mv:1189 misc:592 icu:0.25 pcu:171.25 scu:1388.50 tlayer:4 pbqpoffset:7.17 pbfactor:2.29 avgQpOffsetCutree:0.00;
in:32 out:17 type:k q:26.45 q-aq:19.84 q-noVbv:26.45 q-Rceq:1.32 tex:303141 mv:41774 misc:3029 icu:1224.25 pcu:318.25 scu:17.50 tlayer:0 pbqpoffset:0.00 pbfactor:1.00 avgQpOffsetCutree:-6.55;
in:24 out:18 type:B q:30.28 q-aq:25.25 q-noVbv:30.28 q-Rceq:1.32 tex:87074 mv:22684 misc:3050 icu:329.25 pcu:625.75 scu:605.00 tlayer:1 pbqpoffset:1.83 pbfactor:1.24 avgQpOffsetCutree:-4.69;
in:20 out:19 type:B q:32.30 q-aq:28.81 q-noVbv:32.30 q-Rceq:1.32 tex:15680 mv:9856 misc:2664 icu:94.25 pcu:491.50 scu:974.25 tlayer:2 pbqpoffset:2.85 pbfactor:1.39 avgQpOffsetCutree:-3.36;
in:18 out:20 type:B q:33.65 q-aq:32.19 q-noVbv:33.65 q-Rceq:1.32 tex:4943 mv:5491 misc:1678 icu:23.25 pcu:464.50 scu:1072.25 tlayer:3 pbqpoffset:3.70 pbfactor:1.53 avgQpOffsetCutree:-1.71;
in:17 out:21 type:b q:36.90 q-aq:37.00 q-noVbv:36.90 q-Rceq:1.32 tex:550 mv:1546 misc:720 icu:2.75 pcu:235.25 scu:1322.00 tlayer:4 pbqpoffset:6.70 pbfactor:2.17 avgQpOffsetCutree:0.00;
in:19 out:22 type:b q:36.40 q-aq:36.01 q-noVbv:36.40 q-Rceq:1.32 tex:916 mv:1917 misc:815 icu:4.50 pcu:275.75 scu:1279.75 tlayer:4 pbqpoffset:6.70 pbfactor:2.17 avgQpOffsetCutree:0.00;
in:22 out:23 type:B q:32.65 q-aq:31.49 q-noVbv:32.65 q-Rceq:1.32 tex:6363 mv:4927 misc:1534 icu:47.50 pcu:450.00 scu:1062.50 tlayer:3 pbqpoffset:3.70 pbfactor:1.53 avgQpOffsetCutree:-1.72;
in:21 out:24 type:b q:35.90 q-aq:36.00 q-noVbv:35.90 q-Rceq:1.32 tex:792 mv:1974 misc:778 icu:1.50 pcu:320.00 scu:1238.50 tlayer:4 pbqpoffset:6.70 pbfactor:2.17 avgQpOffsetCutree:0.00;
in:23 out:25 type:b q:35.40 q-aq:35.02 q-noVbv:35.40 q-Rceq:1.32 tex:1686 mv:2078 misc:852 icu:11.75 pcu:325.25 scu:1223.00 tlayer:4 pbqpoffset:6.70 pbfactor:2.17 avgQpOffsetCutree:0.00;
in:28 out:26 type:B q:30.37 q-aq:26.36 q-noVbv:30.37 q-Rceq:1.32 tex:16482 mv:10056 misc:2998 icu:98.75 pcu:489.00 scu:972.25 tlayer:2 pbqpoffset:2.92 pbfactor:1.40 avgQpOffsetCutree:-3.79;
in:26 out:27 type:B q:31.65 q-aq:30.09 q-noVbv:31.65 q-Rceq:1.32 tex:6360 mv:4745 misc:1727 icu:53.00 pcu:413.50 scu:1093.50 tlayer:3 pbqpoffset:3.70 pbfactor:1.53 avgQpOffsetCutree:-1.84;
in:25 out:28 type:b q:34.90 q-aq:35.02 q-noVbv:34.90 q-Rceq:1.32 tex:1241 mv:2036 misc:867 icu:6.75 pcu:277.75 scu:1275.50 tlayer:4 pbqpoffset:6.70 pbfactor:2.17 avgQpOffsetCutree:0.00;
in:27 out:29 type:b q:34.40 q-aq:34.04 q-noVbv:34.40 q-Rceq:1.32 tex:1286 mv:1935 misc:787 icu:3.75 pcu:307.50 scu:1248.75 tlayer:4 pbqpoffset:6.70 pbfactor:2.17 avgQpOffsetCutree:0.00;
in:30 out:30 type:B q:30.65 q-aq:29.31 q-noVbv:30.65 q-Rceq:1.32 tex:7695 mv:4798 misc:1651 icu:63.50 pcu:390.75 scu:1105.75 tlayer:3 pbqpoffset:3.70 pbfactor:1.53 avgQpOffsetCutree:-1.96;
in:29 out:31 type:b q:33.90 q-aq:34.00 q-noVbv:33.90 q-Rceq:1.32 tex:1600 mv:1997 misc:771 icu:5.00 pcu:278.25 scu:1276.75 tlayer:4 pbqpoffset:6.70 pbfactor:2.17 avgQpOffsetCutree:0.00;
in:31 out:32 type:b q:33.40 q-aq:33.01 q-noVbv:33.40 q-Rceq:1.32 tex:1359 mv:2181 misc:844 icu:4.50 pcu:319.50 scu:1236.00 tlayer:4 pbqpoffset:6.70 pbfactor:2.17 avgQpOffsetCutree:0.00;
in:48 out:33 type:k q:27.07 q-aq:19.70 q-noVbv:27.07 q-Rceq:1.32 tex:201384 mv:29473 misc:4263 icu:626.00 pcu:699.75 scu:234.25 tlayer:0 pbqpoffset:0.00 pbfactor:1.00 avgQpOffsetCutree:-6.64;
in:40 out:34 type:B q:28.65 q-aq:23.96 q-noVbv:28.65 q-Rceq:1.32 tex:79155 mv:23434 misc:2723 icu:376.00 pcu:653.00 scu:531.00 tlayer:1 pbqpoffset:1.88 pbfactor:1.24 avgQpOffsetCutree:-4.69;
in:36 out:35 type:B q:29.22 q-aq:25.99 q-noVbv:29.22 q-Rceq:1.32 tex:18005 mv:9732 misc:2887 icu:119.75 pcu:508.25 scu:932.00 tlayer:2 pbqpoffset:2.61 pbfactor:1.35 avgQpOffsetCutree:-3.26;
in:34 out:36 type:B q:30.28 q-aq:28.80 q-noVbv:30.28 q-Rceq:1.32 tex:6406 mv:4623 misc:1931 icu:78.00 pcu:393.25 scu:1088.75 tlayer:3 pbqpoffset:3.75 pbfactor:1.54 avgQpOffsetCutree:-1.85;
in:33 out:37 type:b q:33.24 q-aq:33.01 q-noVbv:33.24 q-Rceq:1.32 tex:954 mv:1862 misc:800 icu:12.00 pcu:296.00 scu:1252.00 tlayer:4 pbqpoffset:6.75 pbfactor:2.18 avgQpOffsetCutree:0.00;
in:35 out:38 type:b q:33.32 q-aq:33.02 q-noVbv:33.32 q-Rceq:1.32 tex:1665 mv:1830 misc:769 icu:8.25 pcu:287.75 scu:1264.00 tlayer:4 pbqpoffset:6.75 pbfactor:2.18 avgQpOffsetCutree:0.00;
in:38 out:39 type:B q:30.43 q-aq:28.95 q-noVbv:30.43 q-Rceq:1.32 tex:5836 mv:4614 misc:1878 icu:47.25 pcu:439.75 scu:1073.00 tlayer:3 pbqpoffset:3.75 pbfactor:1.54 avgQpOffsetCutree:-1.82;
in:37 out:40 type:b q:33.39 q-aq:33.06 q-noVbv:33.39 q-Rceq:1.32 tex:1360 mv:2044 misc:844 icu:13.00 pcu:281.00 scu:1266.00 tlayer:4 pbqpoffset:6.75 pbfactor:2.18 avgQpOffsetCutree:0.00;
in:39 out:41 type:b q:33.47 q-aq:33.19 q-noVbv:33.47 q-Rceq:1.32 tex:1302 mv:1588 misc:798 icu:11.50 pcu:234.25 scu:1314.25 tlayer:4 pbqpoffset:6.75 pbfactor:2.18 avgQpOffsetCutree:0.00;
in:44 out:42 type:B q:29.41 q-aq:25.89 q-noVbv:29.41 q-Rceq:1.32 tex:18711 mv:11537 misc:3072 icu:84.25 pcu:452.25 scu:1023.50 tlayer:2 pbqpoffset:2.49 pbfactor:1.33 avgQpOffsetCutree:-3.35;
in:42 out:43 type:B q:30.59 q-aq:29.33 q-noVbv:30.59 q-Rceq:1.32 tex:5621 mv:4745 misc:1826 icu:25.00 pcu:414.50 scu:1120.50 tlayer:3 pbqpoffset:3.75 pbfactor:1.54 avgQpOffsetCutree:-1.84;
in:41 out:44 type:b q:33.55 q-aq:34.00 q-noVbv:33.55 q-Rceq:1.32 tex:1467 mv:1397 misc:680 icu:8.00 pcu:247.00 scu:1305.00 tlayer:4 pbqpoffset:6.75 pbfactor:2.18 avgQpOffsetCutree:0.00;
in:43 out:45 type:b q:33.63 q-aq:34.00 q-noVbv:33.63 q-Rceq:1.32 tex:1022 mv:1539 misc:791 icu:3.25 pcu:283.00 scu:1273.75 tlayer:4 pbqpoffset:6.75 pbfactor:2.18 avgQpOffsetCutree:0.00;
in:46 out:46 type:B q:30.74 q-aq:29.03 q-noVbv:30.74 q-Rceq:1.32 tex:7076 mv:5629 misc:1959 icu:33.75 pcu:437.75 scu:1088.50 tlayer:3 pbqpoffset:3.75 pbfactor:1.54 avgQpOffsetCutree:-1.87;
in:45 out:47 type:b q:33.70 q-aq:34.00 q-noVbv:33.70 q-Rceq:1.32 tex:926 mv:1796 misc:814 icu:6.25 pcu:262.00 scu:1291.75 tlayer:4 pbqpoffset:6.75 pbfactor:2.18 avgQpOffsetCutree:0.00;
in:47 out:48 type:b q:33.78 q-aq:34.00 q-noVbv:33.78 q-Rceq:1.32 tex:1196 mv:1659 misc:833 icu:4.00 pcu:270.25 scu:1285.75 tlayer:4 pbqpoffset:6.75 pbfactor:2.18 avgQpOffsetCutree:0.00;
in:64 out:49 type:k q:26.68 q-aq:20.15 q-noVbv:26.68 q-Rceq:1.32 tex:291505 mv:41587 misc:3180 icu:1116.50 pcu:432.75 scu:10.75 tlayer:0 pbqpoffset:1.17 pbfactor:1.14 avgQpOffsetCutree:-6.94;
in:56 out:50 type:B q:28.85 q-aq:23.65 q-noVbv:28.85 q-Rceq:1.32 tex:100126 mv:23075 misc:3191 icu:393.75 pcu:641.00 scu:525.25 tlayer:1 pbqpoffset:1.97 pbfactor:1.26 avgQpOffsetCutree:-4.89;
in:52 out:51 type:B q:29.96 q-aq:26.42 q-noVbv:29.96 q-Rceq:1.32 tex:21524 mv:11477 misc:3071 icu:67.25 pcu:538.00 scu:954.75 tlayer:2 pbqpoffset:2.99 pbfactor:1.41 avgQpOffsetCutree:-3.50;
in:50 out:52 type:B q:30.86 q-aq:29.14 q-noVbv:30.86 q-Rceq:1.32 tex:7258 mv:6356 misc:2106 icu:15.25 pcu:529.75 scu:1015.00 tlayer:3 pbqpoffset:3.84 pbfactor:1.56 avgQpOffsetCutree:-1.86;
in:49 out:53 type:b q:33.89 q-aq:34.00 q-noVbv:33.89 q-Rceq:1.32 tex:904 mv:1935 misc:897 icu:1.25 pcu:262.75 scu:1296.00 tlayer:4 pbqpoffset:6.84 pbfactor:2.20 avgQpOffsetCutree:0.00;
in:51 out:54 type:b q:33.84 q-aq:34.00 q-noVbv:33.84 q-Rceq:1.32 tex:985 mv:1953 misc:862 icu:4.50 pcu:188.75 scu:1366.75 tlayer:4 pbqpoffset:6.84 pbfactor:2.20 avgQpOffsetCutree:0.00;
in:54 out:55 type:B q:30.77 q-aq:29.20 q-noVbv:30.77 q-Rceq:1.32 tex:6049 mv:5438 misc:1953 icu:5.75 pcu:399.75 scu:1154.50 tlayer:3 pbqpoffset:3.84 pbfactor:1.56 avgQpOffsetCutree:-1.71;
in:53 out:56 type:b q:33.79 q-aq:34.00 q-noVbv:33.79 q-Rceq:1.32 tex:798 mv:1568 misc:778 icu:1.25 pcu:194.00 scu:1364.75 tlayer:4 pbqpoffset:6.84 pbfactor:2.20 avgQpOffsetCutree:0.00;
in:55 out:57 type:b q:33.74 q-aq:34.00 q-noVbv:33.74 q-Rceq:1.32 tex:590 mv:1482 misc:728 icu:0.00 pcu:193.25 scu:1366.75 tlayer:4 pbqpoffset:6.84 pbfactor:2.20 avgQpOffsetCutree:0.00;
in:60 out:58 type:B q:30.62 q-aq:26.27 q-noVbv:30.62 q-Rceq:1.32 tex:11073 mv:9356 misc:2771 icu:8.00 pcu:503.75 scu:1048.25 tlayer:2 pbqpoffset:3.84 pbfactor:1.56 avgQpOffsetCutree:-4.03;
in:58 out:59 type:B q:30.67 q-aq:29.03 q-noVbv:30.67 q-Rceq:1.32 tex:3504 mv:5095 misc:2017 icu:1.25 pcu:408.75 scu:1150.00 tlayer:3 pbqpoffset:3.84 pbfactor:1.56 avgQpOffsetCutree:-1.86;
in:57 out:60 type:b q:33.69 q-aq:34.00 q-noVbv:33.69 q-Rceq:1.32 tex:136 mv:1450 misc:630 icu:0.00 pcu:164.75 scu:1395.25 tlayer:4 pbqpoffset:6.84 pbfactor:2.20 avgQpOffsetCutree:0.00;
in:59 out:61 type:b q:33.64 q-aq:34.00 q-noVbv:33.64 q-Rceq:1.32 tex:239 mv:1182 misc:555 icu:0.50 pcu:221.75 scu:1337.75 tlayer:4 pbqpoffset:6.84 pbfactor:2.20 avgQpOffsetCutree:0.00;
in:62 out:62 type:B q:30.57 q-aq:28.59 q-noVbv:30.57 q-Rceq:1.32 tex:2572 mv:4015 misc:1557 icu:2.75 pcu:318.75 scu:1238.50 tlayer:3 pbqpoffset:3.84 pbfactor:1.56 avgQpOffsetCutree:-2.16;
in:61 out:63 type:b q:33.53 q-aq:34.00 q-noVbv:33.53 q-Rceq:1.32 tex:137 mv:812 misc:419 icu:0.00 pcu:228.50 scu:1331.50 tlayer:4 pbqpoffset:6.77 pbfactor:2.19 avgQpOffsetCutree:0.00;
in:63 out:64 type:b q:33.55 q-aq:34.00 q-noVbv:33.55 q-Rceq:1.32 tex:155 mv:874 misc:483 icu:0.00 pcu:258.75 scu:1301.25 tlayer:4 pbqpoffset:6.84 pbfactor:2.20 avgQpOffsetCutree:0.00;
in:80 out:65 type:k q:24.56 q-aq:16.78 q-noVbv:24.56 q-Rceq:1.32 tex:292411 mv:31525 misc:3976 icu:655.00 pcu:757.50 scu:147.50 tlayer:0 pbqpoffset:0.70 pbfactor:1.08 avgQpOffsetCutree:-6.78;
in:72 out:66 type:B q:27.57 q-aq:22.75 q-noVbv:27.57 q-Rceq:1.32 tex:89896 mv:23667 misc:3029 icu:337.25 pcu:601.50 scu:621.25 tlayer:1 pbqpoffset:1.94 pbfactor:1.25 avgQpOffsetCutree:-4.74;
in:68 out:67 type:B q:28.26 q-aq:24.88 q-noVbv:28.26 q-Rceq:1.32 tex:23198 mv:12655 misc:2955 icu:34.75 pcu:671.50 scu:853.75 tlayer:2 pbqpoffset:2.11 pbfactor:1.28 avgQpOffsetCutree:-3.56;
in:66 out:68 type:B q:30.23 q-aq:28.51 q-noVbv:30.23 q-Rceq:1.32 tex:4537 mv:5624 misc:1895 icu:4.50 pcu:375.25 scu:1180.25 tlayer:3 pbqpoffset:3.81 pbfactor:1.55 avgQpOffsetCutree:-1.92;
in:65 out:69 type:b q:33.36 q-aq:33.00 q-noVbv:33.36 q-Rceq:1.32 tex:199 mv:1304 misc:657 icu:0.00 pcu:190.00 scu:1370.00 tlayer:4 pbqpoffset:6.81 pbfactor:2.20 avgQpOffsetCutree:0.00;
in:67 out:70 type:b q:33.09 q-aq:33.00 q-noVbv:33.09 q-Rceq:1.32 tex:181 mv:1574 misc:661 icu:0.25 pcu:194.25 scu:1365.50 tlayer:4 pbqpoffset:6.81 pbfactor:2.20 avgQpOffsetCutree:0.00;
in:70 out:71 type:B q:29.61 q-aq:28.31 q-noVbv:29.61 q-Rceq:1.32 tex:9139 mv:6454 misc:2007 icu:11.25 pcu:401.25 scu:1147.50 tlayer:3 pbqpoffset:3.72 pbfactor:1.54 avgQpOffsetCutree:-1.79;
in:69 out:72 type:b q:32.83 q-aq:33.00 q-noVbv:32.83 q-Rceq:1.32 tex:795 mv:1605 misc:744 icu:0.75 pcu:214.00 scu:1345.25 tlayer:4 pbqpoffset:6.81 pbfactor:2.20 avgQpOffsetCutree:0.00;
in:71 out:73 type:b q:32.56 q-aq:33.00 q-noVbv:32.56 q-Rceq:1.32 tex:1164 mv:1673 misc:859 icu:0.25 pcu:244.50 scu:1315.25 tlayer:4 pbqpoffset:6.81 pbfactor:2.20 avgQpOffsetCutree:0.00;
in:76 out:74 type:B q:27.25 q-aq:23.78 q-noVbv:27.25 q-Rceq:1.32 tex:24574 mv:11457 misc:3153 icu:120.75 pcu:537.50 scu:901.75 tlayer:2 pbqpoffset:2.16 pbfactor:1.28 avgQpOffsetCutree:-3.48;
in:74 out:75 type:B q:28.96 q-aq:27.32 q-noVbv:28.96 q-Rceq:1.32 tex:9260 mv:5913 misc:2099 icu:32.75 pcu:466.25 scu:1061.00 tlayer:3 pbqpoffset:3.61 pbfactor:1.52 avgQpOffsetCutree:-1.72;
in:73 out:76 type:b q:32.30 q-aq:32.09 q-noVbv:32.30 q-Rceq:1.32 tex:1353 mv:2046 misc:841 icu:1.25 pcu:251.25 scu:1307.50 tlayer:4 pbqpoffset:6.81 pbfactor:2.20 avgQpOffsetCutree:0.00;
in:75 out:77 type:b q:32.03 q-aq:32.00 q-noVbv:32.03 q-Rceq:1.32 tex:1550 mv:1810 misc:808 icu:1.25 pcu:314.50 scu:1244.25 tlayer:4 pbqpoffset:6.81 pbfactor:2.20 avgQpOffsetCutree:0.00;
in:78 out:78 type:B q:28.63 q-aq:27.29 q-noVbv:28.63 q-Rceq:1.32 tex:8578 mv:5180 misc:1986 icu:42.50 pcu:368.00 scu:1149.50 tlayer:3 pbqpoffset:3.81 pbfactor:1.55 avgQpOffsetCutree:-1.84;
in:77 out:79 type:b q:31.77 q-aq:32.00 q-noVbv:31.77 q-Rceq:1.32 tex:1488 mv:2118 misc:786 icu:6.50 pcu:310.00 scu:1243.50 tlayer:4 pbqpoffset:6.81 pbfactor:2.20 avgQpOffsetCutree:0.00;
in:79 out:80 type:b q:31.50 q-aq:31.70 q-noVbv:31.50 q-Rceq:1.32 tex:1640 mv:1403 misc:789 icu:2.25 pcu:337.75 scu:1220.00 tlayer:4 pbqpoffset:6.81 pbfactor:2.20 avgQpOffsetCutree:0.00;
in:96 out:81 type:k q:24.45 q-aq:18.47 q-noVbv:24.45 q-Rceq:1.32 tex:304936 mv:39264 misc:3048 icu:1139.50 pcu:401.00 scu:19.50 tlayer:0 pbqpoffset:0.75 pbfactor:1.09 avgQpOffsetCutree:-6.60;
in:88 out:82 type:B q:26.40 q-aq:21.61 q-noVbv:26.40 q-Rceq:1.32 tex:105353 mv:21940 misc:3195 icu:368.75 pcu:683.25 scu:508.00 tlayer:1 pbqpoffset:1.89 pbfactor:1.24 avgQpOffsetCutree:-4.81;
in:84 out:83 type:B q:27.63 q-aq:24.20 q-noVbv:27.63 q-Rceq:1.32 tex:22969 mv:9691 misc:3012 icu:87.25 pcu:514.00 scu:958.75 tlayer:2 pbqpoffset:3.10 pbfactor:1.43 avgQpOffsetCutree:-3.48;
in:82 out:84 type:B q:28.30 q-aq:26.78 q-noVbv:28.30 q-Rceq:1.32 tex:7068 mv:5065 misc:1803 icu:29.25 pcu:372.75 scu:1158.00 tlayer:3 pbqpoffset:3.76 pbfactor:1.54 avgQpOffsetCutree:-1.86;
in:81 out:85 type:b q:31.31 q-aq:31.01 q-noVbv:31.31 q-Rceq:1.32 tex:1605 mv:1757 misc:814 icu:4.00 pcu:274.50 scu:1281.50 tlayer:4 pbqpoffset:6.76 pbfactor:2.18 avgQpOffsetCutree:0.00;
in:83 out:86 type:b q:31.30 q-aq:31.04 q-noVbv:31.30 q-Rceq:1.32 tex:1418 mv:1967 misc:823 icu:8.75 pcu:246.50 scu:1304.75 tlayer:4 pbqpoffset:6.76 pbfactor:2.18 avgQpOffsetCutree:0.00;
in:86 out:87 type:B q:28.28 q-aq:27.16 q-noVbv:28.28 q-Rceq:1.32 tex:7641 mv:4688 misc:1831 icu:65.75 pcu:370.00 scu:1124.25 tlayer:3 pbqpoffset:3.76 pbfactor:1.54 avgQpOffsetCutree:-1.41;
in:85 out:88 type:b q:31.28 q-aq:31.07 q-noVbv:31.28 q-Rceq:1.32 tex:1769 mv:2059 misc:884 icu:6.75 pcu:287.25 scu:1266.00 tlayer:4 pbqpoffset:6.76 pbfactor:2.18 avgQpOffsetCutree:0.00;
in:87 out:89 type:b q:31.27 q-aq:31.02 q-noVbv:31.27 q-Rceq:1.32 tex:1518 mv:1686 misc:852 icu:3.25 pcu:254.50 scu:1302.25 tlayer:4 pbqpoffset:6.76 pbfactor:2.18 avgQpOffsetCutree:0.00;
in:92 out:90 type:B q:27.39 q-aq:23.77 q-noVbv:27.39 q-Rceq:1.32 tex:25710 mv:9756 misc:2798 icu:119.50 pcu:476.75 scu:963.75 tlayer:2 pbqpoffset:2.91 pbfactor:1.40 avgQpOffsetCutree:-3.83;
in:90 out:91 type:B q:28.25 q-aq:26.60 q-noVbv:28.25 q-Rceq:1.32 tex:8676 mv:4599 misc:1741 icu:82.25 pcu:382.50 scu:1095.25 tlayer:3 pbqpoffset:3.76 pbfactor:1.54 avgQpOffsetCutree:-1.68;
in:89 out:92 type:b q:31.26 q-aq:31.02 q-noVbv:31.26 q-Rceq:1.32 tex:1628 mv:1871 misc:741 icu:11.75 pcu:295.25 scu:1253.00 tlayer:4 pbqpoffset:6.76 pbfactor:2.18 avgQpOffsetCutree:0.00;
in:91 out:93 type:b q:31.24 q-aq:31.01 q-noVbv:31.24 q-Rceq:1.32 tex:1504 mv:1903 misc:745 icu:10.75 pcu:286.00 scu:1263.25 tlayer:4 pbqpoffset:6.76 pbfactor:2.18 avgQpOffsetCutree:0.00;
in:94 out:94 type:B q:28.22 q-aq:26.87 q-noVbv:28.22 q-Rceq:1.32 tex:10342 mv:5111 misc:1819 icu:51.00 pcu:438.50 scu:1070.50 tlayer:3 pbqpoffset:3.76 pbfactor:1.54 avgQpOffsetCutree:-1.92;
in:93 out:95 type:b q:31.23 q-aq:31.01 q-noVbv:31.23 q-Rceq:1.32 tex:1656 mv:1928 misc:832 icu:6.25 pcu:276.25 scu:1277.50 tlayer:4 pbqpoffset:6.76 pbfactor:2.18 avgQpOffsetCutree:0.00;
in:95 out:96 type:b q:31.22 q-aq:31.03 q-noVbv:31.22 q-Rceq:1.32 tex:2241 mv:2015 misc:792 icu:3.00 pcu:316.75 scu:1240.25 tlayer:4 pbqpoffset:6.76 pbfactor:2.18 avgQpOffsetCutree:0.00;
in:112 out:97 type:k q:24.28 q-aq:16.86 q-noVbv:24.28 q-Rceq:1.32 tex:269784 mv:33088 misc:4600 icu:579.75 pcu:836.00 scu:144.25 tlayer:0 pbqpoffset:0.64 pbfactor:1.08 avgQpOffsetCutree:-7.12;
in:104 out:98 type:B q:26.31 q-aq:21.52 q-noVbv:26.31 q-Rceq:1.32 tex:92494 mv:22813 misc:3213 icu:331.00 pcu:795.75 scu:433.25 tlayer:1 pbqpoffset:1.95 pbfactor:1.25 avgQpOffsetCutree:-4.57;
in:100 out:99 type:B q:26.86 q-aq:23.70 q-noVbv:26.86 q-Rceq:1.32 tex:25002 mv:11342 misc:3120 icu:135.25 pcu:530.75 scu:894.00 tlayer:2 pbqpoffset:2.45 pbfactor:1.33 avgQpOffsetCutree:-3.31;
in:98 out:100 type:B q:28.24 q-aq:26.60 q-noVbv:28.24 q-Rceq:1.32 tex:9824 mv:6011 misc:1981 icu:50.00 pcu:419.50 scu:1090.50 tlayer:3 pbqpoffset:3.81 pbfactor:1.55 avgQpOffsetCutree:-1.84;
in:97 out:101 type:b q:31.25 q-aq:31.03 q-noVbv:31.25 q-Rceq:1.32 tex:1928 mv:1708 misc:708 icu:10.75 pcu:271.50 scu:1277.75 tlayer:4 pbqpoffset:6.81 pbfactor:2.20 avgQpOffsetCutree:0.00;
in:99 out:102 type:b q:31.23 q-aq:31.05 q-noVbv:31.23 q-Rceq:1.32 tex:2402 mv:2361 misc:909 icu:12.00 pcu:279.25 scu:1268.75 tlayer:4 pbqpoffset:6.81 pbfactor:2.20 avgQpOffsetCutree:0.00;
in:102 out:103 type:B q:28.20 q-aq:26.49 q-noVbv:28.20 q-Rceq:1.32 tex:9827 mv:6647 misc:2230 icu:44.50 pcu:434.50 scu:1081.00 tlayer:3 pbqpoffset:3.81 pbfactor:1.55 avgQpOffsetCutree:-1.84;
in:101 out:104 type:b q:31.21 q-aq:31.01 q-noVbv:31.21 q-Rceq:1.32 tex:2482 mv:2231 misc:903 icu:12.50 pcu:344.25 scu:1203.25 tlayer:4 pbqpoffset:6.81 pbfactor:2.20 avgQpOffsetCutree:0.00;
in:103 out:105 type:b q:31.19 q-aq:31.00 q-noVbv:31.19 q-Rceq:1.32 tex:1774 mv:2130 misc:896 icu:3.25 pcu:275.00 scu:1281.75 tlayer:4 pbqpoffset:6.81 pbfactor:2.20 avgQpOffsetCutree:0.00;
in:108 out:106 type:B q:26.99 q-aq:23.35 q-noVbv:26.99 q-Rceq:1.32 tex:27834 mv:11577 misc:3173 icu:82.50 pcu:579.50 scu:898.00 tlayer:2 pbqpoffset:2.66 pbfactor:1.36 avgQpOffsetCutree:-3.59;
in:106 out:107 type:B q:28.16 q-aq:26.65 q-noVbv:28.16 q-Rceq:1.32 tex:8963 mv:6543 misc:2086 icu:18.75 pcu:458.75 scu:1082.50 tlayer:3 pbqpoffset:3.81 pbfactor:1.55 avgQpOffsetCutree:-1.72;
in:105 out:108 type:b q:31.17 q-aq:31.02 q-noVbv:31.17 q-Rceq:1.32 tex:1432 mv:1922 misc:830 icu:5.00 pcu:208.00 scu:1347.00 tlayer:4 pbqpoffset:6.81 pbfactor:2.20 avgQpOffsetCutree:0.00;
in:107 out:109 type:b q:31.14 q-aq:31.00 q-noVbv:31.14 q-Rceq:1.32 tex:1067 mv:1993 misc:812 icu:1.50 pcu:202.75 scu:1355.75 tlayer:4 pbqpoffset:6.81 pbfactor:2.20 avgQpOffsetCutree:0.00;
in:110 out:110 type:B q:28.11 q-aq:26.31 q-noVbv:28.11 q-Rceq:1.32 tex:6605 mv:5747 misc:2008 icu:5.50 pcu:403.25 scu:1151.25 tlayer:3 pbqpoffset:3.81 pbfactor:1.55 avgQpOffsetCutree:-1.84;
in:109 out:111 type:b q:31.12 q-aq:31.00 q-noVbv:31.12 q-Rceq:1.32 tex:394 mv:1691 misc:787 icu:0.50 pcu:189.25 scu:1370.25 tlayer:4 pbqpoffset:6.81 pbfactor:2.20 avgQpOffsetCutree:0.00;
in:111 out:112 type:b q:31.10 q-aq:31.00 q-noVbv:31.10 q-Rceq:1.32 tex:491 mv:1505 misc:716 icu:0.00 pcu:231.00 scu:1329.00 tlayer:4 pbqpoffset:6.81 pbfactor:2.20 avgQpOffsetCutree:0.00;
in:128 out:113 type:k q:23.55 q-aq:17.53 q-noVbv:23.55 q-Rceq:1.32 tex:330523 mv:41581 misc:3088 icu:1163.50 pcu:388.50 scu:8.00 tlayer:0 pbqpoffset:0.81 pbfactor:1.10 avgQpOffsetCutree:-6.69;
in:120 out:114 type:B q:25.99 q-aq:20.28 q-noVbv:25.99 q-Rceq:1.32 tex:104255 mv:21084 misc:3853 icu:234.00 pcu:759.50 scu:566.50 tlayer:1 pbqpoffset:2.07 pbfactor:1.27 avgQpOffsetCutree:-5.20;
in:116 out:115 type:B q:27.88 q-aq:23.68 q-noVbv:27.88 q-Rceq:1.32 tex:19642 mv:10458 misc:3028 icu:25.00 pcu:521.25 scu:1013.75 tlayer:2 pbqpoffset:3.78 pbfactor:1.55 avgQpOffsetCutree:-3.72;
in:114 out:116 type:B q:28.01 q-aq:26.53 q-noVbv:28.01 q-Rceq:1.32 tex:4634 mv:5004 misc:1730 icu:0.50 pcu:381.50 scu:1178.00 tlayer:3 pbqpoffset:3.82 pbfactor:1.55 avgQpOffsetCutree:-1.73;
in:113 out:117 type:b q:31.06 q-aq:31.00 q-noVbv:31.06 q-Rceq:1.32 tex:45 mv:1404 misc:607 icu:0.00 pcu:177.00 scu:1383.00 tlayer:4 pbqpoffset:6.82 pbfactor:2.20 avgQpOffsetCutree:0.00;
in:115 out:118 type:b q:30.96 q-aq:31.00 q-noVbv:30.96 q-Rceq:1.32 tex:350 mv:1196 misc:606 icu:0.00 pcu:222.50 scu:1337.50 tlayer:4 pbqpoffset:6.82 pbfactor:2.20 avgQpOffsetCutree:0.00;
in:118 out:119 type:B q:27.83 q-aq:26.42 q-noVbv:27.83 q-Rceq:1.32 tex:4218 mv:4087 misc:1527 icu:1.00 pcu:326.25 scu:1232.75 tlayer:3 pbqpoffset:3.82 pbfactor:1.55 avgQpOffsetCutree:-1.77;
in:117 out:120 type:b q:30.80 q-aq:31.00 q-noVbv:30.80 q-Rceq:1.32 tex:84 mv:684 misc:456 icu:0.00 pcu:129.00 scu:1431.00 tlayer:4 pbqpoffset:6.75 pbfactor:2.18 avgQpOffsetCutree:0.00;
in:119 out:121 type:b q:30.78 q-aq:31.00 q-noVbv:30.78 q-Rceq:1.32 tex:164 mv:1181 misc:543 icu:0.00 pcu:196.00 scu:1364.00 tlayer:4 pbqpoffset:6.82 pbfactor:2.20 avgQpOffsetCutree:0.00;
in:124 out:122 type:B q:26.82 q-aq:22.76 q-noVbv:26.82 q-Rceq:1.32 tex:24725 mv:11567 misc:3348 icu:52.50 pcu:587.50 scu:920.00 tlayer:2 pbqpoffset:3.09 pbfactor:1.43 avgQpOffsetCutree:-3.95;
in:122 out:123 type:B q:27.64 q-aq:26.25 q-noVbv:27.64 q-Rceq:1.32 tex:5952 mv:6022 misc:2010 icu:3.00 pcu:363.00 scu:1194.00 tlayer:3 pbqpoffset:3.82 pbfactor:1.55 avgQpOffsetCutree:-1.82;
in:121 out:124 type:b q:30.69 q-aq:31.00 q-noVbv:30.69 q-Rceq:1.32 tex:380 mv:1401 misc:643 icu:0.00 pcu:155.00 scu:1405.00 tlayer:4 pbqpoffset:6.82 pbfactor:2.20 avgQpOffsetCutree:0.00;
in:123 out:125 type:b q:30.60 q-aq:31.00 q-noVbv:30.60 q-Rceq:1.32 tex:283 mv:1458 misc:739 icu:0.25 pcu:119.00 scu:1440.75 tlayer:4 pbqpoffset:6.82 pbfactor:2.20 avgQpOffsetCutree:0.00;
in:126 out:126 type:B q:27.46 q-aq:26.07 q-noVbv:27.46 q-Rceq:1.32 tex:8814 mv:6320 misc:2082 icu:19.00 pcu:389.00 scu:1152.00 tlayer:3 pbqpoffset:3.82 pbfactor:1.55 avgQpOffsetCutree:-1.95;
in:125 out:127 type:b q:30.50 q-aq:31.00 q-noVbv:30.50 q-Rceq:1.32 tex:735 mv:1526 misc:731 icu:0.00 pcu:175.25 scu:1384.75 tlayer:4 pbqpoffset:6.82 pbfactor:2.20 avgQpOffsetCutree:0.00;
in:127 out:128 type:b q:30.41 q-aq:30.14 q-noVbv:30.41 q-Rceq:1.32 tex:1171 mv:2042 misc:891 icu:3.50 pcu:240.75 scu:1315.75 tlayer:4 pbqpoffset:6.82 pbfactor:2.20 avgQpOffsetCutree:0.00;
in:144 out:129 type:k q:23.35 q-aq:15.95 q-noVbv:23.35 q-Rceq:1.32 tex:292956 mv:31618 misc:4098 icu:643.00 pcu:838.00 scu:79.00 tlayer:0 pbqpoffset:0.76 pbfactor:1.09 avgQpOffsetCutree:-6.80;
in:136 out:130 type:B q:25.31 q-aq:20.38 q-noVbv:25.31 q-Rceq:1.32 tex:89933 mv:21029 misc:3246 icu:312.75 pcu:692.00 scu:555.25 tlayer:1 pbqpoffset:1.86 pbfactor:1.24 avgQpOffsetCutree:-4.70;
in:132 out:131 type:B q:25.55 q-aq:22.47 q-noVbv:25.55 q-Rceq:1.32 tex:27209 mv:11462 misc:2985 icu:110.75 pcu:558.75 scu:890.50 tlayer:2 pbqpoffset:2.05 pbfactor:1.27 avgQpOffsetCutree:-3.44;
in:130 out:132 type:B q:27.02 q-aq:25.51 q-noVbv:27.02 q-Rceq:1.32 tex:11267 mv:6457 misc:2116 icu:44.25 pcu:463.00 scu:1052.75 tlayer:3 pbqpoffset:3.50 pbfactor:1.50 avgQpOffsetCutree:-1.81;
in:129 out:133 type:b q:30.26 q-aq:30.18 q-noVbv:30.26 q-Rceq:1.32 tex:2062 mv:2107 misc:959 icu:2.50 pcu:246.75 scu:1310.75 tlayer:4 pbqpoffset:6.73 pbfactor:2.17 avgQpOffsetCutree:0.00;
in:131 out:134 type:b q:30.24 q-aq:30.02 q-noVbv:30.24 q-Rceq:1.32 tex:1646 mv:2292 misc:998 icu:4.75 pcu:226.25 scu:1329.00 tlayer:4 pbqpoffset:6.73 pbfactor:2.17 avgQpOffsetCutree:0.00;
in:134 out:135 type:B q:26.86 q-aq:25.49 q-noVbv:26.86 q-Rceq:1.32 tex:13178 mv:5989 misc:2137 icu:64.25 pcu:379.50 scu:1116.25 tlayer:3 pbqpoffset:3.39 pbfactor:1.48 avgQpOffsetCutree:-1.81;
in:133 out:136 type:b q:30.21 q-aq:30.04 q-noVbv:30.21 q-Rceq:1.32 tex:1793 mv:2304 misc:951 icu:9.25 pcu:239.50 scu:1311.25 tlayer:4 pbqpoffset:6.73 pbfactor:2.17 avgQpOffsetCutree:0.00;
in:135 out:137 type:b q:30.18 q-aq:30.04 q-noVbv:30.18 q-Rceq:1.32 tex:2440 mv:2154 misc:918 icu:12.25 pcu:229.75 scu:1318.00 tlayer:4 pbqpoffset:6.73 pbfactor:2.17 avgQpOffsetCutree:0.00;
in:140 out:138 type:B q:25.85 q-aq:22.89 q-noVbv:25.85 q-Rceq:1.32 tex:24452 mv:10063 misc:2893 icu:105.25 pcu:509.25 scu:945.50 tlayer:2 pbqpoffset:2.46 pbfactor:1.33 avgQpOffsetCutree:-3.44;
in:138 out:139 type:B q:27.15 q-aq:25.43 q-noVbv:27.15 q-Rceq:1.32 tex:9635 mv:5646 misc:1911 icu:40.75 pcu:426.50 scu:1092.75 tlayer:3 pbqpoffset:3.73 pbfactor:1.54 avgQpOffsetCutree:-1.92;
in:137 out:140 type:b q:30.16 q-aq:30.01 q-noVbv:30.16 q-Rceq:1.32 tex:1613 mv:2153 misc:882 icu:7.75 pcu:234.00 scu:1318.25 tlayer:4 pbqpoffset:6.73 pbfactor:2.17 avgQpOffsetCutree:0.00;
in:139 out:141 type:b q:30.13 q-aq:30.03 q-noVbv:30.13 q-Rceq:1.32 tex:2498 mv:1856 misc:814 icu:10.75 pcu:232.50 scu:1316.75 tlayer:4 pbqpoffset:6.73 pbfactor:2.17 avgQpOffsetCutree:0.00;
in:142 out:142 type:B q:27.10 q-aq:25.48 q-noVbv:27.10 q-Rceq:1.32 tex:10223 mv:4544 misc:1833 icu:73.50 pcu:267.75 scu:1218.75 tlayer:3 pbqpoffset:3.73 pbfactor:1.54 avgQpOffsetCutree:-1.79;
in:141 out:143 type:b q:30.11 q-aq:30.01 q-noVbv:30.11 q-Rceq:1.32 tex:2430 mv:2111 misc:835 icu:7.50 pcu:276.75 scu:1275.75 tlayer:4 pbqpoffset:6.73 pbfactor:2.17 avgQpOffsetCutree:0.00;
in:143 out:144 type:b q:30.08 q-aq:30.01 q-noVbv:30.08 q-Rceq:1.32 tex:1440 mv:2127 misc:817 icu:4.25 pcu:288.50 scu:1267.25 tlayer:4 pbqpoffset:6.73 pbfactor:2.17 avgQpOffsetCutree:0.00;
in:160 out:145 type:k q:23.43 q-aq:17.45 q-noVbv:23.43 q-Rceq:1.32 tex:316579 mv:39575 misc:3198 icu:1161.75 pcu:387.75 scu:10.50 tlayer:0 pbqpoffset:0.81 pbfactor:1.10 avgQpOffsetCutree:-6.78;
in:152 out:146 type:B q:25.24 q-aq:20.59 q-noVbv:25.24 q-Rceq:1.32 tex:95946 mv:19222 misc:2960 icu:382.50 pcu:548.75 scu:628.75 tlayer:1 pbqpoffset:1.85 pbfactor:1.24 avgQpOffsetCutree:-4.79;
in:148 out:147 type:B q:26.48 q-aq:23.25 q-noVbv:26.48 q-Rceq:1.32 tex:22163 mv:9548 misc:2905 icu:85.50 pcu:499.25 scu:975.25 tlayer:2 pbqpoffset:3.12 pbfactor:1.43 avgQpOffsetCutree:-3.44;
in:146 out:148 type:B q:27.07 q-aq:25.58 q-noVbv:27.07 q-Rceq:1.32 tex:9751 mv:4660 misc:1885 icu:64.00 pcu:357.25 scu:1138.75 tlayer:3 pbqpoffset:3.72 pbfactor:1.54 avgQpOffsetCutree:-1.74;
in:145 out:149 type:b q:30.07 q-aq:30.00 q-noVbv:30.07 q-Rceq:1.32 tex:2536 mv:1723 misc:845 icu:20.25 pcu:318.25 scu:1221.50 tlayer:4 pbqpoffset:6.72 pbfactor:2.17 avgQpOffsetCutree:0.00;
in:147 out:150 type:b q:30.08 q-aq:30.01 q-noVbv:30.08 q-Rceq:1.32 tex:1925 mv:2056 misc:867 icu:15.00 pcu:259.50 scu:1285.50 tlayer:4 pbqpoffset:6.72 pbfactor:2.17 avgQpOffsetCutree:0.00;
in:150 out:151 type:B q:27.09 q-aq:25.71 q-noVbv:27.09 q-Rceq:1.32 tex:8205 mv:4535 misc:1708 icu:38.75 pcu:340.25 scu:1181.00 tlayer:3 pbqpoffset:3.72 pbfactor:1.54 avgQpOffsetCutree:-1.68;
in:149 out:152 type:b q:30.09 q-aq:30.03 q-noVbv:30.09 q-Rceq:1.32 tex:1743 mv:1853 misc:908 icu:7.00 pcu:239.75 scu:1313.25 tlayer:4 pbqpoffset:6.72 pbfactor:2.17 avgQpOffsetCutree:0.00;
in:151 out:153 type:b q:30.10 q-aq:30.00 q-noVbv:30.10 q-Rceq:1.32 tex:1591 mv:1946 misc:807 icu:8.25 pcu:274.75 scu:1277.00 tlayer:4 pbqpoffset:6.72 pbfactor:2.17 avgQpOffsetCutree:0.00;
in:156 out:154 type:B q:26.16 q-aq:22.51 q-noVbv:26.16 q-Rceq:1.32 tex:26631 mv:9855 misc:2954 icu:84.75 pcu:638.75 scu:836.50 tlayer:2 pbqpoffset:2.75 pbfactor:1.37 avgQpOffsetCutree:-4.01;
in:154 out:155 type:B q:27.11 q-aq:25.61 q-noVbv:27.11 q-Rceq:1.32 tex:10045 mv:5391 misc:2236 icu:17.00 pcu:396.00 scu:1147.00 tlayer:3 pbqpoffset:3.72 pbfactor:1.54 avgQpOffsetCutree:-1.79;
in:153 out:156 type:b q:30.11 q-aq:30.00 q-noVbv:30.11 q-Rceq:1.32 tex:2034 mv:1781 misc:849 icu:2.25 pcu:288.75 scu:1269.00 tlayer:4 pbqpoffset:6.72 pbfactor:2.17 avgQpOffsetCutree:0.00;
in:155 out:157 type:b q:30.12 q-aq:30.01 q-noVbv:30.12 q-Rceq:1.32 tex:1527 mv:1863 misc:898 icu:5.25 pcu:287.00 scu:1267.75 tlayer:4 pbqpoffset:6.72 pbfactor:2.17 avgQpOffsetCutree:0.00;
in:158 out:158 type:B q:27.13 q-aq:25.55 q-noVbv:27.13 q-Rceq:1.32 tex:10627 mv:6210 misc:2059 icu:37.25 pcu:389.25 scu:1133.50 tlayer:3 pbqpoffset:3.72 pbfactor:1.54 avgQpOffsetCutree:-1.96;
in:157 out:159 type:b q:30.13 q-aq:30.01 q-noVbv:30.13 q-Rceq:1.32 tex:1472 mv:1980 misc:972 icu:4.00 pcu:230.00 scu:1326.00 tlayer:4 pbqpoffset:6.72 pbfactor:2.17 avgQpOffsetCutree:0.00;
in:159 out:160 type:b q:30.14 q-aq:30.02 q-noVbv:30.14 q-Rceq:1.32 tex:1361 mv:2246 misc:993 icu:3.75 pcu:270.00 scu:1286.25 tlayer:4 pbqpoffset:6.72 pbfactor:2.17 avgQpOffsetCutree:0.00;
in:176 out:161 type:k q:22.71 q-aq:14.77 q-noVbv:22.71 q-Rceq:1.32 tex:337434 mv:34492 misc:4234 icu:631.25 pcu:854.50 scu:74.25 tlayer:0 pbqpoffset:0.82 pbfactor:1.10 avgQpOffsetCutree:-7.15;
in:168 out:162 type:B q:25.00 q-aq:19.82 q-noVbv:25.00 q-Rceq:1.32 tex:87115 mv:19091 misc:3090 icu:235.50 pcu:687.00 scu:637.50 tlayer:1 pbqpoffset:1.93 pbfactor:1.25 avgQpOffsetCutree:-5.03;
in:164 out:163 type:B q:25.79 q-aq:22.14 q-noVbv:25.79 q-Rceq:1.32 tex:28195 mv:11765 misc:2792 icu:66.25 pcu:512.00 scu:981.75 tlayer:2 pbqpoffset:2.54 pbfactor:1.34 avgQpOffsetCutree:-3.57;
in:162 out:164 type:B q:27.09 q-aq:25.51 q-noVbv:27.09 q-Rceq:1.32 tex:9802 mv:5838 misc:2176 icu:14.75 pcu:475.25 scu:1070.00 tlayer:3 pbqpoffset:3.76 pbfactor:1.54 avgQpOffsetCutree:-1.90;
in:161 out:165 type:b q:30.14 q-aq:30.08 q-noVbv:30.14 q-Rceq:1.32 tex:1233 mv:1923 misc:876 icu:3.75 pcu:223.00 scu:1333.25 tlayer:4 pbqpoffset:6.76 pbfactor:2.18 avgQpOffsetCutree:0.00;
in:163 out:166 type:b q:30.05 q-aq:30.00 q-noVbv:30.05 q-Rceq:1.32 tex:1258 mv:1840 misc:782 icu:1.00 pcu:246.25 scu:1312.75 tlayer:4 pbqpoffset:6.76 pbfactor:2.18 avgQpOffsetCutree:0.00;
in:166 out:167 type:B q:26.91 q-aq:25.47 q-noVbv:26.91 q-Rceq:1.32 tex:7787 mv:6017 misc:2116 icu:1.50 pcu:359.00 scu:1199.50 tlayer:3 pbqpoffset:3.76 pbfactor:1.54 avgQpOffsetCutree:-1.76;
in:165 out:168 type:b q:29.96 q-aq:30.00 q-noVbv:29.96 q-Rceq:1.32 tex:739 mv:1691 misc:746 icu:1.00 pcu:154.00 scu:1405.00 tlayer:4 pbqpoffset:6.76 pbfactor:2.18 avgQpOffsetCutree:0.00;
in:167 out:169 type:b q:29.87 q-aq:30.00 q-noVbv:29.87 q-Rceq:1.32 tex:250 mv:1439 misc:679 icu:0.00 pcu:135.00 scu:1425.00 tlayer:4 pbqpoffset:6.76 pbfactor:2.18 avgQpOffsetCutree:0.00;
in:172 out:170 type:B q:26.10 q-aq:21.97 q-noVbv:26.10 q-Rceq:1.32 tex:25944 mv:11412 misc:2996 icu:24.25 pcu:548.50 scu:987.25 tlayer:2 pbqpoffset:3.21 pbfactor:1.45 avgQpOffsetCutree:-3.77;
in:170 out:171 type:B q:26.73 q-aq:25.29 q-noVbv:26.73 q-Rceq:1.32 tex:2957 mv:3816 misc:1779 icu:1.00 pcu:231.25 scu:1327.75 tlayer:3 pbqpoffset:3.76 pbfactor:1.54 avgQpOffsetCutree:-1.78;
in:169 out:172 type:b q:29.78 q-aq:30.00 q-noVbv:29.78 q-Rceq:1.32 tex:71 mv:1185 misc:568 icu:0.00 pcu:215.00 scu:1345.00 tlayer:4 pbqpoffset:6.76 pbfactor:2.18 avgQpOffsetCutree:0.00;
in:171 out:173 type:b q:29.67 q-aq:30.00 q-noVbv:29.67 q-Rceq:1.32 tex:62 mv:723 misc:455 icu:0.00 pcu:162.25 scu:1397.75 tlayer:4 pbqpoffset:6.74 pbfactor:2.18 avgQpOffsetCutree:0.00;
in:174 out:174 type:B q:26.55 q-aq:25.24 q-noVbv:26.55 q-Rceq:1.32 tex:5475 mv:5014 misc:1975 icu:2.00 pcu:290.75 scu:1267.25 tlayer:3 pbqpoffset:3.76 pbfactor:1.54 avgQpOffsetCutree:-1.90;
in:173 out:175 type:b q:29.60 q-aq:30.00 q-noVbv:29.60 q-Rceq:1.32 tex:293 mv:1405 misc:686 icu:0.00 pcu:244.50 scu:1315.50 tlayer:4 pbqpoffset:6.76 pbfactor:2.18 avgQpOffsetCutree:0.00;
in:175 out:176 type:b q:29.51 q-aq:30.00 q-noVbv:29.51 q-Rceq:1.32 tex:221 mv:1286 misc:597 icu:0.00 pcu:226.25 scu:1333.75 tlayer:4 pbqpoffset:6.76 pbfactor:2.18 avgQpOffsetCutree:0.00;
in:192 out:177 type:k q:23.28 q-aq:17.33 q-noVbv:23.28 q-Rceq:1.32 tex:310759 mv:39675 misc:3158 icu:1153.75 pcu:398.00 scu:8.25 tlayer:0 pbqpoffset:0.73 pbfactor:1.09 avgQpOffsetCutree:-6.71;
in:184 out:178 type:B q:24.87 q-aq:19.98 q-noVbv:24.87 q-Rceq:1.32 tex:102650 mv:21680 misc:3142 icu:402.25 pcu:585.00 scu:572.75 tlayer:1 pbqpoffset:1.88 pbfactor:1.24 avgQpOffsetCutree:-4.77;
in:180 out:179 type:B q:25.74 q-aq:22.18 q-noVbv:25.74 q-Rceq:1.32 tex:28604 mv:11351 misc:2917 icu:87.75 pcu:463.50 scu:1008.75 tlayer:2 pbqpoffset:2.89 pbfactor:1.40 avgQpOffsetCutree:-3.55;
in:178 out:180 type:B q:26.52 q-aq:24.97 q-noVbv:26.52 q-Rceq:1.32 tex:8559 mv:6712 misc:2505 icu:7.50 pcu:380.00 scu:1172.50 tlayer:3 pbqpoffset:3.74 pbfactor:1.54 avgQpOffsetCutree:-1.77;
in:177 out:181 type:b q:29.49 q-aq:29.91 q-noVbv:29.49 q-Rceq:1.32 tex:215 mv:1337 misc:672 icu:0.00 pcu:148.00 scu:1412.00 tlayer:4 pbqpoffset:6.74 pbfactor:2.18 avgQpOffsetCutree:0.00;
in:179 out:182 type:b q:29.56 q-aq:30.00 q-noVbv:29.56 q-Rceq:1.32 tex:692 mv:1631 misc:789 icu:0.00 pcu:232.00 scu:1328.00 tlayer:4 pbqpoffset:6.74 pbfactor:2.18 avgQpOffsetCutree:0.00;
in:182 out:183 type:B q:26.66 q-aq:25.44 q-noVbv:26.66 q-Rceq:1.32 tex:10058 mv:5631 misc:1935 icu:19.50 pcu:411.00 scu:1129.50 tlayer:3 pbqpoffset:3.74 pbfactor:1.54 avgQpOffsetCutree:-1.78;
in:181 out:184 type:b q:29.63 q-aq:30.00 q-noVbv:29.63 q-Rceq:1.32 tex:1327 mv:1881 misc:872 icu:0.25 pcu:234.50 scu:1325.25 tlayer:4 pbqpoffset:6.74 pbfactor:2.18 avgQpOffsetCutree:0.00;
in:183 out:185 type:b q:29.70 q-aq:30.00 q-noVbv:29.70 q-Rceq:1.32 tex:1857 mv:2100 misc:803 icu:0.75 pcu:303.00 scu:1256.25 tlayer:4 pbqpoffset:6.74 pbfactor:2.18 avgQpOffsetCutree:0.00;
in:188 out:186 type:B q:25.93 q-aq:21.95 q-noVbv:25.93 q-Rceq:1.32 tex:24062 mv:9933 misc:3173 icu:73.00 pcu:555.50 scu:931.50 tlayer:2 pbqpoffset:2.80 pbfactor:1.38 avgQpOffsetCutree:-3.98;
in:186 out:187 type:B q:26.80 q-aq:25.16 q-noVbv:26.80 q-Rceq:1.32 tex:9441 mv:5990 misc:2017 icu:23.00 pcu:445.50 scu:1091.50 tlayer:3 pbqpoffset:3.74 pbfactor:1.54 avgQpOffsetCutree:-1.91;
in:185 out:188 type:b q:29.77 q-aq:30.00 q-noVbv:29.77 q-Rceq:1.32 tex:1684 mv:2140 misc:888 icu:5.50 pcu:269.25 scu:1285.25 tlayer:4 pbqpoffset:6.74 pbfactor:2.18 avgQpOffsetCutree:0.00;
in:187 out:189 type:b q:29.84 q-aq:30.00 q-noVbv:29.84 q-Rceq:1.32 tex:1162 mv:1810 misc:836 icu:3.25 pcu:242.00 scu:1314.75 tlayer:4 pbqpoffset:6.74 pbfactor:2.18 avgQpOffsetCutree:0.00;
in:190 out:190 type:B q:26.95 q-aq:25.29 q-noVbv:26.95 q-Rceq:1.32 tex:9290 mv:5147 misc:1947 icu:51.00 pcu:324.00 scu:1185.00 tlayer:3 pbqpoffset:3.74 pbfactor:1.54 avgQpOffsetCutree:-1.92;
in:189 out:191 type:b q:29.91 q-aq:30.00 q-noVbv:29.91 q-Rceq:1.32 tex:1920 mv:1862 misc:778 icu:5.25 pcu:293.00 scu:1261.75 tlayer:4 pbqpoffset:6.74 pbfactor:2.18 avgQpOffsetCutree:0.00;
in:191 out:192 type:b q:29.98 q-aq:30.01 q-noVbv:29.98 q-Rceq:1.32 tex:1938 mv:1664 misc:806 icu:3.25 pcu:321.00 scu:1235.75 tlayer:4 pbqpoffset:6.74 pbfactor:2.18 avgQpOffsetCutree:0.00;
in:208 out:193 type:k q:22.71 q-aq:15.21 q-noVbv:22.71 q-Rceq:1.32 tex:316269 mv:33627 misc:4376 icu:599.00 pcu:829.50 scu:131.50 tlayer:0 pbqpoffset:0.72 pbfactor:1.09 avgQpOffsetCutree:-6.91;
in:200 out:194 type:B q:24.85 q-aq:20.17 q-noVbv:24.85 q-Rceq:1.32 tex:90806 mv:22535 misc:3267 icu:324.25 pcu:728.75 scu:507.00 tlayer:1 pbqpoffset:1.86 pbfactor:1.24 avgQpOffsetCutree:-4.64;
in:196 out:195 type:B q:25.68 q-aq:22.27 q-noVbv:25.68 q-Rceq:1.32 tex:21661 mv:9665 misc:2986 icu:78.00 pcu:515.50 scu:966.50 tlayer:2 pbqpoffset:2.54 pbfactor:1.34 avgQpOffsetCutree:-3.48;
in:194 out:196 type:B q:26.93 q-aq:25.43 q-noVbv:26.93 q-Rceq:1.32 tex:8295 mv:5593 misc:1992 icu:33.75 pcu:379.25 scu:1147.00 tlayer:3 pbqpoffset:3.72 pbfactor:1.54 avgQpOffsetCutree:-1.88;
in:193 out:197 type:b q:29.96 q-aq:30.00 q-noVbv:29.96 q-Rceq:1.32 tex:1928 mv:1741 misc:819 icu:8.75 pcu:293.75 scu:1257.50 tlayer:4 pbqpoffset:6.72 pbfactor:2.17 avgQpOffsetCutree:0.00;
in:195 out:198 type:b q:29.89 q-aq:30.00 q-noVbv:29.89 q-Rceq:1.32 tex:2145 mv:1771 misc:852 icu:7.75 pcu:290.50 scu:1261.75 tlayer:4 pbqpoffset:6.72 pbfactor:2.17 avgQpOffsetCutree:0.00;
in:198 out:199 type:B q:26.79 q-aq:25.40 q-noVbv:26.79 q-Rceq:1.32 tex:8560 mv:4449 misc:1943 icu:69.50 pcu:298.75 scu:1191.75 tlayer:3 pbqpoffset:3.72 pbfactor:1.54 avgQpOffsetCutree:-1.70;
in:197 out:200 type:b q:29.82 q-aq:30.00 q-noVbv:29.82 q-Rceq:1.32 tex:2176 mv:1732 misc:812 icu:14.50 pcu:268.25 scu:1277.25 tlayer:4 pbqpoffset:6.72 pbfactor:2.17 avgQpOffsetCutree:0.00;
in:199 out:201 type:b q:29.75 q-aq:30.01 q-noVbv:29.75 q-Rceq:1.32 tex:1938 mv:1867 misc:803 icu:26.00 pcu:288.75 scu:1245.25 tlayer:4 pbqpoffset:6.72 pbfactor:2.17 avgQpOffsetCutree:0.00;
in:204 out:202 type:B q:25.35 q-aq:22.10 q-noVbv:25.35 q-Rceq:1.32 tex:25320 mv:10215 misc:2937 icu:86.75 pcu:516.25 scu:957.00 tlayer:2 pbqpoffset:2.50 pbfactor:1.34 avgQpOffsetCutree:-3.42;
in:202 out:203 type:B q:26.65 q-aq:25.42 q-noVbv:26.65 q-Rceq:1.32 tex:9359 mv:4708 misc:1909 icu:59.25 pcu:302.75 scu:1198.00 tlayer:3 pbqpoffset:3.72 pbfactor:1.54 avgQpOffsetCutree:-1.71;
in:201 out:204 type:b q:29.68 q-aq:30.00 q-noVbv:29.68 q-Rceq:1.32 tex:1543 mv:2129 misc:888 icu:10.50 pcu:255.25 scu:1294.25 tlayer:4 pbqpoffset:6.72 pbfactor:2.17 avgQpOffsetCutree:0.00;
in:203 out:205 type:b q:29.61 q-aq:30.00 q-noVbv:29.61 q-Rceq:1.32 tex:1813 mv:1969 misc:818 icu:3.00 pcu:309.00 scu:1248.00 tlayer:4 pbqpoffset:6.72 pbfactor:2.17 avgQpOffsetCutree:0.00;
in:206 out:206 type:B q:26.50 q-aq:25.28 q-noVbv:26.50 q-Rceq:1.32 tex:8704 mv:4417 misc:1727 icu:52.75 pcu:368.75 scu:1138.50 tlayer:3 pbqpoffset:3.72 pbfactor:1.54 avgQpOffsetCutree:-1.84;
in:205 out:207 type:b q:29.54 q-aq:30.00 q-noVbv:29.54 q-Rceq:1.32 tex:2048 mv:1950 misc:754 icu:6.25 pcu:323.25 scu:1230.50 tlayer:4 pbqpoffset:6.72 pbfactor:2.17 avgQpOffsetCutree:0.00;
in:207 out:208 type:b q:29.47 q-aq:29.40 q-noVbv:29.47 q-Rceq:1.32 tex:1611 mv:2066 misc:883 icu:6.75 pcu:212.50 scu:1340.75 tlayer:4 pbqpoffset:6.72 pbfactor:2.17 avgQpOffsetCutree:0.00;
in:224 out:209 type:k q:23.56 q-aq:17.52 q-noVbv:23.56 q-Rceq:1.32 tex:345607 mv:45169 misc:2968 icu:1123.50 pcu:425.00 scu:11.50 tlayer:0 pbqpoffset:0.76 pbfactor:1.09 avgQpOffsetCutree:-7.08;
in:216 out:210 type:B q:25.09 q-aq:20.25 q-noVbv:25.09 q-Rceq:1.32 tex:109893 mv:22318 misc:3685 icu:321.25 pcu:722.00 scu:516.75 tlayer:1 pbqpoffset:1.96 pbfactor:1.25 avgQpOffsetCutree:-4.86;
in:212 out:211 type:B q:26.27 q-aq:23.00 q-noVbv:26.27 q-Rceq:1.32 tex:27586 mv:11068 misc:3186 icu:98.00 pcu:479.50 scu:982.50 tlayer:2 pbqpoffset:3.35 pbfactor:1.47 avgQpOffsetCutree:-3.47;
in:210 out:212 type:B q:26.64 q-aq:25.30 q-noVbv:26.64 q-Rceq:1.32 tex:11139 mv:5575 misc:2150 icu:56.00 pcu:387.75 scu:1116.25 tlayer:3 pbqpoffset:3.82 pbfactor:1.56 avgQpOffsetCutree:-1.76;
in:209 out:213 type:b q:29.58 q-aq:30.05 q-noVbv:29.58 q-Rceq:1.32 tex:2256 mv:2801 misc:1023 icu:11.50 pcu:319.50 scu:1229.00 tlayer:4 pbqpoffset:6.82 pbfactor:2.20 avgQpOffsetCutree:0.00;
in:211 out:214 type:b q:29.69 q-aq:30.01 q-noVbv:29.69 q-Rceq:1.32 tex:1706 mv:2289 misc:957 icu:0.75 pcu:302.00 scu:1257.25 tlayer:4 pbqpoffset:6.82 pbfactor:2.20 avgQpOffsetCutree:0.00;
in:214 out:215 type:B q:26.85 q-aq:25.33 q-noVbv:26.85 q-Rceq:1.32 tex:10343 mv:6741 misc:2180 icu:34.25 pcu:321.00 scu:1204.75 tlayer:3 pbqpoffset:3.82 pbfactor:1.56 avgQpOffsetCutree:-1.78;
in:213 out:216 type:b q:29.80 q-aq:30.00 q-noVbv:29.80 q-Rceq:1.32 tex:1610 mv:2538 misc:1020 icu:6.50 pcu:256.50 scu:1297.00 tlayer:4 pbqpoffset:6.82 pbfactor:2.20 avgQpOffsetCutree:0.00;
in:215 out:217 type:b q:29.90 q-aq:30.00 q-noVbv:29.90 q-Rceq:1.32 tex:1348 mv:1837 misc:935 icu:0.50 pcu:212.25 scu:1347.25 tlayer:4 pbqpoffset:6.82 pbfactor:2.20 avgQpOffsetCutree:0.00;
in:220 out:218 type:B q:26.89 q-aq:22.81 q-noVbv:26.89 q-Rceq:1.32 tex:25047 mv:12202 misc:3527 icu:42.00 pcu:591.25 scu:926.75 tlayer:2 pbqpoffset:3.54 pbfactor:1.51 avgQpOffsetCutree:-3.96;
in:218 out:219 type:B q:27.06 q-aq:25.71 q-noVbv:27.06 q-Rceq:1.32 tex:10130 mv:7616 misc:2422 icu:9.50 pcu:406.50 scu:1144.00 tlayer:3 pbqpoffset:3.82 pbfactor:1.56 avgQpOffsetCutree:-1.83;
in:217 out:220 type:b q:30.01 q-aq:30.00 q-noVbv:30.01 q-Rceq:1.32 tex:673 mv:2004 misc:883 icu:2.75 pcu:212.25 scu:1345.00 tlayer:4 pbqpoffset:6.82 pbfactor:2.20 avgQpOffsetCutree:0.00;
in:219 out:221 type:b q:30.12 q-aq:30.00 q-noVbv:30.12 q-Rceq:1.32 tex:765 mv:1917 misc:878 icu:1.25 pcu:195.25 scu:1363.50 tlayer:4 pbqpoffset:6.82 pbfactor:2.20 avgQpOffsetCutree:0.00;
in:222 out:222 type:B q:27.28 q-aq:25.90 q-noVbv:27.28 q-Rceq:1.32 tex:7905 mv:6548 misc:2043 icu:5.50 pcu:313.75 scu:1240.75 tlayer:3 pbqpoffset:3.82 pbfactor:1.56 avgQpOffsetCutree:-2.02;
in:221 out:223 type:b q:30.22 q-aq:30.02 q-noVbv:30.22 q-Rceq:1.32 tex:402 mv:1465 misc:781 icu:0.00 pcu:112.75 scu:1447.25 tlayer:4 pbqpoffset:6.82 pbfactor:2.20 avgQpOffsetCutree:0.00;
in:223 out:224 type:b q:30.33 q-aq:30.00 q-noVbv:30.33 q-Rceq:1.32 tex:315 mv:1502 misc:799 icu:0.00 pcu:181.00 scu:1379.00 tlayer:4 pbqpoffset:6.82 pbfactor:2.20 avgQpOffsetCutree:0.00;
in:240 out:225 type:k q:22.68 q-aq:15.26 q-noVbv:22.68 q-Rceq:1.32 tex:329296 mv:35328 misc:4200 icu:655.50 pcu:777.50 scu:127.00 tlayer:0 pbqpoffset:0.74 pbfactor:1.09 avgQpOffsetCutree:-6.77;
in:232 out:226 type:B q:25.12 q-aq:20.31 q-noVbv:25.12 q-Rceq:1.32 tex:100766 mv:24272 misc:3498 icu:256.75 pcu:743.75 scu:559.50 tlayer:1 pbqpoffset:2.00 pbfactor:1.26 avgQpOffsetCutree:-4.69;
in:228 out:227 type:B q:27.20 q-aq:23.00 q-noVbv:27.20 q-Rceq:1.32 tex:16553 mv:10508 misc:3019 icu:19.00 pcu:457.50 scu:1083.50 tlayer:2 pbqpoffset:3.86 pbfactor:1.56 avgQpOffsetCutree:-3.83;
in:226 out:228 type:B q:27.31 q-aq:25.10 q-noVbv:27.31 q-Rceq:1.32 tex:4355 mv:5421 misc:1896 icu:3.50 pcu:304.75 scu:1251.75 tlayer:3 pbqpoffset:3.86 pbfactor:1.56 avgQpOffsetCutree:-2.15;
in:225 out:229 type:b q:30.37 q-aq:30.00 q-noVbv:30.37 q-Rceq:1.32 tex:245 mv:995 misc:592 icu:0.00 pcu:147.50 scu:1412.50 tlayer:4 pbqpoffset:6.86 pbfactor:2.21 avgQpOffsetCutree:0.00;
in:227 out:230 type:b q:30.26 q-aq:30.00 q-noVbv:30.26 q-Rceq:1.32 tex:285 mv:937 misc:530 icu:0.25 pcu:116.50 scu:1443.25 tlayer:4 pbqpoffset:6.86 pbfactor:2.21 avgQpOffsetCutree:0.00;
in:230 out:231 type:B q:27.09 q-aq:25.30 q-noVbv:27.09 q-Rceq:1.32 tex:5558 mv:5922 misc:2368 icu:4.00 pcu:354.50 scu:1201.50 tlayer:3 pbqpoffset:3.86 pbfactor:1.56 avgQpOffsetCutree:-1.91;
in:229 out:232 type:b q:30.15 q-aq:30.00 q-noVbv:30.15 q-Rceq:1.32 tex:83 mv:1485 misc:736 icu:0.00 pcu:163.00 scu:1397.00 tlayer:4 pbqpoffset:6.86 pbfactor:2.21 avgQpOffsetCutree:0.00;
in:231 out:233 type:b q:30.04 q-aq:30.00 q-noVbv:30.04 q-Rceq:1.32 tex:570 mv:1773 misc:841 icu:0.25 pcu:176.00 scu:1383.75 tlayer:4 pbqpoffset:6.86 pbfactor:2.21 avgQpOffsetCutree:0.00;
in:236 out:234 type:B q:25.60 q-aq:22.09 q-noVbv:25.60 q-Rceq:1.32 tex:31869 mv:13109 misc:3222 icu:75.25 pcu:527.50 scu:957.25 tlayer:2 pbqpoffset:2.71 pbfactor:1.37 avgQpOffsetCutree:-3.53;
in:234 out:235 type:B q:26.87 q-aq:25.41 q-noVbv:26.87 q-Rceq:1.32 tex:9225 mv:7451 misc:2460 icu:8.00 pcu:404.75 scu:1147.25 tlayer:3 pbqpoffset:3.86 pbfactor:1.56 avgQpOffsetCutree:-1.82;
in:233 out:236 type:b q:29.93 q-aq:30.00 q-noVbv:29.93 q-Rceq:1.32 tex:472 mv:1863 misc:889 icu:0.75 pcu:162.00 scu:1397.25 tlayer:4 pbqpoffset:6.86 pbfactor:2.21 avgQpOffsetCutree:0.00;
in:235 out:237 type:b q:29.82 q-aq:30.00 q-noVbv:29.82 q-Rceq:1.32 tex:933 mv:1881 misc:962 icu:0.75 pcu:268.00 scu:1291.25 tlayer:4 pbqpoffset:6.86 pbfactor:2.21 avgQpOffsetCutree:0.00;
in:238 out:238 type:B q:26.65 q-aq:25.17 q-noVbv:26.65 q-Rceq:1.32 tex:9865 mv:6589 misc:2442 icu:22.25 pcu:363.75 scu:1174.00 tlayer:3 pbqpoffset:3.86 pbfactor:1.56 avgQpOffsetCutree:-1.96;
in:237 out:239 type:b q:29.71 q-aq:30.00 q-noVbv:29.71 q-Rceq:1.32 tex:1173 mv:2181 misc:958 icu:1.50 pcu:288.00 scu:1270.50 tlayer:4 pbqpoffset:6.86 pbfactor:2.21 avgQpOffsetCutree:0.00;
in:239 out:240 type:b q:29.60 q-aq:30.00 q-noVbv:29.60 q-Rceq:1.32 tex:1976 mv:2383 misc:985 icu:3.50 pcu:274.75 scu:1281.75 tlayer:4 pbqpoffset:6.86 pbfactor:2.21 avgQpOffsetCutree:0.00;
in:256 out:241 type:k q:23.57 q-aq:17.99 q-noVbv:23.57 q-Rceq:1.32 tex:334952 mv:42514 misc:2998 icu:1172.25 pcu:376.00 scu:11.75 tlayer:0 pbqpoffset:0.72 pbfactor:1.09 avgQpOffsetCutree:-6.67;
in:248 out:242 type:B q:25.09 q-aq:20.39 q-noVbv:25.09 q-Rceq:1.32 tex:124544 mv:24460 misc:3620 icu:441.25 pcu:634.75 scu:484.00 tlayer:1 pbqpoffset:1.97 pbfactor:1.25 avgQpOffsetCutree:-4.74;
in:244 out:243 type:B q:25.80 q-aq:22.50 q-noVbv:25.80 q-Rceq:1.32 tex:27804 mv:11595 misc:3289 icu:110.25 pcu:499.75 scu:950.00 tlayer:2 pbqpoffset:2.90 pbfactor:1.40 avgQpOffsetCutree:-3.46;
in:242 out:244 type:B q:26.62 q-aq:25.12 q-noVbv:26.62 q-Rceq:1.32 tex:12392 mv:6343 misc:2241 icu:51.50 pcu:421.00 scu:1087.50 tlayer:3 pbqpoffset:3.83 pbfactor:1.56 avgQpOffsetCutree:-1.89;
in:241 out:245 type:b q:29.56 q-aq:30.00 q-noVbv:29.56 q-Rceq:1.32 tex:1934 mv:2736 misc:986 icu:4.00 pcu:250.75 scu:1305.25 tlayer:4 pbqpoffset:6.83 pbfactor:2.20 avgQpOffsetCutree:0.00;
in:243 out:246 type:b q:29.68 q-aq:30.00 q-noVbv:29.68 q-Rceq:1.32 tex:2069 mv:2562 misc:937 icu:10.50 pcu:393.00 scu:1156.50 tlayer:4 pbqpoffset:6.83 pbfactor:2.20 avgQpOffsetCutree:0.00;
in:246 out:247 type:B q:26.84 q-aq:25.43 q-noVbv:26.84 q-Rceq:1.32 tex:9862 mv:5258 misc:2080 icu:42.50 pcu:365.25 scu:1152.25 tlayer:3 pbqpoffset:3.83 pbfactor:1.56 avgQpOffsetCutree:-1.73;
in:245 out:248 type:b q:29.79 q-aq:30.03 q-noVbv:29.79 q-Rceq:1.32 tex:2648 mv:2112 misc:896 icu:5.50 pcu:259.50 scu:1295.00 tlayer:4 pbqpoffset:6.83 pbfactor:2.20 avgQpOffsetCutree:0.00;
in:247 out:249 type:b q:29.90 q-aq:30.01 q-noVbv:29.90 q-Rceq:1.32 tex:1666 mv:2275 misc:859 icu:4.50 pcu:270.25 scu:1285.25 tlayer:4 pbqpoffset:6.83 pbfactor:2.20 avgQpOffsetCutree:0.00;
in:252 out:250 type:B q:26.51 q-aq:22.71 q-noVbv:26.51 q-Rceq:1.32 tex:26015 mv:11349 misc:3500 icu:102.50 pcu:552.25 scu:905.25 tlayer:2 pbqpoffset:3.16 pbfactor:1.44 avgQpOffsetCutree:-3.83;
in:250 out:251 type:B q:27.07 q-aq:25.94 q-noVbv:27.07 q-Rceq:1.32 tex:9997 mv:5268 misc:1759 icu:68.75 pcu:402.50 scu:1088.75 tlayer:3 pbqpoffset:3.83 pbfactor:1.56 avgQpOffsetCutree:-1.79;
in:249 out:252 type:b q:30.01 q-aq:30.01 q-noVbv:30.01 q-Rceq:1.32 tex:2581 mv:1759 misc:932 icu:5.25 pcu:327.00 scu:1227.75 tlayer:4 pbqpoffset:6.83 pbfactor:2.20 avgQpOffsetCutree:0.00;
in:251 out:253 type:b q:30.12 q-aq:30.01 q-noVbv:30.12 q-Rceq:1.32 tex:2284 mv:1892 misc:872 icu:9.25 pcu:260.75 scu:1290.00 tlayer:4 pbqpoffset:6.83 pbfactor:2.20 avgQpOffsetCutree:0.00;
in:254 out:254 type:B q:27.29 q-aq:25.74 q-noVbv:27.29 q-Rceq:1.32 tex:8400 mv:4831 misc:1953 icu:73.25 pcu:281.75 scu:1205.00 tlayer:3 pbqpoffset:3.83 pbfactor:1.56 avgQpOffsetCutree:-2.03;
in:253 out:255 type:b q:30.23 q-aq:30.01 q-noVbv:30.23 q-Rceq:1.32 tex:1521 mv:2086 misc:913 icu:7.75 pcu:263.00 scu:1289.25 tlayer:4 pbqpoffset:6.83 pbfactor:2.20 avgQpOffsetCutree:0.00;
in:255 out:256 type:b q:30.35 q-aq:30.05 q-noVbv:30.35 q-Rceq:1.32 tex:2470 mv:2091 misc:919 icu:12.75 pcu:379.25 scu:1168.00 tlayer:4 pbqpoffset:6.83 pbfactor:2.20 avgQpOffsetCutree:0.00;
in:272 out:257 type:k q:23.28 q-aq:15.85 q-noVbv:23.28 q-Rceq:1.32 tex:331325 mv:35909 misc:4150 icu:645.75 pcu:825.50 scu:88.75 tlayer:0 pbqpoffset:0.82 pbfactor:1.10 avgQpOffsetCutree:-6.96;
in:264 out:258 type:B q:25.43 q-aq:20.76 q-noVbv:25.43 q-Rceq:1.32 tex:97675 mv:24394 misc:3187 icu:321.25 pcu:656.25 scu:582.50 tlayer:1 pbqpoffset:2.00 pbfactor:1.26 avgQpOffsetCutree:-4.74;
in:260 out:259 type:B q:26.73 q-aq:23.03 q-noVbv:26.73 q-Rceq:1.32 tex:20506 mv:9735 misc:2975 icu:62.75 pcu:492.25 scu:1005.00 tlayer:2 pbqpoffset:3.23 pbfactor:1.45 avgQpOffsetCutree:-3.65;
in:258 out:260 type:B q:27.40 q-aq:26.25 q-noVbv:27.40 q-Rceq:1.32 tex:9561 mv:4904 misc:2191 icu:50.25 pcu:288.75 scu:1221.00 tlayer:3 pbqpoffset:3.86 pbfactor:1.56 avgQpOffsetCutree:-1.83;
in:257 out:261 type:b q:30.42 q-aq:30.26 q-noVbv:30.42 q-Rceq:1.32 tex:2016 mv:2423 misc:977 icu:10.25 pcu:347.25 scu:1202.50 tlayer:4 pbqpoffset:6.86 pbfactor:2.21 avgQpOffsetCutree:0.00;
in:259 out:262 type:b q:30.38 q-aq:30.10 q-noVbv:30.38 q-Rceq:1.32 tex:1553 mv:2096 misc:879 icu:6.00 pcu:316.00 scu:1238.00 tlayer:4 pbqpoffset:6.86 pbfactor:2.21 avgQpOffsetCutree:0.00;
in:262 out:263 type:B q:27.33 q-aq:25.75 q-noVbv:27.33 q-Rceq:1.32 tex:7043 mv:4765 misc:1816 icu:35.25 pcu:374.00 scu:1150.75 tlayer:3 pbqpoffset:3.86 pbfactor:1.56 avgQpOffsetCutree:-1.94;
in:261 out:264 type:b q:30.34 q-aq:30.17 q-noVbv:30.34 q-Rceq:1.32 tex:2043 mv:1642 misc:771 icu:8.75 pcu:220.75 scu:1330.50 tlayer:4 pbqpoffset:6.86 pbfactor:2.21 avgQpOffsetCutree:0.00;
in:263 out:265 type:b q:30.31 q-aq:30.03 q-noVbv:30.31 q-Rceq:1.32 tex:1446 mv:1578 misc:744 icu:6.25 pcu:212.25 scu:1341.50 tlayer:4 pbqpoffset:6.86 pbfactor:2.21 avgQpOffsetCutree:0.00;
in:268 out:266 type:B q:26.12 q-aq:22.78 q-noVbv:26.12 q-Rceq:1.32 tex:25362 mv:11039 misc:3239 icu:93.50 pcu:522.00 scu:944.50 tlayer:2 pbqpoffset:2.76 pbfactor:1.38 avgQpOffsetCutree:-3.43;
in:266 out:267 type:B q:27.25 q-aq:25.59 q-noVbv:27.25 q-Rceq:1.32 tex:10135 mv:5295 misc:2234 icu:44.00 pcu:410.50 scu:1105.50 tlayer:3 pbqpoffset:3.86 pbfactor:1.56 avgQpOffsetCutree:-1.76;
in:265 out:268 type:b q:30.27 q-aq:30.07 q-noVbv:30.27 q-Rceq:1.32 tex:1585 mv:1827 misc:852 icu:1.50 pcu:249.75 scu:1308.75 tlayer:4 pbqpoffset:6.86 pbfactor:2.21 avgQpOffsetCutree:0.00;
in:267 out:269 type:b q:30.24 q-aq:30.08 q-noVbv:30.24 q-Rceq:1.32 tex:1845 mv:1826 misc:889 icu:6.00 pcu:254.50 scu:1299.50 tlayer:4 pbqpoffset:6.86 pbfactor:2.21 avgQpOffsetCutree:0.00;
in:270 out:270 type:B q:27.18 q-aq:25.60 q-noVbv:27.18 q-Rceq:1.32 tex:10078 mv:5994 misc:2320 icu:8.75 pcu:428.50 scu:1122.75 tlayer:3 pbqpoffset:3.86 pbfactor:1.56 avgQpOffsetCutree:-1.72;
in:269 out:271 type:b q:30.20 q-aq:30.02 q-noVbv:30.20 q-Rceq:1.32 tex:1155 mv:2189 misc:928 icu:2.75 pcu:177.50 scu:1379.75 tlayer:4 pbqpoffset:6.86 pbfactor:2.21 avgQpOffsetCutree:0.00;
in:271 out:272 type:b q:30.16 q-aq:30.10 q-noVbv:30.16 q-Rceq:1.32 tex:1382 mv:1981 misc:925 icu:1.75 pcu:228.25 scu:1330.00 tlayer:4 pbqpoffset:6.86 pbfactor:2.21 avgQpOffsetCutree:0.00;
in:288 out:273 type:k q:23.43 q-aq:17.69 q-noVbv:23.43 q-Rceq:1.32 tex:355724 mv:44329 misc:3043 icu:1174.00 pcu:375.00 scu:11.00 tlayer:0 pbqpoffset:0.86 pbfactor:1.10 avgQpOffsetCutree:-6.74;
in:280 out:274 type:B q:25.37 q-aq:20.36 q-noVbv:25.37 q-Rceq:1.32 tex:146898 mv:27162 misc:3964 icu:341.50 pcu:723.75 scu:494.75 tlayer:1 pbqpoffset:2.01 pbfactor:1.26 avgQpOffsetCutree:-4.97;
in:276 out:275 type:B q:26.97 q-aq:23.23 q-noVbv:26.97 q-Rceq:1.32 tex:23797 mv:11677 misc:3310 icu:27.50 pcu:592.25 scu:940.25 tlayer:2 pbqpoffset:3.65 pbfactor:1.53 avgQpOffsetCutree:-3.69;
in:274 out:276 type:B q:27.18 q-aq:25.50 q-noVbv:27.18 q-Rceq:1.32 tex:8727 mv:6310 misc:2411 icu:10.00 pcu:485.50 scu:1064.50 tlayer:3 pbqpoffset:3.88 pbfactor:1.57 avgQpOffsetCutree:-1.73;
in:273 out:277 type:b q:30.17 q-aq:30.01 q-noVbv:30.17 q-Rceq:1.32 tex:1343 mv:1877 misc:876 icu:1.75 pcu:216.50 scu:1341.75 tlayer:4 pbqpoffset:6.88 pbfactor:2.21 avgQpOffsetCutree:0.00;
in:275 out:278 type:b q:30.19 q-aq:30.00 q-noVbv:30.19 q-Rceq:1.32 tex:649 mv:1648 misc:855 icu:0.00 pcu:212.00 scu:1348.00 tlayer:4 pbqpoffset:6.88 pbfactor:2.21 avgQpOffsetCutree:0.00;
in:278 out:279 type:B q:27.22 q-aq:25.46 q-noVbv:27.22 q-Rceq:1.32 tex:5040 mv:5123 misc:2109 icu:2.00 pcu:353.50 scu:1204.50 tlayer:3 pbqpoffset:3.88 pbfactor:1.57 avgQpOffsetCutree:-1.83;
in:277 out:280 type:b q:30.21 q-aq:30.12 q-noVbv:30.21 q-Rceq:1.32 tex:210 mv:1388 misc:674 icu:0.00 pcu:160.00 scu:1400.00 tlayer:4 pbqpoffset:6.88 pbfactor:2.21 avgQpOffsetCutree:0.00;
in:279 out:281 type:b q:30.23 q-aq:30.00 q-noVbv:30.23 q-Rceq:1.32 tex:153 mv:1375 misc:656 icu:0.00 pcu:251.25 scu:1308.75 tlayer:4 pbqpoffset:6.88 pbfactor:2.21 avgQpOffsetCutree:0.00;
in:284 out:282 type:B q:27.27 q-aq:22.80 q-noVbv:27.27 q-Rceq:1.32 tex:16459 mv:10050 misc:3355 icu:12.00 pcu:702.00 scu:846.00 tlayer:2 pbqpoffset:3.88 pbfactor:1.57 avgQpOffsetCutree:-4.09;
in:282 out:283 type:B q:27.25 q-aq:25.37 q-noVbv:27.25 q-Rceq:1.32 tex:3945 mv:4901 misc:2074 icu:2.50 pcu:399.50 scu:1158.00 tlayer:3 pbqpoffset:3.88 pbfactor:1.57 avgQpOffsetCutree:-2.02;
in:281 out:284 type:b q:30.24 q-aq:30.00 q-noVbv:30.24 q-Rceq:1.32 tex:10 mv:858 misc:468 icu:0.00 pcu:201.50 scu:1358.50 tlayer:4 pbqpoffset:6.88 pbfactor:2.21 avgQpOffsetCutree:0.00;
in:283 out:285 type:b q:30.26 q-aq:30.00 q-noVbv:30.26 q-Rceq:1.32 tex:120 mv:932 misc:548 icu:0.50 pcu:188.50 scu:1371.00 tlayer:4 pbqpoffset:6.88 pbfactor:2.21 avgQpOffsetCutree:0.00;
in:286 out:286 type:B q:27.29 q-aq:25.56 q-noVbv:27.29 q-Rceq:1.32 tex:7151 mv:6092 misc:2269 icu:2.75 pcu:474.25 scu:1083.00 tlayer:3 pbqpoffset:3.88 pbfactor:1.57 avgQpOffsetCutree:-2.01;
in:285 out:287 type:b q:30.28 q-aq:30.00 q-noVbv:30.28 q-Rceq:1.32 tex:310 mv:1502 misc:668 icu:0.00 pcu:242.75 scu:1317.25 tlayer:4 pbqpoffset:6.88 pbfactor:2.21 avgQpOffsetCutree:0.00;
in:287 out:288 type:b q:30.30 q-aq:30.12 q-noVbv:30.30 q-Rceq:1.32 tex:386 mv:1688 misc:710 icu:0.00 pcu:260.75 scu:1299.25 tlayer:4 pbqpoffset:6.88 pbfactor:2.21 avgQpOffsetCutree:0.00;
in:304 out:289 type:k q:23.25 q-aq:15.91 q-noVbv:23.25 q-Rceq:1.32 tex:326958 mv:35071 misc:4163 icu:701.25 pcu:794.50 scu:64.25 tlayer:0 pbqpoffset:0.83 pbfactor:1.10 avgQpOffsetCutree:-6.78;
in:296 out:290 type:B q:25.31 q-aq:20.69 q-noVbv:25.31 q-Rceq:1.32 tex:97698 mv:22331 misc:3307 icu:310.75 pcu:659.75 scu:589.50 tlayer:1 pbqpoffset:1.97 pbfactor:1.26 avgQpOffsetCutree:-4.70;
in:292 out:291 type:B q:25.79 q-aq:22.43 q-noVbv:25.79 q-Rceq:1.32 tex:30485 mv:11342 misc:3157 icu:97.50 pcu:585.75 scu:876.75 tlayer:2 pbqpoffset:2.40 pbfactor:1.32 avgQpOffsetCutree:-3.51;
in:290 out:292 type:B q:27.24 q-aq:25.61 q-noVbv:27.24 q-Rceq:1.32 tex:9089 mv:5778 misc:2173 icu:14.25 pcu:495.25 scu:1050.50 tlayer:3 pbqpoffset:3.83 pbfactor:1.56 avgQpOffsetCutree:-1.80;
in:289 out:293 type:b q:30.25 q-aq:30.01 q-noVbv:30.25 q-Rceq:1.32 tex:651 mv:1482 misc:739 icu:0.25 pcu:169.25 scu:1390.50 tlayer:4 pbqpoffset:6.83 pbfactor:2.20 avgQpOffsetCutree:0.00;
in:291 out:294 type:b q:30.23 q-aq:30.10 q-noVbv:30.23 q-Rceq:1.32 tex:952 mv:1792 misc:864 icu:0.75 pcu:148.00 scu:1411.25 tlayer:4 pbqpoffset:6.83 pbfactor:2.20 avgQpOffsetCutree:0.00;
in:294 out:295 type:B q:27.20 q-aq:25.83 q-noVbv:27.20 q-Rceq:1.32 tex:9444 mv:5933 misc:2271 icu:23.50 pcu:485.50 scu:1051.00 tlayer:3 pbqpoffset:3.83 pbfactor:1.56 avgQpOffsetCutree:-1.88;
in:293 out:296 type:b q:30.21 q-aq:30.11 q-noVbv:30.21 q-Rceq:1.32 tex:1491 mv:1933 misc:848 icu:1.00 pcu:239.75 scu:1319.25 tlayer:4 pbqpoffset:6.83 pbfactor:2.20 avgQpOffsetCutree:0.00;
in:295 out:297 type:b q:30.18 q-aq:30.01 q-noVbv:30.18 q-Rceq:1.32 tex:1339 mv:2173 misc:880 icu:2.50 pcu:321.75 scu:1235.75 tlayer:4 pbqpoffset:6.83 pbfactor:2.20 avgQpOffsetCutree:0.00;
in:300 out:298 type:B q:26.14 q-aq:22.64 q-noVbv:26.14 q-Rceq:1.32 tex:26595 mv:9977 misc:2996 icu:68.50 pcu:564.75 scu:926.75 tlayer:2 pbqpoffset:2.84 pbfactor:1.39 avgQpOffsetCutree:-3.43;
in:298 out:299 type:B q:27.15 q-aq:25.73 q-noVbv:27.15 q-Rceq:1.32 tex:9880 mv:5389 misc:2195 icu:26.25 pcu:462.25 scu:1071.50 tlayer:3 pbqpoffset:3.83 pbfactor:1.56 avgQpOffsetCutree:-1.68;
in:297 out:300 type:b q:30.16 q-aq:30.12 q-noVbv:30.16 q-Rceq:1.32 tex:1648 mv:1673 misc:847 icu:6.00 pcu:240.50 scu:1313.50 tlayer:4 pbqpoffset:6.83 pbfactor:2.20 avgQpOffsetCutree:0.00;
in:299 out:301 type:b q:30.14 q-aq:30.00 q-noVbv:30.14 q-Rceq:1.32 tex:1689 mv:1411 misc:740 icu:1.75 pcu:264.25 scu:1294.00 tlayer:4 pbqpoffset:6.83 pbfactor:2.20 avgQpOffsetCutree:0.00;
in:302 out:302 type:B q:27.11 q-aq:25.83 q-noVbv:27.11 q-Rceq:1.32 tex:9102 mv:5304 misc:2026 icu:38.25 pcu:341.00 scu:1180.75 tlayer:3 pbqpoffset:3.83 pbfactor:1.56 avgQpOffsetCutree:-1.76;
in:301 out:303 type:b q:30.12 q-aq:30.01 q-noVbv:30.12 q-Rceq:1.32 tex:1891 mv:1754 misc:819 icu:4.50 pcu:233.00 scu:1322.50 tlayer:4 pbqpoffset:6.83 pbfactor:2.20 avgQpOffsetCutree:0.00;
in:303 out:304 type:b q:30.10 q-aq:30.01 q-noVbv:30.10 q-Rceq:1.32 tex:1623 mv:1578 misc:711 icu:5.25 pcu:177.25 scu:1377.50 tlayer:4 pbqpoffset:6.83 pbfactor:2.20 avgQpOffsetCutree:0.00;
in:320 out:305 type:k q:23.67 q-aq:18.00 q-noVbv:23.67 q-Rceq:1.32 tex:337137 mv:45556 misc:2931 icu:1189.00 pcu:364.00 scu:7.00 tlayer:0 pbqpoffset:0.86 pbfactor:1.10 avgQpOffsetCutree:-6.62;
in:312 out:306 type:B q:25.41 q-aq:20.98 q-noVbv:25.41 q-Rceq:1.32 tex:115633 mv:22588 misc:3547 icu:308.75 pcu:766.75 scu:484.50 tlayer:1 pbqpoffset:1.95 pbfactor:1.25 avgQpOffsetCutree:-4.76;
in:308 out:307 type:B q:26.97 q-aq:23.55 q-noVbv:26.97 q-Rceq:1.32 tex:20503 mv:8916 misc:2869 icu:107.25 pcu:495.75 scu:957.00 tlayer:2 pbqpoffset:3.61 pbfactor:1.52 avgQpOffsetCutree:-3.39;
in:306 out:308 type:B q:27.12 q-aq:25.94 q-noVbv:27.12 q-Rceq:1.32 tex:8519 mv:4877 misc:1852 icu:59.50 pcu:349.00 scu:1151.50 tlayer:3 pbqpoffset:3.81 pbfactor:1.55 avgQpOffsetCutree:-1.62;
in:305 out:309 type:b q:30.09 q-aq:30.00 q-noVbv:30.09 q-Rceq:1.32 tex:2095 mv:1782 misc:763 icu:9.25 pcu:288.25 scu:1262.50 tlayer:4 pbqpoffset:6.81 pbfactor:2.20 avgQpOffsetCutree:0.00;
in:307 out:310 type:b q:30.15 q-aq:30.02 q-noVbv:30.15 q-Rceq:1.32 tex:1919 mv:1855 misc:866 icu:8.25 pcu:273.25 scu:1278.50 tlayer:4 pbqpoffset:6.81 pbfactor:2.20 avgQpOffsetCutree:0.00;
in:310 out:311 type:B q:27.22 q-aq:25.64 q-noVbv:27.22 q-Rceq:1.32 tex:8471 mv:4282 misc:1687 icu:71.25 pcu:347.50 scu:1141.25 tlayer:3 pbqpoffset:3.81 pbfactor:1.55 avgQpOffsetCutree:-1.73;
in:309 out:312 type:b q:30.20 q-aq:30.02 q-noVbv:30.20 q-Rceq:1.32 tex:2627 mv:1986 misc:907 icu:4.25 pcu:296.25 scu:1259.50 tlayer:4 pbqpoffset:6.81 pbfactor:2.20 avgQpOffsetCutree:0.00;
in:311 out:313 type:b q:30.25 q-aq:30.01 q-noVbv:30.25 q-Rceq:1.32 tex:1897 mv:1855 misc:880 icu:11.50 pcu:279.00 scu:1269.50 tlayer:4 pbqpoffset:6.81 pbfactor:2.20 avgQpOffsetCutree:0.00;
in:316 out:314 type:B q:26.69 q-aq:23.11 q-noVbv:26.69 q-Rceq:1.32 tex:24960 mv:9841 misc:3095 icu:93.50 pcu:534.75 scu:931.75 tlayer:2 pbqpoffset:3.13 pbfactor:1.43 avgQpOffsetCutree:-3.81;
in:314 out:315 type:B q:27.33 q-aq:26.14 q-noVbv:27.33 q-Rceq:1.32 tex:10488 mv:4770 misc:1814 icu:62.00 pcu:378.50 scu:1119.50 tlayer:3 pbqpoffset:3.81 pbfactor:1.55 avgQpOffsetCutree:-1.81;
in:313 out:316 type:b q:30.30 q-aq:30.03 q-noVbv:30.30 q-Rceq:1.32 tex:2168 mv:2047 misc:937 icu:11.25 pcu:284.00 scu:1264.75 tlayer:4 pbqpoffset:6.81 pbfactor:2.20 avgQpOffsetCutree:0.00;
in:315 out:317 type:b q:30.35 q-aq:30.16 q-noVbv:30.35 q-Rceq:1.32 tex:2096 mv:2196 misc:820 icu:9.25 pcu:310.00 scu:1240.75 tlayer:4 pbqpoffset:6.81 pbfactor:2.20 avgQpOffsetCutree:0.00;
in:318 out:318 type:B q:27.43 q-aq:25.84 q-noVbv:27.43 q-Rceq:1.32 tex:10210 mv:5290 misc:2092 icu:39.50 pcu:378.75 scu:1141.75 tlayer:3 pbqpoffset:3.81 pbfactor:1.55 avgQpOffsetCutree:-1.99;
in:317 out:319 type:b q:30.41 q-aq:30.14 q-noVbv:30.41 q-Rceq:1.32 tex:1756 mv:2276 misc:840 icu:7.75 pcu:321.50 scu:1230.75 tlayer:4 pbqpoffset:6.81 pbfactor:2.20 avgQpOffsetCutree:0.00;
in:319 out:320 type:b q:30.46 q-aq:30.39 q-noVbv:30.46 q-Rceq:1.32 tex:2572 mv:2359 misc:973 icu:11.50 pcu:296.00 scu:1252.50 tlayer:4 pbqpoffset:6.81 pbfactor:2.20 avgQpOffsetCutree:0.00;
in:336 out:321 type:k q:23.63 q-aq:16.42 q-noVbv:23.63 q-Rceq:1.32 tex:320161 mv:37324 misc:4147 icu:669.25 pcu:819.50 scu:71.25 tlayer:0 pbqpoffset:1.01 pbfactor:1.12 avgQpOffsetCutree:-7.01;
in:328 out:322 type:B q:25.68 q-aq:20.92 q-noVbv:25.68 q-Rceq:1.32 tex:108454 mv:24400 misc:3354 icu:313.00 pcu:757.25 scu:489.75 tlayer:1 pbqpoffset:2.03 pbfactor:1.26 avgQpOffsetCutree:-4.81;
in:324 out:323 type:B q:26.36 q-aq:23.10 q-noVbv:26.36 q-Rceq:1.32 tex:27010 mv:11143 misc:3215 icu:90.00 pcu:511.75 scu:958.25 tlayer:2 pbqpoffset:2.70 pbfactor:1.37 avgQpOffsetCutree:-3.50;
in:322 out:324 type:B q:27.56 q-aq:26.12 q-noVbv:27.56 q-Rceq:1.32 tex:10084 mv:6413 misc:2375 icu:43.25 pcu:417.75 scu:1099.00 tlayer:3 pbqpoffset:3.90 pbfactor:1.57 avgQpOffsetCutree:-1.91;
in:321 out:325 type:b q:30.56 q-aq:31.00 q-noVbv:30.56 q-Rceq:1.32 tex:1506 mv:2331 misc:931 icu:11.25 pcu:316.50 scu:1232.25 tlayer:4 pbqpoffset:6.90 pbfactor:2.22 avgQpOffsetCutree:0.00;
in:323 out:326 type:b q:30.56 q-aq:31.00 q-noVbv:30.56 q-Rceq:1.32 tex:1544 mv:2524 misc:1076 icu:6.50 pcu:334.50 scu:1219.00 tlayer:4 pbqpoffset:6.90 pbfactor:2.22 avgQpOffsetCutree:0.00;
in:326 out:327 type:B q:27.55 q-aq:26.10 q-noVbv:27.55 q-Rceq:1.32 tex:8527 mv:5902 misc:1955 icu:23.50 pcu:419.00 scu:1117.50 tlayer:3 pbqpoffset:3.90 pbfactor:1.57 avgQpOffsetCutree:-1.75;
in:325 out:328 type:b q:30.55 q-aq:31.00 q-noVbv:30.55 q-Rceq:1.32 tex:1746 mv:1885 misc:881 icu:0.50 pcu:321.00 scu:1238.50 tlayer:4 pbqpoffset:6.90 pbfactor:2.22 avgQpOffsetCutree:0.00;
in:327 out:329 type:b q:30.55 q-aq:31.00 q-noVbv:30.55 q-Rceq:1.32 tex:687 mv:1901 misc:788 icu:1.75 pcu:281.25 scu:1277.00 tlayer:4 pbqpoffset:6.90 pbfactor:2.22 avgQpOffsetCutree:0.00;
in:332 out:330 type:B q:26.92 q-aq:23.32 q-noVbv:26.92 q-Rceq:1.32 tex:24363 mv:13127 misc:3494 icu:40.75 pcu:546.25 scu:973.00 tlayer:2 pbqpoffset:3.28 pbfactor:1.46 avgQpOffsetCutree:-3.62;
in:330 out:331 type:B q:27.54 q-aq:25.98 q-noVbv:27.54 q-Rceq:1.32 tex:6924 mv:6500 misc:2360 icu:6.50 pcu:377.25 scu:1176.25 tlayer:3 pbqpoffset:3.90 pbfactor:1.57 avgQpOffsetCutree:-1.81;
in:329 out:332 type:b q:30.54 q-aq:31.00 q-noVbv:30.54 q-Rceq:1.32 tex:671 mv:1576 misc:769 icu:0.25 pcu:239.00 scu:1320.75 tlayer:4 pbqpoffset:6.90 pbfactor:2.22 avgQpOffsetCutree:0.00;
in:331 out:333 type:b q:30.54 q-aq:31.00 q-noVbv:30.54 q-Rceq:1.32 tex:566 mv:2000 misc:826 icu:0.00 pcu:210.00 scu:1350.00 tlayer:4 pbqpoffset:6.90 pbfactor:2.22 avgQpOffsetCutree:0.00;
in:334 out:334 type:B q:27.53 q-aq:26.19 q-noVbv:27.53 q-Rceq:1.32 tex:3841 mv:5099 misc:2220 icu:2.00 pcu:327.00 scu:1231.00 tlayer:3 pbqpoffset:3.90 pbfactor:1.57 avgQpOffsetCutree:-1.85;
in:333 out:335 type:b q:30.53 q-aq:31.00 q-noVbv:30.53 q-Rceq:1.32 tex:359 mv:1415 misc:682 icu:0.00 pcu:185.75 scu:1374.25 tlayer:4 pbqpoffset:6.90 pbfactor:2.22 avgQpOffsetCutree:0.00;
in:335 out:336 type:b q:30.53 q-aq:31.00 q-noVbv:30.53 q-Rceq:1.32 tex:142 mv:903 misc:563 icu:0.00 pcu:185.00 scu:1375.00 tlayer:4 pbqpoffset:6.90 pbfactor:2.22 avgQpOffsetCutree:0.00;
in:352 out:337 type:k q:23.74 q-aq:18.00 q-noVbv:23.74 q-Rceq:1.32 tex:332837 mv:44802 misc:3073 icu:1178.50 pcu:373.00 scu:8.50 tlayer:0 pbqpoffset:0.71 pbfactor:1.09 avgQpOffsetCutree:-6.59;
in:344 out:338 type:B q:25.72 q-aq:20.79 q-noVbv:25.72 q-Rceq:1.32 tex:129877 mv:26076 misc:3783 icu:362.25 pcu:750.50 scu:447.25 tlayer:1 pbqpoffset:2.04 pbfactor:1.27 avgQpOffsetCutree:-4.95;
in:340 out:339 type:B q:27.56 q-aq:23.84 q-noVbv:27.56 q-Rceq:1.32 tex:24000 mv:12289 misc:3559 icu:20.75 pcu:574.75 scu:964.50 tlayer:2 pbqpoffset:3.90 pbfactor:1.57 avgQpOffsetCutree:-3.64;
in:338 out:340 type:B q:27.54 q-aq:25.94 q-noVbv:27.54 q-Rceq:1.32 tex:2659 mv:3993 misc:1772 icu:0.75 pcu:407.25 scu:1152.00 tlayer:3 pbqpoffset:3.90 pbfactor:1.57 avgQpOffsetCutree:-1.84;
in:337 out:341 type:b q:30.49 q-aq:30.84 q-noVbv:30.49 q-Rceq:1.32 tex:137 mv:637 misc:434 icu:0.00 pcu:157.50 scu:1402.50 tlayer:4 pbqpoffset:6.85 pbfactor:2.21 avgQpOffsetCutree:0.00;
in:339 out:342 type:b q:30.55 q-aq:31.00 q-noVbv:30.55 q-Rceq:1.32 tex:145 mv:1023 misc:568 icu:0.25 pcu:158.50 scu:1401.25 tlayer:4 pbqpoffset:6.90 pbfactor:2.22 avgQpOffsetCutree:0.00;
in:342 out:343 type:B q:27.57 q-aq:26.15 q-noVbv:27.57 q-Rceq:1.32 tex:6954 mv:6429 misc:2401 icu:3.00 pcu:370.00 scu:1187.00 tlayer:3 pbqpoffset:3.90 pbfactor:1.57 avgQpOffsetCutree:-1.55;
in:341 out:344 type:b q:30.56 q-aq:31.00 q-noVbv:30.56 q-Rceq:1.32 tex:365 mv:1544 misc:699 icu:0.25 pcu:207.50 scu:1352.25 tlayer:4 pbqpoffset:6.90 pbfactor:2.22 avgQpOffsetCutree:0.00;
in:343 out:345 type:b q:30.58 q-aq:31.00 q-noVbv:30.58 q-Rceq:1.32 tex:530 mv:1699 misc:779 icu:0.00 pcu:239.00 scu:1321.00 tlayer:4 pbqpoffset:6.90 pbfactor:2.22 avgQpOffsetCutree:0.00;
in:348 out:346 type:B q:26.59 q-aq:22.77 q-noVbv:26.59 q-Rceq:1.32 tex:29034 mv:12278 misc:3496 icu:83.25 pcu:575.00 scu:901.75 tlayer:2 pbqpoffset:2.89 pbfactor:1.40 avgQpOffsetCutree:-3.80;
in:346 out:347 type:B q:27.60 q-aq:26.22 q-noVbv:27.60 q-Rceq:1.32 tex:7807 mv:7101 misc:2268 icu:15.25 pcu:417.50 scu:1127.25 tlayer:3 pbqpoffset:3.90 pbfactor:1.57 avgQpOffsetCutree:-1.77;
in:345 out:348 type:b q:30.59 q-aq:31.00 q-noVbv:30.59 q-Rceq:1.32 tex:616 mv:1783 misc:857 icu:0.50 pcu:280.00 scu:1279.50 tlayer:4 pbqpoffset:6.90 pbfactor:2.22 avgQpOffsetCutree:0.00;
in:347 out:349 type:b q:30.60 q-aq:31.00 q-noVbv:30.60 q-Rceq:1.32 tex:1172 mv:2001 misc:947 icu:1.25 pcu:268.25 scu:1290.50 tlayer:4 pbqpoffset:6.90 pbfactor:2.22 avgQpOffsetCutree:0.00;
in:350 out:350 type:B q:27.62 q-aq:26.15 q-noVbv:27.62 q-Rceq:1.32 tex:10866 mv:7005 misc:2521 icu:30.25 pcu:414.25 scu:1115.50 tlayer:3 pbqpoffset:3.90 pbfactor:1.57 avgQpOffsetCutree:-1.88;
in:349 out:351 type:b q:30.62 q-aq:31.00 q-noVbv:30.62 q-Rceq:1.32 tex:1612 mv:2186 misc:978 icu:2.25 pcu:230.00 scu:1327.75 tlayer:4 pbqpoffset:6.90 pbfactor:2.22 avgQpOffsetCutree:0.00;
in:351 out:352 type:b q:30.63 q-aq:31.00 q-noVbv:30.63 q-Rceq:1.32 tex:2111 mv:2509 misc:1036 icu:3.75 pcu:332.75 scu:1223.50 tlayer:4 pbqpoffset:6.90 pbfactor:2.22 avgQpOffsetCutree:0.00;
in:368 out:353 type:k q:23.66 q-aq:16.46 q-noVbv:23.66 q-Rceq:1.32 tex:295909 mv:33236 misc:4343 icu:633.25 pcu:814.00 scu:112.75 tlayer:0 pbqpoffset:0.94 pbfactor:1.12 avgQpOffsetCutree:-6.76;
in:360 out:354 type:B q:25.66 q-aq:21.19 q-noVbv:25.66 q-Rceq:1.32 tex:104937 mv:24311 misc:2824 icu:396.75 pcu:664.75 scu:498.50 tlayer:1 pbqpoffset:1.96 pbfactor:1.25 avgQpOffsetCutree:-4.76;
in:356 out:355 type:B q:26.35 q-aq:22.98 q-noVbv:26.35 q-Rceq:1.32 tex:25868 mv:10719 misc:3213 icu:84.25 pcu:519.75 scu:956.00 tlayer:2 pbqpoffset:2.64 pbfactor:1.36 avgQpOffsetCutree:-3.40;
in:354 out:356 type:B q:27.45 q-aq:26.03 q-noVbv:27.45 q-Rceq:1.32 tex:11079 mv:6200 misc:2233 icu:62.75 pcu:422.25 scu:1075.00 tlayer:3 pbqpoffset:3.73 pbfactor:1.54 avgQpOffsetCutree:-1.72;
in:353 out:357 type:b q:30.56 q-aq:31.00 q-noVbv:30.56 q-Rceq:1.32 tex:2887 mv:2104 misc:929 icu:13.00 pcu:317.75 scu:1229.25 tlayer:4 pbqpoffset:6.83 pbfactor:2.20 avgQpOffsetCutree:0.00;
in:355 out:358 type:b q:30.55 q-aq:31.01 q-noVbv:30.55 q-Rceq:1.32 tex:2428 mv:2109 misc:903 icu:10.75 pcu:251.00 scu:1298.25 tlayer:4 pbqpoffset:6.83 pbfactor:2.20 avgQpOffsetCutree:0.00;
in:358 out:359 type:B q:27.53 q-aq:26.05 q-noVbv:27.53 q-Rceq:1.32 tex:9007 mv:5482 misc:2159 icu:52.50 pcu:419.25 scu:1088.25 tlayer:3 pbqpoffset:3.83 pbfactor:1.56 avgQpOffsetCutree:-1.83;
in:357 out:360 type:b q:30.54 q-aq:31.00 q-noVbv:30.54 q-Rceq:1.32 tex:1807 mv:2056 misc:809 icu:14.75 pcu:280.25 scu:1265.00 tlayer:4 pbqpoffset:6.83 pbfactor:2.20 avgQpOffsetCutree:0.00;
in:359 out:361 type:b q:30.53 q-aq:31.00 q-noVbv:30.53 q-Rceq:1.32 tex:2086 mv:1756 misc:806 icu:4.50 pcu:263.00 scu:1292.50 tlayer:4 pbqpoffset:6.83 pbfactor:2.20 avgQpOffsetCutree:0.00;
in:364 out:362 type:B q:26.32 q-aq:23.04 q-noVbv:26.32 q-Rceq:1.32 tex:25700 mv:10832 misc:2972 icu:138.00 pcu:590.75 scu:831.25 tlayer:2 pbqpoffset:2.64 pbfactor:1.36 avgQpOffsetCutree:-3.38;
in:362 out:363 type:B q:27.51 q-aq:26.07 q-noVbv:27.51 q-Rceq:1.32 tex:8772 mv:5056 misc:2236 icu:62.25 pcu:392.75 scu:1105.00 tlayer:3 pbqpoffset:3.83 pbfactor:1.56 avgQpOffsetCutree:-1.71;
in:361 out:364 type:b q:30.52 q-aq:31.00 q-noVbv:30.52 q-Rceq:1.32 tex:1769 mv:1723 misc:740 icu:7.50 pcu:260.50 scu:1292.00 tlayer:4 pbqpoffset:6.83 pbfactor:2.20 avgQpOffsetCutree:0.00;
in:363 out:365 type:b q:30.51 q-aq:31.00 q-noVbv:30.51 q-Rceq:1.32 tex:1365 mv:1850 misc:801 icu:12.50 pcu:309.25 scu:1238.25 tlayer:4 pbqpoffset:6.83 pbfactor:2.20 avgQpOffsetCutree:0.00;
in:366 out:366 type:B q:27.49 q-aq:26.15 q-noVbv:27.49 q-Rceq:1.32 tex:8591 mv:4720 misc:1969 icu:63.25 pcu:403.00 scu:1093.75 tlayer:3 pbqpoffset:3.83 pbfactor:1.56 avgQpOffsetCutree:-1.71;
in:365 out:367 type:b q:30.50 q-aq:30.81 q-noVbv:30.50 q-Rceq:1.32 tex:2345 mv:2076 misc:891 icu:16.75 pcu:311.25 scu:1232.00 tlayer:4 pbqpoffset:6.83 pbfactor:2.20 avgQpOffsetCutree:0.00;
in:367 out:368 type:b q:30.49 q-aq:30.35 q-noVbv:30.49 q-Rceq:1.32 tex:2410 mv:2143 misc:927 icu:9.25 pcu:297.50 scu:1253.25 tlayer:4 pbqpoffset:6.83 pbfactor:2.20 avgQpOffsetCutree:0.00;
in:384 out:369 type:k q:24.23 q-aq:18.28 q-noVbv:24.23 q-Rceq:1.32 tex:320793 mv:42468 misc:3003 icu:1181.00 pcu:370.75 scu:8.25 tlayer:0 pbqpoffset:0.78 pbfactor:1.09 avgQpOffsetCutree:-6.85;
in:376 out:370 type:B q:25.92 q-aq:21.14 q-noVbv:25.92 q-Rceq:1.32 tex:109296 mv:22925 misc:3259 icu:346.50 pcu:639.00 scu:574.50 tlayer:1 pbqpoffset:1.98 pbfactor:1.26 avgQpOffsetCutree:-4.70;
in:372 out:371 type:B q:27.11 q-aq:23.71 q-noVbv:27.11 q-Rceq:1.32 tex:23265 mv:9773 misc:3130 icu:69.75 pcu:597.25 scu:893.00 tlayer:2 pbqpoffset:3.31 pbfactor:1.47 avgQpOffsetCutree:-3.39;
in:370 out:372 type:B q:27.57 q-aq:26.25 q-noVbv:27.57 q-Rceq:1.32 tex:8372 mv:5130 misc:2138 icu:48.75 pcu:407.00 scu:1104.25 tlayer:3 pbqpoffset:3.84 pbfactor:1.56 avgQpOffsetCutree:-1.86;
in:369 out:373 type:b q:30.53 q-aq:31.00 q-noVbv:30.53 q-Rceq:1.32 tex:1860 mv:1749 misc:831 icu:9.75 pcu:271.00 scu:1279.25 tlayer:4 pbqpoffset:6.84 pbfactor:2.20 avgQpOffsetCutree:0.00;
in:371 out:374 type:b q:30.61 q-aq:31.00 q-noVbv:30.61 q-Rceq:1.32 tex:1783 mv:1508 misc:757 icu:6.00 pcu:237.50 scu:1316.50 tlayer:4 pbqpoffset:6.84 pbfactor:2.20 avgQpOffsetCutree:0.00;
in:374 out:375 type:B q:27.71 q-aq:26.29 q-noVbv:27.71 q-Rceq:1.32 tex:9627 mv:4745 misc:2068 icu:39.25 pcu:386.00 scu:1134.75 tlayer:3 pbqpoffset:3.84 pbfactor:1.56 avgQpOffsetCutree:-1.73;
in:373 out:376 type:b q:30.68 q-aq:31.00 q-noVbv:30.68 q-Rceq:1.32 tex:1276 mv:1518 misc:726 icu:2.75 pcu:331.75 scu:1225.50 tlayer:4 pbqpoffset:6.84 pbfactor:2.20 avgQpOffsetCutree:0.00;
in:375 out:377 type:b q:30.75 q-aq:31.01 q-noVbv:30.75 q-Rceq:1.32 tex:1369 mv:1853 misc:778 icu:4.25 pcu:258.50 scu:1297.25 tlayer:4 pbqpoffset:6.84 pbfactor:2.20 avgQpOffsetCutree:0.00;
in:380 out:378 type:B q:26.98 q-aq:23.14 q-noVbv:26.98 q-Rceq:1.32 tex:27274 mv:10986 misc:3372 icu:79.50 pcu:641.50 scu:839.00 tlayer:2 pbqpoffset:2.89 pbfactor:1.40 avgQpOffsetCutree:-3.79;
in:378 out:379 type:B q:27.86 q-aq:26.39 q-noVbv:27.86 q-Rceq:1.32 tex:8539 mv:5758 misc:2191 icu:32.75 pcu:405.25 scu:1122.00 tlayer:3 pbqpoffset:3.84 pbfactor:1.56 avgQpOffsetCutree:-1.69;
in:377 out:380 type:b q:30.82 q-aq:31.00 q-noVbv:30.82 q-Rceq:1.32 tex:1379 mv:1820 misc:857 icu:8.25 pcu:198.75 scu:1353.00 tlayer:4 pbqpoffset:6.84 pbfactor:2.20 avgQpOffsetCutree:0.00;
in:379 out:381 type:b q:30.89 q-aq:31.00 q-noVbv:30.89 q-Rceq:1.32 tex:1554 mv:2004 misc:874 icu:2.25 pcu:219.50 scu:1338.25 tlayer:4 pbqpoffset:6.84 pbfactor:2.20 avgQpOffsetCutree:0.00;
in:382 out:382 type:B q:28.00 q-aq:26.30 q-noVbv:28.00 q-Rceq:1.32 tex:9772 mv:6298 misc:2466 icu:8.75 pcu:421.50 scu:1129.75 tlayer:3 pbqpoffset:3.84 pbfactor:1.56 avgQpOffsetCutree:-2.07;
in:381 out:383 type:b q:30.97 q-aq:31.00 q-noVbv:30.97 q-Rceq:1.32 tex:1341 mv:1809 misc:794 icu:2.00 pcu:235.00 scu:1323.00 tlayer:4 pbqpoffset:6.84 pbfactor:2.20 avgQpOffsetCutree:0.00;
in:383 out:384 type:b q:31.04 q-aq:31.01 q-noVbv:31.04 q-Rceq:1.32 tex:933 mv:1968 misc:851 icu:0.75 pcu:273.50 scu:1285.75 tlayer:4 pbqpoffset:6.84 pbfactor:2.20 avgQpOffsetCutree:0.00;
in:400 out:385 type:k q:23.16 q-aq:15.46 q-noVbv:23.16 q-Rceq:1.32 tex:325871 mv:32851 misc:4198 icu:574.50 pcu:904.50 scu:81.00 tlayer:0 pbqpoffset:0.97 pbfactor:1.12 avgQpOffsetCutree:-6.78;
in:392 out:386 type:B q:25.58 q-aq:20.73 q-noVbv:25.58 q-Rceq:1.32 tex:114776 mv:26257 misc:3119 icu:337.50 pcu:746.00 scu:476.50 tlayer:1 pbqpoffset:1.89 pbfactor:1.24 avgQpOffsetCutree:-5.12;
in:388 out:387 type:B q:26.30 q-aq:22.87 q-noVbv:26.30 q-Rceq:1.32 tex:23829 mv:12068 misc:3223 icu:24.75 pcu:636.50 scu:898.75 tlayer:2 pbqpoffset:2.34 pbfactor:1.31 avgQpOffsetCutree:-3.68;
in:386 out:388 type:B q:27.65 q-aq:26.08 q-noVbv:27.65 q-Rceq:1.32 tex:8444 mv:6282 misc:2122 icu:4.00 pcu:438.50 scu:1117.50 tlayer:3 pbqpoffset:3.55 pbfactor:1.51 avgQpOffsetCutree:-1.88;
in:385 out:389 type:b q:30.91 q-aq:31.00 q-noVbv:30.91 q-Rceq:1.32 tex:618 mv:1662 misc:832 icu:0.25 pcu:224.00 scu:1335.75 tlayer:4 pbqpoffset:6.75 pbfactor:2.18 avgQpOffsetCutree:0.00;
in:387 out:390 type:b q:30.78 q-aq:31.00 q-noVbv:30.78 q-Rceq:1.32 tex:431 mv:1529 misc:696 icu:0.00 pcu:156.75 scu:1403.25 tlayer:4 pbqpoffset:6.75 pbfactor:2.18 avgQpOffsetCutree:0.00;
in:390 out:391 type:B q:27.58 q-aq:26.28 q-noVbv:27.58 q-Rceq:1.32 tex:3864 mv:4804 misc:1892 icu:0.75 pcu:294.00 scu:1265.25 tlayer:3 pbqpoffset:3.75 pbfactor:1.54 avgQpOffsetCutree:-1.69;
in:389 out:392 type:b q:30.65 q-aq:31.00 q-noVbv:30.65 q-Rceq:1.32 tex:223 mv:1256 misc:609 icu:0.00 pcu:209.25 scu:1350.75 tlayer:4 pbqpoffset:6.75 pbfactor:2.18 avgQpOffsetCutree:0.00;
in:391 out:393 type:b q:30.51 q-aq:31.00 q-noVbv:30.51 q-Rceq:1.32 tex:223 mv:792 misc:465 icu:0.00 pcu:165.75 scu:1394.25 tlayer:4 pbqpoffset:6.75 pbfactor:2.18 avgQpOffsetCutree:0.00;
in:396 out:394 type:B q:25.94 q-aq:22.32 q-noVbv:25.94 q-Rceq:1.32 tex:30081 mv:12638 misc:3161 icu:27.00 pcu:578.00 scu:955.00 tlayer:2 pbqpoffset:2.52 pbfactor:1.34 avgQpOffsetCutree:-3.54;
in:394 out:395 type:B q:27.31 q-aq:25.41 q-noVbv:27.31 q-Rceq:1.32 tex:4303 mv:5216 misc:2193 icu:1.50 pcu:383.75 scu:1174.75 tlayer:3 pbqpoffset:3.75 pbfactor:1.54 avgQpOffsetCutree:-1.80;
in:393 out:396 type:b q:30.38 q-aq:30.00 q-noVbv:30.38 q-Rceq:1.32 tex:122 mv:780 misc:474 icu:0.00 pcu:139.75 scu:1420.25 tlayer:4 pbqpoffset:6.75 pbfactor:2.18 avgQpOffsetCutree:0.00;
in:395 out:397 type:b q:30.24 q-aq:30.00 q-noVbv:30.24 q-Rceq:1.32 tex:210 mv:1212 misc:618 icu:0.00 pcu:138.25 scu:1421.75 tlayer:4 pbqpoffset:6.75 pbfactor:2.18 avgQpOffsetCutree:0.00;
in:398 out:398 type:B q:27.04 q-aq:25.28 q-noVbv:27.04 q-Rceq:1.32 tex:8254 mv:5916 misc:2414 icu:1.75 pcu:407.75 scu:1150.50 tlayer:3 pbqpoffset:3.75 pbfactor:1.54 avgQpOffsetCutree:-1.84;
in:397 out:399 type:b q:30.11 q-aq:30.00 q-noVbv:30.11 q-Rceq:1.32 tex:450 mv:1332 misc:658 icu:0.00 pcu:124.25 scu:1435.75 tlayer:4 pbqpoffset:6.75 pbfactor:2.18 avgQpOffsetCutree:0.00;
in:399 out:400 type:b q:29.97 q-aq:30.00 q-noVbv:29.97 q-Rceq:1.32 tex:992 mv:1407 misc:721 icu:0.50 pcu:194.75 scu:1364.75 tlayer:4 pbqpoffset:6.75 pbfactor:2.18 avgQpOffsetCutree:0.00;
in:416 out:401 type:k q:24.11 q-aq:18.43 q-noVbv:24.11 q-Rceq:1.32 tex:304259 mv:40480 misc:3021 icu:1169.75 pcu:381.75 scu:8.50 tlayer:0 pbqpoffset:0.69 pbfactor:1.08 avgQpOffsetCutree:-6.53;
in:408 out:402 type:B q:25.47 q-aq:20.89 q-noVbv:25.47 q-Rceq:1.32 tex:121473 mv:25196 misc:3739 icu:379.25 pcu:766.00 scu:414.75 tlayer:1 pbqpoffset:1.84 pbfactor:1.24 avgQpOffsetCutree:-4.62;
in:404 out:403 type:B q:26.16 q-aq:22.78 q-noVbv:26.16 q-Rceq:1.32 tex:27667 mv:11503 misc:2910 icu:83.50 pcu:601.00 scu:875.50 tlayer:2 pbqpoffset:2.76 pbfactor:1.38 avgQpOffsetCutree:-3.44;
in:402 out:404 type:B q:26.98 q-aq:25.32 q-noVbv:26.98 q-Rceq:1.32 tex:10942 mv:6295 misc:2411 icu:10.50 pcu:432.25 scu:1117.25 tlayer:3 pbqpoffset:3.70 pbfactor:1.53 avgQpOffsetCutree:-1.86;
in:401 out:405 type:b q:29.92 q-aq:30.00 q-noVbv:29.92 q-Rceq:1.32 tex:1362 mv:1817 misc:813 icu:0.50 pcu:195.25 scu:1364.25 tlayer:4 pbqpoffset:6.70 pbfactor:2.17 avgQpOffsetCutree:0.00;
in:403 out:406 type:b q:30.04 q-aq:30.00 q-noVbv:30.04 q-Rceq:1.32 tex:1456 mv:1726 misc:778 icu:0.75 pcu:208.25 scu:1351.00 tlayer:4 pbqpoffset:6.70 pbfactor:2.17 avgQpOffsetCutree:0.00;
in:406 out:407 type:B q:27.22 q-aq:25.75 q-noVbv:27.22 q-Rceq:1.32 tex:11636 mv:6099 misc:2489 icu:21.25 pcu:410.75 scu:1128.00 tlayer:3 pbqpoffset:3.70 pbfactor:1.53 avgQpOffsetCutree:-1.72;
in:405 out:408 type:b q:30.16 q-aq:30.01 q-noVbv:30.16 q-Rceq:1.32 tex:1993 mv:1757 misc:834 icu:1.25 pcu:304.50 scu:1254.25 tlayer:4 pbqpoffset:6.70 pbfactor:2.17 avgQpOffsetCutree:0.00;
in:407 out:409 type:b q:30.28 q-aq:30.14 q-noVbv:30.28 q-Rceq:1.32 tex:1555 mv:2083 misc:946 icu:5.00 pcu:296.25 scu:1258.75 tlayer:4 pbqpoffset:6.70 pbfactor:2.17 avgQpOffsetCutree:0.00;
in:412 out:410 type:B q:26.57 q-aq:22.66 q-noVbv:26.57 q-Rceq:1.32 tex:24845 mv:11038 misc:3173 icu:81.00 pcu:575.25 scu:903.75 tlayer:2 pbqpoffset:2.70 pbfactor:1.37 avgQpOffsetCutree:-3.82;
in:410 out:411 type:B q:27.45 q-aq:25.97 q-noVbv:27.45 q-Rceq:1.32 tex:10280 mv:5863 misc:2049 icu:44.75 pcu:364.25 scu:1151.00 tlayer:3 pbqpoffset:3.70 pbfactor:1.53 avgQpOffsetCutree:-1.75;
in:409 out:412 type:b q:30.39 q-aq:30.24 q-noVbv:30.39 q-Rceq:1.32 tex:1803 mv:1951 misc:918 icu:4.75 pcu:311.50 scu:1243.75 tlayer:4 pbqpoffset:6.70 pbfactor:2.17 avgQpOffsetCutree:0.00;
in:411 out:413 type:b q:30.51 q-aq:31.00 q-noVbv:30.51 q-Rceq:1.32 tex:1890 mv:1754 misc:868 icu:6.00 pcu:239.50 scu:1314.50 tlayer:4 pbqpoffset:6.70 pbfactor:2.17 avgQpOffsetCutree:0.00;
in:414 out:414 type:B q:27.69 q-aq:26.13 q-noVbv:27.69 q-Rceq:1.32 tex:9546 mv:5444 misc:2050 icu:47.50 pcu:372.00 scu:1140.50 tlayer:3 pbqpoffset:3.70 pbfactor:1.53 avgQpOffsetCutree:-1.93;
in:413 out:415 type:b q:30.63 q-aq:31.00 q-noVbv:30.63 q-Rceq:1.32 tex:1718 mv:1810 misc:784 icu:9.25 pcu:247.50 scu:1303.25 tlayer:4 pbqpoffset:6.70 pbfactor:2.17 avgQpOffsetCutree:0.00;
in:415 out:416 type:b q:30.75 q-aq:31.00 q-noVbv:30.75 q-Rceq:1.32 tex:1902 mv:1853 misc:869 icu:7.75 pcu:305.25 scu:1247.00 tlayer:4 pbqpoffset:6.70 pbfactor:2.17 avgQpOffsetCutree:0.00;
in:432 out:417 type:k q:23.92 q-aq:16.68 q-noVbv:23.92 q-Rceq:1.32 tex:271699 mv:34512 misc:4061 icu:649.50 pcu:759.25 scu:151.25 tlayer:0 pbqpoffset:0.94 pbfactor:1.11 avgQpOffsetCutree:-6.73;
in:424 out:418 type:B q:25.94 q-aq:21.68 q-noVbv:25.94 q-Rceq:1.32 tex:89873 mv:23334 misc:3305 icu:336.50 pcu:753.00 scu:470.50 tlayer:1 pbqpoffset:1.93 pbfactor:1.25 avgQpOffsetCutree:-4.28;
in:420 out:419 type:B q:26.71 q-aq:23.09 q-noVbv:26.71 q-Rceq:1.32 tex:24066 mv:10156 misc:3090 icu:115.50 pcu:614.25 scu:830.25 tlayer:2 pbqpoffset:2.65 pbfactor:1.36 avgQpOffsetCutree:-3.40;
in:418 out:420 type:B q:27.88 q-aq:26.34 q-noVbv:27.88 q-Rceq:1.32 tex:8695 mv:5002 misc:1983 icu:69.25 pcu:325.25 scu:1165.50 tlayer:3 pbqpoffset:3.79 pbfactor:1.55 avgQpOffsetCutree:-1.88;
in:417 out:421 type:b q:30.89 q-aq:31.00 q-noVbv:30.89 q-Rceq:1.32 tex:1928 mv:1887 misc:833 icu:5.50 pcu:222.75 scu:1331.75 tlayer:4 pbqpoffset:6.79 pbfactor:2.19 avgQpOffsetCutree:0.00;
in:419 out:422 type:b q:30.87 q-aq:31.01 q-noVbv:30.87 q-Rceq:1.32 tex:2307 mv:1798 misc:831 icu:11.25 pcu:252.00 scu:1296.75 tlayer:4 pbqpoffset:6.79 pbfactor:2.19 avgQpOffsetCutree:0.00;
in:422 out:423 type:B q:27.83 q-aq:26.20 q-noVbv:27.83 q-Rceq:1.32 tex:9683 mv:4814 misc:2039 icu:74.75 pcu:421.75 scu:1063.50 tlayer:3 pbqpoffset:3.79 pbfactor:1.55 avgQpOffsetCutree:-1.80;
in:421 out:424 type:b q:30.84 q-aq:31.00 q-noVbv:30.84 q-Rceq:1.32 tex:1872 mv:2021 misc:795 icu:9.75 pcu:222.75 scu:1327.50 tlayer:4 pbqpoffset:6.79 pbfactor:2.19 avgQpOffsetCutree:0.00;
in:423 out:425 type:b q:30.82 q-aq:31.00 q-noVbv:30.82 q-Rceq:1.32 tex:2009 mv:2217 misc:854 icu:13.75 pcu:265.00 scu:1281.25 tlayer:4 pbqpoffset:6.79 pbfactor:2.19 avgQpOffsetCutree:0.00;
in:428 out:426 type:B q:26.46 q-aq:22.88 q-noVbv:26.46 q-Rceq:1.32 tex:28314 mv:12505 misc:3189 icu:113.75 pcu:500.00 scu:946.25 tlayer:2 pbqpoffset:2.50 pbfactor:1.33 avgQpOffsetCutree:-3.43;
in:426 out:427 type:B q:27.79 q-aq:26.33 q-noVbv:27.79 q-Rceq:1.32 tex:9111 mv:5482 misc:2079 icu:46.50 pcu:362.25 scu:1151.25 tlayer:3 pbqpoffset:3.79 pbfactor:1.55 avgQpOffsetCutree:-1.76;
in:425 out:428 type:b q:30.80 q-aq:31.01 q-noVbv:30.80 q-Rceq:1.32 tex:2609 mv:2192 misc:879 icu:7.00 pcu:268.75 scu:1284.25 tlayer:4 pbqpoffset:6.79 pbfactor:2.19 avgQpOffsetCutree:0.00;
in:427 out:429 type:b q:30.77 q-aq:31.00 q-noVbv:30.77 q-Rceq:1.32 tex:2075 mv:2167 misc:846 icu:6.50 pcu:290.00 scu:1263.50 tlayer:4 pbqpoffset:6.79 pbfactor:2.19 avgQpOffsetCutree:0.00;
in:430 out:430 type:B q:27.42 q-aq:26.01 q-noVbv:27.42 q-Rceq:1.32 tex:11381 mv:7174 misc:2253 icu:55.00 pcu:424.50 scu:1080.50 tlayer:3 pbqpoffset:3.47 pbfactor:1.49 avgQpOffsetCutree:-1.73;
in:429 out:431 type:b q:30.75 q-aq:31.04 q-noVbv:30.75 q-Rceq:1.32 tex:2577 mv:2369 misc:910 icu:10.25 pcu:268.00 scu:1281.75 tlayer:4 pbqpoffset:6.79 pbfactor:2.19 avgQpOffsetCutree:0.00;
in:431 out:432 type:b q:30.73 q-aq:31.00 q-noVbv:30.73 q-Rceq:1.32 tex:2111 mv:2560 misc:929 icu:5.50 pcu:275.25 scu:1279.25 tlayer:4 pbqpoffset:6.79 pbfactor:2.19 avgQpOffsetCutree:0.00;
in:448 out:433 type:k q:24.09 q-aq:18.02 q-noVbv:24.09 q-Rceq:1.32 tex:331709 mv:43054 misc:3301 icu:1171.25 pcu:380.25 scu:8.50 tlayer:0 pbqpoffset:0.86 pbfactor:1.10 avgQpOffsetCutree:-6.95;
in:440 out:434 type:B q:26.00 q-aq:21.13 q-noVbv:26.00 q-Rceq:1.32 tex:108882 mv:24018 misc:3572 icu:380.25 pcu:557.25 scu:622.50 tlayer:1 pbqpoffset:1.99 pbfactor:1.26 avgQpOffsetCutree:-4.82;
in:436 out:435 type:B q:26.88 q-aq:23.31 q-noVbv:26.88 q-Rceq:1.32 tex:27644 mv:12025 misc:3331 icu:95.25 pcu:572.75 scu:892.00 tlayer:2 pbqpoffset:2.91 pbfactor:1.40 avgQpOffsetCutree:-3.47;
in:434 out:436 type:B q:27.80 q-aq:26.51 q-noVbv:27.80 q-Rceq:1.32 tex:10771 mv:6755 misc:2114 icu:41.25 pcu:410.75 scu:1108.00 tlayer:3 pbqpoffset:3.85 pbfactor:1.56 avgQpOffsetCutree:-1.76;
in:433 out:437 type:b q:30.79 q-aq:31.00 q-noVbv:30.79 q-Rceq:1.32 tex:1882 mv:2504 misc:1030 icu:2.00 pcu:214.00 scu:1344.00 tlayer:4 pbqpoffset:6.85 pbfactor:2.21 avgQpOffsetCutree:0.00;
in:435 out:438 type:b q:30.81 q-aq:31.00 q-noVbv:30.81 q-Rceq:1.32 tex:1310 mv:2262 misc:924 icu:1.50 pcu:235.75 scu:1322.75 tlayer:4 pbqpoffset:6.85 pbfactor:2.21 avgQpOffsetCutree:0.00;
in:438 out:439 type:B q:27.84 q-aq:26.34 q-noVbv:27.84 q-Rceq:1.32 tex:8994 mv:6993 misc:2085 icu:11.00 pcu:383.50 scu:1165.50 tlayer:3 pbqpoffset:3.85 pbfactor:1.56 avgQpOffsetCutree:-1.87;
in:437 out:440 type:b q:30.83 q-aq:31.00 q-noVbv:30.83 q-Rceq:1.32 tex:1115 mv:1943 misc:894 icu:0.75 pcu:234.75 scu:1324.50 tlayer:4 pbqpoffset:6.85 pbfactor:2.21 avgQpOffsetCutree:0.00;
in:439 out:441 type:b q:30.85 q-aq:31.00 q-noVbv:30.85 q-Rceq:1.32 tex:755 mv:2243 misc:898 icu:0.00 pcu:247.00 scu:1313.00 tlayer:4 pbqpoffset:6.85 pbfactor:2.21 avgQpOffsetCutree:0.00;
in:444 out:442 type:B q:27.90 q-aq:23.65 q-noVbv:27.90 q-Rceq:1.32 tex:16237 mv:11056 misc:3347 icu:19.25 pcu:540.75 scu:1000.00 tlayer:2 pbqpoffset:3.85 pbfactor:1.56 avgQpOffsetCutree:-3.96;
in:442 out:443 type:B q:27.88 q-aq:26.04 q-noVbv:27.88 q-Rceq:1.32 tex:7760 mv:6724 misc:2100 icu:8.75 pcu:363.25 scu:1188.00 tlayer:3 pbqpoffset:3.85 pbfactor:1.56 avgQpOffsetCutree:-1.84;
in:441 out:444 type:b q:30.87 q-aq:31.00 q-noVbv:30.87 q-Rceq:1.32 tex:531 mv:1852 misc:825 icu:0.25 pcu:177.25 scu:1382.50 tlayer:4 pbqpoffset:6.85 pbfactor:2.21 avgQpOffsetCutree:0.00;
in:443 out:445 type:b q:30.89 q-aq:31.00 q-noVbv:30.89 q-Rceq:1.32 tex:297 mv:1421 misc:674 icu:0.00 pcu:133.00 scu:1427.00 tlayer:4 pbqpoffset:6.85 pbfactor:2.21 avgQpOffsetCutree:0.00;
in:446 out:446 type:B q:27.92 q-aq:25.75 q-noVbv:27.92 q-Rceq:1.32 tex:2943 mv:4424 misc:1601 icu:2.50 pcu:353.75 scu:1203.75 tlayer:3 pbqpoffset:3.85 pbfactor:1.56 avgQpOffsetCutree:-2.05;
in:445 out:447 type:b q:30.91 q-aq:31.00 q-noVbv:30.91 q-Rceq:1.32 tex:319 mv:1159 misc:618 icu:0.25 pcu:139.50 scu:1420.25 tlayer:4 pbqpoffset:6.85 pbfactor:2.21 avgQpOffsetCutree:0.00;
in:447 out:448 type:b q:30.93 q-aq:31.00 q-noVbv:30.93 q-Rceq:1.32 tex:123 mv:958 misc:511 icu:0.00 pcu:235.00 scu:1325.00 tlayer:4 pbqpoffset:6.85 pbfactor:2.21 avgQpOffsetCutree:0.00;
in:464 out:449 type:k q:23.59 q-aq:16.44 q-noVbv:23.59 q-Rceq:1.32 tex:274309 mv:34395 misc:4352 icu:640.75 pcu:801.00 scu:118.25 tlayer:0 pbqpoffset:0.95 pbfactor:1.12 avgQpOffsetCutree:-6.70;
in:456 out:450 type:B q:25.82 q-aq:21.03 q-noVbv:25.82 q-Rceq:1.32 tex:88521 mv:23656 misc:3255 icu:361.50 pcu:734.00 scu:464.50 tlayer:1 pbqpoffset:1.98 pbfactor:1.26 avgQpOffsetCutree:-4.70;
in:452 out:451 type:B q:26.51 q-aq:22.76 q-noVbv:26.51 q-Rceq:1.32 tex:26467 mv:13510 misc:3463 icu:42.00 pcu:580.50 scu:937.50 tlayer:2 pbqpoffset:2.54 pbfactor:1.34 avgQpOffsetCutree:-3.51;
in:450 out:452 type:B q:27.87 q-aq:26.08 q-noVbv:27.87 q-Rceq:1.32 tex:4968 mv:5800 misc:2080 icu:2.50 pcu:368.50 scu:1189.00 tlayer:3 pbqpoffset:3.85 pbfactor:1.56 avgQpOffsetCutree:-1.87;
in:449 out:453 type:b q:30.91 q-aq:31.00 q-noVbv:30.91 q-Rceq:1.32 tex:261 mv:1291 misc:680 icu:0.00 pcu:221.00 scu:1339.00 tlayer:4 pbqpoffset:6.85 pbfactor:2.21 avgQpOffsetCutree:0.00;
in:451 out:454 type:b q:30.84 q-aq:31.00 q-noVbv:30.84 q-Rceq:1.32 tex:372 mv:1463 misc:725 icu:0.00 pcu:186.25 scu:1373.75 tlayer:4 pbqpoffset:6.85 pbfactor:2.21 avgQpOffsetCutree:0.00;
in:454 out:455 type:B q:27.75 q-aq:26.21 q-noVbv:27.75 q-Rceq:1.32 tex:8491 mv:7198 misc:2551 icu:7.75 pcu:407.75 scu:1144.50 tlayer:3 pbqpoffset:3.85 pbfactor:1.56 avgQpOffsetCutree:-1.82;
in:453 out:456 type:b q:30.78 q-aq:31.00 q-noVbv:30.78 q-Rceq:1.32 tex:829 mv:1800 misc:859 icu:1.25 pcu:183.00 scu:1375.75 tlayer:4 pbqpoffset:6.85 pbfactor:2.21 avgQpOffsetCutree:0.00;
in:455 out:457 type:b q:30.72 q-aq:31.00 q-noVbv:30.72 q-Rceq:1.32 tex:617 mv:1708 misc:843 icu:2.25 pcu:229.00 scu:1328.75 tlayer:4 pbqpoffset:6.85 pbfactor:2.21 avgQpOffsetCutree:0.00;
in:460 out:458 type:B q:26.12 q-aq:22.62 q-noVbv:26.12 q-Rceq:1.32 tex:29988 mv:12277 misc:3159 icu:108.00 pcu:606.50 scu:845.50 tlayer:2 pbqpoffset:2.40 pbfactor:1.32 avgQpOffsetCutree:-3.37;
in:458 out:459 type:B q:27.62 q-aq:26.12 q-noVbv:27.62 q-Rceq:1.32 tex:10035 mv:6869 misc:2208 icu:26.25 pcu:424.25 scu:1109.50 tlayer:3 pbqpoffset:3.85 pbfactor:1.56 avgQpOffsetCutree:-1.88;
in:457 out:460 type:b q:30.65 q-aq:31.00 q-noVbv:30.65 q-Rceq:1.32 tex:907 mv:1833 misc:836 icu:1.00 pcu:172.25 scu:1386.75 tlayer:4 pbqpoffset:6.85 pbfactor:2.21 avgQpOffsetCutree:0.00;
in:459 out:461 type:b q:30.59 q-aq:31.00 q-noVbv:30.59 q-Rceq:1.32 tex:1714 mv:1671 misc:863 icu:0.00 pcu:214.25 scu:1345.75 tlayer:4 pbqpoffset:6.85 pbfactor:2.21 avgQpOffsetCutree:0.00;
in:462 out:462 type:B q:27.50 q-aq:26.23 q-noVbv:27.50 q-Rceq:1.32 tex:10852 mv:6430 misc:1982 icu:53.75 pcu:389.50 scu:1116.75 tlayer:3 pbqpoffset:3.85 pbfactor:1.56 avgQpOffsetCutree:-1.85;
in:461 out:463 type:b q:30.53 q-aq:31.00 q-noVbv:30.53 q-Rceq:1.32 tex:1779 mv:2538 misc:971 icu:2.50 pcu:227.25 scu:1330.25 tlayer:4 pbqpoffset:6.85 pbfactor:2.21 avgQpOffsetCutree:0.00;
in:463 out:464 type:b q:30.47 q-aq:30.19 q-noVbv:30.47 q-Rceq:1.32 tex:2407 mv:2267 misc:958 icu:7.50 pcu:348.00 scu:1204.50 tlayer:4 pbqpoffset:6.85 pbfactor:2.21 avgQpOffsetCutree:0.00;
in:480 out:465 type:k q:23.89 q-aq:18.16 q-noVbv:23.89 q-Rceq:1.32 tex:295806 mv:39699 misc:3055 icu:1146.50 pcu:403.25 scu:10.25 tlayer:0 pbqpoffset:0.71 pbfactor:1.09 avgQpOffsetCutree:-6.35;
in:472 out:466 type:B q:25.64 q-aq:21.00 q-noVbv:25.64 q-Rceq:1.32 tex:100682 mv:21488 misc:3246 icu:413.00 pcu:646.00 scu:501.00 tlayer:1 pbqpoffset:1.90 pbfactor:1.25 avgQpOffsetCutree:-4.61;
in:468 out:467 type:B q:26.54 q-aq:23.04 q-noVbv:26.54 q-Rceq:1.32 tex:25106 mv:10277 misc:2817 icu:117.00 pcu:479.75 scu:963.25 tlayer:2 pbqpoffset:2.88 pbfactor:1.39 avgQpOffsetCutree:-3.33;
in:466 out:468 type:B q:27.39 q-aq:25.86 q-noVbv:27.39 q-Rceq:1.32 tex:9990 mv:5901 misc:2085 icu:43.00 pcu:375.75 scu:1141.25 tlayer:3 pbqpoffset:3.77 pbfactor:1.55 avgQpOffsetCutree:-1.77;
in:465 out:469 type:b q:30.37 q-aq:30.11 q-noVbv:30.37 q-Rceq:1.32 tex:3361 mv:1992 misc:911 icu:9.50 pcu:280.25 scu:1270.25 tlayer:4 pbqpoffset:6.77 pbfactor:2.19 avgQpOffsetCutree:0.00;
in:467 out:470 type:b q:30.41 q-aq:30.71 q-noVbv:30.41 q-Rceq:1.32 tex:1783 mv:2013 misc:812 icu:9.25 pcu:287.75 scu:1263.00 tlayer:4 pbqpoffset:6.77 pbfactor:2.19 avgQpOffsetCutree:0.00;
in:470 out:471 type:B q:27.47 q-aq:26.15 q-noVbv:27.47 q-Rceq:1.32 tex:9650 mv:4971 misc:1811 icu:69.25 pcu:374.50 scu:1116.25 tlayer:3 pbqpoffset:3.77 pbfactor:1.55 avgQpOffsetCutree:-1.68;
in:469 out:472 type:b q:30.45 q-aq:30.65 q-noVbv:30.45 q-Rceq:1.32 tex:2148 mv:1907 misc:785 icu:13.25 pcu:297.00 scu:1249.75 tlayer:4 pbqpoffset:6.77 pbfactor:2.19 avgQpOffsetCutree:0.00;
in:471 out:473 type:b q:30.49 q-aq:30.73 q-noVbv:30.49 q-Rceq:1.32 tex:2017 mv:1843 misc:868 icu:12.00 pcu:212.00 scu:1336.00 tlayer:4 pbqpoffset:6.77 pbfactor:2.19 avgQpOffsetCutree:0.00;
in:476 out:474 type:B q:26.68 q-aq:22.89 q-noVbv:26.68 q-Rceq:1.32 tex:24832 mv:10521 misc:2911 icu:106.00 pcu:649.25 scu:804.75 tlayer:2 pbqpoffset:2.87 pbfactor:1.39 avgQpOffsetCutree:-3.73;
in:474 out:475 type:B q:27.54 q-aq:26.06 q-noVbv:27.54 q-Rceq:1.32 tex:7808 mv:4940 misc:1956 icu:68.50 pcu:365.00 scu:1126.50 tlayer:3 pbqpoffset:3.77 pbfactor:1.55 avgQpOffsetCutree:-1.81;
in:473 out:476 type:b q:30.52 q-aq:31.00 q-noVbv:30.52 q-Rceq:1.32 tex:1556 mv:2131 misc:833 icu:7.75 pcu:319.75 scu:1232.50 tlayer:4 pbqpoffset:6.77 pbfactor:2.19 avgQpOffsetCutree:0.00;
in:475 out:477 type:b q:30.56 q-aq:31.00 q-noVbv:30.56 q-Rceq:1.32 tex:2205 mv:1885 misc:718 icu:5.75 pcu:271.50 scu:1282.75 tlayer:4 pbqpoffset:6.77 pbfactor:2.19 avgQpOffsetCutree:0.00;
in:478 out:478 type:B q:27.62 q-aq:26.07 q-noVbv:27.62 q-Rceq:1.32 tex:7705 mv:5267 misc:1828 icu:53.25 pcu:366.00 scu:1140.75 tlayer:3 pbqpoffset:3.77 pbfactor:1.55 avgQpOffsetCutree:-1.88;
in:477 out:479 type:b q:30.60 q-aq:31.00 q-noVbv:30.60 q-Rceq:1.32 tex:2029 mv:1918 misc:885 icu:6.25 pcu:277.75 scu:1276.00 tlayer:4 pbqpoffset:6.77 pbfactor:2.19 avgQpOffsetCutree:0.00;
in:479 out:480 type:b q:30.64 q-aq:31.00 q-noVbv:30.64 q-Rceq:1.32 tex:2221 mv:2202 misc:841 icu:5.75 pcu:329.00 scu:1225.25 tlayer:4 pbqpoffset:6.77 pbfactor:2.19 avgQpOffsetCutree:0.00;
in:496 out:481 type:k q:24.68 q-aq:19.15 q-noVbv:24.68 q-Rceq:1.32 tex:187423 mv:29783 misc:4306 icu:634.00 pcu:694.50 scu:231.50 tlayer:0 pbqpoffset:0.98 pbfactor:1.12 avgQpOffsetCutree:-5.44;
in:488 out:482 type:B q:26.24 q-aq:21.39 q-noVbv:26.24 q-Rceq:1.32 tex:83993 mv:21509 misc:3482 icu:310.50 pcu:782.75 scu:466.75 tlayer:1 pbqpoffset:1.96 pbfactor:1.25 avgQpOffsetCutree:-4.56;
in:484 out:483 type:B q:26.81 q-aq:23.22 q-noVbv:26.81 q-Rceq:1.32 tex:20222 mv:9909 misc:2885 icu:86.25 pcu:529.25 scu:944.50 tlayer:2 pbqpoffset:2.73 pbfactor:1.37 avgQpOffsetCutree:-3.31;
in:482 out:484 type:B q:27.81 q-aq:26.43 q-noVbv:27.81 q-Rceq:1.32 tex:7970 mv:5253 misc:2089 icu:37.25 pcu:352.00 scu:1170.75 tlayer:3 pbqpoffset:3.82 pbfactor:1.56 avgQpOffsetCutree:-1.78;
in:481 out:485 type:b q:30.76 q-aq:31.00 q-noVbv:30.76 q-Rceq:1.32 tex:1802 mv:1673 misc:797 icu:4.50 pcu:232.25 scu:1323.25 tlayer:4 pbqpoffset:6.82 pbfactor:2.20 avgQpOffsetCutree:0.00;
in:483 out:486 type:b q:30.86 q-aq:31.00 q-noVbv:30.86 q-Rceq:1.32 tex:1942 mv:1553 misc:785 icu:4.75 pcu:219.00 scu:1336.25 tlayer:4 pbqpoffset:6.82 pbfactor:2.20 avgQpOffsetCutree:0.00;
in:486 out:487 type:B q:28.01 q-aq:26.36 q-noVbv:28.01 q-Rceq:1.32 tex:9856 mv:5570 misc:2118 icu:32.25 pcu:438.00 scu:1089.75 tlayer:3 pbqpoffset:3.82 pbfactor:1.56 avgQpOffsetCutree:-1.77;
in:485 out:488 type:b q:30.96 q-aq:31.00 q-noVbv:30.96 q-Rceq:1.32 tex:1434 mv:1904 misc:854 icu:7.75 pcu:298.75 scu:1253.50 tlayer:4 pbqpoffset:6.82 pbfactor:2.20 avgQpOffsetCutree:0.00;
in:487 out:489 type:b q:31.05 q-aq:31.00 q-noVbv:31.05 q-Rceq:1.32 tex:1206 mv:2243 misc:951 icu:4.50 pcu:241.75 scu:1313.75 tlayer:4 pbqpoffset:6.82 pbfactor:2.20 avgQpOffsetCutree:0.00;
in:492 out:490 type:B q:27.05 q-aq:23.60 q-noVbv:27.05 q-Rceq:1.32 tex:24123 mv:11772 misc:3313 icu:54.00 pcu:639.75 scu:866.25 tlayer:2 pbqpoffset:2.57 pbfactor:1.34 avgQpOffsetCutree:-3.35;
in:490 out:491 type:B q:28.20 q-aq:26.82 q-noVbv:28.20 q-Rceq:1.32 tex:7928 mv:6631 misc:1953 icu:21.75 pcu:422.00 scu:1116.25 tlayer:3 pbqpoffset:3.82 pbfactor:1.56 avgQpOffsetCutree:-1.82;
in:489 out:492 type:b q:31.15 q-aq:31.01 q-noVbv:31.15 q-Rceq:1.32 tex:1363 mv:2272 misc:933 icu:1.75 pcu:244.25 scu:1314.00 tlayer:4 pbqpoffset:6.82 pbfactor:2.20 avgQpOffsetCutree:0.00;
in:491 out:493 type:b q:31.25 q-aq:31.10 q-noVbv:31.25 q-Rceq:1.32 tex:1110 mv:2007 misc:851 icu:2.75 pcu:255.75 scu:1301.50 tlayer:4 pbqpoffset:6.82 pbfactor:2.20 avgQpOffsetCutree:0.00;
in:494 out:494 type:B q:28.40 q-aq:26.91 q-noVbv:28.40 q-Rceq:1.32 tex:8861 mv:5623 misc:2068 icu:5.00 pcu:454.75 scu:1100.25 tlayer:3 pbqpoffset:3.82 pbfactor:1.56 avgQpOffsetCutree:-1.73;
in:493 out:495 type:b q:31.35 q-aq:31.02 q-noVbv:31.35 q-Rceq:1.32 tex:905 mv:1854 misc:817 icu:0.75 pcu:254.00 scu:1305.25 tlayer:4 pbqpoffset:6.82 pbfactor:2.20 avgQpOffsetCutree:0.00;
in:495 out:496 type:b q:31.45 q-aq:31.71 q-noVbv:31.45 q-Rceq:1.32 tex:341 mv:1608 misc:795 icu:0.50 pcu:209.00 scu:1350.50 tlayer:4 pbqpoffset:6.82 pbfactor:2.20 avgQpOffsetCutree:0.00;
in:499 out:497 type:k q:24.52 q-aq:22.91 q-noVbv:24.52 q-Rceq:1.32 tex:36695 mv:14570 misc:3423 icu:59.00 pcu:612.75 scu:888.25 tlayer:0 pbqpoffset:0.85 pbfactor:1.10 avgQpOffsetCutree:-1.54;
in:498 out:498 type:B q:26.89 q-aq:26.43 q-noVbv:26.89 q-Rceq:1.32 tex:3757 mv:6430 misc:1701 icu:2.25 pcu:577.00 scu:980.75 tlayer:1 pbqpoffset:2.31 pbfactor:1.31 avgQpOffsetCutree:-0.84;
in:497 out:499 type:b q:28.38 q-aq:28.24 q-noVbv:28.38 q-Rceq:1.32 tex:288 mv:1859 misc:829 icu:0.00 pcu:231.25 scu:1328.75 tlayer:2 pbqpoffset:3.75 pbfactor:1.54 avgQpOffsetCutree:0.00;
