#options: cpuid=1173503 frame-threads=1 no-wpp no-pmode no-pme psnr no-ssim log-level=2 bitdepth=8 input-csp=1 fps=25000/1000 input-res=768x432 interlace=0 total-frames=217 level-idc=0 high-tier=1 uhd-bd=0 ref=4 no-allow-non-conformance no-repeat-headers annexb no-aud no-hrd info hash=0 no-temporal-layers open-gop min-keyint=1 keyint=5000 bframes=15 b-adapt=2 b-pyramid bframe-bias=0 rc-lookahead=40 lookahead-slices=0 scenecut=40 no-intra-refresh ctu=64 min-cu-size=8 rect amp max-tu-size=32 tu-inter-depth=3 tu-intra-depth=3 limit-tu=4 rdoq-level=2 dynamic-rd=0.00 no-ssim-rd signhide no-tskip nr-intra=0 nr-inter=0 no-constrained-intra strong-intra-smoothing max-merge=4 limit-refs=1 limit-modes me=3 subme=4 merange=57 temporal-mvp weightp weightb no-analyze-src-pics deblock=0:0 sao no-sao-non-deblock rd=6 no-early-skip rskip no-fast-intra no-tskip-fast no-cu-lossless b-intra rdpenalty=0 psy-rd=0.00 psy-rdoq=0.00 no-rd-refine analysis-reuse-mode=0 no-lossless cbqpoffs=0 crqpoffs=0 rc=abr bitrate=2000 qcomp=0.60 qpstep=4 stats-write=1 stats-read=0 slow-firstpass ipratio=1.40 pbratio=1.30 aq-mode=1 aq-strength=0.00 cutree zone-count=0 no-strict-cbr qg-size=64 no-rc-grain qpmax=69 qpmin=0 no-const-vbv sar=0 overscan=0 videoformat=5 range=0 colorprim=2 transfer=2 colormatrix=2 chromaloc=0 display-window=0 max-cll=0,0 min-luma=0 max-luma=255 log2-max-poc-lsb=8 vui-timing-info vui-hrd-info slices=1 opt-qp-pps opt-ref-list-length-pps no-multi-pass-opt-rps scenecut-bias=0.05 no-opt-cu-delta-qp no-aq-motion no-hdr no-hdr-opt no-dhdr10-opt analysis-reuse-level=5 scale-factor=0 refine-intra=0 refine-inter=0 refine-mv=0 no-limit-sao ctu-info=0 max-tlayer=4
in:0 out:0 type:I q:21.26 q-aq:15.28 q-noVbv:21.26 q-Rceq:1.00 tex:407345 mv:34621 misc:1698 icu:1296.00 pcu:0.00 scu:0.00 tlayer:0 pbqpoffset:0.00 pbfactor:1.00 avgQpOffsetCutree:-5.86;
in:4 out:1 type:k q:20.17 q-aq:13.46 q-noVbv:20.17 q-Rceq:1.00 tex:377107 mv:24226 misc:2715 icu:359.75 pcu:615.75 scu:320.50 tlayer:0 pbqpoffset:0.00 pbfactor:1.00 avgQpOffsetCutree:-5.51;
in:2 out:2 type:B q:22.49 q-aq:20.80 q-noVbv:22.49 q-Rceq:1.00 tex:52698 mv:12812 misc:2818 icu:2.00 pcu:571.25 scu:722.75 tlayer:1 pbqpoffset:2.31 pbfactor:1.31 avgQpOffsetCutree:-1.26;
in:1 out:3 type:b q:23.83 q-aq:24.00 q-noVbv:23.83 q-Rceq:1.00 tex:4367 mv:3682 misc:1615 icu:0.25 pcu:431.75 scu:864.00 tlayer:2 pbqpoffset:3.66 pbfactor:1.53 avgQpOffsetCutree:0.00;
in:3 out:4 type:b q:23.41 q-aq:23.32 q-noVbv:23.41 q-Rceq:1.00 tex:17749 mv:6976 misc:2043 icu:0.00 pcu:489.25 scu:806.75 tlayer:2 pbqpoffset:3.23 pbfactor:1.45 avgQpOffsetCutree:0.00;
in:13 out:5 type:k q:22.51 q-aq:16.64 q-noVbv:22.51 q-Rceq:1.00 tex:306359 mv:32540 misc:2357 icu:764.75 pcu:513.25 scu:18.00 tlayer:0 pbqpoffset:0.00 pbfactor:1.00 avgQpOffsetCutree:-5.92;
in:9 out:6 type:B q:23.36 q-aq:19.34 q-noVbv:23.36 q-Rceq:1.00 tex:127494 mv:21940 misc:3302 icu:451.50 pcu:688.25 scu:156.25 tlayer:1 pbqpoffset:1.89 pbfactor:1.24 avgQpOffsetCutree:-3.83;
in:7 out:7 type:B q:23.63 q-aq:21.12 q-noVbv:23.63 q-Rceq:1.00 tex:58055 mv:15526 misc:3123 icu:159.00 pcu:668.50 scu:468.50 tlayer:2 pbqpoffset:2.68 pbfactor:1.36 avgQpOffsetCutree:-2.47;
in:6 out:8 type:B q:24.10 q-aq:23.25 q-noVbv:24.10 q-Rceq:1.00 tex:21503 mv:11553 misc:3128 icu:68.75 pcu:664.00 scu:563.25 tlayer:3 pbqpoffset:3.41 pbfactor:1.48 avgQpOffsetCutree:-1.29;
in:5 out:9 type:b q:25.65 q-aq:26.00 q-noVbv:25.65 q-Rceq:1.00 tex:6026 mv:4725 misc:1625 icu:3.50 pcu:516.50 scu:776.00 tlayer:4 pbqpoffset:5.21 pbfactor:1.83 avgQpOffsetCutree:0.00;
in:8 out:10 type:b q:26.23 q-aq:26.26 q-noVbv:26.23 q-Rceq:1.00 tex:5121 mv:4347 misc:1508 icu:0.00 pcu:478.25 scu:817.75 tlayer:3 pbqpoffset:5.02 pbfactor:1.79 avgQpOffsetCutree:0.00;
in:11 out:11 type:B q:24.93 q-aq:22.87 q-noVbv:24.93 q-Rceq:1.00 tex:32864 mv:13186 misc:3150 icu:50.50 pcu:657.25 scu:588.25 tlayer:2 pbqpoffset:2.94 pbfactor:1.40 avgQpOffsetCutree:-1.98;
in:10 out:12 type:b q:26.65 q-aq:27.00 q-noVbv:26.65 q-Rceq:1.00 tex:8209 mv:4853 misc:1634 icu:1.50 pcu:562.25 scu:732.25 tlayer:3 pbqpoffset:4.92 pbfactor:1.77 avgQpOffsetCutree:0.00;
in:12 out:13 type:b q:27.44 q-aq:27.58 q-noVbv:27.44 q-Rceq:1.00 tex:3347 mv:3842 misc:1187 icu:2.00 pcu:526.50 scu:767.50 tlayer:3 pbqpoffset:5.19 pbfactor:1.82 avgQpOffsetCutree:0.00;
in:22 out:14 type:k q:22.53 q-aq:16.49 q-noVbv:22.53 q-Rceq:1.00 tex:348758 mv:33507 misc:2343 icu:935.50 pcu:358.75 scu:1.75 tlayer:0 pbqpoffset:0.00 pbfactor:1.00 avgQpOffsetCutree:-6.21;
in:18 out:15 type:B q:24.40 q-aq:20.18 q-noVbv:24.40 q-Rceq:1.00 tex:152865 mv:20759 misc:2936 icu:441.50 pcu:650.75 scu:203.75 tlayer:1 pbqpoffset:1.88 pbfactor:1.24 avgQpOffsetCutree:-4.07;
in:16 out:16 type:B q:25.17 q-aq:23.06 q-noVbv:25.17 q-Rceq:1.00 tex:88099 mv:12249 misc:2956 icu:18.25 pcu:504.25 scu:773.50 tlayer:2 pbqpoffset:2.66 pbfactor:1.36 avgQpOffsetCutree:-1.97;
in:15 out:17 type:B q:25.08 q-aq:25.22 q-noVbv:25.08 q-Rceq:1.00 tex:36062 mv:10712 misc:3322 icu:140.50 pcu:740.75 scu:414.75 tlayer:3 pbqpoffset:2.57 pbfactor:1.35 avgQpOffsetCutree:-0.60;
in:14 out:18 type:b q:27.95 q-aq:28.00 q-noVbv:27.95 q-Rceq:1.00 tex:4818 mv:3890 misc:1476 icu:1.00 pcu:499.25 scu:795.75 tlayer:4 pbqpoffset:5.44 pbfactor:1.87 avgQpOffsetCutree:0.00;
in:17 out:19 type:b q:28.07 q-aq:28.00 q-noVbv:28.07 q-Rceq:1.00 tex:2963 mv:3291 misc:1138 icu:0.00 pcu:455.75 scu:840.25 tlayer:3 pbqpoffset:5.55 pbfactor:1.90 avgQpOffsetCutree:0.00;
in:20 out:20 type:B q:26.12 q-aq:24.41 q-noVbv:26.12 q-Rceq:1.00 tex:22158 mv:10679 misc:2795 icu:16.75 pcu:579.25 scu:700.00 tlayer:2 pbqpoffset:3.60 pbfactor:1.52 avgQpOffsetCutree:-1.70;
in:19 out:21 type:b q:27.76 q-aq:28.00 q-noVbv:27.76 q-Rceq:1.00 tex:6943 mv:4344 misc:1337 icu:8.25 pcu:622.00 scu:665.75 tlayer:3 pbqpoffset:5.24 pbfactor:1.83 avgQpOffsetCutree:0.00;
in:21 out:22 type:b q:27.84 q-aq:28.00 q-noVbv:27.84 q-Rceq:1.00 tex:4142 mv:4081 misc:1089 icu:0.00 pcu:584.50 scu:711.50 tlayer:3 pbqpoffset:5.31 pbfactor:1.85 avgQpOffsetCutree:0.00;
in:26 out:23 type:k q:23.15 q-aq:16.96 q-noVbv:23.15 q-Rceq:1.00 tex:228068 mv:24385 misc:3155 icu:535.25 pcu:597.00 scu:163.75 tlayer:0 pbqpoffset:0.00 pbfactor:1.00 avgQpOffsetCutree:-5.83;
in:24 out:24 type:B q:24.54 q-aq:22.22 q-noVbv:24.54 q-Rceq:1.00 tex:35981 mv:14721 misc:2994 icu:190.25 pcu:685.50 scu:420.25 tlayer:1 pbqpoffset:1.70 pbfactor:1.22 avgQpOffsetCutree:-2.29;
in:23 out:25 type:b q:25.52 q-aq:26.00 q-noVbv:25.52 q-Rceq:1.00 tex:14309 mv:5841 misc:1594 icu:1.25 pcu:513.75 scu:781.00 tlayer:2 pbqpoffset:2.84 pbfactor:1.39 avgQpOffsetCutree:0.00;
in:25 out:26 type:b q:25.83 q-aq:26.00 q-noVbv:25.83 q-Rceq:1.00 tex:7235 mv:5695 misc:1670 icu:2.25 pcu:562.25 scu:731.50 tlayer:2 pbqpoffset:2.84 pbfactor:1.39 avgQpOffsetCutree:0.00;
in:32 out:27 type:k q:23.35 q-aq:16.70 q-noVbv:23.35 q-Rceq:1.00 tex:366168 mv:36168 misc:1928 icu:984.50 pcu:310.25 scu:1.25 tlayer:0 pbqpoffset:0.00 pbfactor:1.00 avgQpOffsetCutree:-6.53;
in:29 out:28 type:B q:25.16 q-aq:21.57 q-noVbv:25.16 q-Rceq:1.00 tex:89325 mv:16122 misc:3753 icu:255.50 pcu:652.25 scu:388.25 tlayer:1 pbqpoffset:1.91 pbfactor:1.25 avgQpOffsetCutree:-3.28;
in:28 out:29 type:B q:26.76 q-aq:26.11 q-noVbv:26.76 q-Rceq:1.00 tex:11499 mv:7751 misc:2254 icu:1.25 pcu:554.00 scu:740.75 tlayer:2 pbqpoffset:3.55 pbfactor:1.51 avgQpOffsetCutree:-0.62;
in:27 out:30 type:b q:27.99 q-aq:28.00 q-noVbv:27.99 q-Rceq:1.00 tex:7117 mv:4512 misc:1403 icu:0.00 pcu:546.75 scu:749.25 tlayer:3 pbqpoffset:4.81 pbfactor:1.74 avgQpOffsetCutree:0.00;
in:31 out:31 type:B q:25.75 q-aq:24.95 q-noVbv:25.75 q-Rceq:1.00 tex:37233 mv:10096 misc:3487 icu:104.00 pcu:575.75 scu:616.25 tlayer:2 pbqpoffset:2.43 pbfactor:1.32 avgQpOffsetCutree:-1.15;
in:30 out:32 type:b q:28.04 q-aq:28.10 q-noVbv:28.04 q-Rceq:1.00 tex:7569 mv:4765 misc:1562 icu:1.25 pcu:577.75 scu:717.00 tlayer:3 pbqpoffset:4.76 pbfactor:1.73 avgQpOffsetCutree:0.00;
in:38 out:33 type:k q:23.90 q-aq:17.61 q-noVbv:23.90 q-Rceq:1.00 tex:277310 mv:31733 misc:2989 icu:519.25 pcu:599.50 scu:177.25 tlayer:0 pbqpoffset:0.00 pbfactor:1.00 avgQpOffsetCutree:-5.82;
in:35 out:34 type:B q:25.73 q-aq:22.46 q-noVbv:25.73 q-Rceq:1.00 tex:45910 mv:15404 misc:3110 icu:108.00 pcu:546.50 scu:641.50 tlayer:1 pbqpoffset:2.10 pbfactor:1.28 avgQpOffsetCutree:-2.46;
in:34 out:35 type:B q:26.61 q-aq:25.75 q-noVbv:26.61 q-Rceq:1.00 tex:7858 mv:8070 misc:2088 icu:0.25 pcu:521.50 scu:774.25 tlayer:2 pbqpoffset:3.08 pbfactor:1.43 avgQpOffsetCutree:-0.61;
in:33 out:36 type:b q:27.29 q-aq:27.33 q-noVbv:27.29 q-Rceq:1.00 tex:5962 mv:4176 misc:1430 icu:0.25 pcu:480.50 scu:815.25 tlayer:3 pbqpoffset:3.84 pbfactor:1.56 avgQpOffsetCutree:0.00;
in:37 out:37 type:B q:26.45 q-aq:25.91 q-noVbv:26.45 q-Rceq:1.00 tex:9650 mv:7600 misc:2366 icu:8.25 pcu:591.50 scu:696.25 tlayer:2 pbqpoffset:2.64 pbfactor:1.36 avgQpOffsetCutree:-0.93;
in:36 out:38 type:b q:27.36 q-aq:27.36 q-noVbv:27.36 q-Rceq:1.00 tex:5389 mv:6013 misc:1854 icu:6.00 pcu:552.25 scu:737.75 tlayer:3 pbqpoffset:3.64 pbfactor:1.52 avgQpOffsetCutree:0.00;
in:42 out:39 type:k q:23.91 q-aq:17.18 q-noVbv:23.91 q-Rceq:1.00 tex:223688 mv:25144 misc:3208 icu:549.75 pcu:656.75 scu:89.50 tlayer:0 pbqpoffset:0.00 pbfactor:1.00 avgQpOffsetCutree:-6.18;
in:40 out:40 type:B q:25.65 q-aq:23.75 q-noVbv:25.65 q-Rceq:1.00 tex:25279 mv:12572 misc:3109 icu:10.75 pcu:593.75 scu:691.50 tlayer:1 pbqpoffset:1.74 pbfactor:1.22 avgQpOffsetCutree:-1.84;
in:39 out:41 type:b q:26.71 q-aq:27.00 q-noVbv:26.71 q-Rceq:1.00 tex:7651 mv:5007 misc:1590 icu:0.00 pcu:472.75 scu:823.25 tlayer:2 pbqpoffset:2.81 pbfactor:1.38 avgQpOffsetCutree:0.00;
in:41 out:42 type:b q:26.66 q-aq:27.00 q-noVbv:26.66 q-Rceq:1.00 tex:7114 mv:6204 misc:1818 icu:3.25 pcu:585.00 scu:707.75 tlayer:2 pbqpoffset:2.75 pbfactor:1.37 avgQpOffsetCutree:0.00;
in:48 out:43 type:k q:24.00 q-aq:17.52 q-noVbv:24.00 q-Rceq:1.00 tex:368221 mv:34078 misc:1885 icu:977.25 pcu:318.25 scu:0.50 tlayer:0 pbqpoffset:0.00 pbfactor:1.00 avgQpOffsetCutree:-6.57;
in:45 out:44 type:B q:26.19 q-aq:21.84 q-noVbv:26.19 q-Rceq:1.00 tex:67404 mv:16225 misc:3923 icu:141.50 pcu:654.50 scu:500.00 tlayer:1 pbqpoffset:2.24 pbfactor:1.30 avgQpOffsetCutree:-3.85;
in:44 out:45 type:B q:27.55 q-aq:26.60 q-noVbv:27.55 q-Rceq:1.00 tex:4669 mv:6225 misc:1730 icu:0.00 pcu:539.25 scu:756.75 tlayer:2 pbqpoffset:3.61 pbfactor:1.52 avgQpOffsetCutree:-1.22;
in:43 out:46 type:b q:29.44 q-aq:29.88 q-noVbv:29.44 q-Rceq:1.00 tex:2881 mv:3252 misc:955 icu:0.00 pcu:568.25 scu:727.75 tlayer:3 pbqpoffset:5.52 pbfactor:1.89 avgQpOffsetCutree:0.00;
in:47 out:47 type:B q:27.28 q-aq:26.85 q-noVbv:27.28 q-Rceq:1.00 tex:10167 mv:6768 misc:2817 icu:6.00 pcu:471.00 scu:819.00 tlayer:2 pbqpoffset:3.30 pbfactor:1.46 avgQpOffsetCutree:-0.60;
in:46 out:48 type:b q:29.73 q-aq:30.00 q-noVbv:29.73 q-Rceq:1.00 tex:1487 mv:2713 misc:800 icu:0.00 pcu:572.75 scu:723.25 tlayer:3 pbqpoffset:5.76 pbfactor:1.95 avgQpOffsetCutree:0.00;
in:52 out:49 type:k q:24.49 q-aq:17.34 q-noVbv:24.49 q-Rceq:1.00 tex:255786 mv:27189 misc:3209 icu:298.25 pcu:673.00 scu:324.75 tlayer:0 pbqpoffset:0.00 pbfactor:1.00 avgQpOffsetCutree:-6.08;
in:50 out:50 type:B q:26.08 q-aq:23.94 q-noVbv:26.08 q-Rceq:1.00 tex:24315 mv:12076 misc:2809 icu:5.50 pcu:583.00 scu:707.50 tlayer:1 pbqpoffset:1.84 pbfactor:1.24 avgQpOffsetCutree:-1.87;
in:49 out:51 type:b q:27.00 q-aq:27.00 q-noVbv:27.00 q-Rceq:1.00 tex:5976 mv:4182 misc:1466 icu:0.00 pcu:496.75 scu:799.25 tlayer:2 pbqpoffset:2.88 pbfactor:1.39 avgQpOffsetCutree:0.00;
in:51 out:52 type:b q:27.24 q-aq:27.08 q-noVbv:27.24 q-Rceq:1.00 tex:2916 mv:4145 misc:1475 icu:2.00 pcu:575.00 scu:719.00 tlayer:2 pbqpoffset:2.88 pbfactor:1.39 avgQpOffsetCutree:0.00;
in:57 out:53 type:k q:24.51 q-aq:17.58 q-noVbv:24.51 q-Rceq:1.00 tex:250024 mv:27842 misc:2982 icu:503.50 pcu:708.50 scu:84.00 tlayer:0 pbqpoffset:0.00 pbfactor:1.00 avgQpOffsetCutree:-6.52;
in:55 out:54 type:B q:26.10 q-aq:23.57 q-noVbv:26.10 q-Rceq:1.00 tex:33903 mv:14155 misc:3318 icu:34.00 pcu:667.75 scu:594.25 tlayer:1 pbqpoffset:1.60 pbfactor:1.20 avgQpOffsetCutree:-2.31;
in:54 out:55 type:B q:26.70 q-aq:26.15 q-noVbv:26.70 q-Rceq:1.00 tex:10254 mv:9065 misc:2513 icu:2.25 pcu:640.75 scu:653.00 tlayer:2 pbqpoffset:2.20 pbfactor:1.29 avgQpOffsetCutree:-0.61;
in:53 out:56 type:b q:27.51 q-aq:28.00 q-noVbv:27.51 q-Rceq:1.00 tex:4689 mv:4013 misc:1314 icu:1.50 pcu:531.00 scu:763.50 tlayer:3 pbqpoffset:3.02 pbfactor:1.42 avgQpOffsetCutree:0.00;
in:56 out:57 type:b q:27.23 q-aq:27.16 q-noVbv:27.23 q-Rceq:1.00 tex:4802 mv:4937 misc:1677 icu:0.00 pcu:578.25 scu:717.75 tlayer:2 pbqpoffset:2.72 pbfactor:1.37 avgQpOffsetCutree:0.00;
in:65 out:58 type:k q:24.10 q-aq:17.58 q-noVbv:24.10 q-Rceq:1.00 tex:415065 mv:37811 misc:2220 icu:857.25 pcu:437.25 scu:1.50 tlayer:0 pbqpoffset:0.00 pbfactor:1.00 avgQpOffsetCutree:-6.84;
in:61 out:59 type:B q:26.50 q-aq:22.44 q-noVbv:26.50 q-Rceq:1.00 tex:106339 mv:19297 misc:3636 icu:241.50 pcu:717.25 scu:337.25 tlayer:1 pbqpoffset:2.19 pbfactor:1.29 avgQpOffsetCutree:-3.79;
in:59 out:60 type:B q:28.11 q-aq:26.01 q-noVbv:28.11 q-Rceq:1.00 tex:19180 mv:11116 misc:2712 icu:29.50 pcu:746.50 scu:520.00 tlayer:2 pbqpoffset:3.70 pbfactor:1.53 avgQpOffsetCutree:-2.00;
in:58 out:61 type:b q:30.18 q-aq:30.00 q-noVbv:30.18 q-Rceq:1.00 tex:4975 mv:3419 misc:1078 icu:1.00 pcu:505.75 scu:789.25 tlayer:3 pbqpoffset:5.72 pbfactor:1.94 avgQpOffsetCutree:0.00;
in:60 out:62 type:b q:29.98 q-aq:30.00 q-noVbv:29.98 q-Rceq:1.00 tex:2053 mv:3330 misc:985 icu:0.00 pcu:555.25 scu:740.75 tlayer:3 pbqpoffset:5.62 pbfactor:1.91 avgQpOffsetCutree:0.00;
in:63 out:63 type:B q:27.70 q-aq:26.76 q-noVbv:27.70 q-Rceq:1.00 tex:13118 mv:7107 misc:2839 icu:4.00 pcu:534.25 scu:757.75 tlayer:2 pbqpoffset:3.50 pbfactor:1.50 avgQpOffsetCutree:-0.80;
in:62 out:64 type:b q:30.14 q-aq:30.00 q-noVbv:30.14 q-Rceq:1.00 tex:1951 mv:3082 misc:903 icu:0.00 pcu:563.75 scu:732.25 tlayer:3 pbqpoffset:5.89 pbfactor:1.97 avgQpOffsetCutree:0.00;
in:64 out:65 type:b q:27.69 q-aq:28.00 q-noVbv:27.69 q-Rceq:1.00 tex:10813 mv:4266 misc:2137 icu:1.25 pcu:408.50 scu:886.25 tlayer:3 pbqpoffset:3.53 pbfactor:1.50 avgQpOffsetCutree:0.00;
in:74 out:66 type:k q:23.79 q-aq:17.03 q-noVbv:23.79 q-Rceq:1.00 tex:343176 mv:39563 misc:2965 icu:605.00 pcu:674.25 scu:16.75 tlayer:0 pbqpoffset:0.54 pbfactor:1.06 avgQpOffsetCutree:-7.03;
in:70 out:67 type:B q:26.25 q-aq:21.69 q-noVbv:26.25 q-Rceq:1.00 tex:93666 mv:22737 misc:3525 icu:273.50 pcu:748.25 scu:274.25 tlayer:1 pbqpoffset:2.32 pbfactor:1.31 avgQpOffsetCutree:-4.11;
in:68 out:68 type:B q:27.10 q-aq:24.85 q-noVbv:27.10 q-Rceq:1.00 tex:29123 mv:15058 misc:3107 icu:13.50 pcu:664.00 scu:618.50 tlayer:2 pbqpoffset:3.10 pbfactor:1.43 avgQpOffsetCutree:-1.81;
in:67 out:69 type:B q:27.75 q-aq:27.30 q-noVbv:27.75 q-Rceq:1.00 tex:7825 mv:8217 misc:2150 icu:4.25 pcu:612.50 scu:679.25 tlayer:3 pbqpoffset:3.72 pbfactor:1.54 avgQpOffsetCutree:-0.61;
in:66 out:70 type:b q:28.94 q-aq:29.00 q-noVbv:28.94 q-Rceq:1.00 tex:3245 mv:3787 misc:1208 icu:0.25 pcu:562.50 scu:733.25 tlayer:4 pbqpoffset:4.87 pbfactor:1.76 avgQpOffsetCutree:0.00;
in:69 out:71 type:b q:28.84 q-aq:29.00 q-noVbv:28.84 q-Rceq:1.00 tex:3319 mv:4426 misc:1391 icu:0.25 pcu:624.25 scu:671.50 tlayer:3 pbqpoffset:4.88 pbfactor:1.76 avgQpOffsetCutree:0.00;
in:72 out:72 type:B q:27.35 q-aq:25.56 q-noVbv:27.35 q-Rceq:1.00 tex:15370 mv:12066 misc:2804 icu:3.75 pcu:677.75 scu:614.50 tlayer:2 pbqpoffset:3.49 pbfactor:1.50 avgQpOffsetCutree:-1.76;
in:71 out:73 type:b q:28.75 q-aq:29.00 q-noVbv:28.75 q-Rceq:1.00 tex:4327 mv:3966 misc:1075 icu:0.00 pcu:657.75 scu:638.25 tlayer:3 pbqpoffset:4.85 pbfactor:1.75 avgQpOffsetCutree:0.00;
in:73 out:74 type:b q:28.45 q-aq:28.58 q-noVbv:28.45 q-Rceq:1.00 tex:2667 mv:4649 misc:1420 icu:1.25 pcu:682.50 scu:612.25 tlayer:3 pbqpoffset:4.63 pbfactor:1.71 avgQpOffsetCutree:0.00;
in:80 out:75 type:k q:24.68 q-aq:18.06 q-noVbv:24.68 q-Rceq:1.00 tex:392653 mv:39451 misc:2320 icu:935.50 pcu:358.75 scu:1.75 tlayer:0 pbqpoffset:0.69 pbfactor:1.08 avgQpOffsetCutree:-7.01;
in:77 out:76 type:B q:26.72 q-aq:22.87 q-noVbv:26.72 q-Rceq:1.00 tex:68239 mv:14684 misc:4053 icu:45.25 pcu:624.00 scu:626.75 tlayer:1 pbqpoffset:2.49 pbfactor:1.33 avgQpOffsetCutree:-3.46;
in:76 out:77 type:B q:27.99 q-aq:27.37 q-noVbv:27.99 q-Rceq:1.00 tex:4502 mv:6165 misc:1765 icu:0.00 pcu:596.75 scu:699.25 tlayer:2 pbqpoffset:3.91 pbfactor:1.57 avgQpOffsetCutree:-0.71;
in:75 out:78 type:b q:28.98 q-aq:29.00 q-noVbv:28.98 q-Rceq:1.00 tex:5365 mv:4422 misc:1373 icu:1.00 pcu:619.75 scu:675.25 tlayer:3 pbqpoffset:5.04 pbfactor:1.79 avgQpOffsetCutree:0.00;
in:79 out:79 type:B q:27.76 q-aq:27.15 q-noVbv:27.76 q-Rceq:1.00 tex:8590 mv:6956 misc:3054 icu:2.00 pcu:590.75 scu:703.25 tlayer:2 pbqpoffset:3.23 pbfactor:1.45 avgQpOffsetCutree:-0.73;
in:78 out:80 type:b q:30.18 q-aq:30.00 q-noVbv:30.18 q-Rceq:1.00 tex:983 mv:2753 misc:936 icu:0.25 pcu:548.75 scu:747.00 tlayer:3 pbqpoffset:5.80 pbfactor:1.95 avgQpOffsetCutree:0.00;
in:85 out:81 type:k q:24.92 q-aq:17.56 q-noVbv:24.92 q-Rceq:1.00 tex:296241 mv:33504 misc:3471 icu:201.75 pcu:785.25 scu:309.00 tlayer:0 pbqpoffset:0.69 pbfactor:1.08 avgQpOffsetCutree:-6.51;
in:83 out:82 type:B q:26.78 q-aq:24.09 q-noVbv:26.78 q-Rceq:1.00 tex:30175 mv:15364 misc:3493 icu:8.25 pcu:705.25 scu:582.50 tlayer:1 pbqpoffset:1.96 pbfactor:1.25 avgQpOffsetCutree:-2.13;
in:82 out:83 type:B q:27.31 q-aq:26.76 q-noVbv:27.31 q-Rceq:1.00 tex:7540 mv:8823 misc:2341 icu:0.25 pcu:671.25 scu:624.50 tlayer:2 pbqpoffset:2.54 pbfactor:1.34 avgQpOffsetCutree:-0.76;
in:81 out:84 type:b q:27.85 q-aq:28.00 q-noVbv:27.85 q-Rceq:1.00 tex:4558 mv:4335 misc:1507 icu:0.00 pcu:629.25 scu:666.75 tlayer:3 pbqpoffset:3.12 pbfactor:1.43 avgQpOffsetCutree:0.00;
in:84 out:85 type:b q:27.98 q-aq:28.00 q-noVbv:27.98 q-Rceq:1.00 tex:3782 mv:5045 misc:1429 icu:0.00 pcu:718.25 scu:577.75 tlayer:2 pbqpoffset:3.11 pbfactor:1.43 avgQpOffsetCutree:0.00;
in:89 out:86 type:k q:24.79 q-aq:17.80 q-noVbv:24.79 q-Rceq:1.00 tex:244680 mv:30130 misc:3662 icu:264.00 pcu:839.00 scu:193.00 tlayer:0 pbqpoffset:1.49 pbfactor:1.19 avgQpOffsetCutree:-6.58;
in:87 out:87 type:B q:26.50 q-aq:24.53 q-noVbv:26.50 q-Rceq:1.00 tex:22264 mv:14588 misc:3084 icu:1.50 pcu:765.75 scu:528.75 tlayer:1 pbqpoffset:1.64 pbfactor:1.21 avgQpOffsetCutree:-1.92;
in:86 out:88 type:b q:27.67 q-aq:28.00 q-noVbv:27.67 q-Rceq:1.00 tex:7648 mv:5502 misc:1698 icu:0.00 pcu:681.00 scu:615.00 tlayer:2 pbqpoffset:2.78 pbfactor:1.38 avgQpOffsetCutree:0.00;
in:88 out:89 type:b q:27.60 q-aq:28.00 q-noVbv:27.60 q-Rceq:1.00 tex:3718 mv:4868 misc:1254 icu:1.25 pcu:734.50 scu:560.25 tlayer:2 pbqpoffset:2.78 pbfactor:1.38 avgQpOffsetCutree:0.00;
in:93 out:90 type:k q:24.99 q-aq:18.23 q-noVbv:24.99 q-Rceq:1.00 tex:241747 mv:29231 misc:3686 icu:301.25 pcu:820.25 scu:174.50 tlayer:0 pbqpoffset:0.55 pbfactor:1.07 avgQpOffsetCutree:-6.60;
in:91 out:91 type:B q:26.55 q-aq:24.86 q-noVbv:26.55 q-Rceq:1.00 tex:20298 mv:15016 misc:3446 icu:13.75 pcu:727.00 scu:555.25 tlayer:1 pbqpoffset:1.66 pbfactor:1.21 avgQpOffsetCutree:-1.70;
in:90 out:92 type:b q:27.60 q-aq:28.00 q-noVbv:27.60 q-Rceq:1.00 tex:4682 mv:5064 misc:1478 icu:1.00 pcu:732.50 scu:562.50 tlayer:2 pbqpoffset:2.76 pbfactor:1.38 avgQpOffsetCutree:0.00;
in:92 out:93 type:b q:27.71 q-aq:28.00 q-noVbv:27.71 q-Rceq:1.00 tex:4002 mv:5402 misc:1508 icu:0.00 pcu:714.00 scu:582.00 tlayer:2 pbqpoffset:2.76 pbfactor:1.38 avgQpOffsetCutree:0.00;
in:99 out:94 type:k q:25.20 q-aq:18.44 q-noVbv:25.20 q-Rceq:1.00 tex:400324 mv:36949 misc:2895 icu:743.25 pcu:547.75 scu:5.00 tlayer:0 pbqpoffset:0.62 pbfactor:1.07 avgQpOffsetCutree:-7.43;
in:96 out:95 type:B q:27.18 q-aq:24.60 q-noVbv:27.18 q-Rceq:1.00 tex:104682 mv:19336 misc:3726 icu:33.00 pcu:728.75 scu:534.25 tlayer:1 pbqpoffset:2.08 pbfactor:1.27 avgQpOffsetCutree:-2.61;
in:95 out:96 type:B q:28.36 q-aq:27.83 q-noVbv:28.36 q-Rceq:1.00 tex:7822 mv:7450 misc:2760 icu:3.75 pcu:632.75 scu:659.50 tlayer:2 pbqpoffset:3.30 pbfactor:1.46 avgQpOffsetCutree:-0.75;
in:94 out:97 type:b q:30.97 q-aq:31.00 q-noVbv:30.97 q-Rceq:1.00 tex:1481 mv:3069 misc:882 icu:0.00 pcu:692.75 scu:603.25 tlayer:3 pbqpoffset:5.94 pbfactor:1.99 avgQpOffsetCutree:0.00;
in:98 out:98 type:B q:28.95 q-aq:28.43 q-noVbv:28.95 q-Rceq:1.00 tex:4390 mv:6851 misc:1775 icu:0.25 pcu:728.25 scu:567.50 tlayer:2 pbqpoffset:3.78 pbfactor:1.55 avgQpOffsetCutree:-0.80;
in:97 out:99 type:b q:30.24 q-aq:30.01 q-noVbv:30.24 q-Rceq:1.00 tex:1965 mv:3821 misc:998 icu:0.00 pcu:720.25 scu:575.75 tlayer:3 pbqpoffset:5.11 pbfactor:1.80 avgQpOffsetCutree:0.00;
in:103 out:100 type:k q:25.42 q-aq:17.95 q-noVbv:25.42 q-Rceq:1.00 tex:239817 mv:30619 misc:4004 icu:214.00 pcu:889.00 scu:193.00 tlayer:0 pbqpoffset:0.62 pbfactor:1.07 avgQpOffsetCutree:-7.11;
in:101 out:101 type:B q:27.27 q-aq:25.36 q-noVbv:27.27 q-Rceq:1.00 tex:17282 mv:14635 misc:3155 icu:0.00 pcu:772.75 scu:523.25 tlayer:1 pbqpoffset:1.96 pbfactor:1.25 avgQpOffsetCutree:-1.81;
in:100 out:102 type:b q:28.31 q-aq:28.21 q-noVbv:28.31 q-Rceq:1.00 tex:6828 mv:5697 misc:1539 icu:0.00 pcu:774.25 scu:521.75 tlayer:2 pbqpoffset:3.06 pbfactor:1.42 avgQpOffsetCutree:0.00;
in:102 out:103 type:b q:28.42 q-aq:28.69 q-noVbv:28.42 q-Rceq:1.00 tex:3794 mv:5642 misc:1396 icu:0.00 pcu:782.25 scu:513.75 tlayer:2 pbqpoffset:3.06 pbfactor:1.42 avgQpOffsetCutree:0.00;
in:108 out:104 type:k q:25.62 q-aq:18.55 q-noVbv:25.62 q-Rceq:1.00 tex:246761 mv:32353 misc:3854 icu:115.25 pcu:881.50 scu:299.25 tlayer:0 pbqpoffset:0.61 pbfactor:1.07 avgQpOffsetCutree:-6.66;
in:106 out:105 type:B q:27.82 q-aq:25.29 q-noVbv:27.82 q-Rceq:1.00 tex:18045 mv:15551 misc:3340 icu:2.50 pcu:785.75 scu:507.75 tlayer:1 pbqpoffset:2.28 pbfactor:1.30 avgQpOffsetCutree:-2.32;
in:105 out:106 type:B q:28.17 q-aq:27.58 q-noVbv:28.17 q-Rceq:1.00 tex:9751 mv:10765 misc:2412 icu:4.50 pcu:815.25 scu:476.25 tlayer:2 pbqpoffset:2.67 pbfactor:1.36 avgQpOffsetCutree:-0.84;
in:104 out:107 type:b q:29.01 q-aq:29.00 q-noVbv:29.01 q-Rceq:1.00 tex:6554 mv:5442 misc:1468 icu:2.00 pcu:763.00 scu:531.00 tlayer:3 pbqpoffset:3.55 pbfactor:1.51 avgQpOffsetCutree:0.00;
in:107 out:108 type:b q:29.58 q-aq:30.00 q-noVbv:29.58 q-Rceq:1.00 tex:1955 mv:3796 misc:881 icu:0.00 pcu:797.25 scu:498.75 tlayer:2 pbqpoffset:4.00 pbfactor:1.59 avgQpOffsetCutree:0.00;
in:113 out:109 type:k q:26.16 q-aq:19.74 q-noVbv:26.16 q-Rceq:1.00 tex:411882 mv:39178 misc:2764 icu:767.25 pcu:526.25 scu:2.50 tlayer:0 pbqpoffset:0.61 pbfactor:1.07 avgQpOffsetCutree:-7.22;
in:111 out:110 type:B q:28.69 q-aq:27.18 q-noVbv:28.69 q-Rceq:1.00 tex:17230 mv:13851 misc:4199 icu:10.25 pcu:716.25 scu:569.50 tlayer:1 pbqpoffset:2.75 pbfactor:1.37 avgQpOffsetCutree:-1.36;
in:110 out:111 type:B q:29.72 q-aq:29.59 q-noVbv:29.72 q-Rceq:1.00 tex:2478 mv:5924 misc:1350 icu:0.00 pcu:785.75 scu:510.25 tlayer:2 pbqpoffset:3.88 pbfactor:1.57 avgQpOffsetCutree:-0.82;
in:109 out:112 type:b q:31.92 q-aq:32.00 q-noVbv:31.92 q-Rceq:1.00 tex:1381 mv:3310 misc:717 icu:0.00 pcu:786.50 scu:509.50 tlayer:3 pbqpoffset:6.19 pbfactor:2.04 avgQpOffsetCutree:0.00;
in:112 out:113 type:b q:29.55 q-aq:30.00 q-noVbv:29.55 q-Rceq:1.00 tex:4167 mv:4046 misc:1699 icu:2.75 pcu:653.25 scu:640.00 tlayer:2 pbqpoffset:3.50 pbfactor:1.50 avgQpOffsetCutree:0.00;
in:118 out:114 type:k q:25.68 q-aq:18.32 q-noVbv:25.68 q-Rceq:1.00 tex:292500 mv:34555 misc:3849 icu:134.75 pcu:909.00 scu:252.25 tlayer:0 pbqpoffset:0.45 pbfactor:1.05 avgQpOffsetCutree:-6.99;
in:116 out:115 type:B q:27.99 q-aq:25.24 q-noVbv:27.99 q-Rceq:1.00 tex:22042 mv:17669 misc:3529 icu:4.50 pcu:782.00 scu:509.50 tlayer:1 pbqpoffset:2.12 pbfactor:1.28 avgQpOffsetCutree:-2.42;
in:115 out:116 type:B q:28.67 q-aq:27.88 q-noVbv:28.67 q-Rceq:1.00 tex:6980 mv:9741 misc:2215 icu:0.75 pcu:795.25 scu:500.00 tlayer:2 pbqpoffset:2.70 pbfactor:1.37 avgQpOffsetCutree:-0.96;
in:114 out:117 type:b q:29.43 q-aq:29.43 q-noVbv:29.43 q-Rceq:1.00 tex:7852 mv:6392 misc:1508 icu:0.00 pcu:803.50 scu:492.50 tlayer:3 pbqpoffset:3.37 pbfactor:1.48 avgQpOffsetCutree:0.00;
in:117 out:118 type:b q:29.29 q-aq:29.10 q-noVbv:29.29 q-Rceq:1.00 tex:2607 mv:4875 misc:1222 icu:1.00 pcu:825.75 scu:469.25 tlayer:2 pbqpoffset:3.51 pbfactor:1.50 avgQpOffsetCutree:0.00;
in:122 out:119 type:k q:25.28 q-aq:18.19 q-noVbv:25.28 q-Rceq:1.00 tex:240747 mv:33090 misc:3859 icu:170.75 pcu:935.75 scu:189.50 tlayer:0 pbqpoffset:0.70 pbfactor:1.08 avgQpOffsetCutree:-6.87;
in:120 out:120 type:B q:27.35 q-aq:25.52 q-noVbv:27.35 q-Rceq:1.00 tex:14941 mv:15724 misc:3423 icu:2.25 pcu:871.50 scu:422.25 tlayer:1 pbqpoffset:1.87 pbfactor:1.24 avgQpOffsetCutree:-1.86;
in:119 out:121 type:b q:28.46 q-aq:28.61 q-noVbv:28.46 q-Rceq:1.00 tex:4730 mv:5205 misc:1537 icu:0.00 pcu:836.00 scu:460.00 tlayer:2 pbqpoffset:2.88 pbfactor:1.39 avgQpOffsetCutree:0.00;
in:121 out:122 type:b q:28.26 q-aq:28.13 q-noVbv:28.26 q-Rceq:1.00 tex:3910 mv:5923 misc:1575 icu:0.00 pcu:802.25 scu:493.75 tlayer:2 pbqpoffset:2.88 pbfactor:1.39 avgQpOffsetCutree:0.00;
in:128 out:123 type:k q:25.38 q-aq:19.05 q-noVbv:25.38 q-Rceq:1.00 tex:433438 mv:44774 misc:2356 icu:932.00 pcu:362.50 scu:1.50 tlayer:0 pbqpoffset:0.41 pbfactor:1.05 avgQpOffsetCutree:-7.29;
in:125 out:124 type:B q:28.07 q-aq:24.11 q-noVbv:28.07 q-Rceq:1.00 tex:64323 mv:20323 misc:4810 icu:60.50 pcu:834.50 scu:401.00 tlayer:1 pbqpoffset:2.73 pbfactor:1.37 avgQpOffsetCutree:-3.63;
in:124 out:125 type:B q:29.21 q-aq:28.81 q-noVbv:29.21 q-Rceq:1.00 tex:4910 mv:6876 misc:1718 icu:1.00 pcu:825.50 scu:469.50 tlayer:2 pbqpoffset:3.89 pbfactor:1.57 avgQpOffsetCutree:-0.93;
in:123 out:126 type:b q:31.63 q-aq:32.00 q-noVbv:31.63 q-Rceq:1.00 tex:1871 mv:4054 misc:899 icu:0.25 pcu:839.00 scu:456.75 tlayer:3 pbqpoffset:6.33 pbfactor:2.08 avgQpOffsetCutree:0.00;
in:127 out:127 type:B q:28.97 q-aq:28.48 q-noVbv:28.97 q-Rceq:1.00 tex:9461 mv:8781 misc:3102 icu:3.75 pcu:744.50 scu:547.75 tlayer:2 pbqpoffset:3.60 pbfactor:1.52 avgQpOffsetCutree:-0.87;
in:126 out:128 type:b q:32.24 q-aq:32.15 q-noVbv:32.24 q-Rceq:1.00 tex:1386 mv:3490 misc:796 icu:0.00 pcu:863.50 scu:432.50 tlayer:3 pbqpoffset:6.89 pbfactor:2.22 avgQpOffsetCutree:0.00;
in:135 out:129 type:k q:25.04 q-aq:18.14 q-noVbv:25.04 q-Rceq:1.00 tex:371631 mv:46236 misc:3581 icu:232.00 pcu:922.00 scu:142.00 tlayer:0 pbqpoffset:0.89 pbfactor:1.11 avgQpOffsetCutree:-7.33;
in:132 out:130 type:B q:27.92 q-aq:24.03 q-noVbv:27.92 q-Rceq:1.00 tex:55318 mv:23657 misc:4265 icu:5.25 pcu:825.75 scu:465.00 tlayer:1 pbqpoffset:2.74 pbfactor:1.37 avgQpOffsetCutree:-3.34;
in:130 out:131 type:B q:28.77 q-aq:26.75 q-noVbv:28.77 q-Rceq:1.00 tex:14890 mv:14073 misc:3213 icu:0.50 pcu:843.75 scu:451.75 tlayer:2 pbqpoffset:3.49 pbfactor:1.50 avgQpOffsetCutree:-2.02;
in:129 out:132 type:b q:29.91 q-aq:30.00 q-noVbv:29.91 q-Rceq:1.00 tex:3228 mv:3899 misc:1025 icu:0.00 pcu:848.50 scu:447.50 tlayer:3 pbqpoffset:4.58 pbfactor:1.70 avgQpOffsetCutree:0.00;
in:131 out:133 type:b q:29.91 q-aq:30.00 q-noVbv:29.91 q-Rceq:1.00 tex:3244 mv:4478 misc:1062 icu:0.00 pcu:837.50 scu:458.50 tlayer:3 pbqpoffset:4.67 pbfactor:1.72 avgQpOffsetCutree:0.00;
in:134 out:134 type:B q:28.77 q-aq:28.43 q-noVbv:28.77 q-Rceq:1.00 tex:5676 mv:8449 misc:1979 icu:0.50 pcu:859.75 scu:435.75 tlayer:2 pbqpoffset:3.68 pbfactor:1.53 avgQpOffsetCutree:-0.90;
in:133 out:135 type:b q:29.91 q-aq:30.00 q-noVbv:29.91 q-Rceq:1.00 tex:2721 mv:4046 misc:1073 icu:0.00 pcu:838.00 scu:458.00 tlayer:3 pbqpoffset:4.77 pbfactor:1.74 avgQpOffsetCutree:0.00;
in:139 out:136 type:k q:25.28 q-aq:18.33 q-noVbv:25.28 q-Rceq:1.00 tex:240352 mv:33673 misc:4295 icu:129.25 pcu:947.25 scu:219.50 tlayer:0 pbqpoffset:0.91 pbfactor:1.11 avgQpOffsetCutree:-6.87;
in:137 out:137 type:B q:27.01 q-aq:25.19 q-noVbv:27.01 q-Rceq:1.00 tex:16191 mv:15835 misc:3318 icu:4.25 pcu:845.50 scu:446.25 tlayer:1 pbqpoffset:1.85 pbfactor:1.24 avgQpOffsetCutree:-1.83;
in:136 out:138 type:b q:28.08 q-aq:28.04 q-noVbv:28.08 q-Rceq:1.00 tex:7497 mv:6142 misc:1521 icu:0.00 pcu:887.50 scu:408.50 tlayer:2 pbqpoffset:2.98 pbfactor:1.41 avgQpOffsetCutree:0.00;
in:138 out:139 type:b q:28.20 q-aq:28.06 q-noVbv:28.20 q-Rceq:1.00 tex:4885 mv:6069 misc:1510 icu:0.00 pcu:869.25 scu:426.75 tlayer:2 pbqpoffset:2.98 pbfactor:1.41 avgQpOffsetCutree:0.00;
in:145 out:140 type:k q:26.06 q-aq:19.54 q-noVbv:26.06 q-Rceq:1.00 tex:466307 mv:42484 misc:3209 icu:732.00 pcu:562.00 scu:2.00 tlayer:0 pbqpoffset:0.75 pbfactor:1.09 avgQpOffsetCutree:-7.55;
in:142 out:141 type:B q:28.72 q-aq:25.67 q-noVbv:28.72 q-Rceq:1.00 tex:26101 mv:16384 misc:4611 icu:21.75 pcu:820.75 scu:453.50 tlayer:1 pbqpoffset:3.05 pbfactor:1.42 avgQpOffsetCutree:-2.72;
in:141 out:142 type:B q:29.43 q-aq:28.88 q-noVbv:29.43 q-Rceq:1.00 tex:2523 mv:6807 misc:1350 icu:0.00 pcu:939.25 scu:356.75 tlayer:2 pbqpoffset:3.89 pbfactor:1.57 avgQpOffsetCutree:-0.94;
in:140 out:143 type:b q:32.26 q-aq:32.15 q-noVbv:32.26 q-Rceq:1.00 tex:1298 mv:3588 misc:810 icu:0.00 pcu:809.75 scu:486.25 tlayer:3 pbqpoffset:6.86 pbfactor:2.21 avgQpOffsetCutree:0.00;
in:144 out:144 type:B q:28.84 q-aq:29.78 q-noVbv:28.84 q-Rceq:1.00 tex:5256 mv:4210 misc:1974 icu:1.50 pcu:693.50 scu:601.00 tlayer:2 pbqpoffset:2.91 pbfactor:1.40 avgQpOffsetCutree:-0.15;
in:143 out:145 type:b q:30.44 q-aq:30.55 q-noVbv:30.44 q-Rceq:1.00 tex:1367 mv:2942 misc:1539 icu:5.00 pcu:661.50 scu:629.50 tlayer:3 pbqpoffset:4.64 pbfactor:1.71 avgQpOffsetCutree:0.00;
in:152 out:146 type:k q:25.32 q-aq:18.05 q-noVbv:25.32 q-Rceq:1.00 tex:355847 mv:44075 misc:3878 icu:268.50 pcu:985.25 scu:42.25 tlayer:0 pbqpoffset:0.51 pbfactor:1.06 avgQpOffsetCutree:-7.59;
in:149 out:147 type:B q:28.12 q-aq:24.24 q-noVbv:28.12 q-Rceq:1.00 tex:46831 mv:23573 misc:4108 icu:8.75 pcu:895.50 scu:391.75 tlayer:1 pbqpoffset:2.48 pbfactor:1.33 avgQpOffsetCutree:-3.33;
in:147 out:148 type:B q:28.87 q-aq:27.04 q-noVbv:28.87 q-Rceq:1.00 tex:10889 mv:13915 misc:2948 icu:1.50 pcu:891.50 scu:403.00 tlayer:2 pbqpoffset:3.02 pbfactor:1.42 avgQpOffsetCutree:-1.93;
in:146 out:149 type:b q:30.16 q-aq:30.00 q-noVbv:30.16 q-Rceq:1.00 tex:5700 mv:5049 misc:1107 icu:0.00 pcu:871.00 scu:425.00 tlayer:3 pbqpoffset:4.21 pbfactor:1.63 avgQpOffsetCutree:0.00;
in:148 out:150 type:b q:29.93 q-aq:30.00 q-noVbv:29.93 q-Rceq:1.00 tex:2706 mv:4534 misc:984 icu:0.00 pcu:908.75 scu:387.25 tlayer:3 pbqpoffset:4.18 pbfactor:1.62 avgQpOffsetCutree:0.00;
in:151 out:151 type:B q:28.92 q-aq:28.33 q-noVbv:28.92 q-Rceq:1.00 tex:5141 mv:7194 misc:2009 icu:4.00 pcu:874.75 scu:417.25 tlayer:2 pbqpoffset:3.50 pbfactor:1.50 avgQpOffsetCutree:-0.97;
in:150 out:152 type:b q:29.77 q-aq:30.00 q-noVbv:29.77 q-Rceq:1.00 tex:3107 mv:4730 misc:1219 icu:1.00 pcu:875.25 scu:419.75 tlayer:3 pbqpoffset:4.24 pbfactor:1.63 avgQpOffsetCutree:0.00;
in:159 out:153 type:k q:25.16 q-aq:18.95 q-noVbv:25.16 q-Rceq:1.00 tex:305506 mv:37834 misc:4212 icu:150.50 pcu:997.25 scu:148.25 tlayer:0 pbqpoffset:0.78 pbfactor:1.09 avgQpOffsetCutree:-6.82;
in:156 out:154 type:B q:27.39 q-aq:23.54 q-noVbv:27.39 q-Rceq:1.00 tex:53084 mv:23809 misc:4339 icu:11.75 pcu:856.25 scu:428.00 tlayer:1 pbqpoffset:2.16 pbfactor:1.28 avgQpOffsetCutree:-3.41;
in:154 out:155 type:B q:28.00 q-aq:26.08 q-noVbv:28.00 q-Rceq:1.00 tex:18862 mv:14656 misc:3250 icu:2.25 pcu:901.25 scu:392.50 tlayer:2 pbqpoffset:2.73 pbfactor:1.37 avgQpOffsetCutree:-1.96;
in:153 out:156 type:b q:29.32 q-aq:29.18 q-noVbv:29.32 q-Rceq:1.00 tex:5764 mv:4961 misc:1491 icu:0.00 pcu:892.50 scu:403.50 tlayer:3 pbqpoffset:4.03 pbfactor:1.59 avgQpOffsetCutree:0.00;
in:155 out:157 type:b q:29.20 q-aq:29.02 q-noVbv:29.20 q-Rceq:1.00 tex:4429 mv:5317 misc:1470 icu:0.00 pcu:861.00 scu:435.00 tlayer:3 pbqpoffset:3.95 pbfactor:1.58 avgQpOffsetCutree:0.00;
in:158 out:158 type:B q:28.32 q-aq:27.48 q-noVbv:28.32 q-Rceq:1.00 tex:3131 mv:6582 misc:1735 icu:0.50 pcu:790.50 scu:505.00 tlayer:2 pbqpoffset:3.14 pbfactor:1.44 avgQpOffsetCutree:-1.04;
in:157 out:159 type:b q:29.25 q-aq:29.00 q-noVbv:29.25 q-Rceq:1.00 tex:3823 mv:5362 misc:1311 icu:0.00 pcu:893.25 scu:402.75 tlayer:3 pbqpoffset:4.05 pbfactor:1.60 avgQpOffsetCutree:0.00;
in:166 out:160 type:k q:25.88 q-aq:18.96 q-noVbv:25.88 q-Rceq:1.00 tex:451839 mv:37892 misc:3077 icu:635.50 pcu:657.25 scu:3.25 tlayer:0 pbqpoffset:0.55 pbfactor:1.07 avgQpOffsetCutree:-8.05;
in:163 out:161 type:B q:28.12 q-aq:23.32 q-noVbv:28.12 q-Rceq:1.00 tex:98355 mv:21880 misc:5029 icu:36.25 pcu:912.00 scu:347.75 tlayer:1 pbqpoffset:2.55 pbfactor:1.34 avgQpOffsetCutree:-4.38;
in:161 out:162 type:B q:28.13 q-aq:25.42 q-noVbv:28.13 q-Rceq:1.00 tex:67769 mv:16795 misc:4604 icu:8.00 pcu:857.00 scu:431.00 tlayer:2 pbqpoffset:2.76 pbfactor:1.38 avgQpOffsetCutree:-2.54;
in:160 out:163 type:b q:29.07 q-aq:29.05 q-noVbv:29.07 q-Rceq:1.00 tex:21345 mv:5988 misc:2835 icu:1.50 pcu:736.75 scu:557.75 tlayer:3 pbqpoffset:3.80 pbfactor:1.55 avgQpOffsetCutree:0.00;
in:162 out:164 type:b q:31.64 q-aq:32.00 q-noVbv:31.64 q-Rceq:1.00 tex:938 mv:3117 misc:761 icu:0.00 pcu:800.25 scu:495.75 tlayer:3 pbqpoffset:6.17 pbfactor:2.04 avgQpOffsetCutree:0.00;
in:165 out:165 type:B q:29.82 q-aq:29.08 q-noVbv:29.82 q-Rceq:1.00 tex:3558 mv:6051 misc:1543 icu:0.25 pcu:877.50 scu:418.25 tlayer:2 pbqpoffset:4.04 pbfactor:1.60 avgQpOffsetCutree:-0.99;
in:164 out:166 type:b q:31.51 q-aq:32.00 q-noVbv:31.51 q-Rceq:1.00 tex:1126 mv:3570 misc:784 icu:0.00 pcu:904.25 scu:391.75 tlayer:3 pbqpoffset:5.84 pbfactor:1.96 avgQpOffsetCutree:0.00;
in:176 out:167 type:k q:26.08 q-aq:20.11 q-noVbv:26.08 q-Rceq:1.00 tex:477725 mv:54989 misc:2470 icu:975.25 pcu:318.50 scu:2.25 tlayer:0 pbqpoffset:0.52 pbfactor:1.06 avgQpOffsetCutree:-7.53;
in:171 out:168 type:B q:29.44 q-aq:23.78 q-noVbv:29.44 q-Rceq:1.00 tex:115084 mv:27712 misc:4660 icu:50.50 pcu:1014.25 scu:231.25 tlayer:1 pbqpoffset:3.46 pbfactor:1.49 avgQpOffsetCutree:-5.17;
in:169 out:169 type:B q:30.44 q-aq:28.02 q-noVbv:30.44 q-Rceq:1.00 tex:15107 mv:12795 misc:2810 icu:0.50 pcu:957.00 scu:338.50 tlayer:2 pbqpoffset:4.50 pbfactor:1.68 avgQpOffsetCutree:-2.31;
in:168 out:170 type:B q:30.42 q-aq:29.74 q-noVbv:30.42 q-Rceq:1.00 tex:5551 mv:7941 misc:1924 icu:2.00 pcu:944.25 scu:349.75 tlayer:3 pbqpoffset:4.50 pbfactor:1.68 avgQpOffsetCutree:-1.04;
in:167 out:171 type:b q:33.40 q-aq:33.01 q-noVbv:33.40 q-Rceq:1.00 tex:1662 mv:3244 misc:774 icu:0.25 pcu:853.00 scu:442.75 tlayer:4 pbqpoffset:7.50 pbfactor:2.38 avgQpOffsetCutree:0.00;
in:170 out:172 type:b q:33.46 q-aq:33.51 q-noVbv:33.46 q-Rceq:1.00 tex:540 mv:2915 misc:649 icu:0.00 pcu:829.50 scu:466.50 tlayer:3 pbqpoffset:7.50 pbfactor:2.38 avgQpOffsetCutree:0.00;
in:174 out:173 type:B q:30.53 q-aq:27.63 q-noVbv:30.53 q-Rceq:1.00 tex:20091 mv:12931 misc:4954 icu:14.00 pcu:852.00 scu:430.00 tlayer:2 pbqpoffset:4.50 pbfactor:1.68 avgQpOffsetCutree:-2.68;
in:173 out:174 type:B q:30.51 q-aq:30.27 q-noVbv:30.51 q-Rceq:1.00 tex:1850 mv:5364 misc:1354 icu:0.25 pcu:879.75 scu:416.00 tlayer:3 pbqpoffset:4.50 pbfactor:1.68 avgQpOffsetCutree:-1.00;
in:172 out:175 type:b q:33.49 q-aq:33.86 q-noVbv:33.49 q-Rceq:1.00 tex:748 mv:3079 misc:693 icu:0.25 pcu:812.00 scu:483.75 tlayer:4 pbqpoffset:7.50 pbfactor:2.38 avgQpOffsetCutree:0.00;
in:175 out:176 type:b q:32.58 q-aq:33.00 q-noVbv:32.58 q-Rceq:1.00 tex:1164 mv:2586 misc:1250 icu:1.00 pcu:652.50 scu:642.50 tlayer:3 pbqpoffset:6.53 pbfactor:2.13 avgQpOffsetCutree:0.00;
in:181 out:177 type:k q:27.18 q-aq:19.64 q-noVbv:27.18 q-Rceq:1.00 tex:368749 mv:37919 misc:4620 icu:163.50 pcu:1043.75 scu:88.75 tlayer:0 pbqpoffset:0.88 pbfactor:1.11 avgQpOffsetCutree:-8.04;
in:179 out:178 type:B q:29.22 q-aq:26.77 q-noVbv:29.22 q-Rceq:1.00 tex:38381 mv:18342 misc:4333 icu:29.00 pcu:1021.75 scu:245.25 tlayer:1 pbqpoffset:2.48 pbfactor:1.33 avgQpOffsetCutree:-2.36;
in:178 out:179 type:B q:29.54 q-aq:29.09 q-noVbv:29.54 q-Rceq:1.00 tex:16994 mv:9288 misc:2222 icu:1.25 pcu:955.50 scu:339.25 tlayer:2 pbqpoffset:3.03 pbfactor:1.42 avgQpOffsetCutree:-0.93;
in:177 out:180 type:b q:29.89 q-aq:30.00 q-noVbv:29.89 q-Rceq:1.00 tex:3968 mv:3806 misc:1554 icu:1.00 pcu:826.50 scu:468.50 tlayer:3 pbqpoffset:3.60 pbfactor:1.52 avgQpOffsetCutree:0.00;
in:180 out:181 type:b q:30.55 q-aq:31.00 q-noVbv:30.55 q-Rceq:1.00 tex:3134 mv:5338 misc:1480 icu:12.00 pcu:873.00 scu:411.00 tlayer:2 pbqpoffset:3.60 pbfactor:1.52 avgQpOffsetCutree:0.00;
in:192 out:182 type:k q:26.68 q-aq:20.92 q-noVbv:26.68 q-Rceq:1.00 tex:494824 mv:53917 misc:2467 icu:1086.25 pcu:208.75 scu:1.00 tlayer:0 pbqpoffset:0.89 pbfactor:1.11 avgQpOffsetCutree:-7.73;
in:187 out:183 type:B q:30.59 q-aq:24.92 q-noVbv:30.59 q-Rceq:1.00 tex:139922 mv:29337 misc:5101 icu:84.50 pcu:1037.25 scu:174.25 tlayer:1 pbqpoffset:3.69 pbfactor:1.53 avgQpOffsetCutree:-5.38;
in:184 out:184 type:B q:31.54 q-aq:27.79 q-noVbv:31.54 q-Rceq:1.00 tex:16434 mv:17811 misc:3795 icu:2.75 pcu:916.00 scu:377.25 tlayer:2 pbqpoffset:4.50 pbfactor:1.68 avgQpOffsetCutree:-3.23;
in:183 out:185 type:B q:31.59 q-aq:30.89 q-noVbv:31.59 q-Rceq:1.00 tex:3269 mv:6402 misc:1537 icu:2.00 pcu:885.25 scu:408.75 tlayer:3 pbqpoffset:4.50 pbfactor:1.68 avgQpOffsetCutree:-1.09;
in:182 out:186 type:b q:34.63 q-aq:35.00 q-noVbv:34.63 q-Rceq:1.00 tex:722 mv:3236 misc:858 icu:0.00 pcu:743.50 scu:552.50 tlayer:4 pbqpoffset:7.50 pbfactor:2.38 avgQpOffsetCutree:0.00;
in:186 out:187 type:B q:31.45 q-aq:31.00 q-noVbv:31.45 q-Rceq:1.00 tex:1090 mv:5570 misc:1076 icu:0.00 pcu:947.25 scu:348.75 tlayer:3 pbqpoffset:4.50 pbfactor:1.68 avgQpOffsetCutree:-1.03;
in:185 out:188 type:b q:34.49 q-aq:34.50 q-noVbv:34.49 q-Rceq:1.00 tex:475 mv:2954 misc:683 icu:0.00 pcu:857.25 scu:438.75 tlayer:4 pbqpoffset:7.50 pbfactor:2.38 avgQpOffsetCutree:0.00;
in:190 out:189 type:B q:31.27 q-aq:28.24 q-noVbv:31.27 q-Rceq:1.00 tex:23456 mv:13704 misc:4904 icu:20.75 pcu:804.50 scu:470.75 tlayer:2 pbqpoffset:4.50 pbfactor:1.68 avgQpOffsetCutree:-2.73;
in:189 out:190 type:B q:31.31 q-aq:30.64 q-noVbv:31.31 q-Rceq:1.00 tex:1084 mv:5480 misc:1556 icu:0.00 pcu:859.25 scu:436.75 tlayer:3 pbqpoffset:4.50 pbfactor:1.68 avgQpOffsetCutree:-0.98;
in:188 out:191 type:b q:34.36 q-aq:34.00 q-noVbv:34.36 q-Rceq:1.00 tex:511 mv:3158 misc:707 icu:0.00 pcu:866.75 scu:429.25 tlayer:4 pbqpoffset:7.50 pbfactor:2.38 avgQpOffsetCutree:0.00;
in:191 out:192 type:b q:33.39 q-aq:33.31 q-noVbv:33.39 q-Rceq:1.00 tex:1035 mv:2942 misc:1503 icu:9.25 pcu:617.00 scu:669.75 tlayer:3 pbqpoffset:6.67 pbfactor:2.16 avgQpOffsetCutree:0.00;
in:202 out:193 type:k q:25.55 q-aq:19.44 q-noVbv:25.55 q-Rceq:1.00 tex:492294 mv:50919 misc:3731 icu:281.50 pcu:981.75 scu:32.75 tlayer:0 pbqpoffset:0.65 pbfactor:1.08 avgQpOffsetCutree:-7.45;
in:197 out:194 type:B q:29.33 q-aq:24.55 q-noVbv:29.33 q-Rceq:1.00 tex:135726 mv:31199 misc:5043 icu:5.25 pcu:982.25 scu:308.50 tlayer:1 pbqpoffset:3.21 pbfactor:1.45 avgQpOffsetCutree:-4.49;
in:195 out:195 type:B q:30.42 q-aq:27.90 q-noVbv:30.42 q-Rceq:1.00 tex:27342 mv:18011 misc:3767 icu:0.75 pcu:1001.00 scu:294.25 tlayer:2 pbqpoffset:4.08 pbfactor:1.60 avgQpOffsetCutree:-2.38;
in:194 out:196 type:B q:31.16 q-aq:30.44 q-noVbv:31.16 q-Rceq:1.00 tex:8312 mv:7415 misc:1617 icu:0.25 pcu:1029.00 scu:266.75 tlayer:3 pbqpoffset:4.71 pbfactor:1.72 avgQpOffsetCutree:-1.10;
in:193 out:197 type:b q:31.91 q-aq:32.00 q-noVbv:31.91 q-Rceq:1.00 tex:2811 mv:3916 misc:1201 icu:0.00 pcu:912.50 scu:383.50 tlayer:4 pbqpoffset:5.35 pbfactor:1.85 avgQpOffsetCutree:0.00;
in:196 out:198 type:b q:31.57 q-aq:32.00 q-noVbv:31.57 q-Rceq:1.00 tex:2330 mv:4387 misc:1059 icu:0.25 pcu:942.50 scu:353.25 tlayer:3 pbqpoffset:5.34 pbfactor:1.85 avgQpOffsetCutree:0.00;
in:200 out:199 type:B q:29.75 q-aq:27.21 q-noVbv:29.75 q-Rceq:1.00 tex:27009 mv:18296 misc:4103 icu:2.50 pcu:936.00 scu:357.50 tlayer:2 pbqpoffset:3.97 pbfactor:1.58 avgQpOffsetCutree:-2.42;
in:199 out:200 type:B q:30.48 q-aq:29.76 q-noVbv:30.48 q-Rceq:1.00 tex:5605 mv:8245 misc:1982 icu:0.00 pcu:929.50 scu:366.50 tlayer:3 pbqpoffset:4.59 pbfactor:1.70 avgQpOffsetCutree:-1.20;
in:198 out:201 type:b q:31.34 q-aq:31.18 q-noVbv:31.34 q-Rceq:1.00 tex:5465 mv:5714 misc:1277 icu:0.00 pcu:978.50 scu:317.50 tlayer:4 pbqpoffset:5.34 pbfactor:1.85 avgQpOffsetCutree:0.00;
in:201 out:202 type:b q:31.49 q-aq:31.80 q-noVbv:31.49 q-Rceq:1.00 tex:2828 mv:4057 misc:1139 icu:0.50 pcu:886.25 scu:409.25 tlayer:3 pbqpoffset:5.83 pbfactor:1.96 avgQpOffsetCutree:0.00;
in:216 out:203 type:k q:26.89 q-aq:23.14 q-noVbv:26.89 q-Rceq:1.00 tex:414170 mv:27656 misc:2990 icu:552.25 pcu:738.25 scu:5.50 tlayer:0 pbqpoffset:1.05 pbfactor:1.13 avgQpOffsetCutree:-5.66;
in:209 out:204 type:B q:29.11 q-aq:24.45 q-noVbv:29.11 q-Rceq:1.00 tex:248622 mv:19055 misc:4819 icu:60.50 pcu:1014.50 scu:221.00 tlayer:1 pbqpoffset:2.88 pbfactor:1.40 avgQpOffsetCutree:-4.82;
in:206 out:205 type:B q:29.61 q-aq:26.07 q-noVbv:29.61 q-Rceq:1.00 tex:48880 mv:15553 misc:5463 icu:8.00 pcu:862.50 scu:425.50 tlayer:2 pbqpoffset:3.67 pbfactor:1.53 avgQpOffsetCutree:-3.32;
in:204 out:206 type:B q:30.33 q-aq:28.63 q-noVbv:30.33 q-Rceq:1.00 tex:3530 mv:7919 misc:1943 icu:0.25 pcu:981.75 scu:314.00 tlayer:3 pbqpoffset:4.59 pbfactor:1.70 avgQpOffsetCutree:-1.87;
in:203 out:207 type:b q:33.24 q-aq:33.00 q-noVbv:33.24 q-Rceq:1.00 tex:1421 mv:3170 misc:833 icu:0.00 pcu:857.50 scu:438.50 tlayer:4 pbqpoffset:7.59 pbfactor:2.40 avgQpOffsetCutree:0.00;
in:205 out:208 type:b q:33.43 q-aq:33.58 q-noVbv:33.43 q-Rceq:1.00 tex:561 mv:2763 misc:700 icu:0.00 pcu:830.75 scu:465.25 tlayer:4 pbqpoffset:7.59 pbfactor:2.40 avgQpOffsetCutree:0.00;
in:208 out:209 type:B q:29.61 q-aq:30.71 q-noVbv:29.61 q-Rceq:1.00 tex:12917 mv:3239 misc:2060 icu:0.50 pcu:538.25 scu:757.25 tlayer:3 pbqpoffset:3.48 pbfactor:1.50 avgQpOffsetCutree:-0.16;
in:207 out:210 type:b q:31.70 q-aq:32.00 q-noVbv:31.70 q-Rceq:1.00 tex:1173 mv:1690 misc:1177 icu:0.00 pcu:574.75 scu:721.25 tlayer:4 pbqpoffset:5.67 pbfactor:1.93 avgQpOffsetCutree:0.00;
in:213 out:211 type:B q:30.93 q-aq:27.26 q-noVbv:30.93 q-Rceq:1.00 tex:5218 mv:7964 misc:2506 icu:0.00 pcu:898.25 scu:397.75 tlayer:2 pbqpoffset:4.33 pbfactor:1.65 avgQpOffsetCutree:-3.22;
in:211 out:212 type:B q:31.00 q-aq:29.69 q-noVbv:31.00 q-Rceq:1.00 tex:2113 mv:5844 misc:1555 icu:0.00 pcu:956.00 scu:340.00 tlayer:3 pbqpoffset:4.59 pbfactor:1.70 avgQpOffsetCutree:-1.60;
in:210 out:213 type:b q:32.95 q-aq:33.00 q-noVbv:32.95 q-Rceq:1.00 tex:1022 mv:2765 misc:813 icu:0.00 pcu:772.25 scu:523.75 tlayer:4 pbqpoffset:6.64 pbfactor:2.15 avgQpOffsetCutree:0.00;
in:212 out:214 type:b q:32.57 q-aq:33.00 q-noVbv:32.57 q-Rceq:1.00 tex:156 mv:2085 misc:655 icu:0.00 pcu:575.75 scu:720.25 tlayer:4 pbqpoffset:6.07 pbfactor:2.02 avgQpOffsetCutree:0.00;
in:215 out:215 type:B q:31.38 q-aq:29.66 q-noVbv:31.38 q-Rceq:1.00 tex:263 mv:1876 misc:741 icu:0.00 pcu:521.50 scu:774.50 tlayer:3 pbqpoffset:4.59 pbfactor:1.70 avgQpOffsetCutree:-1.45;
in:214 out:216 type:b q:34.12 q-aq:34.00 q-noVbv:34.12 q-Rceq:1.00 tex:5 mv:1056 misc:451 icu:0.00 pcu:390.00 scu:906.00 tlayer:4 pbqpoffset:7.42 pbfactor:2.36 avgQpOffsetCutree:0.00;
