000 (064.000.000) 2020-12-21 22:54:07 Job submitted from host: <10.0.0.63:9618?PrivAddr=%3c10.0.0.63:9618%3fsock%3dschedd_6827_5527%3e&PrivNet=ryzen7-1700x&addrs=10.0.0.63-9618&alias=ryzen7-1700x&noUDP&sock=schedd_6827_5527>
...
040 (064.000.000) 2020-12-21 22:54:13 Started transferring input files
	Transferring to host: <10.0.0.62:9618?addrs=10.0.0.62-9618&alias=e5-2620&noUDP&sock=slot7_3111_bb18_33>
...
040 (064.000.000) 2020-12-21 22:54:14 Finished transferring input files
...
001 (064.000.000) 2020-12-21 22:54:15 Job executing on host: <10.0.0.62:9618?addrs=10.0.0.62-9618&alias=e5-2620&noUDP&sock=startd_3076_7568>
...
006 (064.000.000) 2020-12-21 22:54:24 Image size of job updated: 190920
	187  -  MemoryUsage of job (MB)
	190920  -  ResidentSetSize of job (KB)
...
006 (064.000.000) 2020-12-21 22:59:26 Image size of job updated: 329396
	228  -  MemoryUsage of job (MB)
	233344  -  ResidentSetSize of job (KB)
...
006 (064.000.000) 2020-12-21 23:04:26 Image size of job updated: 329396
	230  -  MemoryUsage of job (MB)
	235100  -  ResidentSetSize of job (KB)
...
040 (064.000.000) 2020-12-21 23:04:40 Started transferring output files
...
040 (064.000.000) 2020-12-21 23:04:41 Finished transferring output files
...
005 (064.000.000) 2020-12-21 23:04:41 Job terminated.
	(1) Normal termination (return value 0)
		Usr 0 00:10:24, Sys 0 00:00:00  -  Run Remote Usage
		Usr 0 00:00:00, Sys 0 00:00:00  -  Run Local Usage
		Usr 0 00:10:24, Sys 0 00:00:00  -  Total Remote Usage
		Usr 0 00:00:00, Sys 0 00:00:00  -  Total Local Usage
	3303433  -  Run Bytes Sent By Job
	4532560  -  Run Bytes Received By Job
	3303433  -  Total Bytes Sent By Job
	4532560  -  Total Bytes Received By Job
	Partitionable Resources :    Usage  Request Allocated 
	   Cpus                 :     1.00        1         1 
	   Disk (KB)            :  7667        4500   1939940 
	   Memory (MB)          :   230           5      4020 

	Job terminated of its own accord at 2020-12-22T04:05:05Z.
...
