#options: cpuid=1050111 frame-threads=1 no-wpp no-pmode no-pme psnr no-ssim log-level=2 bitdepth=8 input-csp=1 fps=25000/1000 input-res=768x432 interlace=0 total-frames=250 level-idc=0 high-tier=1 uhd-bd=0 ref=4 no-allow-non-conformance no-repeat-headers annexb no-aud no-hrd info hash=0 no-temporal-layers open-gop min-keyint=1 keyint=5000 bframes=15 b-adapt=2 b-pyramid bframe-bias=0 rc-lookahead=40 lookahead-slices=0 scenecut=40 no-intra-refresh ctu=64 min-cu-size=8 rect amp max-tu-size=32 tu-inter-depth=3 tu-intra-depth=3 limit-tu=4 rdoq-level=2 dynamic-rd=0.00 no-ssim-rd signhide no-tskip nr-intra=0 nr-inter=0 no-constrained-intra strong-intra-smoothing max-merge=4 limit-refs=1 limit-modes me=3 subme=4 merange=57 temporal-mvp weightp weightb no-analyze-src-pics deblock=0:0 sao no-sao-non-deblock rd=6 no-early-skip rskip no-fast-intra no-tskip-fast no-cu-lossless b-intra rdpenalty=0 psy-rd=0.00 psy-rdoq=0.00 no-rd-refine analysis-reuse-mode=0 no-lossless cbqpoffs=0 crqpoffs=0 rc=abr bitrate=2000 qcomp=0.60 qpstep=4 stats-write=1 stats-read=0 slow-firstpass ipratio=1.40 pbratio=1.30 aq-mode=1 aq-strength=0.00 cutree zone-count=0 no-strict-cbr qg-size=64 no-rc-grain qpmax=69 qpmin=0 no-const-vbv sar=0 overscan=0 videoformat=5 range=0 colorprim=2 transfer=2 colormatrix=2 chromaloc=0 display-window=0 max-cll=0,0 min-luma=0 max-luma=255 log2-max-poc-lsb=8 vui-timing-info vui-hrd-info slices=1 opt-qp-pps opt-ref-list-length-pps no-multi-pass-opt-rps scenecut-bias=0.05 no-opt-cu-delta-qp no-aq-motion no-hdr no-hdr-opt no-dhdr10-opt analysis-reuse-level=5 scale-factor=0 refine-intra=0 refine-inter=0 refine-mv=0 no-limit-sao ctu-info=0 max-tlayer=4
in:0 out:0 type:I q:24.01 q-aq:20.49 q-noVbv:24.01 q-Rceq:1.00 tex:326935 mv:39817 misc:2440 icu:1296.00 pcu:0.00 scu:0.00 tlayer:0 pbqpoffset:0.00 pbfactor:1.00 avgQpOffsetCutree:-4.76;
in:16 out:1 type:k q:26.92 q-aq:24.15 q-noVbv:26.92 q-Rceq:1.00 tex:191815 mv:30420 misc:2149 icu:1286.00 pcu:9.50 scu:0.50 tlayer:0 pbqpoffset:0.00 pbfactor:1.00 avgQpOffsetCutree:-4.57;
in:8 out:2 type:B q:29.97 q-aq:25.63 q-noVbv:29.97 q-Rceq:1.00 tex:131386 mv:23836 misc:2842 icu:625.00 pcu:656.75 scu:14.25 tlayer:1 pbqpoffset:3.04 pbfactor:1.42 avgQpOffsetCutree:-4.94;
in:4 out:3 type:B q:30.92 q-aq:27.67 q-noVbv:30.92 q-Rceq:1.00 tex:45412 mv:22162 misc:3514 icu:167.25 pcu:899.00 scu:229.75 tlayer:2 pbqpoffset:3.99 pbfactor:1.59 avgQpOffsetCutree:-3.05;
in:2 out:4 type:B q:31.83 q-aq:30.17 q-noVbv:31.83 q-Rceq:1.00 tex:16336 mv:16033 misc:3095 icu:47.25 pcu:783.00 scu:465.75 tlayer:3 pbqpoffset:4.91 pbfactor:1.76 avgQpOffsetCutree:-1.80;
in:1 out:5 type:b q:34.83 q-aq:35.00 q-noVbv:34.83 q-Rceq:1.00 tex:3349 mv:6832 misc:1819 icu:4.00 pcu:597.25 scu:694.75 tlayer:4 pbqpoffset:7.91 pbfactor:2.49 avgQpOffsetCutree:0.00;
in:3 out:6 type:b q:34.83 q-aq:35.00 q-noVbv:34.83 q-Rceq:1.00 tex:2505 mv:7241 misc:1862 icu:10.50 pcu:670.00 scu:615.50 tlayer:4 pbqpoffset:7.91 pbfactor:2.49 avgQpOffsetCutree:0.00;
in:6 out:7 type:B q:31.83 q-aq:30.26 q-noVbv:31.83 q-Rceq:1.00 tex:16917 mv:15033 misc:3082 icu:71.50 pcu:846.00 scu:378.50 tlayer:3 pbqpoffset:4.91 pbfactor:1.76 avgQpOffsetCutree:-1.73;
in:5 out:8 type:b q:34.83 q-aq:35.00 q-noVbv:34.83 q-Rceq:1.00 tex:3435 mv:6927 misc:1782 icu:20.75 pcu:671.50 scu:603.75 tlayer:4 pbqpoffset:7.91 pbfactor:2.49 avgQpOffsetCutree:0.00;
in:7 out:9 type:b q:34.83 q-aq:35.00 q-noVbv:34.83 q-Rceq:1.00 tex:3068 mv:6530 misc:1818 icu:19.75 pcu:696.50 scu:579.75 tlayer:4 pbqpoffset:7.91 pbfactor:2.49 avgQpOffsetCutree:0.00;
in:12 out:10 type:B q:30.44 q-aq:26.12 q-noVbv:30.44 q-Rceq:1.00 tex:71196 mv:19639 misc:3581 icu:302.00 pcu:868.25 scu:125.75 tlayer:2 pbqpoffset:3.52 pbfactor:1.50 avgQpOffsetCutree:-4.01;
in:10 out:11 type:B q:31.83 q-aq:30.46 q-noVbv:31.83 q-Rceq:1.00 tex:11045 mv:14152 misc:2843 icu:38.00 pcu:783.25 scu:474.75 tlayer:3 pbqpoffset:4.91 pbfactor:1.76 avgQpOffsetCutree:-1.55;
in:9 out:12 type:b q:34.83 q-aq:35.00 q-noVbv:34.83 q-Rceq:1.00 tex:3067 mv:6356 misc:1729 icu:8.50 pcu:648.25 scu:639.25 tlayer:4 pbqpoffset:7.91 pbfactor:2.49 avgQpOffsetCutree:0.00;
in:11 out:13 type:b q:34.83 q-aq:35.00 q-noVbv:34.83 q-Rceq:1.00 tex:874 mv:5389 misc:1433 icu:3.50 pcu:599.00 scu:693.50 tlayer:4 pbqpoffset:7.91 pbfactor:2.49 avgQpOffsetCutree:0.00;
in:14 out:14 type:B q:31.83 q-aq:29.58 q-noVbv:31.83 q-Rceq:1.00 tex:11756 mv:10709 misc:3015 icu:85.75 pcu:689.75 scu:520.50 tlayer:3 pbqpoffset:4.91 pbfactor:1.76 avgQpOffsetCutree:-2.24;
in:13 out:15 type:b q:34.83 q-aq:35.00 q-noVbv:34.83 q-Rceq:1.00 tex:255 mv:3978 misc:1079 icu:1.25 pcu:629.50 scu:665.25 tlayer:4 pbqpoffset:7.91 pbfactor:2.49 avgQpOffsetCutree:0.00;
in:15 out:16 type:b q:34.83 q-aq:35.00 q-noVbv:34.83 q-Rceq:1.00 tex:744 mv:3197 misc:1483 icu:52.25 pcu:337.50 scu:906.25 tlayer:4 pbqpoffset:7.91 pbfactor:2.49 avgQpOffsetCutree:0.00;
in:32 out:17 type:k q:23.39 q-aq:20.06 q-noVbv:23.39 q-Rceq:1.00 tex:258471 mv:29751 misc:2426 icu:1289.75 pcu:6.25 scu:0.00 tlayer:0 pbqpoffset:0.00 pbfactor:1.00 avgQpOffsetCutree:-4.95;
in:24 out:18 type:B q:27.80 q-aq:24.08 q-noVbv:27.80 q-Rceq:1.00 tex:152459 mv:23290 misc:2859 icu:708.25 pcu:569.25 scu:18.50 tlayer:1 pbqpoffset:2.64 pbfactor:1.36 avgQpOffsetCutree:-4.61;
in:20 out:19 type:B q:29.25 q-aq:26.03 q-noVbv:29.25 q-Rceq:1.00 tex:56093 mv:23745 misc:3770 icu:196.50 pcu:870.75 scu:228.75 tlayer:2 pbqpoffset:3.21 pbfactor:1.45 avgQpOffsetCutree:-3.07;
in:18 out:20 type:B q:30.99 q-aq:29.44 q-noVbv:30.99 q-Rceq:1.00 tex:16767 mv:15507 misc:3014 icu:37.75 pcu:877.75 scu:380.50 tlayer:3 pbqpoffset:4.50 pbfactor:1.68 avgQpOffsetCutree:-1.72;
in:17 out:21 type:b q:34.21 q-aq:34.00 q-noVbv:34.21 q-Rceq:1.00 tex:4749 mv:7086 misc:1845 icu:5.00 pcu:710.25 scu:580.75 tlayer:4 pbqpoffset:7.50 pbfactor:2.38 avgQpOffsetCutree:0.00;
in:19 out:22 type:b q:33.77 q-aq:34.00 q-noVbv:33.77 q-Rceq:1.00 tex:3387 mv:7322 misc:1875 icu:6.25 pcu:667.00 scu:622.75 tlayer:4 pbqpoffset:7.50 pbfactor:2.38 avgQpOffsetCutree:0.00;
in:22 out:23 type:B q:30.10 q-aq:28.83 q-noVbv:30.10 q-Rceq:1.00 tex:18764 mv:16406 misc:3454 icu:53.25 pcu:792.50 scu:450.25 tlayer:3 pbqpoffset:4.50 pbfactor:1.68 avgQpOffsetCutree:-1.56;
in:21 out:24 type:b q:33.32 q-aq:33.03 q-noVbv:33.32 q-Rceq:1.00 tex:4336 mv:8325 misc:2003 icu:5.75 pcu:724.75 scu:565.50 tlayer:4 pbqpoffset:7.50 pbfactor:2.38 avgQpOffsetCutree:0.00;
in:23 out:25 type:b q:32.88 q-aq:33.00 q-noVbv:32.88 q-Rceq:1.00 tex:3911 mv:8466 misc:2007 icu:7.75 pcu:720.00 scu:568.25 tlayer:4 pbqpoffset:7.50 pbfactor:2.38 avgQpOffsetCutree:0.00;
in:28 out:26 type:B q:26.91 q-aq:23.21 q-noVbv:26.91 q-Rceq:1.00 tex:125186 mv:25366 misc:3160 icu:445.25 pcu:812.25 scu:38.50 tlayer:2 pbqpoffset:2.64 pbfactor:1.36 avgQpOffsetCutree:-3.74;
in:26 out:27 type:B q:29.22 q-aq:27.85 q-noVbv:29.22 q-Rceq:1.00 tex:22568 mv:19377 misc:3423 icu:73.75 pcu:869.75 scu:352.50 tlayer:3 pbqpoffset:4.50 pbfactor:1.68 avgQpOffsetCutree:-1.59;
in:25 out:28 type:b q:32.44 q-aq:32.17 q-noVbv:32.44 q-Rceq:1.00 tex:4805 mv:8823 misc:2204 icu:9.25 pcu:735.50 scu:551.25 tlayer:4 pbqpoffset:7.50 pbfactor:2.38 avgQpOffsetCutree:0.00;
in:27 out:29 type:b q:32.00 q-aq:32.00 q-noVbv:32.00 q-Rceq:1.00 tex:3725 mv:8674 misc:2081 icu:13.25 pcu:785.25 scu:497.50 tlayer:4 pbqpoffset:7.50 pbfactor:2.38 avgQpOffsetCutree:0.00;
in:30 out:30 type:B q:28.34 q-aq:26.19 q-noVbv:28.34 q-Rceq:1.00 tex:25261 mv:14853 misc:3654 icu:124.75 pcu:740.00 scu:431.25 tlayer:3 pbqpoffset:4.50 pbfactor:1.68 avgQpOffsetCutree:-2.11;
in:29 out:31 type:b q:31.56 q-aq:32.00 q-noVbv:31.56 q-Rceq:1.00 tex:926 mv:6157 misc:1525 icu:4.50 pcu:650.75 scu:640.75 tlayer:4 pbqpoffset:7.50 pbfactor:2.38 avgQpOffsetCutree:0.00;
in:31 out:32 type:b q:31.12 q-aq:31.00 q-noVbv:31.12 q-Rceq:1.00 tex:2870 mv:5510 misc:1732 icu:93.25 pcu:563.75 scu:639.00 tlayer:4 pbqpoffset:7.50 pbfactor:2.38 avgQpOffsetCutree:0.00;
in:48 out:33 type:k q:20.16 q-aq:17.36 q-noVbv:20.16 q-Rceq:1.00 tex:359735 mv:37619 misc:2558 icu:1282.75 pcu:13.25 scu:0.00 tlayer:0 pbqpoffset:0.00 pbfactor:1.00 avgQpOffsetCutree:-4.86;
in:40 out:34 type:B q:24.43 q-aq:21.03 q-noVbv:24.43 q-Rceq:1.00 tex:216154 mv:29101 misc:3049 icu:753.00 pcu:534.25 scu:8.75 tlayer:1 pbqpoffset:2.66 pbfactor:1.36 avgQpOffsetCutree:-4.78;
in:36 out:35 type:B q:25.87 q-aq:22.86 q-noVbv:25.87 q-Rceq:1.00 tex:88874 mv:27593 misc:4221 icu:228.25 pcu:849.50 scu:218.25 tlayer:2 pbqpoffset:3.28 pbfactor:1.46 avgQpOffsetCutree:-3.16;
in:34 out:36 type:B q:27.51 q-aq:26.34 q-noVbv:27.51 q-Rceq:1.00 tex:25023 mv:19017 misc:3400 icu:57.25 pcu:838.50 scu:400.25 tlayer:3 pbqpoffset:4.52 pbfactor:1.69 avgQpOffsetCutree:-1.56;
in:33 out:37 type:b q:30.71 q-aq:31.00 q-noVbv:30.71 q-Rceq:1.00 tex:5065 mv:8473 misc:2110 icu:7.50 pcu:679.00 scu:609.50 tlayer:4 pbqpoffset:7.52 pbfactor:2.38 avgQpOffsetCutree:0.00;
in:35 out:38 type:b q:30.31 q-aq:30.11 q-noVbv:30.31 q-Rceq:1.00 tex:7137 mv:9858 misc:2461 icu:8.25 pcu:737.50 scu:550.25 tlayer:4 pbqpoffset:7.52 pbfactor:2.38 avgQpOffsetCutree:0.00;
in:38 out:39 type:B q:26.70 q-aq:25.49 q-noVbv:26.70 q-Rceq:1.00 tex:36090 mv:21115 misc:3627 icu:74.50 pcu:880.75 scu:340.75 tlayer:3 pbqpoffset:4.52 pbfactor:1.69 avgQpOffsetCutree:-1.57;
in:37 out:40 type:b q:29.90 q-aq:30.00 q-noVbv:29.90 q-Rceq:1.00 tex:7836 mv:10097 misc:2371 icu:12.00 pcu:700.50 scu:583.50 tlayer:4 pbqpoffset:7.52 pbfactor:2.38 avgQpOffsetCutree:0.00;
in:39 out:41 type:b q:29.50 q-aq:29.83 q-noVbv:29.50 q-Rceq:1.00 tex:7539 mv:10480 misc:2493 icu:9.50 pcu:681.25 scu:605.25 tlayer:4 pbqpoffset:7.52 pbfactor:2.38 avgQpOffsetCutree:0.00;
in:44 out:42 type:B q:23.79 q-aq:20.23 q-noVbv:23.79 q-Rceq:1.00 tex:187384 mv:27273 misc:3087 icu:448.50 pcu:809.75 scu:37.75 tlayer:2 pbqpoffset:2.82 pbfactor:1.39 avgQpOffsetCutree:-3.74;
in:42 out:43 type:B q:25.89 q-aq:24.58 q-noVbv:25.89 q-Rceq:1.00 tex:42790 mv:23166 misc:3708 icu:70.00 pcu:892.00 scu:334.00 tlayer:3 pbqpoffset:4.52 pbfactor:1.69 avgQpOffsetCutree:-1.71;
in:41 out:44 type:b q:29.09 q-aq:29.01 q-noVbv:29.09 q-Rceq:1.00 tex:8436 mv:11014 misc:2454 icu:9.50 pcu:699.00 scu:587.50 tlayer:4 pbqpoffset:7.52 pbfactor:2.38 avgQpOffsetCutree:0.00;
in:43 out:45 type:b q:28.69 q-aq:29.00 q-noVbv:28.69 q-Rceq:1.00 tex:8790 mv:11276 misc:2518 icu:8.75 pcu:728.00 scu:559.25 tlayer:4 pbqpoffset:7.52 pbfactor:2.38 avgQpOffsetCutree:0.00;
in:46 out:46 type:B q:24.99 q-aq:22.92 q-noVbv:24.99 q-Rceq:1.00 tex:58697 mv:19371 misc:4260 icu:124.00 pcu:882.75 scu:289.25 tlayer:3 pbqpoffset:4.43 pbfactor:1.67 avgQpOffsetCutree:-2.11;
in:45 out:47 type:b q:28.29 q-aq:28.07 q-noVbv:28.29 q-Rceq:1.00 tex:3690 mv:9573 misc:2169 icu:7.00 pcu:744.25 scu:544.75 tlayer:4 pbqpoffset:7.52 pbfactor:2.38 avgQpOffsetCutree:0.00;
in:47 out:48 type:b q:27.88 q-aq:28.00 q-noVbv:27.88 q-Rceq:1.00 tex:5246 mv:6440 misc:2122 icu:29.00 pcu:600.50 scu:666.50 tlayer:4 pbqpoffset:7.52 pbfactor:2.38 avgQpOffsetCutree:0.00;
in:64 out:49 type:k q:20.20 q-aq:17.06 q-noVbv:20.20 q-Rceq:1.00 tex:376766 mv:38539 misc:2695 icu:1282.50 pcu:13.50 scu:0.00 tlayer:0 pbqpoffset:1.91 pbfactor:1.25 avgQpOffsetCutree:-5.44;
in:56 out:50 type:B q:23.03 q-aq:19.60 q-noVbv:23.03 q-Rceq:1.00 tex:247939 mv:30591 misc:3078 icu:791.50 pcu:486.50 scu:18.00 tlayer:1 pbqpoffset:2.85 pbfactor:1.39 avgQpOffsetCutree:-4.90;
in:52 out:51 type:B q:23.61 q-aq:20.98 q-noVbv:23.61 q-Rceq:1.00 tex:113829 mv:33033 misc:4506 icu:240.50 pcu:883.25 scu:172.25 tlayer:2 pbqpoffset:3.44 pbfactor:1.49 avgQpOffsetCutree:-3.08;
in:50 out:52 type:B q:24.88 q-aq:23.65 q-noVbv:24.88 q-Rceq:1.00 tex:40951 mv:23098 misc:3839 icu:61.25 pcu:914.00 scu:320.75 tlayer:3 pbqpoffset:4.71 pbfactor:1.72 avgQpOffsetCutree:-1.70;
in:49 out:53 type:b q:27.88 q-aq:28.00 q-noVbv:27.88 q-Rceq:1.00 tex:9595 mv:10052 misc:2441 icu:5.50 pcu:697.75 scu:592.75 tlayer:4 pbqpoffset:7.71 pbfactor:2.44 avgQpOffsetCutree:0.00;
in:51 out:54 type:b q:27.88 q-aq:28.01 q-noVbv:27.88 q-Rceq:1.00 tex:9794 mv:11694 misc:2472 icu:14.50 pcu:783.50 scu:498.00 tlayer:4 pbqpoffset:7.71 pbfactor:2.44 avgQpOffsetCutree:0.00;
in:54 out:55 type:B q:24.89 q-aq:23.72 q-noVbv:24.89 q-Rceq:1.00 tex:43201 mv:23372 misc:3843 icu:69.25 pcu:913.50 scu:313.25 tlayer:3 pbqpoffset:4.71 pbfactor:1.72 avgQpOffsetCutree:-1.67;
in:53 out:56 type:b q:27.89 q-aq:28.00 q-noVbv:27.89 q-Rceq:1.00 tex:9508 mv:10983 misc:2477 icu:11.25 pcu:774.75 scu:510.00 tlayer:4 pbqpoffset:7.71 pbfactor:2.44 avgQpOffsetCutree:0.00;
in:55 out:57 type:b q:27.89 q-aq:28.01 q-noVbv:27.89 q-Rceq:1.00 tex:9367 mv:11020 misc:2461 icu:8.25 pcu:715.00 scu:572.75 tlayer:4 pbqpoffset:7.71 pbfactor:2.44 avgQpOffsetCutree:0.00;
in:60 out:58 type:B q:23.40 q-aq:20.38 q-noVbv:23.40 q-Rceq:1.00 tex:164646 mv:26546 misc:3736 icu:392.75 pcu:854.75 scu:48.50 tlayer:2 pbqpoffset:3.21 pbfactor:1.45 avgQpOffsetCutree:-3.64;
in:58 out:59 type:B q:24.90 q-aq:23.74 q-noVbv:24.90 q-Rceq:1.00 tex:38993 mv:22153 misc:3966 icu:60.75 pcu:878.25 scu:357.00 tlayer:3 pbqpoffset:4.71 pbfactor:1.72 avgQpOffsetCutree:-1.69;
in:57 out:60 type:b q:27.90 q-aq:28.00 q-noVbv:27.90 q-Rceq:1.00 tex:8704 mv:10533 misc:2283 icu:15.00 pcu:745.25 scu:535.75 tlayer:4 pbqpoffset:7.71 pbfactor:2.44 avgQpOffsetCutree:0.00;
in:59 out:61 type:b q:27.90 q-aq:28.00 q-noVbv:27.90 q-Rceq:1.00 tex:7631 mv:10131 misc:2438 icu:7.25 pcu:756.25 scu:532.50 tlayer:4 pbqpoffset:7.71 pbfactor:2.44 avgQpOffsetCutree:0.00;
in:62 out:62 type:B q:24.51 q-aq:22.87 q-noVbv:24.51 q-Rceq:1.00 tex:59682 mv:18847 misc:4127 icu:148.00 pcu:851.00 scu:297.00 tlayer:3 pbqpoffset:4.32 pbfactor:1.65 avgQpOffsetCutree:-2.08;
in:61 out:63 type:b q:27.91 q-aq:28.00 q-noVbv:27.91 q-Rceq:1.00 tex:6199 mv:9751 misc:2298 icu:6.25 pcu:706.25 scu:583.50 tlayer:4 pbqpoffset:7.71 pbfactor:2.44 avgQpOffsetCutree:0.00;
in:63 out:64 type:b q:27.91 q-aq:28.00 q-noVbv:27.91 q-Rceq:1.00 tex:5435 mv:7212 misc:2169 icu:22.00 pcu:607.75 scu:666.25 tlayer:4 pbqpoffset:7.71 pbfactor:2.44 avgQpOffsetCutree:0.00;
in:80 out:65 type:k q:20.50 q-aq:17.62 q-noVbv:20.50 q-Rceq:1.00 tex:416682 mv:42719 misc:2511 icu:1273.00 pcu:23.00 scu:0.00 tlayer:0 pbqpoffset:1.50 pbfactor:1.19 avgQpOffsetCutree:-5.38;
in:72 out:66 type:B q:23.41 q-aq:19.96 q-noVbv:23.41 q-Rceq:1.00 tex:239113 mv:30056 misc:3439 icu:738.75 pcu:521.25 scu:36.00 tlayer:1 pbqpoffset:3.06 pbfactor:1.42 avgQpOffsetCutree:-4.96;
in:68 out:67 type:B q:24.67 q-aq:21.52 q-noVbv:24.67 q-Rceq:1.00 tex:95507 mv:29798 misc:4671 icu:211.00 pcu:885.25 scu:199.75 tlayer:2 pbqpoffset:4.40 pbfactor:1.66 avgQpOffsetCutree:-3.35;
in:66 out:68 type:B q:25.16 q-aq:23.98 q-noVbv:25.16 q-Rceq:1.00 tex:34950 mv:20156 misc:3630 icu:61.25 pcu:918.75 scu:316.00 tlayer:3 pbqpoffset:4.92 pbfactor:1.77 avgQpOffsetCutree:-1.65;
in:65 out:69 type:b q:28.14 q-aq:28.03 q-noVbv:28.14 q-Rceq:1.00 tex:8405 mv:9422 misc:2381 icu:3.00 pcu:745.25 scu:547.75 tlayer:4 pbqpoffset:7.92 pbfactor:2.50 avgQpOffsetCutree:0.00;
in:67 out:70 type:b q:28.18 q-aq:28.06 q-noVbv:28.18 q-Rceq:1.00 tex:7025 mv:9695 misc:2288 icu:10.00 pcu:775.00 scu:511.00 tlayer:4 pbqpoffset:7.92 pbfactor:2.50 avgQpOffsetCutree:0.00;
in:70 out:71 type:B q:25.23 q-aq:23.90 q-noVbv:25.23 q-Rceq:1.00 tex:36265 mv:20547 misc:3972 icu:50.00 pcu:852.25 scu:393.75 tlayer:3 pbqpoffset:4.92 pbfactor:1.77 avgQpOffsetCutree:-1.75;
in:69 out:72 type:b q:28.21 q-aq:28.07 q-noVbv:28.21 q-Rceq:1.00 tex:7464 mv:9384 misc:2312 icu:8.50 pcu:783.25 scu:504.25 tlayer:4 pbqpoffset:7.92 pbfactor:2.50 avgQpOffsetCutree:0.00;
in:71 out:73 type:b q:28.25 q-aq:28.08 q-noVbv:28.25 q-Rceq:1.00 tex:8304 mv:9975 misc:2425 icu:9.25 pcu:671.50 scu:615.25 tlayer:4 pbqpoffset:7.92 pbfactor:2.50 avgQpOffsetCutree:0.00;
in:76 out:74 type:B q:24.17 q-aq:21.11 q-noVbv:24.17 q-Rceq:1.00 tex:151402 mv:26095 misc:3759 icu:391.00 pcu:871.00 scu:34.00 tlayer:2 pbqpoffset:3.74 pbfactor:1.54 avgQpOffsetCutree:-3.57;
in:74 out:75 type:B q:25.31 q-aq:24.19 q-noVbv:25.31 q-Rceq:1.00 tex:38899 mv:20869 misc:3720 icu:66.50 pcu:928.25 scu:301.25 tlayer:3 pbqpoffset:4.92 pbfactor:1.77 avgQpOffsetCutree:-1.59;
in:73 out:76 type:b q:28.29 q-aq:28.12 q-noVbv:28.29 q-Rceq:1.00 tex:9595 mv:10201 misc:2484 icu:8.00 pcu:789.25 scu:498.75 tlayer:4 pbqpoffset:7.92 pbfactor:2.50 avgQpOffsetCutree:0.00;
in:75 out:77 type:b q:28.33 q-aq:28.23 q-noVbv:28.33 q-Rceq:1.00 tex:8029 mv:11358 misc:2525 icu:9.50 pcu:787.50 scu:499.00 tlayer:4 pbqpoffset:7.92 pbfactor:2.50 avgQpOffsetCutree:0.00;
in:78 out:78 type:B q:25.13 q-aq:23.75 q-noVbv:25.13 q-Rceq:1.00 tex:67516 mv:19304 misc:4276 icu:151.25 pcu:871.75 scu:273.00 tlayer:3 pbqpoffset:4.67 pbfactor:1.72 avgQpOffsetCutree:-1.91;
in:77 out:79 type:b q:28.36 q-aq:28.44 q-noVbv:28.36 q-Rceq:1.00 tex:10029 mv:9960 misc:2659 icu:8.50 pcu:690.00 scu:597.50 tlayer:4 pbqpoffset:7.92 pbfactor:2.50 avgQpOffsetCutree:0.00;
in:79 out:80 type:b q:27.85 q-aq:28.04 q-noVbv:27.85 q-Rceq:1.00 tex:16193 mv:9839 misc:2936 icu:28.00 pcu:663.25 scu:604.75 tlayer:4 pbqpoffset:7.37 pbfactor:2.34 avgQpOffsetCutree:0.00;
in:96 out:81 type:k q:20.88 q-aq:17.76 q-noVbv:20.88 q-Rceq:1.00 tex:380211 mv:39253 misc:2528 icu:1282.00 pcu:14.00 scu:0.00 tlayer:0 pbqpoffset:1.52 pbfactor:1.19 avgQpOffsetCutree:-5.48;
in:88 out:82 type:B q:23.78 q-aq:20.48 q-noVbv:23.78 q-Rceq:1.00 tex:247258 mv:29974 misc:3432 icu:686.25 pcu:572.25 scu:37.50 tlayer:1 pbqpoffset:3.09 pbfactor:1.43 avgQpOffsetCutree:-4.89;
in:84 out:83 type:B q:24.36 q-aq:21.70 q-noVbv:24.36 q-Rceq:1.00 tex:110192 mv:27880 misc:4680 icu:214.50 pcu:892.75 scu:188.75 tlayer:2 pbqpoffset:3.77 pbfactor:1.55 avgQpOffsetCutree:-3.02;
in:82 out:84 type:B q:25.48 q-aq:24.37 q-noVbv:25.48 q-Rceq:1.00 tex:43401 mv:20995 misc:3740 icu:61.75 pcu:889.00 scu:345.25 tlayer:3 pbqpoffset:4.94 pbfactor:1.77 avgQpOffsetCutree:-1.68;
in:81 out:85 type:b q:28.47 q-aq:28.75 q-noVbv:28.47 q-Rceq:1.00 tex:11855 mv:9974 misc:2443 icu:8.50 pcu:742.00 scu:545.50 tlayer:4 pbqpoffset:7.95 pbfactor:2.51 avgQpOffsetCutree:0.00;
in:83 out:86 type:b q:28.17 q-aq:28.13 q-noVbv:28.17 q-Rceq:1.00 tex:10339 mv:10611 misc:2498 icu:10.00 pcu:740.50 scu:545.50 tlayer:4 pbqpoffset:7.60 pbfactor:2.41 avgQpOffsetCutree:0.00;
in:86 out:87 type:B q:25.56 q-aq:24.39 q-noVbv:25.56 q-Rceq:1.00 tex:43918 mv:21474 misc:4048 icu:77.50 pcu:859.25 scu:359.25 tlayer:3 pbqpoffset:4.92 pbfactor:1.77 avgQpOffsetCutree:-1.65;
in:85 out:88 type:b q:28.06 q-aq:28.09 q-noVbv:28.06 q-Rceq:1.00 tex:11139 mv:11110 misc:2615 icu:18.50 pcu:726.50 scu:551.00 tlayer:4 pbqpoffset:7.45 pbfactor:2.36 avgQpOffsetCutree:0.00;
in:87 out:89 type:b q:28.62 q-aq:29.00 q-noVbv:28.62 q-Rceq:1.00 tex:8723 mv:10260 misc:2393 icu:6.50 pcu:745.00 scu:544.50 tlayer:4 pbqpoffset:7.95 pbfactor:2.51 avgQpOffsetCutree:0.00;
in:92 out:90 type:B q:24.11 q-aq:21.02 q-noVbv:24.11 q-Rceq:1.00 tex:146584 mv:22978 misc:4014 icu:337.50 pcu:886.75 scu:71.75 tlayer:2 pbqpoffset:3.32 pbfactor:1.47 avgQpOffsetCutree:-3.81;
in:90 out:91 type:B q:25.69 q-aq:24.72 q-noVbv:25.69 q-Rceq:1.00 tex:33661 mv:18839 misc:3516 icu:62.75 pcu:890.75 scu:342.50 tlayer:3 pbqpoffset:4.95 pbfactor:1.77 avgQpOffsetCutree:-1.51;
in:89 out:92 type:b q:28.67 q-aq:29.00 q-noVbv:28.67 q-Rceq:1.00 tex:8280 mv:9486 misc:2290 icu:7.75 pcu:716.75 scu:571.50 tlayer:4 pbqpoffset:7.95 pbfactor:2.51 avgQpOffsetCutree:0.00;
in:91 out:93 type:b q:28.72 q-aq:29.00 q-noVbv:28.72 q-Rceq:1.00 tex:7176 mv:8641 misc:2167 icu:13.25 pcu:683.75 scu:599.00 tlayer:4 pbqpoffset:7.95 pbfactor:2.51 avgQpOffsetCutree:0.00;
in:94 out:94 type:B q:25.79 q-aq:23.56 q-noVbv:25.79 q-Rceq:1.00 tex:36395 mv:12942 misc:4255 icu:92.75 pcu:669.00 scu:534.25 tlayer:3 pbqpoffset:4.95 pbfactor:1.77 avgQpOffsetCutree:-2.39;
in:93 out:95 type:b q:28.76 q-aq:29.00 q-noVbv:28.76 q-Rceq:1.00 tex:2316 mv:5987 misc:1633 icu:3.25 pcu:519.75 scu:773.00 tlayer:4 pbqpoffset:7.95 pbfactor:2.51 avgQpOffsetCutree:0.00;
in:95 out:96 type:b q:28.81 q-aq:29.00 q-noVbv:28.81 q-Rceq:1.00 tex:3386 mv:4182 misc:1744 icu:25.50 pcu:373.25 scu:897.25 tlayer:4 pbqpoffset:7.95 pbfactor:2.51 avgQpOffsetCutree:0.00;
in:105 out:97 type:k q:21.30 q-aq:17.40 q-noVbv:21.30 q-Rceq:1.00 tex:317734 mv:29883 misc:3103 icu:637.00 pcu:655.75 scu:3.25 tlayer:0 pbqpoffset:1.52 pbfactor:1.19 avgQpOffsetCutree:-5.54;
in:101 out:98 type:B q:23.74 q-aq:20.81 q-noVbv:23.74 q-Rceq:1.00 tex:108938 mv:27391 misc:4511 icu:230.75 pcu:859.25 scu:206.00 tlayer:1 pbqpoffset:2.63 pbfactor:1.35 avgQpOffsetCutree:-3.37;
in:99 out:99 type:B q:24.15 q-aq:22.76 q-noVbv:24.15 q-Rceq:1.00 tex:56608 mv:22942 misc:3962 icu:112.25 pcu:856.00 scu:327.75 tlayer:2 pbqpoffset:3.13 pbfactor:1.44 avgQpOffsetCutree:-1.92;
in:98 out:100 type:B q:25.04 q-aq:25.06 q-noVbv:25.04 q-Rceq:1.00 tex:24582 mv:16419 misc:3231 icu:34.50 pcu:870.50 scu:391.00 tlayer:3 pbqpoffset:4.07 pbfactor:1.60 avgQpOffsetCutree:-0.93;
in:97 out:101 type:b q:26.92 q-aq:27.03 q-noVbv:26.92 q-Rceq:1.00 tex:11121 mv:9344 misc:2367 icu:12.50 pcu:699.00 scu:584.50 tlayer:4 pbqpoffset:5.99 pbfactor:2.00 avgQpOffsetCutree:0.00;
in:100 out:102 type:b q:26.63 q-aq:27.00 q-noVbv:26.63 q-Rceq:1.00 tex:10935 mv:10495 misc:2410 icu:11.25 pcu:785.50 scu:499.25 tlayer:3 pbqpoffset:5.56 pbfactor:1.90 avgQpOffsetCutree:0.00;
in:103 out:103 type:B q:24.59 q-aq:23.68 q-noVbv:24.59 q-Rceq:1.00 tex:38921 mv:20499 misc:3524 icu:64.50 pcu:900.75 scu:330.75 tlayer:2 pbqpoffset:3.38 pbfactor:1.48 avgQpOffsetCutree:-1.54;
in:102 out:104 type:b q:26.71 q-aq:27.00 q-noVbv:26.71 q-Rceq:1.00 tex:11499 mv:10112 misc:2373 icu:9.25 pcu:737.75 scu:549.00 tlayer:3 pbqpoffset:5.55 pbfactor:1.90 avgQpOffsetCutree:0.00;
in:104 out:105 type:b q:27.07 q-aq:27.07 q-noVbv:27.07 q-Rceq:1.00 tex:9786 mv:10222 misc:2424 icu:13.00 pcu:696.75 scu:586.25 tlayer:3 pbqpoffset:5.82 pbfactor:1.96 avgQpOffsetCutree:0.00;
in:121 out:106 type:k q:21.01 q-aq:17.35 q-noVbv:21.01 q-Rceq:1.00 tex:418621 mv:28968 misc:2371 icu:1222.00 pcu:74.00 scu:0.00 tlayer:0 pbqpoffset:1.71 pbfactor:1.22 avgQpOffsetCutree:-6.10;
in:113 out:107 type:B q:23.80 q-aq:21.04 q-noVbv:23.80 q-Rceq:1.00 tex:214240 mv:28764 misc:3244 icu:564.75 pcu:698.00 scu:33.25 tlayer:1 pbqpoffset:2.64 pbfactor:1.36 avgQpOffsetCutree:-4.12;
in:109 out:108 type:B q:24.47 q-aq:21.52 q-noVbv:24.47 q-Rceq:1.00 tex:116816 mv:23897 misc:3999 icu:261.50 pcu:917.25 scu:117.25 tlayer:2 pbqpoffset:3.24 pbfactor:1.45 avgQpOffsetCutree:-3.40;
in:107 out:109 type:B q:25.77 q-aq:24.56 q-noVbv:25.77 q-Rceq:1.00 tex:34297 mv:17487 misc:3360 icu:46.50 pcu:836.75 scu:412.75 tlayer:3 pbqpoffset:4.51 pbfactor:1.68 avgQpOffsetCutree:-1.70;
in:106 out:110 type:b q:28.78 q-aq:29.00 q-noVbv:28.78 q-Rceq:1.00 tex:7895 mv:8495 misc:2234 icu:10.50 pcu:616.00 scu:669.50 tlayer:4 pbqpoffset:7.51 pbfactor:2.38 avgQpOffsetCutree:0.00;
in:108 out:111 type:b q:28.75 q-aq:29.00 q-noVbv:28.75 q-Rceq:1.00 tex:8118 mv:9363 misc:2199 icu:6.00 pcu:757.50 scu:532.50 tlayer:4 pbqpoffset:7.51 pbfactor:2.38 avgQpOffsetCutree:0.00;
in:111 out:112 type:B q:25.54 q-aq:25.60 q-noVbv:25.54 q-Rceq:1.00 tex:38889 mv:15277 misc:3658 icu:99.75 pcu:819.75 scu:376.50 tlayer:3 pbqpoffset:4.35 pbfactor:1.65 avgQpOffsetCutree:-0.94;
in:110 out:113 type:b q:28.71 q-aq:29.00 q-noVbv:28.71 q-Rceq:1.00 tex:6745 mv:8548 misc:2187 icu:6.75 pcu:681.75 scu:607.50 tlayer:4 pbqpoffset:7.51 pbfactor:2.38 avgQpOffsetCutree:0.00;
in:112 out:114 type:b q:27.55 q-aq:28.00 q-noVbv:27.55 q-Rceq:1.00 tex:24079 mv:11419 misc:2934 icu:77.75 pcu:573.00 scu:645.25 tlayer:4 pbqpoffset:6.37 pbfactor:2.09 avgQpOffsetCutree:0.00;
in:117 out:115 type:B q:24.74 q-aq:22.05 q-noVbv:24.74 q-Rceq:1.00 tex:86034 mv:26219 misc:3971 icu:167.00 pcu:919.50 scu:209.50 tlayer:2 pbqpoffset:3.65 pbfactor:1.53 avgQpOffsetCutree:-3.01;
in:115 out:116 type:B q:25.63 q-aq:24.30 q-noVbv:25.63 q-Rceq:1.00 tex:34786 mv:18599 misc:3479 icu:50.50 pcu:901.50 scu:344.00 tlayer:3 pbqpoffset:4.51 pbfactor:1.68 avgQpOffsetCutree:-1.86;
in:114 out:117 type:b q:28.64 q-aq:29.00 q-noVbv:28.64 q-Rceq:1.00 tex:8298 mv:8437 misc:2097 icu:8.25 pcu:696.75 scu:591.00 tlayer:4 pbqpoffset:7.51 pbfactor:2.38 avgQpOffsetCutree:0.00;
in:116 out:118 type:b q:28.61 q-aq:29.00 q-noVbv:28.61 q-Rceq:1.00 tex:9285 mv:9837 misc:2478 icu:5.75 pcu:690.00 scu:600.25 tlayer:4 pbqpoffset:7.51 pbfactor:2.38 avgQpOffsetCutree:0.00;
in:119 out:119 type:B q:25.56 q-aq:24.53 q-noVbv:25.56 q-Rceq:1.00 tex:38834 mv:19320 misc:3414 icu:64.75 pcu:817.50 scu:413.75 tlayer:3 pbqpoffset:4.51 pbfactor:1.68 avgQpOffsetCutree:-1.46;
in:118 out:120 type:b q:28.57 q-aq:29.00 q-noVbv:28.57 q-Rceq:1.00 tex:9952 mv:9864 misc:2336 icu:11.00 pcu:727.50 scu:557.50 tlayer:4 pbqpoffset:7.51 pbfactor:2.38 avgQpOffsetCutree:0.00;
in:120 out:121 type:b q:28.54 q-aq:29.00 q-noVbv:28.54 q-Rceq:1.00 tex:7828 mv:9453 misc:2159 icu:8.75 pcu:619.00 scu:668.25 tlayer:4 pbqpoffset:7.51 pbfactor:2.38 avgQpOffsetCutree:0.00;
in:137 out:122 type:k q:21.00 q-aq:17.61 q-noVbv:21.00 q-Rceq:1.00 tex:405667 mv:27441 misc:2284 icu:1266.25 pcu:29.75 scu:0.00 tlayer:0 pbqpoffset:1.92 pbfactor:1.25 avgQpOffsetCutree:-5.85;
in:129 out:123 type:B q:24.05 q-aq:21.29 q-noVbv:24.05 q-Rceq:1.00 tex:187404 mv:27831 misc:3645 icu:516.00 pcu:656.75 scu:123.25 tlayer:1 pbqpoffset:3.04 pbfactor:1.42 avgQpOffsetCutree:-4.08;
in:125 out:124 type:B q:24.65 q-aq:21.59 q-noVbv:24.65 q-Rceq:1.00 tex:121791 mv:23995 misc:3830 icu:280.75 pcu:814.75 scu:200.50 tlayer:2 pbqpoffset:3.64 pbfactor:1.52 avgQpOffsetCutree:-3.51;
in:123 out:125 type:B q:25.92 q-aq:24.86 q-noVbv:25.92 q-Rceq:1.00 tex:34320 mv:18661 misc:3147 icu:49.75 pcu:844.00 scu:402.25 tlayer:3 pbqpoffset:4.90 pbfactor:1.76 avgQpOffsetCutree:-1.77;
in:122 out:126 type:b q:28.92 q-aq:29.02 q-noVbv:28.92 q-Rceq:1.00 tex:7424 mv:8803 misc:2165 icu:7.00 pcu:692.00 scu:597.00 tlayer:4 pbqpoffset:7.90 pbfactor:2.49 avgQpOffsetCutree:0.00;
in:124 out:127 type:b q:28.92 q-aq:29.01 q-noVbv:28.92 q-Rceq:1.00 tex:7646 mv:9193 misc:2345 icu:6.75 pcu:603.00 scu:686.25 tlayer:4 pbqpoffset:7.90 pbfactor:2.49 avgQpOffsetCutree:0.00;
in:127 out:128 type:B q:25.92 q-aq:25.71 q-noVbv:25.92 q-Rceq:1.00 tex:28923 mv:13523 misc:3370 icu:99.75 pcu:619.25 scu:577.00 tlayer:3 pbqpoffset:4.90 pbfactor:1.76 avgQpOffsetCutree:-1.05;
in:126 out:129 type:b q:28.91 q-aq:29.00 q-noVbv:28.91 q-Rceq:1.00 tex:2399 mv:6482 misc:1655 icu:3.50 pcu:552.25 scu:740.25 tlayer:4 pbqpoffset:7.90 pbfactor:2.49 avgQpOffsetCutree:0.00;
in:128 out:130 type:b q:27.16 q-aq:27.28 q-noVbv:27.16 q-Rceq:1.00 tex:30746 mv:12970 misc:3188 icu:126.25 pcu:537.00 scu:632.75 tlayer:4 pbqpoffset:6.15 pbfactor:2.04 avgQpOffsetCutree:0.00;
in:133 out:131 type:B q:25.19 q-aq:22.30 q-noVbv:25.19 q-Rceq:1.00 tex:81363 mv:24015 misc:3958 icu:209.50 pcu:778.00 scu:308.50 tlayer:2 pbqpoffset:4.19 pbfactor:1.62 avgQpOffsetCutree:-3.18;
in:131 out:132 type:B q:25.91 q-aq:24.90 q-noVbv:25.91 q-Rceq:1.00 tex:38140 mv:18000 misc:3364 icu:73.00 pcu:784.25 scu:438.75 tlayer:3 pbqpoffset:4.90 pbfactor:1.76 avgQpOffsetCutree:-1.53;
in:130 out:133 type:b q:28.91 q-aq:29.01 q-noVbv:28.91 q-Rceq:1.00 tex:8287 mv:9063 misc:2266 icu:14.25 pcu:629.75 scu:652.00 tlayer:4 pbqpoffset:7.90 pbfactor:2.49 avgQpOffsetCutree:0.00;
in:132 out:134 type:b q:28.91 q-aq:29.01 q-noVbv:28.91 q-Rceq:1.00 tex:9241 mv:9664 misc:2255 icu:16.75 pcu:651.25 scu:628.00 tlayer:4 pbqpoffset:7.90 pbfactor:2.49 avgQpOffsetCutree:0.00;
in:135 out:135 type:B q:25.91 q-aq:24.52 q-noVbv:25.91 q-Rceq:1.00 tex:39242 mv:18422 misc:3216 icu:84.50 pcu:839.00 scu:372.50 tlayer:3 pbqpoffset:4.90 pbfactor:1.76 avgQpOffsetCutree:-1.94;
in:134 out:136 type:b q:28.91 q-aq:29.03 q-noVbv:28.91 q-Rceq:1.00 tex:9260 mv:9072 misc:2092 icu:20.00 pcu:633.00 scu:643.00 tlayer:4 pbqpoffset:7.90 pbfactor:2.49 avgQpOffsetCutree:0.00;
in:136 out:137 type:b q:28.91 q-aq:29.02 q-noVbv:28.91 q-Rceq:1.00 tex:8129 mv:9196 misc:2219 icu:12.50 pcu:656.50 scu:627.00 tlayer:4 pbqpoffset:7.90 pbfactor:2.49 avgQpOffsetCutree:0.00;
in:151 out:138 type:k q:21.04 q-aq:17.39 q-noVbv:21.04 q-Rceq:1.00 tex:381197 mv:26393 misc:2458 icu:1245.25 pcu:50.75 scu:0.00 tlayer:0 pbqpoffset:1.95 pbfactor:1.25 avgQpOffsetCutree:-5.76;
in:144 out:139 type:B q:23.94 q-aq:21.77 q-noVbv:23.94 q-Rceq:1.00 tex:155628 mv:26370 misc:2986 icu:626.75 pcu:654.75 scu:14.50 tlayer:1 pbqpoffset:2.92 pbfactor:1.40 avgQpOffsetCutree:-3.47;
in:141 out:140 type:B q:23.98 q-aq:21.18 q-noVbv:23.98 q-Rceq:1.00 tex:119497 mv:21979 misc:3636 icu:337.75 pcu:793.25 scu:165.00 tlayer:2 pbqpoffset:2.96 pbfactor:1.41 avgQpOffsetCutree:-3.42;
in:139 out:141 type:B q:25.71 q-aq:24.78 q-noVbv:25.71 q-Rceq:1.00 tex:35093 mv:16545 misc:3162 icu:79.00 pcu:779.25 scu:437.75 tlayer:3 pbqpoffset:4.71 pbfactor:1.72 avgQpOffsetCutree:-1.64;
in:138 out:142 type:b q:28.72 q-aq:29.00 q-noVbv:28.72 q-Rceq:1.00 tex:8718 mv:8936 misc:2186 icu:25.50 pcu:639.75 scu:630.75 tlayer:4 pbqpoffset:7.71 pbfactor:2.44 avgQpOffsetCutree:0.00;
in:140 out:143 type:b q:28.79 q-aq:29.01 q-noVbv:28.79 q-Rceq:1.00 tex:8355 mv:8639 misc:2206 icu:14.50 pcu:540.75 scu:740.75 tlayer:4 pbqpoffset:7.78 pbfactor:2.46 avgQpOffsetCutree:0.00;
in:143 out:144 type:B q:25.59 q-aq:25.05 q-noVbv:25.59 q-Rceq:1.00 tex:30662 mv:11946 misc:3288 icu:103.25 pcu:615.25 scu:577.50 tlayer:3 pbqpoffset:4.57 pbfactor:1.70 avgQpOffsetCutree:-1.28;
in:142 out:145 type:b q:28.79 q-aq:29.00 q-noVbv:28.79 q-Rceq:1.00 tex:3001 mv:6417 misc:1774 icu:7.75 pcu:543.75 scu:744.50 tlayer:4 pbqpoffset:7.77 pbfactor:2.45 avgQpOffsetCutree:0.00;
in:148 out:146 type:B q:24.95 q-aq:22.58 q-noVbv:24.95 q-Rceq:1.00 tex:64750 mv:22249 misc:3537 icu:157.25 pcu:897.50 scu:241.25 tlayer:2 pbqpoffset:3.91 pbfactor:1.57 avgQpOffsetCutree:-2.76;
in:146 out:147 type:B q:25.81 q-aq:24.51 q-noVbv:25.81 q-Rceq:1.00 tex:32269 mv:17054 misc:3173 icu:62.25 pcu:899.00 scu:334.75 tlayer:3 pbqpoffset:4.78 pbfactor:1.74 avgQpOffsetCutree:-1.79;
in:145 out:148 type:b q:28.81 q-aq:29.00 q-noVbv:28.81 q-Rceq:1.00 tex:8945 mv:8911 misc:1976 icu:10.25 pcu:684.75 scu:601.00 tlayer:4 pbqpoffset:7.78 pbfactor:2.46 avgQpOffsetCutree:0.00;
in:147 out:149 type:b q:28.81 q-aq:29.00 q-noVbv:28.81 q-Rceq:1.00 tex:8847 mv:8982 misc:2171 icu:13.50 pcu:657.75 scu:624.75 tlayer:4 pbqpoffset:7.78 pbfactor:2.46 avgQpOffsetCutree:0.00;
in:150 out:150 type:B q:25.82 q-aq:26.04 q-noVbv:25.82 q-Rceq:1.00 tex:20745 mv:13864 misc:2871 icu:40.00 pcu:717.25 scu:538.75 tlayer:3 pbqpoffset:4.78 pbfactor:1.74 avgQpOffsetCutree:-0.88;
in:149 out:151 type:b q:28.82 q-aq:29.00 q-noVbv:28.82 q-Rceq:1.00 tex:9508 mv:8811 misc:2073 icu:21.00 pcu:680.00 scu:595.00 tlayer:4 pbqpoffset:7.78 pbfactor:2.46 avgQpOffsetCutree:0.00;
in:156 out:152 type:k q:21.73 q-aq:17.85 q-noVbv:21.73 q-Rceq:1.00 tex:204571 mv:29737 misc:3660 icu:436.75 pcu:788.25 scu:71.00 tlayer:0 pbqpoffset:1.95 pbfactor:1.25 avgQpOffsetCutree:-4.94;
in:154 out:153 type:B q:23.93 q-aq:22.38 q-noVbv:23.93 q-Rceq:1.00 tex:53313 mv:19212 misc:3347 icu:120.75 pcu:755.50 scu:419.75 tlayer:1 pbqpoffset:2.47 pbfactor:1.33 avgQpOffsetCutree:-2.19;
in:153 out:154 type:B q:24.29 q-aq:24.35 q-noVbv:24.29 q-Rceq:1.00 tex:31110 mv:15897 misc:2937 icu:59.00 pcu:797.75 scu:439.25 tlayer:2 pbqpoffset:2.97 pbfactor:1.41 avgQpOffsetCutree:-0.96;
in:152 out:155 type:b q:26.26 q-aq:26.18 q-noVbv:26.26 q-Rceq:1.00 tex:10970 mv:9098 misc:2404 icu:17.25 pcu:614.00 scu:664.75 tlayer:3 pbqpoffset:5.08 pbfactor:1.80 avgQpOffsetCutree:0.00;
in:155 out:156 type:b q:27.00 q-aq:27.04 q-noVbv:27.00 q-Rceq:1.00 tex:9764 mv:9229 misc:2207 icu:15.00 pcu:592.50 scu:688.50 tlayer:2 pbqpoffset:5.41 pbfactor:1.87 avgQpOffsetCutree:0.00;
in:172 out:157 type:k q:20.74 q-aq:16.99 q-noVbv:20.74 q-Rceq:1.00 tex:364510 mv:25649 misc:2417 icu:1217.50 pcu:78.50 scu:0.00 tlayer:0 pbqpoffset:1.51 pbfactor:1.19 avgQpOffsetCutree:-5.70;
in:164 out:158 type:B q:23.46 q-aq:20.24 q-noVbv:23.46 q-Rceq:1.00 tex:225303 mv:22247 misc:2570 icu:764.25 pcu:520.50 scu:11.25 tlayer:1 pbqpoffset:2.22 pbfactor:1.29 avgQpOffsetCutree:-4.44;
in:160 out:159 type:B q:23.71 q-aq:21.93 q-noVbv:23.71 q-Rceq:1.00 tex:131875 mv:23472 misc:3397 icu:484.25 pcu:732.75 scu:79.00 tlayer:2 pbqpoffset:2.22 pbfactor:1.29 avgQpOffsetCutree:-2.48;
in:158 out:160 type:B q:24.63 q-aq:22.95 q-noVbv:24.63 q-Rceq:1.00 tex:56302 mv:17980 misc:3718 icu:154.75 pcu:793.25 scu:348.00 tlayer:3 pbqpoffset:3.02 pbfactor:1.42 avgQpOffsetCutree:-2.05;
in:157 out:161 type:b q:28.14 q-aq:28.08 q-noVbv:28.14 q-Rceq:1.00 tex:8516 mv:9036 misc:2200 icu:16.25 pcu:706.00 scu:573.75 tlayer:4 pbqpoffset:6.47 pbfactor:2.11 avgQpOffsetCutree:0.00;
in:159 out:162 type:b q:26.64 q-aq:27.00 q-noVbv:26.64 q-Rceq:1.00 tex:15698 mv:8635 misc:2307 icu:52.25 pcu:657.75 scu:586.00 tlayer:4 pbqpoffset:5.10 pbfactor:1.80 avgQpOffsetCutree:0.00;
in:162 out:163 type:B q:24.99 q-aq:23.63 q-noVbv:24.99 q-Rceq:1.00 tex:40247 mv:18049 misc:3200 icu:71.75 pcu:810.25 scu:414.00 tlayer:3 pbqpoffset:3.63 pbfactor:1.52 avgQpOffsetCutree:-1.70;
in:161 out:164 type:b q:27.35 q-aq:27.27 q-noVbv:27.35 q-Rceq:1.00 tex:10467 mv:9587 misc:2226 icu:10.75 pcu:718.75 scu:566.50 tlayer:4 pbqpoffset:5.92 pbfactor:1.98 avgQpOffsetCutree:0.00;
in:163 out:165 type:b q:28.39 q-aq:28.30 q-noVbv:28.39 q-Rceq:1.00 tex:8326 mv:9384 misc:2186 icu:18.75 pcu:658.50 scu:618.75 tlayer:4 pbqpoffset:7.09 pbfactor:2.27 avgQpOffsetCutree:0.00;
in:168 out:166 type:B q:23.37 q-aq:20.47 q-noVbv:23.37 q-Rceq:1.00 tex:92358 mv:25424 misc:4018 icu:211.25 pcu:856.00 scu:228.75 tlayer:2 pbqpoffset:2.37 pbfactor:1.32 avgQpOffsetCutree:-3.26;
in:166 out:167 type:B q:25.01 q-aq:23.81 q-noVbv:25.01 q-Rceq:1.00 tex:35910 mv:15723 misc:3135 icu:86.25 pcu:845.00 scu:364.75 tlayer:3 pbqpoffset:3.90 pbfactor:1.57 avgQpOffsetCutree:-1.46;
in:165 out:168 type:b q:28.26 q-aq:28.10 q-noVbv:28.26 q-Rceq:1.00 tex:8583 mv:8445 misc:2036 icu:24.00 pcu:589.75 scu:682.25 tlayer:4 pbqpoffset:7.09 pbfactor:2.27 avgQpOffsetCutree:0.00;
in:167 out:169 type:b q:28.14 q-aq:28.01 q-noVbv:28.14 q-Rceq:1.00 tex:9055 mv:8828 misc:2069 icu:8.00 pcu:676.25 scu:611.75 tlayer:4 pbqpoffset:7.09 pbfactor:2.27 avgQpOffsetCutree:0.00;
in:170 out:170 type:B q:24.74 q-aq:23.82 q-noVbv:24.74 q-Rceq:1.00 tex:35468 mv:17221 misc:3103 icu:71.50 pcu:864.50 scu:360.00 tlayer:3 pbqpoffset:3.87 pbfactor:1.56 avgQpOffsetCutree:-1.58;
in:169 out:171 type:b q:28.02 q-aq:28.02 q-noVbv:28.02 q-Rceq:1.00 tex:9379 mv:9072 misc:2173 icu:13.50 pcu:664.75 scu:617.75 tlayer:4 pbqpoffset:7.09 pbfactor:2.27 avgQpOffsetCutree:0.00;
in:171 out:172 type:b q:27.42 q-aq:27.51 q-noVbv:27.42 q-Rceq:1.00 tex:9672 mv:9526 misc:2362 icu:23.75 pcu:695.75 scu:576.50 tlayer:4 pbqpoffset:6.62 pbfactor:2.15 avgQpOffsetCutree:0.00;
in:188 out:173 type:k q:20.99 q-aq:17.88 q-noVbv:20.99 q-Rceq:1.00 tex:333308 mv:25812 misc:2224 icu:1283.50 pcu:12.50 scu:0.00 tlayer:0 pbqpoffset:1.90 pbfactor:1.25 avgQpOffsetCutree:-5.15;
in:180 out:174 type:B q:23.47 q-aq:20.30 q-noVbv:23.47 q-Rceq:1.00 tex:236350 mv:28429 misc:2669 icu:716.00 pcu:578.50 scu:1.50 tlayer:1 pbqpoffset:2.60 pbfactor:1.35 avgQpOffsetCutree:-4.61;
in:176 out:175 type:B q:23.40 q-aq:21.74 q-noVbv:23.40 q-Rceq:1.00 tex:150016 mv:27779 misc:3773 icu:565.25 pcu:670.75 scu:60.00 tlayer:2 pbqpoffset:2.60 pbfactor:1.35 avgQpOffsetCutree:-2.49;
in:174 out:176 type:B q:24.44 q-aq:22.89 q-noVbv:24.44 q-Rceq:1.00 tex:52979 mv:17423 misc:3406 icu:158.25 pcu:778.50 scu:359.25 tlayer:3 pbqpoffset:3.66 pbfactor:1.53 avgQpOffsetCutree:-1.95;
in:173 out:177 type:b q:28.22 q-aq:28.07 q-noVbv:28.22 q-Rceq:1.00 tex:9240 mv:9310 misc:2162 icu:21.25 pcu:673.75 scu:601.00 tlayer:4 pbqpoffset:7.46 pbfactor:2.37 avgQpOffsetCutree:0.00;
in:175 out:178 type:b q:26.06 q-aq:26.08 q-noVbv:26.06 q-Rceq:1.00 tex:19944 mv:10591 misc:2873 icu:55.00 pcu:682.75 scu:558.25 tlayer:4 pbqpoffset:5.27 pbfactor:1.84 avgQpOffsetCutree:0.00;
in:178 out:179 type:B q:24.76 q-aq:23.67 q-noVbv:24.76 q-Rceq:1.00 tex:44552 mv:21991 misc:3721 icu:79.25 pcu:928.50 scu:288.25 tlayer:3 pbqpoffset:3.92 pbfactor:1.57 avgQpOffsetCutree:-1.67;
in:177 out:180 type:b q:27.15 q-aq:27.13 q-noVbv:27.15 q-Rceq:1.00 tex:14537 mv:12507 misc:2556 icu:15.75 pcu:885.50 scu:394.75 tlayer:4 pbqpoffset:6.32 pbfactor:2.08 avgQpOffsetCutree:0.00;
in:179 out:181 type:b q:27.47 q-aq:27.65 q-noVbv:27.47 q-Rceq:1.00 tex:11600 mv:10860 misc:2308 icu:22.50 pcu:842.00 scu:431.50 tlayer:4 pbqpoffset:6.61 pbfactor:2.15 avgQpOffsetCutree:0.00;
in:184 out:182 type:B q:23.60 q-aq:20.93 q-noVbv:23.60 q-Rceq:1.00 tex:101245 mv:32319 misc:4444 icu:239.00 pcu:905.50 scu:151.50 tlayer:2 pbqpoffset:2.67 pbfactor:1.36 avgQpOffsetCutree:-3.13;
in:182 out:183 type:B q:24.84 q-aq:23.73 q-noVbv:24.84 q-Rceq:1.00 tex:39516 mv:20253 misc:3415 icu:102.25 pcu:923.75 scu:270.00 tlayer:3 pbqpoffset:3.94 pbfactor:1.58 avgQpOffsetCutree:-1.61;
in:181 out:184 type:b q:27.59 q-aq:28.00 q-noVbv:27.59 q-Rceq:1.00 tex:8900 mv:10041 misc:2107 icu:25.00 pcu:766.50 scu:504.50 tlayer:4 pbqpoffset:6.71 pbfactor:2.17 avgQpOffsetCutree:0.00;
in:183 out:185 type:b q:27.75 q-aq:28.01 q-noVbv:27.75 q-Rceq:1.00 tex:9229 mv:10660 misc:2359 icu:33.25 pcu:780.25 scu:482.50 tlayer:4 pbqpoffset:6.84 pbfactor:2.20 avgQpOffsetCutree:0.00;
in:186 out:186 type:B q:24.88 q-aq:23.81 q-noVbv:24.88 q-Rceq:1.00 tex:38675 mv:22115 misc:3914 icu:101.75 pcu:899.75 scu:294.50 tlayer:3 pbqpoffset:3.91 pbfactor:1.57 avgQpOffsetCutree:-1.67;
in:185 out:187 type:b q:27.85 q-aq:28.00 q-noVbv:27.85 q-Rceq:1.00 tex:9090 mv:10243 misc:2251 icu:37.50 pcu:792.00 scu:466.50 tlayer:4 pbqpoffset:6.90 pbfactor:2.22 avgQpOffsetCutree:0.00;
in:187 out:188 type:b q:27.78 q-aq:28.01 q-noVbv:27.78 q-Rceq:1.00 tex:9589 mv:10733 misc:2334 icu:37.75 pcu:766.50 scu:491.75 tlayer:4 pbqpoffset:6.80 pbfactor:2.19 avgQpOffsetCutree:0.00;
in:203 out:189 type:k q:21.49 q-aq:18.20 q-noVbv:21.49 q-Rceq:1.00 tex:289028 mv:24805 misc:2231 icu:1285.00 pcu:11.00 scu:0.00 tlayer:0 pbqpoffset:1.78 pbfactor:1.23 avgQpOffsetCutree:-5.10;
in:196 out:190 type:B q:23.81 q-aq:21.26 q-noVbv:23.81 q-Rceq:1.00 tex:213551 mv:22268 misc:2133 icu:1075.75 pcu:215.25 scu:5.00 tlayer:1 pbqpoffset:2.55 pbfactor:1.34 avgQpOffsetCutree:-4.11;
in:192 out:191 type:B q:23.67 q-aq:22.01 q-noVbv:23.67 q-Rceq:1.00 tex:138073 mv:24795 misc:3620 icu:658.50 pcu:572.00 scu:65.50 tlayer:2 pbqpoffset:2.55 pbfactor:1.34 avgQpOffsetCutree:-2.54;
in:190 out:192 type:B q:24.18 q-aq:22.77 q-noVbv:24.18 q-Rceq:1.00 tex:62391 mv:20542 misc:4107 icu:237.75 pcu:752.25 scu:306.00 tlayer:3 pbqpoffset:3.12 pbfactor:1.43 avgQpOffsetCutree:-1.98;
in:189 out:193 type:b q:27.61 q-aq:28.00 q-noVbv:27.61 q-Rceq:1.00 tex:9544 mv:10155 misc:2373 icu:33.00 pcu:772.50 scu:490.50 tlayer:4 pbqpoffset:6.58 pbfactor:2.14 avgQpOffsetCutree:0.00;
in:191 out:194 type:b q:26.10 q-aq:26.11 q-noVbv:26.10 q-Rceq:1.00 tex:17676 mv:10563 misc:2849 icu:80.00 pcu:606.25 scu:609.75 tlayer:4 pbqpoffset:5.01 pbfactor:1.78 avgQpOffsetCutree:0.00;
in:194 out:195 type:B q:24.64 q-aq:23.53 q-noVbv:24.64 q-Rceq:1.00 tex:50318 mv:22336 misc:4066 icu:125.75 pcu:881.00 scu:289.25 tlayer:3 pbqpoffset:3.45 pbfactor:1.49 avgQpOffsetCutree:-1.72;
in:193 out:196 type:b q:27.27 q-aq:27.22 q-noVbv:27.27 q-Rceq:1.00 tex:14192 mv:11915 misc:2421 icu:43.00 pcu:817.00 scu:436.00 tlayer:4 pbqpoffset:6.11 pbfactor:2.03 avgQpOffsetCutree:0.00;
in:195 out:197 type:b q:27.54 q-aq:28.00 q-noVbv:27.54 q-Rceq:1.00 tex:9960 mv:11197 misc:2419 icu:39.25 pcu:807.00 scu:449.75 tlayer:4 pbqpoffset:6.31 pbfactor:2.07 avgQpOffsetCutree:0.00;
in:200 out:198 type:B q:23.99 q-aq:21.70 q-noVbv:23.99 q-Rceq:1.00 tex:89403 mv:30069 misc:4592 icu:280.25 pcu:813.00 scu:202.75 tlayer:2 pbqpoffset:2.59 pbfactor:1.35 avgQpOffsetCutree:-2.84;
in:198 out:199 type:B q:24.91 q-aq:23.97 q-noVbv:24.91 q-Rceq:1.00 tex:41579 mv:21841 misc:3972 icu:134.75 pcu:896.50 scu:264.75 tlayer:3 pbqpoffset:3.58 pbfactor:1.51 avgQpOffsetCutree:-1.63;
in:197 out:200 type:b q:27.63 q-aq:28.00 q-noVbv:27.63 q-Rceq:1.00 tex:10128 mv:11152 misc:2256 icu:42.75 pcu:835.00 scu:418.25 tlayer:4 pbqpoffset:6.34 pbfactor:2.08 avgQpOffsetCutree:0.00;
in:199 out:201 type:b q:28.20 q-aq:28.06 q-noVbv:28.20 q-Rceq:1.00 tex:9529 mv:11093 misc:2242 icu:43.00 pcu:812.75 scu:440.25 tlayer:4 pbqpoffset:6.84 pbfactor:2.20 avgQpOffsetCutree:0.00;
in:202 out:202 type:B q:25.87 q-aq:26.07 q-noVbv:25.87 q-Rceq:1.00 tex:22310 mv:15535 misc:3075 icu:90.25 pcu:728.75 scu:477.00 tlayer:3 pbqpoffset:4.41 pbfactor:1.66 avgQpOffsetCutree:-0.70;
in:201 out:203 type:b q:28.06 q-aq:28.04 q-noVbv:28.06 q-Rceq:1.00 tex:9660 mv:10813 misc:2383 icu:34.75 pcu:809.75 scu:451.50 tlayer:4 pbqpoffset:6.63 pbfactor:2.15 avgQpOffsetCutree:0.00;
in:219 out:204 type:k q:21.39 q-aq:17.75 q-noVbv:21.39 q-Rceq:1.00 tex:302757 mv:25947 misc:2256 icu:1288.00 pcu:8.00 scu:0.00 tlayer:0 pbqpoffset:1.13 pbfactor:1.14 avgQpOffsetCutree:-5.29;
in:211 out:205 type:B q:23.86 q-aq:21.05 q-noVbv:23.86 q-Rceq:1.00 tex:211966 mv:23521 misc:2321 icu:1053.00 pcu:238.75 scu:4.25 tlayer:1 pbqpoffset:2.42 pbfactor:1.32 avgQpOffsetCutree:-4.25;
in:207 out:206 type:B q:23.89 q-aq:22.93 q-noVbv:23.89 q-Rceq:1.00 tex:104761 mv:24217 misc:3566 icu:450.25 pcu:754.25 scu:91.50 tlayer:2 pbqpoffset:2.42 pbfactor:1.32 avgQpOffsetCutree:-2.07;
in:205 out:207 type:B q:25.07 q-aq:23.99 q-noVbv:25.07 q-Rceq:1.00 tex:38141 mv:19922 misc:4009 icu:138.50 pcu:849.25 scu:308.25 tlayer:3 pbqpoffset:3.59 pbfactor:1.51 avgQpOffsetCutree:-1.57;
in:204 out:208 type:b q:27.99 q-aq:28.01 q-noVbv:27.99 q-Rceq:1.00 tex:9464 mv:10108 misc:2180 icu:43.75 pcu:770.50 scu:481.75 tlayer:4 pbqpoffset:6.50 pbfactor:2.12 avgQpOffsetCutree:0.00;
in:206 out:209 type:b q:27.96 q-aq:28.01 q-noVbv:27.96 q-Rceq:1.00 tex:12568 mv:11163 misc:2477 icu:53.25 pcu:747.50 scu:495.25 tlayer:4 pbqpoffset:6.48 pbfactor:2.11 avgQpOffsetCutree:0.00;
in:209 out:210 type:B q:24.27 q-aq:22.71 q-noVbv:24.27 q-Rceq:1.00 tex:86113 mv:21667 misc:4380 icu:304.50 pcu:717.25 scu:274.25 tlayer:3 pbqpoffset:2.82 pbfactor:1.38 avgQpOffsetCutree:-2.07;
in:208 out:211 type:b q:25.69 q-aq:26.05 q-noVbv:25.69 q-Rceq:1.00 tex:39654 mv:14530 misc:3592 icu:219.50 pcu:615.25 scu:461.25 tlayer:4 pbqpoffset:4.22 pbfactor:1.63 avgQpOffsetCutree:0.00;
in:210 out:212 type:b q:27.83 q-aq:28.04 q-noVbv:27.83 q-Rceq:1.00 tex:10056 mv:10831 misc:2281 icu:37.25 pcu:819.75 scu:439.00 tlayer:4 pbqpoffset:6.38 pbfactor:2.09 avgQpOffsetCutree:0.00;
in:215 out:213 type:B q:23.84 q-aq:21.31 q-noVbv:23.84 q-Rceq:1.00 tex:99233 mv:29933 misc:4202 icu:298.75 pcu:860.25 scu:137.00 tlayer:2 pbqpoffset:2.42 pbfactor:1.32 avgQpOffsetCutree:-3.08;
in:213 out:214 type:B q:24.99 q-aq:23.92 q-noVbv:24.99 q-Rceq:1.00 tex:42315 mv:21946 misc:3803 icu:146.25 pcu:862.75 scu:287.00 tlayer:3 pbqpoffset:3.56 pbfactor:1.51 avgQpOffsetCutree:-1.55;
in:212 out:215 type:b q:28.22 q-aq:28.10 q-noVbv:28.22 q-Rceq:1.00 tex:10727 mv:10346 misc:2335 icu:42.50 pcu:768.75 scu:484.75 tlayer:4 pbqpoffset:6.78 pbfactor:2.19 avgQpOffsetCutree:0.00;
in:214 out:216 type:b q:27.61 q-aq:28.00 q-noVbv:27.61 q-Rceq:1.00 tex:11193 mv:11158 misc:2361 icu:51.25 pcu:753.00 scu:491.75 tlayer:4 pbqpoffset:6.19 pbfactor:2.04 avgQpOffsetCutree:0.00;
in:217 out:217 type:B q:25.01 q-aq:23.95 q-noVbv:25.01 q-Rceq:1.00 tex:40152 mv:20010 misc:3830 icu:147.50 pcu:821.00 scu:327.50 tlayer:3 pbqpoffset:3.60 pbfactor:1.52 avgQpOffsetCutree:-1.59;
in:216 out:218 type:b q:27.59 q-aq:28.00 q-noVbv:27.59 q-Rceq:1.00 tex:11247 mv:10572 misc:2237 icu:53.50 pcu:717.25 scu:525.25 tlayer:4 pbqpoffset:6.18 pbfactor:2.04 avgQpOffsetCutree:0.00;
in:218 out:219 type:b q:28.01 q-aq:28.05 q-noVbv:28.01 q-Rceq:1.00 tex:12184 mv:10499 misc:2389 icu:50.75 pcu:685.00 scu:560.25 tlayer:4 pbqpoffset:6.61 pbfactor:2.15 avgQpOffsetCutree:0.00;
in:235 out:220 type:k q:21.41 q-aq:18.08 q-noVbv:21.41 q-Rceq:1.00 tex:270351 mv:26885 misc:2356 icu:1270.75 pcu:25.25 scu:0.00 tlayer:0 pbqpoffset:1.09 pbfactor:1.13 avgQpOffsetCutree:-4.77;
in:227 out:221 type:B q:23.68 q-aq:20.82 q-noVbv:23.68 q-Rceq:1.00 tex:212177 mv:22179 misc:2188 icu:1059.00 pcu:234.50 scu:2.50 tlayer:1 pbqpoffset:2.28 pbfactor:1.30 avgQpOffsetCutree:-4.28;
in:223 out:222 type:B q:23.68 q-aq:22.78 q-noVbv:23.68 q-Rceq:1.00 tex:105381 mv:23569 misc:3322 icu:435.50 pcu:788.75 scu:71.75 tlayer:2 pbqpoffset:2.28 pbfactor:1.30 avgQpOffsetCutree:-1.94;
in:221 out:223 type:B q:24.55 q-aq:23.22 q-noVbv:24.55 q-Rceq:1.00 tex:46648 mv:19982 misc:3594 icu:135.50 pcu:874.00 scu:286.50 tlayer:3 pbqpoffset:3.15 pbfactor:1.44 avgQpOffsetCutree:-1.60;
in:220 out:224 type:b q:26.89 q-aq:27.01 q-noVbv:26.89 q-Rceq:1.00 tex:13221 mv:11696 misc:2299 icu:50.00 pcu:754.00 scu:492.00 tlayer:4 pbqpoffset:5.50 pbfactor:1.89 avgQpOffsetCutree:0.00;
in:222 out:225 type:b q:27.15 q-aq:27.02 q-noVbv:27.15 q-Rceq:1.00 tex:13618 mv:11015 misc:2343 icu:63.75 pcu:781.00 scu:451.25 tlayer:4 pbqpoffset:5.75 pbfactor:1.94 avgQpOffsetCutree:0.00;
in:225 out:226 type:B q:24.02 q-aq:22.34 q-noVbv:24.02 q-Rceq:1.00 tex:84465 mv:19732 misc:3971 icu:266.25 pcu:784.00 scu:245.75 tlayer:3 pbqpoffset:2.62 pbfactor:1.35 avgQpOffsetCutree:-2.01;
in:224 out:227 type:b q:25.19 q-aq:25.19 q-noVbv:25.19 q-Rceq:1.00 tex:40847 mv:14512 misc:3425 icu:208.50 pcu:614.25 scu:473.25 tlayer:4 pbqpoffset:3.79 pbfactor:1.55 avgQpOffsetCutree:0.00;
in:226 out:228 type:b q:26.89 q-aq:27.01 q-noVbv:26.89 q-Rceq:1.00 tex:11066 mv:9760 misc:2270 icu:44.00 pcu:767.50 scu:484.50 tlayer:4 pbqpoffset:5.49 pbfactor:1.89 avgQpOffsetCutree:0.00;
in:231 out:229 type:B q:23.69 q-aq:21.14 q-noVbv:23.69 q-Rceq:1.00 tex:100546 mv:27864 misc:4094 icu:288.25 pcu:860.50 scu:147.25 tlayer:2 pbqpoffset:2.28 pbfactor:1.30 avgQpOffsetCutree:-2.92;
in:229 out:230 type:B q:24.46 q-aq:23.48 q-noVbv:24.46 q-Rceq:1.00 tex:45401 mv:19473 misc:3318 icu:132.25 pcu:898.75 scu:265.00 tlayer:3 pbqpoffset:3.06 pbfactor:1.42 avgQpOffsetCutree:-1.52;
in:228 out:231 type:b q:26.67 q-aq:27.01 q-noVbv:26.67 q-Rceq:1.00 tex:12371 mv:10948 misc:2249 icu:50.25 pcu:704.00 scu:541.75 tlayer:4 pbqpoffset:5.27 pbfactor:1.84 avgQpOffsetCutree:0.00;
in:230 out:232 type:b q:26.93 q-aq:27.02 q-noVbv:26.93 q-Rceq:1.00 tex:13370 mv:11879 misc:2375 icu:53.75 pcu:803.00 scu:439.25 tlayer:4 pbqpoffset:5.53 pbfactor:1.89 avgQpOffsetCutree:0.00;
in:233 out:233 type:B q:24.23 q-aq:23.05 q-noVbv:24.23 q-Rceq:1.00 tex:46764 mv:22157 misc:3535 icu:150.25 pcu:889.75 scu:256.00 tlayer:3 pbqpoffset:2.83 pbfactor:1.39 avgQpOffsetCutree:-1.62;
in:232 out:234 type:b q:26.73 q-aq:27.01 q-noVbv:26.73 q-Rceq:1.00 tex:13120 mv:11881 misc:2463 icu:65.50 pcu:800.00 scu:430.50 tlayer:4 pbqpoffset:5.33 pbfactor:1.85 avgQpOffsetCutree:0.00;
in:234 out:235 type:b q:27.13 q-aq:27.04 q-noVbv:27.13 q-Rceq:1.00 tex:10412 mv:10453 misc:2263 icu:57.25 pcu:721.00 scu:517.75 tlayer:4 pbqpoffset:5.72 pbfactor:1.94 avgQpOffsetCutree:0.00;
in:249 out:236 type:k q:22.50 q-aq:20.64 q-noVbv:22.50 q-Rceq:1.00 tex:198813 mv:19196 misc:2127 icu:1267.50 pcu:28.25 scu:0.25 tlayer:0 pbqpoffset:1.46 pbfactor:1.18 avgQpOffsetCutree:-3.19;
in:242 out:237 type:B q:24.07 q-aq:21.56 q-noVbv:24.07 q-Rceq:1.00 tex:180109 mv:18648 misc:2267 icu:1053.75 pcu:232.00 scu:10.25 tlayer:1 pbqpoffset:2.11 pbfactor:1.28 avgQpOffsetCutree:-3.65;
in:239 out:238 type:B q:23.83 q-aq:22.94 q-noVbv:23.83 q-Rceq:1.00 tex:93264 mv:23907 misc:3437 icu:512.75 pcu:690.25 scu:93.00 tlayer:2 pbqpoffset:2.11 pbfactor:1.28 avgQpOffsetCutree:-1.74;
in:237 out:239 type:B q:24.19 q-aq:23.03 q-noVbv:24.19 q-Rceq:1.00 tex:45354 mv:19789 misc:3585 icu:176.00 pcu:769.25 scu:350.75 tlayer:3 pbqpoffset:2.62 pbfactor:1.35 avgQpOffsetCutree:-1.56;
in:236 out:240 type:b q:26.47 q-aq:26.64 q-noVbv:26.47 q-Rceq:1.00 tex:12310 mv:10527 misc:2331 icu:50.50 pcu:702.00 scu:543.50 tlayer:4 pbqpoffset:4.98 pbfactor:1.78 avgQpOffsetCutree:0.00;
in:238 out:241 type:b q:26.45 q-aq:26.52 q-noVbv:26.45 q-Rceq:1.00 tex:12732 mv:11504 misc:2468 icu:69.00 pcu:739.00 scu:488.00 tlayer:4 pbqpoffset:4.81 pbfactor:1.74 avgQpOffsetCutree:0.00;
in:241 out:242 type:B q:24.68 q-aq:23.82 q-noVbv:24.68 q-Rceq:1.00 tex:43191 mv:13813 misc:3340 icu:181.75 pcu:616.25 scu:498.00 tlayer:3 pbqpoffset:2.80 pbfactor:1.38 avgQpOffsetCutree:-1.31;
in:240 out:243 type:b q:25.04 q-aq:25.15 q-noVbv:25.04 q-Rceq:1.00 tex:43190 mv:15563 misc:3191 icu:260.25 pcu:608.25 scu:427.50 tlayer:4 pbqpoffset:3.25 pbfactor:1.46 avgQpOffsetCutree:0.00;
in:246 out:244 type:B q:24.38 q-aq:22.32 q-noVbv:24.38 q-Rceq:1.00 tex:65020 mv:21296 misc:3860 icu:225.00 pcu:854.75 scu:216.25 tlayer:2 pbqpoffset:2.11 pbfactor:1.28 avgQpOffsetCutree:-2.57;
in:244 out:245 type:B q:25.08 q-aq:23.89 q-noVbv:25.08 q-Rceq:1.00 tex:35001 mv:16892 misc:3219 icu:138.50 pcu:832.25 scu:325.25 tlayer:3 pbqpoffset:2.97 pbfactor:1.41 avgQpOffsetCutree:-1.54;
in:243 out:246 type:b q:27.17 q-aq:27.13 q-noVbv:27.17 q-Rceq:1.00 tex:11130 mv:10013 misc:1993 icu:71.75 pcu:726.50 scu:497.75 tlayer:4 pbqpoffset:5.14 pbfactor:1.81 avgQpOffsetCutree:0.00;
in:245 out:247 type:b q:28.22 q-aq:28.10 q-noVbv:28.22 q-Rceq:1.00 tex:7531 mv:9496 misc:1989 icu:45.50 pcu:726.00 scu:524.50 tlayer:4 pbqpoffset:6.03 pbfactor:2.01 avgQpOffsetCutree:0.00;
in:248 out:248 type:B q:26.40 q-aq:26.13 q-noVbv:26.40 q-Rceq:1.00 tex:16047 mv:10655 misc:2434 icu:91.75 pcu:752.50 scu:451.75 tlayer:3 pbqpoffset:3.98 pbfactor:1.58 avgQpOffsetCutree:-0.94;
in:247 out:249 type:b q:29.03 q-aq:29.03 q-noVbv:29.03 q-Rceq:1.00 tex:6594 mv:8154 misc:1916 icu:43.50 pcu:599.50 scu:653.00 tlayer:4 pbqpoffset:6.69 pbfactor:2.16 avgQpOffsetCutree:0.00;
