000 (005.000.000) 2020-12-21 07:19:55 Job submitted from host: <10.0.0.63:9618?PrivAddr=%3c10.0.0.63:9618%3fsock%3dschedd_6827_5527%3e&PrivNet=ryzen7-1700x&addrs=10.0.0.63-9618&alias=ryzen7-1700x&noUDP&sock=schedd_6827_5527>
...
040 (005.000.000) 2020-12-21 07:20:13 Entered queue to transfer input files
	Transferring to host: <10.0.0.63:9618?PrivAddr=%3c10.0.0.63:9618%3fsock%3dslot4_6886_8f51_6%3e&PrivNet=ryzen7-1700x&addrs=10.0.0.63-9618&alias=ryzen7-1700x&noUDP&sock=slot4_6886_8f51_6>
...
040 (005.000.000) 2020-12-21 07:20:14 Started transferring input files
	Seconds spent in queue: 1
...
040 (005.000.000) 2020-12-21 07:20:14 Finished transferring input files
...
001 (005.000.000) 2020-12-21 07:20:15 Job executing on host: <10.0.0.63:9618?sock=startd_6827_5527>
...
006 (005.000.000) 2020-12-21 07:20:24 Image size of job updated: 294564
	186  -  MemoryUsage of job (MB)
	190464  -  ResidentSetSize of job (KB)
...
006 (005.000.000) 2020-12-21 07:25:24 Image size of job updated: 329400
	231  -  MemoryUsage of job (MB)
	236020  -  ResidentSetSize of job (KB)
...
040 (005.000.000) 2020-12-21 07:27:05 Started transferring output files
	Seconds spent in queue: 412
...
040 (005.000.000) 2020-12-21 07:27:06 Finished transferring output files
...
005 (005.000.000) 2020-12-21 07:27:06 Job terminated.
	(1) Normal termination (return value 0)
		Usr 0 00:06:47, Sys 0 00:00:00  -  Run Remote Usage
		Usr 0 00:00:00, Sys 0 00:00:00  -  Run Local Usage
		Usr 0 00:06:47, Sys 0 00:00:00  -  Total Remote Usage
		Usr 0 00:00:00, Sys 0 00:00:00  -  Total Local Usage
	2965364  -  Run Bytes Sent By Job
	4532560  -  Run Bytes Received By Job
	2965364  -  Total Bytes Sent By Job
	4532560  -  Total Bytes Received By Job
	Partitionable Resources :    Usage  Request Allocated 
	   Cpus                 :     1.00        1         1 
	   Disk (KB)            :  7337        4500   2904372 
	   Memory (MB)          :   231           5      2000 

	Job terminated of its own accord at 2020-12-21T12:27:05Z.
...
