#options: cpuid=1050111 frame-threads=1 no-wpp no-pmode no-pme psnr no-ssim log-level=2 bitdepth=8 input-csp=1 fps=25000/1000 input-res=768x432 interlace=0 total-frames=250 level-idc=0 high-tier=1 uhd-bd=0 ref=4 no-allow-non-conformance no-repeat-headers annexb no-aud no-hrd info hash=0 no-temporal-layers open-gop min-keyint=1 keyint=5000 bframes=15 b-adapt=2 b-pyramid bframe-bias=0 rc-lookahead=40 lookahead-slices=0 scenecut=40 no-intra-refresh ctu=64 min-cu-size=8 rect amp max-tu-size=32 tu-inter-depth=3 tu-intra-depth=3 limit-tu=4 rdoq-level=2 dynamic-rd=0.00 no-ssim-rd signhide no-tskip nr-intra=0 nr-inter=0 no-constrained-intra strong-intra-smoothing max-merge=4 limit-refs=1 limit-modes me=3 subme=4 merange=57 temporal-mvp weightp weightb no-analyze-src-pics deblock=0:0 sao no-sao-non-deblock rd=6 no-early-skip rskip no-fast-intra no-tskip-fast no-cu-lossless b-intra rdpenalty=0 psy-rd=0.00 psy-rdoq=0.00 no-rd-refine analysis-reuse-mode=0 no-lossless cbqpoffs=0 crqpoffs=0 rc=abr bitrate=2000 qcomp=0.60 qpstep=4 stats-write=1 stats-read=0 slow-firstpass ipratio=1.40 pbratio=1.30 aq-mode=1 aq-strength=0.00 cutree zone-count=0 no-strict-cbr qg-size=64 no-rc-grain qpmax=69 qpmin=0 no-const-vbv sar=0 overscan=0 videoformat=5 range=0 colorprim=2 transfer=2 colormatrix=2 chromaloc=0 display-window=0 max-cll=0,0 min-luma=0 max-luma=255 log2-max-poc-lsb=8 vui-timing-info vui-hrd-info slices=1 opt-qp-pps opt-ref-list-length-pps no-multi-pass-opt-rps scenecut-bias=0.05 no-opt-cu-delta-qp no-aq-motion no-hdr no-hdr-opt no-dhdr10-opt analysis-reuse-level=5 scale-factor=0 refine-intra=0 refine-inter=0 refine-mv=0 no-limit-sao ctu-info=0 max-tlayer=4
in:0 out:0 type:I q:24.58 q-aq:21.11 q-noVbv:24.58 q-Rceq:1.00 tex:310482 mv:38789 misc:2449 icu:1296.00 pcu:0.00 scu:0.00 tlayer:0 pbqpoffset:0.00 pbfactor:1.00 avgQpOffsetCutree:-4.78;
in:16 out:1 type:k q:27.49 q-aq:24.36 q-noVbv:27.49 q-Rceq:1.00 tex:188322 mv:29980 misc:2210 icu:1289.25 pcu:5.75 scu:1.00 tlayer:0 pbqpoffset:0.00 pbfactor:1.00 avgQpOffsetCutree:-4.92;
in:8 out:2 type:B q:30.53 q-aq:25.91 q-noVbv:30.53 q-Rceq:1.00 tex:123803 mv:22962 misc:3091 icu:622.50 pcu:654.50 scu:19.00 tlayer:1 pbqpoffset:3.04 pbfactor:1.42 avgQpOffsetCutree:-5.03;
in:4 out:3 type:B q:31.52 q-aq:28.17 q-noVbv:31.52 q-Rceq:1.00 tex:40980 mv:21632 misc:3668 icu:173.00 pcu:854.75 scu:268.25 tlayer:2 pbqpoffset:4.03 pbfactor:1.59 avgQpOffsetCutree:-3.12;
in:2 out:4 type:B q:32.40 q-aq:30.84 q-noVbv:32.40 q-Rceq:1.00 tex:14228 mv:15349 misc:2999 icu:42.75 pcu:810.00 scu:443.25 tlayer:3 pbqpoffset:4.91 pbfactor:1.76 avgQpOffsetCutree:-1.79;
in:1 out:5 type:b q:35.40 q-aq:35.11 q-noVbv:35.40 q-Rceq:1.00 tex:3233 mv:6362 misc:1821 icu:3.50 pcu:576.00 scu:716.50 tlayer:4 pbqpoffset:7.91 pbfactor:2.49 avgQpOffsetCutree:0.00;
in:3 out:6 type:b q:35.40 q-aq:35.08 q-noVbv:35.40 q-Rceq:1.00 tex:2749 mv:6968 misc:1891 icu:15.25 pcu:664.50 scu:616.25 tlayer:4 pbqpoffset:7.91 pbfactor:2.49 avgQpOffsetCutree:0.00;
in:6 out:7 type:B q:32.40 q-aq:30.86 q-noVbv:32.40 q-Rceq:1.00 tex:15498 mv:13745 misc:2973 icu:75.50 pcu:793.75 scu:426.75 tlayer:3 pbqpoffset:4.91 pbfactor:1.76 avgQpOffsetCutree:-1.73;
in:5 out:8 type:b q:35.40 q-aq:35.12 q-noVbv:35.40 q-Rceq:1.00 tex:2640 mv:6940 misc:1700 icu:20.75 pcu:672.75 scu:602.50 tlayer:4 pbqpoffset:7.91 pbfactor:2.49 avgQpOffsetCutree:0.00;
in:7 out:9 type:b q:35.40 q-aq:35.09 q-noVbv:35.40 q-Rceq:1.00 tex:2526 mv:6592 misc:1858 icu:8.25 pcu:671.00 scu:616.75 tlayer:4 pbqpoffset:7.91 pbfactor:2.49 avgQpOffsetCutree:0.00;
in:12 out:10 type:B q:31.20 q-aq:26.92 q-noVbv:31.20 q-Rceq:1.00 tex:55076 mv:19072 misc:3660 icu:283.75 pcu:874.00 scu:138.25 tlayer:2 pbqpoffset:3.71 pbfactor:1.54 avgQpOffsetCutree:-3.95;
in:10 out:11 type:B q:32.40 q-aq:30.87 q-noVbv:32.40 q-Rceq:1.00 tex:8151 mv:12859 misc:2446 icu:26.75 pcu:831.50 scu:437.75 tlayer:3 pbqpoffset:4.91 pbfactor:1.76 avgQpOffsetCutree:-1.65;
in:9 out:12 type:b q:35.40 q-aq:35.05 q-noVbv:35.40 q-Rceq:1.00 tex:2114 mv:5959 misc:1559 icu:5.25 pcu:672.75 scu:618.00 tlayer:4 pbqpoffset:7.91 pbfactor:2.49 avgQpOffsetCutree:0.00;
in:11 out:13 type:b q:35.40 q-aq:35.00 q-noVbv:35.40 q-Rceq:1.00 tex:631 mv:4923 misc:1286 icu:2.50 pcu:637.25 scu:656.25 tlayer:4 pbqpoffset:7.91 pbfactor:2.49 avgQpOffsetCutree:0.00;
in:14 out:14 type:B q:32.40 q-aq:29.98 q-noVbv:32.40 q-Rceq:1.00 tex:10930 mv:9542 misc:2808 icu:71.00 pcu:694.50 scu:530.50 tlayer:3 pbqpoffset:4.91 pbfactor:1.76 avgQpOffsetCutree:-2.25;
in:13 out:15 type:b q:35.40 q-aq:35.00 q-noVbv:35.40 q-Rceq:1.00 tex:160 mv:2942 misc:906 icu:3.00 pcu:496.75 scu:796.25 tlayer:4 pbqpoffset:7.91 pbfactor:2.49 avgQpOffsetCutree:0.00;
in:15 out:16 type:b q:35.40 q-aq:35.00 q-noVbv:35.40 q-Rceq:1.00 tex:1083 mv:3013 misc:1568 icu:100.00 pcu:274.00 scu:922.00 tlayer:4 pbqpoffset:7.91 pbfactor:2.49 avgQpOffsetCutree:0.00;
in:22 out:17 type:k q:23.49 q-aq:18.98 q-noVbv:23.49 q-Rceq:1.00 tex:268471 mv:32376 misc:3121 icu:622.00 pcu:664.75 scu:9.25 tlayer:0 pbqpoffset:0.00 pbfactor:1.00 avgQpOffsetCutree:-4.79;
in:19 out:18 type:B q:27.85 q-aq:25.24 q-noVbv:27.85 q-Rceq:1.00 tex:48626 mv:24678 misc:3712 icu:115.50 pcu:921.25 scu:259.25 tlayer:1 pbqpoffset:2.36 pbfactor:1.31 avgQpOffsetCutree:-2.52;
in:18 out:19 type:B q:29.56 q-aq:29.36 q-noVbv:29.56 q-Rceq:1.00 tex:12735 mv:14485 misc:2812 icu:26.00 pcu:816.00 scu:454.00 tlayer:2 pbqpoffset:3.40 pbfactor:1.48 avgQpOffsetCutree:-0.89;
in:17 out:20 type:b q:32.08 q-aq:32.00 q-noVbv:32.08 q-Rceq:1.00 tex:6004 mv:8752 misc:1940 icu:5.50 pcu:743.50 scu:547.00 tlayer:3 pbqpoffset:5.25 pbfactor:1.83 avgQpOffsetCutree:0.00;
in:21 out:21 type:B q:27.86 q-aq:27.71 q-noVbv:27.86 q-Rceq:1.00 tex:13234 mv:14382 misc:2968 icu:30.50 pcu:684.75 scu:580.75 tlayer:2 pbqpoffset:3.71 pbfactor:1.53 avgQpOffsetCutree:-0.85;
in:20 out:22 type:b q:30.05 q-aq:30.00 q-noVbv:30.05 q-Rceq:1.00 tex:6468 mv:9912 misc:2100 icu:10.50 pcu:736.50 scu:549.00 tlayer:3 pbqpoffset:5.22 pbfactor:1.83 avgQpOffsetCutree:0.00;
in:27 out:23 type:k q:23.95 q-aq:20.25 q-noVbv:23.95 q-Rceq:1.00 tex:184822 mv:29769 misc:3201 icu:549.75 pcu:732.50 scu:13.75 tlayer:0 pbqpoffset:0.00 pbfactor:1.00 avgQpOffsetCutree:-4.61;
in:25 out:24 type:B q:25.98 q-aq:24.11 q-noVbv:25.98 q-Rceq:1.00 tex:43149 mv:24521 misc:3802 icu:96.25 pcu:872.00 scu:327.75 tlayer:1 pbqpoffset:2.21 pbfactor:1.29 avgQpOffsetCutree:-2.04;
in:24 out:25 type:B q:26.49 q-aq:26.24 q-noVbv:26.49 q-Rceq:1.00 tex:21812 mv:19176 misc:3396 icu:36.25 pcu:885.75 scu:374.00 tlayer:2 pbqpoffset:2.81 pbfactor:1.38 avgQpOffsetCutree:-0.92;
in:23 out:26 type:b q:27.96 q-aq:28.00 q-noVbv:27.96 q-Rceq:1.00 tex:9369 mv:12210 misc:2597 icu:13.25 pcu:795.00 scu:487.75 tlayer:3 pbqpoffset:4.38 pbfactor:1.66 avgQpOffsetCutree:0.00;
in:26 out:27 type:b q:29.09 q-aq:29.01 q-noVbv:29.09 q-Rceq:1.00 tex:2387 mv:8697 misc:1892 icu:5.50 pcu:669.50 scu:621.00 tlayer:2 pbqpoffset:5.23 pbfactor:1.83 avgQpOffsetCutree:0.00;
in:31 out:28 type:k q:23.99 q-aq:20.70 q-noVbv:23.99 q-Rceq:1.00 tex:117120 mv:26974 misc:3714 icu:437.50 pcu:768.50 scu:90.00 tlayer:0 pbqpoffset:0.00 pbfactor:1.00 avgQpOffsetCutree:-3.40;
in:29 out:29 type:B q:26.08 q-aq:25.01 q-noVbv:26.08 q-Rceq:1.00 tex:13735 mv:14669 misc:3292 icu:29.75 pcu:732.50 scu:533.75 tlayer:1 pbqpoffset:2.11 pbfactor:1.28 avgQpOffsetCutree:-1.39;
in:28 out:30 type:b q:27.27 q-aq:27.01 q-noVbv:27.27 q-Rceq:1.00 tex:2409 mv:6820 misc:1923 icu:3.00 pcu:631.50 scu:661.50 tlayer:2 pbqpoffset:3.30 pbfactor:1.46 avgQpOffsetCutree:0.00;
in:30 out:31 type:b q:30.56 q-aq:31.00 q-noVbv:30.56 q-Rceq:1.00 tex:736 mv:3019 misc:1069 icu:4.25 pcu:479.75 scu:812.00 tlayer:2 pbqpoffset:6.58 pbfactor:2.14 avgQpOffsetCutree:0.00;
in:47 out:32 type:k q:20.32 q-aq:16.93 q-noVbv:20.32 q-Rceq:1.00 tex:347485 mv:29041 misc:2330 icu:1280.25 pcu:15.75 scu:0.00 tlayer:0 pbqpoffset:0.00 pbfactor:1.00 avgQpOffsetCutree:-5.06;
in:39 out:33 type:B q:24.15 q-aq:20.48 q-noVbv:24.15 q-Rceq:1.00 tex:217474 mv:29976 misc:2982 icu:753.75 pcu:535.25 scu:7.00 tlayer:1 pbqpoffset:1.99 pbfactor:1.26 avgQpOffsetCutree:-4.83;
in:35 out:34 type:B q:25.07 q-aq:21.45 q-noVbv:25.07 q-Rceq:1.00 tex:153972 mv:26362 misc:3738 icu:460.25 pcu:778.00 scu:57.75 tlayer:2 pbqpoffset:1.99 pbfactor:1.26 avgQpOffsetCutree:-3.77;
in:33 out:35 type:B q:26.10 q-aq:24.14 q-noVbv:26.10 q-Rceq:1.00 tex:74009 mv:21181 misc:4226 icu:270.50 pcu:707.50 scu:318.00 tlayer:3 pbqpoffset:2.57 pbfactor:1.35 avgQpOffsetCutree:-2.14;
in:32 out:36 type:b q:28.93 q-aq:29.00 q-noVbv:28.93 q-Rceq:1.00 tex:16199 mv:11373 misc:3228 icu:93.00 pcu:632.50 scu:570.50 tlayer:4 pbqpoffset:5.16 pbfactor:1.82 avgQpOffsetCutree:0.00;
in:34 out:37 type:b q:30.16 q-aq:30.00 q-noVbv:30.16 q-Rceq:1.00 tex:7391 mv:9133 misc:2220 icu:8.00 pcu:695.00 scu:593.00 tlayer:4 pbqpoffset:6.86 pbfactor:2.21 avgQpOffsetCutree:0.00;
in:37 out:38 type:B q:26.46 q-aq:25.25 q-noVbv:26.46 q-Rceq:1.00 tex:30963 mv:20358 misc:3655 icu:76.50 pcu:806.50 scu:413.00 tlayer:3 pbqpoffset:3.84 pbfactor:1.56 avgQpOffsetCutree:-1.55;
in:36 out:39 type:b q:29.70 q-aq:30.00 q-noVbv:29.70 q-Rceq:1.00 tex:5012 mv:8892 misc:2072 icu:12.75 pcu:704.00 scu:579.25 tlayer:4 pbqpoffset:6.86 pbfactor:2.21 avgQpOffsetCutree:0.00;
in:38 out:40 type:b q:29.25 q-aq:29.04 q-noVbv:29.25 q-Rceq:1.00 tex:6976 mv:10799 misc:2201 icu:15.25 pcu:811.25 scu:469.50 tlayer:4 pbqpoffset:6.86 pbfactor:2.21 avgQpOffsetCutree:0.00;
in:43 out:41 type:B q:23.51 q-aq:20.30 q-noVbv:23.51 q-Rceq:1.00 tex:118088 mv:32763 misc:4549 icu:230.75 pcu:905.50 scu:159.75 tlayer:2 pbqpoffset:2.27 pbfactor:1.30 avgQpOffsetCutree:-3.21;
in:41 out:42 type:B q:25.10 q-aq:23.80 q-noVbv:25.10 q-Rceq:1.00 tex:42702 mv:23524 misc:3838 icu:92.50 pcu:891.00 scu:312.50 tlayer:3 pbqpoffset:3.40 pbfactor:1.48 avgQpOffsetCutree:-1.62;
in:40 out:43 type:b q:28.75 q-aq:29.00 q-noVbv:28.75 q-Rceq:1.00 tex:7002 mv:10510 misc:2320 icu:12.25 pcu:708.75 scu:575.00 tlayer:4 pbqpoffset:6.82 pbfactor:2.20 avgQpOffsetCutree:0.00;
in:42 out:44 type:b q:28.12 q-aq:28.00 q-noVbv:28.12 q-Rceq:1.00 tex:8608 mv:11952 misc:2408 icu:9.75 pcu:753.50 scu:532.75 tlayer:4 pbqpoffset:6.64 pbfactor:2.15 avgQpOffsetCutree:0.00;
in:45 out:45 type:B q:24.64 q-aq:23.47 q-noVbv:24.64 q-Rceq:1.00 tex:26935 mv:20312 misc:3497 icu:30.75 pcu:860.25 scu:405.00 tlayer:3 pbqpoffset:3.86 pbfactor:1.56 avgQpOffsetCutree:-1.53;
in:44 out:46 type:b q:27.87 q-aq:28.00 q-noVbv:27.87 q-Rceq:1.00 tex:3369 mv:8441 misc:2014 icu:1.50 pcu:635.50 scu:659.00 tlayer:4 pbqpoffset:6.86 pbfactor:2.21 avgQpOffsetCutree:0.00;
in:46 out:47 type:b q:27.41 q-aq:27.08 q-noVbv:27.41 q-Rceq:1.00 tex:2014 mv:6835 misc:1759 icu:2.75 pcu:653.75 scu:639.50 tlayer:4 pbqpoffset:6.86 pbfactor:2.21 avgQpOffsetCutree:0.00;
in:63 out:48 type:k q:20.68 q-aq:17.57 q-noVbv:20.68 q-Rceq:1.00 tex:347248 mv:24995 misc:2237 icu:1281.00 pcu:15.00 scu:0.00 tlayer:0 pbqpoffset:0.00 pbfactor:1.00 avgQpOffsetCutree:-5.26;
in:55 out:49 type:B q:23.14 q-aq:19.65 q-noVbv:23.14 q-Rceq:1.00 tex:231631 mv:28656 misc:2761 icu:689.25 pcu:595.00 scu:11.75 tlayer:1 pbqpoffset:2.64 pbfactor:1.36 avgQpOffsetCutree:-4.94;
in:51 out:50 type:B q:23.05 q-aq:20.15 q-noVbv:23.05 q-Rceq:1.00 tex:181564 mv:27718 misc:3718 icu:497.00 pcu:739.75 scu:59.25 tlayer:2 pbqpoffset:2.64 pbfactor:1.36 avgQpOffsetCutree:-3.73;
in:49 out:51 type:B q:23.70 q-aq:22.00 q-noVbv:23.70 q-Rceq:1.00 tex:105769 mv:23423 misc:4168 icu:253.50 pcu:796.75 scu:245.75 tlayer:3 pbqpoffset:3.34 pbfactor:1.47 avgQpOffsetCutree:-2.24;
in:48 out:52 type:b q:26.01 q-aq:26.08 q-noVbv:26.01 q-Rceq:1.00 tex:31479 mv:15249 misc:3648 icu:120.00 pcu:607.50 scu:568.50 tlayer:4 pbqpoffset:5.67 pbfactor:1.92 avgQpOffsetCutree:0.00;
in:50 out:53 type:b q:27.89 q-aq:28.00 q-noVbv:27.89 q-Rceq:1.00 tex:7362 mv:10308 misc:2210 icu:12.00 pcu:703.50 scu:580.50 tlayer:4 pbqpoffset:7.50 pbfactor:2.38 avgQpOffsetCutree:0.00;
in:53 out:54 type:B q:24.96 q-aq:23.85 q-noVbv:24.96 q-Rceq:1.00 tex:38545 mv:21969 misc:3734 icu:68.25 pcu:839.75 scu:388.00 tlayer:3 pbqpoffset:4.50 pbfactor:1.68 avgQpOffsetCutree:-1.60;
in:52 out:55 type:b q:27.94 q-aq:28.00 q-noVbv:27.94 q-Rceq:1.00 tex:7480 mv:9868 misc:2324 icu:9.75 pcu:687.00 scu:599.25 tlayer:4 pbqpoffset:7.50 pbfactor:2.38 avgQpOffsetCutree:0.00;
in:54 out:56 type:b q:27.98 q-aq:28.00 q-noVbv:27.98 q-Rceq:1.00 tex:6507 mv:9626 misc:2411 icu:4.75 pcu:684.00 scu:607.25 tlayer:4 pbqpoffset:7.50 pbfactor:2.38 avgQpOffsetCutree:0.00;
in:59 out:57 type:B q:24.08 q-aq:21.29 q-noVbv:24.08 q-Rceq:1.00 tex:91776 mv:29567 misc:4281 icu:211.00 pcu:874.75 scu:210.25 tlayer:2 pbqpoffset:3.49 pbfactor:1.50 avgQpOffsetCutree:-3.05;
in:57 out:58 type:B q:25.05 q-aq:23.86 q-noVbv:25.05 q-Rceq:1.00 tex:37420 mv:22263 misc:3637 icu:78.50 pcu:926.50 scu:291.00 tlayer:3 pbqpoffset:4.50 pbfactor:1.68 avgQpOffsetCutree:-1.61;
in:56 out:59 type:b q:28.02 q-aq:28.00 q-noVbv:28.02 q-Rceq:1.00 tex:7317 mv:10298 misc:2273 icu:15.50 pcu:702.50 scu:578.00 tlayer:4 pbqpoffset:7.50 pbfactor:2.38 avgQpOffsetCutree:0.00;
in:58 out:60 type:b q:28.07 q-aq:28.01 q-noVbv:28.07 q-Rceq:1.00 tex:7060 mv:10159 misc:2349 icu:8.25 pcu:714.50 scu:573.25 tlayer:4 pbqpoffset:7.50 pbfactor:2.38 avgQpOffsetCutree:0.00;
in:61 out:61 type:B q:25.13 q-aq:23.74 q-noVbv:25.13 q-Rceq:1.00 tex:28256 mv:20468 misc:3740 icu:56.00 pcu:835.00 scu:405.00 tlayer:3 pbqpoffset:4.50 pbfactor:1.68 avgQpOffsetCutree:-1.74;
in:60 out:62 type:b q:28.11 q-aq:28.02 q-noVbv:28.11 q-Rceq:1.00 tex:7095 mv:10073 misc:2320 icu:8.50 pcu:781.75 scu:505.75 tlayer:4 pbqpoffset:7.50 pbfactor:2.38 avgQpOffsetCutree:0.00;
in:62 out:63 type:b q:28.16 q-aq:28.04 q-noVbv:28.16 q-Rceq:1.00 tex:2310 mv:7613 misc:1845 icu:3.00 pcu:651.00 scu:642.00 tlayer:4 pbqpoffset:7.50 pbfactor:2.38 avgQpOffsetCutree:0.00;
in:79 out:64 type:k q:20.61 q-aq:17.07 q-noVbv:20.61 q-Rceq:1.00 tex:380060 mv:26151 misc:2181 icu:1269.50 pcu:26.50 scu:0.00 tlayer:0 pbqpoffset:1.21 pbfactor:1.15 avgQpOffsetCutree:-5.59;
in:71 out:65 type:B q:23.43 q-aq:19.58 q-noVbv:23.43 q-Rceq:1.00 tex:237104 mv:29186 misc:2926 icu:623.00 pcu:663.75 scu:9.25 tlayer:1 pbqpoffset:2.79 pbfactor:1.38 avgQpOffsetCutree:-5.13;
in:67 out:66 type:B q:23.68 q-aq:20.40 q-noVbv:23.68 q-Rceq:1.00 tex:174679 mv:26151 misc:4018 icu:430.50 pcu:811.75 scu:53.75 tlayer:2 pbqpoffset:3.02 pbfactor:1.42 avgQpOffsetCutree:-3.81;
in:65 out:67 type:B q:24.50 q-aq:22.74 q-noVbv:24.50 q-Rceq:1.00 tex:85405 mv:21348 misc:4471 icu:222.50 pcu:725.75 scu:347.75 tlayer:3 pbqpoffset:3.83 pbfactor:1.56 avgQpOffsetCutree:-2.17;
in:64 out:68 type:b q:26.78 q-aq:27.00 q-noVbv:26.78 q-Rceq:1.00 tex:23561 mv:12518 misc:3089 icu:93.50 pcu:650.50 scu:552.00 tlayer:4 pbqpoffset:6.10 pbfactor:2.02 avgQpOffsetCutree:0.00;
in:66 out:69 type:b q:28.32 q-aq:28.17 q-noVbv:28.32 q-Rceq:1.00 tex:6753 mv:9726 misc:2313 icu:9.00 pcu:737.75 scu:549.25 tlayer:4 pbqpoffset:7.65 pbfactor:2.42 avgQpOffsetCutree:0.00;
in:69 out:70 type:B q:25.30 q-aq:24.36 q-noVbv:25.30 q-Rceq:1.00 tex:36214 mv:20400 misc:3314 icu:58.75 pcu:855.25 scu:382.00 tlayer:3 pbqpoffset:4.65 pbfactor:1.71 avgQpOffsetCutree:-1.60;
in:68 out:71 type:b q:28.31 q-aq:28.15 q-noVbv:28.31 q-Rceq:1.00 tex:8132 mv:9687 misc:2469 icu:7.25 pcu:656.50 scu:632.25 tlayer:4 pbqpoffset:7.65 pbfactor:2.42 avgQpOffsetCutree:0.00;
in:70 out:72 type:b q:28.30 q-aq:28.09 q-noVbv:28.30 q-Rceq:1.00 tex:6905 mv:9623 misc:2440 icu:7.00 pcu:686.00 scu:603.00 tlayer:4 pbqpoffset:7.65 pbfactor:2.42 avgQpOffsetCutree:0.00;
in:75 out:73 type:B q:24.40 q-aq:21.53 q-noVbv:24.40 q-Rceq:1.00 tex:89052 mv:28505 misc:4427 icu:165.75 pcu:946.25 scu:184.00 tlayer:2 pbqpoffset:3.77 pbfactor:1.55 avgQpOffsetCutree:-3.06;
in:73 out:74 type:B q:25.29 q-aq:24.17 q-noVbv:25.29 q-Rceq:1.00 tex:37108 mv:21596 misc:3848 icu:62.00 pcu:875.50 scu:358.50 tlayer:3 pbqpoffset:4.65 pbfactor:1.71 avgQpOffsetCutree:-1.67;
in:72 out:75 type:b q:28.29 q-aq:28.08 q-noVbv:28.29 q-Rceq:1.00 tex:7477 mv:9477 misc:2310 icu:8.00 pcu:764.00 scu:524.00 tlayer:4 pbqpoffset:7.65 pbfactor:2.42 avgQpOffsetCutree:0.00;
in:74 out:76 type:b q:28.28 q-aq:28.14 q-noVbv:28.28 q-Rceq:1.00 tex:7876 mv:10317 misc:2455 icu:4.50 pcu:797.50 scu:494.00 tlayer:4 pbqpoffset:7.65 pbfactor:2.42 avgQpOffsetCutree:0.00;
in:77 out:77 type:B q:25.27 q-aq:24.10 q-noVbv:25.27 q-Rceq:1.00 tex:26757 mv:19395 misc:3440 icu:33.50 pcu:902.00 scu:360.50 tlayer:3 pbqpoffset:4.65 pbfactor:1.71 avgQpOffsetCutree:-1.67;
in:76 out:78 type:b q:28.27 q-aq:28.09 q-noVbv:28.27 q-Rceq:1.00 tex:6442 mv:10199 misc:2279 icu:4.50 pcu:764.50 scu:527.00 tlayer:4 pbqpoffset:7.65 pbfactor:2.42 avgQpOffsetCutree:0.00;
in:78 out:79 type:b q:28.26 q-aq:28.05 q-noVbv:28.26 q-Rceq:1.00 tex:2417 mv:7012 misc:1723 icu:1.75 pcu:714.50 scu:579.75 tlayer:4 pbqpoffset:7.65 pbfactor:2.42 avgQpOffsetCutree:0.00;
in:93 out:80 type:k q:21.57 q-aq:18.00 q-noVbv:21.57 q-Rceq:1.00 tex:376758 mv:23435 misc:2175 icu:1243.75 pcu:52.25 scu:0.00 tlayer:0 pbqpoffset:0.00 pbfactor:1.00 avgQpOffsetCutree:-5.85;
in:86 out:81 type:B q:23.95 q-aq:20.28 q-noVbv:23.95 q-Rceq:1.00 tex:216370 mv:26875 misc:3315 icu:490.25 pcu:777.00 scu:28.75 tlayer:1 pbqpoffset:2.86 pbfactor:1.39 avgQpOffsetCutree:-4.85;
in:83 out:82 type:B q:24.11 q-aq:21.24 q-noVbv:24.11 q-Rceq:1.00 tex:153757 mv:26438 misc:4661 icu:326.00 pcu:821.50 scu:148.50 tlayer:2 pbqpoffset:3.23 pbfactor:1.45 avgQpOffsetCutree:-3.54;
in:81 out:83 type:B q:24.34 q-aq:22.62 q-noVbv:24.34 q-Rceq:1.00 tex:111960 mv:23058 misc:4694 icu:229.75 pcu:820.75 scu:245.50 tlayer:3 pbqpoffset:3.59 pbfactor:1.51 avgQpOffsetCutree:-2.25;
in:80 out:84 type:b q:26.52 q-aq:26.94 q-noVbv:26.52 q-Rceq:1.00 tex:32891 mv:13188 misc:3585 icu:110.50 pcu:597.25 scu:588.25 tlayer:4 pbqpoffset:5.84 pbfactor:1.96 avgQpOffsetCutree:0.00;
in:82 out:85 type:b q:28.54 q-aq:29.00 q-noVbv:28.54 q-Rceq:1.00 tex:9257 mv:9718 misc:2273 icu:9.00 pcu:718.50 scu:568.50 tlayer:4 pbqpoffset:7.72 pbfactor:2.44 avgQpOffsetCutree:0.00;
in:85 out:86 type:B q:25.74 q-aq:25.84 q-noVbv:25.74 q-Rceq:1.00 tex:21079 mv:15986 misc:3367 icu:28.75 pcu:824.50 scu:442.75 tlayer:3 pbqpoffset:4.72 pbfactor:1.73 avgQpOffsetCutree:-0.88;
in:84 out:87 type:b q:28.41 q-aq:28.61 q-noVbv:28.41 q-Rceq:1.00 tex:10324 mv:10288 misc:2412 icu:11.75 pcu:744.00 scu:540.25 tlayer:4 pbqpoffset:7.46 pbfactor:2.37 avgQpOffsetCutree:0.00;
in:90 out:88 type:B q:25.43 q-aq:22.72 q-noVbv:25.43 q-Rceq:1.00 tex:64706 mv:23518 misc:3872 icu:137.75 pcu:893.50 scu:264.75 tlayer:2 pbqpoffset:4.07 pbfactor:1.60 avgQpOffsetCutree:-2.89;
in:88 out:89 type:B q:25.95 q-aq:24.77 q-noVbv:25.95 q-Rceq:1.00 tex:33367 mv:18949 misc:3588 icu:63.50 pcu:893.00 scu:339.50 tlayer:3 pbqpoffset:4.72 pbfactor:1.73 avgQpOffsetCutree:-1.68;
in:87 out:90 type:b q:28.88 q-aq:29.01 q-noVbv:28.88 q-Rceq:1.00 tex:7909 mv:9085 misc:2214 icu:10.75 pcu:747.75 scu:537.50 tlayer:4 pbqpoffset:7.72 pbfactor:2.44 avgQpOffsetCutree:0.00;
in:89 out:91 type:b q:29.02 q-aq:29.01 q-noVbv:29.02 q-Rceq:1.00 tex:6475 mv:8909 misc:2256 icu:5.50 pcu:715.25 scu:575.25 tlayer:4 pbqpoffset:7.72 pbfactor:2.44 avgQpOffsetCutree:0.00;
in:92 out:92 type:B q:26.22 q-aq:26.37 q-noVbv:26.22 q-Rceq:1.00 tex:12841 mv:11940 misc:2811 icu:24.75 pcu:644.00 scu:627.25 tlayer:3 pbqpoffset:4.72 pbfactor:1.73 avgQpOffsetCutree:-0.94;
in:91 out:93 type:b q:29.16 q-aq:29.03 q-noVbv:29.16 q-Rceq:1.00 tex:7105 mv:8914 misc:2077 icu:6.25 pcu:710.50 scu:579.25 tlayer:4 pbqpoffset:7.72 pbfactor:2.44 avgQpOffsetCutree:0.00;
in:107 out:94 type:k q:21.43 q-aq:17.68 q-noVbv:21.43 q-Rceq:1.00 tex:377918 mv:25155 misc:2143 icu:1222.00 pcu:74.00 scu:0.00 tlayer:0 pbqpoffset:0.86 pbfactor:1.10 avgQpOffsetCutree:-6.00;
in:100 out:95 type:B q:24.40 q-aq:20.85 q-noVbv:24.40 q-Rceq:1.00 tex:188055 mv:25638 misc:3603 icu:477.25 pcu:774.50 scu:44.25 tlayer:1 pbqpoffset:2.90 pbfactor:1.40 avgQpOffsetCutree:-4.66;
in:97 out:96 type:B q:25.02 q-aq:22.79 q-noVbv:25.02 q-Rceq:1.00 tex:108216 mv:21097 misc:4239 icu:292.00 pcu:785.50 scu:218.50 tlayer:2 pbqpoffset:3.49 pbfactor:1.50 avgQpOffsetCutree:-2.58;
in:95 out:97 type:B q:26.31 q-aq:26.44 q-noVbv:26.31 q-Rceq:1.00 tex:19303 mv:11538 misc:3055 icu:75.75 pcu:630.25 scu:590.00 tlayer:3 pbqpoffset:4.76 pbfactor:1.73 avgQpOffsetCutree:-0.74;
in:94 out:98 type:b q:29.32 q-aq:29.01 q-noVbv:29.32 q-Rceq:1.00 tex:1274 mv:5521 misc:1437 icu:2.50 pcu:642.00 scu:651.50 tlayer:4 pbqpoffset:7.76 pbfactor:2.45 avgQpOffsetCutree:0.00;
in:96 out:99 type:b q:27.13 q-aq:27.17 q-noVbv:27.13 q-Rceq:1.00 tex:24928 mv:11684 misc:3148 icu:106.75 pcu:557.75 scu:631.50 tlayer:4 pbqpoffset:5.60 pbfactor:1.91 avgQpOffsetCutree:0.00;
in:99 out:100 type:B q:26.27 q-aq:26.41 q-noVbv:26.27 q-Rceq:1.00 tex:16070 mv:13271 misc:2675 icu:19.00 pcu:794.75 scu:482.25 tlayer:3 pbqpoffset:4.76 pbfactor:1.73 avgQpOffsetCutree:-0.86;
in:98 out:101 type:b q:29.28 q-aq:29.23 q-noVbv:29.28 q-Rceq:1.00 tex:5520 mv:7922 misc:2046 icu:6.50 pcu:738.00 scu:551.50 tlayer:4 pbqpoffset:7.76 pbfactor:2.45 avgQpOffsetCutree:0.00;
in:104 out:102 type:B q:25.72 q-aq:23.03 q-noVbv:25.72 q-Rceq:1.00 tex:60281 mv:22358 misc:3929 icu:138.25 pcu:877.25 scu:280.50 tlayer:2 pbqpoffset:4.26 pbfactor:1.64 avgQpOffsetCutree:-2.81;
in:102 out:103 type:B q:26.25 q-aq:25.00 q-noVbv:26.25 q-Rceq:1.00 tex:31882 mv:17689 misc:3317 icu:64.25 pcu:848.75 scu:383.00 tlayer:3 pbqpoffset:4.76 pbfactor:1.73 avgQpOffsetCutree:-1.74;
in:101 out:104 type:b q:29.26 q-aq:29.19 q-noVbv:29.26 q-Rceq:1.00 tex:7640 mv:8309 misc:2131 icu:13.25 pcu:715.00 scu:567.75 tlayer:4 pbqpoffset:7.76 pbfactor:2.45 avgQpOffsetCutree:0.00;
in:103 out:105 type:b q:29.24 q-aq:29.04 q-noVbv:29.24 q-Rceq:1.00 tex:6528 mv:8600 misc:2056 icu:10.75 pcu:775.00 scu:510.25 tlayer:4 pbqpoffset:7.76 pbfactor:2.45 avgQpOffsetCutree:0.00;
in:106 out:106 type:B q:26.21 q-aq:26.19 q-noVbv:26.21 q-Rceq:1.00 tex:16599 mv:13740 misc:2893 icu:26.75 pcu:763.00 scu:506.25 tlayer:3 pbqpoffset:4.76 pbfactor:1.73 avgQpOffsetCutree:-0.90;
in:105 out:107 type:b q:29.22 q-aq:29.11 q-noVbv:29.22 q-Rceq:1.00 tex:6402 mv:8395 misc:2043 icu:11.75 pcu:692.75 scu:591.50 tlayer:4 pbqpoffset:7.76 pbfactor:2.45 avgQpOffsetCutree:0.00;
in:123 out:108 type:k q:21.09 q-aq:17.35 q-noVbv:21.09 q-Rceq:1.00 tex:394045 mv:28497 misc:2370 icu:1230.50 pcu:65.25 scu:0.25 tlayer:0 pbqpoffset:1.50 pbfactor:1.19 avgQpOffsetCutree:-6.00;
in:115 out:109 type:B q:24.15 q-aq:20.80 q-noVbv:24.15 q-Rceq:1.00 tex:198614 mv:27420 misc:3382 icu:538.75 pcu:725.00 scu:32.25 tlayer:1 pbqpoffset:2.89 pbfactor:1.40 avgQpOffsetCutree:-4.65;
in:111 out:110 type:B q:24.91 q-aq:23.68 q-noVbv:24.91 q-Rceq:1.00 tex:84835 mv:19917 misc:3400 icu:252.00 pcu:939.75 scu:104.25 tlayer:2 pbqpoffset:3.56 pbfactor:1.51 avgQpOffsetCutree:-1.96;
in:109 out:111 type:B q:26.15 q-aq:25.23 q-noVbv:26.15 q-Rceq:1.00 tex:28482 mv:16032 misc:3278 icu:53.75 pcu:730.50 scu:511.75 tlayer:3 pbqpoffset:4.76 pbfactor:1.73 avgQpOffsetCutree:-1.48;
in:108 out:112 type:b q:29.17 q-aq:29.06 q-noVbv:29.17 q-Rceq:1.00 tex:6738 mv:7717 misc:2153 icu:5.75 pcu:612.50 scu:677.75 tlayer:4 pbqpoffset:7.76 pbfactor:2.45 avgQpOffsetCutree:0.00;
in:110 out:113 type:b q:29.13 q-aq:29.01 q-noVbv:29.13 q-Rceq:1.00 tex:6129 mv:8667 misc:2300 icu:6.50 pcu:666.75 scu:622.75 tlayer:4 pbqpoffset:7.76 pbfactor:2.45 avgQpOffsetCutree:0.00;
in:113 out:114 type:B q:25.34 q-aq:23.58 q-noVbv:25.34 q-Rceq:1.00 tex:70734 mv:18460 misc:4174 icu:184.50 pcu:736.00 scu:375.50 tlayer:3 pbqpoffset:4.04 pbfactor:1.59 avgQpOffsetCutree:-2.18;
in:112 out:115 type:b q:27.56 q-aq:28.00 q-noVbv:27.56 q-Rceq:1.00 tex:24054 mv:12604 misc:3222 icu:92.25 pcu:697.00 scu:506.75 tlayer:4 pbqpoffset:6.23 pbfactor:2.05 avgQpOffsetCutree:0.00;
in:114 out:116 type:b q:29.04 q-aq:29.02 q-noVbv:29.04 q-Rceq:1.00 tex:7834 mv:8640 misc:2214 icu:7.25 pcu:606.75 scu:682.00 tlayer:4 pbqpoffset:7.76 pbfactor:2.45 avgQpOffsetCutree:0.00;
in:119 out:117 type:B q:24.87 q-aq:21.68 q-noVbv:24.87 q-Rceq:1.00 tex:86242 mv:25501 misc:3889 icu:183.25 pcu:865.75 scu:247.00 tlayer:2 pbqpoffset:3.69 pbfactor:1.53 avgQpOffsetCutree:-3.42;
in:117 out:118 type:B q:25.98 q-aq:25.25 q-noVbv:25.98 q-Rceq:1.00 tex:31692 mv:18843 misc:3233 icu:53.00 pcu:809.00 scu:434.00 tlayer:3 pbqpoffset:4.76 pbfactor:1.73 avgQpOffsetCutree:-1.45;
in:116 out:119 type:b q:29.00 q-aq:29.02 q-noVbv:29.00 q-Rceq:1.00 tex:8701 mv:9065 misc:2250 icu:5.50 pcu:739.00 scu:551.50 tlayer:4 pbqpoffset:7.76 pbfactor:2.45 avgQpOffsetCutree:0.00;
in:118 out:120 type:b q:28.95 q-aq:29.01 q-noVbv:28.95 q-Rceq:1.00 tex:6978 mv:9386 misc:2324 icu:9.50 pcu:632.00 scu:654.50 tlayer:4 pbqpoffset:7.76 pbfactor:2.45 avgQpOffsetCutree:0.00;
in:121 out:121 type:B q:25.89 q-aq:25.12 q-noVbv:25.89 q-Rceq:1.00 tex:34969 mv:19207 misc:3296 icu:65.00 pcu:776.00 scu:455.00 tlayer:3 pbqpoffset:4.76 pbfactor:1.73 avgQpOffsetCutree:-1.53;
in:120 out:122 type:b q:28.91 q-aq:29.02 q-noVbv:28.91 q-Rceq:1.00 tex:8145 mv:8925 misc:2218 icu:19.00 pcu:570.50 scu:706.50 tlayer:4 pbqpoffset:7.76 pbfactor:2.45 avgQpOffsetCutree:0.00;
in:122 out:123 type:b q:28.87 q-aq:29.01 q-noVbv:28.87 q-Rceq:1.00 tex:7352 mv:9288 misc:2304 icu:7.25 pcu:620.00 scu:668.75 tlayer:4 pbqpoffset:7.76 pbfactor:2.45 avgQpOffsetCutree:0.00;
in:139 out:124 type:k q:21.10 q-aq:17.48 q-noVbv:21.10 q-Rceq:1.00 tex:401929 mv:27280 misc:2247 icu:1269.75 pcu:26.00 scu:0.25 tlayer:0 pbqpoffset:1.65 pbfactor:1.21 avgQpOffsetCutree:-5.93;
in:131 out:125 type:B q:24.05 q-aq:20.64 q-noVbv:24.05 q-Rceq:1.00 tex:205889 mv:26746 misc:3509 icu:534.25 pcu:708.25 scu:53.50 tlayer:1 pbqpoffset:2.96 pbfactor:1.41 avgQpOffsetCutree:-4.62;
in:127 out:126 type:B q:24.95 q-aq:23.24 q-noVbv:24.95 q-Rceq:1.00 tex:81941 mv:21797 misc:3742 icu:296.25 pcu:721.75 scu:278.00 tlayer:2 pbqpoffset:3.86 pbfactor:1.56 avgQpOffsetCutree:-2.35;
in:125 out:127 type:B q:25.91 q-aq:24.80 q-noVbv:25.91 q-Rceq:1.00 tex:29651 mv:17283 misc:3074 icu:48.75 pcu:747.00 scu:500.25 tlayer:3 pbqpoffset:4.82 pbfactor:1.75 avgQpOffsetCutree:-1.60;
in:124 out:128 type:b q:28.91 q-aq:29.00 q-noVbv:28.91 q-Rceq:1.00 tex:7971 mv:8706 misc:2147 icu:8.25 pcu:631.00 scu:656.75 tlayer:4 pbqpoffset:7.82 pbfactor:2.47 avgQpOffsetCutree:0.00;
in:126 out:129 type:b q:28.91 q-aq:29.00 q-noVbv:28.91 q-Rceq:1.00 tex:3118 mv:6761 misc:1833 icu:3.75 pcu:551.75 scu:740.50 tlayer:4 pbqpoffset:7.82 pbfactor:2.47 avgQpOffsetCutree:0.00;
in:129 out:130 type:B q:25.23 q-aq:23.67 q-noVbv:25.23 q-Rceq:1.00 tex:76672 mv:18183 misc:3825 icu:186.50 pcu:643.50 scu:466.00 tlayer:3 pbqpoffset:4.14 pbfactor:1.61 avgQpOffsetCutree:-2.07;
in:128 out:131 type:b q:26.67 q-aq:27.06 q-noVbv:26.67 q-Rceq:1.00 tex:34716 mv:13971 misc:3217 icu:134.00 pcu:650.25 scu:511.75 tlayer:4 pbqpoffset:5.57 pbfactor:1.90 avgQpOffsetCutree:0.00;
in:130 out:132 type:b q:28.92 q-aq:29.02 q-noVbv:28.92 q-Rceq:1.00 tex:8306 mv:9107 misc:2179 icu:9.50 pcu:595.25 scu:691.25 tlayer:4 pbqpoffset:7.82 pbfactor:2.47 avgQpOffsetCutree:0.00;
in:135 out:133 type:B q:24.69 q-aq:21.60 q-noVbv:24.69 q-Rceq:1.00 tex:87301 mv:25986 misc:3889 icu:210.75 pcu:854.00 scu:231.25 tlayer:2 pbqpoffset:3.60 pbfactor:1.52 avgQpOffsetCutree:-3.36;
in:133 out:134 type:B q:25.92 q-aq:24.74 q-noVbv:25.92 q-Rceq:1.00 tex:39297 mv:17963 misc:3308 icu:86.75 pcu:802.75 scu:406.50 tlayer:3 pbqpoffset:4.82 pbfactor:1.75 avgQpOffsetCutree:-1.65;
in:132 out:135 type:b q:28.92 q-aq:29.01 q-noVbv:28.92 q-Rceq:1.00 tex:9188 mv:9267 misc:2081 icu:17.00 pcu:684.00 scu:595.00 tlayer:4 pbqpoffset:7.82 pbfactor:2.47 avgQpOffsetCutree:0.00;
in:134 out:136 type:b q:28.92 q-aq:29.03 q-noVbv:28.92 q-Rceq:1.00 tex:10270 mv:9434 misc:2072 icu:9.75 pcu:627.25 scu:659.00 tlayer:4 pbqpoffset:7.82 pbfactor:2.47 avgQpOffsetCutree:0.00;
in:137 out:137 type:B q:25.92 q-aq:24.80 q-noVbv:25.92 q-Rceq:1.00 tex:36503 mv:17428 misc:3181 icu:81.00 pcu:813.50 scu:401.50 tlayer:3 pbqpoffset:4.82 pbfactor:1.75 avgQpOffsetCutree:-1.78;
in:136 out:138 type:b q:28.92 q-aq:29.02 q-noVbv:28.92 q-Rceq:1.00 tex:9527 mv:8750 misc:2155 icu:16.75 pcu:632.25 scu:647.00 tlayer:4 pbqpoffset:7.82 pbfactor:2.47 avgQpOffsetCutree:0.00;
in:138 out:139 type:b q:28.92 q-aq:29.01 q-noVbv:28.92 q-Rceq:1.00 tex:8479 mv:9478 misc:2171 icu:20.50 pcu:617.25 scu:658.25 tlayer:4 pbqpoffset:7.82 pbfactor:2.47 avgQpOffsetCutree:0.00;
in:154 out:140 type:k q:20.83 q-aq:16.89 q-noVbv:20.83 q-Rceq:1.00 tex:377723 mv:27560 misc:2493 icu:1259.00 pcu:37.00 scu:0.00 tlayer:0 pbqpoffset:1.72 pbfactor:1.22 avgQpOffsetCutree:-5.98;
in:147 out:141 type:B q:23.77 q-aq:20.63 q-noVbv:23.77 q-Rceq:1.00 tex:179433 mv:26184 misc:3423 icu:550.50 pcu:695.00 scu:50.50 tlayer:1 pbqpoffset:2.81 pbfactor:1.38 avgQpOffsetCutree:-4.34;
in:143 out:142 type:B q:24.09 q-aq:22.37 q-noVbv:24.09 q-Rceq:1.00 tex:84745 mv:20275 misc:3660 icu:301.75 pcu:684.00 scu:310.25 tlayer:2 pbqpoffset:3.06 pbfactor:1.42 avgQpOffsetCutree:-2.40;
in:141 out:143 type:B q:25.74 q-aq:24.35 q-noVbv:25.74 q-Rceq:1.00 tex:24858 mv:15474 misc:2812 icu:49.75 pcu:690.50 scu:555.75 tlayer:3 pbqpoffset:4.68 pbfactor:1.72 avgQpOffsetCutree:-1.94;
in:140 out:144 type:b q:28.76 q-aq:29.00 q-noVbv:28.76 q-Rceq:1.00 tex:7088 mv:8109 misc:1899 icu:14.75 pcu:574.25 scu:707.00 tlayer:4 pbqpoffset:7.68 pbfactor:2.43 avgQpOffsetCutree:0.00;
in:142 out:145 type:b q:28.71 q-aq:29.00 q-noVbv:28.71 q-Rceq:1.00 tex:1671 mv:5775 misc:1450 icu:9.75 pcu:518.75 scu:767.50 tlayer:4 pbqpoffset:7.67 pbfactor:2.43 avgQpOffsetCutree:0.00;
in:145 out:146 type:B q:24.68 q-aq:22.95 q-noVbv:24.68 q-Rceq:1.00 tex:69802 mv:15807 misc:3623 icu:190.00 pcu:725.00 scu:381.00 tlayer:3 pbqpoffset:3.69 pbfactor:1.53 avgQpOffsetCutree:-2.14;
in:144 out:147 type:b q:26.39 q-aq:26.47 q-noVbv:26.39 q-Rceq:1.00 tex:28560 mv:13162 misc:3350 icu:119.75 pcu:634.75 scu:541.50 tlayer:4 pbqpoffset:5.39 pbfactor:1.86 avgQpOffsetCutree:0.00;
in:146 out:148 type:b q:28.65 q-aq:29.00 q-noVbv:28.65 q-Rceq:1.00 tex:6184 mv:7488 misc:1968 icu:12.75 pcu:576.75 scu:706.50 tlayer:4 pbqpoffset:7.68 pbfactor:2.43 avgQpOffsetCutree:0.00;
in:151 out:149 type:B q:24.42 q-aq:21.79 q-noVbv:24.42 q-Rceq:1.00 tex:76512 mv:23428 misc:3892 icu:186.25 pcu:851.50 scu:258.25 tlayer:2 pbqpoffset:3.54 pbfactor:1.50 avgQpOffsetCutree:-2.75;
in:149 out:150 type:B q:25.29 q-aq:23.73 q-noVbv:25.29 q-Rceq:1.00 tex:34918 mv:18216 misc:3282 icu:72.00 pcu:781.25 scu:442.75 tlayer:3 pbqpoffset:4.37 pbfactor:1.66 avgQpOffsetCutree:-1.99;
in:148 out:151 type:b q:28.61 q-aq:29.00 q-noVbv:28.61 q-Rceq:1.00 tex:7509 mv:8367 misc:2036 icu:16.50 pcu:613.25 scu:666.25 tlayer:4 pbqpoffset:7.68 pbfactor:2.43 avgQpOffsetCutree:0.00;
in:150 out:152 type:b q:28.49 q-aq:28.69 q-noVbv:28.49 q-Rceq:1.00 tex:7421 mv:9530 misc:2273 icu:12.00 pcu:680.25 scu:603.75 tlayer:4 pbqpoffset:7.59 pbfactor:2.40 avgQpOffsetCutree:0.00;
in:153 out:153 type:B q:25.52 q-aq:25.59 q-noVbv:25.52 q-Rceq:1.00 tex:20737 mv:14169 misc:2934 icu:51.75 pcu:689.50 scu:554.75 tlayer:3 pbqpoffset:4.68 pbfactor:1.72 avgQpOffsetCutree:-0.89;
in:152 out:154 type:b q:28.54 q-aq:29.00 q-noVbv:28.54 q-Rceq:1.00 tex:7692 mv:8872 misc:1892 icu:17.00 pcu:722.00 scu:557.00 tlayer:4 pbqpoffset:7.68 pbfactor:2.43 avgQpOffsetCutree:0.00;
in:170 out:155 type:k q:20.67 q-aq:17.06 q-noVbv:20.67 q-Rceq:1.00 tex:352742 mv:24935 misc:2451 icu:1231.75 pcu:64.25 scu:0.00 tlayer:0 pbqpoffset:1.76 pbfactor:1.23 avgQpOffsetCutree:-5.51;
in:162 out:156 type:B q:23.33 q-aq:20.63 q-noVbv:23.33 q-Rceq:1.00 tex:235068 mv:21512 misc:2476 icu:935.50 pcu:350.75 scu:9.75 tlayer:1 pbqpoffset:2.58 pbfactor:1.35 avgQpOffsetCutree:-4.19;
in:158 out:157 type:B q:23.41 q-aq:21.11 q-noVbv:23.41 q-Rceq:1.00 tex:113952 mv:22816 misc:3792 icu:329.50 pcu:794.75 scu:171.75 tlayer:2 pbqpoffset:2.62 pbfactor:1.35 avgQpOffsetCutree:-2.83;
in:156 out:158 type:B q:24.97 q-aq:23.75 q-noVbv:24.97 q-Rceq:1.00 tex:37921 mv:17553 misc:3342 icu:78.50 pcu:817.25 scu:400.25 tlayer:3 pbqpoffset:4.16 pbfactor:1.62 avgQpOffsetCutree:-1.83;
in:155 out:159 type:b q:28.26 q-aq:28.11 q-noVbv:28.26 q-Rceq:1.00 tex:7937 mv:9062 misc:2329 icu:9.25 pcu:609.50 scu:677.25 tlayer:4 pbqpoffset:7.44 pbfactor:2.36 avgQpOffsetCutree:0.00;
in:157 out:160 type:b q:27.84 q-aq:28.00 q-noVbv:27.84 q-Rceq:1.00 tex:9141 mv:9192 misc:2075 icu:17.00 pcu:598.75 scu:680.25 tlayer:4 pbqpoffset:7.04 pbfactor:2.26 avgQpOffsetCutree:0.00;
in:160 out:161 type:B q:23.89 q-aq:23.70 q-noVbv:23.89 q-Rceq:1.00 tex:67803 mv:18172 misc:3929 icu:270.25 pcu:664.25 scu:361.50 tlayer:3 pbqpoffset:3.12 pbfactor:1.43 avgQpOffsetCutree:-1.11;
in:159 out:162 type:b q:27.95 q-aq:28.02 q-noVbv:27.95 q-Rceq:1.00 tex:7703 mv:6098 misc:1775 icu:37.00 pcu:423.00 scu:836.00 tlayer:4 pbqpoffset:7.17 pbfactor:2.29 avgQpOffsetCutree:0.00;
in:161 out:163 type:b q:27.24 q-aq:27.09 q-noVbv:27.24 q-Rceq:1.00 tex:9568 mv:10285 misc:2267 icu:9.25 pcu:744.50 scu:542.25 tlayer:4 pbqpoffset:6.48 pbfactor:2.11 avgQpOffsetCutree:0.00;
in:166 out:164 type:B q:23.50 q-aq:20.68 q-noVbv:23.50 q-Rceq:1.00 tex:83238 mv:24529 misc:4113 icu:196.00 pcu:864.00 scu:236.00 tlayer:2 pbqpoffset:2.80 pbfactor:1.38 avgQpOffsetCutree:-3.22;
in:164 out:165 type:B q:24.80 q-aq:23.63 q-noVbv:24.80 q-Rceq:1.00 tex:36609 mv:17479 misc:3080 icu:85.75 pcu:838.75 scu:371.50 tlayer:3 pbqpoffset:4.07 pbfactor:1.60 avgQpOffsetCutree:-1.63;
in:163 out:166 type:b q:28.18 q-aq:28.06 q-noVbv:28.18 q-Rceq:1.00 tex:7941 mv:9168 misc:1995 icu:12.50 pcu:740.50 scu:543.00 tlayer:4 pbqpoffset:7.44 pbfactor:2.36 avgQpOffsetCutree:0.00;
in:165 out:167 type:b q:28.16 q-aq:28.04 q-noVbv:28.16 q-Rceq:1.00 tex:8316 mv:9644 misc:2040 icu:20.25 pcu:731.75 scu:544.00 tlayer:4 pbqpoffset:7.44 pbfactor:2.36 avgQpOffsetCutree:0.00;
in:168 out:168 type:B q:24.93 q-aq:23.45 q-noVbv:24.93 q-Rceq:1.00 tex:34089 mv:17325 misc:3226 icu:63.25 pcu:899.50 scu:333.25 tlayer:3 pbqpoffset:4.24 pbfactor:1.63 avgQpOffsetCutree:-1.90;
in:167 out:169 type:b q:28.14 q-aq:28.04 q-noVbv:28.14 q-Rceq:1.00 tex:7907 mv:9229 misc:2088 icu:14.25 pcu:658.50 scu:623.25 tlayer:4 pbqpoffset:7.44 pbfactor:2.36 avgQpOffsetCutree:0.00;
in:169 out:170 type:b q:28.12 q-aq:28.02 q-noVbv:28.12 q-Rceq:1.00 tex:6321 mv:8188 misc:1851 icu:19.50 pcu:670.00 scu:606.50 tlayer:4 pbqpoffset:7.44 pbfactor:2.36 avgQpOffsetCutree:0.00;
in:184 out:171 type:k q:21.09 q-aq:17.64 q-noVbv:21.09 q-Rceq:1.00 tex:336572 mv:27763 misc:2425 icu:1262.75 pcu:33.25 scu:0.00 tlayer:0 pbqpoffset:1.76 pbfactor:1.22 avgQpOffsetCutree:-5.41;
in:177 out:172 type:B q:23.45 q-aq:20.88 q-noVbv:23.45 q-Rceq:1.00 tex:204589 mv:28926 misc:2909 icu:680.50 pcu:612.50 scu:3.00 tlayer:1 pbqpoffset:2.57 pbfactor:1.35 avgQpOffsetCutree:-3.79;
in:174 out:173 type:B q:23.53 q-aq:21.33 q-noVbv:23.53 q-Rceq:1.00 tex:103729 mv:23121 misc:3750 icu:350.25 pcu:854.25 scu:91.50 tlayer:2 pbqpoffset:2.74 pbfactor:1.37 avgQpOffsetCutree:-2.71;
in:172 out:174 type:B q:25.16 q-aq:23.82 q-noVbv:25.16 q-Rceq:1.00 tex:30937 mv:16490 misc:3277 icu:93.00 pcu:859.25 scu:343.75 tlayer:3 pbqpoffset:4.43 pbfactor:1.67 avgQpOffsetCutree:-1.72;
in:171 out:175 type:b q:28.13 q-aq:28.04 q-noVbv:28.13 q-Rceq:1.00 tex:7900 mv:8221 misc:2103 icu:20.00 pcu:699.00 scu:577.00 tlayer:4 pbqpoffset:7.43 pbfactor:2.36 avgQpOffsetCutree:0.00;
in:173 out:176 type:b q:28.19 q-aq:28.06 q-noVbv:28.19 q-Rceq:1.00 tex:7735 mv:9410 misc:2247 icu:23.50 pcu:734.25 scu:538.25 tlayer:4 pbqpoffset:7.43 pbfactor:2.36 avgQpOffsetCutree:0.00;
in:176 out:177 type:B q:24.75 q-aq:26.07 q-noVbv:24.75 q-Rceq:1.00 tex:34555 mv:15311 misc:3342 icu:159.75 pcu:603.50 scu:532.75 tlayer:3 pbqpoffset:3.90 pbfactor:1.57 avgQpOffsetCutree:-0.09;
in:175 out:178 type:b q:27.01 q-aq:27.04 q-noVbv:27.01 q-Rceq:1.00 tex:13197 mv:8736 misc:2443 icu:43.00 pcu:608.25 scu:644.75 tlayer:4 pbqpoffset:6.19 pbfactor:2.04 avgQpOffsetCutree:0.00;
in:181 out:179 type:B q:23.91 q-aq:21.46 q-noVbv:23.91 q-Rceq:1.00 tex:88301 mv:31519 misc:4596 icu:212.25 pcu:872.00 scu:211.75 tlayer:2 pbqpoffset:2.91 pbfactor:1.40 avgQpOffsetCutree:-2.84;
in:179 out:180 type:B q:24.83 q-aq:23.80 q-noVbv:24.83 q-Rceq:1.00 tex:39847 mv:21409 misc:3808 icu:81.25 pcu:922.25 scu:292.50 tlayer:3 pbqpoffset:3.89 pbfactor:1.57 avgQpOffsetCutree:-1.66;
in:178 out:181 type:b q:27.70 q-aq:28.00 q-noVbv:27.70 q-Rceq:1.00 tex:8444 mv:9797 misc:2311 icu:17.50 pcu:741.25 scu:537.25 tlayer:4 pbqpoffset:6.79 pbfactor:2.19 avgQpOffsetCutree:0.00;
in:180 out:182 type:b q:27.25 q-aq:27.23 q-noVbv:27.25 q-Rceq:1.00 tex:10416 mv:10910 misc:2418 icu:29.25 pcu:794.50 scu:472.25 tlayer:4 pbqpoffset:6.28 pbfactor:2.07 avgQpOffsetCutree:0.00;
in:183 out:183 type:B q:25.49 q-aq:25.68 q-noVbv:25.49 q-Rceq:1.00 tex:22109 mv:17005 misc:3270 icu:58.50 pcu:821.75 scu:415.75 tlayer:3 pbqpoffset:4.43 pbfactor:1.67 avgQpOffsetCutree:-0.81;
in:182 out:184 type:b q:27.63 q-aq:28.00 q-noVbv:27.63 q-Rceq:1.00 tex:8806 mv:10626 misc:2320 icu:22.25 pcu:781.50 scu:492.25 tlayer:4 pbqpoffset:6.60 pbfactor:2.14 avgQpOffsetCutree:0.00;
in:200 out:185 type:k q:21.23 q-aq:17.98 q-noVbv:21.23 q-Rceq:1.00 tex:305097 mv:25673 misc:2214 icu:1288.25 pcu:7.75 scu:0.00 tlayer:0 pbqpoffset:1.82 pbfactor:1.23 avgQpOffsetCutree:-5.10;
in:192 out:186 type:B q:23.72 q-aq:21.98 q-noVbv:23.72 q-Rceq:1.00 tex:185545 mv:23838 misc:2105 icu:1191.25 pcu:101.75 scu:3.00 tlayer:1 pbqpoffset:2.57 pbfactor:1.35 avgQpOffsetCutree:-3.38;
in:188 out:187 type:B q:23.69 q-aq:20.94 q-noVbv:23.69 q-Rceq:1.00 tex:131635 mv:29041 misc:3804 icu:447.50 pcu:781.75 scu:66.75 tlayer:2 pbqpoffset:2.57 pbfactor:1.35 avgQpOffsetCutree:-3.44;
in:186 out:188 type:B q:25.03 q-aq:23.81 q-noVbv:25.03 q-Rceq:1.00 tex:37525 mv:20476 misc:3695 icu:113.25 pcu:835.75 scu:347.00 tlayer:3 pbqpoffset:3.93 pbfactor:1.57 avgQpOffsetCutree:-1.67;
in:185 out:189 type:b q:27.97 q-aq:28.00 q-noVbv:27.97 q-Rceq:1.00 tex:9188 mv:9687 misc:2229 icu:30.00 pcu:726.50 scu:539.50 tlayer:4 pbqpoffset:6.87 pbfactor:2.21 avgQpOffsetCutree:0.00;
in:187 out:190 type:b q:27.72 q-aq:28.01 q-noVbv:27.72 q-Rceq:1.00 tex:10266 mv:10421 misc:2497 icu:35.50 pcu:756.75 scu:503.75 tlayer:4 pbqpoffset:6.60 pbfactor:2.14 avgQpOffsetCutree:0.00;
in:190 out:191 type:B q:24.25 q-aq:22.76 q-noVbv:24.25 q-Rceq:1.00 tex:69371 mv:20815 misc:4078 icu:262.75 pcu:768.00 scu:265.25 tlayer:3 pbqpoffset:3.11 pbfactor:1.43 avgQpOffsetCutree:-2.06;
in:189 out:192 type:b q:27.94 q-aq:28.02 q-noVbv:27.94 q-Rceq:1.00 tex:9179 mv:10614 misc:2439 icu:28.25 pcu:716.50 scu:551.25 tlayer:4 pbqpoffset:6.81 pbfactor:2.20 avgQpOffsetCutree:0.00;
in:191 out:193 type:b q:27.55 q-aq:28.00 q-noVbv:27.55 q-Rceq:1.00 tex:8274 mv:7543 misc:2255 icu:59.25 pcu:551.75 scu:685.00 tlayer:4 pbqpoffset:6.40 pbfactor:2.09 avgQpOffsetCutree:0.00;
in:196 out:194 type:B q:23.76 q-aq:21.55 q-noVbv:23.76 q-Rceq:1.00 tex:99757 mv:30983 misc:4140 icu:301.25 pcu:837.50 scu:157.25 tlayer:2 pbqpoffset:2.57 pbfactor:1.35 avgQpOffsetCutree:-3.00;
in:194 out:195 type:B q:24.91 q-aq:23.76 q-noVbv:24.91 q-Rceq:1.00 tex:45877 mv:21057 misc:3898 icu:129.00 pcu:902.50 scu:264.50 tlayer:3 pbqpoffset:3.73 pbfactor:1.54 avgQpOffsetCutree:-1.71;
in:193 out:196 type:b q:27.55 q-aq:28.00 q-noVbv:27.55 q-Rceq:1.00 tex:12770 mv:11285 misc:2185 icu:32.00 pcu:822.25 scu:441.75 tlayer:4 pbqpoffset:6.39 pbfactor:2.09 avgQpOffsetCutree:0.00;
in:195 out:197 type:b q:28.15 q-aq:28.05 q-noVbv:28.15 q-Rceq:1.00 tex:9688 mv:10707 misc:2397 icu:37.50 pcu:779.25 scu:479.25 tlayer:4 pbqpoffset:6.96 pbfactor:2.24 avgQpOffsetCutree:0.00;
in:198 out:198 type:B q:25.00 q-aq:23.88 q-noVbv:25.00 q-Rceq:1.00 tex:39812 mv:21156 misc:3712 icu:132.25 pcu:848.00 scu:315.75 tlayer:3 pbqpoffset:3.79 pbfactor:1.55 avgQpOffsetCutree:-1.67;
in:197 out:199 type:b q:28.05 q-aq:28.07 q-noVbv:28.05 q-Rceq:1.00 tex:9585 mv:11072 misc:2423 icu:40.00 pcu:701.25 scu:554.75 tlayer:4 pbqpoffset:6.85 pbfactor:2.21 avgQpOffsetCutree:0.00;
in:199 out:200 type:b q:28.39 q-aq:28.30 q-noVbv:28.39 q-Rceq:1.00 tex:8500 mv:10574 misc:2350 icu:46.50 pcu:725.75 scu:523.75 tlayer:4 pbqpoffset:7.17 pbfactor:2.29 avgQpOffsetCutree:0.00;
in:216 out:201 type:k q:20.93 q-aq:17.42 q-noVbv:20.93 q-Rceq:1.00 tex:306140 mv:27479 misc:2485 icu:1282.50 pcu:13.50 scu:0.00 tlayer:0 pbqpoffset:1.68 pbfactor:1.21 avgQpOffsetCutree:-5.21;
in:208 out:202 type:B q:23.53 q-aq:21.39 q-noVbv:23.53 q-Rceq:1.00 tex:181666 mv:25344 misc:2422 icu:1136.25 pcu:156.50 scu:3.25 tlayer:1 pbqpoffset:2.45 pbfactor:1.33 avgQpOffsetCutree:-3.56;
in:204 out:203 type:B q:23.60 q-aq:21.13 q-noVbv:23.60 q-Rceq:1.00 tex:130926 mv:27665 misc:3625 icu:523.00 pcu:704.50 scu:68.50 tlayer:2 pbqpoffset:2.45 pbfactor:1.33 avgQpOffsetCutree:-3.43;
in:202 out:204 type:B q:24.66 q-aq:23.69 q-noVbv:24.66 q-Rceq:1.00 tex:40479 mv:20181 misc:3876 icu:134.25 pcu:856.25 scu:305.50 tlayer:3 pbqpoffset:3.47 pbfactor:1.49 avgQpOffsetCutree:-1.52;
in:201 out:205 type:b q:27.58 q-aq:28.00 q-noVbv:27.58 q-Rceq:1.00 tex:9813 mv:10025 misc:2338 icu:56.25 pcu:701.00 scu:538.75 tlayer:4 pbqpoffset:6.37 pbfactor:2.09 avgQpOffsetCutree:0.00;
in:203 out:206 type:b q:28.03 q-aq:28.04 q-noVbv:28.03 q-Rceq:1.00 tex:10156 mv:10533 misc:2311 icu:42.00 pcu:711.50 scu:542.50 tlayer:4 pbqpoffset:6.86 pbfactor:2.21 avgQpOffsetCutree:0.00;
in:206 out:207 type:B q:24.06 q-aq:22.56 q-noVbv:24.06 q-Rceq:1.00 tex:71609 mv:19699 misc:4060 icu:266.00 pcu:805.75 scu:224.25 tlayer:3 pbqpoffset:2.94 pbfactor:1.40 avgQpOffsetCutree:-2.03;
in:205 out:208 type:b q:27.61 q-aq:28.00 q-noVbv:27.61 q-Rceq:1.00 tex:9007 mv:10391 misc:2226 icu:34.50 pcu:792.25 scu:469.25 tlayer:4 pbqpoffset:6.48 pbfactor:2.11 avgQpOffsetCutree:0.00;
in:207 out:209 type:b q:26.87 q-aq:27.03 q-noVbv:26.87 q-Rceq:1.00 tex:10657 mv:8243 misc:2348 icu:74.00 pcu:595.25 scu:626.75 tlayer:4 pbqpoffset:5.77 pbfactor:1.95 avgQpOffsetCutree:0.00;
in:212 out:210 type:B q:23.45 q-aq:20.68 q-noVbv:23.45 q-Rceq:1.00 tex:108142 mv:31101 misc:4445 icu:292.75 pcu:849.75 scu:153.50 tlayer:2 pbqpoffset:2.45 pbfactor:1.33 avgQpOffsetCutree:-3.22;
in:210 out:211 type:B q:24.67 q-aq:23.67 q-noVbv:24.67 q-Rceq:1.00 tex:44340 mv:20981 misc:3991 icu:122.50 pcu:876.50 scu:297.00 tlayer:3 pbqpoffset:3.63 pbfactor:1.52 avgQpOffsetCutree:-1.63;
in:209 out:212 type:b q:27.10 q-aq:27.07 q-noVbv:27.10 q-Rceq:1.00 tex:13102 mv:11963 misc:2431 icu:43.25 pcu:807.75 scu:445.00 tlayer:4 pbqpoffset:6.04 pbfactor:2.01 avgQpOffsetCutree:0.00;
in:211 out:213 type:b q:27.93 q-aq:28.02 q-noVbv:27.93 q-Rceq:1.00 tex:8108 mv:10338 misc:2266 icu:49.00 pcu:804.75 scu:442.25 tlayer:4 pbqpoffset:6.91 pbfactor:2.22 avgQpOffsetCutree:0.00;
in:214 out:214 type:B q:24.67 q-aq:23.49 q-noVbv:24.67 q-Rceq:1.00 tex:39512 mv:21443 misc:3853 icu:146.50 pcu:840.75 scu:308.75 tlayer:3 pbqpoffset:3.70 pbfactor:1.53 avgQpOffsetCutree:-1.64;
in:213 out:215 type:b q:27.68 q-aq:28.00 q-noVbv:27.68 q-Rceq:1.00 tex:10468 mv:10196 misc:2104 icu:50.75 pcu:770.00 scu:475.25 tlayer:4 pbqpoffset:6.70 pbfactor:2.17 avgQpOffsetCutree:0.00;
in:215 out:216 type:b q:27.26 q-aq:27.16 q-noVbv:27.26 q-Rceq:1.00 tex:10387 mv:11398 misc:2583 icu:52.25 pcu:737.25 scu:506.50 tlayer:4 pbqpoffset:6.31 pbfactor:2.07 avgQpOffsetCutree:0.00;
in:230 out:217 type:k q:21.10 q-aq:17.37 q-noVbv:21.10 q-Rceq:1.00 tex:293109 mv:26572 misc:2215 icu:1261.75 pcu:34.25 scu:0.00 tlayer:0 pbqpoffset:1.44 pbfactor:1.18 avgQpOffsetCutree:-5.22;
in:223 out:218 type:B q:23.31 q-aq:21.34 q-noVbv:23.31 q-Rceq:1.00 tex:180931 mv:20469 misc:2488 icu:977.00 pcu:308.00 scu:11.00 tlayer:1 pbqpoffset:2.29 pbfactor:1.30 avgQpOffsetCutree:-3.13;
in:220 out:219 type:B q:23.27 q-aq:21.09 q-noVbv:23.27 q-Rceq:1.00 tex:90163 mv:29797 misc:3952 icu:247.00 pcu:908.75 scu:140.25 tlayer:2 pbqpoffset:2.29 pbfactor:1.30 avgQpOffsetCutree:-2.70;
in:218 out:220 type:B q:23.86 q-aq:22.69 q-noVbv:23.86 q-Rceq:1.00 tex:47144 mv:20830 misc:3778 icu:156.00 pcu:851.25 scu:288.75 tlayer:3 pbqpoffset:2.90 pbfactor:1.40 avgQpOffsetCutree:-1.63;
in:217 out:221 type:b q:26.21 q-aq:26.18 q-noVbv:26.21 q-Rceq:1.00 tex:12894 mv:11288 misc:2650 icu:60.75 pcu:698.50 scu:536.75 tlayer:4 pbqpoffset:5.26 pbfactor:1.84 avgQpOffsetCutree:0.00;
in:219 out:222 type:b q:26.43 q-aq:26.51 q-noVbv:26.43 q-Rceq:1.00 tex:11556 mv:11003 misc:2577 icu:56.00 pcu:698.75 scu:541.25 tlayer:4 pbqpoffset:5.46 pbfactor:1.88 avgQpOffsetCutree:0.00;
in:222 out:223 type:B q:25.16 q-aq:25.27 q-noVbv:25.16 q-Rceq:1.00 tex:18501 mv:13935 misc:2812 icu:60.00 pcu:887.25 scu:348.75 tlayer:3 pbqpoffset:4.16 pbfactor:1.62 avgQpOffsetCutree:-0.71;
in:221 out:224 type:b q:26.48 q-aq:26.62 q-noVbv:26.48 q-Rceq:1.00 tex:12920 mv:10804 misc:2508 icu:52.25 pcu:764.50 scu:479.25 tlayer:4 pbqpoffset:5.49 pbfactor:1.88 avgQpOffsetCutree:0.00;
in:227 out:225 type:B q:23.35 q-aq:20.39 q-noVbv:23.35 q-Rceq:1.00 tex:128194 mv:26033 misc:3957 icu:440.50 pcu:748.75 scu:106.75 tlayer:2 pbqpoffset:2.29 pbfactor:1.30 avgQpOffsetCutree:-3.31;
in:225 out:226 type:B q:23.57 q-aq:21.86 q-noVbv:23.57 q-Rceq:1.00 tex:88465 mv:20333 misc:3946 icu:280.25 pcu:787.75 scu:228.00 tlayer:3 pbqpoffset:2.53 pbfactor:1.34 avgQpOffsetCutree:-2.07;
in:224 out:227 type:b q:24.96 q-aq:25.07 q-noVbv:24.96 q-Rceq:1.00 tex:37743 mv:14343 misc:3394 icu:207.00 pcu:657.50 scu:431.50 tlayer:4 pbqpoffset:3.94 pbfactor:1.58 avgQpOffsetCutree:0.00;
in:226 out:228 type:b q:26.78 q-aq:27.00 q-noVbv:26.78 q-Rceq:1.00 tex:9999 mv:10011 misc:2326 icu:37.50 pcu:775.00 scu:483.50 tlayer:4 pbqpoffset:5.73 pbfactor:1.94 avgQpOffsetCutree:0.00;
in:229 out:229 type:B q:24.76 q-aq:24.80 q-noVbv:24.76 q-Rceq:1.00 tex:25014 mv:15544 misc:3098 icu:87.00 pcu:744.25 scu:464.75 tlayer:3 pbqpoffset:3.67 pbfactor:1.53 avgQpOffsetCutree:-0.76;
in:228 out:230 type:b q:26.79 q-aq:27.01 q-noVbv:26.79 q-Rceq:1.00 tex:11116 mv:10419 misc:2201 icu:49.50 pcu:765.50 scu:481.00 tlayer:4 pbqpoffset:5.71 pbfactor:1.93 avgQpOffsetCutree:0.00;
in:246 out:231 type:k q:22.38 q-aq:19.49 q-noVbv:22.38 q-Rceq:1.00 tex:228377 mv:20034 misc:1893 icu:1290.75 pcu:5.25 scu:0.00 tlayer:0 pbqpoffset:1.43 pbfactor:1.18 avgQpOffsetCutree:-4.30;
in:238 out:232 type:B q:23.91 q-aq:21.38 q-noVbv:23.91 q-Rceq:1.00 tex:168636 mv:21650 misc:2266 icu:1069.00 pcu:226.75 scu:0.25 tlayer:1 pbqpoffset:2.17 pbfactor:1.28 avgQpOffsetCutree:-3.63;
in:234 out:233 type:B q:23.58 q-aq:20.85 q-noVbv:23.58 q-Rceq:1.00 tex:99734 mv:28465 misc:4225 icu:364.25 pcu:785.25 scu:146.50 tlayer:2 pbqpoffset:2.17 pbfactor:1.28 avgQpOffsetCutree:-3.03;
in:232 out:234 type:B q:24.07 q-aq:22.97 q-noVbv:24.07 q-Rceq:1.00 tex:45500 mv:20291 misc:3625 icu:160.50 pcu:839.75 scu:295.75 tlayer:3 pbqpoffset:2.81 pbfactor:1.38 avgQpOffsetCutree:-1.52;
in:231 out:235 type:b q:26.28 q-aq:26.22 q-noVbv:26.28 q-Rceq:1.00 tex:11516 mv:11188 misc:2536 icu:59.50 pcu:722.75 scu:513.75 tlayer:4 pbqpoffset:5.11 pbfactor:1.80 avgQpOffsetCutree:0.00;
in:233 out:236 type:b q:26.57 q-aq:27.01 q-noVbv:26.57 q-Rceq:1.00 tex:11913 mv:11162 misc:2317 icu:68.25 pcu:752.00 scu:475.75 tlayer:4 pbqpoffset:5.24 pbfactor:1.83 avgQpOffsetCutree:0.00;
in:236 out:237 type:B q:24.46 q-aq:23.20 q-noVbv:24.46 q-Rceq:1.00 tex:44242 mv:18646 misc:3336 icu:146.75 pcu:826.50 scu:322.75 tlayer:3 pbqpoffset:2.88 pbfactor:1.40 avgQpOffsetCutree:-1.62;
in:235 out:238 type:b q:26.84 q-aq:27.03 q-noVbv:26.84 q-Rceq:1.00 tex:11839 mv:10672 misc:2201 icu:77.75 pcu:692.75 scu:525.50 tlayer:4 pbqpoffset:5.35 pbfactor:1.85 avgQpOffsetCutree:0.00;
in:237 out:239 type:b q:26.88 q-aq:27.03 q-noVbv:26.88 q-Rceq:1.00 tex:12917 mv:10359 misc:2412 icu:78.50 pcu:626.25 scu:591.25 tlayer:4 pbqpoffset:5.22 pbfactor:1.83 avgQpOffsetCutree:0.00;
in:242 out:240 type:B q:24.23 q-aq:21.50 q-noVbv:24.23 q-Rceq:1.00 tex:122482 mv:20788 misc:3130 icu:564.50 pcu:679.25 scu:52.25 tlayer:2 pbqpoffset:2.17 pbfactor:1.28 avgQpOffsetCutree:-3.23;
in:240 out:241 type:B q:24.10 q-aq:23.94 q-noVbv:24.10 q-Rceq:1.00 tex:64642 mv:17417 misc:3629 icu:417.25 pcu:607.25 scu:271.50 tlayer:3 pbqpoffset:2.20 pbfactor:1.29 avgQpOffsetCutree:-1.00;
in:239 out:242 type:b q:26.49 q-aq:26.64 q-noVbv:26.49 q-Rceq:1.00 tex:10482 mv:8178 misc:2268 icu:89.75 pcu:674.50 scu:531.75 tlayer:4 pbqpoffset:4.68 pbfactor:1.72 avgQpOffsetCutree:0.00;
in:241 out:243 type:b q:26.94 q-aq:27.05 q-noVbv:26.94 q-Rceq:1.00 tex:12568 mv:10703 misc:2329 icu:62.50 pcu:689.00 scu:544.50 tlayer:4 pbqpoffset:4.97 pbfactor:1.77 avgQpOffsetCutree:0.00;
in:244 out:244 type:B q:25.30 q-aq:24.18 q-noVbv:25.30 q-Rceq:1.00 tex:32319 mv:16731 misc:3342 icu:157.25 pcu:812.25 scu:326.50 tlayer:3 pbqpoffset:3.09 pbfactor:1.43 avgQpOffsetCutree:-1.56;
in:243 out:245 type:b q:27.58 q-aq:28.01 q-noVbv:27.58 q-Rceq:1.00 tex:10274 mv:9850 misc:2124 icu:66.75 pcu:742.25 scu:487.00 tlayer:4 pbqpoffset:5.44 pbfactor:1.87 avgQpOffsetCutree:0.00;
in:245 out:246 type:b q:28.43 q-aq:28.36 q-noVbv:28.43 q-Rceq:1.00 tex:6441 mv:8273 misc:2078 icu:51.00 pcu:658.75 scu:586.25 tlayer:4 pbqpoffset:6.13 pbfactor:2.03 avgQpOffsetCutree:0.00;
in:249 out:247 type:k q:22.25 q-aq:21.22 q-noVbv:22.25 q-Rceq:1.00 tex:76149 mv:19121 misc:3738 icu:345.75 pcu:772.50 scu:177.75 tlayer:0 pbqpoffset:1.43 pbfactor:1.18 avgQpOffsetCutree:-1.59;
in:248 out:248 type:B q:24.74 q-aq:24.67 q-noVbv:24.74 q-Rceq:1.00 tex:15519 mv:9328 misc:2233 icu:78.00 pcu:616.00 scu:602.00 tlayer:1 pbqpoffset:2.44 pbfactor:1.33 avgQpOffsetCutree:-0.75;
in:247 out:249 type:b q:25.42 q-aq:25.41 q-noVbv:25.42 q-Rceq:1.00 tex:10051 mv:9700 misc:2377 icu:58.75 pcu:744.75 scu:492.50 tlayer:2 pbqpoffset:3.09 pbfactor:1.43 avgQpOffsetCutree:0.00;
