#options: cpuid=1173503 frame-threads=1 no-wpp no-pmode no-pme psnr no-ssim log-level=2 bitdepth=8 input-csp=1 fps=30000/1000 input-res=832x480 interlace=0 total-frames=300 level-idc=0 high-tier=1 uhd-bd=0 ref=4 no-allow-non-conformance no-repeat-headers annexb no-aud no-hrd info hash=0 no-temporal-layers open-gop min-keyint=1 keyint=5000 bframes=15 b-adapt=2 b-pyramid bframe-bias=0 rc-lookahead=40 lookahead-slices=0 scenecut=40 no-intra-refresh ctu=64 min-cu-size=8 rect amp max-tu-size=32 tu-inter-depth=3 tu-intra-depth=3 limit-tu=4 rdoq-level=2 dynamic-rd=0.00 no-ssim-rd signhide no-tskip nr-intra=0 nr-inter=0 no-constrained-intra strong-intra-smoothing max-merge=4 limit-refs=1 limit-modes me=3 subme=4 merange=57 temporal-mvp weightp weightb no-analyze-src-pics deblock=0:0 sao no-sao-non-deblock rd=6 no-early-skip rskip no-fast-intra no-tskip-fast no-cu-lossless b-intra rdpenalty=0 psy-rd=0.00 psy-rdoq=0.00 no-rd-refine analysis-reuse-mode=0 no-lossless cbqpoffs=0 crqpoffs=0 rc=abr bitrate=2000 qcomp=0.60 qpstep=4 stats-write=1 stats-read=0 slow-firstpass ipratio=1.40 pbratio=1.30 aq-mode=1 aq-strength=0.00 cutree zone-count=0 no-strict-cbr qg-size=64 no-rc-grain qpmax=69 qpmin=0 no-const-vbv sar=0 overscan=0 videoformat=5 range=0 colorprim=2 transfer=2 colormatrix=2 chromaloc=0 display-window=0 max-cll=0,0 min-luma=0 max-luma=255 log2-max-poc-lsb=8 vui-timing-info vui-hrd-info slices=1 opt-qp-pps opt-ref-list-length-pps no-multi-pass-opt-rps scenecut-bias=0.05 no-opt-cu-delta-qp no-aq-motion no-hdr no-hdr-opt no-dhdr10-opt analysis-reuse-level=5 scale-factor=0 refine-intra=0 refine-inter=0 refine-mv=0 no-limit-sao ctu-info=0 max-tlayer=4
in:0 out:0 type:I q:17.37 q-aq:14.00 q-noVbv:17.37 q-Rceq:1.08 tex:182775 mv:16767 misc:2442 icu:1560.00 pcu:0.00 scu:0.00 tlayer:0 pbqpoffset:0.00 pbfactor:1.00 avgQpOffsetCutree:-3.00;
in:16 out:1 type:k q:20.29 q-aq:16.53 q-noVbv:20.29 q-Rceq:1.08 tex:121505 mv:11521 misc:2190 icu:1341.50 pcu:208.50 scu:10.00 tlayer:0 pbqpoffset:0.00 pbfactor:1.00 avgQpOffsetCutree:-3.65;
in:8 out:2 type:B q:21.65 q-aq:18.36 q-noVbv:21.65 q-Rceq:1.08 tex:68926 mv:10648 misc:2106 icu:938.00 pcu:537.50 scu:84.50 tlayer:1 pbqpoffset:1.37 pbfactor:1.17 avgQpOffsetCutree:-3.04;
in:4 out:3 type:B q:21.85 q-aq:19.53 q-noVbv:21.85 q-Rceq:1.08 tex:13197 mv:4045 misc:1654 icu:67.25 pcu:921.25 scu:571.50 tlayer:2 pbqpoffset:1.56 pbfactor:1.20 avgQpOffsetCutree:-2.18;
in:2 out:4 type:B q:23.10 q-aq:22.11 q-noVbv:23.10 q-Rceq:1.08 tex:1719 mv:1573 misc:1060 icu:2.25 pcu:380.75 scu:1177.00 tlayer:3 pbqpoffset:2.81 pbfactor:1.38 avgQpOffsetCutree:-1.29;
in:1 out:5 type:b q:26.42 q-aq:26.00 q-noVbv:26.42 q-Rceq:1.08 tex:180 mv:469 misc:343 icu:0.00 pcu:153.50 scu:1406.50 tlayer:4 pbqpoffset:6.13 pbfactor:2.03 avgQpOffsetCutree:0.00;
in:3 out:6 type:b q:25.63 q-aq:26.00 q-noVbv:25.63 q-Rceq:1.08 tex:96 mv:455 misc:265 icu:0.00 pcu:117.00 scu:1443.00 tlayer:4 pbqpoffset:5.34 pbfactor:1.85 avgQpOffsetCutree:0.00;
in:6 out:7 type:B q:23.01 q-aq:21.81 q-noVbv:23.01 q-Rceq:1.08 tex:2059 mv:1628 misc:889 icu:4.00 pcu:453.25 scu:1102.75 tlayer:3 pbqpoffset:2.73 pbfactor:1.37 avgQpOffsetCutree:-1.33;
in:5 out:8 type:b q:26.05 q-aq:26.00 q-noVbv:26.05 q-Rceq:1.08 tex:124 mv:496 misc:284 icu:0.00 pcu:131.00 scu:1429.00 tlayer:4 pbqpoffset:5.77 pbfactor:1.95 avgQpOffsetCutree:0.00;
in:7 out:9 type:b q:25.95 q-aq:26.00 q-noVbv:25.95 q-Rceq:1.08 tex:171 mv:501 misc:352 icu:0.00 pcu:160.00 scu:1400.00 tlayer:4 pbqpoffset:5.67 pbfactor:1.92 avgQpOffsetCutree:0.00;
in:12 out:10 type:B q:21.67 q-aq:19.07 q-noVbv:21.67 q-Rceq:1.08 tex:15664 mv:4560 misc:1840 icu:86.75 pcu:834.00 scu:639.25 tlayer:2 pbqpoffset:1.38 pbfactor:1.17 avgQpOffsetCutree:-2.24;
in:10 out:11 type:B q:22.80 q-aq:22.02 q-noVbv:22.80 q-Rceq:1.08 tex:1446 mv:1444 misc:870 icu:0.00 pcu:303.75 scu:1256.25 tlayer:3 pbqpoffset:2.51 pbfactor:1.34 avgQpOffsetCutree:-1.32;
in:9 out:12 type:b q:26.10 q-aq:26.00 q-noVbv:26.10 q-Rceq:1.08 tex:141 mv:368 misc:339 icu:0.00 pcu:164.00 scu:1396.00 tlayer:4 pbqpoffset:5.81 pbfactor:1.96 avgQpOffsetCutree:0.00;
in:11 out:13 type:b q:25.74 q-aq:26.00 q-noVbv:25.74 q-Rceq:1.08 tex:155 mv:585 misc:452 icu:0.00 pcu:129.25 scu:1430.75 tlayer:4 pbqpoffset:5.46 pbfactor:1.88 avgQpOffsetCutree:0.00;
in:14 out:14 type:B q:22.77 q-aq:21.80 q-noVbv:22.77 q-Rceq:1.08 tex:3825 mv:1778 misc:1341 icu:0.25 pcu:891.50 scu:668.25 tlayer:3 pbqpoffset:2.49 pbfactor:1.33 avgQpOffsetCutree:-1.32;
in:13 out:15 type:b q:25.41 q-aq:25.00 q-noVbv:25.41 q-Rceq:1.08 tex:514 mv:658 misc:460 icu:0.00 pcu:174.25 scu:1385.75 tlayer:4 pbqpoffset:5.13 pbfactor:1.81 avgQpOffsetCutree:0.00;
in:15 out:16 type:b q:25.78 q-aq:26.00 q-noVbv:25.78 q-Rceq:1.08 tex:229 mv:408 misc:275 icu:0.25 pcu:159.50 scu:1400.25 tlayer:4 pbqpoffset:5.49 pbfactor:1.89 avgQpOffsetCutree:0.00;
in:29 out:17 type:k q:16.29 q-aq:12.16 q-noVbv:16.29 q-Rceq:1.08 tex:208974 mv:17958 misc:2756 icu:1461.25 pcu:98.75 scu:0.00 tlayer:0 pbqpoffset:0.00 pbfactor:1.00 avgQpOffsetCutree:-3.89;
in:23 out:18 type:B q:19.34 q-aq:16.10 q-noVbv:19.34 q-Rceq:1.08 tex:102099 mv:11889 misc:2492 icu:1166.25 pcu:376.25 scu:17.50 tlayer:1 pbqpoffset:1.21 pbfactor:1.15 avgQpOffsetCutree:-2.98;
in:20 out:19 type:B q:20.26 q-aq:17.87 q-noVbv:20.26 q-Rceq:1.08 tex:35091 mv:6331 misc:2394 icu:197.75 pcu:1010.25 scu:352.00 tlayer:2 pbqpoffset:1.21 pbfactor:1.15 avgQpOffsetCutree:-2.10;
in:18 out:20 type:B q:21.38 q-aq:20.01 q-noVbv:21.38 q-Rceq:1.08 tex:7722 mv:3613 misc:1849 icu:11.50 pcu:1031.00 scu:517.50 tlayer:3 pbqpoffset:1.71 pbfactor:1.22 avgQpOffsetCutree:-1.42;
in:17 out:21 type:b q:25.49 q-aq:25.00 q-noVbv:25.49 q-Rceq:1.08 tex:7 mv:291 misc:326 icu:0.00 pcu:128.00 scu:1432.00 tlayer:4 pbqpoffset:5.51 pbfactor:1.89 avgQpOffsetCutree:0.00;
in:19 out:22 type:b q:23.67 q-aq:24.00 q-noVbv:23.67 q-Rceq:1.08 tex:215 mv:538 misc:503 icu:0.00 pcu:149.00 scu:1411.00 tlayer:4 pbqpoffset:4.30 pbfactor:1.64 avgQpOffsetCutree:0.00;
in:22 out:23 type:B q:20.53 q-aq:20.57 q-noVbv:20.53 q-Rceq:1.08 tex:12634 mv:3960 misc:1910 icu:3.75 pcu:1096.50 scu:459.75 tlayer:3 pbqpoffset:2.09 pbfactor:1.27 avgQpOffsetCutree:-0.67;
in:21 out:24 type:b q:22.73 q-aq:23.00 q-noVbv:22.73 q-Rceq:1.08 tex:507 mv:530 misc:555 icu:0.00 pcu:160.25 scu:1399.75 tlayer:4 pbqpoffset:3.98 pbfactor:1.58 avgQpOffsetCutree:0.00;
in:26 out:25 type:B q:18.42 q-aq:16.51 q-noVbv:18.42 q-Rceq:1.08 tex:45622 mv:8911 misc:3179 icu:159.75 pcu:1213.25 scu:187.00 tlayer:2 pbqpoffset:1.21 pbfactor:1.15 avgQpOffsetCutree:-1.85;
in:25 out:26 type:B q:19.87 q-aq:19.92 q-noVbv:19.87 q-Rceq:1.08 tex:12311 mv:3890 misc:1935 icu:5.00 pcu:1007.00 scu:548.00 tlayer:3 pbqpoffset:2.36 pbfactor:1.31 avgQpOffsetCutree:-0.63;
in:24 out:27 type:b q:20.36 q-aq:20.01 q-noVbv:20.36 q-Rceq:1.08 tex:24260 mv:5313 misc:1859 icu:49.75 pcu:1257.50 scu:252.75 tlayer:4 pbqpoffset:2.54 pbfactor:1.34 avgQpOffsetCutree:0.00;
in:28 out:28 type:B q:18.50 q-aq:18.59 q-noVbv:18.50 q-Rceq:1.08 tex:24045 mv:6679 misc:2460 icu:49.75 pcu:1215.25 scu:295.00 tlayer:3 pbqpoffset:1.90 pbfactor:1.25 avgQpOffsetCutree:-0.64;
in:27 out:29 type:b q:20.82 q-aq:21.00 q-noVbv:20.82 q-Rceq:1.08 tex:641 mv:402 misc:493 icu:0.00 pcu:231.00 scu:1329.00 tlayer:4 pbqpoffset:3.91 pbfactor:1.57 avgQpOffsetCutree:0.00;
in:45 out:30 type:k q:12.29 q-aq:8.04 q-noVbv:12.29 q-Rceq:1.08 tex:329988 mv:26677 misc:3127 icu:1408.25 pcu:151.75 scu:0.00 tlayer:0 pbqpoffset:0.00 pbfactor:1.00 avgQpOffsetCutree:-4.12;
in:37 out:31 type:B q:15.39 q-aq:11.94 q-noVbv:15.39 q-Rceq:1.08 tex:151849 mv:16401 misc:2990 icu:1286.25 pcu:239.00 scu:34.75 tlayer:1 pbqpoffset:1.10 pbfactor:1.14 avgQpOffsetCutree:-3.31;
in:33 out:32 type:B q:16.39 q-aq:13.85 q-noVbv:16.39 q-Rceq:1.08 tex:99204 mv:14635 misc:3113 icu:982.00 pcu:499.25 scu:78.75 tlayer:2 pbqpoffset:1.10 pbfactor:1.14 avgQpOffsetCutree:-2.47;
in:31 out:33 type:B q:17.06 q-aq:16.22 q-noVbv:17.06 q-Rceq:1.08 tex:41191 mv:9032 misc:3001 icu:201.50 pcu:1112.00 scu:246.50 tlayer:3 pbqpoffset:1.28 pbfactor:1.16 avgQpOffsetCutree:-1.23;
in:30 out:34 type:b q:19.04 q-aq:19.00 q-noVbv:19.04 q-Rceq:1.08 tex:8698 mv:3703 misc:1487 icu:2.00 pcu:829.75 scu:728.25 tlayer:4 pbqpoffset:3.00 pbfactor:1.41 avgQpOffsetCutree:0.00;
in:32 out:35 type:b q:17.77 q-aq:18.00 q-noVbv:17.77 q-Rceq:1.08 tex:37795 mv:8004 misc:2321 icu:80.00 pcu:1272.00 scu:208.00 tlayer:4 pbqpoffset:2.24 pbfactor:1.29 avgQpOffsetCutree:0.00;
in:35 out:36 type:B q:16.47 q-aq:15.44 q-noVbv:16.47 q-Rceq:1.08 tex:29587 mv:8992 misc:2821 icu:156.25 pcu:999.25 scu:404.50 tlayer:3 pbqpoffset:1.68 pbfactor:1.21 avgQpOffsetCutree:-1.33;
in:34 out:37 type:b q:18.55 q-aq:18.46 q-noVbv:18.55 q-Rceq:1.08 tex:8404 mv:4088 misc:1828 icu:7.50 pcu:685.00 scu:867.50 tlayer:4 pbqpoffset:3.52 pbfactor:1.50 avgQpOffsetCutree:0.00;
in:36 out:38 type:b q:17.39 q-aq:17.00 q-noVbv:17.39 q-Rceq:1.08 tex:20073 mv:7270 misc:2369 icu:14.00 pcu:1076.25 scu:469.75 tlayer:4 pbqpoffset:2.86 pbfactor:1.39 avgQpOffsetCutree:0.00;
in:41 out:39 type:B q:14.39 q-aq:11.85 q-noVbv:14.39 q-Rceq:1.08 tex:105609 mv:16661 misc:3498 icu:1025.00 pcu:418.00 scu:117.00 tlayer:2 pbqpoffset:1.10 pbfactor:1.14 avgQpOffsetCutree:-2.40;
in:39 out:40 type:B q:15.59 q-aq:14.49 q-noVbv:15.59 q-Rceq:1.08 tex:40984 mv:11753 misc:3255 icu:230.00 pcu:1079.25 scu:250.75 tlayer:3 pbqpoffset:1.80 pbfactor:1.23 avgQpOffsetCutree:-1.35;
in:38 out:41 type:b q:17.83 q-aq:18.00 q-noVbv:17.83 q-Rceq:1.08 tex:6796 mv:3853 misc:1495 icu:34.75 pcu:641.25 scu:884.00 tlayer:4 pbqpoffset:3.79 pbfactor:1.55 avgQpOffsetCutree:0.00;
in:40 out:42 type:b q:16.17 q-aq:16.00 q-noVbv:16.17 q-Rceq:1.08 tex:31227 mv:9490 misc:2867 icu:84.50 pcu:1236.50 scu:239.00 tlayer:4 pbqpoffset:2.64 pbfactor:1.36 avgQpOffsetCutree:0.00;
in:43 out:43 type:B q:14.79 q-aq:13.72 q-noVbv:14.79 q-Rceq:1.08 tex:31207 mv:10219 misc:3406 icu:237.00 pcu:911.75 scu:411.25 tlayer:3 pbqpoffset:2.00 pbfactor:1.26 avgQpOffsetCutree:-1.32;
in:42 out:44 type:b q:17.19 q-aq:17.00 q-noVbv:17.19 q-Rceq:1.08 tex:9878 mv:4913 misc:1929 icu:32.00 pcu:666.00 scu:862.00 tlayer:4 pbqpoffset:4.15 pbfactor:1.62 avgQpOffsetCutree:0.00;
in:44 out:45 type:b q:16.11 q-aq:16.00 q-noVbv:16.11 q-Rceq:1.08 tex:18883 mv:7655 misc:2574 icu:54.00 pcu:977.75 scu:528.25 tlayer:4 pbqpoffset:3.57 pbfactor:1.51 avgQpOffsetCutree:0.00;
in:59 out:46 type:k q:10.99 q-aq:7.36 q-noVbv:10.99 q-Rceq:1.08 tex:312705 mv:24187 misc:3252 icu:1365.00 pcu:194.00 scu:1.00 tlayer:0 pbqpoffset:0.00 pbfactor:1.00 avgQpOffsetCutree:-3.61;
in:52 out:47 type:B q:12.52 q-aq:9.47 q-noVbv:12.52 q-Rceq:1.08 tex:209494 mv:20107 misc:3511 icu:1247.25 pcu:288.50 scu:24.25 tlayer:1 pbqpoffset:0.88 pbfactor:1.11 avgQpOffsetCutree:-2.94;
in:49 out:48 type:B q:12.80 q-aq:10.72 q-noVbv:12.80 q-Rceq:1.08 tex:118765 mv:20019 misc:3640 icu:1042.00 pcu:423.25 scu:94.75 tlayer:2 pbqpoffset:0.88 pbfactor:1.11 avgQpOffsetCutree:-2.08;
in:47 out:49 type:B q:13.55 q-aq:12.42 q-noVbv:13.55 q-Rceq:1.08 tex:53013 mv:17890 misc:3937 icu:383.75 pcu:948.50 scu:227.75 tlayer:3 pbqpoffset:1.44 pbfactor:1.18 avgQpOffsetCutree:-1.34;
in:46 out:50 type:b q:15.84 q-aq:16.00 q-noVbv:15.84 q-Rceq:1.08 tex:10355 mv:4873 misc:1948 icu:50.25 pcu:716.00 scu:793.75 tlayer:4 pbqpoffset:3.65 pbfactor:1.52 avgQpOffsetCutree:0.00;
in:48 out:51 type:b q:14.53 q-aq:14.00 q-noVbv:14.53 q-Rceq:1.08 tex:36365 mv:13193 misc:3498 icu:122.00 pcu:1147.75 scu:290.25 tlayer:4 pbqpoffset:2.52 pbfactor:1.34 avgQpOffsetCutree:0.00;
in:51 out:52 type:B q:13.70 q-aq:13.50 q-noVbv:13.70 q-Rceq:1.08 tex:24262 mv:10285 misc:3373 icu:198.25 pcu:1025.00 scu:336.75 tlayer:3 pbqpoffset:1.97 pbfactor:1.26 avgQpOffsetCutree:-0.71;
in:50 out:53 type:b q:15.25 q-aq:15.00 q-noVbv:15.25 q-Rceq:1.08 tex:11997 mv:6966 misc:2541 icu:51.50 pcu:849.50 scu:659.00 tlayer:4 pbqpoffset:3.43 pbfactor:1.49 avgQpOffsetCutree:0.00;
in:56 out:54 type:B q:12.15 q-aq:10.16 q-noVbv:12.15 q-Rceq:1.08 tex:154323 mv:22579 misc:3778 icu:1084.75 pcu:430.25 scu:45.00 tlayer:2 pbqpoffset:0.88 pbfactor:1.11 avgQpOffsetCutree:-2.02;
in:54 out:55 type:B q:13.18 q-aq:12.08 q-noVbv:13.18 q-Rceq:1.08 tex:12229 mv:5829 misc:3262 icu:147.25 pcu:628.25 scu:784.50 tlayer:3 pbqpoffset:1.73 pbfactor:1.22 avgQpOffsetCutree:-1.27;
in:53 out:56 type:b q:15.37 q-aq:15.00 q-noVbv:15.37 q-Rceq:1.08 tex:773 mv:1760 misc:1675 icu:40.50 pcu:370.25 scu:1149.25 tlayer:4 pbqpoffset:3.82 pbfactor:1.56 avgQpOffsetCutree:0.00;
in:55 out:57 type:b q:15.28 q-aq:15.00 q-noVbv:15.28 q-Rceq:1.08 tex:1547 mv:2256 misc:1477 icu:62.25 pcu:438.00 scu:1059.75 tlayer:4 pbqpoffset:3.93 pbfactor:1.57 avgQpOffsetCutree:0.00;
in:58 out:58 type:B q:12.91 q-aq:12.64 q-noVbv:12.91 q-Rceq:1.08 tex:34718 mv:15831 misc:4147 icu:186.25 pcu:1120.25 scu:253.50 tlayer:3 pbqpoffset:1.83 pbfactor:1.24 avgQpOffsetCutree:-0.77;
in:57 out:59 type:b q:15.01 q-aq:15.00 q-noVbv:15.01 q-Rceq:1.08 tex:1435 mv:2398 misc:1743 icu:25.00 pcu:543.25 scu:991.75 tlayer:4 pbqpoffset:3.84 pbfactor:1.56 avgQpOffsetCutree:0.00;
in:68 out:60 type:k q:13.59 q-aq:10.22 q-noVbv:13.59 q-Rceq:1.08 tex:236084 mv:20709 misc:2991 icu:1489.75 pcu:70.25 scu:0.00 tlayer:0 pbqpoffset:0.23 pbfactor:1.03 avgQpOffsetCutree:-3.58;
in:64 out:61 type:B q:13.28 q-aq:11.15 q-noVbv:13.28 q-Rceq:1.08 tex:162193 mv:16902 misc:3353 icu:1236.00 pcu:284.50 scu:39.50 tlayer:1 pbqpoffset:0.84 pbfactor:1.10 avgQpOffsetCutree:-2.27;
in:62 out:62 type:B q:13.49 q-aq:11.93 q-noVbv:13.49 q-Rceq:1.08 tex:69097 mv:14289 misc:3462 icu:682.00 pcu:764.00 scu:114.00 tlayer:2 pbqpoffset:1.63 pbfactor:1.21 avgQpOffsetCutree:-1.56;
in:61 out:63 type:B q:14.27 q-aq:14.05 q-noVbv:14.27 q-Rceq:1.08 tex:26947 mv:10676 misc:3801 icu:226.00 pcu:1012.00 scu:322.00 tlayer:3 pbqpoffset:2.71 pbfactor:1.37 avgQpOffsetCutree:-0.70;
in:60 out:64 type:b q:15.37 q-aq:15.00 q-noVbv:15.37 q-Rceq:1.08 tex:24394 mv:8961 misc:2765 icu:85.25 pcu:1086.25 scu:388.50 tlayer:4 pbqpoffset:4.10 pbfactor:1.61 avgQpOffsetCutree:0.00;
in:63 out:65 type:b q:17.00 q-aq:17.00 q-noVbv:17.00 q-Rceq:1.08 tex:640 mv:1677 misc:1699 icu:8.00 pcu:466.25 scu:1085.75 tlayer:3 pbqpoffset:4.85 pbfactor:1.75 avgQpOffsetCutree:0.00;
in:66 out:66 type:B q:14.91 q-aq:13.88 q-noVbv:14.91 q-Rceq:1.08 tex:22698 mv:7803 misc:2843 icu:200.25 pcu:1107.00 scu:252.75 tlayer:2 pbqpoffset:1.89 pbfactor:1.24 avgQpOffsetCutree:-1.24;
in:65 out:67 type:b q:17.94 q-aq:18.00 q-noVbv:17.94 q-Rceq:1.08 tex:479 mv:1452 misc:989 icu:17.00 pcu:375.00 scu:1168.00 tlayer:3 pbqpoffset:5.22 pbfactor:1.83 avgQpOffsetCutree:0.00;
in:67 out:68 type:b q:18.45 q-aq:18.00 q-noVbv:18.45 q-Rceq:1.08 tex:270 mv:1156 misc:902 icu:12.00 pcu:351.00 scu:1197.00 tlayer:3 pbqpoffset:5.15 pbfactor:1.81 avgQpOffsetCutree:0.00;
in:76 out:69 type:k q:13.13 q-aq:9.94 q-noVbv:13.13 q-Rceq:1.08 tex:226757 mv:19698 misc:3185 icu:1377.75 pcu:181.00 scu:1.25 tlayer:0 pbqpoffset:0.23 pbfactor:1.03 avgQpOffsetCutree:-3.33;
in:72 out:70 type:B q:14.29 q-aq:12.42 q-noVbv:14.29 q-Rceq:1.08 tex:114436 mv:15856 misc:3052 icu:1015.75 pcu:498.50 scu:45.75 tlayer:1 pbqpoffset:0.92 pbfactor:1.11 avgQpOffsetCutree:-2.06;
in:70 out:71 type:B q:14.83 q-aq:13.91 q-noVbv:14.83 q-Rceq:1.08 tex:15716 mv:5098 misc:3258 icu:75.75 pcu:919.00 scu:565.25 tlayer:2 pbqpoffset:1.35 pbfactor:1.17 avgQpOffsetCutree:-1.30;
in:69 out:72 type:b q:17.78 q-aq:18.00 q-noVbv:17.78 q-Rceq:1.08 tex:234 mv:964 misc:986 icu:8.00 pcu:348.00 scu:1204.00 tlayer:3 pbqpoffset:4.25 pbfactor:1.63 avgQpOffsetCutree:0.00;
in:71 out:73 type:b q:16.77 q-aq:17.00 q-noVbv:16.77 q-Rceq:1.08 tex:947 mv:2139 misc:1610 icu:4.00 pcu:559.25 scu:996.75 tlayer:3 pbqpoffset:3.35 pbfactor:1.47 avgQpOffsetCutree:0.00;
in:74 out:74 type:B q:14.65 q-aq:13.61 q-noVbv:14.65 q-Rceq:1.08 tex:22956 mv:7444 misc:3544 icu:231.50 pcu:996.00 scu:332.50 tlayer:2 pbqpoffset:1.41 pbfactor:1.18 avgQpOffsetCutree:-1.27;
in:73 out:75 type:b q:17.34 q-aq:17.00 q-noVbv:17.34 q-Rceq:1.08 tex:750 mv:1574 misc:1228 icu:2.25 pcu:440.50 scu:1117.25 tlayer:3 pbqpoffset:4.04 pbfactor:1.59 avgQpOffsetCutree:0.00;
in:75 out:76 type:b q:17.12 q-aq:17.00 q-noVbv:17.12 q-Rceq:1.08 tex:453 mv:1848 misc:1179 icu:16.00 pcu:431.00 scu:1113.00 tlayer:3 pbqpoffset:3.93 pbfactor:1.57 avgQpOffsetCutree:0.00;
in:84 out:77 type:k q:12.20 q-aq:9.01 q-noVbv:12.20 q-Rceq:1.08 tex:239043 mv:23527 misc:3278 icu:1345.50 pcu:210.75 scu:3.75 tlayer:0 pbqpoffset:0.07 pbfactor:1.01 avgQpOffsetCutree:-3.23;
in:80 out:78 type:B q:13.52 q-aq:11.41 q-noVbv:13.52 q-Rceq:1.08 tex:140792 mv:18822 misc:3458 icu:1150.75 pcu:381.00 scu:28.25 tlayer:1 pbqpoffset:0.86 pbfactor:1.10 avgQpOffsetCutree:-2.20;
in:78 out:79 type:B q:13.92 q-aq:12.92 q-noVbv:13.92 q-Rceq:1.08 tex:28609 mv:10038 misc:3609 icu:351.50 pcu:1012.25 scu:196.25 tlayer:2 pbqpoffset:1.03 pbfactor:1.13 avgQpOffsetCutree:-1.24;
in:77 out:80 type:b q:16.44 q-aq:16.00 q-noVbv:16.44 q-Rceq:1.08 tex:561 mv:1671 misc:1528 icu:4.00 pcu:429.75 scu:1126.25 tlayer:3 pbqpoffset:3.42 pbfactor:1.48 avgQpOffsetCutree:0.00;
in:79 out:81 type:b q:16.19 q-aq:16.00 q-noVbv:16.19 q-Rceq:1.08 tex:730 mv:2190 misc:1416 icu:33.75 pcu:431.00 scu:1095.25 tlayer:3 pbqpoffset:3.40 pbfactor:1.48 avgQpOffsetCutree:0.00;
in:82 out:82 type:B q:13.63 q-aq:12.61 q-noVbv:13.63 q-Rceq:1.08 tex:16568 mv:6840 misc:3224 icu:204.00 pcu:680.25 scu:675.75 tlayer:2 pbqpoffset:1.20 pbfactor:1.15 avgQpOffsetCutree:-1.27;
in:81 out:83 type:b q:15.86 q-aq:16.00 q-noVbv:15.86 q-Rceq:1.08 tex:622 mv:1810 misc:1256 icu:14.00 pcu:481.00 scu:1065.00 tlayer:3 pbqpoffset:3.31 pbfactor:1.47 avgQpOffsetCutree:0.00;
in:83 out:84 type:b q:15.36 q-aq:15.00 q-noVbv:15.36 q-Rceq:1.08 tex:1554 mv:1731 misc:1627 icu:10.00 pcu:435.00 scu:1115.00 tlayer:3 pbqpoffset:3.05 pbfactor:1.42 avgQpOffsetCutree:0.00;
in:92 out:85 type:k q:12.50 q-aq:9.41 q-noVbv:12.50 q-Rceq:1.08 tex:270170 mv:22170 misc:2772 icu:1466.75 pcu:93.25 scu:0.00 tlayer:0 pbqpoffset:0.00 pbfactor:1.00 avgQpOffsetCutree:-3.33;
in:88 out:86 type:B q:13.24 q-aq:11.24 q-noVbv:13.24 q-Rceq:1.08 tex:150536 mv:15913 misc:2967 icu:1191.50 pcu:334.75 scu:33.75 tlayer:1 pbqpoffset:0.89 pbfactor:1.11 avgQpOffsetCutree:-2.14;
in:86 out:87 type:B q:14.15 q-aq:13.25 q-noVbv:14.15 q-Rceq:1.08 tex:15318 mv:5394 misc:3152 icu:130.25 pcu:702.00 scu:727.75 tlayer:2 pbqpoffset:1.88 pbfactor:1.24 avgQpOffsetCutree:-1.25;
in:85 out:88 type:b q:16.76 q-aq:17.00 q-noVbv:16.76 q-Rceq:1.08 tex:997 mv:1806 misc:1205 icu:5.00 pcu:485.75 scu:1069.25 tlayer:3 pbqpoffset:4.52 pbfactor:1.69 avgQpOffsetCutree:0.00;
in:87 out:89 type:b q:17.16 q-aq:17.00 q-noVbv:17.16 q-Rceq:1.08 tex:180 mv:1152 misc:1180 icu:8.00 pcu:318.50 scu:1233.50 tlayer:3 pbqpoffset:4.85 pbfactor:1.75 avgQpOffsetCutree:0.00;
in:90 out:90 type:B q:14.37 q-aq:13.46 q-noVbv:14.37 q-Rceq:1.08 tex:18360 mv:5624 misc:3480 icu:125.00 pcu:871.25 scu:563.75 tlayer:2 pbqpoffset:1.95 pbfactor:1.25 avgQpOffsetCutree:-1.22;
in:89 out:91 type:b q:17.02 q-aq:17.00 q-noVbv:17.02 q-Rceq:1.08 tex:1254 mv:1968 misc:1690 icu:7.00 pcu:704.00 scu:849.00 tlayer:3 pbqpoffset:4.63 pbfactor:1.71 avgQpOffsetCutree:0.00;
in:91 out:92 type:b q:16.59 q-aq:16.19 q-noVbv:16.59 q-Rceq:1.08 tex:3792 mv:2595 misc:1901 icu:14.50 pcu:630.50 scu:915.00 tlayer:3 pbqpoffset:4.13 pbfactor:1.61 avgQpOffsetCutree:0.00;
in:100 out:93 type:k q:11.56 q-aq:7.98 q-noVbv:11.56 q-Rceq:1.08 tex:299707 mv:20935 misc:2710 icu:1386.50 pcu:171.75 scu:1.75 tlayer:0 pbqpoffset:-0.04 pbfactor:1.00 avgQpOffsetCutree:-3.44;
in:96 out:94 type:B q:12.91 q-aq:10.68 q-noVbv:12.91 q-Rceq:1.08 tex:146366 mv:14196 misc:3134 icu:1219.50 pcu:282.25 scu:58.25 tlayer:1 pbqpoffset:0.88 pbfactor:1.11 avgQpOffsetCutree:-2.27;
in:94 out:95 type:B q:13.53 q-aq:12.42 q-noVbv:13.53 q-Rceq:1.08 tex:18495 mv:6203 misc:3094 icu:189.00 pcu:672.00 scu:699.00 tlayer:2 pbqpoffset:1.27 pbfactor:1.16 avgQpOffsetCutree:-1.29;
in:93 out:96 type:b q:15.04 q-aq:15.01 q-noVbv:15.04 q-Rceq:1.08 tex:7002 mv:2629 misc:1801 icu:6.50 pcu:528.75 scu:1024.75 tlayer:3 pbqpoffset:2.66 pbfactor:1.36 avgQpOffsetCutree:0.00;
in:95 out:97 type:b q:15.67 q-aq:15.58 q-noVbv:15.67 q-Rceq:1.08 tex:757 mv:1725 misc:1518 icu:4.25 pcu:466.50 scu:1089.25 tlayer:3 pbqpoffset:3.53 pbfactor:1.50 avgQpOffsetCutree:0.00;
in:98 out:98 type:B q:13.32 q-aq:12.04 q-noVbv:13.32 q-Rceq:1.08 tex:17075 mv:6154 misc:3179 icu:130.00 pcu:808.00 scu:622.00 tlayer:2 pbqpoffset:1.53 pbfactor:1.19 avgQpOffsetCutree:-1.33;
in:97 out:99 type:b q:16.02 q-aq:16.00 q-noVbv:16.02 q-Rceq:1.08 tex:942 mv:1741 misc:1717 icu:4.00 pcu:370.50 scu:1185.50 tlayer:3 pbqpoffset:4.11 pbfactor:1.61 avgQpOffsetCutree:0.00;
in:99 out:100 type:b q:15.96 q-aq:16.00 q-noVbv:15.96 q-Rceq:1.08 tex:609 mv:1336 misc:1575 icu:13.00 pcu:249.25 scu:1297.75 tlayer:3 pbqpoffset:4.28 pbfactor:1.64 avgQpOffsetCutree:0.00;
in:108 out:101 type:k q:11.61 q-aq:7.92 q-noVbv:11.61 q-Rceq:1.08 tex:283457 mv:17167 misc:2880 icu:1341.50 pcu:217.25 scu:1.25 tlayer:0 pbqpoffset:0.00 pbfactor:1.00 avgQpOffsetCutree:-3.42;
in:104 out:102 type:B q:12.31 q-aq:10.35 q-noVbv:12.31 q-Rceq:1.08 tex:151749 mv:16407 misc:3100 icu:1194.75 pcu:341.25 scu:24.00 tlayer:1 pbqpoffset:0.72 pbfactor:1.09 avgQpOffsetCutree:-2.02;
in:102 out:103 type:B q:12.43 q-aq:11.35 q-noVbv:12.43 q-Rceq:1.08 tex:46911 mv:15301 misc:4180 icu:515.00 pcu:891.75 scu:153.25 tlayer:2 pbqpoffset:0.86 pbfactor:1.10 avgQpOffsetCutree:-1.22;
in:101 out:104 type:b q:14.65 q-aq:14.06 q-noVbv:14.65 q-Rceq:1.08 tex:1984 mv:2070 misc:1634 icu:48.50 pcu:449.50 scu:1062.00 tlayer:3 pbqpoffset:3.09 pbfactor:1.43 avgQpOffsetCutree:0.00;
in:103 out:105 type:b q:14.74 q-aq:14.48 q-noVbv:14.74 q-Rceq:1.08 tex:2131 mv:2447 misc:2078 icu:19.50 pcu:484.50 scu:1056.00 tlayer:3 pbqpoffset:3.16 pbfactor:1.44 avgQpOffsetCutree:0.00;
in:106 out:106 type:B q:12.40 q-aq:11.34 q-noVbv:12.40 q-Rceq:1.08 tex:36756 mv:13154 misc:4474 icu:343.75 pcu:782.00 scu:434.25 tlayer:2 pbqpoffset:0.80 pbfactor:1.10 avgQpOffsetCutree:-1.22;
in:105 out:107 type:b q:14.78 q-aq:14.88 q-noVbv:14.78 q-Rceq:1.08 tex:1989 mv:2227 misc:1480 icu:42.50 pcu:527.25 scu:990.25 tlayer:3 pbqpoffset:3.19 pbfactor:1.45 avgQpOffsetCutree:0.00;
in:107 out:108 type:b q:14.73 q-aq:14.38 q-noVbv:14.73 q-Rceq:1.08 tex:2058 mv:2672 misc:1782 icu:15.25 pcu:555.50 scu:989.25 tlayer:3 pbqpoffset:3.12 pbfactor:1.43 avgQpOffsetCutree:0.00;
in:121 out:109 type:k q:11.74 q-aq:8.08 q-noVbv:11.74 q-Rceq:1.08 tex:266993 mv:21031 misc:3096 icu:1342.75 pcu:217.25 scu:0.00 tlayer:0 pbqpoffset:-0.25 pbfactor:0.97 avgQpOffsetCutree:-3.47;
in:115 out:110 type:B q:12.35 q-aq:9.19 q-noVbv:12.35 q-Rceq:1.08 tex:170534 mv:16744 misc:3154 icu:1307.75 pcu:230.25 scu:22.00 tlayer:1 pbqpoffset:0.67 pbfactor:1.08 avgQpOffsetCutree:-2.90;
in:112 out:111 type:B q:12.32 q-aq:10.41 q-noVbv:12.32 q-Rceq:1.08 tex:128860 mv:15934 misc:3246 icu:1158.00 pcu:328.25 scu:73.75 tlayer:2 pbqpoffset:0.67 pbfactor:1.08 avgQpOffsetCutree:-1.86;
in:110 out:112 type:B q:12.91 q-aq:11.77 q-noVbv:12.91 q-Rceq:1.08 tex:21112 mv:6334 misc:2962 icu:210.25 pcu:779.00 scu:570.75 tlayer:3 pbqpoffset:1.28 pbfactor:1.16 avgQpOffsetCutree:-1.23;
in:109 out:113 type:b q:14.81 q-aq:14.81 q-noVbv:14.81 q-Rceq:1.08 tex:1768 mv:1731 misc:1469 icu:29.00 pcu:431.50 scu:1099.50 tlayer:4 pbqpoffset:3.18 pbfactor:1.44 avgQpOffsetCutree:0.00;
in:111 out:114 type:b q:15.16 q-aq:15.00 q-noVbv:15.16 q-Rceq:1.08 tex:1435 mv:1963 misc:1514 icu:47.00 pcu:483.25 scu:1029.75 tlayer:4 pbqpoffset:3.52 pbfactor:1.50 avgQpOffsetCutree:0.00;
in:114 out:115 type:B q:13.17 q-aq:13.08 q-noVbv:13.17 q-Rceq:1.08 tex:31636 mv:13823 misc:3381 icu:291.00 pcu:1041.00 scu:228.00 tlayer:3 pbqpoffset:1.50 pbfactor:1.19 avgQpOffsetCutree:-0.70;
in:113 out:116 type:b q:14.83 q-aq:14.81 q-noVbv:14.83 q-Rceq:1.08 tex:4540 mv:3080 misc:1892 icu:46.75 pcu:555.75 scu:957.50 tlayer:4 pbqpoffset:3.17 pbfactor:1.44 avgQpOffsetCutree:0.00;
in:118 out:117 type:B q:12.42 q-aq:10.37 q-noVbv:12.42 q-Rceq:1.08 tex:100002 mv:20910 misc:4032 icu:936.25 pcu:528.25 scu:95.50 tlayer:2 pbqpoffset:0.71 pbfactor:1.09 avgQpOffsetCutree:-1.87;
in:117 out:118 type:B q:13.50 q-aq:13.40 q-noVbv:13.50 q-Rceq:1.08 tex:26829 mv:10827 misc:3168 icu:276.25 pcu:920.75 scu:363.00 tlayer:3 pbqpoffset:1.80 pbfactor:1.23 avgQpOffsetCutree:-0.70;
in:116 out:119 type:b q:14.20 q-aq:14.00 q-noVbv:14.20 q-Rceq:1.08 tex:27996 mv:12126 misc:3166 icu:175.50 pcu:1043.25 scu:341.25 tlayer:4 pbqpoffset:2.51 pbfactor:1.34 avgQpOffsetCutree:0.00;
in:120 out:120 type:B q:12.71 q-aq:12.87 q-noVbv:12.71 q-Rceq:1.08 tex:55031 mv:14722 misc:3671 icu:342.50 pcu:1084.75 scu:132.75 tlayer:3 pbqpoffset:0.98 pbfactor:1.12 avgQpOffsetCutree:-0.52;
in:119 out:121 type:b q:14.67 q-aq:14.21 q-noVbv:14.67 q-Rceq:1.08 tex:2931 mv:2470 misc:1935 icu:43.75 pcu:586.00 scu:930.25 tlayer:4 pbqpoffset:2.95 pbfactor:1.41 avgQpOffsetCutree:0.00;
in:129 out:122 type:k q:12.70 q-aq:8.66 q-noVbv:12.70 q-Rceq:1.08 tex:262105 mv:19235 misc:2916 icu:1528.25 pcu:31.75 scu:0.00 tlayer:0 pbqpoffset:-0.29 pbfactor:0.97 avgQpOffsetCutree:-3.90;
in:125 out:123 type:B q:12.95 q-aq:10.49 q-noVbv:12.95 q-Rceq:1.08 tex:112927 mv:12974 misc:3643 icu:1177.50 pcu:306.00 scu:76.50 tlayer:1 pbqpoffset:0.72 pbfactor:1.09 avgQpOffsetCutree:-2.28;
in:123 out:124 type:B q:13.32 q-aq:12.30 q-noVbv:13.32 q-Rceq:1.08 tex:52927 mv:13149 misc:3660 icu:625.75 pcu:693.25 scu:241.00 tlayer:2 pbqpoffset:1.34 pbfactor:1.17 avgQpOffsetCutree:-1.20;
in:122 out:125 type:b q:14.67 q-aq:14.23 q-noVbv:14.67 q-Rceq:1.08 tex:22807 mv:10203 misc:3502 icu:119.50 pcu:1063.25 scu:377.25 tlayer:3 pbqpoffset:2.81 pbfactor:1.38 avgQpOffsetCutree:0.00;
in:124 out:126 type:b q:14.71 q-aq:14.08 q-noVbv:14.71 q-Rceq:1.08 tex:28635 mv:11063 misc:3406 icu:147.25 pcu:1024.00 scu:388.75 tlayer:3 pbqpoffset:2.60 pbfactor:1.35 avgQpOffsetCutree:0.00;
in:127 out:127 type:B q:13.80 q-aq:13.22 q-noVbv:13.80 q-Rceq:1.08 tex:50378 mv:12725 misc:3697 icu:452.75 pcu:950.75 scu:156.50 tlayer:2 pbqpoffset:1.33 pbfactor:1.17 avgQpOffsetCutree:-1.01;
in:126 out:128 type:b q:15.60 q-aq:15.01 q-noVbv:15.60 q-Rceq:1.08 tex:13974 mv:6790 misc:2772 icu:72.75 pcu:945.25 scu:542.00 tlayer:3 pbqpoffset:3.25 pbfactor:1.46 avgQpOffsetCutree:0.00;
in:128 out:129 type:b q:14.84 q-aq:14.69 q-noVbv:14.84 q-Rceq:1.08 tex:32170 mv:8212 misc:2746 icu:87.75 pcu:1203.00 scu:269.25 tlayer:3 pbqpoffset:2.26 pbfactor:1.30 avgQpOffsetCutree:0.00;
in:141 out:130 type:k q:12.45 q-aq:8.51 q-noVbv:12.45 q-Rceq:1.08 tex:231207 mv:18933 misc:2892 icu:1350.75 pcu:207.50 scu:1.75 tlayer:0 pbqpoffset:-0.28 pbfactor:0.97 avgQpOffsetCutree:-3.68;
in:135 out:131 type:B q:13.29 q-aq:10.13 q-noVbv:13.29 q-Rceq:1.08 tex:134923 mv:15303 misc:3094 icu:1240.75 pcu:257.00 scu:62.25 tlayer:1 pbqpoffset:0.71 pbfactor:1.09 avgQpOffsetCutree:-2.92;
in:132 out:132 type:B q:13.35 q-aq:11.57 q-noVbv:13.35 q-Rceq:1.08 tex:62640 mv:11743 misc:3289 icu:695.50 pcu:545.75 scu:318.75 tlayer:2 pbqpoffset:0.71 pbfactor:1.09 avgQpOffsetCutree:-1.67;
in:131 out:133 type:B q:14.17 q-aq:14.18 q-noVbv:14.17 q-Rceq:1.08 tex:18618 mv:7795 misc:2755 icu:119.50 pcu:1018.25 scu:422.25 tlayer:3 pbqpoffset:1.51 pbfactor:1.19 avgQpOffsetCutree:-0.61;
in:130 out:134 type:b q:15.13 q-aq:15.00 q-noVbv:15.13 q-Rceq:1.08 tex:12785 mv:6208 misc:2159 icu:37.50 pcu:934.75 scu:587.75 tlayer:4 pbqpoffset:2.45 pbfactor:1.33 avgQpOffsetCutree:0.00;
in:134 out:135 type:B q:14.07 q-aq:13.94 q-noVbv:14.07 q-Rceq:1.08 tex:19913 mv:10248 misc:3319 icu:133.00 pcu:1038.25 scu:388.75 tlayer:3 pbqpoffset:1.47 pbfactor:1.18 avgQpOffsetCutree:-0.71;
in:133 out:136 type:b q:15.78 q-aq:15.97 q-noVbv:15.78 q-Rceq:1.08 tex:1375 mv:2103 misc:1530 icu:6.00 pcu:466.75 scu:1087.25 tlayer:4 pbqpoffset:3.16 pbfactor:1.44 avgQpOffsetCutree:0.00;
in:138 out:137 type:B q:13.23 q-aq:11.52 q-noVbv:13.23 q-Rceq:1.08 tex:78574 mv:16103 misc:3483 icu:839.75 pcu:606.00 scu:114.25 tlayer:2 pbqpoffset:0.71 pbfactor:1.09 avgQpOffsetCutree:-1.72;
in:137 out:138 type:B q:13.99 q-aq:14.20 q-noVbv:13.99 q-Rceq:1.08 tex:19313 mv:10170 misc:3213 icu:135.25 pcu:1025.75 scu:399.00 tlayer:3 pbqpoffset:1.45 pbfactor:1.18 avgQpOffsetCutree:-0.48;
in:136 out:139 type:b q:14.41 q-aq:14.00 q-noVbv:14.41 q-Rceq:1.08 tex:31276 mv:10734 misc:2990 icu:148.75 pcu:1129.00 scu:282.25 tlayer:4 pbqpoffset:1.85 pbfactor:1.24 avgQpOffsetCutree:0.00;
in:140 out:140 type:B q:13.51 q-aq:13.60 q-noVbv:13.51 q-Rceq:1.08 tex:35192 mv:12186 misc:3654 icu:168.75 pcu:1076.25 scu:315.00 tlayer:3 pbqpoffset:1.03 pbfactor:1.13 avgQpOffsetCutree:-0.58;
in:139 out:141 type:b q:15.31 q-aq:15.00 q-noVbv:15.31 q-Rceq:1.08 tex:1401 mv:1975 misc:1296 icu:14.00 pcu:617.75 scu:928.25 tlayer:4 pbqpoffset:2.81 pbfactor:1.38 avgQpOffsetCutree:0.00;
in:155 out:142 type:k q:12.17 q-aq:8.60 q-noVbv:12.17 q-Rceq:1.08 tex:225248 mv:21028 misc:2652 icu:1383.75 pcu:175.25 scu:1.00 tlayer:0 pbqpoffset:-0.38 pbfactor:0.96 avgQpOffsetCutree:-3.44;
in:148 out:143 type:B q:12.96 q-aq:9.87 q-noVbv:12.96 q-Rceq:1.08 tex:168011 mv:17977 misc:3068 icu:1292.25 pcu:240.25 scu:27.50 tlayer:1 pbqpoffset:0.65 pbfactor:1.08 avgQpOffsetCutree:-2.81;
in:145 out:144 type:B q:13.02 q-aq:10.82 q-noVbv:13.02 q-Rceq:1.08 tex:109223 mv:17082 misc:3231 icu:1114.50 pcu:351.75 scu:93.75 tlayer:2 pbqpoffset:0.65 pbfactor:1.08 avgQpOffsetCutree:-2.04;
in:143 out:145 type:B q:13.09 q-aq:12.29 q-noVbv:13.09 q-Rceq:1.08 tex:58084 mv:18064 misc:3948 icu:577.00 pcu:828.50 scu:154.50 tlayer:3 pbqpoffset:0.68 pbfactor:1.08 avgQpOffsetCutree:-1.06;
in:142 out:146 type:b q:14.46 q-aq:14.07 q-noVbv:14.46 q-Rceq:1.08 tex:23654 mv:11399 misc:3323 icu:110.75 pcu:1121.50 scu:327.75 tlayer:4 pbqpoffset:2.02 pbfactor:1.26 avgQpOffsetCutree:0.00;
in:144 out:147 type:b q:14.18 q-aq:14.00 q-noVbv:14.18 q-Rceq:1.08 tex:39223 mv:13717 misc:3372 icu:135.00 pcu:1200.25 scu:224.75 tlayer:4 pbqpoffset:1.79 pbfactor:1.23 avgQpOffsetCutree:0.00;
in:147 out:148 type:B q:13.68 q-aq:13.46 q-noVbv:13.68 q-Rceq:1.08 tex:21309 mv:10978 misc:3105 icu:235.75 pcu:989.75 scu:334.50 tlayer:3 pbqpoffset:1.34 pbfactor:1.17 avgQpOffsetCutree:-0.63;
in:146 out:149 type:b q:14.72 q-aq:14.46 q-noVbv:14.72 q-Rceq:1.08 tex:15869 mv:8867 misc:2736 icu:60.25 pcu:1042.25 scu:457.50 tlayer:4 pbqpoffset:2.36 pbfactor:1.31 avgQpOffsetCutree:0.00;
in:152 out:150 type:B q:12.88 q-aq:11.15 q-noVbv:12.88 q-Rceq:1.08 tex:114097 mv:17608 misc:3335 icu:1055.00 pcu:430.25 scu:74.75 tlayer:2 pbqpoffset:0.65 pbfactor:1.08 avgQpOffsetCutree:-1.76;
in:150 out:151 type:B q:13.31 q-aq:12.37 q-noVbv:13.31 q-Rceq:1.08 tex:11850 mv:5831 misc:3079 icu:51.50 pcu:888.50 scu:620.00 tlayer:3 pbqpoffset:1.04 pbfactor:1.13 avgQpOffsetCutree:-1.23;
in:149 out:152 type:b q:15.76 q-aq:15.73 q-noVbv:15.76 q-Rceq:1.08 tex:611 mv:2048 misc:1541 icu:0.00 pcu:567.50 scu:992.50 tlayer:4 pbqpoffset:3.47 pbfactor:1.49 avgQpOffsetCutree:0.00;
in:151 out:153 type:b q:14.98 q-aq:15.00 q-noVbv:14.98 q-Rceq:1.08 tex:1093 mv:1831 misc:1580 icu:16.00 pcu:348.25 scu:1195.75 tlayer:4 pbqpoffset:2.73 pbfactor:1.37 avgQpOffsetCutree:0.00;
in:154 out:154 type:B q:13.16 q-aq:12.99 q-noVbv:13.16 q-Rceq:1.08 tex:39624 mv:14938 misc:3670 icu:279.25 pcu:1102.50 scu:178.25 tlayer:3 pbqpoffset:0.97 pbfactor:1.12 avgQpOffsetCutree:-0.69;
in:153 out:155 type:b q:14.77 q-aq:14.80 q-noVbv:14.77 q-Rceq:1.08 tex:3424 mv:2848 misc:2136 icu:26.00 pcu:542.00 scu:992.00 tlayer:4 pbqpoffset:2.56 pbfactor:1.34 avgQpOffsetCutree:0.00;
in:166 out:156 type:k q:13.56 q-aq:10.01 q-noVbv:13.56 q-Rceq:1.08 tex:186402 mv:21057 misc:2981 icu:1532.25 pcu:27.75 scu:0.00 tlayer:0 pbqpoffset:-0.42 pbfactor:0.95 avgQpOffsetCutree:-3.51;
in:161 out:157 type:B q:13.63 q-aq:11.59 q-noVbv:13.63 q-Rceq:1.08 tex:152116 mv:14253 misc:2871 icu:1394.00 pcu:164.75 scu:1.25 tlayer:1 pbqpoffset:0.70 pbfactor:1.08 avgQpOffsetCutree:-2.28;
in:158 out:158 type:B q:13.43 q-aq:11.91 q-noVbv:13.43 q-Rceq:1.08 tex:89642 mv:18180 misc:3250 icu:915.50 pcu:519.75 scu:124.75 tlayer:2 pbqpoffset:0.88 pbfactor:1.11 avgQpOffsetCutree:-1.65;
in:157 out:159 type:B q:14.50 q-aq:14.30 q-noVbv:14.50 q-Rceq:1.08 tex:22619 mv:9056 misc:3365 icu:122.00 pcu:1044.25 scu:393.75 tlayer:3 pbqpoffset:2.07 pbfactor:1.27 avgQpOffsetCutree:-0.70;
in:156 out:160 type:b q:15.14 q-aq:15.00 q-noVbv:15.14 q-Rceq:1.08 tex:26192 mv:9112 misc:2664 icu:84.75 pcu:1170.50 scu:304.75 tlayer:4 pbqpoffset:2.85 pbfactor:1.39 avgQpOffsetCutree:0.00;
in:160 out:161 type:B q:13.62 q-aq:13.63 q-noVbv:13.62 q-Rceq:1.08 tex:66608 mv:15389 misc:3515 icu:386.00 pcu:1033.75 scu:140.25 tlayer:3 pbqpoffset:0.82 pbfactor:1.10 avgQpOffsetCutree:-0.66;
in:159 out:162 type:b q:16.53 q-aq:16.08 q-noVbv:16.53 q-Rceq:1.08 tex:1605 mv:1689 misc:1554 icu:3.25 pcu:438.25 scu:1118.50 tlayer:4 pbqpoffset:3.86 pbfactor:1.56 avgQpOffsetCutree:0.00;
in:164 out:163 type:B q:14.12 q-aq:12.98 q-noVbv:14.12 q-Rceq:1.08 tex:61655 mv:15027 misc:3478 icu:544.75 pcu:844.75 scu:170.50 tlayer:2 pbqpoffset:0.81 pbfactor:1.10 avgQpOffsetCutree:-1.35;
in:163 out:164 type:B q:14.48 q-aq:14.53 q-noVbv:14.48 q-Rceq:1.08 tex:27750 mv:10166 misc:3284 icu:184.25 pcu:1077.25 scu:298.50 tlayer:3 pbqpoffset:1.29 pbfactor:1.16 avgQpOffsetCutree:-0.61;
in:162 out:165 type:b q:15.51 q-aq:15.00 q-noVbv:15.51 q-Rceq:1.08 tex:23908 mv:10298 misc:3146 icu:100.25 pcu:1165.00 scu:294.75 tlayer:4 pbqpoffset:2.46 pbfactor:1.33 avgQpOffsetCutree:0.00;
in:165 out:166 type:b q:17.68 q-aq:17.97 q-noVbv:17.68 q-Rceq:1.08 tex:520 mv:990 misc:1194 icu:2.00 pcu:312.00 scu:1246.00 tlayer:3 pbqpoffset:4.25 pbfactor:1.63 avgQpOffsetCutree:0.00;
in:174 out:167 type:k q:13.63 q-aq:10.23 q-noVbv:13.63 q-Rceq:1.08 tex:175207 mv:18078 misc:2811 icu:1386.75 pcu:165.50 scu:7.75 tlayer:0 pbqpoffset:-0.47 pbfactor:0.95 avgQpOffsetCutree:-3.27;
in:170 out:168 type:B q:14.33 q-aq:12.13 q-noVbv:14.33 q-Rceq:1.08 tex:96850 mv:15660 misc:3106 icu:1048.00 pcu:426.75 scu:85.25 tlayer:1 pbqpoffset:0.73 pbfactor:1.09 avgQpOffsetCutree:-2.11;
in:168 out:169 type:B q:14.31 q-aq:13.66 q-noVbv:14.31 q-Rceq:1.08 tex:58573 mv:13020 misc:3159 icu:482.25 pcu:932.75 scu:145.00 tlayer:2 pbqpoffset:0.73 pbfactor:1.09 avgQpOffsetCutree:-1.07;
in:167 out:170 type:b q:16.67 q-aq:16.05 q-noVbv:16.67 q-Rceq:1.08 tex:1024 mv:1611 misc:1109 icu:0.00 pcu:497.75 scu:1062.25 tlayer:3 pbqpoffset:3.09 pbfactor:1.43 avgQpOffsetCutree:0.00;
in:169 out:171 type:b q:16.00 q-aq:16.00 q-noVbv:16.00 q-Rceq:1.08 tex:1203 mv:1299 misc:1450 icu:4.00 pcu:362.50 scu:1193.50 tlayer:3 pbqpoffset:2.41 pbfactor:1.32 avgQpOffsetCutree:0.00;
in:172 out:172 type:B q:14.34 q-aq:13.62 q-noVbv:14.34 q-Rceq:1.08 tex:47817 mv:11351 misc:3216 icu:497.25 pcu:825.75 scu:237.00 tlayer:2 pbqpoffset:0.73 pbfactor:1.09 avgQpOffsetCutree:-1.09;
in:171 out:173 type:b q:16.30 q-aq:16.00 q-noVbv:16.30 q-Rceq:1.08 tex:1122 mv:1516 misc:1186 icu:5.00 pcu:438.00 scu:1117.00 tlayer:3 pbqpoffset:2.69 pbfactor:1.36 avgQpOffsetCutree:0.00;
in:173 out:174 type:b q:15.96 q-aq:16.00 q-noVbv:15.96 q-Rceq:1.08 tex:1251 mv:1799 misc:1462 icu:1.00 pcu:423.75 scu:1135.25 tlayer:3 pbqpoffset:2.34 pbfactor:1.31 avgQpOffsetCutree:0.00;
in:178 out:175 type:k q:14.10 q-aq:11.11 q-noVbv:14.10 q-Rceq:1.08 tex:145295 mv:17138 misc:3079 icu:1277.50 pcu:261.75 scu:20.75 tlayer:0 pbqpoffset:-0.47 pbfactor:0.95 avgQpOffsetCutree:-2.89;
in:176 out:176 type:B q:14.57 q-aq:14.01 q-noVbv:14.57 q-Rceq:1.08 tex:65702 mv:11039 misc:2723 icu:600.00 pcu:830.25 scu:129.75 tlayer:1 pbqpoffset:0.70 pbfactor:1.08 avgQpOffsetCutree:-1.01;
in:175 out:177 type:b q:15.58 q-aq:15.04 q-noVbv:15.58 q-Rceq:1.08 tex:2567 mv:2046 misc:1931 icu:0.00 pcu:400.75 scu:1159.25 tlayer:2 pbqpoffset:1.84 pbfactor:1.24 avgQpOffsetCutree:0.00;
in:177 out:178 type:b q:15.82 q-aq:16.00 q-noVbv:15.82 q-Rceq:1.08 tex:3447 mv:1686 misc:1315 icu:2.75 pcu:415.50 scu:1141.75 tlayer:2 pbqpoffset:1.84 pbfactor:1.24 avgQpOffsetCutree:0.00;
in:186 out:179 type:k q:13.85 q-aq:10.76 q-noVbv:13.85 q-Rceq:1.08 tex:191846 mv:17482 misc:2656 icu:1466.00 pcu:92.75 scu:1.25 tlayer:0 pbqpoffset:-0.41 pbfactor:0.95 avgQpOffsetCutree:-3.14;
in:182 out:180 type:B q:14.75 q-aq:12.44 q-noVbv:14.75 q-Rceq:1.08 tex:112126 mv:11902 misc:3036 icu:1103.25 pcu:398.00 scu:58.75 tlayer:1 pbqpoffset:0.78 pbfactor:1.09 avgQpOffsetCutree:-2.24;
in:180 out:181 type:B q:14.81 q-aq:14.10 q-noVbv:14.81 q-Rceq:1.08 tex:54516 mv:9944 misc:2628 icu:412.25 pcu:810.25 scu:337.50 tlayer:2 pbqpoffset:0.78 pbfactor:1.09 avgQpOffsetCutree:-1.12;
in:179 out:182 type:b q:16.85 q-aq:17.00 q-noVbv:16.85 q-Rceq:1.08 tex:2518 mv:1358 misc:1540 icu:2.25 pcu:355.25 scu:1202.50 tlayer:3 pbqpoffset:2.78 pbfactor:1.38 avgQpOffsetCutree:0.00;
in:181 out:183 type:b q:17.24 q-aq:17.00 q-noVbv:17.24 q-Rceq:1.08 tex:682 mv:724 misc:914 icu:0.00 pcu:226.25 scu:1333.75 tlayer:3 pbqpoffset:3.23 pbfactor:1.45 avgQpOffsetCutree:0.00;
in:184 out:184 type:B q:14.69 q-aq:13.89 q-noVbv:14.69 q-Rceq:1.08 tex:75487 mv:10289 misc:2920 icu:651.25 pcu:795.25 scu:113.50 tlayer:2 pbqpoffset:0.78 pbfactor:1.09 avgQpOffsetCutree:-1.16;
in:183 out:185 type:b q:17.23 q-aq:17.00 q-noVbv:17.23 q-Rceq:1.08 tex:1500 mv:1006 misc:1198 icu:13.25 pcu:313.75 scu:1233.00 tlayer:3 pbqpoffset:3.28 pbfactor:1.46 avgQpOffsetCutree:0.00;
in:185 out:186 type:b q:16.87 q-aq:17.00 q-noVbv:16.87 q-Rceq:1.08 tex:1564 mv:1051 misc:993 icu:1.00 pcu:382.00 scu:1177.00 tlayer:3 pbqpoffset:2.98 pbfactor:1.41 avgQpOffsetCutree:0.00;
in:194 out:187 type:k q:13.72 q-aq:10.37 q-noVbv:13.72 q-Rceq:1.08 tex:209388 mv:22611 misc:2881 icu:1491.25 pcu:66.00 scu:2.75 tlayer:0 pbqpoffset:-0.41 pbfactor:0.95 avgQpOffsetCutree:-3.39;
in:190 out:188 type:B q:14.66 q-aq:12.63 q-noVbv:14.66 q-Rceq:1.08 tex:113400 mv:13589 misc:3395 icu:1109.00 pcu:388.00 scu:63.00 tlayer:1 pbqpoffset:0.88 pbfactor:1.11 avgQpOffsetCutree:-2.15;
in:188 out:189 type:B q:14.69 q-aq:14.07 q-noVbv:14.69 q-Rceq:1.08 tex:60964 mv:11717 misc:3199 icu:522.75 pcu:820.75 scu:216.50 tlayer:2 pbqpoffset:0.88 pbfactor:1.11 avgQpOffsetCutree:-1.08;
in:187 out:190 type:b q:16.91 q-aq:17.00 q-noVbv:16.91 q-Rceq:1.08 tex:2015 mv:1035 misc:1062 icu:1.00 pcu:275.50 scu:1283.50 tlayer:3 pbqpoffset:3.07 pbfactor:1.43 avgQpOffsetCutree:0.00;
in:189 out:191 type:b q:16.88 q-aq:17.00 q-noVbv:16.88 q-Rceq:1.08 tex:1481 mv:1524 misc:1315 icu:4.00 pcu:399.00 scu:1157.00 tlayer:3 pbqpoffset:3.08 pbfactor:1.43 avgQpOffsetCutree:0.00;
in:192 out:192 type:B q:14.63 q-aq:13.85 q-noVbv:14.63 q-Rceq:1.08 tex:85092 mv:13186 misc:2834 icu:667.00 pcu:824.75 scu:68.25 tlayer:2 pbqpoffset:0.88 pbfactor:1.11 avgQpOffsetCutree:-1.18;
in:191 out:193 type:b q:17.13 q-aq:17.00 q-noVbv:17.13 q-Rceq:1.08 tex:1728 mv:1285 misc:1155 icu:0.50 pcu:308.75 scu:1250.75 tlayer:3 pbqpoffset:3.36 pbfactor:1.47 avgQpOffsetCutree:0.00;
in:193 out:194 type:b q:16.83 q-aq:17.00 q-noVbv:16.83 q-Rceq:1.08 tex:1653 mv:1496 misc:1163 icu:4.00 pcu:434.50 scu:1121.50 tlayer:3 pbqpoffset:3.09 pbfactor:1.43 avgQpOffsetCutree:0.00;
in:210 out:195 type:k q:12.63 q-aq:8.93 q-noVbv:12.63 q-Rceq:1.08 tex:235992 mv:24103 misc:3209 icu:1456.75 pcu:102.75 scu:0.50 tlayer:0 pbqpoffset:-0.48 pbfactor:0.95 avgQpOffsetCutree:-3.64;
in:202 out:196 type:B q:14.04 q-aq:11.12 q-noVbv:14.04 q-Rceq:1.08 tex:164341 mv:17991 misc:3332 icu:1345.25 pcu:194.00 scu:20.75 tlayer:1 pbqpoffset:0.86 pbfactor:1.10 avgQpOffsetCutree:-3.00;
in:198 out:197 type:B q:14.31 q-aq:12.06 q-noVbv:14.31 q-Rceq:1.08 tex:113134 mv:16832 misc:3186 icu:1073.00 pcu:401.50 scu:85.50 tlayer:2 pbqpoffset:0.86 pbfactor:1.10 avgQpOffsetCutree:-2.23;
in:196 out:198 type:B q:14.45 q-aq:13.71 q-noVbv:14.45 q-Rceq:1.08 tex:56239 mv:12642 misc:3319 icu:506.75 pcu:847.00 scu:206.25 tlayer:3 pbqpoffset:0.86 pbfactor:1.10 avgQpOffsetCutree:-1.11;
in:195 out:199 type:b q:16.75 q-aq:17.00 q-noVbv:16.75 q-Rceq:1.08 tex:861 mv:940 misc:1031 icu:0.00 pcu:235.75 scu:1324.25 tlayer:4 pbqpoffset:3.10 pbfactor:1.43 avgQpOffsetCutree:0.00;
in:197 out:200 type:b q:16.86 q-aq:17.00 q-noVbv:16.86 q-Rceq:1.08 tex:1400 mv:1390 misc:1130 icu:0.00 pcu:409.50 scu:1150.50 tlayer:4 pbqpoffset:3.34 pbfactor:1.47 avgQpOffsetCutree:0.00;
in:200 out:201 type:B q:14.18 q-aq:13.39 q-noVbv:14.18 q-Rceq:1.08 tex:79423 mv:13546 misc:3167 icu:625.25 pcu:812.25 scu:122.50 tlayer:3 pbqpoffset:0.86 pbfactor:1.10 avgQpOffsetCutree:-1.18;
in:199 out:202 type:b q:16.39 q-aq:16.00 q-noVbv:16.39 q-Rceq:1.08 tex:3507 mv:2009 misc:1396 icu:15.00 pcu:404.25 scu:1140.75 tlayer:4 pbqpoffset:3.01 pbfactor:1.42 avgQpOffsetCutree:0.00;
in:201 out:203 type:b q:16.46 q-aq:16.07 q-noVbv:16.46 q-Rceq:1.08 tex:1584 mv:1714 misc:1406 icu:10.75 pcu:298.25 scu:1251.00 tlayer:4 pbqpoffset:3.21 pbfactor:1.45 avgQpOffsetCutree:0.00;
in:206 out:204 type:B q:13.76 q-aq:11.52 q-noVbv:13.76 q-Rceq:1.08 tex:129252 mv:18171 misc:3257 icu:1135.75 pcu:366.00 scu:58.25 tlayer:2 pbqpoffset:0.86 pbfactor:1.10 avgQpOffsetCutree:-2.22;
in:204 out:205 type:B q:13.90 q-aq:13.31 q-noVbv:13.90 q-Rceq:1.08 tex:65014 mv:14970 misc:3384 icu:473.00 pcu:892.00 scu:195.00 tlayer:3 pbqpoffset:0.86 pbfactor:1.10 avgQpOffsetCutree:-1.08;
in:203 out:206 type:b q:16.06 q-aq:16.00 q-noVbv:16.06 q-Rceq:1.08 tex:1713 mv:1420 misc:1131 icu:7.00 pcu:358.25 scu:1194.75 tlayer:4 pbqpoffset:2.96 pbfactor:1.41 avgQpOffsetCutree:0.00;
in:205 out:207 type:b q:15.63 q-aq:15.07 q-noVbv:15.63 q-Rceq:1.08 tex:2620 mv:3825 misc:2203 icu:22.50 pcu:732.00 scu:805.50 tlayer:4 pbqpoffset:2.66 pbfactor:1.36 avgQpOffsetCutree:0.00;
in:208 out:208 type:B q:13.63 q-aq:12.79 q-noVbv:13.63 q-Rceq:1.08 tex:89222 mv:15919 misc:3203 icu:627.75 pcu:811.00 scu:121.25 tlayer:3 pbqpoffset:0.86 pbfactor:1.10 avgQpOffsetCutree:-1.18;
in:207 out:209 type:b q:16.02 q-aq:16.00 q-noVbv:16.02 q-Rceq:1.08 tex:1542 mv:1652 misc:1182 icu:10.00 pcu:419.00 scu:1131.00 tlayer:4 pbqpoffset:3.18 pbfactor:1.44 avgQpOffsetCutree:0.00;
in:209 out:210 type:b q:16.08 q-aq:16.00 q-noVbv:16.08 q-Rceq:1.08 tex:992 mv:1307 misc:1141 icu:17.00 pcu:343.50 scu:1199.50 tlayer:4 pbqpoffset:3.39 pbfactor:1.48 avgQpOffsetCutree:0.00;
in:218 out:211 type:k q:13.17 q-aq:9.75 q-noVbv:13.17 q-Rceq:1.08 tex:209683 mv:23595 misc:3162 icu:1406.50 pcu:144.25 scu:9.25 tlayer:0 pbqpoffset:-0.48 pbfactor:0.95 avgQpOffsetCutree:-3.40;
in:214 out:212 type:B q:13.69 q-aq:11.28 q-noVbv:13.69 q-Rceq:1.08 tex:126951 mv:16304 misc:3185 icu:1128.25 pcu:374.75 scu:57.00 tlayer:1 pbqpoffset:0.79 pbfactor:1.10 avgQpOffsetCutree:-2.32;
in:212 out:213 type:B q:13.56 q-aq:12.63 q-noVbv:13.56 q-Rceq:1.08 tex:62605 mv:14079 misc:3252 icu:568.25 pcu:753.00 scu:238.75 tlayer:2 pbqpoffset:0.79 pbfactor:1.10 avgQpOffsetCutree:-1.17;
in:211 out:214 type:b q:15.37 q-aq:15.00 q-noVbv:15.37 q-Rceq:1.08 tex:885 mv:2056 misc:1451 icu:15.00 pcu:430.25 scu:1114.75 tlayer:3 pbqpoffset:2.68 pbfactor:1.36 avgQpOffsetCutree:0.00;
in:213 out:215 type:b q:15.56 q-aq:15.05 q-noVbv:15.56 q-Rceq:1.08 tex:2072 mv:2492 misc:1436 icu:25.00 pcu:501.25 scu:1033.75 tlayer:3 pbqpoffset:2.73 pbfactor:1.37 avgQpOffsetCutree:0.00;
in:216 out:216 type:B q:13.83 q-aq:12.90 q-noVbv:13.83 q-Rceq:1.08 tex:82539 mv:15636 misc:3401 icu:555.50 pcu:888.75 scu:115.75 tlayer:2 pbqpoffset:0.79 pbfactor:1.10 avgQpOffsetCutree:-1.20;
in:215 out:217 type:b q:15.77 q-aq:15.97 q-noVbv:15.77 q-Rceq:1.08 tex:958 mv:1595 misc:1207 icu:12.00 pcu:493.75 scu:1054.25 tlayer:3 pbqpoffset:2.81 pbfactor:1.38 avgQpOffsetCutree:0.00;
in:217 out:218 type:b q:16.25 q-aq:16.00 q-noVbv:16.25 q-Rceq:1.08 tex:1123 mv:1547 misc:1362 icu:4.50 pcu:365.00 scu:1190.50 tlayer:3 pbqpoffset:3.15 pbfactor:1.44 avgQpOffsetCutree:0.00;
in:233 out:219 type:k q:12.86 q-aq:9.09 q-noVbv:12.86 q-Rceq:1.08 tex:237069 mv:23927 misc:2892 icu:1498.50 pcu:61.25 scu:0.25 tlayer:0 pbqpoffset:-0.41 pbfactor:0.95 avgQpOffsetCutree:-3.69;
in:226 out:220 type:B q:13.81 q-aq:10.57 q-noVbv:13.81 q-Rceq:1.08 tex:156723 mv:15465 misc:3076 icu:1311.00 pcu:168.50 scu:80.50 tlayer:1 pbqpoffset:0.80 pbfactor:1.10 avgQpOffsetCutree:-3.08;
in:222 out:221 type:B q:13.89 q-aq:11.87 q-noVbv:13.89 q-Rceq:1.08 tex:126796 mv:18527 misc:3389 icu:1119.75 pcu:415.00 scu:25.25 tlayer:2 pbqpoffset:0.80 pbfactor:1.10 avgQpOffsetCutree:-2.16;
in:220 out:222 type:B q:14.17 q-aq:13.35 q-noVbv:14.17 q-Rceq:1.08 tex:49434 mv:13258 misc:3996 icu:395.25 pcu:895.25 scu:269.50 tlayer:3 pbqpoffset:1.04 pbfactor:1.13 avgQpOffsetCutree:-1.18;
in:219 out:223 type:b q:16.77 q-aq:17.00 q-noVbv:16.77 q-Rceq:1.08 tex:1264 mv:1559 misc:1481 icu:4.25 pcu:443.50 scu:1112.25 tlayer:4 pbqpoffset:3.62 pbfactor:1.52 avgQpOffsetCutree:0.00;
in:221 out:224 type:b q:16.63 q-aq:16.63 q-noVbv:16.63 q-Rceq:1.08 tex:650 mv:1290 misc:1140 icu:5.00 pcu:370.50 scu:1184.50 tlayer:4 pbqpoffset:3.52 pbfactor:1.50 avgQpOffsetCutree:0.00;
in:224 out:225 type:B q:13.85 q-aq:13.00 q-noVbv:13.85 q-Rceq:1.08 tex:90485 mv:15522 misc:3129 icu:667.00 pcu:836.25 scu:56.75 tlayer:3 pbqpoffset:0.80 pbfactor:1.10 avgQpOffsetCutree:-1.19;
in:223 out:226 type:b q:16.67 q-aq:16.99 q-noVbv:16.67 q-Rceq:1.08 tex:190 mv:1111 misc:1059 icu:0.00 pcu:302.00 scu:1258.00 tlayer:4 pbqpoffset:3.60 pbfactor:1.52 avgQpOffsetCutree:0.00;
in:225 out:227 type:b q:16.66 q-aq:16.55 q-noVbv:16.66 q-Rceq:1.08 tex:690 mv:956 misc:1170 icu:2.75 pcu:239.25 scu:1318.00 tlayer:4 pbqpoffset:3.63 pbfactor:1.52 avgQpOffsetCutree:0.00;
in:230 out:228 type:B q:13.72 q-aq:11.65 q-noVbv:13.72 q-Rceq:1.08 tex:90748 mv:16116 misc:3400 icu:864.25 pcu:547.50 scu:148.25 tlayer:2 pbqpoffset:0.80 pbfactor:1.10 avgQpOffsetCutree:-1.93;
in:228 out:229 type:B q:14.03 q-aq:13.20 q-noVbv:14.03 q-Rceq:1.08 tex:51220 mv:11771 misc:2961 icu:415.75 pcu:850.75 scu:293.50 tlayer:3 pbqpoffset:1.06 pbfactor:1.13 avgQpOffsetCutree:-1.18;
in:227 out:230 type:b q:16.56 q-aq:16.19 q-noVbv:16.56 q-Rceq:1.08 tex:784 mv:1348 misc:1052 icu:2.25 pcu:424.75 scu:1133.00 tlayer:4 pbqpoffset:3.58 pbfactor:1.51 avgQpOffsetCutree:0.00;
in:229 out:231 type:b q:16.75 q-aq:16.88 q-noVbv:16.75 q-Rceq:1.08 tex:949 mv:1098 misc:1161 icu:5.25 pcu:371.25 scu:1183.50 tlayer:4 pbqpoffset:3.81 pbfactor:1.55 avgQpOffsetCutree:0.00;
in:232 out:232 type:B q:14.20 q-aq:14.24 q-noVbv:14.20 q-Rceq:1.08 tex:46004 mv:9429 misc:2263 icu:226.25 pcu:1129.50 scu:204.25 tlayer:3 pbqpoffset:1.32 pbfactor:1.16 avgQpOffsetCutree:-0.61;
in:231 out:233 type:b q:16.56 q-aq:16.01 q-noVbv:16.56 q-Rceq:1.08 tex:638 mv:1076 misc:1302 icu:4.50 pcu:328.25 scu:1227.25 tlayer:4 pbqpoffset:3.66 pbfactor:1.53 avgQpOffsetCutree:0.00;
in:243 out:234 type:k q:12.78 q-aq:9.19 q-noVbv:12.78 q-Rceq:1.08 tex:196089 mv:20811 misc:3076 icu:1395.25 pcu:157.50 scu:7.25 tlayer:0 pbqpoffset:-0.36 pbfactor:0.96 avgQpOffsetCutree:-3.44;
in:238 out:235 type:B q:13.59 q-aq:11.11 q-noVbv:13.59 q-Rceq:1.08 tex:124265 mv:13529 misc:3014 icu:1205.50 pcu:272.25 scu:82.25 tlayer:1 pbqpoffset:0.77 pbfactor:1.09 avgQpOffsetCutree:-2.39;
in:236 out:236 type:B q:13.60 q-aq:12.48 q-noVbv:13.60 q-Rceq:1.08 tex:68595 mv:13428 misc:3641 icu:693.00 pcu:630.00 scu:237.00 tlayer:2 pbqpoffset:0.77 pbfactor:1.09 avgQpOffsetCutree:-1.33;
in:235 out:237 type:B q:14.06 q-aq:14.12 q-noVbv:14.06 q-Rceq:1.08 tex:24740 mv:9690 misc:3114 icu:212.00 pcu:950.25 scu:397.75 tlayer:3 pbqpoffset:1.22 pbfactor:1.15 avgQpOffsetCutree:-0.61;
in:234 out:238 type:b q:15.02 q-aq:15.00 q-noVbv:15.02 q-Rceq:1.08 tex:11438 mv:6730 misc:2256 icu:41.00 pcu:915.75 scu:603.25 tlayer:4 pbqpoffset:2.17 pbfactor:1.28 avgQpOffsetCutree:0.00;
in:237 out:239 type:b q:15.66 q-aq:15.33 q-noVbv:15.66 q-Rceq:1.08 tex:1065 mv:1336 misc:1583 icu:10.00 pcu:375.50 scu:1174.50 tlayer:3 pbqpoffset:2.84 pbfactor:1.39 avgQpOffsetCutree:0.00;
in:241 out:240 type:B q:13.56 q-aq:12.27 q-noVbv:13.56 q-Rceq:1.08 tex:74358 mv:17407 misc:3411 icu:753.75 pcu:649.50 scu:156.75 tlayer:2 pbqpoffset:0.77 pbfactor:1.09 avgQpOffsetCutree:-1.47;
in:240 out:241 type:B q:13.58 q-aq:13.60 q-noVbv:13.58 q-Rceq:1.08 tex:54820 mv:13941 misc:3463 icu:353.25 pcu:1035.50 scu:171.25 tlayer:3 pbqpoffset:0.77 pbfactor:1.09 avgQpOffsetCutree:-0.62;
in:239 out:242 type:b q:15.70 q-aq:15.86 q-noVbv:15.70 q-Rceq:1.08 tex:1648 mv:1732 misc:1644 icu:33.25 pcu:327.00 scu:1199.75 tlayer:4 pbqpoffset:2.89 pbfactor:1.40 avgQpOffsetCutree:0.00;
in:242 out:243 type:b q:15.16 q-aq:15.00 q-noVbv:15.16 q-Rceq:1.08 tex:14505 mv:6031 misc:2312 icu:45.75 pcu:972.25 scu:542.00 tlayer:3 pbqpoffset:2.37 pbfactor:1.31 avgQpOffsetCutree:0.00;
in:252 out:244 type:k q:12.77 q-aq:9.49 q-noVbv:12.77 q-Rceq:1.08 tex:200780 mv:22911 misc:2797 icu:1469.00 pcu:87.50 scu:3.50 tlayer:0 pbqpoffset:-0.26 pbfactor:0.97 avgQpOffsetCutree:-3.20;
in:248 out:245 type:B q:13.47 q-aq:11.50 q-noVbv:13.47 q-Rceq:1.08 tex:130389 mv:13634 misc:3017 icu:1233.00 pcu:298.50 scu:28.50 tlayer:1 pbqpoffset:0.69 pbfactor:1.08 avgQpOffsetCutree:-2.09;
in:246 out:246 type:B q:13.55 q-aq:11.84 q-noVbv:13.55 q-Rceq:1.08 tex:56013 mv:13359 misc:3908 icu:626.25 pcu:712.50 scu:221.25 tlayer:2 pbqpoffset:0.77 pbfactor:1.09 avgQpOffsetCutree:-1.62;
in:245 out:247 type:B q:14.37 q-aq:14.23 q-noVbv:14.37 q-Rceq:1.08 tex:19416 mv:9913 misc:3439 icu:142.25 pcu:1014.50 scu:403.25 tlayer:3 pbqpoffset:1.59 pbfactor:1.20 avgQpOffsetCutree:-0.65;
in:244 out:248 type:b q:15.09 q-aq:15.00 q-noVbv:15.09 q-Rceq:1.08 tex:18794 mv:8012 misc:2594 icu:43.50 pcu:1084.50 scu:432.00 tlayer:4 pbqpoffset:2.31 pbfactor:1.31 avgQpOffsetCutree:0.00;
in:247 out:249 type:b q:15.70 q-aq:15.49 q-noVbv:15.70 q-Rceq:1.08 tex:975 mv:1116 misc:1285 icu:0.25 pcu:282.75 scu:1277.00 tlayer:3 pbqpoffset:2.92 pbfactor:1.40 avgQpOffsetCutree:0.00;
in:250 out:250 type:B q:13.84 q-aq:12.99 q-noVbv:13.84 q-Rceq:1.08 tex:14172 mv:4986 misc:3114 icu:115.50 pcu:813.00 scu:631.50 tlayer:2 pbqpoffset:1.07 pbfactor:1.13 avgQpOffsetCutree:-1.15;
in:249 out:251 type:b q:15.26 q-aq:15.00 q-noVbv:15.26 q-Rceq:1.08 tex:9996 mv:5118 misc:2526 icu:81.25 pcu:1125.25 scu:353.50 tlayer:3 pbqpoffset:2.49 pbfactor:1.33 avgQpOffsetCutree:0.00;
in:251 out:252 type:b q:15.29 q-aq:15.01 q-noVbv:15.29 q-Rceq:1.08 tex:1795 mv:2100 misc:1553 icu:3.50 pcu:537.00 scu:1019.50 tlayer:3 pbqpoffset:2.52 pbfactor:1.34 avgQpOffsetCutree:0.00;
in:260 out:253 type:k q:12.43 q-aq:8.87 q-noVbv:12.43 q-Rceq:1.08 tex:217497 mv:21089 misc:2950 icu:1483.50 pcu:76.00 scu:0.50 tlayer:0 pbqpoffset:-0.27 pbfactor:0.97 avgQpOffsetCutree:-3.31;
in:256 out:254 type:B q:13.29 q-aq:11.30 q-noVbv:13.29 q-Rceq:1.08 tex:128342 mv:15507 misc:3159 icu:1250.50 pcu:267.00 scu:42.50 tlayer:1 pbqpoffset:0.69 pbfactor:1.08 avgQpOffsetCutree:-2.04;
in:254 out:255 type:B q:13.72 q-aq:12.81 q-noVbv:13.72 q-Rceq:1.08 tex:13476 mv:4409 misc:3027 icu:135.50 pcu:633.75 scu:790.75 tlayer:2 pbqpoffset:1.03 pbfactor:1.13 avgQpOffsetCutree:-1.18;
in:253 out:256 type:b q:15.14 q-aq:15.00 q-noVbv:15.14 q-Rceq:1.08 tex:2552 mv:1883 misc:1557 icu:19.00 pcu:481.00 scu:1060.00 tlayer:3 pbqpoffset:2.41 pbfactor:1.32 avgQpOffsetCutree:0.00;
in:255 out:257 type:b q:15.42 q-aq:15.00 q-noVbv:15.42 q-Rceq:1.08 tex:1109 mv:1954 misc:1985 icu:11.50 pcu:428.25 scu:1120.25 tlayer:3 pbqpoffset:2.77 pbfactor:1.38 avgQpOffsetCutree:0.00;
in:258 out:258 type:B q:13.52 q-aq:12.59 q-noVbv:13.52 q-Rceq:1.08 tex:13643 mv:5116 misc:3257 icu:102.00 pcu:642.25 scu:815.75 tlayer:2 pbqpoffset:1.01 pbfactor:1.12 avgQpOffsetCutree:-1.25;
in:257 out:259 type:b q:15.35 q-aq:15.00 q-noVbv:15.35 q-Rceq:1.08 tex:1349 mv:1801 misc:1402 icu:12.00 pcu:458.25 scu:1089.75 tlayer:3 pbqpoffset:2.79 pbfactor:1.38 avgQpOffsetCutree:0.00;
in:259 out:260 type:b q:15.27 q-aq:15.00 q-noVbv:15.27 q-Rceq:1.08 tex:1594 mv:1907 misc:1243 icu:24.00 pcu:442.25 scu:1093.75 tlayer:3 pbqpoffset:2.80 pbfactor:1.38 avgQpOffsetCutree:0.00;
in:264 out:261 type:k q:13.31 q-aq:10.05 q-noVbv:13.31 q-Rceq:1.08 tex:158056 mv:16772 misc:2804 icu:1267.50 pcu:262.75 scu:29.75 tlayer:0 pbqpoffset:-0.27 pbfactor:0.97 avgQpOffsetCutree:-2.93;
in:262 out:262 type:B q:13.56 q-aq:12.52 q-noVbv:13.56 q-Rceq:1.08 tex:29828 mv:9224 misc:3588 icu:367.75 pcu:734.50 scu:457.75 tlayer:1 pbqpoffset:0.70 pbfactor:1.08 avgQpOffsetCutree:-1.20;
in:261 out:263 type:b q:14.67 q-aq:14.12 q-noVbv:14.67 q-Rceq:1.08 tex:4654 mv:2978 misc:1888 icu:26.00 pcu:551.25 scu:982.75 tlayer:2 pbqpoffset:2.03 pbfactor:1.26 avgQpOffsetCutree:0.00;
in:263 out:264 type:b q:15.05 q-aq:15.00 q-noVbv:15.05 q-Rceq:1.08 tex:2463 mv:1652 misc:1413 icu:19.00 pcu:386.75 scu:1154.25 tlayer:2 pbqpoffset:1.96 pbfactor:1.25 avgQpOffsetCutree:0.00;
in:280 out:265 type:k q:12.32 q-aq:8.93 q-noVbv:12.32 q-Rceq:1.08 tex:211142 mv:23071 misc:3083 icu:1366.75 pcu:179.00 scu:14.25 tlayer:0 pbqpoffset:-0.27 pbfactor:0.97 avgQpOffsetCutree:-3.28;
in:272 out:266 type:B q:13.53 q-aq:10.68 q-noVbv:13.53 q-Rceq:1.08 tex:136742 mv:16929 misc:3337 icu:1265.75 pcu:246.75 scu:47.50 tlayer:1 pbqpoffset:0.71 pbfactor:1.09 avgQpOffsetCutree:-2.78;
in:268 out:267 type:B q:13.77 q-aq:11.50 q-noVbv:13.77 q-Rceq:1.08 tex:71458 mv:12705 misc:3725 icu:802.50 pcu:554.25 scu:203.25 tlayer:2 pbqpoffset:0.71 pbfactor:1.09 avgQpOffsetCutree:-2.14;
in:266 out:268 type:B q:14.63 q-aq:13.78 q-noVbv:14.63 q-Rceq:1.08 tex:9371 mv:3695 misc:2462 icu:40.00 pcu:781.25 scu:738.75 tlayer:3 pbqpoffset:1.45 pbfactor:1.18 avgQpOffsetCutree:-1.18;
in:265 out:269 type:b q:16.96 q-aq:17.00 q-noVbv:16.96 q-Rceq:1.08 tex:761 mv:1197 misc:1058 icu:4.00 pcu:367.75 scu:1188.25 tlayer:4 pbqpoffset:3.72 pbfactor:1.54 avgQpOffsetCutree:0.00;
in:267 out:270 type:b q:16.28 q-aq:16.00 q-noVbv:16.28 q-Rceq:1.08 tex:3080 mv:2096 misc:1584 icu:6.50 pcu:467.00 scu:1086.50 tlayer:4 pbqpoffset:3.16 pbfactor:1.44 avgQpOffsetCutree:0.00;
in:270 out:271 type:B q:14.38 q-aq:13.50 q-noVbv:14.38 q-Rceq:1.08 tex:24407 mv:6196 misc:2917 icu:256.00 pcu:1022.25 scu:281.75 tlayer:3 pbqpoffset:1.44 pbfactor:1.18 avgQpOffsetCutree:-1.17;
in:269 out:272 type:b q:16.35 q-aq:16.09 q-noVbv:16.35 q-Rceq:1.08 tex:1124 mv:1225 misc:1083 icu:1.00 pcu:388.50 scu:1170.50 tlayer:4 pbqpoffset:3.35 pbfactor:1.47 avgQpOffsetCutree:0.00;
in:271 out:273 type:b q:16.77 q-aq:17.00 q-noVbv:16.77 q-Rceq:1.08 tex:488 mv:678 misc:882 icu:0.00 pcu:253.75 scu:1306.25 tlayer:4 pbqpoffset:3.90 pbfactor:1.57 avgQpOffsetCutree:0.00;
in:276 out:274 type:B q:13.28 q-aq:11.19 q-noVbv:13.28 q-Rceq:1.08 tex:65123 mv:11664 misc:3781 icu:741.50 pcu:485.25 scu:333.25 tlayer:2 pbqpoffset:0.71 pbfactor:1.09 avgQpOffsetCutree:-2.08;
in:274 out:275 type:B q:13.98 q-aq:13.00 q-noVbv:13.98 q-Rceq:1.08 tex:12668 mv:4268 misc:3016 icu:100.50 pcu:759.75 scu:699.75 tlayer:3 pbqpoffset:1.29 pbfactor:1.16 avgQpOffsetCutree:-1.18;
in:273 out:276 type:b q:15.94 q-aq:16.00 q-noVbv:15.94 q-Rceq:1.08 tex:1827 mv:1731 misc:1418 icu:8.00 pcu:620.25 scu:931.75 tlayer:4 pbqpoffset:3.19 pbfactor:1.45 avgQpOffsetCutree:0.00;
in:275 out:277 type:b q:15.77 q-aq:16.00 q-noVbv:15.77 q-Rceq:1.08 tex:1826 mv:1841 misc:1533 icu:0.00 pcu:563.00 scu:997.00 tlayer:4 pbqpoffset:3.15 pbfactor:1.44 avgQpOffsetCutree:0.00;
in:278 out:278 type:B q:13.92 q-aq:12.96 q-noVbv:13.92 q-Rceq:1.08 tex:15804 mv:5463 misc:2933 icu:131.50 pcu:663.00 scu:765.50 tlayer:3 pbqpoffset:1.48 pbfactor:1.19 avgQpOffsetCutree:-1.19;
in:277 out:279 type:b q:16.07 q-aq:16.00 q-noVbv:16.07 q-Rceq:1.08 tex:2595 mv:2515 misc:1770 icu:2.00 pcu:706.50 scu:851.50 tlayer:4 pbqpoffset:3.56 pbfactor:1.51 avgQpOffsetCutree:0.00;
in:279 out:280 type:b q:15.82 q-aq:16.00 q-noVbv:15.82 q-Rceq:1.08 tex:1714 mv:1765 misc:1449 icu:0.00 pcu:418.75 scu:1141.25 tlayer:4 pbqpoffset:3.44 pbfactor:1.49 avgQpOffsetCutree:0.00;
in:288 out:281 type:k q:11.99 q-aq:8.64 q-noVbv:11.99 q-Rceq:1.08 tex:223634 mv:22590 misc:2928 icu:1527.00 pcu:33.00 scu:0.00 tlayer:0 pbqpoffset:-0.33 pbfactor:0.96 avgQpOffsetCutree:-3.31;
in:284 out:282 type:B q:12.97 q-aq:10.54 q-noVbv:12.97 q-Rceq:1.08 tex:73057 mv:13690 misc:4165 icu:751.75 pcu:514.25 scu:294.00 tlayer:1 pbqpoffset:0.82 pbfactor:1.10 avgQpOffsetCutree:-2.29;
in:282 out:283 type:B q:13.70 q-aq:12.76 q-noVbv:13.70 q-Rceq:1.08 tex:32561 mv:13311 misc:4744 icu:422.75 pcu:859.75 scu:277.50 tlayer:2 pbqpoffset:1.46 pbfactor:1.18 avgQpOffsetCutree:-1.19;
in:281 out:284 type:b q:16.02 q-aq:16.00 q-noVbv:16.02 q-Rceq:1.08 tex:2324 mv:1954 misc:1618 icu:17.00 pcu:580.00 scu:963.00 tlayer:3 pbqpoffset:3.74 pbfactor:1.54 avgQpOffsetCutree:0.00;
in:283 out:285 type:b q:16.31 q-aq:16.00 q-noVbv:16.31 q-Rceq:1.08 tex:2338 mv:1894 misc:1584 icu:7.00 pcu:458.50 scu:1094.50 tlayer:3 pbqpoffset:4.11 pbfactor:1.61 avgQpOffsetCutree:0.00;
in:286 out:286 type:B q:13.94 q-aq:12.83 q-noVbv:13.94 q-Rceq:1.08 tex:16096 mv:5695 misc:3337 icu:95.00 pcu:823.25 scu:641.75 tlayer:2 pbqpoffset:1.87 pbfactor:1.24 avgQpOffsetCutree:-1.28;
in:285 out:287 type:b q:16.44 q-aq:16.00 q-noVbv:16.44 q-Rceq:1.08 tex:2416 mv:1760 misc:1504 icu:2.00 pcu:501.25 scu:1056.75 tlayer:3 pbqpoffset:4.32 pbfactor:1.65 avgQpOffsetCutree:0.00;
in:287 out:288 type:b q:15.98 q-aq:16.00 q-noVbv:15.98 q-Rceq:1.08 tex:2299 mv:2117 misc:1528 icu:4.00 pcu:445.00 scu:1111.00 tlayer:3 pbqpoffset:3.95 pbfactor:1.58 avgQpOffsetCutree:0.00;
in:299 out:289 type:k q:12.53 q-aq:9.84 q-noVbv:12.53 q-Rceq:1.08 tex:176257 mv:20951 misc:3384 icu:1323.75 pcu:221.50 scu:14.75 tlayer:0 pbqpoffset:-0.37 pbfactor:0.96 avgQpOffsetCutree:-2.70;
in:294 out:290 type:B q:13.06 q-aq:10.47 q-noVbv:13.06 q-Rceq:1.08 tex:129691 mv:18779 misc:3058 icu:1232.50 pcu:285.75 scu:41.75 tlayer:1 pbqpoffset:0.78 pbfactor:1.09 avgQpOffsetCutree:-2.38;
in:291 out:291 type:B q:12.91 q-aq:11.08 q-noVbv:12.91 q-Rceq:1.08 tex:77938 mv:17431 misc:3743 icu:947.00 pcu:441.50 scu:171.50 tlayer:2 pbqpoffset:0.78 pbfactor:1.09 avgQpOffsetCutree:-1.77;
in:290 out:292 type:B q:13.75 q-aq:13.54 q-noVbv:13.75 q-Rceq:1.08 tex:30040 mv:11993 misc:3591 icu:285.00 pcu:963.25 scu:311.75 tlayer:3 pbqpoffset:1.66 pbfactor:1.21 avgQpOffsetCutree:-0.71;
in:289 out:293 type:b q:15.06 q-aq:15.00 q-noVbv:15.06 q-Rceq:1.08 tex:2394 mv:2058 misc:1564 icu:10.00 pcu:528.50 scu:1021.50 tlayer:4 pbqpoffset:3.02 pbfactor:1.42 avgQpOffsetCutree:0.00;
in:293 out:294 type:B q:13.98 q-aq:14.01 q-noVbv:13.98 q-Rceq:1.08 tex:21493 mv:10114 misc:3289 icu:207.50 pcu:977.00 scu:375.50 tlayer:3 pbqpoffset:1.75 pbfactor:1.22 avgQpOffsetCutree:-0.63;
in:292 out:295 type:b q:14.55 q-aq:14.12 q-noVbv:14.55 q-Rceq:1.08 tex:26598 mv:11098 misc:3448 icu:187.00 pcu:965.50 scu:407.50 tlayer:4 pbqpoffset:2.36 pbfactor:1.31 avgQpOffsetCutree:0.00;
in:297 out:296 type:B q:13.82 q-aq:12.56 q-noVbv:13.82 q-Rceq:1.08 tex:41424 mv:16187 misc:4117 icu:295.00 pcu:919.00 scu:346.00 tlayer:2 pbqpoffset:1.39 pbfactor:1.17 avgQpOffsetCutree:-1.36;
in:296 out:297 type:B q:13.84 q-aq:13.83 q-noVbv:13.84 q-Rceq:1.08 tex:27630 mv:13339 misc:3295 icu:170.75 pcu:1082.50 scu:306.75 tlayer:3 pbqpoffset:1.46 pbfactor:1.18 avgQpOffsetCutree:-0.61;
in:295 out:298 type:b q:15.71 q-aq:15.42 q-noVbv:15.71 q-Rceq:1.08 tex:1406 mv:1982 misc:1308 icu:26.00 pcu:543.75 scu:990.25 tlayer:4 pbqpoffset:3.37 pbfactor:1.48 avgQpOffsetCutree:0.00;
in:298 out:299 type:b q:18.01 q-aq:18.00 q-noVbv:18.01 q-Rceq:1.08 tex:3649 mv:3057 misc:1214 icu:0.25 pcu:739.00 scu:820.75 tlayer:3 pbqpoffset:5.53 pbfactor:1.89 avgQpOffsetCutree:0.00;
