#options: cpuid=1050111 frame-threads=1 no-wpp no-pmode no-pme psnr no-ssim log-level=2 bitdepth=8 input-csp=1 fps=24000/1000 input-res=832x480 interlace=0 total-frames=240 level-idc=0 high-tier=1 uhd-bd=0 ref=4 no-allow-non-conformance no-repeat-headers annexb no-aud no-hrd info hash=0 no-temporal-layers open-gop min-keyint=1 keyint=5000 bframes=15 b-adapt=2 b-pyramid bframe-bias=0 rc-lookahead=40 lookahead-slices=0 scenecut=40 no-intra-refresh ctu=64 min-cu-size=8 rect amp max-tu-size=32 tu-inter-depth=3 tu-intra-depth=3 limit-tu=4 rdoq-level=2 dynamic-rd=0.00 no-ssim-rd signhide no-tskip nr-intra=0 nr-inter=0 no-constrained-intra strong-intra-smoothing max-merge=4 limit-refs=1 limit-modes me=3 subme=4 merange=57 temporal-mvp weightp weightb no-analyze-src-pics deblock=0:0 sao no-sao-non-deblock rd=6 no-early-skip rskip no-fast-intra no-tskip-fast no-cu-lossless b-intra rdpenalty=0 psy-rd=0.00 psy-rdoq=0.00 no-rd-refine analysis-reuse-mode=0 no-lossless cbqpoffs=0 crqpoffs=0 rc=abr bitrate=2000 qcomp=0.60 qpstep=4 stats-write=1 stats-read=0 slow-firstpass ipratio=1.40 pbratio=1.30 aq-mode=1 aq-strength=0.00 cutree zone-count=0 no-strict-cbr qg-size=64 no-rc-grain qpmax=69 qpmin=0 no-const-vbv sar=0 overscan=0 videoformat=5 range=0 colorprim=2 transfer=2 colormatrix=2 chromaloc=0 display-window=0 max-cll=0,0 min-luma=0 max-luma=255 log2-max-poc-lsb=8 vui-timing-info vui-hrd-info slices=1 opt-qp-pps opt-ref-list-length-pps no-multi-pass-opt-rps scenecut-bias=0.05 no-opt-cu-delta-qp no-aq-motion no-hdr no-hdr-opt no-dhdr10-opt analysis-reuse-level=5 scale-factor=0 refine-intra=0 refine-inter=0 refine-mv=0 no-limit-sao ctu-info=0 max-tlayer=4
in:0 out:0 type:I q:21.12 q-aq:17.27 q-noVbv:21.12 q-Rceq:0.98 tex:211115 mv:11657 misc:2412 icu:1560.00 pcu:0.00 scu:0.00 tlayer:0 pbqpoffset:0.00 pbfactor:1.00 avgQpOffsetCutree:-4.32;
in:16 out:1 type:k q:24.04 q-aq:19.55 q-noVbv:24.04 q-Rceq:0.98 tex:168709 mv:11108 misc:2343 icu:1179.50 pcu:338.00 scu:42.50 tlayer:0 pbqpoffset:0.00 pbfactor:1.00 avgQpOffsetCutree:-5.41;
in:8 out:2 type:B q:26.24 q-aq:22.09 q-noVbv:26.24 q-Rceq:0.98 tex:96377 mv:11782 misc:2345 icu:588.25 pcu:831.50 scu:140.25 tlayer:1 pbqpoffset:2.20 pbfactor:1.29 avgQpOffsetCutree:-4.40;
in:4 out:3 type:B q:27.22 q-aq:23.83 q-noVbv:27.22 q-Rceq:0.98 tex:22620 mv:6588 misc:2456 icu:39.00 pcu:790.75 scu:730.25 tlayer:2 pbqpoffset:3.19 pbfactor:1.45 avgQpOffsetCutree:-3.19;
in:2 out:4 type:B q:28.10 q-aq:26.81 q-noVbv:28.10 q-Rceq:0.98 tex:4450 mv:3400 misc:1486 icu:4.75 pcu:418.00 scu:1137.25 tlayer:3 pbqpoffset:4.07 pbfactor:1.60 avgQpOffsetCutree:-1.58;
in:1 out:5 type:b q:31.10 q-aq:31.00 q-noVbv:31.10 q-Rceq:0.98 tex:58 mv:702 misc:432 icu:0.00 pcu:138.25 scu:1421.75 tlayer:4 pbqpoffset:7.07 pbfactor:2.26 avgQpOffsetCutree:0.00;
in:3 out:6 type:b q:31.10 q-aq:31.00 q-noVbv:31.10 q-Rceq:0.98 tex:131 mv:702 misc:407 icu:0.00 pcu:73.00 scu:1487.00 tlayer:4 pbqpoffset:7.07 pbfactor:2.26 avgQpOffsetCutree:0.00;
in:6 out:7 type:B q:28.10 q-aq:26.63 q-noVbv:28.10 q-Rceq:0.98 tex:3803 mv:3046 misc:1527 icu:3.50 pcu:363.75 scu:1192.75 tlayer:3 pbqpoffset:4.07 pbfactor:1.60 avgQpOffsetCutree:-1.67;
in:5 out:8 type:b q:31.10 q-aq:31.04 q-noVbv:31.10 q-Rceq:0.98 tex:321 mv:664 misc:391 icu:0.50 pcu:103.00 scu:1456.50 tlayer:4 pbqpoffset:7.07 pbfactor:2.26 avgQpOffsetCutree:0.00;
in:7 out:9 type:b q:31.10 q-aq:31.00 q-noVbv:31.10 q-Rceq:0.98 tex:96 mv:700 misc:388 icu:0.75 pcu:67.75 scu:1491.50 tlayer:4 pbqpoffset:7.07 pbfactor:2.26 avgQpOffsetCutree:0.00;
in:12 out:10 type:B q:27.46 q-aq:23.94 q-noVbv:27.46 q-Rceq:0.98 tex:21684 mv:7800 misc:2604 icu:46.75 pcu:784.75 scu:728.50 tlayer:2 pbqpoffset:3.42 pbfactor:1.48 avgQpOffsetCutree:-3.19;
in:10 out:11 type:B q:28.10 q-aq:26.86 q-noVbv:28.10 q-Rceq:0.98 tex:3739 mv:3352 misc:1453 icu:4.75 pcu:485.50 scu:1069.75 tlayer:3 pbqpoffset:4.07 pbfactor:1.60 avgQpOffsetCutree:-1.63;
in:9 out:12 type:b q:31.10 q-aq:31.00 q-noVbv:31.10 q-Rceq:0.98 tex:5 mv:628 misc:375 icu:0.00 pcu:81.00 scu:1479.00 tlayer:4 pbqpoffset:7.07 pbfactor:2.26 avgQpOffsetCutree:0.00;
in:11 out:13 type:b q:31.10 q-aq:31.00 q-noVbv:31.10 q-Rceq:0.98 tex:68 mv:644 misc:376 icu:0.00 pcu:85.25 scu:1474.75 tlayer:4 pbqpoffset:7.07 pbfactor:2.26 avgQpOffsetCutree:0.00;
in:14 out:14 type:B q:28.10 q-aq:26.85 q-noVbv:28.10 q-Rceq:0.98 tex:3286 mv:3334 misc:1316 icu:9.75 pcu:361.50 scu:1188.75 tlayer:3 pbqpoffset:4.07 pbfactor:1.60 avgQpOffsetCutree:-1.68;
in:13 out:15 type:b q:31.10 q-aq:31.00 q-noVbv:31.10 q-Rceq:0.98 tex:69 mv:563 misc:344 icu:0.00 pcu:114.50 scu:1445.50 tlayer:4 pbqpoffset:7.07 pbfactor:2.26 avgQpOffsetCutree:0.00;
in:15 out:16 type:b q:31.10 q-aq:31.00 q-noVbv:31.10 q-Rceq:0.98 tex:5 mv:471 misc:340 icu:0.00 pcu:55.25 scu:1504.75 tlayer:4 pbqpoffset:7.07 pbfactor:2.26 avgQpOffsetCutree:0.00;
in:32 out:17 type:k q:20.04 q-aq:15.57 q-noVbv:20.04 q-Rceq:0.98 tex:228011 mv:11670 misc:2279 icu:1555.00 pcu:5.00 scu:0.00 tlayer:0 pbqpoffset:0.00 pbfactor:1.00 avgQpOffsetCutree:-5.42;
in:24 out:18 type:B q:24.13 q-aq:20.00 q-noVbv:24.13 q-Rceq:0.98 tex:132011 mv:12244 misc:2385 icu:784.00 pcu:691.50 scu:84.50 tlayer:1 pbqpoffset:2.10 pbfactor:1.27 avgQpOffsetCutree:-4.44;
in:20 out:19 type:B q:26.87 q-aq:23.46 q-noVbv:26.87 q-Rceq:0.98 tex:18934 mv:6841 misc:2249 icu:38.75 pcu:718.75 scu:802.50 tlayer:2 pbqpoffset:3.84 pbfactor:1.56 avgQpOffsetCutree:-3.08;
in:18 out:20 type:B q:27.50 q-aq:26.12 q-noVbv:27.50 q-Rceq:0.98 tex:4363 mv:3522 misc:1515 icu:1.00 pcu:448.75 scu:1110.25 tlayer:3 pbqpoffset:3.96 pbfactor:1.58 avgQpOffsetCutree:-1.67;
in:17 out:21 type:b q:30.75 q-aq:31.00 q-noVbv:30.75 q-Rceq:0.98 tex:71 mv:672 misc:449 icu:0.00 pcu:96.75 scu:1463.25 tlayer:4 pbqpoffset:6.96 pbfactor:2.24 avgQpOffsetCutree:0.00;
in:19 out:22 type:b q:30.25 q-aq:30.00 q-noVbv:30.25 q-Rceq:0.98 tex:14 mv:516 misc:374 icu:0.00 pcu:53.25 scu:1506.75 tlayer:4 pbqpoffset:6.96 pbfactor:2.24 avgQpOffsetCutree:0.00;
in:22 out:23 type:B q:26.50 q-aq:25.32 q-noVbv:26.50 q-Rceq:0.98 tex:2602 mv:2460 misc:1402 icu:0.75 pcu:377.75 scu:1181.50 tlayer:3 pbqpoffset:3.96 pbfactor:1.58 avgQpOffsetCutree:-1.67;
in:21 out:24 type:b q:29.75 q-aq:30.00 q-noVbv:29.75 q-Rceq:0.98 tex:6 mv:571 misc:319 icu:0.00 pcu:166.25 scu:1393.75 tlayer:4 pbqpoffset:6.96 pbfactor:2.24 avgQpOffsetCutree:0.00;
in:23 out:25 type:b q:29.25 q-aq:29.00 q-noVbv:29.25 q-Rceq:0.98 tex:8 mv:435 misc:277 icu:0.00 pcu:153.25 scu:1406.75 tlayer:4 pbqpoffset:6.96 pbfactor:2.24 avgQpOffsetCutree:0.00;
in:28 out:26 type:B q:24.73 q-aq:21.14 q-noVbv:24.73 q-Rceq:0.98 tex:31641 mv:8102 misc:2865 icu:52.25 pcu:823.00 scu:684.75 tlayer:2 pbqpoffset:3.70 pbfactor:1.53 avgQpOffsetCutree:-3.17;
in:26 out:27 type:B q:25.50 q-aq:24.13 q-noVbv:25.50 q-Rceq:0.98 tex:4371 mv:2897 misc:1548 icu:3.25 pcu:418.25 scu:1138.50 tlayer:3 pbqpoffset:3.96 pbfactor:1.58 avgQpOffsetCutree:-1.65;
in:25 out:28 type:b q:28.75 q-aq:29.00 q-noVbv:28.75 q-Rceq:0.98 tex:66 mv:669 misc:329 icu:0.25 pcu:274.00 scu:1285.75 tlayer:4 pbqpoffset:6.96 pbfactor:2.24 avgQpOffsetCutree:0.00;
in:27 out:29 type:b q:28.25 q-aq:28.00 q-noVbv:28.25 q-Rceq:0.98 tex:23 mv:580 misc:341 icu:0.25 pcu:199.00 scu:1360.75 tlayer:4 pbqpoffset:6.96 pbfactor:2.24 avgQpOffsetCutree:0.00;
in:30 out:30 type:B q:24.50 q-aq:23.10 q-noVbv:24.50 q-Rceq:0.98 tex:6341 mv:3682 misc:1841 icu:5.75 pcu:625.25 scu:929.00 tlayer:3 pbqpoffset:3.96 pbfactor:1.58 avgQpOffsetCutree:-1.66;
in:29 out:31 type:b q:27.75 q-aq:28.00 q-noVbv:27.75 q-Rceq:0.98 tex:9 mv:540 misc:339 icu:0.00 pcu:150.00 scu:1410.00 tlayer:4 pbqpoffset:6.96 pbfactor:2.24 avgQpOffsetCutree:0.00;
in:31 out:32 type:b q:27.25 q-aq:27.00 q-noVbv:27.25 q-Rceq:0.98 tex:38 mv:571 misc:391 icu:0.00 pcu:102.25 scu:1457.75 tlayer:4 pbqpoffset:6.96 pbfactor:2.24 avgQpOffsetCutree:0.00;
in:48 out:33 type:k q:16.04 q-aq:11.99 q-noVbv:16.04 q-Rceq:0.98 tex:332090 mv:16361 misc:2733 icu:1457.25 pcu:99.50 scu:3.25 tlayer:0 pbqpoffset:0.00 pbfactor:1.00 avgQpOffsetCutree:-5.38;
in:40 out:34 type:B q:20.17 q-aq:16.39 q-noVbv:20.17 q-Rceq:0.98 tex:173757 mv:15525 misc:3118 icu:656.25 pcu:813.50 scu:90.25 tlayer:1 pbqpoffset:2.14 pbfactor:1.28 avgQpOffsetCutree:-4.43;
in:36 out:35 type:B q:22.84 q-aq:19.42 q-noVbv:22.84 q-Rceq:0.98 tex:36840 mv:8590 misc:3194 icu:34.25 pcu:879.00 scu:646.75 tlayer:2 pbqpoffset:3.81 pbfactor:1.55 avgQpOffsetCutree:-3.13;
in:34 out:36 type:B q:23.54 q-aq:22.08 q-noVbv:23.54 q-Rceq:0.98 tex:6548 mv:3973 misc:1967 icu:3.00 pcu:541.25 scu:1015.75 tlayer:3 pbqpoffset:4.00 pbfactor:1.59 avgQpOffsetCutree:-1.64;
in:33 out:37 type:b q:26.79 q-aq:27.00 q-noVbv:26.79 q-Rceq:0.98 tex:142 mv:594 misc:400 icu:0.50 pcu:94.00 scu:1465.50 tlayer:4 pbqpoffset:7.00 pbfactor:2.25 avgQpOffsetCutree:0.00;
in:35 out:38 type:b q:26.29 q-aq:26.00 q-noVbv:26.29 q-Rceq:0.98 tex:175 mv:793 misc:520 icu:0.50 pcu:175.75 scu:1383.75 tlayer:4 pbqpoffset:7.00 pbfactor:2.25 avgQpOffsetCutree:0.00;
in:38 out:39 type:B q:22.54 q-aq:21.09 q-noVbv:22.54 q-Rceq:0.98 tex:8754 mv:3529 misc:1877 icu:3.25 pcu:456.00 scu:1100.75 tlayer:3 pbqpoffset:4.00 pbfactor:1.59 avgQpOffsetCutree:-1.59;
in:37 out:40 type:b q:25.79 q-aq:26.00 q-noVbv:25.79 q-Rceq:0.98 tex:274 mv:477 misc:385 icu:0.00 pcu:89.50 scu:1470.50 tlayer:4 pbqpoffset:7.00 pbfactor:2.25 avgQpOffsetCutree:0.00;
in:39 out:41 type:b q:25.29 q-aq:25.00 q-noVbv:25.29 q-Rceq:0.98 tex:421 mv:833 misc:498 icu:1.00 pcu:151.50 scu:1407.50 tlayer:4 pbqpoffset:7.00 pbfactor:2.25 avgQpOffsetCutree:0.00;
in:44 out:42 type:B q:20.57 q-aq:17.22 q-noVbv:20.57 q-Rceq:0.98 tex:64250 mv:10913 misc:3501 icu:82.00 pcu:942.50 scu:535.50 tlayer:2 pbqpoffset:3.53 pbfactor:1.50 avgQpOffsetCutree:-3.12;
in:42 out:43 type:B q:21.54 q-aq:20.32 q-noVbv:21.54 q-Rceq:0.98 tex:13796 mv:4807 misc:2325 icu:7.50 pcu:524.00 scu:1028.50 tlayer:3 pbqpoffset:4.00 pbfactor:1.59 avgQpOffsetCutree:-1.61;
in:41 out:44 type:b q:24.79 q-aq:25.00 q-noVbv:24.79 q-Rceq:0.98 tex:387 mv:628 misc:441 icu:0.25 pcu:65.25 scu:1494.50 tlayer:4 pbqpoffset:7.00 pbfactor:2.25 avgQpOffsetCutree:0.00;
in:43 out:45 type:b q:24.29 q-aq:24.00 q-noVbv:24.29 q-Rceq:0.98 tex:826 mv:704 misc:590 icu:0.00 pcu:104.50 scu:1455.50 tlayer:4 pbqpoffset:7.00 pbfactor:2.25 avgQpOffsetCutree:0.00;
in:46 out:46 type:B q:20.54 q-aq:19.09 q-noVbv:20.54 q-Rceq:0.98 tex:18769 mv:5554 misc:2525 icu:8.50 pcu:565.25 scu:986.25 tlayer:3 pbqpoffset:4.00 pbfactor:1.59 avgQpOffsetCutree:-1.65;
in:45 out:47 type:b q:23.79 q-aq:24.00 q-noVbv:23.79 q-Rceq:0.98 tex:323 mv:791 misc:654 icu:0.00 pcu:154.50 scu:1405.50 tlayer:4 pbqpoffset:7.00 pbfactor:2.25 avgQpOffsetCutree:0.00;
in:47 out:48 type:b q:23.29 q-aq:23.00 q-noVbv:23.29 q-Rceq:0.98 tex:498 mv:832 misc:638 icu:0.00 pcu:211.25 scu:1348.75 tlayer:4 pbqpoffset:7.00 pbfactor:2.25 avgQpOffsetCutree:0.00;
in:64 out:49 type:k q:12.04 q-aq:8.00 q-noVbv:12.04 q-Rceq:0.98 tex:481312 mv:19323 misc:2645 icu:1551.25 pcu:8.75 scu:0.00 tlayer:0 pbqpoffset:1.07 pbfactor:1.13 avgQpOffsetCutree:-5.57;
in:56 out:50 type:B q:16.28 q-aq:13.16 q-noVbv:16.28 q-Rceq:0.98 tex:276335 mv:16845 misc:3708 icu:1148.25 pcu:355.75 scu:56.00 tlayer:1 pbqpoffset:2.24 pbfactor:1.30 avgQpOffsetCutree:-4.26;
in:52 out:51 type:B q:18.54 q-aq:15.74 q-noVbv:18.54 q-Rceq:0.98 tex:93237 mv:12766 misc:3781 icu:117.50 pcu:1010.25 scu:432.25 tlayer:2 pbqpoffset:3.51 pbfactor:1.50 avgQpOffsetCutree:-3.08;
in:50 out:52 type:B q:19.64 q-aq:18.32 q-noVbv:19.64 q-Rceq:0.98 tex:32672 mv:7481 misc:3127 icu:16.25 pcu:805.25 scu:738.50 tlayer:3 pbqpoffset:4.11 pbfactor:1.61 avgQpOffsetCutree:-1.70;
in:49 out:53 type:b q:22.89 q-aq:23.00 q-noVbv:22.89 q-Rceq:0.98 tex:654 mv:875 misc:687 icu:0.00 pcu:205.25 scu:1354.75 tlayer:4 pbqpoffset:7.11 pbfactor:2.27 avgQpOffsetCutree:0.00;
in:51 out:54 type:b q:22.39 q-aq:22.32 q-noVbv:22.39 q-Rceq:0.98 tex:1578 mv:1320 misc:870 icu:1.00 pcu:326.25 scu:1232.75 tlayer:4 pbqpoffset:7.11 pbfactor:2.27 avgQpOffsetCutree:0.00;
in:54 out:55 type:B q:18.64 q-aq:17.51 q-noVbv:18.64 q-Rceq:0.98 tex:29584 mv:6929 misc:2935 icu:19.00 pcu:637.00 scu:904.00 tlayer:3 pbqpoffset:4.11 pbfactor:1.61 avgQpOffsetCutree:-1.57;
in:53 out:56 type:b q:21.89 q-aq:22.00 q-noVbv:21.89 q-Rceq:0.98 tex:1233 mv:1495 misc:992 icu:0.50 pcu:247.75 scu:1311.75 tlayer:4 pbqpoffset:7.11 pbfactor:2.27 avgQpOffsetCutree:0.00;
in:55 out:57 type:b q:21.39 q-aq:21.10 q-noVbv:21.39 q-Rceq:0.98 tex:1652 mv:1327 misc:965 icu:1.25 pcu:214.75 scu:1344.00 tlayer:4 pbqpoffset:7.11 pbfactor:2.27 avgQpOffsetCutree:0.00;
in:60 out:58 type:B q:16.05 q-aq:13.42 q-noVbv:16.05 q-Rceq:0.98 tex:139502 mv:16337 misc:4233 icu:290.00 pcu:1078.25 scu:191.75 tlayer:2 pbqpoffset:3.02 pbfactor:1.42 avgQpOffsetCutree:-3.07;
in:58 out:59 type:B q:17.64 q-aq:16.43 q-noVbv:17.64 q-Rceq:0.98 tex:32660 mv:7280 misc:3788 icu:24.75 pcu:730.00 scu:805.25 tlayer:3 pbqpoffset:4.11 pbfactor:1.61 avgQpOffsetCutree:-1.61;
in:57 out:60 type:b q:20.89 q-aq:21.00 q-noVbv:20.89 q-Rceq:0.98 tex:2591 mv:1332 misc:1045 icu:0.50 pcu:259.75 scu:1299.75 tlayer:4 pbqpoffset:7.11 pbfactor:2.27 avgQpOffsetCutree:0.00;
in:59 out:61 type:b q:20.39 q-aq:20.20 q-noVbv:20.39 q-Rceq:0.98 tex:3757 mv:1570 misc:1217 icu:1.00 pcu:277.50 scu:1281.50 tlayer:4 pbqpoffset:7.11 pbfactor:2.27 avgQpOffsetCutree:0.00;
in:62 out:62 type:B q:16.64 q-aq:15.41 q-noVbv:16.64 q-Rceq:0.98 tex:40788 mv:8113 misc:4363 icu:29.25 pcu:869.50 scu:661.25 tlayer:3 pbqpoffset:4.11 pbfactor:1.61 avgQpOffsetCutree:-1.64;
in:61 out:63 type:b q:19.89 q-aq:20.00 q-noVbv:19.89 q-Rceq:0.98 tex:2229 mv:1362 misc:1065 icu:0.00 pcu:227.50 scu:1332.50 tlayer:4 pbqpoffset:7.11 pbfactor:2.27 avgQpOffsetCutree:0.00;
in:63 out:64 type:b q:19.39 q-aq:19.03 q-noVbv:19.39 q-Rceq:0.98 tex:2717 mv:1278 misc:1117 icu:0.50 pcu:228.75 scu:1330.75 tlayer:4 pbqpoffset:7.11 pbfactor:2.27 avgQpOffsetCutree:0.00;
in:80 out:65 type:k q:8.92 q-aq:4.88 q-noVbv:8.92 q-Rceq:0.98 tex:686864 mv:31120 misc:2808 icu:1444.00 pcu:115.25 scu:0.75 tlayer:0 pbqpoffset:0.96 pbfactor:1.12 avgQpOffsetCutree:-5.56;
in:72 out:66 type:B q:12.73 q-aq:9.44 q-noVbv:12.73 q-Rceq:0.98 tex:359789 mv:30704 misc:3947 icu:985.00 pcu:534.25 scu:40.75 tlayer:1 pbqpoffset:2.25 pbfactor:1.30 avgQpOffsetCutree:-4.38;
in:68 out:67 type:B q:14.68 q-aq:11.98 q-noVbv:14.68 q-Rceq:0.98 tex:125529 mv:18793 misc:5030 icu:134.75 pcu:991.75 scu:433.50 tlayer:2 pbqpoffset:3.42 pbfactor:1.48 avgQpOffsetCutree:-3.04;
in:66 out:68 type:B q:15.76 q-aq:14.53 q-noVbv:15.76 q-Rceq:0.98 tex:41744 mv:7916 misc:3356 icu:15.75 pcu:657.00 scu:887.25 tlayer:3 pbqpoffset:4.11 pbfactor:1.61 avgQpOffsetCutree:-1.63;
in:65 out:69 type:b q:18.95 q-aq:19.00 q-noVbv:18.95 q-Rceq:0.98 tex:2616 mv:1256 misc:1024 icu:0.00 pcu:236.50 scu:1323.50 tlayer:4 pbqpoffset:7.11 pbfactor:2.27 avgQpOffsetCutree:0.00;
in:67 out:70 type:b q:18.56 q-aq:18.29 q-noVbv:18.56 q-Rceq:0.98 tex:3015 mv:1116 misc:1173 icu:0.00 pcu:213.25 scu:1346.75 tlayer:4 pbqpoffset:7.11 pbfactor:2.27 avgQpOffsetCutree:0.00;
in:70 out:71 type:B q:14.98 q-aq:13.67 q-noVbv:14.98 q-Rceq:0.98 tex:47498 mv:8926 misc:3768 icu:21.50 pcu:680.00 scu:858.50 tlayer:3 pbqpoffset:4.11 pbfactor:1.61 avgQpOffsetCutree:-1.61;
in:69 out:72 type:b q:18.18 q-aq:18.00 q-noVbv:18.18 q-Rceq:0.98 tex:5050 mv:1495 misc:1359 icu:0.25 pcu:348.25 scu:1211.50 tlayer:4 pbqpoffset:7.11 pbfactor:2.27 avgQpOffsetCutree:0.00;
in:71 out:73 type:b q:17.79 q-aq:18.01 q-noVbv:17.79 q-Rceq:0.98 tex:4307 mv:1281 misc:1052 icu:0.00 pcu:264.25 scu:1295.75 tlayer:4 pbqpoffset:7.11 pbfactor:2.27 avgQpOffsetCutree:0.00;
in:76 out:74 type:B q:12.94 q-aq:10.27 q-noVbv:12.94 q-Rceq:0.98 tex:166000 mv:22799 misc:5465 icu:232.00 pcu:1000.25 scu:327.75 tlayer:2 pbqpoffset:3.24 pbfactor:1.45 avgQpOffsetCutree:-3.05;
in:74 out:75 type:B q:14.20 q-aq:12.95 q-noVbv:14.20 q-Rceq:0.98 tex:54089 mv:9903 misc:4016 icu:18.75 pcu:701.50 scu:839.75 tlayer:3 pbqpoffset:4.11 pbfactor:1.61 avgQpOffsetCutree:-1.59;
in:73 out:76 type:b q:17.40 q-aq:17.03 q-noVbv:17.40 q-Rceq:0.98 tex:6814 mv:1914 misc:1632 icu:0.25 pcu:353.25 scu:1206.50 tlayer:4 pbqpoffset:7.11 pbfactor:2.27 avgQpOffsetCutree:0.00;
in:75 out:77 type:b q:17.01 q-aq:17.01 q-noVbv:17.01 q-Rceq:0.98 tex:7013 mv:2021 misc:1502 icu:0.75 pcu:285.25 scu:1274.00 tlayer:4 pbqpoffset:7.11 pbfactor:2.27 avgQpOffsetCutree:0.00;
in:78 out:78 type:B q:13.43 q-aq:12.09 q-noVbv:13.43 q-Rceq:0.98 tex:59916 mv:10224 misc:4020 icu:26.25 pcu:716.75 scu:817.00 tlayer:3 pbqpoffset:4.11 pbfactor:1.61 avgQpOffsetCutree:-1.62;
in:77 out:79 type:b q:16.62 q-aq:16.88 q-noVbv:16.62 q-Rceq:0.98 tex:6871 mv:1895 misc:1506 icu:0.25 pcu:293.50 scu:1266.25 tlayer:4 pbqpoffset:7.11 pbfactor:2.27 avgQpOffsetCutree:0.00;
in:79 out:80 type:b q:16.23 q-aq:16.03 q-noVbv:16.23 q-Rceq:0.98 tex:8710 mv:2034 misc:1816 icu:1.00 pcu:244.50 scu:1314.50 tlayer:4 pbqpoffset:7.11 pbfactor:2.27 avgQpOffsetCutree:0.00;
in:96 out:81 type:k q:10.03 q-aq:5.94 q-noVbv:10.03 q-Rceq:0.98 tex:615498 mv:25972 misc:2634 icu:1531.25 pcu:28.75 scu:0.00 tlayer:0 pbqpoffset:1.00 pbfactor:1.12 avgQpOffsetCutree:-5.77;
in:88 out:82 type:B q:11.74 q-aq:8.70 q-noVbv:11.74 q-Rceq:0.98 tex:442297 mv:27106 misc:3373 icu:1203.00 pcu:341.25 scu:15.75 tlayer:1 pbqpoffset:2.27 pbfactor:1.30 avgQpOffsetCutree:-4.28;
in:84 out:83 type:B q:12.88 q-aq:10.05 q-noVbv:12.88 q-Rceq:0.98 tex:182688 mv:24404 misc:5300 icu:253.75 pcu:1059.00 scu:247.25 tlayer:2 pbqpoffset:3.68 pbfactor:1.53 avgQpOffsetCutree:-3.10;
in:82 out:84 type:B q:13.19 q-aq:11.77 q-noVbv:13.19 q-Rceq:0.98 tex:84046 mv:12681 misc:4689 icu:39.25 pcu:952.75 scu:568.00 tlayer:3 pbqpoffset:4.13 pbfactor:1.61 avgQpOffsetCutree:-1.65;
in:81 out:85 type:b q:16.12 q-aq:16.02 q-noVbv:16.12 q-Rceq:0.98 tex:9813 mv:2172 misc:1847 icu:2.50 pcu:311.50 scu:1246.00 tlayer:4 pbqpoffset:7.13 pbfactor:2.28 avgQpOffsetCutree:0.00;
in:83 out:86 type:b q:16.26 q-aq:16.02 q-noVbv:16.26 q-Rceq:0.98 tex:9990 mv:2578 misc:2016 icu:0.75 pcu:373.25 scu:1186.00 tlayer:4 pbqpoffset:7.13 pbfactor:2.28 avgQpOffsetCutree:0.00;
in:86 out:87 type:B q:13.47 q-aq:12.22 q-noVbv:13.47 q-Rceq:0.98 tex:62895 mv:12334 misc:4155 icu:29.25 pcu:869.00 scu:661.75 tlayer:3 pbqpoffset:4.13 pbfactor:1.61 avgQpOffsetCutree:-1.66;
in:85 out:88 type:b q:16.40 q-aq:16.04 q-noVbv:16.40 q-Rceq:0.98 tex:7525 mv:1929 misc:1794 icu:1.25 pcu:300.00 scu:1258.75 tlayer:4 pbqpoffset:7.13 pbfactor:2.28 avgQpOffsetCutree:0.00;
in:87 out:89 type:b q:16.54 q-aq:16.07 q-noVbv:16.54 q-Rceq:0.98 tex:7788 mv:2349 misc:1863 icu:1.25 pcu:332.00 scu:1226.75 tlayer:4 pbqpoffset:7.13 pbfactor:2.28 avgQpOffsetCutree:0.00;
in:92 out:90 type:B q:13.20 q-aq:10.33 q-noVbv:13.20 q-Rceq:0.98 tex:165862 mv:19831 misc:5539 icu:255.75 pcu:943.25 scu:361.00 tlayer:2 pbqpoffset:3.45 pbfactor:1.49 avgQpOffsetCutree:-3.16;
in:90 out:91 type:B q:13.74 q-aq:12.39 q-noVbv:13.74 q-Rceq:0.98 tex:74359 mv:11108 misc:4821 icu:58.00 pcu:993.50 scu:508.50 tlayer:3 pbqpoffset:4.13 pbfactor:1.61 avgQpOffsetCutree:-1.63;
in:89 out:92 type:b q:16.68 q-aq:16.34 q-noVbv:16.68 q-Rceq:0.98 tex:7548 mv:2182 misc:2134 icu:1.00 pcu:271.00 scu:1288.00 tlayer:4 pbqpoffset:7.13 pbfactor:2.28 avgQpOffsetCutree:0.00;
in:91 out:93 type:b q:16.81 q-aq:16.96 q-noVbv:16.81 q-Rceq:0.98 tex:5930 mv:1711 misc:1607 icu:1.00 pcu:317.50 scu:1241.50 tlayer:4 pbqpoffset:7.13 pbfactor:2.28 avgQpOffsetCutree:0.00;
in:94 out:94 type:B q:14.02 q-aq:12.51 q-noVbv:14.02 q-Rceq:0.98 tex:53812 mv:8574 misc:4038 icu:18.75 pcu:788.75 scu:752.50 tlayer:3 pbqpoffset:4.13 pbfactor:1.61 avgQpOffsetCutree:-1.62;
in:93 out:95 type:b q:16.95 q-aq:17.00 q-noVbv:16.95 q-Rceq:0.98 tex:4772 mv:1416 misc:1452 icu:0.00 pcu:235.25 scu:1324.75 tlayer:4 pbqpoffset:7.13 pbfactor:2.28 avgQpOffsetCutree:0.00;
in:95 out:96 type:b q:17.09 q-aq:17.00 q-noVbv:17.09 q-Rceq:0.98 tex:4280 mv:1642 misc:1334 icu:1.00 pcu:235.50 scu:1323.50 tlayer:4 pbqpoffset:7.13 pbfactor:2.28 avgQpOffsetCutree:0.00;
in:112 out:97 type:k q:11.05 q-aq:6.79 q-noVbv:11.05 q-Rceq:0.98 tex:576801 mv:26919 misc:2712 icu:1455.75 pcu:102.25 scu:2.00 tlayer:0 pbqpoffset:1.19 pbfactor:1.15 avgQpOffsetCutree:-5.75;
in:104 out:98 type:B q:12.81 q-aq:9.37 q-noVbv:12.81 q-Rceq:0.98 tex:368196 mv:32120 misc:3948 icu:964.50 pcu:554.75 scu:40.75 tlayer:1 pbqpoffset:2.27 pbfactor:1.30 avgQpOffsetCutree:-4.42;
in:100 out:99 type:B q:13.98 q-aq:10.94 q-noVbv:13.98 q-Rceq:0.98 tex:139115 mv:20130 misc:5627 icu:132.25 pcu:994.75 scu:433.00 tlayer:2 pbqpoffset:3.70 pbfactor:1.53 avgQpOffsetCutree:-3.22;
in:98 out:100 type:B q:14.29 q-aq:12.87 q-noVbv:14.29 q-Rceq:0.98 tex:47554 mv:8185 misc:4069 icu:20.50 pcu:684.75 scu:854.75 tlayer:3 pbqpoffset:4.13 pbfactor:1.61 avgQpOffsetCutree:-1.64;
in:97 out:101 type:b q:17.22 q-aq:17.05 q-noVbv:17.22 q-Rceq:0.98 tex:5868 mv:1339 misc:1249 icu:0.50 pcu:241.00 scu:1318.50 tlayer:4 pbqpoffset:7.13 pbfactor:2.28 avgQpOffsetCutree:0.00;
in:99 out:102 type:b q:17.35 q-aq:17.07 q-noVbv:17.35 q-Rceq:0.98 tex:7168 mv:2246 misc:1626 icu:0.50 pcu:354.50 scu:1205.00 tlayer:4 pbqpoffset:7.13 pbfactor:2.28 avgQpOffsetCutree:0.00;
in:102 out:103 type:B q:14.54 q-aq:13.15 q-noVbv:14.54 q-Rceq:0.98 tex:45352 mv:8705 misc:3479 icu:16.25 pcu:716.75 scu:827.00 tlayer:3 pbqpoffset:4.13 pbfactor:1.61 avgQpOffsetCutree:-1.67;
in:101 out:104 type:b q:17.48 q-aq:17.06 q-noVbv:17.48 q-Rceq:0.98 tex:5287 mv:1942 misc:1483 icu:0.00 pcu:270.25 scu:1289.75 tlayer:4 pbqpoffset:7.13 pbfactor:2.28 avgQpOffsetCutree:0.00;
in:103 out:105 type:b q:17.61 q-aq:17.18 q-noVbv:17.61 q-Rceq:0.98 tex:4141 mv:1326 misc:1277 icu:0.00 pcu:211.25 scu:1348.75 tlayer:4 pbqpoffset:7.13 pbfactor:2.28 avgQpOffsetCutree:0.00;
in:108 out:106 type:B q:14.35 q-aq:11.31 q-noVbv:14.35 q-Rceq:0.98 tex:122838 mv:16872 misc:5306 icu:85.75 pcu:936.75 scu:537.50 tlayer:2 pbqpoffset:3.56 pbfactor:1.51 avgQpOffsetCutree:-3.30;
in:106 out:107 type:B q:14.80 q-aq:13.27 q-noVbv:14.80 q-Rceq:0.98 tex:46696 mv:8479 misc:4209 icu:11.25 pcu:767.00 scu:781.75 tlayer:3 pbqpoffset:4.13 pbfactor:1.61 avgQpOffsetCutree:-1.69;
in:105 out:108 type:b q:17.73 q-aq:17.89 q-noVbv:17.73 q-Rceq:0.98 tex:4848 mv:1277 misc:1147 icu:0.25 pcu:169.00 scu:1390.75 tlayer:4 pbqpoffset:7.13 pbfactor:2.28 avgQpOffsetCutree:0.00;
in:107 out:109 type:b q:17.86 q-aq:18.00 q-noVbv:17.86 q-Rceq:0.98 tex:4096 mv:1649 misc:1183 icu:0.25 pcu:247.50 scu:1312.25 tlayer:4 pbqpoffset:7.13 pbfactor:2.28 avgQpOffsetCutree:0.00;
in:110 out:110 type:B q:15.05 q-aq:13.57 q-noVbv:15.05 q-Rceq:0.98 tex:40415 mv:7883 misc:3518 icu:19.25 pcu:662.50 scu:878.25 tlayer:3 pbqpoffset:4.13 pbfactor:1.61 avgQpOffsetCutree:-1.69;
in:109 out:111 type:b q:17.99 q-aq:18.00 q-noVbv:17.99 q-Rceq:0.98 tex:3923 mv:1559 misc:1150 icu:0.25 pcu:297.00 scu:1262.75 tlayer:4 pbqpoffset:7.13 pbfactor:2.28 avgQpOffsetCutree:0.00;
in:111 out:112 type:b q:18.12 q-aq:18.00 q-noVbv:18.12 q-Rceq:0.98 tex:3884 mv:1454 misc:1078 icu:0.75 pcu:243.75 scu:1315.50 tlayer:4 pbqpoffset:7.13 pbfactor:2.28 avgQpOffsetCutree:0.00;
in:120 out:113 type:k q:11.43 q-aq:7.50 q-noVbv:11.43 q-Rceq:0.98 tex:506256 mv:32663 misc:3305 icu:1191.00 pcu:359.75 scu:9.25 tlayer:0 pbqpoffset:1.11 pbfactor:1.14 avgQpOffsetCutree:-5.26;
in:116 out:114 type:B q:13.93 q-aq:10.94 q-noVbv:13.93 q-Rceq:0.98 tex:144548 mv:18650 misc:5010 icu:111.75 pcu:1079.75 scu:368.50 tlayer:1 pbqpoffset:2.69 pbfactor:1.36 avgQpOffsetCutree:-3.22;
in:114 out:115 type:B q:15.05 q-aq:13.55 q-noVbv:15.05 q-Rceq:0.98 tex:55954 mv:8525 misc:4193 icu:41.75 pcu:789.75 scu:728.50 tlayer:2 pbqpoffset:3.91 pbfactor:1.57 avgQpOffsetCutree:-1.68;
in:113 out:116 type:b q:18.00 q-aq:18.00 q-noVbv:18.00 q-Rceq:0.98 tex:3585 mv:1205 misc:1194 icu:0.00 pcu:221.25 scu:1338.75 tlayer:3 pbqpoffset:6.91 pbfactor:2.22 avgQpOffsetCutree:0.00;
in:115 out:117 type:b q:18.10 q-aq:18.07 q-noVbv:18.10 q-Rceq:0.98 tex:4278 mv:1303 misc:1275 icu:0.00 pcu:161.75 scu:1398.25 tlayer:3 pbqpoffset:6.91 pbfactor:2.22 avgQpOffsetCutree:0.00;
in:118 out:118 type:B q:15.24 q-aq:13.79 q-noVbv:15.24 q-Rceq:0.98 tex:33726 mv:7104 misc:3330 icu:8.50 pcu:709.50 scu:842.00 tlayer:2 pbqpoffset:3.91 pbfactor:1.57 avgQpOffsetCutree:-1.61;
in:117 out:119 type:b q:18.19 q-aq:18.00 q-noVbv:18.19 q-Rceq:0.98 tex:4082 mv:1707 misc:1219 icu:0.25 pcu:289.25 scu:1270.50 tlayer:3 pbqpoffset:6.91 pbfactor:2.22 avgQpOffsetCutree:0.00;
in:119 out:120 type:b q:18.29 q-aq:18.00 q-noVbv:18.29 q-Rceq:0.98 tex:1730 mv:899 misc:835 icu:0.00 pcu:191.50 scu:1368.50 tlayer:3 pbqpoffset:6.91 pbfactor:2.22 avgQpOffsetCutree:0.00;
in:136 out:121 type:k q:11.66 q-aq:8.11 q-noVbv:11.66 q-Rceq:0.98 tex:522311 mv:19852 misc:2597 icu:1540.50 pcu:19.50 scu:0.00 tlayer:0 pbqpoffset:1.11 pbfactor:1.14 avgQpOffsetCutree:-5.27;
in:128 out:122 type:B q:13.69 q-aq:10.54 q-noVbv:13.69 q-Rceq:0.98 tex:377074 mv:24952 misc:3398 icu:1269.25 pcu:263.00 scu:27.75 tlayer:1 pbqpoffset:2.15 pbfactor:1.28 avgQpOffsetCutree:-4.41;
in:124 out:123 type:B q:15.09 q-aq:12.16 q-noVbv:15.09 q-Rceq:0.98 tex:120081 mv:15447 misc:5296 icu:154.25 pcu:973.00 scu:432.75 tlayer:2 pbqpoffset:3.60 pbfactor:1.52 avgQpOffsetCutree:-3.24;
in:122 out:124 type:B q:15.47 q-aq:14.01 q-noVbv:15.47 q-Rceq:0.98 tex:35498 mv:5764 misc:3962 icu:19.50 pcu:712.25 scu:828.25 tlayer:3 pbqpoffset:4.01 pbfactor:1.59 avgQpOffsetCutree:-1.74;
in:121 out:125 type:b q:18.45 q-aq:18.04 q-noVbv:18.45 q-Rceq:0.98 tex:3255 mv:1214 misc:1131 icu:0.00 pcu:191.75 scu:1368.25 tlayer:4 pbqpoffset:7.01 pbfactor:2.25 avgQpOffsetCutree:0.00;
in:123 out:126 type:b q:18.48 q-aq:18.25 q-noVbv:18.48 q-Rceq:0.98 tex:1893 mv:1070 misc:1141 icu:1.00 pcu:171.00 scu:1388.00 tlayer:4 pbqpoffset:7.01 pbfactor:2.25 avgQpOffsetCutree:0.00;
in:126 out:127 type:B q:15.53 q-aq:14.15 q-noVbv:15.53 q-Rceq:0.98 tex:38405 mv:7303 misc:4372 icu:20.75 pcu:706.00 scu:833.25 tlayer:3 pbqpoffset:4.01 pbfactor:1.59 avgQpOffsetCutree:-1.67;
in:125 out:128 type:b q:18.51 q-aq:18.14 q-noVbv:18.51 q-Rceq:0.98 tex:3596 mv:1140 misc:1088 icu:0.25 pcu:192.00 scu:1367.75 tlayer:4 pbqpoffset:7.01 pbfactor:2.25 avgQpOffsetCutree:0.00;
in:127 out:129 type:b q:18.54 q-aq:18.22 q-noVbv:18.54 q-Rceq:0.98 tex:3162 mv:1199 misc:1151 icu:0.00 pcu:213.00 scu:1347.00 tlayer:4 pbqpoffset:7.01 pbfactor:2.25 avgQpOffsetCutree:0.00;
in:132 out:130 type:B q:15.28 q-aq:12.31 q-noVbv:15.28 q-Rceq:0.98 tex:115751 mv:17252 misc:4533 icu:106.75 pcu:993.50 scu:459.75 tlayer:2 pbqpoffset:3.68 pbfactor:1.53 avgQpOffsetCutree:-3.25;
in:130 out:131 type:B q:15.58 q-aq:14.28 q-noVbv:15.58 q-Rceq:0.98 tex:34115 mv:6819 misc:3290 icu:13.50 pcu:610.75 scu:935.75 tlayer:3 pbqpoffset:4.01 pbfactor:1.59 avgQpOffsetCutree:-1.69;
in:129 out:132 type:b q:18.57 q-aq:18.29 q-noVbv:18.57 q-Rceq:0.98 tex:2854 mv:1370 misc:1072 icu:1.50 pcu:196.75 scu:1361.75 tlayer:4 pbqpoffset:7.01 pbfactor:2.25 avgQpOffsetCutree:0.00;
in:131 out:133 type:b q:18.60 q-aq:18.74 q-noVbv:18.60 q-Rceq:0.98 tex:2706 mv:1174 misc:944 icu:0.25 pcu:225.75 scu:1334.00 tlayer:4 pbqpoffset:7.01 pbfactor:2.25 avgQpOffsetCutree:0.00;
in:134 out:134 type:B q:15.64 q-aq:14.11 q-noVbv:15.64 q-Rceq:0.98 tex:38379 mv:7524 misc:3697 icu:10.75 pcu:655.50 scu:893.75 tlayer:3 pbqpoffset:4.01 pbfactor:1.59 avgQpOffsetCutree:-1.71;
in:133 out:135 type:b q:18.63 q-aq:18.86 q-noVbv:18.63 q-Rceq:0.98 tex:3049 mv:1292 misc:1147 icu:0.00 pcu:265.25 scu:1294.75 tlayer:4 pbqpoffset:7.01 pbfactor:2.25 avgQpOffsetCutree:0.00;
in:135 out:136 type:b q:18.65 q-aq:18.96 q-noVbv:18.65 q-Rceq:0.98 tex:2312 mv:1056 misc:1008 icu:0.00 pcu:185.50 scu:1374.50 tlayer:4 pbqpoffset:7.01 pbfactor:2.25 avgQpOffsetCutree:0.00;
in:139 out:137 type:k q:11.79 q-aq:10.07 q-noVbv:11.79 q-Rceq:0.98 tex:243922 mv:29923 misc:4515 icu:119.25 pcu:1300.25 scu:140.50 tlayer:0 pbqpoffset:1.11 pbfactor:1.14 avgQpOffsetCutree:-2.01;
in:138 out:138 type:B q:13.74 q-aq:13.08 q-noVbv:13.74 q-Rceq:0.98 tex:27991 mv:10661 misc:3124 icu:4.25 pcu:945.00 scu:610.75 tlayer:1 pbqpoffset:1.99 pbfactor:1.26 avgQpOffsetCutree:-0.99;
in:137 out:139 type:b q:14.42 q-aq:14.00 q-noVbv:14.42 q-Rceq:0.98 tex:6782 mv:2240 misc:1634 icu:0.50 pcu:323.75 scu:1235.75 tlayer:2 pbqpoffset:2.72 pbfactor:1.37 avgQpOffsetCutree:0.00;
in:140 out:140 type:i q:19.33 q-aq:12.48 q-noVbv:19.33 q-Rceq:0.98 tex:332975 mv:29209 misc:3224 icu:1560.00 pcu:0.00 scu:0.00 tlayer:0 pbqpoffset:1.11 pbfactor:1.14 avgQpOffsetCutree:-5.98;
in:156 out:141 type:k q:18.24 q-aq:11.97 q-noVbv:18.24 q-Rceq:0.98 tex:329856 mv:30931 misc:2885 icu:1257.50 pcu:291.50 scu:11.00 tlayer:0 pbqpoffset:1.13 pbfactor:1.14 avgQpOffsetCutree:-6.18;
in:148 out:142 type:B q:20.24 q-aq:14.14 q-noVbv:20.24 q-Rceq:0.98 tex:118069 mv:21786 misc:4249 icu:180.00 pcu:1124.75 scu:255.25 tlayer:1 pbqpoffset:2.00 pbfactor:1.26 avgQpOffsetCutree:-4.89;
in:144 out:143 type:B q:21.56 q-aq:17.85 q-noVbv:21.56 q-Rceq:0.98 tex:15995 mv:8020 misc:2473 icu:21.25 pcu:681.50 scu:857.25 tlayer:2 pbqpoffset:3.31 pbfactor:1.47 avgQpOffsetCutree:-3.13;
in:142 out:144 type:B q:21.72 q-aq:20.41 q-noVbv:21.72 q-Rceq:0.98 tex:1898 mv:1465 misc:949 icu:0.25 pcu:358.75 scu:1201.00 tlayer:3 pbqpoffset:3.48 pbfactor:1.49 avgQpOffsetCutree:-1.54;
in:141 out:145 type:b q:24.72 q-aq:25.00 q-noVbv:24.72 q-Rceq:0.98 tex:4 mv:159 misc:189 icu:0.00 pcu:40.00 scu:1520.00 tlayer:4 pbqpoffset:6.48 pbfactor:2.11 avgQpOffsetCutree:0.00;
in:143 out:146 type:b q:24.72 q-aq:25.00 q-noVbv:24.72 q-Rceq:0.98 tex:3 mv:112 misc:205 icu:0.00 pcu:36.00 scu:1524.00 tlayer:4 pbqpoffset:6.48 pbfactor:2.11 avgQpOffsetCutree:0.00;
in:146 out:147 type:B q:21.72 q-aq:20.24 q-noVbv:21.72 q-Rceq:0.98 tex:1069 mv:1134 misc:661 icu:0.25 pcu:321.75 scu:1238.00 tlayer:3 pbqpoffset:3.48 pbfactor:1.49 avgQpOffsetCutree:-1.77;
in:145 out:148 type:b q:24.72 q-aq:25.00 q-noVbv:24.72 q-Rceq:0.98 tex:46 mv:172 misc:190 icu:0.00 pcu:24.00 scu:1536.00 tlayer:4 pbqpoffset:6.48 pbfactor:2.11 avgQpOffsetCutree:0.00;
in:147 out:149 type:b q:24.72 q-aq:25.00 q-noVbv:24.72 q-Rceq:0.98 tex:0 mv:114 misc:206 icu:0.00 pcu:0.00 scu:1560.00 tlayer:4 pbqpoffset:6.48 pbfactor:2.11 avgQpOffsetCutree:0.00;
in:152 out:150 type:B q:20.57 q-aq:17.35 q-noVbv:20.57 q-Rceq:0.98 tex:53946 mv:14376 misc:3286 icu:53.75 pcu:1126.50 scu:379.75 tlayer:2 pbqpoffset:2.33 pbfactor:1.31 avgQpOffsetCutree:-2.78;
in:150 out:151 type:B q:21.72 q-aq:20.40 q-noVbv:21.72 q-Rceq:0.98 tex:549 mv:1105 misc:714 icu:0.00 pcu:315.25 scu:1244.75 tlayer:3 pbqpoffset:3.48 pbfactor:1.49 avgQpOffsetCutree:-1.63;
in:149 out:152 type:b q:24.72 q-aq:25.00 q-noVbv:24.72 q-Rceq:0.98 tex:4 mv:142 misc:222 icu:0.00 pcu:37.00 scu:1523.00 tlayer:4 pbqpoffset:6.48 pbfactor:2.11 avgQpOffsetCutree:0.00;
in:151 out:153 type:b q:24.72 q-aq:25.00 q-noVbv:24.72 q-Rceq:0.98 tex:4 mv:178 misc:218 icu:0.00 pcu:52.00 scu:1508.00 tlayer:4 pbqpoffset:6.48 pbfactor:2.11 avgQpOffsetCutree:0.00;
in:154 out:154 type:B q:21.72 q-aq:20.37 q-noVbv:21.72 q-Rceq:0.98 tex:1850 mv:1339 misc:899 icu:0.00 pcu:357.25 scu:1202.75 tlayer:3 pbqpoffset:3.48 pbfactor:1.49 avgQpOffsetCutree:-1.55;
in:153 out:155 type:b q:24.72 q-aq:25.00 q-noVbv:24.72 q-Rceq:0.98 tex:5 mv:300 misc:263 icu:0.00 pcu:76.00 scu:1484.00 tlayer:4 pbqpoffset:6.48 pbfactor:2.11 avgQpOffsetCutree:0.00;
in:155 out:156 type:b q:24.72 q-aq:25.00 q-noVbv:24.72 q-Rceq:0.98 tex:3 mv:209 misc:212 icu:0.00 pcu:13.00 scu:1547.00 tlayer:4 pbqpoffset:6.48 pbfactor:2.11 avgQpOffsetCutree:0.00;
in:172 out:157 type:k q:14.24 q-aq:7.16 q-noVbv:14.24 q-Rceq:0.98 tex:506395 mv:42835 misc:3218 icu:1349.00 pcu:208.25 scu:2.75 tlayer:0 pbqpoffset:1.13 pbfactor:1.14 avgQpOffsetCutree:-7.11;
in:164 out:158 type:B q:17.62 q-aq:11.71 q-noVbv:17.62 q-Rceq:0.98 tex:178745 mv:27304 misc:4535 icu:226.50 pcu:1137.50 scu:196.00 tlayer:1 pbqpoffset:1.37 pbfactor:1.17 avgQpOffsetCutree:-5.11;
in:160 out:159 type:B q:18.83 q-aq:15.36 q-noVbv:18.83 q-Rceq:0.98 tex:97486 mv:18106 misc:4184 icu:84.00 pcu:1049.75 scu:426.25 tlayer:2 pbqpoffset:1.58 pbfactor:1.20 avgQpOffsetCutree:-3.12;
in:158 out:160 type:B q:20.92 q-aq:19.53 q-noVbv:20.92 q-Rceq:0.98 tex:1350 mv:1436 misc:1054 icu:0.00 pcu:471.50 scu:1088.50 tlayer:3 pbqpoffset:3.17 pbfactor:1.44 avgQpOffsetCutree:-1.62;
in:157 out:161 type:b q:24.17 q-aq:24.00 q-noVbv:24.17 q-Rceq:0.98 tex:81 mv:247 misc:344 icu:0.00 pcu:92.00 scu:1468.00 tlayer:4 pbqpoffset:6.17 pbfactor:2.04 avgQpOffsetCutree:0.00;
in:159 out:162 type:b q:23.67 q-aq:24.00 q-noVbv:23.67 q-Rceq:0.98 tex:11 mv:279 misc:278 icu:0.00 pcu:74.00 scu:1486.00 tlayer:4 pbqpoffset:6.17 pbfactor:2.04 avgQpOffsetCutree:0.00;
in:162 out:163 type:B q:19.92 q-aq:18.57 q-noVbv:19.92 q-Rceq:0.98 tex:2188 mv:1475 misc:881 icu:0.50 pcu:311.75 scu:1247.75 tlayer:3 pbqpoffset:3.17 pbfactor:1.44 avgQpOffsetCutree:-1.69;
in:161 out:164 type:b q:23.17 q-aq:23.00 q-noVbv:23.17 q-Rceq:0.98 tex:3 mv:175 misc:214 icu:0.00 pcu:17.00 scu:1543.00 tlayer:4 pbqpoffset:6.17 pbfactor:2.04 avgQpOffsetCutree:0.00;
in:163 out:165 type:b q:22.67 q-aq:23.00 q-noVbv:22.67 q-Rceq:0.98 tex:92 mv:264 misc:308 icu:0.00 pcu:50.50 scu:1509.50 tlayer:4 pbqpoffset:6.17 pbfactor:2.04 avgQpOffsetCutree:0.00;
in:168 out:166 type:B q:17.28 q-aq:13.72 q-noVbv:17.28 q-Rceq:0.98 tex:86139 mv:19894 misc:3703 icu:39.75 pcu:1201.00 scu:319.25 tlayer:2 pbqpoffset:2.04 pbfactor:1.27 avgQpOffsetCutree:-3.05;
in:166 out:167 type:B q:18.92 q-aq:17.23 q-noVbv:18.92 q-Rceq:0.98 tex:2137 mv:1466 misc:981 icu:1.00 pcu:284.25 scu:1274.75 tlayer:3 pbqpoffset:3.17 pbfactor:1.44 avgQpOffsetCutree:-1.76;
in:165 out:168 type:b q:22.17 q-aq:22.00 q-noVbv:22.17 q-Rceq:0.98 tex:81 mv:242 misc:285 icu:0.00 pcu:58.25 scu:1501.75 tlayer:4 pbqpoffset:6.17 pbfactor:2.04 avgQpOffsetCutree:0.00;
in:167 out:169 type:b q:21.67 q-aq:22.00 q-noVbv:21.67 q-Rceq:0.98 tex:44 mv:224 misc:252 icu:0.00 pcu:57.00 scu:1503.00 tlayer:4 pbqpoffset:6.17 pbfactor:2.04 avgQpOffsetCutree:0.00;
in:170 out:170 type:B q:17.92 q-aq:16.48 q-noVbv:17.92 q-Rceq:0.98 tex:3243 mv:1738 misc:1163 icu:0.00 pcu:433.00 scu:1127.00 tlayer:3 pbqpoffset:3.17 pbfactor:1.44 avgQpOffsetCutree:-1.66;
in:169 out:171 type:b q:21.17 q-aq:21.00 q-noVbv:21.17 q-Rceq:0.98 tex:303 mv:671 misc:482 icu:0.00 pcu:224.50 scu:1335.50 tlayer:4 pbqpoffset:6.17 pbfactor:2.04 avgQpOffsetCutree:0.00;
in:171 out:172 type:b q:20.67 q-aq:21.00 q-noVbv:20.67 q-Rceq:0.98 tex:38 mv:252 misc:286 icu:0.00 pcu:101.75 scu:1458.25 tlayer:4 pbqpoffset:6.17 pbfactor:2.04 avgQpOffsetCutree:0.00;
in:188 out:173 type:k q:11.34 q-aq:5.45 q-noVbv:11.34 q-Rceq:0.98 tex:619269 mv:51268 misc:3279 icu:1298.00 pcu:242.50 scu:19.50 tlayer:0 pbqpoffset:1.01 pbfactor:1.12 avgQpOffsetCutree:-6.25;
in:180 out:174 type:B q:14.26 q-aq:8.97 q-noVbv:14.26 q-Rceq:0.98 tex:254957 mv:37934 misc:4373 icu:375.75 pcu:1062.50 scu:121.75 tlayer:1 pbqpoffset:1.46 pbfactor:1.18 avgQpOffsetCutree:-4.95;
in:176 out:175 type:B q:15.47 q-aq:12.05 q-noVbv:15.47 q-Rceq:0.98 tex:110572 mv:25230 misc:3854 icu:54.75 pcu:1146.00 scu:359.25 tlayer:2 pbqpoffset:1.95 pbfactor:1.25 avgQpOffsetCutree:-2.98;
in:174 out:176 type:B q:16.96 q-aq:15.26 q-noVbv:16.96 q-Rceq:0.98 tex:4344 mv:2410 misc:1342 icu:0.00 pcu:407.00 scu:1153.00 tlayer:3 pbqpoffset:3.08 pbfactor:1.43 avgQpOffsetCutree:-1.68;
in:173 out:177 type:b q:20.14 q-aq:20.00 q-noVbv:20.14 q-Rceq:0.98 tex:373 mv:458 misc:473 icu:0.00 pcu:165.00 scu:1395.00 tlayer:4 pbqpoffset:6.08 pbfactor:2.02 avgQpOffsetCutree:0.00;
in:175 out:178 type:b q:19.78 q-aq:20.00 q-noVbv:19.78 q-Rceq:0.98 tex:14 mv:412 misc:478 icu:0.00 pcu:85.25 scu:1474.75 tlayer:4 pbqpoffset:6.08 pbfactor:2.02 avgQpOffsetCutree:0.00;
in:178 out:179 type:B q:16.23 q-aq:14.39 q-noVbv:16.23 q-Rceq:0.98 tex:6447 mv:2769 misc:1536 icu:11.00 pcu:534.25 scu:1014.75 tlayer:3 pbqpoffset:3.08 pbfactor:1.43 avgQpOffsetCutree:-1.65;
in:177 out:180 type:b q:19.42 q-aq:19.00 q-noVbv:19.42 q-Rceq:0.98 tex:103 mv:436 misc:549 icu:0.00 pcu:177.50 scu:1382.50 tlayer:4 pbqpoffset:6.08 pbfactor:2.02 avgQpOffsetCutree:0.00;
in:179 out:181 type:b q:19.05 q-aq:19.00 q-noVbv:19.05 q-Rceq:0.98 tex:372 mv:645 misc:527 icu:1.00 pcu:119.00 scu:1440.00 tlayer:4 pbqpoffset:6.08 pbfactor:2.02 avgQpOffsetCutree:0.00;
in:184 out:182 type:B q:13.84 q-aq:10.71 q-noVbv:13.84 q-Rceq:0.98 tex:165891 mv:28943 misc:4582 icu:135.75 pcu:1209.25 scu:215.00 tlayer:2 pbqpoffset:1.78 pbfactor:1.23 avgQpOffsetCutree:-2.92;
in:182 out:183 type:B q:15.51 q-aq:13.92 q-noVbv:15.51 q-Rceq:0.98 tex:5611 mv:2518 misc:1479 icu:2.50 pcu:420.00 scu:1137.50 tlayer:3 pbqpoffset:3.08 pbfactor:1.43 avgQpOffsetCutree:-1.74;
in:181 out:184 type:b q:18.69 q-aq:19.00 q-noVbv:18.69 q-Rceq:0.98 tex:510 mv:596 misc:606 icu:0.00 pcu:132.75 scu:1427.25 tlayer:4 pbqpoffset:6.08 pbfactor:2.02 avgQpOffsetCutree:0.00;
in:183 out:185 type:b q:18.33 q-aq:18.00 q-noVbv:18.33 q-Rceq:0.98 tex:214 mv:545 misc:657 icu:0.00 pcu:117.00 scu:1443.00 tlayer:4 pbqpoffset:6.08 pbfactor:2.02 avgQpOffsetCutree:0.00;
in:186 out:186 type:B q:14.78 q-aq:13.11 q-noVbv:14.78 q-Rceq:0.98 tex:10048 mv:4742 misc:2810 icu:35.25 pcu:630.75 scu:894.00 tlayer:3 pbqpoffset:3.08 pbfactor:1.43 avgQpOffsetCutree:-1.65;
in:185 out:187 type:b q:17.96 q-aq:18.00 q-noVbv:17.96 q-Rceq:0.98 tex:2139 mv:1394 misc:1211 icu:0.00 pcu:318.75 scu:1241.25 tlayer:4 pbqpoffset:6.08 pbfactor:2.02 avgQpOffsetCutree:0.00;
in:187 out:188 type:b q:17.60 q-aq:18.00 q-noVbv:17.60 q-Rceq:0.98 tex:598 mv:484 misc:574 icu:0.00 pcu:130.75 scu:1429.25 tlayer:4 pbqpoffset:6.08 pbfactor:2.02 avgQpOffsetCutree:0.00;
in:204 out:189 type:k q:11.39 q-aq:4.27 q-noVbv:11.39 q-Rceq:0.98 tex:682015 mv:56772 misc:2837 icu:1263.50 pcu:291.75 scu:4.75 tlayer:0 pbqpoffset:0.48 pbfactor:1.06 avgQpOffsetCutree:-7.22;
in:196 out:190 type:B q:12.50 q-aq:7.19 q-noVbv:12.50 q-Rceq:0.98 tex:334560 mv:40241 misc:4247 icu:569.50 pcu:920.25 scu:70.25 tlayer:1 pbqpoffset:1.14 pbfactor:1.14 avgQpOffsetCutree:-5.09;
in:192 out:191 type:B q:12.66 q-aq:9.74 q-noVbv:12.66 q-Rceq:0.98 tex:187956 mv:28555 misc:4257 icu:206.00 pcu:1184.00 scu:170.00 tlayer:2 pbqpoffset:1.31 pbfactor:1.16 avgQpOffsetCutree:-2.84;
in:190 out:192 type:B q:14.25 q-aq:12.90 q-noVbv:14.25 q-Rceq:0.98 tex:8399 mv:4269 misc:2572 icu:51.50 pcu:500.50 scu:1008.00 tlayer:3 pbqpoffset:2.91 pbfactor:1.40 avgQpOffsetCutree:-1.60;
in:189 out:193 type:b q:17.25 q-aq:17.00 q-noVbv:17.25 q-Rceq:0.98 tex:1717 mv:755 misc:968 icu:0.00 pcu:163.25 scu:1396.75 tlayer:4 pbqpoffset:5.91 pbfactor:1.98 avgQpOffsetCutree:0.00;
in:191 out:194 type:b q:17.26 q-aq:17.00 q-noVbv:17.26 q-Rceq:0.98 tex:3554 mv:1837 misc:1553 icu:4.00 pcu:434.75 scu:1121.25 tlayer:4 pbqpoffset:5.91 pbfactor:1.98 avgQpOffsetCutree:0.00;
in:194 out:195 type:B q:14.27 q-aq:12.97 q-noVbv:14.27 q-Rceq:0.98 tex:7277 mv:3686 misc:1781 icu:16.50 pcu:539.25 scu:1004.25 tlayer:3 pbqpoffset:2.91 pbfactor:1.40 avgQpOffsetCutree:-1.71;
in:193 out:196 type:b q:17.26 q-aq:17.00 q-noVbv:17.26 q-Rceq:0.98 tex:662 mv:1160 misc:778 icu:4.00 pcu:200.25 scu:1355.75 tlayer:4 pbqpoffset:5.91 pbfactor:1.98 avgQpOffsetCutree:0.00;
in:195 out:197 type:b q:17.27 q-aq:17.00 q-noVbv:17.27 q-Rceq:0.98 tex:415 mv:674 misc:679 icu:0.00 pcu:143.50 scu:1416.50 tlayer:4 pbqpoffset:5.91 pbfactor:1.98 avgQpOffsetCutree:0.00;
in:200 out:198 type:B q:13.40 q-aq:10.26 q-noVbv:13.40 q-Rceq:0.98 tex:106171 mv:24193 misc:4268 icu:91.25 pcu:1149.75 scu:319.00 tlayer:2 pbqpoffset:2.02 pbfactor:1.26 avgQpOffsetCutree:-2.92;
in:198 out:199 type:B q:14.28 q-aq:12.68 q-noVbv:14.28 q-Rceq:0.98 tex:9283 mv:4217 misc:1876 icu:25.00 pcu:573.75 scu:961.25 tlayer:3 pbqpoffset:2.91 pbfactor:1.40 avgQpOffsetCutree:-1.60;
in:197 out:200 type:b q:17.28 q-aq:17.00 q-noVbv:17.28 q-Rceq:0.98 tex:84 mv:583 misc:573 icu:4.00 pcu:189.00 scu:1367.00 tlayer:4 pbqpoffset:5.91 pbfactor:1.98 avgQpOffsetCutree:0.00;
in:199 out:201 type:b q:17.28 q-aq:17.00 q-noVbv:17.28 q-Rceq:0.98 tex:458 mv:783 misc:687 icu:0.00 pcu:165.50 scu:1394.50 tlayer:4 pbqpoffset:5.91 pbfactor:1.98 avgQpOffsetCutree:0.00;
in:202 out:202 type:B q:14.29 q-aq:12.80 q-noVbv:14.29 q-Rceq:0.98 tex:7426 mv:3725 misc:1609 icu:2.00 pcu:612.50 scu:945.50 tlayer:3 pbqpoffset:2.91 pbfactor:1.40 avgQpOffsetCutree:-1.64;
in:201 out:203 type:b q:17.29 q-aq:17.01 q-noVbv:17.29 q-Rceq:0.98 tex:683 mv:785 misc:748 icu:0.00 pcu:283.00 scu:1277.00 tlayer:4 pbqpoffset:5.91 pbfactor:1.98 avgQpOffsetCutree:0.00;
in:203 out:204 type:b q:17.30 q-aq:17.00 q-noVbv:17.30 q-Rceq:0.98 tex:343 mv:581 misc:572 icu:0.00 pcu:231.75 scu:1328.25 tlayer:4 pbqpoffset:5.91 pbfactor:1.98 avgQpOffsetCutree:0.00;
in:220 out:205 type:k q:11.60 q-aq:5.63 q-noVbv:11.60 q-Rceq:0.98 tex:553718 mv:52295 misc:3211 icu:1288.25 pcu:259.00 scu:12.75 tlayer:0 pbqpoffset:0.17 pbfactor:1.02 avgQpOffsetCutree:-6.10;
in:212 out:206 type:B q:12.67 q-aq:7.32 q-noVbv:12.67 q-Rceq:0.98 tex:263881 mv:37519 misc:4632 icu:356.75 pcu:1033.75 scu:169.50 tlayer:1 pbqpoffset:1.17 pbfactor:1.14 avgQpOffsetCutree:-4.96;
in:208 out:207 type:B q:13.55 q-aq:10.34 q-noVbv:13.55 q-Rceq:0.98 tex:86877 mv:22275 misc:3776 icu:53.75 pcu:1137.75 scu:368.50 tlayer:2 pbqpoffset:2.10 pbfactor:1.27 avgQpOffsetCutree:-2.97;
in:206 out:208 type:B q:14.19 q-aq:12.63 q-noVbv:14.19 q-Rceq:0.98 tex:5111 mv:3094 misc:1547 icu:9.75 pcu:584.50 scu:965.75 tlayer:3 pbqpoffset:2.77 pbfactor:1.38 avgQpOffsetCutree:-1.66;
in:205 out:209 type:b q:17.18 q-aq:17.00 q-noVbv:17.18 q-Rceq:0.98 tex:249 mv:622 misc:489 icu:0.00 pcu:151.25 scu:1408.75 tlayer:4 pbqpoffset:5.77 pbfactor:1.95 avgQpOffsetCutree:0.00;
in:207 out:210 type:b q:17.21 q-aq:17.01 q-noVbv:17.21 q-Rceq:0.98 tex:874 mv:756 misc:522 icu:0.00 pcu:301.00 scu:1259.00 tlayer:4 pbqpoffset:5.77 pbfactor:1.95 avgQpOffsetCutree:0.00;
in:210 out:211 type:B q:14.25 q-aq:12.50 q-noVbv:14.25 q-Rceq:0.98 tex:17435 mv:7142 misc:2623 icu:7.50 pcu:814.25 scu:738.25 tlayer:3 pbqpoffset:2.77 pbfactor:1.38 avgQpOffsetCutree:-1.77;
in:209 out:212 type:b q:17.23 q-aq:17.00 q-noVbv:17.23 q-Rceq:0.98 tex:948 mv:982 misc:790 icu:0.00 pcu:193.25 scu:1366.75 tlayer:4 pbqpoffset:5.77 pbfactor:1.95 avgQpOffsetCutree:0.00;
in:211 out:213 type:b q:17.26 q-aq:17.00 q-noVbv:17.26 q-Rceq:0.98 tex:789 mv:603 misc:584 icu:1.00 pcu:204.75 scu:1354.25 tlayer:4 pbqpoffset:5.77 pbfactor:1.95 avgQpOffsetCutree:0.00;
in:216 out:214 type:B q:13.24 q-aq:10.29 q-noVbv:13.24 q-Rceq:0.98 tex:110210 mv:24191 misc:4383 icu:97.00 pcu:1170.50 scu:292.50 tlayer:2 pbqpoffset:1.69 pbfactor:1.22 avgQpOffsetCutree:-2.73;
in:214 out:215 type:B q:14.30 q-aq:12.74 q-noVbv:14.30 q-Rceq:0.98 tex:4952 mv:3164 misc:1516 icu:6.50 pcu:617.00 scu:936.50 tlayer:3 pbqpoffset:2.77 pbfactor:1.38 avgQpOffsetCutree:-1.64;
in:213 out:216 type:b q:17.29 q-aq:17.00 q-noVbv:17.29 q-Rceq:0.98 tex:631 mv:685 misc:676 icu:0.00 pcu:155.25 scu:1404.75 tlayer:4 pbqpoffset:5.77 pbfactor:1.95 avgQpOffsetCutree:0.00;
in:215 out:217 type:b q:17.31 q-aq:17.01 q-noVbv:17.31 q-Rceq:0.98 tex:593 mv:833 misc:670 icu:0.00 pcu:247.50 scu:1312.50 tlayer:4 pbqpoffset:5.77 pbfactor:1.95 avgQpOffsetCutree:0.00;
in:218 out:218 type:B q:14.35 q-aq:13.09 q-noVbv:14.35 q-Rceq:0.98 tex:6652 mv:3638 misc:2030 icu:40.25 pcu:550.50 scu:969.25 tlayer:3 pbqpoffset:2.77 pbfactor:1.38 avgQpOffsetCutree:-1.55;
in:217 out:219 type:b q:17.34 q-aq:17.00 q-noVbv:17.34 q-Rceq:0.98 tex:497 mv:1054 misc:1241 icu:0.00 pcu:382.75 scu:1177.25 tlayer:4 pbqpoffset:5.77 pbfactor:1.95 avgQpOffsetCutree:0.00;
in:219 out:220 type:b q:17.36 q-aq:17.00 q-noVbv:17.36 q-Rceq:0.98 tex:1190 mv:710 misc:756 icu:0.00 pcu:203.75 scu:1356.25 tlayer:4 pbqpoffset:5.77 pbfactor:1.95 avgQpOffsetCutree:0.00;
in:236 out:221 type:k q:12.25 q-aq:6.46 q-noVbv:12.25 q-Rceq:0.98 tex:490997 mv:48257 misc:3122 icu:1227.75 pcu:323.00 scu:9.25 tlayer:0 pbqpoffset:0.08 pbfactor:1.01 avgQpOffsetCutree:-5.82;
in:228 out:222 type:B q:13.10 q-aq:7.88 q-noVbv:13.10 q-Rceq:0.98 tex:223290 mv:32546 misc:4876 icu:260.00 pcu:1067.50 scu:232.50 tlayer:1 pbqpoffset:1.17 pbfactor:1.15 avgQpOffsetCutree:-4.85;
in:224 out:223 type:B q:12.89 q-aq:9.80 q-noVbv:12.89 q-Rceq:0.98 tex:150663 mv:26760 misc:4465 icu:120.00 pcu:1238.50 scu:201.50 tlayer:2 pbqpoffset:1.12 pbfactor:1.14 avgQpOffsetCutree:-2.86;
in:222 out:224 type:B q:14.43 q-aq:13.24 q-noVbv:14.43 q-Rceq:0.98 tex:8868 mv:3230 misc:2078 icu:21.25 pcu:519.00 scu:1019.75 tlayer:3 pbqpoffset:2.75 pbfactor:1.37 avgQpOffsetCutree:-1.49;
in:221 out:225 type:b q:17.39 q-aq:17.00 q-noVbv:17.39 q-Rceq:0.98 tex:289 mv:670 misc:713 icu:0.00 pcu:230.25 scu:1329.75 tlayer:4 pbqpoffset:5.75 pbfactor:1.94 avgQpOffsetCutree:0.00;
in:223 out:226 type:b q:16.78 q-aq:17.00 q-noVbv:16.78 q-Rceq:0.98 tex:609 mv:1259 misc:1060 icu:0.00 pcu:378.50 scu:1181.50 tlayer:4 pbqpoffset:5.06 pbfactor:1.79 avgQpOffsetCutree:0.00;
in:226 out:227 type:B q:14.59 q-aq:13.28 q-noVbv:14.59 q-Rceq:0.98 tex:5550 mv:3224 misc:1658 icu:4.75 pcu:563.75 scu:991.50 tlayer:3 pbqpoffset:2.75 pbfactor:1.37 avgQpOffsetCutree:-1.71;
in:225 out:228 type:b q:17.55 q-aq:17.59 q-noVbv:17.55 q-Rceq:0.98 tex:1492 mv:1105 misc:811 icu:0.25 pcu:222.00 scu:1337.75 tlayer:4 pbqpoffset:5.75 pbfactor:1.94 avgQpOffsetCutree:0.00;
in:227 out:229 type:b q:17.63 q-aq:17.93 q-noVbv:17.63 q-Rceq:0.98 tex:405 mv:391 misc:548 icu:0.00 pcu:87.25 scu:1472.75 tlayer:4 pbqpoffset:5.75 pbfactor:1.94 avgQpOffsetCutree:0.00;
in:232 out:230 type:B q:14.19 q-aq:10.60 q-noVbv:14.19 q-Rceq:0.98 tex:50386 mv:13485 misc:3449 icu:43.00 pcu:1029.25 scu:487.75 tlayer:2 pbqpoffset:2.10 pbfactor:1.28 avgQpOffsetCutree:-3.14;
in:230 out:231 type:B q:14.75 q-aq:13.32 q-noVbv:14.75 q-Rceq:0.98 tex:4347 mv:3856 misc:1509 icu:3.75 pcu:636.25 scu:920.00 tlayer:3 pbqpoffset:2.75 pbfactor:1.37 avgQpOffsetCutree:-1.66;
in:229 out:232 type:b q:17.71 q-aq:18.00 q-noVbv:17.71 q-Rceq:0.98 tex:554 mv:633 misc:549 icu:1.25 pcu:168.75 scu:1390.00 tlayer:4 pbqpoffset:5.75 pbfactor:1.94 avgQpOffsetCutree:0.00;
in:231 out:233 type:b q:17.79 q-aq:18.00 q-noVbv:17.79 q-Rceq:0.98 tex:641 mv:589 misc:562 icu:0.00 pcu:171.50 scu:1388.50 tlayer:4 pbqpoffset:5.75 pbfactor:1.94 avgQpOffsetCutree:0.00;
in:234 out:234 type:B q:14.92 q-aq:13.28 q-noVbv:14.92 q-Rceq:0.98 tex:2527 mv:2228 misc:1165 icu:4.00 pcu:479.25 scu:1076.75 tlayer:3 pbqpoffset:2.75 pbfactor:1.37 avgQpOffsetCutree:-1.67;
in:233 out:235 type:b q:17.88 q-aq:18.00 q-noVbv:17.88 q-Rceq:0.98 tex:169 mv:580 misc:483 icu:0.00 pcu:216.25 scu:1343.75 tlayer:4 pbqpoffset:5.75 pbfactor:1.94 avgQpOffsetCutree:0.00;
in:235 out:236 type:b q:17.96 q-aq:18.00 q-noVbv:17.96 q-Rceq:0.98 tex:189 mv:326 misc:405 icu:0.00 pcu:89.25 scu:1470.75 tlayer:4 pbqpoffset:5.75 pbfactor:1.94 avgQpOffsetCutree:0.00;
in:239 out:237 type:k q:11.95 q-aq:10.75 q-noVbv:11.95 q-Rceq:0.98 tex:26422 mv:9253 misc:3061 icu:27.50 pcu:899.00 scu:633.50 tlayer:0 pbqpoffset:0.08 pbfactor:1.01 avgQpOffsetCutree:-1.34;
in:238 out:238 type:B q:12.83 q-aq:12.53 q-noVbv:12.83 q-Rceq:0.98 tex:4655 mv:4198 misc:1539 icu:1.00 pcu:841.25 scu:717.75 tlayer:1 pbqpoffset:0.77 pbfactor:1.09 avgQpOffsetCutree:-0.75;
in:237 out:239 type:b q:14.06 q-aq:14.00 q-noVbv:14.06 q-Rceq:0.98 tex:1106 mv:1642 misc:964 icu:0.00 pcu:419.50 scu:1140.50 tlayer:2 pbqpoffset:1.91 pbfactor:1.25 avgQpOffsetCutree:0.00;
