#options: cpuid=1050111 frame-threads=1 no-wpp no-pmode no-pme psnr no-ssim log-level=2 bitdepth=8 input-csp=1 fps=30000/1000 input-res=832x480 interlace=0 total-frames=300 level-idc=0 high-tier=1 uhd-bd=0 ref=4 no-allow-non-conformance no-repeat-headers annexb no-aud no-hrd info hash=0 no-temporal-layers open-gop min-keyint=1 keyint=5000 bframes=15 b-adapt=2 b-pyramid bframe-bias=0 rc-lookahead=40 lookahead-slices=0 scenecut=40 no-intra-refresh ctu=64 min-cu-size=8 rect amp max-tu-size=32 tu-inter-depth=3 tu-intra-depth=3 limit-tu=4 rdoq-level=2 dynamic-rd=0.00 no-ssim-rd signhide no-tskip nr-intra=0 nr-inter=0 no-constrained-intra strong-intra-smoothing max-merge=4 limit-refs=1 limit-modes me=3 subme=4 merange=57 temporal-mvp weightp weightb no-analyze-src-pics deblock=0:0 sao no-sao-non-deblock rd=6 no-early-skip rskip no-fast-intra no-tskip-fast no-cu-lossless b-intra rdpenalty=0 psy-rd=0.00 psy-rdoq=0.00 no-rd-refine analysis-reuse-mode=0 no-lossless cbqpoffs=0 crqpoffs=0 rc=abr bitrate=2000 qcomp=0.60 qpstep=4 stats-write=1 stats-read=0 slow-firstpass ipratio=1.40 pbratio=1.30 aq-mode=1 aq-strength=0.00 cutree zone-count=0 no-strict-cbr qg-size=64 no-rc-grain qpmax=69 qpmin=0 no-const-vbv sar=0 overscan=0 videoformat=5 range=0 colorprim=2 transfer=2 colormatrix=2 chromaloc=0 display-window=0 max-cll=0,0 min-luma=0 max-luma=255 log2-max-poc-lsb=8 vui-timing-info vui-hrd-info slices=1 opt-qp-pps opt-ref-list-length-pps no-multi-pass-opt-rps scenecut-bias=0.05 no-opt-cu-delta-qp no-aq-motion no-hdr no-hdr-opt no-dhdr10-opt analysis-reuse-level=5 scale-factor=0 refine-intra=0 refine-inter=0 refine-mv=0 no-limit-sao ctu-info=0 max-tlayer=4
in:0 out:0 type:I q:13.33 q-aq:7.52 q-noVbv:13.33 q-Rceq:1.08 tex:265933 mv:21736 misc:1795 icu:1560.00 pcu:0.00 scu:0.00 tlayer:0 pbqpoffset:0.00 pbfactor:1.00 avgQpOffsetCutree:-5.03;
in:16 out:1 type:k q:12.24 q-aq:6.66 q-noVbv:12.24 q-Rceq:1.08 tex:224974 mv:30326 misc:2948 icu:771.00 pcu:474.00 scu:315.00 tlayer:0 pbqpoffset:0.00 pbfactor:1.00 avgQpOffsetCutree:-4.89;
in:8 out:2 type:B q:13.38 q-aq:9.59 q-noVbv:13.38 q-Rceq:1.08 tex:79239 mv:15915 misc:2550 icu:132.75 pcu:1061.25 scu:366.00 tlayer:1 pbqpoffset:1.14 pbfactor:1.14 avgQpOffsetCutree:-3.50;
in:4 out:3 type:B q:13.94 q-aq:11.52 q-noVbv:13.94 q-Rceq:1.08 tex:10958 mv:5303 misc:1699 icu:52.50 pcu:790.50 scu:717.00 tlayer:2 pbqpoffset:1.69 pbfactor:1.22 avgQpOffsetCutree:-2.57;
in:2 out:4 type:B q:14.11 q-aq:13.52 q-noVbv:14.11 q-Rceq:1.08 tex:3005 mv:3126 misc:1365 icu:10.00 pcu:688.25 scu:861.75 tlayer:3 pbqpoffset:1.87 pbfactor:1.24 avgQpOffsetCutree:-1.32;
in:1 out:5 type:b q:17.57 q-aq:18.00 q-noVbv:17.57 q-Rceq:1.08 tex:115 mv:754 misc:531 icu:0.00 pcu:248.00 scu:1312.00 tlayer:4 pbqpoffset:5.32 pbfactor:1.85 avgQpOffsetCutree:0.00;
in:3 out:6 type:b q:17.20 q-aq:17.00 q-noVbv:17.20 q-Rceq:1.08 tex:438 mv:1136 misc:722 icu:0.00 pcu:350.75 scu:1209.25 tlayer:4 pbqpoffset:4.96 pbfactor:1.77 avgQpOffsetCutree:0.00;
in:6 out:7 type:B q:14.51 q-aq:13.44 q-noVbv:14.51 q-Rceq:1.08 tex:369 mv:2660 misc:1059 icu:7.00 pcu:568.75 scu:984.25 tlayer:3 pbqpoffset:2.27 pbfactor:1.30 avgQpOffsetCutree:-1.32;
in:5 out:8 type:b q:17.35 q-aq:17.00 q-noVbv:17.35 q-Rceq:1.08 tex:95 mv:1127 misc:682 icu:4.00 pcu:239.00 scu:1317.00 tlayer:4 pbqpoffset:5.11 pbfactor:1.80 avgQpOffsetCutree:0.00;
in:7 out:9 type:b q:16.98 q-aq:17.00 q-noVbv:16.98 q-Rceq:1.08 tex:155 mv:951 misc:710 icu:0.00 pcu:327.25 scu:1232.75 tlayer:4 pbqpoffset:4.73 pbfactor:1.73 avgQpOffsetCutree:0.00;
in:12 out:10 type:B q:13.38 q-aq:10.74 q-noVbv:13.38 q-Rceq:1.08 tex:14926 mv:5916 misc:2246 icu:84.50 pcu:746.25 scu:729.25 tlayer:2 pbqpoffset:1.14 pbfactor:1.14 avgQpOffsetCutree:-2.52;
in:10 out:11 type:B q:14.37 q-aq:13.36 q-noVbv:14.37 q-Rceq:1.08 tex:1877 mv:3409 misc:1298 icu:2.00 pcu:735.50 scu:822.50 tlayer:3 pbqpoffset:2.13 pbfactor:1.28 avgQpOffsetCutree:-1.30;
in:9 out:12 type:b q:16.79 q-aq:17.00 q-noVbv:16.79 q-Rceq:1.08 tex:24 mv:1033 misc:671 icu:0.00 pcu:382.00 scu:1178.00 tlayer:4 pbqpoffset:4.55 pbfactor:1.69 avgQpOffsetCutree:0.00;
in:11 out:13 type:b q:17.01 q-aq:17.00 q-noVbv:17.01 q-Rceq:1.08 tex:37 mv:1169 misc:738 icu:2.00 pcu:366.00 scu:1192.00 tlayer:4 pbqpoffset:4.76 pbfactor:1.73 avgQpOffsetCutree:0.00;
in:14 out:14 type:B q:14.25 q-aq:13.44 q-noVbv:14.25 q-Rceq:1.08 tex:1261 mv:3011 misc:1192 icu:16.00 pcu:642.00 scu:902.00 tlayer:3 pbqpoffset:2.01 pbfactor:1.26 avgQpOffsetCutree:-1.22;
in:13 out:15 type:b q:14.67 q-aq:14.96 q-noVbv:14.67 q-Rceq:1.08 tex:1977 mv:1796 misc:899 icu:0.00 pcu:586.00 scu:974.00 tlayer:4 pbqpoffset:2.42 pbfactor:1.32 avgQpOffsetCutree:0.00;
in:15 out:16 type:b q:16.68 q-aq:17.00 q-noVbv:16.68 q-Rceq:1.08 tex:24 mv:866 misc:654 icu:0.00 pcu:369.00 scu:1191.00 tlayer:4 pbqpoffset:4.44 pbfactor:1.67 avgQpOffsetCutree:0.00;
in:32 out:17 type:k q:8.24 q-aq:2.62 q-noVbv:8.24 q-Rceq:1.08 tex:455329 mv:36327 misc:2336 icu:1193.25 pcu:205.75 scu:161.00 tlayer:0 pbqpoffset:0.00 pbfactor:1.00 avgQpOffsetCutree:-5.53;
in:24 out:18 type:B q:11.13 q-aq:7.70 q-noVbv:11.13 q-Rceq:1.08 tex:172486 mv:24485 misc:2853 icu:746.75 pcu:573.25 scu:240.00 tlayer:1 pbqpoffset:0.89 pbfactor:1.11 avgQpOffsetCutree:-3.33;
in:20 out:19 type:B q:13.95 q-aq:11.08 q-noVbv:13.95 q-Rceq:1.08 tex:7663 mv:4668 misc:1877 icu:48.00 pcu:718.75 scu:793.25 tlayer:2 pbqpoffset:2.70 pbfactor:1.37 avgQpOffsetCutree:-2.51;
in:18 out:20 type:B q:14.45 q-aq:13.38 q-noVbv:14.45 q-Rceq:1.08 tex:3829 mv:3268 misc:1351 icu:12.25 pcu:663.50 scu:884.25 tlayer:3 pbqpoffset:2.70 pbfactor:1.37 avgQpOffsetCutree:-1.26;
in:17 out:21 type:b q:17.61 q-aq:18.00 q-noVbv:17.61 q-Rceq:1.08 tex:39 mv:794 misc:647 icu:0.00 pcu:296.00 scu:1264.00 tlayer:4 pbqpoffset:5.62 pbfactor:1.91 avgQpOffsetCutree:0.00;
in:19 out:22 type:b q:17.15 q-aq:17.00 q-noVbv:17.15 q-Rceq:1.08 tex:323 mv:1223 misc:798 icu:4.00 pcu:488.00 scu:1068.00 tlayer:4 pbqpoffset:5.66 pbfactor:1.92 avgQpOffsetCutree:0.00;
in:22 out:23 type:B q:13.45 q-aq:12.71 q-noVbv:13.45 q-Rceq:1.08 tex:3291 mv:3620 misc:1281 icu:6.00 pcu:769.75 scu:784.25 tlayer:3 pbqpoffset:2.70 pbfactor:1.37 avgQpOffsetCutree:-1.28;
in:21 out:24 type:b q:16.63 q-aq:17.00 q-noVbv:16.63 q-Rceq:1.08 tex:54 mv:1060 misc:686 icu:4.00 pcu:390.00 scu:1166.00 tlayer:4 pbqpoffset:5.63 pbfactor:1.92 avgQpOffsetCutree:0.00;
in:23 out:25 type:b q:16.14 q-aq:16.00 q-noVbv:16.14 q-Rceq:1.08 tex:458 mv:1316 misc:850 icu:5.00 pcu:458.25 scu:1096.75 tlayer:4 pbqpoffset:5.64 pbfactor:1.92 avgQpOffsetCutree:0.00;
in:28 out:26 type:B q:10.87 q-aq:8.40 q-noVbv:10.87 q-Rceq:1.08 tex:88264 mv:10453 misc:3339 icu:424.00 pcu:660.50 scu:475.50 tlayer:2 pbqpoffset:1.63 pbfactor:1.21 avgQpOffsetCutree:-2.45;
in:26 out:27 type:B q:12.45 q-aq:11.69 q-noVbv:12.45 q-Rceq:1.08 tex:5817 mv:4260 misc:2083 icu:44.50 pcu:728.00 scu:787.50 tlayer:3 pbqpoffset:2.70 pbfactor:1.37 avgQpOffsetCutree:-1.25;
in:25 out:28 type:b q:15.65 q-aq:16.00 q-noVbv:15.65 q-Rceq:1.08 tex:211 mv:1781 misc:1016 icu:4.00 pcu:505.00 scu:1051.00 tlayer:4 pbqpoffset:5.66 pbfactor:1.92 avgQpOffsetCutree:0.00;
in:27 out:29 type:b q:15.11 q-aq:15.00 q-noVbv:15.11 q-Rceq:1.08 tex:271 mv:2217 misc:1096 icu:5.00 pcu:555.00 scu:1000.00 tlayer:4 pbqpoffset:5.62 pbfactor:1.91 avgQpOffsetCutree:0.00;
in:30 out:30 type:B q:11.45 q-aq:10.46 q-noVbv:11.45 q-Rceq:1.08 tex:8079 mv:5913 misc:2400 icu:117.75 pcu:897.75 scu:544.50 tlayer:3 pbqpoffset:2.70 pbfactor:1.37 avgQpOffsetCutree:-1.27;
in:29 out:31 type:b q:14.65 q-aq:15.00 q-noVbv:14.65 q-Rceq:1.08 tex:321 mv:2398 misc:1177 icu:8.00 pcu:618.25 scu:933.75 tlayer:4 pbqpoffset:5.66 pbfactor:1.92 avgQpOffsetCutree:0.00;
in:31 out:32 type:b q:14.15 q-aq:14.00 q-noVbv:14.15 q-Rceq:1.08 tex:990 mv:2752 misc:1370 icu:15.00 pcu:688.50 scu:856.50 tlayer:4 pbqpoffset:5.66 pbfactor:1.92 avgQpOffsetCutree:0.00;
in:48 out:33 type:k q:7.10 q-aq:2.01 q-noVbv:7.10 q-Rceq:1.08 tex:543267 mv:46160 misc:2445 icu:763.00 pcu:683.75 scu:113.25 tlayer:0 pbqpoffset:0.00 pbfactor:1.00 avgQpOffsetCutree:-4.80;
in:40 out:34 type:B q:8.25 q-aq:4.20 q-noVbv:8.25 q-Rceq:1.08 tex:269937 mv:38139 misc:3132 icu:319.00 pcu:1043.00 scu:198.00 tlayer:1 pbqpoffset:0.58 pbfactor:1.07 avgQpOffsetCutree:-3.66;
in:36 out:35 type:B q:9.04 q-aq:6.19 q-noVbv:9.04 q-Rceq:1.08 tex:56575 mv:12052 misc:2989 icu:208.50 pcu:787.25 scu:564.25 tlayer:2 pbqpoffset:1.09 pbfactor:1.13 avgQpOffsetCutree:-2.57;
in:34 out:36 type:B q:9.90 q-aq:8.84 q-noVbv:9.90 q-Rceq:1.08 tex:11074 mv:6821 misc:2065 icu:70.75 pcu:840.50 scu:648.75 tlayer:3 pbqpoffset:1.80 pbfactor:1.23 avgQpOffsetCutree:-1.28;
in:33 out:37 type:b q:12.61 q-aq:12.75 q-noVbv:12.61 q-Rceq:1.08 tex:2036 mv:3252 misc:1168 icu:39.00 pcu:780.75 scu:740.25 tlayer:4 pbqpoffset:4.44 pbfactor:1.67 avgQpOffsetCutree:0.00;
in:35 out:38 type:b q:10.99 q-aq:10.68 q-noVbv:10.99 q-Rceq:1.08 tex:14041 mv:5992 misc:1839 icu:37.75 pcu:901.50 scu:620.75 tlayer:4 pbqpoffset:2.96 pbfactor:1.41 avgQpOffsetCutree:0.00;
in:38 out:39 type:B q:9.23 q-aq:7.93 q-noVbv:9.23 q-Rceq:1.08 tex:54249 mv:10206 misc:2601 icu:106.50 pcu:880.50 scu:573.00 tlayer:3 pbqpoffset:1.42 pbfactor:1.18 avgQpOffsetCutree:-1.30;
in:37 out:40 type:b q:12.97 q-aq:13.00 q-noVbv:12.97 q-Rceq:1.08 tex:1119 mv:2618 misc:1327 icu:25.00 pcu:595.00 scu:940.00 tlayer:4 pbqpoffset:5.08 pbfactor:1.80 avgQpOffsetCutree:0.00;
in:39 out:41 type:b q:12.37 q-aq:12.00 q-noVbv:12.37 q-Rceq:1.08 tex:916 mv:3157 misc:1239 icu:20.00 pcu:722.00 scu:818.00 tlayer:4 pbqpoffset:4.63 pbfactor:1.71 avgQpOffsetCutree:0.00;
in:44 out:42 type:B q:8.23 q-aq:5.41 q-noVbv:8.23 q-Rceq:1.08 tex:133421 mv:19924 misc:3263 icu:314.00 pcu:979.25 scu:266.75 tlayer:2 pbqpoffset:0.84 pbfactor:1.10 avgQpOffsetCutree:-2.51;
in:42 out:43 type:B q:9.04 q-aq:7.73 q-noVbv:9.04 q-Rceq:1.08 tex:15588 mv:8718 misc:2294 icu:67.75 pcu:866.75 scu:625.50 tlayer:3 pbqpoffset:1.52 pbfactor:1.19 avgQpOffsetCutree:-1.28;
in:41 out:44 type:b q:11.78 q-aq:11.59 q-noVbv:11.78 q-Rceq:1.08 tex:2049 mv:4260 misc:1531 icu:28.25 pcu:814.50 scu:717.25 tlayer:4 pbqpoffset:4.18 pbfactor:1.62 avgQpOffsetCutree:0.00;
in:43 out:45 type:b q:11.57 q-aq:11.11 q-noVbv:11.57 q-Rceq:1.08 tex:1269 mv:4305 misc:1370 icu:20.00 pcu:804.00 scu:736.00 tlayer:4 pbqpoffset:4.11 pbfactor:1.61 avgQpOffsetCutree:0.00;
in:46 out:46 type:B q:8.37 q-aq:7.15 q-noVbv:8.37 q-Rceq:1.08 tex:52575 mv:13218 misc:2751 icu:181.50 pcu:1084.50 scu:294.00 tlayer:3 pbqpoffset:1.13 pbfactor:1.14 avgQpOffsetCutree:-1.37;
in:45 out:47 type:b q:11.32 q-aq:11.00 q-noVbv:11.32 q-Rceq:1.08 tex:3483 mv:4362 misc:1603 icu:20.00 pcu:834.75 scu:705.25 tlayer:4 pbqpoffset:4.01 pbfactor:1.59 avgQpOffsetCutree:0.00;
in:47 out:48 type:b q:10.96 q-aq:11.00 q-noVbv:10.96 q-Rceq:1.08 tex:1961 mv:4815 misc:1432 icu:35.75 pcu:885.00 scu:639.25 tlayer:4 pbqpoffset:3.79 pbfactor:1.55 avgQpOffsetCutree:0.00;
in:64 out:49 type:k q:8.93 q-aq:3.59 q-noVbv:8.93 q-Rceq:1.08 tex:477126 mv:39795 misc:2567 icu:1385.25 pcu:156.75 scu:18.00 tlayer:0 pbqpoffset:0.00 pbfactor:1.00 avgQpOffsetCutree:-5.17;
in:56 out:50 type:B q:8.46 q-aq:4.91 q-noVbv:8.46 q-Rceq:1.08 tex:292747 mv:37187 misc:2994 icu:823.25 pcu:639.50 scu:97.25 tlayer:1 pbqpoffset:0.44 pbfactor:1.05 avgQpOffsetCutree:-3.23;
in:52 out:51 type:B q:9.79 q-aq:6.93 q-noVbv:9.79 q-Rceq:1.08 tex:91545 mv:13599 misc:3080 icu:361.75 pcu:863.75 scu:334.50 tlayer:2 pbqpoffset:2.23 pbfactor:1.29 avgQpOffsetCutree:-2.60;
in:50 out:52 type:B q:9.61 q-aq:8.59 q-noVbv:9.61 q-Rceq:1.08 tex:20027 mv:8540 misc:2473 icu:118.00 pcu:924.00 scu:518.00 tlayer:3 pbqpoffset:2.29 pbfactor:1.30 avgQpOffsetCutree:-1.25;
in:49 out:53 type:b q:12.44 q-aq:12.00 q-noVbv:12.44 q-Rceq:1.08 tex:1563 mv:4189 misc:1432 icu:24.50 pcu:777.25 scu:758.25 tlayer:4 pbqpoffset:5.23 pbfactor:1.83 avgQpOffsetCutree:0.00;
in:51 out:54 type:b q:12.66 q-aq:12.48 q-noVbv:12.66 q-Rceq:1.08 tex:2363 mv:3726 misc:1287 icu:21.25 pcu:820.25 scu:718.50 tlayer:4 pbqpoffset:5.22 pbfactor:1.83 avgQpOffsetCutree:0.00;
in:54 out:55 type:B q:10.07 q-aq:8.74 q-noVbv:10.07 q-Rceq:1.08 tex:53420 mv:9877 misc:2631 icu:132.25 pcu:1078.75 scu:349.00 tlayer:3 pbqpoffset:2.29 pbfactor:1.30 avgQpOffsetCutree:-1.29;
in:53 out:56 type:b q:12.89 q-aq:13.00 q-noVbv:12.89 q-Rceq:1.08 tex:352 mv:3174 misc:1266 icu:11.00 pcu:713.00 scu:836.00 tlayer:4 pbqpoffset:5.22 pbfactor:1.83 avgQpOffsetCutree:0.00;
in:55 out:57 type:b q:13.13 q-aq:13.00 q-noVbv:13.13 q-Rceq:1.08 tex:579 mv:3393 misc:1236 icu:15.25 pcu:741.25 scu:803.50 tlayer:4 pbqpoffset:5.23 pbfactor:1.83 avgQpOffsetCutree:0.00;
in:60 out:58 type:B q:9.67 q-aq:7.08 q-noVbv:9.67 q-Rceq:1.08 tex:138788 mv:18121 misc:3883 icu:610.00 pcu:653.00 scu:297.00 tlayer:2 pbqpoffset:1.20 pbfactor:1.15 avgQpOffsetCutree:-2.38;
in:58 out:59 type:B q:10.53 q-aq:9.49 q-noVbv:10.53 q-Rceq:1.08 tex:23807 mv:9446 misc:2995 icu:223.50 pcu:816.75 scu:519.75 tlayer:3 pbqpoffset:2.29 pbfactor:1.30 avgQpOffsetCutree:-1.20;
in:57 out:60 type:b q:13.40 q-aq:13.00 q-noVbv:13.40 q-Rceq:1.08 tex:2259 mv:4421 misc:1600 icu:15.00 pcu:830.50 scu:714.50 tlayer:4 pbqpoffset:5.27 pbfactor:1.84 avgQpOffsetCutree:0.00;
in:59 out:61 type:b q:13.61 q-aq:13.23 q-noVbv:13.61 q-Rceq:1.08 tex:1133 mv:3536 misc:1459 icu:26.00 pcu:842.00 scu:692.00 tlayer:4 pbqpoffset:5.25 pbfactor:1.83 avgQpOffsetCutree:0.00;
in:62 out:62 type:B q:10.99 q-aq:9.92 q-noVbv:10.99 q-Rceq:1.08 tex:60502 mv:9736 misc:3210 icu:120.75 pcu:1005.75 scu:433.50 tlayer:3 pbqpoffset:2.29 pbfactor:1.30 avgQpOffsetCutree:-1.16;
in:61 out:63 type:b q:13.86 q-aq:13.84 q-noVbv:13.86 q-Rceq:1.08 tex:2049 mv:3813 misc:1610 icu:32.00 pcu:767.00 scu:761.00 tlayer:4 pbqpoffset:5.27 pbfactor:1.84 avgQpOffsetCutree:0.00;
in:63 out:64 type:b q:14.07 q-aq:14.00 q-noVbv:14.07 q-Rceq:1.08 tex:1123 mv:2646 misc:1375 icu:25.00 pcu:677.50 scu:857.50 tlayer:4 pbqpoffset:5.25 pbfactor:1.83 avgQpOffsetCutree:0.00;
in:80 out:65 type:k q:11.22 q-aq:6.11 q-noVbv:11.22 q-Rceq:1.08 tex:360612 mv:37383 misc:2613 icu:1044.50 pcu:496.00 scu:19.50 tlayer:0 pbqpoffset:-0.30 pbfactor:0.97 avgQpOffsetCutree:-4.92;
in:72 out:66 type:B q:10.53 q-aq:6.60 q-noVbv:10.53 q-Rceq:1.08 tex:206061 mv:34571 misc:3320 icu:577.75 pcu:845.00 scu:137.25 tlayer:1 pbqpoffset:0.45 pbfactor:1.05 avgQpOffsetCutree:-3.56;
in:68 out:67 type:B q:10.72 q-aq:7.82 q-noVbv:10.72 q-Rceq:1.08 tex:90562 mv:15685 misc:3545 icu:315.50 pcu:915.25 scu:329.25 tlayer:2 pbqpoffset:1.22 pbfactor:1.15 avgQpOffsetCutree:-2.49;
in:66 out:68 type:B q:11.52 q-aq:10.54 q-noVbv:11.52 q-Rceq:1.08 tex:13210 mv:7807 misc:2351 icu:110.25 pcu:894.00 scu:555.75 tlayer:3 pbqpoffset:2.30 pbfactor:1.30 avgQpOffsetCutree:-1.22;
in:65 out:69 type:b q:13.60 q-aq:13.17 q-noVbv:13.60 q-Rceq:1.08 tex:3727 mv:3702 misc:1435 icu:15.50 pcu:833.75 scu:710.75 tlayer:4 pbqpoffset:4.53 pbfactor:1.69 avgQpOffsetCutree:0.00;
in:67 out:70 type:b q:12.81 q-aq:12.54 q-noVbv:12.81 q-Rceq:1.08 tex:6311 mv:4878 misc:1595 icu:47.25 pcu:957.25 scu:555.50 tlayer:4 pbqpoffset:3.45 pbfactor:1.49 avgQpOffsetCutree:0.00;
in:70 out:71 type:B q:11.30 q-aq:10.20 q-noVbv:11.30 q-Rceq:1.08 tex:52043 mv:11703 misc:2870 icu:109.00 pcu:1133.75 scu:317.25 tlayer:3 pbqpoffset:1.51 pbfactor:1.19 avgQpOffsetCutree:-1.23;
in:69 out:72 type:b q:14.06 q-aq:14.00 q-noVbv:14.06 q-Rceq:1.08 tex:4017 mv:2971 misc:1308 icu:25.25 pcu:707.75 scu:827.00 tlayer:4 pbqpoffset:4.41 pbfactor:1.66 avgQpOffsetCutree:0.00;
in:71 out:73 type:b q:14.00 q-aq:14.00 q-noVbv:14.00 q-Rceq:1.08 tex:2747 mv:3060 misc:1337 icu:22.50 pcu:764.50 scu:773.00 tlayer:4 pbqpoffset:4.07 pbfactor:1.60 avgQpOffsetCutree:0.00;
in:76 out:74 type:B q:11.37 q-aq:8.68 q-noVbv:11.37 q-Rceq:1.08 tex:40146 mv:11769 misc:3165 icu:377.25 pcu:736.50 scu:446.25 tlayer:2 pbqpoffset:0.72 pbfactor:1.09 avgQpOffsetCutree:-2.50;
in:74 out:75 type:B q:11.71 q-aq:10.87 q-noVbv:11.71 q-Rceq:1.08 tex:18668 mv:9720 misc:2588 icu:157.50 pcu:975.50 scu:427.00 tlayer:3 pbqpoffset:1.34 pbfactor:1.17 avgQpOffsetCutree:-1.25;
in:73 out:76 type:b q:14.74 q-aq:14.71 q-noVbv:14.74 q-Rceq:1.08 tex:1273 mv:2952 misc:1255 icu:14.00 pcu:622.00 scu:924.00 tlayer:4 pbqpoffset:4.52 pbfactor:1.69 avgQpOffsetCutree:0.00;
in:75 out:77 type:b q:14.76 q-aq:14.62 q-noVbv:14.76 q-Rceq:1.08 tex:3996 mv:2795 misc:1417 icu:11.50 pcu:592.50 scu:956.00 tlayer:4 pbqpoffset:4.26 pbfactor:1.64 avgQpOffsetCutree:0.00;
in:78 out:78 type:B q:12.32 q-aq:11.09 q-noVbv:12.32 q-Rceq:1.08 tex:46606 mv:8946 misc:2736 icu:86.00 pcu:1071.25 scu:402.75 tlayer:3 pbqpoffset:1.38 pbfactor:1.17 avgQpOffsetCutree:-1.28;
in:77 out:79 type:b q:13.69 q-aq:13.22 q-noVbv:13.69 q-Rceq:1.08 tex:27659 mv:6636 misc:2337 icu:27.25 pcu:1068.00 scu:464.75 tlayer:4 pbqpoffset:2.89 pbfactor:1.40 avgQpOffsetCutree:0.00;
in:79 out:80 type:b q:14.54 q-aq:14.06 q-noVbv:14.54 q-Rceq:1.08 tex:2040 mv:3194 misc:1254 icu:12.00 pcu:721.50 scu:826.50 tlayer:4 pbqpoffset:3.46 pbfactor:1.49 avgQpOffsetCutree:0.00;
in:96 out:81 type:k q:11.33 q-aq:5.82 q-noVbv:11.33 q-Rceq:1.08 tex:419501 mv:36454 misc:2365 icu:1490.75 pcu:69.25 scu:0.00 tlayer:0 pbqpoffset:-0.56 pbfactor:0.94 avgQpOffsetCutree:-5.58;
in:88 out:82 type:B q:11.96 q-aq:8.61 q-noVbv:11.96 q-Rceq:1.08 tex:203351 mv:27845 misc:3108 icu:882.00 pcu:609.25 scu:68.75 tlayer:1 pbqpoffset:0.68 pbfactor:1.08 avgQpOffsetCutree:-3.31;
in:84 out:83 type:B q:13.38 q-aq:10.53 q-noVbv:13.38 q-Rceq:1.08 tex:59578 mv:10649 misc:3021 icu:172.50 pcu:994.25 scu:393.25 tlayer:2 pbqpoffset:2.13 pbfactor:1.28 avgQpOffsetCutree:-2.58;
in:82 out:84 type:B q:13.73 q-aq:12.67 q-noVbv:13.73 q-Rceq:1.08 tex:10360 mv:4709 misc:1739 icu:35.25 pcu:915.00 scu:609.75 tlayer:3 pbqpoffset:2.49 pbfactor:1.33 avgQpOffsetCutree:-1.32;
in:81 out:85 type:b q:16.70 q-aq:16.94 q-noVbv:16.70 q-Rceq:1.08 tex:16385 mv:3043 misc:1740 icu:6.00 pcu:837.25 scu:716.75 tlayer:4 pbqpoffset:5.47 pbfactor:1.88 avgQpOffsetCutree:0.00;
in:83 out:86 type:b q:16.70 q-aq:16.99 q-noVbv:16.70 q-Rceq:1.08 tex:4292 mv:2055 misc:1117 icu:1.75 pcu:581.75 scu:976.50 tlayer:4 pbqpoffset:5.46 pbfactor:1.88 avgQpOffsetCutree:0.00;
in:86 out:87 type:B q:13.75 q-aq:12.84 q-noVbv:13.75 q-Rceq:1.08 tex:33411 mv:6063 misc:2326 icu:37.75 pcu:985.50 scu:536.75 tlayer:3 pbqpoffset:2.49 pbfactor:1.33 avgQpOffsetCutree:-1.27;
in:85 out:88 type:b q:16.71 q-aq:17.00 q-noVbv:16.71 q-Rceq:1.08 tex:1387 mv:1774 misc:1023 icu:4.00 pcu:523.25 scu:1032.75 tlayer:4 pbqpoffset:5.45 pbfactor:1.88 avgQpOffsetCutree:0.00;
in:87 out:89 type:b q:16.72 q-aq:17.00 q-noVbv:16.72 q-Rceq:1.08 tex:880 mv:1323 misc:941 icu:0.00 pcu:375.75 scu:1184.25 tlayer:4 pbqpoffset:5.45 pbfactor:1.88 avgQpOffsetCutree:0.00;
in:92 out:90 type:B q:13.06 q-aq:10.50 q-noVbv:13.06 q-Rceq:1.08 tex:88072 mv:9416 misc:3496 icu:269.00 pcu:918.75 scu:372.25 tlayer:2 pbqpoffset:1.76 pbfactor:1.23 avgQpOffsetCutree:-2.49;
in:90 out:91 type:B q:13.75 q-aq:12.69 q-noVbv:13.75 q-Rceq:1.08 tex:16609 mv:7252 misc:2571 icu:87.75 pcu:1032.50 scu:439.75 tlayer:3 pbqpoffset:2.46 pbfactor:1.33 avgQpOffsetCutree:-1.30;
in:89 out:92 type:b q:16.72 q-aq:17.00 q-noVbv:16.72 q-Rceq:1.08 tex:500 mv:1504 misc:980 icu:8.00 pcu:521.75 scu:1030.25 tlayer:4 pbqpoffset:5.43 pbfactor:1.87 avgQpOffsetCutree:0.00;
in:91 out:93 type:b q:16.49 q-aq:16.03 q-noVbv:16.49 q-Rceq:1.08 tex:20837 mv:3760 misc:1859 icu:7.25 pcu:876.75 scu:676.00 tlayer:4 pbqpoffset:5.20 pbfactor:1.82 avgQpOffsetCutree:0.00;
in:94 out:94 type:B q:13.81 q-aq:12.79 q-noVbv:13.81 q-Rceq:1.08 tex:37681 mv:6283 misc:2956 icu:50.50 pcu:995.00 scu:514.50 tlayer:3 pbqpoffset:2.49 pbfactor:1.33 avgQpOffsetCutree:-1.30;
in:93 out:95 type:b q:16.79 q-aq:17.00 q-noVbv:16.79 q-Rceq:1.08 tex:4259 mv:2560 misc:1413 icu:16.25 pcu:682.00 scu:861.75 tlayer:4 pbqpoffset:5.48 pbfactor:1.88 avgQpOffsetCutree:0.00;
in:95 out:96 type:b q:16.77 q-aq:17.00 q-noVbv:16.77 q-Rceq:1.08 tex:1090 mv:1806 misc:1096 icu:0.00 pcu:547.25 scu:1012.75 tlayer:4 pbqpoffset:5.45 pbfactor:1.88 avgQpOffsetCutree:0.00;
in:112 out:97 type:k q:11.43 q-aq:6.15 q-noVbv:11.43 q-Rceq:1.08 tex:427025 mv:44944 misc:2719 icu:1106.75 pcu:437.50 scu:15.75 tlayer:0 pbqpoffset:0.28 pbfactor:1.03 avgQpOffsetCutree:-5.27;
in:104 out:98 type:B q:12.13 q-aq:8.05 q-noVbv:12.13 q-Rceq:1.08 tex:184807 mv:36585 misc:3528 icu:526.25 pcu:931.75 scu:102.00 tlayer:1 pbqpoffset:0.76 pbfactor:1.09 avgQpOffsetCutree:-3.73;
in:100 out:99 type:B q:12.90 q-aq:9.84 q-noVbv:12.90 q-Rceq:1.08 tex:25115 mv:8697 misc:2844 icu:134.00 pcu:853.00 scu:573.00 tlayer:2 pbqpoffset:1.54 pbfactor:1.20 avgQpOffsetCutree:-2.74;
in:98 out:100 type:B q:13.14 q-aq:11.98 q-noVbv:13.14 q-Rceq:1.08 tex:46104 mv:8429 misc:2939 icu:36.25 pcu:1020.25 scu:503.50 tlayer:3 pbqpoffset:1.80 pbfactor:1.23 avgQpOffsetCutree:-1.40;
in:97 out:101 type:b q:16.81 q-aq:17.00 q-noVbv:16.81 q-Rceq:1.08 tex:245 mv:1416 misc:907 icu:4.00 pcu:495.50 scu:1060.50 tlayer:4 pbqpoffset:5.48 pbfactor:1.88 avgQpOffsetCutree:0.00;
in:99 out:102 type:b q:16.35 q-aq:16.00 q-noVbv:16.35 q-Rceq:1.08 tex:4950 mv:2817 misc:1225 icu:0.25 pcu:654.50 scu:905.25 tlayer:4 pbqpoffset:5.00 pbfactor:1.78 avgQpOffsetCutree:0.00;
in:102 out:103 type:B q:13.46 q-aq:12.24 q-noVbv:13.46 q-Rceq:1.08 tex:39586 mv:7892 misc:2626 icu:37.25 pcu:1056.00 scu:466.75 tlayer:3 pbqpoffset:2.09 pbfactor:1.27 avgQpOffsetCutree:-1.40;
in:101 out:104 type:b q:16.55 q-aq:16.41 q-noVbv:16.55 q-Rceq:1.08 tex:3348 mv:2335 misc:1181 icu:0.75 pcu:542.75 scu:1016.50 tlayer:4 pbqpoffset:5.19 pbfactor:1.82 avgQpOffsetCutree:0.00;
in:103 out:105 type:b q:16.28 q-aq:16.00 q-noVbv:16.28 q-Rceq:1.08 tex:960 mv:1808 misc:1040 icu:0.00 pcu:520.50 scu:1039.50 tlayer:4 pbqpoffset:4.91 pbfactor:1.76 avgQpOffsetCutree:0.00;
in:108 out:106 type:B q:12.80 q-aq:9.57 q-noVbv:12.80 q-Rceq:1.08 tex:72536 mv:12388 misc:3420 icu:176.50 pcu:1004.75 scu:378.75 tlayer:2 pbqpoffset:1.39 pbfactor:1.17 avgQpOffsetCutree:-2.82;
in:106 out:107 type:B q:13.61 q-aq:12.42 q-noVbv:13.61 q-Rceq:1.08 tex:31362 mv:6803 misc:2475 icu:42.75 pcu:975.50 scu:541.75 tlayer:3 pbqpoffset:2.22 pbfactor:1.29 avgQpOffsetCutree:-1.40;
in:105 out:108 type:b q:16.65 q-aq:16.41 q-noVbv:16.65 q-Rceq:1.08 tex:148 mv:1567 misc:909 icu:4.00 pcu:487.75 scu:1068.25 tlayer:4 pbqpoffset:5.27 pbfactor:1.84 avgQpOffsetCutree:0.00;
in:107 out:109 type:b q:16.83 q-aq:17.00 q-noVbv:16.83 q-Rceq:1.08 tex:859 mv:1719 misc:942 icu:0.00 pcu:586.75 scu:973.25 tlayer:4 pbqpoffset:5.44 pbfactor:1.87 avgQpOffsetCutree:0.00;
in:110 out:110 type:B q:13.72 q-aq:12.50 q-noVbv:13.72 q-Rceq:1.08 tex:27185 mv:6399 misc:2416 icu:35.00 pcu:1045.75 scu:479.25 tlayer:3 pbqpoffset:2.30 pbfactor:1.30 avgQpOffsetCutree:-1.38;
in:109 out:111 type:b q:16.70 q-aq:17.00 q-noVbv:16.70 q-Rceq:1.08 tex:172 mv:1348 misc:848 icu:0.00 pcu:413.00 scu:1147.00 tlayer:4 pbqpoffset:5.29 pbfactor:1.84 avgQpOffsetCutree:0.00;
in:111 out:112 type:b q:16.45 q-aq:16.00 q-noVbv:16.45 q-Rceq:1.08 tex:173 mv:1707 misc:888 icu:4.00 pcu:567.00 scu:989.00 tlayer:4 pbqpoffset:5.03 pbfactor:1.79 avgQpOffsetCutree:0.00;
in:128 out:113 type:k q:11.46 q-aq:6.11 q-noVbv:11.46 q-Rceq:1.08 tex:486394 mv:43999 misc:2343 icu:1492.75 pcu:66.50 scu:0.75 tlayer:0 pbqpoffset:-0.27 pbfactor:0.97 avgQpOffsetCutree:-5.68;
in:120 out:114 type:B q:12.52 q-aq:8.84 q-noVbv:12.52 q-Rceq:1.08 tex:233565 mv:30960 misc:3179 icu:868.00 pcu:643.75 scu:48.25 tlayer:1 pbqpoffset:1.08 pbfactor:1.13 avgQpOffsetCutree:-3.60;
in:116 out:115 type:B q:14.15 q-aq:11.13 q-noVbv:14.15 q-Rceq:1.08 tex:50501 mv:7803 misc:2984 icu:89.25 pcu:850.25 scu:620.50 tlayer:2 pbqpoffset:2.72 pbfactor:1.37 avgQpOffsetCutree:-2.71;
in:114 out:116 type:B q:14.15 q-aq:13.00 q-noVbv:14.15 q-Rceq:1.08 tex:11959 mv:5538 misc:1951 icu:35.25 pcu:855.50 scu:669.25 tlayer:3 pbqpoffset:2.72 pbfactor:1.37 avgQpOffsetCutree:-1.39;
in:113 out:117 type:b q:17.10 q-aq:17.00 q-noVbv:17.10 q-Rceq:1.08 tex:1380 mv:1362 misc:962 icu:0.00 pcu:490.00 scu:1070.00 tlayer:4 pbqpoffset:5.67 pbfactor:1.92 avgQpOffsetCutree:0.00;
in:115 out:118 type:b q:17.12 q-aq:17.00 q-noVbv:17.12 q-Rceq:1.08 tex:19985 mv:2978 misc:1781 icu:5.00 pcu:776.25 scu:778.75 tlayer:4 pbqpoffset:5.69 pbfactor:1.93 avgQpOffsetCutree:0.00;
in:118 out:119 type:B q:14.15 q-aq:13.01 q-noVbv:14.15 q-Rceq:1.08 tex:8023 mv:4114 misc:1727 icu:11.75 pcu:714.50 scu:833.75 tlayer:3 pbqpoffset:2.72 pbfactor:1.37 avgQpOffsetCutree:-1.41;
in:117 out:120 type:b q:17.10 q-aq:17.00 q-noVbv:17.10 q-Rceq:1.08 tex:442 mv:1727 misc:999 icu:12.00 pcu:519.25 scu:1028.75 tlayer:4 pbqpoffset:5.66 pbfactor:1.92 avgQpOffsetCutree:0.00;
in:119 out:121 type:b q:17.13 q-aq:17.00 q-noVbv:17.13 q-Rceq:1.08 tex:573 mv:1388 misc:919 icu:0.00 pcu:464.00 scu:1096.00 tlayer:4 pbqpoffset:5.69 pbfactor:1.93 avgQpOffsetCutree:0.00;
in:124 out:122 type:B q:13.59 q-aq:10.88 q-noVbv:13.59 q-Rceq:1.08 tex:87826 mv:7933 misc:3665 icu:164.75 pcu:881.25 scu:514.00 tlayer:2 pbqpoffset:2.14 pbfactor:1.28 avgQpOffsetCutree:-2.66;
in:122 out:123 type:B q:14.16 q-aq:13.15 q-noVbv:14.16 q-Rceq:1.08 tex:30792 mv:6204 misc:2948 icu:33.00 pcu:950.50 scu:576.50 tlayer:3 pbqpoffset:2.72 pbfactor:1.37 avgQpOffsetCutree:-1.34;
in:121 out:124 type:b q:17.12 q-aq:17.00 q-noVbv:17.12 q-Rceq:1.08 tex:4412 mv:2071 misc:1293 icu:0.50 pcu:556.75 scu:1002.75 tlayer:4 pbqpoffset:5.68 pbfactor:1.93 avgQpOffsetCutree:0.00;
in:123 out:125 type:b q:17.12 q-aq:17.00 q-noVbv:17.12 q-Rceq:1.08 tex:160 mv:1577 misc:1007 icu:0.00 pcu:490.25 scu:1069.75 tlayer:4 pbqpoffset:5.67 pbfactor:1.93 avgQpOffsetCutree:0.00;
in:126 out:126 type:B q:14.17 q-aq:13.07 q-noVbv:14.17 q-Rceq:1.08 tex:39341 mv:6905 misc:3202 icu:39.25 pcu:1027.50 scu:493.25 tlayer:3 pbqpoffset:2.72 pbfactor:1.37 avgQpOffsetCutree:-1.35;
in:125 out:127 type:b q:17.13 q-aq:17.00 q-noVbv:17.13 q-Rceq:1.08 tex:1439 mv:1838 misc:1203 icu:6.00 pcu:466.00 scu:1088.00 tlayer:4 pbqpoffset:5.68 pbfactor:1.93 avgQpOffsetCutree:0.00;
in:127 out:128 type:b q:17.14 q-aq:17.00 q-noVbv:17.14 q-Rceq:1.08 tex:8035 mv:2047 misc:1262 icu:5.00 pcu:567.25 scu:987.75 tlayer:4 pbqpoffset:5.69 pbfactor:1.93 avgQpOffsetCutree:0.00;
in:144 out:129 type:k q:11.61 q-aq:6.30 q-noVbv:11.61 q-Rceq:1.08 tex:475281 mv:47447 misc:2600 icu:1165.25 pcu:386.75 scu:8.00 tlayer:0 pbqpoffset:-0.32 pbfactor:0.96 avgQpOffsetCutree:-5.50;
in:136 out:130 type:B q:12.46 q-aq:8.29 q-noVbv:12.46 q-Rceq:1.08 tex:206762 mv:38362 misc:3716 icu:621.50 pcu:864.50 scu:74.00 tlayer:1 pbqpoffset:0.93 pbfactor:1.11 avgQpOffsetCutree:-3.91;
in:132 out:131 type:B q:13.47 q-aq:10.38 q-noVbv:13.47 q-Rceq:1.08 tex:64923 mv:8803 misc:3282 icu:94.75 pcu:953.75 scu:511.50 tlayer:2 pbqpoffset:1.97 pbfactor:1.26 avgQpOffsetCutree:-2.79;
in:130 out:132 type:B q:14.27 q-aq:13.19 q-noVbv:14.27 q-Rceq:1.08 tex:7130 mv:4619 misc:1723 icu:18.75 pcu:792.75 scu:748.50 tlayer:3 pbqpoffset:2.79 pbfactor:1.38 avgQpOffsetCutree:-1.39;
in:129 out:133 type:b q:17.21 q-aq:17.00 q-noVbv:17.21 q-Rceq:1.08 tex:770 mv:1495 misc:1047 icu:4.00 pcu:394.75 scu:1161.25 tlayer:4 pbqpoffset:5.74 pbfactor:1.94 avgQpOffsetCutree:0.00;
in:131 out:134 type:b q:17.23 q-aq:17.00 q-noVbv:17.23 q-Rceq:1.08 tex:1671 mv:2108 misc:1021 icu:5.00 pcu:512.00 scu:1043.00 tlayer:4 pbqpoffset:5.75 pbfactor:1.94 avgQpOffsetCutree:0.00;
in:134 out:135 type:B q:14.06 q-aq:12.96 q-noVbv:14.06 q-Rceq:1.08 tex:10761 mv:5165 misc:1962 icu:18.75 pcu:806.75 scu:734.50 tlayer:3 pbqpoffset:2.54 pbfactor:1.34 avgQpOffsetCutree:-1.40;
in:133 out:136 type:b q:17.25 q-aq:17.00 q-noVbv:17.25 q-Rceq:1.08 tex:60 mv:1593 misc:819 icu:0.00 pcu:427.50 scu:1132.50 tlayer:4 pbqpoffset:5.74 pbfactor:1.94 avgQpOffsetCutree:0.00;
in:135 out:137 type:b q:16.73 q-aq:16.96 q-noVbv:16.73 q-Rceq:1.08 tex:12543 mv:2688 misc:1793 icu:4.00 pcu:756.25 scu:799.75 tlayer:4 pbqpoffset:5.21 pbfactor:1.83 avgQpOffsetCutree:0.00;
in:140 out:138 type:B q:13.22 q-aq:10.22 q-noVbv:13.22 q-Rceq:1.08 tex:66697 mv:9087 misc:3200 icu:66.50 pcu:939.75 scu:553.75 tlayer:2 pbqpoffset:1.64 pbfactor:1.21 avgQpOffsetCutree:-2.79;
in:138 out:139 type:B q:14.24 q-aq:13.01 q-noVbv:14.24 q-Rceq:1.08 tex:25341 mv:5904 misc:2475 icu:10.00 pcu:928.00 scu:622.00 tlayer:3 pbqpoffset:2.69 pbfactor:1.36 avgQpOffsetCutree:-1.40;
in:137 out:140 type:b q:15.73 q-aq:15.82 q-noVbv:15.73 q-Rceq:1.08 tex:9079 mv:3471 misc:1370 icu:17.25 pcu:617.25 scu:925.50 tlayer:4 pbqpoffset:4.18 pbfactor:1.62 avgQpOffsetCutree:0.00;
in:139 out:141 type:b q:15.75 q-aq:15.91 q-noVbv:15.75 q-Rceq:1.08 tex:3436 mv:2266 misc:1242 icu:0.25 pcu:556.50 scu:1003.25 tlayer:4 pbqpoffset:4.19 pbfactor:1.62 avgQpOffsetCutree:0.00;
in:142 out:142 type:B q:14.00 q-aq:12.75 q-noVbv:14.00 q-Rceq:1.08 tex:19804 mv:6300 misc:1984 icu:10.25 pcu:895.75 scu:654.00 tlayer:3 pbqpoffset:2.41 pbfactor:1.32 avgQpOffsetCutree:-1.38;
in:141 out:143 type:b q:16.35 q-aq:16.00 q-noVbv:16.35 q-Rceq:1.08 tex:6507 mv:2672 misc:1213 icu:1.75 pcu:716.25 scu:842.00 tlayer:4 pbqpoffset:4.77 pbfactor:1.73 avgQpOffsetCutree:0.00;
in:143 out:144 type:b q:16.60 q-aq:16.51 q-noVbv:16.60 q-Rceq:1.08 tex:2177 mv:1556 misc:987 icu:4.00 pcu:544.00 scu:1012.00 tlayer:4 pbqpoffset:5.00 pbfactor:1.78 avgQpOffsetCutree:0.00;
in:160 out:145 type:k q:12.08 q-aq:6.89 q-noVbv:12.08 q-Rceq:1.08 tex:502711 mv:41746 misc:2263 icu:1522.00 pcu:38.00 scu:0.00 tlayer:0 pbqpoffset:-0.80 pbfactor:0.91 avgQpOffsetCutree:-5.71;
in:152 out:146 type:B q:13.02 q-aq:9.32 q-noVbv:13.02 q-Rceq:1.08 tex:285033 mv:34779 misc:3140 icu:969.00 pcu:567.50 scu:23.50 tlayer:1 pbqpoffset:1.18 pbfactor:1.15 avgQpOffsetCutree:-3.73;
in:148 out:147 type:B q:14.61 q-aq:11.54 q-noVbv:14.61 q-Rceq:1.08 tex:50034 mv:7312 misc:3246 icu:41.00 pcu:857.75 scu:661.25 tlayer:2 pbqpoffset:2.88 pbfactor:1.40 avgQpOffsetCutree:-2.77;
in:146 out:148 type:B q:14.55 q-aq:13.40 q-noVbv:14.55 q-Rceq:1.08 tex:14789 mv:5490 misc:2273 icu:29.75 pcu:875.25 scu:655.00 tlayer:3 pbqpoffset:2.88 pbfactor:1.40 avgQpOffsetCutree:-1.44;
in:145 out:149 type:b q:17.46 q-aq:17.00 q-noVbv:17.46 q-Rceq:1.08 tex:419 mv:1342 misc:935 icu:12.00 pcu:311.75 scu:1236.25 tlayer:4 pbqpoffset:5.83 pbfactor:1.96 avgQpOffsetCutree:0.00;
in:147 out:150 type:b q:17.55 q-aq:17.24 q-noVbv:17.55 q-Rceq:1.08 tex:14444 mv:2684 misc:1824 icu:0.50 pcu:632.25 scu:927.25 tlayer:4 pbqpoffset:5.85 pbfactor:1.97 avgQpOffsetCutree:0.00;
in:150 out:151 type:B q:14.67 q-aq:13.57 q-noVbv:14.67 q-Rceq:1.08 tex:7020 mv:4261 misc:1791 icu:4.00 pcu:763.50 scu:792.50 tlayer:3 pbqpoffset:2.88 pbfactor:1.40 avgQpOffsetCutree:-1.40;
in:149 out:152 type:b q:17.59 q-aq:17.52 q-noVbv:17.59 q-Rceq:1.08 tex:339 mv:975 misc:894 icu:0.00 pcu:301.50 scu:1258.50 tlayer:4 pbqpoffset:5.84 pbfactor:1.96 avgQpOffsetCutree:0.00;
in:151 out:153 type:b q:17.66 q-aq:18.00 q-noVbv:17.66 q-Rceq:1.08 tex:425 mv:1183 misc:824 icu:0.00 pcu:316.25 scu:1243.75 tlayer:4 pbqpoffset:5.84 pbfactor:1.96 avgQpOffsetCutree:0.00;
in:156 out:154 type:B q:14.38 q-aq:11.68 q-noVbv:14.38 q-Rceq:1.08 tex:86290 mv:7215 misc:3727 icu:118.75 pcu:815.50 scu:625.75 tlayer:2 pbqpoffset:2.42 pbfactor:1.32 avgQpOffsetCutree:-2.69;
in:154 out:155 type:B q:14.78 q-aq:13.72 q-noVbv:14.78 q-Rceq:1.08 tex:35699 mv:6015 misc:3094 icu:7.75 pcu:919.00 scu:633.25 tlayer:3 pbqpoffset:2.88 pbfactor:1.40 avgQpOffsetCutree:-1.33;
in:153 out:156 type:b q:17.71 q-aq:18.00 q-noVbv:17.71 q-Rceq:1.08 tex:893 mv:1618 misc:1049 icu:4.00 pcu:467.75 scu:1088.25 tlayer:4 pbqpoffset:5.84 pbfactor:1.96 avgQpOffsetCutree:0.00;
in:155 out:157 type:b q:17.78 q-aq:18.00 q-noVbv:17.78 q-Rceq:1.08 tex:540 mv:1307 misc:921 icu:0.00 pcu:458.25 scu:1101.75 tlayer:4 pbqpoffset:5.85 pbfactor:1.97 avgQpOffsetCutree:0.00;
in:158 out:158 type:B q:14.90 q-aq:13.85 q-noVbv:14.90 q-Rceq:1.08 tex:50813 mv:6152 misc:3475 icu:37.50 pcu:934.25 scu:588.25 tlayer:3 pbqpoffset:2.88 pbfactor:1.40 avgQpOffsetCutree:-1.35;
in:157 out:159 type:b q:17.83 q-aq:18.00 q-noVbv:17.83 q-Rceq:1.08 tex:9000 mv:2114 misc:2046 icu:1.00 pcu:677.50 scu:881.50 tlayer:4 pbqpoffset:5.84 pbfactor:1.96 avgQpOffsetCutree:0.00;
in:159 out:160 type:b q:17.90 q-aq:18.00 q-noVbv:17.90 q-Rceq:1.08 tex:12741 mv:1927 misc:1756 icu:0.00 pcu:670.75 scu:889.25 tlayer:4 pbqpoffset:5.85 pbfactor:1.97 avgQpOffsetCutree:0.00;
in:176 out:161 type:k q:11.90 q-aq:6.55 q-noVbv:11.90 q-Rceq:1.08 tex:511727 mv:44174 misc:2731 icu:1151.00 pcu:403.25 scu:5.75 tlayer:0 pbqpoffset:-0.63 pbfactor:0.93 avgQpOffsetCutree:-5.62;
in:168 out:162 type:B q:13.13 q-aq:9.19 q-noVbv:13.13 q-Rceq:1.08 tex:217203 mv:33384 misc:3629 icu:566.50 pcu:930.00 scu:63.50 tlayer:1 pbqpoffset:1.14 pbfactor:1.14 avgQpOffsetCutree:-3.86;
in:164 out:163 type:B q:14.04 q-aq:11.02 q-noVbv:14.04 q-Rceq:1.08 tex:69146 mv:8723 misc:3275 icu:69.25 pcu:932.00 scu:558.75 tlayer:2 pbqpoffset:2.01 pbfactor:1.26 avgQpOffsetCutree:-2.70;
in:162 out:164 type:B q:15.03 q-aq:13.90 q-noVbv:15.03 q-Rceq:1.08 tex:10080 mv:5210 misc:1910 icu:26.25 pcu:788.75 scu:745.00 tlayer:3 pbqpoffset:2.97 pbfactor:1.41 avgQpOffsetCutree:-1.44;
in:161 out:165 type:b q:17.98 q-aq:18.00 q-noVbv:17.98 q-Rceq:1.08 tex:719 mv:1142 misc:835 icu:12.00 pcu:327.25 scu:1220.75 tlayer:4 pbqpoffset:5.91 pbfactor:1.98 avgQpOffsetCutree:0.00;
in:163 out:166 type:b q:17.33 q-aq:17.00 q-noVbv:17.33 q-Rceq:1.08 tex:24116 mv:3129 misc:1987 icu:0.50 pcu:839.75 scu:719.75 tlayer:4 pbqpoffset:5.28 pbfactor:1.84 avgQpOffsetCutree:0.00;
in:166 out:167 type:B q:14.98 q-aq:13.86 q-noVbv:14.98 q-Rceq:1.08 tex:11611 mv:4964 misc:2017 icu:7.00 pcu:752.00 scu:801.00 tlayer:3 pbqpoffset:2.97 pbfactor:1.41 avgQpOffsetCutree:-1.41;
in:165 out:168 type:b q:17.94 q-aq:18.00 q-noVbv:17.94 q-Rceq:1.08 tex:349 mv:1122 misc:833 icu:0.00 pcu:300.00 scu:1260.00 tlayer:4 pbqpoffset:5.92 pbfactor:1.98 avgQpOffsetCutree:0.00;
in:167 out:169 type:b q:17.48 q-aq:17.01 q-noVbv:17.48 q-Rceq:1.08 tex:16206 mv:3081 misc:2177 icu:1.00 pcu:702.25 scu:856.75 tlayer:4 pbqpoffset:5.48 pbfactor:1.88 avgQpOffsetCutree:0.00;
in:172 out:170 type:B q:14.07 q-aq:11.14 q-noVbv:14.07 q-Rceq:1.08 tex:61999 mv:7321 misc:3176 icu:72.00 pcu:850.25 scu:637.75 tlayer:2 pbqpoffset:2.12 pbfactor:1.28 avgQpOffsetCutree:-2.76;
in:170 out:171 type:B q:14.48 q-aq:13.30 q-noVbv:14.48 q-Rceq:1.08 tex:34977 mv:6426 misc:2781 icu:10.75 pcu:1026.00 scu:523.25 tlayer:3 pbqpoffset:2.51 pbfactor:1.34 avgQpOffsetCutree:-1.41;
in:169 out:172 type:b q:17.90 q-aq:18.00 q-noVbv:17.90 q-Rceq:1.08 tex:1673 mv:1241 misc:870 icu:0.00 pcu:353.50 scu:1206.50 tlayer:4 pbqpoffset:5.93 pbfactor:1.98 avgQpOffsetCutree:0.00;
in:171 out:173 type:b q:17.87 q-aq:18.00 q-noVbv:17.87 q-Rceq:1.08 tex:794 mv:1091 misc:899 icu:4.00 pcu:304.75 scu:1251.25 tlayer:4 pbqpoffset:5.91 pbfactor:1.98 avgQpOffsetCutree:0.00;
in:174 out:174 type:B q:14.65 q-aq:13.63 q-noVbv:14.65 q-Rceq:1.08 tex:17657 mv:5343 misc:2080 icu:25.75 pcu:824.75 scu:709.50 tlayer:3 pbqpoffset:2.73 pbfactor:1.37 avgQpOffsetCutree:-1.41;
in:173 out:175 type:b q:17.83 q-aq:18.00 q-noVbv:17.83 q-Rceq:1.08 tex:15435 mv:2427 misc:1874 icu:0.00 pcu:729.75 scu:830.25 tlayer:4 pbqpoffset:5.89 pbfactor:1.98 avgQpOffsetCutree:0.00;
in:175 out:176 type:b q:17.83 q-aq:18.00 q-noVbv:17.83 q-Rceq:1.08 tex:359 mv:1239 misc:794 icu:8.00 pcu:309.50 scu:1242.50 tlayer:4 pbqpoffset:5.91 pbfactor:1.98 avgQpOffsetCutree:0.00;
in:192 out:177 type:k q:12.60 q-aq:7.40 q-noVbv:12.60 q-Rceq:1.08 tex:524425 mv:41737 misc:2318 icu:1531.25 pcu:28.75 scu:0.00 tlayer:0 pbqpoffset:-0.74 pbfactor:0.92 avgQpOffsetCutree:-5.72;
in:184 out:178 type:B q:13.45 q-aq:9.86 q-noVbv:13.45 q-Rceq:1.08 tex:289303 mv:32973 misc:3076 icu:883.50 pcu:651.75 scu:24.75 tlayer:1 pbqpoffset:1.19 pbfactor:1.15 avgQpOffsetCutree:-3.73;
in:180 out:179 type:B q:15.09 q-aq:12.15 q-noVbv:15.09 q-Rceq:1.08 tex:57206 mv:7801 misc:3233 icu:60.75 pcu:851.50 scu:647.75 tlayer:2 pbqpoffset:3.01 pbfactor:1.42 avgQpOffsetCutree:-2.74;
in:178 out:180 type:B q:15.01 q-aq:13.98 q-noVbv:15.01 q-Rceq:1.08 tex:16952 mv:5261 misc:2187 icu:21.25 pcu:701.50 scu:837.25 tlayer:3 pbqpoffset:3.02 pbfactor:1.42 avgQpOffsetCutree:-1.41;
in:177 out:181 type:b q:17.93 q-aq:18.00 q-noVbv:17.93 q-Rceq:1.08 tex:16491 mv:2515 misc:1946 icu:0.00 pcu:716.75 scu:843.25 tlayer:4 pbqpoffset:5.99 pbfactor:2.00 avgQpOffsetCutree:0.00;
in:179 out:182 type:b q:18.02 q-aq:18.00 q-noVbv:18.02 q-Rceq:1.08 tex:14901 mv:2886 misc:1957 icu:0.00 pcu:774.00 scu:786.00 tlayer:4 pbqpoffset:5.98 pbfactor:2.00 avgQpOffsetCutree:0.00;
in:182 out:183 type:B q:15.19 q-aq:14.07 q-noVbv:15.19 q-Rceq:1.08 tex:30075 mv:5215 misc:2742 icu:11.00 pcu:893.00 scu:656.00 tlayer:3 pbqpoffset:3.02 pbfactor:1.42 avgQpOffsetCutree:-1.36;
in:181 out:184 type:b q:18.09 q-aq:18.00 q-noVbv:18.09 q-Rceq:1.08 tex:1356 mv:1418 misc:890 icu:4.00 pcu:389.25 scu:1166.75 tlayer:4 pbqpoffset:5.98 pbfactor:1.99 avgQpOffsetCutree:0.00;
in:183 out:185 type:b q:18.19 q-aq:18.00 q-noVbv:18.19 q-Rceq:1.08 tex:11590 mv:1844 misc:1654 icu:0.00 pcu:752.75 scu:807.25 tlayer:4 pbqpoffset:5.98 pbfactor:2.00 avgQpOffsetCutree:0.00;
in:188 out:186 type:B q:14.94 q-aq:12.08 q-noVbv:14.94 q-Rceq:1.08 tex:92225 mv:7479 misc:3672 icu:149.75 pcu:913.25 scu:497.00 tlayer:2 pbqpoffset:2.51 pbfactor:1.34 avgQpOffsetCutree:-2.74;
in:186 out:187 type:B q:15.36 q-aq:14.24 q-noVbv:15.36 q-Rceq:1.08 tex:37304 mv:5139 misc:3349 icu:21.25 pcu:877.75 scu:661.00 tlayer:3 pbqpoffset:3.02 pbfactor:1.42 avgQpOffsetCutree:-1.41;
in:185 out:188 type:b q:18.28 q-aq:18.00 q-noVbv:18.28 q-Rceq:1.08 tex:9917 mv:1529 misc:1674 icu:8.00 pcu:560.00 scu:992.00 tlayer:4 pbqpoffset:5.99 pbfactor:2.00 avgQpOffsetCutree:0.00;
in:187 out:189 type:b q:18.34 q-aq:18.00 q-noVbv:18.34 q-Rceq:1.08 tex:517 mv:1226 misc:881 icu:0.00 pcu:416.25 scu:1143.75 tlayer:4 pbqpoffset:5.96 pbfactor:1.99 avgQpOffsetCutree:0.00;
in:190 out:190 type:B q:15.54 q-aq:14.53 q-noVbv:15.54 q-Rceq:1.08 tex:12056 mv:3758 misc:2314 icu:10.50 pcu:823.00 scu:726.50 tlayer:3 pbqpoffset:3.02 pbfactor:1.42 avgQpOffsetCutree:-1.37;
in:189 out:191 type:b q:18.46 q-aq:18.03 q-noVbv:18.46 q-Rceq:1.08 tex:19535 mv:2460 misc:1837 icu:1.00 pcu:888.25 scu:670.75 tlayer:4 pbqpoffset:5.99 pbfactor:2.00 avgQpOffsetCutree:0.00;
in:191 out:192 type:b q:18.52 q-aq:18.38 q-noVbv:18.52 q-Rceq:1.08 tex:1020 mv:1172 misc:1056 icu:4.00 pcu:458.25 scu:1097.75 tlayer:4 pbqpoffset:5.97 pbfactor:1.99 avgQpOffsetCutree:0.00;
in:208 out:193 type:k q:12.33 q-aq:7.53 q-noVbv:12.33 q-Rceq:1.08 tex:515012 mv:45029 misc:2743 icu:1165.00 pcu:391.25 scu:3.75 tlayer:0 pbqpoffset:-0.28 pbfactor:0.97 avgQpOffsetCutree:-5.24;
in:200 out:194 type:B q:13.69 q-aq:9.77 q-noVbv:13.69 q-Rceq:1.08 tex:242103 mv:32372 misc:3461 icu:573.00 pcu:916.25 scu:70.75 tlayer:1 pbqpoffset:1.22 pbfactor:1.15 avgQpOffsetCutree:-3.86;
in:196 out:195 type:B q:14.64 q-aq:11.78 q-noVbv:14.64 q-Rceq:1.08 tex:77630 mv:9218 misc:3920 icu:134.00 pcu:782.75 scu:643.25 tlayer:2 pbqpoffset:2.11 pbfactor:1.28 avgQpOffsetCutree:-2.77;
in:194 out:196 type:B q:15.05 q-aq:13.86 q-noVbv:15.05 q-Rceq:1.08 tex:37228 mv:6758 misc:3078 icu:34.50 pcu:921.75 scu:603.75 tlayer:3 pbqpoffset:2.48 pbfactor:1.33 avgQpOffsetCutree:-1.43;
in:193 out:197 type:b q:18.62 q-aq:18.97 q-noVbv:18.62 q-Rceq:1.08 tex:1598 mv:1185 misc:929 icu:8.00 pcu:438.50 scu:1113.50 tlayer:4 pbqpoffset:6.03 pbfactor:2.01 avgQpOffsetCutree:0.00;
in:195 out:198 type:b q:18.59 q-aq:18.60 q-noVbv:18.59 q-Rceq:1.08 tex:2656 mv:1278 misc:906 icu:20.00 pcu:491.00 scu:1049.00 tlayer:4 pbqpoffset:6.04 pbfactor:2.01 avgQpOffsetCutree:0.00;
in:198 out:199 type:B q:15.50 q-aq:14.36 q-noVbv:15.50 q-Rceq:1.08 tex:23017 mv:5262 misc:2641 icu:12.75 pcu:829.00 scu:718.25 tlayer:3 pbqpoffset:3.00 pbfactor:1.41 avgQpOffsetCutree:-1.35;
in:197 out:200 type:b q:18.54 q-aq:18.65 q-noVbv:18.54 q-Rceq:1.08 tex:1758 mv:1526 misc:932 icu:0.00 pcu:481.25 scu:1078.75 tlayer:4 pbqpoffset:6.03 pbfactor:2.01 avgQpOffsetCutree:0.00;
in:199 out:201 type:b q:17.80 q-aq:18.00 q-noVbv:17.80 q-Rceq:1.08 tex:1833 mv:1621 misc:1098 icu:14.00 pcu:501.75 scu:1044.25 tlayer:4 pbqpoffset:5.32 pbfactor:1.85 avgQpOffsetCutree:0.00;
in:204 out:202 type:B q:14.40 q-aq:11.53 q-noVbv:14.40 q-Rceq:1.08 tex:73619 mv:7411 misc:3634 icu:79.25 pcu:733.50 scu:747.25 tlayer:2 pbqpoffset:2.00 pbfactor:1.26 avgQpOffsetCutree:-2.60;
in:202 out:203 type:B q:14.92 q-aq:13.70 q-noVbv:14.92 q-Rceq:1.08 tex:53586 mv:7722 misc:3100 icu:40.75 pcu:985.00 scu:534.25 tlayer:3 pbqpoffset:2.48 pbfactor:1.33 avgQpOffsetCutree:-1.43;
in:201 out:204 type:b q:18.48 q-aq:18.00 q-noVbv:18.48 q-Rceq:1.08 tex:1094 mv:1429 misc:909 icu:4.00 pcu:481.75 scu:1074.25 tlayer:4 pbqpoffset:6.03 pbfactor:2.01 avgQpOffsetCutree:0.00;
in:203 out:205 type:b q:18.24 q-aq:18.00 q-noVbv:18.24 q-Rceq:1.08 tex:11356 mv:2338 misc:1714 icu:5.25 pcu:798.25 scu:756.50 tlayer:4 pbqpoffset:5.82 pbfactor:1.96 avgQpOffsetCutree:0.00;
in:206 out:206 type:B q:15.26 q-aq:13.96 q-noVbv:15.26 q-Rceq:1.08 tex:40567 mv:5579 misc:2702 icu:27.00 pcu:855.50 scu:677.50 tlayer:3 pbqpoffset:2.89 pbfactor:1.40 avgQpOffsetCutree:-1.42;
in:205 out:207 type:b q:18.42 q-aq:18.00 q-noVbv:18.42 q-Rceq:1.08 tex:341 mv:1264 misc:907 icu:8.00 pcu:372.25 scu:1179.75 tlayer:4 pbqpoffset:6.04 pbfactor:2.01 avgQpOffsetCutree:0.00;
in:207 out:208 type:b q:18.38 q-aq:18.02 q-noVbv:18.38 q-Rceq:1.08 tex:10175 mv:2305 misc:1808 icu:20.00 pcu:781.00 scu:759.00 tlayer:4 pbqpoffset:6.03 pbfactor:2.01 avgQpOffsetCutree:0.00;
in:224 out:209 type:k q:13.36 q-aq:8.53 q-noVbv:13.36 q-Rceq:1.08 tex:490442 mv:42600 misc:2630 icu:1525.00 pcu:35.00 scu:0.00 tlayer:0 pbqpoffset:-0.48 pbfactor:0.95 avgQpOffsetCutree:-5.39;
in:216 out:210 type:B q:14.10 q-aq:10.60 q-noVbv:14.10 q-Rceq:1.08 tex:267704 mv:26344 misc:2944 icu:786.25 pcu:723.00 scu:50.75 tlayer:1 pbqpoffset:1.26 pbfactor:1.16 avgQpOffsetCutree:-3.65;
in:212 out:211 type:B q:15.59 q-aq:12.85 q-noVbv:15.59 q-Rceq:1.08 tex:71126 mv:6986 misc:3352 icu:112.00 pcu:755.25 scu:692.75 tlayer:2 pbqpoffset:3.00 pbfactor:1.41 avgQpOffsetCutree:-2.65;
in:210 out:212 type:B q:15.58 q-aq:14.65 q-noVbv:15.58 q-Rceq:1.08 tex:13976 mv:3710 misc:1978 icu:19.25 pcu:551.50 scu:989.25 tlayer:3 pbqpoffset:3.12 pbfactor:1.43 avgQpOffsetCutree:-1.34;
in:209 out:213 type:b q:18.48 q-aq:18.09 q-noVbv:18.48 q-Rceq:1.08 tex:12374 mv:2287 misc:1955 icu:8.00 pcu:746.00 scu:806.00 tlayer:4 pbqpoffset:6.09 pbfactor:2.02 avgQpOffsetCutree:0.00;
in:211 out:214 type:b q:18.62 q-aq:18.78 q-noVbv:18.62 q-Rceq:1.08 tex:17344 mv:2339 misc:1965 icu:4.00 pcu:704.25 scu:851.75 tlayer:4 pbqpoffset:6.10 pbfactor:2.02 avgQpOffsetCutree:0.00;
in:214 out:215 type:B q:15.84 q-aq:14.84 q-noVbv:15.84 q-Rceq:1.08 tex:30963 mv:4727 misc:3070 icu:18.75 pcu:836.00 scu:705.25 tlayer:3 pbqpoffset:3.12 pbfactor:1.43 avgQpOffsetCutree:-1.37;
in:213 out:216 type:b q:18.74 q-aq:19.00 q-noVbv:18.74 q-Rceq:1.08 tex:10305 mv:2216 misc:1735 icu:0.00 pcu:693.50 scu:866.50 tlayer:4 pbqpoffset:6.08 pbfactor:2.02 avgQpOffsetCutree:0.00;
in:215 out:217 type:b q:18.88 q-aq:19.00 q-noVbv:18.88 q-Rceq:1.08 tex:7316 mv:1744 misc:1492 icu:8.00 pcu:629.50 scu:922.50 tlayer:4 pbqpoffset:6.10 pbfactor:2.02 avgQpOffsetCutree:0.00;
in:220 out:218 type:B q:15.57 q-aq:13.00 q-noVbv:15.57 q-Rceq:1.08 tex:85097 mv:7530 misc:4045 icu:218.75 pcu:889.25 scu:452.00 tlayer:2 pbqpoffset:2.47 pbfactor:1.33 avgQpOffsetCutree:-2.60;
in:218 out:219 type:B q:16.10 q-aq:15.15 q-noVbv:16.10 q-Rceq:1.08 tex:9364 mv:3646 misc:2190 icu:26.25 pcu:765.25 scu:768.50 tlayer:3 pbqpoffset:3.12 pbfactor:1.43 avgQpOffsetCutree:-1.32;
in:217 out:220 type:b q:19.00 q-aq:19.00 q-noVbv:19.00 q-Rceq:1.08 tex:9731 mv:1909 misc:2320 icu:0.00 pcu:650.50 scu:909.50 tlayer:4 pbqpoffset:6.09 pbfactor:2.02 avgQpOffsetCutree:0.00;
in:219 out:221 type:b q:19.13 q-aq:19.00 q-noVbv:19.13 q-Rceq:1.08 tex:5385 mv:2218 misc:1165 icu:4.00 pcu:520.50 scu:1035.50 tlayer:4 pbqpoffset:6.09 pbfactor:2.02 avgQpOffsetCutree:0.00;
in:222 out:222 type:B q:16.35 q-aq:15.46 q-noVbv:16.35 q-Rceq:1.08 tex:47708 mv:5862 misc:3254 icu:80.25 pcu:936.00 scu:543.75 tlayer:3 pbqpoffset:3.12 pbfactor:1.43 avgQpOffsetCutree:-1.32;
in:221 out:223 type:b q:19.25 q-aq:19.00 q-noVbv:19.25 q-Rceq:1.08 tex:11545 mv:2100 misc:1819 icu:8.25 pcu:746.75 scu:805.00 tlayer:4 pbqpoffset:6.09 pbfactor:2.02 avgQpOffsetCutree:0.00;
in:223 out:224 type:b q:19.36 q-aq:19.00 q-noVbv:19.36 q-Rceq:1.08 tex:502 mv:1269 misc:837 icu:6.00 pcu:532.00 scu:1022.00 tlayer:4 pbqpoffset:6.06 pbfactor:2.01 avgQpOffsetCutree:0.00;
in:240 out:225 type:k q:12.57 q-aq:8.00 q-noVbv:12.57 q-Rceq:1.08 tex:513242 mv:40408 misc:2622 icu:1144.25 pcu:410.00 scu:5.75 tlayer:0 pbqpoffset:-0.09 pbfactor:0.99 avgQpOffsetCutree:-5.05;
in:232 out:226 type:B q:14.28 q-aq:10.76 q-noVbv:14.28 q-Rceq:1.08 tex:208209 mv:27990 misc:3553 icu:586.00 pcu:905.00 scu:69.00 tlayer:1 pbqpoffset:1.32 pbfactor:1.16 avgQpOffsetCutree:-3.62;
in:228 out:227 type:B q:15.71 q-aq:12.92 q-noVbv:15.71 q-Rceq:1.08 tex:66278 mv:7236 misc:3550 icu:137.25 pcu:887.75 scu:535.00 tlayer:2 pbqpoffset:2.55 pbfactor:1.34 avgQpOffsetCutree:-2.63;
in:226 out:228 type:B q:15.83 q-aq:14.80 q-noVbv:15.83 q-Rceq:1.08 tex:24608 mv:4904 misc:2896 icu:21.75 pcu:846.00 scu:692.25 tlayer:3 pbqpoffset:2.57 pbfactor:1.35 avgQpOffsetCutree:-1.26;
in:225 out:229 type:b q:19.46 q-aq:19.03 q-noVbv:19.46 q-Rceq:1.08 tex:12681 mv:2417 misc:1726 icu:1.50 pcu:812.75 scu:745.75 tlayer:4 pbqpoffset:6.15 pbfactor:2.03 avgQpOffsetCutree:0.00;
in:227 out:230 type:b q:19.34 q-aq:19.00 q-noVbv:19.34 q-Rceq:1.08 tex:1134 mv:1547 misc:895 icu:0.00 pcu:555.75 scu:1004.25 tlayer:4 pbqpoffset:6.13 pbfactor:2.03 avgQpOffsetCutree:0.00;
in:230 out:231 type:B q:15.89 q-aq:14.93 q-noVbv:15.89 q-Rceq:1.08 tex:36964 mv:5276 misc:2752 icu:24.75 pcu:796.00 scu:739.25 tlayer:3 pbqpoffset:2.83 pbfactor:1.39 avgQpOffsetCutree:-1.28;
in:229 out:232 type:b q:19.25 q-aq:19.00 q-noVbv:19.25 q-Rceq:1.08 tex:5721 mv:1822 misc:1561 icu:4.25 pcu:625.75 scu:930.00 tlayer:4 pbqpoffset:6.13 pbfactor:2.03 avgQpOffsetCutree:0.00;
in:231 out:233 type:b q:18.97 q-aq:19.00 q-noVbv:18.97 q-Rceq:1.08 tex:7482 mv:1893 misc:1633 icu:8.00 pcu:665.25 scu:886.75 tlayer:4 pbqpoffset:5.95 pbfactor:1.99 avgQpOffsetCutree:0.00;
in:236 out:234 type:B q:14.84 q-aq:12.30 q-noVbv:14.84 q-Rceq:1.08 tex:93108 mv:11578 misc:3730 icu:313.75 pcu:1032.25 scu:214.00 tlayer:2 pbqpoffset:2.07 pbfactor:1.27 avgQpOffsetCutree:-2.55;
in:234 out:235 type:B q:15.88 q-aq:14.99 q-noVbv:15.88 q-Rceq:1.08 tex:35445 mv:4393 misc:2842 icu:20.25 pcu:751.75 scu:788.00 tlayer:3 pbqpoffset:3.01 pbfactor:1.42 avgQpOffsetCutree:-1.24;
in:233 out:236 type:b q:19.04 q-aq:19.00 q-noVbv:19.04 q-Rceq:1.08 tex:893 mv:1404 misc:863 icu:16.00 pcu:382.00 scu:1162.00 tlayer:4 pbqpoffset:6.13 pbfactor:2.03 avgQpOffsetCutree:0.00;
in:235 out:237 type:b q:18.94 q-aq:19.00 q-noVbv:18.94 q-Rceq:1.08 tex:943 mv:1582 misc:891 icu:12.00 pcu:402.00 scu:1146.00 tlayer:4 pbqpoffset:6.13 pbfactor:2.03 avgQpOffsetCutree:0.00;
in:238 out:238 type:B q:15.85 q-aq:14.92 q-noVbv:15.85 q-Rceq:1.08 tex:34502 mv:4372 misc:2766 icu:40.25 pcu:652.25 scu:867.50 tlayer:3 pbqpoffset:3.18 pbfactor:1.44 avgQpOffsetCutree:-1.29;
in:237 out:239 type:b q:18.82 q-aq:19.00 q-noVbv:18.82 q-Rceq:1.08 tex:167 mv:1183 misc:874 icu:28.00 pcu:324.00 scu:1208.00 tlayer:4 pbqpoffset:6.11 pbfactor:2.02 avgQpOffsetCutree:0.00;
in:239 out:240 type:b q:18.75 q-aq:19.00 q-noVbv:18.75 q-Rceq:1.08 tex:7919 mv:1912 misc:1489 icu:12.00 pcu:609.75 scu:938.25 tlayer:4 pbqpoffset:6.13 pbfactor:2.03 avgQpOffsetCutree:0.00;
in:256 out:241 type:k q:14.18 q-aq:9.85 q-noVbv:14.18 q-Rceq:1.08 tex:483173 mv:40630 misc:2717 icu:1534.00 pcu:26.00 scu:0.00 tlayer:0 pbqpoffset:-0.32 pbfactor:0.96 avgQpOffsetCutree:-5.16;
in:248 out:242 type:B q:14.81 q-aq:11.99 q-noVbv:14.81 q-Rceq:1.08 tex:252361 mv:26836 misc:3179 icu:856.75 pcu:679.00 scu:24.25 tlayer:1 pbqpoffset:1.44 pbfactor:1.18 avgQpOffsetCutree:-3.25;
in:244 out:243 type:B q:16.12 q-aq:13.82 q-noVbv:16.12 q-Rceq:1.08 tex:61274 mv:6953 misc:3485 icu:98.50 pcu:763.75 scu:697.75 tlayer:2 pbqpoffset:3.15 pbfactor:1.44 avgQpOffsetCutree:-2.39;
in:242 out:244 type:B q:16.02 q-aq:15.13 q-noVbv:16.02 q-Rceq:1.08 tex:37343 mv:5599 misc:3090 icu:68.50 pcu:824.25 scu:667.25 tlayer:3 pbqpoffset:3.25 pbfactor:1.46 avgQpOffsetCutree:-1.30;
in:241 out:245 type:b q:18.86 q-aq:19.00 q-noVbv:18.86 q-Rceq:1.08 tex:2233 mv:1656 misc:1015 icu:34.00 pcu:452.25 scu:1073.75 tlayer:4 pbqpoffset:6.19 pbfactor:2.04 avgQpOffsetCutree:0.00;
in:243 out:246 type:b q:19.05 q-aq:19.00 q-noVbv:19.05 q-Rceq:1.08 tex:257 mv:1414 misc:921 icu:20.00 pcu:392.25 scu:1147.75 tlayer:4 pbqpoffset:6.17 pbfactor:2.04 avgQpOffsetCutree:0.00;
in:246 out:247 type:B q:16.43 q-aq:15.65 q-noVbv:16.43 q-Rceq:1.08 tex:39371 mv:5792 misc:2949 icu:52.75 pcu:812.25 scu:695.00 tlayer:3 pbqpoffset:3.25 pbfactor:1.46 avgQpOffsetCutree:-1.19;
in:245 out:248 type:b q:19.27 q-aq:19.00 q-noVbv:19.27 q-Rceq:1.08 tex:7605 mv:1984 misc:1795 icu:5.00 pcu:743.50 scu:811.50 tlayer:4 pbqpoffset:6.20 pbfactor:2.05 avgQpOffsetCutree:0.00;
in:247 out:249 type:b q:19.49 q-aq:19.08 q-noVbv:19.49 q-Rceq:1.08 tex:9960 mv:2242 misc:1926 icu:20.25 pcu:742.75 scu:797.00 tlayer:4 pbqpoffset:6.21 pbfactor:2.05 avgQpOffsetCutree:0.00;
in:252 out:250 type:B q:16.18 q-aq:14.09 q-noVbv:16.18 q-Rceq:1.08 tex:108121 mv:7222 misc:3385 icu:188.00 pcu:775.50 scu:596.50 tlayer:2 pbqpoffset:2.40 pbfactor:1.32 avgQpOffsetCutree:-2.32;
in:250 out:251 type:B q:16.78 q-aq:16.05 q-noVbv:16.78 q-Rceq:1.08 tex:35867 mv:5602 misc:3035 icu:120.25 pcu:802.75 scu:637.00 tlayer:3 pbqpoffset:3.20 pbfactor:1.45 avgQpOffsetCutree:-1.26;
in:249 out:252 type:b q:19.69 q-aq:20.00 q-noVbv:19.69 q-Rceq:1.08 tex:340 mv:875 misc:801 icu:39.25 pcu:269.50 scu:1251.25 tlayer:4 pbqpoffset:6.21 pbfactor:2.05 avgQpOffsetCutree:0.00;
in:251 out:253 type:b q:19.92 q-aq:20.00 q-noVbv:19.92 q-Rceq:1.08 tex:17259 mv:2571 misc:1786 icu:29.00 pcu:645.25 scu:885.75 tlayer:4 pbqpoffset:6.24 pbfactor:2.06 avgQpOffsetCutree:0.00;
in:254 out:254 type:B q:17.23 q-aq:16.50 q-noVbv:17.23 q-Rceq:1.08 tex:25409 mv:3646 misc:3057 icu:80.50 pcu:879.50 scu:600.00 tlayer:3 pbqpoffset:3.25 pbfactor:1.46 avgQpOffsetCutree:-1.22;
in:253 out:255 type:b q:20.13 q-aq:20.00 q-noVbv:20.13 q-Rceq:1.08 tex:7920 mv:1877 misc:1723 icu:65.00 pcu:602.25 scu:892.75 tlayer:4 pbqpoffset:6.25 pbfactor:2.06 avgQpOffsetCutree:0.00;
in:255 out:256 type:b q:20.28 q-aq:20.02 q-noVbv:20.28 q-Rceq:1.08 tex:10691 mv:2041 misc:1804 icu:25.00 pcu:640.50 scu:894.50 tlayer:4 pbqpoffset:6.20 pbfactor:2.05 avgQpOffsetCutree:0.00;
in:272 out:257 type:k q:14.18 q-aq:10.03 q-noVbv:14.18 q-Rceq:1.08 tex:503121 mv:40702 misc:2561 icu:1214.50 pcu:345.50 scu:0.00 tlayer:0 pbqpoffset:0.08 pbfactor:1.01 avgQpOffsetCutree:-5.02;
in:264 out:258 type:B q:15.68 q-aq:12.50 q-noVbv:15.68 q-Rceq:1.08 tex:210087 mv:28212 misc:3149 icu:664.00 pcu:860.50 scu:35.50 tlayer:1 pbqpoffset:1.49 pbfactor:1.19 avgQpOffsetCutree:-3.53;
in:260 out:259 type:B q:16.75 q-aq:14.45 q-noVbv:16.75 q-Rceq:1.08 tex:62242 mv:6374 misc:3432 icu:140.00 pcu:713.50 scu:706.50 tlayer:2 pbqpoffset:2.56 pbfactor:1.34 avgQpOffsetCutree:-2.46;
in:258 out:260 type:B q:17.54 q-aq:16.65 q-noVbv:17.54 q-Rceq:1.08 tex:31041 mv:5203 misc:2892 icu:49.00 pcu:681.75 scu:829.25 tlayer:3 pbqpoffset:3.36 pbfactor:1.47 avgQpOffsetCutree:-1.26;
in:257 out:261 type:b q:20.52 q-aq:20.70 q-noVbv:20.52 q-Rceq:1.08 tex:7502 mv:1617 misc:1473 icu:12.00 pcu:620.25 scu:927.75 tlayer:4 pbqpoffset:6.33 pbfactor:2.08 avgQpOffsetCutree:0.00;
in:259 out:262 type:b q:20.49 q-aq:20.14 q-noVbv:20.49 q-Rceq:1.08 tex:1067 mv:1408 misc:949 icu:8.00 pcu:424.25 scu:1127.75 tlayer:4 pbqpoffset:6.31 pbfactor:2.07 avgQpOffsetCutree:0.00;
in:262 out:263 type:B q:17.54 q-aq:16.80 q-noVbv:17.54 q-Rceq:1.08 tex:41261 mv:5282 misc:2697 icu:40.25 pcu:679.50 scu:840.25 tlayer:3 pbqpoffset:3.36 pbfactor:1.47 avgQpOffsetCutree:-1.20;
in:261 out:264 type:b q:20.50 q-aq:20.22 q-noVbv:20.50 q-Rceq:1.08 tex:885 mv:1638 misc:949 icu:16.00 pcu:501.00 scu:1043.00 tlayer:4 pbqpoffset:6.32 pbfactor:2.07 avgQpOffsetCutree:0.00;
in:263 out:265 type:b q:19.95 q-aq:20.00 q-noVbv:19.95 q-Rceq:1.08 tex:1613 mv:1534 misc:997 icu:1.00 pcu:559.00 scu:1000.00 tlayer:4 pbqpoffset:5.77 pbfactor:1.95 avgQpOffsetCutree:0.00;
in:268 out:266 type:B q:16.76 q-aq:14.59 q-noVbv:16.76 q-Rceq:1.08 tex:75769 mv:9852 misc:3323 icu:250.50 pcu:1116.50 scu:193.00 tlayer:2 pbqpoffset:2.58 pbfactor:1.35 avgQpOffsetCutree:-2.45;
in:266 out:267 type:B q:17.54 q-aq:16.77 q-noVbv:17.54 q-Rceq:1.08 tex:20653 mv:4323 misc:2384 icu:54.75 pcu:813.75 scu:691.50 tlayer:3 pbqpoffset:3.36 pbfactor:1.47 avgQpOffsetCutree:-1.20;
in:265 out:268 type:b q:19.22 q-aq:19.03 q-noVbv:19.22 q-Rceq:1.08 tex:9331 mv:2868 misc:1369 icu:16.50 pcu:744.50 scu:799.00 tlayer:4 pbqpoffset:5.04 pbfactor:1.79 avgQpOffsetCutree:0.00;
in:267 out:269 type:b q:20.44 q-aq:20.01 q-noVbv:20.44 q-Rceq:1.08 tex:2613 mv:1519 misc:1052 icu:36.00 pcu:529.75 scu:994.25 tlayer:4 pbqpoffset:6.26 pbfactor:2.06 avgQpOffsetCutree:0.00;
in:270 out:270 type:B q:17.54 q-aq:16.74 q-noVbv:17.54 q-Rceq:1.08 tex:29914 mv:4703 misc:2735 icu:63.50 pcu:652.00 scu:844.50 tlayer:3 pbqpoffset:3.36 pbfactor:1.47 avgQpOffsetCutree:-1.26;
in:269 out:271 type:b q:19.68 q-aq:20.00 q-noVbv:19.68 q-Rceq:1.08 tex:14238 mv:2688 misc:2106 icu:17.00 pcu:717.75 scu:825.25 tlayer:4 pbqpoffset:5.50 pbfactor:1.89 avgQpOffsetCutree:0.00;
in:271 out:272 type:b q:19.24 q-aq:19.00 q-noVbv:19.24 q-Rceq:1.08 tex:2202 mv:1753 misc:933 icu:20.00 pcu:587.25 scu:952.75 tlayer:4 pbqpoffset:5.06 pbfactor:1.79 avgQpOffsetCutree:0.00;
in:288 out:273 type:k q:14.57 q-aq:10.62 q-noVbv:14.57 q-Rceq:1.08 tex:504474 mv:43001 misc:2397 icu:1519.75 pcu:40.25 scu:0.00 tlayer:0 pbqpoffset:-0.14 pbfactor:0.98 avgQpOffsetCutree:-4.84;
in:280 out:274 type:B q:15.95 q-aq:13.18 q-noVbv:15.95 q-Rceq:1.08 tex:240582 mv:23973 misc:3085 icu:836.75 pcu:695.50 scu:27.75 tlayer:1 pbqpoffset:1.58 pbfactor:1.20 avgQpOffsetCutree:-3.35;
in:276 out:275 type:B q:17.72 q-aq:15.45 q-noVbv:17.72 q-Rceq:1.08 tex:64684 mv:7108 misc:3344 icu:209.50 pcu:1029.75 scu:320.75 tlayer:2 pbqpoffset:3.44 pbfactor:1.49 avgQpOffsetCutree:-2.46;
in:274 out:276 type:B q:17.67 q-aq:16.93 q-noVbv:17.67 q-Rceq:1.08 tex:21185 mv:3557 misc:2394 icu:35.75 pcu:628.00 scu:896.25 tlayer:3 pbqpoffset:3.44 pbfactor:1.49 avgQpOffsetCutree:-1.25;
in:273 out:277 type:b q:20.57 q-aq:20.98 q-noVbv:20.57 q-Rceq:1.08 tex:1784 mv:1522 misc:910 icu:40.00 pcu:372.25 scu:1147.75 tlayer:4 pbqpoffset:6.37 pbfactor:2.09 avgQpOffsetCutree:0.00;
in:275 out:278 type:b q:20.59 q-aq:21.00 q-noVbv:20.59 q-Rceq:1.08 tex:210 mv:1012 misc:770 icu:16.00 pcu:368.00 scu:1176.00 tlayer:4 pbqpoffset:6.34 pbfactor:2.08 avgQpOffsetCutree:0.00;
in:278 out:279 type:B q:17.77 q-aq:16.97 q-noVbv:17.77 q-Rceq:1.08 tex:16848 mv:2612 misc:2332 icu:40.25 pcu:517.00 scu:1002.75 tlayer:3 pbqpoffset:3.44 pbfactor:1.49 avgQpOffsetCutree:-1.26;
in:277 out:280 type:b q:20.70 q-aq:21.00 q-noVbv:20.70 q-Rceq:1.08 tex:7126 mv:2304 misc:1562 icu:17.00 pcu:668.25 scu:874.75 tlayer:4 pbqpoffset:6.40 pbfactor:2.09 avgQpOffsetCutree:0.00;
in:279 out:281 type:b q:20.69 q-aq:21.00 q-noVbv:20.69 q-Rceq:1.08 tex:169 mv:997 misc:794 icu:12.00 pcu:321.00 scu:1227.00 tlayer:4 pbqpoffset:6.34 pbfactor:2.08 avgQpOffsetCutree:0.00;
in:284 out:282 type:B q:17.19 q-aq:15.18 q-noVbv:17.19 q-Rceq:1.08 tex:107374 mv:7051 misc:3375 icu:206.75 pcu:1203.50 scu:149.75 tlayer:2 pbqpoffset:2.72 pbfactor:1.37 avgQpOffsetCutree:-2.40;
in:282 out:283 type:B q:17.86 q-aq:17.11 q-noVbv:17.86 q-Rceq:1.08 tex:22364 mv:3560 misc:2388 icu:112.75 pcu:782.25 scu:665.00 tlayer:3 pbqpoffset:3.44 pbfactor:1.49 avgQpOffsetCutree:-1.27;
in:281 out:284 type:b q:20.78 q-aq:21.00 q-noVbv:20.78 q-Rceq:1.08 tex:4994 mv:2271 misc:1207 icu:46.00 pcu:651.75 scu:862.25 tlayer:4 pbqpoffset:6.38 pbfactor:2.09 avgQpOffsetCutree:0.00;
in:283 out:285 type:b q:20.89 q-aq:21.00 q-noVbv:20.89 q-Rceq:1.08 tex:2756 mv:952 misc:708 icu:16.00 pcu:530.00 scu:1014.00 tlayer:4 pbqpoffset:6.44 pbfactor:2.11 avgQpOffsetCutree:0.00;
in:286 out:286 type:B q:17.96 q-aq:17.32 q-noVbv:17.96 q-Rceq:1.08 tex:35761 mv:4083 misc:3012 icu:45.75 pcu:801.75 scu:712.50 tlayer:3 pbqpoffset:3.44 pbfactor:1.49 avgQpOffsetCutree:-1.26;
in:285 out:287 type:b q:20.86 q-aq:21.00 q-noVbv:20.86 q-Rceq:1.08 tex:4092 mv:1273 misc:979 icu:20.00 pcu:432.00 scu:1108.00 tlayer:4 pbqpoffset:6.37 pbfactor:2.09 avgQpOffsetCutree:0.00;
in:287 out:288 type:b q:20.91 q-aq:21.00 q-noVbv:20.91 q-Rceq:1.08 tex:864 mv:745 misc:759 icu:16.00 pcu:338.00 scu:1206.00 tlayer:4 pbqpoffset:6.37 pbfactor:2.09 avgQpOffsetCutree:0.00;
in:299 out:289 type:k q:13.47 q-aq:11.36 q-noVbv:13.47 q-Rceq:1.08 tex:333315 mv:28046 misc:3127 icu:753.75 pcu:777.75 scu:28.50 tlayer:0 pbqpoffset:0.18 pbfactor:1.02 avgQpOffsetCutree:-2.77;
in:294 out:290 type:B q:15.40 q-aq:12.69 q-noVbv:15.40 q-Rceq:1.08 tex:178452 mv:17957 misc:3879 icu:291.75 pcu:1081.25 scu:187.00 tlayer:1 pbqpoffset:1.44 pbfactor:1.18 avgQpOffsetCutree:-2.95;
in:291 out:291 type:B q:15.97 q-aq:14.16 q-noVbv:15.97 q-Rceq:1.08 tex:85414 mv:9759 misc:3867 icu:191.50 pcu:846.25 scu:522.25 tlayer:2 pbqpoffset:1.70 pbfactor:1.22 avgQpOffsetCutree:-1.96;
in:290 out:292 type:B q:16.61 q-aq:16.59 q-noVbv:16.61 q-Rceq:1.08 tex:42054 mv:7500 misc:3318 icu:33.25 pcu:811.00 scu:715.75 tlayer:3 pbqpoffset:2.24 pbfactor:1.30 avgQpOffsetCutree:-0.71;
in:289 out:293 type:b q:20.30 q-aq:20.00 q-noVbv:20.30 q-Rceq:1.08 tex:349 mv:1421 misc:782 icu:8.00 pcu:456.25 scu:1095.75 tlayer:4 pbqpoffset:5.83 pbfactor:1.96 avgQpOffsetCutree:0.00;
in:293 out:294 type:B q:17.01 q-aq:17.16 q-noVbv:17.01 q-Rceq:1.08 tex:33173 mv:6397 misc:3038 icu:28.50 pcu:708.75 scu:822.75 tlayer:3 pbqpoffset:2.94 pbfactor:1.41 avgQpOffsetCutree:-0.65;
in:292 out:295 type:b q:18.52 q-aq:18.20 q-noVbv:18.52 q-Rceq:1.08 tex:27403 mv:6749 misc:3008 icu:20.25 pcu:706.00 scu:833.75 tlayer:4 pbqpoffset:4.35 pbfactor:1.65 avgQpOffsetCutree:0.00;
in:297 out:296 type:B q:16.02 q-aq:14.95 q-noVbv:16.02 q-Rceq:1.08 tex:71387 mv:11651 misc:3586 icu:122.25 pcu:1035.00 scu:402.75 tlayer:2 pbqpoffset:2.36 pbfactor:1.31 avgQpOffsetCutree:-1.50;
in:296 out:297 type:B q:16.34 q-aq:16.32 q-noVbv:16.34 q-Rceq:1.08 tex:47582 mv:11642 misc:3600 icu:53.25 pcu:921.25 scu:585.50 tlayer:3 pbqpoffset:2.57 pbfactor:1.35 avgQpOffsetCutree:-0.71;
in:295 out:298 type:b q:19.64 q-aq:20.00 q-noVbv:19.64 q-Rceq:1.08 tex:163 mv:1228 misc:841 icu:13.00 pcu:371.25 scu:1175.75 tlayer:4 pbqpoffset:5.77 pbfactor:1.95 avgQpOffsetCutree:0.00;
in:298 out:299 type:b q:18.98 q-aq:19.00 q-noVbv:18.98 q-Rceq:1.08 tex:8919 mv:3291 misc:1766 icu:24.00 pcu:724.75 scu:811.25 tlayer:3 pbqpoffset:5.41 pbfactor:1.87 avgQpOffsetCutree:0.00;
