#options: cpuid=1173503 frame-threads=1 no-wpp no-pmode no-pme psnr no-ssim log-level=2 bitdepth=8 input-csp=1 fps=30000/1000 input-res=832x480 interlace=0 total-frames=300 level-idc=0 high-tier=1 uhd-bd=0 ref=4 no-allow-non-conformance no-repeat-headers annexb no-aud no-hrd info hash=0 no-temporal-layers open-gop min-keyint=1 keyint=5000 bframes=15 b-adapt=2 b-pyramid bframe-bias=0 rc-lookahead=40 lookahead-slices=0 scenecut=40 no-intra-refresh ctu=64 min-cu-size=8 rect amp max-tu-size=32 tu-inter-depth=3 tu-intra-depth=3 limit-tu=4 rdoq-level=2 dynamic-rd=0.00 no-ssim-rd signhide no-tskip nr-intra=0 nr-inter=0 no-constrained-intra strong-intra-smoothing max-merge=4 limit-refs=1 limit-modes me=3 subme=4 merange=57 temporal-mvp weightp weightb no-analyze-src-pics deblock=0:0 sao no-sao-non-deblock rd=6 no-early-skip rskip no-fast-intra no-tskip-fast no-cu-lossless b-intra rdpenalty=0 psy-rd=0.00 psy-rdoq=0.00 no-rd-refine analysis-reuse-mode=0 no-lossless cbqpoffs=0 crqpoffs=0 rc=abr bitrate=2000 qcomp=0.60 qpstep=4 stats-write=1 stats-read=0 slow-firstpass ipratio=1.40 pbratio=1.30 aq-mode=1 aq-strength=0.00 cutree zone-count=0 no-strict-cbr qg-size=64 no-rc-grain qpmax=69 qpmin=0 no-const-vbv sar=0 overscan=0 videoformat=5 range=0 colorprim=2 transfer=2 colormatrix=2 chromaloc=0 display-window=0 max-cll=0,0 min-luma=0 max-luma=255 log2-max-poc-lsb=8 vui-timing-info vui-hrd-info slices=1 opt-qp-pps opt-ref-list-length-pps no-multi-pass-opt-rps scenecut-bias=0.05 no-opt-cu-delta-qp no-aq-motion no-hdr no-hdr-opt no-dhdr10-opt analysis-reuse-level=5 scale-factor=0 refine-intra=0 refine-inter=0 refine-mv=0 no-limit-sao ctu-info=0 max-tlayer=4
in:0 out:0 type:I q:18.49 q-aq:19.51 q-noVbv:18.49 q-Rceq:1.08 tex:71109 mv:7973 misc:1734 icu:1560.00 pcu:0.00 scu:0.00 tlayer:0 pbqpoffset:0.00 pbfactor:1.00 avgQpOffsetCutree:-0.38;
in:1 out:1 type:k q:21.40 q-aq:21.06 q-noVbv:21.40 q-Rceq:1.08 tex:89993 mv:7664 misc:1735 icu:1328.25 pcu:231.75 scu:0.00 tlayer:0 pbqpoffset:0.00 pbfactor:1.00 avgQpOffsetCutree:-1.57;
in:5 out:2 type:k q:18.75 q-aq:15.81 q-noVbv:18.75 q-Rceq:1.08 tex:192328 mv:16521 misc:2751 icu:1501.75 pcu:58.25 scu:0.00 tlayer:0 pbqpoffset:0.00 pbfactor:1.00 avgQpOffsetCutree:-3.54;
in:3 out:3 type:B q:21.55 q-aq:21.38 q-noVbv:21.55 q-Rceq:1.08 tex:50848 mv:7430 misc:2130 icu:441.25 pcu:918.25 scu:200.50 tlayer:1 pbqpoffset:1.48 pbfactor:1.19 avgQpOffsetCutree:-1.01;
in:2 out:4 type:b q:23.35 q-aq:23.18 q-noVbv:23.35 q-Rceq:1.08 tex:20341 mv:4239 misc:1764 icu:121.75 pcu:784.50 scu:653.75 tlayer:2 pbqpoffset:2.61 pbfactor:1.35 avgQpOffsetCutree:0.00;
in:4 out:5 type:b q:22.61 q-aq:23.13 q-noVbv:22.61 q-Rceq:1.08 tex:22617 mv:5249 misc:1598 icu:247.75 pcu:686.00 scu:626.25 tlayer:2 pbqpoffset:3.19 pbfactor:1.45 avgQpOffsetCutree:0.00;
in:10 out:6 type:k q:20.24 q-aq:16.98 q-noVbv:20.24 q-Rceq:1.08 tex:161678 mv:19613 misc:3069 icu:1213.75 pcu:304.75 scu:41.50 tlayer:0 pbqpoffset:0.00 pbfactor:1.00 avgQpOffsetCutree:-3.65;
in:8 out:7 type:B q:21.03 q-aq:20.30 q-noVbv:21.03 q-Rceq:1.08 tex:82653 mv:13292 misc:2895 icu:524.75 pcu:792.50 scu:242.75 tlayer:1 pbqpoffset:1.39 pbfactor:1.17 avgQpOffsetCutree:-1.66;
in:7 out:8 type:B q:21.01 q-aq:21.17 q-noVbv:21.01 q-Rceq:1.08 tex:26243 mv:6253 misc:2240 icu:113.75 pcu:835.50 scu:610.75 tlayer:2 pbqpoffset:1.67 pbfactor:1.21 avgQpOffsetCutree:-0.85;
in:6 out:9 type:b q:22.04 q-aq:22.17 q-noVbv:22.04 q-Rceq:1.08 tex:13260 mv:4891 misc:1553 icu:51.75 pcu:791.75 scu:716.50 tlayer:3 pbqpoffset:2.99 pbfactor:1.41 avgQpOffsetCutree:0.00;
in:9 out:10 type:b q:22.71 q-aq:23.01 q-noVbv:22.71 q-Rceq:1.08 tex:6012 mv:2191 misc:1189 icu:16.75 pcu:400.50 scu:1142.75 tlayer:2 pbqpoffset:2.77 pbfactor:1.38 avgQpOffsetCutree:0.00;
in:14 out:11 type:k q:20.59 q-aq:17.63 q-noVbv:20.59 q-Rceq:1.08 tex:133367 mv:17907 misc:3286 icu:962.75 pcu:480.50 scu:116.75 tlayer:0 pbqpoffset:0.00 pbfactor:1.00 avgQpOffsetCutree:-3.61;
in:12 out:12 type:B q:21.94 q-aq:21.48 q-noVbv:21.94 q-Rceq:1.08 tex:29758 mv:8284 misc:2342 icu:188.75 pcu:627.75 scu:743.50 tlayer:1 pbqpoffset:1.53 pbfactor:1.19 avgQpOffsetCutree:-1.31;
in:11 out:13 type:b q:22.93 q-aq:23.05 q-noVbv:22.93 q-Rceq:1.08 tex:8264 mv:2693 misc:1443 icu:41.00 pcu:483.00 scu:1036.00 tlayer:2 pbqpoffset:2.60 pbfactor:1.35 avgQpOffsetCutree:0.00;
in:13 out:14 type:b q:23.13 q-aq:23.15 q-noVbv:23.13 q-Rceq:1.08 tex:10474 mv:3472 misc:1534 icu:25.00 pcu:588.50 scu:946.50 tlayer:2 pbqpoffset:2.63 pbfactor:1.35 avgQpOffsetCutree:0.00;
in:21 out:15 type:k q:20.18 q-aq:19.75 q-noVbv:20.18 q-Rceq:1.08 tex:87875 mv:13795 misc:2274 icu:1444.75 pcu:95.75 scu:19.50 tlayer:0 pbqpoffset:0.00 pbfactor:1.00 avgQpOffsetCutree:-1.29;
in:18 out:16 type:B q:21.80 q-aq:20.16 q-noVbv:21.80 q-Rceq:1.08 tex:91467 mv:15296 misc:2949 icu:775.00 pcu:603.75 scu:181.25 tlayer:1 pbqpoffset:1.44 pbfactor:1.18 avgQpOffsetCutree:-2.44;
in:16 out:17 type:B q:21.91 q-aq:21.81 q-noVbv:21.91 q-Rceq:1.08 tex:52283 mv:13255 misc:2886 icu:463.00 pcu:709.25 scu:387.75 tlayer:2 pbqpoffset:1.44 pbfactor:1.18 avgQpOffsetCutree:-1.10;
in:15 out:18 type:b q:23.11 q-aq:23.17 q-noVbv:23.11 q-Rceq:1.08 tex:11069 mv:3415 misc:1508 icu:28.75 pcu:560.25 scu:971.00 tlayer:3 pbqpoffset:2.58 pbfactor:1.35 avgQpOffsetCutree:0.00;
in:17 out:19 type:b q:22.99 q-aq:23.05 q-noVbv:22.99 q-Rceq:1.08 tex:12898 mv:4265 misc:1789 icu:17.00 pcu:616.50 scu:926.50 tlayer:3 pbqpoffset:2.58 pbfactor:1.35 avgQpOffsetCutree:0.00;
in:20 out:20 type:B q:21.68 q-aq:22.48 q-noVbv:21.68 q-Rceq:1.08 tex:47536 mv:11926 misc:3266 icu:310.25 pcu:786.00 scu:463.75 tlayer:2 pbqpoffset:1.44 pbfactor:1.18 avgQpOffsetCutree:-0.50;
in:19 out:21 type:b q:22.87 q-aq:23.02 q-noVbv:22.87 q-Rceq:1.08 tex:9074 mv:3903 misc:1431 icu:23.50 pcu:646.00 scu:890.50 tlayer:3 pbqpoffset:2.58 pbfactor:1.35 avgQpOffsetCutree:0.00;
in:22 out:22 type:k q:23.83 q-aq:23.78 q-noVbv:23.83 q-Rceq:1.08 tex:64912 mv:8562 misc:1910 icu:1180.00 pcu:380.00 scu:0.00 tlayer:0 pbqpoffset:0.00 pbfactor:1.00 avgQpOffsetCutree:-1.25;
in:23 out:23 type:k q:22.59 q-aq:22.14 q-noVbv:22.59 q-Rceq:1.08 tex:71106 mv:12237 misc:2577 icu:635.50 pcu:782.25 scu:142.25 tlayer:0 pbqpoffset:0.00 pbfactor:1.00 avgQpOffsetCutree:-1.05;
in:24 out:24 type:k q:20.29 q-aq:20.40 q-noVbv:20.29 q-Rceq:1.08 tex:64919 mv:9267 misc:2374 icu:961.50 pcu:525.00 scu:73.50 tlayer:0 pbqpoffset:0.00 pbfactor:1.00 avgQpOffsetCutree:-0.58;
in:25 out:25 type:k q:22.07 q-aq:21.82 q-noVbv:22.07 q-Rceq:1.08 tex:52017 mv:11012 misc:2539 icu:703.50 pcu:507.50 scu:349.00 tlayer:0 pbqpoffset:0.00 pbfactor:1.00 avgQpOffsetCutree:-0.80;
in:26 out:26 type:k q:26.01 q-aq:26.30 q-noVbv:26.01 q-Rceq:1.08 tex:43839 mv:9243 misc:2246 icu:855.75 pcu:518.75 scu:185.50 tlayer:0 pbqpoffset:0.00 pbfactor:1.00 avgQpOffsetCutree:-0.52;
in:27 out:27 type:k q:22.01 q-aq:22.35 q-noVbv:22.01 q-Rceq:1.08 tex:52928 mv:10418 misc:2206 icu:830.75 pcu:422.50 scu:306.75 tlayer:0 pbqpoffset:0.00 pbfactor:1.00 avgQpOffsetCutree:-0.39;
in:28 out:28 type:k q:25.37 q-aq:25.75 q-noVbv:25.37 q-Rceq:1.08 tex:49076 mv:9639 misc:2109 icu:973.75 pcu:527.75 scu:58.50 tlayer:0 pbqpoffset:0.00 pbfactor:1.00 avgQpOffsetCutree:-0.67;
in:29 out:29 type:k q:23.98 q-aq:23.04 q-noVbv:23.98 q-Rceq:1.08 tex:59436 mv:12234 misc:3058 icu:754.50 pcu:548.75 scu:256.75 tlayer:0 pbqpoffset:0.00 pbfactor:1.00 avgQpOffsetCutree:-1.29;
in:33 out:30 type:k q:22.23 q-aq:20.00 q-noVbv:22.23 q-Rceq:1.08 tex:151185 mv:23431 misc:2952 icu:1364.25 pcu:187.50 scu:8.25 tlayer:0 pbqpoffset:0.00 pbfactor:1.00 avgQpOffsetCutree:-2.72;
in:31 out:31 type:B q:24.67 q-aq:24.19 q-noVbv:24.67 q-Rceq:1.08 tex:54642 mv:12822 misc:2784 icu:490.50 pcu:747.75 scu:321.75 tlayer:1 pbqpoffset:1.57 pbfactor:1.20 avgQpOffsetCutree:-1.26;
in:30 out:32 type:b q:26.47 q-aq:26.71 q-noVbv:26.47 q-Rceq:1.08 tex:15018 mv:7246 misc:2080 icu:113.75 pcu:816.00 scu:630.25 tlayer:2 pbqpoffset:2.93 pbfactor:1.40 avgQpOffsetCutree:0.00;
in:32 out:33 type:b q:25.38 q-aq:25.48 q-noVbv:25.38 q-Rceq:1.08 tex:31578 mv:10852 misc:2954 icu:374.25 pcu:582.25 scu:603.50 tlayer:2 pbqpoffset:2.70 pbfactor:1.37 avgQpOffsetCutree:0.00;
in:38 out:34 type:k q:22.22 q-aq:20.34 q-noVbv:22.22 q-Rceq:1.08 tex:129187 mv:16505 misc:2532 icu:1447.00 pcu:105.50 scu:7.50 tlayer:0 pbqpoffset:0.00 pbfactor:1.00 avgQpOffsetCutree:-2.40;
in:36 out:35 type:B q:23.91 q-aq:22.94 q-noVbv:23.91 q-Rceq:1.08 tex:76293 mv:13679 misc:2852 icu:1036.00 pcu:405.50 scu:118.50 tlayer:1 pbqpoffset:1.69 pbfactor:1.22 avgQpOffsetCutree:-1.64;
in:35 out:36 type:B q:23.92 q-aq:23.80 q-noVbv:23.92 q-Rceq:1.08 tex:43905 mv:11771 misc:3244 icu:318.50 pcu:760.75 scu:480.75 tlayer:2 pbqpoffset:1.69 pbfactor:1.22 avgQpOffsetCutree:-0.82;
in:34 out:37 type:b q:25.05 q-aq:25.23 q-noVbv:25.05 q-Rceq:1.08 tex:22934 mv:10508 misc:2582 icu:135.00 pcu:777.25 scu:647.75 tlayer:3 pbqpoffset:2.82 pbfactor:1.39 avgQpOffsetCutree:0.00;
in:37 out:38 type:b q:25.05 q-aq:25.14 q-noVbv:25.05 q-Rceq:1.08 tex:15879 mv:5719 misc:2178 icu:87.50 pcu:676.00 scu:796.50 tlayer:2 pbqpoffset:2.82 pbfactor:1.39 avgQpOffsetCutree:0.00;
in:41 out:39 type:k q:22.20 q-aq:21.31 q-noVbv:22.20 q-Rceq:1.08 tex:122591 mv:18178 misc:2711 icu:1237.25 pcu:291.00 scu:31.75 tlayer:0 pbqpoffset:0.00 pbfactor:1.00 avgQpOffsetCutree:-1.47;
in:40 out:40 type:B q:23.81 q-aq:23.98 q-noVbv:23.81 q-Rceq:1.08 tex:43482 mv:9005 misc:2713 icu:392.00 pcu:752.00 scu:416.00 tlayer:1 pbqpoffset:1.60 pbfactor:1.20 avgQpOffsetCutree:-0.67;
in:39 out:41 type:b q:25.01 q-aq:25.06 q-noVbv:25.01 q-Rceq:1.08 tex:7862 mv:3093 misc:1501 icu:29.75 pcu:664.00 scu:866.25 tlayer:2 pbqpoffset:2.79 pbfactor:1.38 avgQpOffsetCutree:0.00;
in:42 out:42 type:k q:21.47 q-aq:21.93 q-noVbv:21.47 q-Rceq:1.08 tex:46934 mv:10835 misc:2559 icu:873.75 pcu:486.50 scu:199.75 tlayer:0 pbqpoffset:0.00 pbfactor:1.00 avgQpOffsetCutree:-0.43;
in:43 out:43 type:k q:24.07 q-aq:23.28 q-noVbv:24.07 q-Rceq:1.08 tex:56286 mv:6380 misc:1918 icu:1216.25 pcu:343.75 scu:0.00 tlayer:0 pbqpoffset:0.00 pbfactor:1.00 avgQpOffsetCutree:-1.49;
in:47 out:44 type:k q:22.11 q-aq:19.40 q-noVbv:22.11 q-Rceq:1.08 tex:128514 mv:17465 misc:2973 icu:1335.75 pcu:202.25 scu:22.00 tlayer:0 pbqpoffset:0.00 pbfactor:1.00 avgQpOffsetCutree:-2.74;
in:45 out:45 type:B q:24.59 q-aq:23.95 q-noVbv:24.59 q-Rceq:1.08 tex:56678 mv:11026 misc:2872 icu:757.00 pcu:479.75 scu:323.25 tlayer:1 pbqpoffset:1.50 pbfactor:1.19 avgQpOffsetCutree:-1.26;
in:44 out:46 type:b q:26.22 q-aq:26.37 q-noVbv:26.22 q-Rceq:1.08 tex:20159 mv:7703 misc:2234 icu:235.75 pcu:700.75 scu:623.50 tlayer:2 pbqpoffset:2.63 pbfactor:1.36 avgQpOffsetCutree:0.00;
in:46 out:47 type:b q:25.23 q-aq:25.19 q-noVbv:25.23 q-Rceq:1.08 tex:20237 mv:7297 misc:2122 icu:95.00 pcu:660.25 scu:804.75 tlayer:2 pbqpoffset:2.63 pbfactor:1.36 avgQpOffsetCutree:0.00;
in:50 out:48 type:k q:21.11 q-aq:19.33 q-noVbv:21.11 q-Rceq:1.08 tex:106829 mv:14135 misc:2660 icu:1011.00 pcu:356.25 scu:192.75 tlayer:0 pbqpoffset:0.00 pbfactor:1.00 avgQpOffsetCutree:-1.93;
in:49 out:49 type:B q:22.91 q-aq:22.85 q-noVbv:22.91 q-Rceq:1.08 tex:27773 mv:8126 misc:2445 icu:236.00 pcu:558.25 scu:765.75 tlayer:1 pbqpoffset:1.47 pbfactor:1.19 avgQpOffsetCutree:-0.71;
in:48 out:50 type:b q:24.38 q-aq:24.51 q-noVbv:24.38 q-Rceq:1.08 tex:25009 mv:7920 misc:2495 icu:314.50 pcu:500.25 scu:745.25 tlayer:2 pbqpoffset:2.61 pbfactor:1.35 avgQpOffsetCutree:0.00;
in:52 out:51 type:k q:20.91 q-aq:19.59 q-noVbv:20.91 q-Rceq:1.08 tex:88697 mv:10281 misc:2310 icu:1231.50 pcu:226.00 scu:102.50 tlayer:0 pbqpoffset:0.00 pbfactor:1.00 avgQpOffsetCutree:-1.62;
in:51 out:52 type:b q:23.53 q-aq:23.67 q-noVbv:23.53 q-Rceq:1.08 tex:13201 mv:4111 misc:1720 icu:109.00 pcu:551.00 scu:900.00 tlayer:2 pbqpoffset:2.52 pbfactor:1.34 avgQpOffsetCutree:0.00;
in:56 out:53 type:k q:20.66 q-aq:18.07 q-noVbv:20.66 q-Rceq:1.08 tex:95045 mv:10005 misc:2094 icu:1445.75 pcu:113.75 scu:0.50 tlayer:0 pbqpoffset:0.00 pbfactor:1.00 avgQpOffsetCutree:-2.80;
in:54 out:54 type:B q:22.20 q-aq:21.37 q-noVbv:22.20 q-Rceq:1.08 tex:26854 mv:4889 misc:1809 icu:406.75 pcu:526.50 scu:626.75 tlayer:1 pbqpoffset:1.42 pbfactor:1.18 avgQpOffsetCutree:-1.23;
in:53 out:55 type:b q:23.40 q-aq:23.30 q-noVbv:23.40 q-Rceq:1.08 tex:8442 mv:2724 misc:1378 icu:94.25 pcu:588.75 scu:877.00 tlayer:2 pbqpoffset:2.55 pbfactor:1.34 avgQpOffsetCutree:0.00;
in:55 out:56 type:b q:24.45 q-aq:24.07 q-noVbv:24.45 q-Rceq:1.08 tex:3866 mv:1531 misc:979 icu:19.75 pcu:419.75 scu:1120.50 tlayer:2 pbqpoffset:3.72 pbfactor:1.54 avgQpOffsetCutree:0.00;
in:60 out:57 type:k q:17.59 q-aq:16.23 q-noVbv:17.59 q-Rceq:1.08 tex:124041 mv:12831 misc:2216 icu:1453.00 pcu:105.25 scu:1.75 tlayer:0 pbqpoffset:0.00 pbfactor:1.00 avgQpOffsetCutree:-1.70;
in:58 out:58 type:B q:20.55 q-aq:19.34 q-noVbv:20.55 q-Rceq:1.08 tex:70287 mv:9132 misc:2165 icu:1280.00 pcu:157.75 scu:122.25 tlayer:1 pbqpoffset:1.42 pbfactor:1.18 avgQpOffsetCutree:-1.55;
in:57 out:59 type:b q:23.75 q-aq:24.02 q-noVbv:23.75 q-Rceq:1.08 tex:4239 mv:1319 misc:626 icu:4.50 pcu:440.25 scu:1115.25 tlayer:2 pbqpoffset:3.86 pbfactor:1.56 avgQpOffsetCutree:0.00;
in:59 out:60 type:b q:22.14 q-aq:22.02 q-noVbv:22.14 q-Rceq:1.08 tex:5243 mv:2156 misc:993 icu:70.75 pcu:683.25 scu:806.00 tlayer:2 pbqpoffset:3.78 pbfactor:1.55 avgQpOffsetCutree:0.00;
in:62 out:61 type:k q:18.80 q-aq:18.50 q-noVbv:18.80 q-Rceq:1.08 tex:110830 mv:12984 misc:2082 icu:1293.25 pcu:209.25 scu:57.50 tlayer:0 pbqpoffset:0.00 pbfactor:1.00 avgQpOffsetCutree:-0.90;
in:61 out:62 type:b q:20.65 q-aq:21.00 q-noVbv:20.65 q-Rceq:1.08 tex:19478 mv:4235 misc:1583 icu:253.25 pcu:463.50 scu:843.25 tlayer:2 pbqpoffset:2.45 pbfactor:1.33 avgQpOffsetCutree:0.00;
in:63 out:63 type:k q:22.80 q-aq:23.59 q-noVbv:22.80 q-Rceq:1.08 tex:25887 mv:6324 misc:1629 icu:788.50 pcu:291.75 scu:479.75 tlayer:0 pbqpoffset:0.34 pbfactor:1.04 avgQpOffsetCutree:-0.46;
in:64 out:64 type:k q:21.32 q-aq:19.98 q-noVbv:21.32 q-Rceq:1.08 tex:56094 mv:7152 misc:1890 icu:1402.00 pcu:158.00 scu:0.00 tlayer:0 pbqpoffset:0.34 pbfactor:1.04 avgQpOffsetCutree:-1.70;
in:68 out:65 type:k q:20.53 q-aq:18.98 q-noVbv:20.53 q-Rceq:1.08 tex:118205 mv:15780 misc:2383 icu:1351.00 pcu:183.25 scu:25.75 tlayer:0 pbqpoffset:0.25 pbfactor:1.03 avgQpOffsetCutree:-2.10;
in:66 out:66 type:B q:22.39 q-aq:21.69 q-noVbv:22.39 q-Rceq:1.08 tex:65257 mv:10632 misc:2479 icu:933.75 pcu:372.00 scu:254.25 tlayer:1 pbqpoffset:1.47 pbfactor:1.18 avgQpOffsetCutree:-1.22;
in:65 out:67 type:b q:23.73 q-aq:24.05 q-noVbv:23.73 q-Rceq:1.08 tex:22373 mv:6062 misc:1789 icu:127.50 pcu:689.75 scu:742.75 tlayer:2 pbqpoffset:2.60 pbfactor:1.35 avgQpOffsetCutree:0.00;
in:67 out:68 type:b q:23.33 q-aq:23.26 q-noVbv:23.33 q-Rceq:1.08 tex:16286 mv:4601 misc:1881 icu:149.50 pcu:505.00 scu:905.50 tlayer:2 pbqpoffset:2.60 pbfactor:1.35 avgQpOffsetCutree:0.00;
in:73 out:69 type:k q:20.22 q-aq:17.81 q-noVbv:20.22 q-Rceq:1.08 tex:129738 mv:14325 misc:2425 icu:1467.00 pcu:90.00 scu:3.00 tlayer:0 pbqpoffset:0.25 pbfactor:1.03 avgQpOffsetCutree:-2.80;
in:71 out:70 type:B q:21.89 q-aq:21.21 q-noVbv:21.89 q-Rceq:1.08 tex:78989 mv:12313 misc:2330 icu:1001.75 pcu:377.00 scu:181.25 tlayer:1 pbqpoffset:1.54 pbfactor:1.19 avgQpOffsetCutree:-1.42;
in:70 out:71 type:B q:21.95 q-aq:22.20 q-noVbv:21.95 q-Rceq:1.08 tex:27835 mv:7564 misc:2433 icu:158.50 pcu:771.25 scu:630.25 tlayer:2 pbqpoffset:1.54 pbfactor:1.19 avgQpOffsetCutree:-0.70;
in:69 out:72 type:b q:23.15 q-aq:23.18 q-noVbv:23.15 q-Rceq:1.08 tex:10825 mv:3765 misc:1546 icu:26.75 pcu:753.00 scu:780.25 tlayer:3 pbqpoffset:2.68 pbfactor:1.36 avgQpOffsetCutree:0.00;
in:72 out:73 type:b q:22.96 q-aq:23.06 q-noVbv:22.96 q-Rceq:1.08 tex:26870 mv:7408 misc:2210 icu:196.00 pcu:643.50 scu:720.50 tlayer:2 pbqpoffset:2.68 pbfactor:1.36 avgQpOffsetCutree:0.00;
in:77 out:74 type:k q:18.97 q-aq:16.36 q-noVbv:18.97 q-Rceq:1.08 tex:137903 mv:13230 misc:2371 icu:1515.50 pcu:44.50 scu:0.00 tlayer:0 pbqpoffset:0.21 pbfactor:1.02 avgQpOffsetCutree:-2.90;
in:75 out:75 type:B q:21.06 q-aq:19.92 q-noVbv:21.06 q-Rceq:1.08 tex:39777 mv:7353 misc:2046 icu:228.25 pcu:853.00 scu:478.75 tlayer:1 pbqpoffset:1.47 pbfactor:1.19 avgQpOffsetCutree:-1.65;
in:74 out:76 type:b q:23.10 q-aq:23.04 q-noVbv:23.10 q-Rceq:1.08 tex:10815 mv:4349 misc:1156 icu:46.00 pcu:651.00 scu:863.00 tlayer:2 pbqpoffset:3.19 pbfactor:1.45 avgQpOffsetCutree:0.00;
in:76 out:77 type:b q:23.33 q-aq:23.20 q-noVbv:23.33 q-Rceq:1.08 tex:8073 mv:2786 misc:1197 icu:127.25 pcu:570.00 scu:862.75 tlayer:2 pbqpoffset:4.05 pbfactor:1.60 avgQpOffsetCutree:0.00;
in:83 out:78 type:k q:19.53 q-aq:18.94 q-noVbv:19.53 q-Rceq:1.08 tex:155706 mv:15335 misc:2255 icu:1490.25 pcu:69.25 scu:0.50 tlayer:0 pbqpoffset:0.31 pbfactor:1.04 avgQpOffsetCutree:-1.54;
in:80 out:79 type:B q:20.83 q-aq:19.68 q-noVbv:20.83 q-Rceq:1.08 tex:112910 mv:10344 misc:1786 icu:1539.00 pcu:18.50 scu:2.50 tlayer:1 pbqpoffset:1.59 pbfactor:1.20 avgQpOffsetCutree:-2.04;
in:79 out:80 type:B q:22.61 q-aq:22.71 q-noVbv:22.61 q-Rceq:1.08 tex:12569 mv:4205 misc:1658 icu:174.00 pcu:805.75 scu:580.25 tlayer:2 pbqpoffset:3.45 pbfactor:1.49 avgQpOffsetCutree:-0.62;
in:78 out:81 type:b q:25.51 q-aq:25.80 q-noVbv:25.51 q-Rceq:1.08 tex:3375 mv:2255 misc:866 icu:39.50 pcu:854.25 scu:666.25 tlayer:3 pbqpoffset:6.45 pbfactor:2.11 avgQpOffsetCutree:0.00;
in:82 out:82 type:B q:22.89 q-aq:22.86 q-noVbv:22.89 q-Rceq:1.08 tex:19742 mv:4402 misc:1672 icu:95.00 pcu:663.25 scu:801.75 tlayer:2 pbqpoffset:3.45 pbfactor:1.49 avgQpOffsetCutree:-0.79;
in:81 out:83 type:b q:23.96 q-aq:24.02 q-noVbv:23.96 q-Rceq:1.08 tex:9721 mv:3173 misc:1154 icu:44.50 pcu:776.50 scu:739.00 tlayer:3 pbqpoffset:4.62 pbfactor:1.71 avgQpOffsetCutree:0.00;
in:84 out:84 type:k q:21.61 q-aq:22.40 q-noVbv:21.61 q-Rceq:1.08 tex:60752 mv:9204 misc:2228 icu:1105.75 pcu:352.00 scu:102.25 tlayer:0 pbqpoffset:0.42 pbfactor:1.05 avgQpOffsetCutree:-0.27;
in:85 out:85 type:k q:25.36 q-aq:24.69 q-noVbv:25.36 q-Rceq:1.08 tex:54569 mv:6339 misc:1812 icu:1101.75 pcu:458.25 scu:0.00 tlayer:0 pbqpoffset:0.26 pbfactor:1.03 avgQpOffsetCutree:-1.72;
in:86 out:86 type:k q:25.79 q-aq:23.10 q-noVbv:25.79 q-Rceq:1.08 tex:70034 mv:11373 misc:2737 icu:533.00 pcu:802.00 scu:225.00 tlayer:0 pbqpoffset:0.24 pbfactor:1.03 avgQpOffsetCutree:-2.55;
in:87 out:87 type:k q:22.83 q-aq:20.04 q-noVbv:22.83 q-Rceq:1.08 tex:78447 mv:11993 misc:3600 icu:321.50 pcu:886.00 scu:352.50 tlayer:0 pbqpoffset:0.41 pbfactor:1.05 avgQpOffsetCutree:-2.44;
in:91 out:88 type:k q:22.47 q-aq:19.60 q-noVbv:22.47 q-Rceq:1.08 tex:128510 mv:16648 misc:3146 icu:761.00 pcu:633.25 scu:165.75 tlayer:0 pbqpoffset:0.21 pbfactor:1.02 avgQpOffsetCutree:-3.70;
in:89 out:89 type:B q:24.37 q-aq:23.62 q-noVbv:24.37 q-Rceq:1.08 tex:45855 mv:9618 misc:2391 icu:222.50 pcu:769.25 scu:568.25 tlayer:1 pbqpoffset:1.72 pbfactor:1.22 avgQpOffsetCutree:-1.36;
in:88 out:90 type:b q:26.47 q-aq:26.41 q-noVbv:26.47 q-Rceq:1.08 tex:25425 mv:7810 misc:2173 icu:180.75 pcu:738.00 scu:641.25 tlayer:2 pbqpoffset:3.73 pbfactor:1.54 avgQpOffsetCutree:0.00;
in:90 out:91 type:b q:26.72 q-aq:27.01 q-noVbv:26.72 q-Rceq:1.08 tex:11889 mv:5331 misc:1388 icu:56.50 pcu:650.50 scu:853.00 tlayer:2 pbqpoffset:4.16 pbfactor:1.62 avgQpOffsetCutree:0.00;
in:96 out:92 type:k q:21.13 q-aq:17.57 q-noVbv:21.13 q-Rceq:1.08 tex:154672 mv:16031 misc:2761 icu:1275.75 pcu:269.75 scu:14.50 tlayer:0 pbqpoffset:0.38 pbfactor:1.04 avgQpOffsetCutree:-4.00;
in:94 out:93 type:B q:23.53 q-aq:21.64 q-noVbv:23.53 q-Rceq:1.08 tex:35561 mv:8529 misc:2486 icu:161.25 pcu:806.75 scu:592.00 tlayer:1 pbqpoffset:1.86 pbfactor:1.24 avgQpOffsetCutree:-1.99;
in:93 out:94 type:B q:24.91 q-aq:24.90 q-noVbv:24.91 q-Rceq:1.08 tex:17054 mv:5794 misc:1592 icu:109.00 pcu:509.50 scu:941.50 tlayer:2 pbqpoffset:2.98 pbfactor:1.41 avgQpOffsetCutree:-0.56;
in:92 out:95 type:b q:25.20 q-aq:25.27 q-noVbv:25.20 q-Rceq:1.08 tex:30230 mv:8502 misc:2180 icu:412.25 pcu:784.50 scu:363.25 tlayer:3 pbqpoffset:3.00 pbfactor:1.41 avgQpOffsetCutree:0.00;
in:95 out:96 type:b q:26.16 q-aq:26.05 q-noVbv:26.16 q-Rceq:1.08 tex:3681 mv:1517 misc:858 icu:6.50 pcu:287.00 scu:1266.50 tlayer:2 pbqpoffset:4.76 pbfactor:1.73 avgQpOffsetCutree:0.00;
in:100 out:97 type:k q:18.48 q-aq:15.60 q-noVbv:18.48 q-Rceq:1.08 tex:143950 mv:17522 misc:3200 icu:891.25 pcu:526.50 scu:142.25 tlayer:0 pbqpoffset:0.46 pbfactor:1.06 avgQpOffsetCutree:-2.67;
in:98 out:98 type:B q:21.42 q-aq:20.13 q-noVbv:21.42 q-Rceq:1.08 tex:21154 mv:5152 misc:2038 icu:173.50 pcu:607.00 scu:779.50 tlayer:1 pbqpoffset:1.61 pbfactor:1.20 avgQpOffsetCutree:-1.36;
in:97 out:99 type:b q:23.21 q-aq:23.11 q-noVbv:23.21 q-Rceq:1.08 tex:6625 mv:2241 misc:1094 icu:31.00 pcu:346.25 scu:1182.75 tlayer:2 pbqpoffset:2.75 pbfactor:1.37 avgQpOffsetCutree:0.00;
in:99 out:100 type:b q:21.89 q-aq:22.01 q-noVbv:21.89 q-Rceq:1.08 tex:10049 mv:2976 misc:1671 icu:25.25 pcu:606.50 scu:928.25 tlayer:2 pbqpoffset:2.75 pbfactor:1.37 avgQpOffsetCutree:0.00;
in:105 out:101 type:k q:18.22 q-aq:17.82 q-noVbv:18.22 q-Rceq:1.08 tex:112421 mv:14492 misc:2063 icu:1491.00 pcu:60.75 scu:8.25 tlayer:0 pbqpoffset:0.61 pbfactor:1.07 avgQpOffsetCutree:-1.39;
in:103 out:102 type:B q:19.78 q-aq:18.38 q-noVbv:19.78 q-Rceq:1.08 tex:101125 mv:13900 misc:2871 icu:470.25 pcu:684.75 scu:405.00 tlayer:1 pbqpoffset:1.46 pbfactor:1.18 avgQpOffsetCutree:-2.01;
in:102 out:103 type:B q:19.83 q-aq:19.30 q-noVbv:19.83 q-Rceq:1.08 tex:28270 mv:7043 misc:2471 icu:66.50 pcu:653.75 scu:839.75 tlayer:2 pbqpoffset:1.46 pbfactor:1.18 avgQpOffsetCutree:-0.94;
in:101 out:104 type:b q:21.11 q-aq:21.17 q-noVbv:21.11 q-Rceq:1.08 tex:10458 mv:3176 misc:1574 icu:27.25 pcu:546.50 scu:986.25 tlayer:3 pbqpoffset:2.68 pbfactor:1.36 avgQpOffsetCutree:0.00;
in:104 out:105 type:b q:20.86 q-aq:21.09 q-noVbv:20.86 q-Rceq:1.08 tex:60520 mv:9899 misc:2517 icu:301.25 pcu:774.75 scu:484.00 tlayer:2 pbqpoffset:2.59 pbfactor:1.35 avgQpOffsetCutree:0.00;
in:106 out:106 type:k q:22.22 q-aq:21.96 q-noVbv:22.22 q-Rceq:1.08 tex:69544 mv:8153 misc:1839 icu:1400.25 pcu:159.75 scu:0.00 tlayer:0 pbqpoffset:0.55 pbfactor:1.07 avgQpOffsetCutree:-1.22;
in:107 out:107 type:k q:21.67 q-aq:20.88 q-noVbv:21.67 q-Rceq:1.08 tex:61801 mv:9983 misc:2408 icu:497.50 pcu:704.50 scu:358.00 tlayer:0 pbqpoffset:0.46 pbfactor:1.06 avgQpOffsetCutree:-1.02;
in:108 out:108 type:k q:17.67 q-aq:17.36 q-noVbv:17.67 q-Rceq:1.08 tex:82416 mv:9958 misc:2018 icu:1088.25 pcu:452.75 scu:19.00 tlayer:0 pbqpoffset:0.36 pbfactor:1.04 avgQpOffsetCutree:-0.65;
in:109 out:109 type:k q:20.26 q-aq:19.62 q-noVbv:20.26 q-Rceq:1.08 tex:49954 mv:8521 misc:2541 icu:768.25 pcu:464.75 scu:327.00 tlayer:0 pbqpoffset:0.34 pbfactor:1.04 avgQpOffsetCutree:-1.21;
in:114 out:110 type:k q:19.66 q-aq:17.53 q-noVbv:19.66 q-Rceq:1.08 tex:131899 mv:16830 misc:2287 icu:1326.75 pcu:202.25 scu:31.00 tlayer:0 pbqpoffset:0.15 pbfactor:1.02 avgQpOffsetCutree:-2.79;
in:112 out:111 type:B q:21.41 q-aq:20.15 q-noVbv:21.41 q-Rceq:1.08 tex:72100 mv:10526 misc:2398 icu:741.50 pcu:496.25 scu:322.25 tlayer:1 pbqpoffset:1.51 pbfactor:1.19 avgQpOffsetCutree:-1.98;
in:111 out:112 type:B q:22.10 q-aq:21.60 q-noVbv:22.10 q-Rceq:1.08 tex:28619 mv:6373 misc:1968 icu:91.00 pcu:816.75 scu:652.25 tlayer:2 pbqpoffset:2.08 pbfactor:1.27 avgQpOffsetCutree:-1.13;
in:110 out:113 type:b q:25.24 q-aq:25.09 q-noVbv:25.24 q-Rceq:1.08 tex:17753 mv:4127 misc:1112 icu:275.50 pcu:576.75 scu:707.75 tlayer:3 pbqpoffset:5.10 pbfactor:1.80 avgQpOffsetCutree:0.00;
in:113 out:114 type:b q:26.15 q-aq:26.02 q-noVbv:26.15 q-Rceq:1.08 tex:4395 mv:1778 misc:771 icu:14.25 pcu:521.00 scu:1024.75 tlayer:2 pbqpoffset:6.37 pbfactor:2.09 avgQpOffsetCutree:0.00;
in:118 out:115 type:k q:20.04 q-aq:17.69 q-noVbv:20.04 q-Rceq:1.08 tex:121186 mv:15621 misc:2281 icu:1087.50 pcu:273.25 scu:199.25 tlayer:0 pbqpoffset:0.28 pbfactor:1.03 avgQpOffsetCutree:-2.80;
in:116 out:116 type:B q:21.54 q-aq:21.34 q-noVbv:21.54 q-Rceq:1.08 tex:34928 mv:8269 misc:2411 icu:516.75 pcu:618.75 scu:424.50 tlayer:1 pbqpoffset:1.69 pbfactor:1.22 avgQpOffsetCutree:-1.10;
in:115 out:117 type:b q:23.53 q-aq:23.95 q-noVbv:23.53 q-Rceq:1.08 tex:5192 mv:2690 misc:1254 icu:37.00 pcu:581.25 scu:941.75 tlayer:2 pbqpoffset:3.78 pbfactor:1.55 avgQpOffsetCutree:0.00;
in:117 out:118 type:b q:24.54 q-aq:25.01 q-noVbv:24.54 q-Rceq:1.08 tex:4732 mv:2121 misc:1043 icu:16.25 pcu:563.25 scu:980.50 tlayer:2 pbqpoffset:4.60 pbfactor:1.70 avgQpOffsetCutree:0.00;
in:125 out:119 type:k q:16.86 q-aq:16.30 q-noVbv:16.86 q-Rceq:1.08 tex:134103 mv:13896 misc:2105 icu:1298.50 pcu:253.75 scu:7.75 tlayer:0 pbqpoffset:0.30 pbfactor:1.04 avgQpOffsetCutree:-1.32;
in:122 out:120 type:B q:19.77 q-aq:18.40 q-noVbv:19.77 q-Rceq:1.08 tex:90205 mv:13227 misc:2104 icu:1163.25 pcu:337.75 scu:59.00 tlayer:1 pbqpoffset:1.55 pbfactor:1.20 avgQpOffsetCutree:-1.77;
in:120 out:121 type:B q:20.68 q-aq:19.31 q-noVbv:20.68 q-Rceq:1.08 tex:72755 mv:11395 misc:2314 icu:926.00 pcu:417.25 scu:216.75 tlayer:2 pbqpoffset:1.55 pbfactor:1.20 avgQpOffsetCutree:-1.60;
in:119 out:122 type:b q:23.54 q-aq:24.05 q-noVbv:23.54 q-Rceq:1.08 tex:4964 mv:1847 misc:901 icu:66.25 pcu:459.75 scu:1034.00 tlayer:3 pbqpoffset:3.95 pbfactor:1.58 avgQpOffsetCutree:0.00;
in:121 out:123 type:b q:22.70 q-aq:23.01 q-noVbv:22.70 q-Rceq:1.08 tex:7863 mv:2443 misc:1030 icu:37.75 pcu:507.25 scu:1015.00 tlayer:3 pbqpoffset:4.02 pbfactor:1.59 avgQpOffsetCutree:0.00;
in:124 out:124 type:B q:18.86 q-aq:19.50 q-noVbv:18.86 q-Rceq:1.08 tex:61444 mv:11631 misc:2229 icu:815.50 pcu:573.50 scu:171.00 tlayer:2 pbqpoffset:1.55 pbfactor:1.20 avgQpOffsetCutree:-0.41;
in:123 out:125 type:b q:20.45 q-aq:20.27 q-noVbv:20.45 q-Rceq:1.08 tex:17321 mv:4095 misc:1920 icu:158.50 pcu:741.75 scu:659.75 tlayer:3 pbqpoffset:2.68 pbfactor:1.36 avgQpOffsetCutree:0.00;
in:126 out:126 type:k q:15.75 q-aq:16.55 q-noVbv:15.75 q-Rceq:1.08 tex:65026 mv:11168 misc:2142 icu:1256.50 pcu:261.50 scu:42.00 tlayer:0 pbqpoffset:0.20 pbfactor:1.02 avgQpOffsetCutree:-0.19;
in:127 out:127 type:k q:19.75 q-aq:19.57 q-noVbv:19.75 q-Rceq:1.08 tex:56999 mv:6287 misc:1770 icu:1513.00 pcu:47.00 scu:0.00 tlayer:0 pbqpoffset:0.28 pbfactor:1.03 avgQpOffsetCutree:-1.03;
in:132 out:128 type:k q:17.09 q-aq:15.24 q-noVbv:17.09 q-Rceq:1.08 tex:78592 mv:10551 misc:2281 icu:1494.75 pcu:64.75 scu:0.50 tlayer:0 pbqpoffset:0.33 pbfactor:1.04 avgQpOffsetCutree:-2.11;
in:130 out:129 type:B q:19.56 q-aq:18.85 q-noVbv:19.56 q-Rceq:1.08 tex:60359 mv:7834 misc:1735 icu:1248.75 pcu:232.50 scu:78.75 tlayer:1 pbqpoffset:1.40 pbfactor:1.18 avgQpOffsetCutree:-1.22;
in:129 out:130 type:B q:20.09 q-aq:20.52 q-noVbv:20.09 q-Rceq:1.08 tex:45251 mv:7397 misc:1816 icu:740.25 pcu:602.25 scu:217.50 tlayer:2 pbqpoffset:1.40 pbfactor:1.18 avgQpOffsetCutree:-0.57;
in:128 out:131 type:b q:21.76 q-aq:22.07 q-noVbv:21.76 q-Rceq:1.08 tex:28209 mv:6880 misc:1639 icu:776.25 pcu:477.75 scu:306.00 tlayer:3 pbqpoffset:2.54 pbfactor:1.34 avgQpOffsetCutree:0.00;
in:131 out:132 type:b q:20.16 q-aq:20.09 q-noVbv:20.16 q-Rceq:1.08 tex:10701 mv:3701 misc:1606 icu:227.25 pcu:679.50 scu:653.25 tlayer:2 pbqpoffset:2.54 pbfactor:1.34 avgQpOffsetCutree:0.00;
in:136 out:133 type:k q:15.22 q-aq:11.77 q-noVbv:15.22 q-Rceq:1.08 tex:88865 mv:12275 misc:2556 icu:1457.75 pcu:98.75 scu:3.50 tlayer:0 pbqpoffset:0.41 pbfactor:1.05 avgQpOffsetCutree:-3.06;
in:134 out:134 type:B q:17.43 q-aq:16.90 q-noVbv:17.43 q-Rceq:1.08 tex:20694 mv:5846 misc:1972 icu:545.25 pcu:544.75 scu:470.00 tlayer:1 pbqpoffset:1.28 pbfactor:1.16 avgQpOffsetCutree:-0.97;
in:133 out:135 type:b q:19.03 q-aq:19.03 q-noVbv:19.03 q-Rceq:1.08 tex:4287 mv:2453 misc:1532 icu:135.00 pcu:571.25 scu:853.75 tlayer:2 pbqpoffset:2.41 pbfactor:1.32 avgQpOffsetCutree:0.00;
in:135 out:136 type:b q:18.87 q-aq:19.01 q-noVbv:18.87 q-Rceq:1.08 tex:3853 mv:2118 misc:1157 icu:32.50 pcu:533.00 scu:994.50 tlayer:2 pbqpoffset:3.19 pbfactor:1.45 avgQpOffsetCutree:0.00;
in:140 out:137 type:k q:15.00 q-aq:13.46 q-noVbv:15.00 q-Rceq:1.08 tex:105431 mv:15736 misc:2369 icu:1450.50 pcu:99.25 scu:10.25 tlayer:0 pbqpoffset:0.35 pbfactor:1.04 avgQpOffsetCutree:-1.82;
in:138 out:138 type:B q:17.38 q-aq:16.88 q-noVbv:17.38 q-Rceq:1.08 tex:14039 mv:3342 misc:1779 icu:255.00 pcu:306.75 scu:998.25 tlayer:1 pbqpoffset:2.27 pbfactor:1.30 avgQpOffsetCutree:-1.16;
in:137 out:139 type:b q:20.31 q-aq:20.03 q-noVbv:20.31 q-Rceq:1.08 tex:2803 mv:1340 misc:937 icu:65.25 pcu:347.50 scu:1147.25 tlayer:2 pbqpoffset:5.15 pbfactor:1.81 avgQpOffsetCutree:0.00;
in:139 out:140 type:b q:17.46 q-aq:17.05 q-noVbv:17.46 q-Rceq:1.08 tex:10090 mv:3634 misc:2084 icu:394.50 pcu:447.75 scu:717.75 tlayer:2 pbqpoffset:2.40 pbfactor:1.32 avgQpOffsetCutree:0.00;
in:144 out:141 type:k q:16.55 q-aq:14.35 q-noVbv:16.55 q-Rceq:1.08 tex:134485 mv:15805 misc:2878 icu:1328.50 pcu:223.00 scu:8.50 tlayer:0 pbqpoffset:0.45 pbfactor:1.05 avgQpOffsetCutree:-2.27;
in:142 out:142 type:B q:17.01 q-aq:16.55 q-noVbv:17.01 q-Rceq:1.08 tex:48642 mv:9727 misc:2351 icu:940.75 pcu:412.50 scu:206.75 tlayer:1 pbqpoffset:1.24 pbfactor:1.15 avgQpOffsetCutree:-1.01;
in:141 out:143 type:b q:18.65 q-aq:18.96 q-noVbv:18.65 q-Rceq:1.08 tex:11087 mv:3757 misc:1956 icu:422.25 pcu:553.25 scu:584.50 tlayer:2 pbqpoffset:3.26 pbfactor:1.46 avgQpOffsetCutree:0.00;
in:143 out:144 type:b q:18.54 q-aq:18.38 q-noVbv:18.54 q-Rceq:1.08 tex:14043 mv:3688 misc:1861 icu:283.25 pcu:665.25 scu:611.50 tlayer:2 pbqpoffset:2.38 pbfactor:1.32 avgQpOffsetCutree:0.00;
in:146 out:145 type:k q:17.50 q-aq:16.83 q-noVbv:17.50 q-Rceq:1.08 tex:104268 mv:15395 misc:2505 icu:972.25 pcu:414.25 scu:173.50 tlayer:0 pbqpoffset:0.24 pbfactor:1.03 avgQpOffsetCutree:-1.08;
in:145 out:146 type:b q:19.42 q-aq:19.12 q-noVbv:19.42 q-Rceq:1.08 tex:8542 mv:2250 misc:1464 icu:10.50 pcu:486.00 scu:1063.50 tlayer:2 pbqpoffset:2.40 pbfactor:1.32 avgQpOffsetCutree:0.00;
in:147 out:147 type:k q:17.49 q-aq:18.15 q-noVbv:17.49 q-Rceq:1.08 tex:60515 mv:10890 misc:2251 icu:1165.75 pcu:271.25 scu:123.00 tlayer:0 pbqpoffset:0.43 pbfactor:1.05 avgQpOffsetCutree:-0.34;
in:148 out:148 type:k q:19.67 q-aq:18.91 q-noVbv:19.67 q-Rceq:1.08 tex:70520 mv:8818 misc:1926 icu:1513.50 pcu:46.50 scu:0.00 tlayer:0 pbqpoffset:0.38 pbfactor:1.05 avgQpOffsetCutree:-1.33;
in:152 out:149 type:k q:18.60 q-aq:15.56 q-noVbv:18.60 q-Rceq:1.08 tex:147453 mv:16671 misc:2964 icu:1453.25 pcu:99.25 scu:7.50 tlayer:0 pbqpoffset:0.45 pbfactor:1.05 avgQpOffsetCutree:-3.11;
in:150 out:150 type:B q:20.48 q-aq:19.95 q-noVbv:20.48 q-Rceq:1.08 tex:52398 mv:9398 misc:2260 icu:679.25 pcu:603.25 scu:277.50 tlayer:1 pbqpoffset:1.35 pbfactor:1.17 avgQpOffsetCutree:-1.22;
in:149 out:151 type:b q:21.88 q-aq:22.08 q-noVbv:21.88 q-Rceq:1.08 tex:30734 mv:7334 misc:2212 icu:505.75 pcu:667.00 scu:387.25 tlayer:2 pbqpoffset:2.48 pbfactor:1.33 avgQpOffsetCutree:0.00;
in:151 out:152 type:b q:21.94 q-aq:22.01 q-noVbv:21.94 q-Rceq:1.08 tex:11125 mv:3478 misc:1613 icu:194.50 pcu:506.75 scu:858.75 tlayer:2 pbqpoffset:3.07 pbfactor:1.43 avgQpOffsetCutree:0.00;
in:156 out:153 type:k q:18.43 q-aq:15.48 q-noVbv:18.43 q-Rceq:1.08 tex:149714 mv:17882 misc:2636 icu:1427.50 pcu:115.00 scu:17.50 tlayer:0 pbqpoffset:0.73 pbfactor:1.09 avgQpOffsetCutree:-3.08;
in:154 out:154 type:B q:19.93 q-aq:19.11 q-noVbv:19.93 q-Rceq:1.08 tex:38579 mv:7609 misc:2044 icu:326.75 pcu:609.00 scu:624.25 tlayer:1 pbqpoffset:1.42 pbfactor:1.18 avgQpOffsetCutree:-1.48;
in:153 out:155 type:b q:21.11 q-aq:21.08 q-noVbv:21.11 q-Rceq:1.08 tex:11234 mv:3248 misc:1670 icu:21.25 pcu:530.25 scu:1008.50 tlayer:2 pbqpoffset:2.55 pbfactor:1.34 avgQpOffsetCutree:0.00;
in:155 out:156 type:b q:21.02 q-aq:21.09 q-noVbv:21.02 q-Rceq:1.08 tex:15988 mv:3688 misc:1596 icu:115.75 pcu:472.50 scu:971.75 tlayer:2 pbqpoffset:2.55 pbfactor:1.34 avgQpOffsetCutree:0.00;
in:164 out:157 type:k q:17.20 q-aq:14.66 q-noVbv:17.20 q-Rceq:1.08 tex:185461 mv:19530 misc:2873 icu:1490.25 pcu:68.25 scu:1.50 tlayer:0 pbqpoffset:0.48 pbfactor:1.06 avgQpOffsetCutree:-2.96;
in:160 out:158 type:B q:19.29 q-aq:16.73 q-noVbv:19.29 q-Rceq:1.08 tex:134781 mv:15172 misc:2623 icu:1418.00 pcu:127.75 scu:14.25 tlayer:1 pbqpoffset:1.47 pbfactor:1.19 avgQpOffsetCutree:-2.69;
in:158 out:159 type:B q:21.07 q-aq:19.86 q-noVbv:21.07 q-Rceq:1.08 tex:16245 mv:3931 misc:1712 icu:102.75 pcu:690.50 scu:766.75 tlayer:2 pbqpoffset:2.95 pbfactor:1.41 avgQpOffsetCutree:-1.50;
in:157 out:160 type:b q:21.58 q-aq:22.01 q-noVbv:21.58 q-Rceq:1.08 tex:6736 mv:2492 misc:1292 icu:30.50 pcu:403.25 scu:1126.25 tlayer:3 pbqpoffset:3.31 pbfactor:1.47 avgQpOffsetCutree:0.00;
in:159 out:161 type:b q:22.65 q-aq:23.00 q-noVbv:22.65 q-Rceq:1.08 tex:3797 mv:1307 misc:968 icu:15.25 pcu:363.50 scu:1181.25 tlayer:3 pbqpoffset:4.68 pbfactor:1.72 avgQpOffsetCutree:0.00;
in:162 out:162 type:B q:19.04 q-aq:17.74 q-noVbv:19.04 q-Rceq:1.08 tex:38380 mv:6975 misc:2637 icu:204.00 pcu:587.25 scu:768.75 tlayer:2 pbqpoffset:1.53 pbfactor:1.19 avgQpOffsetCutree:-1.53;
in:161 out:163 type:b q:21.42 q-aq:21.22 q-noVbv:21.42 q-Rceq:1.08 tex:7763 mv:2006 misc:1247 icu:20.75 pcu:580.50 scu:958.75 tlayer:3 pbqpoffset:3.76 pbfactor:1.54 avgQpOffsetCutree:0.00;
in:163 out:164 type:b q:21.80 q-aq:22.03 q-noVbv:21.80 q-Rceq:1.08 tex:10679 mv:3285 misc:1332 icu:54.00 pcu:465.25 scu:1040.75 tlayer:3 pbqpoffset:4.45 pbfactor:1.67 avgQpOffsetCutree:0.00;
in:167 out:165 type:k q:17.89 q-aq:17.30 q-noVbv:17.89 q-Rceq:1.08 tex:119660 mv:15806 misc:2406 icu:1263.50 pcu:255.75 scu:40.75 tlayer:0 pbqpoffset:0.32 pbfactor:1.04 avgQpOffsetCutree:-1.10;
in:166 out:166 type:B q:19.13 q-aq:19.04 q-noVbv:19.13 q-Rceq:1.08 tex:40331 mv:8105 misc:2644 icu:139.50 pcu:751.00 scu:669.50 tlayer:1 pbqpoffset:1.47 pbfactor:1.19 avgQpOffsetCutree:-0.69;
in:165 out:167 type:b q:20.04 q-aq:20.13 q-noVbv:20.04 q-Rceq:1.08 tex:15575 mv:5385 misc:2160 icu:93.00 pcu:524.00 scu:943.00 tlayer:2 pbqpoffset:2.61 pbfactor:1.35 avgQpOffsetCutree:0.00;
in:171 out:168 type:k q:18.21 q-aq:15.49 q-noVbv:18.21 q-Rceq:1.08 tex:119160 mv:14640 misc:2392 icu:1347.75 pcu:194.00 scu:18.25 tlayer:0 pbqpoffset:0.28 pbfactor:1.03 avgQpOffsetCutree:-2.68;
in:169 out:169 type:B q:19.38 q-aq:19.67 q-noVbv:19.38 q-Rceq:1.08 tex:47323 mv:6947 misc:1618 icu:1236.50 pcu:323.50 scu:0.00 tlayer:1 pbqpoffset:1.34 pbfactor:1.17 avgQpOffsetCutree:-0.76;
in:168 out:170 type:b q:20.44 q-aq:21.03 q-noVbv:20.44 q-Rceq:1.08 tex:37571 mv:8160 misc:2037 icu:907.75 pcu:432.50 scu:219.75 tlayer:2 pbqpoffset:2.47 pbfactor:1.33 avgQpOffsetCutree:0.00;
in:170 out:171 type:b q:20.60 q-aq:21.13 q-noVbv:20.60 q-Rceq:1.08 tex:34595 mv:7553 misc:1996 icu:419.25 pcu:512.25 scu:628.50 tlayer:2 pbqpoffset:2.47 pbfactor:1.33 avgQpOffsetCutree:0.00;
in:175 out:172 type:k q:15.19 q-aq:11.64 q-noVbv:15.19 q-Rceq:1.08 tex:132497 mv:14715 misc:2588 icu:1227.25 pcu:289.75 scu:43.00 tlayer:0 pbqpoffset:0.37 pbfactor:1.04 avgQpOffsetCutree:-3.13;
in:173 out:173 type:B q:17.91 q-aq:16.71 q-noVbv:17.91 q-Rceq:1.08 tex:36280 mv:8801 misc:2415 icu:245.50 pcu:760.75 scu:553.75 tlayer:1 pbqpoffset:1.22 pbfactor:1.15 avgQpOffsetCutree:-1.44;
in:172 out:174 type:b q:19.81 q-aq:20.03 q-noVbv:19.81 q-Rceq:1.08 tex:20731 mv:5307 misc:1594 icu:248.50 pcu:609.25 scu:702.25 tlayer:2 pbqpoffset:2.35 pbfactor:1.31 avgQpOffsetCutree:0.00;
in:174 out:175 type:b q:18.29 q-aq:18.05 q-noVbv:18.29 q-Rceq:1.08 tex:17580 mv:4640 misc:1668 icu:133.75 pcu:690.50 scu:735.75 tlayer:2 pbqpoffset:2.35 pbfactor:1.31 avgQpOffsetCutree:0.00;
in:180 out:176 type:k q:16.10 q-aq:13.21 q-noVbv:16.10 q-Rceq:1.08 tex:128724 mv:15110 misc:2694 icu:1279.75 pcu:260.25 scu:20.00 tlayer:0 pbqpoffset:0.47 pbfactor:1.06 avgQpOffsetCutree:-3.00;
in:178 out:177 type:B q:16.95 q-aq:15.67 q-noVbv:16.95 q-Rceq:1.08 tex:55105 mv:9734 misc:2185 icu:426.25 pcu:659.50 scu:474.25 tlayer:1 pbqpoffset:1.22 pbfactor:1.15 avgQpOffsetCutree:-1.58;
in:177 out:178 type:B q:18.03 q-aq:17.94 q-noVbv:18.03 q-Rceq:1.08 tex:25201 mv:5750 misc:2033 icu:198.25 pcu:752.25 scu:609.50 tlayer:2 pbqpoffset:2.48 pbfactor:1.33 avgQpOffsetCutree:-0.75;
in:176 out:179 type:b q:18.58 q-aq:18.78 q-noVbv:18.58 q-Rceq:1.08 tex:29174 mv:6004 misc:1702 icu:184.25 pcu:668.50 scu:707.25 tlayer:3 pbqpoffset:3.22 pbfactor:1.45 avgQpOffsetCutree:0.00;
in:179 out:180 type:b q:18.85 q-aq:19.04 q-noVbv:18.85 q-Rceq:1.08 tex:17143 mv:3338 misc:1631 icu:63.50 pcu:555.00 scu:941.50 tlayer:2 pbqpoffset:2.93 pbfactor:1.40 avgQpOffsetCutree:0.00;
in:184 out:181 type:k q:17.37 q-aq:14.65 q-noVbv:17.37 q-Rceq:1.08 tex:107865 mv:11965 misc:2834 icu:1111.25 pcu:345.75 scu:103.00 tlayer:0 pbqpoffset:0.41 pbfactor:1.05 avgQpOffsetCutree:-2.84;
in:182 out:182 type:B q:18.01 q-aq:17.58 q-noVbv:18.01 q-Rceq:1.08 tex:40855 mv:7405 misc:2484 icu:350.00 pcu:840.00 scu:370.00 tlayer:1 pbqpoffset:1.28 pbfactor:1.16 avgQpOffsetCutree:-1.14;
in:181 out:183 type:b q:18.83 q-aq:19.03 q-noVbv:18.83 q-Rceq:1.08 tex:11372 mv:2743 misc:1685 icu:80.75 pcu:412.75 scu:1066.50 tlayer:2 pbqpoffset:2.41 pbfactor:1.32 avgQpOffsetCutree:0.00;
in:183 out:184 type:b q:19.46 q-aq:19.11 q-noVbv:19.46 q-Rceq:1.08 tex:9312 mv:2653 misc:1667 icu:21.50 pcu:670.50 scu:868.00 tlayer:2 pbqpoffset:2.41 pbfactor:1.32 avgQpOffsetCutree:0.00;
in:188 out:185 type:k q:15.82 q-aq:15.51 q-noVbv:15.82 q-Rceq:1.08 tex:131412 mv:14510 misc:2446 icu:1281.50 pcu:233.00 scu:45.50 tlayer:0 pbqpoffset:0.08 pbfactor:1.01 avgQpOffsetCutree:-1.35;
in:186 out:186 type:B q:18.26 q-aq:17.21 q-noVbv:18.26 q-Rceq:1.08 tex:25567 mv:4484 misc:2133 icu:169.50 pcu:750.00 scu:640.50 tlayer:1 pbqpoffset:1.66 pbfactor:1.21 avgQpOffsetCutree:-1.48;
in:185 out:187 type:b q:20.29 q-aq:20.22 q-noVbv:20.29 q-Rceq:1.08 tex:5821 mv:1907 misc:1480 icu:41.75 pcu:486.50 scu:1031.75 tlayer:2 pbqpoffset:3.31 pbfactor:1.47 avgQpOffsetCutree:0.00;
in:187 out:188 type:b q:20.65 q-aq:21.08 q-noVbv:20.65 q-Rceq:1.08 tex:6209 mv:2308 misc:1291 icu:62.25 pcu:434.75 scu:1063.00 tlayer:2 pbqpoffset:4.44 pbfactor:1.67 avgQpOffsetCutree:0.00;
in:189 out:189 type:k q:15.87 q-aq:16.52 q-noVbv:15.87 q-Rceq:1.08 tex:53081 mv:8867 misc:2444 icu:992.25 pcu:297.25 scu:270.50 tlayer:0 pbqpoffset:0.16 pbfactor:1.02 avgQpOffsetCutree:-0.47;
in:190 out:190 type:k q:19.38 q-aq:19.28 q-noVbv:19.38 q-Rceq:1.08 tex:52412 mv:6061 misc:1703 icu:1216.75 pcu:343.25 scu:0.00 tlayer:0 pbqpoffset:0.59 pbfactor:1.07 avgQpOffsetCutree:-1.18;
in:194 out:191 type:k q:18.16 q-aq:15.40 q-noVbv:18.16 q-Rceq:1.08 tex:153925 mv:18082 misc:2761 icu:1252.25 pcu:266.50 scu:41.25 tlayer:0 pbqpoffset:0.14 pbfactor:1.02 avgQpOffsetCutree:-3.45;
in:192 out:192 type:B q:20.21 q-aq:19.92 q-noVbv:20.21 q-Rceq:1.08 tex:50237 mv:8298 misc:2297 icu:660.75 pcu:577.25 scu:322.00 tlayer:1 pbqpoffset:1.44 pbfactor:1.18 avgQpOffsetCutree:-1.34;
in:191 out:193 type:b q:23.10 q-aq:23.21 q-noVbv:23.10 q-Rceq:1.08 tex:10344 mv:3208 misc:1432 icu:252.75 pcu:553.00 scu:754.25 tlayer:2 pbqpoffset:4.02 pbfactor:1.59 avgQpOffsetCutree:0.00;
in:193 out:194 type:b q:24.23 q-aq:24.05 q-noVbv:24.23 q-Rceq:1.08 tex:3626 mv:1390 misc:680 icu:9.50 pcu:424.25 scu:1126.25 tlayer:2 pbqpoffset:5.76 pbfactor:1.95 avgQpOffsetCutree:0.00;
in:198 out:195 type:k q:17.35 q-aq:14.90 q-noVbv:17.35 q-Rceq:1.08 tex:187652 mv:23001 misc:3155 icu:1205.25 pcu:306.50 scu:48.25 tlayer:0 pbqpoffset:0.52 pbfactor:1.06 avgQpOffsetCutree:-3.08;
in:196 out:196 type:B q:19.24 q-aq:18.19 q-noVbv:19.24 q-Rceq:1.08 tex:57075 mv:11658 misc:2795 icu:447.25 pcu:767.50 scu:345.25 tlayer:1 pbqpoffset:1.48 pbfactor:1.19 avgQpOffsetCutree:-1.48;
in:195 out:197 type:b q:21.55 q-aq:21.92 q-noVbv:21.55 q-Rceq:1.08 tex:8663 mv:2568 misc:1265 icu:27.75 pcu:559.00 scu:973.25 tlayer:2 pbqpoffset:3.59 pbfactor:1.51 avgQpOffsetCutree:0.00;
in:197 out:198 type:b q:21.61 q-aq:22.01 q-noVbv:21.61 q-Rceq:1.08 tex:7597 mv:2624 misc:1291 icu:19.25 pcu:508.75 scu:1032.00 tlayer:2 pbqpoffset:4.06 pbfactor:1.60 avgQpOffsetCutree:0.00;
in:203 out:199 type:k q:18.43 q-aq:16.32 q-noVbv:18.43 q-Rceq:1.08 tex:185072 mv:24402 misc:2582 icu:1404.75 pcu:138.00 scu:17.25 tlayer:0 pbqpoffset:0.09 pbfactor:1.01 avgQpOffsetCutree:-2.82;
in:201 out:200 type:B q:19.42 q-aq:18.44 q-noVbv:19.42 q-Rceq:1.08 tex:97664 mv:16001 misc:2623 icu:775.00 pcu:497.75 scu:287.25 tlayer:1 pbqpoffset:1.42 pbfactor:1.18 avgQpOffsetCutree:-1.62;
in:200 out:201 type:B q:19.20 q-aq:19.48 q-noVbv:19.20 q-Rceq:1.08 tex:68566 mv:13350 misc:2668 icu:435.25 pcu:722.25 scu:402.50 tlayer:2 pbqpoffset:1.42 pbfactor:1.18 avgQpOffsetCutree:-0.74;
in:199 out:202 type:b q:20.94 q-aq:21.03 q-noVbv:20.94 q-Rceq:1.08 tex:8828 mv:3323 misc:1577 icu:55.75 pcu:645.00 scu:859.25 tlayer:3 pbqpoffset:3.38 pbfactor:1.48 avgQpOffsetCutree:0.00;
in:202 out:203 type:b q:20.77 q-aq:21.05 q-noVbv:20.77 q-Rceq:1.08 tex:36897 mv:10056 misc:2471 icu:227.50 pcu:883.00 scu:449.50 tlayer:2 pbqpoffset:2.55 pbfactor:1.34 avgQpOffsetCutree:0.00;
in:209 out:204 type:k q:18.90 q-aq:16.40 q-noVbv:18.90 q-Rceq:1.08 tex:153123 mv:19954 misc:2475 icu:1455.50 pcu:92.00 scu:12.50 tlayer:0 pbqpoffset:0.19 pbfactor:1.02 avgQpOffsetCutree:-2.90;
in:206 out:205 type:B q:20.11 q-aq:19.08 q-noVbv:20.11 q-Rceq:1.08 tex:111961 mv:18254 misc:2233 icu:1243.00 pcu:237.25 scu:79.75 tlayer:1 pbqpoffset:1.44 pbfactor:1.18 avgQpOffsetCutree:-1.56;
in:205 out:206 type:B q:20.16 q-aq:20.53 q-noVbv:20.16 q-Rceq:1.08 tex:41003 mv:10492 misc:2385 icu:535.00 pcu:664.00 scu:361.00 tlayer:2 pbqpoffset:1.57 pbfactor:1.20 avgQpOffsetCutree:-0.43;
in:204 out:207 type:b q:21.09 q-aq:21.12 q-noVbv:21.09 q-Rceq:1.08 tex:37247 mv:11832 misc:2433 icu:498.00 pcu:707.25 scu:354.75 tlayer:3 pbqpoffset:2.58 pbfactor:1.35 avgQpOffsetCutree:0.00;
in:208 out:208 type:B q:20.27 q-aq:20.60 q-noVbv:20.27 q-Rceq:1.08 tex:49199 mv:11683 misc:2694 icu:378.50 pcu:671.75 scu:509.75 tlayer:2 pbqpoffset:1.44 pbfactor:1.18 avgQpOffsetCutree:-0.58;
in:207 out:209 type:b q:21.76 q-aq:22.00 q-noVbv:21.76 q-Rceq:1.08 tex:9887 mv:3647 misc:1642 icu:95.25 pcu:485.25 scu:979.50 tlayer:3 pbqpoffset:3.02 pbfactor:1.42 avgQpOffsetCutree:0.00;
in:213 out:210 type:k q:18.42 q-aq:15.67 q-noVbv:18.42 q-Rceq:1.08 tex:137925 mv:19060 misc:2223 icu:1495.00 pcu:62.50 scu:2.50 tlayer:0 pbqpoffset:0.21 pbfactor:1.02 avgQpOffsetCutree:-2.75;
in:211 out:211 type:B q:20.02 q-aq:19.52 q-noVbv:20.02 q-Rceq:1.08 tex:57332 mv:12173 misc:2223 icu:721.50 pcu:550.50 scu:288.00 tlayer:1 pbqpoffset:1.36 pbfactor:1.17 avgQpOffsetCutree:-1.02;
in:210 out:212 type:b q:21.27 q-aq:21.16 q-noVbv:21.27 q-Rceq:1.08 tex:28375 mv:8097 misc:2024 icu:378.50 pcu:669.25 scu:512.25 tlayer:2 pbqpoffset:2.49 pbfactor:1.33 avgQpOffsetCutree:0.00;
in:212 out:213 type:b q:21.03 q-aq:21.06 q-noVbv:21.03 q-Rceq:1.08 tex:41036 mv:9884 misc:2040 icu:551.75 pcu:756.25 scu:252.00 tlayer:2 pbqpoffset:2.49 pbfactor:1.33 avgQpOffsetCutree:0.00;
in:218 out:214 type:k q:18.48 q-aq:15.79 q-noVbv:18.48 q-Rceq:1.08 tex:163597 mv:20731 misc:2480 icu:1536.75 pcu:23.00 scu:0.25 tlayer:0 pbqpoffset:0.11 pbfactor:1.01 avgQpOffsetCutree:-2.72;
in:216 out:215 type:B q:19.77 q-aq:18.21 q-noVbv:19.77 q-Rceq:1.08 tex:88786 mv:13104 misc:2454 icu:1227.50 pcu:259.75 scu:72.75 tlayer:1 pbqpoffset:1.32 pbfactor:1.16 avgQpOffsetCutree:-1.77;
in:215 out:216 type:B q:21.36 q-aq:20.89 q-noVbv:21.36 q-Rceq:1.08 tex:14943 mv:5062 misc:2043 icu:108.75 pcu:766.25 scu:685.00 tlayer:2 pbqpoffset:2.92 pbfactor:1.40 avgQpOffsetCutree:-0.93;
in:214 out:217 type:b q:22.92 q-aq:23.05 q-noVbv:22.92 q-Rceq:1.08 tex:9018 mv:3715 misc:1339 icu:25.00 pcu:622.50 scu:912.50 tlayer:3 pbqpoffset:4.49 pbfactor:1.68 avgQpOffsetCutree:0.00;
in:217 out:218 type:b q:21.58 q-aq:21.99 q-noVbv:21.58 q-Rceq:1.08 tex:10319 mv:3081 misc:1368 icu:61.75 pcu:572.00 scu:926.25 tlayer:2 pbqpoffset:3.11 pbfactor:1.43 avgQpOffsetCutree:0.00;
in:222 out:219 type:k q:19.60 q-aq:16.71 q-noVbv:19.60 q-Rceq:1.08 tex:139033 mv:19236 misc:2595 icu:1466.50 pcu:76.00 scu:17.50 tlayer:0 pbqpoffset:0.34 pbfactor:1.04 avgQpOffsetCutree:-2.83;
in:220 out:220 type:B q:20.37 q-aq:20.21 q-noVbv:20.37 q-Rceq:1.08 tex:86025 mv:13751 misc:2136 icu:1163.50 pcu:353.50 scu:43.00 tlayer:1 pbqpoffset:1.33 pbfactor:1.17 avgQpOffsetCutree:-0.86;
in:219 out:221 type:b q:21.43 q-aq:21.31 q-noVbv:21.43 q-Rceq:1.08 tex:7312 mv:2556 misc:1404 icu:18.25 pcu:622.50 scu:919.25 tlayer:2 pbqpoffset:2.67 pbfactor:1.36 avgQpOffsetCutree:0.00;
in:221 out:222 type:b q:21.78 q-aq:22.04 q-noVbv:21.78 q-Rceq:1.08 tex:10475 mv:3434 misc:1427 icu:142.75 pcu:453.75 scu:963.50 tlayer:2 pbqpoffset:2.46 pbfactor:1.33 avgQpOffsetCutree:0.00;
in:226 out:223 type:k q:19.10 q-aq:16.82 q-noVbv:19.10 q-Rceq:1.08 tex:140929 mv:19752 misc:2871 icu:1497.25 pcu:57.00 scu:5.75 tlayer:0 pbqpoffset:0.33 pbfactor:1.04 avgQpOffsetCutree:-2.47;
in:224 out:224 type:B q:20.71 q-aq:19.89 q-noVbv:20.71 q-Rceq:1.08 tex:76797 mv:12827 misc:2352 icu:1431.50 pcu:91.25 scu:37.25 tlayer:1 pbqpoffset:1.36 pbfactor:1.17 avgQpOffsetCutree:-1.36;
in:223 out:225 type:b q:23.11 q-aq:23.04 q-noVbv:23.11 q-Rceq:1.08 tex:6125 mv:2674 misc:1337 icu:5.50 pcu:621.25 scu:933.25 tlayer:2 pbqpoffset:3.64 pbfactor:1.52 avgQpOffsetCutree:0.00;
in:225 out:226 type:b q:22.18 q-aq:22.06 q-noVbv:22.18 q-Rceq:1.08 tex:8540 mv:3108 misc:1424 icu:44.25 pcu:526.50 scu:989.25 tlayer:2 pbqpoffset:2.96 pbfactor:1.41 avgQpOffsetCutree:0.00;
in:230 out:227 type:k q:19.07 q-aq:16.70 q-noVbv:19.07 q-Rceq:1.08 tex:130365 mv:14912 misc:2523 icu:1448.25 pcu:103.25 scu:8.50 tlayer:0 pbqpoffset:0.34 pbfactor:1.04 avgQpOffsetCutree:-2.26;
in:228 out:228 type:B q:20.43 q-aq:20.34 q-noVbv:20.43 q-Rceq:1.08 tex:63685 mv:11073 misc:2450 icu:1107.50 pcu:325.75 scu:126.75 tlayer:1 pbqpoffset:1.35 pbfactor:1.17 avgQpOffsetCutree:-0.89;
in:227 out:229 type:b q:21.57 q-aq:21.91 q-noVbv:21.57 q-Rceq:1.08 tex:11012 mv:3334 misc:1486 icu:167.50 pcu:691.50 scu:701.00 tlayer:2 pbqpoffset:2.49 pbfactor:1.33 avgQpOffsetCutree:0.00;
in:229 out:230 type:b q:21.56 q-aq:21.89 q-noVbv:21.56 q-Rceq:1.08 tex:6098 mv:2623 misc:1399 icu:36.50 pcu:591.00 scu:932.50 tlayer:2 pbqpoffset:2.49 pbfactor:1.33 avgQpOffsetCutree:0.00;
in:236 out:231 type:k q:16.73 q-aq:14.63 q-noVbv:16.73 q-Rceq:1.08 tex:113561 mv:12310 misc:2465 icu:1461.75 pcu:94.25 scu:4.00 tlayer:0 pbqpoffset:0.20 pbfactor:1.02 avgQpOffsetCutree:-2.24;
in:233 out:232 type:B q:19.25 q-aq:17.08 q-noVbv:19.25 q-Rceq:1.08 tex:95886 mv:10105 misc:2065 icu:1458.00 pcu:94.25 scu:7.75 tlayer:1 pbqpoffset:1.36 pbfactor:1.17 avgQpOffsetCutree:-2.24;
in:232 out:233 type:B q:19.64 q-aq:19.54 q-noVbv:19.64 q-Rceq:1.08 tex:35253 mv:7785 misc:1978 icu:326.25 pcu:670.25 scu:563.50 tlayer:2 pbqpoffset:1.36 pbfactor:1.17 avgQpOffsetCutree:-0.80;
in:231 out:234 type:b q:21.34 q-aq:21.21 q-noVbv:21.34 q-Rceq:1.08 tex:5430 mv:2327 misc:1323 icu:10.25 pcu:443.50 scu:1106.25 tlayer:3 pbqpoffset:2.66 pbfactor:1.36 avgQpOffsetCutree:0.00;
in:235 out:235 type:B q:19.09 q-aq:18.89 q-noVbv:19.09 q-Rceq:1.08 tex:40959 mv:8231 misc:2250 icu:840.75 pcu:373.00 scu:346.25 tlayer:2 pbqpoffset:1.97 pbfactor:1.26 avgQpOffsetCutree:-0.76;
in:234 out:236 type:b q:21.81 q-aq:22.00 q-noVbv:21.81 q-Rceq:1.08 tex:10049 mv:4255 misc:1336 icu:49.25 pcu:532.00 scu:978.75 tlayer:3 pbqpoffset:4.31 pbfactor:1.64 avgQpOffsetCutree:0.00;
in:241 out:237 type:k q:16.66 q-aq:13.98 q-noVbv:16.66 q-Rceq:1.08 tex:102818 mv:12775 misc:2623 icu:1459.00 pcu:101.00 scu:0.00 tlayer:0 pbqpoffset:0.09 pbfactor:1.01 avgQpOffsetCutree:-2.50;
in:239 out:238 type:B q:17.97 q-aq:16.42 q-noVbv:17.97 q-Rceq:1.08 tex:86814 mv:11747 misc:2239 icu:1284.75 pcu:229.25 scu:46.00 tlayer:1 pbqpoffset:1.28 pbfactor:1.16 avgQpOffsetCutree:-1.80;
in:238 out:239 type:B q:17.98 q-aq:17.86 q-noVbv:17.98 q-Rceq:1.08 tex:32112 mv:7844 misc:2292 icu:317.25 pcu:544.75 scu:698.00 tlayer:2 pbqpoffset:1.28 pbfactor:1.16 avgQpOffsetCutree:-0.76;
in:237 out:240 type:b q:19.13 q-aq:19.09 q-noVbv:19.13 q-Rceq:1.08 tex:14800 mv:4363 misc:2013 icu:282.75 pcu:562.25 scu:715.00 tlayer:3 pbqpoffset:2.42 pbfactor:1.32 avgQpOffsetCutree:0.00;
in:240 out:241 type:b q:19.09 q-aq:19.06 q-noVbv:19.09 q-Rceq:1.08 tex:28810 mv:6272 misc:1878 icu:238.50 pcu:796.00 scu:525.50 tlayer:2 pbqpoffset:2.42 pbfactor:1.32 avgQpOffsetCutree:0.00;
in:245 out:242 type:k q:16.59 q-aq:15.42 q-noVbv:16.59 q-Rceq:1.08 tex:119563 mv:12049 misc:2148 icu:1475.75 pcu:84.25 scu:0.00 tlayer:0 pbqpoffset:0.09 pbfactor:1.01 avgQpOffsetCutree:-1.45;
in:243 out:243 type:B q:17.81 q-aq:17.26 q-noVbv:17.81 q-Rceq:1.08 tex:66047 mv:7998 misc:1963 icu:1295.00 pcu:221.75 scu:43.25 tlayer:1 pbqpoffset:1.18 pbfactor:1.15 avgQpOffsetCutree:-0.96;
in:242 out:244 type:b q:20.35 q-aq:20.06 q-noVbv:20.35 q-Rceq:1.08 tex:9506 mv:3946 misc:1372 icu:90.50 pcu:772.50 scu:697.00 tlayer:2 pbqpoffset:3.71 pbfactor:1.53 avgQpOffsetCutree:0.00;
in:244 out:245 type:b q:18.93 q-aq:19.01 q-noVbv:18.93 q-Rceq:1.08 tex:39828 mv:7811 misc:2017 icu:771.50 pcu:652.25 scu:136.25 tlayer:2 pbqpoffset:2.32 pbfactor:1.31 avgQpOffsetCutree:0.00;
in:250 out:246 type:k q:19.23 q-aq:16.86 q-noVbv:19.23 q-Rceq:1.08 tex:127859 mv:15856 misc:2365 icu:1463.75 pcu:96.00 scu:0.25 tlayer:0 pbqpoffset:0.25 pbfactor:1.03 avgQpOffsetCutree:-2.56;
in:248 out:247 type:B q:19.49 q-aq:18.10 q-noVbv:19.49 q-Rceq:1.08 tex:85343 mv:11707 misc:2134 icu:1156.25 pcu:282.50 scu:121.25 tlayer:1 pbqpoffset:1.31 pbfactor:1.16 avgQpOffsetCutree:-1.85;
in:247 out:248 type:B q:19.91 q-aq:19.92 q-noVbv:19.91 q-Rceq:1.08 tex:29134 mv:7386 misc:2304 icu:171.00 pcu:730.50 scu:658.50 tlayer:2 pbqpoffset:2.26 pbfactor:1.30 avgQpOffsetCutree:-0.69;
in:246 out:249 type:b q:20.14 q-aq:20.04 q-noVbv:20.14 q-Rceq:1.08 tex:21781 mv:6921 misc:2122 icu:325.75 pcu:774.00 scu:460.25 tlayer:3 pbqpoffset:3.02 pbfactor:1.42 avgQpOffsetCutree:0.00;
in:249 out:250 type:b q:22.07 q-aq:22.06 q-noVbv:22.07 q-Rceq:1.08 tex:6325 mv:2491 misc:1232 icu:24.50 pcu:557.00 scu:978.50 tlayer:2 pbqpoffset:3.36 pbfactor:1.47 avgQpOffsetCutree:0.00;
in:254 out:251 type:k q:18.55 q-aq:15.66 q-noVbv:18.55 q-Rceq:1.08 tex:134431 mv:14893 misc:2508 icu:1403.50 pcu:150.00 scu:6.50 tlayer:0 pbqpoffset:0.30 pbfactor:1.04 avgQpOffsetCutree:-2.79;
in:252 out:252 type:B q:20.23 q-aq:19.85 q-noVbv:20.23 q-Rceq:1.08 tex:50595 mv:10628 misc:2225 icu:767.00 pcu:567.25 scu:225.75 tlayer:1 pbqpoffset:1.34 pbfactor:1.17 avgQpOffsetCutree:-1.01;
in:251 out:253 type:b q:21.53 q-aq:21.67 q-noVbv:21.53 q-Rceq:1.08 tex:7647 mv:2780 misc:1541 icu:45.50 pcu:610.75 scu:903.75 tlayer:2 pbqpoffset:2.47 pbfactor:1.33 avgQpOffsetCutree:0.00;
in:253 out:254 type:b q:21.19 q-aq:21.12 q-noVbv:21.19 q-Rceq:1.08 tex:13097 mv:3326 misc:1249 icu:84.25 pcu:626.00 scu:849.75 tlayer:2 pbqpoffset:2.47 pbfactor:1.33 avgQpOffsetCutree:0.00;
in:259 out:255 type:k q:17.80 q-aq:14.16 q-noVbv:17.80 q-Rceq:1.08 tex:145167 mv:14302 misc:2627 icu:1431.50 pcu:128.50 scu:0.00 tlayer:0 pbqpoffset:0.34 pbfactor:1.04 avgQpOffsetCutree:-3.34;
in:257 out:256 type:B q:19.32 q-aq:18.22 q-noVbv:19.32 q-Rceq:1.08 tex:57387 mv:10036 misc:2249 icu:420.25 pcu:731.00 scu:408.75 tlayer:1 pbqpoffset:1.22 pbfactor:1.15 avgQpOffsetCutree:-1.60;
in:256 out:257 type:B q:19.47 q-aq:19.64 q-noVbv:19.47 q-Rceq:1.08 tex:35027 mv:7472 misc:2157 icu:295.00 pcu:722.50 scu:542.50 tlayer:2 pbqpoffset:1.22 pbfactor:1.15 avgQpOffsetCutree:-0.73;
in:255 out:258 type:b q:20.76 q-aq:21.05 q-noVbv:20.76 q-Rceq:1.08 tex:9180 mv:2843 misc:1409 icu:57.25 pcu:592.75 scu:910.00 tlayer:3 pbqpoffset:2.36 pbfactor:1.31 avgQpOffsetCutree:0.00;
in:258 out:259 type:b q:20.30 q-aq:20.13 q-noVbv:20.30 q-Rceq:1.08 tex:23592 mv:6137 misc:1799 icu:125.00 pcu:690.75 scu:744.25 tlayer:2 pbqpoffset:2.36 pbfactor:1.31 avgQpOffsetCutree:0.00;
in:265 out:260 type:k q:17.03 q-aq:13.38 q-noVbv:17.03 q-Rceq:1.08 tex:171449 mv:15347 misc:2732 icu:1470.75 pcu:89.00 scu:0.25 tlayer:0 pbqpoffset:0.28 pbfactor:1.03 avgQpOffsetCutree:-3.50;
in:262 out:261 type:B q:18.63 q-aq:16.51 q-noVbv:18.63 q-Rceq:1.08 tex:55091 mv:10158 misc:2927 icu:477.75 pcu:734.75 scu:347.50 tlayer:1 pbqpoffset:1.22 pbfactor:1.15 avgQpOffsetCutree:-2.14;
in:261 out:262 type:B q:20.62 q-aq:20.44 q-noVbv:20.62 q-Rceq:1.08 tex:11039 mv:4040 misc:1641 icu:65.25 pcu:701.00 scu:793.75 tlayer:2 pbqpoffset:3.08 pbfactor:1.43 avgQpOffsetCutree:-0.77;
in:260 out:263 type:b q:20.02 q-aq:20.07 q-noVbv:20.02 q-Rceq:1.08 tex:24914 mv:6159 misc:2087 icu:484.00 pcu:509.75 scu:566.25 tlayer:3 pbqpoffset:2.36 pbfactor:1.31 avgQpOffsetCutree:0.00;
in:264 out:264 type:B q:18.38 q-aq:18.48 q-noVbv:18.38 q-Rceq:1.08 tex:51926 mv:9633 misc:2577 icu:408.50 pcu:853.25 scu:298.25 tlayer:2 pbqpoffset:1.22 pbfactor:1.15 avgQpOffsetCutree:-0.63;
in:263 out:265 type:b q:21.69 q-aq:22.13 q-noVbv:21.69 q-Rceq:1.08 tex:4446 mv:1808 misc:994 icu:21.25 pcu:429.50 scu:1109.25 tlayer:3 pbqpoffset:4.40 pbfactor:1.66 avgQpOffsetCutree:0.00;
in:270 out:266 type:k q:17.48 q-aq:13.75 q-noVbv:17.48 q-Rceq:1.08 tex:155070 mv:14076 misc:2654 icu:1428.75 pcu:127.25 scu:4.00 tlayer:0 pbqpoffset:0.31 pbfactor:1.04 avgQpOffsetCutree:-3.33;
in:268 out:267 type:B q:18.53 q-aq:17.51 q-noVbv:18.53 q-Rceq:1.08 tex:47004 mv:10222 misc:2894 icu:415.00 pcu:691.00 scu:454.00 tlayer:1 pbqpoffset:1.23 pbfactor:1.15 avgQpOffsetCutree:-1.43;
in:267 out:268 type:B q:18.44 q-aq:18.36 q-noVbv:18.44 q-Rceq:1.08 tex:27512 mv:7891 misc:2413 icu:184.00 pcu:760.25 scu:615.75 tlayer:2 pbqpoffset:1.23 pbfactor:1.15 avgQpOffsetCutree:-0.70;
in:266 out:269 type:b q:19.48 q-aq:19.17 q-noVbv:19.48 q-Rceq:1.08 tex:29258 mv:5755 misc:1867 icu:158.00 pcu:871.00 scu:531.00 tlayer:3 pbqpoffset:2.36 pbfactor:1.31 avgQpOffsetCutree:0.00;
in:269 out:270 type:b q:19.75 q-aq:20.03 q-noVbv:19.75 q-Rceq:1.08 tex:9274 mv:3420 misc:1506 icu:67.50 pcu:559.75 scu:932.75 tlayer:2 pbqpoffset:2.36 pbfactor:1.31 avgQpOffsetCutree:0.00;
in:278 out:271 type:k q:15.64 q-aq:11.97 q-noVbv:15.64 q-Rceq:1.08 tex:154703 mv:15817 misc:2904 icu:1495.25 pcu:64.00 scu:0.75 tlayer:0 pbqpoffset:0.18 pbfactor:1.02 avgQpOffsetCutree:-3.20;
in:274 out:272 type:B q:17.74 q-aq:15.72 q-noVbv:17.74 q-Rceq:1.08 tex:91910 mv:13811 misc:2431 icu:1011.50 pcu:453.50 scu:95.00 tlayer:1 pbqpoffset:1.18 pbfactor:1.15 avgQpOffsetCutree:-2.13;
in:272 out:273 type:B q:18.20 q-aq:17.09 q-noVbv:18.20 q-Rceq:1.08 tex:55855 mv:11801 misc:2776 icu:625.50 pcu:585.25 scu:349.25 tlayer:2 pbqpoffset:1.18 pbfactor:1.15 avgQpOffsetCutree:-1.39;
in:271 out:274 type:b q:19.56 q-aq:19.74 q-noVbv:19.56 q-Rceq:1.08 tex:11108 mv:3412 misc:1800 icu:26.00 pcu:546.50 scu:987.50 tlayer:3 pbqpoffset:2.31 pbfactor:1.31 avgQpOffsetCutree:0.00;
in:273 out:275 type:b q:19.10 q-aq:19.17 q-noVbv:19.10 q-Rceq:1.08 tex:8529 mv:2877 misc:1314 icu:27.75 pcu:578.00 scu:954.25 tlayer:3 pbqpoffset:2.31 pbfactor:1.31 avgQpOffsetCutree:0.00;
in:276 out:276 type:B q:17.28 q-aq:16.82 q-noVbv:17.28 q-Rceq:1.08 tex:37327 mv:8413 misc:2572 icu:602.25 pcu:544.25 scu:413.50 tlayer:2 pbqpoffset:1.18 pbfactor:1.15 avgQpOffsetCutree:-0.92;
in:275 out:277 type:b q:18.64 q-aq:19.05 q-noVbv:18.64 q-Rceq:1.08 tex:13804 mv:4197 misc:1791 icu:25.25 pcu:662.50 scu:872.25 tlayer:3 pbqpoffset:2.31 pbfactor:1.31 avgQpOffsetCutree:0.00;
in:277 out:278 type:b q:18.18 q-aq:18.02 q-noVbv:18.18 q-Rceq:1.08 tex:12538 mv:3678 misc:1976 icu:113.50 pcu:552.25 scu:894.25 tlayer:3 pbqpoffset:2.31 pbfactor:1.31 avgQpOffsetCutree:0.00;
in:280 out:279 type:k q:15.18 q-aq:13.75 q-noVbv:15.18 q-Rceq:1.08 tex:67163 mv:12542 misc:2951 icu:721.50 pcu:574.25 scu:264.25 tlayer:0 pbqpoffset:0.19 pbfactor:1.02 avgQpOffsetCutree:-1.47;
in:279 out:280 type:b q:17.67 q-aq:18.01 q-noVbv:17.67 q-Rceq:1.08 tex:13854 mv:4009 misc:1849 icu:232.25 pcu:412.50 scu:915.25 tlayer:2 pbqpoffset:2.26 pbfactor:1.30 avgQpOffsetCutree:0.00;
in:281 out:281 type:k q:11.61 q-aq:11.86 q-noVbv:11.61 q-Rceq:1.08 tex:38407 mv:8981 misc:2636 icu:728.25 pcu:489.75 scu:342.00 tlayer:0 pbqpoffset:0.18 pbfactor:1.02 avgQpOffsetCutree:-0.52;
in:282 out:282 type:k q:15.61 q-aq:15.02 q-noVbv:15.61 q-Rceq:1.08 tex:61006 mv:7580 misc:1870 icu:1195.00 pcu:365.00 scu:0.00 tlayer:0 pbqpoffset:0.19 pbfactor:1.02 avgQpOffsetCutree:-1.40;
in:284 out:283 type:k q:15.05 q-aq:15.12 q-noVbv:15.05 q-Rceq:1.08 tex:65357 mv:10466 misc:2361 icu:1127.00 pcu:354.75 scu:78.25 tlayer:0 pbqpoffset:0.24 pbfactor:1.03 avgQpOffsetCutree:-0.86;
in:283 out:284 type:b q:17.69 q-aq:18.08 q-noVbv:17.69 q-Rceq:1.08 tex:35241 mv:5786 misc:1693 icu:457.75 pcu:766.50 scu:335.75 tlayer:2 pbqpoffset:2.36 pbfactor:1.31 avgQpOffsetCutree:0.00;
in:299 out:285 type:k q:18.53 q-aq:17.51 q-noVbv:18.53 q-Rceq:1.08 tex:80783 mv:11364 misc:2237 icu:1511.75 pcu:48.25 scu:0.00 tlayer:0 pbqpoffset:0.20 pbfactor:1.02 avgQpOffsetCutree:-1.77;
in:292 out:286 type:B q:18.15 q-aq:16.69 q-noVbv:18.15 q-Rceq:1.08 tex:107874 mv:11258 misc:2460 icu:1534.50 pcu:25.50 scu:0.00 tlayer:1 pbqpoffset:1.24 pbfactor:1.15 avgQpOffsetCutree:-2.50;
in:288 out:287 type:B q:17.22 q-aq:15.87 q-noVbv:17.22 q-Rceq:1.08 tex:102193 mv:12448 misc:2775 icu:1524.50 pcu:32.00 scu:3.50 tlayer:2 pbqpoffset:1.24 pbfactor:1.15 avgQpOffsetCutree:-1.94;
in:286 out:288 type:B q:16.76 q-aq:16.75 q-noVbv:16.76 q-Rceq:1.08 tex:42701 mv:8377 misc:2154 icu:778.50 pcu:530.00 scu:251.50 tlayer:3 pbqpoffset:1.24 pbfactor:1.15 avgQpOffsetCutree:-0.97;
in:285 out:289 type:b q:17.67 q-aq:18.85 q-noVbv:17.67 q-Rceq:1.08 tex:35242 mv:6891 misc:1867 icu:1028.50 pcu:330.25 scu:201.25 tlayer:4 pbqpoffset:2.38 pbfactor:1.32 avgQpOffsetCutree:0.00;
in:287 out:290 type:b q:18.13 q-aq:19.26 q-noVbv:18.13 q-Rceq:1.08 tex:28681 mv:4398 misc:1537 icu:978.00 pcu:517.00 scu:65.00 tlayer:4 pbqpoffset:2.38 pbfactor:1.32 avgQpOffsetCutree:0.00;
in:290 out:291 type:B q:17.69 q-aq:16.93 q-noVbv:17.69 q-Rceq:1.08 tex:34415 mv:6833 misc:2384 icu:395.25 pcu:774.25 scu:390.50 tlayer:3 pbqpoffset:1.24 pbfactor:1.15 avgQpOffsetCutree:-1.14;
in:289 out:292 type:b q:19.29 q-aq:19.36 q-noVbv:19.29 q-Rceq:1.08 tex:11981 mv:3776 misc:1835 icu:155.75 pcu:557.00 scu:847.25 tlayer:4 pbqpoffset:3.08 pbfactor:1.43 avgQpOffsetCutree:0.00;
in:291 out:293 type:b q:19.49 q-aq:19.16 q-noVbv:19.49 q-Rceq:1.08 tex:9051 mv:2680 misc:1805 icu:33.50 pcu:546.50 scu:980.00 tlayer:4 pbqpoffset:2.81 pbfactor:1.38 avgQpOffsetCutree:0.00;
in:296 out:294 type:B q:19.07 q-aq:17.87 q-noVbv:19.07 q-Rceq:1.08 tex:74771 mv:8131 misc:2242 icu:1538.75 pcu:19.50 scu:1.75 tlayer:2 pbqpoffset:1.24 pbfactor:1.15 avgQpOffsetCutree:-1.67;
in:294 out:295 type:B q:18.61 q-aq:18.02 q-noVbv:18.61 q-Rceq:1.08 tex:34771 mv:7194 misc:2587 icu:370.25 pcu:651.00 scu:538.75 tlayer:3 pbqpoffset:1.24 pbfactor:1.15 avgQpOffsetCutree:-1.17;
in:293 out:296 type:b q:20.08 q-aq:20.04 q-noVbv:20.08 q-Rceq:1.08 tex:7825 mv:2606 misc:1497 icu:57.25 pcu:468.00 scu:1034.75 tlayer:4 pbqpoffset:2.94 pbfactor:1.41 avgQpOffsetCutree:0.00;
in:295 out:297 type:b q:20.53 q-aq:20.32 q-noVbv:20.53 q-Rceq:1.08 tex:6956 mv:2705 misc:1451 icu:24.50 pcu:558.75 scu:976.75 tlayer:4 pbqpoffset:2.93 pbfactor:1.40 avgQpOffsetCutree:0.00;
in:298 out:298 type:B q:19.54 q-aq:20.86 q-noVbv:19.54 q-Rceq:1.08 tex:24051 mv:4178 misc:1851 icu:771.75 pcu:476.75 scu:311.50 tlayer:3 pbqpoffset:1.24 pbfactor:1.15 avgQpOffsetCutree:-0.17;
in:297 out:299 type:b q:20.44 q-aq:21.44 q-noVbv:20.44 q-Rceq:1.08 tex:22182 mv:3931 misc:1487 icu:885.50 pcu:474.50 scu:200.00 tlayer:4 pbqpoffset:2.38 pbfactor:1.32 avgQpOffsetCutree:0.00;
