000 (016.000.000) 2020-12-21 07:20:00 Job submitted from host: <10.0.0.63:9618?PrivAddr=%3c10.0.0.63:9618%3fsock%3dschedd_6827_5527%3e&PrivNet=ryzen7-1700x&addrs=10.0.0.63-9618&alias=ryzen7-1700x&noUDP&sock=schedd_6827_5527>
...
040 (016.000.000) 2020-12-21 07:20:18 Entered queue to transfer input files
	Transferring to host: <10.0.0.63:9618?PrivAddr=%3c10.0.0.63:9618%3fsock%3dslot15_6886_8f51_16%3e&PrivNet=ryzen7-1700x&addrs=10.0.0.63-9618&alias=ryzen7-1700x&noUDP&sock=slot15_6886_8f51_16>
...
040 (016.000.000) 2020-12-21 07:20:21 Started transferring input files
	Seconds spent in queue: 3
...
040 (016.000.000) 2020-12-21 07:20:21 Finished transferring input files
...
001 (016.000.000) 2020-12-21 07:20:22 Job executing on host: <10.0.0.63:9618?sock=startd_6827_5527>
...
006 (016.000.000) 2020-12-21 07:20:31 Image size of job updated: 268768
	194  -  MemoryUsage of job (MB)
	198440  -  ResidentSetSize of job (KB)
...
006 (016.000.000) 2020-12-21 07:25:32 Image size of job updated: 329488
	235  -  MemoryUsage of job (MB)
	240472  -  ResidentSetSize of job (KB)
...
006 (016.000.000) 2020-12-21 07:28:41 Image size of job updated: 329648
	235  -  MemoryUsage of job (MB)
	240472  -  ResidentSetSize of job (KB)
...
040 (016.000.000) 2020-12-21 07:28:41 Started transferring output files
	Seconds spent in queue: 503
...
040 (016.000.000) 2020-12-21 07:28:41 Finished transferring output files
...
005 (016.000.000) 2020-12-21 07:28:42 Job terminated.
	(1) Normal termination (return value 0)
		Usr 0 00:08:17, Sys 0 00:00:00  -  Run Remote Usage
		Usr 0 00:00:00, Sys 0 00:00:00  -  Run Local Usage
		Usr 0 00:08:17, Sys 0 00:00:00  -  Total Remote Usage
		Usr 0 00:00:00, Sys 0 00:00:00  -  Total Local Usage
	3860795  -  Run Bytes Sent By Job
	4532560  -  Run Bytes Received By Job
	3860795  -  Total Bytes Sent By Job
	4532560  -  Total Bytes Received By Job
	Partitionable Resources :    Usage  Request Allocated 
	   Cpus                 :     1.00        1         1 
	   Disk (KB)            :  8212        4500   2904372 
	   Memory (MB)          :   235           5      2000 

	Job terminated of its own accord at 2020-12-21T12:28:41Z.
...
