#options: cpuid=1173503 frame-threads=1 no-wpp no-pmode no-pme psnr no-ssim log-level=2 bitdepth=8 input-csp=1 fps=50000/1000 input-res=768x432 interlace=0 total-frames=500 level-idc=0 high-tier=1 uhd-bd=0 ref=4 no-allow-non-conformance no-repeat-headers annexb no-aud no-hrd info hash=0 no-temporal-layers open-gop min-keyint=1 keyint=5000 bframes=15 b-adapt=2 b-pyramid bframe-bias=0 rc-lookahead=40 lookahead-slices=0 scenecut=40 no-intra-refresh ctu=64 min-cu-size=8 rect amp max-tu-size=32 tu-inter-depth=3 tu-intra-depth=3 limit-tu=4 rdoq-level=2 dynamic-rd=0.00 no-ssim-rd signhide no-tskip nr-intra=0 nr-inter=0 no-constrained-intra strong-intra-smoothing max-merge=4 limit-refs=1 limit-modes me=3 subme=4 merange=57 temporal-mvp weightp weightb no-analyze-src-pics deblock=0:0 sao no-sao-non-deblock rd=6 no-early-skip rskip no-fast-intra no-tskip-fast no-cu-lossless b-intra rdpenalty=0 psy-rd=0.00 psy-rdoq=0.00 no-rd-refine analysis-reuse-mode=0 no-lossless cbqpoffs=0 crqpoffs=0 rc=abr bitrate=2000 qcomp=0.60 qpstep=4 stats-write=1 stats-read=0 slow-firstpass ipratio=1.40 pbratio=1.30 aq-mode=1 aq-strength=0.00 cutree zone-count=0 no-strict-cbr qg-size=64 no-rc-grain qpmax=69 qpmin=0 no-const-vbv sar=0 overscan=0 videoformat=5 range=0 colorprim=2 transfer=2 colormatrix=2 chromaloc=0 display-window=0 max-cll=0,0 min-luma=0 max-luma=255 log2-max-poc-lsb=8 vui-timing-info vui-hrd-info slices=1 opt-qp-pps opt-ref-list-length-pps no-multi-pass-opt-rps scenecut-bias=0.05 no-opt-cu-delta-qp no-aq-motion no-hdr no-hdr-opt no-dhdr10-opt analysis-reuse-level=5 scale-factor=0 refine-intra=0 refine-inter=0 refine-mv=0 no-limit-sao ctu-info=0 max-tlayer=4
in:0 out:0 type:I q:22.40 q-aq:16.79 q-noVbv:22.40 q-Rceq:1.32 tex:1224 mv:757 misc:459 icu:1296.00 pcu:0.00 scu:0.00 tlayer:0 pbqpoffset:0.00 pbfactor:1.00 avgQpOffsetCutree:-2.76;
in:1 out:1 type:k q:25.31 q-aq:25.00 q-noVbv:25.31 q-Rceq:1.32 tex:0 mv:7 misc:137 icu:0.00 pcu:0.00 scu:1296.00 tlayer:0 pbqpoffset:0.00 pbfactor:1.00 avgQpOffsetCutree:-2.01;
in:2 out:2 type:i q:35.13 q-aq:29.34 q-noVbv:35.13 q-Rceq:1.32 tex:356819 mv:45440 misc:2093 icu:1296.00 pcu:0.00 scu:0.00 tlayer:0 pbqpoffset:0.00 pbfactor:1.00 avgQpOffsetCutree:-6.84;
in:18 out:3 type:k q:34.04 q-aq:26.89 q-noVbv:34.04 q-Rceq:1.32 tex:367577 mv:27216 misc:2215 icu:760.50 pcu:534.00 scu:1.50 tlayer:0 pbqpoffset:0.00 pbfactor:1.00 avgQpOffsetCutree:-7.09;
in:10 out:4 type:B q:37.31 q-aq:30.57 q-noVbv:37.31 q-Rceq:1.32 tex:128376 mv:19776 misc:3144 icu:109.50 pcu:887.75 scu:298.75 tlayer:1 pbqpoffset:3.27 pbfactor:1.46 avgQpOffsetCutree:-5.52;
in:6 out:5 type:B q:38.60 q-aq:34.38 q-noVbv:38.60 q-Rceq:1.32 tex:48206 mv:10083 misc:1967 icu:5.75 pcu:777.25 scu:513.00 tlayer:2 pbqpoffset:4.56 pbfactor:1.69 avgQpOffsetCutree:-3.52;
in:4 out:6 type:B q:39.18 q-aq:37.37 q-noVbv:39.18 q-Rceq:1.32 tex:7324 mv:3818 misc:1274 icu:0.25 pcu:483.75 scu:812.00 tlayer:3 pbqpoffset:5.14 pbfactor:1.81 avgQpOffsetCutree:-2.12;
in:3 out:7 type:b q:42.17 q-aq:42.00 q-noVbv:42.17 q-Rceq:1.32 tex:37 mv:494 misc:301 icu:0.50 pcu:154.00 scu:1141.50 tlayer:4 pbqpoffset:8.13 pbfactor:2.56 avgQpOffsetCutree:0.00;
in:5 out:8 type:b q:41.51 q-aq:42.00 q-noVbv:41.51 q-Rceq:1.32 tex:6 mv:406 misc:340 icu:0.00 pcu:137.00 scu:1159.00 tlayer:4 pbqpoffset:7.47 pbfactor:2.37 avgQpOffsetCutree:0.00;
in:8 out:9 type:B q:39.18 q-aq:37.97 q-noVbv:39.18 q-Rceq:1.32 tex:6810 mv:3858 misc:1172 icu:1.00 pcu:541.00 scu:754.00 tlayer:3 pbqpoffset:5.14 pbfactor:1.81 avgQpOffsetCutree:-1.18;
in:7 out:10 type:b q:42.17 q-aq:42.00 q-noVbv:42.17 q-Rceq:1.32 tex:1 mv:582 misc:361 icu:0.00 pcu:201.00 scu:1095.00 tlayer:4 pbqpoffset:8.13 pbfactor:2.56 avgQpOffsetCutree:0.00;
in:9 out:11 type:b q:42.17 q-aq:42.00 q-noVbv:42.17 q-Rceq:1.32 tex:5 mv:660 misc:383 icu:0.00 pcu:310.00 scu:986.00 tlayer:4 pbqpoffset:8.13 pbfactor:2.56 avgQpOffsetCutree:0.00;
in:14 out:12 type:B q:38.28 q-aq:34.80 q-noVbv:38.28 q-Rceq:1.32 tex:48991 mv:12653 misc:2164 icu:12.75 pcu:902.25 scu:381.00 tlayer:2 pbqpoffset:4.24 pbfactor:1.63 avgQpOffsetCutree:-2.93;
in:12 out:13 type:B q:39.18 q-aq:37.04 q-noVbv:39.18 q-Rceq:1.32 tex:12795 mv:5738 misc:1379 icu:0.25 pcu:571.00 scu:724.75 tlayer:3 pbqpoffset:5.14 pbfactor:1.81 avgQpOffsetCutree:-1.92;
in:11 out:14 type:b q:42.17 q-aq:42.00 q-noVbv:42.17 q-Rceq:1.32 tex:65 mv:585 misc:358 icu:0.00 pcu:171.00 scu:1125.00 tlayer:4 pbqpoffset:8.13 pbfactor:2.56 avgQpOffsetCutree:0.00;
in:13 out:15 type:b q:42.17 q-aq:42.00 q-noVbv:42.17 q-Rceq:1.32 tex:5 mv:1230 misc:445 icu:0.00 pcu:399.25 scu:896.75 tlayer:4 pbqpoffset:8.13 pbfactor:2.56 avgQpOffsetCutree:0.00;
in:16 out:16 type:B q:39.18 q-aq:38.69 q-noVbv:39.18 q-Rceq:1.32 tex:5694 mv:4060 misc:1438 icu:1.00 pcu:391.75 scu:903.25 tlayer:3 pbqpoffset:5.14 pbfactor:1.81 avgQpOffsetCutree:-0.90;
in:15 out:17 type:b q:40.90 q-aq:41.00 q-noVbv:40.90 q-Rceq:1.32 tex:202 mv:1515 misc:651 icu:0.00 pcu:473.00 scu:823.00 tlayer:4 pbqpoffset:6.85 pbfactor:2.21 avgQpOffsetCutree:0.00;
in:17 out:18 type:b q:42.17 q-aq:42.00 q-noVbv:42.17 q-Rceq:1.32 tex:5 mv:594 misc:361 icu:0.25 pcu:192.75 scu:1103.00 tlayer:4 pbqpoffset:8.13 pbfactor:2.56 avgQpOffsetCutree:0.00;
in:34 out:19 type:k q:36.06 q-aq:30.32 q-noVbv:36.06 q-Rceq:1.32 tex:231065 mv:23199 misc:2456 icu:583.50 pcu:700.25 scu:12.25 tlayer:0 pbqpoffset:0.00 pbfactor:1.00 avgQpOffsetCutree:-7.04;
in:26 out:20 type:B q:38.53 q-aq:32.35 q-noVbv:38.53 q-Rceq:1.32 tex:70330 mv:18735 misc:3575 icu:75.50 pcu:833.75 scu:386.75 tlayer:1 pbqpoffset:2.47 pbfactor:1.33 avgQpOffsetCutree:-5.46;
in:22 out:21 type:B q:40.07 q-aq:36.65 q-noVbv:40.07 q-Rceq:1.32 tex:23476 mv:8157 misc:1775 icu:1.00 pcu:753.00 scu:542.00 tlayer:2 pbqpoffset:4.00 pbfactor:1.59 avgQpOffsetCutree:-3.23;
in:20 out:22 type:B q:40.38 q-aq:38.85 q-noVbv:40.38 q-Rceq:1.32 tex:3987 mv:3164 misc:1049 icu:0.00 pcu:473.00 scu:823.00 tlayer:3 pbqpoffset:4.32 pbfactor:1.65 avgQpOffsetCutree:-1.77;
in:19 out:23 type:b q:43.38 q-aq:43.00 q-noVbv:43.38 q-Rceq:1.32 tex:63 mv:587 misc:374 icu:0.00 pcu:144.25 scu:1151.75 tlayer:4 pbqpoffset:7.32 pbfactor:2.33 avgQpOffsetCutree:0.00;
in:21 out:24 type:b q:43.38 q-aq:44.00 q-noVbv:43.38 q-Rceq:1.32 tex:22 mv:670 misc:412 icu:0.00 pcu:209.50 scu:1086.50 tlayer:4 pbqpoffset:7.32 pbfactor:2.33 avgQpOffsetCutree:0.00;
in:24 out:25 type:B q:40.38 q-aq:38.91 q-noVbv:40.38 q-Rceq:1.32 tex:4889 mv:3651 misc:1100 icu:0.50 pcu:595.50 scu:700.00 tlayer:3 pbqpoffset:4.32 pbfactor:1.65 avgQpOffsetCutree:-1.83;
in:23 out:26 type:b q:43.38 q-aq:43.00 q-noVbv:43.38 q-Rceq:1.32 tex:4 mv:655 misc:381 icu:0.25 pcu:179.00 scu:1116.75 tlayer:4 pbqpoffset:7.32 pbfactor:2.33 avgQpOffsetCutree:0.00;
in:25 out:27 type:b q:43.38 q-aq:43.00 q-noVbv:43.38 q-Rceq:1.32 tex:72 mv:741 misc:451 icu:0.00 pcu:210.00 scu:1086.00 tlayer:4 pbqpoffset:7.32 pbfactor:2.33 avgQpOffsetCutree:0.00;
in:30 out:28 type:B q:39.75 q-aq:36.77 q-noVbv:39.75 q-Rceq:1.32 tex:35147 mv:9524 misc:2225 icu:6.50 pcu:766.75 scu:522.75 tlayer:2 pbqpoffset:3.69 pbfactor:1.53 avgQpOffsetCutree:-3.06;
in:28 out:29 type:B q:40.38 q-aq:38.59 q-noVbv:40.38 q-Rceq:1.32 tex:8684 mv:4452 misc:1320 icu:0.00 pcu:555.00 scu:741.00 tlayer:3 pbqpoffset:4.32 pbfactor:1.65 avgQpOffsetCutree:-1.98;
in:27 out:30 type:b q:43.38 q-aq:43.00 q-noVbv:43.38 q-Rceq:1.32 tex:3 mv:378 misc:291 icu:0.00 pcu:131.00 scu:1165.00 tlayer:4 pbqpoffset:7.31 pbfactor:2.33 avgQpOffsetCutree:0.00;
in:29 out:31 type:b q:43.38 q-aq:43.00 q-noVbv:43.38 q-Rceq:1.32 tex:2 mv:334 misc:296 icu:0.00 pcu:89.25 scu:1206.75 tlayer:4 pbqpoffset:7.32 pbfactor:2.33 avgQpOffsetCutree:0.00;
in:32 out:32 type:B q:39.41 q-aq:38.62 q-noVbv:39.41 q-Rceq:1.32 tex:11814 mv:5202 misc:1576 icu:2.00 pcu:651.50 scu:642.50 tlayer:3 pbqpoffset:3.35 pbfactor:1.47 avgQpOffsetCutree:-1.19;
in:31 out:33 type:b q:42.44 q-aq:42.00 q-noVbv:42.44 q-Rceq:1.32 tex:24 mv:1314 misc:574 icu:0.00 pcu:405.25 scu:890.75 tlayer:4 pbqpoffset:6.38 pbfactor:2.09 avgQpOffsetCutree:0.00;
in:33 out:34 type:b q:43.10 q-aq:43.00 q-noVbv:43.10 q-Rceq:1.32 tex:25 mv:634 misc:357 icu:0.50 pcu:279.00 scu:1016.50 tlayer:4 pbqpoffset:7.04 pbfactor:2.26 avgQpOffsetCutree:0.00;
in:50 out:35 type:k q:35.26 q-aq:28.89 q-noVbv:35.26 q-Rceq:1.32 tex:297004 mv:27337 misc:2427 icu:582.50 pcu:705.50 scu:8.00 tlayer:0 pbqpoffset:0.00 pbfactor:1.00 avgQpOffsetCutree:-7.00;
in:42 out:36 type:B q:38.24 q-aq:32.01 q-noVbv:38.24 q-Rceq:1.32 tex:89407 mv:19723 misc:3534 icu:97.00 pcu:860.50 scu:338.50 tlayer:1 pbqpoffset:2.58 pbfactor:1.35 avgQpOffsetCutree:-5.29;
in:38 out:37 type:B q:40.11 q-aq:36.54 q-noVbv:40.11 q-Rceq:1.32 tex:28053 mv:7885 misc:1918 icu:1.75 pcu:768.25 scu:526.00 tlayer:2 pbqpoffset:4.25 pbfactor:1.63 avgQpOffsetCutree:-3.26;
in:36 out:38 type:B q:40.40 q-aq:38.63 q-noVbv:40.40 q-Rceq:1.32 tex:3968 mv:2908 misc:868 icu:0.25 pcu:562.50 scu:733.25 tlayer:3 pbqpoffset:4.44 pbfactor:1.67 avgQpOffsetCutree:-2.06;
in:35 out:39 type:b q:43.45 q-aq:43.00 q-noVbv:43.45 q-Rceq:1.32 tex:6 mv:453 misc:333 icu:0.00 pcu:64.00 scu:1232.00 tlayer:4 pbqpoffset:7.44 pbfactor:2.36 avgQpOffsetCutree:0.00;
in:37 out:40 type:b q:43.34 q-aq:43.00 q-noVbv:43.34 q-Rceq:1.32 tex:2 mv:570 misc:372 icu:0.00 pcu:225.00 scu:1071.00 tlayer:4 pbqpoffset:7.43 pbfactor:2.36 avgQpOffsetCutree:0.00;
in:40 out:41 type:B q:40.20 q-aq:38.27 q-noVbv:40.20 q-Rceq:1.32 tex:7807 mv:4104 misc:1353 icu:0.25 pcu:553.00 scu:742.75 tlayer:3 pbqpoffset:4.44 pbfactor:1.67 avgQpOffsetCutree:-1.96;
in:39 out:42 type:b q:43.24 q-aq:43.00 q-noVbv:43.24 q-Rceq:1.32 tex:2 mv:527 misc:351 icu:0.00 pcu:144.00 scu:1152.00 tlayer:4 pbqpoffset:7.43 pbfactor:2.36 avgQpOffsetCutree:0.00;
in:41 out:43 type:b q:43.15 q-aq:43.00 q-noVbv:43.15 q-Rceq:1.32 tex:3 mv:516 misc:369 icu:0.00 pcu:222.00 scu:1074.00 tlayer:4 pbqpoffset:7.43 pbfactor:2.36 avgQpOffsetCutree:0.00;
in:46 out:44 type:B q:38.86 q-aq:35.58 q-noVbv:38.86 q-Rceq:1.32 tex:43500 mv:10311 misc:2413 icu:8.00 pcu:754.25 scu:533.75 tlayer:2 pbqpoffset:3.40 pbfactor:1.48 avgQpOffsetCutree:-3.02;
in:44 out:45 type:B q:40.00 q-aq:38.51 q-noVbv:40.00 q-Rceq:1.32 tex:3930 mv:3297 misc:1165 icu:0.25 pcu:464.25 scu:831.50 tlayer:3 pbqpoffset:4.44 pbfactor:1.67 avgQpOffsetCutree:-1.48;
in:43 out:46 type:b q:43.04 q-aq:43.00 q-noVbv:43.04 q-Rceq:1.32 tex:2 mv:322 misc:276 icu:0.00 pcu:64.00 scu:1232.00 tlayer:4 pbqpoffset:7.43 pbfactor:2.36 avgQpOffsetCutree:0.00;
in:45 out:47 type:b q:42.94 q-aq:43.00 q-noVbv:42.94 q-Rceq:1.32 tex:2 mv:625 misc:397 icu:0.00 pcu:238.00 scu:1058.00 tlayer:4 pbqpoffset:7.43 pbfactor:2.36 avgQpOffsetCutree:0.00;
in:48 out:48 type:B q:39.22 q-aq:38.29 q-noVbv:39.22 q-Rceq:1.32 tex:15980 mv:5744 misc:1628 icu:1.00 pcu:549.50 scu:745.50 tlayer:3 pbqpoffset:3.86 pbfactor:1.56 avgQpOffsetCutree:-1.35;
in:47 out:49 type:b q:41.30 q-aq:41.00 q-noVbv:41.30 q-Rceq:1.32 tex:106 mv:1046 misc:496 icu:0.00 pcu:338.00 scu:958.00 tlayer:4 pbqpoffset:5.89 pbfactor:1.97 avgQpOffsetCutree:0.00;
in:49 out:50 type:b q:42.74 q-aq:43.00 q-noVbv:42.74 q-Rceq:1.32 tex:0 mv:339 misc:285 icu:0.00 pcu:149.00 scu:1147.00 tlayer:4 pbqpoffset:7.43 pbfactor:2.36 avgQpOffsetCutree:0.00;
in:66 out:51 type:k q:35.18 q-aq:29.08 q-noVbv:35.18 q-Rceq:1.32 tex:264756 mv:20662 misc:2254 icu:674.25 pcu:617.75 scu:4.00 tlayer:0 pbqpoffset:2.14 pbfactor:1.28 avgQpOffsetCutree:-7.04;
in:58 out:52 type:B q:37.74 q-aq:31.59 q-noVbv:37.74 q-Rceq:1.32 tex:100802 mv:17045 misc:3465 icu:104.00 pcu:906.75 scu:285.25 tlayer:1 pbqpoffset:2.53 pbfactor:1.34 avgQpOffsetCutree:-5.31;
in:54 out:53 type:B q:39.26 q-aq:35.48 q-noVbv:39.26 q-Rceq:1.32 tex:32666 mv:8811 misc:1987 icu:2.50 pcu:793.50 scu:500.00 tlayer:2 pbqpoffset:4.02 pbfactor:1.59 avgQpOffsetCutree:-3.32;
in:52 out:54 type:B q:39.64 q-aq:37.87 q-noVbv:39.64 q-Rceq:1.32 tex:4175 mv:3500 misc:1117 icu:0.25 pcu:527.50 scu:768.25 tlayer:3 pbqpoffset:4.39 pbfactor:1.66 avgQpOffsetCutree:-1.69;
in:51 out:55 type:b q:42.64 q-aq:43.00 q-noVbv:42.64 q-Rceq:1.32 tex:2 mv:533 misc:385 icu:0.00 pcu:225.00 scu:1071.00 tlayer:4 pbqpoffset:7.39 pbfactor:2.35 avgQpOffsetCutree:0.00;
in:53 out:56 type:b q:41.95 q-aq:42.00 q-noVbv:41.95 q-Rceq:1.32 tex:4 mv:768 misc:460 icu:0.00 pcu:184.25 scu:1111.75 tlayer:4 pbqpoffset:6.71 pbfactor:2.17 avgQpOffsetCutree:0.00;
in:56 out:57 type:B q:39.62 q-aq:38.01 q-noVbv:39.62 q-Rceq:1.32 tex:5692 mv:3570 misc:1178 icu:0.25 pcu:522.00 scu:773.75 tlayer:3 pbqpoffset:4.39 pbfactor:1.66 avgQpOffsetCutree:-1.72;
in:55 out:58 type:b q:41.93 q-aq:42.00 q-noVbv:41.93 q-Rceq:1.32 tex:2 mv:967 misc:495 icu:0.00 pcu:241.50 scu:1054.50 tlayer:4 pbqpoffset:6.70 pbfactor:2.17 avgQpOffsetCutree:0.00;
in:57 out:59 type:b q:42.46 q-aq:42.00 q-noVbv:42.46 q-Rceq:1.32 tex:27 mv:810 misc:435 icu:0.00 pcu:196.75 scu:1099.25 tlayer:4 pbqpoffset:7.23 pbfactor:2.31 avgQpOffsetCutree:0.00;
in:62 out:60 type:B q:38.56 q-aq:35.35 q-noVbv:38.56 q-Rceq:1.32 tex:43700 mv:9310 misc:2414 icu:15.50 pcu:826.00 scu:454.50 tlayer:2 pbqpoffset:3.36 pbfactor:1.47 avgQpOffsetCutree:-3.06;
in:60 out:61 type:B q:39.60 q-aq:38.16 q-noVbv:39.60 q-Rceq:1.32 tex:8210 mv:4037 misc:1417 icu:0.50 pcu:585.50 scu:710.00 tlayer:3 pbqpoffset:4.39 pbfactor:1.66 avgQpOffsetCutree:-1.69;
in:59 out:62 type:b q:42.60 q-aq:43.00 q-noVbv:42.60 q-Rceq:1.32 tex:2 mv:490 misc:340 icu:0.00 pcu:165.00 scu:1131.00 tlayer:4 pbqpoffset:7.39 pbfactor:2.35 avgQpOffsetCutree:0.00;
in:61 out:63 type:b q:42.59 q-aq:43.00 q-noVbv:42.59 q-Rceq:1.32 tex:1 mv:440 misc:295 icu:0.00 pcu:85.00 scu:1211.00 tlayer:4 pbqpoffset:7.39 pbfactor:2.35 avgQpOffsetCutree:0.00;
in:64 out:64 type:B q:39.21 q-aq:38.63 q-noVbv:39.21 q-Rceq:1.32 tex:8057 mv:4210 misc:1509 icu:1.00 pcu:568.75 scu:726.25 tlayer:3 pbqpoffset:4.02 pbfactor:1.59 avgQpOffsetCutree:-1.28;
in:63 out:65 type:b q:41.58 q-aq:42.00 q-noVbv:41.58 q-Rceq:1.32 tex:35 mv:1268 misc:585 icu:0.00 pcu:305.50 scu:990.50 tlayer:4 pbqpoffset:6.38 pbfactor:2.09 avgQpOffsetCutree:0.00;
in:65 out:66 type:b q:42.16 q-aq:42.00 q-noVbv:42.16 q-Rceq:1.32 tex:3 mv:649 misc:388 icu:0.25 pcu:171.50 scu:1124.25 tlayer:4 pbqpoffset:6.98 pbfactor:2.24 avgQpOffsetCutree:0.00;
in:82 out:67 type:k q:34.53 q-aq:28.37 q-noVbv:34.53 q-Rceq:1.32 tex:270583 mv:21331 misc:2198 icu:665.75 pcu:625.50 scu:4.75 tlayer:0 pbqpoffset:1.32 pbfactor:1.17 avgQpOffsetCutree:-7.12;
in:74 out:68 type:B q:37.37 q-aq:31.46 q-noVbv:37.37 q-Rceq:1.32 tex:94914 mv:17710 misc:3784 icu:79.75 pcu:901.75 scu:314.50 tlayer:1 pbqpoffset:2.52 pbfactor:1.34 avgQpOffsetCutree:-5.17;
in:70 out:69 type:B q:38.86 q-aq:35.11 q-noVbv:38.86 q-Rceq:1.32 tex:38682 mv:8705 misc:2213 icu:4.25 pcu:771.50 scu:520.25 tlayer:2 pbqpoffset:3.85 pbfactor:1.56 avgQpOffsetCutree:-3.55;
in:68 out:70 type:B q:39.48 q-aq:37.70 q-noVbv:39.48 q-Rceq:1.32 tex:7655 mv:3446 misc:1291 icu:0.00 pcu:452.50 scu:843.50 tlayer:3 pbqpoffset:4.38 pbfactor:1.66 avgQpOffsetCutree:-1.77;
in:67 out:71 type:b q:41.62 q-aq:42.00 q-noVbv:41.62 q-Rceq:1.32 tex:0 mv:569 misc:343 icu:0.00 pcu:120.75 scu:1175.25 tlayer:4 pbqpoffset:6.48 pbfactor:2.11 avgQpOffsetCutree:0.00;
in:69 out:72 type:b q:42.43 q-aq:42.00 q-noVbv:42.43 q-Rceq:1.32 tex:2 mv:494 misc:360 icu:0.00 pcu:122.00 scu:1174.00 tlayer:4 pbqpoffset:7.38 pbfactor:2.34 avgQpOffsetCutree:0.00;
in:72 out:73 type:B q:39.31 q-aq:37.88 q-noVbv:39.31 q-Rceq:1.32 tex:7088 mv:3969 misc:1223 icu:1.00 pcu:652.25 scu:642.75 tlayer:3 pbqpoffset:4.38 pbfactor:1.66 avgQpOffsetCutree:-1.75;
in:71 out:74 type:b q:42.35 q-aq:42.00 q-noVbv:42.35 q-Rceq:1.32 tex:4 mv:581 misc:351 icu:0.25 pcu:136.25 scu:1159.50 tlayer:4 pbqpoffset:7.38 pbfactor:2.34 avgQpOffsetCutree:0.00;
in:73 out:75 type:b q:41.73 q-aq:42.00 q-noVbv:41.73 q-Rceq:1.32 tex:3 mv:593 misc:356 icu:0.00 pcu:128.00 scu:1168.00 tlayer:4 pbqpoffset:6.83 pbfactor:2.20 avgQpOffsetCutree:0.00;
in:78 out:76 type:B q:38.04 q-aq:34.47 q-noVbv:38.04 q-Rceq:1.32 tex:44575 mv:10247 misc:2762 icu:11.25 pcu:890.50 scu:394.25 tlayer:2 pbqpoffset:3.35 pbfactor:1.47 avgQpOffsetCutree:-3.19;
in:76 out:77 type:B q:39.15 q-aq:37.08 q-noVbv:39.15 q-Rceq:1.32 tex:7276 mv:3989 misc:1311 icu:0.00 pcu:598.25 scu:697.75 tlayer:3 pbqpoffset:4.38 pbfactor:1.66 avgQpOffsetCutree:-1.88;
in:75 out:78 type:b q:42.19 q-aq:42.00 q-noVbv:42.19 q-Rceq:1.32 tex:3 mv:518 misc:343 icu:0.00 pcu:97.00 scu:1199.00 tlayer:4 pbqpoffset:7.38 pbfactor:2.34 avgQpOffsetCutree:0.00;
in:77 out:79 type:b q:42.11 q-aq:42.00 q-noVbv:42.11 q-Rceq:1.32 tex:24 mv:531 misc:373 icu:0.00 pcu:155.00 scu:1141.00 tlayer:4 pbqpoffset:7.37 pbfactor:2.34 avgQpOffsetCutree:0.00;
in:80 out:80 type:B q:38.26 q-aq:38.22 q-noVbv:38.26 q-Rceq:1.32 tex:12085 mv:4010 misc:1521 icu:1.00 pcu:418.50 scu:876.50 tlayer:3 pbqpoffset:3.65 pbfactor:1.52 avgQpOffsetCutree:-0.83;
in:79 out:81 type:b q:42.03 q-aq:42.00 q-noVbv:42.03 q-Rceq:1.32 tex:6 mv:941 misc:565 icu:0.00 pcu:315.00 scu:981.00 tlayer:4 pbqpoffset:7.38 pbfactor:2.34 avgQpOffsetCutree:0.00;
in:81 out:82 type:b q:41.95 q-aq:42.00 q-noVbv:41.95 q-Rceq:1.32 tex:125 mv:509 misc:366 icu:0.00 pcu:161.50 scu:1134.50 tlayer:4 pbqpoffset:7.37 pbfactor:2.34 avgQpOffsetCutree:0.00;
in:98 out:83 type:k q:34.28 q-aq:28.61 q-noVbv:34.28 q-Rceq:1.32 tex:306904 mv:25072 misc:2680 icu:565.00 pcu:720.50 scu:10.50 tlayer:0 pbqpoffset:1.44 pbfactor:1.18 avgQpOffsetCutree:-7.06;
in:90 out:84 type:B q:37.18 q-aq:31.28 q-noVbv:37.18 q-Rceq:1.32 tex:89244 mv:18945 misc:3603 icu:121.25 pcu:810.50 scu:364.25 tlayer:1 pbqpoffset:2.78 pbfactor:1.38 avgQpOffsetCutree:-5.19;
in:86 out:85 type:B q:38.90 q-aq:34.86 q-noVbv:38.90 q-Rceq:1.32 tex:35085 mv:8668 misc:2055 icu:7.00 pcu:812.50 scu:476.50 tlayer:2 pbqpoffset:4.44 pbfactor:1.67 avgQpOffsetCutree:-3.80;
in:84 out:86 type:B q:38.94 q-aq:37.00 q-noVbv:38.94 q-Rceq:1.32 tex:7795 mv:3435 misc:1354 icu:1.50 pcu:550.25 scu:744.25 tlayer:3 pbqpoffset:4.44 pbfactor:1.67 avgQpOffsetCutree:-1.95;
in:83 out:87 type:b q:41.95 q-aq:42.00 q-noVbv:41.95 q-Rceq:1.32 tex:2 mv:498 misc:348 icu:0.00 pcu:115.50 scu:1180.50 tlayer:4 pbqpoffset:7.43 pbfactor:2.36 avgQpOffsetCutree:0.00;
in:85 out:88 type:b q:41.92 q-aq:42.00 q-noVbv:41.92 q-Rceq:1.32 tex:0 mv:854 misc:434 icu:0.00 pcu:301.00 scu:995.00 tlayer:4 pbqpoffset:7.43 pbfactor:2.36 avgQpOffsetCutree:0.00;
in:88 out:89 type:B q:38.88 q-aq:37.33 q-noVbv:38.88 q-Rceq:1.32 tex:6471 mv:3544 misc:1337 icu:0.25 pcu:516.50 scu:779.25 tlayer:3 pbqpoffset:4.44 pbfactor:1.67 avgQpOffsetCutree:-1.80;
in:87 out:90 type:b q:41.88 q-aq:42.00 q-noVbv:41.88 q-Rceq:1.32 tex:2 mv:686 misc:416 icu:0.00 pcu:128.25 scu:1167.75 tlayer:4 pbqpoffset:7.43 pbfactor:2.36 avgQpOffsetCutree:0.00;
in:89 out:91 type:b q:41.85 q-aq:42.00 q-noVbv:41.85 q-Rceq:1.32 tex:4 mv:847 misc:477 icu:0.00 pcu:286.25 scu:1009.75 tlayer:4 pbqpoffset:7.43 pbfactor:2.36 avgQpOffsetCutree:0.00;
in:94 out:92 type:B q:37.92 q-aq:34.56 q-noVbv:37.92 q-Rceq:1.32 tex:51550 mv:10686 misc:2628 icu:17.75 pcu:881.75 scu:396.50 tlayer:2 pbqpoffset:3.58 pbfactor:1.51 avgQpOffsetCutree:-3.05;
in:92 out:93 type:B q:38.81 q-aq:38.18 q-noVbv:38.81 q-Rceq:1.32 tex:7986 mv:2817 misc:1165 icu:0.75 pcu:432.50 scu:862.75 tlayer:3 pbqpoffset:4.44 pbfactor:1.67 avgQpOffsetCutree:-1.21;
in:91 out:94 type:b q:41.82 q-aq:42.00 q-noVbv:41.82 q-Rceq:1.32 tex:4 mv:742 misc:422 icu:0.25 pcu:155.25 scu:1140.50 tlayer:4 pbqpoffset:7.43 pbfactor:2.36 avgQpOffsetCutree:0.00;
in:93 out:95 type:b q:41.79 q-aq:42.00 q-noVbv:41.79 q-Rceq:1.32 tex:5 mv:816 misc:475 icu:0.25 pcu:223.25 scu:1072.50 tlayer:4 pbqpoffset:7.43 pbfactor:2.36 avgQpOffsetCutree:0.00;
in:96 out:96 type:B q:38.14 q-aq:37.13 q-noVbv:38.14 q-Rceq:1.32 tex:10949 mv:4048 misc:1603 icu:2.25 pcu:413.25 scu:880.50 tlayer:3 pbqpoffset:3.83 pbfactor:1.56 avgQpOffsetCutree:-1.35;
in:95 out:97 type:b q:41.76 q-aq:42.00 q-noVbv:41.76 q-Rceq:1.32 tex:44 mv:979 misc:545 icu:0.00 pcu:284.50 scu:1011.50 tlayer:4 pbqpoffset:7.44 pbfactor:2.36 avgQpOffsetCutree:0.00;
in:97 out:98 type:b q:41.73 q-aq:42.00 q-noVbv:41.73 q-Rceq:1.32 tex:122 mv:449 misc:325 icu:0.00 pcu:167.50 scu:1128.50 tlayer:4 pbqpoffset:7.43 pbfactor:2.36 avgQpOffsetCutree:0.00;
in:112 out:99 type:k q:34.52 q-aq:28.95 q-noVbv:34.52 q-Rceq:1.32 tex:298652 mv:31749 misc:2279 icu:917.50 pcu:373.75 scu:4.75 tlayer:0 pbqpoffset:1.44 pbfactor:1.18 avgQpOffsetCutree:-6.81;
in:105 out:100 type:B q:37.31 q-aq:30.98 q-noVbv:37.31 q-Rceq:1.32 tex:96955 mv:19525 misc:3336 icu:73.50 pcu:1063.75 scu:158.75 tlayer:1 pbqpoffset:2.91 pbfactor:1.40 avgQpOffsetCutree:-5.47;
in:102 out:101 type:B q:38.64 q-aq:34.53 q-noVbv:38.64 q-Rceq:1.32 tex:35305 mv:8275 misc:2108 icu:1.50 pcu:745.50 scu:549.00 tlayer:2 pbqpoffset:4.29 pbfactor:1.64 avgQpOffsetCutree:-3.50;
in:100 out:102 type:B q:38.81 q-aq:37.34 q-noVbv:38.81 q-Rceq:1.32 tex:13994 mv:5084 misc:1434 icu:0.75 pcu:688.75 scu:606.50 tlayer:3 pbqpoffset:4.49 pbfactor:1.68 avgQpOffsetCutree:-1.63;
in:99 out:103 type:b q:41.78 q-aq:42.00 q-noVbv:41.78 q-Rceq:1.32 tex:77 mv:450 misc:353 icu:0.00 pcu:99.00 scu:1197.00 tlayer:4 pbqpoffset:7.49 pbfactor:2.37 avgQpOffsetCutree:0.00;
in:101 out:104 type:b q:41.82 q-aq:42.00 q-noVbv:41.82 q-Rceq:1.32 tex:61 mv:492 misc:367 icu:0.00 pcu:177.50 scu:1118.50 tlayer:4 pbqpoffset:7.48 pbfactor:2.37 avgQpOffsetCutree:0.00;
in:104 out:105 type:B q:38.88 q-aq:38.85 q-noVbv:38.88 q-Rceq:1.32 tex:414 mv:2171 misc:727 icu:0.00 pcu:492.25 scu:803.75 tlayer:3 pbqpoffset:4.49 pbfactor:1.68 avgQpOffsetCutree:-0.85;
in:103 out:106 type:b q:41.85 q-aq:42.00 q-noVbv:41.85 q-Rceq:1.32 tex:3 mv:528 misc:389 icu:0.00 pcu:136.00 scu:1160.00 tlayer:4 pbqpoffset:7.48 pbfactor:2.37 avgQpOffsetCutree:0.00;
in:109 out:107 type:B q:38.11 q-aq:33.72 q-noVbv:38.11 q-Rceq:1.32 tex:47651 mv:11168 misc:2965 icu:15.00 pcu:896.75 scu:384.25 tlayer:2 pbqpoffset:3.64 pbfactor:1.52 avgQpOffsetCutree:-3.86;
in:107 out:108 type:B q:38.93 q-aq:37.23 q-noVbv:38.93 q-Rceq:1.32 tex:3615 mv:3959 misc:1306 icu:0.00 pcu:567.75 scu:728.25 tlayer:3 pbqpoffset:4.49 pbfactor:1.68 avgQpOffsetCutree:-1.63;
in:106 out:109 type:b q:41.91 q-aq:42.00 q-noVbv:41.91 q-Rceq:1.32 tex:5 mv:755 misc:424 icu:0.00 pcu:233.50 scu:1062.50 tlayer:4 pbqpoffset:7.49 pbfactor:2.37 avgQpOffsetCutree:0.00;
in:108 out:110 type:b q:41.94 q-aq:42.00 q-noVbv:41.94 q-Rceq:1.32 tex:5 mv:713 misc:410 icu:0.00 pcu:210.25 scu:1085.75 tlayer:4 pbqpoffset:7.48 pbfactor:2.37 avgQpOffsetCutree:0.00;
in:111 out:111 type:B q:39.00 q-aq:39.11 q-noVbv:39.00 q-Rceq:1.32 tex:963 mv:2596 misc:1185 icu:3.00 pcu:514.00 scu:779.00 tlayer:3 pbqpoffset:4.49 pbfactor:1.68 avgQpOffsetCutree:-0.49;
in:110 out:112 type:b q:41.97 q-aq:42.00 q-noVbv:41.97 q-Rceq:1.32 tex:5 mv:881 misc:442 icu:0.00 pcu:367.00 scu:929.00 tlayer:4 pbqpoffset:7.48 pbfactor:2.37 avgQpOffsetCutree:0.00;
in:128 out:113 type:k q:34.40 q-aq:28.62 q-noVbv:34.40 q-Rceq:1.32 tex:293174 mv:31183 misc:2227 icu:1021.00 pcu:271.00 scu:4.00 tlayer:0 pbqpoffset:1.39 pbfactor:1.17 avgQpOffsetCutree:-6.94;
in:120 out:114 type:B q:37.30 q-aq:30.61 q-noVbv:37.30 q-Rceq:1.32 tex:118803 mv:22107 misc:3570 icu:94.50 pcu:901.00 scu:300.50 tlayer:1 pbqpoffset:2.84 pbfactor:1.39 avgQpOffsetCutree:-5.74;
in:116 out:115 type:B q:38.78 q-aq:35.56 q-noVbv:38.78 q-Rceq:1.32 tex:32929 mv:8288 misc:1991 icu:3.75 pcu:814.75 scu:477.50 tlayer:2 pbqpoffset:4.28 pbfactor:1.64 avgQpOffsetCutree:-2.96;
in:114 out:116 type:B q:39.00 q-aq:37.27 q-noVbv:39.00 q-Rceq:1.32 tex:8116 mv:3983 misc:1237 icu:0.50 pcu:642.25 scu:653.25 tlayer:3 pbqpoffset:4.49 pbfactor:1.68 avgQpOffsetCutree:-1.76;
in:113 out:117 type:b q:42.00 q-aq:42.00 q-noVbv:42.00 q-Rceq:1.32 tex:2 mv:552 misc:398 icu:0.00 pcu:136.00 scu:1160.00 tlayer:4 pbqpoffset:7.49 pbfactor:2.37 avgQpOffsetCutree:0.00;
in:115 out:118 type:b q:41.99 q-aq:42.00 q-noVbv:41.99 q-Rceq:1.32 tex:76 mv:833 misc:467 icu:0.00 pcu:246.00 scu:1050.00 tlayer:4 pbqpoffset:7.49 pbfactor:2.38 avgQpOffsetCutree:0.00;
in:118 out:119 type:B q:38.97 q-aq:37.12 q-noVbv:38.97 q-Rceq:1.32 tex:8234 mv:4105 misc:1485 icu:0.50 pcu:493.50 scu:802.00 tlayer:3 pbqpoffset:4.49 pbfactor:1.68 avgQpOffsetCutree:-1.82;
in:117 out:120 type:b q:41.97 q-aq:42.00 q-noVbv:41.97 q-Rceq:1.32 tex:2 mv:670 misc:392 icu:0.00 pcu:150.50 scu:1145.50 tlayer:4 pbqpoffset:7.49 pbfactor:2.37 avgQpOffsetCutree:0.00;
in:119 out:121 type:b q:41.95 q-aq:42.00 q-noVbv:41.95 q-Rceq:1.32 tex:5 mv:477 misc:326 icu:0.50 pcu:111.00 scu:1184.50 tlayer:4 pbqpoffset:7.48 pbfactor:2.37 avgQpOffsetCutree:0.00;
in:124 out:122 type:B q:38.12 q-aq:33.35 q-noVbv:38.12 q-Rceq:1.32 tex:54116 mv:11938 misc:3162 icu:12.00 pcu:935.25 scu:348.75 tlayer:2 pbqpoffset:3.69 pbfactor:1.53 avgQpOffsetCutree:-4.14;
in:122 out:123 type:B q:38.93 q-aq:37.59 q-noVbv:38.93 q-Rceq:1.32 tex:6728 mv:3554 misc:1286 icu:0.50 pcu:555.75 scu:739.75 tlayer:3 pbqpoffset:4.49 pbfactor:1.68 avgQpOffsetCutree:-1.65;
in:121 out:124 type:b q:41.94 q-aq:42.00 q-noVbv:41.94 q-Rceq:1.32 tex:3 mv:736 misc:389 icu:0.00 pcu:245.50 scu:1050.50 tlayer:4 pbqpoffset:7.49 pbfactor:2.37 avgQpOffsetCutree:0.00;
in:123 out:125 type:b q:41.92 q-aq:42.00 q-noVbv:41.92 q-Rceq:1.32 tex:5 mv:486 misc:365 icu:0.00 pcu:99.00 scu:1197.00 tlayer:4 pbqpoffset:7.49 pbfactor:2.37 avgQpOffsetCutree:0.00;
in:126 out:126 type:B q:38.90 q-aq:36.64 q-noVbv:38.90 q-Rceq:1.32 tex:17506 mv:6805 misc:2145 icu:3.25 pcu:714.25 scu:578.50 tlayer:3 pbqpoffset:4.49 pbfactor:1.68 avgQpOffsetCutree:-2.23;
in:125 out:127 type:b q:41.91 q-aq:42.00 q-noVbv:41.91 q-Rceq:1.32 tex:0 mv:700 misc:404 icu:0.00 pcu:163.25 scu:1132.75 tlayer:4 pbqpoffset:7.48 pbfactor:2.37 avgQpOffsetCutree:0.00;
in:127 out:128 type:b q:41.89 q-aq:42.00 q-noVbv:41.89 q-Rceq:1.32 tex:111 mv:1110 misc:499 icu:0.00 pcu:353.25 scu:942.75 tlayer:4 pbqpoffset:7.49 pbfactor:2.37 avgQpOffsetCutree:0.00;
in:144 out:129 type:k q:34.31 q-aq:28.31 q-noVbv:34.31 q-Rceq:1.32 tex:290142 mv:30259 misc:2439 icu:1028.75 pcu:263.25 scu:4.00 tlayer:0 pbqpoffset:1.38 pbfactor:1.17 avgQpOffsetCutree:-7.02;
in:136 out:130 type:B q:37.06 q-aq:30.29 q-noVbv:37.06 q-Rceq:1.32 tex:102372 mv:21205 misc:3895 icu:87.25 pcu:883.50 scu:325.25 tlayer:1 pbqpoffset:2.71 pbfactor:1.37 avgQpOffsetCutree:-5.86;
in:132 out:131 type:B q:38.82 q-aq:34.91 q-noVbv:38.82 q-Rceq:1.32 tex:31988 mv:8723 misc:2017 icu:2.25 pcu:799.25 scu:494.50 tlayer:2 pbqpoffset:4.44 pbfactor:1.67 avgQpOffsetCutree:-3.62;
in:130 out:132 type:B q:38.88 q-aq:37.62 q-noVbv:38.88 q-Rceq:1.32 tex:3913 mv:3166 misc:1065 icu:0.50 pcu:571.00 scu:724.50 tlayer:3 pbqpoffset:4.49 pbfactor:1.68 avgQpOffsetCutree:-1.54;
in:129 out:133 type:b q:41.88 q-aq:42.00 q-noVbv:41.88 q-Rceq:1.32 tex:4 mv:620 misc:376 icu:0.00 pcu:99.50 scu:1196.50 tlayer:4 pbqpoffset:7.48 pbfactor:2.37 avgQpOffsetCutree:0.00;
in:131 out:134 type:b q:41.87 q-aq:42.00 q-noVbv:41.87 q-Rceq:1.32 tex:6 mv:657 misc:401 icu:0.00 pcu:167.00 scu:1129.00 tlayer:4 pbqpoffset:7.49 pbfactor:2.37 avgQpOffsetCutree:0.00;
in:134 out:135 type:B q:38.85 q-aq:36.65 q-noVbv:38.85 q-Rceq:1.32 tex:9375 mv:4434 misc:1455 icu:0.00 pcu:565.75 scu:730.25 tlayer:3 pbqpoffset:4.49 pbfactor:1.68 avgQpOffsetCutree:-1.76;
in:133 out:136 type:b q:41.85 q-aq:42.00 q-noVbv:41.85 q-Rceq:1.32 tex:5 mv:527 misc:348 icu:0.00 pcu:72.50 scu:1223.50 tlayer:4 pbqpoffset:7.48 pbfactor:2.37 avgQpOffsetCutree:0.00;
in:135 out:137 type:b q:41.84 q-aq:42.00 q-noVbv:41.84 q-Rceq:1.32 tex:18 mv:682 misc:412 icu:0.00 pcu:150.50 scu:1145.50 tlayer:4 pbqpoffset:7.48 pbfactor:2.37 avgQpOffsetCutree:0.00;
in:140 out:138 type:B q:38.04 q-aq:33.29 q-noVbv:38.04 q-Rceq:1.32 tex:54408 mv:12233 misc:2911 icu:19.00 pcu:884.25 scu:392.75 tlayer:2 pbqpoffset:3.71 pbfactor:1.54 avgQpOffsetCutree:-4.10;
in:138 out:139 type:B q:38.83 q-aq:37.51 q-noVbv:38.83 q-Rceq:1.32 tex:9041 mv:4111 misc:1480 icu:0.00 pcu:481.00 scu:815.00 tlayer:3 pbqpoffset:4.49 pbfactor:1.68 avgQpOffsetCutree:-1.67;
in:137 out:140 type:b q:41.83 q-aq:42.00 q-noVbv:41.83 q-Rceq:1.32 tex:2 mv:493 misc:337 icu:0.00 pcu:79.50 scu:1216.50 tlayer:4 pbqpoffset:7.48 pbfactor:2.37 avgQpOffsetCutree:0.00;
in:139 out:141 type:b q:41.82 q-aq:42.00 q-noVbv:41.82 q-Rceq:1.32 tex:6 mv:645 misc:413 icu:0.50 pcu:194.75 scu:1100.75 tlayer:4 pbqpoffset:7.48 pbfactor:2.37 avgQpOffsetCutree:0.00;
in:142 out:142 type:B q:38.81 q-aq:36.24 q-noVbv:38.81 q-Rceq:1.32 tex:17929 mv:6537 misc:2006 icu:0.50 pcu:673.00 scu:622.50 tlayer:3 pbqpoffset:4.49 pbfactor:1.68 avgQpOffsetCutree:-2.25;
in:141 out:143 type:b q:41.81 q-aq:42.00 q-noVbv:41.81 q-Rceq:1.32 tex:14 mv:572 misc:382 icu:0.25 pcu:100.25 scu:1195.50 tlayer:4 pbqpoffset:7.48 pbfactor:2.37 avgQpOffsetCutree:0.00;
in:143 out:144 type:b q:41.80 q-aq:42.00 q-noVbv:41.80 q-Rceq:1.32 tex:7 mv:1202 misc:591 icu:0.25 pcu:334.00 scu:961.75 tlayer:4 pbqpoffset:7.49 pbfactor:2.38 avgQpOffsetCutree:0.00;
in:160 out:145 type:k q:34.46 q-aq:28.81 q-noVbv:34.46 q-Rceq:1.32 tex:336402 mv:31166 misc:2280 icu:769.75 pcu:519.50 scu:6.75 tlayer:0 pbqpoffset:1.44 pbfactor:1.18 avgQpOffsetCutree:-6.90;
in:152 out:146 type:B q:37.29 q-aq:30.75 q-noVbv:37.29 q-Rceq:1.32 tex:99606 mv:18999 misc:3651 icu:110.50 pcu:818.50 scu:367.00 tlayer:1 pbqpoffset:2.91 pbfactor:1.40 avgQpOffsetCutree:-5.68;
in:148 out:147 type:B q:38.87 q-aq:34.52 q-noVbv:38.87 q-Rceq:1.32 tex:30102 mv:9785 misc:1961 icu:2.25 pcu:778.50 scu:515.25 tlayer:2 pbqpoffset:4.52 pbfactor:1.69 avgQpOffsetCutree:-3.52;
in:146 out:148 type:B q:38.85 q-aq:37.24 q-noVbv:38.85 q-Rceq:1.32 tex:4070 mv:2999 misc:1091 icu:0.25 pcu:505.25 scu:790.50 tlayer:3 pbqpoffset:4.52 pbfactor:1.69 avgQpOffsetCutree:-1.66;
in:145 out:149 type:b q:41.84 q-aq:42.00 q-noVbv:41.84 q-Rceq:1.32 tex:31 mv:536 misc:385 icu:0.00 pcu:136.50 scu:1159.50 tlayer:4 pbqpoffset:7.52 pbfactor:2.38 avgQpOffsetCutree:0.00;
in:147 out:150 type:b q:41.85 q-aq:42.00 q-noVbv:41.85 q-Rceq:1.32 tex:3 mv:526 misc:359 icu:0.00 pcu:160.25 scu:1135.75 tlayer:4 pbqpoffset:7.52 pbfactor:2.38 avgQpOffsetCutree:0.00;
in:150 out:151 type:B q:38.89 q-aq:37.51 q-noVbv:38.89 q-Rceq:1.32 tex:7653 mv:4549 misc:1334 icu:1.00 pcu:655.75 scu:639.25 tlayer:3 pbqpoffset:4.52 pbfactor:1.69 avgQpOffsetCutree:-2.00;
in:149 out:152 type:b q:41.87 q-aq:42.00 q-noVbv:41.87 q-Rceq:1.32 tex:11 mv:815 misc:438 icu:0.00 pcu:211.00 scu:1085.00 tlayer:4 pbqpoffset:7.52 pbfactor:2.38 avgQpOffsetCutree:0.00;
in:151 out:153 type:b q:41.89 q-aq:42.00 q-noVbv:41.89 q-Rceq:1.32 tex:2 mv:923 misc:499 icu:0.00 pcu:310.00 scu:986.00 tlayer:4 pbqpoffset:7.52 pbfactor:2.38 avgQpOffsetCutree:0.00;
in:156 out:154 type:B q:38.30 q-aq:33.50 q-noVbv:38.30 q-Rceq:1.32 tex:61857 mv:13335 misc:2808 icu:26.75 pcu:867.50 scu:401.75 tlayer:2 pbqpoffset:3.88 pbfactor:1.57 avgQpOffsetCutree:-4.08;
in:154 out:155 type:B q:38.93 q-aq:37.16 q-noVbv:38.93 q-Rceq:1.32 tex:10709 mv:4601 misc:1418 icu:0.25 pcu:611.25 scu:684.50 tlayer:3 pbqpoffset:4.52 pbfactor:1.69 avgQpOffsetCutree:-1.48;
in:153 out:156 type:b q:41.92 q-aq:42.00 q-noVbv:41.92 q-Rceq:1.32 tex:2 mv:904 misc:454 icu:0.00 pcu:264.00 scu:1032.00 tlayer:4 pbqpoffset:7.52 pbfactor:2.38 avgQpOffsetCutree:0.00;
in:155 out:157 type:b q:41.94 q-aq:42.00 q-noVbv:41.94 q-Rceq:1.32 tex:3 mv:615 misc:390 icu:0.00 pcu:123.50 scu:1172.50 tlayer:4 pbqpoffset:7.52 pbfactor:2.39 avgQpOffsetCutree:0.00;
in:158 out:158 type:B q:38.94 q-aq:35.93 q-noVbv:38.94 q-Rceq:1.32 tex:29372 mv:9289 misc:2235 icu:2.25 pcu:839.75 scu:454.00 tlayer:3 pbqpoffset:4.50 pbfactor:1.68 avgQpOffsetCutree:-2.54;
in:157 out:159 type:b q:41.95 q-aq:42.00 q-noVbv:41.95 q-Rceq:1.32 tex:3 mv:1030 misc:503 icu:0.00 pcu:407.25 scu:888.75 tlayer:4 pbqpoffset:7.52 pbfactor:2.38 avgQpOffsetCutree:0.00;
in:159 out:160 type:b q:41.98 q-aq:42.00 q-noVbv:41.98 q-Rceq:1.32 tex:50 mv:926 misc:512 icu:0.00 pcu:333.00 scu:963.00 tlayer:4 pbqpoffset:7.52 pbfactor:2.39 avgQpOffsetCutree:0.00;
in:176 out:161 type:k q:34.93 q-aq:29.32 q-noVbv:34.93 q-Rceq:1.32 tex:309511 mv:31861 misc:2372 icu:877.75 pcu:412.25 scu:6.00 tlayer:0 pbqpoffset:1.42 pbfactor:1.18 avgQpOffsetCutree:-6.75;
in:168 out:162 type:B q:37.39 q-aq:31.00 q-noVbv:37.39 q-Rceq:1.32 tex:111591 mv:21538 misc:3919 icu:109.00 pcu:863.75 scu:323.25 tlayer:1 pbqpoffset:2.70 pbfactor:1.37 avgQpOffsetCutree:-5.65;
in:164 out:163 type:B q:38.87 q-aq:34.94 q-noVbv:38.87 q-Rceq:1.32 tex:39678 mv:10978 misc:2184 icu:4.50 pcu:837.50 scu:454.00 tlayer:2 pbqpoffset:4.29 pbfactor:1.64 avgQpOffsetCutree:-3.47;
in:162 out:164 type:B q:39.08 q-aq:37.24 q-noVbv:39.08 q-Rceq:1.32 tex:8240 mv:3930 misc:1310 icu:0.00 pcu:506.00 scu:790.00 tlayer:3 pbqpoffset:4.56 pbfactor:1.69 avgQpOffsetCutree:-1.76;
in:161 out:165 type:b q:42.05 q-aq:42.00 q-noVbv:42.05 q-Rceq:1.32 tex:5 mv:494 misc:373 icu:0.00 pcu:134.00 scu:1162.00 tlayer:4 pbqpoffset:7.56 pbfactor:2.39 avgQpOffsetCutree:0.00;
in:163 out:166 type:b q:42.11 q-aq:42.00 q-noVbv:42.11 q-Rceq:1.32 tex:3 mv:605 misc:384 icu:0.00 pcu:141.00 scu:1155.00 tlayer:4 pbqpoffset:7.56 pbfactor:2.39 avgQpOffsetCutree:0.00;
in:166 out:167 type:B q:39.20 q-aq:37.32 q-noVbv:39.20 q-Rceq:1.32 tex:8884 mv:4957 misc:1439 icu:0.50 pcu:628.50 scu:667.00 tlayer:3 pbqpoffset:4.56 pbfactor:1.69 avgQpOffsetCutree:-1.87;
in:165 out:168 type:b q:42.17 q-aq:42.00 q-noVbv:42.17 q-Rceq:1.32 tex:65 mv:868 misc:435 icu:0.00 pcu:298.00 scu:998.00 tlayer:4 pbqpoffset:7.56 pbfactor:2.40 avgQpOffsetCutree:0.00;
in:167 out:169 type:b q:42.22 q-aq:42.00 q-noVbv:42.22 q-Rceq:1.32 tex:5 mv:691 misc:424 icu:0.00 pcu:153.00 scu:1143.00 tlayer:4 pbqpoffset:7.56 pbfactor:2.40 avgQpOffsetCutree:0.00;
in:172 out:170 type:B q:38.16 q-aq:33.60 q-noVbv:38.16 q-Rceq:1.32 tex:60215 mv:12875 misc:2958 icu:21.75 pcu:824.00 scu:450.25 tlayer:2 pbqpoffset:3.35 pbfactor:1.47 avgQpOffsetCutree:-3.96;
in:170 out:171 type:B q:39.31 q-aq:38.30 q-noVbv:39.31 q-Rceq:1.32 tex:7349 mv:5564 misc:1567 icu:0.50 pcu:616.00 scu:679.50 tlayer:3 pbqpoffset:4.56 pbfactor:1.69 avgQpOffsetCutree:-1.35;
in:169 out:172 type:b q:42.28 q-aq:42.00 q-noVbv:42.28 q-Rceq:1.32 tex:3 mv:922 misc:475 icu:0.00 pcu:258.00 scu:1038.00 tlayer:4 pbqpoffset:7.56 pbfactor:2.39 avgQpOffsetCutree:0.00;
in:171 out:173 type:b q:42.34 q-aq:42.00 q-noVbv:42.34 q-Rceq:1.32 tex:50 mv:1136 misc:510 icu:0.00 pcu:373.00 scu:923.00 tlayer:4 pbqpoffset:7.56 pbfactor:2.40 avgQpOffsetCutree:0.00;
in:174 out:174 type:B q:39.03 q-aq:36.59 q-noVbv:39.03 q-Rceq:1.32 tex:21626 mv:7518 misc:2304 icu:7.00 pcu:711.75 scu:577.25 tlayer:3 pbqpoffset:4.17 pbfactor:1.62 avgQpOffsetCutree:-2.23;
in:173 out:175 type:b q:42.40 q-aq:42.00 q-noVbv:42.40 q-Rceq:1.32 tex:5 mv:1433 misc:554 icu:0.00 pcu:375.00 scu:921.00 tlayer:4 pbqpoffset:7.56 pbfactor:2.40 avgQpOffsetCutree:0.00;
in:175 out:176 type:b q:42.46 q-aq:42.00 q-noVbv:42.46 q-Rceq:1.32 tex:138 mv:1230 misc:656 icu:0.00 pcu:378.00 scu:918.00 tlayer:4 pbqpoffset:7.56 pbfactor:2.40 avgQpOffsetCutree:0.00;
in:192 out:177 type:k q:35.20 q-aq:29.19 q-noVbv:35.20 q-Rceq:1.32 tex:275804 mv:33807 misc:1957 icu:1117.00 pcu:176.75 scu:2.25 tlayer:0 pbqpoffset:1.34 pbfactor:1.17 avgQpOffsetCutree:-6.92;
in:184 out:178 type:B q:37.70 q-aq:31.35 q-noVbv:37.70 q-Rceq:1.32 tex:120694 mv:22283 misc:3623 icu:103.25 pcu:918.50 scu:274.25 tlayer:1 pbqpoffset:2.64 pbfactor:1.36 avgQpOffsetCutree:-5.58;
in:180 out:179 type:B q:39.08 q-aq:34.94 q-noVbv:39.08 q-Rceq:1.32 tex:43043 mv:9808 misc:2221 icu:3.00 pcu:846.75 scu:446.25 tlayer:2 pbqpoffset:4.09 pbfactor:1.60 avgQpOffsetCutree:-3.70;
in:178 out:180 type:B q:39.46 q-aq:38.10 q-noVbv:39.46 q-Rceq:1.32 tex:5524 mv:3284 misc:1248 icu:0.25 pcu:483.75 scu:812.00 tlayer:3 pbqpoffset:4.50 pbfactor:1.68 avgQpOffsetCutree:-1.66;
in:177 out:181 type:b q:41.48 q-aq:41.00 q-noVbv:41.48 q-Rceq:1.32 tex:87 mv:704 misc:433 icu:0.00 pcu:202.00 scu:1094.00 tlayer:4 pbqpoffset:6.53 pbfactor:2.13 avgQpOffsetCutree:0.00;
in:179 out:182 type:b q:42.48 q-aq:42.00 q-noVbv:42.48 q-Rceq:1.32 tex:2 mv:1024 misc:502 icu:0.00 pcu:259.50 scu:1036.50 tlayer:4 pbqpoffset:7.50 pbfactor:2.38 avgQpOffsetCutree:0.00;
in:182 out:183 type:B q:39.53 q-aq:37.73 q-noVbv:39.53 q-Rceq:1.32 tex:10643 mv:4566 misc:1647 icu:3.50 pcu:600.75 scu:691.75 tlayer:3 pbqpoffset:4.50 pbfactor:1.68 avgQpOffsetCutree:-1.69;
in:181 out:184 type:b q:42.51 q-aq:43.00 q-noVbv:42.51 q-Rceq:1.32 tex:20 mv:757 misc:471 icu:0.00 pcu:215.25 scu:1080.75 tlayer:4 pbqpoffset:7.50 pbfactor:2.38 avgQpOffsetCutree:0.00;
in:183 out:185 type:b q:42.55 q-aq:43.00 q-noVbv:42.55 q-Rceq:1.32 tex:37 mv:1218 misc:521 icu:0.50 pcu:324.75 scu:970.75 tlayer:4 pbqpoffset:7.50 pbfactor:2.38 avgQpOffsetCutree:0.00;
in:188 out:186 type:B q:38.61 q-aq:34.09 q-noVbv:38.61 q-Rceq:1.32 tex:44188 mv:13415 misc:3013 icu:18.50 pcu:902.75 scu:374.75 tlayer:2 pbqpoffset:3.48 pbfactor:1.50 avgQpOffsetCutree:-3.93;
in:186 out:187 type:B q:39.60 q-aq:37.58 q-noVbv:39.60 q-Rceq:1.32 tex:6719 mv:4828 misc:1397 icu:0.50 pcu:606.50 scu:689.00 tlayer:3 pbqpoffset:4.50 pbfactor:1.68 avgQpOffsetCutree:-2.02;
in:185 out:188 type:b q:42.52 q-aq:43.00 q-noVbv:42.52 q-Rceq:1.32 tex:2 mv:1128 misc:462 icu:0.00 pcu:334.75 scu:961.25 tlayer:4 pbqpoffset:7.44 pbfactor:2.36 avgQpOffsetCutree:0.00;
in:187 out:189 type:b q:42.61 q-aq:43.00 q-noVbv:42.61 q-Rceq:1.32 tex:4 mv:975 misc:493 icu:0.00 pcu:256.50 scu:1039.50 tlayer:4 pbqpoffset:7.50 pbfactor:2.38 avgQpOffsetCutree:0.00;
in:190 out:190 type:B q:39.53 q-aq:37.23 q-noVbv:39.53 q-Rceq:1.32 tex:15917 mv:7595 misc:2168 icu:3.25 pcu:748.25 scu:544.50 tlayer:3 pbqpoffset:4.37 pbfactor:1.66 avgQpOffsetCutree:-2.05;
in:189 out:191 type:b q:42.65 q-aq:43.00 q-noVbv:42.65 q-Rceq:1.32 tex:3 mv:862 misc:415 icu:0.00 pcu:209.50 scu:1086.50 tlayer:4 pbqpoffset:7.50 pbfactor:2.38 avgQpOffsetCutree:0.00;
in:191 out:192 type:b q:42.68 q-aq:43.00 q-noVbv:42.68 q-Rceq:1.32 tex:23 mv:1164 misc:645 icu:0.00 pcu:329.75 scu:966.25 tlayer:4 pbqpoffset:7.50 pbfactor:2.38 avgQpOffsetCutree:0.00;
in:208 out:193 type:k q:35.05 q-aq:29.30 q-noVbv:35.05 q-Rceq:1.32 tex:321195 mv:35707 misc:2186 icu:836.75 pcu:453.00 scu:6.25 tlayer:0 pbqpoffset:1.53 pbfactor:1.19 avgQpOffsetCutree:-6.80;
in:200 out:194 type:B q:37.89 q-aq:31.30 q-noVbv:37.89 q-Rceq:1.32 tex:104378 mv:19738 misc:3764 icu:109.50 pcu:837.50 scu:349.00 tlayer:1 pbqpoffset:2.76 pbfactor:1.38 avgQpOffsetCutree:-5.72;
in:196 out:195 type:B q:39.45 q-aq:35.47 q-noVbv:39.45 q-Rceq:1.32 tex:39236 mv:9124 misc:2072 icu:5.25 pcu:784.00 scu:506.75 tlayer:2 pbqpoffset:4.29 pbfactor:1.64 avgQpOffsetCutree:-3.67;
in:194 out:196 type:B q:39.68 q-aq:38.28 q-noVbv:39.68 q-Rceq:1.32 tex:4829 mv:3293 misc:1238 icu:0.75 pcu:500.25 scu:795.00 tlayer:3 pbqpoffset:4.50 pbfactor:1.68 avgQpOffsetCutree:-1.51;
in:193 out:197 type:b q:42.69 q-aq:43.00 q-noVbv:42.69 q-Rceq:1.32 tex:48 mv:562 misc:358 icu:0.00 pcu:171.50 scu:1124.50 tlayer:4 pbqpoffset:7.50 pbfactor:2.38 avgQpOffsetCutree:0.00;
in:195 out:198 type:b q:42.67 q-aq:43.00 q-noVbv:42.67 q-Rceq:1.32 tex:1 mv:628 misc:387 icu:0.00 pcu:169.00 scu:1127.00 tlayer:4 pbqpoffset:7.50 pbfactor:2.38 avgQpOffsetCutree:0.00;
in:198 out:199 type:B q:39.65 q-aq:38.03 q-noVbv:39.65 q-Rceq:1.32 tex:6345 mv:3603 misc:1324 icu:0.75 pcu:540.75 scu:754.50 tlayer:3 pbqpoffset:4.50 pbfactor:1.68 avgQpOffsetCutree:-1.73;
in:197 out:200 type:b q:42.65 q-aq:43.00 q-noVbv:42.65 q-Rceq:1.32 tex:5 mv:636 misc:391 icu:0.00 pcu:158.00 scu:1138.00 tlayer:4 pbqpoffset:7.50 pbfactor:2.38 avgQpOffsetCutree:0.00;
in:199 out:201 type:b q:42.64 q-aq:43.00 q-noVbv:42.64 q-Rceq:1.32 tex:2 mv:768 misc:422 icu:0.00 pcu:291.00 scu:1005.00 tlayer:4 pbqpoffset:7.50 pbfactor:2.38 avgQpOffsetCutree:0.00;
in:204 out:202 type:B q:38.82 q-aq:33.94 q-noVbv:38.82 q-Rceq:1.32 tex:54279 mv:12731 misc:2910 icu:14.50 pcu:830.50 scu:451.00 tlayer:2 pbqpoffset:3.73 pbfactor:1.54 avgQpOffsetCutree:-4.21;
in:202 out:203 type:B q:39.61 q-aq:38.15 q-noVbv:39.61 q-Rceq:1.32 tex:8563 mv:3676 misc:1385 icu:0.25 pcu:554.75 scu:741.00 tlayer:3 pbqpoffset:4.50 pbfactor:1.68 avgQpOffsetCutree:-1.55;
in:201 out:204 type:b q:42.62 q-aq:43.00 q-noVbv:42.62 q-Rceq:1.32 tex:2 mv:574 misc:344 icu:0.00 pcu:180.00 scu:1116.00 tlayer:4 pbqpoffset:7.50 pbfactor:2.38 avgQpOffsetCutree:0.00;
in:203 out:205 type:b q:42.60 q-aq:43.00 q-noVbv:42.60 q-Rceq:1.32 tex:27 mv:521 misc:388 icu:0.00 pcu:177.00 scu:1119.00 tlayer:4 pbqpoffset:7.50 pbfactor:2.38 avgQpOffsetCutree:0.00;
in:206 out:206 type:B q:39.57 q-aq:37.37 q-noVbv:39.57 q-Rceq:1.32 tex:17702 mv:7796 misc:2094 icu:3.00 pcu:738.00 scu:555.00 tlayer:3 pbqpoffset:4.50 pbfactor:1.68 avgQpOffsetCutree:-2.23;
in:205 out:207 type:b q:42.58 q-aq:43.00 q-noVbv:42.58 q-Rceq:1.32 tex:3 mv:444 misc:321 icu:0.00 pcu:108.00 scu:1188.00 tlayer:4 pbqpoffset:7.50 pbfactor:2.38 avgQpOffsetCutree:0.00;
in:207 out:208 type:b q:41.76 q-aq:42.00 q-noVbv:41.76 q-Rceq:1.32 tex:8 mv:1288 misc:584 icu:0.00 pcu:395.25 scu:900.75 tlayer:4 pbqpoffset:6.70 pbfactor:2.17 avgQpOffsetCutree:0.00;
in:224 out:209 type:k q:35.19 q-aq:29.45 q-noVbv:35.19 q-Rceq:1.32 tex:299669 mv:32183 misc:2268 icu:916.75 pcu:373.00 scu:6.25 tlayer:0 pbqpoffset:1.45 pbfactor:1.18 avgQpOffsetCutree:-6.79;
in:216 out:210 type:B q:37.77 q-aq:31.14 q-noVbv:37.77 q-Rceq:1.32 tex:116632 mv:23719 misc:3873 icu:129.50 pcu:889.25 scu:277.25 tlayer:1 pbqpoffset:2.64 pbfactor:1.36 avgQpOffsetCutree:-5.78;
in:212 out:211 type:B q:39.29 q-aq:35.33 q-noVbv:39.29 q-Rceq:1.32 tex:34086 mv:10387 misc:2111 icu:3.75 pcu:800.25 scu:492.00 tlayer:2 pbqpoffset:4.21 pbfactor:1.63 avgQpOffsetCutree:-3.70;
in:210 out:212 type:B q:39.58 q-aq:38.47 q-noVbv:39.58 q-Rceq:1.32 tex:3498 mv:3268 misc:1034 icu:0.75 pcu:480.00 scu:815.25 tlayer:3 pbqpoffset:4.51 pbfactor:1.68 avgQpOffsetCutree:-1.12;
in:209 out:213 type:b q:42.57 q-aq:43.00 q-noVbv:42.57 q-Rceq:1.32 tex:0 mv:534 misc:362 icu:0.00 pcu:166.25 scu:1129.75 tlayer:4 pbqpoffset:7.51 pbfactor:2.38 avgQpOffsetCutree:0.00;
in:211 out:214 type:b q:42.58 q-aq:43.00 q-noVbv:42.58 q-Rceq:1.32 tex:3 mv:502 misc:343 icu:0.00 pcu:124.00 scu:1172.00 tlayer:4 pbqpoffset:7.51 pbfactor:2.38 avgQpOffsetCutree:0.00;
in:214 out:215 type:B q:39.61 q-aq:37.80 q-noVbv:39.61 q-Rceq:1.32 tex:9595 mv:5255 misc:1414 icu:0.50 pcu:654.75 scu:640.75 tlayer:3 pbqpoffset:4.51 pbfactor:1.68 avgQpOffsetCutree:-1.84;
in:213 out:216 type:b q:42.60 q-aq:43.00 q-noVbv:42.60 q-Rceq:1.32 tex:57 mv:425 misc:342 icu:0.00 pcu:137.00 scu:1159.00 tlayer:4 pbqpoffset:7.51 pbfactor:2.38 avgQpOffsetCutree:0.00;
in:215 out:217 type:b q:41.08 q-aq:41.00 q-noVbv:41.08 q-Rceq:1.32 tex:8 mv:1178 misc:526 icu:0.25 pcu:365.00 scu:930.75 tlayer:4 pbqpoffset:5.97 pbfactor:1.99 avgQpOffsetCutree:0.00;
in:220 out:218 type:B q:38.57 q-aq:33.96 q-noVbv:38.57 q-Rceq:1.32 tex:53107 mv:12850 misc:2947 icu:13.50 pcu:872.00 scu:410.50 tlayer:2 pbqpoffset:3.41 pbfactor:1.48 avgQpOffsetCutree:-4.03;
in:218 out:219 type:B q:39.65 q-aq:38.51 q-noVbv:39.65 q-Rceq:1.32 tex:5630 mv:3892 misc:1238 icu:0.00 pcu:627.00 scu:669.00 tlayer:3 pbqpoffset:4.51 pbfactor:1.68 avgQpOffsetCutree:-1.61;
in:217 out:220 type:b q:42.64 q-aq:43.00 q-noVbv:42.64 q-Rceq:1.32 tex:11 mv:544 misc:357 icu:0.50 pcu:102.25 scu:1193.25 tlayer:4 pbqpoffset:7.51 pbfactor:2.38 avgQpOffsetCutree:0.00;
in:219 out:221 type:b q:42.66 q-aq:43.00 q-noVbv:42.66 q-Rceq:1.32 tex:0 mv:710 misc:418 icu:0.00 pcu:253.50 scu:1042.50 tlayer:4 pbqpoffset:7.51 pbfactor:2.38 avgQpOffsetCutree:0.00;
in:222 out:222 type:B q:39.69 q-aq:37.24 q-noVbv:39.69 q-Rceq:1.32 tex:18717 mv:7546 misc:2345 icu:2.75 pcu:655.75 scu:637.50 tlayer:3 pbqpoffset:4.51 pbfactor:1.68 avgQpOffsetCutree:-2.28;
in:221 out:223 type:b q:42.67 q-aq:43.00 q-noVbv:42.67 q-Rceq:1.32 tex:1 mv:647 misc:400 icu:0.00 pcu:186.00 scu:1110.00 tlayer:4 pbqpoffset:7.51 pbfactor:2.38 avgQpOffsetCutree:0.00;
in:223 out:224 type:b q:41.59 q-aq:42.00 q-noVbv:41.59 q-Rceq:1.32 tex:176 mv:1165 misc:659 icu:0.00 pcu:360.25 scu:935.75 tlayer:4 pbqpoffset:6.40 pbfactor:2.09 avgQpOffsetCutree:0.00;
in:240 out:225 type:k q:35.41 q-aq:29.48 q-noVbv:35.41 q-Rceq:1.32 tex:286210 mv:31203 misc:2211 icu:909.25 pcu:381.25 scu:5.50 tlayer:0 pbqpoffset:1.52 pbfactor:1.19 avgQpOffsetCutree:-6.91;
in:232 out:226 type:B q:37.92 q-aq:31.44 q-noVbv:37.92 q-Rceq:1.32 tex:112859 mv:22682 misc:3691 icu:151.50 pcu:897.50 scu:247.00 tlayer:1 pbqpoffset:2.62 pbfactor:1.35 avgQpOffsetCutree:-5.66;
in:228 out:227 type:B q:39.17 q-aq:35.06 q-noVbv:39.17 q-Rceq:1.32 tex:39979 mv:10148 misc:1993 icu:7.50 pcu:852.25 scu:436.25 tlayer:2 pbqpoffset:3.92 pbfactor:1.57 avgQpOffsetCutree:-3.56;
in:226 out:228 type:B q:39.71 q-aq:37.83 q-noVbv:39.71 q-Rceq:1.32 tex:4976 mv:3049 misc:1199 icu:0.75 pcu:534.00 scu:761.25 tlayer:3 pbqpoffset:4.48 pbfactor:1.68 avgQpOffsetCutree:-1.93;
in:225 out:229 type:b q:42.69 q-aq:43.00 q-noVbv:42.69 q-Rceq:1.32 tex:3 mv:717 misc:408 icu:0.25 pcu:235.50 scu:1060.25 tlayer:4 pbqpoffset:7.48 pbfactor:2.37 avgQpOffsetCutree:0.00;
in:227 out:230 type:b q:42.72 q-aq:43.00 q-noVbv:42.72 q-Rceq:1.32 tex:8 mv:718 misc:466 icu:0.00 pcu:258.00 scu:1038.00 tlayer:4 pbqpoffset:7.48 pbfactor:2.37 avgQpOffsetCutree:0.00;
in:230 out:231 type:B q:39.76 q-aq:37.82 q-noVbv:39.76 q-Rceq:1.32 tex:5963 mv:4584 misc:1501 icu:1.00 pcu:637.25 scu:657.75 tlayer:3 pbqpoffset:4.48 pbfactor:1.68 avgQpOffsetCutree:-1.73;
in:229 out:232 type:b q:42.75 q-aq:43.00 q-noVbv:42.75 q-Rceq:1.32 tex:5 mv:708 misc:423 icu:0.00 pcu:210.50 scu:1085.50 tlayer:4 pbqpoffset:7.48 pbfactor:2.37 avgQpOffsetCutree:0.00;
in:231 out:233 type:b q:42.77 q-aq:43.00 q-noVbv:42.77 q-Rceq:1.32 tex:27 mv:717 misc:400 icu:0.00 pcu:218.25 scu:1077.75 tlayer:4 pbqpoffset:7.48 pbfactor:2.37 avgQpOffsetCutree:0.00;
in:236 out:234 type:B q:38.78 q-aq:34.12 q-noVbv:38.78 q-Rceq:1.32 tex:50847 mv:13091 misc:3030 icu:21.25 pcu:899.75 scu:375.00 tlayer:2 pbqpoffset:3.42 pbfactor:1.48 avgQpOffsetCutree:-4.05;
in:234 out:235 type:B q:39.82 q-aq:38.98 q-noVbv:39.82 q-Rceq:1.32 tex:6092 mv:3597 misc:1447 icu:1.00 pcu:578.25 scu:716.75 tlayer:3 pbqpoffset:4.48 pbfactor:1.68 avgQpOffsetCutree:-1.59;
in:233 out:236 type:b q:42.80 q-aq:43.00 q-noVbv:42.80 q-Rceq:1.32 tex:5 mv:807 misc:428 icu:0.50 pcu:309.50 scu:986.00 tlayer:4 pbqpoffset:7.48 pbfactor:2.37 avgQpOffsetCutree:0.00;
in:235 out:237 type:b q:42.83 q-aq:43.00 q-noVbv:42.83 q-Rceq:1.32 tex:19 mv:656 misc:421 icu:0.00 pcu:134.25 scu:1161.75 tlayer:4 pbqpoffset:7.48 pbfactor:2.37 avgQpOffsetCutree:0.00;
in:238 out:238 type:B q:39.87 q-aq:37.52 q-noVbv:39.87 q-Rceq:1.32 tex:16540 mv:6550 misc:2078 icu:5.75 pcu:718.25 scu:572.00 tlayer:3 pbqpoffset:4.48 pbfactor:1.68 avgQpOffsetCutree:-2.20;
in:237 out:239 type:b q:42.85 q-aq:43.00 q-noVbv:42.85 q-Rceq:1.32 tex:46 mv:781 misc:413 icu:0.00 pcu:237.25 scu:1058.75 tlayer:4 pbqpoffset:7.48 pbfactor:2.37 avgQpOffsetCutree:0.00;
in:239 out:240 type:b q:42.88 q-aq:43.00 q-noVbv:42.88 q-Rceq:1.32 tex:24 mv:1022 misc:506 icu:0.25 pcu:276.50 scu:1019.25 tlayer:4 pbqpoffset:7.48 pbfactor:2.37 avgQpOffsetCutree:0.00;
in:256 out:241 type:k q:35.33 q-aq:29.40 q-noVbv:35.33 q-Rceq:1.32 tex:303567 mv:33284 misc:2229 icu:921.00 pcu:368.00 scu:7.00 tlayer:0 pbqpoffset:1.45 pbfactor:1.18 avgQpOffsetCutree:-6.93;
in:248 out:242 type:B q:38.06 q-aq:31.65 q-noVbv:38.06 q-Rceq:1.32 tex:101295 mv:21564 misc:4229 icu:104.25 pcu:877.75 scu:314.00 tlayer:1 pbqpoffset:2.69 pbfactor:1.36 avgQpOffsetCutree:-5.62;
in:244 out:243 type:B q:39.64 q-aq:35.60 q-noVbv:39.64 q-Rceq:1.32 tex:37581 mv:9002 misc:2129 icu:5.00 pcu:749.25 scu:541.75 tlayer:2 pbqpoffset:4.25 pbfactor:1.63 avgQpOffsetCutree:-3.63;
in:242 out:244 type:B q:39.90 q-aq:38.37 q-noVbv:39.90 q-Rceq:1.32 tex:6018 mv:3774 misc:1264 icu:0.00 pcu:631.50 scu:664.50 tlayer:3 pbqpoffset:4.49 pbfactor:1.68 avgQpOffsetCutree:-1.78;
in:241 out:245 type:b q:42.90 q-aq:43.00 q-noVbv:42.90 q-Rceq:1.32 tex:43 mv:484 misc:361 icu:0.00 pcu:148.00 scu:1148.00 tlayer:4 pbqpoffset:7.49 pbfactor:2.38 avgQpOffsetCutree:0.00;
in:243 out:246 type:b q:42.89 q-aq:43.00 q-noVbv:42.89 q-Rceq:1.32 tex:1 mv:326 misc:321 icu:0.00 pcu:48.25 scu:1247.75 tlayer:4 pbqpoffset:7.49 pbfactor:2.38 avgQpOffsetCutree:0.00;
in:246 out:247 type:B q:39.88 q-aq:37.58 q-noVbv:39.88 q-Rceq:1.32 tex:6829 mv:4066 misc:1281 icu:0.00 pcu:620.75 scu:675.25 tlayer:3 pbqpoffset:4.49 pbfactor:1.68 avgQpOffsetCutree:-1.99;
in:245 out:248 type:b q:42.88 q-aq:43.00 q-noVbv:42.88 q-Rceq:1.32 tex:4 mv:552 misc:396 icu:0.00 pcu:136.00 scu:1160.00 tlayer:4 pbqpoffset:7.49 pbfactor:2.38 avgQpOffsetCutree:0.00;
in:247 out:249 type:b q:42.87 q-aq:43.00 q-noVbv:42.87 q-Rceq:1.32 tex:0 mv:605 misc:427 icu:0.00 pcu:277.00 scu:1019.00 tlayer:4 pbqpoffset:7.49 pbfactor:2.38 avgQpOffsetCutree:0.00;
in:252 out:250 type:B q:38.93 q-aq:34.22 q-noVbv:38.93 q-Rceq:1.32 tex:56840 mv:13035 misc:2909 icu:17.75 pcu:890.25 scu:388.00 tlayer:2 pbqpoffset:3.58 pbfactor:1.51 avgQpOffsetCutree:-4.06;
in:250 out:251 type:B q:39.86 q-aq:38.06 q-noVbv:39.86 q-Rceq:1.32 tex:5695 mv:3356 misc:1077 icu:0.50 pcu:497.25 scu:798.25 tlayer:3 pbqpoffset:4.49 pbfactor:1.68 avgQpOffsetCutree:-1.24;
in:249 out:252 type:b q:42.86 q-aq:43.00 q-noVbv:42.86 q-Rceq:1.32 tex:3 mv:563 misc:346 icu:0.00 pcu:124.00 scu:1172.00 tlayer:4 pbqpoffset:7.49 pbfactor:2.38 avgQpOffsetCutree:0.00;
in:251 out:253 type:b q:42.85 q-aq:43.00 q-noVbv:42.85 q-Rceq:1.32 tex:2 mv:435 misc:355 icu:0.00 pcu:86.00 scu:1210.00 tlayer:4 pbqpoffset:7.49 pbfactor:2.38 avgQpOffsetCutree:0.00;
in:254 out:254 type:B q:39.84 q-aq:37.09 q-noVbv:39.84 q-Rceq:1.32 tex:16142 mv:7476 misc:2238 icu:1.75 pcu:703.50 scu:590.75 tlayer:3 pbqpoffset:4.49 pbfactor:1.68 avgQpOffsetCutree:-2.49;
in:253 out:255 type:b q:42.84 q-aq:43.00 q-noVbv:42.84 q-Rceq:1.32 tex:3 mv:462 misc:327 icu:0.00 pcu:104.25 scu:1191.75 tlayer:4 pbqpoffset:7.49 pbfactor:2.38 avgQpOffsetCutree:0.00;
in:255 out:256 type:b q:42.83 q-aq:43.00 q-noVbv:42.83 q-Rceq:1.32 tex:5 mv:1020 misc:519 icu:0.00 pcu:313.25 scu:982.75 tlayer:4 pbqpoffset:7.49 pbfactor:2.38 avgQpOffsetCutree:0.00;
in:272 out:257 type:k q:35.17 q-aq:29.32 q-noVbv:35.17 q-Rceq:1.32 tex:303179 mv:35101 misc:2416 icu:891.00 pcu:396.00 scu:9.00 tlayer:0 pbqpoffset:1.59 pbfactor:1.20 avgQpOffsetCutree:-6.88;
in:264 out:258 type:B q:37.89 q-aq:31.13 q-noVbv:37.89 q-Rceq:1.32 tex:110099 mv:22956 misc:4137 icu:105.50 pcu:803.50 scu:387.00 tlayer:1 pbqpoffset:2.63 pbfactor:1.36 avgQpOffsetCutree:-5.86;
in:260 out:259 type:B q:39.74 q-aq:35.75 q-noVbv:39.74 q-Rceq:1.32 tex:37694 mv:9321 misc:1953 icu:5.50 pcu:779.75 scu:510.75 tlayer:2 pbqpoffset:4.44 pbfactor:1.67 avgQpOffsetCutree:-3.44;
in:258 out:260 type:B q:39.81 q-aq:38.45 q-noVbv:39.81 q-Rceq:1.32 tex:5685 mv:3643 misc:1320 icu:0.75 pcu:515.25 scu:780.00 tlayer:3 pbqpoffset:4.50 pbfactor:1.68 avgQpOffsetCutree:-1.70;
in:257 out:261 type:b q:42.81 q-aq:43.00 q-noVbv:42.81 q-Rceq:1.32 tex:2 mv:348 misc:346 icu:0.00 pcu:98.00 scu:1198.00 tlayer:4 pbqpoffset:7.49 pbfactor:2.38 avgQpOffsetCutree:0.00;
in:259 out:262 type:b q:42.80 q-aq:43.00 q-noVbv:42.80 q-Rceq:1.32 tex:2 mv:873 misc:437 icu:0.00 pcu:228.00 scu:1068.00 tlayer:4 pbqpoffset:7.50 pbfactor:2.38 avgQpOffsetCutree:0.00;
in:262 out:263 type:B q:39.77 q-aq:38.54 q-noVbv:39.77 q-Rceq:1.32 tex:9034 mv:3578 misc:1476 icu:0.50 pcu:494.00 scu:801.50 tlayer:3 pbqpoffset:4.50 pbfactor:1.68 avgQpOffsetCutree:-1.63;
in:261 out:264 type:b q:42.77 q-aq:43.00 q-noVbv:42.77 q-Rceq:1.32 tex:58 mv:620 misc:378 icu:0.00 pcu:202.00 scu:1094.00 tlayer:4 pbqpoffset:7.49 pbfactor:2.38 avgQpOffsetCutree:0.00;
in:263 out:265 type:b q:42.75 q-aq:43.00 q-noVbv:42.75 q-Rceq:1.32 tex:6 mv:616 misc:370 icu:0.00 pcu:200.00 scu:1096.00 tlayer:4 pbqpoffset:7.49 pbfactor:2.38 avgQpOffsetCutree:0.00;
in:268 out:266 type:B q:38.89 q-aq:34.35 q-noVbv:38.89 q-Rceq:1.32 tex:59674 mv:13275 misc:2867 icu:23.25 pcu:870.25 scu:402.50 tlayer:2 pbqpoffset:3.67 pbfactor:1.53 avgQpOffsetCutree:-4.05;
in:266 out:267 type:B q:39.73 q-aq:38.52 q-noVbv:39.73 q-Rceq:1.32 tex:10200 mv:4919 misc:1481 icu:0.50 pcu:545.75 scu:749.75 tlayer:3 pbqpoffset:4.50 pbfactor:1.68 avgQpOffsetCutree:-1.99;
in:265 out:268 type:b q:42.73 q-aq:43.00 q-noVbv:42.73 q-Rceq:1.32 tex:44 mv:520 misc:380 icu:0.00 pcu:163.00 scu:1133.00 tlayer:4 pbqpoffset:7.49 pbfactor:2.38 avgQpOffsetCutree:0.00;
in:267 out:269 type:b q:42.71 q-aq:43.00 q-noVbv:42.71 q-Rceq:1.32 tex:5 mv:870 misc:453 icu:0.00 pcu:294.25 scu:1001.75 tlayer:4 pbqpoffset:7.49 pbfactor:2.38 avgQpOffsetCutree:0.00;
in:270 out:270 type:B q:39.69 q-aq:37.86 q-noVbv:39.69 q-Rceq:1.32 tex:13576 mv:6790 misc:2066 icu:2.25 pcu:740.75 scu:553.00 tlayer:3 pbqpoffset:4.50 pbfactor:1.68 avgQpOffsetCutree:-2.23;
in:269 out:271 type:b q:42.69 q-aq:43.00 q-noVbv:42.69 q-Rceq:1.32 tex:3 mv:830 misc:391 icu:0.00 pcu:310.00 scu:986.00 tlayer:4 pbqpoffset:7.49 pbfactor:2.38 avgQpOffsetCutree:0.00;
in:271 out:272 type:b q:42.10 q-aq:42.00 q-noVbv:42.10 q-Rceq:1.32 tex:140 mv:1765 misc:647 icu:0.00 pcu:553.00 scu:743.00 tlayer:4 pbqpoffset:6.92 pbfactor:2.22 avgQpOffsetCutree:0.00;
in:288 out:273 type:k q:35.49 q-aq:29.53 q-noVbv:35.49 q-Rceq:1.32 tex:285840 mv:32387 misc:1997 icu:1008.50 pcu:284.00 scu:3.50 tlayer:0 pbqpoffset:1.53 pbfactor:1.19 avgQpOffsetCutree:-6.95;
in:280 out:274 type:B q:37.95 q-aq:31.79 q-noVbv:37.95 q-Rceq:1.32 tex:113161 mv:22050 misc:3901 icu:93.50 pcu:885.25 scu:317.25 tlayer:1 pbqpoffset:2.62 pbfactor:1.35 avgQpOffsetCutree:-5.49;
in:276 out:275 type:B q:39.61 q-aq:35.11 q-noVbv:39.61 q-Rceq:1.32 tex:36489 mv:9442 misc:2133 icu:5.25 pcu:842.50 scu:448.25 tlayer:2 pbqpoffset:4.36 pbfactor:1.65 avgQpOffsetCutree:-3.98;
in:274 out:276 type:B q:39.70 q-aq:37.53 q-noVbv:39.70 q-Rceq:1.32 tex:4692 mv:3490 misc:1218 icu:1.00 pcu:510.50 scu:784.50 tlayer:3 pbqpoffset:4.49 pbfactor:1.68 avgQpOffsetCutree:-1.75;
in:273 out:277 type:b q:42.68 q-aq:43.00 q-noVbv:42.68 q-Rceq:1.32 tex:37 mv:348 misc:279 icu:0.00 pcu:172.00 scu:1124.00 tlayer:4 pbqpoffset:7.49 pbfactor:2.37 avgQpOffsetCutree:0.00;
in:275 out:278 type:b q:42.72 q-aq:43.00 q-noVbv:42.72 q-Rceq:1.32 tex:3 mv:283 misc:290 icu:0.00 pcu:133.00 scu:1163.00 tlayer:4 pbqpoffset:7.48 pbfactor:2.37 avgQpOffsetCutree:0.00;
in:278 out:279 type:B q:39.78 q-aq:37.98 q-noVbv:39.78 q-Rceq:1.32 tex:8574 mv:4600 misc:1410 icu:0.25 pcu:621.00 scu:674.75 tlayer:3 pbqpoffset:4.49 pbfactor:1.68 avgQpOffsetCutree:-2.14;
in:277 out:280 type:b q:42.75 q-aq:43.00 q-noVbv:42.75 q-Rceq:1.32 tex:4 mv:418 misc:346 icu:0.00 pcu:133.00 scu:1163.00 tlayer:4 pbqpoffset:7.48 pbfactor:2.37 avgQpOffsetCutree:0.00;
in:279 out:281 type:b q:42.79 q-aq:43.00 q-noVbv:42.79 q-Rceq:1.32 tex:6 mv:729 misc:417 icu:0.00 pcu:241.00 scu:1055.00 tlayer:4 pbqpoffset:7.48 pbfactor:2.37 avgQpOffsetCutree:0.00;
in:284 out:282 type:B q:38.83 q-aq:34.43 q-noVbv:38.83 q-Rceq:1.32 tex:48546 mv:12952 misc:3054 icu:10.50 pcu:842.00 scu:443.50 tlayer:2 pbqpoffset:3.42 pbfactor:1.48 avgQpOffsetCutree:-3.80;
in:282 out:283 type:B q:39.86 q-aq:38.41 q-noVbv:39.86 q-Rceq:1.32 tex:4630 mv:3434 misc:1200 icu:0.25 pcu:559.75 scu:736.00 tlayer:3 pbqpoffset:4.49 pbfactor:1.68 avgQpOffsetCutree:-1.51;
in:281 out:284 type:b q:42.83 q-aq:43.00 q-noVbv:42.83 q-Rceq:1.32 tex:3 mv:758 misc:415 icu:0.00 pcu:219.00 scu:1077.00 tlayer:4 pbqpoffset:7.48 pbfactor:2.37 avgQpOffsetCutree:0.00;
in:283 out:285 type:b q:42.87 q-aq:43.00 q-noVbv:42.87 q-Rceq:1.32 tex:4 mv:689 misc:419 icu:0.00 pcu:294.00 scu:1002.00 tlayer:4 pbqpoffset:7.48 pbfactor:2.37 avgQpOffsetCutree:0.00;
in:286 out:286 type:B q:39.47 q-aq:36.74 q-noVbv:39.47 q-Rceq:1.32 tex:16140 mv:7515 misc:2529 icu:1.25 pcu:695.75 scu:599.00 tlayer:3 pbqpoffset:4.02 pbfactor:1.59 avgQpOffsetCutree:-2.46;
in:285 out:287 type:b q:42.91 q-aq:43.00 q-noVbv:42.91 q-Rceq:1.32 tex:6 mv:548 misc:366 icu:0.00 pcu:228.00 scu:1068.00 tlayer:4 pbqpoffset:7.48 pbfactor:2.37 avgQpOffsetCutree:0.00;
in:287 out:288 type:b q:41.11 q-aq:41.00 q-noVbv:41.11 q-Rceq:1.32 tex:49 mv:1806 misc:657 icu:0.00 pcu:544.25 scu:751.75 tlayer:4 pbqpoffset:5.64 pbfactor:1.92 avgQpOffsetCutree:0.00;
in:304 out:289 type:k q:35.41 q-aq:29.63 q-noVbv:35.41 q-Rceq:1.32 tex:321407 mv:34545 misc:2472 icu:959.25 pcu:330.25 scu:6.50 tlayer:0 pbqpoffset:1.48 pbfactor:1.19 avgQpOffsetCutree:-6.94;
in:296 out:290 type:B q:38.10 q-aq:31.62 q-noVbv:38.10 q-Rceq:1.32 tex:112596 mv:21535 misc:3677 icu:166.75 pcu:853.75 scu:275.50 tlayer:1 pbqpoffset:2.65 pbfactor:1.36 avgQpOffsetCutree:-5.63;
in:292 out:291 type:B q:39.93 q-aq:36.35 q-noVbv:39.93 q-Rceq:1.32 tex:30223 mv:8382 misc:1867 icu:3.25 pcu:757.25 scu:535.50 tlayer:2 pbqpoffset:4.46 pbfactor:1.67 avgQpOffsetCutree:-3.23;
in:290 out:292 type:B q:39.97 q-aq:38.53 q-noVbv:39.97 q-Rceq:1.32 tex:3187 mv:2619 misc:1042 icu:0.50 pcu:476.50 scu:819.00 tlayer:3 pbqpoffset:4.49 pbfactor:1.68 avgQpOffsetCutree:-1.74;
in:289 out:293 type:b q:42.15 q-aq:42.00 q-noVbv:42.15 q-Rceq:1.32 tex:4 mv:568 misc:396 icu:0.00 pcu:138.25 scu:1157.75 tlayer:4 pbqpoffset:6.67 pbfactor:2.16 avgQpOffsetCutree:0.00;
in:291 out:294 type:b q:42.97 q-aq:43.00 q-noVbv:42.97 q-Rceq:1.32 tex:0 mv:370 misc:342 icu:0.00 pcu:87.00 scu:1209.00 tlayer:4 pbqpoffset:7.49 pbfactor:2.38 avgQpOffsetCutree:0.00;
in:294 out:295 type:B q:39.95 q-aq:38.50 q-noVbv:39.95 q-Rceq:1.32 tex:6649 mv:3602 misc:1197 icu:0.75 pcu:622.50 scu:672.75 tlayer:3 pbqpoffset:4.49 pbfactor:1.68 avgQpOffsetCutree:-1.69;
in:293 out:296 type:b q:42.30 q-aq:42.00 q-noVbv:42.30 q-Rceq:1.32 tex:4 mv:536 misc:372 icu:0.00 pcu:151.75 scu:1144.25 tlayer:4 pbqpoffset:6.84 pbfactor:2.20 avgQpOffsetCutree:0.00;
in:295 out:297 type:b q:42.95 q-aq:43.00 q-noVbv:42.95 q-Rceq:1.32 tex:4 mv:718 misc:398 icu:0.00 pcu:222.00 scu:1074.00 tlayer:4 pbqpoffset:7.49 pbfactor:2.38 avgQpOffsetCutree:0.00;
in:300 out:298 type:B q:39.32 q-aq:34.61 q-noVbv:39.32 q-Rceq:1.32 tex:47831 mv:12097 misc:2936 icu:17.75 pcu:878.50 scu:399.75 tlayer:2 pbqpoffset:3.89 pbfactor:1.57 avgQpOffsetCutree:-4.06;
in:298 out:299 type:B q:39.93 q-aq:38.06 q-noVbv:39.93 q-Rceq:1.32 tex:10313 mv:4212 misc:1347 icu:0.25 pcu:554.00 scu:741.75 tlayer:3 pbqpoffset:4.49 pbfactor:1.68 avgQpOffsetCutree:-1.74;
in:297 out:300 type:b q:42.94 q-aq:43.00 q-noVbv:42.94 q-Rceq:1.32 tex:3 mv:663 misc:374 icu:0.00 pcu:194.00 scu:1102.00 tlayer:4 pbqpoffset:7.49 pbfactor:2.38 avgQpOffsetCutree:0.00;
in:299 out:301 type:b q:42.93 q-aq:43.00 q-noVbv:42.93 q-Rceq:1.32 tex:9 mv:660 misc:403 icu:0.00 pcu:293.00 scu:1003.00 tlayer:4 pbqpoffset:7.49 pbfactor:2.38 avgQpOffsetCutree:0.00;
in:302 out:302 type:B q:39.91 q-aq:37.54 q-noVbv:39.91 q-Rceq:1.32 tex:13950 mv:7025 misc:2177 icu:1.50 pcu:723.25 scu:571.25 tlayer:3 pbqpoffset:4.49 pbfactor:1.68 avgQpOffsetCutree:-2.16;
in:301 out:303 type:b q:42.92 q-aq:43.00 q-noVbv:42.92 q-Rceq:1.32 tex:6 mv:548 misc:374 icu:0.25 pcu:114.00 scu:1181.75 tlayer:4 pbqpoffset:7.49 pbfactor:2.38 avgQpOffsetCutree:0.00;
in:303 out:304 type:b q:42.91 q-aq:43.00 q-noVbv:42.91 q-Rceq:1.32 tex:46 mv:1241 misc:545 icu:1.00 pcu:358.00 scu:937.00 tlayer:4 pbqpoffset:7.49 pbfactor:2.38 avgQpOffsetCutree:0.00;
in:320 out:305 type:k q:35.46 q-aq:29.36 q-noVbv:35.46 q-Rceq:1.32 tex:310102 mv:34991 misc:2099 icu:887.75 pcu:401.75 scu:6.50 tlayer:0 pbqpoffset:1.53 pbfactor:1.19 avgQpOffsetCutree:-7.11;
in:312 out:306 type:B q:38.11 q-aq:31.58 q-noVbv:38.11 q-Rceq:1.32 tex:104441 mv:21194 misc:3805 icu:103.75 pcu:913.50 scu:278.75 tlayer:1 pbqpoffset:2.67 pbfactor:1.36 avgQpOffsetCutree:-5.68;
in:308 out:307 type:B q:39.45 q-aq:36.10 q-noVbv:39.45 q-Rceq:1.32 tex:29202 mv:8239 misc:2119 icu:3.50 pcu:732.50 scu:560.00 tlayer:2 pbqpoffset:4.02 pbfactor:1.59 avgQpOffsetCutree:-2.86;
in:306 out:308 type:B q:39.90 q-aq:37.66 q-noVbv:39.90 q-Rceq:1.32 tex:2502 mv:3231 misc:1227 icu:0.50 pcu:493.75 scu:801.75 tlayer:3 pbqpoffset:4.49 pbfactor:1.68 avgQpOffsetCutree:-1.97;
in:305 out:309 type:b q:42.90 q-aq:43.00 q-noVbv:42.90 q-Rceq:1.32 tex:2 mv:476 misc:346 icu:0.00 pcu:103.00 scu:1193.00 tlayer:4 pbqpoffset:7.48 pbfactor:2.37 avgQpOffsetCutree:0.00;
in:307 out:310 type:b q:42.91 q-aq:43.00 q-noVbv:42.91 q-Rceq:1.32 tex:3 mv:471 misc:310 icu:0.00 pcu:112.00 scu:1184.00 tlayer:4 pbqpoffset:7.49 pbfactor:2.37 avgQpOffsetCutree:0.00;
in:310 out:311 type:B q:39.91 q-aq:38.61 q-noVbv:39.91 q-Rceq:1.32 tex:3161 mv:2849 misc:1014 icu:0.50 pcu:546.50 scu:749.00 tlayer:3 pbqpoffset:4.49 pbfactor:1.68 avgQpOffsetCutree:-1.67;
in:309 out:312 type:b q:42.91 q-aq:43.00 q-noVbv:42.91 q-Rceq:1.32 tex:3 mv:607 misc:406 icu:0.00 pcu:83.75 scu:1212.25 tlayer:4 pbqpoffset:7.49 pbfactor:2.37 avgQpOffsetCutree:0.00;
in:311 out:313 type:b q:42.92 q-aq:43.00 q-noVbv:42.92 q-Rceq:1.32 tex:3 mv:373 misc:328 icu:0.00 pcu:94.00 scu:1202.00 tlayer:4 pbqpoffset:7.48 pbfactor:2.37 avgQpOffsetCutree:0.00;
in:316 out:314 type:B q:38.84 q-aq:33.91 q-noVbv:38.84 q-Rceq:1.32 tex:47010 mv:12173 misc:3065 icu:14.50 pcu:871.00 scu:410.50 tlayer:2 pbqpoffset:3.39 pbfactor:1.48 avgQpOffsetCutree:-4.13;
in:314 out:315 type:B q:39.93 q-aq:38.43 q-noVbv:39.93 q-Rceq:1.32 tex:4814 mv:4024 misc:1114 icu:1.25 pcu:611.50 scu:683.25 tlayer:3 pbqpoffset:4.49 pbfactor:1.68 avgQpOffsetCutree:-1.59;
in:313 out:316 type:b q:42.92 q-aq:43.00 q-noVbv:42.92 q-Rceq:1.32 tex:1 mv:484 misc:347 icu:0.00 pcu:89.00 scu:1207.00 tlayer:4 pbqpoffset:7.48 pbfactor:2.37 avgQpOffsetCutree:0.00;
in:315 out:317 type:b q:42.93 q-aq:43.00 q-noVbv:42.93 q-Rceq:1.32 tex:22 mv:664 misc:418 icu:0.50 pcu:173.00 scu:1122.50 tlayer:4 pbqpoffset:7.49 pbfactor:2.37 avgQpOffsetCutree:0.00;
in:318 out:318 type:B q:39.94 q-aq:37.58 q-noVbv:39.94 q-Rceq:1.32 tex:11273 mv:5816 misc:1991 icu:5.25 pcu:717.00 scu:573.75 tlayer:3 pbqpoffset:4.49 pbfactor:1.68 avgQpOffsetCutree:-2.28;
in:317 out:319 type:b q:42.93 q-aq:43.00 q-noVbv:42.93 q-Rceq:1.32 tex:5 mv:620 misc:383 icu:0.00 pcu:103.25 scu:1192.75 tlayer:4 pbqpoffset:7.48 pbfactor:2.37 avgQpOffsetCutree:0.00;
in:319 out:320 type:b q:42.94 q-aq:43.00 q-noVbv:42.94 q-Rceq:1.32 tex:52 mv:927 misc:525 icu:0.00 pcu:283.00 scu:1013.00 tlayer:4 pbqpoffset:7.49 pbfactor:2.37 avgQpOffsetCutree:0.00;
in:336 out:321 type:k q:35.16 q-aq:29.09 q-noVbv:35.16 q-Rceq:1.32 tex:348049 mv:33473 misc:2326 icu:812.25 pcu:480.75 scu:3.00 tlayer:0 pbqpoffset:1.49 pbfactor:1.19 avgQpOffsetCutree:-7.17;
in:328 out:322 type:B q:38.40 q-aq:31.71 q-noVbv:38.40 q-Rceq:1.32 tex:92455 mv:19735 misc:3482 icu:73.75 pcu:889.75 scu:332.50 tlayer:1 pbqpoffset:3.09 pbfactor:1.43 avgQpOffsetCutree:-5.71;
in:324 out:323 type:B q:39.88 q-aq:36.25 q-noVbv:39.88 q-Rceq:1.32 tex:25562 mv:8375 misc:1967 icu:3.00 pcu:822.25 scu:470.75 tlayer:2 pbqpoffset:4.49 pbfactor:1.68 avgQpOffsetCutree:-3.48;
in:322 out:324 type:B q:39.91 q-aq:37.95 q-noVbv:39.91 q-Rceq:1.32 tex:1014 mv:1998 misc:852 icu:0.25 pcu:367.25 scu:928.50 tlayer:3 pbqpoffset:4.49 pbfactor:1.68 avgQpOffsetCutree:-1.48;
in:321 out:325 type:b q:42.93 q-aq:43.00 q-noVbv:42.93 q-Rceq:1.32 tex:1 mv:335 misc:320 icu:0.00 pcu:59.00 scu:1237.00 tlayer:4 pbqpoffset:7.49 pbfactor:2.38 avgQpOffsetCutree:0.00;
in:323 out:326 type:b q:42.90 q-aq:43.00 q-noVbv:42.90 q-Rceq:1.32 tex:4 mv:414 misc:350 icu:0.00 pcu:98.50 scu:1197.50 tlayer:4 pbqpoffset:7.49 pbfactor:2.38 avgQpOffsetCutree:0.00;
in:326 out:327 type:B q:39.84 q-aq:38.52 q-noVbv:39.84 q-Rceq:1.32 tex:2251 mv:3114 misc:987 icu:0.50 pcu:576.00 scu:719.50 tlayer:3 pbqpoffset:4.49 pbfactor:1.68 avgQpOffsetCutree:-1.51;
in:325 out:328 type:b q:42.84 q-aq:43.00 q-noVbv:42.84 q-Rceq:1.32 tex:2 mv:234 misc:276 icu:0.00 pcu:124.25 scu:1171.75 tlayer:4 pbqpoffset:7.47 pbfactor:2.37 avgQpOffsetCutree:0.00;
in:327 out:329 type:b q:42.80 q-aq:43.00 q-noVbv:42.80 q-Rceq:1.32 tex:2 mv:440 misc:358 icu:0.00 pcu:125.00 scu:1171.00 tlayer:4 pbqpoffset:7.47 pbfactor:2.37 avgQpOffsetCutree:0.00;
in:332 out:330 type:B q:38.72 q-aq:33.52 q-noVbv:38.72 q-Rceq:1.32 tex:57702 mv:12787 misc:3215 icu:14.25 pcu:891.00 scu:390.75 tlayer:2 pbqpoffset:3.48 pbfactor:1.50 avgQpOffsetCutree:-4.32;
in:330 out:331 type:B q:39.77 q-aq:37.73 q-noVbv:39.77 q-Rceq:1.32 tex:5955 mv:4019 misc:1250 icu:0.25 pcu:629.75 scu:666.00 tlayer:3 pbqpoffset:4.49 pbfactor:1.68 avgQpOffsetCutree:-1.80;
in:329 out:332 type:b q:42.78 q-aq:43.00 q-noVbv:42.78 q-Rceq:1.32 tex:0 mv:610 misc:390 icu:0.00 pcu:281.00 scu:1015.00 tlayer:4 pbqpoffset:7.48 pbfactor:2.37 avgQpOffsetCutree:0.00;
in:331 out:333 type:b q:42.74 q-aq:43.00 q-noVbv:42.74 q-Rceq:1.32 tex:1 mv:329 misc:302 icu:0.00 pcu:132.00 scu:1164.00 tlayer:4 pbqpoffset:7.48 pbfactor:2.37 avgQpOffsetCutree:0.00;
in:334 out:334 type:B q:39.69 q-aq:37.34 q-noVbv:39.69 q-Rceq:1.32 tex:16220 mv:7041 misc:1995 icu:1.50 pcu:768.00 scu:526.50 tlayer:3 pbqpoffset:4.49 pbfactor:1.68 avgQpOffsetCutree:-2.16;
in:333 out:335 type:b q:42.69 q-aq:43.00 q-noVbv:42.69 q-Rceq:1.32 tex:1 mv:112 misc:231 icu:0.00 pcu:40.00 scu:1256.00 tlayer:4 pbqpoffset:7.47 pbfactor:2.37 avgQpOffsetCutree:0.00;
in:335 out:336 type:b q:41.05 q-aq:41.00 q-noVbv:41.05 q-Rceq:1.32 tex:97 mv:1288 misc:695 icu:0.00 pcu:331.00 scu:965.00 tlayer:4 pbqpoffset:5.86 pbfactor:1.97 avgQpOffsetCutree:0.00;
in:352 out:337 type:k q:35.29 q-aq:29.06 q-noVbv:35.29 q-Rceq:1.32 tex:353863 mv:35856 misc:2177 icu:915.75 pcu:371.25 scu:9.00 tlayer:0 pbqpoffset:1.48 pbfactor:1.19 avgQpOffsetCutree:-7.40;
in:344 out:338 type:B q:38.16 q-aq:31.18 q-noVbv:38.16 q-Rceq:1.32 tex:115534 mv:21085 misc:3661 icu:54.00 pcu:991.00 scu:251.00 tlayer:1 pbqpoffset:2.93 pbfactor:1.40 avgQpOffsetCutree:-5.89;
in:340 out:339 type:B q:39.53 q-aq:35.20 q-noVbv:39.53 q-Rceq:1.32 tex:26862 mv:8564 misc:1910 icu:0.00 pcu:825.75 scu:470.25 tlayer:2 pbqpoffset:4.33 pbfactor:1.65 avgQpOffsetCutree:-3.56;
in:338 out:340 type:B q:39.70 q-aq:38.21 q-noVbv:39.70 q-Rceq:1.32 tex:2622 mv:2608 misc:954 icu:0.00 pcu:494.00 scu:802.00 tlayer:3 pbqpoffset:4.52 pbfactor:1.69 avgQpOffsetCutree:-1.72;
in:337 out:341 type:b q:42.69 q-aq:43.00 q-noVbv:42.69 q-Rceq:1.32 tex:0 mv:164 misc:244 icu:0.00 pcu:32.00 scu:1264.00 tlayer:4 pbqpoffset:7.52 pbfactor:2.38 avgQpOffsetCutree:0.00;
in:339 out:342 type:b q:42.71 q-aq:43.00 q-noVbv:42.71 q-Rceq:1.32 tex:1 mv:249 misc:270 icu:0.00 pcu:140.00 scu:1156.00 tlayer:4 pbqpoffset:7.52 pbfactor:2.38 avgQpOffsetCutree:0.00;
in:342 out:343 type:B q:39.73 q-aq:37.92 q-noVbv:39.73 q-Rceq:1.32 tex:1389 mv:2541 misc:846 icu:0.00 pcu:612.00 scu:684.00 tlayer:3 pbqpoffset:4.52 pbfactor:1.69 avgQpOffsetCutree:-1.76;
in:341 out:344 type:b q:42.64 q-aq:43.00 q-noVbv:42.64 q-Rceq:1.32 tex:2 mv:372 misc:322 icu:0.00 pcu:237.00 scu:1059.00 tlayer:4 pbqpoffset:7.43 pbfactor:2.36 avgQpOffsetCutree:0.00;
in:343 out:345 type:b q:42.65 q-aq:43.00 q-noVbv:42.65 q-Rceq:1.32 tex:4 mv:428 misc:336 icu:0.00 pcu:216.00 scu:1080.00 tlayer:4 pbqpoffset:7.43 pbfactor:2.36 avgQpOffsetCutree:0.00;
in:348 out:346 type:B q:39.14 q-aq:33.96 q-noVbv:39.14 q-Rceq:1.32 tex:48918 mv:11416 misc:2818 icu:3.25 pcu:935.00 scu:357.75 tlayer:2 pbqpoffset:3.88 pbfactor:1.57 avgQpOffsetCutree:-4.25;
in:346 out:347 type:B q:39.76 q-aq:37.89 q-noVbv:39.76 q-Rceq:1.32 tex:2600 mv:3130 misc:1078 icu:0.25 pcu:542.75 scu:753.00 tlayer:3 pbqpoffset:4.52 pbfactor:1.69 avgQpOffsetCutree:-1.47;
in:345 out:348 type:b q:42.71 q-aq:43.00 q-noVbv:42.71 q-Rceq:1.32 tex:2 mv:475 misc:363 icu:0.00 pcu:206.00 scu:1090.00 tlayer:4 pbqpoffset:7.48 pbfactor:2.37 avgQpOffsetCutree:0.00;
in:347 out:349 type:b q:42.69 q-aq:43.00 q-noVbv:42.69 q-Rceq:1.32 tex:3 mv:645 misc:416 icu:0.00 pcu:250.00 scu:1046.00 tlayer:4 pbqpoffset:7.44 pbfactor:2.36 avgQpOffsetCutree:0.00;
in:350 out:350 type:B q:39.79 q-aq:37.73 q-noVbv:39.79 q-Rceq:1.32 tex:11553 mv:4874 misc:1725 icu:1.00 pcu:823.00 scu:472.00 tlayer:3 pbqpoffset:4.52 pbfactor:1.69 avgQpOffsetCutree:-1.97;
in:349 out:351 type:b q:42.73 q-aq:43.00 q-noVbv:42.73 q-Rceq:1.32 tex:1 mv:493 misc:362 icu:0.00 pcu:239.00 scu:1057.00 tlayer:4 pbqpoffset:7.47 pbfactor:2.37 avgQpOffsetCutree:0.00;
in:351 out:352 type:b q:40.99 q-aq:41.00 q-noVbv:40.99 q-Rceq:1.32 tex:6 mv:1335 misc:675 icu:0.00 pcu:422.00 scu:874.00 tlayer:4 pbqpoffset:5.71 pbfactor:1.93 avgQpOffsetCutree:0.00;
in:368 out:353 type:k q:35.21 q-aq:28.43 q-noVbv:35.21 q-Rceq:1.32 tex:370561 mv:33674 misc:2221 icu:655.75 pcu:626.75 scu:13.50 tlayer:0 pbqpoffset:1.50 pbfactor:1.19 avgQpOffsetCutree:-7.87;
in:360 out:354 type:B q:38.40 q-aq:31.37 q-noVbv:38.40 q-Rceq:1.32 tex:101538 mv:17405 misc:3897 icu:9.75 pcu:1040.75 scu:245.50 tlayer:1 pbqpoffset:3.15 pbfactor:1.44 avgQpOffsetCutree:-5.74;
in:356 out:355 type:B q:39.75 q-aq:35.69 q-noVbv:39.75 q-Rceq:1.32 tex:21665 mv:6401 misc:1838 icu:0.00 pcu:772.25 scu:523.75 tlayer:2 pbqpoffset:4.48 pbfactor:1.68 avgQpOffsetCutree:-3.51;
in:354 out:356 type:B q:39.76 q-aq:39.00 q-noVbv:39.76 q-Rceq:1.32 tex:6 mv:1497 misc:553 icu:0.00 pcu:404.25 scu:891.75 tlayer:3 pbqpoffset:4.48 pbfactor:1.68 avgQpOffsetCutree:-1.37;
in:353 out:357 type:b q:42.76 q-aq:43.00 q-noVbv:42.76 q-Rceq:1.32 tex:1 mv:492 misc:355 icu:0.00 pcu:169.00 scu:1127.00 tlayer:4 pbqpoffset:7.48 pbfactor:2.37 avgQpOffsetCutree:0.00;
in:355 out:358 type:b q:42.75 q-aq:43.00 q-noVbv:42.75 q-Rceq:1.32 tex:4 mv:368 misc:324 icu:0.00 pcu:184.00 scu:1112.00 tlayer:4 pbqpoffset:7.48 pbfactor:2.37 avgQpOffsetCutree:0.00;
in:358 out:359 type:B q:39.74 q-aq:38.40 q-noVbv:39.74 q-Rceq:1.32 tex:69 mv:2051 misc:728 icu:0.00 pcu:515.50 scu:780.50 tlayer:3 pbqpoffset:4.48 pbfactor:1.68 avgQpOffsetCutree:-2.24;
in:357 out:360 type:b q:42.74 q-aq:43.00 q-noVbv:42.74 q-Rceq:1.32 tex:0 mv:185 misc:207 icu:0.00 pcu:80.00 scu:1216.00 tlayer:4 pbqpoffset:7.48 pbfactor:2.37 avgQpOffsetCutree:0.00;
in:359 out:361 type:b q:42.73 q-aq:43.00 q-noVbv:42.73 q-Rceq:1.32 tex:2 mv:302 misc:312 icu:0.00 pcu:153.00 scu:1143.00 tlayer:4 pbqpoffset:7.48 pbfactor:2.37 avgQpOffsetCutree:0.00;
in:364 out:362 type:B q:39.05 q-aq:33.78 q-noVbv:39.05 q-Rceq:1.32 tex:40804 mv:9119 misc:3253 icu:3.50 pcu:843.50 scu:449.00 tlayer:2 pbqpoffset:3.82 pbfactor:1.55 avgQpOffsetCutree:-4.27;
in:362 out:363 type:B q:39.72 q-aq:39.66 q-noVbv:39.72 q-Rceq:1.32 tex:58 mv:1831 misc:623 icu:0.00 pcu:502.25 scu:793.75 tlayer:3 pbqpoffset:4.48 pbfactor:1.68 avgQpOffsetCutree:-1.55;
in:361 out:364 type:b q:42.73 q-aq:43.00 q-noVbv:42.73 q-Rceq:1.32 tex:2 mv:295 misc:279 icu:0.00 pcu:162.00 scu:1134.00 tlayer:4 pbqpoffset:7.48 pbfactor:2.37 avgQpOffsetCutree:0.00;
in:363 out:365 type:b q:42.72 q-aq:43.00 q-noVbv:42.72 q-Rceq:1.32 tex:2 mv:283 misc:291 icu:0.00 pcu:174.00 scu:1122.00 tlayer:4 pbqpoffset:7.48 pbfactor:2.37 avgQpOffsetCutree:0.00;
in:366 out:366 type:B q:39.16 q-aq:35.98 q-noVbv:39.16 q-Rceq:1.32 tex:19455 mv:6665 misc:2136 icu:0.50 pcu:797.00 scu:498.50 tlayer:3 pbqpoffset:3.93 pbfactor:1.58 avgQpOffsetCutree:-2.80;
in:365 out:367 type:b q:42.43 q-aq:42.00 q-noVbv:42.43 q-Rceq:1.32 tex:5 mv:404 misc:335 icu:0.00 pcu:205.00 scu:1091.00 tlayer:4 pbqpoffset:7.20 pbfactor:2.30 avgQpOffsetCutree:0.00;
in:367 out:368 type:b q:42.70 q-aq:43.00 q-noVbv:42.70 q-Rceq:1.32 tex:0 mv:345 misc:335 icu:0.00 pcu:120.00 scu:1176.00 tlayer:4 pbqpoffset:7.48 pbfactor:2.37 avgQpOffsetCutree:0.00;
in:384 out:369 type:k q:34.65 q-aq:27.20 q-noVbv:34.65 q-Rceq:1.32 tex:426526 mv:27251 misc:2407 icu:322.75 pcu:960.50 scu:12.75 tlayer:0 pbqpoffset:1.49 pbfactor:1.19 avgQpOffsetCutree:-8.32;
in:376 out:370 type:B q:37.55 q-aq:29.72 q-noVbv:37.55 q-Rceq:1.32 tex:138466 mv:15264 misc:4062 icu:8.00 pcu:985.25 scu:302.75 tlayer:1 pbqpoffset:2.62 pbfactor:1.35 avgQpOffsetCutree:-6.32;
in:372 out:371 type:B q:39.41 q-aq:34.07 q-noVbv:39.41 q-Rceq:1.32 tex:18016 mv:6394 misc:2030 icu:0.25 pcu:844.25 scu:451.50 tlayer:2 pbqpoffset:4.34 pbfactor:1.65 avgQpOffsetCutree:-4.23;
in:370 out:372 type:B q:39.48 q-aq:38.67 q-noVbv:39.48 q-Rceq:1.32 tex:52 mv:992 misc:564 icu:0.00 pcu:273.00 scu:1023.00 tlayer:3 pbqpoffset:4.34 pbfactor:1.65 avgQpOffsetCutree:-2.14;
in:369 out:373 type:b q:42.24 q-aq:42.00 q-noVbv:42.24 q-Rceq:1.32 tex:2 mv:249 misc:309 icu:0.00 pcu:68.00 scu:1228.00 tlayer:4 pbqpoffset:7.06 pbfactor:2.26 avgQpOffsetCutree:0.00;
in:371 out:374 type:b q:42.18 q-aq:42.00 q-noVbv:42.18 q-Rceq:1.32 tex:2 mv:336 misc:310 icu:0.00 pcu:127.00 scu:1169.00 tlayer:4 pbqpoffset:7.07 pbfactor:2.26 avgQpOffsetCutree:0.00;
in:374 out:375 type:B q:39.34 q-aq:39.00 q-noVbv:39.34 q-Rceq:1.32 tex:4 mv:795 misc:513 icu:0.00 pcu:245.00 scu:1051.00 tlayer:3 pbqpoffset:4.34 pbfactor:1.65 avgQpOffsetCutree:-0.58;
in:373 out:376 type:b q:42.06 q-aq:42.00 q-noVbv:42.06 q-Rceq:1.32 tex:0 mv:60 misc:188 icu:0.00 pcu:16.00 scu:1280.00 tlayer:4 pbqpoffset:7.02 pbfactor:2.25 avgQpOffsetCutree:0.00;
in:375 out:377 type:b q:41.99 q-aq:42.00 q-noVbv:41.99 q-Rceq:1.32 tex:2 mv:262 misc:280 icu:0.00 pcu:17.00 scu:1279.00 tlayer:4 pbqpoffset:7.02 pbfactor:2.25 avgQpOffsetCutree:0.00;
in:380 out:378 type:B q:39.00 q-aq:33.93 q-noVbv:39.00 q-Rceq:1.32 tex:28252 mv:7544 misc:2532 icu:0.00 pcu:839.50 scu:456.50 tlayer:2 pbqpoffset:4.21 pbfactor:1.63 avgQpOffsetCutree:-4.11;
in:378 out:379 type:B q:39.20 q-aq:39.00 q-noVbv:39.20 q-Rceq:1.32 tex:7 mv:1354 misc:623 icu:0.00 pcu:441.25 scu:854.75 tlayer:3 pbqpoffset:4.34 pbfactor:1.65 avgQpOffsetCutree:-1.97;
in:377 out:380 type:b q:41.92 q-aq:42.00 q-noVbv:41.92 q-Rceq:1.32 tex:5 mv:706 misc:473 icu:0.00 pcu:316.00 scu:980.00 tlayer:4 pbqpoffset:7.02 pbfactor:2.25 avgQpOffsetCutree:0.00;
in:379 out:381 type:b q:41.85 q-aq:42.00 q-noVbv:41.85 q-Rceq:1.32 tex:7 mv:508 misc:373 icu:0.00 pcu:223.00 scu:1073.00 tlayer:4 pbqpoffset:7.02 pbfactor:2.25 avgQpOffsetCutree:0.00;
in:382 out:382 type:B q:39.06 q-aq:36.12 q-noVbv:39.06 q-Rceq:1.32 tex:192 mv:1748 misc:1036 icu:0.00 pcu:450.25 scu:845.75 tlayer:3 pbqpoffset:4.34 pbfactor:1.65 avgQpOffsetCutree:-2.30;
in:381 out:383 type:b q:41.78 q-aq:42.00 q-noVbv:41.78 q-Rceq:1.32 tex:1 mv:732 misc:435 icu:0.00 pcu:274.00 scu:1022.00 tlayer:4 pbqpoffset:7.02 pbfactor:2.25 avgQpOffsetCutree:0.00;
in:383 out:384 type:b q:41.71 q-aq:42.00 q-noVbv:41.71 q-Rceq:1.32 tex:2 mv:186 misc:300 icu:0.00 pcu:67.00 scu:1229.00 tlayer:4 pbqpoffset:7.02 pbfactor:2.25 avgQpOffsetCutree:0.00;
in:400 out:385 type:k q:33.78 q-aq:26.05 q-noVbv:33.78 q-Rceq:1.32 tex:438317 mv:19618 misc:2601 icu:225.00 pcu:1062.00 scu:9.00 tlayer:0 pbqpoffset:1.48 pbfactor:1.19 avgQpOffsetCutree:-8.33;
in:392 out:386 type:B q:36.80 q-aq:28.96 q-noVbv:36.80 q-Rceq:1.32 tex:99590 mv:15825 misc:3809 icu:9.00 pcu:969.00 scu:318.00 tlayer:1 pbqpoffset:2.59 pbfactor:1.35 avgQpOffsetCutree:-6.20;
in:388 out:387 type:B q:38.51 q-aq:34.14 q-noVbv:38.51 q-Rceq:1.32 tex:3250 mv:3681 misc:1293 icu:0.00 pcu:687.75 scu:608.25 tlayer:2 pbqpoffset:4.08 pbfactor:1.60 avgQpOffsetCutree:-3.63;
in:386 out:388 type:B q:38.62 q-aq:39.00 q-noVbv:38.62 q-Rceq:1.32 tex:3 mv:833 misc:492 icu:0.00 pcu:293.75 scu:1002.25 tlayer:3 pbqpoffset:4.08 pbfactor:1.60 avgQpOffsetCutree:-1.96;
in:385 out:389 type:b q:41.35 q-aq:41.00 q-noVbv:41.35 q-Rceq:1.32 tex:0 mv:69 misc:211 icu:0.00 pcu:17.00 scu:1279.00 tlayer:4 pbqpoffset:6.75 pbfactor:2.18 avgQpOffsetCutree:0.00;
in:387 out:390 type:b q:41.24 q-aq:41.00 q-noVbv:41.24 q-Rceq:1.32 tex:2 mv:209 misc:253 icu:0.00 pcu:74.00 scu:1222.00 tlayer:4 pbqpoffset:6.75 pbfactor:2.18 avgQpOffsetCutree:0.00;
in:390 out:391 type:B q:38.40 q-aq:38.00 q-noVbv:38.40 q-Rceq:1.32 tex:5 mv:1204 misc:615 icu:0.00 pcu:413.25 scu:882.75 tlayer:3 pbqpoffset:4.08 pbfactor:1.60 avgQpOffsetCutree:-1.32;
in:389 out:392 type:b q:41.27 q-aq:41.00 q-noVbv:41.27 q-Rceq:1.32 tex:1 mv:232 misc:255 icu:0.00 pcu:108.00 scu:1188.00 tlayer:4 pbqpoffset:6.89 pbfactor:2.22 avgQpOffsetCutree:0.00;
in:391 out:393 type:b q:41.03 q-aq:41.00 q-noVbv:41.03 q-Rceq:1.32 tex:1 mv:146 misc:253 icu:0.00 pcu:49.00 scu:1247.00 tlayer:4 pbqpoffset:6.75 pbfactor:2.18 avgQpOffsetCutree:0.00;
in:396 out:394 type:B q:37.24 q-aq:32.21 q-noVbv:37.24 q-Rceq:1.32 tex:41262 mv:7125 misc:2781 icu:0.25 pcu:830.00 scu:465.75 tlayer:2 pbqpoffset:3.24 pbfactor:1.45 avgQpOffsetCutree:-4.09;
in:394 out:395 type:B q:38.19 q-aq:38.00 q-noVbv:38.19 q-Rceq:1.32 tex:9 mv:1592 misc:671 icu:0.00 pcu:446.50 scu:849.50 tlayer:3 pbqpoffset:4.08 pbfactor:1.60 avgQpOffsetCutree:-1.39;
in:393 out:396 type:b q:40.92 q-aq:41.00 q-noVbv:40.92 q-Rceq:1.32 tex:3 mv:645 misc:416 icu:0.00 pcu:220.00 scu:1076.00 tlayer:4 pbqpoffset:6.75 pbfactor:2.18 avgQpOffsetCutree:0.00;
in:395 out:397 type:b q:40.95 q-aq:41.00 q-noVbv:40.95 q-Rceq:1.32 tex:8 mv:784 misc:464 icu:0.00 pcu:305.00 scu:991.00 tlayer:4 pbqpoffset:6.90 pbfactor:2.22 avgQpOffsetCutree:0.00;
in:398 out:398 type:B q:37.29 q-aq:34.79 q-noVbv:37.29 q-Rceq:1.32 tex:4130 mv:2832 misc:1534 icu:0.00 pcu:468.50 scu:827.50 tlayer:3 pbqpoffset:3.40 pbfactor:1.48 avgQpOffsetCutree:-2.28;
in:397 out:399 type:b q:40.70 q-aq:41.00 q-noVbv:40.70 q-Rceq:1.32 tex:3 mv:853 misc:520 icu:0.00 pcu:409.00 scu:887.00 tlayer:4 pbqpoffset:6.75 pbfactor:2.18 avgQpOffsetCutree:0.00;
in:399 out:400 type:b q:40.59 q-aq:41.00 q-noVbv:40.59 q-Rceq:1.32 tex:4 mv:344 misc:348 icu:0.00 pcu:106.00 scu:1190.00 tlayer:4 pbqpoffset:6.75 pbfactor:2.18 avgQpOffsetCutree:0.00;
in:416 out:401 type:k q:33.27 q-aq:25.86 q-noVbv:33.27 q-Rceq:1.32 tex:416310 mv:21551 misc:2787 icu:223.50 pcu:1060.00 scu:12.50 tlayer:0 pbqpoffset:1.51 pbfactor:1.19 avgQpOffsetCutree:-8.16;
in:408 out:402 type:B q:36.79 q-aq:29.92 q-noVbv:36.79 q-Rceq:1.32 tex:52816 mv:11490 misc:3438 icu:9.25 pcu:848.75 scu:438.00 tlayer:1 pbqpoffset:3.26 pbfactor:1.46 avgQpOffsetCutree:-5.42;
in:404 out:403 type:B q:37.59 q-aq:33.17 q-noVbv:37.59 q-Rceq:1.32 tex:1995 mv:735 misc:662 icu:0.00 pcu:123.50 scu:1172.50 tlayer:2 pbqpoffset:3.93 pbfactor:1.57 avgQpOffsetCutree:-3.47;
in:402 out:404 type:B q:37.65 q-aq:38.00 q-noVbv:37.65 q-Rceq:1.32 tex:1 mv:192 misc:279 icu:0.00 pcu:55.25 scu:1240.75 tlayer:3 pbqpoffset:3.93 pbfactor:1.57 avgQpOffsetCutree:-1.86;
in:401 out:405 type:b q:40.36 q-aq:40.00 q-noVbv:40.36 q-Rceq:1.32 tex:0 mv:16 misc:208 icu:0.00 pcu:1.00 scu:1295.00 tlayer:4 pbqpoffset:6.61 pbfactor:2.15 avgQpOffsetCutree:0.00;
in:403 out:406 type:b q:40.30 q-aq:40.00 q-noVbv:40.30 q-Rceq:1.32 tex:1 mv:118 misc:201 icu:0.00 pcu:52.00 scu:1244.00 tlayer:4 pbqpoffset:6.61 pbfactor:2.15 avgQpOffsetCutree:0.00;
in:406 out:407 type:B q:37.52 q-aq:38.00 q-noVbv:37.52 q-Rceq:1.32 tex:3 mv:574 misc:447 icu:0.00 pcu:161.00 scu:1135.00 tlayer:3 pbqpoffset:3.93 pbfactor:1.57 avgQpOffsetCutree:-1.83;
in:405 out:408 type:b q:40.23 q-aq:40.00 q-noVbv:40.23 q-Rceq:1.32 tex:1 mv:49 misc:214 icu:0.00 pcu:52.00 scu:1244.00 tlayer:4 pbqpoffset:6.61 pbfactor:2.15 avgQpOffsetCutree:0.00;
in:407 out:409 type:b q:40.17 q-aq:40.00 q-noVbv:40.17 q-Rceq:1.32 tex:4 mv:226 misc:290 icu:0.00 pcu:40.00 scu:1256.00 tlayer:4 pbqpoffset:6.61 pbfactor:2.15 avgQpOffsetCutree:0.00;
in:412 out:410 type:B q:37.33 q-aq:31.24 q-noVbv:37.33 q-Rceq:1.32 tex:31351 mv:7580 misc:2293 icu:0.25 pcu:874.00 scu:421.75 tlayer:2 pbqpoffset:3.93 pbfactor:1.57 avgQpOffsetCutree:-4.72;
in:410 out:411 type:B q:37.39 q-aq:34.42 q-noVbv:37.39 q-Rceq:1.32 tex:125 mv:1210 misc:697 icu:0.00 pcu:281.00 scu:1015.00 tlayer:3 pbqpoffset:3.93 pbfactor:1.57 avgQpOffsetCutree:-2.68;
in:409 out:412 type:b q:40.10 q-aq:40.00 q-noVbv:40.10 q-Rceq:1.32 tex:3 mv:387 misc:378 icu:0.00 pcu:98.00 scu:1198.00 tlayer:4 pbqpoffset:6.61 pbfactor:2.15 avgQpOffsetCutree:0.00;
in:411 out:413 type:b q:40.04 q-aq:40.00 q-noVbv:40.04 q-Rceq:1.32 tex:4 mv:180 misc:264 icu:0.00 pcu:109.00 scu:1187.00 tlayer:4 pbqpoffset:6.61 pbfactor:2.15 avgQpOffsetCutree:0.00;
in:414 out:414 type:B q:37.27 q-aq:34.65 q-noVbv:37.27 q-Rceq:1.32 tex:1091 mv:1599 misc:990 icu:0.00 pcu:513.25 scu:782.75 tlayer:3 pbqpoffset:3.93 pbfactor:1.57 avgQpOffsetCutree:-2.26;
in:413 out:415 type:b q:39.98 q-aq:40.00 q-noVbv:39.98 q-Rceq:1.32 tex:11 mv:1214 misc:479 icu:0.00 pcu:489.00 scu:807.00 tlayer:4 pbqpoffset:6.61 pbfactor:2.15 avgQpOffsetCutree:0.00;
in:415 out:416 type:b q:39.91 q-aq:40.00 q-noVbv:39.91 q-Rceq:1.32 tex:4 mv:457 misc:411 icu:0.00 pcu:164.00 scu:1132.00 tlayer:4 pbqpoffset:6.61 pbfactor:2.15 avgQpOffsetCutree:0.00;
in:432 out:417 type:k q:33.81 q-aq:26.65 q-noVbv:33.81 q-Rceq:1.32 tex:383148 mv:29888 misc:2252 icu:516.50 pcu:762.50 scu:17.00 tlayer:0 pbqpoffset:1.46 pbfactor:1.18 avgQpOffsetCutree:-8.26;
in:424 out:418 type:B q:36.30 q-aq:27.80 q-noVbv:36.30 q-Rceq:1.32 tex:134299 mv:18274 misc:4147 icu:5.25 pcu:955.75 scu:335.00 tlayer:1 pbqpoffset:2.75 pbfactor:1.37 avgQpOffsetCutree:-6.71;
in:420 out:419 type:B q:37.45 q-aq:33.03 q-noVbv:37.45 q-Rceq:1.32 tex:5106 mv:3307 misc:1339 icu:0.00 pcu:696.25 scu:599.75 tlayer:2 pbqpoffset:4.05 pbfactor:1.60 avgQpOffsetCutree:-3.75;
in:418 out:420 type:B q:37.39 q-aq:37.00 q-noVbv:37.39 q-Rceq:1.32 tex:7 mv:1393 misc:552 icu:0.00 pcu:511.00 scu:785.00 tlayer:3 pbqpoffset:4.05 pbfactor:1.60 avgQpOffsetCutree:-1.77;
in:417 out:421 type:b q:40.03 q-aq:40.00 q-noVbv:40.03 q-Rceq:1.32 tex:0 mv:55 misc:193 icu:0.00 pcu:16.00 scu:1280.00 tlayer:4 pbqpoffset:6.73 pbfactor:2.18 avgQpOffsetCutree:0.00;
in:419 out:422 type:b q:40.10 q-aq:40.00 q-noVbv:40.10 q-Rceq:1.32 tex:3 mv:286 misc:335 icu:0.00 pcu:78.00 scu:1218.00 tlayer:4 pbqpoffset:6.73 pbfactor:2.18 avgQpOffsetCutree:0.00;
in:422 out:423 type:B q:37.52 q-aq:38.00 q-noVbv:37.52 q-Rceq:1.32 tex:10 mv:1539 misc:627 icu:0.00 pcu:639.75 scu:656.25 tlayer:3 pbqpoffset:4.05 pbfactor:1.60 avgQpOffsetCutree:-1.85;
in:421 out:424 type:b q:40.17 q-aq:40.00 q-noVbv:40.17 q-Rceq:1.32 tex:0 mv:204 misc:268 icu:0.00 pcu:71.00 scu:1225.00 tlayer:4 pbqpoffset:6.73 pbfactor:2.18 avgQpOffsetCutree:0.00;
in:423 out:425 type:b q:40.23 q-aq:40.00 q-noVbv:40.23 q-Rceq:1.32 tex:3 mv:343 misc:342 icu:0.00 pcu:117.00 scu:1179.00 tlayer:4 pbqpoffset:6.73 pbfactor:2.18 avgQpOffsetCutree:0.00;
in:428 out:426 type:B q:37.73 q-aq:31.73 q-noVbv:37.73 q-Rceq:1.32 tex:1907 mv:3371 misc:1810 icu:0.00 pcu:718.00 scu:578.00 tlayer:2 pbqpoffset:4.05 pbfactor:1.60 avgQpOffsetCutree:-4.67;
in:426 out:427 type:B q:37.66 q-aq:38.00 q-noVbv:37.66 q-Rceq:1.32 tex:3 mv:703 misc:454 icu:0.00 pcu:224.00 scu:1072.00 tlayer:3 pbqpoffset:4.05 pbfactor:1.60 avgQpOffsetCutree:-2.48;
in:425 out:428 type:b q:40.30 q-aq:40.00 q-noVbv:40.30 q-Rceq:1.32 tex:7 mv:596 misc:485 icu:0.00 pcu:229.00 scu:1067.00 tlayer:4 pbqpoffset:6.73 pbfactor:2.18 avgQpOffsetCutree:0.00;
in:427 out:429 type:b q:40.37 q-aq:40.00 q-noVbv:40.37 q-Rceq:1.32 tex:1 mv:34 misc:189 icu:0.00 pcu:16.00 scu:1280.00 tlayer:4 pbqpoffset:6.73 pbfactor:2.18 avgQpOffsetCutree:0.00;
in:430 out:430 type:B q:37.79 q-aq:36.06 q-noVbv:37.79 q-Rceq:1.32 tex:141 mv:1663 misc:724 icu:0.00 pcu:580.00 scu:716.00 tlayer:3 pbqpoffset:4.05 pbfactor:1.60 avgQpOffsetCutree:-1.87;
in:429 out:431 type:b q:40.44 q-aq:40.00 q-noVbv:40.44 q-Rceq:1.32 tex:0 mv:150 misc:234 icu:0.00 pcu:28.00 scu:1268.00 tlayer:4 pbqpoffset:6.73 pbfactor:2.18 avgQpOffsetCutree:0.00;
in:431 out:432 type:b q:40.74 q-aq:41.00 q-noVbv:40.74 q-Rceq:1.32 tex:34 mv:1305 misc:589 icu:0.00 pcu:436.25 scu:859.75 tlayer:4 pbqpoffset:6.96 pbfactor:2.23 avgQpOffsetCutree:0.00;
in:448 out:433 type:k q:33.76 q-aq:26.02 q-noVbv:33.76 q-Rceq:1.32 tex:384471 mv:19745 misc:2376 icu:148.00 pcu:1130.50 scu:17.50 tlayer:0 pbqpoffset:1.52 pbfactor:1.19 avgQpOffsetCutree:-8.66;
in:440 out:434 type:B q:36.45 q-aq:27.42 q-noVbv:36.45 q-Rceq:1.32 tex:202990 mv:16134 misc:3868 icu:6.00 pcu:1040.75 scu:249.25 tlayer:1 pbqpoffset:2.66 pbfactor:1.36 avgQpOffsetCutree:-6.98;
in:436 out:435 type:B q:37.89 q-aq:32.23 q-noVbv:37.89 q-Rceq:1.32 tex:3993 mv:1261 misc:730 icu:0.00 pcu:171.00 scu:1125.00 tlayer:2 pbqpoffset:4.10 pbfactor:1.60 avgQpOffsetCutree:-4.35;
in:434 out:436 type:B q:37.90 q-aq:38.00 q-noVbv:37.90 q-Rceq:1.32 tex:0 mv:120 misc:208 icu:0.00 pcu:18.00 scu:1278.00 tlayer:3 pbqpoffset:4.10 pbfactor:1.60 avgQpOffsetCutree:-0.12;
in:433 out:437 type:b q:40.58 q-aq:41.00 q-noVbv:40.58 q-Rceq:1.32 tex:0 mv:8 misc:200 icu:0.00 pcu:0.00 scu:1296.00 tlayer:4 pbqpoffset:6.77 pbfactor:2.19 avgQpOffsetCutree:0.00;
in:435 out:438 type:b q:40.58 q-aq:41.00 q-noVbv:40.58 q-Rceq:1.32 tex:0 mv:46 misc:202 icu:0.00 pcu:4.00 scu:1292.00 tlayer:4 pbqpoffset:6.77 pbfactor:2.19 avgQpOffsetCutree:0.00;
in:438 out:439 type:B q:37.89 q-aq:38.00 q-noVbv:37.89 q-Rceq:1.32 tex:3 mv:416 misc:349 icu:0.00 pcu:169.00 scu:1127.00 tlayer:3 pbqpoffset:4.10 pbfactor:1.60 avgQpOffsetCutree:-2.05;
in:437 out:440 type:b q:40.57 q-aq:41.00 q-noVbv:40.57 q-Rceq:1.32 tex:0 mv:36 misc:180 icu:0.00 pcu:16.00 scu:1280.00 tlayer:4 pbqpoffset:6.77 pbfactor:2.19 avgQpOffsetCutree:0.00;
in:439 out:441 type:b q:40.56 q-aq:41.00 q-noVbv:40.56 q-Rceq:1.32 tex:0 mv:40 misc:192 icu:0.00 pcu:17.00 scu:1279.00 tlayer:4 pbqpoffset:6.77 pbfactor:2.19 avgQpOffsetCutree:0.00;
in:444 out:442 type:B q:37.87 q-aq:32.10 q-noVbv:37.87 q-Rceq:1.32 tex:14404 mv:2018 misc:1122 icu:1.00 pcu:260.75 scu:1034.25 tlayer:2 pbqpoffset:4.10 pbfactor:1.60 avgQpOffsetCutree:-4.17;
in:442 out:443 type:B q:37.87 q-aq:37.77 q-noVbv:37.87 q-Rceq:1.32 tex:24 mv:291 misc:301 icu:0.00 pcu:53.25 scu:1242.75 tlayer:3 pbqpoffset:4.10 pbfactor:1.60 avgQpOffsetCutree:-2.18;
in:441 out:444 type:b q:40.55 q-aq:41.00 q-noVbv:40.55 q-Rceq:1.32 tex:0 mv:35 misc:181 icu:0.00 pcu:16.00 scu:1280.00 tlayer:4 pbqpoffset:6.77 pbfactor:2.19 avgQpOffsetCutree:0.00;
in:443 out:445 type:b q:40.55 q-aq:41.00 q-noVbv:40.55 q-Rceq:1.32 tex:0 mv:12 misc:188 icu:0.00 pcu:16.00 scu:1280.00 tlayer:4 pbqpoffset:6.77 pbfactor:2.19 avgQpOffsetCutree:0.00;
in:446 out:446 type:B q:37.86 q-aq:37.65 q-noVbv:37.86 q-Rceq:1.32 tex:173 mv:1261 misc:702 icu:0.00 pcu:354.00 scu:942.00 tlayer:3 pbqpoffset:4.10 pbfactor:1.60 avgQpOffsetCutree:-2.74;
in:445 out:447 type:b q:40.54 q-aq:41.00 q-noVbv:40.54 q-Rceq:1.32 tex:0 mv:8 misc:192 icu:0.00 pcu:0.00 scu:1296.00 tlayer:4 pbqpoffset:6.77 pbfactor:2.19 avgQpOffsetCutree:0.00;
in:447 out:448 type:b q:40.53 q-aq:41.00 q-noVbv:40.53 q-Rceq:1.32 tex:0 mv:88 misc:200 icu:0.00 pcu:21.00 scu:1275.00 tlayer:4 pbqpoffset:6.77 pbfactor:2.19 avgQpOffsetCutree:0.00;
in:464 out:449 type:k q:32.62 q-aq:24.32 q-noVbv:32.62 q-Rceq:1.32 tex:441360 mv:17974 misc:2474 icu:110.00 pcu:1179.00 scu:7.00 tlayer:0 pbqpoffset:1.52 pbfactor:1.19 avgQpOffsetCutree:-8.67;
in:456 out:450 type:B q:37.05 q-aq:28.94 q-noVbv:37.05 q-Rceq:1.32 tex:70669 mv:4921 misc:2458 icu:12.00 pcu:650.50 scu:633.50 tlayer:1 pbqpoffset:3.86 pbfactor:1.56 avgQpOffsetCutree:-6.19;
in:452 out:451 type:B q:37.33 q-aq:36.39 q-noVbv:37.33 q-Rceq:1.32 tex:5066 mv:1400 misc:766 icu:0.25 pcu:262.25 scu:1033.50 tlayer:2 pbqpoffset:3.86 pbfactor:1.56 avgQpOffsetCutree:-4.24;
in:450 out:452 type:B q:37.48 q-aq:37.00 q-noVbv:37.48 q-Rceq:1.32 tex:0 mv:95 misc:201 icu:0.00 pcu:16.00 scu:1280.00 tlayer:3 pbqpoffset:3.86 pbfactor:1.56 avgQpOffsetCutree:-0.96;
in:449 out:453 type:b q:40.23 q-aq:40.00 q-noVbv:40.23 q-Rceq:1.32 tex:0 mv:23 misc:209 icu:0.00 pcu:1.00 scu:1295.00 tlayer:4 pbqpoffset:6.54 pbfactor:2.13 avgQpOffsetCutree:0.00;
in:451 out:454 type:b q:40.08 q-aq:40.00 q-noVbv:40.08 q-Rceq:1.32 tex:1 mv:67 misc:188 icu:0.00 pcu:17.00 scu:1279.00 tlayer:4 pbqpoffset:6.54 pbfactor:2.13 avgQpOffsetCutree:0.00;
in:454 out:455 type:B q:37.19 q-aq:37.00 q-noVbv:37.19 q-Rceq:1.32 tex:2 mv:212 misc:242 icu:0.00 pcu:40.00 scu:1256.00 tlayer:3 pbqpoffset:3.86 pbfactor:1.56 avgQpOffsetCutree:-1.88;
in:453 out:456 type:b q:39.94 q-aq:40.00 q-noVbv:39.94 q-Rceq:1.32 tex:0 mv:8 misc:192 icu:0.00 pcu:0.00 scu:1296.00 tlayer:4 pbqpoffset:6.54 pbfactor:2.13 avgQpOffsetCutree:0.00;
in:455 out:457 type:b q:39.80 q-aq:40.00 q-noVbv:39.80 q-Rceq:1.32 tex:1 mv:45 misc:210 icu:0.00 pcu:40.00 scu:1256.00 tlayer:4 pbqpoffset:6.54 pbfactor:2.13 avgQpOffsetCutree:0.00;
in:460 out:458 type:B q:36.77 q-aq:30.20 q-noVbv:36.77 q-Rceq:1.32 tex:18162 mv:3367 misc:1591 icu:0.50 pcu:607.75 scu:687.75 tlayer:2 pbqpoffset:3.86 pbfactor:1.56 avgQpOffsetCutree:-4.98;
in:458 out:459 type:B q:36.91 q-aq:37.00 q-noVbv:36.91 q-Rceq:1.32 tex:1 mv:457 misc:398 icu:0.00 pcu:70.00 scu:1226.00 tlayer:3 pbqpoffset:3.86 pbfactor:1.56 avgQpOffsetCutree:-1.97;
in:457 out:460 type:b q:39.66 q-aq:40.00 q-noVbv:39.66 q-Rceq:1.32 tex:2 mv:129 misc:205 icu:0.00 pcu:35.00 scu:1261.00 tlayer:4 pbqpoffset:6.54 pbfactor:2.13 avgQpOffsetCutree:0.00;
in:459 out:461 type:b q:39.52 q-aq:40.00 q-noVbv:39.52 q-Rceq:1.32 tex:0 mv:8 misc:192 icu:0.00 pcu:0.00 scu:1296.00 tlayer:4 pbqpoffset:6.54 pbfactor:2.13 avgQpOffsetCutree:0.00;
in:462 out:462 type:B q:36.63 q-aq:36.73 q-noVbv:36.63 q-Rceq:1.32 tex:231 mv:485 misc:428 icu:0.00 pcu:58.25 scu:1237.75 tlayer:3 pbqpoffset:3.86 pbfactor:1.56 avgQpOffsetCutree:-2.02;
in:461 out:463 type:b q:39.38 q-aq:39.00 q-noVbv:39.38 q-Rceq:1.32 tex:1 mv:55 misc:216 icu:0.00 pcu:5.00 scu:1291.00 tlayer:4 pbqpoffset:6.54 pbfactor:2.13 avgQpOffsetCutree:0.00;
in:463 out:464 type:b q:39.23 q-aq:39.00 q-noVbv:39.23 q-Rceq:1.32 tex:1 mv:90 misc:205 icu:0.00 pcu:22.00 scu:1274.00 tlayer:4 pbqpoffset:6.54 pbfactor:2.13 avgQpOffsetCutree:0.00;
in:480 out:465 type:k q:31.50 q-aq:24.81 q-noVbv:31.50 q-Rceq:1.32 tex:409958 mv:15433 misc:2489 icu:84.00 pcu:1199.25 scu:12.75 tlayer:0 pbqpoffset:1.43 pbfactor:1.18 avgQpOffsetCutree:-6.81;
in:472 out:466 type:B q:35.71 q-aq:27.65 q-noVbv:35.71 q-Rceq:1.32 tex:40282 mv:4410 misc:1636 icu:12.00 pcu:317.25 scu:966.75 tlayer:1 pbqpoffset:3.65 pbfactor:1.52 avgQpOffsetCutree:-6.22;
in:468 out:467 type:B q:35.99 q-aq:35.42 q-noVbv:35.99 q-Rceq:1.32 tex:5737 mv:1060 misc:619 icu:0.75 pcu:190.00 scu:1105.25 tlayer:2 pbqpoffset:3.65 pbfactor:1.52 avgQpOffsetCutree:-3.85;
in:466 out:468 type:B q:36.13 q-aq:36.00 q-noVbv:36.13 q-Rceq:1.32 tex:2 mv:154 misc:236 icu:0.00 pcu:17.00 scu:1279.00 tlayer:3 pbqpoffset:3.65 pbfactor:1.52 avgQpOffsetCutree:-1.92;
in:465 out:469 type:b q:38.88 q-aq:39.00 q-noVbv:38.88 q-Rceq:1.32 tex:0 mv:53 misc:195 icu:0.00 pcu:16.00 scu:1280.00 tlayer:4 pbqpoffset:6.33 pbfactor:2.08 avgQpOffsetCutree:0.00;
in:467 out:470 type:b q:38.74 q-aq:39.00 q-noVbv:38.74 q-Rceq:1.32 tex:0 mv:20 misc:196 icu:0.00 pcu:16.00 scu:1280.00 tlayer:4 pbqpoffset:6.33 pbfactor:2.08 avgQpOffsetCutree:0.00;
in:470 out:471 type:B q:35.85 q-aq:35.73 q-noVbv:35.85 q-Rceq:1.32 tex:133 mv:427 misc:376 icu:0.00 pcu:157.50 scu:1138.50 tlayer:3 pbqpoffset:3.65 pbfactor:1.52 avgQpOffsetCutree:-1.97;
in:469 out:472 type:b q:38.60 q-aq:39.00 q-noVbv:38.60 q-Rceq:1.32 tex:1 mv:47 misc:200 icu:0.00 pcu:48.00 scu:1248.00 tlayer:4 pbqpoffset:6.33 pbfactor:2.08 avgQpOffsetCutree:0.00;
in:471 out:473 type:b q:38.46 q-aq:38.00 q-noVbv:38.46 q-Rceq:1.32 tex:1 mv:62 misc:201 icu:0.00 pcu:52.00 scu:1244.00 tlayer:4 pbqpoffset:6.33 pbfactor:2.08 avgQpOffsetCutree:0.00;
in:476 out:474 type:B q:35.43 q-aq:33.85 q-noVbv:35.43 q-Rceq:1.32 tex:9482 mv:1630 misc:696 icu:0.25 pcu:98.00 scu:1197.75 tlayer:2 pbqpoffset:3.65 pbfactor:1.52 avgQpOffsetCutree:-4.04;
in:474 out:475 type:B q:35.57 q-aq:36.00 q-noVbv:35.57 q-Rceq:1.32 tex:1 mv:493 misc:402 icu:0.00 pcu:35.75 scu:1260.25 tlayer:3 pbqpoffset:3.65 pbfactor:1.52 avgQpOffsetCutree:-1.88;
in:473 out:476 type:b q:38.32 q-aq:38.00 q-noVbv:38.32 q-Rceq:1.32 tex:1 mv:65 misc:214 icu:0.00 pcu:5.00 scu:1291.00 tlayer:4 pbqpoffset:6.33 pbfactor:2.08 avgQpOffsetCutree:0.00;
in:475 out:477 type:b q:38.18 q-aq:38.00 q-noVbv:38.18 q-Rceq:1.32 tex:2 mv:123 misc:227 icu:0.00 pcu:5.00 scu:1291.00 tlayer:4 pbqpoffset:6.33 pbfactor:2.08 avgQpOffsetCutree:0.00;
in:478 out:478 type:B q:35.29 q-aq:34.80 q-noVbv:35.29 q-Rceq:1.32 tex:382 mv:447 misc:403 icu:0.00 pcu:50.50 scu:1245.50 tlayer:3 pbqpoffset:3.65 pbfactor:1.52 avgQpOffsetCutree:-2.03;
in:477 out:479 type:b q:38.04 q-aq:38.00 q-noVbv:38.04 q-Rceq:1.32 tex:3 mv:99 misc:226 icu:0.00 pcu:7.00 scu:1289.00 tlayer:4 pbqpoffset:6.33 pbfactor:2.08 avgQpOffsetCutree:0.00;
in:479 out:480 type:b q:37.90 q-aq:38.00 q-noVbv:37.90 q-Rceq:1.32 tex:13 mv:205 misc:294 icu:0.00 pcu:32.25 scu:1263.75 tlayer:4 pbqpoffset:6.33 pbfactor:2.08 avgQpOffsetCutree:0.00;
in:490 out:481 type:k q:34.90 q-aq:33.95 q-noVbv:34.90 q-Rceq:1.32 tex:17176 mv:2640 misc:736 icu:32.00 pcu:101.00 scu:1163.00 tlayer:0 pbqpoffset:1.05 pbfactor:1.13 avgQpOffsetCutree:-0.90;
in:485 out:482 type:B q:36.09 q-aq:30.88 q-noVbv:36.09 q-Rceq:1.32 tex:6986 mv:1346 misc:772 icu:0.25 pcu:129.75 scu:1166.00 tlayer:1 pbqpoffset:2.89 pbfactor:1.40 avgQpOffsetCutree:-4.42;
in:483 out:483 type:B q:35.87 q-aq:35.73 q-noVbv:35.87 q-Rceq:1.32 tex:217 mv:206 misc:281 icu:0.00 pcu:22.25 scu:1273.75 tlayer:2 pbqpoffset:3.35 pbfactor:1.47 avgQpOffsetCutree:-1.97;
in:482 out:484 type:B q:35.53 q-aq:36.00 q-noVbv:35.53 q-Rceq:1.32 tex:0 mv:67 misc:205 icu:0.00 pcu:0.00 scu:1296.00 tlayer:3 pbqpoffset:3.35 pbfactor:1.47 avgQpOffsetCutree:-0.03;
in:481 out:485 type:b q:38.19 q-aq:38.00 q-noVbv:38.19 q-Rceq:1.32 tex:0 mv:23 misc:201 icu:0.00 pcu:1.00 scu:1295.00 tlayer:4 pbqpoffset:6.35 pbfactor:2.08 avgQpOffsetCutree:0.00;
in:484 out:486 type:b q:39.21 q-aq:39.00 q-noVbv:39.21 q-Rceq:1.32 tex:0 mv:22 misc:178 icu:0.00 pcu:16.00 scu:1280.00 tlayer:3 pbqpoffset:6.35 pbfactor:2.08 avgQpOffsetCutree:0.00;
in:488 out:487 type:B q:37.57 q-aq:37.64 q-noVbv:37.57 q-Rceq:1.32 tex:666 mv:469 misc:377 icu:0.00 pcu:92.75 scu:1203.25 tlayer:2 pbqpoffset:3.35 pbfactor:1.47 avgQpOffsetCutree:-2.18;
in:487 out:488 type:B q:37.23 q-aq:37.00 q-noVbv:37.23 q-Rceq:1.32 tex:1 mv:147 misc:228 icu:0.00 pcu:7.25 scu:1288.75 tlayer:3 pbqpoffset:3.35 pbfactor:1.47 avgQpOffsetCutree:-0.21;
in:486 out:489 type:b q:39.89 q-aq:40.00 q-noVbv:39.89 q-Rceq:1.32 tex:0 mv:8 misc:184 icu:0.00 pcu:0.00 scu:1296.00 tlayer:4 pbqpoffset:6.35 pbfactor:2.08 avgQpOffsetCutree:0.00;
in:489 out:490 type:b q:40.91 q-aq:41.00 q-noVbv:40.91 q-Rceq:1.32 tex:41 mv:66 misc:213 icu:1.00 pcu:34.50 scu:1260.50 tlayer:3 pbqpoffset:6.35 pbfactor:2.08 avgQpOffsetCutree:0.00;
in:491 out:491 type:i q:34.80 q-aq:28.92 q-noVbv:34.80 q-Rceq:1.32 tex:386 mv:483 misc:363 icu:1296.00 pcu:0.00 scu:0.00 tlayer:0 pbqpoffset:1.05 pbfactor:1.13 avgQpOffsetCutree:-3.49;
in:495 out:492 type:k q:34.44 q-aq:34.00 q-noVbv:34.44 q-Rceq:1.32 tex:0 mv:10 misc:134 icu:0.00 pcu:0.00 scu:1296.00 tlayer:0 pbqpoffset:1.05 pbfactor:1.13 avgQpOffsetCutree:-1.00;
in:493 out:493 type:B q:35.58 q-aq:36.00 q-noVbv:35.58 q-Rceq:1.32 tex:0 mv:5 misc:139 icu:0.00 pcu:0.00 scu:1296.00 tlayer:1 pbqpoffset:1.14 pbfactor:1.14 avgQpOffsetCutree:-1.29;
in:492 out:494 type:b q:36.71 q-aq:37.00 q-noVbv:36.71 q-Rceq:1.32 tex:0 mv:5 misc:147 icu:0.00 pcu:0.00 scu:1296.00 tlayer:2 pbqpoffset:2.27 pbfactor:1.30 avgQpOffsetCutree:0.00;
in:494 out:495 type:b q:36.71 q-aq:37.00 q-noVbv:36.71 q-Rceq:1.32 tex:0 mv:5 misc:147 icu:0.00 pcu:0.00 scu:1296.00 tlayer:2 pbqpoffset:2.27 pbfactor:1.30 avgQpOffsetCutree:0.00;
in:496 out:496 type:i q:34.26 q-aq:29.10 q-noVbv:34.26 q-Rceq:1.32 tex:451 mv:557 misc:280 icu:1296.00 pcu:0.00 scu:0.00 tlayer:0 pbqpoffset:1.25 pbfactor:1.15 avgQpOffsetCutree:-2.86;
in:499 out:497 type:k q:34.50 q-aq:35.00 q-noVbv:34.50 q-Rceq:1.32 tex:0 mv:9 misc:127 icu:0.00 pcu:0.00 scu:1296.00 tlayer:0 pbqpoffset:1.10 pbfactor:1.13 avgQpOffsetCutree:-0.00;
in:498 out:498 type:B q:35.64 q-aq:36.00 q-noVbv:35.64 q-Rceq:1.32 tex:0 mv:5 misc:139 icu:0.00 pcu:0.00 scu:1296.00 tlayer:1 pbqpoffset:1.14 pbfactor:1.14 avgQpOffsetCutree:-0.00;
in:497 out:499 type:b q:37.44 q-aq:37.00 q-noVbv:37.44 q-Rceq:1.32 tex:0 mv:5 misc:147 icu:0.00 pcu:0.00 scu:1296.00 tlayer:2 pbqpoffset:2.94 pbfactor:1.40 avgQpOffsetCutree:0.00;
