#options: cpuid=1050111 frame-threads=1 no-wpp no-pmode no-pme psnr no-ssim log-level=2 bitdepth=8 input-csp=1 fps=50000/1000 input-res=832x480 interlace=0 total-frames=500 level-idc=0 high-tier=1 uhd-bd=0 ref=4 no-allow-non-conformance no-repeat-headers annexb no-aud no-hrd info hash=0 no-temporal-layers open-gop min-keyint=1 keyint=5000 bframes=15 b-adapt=2 b-pyramid bframe-bias=0 rc-lookahead=40 lookahead-slices=0 scenecut=40 no-intra-refresh ctu=64 min-cu-size=8 rect amp max-tu-size=32 tu-inter-depth=3 tu-intra-depth=3 limit-tu=4 rdoq-level=2 dynamic-rd=0.00 no-ssim-rd signhide no-tskip nr-intra=0 nr-inter=0 no-constrained-intra strong-intra-smoothing max-merge=4 limit-refs=1 limit-modes me=3 subme=4 merange=57 temporal-mvp weightp weightb no-analyze-src-pics deblock=0:0 sao no-sao-non-deblock rd=6 no-early-skip rskip no-fast-intra no-tskip-fast no-cu-lossless b-intra rdpenalty=0 psy-rd=0.00 psy-rdoq=0.00 no-rd-refine analysis-reuse-mode=0 no-lossless cbqpoffs=0 crqpoffs=0 rc=abr bitrate=2000 qcomp=0.60 qpstep=4 stats-write=1 stats-read=0 slow-firstpass ipratio=1.40 pbratio=1.30 aq-mode=1 aq-strength=0.00 cutree zone-count=0 no-strict-cbr qg-size=64 no-rc-grain qpmax=69 qpmin=0 no-const-vbv sar=0 overscan=0 videoformat=5 range=0 colorprim=2 transfer=2 colormatrix=2 chromaloc=0 display-window=0 max-cll=0,0 min-luma=0 max-luma=255 log2-max-poc-lsb=8 vui-timing-info vui-hrd-info slices=1 opt-qp-pps opt-ref-list-length-pps no-multi-pass-opt-rps scenecut-bias=0.05 no-opt-cu-delta-qp no-aq-motion no-hdr no-hdr-opt no-dhdr10-opt analysis-reuse-level=5 scale-factor=0 refine-intra=0 refine-inter=0 refine-mv=0 no-limit-sao ctu-info=0 max-tlayer=4
in:0 out:0 type:I q:28.66 q-aq:21.95 q-noVbv:28.66 q-Rceq:1.32 tex:304912 mv:46119 misc:3177 icu:1560.00 pcu:0.00 scu:0.00 tlayer:0 pbqpoffset:0.00 pbfactor:1.00 avgQpOffsetCutree:-6.81;
in:16 out:1 type:k q:31.57 q-aq:24.21 q-noVbv:31.57 q-Rceq:1.32 tex:129604 mv:24293 misc:4503 icu:583.00 pcu:875.50 scu:101.50 tlayer:0 pbqpoffset:0.00 pbfactor:1.00 avgQpOffsetCutree:-6.64;
in:8 out:2 type:B q:34.14 q-aq:28.76 q-noVbv:34.14 q-Rceq:1.32 tex:32121 mv:13763 misc:3012 icu:306.75 pcu:975.00 scu:278.25 tlayer:1 pbqpoffset:2.57 pbfactor:1.35 avgQpOffsetCutree:-4.70;
in:4 out:3 type:B q:35.39 q-aq:32.94 q-noVbv:35.39 q-Rceq:1.32 tex:2889 mv:4051 misc:1380 icu:28.00 pcu:427.25 scu:1104.75 tlayer:2 pbqpoffset:3.82 pbfactor:1.55 avgQpOffsetCutree:-2.75;
in:2 out:4 type:B q:36.01 q-aq:36.00 q-noVbv:36.01 q-Rceq:1.32 tex:0 mv:69 misc:163 icu:0.00 pcu:32.00 scu:1528.00 tlayer:3 pbqpoffset:4.43 pbfactor:1.67 avgQpOffsetCutree:-1.49;
in:1 out:5 type:b q:38.68 q-aq:39.00 q-noVbv:38.68 q-Rceq:1.32 tex:0 mv:6 misc:162 icu:0.00 pcu:0.00 scu:1560.00 tlayer:4 pbqpoffset:7.11 pbfactor:2.27 avgQpOffsetCutree:0.00;
in:3 out:6 type:b q:39.01 q-aq:39.00 q-noVbv:39.01 q-Rceq:1.32 tex:2 mv:373 misc:265 icu:0.00 pcu:94.25 scu:1465.75 tlayer:4 pbqpoffset:7.43 pbfactor:2.36 avgQpOffsetCutree:0.00;
in:6 out:7 type:B q:36.01 q-aq:34.56 q-noVbv:36.01 q-Rceq:1.32 tex:742 mv:2291 misc:943 icu:5.25 pcu:204.75 scu:1350.00 tlayer:3 pbqpoffset:4.43 pbfactor:1.67 avgQpOffsetCutree:-1.77;
in:5 out:8 type:b q:39.01 q-aq:39.00 q-noVbv:39.01 q-Rceq:1.32 tex:0 mv:326 misc:242 icu:0.00 pcu:44.00 scu:1516.00 tlayer:4 pbqpoffset:7.43 pbfactor:2.36 avgQpOffsetCutree:0.00;
in:7 out:9 type:b q:39.01 q-aq:39.00 q-noVbv:39.01 q-Rceq:1.32 tex:11 mv:300 misc:281 icu:0.50 pcu:44.00 scu:1515.50 tlayer:4 pbqpoffset:7.43 pbfactor:2.36 avgQpOffsetCutree:0.00;
in:12 out:10 type:B q:34.95 q-aq:31.28 q-noVbv:34.95 q-Rceq:1.32 tex:7646 mv:5516 misc:1470 icu:85.75 pcu:464.00 scu:1010.25 tlayer:2 pbqpoffset:3.37 pbfactor:1.48 avgQpOffsetCutree:-3.43;
in:10 out:11 type:B q:36.01 q-aq:34.33 q-noVbv:36.01 q-Rceq:1.32 tex:1120 mv:2552 misc:896 icu:12.75 pcu:257.50 scu:1289.75 tlayer:3 pbqpoffset:4.43 pbfactor:1.67 avgQpOffsetCutree:-1.79;
in:9 out:12 type:b q:39.01 q-aq:39.00 q-noVbv:39.01 q-Rceq:1.32 tex:2 mv:377 misc:269 icu:0.00 pcu:81.00 scu:1479.00 tlayer:4 pbqpoffset:7.43 pbfactor:2.36 avgQpOffsetCutree:0.00;
in:11 out:13 type:b q:39.01 q-aq:39.00 q-noVbv:39.01 q-Rceq:1.32 tex:6 mv:311 misc:267 icu:0.00 pcu:41.25 scu:1518.75 tlayer:4 pbqpoffset:7.43 pbfactor:2.36 avgQpOffsetCutree:0.00;
in:14 out:14 type:B q:36.01 q-aq:34.45 q-noVbv:36.01 q-Rceq:1.32 tex:1311 mv:1929 misc:768 icu:7.25 pcu:168.50 scu:1384.25 tlayer:3 pbqpoffset:4.43 pbfactor:1.67 avgQpOffsetCutree:-1.81;
in:13 out:15 type:b q:38.95 q-aq:39.00 q-noVbv:38.95 q-Rceq:1.32 tex:57 mv:246 misc:233 icu:1.00 pcu:26.00 scu:1533.00 tlayer:4 pbqpoffset:7.37 pbfactor:2.34 avgQpOffsetCutree:0.00;
in:15 out:16 type:b q:38.93 q-aq:39.00 q-noVbv:38.93 q-Rceq:1.32 tex:1 mv:221 misc:242 icu:0.00 pcu:21.00 scu:1539.00 tlayer:4 pbqpoffset:7.36 pbfactor:2.34 avgQpOffsetCutree:0.00;
in:32 out:17 type:k q:27.57 q-aq:21.43 q-noVbv:27.57 q-Rceq:1.32 tex:295450 mv:43893 misc:3321 icu:1527.25 pcu:32.50 scu:0.25 tlayer:0 pbqpoffset:0.00 pbfactor:1.00 avgQpOffsetCutree:-6.87;
in:24 out:18 type:B q:31.63 q-aq:26.39 q-noVbv:31.63 q-Rceq:1.32 tex:75850 mv:18889 misc:3533 icu:400.50 pcu:1009.00 scu:150.50 tlayer:1 pbqpoffset:2.06 pbfactor:1.27 avgQpOffsetCutree:-4.65;
in:20 out:19 type:B q:34.49 q-aq:31.23 q-noVbv:34.49 q-Rceq:1.32 tex:8934 mv:5178 misc:1664 icu:104.00 pcu:462.50 scu:993.50 tlayer:2 pbqpoffset:3.92 pbfactor:1.57 avgQpOffsetCutree:-3.42;
in:18 out:20 type:B q:34.99 q-aq:33.31 q-noVbv:34.99 q-Rceq:1.32 tex:1613 mv:2195 misc:888 icu:6.25 pcu:285.00 scu:1268.75 tlayer:3 pbqpoffset:3.92 pbfactor:1.57 avgQpOffsetCutree:-1.79;
in:17 out:21 type:b q:38.24 q-aq:38.00 q-noVbv:38.24 q-Rceq:1.32 tex:0 mv:151 misc:217 icu:0.00 pcu:40.00 scu:1520.00 tlayer:4 pbqpoffset:6.92 pbfactor:2.22 avgQpOffsetCutree:0.00;
in:19 out:22 type:b q:37.74 q-aq:38.00 q-noVbv:37.74 q-Rceq:1.32 tex:1 mv:231 misc:248 icu:0.00 pcu:38.00 scu:1522.00 tlayer:4 pbqpoffset:6.92 pbfactor:2.22 avgQpOffsetCutree:0.00;
in:22 out:23 type:B q:33.99 q-aq:32.78 q-noVbv:33.99 q-Rceq:1.32 tex:2030 mv:2748 misc:1078 icu:17.50 pcu:276.00 scu:1266.50 tlayer:3 pbqpoffset:3.92 pbfactor:1.57 avgQpOffsetCutree:-1.77;
in:21 out:24 type:b q:37.24 q-aq:37.00 q-noVbv:37.24 q-Rceq:1.32 tex:30 mv:353 misc:217 icu:0.00 pcu:72.00 scu:1488.00 tlayer:4 pbqpoffset:6.92 pbfactor:2.22 avgQpOffsetCutree:0.00;
in:23 out:25 type:b q:36.74 q-aq:37.00 q-noVbv:36.74 q-Rceq:1.32 tex:1 mv:307 misc:220 icu:0.00 pcu:112.00 scu:1448.00 tlayer:4 pbqpoffset:6.92 pbfactor:2.22 avgQpOffsetCutree:0.00;
in:28 out:26 type:B q:31.58 q-aq:27.53 q-noVbv:31.58 q-Rceq:1.32 tex:34845 mv:7172 misc:3543 icu:133.25 pcu:883.00 scu:543.75 tlayer:2 pbqpoffset:3.00 pbfactor:1.41 avgQpOffsetCutree:-3.47;
in:26 out:27 type:B q:32.99 q-aq:31.50 q-noVbv:32.99 q-Rceq:1.32 tex:3166 mv:2671 misc:1227 icu:21.75 pcu:290.75 scu:1247.50 tlayer:3 pbqpoffset:3.92 pbfactor:1.57 avgQpOffsetCutree:-1.75;
in:25 out:28 type:b q:36.24 q-aq:36.00 q-noVbv:36.24 q-Rceq:1.32 tex:4 mv:358 misc:278 icu:1.00 pcu:104.25 scu:1454.75 tlayer:4 pbqpoffset:6.92 pbfactor:2.22 avgQpOffsetCutree:0.00;
in:27 out:29 type:b q:35.74 q-aq:36.00 q-noVbv:35.74 q-Rceq:1.32 tex:58 mv:382 misc:288 icu:2.00 pcu:63.00 scu:1495.00 tlayer:4 pbqpoffset:6.92 pbfactor:2.22 avgQpOffsetCutree:0.00;
in:30 out:30 type:B q:31.99 q-aq:30.65 q-noVbv:31.99 q-Rceq:1.32 tex:3585 mv:3137 misc:1286 icu:13.25 pcu:501.00 scu:1045.75 tlayer:3 pbqpoffset:3.92 pbfactor:1.57 avgQpOffsetCutree:-1.76;
in:29 out:31 type:b q:35.24 q-aq:35.00 q-noVbv:35.24 q-Rceq:1.32 tex:4 mv:345 misc:283 icu:0.00 pcu:58.00 scu:1502.00 tlayer:4 pbqpoffset:6.92 pbfactor:2.22 avgQpOffsetCutree:0.00;
in:31 out:32 type:b q:34.74 q-aq:35.00 q-noVbv:34.74 q-Rceq:1.32 tex:85 mv:446 misc:325 icu:0.00 pcu:156.50 scu:1403.50 tlayer:4 pbqpoffset:6.92 pbfactor:2.22 avgQpOffsetCutree:0.00;
in:48 out:33 type:k q:26.65 q-aq:19.84 q-noVbv:26.65 q-Rceq:1.32 tex:227215 mv:32079 misc:3866 icu:577.50 pcu:957.00 scu:25.50 tlayer:0 pbqpoffset:0.00 pbfactor:1.00 avgQpOffsetCutree:-6.72;
in:40 out:34 type:B q:29.12 q-aq:23.59 q-noVbv:29.12 q-Rceq:1.32 tex:52206 mv:14894 misc:3492 icu:380.00 pcu:992.75 scu:187.25 tlayer:1 pbqpoffset:2.00 pbfactor:1.26 avgQpOffsetCutree:-4.78;
in:36 out:35 type:B q:30.36 q-aq:27.02 q-noVbv:30.36 q-Rceq:1.32 tex:8719 mv:3282 misc:1375 icu:147.50 pcu:403.50 scu:1009.00 tlayer:2 pbqpoffset:3.02 pbfactor:1.42 avgQpOffsetCutree:-3.30;
in:34 out:36 type:B q:31.09 q-aq:29.83 q-noVbv:31.09 q-Rceq:1.32 tex:4578 mv:2733 misc:1185 icu:41.25 pcu:273.00 scu:1245.75 tlayer:3 pbqpoffset:3.63 pbfactor:1.52 avgQpOffsetCutree:-1.71;
in:33 out:37 type:b q:34.38 q-aq:34.34 q-noVbv:34.38 q-Rceq:1.32 tex:188 mv:601 misc:411 icu:0.00 pcu:31.75 scu:1528.25 tlayer:4 pbqpoffset:6.87 pbfactor:2.21 avgQpOffsetCutree:0.00;
in:35 out:38 type:b q:34.27 q-aq:34.00 q-noVbv:34.27 q-Rceq:1.32 tex:3 mv:384 misc:317 icu:0.00 pcu:33.00 scu:1527.00 tlayer:4 pbqpoffset:6.87 pbfactor:2.21 avgQpOffsetCutree:0.00;
in:38 out:39 type:B q:31.10 q-aq:29.70 q-noVbv:31.10 q-Rceq:1.32 tex:2659 mv:1848 misc:1037 icu:29.75 pcu:270.25 scu:1260.00 tlayer:3 pbqpoffset:3.87 pbfactor:1.56 avgQpOffsetCutree:-1.68;
in:37 out:40 type:b q:34.15 q-aq:34.00 q-noVbv:34.15 q-Rceq:1.32 tex:34 mv:325 misc:321 icu:0.00 pcu:49.00 scu:1511.00 tlayer:4 pbqpoffset:6.87 pbfactor:2.21 avgQpOffsetCutree:0.00;
in:39 out:41 type:b q:34.04 q-aq:34.00 q-noVbv:34.04 q-Rceq:1.32 tex:54 mv:605 misc:357 icu:0.00 pcu:64.00 scu:1496.00 tlayer:4 pbqpoffset:6.87 pbfactor:2.21 avgQpOffsetCutree:0.00;
in:44 out:42 type:B q:29.80 q-aq:26.21 q-noVbv:29.80 q-Rceq:1.32 tex:8482 mv:3016 misc:1366 icu:149.75 pcu:307.25 scu:1103.00 tlayer:2 pbqpoffset:2.92 pbfactor:1.40 avgQpOffsetCutree:-3.34;
in:42 out:43 type:B q:30.86 q-aq:29.46 q-noVbv:30.86 q-Rceq:1.32 tex:2667 mv:1944 misc:877 icu:34.75 pcu:205.50 scu:1319.75 tlayer:3 pbqpoffset:3.87 pbfactor:1.56 avgQpOffsetCutree:-1.74;
in:41 out:44 type:b q:33.92 q-aq:34.00 q-noVbv:33.92 q-Rceq:1.32 tex:80 mv:432 misc:304 icu:0.50 pcu:93.25 scu:1466.25 tlayer:4 pbqpoffset:6.87 pbfactor:2.21 avgQpOffsetCutree:0.00;
in:43 out:45 type:b q:33.81 q-aq:34.00 q-noVbv:33.81 q-Rceq:1.32 tex:103 mv:486 misc:331 icu:0.50 pcu:73.25 scu:1486.25 tlayer:4 pbqpoffset:6.87 pbfactor:2.21 avgQpOffsetCutree:0.00;
in:46 out:46 type:B q:30.61 q-aq:29.62 q-noVbv:30.61 q-Rceq:1.32 tex:4067 mv:2015 misc:942 icu:79.75 pcu:173.75 scu:1306.50 tlayer:3 pbqpoffset:3.85 pbfactor:1.56 avgQpOffsetCutree:-1.68;
in:45 out:47 type:b q:33.69 q-aq:34.00 q-noVbv:33.69 q-Rceq:1.32 tex:174 mv:620 misc:374 icu:0.00 pcu:115.75 scu:1444.25 tlayer:4 pbqpoffset:6.87 pbfactor:2.21 avgQpOffsetCutree:0.00;
in:47 out:48 type:b q:33.58 q-aq:34.00 q-noVbv:33.58 q-Rceq:1.32 tex:230 mv:496 misc:434 icu:0.00 pcu:48.50 scu:1511.50 tlayer:4 pbqpoffset:6.87 pbfactor:2.21 avgQpOffsetCutree:0.00;
in:64 out:49 type:k q:25.93 q-aq:20.52 q-noVbv:25.93 q-Rceq:1.32 tex:326048 mv:45107 misc:3141 icu:1527.25 pcu:32.50 scu:0.25 tlayer:0 pbqpoffset:1.43 pbfactor:1.18 avgQpOffsetCutree:-7.05;
in:56 out:50 type:B q:28.46 q-aq:23.46 q-noVbv:28.46 q-Rceq:1.32 tex:91764 mv:17615 misc:4605 icu:385.25 pcu:972.75 scu:202.00 tlayer:1 pbqpoffset:2.16 pbfactor:1.28 avgQpOffsetCutree:-4.76;
in:52 out:51 type:B q:30.50 q-aq:26.90 q-noVbv:30.50 q-Rceq:1.32 tex:9800 mv:4185 misc:1463 icu:113.50 pcu:372.50 scu:1074.00 tlayer:2 pbqpoffset:4.03 pbfactor:1.59 avgQpOffsetCutree:-3.38;
in:50 out:52 type:B q:30.59 q-aq:29.36 q-noVbv:30.59 q-Rceq:1.32 tex:3561 mv:3090 misc:1293 icu:20.25 pcu:346.50 scu:1193.25 tlayer:3 pbqpoffset:4.03 pbfactor:1.59 avgQpOffsetCutree:-1.75;
in:49 out:53 type:b q:33.64 q-aq:34.00 q-noVbv:33.64 q-Rceq:1.32 tex:221 mv:674 misc:409 icu:6.00 pcu:68.00 scu:1486.00 tlayer:4 pbqpoffset:7.03 pbfactor:2.25 avgQpOffsetCutree:0.00;
in:51 out:54 type:b q:33.55 q-aq:34.00 q-noVbv:33.55 q-Rceq:1.32 tex:111 mv:709 misc:380 icu:0.75 pcu:95.25 scu:1464.00 tlayer:4 pbqpoffset:7.03 pbfactor:2.25 avgQpOffsetCutree:0.00;
in:54 out:55 type:B q:30.41 q-aq:28.88 q-noVbv:30.41 q-Rceq:1.32 tex:3121 mv:2551 misc:1128 icu:12.25 pcu:256.50 scu:1291.25 tlayer:3 pbqpoffset:4.03 pbfactor:1.59 avgQpOffsetCutree:-1.78;
in:53 out:56 type:b q:33.46 q-aq:33.60 q-noVbv:33.46 q-Rceq:1.32 tex:26 mv:308 misc:290 icu:0.00 pcu:100.00 scu:1460.00 tlayer:4 pbqpoffset:7.03 pbfactor:2.25 avgQpOffsetCutree:0.00;
in:55 out:57 type:b q:33.37 q-aq:33.00 q-noVbv:33.37 q-Rceq:1.32 tex:166 mv:428 misc:334 icu:0.00 pcu:37.00 scu:1523.00 tlayer:4 pbqpoffset:7.03 pbfactor:2.25 avgQpOffsetCutree:0.00;
in:60 out:58 type:B q:29.79 q-aq:25.60 q-noVbv:29.79 q-Rceq:1.32 tex:44855 mv:7013 misc:4084 icu:82.75 pcu:875.00 scu:602.25 tlayer:2 pbqpoffset:3.68 pbfactor:1.53 avgQpOffsetCutree:-3.56;
in:58 out:59 type:B q:30.23 q-aq:28.86 q-noVbv:30.23 q-Rceq:1.32 tex:3184 mv:2504 misc:1096 icu:17.50 pcu:393.50 scu:1149.00 tlayer:3 pbqpoffset:4.03 pbfactor:1.59 avgQpOffsetCutree:-1.79;
in:57 out:60 type:b q:33.28 q-aq:33.00 q-noVbv:33.28 q-Rceq:1.32 tex:109 mv:251 misc:280 icu:4.00 pcu:88.00 scu:1468.00 tlayer:4 pbqpoffset:7.03 pbfactor:2.25 avgQpOffsetCutree:0.00;
in:59 out:61 type:b q:33.19 q-aq:33.00 q-noVbv:33.19 q-Rceq:1.32 tex:79 mv:448 misc:313 icu:0.00 pcu:135.00 scu:1425.00 tlayer:4 pbqpoffset:7.03 pbfactor:2.25 avgQpOffsetCutree:0.00;
in:62 out:62 type:B q:30.05 q-aq:28.62 q-noVbv:30.05 q-Rceq:1.32 tex:2714 mv:2472 misc:926 icu:10.25 pcu:239.75 scu:1310.00 tlayer:3 pbqpoffset:4.03 pbfactor:1.59 avgQpOffsetCutree:-1.88;
in:61 out:63 type:b q:33.10 q-aq:33.00 q-noVbv:33.10 q-Rceq:1.32 tex:126 mv:319 misc:267 icu:0.00 pcu:52.00 scu:1508.00 tlayer:4 pbqpoffset:7.03 pbfactor:2.25 avgQpOffsetCutree:0.00;
in:63 out:64 type:b q:33.01 q-aq:33.00 q-noVbv:33.01 q-Rceq:1.32 tex:53 mv:462 misc:341 icu:0.00 pcu:204.00 scu:1356.00 tlayer:4 pbqpoffset:7.03 pbfactor:2.25 avgQpOffsetCutree:0.00;
in:80 out:65 type:k q:26.07 q-aq:19.58 q-noVbv:26.07 q-Rceq:1.32 tex:231891 mv:31161 misc:4268 icu:613.00 pcu:895.75 scu:51.25 tlayer:0 pbqpoffset:0.92 pbfactor:1.11 avgQpOffsetCutree:-6.75;
in:72 out:66 type:B q:28.21 q-aq:22.90 q-noVbv:28.21 q-Rceq:1.32 tex:63890 mv:18088 misc:4078 icu:268.75 pcu:1033.75 scu:257.50 tlayer:1 pbqpoffset:2.21 pbfactor:1.29 avgQpOffsetCutree:-4.84;
in:68 out:67 type:B q:29.01 q-aq:25.42 q-noVbv:29.01 q-Rceq:1.32 tex:12163 mv:4810 misc:1827 icu:73.50 pcu:452.25 scu:1034.25 tlayer:2 pbqpoffset:3.04 pbfactor:1.42 avgQpOffsetCutree:-3.35;
in:66 out:68 type:B q:29.98 q-aq:28.81 q-noVbv:29.98 q-Rceq:1.32 tex:2681 mv:1763 misc:908 icu:1.75 pcu:232.50 scu:1325.75 tlayer:3 pbqpoffset:4.03 pbfactor:1.59 avgQpOffsetCutree:-1.78;
in:65 out:69 type:b q:33.02 q-aq:33.88 q-noVbv:33.02 q-Rceq:1.32 tex:445 mv:284 misc:263 icu:0.00 pcu:69.00 scu:1491.00 tlayer:4 pbqpoffset:7.08 pbfactor:2.26 avgQpOffsetCutree:0.00;
in:67 out:70 type:b q:33.04 q-aq:33.00 q-noVbv:33.04 q-Rceq:1.32 tex:59 mv:297 misc:244 icu:0.00 pcu:112.00 scu:1448.00 tlayer:4 pbqpoffset:7.08 pbfactor:2.26 avgQpOffsetCutree:0.00;
in:70 out:71 type:B q:30.06 q-aq:28.61 q-noVbv:30.06 q-Rceq:1.32 tex:3997 mv:1930 misc:825 icu:32.75 pcu:191.50 scu:1335.75 tlayer:3 pbqpoffset:4.08 pbfactor:1.60 avgQpOffsetCutree:-1.80;
in:69 out:72 type:b q:33.05 q-aq:33.00 q-noVbv:33.05 q-Rceq:1.32 tex:310 mv:385 misc:313 icu:0.00 pcu:50.00 scu:1510.00 tlayer:4 pbqpoffset:7.08 pbfactor:2.26 avgQpOffsetCutree:0.00;
in:71 out:73 type:b q:33.07 q-aq:33.00 q-noVbv:33.07 q-Rceq:1.32 tex:234 mv:410 misc:324 icu:1.50 pcu:68.50 scu:1490.00 tlayer:4 pbqpoffset:7.08 pbfactor:2.26 avgQpOffsetCutree:0.00;
in:76 out:74 type:B q:28.87 q-aq:25.08 q-noVbv:28.87 q-Rceq:1.32 tex:14000 mv:4265 misc:1775 icu:139.50 pcu:393.00 scu:1027.50 tlayer:2 pbqpoffset:2.83 pbfactor:1.39 avgQpOffsetCutree:-3.35;
in:74 out:75 type:B q:29.81 q-aq:28.66 q-noVbv:29.81 q-Rceq:1.32 tex:5015 mv:2108 misc:885 icu:24.75 pcu:240.25 scu:1295.00 tlayer:3 pbqpoffset:3.80 pbfactor:1.55 avgQpOffsetCutree:-1.75;
in:73 out:76 type:b q:33.09 q-aq:33.25 q-noVbv:33.09 q-Rceq:1.32 tex:732 mv:368 misc:324 icu:10.00 pcu:103.00 scu:1447.00 tlayer:4 pbqpoffset:7.08 pbfactor:2.26 avgQpOffsetCutree:0.00;
in:75 out:77 type:b q:33.10 q-aq:33.00 q-noVbv:33.10 q-Rceq:1.32 tex:444 mv:458 misc:322 icu:4.25 pcu:93.00 scu:1462.75 tlayer:4 pbqpoffset:7.08 pbfactor:2.26 avgQpOffsetCutree:0.00;
in:78 out:78 type:B q:29.79 q-aq:28.86 q-noVbv:29.79 q-Rceq:1.32 tex:5729 mv:1612 misc:763 icu:62.25 pcu:237.00 scu:1260.75 tlayer:3 pbqpoffset:3.73 pbfactor:1.54 avgQpOffsetCutree:-1.72;
in:77 out:79 type:b q:33.12 q-aq:33.13 q-noVbv:33.12 q-Rceq:1.32 tex:961 mv:589 misc:370 icu:17.25 pcu:106.25 scu:1436.50 tlayer:4 pbqpoffset:7.08 pbfactor:2.26 avgQpOffsetCutree:0.00;
in:79 out:80 type:b q:33.14 q-aq:33.14 q-noVbv:33.14 q-Rceq:1.32 tex:831 mv:559 misc:378 icu:10.00 pcu:98.75 scu:1451.25 tlayer:4 pbqpoffset:7.08 pbfactor:2.26 avgQpOffsetCutree:0.00;
in:96 out:81 type:k q:23.91 q-aq:18.14 q-noVbv:23.91 q-Rceq:1.32 tex:397619 mv:47892 misc:3129 icu:1532.75 pcu:27.25 scu:0.00 tlayer:0 pbqpoffset:0.87 pbfactor:1.11 avgQpOffsetCutree:-7.33;
in:88 out:82 type:B q:27.59 q-aq:22.54 q-noVbv:27.59 q-Rceq:1.32 tex:89483 mv:17391 misc:4246 icu:376.25 pcu:892.75 scu:291.00 tlayer:1 pbqpoffset:2.60 pbfactor:1.35 avgQpOffsetCutree:-4.67;
in:84 out:83 type:B q:29.60 q-aq:26.74 q-noVbv:29.60 q-Rceq:1.32 tex:7740 mv:3254 misc:1382 icu:133.25 pcu:267.75 scu:1159.00 tlayer:2 pbqpoffset:4.08 pbfactor:1.60 avgQpOffsetCutree:-3.36;
in:82 out:84 type:B q:29.87 q-aq:28.76 q-noVbv:29.87 q-Rceq:1.32 tex:4315 mv:1738 misc:747 icu:67.25 pcu:206.50 scu:1286.25 tlayer:3 pbqpoffset:4.08 pbfactor:1.60 avgQpOffsetCutree:-1.75;
in:81 out:85 type:b q:33.01 q-aq:33.14 q-noVbv:33.01 q-Rceq:1.32 tex:926 mv:682 misc:432 icu:12.25 pcu:64.00 scu:1483.75 tlayer:4 pbqpoffset:7.08 pbfactor:2.26 avgQpOffsetCutree:0.00;
in:83 out:86 type:b q:32.74 q-aq:33.00 q-noVbv:32.74 q-Rceq:1.32 tex:835 mv:539 misc:386 icu:9.50 pcu:65.50 scu:1485.00 tlayer:4 pbqpoffset:7.08 pbfactor:2.26 avgQpOffsetCutree:0.00;
in:86 out:87 type:B q:29.33 q-aq:28.56 q-noVbv:29.33 q-Rceq:1.32 tex:4693 mv:1577 misc:810 icu:70.75 pcu:147.75 scu:1341.50 tlayer:3 pbqpoffset:4.08 pbfactor:1.60 avgQpOffsetCutree:-1.73;
in:85 out:88 type:b q:32.47 q-aq:32.86 q-noVbv:32.47 q-Rceq:1.32 tex:835 mv:696 misc:397 icu:4.25 pcu:80.75 scu:1475.00 tlayer:4 pbqpoffset:7.08 pbfactor:2.26 avgQpOffsetCutree:0.00;
in:87 out:89 type:b q:32.20 q-aq:32.13 q-noVbv:32.20 q-Rceq:1.32 tex:397 mv:612 misc:343 icu:9.00 pcu:65.00 scu:1486.00 tlayer:4 pbqpoffset:7.08 pbfactor:2.26 avgQpOffsetCutree:0.00;
in:92 out:90 type:B q:28.25 q-aq:24.09 q-noVbv:28.25 q-Rceq:1.32 tex:61719 mv:5980 misc:4765 icu:53.00 pcu:1018.25 scu:488.75 tlayer:2 pbqpoffset:3.80 pbfactor:1.55 avgQpOffsetCutree:-3.57;
in:90 out:91 type:B q:28.80 q-aq:27.19 q-noVbv:28.80 q-Rceq:1.32 tex:5594 mv:2723 misc:1075 icu:34.75 pcu:630.75 scu:894.50 tlayer:3 pbqpoffset:4.08 pbfactor:1.60 avgQpOffsetCutree:-1.83;
in:89 out:92 type:b q:31.93 q-aq:32.00 q-noVbv:31.93 q-Rceq:1.32 tex:502 mv:582 misc:348 icu:10.00 pcu:85.50 scu:1464.50 tlayer:4 pbqpoffset:7.08 pbfactor:2.26 avgQpOffsetCutree:0.00;
in:91 out:93 type:b q:31.66 q-aq:32.00 q-noVbv:31.66 q-Rceq:1.32 tex:668 mv:528 misc:364 icu:3.25 pcu:86.50 scu:1470.25 tlayer:4 pbqpoffset:7.08 pbfactor:2.26 avgQpOffsetCutree:0.00;
in:94 out:94 type:B q:28.26 q-aq:26.93 q-noVbv:28.26 q-Rceq:1.32 tex:7545 mv:2640 misc:1119 icu:15.00 pcu:326.75 scu:1218.25 tlayer:3 pbqpoffset:4.08 pbfactor:1.60 avgQpOffsetCutree:-1.78;
in:93 out:95 type:b q:31.39 q-aq:31.60 q-noVbv:31.39 q-Rceq:1.32 tex:260 mv:264 misc:268 icu:12.00 pcu:61.00 scu:1487.00 tlayer:4 pbqpoffset:7.08 pbfactor:2.26 avgQpOffsetCutree:0.00;
in:95 out:96 type:b q:31.12 q-aq:31.00 q-noVbv:31.12 q-Rceq:1.32 tex:272 mv:496 misc:360 icu:1.25 pcu:188.00 scu:1370.75 tlayer:4 pbqpoffset:7.08 pbfactor:2.26 avgQpOffsetCutree:0.00;
in:112 out:97 type:k q:22.09 q-aq:15.41 q-noVbv:22.09 q-Rceq:1.32 tex:392460 mv:43847 misc:4125 icu:532.50 pcu:1003.50 scu:24.00 tlayer:0 pbqpoffset:2.18 pbfactor:1.29 avgQpOffsetCutree:-7.15;
in:104 out:98 type:B q:25.20 q-aq:19.60 q-noVbv:25.20 q-Rceq:1.32 tex:98545 mv:22845 misc:4978 icu:206.25 pcu:1047.50 scu:306.25 tlayer:1 pbqpoffset:2.20 pbfactor:1.29 avgQpOffsetCutree:-4.97;
in:100 out:99 type:B q:25.89 q-aq:22.37 q-noVbv:25.89 q-Rceq:1.32 tex:21915 mv:5291 misc:1674 icu:77.50 pcu:405.50 scu:1077.00 tlayer:2 pbqpoffset:2.44 pbfactor:1.33 avgQpOffsetCutree:-3.49;
in:98 out:100 type:B q:27.32 q-aq:25.76 q-noVbv:27.32 q-Rceq:1.32 tex:11828 mv:3816 misc:1388 icu:25.00 pcu:370.50 scu:1164.50 tlayer:3 pbqpoffset:3.64 pbfactor:1.52 avgQpOffsetCutree:-1.79;
in:97 out:101 type:b q:30.86 q-aq:31.00 q-noVbv:30.86 q-Rceq:1.32 tex:618 mv:797 misc:433 icu:2.50 pcu:91.25 scu:1466.25 tlayer:4 pbqpoffset:7.07 pbfactor:2.26 avgQpOffsetCutree:0.00;
in:99 out:102 type:b q:30.64 q-aq:31.00 q-noVbv:30.64 q-Rceq:1.32 tex:461 mv:651 misc:368 icu:2.00 pcu:76.75 scu:1481.25 tlayer:4 pbqpoffset:7.07 pbfactor:2.26 avgQpOffsetCutree:0.00;
in:102 out:103 type:B q:27.13 q-aq:26.03 q-noVbv:27.13 q-Rceq:1.32 tex:8545 mv:3070 misc:1225 icu:22.75 pcu:218.75 scu:1318.50 tlayer:3 pbqpoffset:3.90 pbfactor:1.57 avgQpOffsetCutree:-1.78;
in:101 out:104 type:b q:30.41 q-aq:30.74 q-noVbv:30.41 q-Rceq:1.32 tex:749 mv:493 misc:382 icu:0.00 pcu:75.00 scu:1485.00 tlayer:4 pbqpoffset:7.07 pbfactor:2.26 avgQpOffsetCutree:0.00;
in:103 out:105 type:b q:30.18 q-aq:30.00 q-noVbv:30.18 q-Rceq:1.32 tex:517 mv:518 misc:389 icu:1.25 pcu:79.50 scu:1479.25 tlayer:4 pbqpoffset:7.07 pbfactor:2.26 avgQpOffsetCutree:0.00;
in:108 out:106 type:B q:25.42 q-aq:21.46 q-noVbv:25.42 q-Rceq:1.32 tex:24426 mv:5277 misc:1777 icu:49.75 pcu:404.50 scu:1105.75 tlayer:2 pbqpoffset:2.88 pbfactor:1.39 avgQpOffsetCutree:-3.48;
in:106 out:107 type:B q:26.54 q-aq:24.88 q-noVbv:26.54 q-Rceq:1.32 tex:9343 mv:3046 misc:1035 icu:28.25 pcu:210.25 scu:1321.50 tlayer:3 pbqpoffset:3.77 pbfactor:1.55 avgQpOffsetCutree:-1.80;
in:105 out:108 type:b q:29.95 q-aq:30.12 q-noVbv:29.95 q-Rceq:1.32 tex:777 mv:498 misc:373 icu:1.00 pcu:110.50 scu:1448.50 tlayer:4 pbqpoffset:7.07 pbfactor:2.26 avgQpOffsetCutree:0.00;
in:107 out:109 type:b q:29.73 q-aq:30.00 q-noVbv:29.73 q-Rceq:1.32 tex:130 mv:325 misc:329 icu:0.00 pcu:87.50 scu:1472.50 tlayer:4 pbqpoffset:7.07 pbfactor:2.26 avgQpOffsetCutree:0.00;
in:110 out:110 type:B q:26.38 q-aq:25.24 q-noVbv:26.38 q-Rceq:1.32 tex:9034 mv:2438 misc:1032 icu:13.50 pcu:200.25 scu:1346.25 tlayer:3 pbqpoffset:4.07 pbfactor:1.60 avgQpOffsetCutree:-1.80;
in:109 out:111 type:b q:29.50 q-aq:29.74 q-noVbv:29.50 q-Rceq:1.32 tex:352 mv:406 misc:314 icu:1.00 pcu:50.25 scu:1508.75 tlayer:4 pbqpoffset:7.07 pbfactor:2.26 avgQpOffsetCutree:0.00;
in:111 out:112 type:b q:29.27 q-aq:29.21 q-noVbv:29.27 q-Rceq:1.32 tex:460 mv:513 misc:411 icu:1.50 pcu:77.75 scu:1480.75 tlayer:4 pbqpoffset:7.07 pbfactor:2.26 avgQpOffsetCutree:0.00;
in:128 out:113 type:k q:23.64 q-aq:18.11 q-noVbv:23.64 q-Rceq:1.32 tex:402724 mv:48637 misc:2959 icu:1529.50 pcu:30.50 scu:0.00 tlayer:0 pbqpoffset:0.68 pbfactor:1.08 avgQpOffsetCutree:-7.39;
in:120 out:114 type:B q:25.35 q-aq:20.55 q-noVbv:25.35 q-Rceq:1.32 tex:122295 mv:19070 misc:4339 icu:191.75 pcu:1220.75 scu:147.50 tlayer:1 pbqpoffset:2.49 pbfactor:1.33 avgQpOffsetCutree:-4.89;
in:116 out:115 type:B q:26.61 q-aq:23.33 q-noVbv:26.61 q-Rceq:1.32 tex:17199 mv:4898 misc:1791 icu:27.25 pcu:337.00 scu:1195.75 tlayer:2 pbqpoffset:4.14 pbfactor:1.61 avgQpOffsetCutree:-3.42;
in:114 out:116 type:B q:26.42 q-aq:25.22 q-noVbv:26.42 q-Rceq:1.32 tex:7025 mv:2891 misc:1172 icu:17.75 pcu:264.25 scu:1278.00 tlayer:3 pbqpoffset:4.14 pbfactor:1.61 avgQpOffsetCutree:-1.81;
in:113 out:117 type:b q:29.32 q-aq:29.00 q-noVbv:29.32 q-Rceq:1.32 tex:226 mv:408 misc:326 icu:0.00 pcu:107.00 scu:1453.00 tlayer:4 pbqpoffset:7.14 pbfactor:2.28 avgQpOffsetCutree:0.00;
in:115 out:118 type:b q:29.52 q-aq:30.00 q-noVbv:29.52 q-Rceq:1.32 tex:279 mv:411 misc:358 icu:0.00 pcu:115.00 scu:1445.00 tlayer:4 pbqpoffset:7.14 pbfactor:2.28 avgQpOffsetCutree:0.00;
in:118 out:119 type:B q:26.81 q-aq:25.50 q-noVbv:26.81 q-Rceq:1.32 tex:6941 mv:2663 misc:1076 icu:10.50 pcu:256.75 scu:1292.75 tlayer:3 pbqpoffset:4.14 pbfactor:1.61 avgQpOffsetCutree:-1.82;
in:117 out:120 type:b q:29.71 q-aq:30.00 q-noVbv:29.71 q-Rceq:1.32 tex:24 mv:377 misc:279 icu:0.00 pcu:101.00 scu:1459.00 tlayer:4 pbqpoffset:7.14 pbfactor:2.28 avgQpOffsetCutree:0.00;
in:119 out:121 type:b q:29.90 q-aq:30.00 q-noVbv:29.90 q-Rceq:1.32 tex:131 mv:431 misc:326 icu:0.00 pcu:82.00 scu:1478.00 tlayer:4 pbqpoffset:7.14 pbfactor:2.28 avgQpOffsetCutree:0.00;
in:124 out:122 type:B q:27.08 q-aq:22.99 q-noVbv:27.08 q-Rceq:1.32 tex:66389 mv:6188 misc:4727 icu:15.25 pcu:1061.25 scu:483.50 tlayer:2 pbqpoffset:3.83 pbfactor:1.56 avgQpOffsetCutree:-3.68;
in:122 out:123 type:B q:27.19 q-aq:25.96 q-noVbv:27.19 q-Rceq:1.32 tex:6275 mv:2244 misc:1097 icu:20.75 pcu:396.75 scu:1142.50 tlayer:3 pbqpoffset:4.14 pbfactor:1.61 avgQpOffsetCutree:-1.81;
in:121 out:124 type:b q:30.10 q-aq:30.00 q-noVbv:30.10 q-Rceq:1.32 tex:91 mv:515 misc:378 icu:0.00 pcu:74.50 scu:1485.50 tlayer:4 pbqpoffset:7.14 pbfactor:2.28 avgQpOffsetCutree:0.00;
in:123 out:125 type:b q:30.29 q-aq:30.00 q-noVbv:30.29 q-Rceq:1.32 tex:46 mv:253 misc:277 icu:0.00 pcu:97.00 scu:1463.00 tlayer:4 pbqpoffset:7.14 pbfactor:2.28 avgQpOffsetCutree:0.00;
in:126 out:126 type:B q:27.58 q-aq:26.02 q-noVbv:27.58 q-Rceq:1.32 tex:5028 mv:2387 misc:1113 icu:0.75 pcu:384.75 scu:1174.50 tlayer:3 pbqpoffset:4.14 pbfactor:1.61 avgQpOffsetCutree:-1.79;
in:125 out:127 type:b q:30.49 q-aq:30.00 q-noVbv:30.49 q-Rceq:1.32 tex:58 mv:239 misc:263 icu:0.00 pcu:77.00 scu:1483.00 tlayer:4 pbqpoffset:7.14 pbfactor:2.28 avgQpOffsetCutree:0.00;
in:127 out:128 type:b q:30.68 q-aq:31.00 q-noVbv:30.68 q-Rceq:1.32 tex:4 mv:242 misc:250 icu:0.00 pcu:112.00 scu:1448.00 tlayer:4 pbqpoffset:7.14 pbfactor:2.28 avgQpOffsetCutree:0.00;
in:144 out:129 type:k q:22.08 q-aq:15.76 q-noVbv:22.08 q-Rceq:1.32 tex:360594 mv:37827 misc:3979 icu:639.75 pcu:891.00 scu:29.25 tlayer:0 pbqpoffset:1.16 pbfactor:1.14 avgQpOffsetCutree:-6.72;
in:136 out:130 type:B q:25.13 q-aq:19.77 q-noVbv:25.13 q-Rceq:1.32 tex:97885 mv:21889 misc:4922 icu:229.50 pcu:1052.00 scu:278.50 tlayer:1 pbqpoffset:2.26 pbfactor:1.30 avgQpOffsetCutree:-4.92;
in:132 out:131 type:B q:26.26 q-aq:22.52 q-noVbv:26.26 q-Rceq:1.32 tex:18293 mv:4449 misc:1634 icu:46.50 pcu:424.25 scu:1089.25 tlayer:2 pbqpoffset:3.01 pbfactor:1.42 avgQpOffsetCutree:-3.49;
in:130 out:132 type:B q:27.57 q-aq:26.07 q-noVbv:27.57 q-Rceq:1.32 tex:3003 mv:2308 misc:969 icu:8.75 pcu:217.00 scu:1334.25 tlayer:3 pbqpoffset:4.13 pbfactor:1.61 avgQpOffsetCutree:-1.81;
in:129 out:133 type:b q:30.67 q-aq:31.00 q-noVbv:30.67 q-Rceq:1.32 tex:5 mv:209 misc:266 icu:0.00 pcu:60.00 scu:1500.00 tlayer:4 pbqpoffset:7.13 pbfactor:2.28 avgQpOffsetCutree:0.00;
in:131 out:134 type:b q:30.48 q-aq:30.00 q-noVbv:30.48 q-Rceq:1.32 tex:4 mv:230 misc:278 icu:0.00 pcu:45.00 scu:1515.00 tlayer:4 pbqpoffset:7.13 pbfactor:2.28 avgQpOffsetCutree:0.00;
in:134 out:135 type:B q:27.19 q-aq:25.52 q-noVbv:27.19 q-Rceq:1.32 tex:6701 mv:2987 misc:1080 icu:8.50 pcu:260.00 scu:1291.50 tlayer:3 pbqpoffset:4.13 pbfactor:1.61 avgQpOffsetCutree:-1.81;
in:133 out:136 type:b q:30.28 q-aq:30.00 q-noVbv:30.28 q-Rceq:1.32 tex:26 mv:225 misc:285 icu:0.00 pcu:53.00 scu:1507.00 tlayer:4 pbqpoffset:7.13 pbfactor:2.28 avgQpOffsetCutree:0.00;
in:135 out:137 type:b q:30.09 q-aq:30.00 q-noVbv:30.09 q-Rceq:1.32 tex:33 mv:312 misc:287 icu:0.00 pcu:33.25 scu:1526.75 tlayer:4 pbqpoffset:7.13 pbfactor:2.28 avgQpOffsetCutree:0.00;
in:140 out:138 type:B q:24.93 q-aq:21.36 q-noVbv:24.93 q-Rceq:1.32 tex:31836 mv:6937 misc:2163 icu:104.00 pcu:497.50 scu:958.50 tlayer:2 pbqpoffset:2.46 pbfactor:1.33 avgQpOffsetCutree:-3.42;
in:138 out:139 type:B q:26.80 q-aq:25.20 q-noVbv:26.80 q-Rceq:1.32 tex:7774 mv:3209 misc:1257 icu:7.50 pcu:286.00 scu:1266.50 tlayer:3 pbqpoffset:4.13 pbfactor:1.61 avgQpOffsetCutree:-1.81;
in:137 out:140 type:b q:29.89 q-aq:30.00 q-noVbv:29.89 q-Rceq:1.32 tex:60 mv:356 misc:304 icu:0.75 pcu:67.00 scu:1492.25 tlayer:4 pbqpoffset:7.13 pbfactor:2.28 avgQpOffsetCutree:0.00;
in:139 out:141 type:b q:29.70 q-aq:30.00 q-noVbv:29.70 q-Rceq:1.32 tex:70 mv:325 misc:325 icu:0.00 pcu:24.50 scu:1535.50 tlayer:4 pbqpoffset:7.13 pbfactor:2.28 avgQpOffsetCutree:0.00;
in:142 out:142 type:B q:26.22 q-aq:24.52 q-noVbv:26.22 q-Rceq:1.32 tex:12219 mv:3186 misc:1275 icu:22.00 pcu:272.50 scu:1265.50 tlayer:3 pbqpoffset:3.94 pbfactor:1.58 avgQpOffsetCutree:-1.78;
in:141 out:143 type:b q:29.50 q-aq:30.00 q-noVbv:29.50 q-Rceq:1.32 tex:560 mv:597 misc:411 icu:1.25 pcu:84.50 scu:1474.25 tlayer:4 pbqpoffset:7.13 pbfactor:2.28 avgQpOffsetCutree:0.00;
in:143 out:144 type:b q:29.31 q-aq:29.24 q-noVbv:29.31 q-Rceq:1.32 tex:292 mv:476 misc:416 icu:0.00 pcu:76.75 scu:1483.25 tlayer:4 pbqpoffset:7.13 pbfactor:2.28 avgQpOffsetCutree:0.00;
in:160 out:145 type:k q:23.99 q-aq:19.01 q-noVbv:23.99 q-Rceq:1.32 tex:365987 mv:47556 misc:3185 icu:1521.25 pcu:38.75 scu:0.00 tlayer:0 pbqpoffset:0.58 pbfactor:1.07 avgQpOffsetCutree:-7.01;
in:152 out:146 type:B q:25.34 q-aq:21.02 q-noVbv:25.34 q-Rceq:1.32 tex:130372 mv:20312 misc:4908 icu:433.50 pcu:860.75 scu:265.75 tlayer:1 pbqpoffset:2.31 pbfactor:1.31 avgQpOffsetCutree:-4.67;
in:148 out:147 type:B q:26.73 q-aq:23.19 q-noVbv:26.73 q-Rceq:1.32 tex:28322 mv:6636 misc:1986 icu:133.00 pcu:482.75 scu:944.25 tlayer:2 pbqpoffset:4.17 pbfactor:1.62 avgQpOffsetCutree:-3.41;
in:146 out:148 type:B q:26.49 q-aq:24.95 q-noVbv:26.49 q-Rceq:1.32 tex:9736 mv:3727 misc:1569 icu:17.50 pcu:408.75 scu:1133.75 tlayer:3 pbqpoffset:4.17 pbfactor:1.62 avgQpOffsetCutree:-1.77;
in:145 out:149 type:b q:29.37 q-aq:29.01 q-noVbv:29.37 q-Rceq:1.32 tex:128 mv:434 misc:366 icu:0.00 pcu:29.75 scu:1530.25 tlayer:4 pbqpoffset:7.17 pbfactor:2.29 avgQpOffsetCutree:0.00;
in:147 out:150 type:b q:29.61 q-aq:30.00 q-noVbv:29.61 q-Rceq:1.32 tex:242 mv:478 misc:344 icu:0.00 pcu:89.00 scu:1471.00 tlayer:4 pbqpoffset:7.17 pbfactor:2.29 avgQpOffsetCutree:0.00;
in:150 out:151 type:B q:26.97 q-aq:25.47 q-noVbv:26.97 q-Rceq:1.32 tex:10561 mv:3445 misc:1450 icu:18.00 pcu:364.25 scu:1177.75 tlayer:3 pbqpoffset:4.17 pbfactor:1.62 avgQpOffsetCutree:-1.80;
in:149 out:152 type:b q:29.85 q-aq:30.00 q-noVbv:29.85 q-Rceq:1.32 tex:123 mv:485 misc:392 icu:0.00 pcu:65.25 scu:1494.75 tlayer:4 pbqpoffset:7.17 pbfactor:2.29 avgQpOffsetCutree:0.00;
in:151 out:153 type:b q:30.09 q-aq:30.00 q-noVbv:30.09 q-Rceq:1.32 tex:274 mv:616 misc:422 icu:0.50 pcu:62.50 scu:1497.00 tlayer:4 pbqpoffset:7.17 pbfactor:2.29 avgQpOffsetCutree:0.00;
in:156 out:154 type:B q:27.18 q-aq:23.32 q-noVbv:27.18 q-Rceq:1.32 tex:65799 mv:9064 misc:4065 icu:103.50 pcu:1021.50 scu:435.00 tlayer:2 pbqpoffset:3.67 pbfactor:1.53 avgQpOffsetCutree:-3.58;
in:154 out:155 type:B q:27.44 q-aq:25.95 q-noVbv:27.44 q-Rceq:1.32 tex:8405 mv:3335 misc:1332 icu:27.25 pcu:511.50 scu:1021.25 tlayer:3 pbqpoffset:4.17 pbfactor:1.62 avgQpOffsetCutree:-1.77;
in:153 out:156 type:b q:30.32 q-aq:30.80 q-noVbv:30.32 q-Rceq:1.32 tex:128 mv:498 misc:342 icu:0.25 pcu:138.75 scu:1421.00 tlayer:4 pbqpoffset:7.17 pbfactor:2.29 avgQpOffsetCutree:0.00;
in:155 out:157 type:b q:30.56 q-aq:31.00 q-noVbv:30.56 q-Rceq:1.32 tex:205 mv:397 misc:270 icu:0.25 pcu:114.00 scu:1445.75 tlayer:4 pbqpoffset:7.17 pbfactor:2.29 avgQpOffsetCutree:0.00;
in:158 out:158 type:B q:27.92 q-aq:26.30 q-noVbv:27.92 q-Rceq:1.32 tex:8826 mv:3722 misc:1468 icu:15.00 pcu:422.00 scu:1123.00 tlayer:3 pbqpoffset:4.17 pbfactor:1.62 avgQpOffsetCutree:-1.76;
in:157 out:159 type:b q:30.80 q-aq:31.00 q-noVbv:30.80 q-Rceq:1.32 tex:272 mv:569 misc:383 icu:0.75 pcu:91.00 scu:1468.25 tlayer:4 pbqpoffset:7.17 pbfactor:2.29 avgQpOffsetCutree:0.00;
in:159 out:160 type:b q:31.04 q-aq:31.43 q-noVbv:31.04 q-Rceq:1.32 tex:173 mv:331 misc:288 icu:0.00 pcu:49.00 scu:1511.00 tlayer:4 pbqpoffset:7.17 pbfactor:2.29 avgQpOffsetCutree:0.00;
in:176 out:161 type:k q:22.53 q-aq:16.60 q-noVbv:22.53 q-Rceq:1.32 tex:327674 mv:36497 misc:3933 icu:621.25 pcu:927.00 scu:11.75 tlayer:0 pbqpoffset:1.48 pbfactor:1.19 avgQpOffsetCutree:-6.32;
in:168 out:162 type:B q:25.57 q-aq:20.58 q-noVbv:25.57 q-Rceq:1.32 tex:89571 mv:20632 misc:4645 icu:320.00 pcu:1017.50 scu:222.50 tlayer:1 pbqpoffset:2.32 pbfactor:1.31 avgQpOffsetCutree:-4.67;
in:164 out:163 type:B q:26.11 q-aq:22.80 q-noVbv:26.11 q-Rceq:1.32 tex:27700 mv:6676 misc:2288 icu:110.50 pcu:574.25 scu:875.25 tlayer:2 pbqpoffset:2.49 pbfactor:1.33 avgQpOffsetCutree:-3.29;
in:162 out:164 type:B q:27.25 q-aq:26.00 q-noVbv:27.25 q-Rceq:1.32 tex:10285 mv:3601 misc:1346 icu:22.25 pcu:401.25 scu:1136.50 tlayer:3 pbqpoffset:3.45 pbfactor:1.49 avgQpOffsetCutree:-1.72;
in:161 out:165 type:b q:31.08 q-aq:31.92 q-noVbv:31.08 q-Rceq:1.32 tex:165 mv:352 misc:315 icu:0.00 pcu:94.00 scu:1466.00 tlayer:4 pbqpoffset:7.18 pbfactor:2.29 avgQpOffsetCutree:0.00;
in:163 out:166 type:b q:30.89 q-aq:31.00 q-noVbv:30.89 q-Rceq:1.32 tex:183 mv:506 misc:375 icu:0.00 pcu:90.75 scu:1469.25 tlayer:4 pbqpoffset:7.18 pbfactor:2.29 avgQpOffsetCutree:0.00;
in:166 out:167 type:B q:27.12 q-aq:25.50 q-noVbv:27.12 q-Rceq:1.32 tex:11719 mv:4248 misc:1553 icu:43.25 pcu:327.00 scu:1189.75 tlayer:3 pbqpoffset:3.68 pbfactor:1.53 avgQpOffsetCutree:-1.73;
in:165 out:168 type:b q:30.71 q-aq:31.00 q-noVbv:30.71 q-Rceq:1.32 tex:404 mv:588 misc:384 icu:0.00 pcu:143.50 scu:1416.50 tlayer:4 pbqpoffset:7.18 pbfactor:2.29 avgQpOffsetCutree:0.00;
in:167 out:169 type:b q:30.53 q-aq:31.00 q-noVbv:30.53 q-Rceq:1.32 tex:82 mv:572 misc:346 icu:0.00 pcu:108.50 scu:1451.50 tlayer:4 pbqpoffset:7.18 pbfactor:2.29 avgQpOffsetCutree:0.00;
in:172 out:170 type:B q:25.27 q-aq:21.71 q-noVbv:25.27 q-Rceq:1.32 tex:36675 mv:7492 misc:2529 icu:180.50 pcu:468.00 scu:911.50 tlayer:2 pbqpoffset:2.38 pbfactor:1.32 avgQpOffsetCutree:-3.35;
in:170 out:171 type:B q:26.57 q-aq:25.35 q-noVbv:26.57 q-Rceq:1.32 tex:11954 mv:3017 misc:1333 icu:40.25 pcu:345.00 scu:1174.75 tlayer:3 pbqpoffset:3.50 pbfactor:1.50 avgQpOffsetCutree:-1.77;
in:169 out:172 type:b q:30.35 q-aq:30.00 q-noVbv:30.35 q-Rceq:1.32 tex:347 mv:687 misc:478 icu:0.25 pcu:77.25 scu:1482.50 tlayer:4 pbqpoffset:7.18 pbfactor:2.29 avgQpOffsetCutree:0.00;
in:171 out:173 type:b q:30.16 q-aq:30.12 q-noVbv:30.16 q-Rceq:1.32 tex:110 mv:311 misc:331 icu:0.00 pcu:38.00 scu:1522.00 tlayer:4 pbqpoffset:7.18 pbfactor:2.29 avgQpOffsetCutree:0.00;
in:174 out:174 type:B q:26.24 q-aq:24.87 q-noVbv:26.24 q-Rceq:1.32 tex:16539 mv:4351 misc:1582 icu:60.00 pcu:436.75 scu:1063.25 tlayer:3 pbqpoffset:3.53 pbfactor:1.50 avgQpOffsetCutree:-1.72;
in:173 out:175 type:b q:29.98 q-aq:30.00 q-noVbv:29.98 q-Rceq:1.32 tex:529 mv:464 misc:407 icu:2.25 pcu:65.00 scu:1492.75 tlayer:4 pbqpoffset:7.18 pbfactor:2.29 avgQpOffsetCutree:0.00;
in:175 out:176 type:b q:29.80 q-aq:30.00 q-noVbv:29.80 q-Rceq:1.32 tex:774 mv:968 misc:490 icu:0.25 pcu:165.50 scu:1394.25 tlayer:4 pbqpoffset:7.18 pbfactor:2.29 avgQpOffsetCutree:0.00;
in:192 out:177 type:k q:24.36 q-aq:19.64 q-noVbv:24.36 q-Rceq:1.32 tex:337277 mv:42854 misc:3085 icu:1533.75 pcu:26.25 scu:0.00 tlayer:0 pbqpoffset:0.67 pbfactor:1.08 avgQpOffsetCutree:-6.71;
in:184 out:178 type:B q:25.72 q-aq:21.62 q-noVbv:25.72 q-Rceq:1.32 tex:123426 mv:17413 misc:4081 icu:404.00 pcu:1069.25 scu:86.75 tlayer:1 pbqpoffset:2.28 pbfactor:1.30 avgQpOffsetCutree:-4.55;
in:180 out:179 type:B q:27.13 q-aq:23.96 q-noVbv:27.13 q-Rceq:1.32 tex:22441 mv:4362 misc:1781 icu:232.50 pcu:457.50 scu:870.00 tlayer:2 pbqpoffset:4.14 pbfactor:1.61 avgQpOffsetCutree:-3.19;
in:178 out:180 type:B q:26.90 q-aq:25.61 q-noVbv:26.90 q-Rceq:1.32 tex:14061 mv:3921 misc:1514 icu:84.75 pcu:427.75 scu:1047.50 tlayer:3 pbqpoffset:4.14 pbfactor:1.61 avgQpOffsetCutree:-1.69;
in:177 out:181 type:b q:29.78 q-aq:30.04 q-noVbv:29.78 q-Rceq:1.32 tex:463 mv:653 misc:468 icu:1.75 pcu:64.50 scu:1493.75 tlayer:4 pbqpoffset:7.14 pbfactor:2.28 avgQpOffsetCutree:0.00;
in:179 out:182 type:b q:30.01 q-aq:30.00 q-noVbv:30.01 q-Rceq:1.32 tex:645 mv:804 misc:559 icu:1.50 pcu:202.00 scu:1356.50 tlayer:4 pbqpoffset:7.14 pbfactor:2.28 avgQpOffsetCutree:0.00;
in:182 out:183 type:B q:27.36 q-aq:26.22 q-noVbv:27.36 q-Rceq:1.32 tex:10493 mv:3394 misc:1409 icu:23.25 pcu:445.50 scu:1091.25 tlayer:3 pbqpoffset:4.14 pbfactor:1.61 avgQpOffsetCutree:-1.68;
in:181 out:184 type:b q:30.24 q-aq:30.11 q-noVbv:30.24 q-Rceq:1.32 tex:761 mv:652 misc:531 icu:5.50 pcu:81.75 scu:1472.75 tlayer:4 pbqpoffset:7.14 pbfactor:2.28 avgQpOffsetCutree:0.00;
in:183 out:185 type:b q:30.47 q-aq:30.51 q-noVbv:30.47 q-Rceq:1.32 tex:793 mv:879 misc:552 icu:8.00 pcu:117.00 scu:1435.00 tlayer:4 pbqpoffset:7.14 pbfactor:2.28 avgQpOffsetCutree:0.00;
in:188 out:186 type:B q:27.23 q-aq:23.72 q-noVbv:27.23 q-Rceq:1.32 tex:62940 mv:7691 misc:3705 icu:174.50 pcu:1060.50 scu:325.00 tlayer:2 pbqpoffset:3.32 pbfactor:1.47 avgQpOffsetCutree:-3.41;
in:186 out:187 type:B q:27.82 q-aq:26.62 q-noVbv:27.82 q-Rceq:1.32 tex:11980 mv:3425 misc:1379 icu:54.25 pcu:502.25 scu:1003.50 tlayer:3 pbqpoffset:4.14 pbfactor:1.61 avgQpOffsetCutree:-1.74;
in:185 out:188 type:b q:30.70 q-aq:31.00 q-noVbv:30.70 q-Rceq:1.32 tex:1155 mv:865 misc:548 icu:6.75 pcu:170.75 scu:1382.50 tlayer:4 pbqpoffset:7.14 pbfactor:2.28 avgQpOffsetCutree:0.00;
in:187 out:189 type:b q:30.93 q-aq:31.12 q-noVbv:30.93 q-Rceq:1.32 tex:793 mv:732 misc:475 icu:4.50 pcu:61.25 scu:1494.25 tlayer:4 pbqpoffset:7.14 pbfactor:2.28 avgQpOffsetCutree:0.00;
in:190 out:190 type:B q:28.28 q-aq:26.98 q-noVbv:28.28 q-Rceq:1.32 tex:15750 mv:4392 misc:1714 icu:65.75 pcu:517.50 scu:976.75 tlayer:3 pbqpoffset:4.14 pbfactor:1.61 avgQpOffsetCutree:-1.75;
in:189 out:191 type:b q:31.16 q-aq:31.02 q-noVbv:31.16 q-Rceq:1.32 tex:635 mv:976 misc:621 icu:2.25 pcu:126.25 scu:1431.50 tlayer:4 pbqpoffset:7.14 pbfactor:2.28 avgQpOffsetCutree:0.00;
in:191 out:192 type:b q:31.39 q-aq:31.50 q-noVbv:31.39 q-Rceq:1.32 tex:941 mv:1117 misc:670 icu:1.25 pcu:249.00 scu:1309.75 tlayer:4 pbqpoffset:7.14 pbfactor:2.28 avgQpOffsetCutree:0.00;
in:208 out:193 type:k q:22.87 q-aq:16.87 q-noVbv:22.87 q-Rceq:1.32 tex:345208 mv:39777 misc:3887 icu:734.50 pcu:799.75 scu:25.75 tlayer:0 pbqpoffset:1.48 pbfactor:1.19 avgQpOffsetCutree:-6.67;
in:200 out:194 type:B q:25.95 q-aq:21.04 q-noVbv:25.95 q-Rceq:1.32 tex:104436 mv:22204 misc:4792 icu:321.75 pcu:997.00 scu:241.25 tlayer:1 pbqpoffset:2.33 pbfactor:1.31 avgQpOffsetCutree:-4.76;
in:196 out:195 type:B q:26.54 q-aq:22.99 q-noVbv:26.54 q-Rceq:1.32 tex:28277 mv:7047 misc:2468 icu:60.00 pcu:668.50 scu:831.50 tlayer:2 pbqpoffset:2.55 pbfactor:1.34 avgQpOffsetCutree:-3.32;
in:194 out:196 type:B q:27.64 q-aq:26.51 q-noVbv:27.64 q-Rceq:1.32 tex:9095 mv:3351 misc:1458 icu:12.75 pcu:475.00 scu:1072.25 tlayer:3 pbqpoffset:3.46 pbfactor:1.49 avgQpOffsetCutree:-1.73;
in:193 out:197 type:b q:31.47 q-aq:31.23 q-noVbv:31.47 q-Rceq:1.32 tex:673 mv:1171 misc:636 icu:3.75 pcu:155.50 scu:1400.75 tlayer:4 pbqpoffset:7.20 pbfactor:2.30 avgQpOffsetCutree:0.00;
in:195 out:198 type:b q:31.28 q-aq:31.39 q-noVbv:31.28 q-Rceq:1.32 tex:194 mv:692 misc:426 icu:0.50 pcu:135.50 scu:1424.00 tlayer:4 pbqpoffset:7.20 pbfactor:2.30 avgQpOffsetCutree:0.00;
in:198 out:199 type:B q:27.67 q-aq:26.27 q-noVbv:27.67 q-Rceq:1.32 tex:8452 mv:3519 misc:1357 icu:8.00 pcu:428.75 scu:1123.25 tlayer:3 pbqpoffset:3.86 pbfactor:1.56 avgQpOffsetCutree:-1.74;
in:197 out:200 type:b q:31.10 q-aq:31.00 q-noVbv:31.10 q-Rceq:1.32 tex:150 mv:524 misc:366 icu:0.25 pcu:119.00 scu:1440.75 tlayer:4 pbqpoffset:7.20 pbfactor:2.30 avgQpOffsetCutree:0.00;
in:199 out:201 type:b q:30.91 q-aq:31.00 q-noVbv:30.91 q-Rceq:1.32 tex:17 mv:424 misc:367 icu:0.25 pcu:72.00 scu:1487.75 tlayer:4 pbqpoffset:7.20 pbfactor:2.30 avgQpOffsetCutree:0.00;
in:204 out:202 type:B q:26.30 q-aq:22.57 q-noVbv:26.30 q-Rceq:1.32 tex:37456 mv:8591 misc:2721 icu:118.50 pcu:695.25 scu:746.25 tlayer:2 pbqpoffset:3.06 pbfactor:1.42 avgQpOffsetCutree:-3.37;
in:202 out:203 type:B q:27.46 q-aq:26.09 q-noVbv:27.46 q-Rceq:1.32 tex:8646 mv:3339 misc:1351 icu:24.75 pcu:447.00 scu:1088.25 tlayer:3 pbqpoffset:4.03 pbfactor:1.59 avgQpOffsetCutree:-1.78;
in:201 out:204 type:b q:30.72 q-aq:31.00 q-noVbv:30.72 q-Rceq:1.32 tex:82 mv:521 misc:341 icu:0.00 pcu:139.50 scu:1420.50 tlayer:4 pbqpoffset:7.20 pbfactor:2.30 avgQpOffsetCutree:0.00;
in:203 out:205 type:b q:30.54 q-aq:31.00 q-noVbv:30.54 q-Rceq:1.32 tex:40 mv:342 misc:290 icu:0.00 pcu:120.00 scu:1440.00 tlayer:4 pbqpoffset:7.20 pbfactor:2.30 avgQpOffsetCutree:0.00;
in:206 out:206 type:B q:27.25 q-aq:26.06 q-noVbv:27.25 q-Rceq:1.32 tex:8998 mv:2972 misc:1182 icu:11.25 pcu:332.25 scu:1216.50 tlayer:3 pbqpoffset:4.20 pbfactor:1.62 avgQpOffsetCutree:-1.75;
in:205 out:207 type:b q:30.35 q-aq:30.57 q-noVbv:30.35 q-Rceq:1.32 tex:605 mv:584 misc:387 icu:2.00 pcu:119.25 scu:1438.75 tlayer:4 pbqpoffset:7.20 pbfactor:2.30 avgQpOffsetCutree:0.00;
in:207 out:208 type:b q:30.16 q-aq:30.00 q-noVbv:30.16 q-Rceq:1.32 tex:563 mv:615 misc:446 icu:0.50 pcu:61.00 scu:1498.50 tlayer:4 pbqpoffset:7.20 pbfactor:2.30 avgQpOffsetCutree:0.00;
in:224 out:209 type:k q:23.77 q-aq:18.26 q-noVbv:23.77 q-Rceq:1.32 tex:369884 mv:42061 misc:3295 icu:1544.00 pcu:16.00 scu:0.00 tlayer:0 pbqpoffset:0.66 pbfactor:1.08 avgQpOffsetCutree:-7.29;
in:216 out:210 type:B q:25.57 q-aq:21.26 q-noVbv:25.57 q-Rceq:1.32 tex:123179 mv:18668 misc:4425 icu:413.50 pcu:987.00 scu:159.50 tlayer:1 pbqpoffset:2.25 pbfactor:1.30 avgQpOffsetCutree:-4.60;
in:212 out:211 type:B q:27.21 q-aq:23.77 q-noVbv:27.21 q-Rceq:1.32 tex:26459 mv:6301 misc:2320 icu:92.00 pcu:664.75 scu:803.25 tlayer:2 pbqpoffset:4.12 pbfactor:1.61 avgQpOffsetCutree:-3.25;
in:210 out:212 type:B q:27.10 q-aq:25.52 q-noVbv:27.10 q-Rceq:1.32 tex:9025 mv:2762 misc:1453 icu:27.75 pcu:332.00 scu:1200.25 tlayer:3 pbqpoffset:4.12 pbfactor:1.61 avgQpOffsetCutree:-1.73;
in:209 out:213 type:b q:30.04 q-aq:30.00 q-noVbv:30.04 q-Rceq:1.32 tex:509 mv:540 misc:415 icu:1.50 pcu:83.00 scu:1475.50 tlayer:4 pbqpoffset:7.12 pbfactor:2.28 avgQpOffsetCutree:0.00;
in:211 out:214 type:b q:30.15 q-aq:30.00 q-noVbv:30.15 q-Rceq:1.32 tex:131 mv:399 misc:342 icu:4.00 pcu:108.00 scu:1448.00 tlayer:4 pbqpoffset:7.12 pbfactor:2.28 avgQpOffsetCutree:0.00;
in:214 out:215 type:B q:27.32 q-aq:26.06 q-noVbv:27.32 q-Rceq:1.32 tex:6615 mv:2975 misc:1410 icu:12.75 pcu:322.75 scu:1224.50 tlayer:3 pbqpoffset:4.12 pbfactor:1.61 avgQpOffsetCutree:-1.71;
in:213 out:216 type:b q:30.27 q-aq:30.00 q-noVbv:30.27 q-Rceq:1.32 tex:111 mv:371 misc:302 icu:0.00 pcu:119.00 scu:1441.00 tlayer:4 pbqpoffset:7.12 pbfactor:2.28 avgQpOffsetCutree:0.00;
in:215 out:217 type:b q:30.38 q-aq:30.00 q-noVbv:30.38 q-Rceq:1.32 tex:7 mv:372 misc:325 icu:0.00 pcu:78.00 scu:1482.00 tlayer:4 pbqpoffset:7.12 pbfactor:2.28 avgQpOffsetCutree:0.00;
in:220 out:218 type:B q:27.17 q-aq:23.38 q-noVbv:27.17 q-Rceq:1.32 tex:61586 mv:7217 misc:4437 icu:82.25 pcu:1056.75 scu:421.00 tlayer:2 pbqpoffset:3.62 pbfactor:1.52 avgQpOffsetCutree:-3.46;
in:218 out:219 type:B q:27.55 q-aq:26.14 q-noVbv:27.55 q-Rceq:1.32 tex:6277 mv:2541 misc:1190 icu:30.25 pcu:418.25 scu:1111.50 tlayer:3 pbqpoffset:4.12 pbfactor:1.61 avgQpOffsetCutree:-1.72;
in:217 out:220 type:b q:30.49 q-aq:30.11 q-noVbv:30.49 q-Rceq:1.32 tex:10 mv:618 misc:444 icu:0.00 pcu:101.25 scu:1458.75 tlayer:4 pbqpoffset:7.12 pbfactor:2.28 avgQpOffsetCutree:0.00;
in:219 out:221 type:b q:30.61 q-aq:31.00 q-noVbv:30.61 q-Rceq:1.32 tex:32 mv:549 misc:411 icu:0.00 pcu:90.25 scu:1469.75 tlayer:4 pbqpoffset:7.12 pbfactor:2.28 avgQpOffsetCutree:0.00;
in:222 out:222 type:B q:27.78 q-aq:26.42 q-noVbv:27.78 q-Rceq:1.32 tex:12373 mv:4518 misc:1909 icu:45.25 pcu:588.75 scu:926.00 tlayer:3 pbqpoffset:4.12 pbfactor:1.61 avgQpOffsetCutree:-1.76;
in:221 out:223 type:b q:30.72 q-aq:31.00 q-noVbv:30.72 q-Rceq:1.32 tex:223 mv:667 misc:382 icu:0.25 pcu:116.25 scu:1443.50 tlayer:4 pbqpoffset:7.12 pbfactor:2.28 avgQpOffsetCutree:0.00;
in:223 out:224 type:b q:30.83 q-aq:31.00 q-noVbv:30.83 q-Rceq:1.32 tex:435 mv:504 misc:365 icu:5.25 pcu:68.00 scu:1486.75 tlayer:4 pbqpoffset:7.12 pbfactor:2.28 avgQpOffsetCutree:0.00;
in:240 out:225 type:k q:22.06 q-aq:15.32 q-noVbv:22.06 q-Rceq:1.32 tex:364494 mv:42278 misc:4172 icu:558.00 pcu:977.75 scu:24.25 tlayer:0 pbqpoffset:1.61 pbfactor:1.21 avgQpOffsetCutree:-7.20;
in:232 out:226 type:B q:25.09 q-aq:19.54 q-noVbv:25.09 q-Rceq:1.32 tex:94108 mv:20704 misc:4804 icu:177.50 pcu:1133.75 scu:248.75 tlayer:1 pbqpoffset:2.17 pbfactor:1.29 avgQpOffsetCutree:-4.97;
in:228 out:227 type:B q:26.30 q-aq:22.67 q-noVbv:26.30 q-Rceq:1.32 tex:17007 mv:4647 misc:1618 icu:50.50 pcu:442.25 scu:1067.25 tlayer:2 pbqpoffset:2.95 pbfactor:1.41 avgQpOffsetCutree:-3.39;
in:226 out:228 type:B q:27.59 q-aq:26.78 q-noVbv:27.59 q-Rceq:1.32 tex:4361 mv:1893 misc:946 icu:14.50 pcu:265.75 scu:1279.75 tlayer:3 pbqpoffset:4.04 pbfactor:1.59 avgQpOffsetCutree:-1.75;
in:225 out:229 type:b q:30.70 q-aq:31.00 q-noVbv:30.70 q-Rceq:1.32 tex:112 mv:334 misc:322 icu:1.00 pcu:67.00 scu:1492.00 tlayer:4 pbqpoffset:7.04 pbfactor:2.25 avgQpOffsetCutree:0.00;
in:227 out:230 type:b q:30.49 q-aq:30.87 q-noVbv:30.49 q-Rceq:1.32 tex:18 mv:300 misc:282 icu:0.00 pcu:66.50 scu:1493.50 tlayer:4 pbqpoffset:7.04 pbfactor:2.25 avgQpOffsetCutree:0.00;
in:230 out:231 type:B q:27.10 q-aq:25.89 q-noVbv:27.10 q-Rceq:1.32 tex:5890 mv:2232 misc:1030 icu:17.00 pcu:192.25 scu:1350.75 tlayer:3 pbqpoffset:3.97 pbfactor:1.58 avgQpOffsetCutree:-1.76;
in:229 out:232 type:b q:30.27 q-aq:30.00 q-noVbv:30.27 q-Rceq:1.32 tex:41 mv:353 misc:302 icu:0.25 pcu:63.75 scu:1496.00 tlayer:4 pbqpoffset:7.04 pbfactor:2.25 avgQpOffsetCutree:0.00;
in:231 out:233 type:b q:30.06 q-aq:30.00 q-noVbv:30.06 q-Rceq:1.32 tex:16 mv:236 misc:276 icu:0.00 pcu:38.50 scu:1521.50 tlayer:4 pbqpoffset:7.04 pbfactor:2.25 avgQpOffsetCutree:0.00;
in:236 out:234 type:B q:25.51 q-aq:21.59 q-noVbv:25.51 q-Rceq:1.32 tex:19939 mv:4807 misc:1894 icu:19.75 pcu:472.00 scu:1068.25 tlayer:2 pbqpoffset:3.02 pbfactor:1.42 avgQpOffsetCutree:-3.46;
in:234 out:235 type:B q:26.74 q-aq:25.04 q-noVbv:26.74 q-Rceq:1.32 tex:5793 mv:2393 misc:1190 icu:3.50 pcu:299.75 scu:1256.75 tlayer:3 pbqpoffset:4.04 pbfactor:1.59 avgQpOffsetCutree:-1.78;
in:233 out:236 type:b q:29.84 q-aq:30.00 q-noVbv:29.84 q-Rceq:1.32 tex:5 mv:256 misc:275 icu:0.00 pcu:76.00 scu:1484.00 tlayer:4 pbqpoffset:7.04 pbfactor:2.25 avgQpOffsetCutree:0.00;
in:235 out:237 type:b q:29.63 q-aq:30.00 q-noVbv:29.63 q-Rceq:1.32 tex:4 mv:226 misc:266 icu:0.00 pcu:88.00 scu:1472.00 tlayer:4 pbqpoffset:7.04 pbfactor:2.25 avgQpOffsetCutree:0.00;
in:238 out:238 type:B q:26.31 q-aq:24.98 q-noVbv:26.31 q-Rceq:1.32 tex:4873 mv:1701 misc:914 icu:2.75 pcu:233.50 scu:1323.75 tlayer:3 pbqpoffset:4.04 pbfactor:1.59 avgQpOffsetCutree:-1.76;
in:237 out:239 type:b q:29.41 q-aq:29.00 q-noVbv:29.41 q-Rceq:1.32 tex:1 mv:97 misc:190 icu:0.00 pcu:16.00 scu:1544.00 tlayer:4 pbqpoffset:7.04 pbfactor:2.25 avgQpOffsetCutree:0.00;
in:239 out:240 type:b q:29.20 q-aq:29.76 q-noVbv:29.20 q-Rceq:1.32 tex:18 mv:127 misc:223 icu:0.00 pcu:20.25 scu:1539.75 tlayer:4 pbqpoffset:7.04 pbfactor:2.25 avgQpOffsetCutree:0.00;
in:256 out:241 type:k q:23.15 q-aq:17.03 q-noVbv:23.15 q-Rceq:1.32 tex:389372 mv:45417 misc:3259 icu:1543.00 pcu:17.00 scu:0.00 tlayer:0 pbqpoffset:0.64 pbfactor:1.08 avgQpOffsetCutree:-7.80;
in:248 out:242 type:B q:25.01 q-aq:20.15 q-noVbv:25.01 q-Rceq:1.32 tex:129234 mv:17810 misc:4092 icu:146.75 pcu:1291.25 scu:122.00 tlayer:1 pbqpoffset:2.41 pbfactor:1.32 avgQpOffsetCutree:-4.99;
in:244 out:243 type:B q:26.35 q-aq:22.41 q-noVbv:26.35 q-Rceq:1.32 tex:11283 mv:2645 misc:1360 icu:19.25 pcu:371.50 scu:1169.25 tlayer:2 pbqpoffset:4.02 pbfactor:1.59 avgQpOffsetCutree:-3.46;
in:242 out:244 type:B q:26.21 q-aq:24.47 q-noVbv:26.21 q-Rceq:1.32 tex:2671 mv:1084 misc:605 icu:4.00 pcu:170.00 scu:1386.00 tlayer:3 pbqpoffset:4.02 pbfactor:1.59 avgQpOffsetCutree:-1.79;
in:241 out:245 type:b q:29.14 q-aq:29.00 q-noVbv:29.14 q-Rceq:1.32 tex:51 mv:211 misc:290 icu:0.00 pcu:53.25 scu:1506.75 tlayer:4 pbqpoffset:7.02 pbfactor:2.25 avgQpOffsetCutree:0.00;
in:243 out:246 type:b q:29.28 q-aq:29.00 q-noVbv:29.28 q-Rceq:1.32 tex:57 mv:95 misc:208 icu:0.00 pcu:17.00 scu:1543.00 tlayer:4 pbqpoffset:7.02 pbfactor:2.25 avgQpOffsetCutree:0.00;
in:246 out:247 type:B q:26.48 q-aq:25.06 q-noVbv:26.48 q-Rceq:1.32 tex:3986 mv:1473 misc:749 icu:2.00 pcu:169.00 scu:1389.00 tlayer:3 pbqpoffset:4.02 pbfactor:1.59 avgQpOffsetCutree:-1.79;
in:245 out:248 type:b q:29.42 q-aq:29.00 q-noVbv:29.42 q-Rceq:1.32 tex:1 mv:81 misc:190 icu:0.00 pcu:16.00 scu:1544.00 tlayer:4 pbqpoffset:7.02 pbfactor:2.25 avgQpOffsetCutree:0.00;
in:247 out:249 type:b q:29.55 q-aq:30.00 q-noVbv:29.55 q-Rceq:1.32 tex:2 mv:118 misc:240 icu:0.00 pcu:33.00 scu:1527.00 tlayer:4 pbqpoffset:7.02 pbfactor:2.25 avgQpOffsetCutree:0.00;
in:252 out:250 type:B q:26.89 q-aq:22.57 q-noVbv:26.89 q-Rceq:1.32 tex:49632 mv:5238 misc:4226 icu:13.75 pcu:1045.00 scu:501.25 tlayer:2 pbqpoffset:4.02 pbfactor:1.59 avgQpOffsetCutree:-3.75;
in:250 out:251 type:B q:26.76 q-aq:25.27 q-noVbv:26.76 q-Rceq:1.32 tex:3235 mv:1251 misc:626 icu:1.75 pcu:358.75 scu:1199.50 tlayer:3 pbqpoffset:4.02 pbfactor:1.59 avgQpOffsetCutree:-1.77;
in:249 out:252 type:b q:29.69 q-aq:30.00 q-noVbv:29.69 q-Rceq:1.32 tex:25 mv:211 misc:276 icu:0.00 pcu:57.50 scu:1502.50 tlayer:4 pbqpoffset:7.02 pbfactor:2.25 avgQpOffsetCutree:0.00;
in:251 out:253 type:b q:29.83 q-aq:30.00 q-noVbv:29.83 q-Rceq:1.32 tex:3 mv:155 misc:210 icu:0.00 pcu:52.00 scu:1508.00 tlayer:4 pbqpoffset:7.02 pbfactor:2.25 avgQpOffsetCutree:0.00;
in:254 out:254 type:B q:27.03 q-aq:25.34 q-noVbv:27.03 q-Rceq:1.32 tex:3187 mv:1583 misc:734 icu:1.75 pcu:304.75 scu:1253.50 tlayer:3 pbqpoffset:4.02 pbfactor:1.59 avgQpOffsetCutree:-1.75;
in:253 out:255 type:b q:29.93 q-aq:30.00 q-noVbv:29.93 q-Rceq:1.32 tex:3 mv:187 misc:218 icu:0.00 pcu:56.00 scu:1504.00 tlayer:4 pbqpoffset:6.98 pbfactor:2.24 avgQpOffsetCutree:0.00;
in:255 out:256 type:b q:30.10 q-aq:30.00 q-noVbv:30.10 q-Rceq:1.32 tex:3 mv:130 misc:219 icu:0.00 pcu:21.00 scu:1539.00 tlayer:4 pbqpoffset:7.02 pbfactor:2.25 avgQpOffsetCutree:0.00;
in:272 out:257 type:k q:20.86 q-aq:13.90 q-noVbv:20.86 q-Rceq:1.32 tex:411548 mv:44490 misc:3778 icu:546.25 pcu:995.25 scu:18.50 tlayer:0 pbqpoffset:1.70 pbfactor:1.22 avgQpOffsetCutree:-7.38;
in:264 out:258 type:B q:24.12 q-aq:18.06 q-noVbv:24.12 q-Rceq:1.32 tex:95691 mv:20958 misc:4823 icu:79.75 pcu:1258.50 scu:221.75 tlayer:1 pbqpoffset:2.11 pbfactor:1.28 avgQpOffsetCutree:-5.17;
in:260 out:259 type:B q:26.55 q-aq:22.38 q-noVbv:26.55 q-Rceq:1.32 tex:7931 mv:2846 misc:1327 icu:7.00 pcu:271.25 scu:1281.75 tlayer:2 pbqpoffset:3.97 pbfactor:1.58 avgQpOffsetCutree:-3.49;
in:258 out:260 type:B q:26.84 q-aq:25.39 q-noVbv:26.84 q-Rceq:1.32 tex:1645 mv:953 misc:618 icu:0.00 pcu:77.50 scu:1482.50 tlayer:3 pbqpoffset:3.97 pbfactor:1.58 avgQpOffsetCutree:-1.77;
in:257 out:261 type:b q:29.93 q-aq:30.00 q-noVbv:29.93 q-Rceq:1.32 tex:2 mv:145 misc:221 icu:0.00 pcu:52.00 scu:1508.00 tlayer:4 pbqpoffset:6.92 pbfactor:2.23 avgQpOffsetCutree:0.00;
in:259 out:262 type:b q:29.69 q-aq:30.00 q-noVbv:29.69 q-Rceq:1.32 tex:3 mv:176 misc:221 icu:0.00 pcu:19.00 scu:1541.00 tlayer:4 pbqpoffset:6.97 pbfactor:2.24 avgQpOffsetCutree:0.00;
in:262 out:263 type:B q:26.26 q-aq:24.62 q-noVbv:26.26 q-Rceq:1.32 tex:1485 mv:1137 misc:618 icu:0.50 pcu:166.00 scu:1393.50 tlayer:3 pbqpoffset:3.97 pbfactor:1.58 avgQpOffsetCutree:-1.76;
in:261 out:264 type:b q:29.40 q-aq:29.00 q-noVbv:29.40 q-Rceq:1.32 tex:1 mv:69 misc:202 icu:0.00 pcu:4.00 scu:1556.00 tlayer:4 pbqpoffset:6.97 pbfactor:2.24 avgQpOffsetCutree:0.00;
in:263 out:265 type:b q:29.12 q-aq:29.00 q-noVbv:29.12 q-Rceq:1.32 tex:0 mv:93 misc:187 icu:0.00 pcu:16.00 scu:1544.00 tlayer:4 pbqpoffset:6.97 pbfactor:2.24 avgQpOffsetCutree:0.00;
in:268 out:266 type:B q:25.20 q-aq:21.17 q-noVbv:25.20 q-Rceq:1.32 tex:12808 mv:3355 misc:1429 icu:17.00 pcu:455.75 scu:1087.25 tlayer:2 pbqpoffset:3.76 pbfactor:1.54 avgQpOffsetCutree:-3.44;
in:266 out:267 type:B q:25.69 q-aq:24.55 q-noVbv:25.69 q-Rceq:1.32 tex:2722 mv:1305 misc:685 icu:5.25 pcu:168.00 scu:1386.75 tlayer:3 pbqpoffset:3.97 pbfactor:1.58 avgQpOffsetCutree:-1.76;
in:265 out:268 type:b q:28.83 q-aq:29.00 q-noVbv:28.83 q-Rceq:1.32 tex:2 mv:88 misc:206 icu:0.00 pcu:20.00 scu:1540.00 tlayer:4 pbqpoffset:6.97 pbfactor:2.24 avgQpOffsetCutree:0.00;
in:267 out:269 type:b q:28.55 q-aq:29.00 q-noVbv:28.55 q-Rceq:1.32 tex:399 mv:140 misc:221 icu:0.75 pcu:66.25 scu:1493.00 tlayer:4 pbqpoffset:6.97 pbfactor:2.24 avgQpOffsetCutree:0.00;
in:270 out:270 type:B q:25.12 q-aq:23.37 q-noVbv:25.12 q-Rceq:1.32 tex:2946 mv:1067 misc:659 icu:1.50 pcu:106.00 scu:1452.50 tlayer:3 pbqpoffset:3.97 pbfactor:1.58 avgQpOffsetCutree:-1.77;
in:269 out:271 type:b q:28.26 q-aq:28.00 q-noVbv:28.26 q-Rceq:1.32 tex:3 mv:143 misc:230 icu:0.00 pcu:3.00 scu:1557.00 tlayer:4 pbqpoffset:6.97 pbfactor:2.24 avgQpOffsetCutree:0.00;
in:271 out:272 type:b q:27.97 q-aq:28.00 q-noVbv:27.97 q-Rceq:1.32 tex:435 mv:275 misc:226 icu:0.00 pcu:32.00 scu:1528.00 tlayer:4 pbqpoffset:6.97 pbfactor:2.24 avgQpOffsetCutree:0.00;
in:288 out:273 type:k q:22.66 q-aq:16.82 q-noVbv:22.66 q-Rceq:1.32 tex:409034 mv:43937 misc:3181 icu:1541.50 pcu:18.50 scu:0.00 tlayer:0 pbqpoffset:0.66 pbfactor:1.08 avgQpOffsetCutree:-7.66;
in:280 out:274 type:B q:24.50 q-aq:19.40 q-noVbv:24.50 q-Rceq:1.32 tex:113239 mv:17737 misc:4416 icu:141.50 pcu:1111.75 scu:306.75 tlayer:1 pbqpoffset:2.74 pbfactor:1.37 avgQpOffsetCutree:-4.97;
in:276 out:275 type:B q:25.29 q-aq:21.43 q-noVbv:25.29 q-Rceq:1.32 tex:12427 mv:3451 misc:1650 icu:26.75 pcu:345.50 scu:1187.75 tlayer:2 pbqpoffset:3.99 pbfactor:1.58 avgQpOffsetCutree:-3.42;
in:274 out:276 type:B q:25.07 q-aq:23.19 q-noVbv:25.07 q-Rceq:1.32 tex:3007 mv:1194 misc:711 icu:12.00 pcu:88.00 scu:1460.00 tlayer:3 pbqpoffset:3.99 pbfactor:1.58 avgQpOffsetCutree:-1.79;
in:273 out:277 type:b q:27.96 q-aq:28.00 q-noVbv:27.96 q-Rceq:1.32 tex:636 mv:520 misc:404 icu:2.00 pcu:39.25 scu:1518.75 tlayer:4 pbqpoffset:6.99 pbfactor:2.24 avgQpOffsetCutree:0.00;
in:275 out:278 type:b q:28.18 q-aq:28.00 q-noVbv:28.18 q-Rceq:1.32 tex:187 mv:131 misc:242 icu:0.25 pcu:39.00 scu:1520.75 tlayer:4 pbqpoffset:6.99 pbfactor:2.24 avgQpOffsetCutree:0.00;
in:278 out:279 type:B q:25.52 q-aq:24.02 q-noVbv:25.52 q-Rceq:1.32 tex:2984 mv:1053 misc:627 icu:6.25 pcu:161.25 scu:1392.50 tlayer:3 pbqpoffset:3.99 pbfactor:1.58 avgQpOffsetCutree:-1.77;
in:277 out:280 type:b q:28.41 q-aq:28.12 q-noVbv:28.41 q-Rceq:1.32 tex:495 mv:294 misc:307 icu:3.25 pcu:10.50 scu:1546.25 tlayer:4 pbqpoffset:6.99 pbfactor:2.24 avgQpOffsetCutree:0.00;
in:279 out:281 type:b q:28.63 q-aq:29.00 q-noVbv:28.63 q-Rceq:1.32 tex:65 mv:219 misc:244 icu:0.00 pcu:15.00 scu:1545.00 tlayer:4 pbqpoffset:6.99 pbfactor:2.24 avgQpOffsetCutree:0.00;
in:284 out:282 type:B q:26.19 q-aq:21.91 q-noVbv:26.19 q-Rceq:1.32 tex:69540 mv:5946 misc:4418 icu:18.25 pcu:1069.75 scu:472.00 tlayer:2 pbqpoffset:3.99 pbfactor:1.58 avgQpOffsetCutree:-3.71;
in:282 out:283 type:B q:25.97 q-aq:24.15 q-noVbv:25.97 q-Rceq:1.32 tex:3231 mv:1524 misc:637 icu:4.25 pcu:321.50 scu:1234.25 tlayer:3 pbqpoffset:3.99 pbfactor:1.58 avgQpOffsetCutree:-1.82;
in:281 out:284 type:b q:28.86 q-aq:29.00 q-noVbv:28.86 q-Rceq:1.32 tex:142 mv:349 misc:285 icu:1.00 pcu:117.00 scu:1442.00 tlayer:4 pbqpoffset:6.99 pbfactor:2.24 avgQpOffsetCutree:0.00;
in:283 out:285 type:b q:29.08 q-aq:29.00 q-noVbv:29.08 q-Rceq:1.32 tex:91 mv:230 misc:255 icu:0.00 pcu:75.00 scu:1485.00 tlayer:4 pbqpoffset:6.99 pbfactor:2.24 avgQpOffsetCutree:0.00;
in:286 out:286 type:B q:26.42 q-aq:24.93 q-noVbv:26.42 q-Rceq:1.32 tex:3573 mv:1301 misc:670 icu:7.25 pcu:259.00 scu:1293.75 tlayer:3 pbqpoffset:3.99 pbfactor:1.58 avgQpOffsetCutree:-1.72;
in:285 out:287 type:b q:29.31 q-aq:29.61 q-noVbv:29.31 q-Rceq:1.32 tex:301 mv:210 misc:273 icu:0.00 pcu:18.00 scu:1542.00 tlayer:4 pbqpoffset:6.99 pbfactor:2.24 avgQpOffsetCutree:0.00;
in:287 out:288 type:b q:29.53 q-aq:30.00 q-noVbv:29.53 q-Rceq:1.32 tex:57 mv:141 misc:242 icu:0.00 pcu:9.25 scu:1550.75 tlayer:4 pbqpoffset:6.99 pbfactor:2.24 avgQpOffsetCutree:0.00;
in:304 out:289 type:k q:20.67 q-aq:13.51 q-noVbv:20.67 q-Rceq:1.32 tex:394292 mv:42303 misc:3893 icu:453.50 pcu:1080.00 scu:26.50 tlayer:0 pbqpoffset:1.62 pbfactor:1.21 avgQpOffsetCutree:-7.34;
in:296 out:290 type:B q:23.70 q-aq:17.90 q-noVbv:23.70 q-Rceq:1.32 tex:94206 mv:22325 misc:5333 icu:131.25 pcu:1140.25 scu:288.50 tlayer:1 pbqpoffset:2.04 pbfactor:1.27 avgQpOffsetCutree:-5.01;
in:292 out:291 type:B q:25.03 q-aq:21.06 q-noVbv:25.03 q-Rceq:1.32 tex:9489 mv:2434 misc:1245 icu:20.00 pcu:383.00 scu:1157.00 tlayer:2 pbqpoffset:2.87 pbfactor:1.39 avgQpOffsetCutree:-3.43;
in:290 out:292 type:B q:26.31 q-aq:25.02 q-noVbv:26.31 q-Rceq:1.32 tex:2370 mv:983 misc:575 icu:1.75 pcu:138.00 scu:1420.25 tlayer:3 pbqpoffset:3.90 pbfactor:1.57 avgQpOffsetCutree:-1.77;
in:289 out:293 type:b q:29.44 q-aq:29.00 q-noVbv:29.44 q-Rceq:1.32 tex:46 mv:247 misc:251 icu:0.00 pcu:64.00 scu:1496.00 tlayer:4 pbqpoffset:6.90 pbfactor:2.22 avgQpOffsetCutree:0.00;
in:291 out:294 type:b q:29.19 q-aq:29.00 q-noVbv:29.19 q-Rceq:1.32 tex:374 mv:325 misc:301 icu:2.00 pcu:80.00 scu:1478.00 tlayer:4 pbqpoffset:6.90 pbfactor:2.22 avgQpOffsetCutree:0.00;
in:294 out:295 type:B q:25.74 q-aq:24.66 q-noVbv:25.74 q-Rceq:1.32 tex:3615 mv:1265 misc:672 icu:8.50 pcu:115.50 scu:1436.00 tlayer:3 pbqpoffset:3.82 pbfactor:1.56 avgQpOffsetCutree:-1.78;
in:293 out:296 type:b q:28.94 q-aq:29.00 q-noVbv:28.94 q-Rceq:1.32 tex:112 mv:205 misc:259 icu:0.00 pcu:9.00 scu:1551.00 tlayer:4 pbqpoffset:6.90 pbfactor:2.22 avgQpOffsetCutree:0.00;
in:295 out:297 type:b q:28.69 q-aq:29.00 q-noVbv:28.69 q-Rceq:1.32 tex:201 mv:293 misc:282 icu:0.00 pcu:86.00 scu:1474.00 tlayer:4 pbqpoffset:6.90 pbfactor:2.22 avgQpOffsetCutree:0.00;
in:300 out:298 type:B q:23.62 q-aq:19.40 q-noVbv:23.62 q-Rceq:1.32 tex:35009 mv:5684 misc:3419 icu:27.50 pcu:887.50 scu:645.00 tlayer:2 pbqpoffset:2.45 pbfactor:1.33 avgQpOffsetCutree:-3.51;
in:298 out:299 type:B q:24.92 q-aq:23.91 q-noVbv:24.92 q-Rceq:1.32 tex:6000 mv:1692 misc:764 icu:7.00 pcu:198.50 scu:1354.50 tlayer:3 pbqpoffset:3.50 pbfactor:1.50 avgQpOffsetCutree:-1.73;
in:297 out:300 type:b q:28.44 q-aq:28.00 q-noVbv:28.44 q-Rceq:1.32 tex:118 mv:215 misc:291 icu:0.00 pcu:36.50 scu:1523.50 tlayer:4 pbqpoffset:6.90 pbfactor:2.22 avgQpOffsetCutree:0.00;
in:299 out:301 type:b q:28.20 q-aq:28.00 q-noVbv:28.20 q-Rceq:1.32 tex:91 mv:268 misc:297 icu:0.00 pcu:103.00 scu:1457.00 tlayer:4 pbqpoffset:6.90 pbfactor:2.22 avgQpOffsetCutree:0.00;
in:302 out:302 type:B q:24.46 q-aq:23.62 q-noVbv:24.46 q-Rceq:1.32 tex:4890 mv:1123 misc:643 icu:8.50 pcu:180.25 scu:1371.25 tlayer:3 pbqpoffset:3.54 pbfactor:1.51 avgQpOffsetCutree:-1.78;
in:301 out:303 type:b q:27.95 q-aq:28.00 q-noVbv:27.95 q-Rceq:1.32 tex:212 mv:278 misc:270 icu:0.00 pcu:75.00 scu:1485.00 tlayer:4 pbqpoffset:6.90 pbfactor:2.22 avgQpOffsetCutree:0.00;
in:303 out:304 type:b q:27.70 q-aq:28.00 q-noVbv:27.70 q-Rceq:1.32 tex:175 mv:180 misc:261 icu:0.00 pcu:54.25 scu:1505.75 tlayer:4 pbqpoffset:6.90 pbfactor:2.22 avgQpOffsetCutree:0.00;
in:320 out:305 type:k q:22.55 q-aq:16.20 q-noVbv:22.55 q-Rceq:1.32 tex:420500 mv:44031 misc:3061 icu:1538.75 pcu:21.25 scu:0.00 tlayer:0 pbqpoffset:0.78 pbfactor:1.09 avgQpOffsetCutree:-8.06;
in:312 out:306 type:B q:24.11 q-aq:18.99 q-noVbv:24.11 q-Rceq:1.32 tex:118878 mv:16745 misc:4497 icu:180.75 pcu:1161.50 scu:217.75 tlayer:1 pbqpoffset:2.50 pbfactor:1.33 avgQpOffsetCutree:-4.96;
in:308 out:307 type:B q:24.98 q-aq:21.12 q-noVbv:24.98 q-Rceq:1.32 tex:8225 mv:2239 misc:1184 icu:13.00 pcu:193.50 scu:1353.50 tlayer:2 pbqpoffset:3.84 pbfactor:1.56 avgQpOffsetCutree:-3.48;
in:306 out:308 type:B q:24.74 q-aq:23.28 q-noVbv:24.74 q-Rceq:1.32 tex:5752 mv:1657 misc:791 icu:9.00 pcu:285.75 scu:1265.25 tlayer:3 pbqpoffset:3.84 pbfactor:1.56 avgQpOffsetCutree:-1.79;
in:305 out:309 type:b q:27.63 q-aq:28.00 q-noVbv:27.63 q-Rceq:1.32 tex:160 mv:348 misc:364 icu:0.00 pcu:39.25 scu:1520.75 tlayer:4 pbqpoffset:6.84 pbfactor:2.20 avgQpOffsetCutree:0.00;
in:307 out:310 type:b q:27.86 q-aq:28.00 q-noVbv:27.86 q-Rceq:1.32 tex:485 mv:239 misc:340 icu:0.00 pcu:49.25 scu:1510.75 tlayer:4 pbqpoffset:6.84 pbfactor:2.20 avgQpOffsetCutree:0.00;
in:310 out:311 type:B q:25.21 q-aq:23.47 q-noVbv:25.21 q-Rceq:1.32 tex:2936 mv:1339 misc:789 icu:4.75 pcu:159.25 scu:1396.00 tlayer:3 pbqpoffset:3.84 pbfactor:1.56 avgQpOffsetCutree:-1.78;
in:309 out:312 type:b q:28.10 q-aq:28.00 q-noVbv:28.10 q-Rceq:1.32 tex:291 mv:323 misc:282 icu:0.00 pcu:81.00 scu:1479.00 tlayer:4 pbqpoffset:6.84 pbfactor:2.20 avgQpOffsetCutree:0.00;
in:311 out:313 type:b q:28.33 q-aq:28.11 q-noVbv:28.33 q-Rceq:1.32 tex:173 mv:284 misc:295 icu:0.00 pcu:64.50 scu:1495.50 tlayer:4 pbqpoffset:6.84 pbfactor:2.20 avgQpOffsetCutree:0.00;
in:316 out:314 type:B q:25.73 q-aq:21.54 q-noVbv:25.73 q-Rceq:1.32 tex:66352 mv:4414 misc:4490 icu:34.50 pcu:1072.50 scu:453.00 tlayer:2 pbqpoffset:3.65 pbfactor:1.52 avgQpOffsetCutree:-3.71;
in:314 out:315 type:B q:25.68 q-aq:24.45 q-noVbv:25.68 q-Rceq:1.32 tex:4767 mv:1582 misc:1035 icu:10.50 pcu:364.75 scu:1184.75 tlayer:3 pbqpoffset:3.84 pbfactor:1.56 avgQpOffsetCutree:-1.88;
in:313 out:316 type:b q:28.57 q-aq:29.00 q-noVbv:28.57 q-Rceq:1.32 tex:157 mv:307 misc:288 icu:0.00 pcu:52.00 scu:1508.00 tlayer:4 pbqpoffset:6.84 pbfactor:2.20 avgQpOffsetCutree:0.00;
in:315 out:317 type:b q:28.80 q-aq:29.00 q-noVbv:28.80 q-Rceq:1.32 tex:259 mv:355 misc:330 icu:0.00 pcu:86.00 scu:1474.00 tlayer:4 pbqpoffset:6.84 pbfactor:2.20 avgQpOffsetCutree:0.00;
in:318 out:318 type:B q:26.15 q-aq:24.44 q-noVbv:26.15 q-Rceq:1.32 tex:2737 mv:1092 misc:763 icu:3.50 pcu:274.75 scu:1281.75 tlayer:3 pbqpoffset:3.84 pbfactor:1.56 avgQpOffsetCutree:-1.83;
in:317 out:319 type:b q:29.04 q-aq:29.00 q-noVbv:29.04 q-Rceq:1.32 tex:211 mv:193 misc:228 icu:0.00 pcu:65.00 scu:1495.00 tlayer:4 pbqpoffset:6.84 pbfactor:2.20 avgQpOffsetCutree:0.00;
in:319 out:320 type:b q:29.27 q-aq:29.11 q-noVbv:29.27 q-Rceq:1.32 tex:80 mv:366 misc:354 icu:0.00 pcu:87.00 scu:1473.00 tlayer:4 pbqpoffset:6.84 pbfactor:2.20 avgQpOffsetCutree:0.00;
in:336 out:321 type:k q:19.69 q-aq:11.92 q-noVbv:19.69 q-Rceq:1.32 tex:433486 mv:45274 misc:3704 icu:394.75 pcu:1141.75 scu:23.50 tlayer:0 pbqpoffset:1.45 pbfactor:1.18 avgQpOffsetCutree:-7.67;
in:328 out:322 type:B q:23.00 q-aq:16.81 q-noVbv:23.00 q-Rceq:1.32 tex:67173 mv:18632 misc:4443 icu:41.25 pcu:1235.50 scu:283.25 tlayer:1 pbqpoffset:1.88 pbfactor:1.24 avgQpOffsetCutree:-5.12;
in:324 out:323 type:B q:24.61 q-aq:20.74 q-noVbv:24.61 q-Rceq:1.32 tex:6438 mv:2117 misc:1381 icu:0.75 pcu:310.50 scu:1248.75 tlayer:2 pbqpoffset:2.77 pbfactor:1.38 avgQpOffsetCutree:-3.50;
in:322 out:324 type:B q:25.57 q-aq:24.19 q-noVbv:25.57 q-Rceq:1.32 tex:2211 mv:725 misc:576 icu:3.50 pcu:106.50 scu:1450.00 tlayer:3 pbqpoffset:3.37 pbfactor:1.48 avgQpOffsetCutree:-1.78;
in:321 out:325 type:b q:29.10 q-aq:29.12 q-noVbv:29.10 q-Rceq:1.32 tex:97 mv:211 misc:276 icu:0.00 pcu:40.25 scu:1519.75 tlayer:4 pbqpoffset:6.73 pbfactor:2.18 avgQpOffsetCutree:0.00;
in:323 out:326 type:b q:28.75 q-aq:29.00 q-noVbv:28.75 q-Rceq:1.32 tex:61 mv:173 misc:230 icu:0.00 pcu:29.50 scu:1530.50 tlayer:4 pbqpoffset:6.73 pbfactor:2.18 avgQpOffsetCutree:0.00;
in:326 out:327 type:B q:24.60 q-aq:22.97 q-noVbv:24.60 q-Rceq:1.32 tex:10501 mv:2844 misc:2191 icu:1.25 pcu:669.75 scu:889.00 tlayer:3 pbqpoffset:3.12 pbfactor:1.43 avgQpOffsetCutree:-1.74;
in:325 out:328 type:b q:28.40 q-aq:28.00 q-noVbv:28.40 q-Rceq:1.32 tex:2 mv:105 misc:213 icu:0.00 pcu:20.00 scu:1540.00 tlayer:4 pbqpoffset:6.74 pbfactor:2.18 avgQpOffsetCutree:0.00;
in:327 out:329 type:b q:28.04 q-aq:28.00 q-noVbv:28.04 q-Rceq:1.32 tex:2 mv:129 misc:197 icu:0.00 pcu:36.00 scu:1524.00 tlayer:4 pbqpoffset:6.74 pbfactor:2.18 avgQpOffsetCutree:0.00;
in:332 out:330 type:B q:22.99 q-aq:18.82 q-noVbv:22.99 q-Rceq:1.32 tex:3944 mv:1594 misc:1110 icu:6.25 pcu:312.00 scu:1241.75 tlayer:2 pbqpoffset:2.58 pbfactor:1.35 avgQpOffsetCutree:-3.48;
in:330 out:331 type:B q:23.60 q-aq:21.80 q-noVbv:23.60 q-Rceq:1.32 tex:15773 mv:3341 misc:2662 icu:1.50 pcu:838.50 scu:720.00 tlayer:3 pbqpoffset:2.83 pbfactor:1.39 avgQpOffsetCutree:-1.78;
in:329 out:332 type:b q:27.36 q-aq:27.00 q-noVbv:27.36 q-Rceq:1.32 tex:18 mv:157 misc:233 icu:0.00 pcu:52.00 scu:1508.00 tlayer:4 pbqpoffset:6.42 pbfactor:2.10 avgQpOffsetCutree:0.00;
in:331 out:333 type:b q:27.33 q-aq:27.00 q-noVbv:27.33 q-Rceq:1.32 tex:4 mv:152 misc:236 icu:0.00 pcu:32.00 scu:1528.00 tlayer:4 pbqpoffset:6.74 pbfactor:2.18 avgQpOffsetCutree:0.00;
in:334 out:334 type:B q:23.79 q-aq:22.42 q-noVbv:23.79 q-Rceq:1.32 tex:732 mv:499 misc:393 icu:0.25 pcu:75.50 scu:1484.25 tlayer:3 pbqpoffset:3.74 pbfactor:1.54 avgQpOffsetCutree:-1.77;
in:333 out:335 type:b q:26.36 q-aq:26.00 q-noVbv:26.36 q-Rceq:1.32 tex:2 mv:95 misc:231 icu:0.00 pcu:8.00 scu:1552.00 tlayer:4 pbqpoffset:6.13 pbfactor:2.03 avgQpOffsetCutree:0.00;
in:335 out:336 type:b q:25.73 q-aq:26.00 q-noVbv:25.73 q-Rceq:1.32 tex:109 mv:95 misc:228 icu:0.00 pcu:8.00 scu:1552.00 tlayer:4 pbqpoffset:5.86 pbfactor:1.97 avgQpOffsetCutree:0.00;
in:352 out:337 type:k q:21.98 q-aq:15.83 q-noVbv:21.98 q-Rceq:1.32 tex:415926 mv:42631 misc:3243 icu:1544.50 pcu:15.50 scu:0.00 tlayer:0 pbqpoffset:0.62 pbfactor:1.07 avgQpOffsetCutree:-7.80;
in:344 out:338 type:B q:24.47 q-aq:18.96 q-noVbv:24.47 q-Rceq:1.32 tex:81878 mv:14834 misc:4304 icu:59.50 pcu:1124.50 scu:376.00 tlayer:1 pbqpoffset:3.63 pbfactor:1.52 avgQpOffsetCutree:-5.01;
in:340 out:339 type:B q:23.98 q-aq:19.64 q-noVbv:23.98 q-Rceq:1.32 tex:5690 mv:1677 misc:1113 icu:0.00 pcu:228.50 scu:1331.50 tlayer:2 pbqpoffset:3.72 pbfactor:1.54 avgQpOffsetCutree:-3.52;
in:338 out:340 type:B q:23.70 q-aq:22.32 q-noVbv:23.70 q-Rceq:1.32 tex:821 mv:368 misc:395 icu:0.00 pcu:73.50 scu:1486.50 tlayer:3 pbqpoffset:3.72 pbfactor:1.54 avgQpOffsetCutree:-1.77;
in:337 out:341 type:b q:26.55 q-aq:27.00 q-noVbv:26.55 q-Rceq:1.32 tex:0 mv:69 misc:195 icu:0.00 pcu:0.00 scu:1560.00 tlayer:4 pbqpoffset:6.72 pbfactor:2.17 avgQpOffsetCutree:0.00;
in:339 out:342 type:b q:26.84 q-aq:27.00 q-noVbv:26.84 q-Rceq:1.32 tex:0 mv:70 misc:186 icu:0.00 pcu:0.00 scu:1560.00 tlayer:4 pbqpoffset:6.72 pbfactor:2.17 avgQpOffsetCutree:0.00;
in:342 out:343 type:B q:24.27 q-aq:22.45 q-noVbv:24.27 q-Rceq:1.32 tex:1210 mv:615 misc:567 icu:1.00 pcu:98.00 scu:1461.00 tlayer:3 pbqpoffset:3.72 pbfactor:1.54 avgQpOffsetCutree:-1.76;
in:341 out:344 type:b q:27.13 q-aq:27.00 q-noVbv:27.13 q-Rceq:1.32 tex:1 mv:114 misc:205 icu:0.00 pcu:20.00 scu:1540.00 tlayer:4 pbqpoffset:6.72 pbfactor:2.17 avgQpOffsetCutree:0.00;
in:343 out:345 type:b q:27.41 q-aq:27.00 q-noVbv:27.41 q-Rceq:1.32 tex:1 mv:115 misc:196 icu:0.00 pcu:32.00 scu:1528.00 tlayer:4 pbqpoffset:6.72 pbfactor:2.17 avgQpOffsetCutree:0.00;
in:348 out:346 type:B q:24.95 q-aq:20.96 q-noVbv:24.95 q-Rceq:1.32 tex:68343 mv:4508 misc:4461 icu:2.50 pcu:1104.25 scu:453.25 tlayer:2 pbqpoffset:3.54 pbfactor:1.51 avgQpOffsetCutree:-3.66;
in:346 out:347 type:B q:24.84 q-aq:23.08 q-noVbv:24.84 q-Rceq:1.32 tex:1346 mv:926 misc:624 icu:0.00 pcu:444.75 scu:1115.25 tlayer:3 pbqpoffset:3.72 pbfactor:1.54 avgQpOffsetCutree:-1.75;
in:345 out:348 type:b q:27.70 q-aq:28.00 q-noVbv:27.70 q-Rceq:1.32 tex:1 mv:88 misc:191 icu:0.00 pcu:16.00 scu:1544.00 tlayer:4 pbqpoffset:6.72 pbfactor:2.17 avgQpOffsetCutree:0.00;
in:347 out:349 type:b q:27.99 q-aq:28.00 q-noVbv:27.99 q-Rceq:1.32 tex:1 mv:142 misc:209 icu:0.00 pcu:32.00 scu:1528.00 tlayer:4 pbqpoffset:6.72 pbfactor:2.17 avgQpOffsetCutree:0.00;
in:350 out:350 type:B q:25.42 q-aq:23.65 q-noVbv:25.42 q-Rceq:1.32 tex:7310 mv:2200 misc:1242 icu:9.50 pcu:390.75 scu:1159.75 tlayer:3 pbqpoffset:3.72 pbfactor:1.54 avgQpOffsetCutree:-1.72;
in:349 out:351 type:b q:28.27 q-aq:28.00 q-noVbv:28.27 q-Rceq:1.32 tex:3 mv:163 misc:258 icu:0.00 pcu:52.00 scu:1508.00 tlayer:4 pbqpoffset:6.72 pbfactor:2.17 avgQpOffsetCutree:0.00;
in:351 out:352 type:b q:28.56 q-aq:29.00 q-noVbv:28.56 q-Rceq:1.32 tex:2 mv:161 misc:237 icu:0.00 pcu:5.00 scu:1555.00 tlayer:4 pbqpoffset:6.72 pbfactor:2.17 avgQpOffsetCutree:0.00;
in:368 out:353 type:k q:20.31 q-aq:12.91 q-noVbv:20.31 q-Rceq:1.32 tex:403435 mv:44182 misc:3807 icu:544.00 pcu:1000.75 scu:15.25 tlayer:0 pbqpoffset:1.42 pbfactor:1.18 avgQpOffsetCutree:-7.46;
in:360 out:354 type:B q:23.07 q-aq:17.41 q-noVbv:23.07 q-Rceq:1.32 tex:91762 mv:19812 misc:4554 icu:140.25 pcu:1187.75 scu:232.00 tlayer:1 pbqpoffset:1.92 pbfactor:1.25 avgQpOffsetCutree:-4.96;
in:356 out:355 type:B q:24.49 q-aq:20.46 q-noVbv:24.49 q-Rceq:1.32 tex:11315 mv:3405 misc:1616 icu:9.00 pcu:392.75 scu:1158.25 tlayer:2 pbqpoffset:2.92 pbfactor:1.40 avgQpOffsetCutree:-3.39;
in:354 out:356 type:B q:25.56 q-aq:24.23 q-noVbv:25.56 q-Rceq:1.32 tex:2032 mv:1078 misc:754 icu:3.50 pcu:155.50 scu:1401.00 tlayer:3 pbqpoffset:3.78 pbfactor:1.55 avgQpOffsetCutree:-1.72;
in:353 out:357 type:b q:28.66 q-aq:29.00 q-noVbv:28.66 q-Rceq:1.32 tex:5 mv:244 misc:239 icu:0.00 pcu:60.00 scu:1500.00 tlayer:4 pbqpoffset:6.78 pbfactor:2.19 avgQpOffsetCutree:0.00;
in:355 out:358 type:b q:28.27 q-aq:28.00 q-noVbv:28.27 q-Rceq:1.32 tex:43 mv:381 misc:296 icu:0.00 pcu:80.00 scu:1480.00 tlayer:4 pbqpoffset:6.60 pbfactor:2.14 avgQpOffsetCutree:0.00;
in:358 out:359 type:B q:24.56 q-aq:22.85 q-noVbv:24.56 q-Rceq:1.32 tex:14053 mv:3610 misc:2425 icu:1.75 pcu:779.00 scu:779.25 tlayer:3 pbqpoffset:3.20 pbfactor:1.45 avgQpOffsetCutree:-1.75;
in:357 out:360 type:b q:28.24 q-aq:28.00 q-noVbv:28.24 q-Rceq:1.32 tex:3 mv:233 misc:276 icu:0.00 pcu:60.00 scu:1500.00 tlayer:4 pbqpoffset:6.78 pbfactor:2.19 avgQpOffsetCutree:0.00;
in:359 out:361 type:b q:28.03 q-aq:28.00 q-noVbv:28.03 q-Rceq:1.32 tex:17 mv:209 misc:246 icu:0.00 pcu:51.00 scu:1509.00 tlayer:4 pbqpoffset:6.78 pbfactor:2.19 avgQpOffsetCutree:0.00;
in:364 out:362 type:B q:23.58 q-aq:19.59 q-noVbv:23.58 q-Rceq:1.32 tex:12511 mv:3598 misc:1507 icu:15.50 pcu:361.25 scu:1183.25 tlayer:2 pbqpoffset:2.85 pbfactor:1.39 avgQpOffsetCutree:-3.41;
in:362 out:363 type:B q:24.72 q-aq:23.57 q-noVbv:24.72 q-Rceq:1.32 tex:1775 mv:998 misc:699 icu:0.50 pcu:140.75 scu:1418.75 tlayer:3 pbqpoffset:3.78 pbfactor:1.55 avgQpOffsetCutree:-1.74;
in:361 out:364 type:b q:27.82 q-aq:28.00 q-noVbv:27.82 q-Rceq:1.32 tex:2 mv:147 misc:203 icu:0.00 pcu:20.00 scu:1540.00 tlayer:4 pbqpoffset:6.78 pbfactor:2.19 avgQpOffsetCutree:0.00;
in:363 out:365 type:b q:27.61 q-aq:28.00 q-noVbv:27.61 q-Rceq:1.32 tex:41 mv:149 misc:210 icu:0.00 pcu:24.00 scu:1536.00 tlayer:4 pbqpoffset:6.78 pbfactor:2.19 avgQpOffsetCutree:0.00;
in:366 out:366 type:B q:24.30 q-aq:23.08 q-noVbv:24.30 q-Rceq:1.32 tex:2164 mv:1019 misc:753 icu:4.00 pcu:150.00 scu:1406.00 tlayer:3 pbqpoffset:3.78 pbfactor:1.55 avgQpOffsetCutree:-1.75;
in:365 out:367 type:b q:27.40 q-aq:27.00 q-noVbv:27.40 q-Rceq:1.32 tex:2 mv:216 misc:246 icu:0.00 pcu:24.00 scu:1536.00 tlayer:4 pbqpoffset:6.78 pbfactor:2.19 avgQpOffsetCutree:0.00;
in:367 out:368 type:b q:27.09 q-aq:27.00 q-noVbv:27.09 q-Rceq:1.32 tex:1 mv:138 misc:229 icu:0.00 pcu:16.00 scu:1544.00 tlayer:4 pbqpoffset:6.68 pbfactor:2.16 avgQpOffsetCutree:0.00;
in:384 out:369 type:k q:22.09 q-aq:15.72 q-noVbv:22.09 q-Rceq:1.32 tex:412134 mv:41660 misc:3142 icu:1544.00 pcu:16.00 scu:0.00 tlayer:0 pbqpoffset:0.53 pbfactor:1.06 avgQpOffsetCutree:-7.99;
in:376 out:370 type:B q:23.92 q-aq:18.62 q-noVbv:23.92 q-Rceq:1.32 tex:95209 mv:15928 misc:4135 icu:122.75 pcu:1138.00 scu:299.25 tlayer:1 pbqpoffset:2.73 pbfactor:1.37 avgQpOffsetCutree:-4.99;
in:372 out:371 type:B q:24.52 q-aq:20.99 q-noVbv:24.52 q-Rceq:1.32 tex:8859 mv:2564 misc:1385 icu:13.00 pcu:280.25 scu:1266.75 tlayer:2 pbqpoffset:3.77 pbfactor:1.55 avgQpOffsetCutree:-3.43;
in:370 out:372 type:B q:24.30 q-aq:22.87 q-noVbv:24.30 q-Rceq:1.32 tex:2647 mv:1314 misc:839 icu:3.75 pcu:105.75 scu:1450.50 tlayer:3 pbqpoffset:3.77 pbfactor:1.55 avgQpOffsetCutree:-1.76;
in:369 out:373 type:b q:27.19 q-aq:27.00 q-noVbv:27.19 q-Rceq:1.32 tex:40 mv:210 misc:270 icu:0.25 pcu:21.25 scu:1538.50 tlayer:4 pbqpoffset:6.77 pbfactor:2.19 avgQpOffsetCutree:0.00;
in:371 out:374 type:b q:27.41 q-aq:27.00 q-noVbv:27.41 q-Rceq:1.32 tex:2 mv:123 misc:211 icu:0.00 pcu:32.00 scu:1528.00 tlayer:4 pbqpoffset:6.77 pbfactor:2.19 avgQpOffsetCutree:0.00;
in:374 out:375 type:B q:24.74 q-aq:23.23 q-noVbv:24.74 q-Rceq:1.32 tex:2102 mv:975 misc:667 icu:0.75 pcu:124.25 scu:1435.00 tlayer:3 pbqpoffset:3.77 pbfactor:1.55 avgQpOffsetCutree:-1.76;
in:373 out:376 type:b q:27.63 q-aq:28.00 q-noVbv:27.63 q-Rceq:1.32 tex:56 mv:198 misc:250 icu:0.00 pcu:41.00 scu:1519.00 tlayer:4 pbqpoffset:6.77 pbfactor:2.19 avgQpOffsetCutree:0.00;
in:375 out:377 type:b q:27.86 q-aq:28.00 q-noVbv:27.86 q-Rceq:1.32 tex:2 mv:131 misc:227 icu:0.00 pcu:20.00 scu:1540.00 tlayer:4 pbqpoffset:6.77 pbfactor:2.19 avgQpOffsetCutree:0.00;
in:380 out:378 type:B q:25.41 q-aq:21.25 q-noVbv:25.41 q-Rceq:1.32 tex:60467 mv:5339 misc:4098 icu:1.75 pcu:1139.00 scu:419.25 tlayer:2 pbqpoffset:3.77 pbfactor:1.55 avgQpOffsetCutree:-3.63;
in:378 out:379 type:B q:25.19 q-aq:23.52 q-noVbv:25.19 q-Rceq:1.32 tex:2869 mv:1412 misc:775 icu:2.00 pcu:287.00 scu:1271.00 tlayer:3 pbqpoffset:3.77 pbfactor:1.55 avgQpOffsetCutree:-1.75;
in:377 out:380 type:b q:28.08 q-aq:28.00 q-noVbv:28.08 q-Rceq:1.32 tex:1 mv:97 misc:230 icu:0.00 pcu:32.00 scu:1528.00 tlayer:4 pbqpoffset:6.77 pbfactor:2.19 avgQpOffsetCutree:0.00;
in:379 out:381 type:b q:28.30 q-aq:28.00 q-noVbv:28.30 q-Rceq:1.32 tex:3 mv:178 misc:251 icu:0.00 pcu:65.00 scu:1495.00 tlayer:4 pbqpoffset:6.77 pbfactor:2.19 avgQpOffsetCutree:0.00;
in:382 out:382 type:B q:25.63 q-aq:23.62 q-noVbv:25.63 q-Rceq:1.32 tex:956 mv:762 misc:586 icu:0.00 pcu:287.75 scu:1272.25 tlayer:3 pbqpoffset:3.77 pbfactor:1.55 avgQpOffsetCutree:-1.75;
in:381 out:383 type:b q:28.52 q-aq:29.00 q-noVbv:28.52 q-Rceq:1.32 tex:3 mv:146 misc:227 icu:0.00 pcu:52.00 scu:1508.00 tlayer:4 pbqpoffset:6.77 pbfactor:2.19 avgQpOffsetCutree:0.00;
in:383 out:384 type:b q:28.75 q-aq:29.00 q-noVbv:28.75 q-Rceq:1.32 tex:201 mv:150 misc:257 icu:0.00 pcu:21.00 scu:1539.00 tlayer:4 pbqpoffset:6.77 pbfactor:2.19 avgQpOffsetCutree:0.00;
in:400 out:385 type:k q:18.96 q-aq:11.25 q-noVbv:18.96 q-Rceq:1.32 tex:453655 mv:48895 misc:3586 icu:535.25 pcu:1014.00 scu:10.75 tlayer:0 pbqpoffset:1.44 pbfactor:1.18 avgQpOffsetCutree:-7.55;
in:392 out:386 type:B q:22.31 q-aq:16.05 q-noVbv:22.31 q-Rceq:1.32 tex:84888 mv:23350 misc:5762 icu:56.75 pcu:1160.75 scu:342.50 tlayer:1 pbqpoffset:1.79 pbfactor:1.23 avgQpOffsetCutree:-5.19;
in:388 out:387 type:B q:23.83 q-aq:19.49 q-noVbv:23.83 q-Rceq:1.32 tex:8221 mv:3071 misc:1436 icu:4.00 pcu:433.75 scu:1122.25 tlayer:2 pbqpoffset:2.53 pbfactor:1.34 avgQpOffsetCutree:-3.47;
in:386 out:388 type:B q:24.90 q-aq:23.40 q-noVbv:24.90 q-Rceq:1.32 tex:1039 mv:560 misc:513 icu:1.00 pcu:113.25 scu:1445.75 tlayer:3 pbqpoffset:3.21 pbfactor:1.45 avgQpOffsetCutree:-1.76;
in:385 out:389 type:b q:28.47 q-aq:28.00 q-noVbv:28.47 q-Rceq:1.32 tex:2 mv:106 misc:220 icu:0.00 pcu:36.00 scu:1524.00 tlayer:4 pbqpoffset:6.58 pbfactor:2.14 avgQpOffsetCutree:0.00;
in:387 out:390 type:b q:28.03 q-aq:28.00 q-noVbv:28.03 q-Rceq:1.32 tex:1 mv:95 misc:208 icu:0.00 pcu:20.00 scu:1540.00 tlayer:4 pbqpoffset:6.53 pbfactor:2.13 avgQpOffsetCutree:0.00;
in:390 out:391 type:B q:24.28 q-aq:23.08 q-noVbv:24.28 q-Rceq:1.32 tex:725 mv:497 misc:442 icu:0.00 pcu:110.00 scu:1450.00 tlayer:3 pbqpoffset:3.37 pbfactor:1.48 avgQpOffsetCutree:-1.75;
in:389 out:392 type:b q:27.24 q-aq:27.00 q-noVbv:27.24 q-Rceq:1.32 tex:2 mv:73 misc:205 icu:0.00 pcu:32.00 scu:1528.00 tlayer:4 pbqpoffset:6.13 pbfactor:2.03 avgQpOffsetCutree:0.00;
in:391 out:393 type:b q:27.11 q-aq:27.00 q-noVbv:27.11 q-Rceq:1.32 tex:0 mv:57 misc:207 icu:0.00 pcu:0.00 scu:1560.00 tlayer:4 pbqpoffset:6.39 pbfactor:2.09 avgQpOffsetCutree:0.00;
in:396 out:394 type:B q:22.26 q-aq:18.18 q-noVbv:22.26 q-Rceq:1.32 tex:6302 mv:1850 misc:1208 icu:4.25 pcu:285.00 scu:1270.75 tlayer:2 pbqpoffset:2.52 pbfactor:1.34 avgQpOffsetCutree:-3.49;
in:394 out:395 type:B q:23.32 q-aq:21.70 q-noVbv:23.32 q-Rceq:1.32 tex:1106 mv:581 misc:497 icu:0.00 pcu:115.00 scu:1445.00 tlayer:3 pbqpoffset:3.19 pbfactor:1.45 avgQpOffsetCutree:-1.78;
in:393 out:396 type:b q:26.58 q-aq:27.00 q-noVbv:26.58 q-Rceq:1.32 tex:1 mv:112 misc:207 icu:0.00 pcu:16.00 scu:1544.00 tlayer:4 pbqpoffset:6.26 pbfactor:2.06 avgQpOffsetCutree:0.00;
in:395 out:397 type:b q:25.73 q-aq:26.00 q-noVbv:25.73 q-Rceq:1.32 tex:0 mv:95 misc:201 icu:0.00 pcu:0.00 scu:1560.00 tlayer:4 pbqpoffset:5.79 pbfactor:1.95 avgQpOffsetCutree:0.00;
in:398 out:398 type:B q:22.59 q-aq:21.31 q-noVbv:22.59 q-Rceq:1.32 tex:665 mv:419 misc:404 icu:0.50 pcu:81.00 scu:1478.50 tlayer:3 pbqpoffset:3.24 pbfactor:1.45 avgQpOffsetCutree:-1.77;
in:397 out:399 type:b q:25.56 q-aq:26.00 q-noVbv:25.56 q-Rceq:1.32 tex:1 mv:71 misc:200 icu:0.00 pcu:16.00 scu:1544.00 tlayer:4 pbqpoffset:6.01 pbfactor:2.00 avgQpOffsetCutree:0.00;
in:399 out:400 type:b q:25.02 q-aq:25.00 q-noVbv:25.02 q-Rceq:1.32 tex:0 mv:70 misc:186 icu:0.00 pcu:0.00 scu:1560.00 tlayer:4 pbqpoffset:5.87 pbfactor:1.97 avgQpOffsetCutree:0.00;
in:416 out:401 type:k q:21.80 q-aq:15.73 q-noVbv:21.80 q-Rceq:1.32 tex:383602 mv:39643 misc:3355 icu:1541.75 pcu:18.25 scu:0.00 tlayer:0 pbqpoffset:0.36 pbfactor:1.04 avgQpOffsetCutree:-7.72;
in:408 out:402 type:B q:23.15 q-aq:17.90 q-noVbv:23.15 q-Rceq:1.32 tex:97696 mv:16296 misc:4240 icu:116.00 pcu:1149.25 scu:294.75 tlayer:1 pbqpoffset:2.77 pbfactor:1.38 avgQpOffsetCutree:-4.93;
in:404 out:403 type:B q:23.30 q-aq:19.39 q-noVbv:23.30 q-Rceq:1.32 tex:13275 mv:3237 misc:1712 icu:7.25 pcu:438.50 scu:1114.25 tlayer:2 pbqpoffset:3.63 pbfactor:1.52 avgQpOffsetCutree:-3.45;
in:402 out:404 type:B q:22.95 q-aq:21.47 q-noVbv:22.95 q-Rceq:1.32 tex:2385 mv:1140 misc:795 icu:0.00 pcu:185.75 scu:1374.25 tlayer:3 pbqpoffset:3.63 pbfactor:1.52 avgQpOffsetCutree:-1.77;
in:401 out:405 type:b q:25.77 q-aq:26.00 q-noVbv:25.77 q-Rceq:1.32 tex:0 mv:50 misc:190 icu:0.00 pcu:0.00 scu:1560.00 tlayer:4 pbqpoffset:6.63 pbfactor:2.15 avgQpOffsetCutree:0.00;
in:403 out:406 type:b q:26.12 q-aq:26.00 q-noVbv:26.12 q-Rceq:1.32 tex:0 mv:83 misc:205 icu:0.00 pcu:0.00 scu:1560.00 tlayer:4 pbqpoffset:6.63 pbfactor:2.15 avgQpOffsetCutree:0.00;
in:406 out:407 type:B q:23.66 q-aq:22.19 q-noVbv:23.66 q-Rceq:1.32 tex:2891 mv:970 misc:747 icu:0.50 pcu:166.75 scu:1392.75 tlayer:3 pbqpoffset:3.63 pbfactor:1.52 avgQpOffsetCutree:-1.77;
in:405 out:408 type:b q:26.48 q-aq:26.00 q-noVbv:26.48 q-Rceq:1.32 tex:79 mv:96 misc:225 icu:0.00 pcu:2.00 scu:1558.00 tlayer:4 pbqpoffset:6.63 pbfactor:2.15 avgQpOffsetCutree:0.00;
in:407 out:409 type:b q:26.83 q-aq:27.00 q-noVbv:26.83 q-Rceq:1.32 tex:0 mv:105 misc:231 icu:0.00 pcu:0.00 scu:1560.00 tlayer:4 pbqpoffset:6.63 pbfactor:2.15 avgQpOffsetCutree:0.00;
in:412 out:410 type:B q:24.61 q-aq:20.70 q-noVbv:24.61 q-Rceq:1.32 tex:65392 mv:5626 misc:4702 icu:8.00 pcu:1027.25 scu:524.75 tlayer:2 pbqpoffset:3.53 pbfactor:1.50 avgQpOffsetCutree:-3.60;
in:410 out:411 type:B q:24.37 q-aq:22.83 q-noVbv:24.37 q-Rceq:1.32 tex:2710 mv:1304 misc:874 icu:1.25 pcu:464.50 scu:1094.25 tlayer:3 pbqpoffset:3.63 pbfactor:1.52 avgQpOffsetCutree:-1.72;
in:409 out:412 type:b q:27.19 q-aq:27.00 q-noVbv:27.19 q-Rceq:1.32 tex:2 mv:120 misc:230 icu:0.00 pcu:20.00 scu:1540.00 tlayer:4 pbqpoffset:6.63 pbfactor:2.15 avgQpOffsetCutree:0.00;
in:411 out:413 type:b q:27.54 q-aq:28.00 q-noVbv:27.54 q-Rceq:1.32 tex:3 mv:195 misc:258 icu:0.00 pcu:37.00 scu:1523.00 tlayer:4 pbqpoffset:6.63 pbfactor:2.15 avgQpOffsetCutree:0.00;
in:414 out:414 type:B q:25.08 q-aq:23.12 q-noVbv:25.08 q-Rceq:1.32 tex:1433 mv:822 misc:737 icu:0.00 pcu:403.25 scu:1156.75 tlayer:3 pbqpoffset:3.63 pbfactor:1.52 avgQpOffsetCutree:-1.72;
in:413 out:415 type:b q:27.90 q-aq:28.00 q-noVbv:27.90 q-Rceq:1.32 tex:6 mv:177 misc:289 icu:0.00 pcu:84.00 scu:1476.00 tlayer:4 pbqpoffset:6.63 pbfactor:2.15 avgQpOffsetCutree:0.00;
in:415 out:416 type:b q:28.25 q-aq:28.00 q-noVbv:28.25 q-Rceq:1.32 tex:42 mv:104 misc:206 icu:0.00 pcu:48.00 scu:1512.00 tlayer:4 pbqpoffset:6.63 pbfactor:2.15 avgQpOffsetCutree:0.00;
in:432 out:417 type:k q:19.36 q-aq:12.28 q-noVbv:19.36 q-Rceq:1.32 tex:400818 mv:44479 misc:4167 icu:519.25 pcu:1017.00 scu:23.75 tlayer:0 pbqpoffset:1.31 pbfactor:1.16 avgQpOffsetCutree:-7.18;
in:424 out:418 type:B q:22.42 q-aq:16.52 q-noVbv:22.42 q-Rceq:1.32 tex:88232 mv:21231 misc:4809 icu:57.25 pcu:1281.00 scu:221.75 tlayer:1 pbqpoffset:1.84 pbfactor:1.24 avgQpOffsetCutree:-5.06;
in:420 out:419 type:B q:24.28 q-aq:20.10 q-noVbv:24.28 q-Rceq:1.32 tex:6221 mv:2799 misc:1420 icu:2.50 pcu:431.25 scu:1126.25 tlayer:2 pbqpoffset:3.09 pbfactor:1.43 avgQpOffsetCutree:-3.40;
in:418 out:420 type:B q:25.20 q-aq:23.72 q-noVbv:25.20 q-Rceq:1.32 tex:481 mv:599 misc:520 icu:0.00 pcu:146.75 scu:1413.25 tlayer:3 pbqpoffset:3.71 pbfactor:1.53 avgQpOffsetCutree:-1.74;
in:417 out:421 type:b q:28.35 q-aq:28.00 q-noVbv:28.35 q-Rceq:1.32 tex:1 mv:89 misc:198 icu:0.00 pcu:16.00 scu:1544.00 tlayer:4 pbqpoffset:6.71 pbfactor:2.17 avgQpOffsetCutree:0.00;
in:419 out:422 type:b q:28.05 q-aq:28.00 q-noVbv:28.05 q-Rceq:1.32 tex:1 mv:98 misc:197 icu:0.00 pcu:4.00 scu:1556.00 tlayer:4 pbqpoffset:6.71 pbfactor:2.17 avgQpOffsetCutree:0.00;
in:422 out:423 type:B q:24.59 q-aq:22.87 q-noVbv:24.59 q-Rceq:1.32 tex:936 mv:715 misc:501 icu:0.00 pcu:127.25 scu:1432.75 tlayer:3 pbqpoffset:3.71 pbfactor:1.53 avgQpOffsetCutree:-1.76;
in:421 out:424 type:b q:27.74 q-aq:28.00 q-noVbv:27.74 q-Rceq:1.32 tex:0 mv:96 misc:200 icu:0.00 pcu:0.00 scu:1560.00 tlayer:4 pbqpoffset:6.71 pbfactor:2.17 avgQpOffsetCutree:0.00;
in:423 out:425 type:b q:27.44 q-aq:27.00 q-noVbv:27.44 q-Rceq:1.32 tex:1 mv:85 misc:202 icu:0.00 pcu:16.00 scu:1544.00 tlayer:4 pbqpoffset:6.71 pbfactor:2.17 avgQpOffsetCutree:0.00;
in:428 out:426 type:B q:22.69 q-aq:18.51 q-noVbv:22.69 q-Rceq:1.32 tex:12435 mv:3769 misc:1804 icu:6.25 pcu:394.50 scu:1159.25 tlayer:2 pbqpoffset:2.72 pbfactor:1.37 avgQpOffsetCutree:-3.41;
in:426 out:427 type:B q:23.98 q-aq:22.33 q-noVbv:23.98 q-Rceq:1.32 tex:1163 mv:750 misc:623 icu:0.00 pcu:127.00 scu:1433.00 tlayer:3 pbqpoffset:3.71 pbfactor:1.53 avgQpOffsetCutree:-1.75;
in:425 out:428 type:b q:27.13 q-aq:27.00 q-noVbv:27.13 q-Rceq:1.32 tex:5 mv:168 misc:251 icu:0.00 pcu:44.00 scu:1516.00 tlayer:4 pbqpoffset:6.71 pbfactor:2.17 avgQpOffsetCutree:0.00;
in:427 out:429 type:b q:26.83 q-aq:27.00 q-noVbv:26.83 q-Rceq:1.32 tex:55 mv:201 misc:256 icu:0.00 pcu:44.00 scu:1516.00 tlayer:4 pbqpoffset:6.71 pbfactor:2.17 avgQpOffsetCutree:0.00;
in:430 out:430 type:B q:23.31 q-aq:21.83 q-noVbv:23.31 q-Rceq:1.32 tex:2209 mv:923 misc:812 icu:4.00 pcu:137.25 scu:1418.75 tlayer:3 pbqpoffset:3.65 pbfactor:1.52 avgQpOffsetCutree:-1.72;
in:429 out:431 type:b q:26.04 q-aq:26.00 q-noVbv:26.04 q-Rceq:1.32 tex:2 mv:146 misc:204 icu:0.00 pcu:32.00 scu:1528.00 tlayer:4 pbqpoffset:6.22 pbfactor:2.05 avgQpOffsetCutree:0.00;
in:431 out:432 type:b q:25.80 q-aq:26.00 q-noVbv:25.80 q-Rceq:1.32 tex:100 mv:187 misc:225 icu:0.00 pcu:44.00 scu:1516.00 tlayer:4 pbqpoffset:6.29 pbfactor:2.07 avgQpOffsetCutree:0.00;
in:448 out:433 type:k q:21.97 q-aq:16.66 q-noVbv:21.97 q-Rceq:1.32 tex:335573 mv:37135 misc:3420 icu:1546.50 pcu:13.50 scu:0.00 tlayer:0 pbqpoffset:0.17 pbfactor:1.02 avgQpOffsetCutree:-6.92;
in:440 out:434 type:B q:23.01 q-aq:18.21 q-noVbv:23.01 q-Rceq:1.32 tex:105077 mv:16860 misc:3919 icu:211.75 pcu:998.50 scu:349.75 tlayer:1 pbqpoffset:2.34 pbfactor:1.31 avgQpOffsetCutree:-4.75;
in:436 out:435 type:B q:23.71 q-aq:20.04 q-noVbv:23.71 q-Rceq:1.32 tex:12889 mv:3525 misc:2050 icu:10.50 pcu:431.00 scu:1118.50 tlayer:2 pbqpoffset:3.70 pbfactor:1.53 avgQpOffsetCutree:-3.42;
in:434 out:436 type:B q:23.38 q-aq:21.80 q-noVbv:23.38 q-Rceq:1.32 tex:3233 mv:1322 misc:1101 icu:0.25 pcu:196.50 scu:1363.25 tlayer:3 pbqpoffset:3.70 pbfactor:1.53 avgQpOffsetCutree:-1.75;
in:433 out:437 type:b q:26.22 q-aq:26.00 q-noVbv:26.22 q-Rceq:1.32 tex:14 mv:244 misc:254 icu:0.00 pcu:52.00 scu:1508.00 tlayer:4 pbqpoffset:6.70 pbfactor:2.17 avgQpOffsetCutree:0.00;
in:435 out:438 type:b q:26.55 q-aq:27.00 q-noVbv:26.55 q-Rceq:1.32 tex:6 mv:236 misc:254 icu:0.00 pcu:49.00 scu:1511.00 tlayer:4 pbqpoffset:6.70 pbfactor:2.17 avgQpOffsetCutree:0.00;
in:438 out:439 type:B q:24.04 q-aq:22.60 q-noVbv:24.04 q-Rceq:1.32 tex:4379 mv:1886 misc:1183 icu:3.75 pcu:244.00 scu:1312.25 tlayer:3 pbqpoffset:3.70 pbfactor:1.53 avgQpOffsetCutree:-1.73;
in:437 out:440 type:b q:26.87 q-aq:27.00 q-noVbv:26.87 q-Rceq:1.32 tex:179 mv:261 misc:256 icu:0.00 pcu:122.00 scu:1438.00 tlayer:4 pbqpoffset:6.70 pbfactor:2.17 avgQpOffsetCutree:0.00;
in:439 out:441 type:b q:27.20 q-aq:27.41 q-noVbv:27.20 q-Rceq:1.32 tex:310 mv:435 misc:359 icu:0.00 pcu:98.25 scu:1461.75 tlayer:4 pbqpoffset:6.70 pbfactor:2.17 avgQpOffsetCutree:0.00;
in:444 out:442 type:B q:24.21 q-aq:20.89 q-noVbv:24.21 q-Rceq:1.32 tex:69192 mv:7323 misc:3909 icu:66.75 pcu:1017.75 scu:475.50 tlayer:2 pbqpoffset:2.89 pbfactor:1.40 avgQpOffsetCutree:-3.32;
in:442 out:443 type:B q:24.69 q-aq:23.44 q-noVbv:24.69 q-Rceq:1.32 tex:9223 mv:2989 misc:1444 icu:27.25 pcu:390.00 scu:1142.75 tlayer:3 pbqpoffset:3.70 pbfactor:1.53 avgQpOffsetCutree:-1.67;
in:441 out:444 type:b q:27.53 q-aq:28.00 q-noVbv:27.53 q-Rceq:1.32 tex:549 mv:470 misc:333 icu:6.00 pcu:83.50 scu:1470.50 tlayer:4 pbqpoffset:6.70 pbfactor:2.17 avgQpOffsetCutree:0.00;
in:443 out:445 type:b q:27.86 q-aq:28.00 q-noVbv:27.86 q-Rceq:1.32 tex:256 mv:430 misc:362 icu:0.00 pcu:89.75 scu:1470.25 tlayer:4 pbqpoffset:6.70 pbfactor:2.17 avgQpOffsetCutree:0.00;
in:446 out:446 type:B q:25.35 q-aq:24.03 q-noVbv:25.35 q-Rceq:1.32 tex:8562 mv:2854 misc:1360 icu:22.00 pcu:434.50 scu:1103.50 tlayer:3 pbqpoffset:3.70 pbfactor:1.53 avgQpOffsetCutree:-1.64;
in:445 out:447 type:b q:28.18 q-aq:28.12 q-noVbv:28.18 q-Rceq:1.32 tex:567 mv:616 misc:433 icu:0.25 pcu:164.25 scu:1395.50 tlayer:4 pbqpoffset:6.70 pbfactor:2.17 avgQpOffsetCutree:0.00;
in:447 out:448 type:b q:28.51 q-aq:29.00 q-noVbv:28.51 q-Rceq:1.32 tex:963 mv:716 misc:417 icu:1.25 pcu:149.00 scu:1409.75 tlayer:4 pbqpoffset:6.70 pbfactor:2.17 avgQpOffsetCutree:0.00;
in:464 out:449 type:k q:21.42 q-aq:15.40 q-noVbv:21.42 q-Rceq:1.32 tex:295643 mv:34007 misc:4286 icu:689.25 pcu:822.25 scu:48.50 tlayer:0 pbqpoffset:1.27 pbfactor:1.16 avgQpOffsetCutree:-6.43;
in:456 out:450 type:B q:23.70 q-aq:18.88 q-noVbv:23.70 q-Rceq:1.32 tex:89210 mv:15525 misc:3649 icu:345.00 pcu:977.00 scu:238.00 tlayer:1 pbqpoffset:2.00 pbfactor:1.26 avgQpOffsetCutree:-4.61;
in:452 out:451 type:B q:24.32 q-aq:21.13 q-noVbv:24.32 q-Rceq:1.32 tex:26146 mv:5616 misc:1966 icu:55.75 pcu:600.75 scu:903.50 tlayer:2 pbqpoffset:2.49 pbfactor:1.33 avgQpOffsetCutree:-3.14;
in:450 out:452 type:B q:25.53 q-aq:24.09 q-noVbv:25.53 q-Rceq:1.32 tex:9810 mv:2998 misc:1328 icu:27.50 pcu:350.50 scu:1182.00 tlayer:3 pbqpoffset:3.63 pbfactor:1.52 avgQpOffsetCutree:-1.69;
in:449 out:453 type:b q:28.81 q-aq:29.00 q-noVbv:28.81 q-Rceq:1.32 tex:1401 mv:857 misc:534 icu:7.75 pcu:109.00 scu:1443.25 tlayer:4 pbqpoffset:6.87 pbfactor:2.21 avgQpOffsetCutree:0.00;
in:451 out:454 type:b q:28.74 q-aq:29.00 q-noVbv:28.74 q-Rceq:1.32 tex:859 mv:829 misc:512 icu:6.00 pcu:211.00 scu:1343.00 tlayer:4 pbqpoffset:6.87 pbfactor:2.21 avgQpOffsetCutree:0.00;
in:454 out:455 type:B q:24.97 q-aq:23.72 q-noVbv:24.97 q-Rceq:1.32 tex:11659 mv:3105 misc:1412 icu:15.00 pcu:344.50 scu:1200.50 tlayer:3 pbqpoffset:3.21 pbfactor:1.45 avgQpOffsetCutree:-1.67;
in:453 out:456 type:b q:28.67 q-aq:29.00 q-noVbv:28.67 q-Rceq:1.32 tex:1417 mv:933 misc:498 icu:6.25 pcu:112.75 scu:1441.00 tlayer:4 pbqpoffset:6.87 pbfactor:2.21 avgQpOffsetCutree:0.00;
in:455 out:457 type:b q:28.60 q-aq:29.00 q-noVbv:28.60 q-Rceq:1.32 tex:1423 mv:791 misc:482 icu:1.25 pcu:95.50 scu:1463.25 tlayer:4 pbqpoffset:6.87 pbfactor:2.21 avgQpOffsetCutree:0.00;
in:460 out:458 type:B q:23.74 q-aq:20.41 q-noVbv:23.74 q-Rceq:1.32 tex:33700 mv:7243 misc:2321 icu:89.00 pcu:570.25 scu:900.75 tlayer:2 pbqpoffset:2.18 pbfactor:1.29 avgQpOffsetCutree:-3.19;
in:458 out:459 type:B q:24.88 q-aq:23.43 q-noVbv:24.88 q-Rceq:1.32 tex:11996 mv:3293 misc:1351 icu:38.50 pcu:346.75 scu:1174.75 tlayer:3 pbqpoffset:3.25 pbfactor:1.46 avgQpOffsetCutree:-1.67;
in:457 out:460 type:b q:28.53 q-aq:29.00 q-noVbv:28.53 q-Rceq:1.32 tex:1922 mv:1145 misc:597 icu:5.00 pcu:135.00 scu:1420.00 tlayer:4 pbqpoffset:6.87 pbfactor:2.21 avgQpOffsetCutree:0.00;
in:459 out:461 type:b q:28.18 q-aq:28.03 q-noVbv:28.18 q-Rceq:1.32 tex:984 mv:755 misc:517 icu:0.00 pcu:176.25 scu:1383.75 tlayer:4 pbqpoffset:6.58 pbfactor:2.14 avgQpOffsetCutree:0.00;
in:462 out:462 type:B q:24.67 q-aq:23.40 q-noVbv:24.67 q-Rceq:1.32 tex:12422 mv:2982 misc:1452 icu:19.25 pcu:363.50 scu:1177.25 tlayer:3 pbqpoffset:3.18 pbfactor:1.44 avgQpOffsetCutree:-1.66;
in:461 out:463 type:b q:27.79 q-aq:28.11 q-noVbv:27.79 q-Rceq:1.32 tex:2001 mv:1136 misc:607 icu:3.75 pcu:128.00 scu:1428.25 tlayer:4 pbqpoffset:6.26 pbfactor:2.06 avgQpOffsetCutree:0.00;
in:463 out:464 type:b q:27.82 q-aq:28.00 q-noVbv:27.82 q-Rceq:1.32 tex:1938 mv:784 misc:614 icu:1.00 pcu:119.50 scu:1439.50 tlayer:4 pbqpoffset:6.36 pbfactor:2.08 avgQpOffsetCutree:0.00;
in:480 out:465 type:k q:22.28 q-aq:17.04 q-noVbv:22.28 q-Rceq:1.32 tex:320636 mv:32428 misc:3376 icu:1550.75 pcu:9.25 scu:0.00 tlayer:0 pbqpoffset:0.30 pbfactor:1.04 avgQpOffsetCutree:-6.81;
in:472 out:466 type:B q:23.84 q-aq:19.24 q-noVbv:23.84 q-Rceq:1.32 tex:107927 mv:16785 misc:3584 icu:314.25 pcu:1022.50 scu:223.25 tlayer:1 pbqpoffset:1.98 pbfactor:1.26 avgQpOffsetCutree:-4.71;
in:468 out:467 type:B q:25.23 q-aq:21.73 q-noVbv:25.23 q-Rceq:1.32 tex:27909 mv:5551 misc:2300 icu:73.25 pcu:583.25 scu:903.50 tlayer:2 pbqpoffset:3.59 pbfactor:1.51 avgQpOffsetCutree:-3.19;
in:466 out:468 type:B q:25.38 q-aq:24.16 q-noVbv:25.38 q-Rceq:1.32 tex:11596 mv:4167 misc:1517 icu:29.25 pcu:413.75 scu:1117.00 tlayer:3 pbqpoffset:3.85 pbfactor:1.56 avgQpOffsetCutree:-1.64;
in:465 out:469 type:b q:28.33 q-aq:28.06 q-noVbv:28.33 q-Rceq:1.32 tex:1797 mv:1020 misc:599 icu:4.25 pcu:213.75 scu:1342.00 tlayer:4 pbqpoffset:6.85 pbfactor:2.21 avgQpOffsetCutree:0.00;
in:467 out:470 type:b q:28.43 q-aq:28.46 q-noVbv:28.43 q-Rceq:1.32 tex:1248 mv:703 misc:537 icu:0.75 pcu:132.75 scu:1426.50 tlayer:4 pbqpoffset:6.85 pbfactor:2.21 avgQpOffsetCutree:0.00;
in:470 out:471 type:B q:25.59 q-aq:24.62 q-noVbv:25.59 q-Rceq:1.32 tex:11343 mv:2970 misc:1143 icu:23.75 pcu:399.00 scu:1137.25 tlayer:3 pbqpoffset:3.85 pbfactor:1.56 avgQpOffsetCutree:-1.68;
in:469 out:472 type:b q:28.54 q-aq:29.00 q-noVbv:28.54 q-Rceq:1.32 tex:999 mv:939 misc:606 icu:1.00 pcu:150.75 scu:1408.25 tlayer:4 pbqpoffset:6.85 pbfactor:2.21 avgQpOffsetCutree:0.00;
in:471 out:473 type:b q:28.65 q-aq:29.00 q-noVbv:28.65 q-Rceq:1.32 tex:1105 mv:872 misc:543 icu:0.25 pcu:137.75 scu:1422.00 tlayer:4 pbqpoffset:6.85 pbfactor:2.21 avgQpOffsetCutree:0.00;
in:476 out:474 type:B q:24.94 q-aq:21.42 q-noVbv:24.94 q-Rceq:1.32 tex:66968 mv:7966 misc:3602 icu:64.50 pcu:1161.25 scu:334.25 tlayer:2 pbqpoffset:2.87 pbfactor:1.39 avgQpOffsetCutree:-3.29;
in:474 out:475 type:B q:25.81 q-aq:24.57 q-noVbv:25.81 q-Rceq:1.32 tex:9469 mv:3045 misc:1454 icu:22.50 pcu:491.50 scu:1046.00 tlayer:3 pbqpoffset:3.85 pbfactor:1.56 avgQpOffsetCutree:-1.65;
in:473 out:476 type:b q:28.76 q-aq:29.00 q-noVbv:28.76 q-Rceq:1.32 tex:554 mv:645 misc:465 icu:0.00 pcu:40.25 scu:1519.75 tlayer:4 pbqpoffset:6.85 pbfactor:2.21 avgQpOffsetCutree:0.00;
in:475 out:477 type:b q:28.86 q-aq:29.00 q-noVbv:28.86 q-Rceq:1.32 tex:486 mv:595 misc:463 icu:3.00 pcu:54.50 scu:1502.50 tlayer:4 pbqpoffset:6.85 pbfactor:2.21 avgQpOffsetCutree:0.00;
in:478 out:478 type:B q:26.02 q-aq:24.59 q-noVbv:26.02 q-Rceq:1.32 tex:9187 mv:2960 misc:1445 icu:14.25 pcu:364.50 scu:1181.25 tlayer:3 pbqpoffset:3.85 pbfactor:1.56 avgQpOffsetCutree:-1.68;
in:477 out:479 type:b q:28.97 q-aq:29.00 q-noVbv:28.97 q-Rceq:1.32 tex:265 mv:617 misc:382 icu:0.00 pcu:87.50 scu:1472.50 tlayer:4 pbqpoffset:6.85 pbfactor:2.21 avgQpOffsetCutree:0.00;
in:479 out:480 type:b q:29.08 q-aq:29.01 q-noVbv:29.08 q-Rceq:1.32 tex:434 mv:668 misc:450 icu:1.50 pcu:29.75 scu:1528.75 tlayer:4 pbqpoffset:6.85 pbfactor:2.21 avgQpOffsetCutree:0.00;
in:496 out:481 type:k q:23.27 q-aq:17.58 q-noVbv:23.27 q-Rceq:1.32 tex:180199 mv:28010 misc:4791 icu:520.00 pcu:932.50 scu:107.50 tlayer:0 pbqpoffset:1.24 pbfactor:1.15 avgQpOffsetCutree:-5.67;
in:488 out:482 type:B q:24.65 q-aq:19.32 q-noVbv:24.65 q-Rceq:1.32 tex:70951 mv:16681 misc:4192 icu:250.75 pcu:1044.50 scu:264.75 tlayer:1 pbqpoffset:1.87 pbfactor:1.24 avgQpOffsetCutree:-4.85;
in:484 out:483 type:B q:24.85 q-aq:21.78 q-noVbv:24.85 q-Rceq:1.32 tex:18270 mv:4799 misc:1835 icu:64.75 pcu:480.50 scu:1014.75 tlayer:2 pbqpoffset:2.32 pbfactor:1.31 avgQpOffsetCutree:-3.20;
in:482 out:484 type:B q:25.47 q-aq:24.42 q-noVbv:25.47 q-Rceq:1.32 tex:7286 mv:2431 misc:1307 icu:10.50 pcu:241.50 scu:1308.00 tlayer:3 pbqpoffset:3.06 pbfactor:1.42 avgQpOffsetCutree:-1.70;
in:481 out:485 type:b q:28.77 q-aq:29.00 q-noVbv:28.77 q-Rceq:1.32 tex:414 mv:400 misc:434 icu:0.00 pcu:24.75 scu:1535.25 tlayer:4 pbqpoffset:6.42 pbfactor:2.10 avgQpOffsetCutree:0.00;
in:483 out:486 type:b q:28.93 q-aq:29.00 q-noVbv:28.93 q-Rceq:1.32 tex:645 mv:564 misc:447 icu:0.75 pcu:85.75 scu:1473.50 tlayer:4 pbqpoffset:6.46 pbfactor:2.11 avgQpOffsetCutree:0.00;
in:486 out:487 type:B q:26.25 q-aq:24.84 q-noVbv:26.25 q-Rceq:1.32 tex:5791 mv:1818 misc:983 icu:16.00 pcu:212.50 scu:1331.50 tlayer:3 pbqpoffset:3.60 pbfactor:1.52 avgQpOffsetCutree:-1.72;
in:485 out:488 type:b q:29.33 q-aq:29.18 q-noVbv:29.33 q-Rceq:1.32 tex:419 mv:556 misc:417 icu:4.75 pcu:104.75 scu:1450.50 tlayer:4 pbqpoffset:6.74 pbfactor:2.18 avgQpOffsetCutree:0.00;
in:487 out:489 type:b q:29.45 q-aq:29.32 q-noVbv:29.45 q-Rceq:1.32 tex:126 mv:326 misc:348 icu:0.00 pcu:35.25 scu:1524.75 tlayer:4 pbqpoffset:6.74 pbfactor:2.18 avgQpOffsetCutree:0.00;
in:492 out:490 type:B q:25.63 q-aq:22.60 q-noVbv:25.63 q-Rceq:1.32 tex:13080 mv:4547 misc:1765 icu:15.75 pcu:451.75 scu:1092.50 tlayer:2 pbqpoffset:2.61 pbfactor:1.35 avgQpOffsetCutree:-3.35;
in:490 out:491 type:B q:26.57 q-aq:24.91 q-noVbv:26.57 q-Rceq:1.32 tex:3130 mv:1352 misc:870 icu:7.25 pcu:179.00 scu:1373.75 tlayer:3 pbqpoffset:3.67 pbfactor:1.53 avgQpOffsetCutree:-1.76;
in:489 out:492 type:b q:29.58 q-aq:30.00 q-noVbv:29.58 q-Rceq:1.32 tex:84 mv:253 misc:263 icu:0.00 pcu:60.00 scu:1500.00 tlayer:4 pbqpoffset:6.74 pbfactor:2.18 avgQpOffsetCutree:0.00;
in:491 out:493 type:b q:29.70 q-aq:30.00 q-noVbv:29.70 q-Rceq:1.32 tex:18 mv:178 misc:228 icu:0.00 pcu:49.00 scu:1511.00 tlayer:4 pbqpoffset:6.74 pbfactor:2.18 avgQpOffsetCutree:0.00;
in:494 out:494 type:B q:26.78 q-aq:25.83 q-noVbv:26.78 q-Rceq:1.32 tex:2137 mv:1278 misc:785 icu:2.00 pcu:202.00 scu:1356.00 tlayer:3 pbqpoffset:3.63 pbfactor:1.52 avgQpOffsetCutree:-1.71;
in:493 out:495 type:b q:29.82 q-aq:30.12 q-noVbv:29.82 q-Rceq:1.32 tex:78 mv:260 misc:278 icu:0.00 pcu:39.00 scu:1521.00 tlayer:4 pbqpoffset:6.74 pbfactor:2.18 avgQpOffsetCutree:0.00;
in:495 out:496 type:b q:29.95 q-aq:30.00 q-noVbv:29.95 q-Rceq:1.32 tex:54 mv:153 misc:225 icu:0.00 pcu:18.00 scu:1542.00 tlayer:4 pbqpoffset:6.74 pbfactor:2.18 avgQpOffsetCutree:0.00;
in:499 out:497 type:k q:22.98 q-aq:21.17 q-noVbv:22.98 q-Rceq:1.32 tex:18844 mv:6296 misc:2164 icu:20.00 pcu:843.75 scu:696.25 tlayer:0 pbqpoffset:0.70 pbfactor:1.08 avgQpOffsetCutree:-1.47;
in:498 out:498 type:B q:24.39 q-aq:24.00 q-noVbv:24.39 q-Rceq:1.32 tex:1413 mv:2256 misc:835 icu:1.50 pcu:647.50 scu:911.00 tlayer:1 pbqpoffset:1.31 pbfactor:1.16 avgQpOffsetCutree:-1.00;
in:497 out:499 type:b q:25.62 q-aq:26.00 q-noVbv:25.62 q-Rceq:1.32 tex:52 mv:201 misc:251 icu:0.00 pcu:51.25 scu:1508.75 tlayer:2 pbqpoffset:2.45 pbfactor:1.33 avgQpOffsetCutree:0.00;
